<?xml version="1.0" encoding="UTF-8"?>
<testsuite xmlns:xsi="http://www.w3.org/2001/XMLSchema-instance" xsi:noNamespaceSchemaLocation="https://maven.apache.org/surefire/maven-surefire-plugin/xsd/surefire-test-report-3.0.xsd" version="3.0" name="org.apache.hadoop.fs.ozone.TestRootedOzoneFileSystemWithFSO" time="146.011" tests="106" errors="1" skipped="16" failures="1">
  <properties>
    <property name="awt.toolkit" value="sun.awt.X11.XToolkit"/>
    <property name="file.encoding.pkg" value="sun.io"/>
    <property name="java.specification.version" value="1.8"/>
    <property name="sun.cpu.isalist" value=""/>
    <property name="sun.jnu.encoding" value="UTF-8"/>
    <property name="java.class.path" value="/home/runner/work/ozone/ozone/hadoop-ozone/integration-test/target/test-classes:/home/runner/work/ozone/ozone/hadoop-ozone/integration-test/target/classes:/home/runner/.m2/repository/org/apache/ozone/ozone-common/1.4.0-SNAPSHOT/ozone-common-1.4.0-SNAPSHOT.jar:/home/runner/.m2/repository/io/grpc/grpc-netty/1.51.1/grpc-netty-1.51.1.jar:/home/runner/.m2/repository/io/grpc/grpc-core/1.51.1/grpc-core-1.51.1.jar:/home/runner/.m2/repository/com/google/android/annotations/4.1.1.4/annotations-4.1.1.4.jar:/home/runner/.m2/repository/org/codehaus/mojo/animal-sniffer-annotations/1.21/animal-sniffer-annotations-1.21.jar:/home/runner/.m2/repository/com/google/errorprone/error_prone_annotations/2.2.0/error_prone_annotations-2.2.0.jar:/home/runner/.m2/repository/io/perfmark/perfmark-api/0.25.0/perfmark-api-0.25.0.jar:/home/runner/.m2/repository/io/netty/netty-codec-http2/4.1.86.Final/netty-codec-http2-4.1.86.Final.jar:/home/runner/.m2/repository/io/netty/netty-common/4.1.86.Final/netty-common-4.1.86.Final.jar:/home/runner/.m2/repository/io/netty/netty-buffer/4.1.86.Final/netty-buffer-4.1.86.Final.jar:/home/runner/.m2/repository/io/netty/netty-codec-http/4.1.86.Final/netty-codec-http-4.1.86.Final.jar:/home/runner/.m2/repository/io/netty/netty-handler-proxy/4.1.86.Final/netty-handler-proxy-4.1.86.Final.jar:/home/runner/.m2/repository/io/netty/netty-codec-socks/4.1.86.Final/netty-codec-socks-4.1.86.Final.jar:/home/runner/.m2/repository/io/netty/netty-tcnative-boringssl-static/2.0.54.Final/netty-tcnative-boringssl-static-2.0.54.Final.jar:/home/runner/.m2/repository/io/netty/netty-tcnative-classes/2.0.54.Final/netty-tcnative-classes-2.0.54.Final.jar:/home/runner/.m2/repository/io/netty/netty-tcnative-boringssl-static/2.0.54.Final/netty-tcnative-boringssl-static-2.0.54.Final-linux-x86_64.jar:/home/runner/.m2/repository/io/netty/netty-tcnative-boringssl-static/2.0.54.Final/netty-tcnative-boringssl-static-2.0.54.Final-linux-aarch_64.jar:/home/runner/.m2/repository/io/netty/netty-tcnative-boringssl-static/2.0.54.Final/netty-tcnative-boringssl-static-2.0.54.Final-osx-x86_64.jar:/home/runner/.m2/repository/io/netty/netty-tcnative-boringssl-static/2.0.54.Final/netty-tcnative-boringssl-static-2.0.54.Final-osx-aarch_64.jar:/home/runner/.m2/repository/io/netty/netty-tcnative-boringssl-static/2.0.54.Final/netty-tcnative-boringssl-static-2.0.54.Final-windows-x86_64.jar:/home/runner/.m2/repository/org/apache/commons/commons-compress/1.21/commons-compress-1.21.jar:/home/runner/.m2/repository/org/apache/ozone/hdds-common/1.4.0-SNAPSHOT/hdds-common-1.4.0-SNAPSHOT.jar:/home/runner/.m2/repository/org/apache/ozone/hdds-client/1.4.0-SNAPSHOT/hdds-client-1.4.0-SNAPSHOT.jar:/home/runner/.m2/repository/org/apache/ozone/ozone-interface-client/1.4.0-SNAPSHOT/ozone-interface-client-1.4.0-SNAPSHOT.jar:/home/runner/.m2/repository/org/apache/hadoop/hadoop-hdfs-client/3.3.5/hadoop-hdfs-client-3.3.5.jar:/home/runner/.m2/repository/com/squareup/okhttp3/okhttp/4.9.3/okhttp-4.9.3.jar:/home/runner/.m2/repository/com/squareup/okio/okio/2.8.0/okio-2.8.0.jar:/home/runner/.m2/repository/org/jetbrains/kotlin/kotlin-stdlib-common/1.6.21/kotlin-stdlib-common-1.6.21.jar:/home/runner/.m2/repository/org/apache/ozone/hdds-test-utils/1.4.0-SNAPSHOT/hdds-test-utils-1.4.0-SNAPSHOT.jar:/home/runner/.m2/repository/com/google/guava/guava/32.0.0-jre/guava-32.0.0-jre.jar:/home/runner/.m2/repository/com/google/guava/failureaccess/1.0.1/failureaccess-1.0.1.jar:/home/runner/.m2/repository/com/google/guava/listenablefuture/9999.0-empty-to-avoid-conflict-with-guava/listenablefuture-9999.0-empty-to-avoid-conflict-with-guava.jar:/home/runner/.m2/repository/com/google/code/findbugs/jsr305/3.0.0/jsr305-3.0.0.jar:/home/runner/.m2/repository/org/checkerframework/checker-qual/3.33.0/checker-qual-3.33.0.jar:/home/runner/.m2/repository/com/google/j2objc/j2objc-annotations/2.8/j2objc-annotations-2.8.jar:/home/runner/.m2/repository/commons-io/commons-io/2.11.0/commons-io-2.11.0.jar:/home/runner/.m2/repository/commons-logging/commons-logging/1.2/commons-logging-1.2.jar:/home/runner/.m2/repository/ch/qos/reload4j/reload4j/1.2.22/reload4j-1.2.22.jar:/home/runner/.m2/repository/org/slf4j/slf4j-api/1.7.36/slf4j-api-1.7.36.jar:/home/runner/.m2/repository/org/apache/ozone/hdds-server-scm/1.4.0-SNAPSHOT/hdds-server-scm-1.4.0-SNAPSHOT.jar:/home/runner/.m2/repository/org/apache/ozone/hdds-container-service/1.4.0-SNAPSHOT/hdds-container-service-1.4.0-SNAPSHOT.jar:/home/runner/.m2/repository/org/apache/ozone/hdds-hadoop-dependency-server/1.4.0-SNAPSHOT/hdds-hadoop-dependency-server-1.4.0-SNAPSHOT.jar:/home/runner/.m2/repository/org/apache/hadoop/hadoop-hdfs/3.3.5/hadoop-hdfs-3.3.5.jar:/home/runner/.m2/repository/commons-daemon/commons-daemon/1.0.13/commons-daemon-1.0.13.jar:/home/runner/.m2/repository/org/apache/ozone/hdds-server-framework/1.4.0-SNAPSHOT/hdds-server-framework-1.4.0-SNAPSHOT.jar:/home/runner/.m2/repository/io/dropwizard/metrics/metrics-core/3.2.4/metrics-core-3.2.4.jar:/home/runner/.m2/repository/org/apache/commons/commons-text/1.10.0/commons-text-1.10.0.jar:/home/runner/.m2/repository/org/bouncycastle/bcprov-jdk15on/1.67/bcprov-jdk15on-1.67.jar:/home/runner/.m2/repository/com/google/protobuf/protobuf-java/2.5.0/protobuf-java-2.5.0.jar:/home/runner/.m2/repository/org/apache/ozone/hdds-server-framework/1.4.0-SNAPSHOT/hdds-server-framework-1.4.0-SNAPSHOT-tests.jar:/home/runner/.m2/repository/org/apache/ozone/hdds-interface-server/1.4.0-SNAPSHOT/hdds-interface-server-1.4.0-SNAPSHOT.jar:/home/runner/.m2/repository/org/apache/ozone/hdds-interface-admin/1.4.0-SNAPSHOT/hdds-interface-admin-1.4.0-SNAPSHOT.jar:/home/runner/.m2/repository/org/apache/ozone/hdds-managed-rocksdb/1.4.0-SNAPSHOT/hdds-managed-rocksdb-1.4.0-SNAPSHOT.jar:/home/runner/.m2/repository/org/rocksdb/rocksdbjni/7.7.3/rocksdbjni-7.7.3.jar:/home/runner/.m2/repository/org/slf4j/slf4j-reload4j/1.7.36/slf4j-reload4j-1.7.36.jar:/home/runner/.m2/repository/org/apache/commons/commons-configuration2/2.1.1/commons-configuration2-2.1.1.jar:/home/runner/.m2/repository/commons-fileupload/commons-fileupload/1.5/commons-fileupload-1.5.jar:/home/runner/.m2/repository/org/apache/logging/log4j/log4j-core/2.17.1/log4j-core-2.17.1.jar:/home/runner/.m2/repository/com/lmax/disruptor/3.4.2/disruptor-3.4.2.jar:/home/runner/.m2/repository/org/eclipse/jetty/jetty-util/9.4.51.v20230217/jetty-util-9.4.51.v20230217.jar:/home/runner/.m2/repository/org/eclipse/jetty/jetty-server/9.4.51.v20230217/jetty-server-9.4.51.v20230217.jar:/home/runner/.m2/repository/org/eclipse/jetty/jetty-http/9.4.51.v20230217/jetty-http-9.4.51.v20230217.jar:/home/runner/.m2/repository/org/eclipse/jetty/jetty-io/9.4.51.v20230217/jetty-io-9.4.51.v20230217.jar:/home/runner/.m2/repository/org/eclipse/jetty/jetty-servlet/9.4.51.v20230217/jetty-servlet-9.4.51.v20230217.jar:/home/runner/.m2/repository/org/eclipse/jetty/jetty-security/9.4.51.v20230217/jetty-security-9.4.51.v20230217.jar:/home/runner/.m2/repository/org/eclipse/jetty/jetty-util-ajax/9.4.51.v20230217/jetty-util-ajax-9.4.51.v20230217.jar:/home/runner/.m2/repository/org/eclipse/jetty/jetty-webapp/9.4.51.v20230217/jetty-webapp-9.4.51.v20230217.jar:/home/runner/.m2/repository/org/eclipse/jetty/jetty-xml/9.4.51.v20230217/jetty-xml-9.4.51.v20230217.jar:/home/runner/.m2/repository/org/apache/ratis/ratis-server/2.5.1/ratis-server-2.5.1.jar:/home/runner/.m2/repository/org/apache/ratis/ratis-thirdparty-misc/1.0.4/ratis-thirdparty-misc-1.0.4.jar:/home/runner/.m2/repository/org/apache/ratis/ratis-proto/2.5.1/ratis-proto-2.5.1.jar:/home/runner/.m2/repository/org/apache/ratis/ratis-common/2.5.1/ratis-common-2.5.1.jar:/home/runner/.m2/repository/org/apache/ratis/ratis-client/2.5.1/ratis-client-2.5.1.jar:/home/runner/.m2/repository/org/apache/ratis/ratis-server-api/2.5.1/ratis-server-api-2.5.1.jar:/home/runner/.m2/repository/org/apache/ratis/ratis-metrics/2.5.1/ratis-metrics-2.5.1.jar:/home/runner/.m2/repository/io/prometheus/simpleclient_dropwizard/0.7.0/simpleclient_dropwizard-0.7.0.jar:/home/runner/.m2/repository/io/prometheus/simpleclient/0.7.0/simpleclient-0.7.0.jar:/home/runner/.m2/repository/io/prometheus/simpleclient_common/0.7.0/simpleclient_common-0.7.0.jar:/home/runner/.m2/repository/com/fasterxml/jackson/datatype/jackson-datatype-jsr310/2.13.4/jackson-datatype-jsr310-2.13.4.jar:/home/runner/.m2/repository/com/fasterxml/jackson/core/jackson-core/2.13.4/jackson-core-2.13.4.jar:/home/runner/.m2/repository/com/github/spotbugs/spotbugs-annotations/3.1.12/spotbugs-annotations-3.1.12.jar:/home/runner/.m2/repository/org/apache/ozone/rocksdb-checkpoint-differ/1.4.0-SNAPSHOT/rocksdb-checkpoint-differ-1.4.0-SNAPSHOT.jar:/home/runner/.m2/repository/org/awaitility/awaitility/4.2.0/awaitility-4.2.0.jar:/home/runner/.m2/repository/org/hamcrest/hamcrest/2.1/hamcrest-2.1.jar:/home/runner/.m2/repository/org/apache/ozone/ozone-manager/1.4.0-SNAPSHOT/ozone-manager-1.4.0-SNAPSHOT.jar:/home/runner/.m2/repository/org/aspectj/aspectjrt/1.9.7/aspectjrt-1.9.7.jar:/home/runner/.m2/repository/org/aspectj/aspectjweaver/1.9.7/aspectjweaver-1.9.7.jar:/home/runner/.m2/repository/org/apache/ozone/hdds-interface-client/1.4.0-SNAPSHOT/hdds-interface-client-1.4.0-SNAPSHOT.jar:/home/runner/.m2/repository/org/apache/hadoop/thirdparty/hadoop-shaded-protobuf_3_7/1.1.1/hadoop-shaded-protobuf_3_7-1.1.1.jar:/home/runner/.m2/repository/org/apache/ozone/ozone-interface-storage/1.4.0-SNAPSHOT/ozone-interface-storage-1.4.0-SNAPSHOT.jar:/home/runner/.m2/repository/org/reflections/reflections/0.9.11/reflections-0.9.11.jar:/home/runner/.m2/repository/com/sun/jersey/jersey-client/1.19/jersey-client-1.19.jar:/home/runner/.m2/repository/org/codehaus/jackson/jackson-core-asl/1.9.13/jackson-core-asl-1.9.13.jar:/home/runner/.m2/repository/org/codehaus/jackson/jackson-mapper-asl/1.9.13/jackson-mapper-asl-1.9.13.jar:/home/runner/.m2/repository/org/codehaus/jackson/jackson-jaxrs/1.9.13/jackson-jaxrs-1.9.13.jar:/home/runner/.m2/repository/org/apache/ranger/ranger-intg/2.3.0/ranger-intg-2.3.0.jar:/home/runner/.m2/repository/org/apache/ranger/ranger-plugins-common/2.3.0/ranger-plugins-common-2.3.0.jar:/home/runner/.m2/repository/commons-lang/commons-lang/2.6/commons-lang-2.6.jar:/home/runner/.m2/repository/org/apache/ranger/ranger-plugins-cred/2.3.0/ranger-plugins-cred-2.3.0.jar:/home/runner/.m2/repository/org/apache/ranger/ranger-plugins-audit/2.3.0/ranger-plugins-audit-2.3.0.jar:/home/runner/.m2/repository/org/eclipse/jetty/jetty-client/9.4.51.v20230217/jetty-client-9.4.51.v20230217.jar:/home/runner/.m2/repository/org/apache/httpcomponents/httpmime/4.5.6/httpmime-4.5.6.jar:/home/runner/.m2/repository/org/apache/httpcomponents/httpcore-nio/4.4.13/httpcore-nio-4.4.13.jar:/home/runner/.m2/repository/org/apache/httpcomponents/httpasyncclient/4.1.3/httpasyncclient-4.1.3.jar:/home/runner/.m2/repository/com/carrotsearch/hppc/0.8.0/hppc-0.8.0.jar:/home/runner/.m2/repository/org/apache/orc/orc-core/1.5.8/orc-core-1.5.8.jar:/home/runner/.m2/repository/net/java/dev/jna/jna/5.2.0/jna-5.2.0.jar:/home/runner/.m2/repository/net/java/dev/jna/jna-platform/5.2.0/jna-platform-5.2.0.jar:/home/runner/.m2/repository/com/kstruct/gethostname4j/0.0.2/gethostname4j-0.0.2.jar:/home/runner/.m2/repository/org/apache/ranger/ranger-plugin-classloader/2.3.0/ranger-plugin-classloader-2.3.0.jar:/home/runner/.m2/repository/org/apache/ozone/hdds-rocks-native/1.4.0-SNAPSHOT/hdds-rocks-native-1.4.0-SNAPSHOT.jar:/home/runner/.m2/repository/org/apache/hadoop/hadoop-minikdc/3.3.5/hadoop-minikdc-3.3.5.jar:/home/runner/.m2/repository/org/apache/kerby/kerb-simplekdc/1.0.1/kerb-simplekdc-1.0.1.jar:/home/runner/.m2/repository/org/apache/kerby/kerb-client/1.0.1/kerb-client-1.0.1.jar:/home/runner/.m2/repository/org/apache/kerby/kerby-config/1.0.1/kerby-config-1.0.1.jar:/home/runner/.m2/repository/org/apache/kerby/kerb-common/1.0.1/kerb-common-1.0.1.jar:/home/runner/.m2/repository/org/apache/kerby/kerb-crypto/1.0.1/kerb-crypto-1.0.1.jar:/home/runner/.m2/repository/org/apache/kerby/kerb-util/1.0.1/kerb-util-1.0.1.jar:/home/runner/.m2/repository/org/apache/kerby/token-provider/1.0.1/token-provider-1.0.1.jar:/home/runner/.m2/repository/org/apache/kerby/kerb-admin/1.0.1/kerb-admin-1.0.1.jar:/home/runner/.m2/repository/org/apache/kerby/kerb-server/1.0.1/kerb-server-1.0.1.jar:/home/runner/.m2/repository/org/apache/kerby/kerb-identity/1.0.1/kerb-identity-1.0.1.jar:/home/runner/.m2/repository/org/apache/kerby/kerby-xdr/1.0.1/kerby-xdr-1.0.1.jar:/home/runner/.m2/repository/org/apache/ozone/ozone-s3gateway/1.4.0-SNAPSHOT/ozone-s3gateway-1.4.0-SNAPSHOT.jar:/home/runner/.m2/repository/org/javassist/javassist/3.21.0-GA/javassist-3.21.0-GA.jar:/home/runner/.m2/repository/org/jboss/weld/servlet/weld-servlet-shaded/3.1.9.Final/weld-servlet-shaded-3.1.9.Final.jar:/home/runner/.m2/repository/org/glassfish/jersey/containers/jersey-container-servlet-core/2.34/jersey-container-servlet-core-2.34.jar:/home/runner/.m2/repository/org/glassfish/hk2/external/jakarta.inject/2.6.1/jakarta.inject-2.6.1.jar:/home/runner/.m2/repository/org/glassfish/jersey/core/jersey-common/2.34/jersey-common-2.34.jar:/home/runner/.m2/repository/jakarta/ws/rs/jakarta.ws.rs-api/2.1.6/jakarta.ws.rs-api-2.1.6.jar:/home/runner/.m2/repository/org/glassfish/jersey/ext/cdi/jersey-cdi1x/2.34/jersey-cdi1x-2.34.jar:/home/runner/.m2/repository/org/glassfish/jersey/inject/jersey-hk2/2.34/jersey-hk2-2.34.jar:/home/runner/.m2/repository/org/glassfish/hk2/hk2-locator/2.6.1/hk2-locator-2.6.1.jar:/home/runner/.m2/repository/org/glassfish/jersey/media/jersey-media-jaxb/2.34/jersey-media-jaxb-2.34.jar:/home/runner/.m2/repository/org/glassfish/hk2/osgi-resource-locator/1.0.3/osgi-resource-locator-1.0.3.jar:/home/runner/.m2/repository/org/glassfish/hk2/hk2-api/2.5.0/hk2-api-2.5.0.jar:/home/runner/.m2/repository/org/glassfish/hk2/hk2-utils/2.5.0/hk2-utils-2.5.0.jar:/home/runner/.m2/repository/org/glassfish/hk2/external/aopalliance-repackaged/2.5.0/aopalliance-repackaged-2.5.0.jar:/home/runner/.m2/repository/com/fasterxml/jackson/dataformat/jackson-dataformat-xml/2.13.4/jackson-dataformat-xml-2.13.4.jar:/home/runner/.m2/repository/org/codehaus/woodstox/stax2-api/4.2.1/stax2-api-4.2.1.jar:/home/runner/.m2/repository/com/fasterxml/woodstox/woodstox-core/5.4.0/woodstox-core-5.4.0.jar:/home/runner/.m2/repository/com/fasterxml/jackson/module/jackson-module-jaxb-annotations/2.13.4/jackson-module-jaxb-annotations-2.13.4.jar:/home/runner/.m2/repository/jakarta/xml/bind/jakarta.xml.bind-api/2.3.3/jakarta.xml.bind-api-2.3.3.jar:/home/runner/.m2/repository/jakarta/activation/jakarta.activation-api/1.2.2/jakarta.activation-api-1.2.2.jar:/home/runner/.m2/repository/javax/enterprise/cdi-api/2.0/cdi-api-2.0.jar:/home/runner/.m2/repository/javax/el/javax.el-api/3.0.0/javax.el-api-3.0.0.jar:/home/runner/.m2/repository/javax/interceptor/javax.interceptor-api/1.2/javax.interceptor-api-1.2.jar:/home/runner/.m2/repository/javax/inject/javax.inject/1/javax.inject-1.jar:/home/runner/.m2/repository/javax/xml/bind/jaxb-api/2.3.0/jaxb-api-2.3.0.jar:/home/runner/.m2/repository/org/glassfish/jaxb/jaxb-runtime/2.3.0.1/jaxb-runtime-2.3.0.1.jar:/home/runner/.m2/repository/org/glassfish/jaxb/jaxb-core/2.3.0.1/jaxb-core-2.3.0.1.jar:/home/runner/.m2/repository/org/glassfish/jaxb/txw2/2.3.0.1/txw2-2.3.0.1.jar:/home/runner/.m2/repository/com/sun/istack/istack-commons-runtime/3.0.5/istack-commons-runtime-3.0.5.jar:/home/runner/.m2/repository/org/jvnet/staxex/stax-ex/1.7.8/stax-ex-1.7.8.jar:/home/runner/.m2/repository/com/sun/xml/fastinfoset/FastInfoset/1.2.13/FastInfoset-1.2.13.jar:/home/runner/.m2/repository/javax/activation/activation/1.1.1/activation-1.1.1.jar:/home/runner/.m2/repository/io/grpc/grpc-protobuf/1.51.1/grpc-protobuf-1.51.1.jar:/home/runner/.m2/repository/com/google/api/grpc/proto-google-common-protos/2.9.0/proto-google-common-protos-2.9.0.jar:/home/runner/.m2/repository/io/grpc/grpc-protobuf-lite/1.51.1/grpc-protobuf-lite-1.51.1.jar:/home/runner/.m2/repository/io/grpc/grpc-stub/1.51.1/grpc-stub-1.51.1.jar:/home/runner/.m2/repository/io/netty/netty-transport/4.1.86.Final/netty-transport-4.1.86.Final.jar:/home/runner/.m2/repository/io/netty/netty-resolver/4.1.86.Final/netty-resolver-4.1.86.Final.jar:/home/runner/.m2/repository/org/apache/ozone/ozone-csi/1.4.0-SNAPSHOT/ozone-csi-1.4.0-SNAPSHOT.jar:/home/runner/.m2/repository/com/google/protobuf/protobuf-java-util/3.19.6/protobuf-java-util-3.19.6.jar:/home/runner/.m2/repository/com/google/code/gson/gson/2.9.0/gson-2.9.0.jar:/home/runner/.m2/repository/org/apache/ozone/hdds-config/1.4.0-SNAPSHOT/hdds-config-1.4.0-SNAPSHOT.jar:/home/runner/.m2/repository/io/netty/netty-transport-native-epoll/4.1.86.Final/netty-transport-native-epoll-4.1.86.Final-linux-x86_64.jar:/home/runner/.m2/repository/io/netty/netty-transport-classes-epoll/4.1.86.Final/netty-transport-classes-epoll-4.1.86.Final.jar:/home/runner/.m2/repository/io/netty/netty-transport-native-unix-common/4.1.86.Final/netty-transport-native-unix-common-4.1.86.Final.jar:/home/runner/.m2/repository/org/apache/ozone/ozone-recon/1.4.0-SNAPSHOT/ozone-recon-1.4.0-SNAPSHOT.jar:/home/runner/.m2/repository/org/apache/ozone/ozone-reconcodegen/1.4.0-SNAPSHOT/ozone-reconcodegen-1.4.0-SNAPSHOT.jar:/home/runner/.m2/repository/com/google/inject/guice/5.1.0/guice-5.1.0.jar:/home/runner/.m2/repository/aopalliance/aopalliance/1.0/aopalliance-1.0.jar:/home/runner/.m2/repository/com/google/inject/extensions/guice-assistedinject/5.1.0/guice-assistedinject-5.1.0.jar:/home/runner/.m2/repository/com/google/inject/extensions/guice-servlet/5.1.0/guice-servlet-5.1.0.jar:/home/runner/.m2/repository/org/glassfish/jersey/containers/jersey-container-servlet/2.34/jersey-container-servlet-2.34.jar:/home/runner/.m2/repository/org/glassfish/hk2/guice-bridge/2.5.0/guice-bridge-2.5.0.jar:/home/runner/.m2/repository/org/glassfish/jersey/core/jersey-server/2.34/jersey-server-2.34.jar:/home/runner/.m2/repository/org/glassfish/jersey/core/jersey-client/2.34/jersey-client-2.34.jar:/home/runner/.m2/repository/jakarta/annotation/jakarta.annotation-api/1.3.5/jakarta.annotation-api-1.3.5.jar:/home/runner/.m2/repository/jakarta/validation/jakarta.validation-api/2.0.2/jakarta.validation-api-2.0.2.jar:/home/runner/.m2/repository/org/glassfish/jersey/media/jersey-media-json-jackson/2.34/jersey-media-json-jackson-2.34.jar:/home/runner/.m2/repository/org/glassfish/jersey/ext/jersey-entity-filtering/2.34/jersey-entity-filtering-2.34.jar:/home/runner/.m2/repository/org/jooq/jooq/3.11.10/jooq-3.11.10.jar:/home/runner/.m2/repository/org/jooq/jooq-meta/3.11.10/jooq-meta-3.11.10.jar:/home/runner/.m2/repository/org/jooq/jooq-codegen/3.11.10/jooq-codegen-3.11.10.jar:/home/runner/.m2/repository/com/jolbox/bonecp/0.8.0.RELEASE/bonecp-0.8.0.RELEASE.jar:/home/runner/.m2/repository/org/apache/derby/derby/10.14.2.0/derby-10.14.2.0.jar:/home/runner/.m2/repository/org/xerial/sqlite-jdbc/3.41.2.2/sqlite-jdbc-3.41.2.2.jar:/home/runner/.m2/repository/org/springframework/spring-jdbc/5.3.27/spring-jdbc-5.3.27.jar:/home/runner/.m2/repository/org/springframework/spring-beans/5.3.27/spring-beans-5.3.27.jar:/home/runner/.m2/repository/org/springframework/spring-core/5.3.27/spring-core-5.3.27.jar:/home/runner/.m2/repository/org/springframework/spring-tx/5.3.27/spring-tx-5.3.27.jar:/home/runner/.m2/repository/org/apache/ozone/ozone-client/1.4.0-SNAPSHOT/ozone-client-1.4.0-SNAPSHOT.jar:/home/runner/.m2/repository/org/apache/ozone/hdds-erasurecode/1.4.0-SNAPSHOT/hdds-erasurecode-1.4.0-SNAPSHOT.jar:/home/runner/.m2/repository/org/apache/ozone/ozone-filesystem/1.4.0-SNAPSHOT/ozone-filesystem-1.4.0-SNAPSHOT.jar:/home/runner/.m2/repository/org/apache/ozone/ozone-filesystem-common/1.4.0-SNAPSHOT/ozone-filesystem-common-1.4.0-SNAPSHOT.jar:/home/runner/.m2/repository/org/apache/ozone/ozone-tools/1.4.0-SNAPSHOT/ozone-tools-1.4.0-SNAPSHOT.jar:/home/runner/.m2/repository/com/amazonaws/aws-java-sdk-core/1.12.261/aws-java-sdk-core-1.12.261.jar:/home/runner/.m2/repository/org/apache/httpcomponents/httpclient/4.5.13/httpclient-4.5.13.jar:/home/runner/.m2/repository/org/apache/httpcomponents/httpcore/4.4.13/httpcore-4.4.13.jar:/home/runner/.m2/repository/software/amazon/ion/ion-java/1.0.2/ion-java-1.0.2.jar:/home/runner/.m2/repository/com/fasterxml/jackson/dataformat/jackson-dataformat-cbor/2.13.4/jackson-dataformat-cbor-2.13.4.jar:/home/runner/.m2/repository/joda-time/joda-time/2.10.6/joda-time-2.10.6.jar:/home/runner/.m2/repository/com/amazonaws/aws-java-sdk-s3/1.12.261/aws-java-sdk-s3-1.12.261.jar:/home/runner/.m2/repository/com/amazonaws/aws-java-sdk-kms/1.12.261/aws-java-sdk-kms-1.12.261.jar:/home/runner/.m2/repository/com/amazonaws/jmespath-java/1.12.261/jmespath-java-1.12.261.jar:/home/runner/.m2/repository/org/kohsuke/metainf-services/metainf-services/1.8/metainf-services-1.8.jar:/home/runner/.m2/repository/org/apache/ozone/hdds-tools/1.4.0-SNAPSHOT/hdds-tools-1.4.0-SNAPSHOT.jar:/home/runner/.m2/repository/org/apache/ratis/ratis-tools/2.5.1/ratis-tools-2.5.1.jar:/home/runner/.m2/repository/commons-cli/commons-cli/1.2/commons-cli-1.2.jar:/home/runner/.m2/repository/org/apache/commons/commons-lang3/3.7/commons-lang3-3.7.jar:/home/runner/.m2/repository/org/apache/ozone/ozone-manager/1.4.0-SNAPSHOT/ozone-manager-1.4.0-SNAPSHOT-tests.jar:/home/runner/.m2/repository/org/apache/ozone/hdds-common/1.4.0-SNAPSHOT/hdds-common-1.4.0-SNAPSHOT-tests.jar:/home/runner/.m2/repository/org/apache/ozone/hdds-hadoop-dependency-client/1.4.0-SNAPSHOT/hdds-hadoop-dependency-client-1.4.0-SNAPSHOT.jar:/home/runner/.m2/repository/info/picocli/picocli/4.6.1/picocli-4.6.1.jar:/home/runner/.m2/repository/com/fasterxml/jackson/core/jackson-annotations/2.13.4/jackson-annotations-2.13.4.jar:/home/runner/.m2/repository/org/apache/ozone/hdds-annotation-processing/1.4.0-SNAPSHOT/hdds-annotation-processing-1.4.0-SNAPSHOT.jar:/home/runner/.m2/repository/javax/annotation/javax.annotation-api/1.2/javax.annotation-api-1.2.jar:/home/runner/.m2/repository/org/apache/ratis/ratis-netty/2.5.1/ratis-netty-2.5.1.jar:/home/runner/.m2/repository/org/apache/ratis/ratis-grpc/2.5.1/ratis-grpc-2.5.1.jar:/home/runner/.m2/repository/org/apache/logging/log4j/log4j-api/2.17.1/log4j-api-2.17.1.jar:/home/runner/.m2/repository/org/apache/commons/commons-pool2/2.6.0/commons-pool2-2.6.0.jar:/home/runner/.m2/repository/org/bouncycastle/bcpkix-jdk15on/1.67/bcpkix-jdk15on-1.67.jar:/home/runner/.m2/repository/commons-validator/commons-validator/1.6/commons-validator-1.6.jar:/home/runner/.m2/repository/commons-beanutils/commons-beanutils/1.9.4/commons-beanutils-1.9.4.jar:/home/runner/.m2/repository/commons-digester/commons-digester/1.8.1/commons-digester-1.8.1.jar:/home/runner/.m2/repository/commons-collections/commons-collections/3.2.2/commons-collections-3.2.2.jar:/home/runner/.m2/repository/io/jaegertracing/jaeger-client/1.6.0/jaeger-client-1.6.0.jar:/home/runner/.m2/repository/io/jaegertracing/jaeger-thrift/1.6.0/jaeger-thrift-1.6.0.jar:/home/runner/.m2/repository/org/apache/thrift/libthrift/0.14.1/libthrift-0.14.1.jar:/home/runner/.m2/repository/io/jaegertracing/jaeger-core/1.6.0/jaeger-core-1.6.0.jar:/home/runner/.m2/repository/io/jaegertracing/jaeger-tracerresolver/1.6.0/jaeger-tracerresolver-1.6.0.jar:/home/runner/.m2/repository/io/opentracing/contrib/opentracing-tracerresolver/0.1.8/opentracing-tracerresolver-0.1.8.jar:/home/runner/.m2/repository/org/jetbrains/kotlin/kotlin-stdlib/1.6.21/kotlin-stdlib-1.6.21.jar:/home/runner/.m2/repository/org/jetbrains/annotations/13.0/annotations-13.0.jar:/home/runner/.m2/repository/io/opentracing/opentracing-util/0.33.0/opentracing-util-0.33.0.jar:/home/runner/.m2/repository/io/opentracing/opentracing-api/0.33.0/opentracing-api-0.33.0.jar:/home/runner/.m2/repository/io/opentracing/opentracing-noop/0.33.0/opentracing-noop-0.33.0.jar:/home/runner/.m2/repository/org/yaml/snakeyaml/2.0/snakeyaml-2.0.jar:/home/runner/.m2/repository/io/grpc/grpc-api/1.51.1/grpc-api-1.51.1.jar:/home/runner/.m2/repository/io/grpc/grpc-context/1.51.1/grpc-context-1.51.1.jar:/home/runner/.m2/repository/junit/junit/4.13.1/junit-4.13.1.jar:/home/runner/.m2/repository/org/hamcrest/hamcrest-core/1.3/hamcrest-core-1.3.jar:/home/runner/.m2/repository/org/junit/jupiter/junit-jupiter-api/5.8.2/junit-jupiter-api-5.8.2.jar:/home/runner/.m2/repository/org/opentest4j/opentest4j/1.2.0/opentest4j-1.2.0.jar:/home/runner/.m2/repository/org/junit/platform/junit-platform-commons/1.8.2/junit-platform-commons-1.8.2.jar:/home/runner/.m2/repository/org/apiguardian/apiguardian-api/1.1.2/apiguardian-api-1.1.2.jar:/home/runner/.m2/repository/org/junit/jupiter/junit-jupiter-params/5.8.2/junit-jupiter-params-5.8.2.jar:/home/runner/.m2/repository/org/junit/jupiter/junit-jupiter-migrationsupport/5.8.2/junit-jupiter-migrationsupport-5.8.2.jar:/home/runner/.m2/repository/org/junit/jupiter/junit-jupiter-engine/5.8.2/junit-jupiter-engine-5.8.2.jar:/home/runner/.m2/repository/org/junit/platform/junit-platform-engine/1.8.2/junit-platform-engine-1.8.2.jar:/home/runner/.m2/repository/org/junit/vintage/junit-vintage-engine/5.8.2/junit-vintage-engine-5.8.2.jar:/home/runner/.m2/repository/org/junit/platform/junit-platform-launcher/1.8.2/junit-platform-launcher-1.8.2.jar:/home/runner/.m2/repository/org/mockito/mockito-core/3.5.9/mockito-core-3.5.9.jar:/home/runner/.m2/repository/net/bytebuddy/byte-buddy/1.10.13/byte-buddy-1.10.13.jar:/home/runner/.m2/repository/net/bytebuddy/byte-buddy-agent/1.10.13/byte-buddy-agent-1.10.13.jar:/home/runner/.m2/repository/org/objenesis/objenesis/1.0/objenesis-1.0.jar:/home/runner/.m2/repository/org/apache/hadoop/hadoop-kms/3.3.5/hadoop-kms-3.3.5.jar:/home/runner/.m2/repository/org/apache/hadoop/hadoop-auth/3.3.5/hadoop-auth-3.3.5.jar:/home/runner/.m2/repository/com/nimbusds/nimbus-jose-jwt/9.8.1/nimbus-jose-jwt-9.8.1.jar:/home/runner/.m2/repository/com/github/stephenc/jcip/jcip-annotations/1.0-1/jcip-annotations-1.0-1.jar:/home/runner/.m2/repository/net/minidev/json-smart/2.4.7/json-smart-2.4.7.jar:/home/runner/.m2/repository/net/minidev/accessors-smart/2.4.7/accessors-smart-2.4.7.jar:/home/runner/.m2/repository/org/ow2/asm/asm/5.0.4/asm-5.0.4.jar:/home/runner/.m2/repository/org/apache/zookeeper/zookeeper/3.5.6/zookeeper-3.5.6.jar:/home/runner/.m2/repository/org/apache/zookeeper/zookeeper-jute/3.5.6/zookeeper-jute-3.5.6.jar:/home/runner/.m2/repository/org/apache/yetus/audience-annotations/0.5.0/audience-annotations-0.5.0.jar:/home/runner/.m2/repository/org/apache/curator/curator-framework/4.2.0/curator-framework-4.2.0.jar:/home/runner/.m2/repository/org/apache/hadoop/thirdparty/hadoop-shaded-guava/1.1.1/hadoop-shaded-guava-1.1.1.jar:/home/runner/.m2/repository/com/sun/jersey/jersey-core/1.19/jersey-core-1.19.jar:/home/runner/.m2/repository/javax/ws/rs/jsr311-api/1.1.1/jsr311-api-1.1.1.jar:/home/runner/.m2/repository/com/sun/jersey/jersey-server/1.19/jersey-server-1.19.jar:/home/runner/.m2/repository/javax/servlet/javax.servlet-api/3.1.0/javax.servlet-api-3.1.0.jar:/home/runner/.m2/repository/org/apache/hadoop/hadoop-common/3.3.5/hadoop-common-3.3.5.jar:/home/runner/.m2/repository/org/apache/commons/commons-math3/3.1.1/commons-math3-3.1.1.jar:/home/runner/.m2/repository/commons-net/commons-net/3.9.0/commons-net-3.9.0.jar:/home/runner/.m2/repository/com/sun/jersey/jersey-servlet/1.19/jersey-servlet-1.19.jar:/home/runner/.m2/repository/com/github/pjfanning/jersey-json/1.20/jersey-json-1.20.jar:/home/runner/.m2/repository/org/codehaus/jettison/jettison/1.1/jettison-1.1.jar:/home/runner/.m2/repository/com/sun/xml/bind/jaxb-impl/2.2.3-1/jaxb-impl-2.2.3-1.jar:/home/runner/.m2/repository/com/google/re2j/re2j/1.1/re2j-1.1.jar:/home/runner/.m2/repository/com/jcraft/jsch/0.1.54/jsch-0.1.54.jar:/home/runner/.m2/repository/org/apache/curator/curator-client/4.2.0/curator-client-4.2.0.jar:/home/runner/.m2/repository/org/apache/curator/curator-recipes/4.2.0/curator-recipes-4.2.0.jar:/home/runner/.m2/repository/org/apache/kerby/kerb-core/1.0.1/kerb-core-1.0.1.jar:/home/runner/.m2/repository/org/apache/kerby/kerby-pkix/1.0.1/kerby-pkix-1.0.1.jar:/home/runner/.m2/repository/org/apache/kerby/kerby-asn1/1.0.1/kerby-asn1-1.0.1.jar:/home/runner/.m2/repository/org/apache/kerby/kerby-util/1.0.1/kerby-util-1.0.1.jar:/home/runner/.m2/repository/dnsjava/dnsjava/2.1.7/dnsjava-2.1.7.jar:/home/runner/.m2/repository/org/xerial/snappy/snappy-java/1.1.8.2/snappy-java-1.1.8.2.jar:/home/runner/.m2/repository/com/fasterxml/jackson/core/jackson-databind/2.13.4.2/jackson-databind-2.13.4.2.jar:/home/runner/.m2/repository/org/apache/hadoop/hadoop-kms/3.3.5/hadoop-kms-3.3.5-tests.jar:/home/runner/.m2/repository/org/apache/ozone/hdds-server-scm/1.4.0-SNAPSHOT/hdds-server-scm-1.4.0-SNAPSHOT-tests.jar:/home/runner/.m2/repository/org/apache/ozone/hdds-container-service/1.4.0-SNAPSHOT/hdds-container-service-1.4.0-SNAPSHOT-tests.jar:/home/runner/.m2/repository/com/github/luben/zstd-jni/1.5.2-5/zstd-jni-1.5.2-5.jar:/home/runner/.m2/repository/commons-codec/commons-codec/1.15/commons-codec-1.15.jar:/home/runner/.m2/repository/io/netty/netty-codec/4.1.86.Final/netty-codec-4.1.86.Final.jar:/home/runner/.m2/repository/io/netty/netty-handler/4.1.86.Final/netty-handler-4.1.86.Final.jar:/home/runner/.m2/repository/org/apache/ozone/hdds-hadoop-dependency-test/1.4.0-SNAPSHOT/hdds-hadoop-dependency-test-1.4.0-SNAPSHOT.jar:/home/runner/.m2/repository/org/apache/hadoop/hadoop-common/3.3.5/hadoop-common-3.3.5-tests.jar:/home/runner/.m2/repository/org/apache/hadoop/hadoop-hdfs/3.3.5/hadoop-hdfs-3.3.5-tests.jar:/home/runner/.m2/repository/org/assertj/assertj-core/3.12.2/assertj-core-3.12.2.jar:/home/runner/.m2/repository/org/apache/hadoop/hadoop-distcp/3.3.5/hadoop-distcp-3.3.5.jar:/home/runner/.m2/repository/org/apache/hadoop/hadoop-mapreduce-client-jobclient/3.3.5/hadoop-mapreduce-client-jobclient-3.3.5.jar:/home/runner/.m2/repository/org/apache/hadoop/hadoop-mapreduce-client-common/3.3.5/hadoop-mapreduce-client-common-3.3.5.jar:/home/runner/.m2/repository/org/apache/hadoop/hadoop-yarn-common/3.3.5/hadoop-yarn-common-3.3.5.jar:/home/runner/.m2/repository/org/apache/hadoop/hadoop-yarn-api/3.3.5/hadoop-yarn-api-3.3.5.jar:/home/runner/.m2/repository/com/sun/jersey/contribs/jersey-guice/1.19/jersey-guice-1.19.jar:/home/runner/.m2/repository/com/fasterxml/jackson/jaxrs/jackson-jaxrs-json-provider/2.13.4/jackson-jaxrs-json-provider-2.13.4.jar:/home/runner/.m2/repository/com/fasterxml/jackson/jaxrs/jackson-jaxrs-base/2.13.4/jackson-jaxrs-base-2.13.4.jar:/home/runner/.m2/repository/org/apache/hadoop/hadoop-yarn-client/3.3.5/hadoop-yarn-client-3.3.5.jar:/home/runner/.m2/repository/org/eclipse/jetty/websocket/websocket-client/9.4.48.v20220622/websocket-client-9.4.48.v20220622.jar:/home/runner/.m2/repository/org/eclipse/jetty/websocket/websocket-common/9.4.48.v20220622/websocket-common-9.4.48.v20220622.jar:/home/runner/.m2/repository/org/eclipse/jetty/websocket/websocket-api/9.4.48.v20220622/websocket-api-9.4.48.v20220622.jar:/home/runner/.m2/repository/org/jline/jline/3.9.0/jline-3.9.0.jar:/home/runner/.m2/repository/org/apache/hadoop/hadoop-mapreduce-client-core/3.3.5/hadoop-mapreduce-client-core-3.3.5.jar:/home/runner/.m2/repository/org/apache/avro/avro/1.7.7/avro-1.7.7.jar:/home/runner/.m2/repository/com/thoughtworks/paranamer/paranamer/2.3/paranamer-2.3.jar:/home/runner/.m2/repository/org/apache/hadoop/hadoop-annotations/3.3.5/hadoop-annotations-3.3.5.jar:/usr/lib/jvm/temurin-8-jdk-amd64/jre/../lib/tools.jar:/home/runner/.m2/repository/io/netty/netty/3.10.6.Final/netty-3.10.6.Final.jar:/home/runner/.m2/repository/org/apache/hadoop/hadoop-distcp/3.3.5/hadoop-distcp-3.3.5-tests.jar:/home/runner/.m2/repository/org/slf4j/jul-to-slf4j/1.7.36/jul-to-slf4j-1.7.36.jar:"/>
    <property name="java.vm.vendor" value="Temurin"/>
    <property name="sun.arch.data.model" value="64"/>
    <property name="test.build.dir" value="/home/runner/work/ozone/ozone/hadoop-ozone/integration-test/target/test-dir"/>
    <property name="test.cache.data" value=""/>
    <property name="java.vendor.url" value="https://adoptium.net/"/>
    <property name="user.timezone" value="Etc/UTC"/>
    <property name="java.vm.specification.version" value="1.8"/>
    <property name="os.name" value="Linux"/>
    <property name="test.build.data" value="/home/runner/work/ozone/ozone/hadoop-ozone/integration-test/target/test-dir"/>
    <property name="sun.java.launcher" value="SUN_STANDARD"/>
    <property name="sun.boot.library.path" value="/usr/lib/jvm/temurin-8-jdk-amd64/jre/lib/amd64"/>
    <property name="sun.java.command" value="/home/runner/work/ozone/ozone/hadoop-ozone/integration-test/target/surefire/surefirebooter9159990268406214873.jar /home/runner/work/ozone/ozone/hadoop-ozone/integration-test/target/surefire 2023-06-22T12-57-02_899-jvmRun1 surefire5350385037721919283tmp surefire_88975130894780200982tmp"/>
    <property name="native.lib.tmp.dir" value="/tmp"/>
    <property name="surefire.test.class.path" value="/home/runner/work/ozone/ozone/hadoop-ozone/integration-test/target/test-classes:/home/runner/work/ozone/ozone/hadoop-ozone/integration-test/target/classes:/home/runner/.m2/repository/org/apache/ozone/ozone-common/1.4.0-SNAPSHOT/ozone-common-1.4.0-SNAPSHOT.jar:/home/runner/.m2/repository/io/grpc/grpc-netty/1.51.1/grpc-netty-1.51.1.jar:/home/runner/.m2/repository/io/grpc/grpc-core/1.51.1/grpc-core-1.51.1.jar:/home/runner/.m2/repository/com/google/android/annotations/4.1.1.4/annotations-4.1.1.4.jar:/home/runner/.m2/repository/org/codehaus/mojo/animal-sniffer-annotations/1.21/animal-sniffer-annotations-1.21.jar:/home/runner/.m2/repository/com/google/errorprone/error_prone_annotations/2.2.0/error_prone_annotations-2.2.0.jar:/home/runner/.m2/repository/io/perfmark/perfmark-api/0.25.0/perfmark-api-0.25.0.jar:/home/runner/.m2/repository/io/netty/netty-codec-http2/4.1.86.Final/netty-codec-http2-4.1.86.Final.jar:/home/runner/.m2/repository/io/netty/netty-common/4.1.86.Final/netty-common-4.1.86.Final.jar:/home/runner/.m2/repository/io/netty/netty-buffer/4.1.86.Final/netty-buffer-4.1.86.Final.jar:/home/runner/.m2/repository/io/netty/netty-codec-http/4.1.86.Final/netty-codec-http-4.1.86.Final.jar:/home/runner/.m2/repository/io/netty/netty-handler-proxy/4.1.86.Final/netty-handler-proxy-4.1.86.Final.jar:/home/runner/.m2/repository/io/netty/netty-codec-socks/4.1.86.Final/netty-codec-socks-4.1.86.Final.jar:/home/runner/.m2/repository/io/netty/netty-tcnative-boringssl-static/2.0.54.Final/netty-tcnative-boringssl-static-2.0.54.Final.jar:/home/runner/.m2/repository/io/netty/netty-tcnative-classes/2.0.54.Final/netty-tcnative-classes-2.0.54.Final.jar:/home/runner/.m2/repository/io/netty/netty-tcnative-boringssl-static/2.0.54.Final/netty-tcnative-boringssl-static-2.0.54.Final-linux-x86_64.jar:/home/runner/.m2/repository/io/netty/netty-tcnative-boringssl-static/2.0.54.Final/netty-tcnative-boringssl-static-2.0.54.Final-linux-aarch_64.jar:/home/runner/.m2/repository/io/netty/netty-tcnative-boringssl-static/2.0.54.Final/netty-tcnative-boringssl-static-2.0.54.Final-osx-x86_64.jar:/home/runner/.m2/repository/io/netty/netty-tcnative-boringssl-static/2.0.54.Final/netty-tcnative-boringssl-static-2.0.54.Final-osx-aarch_64.jar:/home/runner/.m2/repository/io/netty/netty-tcnative-boringssl-static/2.0.54.Final/netty-tcnative-boringssl-static-2.0.54.Final-windows-x86_64.jar:/home/runner/.m2/repository/org/apache/commons/commons-compress/1.21/commons-compress-1.21.jar:/home/runner/.m2/repository/org/apache/ozone/hdds-common/1.4.0-SNAPSHOT/hdds-common-1.4.0-SNAPSHOT.jar:/home/runner/.m2/repository/org/apache/ozone/hdds-client/1.4.0-SNAPSHOT/hdds-client-1.4.0-SNAPSHOT.jar:/home/runner/.m2/repository/org/apache/ozone/ozone-interface-client/1.4.0-SNAPSHOT/ozone-interface-client-1.4.0-SNAPSHOT.jar:/home/runner/.m2/repository/org/apache/hadoop/hadoop-hdfs-client/3.3.5/hadoop-hdfs-client-3.3.5.jar:/home/runner/.m2/repository/com/squareup/okhttp3/okhttp/4.9.3/okhttp-4.9.3.jar:/home/runner/.m2/repository/com/squareup/okio/okio/2.8.0/okio-2.8.0.jar:/home/runner/.m2/repository/org/jetbrains/kotlin/kotlin-stdlib-common/1.6.21/kotlin-stdlib-common-1.6.21.jar:/home/runner/.m2/repository/org/apache/ozone/hdds-test-utils/1.4.0-SNAPSHOT/hdds-test-utils-1.4.0-SNAPSHOT.jar:/home/runner/.m2/repository/com/google/guava/guava/32.0.0-jre/guava-32.0.0-jre.jar:/home/runner/.m2/repository/com/google/guava/failureaccess/1.0.1/failureaccess-1.0.1.jar:/home/runner/.m2/repository/com/google/guava/listenablefuture/9999.0-empty-to-avoid-conflict-with-guava/listenablefuture-9999.0-empty-to-avoid-conflict-with-guava.jar:/home/runner/.m2/repository/com/google/code/findbugs/jsr305/3.0.0/jsr305-3.0.0.jar:/home/runner/.m2/repository/org/checkerframework/checker-qual/3.33.0/checker-qual-3.33.0.jar:/home/runner/.m2/repository/com/google/j2objc/j2objc-annotations/2.8/j2objc-annotations-2.8.jar:/home/runner/.m2/repository/commons-io/commons-io/2.11.0/commons-io-2.11.0.jar:/home/runner/.m2/repository/commons-logging/commons-logging/1.2/commons-logging-1.2.jar:/home/runner/.m2/repository/ch/qos/reload4j/reload4j/1.2.22/reload4j-1.2.22.jar:/home/runner/.m2/repository/org/slf4j/slf4j-api/1.7.36/slf4j-api-1.7.36.jar:/home/runner/.m2/repository/org/apache/ozone/hdds-server-scm/1.4.0-SNAPSHOT/hdds-server-scm-1.4.0-SNAPSHOT.jar:/home/runner/.m2/repository/org/apache/ozone/hdds-container-service/1.4.0-SNAPSHOT/hdds-container-service-1.4.0-SNAPSHOT.jar:/home/runner/.m2/repository/org/apache/ozone/hdds-hadoop-dependency-server/1.4.0-SNAPSHOT/hdds-hadoop-dependency-server-1.4.0-SNAPSHOT.jar:/home/runner/.m2/repository/org/apache/hadoop/hadoop-hdfs/3.3.5/hadoop-hdfs-3.3.5.jar:/home/runner/.m2/repository/commons-daemon/commons-daemon/1.0.13/commons-daemon-1.0.13.jar:/home/runner/.m2/repository/org/apache/ozone/hdds-server-framework/1.4.0-SNAPSHOT/hdds-server-framework-1.4.0-SNAPSHOT.jar:/home/runner/.m2/repository/io/dropwizard/metrics/metrics-core/3.2.4/metrics-core-3.2.4.jar:/home/runner/.m2/repository/org/apache/commons/commons-text/1.10.0/commons-text-1.10.0.jar:/home/runner/.m2/repository/org/bouncycastle/bcprov-jdk15on/1.67/bcprov-jdk15on-1.67.jar:/home/runner/.m2/repository/com/google/protobuf/protobuf-java/2.5.0/protobuf-java-2.5.0.jar:/home/runner/.m2/repository/org/apache/ozone/hdds-server-framework/1.4.0-SNAPSHOT/hdds-server-framework-1.4.0-SNAPSHOT-tests.jar:/home/runner/.m2/repository/org/apache/ozone/hdds-interface-server/1.4.0-SNAPSHOT/hdds-interface-server-1.4.0-SNAPSHOT.jar:/home/runner/.m2/repository/org/apache/ozone/hdds-interface-admin/1.4.0-SNAPSHOT/hdds-interface-admin-1.4.0-SNAPSHOT.jar:/home/runner/.m2/repository/org/apache/ozone/hdds-managed-rocksdb/1.4.0-SNAPSHOT/hdds-managed-rocksdb-1.4.0-SNAPSHOT.jar:/home/runner/.m2/repository/org/rocksdb/rocksdbjni/7.7.3/rocksdbjni-7.7.3.jar:/home/runner/.m2/repository/org/slf4j/slf4j-reload4j/1.7.36/slf4j-reload4j-1.7.36.jar:/home/runner/.m2/repository/org/apache/commons/commons-configuration2/2.1.1/commons-configuration2-2.1.1.jar:/home/runner/.m2/repository/commons-fileupload/commons-fileupload/1.5/commons-fileupload-1.5.jar:/home/runner/.m2/repository/org/apache/logging/log4j/log4j-core/2.17.1/log4j-core-2.17.1.jar:/home/runner/.m2/repository/com/lmax/disruptor/3.4.2/disruptor-3.4.2.jar:/home/runner/.m2/repository/org/eclipse/jetty/jetty-util/9.4.51.v20230217/jetty-util-9.4.51.v20230217.jar:/home/runner/.m2/repository/org/eclipse/jetty/jetty-server/9.4.51.v20230217/jetty-server-9.4.51.v20230217.jar:/home/runner/.m2/repository/org/eclipse/jetty/jetty-http/9.4.51.v20230217/jetty-http-9.4.51.v20230217.jar:/home/runner/.m2/repository/org/eclipse/jetty/jetty-io/9.4.51.v20230217/jetty-io-9.4.51.v20230217.jar:/home/runner/.m2/repository/org/eclipse/jetty/jetty-servlet/9.4.51.v20230217/jetty-servlet-9.4.51.v20230217.jar:/home/runner/.m2/repository/org/eclipse/jetty/jetty-security/9.4.51.v20230217/jetty-security-9.4.51.v20230217.jar:/home/runner/.m2/repository/org/eclipse/jetty/jetty-util-ajax/9.4.51.v20230217/jetty-util-ajax-9.4.51.v20230217.jar:/home/runner/.m2/repository/org/eclipse/jetty/jetty-webapp/9.4.51.v20230217/jetty-webapp-9.4.51.v20230217.jar:/home/runner/.m2/repository/org/eclipse/jetty/jetty-xml/9.4.51.v20230217/jetty-xml-9.4.51.v20230217.jar:/home/runner/.m2/repository/org/apache/ratis/ratis-server/2.5.1/ratis-server-2.5.1.jar:/home/runner/.m2/repository/org/apache/ratis/ratis-thirdparty-misc/1.0.4/ratis-thirdparty-misc-1.0.4.jar:/home/runner/.m2/repository/org/apache/ratis/ratis-proto/2.5.1/ratis-proto-2.5.1.jar:/home/runner/.m2/repository/org/apache/ratis/ratis-common/2.5.1/ratis-common-2.5.1.jar:/home/runner/.m2/repository/org/apache/ratis/ratis-client/2.5.1/ratis-client-2.5.1.jar:/home/runner/.m2/repository/org/apache/ratis/ratis-server-api/2.5.1/ratis-server-api-2.5.1.jar:/home/runner/.m2/repository/org/apache/ratis/ratis-metrics/2.5.1/ratis-metrics-2.5.1.jar:/home/runner/.m2/repository/io/prometheus/simpleclient_dropwizard/0.7.0/simpleclient_dropwizard-0.7.0.jar:/home/runner/.m2/repository/io/prometheus/simpleclient/0.7.0/simpleclient-0.7.0.jar:/home/runner/.m2/repository/io/prometheus/simpleclient_common/0.7.0/simpleclient_common-0.7.0.jar:/home/runner/.m2/repository/com/fasterxml/jackson/datatype/jackson-datatype-jsr310/2.13.4/jackson-datatype-jsr310-2.13.4.jar:/home/runner/.m2/repository/com/fasterxml/jackson/core/jackson-core/2.13.4/jackson-core-2.13.4.jar:/home/runner/.m2/repository/com/github/spotbugs/spotbugs-annotations/3.1.12/spotbugs-annotations-3.1.12.jar:/home/runner/.m2/repository/org/apache/ozone/rocksdb-checkpoint-differ/1.4.0-SNAPSHOT/rocksdb-checkpoint-differ-1.4.0-SNAPSHOT.jar:/home/runner/.m2/repository/org/awaitility/awaitility/4.2.0/awaitility-4.2.0.jar:/home/runner/.m2/repository/org/hamcrest/hamcrest/2.1/hamcrest-2.1.jar:/home/runner/.m2/repository/org/apache/ozone/ozone-manager/1.4.0-SNAPSHOT/ozone-manager-1.4.0-SNAPSHOT.jar:/home/runner/.m2/repository/org/aspectj/aspectjrt/1.9.7/aspectjrt-1.9.7.jar:/home/runner/.m2/repository/org/aspectj/aspectjweaver/1.9.7/aspectjweaver-1.9.7.jar:/home/runner/.m2/repository/org/apache/ozone/hdds-interface-client/1.4.0-SNAPSHOT/hdds-interface-client-1.4.0-SNAPSHOT.jar:/home/runner/.m2/repository/org/apache/hadoop/thirdparty/hadoop-shaded-protobuf_3_7/1.1.1/hadoop-shaded-protobuf_3_7-1.1.1.jar:/home/runner/.m2/repository/org/apache/ozone/ozone-interface-storage/1.4.0-SNAPSHOT/ozone-interface-storage-1.4.0-SNAPSHOT.jar:/home/runner/.m2/repository/org/reflections/reflections/0.9.11/reflections-0.9.11.jar:/home/runner/.m2/repository/com/sun/jersey/jersey-client/1.19/jersey-client-1.19.jar:/home/runner/.m2/repository/org/codehaus/jackson/jackson-core-asl/1.9.13/jackson-core-asl-1.9.13.jar:/home/runner/.m2/repository/org/codehaus/jackson/jackson-mapper-asl/1.9.13/jackson-mapper-asl-1.9.13.jar:/home/runner/.m2/repository/org/codehaus/jackson/jackson-jaxrs/1.9.13/jackson-jaxrs-1.9.13.jar:/home/runner/.m2/repository/org/apache/ranger/ranger-intg/2.3.0/ranger-intg-2.3.0.jar:/home/runner/.m2/repository/org/apache/ranger/ranger-plugins-common/2.3.0/ranger-plugins-common-2.3.0.jar:/home/runner/.m2/repository/commons-lang/commons-lang/2.6/commons-lang-2.6.jar:/home/runner/.m2/repository/org/apache/ranger/ranger-plugins-cred/2.3.0/ranger-plugins-cred-2.3.0.jar:/home/runner/.m2/repository/org/apache/ranger/ranger-plugins-audit/2.3.0/ranger-plugins-audit-2.3.0.jar:/home/runner/.m2/repository/org/eclipse/jetty/jetty-client/9.4.51.v20230217/jetty-client-9.4.51.v20230217.jar:/home/runner/.m2/repository/org/apache/httpcomponents/httpmime/4.5.6/httpmime-4.5.6.jar:/home/runner/.m2/repository/org/apache/httpcomponents/httpcore-nio/4.4.13/httpcore-nio-4.4.13.jar:/home/runner/.m2/repository/org/apache/httpcomponents/httpasyncclient/4.1.3/httpasyncclient-4.1.3.jar:/home/runner/.m2/repository/com/carrotsearch/hppc/0.8.0/hppc-0.8.0.jar:/home/runner/.m2/repository/org/apache/orc/orc-core/1.5.8/orc-core-1.5.8.jar:/home/runner/.m2/repository/net/java/dev/jna/jna/5.2.0/jna-5.2.0.jar:/home/runner/.m2/repository/net/java/dev/jna/jna-platform/5.2.0/jna-platform-5.2.0.jar:/home/runner/.m2/repository/com/kstruct/gethostname4j/0.0.2/gethostname4j-0.0.2.jar:/home/runner/.m2/repository/org/apache/ranger/ranger-plugin-classloader/2.3.0/ranger-plugin-classloader-2.3.0.jar:/home/runner/.m2/repository/org/apache/ozone/hdds-rocks-native/1.4.0-SNAPSHOT/hdds-rocks-native-1.4.0-SNAPSHOT.jar:/home/runner/.m2/repository/org/apache/hadoop/hadoop-minikdc/3.3.5/hadoop-minikdc-3.3.5.jar:/home/runner/.m2/repository/org/apache/kerby/kerb-simplekdc/1.0.1/kerb-simplekdc-1.0.1.jar:/home/runner/.m2/repository/org/apache/kerby/kerb-client/1.0.1/kerb-client-1.0.1.jar:/home/runner/.m2/repository/org/apache/kerby/kerby-config/1.0.1/kerby-config-1.0.1.jar:/home/runner/.m2/repository/org/apache/kerby/kerb-common/1.0.1/kerb-common-1.0.1.jar:/home/runner/.m2/repository/org/apache/kerby/kerb-crypto/1.0.1/kerb-crypto-1.0.1.jar:/home/runner/.m2/repository/org/apache/kerby/kerb-util/1.0.1/kerb-util-1.0.1.jar:/home/runner/.m2/repository/org/apache/kerby/token-provider/1.0.1/token-provider-1.0.1.jar:/home/runner/.m2/repository/org/apache/kerby/kerb-admin/1.0.1/kerb-admin-1.0.1.jar:/home/runner/.m2/repository/org/apache/kerby/kerb-server/1.0.1/kerb-server-1.0.1.jar:/home/runner/.m2/repository/org/apache/kerby/kerb-identity/1.0.1/kerb-identity-1.0.1.jar:/home/runner/.m2/repository/org/apache/kerby/kerby-xdr/1.0.1/kerby-xdr-1.0.1.jar:/home/runner/.m2/repository/org/apache/ozone/ozone-s3gateway/1.4.0-SNAPSHOT/ozone-s3gateway-1.4.0-SNAPSHOT.jar:/home/runner/.m2/repository/org/javassist/javassist/3.21.0-GA/javassist-3.21.0-GA.jar:/home/runner/.m2/repository/org/jboss/weld/servlet/weld-servlet-shaded/3.1.9.Final/weld-servlet-shaded-3.1.9.Final.jar:/home/runner/.m2/repository/org/glassfish/jersey/containers/jersey-container-servlet-core/2.34/jersey-container-servlet-core-2.34.jar:/home/runner/.m2/repository/org/glassfish/hk2/external/jakarta.inject/2.6.1/jakarta.inject-2.6.1.jar:/home/runner/.m2/repository/org/glassfish/jersey/core/jersey-common/2.34/jersey-common-2.34.jar:/home/runner/.m2/repository/jakarta/ws/rs/jakarta.ws.rs-api/2.1.6/jakarta.ws.rs-api-2.1.6.jar:/home/runner/.m2/repository/org/glassfish/jersey/ext/cdi/jersey-cdi1x/2.34/jersey-cdi1x-2.34.jar:/home/runner/.m2/repository/org/glassfish/jersey/inject/jersey-hk2/2.34/jersey-hk2-2.34.jar:/home/runner/.m2/repository/org/glassfish/hk2/hk2-locator/2.6.1/hk2-locator-2.6.1.jar:/home/runner/.m2/repository/org/glassfish/jersey/media/jersey-media-jaxb/2.34/jersey-media-jaxb-2.34.jar:/home/runner/.m2/repository/org/glassfish/hk2/osgi-resource-locator/1.0.3/osgi-resource-locator-1.0.3.jar:/home/runner/.m2/repository/org/glassfish/hk2/hk2-api/2.5.0/hk2-api-2.5.0.jar:/home/runner/.m2/repository/org/glassfish/hk2/hk2-utils/2.5.0/hk2-utils-2.5.0.jar:/home/runner/.m2/repository/org/glassfish/hk2/external/aopalliance-repackaged/2.5.0/aopalliance-repackaged-2.5.0.jar:/home/runner/.m2/repository/com/fasterxml/jackson/dataformat/jackson-dataformat-xml/2.13.4/jackson-dataformat-xml-2.13.4.jar:/home/runner/.m2/repository/org/codehaus/woodstox/stax2-api/4.2.1/stax2-api-4.2.1.jar:/home/runner/.m2/repository/com/fasterxml/woodstox/woodstox-core/5.4.0/woodstox-core-5.4.0.jar:/home/runner/.m2/repository/com/fasterxml/jackson/module/jackson-module-jaxb-annotations/2.13.4/jackson-module-jaxb-annotations-2.13.4.jar:/home/runner/.m2/repository/jakarta/xml/bind/jakarta.xml.bind-api/2.3.3/jakarta.xml.bind-api-2.3.3.jar:/home/runner/.m2/repository/jakarta/activation/jakarta.activation-api/1.2.2/jakarta.activation-api-1.2.2.jar:/home/runner/.m2/repository/javax/enterprise/cdi-api/2.0/cdi-api-2.0.jar:/home/runner/.m2/repository/javax/el/javax.el-api/3.0.0/javax.el-api-3.0.0.jar:/home/runner/.m2/repository/javax/interceptor/javax.interceptor-api/1.2/javax.interceptor-api-1.2.jar:/home/runner/.m2/repository/javax/inject/javax.inject/1/javax.inject-1.jar:/home/runner/.m2/repository/javax/xml/bind/jaxb-api/2.3.0/jaxb-api-2.3.0.jar:/home/runner/.m2/repository/org/glassfish/jaxb/jaxb-runtime/2.3.0.1/jaxb-runtime-2.3.0.1.jar:/home/runner/.m2/repository/org/glassfish/jaxb/jaxb-core/2.3.0.1/jaxb-core-2.3.0.1.jar:/home/runner/.m2/repository/org/glassfish/jaxb/txw2/2.3.0.1/txw2-2.3.0.1.jar:/home/runner/.m2/repository/com/sun/istack/istack-commons-runtime/3.0.5/istack-commons-runtime-3.0.5.jar:/home/runner/.m2/repository/org/jvnet/staxex/stax-ex/1.7.8/stax-ex-1.7.8.jar:/home/runner/.m2/repository/com/sun/xml/fastinfoset/FastInfoset/1.2.13/FastInfoset-1.2.13.jar:/home/runner/.m2/repository/javax/activation/activation/1.1.1/activation-1.1.1.jar:/home/runner/.m2/repository/io/grpc/grpc-protobuf/1.51.1/grpc-protobuf-1.51.1.jar:/home/runner/.m2/repository/com/google/api/grpc/proto-google-common-protos/2.9.0/proto-google-common-protos-2.9.0.jar:/home/runner/.m2/repository/io/grpc/grpc-protobuf-lite/1.51.1/grpc-protobuf-lite-1.51.1.jar:/home/runner/.m2/repository/io/grpc/grpc-stub/1.51.1/grpc-stub-1.51.1.jar:/home/runner/.m2/repository/io/netty/netty-transport/4.1.86.Final/netty-transport-4.1.86.Final.jar:/home/runner/.m2/repository/io/netty/netty-resolver/4.1.86.Final/netty-resolver-4.1.86.Final.jar:/home/runner/.m2/repository/org/apache/ozone/ozone-csi/1.4.0-SNAPSHOT/ozone-csi-1.4.0-SNAPSHOT.jar:/home/runner/.m2/repository/com/google/protobuf/protobuf-java-util/3.19.6/protobuf-java-util-3.19.6.jar:/home/runner/.m2/repository/com/google/code/gson/gson/2.9.0/gson-2.9.0.jar:/home/runner/.m2/repository/org/apache/ozone/hdds-config/1.4.0-SNAPSHOT/hdds-config-1.4.0-SNAPSHOT.jar:/home/runner/.m2/repository/io/netty/netty-transport-native-epoll/4.1.86.Final/netty-transport-native-epoll-4.1.86.Final-linux-x86_64.jar:/home/runner/.m2/repository/io/netty/netty-transport-classes-epoll/4.1.86.Final/netty-transport-classes-epoll-4.1.86.Final.jar:/home/runner/.m2/repository/io/netty/netty-transport-native-unix-common/4.1.86.Final/netty-transport-native-unix-common-4.1.86.Final.jar:/home/runner/.m2/repository/org/apache/ozone/ozone-recon/1.4.0-SNAPSHOT/ozone-recon-1.4.0-SNAPSHOT.jar:/home/runner/.m2/repository/org/apache/ozone/ozone-reconcodegen/1.4.0-SNAPSHOT/ozone-reconcodegen-1.4.0-SNAPSHOT.jar:/home/runner/.m2/repository/com/google/inject/guice/5.1.0/guice-5.1.0.jar:/home/runner/.m2/repository/aopalliance/aopalliance/1.0/aopalliance-1.0.jar:/home/runner/.m2/repository/com/google/inject/extensions/guice-assistedinject/5.1.0/guice-assistedinject-5.1.0.jar:/home/runner/.m2/repository/com/google/inject/extensions/guice-servlet/5.1.0/guice-servlet-5.1.0.jar:/home/runner/.m2/repository/org/glassfish/jersey/containers/jersey-container-servlet/2.34/jersey-container-servlet-2.34.jar:/home/runner/.m2/repository/org/glassfish/hk2/guice-bridge/2.5.0/guice-bridge-2.5.0.jar:/home/runner/.m2/repository/org/glassfish/jersey/core/jersey-server/2.34/jersey-server-2.34.jar:/home/runner/.m2/repository/org/glassfish/jersey/core/jersey-client/2.34/jersey-client-2.34.jar:/home/runner/.m2/repository/jakarta/annotation/jakarta.annotation-api/1.3.5/jakarta.annotation-api-1.3.5.jar:/home/runner/.m2/repository/jakarta/validation/jakarta.validation-api/2.0.2/jakarta.validation-api-2.0.2.jar:/home/runner/.m2/repository/org/glassfish/jersey/media/jersey-media-json-jackson/2.34/jersey-media-json-jackson-2.34.jar:/home/runner/.m2/repository/org/glassfish/jersey/ext/jersey-entity-filtering/2.34/jersey-entity-filtering-2.34.jar:/home/runner/.m2/repository/org/jooq/jooq/3.11.10/jooq-3.11.10.jar:/home/runner/.m2/repository/org/jooq/jooq-meta/3.11.10/jooq-meta-3.11.10.jar:/home/runner/.m2/repository/org/jooq/jooq-codegen/3.11.10/jooq-codegen-3.11.10.jar:/home/runner/.m2/repository/com/jolbox/bonecp/0.8.0.RELEASE/bonecp-0.8.0.RELEASE.jar:/home/runner/.m2/repository/org/apache/derby/derby/10.14.2.0/derby-10.14.2.0.jar:/home/runner/.m2/repository/org/xerial/sqlite-jdbc/3.41.2.2/sqlite-jdbc-3.41.2.2.jar:/home/runner/.m2/repository/org/springframework/spring-jdbc/5.3.27/spring-jdbc-5.3.27.jar:/home/runner/.m2/repository/org/springframework/spring-beans/5.3.27/spring-beans-5.3.27.jar:/home/runner/.m2/repository/org/springframework/spring-core/5.3.27/spring-core-5.3.27.jar:/home/runner/.m2/repository/org/springframework/spring-tx/5.3.27/spring-tx-5.3.27.jar:/home/runner/.m2/repository/org/apache/ozone/ozone-client/1.4.0-SNAPSHOT/ozone-client-1.4.0-SNAPSHOT.jar:/home/runner/.m2/repository/org/apache/ozone/hdds-erasurecode/1.4.0-SNAPSHOT/hdds-erasurecode-1.4.0-SNAPSHOT.jar:/home/runner/.m2/repository/org/apache/ozone/ozone-filesystem/1.4.0-SNAPSHOT/ozone-filesystem-1.4.0-SNAPSHOT.jar:/home/runner/.m2/repository/org/apache/ozone/ozone-filesystem-common/1.4.0-SNAPSHOT/ozone-filesystem-common-1.4.0-SNAPSHOT.jar:/home/runner/.m2/repository/org/apache/ozone/ozone-tools/1.4.0-SNAPSHOT/ozone-tools-1.4.0-SNAPSHOT.jar:/home/runner/.m2/repository/com/amazonaws/aws-java-sdk-core/1.12.261/aws-java-sdk-core-1.12.261.jar:/home/runner/.m2/repository/org/apache/httpcomponents/httpclient/4.5.13/httpclient-4.5.13.jar:/home/runner/.m2/repository/org/apache/httpcomponents/httpcore/4.4.13/httpcore-4.4.13.jar:/home/runner/.m2/repository/software/amazon/ion/ion-java/1.0.2/ion-java-1.0.2.jar:/home/runner/.m2/repository/com/fasterxml/jackson/dataformat/jackson-dataformat-cbor/2.13.4/jackson-dataformat-cbor-2.13.4.jar:/home/runner/.m2/repository/joda-time/joda-time/2.10.6/joda-time-2.10.6.jar:/home/runner/.m2/repository/com/amazonaws/aws-java-sdk-s3/1.12.261/aws-java-sdk-s3-1.12.261.jar:/home/runner/.m2/repository/com/amazonaws/aws-java-sdk-kms/1.12.261/aws-java-sdk-kms-1.12.261.jar:/home/runner/.m2/repository/com/amazonaws/jmespath-java/1.12.261/jmespath-java-1.12.261.jar:/home/runner/.m2/repository/org/kohsuke/metainf-services/metainf-services/1.8/metainf-services-1.8.jar:/home/runner/.m2/repository/org/apache/ozone/hdds-tools/1.4.0-SNAPSHOT/hdds-tools-1.4.0-SNAPSHOT.jar:/home/runner/.m2/repository/org/apache/ratis/ratis-tools/2.5.1/ratis-tools-2.5.1.jar:/home/runner/.m2/repository/commons-cli/commons-cli/1.2/commons-cli-1.2.jar:/home/runner/.m2/repository/org/apache/commons/commons-lang3/3.7/commons-lang3-3.7.jar:/home/runner/.m2/repository/org/apache/ozone/ozone-manager/1.4.0-SNAPSHOT/ozone-manager-1.4.0-SNAPSHOT-tests.jar:/home/runner/.m2/repository/org/apache/ozone/hdds-common/1.4.0-SNAPSHOT/hdds-common-1.4.0-SNAPSHOT-tests.jar:/home/runner/.m2/repository/org/apache/ozone/hdds-hadoop-dependency-client/1.4.0-SNAPSHOT/hdds-hadoop-dependency-client-1.4.0-SNAPSHOT.jar:/home/runner/.m2/repository/info/picocli/picocli/4.6.1/picocli-4.6.1.jar:/home/runner/.m2/repository/com/fasterxml/jackson/core/jackson-annotations/2.13.4/jackson-annotations-2.13.4.jar:/home/runner/.m2/repository/org/apache/ozone/hdds-annotation-processing/1.4.0-SNAPSHOT/hdds-annotation-processing-1.4.0-SNAPSHOT.jar:/home/runner/.m2/repository/javax/annotation/javax.annotation-api/1.2/javax.annotation-api-1.2.jar:/home/runner/.m2/repository/org/apache/ratis/ratis-netty/2.5.1/ratis-netty-2.5.1.jar:/home/runner/.m2/repository/org/apache/ratis/ratis-grpc/2.5.1/ratis-grpc-2.5.1.jar:/home/runner/.m2/repository/org/apache/logging/log4j/log4j-api/2.17.1/log4j-api-2.17.1.jar:/home/runner/.m2/repository/org/apache/commons/commons-pool2/2.6.0/commons-pool2-2.6.0.jar:/home/runner/.m2/repository/org/bouncycastle/bcpkix-jdk15on/1.67/bcpkix-jdk15on-1.67.jar:/home/runner/.m2/repository/commons-validator/commons-validator/1.6/commons-validator-1.6.jar:/home/runner/.m2/repository/commons-beanutils/commons-beanutils/1.9.4/commons-beanutils-1.9.4.jar:/home/runner/.m2/repository/commons-digester/commons-digester/1.8.1/commons-digester-1.8.1.jar:/home/runner/.m2/repository/commons-collections/commons-collections/3.2.2/commons-collections-3.2.2.jar:/home/runner/.m2/repository/io/jaegertracing/jaeger-client/1.6.0/jaeger-client-1.6.0.jar:/home/runner/.m2/repository/io/jaegertracing/jaeger-thrift/1.6.0/jaeger-thrift-1.6.0.jar:/home/runner/.m2/repository/org/apache/thrift/libthrift/0.14.1/libthrift-0.14.1.jar:/home/runner/.m2/repository/io/jaegertracing/jaeger-core/1.6.0/jaeger-core-1.6.0.jar:/home/runner/.m2/repository/io/jaegertracing/jaeger-tracerresolver/1.6.0/jaeger-tracerresolver-1.6.0.jar:/home/runner/.m2/repository/io/opentracing/contrib/opentracing-tracerresolver/0.1.8/opentracing-tracerresolver-0.1.8.jar:/home/runner/.m2/repository/org/jetbrains/kotlin/kotlin-stdlib/1.6.21/kotlin-stdlib-1.6.21.jar:/home/runner/.m2/repository/org/jetbrains/annotations/13.0/annotations-13.0.jar:/home/runner/.m2/repository/io/opentracing/opentracing-util/0.33.0/opentracing-util-0.33.0.jar:/home/runner/.m2/repository/io/opentracing/opentracing-api/0.33.0/opentracing-api-0.33.0.jar:/home/runner/.m2/repository/io/opentracing/opentracing-noop/0.33.0/opentracing-noop-0.33.0.jar:/home/runner/.m2/repository/org/yaml/snakeyaml/2.0/snakeyaml-2.0.jar:/home/runner/.m2/repository/io/grpc/grpc-api/1.51.1/grpc-api-1.51.1.jar:/home/runner/.m2/repository/io/grpc/grpc-context/1.51.1/grpc-context-1.51.1.jar:/home/runner/.m2/repository/junit/junit/4.13.1/junit-4.13.1.jar:/home/runner/.m2/repository/org/hamcrest/hamcrest-core/1.3/hamcrest-core-1.3.jar:/home/runner/.m2/repository/org/junit/jupiter/junit-jupiter-api/5.8.2/junit-jupiter-api-5.8.2.jar:/home/runner/.m2/repository/org/opentest4j/opentest4j/1.2.0/opentest4j-1.2.0.jar:/home/runner/.m2/repository/org/junit/platform/junit-platform-commons/1.8.2/junit-platform-commons-1.8.2.jar:/home/runner/.m2/repository/org/apiguardian/apiguardian-api/1.1.2/apiguardian-api-1.1.2.jar:/home/runner/.m2/repository/org/junit/jupiter/junit-jupiter-params/5.8.2/junit-jupiter-params-5.8.2.jar:/home/runner/.m2/repository/org/junit/jupiter/junit-jupiter-migrationsupport/5.8.2/junit-jupiter-migrationsupport-5.8.2.jar:/home/runner/.m2/repository/org/junit/jupiter/junit-jupiter-engine/5.8.2/junit-jupiter-engine-5.8.2.jar:/home/runner/.m2/repository/org/junit/platform/junit-platform-engine/1.8.2/junit-platform-engine-1.8.2.jar:/home/runner/.m2/repository/org/junit/vintage/junit-vintage-engine/5.8.2/junit-vintage-engine-5.8.2.jar:/home/runner/.m2/repository/org/junit/platform/junit-platform-launcher/1.8.2/junit-platform-launcher-1.8.2.jar:/home/runner/.m2/repository/org/mockito/mockito-core/3.5.9/mockito-core-3.5.9.jar:/home/runner/.m2/repository/net/bytebuddy/byte-buddy/1.10.13/byte-buddy-1.10.13.jar:/home/runner/.m2/repository/net/bytebuddy/byte-buddy-agent/1.10.13/byte-buddy-agent-1.10.13.jar:/home/runner/.m2/repository/org/objenesis/objenesis/1.0/objenesis-1.0.jar:/home/runner/.m2/repository/org/apache/hadoop/hadoop-kms/3.3.5/hadoop-kms-3.3.5.jar:/home/runner/.m2/repository/org/apache/hadoop/hadoop-auth/3.3.5/hadoop-auth-3.3.5.jar:/home/runner/.m2/repository/com/nimbusds/nimbus-jose-jwt/9.8.1/nimbus-jose-jwt-9.8.1.jar:/home/runner/.m2/repository/com/github/stephenc/jcip/jcip-annotations/1.0-1/jcip-annotations-1.0-1.jar:/home/runner/.m2/repository/net/minidev/json-smart/2.4.7/json-smart-2.4.7.jar:/home/runner/.m2/repository/net/minidev/accessors-smart/2.4.7/accessors-smart-2.4.7.jar:/home/runner/.m2/repository/org/ow2/asm/asm/5.0.4/asm-5.0.4.jar:/home/runner/.m2/repository/org/apache/zookeeper/zookeeper/3.5.6/zookeeper-3.5.6.jar:/home/runner/.m2/repository/org/apache/zookeeper/zookeeper-jute/3.5.6/zookeeper-jute-3.5.6.jar:/home/runner/.m2/repository/org/apache/yetus/audience-annotations/0.5.0/audience-annotations-0.5.0.jar:/home/runner/.m2/repository/org/apache/curator/curator-framework/4.2.0/curator-framework-4.2.0.jar:/home/runner/.m2/repository/org/apache/hadoop/thirdparty/hadoop-shaded-guava/1.1.1/hadoop-shaded-guava-1.1.1.jar:/home/runner/.m2/repository/com/sun/jersey/jersey-core/1.19/jersey-core-1.19.jar:/home/runner/.m2/repository/javax/ws/rs/jsr311-api/1.1.1/jsr311-api-1.1.1.jar:/home/runner/.m2/repository/com/sun/jersey/jersey-server/1.19/jersey-server-1.19.jar:/home/runner/.m2/repository/javax/servlet/javax.servlet-api/3.1.0/javax.servlet-api-3.1.0.jar:/home/runner/.m2/repository/org/apache/hadoop/hadoop-common/3.3.5/hadoop-common-3.3.5.jar:/home/runner/.m2/repository/org/apache/commons/commons-math3/3.1.1/commons-math3-3.1.1.jar:/home/runner/.m2/repository/commons-net/commons-net/3.9.0/commons-net-3.9.0.jar:/home/runner/.m2/repository/com/sun/jersey/jersey-servlet/1.19/jersey-servlet-1.19.jar:/home/runner/.m2/repository/com/github/pjfanning/jersey-json/1.20/jersey-json-1.20.jar:/home/runner/.m2/repository/org/codehaus/jettison/jettison/1.1/jettison-1.1.jar:/home/runner/.m2/repository/com/sun/xml/bind/jaxb-impl/2.2.3-1/jaxb-impl-2.2.3-1.jar:/home/runner/.m2/repository/com/google/re2j/re2j/1.1/re2j-1.1.jar:/home/runner/.m2/repository/com/jcraft/jsch/0.1.54/jsch-0.1.54.jar:/home/runner/.m2/repository/org/apache/curator/curator-client/4.2.0/curator-client-4.2.0.jar:/home/runner/.m2/repository/org/apache/curator/curator-recipes/4.2.0/curator-recipes-4.2.0.jar:/home/runner/.m2/repository/org/apache/kerby/kerb-core/1.0.1/kerb-core-1.0.1.jar:/home/runner/.m2/repository/org/apache/kerby/kerby-pkix/1.0.1/kerby-pkix-1.0.1.jar:/home/runner/.m2/repository/org/apache/kerby/kerby-asn1/1.0.1/kerby-asn1-1.0.1.jar:/home/runner/.m2/repository/org/apache/kerby/kerby-util/1.0.1/kerby-util-1.0.1.jar:/home/runner/.m2/repository/dnsjava/dnsjava/2.1.7/dnsjava-2.1.7.jar:/home/runner/.m2/repository/org/xerial/snappy/snappy-java/1.1.8.2/snappy-java-1.1.8.2.jar:/home/runner/.m2/repository/com/fasterxml/jackson/core/jackson-databind/2.13.4.2/jackson-databind-2.13.4.2.jar:/home/runner/.m2/repository/org/apache/hadoop/hadoop-kms/3.3.5/hadoop-kms-3.3.5-tests.jar:/home/runner/.m2/repository/org/apache/ozone/hdds-server-scm/1.4.0-SNAPSHOT/hdds-server-scm-1.4.0-SNAPSHOT-tests.jar:/home/runner/.m2/repository/org/apache/ozone/hdds-container-service/1.4.0-SNAPSHOT/hdds-container-service-1.4.0-SNAPSHOT-tests.jar:/home/runner/.m2/repository/com/github/luben/zstd-jni/1.5.2-5/zstd-jni-1.5.2-5.jar:/home/runner/.m2/repository/commons-codec/commons-codec/1.15/commons-codec-1.15.jar:/home/runner/.m2/repository/io/netty/netty-codec/4.1.86.Final/netty-codec-4.1.86.Final.jar:/home/runner/.m2/repository/io/netty/netty-handler/4.1.86.Final/netty-handler-4.1.86.Final.jar:/home/runner/.m2/repository/org/apache/ozone/hdds-hadoop-dependency-test/1.4.0-SNAPSHOT/hdds-hadoop-dependency-test-1.4.0-SNAPSHOT.jar:/home/runner/.m2/repository/org/apache/hadoop/hadoop-common/3.3.5/hadoop-common-3.3.5-tests.jar:/home/runner/.m2/repository/org/apache/hadoop/hadoop-hdfs/3.3.5/hadoop-hdfs-3.3.5-tests.jar:/home/runner/.m2/repository/org/assertj/assertj-core/3.12.2/assertj-core-3.12.2.jar:/home/runner/.m2/repository/org/apache/hadoop/hadoop-distcp/3.3.5/hadoop-distcp-3.3.5.jar:/home/runner/.m2/repository/org/apache/hadoop/hadoop-mapreduce-client-jobclient/3.3.5/hadoop-mapreduce-client-jobclient-3.3.5.jar:/home/runner/.m2/repository/org/apache/hadoop/hadoop-mapreduce-client-common/3.3.5/hadoop-mapreduce-client-common-3.3.5.jar:/home/runner/.m2/repository/org/apache/hadoop/hadoop-yarn-common/3.3.5/hadoop-yarn-common-3.3.5.jar:/home/runner/.m2/repository/org/apache/hadoop/hadoop-yarn-api/3.3.5/hadoop-yarn-api-3.3.5.jar:/home/runner/.m2/repository/com/sun/jersey/contribs/jersey-guice/1.19/jersey-guice-1.19.jar:/home/runner/.m2/repository/com/fasterxml/jackson/jaxrs/jackson-jaxrs-json-provider/2.13.4/jackson-jaxrs-json-provider-2.13.4.jar:/home/runner/.m2/repository/com/fasterxml/jackson/jaxrs/jackson-jaxrs-base/2.13.4/jackson-jaxrs-base-2.13.4.jar:/home/runner/.m2/repository/org/apache/hadoop/hadoop-yarn-client/3.3.5/hadoop-yarn-client-3.3.5.jar:/home/runner/.m2/repository/org/eclipse/jetty/websocket/websocket-client/9.4.48.v20220622/websocket-client-9.4.48.v20220622.jar:/home/runner/.m2/repository/org/eclipse/jetty/websocket/websocket-common/9.4.48.v20220622/websocket-common-9.4.48.v20220622.jar:/home/runner/.m2/repository/org/eclipse/jetty/websocket/websocket-api/9.4.48.v20220622/websocket-api-9.4.48.v20220622.jar:/home/runner/.m2/repository/org/jline/jline/3.9.0/jline-3.9.0.jar:/home/runner/.m2/repository/org/apache/hadoop/hadoop-mapreduce-client-core/3.3.5/hadoop-mapreduce-client-core-3.3.5.jar:/home/runner/.m2/repository/org/apache/avro/avro/1.7.7/avro-1.7.7.jar:/home/runner/.m2/repository/com/thoughtworks/paranamer/paranamer/2.3/paranamer-2.3.jar:/home/runner/.m2/repository/org/apache/hadoop/hadoop-annotations/3.3.5/hadoop-annotations-3.3.5.jar:/usr/lib/jvm/temurin-8-jdk-amd64/jre/../lib/tools.jar:/home/runner/.m2/repository/io/netty/netty/3.10.6.Final/netty-3.10.6.Final.jar:/home/runner/.m2/repository/org/apache/hadoop/hadoop-distcp/3.3.5/hadoop-distcp-3.3.5-tests.jar:/home/runner/.m2/repository/org/slf4j/jul-to-slf4j/1.7.36/jul-to-slf4j-1.7.36.jar:"/>
    <property name="sun.cpu.endian" value="little"/>
    <property name="user.home" value="/home/runner"/>
    <property name="user.language" value="en"/>
    <property name="java.specification.vendor" value="Oracle Corporation"/>
    <property name="java.home" value="/usr/lib/jvm/temurin-8-jdk-amd64/jre"/>
    <property name="java.security.krb5.conf" value="/home/runner/work/ozone/ozone/hadoop-ozone/integration-test/target/test-classes/krb5.conf"/>
    <property name="basedir" value="/home/runner/work/ozone/ozone/hadoop-ozone/integration-test"/>
    <property name="file.separator" value="/"/>
    <property name="line.separator" value="&#10;"/>
    <property name="java.vm.specification.vendor" value="Oracle Corporation"/>
    <property name="java.specification.name" value="Java Platform API Specification"/>
    <property name="java.awt.graphicsenv" value="sun.awt.X11GraphicsEnvironment"/>
    <property name="skip.installnpx" value="true"/>
    <property name="surefire.real.class.path" value="/home/runner/work/ozone/ozone/hadoop-ozone/integration-test/target/surefire/surefirebooter9159990268406214873.jar:/home/runner/.m2/repository/org/jacoco/org.jacoco.agent/0.8.5/org.jacoco.agent-0.8.5-runtime.jar"/>
    <property name="hadoop.log.dir" value="/home/runner/work/ozone/ozone/hadoop-ozone/integration-test/target/log"/>
    <property name="sun.boot.class.path" value="/usr/lib/jvm/temurin-8-jdk-amd64/jre/lib/resources.jar:/usr/lib/jvm/temurin-8-jdk-amd64/jre/lib/rt.jar:/usr/lib/jvm/temurin-8-jdk-amd64/jre/lib/sunrsasign.jar:/usr/lib/jvm/temurin-8-jdk-amd64/jre/lib/jsse.jar:/usr/lib/jvm/temurin-8-jdk-amd64/jre/lib/jce.jar:/usr/lib/jvm/temurin-8-jdk-amd64/jre/lib/charsets.jar:/usr/lib/jvm/temurin-8-jdk-amd64/jre/lib/jfr.jar:/usr/lib/jvm/temurin-8-jdk-amd64/jre/classes"/>
    <property name="sun.management.compiler" value="HotSpot 64-Bit Tiered Compilers"/>
    <property name="skip.npx" value="true"/>
    <property name="java.runtime.version" value="1.8.0_372-b07"/>
    <property name="java.net.preferIPv4Stack" value="true"/>
    <property name="user.name" value="runner"/>
    <property name="path.separator" value=":"/>
    <property name="java.security.egd" value="file:///dev/urandom"/>
    <property name="os.version" value="5.15.0-1040-azure"/>
    <property name="java.endorsed.dirs" value="/usr/lib/jvm/temurin-8-jdk-amd64/jre/lib/endorsed"/>
    <property name="java.runtime.name" value="OpenJDK Runtime Environment"/>
    <property name="file.encoding" value="UTF-8"/>
    <property name="java.vm.name" value="OpenJDK 64-Bit Server VM"/>
    <property name="test.build.webapps" value=""/>
    <property name="localRepository" value="/home/runner/.m2/repository"/>
    <property name="jetty.git.hash" value="b45c405e4544384de066f814ed42ae3dceacdd49"/>
    <property name="java.vendor.url.bug" value="https://github.com/adoptium/adoptium-support/issues"/>
    <property name="java.io.tmpdir" value="/tmp"/>
    <property name="require.test.libhadoop" value=""/>
    <property name="java.version" value="1.8.0_372"/>
    <property name="user.dir" value="/home/runner/work/ozone/ozone/hadoop-ozone/integration-test"/>
    <property name="os.arch" value="amd64"/>
    <property name="java.vm.specification.name" value="Java Virtual Machine Specification"/>
    <property name="test.build.classes" value="/home/runner/work/ozone/ozone/hadoop-ozone/integration-test/target/test-classes"/>
    <property name="java.awt.printerjob" value="sun.print.PSPrinterJob"/>
    <property name="sun.os.patch.level" value="unknown"/>
    <property name="org.apache.ratis.thirdparty.io.netty.allocator.useCacheForAllThreads" value="false"/>
    <property name="hadoop.tmp.dir" value="/home/runner/work/ozone/ozone/hadoop-ozone/integration-test/target/tmp"/>
    <property name="java.library.path" value="/usr/java/packages/lib/amd64:/usr/lib64:/lib64:/lib:/usr/lib"/>
    <property name="java.vm.info" value="mixed mode"/>
    <property name="java.vendor" value="Temurin"/>
    <property name="java.vm.version" value="25.372-b07"/>
    <property name="java.specification.maintenance.version" value="4"/>
    <property name="java.ext.dirs" value="/usr/lib/jvm/temurin-8-jdk-amd64/jre/lib/ext:/usr/java/packages/lib/ext"/>
    <property name="sun.io.unicode.encoding" value="UnicodeLittle"/>
    <property name="java.class.version" value="52.0"/>
  </properties>
  <testcase name="testRenameDir" classname="TestRootedOzoneFileSystemWithFSO" time="0.327">
    <system-out><![CDATA[2023-06-22 13:16:47,015 [main] WARN  server.ServerUtils (ServerUtils.java:getScmDbDir(155)) - ozone.scm.db.dirs is not configured. We recommend adding this setting. Falling back to ozone.metadata.dirs instead.
2023-06-22 13:16:47,208 [main] INFO  reflections.Reflections (Reflections.java:scan(232)) - Reflections took 150 ms to scan 7 urls, producing 159 keys and 372 values 
2023-06-22 13:16:47,319 [main] WARN  server.ServerUtils (ServerUtils.java:getScmDbDir(155)) - ozone.scm.db.dirs is not configured. We recommend adding this setting. Falling back to ozone.metadata.dirs instead.
2023-06-22 13:16:47,322 [main] INFO  ha.SCMHANodeDetails (SCMHANodeDetails.java:loadSCMHAConfig(210)) - ServiceID for StorageContainerManager is null
2023-06-22 13:16:47,328 [main] WARN  ha.SCMHANodeDetails (SCMHANodeDetails.java:validateSCMHAConfig(183)) - Invalid config ozone.scm.ratis.enable. The config was not specified, but the default value true conflicts with the expected config value false. Falling back to the expected value. Current State of SCM: SCM is running in Non-HA without Ratis Ratis SCM -> Non Ratis SCM or Non HA SCM -> HA SCM is not supported
2023-06-22 13:16:47,329 [main] INFO  ha.SCMHANodeDetails (SCMHANodeDetails.java:loadSCMHAConfig(215)) - ozone.scm.default.service.id is not defined, falling back to ozone.scm.service.ids to find serviceID for StorageContainerManager if it is HA enabled cluster
2023-06-22 13:16:47,919 [main] WARN  utils.HAUtils (HAUtils.java:getMetaDir(339)) - ozone.scm.db.dirs is not configured. We recommend adding this setting. Falling back to ozone.metadata.dirs instead.
2023-06-22 13:16:48,064 [main] WARN  db.DBStoreBuilder (DBStoreBuilder.java:applyDBDefinition(166)) - ozone.scm.db.dirs is not configured. We recommend adding this setting. Falling back to ozone.metadata.dirs instead.
2023-06-22 13:16:48,281 [main] INFO  net.NodeSchemaLoader (NodeSchemaLoader.java:loadSchemaFromFile(129)) - Loading schema from [jar:file:/home/runner/.m2/repository/org/apache/ozone/hdds-common/1.4.0-SNAPSHOT/hdds-common-1.4.0-SNAPSHOT.jar!/network-topology-default.xml]
2023-06-22 13:16:48,283 [main] INFO  net.NodeSchemaLoader (NodeSchemaLoader.java:loadSchema(176)) - Loading network topology layer schema file
2023-06-22 13:16:48,329 [main] INFO  metrics.MetricRegistries (MetricRegistriesLoader.java:load(64)) - Loaded MetricRegistries class org.apache.ratis.metrics.impl.MetricRegistriesImpl
2023-06-22 13:16:48,342 [main] INFO  upgrade.AbstractLayoutVersionManager (AbstractLayoutVersionManager.java:init(83)) - Initializing Layout version manager with metadata layout = HADOOP_PRC_PORTS_IN_DATANODEDETAILS (version = 7), software layout = HADOOP_PRC_PORTS_IN_DATANODEDETAILS (version = 7)
2023-06-22 13:16:48,526 [main] INFO  ha.SequenceIdGenerator (SequenceIdGenerator.java:upgradeToSequenceId(349)) - upgrade localId to 111677748019200000
2023-06-22 13:16:48,527 [main] INFO  ha.SequenceIdGenerator (SequenceIdGenerator.java:upgradeToSequenceId(359)) - upgrade delTxnId to 0
2023-06-22 13:16:48,544 [main] INFO  ha.SequenceIdGenerator (SequenceIdGenerator.java:upgradeToSequenceId(376)) - upgrade containerId to 0
2023-06-22 13:16:48,546 [main] INFO  ha.SequenceIdGenerator (SequenceIdGenerator.java:<init>(220)) - Init the HA SequenceIdGenerator.
2023-06-22 13:16:48,600 [main] WARN  server.ServerUtils (ServerUtils.java:sanitizeUserArgs(80)) - ozone.scm.stale.node.interval value = 300000 is larger than max = 100000 based on the key value of ozone.scm.heartbeat.thread.interval, reset to the max value 100000.
2023-06-22 13:16:48,600 [main] WARN  server.ServerUtils (ServerUtils.java:sanitizeUserArgs(80)) - ozone.scm.stale.node.interval value = 300000 is larger than max = 100000 based on the key value of ozone.scm.heartbeat.thread.interval, reset to the max value 100000.
2023-06-22 13:16:48,605 [main] INFO  node.SCMNodeManager (SCMNodeManager.java:<init>(158)) - Entering startup safe mode.
2023-06-22 13:16:48,623 [main] INFO  algorithms.ContainerPlacementPolicyFactory (ContainerPlacementPolicyFactory.java:getPolicyInternal(86)) - Create container placement policy of type org.apache.hadoop.hdds.scm.container.placement.algorithms.SCMContainerPlacementRackAware
2023-06-22 13:16:48,626 [main] INFO  algorithms.ContainerPlacementPolicyFactory (ContainerPlacementPolicyFactory.java:getPolicyInternal(86)) - Create container placement policy of type org.apache.hadoop.hdds.scm.container.placement.algorithms.SCMContainerPlacementRackScatter
2023-06-22 13:16:48,635 [main] INFO  pipeline.PipelineStateManagerImpl (PipelineStateManagerImpl.java:initialize(78)) - No pipeline exists in current db
2023-06-22 13:16:48,649 [main] INFO  algorithms.LeaderChoosePolicyFactory (LeaderChoosePolicyFactory.java:getPolicy(57)) - Create leader choose policy of type org.apache.hadoop.hdds.scm.pipeline.leader.choose.algorithms.MinLeaderCountChoosePolicy
2023-06-22 13:16:48,649 [main] INFO  algorithms.ContainerPlacementPolicyFactory (ContainerPlacementPolicyFactory.java:getPolicyInternal(86)) - Create container placement policy of type org.apache.hadoop.hdds.scm.container.placement.algorithms.SCMContainerPlacementRackScatter
2023-06-22 13:16:48,657 [main] INFO  ha.SCMServiceManager (SCMServiceManager.java:register(42)) - Registering service BackgroundPipelineCreator.
2023-06-22 13:16:48,658 [main] INFO  pipeline.BackgroundPipelineCreator (BackgroundPipelineCreator.java:start(124)) - Starting RatisPipelineUtilsThread.
2023-06-22 13:16:48,660 [main] INFO  BackgroundPipelineScrubber (BackgroundSCMService.java:start(68)) - Starting BackgroundPipelineScrubber Service.
2023-06-22 13:16:48,661 [main] INFO  ha.SCMServiceManager (SCMServiceManager.java:register(42)) - Registering service BackgroundPipelineScrubber.
2023-06-22 13:16:48,667 [main] INFO  ExpiredContainerReplicaOpScrubber (BackgroundSCMService.java:start(68)) - Starting ExpiredContainerReplicaOpScrubber Service.
2023-06-22 13:16:48,668 [main] INFO  ha.SCMServiceManager (SCMServiceManager.java:register(42)) - Registering service ExpiredContainerReplicaOpScrubber.
2023-06-22 13:16:48,711 [main] INFO  algorithms.PipelineChoosePolicyFactory (PipelineChoosePolicyFactory.java:createPipelineChoosePolicyFromClass(73)) - Create pipeline choose policy of type org.apache.hadoop.hdds.scm.pipeline.choose.algorithms.RandomPipelineChoosePolicy
2023-06-22 13:16:48,735 [main] INFO  ha.SCMServiceManager (SCMServiceManager.java:register(42)) - Registering service SCMBlockDeletingService.
2023-06-22 13:16:48,783 [main] INFO  replication.ReplicationManager (ReplicationManager.java:start(286)) - Starting Replication Monitor Thread.
2023-06-22 13:16:48,791 [main] INFO  ha.SCMServiceManager (SCMServiceManager.java:register(42)) - Registering service ReplicationManager.
2023-06-22 13:16:48,794 [ReplicationMonitor] INFO  replication.ReplicationManager (ReplicationManager.java:processAll(361)) - Replication Manager is not ready to run until 3000ms after safemode exit
2023-06-22 13:16:48,800 [main] INFO  safemode.ContainerSafeModeRule (ContainerSafeModeRule.java:<init>(89)) - containers with one replica threshold count 0
2023-06-22 13:16:48,803 [main] INFO  safemode.HealthyPipelineSafeModeRule (HealthyPipelineSafeModeRule.java:initializeRule(169)) - Total pipeline count is 0, healthy pipeline threshold count is 1
2023-06-22 13:16:48,805 [main] INFO  safemode.OneReplicaPipelineSafeModeRule (OneReplicaPipelineSafeModeRule.java:initializeRule(180)) - Total pipeline count is 0, pipeline's with at least one datanode reported threshold count is 0
2023-06-22 13:16:48,822 [main] INFO  server.StorageContainerManager (StorageContainerManager.java:<init>(420)) - SCM start with adminUsers: [runner]
2023-06-22 13:16:49,139 [main] INFO  audit.AuditLogger (AuditLogger.java:refreshDebugCmdSet(126)) - Refresh DebugCmdSet for SCMAudit to [].
2023-06-22 13:16:49,168 [main] INFO  ipc.CallQueueManager (CallQueueManager.java:<init>(90)) - Using callQueue: class java.util.concurrent.LinkedBlockingQueue, queueCapacity: 2000, scheduler: class org.apache.hadoop.ipc.DefaultRpcScheduler, ipcBackoff: false.
2023-06-22 13:16:49,203 [Socket Reader #1 for port 15002] INFO  ipc.Server (Server.java:run(1319)) - Starting Socket Reader #1 for port 15002
2023-06-22 13:16:49,239 [Listener at 0.0.0.0/15002] INFO  hdds.HddsUtils (HddsUtils.java:preserveThreadName(848)) - Restoring thread name: main
2023-06-22 13:16:49,261 [main] INFO  audit.AuditLogger (AuditLogger.java:refreshDebugCmdSet(126)) - Refresh DebugCmdSet for SCMAudit to [].
2023-06-22 13:16:49,266 [main] INFO  ipc.CallQueueManager (CallQueueManager.java:<init>(90)) - Using callQueue: class java.util.concurrent.LinkedBlockingQueue, queueCapacity: 2000, scheduler: class org.apache.hadoop.ipc.DefaultRpcScheduler, ipcBackoff: false.
2023-06-22 13:16:49,267 [Socket Reader #1 for port 15001] INFO  ipc.Server (Server.java:run(1319)) - Starting Socket Reader #1 for port 15001
2023-06-22 13:16:49,269 [Listener at 0.0.0.0/15001] INFO  hdds.HddsUtils (HddsUtils.java:preserveThreadName(848)) - Restoring thread name: main
2023-06-22 13:16:49,311 [main] INFO  audit.AuditLogger (AuditLogger.java:refreshDebugCmdSet(126)) - Refresh DebugCmdSet for SCMAudit to [].
2023-06-22 13:16:49,321 [main] INFO  ipc.CallQueueManager (CallQueueManager.java:<init>(90)) - Using callQueue: class java.util.concurrent.LinkedBlockingQueue, queueCapacity: 2000, scheduler: class org.apache.hadoop.ipc.DefaultRpcScheduler, ipcBackoff: false.
2023-06-22 13:16:49,322 [Socket Reader #1 for port 15000] INFO  ipc.Server (Server.java:run(1319)) - Starting Socket Reader #1 for port 15000
2023-06-22 13:16:49,323 [Listener at 0.0.0.0/15000] INFO  hdds.HddsUtils (HddsUtils.java:preserveThreadName(848)) - Restoring thread name: main
2023-06-22 13:16:49,365 [main] INFO  ha.SCMServiceManager (SCMServiceManager.java:register(42)) - Registering service ContainerBalancer.
2023-06-22 13:16:49,366 [main] INFO  server.StorageContainerManager (StorageContainerManager.java:<init>(433)) - 
Container Balancer status:
Key                            Value
Running                        false
Container Balancer Configuration values:
Key                                                Value
Threshold                                          10
Max Datanodes to Involve per Iteration(percent)    20
Max Size to Move per Iteration                     500GB
Max Size Entering Target per Iteration             26GB
Max Size Leaving Source per Iteration              26GB

2023-06-22 13:16:49,366 [main] INFO  ha.SCMContext (SCMContext.java:updateSafeModeStatus(228)) - Update SafeModeStatus from SafeModeStatus{safeModeStatus=true, preCheckPassed=false} to SafeModeStatus{safeModeStatus=true, preCheckPassed=false}.
2023-06-22 13:16:49,369 [main] INFO  server.StorageContainerManager (StorageContainerManager.java:start(1487)) - StorageContainerLocationProtocol RPC server is listening at /0.0.0.0:15000
2023-06-22 13:16:49,428 [main] WARN  impl.MetricsConfig (MetricsConfig.java:loadFirst(136)) - Cannot locate configuration: tried hadoop-metrics2-storagecontainermanager.properties,hadoop-metrics2.properties
2023-06-22 13:16:49,439 [main] INFO  impl.MetricsSystemImpl (MetricsSystemImpl.java:startTimer(378)) - Scheduled Metric snapshot period at 10 second(s).
2023-06-22 13:16:49,440 [main] INFO  impl.MetricsSystemImpl (MetricsSystemImpl.java:start(191)) - StorageContainerManager metrics system started
2023-06-22 13:16:49,691 [main] INFO  server.SCMClientProtocolServer (SCMClientProtocolServer.java:start(201)) - RPC server for Client  is listening at /0.0.0.0:15000
2023-06-22 13:16:49,692 [IPC Server Responder] INFO  ipc.Server (Server.java:run(1558)) - IPC Server Responder: starting
2023-06-22 13:16:49,697 [IPC Server listener on 15000] INFO  ipc.Server (Server.java:run(1398)) - IPC Server listener on 15000: starting
2023-06-22 13:16:49,708 [main] INFO  server.StorageContainerManager (StorageContainerManager.java:start(1500)) - ScmBlockLocationProtocol RPC server is listening at /0.0.0.0:15001
2023-06-22 13:16:49,720 [main] INFO  server.SCMBlockProtocolServer (SCMBlockProtocolServer.java:start(152)) - RPC server for Block Protocol is listening at /0.0.0.0:15001
2023-06-22 13:16:49,723 [IPC Server Responder] INFO  ipc.Server (Server.java:run(1558)) - IPC Server Responder: starting
2023-06-22 13:16:49,728 [IPC Server listener on 15001] INFO  ipc.Server (Server.java:run(1398)) - IPC Server listener on 15001: starting
2023-06-22 13:16:49,730 [main] INFO  server.SCMDatanodeProtocolServer (SCMDatanodeProtocolServer.java:start(193)) - ScmDatanodeProtocol RPC server for DataNodes is listening at /0.0.0.0:15002
2023-06-22 13:16:49,731 [IPC Server Responder] INFO  ipc.Server (Server.java:run(1558)) - IPC Server Responder: starting
2023-06-22 13:16:49,732 [IPC Server listener on 15002] INFO  ipc.Server (Server.java:run(1398)) - IPC Server listener on 15002: starting
2023-06-22 13:16:49,754 [JvmPauseMonitor0] INFO  util.JvmPauseMonitor (JvmPauseMonitor.java:run(103)) - JvmPauseMonitor-474f69bd-2d18-45d6-b363-3eeca4480769: Started
2023-06-22 13:16:49,760 [main] INFO  http.BaseHttpServer (BaseHttpServer.java:newHttpServer2BuilderForOzone(224)) - Starting Web-server for scm at: http://0.0.0.0:15003
2023-06-22 13:16:49,761 [main] INFO  http.BaseHttpServer (BaseHttpServer.java:<init>(111)) - Hadoop Security Enabled: false Ozone Security Enabled: false Ozone HTTP Security Enabled: false 
2023-06-22 13:16:49,786 [main] INFO  util.log (Log.java:initialized(170)) - Logging initialized @4311ms to org.eclipse.jetty.util.log.Slf4jLog
2023-06-22 13:16:49,876 [main] WARN  server.AuthenticationFilter (AuthenticationFilter.java:constructSecretProvider(240)) - Unable to initialize FileSignerSecretProvider, falling back to use random secrets. Reason: Could not read signature secret file: /home/runner/hadoop-http-auth-signature-secret
2023-06-22 13:16:49,881 [main] INFO  http.HttpRequestLog (HttpRequestLog.java:getRequestLog(86)) - Http request log for http.requests.scm is not defined
2023-06-22 13:16:49,888 [main] INFO  http.HttpServer2 (HttpServer2.java:addGlobalFilter(1031)) - Added global filter 'safety' (class=org.apache.hadoop.hdds.server.http.HttpServer2$QuotingInputFilter)
2023-06-22 13:16:49,892 [main] INFO  http.HttpServer2 (HttpServer2.java:addFilter(1007)) - Added filter static_user_filter (class=org.apache.hadoop.http.lib.StaticUserWebFilter$StaticUserFilter) to context scm
2023-06-22 13:16:49,893 [main] INFO  http.HttpServer2 (HttpServer2.java:addFilter(1015)) - Added filter static_user_filter (class=org.apache.hadoop.http.lib.StaticUserWebFilter$StaticUserFilter) to context logs
2023-06-22 13:16:49,893 [main] INFO  http.HttpServer2 (HttpServer2.java:addFilter(1015)) - Added filter static_user_filter (class=org.apache.hadoop.http.lib.StaticUserWebFilter$StaticUserFilter) to context static
2023-06-22 13:16:49,929 [main] INFO  http.BaseHttpServer (BaseHttpServer.java:<init>(190)) - HTTP server of scm uses base directory /home/runner/work/ozone/ozone/hadoop-ozone/integration-test/target/test-dir/MiniOzoneClusterImpl-0c9ac019-7194-482d-81d1-9ca5b99c70d1/ozone-meta/webserver
2023-06-22 13:16:49,930 [main] INFO  http.HttpServer2 (HttpServer2.java:bindListener(1250)) - Jetty bound to port 15003
2023-06-22 13:16:49,932 [main] INFO  server.Server (Server.java:doStart(375)) - jetty-9.4.51.v20230217; built: 2023-02-17T08:19:37.309Z; git: b45c405e4544384de066f814ed42ae3dceacdd49; jvm 1.8.0_372-b07
2023-06-22 13:16:49,957 [main] INFO  server.session (DefaultSessionIdManager.java:doStart(334)) - DefaultSessionIdManager workerName=node0
2023-06-22 13:16:49,957 [main] INFO  server.session (DefaultSessionIdManager.java:doStart(339)) - No SessionScavenger set, using defaults
2023-06-22 13:16:49,959 [main] INFO  server.session (HouseKeeper.java:startScavenging(132)) - node0 Scavenging every 660000ms
2023-06-22 13:16:49,970 [main] INFO  handler.ContextHandler (ContextHandler.java:doStart(921)) - Started o.e.j.s.ServletContextHandler@2a4bee4e{logs,/logs,file:///home/runner/work/ozone/ozone/hadoop-ozone/integration-test/target/log,AVAILABLE}
2023-06-22 13:16:49,971 [main] INFO  handler.ContextHandler (ContextHandler.java:doStart(921)) - Started o.e.j.s.ServletContextHandler@1ed17eaf{static,/static,file:///home/runner/work/ozone/ozone/hadoop-ozone/integration-test/target/test-classes/webapps/static,AVAILABLE}
2023-06-22 13:16:50,015 [main] INFO  handler.ContextHandler (ContextHandler.java:doStart(921)) - Started o.e.j.w.WebAppContext@51577fc8{scm,/,file:///home/runner/work/ozone/ozone/hadoop-ozone/integration-test/target/test-classes/webapps/scm/,AVAILABLE}{file:/home/runner/work/ozone/ozone/hadoop-ozone/integration-test/target/test-classes/webapps/scm}
2023-06-22 13:16:50,028 [main] INFO  server.AbstractConnector (AbstractConnector.java:doStart(333)) - Started ServerConnector@b8e6981{HTTP/1.1, (http/1.1)}{0.0.0.0:15003}
2023-06-22 13:16:50,028 [main] INFO  server.Server (Server.java:doStart(415)) - Started @4553ms
2023-06-22 13:16:50,031 [main] INFO  impl.MetricsSinkAdapter (MetricsSinkAdapter.java:start(204)) - Sink prometheus started
2023-06-22 13:16:50,031 [main] INFO  impl.MetricsSystemImpl (MetricsSystemImpl.java:registerSink(305)) - Registered sink prometheus
2023-06-22 13:16:50,032 [main] INFO  http.BaseHttpServer (BaseHttpServer.java:updateConnectorAddress(344)) - HTTP server of scm listening at http://0.0.0.0:15003
2023-06-22 13:16:50,036 [main] WARN  server.ServerUtils (ServerUtils.java:getDBPath(311)) - ozone.om.db.dirs is not configured. We recommend adding this setting. Falling back to ozone.metadata.dirs instead.
2023-06-22 13:16:50,099 [main] INFO  audit.AuditLogger (AuditLogger.java:refreshDebugCmdSet(126)) - Refresh DebugCmdSet for OMAudit to [].
2023-06-22 13:16:50,179 [main] INFO  ha.OMHANodeDetails (OMHANodeDetails.java:loadOMHAConfig(115)) - ozone.om.internal.service.id is not defined, falling back to ozone.om.service.ids to find serviceID for OzoneManager if it is HA enabled cluster
2023-06-22 13:16:50,183 [main] INFO  ha.OMHANodeDetails (OMHANodeDetails.java:loadOMHAConfig(226)) - Configuration does not have ozone.om.address set. Falling back to the default OM address /127.0.0.1:15004
2023-06-22 13:16:50,183 [main] INFO  ha.OMHANodeDetails (OMHANodeDetails.java:getOMNodeDetailsForNonHA(254)) - OM Service ID is not set. Setting it to the default ID: omServiceIdDefault
2023-06-22 13:16:50,183 [main] INFO  ha.OMHANodeDetails (OMHANodeDetails.java:getOMNodeDetailsForNonHA(261)) - OM Node ID is not set. Setting it to the default ID: om1
2023-06-22 13:16:50,189 [main] WARN  server.ServerUtils (ServerUtils.java:getDBPath(311)) - ozone.om.db.dirs is not configured. We recommend adding this setting. Falling back to ozone.metadata.dirs instead.
2023-06-22 13:16:50,193 [main] INFO  upgrade.AbstractLayoutVersionManager (AbstractLayoutVersionManager.java:init(83)) - Initializing Layout version manager with metadata layout = QUOTA (version = 6), software layout = QUOTA (version = 6)
2023-06-22 13:16:50,283 [main] INFO  reflections.Reflections (Reflections.java:scan(232)) - Reflections took 86 ms to scan 2 urls, producing 181 keys and 502 values [using 2 cores]
2023-06-22 13:16:50,287 [main] INFO  upgrade.OMLayoutVersionManager (OMLayoutVersionManager.java:lambda$0(115)) - Skipping Upgrade Action QuotaRepairUpgradeAction since it has been finalized.
2023-06-22 13:16:50,293 [main] INFO  upgrade.OMLayoutVersionManager (OMLayoutVersionManager.java:lambda$0(115)) - Skipping Upgrade Action MockOmUpgradeAction since it has been finalized.
2023-06-22 13:16:50,299 [main] WARN  server.ServerUtils (ServerUtils.java:getDBPath(311)) - ozone.om.db.dirs is not configured. We recommend adding this setting. Falling back to ozone.metadata.dirs instead.
2023-06-22 13:16:50,449 [main] INFO  proxy.SCMBlockLocationFailoverProxyProvider (SCMBlockLocationFailoverProxyProvider.java:<init>(114)) - Created block location fail-over proxy with 1 nodes: [nodeId=scmNodeId,nodeAddress=/0.0.0.0:15001]
2023-06-22 13:16:50,511 [main] INFO  proxy.SCMBlockLocationFailoverProxyProvider (SCMBlockLocationFailoverProxyProvider.java:<init>(114)) - Created block location fail-over proxy with 1 nodes: [nodeId=scmNodeId,nodeAddress=/0.0.0.0:15001]
2023-06-22 13:16:50,692 [main] INFO  om.OzoneManager (OzoneManager.java:<init>(654)) - OM start with adminUsers: [runner]
2023-06-22 13:16:50,705 [main] WARN  server.ServerUtils (ServerUtils.java:getDBPath(311)) - ozone.om.db.dirs is not configured. We recommend adding this setting. Falling back to ozone.metadata.dirs instead.
2023-06-22 13:16:50,732 [main] INFO  helpers.OmKeyInfo (OmKeyInfo.java:getCodec(71)) - OmKeyInfo.getCodec ignorePipeline = true
2023-06-22 13:16:51,009 [main] INFO  om.OzoneManager (OzoneManager.java:instantiateServices(783)) - S3 Multi-Tenancy is disabled
2023-06-22 13:16:51,044 [main] INFO  om.OmSnapshotManager (OmSnapshotManager.java:<init>(177)) - Ozone filesystem snapshot feature is enabled.
2023-06-22 13:16:51,053 [main] WARN  server.ServerUtils (ServerUtils.java:getDBPath(311)) - ozone.om.snapshot.diff.db.dir is not configured. We recommend adding this setting. Falling back to ozone.metadata.dirs instead.
2023-06-22 13:16:51,100 [main] INFO  utils.NativeLibraryLoader (NativeLibraryLoader.java:loadLibrary(105)) - Loading Library: ozone_rocksdb_tools
2023-06-22 13:16:51,101 [main] INFO  snapshot.SnapshotDiffManager (SnapshotDiffManager.java:closeExecutorService(1513)) - Shutting down executorService: 'SstDumpToolExecutor'
2023-06-22 13:16:51,174 [main] INFO  om.OzoneManager (OzoneManager.java:addS3GVolumeToDB(4258)) - Created Volume s3v With Owner runner required for S3Gateway operations.
2023-06-22 13:16:51,231 [main] WARN  server.ServerUtils (ServerUtils.java:getDefaultRatisDirectory(323)) - Storage directory for Ratis is not configured. It is a good idea to map this to an SSD disk. Falling back to ozone.metadata.dirs
2023-06-22 13:16:51,232 [main] WARN  utils.OzoneManagerRatisUtils (OzoneManagerRatisUtils.java:getOMRatisSnapshotDirectory(461)) - ozone.om.ratis.snapshot.dir is not configured. Falling back to ozone.metadata.dirs config
2023-06-22 13:16:51,245 [main] WARN  server.ServerUtils (ServerUtils.java:getDefaultRatisDirectory(323)) - Storage directory for Ratis is not configured. It is a good idea to map this to an SSD disk. Falling back to ozone.metadata.dirs
2023-06-22 13:16:51,278 [main] INFO  ratis.OzoneManagerRatisServer (OzoneManagerRatisServer.java:<init>(163)) - Instantiating OM Ratis server with groupID: omServiceIdDefault and peers: localhost:15007
2023-06-22 13:16:51,288 [main] INFO  ratis.OzoneManagerStateMachine (OzoneManagerStateMachine.java:loadSnapshotInfoFromDB(670)) - LastAppliedIndex is set from TransactionInfo from OM DB as (t:0, i:~)
2023-06-22 13:16:51,349 [main] INFO  server.RaftServer (ConfUtils.java:logGet(46)) - raft.rpc.type = GRPC (default)
2023-06-22 13:16:51,357 [main] INFO  grpc.GrpcConfigKeys (ConfUtils.java:logFallback(53)) - raft.grpc.admin.host = null (fallback to raft.grpc.server.host)
2023-06-22 13:16:51,358 [main] INFO  grpc.GrpcConfigKeys (ConfUtils.java:logFallback(53)) - raft.grpc.admin.port = 15007 (fallback to raft.grpc.server.port)
2023-06-22 13:16:51,359 [main] INFO  grpc.GrpcConfigKeys (ConfUtils.java:logFallback(53)) - raft.grpc.client.host = null (fallback to raft.grpc.server.host)
2023-06-22 13:16:51,360 [main] INFO  grpc.GrpcConfigKeys (ConfUtils.java:logFallback(53)) - raft.grpc.client.port = 15007 (fallback to raft.grpc.server.port)
2023-06-22 13:16:51,360 [main] INFO  grpc.GrpcConfigKeys (ConfUtils.java:logGet(46)) - raft.grpc.server.host = null (default)
2023-06-22 13:16:51,361 [main] INFO  grpc.GrpcConfigKeys (ConfUtils.java:logGet(46)) - raft.grpc.server.port = 15007 (custom)
2023-06-22 13:16:51,362 [main] INFO  server.GrpcService (ConfUtils.java:logGet(46)) - raft.grpc.message.size.max = 33554432 (custom)
2023-06-22 13:16:51,363 [main] INFO  server.RaftServerConfigKeys (ConfUtils.java:logGet(46)) - raft.server.log.appender.buffer.byte-limit = 33554432 (custom)
2023-06-22 13:16:51,364 [main] INFO  server.GrpcService (ConfUtils.java:logGet(46)) - raft.grpc.flow.control.window = 1MB (=1048576) (default)
2023-06-22 13:16:51,365 [main] INFO  server.RaftServerConfigKeys (ConfUtils.java:logGet(46)) - raft.server.rpc.request.timeout = 3000ms (default)
2023-06-22 13:16:51,376 [main] INFO  grpc.GrpcConfigKeys (ConfUtils.java:logGet(46)) - raft.grpc.server.heartbeat.channel = true (default)
2023-06-22 13:16:51,379 [main] INFO  grpc.GrpcConfigKeys (ConfUtils.java:logGet(46)) - raft.grpc.server.async.request.thread.pool.cached = true (default)
2023-06-22 13:16:51,379 [main] INFO  grpc.GrpcConfigKeys (ConfUtils.java:logGet(46)) - raft.grpc.server.async.request.thread.pool.size = 32 (default)
2023-06-22 13:16:51,580 [main] INFO  impl.DataStreamServerImpl (ConfUtils.java:logGet(46)) - raft.datastream.type = DISABLED (default)
2023-06-22 13:16:51,583 [main] INFO  server.RaftServerConfigKeys (ConfUtils.java:logGet(46)) - raft.server.threadpool.proxy.cached = true (default)
2023-06-22 13:16:51,583 [main] INFO  server.RaftServerConfigKeys (ConfUtils.java:logGet(46)) - raft.server.threadpool.proxy.size = 0 (default)
2023-06-22 13:16:51,583 [main] INFO  server.RaftServerConfigKeys (ConfUtils.java:logGet(46)) - raft.server.rpc.slowness.timeout = 120s (custom)
2023-06-22 13:16:51,584 [main] INFO  server.RaftServerConfigKeys (ConfUtils.java:logGet(46)) - raft.server.leaderelection.leader.step-down.wait-time = 10s (default)
2023-06-22 13:16:51,585 [main] INFO  server.RaftServerConfigKeys (ConfUtils.java:logGet(46)) - raft.server.storage.dir = [/home/runner/work/ozone/ozone/hadoop-ozone/integration-test/target/test-dir/MiniOzoneClusterImpl-0c9ac019-7194-482d-81d1-9ca5b99c70d1/ozone-meta/ratis] (custom)
2023-06-22 13:16:51,595 [main] INFO  server.RaftServer (RaftServerProxy.java:addNew(98)) - om1: addNew group-C5BA1605619E:[om1|rpc:localhost:15007|priority:0|startupRole:FOLLOWER] returns group-C5BA1605619E:java.util.concurrent.CompletableFuture@effd73[Not completed]
2023-06-22 13:16:51,595 [main] INFO  om.OzoneManager (OzoneManager.java:initializeRatisServer(2128)) - OzoneManager Ratis server initialized at port 15007
2023-06-22 13:16:51,598 [main] INFO  om.OzoneManager (OzoneManager.java:getRpcServer(1176)) - Creating RPC Server
2023-06-22 13:16:51,615 [om1-groupManagement] INFO  server.RaftServer$Division (RaftServerImpl.java:<init>(198)) - om1: new RaftServerImpl for group-C5BA1605619E:[om1|rpc:localhost:15007|priority:0|startupRole:FOLLOWER] with OzoneManagerStateMachine:uninitialized
2023-06-22 13:16:51,619 [om1-groupManagement] INFO  server.RaftServerConfigKeys (ConfUtils.java:logGet(46)) - raft.server.rpc.timeout.min = 1s (custom)
2023-06-22 13:16:51,619 [om1-groupManagement] INFO  server.RaftServerConfigKeys (ConfUtils.java:logGet(46)) - raft.server.rpc.timeout.max = 1200ms (custom)
2023-06-22 13:16:51,619 [om1-groupManagement] INFO  server.RaftServerConfigKeys (ConfUtils.java:logGet(46)) - raft.server.rpc.sleep.time = 25ms (default)
2023-06-22 13:16:51,619 [om1-groupManagement] INFO  server.RaftServerConfigKeys (ConfUtils.java:logGet(46)) - raft.server.rpc.slowness.timeout = 120s (custom)
2023-06-22 13:16:51,621 [om1-groupManagement] INFO  server.RaftServerConfigKeys (ConfUtils.java:logGet(46)) - raft.server.leaderelection.leader.step-down.wait-time = 10s (default)
2023-06-22 13:16:51,621 [om1-groupManagement] INFO  server.RaftServerConfigKeys (ConfUtils.java:logGet(46)) - raft.server.sleep.deviation.threshold = 300ms (default)
2023-06-22 13:16:51,752 [om1-groupManagement] INFO  server.RaftServer$Division (ServerState.java:<init>(120)) - om1@group-C5BA1605619E: ConfigurationManager, init=-1: peers:[om1|rpc:localhost:15007|priority:0|startupRole:FOLLOWER]|listeners:[], old=null, confs=<EMPTY_MAP>
2023-06-22 13:16:51,752 [om1-groupManagement] INFO  server.RaftServerConfigKeys (ConfUtils.java:logGet(46)) - raft.server.storage.dir = [/home/runner/work/ozone/ozone/hadoop-ozone/integration-test/target/test-dir/MiniOzoneClusterImpl-0c9ac019-7194-482d-81d1-9ca5b99c70d1/ozone-meta/ratis] (custom)
2023-06-22 13:16:51,758 [om1-groupManagement] INFO  server.RaftServerConfigKeys (ConfUtils.java:logGet(46)) - raft.server.log.corruption.policy = EXCEPTION (default)
2023-06-22 13:16:51,758 [om1-groupManagement] INFO  server.RaftServerConfigKeys (ConfUtils.java:logGet(46)) - raft.server.storage.free-space.min = 0MB (=0) (default)
2023-06-22 13:16:51,770 [om1-groupManagement] INFO  server.RaftServerConfigKeys (ConfUtils.java:logGet(46)) - raft.server.notification.no-leader.timeout = 120s (custom)
2023-06-22 13:16:51,773 [om1-groupManagement] INFO  server.RaftServerConfigKeys (ConfUtils.java:logGet(46)) - raft.server.read.timeout = 10s (default)
2023-06-22 13:16:51,776 [om1-groupManagement] INFO  server.RaftServerConfigKeys (ConfUtils.java:logGet(46)) - raft.server.retrycache.expirytime = 300s (custom)
2023-06-22 13:16:51,776 [om1-groupManagement] INFO  server.RaftServerConfigKeys (ConfUtils.java:logGet(46)) - raft.server.retrycache.statistics.expirytime = 100μs (default)
2023-06-22 13:16:51,815 [om1-groupManagement] INFO  server.RaftServerConfigKeys (ConfUtils.java:logGet(46)) - raft.server.read.option = DEFAULT (default)
2023-06-22 13:16:51,859 [om1-groupManagement] INFO  server.RaftServerConfigKeys (ConfUtils.java:logGet(46)) - raft.server.rpc.request.timeout = 3000ms (default)
2023-06-22 13:16:51,864 [om1-groupManagement] INFO  server.RaftServerConfigKeys (ConfUtils.java:logGet(46)) - raft.server.log.appender.install.snapshot.enabled = false (custom)
2023-06-22 13:16:51,865 [om1-groupManagement] INFO  server.RaftServerConfigKeys (ConfUtils.java:logGet(46)) - raft.server.threadpool.server.cached = true (default)
2023-06-22 13:16:51,866 [om1-groupManagement] INFO  server.RaftServerConfigKeys (ConfUtils.java:logGet(46)) - raft.server.threadpool.server.size = 0 (default)
2023-06-22 13:16:51,866 [om1-groupManagement] INFO  server.RaftServerConfigKeys (ConfUtils.java:logGet(46)) - raft.server.threadpool.client.cached = true (default)
2023-06-22 13:16:51,867 [om1-groupManagement] INFO  server.RaftServerConfigKeys (ConfUtils.java:logGet(46)) - raft.server.threadpool.client.size = 0 (default)
2023-06-22 13:16:52,588 [main] INFO  reflections.Reflections (Reflections.java:scan(232)) - Reflections took 790 ms to scan 19 urls, producing 69 keys and 5402 values [using 2 cores]
2023-06-22 13:16:52,757 [main] INFO  ipc.CallQueueManager (CallQueueManager.java:<init>(90)) - Using callQueue: class java.util.concurrent.LinkedBlockingQueue, queueCapacity: 2000, scheduler: class org.apache.hadoop.ipc.DefaultRpcScheduler, ipcBackoff: false.
2023-06-22 13:16:52,759 [Socket Reader #1 for port 15004] INFO  ipc.Server (Server.java:run(1319)) - Starting Socket Reader #1 for port 15004
2023-06-22 13:16:52,775 [Listener at 127.0.0.1/15004] INFO  hdds.HddsUtils (HddsUtils.java:preserveThreadName(848)) - Restoring thread name: main
2023-06-22 13:16:52,807 [main] INFO  impl.MetricsSystemImpl (MetricsSystemImpl.java:init(158)) - OzoneManager metrics system started (again)
2023-06-22 13:16:52,821 [main] INFO  om.OzoneManager (OzoneManager.java:start(1606)) - OzoneManager RPC server is listening at localhost/127.0.0.1:15004
2023-06-22 13:16:52,821 [main] INFO  ratis.OzoneManagerRatisServer (OzoneManagerRatisServer.java:start(558)) - Starting OzoneManagerRatisServer om1 at port 15007
2023-06-22 13:16:52,824 [om1-impl-thread1] INFO  storage.RaftStorageDirectory (RaftStorageDirectoryImpl.java:analyzeStorage(137)) - The storage directory /home/runner/work/ozone/ozone/hadoop-ozone/integration-test/target/test-dir/MiniOzoneClusterImpl-0c9ac019-7194-482d-81d1-9ca5b99c70d1/ozone-meta/ratis/bf265839-605b-3f16-9796-c5ba1605619e does not exist. Creating ...
2023-06-22 13:16:52,827 [om1-impl-thread1] INFO  storage.RaftStorageDirectory (RaftStorageDirectoryImpl.java:tryLock(231)) - Lock on /home/runner/work/ozone/ozone/hadoop-ozone/integration-test/target/test-dir/MiniOzoneClusterImpl-0c9ac019-7194-482d-81d1-9ca5b99c70d1/ozone-meta/ratis/bf265839-605b-3f16-9796-c5ba1605619e/in_use.lock acquired by nodename 40864@fv-az208-208
2023-06-22 13:16:52,832 [om1-impl-thread1] INFO  storage.RaftStorage (RaftStorageImpl.java:format(96)) - Storage directory /home/runner/work/ozone/ozone/hadoop-ozone/integration-test/target/test-dir/MiniOzoneClusterImpl-0c9ac019-7194-482d-81d1-9ca5b99c70d1/ozone-meta/ratis/bf265839-605b-3f16-9796-c5ba1605619e has been successfully formatted.
2023-06-22 13:16:52,835 [om1-impl-thread1] INFO  server.RaftServerConfigKeys (ConfUtils.java:logGet(46)) - raft.server.log.use.memory = false (default)
2023-06-22 13:16:52,841 [om1-impl-thread1] INFO  server.RaftServerConfigKeys (ConfUtils.java:logGet(46)) - raft.server.log.purge.gap = 1000000 (custom)
2023-06-22 13:16:52,841 [om1-impl-thread1] INFO  server.RaftServerConfigKeys (ConfUtils.java:logGet(46)) - raft.server.log.appender.buffer.byte-limit = 33554432 (custom)
2023-06-22 13:16:52,842 [om1-impl-thread1] INFO  server.RaftServerConfigKeys (ConfUtils.java:logGet(46)) - raft.server.log.statemachine.data.read.timeout = 1000ms (default)
2023-06-22 13:16:52,844 [om1-impl-thread1] INFO  server.RaftServerConfigKeys (ConfUtils.java:logGet(46)) - raft.server.log.purge.preservation.log.num = 0 (default)
2023-06-22 13:16:52,845 [om1-impl-thread1] INFO  server.RaftServerConfigKeys (ConfUtils.java:logGet(46)) - raft.server.log.segment.size.max = 4194304 (custom)
2023-06-22 13:16:52,850 [om1-impl-thread1] INFO  server.RaftServerConfigKeys (ConfUtils.java:logGet(46)) - raft.server.log.segment.cache.num.max = 2 (custom)
2023-06-22 13:16:52,851 [om1-impl-thread1] INFO  server.RaftServerConfigKeys (ConfUtils.java:logGet(46)) - raft.server.log.segment.cache.size.max = 200MB (=209715200) (default)
2023-06-22 13:16:52,851 [om1-impl-thread1] INFO  server.RaftServerConfigKeys (ConfUtils.java:logGet(46)) - raft.server.log.appender.buffer.byte-limit = 33554432 (custom)
2023-06-22 13:16:52,856 [om1-impl-thread1] INFO  segmented.SegmentedRaftLogWorker (SegmentedRaftLogWorker.java:<init>(188)) - new om1@group-C5BA1605619E-SegmentedRaftLogWorker for RaftStorageImpl:Storage Directory /home/runner/work/ozone/ozone/hadoop-ozone/integration-test/target/test-dir/MiniOzoneClusterImpl-0c9ac019-7194-482d-81d1-9ca5b99c70d1/ozone-meta/ratis/bf265839-605b-3f16-9796-c5ba1605619e
2023-06-22 13:16:52,856 [om1-impl-thread1] INFO  server.RaftServerConfigKeys (ConfUtils.java:logGet(46)) - raft.server.log.queue.byte-limit = 64MB (=67108864) (default)
2023-06-22 13:16:52,857 [om1-impl-thread1] INFO  server.RaftServerConfigKeys (ConfUtils.java:logGet(46)) - raft.server.log.queue.element-limit = 4096 (default)
2023-06-22 13:16:52,857 [om1-impl-thread1] INFO  server.RaftServerConfigKeys (ConfUtils.java:logGet(46)) - raft.server.log.segment.size.max = 4194304 (custom)
2023-06-22 13:16:52,858 [om1-impl-thread1] INFO  server.RaftServerConfigKeys (ConfUtils.java:logGet(46)) - raft.server.log.preallocated.size = 4194304 (custom)
2023-06-22 13:16:52,858 [om1-impl-thread1] INFO  server.RaftServerConfigKeys (ConfUtils.java:logGet(46)) - raft.server.log.force.sync.num = 128 (default)
2023-06-22 13:16:52,859 [om1-impl-thread1] INFO  server.RaftServerConfigKeys (ConfUtils.java:logGet(46)) - raft.server.log.statemachine.data.sync = true (default)
2023-06-22 13:16:52,859 [om1-impl-thread1] INFO  server.RaftServerConfigKeys (ConfUtils.java:logGet(46)) - raft.server.log.statemachine.data.sync.timeout = 10s (default)
2023-06-22 13:16:52,860 [om1-impl-thread1] INFO  server.RaftServerConfigKeys (ConfUtils.java:logGet(46)) - raft.server.log.statemachine.data.sync.timeout.retry = -1 (default)
2023-06-22 13:16:52,867 [om1-impl-thread1] INFO  server.RaftServerConfigKeys (ConfUtils.java:logGet(46)) - raft.server.log.write.buffer.size = 64KB (=65536) (default)
2023-06-22 13:16:52,868 [om1-impl-thread1] INFO  server.RaftServerConfigKeys (ConfUtils.java:logGet(46)) - raft.server.log.appender.buffer.byte-limit = 33554432 (custom)
2023-06-22 13:16:52,873 [om1-impl-thread1] INFO  server.RaftServerConfigKeys (ConfUtils.java:logGet(46)) - raft.server.log.unsafe-flush.enabled = false (default)
2023-06-22 13:16:52,873 [om1-impl-thread1] INFO  server.RaftServerConfigKeys (ConfUtils.java:logGet(46)) - raft.server.log.async-flush.enabled = false (default)
2023-06-22 13:16:52,874 [om1-impl-thread1] INFO  server.RaftServerConfigKeys (ConfUtils.java:logGet(46)) - raft.server.log.statemachine.data.caching.enabled = false (default)
2023-06-22 13:16:52,880 [om1-impl-thread1] INFO  segmented.SegmentedRaftLogWorker (SegmentedRaftLogWorker.java:lambda$new$0(135)) - om1@group-C5BA1605619E-SegmentedRaftLogWorker: flushIndex: setUnconditionally 0 -> -1
2023-06-22 13:16:52,880 [om1-impl-thread1] INFO  segmented.SegmentedRaftLogWorker (SegmentedRaftLogWorker.java:lambda$new$0(135)) - om1@group-C5BA1605619E-SegmentedRaftLogWorker: safeCacheEvictIndex: setUnconditionally 0 -> -1
2023-06-22 13:16:52,887 [om1-impl-thread1] INFO  server.RaftServer$Division (RaftServerImpl.java:start(342)) - om1@group-C5BA1605619E: start as a follower, conf=-1: peers:[om1|rpc:localhost:15007|priority:0|startupRole:FOLLOWER]|listeners:[], old=null
2023-06-22 13:16:52,891 [om1-impl-thread1] INFO  server.RaftServer$Division (RaftServerImpl.java:setRole(329)) - om1@group-C5BA1605619E: changes role from      null to FOLLOWER at term 0 for startAsFollower
2023-06-22 13:16:52,893 [om1-impl-thread1] INFO  impl.RoleInfo (RoleInfo.java:updateAndGet(139)) - om1: start om1@group-C5BA1605619E-FollowerState
2023-06-22 13:16:52,894 [om1-impl-thread1] INFO  util.JmxRegister (JmxRegister.java:tryRegister(44)) - Successfully registered JMX Bean with object name Ratis:service=RaftServer,group=group-C5BA1605619E,id=om1
2023-06-22 13:16:52,897 [om1-impl-thread1] INFO  server.RaftServerConfigKeys (ConfUtils.java:logGet(46)) - raft.server.snapshot.auto.trigger.enabled = true (custom)
2023-06-22 13:16:52,898 [om1-impl-thread1] INFO  server.RaftServerConfigKeys (ConfUtils.java:logGet(46)) - raft.server.snapshot.auto.trigger.threshold = 400000 (default)
2023-06-22 13:16:52,898 [om1-impl-thread1] INFO  server.RaftServerConfigKeys (ConfUtils.java:logGet(46)) - raft.server.snapshot.retention.file.num = -1 (default)
2023-06-22 13:16:52,899 [om1-impl-thread1] INFO  server.RaftServerConfigKeys (ConfUtils.java:logGet(46)) - raft.server.log.purge.upto.snapshot.index = true (custom)
2023-06-22 13:16:52,902 [om1@group-C5BA1605619E-FollowerState] INFO  server.RaftServerConfigKeys (ConfUtils.java:logFallback(53)) - raft.server.rpc.first-election.timeout.min = 1s (fallback to raft.server.rpc.timeout.min)
2023-06-22 13:16:52,902 [om1@group-C5BA1605619E-FollowerState] INFO  server.RaftServerConfigKeys (ConfUtils.java:logFallback(53)) - raft.server.rpc.first-election.timeout.max = 1200ms (fallback to raft.server.rpc.timeout.max)
2023-06-22 13:16:52,902 [main] INFO  server.RaftServer (RaftServerProxy.java:startImpl(400)) - om1: start RPC server
2023-06-22 13:16:52,944 [main] INFO  server.GrpcService (GrpcService.java:startImpl(302)) - om1: GrpcService started, listening on 15007
2023-06-22 13:16:52,945 [main] INFO  om.OzoneManager (OzoneManager.java:start(1622)) - Version File has different layout version (6) than OM DB (null). That is expected if this OM has never been finalized to a newer layout version.
2023-06-22 13:16:52,947 [JvmPauseMonitor1] INFO  util.JvmPauseMonitor (JvmPauseMonitor.java:run(103)) - JvmPauseMonitor-om1: Started
2023-06-22 13:16:52,971 [main] INFO  http.BaseHttpServer (BaseHttpServer.java:newHttpServer2BuilderForOzone(224)) - Starting Web-server for ozoneManager at: http://0.0.0.0:15005
2023-06-22 13:16:52,971 [main] INFO  http.BaseHttpServer (BaseHttpServer.java:<init>(111)) - Hadoop Security Enabled: false Ozone Security Enabled: false Ozone HTTP Security Enabled: false 
2023-06-22 13:16:52,974 [main] WARN  server.AuthenticationFilter (AuthenticationFilter.java:constructSecretProvider(240)) - Unable to initialize FileSignerSecretProvider, falling back to use random secrets. Reason: Could not read signature secret file: /home/runner/hadoop-http-auth-signature-secret
2023-06-22 13:16:52,979 [main] INFO  http.HttpRequestLog (HttpRequestLog.java:getRequestLog(86)) - Http request log for http.requests.ozoneManager is not defined
2023-06-22 13:16:52,981 [main] INFO  http.HttpServer2 (HttpServer2.java:addGlobalFilter(1031)) - Added global filter 'safety' (class=org.apache.hadoop.hdds.server.http.HttpServer2$QuotingInputFilter)
2023-06-22 13:16:52,982 [main] INFO  http.HttpServer2 (HttpServer2.java:addFilter(1007)) - Added filter static_user_filter (class=org.apache.hadoop.http.lib.StaticUserWebFilter$StaticUserFilter) to context ozoneManager
2023-06-22 13:16:52,982 [main] INFO  http.HttpServer2 (HttpServer2.java:addFilter(1015)) - Added filter static_user_filter (class=org.apache.hadoop.http.lib.StaticUserWebFilter$StaticUserFilter) to context static
2023-06-22 13:16:52,982 [main] INFO  http.HttpServer2 (HttpServer2.java:addFilter(1015)) - Added filter static_user_filter (class=org.apache.hadoop.http.lib.StaticUserWebFilter$StaticUserFilter) to context logs
2023-06-22 13:16:52,984 [main] INFO  http.BaseHttpServer (BaseHttpServer.java:<init>(190)) - HTTP server of ozoneManager uses base directory /home/runner/work/ozone/ozone/hadoop-ozone/integration-test/target/test-dir/MiniOzoneClusterImpl-0c9ac019-7194-482d-81d1-9ca5b99c70d1/ozone-meta/webserver
2023-06-22 13:16:52,988 [main] INFO  http.HttpServer2 (HttpServer2.java:bindListener(1250)) - Jetty bound to port 15005
2023-06-22 13:16:52,988 [main] INFO  server.Server (Server.java:doStart(375)) - jetty-9.4.51.v20230217; built: 2023-02-17T08:19:37.309Z; git: b45c405e4544384de066f814ed42ae3dceacdd49; jvm 1.8.0_372-b07
2023-06-22 13:16:52,994 [main] INFO  server.session (DefaultSessionIdManager.java:doStart(334)) - DefaultSessionIdManager workerName=node0
2023-06-22 13:16:52,994 [main] INFO  server.session (DefaultSessionIdManager.java:doStart(339)) - No SessionScavenger set, using defaults
2023-06-22 13:16:52,995 [main] INFO  server.session (HouseKeeper.java:startScavenging(132)) - node0 Scavenging every 660000ms
2023-06-22 13:16:52,996 [main] INFO  handler.ContextHandler (ContextHandler.java:doStart(921)) - Started o.e.j.s.ServletContextHandler@40c0c9fb{logs,/logs,file:///home/runner/work/ozone/ozone/hadoop-ozone/integration-test/target/log,AVAILABLE}
2023-06-22 13:16:52,996 [main] INFO  handler.ContextHandler (ContextHandler.java:doStart(921)) - Started o.e.j.s.ServletContextHandler@30625f51{static,/static,file:///home/runner/work/ozone/ozone/hadoop-ozone/integration-test/target/test-classes/webapps/static,AVAILABLE}
2023-06-22 13:16:53,000 [main] INFO  handler.ContextHandler (ContextHandler.java:doStart(921)) - Started o.e.j.w.WebAppContext@5749147e{ozoneManager,/,file:///home/runner/work/ozone/ozone/hadoop-ozone/integration-test/target/test-classes/webapps/ozoneManager/,AVAILABLE}{file:/home/runner/work/ozone/ozone/hadoop-ozone/integration-test/target/test-classes/webapps/ozoneManager}
2023-06-22 13:16:53,005 [main] INFO  server.AbstractConnector (AbstractConnector.java:doStart(333)) - Started ServerConnector@5706f658{HTTP/1.1, (http/1.1)}{0.0.0.0:15005}
2023-06-22 13:16:53,006 [main] INFO  server.Server (Server.java:doStart(415)) - Started @7530ms
2023-06-22 13:16:53,006 [main] WARN  impl.MetricsSystemImpl (MetricsSystemImpl.java:register(279)) - Sink prometheus already exists!
2023-06-22 13:16:53,006 [main] INFO  http.BaseHttpServer (BaseHttpServer.java:updateConnectorAddress(344)) - HTTP server of ozoneManager listening at http://0.0.0.0:15005
2023-06-22 13:16:53,007 [IPC Server Responder] INFO  ipc.Server (Server.java:run(1558)) - IPC Server Responder: starting
2023-06-22 13:16:53,007 [IPC Server listener on 15004] INFO  ipc.Server (Server.java:run(1398)) - IPC Server listener on 15004: starting
2023-06-22 13:16:53,044 [main] INFO  om.TrashPolicyOzone (TrashPolicyOzone.java:<init>(277)) - Ozone Manager trash configuration: Deletion interval = 0 minutes, Emptier interval = 0 minutes.
2023-06-22 13:16:53,197 [main] WARN  impl.MetricRegistriesImpl (MetricRegistriesImpl.java:addReporterRegistration(111)) - New reporters are added after registries were created. Some metrics will be missing from the reporter. Please add reporter before adding any new registry.
2023-06-22 13:16:53,197 [main] WARN  impl.MetricRegistriesImpl (MetricRegistriesImpl.java:addReporterRegistration(111)) - New reporters are added after registries were created. Some metrics will be missing from the reporter. Please add reporter before adding any new registry.
2023-06-22 13:16:53,197 [main] INFO  impl.MetricsSystemImpl (MetricsSystemImpl.java:init(158)) - HddsDatanode metrics system started (again)
2023-06-22 13:16:53,216 [main] INFO  ozone.HddsDatanodeService (HddsDatanodeService.java:start(257)) - HddsDatanodeService host:fv-az208-208.e0tah0prcmautdldtlfxyeofwf.cx.internal.cloudapp.net ip:10.1.0.30
2023-06-22 13:16:53,250 [main] INFO  upgrade.AbstractLayoutVersionManager (AbstractLayoutVersionManager.java:init(83)) - Initializing Layout version manager with metadata layout = HADOOP_PRC_PORTS_IN_DATANODEDETAILS (version = 7), software layout = HADOOP_PRC_PORTS_IN_DATANODEDETAILS (version = 7)
2023-06-22 13:16:53,252 [main] INFO  statemachine.DatanodeStateMachine (DatanodeStateMachine.java:getEndPointTaskThreadPoolSize(279)) - Datanode State Machine Task Thread Pool size 2
2023-06-22 13:16:53,304 [main] INFO  volume.HddsVolume (HddsVolume.java:<init>(130)) - Creating HddsVolume: /home/runner/work/ozone/ozone/hadoop-ozone/integration-test/target/test-dir/MiniOzoneClusterImpl-0c9ac019-7194-482d-81d1-9ca5b99c70d1/datanode-0/data-0/containers/hdds of storage type : DISK capacity : 9223372036854775807
2023-06-22 13:16:53,306 [main] INFO  volume.MutableVolumeSet (MutableVolumeSet.java:initializeVolumeSet(175)) - Added Volume : /home/runner/work/ozone/ozone/hadoop-ozone/integration-test/target/test-dir/MiniOzoneClusterImpl-0c9ac019-7194-482d-81d1-9ca5b99c70d1/datanode-0/data-0/containers/hdds to VolumeSet
2023-06-22 13:16:53,307 [main] INFO  volume.ThrottledAsyncChecker (ThrottledAsyncChecker.java:schedule(141)) - Scheduling a check for /home/runner/work/ozone/ozone/hadoop-ozone/integration-test/target/test-dir/MiniOzoneClusterImpl-0c9ac019-7194-482d-81d1-9ca5b99c70d1/datanode-0/data-0/containers/hdds
2023-06-22 13:16:53,326 [main] INFO  volume.StorageVolumeChecker (StorageVolumeChecker.java:checkAllVolumes(202)) - Scheduled health check for volume /home/runner/work/ozone/ozone/hadoop-ozone/integration-test/target/test-dir/MiniOzoneClusterImpl-0c9ac019-7194-482d-81d1-9ca5b99c70d1/datanode-0/data-0/containers/hdds
2023-06-22 13:16:53,344 [main] INFO  volume.MutableVolumeSet (MutableVolumeSet.java:initializeVolumeSet(175)) - Added Volume : /home/runner/work/ozone/ozone/hadoop-ozone/integration-test/target/test-dir/MiniOzoneClusterImpl-0c9ac019-7194-482d-81d1-9ca5b99c70d1/datanode-0/data/ratis to VolumeSet
2023-06-22 13:16:53,344 [main] INFO  volume.ThrottledAsyncChecker (ThrottledAsyncChecker.java:schedule(141)) - Scheduling a check for /home/runner/work/ozone/ozone/hadoop-ozone/integration-test/target/test-dir/MiniOzoneClusterImpl-0c9ac019-7194-482d-81d1-9ca5b99c70d1/datanode-0/data/ratis
2023-06-22 13:16:53,344 [main] INFO  volume.StorageVolumeChecker (StorageVolumeChecker.java:checkAllVolumes(202)) - Scheduled health check for volume /home/runner/work/ozone/ozone/hadoop-ozone/integration-test/target/test-dir/MiniOzoneClusterImpl-0c9ac019-7194-482d-81d1-9ca5b99c70d1/datanode-0/data/ratis
2023-06-22 13:16:53,368 [Thread-140] INFO  ozoneimpl.ContainerReader (ContainerReader.java:readVolume(175)) - Finish verifying containers on volume /home/runner/work/ozone/ozone/hadoop-ozone/integration-test/target/test-dir/MiniOzoneClusterImpl-0c9ac019-7194-482d-81d1-9ca5b99c70d1/datanode-0/data-0/containers/hdds
2023-06-22 13:16:53,368 [main] INFO  ozoneimpl.OzoneContainer (OzoneContainer.java:buildContainerSet(316)) - Build ContainerSet costs 0s
2023-06-22 13:16:53,412 [main] INFO  audit.AuditLogger (AuditLogger.java:refreshDebugCmdSet(126)) - Refresh DebugCmdSet for DNAudit to [].
2023-06-22 13:16:53,438 [main] INFO  server.RaftServer (ConfUtils.java:logGet(46)) - raft.rpc.type = GRPC (default)
2023-06-22 13:16:53,438 [main] INFO  grpc.GrpcConfigKeys (ConfUtils.java:logFallback(53)) - raft.grpc.admin.host = null (fallback to raft.grpc.server.host)
2023-06-22 13:16:53,438 [main] INFO  grpc.GrpcConfigKeys (ConfUtils.java:logGet(46)) - raft.grpc.admin.port = 15013 (custom)
2023-06-22 13:16:53,438 [main] INFO  grpc.GrpcConfigKeys (ConfUtils.java:logFallback(53)) - raft.grpc.client.host = null (fallback to raft.grpc.server.host)
2023-06-22 13:16:53,438 [main] INFO  grpc.GrpcConfigKeys (ConfUtils.java:logGet(46)) - raft.grpc.client.port = 15012 (custom)
2023-06-22 13:16:53,438 [main] INFO  grpc.GrpcConfigKeys (ConfUtils.java:logGet(46)) - raft.grpc.server.host = null (default)
2023-06-22 13:16:53,439 [main] INFO  grpc.GrpcConfigKeys (ConfUtils.java:logGet(46)) - raft.grpc.server.port = 15014 (custom)
2023-06-22 13:16:53,439 [main] INFO  server.GrpcService (ConfUtils.java:logGet(46)) - raft.grpc.message.size.max = 32MB (=33554432) (custom)
2023-06-22 13:16:53,439 [main] INFO  server.RaftServerConfigKeys (ConfUtils.java:logGet(46)) - raft.server.log.appender.buffer.byte-limit = 33554432 (custom)
2023-06-22 13:16:53,439 [main] INFO  server.GrpcService (ConfUtils.java:logGet(46)) - raft.grpc.flow.control.window = 5MB (=5242880) (custom)
2023-06-22 13:16:53,439 [main] INFO  server.RaftServerConfigKeys (ConfUtils.java:logGet(46)) - raft.server.rpc.request.timeout = 60s (custom)
2023-06-22 13:16:53,439 [main] INFO  grpc.GrpcConfigKeys (ConfUtils.java:logGet(46)) - raft.grpc.server.heartbeat.channel = true (default)
2023-06-22 13:16:53,439 [main] INFO  grpc.GrpcConfigKeys (ConfUtils.java:logGet(46)) - raft.grpc.server.async.request.thread.pool.cached = true (default)
2023-06-22 13:16:53,439 [main] INFO  grpc.GrpcConfigKeys (ConfUtils.java:logGet(46)) - raft.grpc.server.async.request.thread.pool.size = 32 (default)
2023-06-22 13:16:53,441 [main] INFO  impl.DataStreamServerImpl (ConfUtils.java:logGet(46)) - raft.datastream.type = NETTY (custom)
2023-06-22 13:16:53,449 [main] INFO  server.RaftServerConfigKeys (ConfUtils.java:logGet(46)) - raft.server.data-stream.async.request.thread.pool.cached = false (default)
2023-06-22 13:16:53,450 [main] INFO  server.RaftServerConfigKeys (ConfUtils.java:logGet(46)) - raft.server.data-stream.async.request.thread.pool.size = 20 (custom)
2023-06-22 13:16:53,450 [main] INFO  server.RaftServerConfigKeys (ConfUtils.java:logGet(46)) - raft.server.data-stream.async.write.thread.pool.size = 16 (default)
2023-06-22 13:16:53,451 [main] INFO  server.RaftServerConfigKeys (ConfUtils.java:logGet(46)) - raft.server.data-stream.client.pool.size = 10 (default)
2023-06-22 13:16:53,453 [main] INFO  netty.NettyConfigKeys$DataStream (ConfUtils.java:logGet(46)) - raft.netty.dataStream.server.use-epoll = false (default)
2023-06-22 13:16:53,453 [main] INFO  netty.NettyConfigKeys$DataStream (ConfUtils.java:logGet(46)) - raft.netty.dataStream.server.boss-group.size = 0 (default)
2023-06-22 13:16:53,459 [main] INFO  netty.NettyConfigKeys$DataStream (ConfUtils.java:logGet(46)) - raft.netty.dataStream.server.worker-group.size = 0 (default)
2023-06-22 13:16:53,460 [main] INFO  netty.NettyConfigKeys$DataStream (ConfUtils.java:logGet(46)) - raft.netty.dataStream.server.tls.conf = null (default)
2023-06-22 13:16:53,461 [main] INFO  netty.NettyConfigKeys$DataStream (ConfUtils.java:logGet(46)) - raft.netty.dataStream.host = null (default)
2023-06-22 13:16:53,461 [main] INFO  netty.NettyConfigKeys$DataStream (ConfUtils.java:logGet(46)) - raft.netty.dataStream.port = 15015 (custom)
2023-06-22 13:16:53,469 [main] INFO  server.RaftServerConfigKeys (ConfUtils.java:logGet(46)) - raft.server.threadpool.proxy.cached = true (default)
2023-06-22 13:16:53,469 [main] INFO  server.RaftServerConfigKeys (ConfUtils.java:logGet(46)) - raft.server.threadpool.proxy.size = 0 (default)
2023-06-22 13:16:53,469 [main] INFO  server.RaftServerConfigKeys (ConfUtils.java:logGet(46)) - raft.server.rpc.slowness.timeout = 300s (custom)
2023-06-22 13:16:53,469 [main] INFO  server.RaftServerConfigKeys (ConfUtils.java:logGet(46)) - raft.server.leaderelection.leader.step-down.wait-time = 10s (default)
2023-06-22 13:16:53,469 [main] INFO  server.RaftServerConfigKeys (ConfUtils.java:logGet(46)) - raft.server.storage.dir = [/home/runner/work/ozone/ozone/hadoop-ozone/integration-test/target/test-dir/MiniOzoneClusterImpl-0c9ac019-7194-482d-81d1-9ca5b99c70d1/datanode-0/data/ratis] (custom)
2023-06-22 13:16:53,478 [814a2953-5a54-4816-82bb-cea6b8923059-NettyServerStreamRpc-bossGroup--thread1] INFO  logging.LoggingHandler (AbstractInternalLogger.java:log(148)) - [id: 0xfd00e4b8] REGISTERED
2023-06-22 13:16:53,479 [814a2953-5a54-4816-82bb-cea6b8923059-NettyServerStreamRpc-bossGroup--thread1] INFO  logging.LoggingHandler (AbstractInternalLogger.java:log(148)) - [id: 0xfd00e4b8] BIND: 0.0.0.0/0.0.0.0:15015
2023-06-22 13:16:53,479 [814a2953-5a54-4816-82bb-cea6b8923059-NettyServerStreamRpc-bossGroup--thread1] INFO  logging.LoggingHandler (AbstractInternalLogger.java:log(148)) - [id: 0xfd00e4b8, L:/0:0:0:0:0:0:0:0:15015] ACTIVE
2023-06-22 13:16:53,499 [main] INFO  server.XceiverServerGrpc (XceiverServerGrpc.java:<init>(132)) - GrpcServer channel type EpollServerSocketChannel
2023-06-22 13:16:53,529 [main] INFO  replication.ReplicationSupervisor (ReplicationSupervisor.java:nodeStateUpdated(305)) - Node state updated to IN_SERVICE, scaling executor pool size to 10
2023-06-22 13:16:53,584 [main] INFO  http.BaseHttpServer (BaseHttpServer.java:newHttpServer2BuilderForOzone(224)) - Starting Web-server for hddsDatanode at: http://0.0.0.0:15009
2023-06-22 13:16:53,584 [main] INFO  http.BaseHttpServer (BaseHttpServer.java:<init>(111)) - Hadoop Security Enabled: false Ozone Security Enabled: false Ozone HTTP Security Enabled: false 
2023-06-22 13:16:53,586 [main] WARN  server.AuthenticationFilter (AuthenticationFilter.java:constructSecretProvider(240)) - Unable to initialize FileSignerSecretProvider, falling back to use random secrets. Reason: Could not read signature secret file: /home/runner/hadoop-http-auth-signature-secret
2023-06-22 13:16:53,586 [main] INFO  http.HttpRequestLog (HttpRequestLog.java:getRequestLog(86)) - Http request log for http.requests.hddsDatanode is not defined
2023-06-22 13:16:53,588 [main] INFO  http.HttpServer2 (HttpServer2.java:addGlobalFilter(1031)) - Added global filter 'safety' (class=org.apache.hadoop.hdds.server.http.HttpServer2$QuotingInputFilter)
2023-06-22 13:16:53,589 [main] INFO  http.HttpServer2 (HttpServer2.java:addFilter(1007)) - Added filter static_user_filter (class=org.apache.hadoop.http.lib.StaticUserWebFilter$StaticUserFilter) to context hddsDatanode
2023-06-22 13:16:53,589 [main] INFO  http.HttpServer2 (HttpServer2.java:addFilter(1015)) - Added filter static_user_filter (class=org.apache.hadoop.http.lib.StaticUserWebFilter$StaticUserFilter) to context logs
2023-06-22 13:16:53,589 [main] INFO  http.HttpServer2 (HttpServer2.java:addFilter(1015)) - Added filter static_user_filter (class=org.apache.hadoop.http.lib.StaticUserWebFilter$StaticUserFilter) to context static
2023-06-22 13:16:53,590 [main] INFO  http.BaseHttpServer (BaseHttpServer.java:<init>(190)) - HTTP server of hddsDatanode uses base directory /home/runner/work/ozone/ozone/hadoop-ozone/integration-test/target/test-dir/MiniOzoneClusterImpl-0c9ac019-7194-482d-81d1-9ca5b99c70d1/datanode-0/meta/webserver
2023-06-22 13:16:53,590 [main] INFO  http.HttpServer2 (HttpServer2.java:bindListener(1250)) - Jetty bound to port 15009
2023-06-22 13:16:53,590 [main] INFO  server.Server (Server.java:doStart(375)) - jetty-9.4.51.v20230217; built: 2023-02-17T08:19:37.309Z; git: b45c405e4544384de066f814ed42ae3dceacdd49; jvm 1.8.0_372-b07
2023-06-22 13:16:53,594 [main] INFO  server.session (DefaultSessionIdManager.java:doStart(334)) - DefaultSessionIdManager workerName=node0
2023-06-22 13:16:53,594 [main] INFO  server.session (DefaultSessionIdManager.java:doStart(339)) - No SessionScavenger set, using defaults
2023-06-22 13:16:53,594 [main] INFO  server.session (HouseKeeper.java:startScavenging(132)) - node0 Scavenging every 660000ms
2023-06-22 13:16:53,595 [main] INFO  handler.ContextHandler (ContextHandler.java:doStart(921)) - Started o.e.j.s.ServletContextHandler@770f77f3{logs,/logs,file:///home/runner/work/ozone/ozone/hadoop-ozone/integration-test/target/log,AVAILABLE}
2023-06-22 13:16:53,595 [main] INFO  handler.ContextHandler (ContextHandler.java:doStart(921)) - Started o.e.j.s.ServletContextHandler@37a98c77{static,/static,jar:file:/home/runner/.m2/repository/org/apache/ozone/hdds-container-service/1.4.0-SNAPSHOT/hdds-container-service-1.4.0-SNAPSHOT.jar!/webapps/static,AVAILABLE}
2023-06-22 13:16:53,831 [main] INFO  handler.ContextHandler (ContextHandler.java:doStart(921)) - Started o.e.j.w.WebAppContext@5daf7fea{hddsDatanode,/,file:///home/runner/work/ozone/ozone/hadoop-ozone/integration-test/target/test-dir/MiniOzoneClusterImpl-0c9ac019-7194-482d-81d1-9ca5b99c70d1/datanode-0/meta/webserver/jetty-0_0_0_0-15009-hdds-container-service-1_4_0-SNAPSHOT_jar-_-any-5173873032250707357/webapp/,AVAILABLE}{jar:file:/home/runner/.m2/repository/org/apache/ozone/hdds-container-service/1.4.0-SNAPSHOT/hdds-container-service-1.4.0-SNAPSHOT.jar!/webapps/hddsDatanode}
2023-06-22 13:16:53,833 [main] INFO  server.AbstractConnector (AbstractConnector.java:doStart(333)) - Started ServerConnector@69351b6c{HTTP/1.1, (http/1.1)}{0.0.0.0:15009}
2023-06-22 13:16:53,833 [main] INFO  server.Server (Server.java:doStart(415)) - Started @8357ms
2023-06-22 13:16:53,833 [main] WARN  impl.MetricsSystemImpl (MetricsSystemImpl.java:register(279)) - Sink prometheus already exists!
2023-06-22 13:16:53,833 [main] INFO  http.BaseHttpServer (BaseHttpServer.java:updateConnectorAddress(344)) - HTTP server of hddsDatanode listening at http://0.0.0.0:15009
2023-06-22 13:16:53,837 [main] INFO  ipc.CallQueueManager (CallQueueManager.java:<init>(90)) - Using callQueue: class java.util.concurrent.LinkedBlockingQueue, queueCapacity: 100, scheduler: class org.apache.hadoop.ipc.DefaultRpcScheduler, ipcBackoff: false.
2023-06-22 13:16:53,838 [Socket Reader #1 for port 15010] INFO  ipc.Server (Server.java:run(1319)) - Starting Socket Reader #1 for port 15010
2023-06-22 13:16:53,845 [Listener at 0.0.0.0/15010] INFO  hdds.HddsUtils (HddsUtils.java:preserveThreadName(848)) - Restoring thread name: main
2023-06-22 13:16:53,845 [main] INFO  ozone.HddsDatanodeService (HddsDatanodeService.java:start(335)) - Datanode start with admins: [runner]
2023-06-22 13:16:53,845 [main] INFO  ozone.HddsDatanodeClientProtocolServer (HddsDatanodeClientProtocolServer.java:start(72)) - RPC server for Client /0.0.0.0:15010
2023-06-22 13:16:53,846 [IPC Server Responder] INFO  ipc.Server (Server.java:run(1558)) - IPC Server Responder: starting
2023-06-22 13:16:53,847 [IPC Server listener on 15010] INFO  ipc.Server (Server.java:run(1398)) - IPC Server listener on 15010: starting
2023-06-22 13:16:53,854 [main] WARN  impl.MetricRegistriesImpl (MetricRegistriesImpl.java:addReporterRegistration(111)) - New reporters are added after registries were created. Some metrics will be missing from the reporter. Please add reporter before adding any new registry.
2023-06-22 13:16:53,854 [main] WARN  impl.MetricRegistriesImpl (MetricRegistriesImpl.java:addReporterRegistration(111)) - New reporters are added after registries were created. Some metrics will be missing from the reporter. Please add reporter before adding any new registry.
2023-06-22 13:16:53,854 [main] INFO  impl.MetricsSystemImpl (MetricsSystemImpl.java:init(158)) - HddsDatanode metrics system started (again)
2023-06-22 13:16:53,855 [Datanode State Machine Daemon Thread] INFO  statemachine.DatanodeStateMachine (DatanodeStateMachine.java:lambda$startDaemon$0(531)) - Ozone container server started.
2023-06-22 13:16:53,869 [main] INFO  ozone.HddsDatanodeService (HddsDatanodeService.java:start(257)) - HddsDatanodeService host:fv-az208-208.e0tah0prcmautdldtlfxyeofwf.cx.internal.cloudapp.net ip:10.1.0.30
2023-06-22 13:16:53,901 [main] INFO  upgrade.AbstractLayoutVersionManager (AbstractLayoutVersionManager.java:init(83)) - Initializing Layout version manager with metadata layout = HADOOP_PRC_PORTS_IN_DATANODEDETAILS (version = 7), software layout = HADOOP_PRC_PORTS_IN_DATANODEDETAILS (version = 7)
2023-06-22 13:16:53,902 [main] INFO  statemachine.DatanodeStateMachine (DatanodeStateMachine.java:getEndPointTaskThreadPoolSize(279)) - Datanode State Machine Task Thread Pool size 2
2023-06-22 13:16:53,908 [main] INFO  volume.HddsVolume (HddsVolume.java:<init>(130)) - Creating HddsVolume: /home/runner/work/ozone/ozone/hadoop-ozone/integration-test/target/test-dir/MiniOzoneClusterImpl-0c9ac019-7194-482d-81d1-9ca5b99c70d1/datanode-1/data-0/containers/hdds of storage type : DISK capacity : 9223372036854775807
2023-06-22 13:16:53,909 [main] INFO  volume.MutableVolumeSet (MutableVolumeSet.java:initializeVolumeSet(175)) - Added Volume : /home/runner/work/ozone/ozone/hadoop-ozone/integration-test/target/test-dir/MiniOzoneClusterImpl-0c9ac019-7194-482d-81d1-9ca5b99c70d1/datanode-1/data-0/containers/hdds to VolumeSet
2023-06-22 13:16:53,909 [main] INFO  volume.ThrottledAsyncChecker (ThrottledAsyncChecker.java:schedule(141)) - Scheduling a check for /home/runner/work/ozone/ozone/hadoop-ozone/integration-test/target/test-dir/MiniOzoneClusterImpl-0c9ac019-7194-482d-81d1-9ca5b99c70d1/datanode-1/data-0/containers/hdds
2023-06-22 13:16:53,910 [main] INFO  volume.StorageVolumeChecker (StorageVolumeChecker.java:checkAllVolumes(202)) - Scheduled health check for volume /home/runner/work/ozone/ozone/hadoop-ozone/integration-test/target/test-dir/MiniOzoneClusterImpl-0c9ac019-7194-482d-81d1-9ca5b99c70d1/datanode-1/data-0/containers/hdds
2023-06-22 13:16:53,935 [main] INFO  volume.MutableVolumeSet (MutableVolumeSet.java:initializeVolumeSet(175)) - Added Volume : /home/runner/work/ozone/ozone/hadoop-ozone/integration-test/target/test-dir/MiniOzoneClusterImpl-0c9ac019-7194-482d-81d1-9ca5b99c70d1/datanode-1/data/ratis to VolumeSet
2023-06-22 13:16:53,936 [main] INFO  volume.ThrottledAsyncChecker (ThrottledAsyncChecker.java:schedule(141)) - Scheduling a check for /home/runner/work/ozone/ozone/hadoop-ozone/integration-test/target/test-dir/MiniOzoneClusterImpl-0c9ac019-7194-482d-81d1-9ca5b99c70d1/datanode-1/data/ratis
2023-06-22 13:16:53,936 [main] INFO  volume.StorageVolumeChecker (StorageVolumeChecker.java:checkAllVolumes(202)) - Scheduled health check for volume /home/runner/work/ozone/ozone/hadoop-ozone/integration-test/target/test-dir/MiniOzoneClusterImpl-0c9ac019-7194-482d-81d1-9ca5b99c70d1/datanode-1/data/ratis
2023-06-22 13:16:53,948 [Thread-157] INFO  ozoneimpl.ContainerReader (ContainerReader.java:readVolume(175)) - Finish verifying containers on volume /home/runner/work/ozone/ozone/hadoop-ozone/integration-test/target/test-dir/MiniOzoneClusterImpl-0c9ac019-7194-482d-81d1-9ca5b99c70d1/datanode-1/data-0/containers/hdds
2023-06-22 13:16:53,949 [main] INFO  ozoneimpl.OzoneContainer (OzoneContainer.java:buildContainerSet(316)) - Build ContainerSet costs 0s
2023-06-22 13:16:53,953 [main] INFO  server.RaftServer (ConfUtils.java:logGet(46)) - raft.rpc.type = GRPC (default)
2023-06-22 13:16:53,954 [main] INFO  grpc.GrpcConfigKeys (ConfUtils.java:logFallback(53)) - raft.grpc.admin.host = null (fallback to raft.grpc.server.host)
2023-06-22 13:16:53,954 [main] INFO  grpc.GrpcConfigKeys (ConfUtils.java:logGet(46)) - raft.grpc.admin.port = 15022 (custom)
2023-06-22 13:16:53,954 [main] INFO  grpc.GrpcConfigKeys (ConfUtils.java:logFallback(53)) - raft.grpc.client.host = null (fallback to raft.grpc.server.host)
2023-06-22 13:16:53,954 [main] INFO  grpc.GrpcConfigKeys (ConfUtils.java:logGet(46)) - raft.grpc.client.port = 15021 (custom)
2023-06-22 13:16:53,954 [main] INFO  grpc.GrpcConfigKeys (ConfUtils.java:logGet(46)) - raft.grpc.server.host = null (default)
2023-06-22 13:16:53,954 [main] INFO  grpc.GrpcConfigKeys (ConfUtils.java:logGet(46)) - raft.grpc.server.port = 15023 (custom)
2023-06-22 13:16:53,955 [main] INFO  server.GrpcService (ConfUtils.java:logGet(46)) - raft.grpc.message.size.max = 32MB (=33554432) (custom)
2023-06-22 13:16:53,958 [main] INFO  server.RaftServerConfigKeys (ConfUtils.java:logGet(46)) - raft.server.log.appender.buffer.byte-limit = 33554432 (custom)
2023-06-22 13:16:53,959 [main] INFO  server.GrpcService (ConfUtils.java:logGet(46)) - raft.grpc.flow.control.window = 5MB (=5242880) (custom)
2023-06-22 13:16:53,959 [main] INFO  server.RaftServerConfigKeys (ConfUtils.java:logGet(46)) - raft.server.rpc.request.timeout = 60s (custom)
2023-06-22 13:16:53,959 [main] INFO  grpc.GrpcConfigKeys (ConfUtils.java:logGet(46)) - raft.grpc.server.heartbeat.channel = true (default)
2023-06-22 13:16:53,959 [main] INFO  grpc.GrpcConfigKeys (ConfUtils.java:logGet(46)) - raft.grpc.server.async.request.thread.pool.cached = true (default)
2023-06-22 13:16:53,959 [main] INFO  grpc.GrpcConfigKeys (ConfUtils.java:logGet(46)) - raft.grpc.server.async.request.thread.pool.size = 32 (default)
2023-06-22 13:16:53,962 [main] INFO  impl.DataStreamServerImpl (ConfUtils.java:logGet(46)) - raft.datastream.type = NETTY (custom)
2023-06-22 13:16:53,963 [om1@group-C5BA1605619E-FollowerState] INFO  impl.FollowerState (FollowerState.java:run(143)) - om1@group-C5BA1605619E-FollowerState: change to CANDIDATE, lastRpcElapsedTime:1070342664ns, electionTimeout:1060ms
2023-06-22 13:16:53,964 [om1@group-C5BA1605619E-FollowerState] INFO  impl.RoleInfo (RoleInfo.java:shutdownFollowerState(110)) - om1: shutdown om1@group-C5BA1605619E-FollowerState
2023-06-22 13:16:53,964 [om1@group-C5BA1605619E-FollowerState] INFO  server.RaftServer$Division (RaftServerImpl.java:setRole(329)) - om1@group-C5BA1605619E: changes role from  FOLLOWER to CANDIDATE at term 0 for changeToCandidate
2023-06-22 13:16:53,966 [om1@group-C5BA1605619E-FollowerState] INFO  server.RaftServerConfigKeys (ConfUtils.java:logGet(46)) - raft.server.leaderelection.pre-vote = true (default)
2023-06-22 13:16:53,967 [om1@group-C5BA1605619E-FollowerState] INFO  impl.RoleInfo (RoleInfo.java:updateAndGet(139)) - om1: start om1@group-C5BA1605619E-LeaderElection1
2023-06-22 13:16:53,968 [main] INFO  server.RaftServerConfigKeys (ConfUtils.java:logGet(46)) - raft.server.data-stream.async.request.thread.pool.cached = false (default)
2023-06-22 13:16:53,969 [main] INFO  server.RaftServerConfigKeys (ConfUtils.java:logGet(46)) - raft.server.data-stream.async.request.thread.pool.size = 20 (custom)
2023-06-22 13:16:53,969 [main] INFO  server.RaftServerConfigKeys (ConfUtils.java:logGet(46)) - raft.server.data-stream.async.write.thread.pool.size = 16 (default)
2023-06-22 13:16:53,969 [main] INFO  server.RaftServerConfigKeys (ConfUtils.java:logGet(46)) - raft.server.data-stream.client.pool.size = 10 (default)
2023-06-22 13:16:53,969 [main] INFO  netty.NettyConfigKeys$DataStream (ConfUtils.java:logGet(46)) - raft.netty.dataStream.server.use-epoll = false (default)
2023-06-22 13:16:53,970 [main] INFO  netty.NettyConfigKeys$DataStream (ConfUtils.java:logGet(46)) - raft.netty.dataStream.server.boss-group.size = 0 (default)
2023-06-22 13:16:53,970 [main] INFO  netty.NettyConfigKeys$DataStream (ConfUtils.java:logGet(46)) - raft.netty.dataStream.server.worker-group.size = 0 (default)
2023-06-22 13:16:53,971 [main] INFO  netty.NettyConfigKeys$DataStream (ConfUtils.java:logGet(46)) - raft.netty.dataStream.server.tls.conf = null (default)
2023-06-22 13:16:53,971 [main] INFO  netty.NettyConfigKeys$DataStream (ConfUtils.java:logGet(46)) - raft.netty.dataStream.host = null (default)
2023-06-22 13:16:53,971 [main] INFO  netty.NettyConfigKeys$DataStream (ConfUtils.java:logGet(46)) - raft.netty.dataStream.port = 15024 (custom)
2023-06-22 13:16:53,975 [main] INFO  server.RaftServerConfigKeys (ConfUtils.java:logGet(46)) - raft.server.threadpool.proxy.cached = true (default)
2023-06-22 13:16:53,975 [main] INFO  server.RaftServerConfigKeys (ConfUtils.java:logGet(46)) - raft.server.threadpool.proxy.size = 0 (default)
2023-06-22 13:16:53,976 [main] INFO  server.RaftServerConfigKeys (ConfUtils.java:logGet(46)) - raft.server.rpc.slowness.timeout = 300s (custom)
2023-06-22 13:16:53,976 [main] INFO  server.RaftServerConfigKeys (ConfUtils.java:logGet(46)) - raft.server.leaderelection.leader.step-down.wait-time = 10s (default)
2023-06-22 13:16:53,976 [main] INFO  server.RaftServerConfigKeys (ConfUtils.java:logGet(46)) - raft.server.storage.dir = [/home/runner/work/ozone/ozone/hadoop-ozone/integration-test/target/test-dir/MiniOzoneClusterImpl-0c9ac019-7194-482d-81d1-9ca5b99c70d1/datanode-1/data/ratis] (custom)
2023-06-22 13:16:53,984 [fa3625a9-0e11-4f6d-9001-6678f3778837-NettyServerStreamRpc-bossGroup--thread1] INFO  logging.LoggingHandler (AbstractInternalLogger.java:log(148)) - [id: 0x240c5416] REGISTERED
2023-06-22 13:16:53,985 [fa3625a9-0e11-4f6d-9001-6678f3778837-NettyServerStreamRpc-bossGroup--thread1] INFO  logging.LoggingHandler (AbstractInternalLogger.java:log(148)) - [id: 0x240c5416] BIND: 0.0.0.0/0.0.0.0:15024
2023-06-22 13:16:53,985 [fa3625a9-0e11-4f6d-9001-6678f3778837-NettyServerStreamRpc-bossGroup--thread1] INFO  logging.LoggingHandler (AbstractInternalLogger.java:log(148)) - [id: 0x240c5416, L:/0:0:0:0:0:0:0:0:15024] ACTIVE
2023-06-22 13:16:53,986 [om1@group-C5BA1605619E-LeaderElection1] INFO  impl.LeaderElection (LeaderElection.java:askForVotes(321)) - om1@group-C5BA1605619E-LeaderElection1 PRE_VOTE round 0: submit vote requests at term 0 for -1: peers:[om1|rpc:localhost:15007|priority:0|startupRole:FOLLOWER]|listeners:[], old=null
2023-06-22 13:16:53,987 [om1@group-C5BA1605619E-LeaderElection1] INFO  impl.LeaderElection (LeaderElection.java:askForVotes(323)) - om1@group-C5BA1605619E-LeaderElection1 PRE_VOTE round 0: result PASSED (term=0)
2023-06-22 13:16:53,987 [main] INFO  server.XceiverServerGrpc (XceiverServerGrpc.java:<init>(132)) - GrpcServer channel type EpollServerSocketChannel
2023-06-22 13:16:53,989 [main] INFO  replication.ReplicationSupervisor (ReplicationSupervisor.java:nodeStateUpdated(305)) - Node state updated to IN_SERVICE, scaling executor pool size to 10
2023-06-22 13:16:53,992 [om1@group-C5BA1605619E-LeaderElection1] INFO  impl.LeaderElection (LeaderElection.java:askForVotes(321)) - om1@group-C5BA1605619E-LeaderElection1 ELECTION round 0: submit vote requests at term 1 for -1: peers:[om1|rpc:localhost:15007|priority:0|startupRole:FOLLOWER]|listeners:[], old=null
2023-06-22 13:16:53,992 [om1@group-C5BA1605619E-LeaderElection1] INFO  impl.LeaderElection (LeaderElection.java:askForVotes(323)) - om1@group-C5BA1605619E-LeaderElection1 ELECTION round 0: result PASSED (term=1)
2023-06-22 13:16:53,993 [om1@group-C5BA1605619E-LeaderElection1] INFO  impl.RoleInfo (RoleInfo.java:shutdownLeaderElection(130)) - om1: shutdown om1@group-C5BA1605619E-LeaderElection1
2023-06-22 13:16:53,993 [om1@group-C5BA1605619E-LeaderElection1] INFO  server.RaftServer$Division (RaftServerImpl.java:setRole(329)) - om1@group-C5BA1605619E: changes role from CANDIDATE to LEADER at term 1 for changeToLeader
2023-06-22 13:16:53,995 [om1@group-C5BA1605619E-LeaderElection1] INFO  server.RaftServer$Division (ServerState.java:setLeader(317)) - om1@group-C5BA1605619E: change Leader from null to om1 at term 1 for becomeLeader, leader elected after 2223ms
2023-06-22 13:16:54,002 [main] INFO  http.BaseHttpServer (BaseHttpServer.java:newHttpServer2BuilderForOzone(224)) - Starting Web-server for hddsDatanode at: http://0.0.0.0:15018
2023-06-22 13:16:54,002 [main] INFO  http.BaseHttpServer (BaseHttpServer.java:<init>(111)) - Hadoop Security Enabled: false Ozone Security Enabled: false Ozone HTTP Security Enabled: false 
2023-06-22 13:16:54,004 [main] WARN  server.AuthenticationFilter (AuthenticationFilter.java:constructSecretProvider(240)) - Unable to initialize FileSignerSecretProvider, falling back to use random secrets. Reason: Could not read signature secret file: /home/runner/hadoop-http-auth-signature-secret
2023-06-22 13:16:54,010 [om1@group-C5BA1605619E-LeaderElection1] INFO  server.RaftServerConfigKeys (ConfUtils.java:logGet(46)) - raft.server.staging.catchup.gap = 1000 (default)
2023-06-22 13:16:54,015 [main] INFO  http.HttpRequestLog (HttpRequestLog.java:getRequestLog(86)) - Http request log for http.requests.hddsDatanode is not defined
2023-06-22 13:16:54,016 [main] INFO  http.HttpServer2 (HttpServer2.java:addGlobalFilter(1031)) - Added global filter 'safety' (class=org.apache.hadoop.hdds.server.http.HttpServer2$QuotingInputFilter)
2023-06-22 13:16:54,017 [om1@group-C5BA1605619E-LeaderElection1] INFO  server.RaftServerConfigKeys (ConfUtils.java:logGet(46)) - raft.server.write.element-limit = 4096 (default)
2023-06-22 13:16:54,017 [om1@group-C5BA1605619E-LeaderElection1] INFO  server.RaftServerConfigKeys (ConfUtils.java:logGet(46)) - raft.server.write.byte-limit = 64MB (=67108864) (default)
2023-06-22 13:16:54,017 [main] INFO  http.HttpServer2 (HttpServer2.java:addFilter(1007)) - Added filter static_user_filter (class=org.apache.hadoop.http.lib.StaticUserWebFilter$StaticUserFilter) to context hddsDatanode
2023-06-22 13:16:54,017 [main] INFO  http.HttpServer2 (HttpServer2.java:addFilter(1015)) - Added filter static_user_filter (class=org.apache.hadoop.http.lib.StaticUserWebFilter$StaticUserFilter) to context static
2023-06-22 13:16:54,017 [main] INFO  http.HttpServer2 (HttpServer2.java:addFilter(1015)) - Added filter static_user_filter (class=org.apache.hadoop.http.lib.StaticUserWebFilter$StaticUserFilter) to context logs
2023-06-22 13:16:54,018 [main] INFO  http.BaseHttpServer (BaseHttpServer.java:<init>(190)) - HTTP server of hddsDatanode uses base directory /home/runner/work/ozone/ozone/hadoop-ozone/integration-test/target/test-dir/MiniOzoneClusterImpl-0c9ac019-7194-482d-81d1-9ca5b99c70d1/datanode-1/meta/webserver
2023-06-22 13:16:54,018 [main] INFO  http.HttpServer2 (HttpServer2.java:bindListener(1250)) - Jetty bound to port 15018
2023-06-22 13:16:54,018 [main] INFO  server.Server (Server.java:doStart(375)) - jetty-9.4.51.v20230217; built: 2023-02-17T08:19:37.309Z; git: b45c405e4544384de066f814ed42ae3dceacdd49; jvm 1.8.0_372-b07
2023-06-22 13:16:54,025 [om1@group-C5BA1605619E-LeaderElection1] INFO  server.RaftServerConfigKeys (ConfUtils.java:logGet(46)) - raft.server.watch.timeout = 10s (default)
2023-06-22 13:16:54,025 [om1@group-C5BA1605619E-LeaderElection1] INFO  server.RaftServerConfigKeys (ConfUtils.java:logGet(46)) - raft.server.watch.timeout.denomination = 1s (default)
2023-06-22 13:16:54,025 [om1@group-C5BA1605619E-LeaderElection1] INFO  server.RaftServerConfigKeys (ConfUtils.java:logGet(46)) - raft.server.watch.element-limit = 65536 (default)
2023-06-22 13:16:54,034 [om1@group-C5BA1605619E-LeaderElection1] INFO  server.RaftServerConfigKeys (ConfUtils.java:logGet(46)) - raft.server.write.element-limit = 4096 (default)
2023-06-22 13:16:54,038 [om1@group-C5BA1605619E-LeaderElection1] INFO  server.RaftServerConfigKeys (ConfUtils.java:logGet(46)) - raft.server.write.follower.gap.ratio.max = -1.0 (default)
2023-06-22 13:16:54,039 [om1@group-C5BA1605619E-LeaderElection1] INFO  impl.RoleInfo (RoleInfo.java:updateAndGet(139)) - om1: start om1@group-C5BA1605619E-LeaderStateImpl
2023-06-22 13:16:54,041 [main] INFO  server.session (DefaultSessionIdManager.java:doStart(334)) - DefaultSessionIdManager workerName=node0
2023-06-22 13:16:54,041 [main] INFO  server.session (DefaultSessionIdManager.java:doStart(339)) - No SessionScavenger set, using defaults
2023-06-22 13:16:54,041 [main] INFO  server.session (HouseKeeper.java:startScavenging(132)) - node0 Scavenging every 600000ms
2023-06-22 13:16:54,042 [main] INFO  handler.ContextHandler (ContextHandler.java:doStart(921)) - Started o.e.j.s.ServletContextHandler@3041795b{logs,/logs,file:///home/runner/work/ozone/ozone/hadoop-ozone/integration-test/target/log,AVAILABLE}
2023-06-22 13:16:54,043 [main] INFO  handler.ContextHandler (ContextHandler.java:doStart(921)) - Started o.e.j.s.ServletContextHandler@69d5078d{static,/static,jar:file:/home/runner/.m2/repository/org/apache/ozone/hdds-container-service/1.4.0-SNAPSHOT/hdds-container-service-1.4.0-SNAPSHOT.jar!/webapps/static,AVAILABLE}
2023-06-22 13:16:54,063 [Datanode State Machine Task Thread - 0] INFO  datanode.InitDatanodeState (InitDatanodeState.java:persistContainerDatanodeDetails(138)) - DatanodeDetails is persisted to /home/runner/work/ozone/ozone/hadoop-ozone/integration-test/target/test-dir/MiniOzoneClusterImpl-0c9ac019-7194-482d-81d1-9ca5b99c70d1/datanode-0/meta/datanode.id
2023-06-22 13:16:54,086 [om1@group-C5BA1605619E-LeaderElection1] INFO  segmented.SegmentedRaftLogWorker (SegmentedRaftLogWorker.java:startLogSegment(447)) - om1@group-C5BA1605619E-SegmentedRaftLogWorker: Starting segment from index:0
2023-06-22 13:16:54,140 [om1@group-C5BA1605619E-LeaderElection1] INFO  server.RaftServer$Division (ServerState.java:setRaftConf(434)) - om1@group-C5BA1605619E: set configuration 0: peers:[om1|rpc:localhost:15007|admin:|client:|dataStream:|priority:0|startupRole:FOLLOWER]|listeners:[], old=null
2023-06-22 13:16:54,247 [om1@group-C5BA1605619E-SegmentedRaftLogWorker] INFO  segmented.SegmentedRaftLogWorker (SegmentedRaftLogWorker.java:execute(651)) - om1@group-C5BA1605619E-SegmentedRaftLogWorker: created new log segment /home/runner/work/ozone/ozone/hadoop-ozone/integration-test/target/test-dir/MiniOzoneClusterImpl-0c9ac019-7194-482d-81d1-9ca5b99c70d1/ozone-meta/ratis/bf265839-605b-3f16-9796-c5ba1605619e/current/log_inprogress_0
2023-06-22 13:16:54,375 [om1@group-C5BA1605619E-StateMachineUpdater] INFO  ratis.OzoneManagerStateMachine (OzoneManagerStateMachine.java:notifyConfigurationChanged(201)) - Received Configuration change notification from Ratis. New Peer list:
[id: "om1"
address: "localhost:15007"
startupRole: FOLLOWER
]
2023-06-22 13:16:54,393 [main] INFO  handler.ContextHandler (ContextHandler.java:doStart(921)) - Started o.e.j.w.WebAppContext@2dd9a1db{hddsDatanode,/,file:///home/runner/work/ozone/ozone/hadoop-ozone/integration-test/target/test-dir/MiniOzoneClusterImpl-0c9ac019-7194-482d-81d1-9ca5b99c70d1/datanode-1/meta/webserver/jetty-0_0_0_0-15018-hdds-container-service-1_4_0-SNAPSHOT_jar-_-any-9122160259305427444/webapp/,AVAILABLE}{jar:file:/home/runner/.m2/repository/org/apache/ozone/hdds-container-service/1.4.0-SNAPSHOT/hdds-container-service-1.4.0-SNAPSHOT.jar!/webapps/hddsDatanode}
2023-06-22 13:16:54,394 [main] INFO  server.AbstractConnector (AbstractConnector.java:doStart(333)) - Started ServerConnector@2a22e0f3{HTTP/1.1, (http/1.1)}{0.0.0.0:15018}
2023-06-22 13:16:54,395 [main] INFO  server.Server (Server.java:doStart(415)) - Started @8919ms
2023-06-22 13:16:54,395 [main] WARN  impl.MetricsSystemImpl (MetricsSystemImpl.java:register(279)) - Sink prometheus already exists!
2023-06-22 13:16:54,395 [main] INFO  http.BaseHttpServer (BaseHttpServer.java:updateConnectorAddress(344)) - HTTP server of hddsDatanode listening at http://0.0.0.0:15018
2023-06-22 13:16:54,396 [main] INFO  ipc.CallQueueManager (CallQueueManager.java:<init>(90)) - Using callQueue: class java.util.concurrent.LinkedBlockingQueue, queueCapacity: 100, scheduler: class org.apache.hadoop.ipc.DefaultRpcScheduler, ipcBackoff: false.
2023-06-22 13:16:54,396 [Socket Reader #1 for port 15019] INFO  ipc.Server (Server.java:run(1319)) - Starting Socket Reader #1 for port 15019
2023-06-22 13:16:54,401 [Listener at 0.0.0.0/15019] INFO  hdds.HddsUtils (HddsUtils.java:preserveThreadName(848)) - Restoring thread name: main
2023-06-22 13:16:54,401 [main] INFO  ozone.HddsDatanodeService (HddsDatanodeService.java:start(335)) - Datanode start with admins: [runner]
2023-06-22 13:16:54,401 [main] INFO  ozone.HddsDatanodeClientProtocolServer (HddsDatanodeClientProtocolServer.java:start(72)) - RPC server for Client /0.0.0.0:15019
2023-06-22 13:16:54,404 [IPC Server Responder] INFO  ipc.Server (Server.java:run(1558)) - IPC Server Responder: starting
2023-06-22 13:16:54,406 [IPC Server listener on 15019] INFO  ipc.Server (Server.java:run(1398)) - IPC Server listener on 15019: starting
2023-06-22 13:16:54,407 [main] WARN  impl.MetricRegistriesImpl (MetricRegistriesImpl.java:addReporterRegistration(111)) - New reporters are added after registries were created. Some metrics will be missing from the reporter. Please add reporter before adding any new registry.
2023-06-22 13:16:54,407 [main] WARN  impl.MetricRegistriesImpl (MetricRegistriesImpl.java:addReporterRegistration(111)) - New reporters are added after registries were created. Some metrics will be missing from the reporter. Please add reporter before adding any new registry.
2023-06-22 13:16:54,407 [main] INFO  impl.MetricsSystemImpl (MetricsSystemImpl.java:init(158)) - HddsDatanode metrics system started (again)
2023-06-22 13:16:54,410 [Datanode State Machine Daemon Thread] INFO  statemachine.DatanodeStateMachine (DatanodeStateMachine.java:lambda$startDaemon$0(531)) - Ozone container server started.
2023-06-22 13:16:54,420 [main] INFO  ozone.HddsDatanodeService (HddsDatanodeService.java:start(257)) - HddsDatanodeService host:fv-az208-208.e0tah0prcmautdldtlfxyeofwf.cx.internal.cloudapp.net ip:10.1.0.30
2023-06-22 13:16:54,430 [Datanode State Machine Task Thread - 0] INFO  datanode.InitDatanodeState (InitDatanodeState.java:persistContainerDatanodeDetails(138)) - DatanodeDetails is persisted to /home/runner/work/ozone/ozone/hadoop-ozone/integration-test/target/test-dir/MiniOzoneClusterImpl-0c9ac019-7194-482d-81d1-9ca5b99c70d1/datanode-1/meta/datanode.id
2023-06-22 13:16:54,448 [main] INFO  upgrade.AbstractLayoutVersionManager (AbstractLayoutVersionManager.java:init(83)) - Initializing Layout version manager with metadata layout = HADOOP_PRC_PORTS_IN_DATANODEDETAILS (version = 7), software layout = HADOOP_PRC_PORTS_IN_DATANODEDETAILS (version = 7)
2023-06-22 13:16:54,450 [main] INFO  statemachine.DatanodeStateMachine (DatanodeStateMachine.java:getEndPointTaskThreadPoolSize(279)) - Datanode State Machine Task Thread Pool size 2
2023-06-22 13:16:54,453 [main] INFO  volume.HddsVolume (HddsVolume.java:<init>(130)) - Creating HddsVolume: /home/runner/work/ozone/ozone/hadoop-ozone/integration-test/target/test-dir/MiniOzoneClusterImpl-0c9ac019-7194-482d-81d1-9ca5b99c70d1/datanode-2/data-0/containers/hdds of storage type : DISK capacity : 9223372036854775807
2023-06-22 13:16:54,454 [main] INFO  volume.MutableVolumeSet (MutableVolumeSet.java:initializeVolumeSet(175)) - Added Volume : /home/runner/work/ozone/ozone/hadoop-ozone/integration-test/target/test-dir/MiniOzoneClusterImpl-0c9ac019-7194-482d-81d1-9ca5b99c70d1/datanode-2/data-0/containers/hdds to VolumeSet
2023-06-22 13:16:54,454 [main] INFO  volume.ThrottledAsyncChecker (ThrottledAsyncChecker.java:schedule(141)) - Scheduling a check for /home/runner/work/ozone/ozone/hadoop-ozone/integration-test/target/test-dir/MiniOzoneClusterImpl-0c9ac019-7194-482d-81d1-9ca5b99c70d1/datanode-2/data-0/containers/hdds
2023-06-22 13:16:54,458 [main] INFO  volume.StorageVolumeChecker (StorageVolumeChecker.java:checkAllVolumes(202)) - Scheduled health check for volume /home/runner/work/ozone/ozone/hadoop-ozone/integration-test/target/test-dir/MiniOzoneClusterImpl-0c9ac019-7194-482d-81d1-9ca5b99c70d1/datanode-2/data-0/containers/hdds
2023-06-22 13:16:54,471 [main] INFO  volume.MutableVolumeSet (MutableVolumeSet.java:initializeVolumeSet(175)) - Added Volume : /home/runner/work/ozone/ozone/hadoop-ozone/integration-test/target/test-dir/MiniOzoneClusterImpl-0c9ac019-7194-482d-81d1-9ca5b99c70d1/datanode-2/data/ratis to VolumeSet
2023-06-22 13:16:54,472 [main] INFO  volume.ThrottledAsyncChecker (ThrottledAsyncChecker.java:schedule(141)) - Scheduling a check for /home/runner/work/ozone/ozone/hadoop-ozone/integration-test/target/test-dir/MiniOzoneClusterImpl-0c9ac019-7194-482d-81d1-9ca5b99c70d1/datanode-2/data/ratis
2023-06-22 13:16:54,472 [main] INFO  volume.StorageVolumeChecker (StorageVolumeChecker.java:checkAllVolumes(202)) - Scheduled health check for volume /home/runner/work/ozone/ozone/hadoop-ozone/integration-test/target/test-dir/MiniOzoneClusterImpl-0c9ac019-7194-482d-81d1-9ca5b99c70d1/datanode-2/data/ratis
2023-06-22 13:16:54,484 [Thread-176] INFO  ozoneimpl.ContainerReader (ContainerReader.java:readVolume(175)) - Finish verifying containers on volume /home/runner/work/ozone/ozone/hadoop-ozone/integration-test/target/test-dir/MiniOzoneClusterImpl-0c9ac019-7194-482d-81d1-9ca5b99c70d1/datanode-2/data-0/containers/hdds
2023-06-22 13:16:54,484 [main] INFO  ozoneimpl.OzoneContainer (OzoneContainer.java:buildContainerSet(316)) - Build ContainerSet costs 0s
2023-06-22 13:16:54,487 [main] INFO  server.RaftServer (ConfUtils.java:logGet(46)) - raft.rpc.type = GRPC (default)
2023-06-22 13:16:54,487 [main] INFO  grpc.GrpcConfigKeys (ConfUtils.java:logFallback(53)) - raft.grpc.admin.host = null (fallback to raft.grpc.server.host)
2023-06-22 13:16:54,487 [main] INFO  grpc.GrpcConfigKeys (ConfUtils.java:logGet(46)) - raft.grpc.admin.port = 15031 (custom)
2023-06-22 13:16:54,488 [main] INFO  grpc.GrpcConfigKeys (ConfUtils.java:logFallback(53)) - raft.grpc.client.host = null (fallback to raft.grpc.server.host)
2023-06-22 13:16:54,488 [main] INFO  grpc.GrpcConfigKeys (ConfUtils.java:logGet(46)) - raft.grpc.client.port = 15030 (custom)
2023-06-22 13:16:54,488 [main] INFO  grpc.GrpcConfigKeys (ConfUtils.java:logGet(46)) - raft.grpc.server.host = null (default)
2023-06-22 13:16:54,488 [main] INFO  grpc.GrpcConfigKeys (ConfUtils.java:logGet(46)) - raft.grpc.server.port = 15032 (custom)
2023-06-22 13:16:54,488 [main] INFO  server.GrpcService (ConfUtils.java:logGet(46)) - raft.grpc.message.size.max = 32MB (=33554432) (custom)
2023-06-22 13:16:54,488 [main] INFO  server.RaftServerConfigKeys (ConfUtils.java:logGet(46)) - raft.server.log.appender.buffer.byte-limit = 33554432 (custom)
2023-06-22 13:16:54,488 [main] INFO  server.GrpcService (ConfUtils.java:logGet(46)) - raft.grpc.flow.control.window = 5MB (=5242880) (custom)
2023-06-22 13:16:54,488 [main] INFO  server.RaftServerConfigKeys (ConfUtils.java:logGet(46)) - raft.server.rpc.request.timeout = 60s (custom)
2023-06-22 13:16:54,488 [main] INFO  grpc.GrpcConfigKeys (ConfUtils.java:logGet(46)) - raft.grpc.server.heartbeat.channel = true (default)
2023-06-22 13:16:54,488 [main] INFO  grpc.GrpcConfigKeys (ConfUtils.java:logGet(46)) - raft.grpc.server.async.request.thread.pool.cached = true (default)
2023-06-22 13:16:54,489 [main] INFO  grpc.GrpcConfigKeys (ConfUtils.java:logGet(46)) - raft.grpc.server.async.request.thread.pool.size = 32 (default)
2023-06-22 13:16:54,491 [main] INFO  impl.DataStreamServerImpl (ConfUtils.java:logGet(46)) - raft.datastream.type = NETTY (custom)
2023-06-22 13:16:54,491 [main] INFO  server.RaftServerConfigKeys (ConfUtils.java:logGet(46)) - raft.server.data-stream.async.request.thread.pool.cached = false (default)
2023-06-22 13:16:54,491 [main] INFO  server.RaftServerConfigKeys (ConfUtils.java:logGet(46)) - raft.server.data-stream.async.request.thread.pool.size = 20 (custom)
2023-06-22 13:16:54,491 [main] INFO  server.RaftServerConfigKeys (ConfUtils.java:logGet(46)) - raft.server.data-stream.async.write.thread.pool.size = 16 (default)
2023-06-22 13:16:54,491 [main] INFO  server.RaftServerConfigKeys (ConfUtils.java:logGet(46)) - raft.server.data-stream.client.pool.size = 10 (default)
2023-06-22 13:16:54,491 [main] INFO  netty.NettyConfigKeys$DataStream (ConfUtils.java:logGet(46)) - raft.netty.dataStream.server.use-epoll = false (default)
2023-06-22 13:16:54,492 [main] INFO  netty.NettyConfigKeys$DataStream (ConfUtils.java:logGet(46)) - raft.netty.dataStream.server.boss-group.size = 0 (default)
2023-06-22 13:16:54,492 [main] INFO  netty.NettyConfigKeys$DataStream (ConfUtils.java:logGet(46)) - raft.netty.dataStream.server.worker-group.size = 0 (default)
2023-06-22 13:16:54,492 [main] INFO  netty.NettyConfigKeys$DataStream (ConfUtils.java:logGet(46)) - raft.netty.dataStream.server.tls.conf = null (default)
2023-06-22 13:16:54,492 [main] INFO  netty.NettyConfigKeys$DataStream (ConfUtils.java:logGet(46)) - raft.netty.dataStream.host = null (default)
2023-06-22 13:16:54,492 [main] INFO  netty.NettyConfigKeys$DataStream (ConfUtils.java:logGet(46)) - raft.netty.dataStream.port = 15033 (custom)
2023-06-22 13:16:54,493 [main] INFO  server.RaftServerConfigKeys (ConfUtils.java:logGet(46)) - raft.server.threadpool.proxy.cached = true (default)
2023-06-22 13:16:54,493 [main] INFO  server.RaftServerConfigKeys (ConfUtils.java:logGet(46)) - raft.server.threadpool.proxy.size = 0 (default)
2023-06-22 13:16:54,493 [main] INFO  server.RaftServerConfigKeys (ConfUtils.java:logGet(46)) - raft.server.rpc.slowness.timeout = 300s (custom)
2023-06-22 13:16:54,493 [main] INFO  server.RaftServerConfigKeys (ConfUtils.java:logGet(46)) - raft.server.leaderelection.leader.step-down.wait-time = 10s (default)
2023-06-22 13:16:54,493 [main] INFO  server.RaftServerConfigKeys (ConfUtils.java:logGet(46)) - raft.server.storage.dir = [/home/runner/work/ozone/ozone/hadoop-ozone/integration-test/target/test-dir/MiniOzoneClusterImpl-0c9ac019-7194-482d-81d1-9ca5b99c70d1/datanode-2/data/ratis] (custom)
2023-06-22 13:16:54,499 [fb1e6b4b-5f0b-4936-8f17-bb7e415b5287-NettyServerStreamRpc-bossGroup--thread1] INFO  logging.LoggingHandler (AbstractInternalLogger.java:log(148)) - [id: 0xd630bdc4] REGISTERED
2023-06-22 13:16:54,499 [fb1e6b4b-5f0b-4936-8f17-bb7e415b5287-NettyServerStreamRpc-bossGroup--thread1] INFO  logging.LoggingHandler (AbstractInternalLogger.java:log(148)) - [id: 0xd630bdc4] BIND: 0.0.0.0/0.0.0.0:15033
2023-06-22 13:16:54,499 [fb1e6b4b-5f0b-4936-8f17-bb7e415b5287-NettyServerStreamRpc-bossGroup--thread1] INFO  logging.LoggingHandler (AbstractInternalLogger.java:log(148)) - [id: 0xd630bdc4, L:/0:0:0:0:0:0:0:0:15033] ACTIVE
2023-06-22 13:16:54,501 [main] INFO  server.XceiverServerGrpc (XceiverServerGrpc.java:<init>(132)) - GrpcServer channel type EpollServerSocketChannel
2023-06-22 13:16:54,503 [main] INFO  replication.ReplicationSupervisor (ReplicationSupervisor.java:nodeStateUpdated(305)) - Node state updated to IN_SERVICE, scaling executor pool size to 10
2023-06-22 13:16:54,508 [main] INFO  http.BaseHttpServer (BaseHttpServer.java:newHttpServer2BuilderForOzone(224)) - Starting Web-server for hddsDatanode at: http://0.0.0.0:15027
2023-06-22 13:16:54,508 [main] INFO  http.BaseHttpServer (BaseHttpServer.java:<init>(111)) - Hadoop Security Enabled: false Ozone Security Enabled: false Ozone HTTP Security Enabled: false 
2023-06-22 13:16:54,509 [main] WARN  server.AuthenticationFilter (AuthenticationFilter.java:constructSecretProvider(240)) - Unable to initialize FileSignerSecretProvider, falling back to use random secrets. Reason: Could not read signature secret file: /home/runner/hadoop-http-auth-signature-secret
2023-06-22 13:16:54,510 [main] INFO  http.HttpRequestLog (HttpRequestLog.java:getRequestLog(86)) - Http request log for http.requests.hddsDatanode is not defined
2023-06-22 13:16:54,511 [main] INFO  http.HttpServer2 (HttpServer2.java:addGlobalFilter(1031)) - Added global filter 'safety' (class=org.apache.hadoop.hdds.server.http.HttpServer2$QuotingInputFilter)
2023-06-22 13:16:54,512 [main] INFO  http.HttpServer2 (HttpServer2.java:addFilter(1007)) - Added filter static_user_filter (class=org.apache.hadoop.http.lib.StaticUserWebFilter$StaticUserFilter) to context hddsDatanode
2023-06-22 13:16:54,512 [main] INFO  http.HttpServer2 (HttpServer2.java:addFilter(1015)) - Added filter static_user_filter (class=org.apache.hadoop.http.lib.StaticUserWebFilter$StaticUserFilter) to context static
2023-06-22 13:16:54,512 [main] INFO  http.HttpServer2 (HttpServer2.java:addFilter(1015)) - Added filter static_user_filter (class=org.apache.hadoop.http.lib.StaticUserWebFilter$StaticUserFilter) to context logs
2023-06-22 13:16:54,513 [main] INFO  http.BaseHttpServer (BaseHttpServer.java:<init>(190)) - HTTP server of hddsDatanode uses base directory /home/runner/work/ozone/ozone/hadoop-ozone/integration-test/target/test-dir/MiniOzoneClusterImpl-0c9ac019-7194-482d-81d1-9ca5b99c70d1/datanode-2/meta/webserver
2023-06-22 13:16:54,513 [main] INFO  http.HttpServer2 (HttpServer2.java:bindListener(1250)) - Jetty bound to port 15027
2023-06-22 13:16:54,513 [main] INFO  server.Server (Server.java:doStart(375)) - jetty-9.4.51.v20230217; built: 2023-02-17T08:19:37.309Z; git: b45c405e4544384de066f814ed42ae3dceacdd49; jvm 1.8.0_372-b07
2023-06-22 13:16:54,522 [main] INFO  server.session (DefaultSessionIdManager.java:doStart(334)) - DefaultSessionIdManager workerName=node0
2023-06-22 13:16:54,522 [main] INFO  server.session (DefaultSessionIdManager.java:doStart(339)) - No SessionScavenger set, using defaults
2023-06-22 13:16:54,522 [main] INFO  server.session (HouseKeeper.java:startScavenging(132)) - node0 Scavenging every 660000ms
2023-06-22 13:16:54,523 [main] INFO  handler.ContextHandler (ContextHandler.java:doStart(921)) - Started o.e.j.s.ServletContextHandler@646759b2{logs,/logs,file:///home/runner/work/ozone/ozone/hadoop-ozone/integration-test/target/log,AVAILABLE}
2023-06-22 13:16:54,523 [main] INFO  handler.ContextHandler (ContextHandler.java:doStart(921)) - Started o.e.j.s.ServletContextHandler@2cf8a92b{static,/static,jar:file:/home/runner/.m2/repository/org/apache/ozone/hdds-container-service/1.4.0-SNAPSHOT/hdds-container-service-1.4.0-SNAPSHOT.jar!/webapps/static,AVAILABLE}
2023-06-22 13:16:54,730 [main] INFO  handler.ContextHandler (ContextHandler.java:doStart(921)) - Started o.e.j.w.WebAppContext@2e6254fc{hddsDatanode,/,file:///home/runner/work/ozone/ozone/hadoop-ozone/integration-test/target/test-dir/MiniOzoneClusterImpl-0c9ac019-7194-482d-81d1-9ca5b99c70d1/datanode-2/meta/webserver/jetty-0_0_0_0-15027-hdds-container-service-1_4_0-SNAPSHOT_jar-_-any-2286014996228434935/webapp/,AVAILABLE}{jar:file:/home/runner/.m2/repository/org/apache/ozone/hdds-container-service/1.4.0-SNAPSHOT/hdds-container-service-1.4.0-SNAPSHOT.jar!/webapps/hddsDatanode}
2023-06-22 13:16:54,732 [main] INFO  server.AbstractConnector (AbstractConnector.java:doStart(333)) - Started ServerConnector@a5810be{HTTP/1.1, (http/1.1)}{0.0.0.0:15027}
2023-06-22 13:16:54,732 [main] INFO  server.Server (Server.java:doStart(415)) - Started @9256ms
2023-06-22 13:16:54,732 [main] WARN  impl.MetricsSystemImpl (MetricsSystemImpl.java:register(279)) - Sink prometheus already exists!
2023-06-22 13:16:54,732 [main] INFO  http.BaseHttpServer (BaseHttpServer.java:updateConnectorAddress(344)) - HTTP server of hddsDatanode listening at http://0.0.0.0:15027
2023-06-22 13:16:54,733 [main] INFO  ipc.CallQueueManager (CallQueueManager.java:<init>(90)) - Using callQueue: class java.util.concurrent.LinkedBlockingQueue, queueCapacity: 100, scheduler: class org.apache.hadoop.ipc.DefaultRpcScheduler, ipcBackoff: false.
2023-06-22 13:16:54,734 [Socket Reader #1 for port 15028] INFO  ipc.Server (Server.java:run(1319)) - Starting Socket Reader #1 for port 15028
2023-06-22 13:16:54,746 [Listener at 0.0.0.0/15028] INFO  hdds.HddsUtils (HddsUtils.java:preserveThreadName(848)) - Restoring thread name: main
2023-06-22 13:16:54,746 [main] INFO  ozone.HddsDatanodeService (HddsDatanodeService.java:start(335)) - Datanode start with admins: [runner]
2023-06-22 13:16:54,746 [main] INFO  ozone.HddsDatanodeClientProtocolServer (HddsDatanodeClientProtocolServer.java:start(72)) - RPC server for Client /0.0.0.0:15028
2023-06-22 13:16:54,749 [IPC Server Responder] INFO  ipc.Server (Server.java:run(1558)) - IPC Server Responder: starting
2023-06-22 13:16:54,750 [IPC Server listener on 15028] INFO  ipc.Server (Server.java:run(1398)) - IPC Server listener on 15028: starting
2023-06-22 13:16:54,752 [Datanode State Machine Daemon Thread] INFO  statemachine.DatanodeStateMachine (DatanodeStateMachine.java:lambda$startDaemon$0(531)) - Ozone container server started.
2023-06-22 13:16:54,756 [main] WARN  impl.MetricRegistriesImpl (MetricRegistriesImpl.java:addReporterRegistration(111)) - New reporters are added after registries were created. Some metrics will be missing from the reporter. Please add reporter before adding any new registry.
2023-06-22 13:16:54,756 [main] WARN  impl.MetricRegistriesImpl (MetricRegistriesImpl.java:addReporterRegistration(111)) - New reporters are added after registries were created. Some metrics will be missing from the reporter. Please add reporter before adding any new registry.
2023-06-22 13:16:54,756 [main] INFO  impl.MetricsSystemImpl (MetricsSystemImpl.java:init(158)) - HddsDatanode metrics system started (again)
2023-06-22 13:16:54,768 [main] INFO  ozone.HddsDatanodeService (HddsDatanodeService.java:start(257)) - HddsDatanodeService host:fv-az208-208.e0tah0prcmautdldtlfxyeofwf.cx.internal.cloudapp.net ip:10.1.0.30
2023-06-22 13:16:54,772 [Datanode State Machine Task Thread - 0] INFO  datanode.InitDatanodeState (InitDatanodeState.java:persistContainerDatanodeDetails(138)) - DatanodeDetails is persisted to /home/runner/work/ozone/ozone/hadoop-ozone/integration-test/target/test-dir/MiniOzoneClusterImpl-0c9ac019-7194-482d-81d1-9ca5b99c70d1/datanode-2/meta/datanode.id
2023-06-22 13:16:54,795 [main] INFO  upgrade.AbstractLayoutVersionManager (AbstractLayoutVersionManager.java:init(83)) - Initializing Layout version manager with metadata layout = HADOOP_PRC_PORTS_IN_DATANODEDETAILS (version = 7), software layout = HADOOP_PRC_PORTS_IN_DATANODEDETAILS (version = 7)
2023-06-22 13:16:54,796 [main] INFO  statemachine.DatanodeStateMachine (DatanodeStateMachine.java:getEndPointTaskThreadPoolSize(279)) - Datanode State Machine Task Thread Pool size 2
2023-06-22 13:16:54,798 [main] INFO  volume.HddsVolume (HddsVolume.java:<init>(130)) - Creating HddsVolume: /home/runner/work/ozone/ozone/hadoop-ozone/integration-test/target/test-dir/MiniOzoneClusterImpl-0c9ac019-7194-482d-81d1-9ca5b99c70d1/datanode-3/data-0/containers/hdds of storage type : DISK capacity : 9223372036854775807
2023-06-22 13:16:54,798 [main] INFO  volume.MutableVolumeSet (MutableVolumeSet.java:initializeVolumeSet(175)) - Added Volume : /home/runner/work/ozone/ozone/hadoop-ozone/integration-test/target/test-dir/MiniOzoneClusterImpl-0c9ac019-7194-482d-81d1-9ca5b99c70d1/datanode-3/data-0/containers/hdds to VolumeSet
2023-06-22 13:16:54,798 [main] INFO  volume.ThrottledAsyncChecker (ThrottledAsyncChecker.java:schedule(141)) - Scheduling a check for /home/runner/work/ozone/ozone/hadoop-ozone/integration-test/target/test-dir/MiniOzoneClusterImpl-0c9ac019-7194-482d-81d1-9ca5b99c70d1/datanode-3/data-0/containers/hdds
2023-06-22 13:16:54,799 [main] INFO  volume.StorageVolumeChecker (StorageVolumeChecker.java:checkAllVolumes(202)) - Scheduled health check for volume /home/runner/work/ozone/ozone/hadoop-ozone/integration-test/target/test-dir/MiniOzoneClusterImpl-0c9ac019-7194-482d-81d1-9ca5b99c70d1/datanode-3/data-0/containers/hdds
2023-06-22 13:16:54,810 [main] INFO  volume.MutableVolumeSet (MutableVolumeSet.java:initializeVolumeSet(175)) - Added Volume : /home/runner/work/ozone/ozone/hadoop-ozone/integration-test/target/test-dir/MiniOzoneClusterImpl-0c9ac019-7194-482d-81d1-9ca5b99c70d1/datanode-3/data/ratis to VolumeSet
2023-06-22 13:16:54,810 [main] INFO  volume.ThrottledAsyncChecker (ThrottledAsyncChecker.java:schedule(141)) - Scheduling a check for /home/runner/work/ozone/ozone/hadoop-ozone/integration-test/target/test-dir/MiniOzoneClusterImpl-0c9ac019-7194-482d-81d1-9ca5b99c70d1/datanode-3/data/ratis
2023-06-22 13:16:54,811 [main] INFO  volume.StorageVolumeChecker (StorageVolumeChecker.java:checkAllVolumes(202)) - Scheduled health check for volume /home/runner/work/ozone/ozone/hadoop-ozone/integration-test/target/test-dir/MiniOzoneClusterImpl-0c9ac019-7194-482d-81d1-9ca5b99c70d1/datanode-3/data/ratis
2023-06-22 13:16:54,823 [Thread-193] INFO  ozoneimpl.ContainerReader (ContainerReader.java:readVolume(175)) - Finish verifying containers on volume /home/runner/work/ozone/ozone/hadoop-ozone/integration-test/target/test-dir/MiniOzoneClusterImpl-0c9ac019-7194-482d-81d1-9ca5b99c70d1/datanode-3/data-0/containers/hdds
2023-06-22 13:16:54,823 [main] INFO  ozoneimpl.OzoneContainer (OzoneContainer.java:buildContainerSet(316)) - Build ContainerSet costs 0s
2023-06-22 13:16:54,827 [main] INFO  server.RaftServer (ConfUtils.java:logGet(46)) - raft.rpc.type = GRPC (default)
2023-06-22 13:16:54,827 [main] INFO  grpc.GrpcConfigKeys (ConfUtils.java:logFallback(53)) - raft.grpc.admin.host = null (fallback to raft.grpc.server.host)
2023-06-22 13:16:54,827 [main] INFO  grpc.GrpcConfigKeys (ConfUtils.java:logGet(46)) - raft.grpc.admin.port = 15040 (custom)
2023-06-22 13:16:54,827 [main] INFO  grpc.GrpcConfigKeys (ConfUtils.java:logFallback(53)) - raft.grpc.client.host = null (fallback to raft.grpc.server.host)
2023-06-22 13:16:54,827 [main] INFO  grpc.GrpcConfigKeys (ConfUtils.java:logGet(46)) - raft.grpc.client.port = 15039 (custom)
2023-06-22 13:16:54,827 [main] INFO  grpc.GrpcConfigKeys (ConfUtils.java:logGet(46)) - raft.grpc.server.host = null (default)
2023-06-22 13:16:54,827 [main] INFO  grpc.GrpcConfigKeys (ConfUtils.java:logGet(46)) - raft.grpc.server.port = 15041 (custom)
2023-06-22 13:16:54,827 [main] INFO  server.GrpcService (ConfUtils.java:logGet(46)) - raft.grpc.message.size.max = 32MB (=33554432) (custom)
2023-06-22 13:16:54,828 [main] INFO  server.RaftServerConfigKeys (ConfUtils.java:logGet(46)) - raft.server.log.appender.buffer.byte-limit = 33554432 (custom)
2023-06-22 13:16:54,828 [main] INFO  server.GrpcService (ConfUtils.java:logGet(46)) - raft.grpc.flow.control.window = 5MB (=5242880) (custom)
2023-06-22 13:16:54,828 [main] INFO  server.RaftServerConfigKeys (ConfUtils.java:logGet(46)) - raft.server.rpc.request.timeout = 60s (custom)
2023-06-22 13:16:54,828 [main] INFO  grpc.GrpcConfigKeys (ConfUtils.java:logGet(46)) - raft.grpc.server.heartbeat.channel = true (default)
2023-06-22 13:16:54,828 [main] INFO  grpc.GrpcConfigKeys (ConfUtils.java:logGet(46)) - raft.grpc.server.async.request.thread.pool.cached = true (default)
2023-06-22 13:16:54,828 [main] INFO  grpc.GrpcConfigKeys (ConfUtils.java:logGet(46)) - raft.grpc.server.async.request.thread.pool.size = 32 (default)
2023-06-22 13:16:54,830 [main] INFO  impl.DataStreamServerImpl (ConfUtils.java:logGet(46)) - raft.datastream.type = NETTY (custom)
2023-06-22 13:16:54,830 [main] INFO  server.RaftServerConfigKeys (ConfUtils.java:logGet(46)) - raft.server.data-stream.async.request.thread.pool.cached = false (default)
2023-06-22 13:16:54,831 [main] INFO  server.RaftServerConfigKeys (ConfUtils.java:logGet(46)) - raft.server.data-stream.async.request.thread.pool.size = 20 (custom)
2023-06-22 13:16:54,831 [main] INFO  server.RaftServerConfigKeys (ConfUtils.java:logGet(46)) - raft.server.data-stream.async.write.thread.pool.size = 16 (default)
2023-06-22 13:16:54,831 [main] INFO  server.RaftServerConfigKeys (ConfUtils.java:logGet(46)) - raft.server.data-stream.client.pool.size = 10 (default)
2023-06-22 13:16:54,831 [main] INFO  netty.NettyConfigKeys$DataStream (ConfUtils.java:logGet(46)) - raft.netty.dataStream.server.use-epoll = false (default)
2023-06-22 13:16:54,831 [main] INFO  netty.NettyConfigKeys$DataStream (ConfUtils.java:logGet(46)) - raft.netty.dataStream.server.boss-group.size = 0 (default)
2023-06-22 13:16:54,831 [main] INFO  netty.NettyConfigKeys$DataStream (ConfUtils.java:logGet(46)) - raft.netty.dataStream.server.worker-group.size = 0 (default)
2023-06-22 13:16:54,832 [main] INFO  netty.NettyConfigKeys$DataStream (ConfUtils.java:logGet(46)) - raft.netty.dataStream.server.tls.conf = null (default)
2023-06-22 13:16:54,832 [main] INFO  netty.NettyConfigKeys$DataStream (ConfUtils.java:logGet(46)) - raft.netty.dataStream.host = null (default)
2023-06-22 13:16:54,832 [main] INFO  netty.NettyConfigKeys$DataStream (ConfUtils.java:logGet(46)) - raft.netty.dataStream.port = 15042 (custom)
2023-06-22 13:16:54,832 [main] INFO  server.RaftServerConfigKeys (ConfUtils.java:logGet(46)) - raft.server.threadpool.proxy.cached = true (default)
2023-06-22 13:16:54,832 [main] INFO  server.RaftServerConfigKeys (ConfUtils.java:logGet(46)) - raft.server.threadpool.proxy.size = 0 (default)
2023-06-22 13:16:54,832 [main] INFO  server.RaftServerConfigKeys (ConfUtils.java:logGet(46)) - raft.server.rpc.slowness.timeout = 300s (custom)
2023-06-22 13:16:54,832 [main] INFO  server.RaftServerConfigKeys (ConfUtils.java:logGet(46)) - raft.server.leaderelection.leader.step-down.wait-time = 10s (default)
2023-06-22 13:16:54,833 [main] INFO  server.RaftServerConfigKeys (ConfUtils.java:logGet(46)) - raft.server.storage.dir = [/home/runner/work/ozone/ozone/hadoop-ozone/integration-test/target/test-dir/MiniOzoneClusterImpl-0c9ac019-7194-482d-81d1-9ca5b99c70d1/datanode-3/data/ratis] (custom)
2023-06-22 13:16:54,836 [55908a94-3412-422c-9085-6a0ac52bc795-NettyServerStreamRpc-bossGroup--thread1] INFO  logging.LoggingHandler (AbstractInternalLogger.java:log(148)) - [id: 0x93dfc6c5] REGISTERED
2023-06-22 13:16:54,836 [55908a94-3412-422c-9085-6a0ac52bc795-NettyServerStreamRpc-bossGroup--thread1] INFO  logging.LoggingHandler (AbstractInternalLogger.java:log(148)) - [id: 0x93dfc6c5] BIND: 0.0.0.0/0.0.0.0:15042
2023-06-22 13:16:54,837 [55908a94-3412-422c-9085-6a0ac52bc795-NettyServerStreamRpc-bossGroup--thread1] INFO  logging.LoggingHandler (AbstractInternalLogger.java:log(148)) - [id: 0x93dfc6c5, L:/0:0:0:0:0:0:0:0:15042] ACTIVE
2023-06-22 13:16:54,838 [main] INFO  server.XceiverServerGrpc (XceiverServerGrpc.java:<init>(132)) - GrpcServer channel type EpollServerSocketChannel
2023-06-22 13:16:54,840 [main] INFO  replication.ReplicationSupervisor (ReplicationSupervisor.java:nodeStateUpdated(305)) - Node state updated to IN_SERVICE, scaling executor pool size to 10
2023-06-22 13:16:54,847 [main] INFO  http.BaseHttpServer (BaseHttpServer.java:newHttpServer2BuilderForOzone(224)) - Starting Web-server for hddsDatanode at: http://0.0.0.0:15036
2023-06-22 13:16:54,847 [main] INFO  http.BaseHttpServer (BaseHttpServer.java:<init>(111)) - Hadoop Security Enabled: false Ozone Security Enabled: false Ozone HTTP Security Enabled: false 
2023-06-22 13:16:54,848 [main] WARN  server.AuthenticationFilter (AuthenticationFilter.java:constructSecretProvider(240)) - Unable to initialize FileSignerSecretProvider, falling back to use random secrets. Reason: Could not read signature secret file: /home/runner/hadoop-http-auth-signature-secret
2023-06-22 13:16:54,851 [main] INFO  http.HttpRequestLog (HttpRequestLog.java:getRequestLog(86)) - Http request log for http.requests.hddsDatanode is not defined
2023-06-22 13:16:54,853 [main] INFO  http.HttpServer2 (HttpServer2.java:addGlobalFilter(1031)) - Added global filter 'safety' (class=org.apache.hadoop.hdds.server.http.HttpServer2$QuotingInputFilter)
2023-06-22 13:16:54,853 [main] INFO  http.HttpServer2 (HttpServer2.java:addFilter(1007)) - Added filter static_user_filter (class=org.apache.hadoop.http.lib.StaticUserWebFilter$StaticUserFilter) to context hddsDatanode
2023-06-22 13:16:54,854 [main] INFO  http.HttpServer2 (HttpServer2.java:addFilter(1015)) - Added filter static_user_filter (class=org.apache.hadoop.http.lib.StaticUserWebFilter$StaticUserFilter) to context static
2023-06-22 13:16:54,854 [main] INFO  http.HttpServer2 (HttpServer2.java:addFilter(1015)) - Added filter static_user_filter (class=org.apache.hadoop.http.lib.StaticUserWebFilter$StaticUserFilter) to context logs
2023-06-22 13:16:54,856 [main] INFO  http.BaseHttpServer (BaseHttpServer.java:<init>(190)) - HTTP server of hddsDatanode uses base directory /home/runner/work/ozone/ozone/hadoop-ozone/integration-test/target/test-dir/MiniOzoneClusterImpl-0c9ac019-7194-482d-81d1-9ca5b99c70d1/datanode-3/meta/webserver
2023-06-22 13:16:54,856 [main] INFO  http.HttpServer2 (HttpServer2.java:bindListener(1250)) - Jetty bound to port 15036
2023-06-22 13:16:54,856 [main] INFO  server.Server (Server.java:doStart(375)) - jetty-9.4.51.v20230217; built: 2023-02-17T08:19:37.309Z; git: b45c405e4544384de066f814ed42ae3dceacdd49; jvm 1.8.0_372-b07
2023-06-22 13:16:54,860 [main] INFO  server.session (DefaultSessionIdManager.java:doStart(334)) - DefaultSessionIdManager workerName=node0
2023-06-22 13:16:54,860 [main] INFO  server.session (DefaultSessionIdManager.java:doStart(339)) - No SessionScavenger set, using defaults
2023-06-22 13:16:54,861 [main] INFO  server.session (HouseKeeper.java:startScavenging(132)) - node0 Scavenging every 600000ms
2023-06-22 13:16:54,861 [main] INFO  handler.ContextHandler (ContextHandler.java:doStart(921)) - Started o.e.j.s.ServletContextHandler@6ea1a97b{logs,/logs,file:///home/runner/work/ozone/ozone/hadoop-ozone/integration-test/target/log,AVAILABLE}
2023-06-22 13:16:54,862 [main] INFO  handler.ContextHandler (ContextHandler.java:doStart(921)) - Started o.e.j.s.ServletContextHandler@56704452{static,/static,jar:file:/home/runner/.m2/repository/org/apache/ozone/hdds-container-service/1.4.0-SNAPSHOT/hdds-container-service-1.4.0-SNAPSHOT.jar!/webapps/static,AVAILABLE}
2023-06-22 13:16:55,073 [main] INFO  handler.ContextHandler (ContextHandler.java:doStart(921)) - Started o.e.j.w.WebAppContext@3b38c606{hddsDatanode,/,file:///home/runner/work/ozone/ozone/hadoop-ozone/integration-test/target/test-dir/MiniOzoneClusterImpl-0c9ac019-7194-482d-81d1-9ca5b99c70d1/datanode-3/meta/webserver/jetty-0_0_0_0-15036-hdds-container-service-1_4_0-SNAPSHOT_jar-_-any-7572669187546994528/webapp/,AVAILABLE}{jar:file:/home/runner/.m2/repository/org/apache/ozone/hdds-container-service/1.4.0-SNAPSHOT/hdds-container-service-1.4.0-SNAPSHOT.jar!/webapps/hddsDatanode}
2023-06-22 13:16:55,074 [main] INFO  server.AbstractConnector (AbstractConnector.java:doStart(333)) - Started ServerConnector@62fdd4c0{HTTP/1.1, (http/1.1)}{0.0.0.0:15036}
2023-06-22 13:16:55,074 [main] INFO  server.Server (Server.java:doStart(415)) - Started @9599ms
2023-06-22 13:16:55,075 [main] WARN  impl.MetricsSystemImpl (MetricsSystemImpl.java:register(279)) - Sink prometheus already exists!
2023-06-22 13:16:55,075 [main] INFO  http.BaseHttpServer (BaseHttpServer.java:updateConnectorAddress(344)) - HTTP server of hddsDatanode listening at http://0.0.0.0:15036
2023-06-22 13:16:55,075 [main] INFO  ipc.CallQueueManager (CallQueueManager.java:<init>(90)) - Using callQueue: class java.util.concurrent.LinkedBlockingQueue, queueCapacity: 100, scheduler: class org.apache.hadoop.ipc.DefaultRpcScheduler, ipcBackoff: false.
2023-06-22 13:16:55,076 [Socket Reader #1 for port 15037] INFO  ipc.Server (Server.java:run(1319)) - Starting Socket Reader #1 for port 15037
2023-06-22 13:16:55,077 [Listener at 0.0.0.0/15037] INFO  hdds.HddsUtils (HddsUtils.java:preserveThreadName(848)) - Restoring thread name: main
2023-06-22 13:16:55,078 [main] INFO  ozone.HddsDatanodeService (HddsDatanodeService.java:start(335)) - Datanode start with admins: [runner]
2023-06-22 13:16:55,078 [main] INFO  ozone.HddsDatanodeClientProtocolServer (HddsDatanodeClientProtocolServer.java:start(72)) - RPC server for Client /0.0.0.0:15037
2023-06-22 13:16:55,079 [IPC Server Responder] INFO  ipc.Server (Server.java:run(1558)) - IPC Server Responder: starting
2023-06-22 13:16:55,079 [IPC Server listener on 15037] INFO  ipc.Server (Server.java:run(1398)) - IPC Server listener on 15037: starting
2023-06-22 13:16:55,079 [main] WARN  impl.MetricRegistriesImpl (MetricRegistriesImpl.java:addReporterRegistration(111)) - New reporters are added after registries were created. Some metrics will be missing from the reporter. Please add reporter before adding any new registry.
2023-06-22 13:16:55,079 [main] WARN  impl.MetricRegistriesImpl (MetricRegistriesImpl.java:addReporterRegistration(111)) - New reporters are added after registries were created. Some metrics will be missing from the reporter. Please add reporter before adding any new registry.
2023-06-22 13:16:55,079 [main] INFO  impl.MetricsSystemImpl (MetricsSystemImpl.java:init(158)) - HddsDatanode metrics system started (again)
2023-06-22 13:16:55,081 [Datanode State Machine Daemon Thread] INFO  statemachine.DatanodeStateMachine (DatanodeStateMachine.java:lambda$startDaemon$0(531)) - Ozone container server started.
2023-06-22 13:16:55,091 [main] INFO  ozone.HddsDatanodeService (HddsDatanodeService.java:start(257)) - HddsDatanodeService host:fv-az208-208.e0tah0prcmautdldtlfxyeofwf.cx.internal.cloudapp.net ip:10.1.0.30
2023-06-22 13:16:55,099 [Datanode State Machine Task Thread - 0] INFO  datanode.InitDatanodeState (InitDatanodeState.java:persistContainerDatanodeDetails(138)) - DatanodeDetails is persisted to /home/runner/work/ozone/ozone/hadoop-ozone/integration-test/target/test-dir/MiniOzoneClusterImpl-0c9ac019-7194-482d-81d1-9ca5b99c70d1/datanode-3/meta/datanode.id
2023-06-22 13:16:55,136 [main] INFO  upgrade.AbstractLayoutVersionManager (AbstractLayoutVersionManager.java:init(83)) - Initializing Layout version manager with metadata layout = HADOOP_PRC_PORTS_IN_DATANODEDETAILS (version = 7), software layout = HADOOP_PRC_PORTS_IN_DATANODEDETAILS (version = 7)
2023-06-22 13:16:55,138 [main] INFO  statemachine.DatanodeStateMachine (DatanodeStateMachine.java:getEndPointTaskThreadPoolSize(279)) - Datanode State Machine Task Thread Pool size 2
2023-06-22 13:16:55,140 [main] INFO  volume.HddsVolume (HddsVolume.java:<init>(130)) - Creating HddsVolume: /home/runner/work/ozone/ozone/hadoop-ozone/integration-test/target/test-dir/MiniOzoneClusterImpl-0c9ac019-7194-482d-81d1-9ca5b99c70d1/datanode-4/data-0/containers/hdds of storage type : DISK capacity : 9223372036854775807
2023-06-22 13:16:55,141 [main] INFO  volume.MutableVolumeSet (MutableVolumeSet.java:initializeVolumeSet(175)) - Added Volume : /home/runner/work/ozone/ozone/hadoop-ozone/integration-test/target/test-dir/MiniOzoneClusterImpl-0c9ac019-7194-482d-81d1-9ca5b99c70d1/datanode-4/data-0/containers/hdds to VolumeSet
2023-06-22 13:16:55,141 [main] INFO  volume.ThrottledAsyncChecker (ThrottledAsyncChecker.java:schedule(141)) - Scheduling a check for /home/runner/work/ozone/ozone/hadoop-ozone/integration-test/target/test-dir/MiniOzoneClusterImpl-0c9ac019-7194-482d-81d1-9ca5b99c70d1/datanode-4/data-0/containers/hdds
2023-06-22 13:16:55,141 [main] INFO  volume.StorageVolumeChecker (StorageVolumeChecker.java:checkAllVolumes(202)) - Scheduled health check for volume /home/runner/work/ozone/ozone/hadoop-ozone/integration-test/target/test-dir/MiniOzoneClusterImpl-0c9ac019-7194-482d-81d1-9ca5b99c70d1/datanode-4/data-0/containers/hdds
2023-06-22 13:16:55,153 [main] INFO  volume.MutableVolumeSet (MutableVolumeSet.java:initializeVolumeSet(175)) - Added Volume : /home/runner/work/ozone/ozone/hadoop-ozone/integration-test/target/test-dir/MiniOzoneClusterImpl-0c9ac019-7194-482d-81d1-9ca5b99c70d1/datanode-4/data/ratis to VolumeSet
2023-06-22 13:16:55,153 [main] INFO  volume.ThrottledAsyncChecker (ThrottledAsyncChecker.java:schedule(141)) - Scheduling a check for /home/runner/work/ozone/ozone/hadoop-ozone/integration-test/target/test-dir/MiniOzoneClusterImpl-0c9ac019-7194-482d-81d1-9ca5b99c70d1/datanode-4/data/ratis
2023-06-22 13:16:55,153 [main] INFO  volume.StorageVolumeChecker (StorageVolumeChecker.java:checkAllVolumes(202)) - Scheduled health check for volume /home/runner/work/ozone/ozone/hadoop-ozone/integration-test/target/test-dir/MiniOzoneClusterImpl-0c9ac019-7194-482d-81d1-9ca5b99c70d1/datanode-4/data/ratis
2023-06-22 13:16:55,163 [Thread-210] INFO  ozoneimpl.ContainerReader (ContainerReader.java:readVolume(175)) - Finish verifying containers on volume /home/runner/work/ozone/ozone/hadoop-ozone/integration-test/target/test-dir/MiniOzoneClusterImpl-0c9ac019-7194-482d-81d1-9ca5b99c70d1/datanode-4/data-0/containers/hdds
2023-06-22 13:16:55,164 [main] INFO  ozoneimpl.OzoneContainer (OzoneContainer.java:buildContainerSet(316)) - Build ContainerSet costs 0s
2023-06-22 13:16:55,166 [main] INFO  server.RaftServer (ConfUtils.java:logGet(46)) - raft.rpc.type = GRPC (default)
2023-06-22 13:16:55,166 [main] INFO  grpc.GrpcConfigKeys (ConfUtils.java:logFallback(53)) - raft.grpc.admin.host = null (fallback to raft.grpc.server.host)
2023-06-22 13:16:55,166 [main] INFO  grpc.GrpcConfigKeys (ConfUtils.java:logGet(46)) - raft.grpc.admin.port = 15049 (custom)
2023-06-22 13:16:55,167 [main] INFO  grpc.GrpcConfigKeys (ConfUtils.java:logFallback(53)) - raft.grpc.client.host = null (fallback to raft.grpc.server.host)
2023-06-22 13:16:55,167 [main] INFO  grpc.GrpcConfigKeys (ConfUtils.java:logGet(46)) - raft.grpc.client.port = 15048 (custom)
2023-06-22 13:16:55,167 [main] INFO  grpc.GrpcConfigKeys (ConfUtils.java:logGet(46)) - raft.grpc.server.host = null (default)
2023-06-22 13:16:55,167 [main] INFO  grpc.GrpcConfigKeys (ConfUtils.java:logGet(46)) - raft.grpc.server.port = 15050 (custom)
2023-06-22 13:16:55,167 [main] INFO  server.GrpcService (ConfUtils.java:logGet(46)) - raft.grpc.message.size.max = 32MB (=33554432) (custom)
2023-06-22 13:16:55,167 [main] INFO  server.RaftServerConfigKeys (ConfUtils.java:logGet(46)) - raft.server.log.appender.buffer.byte-limit = 33554432 (custom)
2023-06-22 13:16:55,167 [main] INFO  server.GrpcService (ConfUtils.java:logGet(46)) - raft.grpc.flow.control.window = 5MB (=5242880) (custom)
2023-06-22 13:16:55,167 [main] INFO  server.RaftServerConfigKeys (ConfUtils.java:logGet(46)) - raft.server.rpc.request.timeout = 60s (custom)
2023-06-22 13:16:55,167 [main] INFO  grpc.GrpcConfigKeys (ConfUtils.java:logGet(46)) - raft.grpc.server.heartbeat.channel = true (default)
2023-06-22 13:16:55,167 [main] INFO  grpc.GrpcConfigKeys (ConfUtils.java:logGet(46)) - raft.grpc.server.async.request.thread.pool.cached = true (default)
2023-06-22 13:16:55,168 [main] INFO  grpc.GrpcConfigKeys (ConfUtils.java:logGet(46)) - raft.grpc.server.async.request.thread.pool.size = 32 (default)
2023-06-22 13:16:55,169 [main] INFO  impl.DataStreamServerImpl (ConfUtils.java:logGet(46)) - raft.datastream.type = NETTY (custom)
2023-06-22 13:16:55,170 [main] INFO  server.RaftServerConfigKeys (ConfUtils.java:logGet(46)) - raft.server.data-stream.async.request.thread.pool.cached = false (default)
2023-06-22 13:16:55,170 [main] INFO  server.RaftServerConfigKeys (ConfUtils.java:logGet(46)) - raft.server.data-stream.async.request.thread.pool.size = 20 (custom)
2023-06-22 13:16:55,170 [main] INFO  server.RaftServerConfigKeys (ConfUtils.java:logGet(46)) - raft.server.data-stream.async.write.thread.pool.size = 16 (default)
2023-06-22 13:16:55,170 [main] INFO  server.RaftServerConfigKeys (ConfUtils.java:logGet(46)) - raft.server.data-stream.client.pool.size = 10 (default)
2023-06-22 13:16:55,170 [main] INFO  netty.NettyConfigKeys$DataStream (ConfUtils.java:logGet(46)) - raft.netty.dataStream.server.use-epoll = false (default)
2023-06-22 13:16:55,170 [main] INFO  netty.NettyConfigKeys$DataStream (ConfUtils.java:logGet(46)) - raft.netty.dataStream.server.boss-group.size = 0 (default)
2023-06-22 13:16:55,170 [main] INFO  netty.NettyConfigKeys$DataStream (ConfUtils.java:logGet(46)) - raft.netty.dataStream.server.worker-group.size = 0 (default)
2023-06-22 13:16:55,171 [main] INFO  netty.NettyConfigKeys$DataStream (ConfUtils.java:logGet(46)) - raft.netty.dataStream.server.tls.conf = null (default)
2023-06-22 13:16:55,171 [main] INFO  netty.NettyConfigKeys$DataStream (ConfUtils.java:logGet(46)) - raft.netty.dataStream.host = null (default)
2023-06-22 13:16:55,171 [main] INFO  netty.NettyConfigKeys$DataStream (ConfUtils.java:logGet(46)) - raft.netty.dataStream.port = 15051 (custom)
2023-06-22 13:16:55,171 [main] INFO  server.RaftServerConfigKeys (ConfUtils.java:logGet(46)) - raft.server.threadpool.proxy.cached = true (default)
2023-06-22 13:16:55,172 [main] INFO  server.RaftServerConfigKeys (ConfUtils.java:logGet(46)) - raft.server.threadpool.proxy.size = 0 (default)
2023-06-22 13:16:55,172 [main] INFO  server.RaftServerConfigKeys (ConfUtils.java:logGet(46)) - raft.server.rpc.slowness.timeout = 300s (custom)
2023-06-22 13:16:55,172 [main] INFO  server.RaftServerConfigKeys (ConfUtils.java:logGet(46)) - raft.server.leaderelection.leader.step-down.wait-time = 10s (default)
2023-06-22 13:16:55,172 [main] INFO  server.RaftServerConfigKeys (ConfUtils.java:logGet(46)) - raft.server.storage.dir = [/home/runner/work/ozone/ozone/hadoop-ozone/integration-test/target/test-dir/MiniOzoneClusterImpl-0c9ac019-7194-482d-81d1-9ca5b99c70d1/datanode-4/data/ratis] (custom)
2023-06-22 13:16:55,173 [main] INFO  server.XceiverServerGrpc (XceiverServerGrpc.java:<init>(132)) - GrpcServer channel type EpollServerSocketChannel
2023-06-22 13:16:55,175 [d61499ed-03ab-4261-8165-c3404d6b8549-NettyServerStreamRpc-bossGroup--thread1] INFO  logging.LoggingHandler (AbstractInternalLogger.java:log(148)) - [id: 0xc664ba16] REGISTERED
2023-06-22 13:16:55,175 [d61499ed-03ab-4261-8165-c3404d6b8549-NettyServerStreamRpc-bossGroup--thread1] INFO  logging.LoggingHandler (AbstractInternalLogger.java:log(148)) - [id: 0xc664ba16] BIND: 0.0.0.0/0.0.0.0:15051
2023-06-22 13:16:55,175 [d61499ed-03ab-4261-8165-c3404d6b8549-NettyServerStreamRpc-bossGroup--thread1] INFO  logging.LoggingHandler (AbstractInternalLogger.java:log(148)) - [id: 0xc664ba16, L:/0:0:0:0:0:0:0:0:15051] ACTIVE
2023-06-22 13:16:55,177 [main] INFO  replication.ReplicationSupervisor (ReplicationSupervisor.java:nodeStateUpdated(305)) - Node state updated to IN_SERVICE, scaling executor pool size to 10
2023-06-22 13:16:55,178 [main] INFO  http.BaseHttpServer (BaseHttpServer.java:newHttpServer2BuilderForOzone(224)) - Starting Web-server for hddsDatanode at: http://0.0.0.0:15045
2023-06-22 13:16:55,179 [main] INFO  http.BaseHttpServer (BaseHttpServer.java:<init>(111)) - Hadoop Security Enabled: false Ozone Security Enabled: false Ozone HTTP Security Enabled: false 
2023-06-22 13:16:55,180 [main] WARN  server.AuthenticationFilter (AuthenticationFilter.java:constructSecretProvider(240)) - Unable to initialize FileSignerSecretProvider, falling back to use random secrets. Reason: Could not read signature secret file: /home/runner/hadoop-http-auth-signature-secret
2023-06-22 13:16:55,180 [main] INFO  http.HttpRequestLog (HttpRequestLog.java:getRequestLog(86)) - Http request log for http.requests.hddsDatanode is not defined
2023-06-22 13:16:55,183 [main] INFO  http.HttpServer2 (HttpServer2.java:addGlobalFilter(1031)) - Added global filter 'safety' (class=org.apache.hadoop.hdds.server.http.HttpServer2$QuotingInputFilter)
2023-06-22 13:16:55,184 [main] INFO  http.HttpServer2 (HttpServer2.java:addFilter(1007)) - Added filter static_user_filter (class=org.apache.hadoop.http.lib.StaticUserWebFilter$StaticUserFilter) to context hddsDatanode
2023-06-22 13:16:55,184 [main] INFO  http.HttpServer2 (HttpServer2.java:addFilter(1015)) - Added filter static_user_filter (class=org.apache.hadoop.http.lib.StaticUserWebFilter$StaticUserFilter) to context static
2023-06-22 13:16:55,184 [main] INFO  http.HttpServer2 (HttpServer2.java:addFilter(1015)) - Added filter static_user_filter (class=org.apache.hadoop.http.lib.StaticUserWebFilter$StaticUserFilter) to context logs
2023-06-22 13:16:55,187 [main] INFO  http.BaseHttpServer (BaseHttpServer.java:<init>(190)) - HTTP server of hddsDatanode uses base directory /home/runner/work/ozone/ozone/hadoop-ozone/integration-test/target/test-dir/MiniOzoneClusterImpl-0c9ac019-7194-482d-81d1-9ca5b99c70d1/datanode-4/meta/webserver
2023-06-22 13:16:55,187 [main] INFO  http.HttpServer2 (HttpServer2.java:bindListener(1250)) - Jetty bound to port 15045
2023-06-22 13:16:55,187 [main] INFO  server.Server (Server.java:doStart(375)) - jetty-9.4.51.v20230217; built: 2023-02-17T08:19:37.309Z; git: b45c405e4544384de066f814ed42ae3dceacdd49; jvm 1.8.0_372-b07
2023-06-22 13:16:55,189 [main] INFO  server.session (DefaultSessionIdManager.java:doStart(334)) - DefaultSessionIdManager workerName=node0
2023-06-22 13:16:55,190 [main] INFO  server.session (DefaultSessionIdManager.java:doStart(339)) - No SessionScavenger set, using defaults
2023-06-22 13:16:55,190 [main] INFO  server.session (HouseKeeper.java:startScavenging(132)) - node0 Scavenging every 660000ms
2023-06-22 13:16:55,190 [main] INFO  handler.ContextHandler (ContextHandler.java:doStart(921)) - Started o.e.j.s.ServletContextHandler@31ef92a0{logs,/logs,file:///home/runner/work/ozone/ozone/hadoop-ozone/integration-test/target/log,AVAILABLE}
2023-06-22 13:16:55,191 [main] INFO  handler.ContextHandler (ContextHandler.java:doStart(921)) - Started o.e.j.s.ServletContextHandler@6d4cf992{static,/static,jar:file:/home/runner/.m2/repository/org/apache/ozone/hdds-container-service/1.4.0-SNAPSHOT/hdds-container-service-1.4.0-SNAPSHOT.jar!/webapps/static,AVAILABLE}
2023-06-22 13:16:55,395 [main] INFO  handler.ContextHandler (ContextHandler.java:doStart(921)) - Started o.e.j.w.WebAppContext@55517531{hddsDatanode,/,file:///home/runner/work/ozone/ozone/hadoop-ozone/integration-test/target/test-dir/MiniOzoneClusterImpl-0c9ac019-7194-482d-81d1-9ca5b99c70d1/datanode-4/meta/webserver/jetty-0_0_0_0-15045-hdds-container-service-1_4_0-SNAPSHOT_jar-_-any-7232685512477124279/webapp/,AVAILABLE}{jar:file:/home/runner/.m2/repository/org/apache/ozone/hdds-container-service/1.4.0-SNAPSHOT/hdds-container-service-1.4.0-SNAPSHOT.jar!/webapps/hddsDatanode}
2023-06-22 13:16:55,396 [main] INFO  server.AbstractConnector (AbstractConnector.java:doStart(333)) - Started ServerConnector@2ca18d8a{HTTP/1.1, (http/1.1)}{0.0.0.0:15045}
2023-06-22 13:16:55,396 [main] INFO  server.Server (Server.java:doStart(415)) - Started @9920ms
2023-06-22 13:16:55,396 [main] WARN  impl.MetricsSystemImpl (MetricsSystemImpl.java:register(279)) - Sink prometheus already exists!
2023-06-22 13:16:55,397 [main] INFO  http.BaseHttpServer (BaseHttpServer.java:updateConnectorAddress(344)) - HTTP server of hddsDatanode listening at http://0.0.0.0:15045
2023-06-22 13:16:55,397 [main] INFO  ipc.CallQueueManager (CallQueueManager.java:<init>(90)) - Using callQueue: class java.util.concurrent.LinkedBlockingQueue, queueCapacity: 100, scheduler: class org.apache.hadoop.ipc.DefaultRpcScheduler, ipcBackoff: false.
2023-06-22 13:16:55,398 [Socket Reader #1 for port 15046] INFO  ipc.Server (Server.java:run(1319)) - Starting Socket Reader #1 for port 15046
2023-06-22 13:16:55,403 [Listener at 0.0.0.0/15046] INFO  hdds.HddsUtils (HddsUtils.java:preserveThreadName(848)) - Restoring thread name: main
2023-06-22 13:16:55,406 [main] INFO  ozone.HddsDatanodeService (HddsDatanodeService.java:start(335)) - Datanode start with admins: [runner]
2023-06-22 13:16:55,406 [main] INFO  ozone.HddsDatanodeClientProtocolServer (HddsDatanodeClientProtocolServer.java:start(72)) - RPC server for Client /0.0.0.0:15046
2023-06-22 13:16:55,406 [IPC Server Responder] INFO  ipc.Server (Server.java:run(1558)) - IPC Server Responder: starting
2023-06-22 13:16:55,408 [IPC Server listener on 15046] INFO  ipc.Server (Server.java:run(1398)) - IPC Server listener on 15046: starting
2023-06-22 13:16:55,409 [main] INFO  ozone.MiniOzoneClusterImpl (MiniOzoneClusterImpl.java:lambda$waitForClusterToBeReady$0(224)) - Waiting for nodes to be ready. Got 0 of 5 DN Heartbeats.
2023-06-22 13:16:55,409 [main] INFO  ozone.MiniOzoneClusterImpl (MiniOzoneClusterImpl.java:lambda$waitForClusterToBeReady$0(227)) - Waiting for cluster to exit safe mode
2023-06-22 13:16:55,409 [main] INFO  ozone.MiniOzoneClusterImpl (MiniOzoneClusterImpl.java:lambda$waitForClusterToBeReady$0(229)) - SCM became leader
2023-06-22 13:16:55,412 [Datanode State Machine Daemon Thread] INFO  statemachine.DatanodeStateMachine (DatanodeStateMachine.java:lambda$startDaemon$0(531)) - Ozone container server started.
2023-06-22 13:16:55,416 [Datanode State Machine Task Thread - 0] INFO  datanode.InitDatanodeState (InitDatanodeState.java:persistContainerDatanodeDetails(138)) - DatanodeDetails is persisted to /home/runner/work/ozone/ozone/hadoop-ozone/integration-test/target/test-dir/MiniOzoneClusterImpl-0c9ac019-7194-482d-81d1-9ca5b99c70d1/datanode-4/meta/datanode.id
2023-06-22 13:16:55,982 [EndpointStateMachine task thread for /0.0.0.0:15002 - 0 ] INFO  utils.DatanodeStoreCache (DatanodeStoreCache.java:addDB(66)) - Added db /home/runner/work/ozone/ozone/hadoop-ozone/integration-test/target/test-dir/MiniOzoneClusterImpl-0c9ac019-7194-482d-81d1-9ca5b99c70d1/datanode-0/data-0/containers/hdds/0c9ac019-7194-482d-81d1-9ca5b99c70d1/DS-6953d0d1-6554-4f25-813f-0c74681e328b/container.db to cache
2023-06-22 13:16:55,982 [EndpointStateMachine task thread for /0.0.0.0:15002 - 0 ] INFO  volume.HddsVolume (HddsVolume.java:createDbStore(350)) - SchemaV3 db is created and loaded at /home/runner/work/ozone/ozone/hadoop-ozone/integration-test/target/test-dir/MiniOzoneClusterImpl-0c9ac019-7194-482d-81d1-9ca5b99c70d1/datanode-0/data-0/containers/hdds/0c9ac019-7194-482d-81d1-9ca5b99c70d1/DS-6953d0d1-6554-4f25-813f-0c74681e328b/container.db for volume DS-6953d0d1-6554-4f25-813f-0c74681e328b
2023-06-22 13:16:55,986 [EndpointStateMachine task thread for /0.0.0.0:15002 - 0 ] INFO  ozoneimpl.OzoneContainer (OzoneContainer.java:start(411)) - Attempting to start container services.
2023-06-22 13:16:55,988 [EndpointStateMachine task thread for /0.0.0.0:15002 - 0 ] INFO  ozoneimpl.OzoneContainer (OzoneContainer.java:startContainerScrub(327)) - Scheduled background container scanners and the on-demand container scanner have been disabled.
2023-06-22 13:16:55,989 [EndpointStateMachine task thread for /0.0.0.0:15002 - 0 ] INFO  replication.ReplicationServer (ReplicationServer.java:start(128)) - ReplicationServer is started using port 15016
2023-06-22 13:16:55,989 [EndpointStateMachine task thread for /0.0.0.0:15002 - 0 ] INFO  ratis.XceiverServerRatis (XceiverServerRatis.java:start(517)) - Starting XceiverServerRatis 814a2953-5a54-4816-82bb-cea6b8923059
2023-06-22 13:16:55,991 [EndpointStateMachine task thread for /0.0.0.0:15002 - 0 ] INFO  server.RaftServer (RaftServerProxy.java:startImpl(400)) - 814a2953-5a54-4816-82bb-cea6b8923059: start RPC server
2023-06-22 13:16:55,993 [EndpointStateMachine task thread for /0.0.0.0:15002 - 0 ] INFO  server.GrpcService (GrpcService.java:startImpl(302)) - 814a2953-5a54-4816-82bb-cea6b8923059: GrpcService started, listening on 15012
2023-06-22 13:16:55,995 [EndpointStateMachine task thread for /0.0.0.0:15002 - 0 ] INFO  server.GrpcService (GrpcService.java:startImpl(302)) - 814a2953-5a54-4816-82bb-cea6b8923059: GrpcService started, listening on 15014
2023-06-22 13:16:55,996 [EndpointStateMachine task thread for /0.0.0.0:15002 - 0 ] INFO  server.GrpcService (GrpcService.java:startImpl(302)) - 814a2953-5a54-4816-82bb-cea6b8923059: GrpcService started, listening on 15013
2023-06-22 13:16:55,996 [EndpointStateMachine task thread for /0.0.0.0:15002 - 0 ] INFO  ratis.XceiverServerRatis (XceiverServerRatis.java:getRealPort(543)) - XceiverServerRatis 814a2953-5a54-4816-82bb-cea6b8923059 is started using port 15012 for RATIS
2023-06-22 13:16:55,996 [JvmPauseMonitor2] INFO  util.JvmPauseMonitor (JvmPauseMonitor.java:run(103)) - JvmPauseMonitor-814a2953-5a54-4816-82bb-cea6b8923059: Started
2023-06-22 13:16:55,996 [EndpointStateMachine task thread for /0.0.0.0:15002 - 0 ] INFO  ratis.XceiverServerRatis (XceiverServerRatis.java:getRealPort(543)) - XceiverServerRatis 814a2953-5a54-4816-82bb-cea6b8923059 is started using port 15013 for RATIS_ADMIN
2023-06-22 13:16:55,996 [EndpointStateMachine task thread for /0.0.0.0:15002 - 0 ] INFO  ratis.XceiverServerRatis (XceiverServerRatis.java:getRealPort(543)) - XceiverServerRatis 814a2953-5a54-4816-82bb-cea6b8923059 is started using port 15014 for RATIS_SERVER
2023-06-22 13:16:55,996 [EndpointStateMachine task thread for /0.0.0.0:15002 - 0 ] INFO  ratis.XceiverServerRatis (XceiverServerRatis.java:getRealPort(543)) - XceiverServerRatis 814a2953-5a54-4816-82bb-cea6b8923059 is started using port 15015 for RATIS_DATASTREAM
2023-06-22 13:16:56,007 [BlockDeletingService#0] INFO  interfaces.ContainerDeletionChoosingPolicyTemplate (ContainerDeletionChoosingPolicyTemplate.java:chooseContainerForBlockDeletion(83)) - Chosen 0/5000 blocks from 0 candidate containers.
2023-06-22 13:16:56,409 [main] INFO  ozone.MiniOzoneClusterImpl (MiniOzoneClusterImpl.java:lambda$waitForClusterToBeReady$0(224)) - Waiting for nodes to be ready. Got 0 of 5 DN Heartbeats.
2023-06-22 13:16:56,409 [main] INFO  ozone.MiniOzoneClusterImpl (MiniOzoneClusterImpl.java:lambda$waitForClusterToBeReady$0(227)) - Waiting for cluster to exit safe mode
2023-06-22 13:16:56,409 [main] INFO  ozone.MiniOzoneClusterImpl (MiniOzoneClusterImpl.java:lambda$waitForClusterToBeReady$0(229)) - SCM became leader
2023-06-22 13:16:56,455 [EndpointStateMachine task thread for /0.0.0.0:15002 - 0 ] INFO  utils.DatanodeStoreCache (DatanodeStoreCache.java:addDB(66)) - Added db /home/runner/work/ozone/ozone/hadoop-ozone/integration-test/target/test-dir/MiniOzoneClusterImpl-0c9ac019-7194-482d-81d1-9ca5b99c70d1/datanode-1/data-0/containers/hdds/0c9ac019-7194-482d-81d1-9ca5b99c70d1/DS-0b969dae-072a-4d90-91f6-439a162b6171/container.db to cache
2023-06-22 13:16:56,456 [EndpointStateMachine task thread for /0.0.0.0:15002 - 0 ] INFO  volume.HddsVolume (HddsVolume.java:createDbStore(350)) - SchemaV3 db is created and loaded at /home/runner/work/ozone/ozone/hadoop-ozone/integration-test/target/test-dir/MiniOzoneClusterImpl-0c9ac019-7194-482d-81d1-9ca5b99c70d1/datanode-1/data-0/containers/hdds/0c9ac019-7194-482d-81d1-9ca5b99c70d1/DS-0b969dae-072a-4d90-91f6-439a162b6171/container.db for volume DS-0b969dae-072a-4d90-91f6-439a162b6171
2023-06-22 13:16:56,457 [EndpointStateMachine task thread for /0.0.0.0:15002 - 0 ] INFO  ozoneimpl.OzoneContainer (OzoneContainer.java:start(411)) - Attempting to start container services.
2023-06-22 13:16:56,457 [EndpointStateMachine task thread for /0.0.0.0:15002 - 0 ] INFO  ozoneimpl.OzoneContainer (OzoneContainer.java:startContainerScrub(327)) - Scheduled background container scanners and the on-demand container scanner have been disabled.
2023-06-22 13:16:56,458 [EndpointStateMachine task thread for /0.0.0.0:15002 - 0 ] INFO  replication.ReplicationServer (ReplicationServer.java:start(128)) - ReplicationServer is started using port 15025
2023-06-22 13:16:56,459 [EndpointStateMachine task thread for /0.0.0.0:15002 - 0 ] INFO  ratis.XceiverServerRatis (XceiverServerRatis.java:start(517)) - Starting XceiverServerRatis fa3625a9-0e11-4f6d-9001-6678f3778837
2023-06-22 13:16:56,459 [EndpointStateMachine task thread for /0.0.0.0:15002 - 0 ] INFO  server.RaftServer (RaftServerProxy.java:startImpl(400)) - fa3625a9-0e11-4f6d-9001-6678f3778837: start RPC server
2023-06-22 13:16:56,461 [EndpointStateMachine task thread for /0.0.0.0:15002 - 0 ] INFO  server.GrpcService (GrpcService.java:startImpl(302)) - fa3625a9-0e11-4f6d-9001-6678f3778837: GrpcService started, listening on 15021
2023-06-22 13:16:56,462 [EndpointStateMachine task thread for /0.0.0.0:15002 - 0 ] INFO  server.GrpcService (GrpcService.java:startImpl(302)) - fa3625a9-0e11-4f6d-9001-6678f3778837: GrpcService started, listening on 15023
2023-06-22 13:16:56,464 [EndpointStateMachine task thread for /0.0.0.0:15002 - 0 ] INFO  server.GrpcService (GrpcService.java:startImpl(302)) - fa3625a9-0e11-4f6d-9001-6678f3778837: GrpcService started, listening on 15022
2023-06-22 13:16:56,465 [EndpointStateMachine task thread for /0.0.0.0:15002 - 0 ] INFO  ratis.XceiverServerRatis (XceiverServerRatis.java:getRealPort(543)) - XceiverServerRatis fa3625a9-0e11-4f6d-9001-6678f3778837 is started using port 15021 for RATIS
2023-06-22 13:16:56,465 [EndpointStateMachine task thread for /0.0.0.0:15002 - 0 ] INFO  ratis.XceiverServerRatis (XceiverServerRatis.java:getRealPort(543)) - XceiverServerRatis fa3625a9-0e11-4f6d-9001-6678f3778837 is started using port 15022 for RATIS_ADMIN
2023-06-22 13:16:56,465 [JvmPauseMonitor3] INFO  util.JvmPauseMonitor (JvmPauseMonitor.java:run(103)) - JvmPauseMonitor-fa3625a9-0e11-4f6d-9001-6678f3778837: Started
2023-06-22 13:16:56,465 [EndpointStateMachine task thread for /0.0.0.0:15002 - 0 ] INFO  ratis.XceiverServerRatis (XceiverServerRatis.java:getRealPort(543)) - XceiverServerRatis fa3625a9-0e11-4f6d-9001-6678f3778837 is started using port 15023 for RATIS_SERVER
2023-06-22 13:16:56,465 [EndpointStateMachine task thread for /0.0.0.0:15002 - 0 ] INFO  ratis.XceiverServerRatis (XceiverServerRatis.java:getRealPort(543)) - XceiverServerRatis fa3625a9-0e11-4f6d-9001-6678f3778837 is started using port 15024 for RATIS_DATASTREAM
2023-06-22 13:16:56,472 [BlockDeletingService#0] INFO  interfaces.ContainerDeletionChoosingPolicyTemplate (ContainerDeletionChoosingPolicyTemplate.java:chooseContainerForBlockDeletion(83)) - Chosen 0/5000 blocks from 0 candidate containers.
2023-06-22 13:16:56,797 [EndpointStateMachine task thread for /0.0.0.0:15002 - 0 ] INFO  utils.DatanodeStoreCache (DatanodeStoreCache.java:addDB(66)) - Added db /home/runner/work/ozone/ozone/hadoop-ozone/integration-test/target/test-dir/MiniOzoneClusterImpl-0c9ac019-7194-482d-81d1-9ca5b99c70d1/datanode-2/data-0/containers/hdds/0c9ac019-7194-482d-81d1-9ca5b99c70d1/DS-6a6f339a-c86b-4039-b7c3-8ccbe4ecb270/container.db to cache
2023-06-22 13:16:56,797 [EndpointStateMachine task thread for /0.0.0.0:15002 - 0 ] INFO  volume.HddsVolume (HddsVolume.java:createDbStore(350)) - SchemaV3 db is created and loaded at /home/runner/work/ozone/ozone/hadoop-ozone/integration-test/target/test-dir/MiniOzoneClusterImpl-0c9ac019-7194-482d-81d1-9ca5b99c70d1/datanode-2/data-0/containers/hdds/0c9ac019-7194-482d-81d1-9ca5b99c70d1/DS-6a6f339a-c86b-4039-b7c3-8ccbe4ecb270/container.db for volume DS-6a6f339a-c86b-4039-b7c3-8ccbe4ecb270
2023-06-22 13:16:56,797 [EndpointStateMachine task thread for /0.0.0.0:15002 - 0 ] INFO  ozoneimpl.OzoneContainer (OzoneContainer.java:start(411)) - Attempting to start container services.
2023-06-22 13:16:56,797 [EndpointStateMachine task thread for /0.0.0.0:15002 - 0 ] INFO  ozoneimpl.OzoneContainer (OzoneContainer.java:startContainerScrub(327)) - Scheduled background container scanners and the on-demand container scanner have been disabled.
2023-06-22 13:16:56,800 [EndpointStateMachine task thread for /0.0.0.0:15002 - 0 ] INFO  replication.ReplicationServer (ReplicationServer.java:start(128)) - ReplicationServer is started using port 15034
2023-06-22 13:16:56,800 [EndpointStateMachine task thread for /0.0.0.0:15002 - 0 ] INFO  ratis.XceiverServerRatis (XceiverServerRatis.java:start(517)) - Starting XceiverServerRatis fb1e6b4b-5f0b-4936-8f17-bb7e415b5287
2023-06-22 13:16:56,800 [EndpointStateMachine task thread for /0.0.0.0:15002 - 0 ] INFO  server.RaftServer (RaftServerProxy.java:startImpl(400)) - fb1e6b4b-5f0b-4936-8f17-bb7e415b5287: start RPC server
2023-06-22 13:16:56,803 [EndpointStateMachine task thread for /0.0.0.0:15002 - 0 ] INFO  server.GrpcService (GrpcService.java:startImpl(302)) - fb1e6b4b-5f0b-4936-8f17-bb7e415b5287: GrpcService started, listening on 15030
2023-06-22 13:16:56,804 [EndpointStateMachine task thread for /0.0.0.0:15002 - 0 ] INFO  server.GrpcService (GrpcService.java:startImpl(302)) - fb1e6b4b-5f0b-4936-8f17-bb7e415b5287: GrpcService started, listening on 15032
2023-06-22 13:16:56,805 [EndpointStateMachine task thread for /0.0.0.0:15002 - 0 ] INFO  server.GrpcService (GrpcService.java:startImpl(302)) - fb1e6b4b-5f0b-4936-8f17-bb7e415b5287: GrpcService started, listening on 15031
2023-06-22 13:16:56,805 [EndpointStateMachine task thread for /0.0.0.0:15002 - 0 ] INFO  ratis.XceiverServerRatis (XceiverServerRatis.java:getRealPort(543)) - XceiverServerRatis fb1e6b4b-5f0b-4936-8f17-bb7e415b5287 is started using port 15030 for RATIS
2023-06-22 13:16:56,805 [JvmPauseMonitor4] INFO  util.JvmPauseMonitor (JvmPauseMonitor.java:run(103)) - JvmPauseMonitor-fb1e6b4b-5f0b-4936-8f17-bb7e415b5287: Started
2023-06-22 13:16:56,805 [EndpointStateMachine task thread for /0.0.0.0:15002 - 0 ] INFO  ratis.XceiverServerRatis (XceiverServerRatis.java:getRealPort(543)) - XceiverServerRatis fb1e6b4b-5f0b-4936-8f17-bb7e415b5287 is started using port 15031 for RATIS_ADMIN
2023-06-22 13:16:56,805 [EndpointStateMachine task thread for /0.0.0.0:15002 - 0 ] INFO  ratis.XceiverServerRatis (XceiverServerRatis.java:getRealPort(543)) - XceiverServerRatis fb1e6b4b-5f0b-4936-8f17-bb7e415b5287 is started using port 15032 for RATIS_SERVER
2023-06-22 13:16:56,806 [EndpointStateMachine task thread for /0.0.0.0:15002 - 0 ] INFO  ratis.XceiverServerRatis (XceiverServerRatis.java:getRealPort(543)) - XceiverServerRatis fb1e6b4b-5f0b-4936-8f17-bb7e415b5287 is started using port 15033 for RATIS_DATASTREAM
2023-06-22 13:16:56,809 [BlockDeletingService#0] INFO  interfaces.ContainerDeletionChoosingPolicyTemplate (ContainerDeletionChoosingPolicyTemplate.java:chooseContainerForBlockDeletion(83)) - Chosen 0/5000 blocks from 0 candidate containers.
2023-06-22 13:16:57,125 [EndpointStateMachine task thread for /0.0.0.0:15002 - 0 ] INFO  utils.DatanodeStoreCache (DatanodeStoreCache.java:addDB(66)) - Added db /home/runner/work/ozone/ozone/hadoop-ozone/integration-test/target/test-dir/MiniOzoneClusterImpl-0c9ac019-7194-482d-81d1-9ca5b99c70d1/datanode-3/data-0/containers/hdds/0c9ac019-7194-482d-81d1-9ca5b99c70d1/DS-a6640e29-3190-4bbb-b8e5-d33f77cf30ee/container.db to cache
2023-06-22 13:16:57,126 [EndpointStateMachine task thread for /0.0.0.0:15002 - 0 ] INFO  volume.HddsVolume (HddsVolume.java:createDbStore(350)) - SchemaV3 db is created and loaded at /home/runner/work/ozone/ozone/hadoop-ozone/integration-test/target/test-dir/MiniOzoneClusterImpl-0c9ac019-7194-482d-81d1-9ca5b99c70d1/datanode-3/data-0/containers/hdds/0c9ac019-7194-482d-81d1-9ca5b99c70d1/DS-a6640e29-3190-4bbb-b8e5-d33f77cf30ee/container.db for volume DS-a6640e29-3190-4bbb-b8e5-d33f77cf30ee
2023-06-22 13:16:57,126 [EndpointStateMachine task thread for /0.0.0.0:15002 - 0 ] INFO  ozoneimpl.OzoneContainer (OzoneContainer.java:start(411)) - Attempting to start container services.
2023-06-22 13:16:57,126 [EndpointStateMachine task thread for /0.0.0.0:15002 - 0 ] INFO  ozoneimpl.OzoneContainer (OzoneContainer.java:startContainerScrub(327)) - Scheduled background container scanners and the on-demand container scanner have been disabled.
2023-06-22 13:16:57,128 [EndpointStateMachine task thread for /0.0.0.0:15002 - 0 ] INFO  replication.ReplicationServer (ReplicationServer.java:start(128)) - ReplicationServer is started using port 15043
2023-06-22 13:16:57,128 [EndpointStateMachine task thread for /0.0.0.0:15002 - 0 ] INFO  ratis.XceiverServerRatis (XceiverServerRatis.java:start(517)) - Starting XceiverServerRatis 55908a94-3412-422c-9085-6a0ac52bc795
2023-06-22 13:16:57,133 [EndpointStateMachine task thread for /0.0.0.0:15002 - 0 ] INFO  server.RaftServer (RaftServerProxy.java:startImpl(400)) - 55908a94-3412-422c-9085-6a0ac52bc795: start RPC server
2023-06-22 13:16:57,135 [EndpointStateMachine task thread for /0.0.0.0:15002 - 0 ] INFO  server.GrpcService (GrpcService.java:startImpl(302)) - 55908a94-3412-422c-9085-6a0ac52bc795: GrpcService started, listening on 15039
2023-06-22 13:16:57,136 [EndpointStateMachine task thread for /0.0.0.0:15002 - 0 ] INFO  server.GrpcService (GrpcService.java:startImpl(302)) - 55908a94-3412-422c-9085-6a0ac52bc795: GrpcService started, listening on 15041
2023-06-22 13:16:57,140 [EndpointStateMachine task thread for /0.0.0.0:15002 - 0 ] INFO  server.GrpcService (GrpcService.java:startImpl(302)) - 55908a94-3412-422c-9085-6a0ac52bc795: GrpcService started, listening on 15040
2023-06-22 13:16:57,140 [EndpointStateMachine task thread for /0.0.0.0:15002 - 0 ] INFO  ratis.XceiverServerRatis (XceiverServerRatis.java:getRealPort(543)) - XceiverServerRatis 55908a94-3412-422c-9085-6a0ac52bc795 is started using port 15039 for RATIS
2023-06-22 13:16:57,140 [EndpointStateMachine task thread for /0.0.0.0:15002 - 0 ] INFO  ratis.XceiverServerRatis (XceiverServerRatis.java:getRealPort(543)) - XceiverServerRatis 55908a94-3412-422c-9085-6a0ac52bc795 is started using port 15040 for RATIS_ADMIN
2023-06-22 13:16:57,140 [JvmPauseMonitor5] INFO  util.JvmPauseMonitor (JvmPauseMonitor.java:run(103)) - JvmPauseMonitor-55908a94-3412-422c-9085-6a0ac52bc795: Started
2023-06-22 13:16:57,140 [EndpointStateMachine task thread for /0.0.0.0:15002 - 0 ] INFO  ratis.XceiverServerRatis (XceiverServerRatis.java:getRealPort(543)) - XceiverServerRatis 55908a94-3412-422c-9085-6a0ac52bc795 is started using port 15041 for RATIS_SERVER
2023-06-22 13:16:57,140 [EndpointStateMachine task thread for /0.0.0.0:15002 - 0 ] INFO  ratis.XceiverServerRatis (XceiverServerRatis.java:getRealPort(543)) - XceiverServerRatis 55908a94-3412-422c-9085-6a0ac52bc795 is started using port 15042 for RATIS_DATASTREAM
2023-06-22 13:16:57,148 [BlockDeletingService#0] INFO  interfaces.ContainerDeletionChoosingPolicyTemplate (ContainerDeletionChoosingPolicyTemplate.java:chooseContainerForBlockDeletion(83)) - Chosen 0/5000 blocks from 0 candidate containers.
2023-06-22 13:16:57,410 [main] INFO  ozone.MiniOzoneClusterImpl (MiniOzoneClusterImpl.java:lambda$waitForClusterToBeReady$0(224)) - Waiting for nodes to be ready. Got 0 of 5 DN Heartbeats.
2023-06-22 13:16:57,410 [main] INFO  ozone.MiniOzoneClusterImpl (MiniOzoneClusterImpl.java:lambda$waitForClusterToBeReady$0(227)) - Waiting for cluster to exit safe mode
2023-06-22 13:16:57,410 [main] INFO  ozone.MiniOzoneClusterImpl (MiniOzoneClusterImpl.java:lambda$waitForClusterToBeReady$0(229)) - SCM became leader
2023-06-22 13:16:57,453 [EndpointStateMachine task thread for /0.0.0.0:15002 - 0 ] INFO  utils.DatanodeStoreCache (DatanodeStoreCache.java:addDB(66)) - Added db /home/runner/work/ozone/ozone/hadoop-ozone/integration-test/target/test-dir/MiniOzoneClusterImpl-0c9ac019-7194-482d-81d1-9ca5b99c70d1/datanode-4/data-0/containers/hdds/0c9ac019-7194-482d-81d1-9ca5b99c70d1/DS-9e7061ff-7ed1-4489-aaf8-69767867d931/container.db to cache
2023-06-22 13:16:57,453 [EndpointStateMachine task thread for /0.0.0.0:15002 - 0 ] INFO  volume.HddsVolume (HddsVolume.java:createDbStore(350)) - SchemaV3 db is created and loaded at /home/runner/work/ozone/ozone/hadoop-ozone/integration-test/target/test-dir/MiniOzoneClusterImpl-0c9ac019-7194-482d-81d1-9ca5b99c70d1/datanode-4/data-0/containers/hdds/0c9ac019-7194-482d-81d1-9ca5b99c70d1/DS-9e7061ff-7ed1-4489-aaf8-69767867d931/container.db for volume DS-9e7061ff-7ed1-4489-aaf8-69767867d931
2023-06-22 13:16:57,453 [EndpointStateMachine task thread for /0.0.0.0:15002 - 0 ] INFO  ozoneimpl.OzoneContainer (OzoneContainer.java:start(411)) - Attempting to start container services.
2023-06-22 13:16:57,453 [EndpointStateMachine task thread for /0.0.0.0:15002 - 0 ] INFO  ozoneimpl.OzoneContainer (OzoneContainer.java:startContainerScrub(327)) - Scheduled background container scanners and the on-demand container scanner have been disabled.
2023-06-22 13:16:57,456 [EndpointStateMachine task thread for /0.0.0.0:15002 - 0 ] INFO  replication.ReplicationServer (ReplicationServer.java:start(128)) - ReplicationServer is started using port 15052
2023-06-22 13:16:57,456 [EndpointStateMachine task thread for /0.0.0.0:15002 - 0 ] INFO  ratis.XceiverServerRatis (XceiverServerRatis.java:start(517)) - Starting XceiverServerRatis d61499ed-03ab-4261-8165-c3404d6b8549
2023-06-22 13:16:57,456 [EndpointStateMachine task thread for /0.0.0.0:15002 - 0 ] INFO  server.RaftServer (RaftServerProxy.java:startImpl(400)) - d61499ed-03ab-4261-8165-c3404d6b8549: start RPC server
2023-06-22 13:16:57,457 [EndpointStateMachine task thread for /0.0.0.0:15002 - 0 ] INFO  server.GrpcService (GrpcService.java:startImpl(302)) - d61499ed-03ab-4261-8165-c3404d6b8549: GrpcService started, listening on 15048
2023-06-22 13:16:57,458 [EndpointStateMachine task thread for /0.0.0.0:15002 - 0 ] INFO  server.GrpcService (GrpcService.java:startImpl(302)) - d61499ed-03ab-4261-8165-c3404d6b8549: GrpcService started, listening on 15050
2023-06-22 13:16:57,460 [EndpointStateMachine task thread for /0.0.0.0:15002 - 0 ] INFO  server.GrpcService (GrpcService.java:startImpl(302)) - d61499ed-03ab-4261-8165-c3404d6b8549: GrpcService started, listening on 15049
2023-06-22 13:16:57,460 [EndpointStateMachine task thread for /0.0.0.0:15002 - 0 ] INFO  ratis.XceiverServerRatis (XceiverServerRatis.java:getRealPort(543)) - XceiverServerRatis d61499ed-03ab-4261-8165-c3404d6b8549 is started using port 15048 for RATIS
2023-06-22 13:16:57,460 [EndpointStateMachine task thread for /0.0.0.0:15002 - 0 ] INFO  ratis.XceiverServerRatis (XceiverServerRatis.java:getRealPort(543)) - XceiverServerRatis d61499ed-03ab-4261-8165-c3404d6b8549 is started using port 15049 for RATIS_ADMIN
2023-06-22 13:16:57,460 [EndpointStateMachine task thread for /0.0.0.0:15002 - 0 ] INFO  ratis.XceiverServerRatis (XceiverServerRatis.java:getRealPort(543)) - XceiverServerRatis d61499ed-03ab-4261-8165-c3404d6b8549 is started using port 15050 for RATIS_SERVER
2023-06-22 13:16:57,460 [EndpointStateMachine task thread for /0.0.0.0:15002 - 0 ] INFO  ratis.XceiverServerRatis (XceiverServerRatis.java:getRealPort(543)) - XceiverServerRatis d61499ed-03ab-4261-8165-c3404d6b8549 is started using port 15051 for RATIS_DATASTREAM
2023-06-22 13:16:57,460 [JvmPauseMonitor6] INFO  util.JvmPauseMonitor (JvmPauseMonitor.java:run(103)) - JvmPauseMonitor-d61499ed-03ab-4261-8165-c3404d6b8549: Started
2023-06-22 13:16:57,462 [BlockDeletingService#0] INFO  interfaces.ContainerDeletionChoosingPolicyTemplate (ContainerDeletionChoosingPolicyTemplate.java:chooseContainerForBlockDeletion(83)) - Chosen 0/5000 blocks from 0 candidate containers.
2023-06-22 13:16:57,901 [IPC Server handler 13 on default port 15002] INFO  net.NetworkTopologyImpl (NetworkTopologyImpl.java:add(112)) - Added a new node: /default-rack/814a2953-5a54-4816-82bb-cea6b8923059
2023-06-22 13:16:57,904 [IPC Server handler 13 on default port 15002] INFO  node.SCMNodeManager (SCMNodeManager.java:register(406)) - Registered Data node : 814a2953-5a54-4816-82bb-cea6b8923059{ip: 10.1.0.30, host: fv-az208-208.e0tah0prcmautdldtlfxyeofwf.cx.internal.cloudapp.net, ports: [HTTP=15009, CLIENT_RPC=15010, REPLICATION=15016, RATIS=15012, RATIS_ADMIN=15013, RATIS_SERVER=15014, RATIS_DATASTREAM=15015, STANDALONE=15011], networkLocation: /default-rack, certSerialId: null, persistedOpState: null, persistedOpStateExpiryEpochSec: 0}
2023-06-22 13:16:57,908 [EventQueue-NewNodeForNewNodeHandler] INFO  pipeline.BackgroundPipelineCreator (BackgroundPipelineCreator.java:notifyEventTriggered(276)) - trigger a one-shot run on RatisPipelineUtilsThread.
2023-06-22 13:16:57,910 [EventQueue-NodeRegistrationContainerReportForContainerSafeModeRule] INFO  safemode.SCMSafeModeManager (SCMSafeModeManager.java:validateSafeModeExitRules(200)) - ContainerSafeModeRule rule is successfully validated
2023-06-22 13:16:57,917 [RatisPipelineUtilsThread - 0] INFO  pipeline.RatisPipelineProvider (RatisPipelineProvider.java:lambda$create$0(206)) - Sending CreatePipelineCommand for pipeline:PipelineID=cf36d24e-1c85-4cc8-85b1-b1515fa6c5c7 to datanode:814a2953-5a54-4816-82bb-cea6b8923059
2023-06-22 13:16:57,914 [EventQueue-NodeRegistrationContainerReportForDataNodeSafeModeRule] INFO  safemode.SCMSafeModeManager (DataNodeSafeModeRule.java:process(71)) - SCM in safe mode. 1 DataNodes registered, 3 required.
2023-06-22 13:16:57,928 [EventQueue-PipelineReportForOneReplicaPipelineSafeModeRule] INFO  safemode.SCMSafeModeManager (SCMSafeModeManager.java:validateSafeModeExitRules(200)) - AtleastOneDatanodeReportedRule rule is successfully validated
2023-06-22 13:16:57,941 [RatisPipelineUtilsThread - 0] INFO  pipeline.PipelineStateManagerImpl (PipelineStateManagerImpl.java:addPipeline(103)) - Created pipeline Pipeline[ Id: cf36d24e-1c85-4cc8-85b1-b1515fa6c5c7, Nodes: 814a2953-5a54-4816-82bb-cea6b8923059(fv-az208-208.e0tah0prcmautdldtlfxyeofwf.cx.internal.cloudapp.net/10.1.0.30), ReplicationConfig: RATIS/ONE, State:ALLOCATED, leaderId:, CreationTimestamp2023-06-22T13:16:57.916Z[Etc/UTC]].
2023-06-22 13:16:58,410 [main] INFO  ozone.MiniOzoneClusterImpl (MiniOzoneClusterImpl.java:lambda$waitForClusterToBeReady$0(224)) - Waiting for nodes to be ready. Got 1 of 5 DN Heartbeats.
2023-06-22 13:16:58,411 [main] INFO  ozone.MiniOzoneClusterImpl (MiniOzoneClusterImpl.java:lambda$waitForClusterToBeReady$0(227)) - Waiting for cluster to exit safe mode
2023-06-22 13:16:58,411 [main] INFO  ozone.MiniOzoneClusterImpl (MiniOzoneClusterImpl.java:lambda$waitForClusterToBeReady$0(229)) - SCM became leader
2023-06-22 13:16:58,424 [IPC Server handler 12 on default port 15002] INFO  net.NetworkTopologyImpl (NetworkTopologyImpl.java:add(112)) - Added a new node: /default-rack/fa3625a9-0e11-4f6d-9001-6678f3778837
2023-06-22 13:16:58,425 [IPC Server handler 12 on default port 15002] INFO  node.SCMNodeManager (SCMNodeManager.java:register(406)) - Registered Data node : fa3625a9-0e11-4f6d-9001-6678f3778837{ip: 10.1.0.30, host: fv-az208-208.e0tah0prcmautdldtlfxyeofwf.cx.internal.cloudapp.net, ports: [HTTP=15018, CLIENT_RPC=15019, REPLICATION=15025, RATIS=15021, RATIS_ADMIN=15022, RATIS_SERVER=15023, RATIS_DATASTREAM=15024, STANDALONE=15020], networkLocation: /default-rack, certSerialId: null, persistedOpState: null, persistedOpStateExpiryEpochSec: 0}
2023-06-22 13:16:58,425 [EventQueue-NewNodeForNewNodeHandler] INFO  pipeline.BackgroundPipelineCreator (BackgroundPipelineCreator.java:notifyEventTriggered(276)) - trigger a one-shot run on RatisPipelineUtilsThread.
2023-06-22 13:16:58,425 [EventQueue-NodeRegistrationContainerReportForDataNodeSafeModeRule] INFO  safemode.SCMSafeModeManager (DataNodeSafeModeRule.java:process(71)) - SCM in safe mode. 2 DataNodes registered, 3 required.
2023-06-22 13:16:58,428 [RatisPipelineUtilsThread - 0] INFO  pipeline.RatisPipelineProvider (RatisPipelineProvider.java:lambda$create$0(206)) - Sending CreatePipelineCommand for pipeline:PipelineID=c7d782fd-ef45-451c-8232-fb01b33f6751 to datanode:fa3625a9-0e11-4f6d-9001-6678f3778837
2023-06-22 13:16:58,429 [RatisPipelineUtilsThread - 0] INFO  pipeline.PipelineStateManagerImpl (PipelineStateManagerImpl.java:addPipeline(103)) - Created pipeline Pipeline[ Id: c7d782fd-ef45-451c-8232-fb01b33f6751, Nodes: fa3625a9-0e11-4f6d-9001-6678f3778837(fv-az208-208.e0tah0prcmautdldtlfxyeofwf.cx.internal.cloudapp.net/10.1.0.30), ReplicationConfig: RATIS/ONE, State:ALLOCATED, leaderId:, CreationTimestamp2023-06-22T13:16:58.428Z[Etc/UTC]].
2023-06-22 13:16:58,759 [IPC Server handler 18 on default port 15002] INFO  net.NetworkTopologyImpl (NetworkTopologyImpl.java:add(112)) - Added a new node: /default-rack/fb1e6b4b-5f0b-4936-8f17-bb7e415b5287
2023-06-22 13:16:58,759 [IPC Server handler 18 on default port 15002] INFO  node.SCMNodeManager (SCMNodeManager.java:register(406)) - Registered Data node : fb1e6b4b-5f0b-4936-8f17-bb7e415b5287{ip: 10.1.0.30, host: fv-az208-208.e0tah0prcmautdldtlfxyeofwf.cx.internal.cloudapp.net, ports: [HTTP=15027, CLIENT_RPC=15028, REPLICATION=15034, RATIS=15030, RATIS_ADMIN=15031, RATIS_SERVER=15032, RATIS_DATASTREAM=15033, STANDALONE=15029], networkLocation: /default-rack, certSerialId: null, persistedOpState: null, persistedOpStateExpiryEpochSec: 0}
2023-06-22 13:16:58,760 [EventQueue-NewNodeForNewNodeHandler] INFO  pipeline.BackgroundPipelineCreator (BackgroundPipelineCreator.java:notifyEventTriggered(276)) - trigger a one-shot run on RatisPipelineUtilsThread.
2023-06-22 13:16:58,760 [EventQueue-NodeRegistrationContainerReportForDataNodeSafeModeRule] INFO  safemode.SCMSafeModeManager (DataNodeSafeModeRule.java:process(71)) - SCM in safe mode. 3 DataNodes registered, 3 required.
2023-06-22 13:16:58,761 [EventQueue-NodeRegistrationContainerReportForDataNodeSafeModeRule] INFO  safemode.SCMSafeModeManager (SCMSafeModeManager.java:validateSafeModeExitRules(200)) - DataNodeSafeModeRule rule is successfully validated
2023-06-22 13:16:58,761 [EventQueue-NodeRegistrationContainerReportForDataNodeSafeModeRule] INFO  safemode.SCMSafeModeManager (SCMSafeModeManager.java:completePreCheck(229)) - All SCM safe mode pre check rules have passed
2023-06-22 13:16:58,761 [EventQueue-NodeRegistrationContainerReportForDataNodeSafeModeRule] INFO  ha.SCMContext (SCMContext.java:updateSafeModeStatus(228)) - Update SafeModeStatus from SafeModeStatus{safeModeStatus=true, preCheckPassed=false} to SafeModeStatus{safeModeStatus=true, preCheckPassed=true}.
2023-06-22 13:16:58,761 [EventQueue-NodeRegistrationContainerReportForDataNodeSafeModeRule] INFO  pipeline.BackgroundPipelineCreator (BackgroundPipelineCreator.java:notifyEventTriggered(276)) - trigger a one-shot run on RatisPipelineUtilsThread.
2023-06-22 13:16:58,760 [RatisPipelineUtilsThread - 0] INFO  pipeline.RatisPipelineProvider (RatisPipelineProvider.java:lambda$create$0(206)) - Sending CreatePipelineCommand for pipeline:PipelineID=5666fdbd-e7f4-4f4e-8297-de8de8ef9662 to datanode:fb1e6b4b-5f0b-4936-8f17-bb7e415b5287
2023-06-22 13:16:58,762 [RatisPipelineUtilsThread - 0] INFO  pipeline.PipelineStateManagerImpl (PipelineStateManagerImpl.java:addPipeline(103)) - Created pipeline Pipeline[ Id: 5666fdbd-e7f4-4f4e-8297-de8de8ef9662, Nodes: fb1e6b4b-5f0b-4936-8f17-bb7e415b5287(fv-az208-208.e0tah0prcmautdldtlfxyeofwf.cx.internal.cloudapp.net/10.1.0.30), ReplicationConfig: RATIS/ONE, State:ALLOCATED, leaderId:, CreationTimestamp2023-06-22T13:16:58.760Z[Etc/UTC]].
2023-06-22 13:16:58,768 [RatisPipelineUtilsThread - 0] INFO  pipeline.RatisPipelineProvider (RatisPipelineProvider.java:lambda$create$0(206)) - Sending CreatePipelineCommand for pipeline:PipelineID=59665af5-57fe-4c3c-b082-7575f418cf9a to datanode:fa3625a9-0e11-4f6d-9001-6678f3778837
2023-06-22 13:16:58,768 [RatisPipelineUtilsThread - 0] INFO  pipeline.RatisPipelineProvider (RatisPipelineProvider.java:lambda$create$0(206)) - Sending CreatePipelineCommand for pipeline:PipelineID=59665af5-57fe-4c3c-b082-7575f418cf9a to datanode:fb1e6b4b-5f0b-4936-8f17-bb7e415b5287
2023-06-22 13:16:58,768 [RatisPipelineUtilsThread - 0] INFO  pipeline.RatisPipelineProvider (RatisPipelineProvider.java:lambda$create$0(206)) - Sending CreatePipelineCommand for pipeline:PipelineID=59665af5-57fe-4c3c-b082-7575f418cf9a to datanode:814a2953-5a54-4816-82bb-cea6b8923059
2023-06-22 13:16:58,769 [RatisPipelineUtilsThread - 0] INFO  pipeline.PipelineStateManagerImpl (PipelineStateManagerImpl.java:addPipeline(103)) - Created pipeline Pipeline[ Id: 59665af5-57fe-4c3c-b082-7575f418cf9a, Nodes: fa3625a9-0e11-4f6d-9001-6678f3778837(fv-az208-208.e0tah0prcmautdldtlfxyeofwf.cx.internal.cloudapp.net/10.1.0.30)fb1e6b4b-5f0b-4936-8f17-bb7e415b5287(fv-az208-208.e0tah0prcmautdldtlfxyeofwf.cx.internal.cloudapp.net/10.1.0.30)814a2953-5a54-4816-82bb-cea6b8923059(fv-az208-208.e0tah0prcmautdldtlfxyeofwf.cx.internal.cloudapp.net/10.1.0.30), ReplicationConfig: RATIS/THREE, State:ALLOCATED, leaderId:, CreationTimestamp2023-06-22T13:16:58.768Z[Etc/UTC]].
2023-06-22 13:16:58,771 [RatisPipelineUtilsThread - 0] INFO  pipeline.RatisPipelineProvider (RatisPipelineProvider.java:lambda$create$0(206)) - Sending CreatePipelineCommand for pipeline:PipelineID=c6c338fa-eff6-4c19-a22d-bca38dc452f0 to datanode:fb1e6b4b-5f0b-4936-8f17-bb7e415b5287
2023-06-22 13:16:58,771 [RatisPipelineUtilsThread - 0] INFO  pipeline.RatisPipelineProvider (RatisPipelineProvider.java:lambda$create$0(206)) - Sending CreatePipelineCommand for pipeline:PipelineID=c6c338fa-eff6-4c19-a22d-bca38dc452f0 to datanode:fa3625a9-0e11-4f6d-9001-6678f3778837
2023-06-22 13:16:58,771 [RatisPipelineUtilsThread - 0] INFO  pipeline.RatisPipelineProvider (RatisPipelineProvider.java:lambda$create$0(206)) - Sending CreatePipelineCommand for pipeline:PipelineID=c6c338fa-eff6-4c19-a22d-bca38dc452f0 to datanode:814a2953-5a54-4816-82bb-cea6b8923059
2023-06-22 13:16:58,774 [RatisPipelineUtilsThread - 0] INFO  pipeline.PipelineStateManagerImpl (PipelineStateManagerImpl.java:addPipeline(103)) - Created pipeline Pipeline[ Id: c6c338fa-eff6-4c19-a22d-bca38dc452f0, Nodes: fb1e6b4b-5f0b-4936-8f17-bb7e415b5287(fv-az208-208.e0tah0prcmautdldtlfxyeofwf.cx.internal.cloudapp.net/10.1.0.30)fa3625a9-0e11-4f6d-9001-6678f3778837(fv-az208-208.e0tah0prcmautdldtlfxyeofwf.cx.internal.cloudapp.net/10.1.0.30)814a2953-5a54-4816-82bb-cea6b8923059(fv-az208-208.e0tah0prcmautdldtlfxyeofwf.cx.internal.cloudapp.net/10.1.0.30), ReplicationConfig: RATIS/THREE, State:ALLOCATED, leaderId:, CreationTimestamp2023-06-22T13:16:58.771Z[Etc/UTC]].
2023-06-22 13:16:58,774 [RatisPipelineUtilsThread - 0] INFO  pipeline.PipelineManagerImpl (PipelineManagerImpl.java:recordMetricsForPipeline(826)) - Pipeline: PipelineID=c6c338fa-eff6-4c19-a22d-bca38dc452f0 contains same datanodes as previous pipelines: PipelineID=59665af5-57fe-4c3c-b082-7575f418cf9a nodeIds: fb1e6b4b-5f0b-4936-8f17-bb7e415b5287, fa3625a9-0e11-4f6d-9001-6678f3778837, 814a2953-5a54-4816-82bb-cea6b8923059
2023-06-22 13:16:58,775 [RatisPipelineUtilsThread - 0] WARN  pipeline.PipelinePlacementPolicy (PipelinePlacementPolicy.java:filterViableNodes(166)) - Pipeline creation failed due to no sufficient healthy datanodes. Required 3. Found 0. Excluded 3.
2023-06-22 13:16:58,776 [RatisPipelineUtilsThread - 0] WARN  pipeline.PipelinePlacementPolicy (PipelinePlacementPolicy.java:filterViableNodes(166)) - Pipeline creation failed due to no sufficient healthy datanodes. Required 3. Found 0. Excluded 3.
2023-06-22 13:16:59,091 [IPC Server handler 14 on default port 15002] INFO  net.NetworkTopologyImpl (NetworkTopologyImpl.java:add(112)) - Added a new node: /default-rack/55908a94-3412-422c-9085-6a0ac52bc795
2023-06-22 13:16:59,092 [IPC Server handler 14 on default port 15002] INFO  node.SCMNodeManager (SCMNodeManager.java:register(406)) - Registered Data node : 55908a94-3412-422c-9085-6a0ac52bc795{ip: 10.1.0.30, host: fv-az208-208.e0tah0prcmautdldtlfxyeofwf.cx.internal.cloudapp.net, ports: [HTTP=15036, CLIENT_RPC=15037, REPLICATION=15043, RATIS=15039, RATIS_ADMIN=15040, RATIS_SERVER=15041, RATIS_DATASTREAM=15042, STANDALONE=15038], networkLocation: /default-rack, certSerialId: null, persistedOpState: null, persistedOpStateExpiryEpochSec: 0}
2023-06-22 13:16:59,093 [EventQueue-NewNodeForNewNodeHandler] INFO  pipeline.BackgroundPipelineCreator (BackgroundPipelineCreator.java:notifyEventTriggered(276)) - trigger a one-shot run on RatisPipelineUtilsThread.
2023-06-22 13:16:59,094 [RatisPipelineUtilsThread - 0] INFO  pipeline.RatisPipelineProvider (RatisPipelineProvider.java:lambda$create$0(206)) - Sending CreatePipelineCommand for pipeline:PipelineID=f7b61dd0-791a-4e99-be46-7c4b6ffa4087 to datanode:55908a94-3412-422c-9085-6a0ac52bc795
2023-06-22 13:16:59,096 [RatisPipelineUtilsThread - 0] INFO  pipeline.PipelineStateManagerImpl (PipelineStateManagerImpl.java:addPipeline(103)) - Created pipeline Pipeline[ Id: f7b61dd0-791a-4e99-be46-7c4b6ffa4087, Nodes: 55908a94-3412-422c-9085-6a0ac52bc795(fv-az208-208.e0tah0prcmautdldtlfxyeofwf.cx.internal.cloudapp.net/10.1.0.30), ReplicationConfig: RATIS/ONE, State:ALLOCATED, leaderId:, CreationTimestamp2023-06-22T13:16:59.094Z[Etc/UTC]].
2023-06-22 13:16:59,097 [RatisPipelineUtilsThread - 0] WARN  pipeline.PipelinePlacementPolicy (PipelinePlacementPolicy.java:filterViableNodes(166)) - Pipeline creation failed due to no sufficient healthy datanodes. Required 3. Found 1. Excluded 3.
2023-06-22 13:16:59,411 [main] INFO  ozone.MiniOzoneClusterImpl (MiniOzoneClusterImpl.java:lambda$waitForClusterToBeReady$0(224)) - Waiting for nodes to be ready. Got 4 of 5 DN Heartbeats.
2023-06-22 13:16:59,411 [main] INFO  ozone.MiniOzoneClusterImpl (MiniOzoneClusterImpl.java:lambda$waitForClusterToBeReady$0(227)) - Waiting for cluster to exit safe mode
2023-06-22 13:16:59,411 [main] INFO  ozone.MiniOzoneClusterImpl (MiniOzoneClusterImpl.java:lambda$waitForClusterToBeReady$0(229)) - SCM became leader
2023-06-22 13:16:59,417 [IPC Server handler 12 on default port 15002] INFO  net.NetworkTopologyImpl (NetworkTopologyImpl.java:add(112)) - Added a new node: /default-rack/d61499ed-03ab-4261-8165-c3404d6b8549
2023-06-22 13:16:59,417 [IPC Server handler 12 on default port 15002] INFO  node.SCMNodeManager (SCMNodeManager.java:register(406)) - Registered Data node : d61499ed-03ab-4261-8165-c3404d6b8549{ip: 10.1.0.30, host: fv-az208-208.e0tah0prcmautdldtlfxyeofwf.cx.internal.cloudapp.net, ports: [HTTP=15045, CLIENT_RPC=15046, REPLICATION=15052, RATIS=15048, RATIS_ADMIN=15049, RATIS_SERVER=15050, RATIS_DATASTREAM=15051, STANDALONE=15047], networkLocation: /default-rack, certSerialId: null, persistedOpState: null, persistedOpStateExpiryEpochSec: 0}
2023-06-22 13:16:59,417 [EventQueue-NewNodeForNewNodeHandler] INFO  pipeline.BackgroundPipelineCreator (BackgroundPipelineCreator.java:notifyEventTriggered(276)) - trigger a one-shot run on RatisPipelineUtilsThread.
2023-06-22 13:16:59,418 [RatisPipelineUtilsThread - 0] INFO  pipeline.RatisPipelineProvider (RatisPipelineProvider.java:lambda$create$0(206)) - Sending CreatePipelineCommand for pipeline:PipelineID=f6e8b169-a12e-4552-be7f-078092ddfff4 to datanode:d61499ed-03ab-4261-8165-c3404d6b8549
2023-06-22 13:16:59,419 [RatisPipelineUtilsThread - 0] INFO  pipeline.PipelineStateManagerImpl (PipelineStateManagerImpl.java:addPipeline(103)) - Created pipeline Pipeline[ Id: f6e8b169-a12e-4552-be7f-078092ddfff4, Nodes: d61499ed-03ab-4261-8165-c3404d6b8549(fv-az208-208.e0tah0prcmautdldtlfxyeofwf.cx.internal.cloudapp.net/10.1.0.30), ReplicationConfig: RATIS/ONE, State:ALLOCATED, leaderId:, CreationTimestamp2023-06-22T13:16:59.418Z[Etc/UTC]].
2023-06-22 13:16:59,420 [RatisPipelineUtilsThread - 0] WARN  pipeline.PipelinePlacementPolicy (PipelinePlacementPolicy.java:filterViableNodes(166)) - Pipeline creation failed due to no sufficient healthy datanodes. Required 3. Found 2. Excluded 3.
2023-06-22 13:17:00,411 [main] INFO  ozone.MiniOzoneClusterImpl (MiniOzoneClusterImpl.java:lambda$waitForClusterToBeReady$0(224)) - Nodes are ready. Got 5 of 5 DN Heartbeats.
2023-06-22 13:17:00,412 [main] INFO  ozone.MiniOzoneClusterImpl (MiniOzoneClusterImpl.java:lambda$waitForClusterToBeReady$0(227)) - Waiting for cluster to exit safe mode
2023-06-22 13:17:00,412 [main] INFO  ozone.MiniOzoneClusterImpl (MiniOzoneClusterImpl.java:lambda$waitForClusterToBeReady$0(229)) - SCM became leader
2023-06-22 13:17:00,904 [PipelineCommandHandlerThread-0] INFO  server.RaftServer (RaftServerProxy.java:addNew(98)) - 814a2953-5a54-4816-82bb-cea6b8923059: addNew group-B1515FA6C5C7:[814a2953-5a54-4816-82bb-cea6b8923059|rpc:10.1.0.30:15014|admin:10.1.0.30:15013|client:10.1.0.30:15012|dataStream:10.1.0.30:15015|priority:1|startupRole:FOLLOWER] returns group-B1515FA6C5C7:java.util.concurrent.CompletableFuture@1b2d15a8[Not completed]
2023-06-22 13:17:00,914 [814a2953-5a54-4816-82bb-cea6b8923059-groupManagement] INFO  server.RaftServer$Division (RaftServerImpl.java:<init>(198)) - 814a2953-5a54-4816-82bb-cea6b8923059: new RaftServerImpl for group-B1515FA6C5C7:[814a2953-5a54-4816-82bb-cea6b8923059|rpc:10.1.0.30:15014|admin:10.1.0.30:15013|client:10.1.0.30:15012|dataStream:10.1.0.30:15015|priority:1|startupRole:FOLLOWER] with ContainerStateMachine:uninitialized
2023-06-22 13:17:00,914 [814a2953-5a54-4816-82bb-cea6b8923059-groupManagement] INFO  server.RaftServerConfigKeys (ConfUtils.java:logGet(46)) - raft.server.rpc.timeout.min = 5s (custom)
2023-06-22 13:17:00,914 [814a2953-5a54-4816-82bb-cea6b8923059-groupManagement] INFO  server.RaftServerConfigKeys (ConfUtils.java:logGet(46)) - raft.server.rpc.timeout.max = 5200ms (custom)
2023-06-22 13:17:00,914 [814a2953-5a54-4816-82bb-cea6b8923059-groupManagement] INFO  server.RaftServerConfigKeys (ConfUtils.java:logGet(46)) - raft.server.rpc.sleep.time = 25ms (default)
2023-06-22 13:17:00,914 [814a2953-5a54-4816-82bb-cea6b8923059-groupManagement] INFO  server.RaftServerConfigKeys (ConfUtils.java:logGet(46)) - raft.server.rpc.slowness.timeout = 300s (custom)
2023-06-22 13:17:00,914 [814a2953-5a54-4816-82bb-cea6b8923059-groupManagement] INFO  server.RaftServerConfigKeys (ConfUtils.java:logGet(46)) - raft.server.leaderelection.leader.step-down.wait-time = 10s (default)
2023-06-22 13:17:00,914 [814a2953-5a54-4816-82bb-cea6b8923059-groupManagement] INFO  server.RaftServerConfigKeys (ConfUtils.java:logGet(46)) - raft.server.sleep.deviation.threshold = 300ms (default)
2023-06-22 13:17:00,914 [814a2953-5a54-4816-82bb-cea6b8923059-groupManagement] INFO  server.RaftServer$Division (ServerState.java:<init>(120)) - 814a2953-5a54-4816-82bb-cea6b8923059@group-B1515FA6C5C7: ConfigurationManager, init=-1: peers:[814a2953-5a54-4816-82bb-cea6b8923059|rpc:10.1.0.30:15014|admin:10.1.0.30:15013|client:10.1.0.30:15012|dataStream:10.1.0.30:15015|priority:1|startupRole:FOLLOWER]|listeners:[], old=null, confs=<EMPTY_MAP>
2023-06-22 13:17:00,914 [814a2953-5a54-4816-82bb-cea6b8923059-groupManagement] INFO  server.RaftServerConfigKeys (ConfUtils.java:logGet(46)) - raft.server.storage.dir = [/home/runner/work/ozone/ozone/hadoop-ozone/integration-test/target/test-dir/MiniOzoneClusterImpl-0c9ac019-7194-482d-81d1-9ca5b99c70d1/datanode-0/data/ratis] (custom)
2023-06-22 13:17:00,914 [814a2953-5a54-4816-82bb-cea6b8923059-groupManagement] INFO  server.RaftServerConfigKeys (ConfUtils.java:logGet(46)) - raft.server.log.corruption.policy = EXCEPTION (default)
2023-06-22 13:17:00,914 [814a2953-5a54-4816-82bb-cea6b8923059-groupManagement] INFO  server.RaftServerConfigKeys (ConfUtils.java:logGet(46)) - raft.server.storage.free-space.min = 0MB (=0) (default)
2023-06-22 13:17:00,915 [814a2953-5a54-4816-82bb-cea6b8923059-groupManagement] INFO  server.RaftServerConfigKeys (ConfUtils.java:logGet(46)) - raft.server.notification.no-leader.timeout = 300s (custom)
2023-06-22 13:17:00,915 [814a2953-5a54-4816-82bb-cea6b8923059-groupManagement] INFO  server.RaftServerConfigKeys (ConfUtils.java:logGet(46)) - raft.server.read.timeout = 10s (default)
2023-06-22 13:17:00,915 [814a2953-5a54-4816-82bb-cea6b8923059-groupManagement] INFO  server.RaftServerConfigKeys (ConfUtils.java:logGet(46)) - raft.server.retrycache.expirytime = 600000ms (custom)
2023-06-22 13:17:00,915 [814a2953-5a54-4816-82bb-cea6b8923059-groupManagement] INFO  server.RaftServerConfigKeys (ConfUtils.java:logGet(46)) - raft.server.retrycache.statistics.expirytime = 100μs (default)
2023-06-22 13:17:00,915 [814a2953-5a54-4816-82bb-cea6b8923059-groupManagement] INFO  server.RaftServerConfigKeys (ConfUtils.java:logGet(46)) - raft.server.read.option = DEFAULT (default)
2023-06-22 13:17:00,917 [814a2953-5a54-4816-82bb-cea6b8923059-groupManagement] INFO  server.RaftServerConfigKeys (ConfUtils.java:logGet(46)) - raft.server.rpc.request.timeout = 60s (custom)
2023-06-22 13:17:00,917 [814a2953-5a54-4816-82bb-cea6b8923059-groupManagement] INFO  server.RaftServerConfigKeys (ConfUtils.java:logGet(46)) - raft.server.log.appender.install.snapshot.enabled = false (custom)
2023-06-22 13:17:00,917 [814a2953-5a54-4816-82bb-cea6b8923059-groupManagement] INFO  server.RaftServerConfigKeys (ConfUtils.java:logGet(46)) - raft.server.threadpool.server.cached = true (default)
2023-06-22 13:17:00,917 [814a2953-5a54-4816-82bb-cea6b8923059-groupManagement] INFO  server.RaftServerConfigKeys (ConfUtils.java:logGet(46)) - raft.server.threadpool.server.size = 0 (default)
2023-06-22 13:17:00,917 [814a2953-5a54-4816-82bb-cea6b8923059-groupManagement] INFO  server.RaftServerConfigKeys (ConfUtils.java:logGet(46)) - raft.server.threadpool.client.cached = true (default)
2023-06-22 13:17:00,917 [814a2953-5a54-4816-82bb-cea6b8923059-groupManagement] INFO  server.RaftServerConfigKeys (ConfUtils.java:logGet(46)) - raft.server.threadpool.client.size = 0 (default)
2023-06-22 13:17:00,917 [814a2953-5a54-4816-82bb-cea6b8923059-groupManagement] INFO  storage.RaftStorageDirectory (RaftStorageDirectoryImpl.java:analyzeStorage(137)) - The storage directory /home/runner/work/ozone/ozone/hadoop-ozone/integration-test/target/test-dir/MiniOzoneClusterImpl-0c9ac019-7194-482d-81d1-9ca5b99c70d1/datanode-0/data/ratis/cf36d24e-1c85-4cc8-85b1-b1515fa6c5c7 does not exist. Creating ...
2023-06-22 13:17:00,922 [814a2953-5a54-4816-82bb-cea6b8923059-groupManagement] INFO  storage.RaftStorageDirectory (RaftStorageDirectoryImpl.java:tryLock(231)) - Lock on /home/runner/work/ozone/ozone/hadoop-ozone/integration-test/target/test-dir/MiniOzoneClusterImpl-0c9ac019-7194-482d-81d1-9ca5b99c70d1/datanode-0/data/ratis/cf36d24e-1c85-4cc8-85b1-b1515fa6c5c7/in_use.lock acquired by nodename 40864@fv-az208-208
2023-06-22 13:17:00,923 [814a2953-5a54-4816-82bb-cea6b8923059-groupManagement] INFO  storage.RaftStorage (RaftStorageImpl.java:format(96)) - Storage directory /home/runner/work/ozone/ozone/hadoop-ozone/integration-test/target/test-dir/MiniOzoneClusterImpl-0c9ac019-7194-482d-81d1-9ca5b99c70d1/datanode-0/data/ratis/cf36d24e-1c85-4cc8-85b1-b1515fa6c5c7 has been successfully formatted.
2023-06-22 13:17:00,928 [814a2953-5a54-4816-82bb-cea6b8923059-groupManagement] INFO  ratis.ContainerStateMachine (ContainerStateMachine.java:loadSnapshot(262)) - group-B1515FA6C5C7: The snapshot info is null. Setting the last applied indexto:(t:0, i:~)
2023-06-22 13:17:00,928 [814a2953-5a54-4816-82bb-cea6b8923059-groupManagement] INFO  server.RaftServerConfigKeys (ConfUtils.java:logGet(46)) - raft.server.log.use.memory = false (default)
2023-06-22 13:17:00,929 [814a2953-5a54-4816-82bb-cea6b8923059-groupManagement] INFO  server.RaftServerConfigKeys (ConfUtils.java:logGet(46)) - raft.server.log.purge.gap = 1000000 (custom)
2023-06-22 13:17:00,929 [814a2953-5a54-4816-82bb-cea6b8923059-groupManagement] INFO  server.RaftServerConfigKeys (ConfUtils.java:logGet(46)) - raft.server.log.appender.buffer.byte-limit = 33554432 (custom)
2023-06-22 13:17:00,929 [814a2953-5a54-4816-82bb-cea6b8923059-groupManagement] INFO  server.RaftServerConfigKeys (ConfUtils.java:logGet(46)) - raft.server.log.statemachine.data.read.timeout = 1000ms (default)
2023-06-22 13:17:00,929 [814a2953-5a54-4816-82bb-cea6b8923059-groupManagement] INFO  server.RaftServerConfigKeys (ConfUtils.java:logGet(46)) - raft.server.log.purge.preservation.log.num = 0 (default)
2023-06-22 13:17:00,932 [814a2953-5a54-4816-82bb-cea6b8923059-groupManagement] INFO  server.RaftServerConfigKeys (ConfUtils.java:logGet(46)) - raft.server.log.segment.size.max = 1048576 (custom)
2023-06-22 13:17:00,933 [814a2953-5a54-4816-82bb-cea6b8923059-groupManagement] INFO  server.RaftServerConfigKeys (ConfUtils.java:logGet(46)) - raft.server.log.segment.cache.num.max = 2 (custom)
2023-06-22 13:17:00,933 [814a2953-5a54-4816-82bb-cea6b8923059-groupManagement] INFO  server.RaftServerConfigKeys (ConfUtils.java:logGet(46)) - raft.server.log.segment.cache.size.max = 200MB (=209715200) (default)
2023-06-22 13:17:00,933 [814a2953-5a54-4816-82bb-cea6b8923059-groupManagement] INFO  server.RaftServerConfigKeys (ConfUtils.java:logGet(46)) - raft.server.log.appender.buffer.byte-limit = 33554432 (custom)
2023-06-22 13:17:00,933 [814a2953-5a54-4816-82bb-cea6b8923059-groupManagement] INFO  segmented.SegmentedRaftLogWorker (SegmentedRaftLogWorker.java:<init>(188)) - new 814a2953-5a54-4816-82bb-cea6b8923059@group-B1515FA6C5C7-SegmentedRaftLogWorker for RaftStorageImpl:Storage Directory /home/runner/work/ozone/ozone/hadoop-ozone/integration-test/target/test-dir/MiniOzoneClusterImpl-0c9ac019-7194-482d-81d1-9ca5b99c70d1/datanode-0/data/ratis/cf36d24e-1c85-4cc8-85b1-b1515fa6c5c7
2023-06-22 13:17:00,934 [814a2953-5a54-4816-82bb-cea6b8923059-groupManagement] INFO  server.RaftServerConfigKeys (ConfUtils.java:logGet(46)) - raft.server.log.queue.byte-limit = 4294967296 (custom)
2023-06-22 13:17:00,934 [814a2953-5a54-4816-82bb-cea6b8923059-groupManagement] INFO  server.RaftServerConfigKeys (ConfUtils.java:logGet(46)) - raft.server.log.queue.element-limit = 1024 (custom)
2023-06-22 13:17:00,934 [814a2953-5a54-4816-82bb-cea6b8923059-groupManagement] INFO  server.RaftServerConfigKeys (ConfUtils.java:logGet(46)) - raft.server.log.segment.size.max = 1048576 (custom)
2023-06-22 13:17:00,934 [814a2953-5a54-4816-82bb-cea6b8923059-groupManagement] INFO  server.RaftServerConfigKeys (ConfUtils.java:logGet(46)) - raft.server.log.preallocated.size = 16384 (custom)
2023-06-22 13:17:00,934 [814a2953-5a54-4816-82bb-cea6b8923059-groupManagement] INFO  server.RaftServerConfigKeys (ConfUtils.java:logGet(46)) - raft.server.log.force.sync.num = 128 (default)
2023-06-22 13:17:00,934 [814a2953-5a54-4816-82bb-cea6b8923059-groupManagement] INFO  server.RaftServerConfigKeys (ConfUtils.java:logGet(46)) - raft.server.log.statemachine.data.sync = true (default)
2023-06-22 13:17:00,934 [814a2953-5a54-4816-82bb-cea6b8923059-groupManagement] INFO  server.RaftServerConfigKeys (ConfUtils.java:logGet(46)) - raft.server.log.statemachine.data.sync.timeout = 10s (default)
2023-06-22 13:17:00,934 [814a2953-5a54-4816-82bb-cea6b8923059-groupManagement] INFO  server.RaftServerConfigKeys (ConfUtils.java:logGet(46)) - raft.server.log.statemachine.data.sync.timeout.retry = -1 (default)
2023-06-22 13:17:00,937 [814a2953-5a54-4816-82bb-cea6b8923059-groupManagement] INFO  server.RaftServerConfigKeys (ConfUtils.java:logGet(46)) - raft.server.log.write.buffer.size = 1048576 (custom)
2023-06-22 13:17:00,939 [814a2953-5a54-4816-82bb-cea6b8923059-groupManagement] INFO  server.RaftServerConfigKeys (ConfUtils.java:logGet(46)) - raft.server.log.appender.buffer.byte-limit = 33554432 (custom)
2023-06-22 13:17:00,942 [814a2953-5a54-4816-82bb-cea6b8923059-groupManagement] INFO  server.RaftServerConfigKeys (ConfUtils.java:logGet(46)) - raft.server.log.unsafe-flush.enabled = false (default)
2023-06-22 13:17:00,942 [814a2953-5a54-4816-82bb-cea6b8923059-groupManagement] INFO  server.RaftServerConfigKeys (ConfUtils.java:logGet(46)) - raft.server.log.async-flush.enabled = false (default)
2023-06-22 13:17:00,942 [814a2953-5a54-4816-82bb-cea6b8923059-groupManagement] INFO  server.RaftServerConfigKeys (ConfUtils.java:logGet(46)) - raft.server.log.statemachine.data.caching.enabled = true (custom)
2023-06-22 13:17:00,942 [814a2953-5a54-4816-82bb-cea6b8923059-groupManagement] INFO  segmented.SegmentedRaftLogWorker (SegmentedRaftLogWorker.java:lambda$new$0(135)) - 814a2953-5a54-4816-82bb-cea6b8923059@group-B1515FA6C5C7-SegmentedRaftLogWorker: flushIndex: setUnconditionally 0 -> -1
2023-06-22 13:17:00,942 [814a2953-5a54-4816-82bb-cea6b8923059-groupManagement] INFO  segmented.SegmentedRaftLogWorker (SegmentedRaftLogWorker.java:lambda$new$0(135)) - 814a2953-5a54-4816-82bb-cea6b8923059@group-B1515FA6C5C7-SegmentedRaftLogWorker: safeCacheEvictIndex: setUnconditionally 0 -> -1
2023-06-22 13:17:00,942 [814a2953-5a54-4816-82bb-cea6b8923059-groupManagement] INFO  server.RaftServer$Division (RaftServerImpl.java:start(342)) - 814a2953-5a54-4816-82bb-cea6b8923059@group-B1515FA6C5C7: start as a follower, conf=-1: peers:[814a2953-5a54-4816-82bb-cea6b8923059|rpc:10.1.0.30:15014|admin:10.1.0.30:15013|client:10.1.0.30:15012|dataStream:10.1.0.30:15015|priority:1|startupRole:FOLLOWER]|listeners:[], old=null
2023-06-22 13:17:00,942 [814a2953-5a54-4816-82bb-cea6b8923059-groupManagement] INFO  server.RaftServer$Division (RaftServerImpl.java:setRole(329)) - 814a2953-5a54-4816-82bb-cea6b8923059@group-B1515FA6C5C7: changes role from      null to FOLLOWER at term 0 for startAsFollower
2023-06-22 13:17:00,942 [814a2953-5a54-4816-82bb-cea6b8923059-groupManagement] INFO  impl.RoleInfo (RoleInfo.java:updateAndGet(139)) - 814a2953-5a54-4816-82bb-cea6b8923059: start 814a2953-5a54-4816-82bb-cea6b8923059@group-B1515FA6C5C7-FollowerState
2023-06-22 13:17:00,944 [814a2953-5a54-4816-82bb-cea6b8923059-groupManagement] INFO  util.JmxRegister (JmxRegister.java:tryRegister(44)) - Successfully registered JMX Bean with object name Ratis:service=RaftServer,group=group-B1515FA6C5C7,id=814a2953-5a54-4816-82bb-cea6b8923059
2023-06-22 13:17:00,948 [814a2953-5a54-4816-82bb-cea6b8923059-groupManagement] INFO  server.RaftServerConfigKeys (ConfUtils.java:logGet(46)) - raft.server.snapshot.auto.trigger.enabled = true (custom)
2023-06-22 13:17:00,948 [814a2953-5a54-4816-82bb-cea6b8923059-groupManagement] INFO  server.RaftServerConfigKeys (ConfUtils.java:logGet(46)) - raft.server.snapshot.auto.trigger.threshold = 10000 (custom)
2023-06-22 13:17:00,948 [814a2953-5a54-4816-82bb-cea6b8923059-groupManagement] INFO  server.RaftServerConfigKeys (ConfUtils.java:logGet(46)) - raft.server.snapshot.retention.file.num = 5 (custom)
2023-06-22 13:17:00,948 [814a2953-5a54-4816-82bb-cea6b8923059-groupManagement] INFO  server.RaftServerConfigKeys (ConfUtils.java:logGet(46)) - raft.server.log.purge.upto.snapshot.index = false (default)
2023-06-22 13:17:00,950 [814a2953-5a54-4816-82bb-cea6b8923059@group-B1515FA6C5C7-FollowerState] INFO  server.RaftServerConfigKeys (ConfUtils.java:logFallback(53)) - raft.server.rpc.first-election.timeout.min = 5s (fallback to raft.server.rpc.timeout.min)
2023-06-22 13:17:00,950 [814a2953-5a54-4816-82bb-cea6b8923059@group-B1515FA6C5C7-FollowerState] INFO  server.RaftServerConfigKeys (ConfUtils.java:logFallback(53)) - raft.server.rpc.first-election.timeout.max = 5200ms (fallback to raft.server.rpc.timeout.max)
2023-06-22 13:17:00,958 [EventQueue-PipelineReportForPipelineReportHandler] INFO  pipeline.PipelineManagerImpl (PipelineManagerImpl.java:openPipeline(367)) - Pipeline Pipeline[ Id: cf36d24e-1c85-4cc8-85b1-b1515fa6c5c7, Nodes: 814a2953-5a54-4816-82bb-cea6b8923059(fv-az208-208.e0tah0prcmautdldtlfxyeofwf.cx.internal.cloudapp.net/10.1.0.30), ReplicationConfig: RATIS/ONE, State:ALLOCATED, leaderId:814a2953-5a54-4816-82bb-cea6b8923059, CreationTimestamp2023-06-22T13:16:57.916Z[Etc/UTC]] moved to OPEN state
2023-06-22 13:17:00,962 [PipelineCommandHandlerThread-0] INFO  ratis.XceiverServerRatis (XceiverServerRatis.java:addGroup(804)) - Created group PipelineID=cf36d24e-1c85-4cc8-85b1-b1515fa6c5c7
2023-06-22 13:17:00,962 [PipelineCommandHandlerThread-0] INFO  commandhandler.CreatePipelineCommandHandler (CreatePipelineCommandHandler.java:lambda$handle$2(124)) - Created Pipeline RATIS ONE PipelineID=cf36d24e-1c85-4cc8-85b1-b1515fa6c5c7.
2023-06-22 13:17:00,962 [PipelineCommandHandlerThread-0] INFO  server.RaftServer (RaftServerProxy.java:addNew(98)) - 814a2953-5a54-4816-82bb-cea6b8923059: addNew group-7575F418CF9A:[814a2953-5a54-4816-82bb-cea6b8923059|rpc:10.1.0.30:15014|admin:10.1.0.30:15013|client:10.1.0.30:15012|dataStream:10.1.0.30:15015|priority:0|startupRole:FOLLOWER, fb1e6b4b-5f0b-4936-8f17-bb7e415b5287|rpc:10.1.0.30:15032|admin:10.1.0.30:15031|client:10.1.0.30:15030|dataStream:10.1.0.30:15033|priority:0|startupRole:FOLLOWER, fa3625a9-0e11-4f6d-9001-6678f3778837|rpc:10.1.0.30:15023|admin:10.1.0.30:15022|client:10.1.0.30:15021|dataStream:10.1.0.30:15024|priority:1|startupRole:FOLLOWER] returns group-7575F418CF9A:java.util.concurrent.CompletableFuture@3d64a5c7[Not completed]
2023-06-22 13:17:00,964 [814a2953-5a54-4816-82bb-cea6b8923059-groupManagement] INFO  server.RaftServer$Division (RaftServerImpl.java:<init>(198)) - 814a2953-5a54-4816-82bb-cea6b8923059: new RaftServerImpl for group-7575F418CF9A:[814a2953-5a54-4816-82bb-cea6b8923059|rpc:10.1.0.30:15014|admin:10.1.0.30:15013|client:10.1.0.30:15012|dataStream:10.1.0.30:15015|priority:0|startupRole:FOLLOWER, fb1e6b4b-5f0b-4936-8f17-bb7e415b5287|rpc:10.1.0.30:15032|admin:10.1.0.30:15031|client:10.1.0.30:15030|dataStream:10.1.0.30:15033|priority:0|startupRole:FOLLOWER, fa3625a9-0e11-4f6d-9001-6678f3778837|rpc:10.1.0.30:15023|admin:10.1.0.30:15022|client:10.1.0.30:15021|dataStream:10.1.0.30:15024|priority:1|startupRole:FOLLOWER] with ContainerStateMachine:uninitialized
2023-06-22 13:17:00,964 [814a2953-5a54-4816-82bb-cea6b8923059-groupManagement] INFO  server.RaftServerConfigKeys (ConfUtils.java:logGet(46)) - raft.server.rpc.timeout.min = 5s (custom)
2023-06-22 13:17:00,964 [814a2953-5a54-4816-82bb-cea6b8923059-groupManagement] INFO  server.RaftServerConfigKeys (ConfUtils.java:logGet(46)) - raft.server.rpc.timeout.max = 5200ms (custom)
2023-06-22 13:17:00,964 [814a2953-5a54-4816-82bb-cea6b8923059-groupManagement] INFO  server.RaftServerConfigKeys (ConfUtils.java:logGet(46)) - raft.server.rpc.sleep.time = 25ms (default)
2023-06-22 13:17:00,964 [814a2953-5a54-4816-82bb-cea6b8923059-groupManagement] INFO  server.RaftServerConfigKeys (ConfUtils.java:logGet(46)) - raft.server.rpc.slowness.timeout = 300s (custom)
2023-06-22 13:17:00,964 [814a2953-5a54-4816-82bb-cea6b8923059-groupManagement] INFO  server.RaftServerConfigKeys (ConfUtils.java:logGet(46)) - raft.server.leaderelection.leader.step-down.wait-time = 10s (default)
2023-06-22 13:17:00,964 [814a2953-5a54-4816-82bb-cea6b8923059-groupManagement] INFO  server.RaftServerConfigKeys (ConfUtils.java:logGet(46)) - raft.server.sleep.deviation.threshold = 300ms (default)
2023-06-22 13:17:00,964 [814a2953-5a54-4816-82bb-cea6b8923059-groupManagement] INFO  server.RaftServer$Division (ServerState.java:<init>(120)) - 814a2953-5a54-4816-82bb-cea6b8923059@group-7575F418CF9A: ConfigurationManager, init=-1: peers:[814a2953-5a54-4816-82bb-cea6b8923059|rpc:10.1.0.30:15014|admin:10.1.0.30:15013|client:10.1.0.30:15012|dataStream:10.1.0.30:15015|priority:0|startupRole:FOLLOWER, fb1e6b4b-5f0b-4936-8f17-bb7e415b5287|rpc:10.1.0.30:15032|admin:10.1.0.30:15031|client:10.1.0.30:15030|dataStream:10.1.0.30:15033|priority:0|startupRole:FOLLOWER, fa3625a9-0e11-4f6d-9001-6678f3778837|rpc:10.1.0.30:15023|admin:10.1.0.30:15022|client:10.1.0.30:15021|dataStream:10.1.0.30:15024|priority:1|startupRole:FOLLOWER]|listeners:[], old=null, confs=<EMPTY_MAP>
2023-06-22 13:17:00,964 [814a2953-5a54-4816-82bb-cea6b8923059-groupManagement] INFO  server.RaftServerConfigKeys (ConfUtils.java:logGet(46)) - raft.server.storage.dir = [/home/runner/work/ozone/ozone/hadoop-ozone/integration-test/target/test-dir/MiniOzoneClusterImpl-0c9ac019-7194-482d-81d1-9ca5b99c70d1/datanode-0/data/ratis] (custom)
2023-06-22 13:17:00,965 [814a2953-5a54-4816-82bb-cea6b8923059-groupManagement] INFO  server.RaftServerConfigKeys (ConfUtils.java:logGet(46)) - raft.server.log.corruption.policy = EXCEPTION (default)
2023-06-22 13:17:00,965 [814a2953-5a54-4816-82bb-cea6b8923059-groupManagement] INFO  server.RaftServerConfigKeys (ConfUtils.java:logGet(46)) - raft.server.storage.free-space.min = 0MB (=0) (default)
2023-06-22 13:17:00,966 [EventQueue-OpenPipelineForHealthyPipelineSafeModeRule] INFO  safemode.SCMSafeModeManager (HealthyPipelineSafeModeRule.java:process(137)) - SCM in safe mode. Healthy pipelines reported count is 0, required healthy pipeline reported count is 1
2023-06-22 13:17:00,969 [814a2953-5a54-4816-82bb-cea6b8923059-groupManagement] INFO  server.RaftServerConfigKeys (ConfUtils.java:logGet(46)) - raft.server.notification.no-leader.timeout = 300s (custom)
2023-06-22 13:17:00,969 [814a2953-5a54-4816-82bb-cea6b8923059-groupManagement] INFO  server.RaftServerConfigKeys (ConfUtils.java:logGet(46)) - raft.server.read.timeout = 10s (default)
2023-06-22 13:17:00,969 [814a2953-5a54-4816-82bb-cea6b8923059-groupManagement] INFO  server.RaftServerConfigKeys (ConfUtils.java:logGet(46)) - raft.server.retrycache.expirytime = 600000ms (custom)
2023-06-22 13:17:00,969 [814a2953-5a54-4816-82bb-cea6b8923059-groupManagement] INFO  server.RaftServerConfigKeys (ConfUtils.java:logGet(46)) - raft.server.retrycache.statistics.expirytime = 100μs (default)
2023-06-22 13:17:00,969 [814a2953-5a54-4816-82bb-cea6b8923059-groupManagement] INFO  server.RaftServerConfigKeys (ConfUtils.java:logGet(46)) - raft.server.read.option = DEFAULT (default)
2023-06-22 13:17:00,972 [814a2953-5a54-4816-82bb-cea6b8923059-groupManagement] INFO  server.RaftServerConfigKeys (ConfUtils.java:logGet(46)) - raft.server.rpc.request.timeout = 60s (custom)
2023-06-22 13:17:00,973 [814a2953-5a54-4816-82bb-cea6b8923059-groupManagement] INFO  server.RaftServerConfigKeys (ConfUtils.java:logGet(46)) - raft.server.log.appender.install.snapshot.enabled = false (custom)
2023-06-22 13:17:00,973 [814a2953-5a54-4816-82bb-cea6b8923059-groupManagement] INFO  server.RaftServerConfigKeys (ConfUtils.java:logGet(46)) - raft.server.threadpool.server.cached = true (default)
2023-06-22 13:17:00,973 [814a2953-5a54-4816-82bb-cea6b8923059-groupManagement] INFO  server.RaftServerConfigKeys (ConfUtils.java:logGet(46)) - raft.server.threadpool.server.size = 0 (default)
2023-06-22 13:17:00,973 [814a2953-5a54-4816-82bb-cea6b8923059-groupManagement] INFO  server.RaftServerConfigKeys (ConfUtils.java:logGet(46)) - raft.server.threadpool.client.cached = true (default)
2023-06-22 13:17:00,973 [814a2953-5a54-4816-82bb-cea6b8923059-groupManagement] INFO  server.RaftServerConfigKeys (ConfUtils.java:logGet(46)) - raft.server.threadpool.client.size = 0 (default)
2023-06-22 13:17:00,973 [814a2953-5a54-4816-82bb-cea6b8923059-groupManagement] INFO  storage.RaftStorageDirectory (RaftStorageDirectoryImpl.java:analyzeStorage(137)) - The storage directory /home/runner/work/ozone/ozone/hadoop-ozone/integration-test/target/test-dir/MiniOzoneClusterImpl-0c9ac019-7194-482d-81d1-9ca5b99c70d1/datanode-0/data/ratis/59665af5-57fe-4c3c-b082-7575f418cf9a does not exist. Creating ...
2023-06-22 13:17:00,974 [814a2953-5a54-4816-82bb-cea6b8923059-groupManagement] INFO  storage.RaftStorageDirectory (RaftStorageDirectoryImpl.java:tryLock(231)) - Lock on /home/runner/work/ozone/ozone/hadoop-ozone/integration-test/target/test-dir/MiniOzoneClusterImpl-0c9ac019-7194-482d-81d1-9ca5b99c70d1/datanode-0/data/ratis/59665af5-57fe-4c3c-b082-7575f418cf9a/in_use.lock acquired by nodename 40864@fv-az208-208
2023-06-22 13:17:00,975 [814a2953-5a54-4816-82bb-cea6b8923059-groupManagement] INFO  storage.RaftStorage (RaftStorageImpl.java:format(96)) - Storage directory /home/runner/work/ozone/ozone/hadoop-ozone/integration-test/target/test-dir/MiniOzoneClusterImpl-0c9ac019-7194-482d-81d1-9ca5b99c70d1/datanode-0/data/ratis/59665af5-57fe-4c3c-b082-7575f418cf9a has been successfully formatted.
2023-06-22 13:17:00,978 [814a2953-5a54-4816-82bb-cea6b8923059-groupManagement] INFO  ratis.ContainerStateMachine (ContainerStateMachine.java:loadSnapshot(262)) - group-7575F418CF9A: The snapshot info is null. Setting the last applied indexto:(t:0, i:~)
2023-06-22 13:17:00,978 [814a2953-5a54-4816-82bb-cea6b8923059-groupManagement] INFO  server.RaftServerConfigKeys (ConfUtils.java:logGet(46)) - raft.server.log.use.memory = false (default)
2023-06-22 13:17:00,978 [814a2953-5a54-4816-82bb-cea6b8923059-groupManagement] INFO  server.RaftServerConfigKeys (ConfUtils.java:logGet(46)) - raft.server.log.purge.gap = 1000000 (custom)
2023-06-22 13:17:00,978 [814a2953-5a54-4816-82bb-cea6b8923059-groupManagement] INFO  server.RaftServerConfigKeys (ConfUtils.java:logGet(46)) - raft.server.log.appender.buffer.byte-limit = 33554432 (custom)
2023-06-22 13:17:00,978 [814a2953-5a54-4816-82bb-cea6b8923059-groupManagement] INFO  server.RaftServerConfigKeys (ConfUtils.java:logGet(46)) - raft.server.log.statemachine.data.read.timeout = 1000ms (default)
2023-06-22 13:17:00,979 [EventQueue-OpenPipelineForHealthyPipelineSafeModeRule] INFO  safemode.SCMSafeModeManager (HealthyPipelineSafeModeRule.java:process(137)) - SCM in safe mode. Healthy pipelines reported count is 0, required healthy pipeline reported count is 1
2023-06-22 13:17:00,979 [814a2953-5a54-4816-82bb-cea6b8923059-groupManagement] INFO  server.RaftServerConfigKeys (ConfUtils.java:logGet(46)) - raft.server.log.purge.preservation.log.num = 0 (default)
2023-06-22 13:17:00,980 [814a2953-5a54-4816-82bb-cea6b8923059-groupManagement] INFO  server.RaftServerConfigKeys (ConfUtils.java:logGet(46)) - raft.server.log.segment.size.max = 1048576 (custom)
2023-06-22 13:17:00,981 [814a2953-5a54-4816-82bb-cea6b8923059-groupManagement] INFO  server.RaftServerConfigKeys (ConfUtils.java:logGet(46)) - raft.server.log.segment.cache.num.max = 2 (custom)
2023-06-22 13:17:00,981 [814a2953-5a54-4816-82bb-cea6b8923059-groupManagement] INFO  server.RaftServerConfigKeys (ConfUtils.java:logGet(46)) - raft.server.log.segment.cache.size.max = 200MB (=209715200) (default)
2023-06-22 13:17:00,981 [814a2953-5a54-4816-82bb-cea6b8923059-groupManagement] INFO  server.RaftServerConfigKeys (ConfUtils.java:logGet(46)) - raft.server.log.appender.buffer.byte-limit = 33554432 (custom)
2023-06-22 13:17:00,981 [814a2953-5a54-4816-82bb-cea6b8923059-groupManagement] INFO  segmented.SegmentedRaftLogWorker (SegmentedRaftLogWorker.java:<init>(188)) - new 814a2953-5a54-4816-82bb-cea6b8923059@group-7575F418CF9A-SegmentedRaftLogWorker for RaftStorageImpl:Storage Directory /home/runner/work/ozone/ozone/hadoop-ozone/integration-test/target/test-dir/MiniOzoneClusterImpl-0c9ac019-7194-482d-81d1-9ca5b99c70d1/datanode-0/data/ratis/59665af5-57fe-4c3c-b082-7575f418cf9a
2023-06-22 13:17:00,982 [814a2953-5a54-4816-82bb-cea6b8923059-groupManagement] INFO  server.RaftServerConfigKeys (ConfUtils.java:logGet(46)) - raft.server.log.queue.byte-limit = 4294967296 (custom)
2023-06-22 13:17:00,982 [814a2953-5a54-4816-82bb-cea6b8923059-groupManagement] INFO  server.RaftServerConfigKeys (ConfUtils.java:logGet(46)) - raft.server.log.queue.element-limit = 1024 (custom)
2023-06-22 13:17:00,982 [814a2953-5a54-4816-82bb-cea6b8923059-groupManagement] INFO  server.RaftServerConfigKeys (ConfUtils.java:logGet(46)) - raft.server.log.segment.size.max = 1048576 (custom)
2023-06-22 13:17:00,982 [814a2953-5a54-4816-82bb-cea6b8923059-groupManagement] INFO  server.RaftServerConfigKeys (ConfUtils.java:logGet(46)) - raft.server.log.preallocated.size = 16384 (custom)
2023-06-22 13:17:00,982 [814a2953-5a54-4816-82bb-cea6b8923059-groupManagement] INFO  server.RaftServerConfigKeys (ConfUtils.java:logGet(46)) - raft.server.log.force.sync.num = 128 (default)
2023-06-22 13:17:00,982 [814a2953-5a54-4816-82bb-cea6b8923059-groupManagement] INFO  server.RaftServerConfigKeys (ConfUtils.java:logGet(46)) - raft.server.log.statemachine.data.sync = true (default)
2023-06-22 13:17:00,982 [814a2953-5a54-4816-82bb-cea6b8923059-groupManagement] INFO  server.RaftServerConfigKeys (ConfUtils.java:logGet(46)) - raft.server.log.statemachine.data.sync.timeout = 10s (default)
2023-06-22 13:17:00,982 [814a2953-5a54-4816-82bb-cea6b8923059-groupManagement] INFO  server.RaftServerConfigKeys (ConfUtils.java:logGet(46)) - raft.server.log.statemachine.data.sync.timeout.retry = -1 (default)
2023-06-22 13:17:00,988 [814a2953-5a54-4816-82bb-cea6b8923059-groupManagement] INFO  server.RaftServerConfigKeys (ConfUtils.java:logGet(46)) - raft.server.log.write.buffer.size = 1048576 (custom)
2023-06-22 13:17:00,990 [814a2953-5a54-4816-82bb-cea6b8923059-groupManagement] INFO  server.RaftServerConfigKeys (ConfUtils.java:logGet(46)) - raft.server.log.appender.buffer.byte-limit = 33554432 (custom)
2023-06-22 13:17:00,993 [814a2953-5a54-4816-82bb-cea6b8923059-groupManagement] INFO  server.RaftServerConfigKeys (ConfUtils.java:logGet(46)) - raft.server.log.unsafe-flush.enabled = false (default)
2023-06-22 13:17:00,993 [814a2953-5a54-4816-82bb-cea6b8923059-groupManagement] INFO  server.RaftServerConfigKeys (ConfUtils.java:logGet(46)) - raft.server.log.async-flush.enabled = false (default)
2023-06-22 13:17:00,993 [814a2953-5a54-4816-82bb-cea6b8923059-groupManagement] INFO  server.RaftServerConfigKeys (ConfUtils.java:logGet(46)) - raft.server.log.statemachine.data.caching.enabled = true (custom)
2023-06-22 13:17:00,994 [814a2953-5a54-4816-82bb-cea6b8923059-groupManagement] INFO  segmented.SegmentedRaftLogWorker (SegmentedRaftLogWorker.java:lambda$new$0(135)) - 814a2953-5a54-4816-82bb-cea6b8923059@group-7575F418CF9A-SegmentedRaftLogWorker: flushIndex: setUnconditionally 0 -> -1
2023-06-22 13:17:00,994 [814a2953-5a54-4816-82bb-cea6b8923059-groupManagement] INFO  segmented.SegmentedRaftLogWorker (SegmentedRaftLogWorker.java:lambda$new$0(135)) - 814a2953-5a54-4816-82bb-cea6b8923059@group-7575F418CF9A-SegmentedRaftLogWorker: safeCacheEvictIndex: setUnconditionally 0 -> -1
2023-06-22 13:17:00,994 [814a2953-5a54-4816-82bb-cea6b8923059-groupManagement] INFO  server.RaftServer$Division (RaftServerImpl.java:start(342)) - 814a2953-5a54-4816-82bb-cea6b8923059@group-7575F418CF9A: start as a follower, conf=-1: peers:[814a2953-5a54-4816-82bb-cea6b8923059|rpc:10.1.0.30:15014|admin:10.1.0.30:15013|client:10.1.0.30:15012|dataStream:10.1.0.30:15015|priority:0|startupRole:FOLLOWER, fb1e6b4b-5f0b-4936-8f17-bb7e415b5287|rpc:10.1.0.30:15032|admin:10.1.0.30:15031|client:10.1.0.30:15030|dataStream:10.1.0.30:15033|priority:0|startupRole:FOLLOWER, fa3625a9-0e11-4f6d-9001-6678f3778837|rpc:10.1.0.30:15023|admin:10.1.0.30:15022|client:10.1.0.30:15021|dataStream:10.1.0.30:15024|priority:1|startupRole:FOLLOWER]|listeners:[], old=null
2023-06-22 13:17:00,994 [814a2953-5a54-4816-82bb-cea6b8923059-groupManagement] INFO  server.RaftServer$Division (RaftServerImpl.java:setRole(329)) - 814a2953-5a54-4816-82bb-cea6b8923059@group-7575F418CF9A: changes role from      null to FOLLOWER at term 0 for startAsFollower
2023-06-22 13:17:00,994 [814a2953-5a54-4816-82bb-cea6b8923059-groupManagement] INFO  impl.RoleInfo (RoleInfo.java:updateAndGet(139)) - 814a2953-5a54-4816-82bb-cea6b8923059: start 814a2953-5a54-4816-82bb-cea6b8923059@group-7575F418CF9A-FollowerState
2023-06-22 13:17:00,995 [814a2953-5a54-4816-82bb-cea6b8923059-groupManagement] INFO  util.JmxRegister (JmxRegister.java:tryRegister(44)) - Successfully registered JMX Bean with object name Ratis:service=RaftServer,group=group-7575F418CF9A,id=814a2953-5a54-4816-82bb-cea6b8923059
2023-06-22 13:17:00,995 [814a2953-5a54-4816-82bb-cea6b8923059-groupManagement] INFO  server.RaftServerConfigKeys (ConfUtils.java:logGet(46)) - raft.server.snapshot.auto.trigger.enabled = true (custom)
2023-06-22 13:17:00,996 [814a2953-5a54-4816-82bb-cea6b8923059-groupManagement] INFO  server.RaftServerConfigKeys (ConfUtils.java:logGet(46)) - raft.server.snapshot.auto.trigger.threshold = 10000 (custom)
2023-06-22 13:17:00,996 [814a2953-5a54-4816-82bb-cea6b8923059-groupManagement] INFO  server.RaftServerConfigKeys (ConfUtils.java:logGet(46)) - raft.server.snapshot.retention.file.num = 5 (custom)
2023-06-22 13:17:00,996 [814a2953-5a54-4816-82bb-cea6b8923059-groupManagement] INFO  server.RaftServerConfigKeys (ConfUtils.java:logGet(46)) - raft.server.log.purge.upto.snapshot.index = false (default)
2023-06-22 13:17:00,999 [PipelineCommandHandlerThread-0] INFO  ratis.XceiverServerRatis (XceiverServerRatis.java:addGroup(804)) - Created group PipelineID=59665af5-57fe-4c3c-b082-7575f418cf9a
2023-06-22 13:17:01,012 [814a2953-5a54-4816-82bb-cea6b8923059@group-7575F418CF9A-FollowerState] INFO  server.RaftServerConfigKeys (ConfUtils.java:logFallback(53)) - raft.server.rpc.first-election.timeout.min = 5s (fallback to raft.server.rpc.timeout.min)
2023-06-22 13:17:01,014 [814a2953-5a54-4816-82bb-cea6b8923059@group-7575F418CF9A-FollowerState] INFO  server.RaftServerConfigKeys (ConfUtils.java:logFallback(53)) - raft.server.rpc.first-election.timeout.max = 5200ms (fallback to raft.server.rpc.timeout.max)
2023-06-22 13:17:01,328 [grpc-default-executor-0] INFO  server.RaftServer (RaftServerProxy.java:addNew(98)) - fa3625a9-0e11-4f6d-9001-6678f3778837: addNew group-7575F418CF9A:[814a2953-5a54-4816-82bb-cea6b8923059|rpc:10.1.0.30:15014|admin:10.1.0.30:15013|client:10.1.0.30:15012|dataStream:10.1.0.30:15015|priority:0|startupRole:FOLLOWER, fb1e6b4b-5f0b-4936-8f17-bb7e415b5287|rpc:10.1.0.30:15032|admin:10.1.0.30:15031|client:10.1.0.30:15030|dataStream:10.1.0.30:15033|priority:0|startupRole:FOLLOWER, fa3625a9-0e11-4f6d-9001-6678f3778837|rpc:10.1.0.30:15023|admin:10.1.0.30:15022|client:10.1.0.30:15021|dataStream:10.1.0.30:15024|priority:1|startupRole:FOLLOWER] returns group-7575F418CF9A:java.util.concurrent.CompletableFuture@7c6fef8b[Not completed]
2023-06-22 13:17:01,330 [fa3625a9-0e11-4f6d-9001-6678f3778837-groupManagement] INFO  server.RaftServer$Division (RaftServerImpl.java:<init>(198)) - fa3625a9-0e11-4f6d-9001-6678f3778837: new RaftServerImpl for group-7575F418CF9A:[814a2953-5a54-4816-82bb-cea6b8923059|rpc:10.1.0.30:15014|admin:10.1.0.30:15013|client:10.1.0.30:15012|dataStream:10.1.0.30:15015|priority:0|startupRole:FOLLOWER, fb1e6b4b-5f0b-4936-8f17-bb7e415b5287|rpc:10.1.0.30:15032|admin:10.1.0.30:15031|client:10.1.0.30:15030|dataStream:10.1.0.30:15033|priority:0|startupRole:FOLLOWER, fa3625a9-0e11-4f6d-9001-6678f3778837|rpc:10.1.0.30:15023|admin:10.1.0.30:15022|client:10.1.0.30:15021|dataStream:10.1.0.30:15024|priority:1|startupRole:FOLLOWER] with ContainerStateMachine:uninitialized
2023-06-22 13:17:01,330 [fa3625a9-0e11-4f6d-9001-6678f3778837-groupManagement] INFO  server.RaftServerConfigKeys (ConfUtils.java:logGet(46)) - raft.server.rpc.timeout.min = 5s (custom)
2023-06-22 13:17:01,330 [fa3625a9-0e11-4f6d-9001-6678f3778837-groupManagement] INFO  server.RaftServerConfigKeys (ConfUtils.java:logGet(46)) - raft.server.rpc.timeout.max = 5200ms (custom)
2023-06-22 13:17:01,331 [fa3625a9-0e11-4f6d-9001-6678f3778837-groupManagement] INFO  server.RaftServerConfigKeys (ConfUtils.java:logGet(46)) - raft.server.rpc.sleep.time = 25ms (default)
2023-06-22 13:17:01,331 [fa3625a9-0e11-4f6d-9001-6678f3778837-groupManagement] INFO  server.RaftServerConfigKeys (ConfUtils.java:logGet(46)) - raft.server.rpc.slowness.timeout = 300s (custom)
2023-06-22 13:17:01,331 [fa3625a9-0e11-4f6d-9001-6678f3778837-groupManagement] INFO  server.RaftServerConfigKeys (ConfUtils.java:logGet(46)) - raft.server.leaderelection.leader.step-down.wait-time = 10s (default)
2023-06-22 13:17:01,331 [fa3625a9-0e11-4f6d-9001-6678f3778837-groupManagement] INFO  server.RaftServerConfigKeys (ConfUtils.java:logGet(46)) - raft.server.sleep.deviation.threshold = 300ms (default)
2023-06-22 13:17:01,331 [fa3625a9-0e11-4f6d-9001-6678f3778837-groupManagement] INFO  server.RaftServer$Division (ServerState.java:<init>(120)) - fa3625a9-0e11-4f6d-9001-6678f3778837@group-7575F418CF9A: ConfigurationManager, init=-1: peers:[814a2953-5a54-4816-82bb-cea6b8923059|rpc:10.1.0.30:15014|admin:10.1.0.30:15013|client:10.1.0.30:15012|dataStream:10.1.0.30:15015|priority:0|startupRole:FOLLOWER, fb1e6b4b-5f0b-4936-8f17-bb7e415b5287|rpc:10.1.0.30:15032|admin:10.1.0.30:15031|client:10.1.0.30:15030|dataStream:10.1.0.30:15033|priority:0|startupRole:FOLLOWER, fa3625a9-0e11-4f6d-9001-6678f3778837|rpc:10.1.0.30:15023|admin:10.1.0.30:15022|client:10.1.0.30:15021|dataStream:10.1.0.30:15024|priority:1|startupRole:FOLLOWER]|listeners:[], old=null, confs=<EMPTY_MAP>
2023-06-22 13:17:01,331 [fa3625a9-0e11-4f6d-9001-6678f3778837-groupManagement] INFO  server.RaftServerConfigKeys (ConfUtils.java:logGet(46)) - raft.server.storage.dir = [/home/runner/work/ozone/ozone/hadoop-ozone/integration-test/target/test-dir/MiniOzoneClusterImpl-0c9ac019-7194-482d-81d1-9ca5b99c70d1/datanode-1/data/ratis] (custom)
2023-06-22 13:17:01,331 [fa3625a9-0e11-4f6d-9001-6678f3778837-groupManagement] INFO  server.RaftServerConfigKeys (ConfUtils.java:logGet(46)) - raft.server.log.corruption.policy = EXCEPTION (default)
2023-06-22 13:17:01,331 [fa3625a9-0e11-4f6d-9001-6678f3778837-groupManagement] INFO  server.RaftServerConfigKeys (ConfUtils.java:logGet(46)) - raft.server.storage.free-space.min = 0MB (=0) (default)
2023-06-22 13:17:01,331 [fa3625a9-0e11-4f6d-9001-6678f3778837-groupManagement] INFO  server.RaftServerConfigKeys (ConfUtils.java:logGet(46)) - raft.server.notification.no-leader.timeout = 300s (custom)
2023-06-22 13:17:01,331 [fa3625a9-0e11-4f6d-9001-6678f3778837-groupManagement] INFO  server.RaftServerConfigKeys (ConfUtils.java:logGet(46)) - raft.server.read.timeout = 10s (default)
2023-06-22 13:17:01,331 [fa3625a9-0e11-4f6d-9001-6678f3778837-groupManagement] INFO  server.RaftServerConfigKeys (ConfUtils.java:logGet(46)) - raft.server.retrycache.expirytime = 600000ms (custom)
2023-06-22 13:17:01,331 [fa3625a9-0e11-4f6d-9001-6678f3778837-groupManagement] INFO  server.RaftServerConfigKeys (ConfUtils.java:logGet(46)) - raft.server.retrycache.statistics.expirytime = 100μs (default)
2023-06-22 13:17:01,331 [fa3625a9-0e11-4f6d-9001-6678f3778837-groupManagement] INFO  server.RaftServerConfigKeys (ConfUtils.java:logGet(46)) - raft.server.read.option = DEFAULT (default)
2023-06-22 13:17:01,333 [fa3625a9-0e11-4f6d-9001-6678f3778837-groupManagement] INFO  server.RaftServerConfigKeys (ConfUtils.java:logGet(46)) - raft.server.rpc.request.timeout = 60s (custom)
2023-06-22 13:17:01,334 [fa3625a9-0e11-4f6d-9001-6678f3778837-groupManagement] INFO  server.RaftServerConfigKeys (ConfUtils.java:logGet(46)) - raft.server.log.appender.install.snapshot.enabled = false (custom)
2023-06-22 13:17:01,334 [fa3625a9-0e11-4f6d-9001-6678f3778837-groupManagement] INFO  server.RaftServerConfigKeys (ConfUtils.java:logGet(46)) - raft.server.threadpool.server.cached = true (default)
2023-06-22 13:17:01,334 [fa3625a9-0e11-4f6d-9001-6678f3778837-groupManagement] INFO  server.RaftServerConfigKeys (ConfUtils.java:logGet(46)) - raft.server.threadpool.server.size = 0 (default)
2023-06-22 13:17:01,334 [fa3625a9-0e11-4f6d-9001-6678f3778837-groupManagement] INFO  server.RaftServerConfigKeys (ConfUtils.java:logGet(46)) - raft.server.threadpool.client.cached = true (default)
2023-06-22 13:17:01,334 [fa3625a9-0e11-4f6d-9001-6678f3778837-groupManagement] INFO  server.RaftServerConfigKeys (ConfUtils.java:logGet(46)) - raft.server.threadpool.client.size = 0 (default)
2023-06-22 13:17:01,334 [fa3625a9-0e11-4f6d-9001-6678f3778837-groupManagement] INFO  storage.RaftStorageDirectory (RaftStorageDirectoryImpl.java:analyzeStorage(137)) - The storage directory /home/runner/work/ozone/ozone/hadoop-ozone/integration-test/target/test-dir/MiniOzoneClusterImpl-0c9ac019-7194-482d-81d1-9ca5b99c70d1/datanode-1/data/ratis/59665af5-57fe-4c3c-b082-7575f418cf9a does not exist. Creating ...
2023-06-22 13:17:01,339 [fa3625a9-0e11-4f6d-9001-6678f3778837-groupManagement] INFO  storage.RaftStorageDirectory (RaftStorageDirectoryImpl.java:tryLock(231)) - Lock on /home/runner/work/ozone/ozone/hadoop-ozone/integration-test/target/test-dir/MiniOzoneClusterImpl-0c9ac019-7194-482d-81d1-9ca5b99c70d1/datanode-1/data/ratis/59665af5-57fe-4c3c-b082-7575f418cf9a/in_use.lock acquired by nodename 40864@fv-az208-208
2023-06-22 13:17:01,342 [fa3625a9-0e11-4f6d-9001-6678f3778837-groupManagement] INFO  storage.RaftStorage (RaftStorageImpl.java:format(96)) - Storage directory /home/runner/work/ozone/ozone/hadoop-ozone/integration-test/target/test-dir/MiniOzoneClusterImpl-0c9ac019-7194-482d-81d1-9ca5b99c70d1/datanode-1/data/ratis/59665af5-57fe-4c3c-b082-7575f418cf9a has been successfully formatted.
2023-06-22 13:17:01,343 [fa3625a9-0e11-4f6d-9001-6678f3778837-groupManagement] INFO  ratis.ContainerStateMachine (ContainerStateMachine.java:loadSnapshot(262)) - group-7575F418CF9A: The snapshot info is null. Setting the last applied indexto:(t:0, i:~)
2023-06-22 13:17:01,345 [fa3625a9-0e11-4f6d-9001-6678f3778837-groupManagement] INFO  server.RaftServerConfigKeys (ConfUtils.java:logGet(46)) - raft.server.log.use.memory = false (default)
2023-06-22 13:17:01,345 [fa3625a9-0e11-4f6d-9001-6678f3778837-groupManagement] INFO  server.RaftServerConfigKeys (ConfUtils.java:logGet(46)) - raft.server.log.purge.gap = 1000000 (custom)
2023-06-22 13:17:01,352 [fa3625a9-0e11-4f6d-9001-6678f3778837-groupManagement] INFO  server.RaftServerConfigKeys (ConfUtils.java:logGet(46)) - raft.server.log.appender.buffer.byte-limit = 33554432 (custom)
2023-06-22 13:17:01,352 [fa3625a9-0e11-4f6d-9001-6678f3778837-groupManagement] INFO  server.RaftServerConfigKeys (ConfUtils.java:logGet(46)) - raft.server.log.statemachine.data.read.timeout = 1000ms (default)
2023-06-22 13:17:01,352 [fa3625a9-0e11-4f6d-9001-6678f3778837-groupManagement] INFO  server.RaftServerConfigKeys (ConfUtils.java:logGet(46)) - raft.server.log.purge.preservation.log.num = 0 (default)
2023-06-22 13:17:01,352 [fa3625a9-0e11-4f6d-9001-6678f3778837-groupManagement] INFO  server.RaftServerConfigKeys (ConfUtils.java:logGet(46)) - raft.server.log.segment.size.max = 1048576 (custom)
2023-06-22 13:17:01,353 [fa3625a9-0e11-4f6d-9001-6678f3778837-groupManagement] INFO  server.RaftServerConfigKeys (ConfUtils.java:logGet(46)) - raft.server.log.segment.cache.num.max = 2 (custom)
2023-06-22 13:17:01,353 [fa3625a9-0e11-4f6d-9001-6678f3778837-groupManagement] INFO  server.RaftServerConfigKeys (ConfUtils.java:logGet(46)) - raft.server.log.segment.cache.size.max = 200MB (=209715200) (default)
2023-06-22 13:17:01,353 [fa3625a9-0e11-4f6d-9001-6678f3778837-groupManagement] INFO  server.RaftServerConfigKeys (ConfUtils.java:logGet(46)) - raft.server.log.appender.buffer.byte-limit = 33554432 (custom)
2023-06-22 13:17:01,353 [fa3625a9-0e11-4f6d-9001-6678f3778837-groupManagement] INFO  segmented.SegmentedRaftLogWorker (SegmentedRaftLogWorker.java:<init>(188)) - new fa3625a9-0e11-4f6d-9001-6678f3778837@group-7575F418CF9A-SegmentedRaftLogWorker for RaftStorageImpl:Storage Directory /home/runner/work/ozone/ozone/hadoop-ozone/integration-test/target/test-dir/MiniOzoneClusterImpl-0c9ac019-7194-482d-81d1-9ca5b99c70d1/datanode-1/data/ratis/59665af5-57fe-4c3c-b082-7575f418cf9a
2023-06-22 13:17:01,353 [fa3625a9-0e11-4f6d-9001-6678f3778837-groupManagement] INFO  server.RaftServerConfigKeys (ConfUtils.java:logGet(46)) - raft.server.log.queue.byte-limit = 4294967296 (custom)
2023-06-22 13:17:01,353 [fa3625a9-0e11-4f6d-9001-6678f3778837-groupManagement] INFO  server.RaftServerConfigKeys (ConfUtils.java:logGet(46)) - raft.server.log.queue.element-limit = 1024 (custom)
2023-06-22 13:17:01,353 [fa3625a9-0e11-4f6d-9001-6678f3778837-groupManagement] INFO  server.RaftServerConfigKeys (ConfUtils.java:logGet(46)) - raft.server.log.segment.size.max = 1048576 (custom)
2023-06-22 13:17:01,353 [fa3625a9-0e11-4f6d-9001-6678f3778837-groupManagement] INFO  server.RaftServerConfigKeys (ConfUtils.java:logGet(46)) - raft.server.log.preallocated.size = 16384 (custom)
2023-06-22 13:17:01,353 [fa3625a9-0e11-4f6d-9001-6678f3778837-groupManagement] INFO  server.RaftServerConfigKeys (ConfUtils.java:logGet(46)) - raft.server.log.force.sync.num = 128 (default)
2023-06-22 13:17:01,353 [fa3625a9-0e11-4f6d-9001-6678f3778837-groupManagement] INFO  server.RaftServerConfigKeys (ConfUtils.java:logGet(46)) - raft.server.log.statemachine.data.sync = true (default)
2023-06-22 13:17:01,353 [fa3625a9-0e11-4f6d-9001-6678f3778837-groupManagement] INFO  server.RaftServerConfigKeys (ConfUtils.java:logGet(46)) - raft.server.log.statemachine.data.sync.timeout = 10s (default)
2023-06-22 13:17:01,354 [fa3625a9-0e11-4f6d-9001-6678f3778837-groupManagement] INFO  server.RaftServerConfigKeys (ConfUtils.java:logGet(46)) - raft.server.log.statemachine.data.sync.timeout.retry = -1 (default)
2023-06-22 13:17:01,355 [fa3625a9-0e11-4f6d-9001-6678f3778837-groupManagement] INFO  server.RaftServerConfigKeys (ConfUtils.java:logGet(46)) - raft.server.log.write.buffer.size = 1048576 (custom)
2023-06-22 13:17:01,355 [fa3625a9-0e11-4f6d-9001-6678f3778837-groupManagement] INFO  server.RaftServerConfigKeys (ConfUtils.java:logGet(46)) - raft.server.log.appender.buffer.byte-limit = 33554432 (custom)
2023-06-22 13:17:01,358 [fa3625a9-0e11-4f6d-9001-6678f3778837-groupManagement] INFO  server.RaftServerConfigKeys (ConfUtils.java:logGet(46)) - raft.server.log.unsafe-flush.enabled = false (default)
2023-06-22 13:17:01,358 [fa3625a9-0e11-4f6d-9001-6678f3778837-groupManagement] INFO  server.RaftServerConfigKeys (ConfUtils.java:logGet(46)) - raft.server.log.async-flush.enabled = false (default)
2023-06-22 13:17:01,358 [fa3625a9-0e11-4f6d-9001-6678f3778837-groupManagement] INFO  server.RaftServerConfigKeys (ConfUtils.java:logGet(46)) - raft.server.log.statemachine.data.caching.enabled = true (custom)
2023-06-22 13:17:01,358 [fa3625a9-0e11-4f6d-9001-6678f3778837-groupManagement] INFO  segmented.SegmentedRaftLogWorker (SegmentedRaftLogWorker.java:lambda$new$0(135)) - fa3625a9-0e11-4f6d-9001-6678f3778837@group-7575F418CF9A-SegmentedRaftLogWorker: flushIndex: setUnconditionally 0 -> -1
2023-06-22 13:17:01,358 [fa3625a9-0e11-4f6d-9001-6678f3778837-groupManagement] INFO  segmented.SegmentedRaftLogWorker (SegmentedRaftLogWorker.java:lambda$new$0(135)) - fa3625a9-0e11-4f6d-9001-6678f3778837@group-7575F418CF9A-SegmentedRaftLogWorker: safeCacheEvictIndex: setUnconditionally 0 -> -1
2023-06-22 13:17:01,359 [fa3625a9-0e11-4f6d-9001-6678f3778837-groupManagement] INFO  server.RaftServer$Division (RaftServerImpl.java:start(342)) - fa3625a9-0e11-4f6d-9001-6678f3778837@group-7575F418CF9A: start as a follower, conf=-1: peers:[814a2953-5a54-4816-82bb-cea6b8923059|rpc:10.1.0.30:15014|admin:10.1.0.30:15013|client:10.1.0.30:15012|dataStream:10.1.0.30:15015|priority:0|startupRole:FOLLOWER, fb1e6b4b-5f0b-4936-8f17-bb7e415b5287|rpc:10.1.0.30:15032|admin:10.1.0.30:15031|client:10.1.0.30:15030|dataStream:10.1.0.30:15033|priority:0|startupRole:FOLLOWER, fa3625a9-0e11-4f6d-9001-6678f3778837|rpc:10.1.0.30:15023|admin:10.1.0.30:15022|client:10.1.0.30:15021|dataStream:10.1.0.30:15024|priority:1|startupRole:FOLLOWER]|listeners:[], old=null
2023-06-22 13:17:01,359 [fa3625a9-0e11-4f6d-9001-6678f3778837-groupManagement] INFO  server.RaftServer$Division (RaftServerImpl.java:setRole(329)) - fa3625a9-0e11-4f6d-9001-6678f3778837@group-7575F418CF9A: changes role from      null to FOLLOWER at term 0 for startAsFollower
2023-06-22 13:17:01,359 [fa3625a9-0e11-4f6d-9001-6678f3778837-groupManagement] INFO  impl.RoleInfo (RoleInfo.java:updateAndGet(139)) - fa3625a9-0e11-4f6d-9001-6678f3778837: start fa3625a9-0e11-4f6d-9001-6678f3778837@group-7575F418CF9A-FollowerState
2023-06-22 13:17:01,359 [fa3625a9-0e11-4f6d-9001-6678f3778837-groupManagement] INFO  util.JmxRegister (JmxRegister.java:tryRegister(44)) - Successfully registered JMX Bean with object name Ratis:service=RaftServer,group=group-7575F418CF9A,id=fa3625a9-0e11-4f6d-9001-6678f3778837
2023-06-22 13:17:01,359 [fa3625a9-0e11-4f6d-9001-6678f3778837-groupManagement] INFO  server.RaftServerConfigKeys (ConfUtils.java:logGet(46)) - raft.server.snapshot.auto.trigger.enabled = true (custom)
2023-06-22 13:17:01,359 [fa3625a9-0e11-4f6d-9001-6678f3778837-groupManagement] INFO  server.RaftServerConfigKeys (ConfUtils.java:logGet(46)) - raft.server.snapshot.auto.trigger.threshold = 10000 (custom)
2023-06-22 13:17:01,359 [fa3625a9-0e11-4f6d-9001-6678f3778837-groupManagement] INFO  server.RaftServerConfigKeys (ConfUtils.java:logGet(46)) - raft.server.snapshot.retention.file.num = 5 (custom)
2023-06-22 13:17:01,359 [fa3625a9-0e11-4f6d-9001-6678f3778837-groupManagement] INFO  server.RaftServerConfigKeys (ConfUtils.java:logGet(46)) - raft.server.log.purge.upto.snapshot.index = false (default)
2023-06-22 13:17:01,360 [fa3625a9-0e11-4f6d-9001-6678f3778837@group-7575F418CF9A-FollowerState] INFO  server.RaftServerConfigKeys (ConfUtils.java:logFallback(53)) - raft.server.rpc.first-election.timeout.min = 5s (fallback to raft.server.rpc.timeout.min)
2023-06-22 13:17:01,364 [fa3625a9-0e11-4f6d-9001-6678f3778837@group-7575F418CF9A-FollowerState] INFO  server.RaftServerConfigKeys (ConfUtils.java:logFallback(53)) - raft.server.rpc.first-election.timeout.max = 5200ms (fallback to raft.server.rpc.timeout.max)
2023-06-22 13:17:01,412 [main] INFO  ozone.MiniOzoneClusterImpl (MiniOzoneClusterImpl.java:lambda$waitForClusterToBeReady$0(224)) - Nodes are ready. Got 5 of 5 DN Heartbeats.
2023-06-22 13:17:01,412 [main] INFO  ozone.MiniOzoneClusterImpl (MiniOzoneClusterImpl.java:lambda$waitForClusterToBeReady$0(227)) - Waiting for cluster to exit safe mode
2023-06-22 13:17:01,412 [main] INFO  ozone.MiniOzoneClusterImpl (MiniOzoneClusterImpl.java:lambda$waitForClusterToBeReady$0(229)) - SCM became leader
2023-06-22 13:17:01,416 [grpc-default-executor-0] INFO  server.RaftServer (RaftServerProxy.java:addNew(98)) - fb1e6b4b-5f0b-4936-8f17-bb7e415b5287: addNew group-7575F418CF9A:[814a2953-5a54-4816-82bb-cea6b8923059|rpc:10.1.0.30:15014|admin:10.1.0.30:15013|client:10.1.0.30:15012|dataStream:10.1.0.30:15015|priority:0|startupRole:FOLLOWER, fb1e6b4b-5f0b-4936-8f17-bb7e415b5287|rpc:10.1.0.30:15032|admin:10.1.0.30:15031|client:10.1.0.30:15030|dataStream:10.1.0.30:15033|priority:0|startupRole:FOLLOWER, fa3625a9-0e11-4f6d-9001-6678f3778837|rpc:10.1.0.30:15023|admin:10.1.0.30:15022|client:10.1.0.30:15021|dataStream:10.1.0.30:15024|priority:1|startupRole:FOLLOWER] returns group-7575F418CF9A:java.util.concurrent.CompletableFuture@268c20e7[Not completed]
2023-06-22 13:17:01,425 [fa3625a9-0e11-4f6d-9001-6678f3778837-groupManagement] INFO  server.RaftServer$Division (RaftServerImpl.java:<init>(198)) - fa3625a9-0e11-4f6d-9001-6678f3778837: new RaftServerImpl for group-FB01B33F6751:[fa3625a9-0e11-4f6d-9001-6678f3778837|rpc:10.1.0.30:15023|admin:10.1.0.30:15022|client:10.1.0.30:15021|dataStream:10.1.0.30:15024|priority:1|startupRole:FOLLOWER] with ContainerStateMachine:uninitialized
2023-06-22 13:17:01,425 [fa3625a9-0e11-4f6d-9001-6678f3778837-groupManagement] INFO  server.RaftServerConfigKeys (ConfUtils.java:logGet(46)) - raft.server.rpc.timeout.min = 5s (custom)
2023-06-22 13:17:01,425 [fa3625a9-0e11-4f6d-9001-6678f3778837-groupManagement] INFO  server.RaftServerConfigKeys (ConfUtils.java:logGet(46)) - raft.server.rpc.timeout.max = 5200ms (custom)
2023-06-22 13:17:01,425 [fa3625a9-0e11-4f6d-9001-6678f3778837-groupManagement] INFO  server.RaftServerConfigKeys (ConfUtils.java:logGet(46)) - raft.server.rpc.sleep.time = 25ms (default)
2023-06-22 13:17:01,425 [fa3625a9-0e11-4f6d-9001-6678f3778837-groupManagement] INFO  server.RaftServerConfigKeys (ConfUtils.java:logGet(46)) - raft.server.rpc.slowness.timeout = 300s (custom)
2023-06-22 13:17:01,425 [fa3625a9-0e11-4f6d-9001-6678f3778837-groupManagement] INFO  server.RaftServerConfigKeys (ConfUtils.java:logGet(46)) - raft.server.leaderelection.leader.step-down.wait-time = 10s (default)
2023-06-22 13:17:01,425 [fa3625a9-0e11-4f6d-9001-6678f3778837-groupManagement] INFO  server.RaftServerConfigKeys (ConfUtils.java:logGet(46)) - raft.server.sleep.deviation.threshold = 300ms (default)
2023-06-22 13:17:01,425 [fa3625a9-0e11-4f6d-9001-6678f3778837-groupManagement] INFO  server.RaftServer$Division (ServerState.java:<init>(120)) - fa3625a9-0e11-4f6d-9001-6678f3778837@group-FB01B33F6751: ConfigurationManager, init=-1: peers:[fa3625a9-0e11-4f6d-9001-6678f3778837|rpc:10.1.0.30:15023|admin:10.1.0.30:15022|client:10.1.0.30:15021|dataStream:10.1.0.30:15024|priority:1|startupRole:FOLLOWER]|listeners:[], old=null, confs=<EMPTY_MAP>
2023-06-22 13:17:01,425 [fa3625a9-0e11-4f6d-9001-6678f3778837-groupManagement] INFO  server.RaftServerConfigKeys (ConfUtils.java:logGet(46)) - raft.server.storage.dir = [/home/runner/work/ozone/ozone/hadoop-ozone/integration-test/target/test-dir/MiniOzoneClusterImpl-0c9ac019-7194-482d-81d1-9ca5b99c70d1/datanode-1/data/ratis] (custom)
2023-06-22 13:17:01,425 [fa3625a9-0e11-4f6d-9001-6678f3778837-groupManagement] INFO  server.RaftServerConfigKeys (ConfUtils.java:logGet(46)) - raft.server.log.corruption.policy = EXCEPTION (default)
2023-06-22 13:17:01,425 [fa3625a9-0e11-4f6d-9001-6678f3778837-groupManagement] INFO  server.RaftServerConfigKeys (ConfUtils.java:logGet(46)) - raft.server.storage.free-space.min = 0MB (=0) (default)
2023-06-22 13:17:01,425 [fa3625a9-0e11-4f6d-9001-6678f3778837-groupManagement] INFO  server.RaftServerConfigKeys (ConfUtils.java:logGet(46)) - raft.server.notification.no-leader.timeout = 300s (custom)
2023-06-22 13:17:01,425 [fa3625a9-0e11-4f6d-9001-6678f3778837-groupManagement] INFO  server.RaftServerConfigKeys (ConfUtils.java:logGet(46)) - raft.server.read.timeout = 10s (default)
2023-06-22 13:17:01,425 [fa3625a9-0e11-4f6d-9001-6678f3778837-groupManagement] INFO  server.RaftServerConfigKeys (ConfUtils.java:logGet(46)) - raft.server.retrycache.expirytime = 600000ms (custom)
2023-06-22 13:17:01,425 [fa3625a9-0e11-4f6d-9001-6678f3778837-groupManagement] INFO  server.RaftServerConfigKeys (ConfUtils.java:logGet(46)) - raft.server.retrycache.statistics.expirytime = 100μs (default)
2023-06-22 13:17:01,426 [fa3625a9-0e11-4f6d-9001-6678f3778837-groupManagement] INFO  server.RaftServerConfigKeys (ConfUtils.java:logGet(46)) - raft.server.read.option = DEFAULT (default)
2023-06-22 13:17:01,427 [fa3625a9-0e11-4f6d-9001-6678f3778837-groupManagement] INFO  server.RaftServerConfigKeys (ConfUtils.java:logGet(46)) - raft.server.rpc.request.timeout = 60s (custom)
2023-06-22 13:17:01,427 [fa3625a9-0e11-4f6d-9001-6678f3778837-groupManagement] INFO  server.RaftServerConfigKeys (ConfUtils.java:logGet(46)) - raft.server.log.appender.install.snapshot.enabled = false (custom)
2023-06-22 13:17:01,427 [fa3625a9-0e11-4f6d-9001-6678f3778837-groupManagement] INFO  server.RaftServerConfigKeys (ConfUtils.java:logGet(46)) - raft.server.threadpool.server.cached = true (default)
2023-06-22 13:17:01,427 [fa3625a9-0e11-4f6d-9001-6678f3778837-groupManagement] INFO  server.RaftServerConfigKeys (ConfUtils.java:logGet(46)) - raft.server.threadpool.server.size = 0 (default)
2023-06-22 13:17:01,427 [fa3625a9-0e11-4f6d-9001-6678f3778837-groupManagement] INFO  server.RaftServerConfigKeys (ConfUtils.java:logGet(46)) - raft.server.threadpool.client.cached = true (default)
2023-06-22 13:17:01,427 [fa3625a9-0e11-4f6d-9001-6678f3778837-groupManagement] INFO  server.RaftServerConfigKeys (ConfUtils.java:logGet(46)) - raft.server.threadpool.client.size = 0 (default)
2023-06-22 13:17:01,427 [PipelineCommandHandlerThread-0] INFO  server.RaftServer (RaftServerProxy.java:addNew(98)) - fa3625a9-0e11-4f6d-9001-6678f3778837: addNew group-FB01B33F6751:[fa3625a9-0e11-4f6d-9001-6678f3778837|rpc:10.1.0.30:15023|admin:10.1.0.30:15022|client:10.1.0.30:15021|dataStream:10.1.0.30:15024|priority:1|startupRole:FOLLOWER] returns      null fa3625a9-0e11-4f6d-9001-6678f3778837@group-FB01B33F6751:t0, leader=null, voted=null, raftlog=UNINITIALIZED, conf=-1: peers:[fa3625a9-0e11-4f6d-9001-6678f3778837|rpc:10.1.0.30:15023|admin:10.1.0.30:15022|client:10.1.0.30:15021|dataStream:10.1.0.30:15024|priority:1|startupRole:FOLLOWER]|listeners:[], old=null NEW
2023-06-22 13:17:01,430 [fa3625a9-0e11-4f6d-9001-6678f3778837-groupManagement] INFO  storage.RaftStorageDirectory (RaftStorageDirectoryImpl.java:analyzeStorage(137)) - The storage directory /home/runner/work/ozone/ozone/hadoop-ozone/integration-test/target/test-dir/MiniOzoneClusterImpl-0c9ac019-7194-482d-81d1-9ca5b99c70d1/datanode-1/data/ratis/c7d782fd-ef45-451c-8232-fb01b33f6751 does not exist. Creating ...
2023-06-22 13:17:01,431 [fb1e6b4b-5f0b-4936-8f17-bb7e415b5287-groupManagement] INFO  server.RaftServer$Division (RaftServerImpl.java:<init>(198)) - fb1e6b4b-5f0b-4936-8f17-bb7e415b5287: new RaftServerImpl for group-7575F418CF9A:[814a2953-5a54-4816-82bb-cea6b8923059|rpc:10.1.0.30:15014|admin:10.1.0.30:15013|client:10.1.0.30:15012|dataStream:10.1.0.30:15015|priority:0|startupRole:FOLLOWER, fb1e6b4b-5f0b-4936-8f17-bb7e415b5287|rpc:10.1.0.30:15032|admin:10.1.0.30:15031|client:10.1.0.30:15030|dataStream:10.1.0.30:15033|priority:0|startupRole:FOLLOWER, fa3625a9-0e11-4f6d-9001-6678f3778837|rpc:10.1.0.30:15023|admin:10.1.0.30:15022|client:10.1.0.30:15021|dataStream:10.1.0.30:15024|priority:1|startupRole:FOLLOWER] with ContainerStateMachine:uninitialized
2023-06-22 13:17:01,432 [fb1e6b4b-5f0b-4936-8f17-bb7e415b5287-groupManagement] INFO  server.RaftServerConfigKeys (ConfUtils.java:logGet(46)) - raft.server.rpc.timeout.min = 5s (custom)
2023-06-22 13:17:01,432 [fa3625a9-0e11-4f6d-9001-6678f3778837-groupManagement] INFO  storage.RaftStorageDirectory (RaftStorageDirectoryImpl.java:tryLock(231)) - Lock on /home/runner/work/ozone/ozone/hadoop-ozone/integration-test/target/test-dir/MiniOzoneClusterImpl-0c9ac019-7194-482d-81d1-9ca5b99c70d1/datanode-1/data/ratis/c7d782fd-ef45-451c-8232-fb01b33f6751/in_use.lock acquired by nodename 40864@fv-az208-208
2023-06-22 13:17:01,441 [fa3625a9-0e11-4f6d-9001-6678f3778837-groupManagement] INFO  storage.RaftStorage (RaftStorageImpl.java:format(96)) - Storage directory /home/runner/work/ozone/ozone/hadoop-ozone/integration-test/target/test-dir/MiniOzoneClusterImpl-0c9ac019-7194-482d-81d1-9ca5b99c70d1/datanode-1/data/ratis/c7d782fd-ef45-451c-8232-fb01b33f6751 has been successfully formatted.
2023-06-22 13:17:01,442 [fa3625a9-0e11-4f6d-9001-6678f3778837-groupManagement] INFO  ratis.ContainerStateMachine (ContainerStateMachine.java:loadSnapshot(262)) - group-FB01B33F6751: The snapshot info is null. Setting the last applied indexto:(t:0, i:~)
2023-06-22 13:17:01,442 [fa3625a9-0e11-4f6d-9001-6678f3778837-groupManagement] INFO  server.RaftServerConfigKeys (ConfUtils.java:logGet(46)) - raft.server.log.use.memory = false (default)
2023-06-22 13:17:01,442 [fa3625a9-0e11-4f6d-9001-6678f3778837-groupManagement] INFO  server.RaftServerConfigKeys (ConfUtils.java:logGet(46)) - raft.server.log.purge.gap = 1000000 (custom)
2023-06-22 13:17:01,442 [fa3625a9-0e11-4f6d-9001-6678f3778837-groupManagement] INFO  server.RaftServerConfigKeys (ConfUtils.java:logGet(46)) - raft.server.log.appender.buffer.byte-limit = 33554432 (custom)
2023-06-22 13:17:01,442 [fa3625a9-0e11-4f6d-9001-6678f3778837-groupManagement] INFO  server.RaftServerConfigKeys (ConfUtils.java:logGet(46)) - raft.server.log.statemachine.data.read.timeout = 1000ms (default)
2023-06-22 13:17:01,442 [fa3625a9-0e11-4f6d-9001-6678f3778837-groupManagement] INFO  server.RaftServerConfigKeys (ConfUtils.java:logGet(46)) - raft.server.log.purge.preservation.log.num = 0 (default)
2023-06-22 13:17:01,442 [fa3625a9-0e11-4f6d-9001-6678f3778837-groupManagement] INFO  server.RaftServerConfigKeys (ConfUtils.java:logGet(46)) - raft.server.log.segment.size.max = 1048576 (custom)
2023-06-22 13:17:01,440 [fb1e6b4b-5f0b-4936-8f17-bb7e415b5287-groupManagement] INFO  server.RaftServerConfigKeys (ConfUtils.java:logGet(46)) - raft.server.rpc.timeout.max = 5200ms (custom)
2023-06-22 13:17:01,443 [fb1e6b4b-5f0b-4936-8f17-bb7e415b5287-groupManagement] INFO  server.RaftServerConfigKeys (ConfUtils.java:logGet(46)) - raft.server.rpc.sleep.time = 25ms (default)
2023-06-22 13:17:01,443 [fb1e6b4b-5f0b-4936-8f17-bb7e415b5287-groupManagement] INFO  server.RaftServerConfigKeys (ConfUtils.java:logGet(46)) - raft.server.rpc.slowness.timeout = 300s (custom)
2023-06-22 13:17:01,443 [fb1e6b4b-5f0b-4936-8f17-bb7e415b5287-groupManagement] INFO  server.RaftServerConfigKeys (ConfUtils.java:logGet(46)) - raft.server.leaderelection.leader.step-down.wait-time = 10s (default)
2023-06-22 13:17:01,443 [fb1e6b4b-5f0b-4936-8f17-bb7e415b5287-groupManagement] INFO  server.RaftServerConfigKeys (ConfUtils.java:logGet(46)) - raft.server.sleep.deviation.threshold = 300ms (default)
2023-06-22 13:17:01,444 [fb1e6b4b-5f0b-4936-8f17-bb7e415b5287-groupManagement] INFO  server.RaftServer$Division (ServerState.java:<init>(120)) - fb1e6b4b-5f0b-4936-8f17-bb7e415b5287@group-7575F418CF9A: ConfigurationManager, init=-1: peers:[814a2953-5a54-4816-82bb-cea6b8923059|rpc:10.1.0.30:15014|admin:10.1.0.30:15013|client:10.1.0.30:15012|dataStream:10.1.0.30:15015|priority:0|startupRole:FOLLOWER, fb1e6b4b-5f0b-4936-8f17-bb7e415b5287|rpc:10.1.0.30:15032|admin:10.1.0.30:15031|client:10.1.0.30:15030|dataStream:10.1.0.30:15033|priority:0|startupRole:FOLLOWER, fa3625a9-0e11-4f6d-9001-6678f3778837|rpc:10.1.0.30:15023|admin:10.1.0.30:15022|client:10.1.0.30:15021|dataStream:10.1.0.30:15024|priority:1|startupRole:FOLLOWER]|listeners:[], old=null, confs=<EMPTY_MAP>
2023-06-22 13:17:01,444 [fb1e6b4b-5f0b-4936-8f17-bb7e415b5287-groupManagement] INFO  server.RaftServerConfigKeys (ConfUtils.java:logGet(46)) - raft.server.storage.dir = [/home/runner/work/ozone/ozone/hadoop-ozone/integration-test/target/test-dir/MiniOzoneClusterImpl-0c9ac019-7194-482d-81d1-9ca5b99c70d1/datanode-2/data/ratis] (custom)
2023-06-22 13:17:01,444 [fb1e6b4b-5f0b-4936-8f17-bb7e415b5287-groupManagement] INFO  server.RaftServerConfigKeys (ConfUtils.java:logGet(46)) - raft.server.log.corruption.policy = EXCEPTION (default)
2023-06-22 13:17:01,445 [fa3625a9-0e11-4f6d-9001-6678f3778837-groupManagement] INFO  server.RaftServerConfigKeys (ConfUtils.java:logGet(46)) - raft.server.log.segment.cache.num.max = 2 (custom)
2023-06-22 13:17:01,447 [fa3625a9-0e11-4f6d-9001-6678f3778837-groupManagement] INFO  server.RaftServerConfigKeys (ConfUtils.java:logGet(46)) - raft.server.log.segment.cache.size.max = 200MB (=209715200) (default)
2023-06-22 13:17:01,447 [fa3625a9-0e11-4f6d-9001-6678f3778837-groupManagement] INFO  server.RaftServerConfigKeys (ConfUtils.java:logGet(46)) - raft.server.log.appender.buffer.byte-limit = 33554432 (custom)
2023-06-22 13:17:01,447 [fa3625a9-0e11-4f6d-9001-6678f3778837-groupManagement] INFO  segmented.SegmentedRaftLogWorker (SegmentedRaftLogWorker.java:<init>(188)) - new fa3625a9-0e11-4f6d-9001-6678f3778837@group-FB01B33F6751-SegmentedRaftLogWorker for RaftStorageImpl:Storage Directory /home/runner/work/ozone/ozone/hadoop-ozone/integration-test/target/test-dir/MiniOzoneClusterImpl-0c9ac019-7194-482d-81d1-9ca5b99c70d1/datanode-1/data/ratis/c7d782fd-ef45-451c-8232-fb01b33f6751
2023-06-22 13:17:01,447 [fa3625a9-0e11-4f6d-9001-6678f3778837-groupManagement] INFO  server.RaftServerConfigKeys (ConfUtils.java:logGet(46)) - raft.server.log.queue.byte-limit = 4294967296 (custom)
2023-06-22 13:17:01,447 [fa3625a9-0e11-4f6d-9001-6678f3778837-groupManagement] INFO  server.RaftServerConfigKeys (ConfUtils.java:logGet(46)) - raft.server.log.queue.element-limit = 1024 (custom)
2023-06-22 13:17:01,447 [fa3625a9-0e11-4f6d-9001-6678f3778837-groupManagement] INFO  server.RaftServerConfigKeys (ConfUtils.java:logGet(46)) - raft.server.log.segment.size.max = 1048576 (custom)
2023-06-22 13:17:01,447 [fa3625a9-0e11-4f6d-9001-6678f3778837-groupManagement] INFO  server.RaftServerConfigKeys (ConfUtils.java:logGet(46)) - raft.server.log.preallocated.size = 16384 (custom)
2023-06-22 13:17:01,447 [fa3625a9-0e11-4f6d-9001-6678f3778837-groupManagement] INFO  server.RaftServerConfigKeys (ConfUtils.java:logGet(46)) - raft.server.log.force.sync.num = 128 (default)
2023-06-22 13:17:01,447 [fa3625a9-0e11-4f6d-9001-6678f3778837-groupManagement] INFO  server.RaftServerConfigKeys (ConfUtils.java:logGet(46)) - raft.server.log.statemachine.data.sync = true (default)
2023-06-22 13:17:01,447 [fa3625a9-0e11-4f6d-9001-6678f3778837-groupManagement] INFO  server.RaftServerConfigKeys (ConfUtils.java:logGet(46)) - raft.server.log.statemachine.data.sync.timeout = 10s (default)
2023-06-22 13:17:01,447 [fa3625a9-0e11-4f6d-9001-6678f3778837-groupManagement] INFO  server.RaftServerConfigKeys (ConfUtils.java:logGet(46)) - raft.server.log.statemachine.data.sync.timeout.retry = -1 (default)
2023-06-22 13:17:01,448 [fa3625a9-0e11-4f6d-9001-6678f3778837-groupManagement] INFO  server.RaftServerConfigKeys (ConfUtils.java:logGet(46)) - raft.server.log.write.buffer.size = 1048576 (custom)
2023-06-22 13:17:01,448 [EventQueue-PipelineReportForPipelineReportHandler] INFO  pipeline.PipelineManagerImpl (PipelineManagerImpl.java:openPipeline(367)) - Pipeline Pipeline[ Id: c7d782fd-ef45-451c-8232-fb01b33f6751, Nodes: fa3625a9-0e11-4f6d-9001-6678f3778837(fv-az208-208.e0tah0prcmautdldtlfxyeofwf.cx.internal.cloudapp.net/10.1.0.30), ReplicationConfig: RATIS/ONE, State:ALLOCATED, leaderId:fa3625a9-0e11-4f6d-9001-6678f3778837, CreationTimestamp2023-06-22T13:16:58.428Z[Etc/UTC]] moved to OPEN state
2023-06-22 13:17:01,448 [fa3625a9-0e11-4f6d-9001-6678f3778837-groupManagement] INFO  server.RaftServerConfigKeys (ConfUtils.java:logGet(46)) - raft.server.log.appender.buffer.byte-limit = 33554432 (custom)
2023-06-22 13:17:01,616 [JvmPauseMonitor2] WARN  util.JvmPauseMonitor (JvmPauseMonitor.java:detectPause(124)) - JvmPauseMonitor-814a2953-5a54-4816-82bb-cea6b8923059: Detected pause in JVM or host machine approximately 0.116s with 0.165s GC time.
GC pool 'PS MarkSweep' had collection(s): count=1 time=127ms
GC pool 'PS Scavenge' had collection(s): count=1 time=38ms
2023-06-22 13:17:01,619 [JvmPauseMonitor6] WARN  util.JvmPauseMonitor (JvmPauseMonitor.java:detectPause(124)) - JvmPauseMonitor-d61499ed-03ab-4261-8165-c3404d6b8549: Detected pause in JVM or host machine approximately 0.157s with 0.165s GC time.
GC pool 'PS MarkSweep' had collection(s): count=1 time=127ms
GC pool 'PS Scavenge' had collection(s): count=1 time=38ms
2023-06-22 13:17:01,619 [JvmPauseMonitor1] WARN  util.JvmPauseMonitor (JvmPauseMonitor.java:detectPause(124)) - JvmPauseMonitor-om1: Detected pause in JVM or host machine approximately 0.167s with 0.165s GC time.
GC pool 'PS MarkSweep' had collection(s): count=1 time=127ms
GC pool 'PS Scavenge' had collection(s): count=1 time=38ms
2023-06-22 13:17:01,619 [fb1e6b4b-5f0b-4936-8f17-bb7e415b5287-groupManagement] INFO  server.RaftServerConfigKeys (ConfUtils.java:logGet(46)) - raft.server.storage.free-space.min = 0MB (=0) (default)
2023-06-22 13:17:01,620 [fb1e6b4b-5f0b-4936-8f17-bb7e415b5287-groupManagement] INFO  server.RaftServerConfigKeys (ConfUtils.java:logGet(46)) - raft.server.notification.no-leader.timeout = 300s (custom)
2023-06-22 13:17:01,620 [fb1e6b4b-5f0b-4936-8f17-bb7e415b5287-groupManagement] INFO  server.RaftServerConfigKeys (ConfUtils.java:logGet(46)) - raft.server.read.timeout = 10s (default)
2023-06-22 13:17:01,620 [fb1e6b4b-5f0b-4936-8f17-bb7e415b5287-groupManagement] INFO  server.RaftServerConfigKeys (ConfUtils.java:logGet(46)) - raft.server.retrycache.expirytime = 600000ms (custom)
2023-06-22 13:17:01,620 [fb1e6b4b-5f0b-4936-8f17-bb7e415b5287-groupManagement] INFO  server.RaftServerConfigKeys (ConfUtils.java:logGet(46)) - raft.server.retrycache.statistics.expirytime = 100μs (default)
2023-06-22 13:17:01,620 [fb1e6b4b-5f0b-4936-8f17-bb7e415b5287-groupManagement] INFO  server.RaftServerConfigKeys (ConfUtils.java:logGet(46)) - raft.server.read.option = DEFAULT (default)
2023-06-22 13:17:01,623 [EventQueue-OpenPipelineForHealthyPipelineSafeModeRule] INFO  safemode.SCMSafeModeManager (HealthyPipelineSafeModeRule.java:process(137)) - SCM in safe mode. Healthy pipelines reported count is 0, required healthy pipeline reported count is 1
2023-06-22 13:17:01,627 [JvmPauseMonitor3] WARN  util.JvmPauseMonitor (JvmPauseMonitor.java:detectPause(124)) - JvmPauseMonitor-fa3625a9-0e11-4f6d-9001-6678f3778837: Detected pause in JVM or host machine approximately 0.152s with 0.165s GC time.
GC pool 'PS MarkSweep' had collection(s): count=1 time=127ms
GC pool 'PS Scavenge' had collection(s): count=1 time=38ms
2023-06-22 13:17:01,627 [fa3625a9-0e11-4f6d-9001-6678f3778837-groupManagement] INFO  server.RaftServerConfigKeys (ConfUtils.java:logGet(46)) - raft.server.log.unsafe-flush.enabled = false (default)
2023-06-22 13:17:01,629 [fa3625a9-0e11-4f6d-9001-6678f3778837-groupManagement] INFO  server.RaftServerConfigKeys (ConfUtils.java:logGet(46)) - raft.server.log.async-flush.enabled = false (default)
2023-06-22 13:17:01,629 [fa3625a9-0e11-4f6d-9001-6678f3778837-groupManagement] INFO  server.RaftServerConfigKeys (ConfUtils.java:logGet(46)) - raft.server.log.statemachine.data.caching.enabled = true (custom)
2023-06-22 13:17:01,629 [fa3625a9-0e11-4f6d-9001-6678f3778837-groupManagement] INFO  segmented.SegmentedRaftLogWorker (SegmentedRaftLogWorker.java:lambda$new$0(135)) - fa3625a9-0e11-4f6d-9001-6678f3778837@group-FB01B33F6751-SegmentedRaftLogWorker: flushIndex: setUnconditionally 0 -> -1
2023-06-22 13:17:01,629 [fa3625a9-0e11-4f6d-9001-6678f3778837-groupManagement] INFO  segmented.SegmentedRaftLogWorker (SegmentedRaftLogWorker.java:lambda$new$0(135)) - fa3625a9-0e11-4f6d-9001-6678f3778837@group-FB01B33F6751-SegmentedRaftLogWorker: safeCacheEvictIndex: setUnconditionally 0 -> -1
2023-06-22 13:17:01,630 [fb1e6b4b-5f0b-4936-8f17-bb7e415b5287-groupManagement] INFO  server.RaftServerConfigKeys (ConfUtils.java:logGet(46)) - raft.server.rpc.request.timeout = 60s (custom)
2023-06-22 13:17:01,630 [fb1e6b4b-5f0b-4936-8f17-bb7e415b5287-groupManagement] INFO  server.RaftServerConfigKeys (ConfUtils.java:logGet(46)) - raft.server.log.appender.install.snapshot.enabled = false (custom)
2023-06-22 13:17:01,630 [fb1e6b4b-5f0b-4936-8f17-bb7e415b5287-groupManagement] INFO  server.RaftServerConfigKeys (ConfUtils.java:logGet(46)) - raft.server.threadpool.server.cached = true (default)
2023-06-22 13:17:01,630 [fb1e6b4b-5f0b-4936-8f17-bb7e415b5287-groupManagement] INFO  server.RaftServerConfigKeys (ConfUtils.java:logGet(46)) - raft.server.threadpool.server.size = 0 (default)
2023-06-22 13:17:01,630 [fb1e6b4b-5f0b-4936-8f17-bb7e415b5287-groupManagement] INFO  server.RaftServerConfigKeys (ConfUtils.java:logGet(46)) - raft.server.threadpool.client.cached = true (default)
2023-06-22 13:17:01,630 [fb1e6b4b-5f0b-4936-8f17-bb7e415b5287-groupManagement] INFO  server.RaftServerConfigKeys (ConfUtils.java:logGet(46)) - raft.server.threadpool.client.size = 0 (default)
2023-06-22 13:17:01,630 [fb1e6b4b-5f0b-4936-8f17-bb7e415b5287-groupManagement] INFO  storage.RaftStorageDirectory (RaftStorageDirectoryImpl.java:analyzeStorage(137)) - The storage directory /home/runner/work/ozone/ozone/hadoop-ozone/integration-test/target/test-dir/MiniOzoneClusterImpl-0c9ac019-7194-482d-81d1-9ca5b99c70d1/datanode-2/data/ratis/59665af5-57fe-4c3c-b082-7575f418cf9a does not exist. Creating ...
2023-06-22 13:17:01,631 [fa3625a9-0e11-4f6d-9001-6678f3778837-groupManagement] INFO  server.RaftServer$Division (RaftServerImpl.java:start(342)) - fa3625a9-0e11-4f6d-9001-6678f3778837@group-FB01B33F6751: start as a follower, conf=-1: peers:[fa3625a9-0e11-4f6d-9001-6678f3778837|rpc:10.1.0.30:15023|admin:10.1.0.30:15022|client:10.1.0.30:15021|dataStream:10.1.0.30:15024|priority:1|startupRole:FOLLOWER]|listeners:[], old=null
2023-06-22 13:17:01,631 [fa3625a9-0e11-4f6d-9001-6678f3778837-groupManagement] INFO  server.RaftServer$Division (RaftServerImpl.java:setRole(329)) - fa3625a9-0e11-4f6d-9001-6678f3778837@group-FB01B33F6751: changes role from      null to FOLLOWER at term 0 for startAsFollower
2023-06-22 13:17:01,631 [fa3625a9-0e11-4f6d-9001-6678f3778837-groupManagement] INFO  impl.RoleInfo (RoleInfo.java:updateAndGet(139)) - fa3625a9-0e11-4f6d-9001-6678f3778837: start fa3625a9-0e11-4f6d-9001-6678f3778837@group-FB01B33F6751-FollowerState
2023-06-22 13:17:01,631 [fa3625a9-0e11-4f6d-9001-6678f3778837-groupManagement] INFO  util.JmxRegister (JmxRegister.java:tryRegister(44)) - Successfully registered JMX Bean with object name Ratis:service=RaftServer,group=group-FB01B33F6751,id=fa3625a9-0e11-4f6d-9001-6678f3778837
2023-06-22 13:17:01,631 [fa3625a9-0e11-4f6d-9001-6678f3778837-groupManagement] INFO  server.RaftServerConfigKeys (ConfUtils.java:logGet(46)) - raft.server.snapshot.auto.trigger.enabled = true (custom)
2023-06-22 13:17:01,632 [fa3625a9-0e11-4f6d-9001-6678f3778837-groupManagement] INFO  server.RaftServerConfigKeys (ConfUtils.java:logGet(46)) - raft.server.snapshot.auto.trigger.threshold = 10000 (custom)
2023-06-22 13:17:01,632 [fa3625a9-0e11-4f6d-9001-6678f3778837-groupManagement] INFO  server.RaftServerConfigKeys (ConfUtils.java:logGet(46)) - raft.server.snapshot.retention.file.num = 5 (custom)
2023-06-22 13:17:01,632 [fa3625a9-0e11-4f6d-9001-6678f3778837-groupManagement] INFO  server.RaftServerConfigKeys (ConfUtils.java:logGet(46)) - raft.server.log.purge.upto.snapshot.index = false (default)
2023-06-22 13:17:01,632 [fb1e6b4b-5f0b-4936-8f17-bb7e415b5287-groupManagement] INFO  storage.RaftStorageDirectory (RaftStorageDirectoryImpl.java:tryLock(231)) - Lock on /home/runner/work/ozone/ozone/hadoop-ozone/integration-test/target/test-dir/MiniOzoneClusterImpl-0c9ac019-7194-482d-81d1-9ca5b99c70d1/datanode-2/data/ratis/59665af5-57fe-4c3c-b082-7575f418cf9a/in_use.lock acquired by nodename 40864@fv-az208-208
2023-06-22 13:17:01,633 [fa3625a9-0e11-4f6d-9001-6678f3778837@group-FB01B33F6751-FollowerState] INFO  server.RaftServerConfigKeys (ConfUtils.java:logFallback(53)) - raft.server.rpc.first-election.timeout.min = 5s (fallback to raft.server.rpc.timeout.min)
2023-06-22 13:17:01,633 [fa3625a9-0e11-4f6d-9001-6678f3778837@group-FB01B33F6751-FollowerState] INFO  server.RaftServerConfigKeys (ConfUtils.java:logFallback(53)) - raft.server.rpc.first-election.timeout.max = 5200ms (fallback to raft.server.rpc.timeout.max)
2023-06-22 13:17:01,633 [PipelineCommandHandlerThread-0] INFO  ratis.XceiverServerRatis (XceiverServerRatis.java:addGroup(804)) - Created group PipelineID=c7d782fd-ef45-451c-8232-fb01b33f6751
2023-06-22 13:17:01,633 [PipelineCommandHandlerThread-0] INFO  commandhandler.CreatePipelineCommandHandler (CreatePipelineCommandHandler.java:lambda$handle$2(124)) - Created Pipeline RATIS ONE PipelineID=c7d782fd-ef45-451c-8232-fb01b33f6751.
2023-06-22 13:17:01,633 [PipelineCommandHandlerThread-0] INFO  server.RaftServer (RaftServerProxy.java:addNew(98)) - fa3625a9-0e11-4f6d-9001-6678f3778837: addNew group-BCA38DC452F0:[814a2953-5a54-4816-82bb-cea6b8923059|rpc:10.1.0.30:15014|admin:10.1.0.30:15013|client:10.1.0.30:15012|dataStream:10.1.0.30:15015|priority:0|startupRole:FOLLOWER, fb1e6b4b-5f0b-4936-8f17-bb7e415b5287|rpc:10.1.0.30:15032|admin:10.1.0.30:15031|client:10.1.0.30:15030|dataStream:10.1.0.30:15033|priority:1|startupRole:FOLLOWER, fa3625a9-0e11-4f6d-9001-6678f3778837|rpc:10.1.0.30:15023|admin:10.1.0.30:15022|client:10.1.0.30:15021|dataStream:10.1.0.30:15024|priority:0|startupRole:FOLLOWER] returns group-BCA38DC452F0:java.util.concurrent.CompletableFuture@389de8c8[Not completed]
2023-06-22 13:17:01,634 [fa3625a9-0e11-4f6d-9001-6678f3778837-groupManagement] INFO  server.RaftServer$Division (RaftServerImpl.java:<init>(198)) - fa3625a9-0e11-4f6d-9001-6678f3778837: new RaftServerImpl for group-BCA38DC452F0:[814a2953-5a54-4816-82bb-cea6b8923059|rpc:10.1.0.30:15014|admin:10.1.0.30:15013|client:10.1.0.30:15012|dataStream:10.1.0.30:15015|priority:0|startupRole:FOLLOWER, fb1e6b4b-5f0b-4936-8f17-bb7e415b5287|rpc:10.1.0.30:15032|admin:10.1.0.30:15031|client:10.1.0.30:15030|dataStream:10.1.0.30:15033|priority:1|startupRole:FOLLOWER, fa3625a9-0e11-4f6d-9001-6678f3778837|rpc:10.1.0.30:15023|admin:10.1.0.30:15022|client:10.1.0.30:15021|dataStream:10.1.0.30:15024|priority:0|startupRole:FOLLOWER] with ContainerStateMachine:uninitialized
2023-06-22 13:17:01,635 [fa3625a9-0e11-4f6d-9001-6678f3778837-groupManagement] INFO  server.RaftServerConfigKeys (ConfUtils.java:logGet(46)) - raft.server.rpc.timeout.min = 5s (custom)
2023-06-22 13:17:01,635 [fa3625a9-0e11-4f6d-9001-6678f3778837-groupManagement] INFO  server.RaftServerConfigKeys (ConfUtils.java:logGet(46)) - raft.server.rpc.timeout.max = 5200ms (custom)
2023-06-22 13:17:01,635 [fa3625a9-0e11-4f6d-9001-6678f3778837-groupManagement] INFO  server.RaftServerConfigKeys (ConfUtils.java:logGet(46)) - raft.server.rpc.sleep.time = 25ms (default)
2023-06-22 13:17:01,635 [fa3625a9-0e11-4f6d-9001-6678f3778837-groupManagement] INFO  server.RaftServerConfigKeys (ConfUtils.java:logGet(46)) - raft.server.rpc.slowness.timeout = 300s (custom)
2023-06-22 13:17:01,635 [fa3625a9-0e11-4f6d-9001-6678f3778837-groupManagement] INFO  server.RaftServerConfigKeys (ConfUtils.java:logGet(46)) - raft.server.leaderelection.leader.step-down.wait-time = 10s (default)
2023-06-22 13:17:01,635 [fa3625a9-0e11-4f6d-9001-6678f3778837-groupManagement] INFO  server.RaftServerConfigKeys (ConfUtils.java:logGet(46)) - raft.server.sleep.deviation.threshold = 300ms (default)
2023-06-22 13:17:01,635 [fa3625a9-0e11-4f6d-9001-6678f3778837-groupManagement] INFO  server.RaftServer$Division (ServerState.java:<init>(120)) - fa3625a9-0e11-4f6d-9001-6678f3778837@group-BCA38DC452F0: ConfigurationManager, init=-1: peers:[814a2953-5a54-4816-82bb-cea6b8923059|rpc:10.1.0.30:15014|admin:10.1.0.30:15013|client:10.1.0.30:15012|dataStream:10.1.0.30:15015|priority:0|startupRole:FOLLOWER, fb1e6b4b-5f0b-4936-8f17-bb7e415b5287|rpc:10.1.0.30:15032|admin:10.1.0.30:15031|client:10.1.0.30:15030|dataStream:10.1.0.30:15033|priority:1|startupRole:FOLLOWER, fa3625a9-0e11-4f6d-9001-6678f3778837|rpc:10.1.0.30:15023|admin:10.1.0.30:15022|client:10.1.0.30:15021|dataStream:10.1.0.30:15024|priority:0|startupRole:FOLLOWER]|listeners:[], old=null, confs=<EMPTY_MAP>
2023-06-22 13:17:01,635 [fa3625a9-0e11-4f6d-9001-6678f3778837-groupManagement] INFO  server.RaftServerConfigKeys (ConfUtils.java:logGet(46)) - raft.server.storage.dir = [/home/runner/work/ozone/ozone/hadoop-ozone/integration-test/target/test-dir/MiniOzoneClusterImpl-0c9ac019-7194-482d-81d1-9ca5b99c70d1/datanode-1/data/ratis] (custom)
2023-06-22 13:17:01,635 [fa3625a9-0e11-4f6d-9001-6678f3778837-groupManagement] INFO  server.RaftServerConfigKeys (ConfUtils.java:logGet(46)) - raft.server.log.corruption.policy = EXCEPTION (default)
2023-06-22 13:17:01,635 [fa3625a9-0e11-4f6d-9001-6678f3778837-groupManagement] INFO  server.RaftServerConfigKeys (ConfUtils.java:logGet(46)) - raft.server.storage.free-space.min = 0MB (=0) (default)
2023-06-22 13:17:01,635 [fa3625a9-0e11-4f6d-9001-6678f3778837-groupManagement] INFO  server.RaftServerConfigKeys (ConfUtils.java:logGet(46)) - raft.server.notification.no-leader.timeout = 300s (custom)
2023-06-22 13:17:01,635 [fa3625a9-0e11-4f6d-9001-6678f3778837-groupManagement] INFO  server.RaftServerConfigKeys (ConfUtils.java:logGet(46)) - raft.server.read.timeout = 10s (default)
2023-06-22 13:17:01,635 [fa3625a9-0e11-4f6d-9001-6678f3778837-groupManagement] INFO  server.RaftServerConfigKeys (ConfUtils.java:logGet(46)) - raft.server.retrycache.expirytime = 600000ms (custom)
2023-06-22 13:17:01,635 [fa3625a9-0e11-4f6d-9001-6678f3778837-groupManagement] INFO  server.RaftServerConfigKeys (ConfUtils.java:logGet(46)) - raft.server.retrycache.statistics.expirytime = 100μs (default)
2023-06-22 13:17:01,636 [fa3625a9-0e11-4f6d-9001-6678f3778837-groupManagement] INFO  server.RaftServerConfigKeys (ConfUtils.java:logGet(46)) - raft.server.read.option = DEFAULT (default)
2023-06-22 13:17:01,635 [fb1e6b4b-5f0b-4936-8f17-bb7e415b5287-groupManagement] INFO  storage.RaftStorage (RaftStorageImpl.java:format(96)) - Storage directory /home/runner/work/ozone/ozone/hadoop-ozone/integration-test/target/test-dir/MiniOzoneClusterImpl-0c9ac019-7194-482d-81d1-9ca5b99c70d1/datanode-2/data/ratis/59665af5-57fe-4c3c-b082-7575f418cf9a has been successfully formatted.
2023-06-22 13:17:01,637 [fb1e6b4b-5f0b-4936-8f17-bb7e415b5287-groupManagement] INFO  ratis.ContainerStateMachine (ContainerStateMachine.java:loadSnapshot(262)) - group-7575F418CF9A: The snapshot info is null. Setting the last applied indexto:(t:0, i:~)
2023-06-22 13:17:01,638 [fb1e6b4b-5f0b-4936-8f17-bb7e415b5287-groupManagement] INFO  server.RaftServerConfigKeys (ConfUtils.java:logGet(46)) - raft.server.log.use.memory = false (default)
2023-06-22 13:17:01,638 [fb1e6b4b-5f0b-4936-8f17-bb7e415b5287-groupManagement] INFO  server.RaftServerConfigKeys (ConfUtils.java:logGet(46)) - raft.server.log.purge.gap = 1000000 (custom)
2023-06-22 13:17:01,638 [fb1e6b4b-5f0b-4936-8f17-bb7e415b5287-groupManagement] INFO  server.RaftServerConfigKeys (ConfUtils.java:logGet(46)) - raft.server.log.appender.buffer.byte-limit = 33554432 (custom)
2023-06-22 13:17:01,638 [fb1e6b4b-5f0b-4936-8f17-bb7e415b5287-groupManagement] INFO  server.RaftServerConfigKeys (ConfUtils.java:logGet(46)) - raft.server.log.statemachine.data.read.timeout = 1000ms (default)
2023-06-22 13:17:01,638 [fb1e6b4b-5f0b-4936-8f17-bb7e415b5287-groupManagement] INFO  server.RaftServerConfigKeys (ConfUtils.java:logGet(46)) - raft.server.log.purge.preservation.log.num = 0 (default)
2023-06-22 13:17:01,638 [fb1e6b4b-5f0b-4936-8f17-bb7e415b5287-groupManagement] INFO  server.RaftServerConfigKeys (ConfUtils.java:logGet(46)) - raft.server.log.segment.size.max = 1048576 (custom)
2023-06-22 13:17:01,639 [fb1e6b4b-5f0b-4936-8f17-bb7e415b5287-groupManagement] INFO  server.RaftServerConfigKeys (ConfUtils.java:logGet(46)) - raft.server.log.segment.cache.num.max = 2 (custom)
2023-06-22 13:17:01,639 [fb1e6b4b-5f0b-4936-8f17-bb7e415b5287-groupManagement] INFO  server.RaftServerConfigKeys (ConfUtils.java:logGet(46)) - raft.server.log.segment.cache.size.max = 200MB (=209715200) (default)
2023-06-22 13:17:01,639 [fb1e6b4b-5f0b-4936-8f17-bb7e415b5287-groupManagement] INFO  server.RaftServerConfigKeys (ConfUtils.java:logGet(46)) - raft.server.log.appender.buffer.byte-limit = 33554432 (custom)
2023-06-22 13:17:01,639 [fb1e6b4b-5f0b-4936-8f17-bb7e415b5287-groupManagement] INFO  segmented.SegmentedRaftLogWorker (SegmentedRaftLogWorker.java:<init>(188)) - new fb1e6b4b-5f0b-4936-8f17-bb7e415b5287@group-7575F418CF9A-SegmentedRaftLogWorker for RaftStorageImpl:Storage Directory /home/runner/work/ozone/ozone/hadoop-ozone/integration-test/target/test-dir/MiniOzoneClusterImpl-0c9ac019-7194-482d-81d1-9ca5b99c70d1/datanode-2/data/ratis/59665af5-57fe-4c3c-b082-7575f418cf9a
2023-06-22 13:17:01,639 [fb1e6b4b-5f0b-4936-8f17-bb7e415b5287-groupManagement] INFO  server.RaftServerConfigKeys (ConfUtils.java:logGet(46)) - raft.server.log.queue.byte-limit = 4294967296 (custom)
2023-06-22 13:17:01,639 [fb1e6b4b-5f0b-4936-8f17-bb7e415b5287-groupManagement] INFO  server.RaftServerConfigKeys (ConfUtils.java:logGet(46)) - raft.server.log.queue.element-limit = 1024 (custom)
2023-06-22 13:17:01,639 [fb1e6b4b-5f0b-4936-8f17-bb7e415b5287-groupManagement] INFO  server.RaftServerConfigKeys (ConfUtils.java:logGet(46)) - raft.server.log.segment.size.max = 1048576 (custom)
2023-06-22 13:17:01,639 [fb1e6b4b-5f0b-4936-8f17-bb7e415b5287-groupManagement] INFO  server.RaftServerConfigKeys (ConfUtils.java:logGet(46)) - raft.server.log.preallocated.size = 16384 (custom)
2023-06-22 13:17:01,639 [fb1e6b4b-5f0b-4936-8f17-bb7e415b5287-groupManagement] INFO  server.RaftServerConfigKeys (ConfUtils.java:logGet(46)) - raft.server.log.force.sync.num = 128 (default)
2023-06-22 13:17:01,639 [fb1e6b4b-5f0b-4936-8f17-bb7e415b5287-groupManagement] INFO  server.RaftServerConfigKeys (ConfUtils.java:logGet(46)) - raft.server.log.statemachine.data.sync = true (default)
2023-06-22 13:17:01,639 [fb1e6b4b-5f0b-4936-8f17-bb7e415b5287-groupManagement] INFO  server.RaftServerConfigKeys (ConfUtils.java:logGet(46)) - raft.server.log.statemachine.data.sync.timeout = 10s (default)
2023-06-22 13:17:01,639 [fb1e6b4b-5f0b-4936-8f17-bb7e415b5287-groupManagement] INFO  server.RaftServerConfigKeys (ConfUtils.java:logGet(46)) - raft.server.log.statemachine.data.sync.timeout.retry = -1 (default)
2023-06-22 13:17:01,640 [fb1e6b4b-5f0b-4936-8f17-bb7e415b5287-groupManagement] INFO  server.RaftServerConfigKeys (ConfUtils.java:logGet(46)) - raft.server.log.write.buffer.size = 1048576 (custom)
2023-06-22 13:17:01,640 [fb1e6b4b-5f0b-4936-8f17-bb7e415b5287-groupManagement] INFO  server.RaftServerConfigKeys (ConfUtils.java:logGet(46)) - raft.server.log.appender.buffer.byte-limit = 33554432 (custom)
2023-06-22 13:17:01,643 [fb1e6b4b-5f0b-4936-8f17-bb7e415b5287-groupManagement] INFO  server.RaftServerConfigKeys (ConfUtils.java:logGet(46)) - raft.server.log.unsafe-flush.enabled = false (default)
2023-06-22 13:17:01,643 [fb1e6b4b-5f0b-4936-8f17-bb7e415b5287-groupManagement] INFO  server.RaftServerConfigKeys (ConfUtils.java:logGet(46)) - raft.server.log.async-flush.enabled = false (default)
2023-06-22 13:17:01,644 [fb1e6b4b-5f0b-4936-8f17-bb7e415b5287-groupManagement] INFO  server.RaftServerConfigKeys (ConfUtils.java:logGet(46)) - raft.server.log.statemachine.data.caching.enabled = true (custom)
2023-06-22 13:17:01,644 [fb1e6b4b-5f0b-4936-8f17-bb7e415b5287-groupManagement] INFO  segmented.SegmentedRaftLogWorker (SegmentedRaftLogWorker.java:lambda$new$0(135)) - fb1e6b4b-5f0b-4936-8f17-bb7e415b5287@group-7575F418CF9A-SegmentedRaftLogWorker: flushIndex: setUnconditionally 0 -> -1
2023-06-22 13:17:01,644 [fb1e6b4b-5f0b-4936-8f17-bb7e415b5287-groupManagement] INFO  segmented.SegmentedRaftLogWorker (SegmentedRaftLogWorker.java:lambda$new$0(135)) - fb1e6b4b-5f0b-4936-8f17-bb7e415b5287@group-7575F418CF9A-SegmentedRaftLogWorker: safeCacheEvictIndex: setUnconditionally 0 -> -1
2023-06-22 13:17:01,646 [fb1e6b4b-5f0b-4936-8f17-bb7e415b5287-groupManagement] INFO  server.RaftServer$Division (RaftServerImpl.java:start(342)) - fb1e6b4b-5f0b-4936-8f17-bb7e415b5287@group-7575F418CF9A: start as a follower, conf=-1: peers:[814a2953-5a54-4816-82bb-cea6b8923059|rpc:10.1.0.30:15014|admin:10.1.0.30:15013|client:10.1.0.30:15012|dataStream:10.1.0.30:15015|priority:0|startupRole:FOLLOWER, fb1e6b4b-5f0b-4936-8f17-bb7e415b5287|rpc:10.1.0.30:15032|admin:10.1.0.30:15031|client:10.1.0.30:15030|dataStream:10.1.0.30:15033|priority:0|startupRole:FOLLOWER, fa3625a9-0e11-4f6d-9001-6678f3778837|rpc:10.1.0.30:15023|admin:10.1.0.30:15022|client:10.1.0.30:15021|dataStream:10.1.0.30:15024|priority:1|startupRole:FOLLOWER]|listeners:[], old=null
2023-06-22 13:17:01,646 [fb1e6b4b-5f0b-4936-8f17-bb7e415b5287-groupManagement] INFO  server.RaftServer$Division (RaftServerImpl.java:setRole(329)) - fb1e6b4b-5f0b-4936-8f17-bb7e415b5287@group-7575F418CF9A: changes role from      null to FOLLOWER at term 0 for startAsFollower
2023-06-22 13:17:01,646 [fb1e6b4b-5f0b-4936-8f17-bb7e415b5287-groupManagement] INFO  impl.RoleInfo (RoleInfo.java:updateAndGet(139)) - fb1e6b4b-5f0b-4936-8f17-bb7e415b5287: start fb1e6b4b-5f0b-4936-8f17-bb7e415b5287@group-7575F418CF9A-FollowerState
2023-06-22 13:17:01,646 [fb1e6b4b-5f0b-4936-8f17-bb7e415b5287-groupManagement] INFO  util.JmxRegister (JmxRegister.java:tryRegister(44)) - Successfully registered JMX Bean with object name Ratis:service=RaftServer,group=group-7575F418CF9A,id=fb1e6b4b-5f0b-4936-8f17-bb7e415b5287
2023-06-22 13:17:01,646 [fb1e6b4b-5f0b-4936-8f17-bb7e415b5287-groupManagement] INFO  server.RaftServerConfigKeys (ConfUtils.java:logGet(46)) - raft.server.snapshot.auto.trigger.enabled = true (custom)
2023-06-22 13:17:01,646 [fb1e6b4b-5f0b-4936-8f17-bb7e415b5287-groupManagement] INFO  server.RaftServerConfigKeys (ConfUtils.java:logGet(46)) - raft.server.snapshot.auto.trigger.threshold = 10000 (custom)
2023-06-22 13:17:01,646 [fb1e6b4b-5f0b-4936-8f17-bb7e415b5287-groupManagement] INFO  server.RaftServerConfigKeys (ConfUtils.java:logGet(46)) - raft.server.snapshot.retention.file.num = 5 (custom)
2023-06-22 13:17:01,646 [fb1e6b4b-5f0b-4936-8f17-bb7e415b5287-groupManagement] INFO  server.RaftServerConfigKeys (ConfUtils.java:logGet(46)) - raft.server.log.purge.upto.snapshot.index = false (default)
2023-06-22 13:17:01,647 [fb1e6b4b-5f0b-4936-8f17-bb7e415b5287@group-7575F418CF9A-FollowerState] INFO  server.RaftServerConfigKeys (ConfUtils.java:logFallback(53)) - raft.server.rpc.first-election.timeout.min = 5s (fallback to raft.server.rpc.timeout.min)
2023-06-22 13:17:01,652 [fb1e6b4b-5f0b-4936-8f17-bb7e415b5287@group-7575F418CF9A-FollowerState] INFO  server.RaftServerConfigKeys (ConfUtils.java:logFallback(53)) - raft.server.rpc.first-election.timeout.max = 5200ms (fallback to raft.server.rpc.timeout.max)
2023-06-22 13:17:01,652 [fa3625a9-0e11-4f6d-9001-6678f3778837-groupManagement] INFO  server.RaftServerConfigKeys (ConfUtils.java:logGet(46)) - raft.server.rpc.request.timeout = 60s (custom)
2023-06-22 13:17:01,653 [fa3625a9-0e11-4f6d-9001-6678f3778837-groupManagement] INFO  server.RaftServerConfigKeys (ConfUtils.java:logGet(46)) - raft.server.log.appender.install.snapshot.enabled = false (custom)
2023-06-22 13:17:01,653 [fa3625a9-0e11-4f6d-9001-6678f3778837-groupManagement] INFO  server.RaftServerConfigKeys (ConfUtils.java:logGet(46)) - raft.server.threadpool.server.cached = true (default)
2023-06-22 13:17:01,653 [fa3625a9-0e11-4f6d-9001-6678f3778837-groupManagement] INFO  server.RaftServerConfigKeys (ConfUtils.java:logGet(46)) - raft.server.threadpool.server.size = 0 (default)
2023-06-22 13:17:01,653 [fa3625a9-0e11-4f6d-9001-6678f3778837-groupManagement] INFO  server.RaftServerConfigKeys (ConfUtils.java:logGet(46)) - raft.server.threadpool.client.cached = true (default)
2023-06-22 13:17:01,653 [fa3625a9-0e11-4f6d-9001-6678f3778837-groupManagement] INFO  server.RaftServerConfigKeys (ConfUtils.java:logGet(46)) - raft.server.threadpool.client.size = 0 (default)
2023-06-22 13:17:01,653 [fa3625a9-0e11-4f6d-9001-6678f3778837-groupManagement] INFO  storage.RaftStorageDirectory (RaftStorageDirectoryImpl.java:analyzeStorage(137)) - The storage directory /home/runner/work/ozone/ozone/hadoop-ozone/integration-test/target/test-dir/MiniOzoneClusterImpl-0c9ac019-7194-482d-81d1-9ca5b99c70d1/datanode-1/data/ratis/c6c338fa-eff6-4c19-a22d-bca38dc452f0 does not exist. Creating ...
2023-06-22 13:17:01,655 [fa3625a9-0e11-4f6d-9001-6678f3778837-groupManagement] INFO  storage.RaftStorageDirectory (RaftStorageDirectoryImpl.java:tryLock(231)) - Lock on /home/runner/work/ozone/ozone/hadoop-ozone/integration-test/target/test-dir/MiniOzoneClusterImpl-0c9ac019-7194-482d-81d1-9ca5b99c70d1/datanode-1/data/ratis/c6c338fa-eff6-4c19-a22d-bca38dc452f0/in_use.lock acquired by nodename 40864@fv-az208-208
2023-06-22 13:17:01,657 [fa3625a9-0e11-4f6d-9001-6678f3778837-groupManagement] INFO  storage.RaftStorage (RaftStorageImpl.java:format(96)) - Storage directory /home/runner/work/ozone/ozone/hadoop-ozone/integration-test/target/test-dir/MiniOzoneClusterImpl-0c9ac019-7194-482d-81d1-9ca5b99c70d1/datanode-1/data/ratis/c6c338fa-eff6-4c19-a22d-bca38dc452f0 has been successfully formatted.
2023-06-22 13:17:01,658 [fa3625a9-0e11-4f6d-9001-6678f3778837-groupManagement] INFO  ratis.ContainerStateMachine (ContainerStateMachine.java:loadSnapshot(262)) - group-BCA38DC452F0: The snapshot info is null. Setting the last applied indexto:(t:0, i:~)
2023-06-22 13:17:01,658 [fa3625a9-0e11-4f6d-9001-6678f3778837-groupManagement] INFO  server.RaftServerConfigKeys (ConfUtils.java:logGet(46)) - raft.server.log.use.memory = false (default)
2023-06-22 13:17:01,658 [fa3625a9-0e11-4f6d-9001-6678f3778837-groupManagement] INFO  server.RaftServerConfigKeys (ConfUtils.java:logGet(46)) - raft.server.log.purge.gap = 1000000 (custom)
2023-06-22 13:17:01,658 [fa3625a9-0e11-4f6d-9001-6678f3778837-groupManagement] INFO  server.RaftServerConfigKeys (ConfUtils.java:logGet(46)) - raft.server.log.appender.buffer.byte-limit = 33554432 (custom)
2023-06-22 13:17:01,658 [fa3625a9-0e11-4f6d-9001-6678f3778837-groupManagement] INFO  server.RaftServerConfigKeys (ConfUtils.java:logGet(46)) - raft.server.log.statemachine.data.read.timeout = 1000ms (default)
2023-06-22 13:17:01,661 [EventQueue-OpenPipelineForHealthyPipelineSafeModeRule] INFO  safemode.SCMSafeModeManager (HealthyPipelineSafeModeRule.java:process(137)) - SCM in safe mode. Healthy pipelines reported count is 0, required healthy pipeline reported count is 1
2023-06-22 13:17:01,661 [fa3625a9-0e11-4f6d-9001-6678f3778837-groupManagement] INFO  server.RaftServerConfigKeys (ConfUtils.java:logGet(46)) - raft.server.log.purge.preservation.log.num = 0 (default)
2023-06-22 13:17:01,661 [fa3625a9-0e11-4f6d-9001-6678f3778837-groupManagement] INFO  server.RaftServerConfigKeys (ConfUtils.java:logGet(46)) - raft.server.log.segment.size.max = 1048576 (custom)
2023-06-22 13:17:01,662 [fa3625a9-0e11-4f6d-9001-6678f3778837-groupManagement] INFO  server.RaftServerConfigKeys (ConfUtils.java:logGet(46)) - raft.server.log.segment.cache.num.max = 2 (custom)
2023-06-22 13:17:01,662 [fa3625a9-0e11-4f6d-9001-6678f3778837-groupManagement] INFO  server.RaftServerConfigKeys (ConfUtils.java:logGet(46)) - raft.server.log.segment.cache.size.max = 200MB (=209715200) (default)
2023-06-22 13:17:01,662 [fa3625a9-0e11-4f6d-9001-6678f3778837-groupManagement] INFO  server.RaftServerConfigKeys (ConfUtils.java:logGet(46)) - raft.server.log.appender.buffer.byte-limit = 33554432 (custom)
2023-06-22 13:17:01,662 [fa3625a9-0e11-4f6d-9001-6678f3778837-groupManagement] INFO  segmented.SegmentedRaftLogWorker (SegmentedRaftLogWorker.java:<init>(188)) - new fa3625a9-0e11-4f6d-9001-6678f3778837@group-BCA38DC452F0-SegmentedRaftLogWorker for RaftStorageImpl:Storage Directory /home/runner/work/ozone/ozone/hadoop-ozone/integration-test/target/test-dir/MiniOzoneClusterImpl-0c9ac019-7194-482d-81d1-9ca5b99c70d1/datanode-1/data/ratis/c6c338fa-eff6-4c19-a22d-bca38dc452f0
2023-06-22 13:17:01,662 [fa3625a9-0e11-4f6d-9001-6678f3778837-groupManagement] INFO  server.RaftServerConfigKeys (ConfUtils.java:logGet(46)) - raft.server.log.queue.byte-limit = 4294967296 (custom)
2023-06-22 13:17:01,662 [fa3625a9-0e11-4f6d-9001-6678f3778837-groupManagement] INFO  server.RaftServerConfigKeys (ConfUtils.java:logGet(46)) - raft.server.log.queue.element-limit = 1024 (custom)
2023-06-22 13:17:01,662 [fa3625a9-0e11-4f6d-9001-6678f3778837-groupManagement] INFO  server.RaftServerConfigKeys (ConfUtils.java:logGet(46)) - raft.server.log.segment.size.max = 1048576 (custom)
2023-06-22 13:17:01,662 [fa3625a9-0e11-4f6d-9001-6678f3778837-groupManagement] INFO  server.RaftServerConfigKeys (ConfUtils.java:logGet(46)) - raft.server.log.preallocated.size = 16384 (custom)
2023-06-22 13:17:01,662 [fa3625a9-0e11-4f6d-9001-6678f3778837-groupManagement] INFO  server.RaftServerConfigKeys (ConfUtils.java:logGet(46)) - raft.server.log.force.sync.num = 128 (default)
2023-06-22 13:17:01,662 [fa3625a9-0e11-4f6d-9001-6678f3778837-groupManagement] INFO  server.RaftServerConfigKeys (ConfUtils.java:logGet(46)) - raft.server.log.statemachine.data.sync = true (default)
2023-06-22 13:17:01,662 [fa3625a9-0e11-4f6d-9001-6678f3778837-groupManagement] INFO  server.RaftServerConfigKeys (ConfUtils.java:logGet(46)) - raft.server.log.statemachine.data.sync.timeout = 10s (default)
2023-06-22 13:17:01,662 [fa3625a9-0e11-4f6d-9001-6678f3778837-groupManagement] INFO  server.RaftServerConfigKeys (ConfUtils.java:logGet(46)) - raft.server.log.statemachine.data.sync.timeout.retry = -1 (default)
2023-06-22 13:17:01,663 [fa3625a9-0e11-4f6d-9001-6678f3778837-groupManagement] INFO  server.RaftServerConfigKeys (ConfUtils.java:logGet(46)) - raft.server.log.write.buffer.size = 1048576 (custom)
2023-06-22 13:17:01,664 [fa3625a9-0e11-4f6d-9001-6678f3778837-groupManagement] INFO  server.RaftServerConfigKeys (ConfUtils.java:logGet(46)) - raft.server.log.appender.buffer.byte-limit = 33554432 (custom)
2023-06-22 13:17:01,667 [fa3625a9-0e11-4f6d-9001-6678f3778837-groupManagement] INFO  server.RaftServerConfigKeys (ConfUtils.java:logGet(46)) - raft.server.log.unsafe-flush.enabled = false (default)
2023-06-22 13:17:01,667 [fa3625a9-0e11-4f6d-9001-6678f3778837-groupManagement] INFO  server.RaftServerConfigKeys (ConfUtils.java:logGet(46)) - raft.server.log.async-flush.enabled = false (default)
2023-06-22 13:17:01,667 [fa3625a9-0e11-4f6d-9001-6678f3778837-groupManagement] INFO  server.RaftServerConfigKeys (ConfUtils.java:logGet(46)) - raft.server.log.statemachine.data.caching.enabled = true (custom)
2023-06-22 13:17:01,667 [fa3625a9-0e11-4f6d-9001-6678f3778837-groupManagement] INFO  segmented.SegmentedRaftLogWorker (SegmentedRaftLogWorker.java:lambda$new$0(135)) - fa3625a9-0e11-4f6d-9001-6678f3778837@group-BCA38DC452F0-SegmentedRaftLogWorker: flushIndex: setUnconditionally 0 -> -1
2023-06-22 13:17:01,667 [fa3625a9-0e11-4f6d-9001-6678f3778837-groupManagement] INFO  segmented.SegmentedRaftLogWorker (SegmentedRaftLogWorker.java:lambda$new$0(135)) - fa3625a9-0e11-4f6d-9001-6678f3778837@group-BCA38DC452F0-SegmentedRaftLogWorker: safeCacheEvictIndex: setUnconditionally 0 -> -1
2023-06-22 13:17:01,671 [fa3625a9-0e11-4f6d-9001-6678f3778837-groupManagement] INFO  server.RaftServer$Division (RaftServerImpl.java:start(342)) - fa3625a9-0e11-4f6d-9001-6678f3778837@group-BCA38DC452F0: start as a follower, conf=-1: peers:[814a2953-5a54-4816-82bb-cea6b8923059|rpc:10.1.0.30:15014|admin:10.1.0.30:15013|client:10.1.0.30:15012|dataStream:10.1.0.30:15015|priority:0|startupRole:FOLLOWER, fb1e6b4b-5f0b-4936-8f17-bb7e415b5287|rpc:10.1.0.30:15032|admin:10.1.0.30:15031|client:10.1.0.30:15030|dataStream:10.1.0.30:15033|priority:1|startupRole:FOLLOWER, fa3625a9-0e11-4f6d-9001-6678f3778837|rpc:10.1.0.30:15023|admin:10.1.0.30:15022|client:10.1.0.30:15021|dataStream:10.1.0.30:15024|priority:0|startupRole:FOLLOWER]|listeners:[], old=null
2023-06-22 13:17:01,671 [fa3625a9-0e11-4f6d-9001-6678f3778837-groupManagement] INFO  server.RaftServer$Division (RaftServerImpl.java:setRole(329)) - fa3625a9-0e11-4f6d-9001-6678f3778837@group-BCA38DC452F0: changes role from      null to FOLLOWER at term 0 for startAsFollower
2023-06-22 13:17:01,671 [fa3625a9-0e11-4f6d-9001-6678f3778837-groupManagement] INFO  impl.RoleInfo (RoleInfo.java:updateAndGet(139)) - fa3625a9-0e11-4f6d-9001-6678f3778837: start fa3625a9-0e11-4f6d-9001-6678f3778837@group-BCA38DC452F0-FollowerState
2023-06-22 13:17:01,671 [fa3625a9-0e11-4f6d-9001-6678f3778837-groupManagement] INFO  util.JmxRegister (JmxRegister.java:tryRegister(44)) - Successfully registered JMX Bean with object name Ratis:service=RaftServer,group=group-BCA38DC452F0,id=fa3625a9-0e11-4f6d-9001-6678f3778837
2023-06-22 13:17:01,671 [fa3625a9-0e11-4f6d-9001-6678f3778837-groupManagement] INFO  server.RaftServerConfigKeys (ConfUtils.java:logGet(46)) - raft.server.snapshot.auto.trigger.enabled = true (custom)
2023-06-22 13:17:01,671 [fa3625a9-0e11-4f6d-9001-6678f3778837-groupManagement] INFO  server.RaftServerConfigKeys (ConfUtils.java:logGet(46)) - raft.server.snapshot.auto.trigger.threshold = 10000 (custom)
2023-06-22 13:17:01,671 [fa3625a9-0e11-4f6d-9001-6678f3778837-groupManagement] INFO  server.RaftServerConfigKeys (ConfUtils.java:logGet(46)) - raft.server.snapshot.retention.file.num = 5 (custom)
2023-06-22 13:17:01,671 [fa3625a9-0e11-4f6d-9001-6678f3778837-groupManagement] INFO  server.RaftServerConfigKeys (ConfUtils.java:logGet(46)) - raft.server.log.purge.upto.snapshot.index = false (default)
2023-06-22 13:17:01,672 [PipelineCommandHandlerThread-0] INFO  commandhandler.CreatePipelineCommandHandler (CreatePipelineCommandHandler.java:lambda$handle$2(124)) - Created Pipeline RATIS THREE PipelineID=59665af5-57fe-4c3c-b082-7575f418cf9a.
2023-06-22 13:17:01,673 [PipelineCommandHandlerThread-0] INFO  server.RaftServer (RaftServerProxy.java:addNew(98)) - 814a2953-5a54-4816-82bb-cea6b8923059: addNew group-BCA38DC452F0:[814a2953-5a54-4816-82bb-cea6b8923059|rpc:10.1.0.30:15014|admin:10.1.0.30:15013|client:10.1.0.30:15012|dataStream:10.1.0.30:15015|priority:0|startupRole:FOLLOWER, fb1e6b4b-5f0b-4936-8f17-bb7e415b5287|rpc:10.1.0.30:15032|admin:10.1.0.30:15031|client:10.1.0.30:15030|dataStream:10.1.0.30:15033|priority:1|startupRole:FOLLOWER, fa3625a9-0e11-4f6d-9001-6678f3778837|rpc:10.1.0.30:15023|admin:10.1.0.30:15022|client:10.1.0.30:15021|dataStream:10.1.0.30:15024|priority:0|startupRole:FOLLOWER] returns group-BCA38DC452F0:java.util.concurrent.CompletableFuture@4adc5967[Not completed]
2023-06-22 13:17:01,674 [814a2953-5a54-4816-82bb-cea6b8923059-groupManagement] INFO  server.RaftServer$Division (RaftServerImpl.java:<init>(198)) - 814a2953-5a54-4816-82bb-cea6b8923059: new RaftServerImpl for group-BCA38DC452F0:[814a2953-5a54-4816-82bb-cea6b8923059|rpc:10.1.0.30:15014|admin:10.1.0.30:15013|client:10.1.0.30:15012|dataStream:10.1.0.30:15015|priority:0|startupRole:FOLLOWER, fb1e6b4b-5f0b-4936-8f17-bb7e415b5287|rpc:10.1.0.30:15032|admin:10.1.0.30:15031|client:10.1.0.30:15030|dataStream:10.1.0.30:15033|priority:1|startupRole:FOLLOWER, fa3625a9-0e11-4f6d-9001-6678f3778837|rpc:10.1.0.30:15023|admin:10.1.0.30:15022|client:10.1.0.30:15021|dataStream:10.1.0.30:15024|priority:0|startupRole:FOLLOWER] with ContainerStateMachine:uninitialized
2023-06-22 13:17:01,674 [814a2953-5a54-4816-82bb-cea6b8923059-groupManagement] INFO  server.RaftServerConfigKeys (ConfUtils.java:logGet(46)) - raft.server.rpc.timeout.min = 5s (custom)
2023-06-22 13:17:01,674 [814a2953-5a54-4816-82bb-cea6b8923059-groupManagement] INFO  server.RaftServerConfigKeys (ConfUtils.java:logGet(46)) - raft.server.rpc.timeout.max = 5200ms (custom)
2023-06-22 13:17:01,674 [814a2953-5a54-4816-82bb-cea6b8923059-groupManagement] INFO  server.RaftServerConfigKeys (ConfUtils.java:logGet(46)) - raft.server.rpc.sleep.time = 25ms (default)
2023-06-22 13:17:01,674 [814a2953-5a54-4816-82bb-cea6b8923059-groupManagement] INFO  server.RaftServerConfigKeys (ConfUtils.java:logGet(46)) - raft.server.rpc.slowness.timeout = 300s (custom)
2023-06-22 13:17:01,674 [814a2953-5a54-4816-82bb-cea6b8923059-groupManagement] INFO  server.RaftServerConfigKeys (ConfUtils.java:logGet(46)) - raft.server.leaderelection.leader.step-down.wait-time = 10s (default)
2023-06-22 13:17:01,674 [814a2953-5a54-4816-82bb-cea6b8923059-groupManagement] INFO  server.RaftServerConfigKeys (ConfUtils.java:logGet(46)) - raft.server.sleep.deviation.threshold = 300ms (default)
2023-06-22 13:17:01,675 [814a2953-5a54-4816-82bb-cea6b8923059-groupManagement] INFO  server.RaftServer$Division (ServerState.java:<init>(120)) - 814a2953-5a54-4816-82bb-cea6b8923059@group-BCA38DC452F0: ConfigurationManager, init=-1: peers:[814a2953-5a54-4816-82bb-cea6b8923059|rpc:10.1.0.30:15014|admin:10.1.0.30:15013|client:10.1.0.30:15012|dataStream:10.1.0.30:15015|priority:0|startupRole:FOLLOWER, fb1e6b4b-5f0b-4936-8f17-bb7e415b5287|rpc:10.1.0.30:15032|admin:10.1.0.30:15031|client:10.1.0.30:15030|dataStream:10.1.0.30:15033|priority:1|startupRole:FOLLOWER, fa3625a9-0e11-4f6d-9001-6678f3778837|rpc:10.1.0.30:15023|admin:10.1.0.30:15022|client:10.1.0.30:15021|dataStream:10.1.0.30:15024|priority:0|startupRole:FOLLOWER]|listeners:[], old=null, confs=<EMPTY_MAP>
2023-06-22 13:17:01,675 [814a2953-5a54-4816-82bb-cea6b8923059-groupManagement] INFO  server.RaftServerConfigKeys (ConfUtils.java:logGet(46)) - raft.server.storage.dir = [/home/runner/work/ozone/ozone/hadoop-ozone/integration-test/target/test-dir/MiniOzoneClusterImpl-0c9ac019-7194-482d-81d1-9ca5b99c70d1/datanode-0/data/ratis] (custom)
2023-06-22 13:17:01,675 [814a2953-5a54-4816-82bb-cea6b8923059-groupManagement] INFO  server.RaftServerConfigKeys (ConfUtils.java:logGet(46)) - raft.server.log.corruption.policy = EXCEPTION (default)
2023-06-22 13:17:01,675 [814a2953-5a54-4816-82bb-cea6b8923059-groupManagement] INFO  server.RaftServerConfigKeys (ConfUtils.java:logGet(46)) - raft.server.storage.free-space.min = 0MB (=0) (default)
2023-06-22 13:17:01,675 [814a2953-5a54-4816-82bb-cea6b8923059-groupManagement] INFO  server.RaftServerConfigKeys (ConfUtils.java:logGet(46)) - raft.server.notification.no-leader.timeout = 300s (custom)
2023-06-22 13:17:01,675 [814a2953-5a54-4816-82bb-cea6b8923059-groupManagement] INFO  server.RaftServerConfigKeys (ConfUtils.java:logGet(46)) - raft.server.read.timeout = 10s (default)
2023-06-22 13:17:01,675 [814a2953-5a54-4816-82bb-cea6b8923059-groupManagement] INFO  server.RaftServerConfigKeys (ConfUtils.java:logGet(46)) - raft.server.retrycache.expirytime = 600000ms (custom)
2023-06-22 13:17:01,675 [814a2953-5a54-4816-82bb-cea6b8923059-groupManagement] INFO  server.RaftServerConfigKeys (ConfUtils.java:logGet(46)) - raft.server.retrycache.statistics.expirytime = 100μs (default)
2023-06-22 13:17:01,675 [814a2953-5a54-4816-82bb-cea6b8923059-groupManagement] INFO  server.RaftServerConfigKeys (ConfUtils.java:logGet(46)) - raft.server.read.option = DEFAULT (default)
2023-06-22 13:17:01,676 [814a2953-5a54-4816-82bb-cea6b8923059-groupManagement] INFO  server.RaftServerConfigKeys (ConfUtils.java:logGet(46)) - raft.server.rpc.request.timeout = 60s (custom)
2023-06-22 13:17:01,676 [814a2953-5a54-4816-82bb-cea6b8923059-groupManagement] INFO  server.RaftServerConfigKeys (ConfUtils.java:logGet(46)) - raft.server.log.appender.install.snapshot.enabled = false (custom)
2023-06-22 13:17:01,676 [814a2953-5a54-4816-82bb-cea6b8923059-groupManagement] INFO  server.RaftServerConfigKeys (ConfUtils.java:logGet(46)) - raft.server.threadpool.server.cached = true (default)
2023-06-22 13:17:01,676 [814a2953-5a54-4816-82bb-cea6b8923059-groupManagement] INFO  server.RaftServerConfigKeys (ConfUtils.java:logGet(46)) - raft.server.threadpool.server.size = 0 (default)
2023-06-22 13:17:01,676 [814a2953-5a54-4816-82bb-cea6b8923059-groupManagement] INFO  server.RaftServerConfigKeys (ConfUtils.java:logGet(46)) - raft.server.threadpool.client.cached = true (default)
2023-06-22 13:17:01,676 [814a2953-5a54-4816-82bb-cea6b8923059-groupManagement] INFO  server.RaftServerConfigKeys (ConfUtils.java:logGet(46)) - raft.server.threadpool.client.size = 0 (default)
2023-06-22 13:17:01,676 [814a2953-5a54-4816-82bb-cea6b8923059-groupManagement] INFO  storage.RaftStorageDirectory (RaftStorageDirectoryImpl.java:analyzeStorage(137)) - The storage directory /home/runner/work/ozone/ozone/hadoop-ozone/integration-test/target/test-dir/MiniOzoneClusterImpl-0c9ac019-7194-482d-81d1-9ca5b99c70d1/datanode-0/data/ratis/c6c338fa-eff6-4c19-a22d-bca38dc452f0 does not exist. Creating ...
2023-06-22 13:17:01,678 [814a2953-5a54-4816-82bb-cea6b8923059-groupManagement] INFO  storage.RaftStorageDirectory (RaftStorageDirectoryImpl.java:tryLock(231)) - Lock on /home/runner/work/ozone/ozone/hadoop-ozone/integration-test/target/test-dir/MiniOzoneClusterImpl-0c9ac019-7194-482d-81d1-9ca5b99c70d1/datanode-0/data/ratis/c6c338fa-eff6-4c19-a22d-bca38dc452f0/in_use.lock acquired by nodename 40864@fv-az208-208
2023-06-22 13:17:01,680 [fa3625a9-0e11-4f6d-9001-6678f3778837@group-BCA38DC452F0-FollowerState] INFO  server.RaftServerConfigKeys (ConfUtils.java:logFallback(53)) - raft.server.rpc.first-election.timeout.min = 5s (fallback to raft.server.rpc.timeout.min)
2023-06-22 13:17:01,680 [814a2953-5a54-4816-82bb-cea6b8923059-groupManagement] INFO  storage.RaftStorage (RaftStorageImpl.java:format(96)) - Storage directory /home/runner/work/ozone/ozone/hadoop-ozone/integration-test/target/test-dir/MiniOzoneClusterImpl-0c9ac019-7194-482d-81d1-9ca5b99c70d1/datanode-0/data/ratis/c6c338fa-eff6-4c19-a22d-bca38dc452f0 has been successfully formatted.
2023-06-22 13:17:01,681 [814a2953-5a54-4816-82bb-cea6b8923059-groupManagement] INFO  ratis.ContainerStateMachine (ContainerStateMachine.java:loadSnapshot(262)) - group-BCA38DC452F0: The snapshot info is null. Setting the last applied indexto:(t:0, i:~)
2023-06-22 13:17:01,681 [814a2953-5a54-4816-82bb-cea6b8923059-groupManagement] INFO  server.RaftServerConfigKeys (ConfUtils.java:logGet(46)) - raft.server.log.use.memory = false (default)
2023-06-22 13:17:01,681 [814a2953-5a54-4816-82bb-cea6b8923059-groupManagement] INFO  server.RaftServerConfigKeys (ConfUtils.java:logGet(46)) - raft.server.log.purge.gap = 1000000 (custom)
2023-06-22 13:17:01,681 [814a2953-5a54-4816-82bb-cea6b8923059-groupManagement] INFO  server.RaftServerConfigKeys (ConfUtils.java:logGet(46)) - raft.server.log.appender.buffer.byte-limit = 33554432 (custom)
2023-06-22 13:17:01,681 [814a2953-5a54-4816-82bb-cea6b8923059-groupManagement] INFO  server.RaftServerConfigKeys (ConfUtils.java:logGet(46)) - raft.server.log.statemachine.data.read.timeout = 1000ms (default)
2023-06-22 13:17:01,680 [PipelineCommandHandlerThread-0] INFO  ratis.XceiverServerRatis (XceiverServerRatis.java:addGroup(804)) - Created group PipelineID=c6c338fa-eff6-4c19-a22d-bca38dc452f0
2023-06-22 13:17:01,684 [814a2953-5a54-4816-82bb-cea6b8923059-groupManagement] INFO  server.RaftServerConfigKeys (ConfUtils.java:logGet(46)) - raft.server.log.purge.preservation.log.num = 0 (default)
2023-06-22 13:17:01,684 [814a2953-5a54-4816-82bb-cea6b8923059-groupManagement] INFO  server.RaftServerConfigKeys (ConfUtils.java:logGet(46)) - raft.server.log.segment.size.max = 1048576 (custom)
2023-06-22 13:17:01,685 [814a2953-5a54-4816-82bb-cea6b8923059-groupManagement] INFO  server.RaftServerConfigKeys (ConfUtils.java:logGet(46)) - raft.server.log.segment.cache.num.max = 2 (custom)
2023-06-22 13:17:01,685 [814a2953-5a54-4816-82bb-cea6b8923059-groupManagement] INFO  server.RaftServerConfigKeys (ConfUtils.java:logGet(46)) - raft.server.log.segment.cache.size.max = 200MB (=209715200) (default)
2023-06-22 13:17:01,685 [814a2953-5a54-4816-82bb-cea6b8923059-groupManagement] INFO  server.RaftServerConfigKeys (ConfUtils.java:logGet(46)) - raft.server.log.appender.buffer.byte-limit = 33554432 (custom)
2023-06-22 13:17:01,685 [814a2953-5a54-4816-82bb-cea6b8923059-groupManagement] INFO  segmented.SegmentedRaftLogWorker (SegmentedRaftLogWorker.java:<init>(188)) - new 814a2953-5a54-4816-82bb-cea6b8923059@group-BCA38DC452F0-SegmentedRaftLogWorker for RaftStorageImpl:Storage Directory /home/runner/work/ozone/ozone/hadoop-ozone/integration-test/target/test-dir/MiniOzoneClusterImpl-0c9ac019-7194-482d-81d1-9ca5b99c70d1/datanode-0/data/ratis/c6c338fa-eff6-4c19-a22d-bca38dc452f0
2023-06-22 13:17:01,685 [814a2953-5a54-4816-82bb-cea6b8923059-groupManagement] INFO  server.RaftServerConfigKeys (ConfUtils.java:logGet(46)) - raft.server.log.queue.byte-limit = 4294967296 (custom)
2023-06-22 13:17:01,685 [814a2953-5a54-4816-82bb-cea6b8923059-groupManagement] INFO  server.RaftServerConfigKeys (ConfUtils.java:logGet(46)) - raft.server.log.queue.element-limit = 1024 (custom)
2023-06-22 13:17:01,685 [814a2953-5a54-4816-82bb-cea6b8923059-groupManagement] INFO  server.RaftServerConfigKeys (ConfUtils.java:logGet(46)) - raft.server.log.segment.size.max = 1048576 (custom)
2023-06-22 13:17:01,685 [814a2953-5a54-4816-82bb-cea6b8923059-groupManagement] INFO  server.RaftServerConfigKeys (ConfUtils.java:logGet(46)) - raft.server.log.preallocated.size = 16384 (custom)
2023-06-22 13:17:01,685 [814a2953-5a54-4816-82bb-cea6b8923059-groupManagement] INFO  server.RaftServerConfigKeys (ConfUtils.java:logGet(46)) - raft.server.log.force.sync.num = 128 (default)
2023-06-22 13:17:01,685 [814a2953-5a54-4816-82bb-cea6b8923059-groupManagement] INFO  server.RaftServerConfigKeys (ConfUtils.java:logGet(46)) - raft.server.log.statemachine.data.sync = true (default)
2023-06-22 13:17:01,685 [814a2953-5a54-4816-82bb-cea6b8923059-groupManagement] INFO  server.RaftServerConfigKeys (ConfUtils.java:logGet(46)) - raft.server.log.statemachine.data.sync.timeout = 10s (default)
2023-06-22 13:17:01,685 [814a2953-5a54-4816-82bb-cea6b8923059-groupManagement] INFO  server.RaftServerConfigKeys (ConfUtils.java:logGet(46)) - raft.server.log.statemachine.data.sync.timeout.retry = -1 (default)
2023-06-22 13:17:01,686 [814a2953-5a54-4816-82bb-cea6b8923059-groupManagement] INFO  server.RaftServerConfigKeys (ConfUtils.java:logGet(46)) - raft.server.log.write.buffer.size = 1048576 (custom)
2023-06-22 13:17:01,686 [814a2953-5a54-4816-82bb-cea6b8923059-groupManagement] INFO  server.RaftServerConfigKeys (ConfUtils.java:logGet(46)) - raft.server.log.appender.buffer.byte-limit = 33554432 (custom)
2023-06-22 13:17:01,690 [814a2953-5a54-4816-82bb-cea6b8923059-groupManagement] INFO  server.RaftServerConfigKeys (ConfUtils.java:logGet(46)) - raft.server.log.unsafe-flush.enabled = false (default)
2023-06-22 13:17:01,690 [814a2953-5a54-4816-82bb-cea6b8923059-groupManagement] INFO  server.RaftServerConfigKeys (ConfUtils.java:logGet(46)) - raft.server.log.async-flush.enabled = false (default)
2023-06-22 13:17:01,690 [814a2953-5a54-4816-82bb-cea6b8923059-groupManagement] INFO  server.RaftServerConfigKeys (ConfUtils.java:logGet(46)) - raft.server.log.statemachine.data.caching.enabled = true (custom)
2023-06-22 13:17:01,690 [814a2953-5a54-4816-82bb-cea6b8923059-groupManagement] INFO  segmented.SegmentedRaftLogWorker (SegmentedRaftLogWorker.java:lambda$new$0(135)) - 814a2953-5a54-4816-82bb-cea6b8923059@group-BCA38DC452F0-SegmentedRaftLogWorker: flushIndex: setUnconditionally 0 -> -1
2023-06-22 13:17:01,690 [814a2953-5a54-4816-82bb-cea6b8923059-groupManagement] INFO  segmented.SegmentedRaftLogWorker (SegmentedRaftLogWorker.java:lambda$new$0(135)) - 814a2953-5a54-4816-82bb-cea6b8923059@group-BCA38DC452F0-SegmentedRaftLogWorker: safeCacheEvictIndex: setUnconditionally 0 -> -1
2023-06-22 13:17:01,690 [814a2953-5a54-4816-82bb-cea6b8923059-groupManagement] INFO  server.RaftServer$Division (RaftServerImpl.java:start(342)) - 814a2953-5a54-4816-82bb-cea6b8923059@group-BCA38DC452F0: start as a follower, conf=-1: peers:[814a2953-5a54-4816-82bb-cea6b8923059|rpc:10.1.0.30:15014|admin:10.1.0.30:15013|client:10.1.0.30:15012|dataStream:10.1.0.30:15015|priority:0|startupRole:FOLLOWER, fb1e6b4b-5f0b-4936-8f17-bb7e415b5287|rpc:10.1.0.30:15032|admin:10.1.0.30:15031|client:10.1.0.30:15030|dataStream:10.1.0.30:15033|priority:1|startupRole:FOLLOWER, fa3625a9-0e11-4f6d-9001-6678f3778837|rpc:10.1.0.30:15023|admin:10.1.0.30:15022|client:10.1.0.30:15021|dataStream:10.1.0.30:15024|priority:0|startupRole:FOLLOWER]|listeners:[], old=null
2023-06-22 13:17:01,692 [814a2953-5a54-4816-82bb-cea6b8923059-groupManagement] INFO  server.RaftServer$Division (RaftServerImpl.java:setRole(329)) - 814a2953-5a54-4816-82bb-cea6b8923059@group-BCA38DC452F0: changes role from      null to FOLLOWER at term 0 for startAsFollower
2023-06-22 13:17:01,692 [814a2953-5a54-4816-82bb-cea6b8923059-groupManagement] INFO  impl.RoleInfo (RoleInfo.java:updateAndGet(139)) - 814a2953-5a54-4816-82bb-cea6b8923059: start 814a2953-5a54-4816-82bb-cea6b8923059@group-BCA38DC452F0-FollowerState
2023-06-22 13:17:01,692 [EventQueue-OpenPipelineForHealthyPipelineSafeModeRule] INFO  safemode.SCMSafeModeManager (HealthyPipelineSafeModeRule.java:process(137)) - SCM in safe mode. Healthy pipelines reported count is 0, required healthy pipeline reported count is 1
2023-06-22 13:17:01,690 [fa3625a9-0e11-4f6d-9001-6678f3778837@group-BCA38DC452F0-FollowerState] INFO  server.RaftServerConfigKeys (ConfUtils.java:logFallback(53)) - raft.server.rpc.first-election.timeout.max = 5200ms (fallback to raft.server.rpc.timeout.max)
2023-06-22 13:17:01,694 [814a2953-5a54-4816-82bb-cea6b8923059-groupManagement] INFO  util.JmxRegister (JmxRegister.java:tryRegister(44)) - Successfully registered JMX Bean with object name Ratis:service=RaftServer,group=group-BCA38DC452F0,id=814a2953-5a54-4816-82bb-cea6b8923059
2023-06-22 13:17:01,701 [814a2953-5a54-4816-82bb-cea6b8923059-groupManagement] INFO  server.RaftServerConfigKeys (ConfUtils.java:logGet(46)) - raft.server.snapshot.auto.trigger.enabled = true (custom)
2023-06-22 13:17:01,701 [814a2953-5a54-4816-82bb-cea6b8923059-groupManagement] INFO  server.RaftServerConfigKeys (ConfUtils.java:logGet(46)) - raft.server.snapshot.auto.trigger.threshold = 10000 (custom)
2023-06-22 13:17:01,701 [814a2953-5a54-4816-82bb-cea6b8923059-groupManagement] INFO  server.RaftServerConfigKeys (ConfUtils.java:logGet(46)) - raft.server.snapshot.retention.file.num = 5 (custom)
2023-06-22 13:17:01,701 [814a2953-5a54-4816-82bb-cea6b8923059-groupManagement] INFO  server.RaftServerConfigKeys (ConfUtils.java:logGet(46)) - raft.server.log.purge.upto.snapshot.index = false (default)
2023-06-22 13:17:01,702 [814a2953-5a54-4816-82bb-cea6b8923059@group-BCA38DC452F0-FollowerState] INFO  server.RaftServerConfigKeys (ConfUtils.java:logFallback(53)) - raft.server.rpc.first-election.timeout.min = 5s (fallback to raft.server.rpc.timeout.min)
2023-06-22 13:17:01,702 [814a2953-5a54-4816-82bb-cea6b8923059@group-BCA38DC452F0-FollowerState] INFO  server.RaftServerConfigKeys (ConfUtils.java:logFallback(53)) - raft.server.rpc.first-election.timeout.max = 5200ms (fallback to raft.server.rpc.timeout.max)
2023-06-22 13:17:01,711 [PipelineCommandHandlerThread-0] INFO  ratis.XceiverServerRatis (XceiverServerRatis.java:addGroup(804)) - Created group PipelineID=c6c338fa-eff6-4c19-a22d-bca38dc452f0
2023-06-22 13:17:01,722 [grpc-default-executor-0] INFO  server.RaftServer (RaftServerProxy.java:addNew(98)) - fb1e6b4b-5f0b-4936-8f17-bb7e415b5287: addNew group-BCA38DC452F0:[814a2953-5a54-4816-82bb-cea6b8923059|rpc:10.1.0.30:15014|admin:10.1.0.30:15013|client:10.1.0.30:15012|dataStream:10.1.0.30:15015|priority:0|startupRole:FOLLOWER, fb1e6b4b-5f0b-4936-8f17-bb7e415b5287|rpc:10.1.0.30:15032|admin:10.1.0.30:15031|client:10.1.0.30:15030|dataStream:10.1.0.30:15033|priority:1|startupRole:FOLLOWER, fa3625a9-0e11-4f6d-9001-6678f3778837|rpc:10.1.0.30:15023|admin:10.1.0.30:15022|client:10.1.0.30:15021|dataStream:10.1.0.30:15024|priority:0|startupRole:FOLLOWER] returns group-BCA38DC452F0:java.util.concurrent.CompletableFuture@240efabb[Not completed]
2023-06-22 13:17:01,723 [fb1e6b4b-5f0b-4936-8f17-bb7e415b5287-groupManagement] INFO  server.RaftServer$Division (RaftServerImpl.java:<init>(198)) - fb1e6b4b-5f0b-4936-8f17-bb7e415b5287: new RaftServerImpl for group-BCA38DC452F0:[814a2953-5a54-4816-82bb-cea6b8923059|rpc:10.1.0.30:15014|admin:10.1.0.30:15013|client:10.1.0.30:15012|dataStream:10.1.0.30:15015|priority:0|startupRole:FOLLOWER, fb1e6b4b-5f0b-4936-8f17-bb7e415b5287|rpc:10.1.0.30:15032|admin:10.1.0.30:15031|client:10.1.0.30:15030|dataStream:10.1.0.30:15033|priority:1|startupRole:FOLLOWER, fa3625a9-0e11-4f6d-9001-6678f3778837|rpc:10.1.0.30:15023|admin:10.1.0.30:15022|client:10.1.0.30:15021|dataStream:10.1.0.30:15024|priority:0|startupRole:FOLLOWER] with ContainerStateMachine:uninitialized
2023-06-22 13:17:01,723 [fb1e6b4b-5f0b-4936-8f17-bb7e415b5287-groupManagement] INFO  server.RaftServerConfigKeys (ConfUtils.java:logGet(46)) - raft.server.rpc.timeout.min = 5s (custom)
2023-06-22 13:17:01,723 [fb1e6b4b-5f0b-4936-8f17-bb7e415b5287-groupManagement] INFO  server.RaftServerConfigKeys (ConfUtils.java:logGet(46)) - raft.server.rpc.timeout.max = 5200ms (custom)
2023-06-22 13:17:01,723 [fb1e6b4b-5f0b-4936-8f17-bb7e415b5287-groupManagement] INFO  server.RaftServerConfigKeys (ConfUtils.java:logGet(46)) - raft.server.rpc.sleep.time = 25ms (default)
2023-06-22 13:17:01,723 [fb1e6b4b-5f0b-4936-8f17-bb7e415b5287-groupManagement] INFO  server.RaftServerConfigKeys (ConfUtils.java:logGet(46)) - raft.server.rpc.slowness.timeout = 300s (custom)
2023-06-22 13:17:01,723 [fb1e6b4b-5f0b-4936-8f17-bb7e415b5287-groupManagement] INFO  server.RaftServerConfigKeys (ConfUtils.java:logGet(46)) - raft.server.leaderelection.leader.step-down.wait-time = 10s (default)
2023-06-22 13:17:01,723 [fb1e6b4b-5f0b-4936-8f17-bb7e415b5287-groupManagement] INFO  server.RaftServerConfigKeys (ConfUtils.java:logGet(46)) - raft.server.sleep.deviation.threshold = 300ms (default)
2023-06-22 13:17:01,723 [fb1e6b4b-5f0b-4936-8f17-bb7e415b5287-groupManagement] INFO  server.RaftServer$Division (ServerState.java:<init>(120)) - fb1e6b4b-5f0b-4936-8f17-bb7e415b5287@group-BCA38DC452F0: ConfigurationManager, init=-1: peers:[814a2953-5a54-4816-82bb-cea6b8923059|rpc:10.1.0.30:15014|admin:10.1.0.30:15013|client:10.1.0.30:15012|dataStream:10.1.0.30:15015|priority:0|startupRole:FOLLOWER, fb1e6b4b-5f0b-4936-8f17-bb7e415b5287|rpc:10.1.0.30:15032|admin:10.1.0.30:15031|client:10.1.0.30:15030|dataStream:10.1.0.30:15033|priority:1|startupRole:FOLLOWER, fa3625a9-0e11-4f6d-9001-6678f3778837|rpc:10.1.0.30:15023|admin:10.1.0.30:15022|client:10.1.0.30:15021|dataStream:10.1.0.30:15024|priority:0|startupRole:FOLLOWER]|listeners:[], old=null, confs=<EMPTY_MAP>
2023-06-22 13:17:01,723 [fb1e6b4b-5f0b-4936-8f17-bb7e415b5287-groupManagement] INFO  server.RaftServerConfigKeys (ConfUtils.java:logGet(46)) - raft.server.storage.dir = [/home/runner/work/ozone/ozone/hadoop-ozone/integration-test/target/test-dir/MiniOzoneClusterImpl-0c9ac019-7194-482d-81d1-9ca5b99c70d1/datanode-2/data/ratis] (custom)
2023-06-22 13:17:01,723 [fb1e6b4b-5f0b-4936-8f17-bb7e415b5287-groupManagement] INFO  server.RaftServerConfigKeys (ConfUtils.java:logGet(46)) - raft.server.log.corruption.policy = EXCEPTION (default)
2023-06-22 13:17:01,724 [fb1e6b4b-5f0b-4936-8f17-bb7e415b5287-groupManagement] INFO  server.RaftServerConfigKeys (ConfUtils.java:logGet(46)) - raft.server.storage.free-space.min = 0MB (=0) (default)
2023-06-22 13:17:01,724 [fb1e6b4b-5f0b-4936-8f17-bb7e415b5287-groupManagement] INFO  server.RaftServerConfigKeys (ConfUtils.java:logGet(46)) - raft.server.notification.no-leader.timeout = 300s (custom)
2023-06-22 13:17:01,724 [fb1e6b4b-5f0b-4936-8f17-bb7e415b5287-groupManagement] INFO  server.RaftServerConfigKeys (ConfUtils.java:logGet(46)) - raft.server.read.timeout = 10s (default)
2023-06-22 13:17:01,724 [fb1e6b4b-5f0b-4936-8f17-bb7e415b5287-groupManagement] INFO  server.RaftServerConfigKeys (ConfUtils.java:logGet(46)) - raft.server.retrycache.expirytime = 600000ms (custom)
2023-06-22 13:17:01,724 [fb1e6b4b-5f0b-4936-8f17-bb7e415b5287-groupManagement] INFO  server.RaftServerConfigKeys (ConfUtils.java:logGet(46)) - raft.server.retrycache.statistics.expirytime = 100μs (default)
2023-06-22 13:17:01,724 [fb1e6b4b-5f0b-4936-8f17-bb7e415b5287-groupManagement] INFO  server.RaftServerConfigKeys (ConfUtils.java:logGet(46)) - raft.server.read.option = DEFAULT (default)
2023-06-22 13:17:01,725 [fb1e6b4b-5f0b-4936-8f17-bb7e415b5287-groupManagement] INFO  server.RaftServerConfigKeys (ConfUtils.java:logGet(46)) - raft.server.rpc.request.timeout = 60s (custom)
2023-06-22 13:17:01,725 [fb1e6b4b-5f0b-4936-8f17-bb7e415b5287-groupManagement] INFO  server.RaftServerConfigKeys (ConfUtils.java:logGet(46)) - raft.server.log.appender.install.snapshot.enabled = false (custom)
2023-06-22 13:17:01,725 [fb1e6b4b-5f0b-4936-8f17-bb7e415b5287-groupManagement] INFO  server.RaftServerConfigKeys (ConfUtils.java:logGet(46)) - raft.server.threadpool.server.cached = true (default)
2023-06-22 13:17:01,725 [fb1e6b4b-5f0b-4936-8f17-bb7e415b5287-groupManagement] INFO  server.RaftServerConfigKeys (ConfUtils.java:logGet(46)) - raft.server.threadpool.server.size = 0 (default)
2023-06-22 13:17:01,725 [fb1e6b4b-5f0b-4936-8f17-bb7e415b5287-groupManagement] INFO  server.RaftServerConfigKeys (ConfUtils.java:logGet(46)) - raft.server.threadpool.client.cached = true (default)
2023-06-22 13:17:01,725 [fb1e6b4b-5f0b-4936-8f17-bb7e415b5287-groupManagement] INFO  server.RaftServerConfigKeys (ConfUtils.java:logGet(46)) - raft.server.threadpool.client.size = 0 (default)
2023-06-22 13:17:01,725 [fb1e6b4b-5f0b-4936-8f17-bb7e415b5287-groupManagement] INFO  storage.RaftStorageDirectory (RaftStorageDirectoryImpl.java:analyzeStorage(137)) - The storage directory /home/runner/work/ozone/ozone/hadoop-ozone/integration-test/target/test-dir/MiniOzoneClusterImpl-0c9ac019-7194-482d-81d1-9ca5b99c70d1/datanode-2/data/ratis/c6c338fa-eff6-4c19-a22d-bca38dc452f0 does not exist. Creating ...
2023-06-22 13:17:01,727 [fb1e6b4b-5f0b-4936-8f17-bb7e415b5287-groupManagement] INFO  storage.RaftStorageDirectory (RaftStorageDirectoryImpl.java:tryLock(231)) - Lock on /home/runner/work/ozone/ozone/hadoop-ozone/integration-test/target/test-dir/MiniOzoneClusterImpl-0c9ac019-7194-482d-81d1-9ca5b99c70d1/datanode-2/data/ratis/c6c338fa-eff6-4c19-a22d-bca38dc452f0/in_use.lock acquired by nodename 40864@fv-az208-208
2023-06-22 13:17:01,729 [fb1e6b4b-5f0b-4936-8f17-bb7e415b5287-groupManagement] INFO  storage.RaftStorage (RaftStorageImpl.java:format(96)) - Storage directory /home/runner/work/ozone/ozone/hadoop-ozone/integration-test/target/test-dir/MiniOzoneClusterImpl-0c9ac019-7194-482d-81d1-9ca5b99c70d1/datanode-2/data/ratis/c6c338fa-eff6-4c19-a22d-bca38dc452f0 has been successfully formatted.
2023-06-22 13:17:01,729 [fb1e6b4b-5f0b-4936-8f17-bb7e415b5287-groupManagement] INFO  ratis.ContainerStateMachine (ContainerStateMachine.java:loadSnapshot(262)) - group-BCA38DC452F0: The snapshot info is null. Setting the last applied indexto:(t:0, i:~)
2023-06-22 13:17:01,729 [fb1e6b4b-5f0b-4936-8f17-bb7e415b5287-groupManagement] INFO  server.RaftServerConfigKeys (ConfUtils.java:logGet(46)) - raft.server.log.use.memory = false (default)
2023-06-22 13:17:01,729 [fb1e6b4b-5f0b-4936-8f17-bb7e415b5287-groupManagement] INFO  server.RaftServerConfigKeys (ConfUtils.java:logGet(46)) - raft.server.log.purge.gap = 1000000 (custom)
2023-06-22 13:17:01,729 [fb1e6b4b-5f0b-4936-8f17-bb7e415b5287-groupManagement] INFO  server.RaftServerConfigKeys (ConfUtils.java:logGet(46)) - raft.server.log.appender.buffer.byte-limit = 33554432 (custom)
2023-06-22 13:17:01,730 [fb1e6b4b-5f0b-4936-8f17-bb7e415b5287-groupManagement] INFO  server.RaftServerConfigKeys (ConfUtils.java:logGet(46)) - raft.server.log.statemachine.data.read.timeout = 1000ms (default)
2023-06-22 13:17:01,730 [fb1e6b4b-5f0b-4936-8f17-bb7e415b5287-groupManagement] INFO  server.RaftServerConfigKeys (ConfUtils.java:logGet(46)) - raft.server.log.purge.preservation.log.num = 0 (default)
2023-06-22 13:17:01,734 [fb1e6b4b-5f0b-4936-8f17-bb7e415b5287-groupManagement] INFO  server.RaftServerConfigKeys (ConfUtils.java:logGet(46)) - raft.server.log.segment.size.max = 1048576 (custom)
2023-06-22 13:17:01,734 [fb1e6b4b-5f0b-4936-8f17-bb7e415b5287-groupManagement] INFO  server.RaftServerConfigKeys (ConfUtils.java:logGet(46)) - raft.server.log.segment.cache.num.max = 2 (custom)
2023-06-22 13:17:01,735 [fb1e6b4b-5f0b-4936-8f17-bb7e415b5287-groupManagement] INFO  server.RaftServerConfigKeys (ConfUtils.java:logGet(46)) - raft.server.log.segment.cache.size.max = 200MB (=209715200) (default)
2023-06-22 13:17:01,735 [fb1e6b4b-5f0b-4936-8f17-bb7e415b5287-groupManagement] INFO  server.RaftServerConfigKeys (ConfUtils.java:logGet(46)) - raft.server.log.appender.buffer.byte-limit = 33554432 (custom)
2023-06-22 13:17:01,735 [fb1e6b4b-5f0b-4936-8f17-bb7e415b5287-groupManagement] INFO  segmented.SegmentedRaftLogWorker (SegmentedRaftLogWorker.java:<init>(188)) - new fb1e6b4b-5f0b-4936-8f17-bb7e415b5287@group-BCA38DC452F0-SegmentedRaftLogWorker for RaftStorageImpl:Storage Directory /home/runner/work/ozone/ozone/hadoop-ozone/integration-test/target/test-dir/MiniOzoneClusterImpl-0c9ac019-7194-482d-81d1-9ca5b99c70d1/datanode-2/data/ratis/c6c338fa-eff6-4c19-a22d-bca38dc452f0
2023-06-22 13:17:01,735 [fb1e6b4b-5f0b-4936-8f17-bb7e415b5287-groupManagement] INFO  server.RaftServerConfigKeys (ConfUtils.java:logGet(46)) - raft.server.log.queue.byte-limit = 4294967296 (custom)
2023-06-22 13:17:01,735 [fb1e6b4b-5f0b-4936-8f17-bb7e415b5287-groupManagement] INFO  server.RaftServerConfigKeys (ConfUtils.java:logGet(46)) - raft.server.log.queue.element-limit = 1024 (custom)
2023-06-22 13:17:01,735 [fb1e6b4b-5f0b-4936-8f17-bb7e415b5287-groupManagement] INFO  server.RaftServerConfigKeys (ConfUtils.java:logGet(46)) - raft.server.log.segment.size.max = 1048576 (custom)
2023-06-22 13:17:01,735 [fb1e6b4b-5f0b-4936-8f17-bb7e415b5287-groupManagement] INFO  server.RaftServerConfigKeys (ConfUtils.java:logGet(46)) - raft.server.log.preallocated.size = 16384 (custom)
2023-06-22 13:17:01,735 [fb1e6b4b-5f0b-4936-8f17-bb7e415b5287-groupManagement] INFO  server.RaftServerConfigKeys (ConfUtils.java:logGet(46)) - raft.server.log.force.sync.num = 128 (default)
2023-06-22 13:17:01,735 [fb1e6b4b-5f0b-4936-8f17-bb7e415b5287-groupManagement] INFO  server.RaftServerConfigKeys (ConfUtils.java:logGet(46)) - raft.server.log.statemachine.data.sync = true (default)
2023-06-22 13:17:01,735 [fb1e6b4b-5f0b-4936-8f17-bb7e415b5287-groupManagement] INFO  server.RaftServerConfigKeys (ConfUtils.java:logGet(46)) - raft.server.log.statemachine.data.sync.timeout = 10s (default)
2023-06-22 13:17:01,735 [fb1e6b4b-5f0b-4936-8f17-bb7e415b5287-groupManagement] INFO  server.RaftServerConfigKeys (ConfUtils.java:logGet(46)) - raft.server.log.statemachine.data.sync.timeout.retry = -1 (default)
2023-06-22 13:17:01,736 [fb1e6b4b-5f0b-4936-8f17-bb7e415b5287-groupManagement] INFO  server.RaftServerConfigKeys (ConfUtils.java:logGet(46)) - raft.server.log.write.buffer.size = 1048576 (custom)
2023-06-22 13:17:01,737 [fb1e6b4b-5f0b-4936-8f17-bb7e415b5287-groupManagement] INFO  server.RaftServerConfigKeys (ConfUtils.java:logGet(46)) - raft.server.log.appender.buffer.byte-limit = 33554432 (custom)
2023-06-22 13:17:01,742 [fb1e6b4b-5f0b-4936-8f17-bb7e415b5287-groupManagement] INFO  server.RaftServerConfigKeys (ConfUtils.java:logGet(46)) - raft.server.log.unsafe-flush.enabled = false (default)
2023-06-22 13:17:01,742 [fb1e6b4b-5f0b-4936-8f17-bb7e415b5287-groupManagement] INFO  server.RaftServerConfigKeys (ConfUtils.java:logGet(46)) - raft.server.log.async-flush.enabled = false (default)
2023-06-22 13:17:01,742 [fb1e6b4b-5f0b-4936-8f17-bb7e415b5287-groupManagement] INFO  server.RaftServerConfigKeys (ConfUtils.java:logGet(46)) - raft.server.log.statemachine.data.caching.enabled = true (custom)
2023-06-22 13:17:01,742 [fb1e6b4b-5f0b-4936-8f17-bb7e415b5287-groupManagement] INFO  segmented.SegmentedRaftLogWorker (SegmentedRaftLogWorker.java:lambda$new$0(135)) - fb1e6b4b-5f0b-4936-8f17-bb7e415b5287@group-BCA38DC452F0-SegmentedRaftLogWorker: flushIndex: setUnconditionally 0 -> -1
2023-06-22 13:17:01,742 [fb1e6b4b-5f0b-4936-8f17-bb7e415b5287-groupManagement] INFO  segmented.SegmentedRaftLogWorker (SegmentedRaftLogWorker.java:lambda$new$0(135)) - fb1e6b4b-5f0b-4936-8f17-bb7e415b5287@group-BCA38DC452F0-SegmentedRaftLogWorker: safeCacheEvictIndex: setUnconditionally 0 -> -1
2023-06-22 13:17:01,743 [fb1e6b4b-5f0b-4936-8f17-bb7e415b5287-groupManagement] INFO  server.RaftServer$Division (RaftServerImpl.java:start(342)) - fb1e6b4b-5f0b-4936-8f17-bb7e415b5287@group-BCA38DC452F0: start as a follower, conf=-1: peers:[814a2953-5a54-4816-82bb-cea6b8923059|rpc:10.1.0.30:15014|admin:10.1.0.30:15013|client:10.1.0.30:15012|dataStream:10.1.0.30:15015|priority:0|startupRole:FOLLOWER, fb1e6b4b-5f0b-4936-8f17-bb7e415b5287|rpc:10.1.0.30:15032|admin:10.1.0.30:15031|client:10.1.0.30:15030|dataStream:10.1.0.30:15033|priority:1|startupRole:FOLLOWER, fa3625a9-0e11-4f6d-9001-6678f3778837|rpc:10.1.0.30:15023|admin:10.1.0.30:15022|client:10.1.0.30:15021|dataStream:10.1.0.30:15024|priority:0|startupRole:FOLLOWER]|listeners:[], old=null
2023-06-22 13:17:01,743 [fb1e6b4b-5f0b-4936-8f17-bb7e415b5287-groupManagement] INFO  server.RaftServer$Division (RaftServerImpl.java:setRole(329)) - fb1e6b4b-5f0b-4936-8f17-bb7e415b5287@group-BCA38DC452F0: changes role from      null to FOLLOWER at term 0 for startAsFollower
2023-06-22 13:17:01,743 [fb1e6b4b-5f0b-4936-8f17-bb7e415b5287-groupManagement] INFO  impl.RoleInfo (RoleInfo.java:updateAndGet(139)) - fb1e6b4b-5f0b-4936-8f17-bb7e415b5287: start fb1e6b4b-5f0b-4936-8f17-bb7e415b5287@group-BCA38DC452F0-FollowerState
2023-06-22 13:17:01,744 [fb1e6b4b-5f0b-4936-8f17-bb7e415b5287-groupManagement] INFO  util.JmxRegister (JmxRegister.java:tryRegister(44)) - Successfully registered JMX Bean with object name Ratis:service=RaftServer,group=group-BCA38DC452F0,id=fb1e6b4b-5f0b-4936-8f17-bb7e415b5287
2023-06-22 13:17:01,744 [fb1e6b4b-5f0b-4936-8f17-bb7e415b5287-groupManagement] INFO  server.RaftServerConfigKeys (ConfUtils.java:logGet(46)) - raft.server.snapshot.auto.trigger.enabled = true (custom)
2023-06-22 13:17:01,744 [fb1e6b4b-5f0b-4936-8f17-bb7e415b5287-groupManagement] INFO  server.RaftServerConfigKeys (ConfUtils.java:logGet(46)) - raft.server.snapshot.auto.trigger.threshold = 10000 (custom)
2023-06-22 13:17:01,744 [fb1e6b4b-5f0b-4936-8f17-bb7e415b5287-groupManagement] INFO  server.RaftServerConfigKeys (ConfUtils.java:logGet(46)) - raft.server.snapshot.retention.file.num = 5 (custom)
2023-06-22 13:17:01,744 [fb1e6b4b-5f0b-4936-8f17-bb7e415b5287-groupManagement] INFO  server.RaftServerConfigKeys (ConfUtils.java:logGet(46)) - raft.server.log.purge.upto.snapshot.index = false (default)
2023-06-22 13:17:01,745 [fb1e6b4b-5f0b-4936-8f17-bb7e415b5287@group-BCA38DC452F0-FollowerState] INFO  server.RaftServerConfigKeys (ConfUtils.java:logFallback(53)) - raft.server.rpc.first-election.timeout.min = 5s (fallback to raft.server.rpc.timeout.min)
2023-06-22 13:17:01,752 [fb1e6b4b-5f0b-4936-8f17-bb7e415b5287@group-BCA38DC452F0-FollowerState] INFO  server.RaftServerConfigKeys (ConfUtils.java:logFallback(53)) - raft.server.rpc.first-election.timeout.max = 5200ms (fallback to raft.server.rpc.timeout.max)
2023-06-22 13:17:01,758 [fb1e6b4b-5f0b-4936-8f17-bb7e415b5287-groupManagement] INFO  server.RaftServer$Division (RaftServerImpl.java:<init>(198)) - fb1e6b4b-5f0b-4936-8f17-bb7e415b5287: new RaftServerImpl for group-DE8DE8EF9662:[fb1e6b4b-5f0b-4936-8f17-bb7e415b5287|rpc:10.1.0.30:15032|admin:10.1.0.30:15031|client:10.1.0.30:15030|dataStream:10.1.0.30:15033|priority:1|startupRole:FOLLOWER] with ContainerStateMachine:uninitialized
2023-06-22 13:17:01,758 [fb1e6b4b-5f0b-4936-8f17-bb7e415b5287-groupManagement] INFO  server.RaftServerConfigKeys (ConfUtils.java:logGet(46)) - raft.server.rpc.timeout.min = 5s (custom)
2023-06-22 13:17:01,758 [fb1e6b4b-5f0b-4936-8f17-bb7e415b5287-groupManagement] INFO  server.RaftServerConfigKeys (ConfUtils.java:logGet(46)) - raft.server.rpc.timeout.max = 5200ms (custom)
2023-06-22 13:17:01,758 [fb1e6b4b-5f0b-4936-8f17-bb7e415b5287-groupManagement] INFO  server.RaftServerConfigKeys (ConfUtils.java:logGet(46)) - raft.server.rpc.sleep.time = 25ms (default)
2023-06-22 13:17:01,758 [fb1e6b4b-5f0b-4936-8f17-bb7e415b5287-groupManagement] INFO  server.RaftServerConfigKeys (ConfUtils.java:logGet(46)) - raft.server.rpc.slowness.timeout = 300s (custom)
2023-06-22 13:17:01,758 [fb1e6b4b-5f0b-4936-8f17-bb7e415b5287-groupManagement] INFO  server.RaftServerConfigKeys (ConfUtils.java:logGet(46)) - raft.server.leaderelection.leader.step-down.wait-time = 10s (default)
2023-06-22 13:17:01,758 [fb1e6b4b-5f0b-4936-8f17-bb7e415b5287-groupManagement] INFO  server.RaftServerConfigKeys (ConfUtils.java:logGet(46)) - raft.server.sleep.deviation.threshold = 300ms (default)
2023-06-22 13:17:01,758 [fb1e6b4b-5f0b-4936-8f17-bb7e415b5287-groupManagement] INFO  server.RaftServer$Division (ServerState.java:<init>(120)) - fb1e6b4b-5f0b-4936-8f17-bb7e415b5287@group-DE8DE8EF9662: ConfigurationManager, init=-1: peers:[fb1e6b4b-5f0b-4936-8f17-bb7e415b5287|rpc:10.1.0.30:15032|admin:10.1.0.30:15031|client:10.1.0.30:15030|dataStream:10.1.0.30:15033|priority:1|startupRole:FOLLOWER]|listeners:[], old=null, confs=<EMPTY_MAP>
2023-06-22 13:17:01,758 [fb1e6b4b-5f0b-4936-8f17-bb7e415b5287-groupManagement] INFO  server.RaftServerConfigKeys (ConfUtils.java:logGet(46)) - raft.server.storage.dir = [/home/runner/work/ozone/ozone/hadoop-ozone/integration-test/target/test-dir/MiniOzoneClusterImpl-0c9ac019-7194-482d-81d1-9ca5b99c70d1/datanode-2/data/ratis] (custom)
2023-06-22 13:17:01,759 [fb1e6b4b-5f0b-4936-8f17-bb7e415b5287-groupManagement] INFO  server.RaftServerConfigKeys (ConfUtils.java:logGet(46)) - raft.server.log.corruption.policy = EXCEPTION (default)
2023-06-22 13:17:01,759 [fb1e6b4b-5f0b-4936-8f17-bb7e415b5287-groupManagement] INFO  server.RaftServerConfigKeys (ConfUtils.java:logGet(46)) - raft.server.storage.free-space.min = 0MB (=0) (default)
2023-06-22 13:17:01,759 [fb1e6b4b-5f0b-4936-8f17-bb7e415b5287-groupManagement] INFO  server.RaftServerConfigKeys (ConfUtils.java:logGet(46)) - raft.server.notification.no-leader.timeout = 300s (custom)
2023-06-22 13:17:01,759 [fb1e6b4b-5f0b-4936-8f17-bb7e415b5287-groupManagement] INFO  server.RaftServerConfigKeys (ConfUtils.java:logGet(46)) - raft.server.read.timeout = 10s (default)
2023-06-22 13:17:01,759 [fb1e6b4b-5f0b-4936-8f17-bb7e415b5287-groupManagement] INFO  server.RaftServerConfigKeys (ConfUtils.java:logGet(46)) - raft.server.retrycache.expirytime = 600000ms (custom)
2023-06-22 13:17:01,759 [fb1e6b4b-5f0b-4936-8f17-bb7e415b5287-groupManagement] INFO  server.RaftServerConfigKeys (ConfUtils.java:logGet(46)) - raft.server.retrycache.statistics.expirytime = 100μs (default)
2023-06-22 13:17:01,759 [fb1e6b4b-5f0b-4936-8f17-bb7e415b5287-groupManagement] INFO  server.RaftServerConfigKeys (ConfUtils.java:logGet(46)) - raft.server.read.option = DEFAULT (default)
2023-06-22 13:17:01,761 [fb1e6b4b-5f0b-4936-8f17-bb7e415b5287-groupManagement] INFO  server.RaftServerConfigKeys (ConfUtils.java:logGet(46)) - raft.server.rpc.request.timeout = 60s (custom)
2023-06-22 13:17:01,761 [fb1e6b4b-5f0b-4936-8f17-bb7e415b5287-groupManagement] INFO  server.RaftServerConfigKeys (ConfUtils.java:logGet(46)) - raft.server.log.appender.install.snapshot.enabled = false (custom)
2023-06-22 13:17:01,761 [fb1e6b4b-5f0b-4936-8f17-bb7e415b5287-groupManagement] INFO  server.RaftServerConfigKeys (ConfUtils.java:logGet(46)) - raft.server.threadpool.server.cached = true (default)
2023-06-22 13:17:01,761 [fb1e6b4b-5f0b-4936-8f17-bb7e415b5287-groupManagement] INFO  server.RaftServerConfigKeys (ConfUtils.java:logGet(46)) - raft.server.threadpool.server.size = 0 (default)
2023-06-22 13:17:01,761 [fb1e6b4b-5f0b-4936-8f17-bb7e415b5287-groupManagement] INFO  server.RaftServerConfigKeys (ConfUtils.java:logGet(46)) - raft.server.threadpool.client.cached = true (default)
2023-06-22 13:17:01,762 [fb1e6b4b-5f0b-4936-8f17-bb7e415b5287-groupManagement] INFO  server.RaftServerConfigKeys (ConfUtils.java:logGet(46)) - raft.server.threadpool.client.size = 0 (default)
2023-06-22 13:17:01,762 [PipelineCommandHandlerThread-0] INFO  server.RaftServer (RaftServerProxy.java:addNew(98)) - fb1e6b4b-5f0b-4936-8f17-bb7e415b5287: addNew group-DE8DE8EF9662:[fb1e6b4b-5f0b-4936-8f17-bb7e415b5287|rpc:10.1.0.30:15032|admin:10.1.0.30:15031|client:10.1.0.30:15030|dataStream:10.1.0.30:15033|priority:1|startupRole:FOLLOWER] returns      null fb1e6b4b-5f0b-4936-8f17-bb7e415b5287@group-DE8DE8EF9662:t0, leader=null, voted=null, raftlog=UNINITIALIZED, conf=-1: peers:[fb1e6b4b-5f0b-4936-8f17-bb7e415b5287|rpc:10.1.0.30:15032|admin:10.1.0.30:15031|client:10.1.0.30:15030|dataStream:10.1.0.30:15033|priority:1|startupRole:FOLLOWER]|listeners:[], old=null NEW
2023-06-22 13:17:01,762 [fb1e6b4b-5f0b-4936-8f17-bb7e415b5287-groupManagement] INFO  storage.RaftStorageDirectory (RaftStorageDirectoryImpl.java:analyzeStorage(137)) - The storage directory /home/runner/work/ozone/ozone/hadoop-ozone/integration-test/target/test-dir/MiniOzoneClusterImpl-0c9ac019-7194-482d-81d1-9ca5b99c70d1/datanode-2/data/ratis/5666fdbd-e7f4-4f4e-8297-de8de8ef9662 does not exist. Creating ...
2023-06-22 13:17:01,763 [fb1e6b4b-5f0b-4936-8f17-bb7e415b5287-groupManagement] INFO  storage.RaftStorageDirectory (RaftStorageDirectoryImpl.java:tryLock(231)) - Lock on /home/runner/work/ozone/ozone/hadoop-ozone/integration-test/target/test-dir/MiniOzoneClusterImpl-0c9ac019-7194-482d-81d1-9ca5b99c70d1/datanode-2/data/ratis/5666fdbd-e7f4-4f4e-8297-de8de8ef9662/in_use.lock acquired by nodename 40864@fv-az208-208
2023-06-22 13:17:01,766 [fb1e6b4b-5f0b-4936-8f17-bb7e415b5287-groupManagement] INFO  storage.RaftStorage (RaftStorageImpl.java:format(96)) - Storage directory /home/runner/work/ozone/ozone/hadoop-ozone/integration-test/target/test-dir/MiniOzoneClusterImpl-0c9ac019-7194-482d-81d1-9ca5b99c70d1/datanode-2/data/ratis/5666fdbd-e7f4-4f4e-8297-de8de8ef9662 has been successfully formatted.
2023-06-22 13:17:01,766 [fb1e6b4b-5f0b-4936-8f17-bb7e415b5287-groupManagement] INFO  ratis.ContainerStateMachine (ContainerStateMachine.java:loadSnapshot(262)) - group-DE8DE8EF9662: The snapshot info is null. Setting the last applied indexto:(t:0, i:~)
2023-06-22 13:17:01,766 [fb1e6b4b-5f0b-4936-8f17-bb7e415b5287-groupManagement] INFO  server.RaftServerConfigKeys (ConfUtils.java:logGet(46)) - raft.server.log.use.memory = false (default)
2023-06-22 13:17:01,766 [fb1e6b4b-5f0b-4936-8f17-bb7e415b5287-groupManagement] INFO  server.RaftServerConfigKeys (ConfUtils.java:logGet(46)) - raft.server.log.purge.gap = 1000000 (custom)
2023-06-22 13:17:01,766 [fb1e6b4b-5f0b-4936-8f17-bb7e415b5287-groupManagement] INFO  server.RaftServerConfigKeys (ConfUtils.java:logGet(46)) - raft.server.log.appender.buffer.byte-limit = 33554432 (custom)
2023-06-22 13:17:01,766 [fb1e6b4b-5f0b-4936-8f17-bb7e415b5287-groupManagement] INFO  server.RaftServerConfigKeys (ConfUtils.java:logGet(46)) - raft.server.log.statemachine.data.read.timeout = 1000ms (default)
2023-06-22 13:17:01,766 [fb1e6b4b-5f0b-4936-8f17-bb7e415b5287-groupManagement] INFO  server.RaftServerConfigKeys (ConfUtils.java:logGet(46)) - raft.server.log.purge.preservation.log.num = 0 (default)
2023-06-22 13:17:01,767 [fb1e6b4b-5f0b-4936-8f17-bb7e415b5287-groupManagement] INFO  server.RaftServerConfigKeys (ConfUtils.java:logGet(46)) - raft.server.log.segment.size.max = 1048576 (custom)
2023-06-22 13:17:01,767 [fb1e6b4b-5f0b-4936-8f17-bb7e415b5287-groupManagement] INFO  server.RaftServerConfigKeys (ConfUtils.java:logGet(46)) - raft.server.log.segment.cache.num.max = 2 (custom)
2023-06-22 13:17:01,768 [fb1e6b4b-5f0b-4936-8f17-bb7e415b5287-groupManagement] INFO  server.RaftServerConfigKeys (ConfUtils.java:logGet(46)) - raft.server.log.segment.cache.size.max = 200MB (=209715200) (default)
2023-06-22 13:17:01,768 [fb1e6b4b-5f0b-4936-8f17-bb7e415b5287-groupManagement] INFO  server.RaftServerConfigKeys (ConfUtils.java:logGet(46)) - raft.server.log.appender.buffer.byte-limit = 33554432 (custom)
2023-06-22 13:17:01,768 [fb1e6b4b-5f0b-4936-8f17-bb7e415b5287-groupManagement] INFO  segmented.SegmentedRaftLogWorker (SegmentedRaftLogWorker.java:<init>(188)) - new fb1e6b4b-5f0b-4936-8f17-bb7e415b5287@group-DE8DE8EF9662-SegmentedRaftLogWorker for RaftStorageImpl:Storage Directory /home/runner/work/ozone/ozone/hadoop-ozone/integration-test/target/test-dir/MiniOzoneClusterImpl-0c9ac019-7194-482d-81d1-9ca5b99c70d1/datanode-2/data/ratis/5666fdbd-e7f4-4f4e-8297-de8de8ef9662
2023-06-22 13:17:01,768 [fb1e6b4b-5f0b-4936-8f17-bb7e415b5287-groupManagement] INFO  server.RaftServerConfigKeys (ConfUtils.java:logGet(46)) - raft.server.log.queue.byte-limit = 4294967296 (custom)
2023-06-22 13:17:01,768 [fb1e6b4b-5f0b-4936-8f17-bb7e415b5287-groupManagement] INFO  server.RaftServerConfigKeys (ConfUtils.java:logGet(46)) - raft.server.log.queue.element-limit = 1024 (custom)
2023-06-22 13:17:01,768 [fb1e6b4b-5f0b-4936-8f17-bb7e415b5287-groupManagement] INFO  server.RaftServerConfigKeys (ConfUtils.java:logGet(46)) - raft.server.log.segment.size.max = 1048576 (custom)
2023-06-22 13:17:01,768 [fb1e6b4b-5f0b-4936-8f17-bb7e415b5287-groupManagement] INFO  server.RaftServerConfigKeys (ConfUtils.java:logGet(46)) - raft.server.log.preallocated.size = 16384 (custom)
2023-06-22 13:17:01,768 [fb1e6b4b-5f0b-4936-8f17-bb7e415b5287-groupManagement] INFO  server.RaftServerConfigKeys (ConfUtils.java:logGet(46)) - raft.server.log.force.sync.num = 128 (default)
2023-06-22 13:17:01,768 [fb1e6b4b-5f0b-4936-8f17-bb7e415b5287-groupManagement] INFO  server.RaftServerConfigKeys (ConfUtils.java:logGet(46)) - raft.server.log.statemachine.data.sync = true (default)
2023-06-22 13:17:01,768 [fb1e6b4b-5f0b-4936-8f17-bb7e415b5287-groupManagement] INFO  server.RaftServerConfigKeys (ConfUtils.java:logGet(46)) - raft.server.log.statemachine.data.sync.timeout = 10s (default)
2023-06-22 13:17:01,768 [fb1e6b4b-5f0b-4936-8f17-bb7e415b5287-groupManagement] INFO  server.RaftServerConfigKeys (ConfUtils.java:logGet(46)) - raft.server.log.statemachine.data.sync.timeout.retry = -1 (default)
2023-06-22 13:17:01,769 [EventQueue-PipelineReportForPipelineReportHandler] INFO  pipeline.PipelineManagerImpl (PipelineManagerImpl.java:openPipeline(367)) - Pipeline Pipeline[ Id: 5666fdbd-e7f4-4f4e-8297-de8de8ef9662, Nodes: fb1e6b4b-5f0b-4936-8f17-bb7e415b5287(fv-az208-208.e0tah0prcmautdldtlfxyeofwf.cx.internal.cloudapp.net/10.1.0.30), ReplicationConfig: RATIS/ONE, State:ALLOCATED, leaderId:fb1e6b4b-5f0b-4936-8f17-bb7e415b5287, CreationTimestamp2023-06-22T13:16:58.760Z[Etc/UTC]] moved to OPEN state
2023-06-22 13:17:01,769 [fb1e6b4b-5f0b-4936-8f17-bb7e415b5287-groupManagement] INFO  server.RaftServerConfigKeys (ConfUtils.java:logGet(46)) - raft.server.log.write.buffer.size = 1048576 (custom)
2023-06-22 13:17:01,774 [fb1e6b4b-5f0b-4936-8f17-bb7e415b5287-groupManagement] INFO  server.RaftServerConfigKeys (ConfUtils.java:logGet(46)) - raft.server.log.appender.buffer.byte-limit = 33554432 (custom)
2023-06-22 13:17:01,774 [EventQueue-OpenPipelineForHealthyPipelineSafeModeRule] INFO  safemode.SCMSafeModeManager (HealthyPipelineSafeModeRule.java:process(137)) - SCM in safe mode. Healthy pipelines reported count is 0, required healthy pipeline reported count is 1
2023-06-22 13:17:01,777 [fb1e6b4b-5f0b-4936-8f17-bb7e415b5287-groupManagement] INFO  server.RaftServerConfigKeys (ConfUtils.java:logGet(46)) - raft.server.log.unsafe-flush.enabled = false (default)
2023-06-22 13:17:01,777 [fb1e6b4b-5f0b-4936-8f17-bb7e415b5287-groupManagement] INFO  server.RaftServerConfigKeys (ConfUtils.java:logGet(46)) - raft.server.log.async-flush.enabled = false (default)
2023-06-22 13:17:01,777 [fb1e6b4b-5f0b-4936-8f17-bb7e415b5287-groupManagement] INFO  server.RaftServerConfigKeys (ConfUtils.java:logGet(46)) - raft.server.log.statemachine.data.caching.enabled = true (custom)
2023-06-22 13:17:01,778 [fb1e6b4b-5f0b-4936-8f17-bb7e415b5287-groupManagement] INFO  segmented.SegmentedRaftLogWorker (SegmentedRaftLogWorker.java:lambda$new$0(135)) - fb1e6b4b-5f0b-4936-8f17-bb7e415b5287@group-DE8DE8EF9662-SegmentedRaftLogWorker: flushIndex: setUnconditionally 0 -> -1
2023-06-22 13:17:01,778 [fb1e6b4b-5f0b-4936-8f17-bb7e415b5287-groupManagement] INFO  segmented.SegmentedRaftLogWorker (SegmentedRaftLogWorker.java:lambda$new$0(135)) - fb1e6b4b-5f0b-4936-8f17-bb7e415b5287@group-DE8DE8EF9662-SegmentedRaftLogWorker: safeCacheEvictIndex: setUnconditionally 0 -> -1
2023-06-22 13:17:01,782 [fb1e6b4b-5f0b-4936-8f17-bb7e415b5287-groupManagement] INFO  server.RaftServer$Division (RaftServerImpl.java:start(342)) - fb1e6b4b-5f0b-4936-8f17-bb7e415b5287@group-DE8DE8EF9662: start as a follower, conf=-1: peers:[fb1e6b4b-5f0b-4936-8f17-bb7e415b5287|rpc:10.1.0.30:15032|admin:10.1.0.30:15031|client:10.1.0.30:15030|dataStream:10.1.0.30:15033|priority:1|startupRole:FOLLOWER]|listeners:[], old=null
2023-06-22 13:17:01,782 [fb1e6b4b-5f0b-4936-8f17-bb7e415b5287-groupManagement] INFO  server.RaftServer$Division (RaftServerImpl.java:setRole(329)) - fb1e6b4b-5f0b-4936-8f17-bb7e415b5287@group-DE8DE8EF9662: changes role from      null to FOLLOWER at term 0 for startAsFollower
2023-06-22 13:17:01,782 [fb1e6b4b-5f0b-4936-8f17-bb7e415b5287-groupManagement] INFO  impl.RoleInfo (RoleInfo.java:updateAndGet(139)) - fb1e6b4b-5f0b-4936-8f17-bb7e415b5287: start fb1e6b4b-5f0b-4936-8f17-bb7e415b5287@group-DE8DE8EF9662-FollowerState
2023-06-22 13:17:01,783 [fb1e6b4b-5f0b-4936-8f17-bb7e415b5287-groupManagement] INFO  util.JmxRegister (JmxRegister.java:tryRegister(44)) - Successfully registered JMX Bean with object name Ratis:service=RaftServer,group=group-DE8DE8EF9662,id=fb1e6b4b-5f0b-4936-8f17-bb7e415b5287
2023-06-22 13:17:01,783 [fb1e6b4b-5f0b-4936-8f17-bb7e415b5287-groupManagement] INFO  server.RaftServerConfigKeys (ConfUtils.java:logGet(46)) - raft.server.snapshot.auto.trigger.enabled = true (custom)
2023-06-22 13:17:01,783 [fb1e6b4b-5f0b-4936-8f17-bb7e415b5287-groupManagement] INFO  server.RaftServerConfigKeys (ConfUtils.java:logGet(46)) - raft.server.snapshot.auto.trigger.threshold = 10000 (custom)
2023-06-22 13:17:01,784 [fb1e6b4b-5f0b-4936-8f17-bb7e415b5287-groupManagement] INFO  server.RaftServerConfigKeys (ConfUtils.java:logGet(46)) - raft.server.snapshot.retention.file.num = 5 (custom)
2023-06-22 13:17:01,784 [fb1e6b4b-5f0b-4936-8f17-bb7e415b5287-groupManagement] INFO  server.RaftServerConfigKeys (ConfUtils.java:logGet(46)) - raft.server.log.purge.upto.snapshot.index = false (default)
2023-06-22 13:17:01,784 [fb1e6b4b-5f0b-4936-8f17-bb7e415b5287@group-DE8DE8EF9662-FollowerState] INFO  server.RaftServerConfigKeys (ConfUtils.java:logFallback(53)) - raft.server.rpc.first-election.timeout.min = 5s (fallback to raft.server.rpc.timeout.min)
2023-06-22 13:17:01,784 [fb1e6b4b-5f0b-4936-8f17-bb7e415b5287@group-DE8DE8EF9662-FollowerState] INFO  server.RaftServerConfigKeys (ConfUtils.java:logFallback(53)) - raft.server.rpc.first-election.timeout.max = 5200ms (fallback to raft.server.rpc.timeout.max)
2023-06-22 13:17:01,784 [PipelineCommandHandlerThread-0] INFO  ratis.XceiverServerRatis (XceiverServerRatis.java:addGroup(804)) - Created group PipelineID=5666fdbd-e7f4-4f4e-8297-de8de8ef9662
2023-06-22 13:17:01,784 [PipelineCommandHandlerThread-0] INFO  commandhandler.CreatePipelineCommandHandler (CreatePipelineCommandHandler.java:lambda$handle$2(124)) - Created Pipeline RATIS ONE PipelineID=5666fdbd-e7f4-4f4e-8297-de8de8ef9662.
2023-06-22 13:17:01,847 [PipelineCommandHandlerThread-0] INFO  commandhandler.CreatePipelineCommandHandler (CreatePipelineCommandHandler.java:lambda$handle$2(124)) - Created Pipeline RATIS THREE PipelineID=c6c338fa-eff6-4c19-a22d-bca38dc452f0.
2023-06-22 13:17:01,867 [PipelineCommandHandlerThread-0] INFO  commandhandler.CreatePipelineCommandHandler (CreatePipelineCommandHandler.java:lambda$handle$2(124)) - Created Pipeline RATIS THREE PipelineID=c6c338fa-eff6-4c19-a22d-bca38dc452f0.
2023-06-22 13:17:02,091 [PipelineCommandHandlerThread-0] INFO  server.RaftServer (RaftServerProxy.java:addNew(98)) - 55908a94-3412-422c-9085-6a0ac52bc795: addNew group-7C4B6FFA4087:[55908a94-3412-422c-9085-6a0ac52bc795|rpc:10.1.0.30:15041|admin:10.1.0.30:15040|client:10.1.0.30:15039|dataStream:10.1.0.30:15042|priority:1|startupRole:FOLLOWER] returns group-7C4B6FFA4087:java.util.concurrent.CompletableFuture@73b94022[Not completed]
2023-06-22 13:17:02,093 [55908a94-3412-422c-9085-6a0ac52bc795-groupManagement] INFO  server.RaftServer$Division (RaftServerImpl.java:<init>(198)) - 55908a94-3412-422c-9085-6a0ac52bc795: new RaftServerImpl for group-7C4B6FFA4087:[55908a94-3412-422c-9085-6a0ac52bc795|rpc:10.1.0.30:15041|admin:10.1.0.30:15040|client:10.1.0.30:15039|dataStream:10.1.0.30:15042|priority:1|startupRole:FOLLOWER] with ContainerStateMachine:uninitialized
2023-06-22 13:17:02,093 [55908a94-3412-422c-9085-6a0ac52bc795-groupManagement] INFO  server.RaftServerConfigKeys (ConfUtils.java:logGet(46)) - raft.server.rpc.timeout.min = 5s (custom)
2023-06-22 13:17:02,093 [55908a94-3412-422c-9085-6a0ac52bc795-groupManagement] INFO  server.RaftServerConfigKeys (ConfUtils.java:logGet(46)) - raft.server.rpc.timeout.max = 5200ms (custom)
2023-06-22 13:17:02,093 [55908a94-3412-422c-9085-6a0ac52bc795-groupManagement] INFO  server.RaftServerConfigKeys (ConfUtils.java:logGet(46)) - raft.server.rpc.sleep.time = 25ms (default)
2023-06-22 13:17:02,093 [55908a94-3412-422c-9085-6a0ac52bc795-groupManagement] INFO  server.RaftServerConfigKeys (ConfUtils.java:logGet(46)) - raft.server.rpc.slowness.timeout = 300s (custom)
2023-06-22 13:17:02,093 [55908a94-3412-422c-9085-6a0ac52bc795-groupManagement] INFO  server.RaftServerConfigKeys (ConfUtils.java:logGet(46)) - raft.server.leaderelection.leader.step-down.wait-time = 10s (default)
2023-06-22 13:17:02,093 [55908a94-3412-422c-9085-6a0ac52bc795-groupManagement] INFO  server.RaftServerConfigKeys (ConfUtils.java:logGet(46)) - raft.server.sleep.deviation.threshold = 300ms (default)
2023-06-22 13:17:02,093 [55908a94-3412-422c-9085-6a0ac52bc795-groupManagement] INFO  server.RaftServer$Division (ServerState.java:<init>(120)) - 55908a94-3412-422c-9085-6a0ac52bc795@group-7C4B6FFA4087: ConfigurationManager, init=-1: peers:[55908a94-3412-422c-9085-6a0ac52bc795|rpc:10.1.0.30:15041|admin:10.1.0.30:15040|client:10.1.0.30:15039|dataStream:10.1.0.30:15042|priority:1|startupRole:FOLLOWER]|listeners:[], old=null, confs=<EMPTY_MAP>
2023-06-22 13:17:02,093 [55908a94-3412-422c-9085-6a0ac52bc795-groupManagement] INFO  server.RaftServerConfigKeys (ConfUtils.java:logGet(46)) - raft.server.storage.dir = [/home/runner/work/ozone/ozone/hadoop-ozone/integration-test/target/test-dir/MiniOzoneClusterImpl-0c9ac019-7194-482d-81d1-9ca5b99c70d1/datanode-3/data/ratis] (custom)
2023-06-22 13:17:02,093 [55908a94-3412-422c-9085-6a0ac52bc795-groupManagement] INFO  server.RaftServerConfigKeys (ConfUtils.java:logGet(46)) - raft.server.log.corruption.policy = EXCEPTION (default)
2023-06-22 13:17:02,094 [55908a94-3412-422c-9085-6a0ac52bc795-groupManagement] INFO  server.RaftServerConfigKeys (ConfUtils.java:logGet(46)) - raft.server.storage.free-space.min = 0MB (=0) (default)
2023-06-22 13:17:02,094 [55908a94-3412-422c-9085-6a0ac52bc795-groupManagement] INFO  server.RaftServerConfigKeys (ConfUtils.java:logGet(46)) - raft.server.notification.no-leader.timeout = 300s (custom)
2023-06-22 13:17:02,094 [55908a94-3412-422c-9085-6a0ac52bc795-groupManagement] INFO  server.RaftServerConfigKeys (ConfUtils.java:logGet(46)) - raft.server.read.timeout = 10s (default)
2023-06-22 13:17:02,094 [55908a94-3412-422c-9085-6a0ac52bc795-groupManagement] INFO  server.RaftServerConfigKeys (ConfUtils.java:logGet(46)) - raft.server.retrycache.expirytime = 600000ms (custom)
2023-06-22 13:17:02,094 [55908a94-3412-422c-9085-6a0ac52bc795-groupManagement] INFO  server.RaftServerConfigKeys (ConfUtils.java:logGet(46)) - raft.server.retrycache.statistics.expirytime = 100μs (default)
2023-06-22 13:17:02,094 [55908a94-3412-422c-9085-6a0ac52bc795-groupManagement] INFO  server.RaftServerConfigKeys (ConfUtils.java:logGet(46)) - raft.server.read.option = DEFAULT (default)
2023-06-22 13:17:02,095 [55908a94-3412-422c-9085-6a0ac52bc795-groupManagement] INFO  server.RaftServerConfigKeys (ConfUtils.java:logGet(46)) - raft.server.rpc.request.timeout = 60s (custom)
2023-06-22 13:17:02,096 [55908a94-3412-422c-9085-6a0ac52bc795-groupManagement] INFO  server.RaftServerConfigKeys (ConfUtils.java:logGet(46)) - raft.server.log.appender.install.snapshot.enabled = false (custom)
2023-06-22 13:17:02,097 [55908a94-3412-422c-9085-6a0ac52bc795-groupManagement] INFO  server.RaftServerConfigKeys (ConfUtils.java:logGet(46)) - raft.server.threadpool.server.cached = true (default)
2023-06-22 13:17:02,097 [55908a94-3412-422c-9085-6a0ac52bc795-groupManagement] INFO  server.RaftServerConfigKeys (ConfUtils.java:logGet(46)) - raft.server.threadpool.server.size = 0 (default)
2023-06-22 13:17:02,097 [55908a94-3412-422c-9085-6a0ac52bc795-groupManagement] INFO  server.RaftServerConfigKeys (ConfUtils.java:logGet(46)) - raft.server.threadpool.client.cached = true (default)
2023-06-22 13:17:02,097 [55908a94-3412-422c-9085-6a0ac52bc795-groupManagement] INFO  server.RaftServerConfigKeys (ConfUtils.java:logGet(46)) - raft.server.threadpool.client.size = 0 (default)
2023-06-22 13:17:02,097 [55908a94-3412-422c-9085-6a0ac52bc795-groupManagement] INFO  storage.RaftStorageDirectory (RaftStorageDirectoryImpl.java:analyzeStorage(137)) - The storage directory /home/runner/work/ozone/ozone/hadoop-ozone/integration-test/target/test-dir/MiniOzoneClusterImpl-0c9ac019-7194-482d-81d1-9ca5b99c70d1/datanode-3/data/ratis/f7b61dd0-791a-4e99-be46-7c4b6ffa4087 does not exist. Creating ...
2023-06-22 13:17:02,098 [55908a94-3412-422c-9085-6a0ac52bc795-groupManagement] INFO  storage.RaftStorageDirectory (RaftStorageDirectoryImpl.java:tryLock(231)) - Lock on /home/runner/work/ozone/ozone/hadoop-ozone/integration-test/target/test-dir/MiniOzoneClusterImpl-0c9ac019-7194-482d-81d1-9ca5b99c70d1/datanode-3/data/ratis/f7b61dd0-791a-4e99-be46-7c4b6ffa4087/in_use.lock acquired by nodename 40864@fv-az208-208
2023-06-22 13:17:02,100 [55908a94-3412-422c-9085-6a0ac52bc795-groupManagement] INFO  storage.RaftStorage (RaftStorageImpl.java:format(96)) - Storage directory /home/runner/work/ozone/ozone/hadoop-ozone/integration-test/target/test-dir/MiniOzoneClusterImpl-0c9ac019-7194-482d-81d1-9ca5b99c70d1/datanode-3/data/ratis/f7b61dd0-791a-4e99-be46-7c4b6ffa4087 has been successfully formatted.
2023-06-22 13:17:02,101 [55908a94-3412-422c-9085-6a0ac52bc795-groupManagement] INFO  ratis.ContainerStateMachine (ContainerStateMachine.java:loadSnapshot(262)) - group-7C4B6FFA4087: The snapshot info is null. Setting the last applied indexto:(t:0, i:~)
2023-06-22 13:17:02,101 [55908a94-3412-422c-9085-6a0ac52bc795-groupManagement] INFO  server.RaftServerConfigKeys (ConfUtils.java:logGet(46)) - raft.server.log.use.memory = false (default)
2023-06-22 13:17:02,101 [55908a94-3412-422c-9085-6a0ac52bc795-groupManagement] INFO  server.RaftServerConfigKeys (ConfUtils.java:logGet(46)) - raft.server.log.purge.gap = 1000000 (custom)
2023-06-22 13:17:02,101 [55908a94-3412-422c-9085-6a0ac52bc795-groupManagement] INFO  server.RaftServerConfigKeys (ConfUtils.java:logGet(46)) - raft.server.log.appender.buffer.byte-limit = 33554432 (custom)
2023-06-22 13:17:02,101 [55908a94-3412-422c-9085-6a0ac52bc795-groupManagement] INFO  server.RaftServerConfigKeys (ConfUtils.java:logGet(46)) - raft.server.log.statemachine.data.read.timeout = 1000ms (default)
2023-06-22 13:17:02,101 [55908a94-3412-422c-9085-6a0ac52bc795-groupManagement] INFO  server.RaftServerConfigKeys (ConfUtils.java:logGet(46)) - raft.server.log.purge.preservation.log.num = 0 (default)
2023-06-22 13:17:02,103 [EventQueue-PipelineReportForPipelineReportHandler] INFO  pipeline.PipelineManagerImpl (PipelineManagerImpl.java:openPipeline(367)) - Pipeline Pipeline[ Id: f7b61dd0-791a-4e99-be46-7c4b6ffa4087, Nodes: 55908a94-3412-422c-9085-6a0ac52bc795(fv-az208-208.e0tah0prcmautdldtlfxyeofwf.cx.internal.cloudapp.net/10.1.0.30), ReplicationConfig: RATIS/ONE, State:ALLOCATED, leaderId:55908a94-3412-422c-9085-6a0ac52bc795, CreationTimestamp2023-06-22T13:16:59.094Z[Etc/UTC]] moved to OPEN state
2023-06-22 13:17:02,104 [EventQueue-OpenPipelineForHealthyPipelineSafeModeRule] INFO  safemode.SCMSafeModeManager (HealthyPipelineSafeModeRule.java:process(137)) - SCM in safe mode. Healthy pipelines reported count is 0, required healthy pipeline reported count is 1
2023-06-22 13:17:02,104 [55908a94-3412-422c-9085-6a0ac52bc795-groupManagement] INFO  server.RaftServerConfigKeys (ConfUtils.java:logGet(46)) - raft.server.log.segment.size.max = 1048576 (custom)
2023-06-22 13:17:02,104 [55908a94-3412-422c-9085-6a0ac52bc795-groupManagement] INFO  server.RaftServerConfigKeys (ConfUtils.java:logGet(46)) - raft.server.log.segment.cache.num.max = 2 (custom)
2023-06-22 13:17:02,104 [55908a94-3412-422c-9085-6a0ac52bc795-groupManagement] INFO  server.RaftServerConfigKeys (ConfUtils.java:logGet(46)) - raft.server.log.segment.cache.size.max = 200MB (=209715200) (default)
2023-06-22 13:17:02,104 [55908a94-3412-422c-9085-6a0ac52bc795-groupManagement] INFO  server.RaftServerConfigKeys (ConfUtils.java:logGet(46)) - raft.server.log.appender.buffer.byte-limit = 33554432 (custom)
2023-06-22 13:17:02,104 [55908a94-3412-422c-9085-6a0ac52bc795-groupManagement] INFO  segmented.SegmentedRaftLogWorker (SegmentedRaftLogWorker.java:<init>(188)) - new 55908a94-3412-422c-9085-6a0ac52bc795@group-7C4B6FFA4087-SegmentedRaftLogWorker for RaftStorageImpl:Storage Directory /home/runner/work/ozone/ozone/hadoop-ozone/integration-test/target/test-dir/MiniOzoneClusterImpl-0c9ac019-7194-482d-81d1-9ca5b99c70d1/datanode-3/data/ratis/f7b61dd0-791a-4e99-be46-7c4b6ffa4087
2023-06-22 13:17:02,105 [55908a94-3412-422c-9085-6a0ac52bc795-groupManagement] INFO  server.RaftServerConfigKeys (ConfUtils.java:logGet(46)) - raft.server.log.queue.byte-limit = 4294967296 (custom)
2023-06-22 13:17:02,105 [55908a94-3412-422c-9085-6a0ac52bc795-groupManagement] INFO  server.RaftServerConfigKeys (ConfUtils.java:logGet(46)) - raft.server.log.queue.element-limit = 1024 (custom)
2023-06-22 13:17:02,105 [55908a94-3412-422c-9085-6a0ac52bc795-groupManagement] INFO  server.RaftServerConfigKeys (ConfUtils.java:logGet(46)) - raft.server.log.segment.size.max = 1048576 (custom)
2023-06-22 13:17:02,105 [55908a94-3412-422c-9085-6a0ac52bc795-groupManagement] INFO  server.RaftServerConfigKeys (ConfUtils.java:logGet(46)) - raft.server.log.preallocated.size = 16384 (custom)
2023-06-22 13:17:02,105 [55908a94-3412-422c-9085-6a0ac52bc795-groupManagement] INFO  server.RaftServerConfigKeys (ConfUtils.java:logGet(46)) - raft.server.log.force.sync.num = 128 (default)
2023-06-22 13:17:02,105 [55908a94-3412-422c-9085-6a0ac52bc795-groupManagement] INFO  server.RaftServerConfigKeys (ConfUtils.java:logGet(46)) - raft.server.log.statemachine.data.sync = true (default)
2023-06-22 13:17:02,105 [55908a94-3412-422c-9085-6a0ac52bc795-groupManagement] INFO  server.RaftServerConfigKeys (ConfUtils.java:logGet(46)) - raft.server.log.statemachine.data.sync.timeout = 10s (default)
2023-06-22 13:17:02,105 [55908a94-3412-422c-9085-6a0ac52bc795-groupManagement] INFO  server.RaftServerConfigKeys (ConfUtils.java:logGet(46)) - raft.server.log.statemachine.data.sync.timeout.retry = -1 (default)
2023-06-22 13:17:02,105 [55908a94-3412-422c-9085-6a0ac52bc795-groupManagement] INFO  server.RaftServerConfigKeys (ConfUtils.java:logGet(46)) - raft.server.log.write.buffer.size = 1048576 (custom)
2023-06-22 13:17:02,106 [55908a94-3412-422c-9085-6a0ac52bc795-groupManagement] INFO  server.RaftServerConfigKeys (ConfUtils.java:logGet(46)) - raft.server.log.appender.buffer.byte-limit = 33554432 (custom)
2023-06-22 13:17:02,111 [55908a94-3412-422c-9085-6a0ac52bc795-groupManagement] INFO  server.RaftServerConfigKeys (ConfUtils.java:logGet(46)) - raft.server.log.unsafe-flush.enabled = false (default)
2023-06-22 13:17:02,111 [55908a94-3412-422c-9085-6a0ac52bc795-groupManagement] INFO  server.RaftServerConfigKeys (ConfUtils.java:logGet(46)) - raft.server.log.async-flush.enabled = false (default)
2023-06-22 13:17:02,111 [55908a94-3412-422c-9085-6a0ac52bc795-groupManagement] INFO  server.RaftServerConfigKeys (ConfUtils.java:logGet(46)) - raft.server.log.statemachine.data.caching.enabled = true (custom)
2023-06-22 13:17:02,111 [55908a94-3412-422c-9085-6a0ac52bc795-groupManagement] INFO  segmented.SegmentedRaftLogWorker (SegmentedRaftLogWorker.java:lambda$new$0(135)) - 55908a94-3412-422c-9085-6a0ac52bc795@group-7C4B6FFA4087-SegmentedRaftLogWorker: flushIndex: setUnconditionally 0 -> -1
2023-06-22 13:17:02,111 [55908a94-3412-422c-9085-6a0ac52bc795-groupManagement] INFO  segmented.SegmentedRaftLogWorker (SegmentedRaftLogWorker.java:lambda$new$0(135)) - 55908a94-3412-422c-9085-6a0ac52bc795@group-7C4B6FFA4087-SegmentedRaftLogWorker: safeCacheEvictIndex: setUnconditionally 0 -> -1
2023-06-22 13:17:02,112 [55908a94-3412-422c-9085-6a0ac52bc795-groupManagement] INFO  server.RaftServer$Division (RaftServerImpl.java:start(342)) - 55908a94-3412-422c-9085-6a0ac52bc795@group-7C4B6FFA4087: start as a follower, conf=-1: peers:[55908a94-3412-422c-9085-6a0ac52bc795|rpc:10.1.0.30:15041|admin:10.1.0.30:15040|client:10.1.0.30:15039|dataStream:10.1.0.30:15042|priority:1|startupRole:FOLLOWER]|listeners:[], old=null
2023-06-22 13:17:02,112 [55908a94-3412-422c-9085-6a0ac52bc795-groupManagement] INFO  server.RaftServer$Division (RaftServerImpl.java:setRole(329)) - 55908a94-3412-422c-9085-6a0ac52bc795@group-7C4B6FFA4087: changes role from      null to FOLLOWER at term 0 for startAsFollower
2023-06-22 13:17:02,112 [55908a94-3412-422c-9085-6a0ac52bc795-groupManagement] INFO  impl.RoleInfo (RoleInfo.java:updateAndGet(139)) - 55908a94-3412-422c-9085-6a0ac52bc795: start 55908a94-3412-422c-9085-6a0ac52bc795@group-7C4B6FFA4087-FollowerState
2023-06-22 13:17:02,113 [55908a94-3412-422c-9085-6a0ac52bc795-groupManagement] INFO  util.JmxRegister (JmxRegister.java:tryRegister(44)) - Successfully registered JMX Bean with object name Ratis:service=RaftServer,group=group-7C4B6FFA4087,id=55908a94-3412-422c-9085-6a0ac52bc795
2023-06-22 13:17:02,113 [55908a94-3412-422c-9085-6a0ac52bc795@group-7C4B6FFA4087-FollowerState] INFO  server.RaftServerConfigKeys (ConfUtils.java:logFallback(53)) - raft.server.rpc.first-election.timeout.min = 5s (fallback to raft.server.rpc.timeout.min)
2023-06-22 13:17:02,114 [55908a94-3412-422c-9085-6a0ac52bc795@group-7C4B6FFA4087-FollowerState] INFO  server.RaftServerConfigKeys (ConfUtils.java:logFallback(53)) - raft.server.rpc.first-election.timeout.max = 5200ms (fallback to raft.server.rpc.timeout.max)
2023-06-22 13:17:02,114 [55908a94-3412-422c-9085-6a0ac52bc795-groupManagement] INFO  server.RaftServerConfigKeys (ConfUtils.java:logGet(46)) - raft.server.snapshot.auto.trigger.enabled = true (custom)
2023-06-22 13:17:02,115 [55908a94-3412-422c-9085-6a0ac52bc795-groupManagement] INFO  server.RaftServerConfigKeys (ConfUtils.java:logGet(46)) - raft.server.snapshot.auto.trigger.threshold = 10000 (custom)
2023-06-22 13:17:02,115 [55908a94-3412-422c-9085-6a0ac52bc795-groupManagement] INFO  server.RaftServerConfigKeys (ConfUtils.java:logGet(46)) - raft.server.snapshot.retention.file.num = 5 (custom)
2023-06-22 13:17:02,115 [55908a94-3412-422c-9085-6a0ac52bc795-groupManagement] INFO  server.RaftServerConfigKeys (ConfUtils.java:logGet(46)) - raft.server.log.purge.upto.snapshot.index = false (default)
2023-06-22 13:17:02,117 [PipelineCommandHandlerThread-0] INFO  ratis.XceiverServerRatis (XceiverServerRatis.java:addGroup(804)) - Created group PipelineID=f7b61dd0-791a-4e99-be46-7c4b6ffa4087
2023-06-22 13:17:02,117 [PipelineCommandHandlerThread-0] INFO  commandhandler.CreatePipelineCommandHandler (CreatePipelineCommandHandler.java:lambda$handle$2(124)) - Created Pipeline RATIS ONE PipelineID=f7b61dd0-791a-4e99-be46-7c4b6ffa4087.
2023-06-22 13:17:02,412 [main] INFO  ozone.MiniOzoneClusterImpl (MiniOzoneClusterImpl.java:lambda$waitForClusterToBeReady$0(224)) - Nodes are ready. Got 5 of 5 DN Heartbeats.
2023-06-22 13:17:02,412 [main] INFO  ozone.MiniOzoneClusterImpl (MiniOzoneClusterImpl.java:lambda$waitForClusterToBeReady$0(227)) - Waiting for cluster to exit safe mode
2023-06-22 13:17:02,413 [main] INFO  ozone.MiniOzoneClusterImpl (MiniOzoneClusterImpl.java:lambda$waitForClusterToBeReady$0(229)) - SCM became leader
2023-06-22 13:17:02,418 [PipelineCommandHandlerThread-0] INFO  server.RaftServer (RaftServerProxy.java:addNew(98)) - d61499ed-03ab-4261-8165-c3404d6b8549: addNew group-078092DDFFF4:[d61499ed-03ab-4261-8165-c3404d6b8549|rpc:10.1.0.30:15050|admin:10.1.0.30:15049|client:10.1.0.30:15048|dataStream:10.1.0.30:15051|priority:1|startupRole:FOLLOWER] returns group-078092DDFFF4:java.util.concurrent.CompletableFuture@182309c4[Not completed]
2023-06-22 13:17:02,421 [d61499ed-03ab-4261-8165-c3404d6b8549-groupManagement] INFO  server.RaftServer$Division (RaftServerImpl.java:<init>(198)) - d61499ed-03ab-4261-8165-c3404d6b8549: new RaftServerImpl for group-078092DDFFF4:[d61499ed-03ab-4261-8165-c3404d6b8549|rpc:10.1.0.30:15050|admin:10.1.0.30:15049|client:10.1.0.30:15048|dataStream:10.1.0.30:15051|priority:1|startupRole:FOLLOWER] with ContainerStateMachine:uninitialized
2023-06-22 13:17:02,421 [d61499ed-03ab-4261-8165-c3404d6b8549-groupManagement] INFO  server.RaftServerConfigKeys (ConfUtils.java:logGet(46)) - raft.server.rpc.timeout.min = 5s (custom)
2023-06-22 13:17:02,421 [d61499ed-03ab-4261-8165-c3404d6b8549-groupManagement] INFO  server.RaftServerConfigKeys (ConfUtils.java:logGet(46)) - raft.server.rpc.timeout.max = 5200ms (custom)
2023-06-22 13:17:02,421 [d61499ed-03ab-4261-8165-c3404d6b8549-groupManagement] INFO  server.RaftServerConfigKeys (ConfUtils.java:logGet(46)) - raft.server.rpc.sleep.time = 25ms (default)
2023-06-22 13:17:02,421 [d61499ed-03ab-4261-8165-c3404d6b8549-groupManagement] INFO  server.RaftServerConfigKeys (ConfUtils.java:logGet(46)) - raft.server.rpc.slowness.timeout = 300s (custom)
2023-06-22 13:17:02,421 [d61499ed-03ab-4261-8165-c3404d6b8549-groupManagement] INFO  server.RaftServerConfigKeys (ConfUtils.java:logGet(46)) - raft.server.leaderelection.leader.step-down.wait-time = 10s (default)
2023-06-22 13:17:02,421 [d61499ed-03ab-4261-8165-c3404d6b8549-groupManagement] INFO  server.RaftServerConfigKeys (ConfUtils.java:logGet(46)) - raft.server.sleep.deviation.threshold = 300ms (default)
2023-06-22 13:17:02,421 [d61499ed-03ab-4261-8165-c3404d6b8549-groupManagement] INFO  server.RaftServer$Division (ServerState.java:<init>(120)) - d61499ed-03ab-4261-8165-c3404d6b8549@group-078092DDFFF4: ConfigurationManager, init=-1: peers:[d61499ed-03ab-4261-8165-c3404d6b8549|rpc:10.1.0.30:15050|admin:10.1.0.30:15049|client:10.1.0.30:15048|dataStream:10.1.0.30:15051|priority:1|startupRole:FOLLOWER]|listeners:[], old=null, confs=<EMPTY_MAP>
2023-06-22 13:17:02,421 [d61499ed-03ab-4261-8165-c3404d6b8549-groupManagement] INFO  server.RaftServerConfigKeys (ConfUtils.java:logGet(46)) - raft.server.storage.dir = [/home/runner/work/ozone/ozone/hadoop-ozone/integration-test/target/test-dir/MiniOzoneClusterImpl-0c9ac019-7194-482d-81d1-9ca5b99c70d1/datanode-4/data/ratis] (custom)
2023-06-22 13:17:02,421 [d61499ed-03ab-4261-8165-c3404d6b8549-groupManagement] INFO  server.RaftServerConfigKeys (ConfUtils.java:logGet(46)) - raft.server.log.corruption.policy = EXCEPTION (default)
2023-06-22 13:17:02,421 [d61499ed-03ab-4261-8165-c3404d6b8549-groupManagement] INFO  server.RaftServerConfigKeys (ConfUtils.java:logGet(46)) - raft.server.storage.free-space.min = 0MB (=0) (default)
2023-06-22 13:17:02,421 [d61499ed-03ab-4261-8165-c3404d6b8549-groupManagement] INFO  server.RaftServerConfigKeys (ConfUtils.java:logGet(46)) - raft.server.notification.no-leader.timeout = 300s (custom)
2023-06-22 13:17:02,421 [d61499ed-03ab-4261-8165-c3404d6b8549-groupManagement] INFO  server.RaftServerConfigKeys (ConfUtils.java:logGet(46)) - raft.server.read.timeout = 10s (default)
2023-06-22 13:17:02,422 [d61499ed-03ab-4261-8165-c3404d6b8549-groupManagement] INFO  server.RaftServerConfigKeys (ConfUtils.java:logGet(46)) - raft.server.retrycache.expirytime = 600000ms (custom)
2023-06-22 13:17:02,422 [d61499ed-03ab-4261-8165-c3404d6b8549-groupManagement] INFO  server.RaftServerConfigKeys (ConfUtils.java:logGet(46)) - raft.server.retrycache.statistics.expirytime = 100μs (default)
2023-06-22 13:17:02,422 [d61499ed-03ab-4261-8165-c3404d6b8549-groupManagement] INFO  server.RaftServerConfigKeys (ConfUtils.java:logGet(46)) - raft.server.read.option = DEFAULT (default)
2023-06-22 13:17:02,423 [d61499ed-03ab-4261-8165-c3404d6b8549-groupManagement] INFO  server.RaftServerConfigKeys (ConfUtils.java:logGet(46)) - raft.server.rpc.request.timeout = 60s (custom)
2023-06-22 13:17:02,424 [d61499ed-03ab-4261-8165-c3404d6b8549-groupManagement] INFO  server.RaftServerConfigKeys (ConfUtils.java:logGet(46)) - raft.server.log.appender.install.snapshot.enabled = false (custom)
2023-06-22 13:17:02,424 [d61499ed-03ab-4261-8165-c3404d6b8549-groupManagement] INFO  server.RaftServerConfigKeys (ConfUtils.java:logGet(46)) - raft.server.threadpool.server.cached = true (default)
2023-06-22 13:17:02,424 [d61499ed-03ab-4261-8165-c3404d6b8549-groupManagement] INFO  server.RaftServerConfigKeys (ConfUtils.java:logGet(46)) - raft.server.threadpool.server.size = 0 (default)
2023-06-22 13:17:02,424 [d61499ed-03ab-4261-8165-c3404d6b8549-groupManagement] INFO  server.RaftServerConfigKeys (ConfUtils.java:logGet(46)) - raft.server.threadpool.client.cached = true (default)
2023-06-22 13:17:02,424 [d61499ed-03ab-4261-8165-c3404d6b8549-groupManagement] INFO  server.RaftServerConfigKeys (ConfUtils.java:logGet(46)) - raft.server.threadpool.client.size = 0 (default)
2023-06-22 13:17:02,424 [d61499ed-03ab-4261-8165-c3404d6b8549-groupManagement] INFO  storage.RaftStorageDirectory (RaftStorageDirectoryImpl.java:analyzeStorage(137)) - The storage directory /home/runner/work/ozone/ozone/hadoop-ozone/integration-test/target/test-dir/MiniOzoneClusterImpl-0c9ac019-7194-482d-81d1-9ca5b99c70d1/datanode-4/data/ratis/f6e8b169-a12e-4552-be7f-078092ddfff4 does not exist. Creating ...
2023-06-22 13:17:02,425 [d61499ed-03ab-4261-8165-c3404d6b8549-groupManagement] INFO  storage.RaftStorageDirectory (RaftStorageDirectoryImpl.java:tryLock(231)) - Lock on /home/runner/work/ozone/ozone/hadoop-ozone/integration-test/target/test-dir/MiniOzoneClusterImpl-0c9ac019-7194-482d-81d1-9ca5b99c70d1/datanode-4/data/ratis/f6e8b169-a12e-4552-be7f-078092ddfff4/in_use.lock acquired by nodename 40864@fv-az208-208
2023-06-22 13:17:02,426 [d61499ed-03ab-4261-8165-c3404d6b8549-groupManagement] INFO  storage.RaftStorage (RaftStorageImpl.java:format(96)) - Storage directory /home/runner/work/ozone/ozone/hadoop-ozone/integration-test/target/test-dir/MiniOzoneClusterImpl-0c9ac019-7194-482d-81d1-9ca5b99c70d1/datanode-4/data/ratis/f6e8b169-a12e-4552-be7f-078092ddfff4 has been successfully formatted.
2023-06-22 13:17:02,427 [d61499ed-03ab-4261-8165-c3404d6b8549-groupManagement] INFO  ratis.ContainerStateMachine (ContainerStateMachine.java:loadSnapshot(262)) - group-078092DDFFF4: The snapshot info is null. Setting the last applied indexto:(t:0, i:~)
2023-06-22 13:17:02,427 [d61499ed-03ab-4261-8165-c3404d6b8549-groupManagement] INFO  server.RaftServerConfigKeys (ConfUtils.java:logGet(46)) - raft.server.log.use.memory = false (default)
2023-06-22 13:17:02,427 [d61499ed-03ab-4261-8165-c3404d6b8549-groupManagement] INFO  server.RaftServerConfigKeys (ConfUtils.java:logGet(46)) - raft.server.log.purge.gap = 1000000 (custom)
2023-06-22 13:17:02,427 [d61499ed-03ab-4261-8165-c3404d6b8549-groupManagement] INFO  server.RaftServerConfigKeys (ConfUtils.java:logGet(46)) - raft.server.log.appender.buffer.byte-limit = 33554432 (custom)
2023-06-22 13:17:02,427 [d61499ed-03ab-4261-8165-c3404d6b8549-groupManagement] INFO  server.RaftServerConfigKeys (ConfUtils.java:logGet(46)) - raft.server.log.statemachine.data.read.timeout = 1000ms (default)
2023-06-22 13:17:02,427 [d61499ed-03ab-4261-8165-c3404d6b8549-groupManagement] INFO  server.RaftServerConfigKeys (ConfUtils.java:logGet(46)) - raft.server.log.purge.preservation.log.num = 0 (default)
2023-06-22 13:17:02,428 [d61499ed-03ab-4261-8165-c3404d6b8549-groupManagement] INFO  server.RaftServerConfigKeys (ConfUtils.java:logGet(46)) - raft.server.log.segment.size.max = 1048576 (custom)
2023-06-22 13:17:02,428 [d61499ed-03ab-4261-8165-c3404d6b8549-groupManagement] INFO  server.RaftServerConfigKeys (ConfUtils.java:logGet(46)) - raft.server.log.segment.cache.num.max = 2 (custom)
2023-06-22 13:17:02,428 [d61499ed-03ab-4261-8165-c3404d6b8549-groupManagement] INFO  server.RaftServerConfigKeys (ConfUtils.java:logGet(46)) - raft.server.log.segment.cache.size.max = 200MB (=209715200) (default)
2023-06-22 13:17:02,429 [d61499ed-03ab-4261-8165-c3404d6b8549-groupManagement] INFO  server.RaftServerConfigKeys (ConfUtils.java:logGet(46)) - raft.server.log.appender.buffer.byte-limit = 33554432 (custom)
2023-06-22 13:17:02,429 [d61499ed-03ab-4261-8165-c3404d6b8549-groupManagement] INFO  segmented.SegmentedRaftLogWorker (SegmentedRaftLogWorker.java:<init>(188)) - new d61499ed-03ab-4261-8165-c3404d6b8549@group-078092DDFFF4-SegmentedRaftLogWorker for RaftStorageImpl:Storage Directory /home/runner/work/ozone/ozone/hadoop-ozone/integration-test/target/test-dir/MiniOzoneClusterImpl-0c9ac019-7194-482d-81d1-9ca5b99c70d1/datanode-4/data/ratis/f6e8b169-a12e-4552-be7f-078092ddfff4
2023-06-22 13:17:02,429 [EventQueue-PipelineReportForPipelineReportHandler] INFO  pipeline.PipelineManagerImpl (PipelineManagerImpl.java:openPipeline(367)) - Pipeline Pipeline[ Id: f6e8b169-a12e-4552-be7f-078092ddfff4, Nodes: d61499ed-03ab-4261-8165-c3404d6b8549(fv-az208-208.e0tah0prcmautdldtlfxyeofwf.cx.internal.cloudapp.net/10.1.0.30), ReplicationConfig: RATIS/ONE, State:ALLOCATED, leaderId:d61499ed-03ab-4261-8165-c3404d6b8549, CreationTimestamp2023-06-22T13:16:59.418Z[Etc/UTC]] moved to OPEN state
2023-06-22 13:17:02,430 [d61499ed-03ab-4261-8165-c3404d6b8549-groupManagement] INFO  server.RaftServerConfigKeys (ConfUtils.java:logGet(46)) - raft.server.log.queue.byte-limit = 4294967296 (custom)
2023-06-22 13:17:02,430 [d61499ed-03ab-4261-8165-c3404d6b8549-groupManagement] INFO  server.RaftServerConfigKeys (ConfUtils.java:logGet(46)) - raft.server.log.queue.element-limit = 1024 (custom)
2023-06-22 13:17:02,430 [d61499ed-03ab-4261-8165-c3404d6b8549-groupManagement] INFO  server.RaftServerConfigKeys (ConfUtils.java:logGet(46)) - raft.server.log.segment.size.max = 1048576 (custom)
2023-06-22 13:17:02,430 [d61499ed-03ab-4261-8165-c3404d6b8549-groupManagement] INFO  server.RaftServerConfigKeys (ConfUtils.java:logGet(46)) - raft.server.log.preallocated.size = 16384 (custom)
2023-06-22 13:17:02,431 [d61499ed-03ab-4261-8165-c3404d6b8549-groupManagement] INFO  server.RaftServerConfigKeys (ConfUtils.java:logGet(46)) - raft.server.log.force.sync.num = 128 (default)
2023-06-22 13:17:02,431 [d61499ed-03ab-4261-8165-c3404d6b8549-groupManagement] INFO  server.RaftServerConfigKeys (ConfUtils.java:logGet(46)) - raft.server.log.statemachine.data.sync = true (default)
2023-06-22 13:17:02,431 [d61499ed-03ab-4261-8165-c3404d6b8549-groupManagement] INFO  server.RaftServerConfigKeys (ConfUtils.java:logGet(46)) - raft.server.log.statemachine.data.sync.timeout = 10s (default)
2023-06-22 13:17:02,431 [d61499ed-03ab-4261-8165-c3404d6b8549-groupManagement] INFO  server.RaftServerConfigKeys (ConfUtils.java:logGet(46)) - raft.server.log.statemachine.data.sync.timeout.retry = -1 (default)
2023-06-22 13:17:02,431 [EventQueue-OpenPipelineForHealthyPipelineSafeModeRule] INFO  safemode.SCMSafeModeManager (HealthyPipelineSafeModeRule.java:process(137)) - SCM in safe mode. Healthy pipelines reported count is 0, required healthy pipeline reported count is 1
2023-06-22 13:17:02,431 [d61499ed-03ab-4261-8165-c3404d6b8549-groupManagement] INFO  server.RaftServerConfigKeys (ConfUtils.java:logGet(46)) - raft.server.log.write.buffer.size = 1048576 (custom)
2023-06-22 13:17:02,432 [d61499ed-03ab-4261-8165-c3404d6b8549-groupManagement] INFO  server.RaftServerConfigKeys (ConfUtils.java:logGet(46)) - raft.server.log.appender.buffer.byte-limit = 33554432 (custom)
2023-06-22 13:17:02,435 [d61499ed-03ab-4261-8165-c3404d6b8549-groupManagement] INFO  server.RaftServerConfigKeys (ConfUtils.java:logGet(46)) - raft.server.log.unsafe-flush.enabled = false (default)
2023-06-22 13:17:02,435 [d61499ed-03ab-4261-8165-c3404d6b8549-groupManagement] INFO  server.RaftServerConfigKeys (ConfUtils.java:logGet(46)) - raft.server.log.async-flush.enabled = false (default)
2023-06-22 13:17:02,435 [d61499ed-03ab-4261-8165-c3404d6b8549-groupManagement] INFO  server.RaftServerConfigKeys (ConfUtils.java:logGet(46)) - raft.server.log.statemachine.data.caching.enabled = true (custom)
2023-06-22 13:17:02,435 [d61499ed-03ab-4261-8165-c3404d6b8549-groupManagement] INFO  segmented.SegmentedRaftLogWorker (SegmentedRaftLogWorker.java:lambda$new$0(135)) - d61499ed-03ab-4261-8165-c3404d6b8549@group-078092DDFFF4-SegmentedRaftLogWorker: flushIndex: setUnconditionally 0 -> -1
2023-06-22 13:17:02,435 [d61499ed-03ab-4261-8165-c3404d6b8549-groupManagement] INFO  segmented.SegmentedRaftLogWorker (SegmentedRaftLogWorker.java:lambda$new$0(135)) - d61499ed-03ab-4261-8165-c3404d6b8549@group-078092DDFFF4-SegmentedRaftLogWorker: safeCacheEvictIndex: setUnconditionally 0 -> -1
2023-06-22 13:17:02,436 [d61499ed-03ab-4261-8165-c3404d6b8549-groupManagement] INFO  server.RaftServer$Division (RaftServerImpl.java:start(342)) - d61499ed-03ab-4261-8165-c3404d6b8549@group-078092DDFFF4: start as a follower, conf=-1: peers:[d61499ed-03ab-4261-8165-c3404d6b8549|rpc:10.1.0.30:15050|admin:10.1.0.30:15049|client:10.1.0.30:15048|dataStream:10.1.0.30:15051|priority:1|startupRole:FOLLOWER]|listeners:[], old=null
2023-06-22 13:17:02,436 [d61499ed-03ab-4261-8165-c3404d6b8549-groupManagement] INFO  server.RaftServer$Division (RaftServerImpl.java:setRole(329)) - d61499ed-03ab-4261-8165-c3404d6b8549@group-078092DDFFF4: changes role from      null to FOLLOWER at term 0 for startAsFollower
2023-06-22 13:17:02,436 [d61499ed-03ab-4261-8165-c3404d6b8549-groupManagement] INFO  impl.RoleInfo (RoleInfo.java:updateAndGet(139)) - d61499ed-03ab-4261-8165-c3404d6b8549: start d61499ed-03ab-4261-8165-c3404d6b8549@group-078092DDFFF4-FollowerState
2023-06-22 13:17:02,436 [d61499ed-03ab-4261-8165-c3404d6b8549-groupManagement] INFO  util.JmxRegister (JmxRegister.java:tryRegister(44)) - Successfully registered JMX Bean with object name Ratis:service=RaftServer,group=group-078092DDFFF4,id=d61499ed-03ab-4261-8165-c3404d6b8549
2023-06-22 13:17:02,436 [d61499ed-03ab-4261-8165-c3404d6b8549@group-078092DDFFF4-FollowerState] INFO  server.RaftServerConfigKeys (ConfUtils.java:logFallback(53)) - raft.server.rpc.first-election.timeout.min = 5s (fallback to raft.server.rpc.timeout.min)
2023-06-22 13:17:02,436 [d61499ed-03ab-4261-8165-c3404d6b8549-groupManagement] INFO  server.RaftServerConfigKeys (ConfUtils.java:logGet(46)) - raft.server.snapshot.auto.trigger.enabled = true (custom)
2023-06-22 13:17:02,436 [d61499ed-03ab-4261-8165-c3404d6b8549@group-078092DDFFF4-FollowerState] INFO  server.RaftServerConfigKeys (ConfUtils.java:logFallback(53)) - raft.server.rpc.first-election.timeout.max = 5200ms (fallback to raft.server.rpc.timeout.max)
2023-06-22 13:17:02,436 [d61499ed-03ab-4261-8165-c3404d6b8549-groupManagement] INFO  server.RaftServerConfigKeys (ConfUtils.java:logGet(46)) - raft.server.snapshot.auto.trigger.threshold = 10000 (custom)
2023-06-22 13:17:02,436 [d61499ed-03ab-4261-8165-c3404d6b8549-groupManagement] INFO  server.RaftServerConfigKeys (ConfUtils.java:logGet(46)) - raft.server.snapshot.retention.file.num = 5 (custom)
2023-06-22 13:17:02,436 [d61499ed-03ab-4261-8165-c3404d6b8549-groupManagement] INFO  server.RaftServerConfigKeys (ConfUtils.java:logGet(46)) - raft.server.log.purge.upto.snapshot.index = false (default)
2023-06-22 13:17:02,437 [PipelineCommandHandlerThread-0] INFO  ratis.XceiverServerRatis (XceiverServerRatis.java:addGroup(804)) - Created group PipelineID=f6e8b169-a12e-4552-be7f-078092ddfff4
2023-06-22 13:17:02,437 [PipelineCommandHandlerThread-0] INFO  commandhandler.CreatePipelineCommandHandler (CreatePipelineCommandHandler.java:lambda$handle$2(124)) - Created Pipeline RATIS ONE PipelineID=f6e8b169-a12e-4552-be7f-078092ddfff4.
2023-06-22 13:17:03,413 [main] INFO  ozone.MiniOzoneClusterImpl (MiniOzoneClusterImpl.java:lambda$waitForClusterToBeReady$0(224)) - Nodes are ready. Got 5 of 5 DN Heartbeats.
2023-06-22 13:17:03,413 [main] INFO  ozone.MiniOzoneClusterImpl (MiniOzoneClusterImpl.java:lambda$waitForClusterToBeReady$0(227)) - Waiting for cluster to exit safe mode
2023-06-22 13:17:03,413 [main] INFO  ozone.MiniOzoneClusterImpl (MiniOzoneClusterImpl.java:lambda$waitForClusterToBeReady$0(229)) - SCM became leader
2023-06-22 13:17:04,413 [main] INFO  ozone.MiniOzoneClusterImpl (MiniOzoneClusterImpl.java:lambda$waitForClusterToBeReady$0(224)) - Nodes are ready. Got 5 of 5 DN Heartbeats.
2023-06-22 13:17:04,413 [main] INFO  ozone.MiniOzoneClusterImpl (MiniOzoneClusterImpl.java:lambda$waitForClusterToBeReady$0(227)) - Waiting for cluster to exit safe mode
2023-06-22 13:17:04,414 [main] INFO  ozone.MiniOzoneClusterImpl (MiniOzoneClusterImpl.java:lambda$waitForClusterToBeReady$0(229)) - SCM became leader
2023-06-22 13:17:05,414 [main] INFO  ozone.MiniOzoneClusterImpl (MiniOzoneClusterImpl.java:lambda$waitForClusterToBeReady$0(224)) - Nodes are ready. Got 5 of 5 DN Heartbeats.
2023-06-22 13:17:05,414 [main] INFO  ozone.MiniOzoneClusterImpl (MiniOzoneClusterImpl.java:lambda$waitForClusterToBeReady$0(227)) - Waiting for cluster to exit safe mode
2023-06-22 13:17:05,414 [main] INFO  ozone.MiniOzoneClusterImpl (MiniOzoneClusterImpl.java:lambda$waitForClusterToBeReady$0(229)) - SCM became leader
2023-06-22 13:17:06,001 [814a2953-5a54-4816-82bb-cea6b8923059@group-B1515FA6C5C7-FollowerState] INFO  impl.FollowerState (FollowerState.java:run(143)) - 814a2953-5a54-4816-82bb-cea6b8923059@group-B1515FA6C5C7-FollowerState: change to CANDIDATE, lastRpcElapsedTime:5058418877ns, electionTimeout:5051ms
2023-06-22 13:17:06,001 [814a2953-5a54-4816-82bb-cea6b8923059@group-B1515FA6C5C7-FollowerState] INFO  impl.RoleInfo (RoleInfo.java:shutdownFollowerState(110)) - 814a2953-5a54-4816-82bb-cea6b8923059: shutdown 814a2953-5a54-4816-82bb-cea6b8923059@group-B1515FA6C5C7-FollowerState
2023-06-22 13:17:06,001 [814a2953-5a54-4816-82bb-cea6b8923059@group-B1515FA6C5C7-FollowerState] INFO  server.RaftServer$Division (RaftServerImpl.java:setRole(329)) - 814a2953-5a54-4816-82bb-cea6b8923059@group-B1515FA6C5C7: changes role from  FOLLOWER to CANDIDATE at term 0 for changeToCandidate
2023-06-22 13:17:06,002 [814a2953-5a54-4816-82bb-cea6b8923059@group-B1515FA6C5C7-FollowerState] INFO  server.RaftServerConfigKeys (ConfUtils.java:logGet(46)) - raft.server.leaderelection.pre-vote = true (default)
2023-06-22 13:17:06,002 [814a2953-5a54-4816-82bb-cea6b8923059@group-B1515FA6C5C7-FollowerState] INFO  impl.RoleInfo (RoleInfo.java:updateAndGet(139)) - 814a2953-5a54-4816-82bb-cea6b8923059: start 814a2953-5a54-4816-82bb-cea6b8923059@group-B1515FA6C5C7-LeaderElection2
2023-06-22 13:17:06,004 [814a2953-5a54-4816-82bb-cea6b8923059@group-B1515FA6C5C7-LeaderElection2] INFO  impl.LeaderElection (LeaderElection.java:askForVotes(321)) - 814a2953-5a54-4816-82bb-cea6b8923059@group-B1515FA6C5C7-LeaderElection2 PRE_VOTE round 0: submit vote requests at term 0 for -1: peers:[814a2953-5a54-4816-82bb-cea6b8923059|rpc:10.1.0.30:15014|admin:10.1.0.30:15013|client:10.1.0.30:15012|dataStream:10.1.0.30:15015|priority:1|startupRole:FOLLOWER]|listeners:[], old=null
2023-06-22 13:17:06,004 [814a2953-5a54-4816-82bb-cea6b8923059@group-B1515FA6C5C7-LeaderElection2] INFO  impl.LeaderElection (LeaderElection.java:askForVotes(323)) - 814a2953-5a54-4816-82bb-cea6b8923059@group-B1515FA6C5C7-LeaderElection2 PRE_VOTE round 0: result PASSED (term=0)
2023-06-22 13:17:06,006 [814a2953-5a54-4816-82bb-cea6b8923059@group-B1515FA6C5C7-LeaderElection2] INFO  impl.LeaderElection (LeaderElection.java:askForVotes(321)) - 814a2953-5a54-4816-82bb-cea6b8923059@group-B1515FA6C5C7-LeaderElection2 ELECTION round 0: submit vote requests at term 1 for -1: peers:[814a2953-5a54-4816-82bb-cea6b8923059|rpc:10.1.0.30:15014|admin:10.1.0.30:15013|client:10.1.0.30:15012|dataStream:10.1.0.30:15015|priority:1|startupRole:FOLLOWER]|listeners:[], old=null
2023-06-22 13:17:06,006 [814a2953-5a54-4816-82bb-cea6b8923059@group-B1515FA6C5C7-LeaderElection2] INFO  impl.LeaderElection (LeaderElection.java:askForVotes(323)) - 814a2953-5a54-4816-82bb-cea6b8923059@group-B1515FA6C5C7-LeaderElection2 ELECTION round 0: result PASSED (term=1)
2023-06-22 13:17:06,006 [814a2953-5a54-4816-82bb-cea6b8923059@group-B1515FA6C5C7-LeaderElection2] INFO  impl.RoleInfo (RoleInfo.java:shutdownLeaderElection(130)) - 814a2953-5a54-4816-82bb-cea6b8923059: shutdown 814a2953-5a54-4816-82bb-cea6b8923059@group-B1515FA6C5C7-LeaderElection2
2023-06-22 13:17:06,006 [814a2953-5a54-4816-82bb-cea6b8923059@group-B1515FA6C5C7-LeaderElection2] INFO  server.RaftServer$Division (RaftServerImpl.java:setRole(329)) - 814a2953-5a54-4816-82bb-cea6b8923059@group-B1515FA6C5C7: changes role from CANDIDATE to LEADER at term 1 for changeToLeader
2023-06-22 13:17:06,006 [814a2953-5a54-4816-82bb-cea6b8923059@group-B1515FA6C5C7-LeaderElection2] INFO  ratis.XceiverServerRatis (XceiverServerRatis.java:handleLeaderChangedNotification(902)) - Leader change notification received for group: group-B1515FA6C5C7 with new leaderId: 814a2953-5a54-4816-82bb-cea6b8923059
2023-06-22 13:17:06,006 [814a2953-5a54-4816-82bb-cea6b8923059@group-B1515FA6C5C7-LeaderElection2] INFO  server.RaftServer$Division (ServerState.java:setLeader(317)) - 814a2953-5a54-4816-82bb-cea6b8923059@group-B1515FA6C5C7: change Leader from null to 814a2953-5a54-4816-82bb-cea6b8923059 at term 1 for becomeLeader, leader elected after 5091ms
2023-06-22 13:17:06,007 [814a2953-5a54-4816-82bb-cea6b8923059@group-B1515FA6C5C7-LeaderElection2] INFO  server.RaftServerConfigKeys (ConfUtils.java:logGet(46)) - raft.server.staging.catchup.gap = 1000 (default)
2023-06-22 13:17:06,007 [814a2953-5a54-4816-82bb-cea6b8923059@group-B1515FA6C5C7-LeaderElection2] INFO  server.RaftServerConfigKeys (ConfUtils.java:logGet(46)) - raft.server.write.element-limit = 1024 (custom)
2023-06-22 13:17:06,007 [814a2953-5a54-4816-82bb-cea6b8923059@group-B1515FA6C5C7-LeaderElection2] INFO  server.RaftServerConfigKeys (ConfUtils.java:logGet(46)) - raft.server.write.byte-limit = 1024 M (=1073741824) (custom)
2023-06-22 13:17:06,008 [814a2953-5a54-4816-82bb-cea6b8923059@group-B1515FA6C5C7-LeaderElection2] INFO  server.RaftServerConfigKeys (ConfUtils.java:logGet(46)) - raft.server.watch.timeout = 180s (custom)
2023-06-22 13:17:06,008 [814a2953-5a54-4816-82bb-cea6b8923059@group-B1515FA6C5C7-LeaderElection2] INFO  server.RaftServerConfigKeys (ConfUtils.java:logGet(46)) - raft.server.watch.timeout.denomination = 1s (default)
2023-06-22 13:17:06,008 [814a2953-5a54-4816-82bb-cea6b8923059@group-B1515FA6C5C7-LeaderElection2] INFO  server.RaftServerConfigKeys (ConfUtils.java:logGet(46)) - raft.server.watch.element-limit = 65536 (default)
2023-06-22 13:17:06,008 [814a2953-5a54-4816-82bb-cea6b8923059@group-B1515FA6C5C7-LeaderElection2] INFO  server.RaftServerConfigKeys (ConfUtils.java:logGet(46)) - raft.server.write.element-limit = 1024 (custom)
2023-06-22 13:17:06,008 [814a2953-5a54-4816-82bb-cea6b8923059@group-B1515FA6C5C7-LeaderElection2] INFO  server.RaftServerConfigKeys (ConfUtils.java:logGet(46)) - raft.server.write.follower.gap.ratio.max = -1.0 (default)
2023-06-22 13:17:06,008 [EventQueue-OpenPipelineForHealthyPipelineSafeModeRule] INFO  safemode.SCMSafeModeManager (HealthyPipelineSafeModeRule.java:process(137)) - SCM in safe mode. Healthy pipelines reported count is 0, required healthy pipeline reported count is 1
2023-06-22 13:17:06,008 [814a2953-5a54-4816-82bb-cea6b8923059@group-B1515FA6C5C7-LeaderElection2] INFO  impl.RoleInfo (RoleInfo.java:updateAndGet(139)) - 814a2953-5a54-4816-82bb-cea6b8923059: start 814a2953-5a54-4816-82bb-cea6b8923059@group-B1515FA6C5C7-LeaderStateImpl
2023-06-22 13:17:06,009 [814a2953-5a54-4816-82bb-cea6b8923059@group-B1515FA6C5C7-LeaderElection2] INFO  segmented.SegmentedRaftLogWorker (SegmentedRaftLogWorker.java:startLogSegment(447)) - 814a2953-5a54-4816-82bb-cea6b8923059@group-B1515FA6C5C7-SegmentedRaftLogWorker: Starting segment from index:0
2023-06-22 13:17:06,010 [814a2953-5a54-4816-82bb-cea6b8923059@group-B1515FA6C5C7-LeaderElection2] INFO  server.RaftServer$Division (ServerState.java:setRaftConf(434)) - 814a2953-5a54-4816-82bb-cea6b8923059@group-B1515FA6C5C7: set configuration 0: peers:[814a2953-5a54-4816-82bb-cea6b8923059|rpc:10.1.0.30:15014|admin:10.1.0.30:15013|client:10.1.0.30:15012|dataStream:10.1.0.30:15015|priority:1|startupRole:FOLLOWER]|listeners:[], old=null
2023-06-22 13:17:06,011 [814a2953-5a54-4816-82bb-cea6b8923059@group-B1515FA6C5C7-SegmentedRaftLogWorker] INFO  segmented.SegmentedRaftLogWorker (SegmentedRaftLogWorker.java:execute(651)) - 814a2953-5a54-4816-82bb-cea6b8923059@group-B1515FA6C5C7-SegmentedRaftLogWorker: created new log segment /home/runner/work/ozone/ozone/hadoop-ozone/integration-test/target/test-dir/MiniOzoneClusterImpl-0c9ac019-7194-482d-81d1-9ca5b99c70d1/datanode-0/data/ratis/cf36d24e-1c85-4cc8-85b1-b1515fa6c5c7/current/log_inprogress_0
2023-06-22 13:17:06,187 [814a2953-5a54-4816-82bb-cea6b8923059@group-7575F418CF9A-FollowerState] INFO  impl.FollowerState (FollowerState.java:run(143)) - 814a2953-5a54-4816-82bb-cea6b8923059@group-7575F418CF9A-FollowerState: change to CANDIDATE, lastRpcElapsedTime:5192751611ns, electionTimeout:5173ms
2023-06-22 13:17:06,188 [814a2953-5a54-4816-82bb-cea6b8923059@group-7575F418CF9A-FollowerState] INFO  impl.RoleInfo (RoleInfo.java:shutdownFollowerState(110)) - 814a2953-5a54-4816-82bb-cea6b8923059: shutdown 814a2953-5a54-4816-82bb-cea6b8923059@group-7575F418CF9A-FollowerState
2023-06-22 13:17:06,188 [814a2953-5a54-4816-82bb-cea6b8923059@group-7575F418CF9A-FollowerState] INFO  server.RaftServer$Division (RaftServerImpl.java:setRole(329)) - 814a2953-5a54-4816-82bb-cea6b8923059@group-7575F418CF9A: changes role from  FOLLOWER to CANDIDATE at term 0 for changeToCandidate
2023-06-22 13:17:06,188 [814a2953-5a54-4816-82bb-cea6b8923059@group-7575F418CF9A-FollowerState] INFO  server.RaftServerConfigKeys (ConfUtils.java:logGet(46)) - raft.server.leaderelection.pre-vote = true (default)
2023-06-22 13:17:06,189 [814a2953-5a54-4816-82bb-cea6b8923059@group-7575F418CF9A-FollowerState] INFO  impl.RoleInfo (RoleInfo.java:updateAndGet(139)) - 814a2953-5a54-4816-82bb-cea6b8923059: start 814a2953-5a54-4816-82bb-cea6b8923059@group-7575F418CF9A-LeaderElection3
2023-06-22 13:17:06,190 [814a2953-5a54-4816-82bb-cea6b8923059@group-7575F418CF9A-LeaderElection3] INFO  impl.LeaderElection (LeaderElection.java:askForVotes(321)) - 814a2953-5a54-4816-82bb-cea6b8923059@group-7575F418CF9A-LeaderElection3 PRE_VOTE round 0: submit vote requests at term 0 for -1: peers:[814a2953-5a54-4816-82bb-cea6b8923059|rpc:10.1.0.30:15014|admin:10.1.0.30:15013|client:10.1.0.30:15012|dataStream:10.1.0.30:15015|priority:0|startupRole:FOLLOWER, fb1e6b4b-5f0b-4936-8f17-bb7e415b5287|rpc:10.1.0.30:15032|admin:10.1.0.30:15031|client:10.1.0.30:15030|dataStream:10.1.0.30:15033|priority:0|startupRole:FOLLOWER, fa3625a9-0e11-4f6d-9001-6678f3778837|rpc:10.1.0.30:15023|admin:10.1.0.30:15022|client:10.1.0.30:15021|dataStream:10.1.0.30:15024|priority:1|startupRole:FOLLOWER]|listeners:[], old=null
2023-06-22 13:17:06,195 [814a2953-5a54-4816-82bb-cea6b8923059@group-7575F418CF9A-LeaderElection3] INFO  server.RaftServerConfigKeys (ConfUtils.java:logFallback(53)) - raft.server.rpc.first-election.timeout.min = 5s (fallback to raft.server.rpc.timeout.min)
2023-06-22 13:17:06,195 [814a2953-5a54-4816-82bb-cea6b8923059@group-7575F418CF9A-LeaderElection3] INFO  server.RaftServerConfigKeys (ConfUtils.java:logFallback(53)) - raft.server.rpc.first-election.timeout.max = 5200ms (fallback to raft.server.rpc.timeout.max)
2023-06-22 13:17:06,201 [814a2953-5a54-4816-82bb-cea6b8923059@group-7575F418CF9A-LeaderElection3-1] INFO  server.GrpcServerProtocolClient (GrpcServerProtocolClient.java:<init>(65)) - Build channel for fb1e6b4b-5f0b-4936-8f17-bb7e415b5287
2023-06-22 13:17:06,202 [814a2953-5a54-4816-82bb-cea6b8923059@group-7575F418CF9A-LeaderElection3-2] INFO  server.GrpcServerProtocolClient (GrpcServerProtocolClient.java:<init>(65)) - Build channel for fa3625a9-0e11-4f6d-9001-6678f3778837
2023-06-22 13:17:06,231 [grpc-default-executor-0] INFO  server.RaftServer$Division (RaftServerImpl.java:requestVote(1302)) - fb1e6b4b-5f0b-4936-8f17-bb7e415b5287@group-7575F418CF9A: receive requestVote(PRE_VOTE, 814a2953-5a54-4816-82bb-cea6b8923059, group-7575F418CF9A, 0, (t:0, i:0))
2023-06-22 13:17:06,231 [grpc-default-executor-1] INFO  server.RaftServer$Division (RaftServerImpl.java:requestVote(1302)) - fa3625a9-0e11-4f6d-9001-6678f3778837@group-7575F418CF9A: receive requestVote(PRE_VOTE, 814a2953-5a54-4816-82bb-cea6b8923059, group-7575F418CF9A, 0, (t:0, i:0))
2023-06-22 13:17:06,233 [grpc-default-executor-0] INFO  impl.VoteContext (VoteContext.java:log(49)) - fb1e6b4b-5f0b-4936-8f17-bb7e415b5287@group-7575F418CF9A-FOLLOWER: accept PRE_VOTE from 814a2953-5a54-4816-82bb-cea6b8923059: our priority 0 <= candidate's priority 0
2023-06-22 13:17:06,236 [grpc-default-executor-0] INFO  server.RaftServer$Division (RaftServerImpl.java:requestVote(1335)) - fb1e6b4b-5f0b-4936-8f17-bb7e415b5287@group-7575F418CF9A replies to PRE_VOTE vote request: 814a2953-5a54-4816-82bb-cea6b8923059<-fb1e6b4b-5f0b-4936-8f17-bb7e415b5287#0:OK-t0. Peer's state: fb1e6b4b-5f0b-4936-8f17-bb7e415b5287@group-7575F418CF9A:t0, leader=null, voted=, raftlog=Memoized:fb1e6b4b-5f0b-4936-8f17-bb7e415b5287@group-7575F418CF9A-SegmentedRaftLog:OPENED:c-1, conf=-1: peers:[814a2953-5a54-4816-82bb-cea6b8923059|rpc:10.1.0.30:15014|admin:10.1.0.30:15013|client:10.1.0.30:15012|dataStream:10.1.0.30:15015|priority:0|startupRole:FOLLOWER, fb1e6b4b-5f0b-4936-8f17-bb7e415b5287|rpc:10.1.0.30:15032|admin:10.1.0.30:15031|client:10.1.0.30:15030|dataStream:10.1.0.30:15033|priority:0|startupRole:FOLLOWER, fa3625a9-0e11-4f6d-9001-6678f3778837|rpc:10.1.0.30:15023|admin:10.1.0.30:15022|client:10.1.0.30:15021|dataStream:10.1.0.30:15024|priority:1|startupRole:FOLLOWER]|listeners:[], old=null
2023-06-22 13:17:06,234 [grpc-default-executor-1] INFO  impl.VoteContext (VoteContext.java:log(49)) - fa3625a9-0e11-4f6d-9001-6678f3778837@group-7575F418CF9A-FOLLOWER: reject PRE_VOTE from 814a2953-5a54-4816-82bb-cea6b8923059: our priority 1 > candidate's priority 0
2023-06-22 13:17:06,237 [grpc-default-executor-1] INFO  server.RaftServer$Division (RaftServerImpl.java:requestVote(1335)) - fa3625a9-0e11-4f6d-9001-6678f3778837@group-7575F418CF9A replies to PRE_VOTE vote request: 814a2953-5a54-4816-82bb-cea6b8923059<-fa3625a9-0e11-4f6d-9001-6678f3778837#0:FAIL-t0. Peer's state: fa3625a9-0e11-4f6d-9001-6678f3778837@group-7575F418CF9A:t0, leader=null, voted=, raftlog=Memoized:fa3625a9-0e11-4f6d-9001-6678f3778837@group-7575F418CF9A-SegmentedRaftLog:OPENED:c-1, conf=-1: peers:[814a2953-5a54-4816-82bb-cea6b8923059|rpc:10.1.0.30:15014|admin:10.1.0.30:15013|client:10.1.0.30:15012|dataStream:10.1.0.30:15015|priority:0|startupRole:FOLLOWER, fb1e6b4b-5f0b-4936-8f17-bb7e415b5287|rpc:10.1.0.30:15032|admin:10.1.0.30:15031|client:10.1.0.30:15030|dataStream:10.1.0.30:15033|priority:0|startupRole:FOLLOWER, fa3625a9-0e11-4f6d-9001-6678f3778837|rpc:10.1.0.30:15023|admin:10.1.0.30:15022|client:10.1.0.30:15021|dataStream:10.1.0.30:15024|priority:1|startupRole:FOLLOWER]|listeners:[], old=null
2023-06-22 13:17:06,241 [814a2953-5a54-4816-82bb-cea6b8923059@group-7575F418CF9A-LeaderElection3] INFO  impl.LeaderElection (LeaderElection.java:logAndReturn(90)) - 814a2953-5a54-4816-82bb-cea6b8923059@group-7575F418CF9A-LeaderElection3: PRE_VOTE REJECTED received 2 response(s) and 0 exception(s):
2023-06-22 13:17:06,241 [814a2953-5a54-4816-82bb-cea6b8923059@group-7575F418CF9A-LeaderElection3] INFO  impl.LeaderElection (LeaderElection.java:logAndReturn(94)) -   Response 0: 814a2953-5a54-4816-82bb-cea6b8923059<-fb1e6b4b-5f0b-4936-8f17-bb7e415b5287#0:OK-t0
2023-06-22 13:17:06,241 [814a2953-5a54-4816-82bb-cea6b8923059@group-7575F418CF9A-LeaderElection3] INFO  impl.LeaderElection (LeaderElection.java:logAndReturn(94)) -   Response 1: 814a2953-5a54-4816-82bb-cea6b8923059<-fa3625a9-0e11-4f6d-9001-6678f3778837#0:FAIL-t0
2023-06-22 13:17:06,241 [814a2953-5a54-4816-82bb-cea6b8923059@group-7575F418CF9A-LeaderElection3] INFO  impl.LeaderElection (LeaderElection.java:askForVotes(323)) - 814a2953-5a54-4816-82bb-cea6b8923059@group-7575F418CF9A-LeaderElection3 PRE_VOTE round 0: result REJECTED
2023-06-22 13:17:06,242 [814a2953-5a54-4816-82bb-cea6b8923059@group-7575F418CF9A-LeaderElection3] INFO  server.RaftServer$Division (RaftServerImpl.java:setRole(329)) - 814a2953-5a54-4816-82bb-cea6b8923059@group-7575F418CF9A: changes role from CANDIDATE to FOLLOWER at term 0 for REJECTED
2023-06-22 13:17:06,242 [814a2953-5a54-4816-82bb-cea6b8923059@group-7575F418CF9A-LeaderElection3] INFO  impl.RoleInfo (RoleInfo.java:shutdownLeaderElection(130)) - 814a2953-5a54-4816-82bb-cea6b8923059: shutdown 814a2953-5a54-4816-82bb-cea6b8923059@group-7575F418CF9A-LeaderElection3
2023-06-22 13:17:06,242 [814a2953-5a54-4816-82bb-cea6b8923059@group-7575F418CF9A-LeaderElection3] INFO  impl.RoleInfo (RoleInfo.java:updateAndGet(139)) - 814a2953-5a54-4816-82bb-cea6b8923059: start 814a2953-5a54-4816-82bb-cea6b8923059@group-7575F418CF9A-FollowerState
2023-06-22 13:17:06,414 [main] INFO  ozone.MiniOzoneClusterImpl (MiniOzoneClusterImpl.java:lambda$waitForClusterToBeReady$0(224)) - Nodes are ready. Got 5 of 5 DN Heartbeats.
2023-06-22 13:17:06,415 [main] INFO  ozone.MiniOzoneClusterImpl (MiniOzoneClusterImpl.java:lambda$waitForClusterToBeReady$0(227)) - Waiting for cluster to exit safe mode
2023-06-22 13:17:06,415 [main] INFO  ozone.MiniOzoneClusterImpl (MiniOzoneClusterImpl.java:lambda$waitForClusterToBeReady$0(229)) - SCM became leader
2023-06-22 13:17:06,416 [fa3625a9-0e11-4f6d-9001-6678f3778837@group-7575F418CF9A-FollowerState] INFO  impl.FollowerState (FollowerState.java:run(143)) - fa3625a9-0e11-4f6d-9001-6678f3778837@group-7575F418CF9A-FollowerState: change to CANDIDATE, lastRpcElapsedTime:5056990877ns, electionTimeout:5051ms
2023-06-22 13:17:06,416 [fa3625a9-0e11-4f6d-9001-6678f3778837@group-7575F418CF9A-FollowerState] INFO  impl.RoleInfo (RoleInfo.java:shutdownFollowerState(110)) - fa3625a9-0e11-4f6d-9001-6678f3778837: shutdown fa3625a9-0e11-4f6d-9001-6678f3778837@group-7575F418CF9A-FollowerState
2023-06-22 13:17:06,416 [fa3625a9-0e11-4f6d-9001-6678f3778837@group-7575F418CF9A-FollowerState] INFO  server.RaftServer$Division (RaftServerImpl.java:setRole(329)) - fa3625a9-0e11-4f6d-9001-6678f3778837@group-7575F418CF9A: changes role from  FOLLOWER to CANDIDATE at term 0 for changeToCandidate
2023-06-22 13:17:06,417 [fa3625a9-0e11-4f6d-9001-6678f3778837@group-7575F418CF9A-FollowerState] INFO  server.RaftServerConfigKeys (ConfUtils.java:logGet(46)) - raft.server.leaderelection.pre-vote = true (default)
2023-06-22 13:17:06,417 [fa3625a9-0e11-4f6d-9001-6678f3778837@group-7575F418CF9A-FollowerState] INFO  impl.RoleInfo (RoleInfo.java:updateAndGet(139)) - fa3625a9-0e11-4f6d-9001-6678f3778837: start fa3625a9-0e11-4f6d-9001-6678f3778837@group-7575F418CF9A-LeaderElection4
2023-06-22 13:17:06,420 [fa3625a9-0e11-4f6d-9001-6678f3778837@group-7575F418CF9A-LeaderElection4] INFO  impl.LeaderElection (LeaderElection.java:askForVotes(321)) - fa3625a9-0e11-4f6d-9001-6678f3778837@group-7575F418CF9A-LeaderElection4 PRE_VOTE round 0: submit vote requests at term 0 for -1: peers:[814a2953-5a54-4816-82bb-cea6b8923059|rpc:10.1.0.30:15014|admin:10.1.0.30:15013|client:10.1.0.30:15012|dataStream:10.1.0.30:15015|priority:0|startupRole:FOLLOWER, fb1e6b4b-5f0b-4936-8f17-bb7e415b5287|rpc:10.1.0.30:15032|admin:10.1.0.30:15031|client:10.1.0.30:15030|dataStream:10.1.0.30:15033|priority:0|startupRole:FOLLOWER, fa3625a9-0e11-4f6d-9001-6678f3778837|rpc:10.1.0.30:15023|admin:10.1.0.30:15022|client:10.1.0.30:15021|dataStream:10.1.0.30:15024|priority:1|startupRole:FOLLOWER]|listeners:[], old=null
2023-06-22 13:17:06,421 [fa3625a9-0e11-4f6d-9001-6678f3778837@group-7575F418CF9A-LeaderElection4-1] INFO  server.GrpcServerProtocolClient (GrpcServerProtocolClient.java:<init>(65)) - Build channel for 814a2953-5a54-4816-82bb-cea6b8923059
2023-06-22 13:17:06,421 [fa3625a9-0e11-4f6d-9001-6678f3778837@group-7575F418CF9A-LeaderElection4] INFO  server.RaftServerConfigKeys (ConfUtils.java:logFallback(53)) - raft.server.rpc.first-election.timeout.min = 5s (fallback to raft.server.rpc.timeout.min)
2023-06-22 13:17:06,424 [fa3625a9-0e11-4f6d-9001-6678f3778837@group-7575F418CF9A-LeaderElection4] INFO  server.RaftServerConfigKeys (ConfUtils.java:logFallback(53)) - raft.server.rpc.first-election.timeout.max = 5200ms (fallback to raft.server.rpc.timeout.max)
2023-06-22 13:17:06,424 [fa3625a9-0e11-4f6d-9001-6678f3778837@group-7575F418CF9A-LeaderElection4-2] INFO  server.GrpcServerProtocolClient (GrpcServerProtocolClient.java:<init>(65)) - Build channel for fb1e6b4b-5f0b-4936-8f17-bb7e415b5287
2023-06-22 13:17:06,443 [grpc-default-executor-0] INFO  server.RaftServer$Division (RaftServerImpl.java:requestVote(1302)) - 814a2953-5a54-4816-82bb-cea6b8923059@group-7575F418CF9A: receive requestVote(PRE_VOTE, fa3625a9-0e11-4f6d-9001-6678f3778837, group-7575F418CF9A, 0, (t:0, i:0))
2023-06-22 13:17:06,444 [grpc-default-executor-0] INFO  impl.VoteContext (VoteContext.java:log(49)) - 814a2953-5a54-4816-82bb-cea6b8923059@group-7575F418CF9A-FOLLOWER: accept PRE_VOTE from fa3625a9-0e11-4f6d-9001-6678f3778837: our priority 0 <= candidate's priority 1
2023-06-22 13:17:06,444 [grpc-default-executor-0] INFO  server.RaftServer$Division (RaftServerImpl.java:requestVote(1335)) - 814a2953-5a54-4816-82bb-cea6b8923059@group-7575F418CF9A replies to PRE_VOTE vote request: fa3625a9-0e11-4f6d-9001-6678f3778837<-814a2953-5a54-4816-82bb-cea6b8923059#0:OK-t0. Peer's state: 814a2953-5a54-4816-82bb-cea6b8923059@group-7575F418CF9A:t0, leader=null, voted=, raftlog=Memoized:814a2953-5a54-4816-82bb-cea6b8923059@group-7575F418CF9A-SegmentedRaftLog:OPENED:c-1, conf=-1: peers:[814a2953-5a54-4816-82bb-cea6b8923059|rpc:10.1.0.30:15014|admin:10.1.0.30:15013|client:10.1.0.30:15012|dataStream:10.1.0.30:15015|priority:0|startupRole:FOLLOWER, fb1e6b4b-5f0b-4936-8f17-bb7e415b5287|rpc:10.1.0.30:15032|admin:10.1.0.30:15031|client:10.1.0.30:15030|dataStream:10.1.0.30:15033|priority:0|startupRole:FOLLOWER, fa3625a9-0e11-4f6d-9001-6678f3778837|rpc:10.1.0.30:15023|admin:10.1.0.30:15022|client:10.1.0.30:15021|dataStream:10.1.0.30:15024|priority:1|startupRole:FOLLOWER]|listeners:[], old=null
2023-06-22 13:17:06,447 [fa3625a9-0e11-4f6d-9001-6678f3778837@group-7575F418CF9A-LeaderElection4] INFO  impl.LeaderElection (LeaderElection.java:logAndReturn(90)) - fa3625a9-0e11-4f6d-9001-6678f3778837@group-7575F418CF9A-LeaderElection4: PRE_VOTE PASSED received 1 response(s) and 0 exception(s):
2023-06-22 13:17:06,447 [fa3625a9-0e11-4f6d-9001-6678f3778837@group-7575F418CF9A-LeaderElection4] INFO  impl.LeaderElection (LeaderElection.java:logAndReturn(94)) -   Response 0: fa3625a9-0e11-4f6d-9001-6678f3778837<-814a2953-5a54-4816-82bb-cea6b8923059#0:OK-t0
2023-06-22 13:17:06,447 [fa3625a9-0e11-4f6d-9001-6678f3778837@group-7575F418CF9A-LeaderElection4] INFO  impl.LeaderElection (LeaderElection.java:askForVotes(323)) - fa3625a9-0e11-4f6d-9001-6678f3778837@group-7575F418CF9A-LeaderElection4 PRE_VOTE round 0: result PASSED
2023-06-22 13:17:06,447 [grpc-default-executor-1] INFO  server.RaftServer$Division (RaftServerImpl.java:requestVote(1302)) - fb1e6b4b-5f0b-4936-8f17-bb7e415b5287@group-7575F418CF9A: receive requestVote(PRE_VOTE, fa3625a9-0e11-4f6d-9001-6678f3778837, group-7575F418CF9A, 0, (t:0, i:0))
2023-06-22 13:17:06,449 [grpc-default-executor-1] INFO  impl.VoteContext (VoteContext.java:log(49)) - fb1e6b4b-5f0b-4936-8f17-bb7e415b5287@group-7575F418CF9A-FOLLOWER: accept PRE_VOTE from fa3625a9-0e11-4f6d-9001-6678f3778837: our priority 0 <= candidate's priority 1
2023-06-22 13:17:06,449 [grpc-default-executor-1] INFO  server.RaftServer$Division (RaftServerImpl.java:requestVote(1335)) - fb1e6b4b-5f0b-4936-8f17-bb7e415b5287@group-7575F418CF9A replies to PRE_VOTE vote request: fa3625a9-0e11-4f6d-9001-6678f3778837<-fb1e6b4b-5f0b-4936-8f17-bb7e415b5287#0:OK-t0. Peer's state: fb1e6b4b-5f0b-4936-8f17-bb7e415b5287@group-7575F418CF9A:t0, leader=null, voted=, raftlog=Memoized:fb1e6b4b-5f0b-4936-8f17-bb7e415b5287@group-7575F418CF9A-SegmentedRaftLog:OPENED:c-1, conf=-1: peers:[814a2953-5a54-4816-82bb-cea6b8923059|rpc:10.1.0.30:15014|admin:10.1.0.30:15013|client:10.1.0.30:15012|dataStream:10.1.0.30:15015|priority:0|startupRole:FOLLOWER, fb1e6b4b-5f0b-4936-8f17-bb7e415b5287|rpc:10.1.0.30:15032|admin:10.1.0.30:15031|client:10.1.0.30:15030|dataStream:10.1.0.30:15033|priority:0|startupRole:FOLLOWER, fa3625a9-0e11-4f6d-9001-6678f3778837|rpc:10.1.0.30:15023|admin:10.1.0.30:15022|client:10.1.0.30:15021|dataStream:10.1.0.30:15024|priority:1|startupRole:FOLLOWER]|listeners:[], old=null
2023-06-22 13:17:06,451 [fa3625a9-0e11-4f6d-9001-6678f3778837@group-7575F418CF9A-LeaderElection4] INFO  impl.LeaderElection (LeaderElection.java:askForVotes(321)) - fa3625a9-0e11-4f6d-9001-6678f3778837@group-7575F418CF9A-LeaderElection4 ELECTION round 0: submit vote requests at term 1 for -1: peers:[814a2953-5a54-4816-82bb-cea6b8923059|rpc:10.1.0.30:15014|admin:10.1.0.30:15013|client:10.1.0.30:15012|dataStream:10.1.0.30:15015|priority:0|startupRole:FOLLOWER, fb1e6b4b-5f0b-4936-8f17-bb7e415b5287|rpc:10.1.0.30:15032|admin:10.1.0.30:15031|client:10.1.0.30:15030|dataStream:10.1.0.30:15033|priority:0|startupRole:FOLLOWER, fa3625a9-0e11-4f6d-9001-6678f3778837|rpc:10.1.0.30:15023|admin:10.1.0.30:15022|client:10.1.0.30:15021|dataStream:10.1.0.30:15024|priority:1|startupRole:FOLLOWER]|listeners:[], old=null
2023-06-22 13:17:06,457 [fa3625a9-0e11-4f6d-9001-6678f3778837@group-7575F418CF9A-LeaderElection4] INFO  server.RaftServerConfigKeys (ConfUtils.java:logFallback(53)) - raft.server.rpc.first-election.timeout.min = 5s (fallback to raft.server.rpc.timeout.min)
2023-06-22 13:17:06,457 [fa3625a9-0e11-4f6d-9001-6678f3778837@group-7575F418CF9A-LeaderElection4] INFO  server.RaftServerConfigKeys (ConfUtils.java:logFallback(53)) - raft.server.rpc.first-election.timeout.max = 5200ms (fallback to raft.server.rpc.timeout.max)
2023-06-22 13:17:06,458 [grpc-default-executor-1] INFO  server.RaftServer$Division (RaftServerImpl.java:requestVote(1302)) - 814a2953-5a54-4816-82bb-cea6b8923059@group-7575F418CF9A: receive requestVote(ELECTION, fa3625a9-0e11-4f6d-9001-6678f3778837, group-7575F418CF9A, 1, (t:0, i:0))
2023-06-22 13:17:06,459 [grpc-default-executor-1] INFO  impl.VoteContext (VoteContext.java:log(49)) - 814a2953-5a54-4816-82bb-cea6b8923059@group-7575F418CF9A-FOLLOWER: accept ELECTION from fa3625a9-0e11-4f6d-9001-6678f3778837: our priority 0 <= candidate's priority 1
2023-06-22 13:17:06,459 [grpc-default-executor-1] INFO  server.RaftServer$Division (RaftServerImpl.java:setRole(329)) - 814a2953-5a54-4816-82bb-cea6b8923059@group-7575F418CF9A: changes role from  FOLLOWER to FOLLOWER at term 1 for candidate:fa3625a9-0e11-4f6d-9001-6678f3778837
2023-06-22 13:17:06,459 [grpc-default-executor-1] INFO  impl.RoleInfo (RoleInfo.java:shutdownFollowerState(110)) - 814a2953-5a54-4816-82bb-cea6b8923059: shutdown 814a2953-5a54-4816-82bb-cea6b8923059@group-7575F418CF9A-FollowerState
2023-06-22 13:17:06,459 [grpc-default-executor-1] INFO  impl.RoleInfo (RoleInfo.java:updateAndGet(139)) - 814a2953-5a54-4816-82bb-cea6b8923059: start 814a2953-5a54-4816-82bb-cea6b8923059@group-7575F418CF9A-FollowerState
2023-06-22 13:17:06,459 [814a2953-5a54-4816-82bb-cea6b8923059@group-7575F418CF9A-FollowerState] INFO  impl.FollowerState (FollowerState.java:run(152)) - 814a2953-5a54-4816-82bb-cea6b8923059@group-7575F418CF9A-FollowerState was interrupted
2023-06-22 13:17:06,460 [grpc-default-executor-1] INFO  server.RaftServer$Division (RaftServerImpl.java:requestVote(1335)) - 814a2953-5a54-4816-82bb-cea6b8923059@group-7575F418CF9A replies to ELECTION vote request: fa3625a9-0e11-4f6d-9001-6678f3778837<-814a2953-5a54-4816-82bb-cea6b8923059#0:OK-t1. Peer's state: 814a2953-5a54-4816-82bb-cea6b8923059@group-7575F418CF9A:t1, leader=null, voted=fa3625a9-0e11-4f6d-9001-6678f3778837, raftlog=Memoized:814a2953-5a54-4816-82bb-cea6b8923059@group-7575F418CF9A-SegmentedRaftLog:OPENED:c-1, conf=-1: peers:[814a2953-5a54-4816-82bb-cea6b8923059|rpc:10.1.0.30:15014|admin:10.1.0.30:15013|client:10.1.0.30:15012|dataStream:10.1.0.30:15015|priority:0|startupRole:FOLLOWER, fb1e6b4b-5f0b-4936-8f17-bb7e415b5287|rpc:10.1.0.30:15032|admin:10.1.0.30:15031|client:10.1.0.30:15030|dataStream:10.1.0.30:15033|priority:0|startupRole:FOLLOWER, fa3625a9-0e11-4f6d-9001-6678f3778837|rpc:10.1.0.30:15023|admin:10.1.0.30:15022|client:10.1.0.30:15021|dataStream:10.1.0.30:15024|priority:1|startupRole:FOLLOWER]|listeners:[], old=null
2023-06-22 13:17:06,463 [fa3625a9-0e11-4f6d-9001-6678f3778837@group-7575F418CF9A-LeaderElection4] INFO  impl.LeaderElection (LeaderElection.java:logAndReturn(90)) - fa3625a9-0e11-4f6d-9001-6678f3778837@group-7575F418CF9A-LeaderElection4: ELECTION PASSED received 1 response(s) and 0 exception(s):
2023-06-22 13:17:06,463 [fa3625a9-0e11-4f6d-9001-6678f3778837@group-7575F418CF9A-LeaderElection4] INFO  impl.LeaderElection (LeaderElection.java:logAndReturn(94)) -   Response 0: fa3625a9-0e11-4f6d-9001-6678f3778837<-814a2953-5a54-4816-82bb-cea6b8923059#0:OK-t1
2023-06-22 13:17:06,463 [fa3625a9-0e11-4f6d-9001-6678f3778837@group-7575F418CF9A-LeaderElection4] INFO  impl.LeaderElection (LeaderElection.java:askForVotes(323)) - fa3625a9-0e11-4f6d-9001-6678f3778837@group-7575F418CF9A-LeaderElection4 ELECTION round 0: result PASSED
2023-06-22 13:17:06,463 [fa3625a9-0e11-4f6d-9001-6678f3778837@group-7575F418CF9A-LeaderElection4] INFO  impl.RoleInfo (RoleInfo.java:shutdownLeaderElection(130)) - fa3625a9-0e11-4f6d-9001-6678f3778837: shutdown fa3625a9-0e11-4f6d-9001-6678f3778837@group-7575F418CF9A-LeaderElection4
2023-06-22 13:17:06,463 [fa3625a9-0e11-4f6d-9001-6678f3778837@group-7575F418CF9A-LeaderElection4] INFO  server.RaftServer$Division (RaftServerImpl.java:setRole(329)) - fa3625a9-0e11-4f6d-9001-6678f3778837@group-7575F418CF9A: changes role from CANDIDATE to LEADER at term 1 for changeToLeader
2023-06-22 13:17:06,463 [fa3625a9-0e11-4f6d-9001-6678f3778837@group-7575F418CF9A-LeaderElection4] INFO  ratis.XceiverServerRatis (XceiverServerRatis.java:handleLeaderChangedNotification(902)) - Leader change notification received for group: group-7575F418CF9A with new leaderId: fa3625a9-0e11-4f6d-9001-6678f3778837
2023-06-22 13:17:06,463 [fa3625a9-0e11-4f6d-9001-6678f3778837@group-7575F418CF9A-LeaderElection4] INFO  server.RaftServer$Division (ServerState.java:setLeader(317)) - fa3625a9-0e11-4f6d-9001-6678f3778837@group-7575F418CF9A: change Leader from null to fa3625a9-0e11-4f6d-9001-6678f3778837 at term 1 for becomeLeader, leader elected after 5132ms
2023-06-22 13:17:06,463 [fa3625a9-0e11-4f6d-9001-6678f3778837@group-7575F418CF9A-LeaderElection4] INFO  server.RaftServerConfigKeys (ConfUtils.java:logGet(46)) - raft.server.staging.catchup.gap = 1000 (default)
2023-06-22 13:17:06,464 [fa3625a9-0e11-4f6d-9001-6678f3778837@group-7575F418CF9A-LeaderElection4] INFO  server.RaftServerConfigKeys (ConfUtils.java:logGet(46)) - raft.server.write.element-limit = 1024 (custom)
2023-06-22 13:17:06,464 [fa3625a9-0e11-4f6d-9001-6678f3778837@group-7575F418CF9A-LeaderElection4] INFO  server.RaftServerConfigKeys (ConfUtils.java:logGet(46)) - raft.server.write.byte-limit = 1024 M (=1073741824) (custom)
2023-06-22 13:17:06,464 [fa3625a9-0e11-4f6d-9001-6678f3778837@group-7575F418CF9A-LeaderElection4] INFO  server.RaftServerConfigKeys (ConfUtils.java:logGet(46)) - raft.server.watch.timeout = 180s (custom)
2023-06-22 13:17:06,464 [fa3625a9-0e11-4f6d-9001-6678f3778837@group-7575F418CF9A-LeaderElection4] INFO  server.RaftServerConfigKeys (ConfUtils.java:logGet(46)) - raft.server.watch.timeout.denomination = 1s (default)
2023-06-22 13:17:06,464 [fa3625a9-0e11-4f6d-9001-6678f3778837@group-7575F418CF9A-LeaderElection4] INFO  server.RaftServerConfigKeys (ConfUtils.java:logGet(46)) - raft.server.watch.element-limit = 65536 (default)
2023-06-22 13:17:06,464 [fa3625a9-0e11-4f6d-9001-6678f3778837@group-7575F418CF9A-LeaderElection4] INFO  server.RaftServerConfigKeys (ConfUtils.java:logGet(46)) - raft.server.write.element-limit = 1024 (custom)
2023-06-22 13:17:06,464 [fa3625a9-0e11-4f6d-9001-6678f3778837@group-7575F418CF9A-LeaderElection4] INFO  server.RaftServerConfigKeys (ConfUtils.java:logGet(46)) - raft.server.write.follower.gap.ratio.max = -1.0 (default)
2023-06-22 13:17:06,465 [EventQueue-PipelineReportForPipelineReportHandler] INFO  pipeline.PipelineManagerImpl (PipelineManagerImpl.java:openPipeline(367)) - Pipeline Pipeline[ Id: 59665af5-57fe-4c3c-b082-7575f418cf9a, Nodes: fa3625a9-0e11-4f6d-9001-6678f3778837(fv-az208-208.e0tah0prcmautdldtlfxyeofwf.cx.internal.cloudapp.net/10.1.0.30)fb1e6b4b-5f0b-4936-8f17-bb7e415b5287(fv-az208-208.e0tah0prcmautdldtlfxyeofwf.cx.internal.cloudapp.net/10.1.0.30)814a2953-5a54-4816-82bb-cea6b8923059(fv-az208-208.e0tah0prcmautdldtlfxyeofwf.cx.internal.cloudapp.net/10.1.0.30), ReplicationConfig: RATIS/THREE, State:ALLOCATED, leaderId:fa3625a9-0e11-4f6d-9001-6678f3778837, CreationTimestamp2023-06-22T13:16:58.768Z[Etc/UTC]] moved to OPEN state
2023-06-22 13:17:06,476 [EventQueue-OpenPipelineForHealthyPipelineSafeModeRule] INFO  safemode.SCMSafeModeManager (HealthyPipelineSafeModeRule.java:process(137)) - SCM in safe mode. Healthy pipelines reported count is 1, required healthy pipeline reported count is 1
2023-06-22 13:17:06,475 [grpc-default-executor-0] INFO  server.RaftServer$Division (RaftServerImpl.java:requestVote(1302)) - fb1e6b4b-5f0b-4936-8f17-bb7e415b5287@group-7575F418CF9A: receive requestVote(ELECTION, fa3625a9-0e11-4f6d-9001-6678f3778837, group-7575F418CF9A, 1, (t:0, i:0))
2023-06-22 13:17:06,472 [fa3625a9-0e11-4f6d-9001-6678f3778837@group-7575F418CF9A-LeaderElection4] INFO  server.RaftServerConfigKeys (ConfUtils.java:logGet(46)) - raft.server.log.appender.snapshot.chunk.size.max = 16MB (=16777216) (default)
2023-06-22 13:17:06,476 [grpc-default-executor-0] INFO  impl.VoteContext (VoteContext.java:log(49)) - fb1e6b4b-5f0b-4936-8f17-bb7e415b5287@group-7575F418CF9A-FOLLOWER: accept ELECTION from fa3625a9-0e11-4f6d-9001-6678f3778837: our priority 0 <= candidate's priority 1
2023-06-22 13:17:06,476 [fa3625a9-0e11-4f6d-9001-6678f3778837@group-7575F418CF9A-LeaderElection4] INFO  server.RaftServerConfigKeys (ConfUtils.java:logGet(46)) - raft.server.log.appender.buffer.byte-limit = 33554432 (custom)
2023-06-22 13:17:06,476 [grpc-default-executor-0] INFO  server.RaftServer$Division (RaftServerImpl.java:setRole(329)) - fb1e6b4b-5f0b-4936-8f17-bb7e415b5287@group-7575F418CF9A: changes role from  FOLLOWER to FOLLOWER at term 1 for candidate:fa3625a9-0e11-4f6d-9001-6678f3778837
2023-06-22 13:17:06,476 [grpc-default-executor-0] INFO  impl.RoleInfo (RoleInfo.java:shutdownFollowerState(110)) - fb1e6b4b-5f0b-4936-8f17-bb7e415b5287: shutdown fb1e6b4b-5f0b-4936-8f17-bb7e415b5287@group-7575F418CF9A-FollowerState
2023-06-22 13:17:06,476 [EventQueue-OpenPipelineForHealthyPipelineSafeModeRule] INFO  safemode.SCMSafeModeManager (SCMSafeModeManager.java:validateSafeModeExitRules(200)) - HealthyPipelineSafeModeRule rule is successfully validated
2023-06-22 13:17:06,480 [EventQueue-OpenPipelineForHealthyPipelineSafeModeRule] INFO  safemode.SCMSafeModeManager (SCMSafeModeManager.java:validateSafeModeExitRules(215)) - ScmSafeModeManager, all rules are successfully validated
2023-06-22 13:17:06,480 [EventQueue-OpenPipelineForHealthyPipelineSafeModeRule] INFO  safemode.SCMSafeModeManager (SCMSafeModeManager.java:exitSafeMode(244)) - SCM exiting safe mode.
2023-06-22 13:17:06,480 [EventQueue-OpenPipelineForHealthyPipelineSafeModeRule] INFO  ha.SCMContext (SCMContext.java:updateSafeModeStatus(228)) - Update SafeModeStatus from SafeModeStatus{safeModeStatus=true, preCheckPassed=true} to SafeModeStatus{safeModeStatus=false, preCheckPassed=true}.
2023-06-22 13:17:06,480 [EventQueue-OpenPipelineForHealthyPipelineSafeModeRule] INFO  pipeline.BackgroundPipelineCreator (BackgroundPipelineCreator.java:notifyStatusChanged(254)) - Service BackgroundPipelineCreator transitions to RUNNING.
2023-06-22 13:17:06,480 [EventQueue-OpenPipelineForHealthyPipelineSafeModeRule] INFO  BackgroundPipelineScrubber (BackgroundSCMService.java:notifyStatusChanged(82)) - Service BackgroundPipelineScrubber transitions to RUNNING.
2023-06-22 13:17:06,480 [EventQueue-OpenPipelineForHealthyPipelineSafeModeRule] INFO  ExpiredContainerReplicaOpScrubber (BackgroundSCMService.java:notifyStatusChanged(82)) - Service ExpiredContainerReplicaOpScrubber transitions to RUNNING.
2023-06-22 13:17:06,480 [fa3625a9-0e11-4f6d-9001-6678f3778837@group-7575F418CF9A-LeaderElection4] INFO  server.RaftServerConfigKeys (ConfUtils.java:logGet(46)) - raft.server.log.appender.buffer.element-limit = 1 (custom)
2023-06-22 13:17:06,480 [grpc-default-executor-0] INFO  impl.RoleInfo (RoleInfo.java:updateAndGet(139)) - fb1e6b4b-5f0b-4936-8f17-bb7e415b5287: start fb1e6b4b-5f0b-4936-8f17-bb7e415b5287@group-7575F418CF9A-FollowerState
2023-06-22 13:17:06,477 [fb1e6b4b-5f0b-4936-8f17-bb7e415b5287@group-7575F418CF9A-FollowerState] INFO  impl.FollowerState (FollowerState.java:run(152)) - fb1e6b4b-5f0b-4936-8f17-bb7e415b5287@group-7575F418CF9A-FollowerState was interrupted
2023-06-22 13:17:06,480 [EventQueue-OpenPipelineForHealthyPipelineSafeModeRule] INFO  replication.ReplicationManager (ReplicationManager.java:notifyStatusChanged(1361)) - Service ReplicationManager transitions to RUNNING.
2023-06-22 13:17:06,483 [grpc-default-executor-0] INFO  server.RaftServer$Division (RaftServerImpl.java:requestVote(1335)) - fb1e6b4b-5f0b-4936-8f17-bb7e415b5287@group-7575F418CF9A replies to ELECTION vote request: fa3625a9-0e11-4f6d-9001-6678f3778837<-fb1e6b4b-5f0b-4936-8f17-bb7e415b5287#0:OK-t1. Peer's state: fb1e6b4b-5f0b-4936-8f17-bb7e415b5287@group-7575F418CF9A:t1, leader=null, voted=fa3625a9-0e11-4f6d-9001-6678f3778837, raftlog=Memoized:fb1e6b4b-5f0b-4936-8f17-bb7e415b5287@group-7575F418CF9A-SegmentedRaftLog:OPENED:c-1, conf=-1: peers:[814a2953-5a54-4816-82bb-cea6b8923059|rpc:10.1.0.30:15014|admin:10.1.0.30:15013|client:10.1.0.30:15012|dataStream:10.1.0.30:15015|priority:0|startupRole:FOLLOWER, fb1e6b4b-5f0b-4936-8f17-bb7e415b5287|rpc:10.1.0.30:15032|admin:10.1.0.30:15031|client:10.1.0.30:15030|dataStream:10.1.0.30:15033|priority:0|startupRole:FOLLOWER, fa3625a9-0e11-4f6d-9001-6678f3778837|rpc:10.1.0.30:15023|admin:10.1.0.30:15022|client:10.1.0.30:15021|dataStream:10.1.0.30:15024|priority:1|startupRole:FOLLOWER]|listeners:[], old=null
2023-06-22 13:17:06,484 [fa3625a9-0e11-4f6d-9001-6678f3778837@group-7575F418CF9A-LeaderElection4] INFO  server.RaftServerConfigKeys (ConfUtils.java:logGet(46)) - raft.server.log.appender.wait-time.min = 10ms (default)
2023-06-22 13:17:06,484 [EventQueue-OpenPipelineForHealthyPipelineSafeModeRule] WARN  balancer.ContainerBalancer (ContainerBalancer.java:shouldRun(135)) - Could not find persisted configuration for ContainerBalancer when checking if ContainerBalancer should run. ContainerBalancer should not run now.
2023-06-22 13:17:06,488 [fa3625a9-0e11-4f6d-9001-6678f3778837@group-7575F418CF9A-LeaderElection4] INFO  grpc.GrpcConfigKeys (ConfUtils.java:logGet(46)) - raft.grpc.server.leader.outstanding.appends.max = 128 (default)
2023-06-22 13:17:06,488 [fa3625a9-0e11-4f6d-9001-6678f3778837@group-7575F418CF9A-LeaderElection4] INFO  server.RaftServerConfigKeys (ConfUtils.java:logGet(46)) - raft.server.rpc.request.timeout = 60s (custom)
2023-06-22 13:17:06,488 [fa3625a9-0e11-4f6d-9001-6678f3778837@group-7575F418CF9A-LeaderElection4] INFO  grpc.GrpcConfigKeys (ConfUtils.java:logGet(46)) - raft.grpc.server.install_snapshot.request.element-limit = 8 (default)
2023-06-22 13:17:06,488 [fa3625a9-0e11-4f6d-9001-6678f3778837@group-7575F418CF9A-LeaderElection4] INFO  grpc.GrpcConfigKeys (ConfUtils.java:logGet(46)) - raft.grpc.server.install_snapshot.request.timeout = 3000ms (default)
2023-06-22 13:17:06,488 [fa3625a9-0e11-4f6d-9001-6678f3778837@group-7575F418CF9A-LeaderElection4] INFO  server.RaftServerConfigKeys (ConfUtils.java:logGet(46)) - raft.server.log.appender.install.snapshot.enabled = false (custom)
2023-06-22 13:17:06,488 [fa3625a9-0e11-4f6d-9001-6678f3778837@group-7575F418CF9A-LeaderElection4] INFO  grpc.GrpcConfigKeys (ConfUtils.java:logGet(46)) - raft.grpc.server.heartbeat.channel = true (default)
2023-06-22 13:17:06,493 [fa3625a9-0e11-4f6d-9001-6678f3778837@group-7575F418CF9A-LeaderElection4] INFO  server.RaftServerConfigKeys (ConfUtils.java:logGet(46)) - raft.server.log.appender.snapshot.chunk.size.max = 16MB (=16777216) (default)
2023-06-22 13:17:06,493 [fa3625a9-0e11-4f6d-9001-6678f3778837@group-7575F418CF9A-LeaderElection4] INFO  server.RaftServerConfigKeys (ConfUtils.java:logGet(46)) - raft.server.log.appender.buffer.byte-limit = 33554432 (custom)
2023-06-22 13:17:06,493 [fa3625a9-0e11-4f6d-9001-6678f3778837@group-7575F418CF9A-LeaderElection4] INFO  server.RaftServerConfigKeys (ConfUtils.java:logGet(46)) - raft.server.log.appender.buffer.element-limit = 1 (custom)
2023-06-22 13:17:06,493 [fa3625a9-0e11-4f6d-9001-6678f3778837@group-7575F418CF9A-LeaderElection4] INFO  server.RaftServerConfigKeys (ConfUtils.java:logGet(46)) - raft.server.log.appender.wait-time.min = 10ms (default)
2023-06-22 13:17:06,493 [fa3625a9-0e11-4f6d-9001-6678f3778837@group-7575F418CF9A-LeaderElection4] INFO  grpc.GrpcConfigKeys (ConfUtils.java:logGet(46)) - raft.grpc.server.leader.outstanding.appends.max = 128 (default)
2023-06-22 13:17:06,493 [fa3625a9-0e11-4f6d-9001-6678f3778837@group-7575F418CF9A-LeaderElection4] INFO  server.RaftServerConfigKeys (ConfUtils.java:logGet(46)) - raft.server.rpc.request.timeout = 60s (custom)
2023-06-22 13:17:06,493 [fa3625a9-0e11-4f6d-9001-6678f3778837@group-7575F418CF9A-LeaderElection4] INFO  grpc.GrpcConfigKeys (ConfUtils.java:logGet(46)) - raft.grpc.server.install_snapshot.request.element-limit = 8 (default)
2023-06-22 13:17:06,493 [fa3625a9-0e11-4f6d-9001-6678f3778837@group-7575F418CF9A-LeaderElection4] INFO  grpc.GrpcConfigKeys (ConfUtils.java:logGet(46)) - raft.grpc.server.install_snapshot.request.timeout = 3000ms (default)
2023-06-22 13:17:06,493 [fa3625a9-0e11-4f6d-9001-6678f3778837@group-7575F418CF9A-LeaderElection4] INFO  server.RaftServerConfigKeys (ConfUtils.java:logGet(46)) - raft.server.log.appender.install.snapshot.enabled = false (custom)
2023-06-22 13:17:06,493 [fa3625a9-0e11-4f6d-9001-6678f3778837@group-7575F418CF9A-LeaderElection4] INFO  grpc.GrpcConfigKeys (ConfUtils.java:logGet(46)) - raft.grpc.server.heartbeat.channel = true (default)
2023-06-22 13:17:06,494 [fa3625a9-0e11-4f6d-9001-6678f3778837@group-7575F418CF9A-LeaderElection4] INFO  impl.RoleInfo (RoleInfo.java:updateAndGet(139)) - fa3625a9-0e11-4f6d-9001-6678f3778837: start fa3625a9-0e11-4f6d-9001-6678f3778837@group-7575F418CF9A-LeaderStateImpl
2023-06-22 13:17:06,495 [fa3625a9-0e11-4f6d-9001-6678f3778837@group-7575F418CF9A-LeaderElection4] INFO  segmented.SegmentedRaftLogWorker (SegmentedRaftLogWorker.java:startLogSegment(447)) - fa3625a9-0e11-4f6d-9001-6678f3778837@group-7575F418CF9A-SegmentedRaftLogWorker: Starting segment from index:0
2023-06-22 13:17:06,496 [fa3625a9-0e11-4f6d-9001-6678f3778837@group-7575F418CF9A-SegmentedRaftLogWorker] INFO  segmented.SegmentedRaftLogWorker (SegmentedRaftLogWorker.java:execute(651)) - fa3625a9-0e11-4f6d-9001-6678f3778837@group-7575F418CF9A-SegmentedRaftLogWorker: created new log segment /home/runner/work/ozone/ozone/hadoop-ozone/integration-test/target/test-dir/MiniOzoneClusterImpl-0c9ac019-7194-482d-81d1-9ca5b99c70d1/datanode-1/data/ratis/59665af5-57fe-4c3c-b082-7575f418cf9a/current/log_inprogress_0
2023-06-22 13:17:06,499 [fa3625a9-0e11-4f6d-9001-6678f3778837@group-7575F418CF9A-LeaderElection4] INFO  server.RaftServer$Division (ServerState.java:setRaftConf(434)) - fa3625a9-0e11-4f6d-9001-6678f3778837@group-7575F418CF9A: set configuration 0: peers:[814a2953-5a54-4816-82bb-cea6b8923059|rpc:10.1.0.30:15014|admin:10.1.0.30:15013|client:10.1.0.30:15012|dataStream:10.1.0.30:15015|priority:0|startupRole:FOLLOWER, fb1e6b4b-5f0b-4936-8f17-bb7e415b5287|rpc:10.1.0.30:15032|admin:10.1.0.30:15031|client:10.1.0.30:15030|dataStream:10.1.0.30:15033|priority:0|startupRole:FOLLOWER, fa3625a9-0e11-4f6d-9001-6678f3778837|rpc:10.1.0.30:15023|admin:10.1.0.30:15022|client:10.1.0.30:15021|dataStream:10.1.0.30:15024|priority:1|startupRole:FOLLOWER]|listeners:[], old=null
2023-06-22 13:17:06,521 [fb1e6b4b-5f0b-4936-8f17-bb7e415b5287-server-thread1] INFO  ratis.XceiverServerRatis (XceiverServerRatis.java:handleLeaderChangedNotification(902)) - Leader change notification received for group: group-7575F418CF9A with new leaderId: fa3625a9-0e11-4f6d-9001-6678f3778837
2023-06-22 13:17:06,521 [fb1e6b4b-5f0b-4936-8f17-bb7e415b5287-server-thread1] INFO  server.RaftServer$Division (ServerState.java:setLeader(317)) - fb1e6b4b-5f0b-4936-8f17-bb7e415b5287@group-7575F418CF9A: change Leader from null to fa3625a9-0e11-4f6d-9001-6678f3778837 at term 1 for appendEntries, leader elected after 4901ms
2023-06-22 13:17:06,553 [814a2953-5a54-4816-82bb-cea6b8923059-server-thread1] INFO  ratis.XceiverServerRatis (XceiverServerRatis.java:handleLeaderChangedNotification(902)) - Leader change notification received for group: group-7575F418CF9A with new leaderId: fa3625a9-0e11-4f6d-9001-6678f3778837
2023-06-22 13:17:06,556 [fb1e6b4b-5f0b-4936-8f17-bb7e415b5287-server-thread1] INFO  server.RaftServer$Division (ServerState.java:setRaftConf(434)) - fb1e6b4b-5f0b-4936-8f17-bb7e415b5287@group-7575F418CF9A: set configuration 0: peers:[814a2953-5a54-4816-82bb-cea6b8923059|rpc:10.1.0.30:15014|admin:10.1.0.30:15013|client:10.1.0.30:15012|dataStream:10.1.0.30:15015|priority:0|startupRole:FOLLOWER, fb1e6b4b-5f0b-4936-8f17-bb7e415b5287|rpc:10.1.0.30:15032|admin:10.1.0.30:15031|client:10.1.0.30:15030|dataStream:10.1.0.30:15033|priority:0|startupRole:FOLLOWER, fa3625a9-0e11-4f6d-9001-6678f3778837|rpc:10.1.0.30:15023|admin:10.1.0.30:15022|client:10.1.0.30:15021|dataStream:10.1.0.30:15024|priority:1|startupRole:FOLLOWER]|listeners:[], old=null
2023-06-22 13:17:06,564 [fb1e6b4b-5f0b-4936-8f17-bb7e415b5287-server-thread1] INFO  segmented.SegmentedRaftLogWorker (SegmentedRaftLogWorker.java:startLogSegment(447)) - fb1e6b4b-5f0b-4936-8f17-bb7e415b5287@group-7575F418CF9A-SegmentedRaftLogWorker: Starting segment from index:0
2023-06-22 13:17:06,564 [814a2953-5a54-4816-82bb-cea6b8923059-server-thread1] INFO  server.RaftServer$Division (ServerState.java:setLeader(317)) - 814a2953-5a54-4816-82bb-cea6b8923059@group-7575F418CF9A: change Leader from null to fa3625a9-0e11-4f6d-9001-6678f3778837 at term 1 for appendEntries, leader elected after 5587ms
2023-06-22 13:17:06,567 [814a2953-5a54-4816-82bb-cea6b8923059-server-thread1] INFO  server.RaftServer$Division (ServerState.java:setRaftConf(434)) - 814a2953-5a54-4816-82bb-cea6b8923059@group-7575F418CF9A: set configuration 0: peers:[814a2953-5a54-4816-82bb-cea6b8923059|rpc:10.1.0.30:15014|admin:10.1.0.30:15013|client:10.1.0.30:15012|dataStream:10.1.0.30:15015|priority:0|startupRole:FOLLOWER, fb1e6b4b-5f0b-4936-8f17-bb7e415b5287|rpc:10.1.0.30:15032|admin:10.1.0.30:15031|client:10.1.0.30:15030|dataStream:10.1.0.30:15033|priority:0|startupRole:FOLLOWER, fa3625a9-0e11-4f6d-9001-6678f3778837|rpc:10.1.0.30:15023|admin:10.1.0.30:15022|client:10.1.0.30:15021|dataStream:10.1.0.30:15024|priority:1|startupRole:FOLLOWER]|listeners:[], old=null
2023-06-22 13:17:06,568 [814a2953-5a54-4816-82bb-cea6b8923059-server-thread1] INFO  segmented.SegmentedRaftLogWorker (SegmentedRaftLogWorker.java:startLogSegment(447)) - 814a2953-5a54-4816-82bb-cea6b8923059@group-7575F418CF9A-SegmentedRaftLogWorker: Starting segment from index:0
2023-06-22 13:17:06,568 [fb1e6b4b-5f0b-4936-8f17-bb7e415b5287@group-7575F418CF9A-SegmentedRaftLogWorker] INFO  segmented.SegmentedRaftLogWorker (SegmentedRaftLogWorker.java:execute(651)) - fb1e6b4b-5f0b-4936-8f17-bb7e415b5287@group-7575F418CF9A-SegmentedRaftLogWorker: created new log segment /home/runner/work/ozone/ozone/hadoop-ozone/integration-test/target/test-dir/MiniOzoneClusterImpl-0c9ac019-7194-482d-81d1-9ca5b99c70d1/datanode-2/data/ratis/59665af5-57fe-4c3c-b082-7575f418cf9a/current/log_inprogress_0
2023-06-22 13:17:06,569 [814a2953-5a54-4816-82bb-cea6b8923059@group-7575F418CF9A-SegmentedRaftLogWorker] INFO  segmented.SegmentedRaftLogWorker (SegmentedRaftLogWorker.java:execute(651)) - 814a2953-5a54-4816-82bb-cea6b8923059@group-7575F418CF9A-SegmentedRaftLogWorker: created new log segment /home/runner/work/ozone/ozone/hadoop-ozone/integration-test/target/test-dir/MiniOzoneClusterImpl-0c9ac019-7194-482d-81d1-9ca5b99c70d1/datanode-0/data/ratis/59665af5-57fe-4c3c-b082-7575f418cf9a/current/log_inprogress_0
2023-06-22 13:17:06,763 [fa3625a9-0e11-4f6d-9001-6678f3778837@group-BCA38DC452F0-FollowerState] INFO  impl.FollowerState (FollowerState.java:run(143)) - fa3625a9-0e11-4f6d-9001-6678f3778837@group-BCA38DC452F0-FollowerState: change to CANDIDATE, lastRpcElapsedTime:5091861087ns, electionTimeout:5062ms
2023-06-22 13:17:06,763 [fa3625a9-0e11-4f6d-9001-6678f3778837@group-BCA38DC452F0-FollowerState] INFO  impl.RoleInfo (RoleInfo.java:shutdownFollowerState(110)) - fa3625a9-0e11-4f6d-9001-6678f3778837: shutdown fa3625a9-0e11-4f6d-9001-6678f3778837@group-BCA38DC452F0-FollowerState
2023-06-22 13:17:06,763 [fa3625a9-0e11-4f6d-9001-6678f3778837@group-BCA38DC452F0-FollowerState] INFO  server.RaftServer$Division (RaftServerImpl.java:setRole(329)) - fa3625a9-0e11-4f6d-9001-6678f3778837@group-BCA38DC452F0: changes role from  FOLLOWER to CANDIDATE at term 0 for changeToCandidate
2023-06-22 13:17:06,764 [fa3625a9-0e11-4f6d-9001-6678f3778837@group-BCA38DC452F0-FollowerState] INFO  server.RaftServerConfigKeys (ConfUtils.java:logGet(46)) - raft.server.leaderelection.pre-vote = true (default)
2023-06-22 13:17:06,764 [fa3625a9-0e11-4f6d-9001-6678f3778837@group-BCA38DC452F0-FollowerState] INFO  impl.RoleInfo (RoleInfo.java:updateAndGet(139)) - fa3625a9-0e11-4f6d-9001-6678f3778837: start fa3625a9-0e11-4f6d-9001-6678f3778837@group-BCA38DC452F0-LeaderElection5
2023-06-22 13:17:06,770 [fa3625a9-0e11-4f6d-9001-6678f3778837@group-BCA38DC452F0-LeaderElection5] INFO  impl.LeaderElection (LeaderElection.java:askForVotes(321)) - fa3625a9-0e11-4f6d-9001-6678f3778837@group-BCA38DC452F0-LeaderElection5 PRE_VOTE round 0: submit vote requests at term 0 for -1: peers:[814a2953-5a54-4816-82bb-cea6b8923059|rpc:10.1.0.30:15014|admin:10.1.0.30:15013|client:10.1.0.30:15012|dataStream:10.1.0.30:15015|priority:0|startupRole:FOLLOWER, fb1e6b4b-5f0b-4936-8f17-bb7e415b5287|rpc:10.1.0.30:15032|admin:10.1.0.30:15031|client:10.1.0.30:15030|dataStream:10.1.0.30:15033|priority:1|startupRole:FOLLOWER, fa3625a9-0e11-4f6d-9001-6678f3778837|rpc:10.1.0.30:15023|admin:10.1.0.30:15022|client:10.1.0.30:15021|dataStream:10.1.0.30:15024|priority:0|startupRole:FOLLOWER]|listeners:[], old=null
2023-06-22 13:17:06,771 [fa3625a9-0e11-4f6d-9001-6678f3778837@group-BCA38DC452F0-LeaderElection5] INFO  server.RaftServerConfigKeys (ConfUtils.java:logFallback(53)) - raft.server.rpc.first-election.timeout.min = 5s (fallback to raft.server.rpc.timeout.min)
2023-06-22 13:17:06,771 [fa3625a9-0e11-4f6d-9001-6678f3778837@group-BCA38DC452F0-LeaderElection5] INFO  server.RaftServerConfigKeys (ConfUtils.java:logFallback(53)) - raft.server.rpc.first-election.timeout.max = 5200ms (fallback to raft.server.rpc.timeout.max)
2023-06-22 13:17:06,776 [grpc-default-executor-0] INFO  server.RaftServer$Division (RaftServerImpl.java:requestVote(1302)) - fb1e6b4b-5f0b-4936-8f17-bb7e415b5287@group-BCA38DC452F0: receive requestVote(PRE_VOTE, fa3625a9-0e11-4f6d-9001-6678f3778837, group-BCA38DC452F0, 0, (t:0, i:0))
2023-06-22 13:17:06,779 [grpc-default-executor-0] INFO  impl.VoteContext (VoteContext.java:log(49)) - fb1e6b4b-5f0b-4936-8f17-bb7e415b5287@group-BCA38DC452F0-FOLLOWER: reject PRE_VOTE from fa3625a9-0e11-4f6d-9001-6678f3778837: our priority 1 > candidate's priority 0
2023-06-22 13:17:06,779 [grpc-default-executor-1] INFO  server.RaftServer$Division (RaftServerImpl.java:requestVote(1302)) - 814a2953-5a54-4816-82bb-cea6b8923059@group-BCA38DC452F0: receive requestVote(PRE_VOTE, fa3625a9-0e11-4f6d-9001-6678f3778837, group-BCA38DC452F0, 0, (t:0, i:0))
2023-06-22 13:17:06,779 [grpc-default-executor-0] INFO  server.RaftServer$Division (RaftServerImpl.java:requestVote(1335)) - fb1e6b4b-5f0b-4936-8f17-bb7e415b5287@group-BCA38DC452F0 replies to PRE_VOTE vote request: fa3625a9-0e11-4f6d-9001-6678f3778837<-fb1e6b4b-5f0b-4936-8f17-bb7e415b5287#0:FAIL-t0. Peer's state: fb1e6b4b-5f0b-4936-8f17-bb7e415b5287@group-BCA38DC452F0:t0, leader=null, voted=, raftlog=Memoized:fb1e6b4b-5f0b-4936-8f17-bb7e415b5287@group-BCA38DC452F0-SegmentedRaftLog:OPENED:c-1, conf=-1: peers:[814a2953-5a54-4816-82bb-cea6b8923059|rpc:10.1.0.30:15014|admin:10.1.0.30:15013|client:10.1.0.30:15012|dataStream:10.1.0.30:15015|priority:0|startupRole:FOLLOWER, fb1e6b4b-5f0b-4936-8f17-bb7e415b5287|rpc:10.1.0.30:15032|admin:10.1.0.30:15031|client:10.1.0.30:15030|dataStream:10.1.0.30:15033|priority:1|startupRole:FOLLOWER, fa3625a9-0e11-4f6d-9001-6678f3778837|rpc:10.1.0.30:15023|admin:10.1.0.30:15022|client:10.1.0.30:15021|dataStream:10.1.0.30:15024|priority:0|startupRole:FOLLOWER]|listeners:[], old=null
2023-06-22 13:17:06,780 [grpc-default-executor-1] INFO  impl.VoteContext (VoteContext.java:log(49)) - 814a2953-5a54-4816-82bb-cea6b8923059@group-BCA38DC452F0-FOLLOWER: accept PRE_VOTE from fa3625a9-0e11-4f6d-9001-6678f3778837: our priority 0 <= candidate's priority 0
2023-06-22 13:17:06,780 [grpc-default-executor-1] INFO  server.RaftServer$Division (RaftServerImpl.java:requestVote(1335)) - 814a2953-5a54-4816-82bb-cea6b8923059@group-BCA38DC452F0 replies to PRE_VOTE vote request: fa3625a9-0e11-4f6d-9001-6678f3778837<-814a2953-5a54-4816-82bb-cea6b8923059#0:OK-t0. Peer's state: 814a2953-5a54-4816-82bb-cea6b8923059@group-BCA38DC452F0:t0, leader=null, voted=, raftlog=Memoized:814a2953-5a54-4816-82bb-cea6b8923059@group-BCA38DC452F0-SegmentedRaftLog:OPENED:c-1, conf=-1: peers:[814a2953-5a54-4816-82bb-cea6b8923059|rpc:10.1.0.30:15014|admin:10.1.0.30:15013|client:10.1.0.30:15012|dataStream:10.1.0.30:15015|priority:0|startupRole:FOLLOWER, fb1e6b4b-5f0b-4936-8f17-bb7e415b5287|rpc:10.1.0.30:15032|admin:10.1.0.30:15031|client:10.1.0.30:15030|dataStream:10.1.0.30:15033|priority:1|startupRole:FOLLOWER, fa3625a9-0e11-4f6d-9001-6678f3778837|rpc:10.1.0.30:15023|admin:10.1.0.30:15022|client:10.1.0.30:15021|dataStream:10.1.0.30:15024|priority:0|startupRole:FOLLOWER]|listeners:[], old=null
2023-06-22 13:17:06,781 [fa3625a9-0e11-4f6d-9001-6678f3778837@group-BCA38DC452F0-LeaderElection5] INFO  impl.LeaderElection (LeaderElection.java:logAndReturn(90)) - fa3625a9-0e11-4f6d-9001-6678f3778837@group-BCA38DC452F0-LeaderElection5: PRE_VOTE REJECTED received 1 response(s) and 0 exception(s):
2023-06-22 13:17:06,783 [fa3625a9-0e11-4f6d-9001-6678f3778837@group-BCA38DC452F0-LeaderElection5] INFO  impl.LeaderElection (LeaderElection.java:logAndReturn(94)) -   Response 0: fa3625a9-0e11-4f6d-9001-6678f3778837<-fb1e6b4b-5f0b-4936-8f17-bb7e415b5287#0:FAIL-t0
2023-06-22 13:17:06,783 [fa3625a9-0e11-4f6d-9001-6678f3778837@group-BCA38DC452F0-LeaderElection5] INFO  impl.LeaderElection (LeaderElection.java:askForVotes(323)) - fa3625a9-0e11-4f6d-9001-6678f3778837@group-BCA38DC452F0-LeaderElection5 PRE_VOTE round 0: result REJECTED
2023-06-22 13:17:06,783 [fa3625a9-0e11-4f6d-9001-6678f3778837@group-BCA38DC452F0-LeaderElection5] INFO  server.RaftServer$Division (RaftServerImpl.java:setRole(329)) - fa3625a9-0e11-4f6d-9001-6678f3778837@group-BCA38DC452F0: changes role from CANDIDATE to FOLLOWER at term 0 for REJECTED
2023-06-22 13:17:06,783 [fa3625a9-0e11-4f6d-9001-6678f3778837@group-BCA38DC452F0-LeaderElection5] INFO  impl.RoleInfo (RoleInfo.java:shutdownLeaderElection(130)) - fa3625a9-0e11-4f6d-9001-6678f3778837: shutdown fa3625a9-0e11-4f6d-9001-6678f3778837@group-BCA38DC452F0-LeaderElection5
2023-06-22 13:17:06,783 [fa3625a9-0e11-4f6d-9001-6678f3778837@group-BCA38DC452F0-LeaderElection5] INFO  impl.RoleInfo (RoleInfo.java:updateAndGet(139)) - fa3625a9-0e11-4f6d-9001-6678f3778837: start fa3625a9-0e11-4f6d-9001-6678f3778837@group-BCA38DC452F0-FollowerState
2023-06-22 13:17:06,794 [fa3625a9-0e11-4f6d-9001-6678f3778837@group-FB01B33F6751-FollowerState] INFO  impl.FollowerState (FollowerState.java:run(143)) - fa3625a9-0e11-4f6d-9001-6678f3778837@group-FB01B33F6751-FollowerState: change to CANDIDATE, lastRpcElapsedTime:5162952105ns, electionTimeout:5161ms
2023-06-22 13:17:06,794 [fa3625a9-0e11-4f6d-9001-6678f3778837@group-FB01B33F6751-FollowerState] INFO  impl.RoleInfo (RoleInfo.java:shutdownFollowerState(110)) - fa3625a9-0e11-4f6d-9001-6678f3778837: shutdown fa3625a9-0e11-4f6d-9001-6678f3778837@group-FB01B33F6751-FollowerState
2023-06-22 13:17:06,794 [fa3625a9-0e11-4f6d-9001-6678f3778837@group-FB01B33F6751-FollowerState] INFO  server.RaftServer$Division (RaftServerImpl.java:setRole(329)) - fa3625a9-0e11-4f6d-9001-6678f3778837@group-FB01B33F6751: changes role from  FOLLOWER to CANDIDATE at term 0 for changeToCandidate
2023-06-22 13:17:06,795 [fa3625a9-0e11-4f6d-9001-6678f3778837@group-FB01B33F6751-FollowerState] INFO  server.RaftServerConfigKeys (ConfUtils.java:logGet(46)) - raft.server.leaderelection.pre-vote = true (default)
2023-06-22 13:17:06,795 [fa3625a9-0e11-4f6d-9001-6678f3778837@group-FB01B33F6751-FollowerState] INFO  impl.RoleInfo (RoleInfo.java:updateAndGet(139)) - fa3625a9-0e11-4f6d-9001-6678f3778837: start fa3625a9-0e11-4f6d-9001-6678f3778837@group-FB01B33F6751-LeaderElection6
2023-06-22 13:17:06,798 [814a2953-5a54-4816-82bb-cea6b8923059@group-BCA38DC452F0-FollowerState] INFO  server.RaftServerConfigKeys (ConfUtils.java:logFallback(53)) - raft.server.rpc.first-election.timeout.min = 5s (fallback to raft.server.rpc.timeout.min)
2023-06-22 13:17:06,798 [814a2953-5a54-4816-82bb-cea6b8923059@group-BCA38DC452F0-FollowerState] INFO  server.RaftServerConfigKeys (ConfUtils.java:logFallback(53)) - raft.server.rpc.first-election.timeout.max = 5200ms (fallback to raft.server.rpc.timeout.max)
2023-06-22 13:17:06,798 [fa3625a9-0e11-4f6d-9001-6678f3778837@group-FB01B33F6751-LeaderElection6] INFO  impl.LeaderElection (LeaderElection.java:askForVotes(321)) - fa3625a9-0e11-4f6d-9001-6678f3778837@group-FB01B33F6751-LeaderElection6 PRE_VOTE round 0: submit vote requests at term 0 for -1: peers:[fa3625a9-0e11-4f6d-9001-6678f3778837|rpc:10.1.0.30:15023|admin:10.1.0.30:15022|client:10.1.0.30:15021|dataStream:10.1.0.30:15024|priority:1|startupRole:FOLLOWER]|listeners:[], old=null
2023-06-22 13:17:06,798 [fa3625a9-0e11-4f6d-9001-6678f3778837@group-FB01B33F6751-LeaderElection6] INFO  impl.LeaderElection (LeaderElection.java:askForVotes(323)) - fa3625a9-0e11-4f6d-9001-6678f3778837@group-FB01B33F6751-LeaderElection6 PRE_VOTE round 0: result PASSED (term=0)
2023-06-22 13:17:06,800 [fa3625a9-0e11-4f6d-9001-6678f3778837@group-FB01B33F6751-LeaderElection6] INFO  impl.LeaderElection (LeaderElection.java:askForVotes(321)) - fa3625a9-0e11-4f6d-9001-6678f3778837@group-FB01B33F6751-LeaderElection6 ELECTION round 0: submit vote requests at term 1 for -1: peers:[fa3625a9-0e11-4f6d-9001-6678f3778837|rpc:10.1.0.30:15023|admin:10.1.0.30:15022|client:10.1.0.30:15021|dataStream:10.1.0.30:15024|priority:1|startupRole:FOLLOWER]|listeners:[], old=null
2023-06-22 13:17:06,800 [fa3625a9-0e11-4f6d-9001-6678f3778837@group-FB01B33F6751-LeaderElection6] INFO  impl.LeaderElection (LeaderElection.java:askForVotes(323)) - fa3625a9-0e11-4f6d-9001-6678f3778837@group-FB01B33F6751-LeaderElection6 ELECTION round 0: result PASSED (term=1)
2023-06-22 13:17:06,800 [fa3625a9-0e11-4f6d-9001-6678f3778837@group-FB01B33F6751-LeaderElection6] INFO  impl.RoleInfo (RoleInfo.java:shutdownLeaderElection(130)) - fa3625a9-0e11-4f6d-9001-6678f3778837: shutdown fa3625a9-0e11-4f6d-9001-6678f3778837@group-FB01B33F6751-LeaderElection6
2023-06-22 13:17:06,800 [fa3625a9-0e11-4f6d-9001-6678f3778837@group-FB01B33F6751-LeaderElection6] INFO  server.RaftServer$Division (RaftServerImpl.java:setRole(329)) - fa3625a9-0e11-4f6d-9001-6678f3778837@group-FB01B33F6751: changes role from CANDIDATE to LEADER at term 1 for changeToLeader
2023-06-22 13:17:06,800 [fa3625a9-0e11-4f6d-9001-6678f3778837@group-FB01B33F6751-LeaderElection6] INFO  ratis.XceiverServerRatis (XceiverServerRatis.java:handleLeaderChangedNotification(902)) - Leader change notification received for group: group-FB01B33F6751 with new leaderId: fa3625a9-0e11-4f6d-9001-6678f3778837
2023-06-22 13:17:06,800 [fa3625a9-0e11-4f6d-9001-6678f3778837@group-FB01B33F6751-LeaderElection6] INFO  server.RaftServer$Division (ServerState.java:setLeader(317)) - fa3625a9-0e11-4f6d-9001-6678f3778837@group-FB01B33F6751: change Leader from null to fa3625a9-0e11-4f6d-9001-6678f3778837 at term 1 for becomeLeader, leader elected after 5374ms
2023-06-22 13:17:06,800 [fa3625a9-0e11-4f6d-9001-6678f3778837@group-FB01B33F6751-LeaderElection6] INFO  server.RaftServerConfigKeys (ConfUtils.java:logGet(46)) - raft.server.staging.catchup.gap = 1000 (default)
2023-06-22 13:17:06,800 [fa3625a9-0e11-4f6d-9001-6678f3778837@group-FB01B33F6751-LeaderElection6] INFO  server.RaftServerConfigKeys (ConfUtils.java:logGet(46)) - raft.server.write.element-limit = 1024 (custom)
2023-06-22 13:17:06,801 [fa3625a9-0e11-4f6d-9001-6678f3778837@group-FB01B33F6751-LeaderElection6] INFO  server.RaftServerConfigKeys (ConfUtils.java:logGet(46)) - raft.server.write.byte-limit = 1024 M (=1073741824) (custom)
2023-06-22 13:17:06,801 [fa3625a9-0e11-4f6d-9001-6678f3778837@group-FB01B33F6751-LeaderElection6] INFO  server.RaftServerConfigKeys (ConfUtils.java:logGet(46)) - raft.server.watch.timeout = 180s (custom)
2023-06-22 13:17:06,801 [fa3625a9-0e11-4f6d-9001-6678f3778837@group-FB01B33F6751-LeaderElection6] INFO  server.RaftServerConfigKeys (ConfUtils.java:logGet(46)) - raft.server.watch.timeout.denomination = 1s (default)
2023-06-22 13:17:06,801 [fa3625a9-0e11-4f6d-9001-6678f3778837@group-FB01B33F6751-LeaderElection6] INFO  server.RaftServerConfigKeys (ConfUtils.java:logGet(46)) - raft.server.watch.element-limit = 65536 (default)
2023-06-22 13:17:06,801 [fa3625a9-0e11-4f6d-9001-6678f3778837@group-FB01B33F6751-LeaderElection6] INFO  server.RaftServerConfigKeys (ConfUtils.java:logGet(46)) - raft.server.write.element-limit = 1024 (custom)
2023-06-22 13:17:06,801 [fa3625a9-0e11-4f6d-9001-6678f3778837@group-FB01B33F6751-LeaderElection6] INFO  server.RaftServerConfigKeys (ConfUtils.java:logGet(46)) - raft.server.write.follower.gap.ratio.max = -1.0 (default)
2023-06-22 13:17:06,801 [fa3625a9-0e11-4f6d-9001-6678f3778837@group-FB01B33F6751-LeaderElection6] INFO  impl.RoleInfo (RoleInfo.java:updateAndGet(139)) - fa3625a9-0e11-4f6d-9001-6678f3778837: start fa3625a9-0e11-4f6d-9001-6678f3778837@group-FB01B33F6751-LeaderStateImpl
2023-06-22 13:17:06,802 [fa3625a9-0e11-4f6d-9001-6678f3778837@group-FB01B33F6751-LeaderElection6] INFO  segmented.SegmentedRaftLogWorker (SegmentedRaftLogWorker.java:startLogSegment(447)) - fa3625a9-0e11-4f6d-9001-6678f3778837@group-FB01B33F6751-SegmentedRaftLogWorker: Starting segment from index:0
2023-06-22 13:17:06,804 [fa3625a9-0e11-4f6d-9001-6678f3778837@group-FB01B33F6751-SegmentedRaftLogWorker] INFO  segmented.SegmentedRaftLogWorker (SegmentedRaftLogWorker.java:execute(651)) - fa3625a9-0e11-4f6d-9001-6678f3778837@group-FB01B33F6751-SegmentedRaftLogWorker: created new log segment /home/runner/work/ozone/ozone/hadoop-ozone/integration-test/target/test-dir/MiniOzoneClusterImpl-0c9ac019-7194-482d-81d1-9ca5b99c70d1/datanode-1/data/ratis/c7d782fd-ef45-451c-8232-fb01b33f6751/current/log_inprogress_0
2023-06-22 13:17:06,804 [fa3625a9-0e11-4f6d-9001-6678f3778837@group-FB01B33F6751-LeaderElection6] INFO  server.RaftServer$Division (ServerState.java:setRaftConf(434)) - fa3625a9-0e11-4f6d-9001-6678f3778837@group-FB01B33F6751: set configuration 0: peers:[fa3625a9-0e11-4f6d-9001-6678f3778837|rpc:10.1.0.30:15023|admin:10.1.0.30:15022|client:10.1.0.30:15021|dataStream:10.1.0.30:15024|priority:1|startupRole:FOLLOWER]|listeners:[], old=null
2023-06-22 13:17:06,885 [fb1e6b4b-5f0b-4936-8f17-bb7e415b5287@group-BCA38DC452F0-FollowerState] INFO  impl.FollowerState (FollowerState.java:run(143)) - fb1e6b4b-5f0b-4936-8f17-bb7e415b5287@group-BCA38DC452F0-FollowerState: change to CANDIDATE, lastRpcElapsedTime:5141560600ns, electionTimeout:5132ms
2023-06-22 13:17:06,885 [fb1e6b4b-5f0b-4936-8f17-bb7e415b5287@group-BCA38DC452F0-FollowerState] INFO  impl.RoleInfo (RoleInfo.java:shutdownFollowerState(110)) - fb1e6b4b-5f0b-4936-8f17-bb7e415b5287: shutdown fb1e6b4b-5f0b-4936-8f17-bb7e415b5287@group-BCA38DC452F0-FollowerState
2023-06-22 13:17:06,885 [fb1e6b4b-5f0b-4936-8f17-bb7e415b5287@group-BCA38DC452F0-FollowerState] INFO  server.RaftServer$Division (RaftServerImpl.java:setRole(329)) - fb1e6b4b-5f0b-4936-8f17-bb7e415b5287@group-BCA38DC452F0: changes role from  FOLLOWER to CANDIDATE at term 0 for changeToCandidate
2023-06-22 13:17:06,886 [fb1e6b4b-5f0b-4936-8f17-bb7e415b5287@group-BCA38DC452F0-FollowerState] INFO  server.RaftServerConfigKeys (ConfUtils.java:logGet(46)) - raft.server.leaderelection.pre-vote = true (default)
2023-06-22 13:17:06,886 [fb1e6b4b-5f0b-4936-8f17-bb7e415b5287@group-BCA38DC452F0-FollowerState] INFO  impl.RoleInfo (RoleInfo.java:updateAndGet(139)) - fb1e6b4b-5f0b-4936-8f17-bb7e415b5287: start fb1e6b4b-5f0b-4936-8f17-bb7e415b5287@group-BCA38DC452F0-LeaderElection7
2023-06-22 13:17:06,887 [fb1e6b4b-5f0b-4936-8f17-bb7e415b5287@group-BCA38DC452F0-LeaderElection7] INFO  impl.LeaderElection (LeaderElection.java:askForVotes(321)) - fb1e6b4b-5f0b-4936-8f17-bb7e415b5287@group-BCA38DC452F0-LeaderElection7 PRE_VOTE round 0: submit vote requests at term 0 for -1: peers:[814a2953-5a54-4816-82bb-cea6b8923059|rpc:10.1.0.30:15014|admin:10.1.0.30:15013|client:10.1.0.30:15012|dataStream:10.1.0.30:15015|priority:0|startupRole:FOLLOWER, fb1e6b4b-5f0b-4936-8f17-bb7e415b5287|rpc:10.1.0.30:15032|admin:10.1.0.30:15031|client:10.1.0.30:15030|dataStream:10.1.0.30:15033|priority:1|startupRole:FOLLOWER, fa3625a9-0e11-4f6d-9001-6678f3778837|rpc:10.1.0.30:15023|admin:10.1.0.30:15022|client:10.1.0.30:15021|dataStream:10.1.0.30:15024|priority:0|startupRole:FOLLOWER]|listeners:[], old=null
2023-06-22 13:17:06,887 [fb1e6b4b-5f0b-4936-8f17-bb7e415b5287@group-BCA38DC452F0-LeaderElection7-1] INFO  server.GrpcServerProtocolClient (GrpcServerProtocolClient.java:<init>(65)) - Build channel for 814a2953-5a54-4816-82bb-cea6b8923059
2023-06-22 13:17:06,889 [fb1e6b4b-5f0b-4936-8f17-bb7e415b5287@group-BCA38DC452F0-LeaderElection7] INFO  server.RaftServerConfigKeys (ConfUtils.java:logFallback(53)) - raft.server.rpc.first-election.timeout.min = 5s (fallback to raft.server.rpc.timeout.min)
2023-06-22 13:17:06,890 [fb1e6b4b-5f0b-4936-8f17-bb7e415b5287@group-BCA38DC452F0-LeaderElection7] INFO  server.RaftServerConfigKeys (ConfUtils.java:logFallback(53)) - raft.server.rpc.first-election.timeout.max = 5200ms (fallback to raft.server.rpc.timeout.max)
2023-06-22 13:17:06,890 [fb1e6b4b-5f0b-4936-8f17-bb7e415b5287@group-BCA38DC452F0-LeaderElection7-2] INFO  server.GrpcServerProtocolClient (GrpcServerProtocolClient.java:<init>(65)) - Build channel for fa3625a9-0e11-4f6d-9001-6678f3778837
2023-06-22 13:17:06,891 [fb1e6b4b-5f0b-4936-8f17-bb7e415b5287@group-DE8DE8EF9662-FollowerState] INFO  impl.FollowerState (FollowerState.java:run(143)) - fb1e6b4b-5f0b-4936-8f17-bb7e415b5287@group-DE8DE8EF9662-FollowerState: change to CANDIDATE, lastRpcElapsedTime:5109420291ns, electionTimeout:5107ms
2023-06-22 13:17:06,892 [fb1e6b4b-5f0b-4936-8f17-bb7e415b5287@group-DE8DE8EF9662-FollowerState] INFO  impl.RoleInfo (RoleInfo.java:shutdownFollowerState(110)) - fb1e6b4b-5f0b-4936-8f17-bb7e415b5287: shutdown fb1e6b4b-5f0b-4936-8f17-bb7e415b5287@group-DE8DE8EF9662-FollowerState
2023-06-22 13:17:06,892 [fb1e6b4b-5f0b-4936-8f17-bb7e415b5287@group-DE8DE8EF9662-FollowerState] INFO  server.RaftServer$Division (RaftServerImpl.java:setRole(329)) - fb1e6b4b-5f0b-4936-8f17-bb7e415b5287@group-DE8DE8EF9662: changes role from  FOLLOWER to CANDIDATE at term 0 for changeToCandidate
2023-06-22 13:17:06,894 [fb1e6b4b-5f0b-4936-8f17-bb7e415b5287@group-DE8DE8EF9662-FollowerState] INFO  server.RaftServerConfigKeys (ConfUtils.java:logGet(46)) - raft.server.leaderelection.pre-vote = true (default)
2023-06-22 13:17:06,894 [fb1e6b4b-5f0b-4936-8f17-bb7e415b5287@group-DE8DE8EF9662-FollowerState] INFO  impl.RoleInfo (RoleInfo.java:updateAndGet(139)) - fb1e6b4b-5f0b-4936-8f17-bb7e415b5287: start fb1e6b4b-5f0b-4936-8f17-bb7e415b5287@group-DE8DE8EF9662-LeaderElection8
2023-06-22 13:17:06,904 [fb1e6b4b-5f0b-4936-8f17-bb7e415b5287@group-DE8DE8EF9662-LeaderElection8] INFO  impl.LeaderElection (LeaderElection.java:askForVotes(321)) - fb1e6b4b-5f0b-4936-8f17-bb7e415b5287@group-DE8DE8EF9662-LeaderElection8 PRE_VOTE round 0: submit vote requests at term 0 for -1: peers:[fb1e6b4b-5f0b-4936-8f17-bb7e415b5287|rpc:10.1.0.30:15032|admin:10.1.0.30:15031|client:10.1.0.30:15030|dataStream:10.1.0.30:15033|priority:1|startupRole:FOLLOWER]|listeners:[], old=null
2023-06-22 13:17:06,904 [fb1e6b4b-5f0b-4936-8f17-bb7e415b5287@group-DE8DE8EF9662-LeaderElection8] INFO  impl.LeaderElection (LeaderElection.java:askForVotes(323)) - fb1e6b4b-5f0b-4936-8f17-bb7e415b5287@group-DE8DE8EF9662-LeaderElection8 PRE_VOTE round 0: result PASSED (term=0)
2023-06-22 13:17:06,906 [grpc-default-executor-1] INFO  server.RaftServer$Division (RaftServerImpl.java:requestVote(1302)) - 814a2953-5a54-4816-82bb-cea6b8923059@group-BCA38DC452F0: receive requestVote(PRE_VOTE, fb1e6b4b-5f0b-4936-8f17-bb7e415b5287, group-BCA38DC452F0, 0, (t:0, i:0))
2023-06-22 13:17:06,906 [grpc-default-executor-1] INFO  impl.VoteContext (VoteContext.java:log(49)) - 814a2953-5a54-4816-82bb-cea6b8923059@group-BCA38DC452F0-FOLLOWER: accept PRE_VOTE from fb1e6b4b-5f0b-4936-8f17-bb7e415b5287: our priority 0 <= candidate's priority 1
2023-06-22 13:17:06,907 [grpc-default-executor-1] INFO  server.RaftServer$Division (RaftServerImpl.java:requestVote(1335)) - 814a2953-5a54-4816-82bb-cea6b8923059@group-BCA38DC452F0 replies to PRE_VOTE vote request: fb1e6b4b-5f0b-4936-8f17-bb7e415b5287<-814a2953-5a54-4816-82bb-cea6b8923059#0:OK-t0. Peer's state: 814a2953-5a54-4816-82bb-cea6b8923059@group-BCA38DC452F0:t0, leader=null, voted=, raftlog=Memoized:814a2953-5a54-4816-82bb-cea6b8923059@group-BCA38DC452F0-SegmentedRaftLog:OPENED:c-1, conf=-1: peers:[814a2953-5a54-4816-82bb-cea6b8923059|rpc:10.1.0.30:15014|admin:10.1.0.30:15013|client:10.1.0.30:15012|dataStream:10.1.0.30:15015|priority:0|startupRole:FOLLOWER, fb1e6b4b-5f0b-4936-8f17-bb7e415b5287|rpc:10.1.0.30:15032|admin:10.1.0.30:15031|client:10.1.0.30:15030|dataStream:10.1.0.30:15033|priority:1|startupRole:FOLLOWER, fa3625a9-0e11-4f6d-9001-6678f3778837|rpc:10.1.0.30:15023|admin:10.1.0.30:15022|client:10.1.0.30:15021|dataStream:10.1.0.30:15024|priority:0|startupRole:FOLLOWER]|listeners:[], old=null
2023-06-22 13:17:06,907 [grpc-default-executor-0] INFO  server.RaftServer$Division (RaftServerImpl.java:requestVote(1302)) - fa3625a9-0e11-4f6d-9001-6678f3778837@group-BCA38DC452F0: receive requestVote(PRE_VOTE, fb1e6b4b-5f0b-4936-8f17-bb7e415b5287, group-BCA38DC452F0, 0, (t:0, i:0))
2023-06-22 13:17:06,907 [grpc-default-executor-0] INFO  impl.VoteContext (VoteContext.java:log(49)) - fa3625a9-0e11-4f6d-9001-6678f3778837@group-BCA38DC452F0-FOLLOWER: accept PRE_VOTE from fb1e6b4b-5f0b-4936-8f17-bb7e415b5287: our priority 0 <= candidate's priority 1
2023-06-22 13:17:06,907 [grpc-default-executor-0] INFO  server.RaftServer$Division (RaftServerImpl.java:requestVote(1335)) - fa3625a9-0e11-4f6d-9001-6678f3778837@group-BCA38DC452F0 replies to PRE_VOTE vote request: fb1e6b4b-5f0b-4936-8f17-bb7e415b5287<-fa3625a9-0e11-4f6d-9001-6678f3778837#0:OK-t0. Peer's state: fa3625a9-0e11-4f6d-9001-6678f3778837@group-BCA38DC452F0:t0, leader=null, voted=, raftlog=Memoized:fa3625a9-0e11-4f6d-9001-6678f3778837@group-BCA38DC452F0-SegmentedRaftLog:OPENED:c-1, conf=-1: peers:[814a2953-5a54-4816-82bb-cea6b8923059|rpc:10.1.0.30:15014|admin:10.1.0.30:15013|client:10.1.0.30:15012|dataStream:10.1.0.30:15015|priority:0|startupRole:FOLLOWER, fb1e6b4b-5f0b-4936-8f17-bb7e415b5287|rpc:10.1.0.30:15032|admin:10.1.0.30:15031|client:10.1.0.30:15030|dataStream:10.1.0.30:15033|priority:1|startupRole:FOLLOWER, fa3625a9-0e11-4f6d-9001-6678f3778837|rpc:10.1.0.30:15023|admin:10.1.0.30:15022|client:10.1.0.30:15021|dataStream:10.1.0.30:15024|priority:0|startupRole:FOLLOWER]|listeners:[], old=null
2023-06-22 13:17:06,913 [fb1e6b4b-5f0b-4936-8f17-bb7e415b5287@group-BCA38DC452F0-LeaderElection7] INFO  impl.LeaderElection (LeaderElection.java:logAndReturn(90)) - fb1e6b4b-5f0b-4936-8f17-bb7e415b5287@group-BCA38DC452F0-LeaderElection7: PRE_VOTE PASSED received 1 response(s) and 0 exception(s):
2023-06-22 13:17:06,913 [fb1e6b4b-5f0b-4936-8f17-bb7e415b5287@group-BCA38DC452F0-LeaderElection7] INFO  impl.LeaderElection (LeaderElection.java:logAndReturn(94)) -   Response 0: fb1e6b4b-5f0b-4936-8f17-bb7e415b5287<-814a2953-5a54-4816-82bb-cea6b8923059#0:OK-t0
2023-06-22 13:17:06,913 [fb1e6b4b-5f0b-4936-8f17-bb7e415b5287@group-BCA38DC452F0-LeaderElection7] INFO  impl.LeaderElection (LeaderElection.java:askForVotes(323)) - fb1e6b4b-5f0b-4936-8f17-bb7e415b5287@group-BCA38DC452F0-LeaderElection7 PRE_VOTE round 0: result PASSED
2023-06-22 13:17:06,914 [fb1e6b4b-5f0b-4936-8f17-bb7e415b5287@group-DE8DE8EF9662-LeaderElection8] INFO  impl.LeaderElection (LeaderElection.java:askForVotes(321)) - fb1e6b4b-5f0b-4936-8f17-bb7e415b5287@group-DE8DE8EF9662-LeaderElection8 ELECTION round 0: submit vote requests at term 1 for -1: peers:[fb1e6b4b-5f0b-4936-8f17-bb7e415b5287|rpc:10.1.0.30:15032|admin:10.1.0.30:15031|client:10.1.0.30:15030|dataStream:10.1.0.30:15033|priority:1|startupRole:FOLLOWER]|listeners:[], old=null
2023-06-22 13:17:06,914 [fb1e6b4b-5f0b-4936-8f17-bb7e415b5287@group-DE8DE8EF9662-LeaderElection8] INFO  impl.LeaderElection (LeaderElection.java:askForVotes(323)) - fb1e6b4b-5f0b-4936-8f17-bb7e415b5287@group-DE8DE8EF9662-LeaderElection8 ELECTION round 0: result PASSED (term=1)
2023-06-22 13:17:06,914 [fb1e6b4b-5f0b-4936-8f17-bb7e415b5287@group-DE8DE8EF9662-LeaderElection8] INFO  impl.RoleInfo (RoleInfo.java:shutdownLeaderElection(130)) - fb1e6b4b-5f0b-4936-8f17-bb7e415b5287: shutdown fb1e6b4b-5f0b-4936-8f17-bb7e415b5287@group-DE8DE8EF9662-LeaderElection8
2023-06-22 13:17:06,914 [fb1e6b4b-5f0b-4936-8f17-bb7e415b5287@group-DE8DE8EF9662-LeaderElection8] INFO  server.RaftServer$Division (RaftServerImpl.java:setRole(329)) - fb1e6b4b-5f0b-4936-8f17-bb7e415b5287@group-DE8DE8EF9662: changes role from CANDIDATE to LEADER at term 1 for changeToLeader
2023-06-22 13:17:06,914 [fb1e6b4b-5f0b-4936-8f17-bb7e415b5287@group-DE8DE8EF9662-LeaderElection8] INFO  ratis.XceiverServerRatis (XceiverServerRatis.java:handleLeaderChangedNotification(902)) - Leader change notification received for group: group-DE8DE8EF9662 with new leaderId: fb1e6b4b-5f0b-4936-8f17-bb7e415b5287
2023-06-22 13:17:06,914 [fb1e6b4b-5f0b-4936-8f17-bb7e415b5287@group-DE8DE8EF9662-LeaderElection8] INFO  server.RaftServer$Division (ServerState.java:setLeader(317)) - fb1e6b4b-5f0b-4936-8f17-bb7e415b5287@group-DE8DE8EF9662: change Leader from null to fb1e6b4b-5f0b-4936-8f17-bb7e415b5287 at term 1 for becomeLeader, leader elected after 5155ms
2023-06-22 13:17:06,914 [fb1e6b4b-5f0b-4936-8f17-bb7e415b5287@group-DE8DE8EF9662-LeaderElection8] INFO  server.RaftServerConfigKeys (ConfUtils.java:logGet(46)) - raft.server.staging.catchup.gap = 1000 (default)
2023-06-22 13:17:06,915 [fb1e6b4b-5f0b-4936-8f17-bb7e415b5287@group-DE8DE8EF9662-LeaderElection8] INFO  server.RaftServerConfigKeys (ConfUtils.java:logGet(46)) - raft.server.write.element-limit = 1024 (custom)
2023-06-22 13:17:06,915 [fb1e6b4b-5f0b-4936-8f17-bb7e415b5287@group-DE8DE8EF9662-LeaderElection8] INFO  server.RaftServerConfigKeys (ConfUtils.java:logGet(46)) - raft.server.write.byte-limit = 1024 M (=1073741824) (custom)
2023-06-22 13:17:06,915 [fb1e6b4b-5f0b-4936-8f17-bb7e415b5287@group-DE8DE8EF9662-LeaderElection8] INFO  server.RaftServerConfigKeys (ConfUtils.java:logGet(46)) - raft.server.watch.timeout = 180s (custom)
2023-06-22 13:17:06,915 [fb1e6b4b-5f0b-4936-8f17-bb7e415b5287@group-DE8DE8EF9662-LeaderElection8] INFO  server.RaftServerConfigKeys (ConfUtils.java:logGet(46)) - raft.server.watch.timeout.denomination = 1s (default)
2023-06-22 13:17:06,916 [fb1e6b4b-5f0b-4936-8f17-bb7e415b5287@group-DE8DE8EF9662-LeaderElection8] INFO  server.RaftServerConfigKeys (ConfUtils.java:logGet(46)) - raft.server.watch.element-limit = 65536 (default)
2023-06-22 13:17:06,916 [fb1e6b4b-5f0b-4936-8f17-bb7e415b5287@group-DE8DE8EF9662-LeaderElection8] INFO  server.RaftServerConfigKeys (ConfUtils.java:logGet(46)) - raft.server.write.element-limit = 1024 (custom)
2023-06-22 13:17:06,916 [fb1e6b4b-5f0b-4936-8f17-bb7e415b5287@group-DE8DE8EF9662-LeaderElection8] INFO  server.RaftServerConfigKeys (ConfUtils.java:logGet(46)) - raft.server.write.follower.gap.ratio.max = -1.0 (default)
2023-06-22 13:17:06,916 [fb1e6b4b-5f0b-4936-8f17-bb7e415b5287@group-DE8DE8EF9662-LeaderElection8] INFO  impl.RoleInfo (RoleInfo.java:updateAndGet(139)) - fb1e6b4b-5f0b-4936-8f17-bb7e415b5287: start fb1e6b4b-5f0b-4936-8f17-bb7e415b5287@group-DE8DE8EF9662-LeaderStateImpl
2023-06-22 13:17:06,916 [fb1e6b4b-5f0b-4936-8f17-bb7e415b5287@group-BCA38DC452F0-LeaderElection7] INFO  impl.LeaderElection (LeaderElection.java:askForVotes(321)) - fb1e6b4b-5f0b-4936-8f17-bb7e415b5287@group-BCA38DC452F0-LeaderElection7 ELECTION round 0: submit vote requests at term 1 for -1: peers:[814a2953-5a54-4816-82bb-cea6b8923059|rpc:10.1.0.30:15014|admin:10.1.0.30:15013|client:10.1.0.30:15012|dataStream:10.1.0.30:15015|priority:0|startupRole:FOLLOWER, fb1e6b4b-5f0b-4936-8f17-bb7e415b5287|rpc:10.1.0.30:15032|admin:10.1.0.30:15031|client:10.1.0.30:15030|dataStream:10.1.0.30:15033|priority:1|startupRole:FOLLOWER, fa3625a9-0e11-4f6d-9001-6678f3778837|rpc:10.1.0.30:15023|admin:10.1.0.30:15022|client:10.1.0.30:15021|dataStream:10.1.0.30:15024|priority:0|startupRole:FOLLOWER]|listeners:[], old=null
2023-06-22 13:17:06,917 [fb1e6b4b-5f0b-4936-8f17-bb7e415b5287@group-DE8DE8EF9662-LeaderElection8] INFO  segmented.SegmentedRaftLogWorker (SegmentedRaftLogWorker.java:startLogSegment(447)) - fb1e6b4b-5f0b-4936-8f17-bb7e415b5287@group-DE8DE8EF9662-SegmentedRaftLogWorker: Starting segment from index:0
2023-06-22 13:17:06,919 [fb1e6b4b-5f0b-4936-8f17-bb7e415b5287@group-DE8DE8EF9662-SegmentedRaftLogWorker] INFO  segmented.SegmentedRaftLogWorker (SegmentedRaftLogWorker.java:execute(651)) - fb1e6b4b-5f0b-4936-8f17-bb7e415b5287@group-DE8DE8EF9662-SegmentedRaftLogWorker: created new log segment /home/runner/work/ozone/ozone/hadoop-ozone/integration-test/target/test-dir/MiniOzoneClusterImpl-0c9ac019-7194-482d-81d1-9ca5b99c70d1/datanode-2/data/ratis/5666fdbd-e7f4-4f4e-8297-de8de8ef9662/current/log_inprogress_0
2023-06-22 13:17:06,923 [fb1e6b4b-5f0b-4936-8f17-bb7e415b5287@group-BCA38DC452F0-LeaderElection7] INFO  server.RaftServerConfigKeys (ConfUtils.java:logFallback(53)) - raft.server.rpc.first-election.timeout.min = 5s (fallback to raft.server.rpc.timeout.min)
2023-06-22 13:17:06,923 [fb1e6b4b-5f0b-4936-8f17-bb7e415b5287@group-BCA38DC452F0-LeaderElection7] INFO  server.RaftServerConfigKeys (ConfUtils.java:logFallback(53)) - raft.server.rpc.first-election.timeout.max = 5200ms (fallback to raft.server.rpc.timeout.max)
2023-06-22 13:17:06,924 [grpc-default-executor-0] INFO  server.RaftServer$Division (RaftServerImpl.java:requestVote(1302)) - 814a2953-5a54-4816-82bb-cea6b8923059@group-BCA38DC452F0: receive requestVote(ELECTION, fb1e6b4b-5f0b-4936-8f17-bb7e415b5287, group-BCA38DC452F0, 1, (t:0, i:0))
2023-06-22 13:17:06,924 [grpc-default-executor-0] INFO  impl.VoteContext (VoteContext.java:log(49)) - 814a2953-5a54-4816-82bb-cea6b8923059@group-BCA38DC452F0-FOLLOWER: accept ELECTION from fb1e6b4b-5f0b-4936-8f17-bb7e415b5287: our priority 0 <= candidate's priority 1
2023-06-22 13:17:06,924 [grpc-default-executor-0] INFO  server.RaftServer$Division (RaftServerImpl.java:setRole(329)) - 814a2953-5a54-4816-82bb-cea6b8923059@group-BCA38DC452F0: changes role from  FOLLOWER to FOLLOWER at term 1 for candidate:fb1e6b4b-5f0b-4936-8f17-bb7e415b5287
2023-06-22 13:17:06,924 [grpc-default-executor-0] INFO  impl.RoleInfo (RoleInfo.java:shutdownFollowerState(110)) - 814a2953-5a54-4816-82bb-cea6b8923059: shutdown 814a2953-5a54-4816-82bb-cea6b8923059@group-BCA38DC452F0-FollowerState
2023-06-22 13:17:06,924 [814a2953-5a54-4816-82bb-cea6b8923059@group-BCA38DC452F0-FollowerState] INFO  impl.FollowerState (FollowerState.java:run(152)) - 814a2953-5a54-4816-82bb-cea6b8923059@group-BCA38DC452F0-FollowerState was interrupted
2023-06-22 13:17:06,926 [fb1e6b4b-5f0b-4936-8f17-bb7e415b5287@group-DE8DE8EF9662-LeaderElection8] INFO  server.RaftServer$Division (ServerState.java:setRaftConf(434)) - fb1e6b4b-5f0b-4936-8f17-bb7e415b5287@group-DE8DE8EF9662: set configuration 0: peers:[fb1e6b4b-5f0b-4936-8f17-bb7e415b5287|rpc:10.1.0.30:15032|admin:10.1.0.30:15031|client:10.1.0.30:15030|dataStream:10.1.0.30:15033|priority:1|startupRole:FOLLOWER]|listeners:[], old=null
2023-06-22 13:17:06,926 [grpc-default-executor-0] INFO  impl.RoleInfo (RoleInfo.java:updateAndGet(139)) - 814a2953-5a54-4816-82bb-cea6b8923059: start 814a2953-5a54-4816-82bb-cea6b8923059@group-BCA38DC452F0-FollowerState
2023-06-22 13:17:06,926 [grpc-default-executor-1] INFO  server.RaftServer$Division (RaftServerImpl.java:requestVote(1302)) - fa3625a9-0e11-4f6d-9001-6678f3778837@group-BCA38DC452F0: receive requestVote(ELECTION, fb1e6b4b-5f0b-4936-8f17-bb7e415b5287, group-BCA38DC452F0, 1, (t:0, i:0))
2023-06-22 13:17:06,926 [grpc-default-executor-1] INFO  impl.VoteContext (VoteContext.java:log(49)) - fa3625a9-0e11-4f6d-9001-6678f3778837@group-BCA38DC452F0-FOLLOWER: accept ELECTION from fb1e6b4b-5f0b-4936-8f17-bb7e415b5287: our priority 0 <= candidate's priority 1
2023-06-22 13:17:06,926 [grpc-default-executor-1] INFO  server.RaftServer$Division (RaftServerImpl.java:setRole(329)) - fa3625a9-0e11-4f6d-9001-6678f3778837@group-BCA38DC452F0: changes role from  FOLLOWER to FOLLOWER at term 1 for candidate:fb1e6b4b-5f0b-4936-8f17-bb7e415b5287
2023-06-22 13:17:06,926 [grpc-default-executor-1] INFO  impl.RoleInfo (RoleInfo.java:shutdownFollowerState(110)) - fa3625a9-0e11-4f6d-9001-6678f3778837: shutdown fa3625a9-0e11-4f6d-9001-6678f3778837@group-BCA38DC452F0-FollowerState
2023-06-22 13:17:06,931 [grpc-default-executor-1] INFO  impl.RoleInfo (RoleInfo.java:updateAndGet(139)) - fa3625a9-0e11-4f6d-9001-6678f3778837: start fa3625a9-0e11-4f6d-9001-6678f3778837@group-BCA38DC452F0-FollowerState
2023-06-22 13:17:06,931 [fa3625a9-0e11-4f6d-9001-6678f3778837@group-BCA38DC452F0-FollowerState] INFO  impl.FollowerState (FollowerState.java:run(152)) - fa3625a9-0e11-4f6d-9001-6678f3778837@group-BCA38DC452F0-FollowerState was interrupted
2023-06-22 13:17:06,937 [grpc-default-executor-0] INFO  server.RaftServer$Division (RaftServerImpl.java:requestVote(1335)) - 814a2953-5a54-4816-82bb-cea6b8923059@group-BCA38DC452F0 replies to ELECTION vote request: fb1e6b4b-5f0b-4936-8f17-bb7e415b5287<-814a2953-5a54-4816-82bb-cea6b8923059#0:OK-t1. Peer's state: 814a2953-5a54-4816-82bb-cea6b8923059@group-BCA38DC452F0:t1, leader=null, voted=fb1e6b4b-5f0b-4936-8f17-bb7e415b5287, raftlog=Memoized:814a2953-5a54-4816-82bb-cea6b8923059@group-BCA38DC452F0-SegmentedRaftLog:OPENED:c-1, conf=-1: peers:[814a2953-5a54-4816-82bb-cea6b8923059|rpc:10.1.0.30:15014|admin:10.1.0.30:15013|client:10.1.0.30:15012|dataStream:10.1.0.30:15015|priority:0|startupRole:FOLLOWER, fb1e6b4b-5f0b-4936-8f17-bb7e415b5287|rpc:10.1.0.30:15032|admin:10.1.0.30:15031|client:10.1.0.30:15030|dataStream:10.1.0.30:15033|priority:1|startupRole:FOLLOWER, fa3625a9-0e11-4f6d-9001-6678f3778837|rpc:10.1.0.30:15023|admin:10.1.0.30:15022|client:10.1.0.30:15021|dataStream:10.1.0.30:15024|priority:0|startupRole:FOLLOWER]|listeners:[], old=null
2023-06-22 13:17:06,938 [fb1e6b4b-5f0b-4936-8f17-bb7e415b5287@group-BCA38DC452F0-LeaderElection7] INFO  impl.LeaderElection (LeaderElection.java:logAndReturn(90)) - fb1e6b4b-5f0b-4936-8f17-bb7e415b5287@group-BCA38DC452F0-LeaderElection7: ELECTION PASSED received 1 response(s) and 0 exception(s):
2023-06-22 13:17:06,938 [fb1e6b4b-5f0b-4936-8f17-bb7e415b5287@group-BCA38DC452F0-LeaderElection7] INFO  impl.LeaderElection (LeaderElection.java:logAndReturn(94)) -   Response 0: fb1e6b4b-5f0b-4936-8f17-bb7e415b5287<-814a2953-5a54-4816-82bb-cea6b8923059#0:OK-t1
2023-06-22 13:17:06,938 [fb1e6b4b-5f0b-4936-8f17-bb7e415b5287@group-BCA38DC452F0-LeaderElection7] INFO  impl.LeaderElection (LeaderElection.java:askForVotes(323)) - fb1e6b4b-5f0b-4936-8f17-bb7e415b5287@group-BCA38DC452F0-LeaderElection7 ELECTION round 0: result PASSED
2023-06-22 13:17:06,938 [fb1e6b4b-5f0b-4936-8f17-bb7e415b5287@group-BCA38DC452F0-LeaderElection7] INFO  impl.RoleInfo (RoleInfo.java:shutdownLeaderElection(130)) - fb1e6b4b-5f0b-4936-8f17-bb7e415b5287: shutdown fb1e6b4b-5f0b-4936-8f17-bb7e415b5287@group-BCA38DC452F0-LeaderElection7
2023-06-22 13:17:06,938 [fb1e6b4b-5f0b-4936-8f17-bb7e415b5287@group-BCA38DC452F0-LeaderElection7] INFO  server.RaftServer$Division (RaftServerImpl.java:setRole(329)) - fb1e6b4b-5f0b-4936-8f17-bb7e415b5287@group-BCA38DC452F0: changes role from CANDIDATE to LEADER at term 1 for changeToLeader
2023-06-22 13:17:06,938 [fb1e6b4b-5f0b-4936-8f17-bb7e415b5287@group-BCA38DC452F0-LeaderElection7] INFO  ratis.XceiverServerRatis (XceiverServerRatis.java:handleLeaderChangedNotification(902)) - Leader change notification received for group: group-BCA38DC452F0 with new leaderId: fb1e6b4b-5f0b-4936-8f17-bb7e415b5287
2023-06-22 13:17:06,939 [fb1e6b4b-5f0b-4936-8f17-bb7e415b5287@group-BCA38DC452F0-LeaderElection7] INFO  server.RaftServer$Division (ServerState.java:setLeader(317)) - fb1e6b4b-5f0b-4936-8f17-bb7e415b5287@group-BCA38DC452F0: change Leader from null to fb1e6b4b-5f0b-4936-8f17-bb7e415b5287 at term 1 for becomeLeader, leader elected after 5214ms
2023-06-22 13:17:06,939 [fb1e6b4b-5f0b-4936-8f17-bb7e415b5287@group-BCA38DC452F0-LeaderElection7] INFO  server.RaftServerConfigKeys (ConfUtils.java:logGet(46)) - raft.server.staging.catchup.gap = 1000 (default)
2023-06-22 13:17:06,939 [fb1e6b4b-5f0b-4936-8f17-bb7e415b5287@group-BCA38DC452F0-LeaderElection7] INFO  server.RaftServerConfigKeys (ConfUtils.java:logGet(46)) - raft.server.write.element-limit = 1024 (custom)
2023-06-22 13:17:06,939 [fb1e6b4b-5f0b-4936-8f17-bb7e415b5287@group-BCA38DC452F0-LeaderElection7] INFO  server.RaftServerConfigKeys (ConfUtils.java:logGet(46)) - raft.server.write.byte-limit = 1024 M (=1073741824) (custom)
2023-06-22 13:17:06,939 [fb1e6b4b-5f0b-4936-8f17-bb7e415b5287@group-BCA38DC452F0-LeaderElection7] INFO  server.RaftServerConfigKeys (ConfUtils.java:logGet(46)) - raft.server.watch.timeout = 180s (custom)
2023-06-22 13:17:06,939 [fb1e6b4b-5f0b-4936-8f17-bb7e415b5287@group-BCA38DC452F0-LeaderElection7] INFO  server.RaftServerConfigKeys (ConfUtils.java:logGet(46)) - raft.server.watch.timeout.denomination = 1s (default)
2023-06-22 13:17:06,939 [fb1e6b4b-5f0b-4936-8f17-bb7e415b5287@group-BCA38DC452F0-LeaderElection7] INFO  server.RaftServerConfigKeys (ConfUtils.java:logGet(46)) - raft.server.watch.element-limit = 65536 (default)
2023-06-22 13:17:06,939 [fb1e6b4b-5f0b-4936-8f17-bb7e415b5287@group-BCA38DC452F0-LeaderElection7] INFO  server.RaftServerConfigKeys (ConfUtils.java:logGet(46)) - raft.server.write.element-limit = 1024 (custom)
2023-06-22 13:17:06,939 [fb1e6b4b-5f0b-4936-8f17-bb7e415b5287@group-BCA38DC452F0-LeaderElection7] INFO  server.RaftServerConfigKeys (ConfUtils.java:logGet(46)) - raft.server.write.follower.gap.ratio.max = -1.0 (default)
2023-06-22 13:17:06,940 [fb1e6b4b-5f0b-4936-8f17-bb7e415b5287@group-BCA38DC452F0-LeaderElection7] INFO  server.RaftServerConfigKeys (ConfUtils.java:logGet(46)) - raft.server.log.appender.snapshot.chunk.size.max = 16MB (=16777216) (default)
2023-06-22 13:17:06,940 [fb1e6b4b-5f0b-4936-8f17-bb7e415b5287@group-BCA38DC452F0-LeaderElection7] INFO  server.RaftServerConfigKeys (ConfUtils.java:logGet(46)) - raft.server.log.appender.buffer.byte-limit = 33554432 (custom)
2023-06-22 13:17:06,940 [fb1e6b4b-5f0b-4936-8f17-bb7e415b5287@group-BCA38DC452F0-LeaderElection7] INFO  server.RaftServerConfigKeys (ConfUtils.java:logGet(46)) - raft.server.log.appender.buffer.element-limit = 1 (custom)
2023-06-22 13:17:06,940 [fb1e6b4b-5f0b-4936-8f17-bb7e415b5287@group-BCA38DC452F0-LeaderElection7] INFO  server.RaftServerConfigKeys (ConfUtils.java:logGet(46)) - raft.server.log.appender.wait-time.min = 10ms (default)
2023-06-22 13:17:06,941 [grpc-default-executor-1] INFO  server.RaftServer$Division (RaftServerImpl.java:requestVote(1335)) - fa3625a9-0e11-4f6d-9001-6678f3778837@group-BCA38DC452F0 replies to ELECTION vote request: fb1e6b4b-5f0b-4936-8f17-bb7e415b5287<-fa3625a9-0e11-4f6d-9001-6678f3778837#0:OK-t1. Peer's state: fa3625a9-0e11-4f6d-9001-6678f3778837@group-BCA38DC452F0:t1, leader=null, voted=fb1e6b4b-5f0b-4936-8f17-bb7e415b5287, raftlog=Memoized:fa3625a9-0e11-4f6d-9001-6678f3778837@group-BCA38DC452F0-SegmentedRaftLog:OPENED:c-1, conf=-1: peers:[814a2953-5a54-4816-82bb-cea6b8923059|rpc:10.1.0.30:15014|admin:10.1.0.30:15013|client:10.1.0.30:15012|dataStream:10.1.0.30:15015|priority:0|startupRole:FOLLOWER, fb1e6b4b-5f0b-4936-8f17-bb7e415b5287|rpc:10.1.0.30:15032|admin:10.1.0.30:15031|client:10.1.0.30:15030|dataStream:10.1.0.30:15033|priority:1|startupRole:FOLLOWER, fa3625a9-0e11-4f6d-9001-6678f3778837|rpc:10.1.0.30:15023|admin:10.1.0.30:15022|client:10.1.0.30:15021|dataStream:10.1.0.30:15024|priority:0|startupRole:FOLLOWER]|listeners:[], old=null
2023-06-22 13:17:06,942 [EventQueue-PipelineReportForPipelineReportHandler] INFO  pipeline.PipelineManagerImpl (PipelineManagerImpl.java:openPipeline(367)) - Pipeline Pipeline[ Id: c6c338fa-eff6-4c19-a22d-bca38dc452f0, Nodes: fb1e6b4b-5f0b-4936-8f17-bb7e415b5287(fv-az208-208.e0tah0prcmautdldtlfxyeofwf.cx.internal.cloudapp.net/10.1.0.30)fa3625a9-0e11-4f6d-9001-6678f3778837(fv-az208-208.e0tah0prcmautdldtlfxyeofwf.cx.internal.cloudapp.net/10.1.0.30)814a2953-5a54-4816-82bb-cea6b8923059(fv-az208-208.e0tah0prcmautdldtlfxyeofwf.cx.internal.cloudapp.net/10.1.0.30), ReplicationConfig: RATIS/THREE, State:ALLOCATED, leaderId:fb1e6b4b-5f0b-4936-8f17-bb7e415b5287, CreationTimestamp2023-06-22T13:16:58.771Z[Etc/UTC]] moved to OPEN state
2023-06-22 13:17:06,940 [fb1e6b4b-5f0b-4936-8f17-bb7e415b5287@group-BCA38DC452F0-LeaderElection7] INFO  grpc.GrpcConfigKeys (ConfUtils.java:logGet(46)) - raft.grpc.server.leader.outstanding.appends.max = 128 (default)
2023-06-22 13:17:06,946 [fb1e6b4b-5f0b-4936-8f17-bb7e415b5287@group-BCA38DC452F0-LeaderElection7] INFO  server.RaftServerConfigKeys (ConfUtils.java:logGet(46)) - raft.server.rpc.request.timeout = 60s (custom)
2023-06-22 13:17:06,946 [fb1e6b4b-5f0b-4936-8f17-bb7e415b5287@group-BCA38DC452F0-LeaderElection7] INFO  grpc.GrpcConfigKeys (ConfUtils.java:logGet(46)) - raft.grpc.server.install_snapshot.request.element-limit = 8 (default)
2023-06-22 13:17:06,946 [fb1e6b4b-5f0b-4936-8f17-bb7e415b5287@group-BCA38DC452F0-LeaderElection7] INFO  grpc.GrpcConfigKeys (ConfUtils.java:logGet(46)) - raft.grpc.server.install_snapshot.request.timeout = 3000ms (default)
2023-06-22 13:17:06,946 [fb1e6b4b-5f0b-4936-8f17-bb7e415b5287@group-BCA38DC452F0-LeaderElection7] INFO  server.RaftServerConfigKeys (ConfUtils.java:logGet(46)) - raft.server.log.appender.install.snapshot.enabled = false (custom)
2023-06-22 13:17:06,946 [fb1e6b4b-5f0b-4936-8f17-bb7e415b5287@group-BCA38DC452F0-LeaderElection7] INFO  grpc.GrpcConfigKeys (ConfUtils.java:logGet(46)) - raft.grpc.server.heartbeat.channel = true (default)
2023-06-22 13:17:06,947 [fb1e6b4b-5f0b-4936-8f17-bb7e415b5287@group-BCA38DC452F0-LeaderElection7] INFO  server.RaftServerConfigKeys (ConfUtils.java:logGet(46)) - raft.server.log.appender.snapshot.chunk.size.max = 16MB (=16777216) (default)
2023-06-22 13:17:06,947 [fb1e6b4b-5f0b-4936-8f17-bb7e415b5287@group-BCA38DC452F0-LeaderElection7] INFO  server.RaftServerConfigKeys (ConfUtils.java:logGet(46)) - raft.server.log.appender.buffer.byte-limit = 33554432 (custom)
2023-06-22 13:17:06,947 [fb1e6b4b-5f0b-4936-8f17-bb7e415b5287@group-BCA38DC452F0-LeaderElection7] INFO  server.RaftServerConfigKeys (ConfUtils.java:logGet(46)) - raft.server.log.appender.buffer.element-limit = 1 (custom)
2023-06-22 13:17:06,947 [fb1e6b4b-5f0b-4936-8f17-bb7e415b5287@group-BCA38DC452F0-LeaderElection7] INFO  server.RaftServerConfigKeys (ConfUtils.java:logGet(46)) - raft.server.log.appender.wait-time.min = 10ms (default)
2023-06-22 13:17:06,947 [fb1e6b4b-5f0b-4936-8f17-bb7e415b5287@group-BCA38DC452F0-LeaderElection7] INFO  grpc.GrpcConfigKeys (ConfUtils.java:logGet(46)) - raft.grpc.server.leader.outstanding.appends.max = 128 (default)
2023-06-22 13:17:06,947 [fb1e6b4b-5f0b-4936-8f17-bb7e415b5287@group-BCA38DC452F0-LeaderElection7] INFO  server.RaftServerConfigKeys (ConfUtils.java:logGet(46)) - raft.server.rpc.request.timeout = 60s (custom)
2023-06-22 13:17:06,947 [fb1e6b4b-5f0b-4936-8f17-bb7e415b5287@group-BCA38DC452F0-LeaderElection7] INFO  grpc.GrpcConfigKeys (ConfUtils.java:logGet(46)) - raft.grpc.server.install_snapshot.request.element-limit = 8 (default)
2023-06-22 13:17:06,947 [fb1e6b4b-5f0b-4936-8f17-bb7e415b5287@group-BCA38DC452F0-LeaderElection7] INFO  grpc.GrpcConfigKeys (ConfUtils.java:logGet(46)) - raft.grpc.server.install_snapshot.request.timeout = 3000ms (default)
2023-06-22 13:17:06,947 [fb1e6b4b-5f0b-4936-8f17-bb7e415b5287@group-BCA38DC452F0-LeaderElection7] INFO  server.RaftServerConfigKeys (ConfUtils.java:logGet(46)) - raft.server.log.appender.install.snapshot.enabled = false (custom)
2023-06-22 13:17:06,947 [fb1e6b4b-5f0b-4936-8f17-bb7e415b5287@group-BCA38DC452F0-LeaderElection7] INFO  grpc.GrpcConfigKeys (ConfUtils.java:logGet(46)) - raft.grpc.server.heartbeat.channel = true (default)
2023-06-22 13:17:06,947 [fb1e6b4b-5f0b-4936-8f17-bb7e415b5287@group-BCA38DC452F0-LeaderElection7] INFO  impl.RoleInfo (RoleInfo.java:updateAndGet(139)) - fb1e6b4b-5f0b-4936-8f17-bb7e415b5287: start fb1e6b4b-5f0b-4936-8f17-bb7e415b5287@group-BCA38DC452F0-LeaderStateImpl
2023-06-22 13:17:06,947 [fb1e6b4b-5f0b-4936-8f17-bb7e415b5287@group-BCA38DC452F0-LeaderElection7] INFO  segmented.SegmentedRaftLogWorker (SegmentedRaftLogWorker.java:startLogSegment(447)) - fb1e6b4b-5f0b-4936-8f17-bb7e415b5287@group-BCA38DC452F0-SegmentedRaftLogWorker: Starting segment from index:0
2023-06-22 13:17:06,949 [fb1e6b4b-5f0b-4936-8f17-bb7e415b5287@group-BCA38DC452F0-SegmentedRaftLogWorker] INFO  segmented.SegmentedRaftLogWorker (SegmentedRaftLogWorker.java:execute(651)) - fb1e6b4b-5f0b-4936-8f17-bb7e415b5287@group-BCA38DC452F0-SegmentedRaftLogWorker: created new log segment /home/runner/work/ozone/ozone/hadoop-ozone/integration-test/target/test-dir/MiniOzoneClusterImpl-0c9ac019-7194-482d-81d1-9ca5b99c70d1/datanode-2/data/ratis/c6c338fa-eff6-4c19-a22d-bca38dc452f0/current/log_inprogress_0
2023-06-22 13:17:06,956 [fb1e6b4b-5f0b-4936-8f17-bb7e415b5287@group-BCA38DC452F0-LeaderElection7] INFO  server.RaftServer$Division (ServerState.java:setRaftConf(434)) - fb1e6b4b-5f0b-4936-8f17-bb7e415b5287@group-BCA38DC452F0: set configuration 0: peers:[814a2953-5a54-4816-82bb-cea6b8923059|rpc:10.1.0.30:15014|admin:10.1.0.30:15013|client:10.1.0.30:15012|dataStream:10.1.0.30:15015|priority:0|startupRole:FOLLOWER, fb1e6b4b-5f0b-4936-8f17-bb7e415b5287|rpc:10.1.0.30:15032|admin:10.1.0.30:15031|client:10.1.0.30:15030|dataStream:10.1.0.30:15033|priority:1|startupRole:FOLLOWER, fa3625a9-0e11-4f6d-9001-6678f3778837|rpc:10.1.0.30:15023|admin:10.1.0.30:15022|client:10.1.0.30:15021|dataStream:10.1.0.30:15024|priority:0|startupRole:FOLLOWER]|listeners:[], old=null
2023-06-22 13:17:06,970 [814a2953-5a54-4816-82bb-cea6b8923059-server-thread1] INFO  ratis.XceiverServerRatis (XceiverServerRatis.java:handleLeaderChangedNotification(902)) - Leader change notification received for group: group-BCA38DC452F0 with new leaderId: fb1e6b4b-5f0b-4936-8f17-bb7e415b5287
2023-06-22 13:17:06,970 [814a2953-5a54-4816-82bb-cea6b8923059-server-thread1] INFO  server.RaftServer$Division (ServerState.java:setLeader(317)) - 814a2953-5a54-4816-82bb-cea6b8923059@group-BCA38DC452F0: change Leader from null to fb1e6b4b-5f0b-4936-8f17-bb7e415b5287 at term 1 for appendEntries, leader elected after 5295ms
2023-06-22 13:17:06,998 [814a2953-5a54-4816-82bb-cea6b8923059-server-thread2] INFO  server.RaftServer$Division (ServerState.java:setRaftConf(434)) - 814a2953-5a54-4816-82bb-cea6b8923059@group-BCA38DC452F0: set configuration 0: peers:[814a2953-5a54-4816-82bb-cea6b8923059|rpc:10.1.0.30:15014|admin:10.1.0.30:15013|client:10.1.0.30:15012|dataStream:10.1.0.30:15015|priority:0|startupRole:FOLLOWER, fb1e6b4b-5f0b-4936-8f17-bb7e415b5287|rpc:10.1.0.30:15032|admin:10.1.0.30:15031|client:10.1.0.30:15030|dataStream:10.1.0.30:15033|priority:1|startupRole:FOLLOWER, fa3625a9-0e11-4f6d-9001-6678f3778837|rpc:10.1.0.30:15023|admin:10.1.0.30:15022|client:10.1.0.30:15021|dataStream:10.1.0.30:15024|priority:0|startupRole:FOLLOWER]|listeners:[], old=null
2023-06-22 13:17:06,998 [814a2953-5a54-4816-82bb-cea6b8923059-server-thread2] INFO  segmented.SegmentedRaftLogWorker (SegmentedRaftLogWorker.java:startLogSegment(447)) - 814a2953-5a54-4816-82bb-cea6b8923059@group-BCA38DC452F0-SegmentedRaftLogWorker: Starting segment from index:0
2023-06-22 13:17:06,999 [fa3625a9-0e11-4f6d-9001-6678f3778837-server-thread1] INFO  ratis.XceiverServerRatis (XceiverServerRatis.java:handleLeaderChangedNotification(902)) - Leader change notification received for group: group-BCA38DC452F0 with new leaderId: fb1e6b4b-5f0b-4936-8f17-bb7e415b5287
2023-06-22 13:17:07,000 [fa3625a9-0e11-4f6d-9001-6678f3778837-server-thread1] INFO  server.RaftServer$Division (ServerState.java:setLeader(317)) - fa3625a9-0e11-4f6d-9001-6678f3778837@group-BCA38DC452F0: change Leader from null to fb1e6b4b-5f0b-4936-8f17-bb7e415b5287 at term 1 for appendEntries, leader elected after 5364ms
2023-06-22 13:17:07,000 [814a2953-5a54-4816-82bb-cea6b8923059@group-BCA38DC452F0-SegmentedRaftLogWorker] INFO  segmented.SegmentedRaftLogWorker (SegmentedRaftLogWorker.java:execute(651)) - 814a2953-5a54-4816-82bb-cea6b8923059@group-BCA38DC452F0-SegmentedRaftLogWorker: created new log segment /home/runner/work/ozone/ozone/hadoop-ozone/integration-test/target/test-dir/MiniOzoneClusterImpl-0c9ac019-7194-482d-81d1-9ca5b99c70d1/datanode-0/data/ratis/c6c338fa-eff6-4c19-a22d-bca38dc452f0/current/log_inprogress_0
2023-06-22 13:17:07,001 [fa3625a9-0e11-4f6d-9001-6678f3778837-server-thread1] INFO  server.RaftServer$Division (ServerState.java:setRaftConf(434)) - fa3625a9-0e11-4f6d-9001-6678f3778837@group-BCA38DC452F0: set configuration 0: peers:[814a2953-5a54-4816-82bb-cea6b8923059|rpc:10.1.0.30:15014|admin:10.1.0.30:15013|client:10.1.0.30:15012|dataStream:10.1.0.30:15015|priority:0|startupRole:FOLLOWER, fb1e6b4b-5f0b-4936-8f17-bb7e415b5287|rpc:10.1.0.30:15032|admin:10.1.0.30:15031|client:10.1.0.30:15030|dataStream:10.1.0.30:15033|priority:1|startupRole:FOLLOWER, fa3625a9-0e11-4f6d-9001-6678f3778837|rpc:10.1.0.30:15023|admin:10.1.0.30:15022|client:10.1.0.30:15021|dataStream:10.1.0.30:15024|priority:0|startupRole:FOLLOWER]|listeners:[], old=null
2023-06-22 13:17:07,001 [fa3625a9-0e11-4f6d-9001-6678f3778837-server-thread1] INFO  segmented.SegmentedRaftLogWorker (SegmentedRaftLogWorker.java:startLogSegment(447)) - fa3625a9-0e11-4f6d-9001-6678f3778837@group-BCA38DC452F0-SegmentedRaftLogWorker: Starting segment from index:0
2023-06-22 13:17:07,004 [fa3625a9-0e11-4f6d-9001-6678f3778837@group-BCA38DC452F0-SegmentedRaftLogWorker] INFO  segmented.SegmentedRaftLogWorker (SegmentedRaftLogWorker.java:execute(651)) - fa3625a9-0e11-4f6d-9001-6678f3778837@group-BCA38DC452F0-SegmentedRaftLogWorker: created new log segment /home/runner/work/ozone/ozone/hadoop-ozone/integration-test/target/test-dir/MiniOzoneClusterImpl-0c9ac019-7194-482d-81d1-9ca5b99c70d1/datanode-1/data/ratis/c6c338fa-eff6-4c19-a22d-bca38dc452f0/current/log_inprogress_0
2023-06-22 13:17:07,184 [55908a94-3412-422c-9085-6a0ac52bc795@group-7C4B6FFA4087-FollowerState] INFO  impl.FollowerState (FollowerState.java:run(143)) - 55908a94-3412-422c-9085-6a0ac52bc795@group-7C4B6FFA4087-FollowerState: change to CANDIDATE, lastRpcElapsedTime:5071137683ns, electionTimeout:5069ms
2023-06-22 13:17:07,184 [55908a94-3412-422c-9085-6a0ac52bc795@group-7C4B6FFA4087-FollowerState] INFO  impl.RoleInfo (RoleInfo.java:shutdownFollowerState(110)) - 55908a94-3412-422c-9085-6a0ac52bc795: shutdown 55908a94-3412-422c-9085-6a0ac52bc795@group-7C4B6FFA4087-FollowerState
2023-06-22 13:17:07,184 [55908a94-3412-422c-9085-6a0ac52bc795@group-7C4B6FFA4087-FollowerState] INFO  server.RaftServer$Division (RaftServerImpl.java:setRole(329)) - 55908a94-3412-422c-9085-6a0ac52bc795@group-7C4B6FFA4087: changes role from  FOLLOWER to CANDIDATE at term 0 for changeToCandidate
2023-06-22 13:17:07,185 [55908a94-3412-422c-9085-6a0ac52bc795@group-7C4B6FFA4087-FollowerState] INFO  server.RaftServerConfigKeys (ConfUtils.java:logGet(46)) - raft.server.leaderelection.pre-vote = true (default)
2023-06-22 13:17:07,185 [55908a94-3412-422c-9085-6a0ac52bc795@group-7C4B6FFA4087-FollowerState] INFO  impl.RoleInfo (RoleInfo.java:updateAndGet(139)) - 55908a94-3412-422c-9085-6a0ac52bc795: start 55908a94-3412-422c-9085-6a0ac52bc795@group-7C4B6FFA4087-LeaderElection9
2023-06-22 13:17:07,187 [55908a94-3412-422c-9085-6a0ac52bc795@group-7C4B6FFA4087-LeaderElection9] INFO  impl.LeaderElection (LeaderElection.java:askForVotes(321)) - 55908a94-3412-422c-9085-6a0ac52bc795@group-7C4B6FFA4087-LeaderElection9 PRE_VOTE round 0: submit vote requests at term 0 for -1: peers:[55908a94-3412-422c-9085-6a0ac52bc795|rpc:10.1.0.30:15041|admin:10.1.0.30:15040|client:10.1.0.30:15039|dataStream:10.1.0.30:15042|priority:1|startupRole:FOLLOWER]|listeners:[], old=null
2023-06-22 13:17:07,187 [55908a94-3412-422c-9085-6a0ac52bc795@group-7C4B6FFA4087-LeaderElection9] INFO  impl.LeaderElection (LeaderElection.java:askForVotes(323)) - 55908a94-3412-422c-9085-6a0ac52bc795@group-7C4B6FFA4087-LeaderElection9 PRE_VOTE round 0: result PASSED (term=0)
2023-06-22 13:17:07,189 [55908a94-3412-422c-9085-6a0ac52bc795@group-7C4B6FFA4087-LeaderElection9] INFO  impl.LeaderElection (LeaderElection.java:askForVotes(321)) - 55908a94-3412-422c-9085-6a0ac52bc795@group-7C4B6FFA4087-LeaderElection9 ELECTION round 0: submit vote requests at term 1 for -1: peers:[55908a94-3412-422c-9085-6a0ac52bc795|rpc:10.1.0.30:15041|admin:10.1.0.30:15040|client:10.1.0.30:15039|dataStream:10.1.0.30:15042|priority:1|startupRole:FOLLOWER]|listeners:[], old=null
2023-06-22 13:17:07,189 [55908a94-3412-422c-9085-6a0ac52bc795@group-7C4B6FFA4087-LeaderElection9] INFO  impl.LeaderElection (LeaderElection.java:askForVotes(323)) - 55908a94-3412-422c-9085-6a0ac52bc795@group-7C4B6FFA4087-LeaderElection9 ELECTION round 0: result PASSED (term=1)
2023-06-22 13:17:07,189 [55908a94-3412-422c-9085-6a0ac52bc795@group-7C4B6FFA4087-LeaderElection9] INFO  impl.RoleInfo (RoleInfo.java:shutdownLeaderElection(130)) - 55908a94-3412-422c-9085-6a0ac52bc795: shutdown 55908a94-3412-422c-9085-6a0ac52bc795@group-7C4B6FFA4087-LeaderElection9
2023-06-22 13:17:07,189 [55908a94-3412-422c-9085-6a0ac52bc795@group-7C4B6FFA4087-LeaderElection9] INFO  server.RaftServer$Division (RaftServerImpl.java:setRole(329)) - 55908a94-3412-422c-9085-6a0ac52bc795@group-7C4B6FFA4087: changes role from CANDIDATE to LEADER at term 1 for changeToLeader
2023-06-22 13:17:07,189 [55908a94-3412-422c-9085-6a0ac52bc795@group-7C4B6FFA4087-LeaderElection9] INFO  ratis.XceiverServerRatis (XceiverServerRatis.java:handleLeaderChangedNotification(902)) - Leader change notification received for group: group-7C4B6FFA4087 with new leaderId: 55908a94-3412-422c-9085-6a0ac52bc795
2023-06-22 13:17:07,190 [55908a94-3412-422c-9085-6a0ac52bc795@group-7C4B6FFA4087-LeaderElection9] INFO  server.RaftServer$Division (ServerState.java:setLeader(317)) - 55908a94-3412-422c-9085-6a0ac52bc795@group-7C4B6FFA4087: change Leader from null to 55908a94-3412-422c-9085-6a0ac52bc795 at term 1 for becomeLeader, leader elected after 5095ms
2023-06-22 13:17:07,190 [55908a94-3412-422c-9085-6a0ac52bc795@group-7C4B6FFA4087-LeaderElection9] INFO  server.RaftServerConfigKeys (ConfUtils.java:logGet(46)) - raft.server.staging.catchup.gap = 1000 (default)
2023-06-22 13:17:07,190 [55908a94-3412-422c-9085-6a0ac52bc795@group-7C4B6FFA4087-LeaderElection9] INFO  server.RaftServerConfigKeys (ConfUtils.java:logGet(46)) - raft.server.write.element-limit = 1024 (custom)
2023-06-22 13:17:07,190 [55908a94-3412-422c-9085-6a0ac52bc795@group-7C4B6FFA4087-LeaderElection9] INFO  server.RaftServerConfigKeys (ConfUtils.java:logGet(46)) - raft.server.write.byte-limit = 1024 M (=1073741824) (custom)
2023-06-22 13:17:07,191 [55908a94-3412-422c-9085-6a0ac52bc795@group-7C4B6FFA4087-LeaderElection9] INFO  server.RaftServerConfigKeys (ConfUtils.java:logGet(46)) - raft.server.watch.timeout = 180s (custom)
2023-06-22 13:17:07,191 [55908a94-3412-422c-9085-6a0ac52bc795@group-7C4B6FFA4087-LeaderElection9] INFO  server.RaftServerConfigKeys (ConfUtils.java:logGet(46)) - raft.server.watch.timeout.denomination = 1s (default)
2023-06-22 13:17:07,191 [55908a94-3412-422c-9085-6a0ac52bc795@group-7C4B6FFA4087-LeaderElection9] INFO  server.RaftServerConfigKeys (ConfUtils.java:logGet(46)) - raft.server.watch.element-limit = 65536 (default)
2023-06-22 13:17:07,191 [55908a94-3412-422c-9085-6a0ac52bc795@group-7C4B6FFA4087-LeaderElection9] INFO  server.RaftServerConfigKeys (ConfUtils.java:logGet(46)) - raft.server.write.element-limit = 1024 (custom)
2023-06-22 13:17:07,191 [55908a94-3412-422c-9085-6a0ac52bc795@group-7C4B6FFA4087-LeaderElection9] INFO  server.RaftServerConfigKeys (ConfUtils.java:logGet(46)) - raft.server.write.follower.gap.ratio.max = -1.0 (default)
2023-06-22 13:17:07,191 [55908a94-3412-422c-9085-6a0ac52bc795@group-7C4B6FFA4087-LeaderElection9] INFO  impl.RoleInfo (RoleInfo.java:updateAndGet(139)) - 55908a94-3412-422c-9085-6a0ac52bc795: start 55908a94-3412-422c-9085-6a0ac52bc795@group-7C4B6FFA4087-LeaderStateImpl
2023-06-22 13:17:07,192 [55908a94-3412-422c-9085-6a0ac52bc795@group-7C4B6FFA4087-LeaderElection9] INFO  segmented.SegmentedRaftLogWorker (SegmentedRaftLogWorker.java:startLogSegment(447)) - 55908a94-3412-422c-9085-6a0ac52bc795@group-7C4B6FFA4087-SegmentedRaftLogWorker: Starting segment from index:0
2023-06-22 13:17:07,200 [55908a94-3412-422c-9085-6a0ac52bc795@group-7C4B6FFA4087-LeaderElection9] INFO  server.RaftServer$Division (ServerState.java:setRaftConf(434)) - 55908a94-3412-422c-9085-6a0ac52bc795@group-7C4B6FFA4087: set configuration 0: peers:[55908a94-3412-422c-9085-6a0ac52bc795|rpc:10.1.0.30:15041|admin:10.1.0.30:15040|client:10.1.0.30:15039|dataStream:10.1.0.30:15042|priority:1|startupRole:FOLLOWER]|listeners:[], old=null
2023-06-22 13:17:07,200 [55908a94-3412-422c-9085-6a0ac52bc795@group-7C4B6FFA4087-SegmentedRaftLogWorker] INFO  segmented.SegmentedRaftLogWorker (SegmentedRaftLogWorker.java:execute(651)) - 55908a94-3412-422c-9085-6a0ac52bc795@group-7C4B6FFA4087-SegmentedRaftLogWorker: created new log segment /home/runner/work/ozone/ozone/hadoop-ozone/integration-test/target/test-dir/MiniOzoneClusterImpl-0c9ac019-7194-482d-81d1-9ca5b99c70d1/datanode-3/data/ratis/f7b61dd0-791a-4e99-be46-7c4b6ffa4087/current/log_inprogress_0
2023-06-22 13:17:07,415 [main] INFO  ozone.MiniOzoneClusterImpl (MiniOzoneClusterImpl.java:lambda$waitForClusterToBeReady$0(224)) - Nodes are ready. Got 5 of 5 DN Heartbeats.
2023-06-22 13:17:07,416 [main] INFO  ozone.MiniOzoneClusterImpl (MiniOzoneClusterImpl.java:lambda$waitForClusterToBeReady$0(227)) - Cluster exits safe mode
2023-06-22 13:17:07,416 [main] INFO  ozone.MiniOzoneClusterImpl (MiniOzoneClusterImpl.java:lambda$waitForClusterToBeReady$0(229)) - SCM became leader
2023-06-22 13:17:07,566 [d61499ed-03ab-4261-8165-c3404d6b8549@group-078092DDFFF4-FollowerState] INFO  impl.FollowerState (FollowerState.java:run(143)) - d61499ed-03ab-4261-8165-c3404d6b8549@group-078092DDFFF4-FollowerState: change to CANDIDATE, lastRpcElapsedTime:5130588598ns, electionTimeout:5130ms
2023-06-22 13:17:07,567 [d61499ed-03ab-4261-8165-c3404d6b8549@group-078092DDFFF4-FollowerState] INFO  impl.RoleInfo (RoleInfo.java:shutdownFollowerState(110)) - d61499ed-03ab-4261-8165-c3404d6b8549: shutdown d61499ed-03ab-4261-8165-c3404d6b8549@group-078092DDFFF4-FollowerState
2023-06-22 13:17:07,567 [d61499ed-03ab-4261-8165-c3404d6b8549@group-078092DDFFF4-FollowerState] INFO  server.RaftServer$Division (RaftServerImpl.java:setRole(329)) - d61499ed-03ab-4261-8165-c3404d6b8549@group-078092DDFFF4: changes role from  FOLLOWER to CANDIDATE at term 0 for changeToCandidate
2023-06-22 13:17:07,568 [d61499ed-03ab-4261-8165-c3404d6b8549@group-078092DDFFF4-FollowerState] INFO  server.RaftServerConfigKeys (ConfUtils.java:logGet(46)) - raft.server.leaderelection.pre-vote = true (default)
2023-06-22 13:17:07,568 [d61499ed-03ab-4261-8165-c3404d6b8549@group-078092DDFFF4-FollowerState] INFO  impl.RoleInfo (RoleInfo.java:updateAndGet(139)) - d61499ed-03ab-4261-8165-c3404d6b8549: start d61499ed-03ab-4261-8165-c3404d6b8549@group-078092DDFFF4-LeaderElection10
2023-06-22 13:17:07,580 [d61499ed-03ab-4261-8165-c3404d6b8549@group-078092DDFFF4-LeaderElection10] INFO  impl.LeaderElection (LeaderElection.java:askForVotes(321)) - d61499ed-03ab-4261-8165-c3404d6b8549@group-078092DDFFF4-LeaderElection10 PRE_VOTE round 0: submit vote requests at term 0 for -1: peers:[d61499ed-03ab-4261-8165-c3404d6b8549|rpc:10.1.0.30:15050|admin:10.1.0.30:15049|client:10.1.0.30:15048|dataStream:10.1.0.30:15051|priority:1|startupRole:FOLLOWER]|listeners:[], old=null
2023-06-22 13:17:07,580 [d61499ed-03ab-4261-8165-c3404d6b8549@group-078092DDFFF4-LeaderElection10] INFO  impl.LeaderElection (LeaderElection.java:askForVotes(323)) - d61499ed-03ab-4261-8165-c3404d6b8549@group-078092DDFFF4-LeaderElection10 PRE_VOTE round 0: result PASSED (term=0)
2023-06-22 13:17:07,582 [d61499ed-03ab-4261-8165-c3404d6b8549@group-078092DDFFF4-LeaderElection10] INFO  impl.LeaderElection (LeaderElection.java:askForVotes(321)) - d61499ed-03ab-4261-8165-c3404d6b8549@group-078092DDFFF4-LeaderElection10 ELECTION round 0: submit vote requests at term 1 for -1: peers:[d61499ed-03ab-4261-8165-c3404d6b8549|rpc:10.1.0.30:15050|admin:10.1.0.30:15049|client:10.1.0.30:15048|dataStream:10.1.0.30:15051|priority:1|startupRole:FOLLOWER]|listeners:[], old=null
2023-06-22 13:17:07,582 [d61499ed-03ab-4261-8165-c3404d6b8549@group-078092DDFFF4-LeaderElection10] INFO  impl.LeaderElection (LeaderElection.java:askForVotes(323)) - d61499ed-03ab-4261-8165-c3404d6b8549@group-078092DDFFF4-LeaderElection10 ELECTION round 0: result PASSED (term=1)
2023-06-22 13:17:07,583 [d61499ed-03ab-4261-8165-c3404d6b8549@group-078092DDFFF4-LeaderElection10] INFO  impl.RoleInfo (RoleInfo.java:shutdownLeaderElection(130)) - d61499ed-03ab-4261-8165-c3404d6b8549: shutdown d61499ed-03ab-4261-8165-c3404d6b8549@group-078092DDFFF4-LeaderElection10
2023-06-22 13:17:07,583 [d61499ed-03ab-4261-8165-c3404d6b8549@group-078092DDFFF4-LeaderElection10] INFO  server.RaftServer$Division (RaftServerImpl.java:setRole(329)) - d61499ed-03ab-4261-8165-c3404d6b8549@group-078092DDFFF4: changes role from CANDIDATE to LEADER at term 1 for changeToLeader
2023-06-22 13:17:07,583 [d61499ed-03ab-4261-8165-c3404d6b8549@group-078092DDFFF4-LeaderElection10] INFO  ratis.XceiverServerRatis (XceiverServerRatis.java:handleLeaderChangedNotification(902)) - Leader change notification received for group: group-078092DDFFF4 with new leaderId: d61499ed-03ab-4261-8165-c3404d6b8549
2023-06-22 13:17:07,584 [d61499ed-03ab-4261-8165-c3404d6b8549@group-078092DDFFF4-LeaderElection10] INFO  server.RaftServer$Division (ServerState.java:setLeader(317)) - d61499ed-03ab-4261-8165-c3404d6b8549@group-078092DDFFF4: change Leader from null to d61499ed-03ab-4261-8165-c3404d6b8549 at term 1 for becomeLeader, leader elected after 5161ms
2023-06-22 13:17:07,584 [d61499ed-03ab-4261-8165-c3404d6b8549@group-078092DDFFF4-LeaderElection10] INFO  server.RaftServerConfigKeys (ConfUtils.java:logGet(46)) - raft.server.staging.catchup.gap = 1000 (default)
2023-06-22 13:17:07,584 [d61499ed-03ab-4261-8165-c3404d6b8549@group-078092DDFFF4-LeaderElection10] INFO  server.RaftServerConfigKeys (ConfUtils.java:logGet(46)) - raft.server.write.element-limit = 1024 (custom)
2023-06-22 13:17:07,584 [d61499ed-03ab-4261-8165-c3404d6b8549@group-078092DDFFF4-LeaderElection10] INFO  server.RaftServerConfigKeys (ConfUtils.java:logGet(46)) - raft.server.write.byte-limit = 1024 M (=1073741824) (custom)
2023-06-22 13:17:07,586 [d61499ed-03ab-4261-8165-c3404d6b8549@group-078092DDFFF4-LeaderElection10] INFO  server.RaftServerConfigKeys (ConfUtils.java:logGet(46)) - raft.server.watch.timeout = 180s (custom)
2023-06-22 13:17:07,587 [d61499ed-03ab-4261-8165-c3404d6b8549@group-078092DDFFF4-LeaderElection10] INFO  server.RaftServerConfigKeys (ConfUtils.java:logGet(46)) - raft.server.watch.timeout.denomination = 1s (default)
2023-06-22 13:17:07,587 [d61499ed-03ab-4261-8165-c3404d6b8549@group-078092DDFFF4-LeaderElection10] INFO  server.RaftServerConfigKeys (ConfUtils.java:logGet(46)) - raft.server.watch.element-limit = 65536 (default)
2023-06-22 13:17:07,587 [d61499ed-03ab-4261-8165-c3404d6b8549@group-078092DDFFF4-LeaderElection10] INFO  server.RaftServerConfigKeys (ConfUtils.java:logGet(46)) - raft.server.write.element-limit = 1024 (custom)
2023-06-22 13:17:07,587 [d61499ed-03ab-4261-8165-c3404d6b8549@group-078092DDFFF4-LeaderElection10] INFO  server.RaftServerConfigKeys (ConfUtils.java:logGet(46)) - raft.server.write.follower.gap.ratio.max = -1.0 (default)
2023-06-22 13:17:07,587 [d61499ed-03ab-4261-8165-c3404d6b8549@group-078092DDFFF4-LeaderElection10] INFO  impl.RoleInfo (RoleInfo.java:updateAndGet(139)) - d61499ed-03ab-4261-8165-c3404d6b8549: start d61499ed-03ab-4261-8165-c3404d6b8549@group-078092DDFFF4-LeaderStateImpl
2023-06-22 13:17:07,898 [d61499ed-03ab-4261-8165-c3404d6b8549@group-078092DDFFF4-LeaderElection10] INFO  segmented.SegmentedRaftLogWorker (SegmentedRaftLogWorker.java:startLogSegment(447)) - d61499ed-03ab-4261-8165-c3404d6b8549@group-078092DDFFF4-SegmentedRaftLogWorker: Starting segment from index:0
2023-06-22 13:17:07,900 [JvmPauseMonitor0] WARN  util.JvmPauseMonitor (JvmPauseMonitor.java:detectPause(124)) - JvmPauseMonitor-474f69bd-2d18-45d6-b363-3eeca4480769: Detected pause in JVM or host machine approximately 0.132s with 0.305s GC time.
GC pool 'PS MarkSweep' had collection(s): count=1 time=242ms
GC pool 'PS Scavenge' had collection(s): count=1 time=63ms
2023-06-22 13:17:07,901 [d61499ed-03ab-4261-8165-c3404d6b8549@group-078092DDFFF4-SegmentedRaftLogWorker] INFO  segmented.SegmentedRaftLogWorker (SegmentedRaftLogWorker.java:execute(651)) - d61499ed-03ab-4261-8165-c3404d6b8549@group-078092DDFFF4-SegmentedRaftLogWorker: created new log segment /home/runner/work/ozone/ozone/hadoop-ozone/integration-test/target/test-dir/MiniOzoneClusterImpl-0c9ac019-7194-482d-81d1-9ca5b99c70d1/datanode-4/data/ratis/f6e8b169-a12e-4552-be7f-078092ddfff4/current/log_inprogress_0
2023-06-22 13:17:07,907 [JvmPauseMonitor3] WARN  util.JvmPauseMonitor (JvmPauseMonitor.java:detectPause(124)) - JvmPauseMonitor-fa3625a9-0e11-4f6d-9001-6678f3778837: Detected pause in JVM or host machine approximately 0.279s with 0.305s GC time.
GC pool 'PS MarkSweep' had collection(s): count=1 time=242ms
GC pool 'PS Scavenge' had collection(s): count=1 time=63ms
2023-06-22 13:17:07,908 [JvmPauseMonitor6] WARN  util.JvmPauseMonitor (JvmPauseMonitor.java:detectPause(124)) - JvmPauseMonitor-d61499ed-03ab-4261-8165-c3404d6b8549: Detected pause in JVM or host machine approximately 0.288s with 0.305s GC time.
GC pool 'PS MarkSweep' had collection(s): count=1 time=242ms
GC pool 'PS Scavenge' had collection(s): count=1 time=63ms
2023-06-22 13:17:07,908 [JvmPauseMonitor1] WARN  util.JvmPauseMonitor (JvmPauseMonitor.java:detectPause(124)) - JvmPauseMonitor-om1: Detected pause in JVM or host machine approximately 0.288s with 0.305s GC time.
GC pool 'PS MarkSweep' had collection(s): count=1 time=242ms
GC pool 'PS Scavenge' had collection(s): count=1 time=63ms
2023-06-22 13:17:07,908 [JvmPauseMonitor2] WARN  util.JvmPauseMonitor (JvmPauseMonitor.java:detectPause(124)) - JvmPauseMonitor-814a2953-5a54-4816-82bb-cea6b8923059: Detected pause in JVM or host machine approximately 0.290s with 0.305s GC time.
GC pool 'PS MarkSweep' had collection(s): count=1 time=242ms
GC pool 'PS Scavenge' had collection(s): count=1 time=63ms
2023-06-22 13:17:07,908 [JvmPauseMonitor5] WARN  util.JvmPauseMonitor (JvmPauseMonitor.java:detectPause(124)) - JvmPauseMonitor-55908a94-3412-422c-9085-6a0ac52bc795: Detected pause in JVM or host machine approximately 0.264s with 0.305s GC time.
GC pool 'PS MarkSweep' had collection(s): count=1 time=242ms
GC pool 'PS Scavenge' had collection(s): count=1 time=63ms
2023-06-22 13:17:07,915 [d61499ed-03ab-4261-8165-c3404d6b8549@group-078092DDFFF4-LeaderElection10] INFO  server.RaftServer$Division (ServerState.java:setRaftConf(434)) - d61499ed-03ab-4261-8165-c3404d6b8549@group-078092DDFFF4: set configuration 0: peers:[d61499ed-03ab-4261-8165-c3404d6b8549|rpc:10.1.0.30:15050|admin:10.1.0.30:15049|client:10.1.0.30:15048|dataStream:10.1.0.30:15051|priority:1|startupRole:FOLLOWER]|listeners:[], old=null
2023-06-22 13:17:08,310 [Time-limited test] INFO  rpc.RpcClient (RpcClient.java:createVolume(459)) - Creating Volume: volume09475, with user95840 as owner and space quota set to -1 bytes, counts quota set to -1
2023-06-22 13:17:08,358 [OM StateMachine ApplyTransaction Thread - 0] INFO  volume.OMVolumeCreateRequest (OMVolumeCreateRequest.java:validateAndUpdateCache(196)) - created volume:volume09475 for user:user95840
2023-06-22 13:17:08,378 [Time-limited test] INFO  rpc.RpcClient (RpcClient.java:createBucket(686)) - Creating Bucket: volume09475/bucket08177, with bucket layout FILE_SYSTEM_OPTIMIZED, runner as owner, Versioning false, Storage Type set to DISK and Encryption set to false, Replication Type set to server-side default replication type, Namespace Quota set to -1, Space Quota set to -1 
2023-06-22 13:17:08,393 [OM StateMachine ApplyTransaction Thread - 0] INFO  bucket.OMBucketCreateRequest (OMBucketCreateRequest.java:validateAndUpdateCache(270)) - created bucket: bucket08177 of layout FILE_SYSTEM_OPTIMIZED in volume: volume09475
2023-06-22 13:17:08,456 [Time-limited test] INFO  ozone.TestRootedOzoneFileSystemWithFSO (TestRootedOzoneFileSystemWithFSO.java:testRenameDir(163)) - Created dir /volume09475/bucket08177/dir1/sub_dir1
2023-06-22 13:17:08,457 [Time-limited test] INFO  ozone.TestRootedOzoneFileSystemWithFSO (TestRootedOzoneFileSystemWithFSO.java:testRenameDir(164)) - Will move /volume09475/bucket08177/dir1 to /volume09475/bucket08177/dir1.renamed
]]></system-out>
  </testcase>
  <testcase name="testRenameDir" classname="TestRootedOzoneFileSystemWithFSO" time="0.051">
    <system-out><![CDATA[2023-06-22 13:18:11,096 [main] INFO  ozone.MiniOzoneClusterImpl (MiniOzoneClusterImpl.java:shutdown(443)) - Shutting down the Mini Ozone Cluster
2023-06-22 13:18:11,097 [main] INFO  ozone.MiniOzoneClusterImpl (MiniOzoneClusterImpl.java:stop(460)) - Stopping the Mini Ozone Cluster
2023-06-22 13:18:11,097 [main] INFO  ozone.MiniOzoneClusterImpl (MiniOzoneClusterImpl.java:stopOM(551)) - Stopping the OzoneManager
2023-06-22 13:18:11,097 [main] INFO  om.OzoneManager (OzoneManager.java:stop(2187)) - om1[localhost:15004]: Stopping Ozone Manager
2023-06-22 13:18:11,097 [main] INFO  ipc.Server (Server.java:stop(3501)) - Stopping server on 15004
2023-06-22 13:18:11,102 [IPC Server Responder] INFO  ipc.Server (Server.java:run(1563)) - Stopping IPC Server Responder
2023-06-22 13:18:11,102 [IPC Server listener on 15004] INFO  ipc.Server (Server.java:run(1430)) - Stopping IPC Server listener on 15004
2023-06-22 13:18:11,105 [main] INFO  server.RaftServer (RaftServerProxy.java:lambda$close$6(416)) - om1: close
2023-06-22 13:18:11,106 [main] INFO  server.GrpcService (GrpcService.java:closeImpl(311)) - om1: shutdown server GrpcServerProtocolService now
2023-06-22 13:18:11,106 [om1-impl-thread2] INFO  server.RaftServer$Division (RaftServerImpl.java:lambda$close$4(466)) - om1@group-C5BA1605619E: shutdown
2023-06-22 13:18:11,107 [om1-impl-thread2] INFO  util.JmxRegister (JmxRegister.java:unregister(73)) - Successfully un-registered JMX Bean with object name Ratis:service=RaftServer,group=group-C5BA1605619E,id=om1
2023-06-22 13:18:11,107 [om1-impl-thread2] INFO  impl.RoleInfo (RoleInfo.java:shutdownLeaderState(93)) - om1: shutdown om1@group-C5BA1605619E-LeaderStateImpl
2023-06-22 13:18:11,107 [om1-impl-thread2] INFO  impl.PendingRequests (PendingRequests.java:sendNotLeaderResponses(289)) - om1@group-C5BA1605619E-PendingRequests: sendNotLeaderResponses
2023-06-22 13:18:11,114 [om1-impl-thread2] INFO  impl.StateMachineUpdater (StateMachineUpdater.java:stopAndJoin(155)) - om1@group-C5BA1605619E-StateMachineUpdater: set stopIndex = 41016
2023-06-22 13:18:11,114 [om1@group-C5BA1605619E-StateMachineUpdater] INFO  ratis.OzoneManagerStateMachine (OzoneManagerStateMachine.java:takeSnapshot(479)) - Current Snapshot Index (t:1, i:41016)
2023-06-22 13:18:11,118 [main] INFO  server.GrpcService (GrpcService.java:closeImpl(320)) - om1: shutdown server GrpcServerProtocolService successfully
2023-06-22 13:18:11,182 [om1@group-C5BA1605619E-StateMachineUpdater] INFO  impl.StateMachineUpdater (StateMachineUpdater.java:takeSnapshot(291)) - om1@group-C5BA1605619E-StateMachineUpdater: Took a snapshot at index 41016
2023-06-22 13:18:11,183 [om1@group-C5BA1605619E-StateMachineUpdater] INFO  impl.StateMachineUpdater (StateMachineUpdater.java:lambda$new$0(97)) - om1@group-C5BA1605619E-StateMachineUpdater: snapshotIndex: updateIncreasingly -1 -> 41016
2023-06-22 13:18:11,183 [om1@group-C5BA1605619E-StateMachineUpdater] INFO  ratis.OzoneManagerStateMachine (OzoneManagerStateMachine.java:close(533)) - StateMachine has shutdown. Shutdown OzoneManager if not already shutdown.
2023-06-22 13:18:11,183 [om1@group-C5BA1605619E-StateMachineUpdater] INFO  ratis.OzoneManagerDoubleBuffer (OzoneManagerDoubleBuffer.java:stopDaemon(551)) - Stopping OMDoubleBuffer flush thread
2023-06-22 13:18:11,183 [OMDoubleBufferFlushThread] INFO  ratis.OzoneManagerDoubleBuffer (OzoneManagerDoubleBuffer.java:canFlush(638)) - OMDoubleBuffer flush thread OMDoubleBufferFlushThread is interrupted and will exit.
2023-06-22 13:18:11,185 [om1-impl-thread2] INFO  server.RaftServer$Division (ServerState.java:close(472)) - om1@group-C5BA1605619E: closes. applyIndex: 41016
2023-06-22 13:18:12,071 [om1-impl-thread2] INFO  segmented.SegmentedRaftLogWorker (SegmentedRaftLogWorker.java:close(252)) - om1@group-C5BA1605619E-SegmentedRaftLogWorker close()
2023-06-22 13:18:12,073 [JvmPauseMonitor1] INFO  util.JvmPauseMonitor (JvmPauseMonitor.java:run(109)) - JvmPauseMonitor-om1: Stopped
2023-06-22 13:18:12,073 [main] INFO  ratis.OzoneManagerStateMachine (OzoneManagerStateMachine.java:close(533)) - StateMachine has shutdown. Shutdown OzoneManager if not already shutdown.
2023-06-22 13:18:12,074 [main] INFO  ratis.OzoneManagerDoubleBuffer (OzoneManagerDoubleBuffer.java:stopDaemon(560)) - OMDoubleBuffer flush thread is not running.
2023-06-22 13:18:12,074 [main] INFO  utils.BackgroundService (BackgroundService.java:shutdown(141)) - Shutting down service KeyDeletingService
2023-06-22 13:18:12,075 [main] INFO  utils.BackgroundService (BackgroundService.java:shutdown(141)) - Shutting down service KeyDeletingService
2023-06-22 13:18:12,075 [main] INFO  utils.BackgroundService (BackgroundService.java:shutdown(141)) - Shutting down service OpenKeyCleanupService
2023-06-22 13:18:12,075 [main] INFO  utils.BackgroundService (BackgroundService.java:shutdown(141)) - Shutting down service SstFilteringService
2023-06-22 13:18:12,075 [main] INFO  utils.BackgroundService (BackgroundService.java:shutdown(141)) - Shutting down service SnapshotDeletingService
2023-06-22 13:18:12,077 [main] INFO  handler.ContextHandler (ContextHandler.java:doStop(1159)) - Stopped o.e.j.w.WebAppContext@5749147e{ozoneManager,/,null,STOPPED}{file:/home/runner/work/ozone/ozone/hadoop-ozone/integration-test/target/test-classes/webapps/ozoneManager}
2023-06-22 13:18:12,080 [main] INFO  server.AbstractConnector (AbstractConnector.java:doStop(383)) - Stopped ServerConnector@5706f658{HTTP/1.1, (http/1.1)}{0.0.0.0:15005}
2023-06-22 13:18:12,080 [main] INFO  server.session (HouseKeeper.java:stopScavenging(149)) - node0 Stopped scavenging
2023-06-22 13:18:12,080 [main] INFO  handler.ContextHandler (ContextHandler.java:doStop(1159)) - Stopped o.e.j.s.ServletContextHandler@30625f51{static,/static,file:///home/runner/work/ozone/ozone/hadoop-ozone/integration-test/target/test-classes/webapps/static,STOPPED}
2023-06-22 13:18:12,080 [main] INFO  handler.ContextHandler (ContextHandler.java:doStop(1159)) - Stopped o.e.j.s.ServletContextHandler@40c0c9fb{logs,/logs,file:///home/runner/work/ozone/ozone/hadoop-ozone/integration-test/target/log,STOPPED}
2023-06-22 13:18:12,083 [Trash Emptier] ERROR om.TrashPolicyOzone (TrashPolicyOzone.java:run(350)) - Error attempting to shutdown
java.lang.InterruptedException
	at java.util.concurrent.locks.AbstractQueuedSynchronizer$ConditionObject.awaitNanos(AbstractQueuedSynchronizer.java:2067)
	at java.util.concurrent.ThreadPoolExecutor.awaitTermination(ThreadPoolExecutor.java:1475)
	at org.apache.hadoop.ozone.om.TrashPolicyOzone$Emptier.run(TrashPolicyOzone.java:348)
	at java.lang.Thread.run(Thread.java:750)
2023-06-22 13:18:12,087 [main] INFO  snapshot.SnapshotDiffManager (SnapshotDiffManager.java:closeExecutorService(1513)) - Shutting down executorService: 'SnapDiffExecutor'
2023-06-22 13:18:12,087 [main] INFO  snapshot.SnapshotDiffManager (SnapshotDiffManager.java:closeExecutorService(1513)) - Shutting down executorService: 'SstDumpToolExecutor'
2023-06-22 13:18:12,096 [main] INFO  utils.BackgroundService (BackgroundService.java:shutdown(141)) - Shutting down service SnapshotDiffCleanupService
2023-06-22 13:18:12,098 [main] INFO  ozone.MiniOzoneClusterImpl (MiniOzoneClusterImpl.java:stopDatanodes(528)) - Stopping the HddsDatanodes
2023-06-22 13:18:12,101 [ForkJoinPool.commonPool-worker-1] INFO  ozoneimpl.OzoneContainer (OzoneContainer.java:stop(433)) - Attempting to stop container services.
2023-06-22 13:18:12,104 [ForkJoinPool.commonPool-worker-1] INFO  server.RaftServer (RaftServerProxy.java:lambda$close$6(416)) - fa3625a9-0e11-4f6d-9001-6678f3778837: close
2023-06-22 13:18:12,104 [main] INFO  ozoneimpl.OzoneContainer (OzoneContainer.java:stop(433)) - Attempting to stop container services.
2023-06-22 13:18:12,105 [fa3625a9-0e11-4f6d-9001-6678f3778837-impl-thread2] INFO  server.RaftServer$Division (RaftServerImpl.java:lambda$close$4(466)) - fa3625a9-0e11-4f6d-9001-6678f3778837@group-7575F418CF9A: shutdown
2023-06-22 13:18:12,105 [fa3625a9-0e11-4f6d-9001-6678f3778837-impl-thread2] INFO  util.JmxRegister (JmxRegister.java:unregister(73)) - Successfully un-registered JMX Bean with object name Ratis:service=RaftServer,group=group-7575F418CF9A,id=fa3625a9-0e11-4f6d-9001-6678f3778837
2023-06-22 13:18:12,105 [fa3625a9-0e11-4f6d-9001-6678f3778837-impl-thread2] INFO  impl.RoleInfo (RoleInfo.java:shutdownLeaderState(93)) - fa3625a9-0e11-4f6d-9001-6678f3778837: shutdown fa3625a9-0e11-4f6d-9001-6678f3778837@group-7575F418CF9A-LeaderStateImpl
2023-06-22 13:18:12,105 [fa3625a9-0e11-4f6d-9001-6678f3778837@group-7575F418CF9A->814a2953-5a54-4816-82bb-cea6b8923059-GrpcLogAppender-LogAppenderDaemon] WARN  server.GrpcLogAppender (GrpcLogAppender.java:mayWait(199)) - fa3625a9-0e11-4f6d-9001-6678f3778837@group-7575F418CF9A->814a2953-5a54-4816-82bb-cea6b8923059-GrpcLogAppender: Wait interrupted by java.lang.InterruptedException
2023-06-22 13:18:12,105 [fa3625a9-0e11-4f6d-9001-6678f3778837-impl-thread3] INFO  server.RaftServer$Division (RaftServerImpl.java:lambda$close$4(466)) - fa3625a9-0e11-4f6d-9001-6678f3778837@group-BCA38DC452F0: shutdown
2023-06-22 13:18:12,106 [main] INFO  server.RaftServer (RaftServerProxy.java:lambda$close$6(416)) - fb1e6b4b-5f0b-4936-8f17-bb7e415b5287: close
2023-06-22 13:18:12,106 [fb1e6b4b-5f0b-4936-8f17-bb7e415b5287-impl-thread2] INFO  server.RaftServer$Division (RaftServerImpl.java:lambda$close$4(466)) - fb1e6b4b-5f0b-4936-8f17-bb7e415b5287@group-7575F418CF9A: shutdown
2023-06-22 13:18:12,107 [fb1e6b4b-5f0b-4936-8f17-bb7e415b5287-impl-thread3] INFO  server.RaftServer$Division (RaftServerImpl.java:lambda$close$4(466)) - fb1e6b4b-5f0b-4936-8f17-bb7e415b5287@group-DE8DE8EF9662: shutdown
2023-06-22 13:18:12,108 [grpc-default-executor-4] INFO  server.GrpcServerProtocolService (GrpcServerProtocolService.java:onCompleted(155)) - 814a2953-5a54-4816-82bb-cea6b8923059: Completed APPEND_ENTRIES, lastRequest: null
2023-06-22 13:18:12,110 [grpc-default-executor-4] INFO  server.GrpcServerProtocolService (GrpcServerProtocolService.java:lambda$onCompleted$5(157)) - 814a2953-5a54-4816-82bb-cea6b8923059: Completed APPEND_ENTRIES, lastReply: serverReply {
  requestorId: "fa3625a9-0e11-4f6d-9001-6678f3778837"
  replyId: "814a2953-5a54-4816-82bb-cea6b8923059"
  raftGroupId {
    id: "YfZ\365W\376L<\260\202uu\364\030\317\232"
  }
  callId: 86
  success: true
}
term: 1
nextIndex: 41
followerCommit: 40
matchIndex: 18446744073709551615
isHearbeat: true

2023-06-22 13:18:12,111 [main] INFO  server.GrpcService (GrpcService.java:closeImpl(311)) - fb1e6b4b-5f0b-4936-8f17-bb7e415b5287: shutdown server org.apache.ratis.grpc.server.GrpcClientProtocolService now
2023-06-22 13:18:12,114 [ForkJoinPool.commonPool-worker-1] INFO  server.GrpcService (GrpcService.java:closeImpl(311)) - fa3625a9-0e11-4f6d-9001-6678f3778837: shutdown server org.apache.ratis.grpc.server.GrpcClientProtocolService now
2023-06-22 13:18:12,108 [grpc-default-executor-5] INFO  server.GrpcServerProtocolService (GrpcServerProtocolService.java:onCompleted(155)) - 814a2953-5a54-4816-82bb-cea6b8923059: Completed APPEND_ENTRIES, lastRequest: fa3625a9-0e11-4f6d-9001-6678f3778837->814a2953-5a54-4816-82bb-cea6b8923059#81-t1,previous=(t:1, i:39),leaderCommit=39,initializing? true,entries: size=1, first=(t:1, i:40), METADATAENTRY(c:38)
2023-06-22 13:18:12,116 [grpc-default-executor-5] INFO  server.GrpcServerProtocolService (GrpcServerProtocolService.java:lambda$onCompleted$5(157)) - 814a2953-5a54-4816-82bb-cea6b8923059: Completed APPEND_ENTRIES, lastReply: null
2023-06-22 13:18:12,116 [fa3625a9-0e11-4f6d-9001-6678f3778837-impl-thread2] INFO  impl.PendingRequests (PendingRequests.java:sendNotLeaderResponses(289)) - fa3625a9-0e11-4f6d-9001-6678f3778837@group-7575F418CF9A-PendingRequests: sendNotLeaderResponses
2023-06-22 13:18:12,116 [fa3625a9-0e11-4f6d-9001-6678f3778837@group-7575F418CF9A->fb1e6b4b-5f0b-4936-8f17-bb7e415b5287-GrpcLogAppender-LogAppenderDaemon] WARN  server.GrpcLogAppender (GrpcLogAppender.java:mayWait(199)) - fa3625a9-0e11-4f6d-9001-6678f3778837@group-7575F418CF9A->fb1e6b4b-5f0b-4936-8f17-bb7e415b5287-GrpcLogAppender: Wait interrupted by java.lang.InterruptedException
2023-06-22 13:18:12,117 [fa3625a9-0e11-4f6d-9001-6678f3778837-impl-thread4] INFO  server.RaftServer$Division (RaftServerImpl.java:lambda$close$4(466)) - fa3625a9-0e11-4f6d-9001-6678f3778837@group-FB01B33F6751: shutdown
2023-06-22 13:18:12,117 [fb1e6b4b-5f0b-4936-8f17-bb7e415b5287-impl-thread4] INFO  server.RaftServer$Division (RaftServerImpl.java:lambda$close$4(466)) - fb1e6b4b-5f0b-4936-8f17-bb7e415b5287@group-BCA38DC452F0: shutdown
2023-06-22 13:18:12,119 [grpc-default-executor-3] WARN  server.GrpcClientProtocolService (LogUtils.java:warn(122)) - 6-OrderedRequestStreamObserver6: onError: org.apache.ratis.thirdparty.io.grpc.StatusRuntimeException: CANCELLED: client cancelled
2023-06-22 13:18:12,124 [fa3625a9-0e11-4f6d-9001-6678f3778837-impl-thread3] INFO  util.JmxRegister (JmxRegister.java:unregister(73)) - Successfully un-registered JMX Bean with object name Ratis:service=RaftServer,group=group-BCA38DC452F0,id=fa3625a9-0e11-4f6d-9001-6678f3778837
2023-06-22 13:18:12,124 [fa3625a9-0e11-4f6d-9001-6678f3778837-impl-thread3] INFO  impl.RoleInfo (RoleInfo.java:shutdownFollowerState(110)) - fa3625a9-0e11-4f6d-9001-6678f3778837: shutdown fa3625a9-0e11-4f6d-9001-6678f3778837@group-BCA38DC452F0-FollowerState
2023-06-22 13:18:12,125 [fa3625a9-0e11-4f6d-9001-6678f3778837-impl-thread3] INFO  impl.StateMachineUpdater (StateMachineUpdater.java:stopAndJoin(155)) - fa3625a9-0e11-4f6d-9001-6678f3778837@group-BCA38DC452F0-StateMachineUpdater: set stopIndex = 31
2023-06-22 13:18:12,125 [fa3625a9-0e11-4f6d-9001-6678f3778837@group-BCA38DC452F0-FollowerState] INFO  impl.FollowerState (FollowerState.java:run(152)) - fa3625a9-0e11-4f6d-9001-6678f3778837@group-BCA38DC452F0-FollowerState was interrupted
2023-06-22 13:18:12,126 [grpc-default-executor-8] INFO  server.GrpcServerProtocolService (GrpcServerProtocolService.java:onCompleted(155)) - fb1e6b4b-5f0b-4936-8f17-bb7e415b5287: Completed APPEND_ENTRIES, lastRequest: null
2023-06-22 13:18:12,127 [grpc-default-executor-8] INFO  server.GrpcServerProtocolService (GrpcServerProtocolService.java:lambda$onCompleted$5(157)) - fb1e6b4b-5f0b-4936-8f17-bb7e415b5287: Completed APPEND_ENTRIES, lastReply: serverReply {
  requestorId: "fa3625a9-0e11-4f6d-9001-6678f3778837"
  replyId: "fb1e6b4b-5f0b-4936-8f17-bb7e415b5287"
  raftGroupId {
    id: "YfZ\365W\376L<\260\202uu\364\030\317\232"
  }
  callId: 93
  success: true
}
term: 1
nextIndex: 41
followerCommit: 40
matchIndex: 18446744073709551615
isHearbeat: true

2023-06-22 13:18:12,120 [grpc-default-executor-2] WARN  server.GrpcClientProtocolService (LogUtils.java:warn(122)) - 7-UnorderedRequestStreamObserver7: onError: org.apache.ratis.thirdparty.io.grpc.StatusRuntimeException: CANCELLED: client cancelled
2023-06-22 13:18:12,127 [Thread-1450] INFO  server.GrpcServerProtocolClient (GrpcServerProtocolClient.java:close(103)) - 814a2953-5a54-4816-82bb-cea6b8923059 Close channels
2023-06-22 13:18:12,133 [grpc-default-executor-5] WARN  server.GrpcClientProtocolService (LogUtils.java:warn(122)) - 5-UnorderedRequestStreamObserver5: onError: org.apache.ratis.thirdparty.io.grpc.StatusRuntimeException: CANCELLED: client cancelled
2023-06-22 13:18:12,133 [grpc-default-executor-3] INFO  server.GrpcLogAppender (GrpcLogAppender.java:onCompleted(428)) - fa3625a9-0e11-4f6d-9001-6678f3778837@group-7575F418CF9A->814a2953-5a54-4816-82bb-cea6b8923059-AppendLogResponseHandler: follower responses appendEntries COMPLETED
2023-06-22 13:18:12,134 [grpc-default-executor-3] WARN  server.GrpcLogAppender (GrpcLogAppender.java:resetClient(137)) - fa3625a9-0e11-4f6d-9001-6678f3778837@group-7575F418CF9A->814a2953-5a54-4816-82bb-cea6b8923059-GrpcLogAppender: Failed to getClient for 814a2953-5a54-4816-82bb-cea6b8923059
org.apache.ratis.protocol.exceptions.AlreadyClosedException: fa3625a9-0e11-4f6d-9001-6678f3778837 is already CLOSED
	at org.apache.ratis.util.PeerProxyMap$PeerAndProxy.getProxy(PeerProxyMap.java:61)
	at org.apache.ratis.util.PeerProxyMap.getProxy(PeerProxyMap.java:115)
	at org.apache.ratis.grpc.server.GrpcLogAppender.getClient(GrpcLogAppender.java:112)
	at org.apache.ratis.grpc.server.GrpcLogAppender.resetClient(GrpcLogAppender.java:117)
	at org.apache.ratis.grpc.server.GrpcLogAppender.access$500(GrpcLogAppender.java:56)
	at org.apache.ratis.grpc.server.GrpcLogAppender$AppendLogResponseHandler.onCompleted(GrpcLogAppender.java:429)
	at org.apache.ratis.thirdparty.io.grpc.stub.ClientCalls$StreamObserverToCallListenerAdapter.onClose(ClientCalls.java:485)
	at org.apache.ratis.thirdparty.io.grpc.internal.ClientCallImpl.closeObserver(ClientCallImpl.java:563)
	at org.apache.ratis.thirdparty.io.grpc.internal.ClientCallImpl.access$300(ClientCallImpl.java:70)
	at org.apache.ratis.thirdparty.io.grpc.internal.ClientCallImpl$ClientStreamListenerImpl$1StreamClosed.runInternal(ClientCallImpl.java:744)
	at org.apache.ratis.thirdparty.io.grpc.internal.ClientCallImpl$ClientStreamListenerImpl$1StreamClosed.runInContext(ClientCallImpl.java:723)
	at org.apache.ratis.thirdparty.io.grpc.internal.ContextRunnable.run(ContextRunnable.java:37)
	at org.apache.ratis.thirdparty.io.grpc.internal.SerializingExecutor.run(SerializingExecutor.java:133)
	at java.util.concurrent.ThreadPoolExecutor.runWorker(ThreadPoolExecutor.java:1149)
	at java.util.concurrent.ThreadPoolExecutor$Worker.run(ThreadPoolExecutor.java:624)
	at java.lang.Thread.run(Thread.java:750)
2023-06-22 13:18:12,127 [Thread-1452] INFO  server.GrpcServerProtocolClient (GrpcServerProtocolClient.java:close(103)) - 814a2953-5a54-4816-82bb-cea6b8923059 Close channels
2023-06-22 13:18:12,127 [Thread-1453] INFO  server.GrpcServerProtocolClient (GrpcServerProtocolClient.java:close(103)) - fa3625a9-0e11-4f6d-9001-6678f3778837 Close channels
2023-06-22 13:18:12,134 [grpc-default-executor-2] WARN  server.GrpcClientProtocolService (LogUtils.java:warn(122)) - 4-OrderedRequestStreamObserver4: onError: org.apache.ratis.thirdparty.io.grpc.StatusRuntimeException: CANCELLED: client cancelled
2023-06-22 13:18:12,137 [fb1e6b4b-5f0b-4936-8f17-bb7e415b5287-impl-thread2] INFO  util.JmxRegister (JmxRegister.java:unregister(73)) - Successfully un-registered JMX Bean with object name Ratis:service=RaftServer,group=group-7575F418CF9A,id=fb1e6b4b-5f0b-4936-8f17-bb7e415b5287
2023-06-22 13:18:12,137 [fb1e6b4b-5f0b-4936-8f17-bb7e415b5287-impl-thread2] INFO  impl.RoleInfo (RoleInfo.java:shutdownFollowerState(110)) - fb1e6b4b-5f0b-4936-8f17-bb7e415b5287: shutdown fb1e6b4b-5f0b-4936-8f17-bb7e415b5287@group-7575F418CF9A-FollowerState
2023-06-22 13:18:12,137 [fb1e6b4b-5f0b-4936-8f17-bb7e415b5287-impl-thread3] INFO  util.JmxRegister (JmxRegister.java:unregister(73)) - Successfully un-registered JMX Bean with object name Ratis:service=RaftServer,group=group-DE8DE8EF9662,id=fb1e6b4b-5f0b-4936-8f17-bb7e415b5287
2023-06-22 13:18:12,137 [fb1e6b4b-5f0b-4936-8f17-bb7e415b5287-impl-thread3] INFO  impl.RoleInfo (RoleInfo.java:shutdownLeaderState(93)) - fb1e6b4b-5f0b-4936-8f17-bb7e415b5287: shutdown fb1e6b4b-5f0b-4936-8f17-bb7e415b5287@group-DE8DE8EF9662-LeaderStateImpl
2023-06-22 13:18:12,137 [fb1e6b4b-5f0b-4936-8f17-bb7e415b5287-impl-thread3] INFO  impl.PendingRequests (PendingRequests.java:sendNotLeaderResponses(289)) - fb1e6b4b-5f0b-4936-8f17-bb7e415b5287@group-DE8DE8EF9662-PendingRequests: sendNotLeaderResponses
2023-06-22 13:18:12,138 [grpc-default-executor-10] INFO  server.GrpcServerProtocolService (GrpcServerProtocolService.java:onCompleted(155)) - fb1e6b4b-5f0b-4936-8f17-bb7e415b5287: Completed APPEND_ENTRIES, lastRequest: fa3625a9-0e11-4f6d-9001-6678f3778837->fb1e6b4b-5f0b-4936-8f17-bb7e415b5287#87-t1,previous=(t:1, i:39),leaderCommit=39,initializing? true,entries: size=1, first=(t:1, i:40), METADATAENTRY(c:38)
2023-06-22 13:18:12,138 [fb1e6b4b-5f0b-4936-8f17-bb7e415b5287-impl-thread2] INFO  impl.StateMachineUpdater (StateMachineUpdater.java:stopAndJoin(155)) - fb1e6b4b-5f0b-4936-8f17-bb7e415b5287@group-7575F418CF9A-StateMachineUpdater: set stopIndex = 40
2023-06-22 13:18:12,138 [grpc-default-executor-10] INFO  server.GrpcServerProtocolService (GrpcServerProtocolService.java:lambda$onCompleted$5(157)) - fb1e6b4b-5f0b-4936-8f17-bb7e415b5287: Completed APPEND_ENTRIES, lastReply: null
2023-06-22 13:18:12,138 [fb1e6b4b-5f0b-4936-8f17-bb7e415b5287@group-7575F418CF9A-FollowerState] INFO  impl.FollowerState (FollowerState.java:run(152)) - fb1e6b4b-5f0b-4936-8f17-bb7e415b5287@group-7575F418CF9A-FollowerState was interrupted
2023-06-22 13:18:12,144 [fa3625a9-0e11-4f6d-9001-6678f3778837-impl-thread4] INFO  util.JmxRegister (JmxRegister.java:unregister(73)) - Successfully un-registered JMX Bean with object name Ratis:service=RaftServer,group=group-FB01B33F6751,id=fa3625a9-0e11-4f6d-9001-6678f3778837
2023-06-22 13:18:12,144 [fa3625a9-0e11-4f6d-9001-6678f3778837-impl-thread4] INFO  impl.RoleInfo (RoleInfo.java:shutdownLeaderState(93)) - fa3625a9-0e11-4f6d-9001-6678f3778837: shutdown fa3625a9-0e11-4f6d-9001-6678f3778837@group-FB01B33F6751-LeaderStateImpl
2023-06-22 13:18:12,144 [fa3625a9-0e11-4f6d-9001-6678f3778837-impl-thread4] INFO  impl.PendingRequests (PendingRequests.java:sendNotLeaderResponses(289)) - fa3625a9-0e11-4f6d-9001-6678f3778837@group-FB01B33F6751-PendingRequests: sendNotLeaderResponses
2023-06-22 13:18:12,144 [fb1e6b4b-5f0b-4936-8f17-bb7e415b5287-impl-thread4] INFO  util.JmxRegister (JmxRegister.java:unregister(73)) - Successfully un-registered JMX Bean with object name Ratis:service=RaftServer,group=group-BCA38DC452F0,id=fb1e6b4b-5f0b-4936-8f17-bb7e415b5287
2023-06-22 13:18:12,144 [Thread-1454] INFO  server.GrpcServerProtocolClient (GrpcServerProtocolClient.java:close(103)) - fb1e6b4b-5f0b-4936-8f17-bb7e415b5287 Close channels
2023-06-22 13:18:12,144 [fb1e6b4b-5f0b-4936-8f17-bb7e415b5287-impl-thread4] INFO  impl.RoleInfo (RoleInfo.java:shutdownLeaderState(93)) - fb1e6b4b-5f0b-4936-8f17-bb7e415b5287: shutdown fb1e6b4b-5f0b-4936-8f17-bb7e415b5287@group-BCA38DC452F0-LeaderStateImpl
2023-06-22 13:18:12,144 [fb1e6b4b-5f0b-4936-8f17-bb7e415b5287-impl-thread4] INFO  impl.PendingRequests (PendingRequests.java:sendNotLeaderResponses(289)) - fb1e6b4b-5f0b-4936-8f17-bb7e415b5287@group-BCA38DC452F0-PendingRequests: sendNotLeaderResponses
2023-06-22 13:18:12,145 [fb1e6b4b-5f0b-4936-8f17-bb7e415b5287@group-BCA38DC452F0->fa3625a9-0e11-4f6d-9001-6678f3778837-GrpcLogAppender-LogAppenderDaemon] WARN  server.GrpcLogAppender (GrpcLogAppender.java:mayWait(199)) - fb1e6b4b-5f0b-4936-8f17-bb7e415b5287@group-BCA38DC452F0->fa3625a9-0e11-4f6d-9001-6678f3778837-GrpcLogAppender: Wait interrupted by java.lang.InterruptedException
2023-06-22 13:18:12,145 [fb1e6b4b-5f0b-4936-8f17-bb7e415b5287@group-BCA38DC452F0->814a2953-5a54-4816-82bb-cea6b8923059-GrpcLogAppender-LogAppenderDaemon] WARN  server.GrpcLogAppender (GrpcLogAppender.java:mayWait(199)) - fb1e6b4b-5f0b-4936-8f17-bb7e415b5287@group-BCA38DC452F0->814a2953-5a54-4816-82bb-cea6b8923059-GrpcLogAppender: Wait interrupted by java.lang.InterruptedException
2023-06-22 13:18:12,146 [grpc-default-executor-10] INFO  server.GrpcServerProtocolService (GrpcServerProtocolService.java:onCompleted(155)) - fa3625a9-0e11-4f6d-9001-6678f3778837: Completed APPEND_ENTRIES, lastRequest: fb1e6b4b-5f0b-4936-8f17-bb7e415b5287->fa3625a9-0e11-4f6d-9001-6678f3778837#77-t1,previous=(t:1, i:31),leaderCommit=31,initializing? true,entries: size=1, first=(t:1, i:32), METADATAENTRY(c:30)
2023-06-22 13:18:12,146 [grpc-default-executor-10] INFO  server.GrpcServerProtocolService (GrpcServerProtocolService.java:lambda$onCompleted$5(157)) - fa3625a9-0e11-4f6d-9001-6678f3778837: Completed APPEND_ENTRIES, lastReply: null
2023-06-22 13:18:12,149 [grpc-default-executor-6] INFO  server.GrpcLogAppender (GrpcLogAppender.java:onCompleted(428)) - fa3625a9-0e11-4f6d-9001-6678f3778837@group-7575F418CF9A->fb1e6b4b-5f0b-4936-8f17-bb7e415b5287-AppendLogResponseHandler: follower responses appendEntries COMPLETED
2023-06-22 13:18:12,149 [grpc-default-executor-6] WARN  server.GrpcLogAppender (GrpcLogAppender.java:resetClient(137)) - fa3625a9-0e11-4f6d-9001-6678f3778837@group-7575F418CF9A->fb1e6b4b-5f0b-4936-8f17-bb7e415b5287-GrpcLogAppender: Failed to getClient for fb1e6b4b-5f0b-4936-8f17-bb7e415b5287
org.apache.ratis.protocol.exceptions.AlreadyClosedException: fa3625a9-0e11-4f6d-9001-6678f3778837 is already CLOSED
	at org.apache.ratis.util.PeerProxyMap$PeerAndProxy.getProxy(PeerProxyMap.java:61)
	at org.apache.ratis.util.PeerProxyMap.getProxy(PeerProxyMap.java:115)
	at org.apache.ratis.grpc.server.GrpcLogAppender.getClient(GrpcLogAppender.java:112)
	at org.apache.ratis.grpc.server.GrpcLogAppender.resetClient(GrpcLogAppender.java:117)
	at org.apache.ratis.grpc.server.GrpcLogAppender.access$500(GrpcLogAppender.java:56)
	at org.apache.ratis.grpc.server.GrpcLogAppender$AppendLogResponseHandler.onCompleted(GrpcLogAppender.java:429)
	at org.apache.ratis.thirdparty.io.grpc.stub.ClientCalls$StreamObserverToCallListenerAdapter.onClose(ClientCalls.java:485)
	at org.apache.ratis.thirdparty.io.grpc.internal.ClientCallImpl.closeObserver(ClientCallImpl.java:563)
	at org.apache.ratis.thirdparty.io.grpc.internal.ClientCallImpl.access$300(ClientCallImpl.java:70)
	at org.apache.ratis.thirdparty.io.grpc.internal.ClientCallImpl$ClientStreamListenerImpl$1StreamClosed.runInternal(ClientCallImpl.java:744)
	at org.apache.ratis.thirdparty.io.grpc.internal.ClientCallImpl$ClientStreamListenerImpl$1StreamClosed.runInContext(ClientCallImpl.java:723)
	at org.apache.ratis.thirdparty.io.grpc.internal.ContextRunnable.run(ContextRunnable.java:37)
	at org.apache.ratis.thirdparty.io.grpc.internal.SerializingExecutor.run(SerializingExecutor.java:133)
	at java.util.concurrent.ThreadPoolExecutor.runWorker(ThreadPoolExecutor.java:1149)
	at java.util.concurrent.ThreadPoolExecutor$Worker.run(ThreadPoolExecutor.java:624)
	at java.lang.Thread.run(Thread.java:750)
2023-06-22 13:18:12,149 [grpc-default-executor-1] INFO  server.GrpcServerProtocolService (GrpcServerProtocolService.java:onCompleted(155)) - 814a2953-5a54-4816-82bb-cea6b8923059: Completed APPEND_ENTRIES, lastRequest: null
2023-06-22 13:18:12,150 [grpc-default-executor-1] INFO  server.GrpcServerProtocolService (GrpcServerProtocolService.java:lambda$onCompleted$5(157)) - 814a2953-5a54-4816-82bb-cea6b8923059: Completed APPEND_ENTRIES, lastReply: serverReply {
  requestorId: "fb1e6b4b-5f0b-4936-8f17-bb7e415b5287"
  replyId: "814a2953-5a54-4816-82bb-cea6b8923059"
  raftGroupId {
    id: "\306\3038\372\357\366L\031\242-\274\243\215\304R\360"
  }
  callId: 74
  success: true
}
term: 1
nextIndex: 29
followerCommit: 28
matchIndex: 18446744073709551615
isHearbeat: true

2023-06-22 13:18:12,150 [grpc-default-executor-1] INFO  server.GrpcServerProtocolService (GrpcServerProtocolService.java:onCompleted(155)) - fa3625a9-0e11-4f6d-9001-6678f3778837: Completed APPEND_ENTRIES, lastRequest: null
2023-06-22 13:18:12,150 [grpc-default-executor-6] INFO  server.GrpcServerProtocolService (GrpcServerProtocolService.java:onCompleted(155)) - 814a2953-5a54-4816-82bb-cea6b8923059: Completed APPEND_ENTRIES, lastRequest: fb1e6b4b-5f0b-4936-8f17-bb7e415b5287->814a2953-5a54-4816-82bb-cea6b8923059#78-t1,previous=(t:1, i:31),leaderCommit=31,initializing? true,entries: size=1, first=(t:1, i:32), METADATAENTRY(c:30)
2023-06-22 13:18:12,150 [grpc-default-executor-1] INFO  server.GrpcServerProtocolService (GrpcServerProtocolService.java:lambda$onCompleted$5(157)) - fa3625a9-0e11-4f6d-9001-6678f3778837: Completed APPEND_ENTRIES, lastReply: serverReply {
  requestorId: "fb1e6b4b-5f0b-4936-8f17-bb7e415b5287"
  replyId: "fa3625a9-0e11-4f6d-9001-6678f3778837"
  raftGroupId {
    id: "\306\3038\372\357\366L\031\242-\274\243\215\304R\360"
  }
  callId: 73
  success: true
}
term: 1
nextIndex: 29
followerCommit: 28
matchIndex: 18446744073709551615
isHearbeat: true

2023-06-22 13:18:12,150 [grpc-default-executor-6] INFO  server.GrpcServerProtocolService (GrpcServerProtocolService.java:lambda$onCompleted$5(157)) - 814a2953-5a54-4816-82bb-cea6b8923059: Completed APPEND_ENTRIES, lastReply: null
2023-06-22 13:18:12,152 [grpc-default-executor-6] INFO  server.GrpcLogAppender (GrpcLogAppender.java:onCompleted(428)) - fb1e6b4b-5f0b-4936-8f17-bb7e415b5287@group-BCA38DC452F0->fa3625a9-0e11-4f6d-9001-6678f3778837-AppendLogResponseHandler: follower responses appendEntries COMPLETED
2023-06-22 13:18:12,152 [grpc-default-executor-1] INFO  server.GrpcLogAppender (GrpcLogAppender.java:onCompleted(428)) - fb1e6b4b-5f0b-4936-8f17-bb7e415b5287@group-BCA38DC452F0->814a2953-5a54-4816-82bb-cea6b8923059-AppendLogResponseHandler: follower responses appendEntries COMPLETED
2023-06-22 13:18:12,153 [grpc-default-executor-6] WARN  server.GrpcLogAppender (GrpcLogAppender.java:resetClient(137)) - fb1e6b4b-5f0b-4936-8f17-bb7e415b5287@group-BCA38DC452F0->fa3625a9-0e11-4f6d-9001-6678f3778837-GrpcLogAppender: Failed to getClient for fa3625a9-0e11-4f6d-9001-6678f3778837
org.apache.ratis.protocol.exceptions.AlreadyClosedException: fb1e6b4b-5f0b-4936-8f17-bb7e415b5287 is already CLOSED
	at org.apache.ratis.util.PeerProxyMap$PeerAndProxy.getProxy(PeerProxyMap.java:61)
	at org.apache.ratis.util.PeerProxyMap.getProxy(PeerProxyMap.java:115)
	at org.apache.ratis.grpc.server.GrpcLogAppender.getClient(GrpcLogAppender.java:112)
	at org.apache.ratis.grpc.server.GrpcLogAppender.resetClient(GrpcLogAppender.java:117)
	at org.apache.ratis.grpc.server.GrpcLogAppender.access$500(GrpcLogAppender.java:56)
	at org.apache.ratis.grpc.server.GrpcLogAppender$AppendLogResponseHandler.onCompleted(GrpcLogAppender.java:429)
	at org.apache.ratis.thirdparty.io.grpc.stub.ClientCalls$StreamObserverToCallListenerAdapter.onClose(ClientCalls.java:485)
	at org.apache.ratis.thirdparty.io.grpc.internal.DelayedClientCall$DelayedListener$3.run(DelayedClientCall.java:471)
	at org.apache.ratis.thirdparty.io.grpc.internal.DelayedClientCall$DelayedListener.delayOrExecute(DelayedClientCall.java:435)
	at org.apache.ratis.thirdparty.io.grpc.internal.DelayedClientCall$DelayedListener.onClose(DelayedClientCall.java:468)
	at org.apache.ratis.thirdparty.io.grpc.internal.ClientCallImpl.closeObserver(ClientCallImpl.java:563)
	at org.apache.ratis.thirdparty.io.grpc.internal.ClientCallImpl.access$300(ClientCallImpl.java:70)
	at org.apache.ratis.thirdparty.io.grpc.internal.ClientCallImpl$ClientStreamListenerImpl$1StreamClosed.runInternal(ClientCallImpl.java:744)
	at org.apache.ratis.thirdparty.io.grpc.internal.ClientCallImpl$ClientStreamListenerImpl$1StreamClosed.runInContext(ClientCallImpl.java:723)
	at org.apache.ratis.thirdparty.io.grpc.internal.ContextRunnable.run(ContextRunnable.java:37)
	at org.apache.ratis.thirdparty.io.grpc.internal.SerializingExecutor.run(SerializingExecutor.java:133)
	at java.util.concurrent.ThreadPoolExecutor.runWorker(ThreadPoolExecutor.java:1149)
	at java.util.concurrent.ThreadPoolExecutor$Worker.run(ThreadPoolExecutor.java:624)
	at java.lang.Thread.run(Thread.java:750)
2023-06-22 13:18:12,153 [grpc-default-executor-2] INFO  server.GrpcLogAppender (GrpcLogAppender.java:onCompleted(428)) - fb1e6b4b-5f0b-4936-8f17-bb7e415b5287@group-BCA38DC452F0->814a2953-5a54-4816-82bb-cea6b8923059-AppendLogResponseHandler: follower responses appendEntries COMPLETED
2023-06-22 13:18:12,156 [grpc-default-executor-2] WARN  server.GrpcLogAppender (GrpcLogAppender.java:resetClient(137)) - fb1e6b4b-5f0b-4936-8f17-bb7e415b5287@group-BCA38DC452F0->814a2953-5a54-4816-82bb-cea6b8923059-GrpcLogAppender: Failed to getClient for 814a2953-5a54-4816-82bb-cea6b8923059
org.apache.ratis.protocol.exceptions.AlreadyClosedException: fb1e6b4b-5f0b-4936-8f17-bb7e415b5287 is already CLOSED
	at org.apache.ratis.util.PeerProxyMap$PeerAndProxy.getProxy(PeerProxyMap.java:61)
	at org.apache.ratis.util.PeerProxyMap.getProxy(PeerProxyMap.java:115)
	at org.apache.ratis.grpc.server.GrpcLogAppender.getClient(GrpcLogAppender.java:112)
	at org.apache.ratis.grpc.server.GrpcLogAppender.resetClient(GrpcLogAppender.java:117)
	at org.apache.ratis.grpc.server.GrpcLogAppender.access$500(GrpcLogAppender.java:56)
	at org.apache.ratis.grpc.server.GrpcLogAppender$AppendLogResponseHandler.onCompleted(GrpcLogAppender.java:429)
	at org.apache.ratis.thirdparty.io.grpc.stub.ClientCalls$StreamObserverToCallListenerAdapter.onClose(ClientCalls.java:485)
	at org.apache.ratis.thirdparty.io.grpc.internal.ClientCallImpl.closeObserver(ClientCallImpl.java:563)
	at org.apache.ratis.thirdparty.io.grpc.internal.ClientCallImpl.access$300(ClientCallImpl.java:70)
	at org.apache.ratis.thirdparty.io.grpc.internal.ClientCallImpl$ClientStreamListenerImpl$1StreamClosed.runInternal(ClientCallImpl.java:744)
	at org.apache.ratis.thirdparty.io.grpc.internal.ClientCallImpl$ClientStreamListenerImpl$1StreamClosed.runInContext(ClientCallImpl.java:723)
	at org.apache.ratis.thirdparty.io.grpc.internal.ContextRunnable.run(ContextRunnable.java:37)
	at org.apache.ratis.thirdparty.io.grpc.internal.SerializingExecutor.run(SerializingExecutor.java:133)
	at java.util.concurrent.ThreadPoolExecutor.runWorker(ThreadPoolExecutor.java:1149)
	at java.util.concurrent.ThreadPoolExecutor$Worker.run(ThreadPoolExecutor.java:624)
	at java.lang.Thread.run(Thread.java:750)
2023-06-22 13:18:12,153 [ForkJoinPool.commonPool-worker-0] INFO  ozoneimpl.OzoneContainer (OzoneContainer.java:stop(433)) - Attempting to stop container services.
2023-06-22 13:18:12,153 [grpc-default-executor-1] WARN  server.GrpcLogAppender (GrpcLogAppender.java:resetClient(137)) - fb1e6b4b-5f0b-4936-8f17-bb7e415b5287@group-BCA38DC452F0->814a2953-5a54-4816-82bb-cea6b8923059-GrpcLogAppender: Failed to getClient for 814a2953-5a54-4816-82bb-cea6b8923059
org.apache.ratis.protocol.exceptions.AlreadyClosedException: fb1e6b4b-5f0b-4936-8f17-bb7e415b5287 is already CLOSED
	at org.apache.ratis.util.PeerProxyMap$PeerAndProxy.getProxy(PeerProxyMap.java:61)
	at org.apache.ratis.util.PeerProxyMap.getProxy(PeerProxyMap.java:115)
	at org.apache.ratis.grpc.server.GrpcLogAppender.getClient(GrpcLogAppender.java:112)
	at org.apache.ratis.grpc.server.GrpcLogAppender.resetClient(GrpcLogAppender.java:117)
	at org.apache.ratis.grpc.server.GrpcLogAppender.access$500(GrpcLogAppender.java:56)
	at org.apache.ratis.grpc.server.GrpcLogAppender$AppendLogResponseHandler.onCompleted(GrpcLogAppender.java:429)
	at org.apache.ratis.thirdparty.io.grpc.stub.ClientCalls$StreamObserverToCallListenerAdapter.onClose(ClientCalls.java:485)
	at org.apache.ratis.thirdparty.io.grpc.internal.ClientCallImpl.closeObserver(ClientCallImpl.java:563)
	at org.apache.ratis.thirdparty.io.grpc.internal.ClientCallImpl.access$300(ClientCallImpl.java:70)
	at org.apache.ratis.thirdparty.io.grpc.internal.ClientCallImpl$ClientStreamListenerImpl$1StreamClosed.runInternal(ClientCallImpl.java:744)
	at org.apache.ratis.thirdparty.io.grpc.internal.ClientCallImpl$ClientStreamListenerImpl$1StreamClosed.runInContext(ClientCallImpl.java:723)
	at org.apache.ratis.thirdparty.io.grpc.internal.ContextRunnable.run(ContextRunnable.java:37)
	at org.apache.ratis.thirdparty.io.grpc.internal.SerializingExecutor.run(SerializingExecutor.java:133)
	at java.util.concurrent.ThreadPoolExecutor.runWorker(ThreadPoolExecutor.java:1149)
	at java.util.concurrent.ThreadPoolExecutor$Worker.run(ThreadPoolExecutor.java:624)
	at java.lang.Thread.run(Thread.java:750)
2023-06-22 13:18:12,158 [fa3625a9-0e11-4f6d-9001-6678f3778837@group-BCA38DC452F0-StateMachineUpdater] INFO  ratis.ContainerStateMachine (ContainerStateMachine.java:takeSnapshot(330)) - group-BCA38DC452F0: Taking a snapshot at:(t:1, i:31) file /home/runner/work/ozone/ozone/hadoop-ozone/integration-test/target/test-dir/MiniOzoneClusterImpl-0c9ac019-7194-482d-81d1-9ca5b99c70d1/datanode-1/data/ratis/c6c338fa-eff6-4c19-a22d-bca38dc452f0/sm/snapshot.1_31
2023-06-22 13:18:12,159 [fb1e6b4b-5f0b-4936-8f17-bb7e415b5287@group-7575F418CF9A-StateMachineUpdater] INFO  ratis.ContainerStateMachine (ContainerStateMachine.java:takeSnapshot(330)) - group-7575F418CF9A: Taking a snapshot at:(t:1, i:40) file /home/runner/work/ozone/ozone/hadoop-ozone/integration-test/target/test-dir/MiniOzoneClusterImpl-0c9ac019-7194-482d-81d1-9ca5b99c70d1/datanode-2/data/ratis/59665af5-57fe-4c3c-b082-7575f418cf9a/sm/snapshot.1_40
2023-06-22 13:18:12,163 [ForkJoinPool.commonPool-worker-0] INFO  server.RaftServer (RaftServerProxy.java:lambda$close$6(416)) - d61499ed-03ab-4261-8165-c3404d6b8549: close
2023-06-22 13:18:12,164 [grpc-default-executor-5] INFO  server.GrpcLogAppender (GrpcLogAppender.java:onCompleted(428)) - fb1e6b4b-5f0b-4936-8f17-bb7e415b5287@group-BCA38DC452F0->fa3625a9-0e11-4f6d-9001-6678f3778837-AppendLogResponseHandler: follower responses appendEntries COMPLETED
2023-06-22 13:18:12,164 [grpc-default-executor-5] WARN  server.GrpcLogAppender (GrpcLogAppender.java:resetClient(137)) - fb1e6b4b-5f0b-4936-8f17-bb7e415b5287@group-BCA38DC452F0->fa3625a9-0e11-4f6d-9001-6678f3778837-GrpcLogAppender: Failed to getClient for fa3625a9-0e11-4f6d-9001-6678f3778837
org.apache.ratis.protocol.exceptions.AlreadyClosedException: fb1e6b4b-5f0b-4936-8f17-bb7e415b5287 is already CLOSED
	at org.apache.ratis.util.PeerProxyMap$PeerAndProxy.getProxy(PeerProxyMap.java:61)
	at org.apache.ratis.util.PeerProxyMap.getProxy(PeerProxyMap.java:115)
	at org.apache.ratis.grpc.server.GrpcLogAppender.getClient(GrpcLogAppender.java:112)
	at org.apache.ratis.grpc.server.GrpcLogAppender.resetClient(GrpcLogAppender.java:117)
	at org.apache.ratis.grpc.server.GrpcLogAppender.access$500(GrpcLogAppender.java:56)
	at org.apache.ratis.grpc.server.GrpcLogAppender$AppendLogResponseHandler.onCompleted(GrpcLogAppender.java:429)
	at org.apache.ratis.thirdparty.io.grpc.stub.ClientCalls$StreamObserverToCallListenerAdapter.onClose(ClientCalls.java:485)
	at org.apache.ratis.thirdparty.io.grpc.internal.ClientCallImpl.closeObserver(ClientCallImpl.java:563)
	at org.apache.ratis.thirdparty.io.grpc.internal.ClientCallImpl.access$300(ClientCallImpl.java:70)
	at org.apache.ratis.thirdparty.io.grpc.internal.ClientCallImpl$ClientStreamListenerImpl$1StreamClosed.runInternal(ClientCallImpl.java:744)
	at org.apache.ratis.thirdparty.io.grpc.internal.ClientCallImpl$ClientStreamListenerImpl$1StreamClosed.runInContext(ClientCallImpl.java:723)
	at org.apache.ratis.thirdparty.io.grpc.internal.ContextRunnable.run(ContextRunnable.java:37)
	at org.apache.ratis.thirdparty.io.grpc.internal.SerializingExecutor.run(SerializingExecutor.java:133)
	at java.util.concurrent.ThreadPoolExecutor.runWorker(ThreadPoolExecutor.java:1149)
	at java.util.concurrent.ThreadPoolExecutor$Worker.run(ThreadPoolExecutor.java:624)
	at java.lang.Thread.run(Thread.java:750)
2023-06-22 13:18:12,164 [main] INFO  server.GrpcService (GrpcService.java:closeImpl(320)) - fb1e6b4b-5f0b-4936-8f17-bb7e415b5287: shutdown server org.apache.ratis.grpc.server.GrpcClientProtocolService successfully
2023-06-22 13:18:12,165 [main] INFO  server.GrpcService (GrpcService.java:closeImpl(311)) - fb1e6b4b-5f0b-4936-8f17-bb7e415b5287: shutdown server GrpcServerProtocolService now
2023-06-22 13:18:12,166 [grpc-default-executor-5] INFO  server.GrpcLogAppender (GrpcLogAppender.java:onCompleted(428)) - fa3625a9-0e11-4f6d-9001-6678f3778837@group-7575F418CF9A->fb1e6b4b-5f0b-4936-8f17-bb7e415b5287-AppendLogResponseHandler: follower responses appendEntries COMPLETED
2023-06-22 13:18:12,166 [grpc-default-executor-5] WARN  server.GrpcLogAppender (GrpcLogAppender.java:resetClient(137)) - fa3625a9-0e11-4f6d-9001-6678f3778837@group-7575F418CF9A->fb1e6b4b-5f0b-4936-8f17-bb7e415b5287-GrpcLogAppender: Failed to getClient for fb1e6b4b-5f0b-4936-8f17-bb7e415b5287
org.apache.ratis.protocol.exceptions.AlreadyClosedException: fa3625a9-0e11-4f6d-9001-6678f3778837 is already CLOSED
	at org.apache.ratis.util.PeerProxyMap$PeerAndProxy.getProxy(PeerProxyMap.java:61)
	at org.apache.ratis.util.PeerProxyMap.getProxy(PeerProxyMap.java:115)
	at org.apache.ratis.grpc.server.GrpcLogAppender.getClient(GrpcLogAppender.java:112)
	at org.apache.ratis.grpc.server.GrpcLogAppender.resetClient(GrpcLogAppender.java:117)
	at org.apache.ratis.grpc.server.GrpcLogAppender.access$500(GrpcLogAppender.java:56)
	at org.apache.ratis.grpc.server.GrpcLogAppender$AppendLogResponseHandler.onCompleted(GrpcLogAppender.java:429)
	at org.apache.ratis.thirdparty.io.grpc.stub.ClientCalls$StreamObserverToCallListenerAdapter.onClose(ClientCalls.java:485)
	at org.apache.ratis.thirdparty.io.grpc.internal.ClientCallImpl.closeObserver(ClientCallImpl.java:563)
	at org.apache.ratis.thirdparty.io.grpc.internal.ClientCallImpl.access$300(ClientCallImpl.java:70)
	at org.apache.ratis.thirdparty.io.grpc.internal.ClientCallImpl$ClientStreamListenerImpl$1StreamClosed.runInternal(ClientCallImpl.java:744)
	at org.apache.ratis.thirdparty.io.grpc.internal.ClientCallImpl$ClientStreamListenerImpl$1StreamClosed.runInContext(ClientCallImpl.java:723)
	at org.apache.ratis.thirdparty.io.grpc.internal.ContextRunnable.run(ContextRunnable.java:37)
	at org.apache.ratis.thirdparty.io.grpc.internal.SerializingExecutor.run(SerializingExecutor.java:133)
	at java.util.concurrent.ThreadPoolExecutor.runWorker(ThreadPoolExecutor.java:1149)
	at java.util.concurrent.ThreadPoolExecutor$Worker.run(ThreadPoolExecutor.java:624)
	at java.lang.Thread.run(Thread.java:750)
2023-06-22 13:18:12,167 [fb1e6b4b-5f0b-4936-8f17-bb7e415b5287-impl-thread3] INFO  impl.StateMachineUpdater (StateMachineUpdater.java:stopAndJoin(155)) - fb1e6b4b-5f0b-4936-8f17-bb7e415b5287@group-DE8DE8EF9662-StateMachineUpdater: set stopIndex = 0
2023-06-22 13:18:12,167 [fa3625a9-0e11-4f6d-9001-6678f3778837-impl-thread2] INFO  impl.StateMachineUpdater (StateMachineUpdater.java:stopAndJoin(155)) - fa3625a9-0e11-4f6d-9001-6678f3778837@group-7575F418CF9A-StateMachineUpdater: set stopIndex = 40
2023-06-22 13:18:12,168 [fa3625a9-0e11-4f6d-9001-6678f3778837-impl-thread4] INFO  impl.StateMachineUpdater (StateMachineUpdater.java:stopAndJoin(155)) - fa3625a9-0e11-4f6d-9001-6678f3778837@group-FB01B33F6751-StateMachineUpdater: set stopIndex = 0
2023-06-22 13:18:12,168 [fb1e6b4b-5f0b-4936-8f17-bb7e415b5287-impl-thread4] INFO  impl.StateMachineUpdater (StateMachineUpdater.java:stopAndJoin(155)) - fb1e6b4b-5f0b-4936-8f17-bb7e415b5287@group-BCA38DC452F0-StateMachineUpdater: set stopIndex = 32
2023-06-22 13:18:12,168 [fb1e6b4b-5f0b-4936-8f17-bb7e415b5287@group-DE8DE8EF9662-StateMachineUpdater] INFO  ratis.ContainerStateMachine (ContainerStateMachine.java:takeSnapshot(330)) - group-DE8DE8EF9662: Taking a snapshot at:(t:1, i:0) file /home/runner/work/ozone/ozone/hadoop-ozone/integration-test/target/test-dir/MiniOzoneClusterImpl-0c9ac019-7194-482d-81d1-9ca5b99c70d1/datanode-2/data/ratis/5666fdbd-e7f4-4f4e-8297-de8de8ef9662/sm/snapshot.1_0
2023-06-22 13:18:12,168 [fa3625a9-0e11-4f6d-9001-6678f3778837@group-7575F418CF9A-StateMachineUpdater] INFO  ratis.ContainerStateMachine (ContainerStateMachine.java:takeSnapshot(330)) - group-7575F418CF9A: Taking a snapshot at:(t:1, i:40) file /home/runner/work/ozone/ozone/hadoop-ozone/integration-test/target/test-dir/MiniOzoneClusterImpl-0c9ac019-7194-482d-81d1-9ca5b99c70d1/datanode-1/data/ratis/59665af5-57fe-4c3c-b082-7575f418cf9a/sm/snapshot.1_40
2023-06-22 13:18:12,168 [fa3625a9-0e11-4f6d-9001-6678f3778837@group-FB01B33F6751-StateMachineUpdater] INFO  ratis.ContainerStateMachine (ContainerStateMachine.java:takeSnapshot(330)) - group-FB01B33F6751: Taking a snapshot at:(t:1, i:0) file /home/runner/work/ozone/ozone/hadoop-ozone/integration-test/target/test-dir/MiniOzoneClusterImpl-0c9ac019-7194-482d-81d1-9ca5b99c70d1/datanode-1/data/ratis/c7d782fd-ef45-451c-8232-fb01b33f6751/sm/snapshot.1_0
2023-06-22 13:18:12,168 [fb1e6b4b-5f0b-4936-8f17-bb7e415b5287@group-BCA38DC452F0-StateMachineUpdater] INFO  ratis.ContainerStateMachine (ContainerStateMachine.java:takeSnapshot(330)) - group-BCA38DC452F0: Taking a snapshot at:(t:1, i:32) file /home/runner/work/ozone/ozone/hadoop-ozone/integration-test/target/test-dir/MiniOzoneClusterImpl-0c9ac019-7194-482d-81d1-9ca5b99c70d1/datanode-2/data/ratis/c6c338fa-eff6-4c19-a22d-bca38dc452f0/sm/snapshot.1_32
2023-06-22 13:18:12,175 [ForkJoinPool.commonPool-worker-0] INFO  server.GrpcService (GrpcService.java:closeImpl(311)) - d61499ed-03ab-4261-8165-c3404d6b8549: shutdown server org.apache.ratis.grpc.server.GrpcClientProtocolService now
2023-06-22 13:18:12,175 [d61499ed-03ab-4261-8165-c3404d6b8549-impl-thread2] INFO  server.RaftServer$Division (RaftServerImpl.java:lambda$close$4(466)) - d61499ed-03ab-4261-8165-c3404d6b8549@group-078092DDFFF4: shutdown
2023-06-22 13:18:12,175 [d61499ed-03ab-4261-8165-c3404d6b8549-impl-thread2] INFO  util.JmxRegister (JmxRegister.java:unregister(73)) - Successfully un-registered JMX Bean with object name Ratis:service=RaftServer,group=group-078092DDFFF4,id=d61499ed-03ab-4261-8165-c3404d6b8549
2023-06-22 13:18:12,176 [d61499ed-03ab-4261-8165-c3404d6b8549-impl-thread2] INFO  impl.RoleInfo (RoleInfo.java:shutdownLeaderState(93)) - d61499ed-03ab-4261-8165-c3404d6b8549: shutdown d61499ed-03ab-4261-8165-c3404d6b8549@group-078092DDFFF4-LeaderStateImpl
2023-06-22 13:18:12,176 [d61499ed-03ab-4261-8165-c3404d6b8549-impl-thread2] INFO  impl.PendingRequests (PendingRequests.java:sendNotLeaderResponses(289)) - d61499ed-03ab-4261-8165-c3404d6b8549@group-078092DDFFF4-PendingRequests: sendNotLeaderResponses
2023-06-22 13:18:12,176 [d61499ed-03ab-4261-8165-c3404d6b8549@group-078092DDFFF4-StateMachineUpdater] INFO  ratis.ContainerStateMachine (ContainerStateMachine.java:takeSnapshot(330)) - group-078092DDFFF4: Taking a snapshot at:(t:1, i:0) file /home/runner/work/ozone/ozone/hadoop-ozone/integration-test/target/test-dir/MiniOzoneClusterImpl-0c9ac019-7194-482d-81d1-9ca5b99c70d1/datanode-4/data/ratis/f6e8b169-a12e-4552-be7f-078092ddfff4/sm/snapshot.1_0
2023-06-22 13:18:12,176 [d61499ed-03ab-4261-8165-c3404d6b8549-impl-thread2] INFO  impl.StateMachineUpdater (StateMachineUpdater.java:stopAndJoin(155)) - d61499ed-03ab-4261-8165-c3404d6b8549@group-078092DDFFF4-StateMachineUpdater: set stopIndex = 0
2023-06-22 13:18:12,179 [ForkJoinPool.commonPool-worker-0] INFO  server.GrpcService (GrpcService.java:closeImpl(320)) - d61499ed-03ab-4261-8165-c3404d6b8549: shutdown server org.apache.ratis.grpc.server.GrpcClientProtocolService successfully
2023-06-22 13:18:12,179 [ForkJoinPool.commonPool-worker-0] INFO  server.GrpcService (GrpcService.java:closeImpl(311)) - d61499ed-03ab-4261-8165-c3404d6b8549: shutdown server GrpcServerProtocolService now
2023-06-22 13:18:12,184 [ForkJoinPool.commonPool-worker-1] INFO  server.GrpcService (GrpcService.java:closeImpl(320)) - fa3625a9-0e11-4f6d-9001-6678f3778837: shutdown server org.apache.ratis.grpc.server.GrpcClientProtocolService successfully
2023-06-22 13:18:12,184 [ForkJoinPool.commonPool-worker-1] INFO  server.GrpcService (GrpcService.java:closeImpl(311)) - fa3625a9-0e11-4f6d-9001-6678f3778837: shutdown server GrpcServerProtocolService now
2023-06-22 13:18:12,193 [grpc-default-executor-10] INFO  server.GrpcLogAppender (GrpcLogAppender.java:onCompleted(428)) - fa3625a9-0e11-4f6d-9001-6678f3778837@group-7575F418CF9A->814a2953-5a54-4816-82bb-cea6b8923059-AppendLogResponseHandler: follower responses appendEntries COMPLETED
2023-06-22 13:18:12,194 [grpc-default-executor-10] WARN  server.GrpcLogAppender (GrpcLogAppender.java:resetClient(137)) - fa3625a9-0e11-4f6d-9001-6678f3778837@group-7575F418CF9A->814a2953-5a54-4816-82bb-cea6b8923059-GrpcLogAppender: Failed to getClient for 814a2953-5a54-4816-82bb-cea6b8923059
org.apache.ratis.protocol.exceptions.AlreadyClosedException: fa3625a9-0e11-4f6d-9001-6678f3778837 is already CLOSED
	at org.apache.ratis.util.PeerProxyMap$PeerAndProxy.getProxy(PeerProxyMap.java:61)
	at org.apache.ratis.util.PeerProxyMap.getProxy(PeerProxyMap.java:115)
	at org.apache.ratis.grpc.server.GrpcLogAppender.getClient(GrpcLogAppender.java:112)
	at org.apache.ratis.grpc.server.GrpcLogAppender.resetClient(GrpcLogAppender.java:117)
	at org.apache.ratis.grpc.server.GrpcLogAppender.access$500(GrpcLogAppender.java:56)
	at org.apache.ratis.grpc.server.GrpcLogAppender$AppendLogResponseHandler.onCompleted(GrpcLogAppender.java:429)
	at org.apache.ratis.thirdparty.io.grpc.stub.ClientCalls$StreamObserverToCallListenerAdapter.onClose(ClientCalls.java:485)
	at org.apache.ratis.thirdparty.io.grpc.internal.DelayedClientCall$DelayedListener$3.run(DelayedClientCall.java:471)
	at org.apache.ratis.thirdparty.io.grpc.internal.DelayedClientCall$DelayedListener.delayOrExecute(DelayedClientCall.java:435)
	at org.apache.ratis.thirdparty.io.grpc.internal.DelayedClientCall$DelayedListener.onClose(DelayedClientCall.java:468)
	at org.apache.ratis.thirdparty.io.grpc.internal.ClientCallImpl.closeObserver(ClientCallImpl.java:563)
	at org.apache.ratis.thirdparty.io.grpc.internal.ClientCallImpl.access$300(ClientCallImpl.java:70)
	at org.apache.ratis.thirdparty.io.grpc.internal.ClientCallImpl$ClientStreamListenerImpl$1StreamClosed.runInternal(ClientCallImpl.java:744)
	at org.apache.ratis.thirdparty.io.grpc.internal.ClientCallImpl$ClientStreamListenerImpl$1StreamClosed.runInContext(ClientCallImpl.java:723)
	at org.apache.ratis.thirdparty.io.grpc.internal.ContextRunnable.run(ContextRunnable.java:37)
	at org.apache.ratis.thirdparty.io.grpc.internal.SerializingExecutor.run(SerializingExecutor.java:133)
	at java.util.concurrent.ThreadPoolExecutor.runWorker(ThreadPoolExecutor.java:1149)
	at java.util.concurrent.ThreadPoolExecutor$Worker.run(ThreadPoolExecutor.java:624)
	at java.lang.Thread.run(Thread.java:750)
2023-06-22 13:18:12,194 [ForkJoinPool.commonPool-worker-0] INFO  server.GrpcService (GrpcService.java:closeImpl(320)) - d61499ed-03ab-4261-8165-c3404d6b8549: shutdown server GrpcServerProtocolService successfully
2023-06-22 13:18:12,194 [ForkJoinPool.commonPool-worker-0] INFO  server.GrpcService (GrpcService.java:closeImpl(311)) - d61499ed-03ab-4261-8165-c3404d6b8549: shutdown server org.apache.ratis.grpc.server.GrpcAdminProtocolService now
2023-06-22 13:18:12,198 [ForkJoinPool.commonPool-worker-0] INFO  server.GrpcService (GrpcService.java:closeImpl(320)) - d61499ed-03ab-4261-8165-c3404d6b8549: shutdown server org.apache.ratis.grpc.server.GrpcAdminProtocolService successfully
2023-06-22 13:18:12,198 [main] INFO  server.GrpcService (GrpcService.java:closeImpl(320)) - fb1e6b4b-5f0b-4936-8f17-bb7e415b5287: shutdown server GrpcServerProtocolService successfully
2023-06-22 13:18:12,198 [d61499ed-03ab-4261-8165-c3404d6b8549-NettyServerStreamRpc-bossGroup--thread1] INFO  logging.LoggingHandler (AbstractInternalLogger.java:log(148)) - [id: 0xc664ba16, L:/0:0:0:0:0:0:0:0:15051] CLOSE
2023-06-22 13:18:12,198 [main] INFO  server.GrpcService (GrpcService.java:closeImpl(311)) - fb1e6b4b-5f0b-4936-8f17-bb7e415b5287: shutdown server org.apache.ratis.grpc.server.GrpcAdminProtocolService now
2023-06-22 13:18:12,199 [d61499ed-03ab-4261-8165-c3404d6b8549-NettyServerStreamRpc-bossGroup--thread1] INFO  logging.LoggingHandler (AbstractInternalLogger.java:log(148)) - [id: 0xc664ba16, L:/0:0:0:0:0:0:0:0:15051] INACTIVE
2023-06-22 13:18:12,199 [d61499ed-03ab-4261-8165-c3404d6b8549-NettyServerStreamRpc-bossGroup--thread1] INFO  logging.LoggingHandler (AbstractInternalLogger.java:log(148)) - [id: 0xc664ba16, L:/0:0:0:0:0:0:0:0:15051] UNREGISTERED
2023-06-22 13:18:12,212 [d61499ed-03ab-4261-8165-c3404d6b8549@group-078092DDFFF4-StateMachineUpdater] INFO  ratis.ContainerStateMachine (ContainerStateMachine.java:takeSnapshot(341)) - group-078092DDFFF4: Finished taking a snapshot at:(t:1, i:0) file:/home/runner/work/ozone/ozone/hadoop-ozone/integration-test/target/test-dir/MiniOzoneClusterImpl-0c9ac019-7194-482d-81d1-9ca5b99c70d1/datanode-4/data/ratis/f6e8b169-a12e-4552-be7f-078092ddfff4/sm/snapshot.1_0 took: 37 ms
2023-06-22 13:18:12,213 [fa3625a9-0e11-4f6d-9001-6678f3778837@group-FB01B33F6751-StateMachineUpdater] INFO  ratis.ContainerStateMachine (ContainerStateMachine.java:takeSnapshot(341)) - group-FB01B33F6751: Finished taking a snapshot at:(t:1, i:0) file:/home/runner/work/ozone/ozone/hadoop-ozone/integration-test/target/test-dir/MiniOzoneClusterImpl-0c9ac019-7194-482d-81d1-9ca5b99c70d1/datanode-1/data/ratis/c7d782fd-ef45-451c-8232-fb01b33f6751/sm/snapshot.1_0 took: 44 ms
2023-06-22 13:18:12,212 [fb1e6b4b-5f0b-4936-8f17-bb7e415b5287@group-DE8DE8EF9662-StateMachineUpdater] INFO  ratis.ContainerStateMachine (ContainerStateMachine.java:takeSnapshot(341)) - group-DE8DE8EF9662: Finished taking a snapshot at:(t:1, i:0) file:/home/runner/work/ozone/ozone/hadoop-ozone/integration-test/target/test-dir/MiniOzoneClusterImpl-0c9ac019-7194-482d-81d1-9ca5b99c70d1/datanode-2/data/ratis/5666fdbd-e7f4-4f4e-8297-de8de8ef9662/sm/snapshot.1_0 took: 45 ms
2023-06-22 13:18:12,214 [fa3625a9-0e11-4f6d-9001-6678f3778837@group-FB01B33F6751-StateMachineUpdater] INFO  impl.StateMachineUpdater (StateMachineUpdater.java:takeSnapshot(291)) - fa3625a9-0e11-4f6d-9001-6678f3778837@group-FB01B33F6751-StateMachineUpdater: Took a snapshot at index 0
2023-06-22 13:18:12,214 [fa3625a9-0e11-4f6d-9001-6678f3778837@group-FB01B33F6751-StateMachineUpdater] INFO  impl.StateMachineUpdater (StateMachineUpdater.java:lambda$new$0(97)) - fa3625a9-0e11-4f6d-9001-6678f3778837@group-FB01B33F6751-StateMachineUpdater: snapshotIndex: updateIncreasingly -1 -> 0
2023-06-22 13:18:12,215 [fb1e6b4b-5f0b-4936-8f17-bb7e415b5287@group-DE8DE8EF9662-StateMachineUpdater] INFO  impl.StateMachineUpdater (StateMachineUpdater.java:takeSnapshot(291)) - fb1e6b4b-5f0b-4936-8f17-bb7e415b5287@group-DE8DE8EF9662-StateMachineUpdater: Took a snapshot at index 0
2023-06-22 13:18:12,215 [fb1e6b4b-5f0b-4936-8f17-bb7e415b5287@group-DE8DE8EF9662-StateMachineUpdater] INFO  impl.StateMachineUpdater (StateMachineUpdater.java:lambda$new$0(97)) - fb1e6b4b-5f0b-4936-8f17-bb7e415b5287@group-DE8DE8EF9662-StateMachineUpdater: snapshotIndex: updateIncreasingly -1 -> 0
2023-06-22 13:18:12,214 [d61499ed-03ab-4261-8165-c3404d6b8549@group-078092DDFFF4-StateMachineUpdater] INFO  impl.StateMachineUpdater (StateMachineUpdater.java:takeSnapshot(291)) - d61499ed-03ab-4261-8165-c3404d6b8549@group-078092DDFFF4-StateMachineUpdater: Took a snapshot at index 0
2023-06-22 13:18:12,223 [d61499ed-03ab-4261-8165-c3404d6b8549@group-078092DDFFF4-StateMachineUpdater] INFO  impl.StateMachineUpdater (StateMachineUpdater.java:lambda$new$0(97)) - d61499ed-03ab-4261-8165-c3404d6b8549@group-078092DDFFF4-StateMachineUpdater: snapshotIndex: updateIncreasingly -1 -> 0
2023-06-22 13:18:12,223 [main] INFO  server.GrpcService (GrpcService.java:closeImpl(320)) - fb1e6b4b-5f0b-4936-8f17-bb7e415b5287: shutdown server org.apache.ratis.grpc.server.GrpcAdminProtocolService successfully
2023-06-22 13:18:12,224 [fb1e6b4b-5f0b-4936-8f17-bb7e415b5287-NettyServerStreamRpc-bossGroup--thread1] INFO  logging.LoggingHandler (AbstractInternalLogger.java:log(148)) - [id: 0xd630bdc4, L:/0:0:0:0:0:0:0:0:15033] CLOSE
2023-06-22 13:18:12,224 [fb1e6b4b-5f0b-4936-8f17-bb7e415b5287-NettyServerStreamRpc-bossGroup--thread1] INFO  logging.LoggingHandler (AbstractInternalLogger.java:log(148)) - [id: 0xd630bdc4, L:/0:0:0:0:0:0:0:0:15033] INACTIVE
2023-06-22 13:18:12,224 [fb1e6b4b-5f0b-4936-8f17-bb7e415b5287-NettyServerStreamRpc-bossGroup--thread1] INFO  logging.LoggingHandler (AbstractInternalLogger.java:log(148)) - [id: 0xd630bdc4, L:/0:0:0:0:0:0:0:0:15033] UNREGISTERED
2023-06-22 13:18:12,223 [fa3625a9-0e11-4f6d-9001-6678f3778837@group-BCA38DC452F0-StateMachineUpdater] INFO  ratis.ContainerStateMachine (ContainerStateMachine.java:takeSnapshot(341)) - group-BCA38DC452F0: Finished taking a snapshot at:(t:1, i:31) file:/home/runner/work/ozone/ozone/hadoop-ozone/integration-test/target/test-dir/MiniOzoneClusterImpl-0c9ac019-7194-482d-81d1-9ca5b99c70d1/datanode-1/data/ratis/c6c338fa-eff6-4c19-a22d-bca38dc452f0/sm/snapshot.1_31 took: 64 ms
2023-06-22 13:18:12,224 [fa3625a9-0e11-4f6d-9001-6678f3778837@group-BCA38DC452F0-StateMachineUpdater] INFO  impl.StateMachineUpdater (StateMachineUpdater.java:takeSnapshot(291)) - fa3625a9-0e11-4f6d-9001-6678f3778837@group-BCA38DC452F0-StateMachineUpdater: Took a snapshot at index 31
2023-06-22 13:18:12,224 [fa3625a9-0e11-4f6d-9001-6678f3778837@group-BCA38DC452F0-StateMachineUpdater] INFO  impl.StateMachineUpdater (StateMachineUpdater.java:lambda$new$0(97)) - fa3625a9-0e11-4f6d-9001-6678f3778837@group-BCA38DC452F0-StateMachineUpdater: snapshotIndex: updateIncreasingly -1 -> 31
2023-06-22 13:18:12,223 [fa3625a9-0e11-4f6d-9001-6678f3778837@group-7575F418CF9A-StateMachineUpdater] INFO  ratis.ContainerStateMachine (ContainerStateMachine.java:takeSnapshot(341)) - group-7575F418CF9A: Finished taking a snapshot at:(t:1, i:40) file:/home/runner/work/ozone/ozone/hadoop-ozone/integration-test/target/test-dir/MiniOzoneClusterImpl-0c9ac019-7194-482d-81d1-9ca5b99c70d1/datanode-1/data/ratis/59665af5-57fe-4c3c-b082-7575f418cf9a/sm/snapshot.1_40 took: 54 ms
2023-06-22 13:18:12,224 [fa3625a9-0e11-4f6d-9001-6678f3778837@group-7575F418CF9A-StateMachineUpdater] INFO  impl.StateMachineUpdater (StateMachineUpdater.java:takeSnapshot(291)) - fa3625a9-0e11-4f6d-9001-6678f3778837@group-7575F418CF9A-StateMachineUpdater: Took a snapshot at index 40
2023-06-22 13:18:12,224 [fa3625a9-0e11-4f6d-9001-6678f3778837@group-7575F418CF9A-StateMachineUpdater] INFO  impl.StateMachineUpdater (StateMachineUpdater.java:lambda$new$0(97)) - fa3625a9-0e11-4f6d-9001-6678f3778837@group-7575F418CF9A-StateMachineUpdater: snapshotIndex: updateIncreasingly -1 -> 40
2023-06-22 13:18:12,223 [fb1e6b4b-5f0b-4936-8f17-bb7e415b5287@group-7575F418CF9A-StateMachineUpdater] INFO  ratis.ContainerStateMachine (ContainerStateMachine.java:takeSnapshot(341)) - group-7575F418CF9A: Finished taking a snapshot at:(t:1, i:40) file:/home/runner/work/ozone/ozone/hadoop-ozone/integration-test/target/test-dir/MiniOzoneClusterImpl-0c9ac019-7194-482d-81d1-9ca5b99c70d1/datanode-2/data/ratis/59665af5-57fe-4c3c-b082-7575f418cf9a/sm/snapshot.1_40 took: 63 ms
2023-06-22 13:18:12,225 [fb1e6b4b-5f0b-4936-8f17-bb7e415b5287@group-7575F418CF9A-StateMachineUpdater] INFO  impl.StateMachineUpdater (StateMachineUpdater.java:takeSnapshot(291)) - fb1e6b4b-5f0b-4936-8f17-bb7e415b5287@group-7575F418CF9A-StateMachineUpdater: Took a snapshot at index 40
2023-06-22 13:18:12,225 [fb1e6b4b-5f0b-4936-8f17-bb7e415b5287@group-7575F418CF9A-StateMachineUpdater] INFO  impl.StateMachineUpdater (StateMachineUpdater.java:lambda$new$0(97)) - fb1e6b4b-5f0b-4936-8f17-bb7e415b5287@group-7575F418CF9A-StateMachineUpdater: snapshotIndex: updateIncreasingly -1 -> 40
2023-06-22 13:18:12,223 [fb1e6b4b-5f0b-4936-8f17-bb7e415b5287@group-BCA38DC452F0-StateMachineUpdater] INFO  ratis.ContainerStateMachine (ContainerStateMachine.java:takeSnapshot(341)) - group-BCA38DC452F0: Finished taking a snapshot at:(t:1, i:32) file:/home/runner/work/ozone/ozone/hadoop-ozone/integration-test/target/test-dir/MiniOzoneClusterImpl-0c9ac019-7194-482d-81d1-9ca5b99c70d1/datanode-2/data/ratis/c6c338fa-eff6-4c19-a22d-bca38dc452f0/sm/snapshot.1_32 took: 54 ms
2023-06-22 13:18:12,225 [fb1e6b4b-5f0b-4936-8f17-bb7e415b5287@group-BCA38DC452F0-StateMachineUpdater] INFO  impl.StateMachineUpdater (StateMachineUpdater.java:takeSnapshot(291)) - fb1e6b4b-5f0b-4936-8f17-bb7e415b5287@group-BCA38DC452F0-StateMachineUpdater: Took a snapshot at index 32
2023-06-22 13:18:12,225 [fb1e6b4b-5f0b-4936-8f17-bb7e415b5287@group-BCA38DC452F0-StateMachineUpdater] INFO  impl.StateMachineUpdater (StateMachineUpdater.java:lambda$new$0(97)) - fb1e6b4b-5f0b-4936-8f17-bb7e415b5287@group-BCA38DC452F0-StateMachineUpdater: snapshotIndex: updateIncreasingly -1 -> 32
2023-06-22 13:18:12,222 [ForkJoinPool.commonPool-worker-1] INFO  server.GrpcService (GrpcService.java:closeImpl(320)) - fa3625a9-0e11-4f6d-9001-6678f3778837: shutdown server GrpcServerProtocolService successfully
2023-06-22 13:18:12,225 [ForkJoinPool.commonPool-worker-1] INFO  server.GrpcService (GrpcService.java:closeImpl(311)) - fa3625a9-0e11-4f6d-9001-6678f3778837: shutdown server org.apache.ratis.grpc.server.GrpcAdminProtocolService now
2023-06-22 13:18:12,227 [fb1e6b4b-5f0b-4936-8f17-bb7e415b5287-impl-thread3] INFO  server.RaftServer$Division (ServerState.java:close(472)) - fb1e6b4b-5f0b-4936-8f17-bb7e415b5287@group-DE8DE8EF9662: closes. applyIndex: 0
2023-06-22 13:18:12,227 [fa3625a9-0e11-4f6d-9001-6678f3778837-impl-thread4] INFO  server.RaftServer$Division (ServerState.java:close(472)) - fa3625a9-0e11-4f6d-9001-6678f3778837@group-FB01B33F6751: closes. applyIndex: 0
2023-06-22 13:18:12,227 [d61499ed-03ab-4261-8165-c3404d6b8549-impl-thread2] INFO  server.RaftServer$Division (ServerState.java:close(472)) - d61499ed-03ab-4261-8165-c3404d6b8549@group-078092DDFFF4: closes. applyIndex: 0
2023-06-22 13:18:12,236 [fb1e6b4b-5f0b-4936-8f17-bb7e415b5287-impl-thread4] INFO  server.RaftServer$Division (ServerState.java:close(472)) - fb1e6b4b-5f0b-4936-8f17-bb7e415b5287@group-BCA38DC452F0: closes. applyIndex: 32
2023-06-22 13:18:12,236 [fb1e6b4b-5f0b-4936-8f17-bb7e415b5287-impl-thread2] INFO  server.RaftServer$Division (ServerState.java:close(472)) - fb1e6b4b-5f0b-4936-8f17-bb7e415b5287@group-7575F418CF9A: closes. applyIndex: 40
2023-06-22 13:18:12,236 [fa3625a9-0e11-4f6d-9001-6678f3778837-impl-thread2] INFO  server.RaftServer$Division (ServerState.java:close(472)) - fa3625a9-0e11-4f6d-9001-6678f3778837@group-7575F418CF9A: closes. applyIndex: 40
2023-06-22 13:18:12,237 [fa3625a9-0e11-4f6d-9001-6678f3778837-impl-thread3] INFO  server.RaftServer$Division (ServerState.java:close(472)) - fa3625a9-0e11-4f6d-9001-6678f3778837@group-BCA38DC452F0: closes. applyIndex: 31
2023-06-22 13:18:12,237 [ForkJoinPool.commonPool-worker-2] INFO  ozoneimpl.OzoneContainer (OzoneContainer.java:stop(433)) - Attempting to stop container services.
2023-06-22 13:18:12,241 [ForkJoinPool.commonPool-worker-1] INFO  server.GrpcService (GrpcService.java:closeImpl(320)) - fa3625a9-0e11-4f6d-9001-6678f3778837: shutdown server org.apache.ratis.grpc.server.GrpcAdminProtocolService successfully
2023-06-22 13:18:12,243 [ForkJoinPool.commonPool-worker-2] INFO  server.RaftServer (RaftServerProxy.java:lambda$close$6(416)) - 55908a94-3412-422c-9085-6a0ac52bc795: close
2023-06-22 13:18:12,244 [55908a94-3412-422c-9085-6a0ac52bc795-impl-thread2] INFO  server.RaftServer$Division (RaftServerImpl.java:lambda$close$4(466)) - 55908a94-3412-422c-9085-6a0ac52bc795@group-7C4B6FFA4087: shutdown
2023-06-22 13:18:12,244 [55908a94-3412-422c-9085-6a0ac52bc795-impl-thread2] INFO  util.JmxRegister (JmxRegister.java:unregister(73)) - Successfully un-registered JMX Bean with object name Ratis:service=RaftServer,group=group-7C4B6FFA4087,id=55908a94-3412-422c-9085-6a0ac52bc795
2023-06-22 13:18:12,244 [55908a94-3412-422c-9085-6a0ac52bc795-impl-thread2] INFO  impl.RoleInfo (RoleInfo.java:shutdownLeaderState(93)) - 55908a94-3412-422c-9085-6a0ac52bc795: shutdown 55908a94-3412-422c-9085-6a0ac52bc795@group-7C4B6FFA4087-LeaderStateImpl
2023-06-22 13:18:12,244 [ForkJoinPool.commonPool-worker-3] INFO  ozoneimpl.OzoneContainer (OzoneContainer.java:stop(433)) - Attempting to stop container services.
2023-06-22 13:18:12,244 [55908a94-3412-422c-9085-6a0ac52bc795-impl-thread2] INFO  impl.PendingRequests (PendingRequests.java:sendNotLeaderResponses(289)) - 55908a94-3412-422c-9085-6a0ac52bc795@group-7C4B6FFA4087-PendingRequests: sendNotLeaderResponses
2023-06-22 13:18:12,245 [55908a94-3412-422c-9085-6a0ac52bc795-impl-thread2] INFO  impl.StateMachineUpdater (StateMachineUpdater.java:stopAndJoin(155)) - 55908a94-3412-422c-9085-6a0ac52bc795@group-7C4B6FFA4087-StateMachineUpdater: set stopIndex = 0
2023-06-22 13:18:12,245 [55908a94-3412-422c-9085-6a0ac52bc795@group-7C4B6FFA4087-StateMachineUpdater] INFO  ratis.ContainerStateMachine (ContainerStateMachine.java:takeSnapshot(330)) - group-7C4B6FFA4087: Taking a snapshot at:(t:1, i:0) file /home/runner/work/ozone/ozone/hadoop-ozone/integration-test/target/test-dir/MiniOzoneClusterImpl-0c9ac019-7194-482d-81d1-9ca5b99c70d1/datanode-3/data/ratis/f7b61dd0-791a-4e99-be46-7c4b6ffa4087/sm/snapshot.1_0
2023-06-22 13:18:12,245 [fa3625a9-0e11-4f6d-9001-6678f3778837-NettyServerStreamRpc-bossGroup--thread1] INFO  logging.LoggingHandler (AbstractInternalLogger.java:log(148)) - [id: 0x240c5416, L:/0:0:0:0:0:0:0:0:15024] CLOSE
2023-06-22 13:18:12,245 [fa3625a9-0e11-4f6d-9001-6678f3778837-NettyServerStreamRpc-bossGroup--thread1] INFO  logging.LoggingHandler (AbstractInternalLogger.java:log(148)) - [id: 0x240c5416, L:/0:0:0:0:0:0:0:0:15024] INACTIVE
2023-06-22 13:18:12,246 [55908a94-3412-422c-9085-6a0ac52bc795@group-7C4B6FFA4087-StateMachineUpdater] INFO  ratis.ContainerStateMachine (ContainerStateMachine.java:takeSnapshot(341)) - group-7C4B6FFA4087: Finished taking a snapshot at:(t:1, i:0) file:/home/runner/work/ozone/ozone/hadoop-ozone/integration-test/target/test-dir/MiniOzoneClusterImpl-0c9ac019-7194-482d-81d1-9ca5b99c70d1/datanode-3/data/ratis/f7b61dd0-791a-4e99-be46-7c4b6ffa4087/sm/snapshot.1_0 took: 1 ms
2023-06-22 13:18:12,246 [55908a94-3412-422c-9085-6a0ac52bc795@group-7C4B6FFA4087-StateMachineUpdater] INFO  impl.StateMachineUpdater (StateMachineUpdater.java:takeSnapshot(291)) - 55908a94-3412-422c-9085-6a0ac52bc795@group-7C4B6FFA4087-StateMachineUpdater: Took a snapshot at index 0
2023-06-22 13:18:12,246 [55908a94-3412-422c-9085-6a0ac52bc795@group-7C4B6FFA4087-StateMachineUpdater] INFO  impl.StateMachineUpdater (StateMachineUpdater.java:lambda$new$0(97)) - 55908a94-3412-422c-9085-6a0ac52bc795@group-7C4B6FFA4087-StateMachineUpdater: snapshotIndex: updateIncreasingly -1 -> 0
2023-06-22 13:18:12,246 [55908a94-3412-422c-9085-6a0ac52bc795-impl-thread2] INFO  server.RaftServer$Division (ServerState.java:close(472)) - 55908a94-3412-422c-9085-6a0ac52bc795@group-7C4B6FFA4087: closes. applyIndex: 0
2023-06-22 13:18:12,246 [fa3625a9-0e11-4f6d-9001-6678f3778837-NettyServerStreamRpc-bossGroup--thread1] INFO  logging.LoggingHandler (AbstractInternalLogger.java:log(148)) - [id: 0x240c5416, L:/0:0:0:0:0:0:0:0:15024] UNREGISTERED
2023-06-22 13:18:12,246 [ForkJoinPool.commonPool-worker-2] INFO  server.GrpcService (GrpcService.java:closeImpl(311)) - 55908a94-3412-422c-9085-6a0ac52bc795: shutdown server org.apache.ratis.grpc.server.GrpcClientProtocolService now
2023-06-22 13:18:12,249 [ForkJoinPool.commonPool-worker-3] INFO  server.RaftServer (RaftServerProxy.java:lambda$close$6(416)) - 814a2953-5a54-4816-82bb-cea6b8923059: close
2023-06-22 13:18:12,249 [ForkJoinPool.commonPool-worker-2] INFO  server.GrpcService (GrpcService.java:closeImpl(320)) - 55908a94-3412-422c-9085-6a0ac52bc795: shutdown server org.apache.ratis.grpc.server.GrpcClientProtocolService successfully
2023-06-22 13:18:12,249 [ForkJoinPool.commonPool-worker-2] INFO  server.GrpcService (GrpcService.java:closeImpl(311)) - 55908a94-3412-422c-9085-6a0ac52bc795: shutdown server GrpcServerProtocolService now
2023-06-22 13:18:12,250 [814a2953-5a54-4816-82bb-cea6b8923059-impl-thread3] INFO  server.RaftServer$Division (RaftServerImpl.java:lambda$close$4(466)) - 814a2953-5a54-4816-82bb-cea6b8923059@group-7575F418CF9A: shutdown
2023-06-22 13:18:12,250 [814a2953-5a54-4816-82bb-cea6b8923059-impl-thread3] INFO  util.JmxRegister (JmxRegister.java:unregister(73)) - Successfully un-registered JMX Bean with object name Ratis:service=RaftServer,group=group-7575F418CF9A,id=814a2953-5a54-4816-82bb-cea6b8923059
2023-06-22 13:18:12,250 [814a2953-5a54-4816-82bb-cea6b8923059-impl-thread2] INFO  server.RaftServer$Division (RaftServerImpl.java:lambda$close$4(466)) - 814a2953-5a54-4816-82bb-cea6b8923059@group-B1515FA6C5C7: shutdown
2023-06-22 13:18:12,255 [ForkJoinPool.commonPool-worker-2] INFO  server.GrpcService (GrpcService.java:closeImpl(320)) - 55908a94-3412-422c-9085-6a0ac52bc795: shutdown server GrpcServerProtocolService successfully
2023-06-22 13:18:12,255 [ForkJoinPool.commonPool-worker-2] INFO  server.GrpcService (GrpcService.java:closeImpl(311)) - 55908a94-3412-422c-9085-6a0ac52bc795: shutdown server org.apache.ratis.grpc.server.GrpcAdminProtocolService now
2023-06-22 13:18:12,251 [814a2953-5a54-4816-82bb-cea6b8923059-impl-thread4] INFO  server.RaftServer$Division (RaftServerImpl.java:lambda$close$4(466)) - 814a2953-5a54-4816-82bb-cea6b8923059@group-BCA38DC452F0: shutdown
2023-06-22 13:18:12,251 [ForkJoinPool.commonPool-worker-3] INFO  server.GrpcService (GrpcService.java:closeImpl(311)) - 814a2953-5a54-4816-82bb-cea6b8923059: shutdown server org.apache.ratis.grpc.server.GrpcClientProtocolService now
2023-06-22 13:18:12,256 [814a2953-5a54-4816-82bb-cea6b8923059-impl-thread2] INFO  util.JmxRegister (JmxRegister.java:unregister(73)) - Successfully un-registered JMX Bean with object name Ratis:service=RaftServer,group=group-B1515FA6C5C7,id=814a2953-5a54-4816-82bb-cea6b8923059
2023-06-22 13:18:12,256 [814a2953-5a54-4816-82bb-cea6b8923059-impl-thread2] INFO  impl.RoleInfo (RoleInfo.java:shutdownLeaderState(93)) - 814a2953-5a54-4816-82bb-cea6b8923059: shutdown 814a2953-5a54-4816-82bb-cea6b8923059@group-B1515FA6C5C7-LeaderStateImpl
2023-06-22 13:18:12,256 [814a2953-5a54-4816-82bb-cea6b8923059-impl-thread2] INFO  impl.PendingRequests (PendingRequests.java:sendNotLeaderResponses(289)) - 814a2953-5a54-4816-82bb-cea6b8923059@group-B1515FA6C5C7-PendingRequests: sendNotLeaderResponses
2023-06-22 13:18:12,256 [814a2953-5a54-4816-82bb-cea6b8923059-impl-thread2] INFO  impl.StateMachineUpdater (StateMachineUpdater.java:stopAndJoin(155)) - 814a2953-5a54-4816-82bb-cea6b8923059@group-B1515FA6C5C7-StateMachineUpdater: set stopIndex = 0
2023-06-22 13:18:12,256 [814a2953-5a54-4816-82bb-cea6b8923059@group-B1515FA6C5C7-StateMachineUpdater] INFO  ratis.ContainerStateMachine (ContainerStateMachine.java:takeSnapshot(330)) - group-B1515FA6C5C7: Taking a snapshot at:(t:1, i:0) file /home/runner/work/ozone/ozone/hadoop-ozone/integration-test/target/test-dir/MiniOzoneClusterImpl-0c9ac019-7194-482d-81d1-9ca5b99c70d1/datanode-0/data/ratis/cf36d24e-1c85-4cc8-85b1-b1515fa6c5c7/sm/snapshot.1_0
2023-06-22 13:18:12,257 [814a2953-5a54-4816-82bb-cea6b8923059@group-B1515FA6C5C7-StateMachineUpdater] INFO  ratis.ContainerStateMachine (ContainerStateMachine.java:takeSnapshot(341)) - group-B1515FA6C5C7: Finished taking a snapshot at:(t:1, i:0) file:/home/runner/work/ozone/ozone/hadoop-ozone/integration-test/target/test-dir/MiniOzoneClusterImpl-0c9ac019-7194-482d-81d1-9ca5b99c70d1/datanode-0/data/ratis/cf36d24e-1c85-4cc8-85b1-b1515fa6c5c7/sm/snapshot.1_0 took: 0 ms
2023-06-22 13:18:12,257 [814a2953-5a54-4816-82bb-cea6b8923059@group-B1515FA6C5C7-StateMachineUpdater] INFO  impl.StateMachineUpdater (StateMachineUpdater.java:takeSnapshot(291)) - 814a2953-5a54-4816-82bb-cea6b8923059@group-B1515FA6C5C7-StateMachineUpdater: Took a snapshot at index 0
2023-06-22 13:18:12,257 [814a2953-5a54-4816-82bb-cea6b8923059@group-B1515FA6C5C7-StateMachineUpdater] INFO  impl.StateMachineUpdater (StateMachineUpdater.java:lambda$new$0(97)) - 814a2953-5a54-4816-82bb-cea6b8923059@group-B1515FA6C5C7-StateMachineUpdater: snapshotIndex: updateIncreasingly -1 -> 0
2023-06-22 13:18:12,257 [814a2953-5a54-4816-82bb-cea6b8923059-impl-thread2] INFO  server.RaftServer$Division (ServerState.java:close(472)) - 814a2953-5a54-4816-82bb-cea6b8923059@group-B1515FA6C5C7: closes. applyIndex: 0
2023-06-22 13:18:12,250 [814a2953-5a54-4816-82bb-cea6b8923059-impl-thread3] INFO  impl.RoleInfo (RoleInfo.java:shutdownFollowerState(110)) - 814a2953-5a54-4816-82bb-cea6b8923059: shutdown 814a2953-5a54-4816-82bb-cea6b8923059@group-7575F418CF9A-FollowerState
2023-06-22 13:18:12,256 [814a2953-5a54-4816-82bb-cea6b8923059-impl-thread4] INFO  util.JmxRegister (JmxRegister.java:unregister(73)) - Successfully un-registered JMX Bean with object name Ratis:service=RaftServer,group=group-BCA38DC452F0,id=814a2953-5a54-4816-82bb-cea6b8923059
2023-06-22 13:18:12,258 [814a2953-5a54-4816-82bb-cea6b8923059-impl-thread4] INFO  impl.RoleInfo (RoleInfo.java:shutdownFollowerState(110)) - 814a2953-5a54-4816-82bb-cea6b8923059: shutdown 814a2953-5a54-4816-82bb-cea6b8923059@group-BCA38DC452F0-FollowerState
2023-06-22 13:18:12,259 [814a2953-5a54-4816-82bb-cea6b8923059-impl-thread4] INFO  impl.StateMachineUpdater (StateMachineUpdater.java:stopAndJoin(155)) - 814a2953-5a54-4816-82bb-cea6b8923059@group-BCA38DC452F0-StateMachineUpdater: set stopIndex = 31
2023-06-22 13:18:12,260 [814a2953-5a54-4816-82bb-cea6b8923059@group-BCA38DC452F0-FollowerState] INFO  impl.FollowerState (FollowerState.java:run(152)) - 814a2953-5a54-4816-82bb-cea6b8923059@group-BCA38DC452F0-FollowerState was interrupted
2023-06-22 13:18:12,260 [814a2953-5a54-4816-82bb-cea6b8923059@group-BCA38DC452F0-StateMachineUpdater] INFO  ratis.ContainerStateMachine (ContainerStateMachine.java:takeSnapshot(330)) - group-BCA38DC452F0: Taking a snapshot at:(t:1, i:31) file /home/runner/work/ozone/ozone/hadoop-ozone/integration-test/target/test-dir/MiniOzoneClusterImpl-0c9ac019-7194-482d-81d1-9ca5b99c70d1/datanode-0/data/ratis/c6c338fa-eff6-4c19-a22d-bca38dc452f0/sm/snapshot.1_31
2023-06-22 13:18:12,260 [814a2953-5a54-4816-82bb-cea6b8923059@group-7575F418CF9A-FollowerState] INFO  impl.FollowerState (FollowerState.java:run(152)) - 814a2953-5a54-4816-82bb-cea6b8923059@group-7575F418CF9A-FollowerState was interrupted
2023-06-22 13:18:12,260 [814a2953-5a54-4816-82bb-cea6b8923059@group-7575F418CF9A-StateMachineUpdater] INFO  ratis.ContainerStateMachine (ContainerStateMachine.java:takeSnapshot(330)) - group-7575F418CF9A: Taking a snapshot at:(t:1, i:40) file /home/runner/work/ozone/ozone/hadoop-ozone/integration-test/target/test-dir/MiniOzoneClusterImpl-0c9ac019-7194-482d-81d1-9ca5b99c70d1/datanode-0/data/ratis/59665af5-57fe-4c3c-b082-7575f418cf9a/sm/snapshot.1_40
2023-06-22 13:18:12,262 [Thread-1524] INFO  server.GrpcServerProtocolClient (GrpcServerProtocolClient.java:close(103)) - fa3625a9-0e11-4f6d-9001-6678f3778837 Close channels
2023-06-22 13:18:12,266 [ForkJoinPool.commonPool-worker-2] INFO  server.GrpcService (GrpcService.java:closeImpl(320)) - 55908a94-3412-422c-9085-6a0ac52bc795: shutdown server org.apache.ratis.grpc.server.GrpcAdminProtocolService successfully
2023-06-22 13:18:12,267 [55908a94-3412-422c-9085-6a0ac52bc795-NettyServerStreamRpc-bossGroup--thread1] INFO  logging.LoggingHandler (AbstractInternalLogger.java:log(148)) - [id: 0x93dfc6c5, L:/0:0:0:0:0:0:0:0:15042] CLOSE
2023-06-22 13:18:12,268 [55908a94-3412-422c-9085-6a0ac52bc795-NettyServerStreamRpc-bossGroup--thread1] INFO  logging.LoggingHandler (AbstractInternalLogger.java:log(148)) - [id: 0x93dfc6c5, L:/0:0:0:0:0:0:0:0:15042] INACTIVE
2023-06-22 13:18:12,268 [55908a94-3412-422c-9085-6a0ac52bc795-NettyServerStreamRpc-bossGroup--thread1] INFO  logging.LoggingHandler (AbstractInternalLogger.java:log(148)) - [id: 0x93dfc6c5, L:/0:0:0:0:0:0:0:0:15042] UNREGISTERED
2023-06-22 13:18:12,266 [Thread-1523] INFO  server.GrpcServerProtocolClient (GrpcServerProtocolClient.java:close(103)) - fb1e6b4b-5f0b-4936-8f17-bb7e415b5287 Close channels
2023-06-22 13:18:12,266 [814a2953-5a54-4816-82bb-cea6b8923059@group-BCA38DC452F0-StateMachineUpdater] INFO  ratis.ContainerStateMachine (ContainerStateMachine.java:takeSnapshot(341)) - group-BCA38DC452F0: Finished taking a snapshot at:(t:1, i:31) file:/home/runner/work/ozone/ozone/hadoop-ozone/integration-test/target/test-dir/MiniOzoneClusterImpl-0c9ac019-7194-482d-81d1-9ca5b99c70d1/datanode-0/data/ratis/c6c338fa-eff6-4c19-a22d-bca38dc452f0/sm/snapshot.1_31 took: 6 ms
2023-06-22 13:18:12,268 [814a2953-5a54-4816-82bb-cea6b8923059@group-BCA38DC452F0-StateMachineUpdater] INFO  impl.StateMachineUpdater (StateMachineUpdater.java:takeSnapshot(291)) - 814a2953-5a54-4816-82bb-cea6b8923059@group-BCA38DC452F0-StateMachineUpdater: Took a snapshot at index 31
2023-06-22 13:18:12,268 [814a2953-5a54-4816-82bb-cea6b8923059@group-BCA38DC452F0-StateMachineUpdater] INFO  impl.StateMachineUpdater (StateMachineUpdater.java:lambda$new$0(97)) - 814a2953-5a54-4816-82bb-cea6b8923059@group-BCA38DC452F0-StateMachineUpdater: snapshotIndex: updateIncreasingly -1 -> 31
2023-06-22 13:18:12,264 [814a2953-5a54-4816-82bb-cea6b8923059-impl-thread3] INFO  impl.StateMachineUpdater (StateMachineUpdater.java:stopAndJoin(155)) - 814a2953-5a54-4816-82bb-cea6b8923059@group-7575F418CF9A-StateMachineUpdater: set stopIndex = 40
2023-06-22 13:18:12,264 [814a2953-5a54-4816-82bb-cea6b8923059@group-7575F418CF9A-StateMachineUpdater] INFO  ratis.ContainerStateMachine (ContainerStateMachine.java:takeSnapshot(341)) - group-7575F418CF9A: Finished taking a snapshot at:(t:1, i:40) file:/home/runner/work/ozone/ozone/hadoop-ozone/integration-test/target/test-dir/MiniOzoneClusterImpl-0c9ac019-7194-482d-81d1-9ca5b99c70d1/datanode-0/data/ratis/59665af5-57fe-4c3c-b082-7575f418cf9a/sm/snapshot.1_40 took: 3 ms
2023-06-22 13:18:12,268 [814a2953-5a54-4816-82bb-cea6b8923059@group-7575F418CF9A-StateMachineUpdater] INFO  impl.StateMachineUpdater (StateMachineUpdater.java:takeSnapshot(291)) - 814a2953-5a54-4816-82bb-cea6b8923059@group-7575F418CF9A-StateMachineUpdater: Took a snapshot at index 40
2023-06-22 13:18:12,268 [814a2953-5a54-4816-82bb-cea6b8923059@group-7575F418CF9A-StateMachineUpdater] INFO  impl.StateMachineUpdater (StateMachineUpdater.java:lambda$new$0(97)) - 814a2953-5a54-4816-82bb-cea6b8923059@group-7575F418CF9A-StateMachineUpdater: snapshotIndex: updateIncreasingly -1 -> 40
2023-06-22 13:18:12,272 [814a2953-5a54-4816-82bb-cea6b8923059-impl-thread3] INFO  server.RaftServer$Division (ServerState.java:close(472)) - 814a2953-5a54-4816-82bb-cea6b8923059@group-7575F418CF9A: closes. applyIndex: 40
2023-06-22 13:18:12,272 [ForkJoinPool.commonPool-worker-3] INFO  server.GrpcService (GrpcService.java:closeImpl(320)) - 814a2953-5a54-4816-82bb-cea6b8923059: shutdown server org.apache.ratis.grpc.server.GrpcClientProtocolService successfully
2023-06-22 13:18:12,272 [ForkJoinPool.commonPool-worker-3] INFO  server.GrpcService (GrpcService.java:closeImpl(311)) - 814a2953-5a54-4816-82bb-cea6b8923059: shutdown server GrpcServerProtocolService now
2023-06-22 13:18:12,280 [814a2953-5a54-4816-82bb-cea6b8923059-impl-thread4] INFO  server.RaftServer$Division (ServerState.java:close(472)) - 814a2953-5a54-4816-82bb-cea6b8923059@group-BCA38DC452F0: closes. applyIndex: 31
2023-06-22 13:18:12,300 [ForkJoinPool.commonPool-worker-3] INFO  server.GrpcService (GrpcService.java:closeImpl(320)) - 814a2953-5a54-4816-82bb-cea6b8923059: shutdown server GrpcServerProtocolService successfully
2023-06-22 13:18:12,300 [ForkJoinPool.commonPool-worker-3] INFO  server.GrpcService (GrpcService.java:closeImpl(311)) - 814a2953-5a54-4816-82bb-cea6b8923059: shutdown server org.apache.ratis.grpc.server.GrpcAdminProtocolService now
2023-06-22 13:18:12,304 [ForkJoinPool.commonPool-worker-3] INFO  server.GrpcService (GrpcService.java:closeImpl(320)) - 814a2953-5a54-4816-82bb-cea6b8923059: shutdown server org.apache.ratis.grpc.server.GrpcAdminProtocolService successfully
2023-06-22 13:18:12,304 [814a2953-5a54-4816-82bb-cea6b8923059-NettyServerStreamRpc-bossGroup--thread1] INFO  logging.LoggingHandler (AbstractInternalLogger.java:log(148)) - [id: 0xfd00e4b8, L:/0:0:0:0:0:0:0:0:15015] CLOSE
2023-06-22 13:18:12,304 [814a2953-5a54-4816-82bb-cea6b8923059-NettyServerStreamRpc-bossGroup--thread1] INFO  logging.LoggingHandler (AbstractInternalLogger.java:log(148)) - [id: 0xfd00e4b8, L:/0:0:0:0:0:0:0:0:15015] INACTIVE
2023-06-22 13:18:12,304 [814a2953-5a54-4816-82bb-cea6b8923059-NettyServerStreamRpc-bossGroup--thread1] INFO  logging.LoggingHandler (AbstractInternalLogger.java:log(148)) - [id: 0xfd00e4b8, L:/0:0:0:0:0:0:0:0:15015] UNREGISTERED
2023-06-22 13:18:12,392 [55908a94-3412-422c-9085-6a0ac52bc795-impl-thread2] INFO  segmented.SegmentedRaftLogWorker (SegmentedRaftLogWorker.java:close(252)) - 55908a94-3412-422c-9085-6a0ac52bc795@group-7C4B6FFA4087-SegmentedRaftLogWorker close()
2023-06-22 13:18:12,393 [JvmPauseMonitor5] INFO  util.JvmPauseMonitor (JvmPauseMonitor.java:run(109)) - JvmPauseMonitor-55908a94-3412-422c-9085-6a0ac52bc795: Stopped
2023-06-22 13:18:12,768 [fa3625a9-0e11-4f6d-9001-6678f3778837-impl-thread2] INFO  segmented.SegmentedRaftLogWorker (SegmentedRaftLogWorker.java:close(252)) - fa3625a9-0e11-4f6d-9001-6678f3778837@group-7575F418CF9A-SegmentedRaftLogWorker close()
2023-06-22 13:18:12,785 [fb1e6b4b-5f0b-4936-8f17-bb7e415b5287-impl-thread2] INFO  segmented.SegmentedRaftLogWorker (SegmentedRaftLogWorker.java:close(252)) - fb1e6b4b-5f0b-4936-8f17-bb7e415b5287@group-7575F418CF9A-SegmentedRaftLogWorker close()
2023-06-22 13:18:12,785 [814a2953-5a54-4816-82bb-cea6b8923059-impl-thread3] INFO  segmented.SegmentedRaftLogWorker (SegmentedRaftLogWorker.java:close(252)) - 814a2953-5a54-4816-82bb-cea6b8923059@group-7575F418CF9A-SegmentedRaftLogWorker close()
2023-06-22 13:18:12,940 [fb1e6b4b-5f0b-4936-8f17-bb7e415b5287-impl-thread3] INFO  segmented.SegmentedRaftLogWorker (SegmentedRaftLogWorker.java:close(252)) - fb1e6b4b-5f0b-4936-8f17-bb7e415b5287@group-DE8DE8EF9662-SegmentedRaftLogWorker close()
2023-06-22 13:18:12,946 [fa3625a9-0e11-4f6d-9001-6678f3778837-impl-thread4] INFO  segmented.SegmentedRaftLogWorker (SegmentedRaftLogWorker.java:close(252)) - fa3625a9-0e11-4f6d-9001-6678f3778837@group-FB01B33F6751-SegmentedRaftLogWorker close()
2023-06-22 13:18:13,030 [fb1e6b4b-5f0b-4936-8f17-bb7e415b5287-impl-thread4] INFO  segmented.SegmentedRaftLogWorker (SegmentedRaftLogWorker.java:close(252)) - fb1e6b4b-5f0b-4936-8f17-bb7e415b5287@group-BCA38DC452F0-SegmentedRaftLogWorker close()
2023-06-22 13:18:13,031 [JvmPauseMonitor4] INFO  util.JvmPauseMonitor (JvmPauseMonitor.java:run(109)) - JvmPauseMonitor-fb1e6b4b-5f0b-4936-8f17-bb7e415b5287: Stopped
2023-06-22 13:18:13,050 [fa3625a9-0e11-4f6d-9001-6678f3778837-impl-thread3] INFO  segmented.SegmentedRaftLogWorker (SegmentedRaftLogWorker.java:close(252)) - fa3625a9-0e11-4f6d-9001-6678f3778837@group-BCA38DC452F0-SegmentedRaftLogWorker close()
2023-06-22 13:18:13,051 [JvmPauseMonitor3] INFO  util.JvmPauseMonitor (JvmPauseMonitor.java:run(109)) - JvmPauseMonitor-fa3625a9-0e11-4f6d-9001-6678f3778837: Stopped
2023-06-22 13:18:13,053 [814a2953-5a54-4816-82bb-cea6b8923059-impl-thread4] INFO  segmented.SegmentedRaftLogWorker (SegmentedRaftLogWorker.java:close(252)) - 814a2953-5a54-4816-82bb-cea6b8923059@group-BCA38DC452F0-SegmentedRaftLogWorker close()
2023-06-22 13:18:13,069 [d61499ed-03ab-4261-8165-c3404d6b8549-impl-thread2] INFO  segmented.SegmentedRaftLogWorker (SegmentedRaftLogWorker.java:close(252)) - d61499ed-03ab-4261-8165-c3404d6b8549@group-078092DDFFF4-SegmentedRaftLogWorker close()
2023-06-22 13:18:13,070 [JvmPauseMonitor6] INFO  util.JvmPauseMonitor (JvmPauseMonitor.java:run(109)) - JvmPauseMonitor-d61499ed-03ab-4261-8165-c3404d6b8549: Stopped
2023-06-22 13:18:13,111 [814a2953-5a54-4816-82bb-cea6b8923059-impl-thread2] INFO  segmented.SegmentedRaftLogWorker (SegmentedRaftLogWorker.java:close(252)) - 814a2953-5a54-4816-82bb-cea6b8923059@group-B1515FA6C5C7-SegmentedRaftLogWorker close()
2023-06-22 13:18:13,112 [JvmPauseMonitor2] INFO  util.JvmPauseMonitor (JvmPauseMonitor.java:run(109)) - JvmPauseMonitor-814a2953-5a54-4816-82bb-cea6b8923059: Stopped
2023-06-22 13:18:14,414 [ForkJoinPool.commonPool-worker-2] INFO  utils.DatanodeStoreCache (DatanodeStoreCache.java:shutdownCache(110)) - Skip clearing cache in mini cluster mode. Entries left: [/home/runner/work/ozone/ozone/hadoop-ozone/integration-test/target/test-dir/MiniOzoneClusterImpl-0c9ac019-7194-482d-81d1-9ca5b99c70d1/datanode-0/data-0/containers/hdds/0c9ac019-7194-482d-81d1-9ca5b99c70d1/DS-6953d0d1-6554-4f25-813f-0c74681e328b/container.db, /home/runner/work/ozone/ozone/hadoop-ozone/integration-test/target/test-dir/MiniOzoneClusterImpl-0c9ac019-7194-482d-81d1-9ca5b99c70d1/datanode-1/data-0/containers/hdds/0c9ac019-7194-482d-81d1-9ca5b99c70d1/DS-0b969dae-072a-4d90-91f6-439a162b6171/container.db, /home/runner/work/ozone/ozone/hadoop-ozone/integration-test/target/test-dir/MiniOzoneClusterImpl-0c9ac019-7194-482d-81d1-9ca5b99c70d1/datanode-2/data-0/containers/hdds/0c9ac019-7194-482d-81d1-9ca5b99c70d1/DS-6a6f339a-c86b-4039-b7c3-8ccbe4ecb270/container.db, /home/runner/work/ozone/ozone/hadoop-ozone/integration-test/target/test-dir/MiniOzoneClusterImpl-0c9ac019-7194-482d-81d1-9ca5b99c70d1/datanode-3/data-0/containers/hdds/0c9ac019-7194-482d-81d1-9ca5b99c70d1/DS-a6640e29-3190-4bbb-b8e5-d33f77cf30ee/container.db, /home/runner/work/ozone/ozone/hadoop-ozone/integration-test/target/test-dir/MiniOzoneClusterImpl-0c9ac019-7194-482d-81d1-9ca5b99c70d1/datanode-4/data-0/containers/hdds/0c9ac019-7194-482d-81d1-9ca5b99c70d1/DS-9e7061ff-7ed1-4489-aaf8-69767867d931/container.db]
2023-06-22 13:18:14,418 [ForkJoinPool.commonPool-worker-2] INFO  utils.DatanodeStoreCache (DatanodeStoreCache.java:removeDB(104)) - Removed db /home/runner/work/ozone/ozone/hadoop-ozone/integration-test/target/test-dir/MiniOzoneClusterImpl-0c9ac019-7194-482d-81d1-9ca5b99c70d1/datanode-3/data-0/containers/hdds/0c9ac019-7194-482d-81d1-9ca5b99c70d1/DS-a6640e29-3190-4bbb-b8e5-d33f77cf30ee/container.db from cache
2023-06-22 13:18:14,418 [ForkJoinPool.commonPool-worker-2] INFO  volume.HddsVolume (HddsVolume.java:closeDbStore(437)) - SchemaV3 db is stopped at /home/runner/work/ozone/ozone/hadoop-ozone/integration-test/target/test-dir/MiniOzoneClusterImpl-0c9ac019-7194-482d-81d1-9ca5b99c70d1/datanode-3/data-0/containers/hdds/0c9ac019-7194-482d-81d1-9ca5b99c70d1/DS-a6640e29-3190-4bbb-b8e5-d33f77cf30ee/container.db for volume DS-a6640e29-3190-4bbb-b8e5-d33f77cf30ee
2023-06-22 13:18:14,419 [ForkJoinPool.commonPool-worker-2] INFO  utils.BackgroundService (BackgroundService.java:shutdown(141)) - Shutting down service BlockDeletingService
2023-06-22 13:18:14,419 [ForkJoinPool.commonPool-worker-2] INFO  utils.BackgroundService (BackgroundService.java:shutdown(141)) - Shutting down service StaleRecoveringContainerScrubbingService
2023-06-22 13:18:14,421 [ForkJoinPool.commonPool-worker-2] INFO  statemachine.DatanodeStateMachine (DatanodeStateMachine.java:stopDaemon(613)) - Ozone container server stopped.
2023-06-22 13:18:14,432 [ForkJoinPool.commonPool-worker-2] INFO  handler.ContextHandler (ContextHandler.java:doStop(1159)) - Stopped o.e.j.w.WebAppContext@3b38c606{hddsDatanode,/,null,STOPPED}{jar:file:/home/runner/.m2/repository/org/apache/ozone/hdds-container-service/1.4.0-SNAPSHOT/hdds-container-service-1.4.0-SNAPSHOT.jar!/webapps/hddsDatanode}
2023-06-22 13:18:14,432 [ForkJoinPool.commonPool-worker-2] INFO  server.AbstractConnector (AbstractConnector.java:doStop(383)) - Stopped ServerConnector@62fdd4c0{HTTP/1.1, (http/1.1)}{0.0.0.0:15036}
2023-06-22 13:18:14,433 [ForkJoinPool.commonPool-worker-2] INFO  server.session (HouseKeeper.java:stopScavenging(149)) - node0 Stopped scavenging
2023-06-22 13:18:14,436 [ForkJoinPool.commonPool-worker-2] INFO  handler.ContextHandler (ContextHandler.java:doStop(1159)) - Stopped o.e.j.s.ServletContextHandler@56704452{static,/static,jar:file:/home/runner/.m2/repository/org/apache/ozone/hdds-container-service/1.4.0-SNAPSHOT/hdds-container-service-1.4.0-SNAPSHOT.jar!/webapps/static,STOPPED}
2023-06-22 13:18:14,437 [ForkJoinPool.commonPool-worker-2] INFO  handler.ContextHandler (ContextHandler.java:doStop(1159)) - Stopped o.e.j.s.ServletContextHandler@6ea1a97b{logs,/logs,file:///home/runner/work/ozone/ozone/hadoop-ozone/integration-test/target/log,STOPPED}
2023-06-22 13:18:14,438 [ForkJoinPool.commonPool-worker-2] INFO  ozone.HddsDatanodeClientProtocolServer (HddsDatanodeClientProtocolServer.java:stop(78)) - Stopping the RPC server for Client Protocol
2023-06-22 13:18:14,438 [ForkJoinPool.commonPool-worker-2] INFO  ipc.Server (Server.java:stop(3501)) - Stopping server on 15037
2023-06-22 13:18:14,439 [IPC Server listener on 15037] INFO  ipc.Server (Server.java:run(1430)) - Stopping IPC Server listener on 15037
2023-06-22 13:18:14,439 [IPC Server Responder] INFO  ipc.Server (Server.java:run(1563)) - Stopping IPC Server Responder
2023-06-22 13:18:15,039 [main] INFO  utils.DatanodeStoreCache (DatanodeStoreCache.java:shutdownCache(110)) - Skip clearing cache in mini cluster mode. Entries left: [/home/runner/work/ozone/ozone/hadoop-ozone/integration-test/target/test-dir/MiniOzoneClusterImpl-0c9ac019-7194-482d-81d1-9ca5b99c70d1/datanode-0/data-0/containers/hdds/0c9ac019-7194-482d-81d1-9ca5b99c70d1/DS-6953d0d1-6554-4f25-813f-0c74681e328b/container.db, /home/runner/work/ozone/ozone/hadoop-ozone/integration-test/target/test-dir/MiniOzoneClusterImpl-0c9ac019-7194-482d-81d1-9ca5b99c70d1/datanode-1/data-0/containers/hdds/0c9ac019-7194-482d-81d1-9ca5b99c70d1/DS-0b969dae-072a-4d90-91f6-439a162b6171/container.db, /home/runner/work/ozone/ozone/hadoop-ozone/integration-test/target/test-dir/MiniOzoneClusterImpl-0c9ac019-7194-482d-81d1-9ca5b99c70d1/datanode-2/data-0/containers/hdds/0c9ac019-7194-482d-81d1-9ca5b99c70d1/DS-6a6f339a-c86b-4039-b7c3-8ccbe4ecb270/container.db, /home/runner/work/ozone/ozone/hadoop-ozone/integration-test/target/test-dir/MiniOzoneClusterImpl-0c9ac019-7194-482d-81d1-9ca5b99c70d1/datanode-4/data-0/containers/hdds/0c9ac019-7194-482d-81d1-9ca5b99c70d1/DS-9e7061ff-7ed1-4489-aaf8-69767867d931/container.db]
2023-06-22 13:18:15,040 [main] INFO  utils.DatanodeStoreCache (DatanodeStoreCache.java:removeDB(104)) - Removed db /home/runner/work/ozone/ozone/hadoop-ozone/integration-test/target/test-dir/MiniOzoneClusterImpl-0c9ac019-7194-482d-81d1-9ca5b99c70d1/datanode-2/data-0/containers/hdds/0c9ac019-7194-482d-81d1-9ca5b99c70d1/DS-6a6f339a-c86b-4039-b7c3-8ccbe4ecb270/container.db from cache
2023-06-22 13:18:15,040 [main] INFO  volume.HddsVolume (HddsVolume.java:closeDbStore(437)) - SchemaV3 db is stopped at /home/runner/work/ozone/ozone/hadoop-ozone/integration-test/target/test-dir/MiniOzoneClusterImpl-0c9ac019-7194-482d-81d1-9ca5b99c70d1/datanode-2/data-0/containers/hdds/0c9ac019-7194-482d-81d1-9ca5b99c70d1/DS-6a6f339a-c86b-4039-b7c3-8ccbe4ecb270/container.db for volume DS-6a6f339a-c86b-4039-b7c3-8ccbe4ecb270
2023-06-22 13:18:15,040 [main] INFO  utils.BackgroundService (BackgroundService.java:shutdown(141)) - Shutting down service BlockDeletingService
2023-06-22 13:18:15,041 [main] INFO  utils.BackgroundService (BackgroundService.java:shutdown(141)) - Shutting down service StaleRecoveringContainerScrubbingService
2023-06-22 13:18:15,041 [main] INFO  statemachine.DatanodeStateMachine (DatanodeStateMachine.java:stopDaemon(613)) - Ozone container server stopped.
2023-06-22 13:18:15,051 [main] INFO  handler.ContextHandler (ContextHandler.java:doStop(1159)) - Stopped o.e.j.w.WebAppContext@2e6254fc{hddsDatanode,/,null,STOPPED}{jar:file:/home/runner/.m2/repository/org/apache/ozone/hdds-container-service/1.4.0-SNAPSHOT/hdds-container-service-1.4.0-SNAPSHOT.jar!/webapps/hddsDatanode}
2023-06-22 13:18:15,051 [main] INFO  server.AbstractConnector (AbstractConnector.java:doStop(383)) - Stopped ServerConnector@a5810be{HTTP/1.1, (http/1.1)}{0.0.0.0:15027}
2023-06-22 13:18:15,051 [main] INFO  server.session (HouseKeeper.java:stopScavenging(149)) - node0 Stopped scavenging
2023-06-22 13:18:15,052 [main] INFO  handler.ContextHandler (ContextHandler.java:doStop(1159)) - Stopped o.e.j.s.ServletContextHandler@2cf8a92b{static,/static,jar:file:/home/runner/.m2/repository/org/apache/ozone/hdds-container-service/1.4.0-SNAPSHOT/hdds-container-service-1.4.0-SNAPSHOT.jar!/webapps/static,STOPPED}
2023-06-22 13:18:15,052 [main] INFO  handler.ContextHandler (ContextHandler.java:doStop(1159)) - Stopped o.e.j.s.ServletContextHandler@646759b2{logs,/logs,file:///home/runner/work/ozone/ozone/hadoop-ozone/integration-test/target/log,STOPPED}
2023-06-22 13:18:15,052 [main] INFO  ozone.HddsDatanodeClientProtocolServer (HddsDatanodeClientProtocolServer.java:stop(78)) - Stopping the RPC server for Client Protocol
2023-06-22 13:18:15,053 [main] INFO  ipc.Server (Server.java:stop(3501)) - Stopping server on 15028
2023-06-22 13:18:15,054 [IPC Server listener on 15028] INFO  ipc.Server (Server.java:run(1430)) - Stopping IPC Server listener on 15028
2023-06-22 13:18:15,054 [IPC Server Responder] INFO  ipc.Server (Server.java:run(1563)) - Stopping IPC Server Responder
2023-06-22 13:18:15,056 [ForkJoinPool.commonPool-worker-1] INFO  utils.DatanodeStoreCache (DatanodeStoreCache.java:shutdownCache(110)) - Skip clearing cache in mini cluster mode. Entries left: [/home/runner/work/ozone/ozone/hadoop-ozone/integration-test/target/test-dir/MiniOzoneClusterImpl-0c9ac019-7194-482d-81d1-9ca5b99c70d1/datanode-0/data-0/containers/hdds/0c9ac019-7194-482d-81d1-9ca5b99c70d1/DS-6953d0d1-6554-4f25-813f-0c74681e328b/container.db, /home/runner/work/ozone/ozone/hadoop-ozone/integration-test/target/test-dir/MiniOzoneClusterImpl-0c9ac019-7194-482d-81d1-9ca5b99c70d1/datanode-1/data-0/containers/hdds/0c9ac019-7194-482d-81d1-9ca5b99c70d1/DS-0b969dae-072a-4d90-91f6-439a162b6171/container.db, /home/runner/work/ozone/ozone/hadoop-ozone/integration-test/target/test-dir/MiniOzoneClusterImpl-0c9ac019-7194-482d-81d1-9ca5b99c70d1/datanode-4/data-0/containers/hdds/0c9ac019-7194-482d-81d1-9ca5b99c70d1/DS-9e7061ff-7ed1-4489-aaf8-69767867d931/container.db]
2023-06-22 13:18:15,057 [ForkJoinPool.commonPool-worker-1] INFO  utils.DatanodeStoreCache (DatanodeStoreCache.java:removeDB(104)) - Removed db /home/runner/work/ozone/ozone/hadoop-ozone/integration-test/target/test-dir/MiniOzoneClusterImpl-0c9ac019-7194-482d-81d1-9ca5b99c70d1/datanode-1/data-0/containers/hdds/0c9ac019-7194-482d-81d1-9ca5b99c70d1/DS-0b969dae-072a-4d90-91f6-439a162b6171/container.db from cache
2023-06-22 13:18:15,057 [ForkJoinPool.commonPool-worker-1] INFO  volume.HddsVolume (HddsVolume.java:closeDbStore(437)) - SchemaV3 db is stopped at /home/runner/work/ozone/ozone/hadoop-ozone/integration-test/target/test-dir/MiniOzoneClusterImpl-0c9ac019-7194-482d-81d1-9ca5b99c70d1/datanode-1/data-0/containers/hdds/0c9ac019-7194-482d-81d1-9ca5b99c70d1/DS-0b969dae-072a-4d90-91f6-439a162b6171/container.db for volume DS-0b969dae-072a-4d90-91f6-439a162b6171
2023-06-22 13:18:15,057 [ForkJoinPool.commonPool-worker-1] INFO  utils.BackgroundService (BackgroundService.java:shutdown(141)) - Shutting down service BlockDeletingService
2023-06-22 13:18:15,058 [ForkJoinPool.commonPool-worker-1] INFO  utils.BackgroundService (BackgroundService.java:shutdown(141)) - Shutting down service StaleRecoveringContainerScrubbingService
2023-06-22 13:18:15,059 [ForkJoinPool.commonPool-worker-1] INFO  statemachine.DatanodeStateMachine (DatanodeStateMachine.java:stopDaemon(613)) - Ozone container server stopped.
2023-06-22 13:18:15,071 [ForkJoinPool.commonPool-worker-1] INFO  handler.ContextHandler (ContextHandler.java:doStop(1159)) - Stopped o.e.j.w.WebAppContext@2dd9a1db{hddsDatanode,/,null,STOPPED}{jar:file:/home/runner/.m2/repository/org/apache/ozone/hdds-container-service/1.4.0-SNAPSHOT/hdds-container-service-1.4.0-SNAPSHOT.jar!/webapps/hddsDatanode}
2023-06-22 13:18:15,071 [ForkJoinPool.commonPool-worker-1] INFO  server.AbstractConnector (AbstractConnector.java:doStop(383)) - Stopped ServerConnector@2a22e0f3{HTTP/1.1, (http/1.1)}{0.0.0.0:15018}
2023-06-22 13:18:15,071 [ForkJoinPool.commonPool-worker-1] INFO  server.session (HouseKeeper.java:stopScavenging(149)) - node0 Stopped scavenging
2023-06-22 13:18:15,073 [ForkJoinPool.commonPool-worker-1] INFO  handler.ContextHandler (ContextHandler.java:doStop(1159)) - Stopped o.e.j.s.ServletContextHandler@69d5078d{static,/static,jar:file:/home/runner/.m2/repository/org/apache/ozone/hdds-container-service/1.4.0-SNAPSHOT/hdds-container-service-1.4.0-SNAPSHOT.jar!/webapps/static,STOPPED}
2023-06-22 13:18:15,074 [ForkJoinPool.commonPool-worker-1] INFO  handler.ContextHandler (ContextHandler.java:doStop(1159)) - Stopped o.e.j.s.ServletContextHandler@3041795b{logs,/logs,file:///home/runner/work/ozone/ozone/hadoop-ozone/integration-test/target/log,STOPPED}
2023-06-22 13:18:15,074 [ForkJoinPool.commonPool-worker-1] INFO  ozone.HddsDatanodeClientProtocolServer (HddsDatanodeClientProtocolServer.java:stop(78)) - Stopping the RPC server for Client Protocol
2023-06-22 13:18:15,075 [ForkJoinPool.commonPool-worker-0] INFO  utils.DatanodeStoreCache (DatanodeStoreCache.java:shutdownCache(110)) - Skip clearing cache in mini cluster mode. Entries left: [/home/runner/work/ozone/ozone/hadoop-ozone/integration-test/target/test-dir/MiniOzoneClusterImpl-0c9ac019-7194-482d-81d1-9ca5b99c70d1/datanode-0/data-0/containers/hdds/0c9ac019-7194-482d-81d1-9ca5b99c70d1/DS-6953d0d1-6554-4f25-813f-0c74681e328b/container.db, /home/runner/work/ozone/ozone/hadoop-ozone/integration-test/target/test-dir/MiniOzoneClusterImpl-0c9ac019-7194-482d-81d1-9ca5b99c70d1/datanode-4/data-0/containers/hdds/0c9ac019-7194-482d-81d1-9ca5b99c70d1/DS-9e7061ff-7ed1-4489-aaf8-69767867d931/container.db]
2023-06-22 13:18:15,075 [ForkJoinPool.commonPool-worker-1] INFO  ipc.Server (Server.java:stop(3501)) - Stopping server on 15019
2023-06-22 13:18:15,077 [ForkJoinPool.commonPool-worker-0] INFO  utils.DatanodeStoreCache (DatanodeStoreCache.java:removeDB(104)) - Removed db /home/runner/work/ozone/ozone/hadoop-ozone/integration-test/target/test-dir/MiniOzoneClusterImpl-0c9ac019-7194-482d-81d1-9ca5b99c70d1/datanode-4/data-0/containers/hdds/0c9ac019-7194-482d-81d1-9ca5b99c70d1/DS-9e7061ff-7ed1-4489-aaf8-69767867d931/container.db from cache
2023-06-22 13:18:15,077 [ForkJoinPool.commonPool-worker-0] INFO  volume.HddsVolume (HddsVolume.java:closeDbStore(437)) - SchemaV3 db is stopped at /home/runner/work/ozone/ozone/hadoop-ozone/integration-test/target/test-dir/MiniOzoneClusterImpl-0c9ac019-7194-482d-81d1-9ca5b99c70d1/datanode-4/data-0/containers/hdds/0c9ac019-7194-482d-81d1-9ca5b99c70d1/DS-9e7061ff-7ed1-4489-aaf8-69767867d931/container.db for volume DS-9e7061ff-7ed1-4489-aaf8-69767867d931
2023-06-22 13:18:15,077 [IPC Server Responder] INFO  ipc.Server (Server.java:run(1563)) - Stopping IPC Server Responder
2023-06-22 13:18:15,077 [IPC Server listener on 15019] INFO  ipc.Server (Server.java:run(1430)) - Stopping IPC Server listener on 15019
2023-06-22 13:18:15,078 [ForkJoinPool.commonPool-worker-0] INFO  utils.BackgroundService (BackgroundService.java:shutdown(141)) - Shutting down service BlockDeletingService
2023-06-22 13:18:15,078 [ForkJoinPool.commonPool-worker-0] INFO  utils.BackgroundService (BackgroundService.java:shutdown(141)) - Shutting down service StaleRecoveringContainerScrubbingService
2023-06-22 13:18:15,079 [ForkJoinPool.commonPool-worker-0] INFO  statemachine.DatanodeStateMachine (DatanodeStateMachine.java:stopDaemon(613)) - Ozone container server stopped.
2023-06-22 13:18:15,090 [ForkJoinPool.commonPool-worker-0] INFO  handler.ContextHandler (ContextHandler.java:doStop(1159)) - Stopped o.e.j.w.WebAppContext@55517531{hddsDatanode,/,null,STOPPED}{jar:file:/home/runner/.m2/repository/org/apache/ozone/hdds-container-service/1.4.0-SNAPSHOT/hdds-container-service-1.4.0-SNAPSHOT.jar!/webapps/hddsDatanode}
2023-06-22 13:18:15,090 [ForkJoinPool.commonPool-worker-0] INFO  server.AbstractConnector (AbstractConnector.java:doStop(383)) - Stopped ServerConnector@2ca18d8a{HTTP/1.1, (http/1.1)}{0.0.0.0:15045}
2023-06-22 13:18:15,090 [ForkJoinPool.commonPool-worker-0] INFO  server.session (HouseKeeper.java:stopScavenging(149)) - node0 Stopped scavenging
2023-06-22 13:18:15,091 [ForkJoinPool.commonPool-worker-0] INFO  handler.ContextHandler (ContextHandler.java:doStop(1159)) - Stopped o.e.j.s.ServletContextHandler@6d4cf992{static,/static,jar:file:/home/runner/.m2/repository/org/apache/ozone/hdds-container-service/1.4.0-SNAPSHOT/hdds-container-service-1.4.0-SNAPSHOT.jar!/webapps/static,STOPPED}
2023-06-22 13:18:15,091 [ForkJoinPool.commonPool-worker-0] INFO  handler.ContextHandler (ContextHandler.java:doStop(1159)) - Stopped o.e.j.s.ServletContextHandler@31ef92a0{logs,/logs,file:///home/runner/work/ozone/ozone/hadoop-ozone/integration-test/target/log,STOPPED}
2023-06-22 13:18:15,092 [ForkJoinPool.commonPool-worker-0] INFO  ozone.HddsDatanodeClientProtocolServer (HddsDatanodeClientProtocolServer.java:stop(78)) - Stopping the RPC server for Client Protocol
2023-06-22 13:18:15,092 [ForkJoinPool.commonPool-worker-0] INFO  ipc.Server (Server.java:stop(3501)) - Stopping server on 15046
2023-06-22 13:18:15,093 [IPC Server Responder] INFO  ipc.Server (Server.java:run(1563)) - Stopping IPC Server Responder
2023-06-22 13:18:15,093 [IPC Server listener on 15046] INFO  ipc.Server (Server.java:run(1430)) - Stopping IPC Server listener on 15046
2023-06-22 13:18:15,117 [ForkJoinPool.commonPool-worker-3] INFO  utils.DatanodeStoreCache (DatanodeStoreCache.java:shutdownCache(110)) - Skip clearing cache in mini cluster mode. Entries left: [/home/runner/work/ozone/ozone/hadoop-ozone/integration-test/target/test-dir/MiniOzoneClusterImpl-0c9ac019-7194-482d-81d1-9ca5b99c70d1/datanode-0/data-0/containers/hdds/0c9ac019-7194-482d-81d1-9ca5b99c70d1/DS-6953d0d1-6554-4f25-813f-0c74681e328b/container.db]
2023-06-22 13:18:15,118 [ForkJoinPool.commonPool-worker-3] INFO  utils.DatanodeStoreCache (DatanodeStoreCache.java:removeDB(104)) - Removed db /home/runner/work/ozone/ozone/hadoop-ozone/integration-test/target/test-dir/MiniOzoneClusterImpl-0c9ac019-7194-482d-81d1-9ca5b99c70d1/datanode-0/data-0/containers/hdds/0c9ac019-7194-482d-81d1-9ca5b99c70d1/DS-6953d0d1-6554-4f25-813f-0c74681e328b/container.db from cache
2023-06-22 13:18:15,118 [ForkJoinPool.commonPool-worker-3] INFO  volume.HddsVolume (HddsVolume.java:closeDbStore(437)) - SchemaV3 db is stopped at /home/runner/work/ozone/ozone/hadoop-ozone/integration-test/target/test-dir/MiniOzoneClusterImpl-0c9ac019-7194-482d-81d1-9ca5b99c70d1/datanode-0/data-0/containers/hdds/0c9ac019-7194-482d-81d1-9ca5b99c70d1/DS-6953d0d1-6554-4f25-813f-0c74681e328b/container.db for volume DS-6953d0d1-6554-4f25-813f-0c74681e328b
2023-06-22 13:18:15,118 [ForkJoinPool.commonPool-worker-3] INFO  utils.BackgroundService (BackgroundService.java:shutdown(141)) - Shutting down service BlockDeletingService
2023-06-22 13:18:15,118 [ForkJoinPool.commonPool-worker-3] INFO  utils.BackgroundService (BackgroundService.java:shutdown(141)) - Shutting down service StaleRecoveringContainerScrubbingService
2023-06-22 13:18:15,119 [ForkJoinPool.commonPool-worker-3] INFO  statemachine.DatanodeStateMachine (DatanodeStateMachine.java:stopDaemon(613)) - Ozone container server stopped.
2023-06-22 13:18:15,130 [ForkJoinPool.commonPool-worker-3] INFO  handler.ContextHandler (ContextHandler.java:doStop(1159)) - Stopped o.e.j.w.WebAppContext@5daf7fea{hddsDatanode,/,null,STOPPED}{jar:file:/home/runner/.m2/repository/org/apache/ozone/hdds-container-service/1.4.0-SNAPSHOT/hdds-container-service-1.4.0-SNAPSHOT.jar!/webapps/hddsDatanode}
2023-06-22 13:18:15,130 [ForkJoinPool.commonPool-worker-3] INFO  server.AbstractConnector (AbstractConnector.java:doStop(383)) - Stopped ServerConnector@69351b6c{HTTP/1.1, (http/1.1)}{0.0.0.0:15009}
2023-06-22 13:18:15,130 [ForkJoinPool.commonPool-worker-3] INFO  server.session (HouseKeeper.java:stopScavenging(149)) - node0 Stopped scavenging
2023-06-22 13:18:15,131 [ForkJoinPool.commonPool-worker-3] INFO  handler.ContextHandler (ContextHandler.java:doStop(1159)) - Stopped o.e.j.s.ServletContextHandler@37a98c77{static,/static,jar:file:/home/runner/.m2/repository/org/apache/ozone/hdds-container-service/1.4.0-SNAPSHOT/hdds-container-service-1.4.0-SNAPSHOT.jar!/webapps/static,STOPPED}
2023-06-22 13:18:15,131 [ForkJoinPool.commonPool-worker-3] INFO  handler.ContextHandler (ContextHandler.java:doStop(1159)) - Stopped o.e.j.s.ServletContextHandler@770f77f3{logs,/logs,file:///home/runner/work/ozone/ozone/hadoop-ozone/integration-test/target/log,STOPPED}
2023-06-22 13:18:15,133 [ForkJoinPool.commonPool-worker-3] INFO  ozone.HddsDatanodeClientProtocolServer (HddsDatanodeClientProtocolServer.java:stop(78)) - Stopping the RPC server for Client Protocol
2023-06-22 13:18:15,134 [ForkJoinPool.commonPool-worker-3] INFO  ipc.Server (Server.java:stop(3501)) - Stopping server on 15010
2023-06-22 13:18:15,134 [IPC Server listener on 15010] INFO  ipc.Server (Server.java:run(1430)) - Stopping IPC Server listener on 15010
2023-06-22 13:18:15,138 [IPC Server Responder] INFO  ipc.Server (Server.java:run(1563)) - Stopping IPC Server Responder
2023-06-22 13:18:15,139 [main] INFO  ozone.MiniOzoneClusterImpl (MiniOzoneClusterImpl.java:stopSCM(543)) - Stopping the StorageContainerManager
2023-06-22 13:18:15,139 [main] INFO  server.StorageContainerManager (StorageContainerManager.java:stop(1588)) - Container Balancer is not running.
2023-06-22 13:18:15,139 [main] INFO  server.StorageContainerManager (StorageContainerManager.java:stopReplicationManager(1721)) - Stopping Replication Manager Service.
2023-06-22 13:18:15,139 [main] INFO  replication.ReplicationManager (ReplicationManager.java:stop(319)) - Stopping Replication Monitor Thread.
2023-06-22 13:18:15,139 [main] INFO  server.StorageContainerManager (StorageContainerManager.java:stop(1597)) - Stopping the Datanode Admin Monitor.
2023-06-22 13:18:15,139 [Under Replicated Processor] WARN  replication.UnhealthyReplicationProcessor (UnhealthyReplicationProcessor.java:run(180)) - Under Replicated Processor interrupted. Exiting...
2023-06-22 13:18:15,139 [main] INFO  server.StorageContainerManager (StorageContainerManager.java:stop(1604)) - Stopping datanode service RPC server
2023-06-22 13:18:15,139 [main] INFO  server.SCMDatanodeProtocolServer (SCMDatanodeProtocolServer.java:stop(424)) - Stopping the RPC server for DataNodes
2023-06-22 13:18:15,139 [main] INFO  ipc.Server (Server.java:stop(3501)) - Stopping server on 15002
2023-06-22 13:18:15,139 [Over Replicated Processor] WARN  replication.UnhealthyReplicationProcessor (UnhealthyReplicationProcessor.java:run(180)) - Over Replicated Processor interrupted. Exiting...
2023-06-22 13:18:15,139 [ReplicationMonitor] INFO  replication.ReplicationManager (ReplicationManager.java:run(918)) - Replication Monitor Thread is stopped
2023-06-22 13:18:15,140 [IPC Server listener on 15002] INFO  ipc.Server (Server.java:run(1430)) - Stopping IPC Server listener on 15002
2023-06-22 13:18:15,142 [IPC Server Responder] INFO  ipc.Server (Server.java:run(1563)) - Stopping IPC Server Responder
2023-06-22 13:18:15,199 [SCM Heartbeat Processing Thread - 0] WARN  node.NodeStateManager (NodeStateManager.java:scheduleNextHealthCheck(870)) - Current Thread is interrupted, shutting down HB processing thread for Node Manager.
2023-06-22 13:18:15,199 [main] INFO  server.StorageContainerManager (StorageContainerManager.java:stop(1612)) - Stopping block service RPC server
2023-06-22 13:18:15,199 [main] INFO  server.SCMBlockProtocolServer (SCMBlockProtocolServer.java:stop(161)) - Stopping the RPC server for Block Protocol
2023-06-22 13:18:15,199 [main] INFO  ipc.Server (Server.java:stop(3501)) - Stopping server on 15001
2023-06-22 13:18:15,200 [IPC Server Responder] INFO  ipc.Server (Server.java:run(1563)) - Stopping IPC Server Responder
2023-06-22 13:18:15,200 [IPC Server listener on 15001] INFO  ipc.Server (Server.java:run(1430)) - Stopping IPC Server listener on 15001
2023-06-22 13:18:15,200 [main] INFO  server.StorageContainerManager (StorageContainerManager.java:stop(1619)) - Stopping the StorageContainerLocationProtocol RPC server
2023-06-22 13:18:15,201 [main] INFO  server.SCMClientProtocolServer (SCMClientProtocolServer.java:stop(210)) - Stopping the RPC server for Client Protocol
2023-06-22 13:18:15,201 [main] INFO  ipc.Server (Server.java:stop(3501)) - Stopping server on 15000
2023-06-22 13:18:15,202 [IPC Server listener on 15000] INFO  ipc.Server (Server.java:run(1430)) - Stopping IPC Server listener on 15000
2023-06-22 13:18:15,203 [IPC Server Responder] INFO  ipc.Server (Server.java:run(1563)) - Stopping IPC Server Responder
2023-06-22 13:18:15,203 [main] INFO  server.StorageContainerManager (StorageContainerManager.java:stop(1626)) - Stopping Storage Container Manager HTTP server.
2023-06-22 13:18:15,204 [main] INFO  handler.ContextHandler (ContextHandler.java:doStop(1159)) - Stopped o.e.j.w.WebAppContext@51577fc8{scm,/,null,STOPPED}{file:/home/runner/work/ozone/ozone/hadoop-ozone/integration-test/target/test-classes/webapps/scm}
2023-06-22 13:18:15,204 [main] INFO  server.AbstractConnector (AbstractConnector.java:doStop(383)) - Stopped ServerConnector@b8e6981{HTTP/1.1, (http/1.1)}{0.0.0.0:15003}
2023-06-22 13:18:15,205 [main] INFO  server.session (HouseKeeper.java:stopScavenging(149)) - node0 Stopped scavenging
2023-06-22 13:18:15,206 [main] INFO  handler.ContextHandler (ContextHandler.java:doStop(1159)) - Stopped o.e.j.s.ServletContextHandler@1ed17eaf{static,/static,file:///home/runner/work/ozone/ozone/hadoop-ozone/integration-test/target/test-classes/webapps/static,STOPPED}
2023-06-22 13:18:15,206 [main] INFO  handler.ContextHandler (ContextHandler.java:doStop(1159)) - Stopped o.e.j.s.ServletContextHandler@2a4bee4e{logs,/logs,file:///home/runner/work/ozone/ozone/hadoop-ozone/integration-test/target/log,STOPPED}
2023-06-22 13:18:15,207 [main] INFO  server.StorageContainerManager (StorageContainerManager.java:stop(1634)) - Stopping SCM LayoutVersionManager Service.
2023-06-22 13:18:15,207 [main] INFO  server.StorageContainerManager (StorageContainerManager.java:stop(1646)) - Stopping Block Manager Service.
2023-06-22 13:18:15,207 [main] INFO  utils.BackgroundService (BackgroundService.java:shutdown(141)) - Shutting down service SCMBlockDeletingService
2023-06-22 13:18:15,207 [main] INFO  utils.BackgroundService (BackgroundService.java:shutdown(141)) - Shutting down service SCMBlockDeletingService
2023-06-22 13:18:15,207 [main] INFO  server.StorageContainerManager (StorageContainerManager.java:stop(1666)) - Stopping SCM Event Queue.
2023-06-22 13:18:15,209 [JvmPauseMonitor0] INFO  util.JvmPauseMonitor (JvmPauseMonitor.java:run(109)) - JvmPauseMonitor-474f69bd-2d18-45d6-b363-3eeca4480769: Stopped
2023-06-22 13:18:15,210 [main] INFO  server.StorageContainerManager (StorageContainerManager.java:stop(1677)) - Stopping SCM HA services.
2023-06-22 13:18:15,210 [main] INFO  pipeline.BackgroundPipelineCreator (BackgroundPipelineCreator.java:stop(149)) - Stopping RatisPipelineUtilsThread.
2023-06-22 13:18:15,210 [RatisPipelineUtilsThread - 0] WARN  pipeline.BackgroundPipelineCreator (BackgroundPipelineCreator.java:run(180)) - RatisPipelineUtilsThread is interrupted.
2023-06-22 13:18:15,210 [main] INFO  BackgroundPipelineScrubber (BackgroundSCMService.java:stop(131)) - Stopping BackgroundPipelineScrubber Service.
2023-06-22 13:18:15,210 [BackgroundPipelineScrubberThread] WARN  BackgroundPipelineScrubber (BackgroundSCMService.java:run(115)) - BackgroundPipelineScrubber is interrupted, exit
2023-06-22 13:18:15,211 [main] INFO  impl.MetricsSystemImpl (MetricsSystemImpl.java:stop(210)) - Stopping XceiverClientMetrics metrics system...
2023-06-22 13:18:15,212 [prometheus] INFO  impl.MetricsSinkAdapter (MetricsSinkAdapter.java:publishMetricsFromQueue(141)) - prometheus thread interrupted.
2023-06-22 13:18:15,212 [main] INFO  impl.MetricsSystemImpl (MetricsSystemImpl.java:stop(216)) - XceiverClientMetrics metrics system stopped.
2023-06-22 13:18:15,212 [main] WARN  pipeline.BackgroundPipelineCreator (BackgroundPipelineCreator.java:stop(145)) - RatisPipelineUtilsThread is not running, just ignore.
2023-06-22 13:18:15,212 [main] INFO  BackgroundPipelineScrubber (BackgroundSCMService.java:stop(126)) - BackgroundPipelineScrubber Service is not running, skip stop.
2023-06-22 13:18:15,212 [main] INFO  ExpiredContainerReplicaOpScrubber (BackgroundSCMService.java:stop(131)) - Stopping ExpiredContainerReplicaOpScrubber Service.
2023-06-22 13:18:15,212 [ExpiredContainerReplicaOpScrubberThread] WARN  ExpiredContainerReplicaOpScrubber (BackgroundSCMService.java:run(115)) - ExpiredContainerReplicaOpScrubber is interrupted, exit
2023-06-22 13:18:15,212 [main] INFO  utils.BackgroundService (BackgroundService.java:shutdown(141)) - Shutting down service SCMBlockDeletingService
2023-06-22 13:18:15,212 [main] INFO  replication.ReplicationManager (ReplicationManager.java:stop(329)) - Replication Monitor Thread is not running.
2023-06-22 13:18:15,213 [main] WARN  balancer.ContainerBalancer (ContainerBalancer.java:stop(328)) - Cannot stop Container Balancer because it's not running or stopping
2023-06-22 13:18:15,213 [Lease Manager-LeaseManager#LeaseMonitor] WARN  lease.LeaseManager (LeaseManager.java:run(272)) - Lease manager is interrupted. Shutting down...
java.lang.InterruptedException
	at java.util.concurrent.locks.AbstractQueuedSynchronizer.doAcquireSharedNanos(AbstractQueuedSynchronizer.java:1039)
	at java.util.concurrent.locks.AbstractQueuedSynchronizer.tryAcquireSharedNanos(AbstractQueuedSynchronizer.java:1328)
	at java.util.concurrent.Semaphore.tryAcquire(Semaphore.java:409)
	at org.apache.hadoop.ozone.lease.LeaseManager$LeaseMonitor.run(LeaseManager.java:270)
	at java.lang.Thread.run(Thread.java:750)
2023-06-22 13:18:15,213 [main] INFO  server.StorageContainerManager (StorageContainerManager.java:stop(1712)) - Stopping SCM MetadataStore.
2023-06-22 13:18:15,300 [main] WARN  server.ServerUtils (ServerUtils.java:getScmDbDir(155)) - ozone.scm.db.dirs is not configured. We recommend adding this setting. Falling back to ozone.metadata.dirs instead.
2023-06-22 13:18:15,304 [main] WARN  server.ServerUtils (ServerUtils.java:getScmDbDir(155)) - ozone.scm.db.dirs is not configured. We recommend adding this setting. Falling back to ozone.metadata.dirs instead.
2023-06-22 13:18:15,304 [main] INFO  ha.SCMHANodeDetails (SCMHANodeDetails.java:loadSCMHAConfig(210)) - ServiceID for StorageContainerManager is null
2023-06-22 13:18:15,304 [main] INFO  ha.SCMHANodeDetails (SCMHANodeDetails.java:loadSCMHAConfig(215)) - ozone.scm.default.service.id is not defined, falling back to ozone.scm.service.ids to find serviceID for StorageContainerManager if it is HA enabled cluster
2023-06-22 13:18:15,305 [main] WARN  utils.HAUtils (HAUtils.java:getMetaDir(339)) - ozone.scm.db.dirs is not configured. We recommend adding this setting. Falling back to ozone.metadata.dirs instead.
2023-06-22 13:18:15,305 [main] WARN  db.DBStoreBuilder (DBStoreBuilder.java:applyDBDefinition(166)) - ozone.scm.db.dirs is not configured. We recommend adding this setting. Falling back to ozone.metadata.dirs instead.
2023-06-22 13:18:15,404 [main] INFO  net.NodeSchemaLoader (NodeSchemaLoader.java:loadSchemaFromFile(129)) - Loading schema from [jar:file:/home/runner/.m2/repository/org/apache/ozone/hdds-common/1.4.0-SNAPSHOT/hdds-common-1.4.0-SNAPSHOT.jar!/network-topology-default.xml]
2023-06-22 13:18:15,404 [main] INFO  net.NodeSchemaLoader (NodeSchemaLoader.java:loadSchema(176)) - Loading network topology layer schema file
2023-06-22 13:18:15,407 [main] INFO  upgrade.AbstractLayoutVersionManager (AbstractLayoutVersionManager.java:init(83)) - Initializing Layout version manager with metadata layout = HADOOP_PRC_PORTS_IN_DATANODEDETAILS (version = 7), software layout = HADOOP_PRC_PORTS_IN_DATANODEDETAILS (version = 7)
2023-06-22 13:18:15,408 [main] INFO  ha.SequenceIdGenerator (SequenceIdGenerator.java:upgradeToSequenceId(349)) - upgrade localId to 111677748019200000
2023-06-22 13:18:15,411 [main] INFO  ha.SequenceIdGenerator (SequenceIdGenerator.java:upgradeToSequenceId(359)) - upgrade delTxnId to 0
2023-06-22 13:18:15,412 [main] INFO  ha.SequenceIdGenerator (SequenceIdGenerator.java:upgradeToSequenceId(376)) - upgrade containerId to 0
2023-06-22 13:18:15,412 [main] INFO  ha.SequenceIdGenerator (SequenceIdGenerator.java:<init>(220)) - Init the HA SequenceIdGenerator.
2023-06-22 13:18:15,412 [main] WARN  server.ServerUtils (ServerUtils.java:sanitizeUserArgs(80)) - ozone.scm.stale.node.interval value = 300000 is larger than max = 100000 based on the key value of ozone.scm.heartbeat.thread.interval, reset to the max value 100000.
2023-06-22 13:18:15,413 [main] WARN  server.ServerUtils (ServerUtils.java:sanitizeUserArgs(80)) - ozone.scm.stale.node.interval value = 300000 is larger than max = 100000 based on the key value of ozone.scm.heartbeat.thread.interval, reset to the max value 100000.
2023-06-22 13:18:15,413 [main] INFO  node.SCMNodeManager (SCMNodeManager.java:<init>(158)) - Entering startup safe mode.
2023-06-22 13:18:15,414 [main] INFO  algorithms.ContainerPlacementPolicyFactory (ContainerPlacementPolicyFactory.java:getPolicyInternal(86)) - Create container placement policy of type org.apache.hadoop.hdds.scm.container.placement.algorithms.SCMContainerPlacementRackAware
2023-06-22 13:18:15,414 [main] INFO  algorithms.ContainerPlacementPolicyFactory (ContainerPlacementPolicyFactory.java:getPolicyInternal(86)) - Create container placement policy of type org.apache.hadoop.hdds.scm.container.placement.algorithms.SCMContainerPlacementRackScatter
2023-06-22 13:18:15,414 [main] INFO  pipeline.PipelineStateManagerImpl (PipelineStateManagerImpl.java:initialize(78)) - No pipeline exists in current db
2023-06-22 13:18:15,414 [main] INFO  algorithms.LeaderChoosePolicyFactory (LeaderChoosePolicyFactory.java:getPolicy(57)) - Create leader choose policy of type org.apache.hadoop.hdds.scm.pipeline.leader.choose.algorithms.MinLeaderCountChoosePolicy
2023-06-22 13:18:15,414 [main] INFO  algorithms.ContainerPlacementPolicyFactory (ContainerPlacementPolicyFactory.java:getPolicyInternal(86)) - Create container placement policy of type org.apache.hadoop.hdds.scm.container.placement.algorithms.SCMContainerPlacementRackScatter
2023-06-22 13:18:15,414 [main] INFO  ha.SCMServiceManager (SCMServiceManager.java:register(42)) - Registering service BackgroundPipelineCreator.
2023-06-22 13:18:15,414 [main] INFO  pipeline.BackgroundPipelineCreator (BackgroundPipelineCreator.java:start(124)) - Starting RatisPipelineUtilsThread.
2023-06-22 13:18:15,417 [main] INFO  BackgroundPipelineScrubber (BackgroundSCMService.java:start(68)) - Starting BackgroundPipelineScrubber Service.
2023-06-22 13:18:15,417 [main] INFO  ha.SCMServiceManager (SCMServiceManager.java:register(42)) - Registering service BackgroundPipelineScrubber.
2023-06-22 13:18:15,417 [main] INFO  ExpiredContainerReplicaOpScrubber (BackgroundSCMService.java:start(68)) - Starting ExpiredContainerReplicaOpScrubber Service.
2023-06-22 13:18:15,418 [main] INFO  ha.SCMServiceManager (SCMServiceManager.java:register(42)) - Registering service ExpiredContainerReplicaOpScrubber.
2023-06-22 13:18:15,419 [main] INFO  algorithms.PipelineChoosePolicyFactory (PipelineChoosePolicyFactory.java:createPipelineChoosePolicyFromClass(73)) - Create pipeline choose policy of type org.apache.hadoop.hdds.scm.pipeline.choose.algorithms.RandomPipelineChoosePolicy
2023-06-22 13:18:15,419 [main] INFO  ha.SCMServiceManager (SCMServiceManager.java:register(42)) - Registering service SCMBlockDeletingService.
2023-06-22 13:18:15,419 [main] INFO  replication.ReplicationManager (ReplicationManager.java:start(286)) - Starting Replication Monitor Thread.
2023-06-22 13:18:15,427 [main] INFO  ha.SCMServiceManager (SCMServiceManager.java:register(42)) - Registering service ReplicationManager.
2023-06-22 13:18:15,428 [main] INFO  safemode.ContainerSafeModeRule (ContainerSafeModeRule.java:<init>(89)) - containers with one replica threshold count 0
2023-06-22 13:18:15,428 [main] INFO  safemode.HealthyPipelineSafeModeRule (HealthyPipelineSafeModeRule.java:initializeRule(169)) - Total pipeline count is 0, healthy pipeline threshold count is 1
2023-06-22 13:18:15,428 [main] INFO  safemode.OneReplicaPipelineSafeModeRule (OneReplicaPipelineSafeModeRule.java:initializeRule(180)) - Total pipeline count is 0, pipeline's with at least one datanode reported threshold count is 0
2023-06-22 13:18:15,428 [ReplicationMonitor] INFO  replication.ReplicationManager (ReplicationManager.java:processAll(361)) - Replication Manager is not ready to run until 3000ms after safemode exit
2023-06-22 13:18:15,428 [main] INFO  server.StorageContainerManager (StorageContainerManager.java:<init>(420)) - SCM start with adminUsers: [runner]
2023-06-22 13:18:15,429 [main] INFO  ipc.CallQueueManager (CallQueueManager.java:<init>(90)) - Using callQueue: class java.util.concurrent.LinkedBlockingQueue, queueCapacity: 2000, scheduler: class org.apache.hadoop.ipc.DefaultRpcScheduler, ipcBackoff: false.
2023-06-22 13:18:15,429 [Socket Reader #1 for port 15055] INFO  ipc.Server (Server.java:run(1319)) - Starting Socket Reader #1 for port 15055
2023-06-22 13:18:15,430 [Listener at 0.0.0.0/15055] INFO  hdds.HddsUtils (HddsUtils.java:preserveThreadName(848)) - Restoring thread name: main
2023-06-22 13:18:15,431 [main] INFO  ipc.CallQueueManager (CallQueueManager.java:<init>(90)) - Using callQueue: class java.util.concurrent.LinkedBlockingQueue, queueCapacity: 2000, scheduler: class org.apache.hadoop.ipc.DefaultRpcScheduler, ipcBackoff: false.
2023-06-22 13:18:15,432 [Socket Reader #1 for port 15054] INFO  ipc.Server (Server.java:run(1319)) - Starting Socket Reader #1 for port 15054
2023-06-22 13:18:15,434 [Listener at 0.0.0.0/15054] INFO  hdds.HddsUtils (HddsUtils.java:preserveThreadName(848)) - Restoring thread name: main
2023-06-22 13:18:15,434 [main] INFO  ipc.CallQueueManager (CallQueueManager.java:<init>(90)) - Using callQueue: class java.util.concurrent.LinkedBlockingQueue, queueCapacity: 2000, scheduler: class org.apache.hadoop.ipc.DefaultRpcScheduler, ipcBackoff: false.
2023-06-22 13:18:15,437 [Socket Reader #1 for port 15053] INFO  ipc.Server (Server.java:run(1319)) - Starting Socket Reader #1 for port 15053
2023-06-22 13:18:15,438 [Listener at 0.0.0.0/15053] INFO  hdds.HddsUtils (HddsUtils.java:preserveThreadName(848)) - Restoring thread name: main
2023-06-22 13:18:15,441 [main] INFO  ha.SCMServiceManager (SCMServiceManager.java:register(42)) - Registering service ContainerBalancer.
2023-06-22 13:18:15,441 [main] INFO  server.StorageContainerManager (StorageContainerManager.java:<init>(433)) - 
Container Balancer status:
Key                            Value
Running                        false
Container Balancer Configuration values:
Key                                                Value
Threshold                                          10
Max Datanodes to Involve per Iteration(percent)    20
Max Size to Move per Iteration                     500GB
Max Size Entering Target per Iteration             26GB
Max Size Leaving Source per Iteration              26GB

2023-06-22 13:18:15,441 [main] INFO  ha.SCMContext (SCMContext.java:updateSafeModeStatus(228)) - Update SafeModeStatus from SafeModeStatus{safeModeStatus=true, preCheckPassed=false} to SafeModeStatus{safeModeStatus=true, preCheckPassed=false}.
2023-06-22 13:18:15,441 [main] INFO  server.StorageContainerManager (StorageContainerManager.java:start(1487)) - StorageContainerLocationProtocol RPC server is listening at /0.0.0.0:15053
2023-06-22 13:18:15,443 [main] WARN  impl.MetricsConfig (MetricsConfig.java:loadFirst(136)) - Cannot locate configuration: tried hadoop-metrics2-storagecontainermanager.properties,hadoop-metrics2.properties
2023-06-22 13:18:15,449 [main] INFO  impl.MetricsSystemImpl (MetricsSystemImpl.java:startTimer(378)) - Scheduled Metric snapshot period at 10 second(s).
2023-06-22 13:18:15,449 [main] INFO  impl.MetricsSystemImpl (MetricsSystemImpl.java:start(191)) - StorageContainerManager metrics system started
2023-06-22 13:18:15,473 [main] INFO  impl.MetricsSinkAdapter (MetricsSinkAdapter.java:start(204)) - Sink prometheus started
2023-06-22 13:18:15,479 [main] INFO  impl.MetricsSystemImpl (MetricsSystemImpl.java:registerSink(305)) - Registered sink prometheus
2023-06-22 13:18:15,490 [main] INFO  server.SCMClientProtocolServer (SCMClientProtocolServer.java:start(201)) - RPC server for Client  is listening at /0.0.0.0:15053
2023-06-22 13:18:15,490 [IPC Server Responder] INFO  ipc.Server (Server.java:run(1558)) - IPC Server Responder: starting
2023-06-22 13:18:15,490 [IPC Server listener on 15053] INFO  ipc.Server (Server.java:run(1398)) - IPC Server listener on 15053: starting
2023-06-22 13:18:15,492 [main] INFO  server.StorageContainerManager (StorageContainerManager.java:start(1500)) - ScmBlockLocationProtocol RPC server is listening at /0.0.0.0:15054
2023-06-22 13:18:15,492 [main] INFO  server.SCMBlockProtocolServer (SCMBlockProtocolServer.java:start(152)) - RPC server for Block Protocol is listening at /0.0.0.0:15054
2023-06-22 13:18:15,492 [IPC Server Responder] INFO  ipc.Server (Server.java:run(1558)) - IPC Server Responder: starting
2023-06-22 13:18:15,492 [IPC Server listener on 15054] INFO  ipc.Server (Server.java:run(1398)) - IPC Server listener on 15054: starting
2023-06-22 13:18:15,494 [main] INFO  server.SCMDatanodeProtocolServer (SCMDatanodeProtocolServer.java:start(193)) - ScmDatanodeProtocol RPC server for DataNodes is listening at /0.0.0.0:15055
2023-06-22 13:18:15,494 [IPC Server Responder] INFO  ipc.Server (Server.java:run(1558)) - IPC Server Responder: starting
2023-06-22 13:18:15,494 [IPC Server listener on 15055] INFO  ipc.Server (Server.java:run(1398)) - IPC Server listener on 15055: starting
2023-06-22 13:18:15,499 [JvmPauseMonitor7] INFO  util.JvmPauseMonitor (JvmPauseMonitor.java:run(103)) - JvmPauseMonitor-94370e48-0eed-4f3c-bf60-89ec4ced0809: Started
2023-06-22 13:18:15,499 [main] INFO  http.BaseHttpServer (BaseHttpServer.java:newHttpServer2BuilderForOzone(224)) - Starting Web-server for scm at: http://0.0.0.0:15056
2023-06-22 13:18:15,499 [main] INFO  http.BaseHttpServer (BaseHttpServer.java:<init>(111)) - Hadoop Security Enabled: false Ozone Security Enabled: false Ozone HTTP Security Enabled: false 
2023-06-22 13:18:15,501 [main] WARN  server.AuthenticationFilter (AuthenticationFilter.java:constructSecretProvider(240)) - Unable to initialize FileSignerSecretProvider, falling back to use random secrets. Reason: Could not read signature secret file: /home/runner/hadoop-http-auth-signature-secret
2023-06-22 13:18:15,501 [main] INFO  http.HttpRequestLog (HttpRequestLog.java:getRequestLog(86)) - Http request log for http.requests.scm is not defined
2023-06-22 13:18:15,502 [main] INFO  http.HttpServer2 (HttpServer2.java:addGlobalFilter(1031)) - Added global filter 'safety' (class=org.apache.hadoop.hdds.server.http.HttpServer2$QuotingInputFilter)
2023-06-22 13:18:15,503 [main] INFO  http.HttpServer2 (HttpServer2.java:addFilter(1007)) - Added filter static_user_filter (class=org.apache.hadoop.http.lib.StaticUserWebFilter$StaticUserFilter) to context scm
2023-06-22 13:18:15,503 [main] INFO  http.HttpServer2 (HttpServer2.java:addFilter(1015)) - Added filter static_user_filter (class=org.apache.hadoop.http.lib.StaticUserWebFilter$StaticUserFilter) to context logs
2023-06-22 13:18:15,503 [main] INFO  http.HttpServer2 (HttpServer2.java:addFilter(1015)) - Added filter static_user_filter (class=org.apache.hadoop.http.lib.StaticUserWebFilter$StaticUserFilter) to context static
2023-06-22 13:18:15,504 [main] INFO  http.BaseHttpServer (BaseHttpServer.java:<init>(190)) - HTTP server of scm uses base directory /home/runner/work/ozone/ozone/hadoop-ozone/integration-test/target/test-dir/MiniOzoneClusterImpl-f04ff4d6-b670-4e84-9a89-5b4d7edf6ec9/ozone-meta/webserver
2023-06-22 13:18:15,504 [main] INFO  http.HttpServer2 (HttpServer2.java:bindListener(1250)) - Jetty bound to port 15056
2023-06-22 13:18:15,504 [main] INFO  server.Server (Server.java:doStart(375)) - jetty-9.4.51.v20230217; built: 2023-02-17T08:19:37.309Z; git: b45c405e4544384de066f814ed42ae3dceacdd49; jvm 1.8.0_372-b07
2023-06-22 13:18:15,505 [main] INFO  server.session (DefaultSessionIdManager.java:doStart(334)) - DefaultSessionIdManager workerName=node0
2023-06-22 13:18:15,505 [main] INFO  server.session (DefaultSessionIdManager.java:doStart(339)) - No SessionScavenger set, using defaults
2023-06-22 13:18:15,506 [main] INFO  server.session (HouseKeeper.java:startScavenging(132)) - node0 Scavenging every 660000ms
2023-06-22 13:18:15,506 [main] INFO  handler.ContextHandler (ContextHandler.java:doStart(921)) - Started o.e.j.s.ServletContextHandler@248ef0ae{logs,/logs,file:///home/runner/work/ozone/ozone/hadoop-ozone/integration-test/target/log,AVAILABLE}
2023-06-22 13:18:15,507 [main] INFO  handler.ContextHandler (ContextHandler.java:doStart(921)) - Started o.e.j.s.ServletContextHandler@79a38bda{static,/static,file:///home/runner/work/ozone/ozone/hadoop-ozone/integration-test/target/test-classes/webapps/static,AVAILABLE}
2023-06-22 13:18:15,509 [main] INFO  handler.ContextHandler (ContextHandler.java:doStart(921)) - Started o.e.j.w.WebAppContext@19cf1e15{scm,/,file:///home/runner/work/ozone/ozone/hadoop-ozone/integration-test/target/test-classes/webapps/scm/,AVAILABLE}{file:/home/runner/work/ozone/ozone/hadoop-ozone/integration-test/target/test-classes/webapps/scm}
2023-06-22 13:18:15,515 [main] INFO  server.AbstractConnector (AbstractConnector.java:doStart(333)) - Started ServerConnector@3ba5dd55{HTTP/1.1, (http/1.1)}{0.0.0.0:15056}
2023-06-22 13:18:15,515 [main] INFO  server.Server (Server.java:doStart(415)) - Started @90039ms
2023-06-22 13:18:15,515 [main] WARN  impl.MetricsSystemImpl (MetricsSystemImpl.java:register(279)) - Sink prometheus already exists!
2023-06-22 13:18:15,515 [main] INFO  http.BaseHttpServer (BaseHttpServer.java:updateConnectorAddress(344)) - HTTP server of scm listening at http://0.0.0.0:15056
2023-06-22 13:18:15,516 [main] WARN  server.ServerUtils (ServerUtils.java:getDBPath(311)) - ozone.om.db.dirs is not configured. We recommend adding this setting. Falling back to ozone.metadata.dirs instead.
2023-06-22 13:18:15,517 [main] INFO  ha.OMHANodeDetails (OMHANodeDetails.java:loadOMHAConfig(115)) - ozone.om.internal.service.id is not defined, falling back to ozone.om.service.ids to find serviceID for OzoneManager if it is HA enabled cluster
2023-06-22 13:18:15,518 [main] INFO  ha.OMHANodeDetails (OMHANodeDetails.java:loadOMHAConfig(226)) - Configuration does not have ozone.om.address set. Falling back to the default OM address /127.0.0.1:15057
2023-06-22 13:18:15,518 [main] INFO  ha.OMHANodeDetails (OMHANodeDetails.java:getOMNodeDetailsForNonHA(254)) - OM Service ID is not set. Setting it to the default ID: omServiceIdDefault
2023-06-22 13:18:15,518 [main] INFO  ha.OMHANodeDetails (OMHANodeDetails.java:getOMNodeDetailsForNonHA(261)) - OM Node ID is not set. Setting it to the default ID: om1
2023-06-22 13:18:15,518 [main] WARN  server.ServerUtils (ServerUtils.java:getDBPath(311)) - ozone.om.db.dirs is not configured. We recommend adding this setting. Falling back to ozone.metadata.dirs instead.
2023-06-22 13:18:15,519 [main] INFO  upgrade.AbstractLayoutVersionManager (AbstractLayoutVersionManager.java:init(83)) - Initializing Layout version manager with metadata layout = QUOTA (version = 6), software layout = QUOTA (version = 6)
2023-06-22 13:18:15,589 [main] INFO  reflections.Reflections (Reflections.java:scan(232)) - Reflections took 69 ms to scan 2 urls, producing 181 keys and 502 values [using 2 cores]
2023-06-22 13:18:15,590 [main] INFO  upgrade.OMLayoutVersionManager (OMLayoutVersionManager.java:lambda$0(115)) - Skipping Upgrade Action QuotaRepairUpgradeAction since it has been finalized.
2023-06-22 13:18:15,590 [main] INFO  upgrade.OMLayoutVersionManager (OMLayoutVersionManager.java:lambda$0(115)) - Skipping Upgrade Action MockOmUpgradeAction since it has been finalized.
2023-06-22 13:18:15,590 [main] WARN  server.ServerUtils (ServerUtils.java:getDBPath(311)) - ozone.om.db.dirs is not configured. We recommend adding this setting. Falling back to ozone.metadata.dirs instead.
2023-06-22 13:18:15,591 [main] INFO  proxy.SCMBlockLocationFailoverProxyProvider (SCMBlockLocationFailoverProxyProvider.java:<init>(114)) - Created block location fail-over proxy with 1 nodes: [nodeId=scmNodeId,nodeAddress=/0.0.0.0:15054]
2023-06-22 13:18:15,594 [main] INFO  proxy.SCMBlockLocationFailoverProxyProvider (SCMBlockLocationFailoverProxyProvider.java:<init>(114)) - Created block location fail-over proxy with 1 nodes: [nodeId=scmNodeId,nodeAddress=/0.0.0.0:15054]
2023-06-22 13:18:15,600 [main] INFO  om.OzoneManager (OzoneManager.java:<init>(654)) - OM start with adminUsers: [runner]
2023-06-22 13:18:15,601 [main] WARN  server.ServerUtils (ServerUtils.java:getDBPath(311)) - ozone.om.db.dirs is not configured. We recommend adding this setting. Falling back to ozone.metadata.dirs instead.
2023-06-22 13:18:15,601 [main] INFO  helpers.OmKeyInfo (OmKeyInfo.java:getCodec(71)) - OmKeyInfo.getCodec ignorePipeline = true
2023-06-22 13:18:15,788 [main] INFO  om.OzoneManager (OzoneManager.java:instantiateServices(783)) - S3 Multi-Tenancy is disabled
2023-06-22 13:18:15,789 [main] INFO  om.OmSnapshotManager (OmSnapshotManager.java:<init>(177)) - Ozone filesystem snapshot feature is enabled.
2023-06-22 13:18:15,789 [main] WARN  server.ServerUtils (ServerUtils.java:getDBPath(311)) - ozone.om.snapshot.diff.db.dir is not configured. We recommend adding this setting. Falling back to ozone.metadata.dirs instead.
2023-06-22 13:18:15,810 [main] INFO  snapshot.SnapshotDiffManager (SnapshotDiffManager.java:closeExecutorService(1513)) - Shutting down executorService: 'SstDumpToolExecutor'
2023-06-22 13:18:15,811 [main] INFO  om.OzoneManager (OzoneManager.java:addS3GVolumeToDB(4258)) - Created Volume s3v With Owner runner required for S3Gateway operations.
2023-06-22 13:18:15,811 [main] INFO  om.OzoneManager (OzoneManager.java:getRpcServer(1176)) - Creating RPC Server
2023-06-22 13:18:16,206 [main] INFO  reflections.Reflections (Reflections.java:scan(232)) - Reflections took 394 ms to scan 19 urls, producing 69 keys and 5402 values [using 2 cores]
2023-06-22 13:18:16,207 [main] INFO  ipc.CallQueueManager (CallQueueManager.java:<init>(90)) - Using callQueue: class java.util.concurrent.LinkedBlockingQueue, queueCapacity: 2000, scheduler: class org.apache.hadoop.ipc.DefaultRpcScheduler, ipcBackoff: false.
2023-06-22 13:18:16,208 [Socket Reader #1 for port 15057] INFO  ipc.Server (Server.java:run(1319)) - Starting Socket Reader #1 for port 15057
2023-06-22 13:18:16,211 [Listener at 127.0.0.1/15057] INFO  hdds.HddsUtils (HddsUtils.java:preserveThreadName(848)) - Restoring thread name: main
2023-06-22 13:18:16,227 [main] INFO  impl.MetricsSystemImpl (MetricsSystemImpl.java:init(158)) - OzoneManager metrics system started (again)
2023-06-22 13:18:16,237 [main] INFO  om.OzoneManager (OzoneManager.java:start(1606)) - OzoneManager RPC server is listening at localhost/127.0.0.1:15057
2023-06-22 13:18:16,238 [main] INFO  om.OzoneManager (OzoneManager.java:start(1622)) - Version File has different layout version (6) than OM DB (null). That is expected if this OM has never been finalized to a newer layout version.
2023-06-22 13:18:16,246 [main] INFO  http.BaseHttpServer (BaseHttpServer.java:newHttpServer2BuilderForOzone(224)) - Starting Web-server for ozoneManager at: http://0.0.0.0:15058
2023-06-22 13:18:16,246 [main] INFO  http.BaseHttpServer (BaseHttpServer.java:<init>(111)) - Hadoop Security Enabled: false Ozone Security Enabled: false Ozone HTTP Security Enabled: false 
2023-06-22 13:18:16,247 [main] WARN  server.AuthenticationFilter (AuthenticationFilter.java:constructSecretProvider(240)) - Unable to initialize FileSignerSecretProvider, falling back to use random secrets. Reason: Could not read signature secret file: /home/runner/hadoop-http-auth-signature-secret
2023-06-22 13:18:16,249 [main] INFO  http.HttpRequestLog (HttpRequestLog.java:getRequestLog(86)) - Http request log for http.requests.ozoneManager is not defined
2023-06-22 13:18:16,252 [main] INFO  http.HttpServer2 (HttpServer2.java:addGlobalFilter(1031)) - Added global filter 'safety' (class=org.apache.hadoop.hdds.server.http.HttpServer2$QuotingInputFilter)
2023-06-22 13:18:16,252 [main] INFO  http.HttpServer2 (HttpServer2.java:addFilter(1007)) - Added filter static_user_filter (class=org.apache.hadoop.http.lib.StaticUserWebFilter$StaticUserFilter) to context ozoneManager
2023-06-22 13:18:16,253 [main] INFO  http.HttpServer2 (HttpServer2.java:addFilter(1015)) - Added filter static_user_filter (class=org.apache.hadoop.http.lib.StaticUserWebFilter$StaticUserFilter) to context logs
2023-06-22 13:18:16,253 [main] INFO  http.HttpServer2 (HttpServer2.java:addFilter(1015)) - Added filter static_user_filter (class=org.apache.hadoop.http.lib.StaticUserWebFilter$StaticUserFilter) to context static
2023-06-22 13:18:16,253 [main] INFO  http.BaseHttpServer (BaseHttpServer.java:<init>(190)) - HTTP server of ozoneManager uses base directory /home/runner/work/ozone/ozone/hadoop-ozone/integration-test/target/test-dir/MiniOzoneClusterImpl-f04ff4d6-b670-4e84-9a89-5b4d7edf6ec9/ozone-meta/webserver
2023-06-22 13:18:16,255 [main] INFO  http.HttpServer2 (HttpServer2.java:bindListener(1250)) - Jetty bound to port 15058
2023-06-22 13:18:16,255 [main] INFO  server.Server (Server.java:doStart(375)) - jetty-9.4.51.v20230217; built: 2023-02-17T08:19:37.309Z; git: b45c405e4544384de066f814ed42ae3dceacdd49; jvm 1.8.0_372-b07
2023-06-22 13:18:16,256 [main] INFO  server.session (DefaultSessionIdManager.java:doStart(334)) - DefaultSessionIdManager workerName=node0
2023-06-22 13:18:16,256 [main] INFO  server.session (DefaultSessionIdManager.java:doStart(339)) - No SessionScavenger set, using defaults
2023-06-22 13:18:16,256 [main] INFO  server.session (HouseKeeper.java:startScavenging(132)) - node0 Scavenging every 660000ms
2023-06-22 13:18:16,257 [main] INFO  handler.ContextHandler (ContextHandler.java:doStart(921)) - Started o.e.j.s.ServletContextHandler@497d99f8{logs,/logs,file:///home/runner/work/ozone/ozone/hadoop-ozone/integration-test/target/log,AVAILABLE}
2023-06-22 13:18:16,257 [main] INFO  handler.ContextHandler (ContextHandler.java:doStart(921)) - Started o.e.j.s.ServletContextHandler@4106cd1c{static,/static,file:///home/runner/work/ozone/ozone/hadoop-ozone/integration-test/target/test-classes/webapps/static,AVAILABLE}
2023-06-22 13:18:16,261 [main] INFO  handler.ContextHandler (ContextHandler.java:doStart(921)) - Started o.e.j.w.WebAppContext@5e44e188{ozoneManager,/,file:///home/runner/work/ozone/ozone/hadoop-ozone/integration-test/target/test-classes/webapps/ozoneManager/,AVAILABLE}{file:/home/runner/work/ozone/ozone/hadoop-ozone/integration-test/target/test-classes/webapps/ozoneManager}
2023-06-22 13:18:16,262 [main] INFO  server.AbstractConnector (AbstractConnector.java:doStart(333)) - Started ServerConnector@777f0bef{HTTP/1.1, (http/1.1)}{0.0.0.0:15058}
2023-06-22 13:18:16,262 [main] INFO  server.Server (Server.java:doStart(415)) - Started @90787ms
2023-06-22 13:18:16,262 [main] WARN  impl.MetricsSystemImpl (MetricsSystemImpl.java:register(279)) - Sink prometheus already exists!
2023-06-22 13:18:16,263 [main] INFO  http.BaseHttpServer (BaseHttpServer.java:updateConnectorAddress(344)) - HTTP server of ozoneManager listening at http://0.0.0.0:15058
2023-06-22 13:18:16,263 [IPC Server Responder] INFO  ipc.Server (Server.java:run(1558)) - IPC Server Responder: starting
2023-06-22 13:18:16,263 [IPC Server listener on 15057] INFO  ipc.Server (Server.java:run(1398)) - IPC Server listener on 15057: starting
2023-06-22 13:18:16,265 [main] INFO  om.TrashPolicyOzone (TrashPolicyOzone.java:<init>(277)) - Ozone Manager trash configuration: Deletion interval = 0 minutes, Emptier interval = 0 minutes.
2023-06-22 13:18:16,266 [JvmPauseMonitor8] INFO  util.JvmPauseMonitor (JvmPauseMonitor.java:run(103)) - JvmPauseMonitor-c8ed1643-8a1c-4216-99bf-32f227708afd: Started
2023-06-22 13:18:16,290 [main] INFO  impl.MetricsSystemImpl (MetricsSystemImpl.java:init(158)) - HddsDatanode metrics system started (again)
2023-06-22 13:18:16,301 [main] INFO  ozone.HddsDatanodeService (HddsDatanodeService.java:start(257)) - HddsDatanodeService host:fv-az208-208.e0tah0prcmautdldtlfxyeofwf.cx.internal.cloudapp.net ip:10.1.0.30
2023-06-22 13:18:16,332 [main] INFO  upgrade.AbstractLayoutVersionManager (AbstractLayoutVersionManager.java:init(83)) - Initializing Layout version manager with metadata layout = HADOOP_PRC_PORTS_IN_DATANODEDETAILS (version = 7), software layout = HADOOP_PRC_PORTS_IN_DATANODEDETAILS (version = 7)
2023-06-22 13:18:16,334 [main] INFO  statemachine.DatanodeStateMachine (DatanodeStateMachine.java:getEndPointTaskThreadPoolSize(279)) - Datanode State Machine Task Thread Pool size 2
2023-06-22 13:18:16,335 [main] INFO  volume.HddsVolume (HddsVolume.java:<init>(130)) - Creating HddsVolume: /home/runner/work/ozone/ozone/hadoop-ozone/integration-test/target/test-dir/MiniOzoneClusterImpl-f04ff4d6-b670-4e84-9a89-5b4d7edf6ec9/datanode-0/data-0/containers/hdds of storage type : DISK capacity : 9223372036854775807
2023-06-22 13:18:16,335 [main] INFO  volume.MutableVolumeSet (MutableVolumeSet.java:initializeVolumeSet(175)) - Added Volume : /home/runner/work/ozone/ozone/hadoop-ozone/integration-test/target/test-dir/MiniOzoneClusterImpl-f04ff4d6-b670-4e84-9a89-5b4d7edf6ec9/datanode-0/data-0/containers/hdds to VolumeSet
2023-06-22 13:18:16,335 [main] INFO  volume.ThrottledAsyncChecker (ThrottledAsyncChecker.java:schedule(141)) - Scheduling a check for /home/runner/work/ozone/ozone/hadoop-ozone/integration-test/target/test-dir/MiniOzoneClusterImpl-f04ff4d6-b670-4e84-9a89-5b4d7edf6ec9/datanode-0/data-0/containers/hdds
2023-06-22 13:18:16,336 [main] INFO  volume.StorageVolumeChecker (StorageVolumeChecker.java:checkAllVolumes(202)) - Scheduled health check for volume /home/runner/work/ozone/ozone/hadoop-ozone/integration-test/target/test-dir/MiniOzoneClusterImpl-f04ff4d6-b670-4e84-9a89-5b4d7edf6ec9/datanode-0/data-0/containers/hdds
2023-06-22 13:18:16,346 [main] INFO  volume.MutableVolumeSet (MutableVolumeSet.java:initializeVolumeSet(175)) - Added Volume : /home/runner/work/ozone/ozone/hadoop-ozone/integration-test/target/test-dir/MiniOzoneClusterImpl-f04ff4d6-b670-4e84-9a89-5b4d7edf6ec9/datanode-0/data/ratis to VolumeSet
2023-06-22 13:18:16,347 [main] INFO  volume.ThrottledAsyncChecker (ThrottledAsyncChecker.java:schedule(141)) - Scheduling a check for /home/runner/work/ozone/ozone/hadoop-ozone/integration-test/target/test-dir/MiniOzoneClusterImpl-f04ff4d6-b670-4e84-9a89-5b4d7edf6ec9/datanode-0/data/ratis
2023-06-22 13:18:16,347 [main] INFO  volume.StorageVolumeChecker (StorageVolumeChecker.java:checkAllVolumes(202)) - Scheduled health check for volume /home/runner/work/ozone/ozone/hadoop-ozone/integration-test/target/test-dir/MiniOzoneClusterImpl-f04ff4d6-b670-4e84-9a89-5b4d7edf6ec9/datanode-0/data/ratis
2023-06-22 13:18:16,357 [Thread-1714] INFO  ozoneimpl.ContainerReader (ContainerReader.java:readVolume(175)) - Finish verifying containers on volume /home/runner/work/ozone/ozone/hadoop-ozone/integration-test/target/test-dir/MiniOzoneClusterImpl-f04ff4d6-b670-4e84-9a89-5b4d7edf6ec9/datanode-0/data-0/containers/hdds
2023-06-22 13:18:16,358 [main] INFO  ozoneimpl.OzoneContainer (OzoneContainer.java:buildContainerSet(316)) - Build ContainerSet costs 0s
2023-06-22 13:18:16,360 [main] INFO  server.RaftServer (ConfUtils.java:logGet(46)) - raft.rpc.type = GRPC (default)
2023-06-22 13:18:16,360 [main] INFO  grpc.GrpcConfigKeys (ConfUtils.java:logFallback(53)) - raft.grpc.admin.host = null (fallback to raft.grpc.server.host)
2023-06-22 13:18:16,360 [main] INFO  grpc.GrpcConfigKeys (ConfUtils.java:logGet(46)) - raft.grpc.admin.port = 15066 (custom)
2023-06-22 13:18:16,360 [main] INFO  grpc.GrpcConfigKeys (ConfUtils.java:logFallback(53)) - raft.grpc.client.host = null (fallback to raft.grpc.server.host)
2023-06-22 13:18:16,360 [main] INFO  grpc.GrpcConfigKeys (ConfUtils.java:logGet(46)) - raft.grpc.client.port = 15065 (custom)
2023-06-22 13:18:16,360 [main] INFO  grpc.GrpcConfigKeys (ConfUtils.java:logGet(46)) - raft.grpc.server.host = null (default)
2023-06-22 13:18:16,360 [main] INFO  grpc.GrpcConfigKeys (ConfUtils.java:logGet(46)) - raft.grpc.server.port = 15067 (custom)
2023-06-22 13:18:16,361 [main] INFO  server.GrpcService (ConfUtils.java:logGet(46)) - raft.grpc.message.size.max = 32MB (=33554432) (custom)
2023-06-22 13:18:16,361 [main] INFO  server.RaftServerConfigKeys (ConfUtils.java:logGet(46)) - raft.server.log.appender.buffer.byte-limit = 33554432 (custom)
2023-06-22 13:18:16,361 [main] INFO  server.GrpcService (ConfUtils.java:logGet(46)) - raft.grpc.flow.control.window = 5MB (=5242880) (custom)
2023-06-22 13:18:16,361 [main] INFO  server.RaftServerConfigKeys (ConfUtils.java:logGet(46)) - raft.server.rpc.request.timeout = 60s (custom)
2023-06-22 13:18:16,361 [main] INFO  grpc.GrpcConfigKeys (ConfUtils.java:logGet(46)) - raft.grpc.server.heartbeat.channel = true (default)
2023-06-22 13:18:16,361 [main] INFO  grpc.GrpcConfigKeys (ConfUtils.java:logGet(46)) - raft.grpc.server.async.request.thread.pool.cached = true (default)
2023-06-22 13:18:16,361 [main] INFO  grpc.GrpcConfigKeys (ConfUtils.java:logGet(46)) - raft.grpc.server.async.request.thread.pool.size = 32 (default)
2023-06-22 13:18:16,363 [main] INFO  impl.DataStreamServerImpl (ConfUtils.java:logGet(46)) - raft.datastream.type = NETTY (custom)
2023-06-22 13:18:16,363 [main] INFO  server.RaftServerConfigKeys (ConfUtils.java:logGet(46)) - raft.server.data-stream.async.request.thread.pool.cached = false (default)
2023-06-22 13:18:16,363 [main] INFO  server.RaftServerConfigKeys (ConfUtils.java:logGet(46)) - raft.server.data-stream.async.request.thread.pool.size = 20 (custom)
2023-06-22 13:18:16,363 [main] INFO  server.RaftServerConfigKeys (ConfUtils.java:logGet(46)) - raft.server.data-stream.async.write.thread.pool.size = 16 (default)
2023-06-22 13:18:16,363 [main] INFO  server.RaftServerConfigKeys (ConfUtils.java:logGet(46)) - raft.server.data-stream.client.pool.size = 10 (default)
2023-06-22 13:18:16,364 [main] INFO  netty.NettyConfigKeys$DataStream (ConfUtils.java:logGet(46)) - raft.netty.dataStream.server.use-epoll = false (default)
2023-06-22 13:18:16,364 [main] INFO  netty.NettyConfigKeys$DataStream (ConfUtils.java:logGet(46)) - raft.netty.dataStream.server.boss-group.size = 0 (default)
2023-06-22 13:18:16,364 [main] INFO  netty.NettyConfigKeys$DataStream (ConfUtils.java:logGet(46)) - raft.netty.dataStream.server.worker-group.size = 0 (default)
2023-06-22 13:18:16,364 [main] INFO  netty.NettyConfigKeys$DataStream (ConfUtils.java:logGet(46)) - raft.netty.dataStream.server.tls.conf = null (default)
2023-06-22 13:18:16,364 [main] INFO  netty.NettyConfigKeys$DataStream (ConfUtils.java:logGet(46)) - raft.netty.dataStream.host = null (default)
2023-06-22 13:18:16,364 [main] INFO  netty.NettyConfigKeys$DataStream (ConfUtils.java:logGet(46)) - raft.netty.dataStream.port = 15068 (custom)
2023-06-22 13:18:16,365 [main] INFO  server.RaftServerConfigKeys (ConfUtils.java:logGet(46)) - raft.server.threadpool.proxy.cached = true (default)
2023-06-22 13:18:16,365 [main] INFO  server.RaftServerConfigKeys (ConfUtils.java:logGet(46)) - raft.server.threadpool.proxy.size = 0 (default)
2023-06-22 13:18:16,365 [main] INFO  server.RaftServerConfigKeys (ConfUtils.java:logGet(46)) - raft.server.rpc.slowness.timeout = 300s (custom)
2023-06-22 13:18:16,365 [main] INFO  server.RaftServerConfigKeys (ConfUtils.java:logGet(46)) - raft.server.leaderelection.leader.step-down.wait-time = 10s (default)
2023-06-22 13:18:16,365 [main] INFO  server.RaftServerConfigKeys (ConfUtils.java:logGet(46)) - raft.server.storage.dir = [/home/runner/work/ozone/ozone/hadoop-ozone/integration-test/target/test-dir/MiniOzoneClusterImpl-f04ff4d6-b670-4e84-9a89-5b4d7edf6ec9/datanode-0/data/ratis] (custom)
2023-06-22 13:18:16,366 [main] INFO  server.XceiverServerGrpc (XceiverServerGrpc.java:<init>(132)) - GrpcServer channel type EpollServerSocketChannel
2023-06-22 13:18:16,366 [f6e3fb16-2d06-4033-8c03-0f6e278ccaca-NettyServerStreamRpc-bossGroup--thread1] INFO  logging.LoggingHandler (AbstractInternalLogger.java:log(148)) - [id: 0x69923992] REGISTERED
2023-06-22 13:18:16,367 [f6e3fb16-2d06-4033-8c03-0f6e278ccaca-NettyServerStreamRpc-bossGroup--thread1] INFO  logging.LoggingHandler (AbstractInternalLogger.java:log(148)) - [id: 0x69923992] BIND: 0.0.0.0/0.0.0.0:15068
2023-06-22 13:18:16,367 [f6e3fb16-2d06-4033-8c03-0f6e278ccaca-NettyServerStreamRpc-bossGroup--thread1] INFO  logging.LoggingHandler (AbstractInternalLogger.java:log(148)) - [id: 0x69923992, L:/0:0:0:0:0:0:0:0:15068] ACTIVE
2023-06-22 13:18:16,369 [main] INFO  replication.ReplicationSupervisor (ReplicationSupervisor.java:nodeStateUpdated(305)) - Node state updated to IN_SERVICE, scaling executor pool size to 10
2023-06-22 13:18:16,372 [main] INFO  http.BaseHttpServer (BaseHttpServer.java:newHttpServer2BuilderForOzone(224)) - Starting Web-server for hddsDatanode at: http://0.0.0.0:15062
2023-06-22 13:18:16,372 [main] INFO  http.BaseHttpServer (BaseHttpServer.java:<init>(111)) - Hadoop Security Enabled: false Ozone Security Enabled: false Ozone HTTP Security Enabled: false 
2023-06-22 13:18:16,373 [main] WARN  server.AuthenticationFilter (AuthenticationFilter.java:constructSecretProvider(240)) - Unable to initialize FileSignerSecretProvider, falling back to use random secrets. Reason: Could not read signature secret file: /home/runner/hadoop-http-auth-signature-secret
2023-06-22 13:18:16,375 [main] INFO  http.HttpRequestLog (HttpRequestLog.java:getRequestLog(86)) - Http request log for http.requests.hddsDatanode is not defined
2023-06-22 13:18:16,377 [main] INFO  http.HttpServer2 (HttpServer2.java:addGlobalFilter(1031)) - Added global filter 'safety' (class=org.apache.hadoop.hdds.server.http.HttpServer2$QuotingInputFilter)
2023-06-22 13:18:16,378 [main] INFO  http.HttpServer2 (HttpServer2.java:addFilter(1007)) - Added filter static_user_filter (class=org.apache.hadoop.http.lib.StaticUserWebFilter$StaticUserFilter) to context hddsDatanode
2023-06-22 13:18:16,378 [main] INFO  http.HttpServer2 (HttpServer2.java:addFilter(1015)) - Added filter static_user_filter (class=org.apache.hadoop.http.lib.StaticUserWebFilter$StaticUserFilter) to context static
2023-06-22 13:18:16,378 [main] INFO  http.HttpServer2 (HttpServer2.java:addFilter(1015)) - Added filter static_user_filter (class=org.apache.hadoop.http.lib.StaticUserWebFilter$StaticUserFilter) to context logs
2023-06-22 13:18:16,378 [main] INFO  http.BaseHttpServer (BaseHttpServer.java:<init>(190)) - HTTP server of hddsDatanode uses base directory /home/runner/work/ozone/ozone/hadoop-ozone/integration-test/target/test-dir/MiniOzoneClusterImpl-f04ff4d6-b670-4e84-9a89-5b4d7edf6ec9/datanode-0/meta/webserver
2023-06-22 13:18:16,379 [main] INFO  http.HttpServer2 (HttpServer2.java:bindListener(1250)) - Jetty bound to port 15062
2023-06-22 13:18:16,379 [main] INFO  server.Server (Server.java:doStart(375)) - jetty-9.4.51.v20230217; built: 2023-02-17T08:19:37.309Z; git: b45c405e4544384de066f814ed42ae3dceacdd49; jvm 1.8.0_372-b07
2023-06-22 13:18:16,383 [main] INFO  server.session (DefaultSessionIdManager.java:doStart(334)) - DefaultSessionIdManager workerName=node0
2023-06-22 13:18:16,383 [main] INFO  server.session (DefaultSessionIdManager.java:doStart(339)) - No SessionScavenger set, using defaults
2023-06-22 13:18:16,383 [main] INFO  server.session (HouseKeeper.java:startScavenging(132)) - node0 Scavenging every 600000ms
2023-06-22 13:18:16,384 [main] INFO  handler.ContextHandler (ContextHandler.java:doStart(921)) - Started o.e.j.s.ServletContextHandler@b77d72e{logs,/logs,file:///home/runner/work/ozone/ozone/hadoop-ozone/integration-test/target/log,AVAILABLE}
2023-06-22 13:18:16,384 [main] INFO  handler.ContextHandler (ContextHandler.java:doStart(921)) - Started o.e.j.s.ServletContextHandler@2eb12d96{static,/static,jar:file:/home/runner/.m2/repository/org/apache/ozone/hdds-container-service/1.4.0-SNAPSHOT/hdds-container-service-1.4.0-SNAPSHOT.jar!/webapps/static,AVAILABLE}
2023-06-22 13:18:16,591 [main] INFO  handler.ContextHandler (ContextHandler.java:doStart(921)) - Started o.e.j.w.WebAppContext@229686ac{hddsDatanode,/,file:///home/runner/work/ozone/ozone/hadoop-ozone/integration-test/target/test-dir/MiniOzoneClusterImpl-f04ff4d6-b670-4e84-9a89-5b4d7edf6ec9/datanode-0/meta/webserver/jetty-0_0_0_0-15062-hdds-container-service-1_4_0-SNAPSHOT_jar-_-any-4760951151069326221/webapp/,AVAILABLE}{jar:file:/home/runner/.m2/repository/org/apache/ozone/hdds-container-service/1.4.0-SNAPSHOT/hdds-container-service-1.4.0-SNAPSHOT.jar!/webapps/hddsDatanode}
2023-06-22 13:18:16,592 [main] INFO  server.AbstractConnector (AbstractConnector.java:doStart(333)) - Started ServerConnector@58898064{HTTP/1.1, (http/1.1)}{0.0.0.0:15062}
2023-06-22 13:18:16,593 [main] INFO  server.Server (Server.java:doStart(415)) - Started @91117ms
2023-06-22 13:18:16,593 [main] WARN  impl.MetricsSystemImpl (MetricsSystemImpl.java:register(279)) - Sink prometheus already exists!
2023-06-22 13:18:16,593 [main] INFO  http.BaseHttpServer (BaseHttpServer.java:updateConnectorAddress(344)) - HTTP server of hddsDatanode listening at http://0.0.0.0:15062
2023-06-22 13:18:16,594 [main] INFO  ipc.CallQueueManager (CallQueueManager.java:<init>(90)) - Using callQueue: class java.util.concurrent.LinkedBlockingQueue, queueCapacity: 100, scheduler: class org.apache.hadoop.ipc.DefaultRpcScheduler, ipcBackoff: false.
2023-06-22 13:18:16,594 [Socket Reader #1 for port 15063] INFO  ipc.Server (Server.java:run(1319)) - Starting Socket Reader #1 for port 15063
2023-06-22 13:18:16,597 [Listener at 0.0.0.0/15063] INFO  hdds.HddsUtils (HddsUtils.java:preserveThreadName(848)) - Restoring thread name: main
2023-06-22 13:18:16,597 [main] INFO  ozone.HddsDatanodeService (HddsDatanodeService.java:start(335)) - Datanode start with admins: [runner]
2023-06-22 13:18:16,597 [main] INFO  ozone.HddsDatanodeClientProtocolServer (HddsDatanodeClientProtocolServer.java:start(72)) - RPC server for Client /0.0.0.0:15063
2023-06-22 13:18:16,597 [IPC Server Responder] INFO  ipc.Server (Server.java:run(1558)) - IPC Server Responder: starting
2023-06-22 13:18:16,600 [Datanode State Machine Daemon Thread] INFO  statemachine.DatanodeStateMachine (DatanodeStateMachine.java:lambda$startDaemon$0(531)) - Ozone container server started.
2023-06-22 13:18:16,600 [main] WARN  impl.MetricRegistriesImpl (MetricRegistriesImpl.java:addReporterRegistration(111)) - New reporters are added after registries were created. Some metrics will be missing from the reporter. Please add reporter before adding any new registry.
2023-06-22 13:18:16,601 [main] WARN  impl.MetricRegistriesImpl (MetricRegistriesImpl.java:addReporterRegistration(111)) - New reporters are added after registries were created. Some metrics will be missing from the reporter. Please add reporter before adding any new registry.
2023-06-22 13:18:16,601 [main] INFO  impl.MetricsSystemImpl (MetricsSystemImpl.java:init(158)) - HddsDatanode metrics system started (again)
2023-06-22 13:18:16,600 [IPC Server listener on 15063] INFO  ipc.Server (Server.java:run(1398)) - IPC Server listener on 15063: starting
2023-06-22 13:18:16,666 [Datanode State Machine Task Thread - 0] INFO  datanode.InitDatanodeState (InitDatanodeState.java:persistContainerDatanodeDetails(138)) - DatanodeDetails is persisted to /home/runner/work/ozone/ozone/hadoop-ozone/integration-test/target/test-dir/MiniOzoneClusterImpl-f04ff4d6-b670-4e84-9a89-5b4d7edf6ec9/datanode-0/meta/datanode.id
2023-06-22 13:18:16,684 [main] INFO  ozone.HddsDatanodeService (HddsDatanodeService.java:start(257)) - HddsDatanodeService host:fv-az208-208.e0tah0prcmautdldtlfxyeofwf.cx.internal.cloudapp.net ip:10.1.0.30
2023-06-22 13:18:16,704 [main] INFO  upgrade.AbstractLayoutVersionManager (AbstractLayoutVersionManager.java:init(83)) - Initializing Layout version manager with metadata layout = HADOOP_PRC_PORTS_IN_DATANODEDETAILS (version = 7), software layout = HADOOP_PRC_PORTS_IN_DATANODEDETAILS (version = 7)
2023-06-22 13:18:16,704 [main] INFO  statemachine.DatanodeStateMachine (DatanodeStateMachine.java:getEndPointTaskThreadPoolSize(279)) - Datanode State Machine Task Thread Pool size 2
2023-06-22 13:18:16,706 [main] INFO  volume.HddsVolume (HddsVolume.java:<init>(130)) - Creating HddsVolume: /home/runner/work/ozone/ozone/hadoop-ozone/integration-test/target/test-dir/MiniOzoneClusterImpl-f04ff4d6-b670-4e84-9a89-5b4d7edf6ec9/datanode-1/data-0/containers/hdds of storage type : DISK capacity : 9223372036854775807
2023-06-22 13:18:16,706 [main] INFO  volume.MutableVolumeSet (MutableVolumeSet.java:initializeVolumeSet(175)) - Added Volume : /home/runner/work/ozone/ozone/hadoop-ozone/integration-test/target/test-dir/MiniOzoneClusterImpl-f04ff4d6-b670-4e84-9a89-5b4d7edf6ec9/datanode-1/data-0/containers/hdds to VolumeSet
2023-06-22 13:18:16,706 [main] INFO  volume.ThrottledAsyncChecker (ThrottledAsyncChecker.java:schedule(141)) - Scheduling a check for /home/runner/work/ozone/ozone/hadoop-ozone/integration-test/target/test-dir/MiniOzoneClusterImpl-f04ff4d6-b670-4e84-9a89-5b4d7edf6ec9/datanode-1/data-0/containers/hdds
2023-06-22 13:18:16,707 [main] INFO  volume.StorageVolumeChecker (StorageVolumeChecker.java:checkAllVolumes(202)) - Scheduled health check for volume /home/runner/work/ozone/ozone/hadoop-ozone/integration-test/target/test-dir/MiniOzoneClusterImpl-f04ff4d6-b670-4e84-9a89-5b4d7edf6ec9/datanode-1/data-0/containers/hdds
2023-06-22 13:18:16,718 [main] INFO  volume.MutableVolumeSet (MutableVolumeSet.java:initializeVolumeSet(175)) - Added Volume : /home/runner/work/ozone/ozone/hadoop-ozone/integration-test/target/test-dir/MiniOzoneClusterImpl-f04ff4d6-b670-4e84-9a89-5b4d7edf6ec9/datanode-1/data/ratis to VolumeSet
2023-06-22 13:18:16,718 [main] INFO  volume.ThrottledAsyncChecker (ThrottledAsyncChecker.java:schedule(141)) - Scheduling a check for /home/runner/work/ozone/ozone/hadoop-ozone/integration-test/target/test-dir/MiniOzoneClusterImpl-f04ff4d6-b670-4e84-9a89-5b4d7edf6ec9/datanode-1/data/ratis
2023-06-22 13:18:16,718 [main] INFO  volume.StorageVolumeChecker (StorageVolumeChecker.java:checkAllVolumes(202)) - Scheduled health check for volume /home/runner/work/ozone/ozone/hadoop-ozone/integration-test/target/test-dir/MiniOzoneClusterImpl-f04ff4d6-b670-4e84-9a89-5b4d7edf6ec9/datanode-1/data/ratis
2023-06-22 13:18:16,728 [Thread-1731] INFO  ozoneimpl.ContainerReader (ContainerReader.java:readVolume(175)) - Finish verifying containers on volume /home/runner/work/ozone/ozone/hadoop-ozone/integration-test/target/test-dir/MiniOzoneClusterImpl-f04ff4d6-b670-4e84-9a89-5b4d7edf6ec9/datanode-1/data-0/containers/hdds
2023-06-22 13:18:16,728 [main] INFO  ozoneimpl.OzoneContainer (OzoneContainer.java:buildContainerSet(316)) - Build ContainerSet costs 0s
2023-06-22 13:18:16,730 [main] INFO  server.RaftServer (ConfUtils.java:logGet(46)) - raft.rpc.type = GRPC (default)
2023-06-22 13:18:16,730 [main] INFO  grpc.GrpcConfigKeys (ConfUtils.java:logFallback(53)) - raft.grpc.admin.host = null (fallback to raft.grpc.server.host)
2023-06-22 13:18:16,730 [main] INFO  grpc.GrpcConfigKeys (ConfUtils.java:logGet(46)) - raft.grpc.admin.port = 15075 (custom)
2023-06-22 13:18:16,730 [main] INFO  grpc.GrpcConfigKeys (ConfUtils.java:logFallback(53)) - raft.grpc.client.host = null (fallback to raft.grpc.server.host)
2023-06-22 13:18:16,730 [main] INFO  grpc.GrpcConfigKeys (ConfUtils.java:logGet(46)) - raft.grpc.client.port = 15074 (custom)
2023-06-22 13:18:16,730 [main] INFO  grpc.GrpcConfigKeys (ConfUtils.java:logGet(46)) - raft.grpc.server.host = null (default)
2023-06-22 13:18:16,730 [main] INFO  grpc.GrpcConfigKeys (ConfUtils.java:logGet(46)) - raft.grpc.server.port = 15076 (custom)
2023-06-22 13:18:16,730 [main] INFO  server.GrpcService (ConfUtils.java:logGet(46)) - raft.grpc.message.size.max = 32MB (=33554432) (custom)
2023-06-22 13:18:16,731 [main] INFO  server.RaftServerConfigKeys (ConfUtils.java:logGet(46)) - raft.server.log.appender.buffer.byte-limit = 33554432 (custom)
2023-06-22 13:18:16,731 [main] INFO  server.GrpcService (ConfUtils.java:logGet(46)) - raft.grpc.flow.control.window = 5MB (=5242880) (custom)
2023-06-22 13:18:16,731 [main] INFO  server.RaftServerConfigKeys (ConfUtils.java:logGet(46)) - raft.server.rpc.request.timeout = 60s (custom)
2023-06-22 13:18:16,731 [main] INFO  grpc.GrpcConfigKeys (ConfUtils.java:logGet(46)) - raft.grpc.server.heartbeat.channel = true (default)
2023-06-22 13:18:16,731 [main] INFO  grpc.GrpcConfigKeys (ConfUtils.java:logGet(46)) - raft.grpc.server.async.request.thread.pool.cached = true (default)
2023-06-22 13:18:16,731 [main] INFO  grpc.GrpcConfigKeys (ConfUtils.java:logGet(46)) - raft.grpc.server.async.request.thread.pool.size = 32 (default)
2023-06-22 13:18:16,733 [main] INFO  impl.DataStreamServerImpl (ConfUtils.java:logGet(46)) - raft.datastream.type = NETTY (custom)
2023-06-22 13:18:16,733 [main] INFO  server.RaftServerConfigKeys (ConfUtils.java:logGet(46)) - raft.server.data-stream.async.request.thread.pool.cached = false (default)
2023-06-22 13:18:16,733 [main] INFO  server.RaftServerConfigKeys (ConfUtils.java:logGet(46)) - raft.server.data-stream.async.request.thread.pool.size = 20 (custom)
2023-06-22 13:18:16,733 [main] INFO  server.RaftServerConfigKeys (ConfUtils.java:logGet(46)) - raft.server.data-stream.async.write.thread.pool.size = 16 (default)
2023-06-22 13:18:16,733 [main] INFO  server.RaftServerConfigKeys (ConfUtils.java:logGet(46)) - raft.server.data-stream.client.pool.size = 10 (default)
2023-06-22 13:18:16,733 [main] INFO  netty.NettyConfigKeys$DataStream (ConfUtils.java:logGet(46)) - raft.netty.dataStream.server.use-epoll = false (default)
2023-06-22 13:18:16,733 [main] INFO  netty.NettyConfigKeys$DataStream (ConfUtils.java:logGet(46)) - raft.netty.dataStream.server.boss-group.size = 0 (default)
2023-06-22 13:18:16,734 [main] INFO  netty.NettyConfigKeys$DataStream (ConfUtils.java:logGet(46)) - raft.netty.dataStream.server.worker-group.size = 0 (default)
2023-06-22 13:18:16,734 [main] INFO  netty.NettyConfigKeys$DataStream (ConfUtils.java:logGet(46)) - raft.netty.dataStream.server.tls.conf = null (default)
2023-06-22 13:18:16,734 [main] INFO  netty.NettyConfigKeys$DataStream (ConfUtils.java:logGet(46)) - raft.netty.dataStream.host = null (default)
2023-06-22 13:18:16,734 [main] INFO  netty.NettyConfigKeys$DataStream (ConfUtils.java:logGet(46)) - raft.netty.dataStream.port = 15077 (custom)
2023-06-22 13:18:16,734 [main] INFO  server.RaftServerConfigKeys (ConfUtils.java:logGet(46)) - raft.server.threadpool.proxy.cached = true (default)
2023-06-22 13:18:16,734 [main] INFO  server.RaftServerConfigKeys (ConfUtils.java:logGet(46)) - raft.server.threadpool.proxy.size = 0 (default)
2023-06-22 13:18:16,735 [main] INFO  server.RaftServerConfigKeys (ConfUtils.java:logGet(46)) - raft.server.rpc.slowness.timeout = 300s (custom)
2023-06-22 13:18:16,735 [main] INFO  server.RaftServerConfigKeys (ConfUtils.java:logGet(46)) - raft.server.leaderelection.leader.step-down.wait-time = 10s (default)
2023-06-22 13:18:16,735 [2f5d805c-9187-458a-a4cb-1b814143bdc5-NettyServerStreamRpc-bossGroup--thread1] INFO  logging.LoggingHandler (AbstractInternalLogger.java:log(148)) - [id: 0xa4b02121] REGISTERED
2023-06-22 13:18:16,735 [main] INFO  server.RaftServerConfigKeys (ConfUtils.java:logGet(46)) - raft.server.storage.dir = [/home/runner/work/ozone/ozone/hadoop-ozone/integration-test/target/test-dir/MiniOzoneClusterImpl-f04ff4d6-b670-4e84-9a89-5b4d7edf6ec9/datanode-1/data/ratis] (custom)
2023-06-22 13:18:16,735 [2f5d805c-9187-458a-a4cb-1b814143bdc5-NettyServerStreamRpc-bossGroup--thread1] INFO  logging.LoggingHandler (AbstractInternalLogger.java:log(148)) - [id: 0xa4b02121] BIND: 0.0.0.0/0.0.0.0:15077
2023-06-22 13:18:16,735 [2f5d805c-9187-458a-a4cb-1b814143bdc5-NettyServerStreamRpc-bossGroup--thread1] INFO  logging.LoggingHandler (AbstractInternalLogger.java:log(148)) - [id: 0xa4b02121, L:/0:0:0:0:0:0:0:0:15077] ACTIVE
2023-06-22 13:18:16,736 [main] INFO  server.XceiverServerGrpc (XceiverServerGrpc.java:<init>(132)) - GrpcServer channel type EpollServerSocketChannel
2023-06-22 13:18:16,738 [main] INFO  replication.ReplicationSupervisor (ReplicationSupervisor.java:nodeStateUpdated(305)) - Node state updated to IN_SERVICE, scaling executor pool size to 10
2023-06-22 13:18:16,739 [main] INFO  http.BaseHttpServer (BaseHttpServer.java:newHttpServer2BuilderForOzone(224)) - Starting Web-server for hddsDatanode at: http://0.0.0.0:15071
2023-06-22 13:18:16,739 [main] INFO  http.BaseHttpServer (BaseHttpServer.java:<init>(111)) - Hadoop Security Enabled: false Ozone Security Enabled: false Ozone HTTP Security Enabled: false 
2023-06-22 13:18:16,740 [main] WARN  server.AuthenticationFilter (AuthenticationFilter.java:constructSecretProvider(240)) - Unable to initialize FileSignerSecretProvider, falling back to use random secrets. Reason: Could not read signature secret file: /home/runner/hadoop-http-auth-signature-secret
2023-06-22 13:18:16,741 [main] INFO  http.HttpRequestLog (HttpRequestLog.java:getRequestLog(86)) - Http request log for http.requests.hddsDatanode is not defined
2023-06-22 13:18:16,742 [main] INFO  http.HttpServer2 (HttpServer2.java:addGlobalFilter(1031)) - Added global filter 'safety' (class=org.apache.hadoop.hdds.server.http.HttpServer2$QuotingInputFilter)
2023-06-22 13:18:16,742 [main] INFO  http.HttpServer2 (HttpServer2.java:addFilter(1007)) - Added filter static_user_filter (class=org.apache.hadoop.http.lib.StaticUserWebFilter$StaticUserFilter) to context hddsDatanode
2023-06-22 13:18:16,742 [main] INFO  http.HttpServer2 (HttpServer2.java:addFilter(1015)) - Added filter static_user_filter (class=org.apache.hadoop.http.lib.StaticUserWebFilter$StaticUserFilter) to context logs
2023-06-22 13:18:16,742 [main] INFO  http.HttpServer2 (HttpServer2.java:addFilter(1015)) - Added filter static_user_filter (class=org.apache.hadoop.http.lib.StaticUserWebFilter$StaticUserFilter) to context static
2023-06-22 13:18:16,743 [main] INFO  http.BaseHttpServer (BaseHttpServer.java:<init>(190)) - HTTP server of hddsDatanode uses base directory /home/runner/work/ozone/ozone/hadoop-ozone/integration-test/target/test-dir/MiniOzoneClusterImpl-f04ff4d6-b670-4e84-9a89-5b4d7edf6ec9/datanode-1/meta/webserver
2023-06-22 13:18:16,743 [main] INFO  http.HttpServer2 (HttpServer2.java:bindListener(1250)) - Jetty bound to port 15071
2023-06-22 13:18:16,743 [main] INFO  server.Server (Server.java:doStart(375)) - jetty-9.4.51.v20230217; built: 2023-02-17T08:19:37.309Z; git: b45c405e4544384de066f814ed42ae3dceacdd49; jvm 1.8.0_372-b07
2023-06-22 13:18:16,745 [main] INFO  server.session (DefaultSessionIdManager.java:doStart(334)) - DefaultSessionIdManager workerName=node0
2023-06-22 13:18:16,745 [main] INFO  server.session (DefaultSessionIdManager.java:doStart(339)) - No SessionScavenger set, using defaults
2023-06-22 13:18:16,745 [main] INFO  server.session (HouseKeeper.java:startScavenging(132)) - node0 Scavenging every 600000ms
2023-06-22 13:18:16,746 [main] INFO  handler.ContextHandler (ContextHandler.java:doStart(921)) - Started o.e.j.s.ServletContextHandler@340d7d7d{logs,/logs,file:///home/runner/work/ozone/ozone/hadoop-ozone/integration-test/target/log,AVAILABLE}
2023-06-22 13:18:16,746 [main] INFO  handler.ContextHandler (ContextHandler.java:doStart(921)) - Started o.e.j.s.ServletContextHandler@1c5fe9b7{static,/static,jar:file:/home/runner/.m2/repository/org/apache/ozone/hdds-container-service/1.4.0-SNAPSHOT/hdds-container-service-1.4.0-SNAPSHOT.jar!/webapps/static,AVAILABLE}
2023-06-22 13:18:16,950 [main] INFO  handler.ContextHandler (ContextHandler.java:doStart(921)) - Started o.e.j.w.WebAppContext@1f8b6fe3{hddsDatanode,/,file:///home/runner/work/ozone/ozone/hadoop-ozone/integration-test/target/test-dir/MiniOzoneClusterImpl-f04ff4d6-b670-4e84-9a89-5b4d7edf6ec9/datanode-1/meta/webserver/jetty-0_0_0_0-15071-hdds-container-service-1_4_0-SNAPSHOT_jar-_-any-9026917201613281872/webapp/,AVAILABLE}{jar:file:/home/runner/.m2/repository/org/apache/ozone/hdds-container-service/1.4.0-SNAPSHOT/hdds-container-service-1.4.0-SNAPSHOT.jar!/webapps/hddsDatanode}
2023-06-22 13:18:16,953 [main] INFO  server.AbstractConnector (AbstractConnector.java:doStart(333)) - Started ServerConnector@41604b98{HTTP/1.1, (http/1.1)}{0.0.0.0:15071}
2023-06-22 13:18:16,953 [main] INFO  server.Server (Server.java:doStart(415)) - Started @91477ms
2023-06-22 13:18:16,953 [main] WARN  impl.MetricsSystemImpl (MetricsSystemImpl.java:register(279)) - Sink prometheus already exists!
2023-06-22 13:18:16,953 [main] INFO  http.BaseHttpServer (BaseHttpServer.java:updateConnectorAddress(344)) - HTTP server of hddsDatanode listening at http://0.0.0.0:15071
2023-06-22 13:18:16,954 [main] INFO  ipc.CallQueueManager (CallQueueManager.java:<init>(90)) - Using callQueue: class java.util.concurrent.LinkedBlockingQueue, queueCapacity: 100, scheduler: class org.apache.hadoop.ipc.DefaultRpcScheduler, ipcBackoff: false.
2023-06-22 13:18:16,954 [Socket Reader #1 for port 15072] INFO  ipc.Server (Server.java:run(1319)) - Starting Socket Reader #1 for port 15072
2023-06-22 13:18:16,956 [Listener at 0.0.0.0/15072] INFO  hdds.HddsUtils (HddsUtils.java:preserveThreadName(848)) - Restoring thread name: main
2023-06-22 13:18:16,957 [main] INFO  ozone.HddsDatanodeService (HddsDatanodeService.java:start(335)) - Datanode start with admins: [runner]
2023-06-22 13:18:16,957 [main] INFO  ozone.HddsDatanodeClientProtocolServer (HddsDatanodeClientProtocolServer.java:start(72)) - RPC server for Client /0.0.0.0:15072
2023-06-22 13:18:16,957 [IPC Server Responder] INFO  ipc.Server (Server.java:run(1558)) - IPC Server Responder: starting
2023-06-22 13:18:16,960 [IPC Server listener on 15072] INFO  ipc.Server (Server.java:run(1398)) - IPC Server listener on 15072: starting
2023-06-22 13:18:16,964 [main] WARN  impl.MetricRegistriesImpl (MetricRegistriesImpl.java:addReporterRegistration(111)) - New reporters are added after registries were created. Some metrics will be missing from the reporter. Please add reporter before adding any new registry.
2023-06-22 13:18:16,964 [main] WARN  impl.MetricRegistriesImpl (MetricRegistriesImpl.java:addReporterRegistration(111)) - New reporters are added after registries were created. Some metrics will be missing from the reporter. Please add reporter before adding any new registry.
2023-06-22 13:18:16,964 [main] INFO  impl.MetricsSystemImpl (MetricsSystemImpl.java:init(158)) - HddsDatanode metrics system started (again)
2023-06-22 13:18:16,968 [Datanode State Machine Daemon Thread] INFO  statemachine.DatanodeStateMachine (DatanodeStateMachine.java:lambda$startDaemon$0(531)) - Ozone container server started.
2023-06-22 13:18:16,979 [main] INFO  ozone.HddsDatanodeService (HddsDatanodeService.java:start(257)) - HddsDatanodeService host:fv-az208-208.e0tah0prcmautdldtlfxyeofwf.cx.internal.cloudapp.net ip:10.1.0.30
2023-06-22 13:18:16,985 [Datanode State Machine Task Thread - 0] INFO  datanode.InitDatanodeState (InitDatanodeState.java:persistContainerDatanodeDetails(138)) - DatanodeDetails is persisted to /home/runner/work/ozone/ozone/hadoop-ozone/integration-test/target/test-dir/MiniOzoneClusterImpl-f04ff4d6-b670-4e84-9a89-5b4d7edf6ec9/datanode-1/meta/datanode.id
2023-06-22 13:18:16,998 [main] INFO  upgrade.AbstractLayoutVersionManager (AbstractLayoutVersionManager.java:init(83)) - Initializing Layout version manager with metadata layout = HADOOP_PRC_PORTS_IN_DATANODEDETAILS (version = 7), software layout = HADOOP_PRC_PORTS_IN_DATANODEDETAILS (version = 7)
2023-06-22 13:18:16,998 [main] INFO  statemachine.DatanodeStateMachine (DatanodeStateMachine.java:getEndPointTaskThreadPoolSize(279)) - Datanode State Machine Task Thread Pool size 2
2023-06-22 13:18:16,999 [main] INFO  volume.HddsVolume (HddsVolume.java:<init>(130)) - Creating HddsVolume: /home/runner/work/ozone/ozone/hadoop-ozone/integration-test/target/test-dir/MiniOzoneClusterImpl-f04ff4d6-b670-4e84-9a89-5b4d7edf6ec9/datanode-2/data-0/containers/hdds of storage type : DISK capacity : 9223372036854775807
2023-06-22 13:18:17,000 [main] INFO  volume.MutableVolumeSet (MutableVolumeSet.java:initializeVolumeSet(175)) - Added Volume : /home/runner/work/ozone/ozone/hadoop-ozone/integration-test/target/test-dir/MiniOzoneClusterImpl-f04ff4d6-b670-4e84-9a89-5b4d7edf6ec9/datanode-2/data-0/containers/hdds to VolumeSet
2023-06-22 13:18:17,000 [main] INFO  volume.ThrottledAsyncChecker (ThrottledAsyncChecker.java:schedule(141)) - Scheduling a check for /home/runner/work/ozone/ozone/hadoop-ozone/integration-test/target/test-dir/MiniOzoneClusterImpl-f04ff4d6-b670-4e84-9a89-5b4d7edf6ec9/datanode-2/data-0/containers/hdds
2023-06-22 13:18:17,000 [main] INFO  volume.StorageVolumeChecker (StorageVolumeChecker.java:checkAllVolumes(202)) - Scheduled health check for volume /home/runner/work/ozone/ozone/hadoop-ozone/integration-test/target/test-dir/MiniOzoneClusterImpl-f04ff4d6-b670-4e84-9a89-5b4d7edf6ec9/datanode-2/data-0/containers/hdds
2023-06-22 13:18:17,011 [main] INFO  volume.MutableVolumeSet (MutableVolumeSet.java:initializeVolumeSet(175)) - Added Volume : /home/runner/work/ozone/ozone/hadoop-ozone/integration-test/target/test-dir/MiniOzoneClusterImpl-f04ff4d6-b670-4e84-9a89-5b4d7edf6ec9/datanode-2/data/ratis to VolumeSet
2023-06-22 13:18:17,011 [main] INFO  volume.ThrottledAsyncChecker (ThrottledAsyncChecker.java:schedule(141)) - Scheduling a check for /home/runner/work/ozone/ozone/hadoop-ozone/integration-test/target/test-dir/MiniOzoneClusterImpl-f04ff4d6-b670-4e84-9a89-5b4d7edf6ec9/datanode-2/data/ratis
2023-06-22 13:18:17,011 [main] INFO  volume.StorageVolumeChecker (StorageVolumeChecker.java:checkAllVolumes(202)) - Scheduled health check for volume /home/runner/work/ozone/ozone/hadoop-ozone/integration-test/target/test-dir/MiniOzoneClusterImpl-f04ff4d6-b670-4e84-9a89-5b4d7edf6ec9/datanode-2/data/ratis
2023-06-22 13:18:17,022 [Thread-1748] INFO  ozoneimpl.ContainerReader (ContainerReader.java:readVolume(175)) - Finish verifying containers on volume /home/runner/work/ozone/ozone/hadoop-ozone/integration-test/target/test-dir/MiniOzoneClusterImpl-f04ff4d6-b670-4e84-9a89-5b4d7edf6ec9/datanode-2/data-0/containers/hdds
2023-06-22 13:18:17,022 [main] INFO  ozoneimpl.OzoneContainer (OzoneContainer.java:buildContainerSet(316)) - Build ContainerSet costs 0s
2023-06-22 13:18:17,024 [main] INFO  server.RaftServer (ConfUtils.java:logGet(46)) - raft.rpc.type = GRPC (default)
2023-06-22 13:18:17,024 [main] INFO  grpc.GrpcConfigKeys (ConfUtils.java:logFallback(53)) - raft.grpc.admin.host = null (fallback to raft.grpc.server.host)
2023-06-22 13:18:17,024 [main] INFO  grpc.GrpcConfigKeys (ConfUtils.java:logGet(46)) - raft.grpc.admin.port = 15084 (custom)
2023-06-22 13:18:17,024 [main] INFO  grpc.GrpcConfigKeys (ConfUtils.java:logFallback(53)) - raft.grpc.client.host = null (fallback to raft.grpc.server.host)
2023-06-22 13:18:17,024 [main] INFO  grpc.GrpcConfigKeys (ConfUtils.java:logGet(46)) - raft.grpc.client.port = 15083 (custom)
2023-06-22 13:18:17,024 [main] INFO  grpc.GrpcConfigKeys (ConfUtils.java:logGet(46)) - raft.grpc.server.host = null (default)
2023-06-22 13:18:17,024 [main] INFO  grpc.GrpcConfigKeys (ConfUtils.java:logGet(46)) - raft.grpc.server.port = 15085 (custom)
2023-06-22 13:18:17,024 [main] INFO  server.GrpcService (ConfUtils.java:logGet(46)) - raft.grpc.message.size.max = 32MB (=33554432) (custom)
2023-06-22 13:18:17,024 [main] INFO  server.RaftServerConfigKeys (ConfUtils.java:logGet(46)) - raft.server.log.appender.buffer.byte-limit = 33554432 (custom)
2023-06-22 13:18:17,025 [main] INFO  server.GrpcService (ConfUtils.java:logGet(46)) - raft.grpc.flow.control.window = 5MB (=5242880) (custom)
2023-06-22 13:18:17,025 [main] INFO  server.RaftServerConfigKeys (ConfUtils.java:logGet(46)) - raft.server.rpc.request.timeout = 60s (custom)
2023-06-22 13:18:17,025 [main] INFO  grpc.GrpcConfigKeys (ConfUtils.java:logGet(46)) - raft.grpc.server.heartbeat.channel = true (default)
2023-06-22 13:18:17,025 [main] INFO  grpc.GrpcConfigKeys (ConfUtils.java:logGet(46)) - raft.grpc.server.async.request.thread.pool.cached = true (default)
2023-06-22 13:18:17,025 [main] INFO  grpc.GrpcConfigKeys (ConfUtils.java:logGet(46)) - raft.grpc.server.async.request.thread.pool.size = 32 (default)
2023-06-22 13:18:17,027 [main] INFO  impl.DataStreamServerImpl (ConfUtils.java:logGet(46)) - raft.datastream.type = NETTY (custom)
2023-06-22 13:18:17,027 [main] INFO  server.RaftServerConfigKeys (ConfUtils.java:logGet(46)) - raft.server.data-stream.async.request.thread.pool.cached = false (default)
2023-06-22 13:18:17,027 [main] INFO  server.RaftServerConfigKeys (ConfUtils.java:logGet(46)) - raft.server.data-stream.async.request.thread.pool.size = 20 (custom)
2023-06-22 13:18:17,027 [main] INFO  server.RaftServerConfigKeys (ConfUtils.java:logGet(46)) - raft.server.data-stream.async.write.thread.pool.size = 16 (default)
2023-06-22 13:18:17,027 [main] INFO  server.RaftServerConfigKeys (ConfUtils.java:logGet(46)) - raft.server.data-stream.client.pool.size = 10 (default)
2023-06-22 13:18:17,027 [main] INFO  netty.NettyConfigKeys$DataStream (ConfUtils.java:logGet(46)) - raft.netty.dataStream.server.use-epoll = false (default)
2023-06-22 13:18:17,027 [main] INFO  netty.NettyConfigKeys$DataStream (ConfUtils.java:logGet(46)) - raft.netty.dataStream.server.boss-group.size = 0 (default)
2023-06-22 13:18:17,028 [main] INFO  netty.NettyConfigKeys$DataStream (ConfUtils.java:logGet(46)) - raft.netty.dataStream.server.worker-group.size = 0 (default)
2023-06-22 13:18:17,028 [main] INFO  netty.NettyConfigKeys$DataStream (ConfUtils.java:logGet(46)) - raft.netty.dataStream.server.tls.conf = null (default)
2023-06-22 13:18:17,028 [main] INFO  netty.NettyConfigKeys$DataStream (ConfUtils.java:logGet(46)) - raft.netty.dataStream.host = null (default)
2023-06-22 13:18:17,028 [main] INFO  netty.NettyConfigKeys$DataStream (ConfUtils.java:logGet(46)) - raft.netty.dataStream.port = 15086 (custom)
2023-06-22 13:18:17,028 [main] INFO  server.RaftServerConfigKeys (ConfUtils.java:logGet(46)) - raft.server.threadpool.proxy.cached = true (default)
2023-06-22 13:18:17,028 [main] INFO  server.RaftServerConfigKeys (ConfUtils.java:logGet(46)) - raft.server.threadpool.proxy.size = 0 (default)
2023-06-22 13:18:17,028 [main] INFO  server.RaftServerConfigKeys (ConfUtils.java:logGet(46)) - raft.server.rpc.slowness.timeout = 300s (custom)
2023-06-22 13:18:17,029 [f35f0a8c-90e3-4c0e-82f0-ebea9a45f0ef-NettyServerStreamRpc-bossGroup--thread1] INFO  logging.LoggingHandler (AbstractInternalLogger.java:log(148)) - [id: 0x7dffe843] REGISTERED
2023-06-22 13:18:17,029 [main] INFO  server.RaftServerConfigKeys (ConfUtils.java:logGet(46)) - raft.server.leaderelection.leader.step-down.wait-time = 10s (default)
2023-06-22 13:18:17,029 [f35f0a8c-90e3-4c0e-82f0-ebea9a45f0ef-NettyServerStreamRpc-bossGroup--thread1] INFO  logging.LoggingHandler (AbstractInternalLogger.java:log(148)) - [id: 0x7dffe843] BIND: 0.0.0.0/0.0.0.0:15086
2023-06-22 13:18:17,029 [main] INFO  server.RaftServerConfigKeys (ConfUtils.java:logGet(46)) - raft.server.storage.dir = [/home/runner/work/ozone/ozone/hadoop-ozone/integration-test/target/test-dir/MiniOzoneClusterImpl-f04ff4d6-b670-4e84-9a89-5b4d7edf6ec9/datanode-2/data/ratis] (custom)
2023-06-22 13:18:17,029 [f35f0a8c-90e3-4c0e-82f0-ebea9a45f0ef-NettyServerStreamRpc-bossGroup--thread1] INFO  logging.LoggingHandler (AbstractInternalLogger.java:log(148)) - [id: 0x7dffe843, L:/0:0:0:0:0:0:0:0:15086] ACTIVE
2023-06-22 13:18:17,030 [main] INFO  server.XceiverServerGrpc (XceiverServerGrpc.java:<init>(132)) - GrpcServer channel type EpollServerSocketChannel
2023-06-22 13:18:17,031 [main] INFO  replication.ReplicationSupervisor (ReplicationSupervisor.java:nodeStateUpdated(305)) - Node state updated to IN_SERVICE, scaling executor pool size to 10
2023-06-22 13:18:17,033 [main] INFO  http.BaseHttpServer (BaseHttpServer.java:newHttpServer2BuilderForOzone(224)) - Starting Web-server for hddsDatanode at: http://0.0.0.0:15080
2023-06-22 13:18:17,033 [main] INFO  http.BaseHttpServer (BaseHttpServer.java:<init>(111)) - Hadoop Security Enabled: false Ozone Security Enabled: false Ozone HTTP Security Enabled: false 
2023-06-22 13:18:17,034 [main] WARN  server.AuthenticationFilter (AuthenticationFilter.java:constructSecretProvider(240)) - Unable to initialize FileSignerSecretProvider, falling back to use random secrets. Reason: Could not read signature secret file: /home/runner/hadoop-http-auth-signature-secret
2023-06-22 13:18:17,034 [main] INFO  http.HttpRequestLog (HttpRequestLog.java:getRequestLog(86)) - Http request log for http.requests.hddsDatanode is not defined
2023-06-22 13:18:17,035 [main] INFO  http.HttpServer2 (HttpServer2.java:addGlobalFilter(1031)) - Added global filter 'safety' (class=org.apache.hadoop.hdds.server.http.HttpServer2$QuotingInputFilter)
2023-06-22 13:18:17,036 [main] INFO  http.HttpServer2 (HttpServer2.java:addFilter(1007)) - Added filter static_user_filter (class=org.apache.hadoop.http.lib.StaticUserWebFilter$StaticUserFilter) to context hddsDatanode
2023-06-22 13:18:17,036 [main] INFO  http.HttpServer2 (HttpServer2.java:addFilter(1015)) - Added filter static_user_filter (class=org.apache.hadoop.http.lib.StaticUserWebFilter$StaticUserFilter) to context logs
2023-06-22 13:18:17,036 [main] INFO  http.HttpServer2 (HttpServer2.java:addFilter(1015)) - Added filter static_user_filter (class=org.apache.hadoop.http.lib.StaticUserWebFilter$StaticUserFilter) to context static
2023-06-22 13:18:17,036 [main] INFO  http.BaseHttpServer (BaseHttpServer.java:<init>(190)) - HTTP server of hddsDatanode uses base directory /home/runner/work/ozone/ozone/hadoop-ozone/integration-test/target/test-dir/MiniOzoneClusterImpl-f04ff4d6-b670-4e84-9a89-5b4d7edf6ec9/datanode-2/meta/webserver
2023-06-22 13:18:17,036 [main] INFO  http.HttpServer2 (HttpServer2.java:bindListener(1250)) - Jetty bound to port 15080
2023-06-22 13:18:17,037 [main] INFO  server.Server (Server.java:doStart(375)) - jetty-9.4.51.v20230217; built: 2023-02-17T08:19:37.309Z; git: b45c405e4544384de066f814ed42ae3dceacdd49; jvm 1.8.0_372-b07
2023-06-22 13:18:17,037 [main] INFO  server.session (DefaultSessionIdManager.java:doStart(334)) - DefaultSessionIdManager workerName=node0
2023-06-22 13:18:17,038 [main] INFO  server.session (DefaultSessionIdManager.java:doStart(339)) - No SessionScavenger set, using defaults
2023-06-22 13:18:17,038 [main] INFO  server.session (HouseKeeper.java:startScavenging(132)) - node0 Scavenging every 660000ms
2023-06-22 13:18:17,038 [main] INFO  handler.ContextHandler (ContextHandler.java:doStart(921)) - Started o.e.j.s.ServletContextHandler@37caa1a{logs,/logs,file:///home/runner/work/ozone/ozone/hadoop-ozone/integration-test/target/log,AVAILABLE}
2023-06-22 13:18:17,039 [main] INFO  handler.ContextHandler (ContextHandler.java:doStart(921)) - Started o.e.j.s.ServletContextHandler@5b05d6cf{static,/static,jar:file:/home/runner/.m2/repository/org/apache/ozone/hdds-container-service/1.4.0-SNAPSHOT/hdds-container-service-1.4.0-SNAPSHOT.jar!/webapps/static,AVAILABLE}
2023-06-22 13:18:17,239 [main] INFO  handler.ContextHandler (ContextHandler.java:doStart(921)) - Started o.e.j.w.WebAppContext@22e13a44{hddsDatanode,/,file:///home/runner/work/ozone/ozone/hadoop-ozone/integration-test/target/test-dir/MiniOzoneClusterImpl-f04ff4d6-b670-4e84-9a89-5b4d7edf6ec9/datanode-2/meta/webserver/jetty-0_0_0_0-15080-hdds-container-service-1_4_0-SNAPSHOT_jar-_-any-8313138876633244845/webapp/,AVAILABLE}{jar:file:/home/runner/.m2/repository/org/apache/ozone/hdds-container-service/1.4.0-SNAPSHOT/hdds-container-service-1.4.0-SNAPSHOT.jar!/webapps/hddsDatanode}
2023-06-22 13:18:17,241 [main] INFO  server.AbstractConnector (AbstractConnector.java:doStart(333)) - Started ServerConnector@6df705df{HTTP/1.1, (http/1.1)}{0.0.0.0:15080}
2023-06-22 13:18:17,241 [main] INFO  server.Server (Server.java:doStart(415)) - Started @91765ms
2023-06-22 13:18:17,241 [main] WARN  impl.MetricsSystemImpl (MetricsSystemImpl.java:register(279)) - Sink prometheus already exists!
2023-06-22 13:18:17,241 [main] INFO  http.BaseHttpServer (BaseHttpServer.java:updateConnectorAddress(344)) - HTTP server of hddsDatanode listening at http://0.0.0.0:15080
2023-06-22 13:18:17,242 [main] INFO  ipc.CallQueueManager (CallQueueManager.java:<init>(90)) - Using callQueue: class java.util.concurrent.LinkedBlockingQueue, queueCapacity: 100, scheduler: class org.apache.hadoop.ipc.DefaultRpcScheduler, ipcBackoff: false.
2023-06-22 13:18:17,243 [Socket Reader #1 for port 15081] INFO  ipc.Server (Server.java:run(1319)) - Starting Socket Reader #1 for port 15081
2023-06-22 13:18:17,247 [Listener at 0.0.0.0/15081] INFO  hdds.HddsUtils (HddsUtils.java:preserveThreadName(848)) - Restoring thread name: main
2023-06-22 13:18:17,248 [main] INFO  ozone.HddsDatanodeService (HddsDatanodeService.java:start(335)) - Datanode start with admins: [runner]
2023-06-22 13:18:17,248 [main] INFO  ozone.HddsDatanodeClientProtocolServer (HddsDatanodeClientProtocolServer.java:start(72)) - RPC server for Client /0.0.0.0:15081
2023-06-22 13:18:17,248 [IPC Server Responder] INFO  ipc.Server (Server.java:run(1558)) - IPC Server Responder: starting
2023-06-22 13:18:17,249 [main] WARN  impl.MetricRegistriesImpl (MetricRegistriesImpl.java:addReporterRegistration(111)) - New reporters are added after registries were created. Some metrics will be missing from the reporter. Please add reporter before adding any new registry.
2023-06-22 13:18:17,250 [main] WARN  impl.MetricRegistriesImpl (MetricRegistriesImpl.java:addReporterRegistration(111)) - New reporters are added after registries were created. Some metrics will be missing from the reporter. Please add reporter before adding any new registry.
2023-06-22 13:18:17,250 [main] INFO  impl.MetricsSystemImpl (MetricsSystemImpl.java:init(158)) - HddsDatanode metrics system started (again)
2023-06-22 13:18:17,260 [IPC Server listener on 15081] INFO  ipc.Server (Server.java:run(1398)) - IPC Server listener on 15081: starting
2023-06-22 13:18:17,261 [Datanode State Machine Daemon Thread] INFO  statemachine.DatanodeStateMachine (DatanodeStateMachine.java:lambda$startDaemon$0(531)) - Ozone container server started.
2023-06-22 13:18:17,272 [main] INFO  ozone.HddsDatanodeService (HddsDatanodeService.java:start(257)) - HddsDatanodeService host:fv-az208-208.e0tah0prcmautdldtlfxyeofwf.cx.internal.cloudapp.net ip:10.1.0.30
2023-06-22 13:18:17,280 [Datanode State Machine Task Thread - 0] INFO  datanode.InitDatanodeState (InitDatanodeState.java:persistContainerDatanodeDetails(138)) - DatanodeDetails is persisted to /home/runner/work/ozone/ozone/hadoop-ozone/integration-test/target/test-dir/MiniOzoneClusterImpl-f04ff4d6-b670-4e84-9a89-5b4d7edf6ec9/datanode-2/meta/datanode.id
2023-06-22 13:18:17,298 [main] INFO  upgrade.AbstractLayoutVersionManager (AbstractLayoutVersionManager.java:init(83)) - Initializing Layout version manager with metadata layout = HADOOP_PRC_PORTS_IN_DATANODEDETAILS (version = 7), software layout = HADOOP_PRC_PORTS_IN_DATANODEDETAILS (version = 7)
2023-06-22 13:18:17,300 [main] INFO  statemachine.DatanodeStateMachine (DatanodeStateMachine.java:getEndPointTaskThreadPoolSize(279)) - Datanode State Machine Task Thread Pool size 2
2023-06-22 13:18:17,304 [main] INFO  volume.HddsVolume (HddsVolume.java:<init>(130)) - Creating HddsVolume: /home/runner/work/ozone/ozone/hadoop-ozone/integration-test/target/test-dir/MiniOzoneClusterImpl-f04ff4d6-b670-4e84-9a89-5b4d7edf6ec9/datanode-3/data-0/containers/hdds of storage type : DISK capacity : 9223372036854775807
2023-06-22 13:18:17,304 [main] INFO  volume.MutableVolumeSet (MutableVolumeSet.java:initializeVolumeSet(175)) - Added Volume : /home/runner/work/ozone/ozone/hadoop-ozone/integration-test/target/test-dir/MiniOzoneClusterImpl-f04ff4d6-b670-4e84-9a89-5b4d7edf6ec9/datanode-3/data-0/containers/hdds to VolumeSet
2023-06-22 13:18:17,304 [main] INFO  volume.ThrottledAsyncChecker (ThrottledAsyncChecker.java:schedule(141)) - Scheduling a check for /home/runner/work/ozone/ozone/hadoop-ozone/integration-test/target/test-dir/MiniOzoneClusterImpl-f04ff4d6-b670-4e84-9a89-5b4d7edf6ec9/datanode-3/data-0/containers/hdds
2023-06-22 13:18:17,309 [main] INFO  volume.StorageVolumeChecker (StorageVolumeChecker.java:checkAllVolumes(202)) - Scheduled health check for volume /home/runner/work/ozone/ozone/hadoop-ozone/integration-test/target/test-dir/MiniOzoneClusterImpl-f04ff4d6-b670-4e84-9a89-5b4d7edf6ec9/datanode-3/data-0/containers/hdds
2023-06-22 13:18:17,320 [main] INFO  volume.MutableVolumeSet (MutableVolumeSet.java:initializeVolumeSet(175)) - Added Volume : /home/runner/work/ozone/ozone/hadoop-ozone/integration-test/target/test-dir/MiniOzoneClusterImpl-f04ff4d6-b670-4e84-9a89-5b4d7edf6ec9/datanode-3/data/ratis to VolumeSet
2023-06-22 13:18:17,320 [main] INFO  volume.ThrottledAsyncChecker (ThrottledAsyncChecker.java:schedule(141)) - Scheduling a check for /home/runner/work/ozone/ozone/hadoop-ozone/integration-test/target/test-dir/MiniOzoneClusterImpl-f04ff4d6-b670-4e84-9a89-5b4d7edf6ec9/datanode-3/data/ratis
2023-06-22 13:18:17,321 [main] INFO  volume.StorageVolumeChecker (StorageVolumeChecker.java:checkAllVolumes(202)) - Scheduled health check for volume /home/runner/work/ozone/ozone/hadoop-ozone/integration-test/target/test-dir/MiniOzoneClusterImpl-f04ff4d6-b670-4e84-9a89-5b4d7edf6ec9/datanode-3/data/ratis
2023-06-22 13:18:17,331 [Thread-1765] INFO  ozoneimpl.ContainerReader (ContainerReader.java:readVolume(175)) - Finish verifying containers on volume /home/runner/work/ozone/ozone/hadoop-ozone/integration-test/target/test-dir/MiniOzoneClusterImpl-f04ff4d6-b670-4e84-9a89-5b4d7edf6ec9/datanode-3/data-0/containers/hdds
2023-06-22 13:18:17,333 [main] INFO  ozoneimpl.OzoneContainer (OzoneContainer.java:buildContainerSet(316)) - Build ContainerSet costs 0s
2023-06-22 13:18:17,335 [main] INFO  server.RaftServer (ConfUtils.java:logGet(46)) - raft.rpc.type = GRPC (default)
2023-06-22 13:18:17,335 [main] INFO  grpc.GrpcConfigKeys (ConfUtils.java:logFallback(53)) - raft.grpc.admin.host = null (fallback to raft.grpc.server.host)
2023-06-22 13:18:17,335 [main] INFO  grpc.GrpcConfigKeys (ConfUtils.java:logGet(46)) - raft.grpc.admin.port = 15093 (custom)
2023-06-22 13:18:17,335 [main] INFO  grpc.GrpcConfigKeys (ConfUtils.java:logFallback(53)) - raft.grpc.client.host = null (fallback to raft.grpc.server.host)
2023-06-22 13:18:17,335 [main] INFO  grpc.GrpcConfigKeys (ConfUtils.java:logGet(46)) - raft.grpc.client.port = 15092 (custom)
2023-06-22 13:18:17,335 [main] INFO  grpc.GrpcConfigKeys (ConfUtils.java:logGet(46)) - raft.grpc.server.host = null (default)
2023-06-22 13:18:17,335 [main] INFO  grpc.GrpcConfigKeys (ConfUtils.java:logGet(46)) - raft.grpc.server.port = 15094 (custom)
2023-06-22 13:18:17,336 [main] INFO  server.GrpcService (ConfUtils.java:logGet(46)) - raft.grpc.message.size.max = 32MB (=33554432) (custom)
2023-06-22 13:18:17,336 [main] INFO  server.RaftServerConfigKeys (ConfUtils.java:logGet(46)) - raft.server.log.appender.buffer.byte-limit = 33554432 (custom)
2023-06-22 13:18:17,336 [main] INFO  server.GrpcService (ConfUtils.java:logGet(46)) - raft.grpc.flow.control.window = 5MB (=5242880) (custom)
2023-06-22 13:18:17,336 [main] INFO  server.RaftServerConfigKeys (ConfUtils.java:logGet(46)) - raft.server.rpc.request.timeout = 60s (custom)
2023-06-22 13:18:17,336 [main] INFO  grpc.GrpcConfigKeys (ConfUtils.java:logGet(46)) - raft.grpc.server.heartbeat.channel = true (default)
2023-06-22 13:18:17,336 [main] INFO  grpc.GrpcConfigKeys (ConfUtils.java:logGet(46)) - raft.grpc.server.async.request.thread.pool.cached = true (default)
2023-06-22 13:18:17,336 [main] INFO  grpc.GrpcConfigKeys (ConfUtils.java:logGet(46)) - raft.grpc.server.async.request.thread.pool.size = 32 (default)
2023-06-22 13:18:17,338 [main] INFO  impl.DataStreamServerImpl (ConfUtils.java:logGet(46)) - raft.datastream.type = NETTY (custom)
2023-06-22 13:18:17,338 [main] INFO  server.RaftServerConfigKeys (ConfUtils.java:logGet(46)) - raft.server.data-stream.async.request.thread.pool.cached = false (default)
2023-06-22 13:18:17,338 [main] INFO  server.RaftServerConfigKeys (ConfUtils.java:logGet(46)) - raft.server.data-stream.async.request.thread.pool.size = 20 (custom)
2023-06-22 13:18:17,338 [main] INFO  server.RaftServerConfigKeys (ConfUtils.java:logGet(46)) - raft.server.data-stream.async.write.thread.pool.size = 16 (default)
2023-06-22 13:18:17,339 [main] INFO  server.RaftServerConfigKeys (ConfUtils.java:logGet(46)) - raft.server.data-stream.client.pool.size = 10 (default)
2023-06-22 13:18:17,339 [main] INFO  netty.NettyConfigKeys$DataStream (ConfUtils.java:logGet(46)) - raft.netty.dataStream.server.use-epoll = false (default)
2023-06-22 13:18:17,339 [main] INFO  netty.NettyConfigKeys$DataStream (ConfUtils.java:logGet(46)) - raft.netty.dataStream.server.boss-group.size = 0 (default)
2023-06-22 13:18:17,339 [main] INFO  netty.NettyConfigKeys$DataStream (ConfUtils.java:logGet(46)) - raft.netty.dataStream.server.worker-group.size = 0 (default)
2023-06-22 13:18:17,339 [main] INFO  netty.NettyConfigKeys$DataStream (ConfUtils.java:logGet(46)) - raft.netty.dataStream.server.tls.conf = null (default)
2023-06-22 13:18:17,340 [main] INFO  netty.NettyConfigKeys$DataStream (ConfUtils.java:logGet(46)) - raft.netty.dataStream.host = null (default)
2023-06-22 13:18:17,340 [main] INFO  netty.NettyConfigKeys$DataStream (ConfUtils.java:logGet(46)) - raft.netty.dataStream.port = 15095 (custom)
2023-06-22 13:18:17,340 [main] INFO  server.RaftServerConfigKeys (ConfUtils.java:logGet(46)) - raft.server.threadpool.proxy.cached = true (default)
2023-06-22 13:18:17,340 [main] INFO  server.RaftServerConfigKeys (ConfUtils.java:logGet(46)) - raft.server.threadpool.proxy.size = 0 (default)
2023-06-22 13:18:17,340 [main] INFO  server.RaftServerConfigKeys (ConfUtils.java:logGet(46)) - raft.server.rpc.slowness.timeout = 300s (custom)
2023-06-22 13:18:17,340 [48fae9b8-4a64-47c7-9afa-6a245820b276-NettyServerStreamRpc-bossGroup--thread1] INFO  logging.LoggingHandler (AbstractInternalLogger.java:log(148)) - [id: 0x5499026f] REGISTERED
2023-06-22 13:18:17,340 [main] INFO  server.RaftServerConfigKeys (ConfUtils.java:logGet(46)) - raft.server.leaderelection.leader.step-down.wait-time = 10s (default)
2023-06-22 13:18:17,340 [48fae9b8-4a64-47c7-9afa-6a245820b276-NettyServerStreamRpc-bossGroup--thread1] INFO  logging.LoggingHandler (AbstractInternalLogger.java:log(148)) - [id: 0x5499026f] BIND: 0.0.0.0/0.0.0.0:15095
2023-06-22 13:18:17,340 [main] INFO  server.RaftServerConfigKeys (ConfUtils.java:logGet(46)) - raft.server.storage.dir = [/home/runner/work/ozone/ozone/hadoop-ozone/integration-test/target/test-dir/MiniOzoneClusterImpl-f04ff4d6-b670-4e84-9a89-5b4d7edf6ec9/datanode-3/data/ratis] (custom)
2023-06-22 13:18:17,341 [48fae9b8-4a64-47c7-9afa-6a245820b276-NettyServerStreamRpc-bossGroup--thread1] INFO  logging.LoggingHandler (AbstractInternalLogger.java:log(148)) - [id: 0x5499026f, L:/0:0:0:0:0:0:0:0:15095] ACTIVE
2023-06-22 13:18:17,342 [main] INFO  server.XceiverServerGrpc (XceiverServerGrpc.java:<init>(132)) - GrpcServer channel type EpollServerSocketChannel
2023-06-22 13:18:17,343 [main] INFO  replication.ReplicationSupervisor (ReplicationSupervisor.java:nodeStateUpdated(305)) - Node state updated to IN_SERVICE, scaling executor pool size to 10
2023-06-22 13:18:17,345 [main] INFO  http.BaseHttpServer (BaseHttpServer.java:newHttpServer2BuilderForOzone(224)) - Starting Web-server for hddsDatanode at: http://0.0.0.0:15089
2023-06-22 13:18:17,345 [main] INFO  http.BaseHttpServer (BaseHttpServer.java:<init>(111)) - Hadoop Security Enabled: false Ozone Security Enabled: false Ozone HTTP Security Enabled: false 
2023-06-22 13:18:17,346 [main] WARN  server.AuthenticationFilter (AuthenticationFilter.java:constructSecretProvider(240)) - Unable to initialize FileSignerSecretProvider, falling back to use random secrets. Reason: Could not read signature secret file: /home/runner/hadoop-http-auth-signature-secret
2023-06-22 13:18:17,346 [main] INFO  http.HttpRequestLog (HttpRequestLog.java:getRequestLog(86)) - Http request log for http.requests.hddsDatanode is not defined
2023-06-22 13:18:17,348 [main] INFO  http.HttpServer2 (HttpServer2.java:addGlobalFilter(1031)) - Added global filter 'safety' (class=org.apache.hadoop.hdds.server.http.HttpServer2$QuotingInputFilter)
2023-06-22 13:18:17,348 [main] INFO  http.HttpServer2 (HttpServer2.java:addFilter(1007)) - Added filter static_user_filter (class=org.apache.hadoop.http.lib.StaticUserWebFilter$StaticUserFilter) to context hddsDatanode
2023-06-22 13:18:17,348 [main] INFO  http.HttpServer2 (HttpServer2.java:addFilter(1015)) - Added filter static_user_filter (class=org.apache.hadoop.http.lib.StaticUserWebFilter$StaticUserFilter) to context static
2023-06-22 13:18:17,348 [main] INFO  http.HttpServer2 (HttpServer2.java:addFilter(1015)) - Added filter static_user_filter (class=org.apache.hadoop.http.lib.StaticUserWebFilter$StaticUserFilter) to context logs
2023-06-22 13:18:17,349 [main] INFO  http.BaseHttpServer (BaseHttpServer.java:<init>(190)) - HTTP server of hddsDatanode uses base directory /home/runner/work/ozone/ozone/hadoop-ozone/integration-test/target/test-dir/MiniOzoneClusterImpl-f04ff4d6-b670-4e84-9a89-5b4d7edf6ec9/datanode-3/meta/webserver
2023-06-22 13:18:17,349 [main] INFO  http.HttpServer2 (HttpServer2.java:bindListener(1250)) - Jetty bound to port 15089
2023-06-22 13:18:17,349 [main] INFO  server.Server (Server.java:doStart(375)) - jetty-9.4.51.v20230217; built: 2023-02-17T08:19:37.309Z; git: b45c405e4544384de066f814ed42ae3dceacdd49; jvm 1.8.0_372-b07
2023-06-22 13:18:17,356 [main] INFO  server.session (DefaultSessionIdManager.java:doStart(334)) - DefaultSessionIdManager workerName=node0
2023-06-22 13:18:17,356 [main] INFO  server.session (DefaultSessionIdManager.java:doStart(339)) - No SessionScavenger set, using defaults
2023-06-22 13:18:17,356 [main] INFO  server.session (HouseKeeper.java:startScavenging(132)) - node0 Scavenging every 660000ms
2023-06-22 13:18:17,357 [main] INFO  handler.ContextHandler (ContextHandler.java:doStart(921)) - Started o.e.j.s.ServletContextHandler@25401d0b{logs,/logs,file:///home/runner/work/ozone/ozone/hadoop-ozone/integration-test/target/log,AVAILABLE}
2023-06-22 13:18:17,358 [main] INFO  handler.ContextHandler (ContextHandler.java:doStart(921)) - Started o.e.j.s.ServletContextHandler@601e9c19{static,/static,jar:file:/home/runner/.m2/repository/org/apache/ozone/hdds-container-service/1.4.0-SNAPSHOT/hdds-container-service-1.4.0-SNAPSHOT.jar!/webapps/static,AVAILABLE}
2023-06-22 13:18:17,558 [main] INFO  handler.ContextHandler (ContextHandler.java:doStart(921)) - Started o.e.j.w.WebAppContext@6818fb84{hddsDatanode,/,file:///home/runner/work/ozone/ozone/hadoop-ozone/integration-test/target/test-dir/MiniOzoneClusterImpl-f04ff4d6-b670-4e84-9a89-5b4d7edf6ec9/datanode-3/meta/webserver/jetty-0_0_0_0-15089-hdds-container-service-1_4_0-SNAPSHOT_jar-_-any-8998077780231958573/webapp/,AVAILABLE}{jar:file:/home/runner/.m2/repository/org/apache/ozone/hdds-container-service/1.4.0-SNAPSHOT/hdds-container-service-1.4.0-SNAPSHOT.jar!/webapps/hddsDatanode}
2023-06-22 13:18:17,560 [main] INFO  server.AbstractConnector (AbstractConnector.java:doStart(333)) - Started ServerConnector@7980c663{HTTP/1.1, (http/1.1)}{0.0.0.0:15089}
2023-06-22 13:18:17,560 [main] INFO  server.Server (Server.java:doStart(415)) - Started @92085ms
2023-06-22 13:18:17,560 [main] WARN  impl.MetricsSystemImpl (MetricsSystemImpl.java:register(279)) - Sink prometheus already exists!
2023-06-22 13:18:17,561 [main] INFO  http.BaseHttpServer (BaseHttpServer.java:updateConnectorAddress(344)) - HTTP server of hddsDatanode listening at http://0.0.0.0:15089
2023-06-22 13:18:17,561 [main] INFO  ipc.CallQueueManager (CallQueueManager.java:<init>(90)) - Using callQueue: class java.util.concurrent.LinkedBlockingQueue, queueCapacity: 100, scheduler: class org.apache.hadoop.ipc.DefaultRpcScheduler, ipcBackoff: false.
2023-06-22 13:18:17,562 [Socket Reader #1 for port 15090] INFO  ipc.Server (Server.java:run(1319)) - Starting Socket Reader #1 for port 15090
2023-06-22 13:18:17,563 [Listener at 0.0.0.0/15090] INFO  hdds.HddsUtils (HddsUtils.java:preserveThreadName(848)) - Restoring thread name: main
2023-06-22 13:18:17,563 [main] INFO  ozone.HddsDatanodeService (HddsDatanodeService.java:start(335)) - Datanode start with admins: [runner]
2023-06-22 13:18:17,563 [main] INFO  ozone.HddsDatanodeClientProtocolServer (HddsDatanodeClientProtocolServer.java:start(72)) - RPC server for Client /0.0.0.0:15090
2023-06-22 13:18:17,568 [Datanode State Machine Daemon Thread] INFO  statemachine.DatanodeStateMachine (DatanodeStateMachine.java:lambda$startDaemon$0(531)) - Ozone container server started.
2023-06-22 13:18:17,568 [main] WARN  impl.MetricRegistriesImpl (MetricRegistriesImpl.java:addReporterRegistration(111)) - New reporters are added after registries were created. Some metrics will be missing from the reporter. Please add reporter before adding any new registry.
2023-06-22 13:18:17,569 [main] WARN  impl.MetricRegistriesImpl (MetricRegistriesImpl.java:addReporterRegistration(111)) - New reporters are added after registries were created. Some metrics will be missing from the reporter. Please add reporter before adding any new registry.
2023-06-22 13:18:17,569 [main] INFO  impl.MetricsSystemImpl (MetricsSystemImpl.java:init(158)) - HddsDatanode metrics system started (again)
2023-06-22 13:18:17,571 [IPC Server Responder] INFO  ipc.Server (Server.java:run(1558)) - IPC Server Responder: starting
2023-06-22 13:18:17,569 [IPC Server listener on 15090] INFO  ipc.Server (Server.java:run(1398)) - IPC Server listener on 15090: starting
2023-06-22 13:18:17,585 [Datanode State Machine Task Thread - 0] INFO  datanode.InitDatanodeState (InitDatanodeState.java:persistContainerDatanodeDetails(138)) - DatanodeDetails is persisted to /home/runner/work/ozone/ozone/hadoop-ozone/integration-test/target/test-dir/MiniOzoneClusterImpl-f04ff4d6-b670-4e84-9a89-5b4d7edf6ec9/datanode-3/meta/datanode.id
2023-06-22 13:18:17,586 [main] INFO  ozone.HddsDatanodeService (HddsDatanodeService.java:start(257)) - HddsDatanodeService host:fv-az208-208.e0tah0prcmautdldtlfxyeofwf.cx.internal.cloudapp.net ip:10.1.0.30
2023-06-22 13:18:17,608 [main] INFO  upgrade.AbstractLayoutVersionManager (AbstractLayoutVersionManager.java:init(83)) - Initializing Layout version manager with metadata layout = HADOOP_PRC_PORTS_IN_DATANODEDETAILS (version = 7), software layout = HADOOP_PRC_PORTS_IN_DATANODEDETAILS (version = 7)
2023-06-22 13:18:17,608 [main] INFO  statemachine.DatanodeStateMachine (DatanodeStateMachine.java:getEndPointTaskThreadPoolSize(279)) - Datanode State Machine Task Thread Pool size 2
2023-06-22 13:18:17,609 [main] INFO  volume.HddsVolume (HddsVolume.java:<init>(130)) - Creating HddsVolume: /home/runner/work/ozone/ozone/hadoop-ozone/integration-test/target/test-dir/MiniOzoneClusterImpl-f04ff4d6-b670-4e84-9a89-5b4d7edf6ec9/datanode-4/data-0/containers/hdds of storage type : DISK capacity : 9223372036854775807
2023-06-22 13:18:17,610 [main] INFO  volume.MutableVolumeSet (MutableVolumeSet.java:initializeVolumeSet(175)) - Added Volume : /home/runner/work/ozone/ozone/hadoop-ozone/integration-test/target/test-dir/MiniOzoneClusterImpl-f04ff4d6-b670-4e84-9a89-5b4d7edf6ec9/datanode-4/data-0/containers/hdds to VolumeSet
2023-06-22 13:18:17,610 [main] INFO  volume.ThrottledAsyncChecker (ThrottledAsyncChecker.java:schedule(141)) - Scheduling a check for /home/runner/work/ozone/ozone/hadoop-ozone/integration-test/target/test-dir/MiniOzoneClusterImpl-f04ff4d6-b670-4e84-9a89-5b4d7edf6ec9/datanode-4/data-0/containers/hdds
2023-06-22 13:18:17,610 [main] INFO  volume.StorageVolumeChecker (StorageVolumeChecker.java:checkAllVolumes(202)) - Scheduled health check for volume /home/runner/work/ozone/ozone/hadoop-ozone/integration-test/target/test-dir/MiniOzoneClusterImpl-f04ff4d6-b670-4e84-9a89-5b4d7edf6ec9/datanode-4/data-0/containers/hdds
2023-06-22 13:18:17,622 [main] INFO  volume.MutableVolumeSet (MutableVolumeSet.java:initializeVolumeSet(175)) - Added Volume : /home/runner/work/ozone/ozone/hadoop-ozone/integration-test/target/test-dir/MiniOzoneClusterImpl-f04ff4d6-b670-4e84-9a89-5b4d7edf6ec9/datanode-4/data/ratis to VolumeSet
2023-06-22 13:18:17,622 [main] INFO  volume.ThrottledAsyncChecker (ThrottledAsyncChecker.java:schedule(141)) - Scheduling a check for /home/runner/work/ozone/ozone/hadoop-ozone/integration-test/target/test-dir/MiniOzoneClusterImpl-f04ff4d6-b670-4e84-9a89-5b4d7edf6ec9/datanode-4/data/ratis
2023-06-22 13:18:17,622 [main] INFO  volume.StorageVolumeChecker (StorageVolumeChecker.java:checkAllVolumes(202)) - Scheduled health check for volume /home/runner/work/ozone/ozone/hadoop-ozone/integration-test/target/test-dir/MiniOzoneClusterImpl-f04ff4d6-b670-4e84-9a89-5b4d7edf6ec9/datanode-4/data/ratis
2023-06-22 13:18:17,633 [Thread-1782] INFO  ozoneimpl.ContainerReader (ContainerReader.java:readVolume(175)) - Finish verifying containers on volume /home/runner/work/ozone/ozone/hadoop-ozone/integration-test/target/test-dir/MiniOzoneClusterImpl-f04ff4d6-b670-4e84-9a89-5b4d7edf6ec9/datanode-4/data-0/containers/hdds
2023-06-22 13:18:17,633 [main] INFO  ozoneimpl.OzoneContainer (OzoneContainer.java:buildContainerSet(316)) - Build ContainerSet costs 0s
2023-06-22 13:18:17,635 [main] INFO  server.RaftServer (ConfUtils.java:logGet(46)) - raft.rpc.type = GRPC (default)
2023-06-22 13:18:17,635 [main] INFO  grpc.GrpcConfigKeys (ConfUtils.java:logFallback(53)) - raft.grpc.admin.host = null (fallback to raft.grpc.server.host)
2023-06-22 13:18:17,635 [main] INFO  grpc.GrpcConfigKeys (ConfUtils.java:logGet(46)) - raft.grpc.admin.port = 15102 (custom)
2023-06-22 13:18:17,636 [main] INFO  grpc.GrpcConfigKeys (ConfUtils.java:logFallback(53)) - raft.grpc.client.host = null (fallback to raft.grpc.server.host)
2023-06-22 13:18:17,636 [main] INFO  grpc.GrpcConfigKeys (ConfUtils.java:logGet(46)) - raft.grpc.client.port = 15101 (custom)
2023-06-22 13:18:17,636 [main] INFO  grpc.GrpcConfigKeys (ConfUtils.java:logGet(46)) - raft.grpc.server.host = null (default)
2023-06-22 13:18:17,636 [main] INFO  grpc.GrpcConfigKeys (ConfUtils.java:logGet(46)) - raft.grpc.server.port = 15103 (custom)
2023-06-22 13:18:17,636 [main] INFO  server.GrpcService (ConfUtils.java:logGet(46)) - raft.grpc.message.size.max = 32MB (=33554432) (custom)
2023-06-22 13:18:17,636 [main] INFO  server.RaftServerConfigKeys (ConfUtils.java:logGet(46)) - raft.server.log.appender.buffer.byte-limit = 33554432 (custom)
2023-06-22 13:18:17,636 [main] INFO  server.GrpcService (ConfUtils.java:logGet(46)) - raft.grpc.flow.control.window = 5MB (=5242880) (custom)
2023-06-22 13:18:17,636 [main] INFO  server.RaftServerConfigKeys (ConfUtils.java:logGet(46)) - raft.server.rpc.request.timeout = 60s (custom)
2023-06-22 13:18:17,636 [main] INFO  grpc.GrpcConfigKeys (ConfUtils.java:logGet(46)) - raft.grpc.server.heartbeat.channel = true (default)
2023-06-22 13:18:17,636 [main] INFO  grpc.GrpcConfigKeys (ConfUtils.java:logGet(46)) - raft.grpc.server.async.request.thread.pool.cached = true (default)
2023-06-22 13:18:17,637 [main] INFO  grpc.GrpcConfigKeys (ConfUtils.java:logGet(46)) - raft.grpc.server.async.request.thread.pool.size = 32 (default)
2023-06-22 13:18:17,639 [main] INFO  impl.DataStreamServerImpl (ConfUtils.java:logGet(46)) - raft.datastream.type = NETTY (custom)
2023-06-22 13:18:17,639 [main] INFO  server.RaftServerConfigKeys (ConfUtils.java:logGet(46)) - raft.server.data-stream.async.request.thread.pool.cached = false (default)
2023-06-22 13:18:17,639 [main] INFO  server.RaftServerConfigKeys (ConfUtils.java:logGet(46)) - raft.server.data-stream.async.request.thread.pool.size = 20 (custom)
2023-06-22 13:18:17,639 [main] INFO  server.RaftServerConfigKeys (ConfUtils.java:logGet(46)) - raft.server.data-stream.async.write.thread.pool.size = 16 (default)
2023-06-22 13:18:17,639 [main] INFO  server.RaftServerConfigKeys (ConfUtils.java:logGet(46)) - raft.server.data-stream.client.pool.size = 10 (default)
2023-06-22 13:18:17,639 [main] INFO  netty.NettyConfigKeys$DataStream (ConfUtils.java:logGet(46)) - raft.netty.dataStream.server.use-epoll = false (default)
2023-06-22 13:18:17,639 [main] INFO  netty.NettyConfigKeys$DataStream (ConfUtils.java:logGet(46)) - raft.netty.dataStream.server.boss-group.size = 0 (default)
2023-06-22 13:18:17,640 [main] INFO  netty.NettyConfigKeys$DataStream (ConfUtils.java:logGet(46)) - raft.netty.dataStream.server.worker-group.size = 0 (default)
2023-06-22 13:18:17,641 [main] INFO  netty.NettyConfigKeys$DataStream (ConfUtils.java:logGet(46)) - raft.netty.dataStream.server.tls.conf = null (default)
2023-06-22 13:18:17,641 [main] INFO  netty.NettyConfigKeys$DataStream (ConfUtils.java:logGet(46)) - raft.netty.dataStream.host = null (default)
2023-06-22 13:18:17,641 [main] INFO  netty.NettyConfigKeys$DataStream (ConfUtils.java:logGet(46)) - raft.netty.dataStream.port = 15104 (custom)
2023-06-22 13:18:17,641 [main] INFO  server.RaftServerConfigKeys (ConfUtils.java:logGet(46)) - raft.server.threadpool.proxy.cached = true (default)
2023-06-22 13:18:17,641 [main] INFO  server.RaftServerConfigKeys (ConfUtils.java:logGet(46)) - raft.server.threadpool.proxy.size = 0 (default)
2023-06-22 13:18:17,641 [main] INFO  server.RaftServerConfigKeys (ConfUtils.java:logGet(46)) - raft.server.rpc.slowness.timeout = 300s (custom)
2023-06-22 13:18:17,641 [main] INFO  server.RaftServerConfigKeys (ConfUtils.java:logGet(46)) - raft.server.leaderelection.leader.step-down.wait-time = 10s (default)
2023-06-22 13:18:17,642 [main] INFO  server.RaftServerConfigKeys (ConfUtils.java:logGet(46)) - raft.server.storage.dir = [/home/runner/work/ozone/ozone/hadoop-ozone/integration-test/target/test-dir/MiniOzoneClusterImpl-f04ff4d6-b670-4e84-9a89-5b4d7edf6ec9/datanode-4/data/ratis] (custom)
2023-06-22 13:18:17,642 [2d8cad12-2e65-4624-85ce-d7a0d9018b77-NettyServerStreamRpc-bossGroup--thread1] INFO  logging.LoggingHandler (AbstractInternalLogger.java:log(148)) - [id: 0x79e2249a] REGISTERED
2023-06-22 13:18:17,642 [2d8cad12-2e65-4624-85ce-d7a0d9018b77-NettyServerStreamRpc-bossGroup--thread1] INFO  logging.LoggingHandler (AbstractInternalLogger.java:log(148)) - [id: 0x79e2249a] BIND: 0.0.0.0/0.0.0.0:15104
2023-06-22 13:18:17,642 [2d8cad12-2e65-4624-85ce-d7a0d9018b77-NettyServerStreamRpc-bossGroup--thread1] INFO  logging.LoggingHandler (AbstractInternalLogger.java:log(148)) - [id: 0x79e2249a, L:/0:0:0:0:0:0:0:0:15104] ACTIVE
2023-06-22 13:18:17,644 [main] INFO  server.XceiverServerGrpc (XceiverServerGrpc.java:<init>(132)) - GrpcServer channel type EpollServerSocketChannel
2023-06-22 13:18:17,645 [main] INFO  replication.ReplicationSupervisor (ReplicationSupervisor.java:nodeStateUpdated(305)) - Node state updated to IN_SERVICE, scaling executor pool size to 10
2023-06-22 13:18:17,648 [main] INFO  http.BaseHttpServer (BaseHttpServer.java:newHttpServer2BuilderForOzone(224)) - Starting Web-server for hddsDatanode at: http://0.0.0.0:15098
2023-06-22 13:18:17,648 [main] INFO  http.BaseHttpServer (BaseHttpServer.java:<init>(111)) - Hadoop Security Enabled: false Ozone Security Enabled: false Ozone HTTP Security Enabled: false 
2023-06-22 13:18:17,649 [main] WARN  server.AuthenticationFilter (AuthenticationFilter.java:constructSecretProvider(240)) - Unable to initialize FileSignerSecretProvider, falling back to use random secrets. Reason: Could not read signature secret file: /home/runner/hadoop-http-auth-signature-secret
2023-06-22 13:18:17,650 [main] INFO  http.HttpRequestLog (HttpRequestLog.java:getRequestLog(86)) - Http request log for http.requests.hddsDatanode is not defined
2023-06-22 13:18:17,651 [main] INFO  http.HttpServer2 (HttpServer2.java:addGlobalFilter(1031)) - Added global filter 'safety' (class=org.apache.hadoop.hdds.server.http.HttpServer2$QuotingInputFilter)
2023-06-22 13:18:17,652 [main] INFO  http.HttpServer2 (HttpServer2.java:addFilter(1007)) - Added filter static_user_filter (class=org.apache.hadoop.http.lib.StaticUserWebFilter$StaticUserFilter) to context hddsDatanode
2023-06-22 13:18:17,652 [main] INFO  http.HttpServer2 (HttpServer2.java:addFilter(1015)) - Added filter static_user_filter (class=org.apache.hadoop.http.lib.StaticUserWebFilter$StaticUserFilter) to context logs
2023-06-22 13:18:17,652 [main] INFO  http.HttpServer2 (HttpServer2.java:addFilter(1015)) - Added filter static_user_filter (class=org.apache.hadoop.http.lib.StaticUserWebFilter$StaticUserFilter) to context static
2023-06-22 13:18:17,653 [main] INFO  http.BaseHttpServer (BaseHttpServer.java:<init>(190)) - HTTP server of hddsDatanode uses base directory /home/runner/work/ozone/ozone/hadoop-ozone/integration-test/target/test-dir/MiniOzoneClusterImpl-f04ff4d6-b670-4e84-9a89-5b4d7edf6ec9/datanode-4/meta/webserver
2023-06-22 13:18:17,653 [main] INFO  http.HttpServer2 (HttpServer2.java:bindListener(1250)) - Jetty bound to port 15098
2023-06-22 13:18:17,653 [main] INFO  server.Server (Server.java:doStart(375)) - jetty-9.4.51.v20230217; built: 2023-02-17T08:19:37.309Z; git: b45c405e4544384de066f814ed42ae3dceacdd49; jvm 1.8.0_372-b07
2023-06-22 13:18:17,656 [main] INFO  server.session (DefaultSessionIdManager.java:doStart(334)) - DefaultSessionIdManager workerName=node0
2023-06-22 13:18:17,656 [main] INFO  server.session (DefaultSessionIdManager.java:doStart(339)) - No SessionScavenger set, using defaults
2023-06-22 13:18:17,656 [main] INFO  server.session (HouseKeeper.java:startScavenging(132)) - node0 Scavenging every 660000ms
2023-06-22 13:18:17,656 [main] INFO  handler.ContextHandler (ContextHandler.java:doStart(921)) - Started o.e.j.s.ServletContextHandler@2a9a36d1{logs,/logs,file:///home/runner/work/ozone/ozone/hadoop-ozone/integration-test/target/log,AVAILABLE}
2023-06-22 13:18:17,657 [main] INFO  handler.ContextHandler (ContextHandler.java:doStart(921)) - Started o.e.j.s.ServletContextHandler@4372cb9c{static,/static,jar:file:/home/runner/.m2/repository/org/apache/ozone/hdds-container-service/1.4.0-SNAPSHOT/hdds-container-service-1.4.0-SNAPSHOT.jar!/webapps/static,AVAILABLE}
2023-06-22 13:18:17,858 [main] INFO  handler.ContextHandler (ContextHandler.java:doStart(921)) - Started o.e.j.w.WebAppContext@3ff252{hddsDatanode,/,file:///home/runner/work/ozone/ozone/hadoop-ozone/integration-test/target/test-dir/MiniOzoneClusterImpl-f04ff4d6-b670-4e84-9a89-5b4d7edf6ec9/datanode-4/meta/webserver/jetty-0_0_0_0-15098-hdds-container-service-1_4_0-SNAPSHOT_jar-_-any-4948995347259645705/webapp/,AVAILABLE}{jar:file:/home/runner/.m2/repository/org/apache/ozone/hdds-container-service/1.4.0-SNAPSHOT/hdds-container-service-1.4.0-SNAPSHOT.jar!/webapps/hddsDatanode}
2023-06-22 13:18:17,859 [main] INFO  server.AbstractConnector (AbstractConnector.java:doStart(333)) - Started ServerConnector@b99dcd3{HTTP/1.1, (http/1.1)}{0.0.0.0:15098}
2023-06-22 13:18:17,859 [main] INFO  server.Server (Server.java:doStart(415)) - Started @92383ms
2023-06-22 13:18:17,859 [main] WARN  impl.MetricsSystemImpl (MetricsSystemImpl.java:register(279)) - Sink prometheus already exists!
2023-06-22 13:18:17,860 [main] INFO  http.BaseHttpServer (BaseHttpServer.java:updateConnectorAddress(344)) - HTTP server of hddsDatanode listening at http://0.0.0.0:15098
2023-06-22 13:18:17,860 [main] INFO  ipc.CallQueueManager (CallQueueManager.java:<init>(90)) - Using callQueue: class java.util.concurrent.LinkedBlockingQueue, queueCapacity: 100, scheduler: class org.apache.hadoop.ipc.DefaultRpcScheduler, ipcBackoff: false.
2023-06-22 13:18:17,861 [Socket Reader #1 for port 15099] INFO  ipc.Server (Server.java:run(1319)) - Starting Socket Reader #1 for port 15099
2023-06-22 13:18:17,863 [Listener at 0.0.0.0/15099] INFO  hdds.HddsUtils (HddsUtils.java:preserveThreadName(848)) - Restoring thread name: main
2023-06-22 13:18:17,863 [main] INFO  ozone.HddsDatanodeService (HddsDatanodeService.java:start(335)) - Datanode start with admins: [runner]
2023-06-22 13:18:17,863 [main] INFO  ozone.HddsDatanodeClientProtocolServer (HddsDatanodeClientProtocolServer.java:start(72)) - RPC server for Client /0.0.0.0:15099
2023-06-22 13:18:17,864 [IPC Server Responder] INFO  ipc.Server (Server.java:run(1558)) - IPC Server Responder: starting
2023-06-22 13:18:17,864 [Datanode State Machine Daemon Thread] INFO  statemachine.DatanodeStateMachine (DatanodeStateMachine.java:lambda$startDaemon$0(531)) - Ozone container server started.
2023-06-22 13:18:17,865 [main] INFO  ozone.MiniOzoneClusterImpl (MiniOzoneClusterImpl.java:lambda$waitForClusterToBeReady$0(224)) - Waiting for nodes to be ready. Got 0 of 5 DN Heartbeats.
2023-06-22 13:18:17,867 [main] INFO  ozone.MiniOzoneClusterImpl (MiniOzoneClusterImpl.java:lambda$waitForClusterToBeReady$0(227)) - Waiting for cluster to exit safe mode
2023-06-22 13:18:17,867 [main] INFO  ozone.MiniOzoneClusterImpl (MiniOzoneClusterImpl.java:lambda$waitForClusterToBeReady$0(229)) - SCM became leader
2023-06-22 13:18:17,868 [IPC Server listener on 15099] INFO  ipc.Server (Server.java:run(1398)) - IPC Server listener on 15099: starting
2023-06-22 13:18:17,873 [Datanode State Machine Task Thread - 0] INFO  datanode.InitDatanodeState (InitDatanodeState.java:persistContainerDatanodeDetails(138)) - DatanodeDetails is persisted to /home/runner/work/ozone/ozone/hadoop-ozone/integration-test/target/test-dir/MiniOzoneClusterImpl-f04ff4d6-b670-4e84-9a89-5b4d7edf6ec9/datanode-4/meta/datanode.id
2023-06-22 13:18:18,644 [EndpointStateMachine task thread for /0.0.0.0:15055 - 0 ] INFO  utils.DatanodeStoreCache (DatanodeStoreCache.java:addDB(66)) - Added db /home/runner/work/ozone/ozone/hadoop-ozone/integration-test/target/test-dir/MiniOzoneClusterImpl-f04ff4d6-b670-4e84-9a89-5b4d7edf6ec9/datanode-0/data-0/containers/hdds/f04ff4d6-b670-4e84-9a89-5b4d7edf6ec9/DS-bb0e8fa6-091b-4927-93c8-a180ac8105d1/container.db to cache
2023-06-22 13:18:18,645 [EndpointStateMachine task thread for /0.0.0.0:15055 - 0 ] INFO  volume.HddsVolume (HddsVolume.java:createDbStore(350)) - SchemaV3 db is created and loaded at /home/runner/work/ozone/ozone/hadoop-ozone/integration-test/target/test-dir/MiniOzoneClusterImpl-f04ff4d6-b670-4e84-9a89-5b4d7edf6ec9/datanode-0/data-0/containers/hdds/f04ff4d6-b670-4e84-9a89-5b4d7edf6ec9/DS-bb0e8fa6-091b-4927-93c8-a180ac8105d1/container.db for volume DS-bb0e8fa6-091b-4927-93c8-a180ac8105d1
2023-06-22 13:18:18,645 [EndpointStateMachine task thread for /0.0.0.0:15055 - 0 ] INFO  ozoneimpl.OzoneContainer (OzoneContainer.java:start(411)) - Attempting to start container services.
2023-06-22 13:18:18,645 [EndpointStateMachine task thread for /0.0.0.0:15055 - 0 ] INFO  ozoneimpl.OzoneContainer (OzoneContainer.java:startContainerScrub(327)) - Scheduled background container scanners and the on-demand container scanner have been disabled.
2023-06-22 13:18:18,652 [EndpointStateMachine task thread for /0.0.0.0:15055 - 0 ] INFO  replication.ReplicationServer (ReplicationServer.java:start(128)) - ReplicationServer is started using port 15069
2023-06-22 13:18:18,652 [EndpointStateMachine task thread for /0.0.0.0:15055 - 0 ] INFO  ratis.XceiverServerRatis (XceiverServerRatis.java:start(517)) - Starting XceiverServerRatis f6e3fb16-2d06-4033-8c03-0f6e278ccaca
2023-06-22 13:18:18,654 [EndpointStateMachine task thread for /0.0.0.0:15055 - 0 ] INFO  server.RaftServer (RaftServerProxy.java:startImpl(400)) - f6e3fb16-2d06-4033-8c03-0f6e278ccaca: start RPC server
2023-06-22 13:18:18,656 [EndpointStateMachine task thread for /0.0.0.0:15055 - 0 ] INFO  server.GrpcService (GrpcService.java:startImpl(302)) - f6e3fb16-2d06-4033-8c03-0f6e278ccaca: GrpcService started, listening on 15065
2023-06-22 13:18:18,657 [EndpointStateMachine task thread for /0.0.0.0:15055 - 0 ] INFO  server.GrpcService (GrpcService.java:startImpl(302)) - f6e3fb16-2d06-4033-8c03-0f6e278ccaca: GrpcService started, listening on 15067
2023-06-22 13:18:18,658 [EndpointStateMachine task thread for /0.0.0.0:15055 - 0 ] INFO  server.GrpcService (GrpcService.java:startImpl(302)) - f6e3fb16-2d06-4033-8c03-0f6e278ccaca: GrpcService started, listening on 15066
2023-06-22 13:18:18,659 [EndpointStateMachine task thread for /0.0.0.0:15055 - 0 ] INFO  ratis.XceiverServerRatis (XceiverServerRatis.java:getRealPort(543)) - XceiverServerRatis f6e3fb16-2d06-4033-8c03-0f6e278ccaca is started using port 15065 for RATIS
2023-06-22 13:18:18,659 [EndpointStateMachine task thread for /0.0.0.0:15055 - 0 ] INFO  ratis.XceiverServerRatis (XceiverServerRatis.java:getRealPort(543)) - XceiverServerRatis f6e3fb16-2d06-4033-8c03-0f6e278ccaca is started using port 15066 for RATIS_ADMIN
2023-06-22 13:18:18,659 [JvmPauseMonitor9] INFO  util.JvmPauseMonitor (JvmPauseMonitor.java:run(103)) - JvmPauseMonitor-f6e3fb16-2d06-4033-8c03-0f6e278ccaca: Started
2023-06-22 13:18:18,659 [EndpointStateMachine task thread for /0.0.0.0:15055 - 0 ] INFO  ratis.XceiverServerRatis (XceiverServerRatis.java:getRealPort(543)) - XceiverServerRatis f6e3fb16-2d06-4033-8c03-0f6e278ccaca is started using port 15067 for RATIS_SERVER
2023-06-22 13:18:18,659 [EndpointStateMachine task thread for /0.0.0.0:15055 - 0 ] INFO  ratis.XceiverServerRatis (XceiverServerRatis.java:getRealPort(543)) - XceiverServerRatis f6e3fb16-2d06-4033-8c03-0f6e278ccaca is started using port 15068 for RATIS_DATASTREAM
2023-06-22 13:18:18,662 [BlockDeletingService#0] INFO  interfaces.ContainerDeletionChoosingPolicyTemplate (ContainerDeletionChoosingPolicyTemplate.java:chooseContainerForBlockDeletion(83)) - Chosen 0/5000 blocks from 0 candidate containers.
2023-06-22 13:18:18,867 [main] INFO  ozone.MiniOzoneClusterImpl (MiniOzoneClusterImpl.java:lambda$waitForClusterToBeReady$0(224)) - Waiting for nodes to be ready. Got 0 of 5 DN Heartbeats.
2023-06-22 13:18:18,868 [main] INFO  ozone.MiniOzoneClusterImpl (MiniOzoneClusterImpl.java:lambda$waitForClusterToBeReady$0(227)) - Waiting for cluster to exit safe mode
2023-06-22 13:18:18,868 [main] INFO  ozone.MiniOzoneClusterImpl (MiniOzoneClusterImpl.java:lambda$waitForClusterToBeReady$0(229)) - SCM became leader
2023-06-22 13:18:19,015 [EndpointStateMachine task thread for /0.0.0.0:15055 - 0 ] INFO  utils.DatanodeStoreCache (DatanodeStoreCache.java:addDB(66)) - Added db /home/runner/work/ozone/ozone/hadoop-ozone/integration-test/target/test-dir/MiniOzoneClusterImpl-f04ff4d6-b670-4e84-9a89-5b4d7edf6ec9/datanode-1/data-0/containers/hdds/f04ff4d6-b670-4e84-9a89-5b4d7edf6ec9/DS-e9fcafd5-ce4c-4bc8-b2bc-d1ee6d238a04/container.db to cache
2023-06-22 13:18:19,015 [EndpointStateMachine task thread for /0.0.0.0:15055 - 0 ] INFO  volume.HddsVolume (HddsVolume.java:createDbStore(350)) - SchemaV3 db is created and loaded at /home/runner/work/ozone/ozone/hadoop-ozone/integration-test/target/test-dir/MiniOzoneClusterImpl-f04ff4d6-b670-4e84-9a89-5b4d7edf6ec9/datanode-1/data-0/containers/hdds/f04ff4d6-b670-4e84-9a89-5b4d7edf6ec9/DS-e9fcafd5-ce4c-4bc8-b2bc-d1ee6d238a04/container.db for volume DS-e9fcafd5-ce4c-4bc8-b2bc-d1ee6d238a04
2023-06-22 13:18:19,015 [EndpointStateMachine task thread for /0.0.0.0:15055 - 0 ] INFO  ozoneimpl.OzoneContainer (OzoneContainer.java:start(411)) - Attempting to start container services.
2023-06-22 13:18:19,016 [EndpointStateMachine task thread for /0.0.0.0:15055 - 0 ] INFO  ozoneimpl.OzoneContainer (OzoneContainer.java:startContainerScrub(327)) - Scheduled background container scanners and the on-demand container scanner have been disabled.
2023-06-22 13:18:19,017 [EndpointStateMachine task thread for /0.0.0.0:15055 - 0 ] INFO  replication.ReplicationServer (ReplicationServer.java:start(128)) - ReplicationServer is started using port 15078
2023-06-22 13:18:19,017 [EndpointStateMachine task thread for /0.0.0.0:15055 - 0 ] INFO  ratis.XceiverServerRatis (XceiverServerRatis.java:start(517)) - Starting XceiverServerRatis 2f5d805c-9187-458a-a4cb-1b814143bdc5
2023-06-22 13:18:19,017 [EndpointStateMachine task thread for /0.0.0.0:15055 - 0 ] INFO  server.RaftServer (RaftServerProxy.java:startImpl(400)) - 2f5d805c-9187-458a-a4cb-1b814143bdc5: start RPC server
2023-06-22 13:18:19,020 [EndpointStateMachine task thread for /0.0.0.0:15055 - 0 ] INFO  server.GrpcService (GrpcService.java:startImpl(302)) - 2f5d805c-9187-458a-a4cb-1b814143bdc5: GrpcService started, listening on 15074
2023-06-22 13:18:19,021 [EndpointStateMachine task thread for /0.0.0.0:15055 - 0 ] INFO  server.GrpcService (GrpcService.java:startImpl(302)) - 2f5d805c-9187-458a-a4cb-1b814143bdc5: GrpcService started, listening on 15076
2023-06-22 13:18:19,021 [EndpointStateMachine task thread for /0.0.0.0:15055 - 0 ] INFO  server.GrpcService (GrpcService.java:startImpl(302)) - 2f5d805c-9187-458a-a4cb-1b814143bdc5: GrpcService started, listening on 15075
2023-06-22 13:18:19,022 [EndpointStateMachine task thread for /0.0.0.0:15055 - 0 ] INFO  ratis.XceiverServerRatis (XceiverServerRatis.java:getRealPort(543)) - XceiverServerRatis 2f5d805c-9187-458a-a4cb-1b814143bdc5 is started using port 15074 for RATIS
2023-06-22 13:18:19,022 [EndpointStateMachine task thread for /0.0.0.0:15055 - 0 ] INFO  ratis.XceiverServerRatis (XceiverServerRatis.java:getRealPort(543)) - XceiverServerRatis 2f5d805c-9187-458a-a4cb-1b814143bdc5 is started using port 15075 for RATIS_ADMIN
2023-06-22 13:18:19,022 [EndpointStateMachine task thread for /0.0.0.0:15055 - 0 ] INFO  ratis.XceiverServerRatis (XceiverServerRatis.java:getRealPort(543)) - XceiverServerRatis 2f5d805c-9187-458a-a4cb-1b814143bdc5 is started using port 15076 for RATIS_SERVER
2023-06-22 13:18:19,022 [EndpointStateMachine task thread for /0.0.0.0:15055 - 0 ] INFO  ratis.XceiverServerRatis (XceiverServerRatis.java:getRealPort(543)) - XceiverServerRatis 2f5d805c-9187-458a-a4cb-1b814143bdc5 is started using port 15077 for RATIS_DATASTREAM
2023-06-22 13:18:19,022 [JvmPauseMonitor10] INFO  util.JvmPauseMonitor (JvmPauseMonitor.java:run(103)) - JvmPauseMonitor-2f5d805c-9187-458a-a4cb-1b814143bdc5: Started
2023-06-22 13:18:19,031 [BlockDeletingService#0] INFO  interfaces.ContainerDeletionChoosingPolicyTemplate (ContainerDeletionChoosingPolicyTemplate.java:chooseContainerForBlockDeletion(83)) - Chosen 0/5000 blocks from 0 candidate containers.
2023-06-22 13:18:19,313 [EndpointStateMachine task thread for /0.0.0.0:15055 - 0 ] INFO  utils.DatanodeStoreCache (DatanodeStoreCache.java:addDB(66)) - Added db /home/runner/work/ozone/ozone/hadoop-ozone/integration-test/target/test-dir/MiniOzoneClusterImpl-f04ff4d6-b670-4e84-9a89-5b4d7edf6ec9/datanode-2/data-0/containers/hdds/f04ff4d6-b670-4e84-9a89-5b4d7edf6ec9/DS-2e6bab35-a5a6-4ca7-b97e-ef7bee87987e/container.db to cache
2023-06-22 13:18:19,314 [EndpointStateMachine task thread for /0.0.0.0:15055 - 0 ] INFO  volume.HddsVolume (HddsVolume.java:createDbStore(350)) - SchemaV3 db is created and loaded at /home/runner/work/ozone/ozone/hadoop-ozone/integration-test/target/test-dir/MiniOzoneClusterImpl-f04ff4d6-b670-4e84-9a89-5b4d7edf6ec9/datanode-2/data-0/containers/hdds/f04ff4d6-b670-4e84-9a89-5b4d7edf6ec9/DS-2e6bab35-a5a6-4ca7-b97e-ef7bee87987e/container.db for volume DS-2e6bab35-a5a6-4ca7-b97e-ef7bee87987e
2023-06-22 13:18:19,314 [EndpointStateMachine task thread for /0.0.0.0:15055 - 0 ] INFO  ozoneimpl.OzoneContainer (OzoneContainer.java:start(411)) - Attempting to start container services.
2023-06-22 13:18:19,314 [EndpointStateMachine task thread for /0.0.0.0:15055 - 0 ] INFO  ozoneimpl.OzoneContainer (OzoneContainer.java:startContainerScrub(327)) - Scheduled background container scanners and the on-demand container scanner have been disabled.
2023-06-22 13:18:19,315 [EndpointStateMachine task thread for /0.0.0.0:15055 - 0 ] INFO  replication.ReplicationServer (ReplicationServer.java:start(128)) - ReplicationServer is started using port 15087
2023-06-22 13:18:19,315 [EndpointStateMachine task thread for /0.0.0.0:15055 - 0 ] INFO  ratis.XceiverServerRatis (XceiverServerRatis.java:start(517)) - Starting XceiverServerRatis f35f0a8c-90e3-4c0e-82f0-ebea9a45f0ef
2023-06-22 13:18:19,318 [EndpointStateMachine task thread for /0.0.0.0:15055 - 0 ] INFO  server.RaftServer (RaftServerProxy.java:startImpl(400)) - f35f0a8c-90e3-4c0e-82f0-ebea9a45f0ef: start RPC server
2023-06-22 13:18:19,319 [EndpointStateMachine task thread for /0.0.0.0:15055 - 0 ] INFO  server.GrpcService (GrpcService.java:startImpl(302)) - f35f0a8c-90e3-4c0e-82f0-ebea9a45f0ef: GrpcService started, listening on 15083
2023-06-22 13:18:19,320 [EndpointStateMachine task thread for /0.0.0.0:15055 - 0 ] INFO  server.GrpcService (GrpcService.java:startImpl(302)) - f35f0a8c-90e3-4c0e-82f0-ebea9a45f0ef: GrpcService started, listening on 15085
2023-06-22 13:18:19,321 [EndpointStateMachine task thread for /0.0.0.0:15055 - 0 ] INFO  server.GrpcService (GrpcService.java:startImpl(302)) - f35f0a8c-90e3-4c0e-82f0-ebea9a45f0ef: GrpcService started, listening on 15084
2023-06-22 13:18:19,322 [EndpointStateMachine task thread for /0.0.0.0:15055 - 0 ] INFO  ratis.XceiverServerRatis (XceiverServerRatis.java:getRealPort(543)) - XceiverServerRatis f35f0a8c-90e3-4c0e-82f0-ebea9a45f0ef is started using port 15083 for RATIS
2023-06-22 13:18:19,322 [EndpointStateMachine task thread for /0.0.0.0:15055 - 0 ] INFO  ratis.XceiverServerRatis (XceiverServerRatis.java:getRealPort(543)) - XceiverServerRatis f35f0a8c-90e3-4c0e-82f0-ebea9a45f0ef is started using port 15084 for RATIS_ADMIN
2023-06-22 13:18:19,322 [EndpointStateMachine task thread for /0.0.0.0:15055 - 0 ] INFO  ratis.XceiverServerRatis (XceiverServerRatis.java:getRealPort(543)) - XceiverServerRatis f35f0a8c-90e3-4c0e-82f0-ebea9a45f0ef is started using port 15085 for RATIS_SERVER
2023-06-22 13:18:19,322 [EndpointStateMachine task thread for /0.0.0.0:15055 - 0 ] INFO  ratis.XceiverServerRatis (XceiverServerRatis.java:getRealPort(543)) - XceiverServerRatis f35f0a8c-90e3-4c0e-82f0-ebea9a45f0ef is started using port 15086 for RATIS_DATASTREAM
2023-06-22 13:18:19,322 [JvmPauseMonitor11] INFO  util.JvmPauseMonitor (JvmPauseMonitor.java:run(103)) - JvmPauseMonitor-f35f0a8c-90e3-4c0e-82f0-ebea9a45f0ef: Started
2023-06-22 13:18:19,326 [BlockDeletingService#0] INFO  interfaces.ContainerDeletionChoosingPolicyTemplate (ContainerDeletionChoosingPolicyTemplate.java:chooseContainerForBlockDeletion(83)) - Chosen 0/5000 blocks from 0 candidate containers.
2023-06-22 13:18:19,619 [EndpointStateMachine task thread for /0.0.0.0:15055 - 0 ] INFO  utils.DatanodeStoreCache (DatanodeStoreCache.java:addDB(66)) - Added db /home/runner/work/ozone/ozone/hadoop-ozone/integration-test/target/test-dir/MiniOzoneClusterImpl-f04ff4d6-b670-4e84-9a89-5b4d7edf6ec9/datanode-3/data-0/containers/hdds/f04ff4d6-b670-4e84-9a89-5b4d7edf6ec9/DS-67ca61b8-b816-4fb2-814d-e917874f5c05/container.db to cache
2023-06-22 13:18:19,620 [EndpointStateMachine task thread for /0.0.0.0:15055 - 0 ] INFO  volume.HddsVolume (HddsVolume.java:createDbStore(350)) - SchemaV3 db is created and loaded at /home/runner/work/ozone/ozone/hadoop-ozone/integration-test/target/test-dir/MiniOzoneClusterImpl-f04ff4d6-b670-4e84-9a89-5b4d7edf6ec9/datanode-3/data-0/containers/hdds/f04ff4d6-b670-4e84-9a89-5b4d7edf6ec9/DS-67ca61b8-b816-4fb2-814d-e917874f5c05/container.db for volume DS-67ca61b8-b816-4fb2-814d-e917874f5c05
2023-06-22 13:18:19,620 [EndpointStateMachine task thread for /0.0.0.0:15055 - 0 ] INFO  ozoneimpl.OzoneContainer (OzoneContainer.java:start(411)) - Attempting to start container services.
2023-06-22 13:18:19,620 [EndpointStateMachine task thread for /0.0.0.0:15055 - 0 ] INFO  ozoneimpl.OzoneContainer (OzoneContainer.java:startContainerScrub(327)) - Scheduled background container scanners and the on-demand container scanner have been disabled.
2023-06-22 13:18:19,622 [EndpointStateMachine task thread for /0.0.0.0:15055 - 0 ] INFO  replication.ReplicationServer (ReplicationServer.java:start(128)) - ReplicationServer is started using port 15096
2023-06-22 13:18:19,622 [EndpointStateMachine task thread for /0.0.0.0:15055 - 0 ] INFO  ratis.XceiverServerRatis (XceiverServerRatis.java:start(517)) - Starting XceiverServerRatis 48fae9b8-4a64-47c7-9afa-6a245820b276
2023-06-22 13:18:19,622 [EndpointStateMachine task thread for /0.0.0.0:15055 - 0 ] INFO  server.RaftServer (RaftServerProxy.java:startImpl(400)) - 48fae9b8-4a64-47c7-9afa-6a245820b276: start RPC server
2023-06-22 13:18:19,623 [EndpointStateMachine task thread for /0.0.0.0:15055 - 0 ] INFO  server.GrpcService (GrpcService.java:startImpl(302)) - 48fae9b8-4a64-47c7-9afa-6a245820b276: GrpcService started, listening on 15092
2023-06-22 13:18:19,624 [EndpointStateMachine task thread for /0.0.0.0:15055 - 0 ] INFO  server.GrpcService (GrpcService.java:startImpl(302)) - 48fae9b8-4a64-47c7-9afa-6a245820b276: GrpcService started, listening on 15094
2023-06-22 13:18:19,626 [EndpointStateMachine task thread for /0.0.0.0:15055 - 0 ] INFO  server.GrpcService (GrpcService.java:startImpl(302)) - 48fae9b8-4a64-47c7-9afa-6a245820b276: GrpcService started, listening on 15093
2023-06-22 13:18:19,627 [EndpointStateMachine task thread for /0.0.0.0:15055 - 0 ] INFO  ratis.XceiverServerRatis (XceiverServerRatis.java:getRealPort(543)) - XceiverServerRatis 48fae9b8-4a64-47c7-9afa-6a245820b276 is started using port 15092 for RATIS
2023-06-22 13:18:19,627 [EndpointStateMachine task thread for /0.0.0.0:15055 - 0 ] INFO  ratis.XceiverServerRatis (XceiverServerRatis.java:getRealPort(543)) - XceiverServerRatis 48fae9b8-4a64-47c7-9afa-6a245820b276 is started using port 15093 for RATIS_ADMIN
2023-06-22 13:18:19,627 [JvmPauseMonitor12] INFO  util.JvmPauseMonitor (JvmPauseMonitor.java:run(103)) - JvmPauseMonitor-48fae9b8-4a64-47c7-9afa-6a245820b276: Started
2023-06-22 13:18:19,627 [EndpointStateMachine task thread for /0.0.0.0:15055 - 0 ] INFO  ratis.XceiverServerRatis (XceiverServerRatis.java:getRealPort(543)) - XceiverServerRatis 48fae9b8-4a64-47c7-9afa-6a245820b276 is started using port 15094 for RATIS_SERVER
2023-06-22 13:18:19,627 [EndpointStateMachine task thread for /0.0.0.0:15055 - 0 ] INFO  ratis.XceiverServerRatis (XceiverServerRatis.java:getRealPort(543)) - XceiverServerRatis 48fae9b8-4a64-47c7-9afa-6a245820b276 is started using port 15095 for RATIS_DATASTREAM
2023-06-22 13:18:19,628 [BlockDeletingService#0] INFO  interfaces.ContainerDeletionChoosingPolicyTemplate (ContainerDeletionChoosingPolicyTemplate.java:chooseContainerForBlockDeletion(83)) - Chosen 0/5000 blocks from 0 candidate containers.
2023-06-22 13:18:19,868 [main] INFO  ozone.MiniOzoneClusterImpl (MiniOzoneClusterImpl.java:lambda$waitForClusterToBeReady$0(224)) - Waiting for nodes to be ready. Got 0 of 5 DN Heartbeats.
2023-06-22 13:18:19,868 [main] INFO  ozone.MiniOzoneClusterImpl (MiniOzoneClusterImpl.java:lambda$waitForClusterToBeReady$0(227)) - Waiting for cluster to exit safe mode
2023-06-22 13:18:19,868 [main] INFO  ozone.MiniOzoneClusterImpl (MiniOzoneClusterImpl.java:lambda$waitForClusterToBeReady$0(229)) - SCM became leader
2023-06-22 13:18:19,905 [EndpointStateMachine task thread for /0.0.0.0:15055 - 0 ] INFO  utils.DatanodeStoreCache (DatanodeStoreCache.java:addDB(66)) - Added db /home/runner/work/ozone/ozone/hadoop-ozone/integration-test/target/test-dir/MiniOzoneClusterImpl-f04ff4d6-b670-4e84-9a89-5b4d7edf6ec9/datanode-4/data-0/containers/hdds/f04ff4d6-b670-4e84-9a89-5b4d7edf6ec9/DS-03beb1ef-f2b2-4b03-ae32-d59c7c99fb00/container.db to cache
2023-06-22 13:18:19,905 [EndpointStateMachine task thread for /0.0.0.0:15055 - 0 ] INFO  volume.HddsVolume (HddsVolume.java:createDbStore(350)) - SchemaV3 db is created and loaded at /home/runner/work/ozone/ozone/hadoop-ozone/integration-test/target/test-dir/MiniOzoneClusterImpl-f04ff4d6-b670-4e84-9a89-5b4d7edf6ec9/datanode-4/data-0/containers/hdds/f04ff4d6-b670-4e84-9a89-5b4d7edf6ec9/DS-03beb1ef-f2b2-4b03-ae32-d59c7c99fb00/container.db for volume DS-03beb1ef-f2b2-4b03-ae32-d59c7c99fb00
2023-06-22 13:18:19,905 [EndpointStateMachine task thread for /0.0.0.0:15055 - 0 ] INFO  ozoneimpl.OzoneContainer (OzoneContainer.java:start(411)) - Attempting to start container services.
2023-06-22 13:18:19,905 [EndpointStateMachine task thread for /0.0.0.0:15055 - 0 ] INFO  ozoneimpl.OzoneContainer (OzoneContainer.java:startContainerScrub(327)) - Scheduled background container scanners and the on-demand container scanner have been disabled.
2023-06-22 13:18:19,906 [EndpointStateMachine task thread for /0.0.0.0:15055 - 0 ] INFO  replication.ReplicationServer (ReplicationServer.java:start(128)) - ReplicationServer is started using port 15105
2023-06-22 13:18:19,906 [EndpointStateMachine task thread for /0.0.0.0:15055 - 0 ] INFO  ratis.XceiverServerRatis (XceiverServerRatis.java:start(517)) - Starting XceiverServerRatis 2d8cad12-2e65-4624-85ce-d7a0d9018b77
2023-06-22 13:18:19,907 [EndpointStateMachine task thread for /0.0.0.0:15055 - 0 ] INFO  server.RaftServer (RaftServerProxy.java:startImpl(400)) - 2d8cad12-2e65-4624-85ce-d7a0d9018b77: start RPC server
2023-06-22 13:18:19,909 [EndpointStateMachine task thread for /0.0.0.0:15055 - 0 ] INFO  server.GrpcService (GrpcService.java:startImpl(302)) - 2d8cad12-2e65-4624-85ce-d7a0d9018b77: GrpcService started, listening on 15101
2023-06-22 13:18:19,911 [EndpointStateMachine task thread for /0.0.0.0:15055 - 0 ] INFO  server.GrpcService (GrpcService.java:startImpl(302)) - 2d8cad12-2e65-4624-85ce-d7a0d9018b77: GrpcService started, listening on 15103
2023-06-22 13:18:19,913 [EndpointStateMachine task thread for /0.0.0.0:15055 - 0 ] INFO  server.GrpcService (GrpcService.java:startImpl(302)) - 2d8cad12-2e65-4624-85ce-d7a0d9018b77: GrpcService started, listening on 15102
2023-06-22 13:18:19,913 [EndpointStateMachine task thread for /0.0.0.0:15055 - 0 ] INFO  ratis.XceiverServerRatis (XceiverServerRatis.java:getRealPort(543)) - XceiverServerRatis 2d8cad12-2e65-4624-85ce-d7a0d9018b77 is started using port 15101 for RATIS
2023-06-22 13:18:19,913 [EndpointStateMachine task thread for /0.0.0.0:15055 - 0 ] INFO  ratis.XceiverServerRatis (XceiverServerRatis.java:getRealPort(543)) - XceiverServerRatis 2d8cad12-2e65-4624-85ce-d7a0d9018b77 is started using port 15102 for RATIS_ADMIN
2023-06-22 13:18:19,913 [EndpointStateMachine task thread for /0.0.0.0:15055 - 0 ] INFO  ratis.XceiverServerRatis (XceiverServerRatis.java:getRealPort(543)) - XceiverServerRatis 2d8cad12-2e65-4624-85ce-d7a0d9018b77 is started using port 15103 for RATIS_SERVER
2023-06-22 13:18:19,913 [EndpointStateMachine task thread for /0.0.0.0:15055 - 0 ] INFO  ratis.XceiverServerRatis (XceiverServerRatis.java:getRealPort(543)) - XceiverServerRatis 2d8cad12-2e65-4624-85ce-d7a0d9018b77 is started using port 15104 for RATIS_DATASTREAM
2023-06-22 13:18:19,916 [JvmPauseMonitor13] INFO  util.JvmPauseMonitor (JvmPauseMonitor.java:run(103)) - JvmPauseMonitor-2d8cad12-2e65-4624-85ce-d7a0d9018b77: Started
2023-06-22 13:18:19,916 [BlockDeletingService#0] INFO  interfaces.ContainerDeletionChoosingPolicyTemplate (ContainerDeletionChoosingPolicyTemplate.java:chooseContainerForBlockDeletion(83)) - Chosen 0/5000 blocks from 0 candidate containers.
2023-06-22 13:18:20,602 [IPC Server handler 1 on default port 15055] INFO  net.NetworkTopologyImpl (NetworkTopologyImpl.java:add(112)) - Added a new node: /default-rack/f6e3fb16-2d06-4033-8c03-0f6e278ccaca
2023-06-22 13:18:20,603 [IPC Server handler 1 on default port 15055] INFO  node.SCMNodeManager (SCMNodeManager.java:register(406)) - Registered Data node : f6e3fb16-2d06-4033-8c03-0f6e278ccaca{ip: 10.1.0.30, host: fv-az208-208.e0tah0prcmautdldtlfxyeofwf.cx.internal.cloudapp.net, ports: [HTTP=15062, CLIENT_RPC=15063, REPLICATION=15069, RATIS=15065, RATIS_ADMIN=15066, RATIS_SERVER=15067, RATIS_DATASTREAM=15068, STANDALONE=15064], networkLocation: /default-rack, certSerialId: null, persistedOpState: null, persistedOpStateExpiryEpochSec: 0}
2023-06-22 13:18:20,605 [EventQueue-NodeRegistrationContainerReportForContainerSafeModeRule] INFO  safemode.SCMSafeModeManager (SCMSafeModeManager.java:validateSafeModeExitRules(200)) - ContainerSafeModeRule rule is successfully validated
2023-06-22 13:18:20,605 [EventQueue-NodeRegistrationContainerReportForDataNodeSafeModeRule] INFO  safemode.SCMSafeModeManager (DataNodeSafeModeRule.java:process(71)) - SCM in safe mode. 1 DataNodes registered, 3 required.
2023-06-22 13:18:20,609 [EventQueue-PipelineReportForOneReplicaPipelineSafeModeRule] INFO  safemode.SCMSafeModeManager (SCMSafeModeManager.java:validateSafeModeExitRules(200)) - AtleastOneDatanodeReportedRule rule is successfully validated
2023-06-22 13:18:20,610 [EventQueue-NewNodeForNewNodeHandler] INFO  pipeline.BackgroundPipelineCreator (BackgroundPipelineCreator.java:notifyEventTriggered(276)) - trigger a one-shot run on RatisPipelineUtilsThread.
2023-06-22 13:18:20,610 [RatisPipelineUtilsThread - 0] INFO  pipeline.RatisPipelineProvider (RatisPipelineProvider.java:lambda$create$0(206)) - Sending CreatePipelineCommand for pipeline:PipelineID=ae8ec43c-0f68-4c13-8aab-7c8c80a41445 to datanode:f6e3fb16-2d06-4033-8c03-0f6e278ccaca
2023-06-22 13:18:20,611 [RatisPipelineUtilsThread - 0] INFO  pipeline.PipelineStateManagerImpl (PipelineStateManagerImpl.java:addPipeline(103)) - Created pipeline Pipeline[ Id: ae8ec43c-0f68-4c13-8aab-7c8c80a41445, Nodes: f6e3fb16-2d06-4033-8c03-0f6e278ccaca(fv-az208-208.e0tah0prcmautdldtlfxyeofwf.cx.internal.cloudapp.net/10.1.0.30), ReplicationConfig: RATIS/ONE, State:ALLOCATED, leaderId:, CreationTimestamp2023-06-22T13:18:20.610Z[Etc/UTC]].
2023-06-22 13:18:20,868 [main] INFO  ozone.MiniOzoneClusterImpl (MiniOzoneClusterImpl.java:lambda$waitForClusterToBeReady$0(224)) - Waiting for nodes to be ready. Got 1 of 5 DN Heartbeats.
2023-06-22 13:18:20,868 [main] INFO  ozone.MiniOzoneClusterImpl (MiniOzoneClusterImpl.java:lambda$waitForClusterToBeReady$0(227)) - Waiting for cluster to exit safe mode
2023-06-22 13:18:20,869 [main] INFO  ozone.MiniOzoneClusterImpl (MiniOzoneClusterImpl.java:lambda$waitForClusterToBeReady$0(229)) - SCM became leader
2023-06-22 13:18:20,981 [IPC Server handler 2 on default port 15055] INFO  net.NetworkTopologyImpl (NetworkTopologyImpl.java:add(112)) - Added a new node: /default-rack/2f5d805c-9187-458a-a4cb-1b814143bdc5
2023-06-22 13:18:20,981 [IPC Server handler 2 on default port 15055] INFO  node.SCMNodeManager (SCMNodeManager.java:register(406)) - Registered Data node : 2f5d805c-9187-458a-a4cb-1b814143bdc5{ip: 10.1.0.30, host: fv-az208-208.e0tah0prcmautdldtlfxyeofwf.cx.internal.cloudapp.net, ports: [HTTP=15071, CLIENT_RPC=15072, REPLICATION=15078, RATIS=15074, RATIS_ADMIN=15075, RATIS_SERVER=15076, RATIS_DATASTREAM=15077, STANDALONE=15073], networkLocation: /default-rack, certSerialId: null, persistedOpState: null, persistedOpStateExpiryEpochSec: 0}
2023-06-22 13:18:20,981 [EventQueue-NewNodeForNewNodeHandler] INFO  pipeline.BackgroundPipelineCreator (BackgroundPipelineCreator.java:notifyEventTriggered(276)) - trigger a one-shot run on RatisPipelineUtilsThread.
2023-06-22 13:18:20,982 [EventQueue-NodeRegistrationContainerReportForDataNodeSafeModeRule] INFO  safemode.SCMSafeModeManager (DataNodeSafeModeRule.java:process(71)) - SCM in safe mode. 2 DataNodes registered, 3 required.
2023-06-22 13:18:20,983 [RatisPipelineUtilsThread - 0] INFO  pipeline.RatisPipelineProvider (RatisPipelineProvider.java:lambda$create$0(206)) - Sending CreatePipelineCommand for pipeline:PipelineID=b9e1087b-9227-4d7d-a8e8-42a520cd4912 to datanode:2f5d805c-9187-458a-a4cb-1b814143bdc5
2023-06-22 13:18:20,983 [RatisPipelineUtilsThread - 0] INFO  pipeline.PipelineStateManagerImpl (PipelineStateManagerImpl.java:addPipeline(103)) - Created pipeline Pipeline[ Id: b9e1087b-9227-4d7d-a8e8-42a520cd4912, Nodes: 2f5d805c-9187-458a-a4cb-1b814143bdc5(fv-az208-208.e0tah0prcmautdldtlfxyeofwf.cx.internal.cloudapp.net/10.1.0.30), ReplicationConfig: RATIS/ONE, State:ALLOCATED, leaderId:, CreationTimestamp2023-06-22T13:18:20.983Z[Etc/UTC]].
2023-06-22 13:18:21,275 [IPC Server handler 3 on default port 15055] INFO  net.NetworkTopologyImpl (NetworkTopologyImpl.java:add(112)) - Added a new node: /default-rack/f35f0a8c-90e3-4c0e-82f0-ebea9a45f0ef
2023-06-22 13:18:21,275 [IPC Server handler 3 on default port 15055] INFO  node.SCMNodeManager (SCMNodeManager.java:register(406)) - Registered Data node : f35f0a8c-90e3-4c0e-82f0-ebea9a45f0ef{ip: 10.1.0.30, host: fv-az208-208.e0tah0prcmautdldtlfxyeofwf.cx.internal.cloudapp.net, ports: [HTTP=15080, CLIENT_RPC=15081, REPLICATION=15087, RATIS=15083, RATIS_ADMIN=15084, RATIS_SERVER=15085, RATIS_DATASTREAM=15086, STANDALONE=15082], networkLocation: /default-rack, certSerialId: null, persistedOpState: null, persistedOpStateExpiryEpochSec: 0}
2023-06-22 13:18:21,275 [EventQueue-NewNodeForNewNodeHandler] INFO  pipeline.BackgroundPipelineCreator (BackgroundPipelineCreator.java:notifyEventTriggered(276)) - trigger a one-shot run on RatisPipelineUtilsThread.
2023-06-22 13:18:21,275 [EventQueue-NodeRegistrationContainerReportForDataNodeSafeModeRule] INFO  safemode.SCMSafeModeManager (DataNodeSafeModeRule.java:process(71)) - SCM in safe mode. 3 DataNodes registered, 3 required.
2023-06-22 13:18:21,275 [EventQueue-NodeRegistrationContainerReportForDataNodeSafeModeRule] INFO  safemode.SCMSafeModeManager (SCMSafeModeManager.java:validateSafeModeExitRules(200)) - DataNodeSafeModeRule rule is successfully validated
2023-06-22 13:18:21,275 [EventQueue-NodeRegistrationContainerReportForDataNodeSafeModeRule] INFO  safemode.SCMSafeModeManager (SCMSafeModeManager.java:completePreCheck(229)) - All SCM safe mode pre check rules have passed
2023-06-22 13:18:21,276 [EventQueue-NodeRegistrationContainerReportForDataNodeSafeModeRule] INFO  ha.SCMContext (SCMContext.java:updateSafeModeStatus(228)) - Update SafeModeStatus from SafeModeStatus{safeModeStatus=true, preCheckPassed=false} to SafeModeStatus{safeModeStatus=true, preCheckPassed=true}.
2023-06-22 13:18:21,276 [EventQueue-NodeRegistrationContainerReportForDataNodeSafeModeRule] INFO  pipeline.BackgroundPipelineCreator (BackgroundPipelineCreator.java:notifyEventTriggered(276)) - trigger a one-shot run on RatisPipelineUtilsThread.
2023-06-22 13:18:21,276 [RatisPipelineUtilsThread - 0] INFO  pipeline.RatisPipelineProvider (RatisPipelineProvider.java:lambda$create$0(206)) - Sending CreatePipelineCommand for pipeline:PipelineID=a2d3b3e7-ed3f-471c-a075-f1e233525e34 to datanode:f35f0a8c-90e3-4c0e-82f0-ebea9a45f0ef
2023-06-22 13:18:21,276 [RatisPipelineUtilsThread - 0] INFO  pipeline.PipelineStateManagerImpl (PipelineStateManagerImpl.java:addPipeline(103)) - Created pipeline Pipeline[ Id: a2d3b3e7-ed3f-471c-a075-f1e233525e34, Nodes: f35f0a8c-90e3-4c0e-82f0-ebea9a45f0ef(fv-az208-208.e0tah0prcmautdldtlfxyeofwf.cx.internal.cloudapp.net/10.1.0.30), ReplicationConfig: RATIS/ONE, State:ALLOCATED, leaderId:, CreationTimestamp2023-06-22T13:18:21.276Z[Etc/UTC]].
2023-06-22 13:18:21,276 [RatisPipelineUtilsThread - 0] INFO  pipeline.RatisPipelineProvider (RatisPipelineProvider.java:lambda$create$0(206)) - Sending CreatePipelineCommand for pipeline:PipelineID=f48f3a41-aac8-47c0-a40e-0dc7fcbf11df to datanode:f6e3fb16-2d06-4033-8c03-0f6e278ccaca
2023-06-22 13:18:21,276 [RatisPipelineUtilsThread - 0] INFO  pipeline.RatisPipelineProvider (RatisPipelineProvider.java:lambda$create$0(206)) - Sending CreatePipelineCommand for pipeline:PipelineID=f48f3a41-aac8-47c0-a40e-0dc7fcbf11df to datanode:f35f0a8c-90e3-4c0e-82f0-ebea9a45f0ef
2023-06-22 13:18:21,276 [RatisPipelineUtilsThread - 0] INFO  pipeline.RatisPipelineProvider (RatisPipelineProvider.java:lambda$create$0(206)) - Sending CreatePipelineCommand for pipeline:PipelineID=f48f3a41-aac8-47c0-a40e-0dc7fcbf11df to datanode:2f5d805c-9187-458a-a4cb-1b814143bdc5
2023-06-22 13:18:21,277 [RatisPipelineUtilsThread - 0] INFO  pipeline.PipelineStateManagerImpl (PipelineStateManagerImpl.java:addPipeline(103)) - Created pipeline Pipeline[ Id: f48f3a41-aac8-47c0-a40e-0dc7fcbf11df, Nodes: f6e3fb16-2d06-4033-8c03-0f6e278ccaca(fv-az208-208.e0tah0prcmautdldtlfxyeofwf.cx.internal.cloudapp.net/10.1.0.30)f35f0a8c-90e3-4c0e-82f0-ebea9a45f0ef(fv-az208-208.e0tah0prcmautdldtlfxyeofwf.cx.internal.cloudapp.net/10.1.0.30)2f5d805c-9187-458a-a4cb-1b814143bdc5(fv-az208-208.e0tah0prcmautdldtlfxyeofwf.cx.internal.cloudapp.net/10.1.0.30), ReplicationConfig: RATIS/THREE, State:ALLOCATED, leaderId:, CreationTimestamp2023-06-22T13:18:21.276Z[Etc/UTC]].
2023-06-22 13:18:21,277 [RatisPipelineUtilsThread - 0] INFO  pipeline.RatisPipelineProvider (RatisPipelineProvider.java:lambda$create$0(206)) - Sending CreatePipelineCommand for pipeline:PipelineID=8ae0de83-d840-4709-ada2-5fb52a34515e to datanode:2f5d805c-9187-458a-a4cb-1b814143bdc5
2023-06-22 13:18:21,277 [RatisPipelineUtilsThread - 0] INFO  pipeline.RatisPipelineProvider (RatisPipelineProvider.java:lambda$create$0(206)) - Sending CreatePipelineCommand for pipeline:PipelineID=8ae0de83-d840-4709-ada2-5fb52a34515e to datanode:f35f0a8c-90e3-4c0e-82f0-ebea9a45f0ef
2023-06-22 13:18:21,277 [RatisPipelineUtilsThread - 0] INFO  pipeline.RatisPipelineProvider (RatisPipelineProvider.java:lambda$create$0(206)) - Sending CreatePipelineCommand for pipeline:PipelineID=8ae0de83-d840-4709-ada2-5fb52a34515e to datanode:f6e3fb16-2d06-4033-8c03-0f6e278ccaca
2023-06-22 13:18:21,278 [RatisPipelineUtilsThread - 0] INFO  pipeline.PipelineStateManagerImpl (PipelineStateManagerImpl.java:addPipeline(103)) - Created pipeline Pipeline[ Id: 8ae0de83-d840-4709-ada2-5fb52a34515e, Nodes: 2f5d805c-9187-458a-a4cb-1b814143bdc5(fv-az208-208.e0tah0prcmautdldtlfxyeofwf.cx.internal.cloudapp.net/10.1.0.30)f35f0a8c-90e3-4c0e-82f0-ebea9a45f0ef(fv-az208-208.e0tah0prcmautdldtlfxyeofwf.cx.internal.cloudapp.net/10.1.0.30)f6e3fb16-2d06-4033-8c03-0f6e278ccaca(fv-az208-208.e0tah0prcmautdldtlfxyeofwf.cx.internal.cloudapp.net/10.1.0.30), ReplicationConfig: RATIS/THREE, State:ALLOCATED, leaderId:, CreationTimestamp2023-06-22T13:18:21.277Z[Etc/UTC]].
2023-06-22 13:18:21,278 [RatisPipelineUtilsThread - 0] INFO  pipeline.PipelineManagerImpl (PipelineManagerImpl.java:recordMetricsForPipeline(826)) - Pipeline: PipelineID=8ae0de83-d840-4709-ada2-5fb52a34515e contains same datanodes as previous pipelines: PipelineID=f48f3a41-aac8-47c0-a40e-0dc7fcbf11df nodeIds: 2f5d805c-9187-458a-a4cb-1b814143bdc5, f35f0a8c-90e3-4c0e-82f0-ebea9a45f0ef, f6e3fb16-2d06-4033-8c03-0f6e278ccaca
2023-06-22 13:18:21,278 [RatisPipelineUtilsThread - 0] WARN  pipeline.PipelinePlacementPolicy (PipelinePlacementPolicy.java:filterViableNodes(166)) - Pipeline creation failed due to no sufficient healthy datanodes. Required 3. Found 0. Excluded 3.
2023-06-22 13:18:21,278 [RatisPipelineUtilsThread - 0] WARN  pipeline.PipelinePlacementPolicy (PipelinePlacementPolicy.java:filterViableNodes(166)) - Pipeline creation failed due to no sufficient healthy datanodes. Required 3. Found 0. Excluded 3.
2023-06-22 13:18:21,582 [IPC Server handler 0 on default port 15055] INFO  net.NetworkTopologyImpl (NetworkTopologyImpl.java:add(112)) - Added a new node: /default-rack/48fae9b8-4a64-47c7-9afa-6a245820b276
2023-06-22 13:18:21,582 [IPC Server handler 0 on default port 15055] INFO  node.SCMNodeManager (SCMNodeManager.java:register(406)) - Registered Data node : 48fae9b8-4a64-47c7-9afa-6a245820b276{ip: 10.1.0.30, host: fv-az208-208.e0tah0prcmautdldtlfxyeofwf.cx.internal.cloudapp.net, ports: [HTTP=15089, CLIENT_RPC=15090, REPLICATION=15096, RATIS=15092, RATIS_ADMIN=15093, RATIS_SERVER=15094, RATIS_DATASTREAM=15095, STANDALONE=15091], networkLocation: /default-rack, certSerialId: null, persistedOpState: null, persistedOpStateExpiryEpochSec: 0}
2023-06-22 13:18:21,584 [EventQueue-NewNodeForNewNodeHandler] INFO  pipeline.BackgroundPipelineCreator (BackgroundPipelineCreator.java:notifyEventTriggered(276)) - trigger a one-shot run on RatisPipelineUtilsThread.
2023-06-22 13:18:21,585 [RatisPipelineUtilsThread - 0] INFO  pipeline.RatisPipelineProvider (RatisPipelineProvider.java:lambda$create$0(206)) - Sending CreatePipelineCommand for pipeline:PipelineID=9be9455f-e90f-464b-9557-f63a7cca7e33 to datanode:48fae9b8-4a64-47c7-9afa-6a245820b276
2023-06-22 13:18:21,586 [RatisPipelineUtilsThread - 0] INFO  pipeline.PipelineStateManagerImpl (PipelineStateManagerImpl.java:addPipeline(103)) - Created pipeline Pipeline[ Id: 9be9455f-e90f-464b-9557-f63a7cca7e33, Nodes: 48fae9b8-4a64-47c7-9afa-6a245820b276(fv-az208-208.e0tah0prcmautdldtlfxyeofwf.cx.internal.cloudapp.net/10.1.0.30), ReplicationConfig: RATIS/ONE, State:ALLOCATED, leaderId:, CreationTimestamp2023-06-22T13:18:21.585Z[Etc/UTC]].
2023-06-22 13:18:21,586 [RatisPipelineUtilsThread - 0] WARN  pipeline.PipelinePlacementPolicy (PipelinePlacementPolicy.java:filterViableNodes(166)) - Pipeline creation failed due to no sufficient healthy datanodes. Required 3. Found 1. Excluded 3.
2023-06-22 13:18:21,869 [main] INFO  ozone.MiniOzoneClusterImpl (MiniOzoneClusterImpl.java:lambda$waitForClusterToBeReady$0(224)) - Waiting for nodes to be ready. Got 4 of 5 DN Heartbeats.
2023-06-22 13:18:21,869 [main] INFO  ozone.MiniOzoneClusterImpl (MiniOzoneClusterImpl.java:lambda$waitForClusterToBeReady$0(227)) - Waiting for cluster to exit safe mode
2023-06-22 13:18:21,869 [main] INFO  ozone.MiniOzoneClusterImpl (MiniOzoneClusterImpl.java:lambda$waitForClusterToBeReady$0(229)) - SCM became leader
2023-06-22 13:18:21,871 [IPC Server handler 2 on default port 15055] INFO  net.NetworkTopologyImpl (NetworkTopologyImpl.java:add(112)) - Added a new node: /default-rack/2d8cad12-2e65-4624-85ce-d7a0d9018b77
2023-06-22 13:18:21,871 [IPC Server handler 2 on default port 15055] INFO  node.SCMNodeManager (SCMNodeManager.java:register(406)) - Registered Data node : 2d8cad12-2e65-4624-85ce-d7a0d9018b77{ip: 10.1.0.30, host: fv-az208-208.e0tah0prcmautdldtlfxyeofwf.cx.internal.cloudapp.net, ports: [HTTP=15098, CLIENT_RPC=15099, REPLICATION=15105, RATIS=15101, RATIS_ADMIN=15102, RATIS_SERVER=15103, RATIS_DATASTREAM=15104, STANDALONE=15100], networkLocation: /default-rack, certSerialId: null, persistedOpState: null, persistedOpStateExpiryEpochSec: 0}
2023-06-22 13:18:21,871 [EventQueue-NewNodeForNewNodeHandler] INFO  pipeline.BackgroundPipelineCreator (BackgroundPipelineCreator.java:notifyEventTriggered(276)) - trigger a one-shot run on RatisPipelineUtilsThread.
2023-06-22 13:18:21,872 [RatisPipelineUtilsThread - 0] INFO  pipeline.RatisPipelineProvider (RatisPipelineProvider.java:lambda$create$0(206)) - Sending CreatePipelineCommand for pipeline:PipelineID=b4923f94-657f-4268-a815-943170e5b629 to datanode:2d8cad12-2e65-4624-85ce-d7a0d9018b77
2023-06-22 13:18:21,872 [RatisPipelineUtilsThread - 0] INFO  pipeline.PipelineStateManagerImpl (PipelineStateManagerImpl.java:addPipeline(103)) - Created pipeline Pipeline[ Id: b4923f94-657f-4268-a815-943170e5b629, Nodes: 2d8cad12-2e65-4624-85ce-d7a0d9018b77(fv-az208-208.e0tah0prcmautdldtlfxyeofwf.cx.internal.cloudapp.net/10.1.0.30), ReplicationConfig: RATIS/ONE, State:ALLOCATED, leaderId:, CreationTimestamp2023-06-22T13:18:21.872Z[Etc/UTC]].
2023-06-22 13:18:21,873 [RatisPipelineUtilsThread - 0] WARN  pipeline.PipelinePlacementPolicy (PipelinePlacementPolicy.java:filterViableNodes(166)) - Pipeline creation failed due to no sufficient healthy datanodes. Required 3. Found 2. Excluded 3.
2023-06-22 13:18:22,869 [main] INFO  ozone.MiniOzoneClusterImpl (MiniOzoneClusterImpl.java:lambda$waitForClusterToBeReady$0(224)) - Nodes are ready. Got 5 of 5 DN Heartbeats.
2023-06-22 13:18:22,869 [main] INFO  ozone.MiniOzoneClusterImpl (MiniOzoneClusterImpl.java:lambda$waitForClusterToBeReady$0(227)) - Waiting for cluster to exit safe mode
2023-06-22 13:18:22,869 [main] INFO  ozone.MiniOzoneClusterImpl (MiniOzoneClusterImpl.java:lambda$waitForClusterToBeReady$0(229)) - SCM became leader
2023-06-22 13:18:23,604 [PipelineCommandHandlerThread-0] INFO  server.RaftServer (RaftServerProxy.java:addNew(98)) - f6e3fb16-2d06-4033-8c03-0f6e278ccaca: addNew group-7C8C80A41445:[f6e3fb16-2d06-4033-8c03-0f6e278ccaca|rpc:10.1.0.30:15067|admin:10.1.0.30:15066|client:10.1.0.30:15065|dataStream:10.1.0.30:15068|priority:1|startupRole:FOLLOWER] returns group-7C8C80A41445:java.util.concurrent.CompletableFuture@59a275bf[Not completed]
2023-06-22 13:18:23,605 [f6e3fb16-2d06-4033-8c03-0f6e278ccaca-groupManagement] INFO  server.RaftServer$Division (RaftServerImpl.java:<init>(198)) - f6e3fb16-2d06-4033-8c03-0f6e278ccaca: new RaftServerImpl for group-7C8C80A41445:[f6e3fb16-2d06-4033-8c03-0f6e278ccaca|rpc:10.1.0.30:15067|admin:10.1.0.30:15066|client:10.1.0.30:15065|dataStream:10.1.0.30:15068|priority:1|startupRole:FOLLOWER] with ContainerStateMachine:uninitialized
2023-06-22 13:18:23,605 [f6e3fb16-2d06-4033-8c03-0f6e278ccaca-groupManagement] INFO  server.RaftServerConfigKeys (ConfUtils.java:logGet(46)) - raft.server.rpc.timeout.min = 5s (custom)
2023-06-22 13:18:23,605 [f6e3fb16-2d06-4033-8c03-0f6e278ccaca-groupManagement] INFO  server.RaftServerConfigKeys (ConfUtils.java:logGet(46)) - raft.server.rpc.timeout.max = 5200ms (custom)
2023-06-22 13:18:23,605 [f6e3fb16-2d06-4033-8c03-0f6e278ccaca-groupManagement] INFO  server.RaftServerConfigKeys (ConfUtils.java:logGet(46)) - raft.server.rpc.sleep.time = 25ms (default)
2023-06-22 13:18:23,605 [f6e3fb16-2d06-4033-8c03-0f6e278ccaca-groupManagement] INFO  server.RaftServerConfigKeys (ConfUtils.java:logGet(46)) - raft.server.rpc.slowness.timeout = 300s (custom)
2023-06-22 13:18:23,605 [f6e3fb16-2d06-4033-8c03-0f6e278ccaca-groupManagement] INFO  server.RaftServerConfigKeys (ConfUtils.java:logGet(46)) - raft.server.leaderelection.leader.step-down.wait-time = 10s (default)
2023-06-22 13:18:23,605 [f6e3fb16-2d06-4033-8c03-0f6e278ccaca-groupManagement] INFO  server.RaftServerConfigKeys (ConfUtils.java:logGet(46)) - raft.server.sleep.deviation.threshold = 300ms (default)
2023-06-22 13:18:23,605 [f6e3fb16-2d06-4033-8c03-0f6e278ccaca-groupManagement] INFO  server.RaftServer$Division (ServerState.java:<init>(120)) - f6e3fb16-2d06-4033-8c03-0f6e278ccaca@group-7C8C80A41445: ConfigurationManager, init=-1: peers:[f6e3fb16-2d06-4033-8c03-0f6e278ccaca|rpc:10.1.0.30:15067|admin:10.1.0.30:15066|client:10.1.0.30:15065|dataStream:10.1.0.30:15068|priority:1|startupRole:FOLLOWER]|listeners:[], old=null, confs=<EMPTY_MAP>
2023-06-22 13:18:23,605 [f6e3fb16-2d06-4033-8c03-0f6e278ccaca-groupManagement] INFO  server.RaftServerConfigKeys (ConfUtils.java:logGet(46)) - raft.server.storage.dir = [/home/runner/work/ozone/ozone/hadoop-ozone/integration-test/target/test-dir/MiniOzoneClusterImpl-f04ff4d6-b670-4e84-9a89-5b4d7edf6ec9/datanode-0/data/ratis] (custom)
2023-06-22 13:18:23,605 [f6e3fb16-2d06-4033-8c03-0f6e278ccaca-groupManagement] INFO  server.RaftServerConfigKeys (ConfUtils.java:logGet(46)) - raft.server.log.corruption.policy = EXCEPTION (default)
2023-06-22 13:18:23,605 [f6e3fb16-2d06-4033-8c03-0f6e278ccaca-groupManagement] INFO  server.RaftServerConfigKeys (ConfUtils.java:logGet(46)) - raft.server.storage.free-space.min = 0MB (=0) (default)
2023-06-22 13:18:23,605 [f6e3fb16-2d06-4033-8c03-0f6e278ccaca-groupManagement] INFO  server.RaftServerConfigKeys (ConfUtils.java:logGet(46)) - raft.server.notification.no-leader.timeout = 300s (custom)
2023-06-22 13:18:23,605 [f6e3fb16-2d06-4033-8c03-0f6e278ccaca-groupManagement] INFO  server.RaftServerConfigKeys (ConfUtils.java:logGet(46)) - raft.server.read.timeout = 10s (default)
2023-06-22 13:18:23,606 [f6e3fb16-2d06-4033-8c03-0f6e278ccaca-groupManagement] INFO  server.RaftServerConfigKeys (ConfUtils.java:logGet(46)) - raft.server.retrycache.expirytime = 600000ms (custom)
2023-06-22 13:18:23,606 [f6e3fb16-2d06-4033-8c03-0f6e278ccaca-groupManagement] INFO  server.RaftServerConfigKeys (ConfUtils.java:logGet(46)) - raft.server.retrycache.statistics.expirytime = 100μs (default)
2023-06-22 13:18:23,606 [f6e3fb16-2d06-4033-8c03-0f6e278ccaca-groupManagement] INFO  server.RaftServerConfigKeys (ConfUtils.java:logGet(46)) - raft.server.read.option = DEFAULT (default)
2023-06-22 13:18:23,607 [f6e3fb16-2d06-4033-8c03-0f6e278ccaca-groupManagement] INFO  server.RaftServerConfigKeys (ConfUtils.java:logGet(46)) - raft.server.rpc.request.timeout = 60s (custom)
2023-06-22 13:18:23,607 [f6e3fb16-2d06-4033-8c03-0f6e278ccaca-groupManagement] INFO  server.RaftServerConfigKeys (ConfUtils.java:logGet(46)) - raft.server.log.appender.install.snapshot.enabled = false (custom)
2023-06-22 13:18:23,607 [f6e3fb16-2d06-4033-8c03-0f6e278ccaca-groupManagement] INFO  server.RaftServerConfigKeys (ConfUtils.java:logGet(46)) - raft.server.threadpool.server.cached = true (default)
2023-06-22 13:18:23,608 [f6e3fb16-2d06-4033-8c03-0f6e278ccaca-groupManagement] INFO  server.RaftServerConfigKeys (ConfUtils.java:logGet(46)) - raft.server.threadpool.server.size = 0 (default)
2023-06-22 13:18:23,608 [f6e3fb16-2d06-4033-8c03-0f6e278ccaca-groupManagement] INFO  server.RaftServerConfigKeys (ConfUtils.java:logGet(46)) - raft.server.threadpool.client.cached = true (default)
2023-06-22 13:18:23,608 [f6e3fb16-2d06-4033-8c03-0f6e278ccaca-groupManagement] INFO  server.RaftServerConfigKeys (ConfUtils.java:logGet(46)) - raft.server.threadpool.client.size = 0 (default)
2023-06-22 13:18:23,608 [f6e3fb16-2d06-4033-8c03-0f6e278ccaca-groupManagement] INFO  storage.RaftStorageDirectory (RaftStorageDirectoryImpl.java:analyzeStorage(137)) - The storage directory /home/runner/work/ozone/ozone/hadoop-ozone/integration-test/target/test-dir/MiniOzoneClusterImpl-f04ff4d6-b670-4e84-9a89-5b4d7edf6ec9/datanode-0/data/ratis/ae8ec43c-0f68-4c13-8aab-7c8c80a41445 does not exist. Creating ...
2023-06-22 13:18:23,609 [f6e3fb16-2d06-4033-8c03-0f6e278ccaca-groupManagement] INFO  storage.RaftStorageDirectory (RaftStorageDirectoryImpl.java:tryLock(231)) - Lock on /home/runner/work/ozone/ozone/hadoop-ozone/integration-test/target/test-dir/MiniOzoneClusterImpl-f04ff4d6-b670-4e84-9a89-5b4d7edf6ec9/datanode-0/data/ratis/ae8ec43c-0f68-4c13-8aab-7c8c80a41445/in_use.lock acquired by nodename 40864@fv-az208-208
2023-06-22 13:18:23,611 [f6e3fb16-2d06-4033-8c03-0f6e278ccaca-groupManagement] INFO  storage.RaftStorage (RaftStorageImpl.java:format(96)) - Storage directory /home/runner/work/ozone/ozone/hadoop-ozone/integration-test/target/test-dir/MiniOzoneClusterImpl-f04ff4d6-b670-4e84-9a89-5b4d7edf6ec9/datanode-0/data/ratis/ae8ec43c-0f68-4c13-8aab-7c8c80a41445 has been successfully formatted.
2023-06-22 13:18:23,612 [f6e3fb16-2d06-4033-8c03-0f6e278ccaca-groupManagement] INFO  ratis.ContainerStateMachine (ContainerStateMachine.java:loadSnapshot(262)) - group-7C8C80A41445: The snapshot info is null. Setting the last applied indexto:(t:0, i:~)
2023-06-22 13:18:23,612 [f6e3fb16-2d06-4033-8c03-0f6e278ccaca-groupManagement] INFO  server.RaftServerConfigKeys (ConfUtils.java:logGet(46)) - raft.server.log.use.memory = false (default)
2023-06-22 13:18:23,612 [f6e3fb16-2d06-4033-8c03-0f6e278ccaca-groupManagement] INFO  server.RaftServerConfigKeys (ConfUtils.java:logGet(46)) - raft.server.log.purge.gap = 1000000 (custom)
2023-06-22 13:18:23,612 [f6e3fb16-2d06-4033-8c03-0f6e278ccaca-groupManagement] INFO  server.RaftServerConfigKeys (ConfUtils.java:logGet(46)) - raft.server.log.appender.buffer.byte-limit = 33554432 (custom)
2023-06-22 13:18:23,612 [f6e3fb16-2d06-4033-8c03-0f6e278ccaca-groupManagement] INFO  server.RaftServerConfigKeys (ConfUtils.java:logGet(46)) - raft.server.log.statemachine.data.read.timeout = 1000ms (default)
2023-06-22 13:18:23,612 [f6e3fb16-2d06-4033-8c03-0f6e278ccaca-groupManagement] INFO  server.RaftServerConfigKeys (ConfUtils.java:logGet(46)) - raft.server.log.purge.preservation.log.num = 0 (default)
2023-06-22 13:18:23,613 [EventQueue-PipelineReportForPipelineReportHandler] INFO  pipeline.PipelineManagerImpl (PipelineManagerImpl.java:openPipeline(367)) - Pipeline Pipeline[ Id: ae8ec43c-0f68-4c13-8aab-7c8c80a41445, Nodes: f6e3fb16-2d06-4033-8c03-0f6e278ccaca(fv-az208-208.e0tah0prcmautdldtlfxyeofwf.cx.internal.cloudapp.net/10.1.0.30), ReplicationConfig: RATIS/ONE, State:ALLOCATED, leaderId:f6e3fb16-2d06-4033-8c03-0f6e278ccaca, CreationTimestamp2023-06-22T13:18:20.610Z[Etc/UTC]] moved to OPEN state
2023-06-22 13:18:23,615 [f6e3fb16-2d06-4033-8c03-0f6e278ccaca-groupManagement] INFO  server.RaftServerConfigKeys (ConfUtils.java:logGet(46)) - raft.server.log.segment.size.max = 1048576 (custom)
2023-06-22 13:18:23,615 [f6e3fb16-2d06-4033-8c03-0f6e278ccaca-groupManagement] INFO  server.RaftServerConfigKeys (ConfUtils.java:logGet(46)) - raft.server.log.segment.cache.num.max = 2 (custom)
2023-06-22 13:18:23,615 [f6e3fb16-2d06-4033-8c03-0f6e278ccaca-groupManagement] INFO  server.RaftServerConfigKeys (ConfUtils.java:logGet(46)) - raft.server.log.segment.cache.size.max = 200MB (=209715200) (default)
2023-06-22 13:18:23,615 [f6e3fb16-2d06-4033-8c03-0f6e278ccaca-groupManagement] INFO  server.RaftServerConfigKeys (ConfUtils.java:logGet(46)) - raft.server.log.appender.buffer.byte-limit = 33554432 (custom)
2023-06-22 13:18:23,615 [f6e3fb16-2d06-4033-8c03-0f6e278ccaca-groupManagement] INFO  segmented.SegmentedRaftLogWorker (SegmentedRaftLogWorker.java:<init>(188)) - new f6e3fb16-2d06-4033-8c03-0f6e278ccaca@group-7C8C80A41445-SegmentedRaftLogWorker for RaftStorageImpl:Storage Directory /home/runner/work/ozone/ozone/hadoop-ozone/integration-test/target/test-dir/MiniOzoneClusterImpl-f04ff4d6-b670-4e84-9a89-5b4d7edf6ec9/datanode-0/data/ratis/ae8ec43c-0f68-4c13-8aab-7c8c80a41445
2023-06-22 13:18:23,615 [f6e3fb16-2d06-4033-8c03-0f6e278ccaca-groupManagement] INFO  server.RaftServerConfigKeys (ConfUtils.java:logGet(46)) - raft.server.log.queue.byte-limit = 4294967296 (custom)
2023-06-22 13:18:23,615 [f6e3fb16-2d06-4033-8c03-0f6e278ccaca-groupManagement] INFO  server.RaftServerConfigKeys (ConfUtils.java:logGet(46)) - raft.server.log.queue.element-limit = 1024 (custom)
2023-06-22 13:18:23,615 [f6e3fb16-2d06-4033-8c03-0f6e278ccaca-groupManagement] INFO  server.RaftServerConfigKeys (ConfUtils.java:logGet(46)) - raft.server.log.segment.size.max = 1048576 (custom)
2023-06-22 13:18:23,615 [f6e3fb16-2d06-4033-8c03-0f6e278ccaca-groupManagement] INFO  server.RaftServerConfigKeys (ConfUtils.java:logGet(46)) - raft.server.log.preallocated.size = 16384 (custom)
2023-06-22 13:18:23,615 [f6e3fb16-2d06-4033-8c03-0f6e278ccaca-groupManagement] INFO  server.RaftServerConfigKeys (ConfUtils.java:logGet(46)) - raft.server.log.force.sync.num = 128 (default)
2023-06-22 13:18:23,615 [f6e3fb16-2d06-4033-8c03-0f6e278ccaca-groupManagement] INFO  server.RaftServerConfigKeys (ConfUtils.java:logGet(46)) - raft.server.log.statemachine.data.sync = true (default)
2023-06-22 13:18:23,615 [f6e3fb16-2d06-4033-8c03-0f6e278ccaca-groupManagement] INFO  server.RaftServerConfigKeys (ConfUtils.java:logGet(46)) - raft.server.log.statemachine.data.sync.timeout = 10s (default)
2023-06-22 13:18:23,615 [f6e3fb16-2d06-4033-8c03-0f6e278ccaca-groupManagement] INFO  server.RaftServerConfigKeys (ConfUtils.java:logGet(46)) - raft.server.log.statemachine.data.sync.timeout.retry = -1 (default)
2023-06-22 13:18:23,616 [f6e3fb16-2d06-4033-8c03-0f6e278ccaca-groupManagement] INFO  server.RaftServerConfigKeys (ConfUtils.java:logGet(46)) - raft.server.log.write.buffer.size = 1048576 (custom)
2023-06-22 13:18:23,616 [f6e3fb16-2d06-4033-8c03-0f6e278ccaca-groupManagement] INFO  server.RaftServerConfigKeys (ConfUtils.java:logGet(46)) - raft.server.log.appender.buffer.byte-limit = 33554432 (custom)
2023-06-22 13:18:23,620 [f6e3fb16-2d06-4033-8c03-0f6e278ccaca-groupManagement] INFO  server.RaftServerConfigKeys (ConfUtils.java:logGet(46)) - raft.server.log.unsafe-flush.enabled = false (default)
2023-06-22 13:18:23,620 [f6e3fb16-2d06-4033-8c03-0f6e278ccaca-groupManagement] INFO  server.RaftServerConfigKeys (ConfUtils.java:logGet(46)) - raft.server.log.async-flush.enabled = false (default)
2023-06-22 13:18:23,620 [f6e3fb16-2d06-4033-8c03-0f6e278ccaca-groupManagement] INFO  server.RaftServerConfigKeys (ConfUtils.java:logGet(46)) - raft.server.log.statemachine.data.caching.enabled = true (custom)
2023-06-22 13:18:23,620 [f6e3fb16-2d06-4033-8c03-0f6e278ccaca-groupManagement] INFO  segmented.SegmentedRaftLogWorker (SegmentedRaftLogWorker.java:lambda$new$0(135)) - f6e3fb16-2d06-4033-8c03-0f6e278ccaca@group-7C8C80A41445-SegmentedRaftLogWorker: flushIndex: setUnconditionally 0 -> -1
2023-06-22 13:18:23,620 [f6e3fb16-2d06-4033-8c03-0f6e278ccaca-groupManagement] INFO  segmented.SegmentedRaftLogWorker (SegmentedRaftLogWorker.java:lambda$new$0(135)) - f6e3fb16-2d06-4033-8c03-0f6e278ccaca@group-7C8C80A41445-SegmentedRaftLogWorker: safeCacheEvictIndex: setUnconditionally 0 -> -1
2023-06-22 13:18:23,620 [f6e3fb16-2d06-4033-8c03-0f6e278ccaca-groupManagement] INFO  server.RaftServer$Division (RaftServerImpl.java:start(342)) - f6e3fb16-2d06-4033-8c03-0f6e278ccaca@group-7C8C80A41445: start as a follower, conf=-1: peers:[f6e3fb16-2d06-4033-8c03-0f6e278ccaca|rpc:10.1.0.30:15067|admin:10.1.0.30:15066|client:10.1.0.30:15065|dataStream:10.1.0.30:15068|priority:1|startupRole:FOLLOWER]|listeners:[], old=null
2023-06-22 13:18:23,620 [f6e3fb16-2d06-4033-8c03-0f6e278ccaca-groupManagement] INFO  server.RaftServer$Division (RaftServerImpl.java:setRole(329)) - f6e3fb16-2d06-4033-8c03-0f6e278ccaca@group-7C8C80A41445: changes role from      null to FOLLOWER at term 0 for startAsFollower
2023-06-22 13:18:23,620 [f6e3fb16-2d06-4033-8c03-0f6e278ccaca-groupManagement] INFO  impl.RoleInfo (RoleInfo.java:updateAndGet(139)) - f6e3fb16-2d06-4033-8c03-0f6e278ccaca: start f6e3fb16-2d06-4033-8c03-0f6e278ccaca@group-7C8C80A41445-FollowerState
2023-06-22 13:18:23,620 [EventQueue-OpenPipelineForHealthyPipelineSafeModeRule] INFO  safemode.SCMSafeModeManager (HealthyPipelineSafeModeRule.java:process(137)) - SCM in safe mode. Healthy pipelines reported count is 0, required healthy pipeline reported count is 1
2023-06-22 13:18:23,623 [f6e3fb16-2d06-4033-8c03-0f6e278ccaca-groupManagement] INFO  util.JmxRegister (JmxRegister.java:tryRegister(44)) - Successfully registered JMX Bean with object name Ratis:service=RaftServer,group=group-7C8C80A41445,id=f6e3fb16-2d06-4033-8c03-0f6e278ccaca
2023-06-22 13:18:23,623 [f6e3fb16-2d06-4033-8c03-0f6e278ccaca-groupManagement] INFO  server.RaftServerConfigKeys (ConfUtils.java:logGet(46)) - raft.server.snapshot.auto.trigger.enabled = true (custom)
2023-06-22 13:18:23,623 [f6e3fb16-2d06-4033-8c03-0f6e278ccaca-groupManagement] INFO  server.RaftServerConfigKeys (ConfUtils.java:logGet(46)) - raft.server.snapshot.auto.trigger.threshold = 10000 (custom)
2023-06-22 13:18:23,624 [f6e3fb16-2d06-4033-8c03-0f6e278ccaca-groupManagement] INFO  server.RaftServerConfigKeys (ConfUtils.java:logGet(46)) - raft.server.snapshot.retention.file.num = 5 (custom)
2023-06-22 13:18:23,624 [f6e3fb16-2d06-4033-8c03-0f6e278ccaca-groupManagement] INFO  server.RaftServerConfigKeys (ConfUtils.java:logGet(46)) - raft.server.log.purge.upto.snapshot.index = false (default)
2023-06-22 13:18:23,624 [f6e3fb16-2d06-4033-8c03-0f6e278ccaca@group-7C8C80A41445-FollowerState] INFO  server.RaftServerConfigKeys (ConfUtils.java:logFallback(53)) - raft.server.rpc.first-election.timeout.min = 5s (fallback to raft.server.rpc.timeout.min)
2023-06-22 13:18:23,624 [f6e3fb16-2d06-4033-8c03-0f6e278ccaca@group-7C8C80A41445-FollowerState] INFO  server.RaftServerConfigKeys (ConfUtils.java:logFallback(53)) - raft.server.rpc.first-election.timeout.max = 5200ms (fallback to raft.server.rpc.timeout.max)
2023-06-22 13:18:23,628 [PipelineCommandHandlerThread-0] INFO  ratis.XceiverServerRatis (XceiverServerRatis.java:addGroup(804)) - Created group PipelineID=ae8ec43c-0f68-4c13-8aab-7c8c80a41445
2023-06-22 13:18:23,629 [PipelineCommandHandlerThread-0] INFO  commandhandler.CreatePipelineCommandHandler (CreatePipelineCommandHandler.java:lambda$handle$2(124)) - Created Pipeline RATIS ONE PipelineID=ae8ec43c-0f68-4c13-8aab-7c8c80a41445.
2023-06-22 13:18:23,629 [PipelineCommandHandlerThread-0] INFO  server.RaftServer (RaftServerProxy.java:addNew(98)) - f6e3fb16-2d06-4033-8c03-0f6e278ccaca: addNew group-0DC7FCBF11DF:[f6e3fb16-2d06-4033-8c03-0f6e278ccaca|rpc:10.1.0.30:15067|admin:10.1.0.30:15066|client:10.1.0.30:15065|dataStream:10.1.0.30:15068|priority:0|startupRole:FOLLOWER, f35f0a8c-90e3-4c0e-82f0-ebea9a45f0ef|rpc:10.1.0.30:15085|admin:10.1.0.30:15084|client:10.1.0.30:15083|dataStream:10.1.0.30:15086|priority:0|startupRole:FOLLOWER, 2f5d805c-9187-458a-a4cb-1b814143bdc5|rpc:10.1.0.30:15076|admin:10.1.0.30:15075|client:10.1.0.30:15074|dataStream:10.1.0.30:15077|priority:1|startupRole:FOLLOWER] returns group-0DC7FCBF11DF:java.util.concurrent.CompletableFuture@5d9dfa53[Not completed]
2023-06-22 13:18:23,629 [f6e3fb16-2d06-4033-8c03-0f6e278ccaca-groupManagement] INFO  server.RaftServer$Division (RaftServerImpl.java:<init>(198)) - f6e3fb16-2d06-4033-8c03-0f6e278ccaca: new RaftServerImpl for group-0DC7FCBF11DF:[f6e3fb16-2d06-4033-8c03-0f6e278ccaca|rpc:10.1.0.30:15067|admin:10.1.0.30:15066|client:10.1.0.30:15065|dataStream:10.1.0.30:15068|priority:0|startupRole:FOLLOWER, f35f0a8c-90e3-4c0e-82f0-ebea9a45f0ef|rpc:10.1.0.30:15085|admin:10.1.0.30:15084|client:10.1.0.30:15083|dataStream:10.1.0.30:15086|priority:0|startupRole:FOLLOWER, 2f5d805c-9187-458a-a4cb-1b814143bdc5|rpc:10.1.0.30:15076|admin:10.1.0.30:15075|client:10.1.0.30:15074|dataStream:10.1.0.30:15077|priority:1|startupRole:FOLLOWER] with ContainerStateMachine:uninitialized
2023-06-22 13:18:23,630 [f6e3fb16-2d06-4033-8c03-0f6e278ccaca-groupManagement] INFO  server.RaftServerConfigKeys (ConfUtils.java:logGet(46)) - raft.server.rpc.timeout.min = 5s (custom)
2023-06-22 13:18:23,630 [f6e3fb16-2d06-4033-8c03-0f6e278ccaca-groupManagement] INFO  server.RaftServerConfigKeys (ConfUtils.java:logGet(46)) - raft.server.rpc.timeout.max = 5200ms (custom)
2023-06-22 13:18:23,630 [f6e3fb16-2d06-4033-8c03-0f6e278ccaca-groupManagement] INFO  server.RaftServerConfigKeys (ConfUtils.java:logGet(46)) - raft.server.rpc.sleep.time = 25ms (default)
2023-06-22 13:18:23,630 [f6e3fb16-2d06-4033-8c03-0f6e278ccaca-groupManagement] INFO  server.RaftServerConfigKeys (ConfUtils.java:logGet(46)) - raft.server.rpc.slowness.timeout = 300s (custom)
2023-06-22 13:18:23,630 [f6e3fb16-2d06-4033-8c03-0f6e278ccaca-groupManagement] INFO  server.RaftServerConfigKeys (ConfUtils.java:logGet(46)) - raft.server.leaderelection.leader.step-down.wait-time = 10s (default)
2023-06-22 13:18:23,630 [f6e3fb16-2d06-4033-8c03-0f6e278ccaca-groupManagement] INFO  server.RaftServerConfigKeys (ConfUtils.java:logGet(46)) - raft.server.sleep.deviation.threshold = 300ms (default)
2023-06-22 13:18:23,630 [f6e3fb16-2d06-4033-8c03-0f6e278ccaca-groupManagement] INFO  server.RaftServer$Division (ServerState.java:<init>(120)) - f6e3fb16-2d06-4033-8c03-0f6e278ccaca@group-0DC7FCBF11DF: ConfigurationManager, init=-1: peers:[f6e3fb16-2d06-4033-8c03-0f6e278ccaca|rpc:10.1.0.30:15067|admin:10.1.0.30:15066|client:10.1.0.30:15065|dataStream:10.1.0.30:15068|priority:0|startupRole:FOLLOWER, f35f0a8c-90e3-4c0e-82f0-ebea9a45f0ef|rpc:10.1.0.30:15085|admin:10.1.0.30:15084|client:10.1.0.30:15083|dataStream:10.1.0.30:15086|priority:0|startupRole:FOLLOWER, 2f5d805c-9187-458a-a4cb-1b814143bdc5|rpc:10.1.0.30:15076|admin:10.1.0.30:15075|client:10.1.0.30:15074|dataStream:10.1.0.30:15077|priority:1|startupRole:FOLLOWER]|listeners:[], old=null, confs=<EMPTY_MAP>
2023-06-22 13:18:23,630 [f6e3fb16-2d06-4033-8c03-0f6e278ccaca-groupManagement] INFO  server.RaftServerConfigKeys (ConfUtils.java:logGet(46)) - raft.server.storage.dir = [/home/runner/work/ozone/ozone/hadoop-ozone/integration-test/target/test-dir/MiniOzoneClusterImpl-f04ff4d6-b670-4e84-9a89-5b4d7edf6ec9/datanode-0/data/ratis] (custom)
2023-06-22 13:18:23,630 [f6e3fb16-2d06-4033-8c03-0f6e278ccaca-groupManagement] INFO  server.RaftServerConfigKeys (ConfUtils.java:logGet(46)) - raft.server.log.corruption.policy = EXCEPTION (default)
2023-06-22 13:18:23,630 [f6e3fb16-2d06-4033-8c03-0f6e278ccaca-groupManagement] INFO  server.RaftServerConfigKeys (ConfUtils.java:logGet(46)) - raft.server.storage.free-space.min = 0MB (=0) (default)
2023-06-22 13:18:23,630 [f6e3fb16-2d06-4033-8c03-0f6e278ccaca-groupManagement] INFO  server.RaftServerConfigKeys (ConfUtils.java:logGet(46)) - raft.server.notification.no-leader.timeout = 300s (custom)
2023-06-22 13:18:23,630 [f6e3fb16-2d06-4033-8c03-0f6e278ccaca-groupManagement] INFO  server.RaftServerConfigKeys (ConfUtils.java:logGet(46)) - raft.server.read.timeout = 10s (default)
2023-06-22 13:18:23,630 [f6e3fb16-2d06-4033-8c03-0f6e278ccaca-groupManagement] INFO  server.RaftServerConfigKeys (ConfUtils.java:logGet(46)) - raft.server.retrycache.expirytime = 600000ms (custom)
2023-06-22 13:18:23,630 [f6e3fb16-2d06-4033-8c03-0f6e278ccaca-groupManagement] INFO  server.RaftServerConfigKeys (ConfUtils.java:logGet(46)) - raft.server.retrycache.statistics.expirytime = 100μs (default)
2023-06-22 13:18:23,630 [f6e3fb16-2d06-4033-8c03-0f6e278ccaca-groupManagement] INFO  server.RaftServerConfigKeys (ConfUtils.java:logGet(46)) - raft.server.read.option = DEFAULT (default)
2023-06-22 13:18:23,632 [f6e3fb16-2d06-4033-8c03-0f6e278ccaca-groupManagement] INFO  server.RaftServerConfigKeys (ConfUtils.java:logGet(46)) - raft.server.rpc.request.timeout = 60s (custom)
2023-06-22 13:18:23,632 [f6e3fb16-2d06-4033-8c03-0f6e278ccaca-groupManagement] INFO  server.RaftServerConfigKeys (ConfUtils.java:logGet(46)) - raft.server.log.appender.install.snapshot.enabled = false (custom)
2023-06-22 13:18:23,632 [f6e3fb16-2d06-4033-8c03-0f6e278ccaca-groupManagement] INFO  server.RaftServerConfigKeys (ConfUtils.java:logGet(46)) - raft.server.threadpool.server.cached = true (default)
2023-06-22 13:18:23,632 [f6e3fb16-2d06-4033-8c03-0f6e278ccaca-groupManagement] INFO  server.RaftServerConfigKeys (ConfUtils.java:logGet(46)) - raft.server.threadpool.server.size = 0 (default)
2023-06-22 13:18:23,632 [f6e3fb16-2d06-4033-8c03-0f6e278ccaca-groupManagement] INFO  server.RaftServerConfigKeys (ConfUtils.java:logGet(46)) - raft.server.threadpool.client.cached = true (default)
2023-06-22 13:18:23,632 [f6e3fb16-2d06-4033-8c03-0f6e278ccaca-groupManagement] INFO  server.RaftServerConfigKeys (ConfUtils.java:logGet(46)) - raft.server.threadpool.client.size = 0 (default)
2023-06-22 13:18:23,632 [f6e3fb16-2d06-4033-8c03-0f6e278ccaca-groupManagement] INFO  storage.RaftStorageDirectory (RaftStorageDirectoryImpl.java:analyzeStorage(137)) - The storage directory /home/runner/work/ozone/ozone/hadoop-ozone/integration-test/target/test-dir/MiniOzoneClusterImpl-f04ff4d6-b670-4e84-9a89-5b4d7edf6ec9/datanode-0/data/ratis/f48f3a41-aac8-47c0-a40e-0dc7fcbf11df does not exist. Creating ...
2023-06-22 13:18:23,633 [f6e3fb16-2d06-4033-8c03-0f6e278ccaca-groupManagement] INFO  storage.RaftStorageDirectory (RaftStorageDirectoryImpl.java:tryLock(231)) - Lock on /home/runner/work/ozone/ozone/hadoop-ozone/integration-test/target/test-dir/MiniOzoneClusterImpl-f04ff4d6-b670-4e84-9a89-5b4d7edf6ec9/datanode-0/data/ratis/f48f3a41-aac8-47c0-a40e-0dc7fcbf11df/in_use.lock acquired by nodename 40864@fv-az208-208
2023-06-22 13:18:23,635 [f6e3fb16-2d06-4033-8c03-0f6e278ccaca-groupManagement] INFO  storage.RaftStorage (RaftStorageImpl.java:format(96)) - Storage directory /home/runner/work/ozone/ozone/hadoop-ozone/integration-test/target/test-dir/MiniOzoneClusterImpl-f04ff4d6-b670-4e84-9a89-5b4d7edf6ec9/datanode-0/data/ratis/f48f3a41-aac8-47c0-a40e-0dc7fcbf11df has been successfully formatted.
2023-06-22 13:18:23,635 [f6e3fb16-2d06-4033-8c03-0f6e278ccaca-groupManagement] INFO  ratis.ContainerStateMachine (ContainerStateMachine.java:loadSnapshot(262)) - group-0DC7FCBF11DF: The snapshot info is null. Setting the last applied indexto:(t:0, i:~)
2023-06-22 13:18:23,635 [f6e3fb16-2d06-4033-8c03-0f6e278ccaca-groupManagement] INFO  server.RaftServerConfigKeys (ConfUtils.java:logGet(46)) - raft.server.log.use.memory = false (default)
2023-06-22 13:18:23,635 [f6e3fb16-2d06-4033-8c03-0f6e278ccaca-groupManagement] INFO  server.RaftServerConfigKeys (ConfUtils.java:logGet(46)) - raft.server.log.purge.gap = 1000000 (custom)
2023-06-22 13:18:23,635 [f6e3fb16-2d06-4033-8c03-0f6e278ccaca-groupManagement] INFO  server.RaftServerConfigKeys (ConfUtils.java:logGet(46)) - raft.server.log.appender.buffer.byte-limit = 33554432 (custom)
2023-06-22 13:18:23,635 [f6e3fb16-2d06-4033-8c03-0f6e278ccaca-groupManagement] INFO  server.RaftServerConfigKeys (ConfUtils.java:logGet(46)) - raft.server.log.statemachine.data.read.timeout = 1000ms (default)
2023-06-22 13:18:23,635 [f6e3fb16-2d06-4033-8c03-0f6e278ccaca-groupManagement] INFO  server.RaftServerConfigKeys (ConfUtils.java:logGet(46)) - raft.server.log.purge.preservation.log.num = 0 (default)
2023-06-22 13:18:23,636 [f6e3fb16-2d06-4033-8c03-0f6e278ccaca-groupManagement] INFO  server.RaftServerConfigKeys (ConfUtils.java:logGet(46)) - raft.server.log.segment.size.max = 1048576 (custom)
2023-06-22 13:18:23,636 [f6e3fb16-2d06-4033-8c03-0f6e278ccaca-groupManagement] INFO  server.RaftServerConfigKeys (ConfUtils.java:logGet(46)) - raft.server.log.segment.cache.num.max = 2 (custom)
2023-06-22 13:18:23,636 [f6e3fb16-2d06-4033-8c03-0f6e278ccaca-groupManagement] INFO  server.RaftServerConfigKeys (ConfUtils.java:logGet(46)) - raft.server.log.segment.cache.size.max = 200MB (=209715200) (default)
2023-06-22 13:18:23,636 [f6e3fb16-2d06-4033-8c03-0f6e278ccaca-groupManagement] INFO  server.RaftServerConfigKeys (ConfUtils.java:logGet(46)) - raft.server.log.appender.buffer.byte-limit = 33554432 (custom)
2023-06-22 13:18:23,636 [f6e3fb16-2d06-4033-8c03-0f6e278ccaca-groupManagement] INFO  segmented.SegmentedRaftLogWorker (SegmentedRaftLogWorker.java:<init>(188)) - new f6e3fb16-2d06-4033-8c03-0f6e278ccaca@group-0DC7FCBF11DF-SegmentedRaftLogWorker for RaftStorageImpl:Storage Directory /home/runner/work/ozone/ozone/hadoop-ozone/integration-test/target/test-dir/MiniOzoneClusterImpl-f04ff4d6-b670-4e84-9a89-5b4d7edf6ec9/datanode-0/data/ratis/f48f3a41-aac8-47c0-a40e-0dc7fcbf11df
2023-06-22 13:18:23,636 [f6e3fb16-2d06-4033-8c03-0f6e278ccaca-groupManagement] INFO  server.RaftServerConfigKeys (ConfUtils.java:logGet(46)) - raft.server.log.queue.byte-limit = 4294967296 (custom)
2023-06-22 13:18:23,636 [f6e3fb16-2d06-4033-8c03-0f6e278ccaca-groupManagement] INFO  server.RaftServerConfigKeys (ConfUtils.java:logGet(46)) - raft.server.log.queue.element-limit = 1024 (custom)
2023-06-22 13:18:23,636 [f6e3fb16-2d06-4033-8c03-0f6e278ccaca-groupManagement] INFO  server.RaftServerConfigKeys (ConfUtils.java:logGet(46)) - raft.server.log.segment.size.max = 1048576 (custom)
2023-06-22 13:18:23,636 [f6e3fb16-2d06-4033-8c03-0f6e278ccaca-groupManagement] INFO  server.RaftServerConfigKeys (ConfUtils.java:logGet(46)) - raft.server.log.preallocated.size = 16384 (custom)
2023-06-22 13:18:23,636 [f6e3fb16-2d06-4033-8c03-0f6e278ccaca-groupManagement] INFO  server.RaftServerConfigKeys (ConfUtils.java:logGet(46)) - raft.server.log.force.sync.num = 128 (default)
2023-06-22 13:18:23,636 [f6e3fb16-2d06-4033-8c03-0f6e278ccaca-groupManagement] INFO  server.RaftServerConfigKeys (ConfUtils.java:logGet(46)) - raft.server.log.statemachine.data.sync = true (default)
2023-06-22 13:18:23,636 [f6e3fb16-2d06-4033-8c03-0f6e278ccaca-groupManagement] INFO  server.RaftServerConfigKeys (ConfUtils.java:logGet(46)) - raft.server.log.statemachine.data.sync.timeout = 10s (default)
2023-06-22 13:18:23,636 [f6e3fb16-2d06-4033-8c03-0f6e278ccaca-groupManagement] INFO  server.RaftServerConfigKeys (ConfUtils.java:logGet(46)) - raft.server.log.statemachine.data.sync.timeout.retry = -1 (default)
2023-06-22 13:18:23,637 [f6e3fb16-2d06-4033-8c03-0f6e278ccaca-groupManagement] INFO  server.RaftServerConfigKeys (ConfUtils.java:logGet(46)) - raft.server.log.write.buffer.size = 1048576 (custom)
2023-06-22 13:18:23,637 [f6e3fb16-2d06-4033-8c03-0f6e278ccaca-groupManagement] INFO  server.RaftServerConfigKeys (ConfUtils.java:logGet(46)) - raft.server.log.appender.buffer.byte-limit = 33554432 (custom)
2023-06-22 13:18:23,638 [EventQueue-OpenPipelineForHealthyPipelineSafeModeRule] INFO  safemode.SCMSafeModeManager (HealthyPipelineSafeModeRule.java:process(137)) - SCM in safe mode. Healthy pipelines reported count is 0, required healthy pipeline reported count is 1
2023-06-22 13:18:23,640 [f6e3fb16-2d06-4033-8c03-0f6e278ccaca-groupManagement] INFO  server.RaftServerConfigKeys (ConfUtils.java:logGet(46)) - raft.server.log.unsafe-flush.enabled = false (default)
2023-06-22 13:18:23,640 [f6e3fb16-2d06-4033-8c03-0f6e278ccaca-groupManagement] INFO  server.RaftServerConfigKeys (ConfUtils.java:logGet(46)) - raft.server.log.async-flush.enabled = false (default)
2023-06-22 13:18:23,640 [f6e3fb16-2d06-4033-8c03-0f6e278ccaca-groupManagement] INFO  server.RaftServerConfigKeys (ConfUtils.java:logGet(46)) - raft.server.log.statemachine.data.caching.enabled = true (custom)
2023-06-22 13:18:23,640 [f6e3fb16-2d06-4033-8c03-0f6e278ccaca-groupManagement] INFO  segmented.SegmentedRaftLogWorker (SegmentedRaftLogWorker.java:lambda$new$0(135)) - f6e3fb16-2d06-4033-8c03-0f6e278ccaca@group-0DC7FCBF11DF-SegmentedRaftLogWorker: flushIndex: setUnconditionally 0 -> -1
2023-06-22 13:18:23,641 [f6e3fb16-2d06-4033-8c03-0f6e278ccaca-groupManagement] INFO  segmented.SegmentedRaftLogWorker (SegmentedRaftLogWorker.java:lambda$new$0(135)) - f6e3fb16-2d06-4033-8c03-0f6e278ccaca@group-0DC7FCBF11DF-SegmentedRaftLogWorker: safeCacheEvictIndex: setUnconditionally 0 -> -1
2023-06-22 13:18:23,641 [f6e3fb16-2d06-4033-8c03-0f6e278ccaca-groupManagement] INFO  server.RaftServer$Division (RaftServerImpl.java:start(342)) - f6e3fb16-2d06-4033-8c03-0f6e278ccaca@group-0DC7FCBF11DF: start as a follower, conf=-1: peers:[f6e3fb16-2d06-4033-8c03-0f6e278ccaca|rpc:10.1.0.30:15067|admin:10.1.0.30:15066|client:10.1.0.30:15065|dataStream:10.1.0.30:15068|priority:0|startupRole:FOLLOWER, f35f0a8c-90e3-4c0e-82f0-ebea9a45f0ef|rpc:10.1.0.30:15085|admin:10.1.0.30:15084|client:10.1.0.30:15083|dataStream:10.1.0.30:15086|priority:0|startupRole:FOLLOWER, 2f5d805c-9187-458a-a4cb-1b814143bdc5|rpc:10.1.0.30:15076|admin:10.1.0.30:15075|client:10.1.0.30:15074|dataStream:10.1.0.30:15077|priority:1|startupRole:FOLLOWER]|listeners:[], old=null
2023-06-22 13:18:23,641 [f6e3fb16-2d06-4033-8c03-0f6e278ccaca-groupManagement] INFO  server.RaftServer$Division (RaftServerImpl.java:setRole(329)) - f6e3fb16-2d06-4033-8c03-0f6e278ccaca@group-0DC7FCBF11DF: changes role from      null to FOLLOWER at term 0 for startAsFollower
2023-06-22 13:18:23,641 [f6e3fb16-2d06-4033-8c03-0f6e278ccaca-groupManagement] INFO  impl.RoleInfo (RoleInfo.java:updateAndGet(139)) - f6e3fb16-2d06-4033-8c03-0f6e278ccaca: start f6e3fb16-2d06-4033-8c03-0f6e278ccaca@group-0DC7FCBF11DF-FollowerState
2023-06-22 13:18:23,643 [f6e3fb16-2d06-4033-8c03-0f6e278ccaca-groupManagement] INFO  util.JmxRegister (JmxRegister.java:tryRegister(44)) - Successfully registered JMX Bean with object name Ratis:service=RaftServer,group=group-0DC7FCBF11DF,id=f6e3fb16-2d06-4033-8c03-0f6e278ccaca
2023-06-22 13:18:23,643 [f6e3fb16-2d06-4033-8c03-0f6e278ccaca-groupManagement] INFO  server.RaftServerConfigKeys (ConfUtils.java:logGet(46)) - raft.server.snapshot.auto.trigger.enabled = true (custom)
2023-06-22 13:18:23,643 [f6e3fb16-2d06-4033-8c03-0f6e278ccaca-groupManagement] INFO  server.RaftServerConfigKeys (ConfUtils.java:logGet(46)) - raft.server.snapshot.auto.trigger.threshold = 10000 (custom)
2023-06-22 13:18:23,643 [f6e3fb16-2d06-4033-8c03-0f6e278ccaca-groupManagement] INFO  server.RaftServerConfigKeys (ConfUtils.java:logGet(46)) - raft.server.snapshot.retention.file.num = 5 (custom)
2023-06-22 13:18:23,643 [f6e3fb16-2d06-4033-8c03-0f6e278ccaca-groupManagement] INFO  server.RaftServerConfigKeys (ConfUtils.java:logGet(46)) - raft.server.log.purge.upto.snapshot.index = false (default)
2023-06-22 13:18:23,644 [f6e3fb16-2d06-4033-8c03-0f6e278ccaca@group-0DC7FCBF11DF-FollowerState] INFO  server.RaftServerConfigKeys (ConfUtils.java:logFallback(53)) - raft.server.rpc.first-election.timeout.min = 5s (fallback to raft.server.rpc.timeout.min)
2023-06-22 13:18:23,644 [f6e3fb16-2d06-4033-8c03-0f6e278ccaca@group-0DC7FCBF11DF-FollowerState] INFO  server.RaftServerConfigKeys (ConfUtils.java:logFallback(53)) - raft.server.rpc.first-election.timeout.max = 5200ms (fallback to raft.server.rpc.timeout.max)
2023-06-22 13:18:23,646 [PipelineCommandHandlerThread-0] INFO  ratis.XceiverServerRatis (XceiverServerRatis.java:addGroup(804)) - Created group PipelineID=f48f3a41-aac8-47c0-a40e-0dc7fcbf11df
2023-06-22 13:18:23,656 [grpc-default-executor-10] INFO  server.RaftServer (RaftServerProxy.java:addNew(98)) - f35f0a8c-90e3-4c0e-82f0-ebea9a45f0ef: addNew group-0DC7FCBF11DF:[f6e3fb16-2d06-4033-8c03-0f6e278ccaca|rpc:10.1.0.30:15067|admin:10.1.0.30:15066|client:10.1.0.30:15065|dataStream:10.1.0.30:15068|priority:0|startupRole:FOLLOWER, f35f0a8c-90e3-4c0e-82f0-ebea9a45f0ef|rpc:10.1.0.30:15085|admin:10.1.0.30:15084|client:10.1.0.30:15083|dataStream:10.1.0.30:15086|priority:0|startupRole:FOLLOWER, 2f5d805c-9187-458a-a4cb-1b814143bdc5|rpc:10.1.0.30:15076|admin:10.1.0.30:15075|client:10.1.0.30:15074|dataStream:10.1.0.30:15077|priority:1|startupRole:FOLLOWER] returns group-0DC7FCBF11DF:java.util.concurrent.CompletableFuture@34b929d3[Not completed]
2023-06-22 13:18:23,657 [f35f0a8c-90e3-4c0e-82f0-ebea9a45f0ef-groupManagement] INFO  server.RaftServer$Division (RaftServerImpl.java:<init>(198)) - f35f0a8c-90e3-4c0e-82f0-ebea9a45f0ef: new RaftServerImpl for group-0DC7FCBF11DF:[f6e3fb16-2d06-4033-8c03-0f6e278ccaca|rpc:10.1.0.30:15067|admin:10.1.0.30:15066|client:10.1.0.30:15065|dataStream:10.1.0.30:15068|priority:0|startupRole:FOLLOWER, f35f0a8c-90e3-4c0e-82f0-ebea9a45f0ef|rpc:10.1.0.30:15085|admin:10.1.0.30:15084|client:10.1.0.30:15083|dataStream:10.1.0.30:15086|priority:0|startupRole:FOLLOWER, 2f5d805c-9187-458a-a4cb-1b814143bdc5|rpc:10.1.0.30:15076|admin:10.1.0.30:15075|client:10.1.0.30:15074|dataStream:10.1.0.30:15077|priority:1|startupRole:FOLLOWER] with ContainerStateMachine:uninitialized
2023-06-22 13:18:23,657 [f35f0a8c-90e3-4c0e-82f0-ebea9a45f0ef-groupManagement] INFO  server.RaftServerConfigKeys (ConfUtils.java:logGet(46)) - raft.server.rpc.timeout.min = 5s (custom)
2023-06-22 13:18:23,657 [f35f0a8c-90e3-4c0e-82f0-ebea9a45f0ef-groupManagement] INFO  server.RaftServerConfigKeys (ConfUtils.java:logGet(46)) - raft.server.rpc.timeout.max = 5200ms (custom)
2023-06-22 13:18:23,657 [f35f0a8c-90e3-4c0e-82f0-ebea9a45f0ef-groupManagement] INFO  server.RaftServerConfigKeys (ConfUtils.java:logGet(46)) - raft.server.rpc.sleep.time = 25ms (default)
2023-06-22 13:18:23,657 [f35f0a8c-90e3-4c0e-82f0-ebea9a45f0ef-groupManagement] INFO  server.RaftServerConfigKeys (ConfUtils.java:logGet(46)) - raft.server.rpc.slowness.timeout = 300s (custom)
2023-06-22 13:18:23,657 [f35f0a8c-90e3-4c0e-82f0-ebea9a45f0ef-groupManagement] INFO  server.RaftServerConfigKeys (ConfUtils.java:logGet(46)) - raft.server.leaderelection.leader.step-down.wait-time = 10s (default)
2023-06-22 13:18:23,657 [f35f0a8c-90e3-4c0e-82f0-ebea9a45f0ef-groupManagement] INFO  server.RaftServerConfigKeys (ConfUtils.java:logGet(46)) - raft.server.sleep.deviation.threshold = 300ms (default)
2023-06-22 13:18:23,657 [f35f0a8c-90e3-4c0e-82f0-ebea9a45f0ef-groupManagement] INFO  server.RaftServer$Division (ServerState.java:<init>(120)) - f35f0a8c-90e3-4c0e-82f0-ebea9a45f0ef@group-0DC7FCBF11DF: ConfigurationManager, init=-1: peers:[f6e3fb16-2d06-4033-8c03-0f6e278ccaca|rpc:10.1.0.30:15067|admin:10.1.0.30:15066|client:10.1.0.30:15065|dataStream:10.1.0.30:15068|priority:0|startupRole:FOLLOWER, f35f0a8c-90e3-4c0e-82f0-ebea9a45f0ef|rpc:10.1.0.30:15085|admin:10.1.0.30:15084|client:10.1.0.30:15083|dataStream:10.1.0.30:15086|priority:0|startupRole:FOLLOWER, 2f5d805c-9187-458a-a4cb-1b814143bdc5|rpc:10.1.0.30:15076|admin:10.1.0.30:15075|client:10.1.0.30:15074|dataStream:10.1.0.30:15077|priority:1|startupRole:FOLLOWER]|listeners:[], old=null, confs=<EMPTY_MAP>
2023-06-22 13:18:23,657 [f35f0a8c-90e3-4c0e-82f0-ebea9a45f0ef-groupManagement] INFO  server.RaftServerConfigKeys (ConfUtils.java:logGet(46)) - raft.server.storage.dir = [/home/runner/work/ozone/ozone/hadoop-ozone/integration-test/target/test-dir/MiniOzoneClusterImpl-f04ff4d6-b670-4e84-9a89-5b4d7edf6ec9/datanode-2/data/ratis] (custom)
2023-06-22 13:18:23,657 [f35f0a8c-90e3-4c0e-82f0-ebea9a45f0ef-groupManagement] INFO  server.RaftServerConfigKeys (ConfUtils.java:logGet(46)) - raft.server.log.corruption.policy = EXCEPTION (default)
2023-06-22 13:18:23,657 [f35f0a8c-90e3-4c0e-82f0-ebea9a45f0ef-groupManagement] INFO  server.RaftServerConfigKeys (ConfUtils.java:logGet(46)) - raft.server.storage.free-space.min = 0MB (=0) (default)
2023-06-22 13:18:23,657 [f35f0a8c-90e3-4c0e-82f0-ebea9a45f0ef-groupManagement] INFO  server.RaftServerConfigKeys (ConfUtils.java:logGet(46)) - raft.server.notification.no-leader.timeout = 300s (custom)
2023-06-22 13:18:23,657 [f35f0a8c-90e3-4c0e-82f0-ebea9a45f0ef-groupManagement] INFO  server.RaftServerConfigKeys (ConfUtils.java:logGet(46)) - raft.server.read.timeout = 10s (default)
2023-06-22 13:18:23,657 [f35f0a8c-90e3-4c0e-82f0-ebea9a45f0ef-groupManagement] INFO  server.RaftServerConfigKeys (ConfUtils.java:logGet(46)) - raft.server.retrycache.expirytime = 600000ms (custom)
2023-06-22 13:18:23,657 [f35f0a8c-90e3-4c0e-82f0-ebea9a45f0ef-groupManagement] INFO  server.RaftServerConfigKeys (ConfUtils.java:logGet(46)) - raft.server.retrycache.statistics.expirytime = 100μs (default)
2023-06-22 13:18:23,657 [f35f0a8c-90e3-4c0e-82f0-ebea9a45f0ef-groupManagement] INFO  server.RaftServerConfigKeys (ConfUtils.java:logGet(46)) - raft.server.read.option = DEFAULT (default)
2023-06-22 13:18:23,658 [f35f0a8c-90e3-4c0e-82f0-ebea9a45f0ef-groupManagement] INFO  server.RaftServerConfigKeys (ConfUtils.java:logGet(46)) - raft.server.rpc.request.timeout = 60s (custom)
2023-06-22 13:18:23,658 [f35f0a8c-90e3-4c0e-82f0-ebea9a45f0ef-groupManagement] INFO  server.RaftServerConfigKeys (ConfUtils.java:logGet(46)) - raft.server.log.appender.install.snapshot.enabled = false (custom)
2023-06-22 13:18:23,658 [f35f0a8c-90e3-4c0e-82f0-ebea9a45f0ef-groupManagement] INFO  server.RaftServerConfigKeys (ConfUtils.java:logGet(46)) - raft.server.threadpool.server.cached = true (default)
2023-06-22 13:18:23,658 [f35f0a8c-90e3-4c0e-82f0-ebea9a45f0ef-groupManagement] INFO  server.RaftServerConfigKeys (ConfUtils.java:logGet(46)) - raft.server.threadpool.server.size = 0 (default)
2023-06-22 13:18:23,658 [f35f0a8c-90e3-4c0e-82f0-ebea9a45f0ef-groupManagement] INFO  server.RaftServerConfigKeys (ConfUtils.java:logGet(46)) - raft.server.threadpool.client.cached = true (default)
2023-06-22 13:18:23,658 [f35f0a8c-90e3-4c0e-82f0-ebea9a45f0ef-groupManagement] INFO  server.RaftServerConfigKeys (ConfUtils.java:logGet(46)) - raft.server.threadpool.client.size = 0 (default)
2023-06-22 13:18:23,658 [f35f0a8c-90e3-4c0e-82f0-ebea9a45f0ef-groupManagement] INFO  storage.RaftStorageDirectory (RaftStorageDirectoryImpl.java:analyzeStorage(137)) - The storage directory /home/runner/work/ozone/ozone/hadoop-ozone/integration-test/target/test-dir/MiniOzoneClusterImpl-f04ff4d6-b670-4e84-9a89-5b4d7edf6ec9/datanode-2/data/ratis/f48f3a41-aac8-47c0-a40e-0dc7fcbf11df does not exist. Creating ...
2023-06-22 13:18:23,660 [f35f0a8c-90e3-4c0e-82f0-ebea9a45f0ef-groupManagement] INFO  storage.RaftStorageDirectory (RaftStorageDirectoryImpl.java:tryLock(231)) - Lock on /home/runner/work/ozone/ozone/hadoop-ozone/integration-test/target/test-dir/MiniOzoneClusterImpl-f04ff4d6-b670-4e84-9a89-5b4d7edf6ec9/datanode-2/data/ratis/f48f3a41-aac8-47c0-a40e-0dc7fcbf11df/in_use.lock acquired by nodename 40864@fv-az208-208
2023-06-22 13:18:23,662 [f35f0a8c-90e3-4c0e-82f0-ebea9a45f0ef-groupManagement] INFO  storage.RaftStorage (RaftStorageImpl.java:format(96)) - Storage directory /home/runner/work/ozone/ozone/hadoop-ozone/integration-test/target/test-dir/MiniOzoneClusterImpl-f04ff4d6-b670-4e84-9a89-5b4d7edf6ec9/datanode-2/data/ratis/f48f3a41-aac8-47c0-a40e-0dc7fcbf11df has been successfully formatted.
2023-06-22 13:18:23,663 [f35f0a8c-90e3-4c0e-82f0-ebea9a45f0ef-groupManagement] INFO  ratis.ContainerStateMachine (ContainerStateMachine.java:loadSnapshot(262)) - group-0DC7FCBF11DF: The snapshot info is null. Setting the last applied indexto:(t:0, i:~)
2023-06-22 13:18:23,663 [f35f0a8c-90e3-4c0e-82f0-ebea9a45f0ef-groupManagement] INFO  server.RaftServerConfigKeys (ConfUtils.java:logGet(46)) - raft.server.log.use.memory = false (default)
2023-06-22 13:18:23,663 [f35f0a8c-90e3-4c0e-82f0-ebea9a45f0ef-groupManagement] INFO  server.RaftServerConfigKeys (ConfUtils.java:logGet(46)) - raft.server.log.purge.gap = 1000000 (custom)
2023-06-22 13:18:23,663 [f35f0a8c-90e3-4c0e-82f0-ebea9a45f0ef-groupManagement] INFO  server.RaftServerConfigKeys (ConfUtils.java:logGet(46)) - raft.server.log.appender.buffer.byte-limit = 33554432 (custom)
2023-06-22 13:18:23,663 [f35f0a8c-90e3-4c0e-82f0-ebea9a45f0ef-groupManagement] INFO  server.RaftServerConfigKeys (ConfUtils.java:logGet(46)) - raft.server.log.statemachine.data.read.timeout = 1000ms (default)
2023-06-22 13:18:23,663 [f35f0a8c-90e3-4c0e-82f0-ebea9a45f0ef-groupManagement] INFO  server.RaftServerConfigKeys (ConfUtils.java:logGet(46)) - raft.server.log.purge.preservation.log.num = 0 (default)
2023-06-22 13:18:23,664 [f35f0a8c-90e3-4c0e-82f0-ebea9a45f0ef-groupManagement] INFO  server.RaftServerConfigKeys (ConfUtils.java:logGet(46)) - raft.server.log.segment.size.max = 1048576 (custom)
2023-06-22 13:18:23,664 [f35f0a8c-90e3-4c0e-82f0-ebea9a45f0ef-groupManagement] INFO  server.RaftServerConfigKeys (ConfUtils.java:logGet(46)) - raft.server.log.segment.cache.num.max = 2 (custom)
2023-06-22 13:18:23,664 [f35f0a8c-90e3-4c0e-82f0-ebea9a45f0ef-groupManagement] INFO  server.RaftServerConfigKeys (ConfUtils.java:logGet(46)) - raft.server.log.segment.cache.size.max = 200MB (=209715200) (default)
2023-06-22 13:18:23,664 [f35f0a8c-90e3-4c0e-82f0-ebea9a45f0ef-groupManagement] INFO  server.RaftServerConfigKeys (ConfUtils.java:logGet(46)) - raft.server.log.appender.buffer.byte-limit = 33554432 (custom)
2023-06-22 13:18:23,664 [f35f0a8c-90e3-4c0e-82f0-ebea9a45f0ef-groupManagement] INFO  segmented.SegmentedRaftLogWorker (SegmentedRaftLogWorker.java:<init>(188)) - new f35f0a8c-90e3-4c0e-82f0-ebea9a45f0ef@group-0DC7FCBF11DF-SegmentedRaftLogWorker for RaftStorageImpl:Storage Directory /home/runner/work/ozone/ozone/hadoop-ozone/integration-test/target/test-dir/MiniOzoneClusterImpl-f04ff4d6-b670-4e84-9a89-5b4d7edf6ec9/datanode-2/data/ratis/f48f3a41-aac8-47c0-a40e-0dc7fcbf11df
2023-06-22 13:18:23,664 [f35f0a8c-90e3-4c0e-82f0-ebea9a45f0ef-groupManagement] INFO  server.RaftServerConfigKeys (ConfUtils.java:logGet(46)) - raft.server.log.queue.byte-limit = 4294967296 (custom)
2023-06-22 13:18:23,664 [f35f0a8c-90e3-4c0e-82f0-ebea9a45f0ef-groupManagement] INFO  server.RaftServerConfigKeys (ConfUtils.java:logGet(46)) - raft.server.log.queue.element-limit = 1024 (custom)
2023-06-22 13:18:23,664 [f35f0a8c-90e3-4c0e-82f0-ebea9a45f0ef-groupManagement] INFO  server.RaftServerConfigKeys (ConfUtils.java:logGet(46)) - raft.server.log.segment.size.max = 1048576 (custom)
2023-06-22 13:18:23,664 [f35f0a8c-90e3-4c0e-82f0-ebea9a45f0ef-groupManagement] INFO  server.RaftServerConfigKeys (ConfUtils.java:logGet(46)) - raft.server.log.preallocated.size = 16384 (custom)
2023-06-22 13:18:23,664 [f35f0a8c-90e3-4c0e-82f0-ebea9a45f0ef-groupManagement] INFO  server.RaftServerConfigKeys (ConfUtils.java:logGet(46)) - raft.server.log.force.sync.num = 128 (default)
2023-06-22 13:18:23,664 [f35f0a8c-90e3-4c0e-82f0-ebea9a45f0ef-groupManagement] INFO  server.RaftServerConfigKeys (ConfUtils.java:logGet(46)) - raft.server.log.statemachine.data.sync = true (default)
2023-06-22 13:18:23,664 [f35f0a8c-90e3-4c0e-82f0-ebea9a45f0ef-groupManagement] INFO  server.RaftServerConfigKeys (ConfUtils.java:logGet(46)) - raft.server.log.statemachine.data.sync.timeout = 10s (default)
2023-06-22 13:18:23,664 [f35f0a8c-90e3-4c0e-82f0-ebea9a45f0ef-groupManagement] INFO  server.RaftServerConfigKeys (ConfUtils.java:logGet(46)) - raft.server.log.statemachine.data.sync.timeout.retry = -1 (default)
2023-06-22 13:18:23,665 [f35f0a8c-90e3-4c0e-82f0-ebea9a45f0ef-groupManagement] INFO  server.RaftServerConfigKeys (ConfUtils.java:logGet(46)) - raft.server.log.write.buffer.size = 1048576 (custom)
2023-06-22 13:18:23,665 [f35f0a8c-90e3-4c0e-82f0-ebea9a45f0ef-groupManagement] INFO  server.RaftServerConfigKeys (ConfUtils.java:logGet(46)) - raft.server.log.appender.buffer.byte-limit = 33554432 (custom)
2023-06-22 13:18:23,668 [f35f0a8c-90e3-4c0e-82f0-ebea9a45f0ef-groupManagement] INFO  server.RaftServerConfigKeys (ConfUtils.java:logGet(46)) - raft.server.log.unsafe-flush.enabled = false (default)
2023-06-22 13:18:23,668 [f35f0a8c-90e3-4c0e-82f0-ebea9a45f0ef-groupManagement] INFO  server.RaftServerConfigKeys (ConfUtils.java:logGet(46)) - raft.server.log.async-flush.enabled = false (default)
2023-06-22 13:18:23,668 [f35f0a8c-90e3-4c0e-82f0-ebea9a45f0ef-groupManagement] INFO  server.RaftServerConfigKeys (ConfUtils.java:logGet(46)) - raft.server.log.statemachine.data.caching.enabled = true (custom)
2023-06-22 13:18:23,669 [f35f0a8c-90e3-4c0e-82f0-ebea9a45f0ef-groupManagement] INFO  segmented.SegmentedRaftLogWorker (SegmentedRaftLogWorker.java:lambda$new$0(135)) - f35f0a8c-90e3-4c0e-82f0-ebea9a45f0ef@group-0DC7FCBF11DF-SegmentedRaftLogWorker: flushIndex: setUnconditionally 0 -> -1
2023-06-22 13:18:23,669 [f35f0a8c-90e3-4c0e-82f0-ebea9a45f0ef-groupManagement] INFO  segmented.SegmentedRaftLogWorker (SegmentedRaftLogWorker.java:lambda$new$0(135)) - f35f0a8c-90e3-4c0e-82f0-ebea9a45f0ef@group-0DC7FCBF11DF-SegmentedRaftLogWorker: safeCacheEvictIndex: setUnconditionally 0 -> -1
2023-06-22 13:18:23,669 [f35f0a8c-90e3-4c0e-82f0-ebea9a45f0ef-groupManagement] INFO  server.RaftServer$Division (RaftServerImpl.java:start(342)) - f35f0a8c-90e3-4c0e-82f0-ebea9a45f0ef@group-0DC7FCBF11DF: start as a follower, conf=-1: peers:[f6e3fb16-2d06-4033-8c03-0f6e278ccaca|rpc:10.1.0.30:15067|admin:10.1.0.30:15066|client:10.1.0.30:15065|dataStream:10.1.0.30:15068|priority:0|startupRole:FOLLOWER, f35f0a8c-90e3-4c0e-82f0-ebea9a45f0ef|rpc:10.1.0.30:15085|admin:10.1.0.30:15084|client:10.1.0.30:15083|dataStream:10.1.0.30:15086|priority:0|startupRole:FOLLOWER, 2f5d805c-9187-458a-a4cb-1b814143bdc5|rpc:10.1.0.30:15076|admin:10.1.0.30:15075|client:10.1.0.30:15074|dataStream:10.1.0.30:15077|priority:1|startupRole:FOLLOWER]|listeners:[], old=null
2023-06-22 13:18:23,669 [f35f0a8c-90e3-4c0e-82f0-ebea9a45f0ef-groupManagement] INFO  server.RaftServer$Division (RaftServerImpl.java:setRole(329)) - f35f0a8c-90e3-4c0e-82f0-ebea9a45f0ef@group-0DC7FCBF11DF: changes role from      null to FOLLOWER at term 0 for startAsFollower
2023-06-22 13:18:23,669 [f35f0a8c-90e3-4c0e-82f0-ebea9a45f0ef-groupManagement] INFO  impl.RoleInfo (RoleInfo.java:updateAndGet(139)) - f35f0a8c-90e3-4c0e-82f0-ebea9a45f0ef: start f35f0a8c-90e3-4c0e-82f0-ebea9a45f0ef@group-0DC7FCBF11DF-FollowerState
2023-06-22 13:18:23,671 [f35f0a8c-90e3-4c0e-82f0-ebea9a45f0ef-groupManagement] INFO  util.JmxRegister (JmxRegister.java:tryRegister(44)) - Successfully registered JMX Bean with object name Ratis:service=RaftServer,group=group-0DC7FCBF11DF,id=f35f0a8c-90e3-4c0e-82f0-ebea9a45f0ef
2023-06-22 13:18:23,671 [f35f0a8c-90e3-4c0e-82f0-ebea9a45f0ef-groupManagement] INFO  server.RaftServerConfigKeys (ConfUtils.java:logGet(46)) - raft.server.snapshot.auto.trigger.enabled = true (custom)
2023-06-22 13:18:23,671 [f35f0a8c-90e3-4c0e-82f0-ebea9a45f0ef-groupManagement] INFO  server.RaftServerConfigKeys (ConfUtils.java:logGet(46)) - raft.server.snapshot.auto.trigger.threshold = 10000 (custom)
2023-06-22 13:18:23,672 [f35f0a8c-90e3-4c0e-82f0-ebea9a45f0ef-groupManagement] INFO  server.RaftServerConfigKeys (ConfUtils.java:logGet(46)) - raft.server.snapshot.retention.file.num = 5 (custom)
2023-06-22 13:18:23,672 [f35f0a8c-90e3-4c0e-82f0-ebea9a45f0ef-groupManagement] INFO  server.RaftServerConfigKeys (ConfUtils.java:logGet(46)) - raft.server.log.purge.upto.snapshot.index = false (default)
2023-06-22 13:18:23,672 [f35f0a8c-90e3-4c0e-82f0-ebea9a45f0ef@group-0DC7FCBF11DF-FollowerState] INFO  server.RaftServerConfigKeys (ConfUtils.java:logFallback(53)) - raft.server.rpc.first-election.timeout.min = 5s (fallback to raft.server.rpc.timeout.min)
2023-06-22 13:18:23,672 [f35f0a8c-90e3-4c0e-82f0-ebea9a45f0ef@group-0DC7FCBF11DF-FollowerState] INFO  server.RaftServerConfigKeys (ConfUtils.java:logFallback(53)) - raft.server.rpc.first-election.timeout.max = 5200ms (fallback to raft.server.rpc.timeout.max)
2023-06-22 13:18:23,694 [grpc-default-executor-10] INFO  server.RaftServer (RaftServerProxy.java:addNew(98)) - 2f5d805c-9187-458a-a4cb-1b814143bdc5: addNew group-0DC7FCBF11DF:[f6e3fb16-2d06-4033-8c03-0f6e278ccaca|rpc:10.1.0.30:15067|admin:10.1.0.30:15066|client:10.1.0.30:15065|dataStream:10.1.0.30:15068|priority:0|startupRole:FOLLOWER, f35f0a8c-90e3-4c0e-82f0-ebea9a45f0ef|rpc:10.1.0.30:15085|admin:10.1.0.30:15084|client:10.1.0.30:15083|dataStream:10.1.0.30:15086|priority:0|startupRole:FOLLOWER, 2f5d805c-9187-458a-a4cb-1b814143bdc5|rpc:10.1.0.30:15076|admin:10.1.0.30:15075|client:10.1.0.30:15074|dataStream:10.1.0.30:15077|priority:1|startupRole:FOLLOWER] returns group-0DC7FCBF11DF:java.util.concurrent.CompletableFuture@7091d5cb[Not completed]
2023-06-22 13:18:23,700 [2f5d805c-9187-458a-a4cb-1b814143bdc5-groupManagement] INFO  server.RaftServer$Division (RaftServerImpl.java:<init>(198)) - 2f5d805c-9187-458a-a4cb-1b814143bdc5: new RaftServerImpl for group-0DC7FCBF11DF:[f6e3fb16-2d06-4033-8c03-0f6e278ccaca|rpc:10.1.0.30:15067|admin:10.1.0.30:15066|client:10.1.0.30:15065|dataStream:10.1.0.30:15068|priority:0|startupRole:FOLLOWER, f35f0a8c-90e3-4c0e-82f0-ebea9a45f0ef|rpc:10.1.0.30:15085|admin:10.1.0.30:15084|client:10.1.0.30:15083|dataStream:10.1.0.30:15086|priority:0|startupRole:FOLLOWER, 2f5d805c-9187-458a-a4cb-1b814143bdc5|rpc:10.1.0.30:15076|admin:10.1.0.30:15075|client:10.1.0.30:15074|dataStream:10.1.0.30:15077|priority:1|startupRole:FOLLOWER] with ContainerStateMachine:uninitialized
2023-06-22 13:18:23,701 [2f5d805c-9187-458a-a4cb-1b814143bdc5-groupManagement] INFO  server.RaftServerConfigKeys (ConfUtils.java:logGet(46)) - raft.server.rpc.timeout.min = 5s (custom)
2023-06-22 13:18:23,701 [2f5d805c-9187-458a-a4cb-1b814143bdc5-groupManagement] INFO  server.RaftServerConfigKeys (ConfUtils.java:logGet(46)) - raft.server.rpc.timeout.max = 5200ms (custom)
2023-06-22 13:18:23,701 [2f5d805c-9187-458a-a4cb-1b814143bdc5-groupManagement] INFO  server.RaftServerConfigKeys (ConfUtils.java:logGet(46)) - raft.server.rpc.sleep.time = 25ms (default)
2023-06-22 13:18:23,701 [2f5d805c-9187-458a-a4cb-1b814143bdc5-groupManagement] INFO  server.RaftServerConfigKeys (ConfUtils.java:logGet(46)) - raft.server.rpc.slowness.timeout = 300s (custom)
2023-06-22 13:18:23,701 [2f5d805c-9187-458a-a4cb-1b814143bdc5-groupManagement] INFO  server.RaftServerConfigKeys (ConfUtils.java:logGet(46)) - raft.server.leaderelection.leader.step-down.wait-time = 10s (default)
2023-06-22 13:18:23,701 [2f5d805c-9187-458a-a4cb-1b814143bdc5-groupManagement] INFO  server.RaftServerConfigKeys (ConfUtils.java:logGet(46)) - raft.server.sleep.deviation.threshold = 300ms (default)
2023-06-22 13:18:23,701 [2f5d805c-9187-458a-a4cb-1b814143bdc5-groupManagement] INFO  server.RaftServer$Division (ServerState.java:<init>(120)) - 2f5d805c-9187-458a-a4cb-1b814143bdc5@group-0DC7FCBF11DF: ConfigurationManager, init=-1: peers:[f6e3fb16-2d06-4033-8c03-0f6e278ccaca|rpc:10.1.0.30:15067|admin:10.1.0.30:15066|client:10.1.0.30:15065|dataStream:10.1.0.30:15068|priority:0|startupRole:FOLLOWER, f35f0a8c-90e3-4c0e-82f0-ebea9a45f0ef|rpc:10.1.0.30:15085|admin:10.1.0.30:15084|client:10.1.0.30:15083|dataStream:10.1.0.30:15086|priority:0|startupRole:FOLLOWER, 2f5d805c-9187-458a-a4cb-1b814143bdc5|rpc:10.1.0.30:15076|admin:10.1.0.30:15075|client:10.1.0.30:15074|dataStream:10.1.0.30:15077|priority:1|startupRole:FOLLOWER]|listeners:[], old=null, confs=<EMPTY_MAP>
2023-06-22 13:18:23,701 [2f5d805c-9187-458a-a4cb-1b814143bdc5-groupManagement] INFO  server.RaftServerConfigKeys (ConfUtils.java:logGet(46)) - raft.server.storage.dir = [/home/runner/work/ozone/ozone/hadoop-ozone/integration-test/target/test-dir/MiniOzoneClusterImpl-f04ff4d6-b670-4e84-9a89-5b4d7edf6ec9/datanode-1/data/ratis] (custom)
2023-06-22 13:18:23,701 [2f5d805c-9187-458a-a4cb-1b814143bdc5-groupManagement] INFO  server.RaftServerConfigKeys (ConfUtils.java:logGet(46)) - raft.server.log.corruption.policy = EXCEPTION (default)
2023-06-22 13:18:23,701 [2f5d805c-9187-458a-a4cb-1b814143bdc5-groupManagement] INFO  server.RaftServerConfigKeys (ConfUtils.java:logGet(46)) - raft.server.storage.free-space.min = 0MB (=0) (default)
2023-06-22 13:18:23,703 [2f5d805c-9187-458a-a4cb-1b814143bdc5-groupManagement] INFO  server.RaftServerConfigKeys (ConfUtils.java:logGet(46)) - raft.server.notification.no-leader.timeout = 300s (custom)
2023-06-22 13:18:23,703 [2f5d805c-9187-458a-a4cb-1b814143bdc5-groupManagement] INFO  server.RaftServerConfigKeys (ConfUtils.java:logGet(46)) - raft.server.read.timeout = 10s (default)
2023-06-22 13:18:23,703 [2f5d805c-9187-458a-a4cb-1b814143bdc5-groupManagement] INFO  server.RaftServerConfigKeys (ConfUtils.java:logGet(46)) - raft.server.retrycache.expirytime = 600000ms (custom)
2023-06-22 13:18:23,703 [2f5d805c-9187-458a-a4cb-1b814143bdc5-groupManagement] INFO  server.RaftServerConfigKeys (ConfUtils.java:logGet(46)) - raft.server.retrycache.statistics.expirytime = 100μs (default)
2023-06-22 13:18:23,703 [2f5d805c-9187-458a-a4cb-1b814143bdc5-groupManagement] INFO  server.RaftServerConfigKeys (ConfUtils.java:logGet(46)) - raft.server.read.option = DEFAULT (default)
2023-06-22 13:18:23,704 [2f5d805c-9187-458a-a4cb-1b814143bdc5-groupManagement] INFO  server.RaftServerConfigKeys (ConfUtils.java:logGet(46)) - raft.server.rpc.request.timeout = 60s (custom)
2023-06-22 13:18:23,704 [2f5d805c-9187-458a-a4cb-1b814143bdc5-groupManagement] INFO  server.RaftServerConfigKeys (ConfUtils.java:logGet(46)) - raft.server.log.appender.install.snapshot.enabled = false (custom)
2023-06-22 13:18:23,704 [2f5d805c-9187-458a-a4cb-1b814143bdc5-groupManagement] INFO  server.RaftServerConfigKeys (ConfUtils.java:logGet(46)) - raft.server.threadpool.server.cached = true (default)
2023-06-22 13:18:23,705 [2f5d805c-9187-458a-a4cb-1b814143bdc5-groupManagement] INFO  server.RaftServerConfigKeys (ConfUtils.java:logGet(46)) - raft.server.threadpool.server.size = 0 (default)
2023-06-22 13:18:23,705 [2f5d805c-9187-458a-a4cb-1b814143bdc5-groupManagement] INFO  server.RaftServerConfigKeys (ConfUtils.java:logGet(46)) - raft.server.threadpool.client.cached = true (default)
2023-06-22 13:18:23,705 [2f5d805c-9187-458a-a4cb-1b814143bdc5-groupManagement] INFO  server.RaftServerConfigKeys (ConfUtils.java:logGet(46)) - raft.server.threadpool.client.size = 0 (default)
2023-06-22 13:18:23,705 [2f5d805c-9187-458a-a4cb-1b814143bdc5-groupManagement] INFO  storage.RaftStorageDirectory (RaftStorageDirectoryImpl.java:analyzeStorage(137)) - The storage directory /home/runner/work/ozone/ozone/hadoop-ozone/integration-test/target/test-dir/MiniOzoneClusterImpl-f04ff4d6-b670-4e84-9a89-5b4d7edf6ec9/datanode-1/data/ratis/f48f3a41-aac8-47c0-a40e-0dc7fcbf11df does not exist. Creating ...
2023-06-22 13:18:23,707 [2f5d805c-9187-458a-a4cb-1b814143bdc5-groupManagement] INFO  storage.RaftStorageDirectory (RaftStorageDirectoryImpl.java:tryLock(231)) - Lock on /home/runner/work/ozone/ozone/hadoop-ozone/integration-test/target/test-dir/MiniOzoneClusterImpl-f04ff4d6-b670-4e84-9a89-5b4d7edf6ec9/datanode-1/data/ratis/f48f3a41-aac8-47c0-a40e-0dc7fcbf11df/in_use.lock acquired by nodename 40864@fv-az208-208
2023-06-22 13:18:23,709 [2f5d805c-9187-458a-a4cb-1b814143bdc5-groupManagement] INFO  storage.RaftStorage (RaftStorageImpl.java:format(96)) - Storage directory /home/runner/work/ozone/ozone/hadoop-ozone/integration-test/target/test-dir/MiniOzoneClusterImpl-f04ff4d6-b670-4e84-9a89-5b4d7edf6ec9/datanode-1/data/ratis/f48f3a41-aac8-47c0-a40e-0dc7fcbf11df has been successfully formatted.
2023-06-22 13:18:23,711 [2f5d805c-9187-458a-a4cb-1b814143bdc5-groupManagement] INFO  ratis.ContainerStateMachine (ContainerStateMachine.java:loadSnapshot(262)) - group-0DC7FCBF11DF: The snapshot info is null. Setting the last applied indexto:(t:0, i:~)
2023-06-22 13:18:23,711 [2f5d805c-9187-458a-a4cb-1b814143bdc5-groupManagement] INFO  server.RaftServerConfigKeys (ConfUtils.java:logGet(46)) - raft.server.log.use.memory = false (default)
2023-06-22 13:18:23,712 [2f5d805c-9187-458a-a4cb-1b814143bdc5-groupManagement] INFO  server.RaftServerConfigKeys (ConfUtils.java:logGet(46)) - raft.server.log.purge.gap = 1000000 (custom)
2023-06-22 13:18:23,712 [2f5d805c-9187-458a-a4cb-1b814143bdc5-groupManagement] INFO  server.RaftServerConfigKeys (ConfUtils.java:logGet(46)) - raft.server.log.appender.buffer.byte-limit = 33554432 (custom)
2023-06-22 13:18:23,712 [2f5d805c-9187-458a-a4cb-1b814143bdc5-groupManagement] INFO  server.RaftServerConfigKeys (ConfUtils.java:logGet(46)) - raft.server.log.statemachine.data.read.timeout = 1000ms (default)
2023-06-22 13:18:23,712 [2f5d805c-9187-458a-a4cb-1b814143bdc5-groupManagement] INFO  server.RaftServerConfigKeys (ConfUtils.java:logGet(46)) - raft.server.log.purge.preservation.log.num = 0 (default)
2023-06-22 13:18:23,712 [2f5d805c-9187-458a-a4cb-1b814143bdc5-groupManagement] INFO  server.RaftServerConfigKeys (ConfUtils.java:logGet(46)) - raft.server.log.segment.size.max = 1048576 (custom)
2023-06-22 13:18:23,712 [2f5d805c-9187-458a-a4cb-1b814143bdc5-groupManagement] INFO  server.RaftServerConfigKeys (ConfUtils.java:logGet(46)) - raft.server.log.segment.cache.num.max = 2 (custom)
2023-06-22 13:18:23,712 [2f5d805c-9187-458a-a4cb-1b814143bdc5-groupManagement] INFO  server.RaftServerConfigKeys (ConfUtils.java:logGet(46)) - raft.server.log.segment.cache.size.max = 200MB (=209715200) (default)
2023-06-22 13:18:23,712 [2f5d805c-9187-458a-a4cb-1b814143bdc5-groupManagement] INFO  server.RaftServerConfigKeys (ConfUtils.java:logGet(46)) - raft.server.log.appender.buffer.byte-limit = 33554432 (custom)
2023-06-22 13:18:23,712 [2f5d805c-9187-458a-a4cb-1b814143bdc5-groupManagement] INFO  segmented.SegmentedRaftLogWorker (SegmentedRaftLogWorker.java:<init>(188)) - new 2f5d805c-9187-458a-a4cb-1b814143bdc5@group-0DC7FCBF11DF-SegmentedRaftLogWorker for RaftStorageImpl:Storage Directory /home/runner/work/ozone/ozone/hadoop-ozone/integration-test/target/test-dir/MiniOzoneClusterImpl-f04ff4d6-b670-4e84-9a89-5b4d7edf6ec9/datanode-1/data/ratis/f48f3a41-aac8-47c0-a40e-0dc7fcbf11df
2023-06-22 13:18:23,712 [2f5d805c-9187-458a-a4cb-1b814143bdc5-groupManagement] INFO  server.RaftServerConfigKeys (ConfUtils.java:logGet(46)) - raft.server.log.queue.byte-limit = 4294967296 (custom)
2023-06-22 13:18:23,712 [2f5d805c-9187-458a-a4cb-1b814143bdc5-groupManagement] INFO  server.RaftServerConfigKeys (ConfUtils.java:logGet(46)) - raft.server.log.queue.element-limit = 1024 (custom)
2023-06-22 13:18:23,712 [2f5d805c-9187-458a-a4cb-1b814143bdc5-groupManagement] INFO  server.RaftServerConfigKeys (ConfUtils.java:logGet(46)) - raft.server.log.segment.size.max = 1048576 (custom)
2023-06-22 13:18:23,712 [2f5d805c-9187-458a-a4cb-1b814143bdc5-groupManagement] INFO  server.RaftServerConfigKeys (ConfUtils.java:logGet(46)) - raft.server.log.preallocated.size = 16384 (custom)
2023-06-22 13:18:23,712 [2f5d805c-9187-458a-a4cb-1b814143bdc5-groupManagement] INFO  server.RaftServerConfigKeys (ConfUtils.java:logGet(46)) - raft.server.log.force.sync.num = 128 (default)
2023-06-22 13:18:23,712 [2f5d805c-9187-458a-a4cb-1b814143bdc5-groupManagement] INFO  server.RaftServerConfigKeys (ConfUtils.java:logGet(46)) - raft.server.log.statemachine.data.sync = true (default)
2023-06-22 13:18:23,713 [2f5d805c-9187-458a-a4cb-1b814143bdc5-groupManagement] INFO  server.RaftServerConfigKeys (ConfUtils.java:logGet(46)) - raft.server.log.statemachine.data.sync.timeout = 10s (default)
2023-06-22 13:18:23,713 [2f5d805c-9187-458a-a4cb-1b814143bdc5-groupManagement] INFO  server.RaftServerConfigKeys (ConfUtils.java:logGet(46)) - raft.server.log.statemachine.data.sync.timeout.retry = -1 (default)
2023-06-22 13:18:23,713 [2f5d805c-9187-458a-a4cb-1b814143bdc5-groupManagement] INFO  server.RaftServerConfigKeys (ConfUtils.java:logGet(46)) - raft.server.log.write.buffer.size = 1048576 (custom)
2023-06-22 13:18:23,714 [2f5d805c-9187-458a-a4cb-1b814143bdc5-groupManagement] INFO  server.RaftServerConfigKeys (ConfUtils.java:logGet(46)) - raft.server.log.appender.buffer.byte-limit = 33554432 (custom)
2023-06-22 13:18:23,720 [2f5d805c-9187-458a-a4cb-1b814143bdc5-groupManagement] INFO  server.RaftServerConfigKeys (ConfUtils.java:logGet(46)) - raft.server.log.unsafe-flush.enabled = false (default)
2023-06-22 13:18:23,720 [2f5d805c-9187-458a-a4cb-1b814143bdc5-groupManagement] INFO  server.RaftServerConfigKeys (ConfUtils.java:logGet(46)) - raft.server.log.async-flush.enabled = false (default)
2023-06-22 13:18:23,720 [2f5d805c-9187-458a-a4cb-1b814143bdc5-groupManagement] INFO  server.RaftServerConfigKeys (ConfUtils.java:logGet(46)) - raft.server.log.statemachine.data.caching.enabled = true (custom)
2023-06-22 13:18:23,720 [2f5d805c-9187-458a-a4cb-1b814143bdc5-groupManagement] INFO  segmented.SegmentedRaftLogWorker (SegmentedRaftLogWorker.java:lambda$new$0(135)) - 2f5d805c-9187-458a-a4cb-1b814143bdc5@group-0DC7FCBF11DF-SegmentedRaftLogWorker: flushIndex: setUnconditionally 0 -> -1
2023-06-22 13:18:23,720 [2f5d805c-9187-458a-a4cb-1b814143bdc5-groupManagement] INFO  segmented.SegmentedRaftLogWorker (SegmentedRaftLogWorker.java:lambda$new$0(135)) - 2f5d805c-9187-458a-a4cb-1b814143bdc5@group-0DC7FCBF11DF-SegmentedRaftLogWorker: safeCacheEvictIndex: setUnconditionally 0 -> -1
2023-06-22 13:18:23,723 [2f5d805c-9187-458a-a4cb-1b814143bdc5-groupManagement] INFO  server.RaftServer$Division (RaftServerImpl.java:start(342)) - 2f5d805c-9187-458a-a4cb-1b814143bdc5@group-0DC7FCBF11DF: start as a follower, conf=-1: peers:[f6e3fb16-2d06-4033-8c03-0f6e278ccaca|rpc:10.1.0.30:15067|admin:10.1.0.30:15066|client:10.1.0.30:15065|dataStream:10.1.0.30:15068|priority:0|startupRole:FOLLOWER, f35f0a8c-90e3-4c0e-82f0-ebea9a45f0ef|rpc:10.1.0.30:15085|admin:10.1.0.30:15084|client:10.1.0.30:15083|dataStream:10.1.0.30:15086|priority:0|startupRole:FOLLOWER, 2f5d805c-9187-458a-a4cb-1b814143bdc5|rpc:10.1.0.30:15076|admin:10.1.0.30:15075|client:10.1.0.30:15074|dataStream:10.1.0.30:15077|priority:1|startupRole:FOLLOWER]|listeners:[], old=null
2023-06-22 13:18:23,723 [2f5d805c-9187-458a-a4cb-1b814143bdc5-groupManagement] INFO  server.RaftServer$Division (RaftServerImpl.java:setRole(329)) - 2f5d805c-9187-458a-a4cb-1b814143bdc5@group-0DC7FCBF11DF: changes role from      null to FOLLOWER at term 0 for startAsFollower
2023-06-22 13:18:23,723 [2f5d805c-9187-458a-a4cb-1b814143bdc5-groupManagement] INFO  impl.RoleInfo (RoleInfo.java:updateAndGet(139)) - 2f5d805c-9187-458a-a4cb-1b814143bdc5: start 2f5d805c-9187-458a-a4cb-1b814143bdc5@group-0DC7FCBF11DF-FollowerState
2023-06-22 13:18:23,727 [2f5d805c-9187-458a-a4cb-1b814143bdc5-groupManagement] INFO  util.JmxRegister (JmxRegister.java:tryRegister(44)) - Successfully registered JMX Bean with object name Ratis:service=RaftServer,group=group-0DC7FCBF11DF,id=2f5d805c-9187-458a-a4cb-1b814143bdc5
2023-06-22 13:18:23,727 [2f5d805c-9187-458a-a4cb-1b814143bdc5-groupManagement] INFO  server.RaftServerConfigKeys (ConfUtils.java:logGet(46)) - raft.server.snapshot.auto.trigger.enabled = true (custom)
2023-06-22 13:18:23,727 [2f5d805c-9187-458a-a4cb-1b814143bdc5-groupManagement] INFO  server.RaftServerConfigKeys (ConfUtils.java:logGet(46)) - raft.server.snapshot.auto.trigger.threshold = 10000 (custom)
2023-06-22 13:18:23,728 [2f5d805c-9187-458a-a4cb-1b814143bdc5-groupManagement] INFO  server.RaftServerConfigKeys (ConfUtils.java:logGet(46)) - raft.server.snapshot.retention.file.num = 5 (custom)
2023-06-22 13:18:23,728 [2f5d805c-9187-458a-a4cb-1b814143bdc5-groupManagement] INFO  server.RaftServerConfigKeys (ConfUtils.java:logGet(46)) - raft.server.log.purge.upto.snapshot.index = false (default)
2023-06-22 13:18:23,728 [2f5d805c-9187-458a-a4cb-1b814143bdc5@group-0DC7FCBF11DF-FollowerState] INFO  server.RaftServerConfigKeys (ConfUtils.java:logFallback(53)) - raft.server.rpc.first-election.timeout.min = 5s (fallback to raft.server.rpc.timeout.min)
2023-06-22 13:18:23,728 [2f5d805c-9187-458a-a4cb-1b814143bdc5@group-0DC7FCBF11DF-FollowerState] INFO  server.RaftServerConfigKeys (ConfUtils.java:logFallback(53)) - raft.server.rpc.first-election.timeout.max = 5200ms (fallback to raft.server.rpc.timeout.max)
2023-06-22 13:18:23,738 [PipelineCommandHandlerThread-0] INFO  commandhandler.CreatePipelineCommandHandler (CreatePipelineCommandHandler.java:lambda$handle$2(124)) - Created Pipeline RATIS THREE PipelineID=f48f3a41-aac8-47c0-a40e-0dc7fcbf11df.
2023-06-22 13:18:23,738 [PipelineCommandHandlerThread-0] INFO  server.RaftServer (RaftServerProxy.java:addNew(98)) - f6e3fb16-2d06-4033-8c03-0f6e278ccaca: addNew group-5FB52A34515E:[f6e3fb16-2d06-4033-8c03-0f6e278ccaca|rpc:10.1.0.30:15067|admin:10.1.0.30:15066|client:10.1.0.30:15065|dataStream:10.1.0.30:15068|priority:1|startupRole:FOLLOWER, 2f5d805c-9187-458a-a4cb-1b814143bdc5|rpc:10.1.0.30:15076|admin:10.1.0.30:15075|client:10.1.0.30:15074|dataStream:10.1.0.30:15077|priority:0|startupRole:FOLLOWER, f35f0a8c-90e3-4c0e-82f0-ebea9a45f0ef|rpc:10.1.0.30:15085|admin:10.1.0.30:15084|client:10.1.0.30:15083|dataStream:10.1.0.30:15086|priority:0|startupRole:FOLLOWER] returns group-5FB52A34515E:java.util.concurrent.CompletableFuture@4c1dddc9[Not completed]
2023-06-22 13:18:23,739 [f6e3fb16-2d06-4033-8c03-0f6e278ccaca-groupManagement] INFO  server.RaftServer$Division (RaftServerImpl.java:<init>(198)) - f6e3fb16-2d06-4033-8c03-0f6e278ccaca: new RaftServerImpl for group-5FB52A34515E:[f6e3fb16-2d06-4033-8c03-0f6e278ccaca|rpc:10.1.0.30:15067|admin:10.1.0.30:15066|client:10.1.0.30:15065|dataStream:10.1.0.30:15068|priority:1|startupRole:FOLLOWER, 2f5d805c-9187-458a-a4cb-1b814143bdc5|rpc:10.1.0.30:15076|admin:10.1.0.30:15075|client:10.1.0.30:15074|dataStream:10.1.0.30:15077|priority:0|startupRole:FOLLOWER, f35f0a8c-90e3-4c0e-82f0-ebea9a45f0ef|rpc:10.1.0.30:15085|admin:10.1.0.30:15084|client:10.1.0.30:15083|dataStream:10.1.0.30:15086|priority:0|startupRole:FOLLOWER] with ContainerStateMachine:uninitialized
2023-06-22 13:18:23,739 [f6e3fb16-2d06-4033-8c03-0f6e278ccaca-groupManagement] INFO  server.RaftServerConfigKeys (ConfUtils.java:logGet(46)) - raft.server.rpc.timeout.min = 5s (custom)
2023-06-22 13:18:23,739 [f6e3fb16-2d06-4033-8c03-0f6e278ccaca-groupManagement] INFO  server.RaftServerConfigKeys (ConfUtils.java:logGet(46)) - raft.server.rpc.timeout.max = 5200ms (custom)
2023-06-22 13:18:23,739 [f6e3fb16-2d06-4033-8c03-0f6e278ccaca-groupManagement] INFO  server.RaftServerConfigKeys (ConfUtils.java:logGet(46)) - raft.server.rpc.sleep.time = 25ms (default)
2023-06-22 13:18:23,739 [f6e3fb16-2d06-4033-8c03-0f6e278ccaca-groupManagement] INFO  server.RaftServerConfigKeys (ConfUtils.java:logGet(46)) - raft.server.rpc.slowness.timeout = 300s (custom)
2023-06-22 13:18:23,739 [f6e3fb16-2d06-4033-8c03-0f6e278ccaca-groupManagement] INFO  server.RaftServerConfigKeys (ConfUtils.java:logGet(46)) - raft.server.leaderelection.leader.step-down.wait-time = 10s (default)
2023-06-22 13:18:23,739 [f6e3fb16-2d06-4033-8c03-0f6e278ccaca-groupManagement] INFO  server.RaftServerConfigKeys (ConfUtils.java:logGet(46)) - raft.server.sleep.deviation.threshold = 300ms (default)
2023-06-22 13:18:23,739 [f6e3fb16-2d06-4033-8c03-0f6e278ccaca-groupManagement] INFO  server.RaftServer$Division (ServerState.java:<init>(120)) - f6e3fb16-2d06-4033-8c03-0f6e278ccaca@group-5FB52A34515E: ConfigurationManager, init=-1: peers:[f6e3fb16-2d06-4033-8c03-0f6e278ccaca|rpc:10.1.0.30:15067|admin:10.1.0.30:15066|client:10.1.0.30:15065|dataStream:10.1.0.30:15068|priority:1|startupRole:FOLLOWER, 2f5d805c-9187-458a-a4cb-1b814143bdc5|rpc:10.1.0.30:15076|admin:10.1.0.30:15075|client:10.1.0.30:15074|dataStream:10.1.0.30:15077|priority:0|startupRole:FOLLOWER, f35f0a8c-90e3-4c0e-82f0-ebea9a45f0ef|rpc:10.1.0.30:15085|admin:10.1.0.30:15084|client:10.1.0.30:15083|dataStream:10.1.0.30:15086|priority:0|startupRole:FOLLOWER]|listeners:[], old=null, confs=<EMPTY_MAP>
2023-06-22 13:18:23,739 [f6e3fb16-2d06-4033-8c03-0f6e278ccaca-groupManagement] INFO  server.RaftServerConfigKeys (ConfUtils.java:logGet(46)) - raft.server.storage.dir = [/home/runner/work/ozone/ozone/hadoop-ozone/integration-test/target/test-dir/MiniOzoneClusterImpl-f04ff4d6-b670-4e84-9a89-5b4d7edf6ec9/datanode-0/data/ratis] (custom)
2023-06-22 13:18:23,739 [f6e3fb16-2d06-4033-8c03-0f6e278ccaca-groupManagement] INFO  server.RaftServerConfigKeys (ConfUtils.java:logGet(46)) - raft.server.log.corruption.policy = EXCEPTION (default)
2023-06-22 13:18:23,739 [f6e3fb16-2d06-4033-8c03-0f6e278ccaca-groupManagement] INFO  server.RaftServerConfigKeys (ConfUtils.java:logGet(46)) - raft.server.storage.free-space.min = 0MB (=0) (default)
2023-06-22 13:18:23,739 [f6e3fb16-2d06-4033-8c03-0f6e278ccaca-groupManagement] INFO  server.RaftServerConfigKeys (ConfUtils.java:logGet(46)) - raft.server.notification.no-leader.timeout = 300s (custom)
2023-06-22 13:18:23,739 [f6e3fb16-2d06-4033-8c03-0f6e278ccaca-groupManagement] INFO  server.RaftServerConfigKeys (ConfUtils.java:logGet(46)) - raft.server.read.timeout = 10s (default)
2023-06-22 13:18:23,740 [f6e3fb16-2d06-4033-8c03-0f6e278ccaca-groupManagement] INFO  server.RaftServerConfigKeys (ConfUtils.java:logGet(46)) - raft.server.retrycache.expirytime = 600000ms (custom)
2023-06-22 13:18:23,740 [f6e3fb16-2d06-4033-8c03-0f6e278ccaca-groupManagement] INFO  server.RaftServerConfigKeys (ConfUtils.java:logGet(46)) - raft.server.retrycache.statistics.expirytime = 100μs (default)
2023-06-22 13:18:23,740 [f6e3fb16-2d06-4033-8c03-0f6e278ccaca-groupManagement] INFO  server.RaftServerConfigKeys (ConfUtils.java:logGet(46)) - raft.server.read.option = DEFAULT (default)
2023-06-22 13:18:23,740 [f6e3fb16-2d06-4033-8c03-0f6e278ccaca-groupManagement] INFO  server.RaftServerConfigKeys (ConfUtils.java:logGet(46)) - raft.server.rpc.request.timeout = 60s (custom)
2023-06-22 13:18:23,740 [f6e3fb16-2d06-4033-8c03-0f6e278ccaca-groupManagement] INFO  server.RaftServerConfigKeys (ConfUtils.java:logGet(46)) - raft.server.log.appender.install.snapshot.enabled = false (custom)
2023-06-22 13:18:23,740 [f6e3fb16-2d06-4033-8c03-0f6e278ccaca-groupManagement] INFO  server.RaftServerConfigKeys (ConfUtils.java:logGet(46)) - raft.server.threadpool.server.cached = true (default)
2023-06-22 13:18:23,740 [f6e3fb16-2d06-4033-8c03-0f6e278ccaca-groupManagement] INFO  server.RaftServerConfigKeys (ConfUtils.java:logGet(46)) - raft.server.threadpool.server.size = 0 (default)
2023-06-22 13:18:23,740 [f6e3fb16-2d06-4033-8c03-0f6e278ccaca-groupManagement] INFO  server.RaftServerConfigKeys (ConfUtils.java:logGet(46)) - raft.server.threadpool.client.cached = true (default)
2023-06-22 13:18:23,740 [f6e3fb16-2d06-4033-8c03-0f6e278ccaca-groupManagement] INFO  server.RaftServerConfigKeys (ConfUtils.java:logGet(46)) - raft.server.threadpool.client.size = 0 (default)
2023-06-22 13:18:23,741 [f6e3fb16-2d06-4033-8c03-0f6e278ccaca-groupManagement] INFO  storage.RaftStorageDirectory (RaftStorageDirectoryImpl.java:analyzeStorage(137)) - The storage directory /home/runner/work/ozone/ozone/hadoop-ozone/integration-test/target/test-dir/MiniOzoneClusterImpl-f04ff4d6-b670-4e84-9a89-5b4d7edf6ec9/datanode-0/data/ratis/8ae0de83-d840-4709-ada2-5fb52a34515e does not exist. Creating ...
2023-06-22 13:18:23,742 [f6e3fb16-2d06-4033-8c03-0f6e278ccaca-groupManagement] INFO  storage.RaftStorageDirectory (RaftStorageDirectoryImpl.java:tryLock(231)) - Lock on /home/runner/work/ozone/ozone/hadoop-ozone/integration-test/target/test-dir/MiniOzoneClusterImpl-f04ff4d6-b670-4e84-9a89-5b4d7edf6ec9/datanode-0/data/ratis/8ae0de83-d840-4709-ada2-5fb52a34515e/in_use.lock acquired by nodename 40864@fv-az208-208
2023-06-22 13:18:23,743 [f6e3fb16-2d06-4033-8c03-0f6e278ccaca-groupManagement] INFO  storage.RaftStorage (RaftStorageImpl.java:format(96)) - Storage directory /home/runner/work/ozone/ozone/hadoop-ozone/integration-test/target/test-dir/MiniOzoneClusterImpl-f04ff4d6-b670-4e84-9a89-5b4d7edf6ec9/datanode-0/data/ratis/8ae0de83-d840-4709-ada2-5fb52a34515e has been successfully formatted.
2023-06-22 13:18:23,744 [f6e3fb16-2d06-4033-8c03-0f6e278ccaca-groupManagement] INFO  ratis.ContainerStateMachine (ContainerStateMachine.java:loadSnapshot(262)) - group-5FB52A34515E: The snapshot info is null. Setting the last applied indexto:(t:0, i:~)
2023-06-22 13:18:23,744 [f6e3fb16-2d06-4033-8c03-0f6e278ccaca-groupManagement] INFO  server.RaftServerConfigKeys (ConfUtils.java:logGet(46)) - raft.server.log.use.memory = false (default)
2023-06-22 13:18:23,744 [f6e3fb16-2d06-4033-8c03-0f6e278ccaca-groupManagement] INFO  server.RaftServerConfigKeys (ConfUtils.java:logGet(46)) - raft.server.log.purge.gap = 1000000 (custom)
2023-06-22 13:18:23,744 [f6e3fb16-2d06-4033-8c03-0f6e278ccaca-groupManagement] INFO  server.RaftServerConfigKeys (ConfUtils.java:logGet(46)) - raft.server.log.appender.buffer.byte-limit = 33554432 (custom)
2023-06-22 13:18:23,744 [f6e3fb16-2d06-4033-8c03-0f6e278ccaca-groupManagement] INFO  server.RaftServerConfigKeys (ConfUtils.java:logGet(46)) - raft.server.log.statemachine.data.read.timeout = 1000ms (default)
2023-06-22 13:18:23,744 [f6e3fb16-2d06-4033-8c03-0f6e278ccaca-groupManagement] INFO  server.RaftServerConfigKeys (ConfUtils.java:logGet(46)) - raft.server.log.purge.preservation.log.num = 0 (default)
2023-06-22 13:18:23,744 [f6e3fb16-2d06-4033-8c03-0f6e278ccaca-groupManagement] INFO  server.RaftServerConfigKeys (ConfUtils.java:logGet(46)) - raft.server.log.segment.size.max = 1048576 (custom)
2023-06-22 13:18:23,744 [f6e3fb16-2d06-4033-8c03-0f6e278ccaca-groupManagement] INFO  server.RaftServerConfigKeys (ConfUtils.java:logGet(46)) - raft.server.log.segment.cache.num.max = 2 (custom)
2023-06-22 13:18:23,744 [f6e3fb16-2d06-4033-8c03-0f6e278ccaca-groupManagement] INFO  server.RaftServerConfigKeys (ConfUtils.java:logGet(46)) - raft.server.log.segment.cache.size.max = 200MB (=209715200) (default)
2023-06-22 13:18:23,744 [EventQueue-OpenPipelineForHealthyPipelineSafeModeRule] INFO  safemode.SCMSafeModeManager (HealthyPipelineSafeModeRule.java:process(137)) - SCM in safe mode. Healthy pipelines reported count is 0, required healthy pipeline reported count is 1
2023-06-22 13:18:23,745 [f6e3fb16-2d06-4033-8c03-0f6e278ccaca-groupManagement] INFO  server.RaftServerConfigKeys (ConfUtils.java:logGet(46)) - raft.server.log.appender.buffer.byte-limit = 33554432 (custom)
2023-06-22 13:18:23,745 [f6e3fb16-2d06-4033-8c03-0f6e278ccaca-groupManagement] INFO  segmented.SegmentedRaftLogWorker (SegmentedRaftLogWorker.java:<init>(188)) - new f6e3fb16-2d06-4033-8c03-0f6e278ccaca@group-5FB52A34515E-SegmentedRaftLogWorker for RaftStorageImpl:Storage Directory /home/runner/work/ozone/ozone/hadoop-ozone/integration-test/target/test-dir/MiniOzoneClusterImpl-f04ff4d6-b670-4e84-9a89-5b4d7edf6ec9/datanode-0/data/ratis/8ae0de83-d840-4709-ada2-5fb52a34515e
2023-06-22 13:18:23,745 [f6e3fb16-2d06-4033-8c03-0f6e278ccaca-groupManagement] INFO  server.RaftServerConfigKeys (ConfUtils.java:logGet(46)) - raft.server.log.queue.byte-limit = 4294967296 (custom)
2023-06-22 13:18:23,745 [f6e3fb16-2d06-4033-8c03-0f6e278ccaca-groupManagement] INFO  server.RaftServerConfigKeys (ConfUtils.java:logGet(46)) - raft.server.log.queue.element-limit = 1024 (custom)
2023-06-22 13:18:23,745 [f6e3fb16-2d06-4033-8c03-0f6e278ccaca-groupManagement] INFO  server.RaftServerConfigKeys (ConfUtils.java:logGet(46)) - raft.server.log.segment.size.max = 1048576 (custom)
2023-06-22 13:18:23,745 [f6e3fb16-2d06-4033-8c03-0f6e278ccaca-groupManagement] INFO  server.RaftServerConfigKeys (ConfUtils.java:logGet(46)) - raft.server.log.preallocated.size = 16384 (custom)
2023-06-22 13:18:23,745 [f6e3fb16-2d06-4033-8c03-0f6e278ccaca-groupManagement] INFO  server.RaftServerConfigKeys (ConfUtils.java:logGet(46)) - raft.server.log.force.sync.num = 128 (default)
2023-06-22 13:18:23,745 [f6e3fb16-2d06-4033-8c03-0f6e278ccaca-groupManagement] INFO  server.RaftServerConfigKeys (ConfUtils.java:logGet(46)) - raft.server.log.statemachine.data.sync = true (default)
2023-06-22 13:18:23,745 [f6e3fb16-2d06-4033-8c03-0f6e278ccaca-groupManagement] INFO  server.RaftServerConfigKeys (ConfUtils.java:logGet(46)) - raft.server.log.statemachine.data.sync.timeout = 10s (default)
2023-06-22 13:18:23,745 [f6e3fb16-2d06-4033-8c03-0f6e278ccaca-groupManagement] INFO  server.RaftServerConfigKeys (ConfUtils.java:logGet(46)) - raft.server.log.statemachine.data.sync.timeout.retry = -1 (default)
2023-06-22 13:18:23,745 [f6e3fb16-2d06-4033-8c03-0f6e278ccaca-groupManagement] INFO  server.RaftServerConfigKeys (ConfUtils.java:logGet(46)) - raft.server.log.write.buffer.size = 1048576 (custom)
2023-06-22 13:18:23,746 [f6e3fb16-2d06-4033-8c03-0f6e278ccaca-groupManagement] INFO  server.RaftServerConfigKeys (ConfUtils.java:logGet(46)) - raft.server.log.appender.buffer.byte-limit = 33554432 (custom)
2023-06-22 13:18:23,751 [f6e3fb16-2d06-4033-8c03-0f6e278ccaca-groupManagement] INFO  server.RaftServerConfigKeys (ConfUtils.java:logGet(46)) - raft.server.log.unsafe-flush.enabled = false (default)
2023-06-22 13:18:23,751 [f6e3fb16-2d06-4033-8c03-0f6e278ccaca-groupManagement] INFO  server.RaftServerConfigKeys (ConfUtils.java:logGet(46)) - raft.server.log.async-flush.enabled = false (default)
2023-06-22 13:18:23,751 [f6e3fb16-2d06-4033-8c03-0f6e278ccaca-groupManagement] INFO  server.RaftServerConfigKeys (ConfUtils.java:logGet(46)) - raft.server.log.statemachine.data.caching.enabled = true (custom)
2023-06-22 13:18:23,751 [f6e3fb16-2d06-4033-8c03-0f6e278ccaca-groupManagement] INFO  segmented.SegmentedRaftLogWorker (SegmentedRaftLogWorker.java:lambda$new$0(135)) - f6e3fb16-2d06-4033-8c03-0f6e278ccaca@group-5FB52A34515E-SegmentedRaftLogWorker: flushIndex: setUnconditionally 0 -> -1
2023-06-22 13:18:23,751 [f6e3fb16-2d06-4033-8c03-0f6e278ccaca-groupManagement] INFO  segmented.SegmentedRaftLogWorker (SegmentedRaftLogWorker.java:lambda$new$0(135)) - f6e3fb16-2d06-4033-8c03-0f6e278ccaca@group-5FB52A34515E-SegmentedRaftLogWorker: safeCacheEvictIndex: setUnconditionally 0 -> -1
2023-06-22 13:18:23,751 [f6e3fb16-2d06-4033-8c03-0f6e278ccaca-groupManagement] INFO  server.RaftServer$Division (RaftServerImpl.java:start(342)) - f6e3fb16-2d06-4033-8c03-0f6e278ccaca@group-5FB52A34515E: start as a follower, conf=-1: peers:[f6e3fb16-2d06-4033-8c03-0f6e278ccaca|rpc:10.1.0.30:15067|admin:10.1.0.30:15066|client:10.1.0.30:15065|dataStream:10.1.0.30:15068|priority:1|startupRole:FOLLOWER, 2f5d805c-9187-458a-a4cb-1b814143bdc5|rpc:10.1.0.30:15076|admin:10.1.0.30:15075|client:10.1.0.30:15074|dataStream:10.1.0.30:15077|priority:0|startupRole:FOLLOWER, f35f0a8c-90e3-4c0e-82f0-ebea9a45f0ef|rpc:10.1.0.30:15085|admin:10.1.0.30:15084|client:10.1.0.30:15083|dataStream:10.1.0.30:15086|priority:0|startupRole:FOLLOWER]|listeners:[], old=null
2023-06-22 13:18:23,751 [f6e3fb16-2d06-4033-8c03-0f6e278ccaca-groupManagement] INFO  server.RaftServer$Division (RaftServerImpl.java:setRole(329)) - f6e3fb16-2d06-4033-8c03-0f6e278ccaca@group-5FB52A34515E: changes role from      null to FOLLOWER at term 0 for startAsFollower
2023-06-22 13:18:23,751 [f6e3fb16-2d06-4033-8c03-0f6e278ccaca-groupManagement] INFO  impl.RoleInfo (RoleInfo.java:updateAndGet(139)) - f6e3fb16-2d06-4033-8c03-0f6e278ccaca: start f6e3fb16-2d06-4033-8c03-0f6e278ccaca@group-5FB52A34515E-FollowerState
2023-06-22 13:18:23,755 [f6e3fb16-2d06-4033-8c03-0f6e278ccaca-groupManagement] INFO  util.JmxRegister (JmxRegister.java:tryRegister(44)) - Successfully registered JMX Bean with object name Ratis:service=RaftServer,group=group-5FB52A34515E,id=f6e3fb16-2d06-4033-8c03-0f6e278ccaca
2023-06-22 13:18:23,755 [f6e3fb16-2d06-4033-8c03-0f6e278ccaca-groupManagement] INFO  server.RaftServerConfigKeys (ConfUtils.java:logGet(46)) - raft.server.snapshot.auto.trigger.enabled = true (custom)
2023-06-22 13:18:23,755 [f6e3fb16-2d06-4033-8c03-0f6e278ccaca-groupManagement] INFO  server.RaftServerConfigKeys (ConfUtils.java:logGet(46)) - raft.server.snapshot.auto.trigger.threshold = 10000 (custom)
2023-06-22 13:18:23,755 [f6e3fb16-2d06-4033-8c03-0f6e278ccaca-groupManagement] INFO  server.RaftServerConfigKeys (ConfUtils.java:logGet(46)) - raft.server.snapshot.retention.file.num = 5 (custom)
2023-06-22 13:18:23,755 [f6e3fb16-2d06-4033-8c03-0f6e278ccaca-groupManagement] INFO  server.RaftServerConfigKeys (ConfUtils.java:logGet(46)) - raft.server.log.purge.upto.snapshot.index = false (default)
2023-06-22 13:18:23,756 [f6e3fb16-2d06-4033-8c03-0f6e278ccaca@group-5FB52A34515E-FollowerState] INFO  server.RaftServerConfigKeys (ConfUtils.java:logFallback(53)) - raft.server.rpc.first-election.timeout.min = 5s (fallback to raft.server.rpc.timeout.min)
2023-06-22 13:18:23,756 [f6e3fb16-2d06-4033-8c03-0f6e278ccaca@group-5FB52A34515E-FollowerState] INFO  server.RaftServerConfigKeys (ConfUtils.java:logFallback(53)) - raft.server.rpc.first-election.timeout.max = 5200ms (fallback to raft.server.rpc.timeout.max)
2023-06-22 13:18:23,756 [PipelineCommandHandlerThread-0] INFO  ratis.XceiverServerRatis (XceiverServerRatis.java:addGroup(804)) - Created group PipelineID=8ae0de83-d840-4709-ada2-5fb52a34515e
2023-06-22 13:18:23,764 [grpc-default-executor-10] INFO  server.RaftServer (RaftServerProxy.java:addNew(98)) - 2f5d805c-9187-458a-a4cb-1b814143bdc5: addNew group-5FB52A34515E:[f6e3fb16-2d06-4033-8c03-0f6e278ccaca|rpc:10.1.0.30:15067|admin:10.1.0.30:15066|client:10.1.0.30:15065|dataStream:10.1.0.30:15068|priority:1|startupRole:FOLLOWER, 2f5d805c-9187-458a-a4cb-1b814143bdc5|rpc:10.1.0.30:15076|admin:10.1.0.30:15075|client:10.1.0.30:15074|dataStream:10.1.0.30:15077|priority:0|startupRole:FOLLOWER, f35f0a8c-90e3-4c0e-82f0-ebea9a45f0ef|rpc:10.1.0.30:15085|admin:10.1.0.30:15084|client:10.1.0.30:15083|dataStream:10.1.0.30:15086|priority:0|startupRole:FOLLOWER] returns group-5FB52A34515E:java.util.concurrent.CompletableFuture@5a9fe55a[Not completed]
2023-06-22 13:18:23,765 [2f5d805c-9187-458a-a4cb-1b814143bdc5-groupManagement] INFO  server.RaftServer$Division (RaftServerImpl.java:<init>(198)) - 2f5d805c-9187-458a-a4cb-1b814143bdc5: new RaftServerImpl for group-5FB52A34515E:[f6e3fb16-2d06-4033-8c03-0f6e278ccaca|rpc:10.1.0.30:15067|admin:10.1.0.30:15066|client:10.1.0.30:15065|dataStream:10.1.0.30:15068|priority:1|startupRole:FOLLOWER, 2f5d805c-9187-458a-a4cb-1b814143bdc5|rpc:10.1.0.30:15076|admin:10.1.0.30:15075|client:10.1.0.30:15074|dataStream:10.1.0.30:15077|priority:0|startupRole:FOLLOWER, f35f0a8c-90e3-4c0e-82f0-ebea9a45f0ef|rpc:10.1.0.30:15085|admin:10.1.0.30:15084|client:10.1.0.30:15083|dataStream:10.1.0.30:15086|priority:0|startupRole:FOLLOWER] with ContainerStateMachine:uninitialized
2023-06-22 13:18:23,765 [2f5d805c-9187-458a-a4cb-1b814143bdc5-groupManagement] INFO  server.RaftServerConfigKeys (ConfUtils.java:logGet(46)) - raft.server.rpc.timeout.min = 5s (custom)
2023-06-22 13:18:23,765 [2f5d805c-9187-458a-a4cb-1b814143bdc5-groupManagement] INFO  server.RaftServerConfigKeys (ConfUtils.java:logGet(46)) - raft.server.rpc.timeout.max = 5200ms (custom)
2023-06-22 13:18:23,765 [2f5d805c-9187-458a-a4cb-1b814143bdc5-groupManagement] INFO  server.RaftServerConfigKeys (ConfUtils.java:logGet(46)) - raft.server.rpc.sleep.time = 25ms (default)
2023-06-22 13:18:23,765 [2f5d805c-9187-458a-a4cb-1b814143bdc5-groupManagement] INFO  server.RaftServerConfigKeys (ConfUtils.java:logGet(46)) - raft.server.rpc.slowness.timeout = 300s (custom)
2023-06-22 13:18:23,765 [2f5d805c-9187-458a-a4cb-1b814143bdc5-groupManagement] INFO  server.RaftServerConfigKeys (ConfUtils.java:logGet(46)) - raft.server.leaderelection.leader.step-down.wait-time = 10s (default)
2023-06-22 13:18:23,765 [2f5d805c-9187-458a-a4cb-1b814143bdc5-groupManagement] INFO  server.RaftServerConfigKeys (ConfUtils.java:logGet(46)) - raft.server.sleep.deviation.threshold = 300ms (default)
2023-06-22 13:18:23,765 [2f5d805c-9187-458a-a4cb-1b814143bdc5-groupManagement] INFO  server.RaftServer$Division (ServerState.java:<init>(120)) - 2f5d805c-9187-458a-a4cb-1b814143bdc5@group-5FB52A34515E: ConfigurationManager, init=-1: peers:[f6e3fb16-2d06-4033-8c03-0f6e278ccaca|rpc:10.1.0.30:15067|admin:10.1.0.30:15066|client:10.1.0.30:15065|dataStream:10.1.0.30:15068|priority:1|startupRole:FOLLOWER, 2f5d805c-9187-458a-a4cb-1b814143bdc5|rpc:10.1.0.30:15076|admin:10.1.0.30:15075|client:10.1.0.30:15074|dataStream:10.1.0.30:15077|priority:0|startupRole:FOLLOWER, f35f0a8c-90e3-4c0e-82f0-ebea9a45f0ef|rpc:10.1.0.30:15085|admin:10.1.0.30:15084|client:10.1.0.30:15083|dataStream:10.1.0.30:15086|priority:0|startupRole:FOLLOWER]|listeners:[], old=null, confs=<EMPTY_MAP>
2023-06-22 13:18:23,765 [2f5d805c-9187-458a-a4cb-1b814143bdc5-groupManagement] INFO  server.RaftServerConfigKeys (ConfUtils.java:logGet(46)) - raft.server.storage.dir = [/home/runner/work/ozone/ozone/hadoop-ozone/integration-test/target/test-dir/MiniOzoneClusterImpl-f04ff4d6-b670-4e84-9a89-5b4d7edf6ec9/datanode-1/data/ratis] (custom)
2023-06-22 13:18:23,765 [2f5d805c-9187-458a-a4cb-1b814143bdc5-groupManagement] INFO  server.RaftServerConfigKeys (ConfUtils.java:logGet(46)) - raft.server.log.corruption.policy = EXCEPTION (default)
2023-06-22 13:18:23,765 [2f5d805c-9187-458a-a4cb-1b814143bdc5-groupManagement] INFO  server.RaftServerConfigKeys (ConfUtils.java:logGet(46)) - raft.server.storage.free-space.min = 0MB (=0) (default)
2023-06-22 13:18:23,765 [2f5d805c-9187-458a-a4cb-1b814143bdc5-groupManagement] INFO  server.RaftServerConfigKeys (ConfUtils.java:logGet(46)) - raft.server.notification.no-leader.timeout = 300s (custom)
2023-06-22 13:18:23,765 [2f5d805c-9187-458a-a4cb-1b814143bdc5-groupManagement] INFO  server.RaftServerConfigKeys (ConfUtils.java:logGet(46)) - raft.server.read.timeout = 10s (default)
2023-06-22 13:18:23,765 [2f5d805c-9187-458a-a4cb-1b814143bdc5-groupManagement] INFO  server.RaftServerConfigKeys (ConfUtils.java:logGet(46)) - raft.server.retrycache.expirytime = 600000ms (custom)
2023-06-22 13:18:23,765 [2f5d805c-9187-458a-a4cb-1b814143bdc5-groupManagement] INFO  server.RaftServerConfigKeys (ConfUtils.java:logGet(46)) - raft.server.retrycache.statistics.expirytime = 100μs (default)
2023-06-22 13:18:23,766 [2f5d805c-9187-458a-a4cb-1b814143bdc5-groupManagement] INFO  server.RaftServerConfigKeys (ConfUtils.java:logGet(46)) - raft.server.read.option = DEFAULT (default)
2023-06-22 13:18:23,766 [2f5d805c-9187-458a-a4cb-1b814143bdc5-groupManagement] INFO  server.RaftServerConfigKeys (ConfUtils.java:logGet(46)) - raft.server.rpc.request.timeout = 60s (custom)
2023-06-22 13:18:23,766 [2f5d805c-9187-458a-a4cb-1b814143bdc5-groupManagement] INFO  server.RaftServerConfigKeys (ConfUtils.java:logGet(46)) - raft.server.log.appender.install.snapshot.enabled = false (custom)
2023-06-22 13:18:23,766 [2f5d805c-9187-458a-a4cb-1b814143bdc5-groupManagement] INFO  server.RaftServerConfigKeys (ConfUtils.java:logGet(46)) - raft.server.threadpool.server.cached = true (default)
2023-06-22 13:18:23,766 [2f5d805c-9187-458a-a4cb-1b814143bdc5-groupManagement] INFO  server.RaftServerConfigKeys (ConfUtils.java:logGet(46)) - raft.server.threadpool.server.size = 0 (default)
2023-06-22 13:18:23,766 [2f5d805c-9187-458a-a4cb-1b814143bdc5-groupManagement] INFO  server.RaftServerConfigKeys (ConfUtils.java:logGet(46)) - raft.server.threadpool.client.cached = true (default)
2023-06-22 13:18:23,766 [2f5d805c-9187-458a-a4cb-1b814143bdc5-groupManagement] INFO  server.RaftServerConfigKeys (ConfUtils.java:logGet(46)) - raft.server.threadpool.client.size = 0 (default)
2023-06-22 13:18:23,766 [2f5d805c-9187-458a-a4cb-1b814143bdc5-groupManagement] INFO  storage.RaftStorageDirectory (RaftStorageDirectoryImpl.java:analyzeStorage(137)) - The storage directory /home/runner/work/ozone/ozone/hadoop-ozone/integration-test/target/test-dir/MiniOzoneClusterImpl-f04ff4d6-b670-4e84-9a89-5b4d7edf6ec9/datanode-1/data/ratis/8ae0de83-d840-4709-ada2-5fb52a34515e does not exist. Creating ...
2023-06-22 13:18:23,768 [2f5d805c-9187-458a-a4cb-1b814143bdc5-groupManagement] INFO  storage.RaftStorageDirectory (RaftStorageDirectoryImpl.java:tryLock(231)) - Lock on /home/runner/work/ozone/ozone/hadoop-ozone/integration-test/target/test-dir/MiniOzoneClusterImpl-f04ff4d6-b670-4e84-9a89-5b4d7edf6ec9/datanode-1/data/ratis/8ae0de83-d840-4709-ada2-5fb52a34515e/in_use.lock acquired by nodename 40864@fv-az208-208
2023-06-22 13:18:23,769 [2f5d805c-9187-458a-a4cb-1b814143bdc5-groupManagement] INFO  storage.RaftStorage (RaftStorageImpl.java:format(96)) - Storage directory /home/runner/work/ozone/ozone/hadoop-ozone/integration-test/target/test-dir/MiniOzoneClusterImpl-f04ff4d6-b670-4e84-9a89-5b4d7edf6ec9/datanode-1/data/ratis/8ae0de83-d840-4709-ada2-5fb52a34515e has been successfully formatted.
2023-06-22 13:18:23,771 [2f5d805c-9187-458a-a4cb-1b814143bdc5-groupManagement] INFO  ratis.ContainerStateMachine (ContainerStateMachine.java:loadSnapshot(262)) - group-5FB52A34515E: The snapshot info is null. Setting the last applied indexto:(t:0, i:~)
2023-06-22 13:18:23,771 [2f5d805c-9187-458a-a4cb-1b814143bdc5-groupManagement] INFO  server.RaftServerConfigKeys (ConfUtils.java:logGet(46)) - raft.server.log.use.memory = false (default)
2023-06-22 13:18:23,771 [2f5d805c-9187-458a-a4cb-1b814143bdc5-groupManagement] INFO  server.RaftServerConfigKeys (ConfUtils.java:logGet(46)) - raft.server.log.purge.gap = 1000000 (custom)
2023-06-22 13:18:23,771 [2f5d805c-9187-458a-a4cb-1b814143bdc5-groupManagement] INFO  server.RaftServerConfigKeys (ConfUtils.java:logGet(46)) - raft.server.log.appender.buffer.byte-limit = 33554432 (custom)
2023-06-22 13:18:23,771 [2f5d805c-9187-458a-a4cb-1b814143bdc5-groupManagement] INFO  server.RaftServerConfigKeys (ConfUtils.java:logGet(46)) - raft.server.log.statemachine.data.read.timeout = 1000ms (default)
2023-06-22 13:18:23,771 [2f5d805c-9187-458a-a4cb-1b814143bdc5-groupManagement] INFO  server.RaftServerConfigKeys (ConfUtils.java:logGet(46)) - raft.server.log.purge.preservation.log.num = 0 (default)
2023-06-22 13:18:23,771 [2f5d805c-9187-458a-a4cb-1b814143bdc5-groupManagement] INFO  server.RaftServerConfigKeys (ConfUtils.java:logGet(46)) - raft.server.log.segment.size.max = 1048576 (custom)
2023-06-22 13:18:23,771 [2f5d805c-9187-458a-a4cb-1b814143bdc5-groupManagement] INFO  server.RaftServerConfigKeys (ConfUtils.java:logGet(46)) - raft.server.log.segment.cache.num.max = 2 (custom)
2023-06-22 13:18:23,771 [2f5d805c-9187-458a-a4cb-1b814143bdc5-groupManagement] INFO  server.RaftServerConfigKeys (ConfUtils.java:logGet(46)) - raft.server.log.segment.cache.size.max = 200MB (=209715200) (default)
2023-06-22 13:18:23,771 [2f5d805c-9187-458a-a4cb-1b814143bdc5-groupManagement] INFO  server.RaftServerConfigKeys (ConfUtils.java:logGet(46)) - raft.server.log.appender.buffer.byte-limit = 33554432 (custom)
2023-06-22 13:18:23,771 [2f5d805c-9187-458a-a4cb-1b814143bdc5-groupManagement] INFO  segmented.SegmentedRaftLogWorker (SegmentedRaftLogWorker.java:<init>(188)) - new 2f5d805c-9187-458a-a4cb-1b814143bdc5@group-5FB52A34515E-SegmentedRaftLogWorker for RaftStorageImpl:Storage Directory /home/runner/work/ozone/ozone/hadoop-ozone/integration-test/target/test-dir/MiniOzoneClusterImpl-f04ff4d6-b670-4e84-9a89-5b4d7edf6ec9/datanode-1/data/ratis/8ae0de83-d840-4709-ada2-5fb52a34515e
2023-06-22 13:18:23,771 [2f5d805c-9187-458a-a4cb-1b814143bdc5-groupManagement] INFO  server.RaftServerConfigKeys (ConfUtils.java:logGet(46)) - raft.server.log.queue.byte-limit = 4294967296 (custom)
2023-06-22 13:18:23,771 [2f5d805c-9187-458a-a4cb-1b814143bdc5-groupManagement] INFO  server.RaftServerConfigKeys (ConfUtils.java:logGet(46)) - raft.server.log.queue.element-limit = 1024 (custom)
2023-06-22 13:18:23,771 [2f5d805c-9187-458a-a4cb-1b814143bdc5-groupManagement] INFO  server.RaftServerConfigKeys (ConfUtils.java:logGet(46)) - raft.server.log.segment.size.max = 1048576 (custom)
2023-06-22 13:18:23,771 [2f5d805c-9187-458a-a4cb-1b814143bdc5-groupManagement] INFO  server.RaftServerConfigKeys (ConfUtils.java:logGet(46)) - raft.server.log.preallocated.size = 16384 (custom)
2023-06-22 13:18:23,772 [2f5d805c-9187-458a-a4cb-1b814143bdc5-groupManagement] INFO  server.RaftServerConfigKeys (ConfUtils.java:logGet(46)) - raft.server.log.force.sync.num = 128 (default)
2023-06-22 13:18:23,772 [2f5d805c-9187-458a-a4cb-1b814143bdc5-groupManagement] INFO  server.RaftServerConfigKeys (ConfUtils.java:logGet(46)) - raft.server.log.statemachine.data.sync = true (default)
2023-06-22 13:18:23,772 [2f5d805c-9187-458a-a4cb-1b814143bdc5-groupManagement] INFO  server.RaftServerConfigKeys (ConfUtils.java:logGet(46)) - raft.server.log.statemachine.data.sync.timeout = 10s (default)
2023-06-22 13:18:23,772 [2f5d805c-9187-458a-a4cb-1b814143bdc5-groupManagement] INFO  server.RaftServerConfigKeys (ConfUtils.java:logGet(46)) - raft.server.log.statemachine.data.sync.timeout.retry = -1 (default)
2023-06-22 13:18:23,772 [2f5d805c-9187-458a-a4cb-1b814143bdc5-groupManagement] INFO  server.RaftServerConfigKeys (ConfUtils.java:logGet(46)) - raft.server.log.write.buffer.size = 1048576 (custom)
2023-06-22 13:18:23,773 [2f5d805c-9187-458a-a4cb-1b814143bdc5-groupManagement] INFO  server.RaftServerConfigKeys (ConfUtils.java:logGet(46)) - raft.server.log.appender.buffer.byte-limit = 33554432 (custom)
2023-06-22 13:18:23,776 [2f5d805c-9187-458a-a4cb-1b814143bdc5-groupManagement] INFO  server.RaftServerConfigKeys (ConfUtils.java:logGet(46)) - raft.server.log.unsafe-flush.enabled = false (default)
2023-06-22 13:18:23,778 [2f5d805c-9187-458a-a4cb-1b814143bdc5-groupManagement] INFO  server.RaftServerConfigKeys (ConfUtils.java:logGet(46)) - raft.server.log.async-flush.enabled = false (default)
2023-06-22 13:18:23,778 [2f5d805c-9187-458a-a4cb-1b814143bdc5-groupManagement] INFO  server.RaftServerConfigKeys (ConfUtils.java:logGet(46)) - raft.server.log.statemachine.data.caching.enabled = true (custom)
2023-06-22 13:18:23,778 [2f5d805c-9187-458a-a4cb-1b814143bdc5-groupManagement] INFO  segmented.SegmentedRaftLogWorker (SegmentedRaftLogWorker.java:lambda$new$0(135)) - 2f5d805c-9187-458a-a4cb-1b814143bdc5@group-5FB52A34515E-SegmentedRaftLogWorker: flushIndex: setUnconditionally 0 -> -1
2023-06-22 13:18:23,778 [2f5d805c-9187-458a-a4cb-1b814143bdc5-groupManagement] INFO  segmented.SegmentedRaftLogWorker (SegmentedRaftLogWorker.java:lambda$new$0(135)) - 2f5d805c-9187-458a-a4cb-1b814143bdc5@group-5FB52A34515E-SegmentedRaftLogWorker: safeCacheEvictIndex: setUnconditionally 0 -> -1
2023-06-22 13:18:23,778 [2f5d805c-9187-458a-a4cb-1b814143bdc5-groupManagement] INFO  server.RaftServer$Division (RaftServerImpl.java:start(342)) - 2f5d805c-9187-458a-a4cb-1b814143bdc5@group-5FB52A34515E: start as a follower, conf=-1: peers:[f6e3fb16-2d06-4033-8c03-0f6e278ccaca|rpc:10.1.0.30:15067|admin:10.1.0.30:15066|client:10.1.0.30:15065|dataStream:10.1.0.30:15068|priority:1|startupRole:FOLLOWER, 2f5d805c-9187-458a-a4cb-1b814143bdc5|rpc:10.1.0.30:15076|admin:10.1.0.30:15075|client:10.1.0.30:15074|dataStream:10.1.0.30:15077|priority:0|startupRole:FOLLOWER, f35f0a8c-90e3-4c0e-82f0-ebea9a45f0ef|rpc:10.1.0.30:15085|admin:10.1.0.30:15084|client:10.1.0.30:15083|dataStream:10.1.0.30:15086|priority:0|startupRole:FOLLOWER]|listeners:[], old=null
2023-06-22 13:18:23,779 [2f5d805c-9187-458a-a4cb-1b814143bdc5-groupManagement] INFO  server.RaftServer$Division (RaftServerImpl.java:setRole(329)) - 2f5d805c-9187-458a-a4cb-1b814143bdc5@group-5FB52A34515E: changes role from      null to FOLLOWER at term 0 for startAsFollower
2023-06-22 13:18:23,779 [2f5d805c-9187-458a-a4cb-1b814143bdc5-groupManagement] INFO  impl.RoleInfo (RoleInfo.java:updateAndGet(139)) - 2f5d805c-9187-458a-a4cb-1b814143bdc5: start 2f5d805c-9187-458a-a4cb-1b814143bdc5@group-5FB52A34515E-FollowerState
2023-06-22 13:18:23,779 [2f5d805c-9187-458a-a4cb-1b814143bdc5-groupManagement] INFO  util.JmxRegister (JmxRegister.java:tryRegister(44)) - Successfully registered JMX Bean with object name Ratis:service=RaftServer,group=group-5FB52A34515E,id=2f5d805c-9187-458a-a4cb-1b814143bdc5
2023-06-22 13:18:23,779 [2f5d805c-9187-458a-a4cb-1b814143bdc5-groupManagement] INFO  server.RaftServerConfigKeys (ConfUtils.java:logGet(46)) - raft.server.snapshot.auto.trigger.enabled = true (custom)
2023-06-22 13:18:23,779 [2f5d805c-9187-458a-a4cb-1b814143bdc5-groupManagement] INFO  server.RaftServerConfigKeys (ConfUtils.java:logGet(46)) - raft.server.snapshot.auto.trigger.threshold = 10000 (custom)
2023-06-22 13:18:23,779 [2f5d805c-9187-458a-a4cb-1b814143bdc5-groupManagement] INFO  server.RaftServerConfigKeys (ConfUtils.java:logGet(46)) - raft.server.snapshot.retention.file.num = 5 (custom)
2023-06-22 13:18:23,780 [2f5d805c-9187-458a-a4cb-1b814143bdc5-groupManagement] INFO  server.RaftServerConfigKeys (ConfUtils.java:logGet(46)) - raft.server.log.purge.upto.snapshot.index = false (default)
2023-06-22 13:18:23,780 [2f5d805c-9187-458a-a4cb-1b814143bdc5@group-5FB52A34515E-FollowerState] INFO  server.RaftServerConfigKeys (ConfUtils.java:logFallback(53)) - raft.server.rpc.first-election.timeout.min = 5s (fallback to raft.server.rpc.timeout.min)
2023-06-22 13:18:23,780 [2f5d805c-9187-458a-a4cb-1b814143bdc5@group-5FB52A34515E-FollowerState] INFO  server.RaftServerConfigKeys (ConfUtils.java:logFallback(53)) - raft.server.rpc.first-election.timeout.max = 5200ms (fallback to raft.server.rpc.timeout.max)
2023-06-22 13:18:23,813 [grpc-default-executor-10] INFO  server.RaftServer (RaftServerProxy.java:addNew(98)) - f35f0a8c-90e3-4c0e-82f0-ebea9a45f0ef: addNew group-5FB52A34515E:[f6e3fb16-2d06-4033-8c03-0f6e278ccaca|rpc:10.1.0.30:15067|admin:10.1.0.30:15066|client:10.1.0.30:15065|dataStream:10.1.0.30:15068|priority:1|startupRole:FOLLOWER, 2f5d805c-9187-458a-a4cb-1b814143bdc5|rpc:10.1.0.30:15076|admin:10.1.0.30:15075|client:10.1.0.30:15074|dataStream:10.1.0.30:15077|priority:0|startupRole:FOLLOWER, f35f0a8c-90e3-4c0e-82f0-ebea9a45f0ef|rpc:10.1.0.30:15085|admin:10.1.0.30:15084|client:10.1.0.30:15083|dataStream:10.1.0.30:15086|priority:0|startupRole:FOLLOWER] returns group-5FB52A34515E:java.util.concurrent.CompletableFuture@24de5c4f[Not completed]
2023-06-22 13:18:23,814 [f35f0a8c-90e3-4c0e-82f0-ebea9a45f0ef-groupManagement] INFO  server.RaftServer$Division (RaftServerImpl.java:<init>(198)) - f35f0a8c-90e3-4c0e-82f0-ebea9a45f0ef: new RaftServerImpl for group-5FB52A34515E:[f6e3fb16-2d06-4033-8c03-0f6e278ccaca|rpc:10.1.0.30:15067|admin:10.1.0.30:15066|client:10.1.0.30:15065|dataStream:10.1.0.30:15068|priority:1|startupRole:FOLLOWER, 2f5d805c-9187-458a-a4cb-1b814143bdc5|rpc:10.1.0.30:15076|admin:10.1.0.30:15075|client:10.1.0.30:15074|dataStream:10.1.0.30:15077|priority:0|startupRole:FOLLOWER, f35f0a8c-90e3-4c0e-82f0-ebea9a45f0ef|rpc:10.1.0.30:15085|admin:10.1.0.30:15084|client:10.1.0.30:15083|dataStream:10.1.0.30:15086|priority:0|startupRole:FOLLOWER] with ContainerStateMachine:uninitialized
2023-06-22 13:18:23,814 [f35f0a8c-90e3-4c0e-82f0-ebea9a45f0ef-groupManagement] INFO  server.RaftServerConfigKeys (ConfUtils.java:logGet(46)) - raft.server.rpc.timeout.min = 5s (custom)
2023-06-22 13:18:23,814 [f35f0a8c-90e3-4c0e-82f0-ebea9a45f0ef-groupManagement] INFO  server.RaftServerConfigKeys (ConfUtils.java:logGet(46)) - raft.server.rpc.timeout.max = 5200ms (custom)
2023-06-22 13:18:23,814 [f35f0a8c-90e3-4c0e-82f0-ebea9a45f0ef-groupManagement] INFO  server.RaftServerConfigKeys (ConfUtils.java:logGet(46)) - raft.server.rpc.sleep.time = 25ms (default)
2023-06-22 13:18:23,814 [f35f0a8c-90e3-4c0e-82f0-ebea9a45f0ef-groupManagement] INFO  server.RaftServerConfigKeys (ConfUtils.java:logGet(46)) - raft.server.rpc.slowness.timeout = 300s (custom)
2023-06-22 13:18:23,814 [f35f0a8c-90e3-4c0e-82f0-ebea9a45f0ef-groupManagement] INFO  server.RaftServerConfigKeys (ConfUtils.java:logGet(46)) - raft.server.leaderelection.leader.step-down.wait-time = 10s (default)
2023-06-22 13:18:23,814 [f35f0a8c-90e3-4c0e-82f0-ebea9a45f0ef-groupManagement] INFO  server.RaftServerConfigKeys (ConfUtils.java:logGet(46)) - raft.server.sleep.deviation.threshold = 300ms (default)
2023-06-22 13:18:23,814 [f35f0a8c-90e3-4c0e-82f0-ebea9a45f0ef-groupManagement] INFO  server.RaftServer$Division (ServerState.java:<init>(120)) - f35f0a8c-90e3-4c0e-82f0-ebea9a45f0ef@group-5FB52A34515E: ConfigurationManager, init=-1: peers:[f6e3fb16-2d06-4033-8c03-0f6e278ccaca|rpc:10.1.0.30:15067|admin:10.1.0.30:15066|client:10.1.0.30:15065|dataStream:10.1.0.30:15068|priority:1|startupRole:FOLLOWER, 2f5d805c-9187-458a-a4cb-1b814143bdc5|rpc:10.1.0.30:15076|admin:10.1.0.30:15075|client:10.1.0.30:15074|dataStream:10.1.0.30:15077|priority:0|startupRole:FOLLOWER, f35f0a8c-90e3-4c0e-82f0-ebea9a45f0ef|rpc:10.1.0.30:15085|admin:10.1.0.30:15084|client:10.1.0.30:15083|dataStream:10.1.0.30:15086|priority:0|startupRole:FOLLOWER]|listeners:[], old=null, confs=<EMPTY_MAP>
2023-06-22 13:18:23,814 [f35f0a8c-90e3-4c0e-82f0-ebea9a45f0ef-groupManagement] INFO  server.RaftServerConfigKeys (ConfUtils.java:logGet(46)) - raft.server.storage.dir = [/home/runner/work/ozone/ozone/hadoop-ozone/integration-test/target/test-dir/MiniOzoneClusterImpl-f04ff4d6-b670-4e84-9a89-5b4d7edf6ec9/datanode-2/data/ratis] (custom)
2023-06-22 13:18:23,814 [f35f0a8c-90e3-4c0e-82f0-ebea9a45f0ef-groupManagement] INFO  server.RaftServerConfigKeys (ConfUtils.java:logGet(46)) - raft.server.log.corruption.policy = EXCEPTION (default)
2023-06-22 13:18:23,814 [f35f0a8c-90e3-4c0e-82f0-ebea9a45f0ef-groupManagement] INFO  server.RaftServerConfigKeys (ConfUtils.java:logGet(46)) - raft.server.storage.free-space.min = 0MB (=0) (default)
2023-06-22 13:18:23,814 [f35f0a8c-90e3-4c0e-82f0-ebea9a45f0ef-groupManagement] INFO  server.RaftServerConfigKeys (ConfUtils.java:logGet(46)) - raft.server.notification.no-leader.timeout = 300s (custom)
2023-06-22 13:18:23,814 [f35f0a8c-90e3-4c0e-82f0-ebea9a45f0ef-groupManagement] INFO  server.RaftServerConfigKeys (ConfUtils.java:logGet(46)) - raft.server.read.timeout = 10s (default)
2023-06-22 13:18:23,814 [f35f0a8c-90e3-4c0e-82f0-ebea9a45f0ef-groupManagement] INFO  server.RaftServerConfigKeys (ConfUtils.java:logGet(46)) - raft.server.retrycache.expirytime = 600000ms (custom)
2023-06-22 13:18:23,814 [f35f0a8c-90e3-4c0e-82f0-ebea9a45f0ef-groupManagement] INFO  server.RaftServerConfigKeys (ConfUtils.java:logGet(46)) - raft.server.retrycache.statistics.expirytime = 100μs (default)
2023-06-22 13:18:23,814 [f35f0a8c-90e3-4c0e-82f0-ebea9a45f0ef-groupManagement] INFO  server.RaftServerConfigKeys (ConfUtils.java:logGet(46)) - raft.server.read.option = DEFAULT (default)
2023-06-22 13:18:23,815 [f35f0a8c-90e3-4c0e-82f0-ebea9a45f0ef-groupManagement] INFO  server.RaftServerConfigKeys (ConfUtils.java:logGet(46)) - raft.server.rpc.request.timeout = 60s (custom)
2023-06-22 13:18:23,815 [f35f0a8c-90e3-4c0e-82f0-ebea9a45f0ef-groupManagement] INFO  server.RaftServerConfigKeys (ConfUtils.java:logGet(46)) - raft.server.log.appender.install.snapshot.enabled = false (custom)
2023-06-22 13:18:23,815 [f35f0a8c-90e3-4c0e-82f0-ebea9a45f0ef-groupManagement] INFO  server.RaftServerConfigKeys (ConfUtils.java:logGet(46)) - raft.server.threadpool.server.cached = true (default)
2023-06-22 13:18:23,815 [f35f0a8c-90e3-4c0e-82f0-ebea9a45f0ef-groupManagement] INFO  server.RaftServerConfigKeys (ConfUtils.java:logGet(46)) - raft.server.threadpool.server.size = 0 (default)
2023-06-22 13:18:23,815 [f35f0a8c-90e3-4c0e-82f0-ebea9a45f0ef-groupManagement] INFO  server.RaftServerConfigKeys (ConfUtils.java:logGet(46)) - raft.server.threadpool.client.cached = true (default)
2023-06-22 13:18:23,815 [f35f0a8c-90e3-4c0e-82f0-ebea9a45f0ef-groupManagement] INFO  server.RaftServerConfigKeys (ConfUtils.java:logGet(46)) - raft.server.threadpool.client.size = 0 (default)
2023-06-22 13:18:23,815 [f35f0a8c-90e3-4c0e-82f0-ebea9a45f0ef-groupManagement] INFO  storage.RaftStorageDirectory (RaftStorageDirectoryImpl.java:analyzeStorage(137)) - The storage directory /home/runner/work/ozone/ozone/hadoop-ozone/integration-test/target/test-dir/MiniOzoneClusterImpl-f04ff4d6-b670-4e84-9a89-5b4d7edf6ec9/datanode-2/data/ratis/8ae0de83-d840-4709-ada2-5fb52a34515e does not exist. Creating ...
2023-06-22 13:18:23,817 [f35f0a8c-90e3-4c0e-82f0-ebea9a45f0ef-groupManagement] INFO  storage.RaftStorageDirectory (RaftStorageDirectoryImpl.java:tryLock(231)) - Lock on /home/runner/work/ozone/ozone/hadoop-ozone/integration-test/target/test-dir/MiniOzoneClusterImpl-f04ff4d6-b670-4e84-9a89-5b4d7edf6ec9/datanode-2/data/ratis/8ae0de83-d840-4709-ada2-5fb52a34515e/in_use.lock acquired by nodename 40864@fv-az208-208
2023-06-22 13:18:23,818 [f35f0a8c-90e3-4c0e-82f0-ebea9a45f0ef-groupManagement] INFO  storage.RaftStorage (RaftStorageImpl.java:format(96)) - Storage directory /home/runner/work/ozone/ozone/hadoop-ozone/integration-test/target/test-dir/MiniOzoneClusterImpl-f04ff4d6-b670-4e84-9a89-5b4d7edf6ec9/datanode-2/data/ratis/8ae0de83-d840-4709-ada2-5fb52a34515e has been successfully formatted.
2023-06-22 13:18:23,819 [f35f0a8c-90e3-4c0e-82f0-ebea9a45f0ef-groupManagement] INFO  ratis.ContainerStateMachine (ContainerStateMachine.java:loadSnapshot(262)) - group-5FB52A34515E: The snapshot info is null. Setting the last applied indexto:(t:0, i:~)
2023-06-22 13:18:23,819 [f35f0a8c-90e3-4c0e-82f0-ebea9a45f0ef-groupManagement] INFO  server.RaftServerConfigKeys (ConfUtils.java:logGet(46)) - raft.server.log.use.memory = false (default)
2023-06-22 13:18:23,819 [f35f0a8c-90e3-4c0e-82f0-ebea9a45f0ef-groupManagement] INFO  server.RaftServerConfigKeys (ConfUtils.java:logGet(46)) - raft.server.log.purge.gap = 1000000 (custom)
2023-06-22 13:18:23,820 [f35f0a8c-90e3-4c0e-82f0-ebea9a45f0ef-groupManagement] INFO  server.RaftServerConfigKeys (ConfUtils.java:logGet(46)) - raft.server.log.appender.buffer.byte-limit = 33554432 (custom)
2023-06-22 13:18:23,820 [f35f0a8c-90e3-4c0e-82f0-ebea9a45f0ef-groupManagement] INFO  server.RaftServerConfigKeys (ConfUtils.java:logGet(46)) - raft.server.log.statemachine.data.read.timeout = 1000ms (default)
2023-06-22 13:18:23,820 [f35f0a8c-90e3-4c0e-82f0-ebea9a45f0ef-groupManagement] INFO  server.RaftServerConfigKeys (ConfUtils.java:logGet(46)) - raft.server.log.purge.preservation.log.num = 0 (default)
2023-06-22 13:18:23,820 [f35f0a8c-90e3-4c0e-82f0-ebea9a45f0ef-groupManagement] INFO  server.RaftServerConfigKeys (ConfUtils.java:logGet(46)) - raft.server.log.segment.size.max = 1048576 (custom)
2023-06-22 13:18:23,820 [f35f0a8c-90e3-4c0e-82f0-ebea9a45f0ef-groupManagement] INFO  server.RaftServerConfigKeys (ConfUtils.java:logGet(46)) - raft.server.log.segment.cache.num.max = 2 (custom)
2023-06-22 13:18:23,820 [f35f0a8c-90e3-4c0e-82f0-ebea9a45f0ef-groupManagement] INFO  server.RaftServerConfigKeys (ConfUtils.java:logGet(46)) - raft.server.log.segment.cache.size.max = 200MB (=209715200) (default)
2023-06-22 13:18:23,820 [f35f0a8c-90e3-4c0e-82f0-ebea9a45f0ef-groupManagement] INFO  server.RaftServerConfigKeys (ConfUtils.java:logGet(46)) - raft.server.log.appender.buffer.byte-limit = 33554432 (custom)
2023-06-22 13:18:23,820 [f35f0a8c-90e3-4c0e-82f0-ebea9a45f0ef-groupManagement] INFO  segmented.SegmentedRaftLogWorker (SegmentedRaftLogWorker.java:<init>(188)) - new f35f0a8c-90e3-4c0e-82f0-ebea9a45f0ef@group-5FB52A34515E-SegmentedRaftLogWorker for RaftStorageImpl:Storage Directory /home/runner/work/ozone/ozone/hadoop-ozone/integration-test/target/test-dir/MiniOzoneClusterImpl-f04ff4d6-b670-4e84-9a89-5b4d7edf6ec9/datanode-2/data/ratis/8ae0de83-d840-4709-ada2-5fb52a34515e
2023-06-22 13:18:23,820 [f35f0a8c-90e3-4c0e-82f0-ebea9a45f0ef-groupManagement] INFO  server.RaftServerConfigKeys (ConfUtils.java:logGet(46)) - raft.server.log.queue.byte-limit = 4294967296 (custom)
2023-06-22 13:18:23,820 [f35f0a8c-90e3-4c0e-82f0-ebea9a45f0ef-groupManagement] INFO  server.RaftServerConfigKeys (ConfUtils.java:logGet(46)) - raft.server.log.queue.element-limit = 1024 (custom)
2023-06-22 13:18:23,820 [f35f0a8c-90e3-4c0e-82f0-ebea9a45f0ef-groupManagement] INFO  server.RaftServerConfigKeys (ConfUtils.java:logGet(46)) - raft.server.log.segment.size.max = 1048576 (custom)
2023-06-22 13:18:23,820 [f35f0a8c-90e3-4c0e-82f0-ebea9a45f0ef-groupManagement] INFO  server.RaftServerConfigKeys (ConfUtils.java:logGet(46)) - raft.server.log.preallocated.size = 16384 (custom)
2023-06-22 13:18:23,820 [f35f0a8c-90e3-4c0e-82f0-ebea9a45f0ef-groupManagement] INFO  server.RaftServerConfigKeys (ConfUtils.java:logGet(46)) - raft.server.log.force.sync.num = 128 (default)
2023-06-22 13:18:23,820 [f35f0a8c-90e3-4c0e-82f0-ebea9a45f0ef-groupManagement] INFO  server.RaftServerConfigKeys (ConfUtils.java:logGet(46)) - raft.server.log.statemachine.data.sync = true (default)
2023-06-22 13:18:23,820 [f35f0a8c-90e3-4c0e-82f0-ebea9a45f0ef-groupManagement] INFO  server.RaftServerConfigKeys (ConfUtils.java:logGet(46)) - raft.server.log.statemachine.data.sync.timeout = 10s (default)
2023-06-22 13:18:23,820 [f35f0a8c-90e3-4c0e-82f0-ebea9a45f0ef-groupManagement] INFO  server.RaftServerConfigKeys (ConfUtils.java:logGet(46)) - raft.server.log.statemachine.data.sync.timeout.retry = -1 (default)
2023-06-22 13:18:23,821 [f35f0a8c-90e3-4c0e-82f0-ebea9a45f0ef-groupManagement] INFO  server.RaftServerConfigKeys (ConfUtils.java:logGet(46)) - raft.server.log.write.buffer.size = 1048576 (custom)
2023-06-22 13:18:23,821 [f35f0a8c-90e3-4c0e-82f0-ebea9a45f0ef-groupManagement] INFO  server.RaftServerConfigKeys (ConfUtils.java:logGet(46)) - raft.server.log.appender.buffer.byte-limit = 33554432 (custom)
2023-06-22 13:18:23,825 [f35f0a8c-90e3-4c0e-82f0-ebea9a45f0ef-groupManagement] INFO  server.RaftServerConfigKeys (ConfUtils.java:logGet(46)) - raft.server.log.unsafe-flush.enabled = false (default)
2023-06-22 13:18:23,826 [f35f0a8c-90e3-4c0e-82f0-ebea9a45f0ef-groupManagement] INFO  server.RaftServerConfigKeys (ConfUtils.java:logGet(46)) - raft.server.log.async-flush.enabled = false (default)
2023-06-22 13:18:23,826 [f35f0a8c-90e3-4c0e-82f0-ebea9a45f0ef-groupManagement] INFO  server.RaftServerConfigKeys (ConfUtils.java:logGet(46)) - raft.server.log.statemachine.data.caching.enabled = true (custom)
2023-06-22 13:18:23,826 [f35f0a8c-90e3-4c0e-82f0-ebea9a45f0ef-groupManagement] INFO  segmented.SegmentedRaftLogWorker (SegmentedRaftLogWorker.java:lambda$new$0(135)) - f35f0a8c-90e3-4c0e-82f0-ebea9a45f0ef@group-5FB52A34515E-SegmentedRaftLogWorker: flushIndex: setUnconditionally 0 -> -1
2023-06-22 13:18:23,826 [f35f0a8c-90e3-4c0e-82f0-ebea9a45f0ef-groupManagement] INFO  segmented.SegmentedRaftLogWorker (SegmentedRaftLogWorker.java:lambda$new$0(135)) - f35f0a8c-90e3-4c0e-82f0-ebea9a45f0ef@group-5FB52A34515E-SegmentedRaftLogWorker: safeCacheEvictIndex: setUnconditionally 0 -> -1
2023-06-22 13:18:23,831 [f35f0a8c-90e3-4c0e-82f0-ebea9a45f0ef-groupManagement] INFO  server.RaftServer$Division (RaftServerImpl.java:start(342)) - f35f0a8c-90e3-4c0e-82f0-ebea9a45f0ef@group-5FB52A34515E: start as a follower, conf=-1: peers:[f6e3fb16-2d06-4033-8c03-0f6e278ccaca|rpc:10.1.0.30:15067|admin:10.1.0.30:15066|client:10.1.0.30:15065|dataStream:10.1.0.30:15068|priority:1|startupRole:FOLLOWER, 2f5d805c-9187-458a-a4cb-1b814143bdc5|rpc:10.1.0.30:15076|admin:10.1.0.30:15075|client:10.1.0.30:15074|dataStream:10.1.0.30:15077|priority:0|startupRole:FOLLOWER, f35f0a8c-90e3-4c0e-82f0-ebea9a45f0ef|rpc:10.1.0.30:15085|admin:10.1.0.30:15084|client:10.1.0.30:15083|dataStream:10.1.0.30:15086|priority:0|startupRole:FOLLOWER]|listeners:[], old=null
2023-06-22 13:18:23,831 [f35f0a8c-90e3-4c0e-82f0-ebea9a45f0ef-groupManagement] INFO  server.RaftServer$Division (RaftServerImpl.java:setRole(329)) - f35f0a8c-90e3-4c0e-82f0-ebea9a45f0ef@group-5FB52A34515E: changes role from      null to FOLLOWER at term 0 for startAsFollower
2023-06-22 13:18:23,831 [f35f0a8c-90e3-4c0e-82f0-ebea9a45f0ef-groupManagement] INFO  impl.RoleInfo (RoleInfo.java:updateAndGet(139)) - f35f0a8c-90e3-4c0e-82f0-ebea9a45f0ef: start f35f0a8c-90e3-4c0e-82f0-ebea9a45f0ef@group-5FB52A34515E-FollowerState
2023-06-22 13:18:23,832 [f35f0a8c-90e3-4c0e-82f0-ebea9a45f0ef-groupManagement] INFO  util.JmxRegister (JmxRegister.java:tryRegister(44)) - Successfully registered JMX Bean with object name Ratis:service=RaftServer,group=group-5FB52A34515E,id=f35f0a8c-90e3-4c0e-82f0-ebea9a45f0ef
2023-06-22 13:18:23,832 [f35f0a8c-90e3-4c0e-82f0-ebea9a45f0ef-groupManagement] INFO  server.RaftServerConfigKeys (ConfUtils.java:logGet(46)) - raft.server.snapshot.auto.trigger.enabled = true (custom)
2023-06-22 13:18:23,832 [f35f0a8c-90e3-4c0e-82f0-ebea9a45f0ef-groupManagement] INFO  server.RaftServerConfigKeys (ConfUtils.java:logGet(46)) - raft.server.snapshot.auto.trigger.threshold = 10000 (custom)
2023-06-22 13:18:23,832 [f35f0a8c-90e3-4c0e-82f0-ebea9a45f0ef-groupManagement] INFO  server.RaftServerConfigKeys (ConfUtils.java:logGet(46)) - raft.server.snapshot.retention.file.num = 5 (custom)
2023-06-22 13:18:23,832 [f35f0a8c-90e3-4c0e-82f0-ebea9a45f0ef-groupManagement] INFO  server.RaftServerConfigKeys (ConfUtils.java:logGet(46)) - raft.server.log.purge.upto.snapshot.index = false (default)
2023-06-22 13:18:23,832 [f35f0a8c-90e3-4c0e-82f0-ebea9a45f0ef@group-5FB52A34515E-FollowerState] INFO  server.RaftServerConfigKeys (ConfUtils.java:logFallback(53)) - raft.server.rpc.first-election.timeout.min = 5s (fallback to raft.server.rpc.timeout.min)
2023-06-22 13:18:23,832 [f35f0a8c-90e3-4c0e-82f0-ebea9a45f0ef@group-5FB52A34515E-FollowerState] INFO  server.RaftServerConfigKeys (ConfUtils.java:logFallback(53)) - raft.server.rpc.first-election.timeout.max = 5200ms (fallback to raft.server.rpc.timeout.max)
2023-06-22 13:18:23,843 [PipelineCommandHandlerThread-0] INFO  commandhandler.CreatePipelineCommandHandler (CreatePipelineCommandHandler.java:lambda$handle$2(124)) - Created Pipeline RATIS THREE PipelineID=8ae0de83-d840-4709-ada2-5fb52a34515e.
2023-06-22 13:18:23,870 [main] INFO  ozone.MiniOzoneClusterImpl (MiniOzoneClusterImpl.java:lambda$waitForClusterToBeReady$0(224)) - Nodes are ready. Got 5 of 5 DN Heartbeats.
2023-06-22 13:18:23,870 [main] INFO  ozone.MiniOzoneClusterImpl (MiniOzoneClusterImpl.java:lambda$waitForClusterToBeReady$0(227)) - Waiting for cluster to exit safe mode
2023-06-22 13:18:23,870 [main] INFO  ozone.MiniOzoneClusterImpl (MiniOzoneClusterImpl.java:lambda$waitForClusterToBeReady$0(229)) - SCM became leader
2023-06-22 13:18:23,980 [PipelineCommandHandlerThread-0] INFO  server.RaftServer (RaftServerProxy.java:addNew(98)) - 2f5d805c-9187-458a-a4cb-1b814143bdc5: addNew group-42A520CD4912:[2f5d805c-9187-458a-a4cb-1b814143bdc5|rpc:10.1.0.30:15076|admin:10.1.0.30:15075|client:10.1.0.30:15074|dataStream:10.1.0.30:15077|priority:1|startupRole:FOLLOWER] returns group-42A520CD4912:java.util.concurrent.CompletableFuture@6b5b8806[Not completed]
2023-06-22 13:18:23,981 [2f5d805c-9187-458a-a4cb-1b814143bdc5-groupManagement] INFO  server.RaftServer$Division (RaftServerImpl.java:<init>(198)) - 2f5d805c-9187-458a-a4cb-1b814143bdc5: new RaftServerImpl for group-42A520CD4912:[2f5d805c-9187-458a-a4cb-1b814143bdc5|rpc:10.1.0.30:15076|admin:10.1.0.30:15075|client:10.1.0.30:15074|dataStream:10.1.0.30:15077|priority:1|startupRole:FOLLOWER] with ContainerStateMachine:uninitialized
2023-06-22 13:18:23,981 [2f5d805c-9187-458a-a4cb-1b814143bdc5-groupManagement] INFO  server.RaftServerConfigKeys (ConfUtils.java:logGet(46)) - raft.server.rpc.timeout.min = 5s (custom)
2023-06-22 13:18:23,981 [2f5d805c-9187-458a-a4cb-1b814143bdc5-groupManagement] INFO  server.RaftServerConfigKeys (ConfUtils.java:logGet(46)) - raft.server.rpc.timeout.max = 5200ms (custom)
2023-06-22 13:18:23,981 [2f5d805c-9187-458a-a4cb-1b814143bdc5-groupManagement] INFO  server.RaftServerConfigKeys (ConfUtils.java:logGet(46)) - raft.server.rpc.sleep.time = 25ms (default)
2023-06-22 13:18:23,981 [2f5d805c-9187-458a-a4cb-1b814143bdc5-groupManagement] INFO  server.RaftServerConfigKeys (ConfUtils.java:logGet(46)) - raft.server.rpc.slowness.timeout = 300s (custom)
2023-06-22 13:18:23,981 [2f5d805c-9187-458a-a4cb-1b814143bdc5-groupManagement] INFO  server.RaftServerConfigKeys (ConfUtils.java:logGet(46)) - raft.server.leaderelection.leader.step-down.wait-time = 10s (default)
2023-06-22 13:18:23,981 [2f5d805c-9187-458a-a4cb-1b814143bdc5-groupManagement] INFO  server.RaftServerConfigKeys (ConfUtils.java:logGet(46)) - raft.server.sleep.deviation.threshold = 300ms (default)
2023-06-22 13:18:23,981 [2f5d805c-9187-458a-a4cb-1b814143bdc5-groupManagement] INFO  server.RaftServer$Division (ServerState.java:<init>(120)) - 2f5d805c-9187-458a-a4cb-1b814143bdc5@group-42A520CD4912: ConfigurationManager, init=-1: peers:[2f5d805c-9187-458a-a4cb-1b814143bdc5|rpc:10.1.0.30:15076|admin:10.1.0.30:15075|client:10.1.0.30:15074|dataStream:10.1.0.30:15077|priority:1|startupRole:FOLLOWER]|listeners:[], old=null, confs=<EMPTY_MAP>
2023-06-22 13:18:23,981 [2f5d805c-9187-458a-a4cb-1b814143bdc5-groupManagement] INFO  server.RaftServerConfigKeys (ConfUtils.java:logGet(46)) - raft.server.storage.dir = [/home/runner/work/ozone/ozone/hadoop-ozone/integration-test/target/test-dir/MiniOzoneClusterImpl-f04ff4d6-b670-4e84-9a89-5b4d7edf6ec9/datanode-1/data/ratis] (custom)
2023-06-22 13:18:23,981 [2f5d805c-9187-458a-a4cb-1b814143bdc5-groupManagement] INFO  server.RaftServerConfigKeys (ConfUtils.java:logGet(46)) - raft.server.log.corruption.policy = EXCEPTION (default)
2023-06-22 13:18:23,981 [2f5d805c-9187-458a-a4cb-1b814143bdc5-groupManagement] INFO  server.RaftServerConfigKeys (ConfUtils.java:logGet(46)) - raft.server.storage.free-space.min = 0MB (=0) (default)
2023-06-22 13:18:23,981 [2f5d805c-9187-458a-a4cb-1b814143bdc5-groupManagement] INFO  server.RaftServerConfigKeys (ConfUtils.java:logGet(46)) - raft.server.notification.no-leader.timeout = 300s (custom)
2023-06-22 13:18:23,981 [2f5d805c-9187-458a-a4cb-1b814143bdc5-groupManagement] INFO  server.RaftServerConfigKeys (ConfUtils.java:logGet(46)) - raft.server.read.timeout = 10s (default)
2023-06-22 13:18:23,981 [2f5d805c-9187-458a-a4cb-1b814143bdc5-groupManagement] INFO  server.RaftServerConfigKeys (ConfUtils.java:logGet(46)) - raft.server.retrycache.expirytime = 600000ms (custom)
2023-06-22 13:18:23,981 [2f5d805c-9187-458a-a4cb-1b814143bdc5-groupManagement] INFO  server.RaftServerConfigKeys (ConfUtils.java:logGet(46)) - raft.server.retrycache.statistics.expirytime = 100μs (default)
2023-06-22 13:18:23,981 [2f5d805c-9187-458a-a4cb-1b814143bdc5-groupManagement] INFO  server.RaftServerConfigKeys (ConfUtils.java:logGet(46)) - raft.server.read.option = DEFAULT (default)
2023-06-22 13:18:23,982 [2f5d805c-9187-458a-a4cb-1b814143bdc5-groupManagement] INFO  server.RaftServerConfigKeys (ConfUtils.java:logGet(46)) - raft.server.rpc.request.timeout = 60s (custom)
2023-06-22 13:18:23,982 [2f5d805c-9187-458a-a4cb-1b814143bdc5-groupManagement] INFO  server.RaftServerConfigKeys (ConfUtils.java:logGet(46)) - raft.server.log.appender.install.snapshot.enabled = false (custom)
2023-06-22 13:18:23,982 [2f5d805c-9187-458a-a4cb-1b814143bdc5-groupManagement] INFO  server.RaftServerConfigKeys (ConfUtils.java:logGet(46)) - raft.server.threadpool.server.cached = true (default)
2023-06-22 13:18:23,984 [2f5d805c-9187-458a-a4cb-1b814143bdc5-groupManagement] INFO  server.RaftServerConfigKeys (ConfUtils.java:logGet(46)) - raft.server.threadpool.server.size = 0 (default)
2023-06-22 13:18:23,984 [2f5d805c-9187-458a-a4cb-1b814143bdc5-groupManagement] INFO  server.RaftServerConfigKeys (ConfUtils.java:logGet(46)) - raft.server.threadpool.client.cached = true (default)
2023-06-22 13:18:23,984 [2f5d805c-9187-458a-a4cb-1b814143bdc5-groupManagement] INFO  server.RaftServerConfigKeys (ConfUtils.java:logGet(46)) - raft.server.threadpool.client.size = 0 (default)
2023-06-22 13:18:23,984 [2f5d805c-9187-458a-a4cb-1b814143bdc5-groupManagement] INFO  storage.RaftStorageDirectory (RaftStorageDirectoryImpl.java:analyzeStorage(137)) - The storage directory /home/runner/work/ozone/ozone/hadoop-ozone/integration-test/target/test-dir/MiniOzoneClusterImpl-f04ff4d6-b670-4e84-9a89-5b4d7edf6ec9/datanode-1/data/ratis/b9e1087b-9227-4d7d-a8e8-42a520cd4912 does not exist. Creating ...
2023-06-22 13:18:23,985 [2f5d805c-9187-458a-a4cb-1b814143bdc5-groupManagement] INFO  storage.RaftStorageDirectory (RaftStorageDirectoryImpl.java:tryLock(231)) - Lock on /home/runner/work/ozone/ozone/hadoop-ozone/integration-test/target/test-dir/MiniOzoneClusterImpl-f04ff4d6-b670-4e84-9a89-5b4d7edf6ec9/datanode-1/data/ratis/b9e1087b-9227-4d7d-a8e8-42a520cd4912/in_use.lock acquired by nodename 40864@fv-az208-208
2023-06-22 13:18:23,986 [2f5d805c-9187-458a-a4cb-1b814143bdc5-groupManagement] INFO  storage.RaftStorage (RaftStorageImpl.java:format(96)) - Storage directory /home/runner/work/ozone/ozone/hadoop-ozone/integration-test/target/test-dir/MiniOzoneClusterImpl-f04ff4d6-b670-4e84-9a89-5b4d7edf6ec9/datanode-1/data/ratis/b9e1087b-9227-4d7d-a8e8-42a520cd4912 has been successfully formatted.
2023-06-22 13:18:23,986 [2f5d805c-9187-458a-a4cb-1b814143bdc5-groupManagement] INFO  ratis.ContainerStateMachine (ContainerStateMachine.java:loadSnapshot(262)) - group-42A520CD4912: The snapshot info is null. Setting the last applied indexto:(t:0, i:~)
2023-06-22 13:18:23,986 [2f5d805c-9187-458a-a4cb-1b814143bdc5-groupManagement] INFO  server.RaftServerConfigKeys (ConfUtils.java:logGet(46)) - raft.server.log.use.memory = false (default)
2023-06-22 13:18:23,986 [2f5d805c-9187-458a-a4cb-1b814143bdc5-groupManagement] INFO  server.RaftServerConfigKeys (ConfUtils.java:logGet(46)) - raft.server.log.purge.gap = 1000000 (custom)
2023-06-22 13:18:23,987 [2f5d805c-9187-458a-a4cb-1b814143bdc5-groupManagement] INFO  server.RaftServerConfigKeys (ConfUtils.java:logGet(46)) - raft.server.log.appender.buffer.byte-limit = 33554432 (custom)
2023-06-22 13:18:23,987 [2f5d805c-9187-458a-a4cb-1b814143bdc5-groupManagement] INFO  server.RaftServerConfigKeys (ConfUtils.java:logGet(46)) - raft.server.log.statemachine.data.read.timeout = 1000ms (default)
2023-06-22 13:18:23,987 [2f5d805c-9187-458a-a4cb-1b814143bdc5-groupManagement] INFO  server.RaftServerConfigKeys (ConfUtils.java:logGet(46)) - raft.server.log.purge.preservation.log.num = 0 (default)
2023-06-22 13:18:23,987 [EventQueue-PipelineReportForPipelineReportHandler] INFO  pipeline.PipelineManagerImpl (PipelineManagerImpl.java:openPipeline(367)) - Pipeline Pipeline[ Id: b9e1087b-9227-4d7d-a8e8-42a520cd4912, Nodes: 2f5d805c-9187-458a-a4cb-1b814143bdc5(fv-az208-208.e0tah0prcmautdldtlfxyeofwf.cx.internal.cloudapp.net/10.1.0.30), ReplicationConfig: RATIS/ONE, State:ALLOCATED, leaderId:2f5d805c-9187-458a-a4cb-1b814143bdc5, CreationTimestamp2023-06-22T13:18:20.983Z[Etc/UTC]] moved to OPEN state
2023-06-22 13:18:23,987 [EventQueue-OpenPipelineForHealthyPipelineSafeModeRule] INFO  safemode.SCMSafeModeManager (HealthyPipelineSafeModeRule.java:process(137)) - SCM in safe mode. Healthy pipelines reported count is 0, required healthy pipeline reported count is 1
2023-06-22 13:18:23,988 [2f5d805c-9187-458a-a4cb-1b814143bdc5-groupManagement] INFO  server.RaftServerConfigKeys (ConfUtils.java:logGet(46)) - raft.server.log.segment.size.max = 1048576 (custom)
2023-06-22 13:18:23,988 [2f5d805c-9187-458a-a4cb-1b814143bdc5-groupManagement] INFO  server.RaftServerConfigKeys (ConfUtils.java:logGet(46)) - raft.server.log.segment.cache.num.max = 2 (custom)
2023-06-22 13:18:23,988 [2f5d805c-9187-458a-a4cb-1b814143bdc5-groupManagement] INFO  server.RaftServerConfigKeys (ConfUtils.java:logGet(46)) - raft.server.log.segment.cache.size.max = 200MB (=209715200) (default)
2023-06-22 13:18:23,988 [2f5d805c-9187-458a-a4cb-1b814143bdc5-groupManagement] INFO  server.RaftServerConfigKeys (ConfUtils.java:logGet(46)) - raft.server.log.appender.buffer.byte-limit = 33554432 (custom)
2023-06-22 13:18:23,988 [2f5d805c-9187-458a-a4cb-1b814143bdc5-groupManagement] INFO  segmented.SegmentedRaftLogWorker (SegmentedRaftLogWorker.java:<init>(188)) - new 2f5d805c-9187-458a-a4cb-1b814143bdc5@group-42A520CD4912-SegmentedRaftLogWorker for RaftStorageImpl:Storage Directory /home/runner/work/ozone/ozone/hadoop-ozone/integration-test/target/test-dir/MiniOzoneClusterImpl-f04ff4d6-b670-4e84-9a89-5b4d7edf6ec9/datanode-1/data/ratis/b9e1087b-9227-4d7d-a8e8-42a520cd4912
2023-06-22 13:18:23,988 [2f5d805c-9187-458a-a4cb-1b814143bdc5-groupManagement] INFO  server.RaftServerConfigKeys (ConfUtils.java:logGet(46)) - raft.server.log.queue.byte-limit = 4294967296 (custom)
2023-06-22 13:18:23,988 [2f5d805c-9187-458a-a4cb-1b814143bdc5-groupManagement] INFO  server.RaftServerConfigKeys (ConfUtils.java:logGet(46)) - raft.server.log.queue.element-limit = 1024 (custom)
2023-06-22 13:18:23,988 [2f5d805c-9187-458a-a4cb-1b814143bdc5-groupManagement] INFO  server.RaftServerConfigKeys (ConfUtils.java:logGet(46)) - raft.server.log.segment.size.max = 1048576 (custom)
2023-06-22 13:18:23,988 [2f5d805c-9187-458a-a4cb-1b814143bdc5-groupManagement] INFO  server.RaftServerConfigKeys (ConfUtils.java:logGet(46)) - raft.server.log.preallocated.size = 16384 (custom)
2023-06-22 13:18:23,988 [2f5d805c-9187-458a-a4cb-1b814143bdc5-groupManagement] INFO  server.RaftServerConfigKeys (ConfUtils.java:logGet(46)) - raft.server.log.force.sync.num = 128 (default)
2023-06-22 13:18:23,988 [2f5d805c-9187-458a-a4cb-1b814143bdc5-groupManagement] INFO  server.RaftServerConfigKeys (ConfUtils.java:logGet(46)) - raft.server.log.statemachine.data.sync = true (default)
2023-06-22 13:18:23,988 [2f5d805c-9187-458a-a4cb-1b814143bdc5-groupManagement] INFO  server.RaftServerConfigKeys (ConfUtils.java:logGet(46)) - raft.server.log.statemachine.data.sync.timeout = 10s (default)
2023-06-22 13:18:23,988 [2f5d805c-9187-458a-a4cb-1b814143bdc5-groupManagement] INFO  server.RaftServerConfigKeys (ConfUtils.java:logGet(46)) - raft.server.log.statemachine.data.sync.timeout.retry = -1 (default)
2023-06-22 13:18:23,989 [2f5d805c-9187-458a-a4cb-1b814143bdc5-groupManagement] INFO  server.RaftServerConfigKeys (ConfUtils.java:logGet(46)) - raft.server.log.write.buffer.size = 1048576 (custom)
2023-06-22 13:18:23,989 [2f5d805c-9187-458a-a4cb-1b814143bdc5-groupManagement] INFO  server.RaftServerConfigKeys (ConfUtils.java:logGet(46)) - raft.server.log.appender.buffer.byte-limit = 33554432 (custom)
2023-06-22 13:18:23,992 [2f5d805c-9187-458a-a4cb-1b814143bdc5-groupManagement] INFO  server.RaftServerConfigKeys (ConfUtils.java:logGet(46)) - raft.server.log.unsafe-flush.enabled = false (default)
2023-06-22 13:18:23,992 [2f5d805c-9187-458a-a4cb-1b814143bdc5-groupManagement] INFO  server.RaftServerConfigKeys (ConfUtils.java:logGet(46)) - raft.server.log.async-flush.enabled = false (default)
2023-06-22 13:18:23,993 [2f5d805c-9187-458a-a4cb-1b814143bdc5-groupManagement] INFO  server.RaftServerConfigKeys (ConfUtils.java:logGet(46)) - raft.server.log.statemachine.data.caching.enabled = true (custom)
2023-06-22 13:18:23,993 [2f5d805c-9187-458a-a4cb-1b814143bdc5-groupManagement] INFO  segmented.SegmentedRaftLogWorker (SegmentedRaftLogWorker.java:lambda$new$0(135)) - 2f5d805c-9187-458a-a4cb-1b814143bdc5@group-42A520CD4912-SegmentedRaftLogWorker: flushIndex: setUnconditionally 0 -> -1
2023-06-22 13:18:23,993 [2f5d805c-9187-458a-a4cb-1b814143bdc5-groupManagement] INFO  segmented.SegmentedRaftLogWorker (SegmentedRaftLogWorker.java:lambda$new$0(135)) - 2f5d805c-9187-458a-a4cb-1b814143bdc5@group-42A520CD4912-SegmentedRaftLogWorker: safeCacheEvictIndex: setUnconditionally 0 -> -1
2023-06-22 13:18:23,993 [2f5d805c-9187-458a-a4cb-1b814143bdc5-groupManagement] INFO  server.RaftServer$Division (RaftServerImpl.java:start(342)) - 2f5d805c-9187-458a-a4cb-1b814143bdc5@group-42A520CD4912: start as a follower, conf=-1: peers:[2f5d805c-9187-458a-a4cb-1b814143bdc5|rpc:10.1.0.30:15076|admin:10.1.0.30:15075|client:10.1.0.30:15074|dataStream:10.1.0.30:15077|priority:1|startupRole:FOLLOWER]|listeners:[], old=null
2023-06-22 13:18:23,993 [2f5d805c-9187-458a-a4cb-1b814143bdc5-groupManagement] INFO  server.RaftServer$Division (RaftServerImpl.java:setRole(329)) - 2f5d805c-9187-458a-a4cb-1b814143bdc5@group-42A520CD4912: changes role from      null to FOLLOWER at term 0 for startAsFollower
2023-06-22 13:18:23,993 [2f5d805c-9187-458a-a4cb-1b814143bdc5-groupManagement] INFO  impl.RoleInfo (RoleInfo.java:updateAndGet(139)) - 2f5d805c-9187-458a-a4cb-1b814143bdc5: start 2f5d805c-9187-458a-a4cb-1b814143bdc5@group-42A520CD4912-FollowerState
2023-06-22 13:18:24,004 [2f5d805c-9187-458a-a4cb-1b814143bdc5@group-42A520CD4912-FollowerState] INFO  server.RaftServerConfigKeys (ConfUtils.java:logFallback(53)) - raft.server.rpc.first-election.timeout.min = 5s (fallback to raft.server.rpc.timeout.min)
2023-06-22 13:18:24,004 [2f5d805c-9187-458a-a4cb-1b814143bdc5@group-42A520CD4912-FollowerState] INFO  server.RaftServerConfigKeys (ConfUtils.java:logFallback(53)) - raft.server.rpc.first-election.timeout.max = 5200ms (fallback to raft.server.rpc.timeout.max)
2023-06-22 13:18:24,004 [2f5d805c-9187-458a-a4cb-1b814143bdc5-groupManagement] INFO  util.JmxRegister (JmxRegister.java:tryRegister(44)) - Successfully registered JMX Bean with object name Ratis:service=RaftServer,group=group-42A520CD4912,id=2f5d805c-9187-458a-a4cb-1b814143bdc5
2023-06-22 13:18:24,004 [2f5d805c-9187-458a-a4cb-1b814143bdc5-groupManagement] INFO  server.RaftServerConfigKeys (ConfUtils.java:logGet(46)) - raft.server.snapshot.auto.trigger.enabled = true (custom)
2023-06-22 13:18:24,004 [2f5d805c-9187-458a-a4cb-1b814143bdc5-groupManagement] INFO  server.RaftServerConfigKeys (ConfUtils.java:logGet(46)) - raft.server.snapshot.auto.trigger.threshold = 10000 (custom)
2023-06-22 13:18:24,004 [2f5d805c-9187-458a-a4cb-1b814143bdc5-groupManagement] INFO  server.RaftServerConfigKeys (ConfUtils.java:logGet(46)) - raft.server.snapshot.retention.file.num = 5 (custom)
2023-06-22 13:18:24,004 [2f5d805c-9187-458a-a4cb-1b814143bdc5-groupManagement] INFO  server.RaftServerConfigKeys (ConfUtils.java:logGet(46)) - raft.server.log.purge.upto.snapshot.index = false (default)
2023-06-22 13:18:24,007 [PipelineCommandHandlerThread-0] INFO  ratis.XceiverServerRatis (XceiverServerRatis.java:addGroup(804)) - Created group PipelineID=b9e1087b-9227-4d7d-a8e8-42a520cd4912
2023-06-22 13:18:24,007 [PipelineCommandHandlerThread-0] INFO  commandhandler.CreatePipelineCommandHandler (CreatePipelineCommandHandler.java:lambda$handle$2(124)) - Created Pipeline RATIS ONE PipelineID=b9e1087b-9227-4d7d-a8e8-42a520cd4912.
2023-06-22 13:18:24,274 [PipelineCommandHandlerThread-0] INFO  server.RaftServer (RaftServerProxy.java:addNew(98)) - f35f0a8c-90e3-4c0e-82f0-ebea9a45f0ef: addNew group-F1E233525E34:[f35f0a8c-90e3-4c0e-82f0-ebea9a45f0ef|rpc:10.1.0.30:15085|admin:10.1.0.30:15084|client:10.1.0.30:15083|dataStream:10.1.0.30:15086|priority:1|startupRole:FOLLOWER] returns group-F1E233525E34:java.util.concurrent.CompletableFuture@684cb781[Not completed]
2023-06-22 13:18:24,275 [f35f0a8c-90e3-4c0e-82f0-ebea9a45f0ef-groupManagement] INFO  server.RaftServer$Division (RaftServerImpl.java:<init>(198)) - f35f0a8c-90e3-4c0e-82f0-ebea9a45f0ef: new RaftServerImpl for group-F1E233525E34:[f35f0a8c-90e3-4c0e-82f0-ebea9a45f0ef|rpc:10.1.0.30:15085|admin:10.1.0.30:15084|client:10.1.0.30:15083|dataStream:10.1.0.30:15086|priority:1|startupRole:FOLLOWER] with ContainerStateMachine:uninitialized
2023-06-22 13:18:24,275 [f35f0a8c-90e3-4c0e-82f0-ebea9a45f0ef-groupManagement] INFO  server.RaftServerConfigKeys (ConfUtils.java:logGet(46)) - raft.server.rpc.timeout.min = 5s (custom)
2023-06-22 13:18:24,275 [f35f0a8c-90e3-4c0e-82f0-ebea9a45f0ef-groupManagement] INFO  server.RaftServerConfigKeys (ConfUtils.java:logGet(46)) - raft.server.rpc.timeout.max = 5200ms (custom)
2023-06-22 13:18:24,276 [f35f0a8c-90e3-4c0e-82f0-ebea9a45f0ef-groupManagement] INFO  server.RaftServerConfigKeys (ConfUtils.java:logGet(46)) - raft.server.rpc.sleep.time = 25ms (default)
2023-06-22 13:18:24,276 [f35f0a8c-90e3-4c0e-82f0-ebea9a45f0ef-groupManagement] INFO  server.RaftServerConfigKeys (ConfUtils.java:logGet(46)) - raft.server.rpc.slowness.timeout = 300s (custom)
2023-06-22 13:18:24,276 [f35f0a8c-90e3-4c0e-82f0-ebea9a45f0ef-groupManagement] INFO  server.RaftServerConfigKeys (ConfUtils.java:logGet(46)) - raft.server.leaderelection.leader.step-down.wait-time = 10s (default)
2023-06-22 13:18:24,276 [f35f0a8c-90e3-4c0e-82f0-ebea9a45f0ef-groupManagement] INFO  server.RaftServerConfigKeys (ConfUtils.java:logGet(46)) - raft.server.sleep.deviation.threshold = 300ms (default)
2023-06-22 13:18:24,276 [f35f0a8c-90e3-4c0e-82f0-ebea9a45f0ef-groupManagement] INFO  server.RaftServer$Division (ServerState.java:<init>(120)) - f35f0a8c-90e3-4c0e-82f0-ebea9a45f0ef@group-F1E233525E34: ConfigurationManager, init=-1: peers:[f35f0a8c-90e3-4c0e-82f0-ebea9a45f0ef|rpc:10.1.0.30:15085|admin:10.1.0.30:15084|client:10.1.0.30:15083|dataStream:10.1.0.30:15086|priority:1|startupRole:FOLLOWER]|listeners:[], old=null, confs=<EMPTY_MAP>
2023-06-22 13:18:24,276 [f35f0a8c-90e3-4c0e-82f0-ebea9a45f0ef-groupManagement] INFO  server.RaftServerConfigKeys (ConfUtils.java:logGet(46)) - raft.server.storage.dir = [/home/runner/work/ozone/ozone/hadoop-ozone/integration-test/target/test-dir/MiniOzoneClusterImpl-f04ff4d6-b670-4e84-9a89-5b4d7edf6ec9/datanode-2/data/ratis] (custom)
2023-06-22 13:18:24,276 [f35f0a8c-90e3-4c0e-82f0-ebea9a45f0ef-groupManagement] INFO  server.RaftServerConfigKeys (ConfUtils.java:logGet(46)) - raft.server.log.corruption.policy = EXCEPTION (default)
2023-06-22 13:18:24,276 [f35f0a8c-90e3-4c0e-82f0-ebea9a45f0ef-groupManagement] INFO  server.RaftServerConfigKeys (ConfUtils.java:logGet(46)) - raft.server.storage.free-space.min = 0MB (=0) (default)
2023-06-22 13:18:24,276 [f35f0a8c-90e3-4c0e-82f0-ebea9a45f0ef-groupManagement] INFO  server.RaftServerConfigKeys (ConfUtils.java:logGet(46)) - raft.server.notification.no-leader.timeout = 300s (custom)
2023-06-22 13:18:24,276 [f35f0a8c-90e3-4c0e-82f0-ebea9a45f0ef-groupManagement] INFO  server.RaftServerConfigKeys (ConfUtils.java:logGet(46)) - raft.server.read.timeout = 10s (default)
2023-06-22 13:18:24,276 [f35f0a8c-90e3-4c0e-82f0-ebea9a45f0ef-groupManagement] INFO  server.RaftServerConfigKeys (ConfUtils.java:logGet(46)) - raft.server.retrycache.expirytime = 600000ms (custom)
2023-06-22 13:18:24,276 [f35f0a8c-90e3-4c0e-82f0-ebea9a45f0ef-groupManagement] INFO  server.RaftServerConfigKeys (ConfUtils.java:logGet(46)) - raft.server.retrycache.statistics.expirytime = 100μs (default)
2023-06-22 13:18:24,276 [f35f0a8c-90e3-4c0e-82f0-ebea9a45f0ef-groupManagement] INFO  server.RaftServerConfigKeys (ConfUtils.java:logGet(46)) - raft.server.read.option = DEFAULT (default)
2023-06-22 13:18:24,277 [f35f0a8c-90e3-4c0e-82f0-ebea9a45f0ef-groupManagement] INFO  server.RaftServerConfigKeys (ConfUtils.java:logGet(46)) - raft.server.rpc.request.timeout = 60s (custom)
2023-06-22 13:18:24,277 [f35f0a8c-90e3-4c0e-82f0-ebea9a45f0ef-groupManagement] INFO  server.RaftServerConfigKeys (ConfUtils.java:logGet(46)) - raft.server.log.appender.install.snapshot.enabled = false (custom)
2023-06-22 13:18:24,277 [f35f0a8c-90e3-4c0e-82f0-ebea9a45f0ef-groupManagement] INFO  server.RaftServerConfigKeys (ConfUtils.java:logGet(46)) - raft.server.threadpool.server.cached = true (default)
2023-06-22 13:18:24,277 [f35f0a8c-90e3-4c0e-82f0-ebea9a45f0ef-groupManagement] INFO  server.RaftServerConfigKeys (ConfUtils.java:logGet(46)) - raft.server.threadpool.server.size = 0 (default)
2023-06-22 13:18:24,277 [f35f0a8c-90e3-4c0e-82f0-ebea9a45f0ef-groupManagement] INFO  server.RaftServerConfigKeys (ConfUtils.java:logGet(46)) - raft.server.threadpool.client.cached = true (default)
2023-06-22 13:18:24,277 [f35f0a8c-90e3-4c0e-82f0-ebea9a45f0ef-groupManagement] INFO  server.RaftServerConfigKeys (ConfUtils.java:logGet(46)) - raft.server.threadpool.client.size = 0 (default)
2023-06-22 13:18:24,277 [f35f0a8c-90e3-4c0e-82f0-ebea9a45f0ef-groupManagement] INFO  storage.RaftStorageDirectory (RaftStorageDirectoryImpl.java:analyzeStorage(137)) - The storage directory /home/runner/work/ozone/ozone/hadoop-ozone/integration-test/target/test-dir/MiniOzoneClusterImpl-f04ff4d6-b670-4e84-9a89-5b4d7edf6ec9/datanode-2/data/ratis/a2d3b3e7-ed3f-471c-a075-f1e233525e34 does not exist. Creating ...
2023-06-22 13:18:24,280 [f35f0a8c-90e3-4c0e-82f0-ebea9a45f0ef-groupManagement] INFO  storage.RaftStorageDirectory (RaftStorageDirectoryImpl.java:tryLock(231)) - Lock on /home/runner/work/ozone/ozone/hadoop-ozone/integration-test/target/test-dir/MiniOzoneClusterImpl-f04ff4d6-b670-4e84-9a89-5b4d7edf6ec9/datanode-2/data/ratis/a2d3b3e7-ed3f-471c-a075-f1e233525e34/in_use.lock acquired by nodename 40864@fv-az208-208
2023-06-22 13:18:24,281 [f35f0a8c-90e3-4c0e-82f0-ebea9a45f0ef-groupManagement] INFO  storage.RaftStorage (RaftStorageImpl.java:format(96)) - Storage directory /home/runner/work/ozone/ozone/hadoop-ozone/integration-test/target/test-dir/MiniOzoneClusterImpl-f04ff4d6-b670-4e84-9a89-5b4d7edf6ec9/datanode-2/data/ratis/a2d3b3e7-ed3f-471c-a075-f1e233525e34 has been successfully formatted.
2023-06-22 13:18:24,281 [f35f0a8c-90e3-4c0e-82f0-ebea9a45f0ef-groupManagement] INFO  ratis.ContainerStateMachine (ContainerStateMachine.java:loadSnapshot(262)) - group-F1E233525E34: The snapshot info is null. Setting the last applied indexto:(t:0, i:~)
2023-06-22 13:18:24,281 [f35f0a8c-90e3-4c0e-82f0-ebea9a45f0ef-groupManagement] INFO  server.RaftServerConfigKeys (ConfUtils.java:logGet(46)) - raft.server.log.use.memory = false (default)
2023-06-22 13:18:24,281 [f35f0a8c-90e3-4c0e-82f0-ebea9a45f0ef-groupManagement] INFO  server.RaftServerConfigKeys (ConfUtils.java:logGet(46)) - raft.server.log.purge.gap = 1000000 (custom)
2023-06-22 13:18:24,281 [f35f0a8c-90e3-4c0e-82f0-ebea9a45f0ef-groupManagement] INFO  server.RaftServerConfigKeys (ConfUtils.java:logGet(46)) - raft.server.log.appender.buffer.byte-limit = 33554432 (custom)
2023-06-22 13:18:24,282 [f35f0a8c-90e3-4c0e-82f0-ebea9a45f0ef-groupManagement] INFO  server.RaftServerConfigKeys (ConfUtils.java:logGet(46)) - raft.server.log.statemachine.data.read.timeout = 1000ms (default)
2023-06-22 13:18:24,282 [EventQueue-PipelineReportForPipelineReportHandler] INFO  pipeline.PipelineManagerImpl (PipelineManagerImpl.java:openPipeline(367)) - Pipeline Pipeline[ Id: a2d3b3e7-ed3f-471c-a075-f1e233525e34, Nodes: f35f0a8c-90e3-4c0e-82f0-ebea9a45f0ef(fv-az208-208.e0tah0prcmautdldtlfxyeofwf.cx.internal.cloudapp.net/10.1.0.30), ReplicationConfig: RATIS/ONE, State:ALLOCATED, leaderId:f35f0a8c-90e3-4c0e-82f0-ebea9a45f0ef, CreationTimestamp2023-06-22T13:18:21.276Z[Etc/UTC]] moved to OPEN state
2023-06-22 13:18:24,283 [f35f0a8c-90e3-4c0e-82f0-ebea9a45f0ef-groupManagement] INFO  server.RaftServerConfigKeys (ConfUtils.java:logGet(46)) - raft.server.log.purge.preservation.log.num = 0 (default)
2023-06-22 13:18:24,283 [f35f0a8c-90e3-4c0e-82f0-ebea9a45f0ef-groupManagement] INFO  server.RaftServerConfigKeys (ConfUtils.java:logGet(46)) - raft.server.log.segment.size.max = 1048576 (custom)
2023-06-22 13:18:24,283 [f35f0a8c-90e3-4c0e-82f0-ebea9a45f0ef-groupManagement] INFO  server.RaftServerConfigKeys (ConfUtils.java:logGet(46)) - raft.server.log.segment.cache.num.max = 2 (custom)
2023-06-22 13:18:24,283 [f35f0a8c-90e3-4c0e-82f0-ebea9a45f0ef-groupManagement] INFO  server.RaftServerConfigKeys (ConfUtils.java:logGet(46)) - raft.server.log.segment.cache.size.max = 200MB (=209715200) (default)
2023-06-22 13:18:24,283 [f35f0a8c-90e3-4c0e-82f0-ebea9a45f0ef-groupManagement] INFO  server.RaftServerConfigKeys (ConfUtils.java:logGet(46)) - raft.server.log.appender.buffer.byte-limit = 33554432 (custom)
2023-06-22 13:18:24,284 [f35f0a8c-90e3-4c0e-82f0-ebea9a45f0ef-groupManagement] INFO  segmented.SegmentedRaftLogWorker (SegmentedRaftLogWorker.java:<init>(188)) - new f35f0a8c-90e3-4c0e-82f0-ebea9a45f0ef@group-F1E233525E34-SegmentedRaftLogWorker for RaftStorageImpl:Storage Directory /home/runner/work/ozone/ozone/hadoop-ozone/integration-test/target/test-dir/MiniOzoneClusterImpl-f04ff4d6-b670-4e84-9a89-5b4d7edf6ec9/datanode-2/data/ratis/a2d3b3e7-ed3f-471c-a075-f1e233525e34
2023-06-22 13:18:24,284 [f35f0a8c-90e3-4c0e-82f0-ebea9a45f0ef-groupManagement] INFO  server.RaftServerConfigKeys (ConfUtils.java:logGet(46)) - raft.server.log.queue.byte-limit = 4294967296 (custom)
2023-06-22 13:18:24,284 [f35f0a8c-90e3-4c0e-82f0-ebea9a45f0ef-groupManagement] INFO  server.RaftServerConfigKeys (ConfUtils.java:logGet(46)) - raft.server.log.queue.element-limit = 1024 (custom)
2023-06-22 13:18:24,284 [f35f0a8c-90e3-4c0e-82f0-ebea9a45f0ef-groupManagement] INFO  server.RaftServerConfigKeys (ConfUtils.java:logGet(46)) - raft.server.log.segment.size.max = 1048576 (custom)
2023-06-22 13:18:24,284 [f35f0a8c-90e3-4c0e-82f0-ebea9a45f0ef-groupManagement] INFO  server.RaftServerConfigKeys (ConfUtils.java:logGet(46)) - raft.server.log.preallocated.size = 16384 (custom)
2023-06-22 13:18:24,284 [f35f0a8c-90e3-4c0e-82f0-ebea9a45f0ef-groupManagement] INFO  server.RaftServerConfigKeys (ConfUtils.java:logGet(46)) - raft.server.log.force.sync.num = 128 (default)
2023-06-22 13:18:24,284 [EventQueue-OpenPipelineForHealthyPipelineSafeModeRule] INFO  safemode.SCMSafeModeManager (HealthyPipelineSafeModeRule.java:process(137)) - SCM in safe mode. Healthy pipelines reported count is 0, required healthy pipeline reported count is 1
2023-06-22 13:18:24,285 [f35f0a8c-90e3-4c0e-82f0-ebea9a45f0ef-groupManagement] INFO  server.RaftServerConfigKeys (ConfUtils.java:logGet(46)) - raft.server.log.statemachine.data.sync = true (default)
2023-06-22 13:18:24,285 [f35f0a8c-90e3-4c0e-82f0-ebea9a45f0ef-groupManagement] INFO  server.RaftServerConfigKeys (ConfUtils.java:logGet(46)) - raft.server.log.statemachine.data.sync.timeout = 10s (default)
2023-06-22 13:18:24,285 [f35f0a8c-90e3-4c0e-82f0-ebea9a45f0ef-groupManagement] INFO  server.RaftServerConfigKeys (ConfUtils.java:logGet(46)) - raft.server.log.statemachine.data.sync.timeout.retry = -1 (default)
2023-06-22 13:18:24,285 [f35f0a8c-90e3-4c0e-82f0-ebea9a45f0ef-groupManagement] INFO  server.RaftServerConfigKeys (ConfUtils.java:logGet(46)) - raft.server.log.write.buffer.size = 1048576 (custom)
2023-06-22 13:18:24,286 [f35f0a8c-90e3-4c0e-82f0-ebea9a45f0ef-groupManagement] INFO  server.RaftServerConfigKeys (ConfUtils.java:logGet(46)) - raft.server.log.appender.buffer.byte-limit = 33554432 (custom)
2023-06-22 13:18:24,289 [f35f0a8c-90e3-4c0e-82f0-ebea9a45f0ef-groupManagement] INFO  server.RaftServerConfigKeys (ConfUtils.java:logGet(46)) - raft.server.log.unsafe-flush.enabled = false (default)
2023-06-22 13:18:24,289 [f35f0a8c-90e3-4c0e-82f0-ebea9a45f0ef-groupManagement] INFO  server.RaftServerConfigKeys (ConfUtils.java:logGet(46)) - raft.server.log.async-flush.enabled = false (default)
2023-06-22 13:18:24,289 [f35f0a8c-90e3-4c0e-82f0-ebea9a45f0ef-groupManagement] INFO  server.RaftServerConfigKeys (ConfUtils.java:logGet(46)) - raft.server.log.statemachine.data.caching.enabled = true (custom)
2023-06-22 13:18:24,289 [f35f0a8c-90e3-4c0e-82f0-ebea9a45f0ef-groupManagement] INFO  segmented.SegmentedRaftLogWorker (SegmentedRaftLogWorker.java:lambda$new$0(135)) - f35f0a8c-90e3-4c0e-82f0-ebea9a45f0ef@group-F1E233525E34-SegmentedRaftLogWorker: flushIndex: setUnconditionally 0 -> -1
2023-06-22 13:18:24,289 [f35f0a8c-90e3-4c0e-82f0-ebea9a45f0ef-groupManagement] INFO  segmented.SegmentedRaftLogWorker (SegmentedRaftLogWorker.java:lambda$new$0(135)) - f35f0a8c-90e3-4c0e-82f0-ebea9a45f0ef@group-F1E233525E34-SegmentedRaftLogWorker: safeCacheEvictIndex: setUnconditionally 0 -> -1
2023-06-22 13:18:24,289 [f35f0a8c-90e3-4c0e-82f0-ebea9a45f0ef-groupManagement] INFO  server.RaftServer$Division (RaftServerImpl.java:start(342)) - f35f0a8c-90e3-4c0e-82f0-ebea9a45f0ef@group-F1E233525E34: start as a follower, conf=-1: peers:[f35f0a8c-90e3-4c0e-82f0-ebea9a45f0ef|rpc:10.1.0.30:15085|admin:10.1.0.30:15084|client:10.1.0.30:15083|dataStream:10.1.0.30:15086|priority:1|startupRole:FOLLOWER]|listeners:[], old=null
2023-06-22 13:18:24,289 [f35f0a8c-90e3-4c0e-82f0-ebea9a45f0ef-groupManagement] INFO  server.RaftServer$Division (RaftServerImpl.java:setRole(329)) - f35f0a8c-90e3-4c0e-82f0-ebea9a45f0ef@group-F1E233525E34: changes role from      null to FOLLOWER at term 0 for startAsFollower
2023-06-22 13:18:24,289 [f35f0a8c-90e3-4c0e-82f0-ebea9a45f0ef-groupManagement] INFO  impl.RoleInfo (RoleInfo.java:updateAndGet(139)) - f35f0a8c-90e3-4c0e-82f0-ebea9a45f0ef: start f35f0a8c-90e3-4c0e-82f0-ebea9a45f0ef@group-F1E233525E34-FollowerState
2023-06-22 13:18:24,290 [f35f0a8c-90e3-4c0e-82f0-ebea9a45f0ef-groupManagement] INFO  util.JmxRegister (JmxRegister.java:tryRegister(44)) - Successfully registered JMX Bean with object name Ratis:service=RaftServer,group=group-F1E233525E34,id=f35f0a8c-90e3-4c0e-82f0-ebea9a45f0ef
2023-06-22 13:18:24,290 [f35f0a8c-90e3-4c0e-82f0-ebea9a45f0ef-groupManagement] INFO  server.RaftServerConfigKeys (ConfUtils.java:logGet(46)) - raft.server.snapshot.auto.trigger.enabled = true (custom)
2023-06-22 13:18:24,290 [f35f0a8c-90e3-4c0e-82f0-ebea9a45f0ef-groupManagement] INFO  server.RaftServerConfigKeys (ConfUtils.java:logGet(46)) - raft.server.snapshot.auto.trigger.threshold = 10000 (custom)
2023-06-22 13:18:24,290 [f35f0a8c-90e3-4c0e-82f0-ebea9a45f0ef-groupManagement] INFO  server.RaftServerConfigKeys (ConfUtils.java:logGet(46)) - raft.server.snapshot.retention.file.num = 5 (custom)
2023-06-22 13:18:24,290 [f35f0a8c-90e3-4c0e-82f0-ebea9a45f0ef-groupManagement] INFO  server.RaftServerConfigKeys (ConfUtils.java:logGet(46)) - raft.server.log.purge.upto.snapshot.index = false (default)
2023-06-22 13:18:24,290 [f35f0a8c-90e3-4c0e-82f0-ebea9a45f0ef@group-F1E233525E34-FollowerState] INFO  server.RaftServerConfigKeys (ConfUtils.java:logFallback(53)) - raft.server.rpc.first-election.timeout.min = 5s (fallback to raft.server.rpc.timeout.min)
2023-06-22 13:18:24,290 [f35f0a8c-90e3-4c0e-82f0-ebea9a45f0ef@group-F1E233525E34-FollowerState] INFO  server.RaftServerConfigKeys (ConfUtils.java:logFallback(53)) - raft.server.rpc.first-election.timeout.max = 5200ms (fallback to raft.server.rpc.timeout.max)
2023-06-22 13:18:24,291 [PipelineCommandHandlerThread-0] INFO  ratis.XceiverServerRatis (XceiverServerRatis.java:addGroup(804)) - Created group PipelineID=a2d3b3e7-ed3f-471c-a075-f1e233525e34
2023-06-22 13:18:24,291 [PipelineCommandHandlerThread-0] INFO  commandhandler.CreatePipelineCommandHandler (CreatePipelineCommandHandler.java:lambda$handle$2(124)) - Created Pipeline RATIS ONE PipelineID=a2d3b3e7-ed3f-471c-a075-f1e233525e34.
2023-06-22 13:18:24,583 [PipelineCommandHandlerThread-0] INFO  server.RaftServer (RaftServerProxy.java:addNew(98)) - 48fae9b8-4a64-47c7-9afa-6a245820b276: addNew group-F63A7CCA7E33:[48fae9b8-4a64-47c7-9afa-6a245820b276|rpc:10.1.0.30:15094|admin:10.1.0.30:15093|client:10.1.0.30:15092|dataStream:10.1.0.30:15095|priority:1|startupRole:FOLLOWER] returns group-F63A7CCA7E33:java.util.concurrent.CompletableFuture@6bcc887a[Not completed]
2023-06-22 13:18:24,584 [48fae9b8-4a64-47c7-9afa-6a245820b276-groupManagement] INFO  server.RaftServer$Division (RaftServerImpl.java:<init>(198)) - 48fae9b8-4a64-47c7-9afa-6a245820b276: new RaftServerImpl for group-F63A7CCA7E33:[48fae9b8-4a64-47c7-9afa-6a245820b276|rpc:10.1.0.30:15094|admin:10.1.0.30:15093|client:10.1.0.30:15092|dataStream:10.1.0.30:15095|priority:1|startupRole:FOLLOWER] with ContainerStateMachine:uninitialized
2023-06-22 13:18:24,584 [48fae9b8-4a64-47c7-9afa-6a245820b276-groupManagement] INFO  server.RaftServerConfigKeys (ConfUtils.java:logGet(46)) - raft.server.rpc.timeout.min = 5s (custom)
2023-06-22 13:18:24,584 [48fae9b8-4a64-47c7-9afa-6a245820b276-groupManagement] INFO  server.RaftServerConfigKeys (ConfUtils.java:logGet(46)) - raft.server.rpc.timeout.max = 5200ms (custom)
2023-06-22 13:18:24,584 [48fae9b8-4a64-47c7-9afa-6a245820b276-groupManagement] INFO  server.RaftServerConfigKeys (ConfUtils.java:logGet(46)) - raft.server.rpc.sleep.time = 25ms (default)
2023-06-22 13:18:24,584 [48fae9b8-4a64-47c7-9afa-6a245820b276-groupManagement] INFO  server.RaftServerConfigKeys (ConfUtils.java:logGet(46)) - raft.server.rpc.slowness.timeout = 300s (custom)
2023-06-22 13:18:24,584 [48fae9b8-4a64-47c7-9afa-6a245820b276-groupManagement] INFO  server.RaftServerConfigKeys (ConfUtils.java:logGet(46)) - raft.server.leaderelection.leader.step-down.wait-time = 10s (default)
2023-06-22 13:18:24,584 [48fae9b8-4a64-47c7-9afa-6a245820b276-groupManagement] INFO  server.RaftServerConfigKeys (ConfUtils.java:logGet(46)) - raft.server.sleep.deviation.threshold = 300ms (default)
2023-06-22 13:18:24,585 [48fae9b8-4a64-47c7-9afa-6a245820b276-groupManagement] INFO  server.RaftServer$Division (ServerState.java:<init>(120)) - 48fae9b8-4a64-47c7-9afa-6a245820b276@group-F63A7CCA7E33: ConfigurationManager, init=-1: peers:[48fae9b8-4a64-47c7-9afa-6a245820b276|rpc:10.1.0.30:15094|admin:10.1.0.30:15093|client:10.1.0.30:15092|dataStream:10.1.0.30:15095|priority:1|startupRole:FOLLOWER]|listeners:[], old=null, confs=<EMPTY_MAP>
2023-06-22 13:18:24,585 [48fae9b8-4a64-47c7-9afa-6a245820b276-groupManagement] INFO  server.RaftServerConfigKeys (ConfUtils.java:logGet(46)) - raft.server.storage.dir = [/home/runner/work/ozone/ozone/hadoop-ozone/integration-test/target/test-dir/MiniOzoneClusterImpl-f04ff4d6-b670-4e84-9a89-5b4d7edf6ec9/datanode-3/data/ratis] (custom)
2023-06-22 13:18:24,585 [48fae9b8-4a64-47c7-9afa-6a245820b276-groupManagement] INFO  server.RaftServerConfigKeys (ConfUtils.java:logGet(46)) - raft.server.log.corruption.policy = EXCEPTION (default)
2023-06-22 13:18:24,585 [48fae9b8-4a64-47c7-9afa-6a245820b276-groupManagement] INFO  server.RaftServerConfigKeys (ConfUtils.java:logGet(46)) - raft.server.storage.free-space.min = 0MB (=0) (default)
2023-06-22 13:18:24,585 [48fae9b8-4a64-47c7-9afa-6a245820b276-groupManagement] INFO  server.RaftServerConfigKeys (ConfUtils.java:logGet(46)) - raft.server.notification.no-leader.timeout = 300s (custom)
2023-06-22 13:18:24,585 [48fae9b8-4a64-47c7-9afa-6a245820b276-groupManagement] INFO  server.RaftServerConfigKeys (ConfUtils.java:logGet(46)) - raft.server.read.timeout = 10s (default)
2023-06-22 13:18:24,585 [48fae9b8-4a64-47c7-9afa-6a245820b276-groupManagement] INFO  server.RaftServerConfigKeys (ConfUtils.java:logGet(46)) - raft.server.retrycache.expirytime = 600000ms (custom)
2023-06-22 13:18:24,585 [48fae9b8-4a64-47c7-9afa-6a245820b276-groupManagement] INFO  server.RaftServerConfigKeys (ConfUtils.java:logGet(46)) - raft.server.retrycache.statistics.expirytime = 100μs (default)
2023-06-22 13:18:24,585 [48fae9b8-4a64-47c7-9afa-6a245820b276-groupManagement] INFO  server.RaftServerConfigKeys (ConfUtils.java:logGet(46)) - raft.server.read.option = DEFAULT (default)
2023-06-22 13:18:24,591 [48fae9b8-4a64-47c7-9afa-6a245820b276-groupManagement] INFO  server.RaftServerConfigKeys (ConfUtils.java:logGet(46)) - raft.server.rpc.request.timeout = 60s (custom)
2023-06-22 13:18:24,591 [48fae9b8-4a64-47c7-9afa-6a245820b276-groupManagement] INFO  server.RaftServerConfigKeys (ConfUtils.java:logGet(46)) - raft.server.log.appender.install.snapshot.enabled = false (custom)
2023-06-22 13:18:24,591 [48fae9b8-4a64-47c7-9afa-6a245820b276-groupManagement] INFO  server.RaftServerConfigKeys (ConfUtils.java:logGet(46)) - raft.server.threadpool.server.cached = true (default)
2023-06-22 13:18:24,592 [48fae9b8-4a64-47c7-9afa-6a245820b276-groupManagement] INFO  server.RaftServerConfigKeys (ConfUtils.java:logGet(46)) - raft.server.threadpool.server.size = 0 (default)
2023-06-22 13:18:24,592 [48fae9b8-4a64-47c7-9afa-6a245820b276-groupManagement] INFO  server.RaftServerConfigKeys (ConfUtils.java:logGet(46)) - raft.server.threadpool.client.cached = true (default)
2023-06-22 13:18:24,592 [48fae9b8-4a64-47c7-9afa-6a245820b276-groupManagement] INFO  server.RaftServerConfigKeys (ConfUtils.java:logGet(46)) - raft.server.threadpool.client.size = 0 (default)
2023-06-22 13:18:24,592 [48fae9b8-4a64-47c7-9afa-6a245820b276-groupManagement] INFO  storage.RaftStorageDirectory (RaftStorageDirectoryImpl.java:analyzeStorage(137)) - The storage directory /home/runner/work/ozone/ozone/hadoop-ozone/integration-test/target/test-dir/MiniOzoneClusterImpl-f04ff4d6-b670-4e84-9a89-5b4d7edf6ec9/datanode-3/data/ratis/9be9455f-e90f-464b-9557-f63a7cca7e33 does not exist. Creating ...
2023-06-22 13:18:24,593 [48fae9b8-4a64-47c7-9afa-6a245820b276-groupManagement] INFO  storage.RaftStorageDirectory (RaftStorageDirectoryImpl.java:tryLock(231)) - Lock on /home/runner/work/ozone/ozone/hadoop-ozone/integration-test/target/test-dir/MiniOzoneClusterImpl-f04ff4d6-b670-4e84-9a89-5b4d7edf6ec9/datanode-3/data/ratis/9be9455f-e90f-464b-9557-f63a7cca7e33/in_use.lock acquired by nodename 40864@fv-az208-208
2023-06-22 13:18:24,594 [48fae9b8-4a64-47c7-9afa-6a245820b276-groupManagement] INFO  storage.RaftStorage (RaftStorageImpl.java:format(96)) - Storage directory /home/runner/work/ozone/ozone/hadoop-ozone/integration-test/target/test-dir/MiniOzoneClusterImpl-f04ff4d6-b670-4e84-9a89-5b4d7edf6ec9/datanode-3/data/ratis/9be9455f-e90f-464b-9557-f63a7cca7e33 has been successfully formatted.
2023-06-22 13:18:24,595 [48fae9b8-4a64-47c7-9afa-6a245820b276-groupManagement] INFO  ratis.ContainerStateMachine (ContainerStateMachine.java:loadSnapshot(262)) - group-F63A7CCA7E33: The snapshot info is null. Setting the last applied indexto:(t:0, i:~)
2023-06-22 13:18:24,598 [EventQueue-PipelineReportForPipelineReportHandler] INFO  pipeline.PipelineManagerImpl (PipelineManagerImpl.java:openPipeline(367)) - Pipeline Pipeline[ Id: 9be9455f-e90f-464b-9557-f63a7cca7e33, Nodes: 48fae9b8-4a64-47c7-9afa-6a245820b276(fv-az208-208.e0tah0prcmautdldtlfxyeofwf.cx.internal.cloudapp.net/10.1.0.30), ReplicationConfig: RATIS/ONE, State:ALLOCATED, leaderId:48fae9b8-4a64-47c7-9afa-6a245820b276, CreationTimestamp2023-06-22T13:18:21.585Z[Etc/UTC]] moved to OPEN state
2023-06-22 13:18:24,598 [EventQueue-OpenPipelineForHealthyPipelineSafeModeRule] INFO  safemode.SCMSafeModeManager (HealthyPipelineSafeModeRule.java:process(137)) - SCM in safe mode. Healthy pipelines reported count is 0, required healthy pipeline reported count is 1
2023-06-22 13:18:24,598 [48fae9b8-4a64-47c7-9afa-6a245820b276-groupManagement] INFO  server.RaftServerConfigKeys (ConfUtils.java:logGet(46)) - raft.server.log.use.memory = false (default)
2023-06-22 13:18:24,598 [48fae9b8-4a64-47c7-9afa-6a245820b276-groupManagement] INFO  server.RaftServerConfigKeys (ConfUtils.java:logGet(46)) - raft.server.log.purge.gap = 1000000 (custom)
2023-06-22 13:18:24,598 [48fae9b8-4a64-47c7-9afa-6a245820b276-groupManagement] INFO  server.RaftServerConfigKeys (ConfUtils.java:logGet(46)) - raft.server.log.appender.buffer.byte-limit = 33554432 (custom)
2023-06-22 13:18:24,598 [48fae9b8-4a64-47c7-9afa-6a245820b276-groupManagement] INFO  server.RaftServerConfigKeys (ConfUtils.java:logGet(46)) - raft.server.log.statemachine.data.read.timeout = 1000ms (default)
2023-06-22 13:18:24,598 [48fae9b8-4a64-47c7-9afa-6a245820b276-groupManagement] INFO  server.RaftServerConfigKeys (ConfUtils.java:logGet(46)) - raft.server.log.purge.preservation.log.num = 0 (default)
2023-06-22 13:18:24,599 [48fae9b8-4a64-47c7-9afa-6a245820b276-groupManagement] INFO  server.RaftServerConfigKeys (ConfUtils.java:logGet(46)) - raft.server.log.segment.size.max = 1048576 (custom)
2023-06-22 13:18:24,599 [48fae9b8-4a64-47c7-9afa-6a245820b276-groupManagement] INFO  server.RaftServerConfigKeys (ConfUtils.java:logGet(46)) - raft.server.log.segment.cache.num.max = 2 (custom)
2023-06-22 13:18:24,599 [48fae9b8-4a64-47c7-9afa-6a245820b276-groupManagement] INFO  server.RaftServerConfigKeys (ConfUtils.java:logGet(46)) - raft.server.log.segment.cache.size.max = 200MB (=209715200) (default)
2023-06-22 13:18:24,599 [48fae9b8-4a64-47c7-9afa-6a245820b276-groupManagement] INFO  server.RaftServerConfigKeys (ConfUtils.java:logGet(46)) - raft.server.log.appender.buffer.byte-limit = 33554432 (custom)
2023-06-22 13:18:24,599 [48fae9b8-4a64-47c7-9afa-6a245820b276-groupManagement] INFO  segmented.SegmentedRaftLogWorker (SegmentedRaftLogWorker.java:<init>(188)) - new 48fae9b8-4a64-47c7-9afa-6a245820b276@group-F63A7CCA7E33-SegmentedRaftLogWorker for RaftStorageImpl:Storage Directory /home/runner/work/ozone/ozone/hadoop-ozone/integration-test/target/test-dir/MiniOzoneClusterImpl-f04ff4d6-b670-4e84-9a89-5b4d7edf6ec9/datanode-3/data/ratis/9be9455f-e90f-464b-9557-f63a7cca7e33
2023-06-22 13:18:24,599 [48fae9b8-4a64-47c7-9afa-6a245820b276-groupManagement] INFO  server.RaftServerConfigKeys (ConfUtils.java:logGet(46)) - raft.server.log.queue.byte-limit = 4294967296 (custom)
2023-06-22 13:18:24,599 [48fae9b8-4a64-47c7-9afa-6a245820b276-groupManagement] INFO  server.RaftServerConfigKeys (ConfUtils.java:logGet(46)) - raft.server.log.queue.element-limit = 1024 (custom)
2023-06-22 13:18:24,599 [48fae9b8-4a64-47c7-9afa-6a245820b276-groupManagement] INFO  server.RaftServerConfigKeys (ConfUtils.java:logGet(46)) - raft.server.log.segment.size.max = 1048576 (custom)
2023-06-22 13:18:24,599 [48fae9b8-4a64-47c7-9afa-6a245820b276-groupManagement] INFO  server.RaftServerConfigKeys (ConfUtils.java:logGet(46)) - raft.server.log.preallocated.size = 16384 (custom)
2023-06-22 13:18:24,599 [48fae9b8-4a64-47c7-9afa-6a245820b276-groupManagement] INFO  server.RaftServerConfigKeys (ConfUtils.java:logGet(46)) - raft.server.log.force.sync.num = 128 (default)
2023-06-22 13:18:24,599 [48fae9b8-4a64-47c7-9afa-6a245820b276-groupManagement] INFO  server.RaftServerConfigKeys (ConfUtils.java:logGet(46)) - raft.server.log.statemachine.data.sync = true (default)
2023-06-22 13:18:24,599 [48fae9b8-4a64-47c7-9afa-6a245820b276-groupManagement] INFO  server.RaftServerConfigKeys (ConfUtils.java:logGet(46)) - raft.server.log.statemachine.data.sync.timeout = 10s (default)
2023-06-22 13:18:24,599 [48fae9b8-4a64-47c7-9afa-6a245820b276-groupManagement] INFO  server.RaftServerConfigKeys (ConfUtils.java:logGet(46)) - raft.server.log.statemachine.data.sync.timeout.retry = -1 (default)
2023-06-22 13:18:24,601 [48fae9b8-4a64-47c7-9afa-6a245820b276-groupManagement] INFO  server.RaftServerConfigKeys (ConfUtils.java:logGet(46)) - raft.server.log.write.buffer.size = 1048576 (custom)
2023-06-22 13:18:24,602 [48fae9b8-4a64-47c7-9afa-6a245820b276-groupManagement] INFO  server.RaftServerConfigKeys (ConfUtils.java:logGet(46)) - raft.server.log.appender.buffer.byte-limit = 33554432 (custom)
2023-06-22 13:18:24,605 [48fae9b8-4a64-47c7-9afa-6a245820b276-groupManagement] INFO  server.RaftServerConfigKeys (ConfUtils.java:logGet(46)) - raft.server.log.unsafe-flush.enabled = false (default)
2023-06-22 13:18:24,605 [48fae9b8-4a64-47c7-9afa-6a245820b276-groupManagement] INFO  server.RaftServerConfigKeys (ConfUtils.java:logGet(46)) - raft.server.log.async-flush.enabled = false (default)
2023-06-22 13:18:24,605 [48fae9b8-4a64-47c7-9afa-6a245820b276-groupManagement] INFO  server.RaftServerConfigKeys (ConfUtils.java:logGet(46)) - raft.server.log.statemachine.data.caching.enabled = true (custom)
2023-06-22 13:18:24,606 [48fae9b8-4a64-47c7-9afa-6a245820b276-groupManagement] INFO  segmented.SegmentedRaftLogWorker (SegmentedRaftLogWorker.java:lambda$new$0(135)) - 48fae9b8-4a64-47c7-9afa-6a245820b276@group-F63A7CCA7E33-SegmentedRaftLogWorker: flushIndex: setUnconditionally 0 -> -1
2023-06-22 13:18:24,606 [48fae9b8-4a64-47c7-9afa-6a245820b276-groupManagement] INFO  segmented.SegmentedRaftLogWorker (SegmentedRaftLogWorker.java:lambda$new$0(135)) - 48fae9b8-4a64-47c7-9afa-6a245820b276@group-F63A7CCA7E33-SegmentedRaftLogWorker: safeCacheEvictIndex: setUnconditionally 0 -> -1
2023-06-22 13:18:24,606 [48fae9b8-4a64-47c7-9afa-6a245820b276-groupManagement] INFO  server.RaftServer$Division (RaftServerImpl.java:start(342)) - 48fae9b8-4a64-47c7-9afa-6a245820b276@group-F63A7CCA7E33: start as a follower, conf=-1: peers:[48fae9b8-4a64-47c7-9afa-6a245820b276|rpc:10.1.0.30:15094|admin:10.1.0.30:15093|client:10.1.0.30:15092|dataStream:10.1.0.30:15095|priority:1|startupRole:FOLLOWER]|listeners:[], old=null
2023-06-22 13:18:24,606 [48fae9b8-4a64-47c7-9afa-6a245820b276-groupManagement] INFO  server.RaftServer$Division (RaftServerImpl.java:setRole(329)) - 48fae9b8-4a64-47c7-9afa-6a245820b276@group-F63A7CCA7E33: changes role from      null to FOLLOWER at term 0 for startAsFollower
2023-06-22 13:18:24,606 [48fae9b8-4a64-47c7-9afa-6a245820b276-groupManagement] INFO  impl.RoleInfo (RoleInfo.java:updateAndGet(139)) - 48fae9b8-4a64-47c7-9afa-6a245820b276: start 48fae9b8-4a64-47c7-9afa-6a245820b276@group-F63A7CCA7E33-FollowerState
2023-06-22 13:18:24,606 [48fae9b8-4a64-47c7-9afa-6a245820b276@group-F63A7CCA7E33-FollowerState] INFO  server.RaftServerConfigKeys (ConfUtils.java:logFallback(53)) - raft.server.rpc.first-election.timeout.min = 5s (fallback to raft.server.rpc.timeout.min)
2023-06-22 13:18:24,606 [48fae9b8-4a64-47c7-9afa-6a245820b276-groupManagement] INFO  util.JmxRegister (JmxRegister.java:tryRegister(44)) - Successfully registered JMX Bean with object name Ratis:service=RaftServer,group=group-F63A7CCA7E33,id=48fae9b8-4a64-47c7-9afa-6a245820b276
2023-06-22 13:18:24,606 [48fae9b8-4a64-47c7-9afa-6a245820b276-groupManagement] INFO  server.RaftServerConfigKeys (ConfUtils.java:logGet(46)) - raft.server.snapshot.auto.trigger.enabled = true (custom)
2023-06-22 13:18:24,606 [48fae9b8-4a64-47c7-9afa-6a245820b276-groupManagement] INFO  server.RaftServerConfigKeys (ConfUtils.java:logGet(46)) - raft.server.snapshot.auto.trigger.threshold = 10000 (custom)
2023-06-22 13:18:24,606 [48fae9b8-4a64-47c7-9afa-6a245820b276-groupManagement] INFO  server.RaftServerConfigKeys (ConfUtils.java:logGet(46)) - raft.server.snapshot.retention.file.num = 5 (custom)
2023-06-22 13:18:24,607 [48fae9b8-4a64-47c7-9afa-6a245820b276-groupManagement] INFO  server.RaftServerConfigKeys (ConfUtils.java:logGet(46)) - raft.server.log.purge.upto.snapshot.index = false (default)
2023-06-22 13:18:24,606 [48fae9b8-4a64-47c7-9afa-6a245820b276@group-F63A7CCA7E33-FollowerState] INFO  server.RaftServerConfigKeys (ConfUtils.java:logFallback(53)) - raft.server.rpc.first-election.timeout.max = 5200ms (fallback to raft.server.rpc.timeout.max)
2023-06-22 13:18:24,608 [PipelineCommandHandlerThread-0] INFO  ratis.XceiverServerRatis (XceiverServerRatis.java:addGroup(804)) - Created group PipelineID=9be9455f-e90f-464b-9557-f63a7cca7e33
2023-06-22 13:18:24,608 [PipelineCommandHandlerThread-0] INFO  commandhandler.CreatePipelineCommandHandler (CreatePipelineCommandHandler.java:lambda$handle$2(124)) - Created Pipeline RATIS ONE PipelineID=9be9455f-e90f-464b-9557-f63a7cca7e33.
2023-06-22 13:18:24,870 [main] INFO  ozone.MiniOzoneClusterImpl (MiniOzoneClusterImpl.java:lambda$waitForClusterToBeReady$0(224)) - Nodes are ready. Got 5 of 5 DN Heartbeats.
2023-06-22 13:18:24,870 [main] INFO  ozone.MiniOzoneClusterImpl (MiniOzoneClusterImpl.java:lambda$waitForClusterToBeReady$0(227)) - Waiting for cluster to exit safe mode
2023-06-22 13:18:24,870 [main] INFO  ozone.MiniOzoneClusterImpl (MiniOzoneClusterImpl.java:lambda$waitForClusterToBeReady$0(229)) - SCM became leader
2023-06-22 13:18:24,872 [PipelineCommandHandlerThread-0] INFO  server.RaftServer (RaftServerProxy.java:addNew(98)) - 2d8cad12-2e65-4624-85ce-d7a0d9018b77: addNew group-943170E5B629:[2d8cad12-2e65-4624-85ce-d7a0d9018b77|rpc:10.1.0.30:15103|admin:10.1.0.30:15102|client:10.1.0.30:15101|dataStream:10.1.0.30:15104|priority:1|startupRole:FOLLOWER] returns group-943170E5B629:java.util.concurrent.CompletableFuture@6908c153[Not completed]
2023-06-22 13:18:24,873 [2d8cad12-2e65-4624-85ce-d7a0d9018b77-groupManagement] INFO  server.RaftServer$Division (RaftServerImpl.java:<init>(198)) - 2d8cad12-2e65-4624-85ce-d7a0d9018b77: new RaftServerImpl for group-943170E5B629:[2d8cad12-2e65-4624-85ce-d7a0d9018b77|rpc:10.1.0.30:15103|admin:10.1.0.30:15102|client:10.1.0.30:15101|dataStream:10.1.0.30:15104|priority:1|startupRole:FOLLOWER] with ContainerStateMachine:uninitialized
2023-06-22 13:18:24,873 [2d8cad12-2e65-4624-85ce-d7a0d9018b77-groupManagement] INFO  server.RaftServerConfigKeys (ConfUtils.java:logGet(46)) - raft.server.rpc.timeout.min = 5s (custom)
2023-06-22 13:18:24,873 [2d8cad12-2e65-4624-85ce-d7a0d9018b77-groupManagement] INFO  server.RaftServerConfigKeys (ConfUtils.java:logGet(46)) - raft.server.rpc.timeout.max = 5200ms (custom)
2023-06-22 13:18:24,873 [2d8cad12-2e65-4624-85ce-d7a0d9018b77-groupManagement] INFO  server.RaftServerConfigKeys (ConfUtils.java:logGet(46)) - raft.server.rpc.sleep.time = 25ms (default)
2023-06-22 13:18:24,873 [2d8cad12-2e65-4624-85ce-d7a0d9018b77-groupManagement] INFO  server.RaftServerConfigKeys (ConfUtils.java:logGet(46)) - raft.server.rpc.slowness.timeout = 300s (custom)
2023-06-22 13:18:24,873 [2d8cad12-2e65-4624-85ce-d7a0d9018b77-groupManagement] INFO  server.RaftServerConfigKeys (ConfUtils.java:logGet(46)) - raft.server.leaderelection.leader.step-down.wait-time = 10s (default)
2023-06-22 13:18:24,873 [2d8cad12-2e65-4624-85ce-d7a0d9018b77-groupManagement] INFO  server.RaftServerConfigKeys (ConfUtils.java:logGet(46)) - raft.server.sleep.deviation.threshold = 300ms (default)
2023-06-22 13:18:24,873 [2d8cad12-2e65-4624-85ce-d7a0d9018b77-groupManagement] INFO  server.RaftServer$Division (ServerState.java:<init>(120)) - 2d8cad12-2e65-4624-85ce-d7a0d9018b77@group-943170E5B629: ConfigurationManager, init=-1: peers:[2d8cad12-2e65-4624-85ce-d7a0d9018b77|rpc:10.1.0.30:15103|admin:10.1.0.30:15102|client:10.1.0.30:15101|dataStream:10.1.0.30:15104|priority:1|startupRole:FOLLOWER]|listeners:[], old=null, confs=<EMPTY_MAP>
2023-06-22 13:18:24,873 [2d8cad12-2e65-4624-85ce-d7a0d9018b77-groupManagement] INFO  server.RaftServerConfigKeys (ConfUtils.java:logGet(46)) - raft.server.storage.dir = [/home/runner/work/ozone/ozone/hadoop-ozone/integration-test/target/test-dir/MiniOzoneClusterImpl-f04ff4d6-b670-4e84-9a89-5b4d7edf6ec9/datanode-4/data/ratis] (custom)
2023-06-22 13:18:24,873 [2d8cad12-2e65-4624-85ce-d7a0d9018b77-groupManagement] INFO  server.RaftServerConfigKeys (ConfUtils.java:logGet(46)) - raft.server.log.corruption.policy = EXCEPTION (default)
2023-06-22 13:18:24,873 [2d8cad12-2e65-4624-85ce-d7a0d9018b77-groupManagement] INFO  server.RaftServerConfigKeys (ConfUtils.java:logGet(46)) - raft.server.storage.free-space.min = 0MB (=0) (default)
2023-06-22 13:18:24,874 [2d8cad12-2e65-4624-85ce-d7a0d9018b77-groupManagement] INFO  server.RaftServerConfigKeys (ConfUtils.java:logGet(46)) - raft.server.notification.no-leader.timeout = 300s (custom)
2023-06-22 13:18:24,874 [2d8cad12-2e65-4624-85ce-d7a0d9018b77-groupManagement] INFO  server.RaftServerConfigKeys (ConfUtils.java:logGet(46)) - raft.server.read.timeout = 10s (default)
2023-06-22 13:18:24,874 [2d8cad12-2e65-4624-85ce-d7a0d9018b77-groupManagement] INFO  server.RaftServerConfigKeys (ConfUtils.java:logGet(46)) - raft.server.retrycache.expirytime = 600000ms (custom)
2023-06-22 13:18:24,874 [2d8cad12-2e65-4624-85ce-d7a0d9018b77-groupManagement] INFO  server.RaftServerConfigKeys (ConfUtils.java:logGet(46)) - raft.server.retrycache.statistics.expirytime = 100μs (default)
2023-06-22 13:18:24,874 [2d8cad12-2e65-4624-85ce-d7a0d9018b77-groupManagement] INFO  server.RaftServerConfigKeys (ConfUtils.java:logGet(46)) - raft.server.read.option = DEFAULT (default)
2023-06-22 13:18:24,874 [2d8cad12-2e65-4624-85ce-d7a0d9018b77-groupManagement] INFO  server.RaftServerConfigKeys (ConfUtils.java:logGet(46)) - raft.server.rpc.request.timeout = 60s (custom)
2023-06-22 13:18:24,874 [2d8cad12-2e65-4624-85ce-d7a0d9018b77-groupManagement] INFO  server.RaftServerConfigKeys (ConfUtils.java:logGet(46)) - raft.server.log.appender.install.snapshot.enabled = false (custom)
2023-06-22 13:18:24,874 [2d8cad12-2e65-4624-85ce-d7a0d9018b77-groupManagement] INFO  server.RaftServerConfigKeys (ConfUtils.java:logGet(46)) - raft.server.threadpool.server.cached = true (default)
2023-06-22 13:18:24,874 [2d8cad12-2e65-4624-85ce-d7a0d9018b77-groupManagement] INFO  server.RaftServerConfigKeys (ConfUtils.java:logGet(46)) - raft.server.threadpool.server.size = 0 (default)
2023-06-22 13:18:24,874 [2d8cad12-2e65-4624-85ce-d7a0d9018b77-groupManagement] INFO  server.RaftServerConfigKeys (ConfUtils.java:logGet(46)) - raft.server.threadpool.client.cached = true (default)
2023-06-22 13:18:24,874 [2d8cad12-2e65-4624-85ce-d7a0d9018b77-groupManagement] INFO  server.RaftServerConfigKeys (ConfUtils.java:logGet(46)) - raft.server.threadpool.client.size = 0 (default)
2023-06-22 13:18:24,875 [2d8cad12-2e65-4624-85ce-d7a0d9018b77-groupManagement] INFO  storage.RaftStorageDirectory (RaftStorageDirectoryImpl.java:analyzeStorage(137)) - The storage directory /home/runner/work/ozone/ozone/hadoop-ozone/integration-test/target/test-dir/MiniOzoneClusterImpl-f04ff4d6-b670-4e84-9a89-5b4d7edf6ec9/datanode-4/data/ratis/b4923f94-657f-4268-a815-943170e5b629 does not exist. Creating ...
2023-06-22 13:18:24,876 [2d8cad12-2e65-4624-85ce-d7a0d9018b77-groupManagement] INFO  storage.RaftStorageDirectory (RaftStorageDirectoryImpl.java:tryLock(231)) - Lock on /home/runner/work/ozone/ozone/hadoop-ozone/integration-test/target/test-dir/MiniOzoneClusterImpl-f04ff4d6-b670-4e84-9a89-5b4d7edf6ec9/datanode-4/data/ratis/b4923f94-657f-4268-a815-943170e5b629/in_use.lock acquired by nodename 40864@fv-az208-208
2023-06-22 13:18:24,877 [2d8cad12-2e65-4624-85ce-d7a0d9018b77-groupManagement] INFO  storage.RaftStorage (RaftStorageImpl.java:format(96)) - Storage directory /home/runner/work/ozone/ozone/hadoop-ozone/integration-test/target/test-dir/MiniOzoneClusterImpl-f04ff4d6-b670-4e84-9a89-5b4d7edf6ec9/datanode-4/data/ratis/b4923f94-657f-4268-a815-943170e5b629 has been successfully formatted.
2023-06-22 13:18:24,878 [2d8cad12-2e65-4624-85ce-d7a0d9018b77-groupManagement] INFO  ratis.ContainerStateMachine (ContainerStateMachine.java:loadSnapshot(262)) - group-943170E5B629: The snapshot info is null. Setting the last applied indexto:(t:0, i:~)
2023-06-22 13:18:24,878 [2d8cad12-2e65-4624-85ce-d7a0d9018b77-groupManagement] INFO  server.RaftServerConfigKeys (ConfUtils.java:logGet(46)) - raft.server.log.use.memory = false (default)
2023-06-22 13:18:24,878 [2d8cad12-2e65-4624-85ce-d7a0d9018b77-groupManagement] INFO  server.RaftServerConfigKeys (ConfUtils.java:logGet(46)) - raft.server.log.purge.gap = 1000000 (custom)
2023-06-22 13:18:24,879 [2d8cad12-2e65-4624-85ce-d7a0d9018b77-groupManagement] INFO  server.RaftServerConfigKeys (ConfUtils.java:logGet(46)) - raft.server.log.appender.buffer.byte-limit = 33554432 (custom)
2023-06-22 13:18:24,879 [2d8cad12-2e65-4624-85ce-d7a0d9018b77-groupManagement] INFO  server.RaftServerConfigKeys (ConfUtils.java:logGet(46)) - raft.server.log.statemachine.data.read.timeout = 1000ms (default)
2023-06-22 13:18:24,879 [2d8cad12-2e65-4624-85ce-d7a0d9018b77-groupManagement] INFO  server.RaftServerConfigKeys (ConfUtils.java:logGet(46)) - raft.server.log.purge.preservation.log.num = 0 (default)
2023-06-22 13:18:24,879 [2d8cad12-2e65-4624-85ce-d7a0d9018b77-groupManagement] INFO  server.RaftServerConfigKeys (ConfUtils.java:logGet(46)) - raft.server.log.segment.size.max = 1048576 (custom)
2023-06-22 13:18:24,879 [2d8cad12-2e65-4624-85ce-d7a0d9018b77-groupManagement] INFO  server.RaftServerConfigKeys (ConfUtils.java:logGet(46)) - raft.server.log.segment.cache.num.max = 2 (custom)
2023-06-22 13:18:24,879 [2d8cad12-2e65-4624-85ce-d7a0d9018b77-groupManagement] INFO  server.RaftServerConfigKeys (ConfUtils.java:logGet(46)) - raft.server.log.segment.cache.size.max = 200MB (=209715200) (default)
2023-06-22 13:18:24,879 [2d8cad12-2e65-4624-85ce-d7a0d9018b77-groupManagement] INFO  server.RaftServerConfigKeys (ConfUtils.java:logGet(46)) - raft.server.log.appender.buffer.byte-limit = 33554432 (custom)
2023-06-22 13:18:24,879 [2d8cad12-2e65-4624-85ce-d7a0d9018b77-groupManagement] INFO  segmented.SegmentedRaftLogWorker (SegmentedRaftLogWorker.java:<init>(188)) - new 2d8cad12-2e65-4624-85ce-d7a0d9018b77@group-943170E5B629-SegmentedRaftLogWorker for RaftStorageImpl:Storage Directory /home/runner/work/ozone/ozone/hadoop-ozone/integration-test/target/test-dir/MiniOzoneClusterImpl-f04ff4d6-b670-4e84-9a89-5b4d7edf6ec9/datanode-4/data/ratis/b4923f94-657f-4268-a815-943170e5b629
2023-06-22 13:18:24,879 [2d8cad12-2e65-4624-85ce-d7a0d9018b77-groupManagement] INFO  server.RaftServerConfigKeys (ConfUtils.java:logGet(46)) - raft.server.log.queue.byte-limit = 4294967296 (custom)
2023-06-22 13:18:24,879 [2d8cad12-2e65-4624-85ce-d7a0d9018b77-groupManagement] INFO  server.RaftServerConfigKeys (ConfUtils.java:logGet(46)) - raft.server.log.queue.element-limit = 1024 (custom)
2023-06-22 13:18:24,879 [EventQueue-PipelineReportForPipelineReportHandler] INFO  pipeline.PipelineManagerImpl (PipelineManagerImpl.java:openPipeline(367)) - Pipeline Pipeline[ Id: b4923f94-657f-4268-a815-943170e5b629, Nodes: 2d8cad12-2e65-4624-85ce-d7a0d9018b77(fv-az208-208.e0tah0prcmautdldtlfxyeofwf.cx.internal.cloudapp.net/10.1.0.30), ReplicationConfig: RATIS/ONE, State:ALLOCATED, leaderId:2d8cad12-2e65-4624-85ce-d7a0d9018b77, CreationTimestamp2023-06-22T13:18:21.872Z[Etc/UTC]] moved to OPEN state
2023-06-22 13:18:24,879 [2d8cad12-2e65-4624-85ce-d7a0d9018b77-groupManagement] INFO  server.RaftServerConfigKeys (ConfUtils.java:logGet(46)) - raft.server.log.segment.size.max = 1048576 (custom)
2023-06-22 13:18:24,880 [2d8cad12-2e65-4624-85ce-d7a0d9018b77-groupManagement] INFO  server.RaftServerConfigKeys (ConfUtils.java:logGet(46)) - raft.server.log.preallocated.size = 16384 (custom)
2023-06-22 13:18:24,880 [2d8cad12-2e65-4624-85ce-d7a0d9018b77-groupManagement] INFO  server.RaftServerConfigKeys (ConfUtils.java:logGet(46)) - raft.server.log.force.sync.num = 128 (default)
2023-06-22 13:18:24,880 [2d8cad12-2e65-4624-85ce-d7a0d9018b77-groupManagement] INFO  server.RaftServerConfigKeys (ConfUtils.java:logGet(46)) - raft.server.log.statemachine.data.sync = true (default)
2023-06-22 13:18:24,880 [2d8cad12-2e65-4624-85ce-d7a0d9018b77-groupManagement] INFO  server.RaftServerConfigKeys (ConfUtils.java:logGet(46)) - raft.server.log.statemachine.data.sync.timeout = 10s (default)
2023-06-22 13:18:24,880 [2d8cad12-2e65-4624-85ce-d7a0d9018b77-groupManagement] INFO  server.RaftServerConfigKeys (ConfUtils.java:logGet(46)) - raft.server.log.statemachine.data.sync.timeout.retry = -1 (default)
2023-06-22 13:18:24,880 [EventQueue-OpenPipelineForHealthyPipelineSafeModeRule] INFO  safemode.SCMSafeModeManager (HealthyPipelineSafeModeRule.java:process(137)) - SCM in safe mode. Healthy pipelines reported count is 0, required healthy pipeline reported count is 1
2023-06-22 13:18:24,880 [2d8cad12-2e65-4624-85ce-d7a0d9018b77-groupManagement] INFO  server.RaftServerConfigKeys (ConfUtils.java:logGet(46)) - raft.server.log.write.buffer.size = 1048576 (custom)
2023-06-22 13:18:24,880 [2d8cad12-2e65-4624-85ce-d7a0d9018b77-groupManagement] INFO  server.RaftServerConfigKeys (ConfUtils.java:logGet(46)) - raft.server.log.appender.buffer.byte-limit = 33554432 (custom)
2023-06-22 13:18:24,883 [2d8cad12-2e65-4624-85ce-d7a0d9018b77-groupManagement] INFO  server.RaftServerConfigKeys (ConfUtils.java:logGet(46)) - raft.server.log.unsafe-flush.enabled = false (default)
2023-06-22 13:18:24,883 [2d8cad12-2e65-4624-85ce-d7a0d9018b77-groupManagement] INFO  server.RaftServerConfigKeys (ConfUtils.java:logGet(46)) - raft.server.log.async-flush.enabled = false (default)
2023-06-22 13:18:24,883 [2d8cad12-2e65-4624-85ce-d7a0d9018b77-groupManagement] INFO  server.RaftServerConfigKeys (ConfUtils.java:logGet(46)) - raft.server.log.statemachine.data.caching.enabled = true (custom)
2023-06-22 13:18:24,883 [2d8cad12-2e65-4624-85ce-d7a0d9018b77-groupManagement] INFO  segmented.SegmentedRaftLogWorker (SegmentedRaftLogWorker.java:lambda$new$0(135)) - 2d8cad12-2e65-4624-85ce-d7a0d9018b77@group-943170E5B629-SegmentedRaftLogWorker: flushIndex: setUnconditionally 0 -> -1
2023-06-22 13:18:24,883 [2d8cad12-2e65-4624-85ce-d7a0d9018b77-groupManagement] INFO  segmented.SegmentedRaftLogWorker (SegmentedRaftLogWorker.java:lambda$new$0(135)) - 2d8cad12-2e65-4624-85ce-d7a0d9018b77@group-943170E5B629-SegmentedRaftLogWorker: safeCacheEvictIndex: setUnconditionally 0 -> -1
2023-06-22 13:18:24,884 [2d8cad12-2e65-4624-85ce-d7a0d9018b77-groupManagement] INFO  server.RaftServer$Division (RaftServerImpl.java:start(342)) - 2d8cad12-2e65-4624-85ce-d7a0d9018b77@group-943170E5B629: start as a follower, conf=-1: peers:[2d8cad12-2e65-4624-85ce-d7a0d9018b77|rpc:10.1.0.30:15103|admin:10.1.0.30:15102|client:10.1.0.30:15101|dataStream:10.1.0.30:15104|priority:1|startupRole:FOLLOWER]|listeners:[], old=null
2023-06-22 13:18:24,884 [2d8cad12-2e65-4624-85ce-d7a0d9018b77-groupManagement] INFO  server.RaftServer$Division (RaftServerImpl.java:setRole(329)) - 2d8cad12-2e65-4624-85ce-d7a0d9018b77@group-943170E5B629: changes role from      null to FOLLOWER at term 0 for startAsFollower
2023-06-22 13:18:24,884 [2d8cad12-2e65-4624-85ce-d7a0d9018b77-groupManagement] INFO  impl.RoleInfo (RoleInfo.java:updateAndGet(139)) - 2d8cad12-2e65-4624-85ce-d7a0d9018b77: start 2d8cad12-2e65-4624-85ce-d7a0d9018b77@group-943170E5B629-FollowerState
2023-06-22 13:18:24,884 [2d8cad12-2e65-4624-85ce-d7a0d9018b77-groupManagement] INFO  util.JmxRegister (JmxRegister.java:tryRegister(44)) - Successfully registered JMX Bean with object name Ratis:service=RaftServer,group=group-943170E5B629,id=2d8cad12-2e65-4624-85ce-d7a0d9018b77
2023-06-22 13:18:24,884 [2d8cad12-2e65-4624-85ce-d7a0d9018b77-groupManagement] INFO  server.RaftServerConfigKeys (ConfUtils.java:logGet(46)) - raft.server.snapshot.auto.trigger.enabled = true (custom)
2023-06-22 13:18:24,884 [2d8cad12-2e65-4624-85ce-d7a0d9018b77-groupManagement] INFO  server.RaftServerConfigKeys (ConfUtils.java:logGet(46)) - raft.server.snapshot.auto.trigger.threshold = 10000 (custom)
2023-06-22 13:18:24,884 [2d8cad12-2e65-4624-85ce-d7a0d9018b77-groupManagement] INFO  server.RaftServerConfigKeys (ConfUtils.java:logGet(46)) - raft.server.snapshot.retention.file.num = 5 (custom)
2023-06-22 13:18:24,884 [2d8cad12-2e65-4624-85ce-d7a0d9018b77-groupManagement] INFO  server.RaftServerConfigKeys (ConfUtils.java:logGet(46)) - raft.server.log.purge.upto.snapshot.index = false (default)
2023-06-22 13:18:24,885 [2d8cad12-2e65-4624-85ce-d7a0d9018b77@group-943170E5B629-FollowerState] INFO  server.RaftServerConfigKeys (ConfUtils.java:logFallback(53)) - raft.server.rpc.first-election.timeout.min = 5s (fallback to raft.server.rpc.timeout.min)
2023-06-22 13:18:24,885 [2d8cad12-2e65-4624-85ce-d7a0d9018b77@group-943170E5B629-FollowerState] INFO  server.RaftServerConfigKeys (ConfUtils.java:logFallback(53)) - raft.server.rpc.first-election.timeout.max = 5200ms (fallback to raft.server.rpc.timeout.max)
2023-06-22 13:18:24,885 [PipelineCommandHandlerThread-0] INFO  ratis.XceiverServerRatis (XceiverServerRatis.java:addGroup(804)) - Created group PipelineID=b4923f94-657f-4268-a815-943170e5b629
2023-06-22 13:18:24,885 [PipelineCommandHandlerThread-0] INFO  commandhandler.CreatePipelineCommandHandler (CreatePipelineCommandHandler.java:lambda$handle$2(124)) - Created Pipeline RATIS ONE PipelineID=b4923f94-657f-4268-a815-943170e5b629.
2023-06-22 13:18:25,870 [main] INFO  ozone.MiniOzoneClusterImpl (MiniOzoneClusterImpl.java:lambda$waitForClusterToBeReady$0(224)) - Nodes are ready. Got 5 of 5 DN Heartbeats.
2023-06-22 13:18:25,871 [main] INFO  ozone.MiniOzoneClusterImpl (MiniOzoneClusterImpl.java:lambda$waitForClusterToBeReady$0(227)) - Waiting for cluster to exit safe mode
2023-06-22 13:18:25,871 [main] INFO  ozone.MiniOzoneClusterImpl (MiniOzoneClusterImpl.java:lambda$waitForClusterToBeReady$0(229)) - SCM became leader
2023-06-22 13:18:26,871 [main] INFO  ozone.MiniOzoneClusterImpl (MiniOzoneClusterImpl.java:lambda$waitForClusterToBeReady$0(224)) - Nodes are ready. Got 5 of 5 DN Heartbeats.
2023-06-22 13:18:26,871 [main] INFO  ozone.MiniOzoneClusterImpl (MiniOzoneClusterImpl.java:lambda$waitForClusterToBeReady$0(227)) - Waiting for cluster to exit safe mode
2023-06-22 13:18:26,871 [main] INFO  ozone.MiniOzoneClusterImpl (MiniOzoneClusterImpl.java:lambda$waitForClusterToBeReady$0(229)) - SCM became leader
2023-06-22 13:18:27,871 [main] INFO  ozone.MiniOzoneClusterImpl (MiniOzoneClusterImpl.java:lambda$waitForClusterToBeReady$0(224)) - Nodes are ready. Got 5 of 5 DN Heartbeats.
2023-06-22 13:18:27,872 [main] INFO  ozone.MiniOzoneClusterImpl (MiniOzoneClusterImpl.java:lambda$waitForClusterToBeReady$0(227)) - Waiting for cluster to exit safe mode
2023-06-22 13:18:27,872 [main] INFO  ozone.MiniOzoneClusterImpl (MiniOzoneClusterImpl.java:lambda$waitForClusterToBeReady$0(229)) - SCM became leader
2023-06-22 13:18:28,670 [f6e3fb16-2d06-4033-8c03-0f6e278ccaca@group-7C8C80A41445-FollowerState] INFO  impl.FollowerState (FollowerState.java:run(143)) - f6e3fb16-2d06-4033-8c03-0f6e278ccaca@group-7C8C80A41445-FollowerState: change to CANDIDATE, lastRpcElapsedTime:5050087657ns, electionTimeout:5046ms
2023-06-22 13:18:28,671 [f6e3fb16-2d06-4033-8c03-0f6e278ccaca@group-7C8C80A41445-FollowerState] INFO  impl.RoleInfo (RoleInfo.java:shutdownFollowerState(110)) - f6e3fb16-2d06-4033-8c03-0f6e278ccaca: shutdown f6e3fb16-2d06-4033-8c03-0f6e278ccaca@group-7C8C80A41445-FollowerState
2023-06-22 13:18:28,671 [f6e3fb16-2d06-4033-8c03-0f6e278ccaca@group-7C8C80A41445-FollowerState] INFO  server.RaftServer$Division (RaftServerImpl.java:setRole(329)) - f6e3fb16-2d06-4033-8c03-0f6e278ccaca@group-7C8C80A41445: changes role from  FOLLOWER to CANDIDATE at term 0 for changeToCandidate
2023-06-22 13:18:28,671 [f6e3fb16-2d06-4033-8c03-0f6e278ccaca@group-7C8C80A41445-FollowerState] INFO  server.RaftServerConfigKeys (ConfUtils.java:logGet(46)) - raft.server.leaderelection.pre-vote = true (default)
2023-06-22 13:18:28,671 [f6e3fb16-2d06-4033-8c03-0f6e278ccaca@group-7C8C80A41445-FollowerState] INFO  impl.RoleInfo (RoleInfo.java:updateAndGet(139)) - f6e3fb16-2d06-4033-8c03-0f6e278ccaca: start f6e3fb16-2d06-4033-8c03-0f6e278ccaca@group-7C8C80A41445-LeaderElection11
2023-06-22 13:18:28,673 [f6e3fb16-2d06-4033-8c03-0f6e278ccaca@group-7C8C80A41445-LeaderElection11] INFO  impl.LeaderElection (LeaderElection.java:askForVotes(321)) - f6e3fb16-2d06-4033-8c03-0f6e278ccaca@group-7C8C80A41445-LeaderElection11 PRE_VOTE round 0: submit vote requests at term 0 for -1: peers:[f6e3fb16-2d06-4033-8c03-0f6e278ccaca|rpc:10.1.0.30:15067|admin:10.1.0.30:15066|client:10.1.0.30:15065|dataStream:10.1.0.30:15068|priority:1|startupRole:FOLLOWER]|listeners:[], old=null
2023-06-22 13:18:28,673 [f6e3fb16-2d06-4033-8c03-0f6e278ccaca@group-7C8C80A41445-LeaderElection11] INFO  impl.LeaderElection (LeaderElection.java:askForVotes(323)) - f6e3fb16-2d06-4033-8c03-0f6e278ccaca@group-7C8C80A41445-LeaderElection11 PRE_VOTE round 0: result PASSED (term=0)
2023-06-22 13:18:28,674 [f6e3fb16-2d06-4033-8c03-0f6e278ccaca@group-7C8C80A41445-LeaderElection11] INFO  impl.LeaderElection (LeaderElection.java:askForVotes(321)) - f6e3fb16-2d06-4033-8c03-0f6e278ccaca@group-7C8C80A41445-LeaderElection11 ELECTION round 0: submit vote requests at term 1 for -1: peers:[f6e3fb16-2d06-4033-8c03-0f6e278ccaca|rpc:10.1.0.30:15067|admin:10.1.0.30:15066|client:10.1.0.30:15065|dataStream:10.1.0.30:15068|priority:1|startupRole:FOLLOWER]|listeners:[], old=null
2023-06-22 13:18:28,674 [f6e3fb16-2d06-4033-8c03-0f6e278ccaca@group-7C8C80A41445-LeaderElection11] INFO  impl.LeaderElection (LeaderElection.java:askForVotes(323)) - f6e3fb16-2d06-4033-8c03-0f6e278ccaca@group-7C8C80A41445-LeaderElection11 ELECTION round 0: result PASSED (term=1)
2023-06-22 13:18:28,674 [f6e3fb16-2d06-4033-8c03-0f6e278ccaca@group-7C8C80A41445-LeaderElection11] INFO  impl.RoleInfo (RoleInfo.java:shutdownLeaderElection(130)) - f6e3fb16-2d06-4033-8c03-0f6e278ccaca: shutdown f6e3fb16-2d06-4033-8c03-0f6e278ccaca@group-7C8C80A41445-LeaderElection11
2023-06-22 13:18:28,674 [f6e3fb16-2d06-4033-8c03-0f6e278ccaca@group-7C8C80A41445-LeaderElection11] INFO  server.RaftServer$Division (RaftServerImpl.java:setRole(329)) - f6e3fb16-2d06-4033-8c03-0f6e278ccaca@group-7C8C80A41445: changes role from CANDIDATE to LEADER at term 1 for changeToLeader
2023-06-22 13:18:28,675 [f6e3fb16-2d06-4033-8c03-0f6e278ccaca@group-7C8C80A41445-LeaderElection11] INFO  ratis.XceiverServerRatis (XceiverServerRatis.java:handleLeaderChangedNotification(902)) - Leader change notification received for group: group-7C8C80A41445 with new leaderId: f6e3fb16-2d06-4033-8c03-0f6e278ccaca
2023-06-22 13:18:28,675 [f6e3fb16-2d06-4033-8c03-0f6e278ccaca@group-7C8C80A41445-LeaderElection11] INFO  server.RaftServer$Division (ServerState.java:setLeader(317)) - f6e3fb16-2d06-4033-8c03-0f6e278ccaca@group-7C8C80A41445: change Leader from null to f6e3fb16-2d06-4033-8c03-0f6e278ccaca at term 1 for becomeLeader, leader elected after 5069ms
2023-06-22 13:18:28,675 [f6e3fb16-2d06-4033-8c03-0f6e278ccaca@group-7C8C80A41445-LeaderElection11] INFO  server.RaftServerConfigKeys (ConfUtils.java:logGet(46)) - raft.server.staging.catchup.gap = 1000 (default)
2023-06-22 13:18:28,675 [f6e3fb16-2d06-4033-8c03-0f6e278ccaca@group-7C8C80A41445-LeaderElection11] INFO  server.RaftServerConfigKeys (ConfUtils.java:logGet(46)) - raft.server.write.element-limit = 1024 (custom)
2023-06-22 13:18:28,675 [f6e3fb16-2d06-4033-8c03-0f6e278ccaca@group-7C8C80A41445-LeaderElection11] INFO  server.RaftServerConfigKeys (ConfUtils.java:logGet(46)) - raft.server.write.byte-limit = 1024 M (=1073741824) (custom)
2023-06-22 13:18:28,675 [f6e3fb16-2d06-4033-8c03-0f6e278ccaca@group-7C8C80A41445-LeaderElection11] INFO  server.RaftServerConfigKeys (ConfUtils.java:logGet(46)) - raft.server.watch.timeout = 180s (custom)
2023-06-22 13:18:28,675 [EventQueue-OpenPipelineForHealthyPipelineSafeModeRule] INFO  safemode.SCMSafeModeManager (HealthyPipelineSafeModeRule.java:process(137)) - SCM in safe mode. Healthy pipelines reported count is 0, required healthy pipeline reported count is 1
2023-06-22 13:18:28,676 [f6e3fb16-2d06-4033-8c03-0f6e278ccaca@group-7C8C80A41445-LeaderElection11] INFO  server.RaftServerConfigKeys (ConfUtils.java:logGet(46)) - raft.server.watch.timeout.denomination = 1s (default)
2023-06-22 13:18:28,676 [f6e3fb16-2d06-4033-8c03-0f6e278ccaca@group-7C8C80A41445-LeaderElection11] INFO  server.RaftServerConfigKeys (ConfUtils.java:logGet(46)) - raft.server.watch.element-limit = 65536 (default)
2023-06-22 13:18:28,676 [f6e3fb16-2d06-4033-8c03-0f6e278ccaca@group-7C8C80A41445-LeaderElection11] INFO  server.RaftServerConfigKeys (ConfUtils.java:logGet(46)) - raft.server.write.element-limit = 1024 (custom)
2023-06-22 13:18:28,676 [f6e3fb16-2d06-4033-8c03-0f6e278ccaca@group-7C8C80A41445-LeaderElection11] INFO  server.RaftServerConfigKeys (ConfUtils.java:logGet(46)) - raft.server.write.follower.gap.ratio.max = -1.0 (default)
2023-06-22 13:18:28,676 [f6e3fb16-2d06-4033-8c03-0f6e278ccaca@group-7C8C80A41445-LeaderElection11] INFO  impl.RoleInfo (RoleInfo.java:updateAndGet(139)) - f6e3fb16-2d06-4033-8c03-0f6e278ccaca: start f6e3fb16-2d06-4033-8c03-0f6e278ccaca@group-7C8C80A41445-LeaderStateImpl
2023-06-22 13:18:28,676 [f6e3fb16-2d06-4033-8c03-0f6e278ccaca@group-7C8C80A41445-LeaderElection11] INFO  segmented.SegmentedRaftLogWorker (SegmentedRaftLogWorker.java:startLogSegment(447)) - f6e3fb16-2d06-4033-8c03-0f6e278ccaca@group-7C8C80A41445-SegmentedRaftLogWorker: Starting segment from index:0
2023-06-22 13:18:28,680 [f6e3fb16-2d06-4033-8c03-0f6e278ccaca@group-7C8C80A41445-LeaderElection11] INFO  server.RaftServer$Division (ServerState.java:setRaftConf(434)) - f6e3fb16-2d06-4033-8c03-0f6e278ccaca@group-7C8C80A41445: set configuration 0: peers:[f6e3fb16-2d06-4033-8c03-0f6e278ccaca|rpc:10.1.0.30:15067|admin:10.1.0.30:15066|client:10.1.0.30:15065|dataStream:10.1.0.30:15068|priority:1|startupRole:FOLLOWER]|listeners:[], old=null
2023-06-22 13:18:28,683 [f6e3fb16-2d06-4033-8c03-0f6e278ccaca@group-7C8C80A41445-SegmentedRaftLogWorker] INFO  segmented.SegmentedRaftLogWorker (SegmentedRaftLogWorker.java:execute(651)) - f6e3fb16-2d06-4033-8c03-0f6e278ccaca@group-7C8C80A41445-SegmentedRaftLogWorker: created new log segment /home/runner/work/ozone/ozone/hadoop-ozone/integration-test/target/test-dir/MiniOzoneClusterImpl-f04ff4d6-b670-4e84-9a89-5b4d7edf6ec9/datanode-0/data/ratis/ae8ec43c-0f68-4c13-8aab-7c8c80a41445/current/log_inprogress_0
2023-06-22 13:18:28,702 [f6e3fb16-2d06-4033-8c03-0f6e278ccaca@group-0DC7FCBF11DF-FollowerState] INFO  impl.FollowerState (FollowerState.java:run(143)) - f6e3fb16-2d06-4033-8c03-0f6e278ccaca@group-0DC7FCBF11DF-FollowerState: change to CANDIDATE, lastRpcElapsedTime:5061289657ns, electionTimeout:5058ms
2023-06-22 13:18:28,702 [f6e3fb16-2d06-4033-8c03-0f6e278ccaca@group-0DC7FCBF11DF-FollowerState] INFO  impl.RoleInfo (RoleInfo.java:shutdownFollowerState(110)) - f6e3fb16-2d06-4033-8c03-0f6e278ccaca: shutdown f6e3fb16-2d06-4033-8c03-0f6e278ccaca@group-0DC7FCBF11DF-FollowerState
2023-06-22 13:18:28,702 [f6e3fb16-2d06-4033-8c03-0f6e278ccaca@group-0DC7FCBF11DF-FollowerState] INFO  server.RaftServer$Division (RaftServerImpl.java:setRole(329)) - f6e3fb16-2d06-4033-8c03-0f6e278ccaca@group-0DC7FCBF11DF: changes role from  FOLLOWER to CANDIDATE at term 0 for changeToCandidate
2023-06-22 13:18:28,702 [f6e3fb16-2d06-4033-8c03-0f6e278ccaca@group-0DC7FCBF11DF-FollowerState] INFO  server.RaftServerConfigKeys (ConfUtils.java:logGet(46)) - raft.server.leaderelection.pre-vote = true (default)
2023-06-22 13:18:28,702 [f6e3fb16-2d06-4033-8c03-0f6e278ccaca@group-0DC7FCBF11DF-FollowerState] INFO  impl.RoleInfo (RoleInfo.java:updateAndGet(139)) - f6e3fb16-2d06-4033-8c03-0f6e278ccaca: start f6e3fb16-2d06-4033-8c03-0f6e278ccaca@group-0DC7FCBF11DF-LeaderElection12
2023-06-22 13:18:28,705 [f6e3fb16-2d06-4033-8c03-0f6e278ccaca@group-0DC7FCBF11DF-LeaderElection12] INFO  impl.LeaderElection (LeaderElection.java:askForVotes(321)) - f6e3fb16-2d06-4033-8c03-0f6e278ccaca@group-0DC7FCBF11DF-LeaderElection12 PRE_VOTE round 0: submit vote requests at term 0 for -1: peers:[f6e3fb16-2d06-4033-8c03-0f6e278ccaca|rpc:10.1.0.30:15067|admin:10.1.0.30:15066|client:10.1.0.30:15065|dataStream:10.1.0.30:15068|priority:0|startupRole:FOLLOWER, f35f0a8c-90e3-4c0e-82f0-ebea9a45f0ef|rpc:10.1.0.30:15085|admin:10.1.0.30:15084|client:10.1.0.30:15083|dataStream:10.1.0.30:15086|priority:0|startupRole:FOLLOWER, 2f5d805c-9187-458a-a4cb-1b814143bdc5|rpc:10.1.0.30:15076|admin:10.1.0.30:15075|client:10.1.0.30:15074|dataStream:10.1.0.30:15077|priority:1|startupRole:FOLLOWER]|listeners:[], old=null
2023-06-22 13:18:28,706 [f6e3fb16-2d06-4033-8c03-0f6e278ccaca@group-0DC7FCBF11DF-LeaderElection12-1] INFO  server.GrpcServerProtocolClient (GrpcServerProtocolClient.java:<init>(65)) - Build channel for f35f0a8c-90e3-4c0e-82f0-ebea9a45f0ef
2023-06-22 13:18:28,711 [f6e3fb16-2d06-4033-8c03-0f6e278ccaca@group-0DC7FCBF11DF-LeaderElection12] INFO  server.RaftServerConfigKeys (ConfUtils.java:logFallback(53)) - raft.server.rpc.first-election.timeout.min = 5s (fallback to raft.server.rpc.timeout.min)
2023-06-22 13:18:28,711 [f6e3fb16-2d06-4033-8c03-0f6e278ccaca@group-0DC7FCBF11DF-LeaderElection12] INFO  server.RaftServerConfigKeys (ConfUtils.java:logFallback(53)) - raft.server.rpc.first-election.timeout.max = 5200ms (fallback to raft.server.rpc.timeout.max)
2023-06-22 13:18:28,713 [f6e3fb16-2d06-4033-8c03-0f6e278ccaca@group-0DC7FCBF11DF-LeaderElection12-2] INFO  server.GrpcServerProtocolClient (GrpcServerProtocolClient.java:<init>(65)) - Build channel for 2f5d805c-9187-458a-a4cb-1b814143bdc5
2023-06-22 13:18:28,715 [grpc-default-executor-10] INFO  server.RaftServer$Division (RaftServerImpl.java:requestVote(1302)) - f35f0a8c-90e3-4c0e-82f0-ebea9a45f0ef@group-0DC7FCBF11DF: receive requestVote(PRE_VOTE, f6e3fb16-2d06-4033-8c03-0f6e278ccaca, group-0DC7FCBF11DF, 0, (t:0, i:0))
2023-06-22 13:18:28,715 [grpc-default-executor-10] INFO  impl.VoteContext (VoteContext.java:log(49)) - f35f0a8c-90e3-4c0e-82f0-ebea9a45f0ef@group-0DC7FCBF11DF-FOLLOWER: accept PRE_VOTE from f6e3fb16-2d06-4033-8c03-0f6e278ccaca: our priority 0 <= candidate's priority 0
2023-06-22 13:18:28,715 [grpc-default-executor-10] INFO  server.RaftServer$Division (RaftServerImpl.java:requestVote(1335)) - f35f0a8c-90e3-4c0e-82f0-ebea9a45f0ef@group-0DC7FCBF11DF replies to PRE_VOTE vote request: f6e3fb16-2d06-4033-8c03-0f6e278ccaca<-f35f0a8c-90e3-4c0e-82f0-ebea9a45f0ef#0:OK-t0. Peer's state: f35f0a8c-90e3-4c0e-82f0-ebea9a45f0ef@group-0DC7FCBF11DF:t0, leader=null, voted=, raftlog=Memoized:f35f0a8c-90e3-4c0e-82f0-ebea9a45f0ef@group-0DC7FCBF11DF-SegmentedRaftLog:OPENED:c-1, conf=-1: peers:[f6e3fb16-2d06-4033-8c03-0f6e278ccaca|rpc:10.1.0.30:15067|admin:10.1.0.30:15066|client:10.1.0.30:15065|dataStream:10.1.0.30:15068|priority:0|startupRole:FOLLOWER, f35f0a8c-90e3-4c0e-82f0-ebea9a45f0ef|rpc:10.1.0.30:15085|admin:10.1.0.30:15084|client:10.1.0.30:15083|dataStream:10.1.0.30:15086|priority:0|startupRole:FOLLOWER, 2f5d805c-9187-458a-a4cb-1b814143bdc5|rpc:10.1.0.30:15076|admin:10.1.0.30:15075|client:10.1.0.30:15074|dataStream:10.1.0.30:15077|priority:1|startupRole:FOLLOWER]|listeners:[], old=null
2023-06-22 13:18:28,725 [grpc-default-executor-10] INFO  server.RaftServer$Division (RaftServerImpl.java:requestVote(1302)) - 2f5d805c-9187-458a-a4cb-1b814143bdc5@group-0DC7FCBF11DF: receive requestVote(PRE_VOTE, f6e3fb16-2d06-4033-8c03-0f6e278ccaca, group-0DC7FCBF11DF, 0, (t:0, i:0))
2023-06-22 13:18:28,726 [grpc-default-executor-10] INFO  impl.VoteContext (VoteContext.java:log(49)) - 2f5d805c-9187-458a-a4cb-1b814143bdc5@group-0DC7FCBF11DF-FOLLOWER: reject PRE_VOTE from f6e3fb16-2d06-4033-8c03-0f6e278ccaca: our priority 1 > candidate's priority 0
2023-06-22 13:18:28,726 [grpc-default-executor-10] INFO  server.RaftServer$Division (RaftServerImpl.java:requestVote(1335)) - 2f5d805c-9187-458a-a4cb-1b814143bdc5@group-0DC7FCBF11DF replies to PRE_VOTE vote request: f6e3fb16-2d06-4033-8c03-0f6e278ccaca<-2f5d805c-9187-458a-a4cb-1b814143bdc5#0:FAIL-t0. Peer's state: 2f5d805c-9187-458a-a4cb-1b814143bdc5@group-0DC7FCBF11DF:t0, leader=null, voted=, raftlog=Memoized:2f5d805c-9187-458a-a4cb-1b814143bdc5@group-0DC7FCBF11DF-SegmentedRaftLog:OPENED:c-1, conf=-1: peers:[f6e3fb16-2d06-4033-8c03-0f6e278ccaca|rpc:10.1.0.30:15067|admin:10.1.0.30:15066|client:10.1.0.30:15065|dataStream:10.1.0.30:15068|priority:0|startupRole:FOLLOWER, f35f0a8c-90e3-4c0e-82f0-ebea9a45f0ef|rpc:10.1.0.30:15085|admin:10.1.0.30:15084|client:10.1.0.30:15083|dataStream:10.1.0.30:15086|priority:0|startupRole:FOLLOWER, 2f5d805c-9187-458a-a4cb-1b814143bdc5|rpc:10.1.0.30:15076|admin:10.1.0.30:15075|client:10.1.0.30:15074|dataStream:10.1.0.30:15077|priority:1|startupRole:FOLLOWER]|listeners:[], old=null
2023-06-22 13:18:28,728 [f6e3fb16-2d06-4033-8c03-0f6e278ccaca@group-0DC7FCBF11DF-LeaderElection12] INFO  impl.LeaderElection (LeaderElection.java:logAndReturn(90)) - f6e3fb16-2d06-4033-8c03-0f6e278ccaca@group-0DC7FCBF11DF-LeaderElection12: PRE_VOTE REJECTED received 2 response(s) and 0 exception(s):
2023-06-22 13:18:28,728 [f6e3fb16-2d06-4033-8c03-0f6e278ccaca@group-0DC7FCBF11DF-LeaderElection12] INFO  impl.LeaderElection (LeaderElection.java:logAndReturn(94)) -   Response 0: f6e3fb16-2d06-4033-8c03-0f6e278ccaca<-f35f0a8c-90e3-4c0e-82f0-ebea9a45f0ef#0:OK-t0
2023-06-22 13:18:28,728 [f6e3fb16-2d06-4033-8c03-0f6e278ccaca@group-0DC7FCBF11DF-LeaderElection12] INFO  impl.LeaderElection (LeaderElection.java:logAndReturn(94)) -   Response 1: f6e3fb16-2d06-4033-8c03-0f6e278ccaca<-2f5d805c-9187-458a-a4cb-1b814143bdc5#0:FAIL-t0
2023-06-22 13:18:28,728 [f6e3fb16-2d06-4033-8c03-0f6e278ccaca@group-0DC7FCBF11DF-LeaderElection12] INFO  impl.LeaderElection (LeaderElection.java:askForVotes(323)) - f6e3fb16-2d06-4033-8c03-0f6e278ccaca@group-0DC7FCBF11DF-LeaderElection12 PRE_VOTE round 0: result REJECTED
2023-06-22 13:18:28,728 [f6e3fb16-2d06-4033-8c03-0f6e278ccaca@group-0DC7FCBF11DF-LeaderElection12] INFO  server.RaftServer$Division (RaftServerImpl.java:setRole(329)) - f6e3fb16-2d06-4033-8c03-0f6e278ccaca@group-0DC7FCBF11DF: changes role from CANDIDATE to FOLLOWER at term 0 for REJECTED
2023-06-22 13:18:28,728 [f6e3fb16-2d06-4033-8c03-0f6e278ccaca@group-0DC7FCBF11DF-LeaderElection12] INFO  impl.RoleInfo (RoleInfo.java:shutdownLeaderElection(130)) - f6e3fb16-2d06-4033-8c03-0f6e278ccaca: shutdown f6e3fb16-2d06-4033-8c03-0f6e278ccaca@group-0DC7FCBF11DF-LeaderElection12
2023-06-22 13:18:28,728 [f6e3fb16-2d06-4033-8c03-0f6e278ccaca@group-0DC7FCBF11DF-LeaderElection12] INFO  impl.RoleInfo (RoleInfo.java:updateAndGet(139)) - f6e3fb16-2d06-4033-8c03-0f6e278ccaca: start f6e3fb16-2d06-4033-8c03-0f6e278ccaca@group-0DC7FCBF11DF-FollowerState
2023-06-22 13:18:28,739 [f35f0a8c-90e3-4c0e-82f0-ebea9a45f0ef@group-0DC7FCBF11DF-FollowerState] INFO  server.RaftServerConfigKeys (ConfUtils.java:logFallback(53)) - raft.server.rpc.first-election.timeout.min = 5s (fallback to raft.server.rpc.timeout.min)
2023-06-22 13:18:28,739 [f35f0a8c-90e3-4c0e-82f0-ebea9a45f0ef@group-0DC7FCBF11DF-FollowerState] INFO  server.RaftServerConfigKeys (ConfUtils.java:logFallback(53)) - raft.server.rpc.first-election.timeout.max = 5200ms (fallback to raft.server.rpc.timeout.max)
2023-06-22 13:18:28,872 [main] INFO  ozone.MiniOzoneClusterImpl (MiniOzoneClusterImpl.java:lambda$waitForClusterToBeReady$0(224)) - Nodes are ready. Got 5 of 5 DN Heartbeats.
2023-06-22 13:18:28,872 [main] INFO  ozone.MiniOzoneClusterImpl (MiniOzoneClusterImpl.java:lambda$waitForClusterToBeReady$0(227)) - Waiting for cluster to exit safe mode
2023-06-22 13:18:28,872 [main] INFO  ozone.MiniOzoneClusterImpl (MiniOzoneClusterImpl.java:lambda$waitForClusterToBeReady$0(229)) - SCM became leader
2023-06-22 13:18:28,885 [2f5d805c-9187-458a-a4cb-1b814143bdc5@group-0DC7FCBF11DF-FollowerState] INFO  impl.FollowerState (FollowerState.java:run(143)) - 2f5d805c-9187-458a-a4cb-1b814143bdc5@group-0DC7FCBF11DF-FollowerState: change to CANDIDATE, lastRpcElapsedTime:5161614369ns, electionTimeout:5156ms
2023-06-22 13:18:28,885 [2f5d805c-9187-458a-a4cb-1b814143bdc5@group-0DC7FCBF11DF-FollowerState] INFO  impl.RoleInfo (RoleInfo.java:shutdownFollowerState(110)) - 2f5d805c-9187-458a-a4cb-1b814143bdc5: shutdown 2f5d805c-9187-458a-a4cb-1b814143bdc5@group-0DC7FCBF11DF-FollowerState
2023-06-22 13:18:28,885 [2f5d805c-9187-458a-a4cb-1b814143bdc5@group-0DC7FCBF11DF-FollowerState] INFO  server.RaftServer$Division (RaftServerImpl.java:setRole(329)) - 2f5d805c-9187-458a-a4cb-1b814143bdc5@group-0DC7FCBF11DF: changes role from  FOLLOWER to CANDIDATE at term 0 for changeToCandidate
2023-06-22 13:18:28,885 [2f5d805c-9187-458a-a4cb-1b814143bdc5@group-0DC7FCBF11DF-FollowerState] INFO  server.RaftServerConfigKeys (ConfUtils.java:logGet(46)) - raft.server.leaderelection.pre-vote = true (default)
2023-06-22 13:18:28,885 [2f5d805c-9187-458a-a4cb-1b814143bdc5@group-0DC7FCBF11DF-FollowerState] INFO  impl.RoleInfo (RoleInfo.java:updateAndGet(139)) - 2f5d805c-9187-458a-a4cb-1b814143bdc5: start 2f5d805c-9187-458a-a4cb-1b814143bdc5@group-0DC7FCBF11DF-LeaderElection13
2023-06-22 13:18:28,886 [2f5d805c-9187-458a-a4cb-1b814143bdc5@group-0DC7FCBF11DF-LeaderElection13] INFO  impl.LeaderElection (LeaderElection.java:askForVotes(321)) - 2f5d805c-9187-458a-a4cb-1b814143bdc5@group-0DC7FCBF11DF-LeaderElection13 PRE_VOTE round 0: submit vote requests at term 0 for -1: peers:[f6e3fb16-2d06-4033-8c03-0f6e278ccaca|rpc:10.1.0.30:15067|admin:10.1.0.30:15066|client:10.1.0.30:15065|dataStream:10.1.0.30:15068|priority:0|startupRole:FOLLOWER, f35f0a8c-90e3-4c0e-82f0-ebea9a45f0ef|rpc:10.1.0.30:15085|admin:10.1.0.30:15084|client:10.1.0.30:15083|dataStream:10.1.0.30:15086|priority:0|startupRole:FOLLOWER, 2f5d805c-9187-458a-a4cb-1b814143bdc5|rpc:10.1.0.30:15076|admin:10.1.0.30:15075|client:10.1.0.30:15074|dataStream:10.1.0.30:15077|priority:1|startupRole:FOLLOWER]|listeners:[], old=null
2023-06-22 13:18:28,886 [2f5d805c-9187-458a-a4cb-1b814143bdc5@group-0DC7FCBF11DF-LeaderElection13] INFO  server.RaftServerConfigKeys (ConfUtils.java:logFallback(53)) - raft.server.rpc.first-election.timeout.min = 5s (fallback to raft.server.rpc.timeout.min)
2023-06-22 13:18:28,886 [2f5d805c-9187-458a-a4cb-1b814143bdc5@group-0DC7FCBF11DF-LeaderElection13-1] INFO  server.GrpcServerProtocolClient (GrpcServerProtocolClient.java:<init>(65)) - Build channel for f6e3fb16-2d06-4033-8c03-0f6e278ccaca
2023-06-22 13:18:28,886 [2f5d805c-9187-458a-a4cb-1b814143bdc5@group-0DC7FCBF11DF-LeaderElection13] INFO  server.RaftServerConfigKeys (ConfUtils.java:logFallback(53)) - raft.server.rpc.first-election.timeout.max = 5200ms (fallback to raft.server.rpc.timeout.max)
2023-06-22 13:18:28,887 [2f5d805c-9187-458a-a4cb-1b814143bdc5@group-0DC7FCBF11DF-LeaderElection13-2] INFO  server.GrpcServerProtocolClient (GrpcServerProtocolClient.java:<init>(65)) - Build channel for f35f0a8c-90e3-4c0e-82f0-ebea9a45f0ef
2023-06-22 13:18:28,900 [grpc-default-executor-10] INFO  server.RaftServer$Division (RaftServerImpl.java:requestVote(1302)) - f35f0a8c-90e3-4c0e-82f0-ebea9a45f0ef@group-0DC7FCBF11DF: receive requestVote(PRE_VOTE, 2f5d805c-9187-458a-a4cb-1b814143bdc5, group-0DC7FCBF11DF, 0, (t:0, i:0))
2023-06-22 13:18:28,900 [grpc-default-executor-10] INFO  impl.VoteContext (VoteContext.java:log(49)) - f35f0a8c-90e3-4c0e-82f0-ebea9a45f0ef@group-0DC7FCBF11DF-FOLLOWER: accept PRE_VOTE from 2f5d805c-9187-458a-a4cb-1b814143bdc5: our priority 0 <= candidate's priority 1
2023-06-22 13:18:28,900 [grpc-default-executor-10] INFO  server.RaftServer$Division (RaftServerImpl.java:requestVote(1335)) - f35f0a8c-90e3-4c0e-82f0-ebea9a45f0ef@group-0DC7FCBF11DF replies to PRE_VOTE vote request: 2f5d805c-9187-458a-a4cb-1b814143bdc5<-f35f0a8c-90e3-4c0e-82f0-ebea9a45f0ef#0:OK-t0. Peer's state: f35f0a8c-90e3-4c0e-82f0-ebea9a45f0ef@group-0DC7FCBF11DF:t0, leader=null, voted=, raftlog=Memoized:f35f0a8c-90e3-4c0e-82f0-ebea9a45f0ef@group-0DC7FCBF11DF-SegmentedRaftLog:OPENED:c-1, conf=-1: peers:[f6e3fb16-2d06-4033-8c03-0f6e278ccaca|rpc:10.1.0.30:15067|admin:10.1.0.30:15066|client:10.1.0.30:15065|dataStream:10.1.0.30:15068|priority:0|startupRole:FOLLOWER, f35f0a8c-90e3-4c0e-82f0-ebea9a45f0ef|rpc:10.1.0.30:15085|admin:10.1.0.30:15084|client:10.1.0.30:15083|dataStream:10.1.0.30:15086|priority:0|startupRole:FOLLOWER, 2f5d805c-9187-458a-a4cb-1b814143bdc5|rpc:10.1.0.30:15076|admin:10.1.0.30:15075|client:10.1.0.30:15074|dataStream:10.1.0.30:15077|priority:1|startupRole:FOLLOWER]|listeners:[], old=null
2023-06-22 13:18:28,902 [2f5d805c-9187-458a-a4cb-1b814143bdc5@group-0DC7FCBF11DF-LeaderElection13] INFO  impl.LeaderElection (LeaderElection.java:logAndReturn(90)) - 2f5d805c-9187-458a-a4cb-1b814143bdc5@group-0DC7FCBF11DF-LeaderElection13: PRE_VOTE PASSED received 1 response(s) and 0 exception(s):
2023-06-22 13:18:28,902 [2f5d805c-9187-458a-a4cb-1b814143bdc5@group-0DC7FCBF11DF-LeaderElection13] INFO  impl.LeaderElection (LeaderElection.java:logAndReturn(94)) -   Response 0: 2f5d805c-9187-458a-a4cb-1b814143bdc5<-f35f0a8c-90e3-4c0e-82f0-ebea9a45f0ef#0:OK-t0
2023-06-22 13:18:28,902 [2f5d805c-9187-458a-a4cb-1b814143bdc5@group-0DC7FCBF11DF-LeaderElection13] INFO  impl.LeaderElection (LeaderElection.java:askForVotes(323)) - 2f5d805c-9187-458a-a4cb-1b814143bdc5@group-0DC7FCBF11DF-LeaderElection13 PRE_VOTE round 0: result PASSED
2023-06-22 13:18:28,904 [2f5d805c-9187-458a-a4cb-1b814143bdc5@group-0DC7FCBF11DF-LeaderElection13] INFO  impl.LeaderElection (LeaderElection.java:askForVotes(321)) - 2f5d805c-9187-458a-a4cb-1b814143bdc5@group-0DC7FCBF11DF-LeaderElection13 ELECTION round 0: submit vote requests at term 1 for -1: peers:[f6e3fb16-2d06-4033-8c03-0f6e278ccaca|rpc:10.1.0.30:15067|admin:10.1.0.30:15066|client:10.1.0.30:15065|dataStream:10.1.0.30:15068|priority:0|startupRole:FOLLOWER, f35f0a8c-90e3-4c0e-82f0-ebea9a45f0ef|rpc:10.1.0.30:15085|admin:10.1.0.30:15084|client:10.1.0.30:15083|dataStream:10.1.0.30:15086|priority:0|startupRole:FOLLOWER, 2f5d805c-9187-458a-a4cb-1b814143bdc5|rpc:10.1.0.30:15076|admin:10.1.0.30:15075|client:10.1.0.30:15074|dataStream:10.1.0.30:15077|priority:1|startupRole:FOLLOWER]|listeners:[], old=null
2023-06-22 13:18:28,917 [2f5d805c-9187-458a-a4cb-1b814143bdc5@group-0DC7FCBF11DF-LeaderElection13] INFO  server.RaftServerConfigKeys (ConfUtils.java:logFallback(53)) - raft.server.rpc.first-election.timeout.min = 5s (fallback to raft.server.rpc.timeout.min)
2023-06-22 13:18:28,917 [grpc-default-executor-10] INFO  server.RaftServer$Division (RaftServerImpl.java:requestVote(1302)) - f6e3fb16-2d06-4033-8c03-0f6e278ccaca@group-0DC7FCBF11DF: receive requestVote(PRE_VOTE, 2f5d805c-9187-458a-a4cb-1b814143bdc5, group-0DC7FCBF11DF, 0, (t:0, i:0))
2023-06-22 13:18:28,917 [grpc-default-executor-10] INFO  impl.VoteContext (VoteContext.java:log(49)) - f6e3fb16-2d06-4033-8c03-0f6e278ccaca@group-0DC7FCBF11DF-FOLLOWER: accept PRE_VOTE from 2f5d805c-9187-458a-a4cb-1b814143bdc5: our priority 0 <= candidate's priority 1
2023-06-22 13:18:28,917 [grpc-default-executor-10] INFO  server.RaftServer$Division (RaftServerImpl.java:requestVote(1335)) - f6e3fb16-2d06-4033-8c03-0f6e278ccaca@group-0DC7FCBF11DF replies to PRE_VOTE vote request: 2f5d805c-9187-458a-a4cb-1b814143bdc5<-f6e3fb16-2d06-4033-8c03-0f6e278ccaca#0:OK-t0. Peer's state: f6e3fb16-2d06-4033-8c03-0f6e278ccaca@group-0DC7FCBF11DF:t0, leader=null, voted=, raftlog=Memoized:f6e3fb16-2d06-4033-8c03-0f6e278ccaca@group-0DC7FCBF11DF-SegmentedRaftLog:OPENED:c-1, conf=-1: peers:[f6e3fb16-2d06-4033-8c03-0f6e278ccaca|rpc:10.1.0.30:15067|admin:10.1.0.30:15066|client:10.1.0.30:15065|dataStream:10.1.0.30:15068|priority:0|startupRole:FOLLOWER, f35f0a8c-90e3-4c0e-82f0-ebea9a45f0ef|rpc:10.1.0.30:15085|admin:10.1.0.30:15084|client:10.1.0.30:15083|dataStream:10.1.0.30:15086|priority:0|startupRole:FOLLOWER, 2f5d805c-9187-458a-a4cb-1b814143bdc5|rpc:10.1.0.30:15076|admin:10.1.0.30:15075|client:10.1.0.30:15074|dataStream:10.1.0.30:15077|priority:1|startupRole:FOLLOWER]|listeners:[], old=null
2023-06-22 13:18:28,918 [grpc-default-executor-9] INFO  server.RaftServer$Division (RaftServerImpl.java:requestVote(1302)) - f6e3fb16-2d06-4033-8c03-0f6e278ccaca@group-0DC7FCBF11DF: receive requestVote(ELECTION, 2f5d805c-9187-458a-a4cb-1b814143bdc5, group-0DC7FCBF11DF, 1, (t:0, i:0))
2023-06-22 13:18:28,918 [grpc-default-executor-9] INFO  impl.VoteContext (VoteContext.java:log(49)) - f6e3fb16-2d06-4033-8c03-0f6e278ccaca@group-0DC7FCBF11DF-FOLLOWER: accept ELECTION from 2f5d805c-9187-458a-a4cb-1b814143bdc5: our priority 0 <= candidate's priority 1
2023-06-22 13:18:28,918 [grpc-default-executor-9] INFO  server.RaftServer$Division (RaftServerImpl.java:setRole(329)) - f6e3fb16-2d06-4033-8c03-0f6e278ccaca@group-0DC7FCBF11DF: changes role from  FOLLOWER to FOLLOWER at term 1 for candidate:2f5d805c-9187-458a-a4cb-1b814143bdc5
2023-06-22 13:18:28,918 [grpc-default-executor-9] INFO  impl.RoleInfo (RoleInfo.java:shutdownFollowerState(110)) - f6e3fb16-2d06-4033-8c03-0f6e278ccaca: shutdown f6e3fb16-2d06-4033-8c03-0f6e278ccaca@group-0DC7FCBF11DF-FollowerState
2023-06-22 13:18:28,919 [grpc-default-executor-9] INFO  impl.RoleInfo (RoleInfo.java:updateAndGet(139)) - f6e3fb16-2d06-4033-8c03-0f6e278ccaca: start f6e3fb16-2d06-4033-8c03-0f6e278ccaca@group-0DC7FCBF11DF-FollowerState
2023-06-22 13:18:28,919 [f6e3fb16-2d06-4033-8c03-0f6e278ccaca@group-0DC7FCBF11DF-FollowerState] INFO  impl.FollowerState (FollowerState.java:run(152)) - f6e3fb16-2d06-4033-8c03-0f6e278ccaca@group-0DC7FCBF11DF-FollowerState was interrupted
2023-06-22 13:18:28,917 [2f5d805c-9187-458a-a4cb-1b814143bdc5@group-0DC7FCBF11DF-LeaderElection13] INFO  server.RaftServerConfigKeys (ConfUtils.java:logFallback(53)) - raft.server.rpc.first-election.timeout.max = 5200ms (fallback to raft.server.rpc.timeout.max)
2023-06-22 13:18:28,921 [grpc-default-executor-10] INFO  server.RaftServer$Division (RaftServerImpl.java:requestVote(1302)) - f35f0a8c-90e3-4c0e-82f0-ebea9a45f0ef@group-0DC7FCBF11DF: receive requestVote(ELECTION, 2f5d805c-9187-458a-a4cb-1b814143bdc5, group-0DC7FCBF11DF, 1, (t:0, i:0))
2023-06-22 13:18:28,921 [grpc-default-executor-10] INFO  impl.VoteContext (VoteContext.java:log(49)) - f35f0a8c-90e3-4c0e-82f0-ebea9a45f0ef@group-0DC7FCBF11DF-FOLLOWER: accept ELECTION from 2f5d805c-9187-458a-a4cb-1b814143bdc5: our priority 0 <= candidate's priority 1
2023-06-22 13:18:28,921 [grpc-default-executor-10] INFO  server.RaftServer$Division (RaftServerImpl.java:setRole(329)) - f35f0a8c-90e3-4c0e-82f0-ebea9a45f0ef@group-0DC7FCBF11DF: changes role from  FOLLOWER to FOLLOWER at term 1 for candidate:2f5d805c-9187-458a-a4cb-1b814143bdc5
2023-06-22 13:18:28,921 [grpc-default-executor-10] INFO  impl.RoleInfo (RoleInfo.java:shutdownFollowerState(110)) - f35f0a8c-90e3-4c0e-82f0-ebea9a45f0ef: shutdown f35f0a8c-90e3-4c0e-82f0-ebea9a45f0ef@group-0DC7FCBF11DF-FollowerState
2023-06-22 13:18:28,921 [grpc-default-executor-10] INFO  impl.RoleInfo (RoleInfo.java:updateAndGet(139)) - f35f0a8c-90e3-4c0e-82f0-ebea9a45f0ef: start f35f0a8c-90e3-4c0e-82f0-ebea9a45f0ef@group-0DC7FCBF11DF-FollowerState
2023-06-22 13:18:28,921 [f35f0a8c-90e3-4c0e-82f0-ebea9a45f0ef@group-0DC7FCBF11DF-FollowerState] INFO  impl.FollowerState (FollowerState.java:run(152)) - f35f0a8c-90e3-4c0e-82f0-ebea9a45f0ef@group-0DC7FCBF11DF-FollowerState was interrupted
2023-06-22 13:18:28,921 [f35f0a8c-90e3-4c0e-82f0-ebea9a45f0ef@group-5FB52A34515E-FollowerState] INFO  impl.FollowerState (FollowerState.java:run(143)) - f35f0a8c-90e3-4c0e-82f0-ebea9a45f0ef@group-5FB52A34515E-FollowerState: change to CANDIDATE, lastRpcElapsedTime:5090267643ns, electionTimeout:5089ms
2023-06-22 13:18:28,921 [f35f0a8c-90e3-4c0e-82f0-ebea9a45f0ef@group-5FB52A34515E-FollowerState] INFO  impl.RoleInfo (RoleInfo.java:shutdownFollowerState(110)) - f35f0a8c-90e3-4c0e-82f0-ebea9a45f0ef: shutdown f35f0a8c-90e3-4c0e-82f0-ebea9a45f0ef@group-5FB52A34515E-FollowerState
2023-06-22 13:18:28,921 [f35f0a8c-90e3-4c0e-82f0-ebea9a45f0ef@group-5FB52A34515E-FollowerState] INFO  server.RaftServer$Division (RaftServerImpl.java:setRole(329)) - f35f0a8c-90e3-4c0e-82f0-ebea9a45f0ef@group-5FB52A34515E: changes role from  FOLLOWER to CANDIDATE at term 0 for changeToCandidate
2023-06-22 13:18:28,923 [grpc-default-executor-9] INFO  server.RaftServer$Division (RaftServerImpl.java:requestVote(1335)) - f6e3fb16-2d06-4033-8c03-0f6e278ccaca@group-0DC7FCBF11DF replies to ELECTION vote request: 2f5d805c-9187-458a-a4cb-1b814143bdc5<-f6e3fb16-2d06-4033-8c03-0f6e278ccaca#0:OK-t1. Peer's state: f6e3fb16-2d06-4033-8c03-0f6e278ccaca@group-0DC7FCBF11DF:t1, leader=null, voted=2f5d805c-9187-458a-a4cb-1b814143bdc5, raftlog=Memoized:f6e3fb16-2d06-4033-8c03-0f6e278ccaca@group-0DC7FCBF11DF-SegmentedRaftLog:OPENED:c-1, conf=-1: peers:[f6e3fb16-2d06-4033-8c03-0f6e278ccaca|rpc:10.1.0.30:15067|admin:10.1.0.30:15066|client:10.1.0.30:15065|dataStream:10.1.0.30:15068|priority:0|startupRole:FOLLOWER, f35f0a8c-90e3-4c0e-82f0-ebea9a45f0ef|rpc:10.1.0.30:15085|admin:10.1.0.30:15084|client:10.1.0.30:15083|dataStream:10.1.0.30:15086|priority:0|startupRole:FOLLOWER, 2f5d805c-9187-458a-a4cb-1b814143bdc5|rpc:10.1.0.30:15076|admin:10.1.0.30:15075|client:10.1.0.30:15074|dataStream:10.1.0.30:15077|priority:1|startupRole:FOLLOWER]|listeners:[], old=null
2023-06-22 13:18:28,925 [f35f0a8c-90e3-4c0e-82f0-ebea9a45f0ef@group-5FB52A34515E-FollowerState] INFO  server.RaftServerConfigKeys (ConfUtils.java:logGet(46)) - raft.server.leaderelection.pre-vote = true (default)
2023-06-22 13:18:28,925 [f35f0a8c-90e3-4c0e-82f0-ebea9a45f0ef@group-5FB52A34515E-FollowerState] INFO  impl.RoleInfo (RoleInfo.java:updateAndGet(139)) - f35f0a8c-90e3-4c0e-82f0-ebea9a45f0ef: start f35f0a8c-90e3-4c0e-82f0-ebea9a45f0ef@group-5FB52A34515E-LeaderElection14
2023-06-22 13:18:28,925 [2f5d805c-9187-458a-a4cb-1b814143bdc5@group-0DC7FCBF11DF-LeaderElection13] INFO  impl.LeaderElection (LeaderElection.java:logAndReturn(90)) - 2f5d805c-9187-458a-a4cb-1b814143bdc5@group-0DC7FCBF11DF-LeaderElection13: ELECTION PASSED received 1 response(s) and 0 exception(s):
2023-06-22 13:18:28,925 [2f5d805c-9187-458a-a4cb-1b814143bdc5@group-0DC7FCBF11DF-LeaderElection13] INFO  impl.LeaderElection (LeaderElection.java:logAndReturn(94)) -   Response 0: 2f5d805c-9187-458a-a4cb-1b814143bdc5<-f6e3fb16-2d06-4033-8c03-0f6e278ccaca#0:OK-t1
2023-06-22 13:18:28,926 [grpc-default-executor-10] INFO  server.RaftServer$Division (RaftServerImpl.java:requestVote(1335)) - f35f0a8c-90e3-4c0e-82f0-ebea9a45f0ef@group-0DC7FCBF11DF replies to ELECTION vote request: 2f5d805c-9187-458a-a4cb-1b814143bdc5<-f35f0a8c-90e3-4c0e-82f0-ebea9a45f0ef#0:OK-t1. Peer's state: f35f0a8c-90e3-4c0e-82f0-ebea9a45f0ef@group-0DC7FCBF11DF:t1, leader=null, voted=2f5d805c-9187-458a-a4cb-1b814143bdc5, raftlog=Memoized:f35f0a8c-90e3-4c0e-82f0-ebea9a45f0ef@group-0DC7FCBF11DF-SegmentedRaftLog:OPENED:c-1, conf=-1: peers:[f6e3fb16-2d06-4033-8c03-0f6e278ccaca|rpc:10.1.0.30:15067|admin:10.1.0.30:15066|client:10.1.0.30:15065|dataStream:10.1.0.30:15068|priority:0|startupRole:FOLLOWER, f35f0a8c-90e3-4c0e-82f0-ebea9a45f0ef|rpc:10.1.0.30:15085|admin:10.1.0.30:15084|client:10.1.0.30:15083|dataStream:10.1.0.30:15086|priority:0|startupRole:FOLLOWER, 2f5d805c-9187-458a-a4cb-1b814143bdc5|rpc:10.1.0.30:15076|admin:10.1.0.30:15075|client:10.1.0.30:15074|dataStream:10.1.0.30:15077|priority:1|startupRole:FOLLOWER]|listeners:[], old=null
2023-06-22 13:18:28,929 [f35f0a8c-90e3-4c0e-82f0-ebea9a45f0ef@group-5FB52A34515E-LeaderElection14] INFO  impl.LeaderElection (LeaderElection.java:askForVotes(321)) - f35f0a8c-90e3-4c0e-82f0-ebea9a45f0ef@group-5FB52A34515E-LeaderElection14 PRE_VOTE round 0: submit vote requests at term 0 for -1: peers:[f6e3fb16-2d06-4033-8c03-0f6e278ccaca|rpc:10.1.0.30:15067|admin:10.1.0.30:15066|client:10.1.0.30:15065|dataStream:10.1.0.30:15068|priority:1|startupRole:FOLLOWER, 2f5d805c-9187-458a-a4cb-1b814143bdc5|rpc:10.1.0.30:15076|admin:10.1.0.30:15075|client:10.1.0.30:15074|dataStream:10.1.0.30:15077|priority:0|startupRole:FOLLOWER, f35f0a8c-90e3-4c0e-82f0-ebea9a45f0ef|rpc:10.1.0.30:15085|admin:10.1.0.30:15084|client:10.1.0.30:15083|dataStream:10.1.0.30:15086|priority:0|startupRole:FOLLOWER]|listeners:[], old=null
2023-06-22 13:18:28,929 [2f5d805c-9187-458a-a4cb-1b814143bdc5@group-0DC7FCBF11DF-LeaderElection13] INFO  impl.LeaderElection (LeaderElection.java:askForVotes(323)) - 2f5d805c-9187-458a-a4cb-1b814143bdc5@group-0DC7FCBF11DF-LeaderElection13 ELECTION round 0: result PASSED
2023-06-22 13:18:28,929 [2f5d805c-9187-458a-a4cb-1b814143bdc5@group-0DC7FCBF11DF-LeaderElection13] INFO  impl.RoleInfo (RoleInfo.java:shutdownLeaderElection(130)) - 2f5d805c-9187-458a-a4cb-1b814143bdc5: shutdown 2f5d805c-9187-458a-a4cb-1b814143bdc5@group-0DC7FCBF11DF-LeaderElection13
2023-06-22 13:18:28,929 [2f5d805c-9187-458a-a4cb-1b814143bdc5@group-0DC7FCBF11DF-LeaderElection13] INFO  server.RaftServer$Division (RaftServerImpl.java:setRole(329)) - 2f5d805c-9187-458a-a4cb-1b814143bdc5@group-0DC7FCBF11DF: changes role from CANDIDATE to LEADER at term 1 for changeToLeader
2023-06-22 13:18:28,929 [2f5d805c-9187-458a-a4cb-1b814143bdc5@group-0DC7FCBF11DF-LeaderElection13] INFO  ratis.XceiverServerRatis (XceiverServerRatis.java:handleLeaderChangedNotification(902)) - Leader change notification received for group: group-0DC7FCBF11DF with new leaderId: 2f5d805c-9187-458a-a4cb-1b814143bdc5
2023-06-22 13:18:28,931 [2f5d805c-9187-458a-a4cb-1b814143bdc5@group-5FB52A34515E-FollowerState] INFO  impl.FollowerState (FollowerState.java:run(143)) - 2f5d805c-9187-458a-a4cb-1b814143bdc5@group-5FB52A34515E-FollowerState: change to CANDIDATE, lastRpcElapsedTime:5152621662ns, electionTimeout:5150ms
2023-06-22 13:18:28,931 [2f5d805c-9187-458a-a4cb-1b814143bdc5@group-5FB52A34515E-FollowerState] INFO  impl.RoleInfo (RoleInfo.java:shutdownFollowerState(110)) - 2f5d805c-9187-458a-a4cb-1b814143bdc5: shutdown 2f5d805c-9187-458a-a4cb-1b814143bdc5@group-5FB52A34515E-FollowerState
2023-06-22 13:18:28,931 [2f5d805c-9187-458a-a4cb-1b814143bdc5@group-5FB52A34515E-FollowerState] INFO  server.RaftServer$Division (RaftServerImpl.java:setRole(329)) - 2f5d805c-9187-458a-a4cb-1b814143bdc5@group-5FB52A34515E: changes role from  FOLLOWER to CANDIDATE at term 0 for changeToCandidate
2023-06-22 13:18:28,932 [f35f0a8c-90e3-4c0e-82f0-ebea9a45f0ef@group-5FB52A34515E-LeaderElection14-1] INFO  server.GrpcServerProtocolClient (GrpcServerProtocolClient.java:<init>(65)) - Build channel for f6e3fb16-2d06-4033-8c03-0f6e278ccaca
2023-06-22 13:18:28,935 [f35f0a8c-90e3-4c0e-82f0-ebea9a45f0ef@group-5FB52A34515E-LeaderElection14] INFO  server.RaftServerConfigKeys (ConfUtils.java:logFallback(53)) - raft.server.rpc.first-election.timeout.min = 5s (fallback to raft.server.rpc.timeout.min)
2023-06-22 13:18:28,935 [f35f0a8c-90e3-4c0e-82f0-ebea9a45f0ef@group-5FB52A34515E-LeaderElection14] INFO  server.RaftServerConfigKeys (ConfUtils.java:logFallback(53)) - raft.server.rpc.first-election.timeout.max = 5200ms (fallback to raft.server.rpc.timeout.max)
2023-06-22 13:18:28,935 [2f5d805c-9187-458a-a4cb-1b814143bdc5@group-5FB52A34515E-FollowerState] INFO  server.RaftServerConfigKeys (ConfUtils.java:logGet(46)) - raft.server.leaderelection.pre-vote = true (default)
2023-06-22 13:18:28,935 [2f5d805c-9187-458a-a4cb-1b814143bdc5@group-0DC7FCBF11DF-LeaderElection13] INFO  server.RaftServer$Division (ServerState.java:setLeader(317)) - 2f5d805c-9187-458a-a4cb-1b814143bdc5@group-0DC7FCBF11DF: change Leader from null to 2f5d805c-9187-458a-a4cb-1b814143bdc5 at term 1 for becomeLeader, leader elected after 5226ms
2023-06-22 13:18:28,936 [2f5d805c-9187-458a-a4cb-1b814143bdc5@group-0DC7FCBF11DF-LeaderElection13] INFO  server.RaftServerConfigKeys (ConfUtils.java:logGet(46)) - raft.server.staging.catchup.gap = 1000 (default)
2023-06-22 13:18:28,936 [f35f0a8c-90e3-4c0e-82f0-ebea9a45f0ef@group-5FB52A34515E-LeaderElection14-2] INFO  server.GrpcServerProtocolClient (GrpcServerProtocolClient.java:<init>(65)) - Build channel for 2f5d805c-9187-458a-a4cb-1b814143bdc5
2023-06-22 13:18:28,936 [2f5d805c-9187-458a-a4cb-1b814143bdc5@group-0DC7FCBF11DF-LeaderElection13] INFO  server.RaftServerConfigKeys (ConfUtils.java:logGet(46)) - raft.server.write.element-limit = 1024 (custom)
2023-06-22 13:18:28,936 [2f5d805c-9187-458a-a4cb-1b814143bdc5@group-0DC7FCBF11DF-LeaderElection13] INFO  server.RaftServerConfigKeys (ConfUtils.java:logGet(46)) - raft.server.write.byte-limit = 1024 M (=1073741824) (custom)
2023-06-22 13:18:28,936 [2f5d805c-9187-458a-a4cb-1b814143bdc5@group-0DC7FCBF11DF-LeaderElection13] INFO  server.RaftServerConfigKeys (ConfUtils.java:logGet(46)) - raft.server.watch.timeout = 180s (custom)
2023-06-22 13:18:28,936 [2f5d805c-9187-458a-a4cb-1b814143bdc5@group-0DC7FCBF11DF-LeaderElection13] INFO  server.RaftServerConfigKeys (ConfUtils.java:logGet(46)) - raft.server.watch.timeout.denomination = 1s (default)
2023-06-22 13:18:28,936 [2f5d805c-9187-458a-a4cb-1b814143bdc5@group-0DC7FCBF11DF-LeaderElection13] INFO  server.RaftServerConfigKeys (ConfUtils.java:logGet(46)) - raft.server.watch.element-limit = 65536 (default)
2023-06-22 13:18:28,936 [2f5d805c-9187-458a-a4cb-1b814143bdc5@group-0DC7FCBF11DF-LeaderElection13] INFO  server.RaftServerConfigKeys (ConfUtils.java:logGet(46)) - raft.server.write.element-limit = 1024 (custom)
2023-06-22 13:18:28,936 [2f5d805c-9187-458a-a4cb-1b814143bdc5@group-0DC7FCBF11DF-LeaderElection13] INFO  server.RaftServerConfigKeys (ConfUtils.java:logGet(46)) - raft.server.write.follower.gap.ratio.max = -1.0 (default)
2023-06-22 13:18:28,936 [2f5d805c-9187-458a-a4cb-1b814143bdc5@group-0DC7FCBF11DF-LeaderElection13] INFO  server.RaftServerConfigKeys (ConfUtils.java:logGet(46)) - raft.server.log.appender.snapshot.chunk.size.max = 16MB (=16777216) (default)
2023-06-22 13:18:28,936 [2f5d805c-9187-458a-a4cb-1b814143bdc5@group-0DC7FCBF11DF-LeaderElection13] INFO  server.RaftServerConfigKeys (ConfUtils.java:logGet(46)) - raft.server.log.appender.buffer.byte-limit = 33554432 (custom)
2023-06-22 13:18:28,937 [2f5d805c-9187-458a-a4cb-1b814143bdc5@group-0DC7FCBF11DF-LeaderElection13] INFO  server.RaftServerConfigKeys (ConfUtils.java:logGet(46)) - raft.server.log.appender.buffer.element-limit = 1 (custom)
2023-06-22 13:18:28,937 [2f5d805c-9187-458a-a4cb-1b814143bdc5@group-0DC7FCBF11DF-LeaderElection13] INFO  server.RaftServerConfigKeys (ConfUtils.java:logGet(46)) - raft.server.log.appender.wait-time.min = 10ms (default)
2023-06-22 13:18:28,937 [2f5d805c-9187-458a-a4cb-1b814143bdc5@group-0DC7FCBF11DF-LeaderElection13] INFO  grpc.GrpcConfigKeys (ConfUtils.java:logGet(46)) - raft.grpc.server.leader.outstanding.appends.max = 128 (default)
2023-06-22 13:18:28,937 [2f5d805c-9187-458a-a4cb-1b814143bdc5@group-0DC7FCBF11DF-LeaderElection13] INFO  server.RaftServerConfigKeys (ConfUtils.java:logGet(46)) - raft.server.rpc.request.timeout = 60s (custom)
2023-06-22 13:18:28,937 [2f5d805c-9187-458a-a4cb-1b814143bdc5@group-0DC7FCBF11DF-LeaderElection13] INFO  grpc.GrpcConfigKeys (ConfUtils.java:logGet(46)) - raft.grpc.server.install_snapshot.request.element-limit = 8 (default)
2023-06-22 13:18:28,937 [2f5d805c-9187-458a-a4cb-1b814143bdc5@group-0DC7FCBF11DF-LeaderElection13] INFO  grpc.GrpcConfigKeys (ConfUtils.java:logGet(46)) - raft.grpc.server.install_snapshot.request.timeout = 3000ms (default)
2023-06-22 13:18:28,937 [2f5d805c-9187-458a-a4cb-1b814143bdc5@group-0DC7FCBF11DF-LeaderElection13] INFO  server.RaftServerConfigKeys (ConfUtils.java:logGet(46)) - raft.server.log.appender.install.snapshot.enabled = false (custom)
2023-06-22 13:18:28,937 [2f5d805c-9187-458a-a4cb-1b814143bdc5@group-0DC7FCBF11DF-LeaderElection13] INFO  grpc.GrpcConfigKeys (ConfUtils.java:logGet(46)) - raft.grpc.server.heartbeat.channel = true (default)
2023-06-22 13:18:28,937 [2f5d805c-9187-458a-a4cb-1b814143bdc5@group-0DC7FCBF11DF-LeaderElection13] INFO  server.RaftServerConfigKeys (ConfUtils.java:logGet(46)) - raft.server.log.appender.snapshot.chunk.size.max = 16MB (=16777216) (default)
2023-06-22 13:18:28,937 [2f5d805c-9187-458a-a4cb-1b814143bdc5@group-0DC7FCBF11DF-LeaderElection13] INFO  server.RaftServerConfigKeys (ConfUtils.java:logGet(46)) - raft.server.log.appender.buffer.byte-limit = 33554432 (custom)
2023-06-22 13:18:28,937 [2f5d805c-9187-458a-a4cb-1b814143bdc5@group-0DC7FCBF11DF-LeaderElection13] INFO  server.RaftServerConfigKeys (ConfUtils.java:logGet(46)) - raft.server.log.appender.buffer.element-limit = 1 (custom)
2023-06-22 13:18:28,937 [2f5d805c-9187-458a-a4cb-1b814143bdc5@group-0DC7FCBF11DF-LeaderElection13] INFO  server.RaftServerConfigKeys (ConfUtils.java:logGet(46)) - raft.server.log.appender.wait-time.min = 10ms (default)
2023-06-22 13:18:28,937 [2f5d805c-9187-458a-a4cb-1b814143bdc5@group-0DC7FCBF11DF-LeaderElection13] INFO  grpc.GrpcConfigKeys (ConfUtils.java:logGet(46)) - raft.grpc.server.leader.outstanding.appends.max = 128 (default)
2023-06-22 13:18:28,937 [2f5d805c-9187-458a-a4cb-1b814143bdc5@group-0DC7FCBF11DF-LeaderElection13] INFO  server.RaftServerConfigKeys (ConfUtils.java:logGet(46)) - raft.server.rpc.request.timeout = 60s (custom)
2023-06-22 13:18:28,937 [2f5d805c-9187-458a-a4cb-1b814143bdc5@group-0DC7FCBF11DF-LeaderElection13] INFO  grpc.GrpcConfigKeys (ConfUtils.java:logGet(46)) - raft.grpc.server.install_snapshot.request.element-limit = 8 (default)
2023-06-22 13:18:28,937 [2f5d805c-9187-458a-a4cb-1b814143bdc5@group-0DC7FCBF11DF-LeaderElection13] INFO  grpc.GrpcConfigKeys (ConfUtils.java:logGet(46)) - raft.grpc.server.install_snapshot.request.timeout = 3000ms (default)
2023-06-22 13:18:28,938 [2f5d805c-9187-458a-a4cb-1b814143bdc5@group-0DC7FCBF11DF-LeaderElection13] INFO  server.RaftServerConfigKeys (ConfUtils.java:logGet(46)) - raft.server.log.appender.install.snapshot.enabled = false (custom)
2023-06-22 13:18:28,938 [2f5d805c-9187-458a-a4cb-1b814143bdc5@group-0DC7FCBF11DF-LeaderElection13] INFO  grpc.GrpcConfigKeys (ConfUtils.java:logGet(46)) - raft.grpc.server.heartbeat.channel = true (default)
2023-06-22 13:18:28,938 [2f5d805c-9187-458a-a4cb-1b814143bdc5@group-0DC7FCBF11DF-LeaderElection13] INFO  impl.RoleInfo (RoleInfo.java:updateAndGet(139)) - 2f5d805c-9187-458a-a4cb-1b814143bdc5: start 2f5d805c-9187-458a-a4cb-1b814143bdc5@group-0DC7FCBF11DF-LeaderStateImpl
2023-06-22 13:18:28,938 [2f5d805c-9187-458a-a4cb-1b814143bdc5@group-0DC7FCBF11DF-LeaderElection13] INFO  segmented.SegmentedRaftLogWorker (SegmentedRaftLogWorker.java:startLogSegment(447)) - 2f5d805c-9187-458a-a4cb-1b814143bdc5@group-0DC7FCBF11DF-SegmentedRaftLogWorker: Starting segment from index:0
2023-06-22 13:18:28,935 [2f5d805c-9187-458a-a4cb-1b814143bdc5@group-5FB52A34515E-FollowerState] INFO  impl.RoleInfo (RoleInfo.java:updateAndGet(139)) - 2f5d805c-9187-458a-a4cb-1b814143bdc5: start 2f5d805c-9187-458a-a4cb-1b814143bdc5@group-5FB52A34515E-LeaderElection15
2023-06-22 13:18:28,940 [f6e3fb16-2d06-4033-8c03-0f6e278ccaca@group-5FB52A34515E-FollowerState] INFO  impl.FollowerState (FollowerState.java:run(143)) - f6e3fb16-2d06-4033-8c03-0f6e278ccaca@group-5FB52A34515E-FollowerState: change to CANDIDATE, lastRpcElapsedTime:5189033572ns, electionTimeout:5184ms
2023-06-22 13:18:28,940 [f6e3fb16-2d06-4033-8c03-0f6e278ccaca@group-5FB52A34515E-FollowerState] INFO  impl.RoleInfo (RoleInfo.java:shutdownFollowerState(110)) - f6e3fb16-2d06-4033-8c03-0f6e278ccaca: shutdown f6e3fb16-2d06-4033-8c03-0f6e278ccaca@group-5FB52A34515E-FollowerState
2023-06-22 13:18:28,940 [f6e3fb16-2d06-4033-8c03-0f6e278ccaca@group-5FB52A34515E-FollowerState] INFO  server.RaftServer$Division (RaftServerImpl.java:setRole(329)) - f6e3fb16-2d06-4033-8c03-0f6e278ccaca@group-5FB52A34515E: changes role from  FOLLOWER to CANDIDATE at term 0 for changeToCandidate
2023-06-22 13:18:28,940 [2f5d805c-9187-458a-a4cb-1b814143bdc5@group-0DC7FCBF11DF-SegmentedRaftLogWorker] INFO  segmented.SegmentedRaftLogWorker (SegmentedRaftLogWorker.java:execute(651)) - 2f5d805c-9187-458a-a4cb-1b814143bdc5@group-0DC7FCBF11DF-SegmentedRaftLogWorker: created new log segment /home/runner/work/ozone/ozone/hadoop-ozone/integration-test/target/test-dir/MiniOzoneClusterImpl-f04ff4d6-b670-4e84-9a89-5b4d7edf6ec9/datanode-1/data/ratis/f48f3a41-aac8-47c0-a40e-0dc7fcbf11df/current/log_inprogress_0
2023-06-22 13:18:28,944 [2f5d805c-9187-458a-a4cb-1b814143bdc5@group-5FB52A34515E-LeaderElection15] INFO  impl.LeaderElection (LeaderElection.java:askForVotes(321)) - 2f5d805c-9187-458a-a4cb-1b814143bdc5@group-5FB52A34515E-LeaderElection15 PRE_VOTE round 0: submit vote requests at term 0 for -1: peers:[f6e3fb16-2d06-4033-8c03-0f6e278ccaca|rpc:10.1.0.30:15067|admin:10.1.0.30:15066|client:10.1.0.30:15065|dataStream:10.1.0.30:15068|priority:1|startupRole:FOLLOWER, 2f5d805c-9187-458a-a4cb-1b814143bdc5|rpc:10.1.0.30:15076|admin:10.1.0.30:15075|client:10.1.0.30:15074|dataStream:10.1.0.30:15077|priority:0|startupRole:FOLLOWER, f35f0a8c-90e3-4c0e-82f0-ebea9a45f0ef|rpc:10.1.0.30:15085|admin:10.1.0.30:15084|client:10.1.0.30:15083|dataStream:10.1.0.30:15086|priority:0|startupRole:FOLLOWER]|listeners:[], old=null
2023-06-22 13:18:28,946 [grpc-default-executor-10] INFO  server.RaftServer$Division (RaftServerImpl.java:requestVote(1302)) - f6e3fb16-2d06-4033-8c03-0f6e278ccaca@group-5FB52A34515E: receive requestVote(PRE_VOTE, f35f0a8c-90e3-4c0e-82f0-ebea9a45f0ef, group-5FB52A34515E, 0, (t:0, i:0))
2023-06-22 13:18:28,947 [2f5d805c-9187-458a-a4cb-1b814143bdc5@group-5FB52A34515E-LeaderElection15] INFO  server.RaftServerConfigKeys (ConfUtils.java:logFallback(53)) - raft.server.rpc.first-election.timeout.min = 5s (fallback to raft.server.rpc.timeout.min)
2023-06-22 13:18:28,947 [2f5d805c-9187-458a-a4cb-1b814143bdc5@group-5FB52A34515E-LeaderElection15] INFO  server.RaftServerConfigKeys (ConfUtils.java:logFallback(53)) - raft.server.rpc.first-election.timeout.max = 5200ms (fallback to raft.server.rpc.timeout.max)
2023-06-22 13:18:28,948 [f6e3fb16-2d06-4033-8c03-0f6e278ccaca@group-5FB52A34515E-FollowerState] INFO  server.RaftServerConfigKeys (ConfUtils.java:logGet(46)) - raft.server.leaderelection.pre-vote = true (default)
2023-06-22 13:18:28,948 [f6e3fb16-2d06-4033-8c03-0f6e278ccaca@group-5FB52A34515E-FollowerState] INFO  impl.RoleInfo (RoleInfo.java:updateAndGet(139)) - f6e3fb16-2d06-4033-8c03-0f6e278ccaca: start f6e3fb16-2d06-4033-8c03-0f6e278ccaca@group-5FB52A34515E-LeaderElection16
2023-06-22 13:18:28,949 [grpc-default-executor-9] INFO  server.RaftServer$Division (RaftServerImpl.java:requestVote(1302)) - f6e3fb16-2d06-4033-8c03-0f6e278ccaca@group-5FB52A34515E: receive requestVote(PRE_VOTE, 2f5d805c-9187-458a-a4cb-1b814143bdc5, group-5FB52A34515E, 0, (t:0, i:0))
2023-06-22 13:18:28,949 [grpc-default-executor-11] INFO  server.RaftServer$Division (RaftServerImpl.java:requestVote(1302)) - 2f5d805c-9187-458a-a4cb-1b814143bdc5@group-5FB52A34515E: receive requestVote(PRE_VOTE, f35f0a8c-90e3-4c0e-82f0-ebea9a45f0ef, group-5FB52A34515E, 0, (t:0, i:0))
2023-06-22 13:18:28,949 [grpc-default-executor-11] INFO  impl.VoteContext (VoteContext.java:log(49)) - 2f5d805c-9187-458a-a4cb-1b814143bdc5@group-5FB52A34515E-CANDIDATE: accept PRE_VOTE from f35f0a8c-90e3-4c0e-82f0-ebea9a45f0ef: our priority 0 <= candidate's priority 0
2023-06-22 13:18:28,949 [grpc-default-executor-11] INFO  server.RaftServer$Division (RaftServerImpl.java:requestVote(1335)) - 2f5d805c-9187-458a-a4cb-1b814143bdc5@group-5FB52A34515E replies to PRE_VOTE vote request: f35f0a8c-90e3-4c0e-82f0-ebea9a45f0ef<-2f5d805c-9187-458a-a4cb-1b814143bdc5#0:OK-t0. Peer's state: 2f5d805c-9187-458a-a4cb-1b814143bdc5@group-5FB52A34515E:t0, leader=null, voted=, raftlog=Memoized:2f5d805c-9187-458a-a4cb-1b814143bdc5@group-5FB52A34515E-SegmentedRaftLog:OPENED:c-1, conf=-1: peers:[f6e3fb16-2d06-4033-8c03-0f6e278ccaca|rpc:10.1.0.30:15067|admin:10.1.0.30:15066|client:10.1.0.30:15065|dataStream:10.1.0.30:15068|priority:1|startupRole:FOLLOWER, 2f5d805c-9187-458a-a4cb-1b814143bdc5|rpc:10.1.0.30:15076|admin:10.1.0.30:15075|client:10.1.0.30:15074|dataStream:10.1.0.30:15077|priority:0|startupRole:FOLLOWER, f35f0a8c-90e3-4c0e-82f0-ebea9a45f0ef|rpc:10.1.0.30:15085|admin:10.1.0.30:15084|client:10.1.0.30:15083|dataStream:10.1.0.30:15086|priority:0|startupRole:FOLLOWER]|listeners:[], old=null
2023-06-22 13:18:28,950 [EventQueue-PipelineReportForPipelineReportHandler] INFO  pipeline.PipelineManagerImpl (PipelineManagerImpl.java:openPipeline(367)) - Pipeline Pipeline[ Id: f48f3a41-aac8-47c0-a40e-0dc7fcbf11df, Nodes: f6e3fb16-2d06-4033-8c03-0f6e278ccaca(fv-az208-208.e0tah0prcmautdldtlfxyeofwf.cx.internal.cloudapp.net/10.1.0.30)f35f0a8c-90e3-4c0e-82f0-ebea9a45f0ef(fv-az208-208.e0tah0prcmautdldtlfxyeofwf.cx.internal.cloudapp.net/10.1.0.30)2f5d805c-9187-458a-a4cb-1b814143bdc5(fv-az208-208.e0tah0prcmautdldtlfxyeofwf.cx.internal.cloudapp.net/10.1.0.30), ReplicationConfig: RATIS/THREE, State:ALLOCATED, leaderId:2f5d805c-9187-458a-a4cb-1b814143bdc5, CreationTimestamp2023-06-22T13:18:21.276Z[Etc/UTC]] moved to OPEN state
2023-06-22 13:18:28,950 [EventQueue-OpenPipelineForHealthyPipelineSafeModeRule] INFO  safemode.SCMSafeModeManager (HealthyPipelineSafeModeRule.java:process(137)) - SCM in safe mode. Healthy pipelines reported count is 0, required healthy pipeline reported count is 1
2023-06-22 13:18:28,950 [EventQueue-OpenPipelineForHealthyPipelineSafeModeRule] INFO  safemode.SCMSafeModeManager (HealthyPipelineSafeModeRule.java:process(137)) - SCM in safe mode. Healthy pipelines reported count is 1, required healthy pipeline reported count is 1
2023-06-22 13:18:28,950 [EventQueue-OpenPipelineForHealthyPipelineSafeModeRule] INFO  safemode.SCMSafeModeManager (SCMSafeModeManager.java:validateSafeModeExitRules(200)) - HealthyPipelineSafeModeRule rule is successfully validated
2023-06-22 13:18:28,950 [EventQueue-OpenPipelineForHealthyPipelineSafeModeRule] INFO  safemode.SCMSafeModeManager (SCMSafeModeManager.java:validateSafeModeExitRules(215)) - ScmSafeModeManager, all rules are successfully validated
2023-06-22 13:18:28,950 [EventQueue-OpenPipelineForHealthyPipelineSafeModeRule] INFO  safemode.SCMSafeModeManager (SCMSafeModeManager.java:exitSafeMode(244)) - SCM exiting safe mode.
2023-06-22 13:18:28,950 [EventQueue-OpenPipelineForHealthyPipelineSafeModeRule] INFO  ha.SCMContext (SCMContext.java:updateSafeModeStatus(228)) - Update SafeModeStatus from SafeModeStatus{safeModeStatus=true, preCheckPassed=true} to SafeModeStatus{safeModeStatus=false, preCheckPassed=true}.
2023-06-22 13:18:28,951 [EventQueue-OpenPipelineForHealthyPipelineSafeModeRule] INFO  pipeline.BackgroundPipelineCreator (BackgroundPipelineCreator.java:notifyStatusChanged(254)) - Service BackgroundPipelineCreator transitions to RUNNING.
2023-06-22 13:18:28,951 [EventQueue-OpenPipelineForHealthyPipelineSafeModeRule] INFO  BackgroundPipelineScrubber (BackgroundSCMService.java:notifyStatusChanged(82)) - Service BackgroundPipelineScrubber transitions to RUNNING.
2023-06-22 13:18:28,951 [EventQueue-OpenPipelineForHealthyPipelineSafeModeRule] INFO  ExpiredContainerReplicaOpScrubber (BackgroundSCMService.java:notifyStatusChanged(82)) - Service ExpiredContainerReplicaOpScrubber transitions to RUNNING.
2023-06-22 13:18:28,951 [EventQueue-OpenPipelineForHealthyPipelineSafeModeRule] INFO  replication.ReplicationManager (ReplicationManager.java:notifyStatusChanged(1361)) - Service ReplicationManager transitions to RUNNING.
2023-06-22 13:18:28,951 [EventQueue-OpenPipelineForHealthyPipelineSafeModeRule] WARN  balancer.ContainerBalancer (ContainerBalancer.java:shouldRun(135)) - Could not find persisted configuration for ContainerBalancer when checking if ContainerBalancer should run. ContainerBalancer should not run now.
2023-06-22 13:18:28,952 [grpc-default-executor-11] INFO  server.RaftServer$Division (RaftServerImpl.java:requestVote(1302)) - f35f0a8c-90e3-4c0e-82f0-ebea9a45f0ef@group-5FB52A34515E: receive requestVote(PRE_VOTE, 2f5d805c-9187-458a-a4cb-1b814143bdc5, group-5FB52A34515E, 0, (t:0, i:0))
2023-06-22 13:18:28,952 [grpc-default-executor-11] INFO  impl.VoteContext (VoteContext.java:log(49)) - f35f0a8c-90e3-4c0e-82f0-ebea9a45f0ef@group-5FB52A34515E-CANDIDATE: accept PRE_VOTE from 2f5d805c-9187-458a-a4cb-1b814143bdc5: our priority 0 <= candidate's priority 0
2023-06-22 13:18:28,953 [grpc-default-executor-11] INFO  server.RaftServer$Division (RaftServerImpl.java:requestVote(1335)) - f35f0a8c-90e3-4c0e-82f0-ebea9a45f0ef@group-5FB52A34515E replies to PRE_VOTE vote request: 2f5d805c-9187-458a-a4cb-1b814143bdc5<-f35f0a8c-90e3-4c0e-82f0-ebea9a45f0ef#0:OK-t0. Peer's state: f35f0a8c-90e3-4c0e-82f0-ebea9a45f0ef@group-5FB52A34515E:t0, leader=null, voted=, raftlog=Memoized:f35f0a8c-90e3-4c0e-82f0-ebea9a45f0ef@group-5FB52A34515E-SegmentedRaftLog:OPENED:c-1, conf=-1: peers:[f6e3fb16-2d06-4033-8c03-0f6e278ccaca|rpc:10.1.0.30:15067|admin:10.1.0.30:15066|client:10.1.0.30:15065|dataStream:10.1.0.30:15068|priority:1|startupRole:FOLLOWER, 2f5d805c-9187-458a-a4cb-1b814143bdc5|rpc:10.1.0.30:15076|admin:10.1.0.30:15075|client:10.1.0.30:15074|dataStream:10.1.0.30:15077|priority:0|startupRole:FOLLOWER, f35f0a8c-90e3-4c0e-82f0-ebea9a45f0ef|rpc:10.1.0.30:15085|admin:10.1.0.30:15084|client:10.1.0.30:15083|dataStream:10.1.0.30:15086|priority:0|startupRole:FOLLOWER]|listeners:[], old=null
2023-06-22 13:18:28,964 [grpc-default-executor-10] INFO  impl.VoteContext (VoteContext.java:log(49)) - f6e3fb16-2d06-4033-8c03-0f6e278ccaca@group-5FB52A34515E-CANDIDATE: reject PRE_VOTE from f35f0a8c-90e3-4c0e-82f0-ebea9a45f0ef: our priority 1 > candidate's priority 0
2023-06-22 13:18:28,964 [grpc-default-executor-10] INFO  server.RaftServer$Division (RaftServerImpl.java:requestVote(1335)) - f6e3fb16-2d06-4033-8c03-0f6e278ccaca@group-5FB52A34515E replies to PRE_VOTE vote request: f35f0a8c-90e3-4c0e-82f0-ebea9a45f0ef<-f6e3fb16-2d06-4033-8c03-0f6e278ccaca#0:FAIL-t0. Peer's state: f6e3fb16-2d06-4033-8c03-0f6e278ccaca@group-5FB52A34515E:t0, leader=null, voted=, raftlog=Memoized:f6e3fb16-2d06-4033-8c03-0f6e278ccaca@group-5FB52A34515E-SegmentedRaftLog:OPENED:c-1, conf=-1: peers:[f6e3fb16-2d06-4033-8c03-0f6e278ccaca|rpc:10.1.0.30:15067|admin:10.1.0.30:15066|client:10.1.0.30:15065|dataStream:10.1.0.30:15068|priority:1|startupRole:FOLLOWER, 2f5d805c-9187-458a-a4cb-1b814143bdc5|rpc:10.1.0.30:15076|admin:10.1.0.30:15075|client:10.1.0.30:15074|dataStream:10.1.0.30:15077|priority:0|startupRole:FOLLOWER, f35f0a8c-90e3-4c0e-82f0-ebea9a45f0ef|rpc:10.1.0.30:15085|admin:10.1.0.30:15084|client:10.1.0.30:15083|dataStream:10.1.0.30:15086|priority:0|startupRole:FOLLOWER]|listeners:[], old=null
2023-06-22 13:18:28,964 [grpc-default-executor-9] INFO  impl.VoteContext (VoteContext.java:log(49)) - f6e3fb16-2d06-4033-8c03-0f6e278ccaca@group-5FB52A34515E-CANDIDATE: reject PRE_VOTE from 2f5d805c-9187-458a-a4cb-1b814143bdc5: our priority 1 > candidate's priority 0
2023-06-22 13:18:28,964 [grpc-default-executor-9] INFO  server.RaftServer$Division (RaftServerImpl.java:requestVote(1335)) - f6e3fb16-2d06-4033-8c03-0f6e278ccaca@group-5FB52A34515E replies to PRE_VOTE vote request: 2f5d805c-9187-458a-a4cb-1b814143bdc5<-f6e3fb16-2d06-4033-8c03-0f6e278ccaca#0:FAIL-t0. Peer's state: f6e3fb16-2d06-4033-8c03-0f6e278ccaca@group-5FB52A34515E:t0, leader=null, voted=, raftlog=Memoized:f6e3fb16-2d06-4033-8c03-0f6e278ccaca@group-5FB52A34515E-SegmentedRaftLog:OPENED:c-1, conf=-1: peers:[f6e3fb16-2d06-4033-8c03-0f6e278ccaca|rpc:10.1.0.30:15067|admin:10.1.0.30:15066|client:10.1.0.30:15065|dataStream:10.1.0.30:15068|priority:1|startupRole:FOLLOWER, 2f5d805c-9187-458a-a4cb-1b814143bdc5|rpc:10.1.0.30:15076|admin:10.1.0.30:15075|client:10.1.0.30:15074|dataStream:10.1.0.30:15077|priority:0|startupRole:FOLLOWER, f35f0a8c-90e3-4c0e-82f0-ebea9a45f0ef|rpc:10.1.0.30:15085|admin:10.1.0.30:15084|client:10.1.0.30:15083|dataStream:10.1.0.30:15086|priority:0|startupRole:FOLLOWER]|listeners:[], old=null
2023-06-22 13:18:28,965 [f6e3fb16-2d06-4033-8c03-0f6e278ccaca@group-5FB52A34515E-LeaderElection16] INFO  impl.LeaderElection (LeaderElection.java:askForVotes(321)) - f6e3fb16-2d06-4033-8c03-0f6e278ccaca@group-5FB52A34515E-LeaderElection16 PRE_VOTE round 0: submit vote requests at term 0 for -1: peers:[f6e3fb16-2d06-4033-8c03-0f6e278ccaca|rpc:10.1.0.30:15067|admin:10.1.0.30:15066|client:10.1.0.30:15065|dataStream:10.1.0.30:15068|priority:1|startupRole:FOLLOWER, 2f5d805c-9187-458a-a4cb-1b814143bdc5|rpc:10.1.0.30:15076|admin:10.1.0.30:15075|client:10.1.0.30:15074|dataStream:10.1.0.30:15077|priority:0|startupRole:FOLLOWER, f35f0a8c-90e3-4c0e-82f0-ebea9a45f0ef|rpc:10.1.0.30:15085|admin:10.1.0.30:15084|client:10.1.0.30:15083|dataStream:10.1.0.30:15086|priority:0|startupRole:FOLLOWER]|listeners:[], old=null
2023-06-22 13:18:28,965 [2f5d805c-9187-458a-a4cb-1b814143bdc5@group-0DC7FCBF11DF-LeaderElection13] INFO  server.RaftServer$Division (ServerState.java:setRaftConf(434)) - 2f5d805c-9187-458a-a4cb-1b814143bdc5@group-0DC7FCBF11DF: set configuration 0: peers:[f6e3fb16-2d06-4033-8c03-0f6e278ccaca|rpc:10.1.0.30:15067|admin:10.1.0.30:15066|client:10.1.0.30:15065|dataStream:10.1.0.30:15068|priority:0|startupRole:FOLLOWER, f35f0a8c-90e3-4c0e-82f0-ebea9a45f0ef|rpc:10.1.0.30:15085|admin:10.1.0.30:15084|client:10.1.0.30:15083|dataStream:10.1.0.30:15086|priority:0|startupRole:FOLLOWER, 2f5d805c-9187-458a-a4cb-1b814143bdc5|rpc:10.1.0.30:15076|admin:10.1.0.30:15075|client:10.1.0.30:15074|dataStream:10.1.0.30:15077|priority:1|startupRole:FOLLOWER]|listeners:[], old=null
2023-06-22 13:18:28,965 [f35f0a8c-90e3-4c0e-82f0-ebea9a45f0ef@group-5FB52A34515E-LeaderElection14] INFO  impl.LeaderElection (LeaderElection.java:logAndReturn(90)) - f35f0a8c-90e3-4c0e-82f0-ebea9a45f0ef@group-5FB52A34515E-LeaderElection14: PRE_VOTE REJECTED received 2 response(s) and 0 exception(s):
2023-06-22 13:18:28,966 [f35f0a8c-90e3-4c0e-82f0-ebea9a45f0ef@group-5FB52A34515E-LeaderElection14] INFO  impl.LeaderElection (LeaderElection.java:logAndReturn(94)) -   Response 0: f35f0a8c-90e3-4c0e-82f0-ebea9a45f0ef<-f6e3fb16-2d06-4033-8c03-0f6e278ccaca#0:FAIL-t0
2023-06-22 13:18:28,966 [f35f0a8c-90e3-4c0e-82f0-ebea9a45f0ef@group-5FB52A34515E-LeaderElection14] INFO  impl.LeaderElection (LeaderElection.java:logAndReturn(94)) -   Response 1: f35f0a8c-90e3-4c0e-82f0-ebea9a45f0ef<-2f5d805c-9187-458a-a4cb-1b814143bdc5#0:OK-t0
2023-06-22 13:18:28,966 [f6e3fb16-2d06-4033-8c03-0f6e278ccaca@group-5FB52A34515E-LeaderElection16] INFO  server.RaftServerConfigKeys (ConfUtils.java:logFallback(53)) - raft.server.rpc.first-election.timeout.min = 5s (fallback to raft.server.rpc.timeout.min)
2023-06-22 13:18:28,966 [f6e3fb16-2d06-4033-8c03-0f6e278ccaca@group-5FB52A34515E-LeaderElection16] INFO  server.RaftServerConfigKeys (ConfUtils.java:logFallback(53)) - raft.server.rpc.first-election.timeout.max = 5200ms (fallback to raft.server.rpc.timeout.max)
2023-06-22 13:18:28,968 [f35f0a8c-90e3-4c0e-82f0-ebea9a45f0ef@group-5FB52A34515E-LeaderElection14] INFO  impl.LeaderElection (LeaderElection.java:askForVotes(323)) - f35f0a8c-90e3-4c0e-82f0-ebea9a45f0ef@group-5FB52A34515E-LeaderElection14 PRE_VOTE round 0: result REJECTED
2023-06-22 13:18:28,968 [f35f0a8c-90e3-4c0e-82f0-ebea9a45f0ef@group-5FB52A34515E-LeaderElection14] INFO  server.RaftServer$Division (RaftServerImpl.java:setRole(329)) - f35f0a8c-90e3-4c0e-82f0-ebea9a45f0ef@group-5FB52A34515E: changes role from CANDIDATE to FOLLOWER at term 0 for REJECTED
2023-06-22 13:18:28,968 [f35f0a8c-90e3-4c0e-82f0-ebea9a45f0ef@group-5FB52A34515E-LeaderElection14] INFO  impl.RoleInfo (RoleInfo.java:shutdownLeaderElection(130)) - f35f0a8c-90e3-4c0e-82f0-ebea9a45f0ef: shutdown f35f0a8c-90e3-4c0e-82f0-ebea9a45f0ef@group-5FB52A34515E-LeaderElection14
2023-06-22 13:18:28,968 [f35f0a8c-90e3-4c0e-82f0-ebea9a45f0ef@group-5FB52A34515E-LeaderElection14] INFO  impl.RoleInfo (RoleInfo.java:updateAndGet(139)) - f35f0a8c-90e3-4c0e-82f0-ebea9a45f0ef: start f35f0a8c-90e3-4c0e-82f0-ebea9a45f0ef@group-5FB52A34515E-FollowerState
2023-06-22 13:18:28,972 [2f5d805c-9187-458a-a4cb-1b814143bdc5@group-5FB52A34515E-LeaderElection15] INFO  impl.LeaderElection (LeaderElection.java:logAndReturn(90)) - 2f5d805c-9187-458a-a4cb-1b814143bdc5@group-5FB52A34515E-LeaderElection15: PRE_VOTE REJECTED received 2 response(s) and 0 exception(s):
2023-06-22 13:18:28,972 [2f5d805c-9187-458a-a4cb-1b814143bdc5@group-5FB52A34515E-LeaderElection15] INFO  impl.LeaderElection (LeaderElection.java:logAndReturn(94)) -   Response 0: 2f5d805c-9187-458a-a4cb-1b814143bdc5<-f6e3fb16-2d06-4033-8c03-0f6e278ccaca#0:FAIL-t0
2023-06-22 13:18:28,972 [2f5d805c-9187-458a-a4cb-1b814143bdc5@group-5FB52A34515E-LeaderElection15] INFO  impl.LeaderElection (LeaderElection.java:logAndReturn(94)) -   Response 1: 2f5d805c-9187-458a-a4cb-1b814143bdc5<-f35f0a8c-90e3-4c0e-82f0-ebea9a45f0ef#0:OK-t0
2023-06-22 13:18:28,972 [2f5d805c-9187-458a-a4cb-1b814143bdc5@group-5FB52A34515E-LeaderElection15] INFO  impl.LeaderElection (LeaderElection.java:askForVotes(323)) - 2f5d805c-9187-458a-a4cb-1b814143bdc5@group-5FB52A34515E-LeaderElection15 PRE_VOTE round 0: result REJECTED
2023-06-22 13:18:28,972 [2f5d805c-9187-458a-a4cb-1b814143bdc5@group-5FB52A34515E-LeaderElection15] INFO  server.RaftServer$Division (RaftServerImpl.java:setRole(329)) - 2f5d805c-9187-458a-a4cb-1b814143bdc5@group-5FB52A34515E: changes role from CANDIDATE to FOLLOWER at term 0 for REJECTED
2023-06-22 13:18:28,972 [2f5d805c-9187-458a-a4cb-1b814143bdc5@group-5FB52A34515E-LeaderElection15] INFO  impl.RoleInfo (RoleInfo.java:shutdownLeaderElection(130)) - 2f5d805c-9187-458a-a4cb-1b814143bdc5: shutdown 2f5d805c-9187-458a-a4cb-1b814143bdc5@group-5FB52A34515E-LeaderElection15
2023-06-22 13:18:28,972 [2f5d805c-9187-458a-a4cb-1b814143bdc5@group-5FB52A34515E-LeaderElection15] INFO  impl.RoleInfo (RoleInfo.java:updateAndGet(139)) - 2f5d805c-9187-458a-a4cb-1b814143bdc5: start 2f5d805c-9187-458a-a4cb-1b814143bdc5@group-5FB52A34515E-FollowerState
2023-06-22 13:18:28,973 [grpc-default-executor-5] INFO  server.RaftServer$Division (RaftServerImpl.java:requestVote(1302)) - f35f0a8c-90e3-4c0e-82f0-ebea9a45f0ef@group-5FB52A34515E: receive requestVote(PRE_VOTE, f6e3fb16-2d06-4033-8c03-0f6e278ccaca, group-5FB52A34515E, 0, (t:0, i:0))
2023-06-22 13:18:28,973 [grpc-default-executor-5] INFO  impl.VoteContext (VoteContext.java:log(49)) - f35f0a8c-90e3-4c0e-82f0-ebea9a45f0ef@group-5FB52A34515E-FOLLOWER: accept PRE_VOTE from f6e3fb16-2d06-4033-8c03-0f6e278ccaca: our priority 0 <= candidate's priority 1
2023-06-22 13:18:28,973 [grpc-default-executor-5] INFO  server.RaftServer$Division (RaftServerImpl.java:requestVote(1335)) - f35f0a8c-90e3-4c0e-82f0-ebea9a45f0ef@group-5FB52A34515E replies to PRE_VOTE vote request: f6e3fb16-2d06-4033-8c03-0f6e278ccaca<-f35f0a8c-90e3-4c0e-82f0-ebea9a45f0ef#0:OK-t0. Peer's state: f35f0a8c-90e3-4c0e-82f0-ebea9a45f0ef@group-5FB52A34515E:t0, leader=null, voted=, raftlog=Memoized:f35f0a8c-90e3-4c0e-82f0-ebea9a45f0ef@group-5FB52A34515E-SegmentedRaftLog:OPENED:c-1, conf=-1: peers:[f6e3fb16-2d06-4033-8c03-0f6e278ccaca|rpc:10.1.0.30:15067|admin:10.1.0.30:15066|client:10.1.0.30:15065|dataStream:10.1.0.30:15068|priority:1|startupRole:FOLLOWER, 2f5d805c-9187-458a-a4cb-1b814143bdc5|rpc:10.1.0.30:15076|admin:10.1.0.30:15075|client:10.1.0.30:15074|dataStream:10.1.0.30:15077|priority:0|startupRole:FOLLOWER, f35f0a8c-90e3-4c0e-82f0-ebea9a45f0ef|rpc:10.1.0.30:15085|admin:10.1.0.30:15084|client:10.1.0.30:15083|dataStream:10.1.0.30:15086|priority:0|startupRole:FOLLOWER]|listeners:[], old=null
2023-06-22 13:18:28,977 [grpc-default-executor-10] INFO  server.RaftServer$Division (RaftServerImpl.java:requestVote(1302)) - 2f5d805c-9187-458a-a4cb-1b814143bdc5@group-5FB52A34515E: receive requestVote(PRE_VOTE, f6e3fb16-2d06-4033-8c03-0f6e278ccaca, group-5FB52A34515E, 0, (t:0, i:0))
2023-06-22 13:18:28,977 [grpc-default-executor-10] INFO  impl.VoteContext (VoteContext.java:log(49)) - 2f5d805c-9187-458a-a4cb-1b814143bdc5@group-5FB52A34515E-FOLLOWER: accept PRE_VOTE from f6e3fb16-2d06-4033-8c03-0f6e278ccaca: our priority 0 <= candidate's priority 1
2023-06-22 13:18:28,977 [grpc-default-executor-10] INFO  server.RaftServer$Division (RaftServerImpl.java:requestVote(1335)) - 2f5d805c-9187-458a-a4cb-1b814143bdc5@group-5FB52A34515E replies to PRE_VOTE vote request: f6e3fb16-2d06-4033-8c03-0f6e278ccaca<-2f5d805c-9187-458a-a4cb-1b814143bdc5#0:OK-t0. Peer's state: 2f5d805c-9187-458a-a4cb-1b814143bdc5@group-5FB52A34515E:t0, leader=null, voted=, raftlog=Memoized:2f5d805c-9187-458a-a4cb-1b814143bdc5@group-5FB52A34515E-SegmentedRaftLog:OPENED:c-1, conf=-1: peers:[f6e3fb16-2d06-4033-8c03-0f6e278ccaca|rpc:10.1.0.30:15067|admin:10.1.0.30:15066|client:10.1.0.30:15065|dataStream:10.1.0.30:15068|priority:1|startupRole:FOLLOWER, 2f5d805c-9187-458a-a4cb-1b814143bdc5|rpc:10.1.0.30:15076|admin:10.1.0.30:15075|client:10.1.0.30:15074|dataStream:10.1.0.30:15077|priority:0|startupRole:FOLLOWER, f35f0a8c-90e3-4c0e-82f0-ebea9a45f0ef|rpc:10.1.0.30:15085|admin:10.1.0.30:15084|client:10.1.0.30:15083|dataStream:10.1.0.30:15086|priority:0|startupRole:FOLLOWER]|listeners:[], old=null
2023-06-22 13:18:28,979 [f6e3fb16-2d06-4033-8c03-0f6e278ccaca-server-thread1] INFO  ratis.XceiverServerRatis (XceiverServerRatis.java:handleLeaderChangedNotification(902)) - Leader change notification received for group: group-0DC7FCBF11DF with new leaderId: 2f5d805c-9187-458a-a4cb-1b814143bdc5
2023-06-22 13:18:28,981 [f6e3fb16-2d06-4033-8c03-0f6e278ccaca@group-5FB52A34515E-LeaderElection16] INFO  impl.LeaderElection (LeaderElection.java:logAndReturn(90)) - f6e3fb16-2d06-4033-8c03-0f6e278ccaca@group-5FB52A34515E-LeaderElection16: PRE_VOTE PASSED received 1 response(s) and 0 exception(s):
2023-06-22 13:18:28,981 [f6e3fb16-2d06-4033-8c03-0f6e278ccaca@group-5FB52A34515E-LeaderElection16] INFO  impl.LeaderElection (LeaderElection.java:logAndReturn(94)) -   Response 0: f6e3fb16-2d06-4033-8c03-0f6e278ccaca<-f35f0a8c-90e3-4c0e-82f0-ebea9a45f0ef#0:OK-t0
2023-06-22 13:18:28,981 [f6e3fb16-2d06-4033-8c03-0f6e278ccaca@group-5FB52A34515E-LeaderElection16] INFO  impl.LeaderElection (LeaderElection.java:askForVotes(323)) - f6e3fb16-2d06-4033-8c03-0f6e278ccaca@group-5FB52A34515E-LeaderElection16 PRE_VOTE round 0: result PASSED
2023-06-22 13:18:28,982 [f35f0a8c-90e3-4c0e-82f0-ebea9a45f0ef-server-thread1] INFO  ratis.XceiverServerRatis (XceiverServerRatis.java:handleLeaderChangedNotification(902)) - Leader change notification received for group: group-0DC7FCBF11DF with new leaderId: 2f5d805c-9187-458a-a4cb-1b814143bdc5
2023-06-22 13:18:28,982 [f35f0a8c-90e3-4c0e-82f0-ebea9a45f0ef-server-thread1] INFO  server.RaftServer$Division (ServerState.java:setLeader(317)) - f35f0a8c-90e3-4c0e-82f0-ebea9a45f0ef@group-0DC7FCBF11DF: change Leader from null to 2f5d805c-9187-458a-a4cb-1b814143bdc5 at term 1 for appendEntries, leader elected after 5324ms
2023-06-22 13:18:28,992 [f6e3fb16-2d06-4033-8c03-0f6e278ccaca-server-thread1] INFO  server.RaftServer$Division (ServerState.java:setLeader(317)) - f6e3fb16-2d06-4033-8c03-0f6e278ccaca@group-0DC7FCBF11DF: change Leader from null to 2f5d805c-9187-458a-a4cb-1b814143bdc5 at term 1 for appendEntries, leader elected after 5349ms
2023-06-22 13:18:28,992 [f6e3fb16-2d06-4033-8c03-0f6e278ccaca@group-5FB52A34515E-LeaderElection16] INFO  impl.LeaderElection (LeaderElection.java:askForVotes(321)) - f6e3fb16-2d06-4033-8c03-0f6e278ccaca@group-5FB52A34515E-LeaderElection16 ELECTION round 0: submit vote requests at term 1 for -1: peers:[f6e3fb16-2d06-4033-8c03-0f6e278ccaca|rpc:10.1.0.30:15067|admin:10.1.0.30:15066|client:10.1.0.30:15065|dataStream:10.1.0.30:15068|priority:1|startupRole:FOLLOWER, 2f5d805c-9187-458a-a4cb-1b814143bdc5|rpc:10.1.0.30:15076|admin:10.1.0.30:15075|client:10.1.0.30:15074|dataStream:10.1.0.30:15077|priority:0|startupRole:FOLLOWER, f35f0a8c-90e3-4c0e-82f0-ebea9a45f0ef|rpc:10.1.0.30:15085|admin:10.1.0.30:15084|client:10.1.0.30:15083|dataStream:10.1.0.30:15086|priority:0|startupRole:FOLLOWER]|listeners:[], old=null
2023-06-22 13:18:28,994 [grpc-default-executor-11] INFO  server.RaftServer$Division (RaftServerImpl.java:requestVote(1302)) - 2f5d805c-9187-458a-a4cb-1b814143bdc5@group-5FB52A34515E: receive requestVote(ELECTION, f6e3fb16-2d06-4033-8c03-0f6e278ccaca, group-5FB52A34515E, 1, (t:0, i:0))
2023-06-22 13:18:28,994 [f6e3fb16-2d06-4033-8c03-0f6e278ccaca@group-5FB52A34515E-LeaderElection16] INFO  server.RaftServerConfigKeys (ConfUtils.java:logFallback(53)) - raft.server.rpc.first-election.timeout.min = 5s (fallback to raft.server.rpc.timeout.min)
2023-06-22 13:18:28,994 [grpc-default-executor-11] INFO  impl.VoteContext (VoteContext.java:log(49)) - 2f5d805c-9187-458a-a4cb-1b814143bdc5@group-5FB52A34515E-FOLLOWER: accept ELECTION from f6e3fb16-2d06-4033-8c03-0f6e278ccaca: our priority 0 <= candidate's priority 1
2023-06-22 13:18:28,994 [f6e3fb16-2d06-4033-8c03-0f6e278ccaca@group-5FB52A34515E-LeaderElection16] INFO  server.RaftServerConfigKeys (ConfUtils.java:logFallback(53)) - raft.server.rpc.first-election.timeout.max = 5200ms (fallback to raft.server.rpc.timeout.max)
2023-06-22 13:18:28,994 [grpc-default-executor-11] INFO  server.RaftServer$Division (RaftServerImpl.java:setRole(329)) - 2f5d805c-9187-458a-a4cb-1b814143bdc5@group-5FB52A34515E: changes role from  FOLLOWER to FOLLOWER at term 1 for candidate:f6e3fb16-2d06-4033-8c03-0f6e278ccaca
2023-06-22 13:18:28,994 [grpc-default-executor-11] INFO  impl.RoleInfo (RoleInfo.java:shutdownFollowerState(110)) - 2f5d805c-9187-458a-a4cb-1b814143bdc5: shutdown 2f5d805c-9187-458a-a4cb-1b814143bdc5@group-5FB52A34515E-FollowerState
2023-06-22 13:18:28,994 [grpc-default-executor-11] INFO  impl.RoleInfo (RoleInfo.java:updateAndGet(139)) - 2f5d805c-9187-458a-a4cb-1b814143bdc5: start 2f5d805c-9187-458a-a4cb-1b814143bdc5@group-5FB52A34515E-FollowerState
2023-06-22 13:18:28,994 [2f5d805c-9187-458a-a4cb-1b814143bdc5@group-5FB52A34515E-FollowerState] INFO  impl.FollowerState (FollowerState.java:run(152)) - 2f5d805c-9187-458a-a4cb-1b814143bdc5@group-5FB52A34515E-FollowerState was interrupted
2023-06-22 13:18:28,995 [grpc-default-executor-7] INFO  server.RaftServer$Division (RaftServerImpl.java:requestVote(1302)) - f35f0a8c-90e3-4c0e-82f0-ebea9a45f0ef@group-5FB52A34515E: receive requestVote(ELECTION, f6e3fb16-2d06-4033-8c03-0f6e278ccaca, group-5FB52A34515E, 1, (t:0, i:0))
2023-06-22 13:18:28,995 [grpc-default-executor-7] INFO  impl.VoteContext (VoteContext.java:log(49)) - f35f0a8c-90e3-4c0e-82f0-ebea9a45f0ef@group-5FB52A34515E-FOLLOWER: accept ELECTION from f6e3fb16-2d06-4033-8c03-0f6e278ccaca: our priority 0 <= candidate's priority 1
2023-06-22 13:18:28,995 [grpc-default-executor-7] INFO  server.RaftServer$Division (RaftServerImpl.java:setRole(329)) - f35f0a8c-90e3-4c0e-82f0-ebea9a45f0ef@group-5FB52A34515E: changes role from  FOLLOWER to FOLLOWER at term 1 for candidate:f6e3fb16-2d06-4033-8c03-0f6e278ccaca
2023-06-22 13:18:28,995 [grpc-default-executor-7] INFO  impl.RoleInfo (RoleInfo.java:shutdownFollowerState(110)) - f35f0a8c-90e3-4c0e-82f0-ebea9a45f0ef: shutdown f35f0a8c-90e3-4c0e-82f0-ebea9a45f0ef@group-5FB52A34515E-FollowerState
2023-06-22 13:18:28,996 [grpc-default-executor-7] INFO  impl.RoleInfo (RoleInfo.java:updateAndGet(139)) - f35f0a8c-90e3-4c0e-82f0-ebea9a45f0ef: start f35f0a8c-90e3-4c0e-82f0-ebea9a45f0ef@group-5FB52A34515E-FollowerState
2023-06-22 13:18:28,996 [f35f0a8c-90e3-4c0e-82f0-ebea9a45f0ef@group-5FB52A34515E-FollowerState] INFO  impl.FollowerState (FollowerState.java:run(152)) - f35f0a8c-90e3-4c0e-82f0-ebea9a45f0ef@group-5FB52A34515E-FollowerState was interrupted
2023-06-22 13:18:28,997 [grpc-default-executor-11] INFO  server.RaftServer$Division (RaftServerImpl.java:requestVote(1335)) - 2f5d805c-9187-458a-a4cb-1b814143bdc5@group-5FB52A34515E replies to ELECTION vote request: f6e3fb16-2d06-4033-8c03-0f6e278ccaca<-2f5d805c-9187-458a-a4cb-1b814143bdc5#0:OK-t1. Peer's state: 2f5d805c-9187-458a-a4cb-1b814143bdc5@group-5FB52A34515E:t1, leader=null, voted=f6e3fb16-2d06-4033-8c03-0f6e278ccaca, raftlog=Memoized:2f5d805c-9187-458a-a4cb-1b814143bdc5@group-5FB52A34515E-SegmentedRaftLog:OPENED:c-1, conf=-1: peers:[f6e3fb16-2d06-4033-8c03-0f6e278ccaca|rpc:10.1.0.30:15067|admin:10.1.0.30:15066|client:10.1.0.30:15065|dataStream:10.1.0.30:15068|priority:1|startupRole:FOLLOWER, 2f5d805c-9187-458a-a4cb-1b814143bdc5|rpc:10.1.0.30:15076|admin:10.1.0.30:15075|client:10.1.0.30:15074|dataStream:10.1.0.30:15077|priority:0|startupRole:FOLLOWER, f35f0a8c-90e3-4c0e-82f0-ebea9a45f0ef|rpc:10.1.0.30:15085|admin:10.1.0.30:15084|client:10.1.0.30:15083|dataStream:10.1.0.30:15086|priority:0|startupRole:FOLLOWER]|listeners:[], old=null
2023-06-22 13:18:29,004 [f6e3fb16-2d06-4033-8c03-0f6e278ccaca-server-thread2] INFO  server.RaftServer$Division (ServerState.java:setRaftConf(434)) - f6e3fb16-2d06-4033-8c03-0f6e278ccaca@group-0DC7FCBF11DF: set configuration 0: peers:[f6e3fb16-2d06-4033-8c03-0f6e278ccaca|rpc:10.1.0.30:15067|admin:10.1.0.30:15066|client:10.1.0.30:15065|dataStream:10.1.0.30:15068|priority:0|startupRole:FOLLOWER, f35f0a8c-90e3-4c0e-82f0-ebea9a45f0ef|rpc:10.1.0.30:15085|admin:10.1.0.30:15084|client:10.1.0.30:15083|dataStream:10.1.0.30:15086|priority:0|startupRole:FOLLOWER, 2f5d805c-9187-458a-a4cb-1b814143bdc5|rpc:10.1.0.30:15076|admin:10.1.0.30:15075|client:10.1.0.30:15074|dataStream:10.1.0.30:15077|priority:1|startupRole:FOLLOWER]|listeners:[], old=null
2023-06-22 13:18:29,004 [f6e3fb16-2d06-4033-8c03-0f6e278ccaca-server-thread2] INFO  segmented.SegmentedRaftLogWorker (SegmentedRaftLogWorker.java:startLogSegment(447)) - f6e3fb16-2d06-4033-8c03-0f6e278ccaca@group-0DC7FCBF11DF-SegmentedRaftLogWorker: Starting segment from index:0
2023-06-22 13:18:29,004 [f6e3fb16-2d06-4033-8c03-0f6e278ccaca@group-5FB52A34515E-LeaderElection16] INFO  impl.LeaderElection (LeaderElection.java:logAndReturn(90)) - f6e3fb16-2d06-4033-8c03-0f6e278ccaca@group-5FB52A34515E-LeaderElection16: ELECTION PASSED received 1 response(s) and 0 exception(s):
2023-06-22 13:18:29,005 [f6e3fb16-2d06-4033-8c03-0f6e278ccaca@group-5FB52A34515E-LeaderElection16] INFO  impl.LeaderElection (LeaderElection.java:logAndReturn(94)) -   Response 0: f6e3fb16-2d06-4033-8c03-0f6e278ccaca<-2f5d805c-9187-458a-a4cb-1b814143bdc5#0:OK-t1
2023-06-22 13:18:29,005 [f6e3fb16-2d06-4033-8c03-0f6e278ccaca@group-5FB52A34515E-LeaderElection16] INFO  impl.LeaderElection (LeaderElection.java:askForVotes(323)) - f6e3fb16-2d06-4033-8c03-0f6e278ccaca@group-5FB52A34515E-LeaderElection16 ELECTION round 0: result PASSED
2023-06-22 13:18:29,005 [f6e3fb16-2d06-4033-8c03-0f6e278ccaca@group-5FB52A34515E-LeaderElection16] INFO  impl.RoleInfo (RoleInfo.java:shutdownLeaderElection(130)) - f6e3fb16-2d06-4033-8c03-0f6e278ccaca: shutdown f6e3fb16-2d06-4033-8c03-0f6e278ccaca@group-5FB52A34515E-LeaderElection16
2023-06-22 13:18:29,005 [f6e3fb16-2d06-4033-8c03-0f6e278ccaca@group-5FB52A34515E-LeaderElection16] INFO  server.RaftServer$Division (RaftServerImpl.java:setRole(329)) - f6e3fb16-2d06-4033-8c03-0f6e278ccaca@group-5FB52A34515E: changes role from CANDIDATE to LEADER at term 1 for changeToLeader
2023-06-22 13:18:29,005 [f6e3fb16-2d06-4033-8c03-0f6e278ccaca@group-5FB52A34515E-LeaderElection16] INFO  ratis.XceiverServerRatis (XceiverServerRatis.java:handleLeaderChangedNotification(902)) - Leader change notification received for group: group-5FB52A34515E with new leaderId: f6e3fb16-2d06-4033-8c03-0f6e278ccaca
2023-06-22 13:18:29,005 [f6e3fb16-2d06-4033-8c03-0f6e278ccaca@group-5FB52A34515E-LeaderElection16] INFO  server.RaftServer$Division (ServerState.java:setLeader(317)) - f6e3fb16-2d06-4033-8c03-0f6e278ccaca@group-5FB52A34515E: change Leader from null to f6e3fb16-2d06-4033-8c03-0f6e278ccaca at term 1 for becomeLeader, leader elected after 5265ms
2023-06-22 13:18:29,005 [f6e3fb16-2d06-4033-8c03-0f6e278ccaca@group-5FB52A34515E-LeaderElection16] INFO  server.RaftServerConfigKeys (ConfUtils.java:logGet(46)) - raft.server.staging.catchup.gap = 1000 (default)
2023-06-22 13:18:29,005 [f6e3fb16-2d06-4033-8c03-0f6e278ccaca@group-5FB52A34515E-LeaderElection16] INFO  server.RaftServerConfigKeys (ConfUtils.java:logGet(46)) - raft.server.write.element-limit = 1024 (custom)
2023-06-22 13:18:29,005 [f6e3fb16-2d06-4033-8c03-0f6e278ccaca@group-5FB52A34515E-LeaderElection16] INFO  server.RaftServerConfigKeys (ConfUtils.java:logGet(46)) - raft.server.write.byte-limit = 1024 M (=1073741824) (custom)
2023-06-22 13:18:29,005 [f6e3fb16-2d06-4033-8c03-0f6e278ccaca@group-5FB52A34515E-LeaderElection16] INFO  server.RaftServerConfigKeys (ConfUtils.java:logGet(46)) - raft.server.watch.timeout = 180s (custom)
2023-06-22 13:18:29,005 [f6e3fb16-2d06-4033-8c03-0f6e278ccaca@group-5FB52A34515E-LeaderElection16] INFO  server.RaftServerConfigKeys (ConfUtils.java:logGet(46)) - raft.server.watch.timeout.denomination = 1s (default)
2023-06-22 13:18:29,005 [f6e3fb16-2d06-4033-8c03-0f6e278ccaca@group-5FB52A34515E-LeaderElection16] INFO  server.RaftServerConfigKeys (ConfUtils.java:logGet(46)) - raft.server.watch.element-limit = 65536 (default)
2023-06-22 13:18:29,006 [f6e3fb16-2d06-4033-8c03-0f6e278ccaca@group-5FB52A34515E-LeaderElection16] INFO  server.RaftServerConfigKeys (ConfUtils.java:logGet(46)) - raft.server.write.element-limit = 1024 (custom)
2023-06-22 13:18:29,006 [f6e3fb16-2d06-4033-8c03-0f6e278ccaca@group-5FB52A34515E-LeaderElection16] INFO  server.RaftServerConfigKeys (ConfUtils.java:logGet(46)) - raft.server.write.follower.gap.ratio.max = -1.0 (default)
2023-06-22 13:18:29,006 [grpc-default-executor-7] INFO  server.RaftServer$Division (RaftServerImpl.java:requestVote(1335)) - f35f0a8c-90e3-4c0e-82f0-ebea9a45f0ef@group-5FB52A34515E replies to ELECTION vote request: f6e3fb16-2d06-4033-8c03-0f6e278ccaca<-f35f0a8c-90e3-4c0e-82f0-ebea9a45f0ef#0:OK-t1. Peer's state: f35f0a8c-90e3-4c0e-82f0-ebea9a45f0ef@group-5FB52A34515E:t1, leader=null, voted=f6e3fb16-2d06-4033-8c03-0f6e278ccaca, raftlog=Memoized:f35f0a8c-90e3-4c0e-82f0-ebea9a45f0ef@group-5FB52A34515E-SegmentedRaftLog:OPENED:c-1, conf=-1: peers:[f6e3fb16-2d06-4033-8c03-0f6e278ccaca|rpc:10.1.0.30:15067|admin:10.1.0.30:15066|client:10.1.0.30:15065|dataStream:10.1.0.30:15068|priority:1|startupRole:FOLLOWER, 2f5d805c-9187-458a-a4cb-1b814143bdc5|rpc:10.1.0.30:15076|admin:10.1.0.30:15075|client:10.1.0.30:15074|dataStream:10.1.0.30:15077|priority:0|startupRole:FOLLOWER, f35f0a8c-90e3-4c0e-82f0-ebea9a45f0ef|rpc:10.1.0.30:15085|admin:10.1.0.30:15084|client:10.1.0.30:15083|dataStream:10.1.0.30:15086|priority:0|startupRole:FOLLOWER]|listeners:[], old=null
2023-06-22 13:18:29,006 [f6e3fb16-2d06-4033-8c03-0f6e278ccaca@group-0DC7FCBF11DF-SegmentedRaftLogWorker] INFO  segmented.SegmentedRaftLogWorker (SegmentedRaftLogWorker.java:execute(651)) - f6e3fb16-2d06-4033-8c03-0f6e278ccaca@group-0DC7FCBF11DF-SegmentedRaftLogWorker: created new log segment /home/runner/work/ozone/ozone/hadoop-ozone/integration-test/target/test-dir/MiniOzoneClusterImpl-f04ff4d6-b670-4e84-9a89-5b4d7edf6ec9/datanode-0/data/ratis/f48f3a41-aac8-47c0-a40e-0dc7fcbf11df/current/log_inprogress_0
2023-06-22 13:18:29,007 [EventQueue-PipelineReportForPipelineReportHandler] INFO  pipeline.PipelineManagerImpl (PipelineManagerImpl.java:openPipeline(367)) - Pipeline Pipeline[ Id: 8ae0de83-d840-4709-ada2-5fb52a34515e, Nodes: 2f5d805c-9187-458a-a4cb-1b814143bdc5(fv-az208-208.e0tah0prcmautdldtlfxyeofwf.cx.internal.cloudapp.net/10.1.0.30)f35f0a8c-90e3-4c0e-82f0-ebea9a45f0ef(fv-az208-208.e0tah0prcmautdldtlfxyeofwf.cx.internal.cloudapp.net/10.1.0.30)f6e3fb16-2d06-4033-8c03-0f6e278ccaca(fv-az208-208.e0tah0prcmautdldtlfxyeofwf.cx.internal.cloudapp.net/10.1.0.30), ReplicationConfig: RATIS/THREE, State:ALLOCATED, leaderId:f6e3fb16-2d06-4033-8c03-0f6e278ccaca, CreationTimestamp2023-06-22T13:18:21.277Z[Etc/UTC]] moved to OPEN state
2023-06-22 13:18:29,008 [f6e3fb16-2d06-4033-8c03-0f6e278ccaca@group-5FB52A34515E-LeaderElection16] INFO  server.RaftServerConfigKeys (ConfUtils.java:logGet(46)) - raft.server.log.appender.snapshot.chunk.size.max = 16MB (=16777216) (default)
2023-06-22 13:18:29,008 [f6e3fb16-2d06-4033-8c03-0f6e278ccaca@group-5FB52A34515E-LeaderElection16] INFO  server.RaftServerConfigKeys (ConfUtils.java:logGet(46)) - raft.server.log.appender.buffer.byte-limit = 33554432 (custom)
2023-06-22 13:18:29,008 [f6e3fb16-2d06-4033-8c03-0f6e278ccaca@group-5FB52A34515E-LeaderElection16] INFO  server.RaftServerConfigKeys (ConfUtils.java:logGet(46)) - raft.server.log.appender.buffer.element-limit = 1 (custom)
2023-06-22 13:18:29,009 [f6e3fb16-2d06-4033-8c03-0f6e278ccaca@group-5FB52A34515E-LeaderElection16] INFO  server.RaftServerConfigKeys (ConfUtils.java:logGet(46)) - raft.server.log.appender.wait-time.min = 10ms (default)
2023-06-22 13:18:29,009 [f6e3fb16-2d06-4033-8c03-0f6e278ccaca@group-5FB52A34515E-LeaderElection16] INFO  grpc.GrpcConfigKeys (ConfUtils.java:logGet(46)) - raft.grpc.server.leader.outstanding.appends.max = 128 (default)
2023-06-22 13:18:29,009 [f6e3fb16-2d06-4033-8c03-0f6e278ccaca@group-5FB52A34515E-LeaderElection16] INFO  server.RaftServerConfigKeys (ConfUtils.java:logGet(46)) - raft.server.rpc.request.timeout = 60s (custom)
2023-06-22 13:18:29,009 [f6e3fb16-2d06-4033-8c03-0f6e278ccaca@group-5FB52A34515E-LeaderElection16] INFO  grpc.GrpcConfigKeys (ConfUtils.java:logGet(46)) - raft.grpc.server.install_snapshot.request.element-limit = 8 (default)
2023-06-22 13:18:29,009 [f6e3fb16-2d06-4033-8c03-0f6e278ccaca@group-5FB52A34515E-LeaderElection16] INFO  grpc.GrpcConfigKeys (ConfUtils.java:logGet(46)) - raft.grpc.server.install_snapshot.request.timeout = 3000ms (default)
2023-06-22 13:18:29,009 [f6e3fb16-2d06-4033-8c03-0f6e278ccaca@group-5FB52A34515E-LeaderElection16] INFO  server.RaftServerConfigKeys (ConfUtils.java:logGet(46)) - raft.server.log.appender.install.snapshot.enabled = false (custom)
2023-06-22 13:18:29,009 [f6e3fb16-2d06-4033-8c03-0f6e278ccaca@group-5FB52A34515E-LeaderElection16] INFO  grpc.GrpcConfigKeys (ConfUtils.java:logGet(46)) - raft.grpc.server.heartbeat.channel = true (default)
2023-06-22 13:18:29,009 [f6e3fb16-2d06-4033-8c03-0f6e278ccaca@group-5FB52A34515E-LeaderElection16] INFO  server.RaftServerConfigKeys (ConfUtils.java:logGet(46)) - raft.server.log.appender.snapshot.chunk.size.max = 16MB (=16777216) (default)
2023-06-22 13:18:29,009 [f6e3fb16-2d06-4033-8c03-0f6e278ccaca@group-5FB52A34515E-LeaderElection16] INFO  server.RaftServerConfigKeys (ConfUtils.java:logGet(46)) - raft.server.log.appender.buffer.byte-limit = 33554432 (custom)
2023-06-22 13:18:29,009 [f6e3fb16-2d06-4033-8c03-0f6e278ccaca@group-5FB52A34515E-LeaderElection16] INFO  server.RaftServerConfigKeys (ConfUtils.java:logGet(46)) - raft.server.log.appender.buffer.element-limit = 1 (custom)
2023-06-22 13:18:29,009 [f6e3fb16-2d06-4033-8c03-0f6e278ccaca@group-5FB52A34515E-LeaderElection16] INFO  server.RaftServerConfigKeys (ConfUtils.java:logGet(46)) - raft.server.log.appender.wait-time.min = 10ms (default)
2023-06-22 13:18:29,009 [f6e3fb16-2d06-4033-8c03-0f6e278ccaca@group-5FB52A34515E-LeaderElection16] INFO  grpc.GrpcConfigKeys (ConfUtils.java:logGet(46)) - raft.grpc.server.leader.outstanding.appends.max = 128 (default)
2023-06-22 13:18:29,009 [f6e3fb16-2d06-4033-8c03-0f6e278ccaca@group-5FB52A34515E-LeaderElection16] INFO  server.RaftServerConfigKeys (ConfUtils.java:logGet(46)) - raft.server.rpc.request.timeout = 60s (custom)
2023-06-22 13:18:29,009 [f6e3fb16-2d06-4033-8c03-0f6e278ccaca@group-5FB52A34515E-LeaderElection16] INFO  grpc.GrpcConfigKeys (ConfUtils.java:logGet(46)) - raft.grpc.server.install_snapshot.request.element-limit = 8 (default)
2023-06-22 13:18:29,010 [f6e3fb16-2d06-4033-8c03-0f6e278ccaca@group-5FB52A34515E-LeaderElection16] INFO  grpc.GrpcConfigKeys (ConfUtils.java:logGet(46)) - raft.grpc.server.install_snapshot.request.timeout = 3000ms (default)
2023-06-22 13:18:29,010 [f6e3fb16-2d06-4033-8c03-0f6e278ccaca@group-5FB52A34515E-LeaderElection16] INFO  server.RaftServerConfigKeys (ConfUtils.java:logGet(46)) - raft.server.log.appender.install.snapshot.enabled = false (custom)
2023-06-22 13:18:29,010 [f6e3fb16-2d06-4033-8c03-0f6e278ccaca@group-5FB52A34515E-LeaderElection16] INFO  grpc.GrpcConfigKeys (ConfUtils.java:logGet(46)) - raft.grpc.server.heartbeat.channel = true (default)
2023-06-22 13:18:29,010 [f6e3fb16-2d06-4033-8c03-0f6e278ccaca@group-5FB52A34515E-LeaderElection16] INFO  impl.RoleInfo (RoleInfo.java:updateAndGet(139)) - f6e3fb16-2d06-4033-8c03-0f6e278ccaca: start f6e3fb16-2d06-4033-8c03-0f6e278ccaca@group-5FB52A34515E-LeaderStateImpl
2023-06-22 13:18:29,010 [f6e3fb16-2d06-4033-8c03-0f6e278ccaca@group-5FB52A34515E-LeaderElection16] INFO  segmented.SegmentedRaftLogWorker (SegmentedRaftLogWorker.java:startLogSegment(447)) - f6e3fb16-2d06-4033-8c03-0f6e278ccaca@group-5FB52A34515E-SegmentedRaftLogWorker: Starting segment from index:0
2023-06-22 13:18:29,012 [f35f0a8c-90e3-4c0e-82f0-ebea9a45f0ef-server-thread2] INFO  server.RaftServer$Division (ServerState.java:setRaftConf(434)) - f35f0a8c-90e3-4c0e-82f0-ebea9a45f0ef@group-0DC7FCBF11DF: set configuration 0: peers:[f6e3fb16-2d06-4033-8c03-0f6e278ccaca|rpc:10.1.0.30:15067|admin:10.1.0.30:15066|client:10.1.0.30:15065|dataStream:10.1.0.30:15068|priority:0|startupRole:FOLLOWER, f35f0a8c-90e3-4c0e-82f0-ebea9a45f0ef|rpc:10.1.0.30:15085|admin:10.1.0.30:15084|client:10.1.0.30:15083|dataStream:10.1.0.30:15086|priority:0|startupRole:FOLLOWER, 2f5d805c-9187-458a-a4cb-1b814143bdc5|rpc:10.1.0.30:15076|admin:10.1.0.30:15075|client:10.1.0.30:15074|dataStream:10.1.0.30:15077|priority:1|startupRole:FOLLOWER]|listeners:[], old=null
2023-06-22 13:18:29,012 [f35f0a8c-90e3-4c0e-82f0-ebea9a45f0ef-server-thread2] INFO  segmented.SegmentedRaftLogWorker (SegmentedRaftLogWorker.java:startLogSegment(447)) - f35f0a8c-90e3-4c0e-82f0-ebea9a45f0ef@group-0DC7FCBF11DF-SegmentedRaftLogWorker: Starting segment from index:0
2023-06-22 13:18:29,013 [f6e3fb16-2d06-4033-8c03-0f6e278ccaca@group-5FB52A34515E-SegmentedRaftLogWorker] INFO  segmented.SegmentedRaftLogWorker (SegmentedRaftLogWorker.java:execute(651)) - f6e3fb16-2d06-4033-8c03-0f6e278ccaca@group-5FB52A34515E-SegmentedRaftLogWorker: created new log segment /home/runner/work/ozone/ozone/hadoop-ozone/integration-test/target/test-dir/MiniOzoneClusterImpl-f04ff4d6-b670-4e84-9a89-5b4d7edf6ec9/datanode-0/data/ratis/8ae0de83-d840-4709-ada2-5fb52a34515e/current/log_inprogress_0
2023-06-22 13:18:29,013 [f35f0a8c-90e3-4c0e-82f0-ebea9a45f0ef@group-0DC7FCBF11DF-SegmentedRaftLogWorker] INFO  segmented.SegmentedRaftLogWorker (SegmentedRaftLogWorker.java:execute(651)) - f35f0a8c-90e3-4c0e-82f0-ebea9a45f0ef@group-0DC7FCBF11DF-SegmentedRaftLogWorker: created new log segment /home/runner/work/ozone/ozone/hadoop-ozone/integration-test/target/test-dir/MiniOzoneClusterImpl-f04ff4d6-b670-4e84-9a89-5b4d7edf6ec9/datanode-2/data/ratis/f48f3a41-aac8-47c0-a40e-0dc7fcbf11df/current/log_inprogress_0
2023-06-22 13:18:29,016 [f6e3fb16-2d06-4033-8c03-0f6e278ccaca@group-5FB52A34515E-LeaderElection16] INFO  server.RaftServer$Division (ServerState.java:setRaftConf(434)) - f6e3fb16-2d06-4033-8c03-0f6e278ccaca@group-5FB52A34515E: set configuration 0: peers:[f6e3fb16-2d06-4033-8c03-0f6e278ccaca|rpc:10.1.0.30:15067|admin:10.1.0.30:15066|client:10.1.0.30:15065|dataStream:10.1.0.30:15068|priority:1|startupRole:FOLLOWER, 2f5d805c-9187-458a-a4cb-1b814143bdc5|rpc:10.1.0.30:15076|admin:10.1.0.30:15075|client:10.1.0.30:15074|dataStream:10.1.0.30:15077|priority:0|startupRole:FOLLOWER, f35f0a8c-90e3-4c0e-82f0-ebea9a45f0ef|rpc:10.1.0.30:15085|admin:10.1.0.30:15084|client:10.1.0.30:15083|dataStream:10.1.0.30:15086|priority:0|startupRole:FOLLOWER]|listeners:[], old=null
2023-06-22 13:18:29,031 [2f5d805c-9187-458a-a4cb-1b814143bdc5-server-thread1] INFO  ratis.XceiverServerRatis (XceiverServerRatis.java:handleLeaderChangedNotification(902)) - Leader change notification received for group: group-5FB52A34515E with new leaderId: f6e3fb16-2d06-4033-8c03-0f6e278ccaca
2023-06-22 13:18:29,031 [2f5d805c-9187-458a-a4cb-1b814143bdc5-server-thread1] INFO  server.RaftServer$Division (ServerState.java:setLeader(317)) - 2f5d805c-9187-458a-a4cb-1b814143bdc5@group-5FB52A34515E: change Leader from null to f6e3fb16-2d06-4033-8c03-0f6e278ccaca at term 1 for appendEntries, leader elected after 5265ms
2023-06-22 13:18:29,031 [f35f0a8c-90e3-4c0e-82f0-ebea9a45f0ef-server-thread1] INFO  ratis.XceiverServerRatis (XceiverServerRatis.java:handleLeaderChangedNotification(902)) - Leader change notification received for group: group-5FB52A34515E with new leaderId: f6e3fb16-2d06-4033-8c03-0f6e278ccaca
2023-06-22 13:18:29,032 [f35f0a8c-90e3-4c0e-82f0-ebea9a45f0ef-server-thread1] INFO  server.RaftServer$Division (ServerState.java:setLeader(317)) - f35f0a8c-90e3-4c0e-82f0-ebea9a45f0ef@group-5FB52A34515E: change Leader from null to f6e3fb16-2d06-4033-8c03-0f6e278ccaca at term 1 for appendEntries, leader elected after 5217ms
2023-06-22 13:18:29,040 [f35f0a8c-90e3-4c0e-82f0-ebea9a45f0ef-server-thread2] INFO  server.RaftServer$Division (ServerState.java:setRaftConf(434)) - f35f0a8c-90e3-4c0e-82f0-ebea9a45f0ef@group-5FB52A34515E: set configuration 0: peers:[f6e3fb16-2d06-4033-8c03-0f6e278ccaca|rpc:10.1.0.30:15067|admin:10.1.0.30:15066|client:10.1.0.30:15065|dataStream:10.1.0.30:15068|priority:1|startupRole:FOLLOWER, 2f5d805c-9187-458a-a4cb-1b814143bdc5|rpc:10.1.0.30:15076|admin:10.1.0.30:15075|client:10.1.0.30:15074|dataStream:10.1.0.30:15077|priority:0|startupRole:FOLLOWER, f35f0a8c-90e3-4c0e-82f0-ebea9a45f0ef|rpc:10.1.0.30:15085|admin:10.1.0.30:15084|client:10.1.0.30:15083|dataStream:10.1.0.30:15086|priority:0|startupRole:FOLLOWER]|listeners:[], old=null
2023-06-22 13:18:29,041 [f35f0a8c-90e3-4c0e-82f0-ebea9a45f0ef-server-thread2] INFO  segmented.SegmentedRaftLogWorker (SegmentedRaftLogWorker.java:startLogSegment(447)) - f35f0a8c-90e3-4c0e-82f0-ebea9a45f0ef@group-5FB52A34515E-SegmentedRaftLogWorker: Starting segment from index:0
2023-06-22 13:18:29,041 [2f5d805c-9187-458a-a4cb-1b814143bdc5-server-thread2] INFO  server.RaftServer$Division (ServerState.java:setRaftConf(434)) - 2f5d805c-9187-458a-a4cb-1b814143bdc5@group-5FB52A34515E: set configuration 0: peers:[f6e3fb16-2d06-4033-8c03-0f6e278ccaca|rpc:10.1.0.30:15067|admin:10.1.0.30:15066|client:10.1.0.30:15065|dataStream:10.1.0.30:15068|priority:1|startupRole:FOLLOWER, 2f5d805c-9187-458a-a4cb-1b814143bdc5|rpc:10.1.0.30:15076|admin:10.1.0.30:15075|client:10.1.0.30:15074|dataStream:10.1.0.30:15077|priority:0|startupRole:FOLLOWER, f35f0a8c-90e3-4c0e-82f0-ebea9a45f0ef|rpc:10.1.0.30:15085|admin:10.1.0.30:15084|client:10.1.0.30:15083|dataStream:10.1.0.30:15086|priority:0|startupRole:FOLLOWER]|listeners:[], old=null
2023-06-22 13:18:29,041 [2f5d805c-9187-458a-a4cb-1b814143bdc5-server-thread2] INFO  segmented.SegmentedRaftLogWorker (SegmentedRaftLogWorker.java:startLogSegment(447)) - 2f5d805c-9187-458a-a4cb-1b814143bdc5@group-5FB52A34515E-SegmentedRaftLogWorker: Starting segment from index:0
2023-06-22 13:18:29,042 [f35f0a8c-90e3-4c0e-82f0-ebea9a45f0ef@group-5FB52A34515E-SegmentedRaftLogWorker] INFO  segmented.SegmentedRaftLogWorker (SegmentedRaftLogWorker.java:execute(651)) - f35f0a8c-90e3-4c0e-82f0-ebea9a45f0ef@group-5FB52A34515E-SegmentedRaftLogWorker: created new log segment /home/runner/work/ozone/ozone/hadoop-ozone/integration-test/target/test-dir/MiniOzoneClusterImpl-f04ff4d6-b670-4e84-9a89-5b4d7edf6ec9/datanode-2/data/ratis/8ae0de83-d840-4709-ada2-5fb52a34515e/current/log_inprogress_0
2023-06-22 13:18:29,043 [2f5d805c-9187-458a-a4cb-1b814143bdc5@group-5FB52A34515E-SegmentedRaftLogWorker] INFO  segmented.SegmentedRaftLogWorker (SegmentedRaftLogWorker.java:execute(651)) - 2f5d805c-9187-458a-a4cb-1b814143bdc5@group-5FB52A34515E-SegmentedRaftLogWorker: created new log segment /home/runner/work/ozone/ozone/hadoop-ozone/integration-test/target/test-dir/MiniOzoneClusterImpl-f04ff4d6-b670-4e84-9a89-5b4d7edf6ec9/datanode-1/data/ratis/8ae0de83-d840-4709-ada2-5fb52a34515e/current/log_inprogress_0
2023-06-22 13:18:29,144 [2f5d805c-9187-458a-a4cb-1b814143bdc5@group-42A520CD4912-FollowerState] INFO  impl.FollowerState (FollowerState.java:run(143)) - 2f5d805c-9187-458a-a4cb-1b814143bdc5@group-42A520CD4912-FollowerState: change to CANDIDATE, lastRpcElapsedTime:5151243839ns, electionTimeout:5140ms
2023-06-22 13:18:29,144 [2f5d805c-9187-458a-a4cb-1b814143bdc5@group-42A520CD4912-FollowerState] INFO  impl.RoleInfo (RoleInfo.java:shutdownFollowerState(110)) - 2f5d805c-9187-458a-a4cb-1b814143bdc5: shutdown 2f5d805c-9187-458a-a4cb-1b814143bdc5@group-42A520CD4912-FollowerState
2023-06-22 13:18:29,144 [2f5d805c-9187-458a-a4cb-1b814143bdc5@group-42A520CD4912-FollowerState] INFO  server.RaftServer$Division (RaftServerImpl.java:setRole(329)) - 2f5d805c-9187-458a-a4cb-1b814143bdc5@group-42A520CD4912: changes role from  FOLLOWER to CANDIDATE at term 0 for changeToCandidate
2023-06-22 13:18:29,145 [2f5d805c-9187-458a-a4cb-1b814143bdc5@group-42A520CD4912-FollowerState] INFO  server.RaftServerConfigKeys (ConfUtils.java:logGet(46)) - raft.server.leaderelection.pre-vote = true (default)
2023-06-22 13:18:29,145 [2f5d805c-9187-458a-a4cb-1b814143bdc5@group-42A520CD4912-FollowerState] INFO  impl.RoleInfo (RoleInfo.java:updateAndGet(139)) - 2f5d805c-9187-458a-a4cb-1b814143bdc5: start 2f5d805c-9187-458a-a4cb-1b814143bdc5@group-42A520CD4912-LeaderElection17
2023-06-22 13:18:29,146 [2f5d805c-9187-458a-a4cb-1b814143bdc5@group-42A520CD4912-LeaderElection17] INFO  impl.LeaderElection (LeaderElection.java:askForVotes(321)) - 2f5d805c-9187-458a-a4cb-1b814143bdc5@group-42A520CD4912-LeaderElection17 PRE_VOTE round 0: submit vote requests at term 0 for -1: peers:[2f5d805c-9187-458a-a4cb-1b814143bdc5|rpc:10.1.0.30:15076|admin:10.1.0.30:15075|client:10.1.0.30:15074|dataStream:10.1.0.30:15077|priority:1|startupRole:FOLLOWER]|listeners:[], old=null
2023-06-22 13:18:29,146 [2f5d805c-9187-458a-a4cb-1b814143bdc5@group-42A520CD4912-LeaderElection17] INFO  impl.LeaderElection (LeaderElection.java:askForVotes(323)) - 2f5d805c-9187-458a-a4cb-1b814143bdc5@group-42A520CD4912-LeaderElection17 PRE_VOTE round 0: result PASSED (term=0)
2023-06-22 13:18:29,148 [2f5d805c-9187-458a-a4cb-1b814143bdc5@group-42A520CD4912-LeaderElection17] INFO  impl.LeaderElection (LeaderElection.java:askForVotes(321)) - 2f5d805c-9187-458a-a4cb-1b814143bdc5@group-42A520CD4912-LeaderElection17 ELECTION round 0: submit vote requests at term 1 for -1: peers:[2f5d805c-9187-458a-a4cb-1b814143bdc5|rpc:10.1.0.30:15076|admin:10.1.0.30:15075|client:10.1.0.30:15074|dataStream:10.1.0.30:15077|priority:1|startupRole:FOLLOWER]|listeners:[], old=null
2023-06-22 13:18:29,148 [2f5d805c-9187-458a-a4cb-1b814143bdc5@group-42A520CD4912-LeaderElection17] INFO  impl.LeaderElection (LeaderElection.java:askForVotes(323)) - 2f5d805c-9187-458a-a4cb-1b814143bdc5@group-42A520CD4912-LeaderElection17 ELECTION round 0: result PASSED (term=1)
2023-06-22 13:18:29,148 [2f5d805c-9187-458a-a4cb-1b814143bdc5@group-42A520CD4912-LeaderElection17] INFO  impl.RoleInfo (RoleInfo.java:shutdownLeaderElection(130)) - 2f5d805c-9187-458a-a4cb-1b814143bdc5: shutdown 2f5d805c-9187-458a-a4cb-1b814143bdc5@group-42A520CD4912-LeaderElection17
2023-06-22 13:18:29,148 [2f5d805c-9187-458a-a4cb-1b814143bdc5@group-42A520CD4912-LeaderElection17] INFO  server.RaftServer$Division (RaftServerImpl.java:setRole(329)) - 2f5d805c-9187-458a-a4cb-1b814143bdc5@group-42A520CD4912: changes role from CANDIDATE to LEADER at term 1 for changeToLeader
2023-06-22 13:18:29,148 [2f5d805c-9187-458a-a4cb-1b814143bdc5@group-42A520CD4912-LeaderElection17] INFO  ratis.XceiverServerRatis (XceiverServerRatis.java:handleLeaderChangedNotification(902)) - Leader change notification received for group: group-42A520CD4912 with new leaderId: 2f5d805c-9187-458a-a4cb-1b814143bdc5
2023-06-22 13:18:29,149 [2f5d805c-9187-458a-a4cb-1b814143bdc5@group-42A520CD4912-LeaderElection17] INFO  server.RaftServer$Division (ServerState.java:setLeader(317)) - 2f5d805c-9187-458a-a4cb-1b814143bdc5@group-42A520CD4912: change Leader from null to 2f5d805c-9187-458a-a4cb-1b814143bdc5 at term 1 for becomeLeader, leader elected after 5167ms
2023-06-22 13:18:29,149 [2f5d805c-9187-458a-a4cb-1b814143bdc5@group-42A520CD4912-LeaderElection17] INFO  server.RaftServerConfigKeys (ConfUtils.java:logGet(46)) - raft.server.staging.catchup.gap = 1000 (default)
2023-06-22 13:18:29,149 [2f5d805c-9187-458a-a4cb-1b814143bdc5@group-42A520CD4912-LeaderElection17] INFO  server.RaftServerConfigKeys (ConfUtils.java:logGet(46)) - raft.server.write.element-limit = 1024 (custom)
2023-06-22 13:18:29,149 [2f5d805c-9187-458a-a4cb-1b814143bdc5@group-42A520CD4912-LeaderElection17] INFO  server.RaftServerConfigKeys (ConfUtils.java:logGet(46)) - raft.server.write.byte-limit = 1024 M (=1073741824) (custom)
2023-06-22 13:18:29,149 [2f5d805c-9187-458a-a4cb-1b814143bdc5@group-42A520CD4912-LeaderElection17] INFO  server.RaftServerConfigKeys (ConfUtils.java:logGet(46)) - raft.server.watch.timeout = 180s (custom)
2023-06-22 13:18:29,149 [2f5d805c-9187-458a-a4cb-1b814143bdc5@group-42A520CD4912-LeaderElection17] INFO  server.RaftServerConfigKeys (ConfUtils.java:logGet(46)) - raft.server.watch.timeout.denomination = 1s (default)
2023-06-22 13:18:29,149 [2f5d805c-9187-458a-a4cb-1b814143bdc5@group-42A520CD4912-LeaderElection17] INFO  server.RaftServerConfigKeys (ConfUtils.java:logGet(46)) - raft.server.watch.element-limit = 65536 (default)
2023-06-22 13:18:29,150 [2f5d805c-9187-458a-a4cb-1b814143bdc5@group-42A520CD4912-LeaderElection17] INFO  server.RaftServerConfigKeys (ConfUtils.java:logGet(46)) - raft.server.write.element-limit = 1024 (custom)
2023-06-22 13:18:29,150 [2f5d805c-9187-458a-a4cb-1b814143bdc5@group-42A520CD4912-LeaderElection17] INFO  server.RaftServerConfigKeys (ConfUtils.java:logGet(46)) - raft.server.write.follower.gap.ratio.max = -1.0 (default)
2023-06-22 13:18:29,150 [2f5d805c-9187-458a-a4cb-1b814143bdc5@group-42A520CD4912-LeaderElection17] INFO  impl.RoleInfo (RoleInfo.java:updateAndGet(139)) - 2f5d805c-9187-458a-a4cb-1b814143bdc5: start 2f5d805c-9187-458a-a4cb-1b814143bdc5@group-42A520CD4912-LeaderStateImpl
2023-06-22 13:18:29,150 [2f5d805c-9187-458a-a4cb-1b814143bdc5@group-42A520CD4912-LeaderElection17] INFO  segmented.SegmentedRaftLogWorker (SegmentedRaftLogWorker.java:startLogSegment(447)) - 2f5d805c-9187-458a-a4cb-1b814143bdc5@group-42A520CD4912-SegmentedRaftLogWorker: Starting segment from index:0
2023-06-22 13:18:29,152 [2f5d805c-9187-458a-a4cb-1b814143bdc5@group-42A520CD4912-LeaderElection17] INFO  server.RaftServer$Division (ServerState.java:setRaftConf(434)) - 2f5d805c-9187-458a-a4cb-1b814143bdc5@group-42A520CD4912: set configuration 0: peers:[2f5d805c-9187-458a-a4cb-1b814143bdc5|rpc:10.1.0.30:15076|admin:10.1.0.30:15075|client:10.1.0.30:15074|dataStream:10.1.0.30:15077|priority:1|startupRole:FOLLOWER]|listeners:[], old=null
2023-06-22 13:18:29,153 [2f5d805c-9187-458a-a4cb-1b814143bdc5@group-42A520CD4912-SegmentedRaftLogWorker] INFO  segmented.SegmentedRaftLogWorker (SegmentedRaftLogWorker.java:execute(651)) - 2f5d805c-9187-458a-a4cb-1b814143bdc5@group-42A520CD4912-SegmentedRaftLogWorker: created new log segment /home/runner/work/ozone/ozone/hadoop-ozone/integration-test/target/test-dir/MiniOzoneClusterImpl-f04ff4d6-b670-4e84-9a89-5b4d7edf6ec9/datanode-1/data/ratis/b9e1087b-9227-4d7d-a8e8-42a520cd4912/current/log_inprogress_0
2023-06-22 13:18:29,369 [f35f0a8c-90e3-4c0e-82f0-ebea9a45f0ef@group-F1E233525E34-FollowerState] INFO  impl.FollowerState (FollowerState.java:run(143)) - f35f0a8c-90e3-4c0e-82f0-ebea9a45f0ef@group-F1E233525E34-FollowerState: change to CANDIDATE, lastRpcElapsedTime:5079387192ns, electionTimeout:5078ms
2023-06-22 13:18:29,369 [f35f0a8c-90e3-4c0e-82f0-ebea9a45f0ef@group-F1E233525E34-FollowerState] INFO  impl.RoleInfo (RoleInfo.java:shutdownFollowerState(110)) - f35f0a8c-90e3-4c0e-82f0-ebea9a45f0ef: shutdown f35f0a8c-90e3-4c0e-82f0-ebea9a45f0ef@group-F1E233525E34-FollowerState
2023-06-22 13:18:29,369 [f35f0a8c-90e3-4c0e-82f0-ebea9a45f0ef@group-F1E233525E34-FollowerState] INFO  server.RaftServer$Division (RaftServerImpl.java:setRole(329)) - f35f0a8c-90e3-4c0e-82f0-ebea9a45f0ef@group-F1E233525E34: changes role from  FOLLOWER to CANDIDATE at term 0 for changeToCandidate
2023-06-22 13:18:29,369 [f35f0a8c-90e3-4c0e-82f0-ebea9a45f0ef@group-F1E233525E34-FollowerState] INFO  server.RaftServerConfigKeys (ConfUtils.java:logGet(46)) - raft.server.leaderelection.pre-vote = true (default)
2023-06-22 13:18:29,369 [f35f0a8c-90e3-4c0e-82f0-ebea9a45f0ef@group-F1E233525E34-FollowerState] INFO  impl.RoleInfo (RoleInfo.java:updateAndGet(139)) - f35f0a8c-90e3-4c0e-82f0-ebea9a45f0ef: start f35f0a8c-90e3-4c0e-82f0-ebea9a45f0ef@group-F1E233525E34-LeaderElection18
2023-06-22 13:18:29,370 [f35f0a8c-90e3-4c0e-82f0-ebea9a45f0ef@group-F1E233525E34-LeaderElection18] INFO  impl.LeaderElection (LeaderElection.java:askForVotes(321)) - f35f0a8c-90e3-4c0e-82f0-ebea9a45f0ef@group-F1E233525E34-LeaderElection18 PRE_VOTE round 0: submit vote requests at term 0 for -1: peers:[f35f0a8c-90e3-4c0e-82f0-ebea9a45f0ef|rpc:10.1.0.30:15085|admin:10.1.0.30:15084|client:10.1.0.30:15083|dataStream:10.1.0.30:15086|priority:1|startupRole:FOLLOWER]|listeners:[], old=null
2023-06-22 13:18:29,370 [f35f0a8c-90e3-4c0e-82f0-ebea9a45f0ef@group-F1E233525E34-LeaderElection18] INFO  impl.LeaderElection (LeaderElection.java:askForVotes(323)) - f35f0a8c-90e3-4c0e-82f0-ebea9a45f0ef@group-F1E233525E34-LeaderElection18 PRE_VOTE round 0: result PASSED (term=0)
2023-06-22 13:18:29,372 [f35f0a8c-90e3-4c0e-82f0-ebea9a45f0ef@group-F1E233525E34-LeaderElection18] INFO  impl.LeaderElection (LeaderElection.java:askForVotes(321)) - f35f0a8c-90e3-4c0e-82f0-ebea9a45f0ef@group-F1E233525E34-LeaderElection18 ELECTION round 0: submit vote requests at term 1 for -1: peers:[f35f0a8c-90e3-4c0e-82f0-ebea9a45f0ef|rpc:10.1.0.30:15085|admin:10.1.0.30:15084|client:10.1.0.30:15083|dataStream:10.1.0.30:15086|priority:1|startupRole:FOLLOWER]|listeners:[], old=null
2023-06-22 13:18:29,372 [f35f0a8c-90e3-4c0e-82f0-ebea9a45f0ef@group-F1E233525E34-LeaderElection18] INFO  impl.LeaderElection (LeaderElection.java:askForVotes(323)) - f35f0a8c-90e3-4c0e-82f0-ebea9a45f0ef@group-F1E233525E34-LeaderElection18 ELECTION round 0: result PASSED (term=1)
2023-06-22 13:18:29,372 [f35f0a8c-90e3-4c0e-82f0-ebea9a45f0ef@group-F1E233525E34-LeaderElection18] INFO  impl.RoleInfo (RoleInfo.java:shutdownLeaderElection(130)) - f35f0a8c-90e3-4c0e-82f0-ebea9a45f0ef: shutdown f35f0a8c-90e3-4c0e-82f0-ebea9a45f0ef@group-F1E233525E34-LeaderElection18
2023-06-22 13:18:29,372 [f35f0a8c-90e3-4c0e-82f0-ebea9a45f0ef@group-F1E233525E34-LeaderElection18] INFO  server.RaftServer$Division (RaftServerImpl.java:setRole(329)) - f35f0a8c-90e3-4c0e-82f0-ebea9a45f0ef@group-F1E233525E34: changes role from CANDIDATE to LEADER at term 1 for changeToLeader
2023-06-22 13:18:29,372 [f35f0a8c-90e3-4c0e-82f0-ebea9a45f0ef@group-F1E233525E34-LeaderElection18] INFO  ratis.XceiverServerRatis (XceiverServerRatis.java:handleLeaderChangedNotification(902)) - Leader change notification received for group: group-F1E233525E34 with new leaderId: f35f0a8c-90e3-4c0e-82f0-ebea9a45f0ef
2023-06-22 13:18:29,372 [f35f0a8c-90e3-4c0e-82f0-ebea9a45f0ef@group-F1E233525E34-LeaderElection18] INFO  server.RaftServer$Division (ServerState.java:setLeader(317)) - f35f0a8c-90e3-4c0e-82f0-ebea9a45f0ef@group-F1E233525E34: change Leader from null to f35f0a8c-90e3-4c0e-82f0-ebea9a45f0ef at term 1 for becomeLeader, leader elected after 5096ms
2023-06-22 13:18:29,373 [f35f0a8c-90e3-4c0e-82f0-ebea9a45f0ef@group-F1E233525E34-LeaderElection18] INFO  server.RaftServerConfigKeys (ConfUtils.java:logGet(46)) - raft.server.staging.catchup.gap = 1000 (default)
2023-06-22 13:18:29,373 [f35f0a8c-90e3-4c0e-82f0-ebea9a45f0ef@group-F1E233525E34-LeaderElection18] INFO  server.RaftServerConfigKeys (ConfUtils.java:logGet(46)) - raft.server.write.element-limit = 1024 (custom)
2023-06-22 13:18:29,373 [f35f0a8c-90e3-4c0e-82f0-ebea9a45f0ef@group-F1E233525E34-LeaderElection18] INFO  server.RaftServerConfigKeys (ConfUtils.java:logGet(46)) - raft.server.write.byte-limit = 1024 M (=1073741824) (custom)
2023-06-22 13:18:29,373 [f35f0a8c-90e3-4c0e-82f0-ebea9a45f0ef@group-F1E233525E34-LeaderElection18] INFO  server.RaftServerConfigKeys (ConfUtils.java:logGet(46)) - raft.server.watch.timeout = 180s (custom)
2023-06-22 13:18:29,373 [f35f0a8c-90e3-4c0e-82f0-ebea9a45f0ef@group-F1E233525E34-LeaderElection18] INFO  server.RaftServerConfigKeys (ConfUtils.java:logGet(46)) - raft.server.watch.timeout.denomination = 1s (default)
2023-06-22 13:18:29,373 [f35f0a8c-90e3-4c0e-82f0-ebea9a45f0ef@group-F1E233525E34-LeaderElection18] INFO  server.RaftServerConfigKeys (ConfUtils.java:logGet(46)) - raft.server.watch.element-limit = 65536 (default)
2023-06-22 13:18:29,373 [f35f0a8c-90e3-4c0e-82f0-ebea9a45f0ef@group-F1E233525E34-LeaderElection18] INFO  server.RaftServerConfigKeys (ConfUtils.java:logGet(46)) - raft.server.write.element-limit = 1024 (custom)
2023-06-22 13:18:29,373 [f35f0a8c-90e3-4c0e-82f0-ebea9a45f0ef@group-F1E233525E34-LeaderElection18] INFO  server.RaftServerConfigKeys (ConfUtils.java:logGet(46)) - raft.server.write.follower.gap.ratio.max = -1.0 (default)
2023-06-22 13:18:29,373 [f35f0a8c-90e3-4c0e-82f0-ebea9a45f0ef@group-F1E233525E34-LeaderElection18] INFO  impl.RoleInfo (RoleInfo.java:updateAndGet(139)) - f35f0a8c-90e3-4c0e-82f0-ebea9a45f0ef: start f35f0a8c-90e3-4c0e-82f0-ebea9a45f0ef@group-F1E233525E34-LeaderStateImpl
2023-06-22 13:18:29,374 [f35f0a8c-90e3-4c0e-82f0-ebea9a45f0ef@group-F1E233525E34-LeaderElection18] INFO  segmented.SegmentedRaftLogWorker (SegmentedRaftLogWorker.java:startLogSegment(447)) - f35f0a8c-90e3-4c0e-82f0-ebea9a45f0ef@group-F1E233525E34-SegmentedRaftLogWorker: Starting segment from index:0
2023-06-22 13:18:29,374 [f35f0a8c-90e3-4c0e-82f0-ebea9a45f0ef@group-F1E233525E34-LeaderElection18] INFO  server.RaftServer$Division (ServerState.java:setRaftConf(434)) - f35f0a8c-90e3-4c0e-82f0-ebea9a45f0ef@group-F1E233525E34: set configuration 0: peers:[f35f0a8c-90e3-4c0e-82f0-ebea9a45f0ef|rpc:10.1.0.30:15085|admin:10.1.0.30:15084|client:10.1.0.30:15083|dataStream:10.1.0.30:15086|priority:1|startupRole:FOLLOWER]|listeners:[], old=null
2023-06-22 13:18:29,376 [f35f0a8c-90e3-4c0e-82f0-ebea9a45f0ef@group-F1E233525E34-SegmentedRaftLogWorker] INFO  segmented.SegmentedRaftLogWorker (SegmentedRaftLogWorker.java:execute(651)) - f35f0a8c-90e3-4c0e-82f0-ebea9a45f0ef@group-F1E233525E34-SegmentedRaftLogWorker: created new log segment /home/runner/work/ozone/ozone/hadoop-ozone/integration-test/target/test-dir/MiniOzoneClusterImpl-f04ff4d6-b670-4e84-9a89-5b4d7edf6ec9/datanode-2/data/ratis/a2d3b3e7-ed3f-471c-a075-f1e233525e34/current/log_inprogress_0
2023-06-22 13:18:29,615 [48fae9b8-4a64-47c7-9afa-6a245820b276@group-F63A7CCA7E33-FollowerState] INFO  impl.FollowerState (FollowerState.java:run(143)) - 48fae9b8-4a64-47c7-9afa-6a245820b276@group-F63A7CCA7E33-FollowerState: change to CANDIDATE, lastRpcElapsedTime:5009101345ns, electionTimeout:5007ms
2023-06-22 13:18:29,615 [48fae9b8-4a64-47c7-9afa-6a245820b276@group-F63A7CCA7E33-FollowerState] INFO  impl.RoleInfo (RoleInfo.java:shutdownFollowerState(110)) - 48fae9b8-4a64-47c7-9afa-6a245820b276: shutdown 48fae9b8-4a64-47c7-9afa-6a245820b276@group-F63A7CCA7E33-FollowerState
2023-06-22 13:18:29,615 [48fae9b8-4a64-47c7-9afa-6a245820b276@group-F63A7CCA7E33-FollowerState] INFO  server.RaftServer$Division (RaftServerImpl.java:setRole(329)) - 48fae9b8-4a64-47c7-9afa-6a245820b276@group-F63A7CCA7E33: changes role from  FOLLOWER to CANDIDATE at term 0 for changeToCandidate
2023-06-22 13:18:29,615 [48fae9b8-4a64-47c7-9afa-6a245820b276@group-F63A7CCA7E33-FollowerState] INFO  server.RaftServerConfigKeys (ConfUtils.java:logGet(46)) - raft.server.leaderelection.pre-vote = true (default)
2023-06-22 13:18:29,615 [48fae9b8-4a64-47c7-9afa-6a245820b276@group-F63A7CCA7E33-FollowerState] INFO  impl.RoleInfo (RoleInfo.java:updateAndGet(139)) - 48fae9b8-4a64-47c7-9afa-6a245820b276: start 48fae9b8-4a64-47c7-9afa-6a245820b276@group-F63A7CCA7E33-LeaderElection19
2023-06-22 13:18:29,617 [48fae9b8-4a64-47c7-9afa-6a245820b276@group-F63A7CCA7E33-LeaderElection19] INFO  impl.LeaderElection (LeaderElection.java:askForVotes(321)) - 48fae9b8-4a64-47c7-9afa-6a245820b276@group-F63A7CCA7E33-LeaderElection19 PRE_VOTE round 0: submit vote requests at term 0 for -1: peers:[48fae9b8-4a64-47c7-9afa-6a245820b276|rpc:10.1.0.30:15094|admin:10.1.0.30:15093|client:10.1.0.30:15092|dataStream:10.1.0.30:15095|priority:1|startupRole:FOLLOWER]|listeners:[], old=null
2023-06-22 13:18:29,617 [48fae9b8-4a64-47c7-9afa-6a245820b276@group-F63A7CCA7E33-LeaderElection19] INFO  impl.LeaderElection (LeaderElection.java:askForVotes(323)) - 48fae9b8-4a64-47c7-9afa-6a245820b276@group-F63A7CCA7E33-LeaderElection19 PRE_VOTE round 0: result PASSED (term=0)
2023-06-22 13:18:29,618 [48fae9b8-4a64-47c7-9afa-6a245820b276@group-F63A7CCA7E33-LeaderElection19] INFO  impl.LeaderElection (LeaderElection.java:askForVotes(321)) - 48fae9b8-4a64-47c7-9afa-6a245820b276@group-F63A7CCA7E33-LeaderElection19 ELECTION round 0: submit vote requests at term 1 for -1: peers:[48fae9b8-4a64-47c7-9afa-6a245820b276|rpc:10.1.0.30:15094|admin:10.1.0.30:15093|client:10.1.0.30:15092|dataStream:10.1.0.30:15095|priority:1|startupRole:FOLLOWER]|listeners:[], old=null
2023-06-22 13:18:29,619 [48fae9b8-4a64-47c7-9afa-6a245820b276@group-F63A7CCA7E33-LeaderElection19] INFO  impl.LeaderElection (LeaderElection.java:askForVotes(323)) - 48fae9b8-4a64-47c7-9afa-6a245820b276@group-F63A7CCA7E33-LeaderElection19 ELECTION round 0: result PASSED (term=1)
2023-06-22 13:18:29,619 [48fae9b8-4a64-47c7-9afa-6a245820b276@group-F63A7CCA7E33-LeaderElection19] INFO  impl.RoleInfo (RoleInfo.java:shutdownLeaderElection(130)) - 48fae9b8-4a64-47c7-9afa-6a245820b276: shutdown 48fae9b8-4a64-47c7-9afa-6a245820b276@group-F63A7CCA7E33-LeaderElection19
2023-06-22 13:18:29,619 [48fae9b8-4a64-47c7-9afa-6a245820b276@group-F63A7CCA7E33-LeaderElection19] INFO  server.RaftServer$Division (RaftServerImpl.java:setRole(329)) - 48fae9b8-4a64-47c7-9afa-6a245820b276@group-F63A7CCA7E33: changes role from CANDIDATE to LEADER at term 1 for changeToLeader
2023-06-22 13:18:29,619 [48fae9b8-4a64-47c7-9afa-6a245820b276@group-F63A7CCA7E33-LeaderElection19] INFO  ratis.XceiverServerRatis (XceiverServerRatis.java:handleLeaderChangedNotification(902)) - Leader change notification received for group: group-F63A7CCA7E33 with new leaderId: 48fae9b8-4a64-47c7-9afa-6a245820b276
2023-06-22 13:18:29,619 [48fae9b8-4a64-47c7-9afa-6a245820b276@group-F63A7CCA7E33-LeaderElection19] INFO  server.RaftServer$Division (ServerState.java:setLeader(317)) - 48fae9b8-4a64-47c7-9afa-6a245820b276@group-F63A7CCA7E33: change Leader from null to 48fae9b8-4a64-47c7-9afa-6a245820b276 at term 1 for becomeLeader, leader elected after 5033ms
2023-06-22 13:18:29,619 [48fae9b8-4a64-47c7-9afa-6a245820b276@group-F63A7CCA7E33-LeaderElection19] INFO  server.RaftServerConfigKeys (ConfUtils.java:logGet(46)) - raft.server.staging.catchup.gap = 1000 (default)
2023-06-22 13:18:29,619 [48fae9b8-4a64-47c7-9afa-6a245820b276@group-F63A7CCA7E33-LeaderElection19] INFO  server.RaftServerConfigKeys (ConfUtils.java:logGet(46)) - raft.server.write.element-limit = 1024 (custom)
2023-06-22 13:18:29,620 [48fae9b8-4a64-47c7-9afa-6a245820b276@group-F63A7CCA7E33-LeaderElection19] INFO  server.RaftServerConfigKeys (ConfUtils.java:logGet(46)) - raft.server.write.byte-limit = 1024 M (=1073741824) (custom)
2023-06-22 13:18:29,620 [48fae9b8-4a64-47c7-9afa-6a245820b276@group-F63A7CCA7E33-LeaderElection19] INFO  server.RaftServerConfigKeys (ConfUtils.java:logGet(46)) - raft.server.watch.timeout = 180s (custom)
2023-06-22 13:18:29,620 [48fae9b8-4a64-47c7-9afa-6a245820b276@group-F63A7CCA7E33-LeaderElection19] INFO  server.RaftServerConfigKeys (ConfUtils.java:logGet(46)) - raft.server.watch.timeout.denomination = 1s (default)
2023-06-22 13:18:29,620 [48fae9b8-4a64-47c7-9afa-6a245820b276@group-F63A7CCA7E33-LeaderElection19] INFO  server.RaftServerConfigKeys (ConfUtils.java:logGet(46)) - raft.server.watch.element-limit = 65536 (default)
2023-06-22 13:18:29,620 [48fae9b8-4a64-47c7-9afa-6a245820b276@group-F63A7CCA7E33-LeaderElection19] INFO  server.RaftServerConfigKeys (ConfUtils.java:logGet(46)) - raft.server.write.element-limit = 1024 (custom)
2023-06-22 13:18:29,620 [48fae9b8-4a64-47c7-9afa-6a245820b276@group-F63A7CCA7E33-LeaderElection19] INFO  server.RaftServerConfigKeys (ConfUtils.java:logGet(46)) - raft.server.write.follower.gap.ratio.max = -1.0 (default)
2023-06-22 13:18:29,620 [48fae9b8-4a64-47c7-9afa-6a245820b276@group-F63A7CCA7E33-LeaderElection19] INFO  impl.RoleInfo (RoleInfo.java:updateAndGet(139)) - 48fae9b8-4a64-47c7-9afa-6a245820b276: start 48fae9b8-4a64-47c7-9afa-6a245820b276@group-F63A7CCA7E33-LeaderStateImpl
2023-06-22 13:18:29,620 [48fae9b8-4a64-47c7-9afa-6a245820b276@group-F63A7CCA7E33-LeaderElection19] INFO  segmented.SegmentedRaftLogWorker (SegmentedRaftLogWorker.java:startLogSegment(447)) - 48fae9b8-4a64-47c7-9afa-6a245820b276@group-F63A7CCA7E33-SegmentedRaftLogWorker: Starting segment from index:0
2023-06-22 13:18:29,620 [48fae9b8-4a64-47c7-9afa-6a245820b276@group-F63A7CCA7E33-LeaderElection19] INFO  server.RaftServer$Division (ServerState.java:setRaftConf(434)) - 48fae9b8-4a64-47c7-9afa-6a245820b276@group-F63A7CCA7E33: set configuration 0: peers:[48fae9b8-4a64-47c7-9afa-6a245820b276|rpc:10.1.0.30:15094|admin:10.1.0.30:15093|client:10.1.0.30:15092|dataStream:10.1.0.30:15095|priority:1|startupRole:FOLLOWER]|listeners:[], old=null
2023-06-22 13:18:29,622 [48fae9b8-4a64-47c7-9afa-6a245820b276@group-F63A7CCA7E33-SegmentedRaftLogWorker] INFO  segmented.SegmentedRaftLogWorker (SegmentedRaftLogWorker.java:execute(651)) - 48fae9b8-4a64-47c7-9afa-6a245820b276@group-F63A7CCA7E33-SegmentedRaftLogWorker: created new log segment /home/runner/work/ozone/ozone/hadoop-ozone/integration-test/target/test-dir/MiniOzoneClusterImpl-f04ff4d6-b670-4e84-9a89-5b4d7edf6ec9/datanode-3/data/ratis/9be9455f-e90f-464b-9557-f63a7cca7e33/current/log_inprogress_0
2023-06-22 13:18:29,872 [main] INFO  ozone.MiniOzoneClusterImpl (MiniOzoneClusterImpl.java:lambda$waitForClusterToBeReady$0(224)) - Nodes are ready. Got 5 of 5 DN Heartbeats.
2023-06-22 13:18:29,873 [main] INFO  ozone.MiniOzoneClusterImpl (MiniOzoneClusterImpl.java:lambda$waitForClusterToBeReady$0(227)) - Cluster exits safe mode
2023-06-22 13:18:29,873 [main] INFO  ozone.MiniOzoneClusterImpl (MiniOzoneClusterImpl.java:lambda$waitForClusterToBeReady$0(229)) - SCM became leader
2023-06-22 13:18:29,910 [Time-limited test] INFO  rpc.RpcClient (RpcClient.java:createVolume(459)) - Creating Volume: volume57316, with user47518 as owner and space quota set to -1 bytes, counts quota set to -1
2023-06-22 13:18:29,914 [IPC Server handler 6 on default port 15057] INFO  volume.OMVolumeCreateRequest (OMVolumeCreateRequest.java:validateAndUpdateCache(196)) - created volume:volume57316 for user:user47518
2023-06-22 13:18:29,919 [Time-limited test] INFO  rpc.RpcClient (RpcClient.java:createBucket(686)) - Creating Bucket: volume57316/bucket18366, with bucket layout FILE_SYSTEM_OPTIMIZED, runner as owner, Versioning false, Storage Type set to DISK and Encryption set to false, Replication Type set to server-side default replication type, Namespace Quota set to -1, Space Quota set to -1 
2023-06-22 13:18:29,920 [IPC Server handler 0 on default port 15057] INFO  bucket.OMBucketCreateRequest (OMBucketCreateRequest.java:validateAndUpdateCache(270)) - created bucket: bucket18366 of layout FILE_SYSTEM_OPTIMIZED in volume: volume57316
2023-06-22 13:18:29,927 [Time-limited test] INFO  ozone.TestRootedOzoneFileSystemWithFSO (TestRootedOzoneFileSystemWithFSO.java:testRenameDir(163)) - Created dir /volume57316/bucket18366/dir1/sub_dir1
2023-06-22 13:18:29,927 [Time-limited test] INFO  ozone.TestRootedOzoneFileSystemWithFSO (TestRootedOzoneFileSystemWithFSO.java:testRenameDir(164)) - Will move /volume57316/bucket18366/dir1 to /volume57316/bucket18366/dir1.renamed
]]></system-out>
  </testcase>
  <testcase name="testTempMount" classname="TestRootedOzoneFileSystemWithFSO" time="0">
    <skipped message="HDDS-2939"/>
  </testcase>
  <testcase name="testTempMount" classname="TestRootedOzoneFileSystemWithFSO" time="0">
    <skipped message="HDDS-2939"/>
  </testcase>
  <testcase name="testDeleteVolumeAndBucket" classname="TestRootedOzoneFileSystemWithFSO" time="1.311">
    <error type="org.apache.hadoop.fs.PathIsNotEmptyDirectoryException"><![CDATA[org.apache.hadoop.fs.PathIsNotEmptyDirectoryException: `/volume-37006': Directory is not empty
	at org.apache.hadoop.fs.ozone.BasicRootedOzoneFileSystem.deleteVolume(BasicRootedOzoneFileSystem.java:809)
	at org.apache.hadoop.fs.ozone.BasicRootedOzoneFileSystem.delete(BasicRootedOzoneFileSystem.java:668)
	at org.apache.hadoop.fs.ozone.TestRootedOzoneFileSystemWithFSO.testDeleteVolumeAndBucket(TestRootedOzoneFileSystemWithFSO.java:238)
	at sun.reflect.NativeMethodAccessorImpl.invoke0(Native Method)
	at sun.reflect.NativeMethodAccessorImpl.invoke(NativeMethodAccessorImpl.java:62)
	at sun.reflect.DelegatingMethodAccessorImpl.invoke(DelegatingMethodAccessorImpl.java:43)
	at java.lang.reflect.Method.invoke(Method.java:498)
	at org.junit.runners.model.FrameworkMethod$1.runReflectiveCall(FrameworkMethod.java:59)
	at org.junit.internal.runners.model.ReflectiveCallable.run(ReflectiveCallable.java:12)
	at org.junit.runners.model.FrameworkMethod.invokeExplosively(FrameworkMethod.java:56)
	at org.junit.internal.runners.statements.InvokeMethod.evaluate(InvokeMethod.java:17)
	at org.junit.internal.runners.statements.RunBefores.evaluate(RunBefores.java:26)
	at org.junit.internal.runners.statements.RunAfters.evaluate(RunAfters.java:27)
	at org.junit.internal.runners.statements.FailOnTimeout$CallableStatement.call(FailOnTimeout.java:288)
	at org.junit.internal.runners.statements.FailOnTimeout$CallableStatement.call(FailOnTimeout.java:282)
	at java.util.concurrent.FutureTask.run(FutureTask.java:266)
	at java.lang.Thread.run(Thread.java:750)
]]></error>
    <system-out><![CDATA[2023-06-22 13:17:08,621 [Time-limited test] INFO  rpc.RpcClient (RpcClient.java:createVolume(459)) - Creating Volume: volume77930, with user52433 as owner and space quota set to -1 bytes, counts quota set to -1
2023-06-22 13:17:08,624 [OM StateMachine ApplyTransaction Thread - 0] INFO  volume.OMVolumeCreateRequest (OMVolumeCreateRequest.java:validateAndUpdateCache(196)) - created volume:volume77930 for user:user52433
2023-06-22 13:17:08,627 [Time-limited test] INFO  rpc.RpcClient (RpcClient.java:createBucket(686)) - Creating Bucket: volume77930/bucket81099, with bucket layout FILE_SYSTEM_OPTIMIZED, runner as owner, Versioning false, Storage Type set to DISK and Encryption set to false, Replication Type set to server-side default replication type, Namespace Quota set to -1, Space Quota set to -1 
2023-06-22 13:17:08,631 [OM StateMachine ApplyTransaction Thread - 0] INFO  bucket.OMBucketCreateRequest (OMBucketCreateRequest.java:validateAndUpdateCache(270)) - created bucket: bucket81099 of layout FILE_SYSTEM_OPTIMIZED in volume: volume77930
13:17:08.643 [IPC Server handler 2 on default port 15004] ERROR OMAudit - user=runner | ip=127.0.0.1 | op=READ_BUCKET {volume=volume-37006, bucket=bucket3} | ret=FAILURE
org.apache.hadoop.ozone.om.exceptions.OMException: Volume not found when getting bucket info
	at org.apache.hadoop.ozone.om.BucketManagerImpl.getBucketInfo(BucketManagerImpl.java:81) ~[ozone-manager-1.4.0-SNAPSHOT.jar:?]
	at org.apache.hadoop.ozone.om.OzoneManager.getBucketInfo(OzoneManager.java:2777) ~[ozone-manager-1.4.0-SNAPSHOT.jar:?]
	at org.apache.hadoop.ozone.protocolPB.OzoneManagerRequestHandler.infoBucket(OzoneManagerRequestHandler.java:524) ~[ozone-manager-1.4.0-SNAPSHOT.jar:?]
	at org.apache.hadoop.ozone.protocolPB.OzoneManagerRequestHandler.handleReadRequest(OzoneManagerRequestHandler.java:195) ~[ozone-manager-1.4.0-SNAPSHOT.jar:?]
	at org.apache.hadoop.ozone.protocolPB.OzoneManagerProtocolServerSideTranslatorPB.submitReadRequestToOM(OzoneManagerProtocolServerSideTranslatorPB.java:223) ~[ozone-manager-1.4.0-SNAPSHOT.jar:?]
	at org.apache.hadoop.ozone.protocolPB.OzoneManagerProtocolServerSideTranslatorPB.processRequest(OzoneManagerProtocolServerSideTranslatorPB.java:177) ~[ozone-manager-1.4.0-SNAPSHOT.jar:?]
	at org.apache.hadoop.hdds.server.OzoneProtocolMessageDispatcher.processRequest(OzoneProtocolMessageDispatcher.java:87) [hdds-server-framework-1.4.0-SNAPSHOT.jar:?]
	at org.apache.hadoop.ozone.protocolPB.OzoneManagerProtocolServerSideTranslatorPB.submitRequest(OzoneManagerProtocolServerSideTranslatorPB.java:147) [ozone-manager-1.4.0-SNAPSHOT.jar:?]
	at org.apache.hadoop.ozone.protocol.proto.OzoneManagerProtocolProtos$OzoneManagerService$2.callBlockingMethod(OzoneManagerProtocolProtos.java) [ozone-interface-client-1.4.0-SNAPSHOT.jar:?]
	at org.apache.hadoop.ipc.ProtobufRpcEngine$Server.processCall(ProtobufRpcEngine.java:484) [hadoop-common-3.3.5.jar:?]
	at org.apache.hadoop.ipc.ProtobufRpcEngine2$Server$ProtoBufRpcInvoker.call(ProtobufRpcEngine2.java:595) [hadoop-common-3.3.5.jar:?]
	at org.apache.hadoop.ipc.ProtobufRpcEngine2$Server$ProtoBufRpcInvoker.call(ProtobufRpcEngine2.java:573) [hadoop-common-3.3.5.jar:?]
	at org.apache.hadoop.ipc.RPC$Server.call(RPC.java:1213) [hadoop-common-3.3.5.jar:?]
	at org.apache.hadoop.ipc.Server$RpcCall.run(Server.java:1089) [hadoop-common-3.3.5.jar:?]
	at org.apache.hadoop.ipc.Server$RpcCall.run(Server.java:1012) [hadoop-common-3.3.5.jar:?]
	at java.security.AccessController.doPrivileged(Native Method) ~[?:1.8.0_372]
	at javax.security.auth.Subject.doAs(Subject.java:422) [?:1.8.0_372]
	at org.apache.hadoop.security.UserGroupInformation.doAs(UserGroupInformation.java:1899) [hadoop-common-3.3.5.jar:?]
	at org.apache.hadoop.ipc.Server$Handler.run(Server.java:3026) [hadoop-common-3.3.5.jar:?]
2023-06-22 13:17:08,656 [Time-limited test] INFO  rpc.RpcClient (RpcClient.java:createVolume(459)) - Creating Volume: volume-37006, with runner as owner and space quota set to -1 bytes, counts quota set to -1
2023-06-22 13:17:08,660 [OM StateMachine ApplyTransaction Thread - 0] INFO  volume.OMVolumeCreateRequest (OMVolumeCreateRequest.java:validateAndUpdateCache(196)) - created volume:volume-37006 for user:runner
2023-06-22 13:17:08,662 [Time-limited test] INFO  rpc.RpcClient (RpcClient.java:createBucket(686)) - Creating Bucket: volume-37006/bucket3, with bucket layout FILE_SYSTEM_OPTIMIZED, runner as owner, Versioning false, Storage Type set to DISK and Encryption set to false, Replication Type set to server-side default replication type, Namespace Quota set to -1, Space Quota set to -1 
2023-06-22 13:17:08,665 [OM StateMachine ApplyTransaction Thread - 0] INFO  bucket.OMBucketCreateRequest (OMBucketCreateRequest.java:validateAndUpdateCache(270)) - created bucket: bucket3 of layout FILE_SYSTEM_OPTIMIZED in volume: volume-37006
2023-06-22 13:17:08,703 [IPC Server handler 0 on default port 15001] INFO  ha.SequenceIdGenerator (SequenceIdGenerator.java:getNextId(128)) - Allocate a batch for containerId, change lastId from 0 to 1000.
2023-06-22 13:17:08,712 [IPC Server handler 0 on default port 15001] WARN  ha.SequenceIdGenerator (SequenceIdGenerator.java:allocateBatch(237)) - Failed to allocate a batch for localId, expected lastId is 0, actual lastId is 111677748019200000.
2023-06-22 13:17:08,712 [IPC Server handler 0 on default port 15001] INFO  ha.SequenceIdGenerator (SequenceIdGenerator.java:getNextId(128)) - Allocate a batch for localId, change lastId from 111677748019200000 to 111677748019201000.
2023-06-22 13:17:08,773 [Time-limited test] INFO  impl.MetricsSystemImpl (MetricsSystemImpl.java:init(158)) - XceiverClientMetrics metrics system started (again)
2023-06-22 13:17:08,774 [Time-limited test] INFO  lib.Interns (Interns.java:removeEldestEntry(50)) - Metrics intern cache overflow at 2011 for MetricsSystem={MetricsSystem=MetricsInfoImpl{name=MetricsSystem, description=MetricsSystem}, MetricsSystem record=MetricsInfoImpl{name=MetricsSystem, description=MetricsSystem record}}
13:17:09.881 [OM StateMachine ApplyTransaction Thread - 0] ERROR OMAudit - user=runner | ip=127.0.0.1 | op=DELETE_VOLUME {volume=volume-37006} | ret=FAILURE
org.apache.hadoop.ozone.om.exceptions.OMException: null
	at org.apache.hadoop.ozone.om.request.volume.OMVolumeDeleteRequest.validateAndUpdateCache(OMVolumeDeleteRequest.java:121) ~[ozone-manager-1.4.0-SNAPSHOT.jar:?]
	at org.apache.hadoop.ozone.protocolPB.OzoneManagerRequestHandler.handleWriteRequest(OzoneManagerRequestHandler.java:352) ~[ozone-manager-1.4.0-SNAPSHOT.jar:?]
	at org.apache.hadoop.ozone.om.ratis.OzoneManagerStateMachine.runCommand(OzoneManagerStateMachine.java:567) ~[ozone-manager-1.4.0-SNAPSHOT.jar:?]
	at org.apache.hadoop.ozone.om.ratis.OzoneManagerStateMachine.lambda$1(OzoneManagerStateMachine.java:358) ~[ozone-manager-1.4.0-SNAPSHOT.jar:?]
	at java.util.concurrent.CompletableFuture$AsyncSupply.run(CompletableFuture.java:1604) [?:1.8.0_372]
	at java.util.concurrent.ThreadPoolExecutor.runWorker(ThreadPoolExecutor.java:1149) [?:1.8.0_372]
	at java.util.concurrent.ThreadPoolExecutor$Worker.run(ThreadPoolExecutor.java:624) [?:1.8.0_372]
	at java.lang.Thread.run(Thread.java:750) [?:1.8.0_372]
2023-06-22 13:17:09,882 [OM StateMachine ApplyTransaction Thread - 0] ERROR volume.OMVolumeDeleteRequest (OMVolumeDeleteRequest.java:validateAndUpdateCache(168)) - Volume deletion failed for user:runner volume:volume-37006
VOLUME_NOT_EMPTY org.apache.hadoop.ozone.om.exceptions.OMException
	at org.apache.hadoop.ozone.om.request.volume.OMVolumeDeleteRequest.validateAndUpdateCache(OMVolumeDeleteRequest.java:121)
	at org.apache.hadoop.ozone.protocolPB.OzoneManagerRequestHandler.handleWriteRequest(OzoneManagerRequestHandler.java:352)
	at org.apache.hadoop.ozone.om.ratis.OzoneManagerStateMachine.runCommand(OzoneManagerStateMachine.java:567)
	at org.apache.hadoop.ozone.om.ratis.OzoneManagerStateMachine.lambda$1(OzoneManagerStateMachine.java:358)
	at java.util.concurrent.CompletableFuture$AsyncSupply.run(CompletableFuture.java:1604)
	at java.util.concurrent.ThreadPoolExecutor.runWorker(ThreadPoolExecutor.java:1149)
	at java.util.concurrent.ThreadPoolExecutor$Worker.run(ThreadPoolExecutor.java:624)
	at java.lang.Thread.run(Thread.java:750)
]]></system-out>
  </testcase>
  <testcase name="testDeleteVolumeAndBucket" classname="TestRootedOzoneFileSystemWithFSO" time="0.429">
    <system-out><![CDATA[2023-06-22 13:18:29,970 [Time-limited test] INFO  rpc.RpcClient (RpcClient.java:createVolume(459)) - Creating Volume: volume88318, with user46696 as owner and space quota set to -1 bytes, counts quota set to -1
2023-06-22 13:18:29,971 [IPC Server handler 12 on default port 15057] INFO  volume.OMVolumeCreateRequest (OMVolumeCreateRequest.java:validateAndUpdateCache(196)) - created volume:volume88318 for user:user46696
2023-06-22 13:18:29,972 [Time-limited test] INFO  rpc.RpcClient (RpcClient.java:createBucket(686)) - Creating Bucket: volume88318/bucket89167, with bucket layout FILE_SYSTEM_OPTIMIZED, runner as owner, Versioning false, Storage Type set to DISK and Encryption set to false, Replication Type set to server-side default replication type, Namespace Quota set to -1, Space Quota set to -1 
2023-06-22 13:18:29,973 [IPC Server handler 13 on default port 15057] INFO  bucket.OMBucketCreateRequest (OMBucketCreateRequest.java:validateAndUpdateCache(270)) - created bucket: bucket89167 of layout FILE_SYSTEM_OPTIMIZED in volume: volume88318
13:18:29.975 [IPC Server handler 5 on default port 15057] ERROR OMAudit - user=runner | ip=127.0.0.1 | op=READ_BUCKET {volume=volume-25582, bucket=bucket3} | ret=FAILURE
org.apache.hadoop.ozone.om.exceptions.OMException: Volume not found when getting bucket info
	at org.apache.hadoop.ozone.om.BucketManagerImpl.getBucketInfo(BucketManagerImpl.java:81) ~[ozone-manager-1.4.0-SNAPSHOT.jar:?]
	at org.apache.hadoop.ozone.om.OzoneManager.getBucketInfo(OzoneManager.java:2777) ~[ozone-manager-1.4.0-SNAPSHOT.jar:?]
	at org.apache.hadoop.ozone.protocolPB.OzoneManagerRequestHandler.infoBucket(OzoneManagerRequestHandler.java:524) ~[ozone-manager-1.4.0-SNAPSHOT.jar:?]
	at org.apache.hadoop.ozone.protocolPB.OzoneManagerRequestHandler.handleReadRequest(OzoneManagerRequestHandler.java:195) ~[ozone-manager-1.4.0-SNAPSHOT.jar:?]
	at org.apache.hadoop.ozone.protocolPB.OzoneManagerProtocolServerSideTranslatorPB.submitRequestDirectlyToOM(OzoneManagerProtocolServerSideTranslatorPB.java:272) ~[ozone-manager-1.4.0-SNAPSHOT.jar:?]
	at org.apache.hadoop.ozone.protocolPB.OzoneManagerProtocolServerSideTranslatorPB.processRequest(OzoneManagerProtocolServerSideTranslatorPB.java:173) ~[ozone-manager-1.4.0-SNAPSHOT.jar:?]
	at org.apache.hadoop.hdds.server.OzoneProtocolMessageDispatcher.processRequest(OzoneProtocolMessageDispatcher.java:87) [hdds-server-framework-1.4.0-SNAPSHOT.jar:?]
	at org.apache.hadoop.ozone.protocolPB.OzoneManagerProtocolServerSideTranslatorPB.submitRequest(OzoneManagerProtocolServerSideTranslatorPB.java:147) [ozone-manager-1.4.0-SNAPSHOT.jar:?]
	at org.apache.hadoop.ozone.protocol.proto.OzoneManagerProtocolProtos$OzoneManagerService$2.callBlockingMethod(OzoneManagerProtocolProtos.java) [ozone-interface-client-1.4.0-SNAPSHOT.jar:?]
	at org.apache.hadoop.ipc.ProtobufRpcEngine$Server.processCall(ProtobufRpcEngine.java:484) [hadoop-common-3.3.5.jar:?]
	at org.apache.hadoop.ipc.ProtobufRpcEngine2$Server$ProtoBufRpcInvoker.call(ProtobufRpcEngine2.java:595) [hadoop-common-3.3.5.jar:?]
	at org.apache.hadoop.ipc.ProtobufRpcEngine2$Server$ProtoBufRpcInvoker.call(ProtobufRpcEngine2.java:573) [hadoop-common-3.3.5.jar:?]
	at org.apache.hadoop.ipc.RPC$Server.call(RPC.java:1213) [hadoop-common-3.3.5.jar:?]
	at org.apache.hadoop.ipc.Server$RpcCall.run(Server.java:1089) [hadoop-common-3.3.5.jar:?]
	at org.apache.hadoop.ipc.Server$RpcCall.run(Server.java:1012) [hadoop-common-3.3.5.jar:?]
	at java.security.AccessController.doPrivileged(Native Method) ~[?:1.8.0_372]
	at javax.security.auth.Subject.doAs(Subject.java:422) [?:1.8.0_372]
	at org.apache.hadoop.security.UserGroupInformation.doAs(UserGroupInformation.java:1899) [hadoop-common-3.3.5.jar:?]
	at org.apache.hadoop.ipc.Server$Handler.run(Server.java:3026) [hadoop-common-3.3.5.jar:?]
2023-06-22 13:18:29,975 [Time-limited test] INFO  rpc.RpcClient (RpcClient.java:createVolume(459)) - Creating Volume: volume-25582, with runner as owner and space quota set to -1 bytes, counts quota set to -1
2023-06-22 13:18:29,976 [IPC Server handler 6 on default port 15057] INFO  volume.OMVolumeCreateRequest (OMVolumeCreateRequest.java:validateAndUpdateCache(196)) - created volume:volume-25582 for user:runner
2023-06-22 13:18:29,977 [Time-limited test] INFO  rpc.RpcClient (RpcClient.java:createBucket(686)) - Creating Bucket: volume-25582/bucket3, with bucket layout FILE_SYSTEM_OPTIMIZED, runner as owner, Versioning false, Storage Type set to DISK and Encryption set to false, Replication Type set to server-side default replication type, Namespace Quota set to -1, Space Quota set to -1 
2023-06-22 13:18:29,977 [IPC Server handler 0 on default port 15057] INFO  bucket.OMBucketCreateRequest (OMBucketCreateRequest.java:validateAndUpdateCache(270)) - created bucket: bucket3 of layout FILE_SYSTEM_OPTIMIZED in volume: volume-25582
2023-06-22 13:18:29,992 [IPC Server handler 1 on default port 15054] INFO  ha.SequenceIdGenerator (SequenceIdGenerator.java:getNextId(128)) - Allocate a batch for containerId, change lastId from 0 to 1000.
2023-06-22 13:18:29,993 [IPC Server handler 1 on default port 15054] WARN  ha.SequenceIdGenerator (SequenceIdGenerator.java:allocateBatch(237)) - Failed to allocate a batch for localId, expected lastId is 0, actual lastId is 111677748019200000.
2023-06-22 13:18:29,993 [IPC Server handler 1 on default port 15054] INFO  ha.SequenceIdGenerator (SequenceIdGenerator.java:getNextId(128)) - Allocate a batch for localId, change lastId from 111677748019200000 to 111677748019201000.
2023-06-22 13:18:30,070 [2d8cad12-2e65-4624-85ce-d7a0d9018b77@group-943170E5B629-FollowerState] INFO  impl.FollowerState (FollowerState.java:run(143)) - 2d8cad12-2e65-4624-85ce-d7a0d9018b77@group-943170E5B629-FollowerState: change to CANDIDATE, lastRpcElapsedTime:5185938052ns, electionTimeout:5185ms
2023-06-22 13:18:30,070 [2d8cad12-2e65-4624-85ce-d7a0d9018b77@group-943170E5B629-FollowerState] INFO  impl.RoleInfo (RoleInfo.java:shutdownFollowerState(110)) - 2d8cad12-2e65-4624-85ce-d7a0d9018b77: shutdown 2d8cad12-2e65-4624-85ce-d7a0d9018b77@group-943170E5B629-FollowerState
2023-06-22 13:18:30,070 [2d8cad12-2e65-4624-85ce-d7a0d9018b77@group-943170E5B629-FollowerState] INFO  server.RaftServer$Division (RaftServerImpl.java:setRole(329)) - 2d8cad12-2e65-4624-85ce-d7a0d9018b77@group-943170E5B629: changes role from  FOLLOWER to CANDIDATE at term 0 for changeToCandidate
2023-06-22 13:18:30,070 [2d8cad12-2e65-4624-85ce-d7a0d9018b77@group-943170E5B629-FollowerState] INFO  server.RaftServerConfigKeys (ConfUtils.java:logGet(46)) - raft.server.leaderelection.pre-vote = true (default)
2023-06-22 13:18:30,070 [2d8cad12-2e65-4624-85ce-d7a0d9018b77@group-943170E5B629-FollowerState] INFO  impl.RoleInfo (RoleInfo.java:updateAndGet(139)) - 2d8cad12-2e65-4624-85ce-d7a0d9018b77: start 2d8cad12-2e65-4624-85ce-d7a0d9018b77@group-943170E5B629-LeaderElection20
2023-06-22 13:18:30,082 [2d8cad12-2e65-4624-85ce-d7a0d9018b77@group-943170E5B629-LeaderElection20] INFO  impl.LeaderElection (LeaderElection.java:askForVotes(321)) - 2d8cad12-2e65-4624-85ce-d7a0d9018b77@group-943170E5B629-LeaderElection20 PRE_VOTE round 0: submit vote requests at term 0 for -1: peers:[2d8cad12-2e65-4624-85ce-d7a0d9018b77|rpc:10.1.0.30:15103|admin:10.1.0.30:15102|client:10.1.0.30:15101|dataStream:10.1.0.30:15104|priority:1|startupRole:FOLLOWER]|listeners:[], old=null
2023-06-22 13:18:30,083 [2d8cad12-2e65-4624-85ce-d7a0d9018b77@group-943170E5B629-LeaderElection20] INFO  impl.LeaderElection (LeaderElection.java:askForVotes(323)) - 2d8cad12-2e65-4624-85ce-d7a0d9018b77@group-943170E5B629-LeaderElection20 PRE_VOTE round 0: result PASSED (term=0)
2023-06-22 13:18:30,084 [2d8cad12-2e65-4624-85ce-d7a0d9018b77@group-943170E5B629-LeaderElection20] INFO  impl.LeaderElection (LeaderElection.java:askForVotes(321)) - 2d8cad12-2e65-4624-85ce-d7a0d9018b77@group-943170E5B629-LeaderElection20 ELECTION round 0: submit vote requests at term 1 for -1: peers:[2d8cad12-2e65-4624-85ce-d7a0d9018b77|rpc:10.1.0.30:15103|admin:10.1.0.30:15102|client:10.1.0.30:15101|dataStream:10.1.0.30:15104|priority:1|startupRole:FOLLOWER]|listeners:[], old=null
2023-06-22 13:18:30,084 [2d8cad12-2e65-4624-85ce-d7a0d9018b77@group-943170E5B629-LeaderElection20] INFO  impl.LeaderElection (LeaderElection.java:askForVotes(323)) - 2d8cad12-2e65-4624-85ce-d7a0d9018b77@group-943170E5B629-LeaderElection20 ELECTION round 0: result PASSED (term=1)
2023-06-22 13:18:30,084 [2d8cad12-2e65-4624-85ce-d7a0d9018b77@group-943170E5B629-LeaderElection20] INFO  impl.RoleInfo (RoleInfo.java:shutdownLeaderElection(130)) - 2d8cad12-2e65-4624-85ce-d7a0d9018b77: shutdown 2d8cad12-2e65-4624-85ce-d7a0d9018b77@group-943170E5B629-LeaderElection20
2023-06-22 13:18:30,084 [2d8cad12-2e65-4624-85ce-d7a0d9018b77@group-943170E5B629-LeaderElection20] INFO  server.RaftServer$Division (RaftServerImpl.java:setRole(329)) - 2d8cad12-2e65-4624-85ce-d7a0d9018b77@group-943170E5B629: changes role from CANDIDATE to LEADER at term 1 for changeToLeader
2023-06-22 13:18:30,084 [2d8cad12-2e65-4624-85ce-d7a0d9018b77@group-943170E5B629-LeaderElection20] INFO  ratis.XceiverServerRatis (XceiverServerRatis.java:handleLeaderChangedNotification(902)) - Leader change notification received for group: group-943170E5B629 with new leaderId: 2d8cad12-2e65-4624-85ce-d7a0d9018b77
2023-06-22 13:18:30,084 [2d8cad12-2e65-4624-85ce-d7a0d9018b77@group-943170E5B629-LeaderElection20] INFO  server.RaftServer$Division (ServerState.java:setLeader(317)) - 2d8cad12-2e65-4624-85ce-d7a0d9018b77@group-943170E5B629: change Leader from null to 2d8cad12-2e65-4624-85ce-d7a0d9018b77 at term 1 for becomeLeader, leader elected after 5210ms
2023-06-22 13:18:30,084 [2d8cad12-2e65-4624-85ce-d7a0d9018b77@group-943170E5B629-LeaderElection20] INFO  server.RaftServerConfigKeys (ConfUtils.java:logGet(46)) - raft.server.staging.catchup.gap = 1000 (default)
2023-06-22 13:18:30,085 [2d8cad12-2e65-4624-85ce-d7a0d9018b77@group-943170E5B629-LeaderElection20] INFO  server.RaftServerConfigKeys (ConfUtils.java:logGet(46)) - raft.server.write.element-limit = 1024 (custom)
2023-06-22 13:18:30,085 [2d8cad12-2e65-4624-85ce-d7a0d9018b77@group-943170E5B629-LeaderElection20] INFO  server.RaftServerConfigKeys (ConfUtils.java:logGet(46)) - raft.server.write.byte-limit = 1024 M (=1073741824) (custom)
2023-06-22 13:18:30,085 [2d8cad12-2e65-4624-85ce-d7a0d9018b77@group-943170E5B629-LeaderElection20] INFO  server.RaftServerConfigKeys (ConfUtils.java:logGet(46)) - raft.server.watch.timeout = 180s (custom)
2023-06-22 13:18:30,085 [2d8cad12-2e65-4624-85ce-d7a0d9018b77@group-943170E5B629-LeaderElection20] INFO  server.RaftServerConfigKeys (ConfUtils.java:logGet(46)) - raft.server.watch.timeout.denomination = 1s (default)
2023-06-22 13:18:30,085 [2d8cad12-2e65-4624-85ce-d7a0d9018b77@group-943170E5B629-LeaderElection20] INFO  server.RaftServerConfigKeys (ConfUtils.java:logGet(46)) - raft.server.watch.element-limit = 65536 (default)
2023-06-22 13:18:30,085 [2d8cad12-2e65-4624-85ce-d7a0d9018b77@group-943170E5B629-LeaderElection20] INFO  server.RaftServerConfigKeys (ConfUtils.java:logGet(46)) - raft.server.write.element-limit = 1024 (custom)
2023-06-22 13:18:30,085 [2d8cad12-2e65-4624-85ce-d7a0d9018b77@group-943170E5B629-LeaderElection20] INFO  server.RaftServerConfigKeys (ConfUtils.java:logGet(46)) - raft.server.write.follower.gap.ratio.max = -1.0 (default)
2023-06-22 13:18:30,085 [2d8cad12-2e65-4624-85ce-d7a0d9018b77@group-943170E5B629-LeaderElection20] INFO  impl.RoleInfo (RoleInfo.java:updateAndGet(139)) - 2d8cad12-2e65-4624-85ce-d7a0d9018b77: start 2d8cad12-2e65-4624-85ce-d7a0d9018b77@group-943170E5B629-LeaderStateImpl
2023-06-22 13:18:30,085 [2d8cad12-2e65-4624-85ce-d7a0d9018b77@group-943170E5B629-LeaderElection20] INFO  segmented.SegmentedRaftLogWorker (SegmentedRaftLogWorker.java:startLogSegment(447)) - 2d8cad12-2e65-4624-85ce-d7a0d9018b77@group-943170E5B629-SegmentedRaftLogWorker: Starting segment from index:0
2023-06-22 13:18:30,087 [2d8cad12-2e65-4624-85ce-d7a0d9018b77@group-943170E5B629-SegmentedRaftLogWorker] INFO  segmented.SegmentedRaftLogWorker (SegmentedRaftLogWorker.java:execute(651)) - 2d8cad12-2e65-4624-85ce-d7a0d9018b77@group-943170E5B629-SegmentedRaftLogWorker: created new log segment /home/runner/work/ozone/ozone/hadoop-ozone/integration-test/target/test-dir/MiniOzoneClusterImpl-f04ff4d6-b670-4e84-9a89-5b4d7edf6ec9/datanode-4/data/ratis/b4923f94-657f-4268-a815-943170e5b629/current/log_inprogress_0
2023-06-22 13:18:30,089 [2d8cad12-2e65-4624-85ce-d7a0d9018b77@group-943170E5B629-LeaderElection20] INFO  server.RaftServer$Division (ServerState.java:setRaftConf(434)) - 2d8cad12-2e65-4624-85ce-d7a0d9018b77@group-943170E5B629: set configuration 0: peers:[2d8cad12-2e65-4624-85ce-d7a0d9018b77|rpc:10.1.0.30:15103|admin:10.1.0.30:15102|client:10.1.0.30:15101|dataStream:10.1.0.30:15104|priority:1|startupRole:FOLLOWER]|listeners:[], old=null
]]></system-out>
  </testcase>
  <testcase name="testRenameDirToItsOwnSubDir" classname="TestRootedOzoneFileSystemWithFSO" time="0.101">
    <system-out><![CDATA[2023-06-22 13:17:09,945 [Time-limited test] INFO  rpc.RpcClient (RpcClient.java:createVolume(459)) - Creating Volume: volume54999, with user74904 as owner and space quota set to -1 bytes, counts quota set to -1
2023-06-22 13:17:09,949 [OM StateMachine ApplyTransaction Thread - 0] INFO  volume.OMVolumeCreateRequest (OMVolumeCreateRequest.java:validateAndUpdateCache(196)) - created volume:volume54999 for user:user74904
2023-06-22 13:17:09,956 [Time-limited test] INFO  rpc.RpcClient (RpcClient.java:createBucket(686)) - Creating Bucket: volume54999/bucket36472, with bucket layout FILE_SYSTEM_OPTIMIZED, runner as owner, Versioning false, Storage Type set to DISK and Encryption set to false, Replication Type set to server-side default replication type, Namespace Quota set to -1, Space Quota set to -1 
2023-06-22 13:17:09,960 [OM StateMachine ApplyTransaction Thread - 0] INFO  bucket.OMBucketCreateRequest (OMBucketCreateRequest.java:validateAndUpdateCache(270)) - created bucket: bucket36472 of layout FILE_SYSTEM_OPTIMIZED in volume: volume54999
2023-06-22 13:17:09,968 [Time-limited test] INFO  ozone.TestRootedOzoneFileSystemWithFSO (TestRootedOzoneFileSystemWithFSO.java:testRenameDirToItsOwnSubDir(188)) - Created dir1 /volume54999/bucket36472/root/dir1/sub_dir1
2023-06-22 13:17:09,968 [Time-limited test] INFO  ozone.TestRootedOzoneFileSystemWithFSO (TestRootedOzoneFileSystemWithFSO.java:testRenameDirToItsOwnSubDir(189)) - Rename op-> source:/volume54999/bucket36472/root to destin:/volume54999/bucket36472/root/dir1/sub_dir1
13:17:09.975 [OM StateMachine ApplyTransaction Thread - 0] ERROR OMAudit - user=runner | ip=127.0.0.1 | op=RENAME_KEY {volume=volume54999, bucket=bucket36472, dataSize=0, replicationType=NONE, replicationFactor=ZERO, srcKey=root, dstKey=root/dir1/sub_dir1} | ret=FAILURE
org.apache.hadoop.ozone.om.exceptions.OMException: Cannot rename a directory to its own subdirectory
	at org.apache.hadoop.ozone.om.request.file.OMFileRequest.verifyToDirIsASubDirOfFromDirectory(OMFileRequest.java:772) ~[ozone-manager-1.4.0-SNAPSHOT.jar:?]
	at org.apache.hadoop.ozone.om.request.key.OMKeyRenameRequestWithFSO.validateAndUpdateCache(OMKeyRenameRequestWithFSO.java:159) ~[ozone-manager-1.4.0-SNAPSHOT.jar:?]
	at org.apache.hadoop.ozone.protocolPB.OzoneManagerRequestHandler.handleWriteRequest(OzoneManagerRequestHandler.java:352) ~[ozone-manager-1.4.0-SNAPSHOT.jar:?]
	at org.apache.hadoop.ozone.om.ratis.OzoneManagerStateMachine.runCommand(OzoneManagerStateMachine.java:567) ~[ozone-manager-1.4.0-SNAPSHOT.jar:?]
	at org.apache.hadoop.ozone.om.ratis.OzoneManagerStateMachine.lambda$1(OzoneManagerStateMachine.java:358) ~[ozone-manager-1.4.0-SNAPSHOT.jar:?]
	at java.util.concurrent.CompletableFuture$AsyncSupply.run(CompletableFuture.java:1604) [?:1.8.0_372]
	at java.util.concurrent.ThreadPoolExecutor.runWorker(ThreadPoolExecutor.java:1149) [?:1.8.0_372]
	at java.util.concurrent.ThreadPoolExecutor$Worker.run(ThreadPoolExecutor.java:624) [?:1.8.0_372]
	at java.lang.Thread.run(Thread.java:750) [?:1.8.0_372]
2023-06-22 13:17:09,976 [OM StateMachine ApplyTransaction Thread - 0] ERROR key.OMKeyRenameRequestWithFSO (OMKeyRenameRequestWithFSO.java:validateAndUpdateCache(249)) - Rename key failed for volume:volume54999 bucket:bucket36472 fromKey:root toKey:root/dir1/sub_dir1. Exception: Cannot rename a directory to its own subdirectory.
2023-06-22 13:17:09,976 [Time-limited test] ERROR ozone.BasicRootedOzoneFileSystem (BasicRootedOzoneFileSystem.java:renameFSO(471)) - rename key failed: Cannot rename a directory to its own subdirectory. source:volume54999/bucket36472/root, destin:volume54999/bucket36472/root/dir1/sub_dir1
]]></system-out>
  </testcase>
  <testcase name="testRenameDirToItsOwnSubDir" classname="TestRootedOzoneFileSystemWithFSO" time="0.029">
    <system-out><![CDATA[2023-06-22 13:18:30,390 [Time-limited test] INFO  rpc.RpcClient (RpcClient.java:createVolume(459)) - Creating Volume: volume30480, with user99591 as owner and space quota set to -1 bytes, counts quota set to -1
2023-06-22 13:18:30,390 [IPC Server handler 10 on default port 15057] INFO  volume.OMVolumeCreateRequest (OMVolumeCreateRequest.java:validateAndUpdateCache(196)) - created volume:volume30480 for user:user99591
2023-06-22 13:18:30,393 [Time-limited test] INFO  rpc.RpcClient (RpcClient.java:createBucket(686)) - Creating Bucket: volume30480/bucket99615, with bucket layout FILE_SYSTEM_OPTIMIZED, runner as owner, Versioning false, Storage Type set to DISK and Encryption set to false, Replication Type set to server-side default replication type, Namespace Quota set to -1, Space Quota set to -1 
2023-06-22 13:18:30,394 [IPC Server handler 19 on default port 15057] INFO  bucket.OMBucketCreateRequest (OMBucketCreateRequest.java:validateAndUpdateCache(270)) - created bucket: bucket99615 of layout FILE_SYSTEM_OPTIMIZED in volume: volume30480
2023-06-22 13:18:30,396 [Time-limited test] INFO  ozone.TestRootedOzoneFileSystemWithFSO (TestRootedOzoneFileSystemWithFSO.java:testRenameDirToItsOwnSubDir(188)) - Created dir1 /volume30480/bucket99615/root/dir1/sub_dir1
2023-06-22 13:18:30,396 [Time-limited test] INFO  ozone.TestRootedOzoneFileSystemWithFSO (TestRootedOzoneFileSystemWithFSO.java:testRenameDirToItsOwnSubDir(189)) - Rename op-> source:/volume30480/bucket99615/root to destin:/volume30480/bucket99615/root/dir1/sub_dir1
13:18:30.397 [IPC Server handler 12 on default port 15057] ERROR OMAudit - user=runner | ip=127.0.0.1 | op=RENAME_KEY {volume=volume30480, bucket=bucket99615, dataSize=0, replicationType=NONE, replicationFactor=ZERO, srcKey=root, dstKey=root/dir1/sub_dir1} | ret=FAILURE
org.apache.hadoop.ozone.om.exceptions.OMException: Cannot rename a directory to its own subdirectory
	at org.apache.hadoop.ozone.om.request.file.OMFileRequest.verifyToDirIsASubDirOfFromDirectory(OMFileRequest.java:772) ~[ozone-manager-1.4.0-SNAPSHOT.jar:?]
	at org.apache.hadoop.ozone.om.request.key.OMKeyRenameRequestWithFSO.validateAndUpdateCache(OMKeyRenameRequestWithFSO.java:159) ~[ozone-manager-1.4.0-SNAPSHOT.jar:?]
	at org.apache.hadoop.ozone.protocolPB.OzoneManagerRequestHandler.handleWriteRequest(OzoneManagerRequestHandler.java:352) ~[ozone-manager-1.4.0-SNAPSHOT.jar:?]
	at org.apache.hadoop.ozone.protocolPB.OzoneManagerProtocolServerSideTranslatorPB.submitRequestDirectlyToOM(OzoneManagerProtocolServerSideTranslatorPB.java:278) ~[ozone-manager-1.4.0-SNAPSHOT.jar:?]
	at org.apache.hadoop.ozone.protocolPB.OzoneManagerProtocolServerSideTranslatorPB.processRequest(OzoneManagerProtocolServerSideTranslatorPB.java:173) ~[ozone-manager-1.4.0-SNAPSHOT.jar:?]
	at org.apache.hadoop.hdds.server.OzoneProtocolMessageDispatcher.processRequest(OzoneProtocolMessageDispatcher.java:87) [hdds-server-framework-1.4.0-SNAPSHOT.jar:?]
	at org.apache.hadoop.ozone.protocolPB.OzoneManagerProtocolServerSideTranslatorPB.submitRequest(OzoneManagerProtocolServerSideTranslatorPB.java:147) [ozone-manager-1.4.0-SNAPSHOT.jar:?]
	at org.apache.hadoop.ozone.protocol.proto.OzoneManagerProtocolProtos$OzoneManagerService$2.callBlockingMethod(OzoneManagerProtocolProtos.java) [ozone-interface-client-1.4.0-SNAPSHOT.jar:?]
	at org.apache.hadoop.ipc.ProtobufRpcEngine$Server.processCall(ProtobufRpcEngine.java:484) [hadoop-common-3.3.5.jar:?]
	at org.apache.hadoop.ipc.ProtobufRpcEngine2$Server$ProtoBufRpcInvoker.call(ProtobufRpcEngine2.java:595) [hadoop-common-3.3.5.jar:?]
	at org.apache.hadoop.ipc.ProtobufRpcEngine2$Server$ProtoBufRpcInvoker.call(ProtobufRpcEngine2.java:573) [hadoop-common-3.3.5.jar:?]
	at org.apache.hadoop.ipc.RPC$Server.call(RPC.java:1213) [hadoop-common-3.3.5.jar:?]
	at org.apache.hadoop.ipc.Server$RpcCall.run(Server.java:1089) [hadoop-common-3.3.5.jar:?]
	at org.apache.hadoop.ipc.Server$RpcCall.run(Server.java:1012) [hadoop-common-3.3.5.jar:?]
	at java.security.AccessController.doPrivileged(Native Method) ~[?:1.8.0_372]
	at javax.security.auth.Subject.doAs(Subject.java:422) [?:1.8.0_372]
	at org.apache.hadoop.security.UserGroupInformation.doAs(UserGroupInformation.java:1899) [hadoop-common-3.3.5.jar:?]
	at org.apache.hadoop.ipc.Server$Handler.run(Server.java:3026) [hadoop-common-3.3.5.jar:?]
2023-06-22 13:18:30,397 [IPC Server handler 12 on default port 15057] ERROR key.OMKeyRenameRequestWithFSO (OMKeyRenameRequestWithFSO.java:validateAndUpdateCache(249)) - Rename key failed for volume:volume30480 bucket:bucket99615 fromKey:root toKey:root/dir1/sub_dir1. Exception: Cannot rename a directory to its own subdirectory.
2023-06-22 13:18:30,398 [Time-limited test] ERROR ozone.BasicRootedOzoneFileSystem (BasicRootedOzoneFileSystem.java:renameFSO(471)) - rename key failed: Cannot rename a directory to its own subdirectory. source:volume30480/bucket99615/root, destin:volume30480/bucket99615/root/dir1/sub_dir1
]]></system-out>
  </testcase>
  <testcase name="testKeyRenameToBucketLevel" classname="TestRootedOzoneFileSystemWithFSO" time="0.086">
    <system-out><![CDATA[2023-06-22 13:17:10,038 [Time-limited test] INFO  rpc.RpcClient (RpcClient.java:createVolume(459)) - Creating Volume: volume45926, with user30468 as owner and space quota set to -1 bytes, counts quota set to -1
2023-06-22 13:17:10,041 [OM StateMachine ApplyTransaction Thread - 0] INFO  volume.OMVolumeCreateRequest (OMVolumeCreateRequest.java:validateAndUpdateCache(196)) - created volume:volume45926 for user:user30468
2023-06-22 13:17:10,044 [Time-limited test] INFO  rpc.RpcClient (RpcClient.java:createBucket(686)) - Creating Bucket: volume45926/bucket31704, with bucket layout FILE_SYSTEM_OPTIMIZED, runner as owner, Versioning false, Storage Type set to DISK and Encryption set to false, Replication Type set to server-side default replication type, Namespace Quota set to -1, Space Quota set to -1 
2023-06-22 13:17:10,047 [OM StateMachine ApplyTransaction Thread - 0] INFO  bucket.OMBucketCreateRequest (OMBucketCreateRequest.java:validateAndUpdateCache(270)) - created bucket: bucket31704 of layout FILE_SYSTEM_OPTIMIZED in volume: volume45926
2023-06-22 13:17:10,060 [Time-limited test] INFO  ozone.TestRootedOzoneFileSystemWithFSO (TestRootedOzoneFileSystemWithFSO.java:testKeyRenameToBucketLevel(147)) - Will move /volume45926/bucket31704/dir1/key1 to /volume45926/bucket31704
]]></system-out>
  </testcase>
  <testcase name="testKeyRenameToBucketLevel" classname="TestRootedOzoneFileSystemWithFSO" time="0.025">
    <system-out><![CDATA[2023-06-22 13:18:30,419 [Time-limited test] INFO  rpc.RpcClient (RpcClient.java:createVolume(459)) - Creating Volume: volume03231, with user49000 as owner and space quota set to -1 bytes, counts quota set to -1
2023-06-22 13:18:30,419 [IPC Server handler 4 on default port 15057] INFO  volume.OMVolumeCreateRequest (OMVolumeCreateRequest.java:validateAndUpdateCache(196)) - created volume:volume03231 for user:user49000
2023-06-22 13:18:30,420 [Time-limited test] INFO  rpc.RpcClient (RpcClient.java:createBucket(686)) - Creating Bucket: volume03231/bucket02292, with bucket layout FILE_SYSTEM_OPTIMIZED, runner as owner, Versioning false, Storage Type set to DISK and Encryption set to false, Replication Type set to server-side default replication type, Namespace Quota set to -1, Space Quota set to -1 
2023-06-22 13:18:30,420 [IPC Server handler 5 on default port 15057] INFO  bucket.OMBucketCreateRequest (OMBucketCreateRequest.java:validateAndUpdateCache(270)) - created bucket: bucket02292 of layout FILE_SYSTEM_OPTIMIZED in volume: volume03231
2023-06-22 13:18:30,422 [Time-limited test] INFO  ozone.TestRootedOzoneFileSystemWithFSO (TestRootedOzoneFileSystemWithFSO.java:testKeyRenameToBucketLevel(147)) - Will move /volume03231/bucket02292/dir1/key1 to /volume03231/bucket02292
]]></system-out>
  </testcase>
  <testcase name="testOzoneFsServiceLoader" classname="TestRootedOzoneFileSystemWithFSO" time="0">
    <skipped message="HDDS-2939"/>
  </testcase>
  <testcase name="testOzoneFsServiceLoader" classname="TestRootedOzoneFileSystemWithFSO" time="0">
    <skipped message="HDDS-2939"/>
  </testcase>
  <testcase name="testRenameDestinationParentDoesntExist" classname="TestRootedOzoneFileSystemWithFSO" time="0.1">
    <system-out><![CDATA[2023-06-22 13:17:10,123 [Time-limited test] INFO  rpc.RpcClient (RpcClient.java:createVolume(459)) - Creating Volume: volume41219, with user16768 as owner and space quota set to -1 bytes, counts quota set to -1
2023-06-22 13:17:10,126 [OM StateMachine ApplyTransaction Thread - 0] INFO  volume.OMVolumeCreateRequest (OMVolumeCreateRequest.java:validateAndUpdateCache(196)) - created volume:volume41219 for user:user16768
2023-06-22 13:17:10,129 [Time-limited test] INFO  rpc.RpcClient (RpcClient.java:createBucket(686)) - Creating Bucket: volume41219/bucket28860, with bucket layout FILE_SYSTEM_OPTIMIZED, runner as owner, Versioning false, Storage Type set to DISK and Encryption set to false, Replication Type set to server-side default replication type, Namespace Quota set to -1, Space Quota set to -1 
2023-06-22 13:17:10,132 [OM StateMachine ApplyTransaction Thread - 0] INFO  bucket.OMBucketCreateRequest (OMBucketCreateRequest.java:validateAndUpdateCache(270)) - created bucket: bucket28860 of layout FILE_SYSTEM_OPTIMIZED in volume: volume41219
13:17:10.147 [OM StateMachine ApplyTransaction Thread - 0] ERROR OMAudit - user=runner | ip=127.0.0.1 | op=RENAME_KEY {volume=volume41219, bucket=bucket28860, dataSize=0, replicationType=NONE, replicationFactor=ZERO, srcKey=root_dir/dir1/dir2, dstKey=root_dir/b/c} | ret=FAILURE
org.apache.hadoop.ozone.om.exceptions.OMException: Failed to get parent dir root_dir/b/c, root_dir/b doesn't exist
	at org.apache.hadoop.ozone.om.request.file.OMFileRequest.getKeyParentDir(OMFileRequest.java:808) ~[ozone-manager-1.4.0-SNAPSHOT.jar:?]
	at org.apache.hadoop.ozone.om.request.key.OMKeyRenameRequestWithFSO.validateAndUpdateCache(OMKeyRenameRequestWithFSO.java:215) ~[ozone-manager-1.4.0-SNAPSHOT.jar:?]
	at org.apache.hadoop.ozone.protocolPB.OzoneManagerRequestHandler.handleWriteRequest(OzoneManagerRequestHandler.java:352) ~[ozone-manager-1.4.0-SNAPSHOT.jar:?]
	at org.apache.hadoop.ozone.om.ratis.OzoneManagerStateMachine.runCommand(OzoneManagerStateMachine.java:567) ~[ozone-manager-1.4.0-SNAPSHOT.jar:?]
	at org.apache.hadoop.ozone.om.ratis.OzoneManagerStateMachine.lambda$1(OzoneManagerStateMachine.java:358) ~[ozone-manager-1.4.0-SNAPSHOT.jar:?]
	at java.util.concurrent.CompletableFuture$AsyncSupply.run(CompletableFuture.java:1604) [?:1.8.0_372]
	at java.util.concurrent.ThreadPoolExecutor.runWorker(ThreadPoolExecutor.java:1149) [?:1.8.0_372]
	at java.util.concurrent.ThreadPoolExecutor$Worker.run(ThreadPoolExecutor.java:624) [?:1.8.0_372]
	at java.lang.Thread.run(Thread.java:750) [?:1.8.0_372]
2023-06-22 13:17:10,148 [OM StateMachine ApplyTransaction Thread - 0] ERROR key.OMKeyRenameRequestWithFSO (OMKeyRenameRequestWithFSO.java:validateAndUpdateCache(249)) - Rename key failed for volume:volume41219 bucket:bucket28860 fromKey:root_dir/dir1/dir2 toKey:root_dir/b/c. Exception: Failed to get parent dir root_dir/b/c, root_dir/b doesn't exist.
2023-06-22 13:17:10,148 [Time-limited test] ERROR ozone.BasicRootedOzoneFileSystem (BasicRootedOzoneFileSystem.java:renameFSO(471)) - rename key failed: Failed to get parent dir root_dir/b/c, root_dir/b doesn't exist. source:volume41219/bucket28860/root_dir/dir1/dir2, destin:volume41219/bucket28860/root_dir/b/c
13:17:10.174 [OM StateMachine ApplyTransaction Thread - 0] ERROR OMAudit - user=runner | ip=127.0.0.1 | op=RENAME_KEY {volume=volume41219, bucket=bucket28860, dataSize=0, replicationType=NONE, replicationFactor=ZERO, srcKey=root_dir/dir1/dir2, dstKey=root_dir/file1/c} | ret=FAILURE
org.apache.hadoop.ozone.om.exceptions.OMException: Failed to get parent dir root_dir/file1/c, root_dir/file1 is a file
	at org.apache.hadoop.ozone.om.request.file.OMFileRequest.getKeyParentDir(OMFileRequest.java:813) ~[ozone-manager-1.4.0-SNAPSHOT.jar:?]
	at org.apache.hadoop.ozone.om.request.key.OMKeyRenameRequestWithFSO.validateAndUpdateCache(OMKeyRenameRequestWithFSO.java:215) ~[ozone-manager-1.4.0-SNAPSHOT.jar:?]
	at org.apache.hadoop.ozone.protocolPB.OzoneManagerRequestHandler.handleWriteRequest(OzoneManagerRequestHandler.java:352) ~[ozone-manager-1.4.0-SNAPSHOT.jar:?]
	at org.apache.hadoop.ozone.om.ratis.OzoneManagerStateMachine.runCommand(OzoneManagerStateMachine.java:567) ~[ozone-manager-1.4.0-SNAPSHOT.jar:?]
	at org.apache.hadoop.ozone.om.ratis.OzoneManagerStateMachine.lambda$1(OzoneManagerStateMachine.java:358) ~[ozone-manager-1.4.0-SNAPSHOT.jar:?]
	at java.util.concurrent.CompletableFuture$AsyncSupply.run(CompletableFuture.java:1604) [?:1.8.0_372]
	at java.util.concurrent.ThreadPoolExecutor.runWorker(ThreadPoolExecutor.java:1149) [?:1.8.0_372]
	at java.util.concurrent.ThreadPoolExecutor$Worker.run(ThreadPoolExecutor.java:624) [?:1.8.0_372]
	at java.lang.Thread.run(Thread.java:750) [?:1.8.0_372]
2023-06-22 13:17:10,174 [OM StateMachine ApplyTransaction Thread - 0] ERROR key.OMKeyRenameRequestWithFSO (OMKeyRenameRequestWithFSO.java:validateAndUpdateCache(249)) - Rename key failed for volume:volume41219 bucket:bucket28860 fromKey:root_dir/dir1/dir2 toKey:root_dir/file1/c. Exception: Failed to get parent dir root_dir/file1/c, root_dir/file1 is a file.
2023-06-22 13:17:10,175 [Time-limited test] ERROR ozone.BasicRootedOzoneFileSystem (BasicRootedOzoneFileSystem.java:renameFSO(471)) - rename key failed: Failed to get parent dir root_dir/file1/c, root_dir/file1 is a file. source:volume41219/bucket28860/root_dir/dir1/dir2, destin:volume41219/bucket28860/root_dir/file1/c
]]></system-out>
  </testcase>
  <testcase name="testRenameDestinationParentDoesntExist" classname="TestRootedOzoneFileSystemWithFSO" time="0.039">
    <system-out><![CDATA[2023-06-22 13:18:30,446 [Time-limited test] INFO  rpc.RpcClient (RpcClient.java:createVolume(459)) - Creating Volume: volume67711, with user65309 as owner and space quota set to -1 bytes, counts quota set to -1
2023-06-22 13:18:30,446 [IPC Server handler 8 on default port 15057] INFO  volume.OMVolumeCreateRequest (OMVolumeCreateRequest.java:validateAndUpdateCache(196)) - created volume:volume67711 for user:user65309
2023-06-22 13:18:30,447 [Time-limited test] INFO  rpc.RpcClient (RpcClient.java:createBucket(686)) - Creating Bucket: volume67711/bucket14503, with bucket layout FILE_SYSTEM_OPTIMIZED, runner as owner, Versioning false, Storage Type set to DISK and Encryption set to false, Replication Type set to server-side default replication type, Namespace Quota set to -1, Space Quota set to -1 
2023-06-22 13:18:30,448 [IPC Server handler 10 on default port 15057] INFO  bucket.OMBucketCreateRequest (OMBucketCreateRequest.java:validateAndUpdateCache(270)) - created bucket: bucket14503 of layout FILE_SYSTEM_OPTIMIZED in volume: volume67711
13:18:30.452 [IPC Server handler 14 on default port 15057] ERROR OMAudit - user=runner | ip=127.0.0.1 | op=RENAME_KEY {volume=volume67711, bucket=bucket14503, dataSize=0, replicationType=NONE, replicationFactor=ZERO, srcKey=root_dir/dir1/dir2, dstKey=root_dir/b/c} | ret=FAILURE
org.apache.hadoop.ozone.om.exceptions.OMException: Failed to get parent dir root_dir/b/c, root_dir/b doesn't exist
	at org.apache.hadoop.ozone.om.request.file.OMFileRequest.getKeyParentDir(OMFileRequest.java:808) ~[ozone-manager-1.4.0-SNAPSHOT.jar:?]
	at org.apache.hadoop.ozone.om.request.key.OMKeyRenameRequestWithFSO.validateAndUpdateCache(OMKeyRenameRequestWithFSO.java:215) ~[ozone-manager-1.4.0-SNAPSHOT.jar:?]
	at org.apache.hadoop.ozone.protocolPB.OzoneManagerRequestHandler.handleWriteRequest(OzoneManagerRequestHandler.java:352) ~[ozone-manager-1.4.0-SNAPSHOT.jar:?]
	at org.apache.hadoop.ozone.protocolPB.OzoneManagerProtocolServerSideTranslatorPB.submitRequestDirectlyToOM(OzoneManagerProtocolServerSideTranslatorPB.java:278) ~[ozone-manager-1.4.0-SNAPSHOT.jar:?]
	at org.apache.hadoop.ozone.protocolPB.OzoneManagerProtocolServerSideTranslatorPB.processRequest(OzoneManagerProtocolServerSideTranslatorPB.java:173) ~[ozone-manager-1.4.0-SNAPSHOT.jar:?]
	at org.apache.hadoop.hdds.server.OzoneProtocolMessageDispatcher.processRequest(OzoneProtocolMessageDispatcher.java:87) [hdds-server-framework-1.4.0-SNAPSHOT.jar:?]
	at org.apache.hadoop.ozone.protocolPB.OzoneManagerProtocolServerSideTranslatorPB.submitRequest(OzoneManagerProtocolServerSideTranslatorPB.java:147) [ozone-manager-1.4.0-SNAPSHOT.jar:?]
	at org.apache.hadoop.ozone.protocol.proto.OzoneManagerProtocolProtos$OzoneManagerService$2.callBlockingMethod(OzoneManagerProtocolProtos.java) [ozone-interface-client-1.4.0-SNAPSHOT.jar:?]
	at org.apache.hadoop.ipc.ProtobufRpcEngine$Server.processCall(ProtobufRpcEngine.java:484) [hadoop-common-3.3.5.jar:?]
	at org.apache.hadoop.ipc.ProtobufRpcEngine2$Server$ProtoBufRpcInvoker.call(ProtobufRpcEngine2.java:595) [hadoop-common-3.3.5.jar:?]
	at org.apache.hadoop.ipc.ProtobufRpcEngine2$Server$ProtoBufRpcInvoker.call(ProtobufRpcEngine2.java:573) [hadoop-common-3.3.5.jar:?]
	at org.apache.hadoop.ipc.RPC$Server.call(RPC.java:1213) [hadoop-common-3.3.5.jar:?]
	at org.apache.hadoop.ipc.Server$RpcCall.run(Server.java:1089) [hadoop-common-3.3.5.jar:?]
	at org.apache.hadoop.ipc.Server$RpcCall.run(Server.java:1012) [hadoop-common-3.3.5.jar:?]
	at java.security.AccessController.doPrivileged(Native Method) ~[?:1.8.0_372]
	at javax.security.auth.Subject.doAs(Subject.java:422) [?:1.8.0_372]
	at org.apache.hadoop.security.UserGroupInformation.doAs(UserGroupInformation.java:1899) [hadoop-common-3.3.5.jar:?]
	at org.apache.hadoop.ipc.Server$Handler.run(Server.java:3026) [hadoop-common-3.3.5.jar:?]
2023-06-22 13:18:30,453 [IPC Server handler 14 on default port 15057] ERROR key.OMKeyRenameRequestWithFSO (OMKeyRenameRequestWithFSO.java:validateAndUpdateCache(249)) - Rename key failed for volume:volume67711 bucket:bucket14503 fromKey:root_dir/dir1/dir2 toKey:root_dir/b/c. Exception: Failed to get parent dir root_dir/b/c, root_dir/b doesn't exist.
2023-06-22 13:18:30,455 [Time-limited test] ERROR ozone.BasicRootedOzoneFileSystem (BasicRootedOzoneFileSystem.java:renameFSO(471)) - rename key failed: Failed to get parent dir root_dir/b/c, root_dir/b doesn't exist. source:volume67711/bucket14503/root_dir/dir1/dir2, destin:volume67711/bucket14503/root_dir/b/c
13:18:30.462 [IPC Server handler 4 on default port 15057] ERROR OMAudit - user=runner | ip=127.0.0.1 | op=RENAME_KEY {volume=volume67711, bucket=bucket14503, dataSize=0, replicationType=NONE, replicationFactor=ZERO, srcKey=root_dir/dir1/dir2, dstKey=root_dir/file1/c} | ret=FAILURE
org.apache.hadoop.ozone.om.exceptions.OMException: Failed to get parent dir root_dir/file1/c, root_dir/file1 is a file
	at org.apache.hadoop.ozone.om.request.file.OMFileRequest.getKeyParentDir(OMFileRequest.java:813) ~[ozone-manager-1.4.0-SNAPSHOT.jar:?]
	at org.apache.hadoop.ozone.om.request.key.OMKeyRenameRequestWithFSO.validateAndUpdateCache(OMKeyRenameRequestWithFSO.java:215) ~[ozone-manager-1.4.0-SNAPSHOT.jar:?]
	at org.apache.hadoop.ozone.protocolPB.OzoneManagerRequestHandler.handleWriteRequest(OzoneManagerRequestHandler.java:352) ~[ozone-manager-1.4.0-SNAPSHOT.jar:?]
	at org.apache.hadoop.ozone.protocolPB.OzoneManagerProtocolServerSideTranslatorPB.submitRequestDirectlyToOM(OzoneManagerProtocolServerSideTranslatorPB.java:278) ~[ozone-manager-1.4.0-SNAPSHOT.jar:?]
	at org.apache.hadoop.ozone.protocolPB.OzoneManagerProtocolServerSideTranslatorPB.processRequest(OzoneManagerProtocolServerSideTranslatorPB.java:173) ~[ozone-manager-1.4.0-SNAPSHOT.jar:?]
	at org.apache.hadoop.hdds.server.OzoneProtocolMessageDispatcher.processRequest(OzoneProtocolMessageDispatcher.java:87) [hdds-server-framework-1.4.0-SNAPSHOT.jar:?]
	at org.apache.hadoop.ozone.protocolPB.OzoneManagerProtocolServerSideTranslatorPB.submitRequest(OzoneManagerProtocolServerSideTranslatorPB.java:147) [ozone-manager-1.4.0-SNAPSHOT.jar:?]
	at org.apache.hadoop.ozone.protocol.proto.OzoneManagerProtocolProtos$OzoneManagerService$2.callBlockingMethod(OzoneManagerProtocolProtos.java) [ozone-interface-client-1.4.0-SNAPSHOT.jar:?]
	at org.apache.hadoop.ipc.ProtobufRpcEngine$Server.processCall(ProtobufRpcEngine.java:484) [hadoop-common-3.3.5.jar:?]
	at org.apache.hadoop.ipc.ProtobufRpcEngine2$Server$ProtoBufRpcInvoker.call(ProtobufRpcEngine2.java:595) [hadoop-common-3.3.5.jar:?]
	at org.apache.hadoop.ipc.ProtobufRpcEngine2$Server$ProtoBufRpcInvoker.call(ProtobufRpcEngine2.java:573) [hadoop-common-3.3.5.jar:?]
	at org.apache.hadoop.ipc.RPC$Server.call(RPC.java:1213) [hadoop-common-3.3.5.jar:?]
	at org.apache.hadoop.ipc.Server$RpcCall.run(Server.java:1089) [hadoop-common-3.3.5.jar:?]
	at org.apache.hadoop.ipc.Server$RpcCall.run(Server.java:1012) [hadoop-common-3.3.5.jar:?]
	at java.security.AccessController.doPrivileged(Native Method) ~[?:1.8.0_372]
	at javax.security.auth.Subject.doAs(Subject.java:422) [?:1.8.0_372]
	at org.apache.hadoop.security.UserGroupInformation.doAs(UserGroupInformation.java:1899) [hadoop-common-3.3.5.jar:?]
	at org.apache.hadoop.ipc.Server$Handler.run(Server.java:3026) [hadoop-common-3.3.5.jar:?]
2023-06-22 13:18:30,463 [IPC Server handler 4 on default port 15057] ERROR key.OMKeyRenameRequestWithFSO (OMKeyRenameRequestWithFSO.java:validateAndUpdateCache(249)) - Rename key failed for volume:volume67711 bucket:bucket14503 fromKey:root_dir/dir1/dir2 toKey:root_dir/file1/c. Exception: Failed to get parent dir root_dir/file1/c, root_dir/file1 is a file.
2023-06-22 13:18:30,463 [Time-limited test] ERROR ozone.BasicRootedOzoneFileSystem (BasicRootedOzoneFileSystem.java:renameFSO(471)) - rename key failed: Failed to get parent dir root_dir/file1/c, root_dir/file1 is a file. source:volume67711/bucket14503/root_dir/dir1/dir2, destin:volume67711/bucket14503/root_dir/file1/c
]]></system-out>
  </testcase>
  <testcase name="testCreateWithInvalidPaths" classname="TestRootedOzoneFileSystemWithFSO" time="0">
    <skipped message="HDDS-2939"/>
  </testcase>
  <testcase name="testCreateWithInvalidPaths" classname="TestRootedOzoneFileSystemWithFSO" time="0">
    <skipped message="HDDS-2939"/>
  </testcase>
  <testcase name="testListStatusFSO" classname="TestRootedOzoneFileSystemWithFSO" time="12.182">
    <system-out><![CDATA[2023-06-22 13:17:10,221 [Time-limited test] INFO  rpc.RpcClient (RpcClient.java:createVolume(459)) - Creating Volume: volume06477, with user38580 as owner and space quota set to -1 bytes, counts quota set to -1
2023-06-22 13:17:10,225 [OM StateMachine ApplyTransaction Thread - 0] INFO  volume.OMVolumeCreateRequest (OMVolumeCreateRequest.java:validateAndUpdateCache(196)) - created volume:volume06477 for user:user38580
2023-06-22 13:17:10,228 [Time-limited test] INFO  rpc.RpcClient (RpcClient.java:createBucket(686)) - Creating Bucket: volume06477/bucket70819, with bucket layout FILE_SYSTEM_OPTIMIZED, runner as owner, Versioning false, Storage Type set to DISK and Encryption set to false, Replication Type set to server-side default replication type, Namespace Quota set to -1, Space Quota set to -1 
2023-06-22 13:17:10,231 [OM StateMachine ApplyTransaction Thread - 0] INFO  bucket.OMBucketCreateRequest (OMBucketCreateRequest.java:validateAndUpdateCache(270)) - created bucket: bucket70819 of layout FILE_SYSTEM_OPTIMIZED in volume: volume06477
2023-06-22 13:17:20,689 [IPC Server handler 15 on default port 15001] INFO  ha.SequenceIdGenerator (SequenceIdGenerator.java:getNextId(128)) - Allocate a batch for localId, change lastId from 111677748019201000 to 111677748019202000.
]]></system-out>
  </testcase>
  <testcase name="testListStatusFSO" classname="TestRootedOzoneFileSystemWithFSO" time="6.186">
    <system-out><![CDATA[2023-06-22 13:18:30,486 [Time-limited test] INFO  rpc.RpcClient (RpcClient.java:createVolume(459)) - Creating Volume: volume13128, with user56517 as owner and space quota set to -1 bytes, counts quota set to -1
2023-06-22 13:18:30,487 [IPC Server handler 4 on default port 15057] INFO  volume.OMVolumeCreateRequest (OMVolumeCreateRequest.java:validateAndUpdateCache(196)) - created volume:volume13128 for user:user56517
2023-06-22 13:18:30,488 [Time-limited test] INFO  rpc.RpcClient (RpcClient.java:createBucket(686)) - Creating Bucket: volume13128/bucket65744, with bucket layout FILE_SYSTEM_OPTIMIZED, runner as owner, Versioning false, Storage Type set to DISK and Encryption set to false, Replication Type set to server-side default replication type, Namespace Quota set to -1, Space Quota set to -1 
2023-06-22 13:18:30,489 [IPC Server handler 5 on default port 15057] INFO  bucket.OMBucketCreateRequest (OMBucketCreateRequest.java:validateAndUpdateCache(270)) - created bucket: bucket65744 of layout FILE_SYSTEM_OPTIMIZED in volume: volume13128
2023-06-22 13:18:31,742 [JvmPauseMonitor12] WARN  util.JvmPauseMonitor (JvmPauseMonitor.java:detectPause(124)) - JvmPauseMonitor-48fae9b8-4a64-47c7-9afa-6a245820b276: Detected pause in JVM or host machine approximately 0.113s with 0.544s GC time.
GC pool 'PS MarkSweep' had collection(s): count=1 time=407ms
GC pool 'PS Scavenge' had collection(s): count=1 time=137ms
2023-06-22 13:18:31,742 [JvmPauseMonitor7] WARN  util.JvmPauseMonitor (JvmPauseMonitor.java:detectPause(124)) - JvmPauseMonitor-94370e48-0eed-4f3c-bf60-89ec4ced0809: Detected pause in JVM or host machine approximately 0.237s with 0.544s GC time.
GC pool 'PS MarkSweep' had collection(s): count=1 time=407ms
GC pool 'PS Scavenge' had collection(s): count=1 time=137ms
2023-06-22 13:18:31,742 [JvmPauseMonitor10] WARN  util.JvmPauseMonitor (JvmPauseMonitor.java:detectPause(124)) - JvmPauseMonitor-2f5d805c-9187-458a-a4cb-1b814143bdc5: Detected pause in JVM or host machine approximately 0.218s with 0.544s GC time.
GC pool 'PS MarkSweep' had collection(s): count=1 time=407ms
GC pool 'PS Scavenge' had collection(s): count=1 time=137ms
2023-06-22 13:18:31,743 [JvmPauseMonitor13] WARN  util.JvmPauseMonitor (JvmPauseMonitor.java:detectPause(124)) - JvmPauseMonitor-2d8cad12-2e65-4624-85ce-d7a0d9018b77: Detected pause in JVM or host machine approximately 0.325s with 0.544s GC time.
GC pool 'PS MarkSweep' had collection(s): count=1 time=407ms
GC pool 'PS Scavenge' had collection(s): count=1 time=137ms
2023-06-22 13:18:31,743 [JvmPauseMonitor11] WARN  util.JvmPauseMonitor (JvmPauseMonitor.java:detectPause(124)) - JvmPauseMonitor-f35f0a8c-90e3-4c0e-82f0-ebea9a45f0ef: Detected pause in JVM or host machine approximately 0.419s with 0.544s GC time.
GC pool 'PS MarkSweep' had collection(s): count=1 time=407ms
GC pool 'PS Scavenge' had collection(s): count=1 time=137ms
2023-06-22 13:18:31,744 [JvmPauseMonitor8] WARN  util.JvmPauseMonitor (JvmPauseMonitor.java:detectPause(124)) - JvmPauseMonitor-c8ed1643-8a1c-4216-99bf-32f227708afd: Detected pause in JVM or host machine approximately 0.476s with 0.544s GC time.
GC pool 'PS MarkSweep' had collection(s): count=1 time=407ms
GC pool 'PS Scavenge' had collection(s): count=1 time=137ms
2023-06-22 13:18:35,597 [IPC Server handler 13 on default port 15054] INFO  ha.SequenceIdGenerator (SequenceIdGenerator.java:getNextId(128)) - Allocate a batch for localId, change lastId from 111677748019201000 to 111677748019202000.
]]></system-out>
  </testcase>
  <testcase name="testDeleteEmptyVolume" classname="TestRootedOzoneFileSystemWithFSO" time="0">
    <skipped message="HDDS-2939"/>
  </testcase>
  <testcase name="testDeleteEmptyVolume" classname="TestRootedOzoneFileSystemWithFSO" time="0">
    <skipped message="HDDS-2939"/>
  </testcase>
  <testcase name="testMkdirNonExistentVolume" classname="TestRootedOzoneFileSystemWithFSO" time="0">
    <skipped message="HDDS-2939"/>
  </testcase>
  <testcase name="testMkdirNonExistentVolume" classname="TestRootedOzoneFileSystemWithFSO" time="0">
    <skipped message="HDDS-2939"/>
  </testcase>
  <testcase name="testRenameFile" classname="TestRootedOzoneFileSystemWithFSO" time="0.061">
    <system-out><![CDATA[2023-06-22 13:17:22,407 [Time-limited test] INFO  rpc.RpcClient (RpcClient.java:createVolume(459)) - Creating Volume: volume62603, with user31169 as owner and space quota set to -1 bytes, counts quota set to -1
2023-06-22 13:17:22,418 [OM StateMachine ApplyTransaction Thread - 0] INFO  volume.OMVolumeCreateRequest (OMVolumeCreateRequest.java:validateAndUpdateCache(196)) - created volume:volume62603 for user:user31169
2023-06-22 13:17:22,421 [Time-limited test] INFO  rpc.RpcClient (RpcClient.java:createBucket(686)) - Creating Bucket: volume62603/bucket88081, with bucket layout FILE_SYSTEM_OPTIMIZED, runner as owner, Versioning false, Storage Type set to DISK and Encryption set to false, Replication Type set to server-side default replication type, Namespace Quota set to -1, Space Quota set to -1 
2023-06-22 13:17:22,422 [OM StateMachine ApplyTransaction Thread - 0] INFO  bucket.OMBucketCreateRequest (OMBucketCreateRequest.java:validateAndUpdateCache(270)) - created bucket: bucket88081 of layout FILE_SYSTEM_OPTIMIZED in volume: volume62603
]]></system-out>
  </testcase>
  <testcase name="testRenameFile" classname="TestRootedOzoneFileSystemWithFSO" time="0.033">
    <system-out><![CDATA[2023-06-22 13:18:36,674 [Time-limited test] INFO  rpc.RpcClient (RpcClient.java:createVolume(459)) - Creating Volume: volume07754, with user78540 as owner and space quota set to -1 bytes, counts quota set to -1
2023-06-22 13:18:36,674 [IPC Server handler 7 on default port 15057] INFO  volume.OMVolumeCreateRequest (OMVolumeCreateRequest.java:validateAndUpdateCache(196)) - created volume:volume07754 for user:user78540
2023-06-22 13:18:36,675 [Time-limited test] INFO  rpc.RpcClient (RpcClient.java:createBucket(686)) - Creating Bucket: volume07754/bucket57080, with bucket layout FILE_SYSTEM_OPTIMIZED, runner as owner, Versioning false, Storage Type set to DISK and Encryption set to false, Replication Type set to server-side default replication type, Namespace Quota set to -1, Space Quota set to -1 
2023-06-22 13:18:36,676 [IPC Server handler 9 on default port 15057] INFO  bucket.OMBucketCreateRequest (OMBucketCreateRequest.java:validateAndUpdateCache(270)) - created bucket: bucket57080 of layout FILE_SYSTEM_OPTIMIZED in volume: volume07754
]]></system-out>
  </testcase>
  <testcase name="testListStatusRootAndVolumeRecursive" classname="TestRootedOzoneFileSystemWithFSO" time="0.036">
    <system-out><![CDATA[2023-06-22 13:17:22,469 [Time-limited test] INFO  rpc.RpcClient (RpcClient.java:createVolume(459)) - Creating Volume: volume13023, with user99680 as owner and space quota set to -1 bytes, counts quota set to -1
2023-06-22 13:17:22,471 [OM StateMachine ApplyTransaction Thread - 0] INFO  volume.OMVolumeCreateRequest (OMVolumeCreateRequest.java:validateAndUpdateCache(196)) - created volume:volume13023 for user:user99680
2023-06-22 13:17:22,473 [Time-limited test] INFO  rpc.RpcClient (RpcClient.java:createBucket(686)) - Creating Bucket: volume13023/bucket66710, with bucket layout FILE_SYSTEM_OPTIMIZED, runner as owner, Versioning false, Storage Type set to DISK and Encryption set to false, Replication Type set to server-side default replication type, Namespace Quota set to -1, Space Quota set to -1 
2023-06-22 13:17:22,474 [OM StateMachine ApplyTransaction Thread - 0] INFO  bucket.OMBucketCreateRequest (OMBucketCreateRequest.java:validateAndUpdateCache(270)) - created bucket: bucket66710 of layout FILE_SYSTEM_OPTIMIZED in volume: volume13023
]]></system-out>
  </testcase>
  <testcase name="testListStatusRootAndVolumeRecursive" classname="TestRootedOzoneFileSystemWithFSO" time="0.026">
    <system-out><![CDATA[2023-06-22 13:18:36,710 [Time-limited test] INFO  rpc.RpcClient (RpcClient.java:createVolume(459)) - Creating Volume: volume80777, with user83871 as owner and space quota set to -1 bytes, counts quota set to -1
2023-06-22 13:18:36,710 [IPC Server handler 2 on default port 15057] INFO  volume.OMVolumeCreateRequest (OMVolumeCreateRequest.java:validateAndUpdateCache(196)) - created volume:volume80777 for user:user83871
2023-06-22 13:18:36,711 [Time-limited test] INFO  rpc.RpcClient (RpcClient.java:createBucket(686)) - Creating Bucket: volume80777/bucket20047, with bucket layout FILE_SYSTEM_OPTIMIZED, runner as owner, Versioning false, Storage Type set to DISK and Encryption set to false, Replication Type set to server-side default replication type, Namespace Quota set to -1, Space Quota set to -1 
2023-06-22 13:18:36,711 [IPC Server handler 3 on default port 15057] INFO  bucket.OMBucketCreateRequest (OMBucketCreateRequest.java:validateAndUpdateCache(270)) - created bucket: bucket20047 of layout FILE_SYSTEM_OPTIMIZED in volume: volume80777
]]></system-out>
  </testcase>
  <testcase name="testListStatusIteratorOnSubDirs" classname="TestRootedOzoneFileSystemWithFSO" time="0.079">
    <system-out><![CDATA[2023-06-22 13:17:22,528 [Time-limited test] INFO  rpc.RpcClient (RpcClient.java:createVolume(459)) - Creating Volume: volume40741, with user27767 as owner and space quota set to -1 bytes, counts quota set to -1
2023-06-22 13:17:22,530 [OM StateMachine ApplyTransaction Thread - 0] INFO  volume.OMVolumeCreateRequest (OMVolumeCreateRequest.java:validateAndUpdateCache(196)) - created volume:volume40741 for user:user27767
2023-06-22 13:17:22,531 [Time-limited test] INFO  rpc.RpcClient (RpcClient.java:createBucket(686)) - Creating Bucket: volume40741/bucket71373, with bucket layout FILE_SYSTEM_OPTIMIZED, runner as owner, Versioning false, Storage Type set to DISK and Encryption set to false, Replication Type set to server-side default replication type, Namespace Quota set to -1, Space Quota set to -1 
2023-06-22 13:17:22,533 [OM StateMachine ApplyTransaction Thread - 0] INFO  bucket.OMBucketCreateRequest (OMBucketCreateRequest.java:validateAndUpdateCache(270)) - created bucket: bucket71373 of layout FILE_SYSTEM_OPTIMIZED in volume: volume40741
]]></system-out>
  </testcase>
  <testcase name="testListStatusIteratorOnSubDirs" classname="TestRootedOzoneFileSystemWithFSO" time="0.042">
    <system-out><![CDATA[2023-06-22 13:18:36,732 [Time-limited test] INFO  rpc.RpcClient (RpcClient.java:createVolume(459)) - Creating Volume: volume64989, with user50969 as owner and space quota set to -1 bytes, counts quota set to -1
2023-06-22 13:18:36,733 [IPC Server handler 0 on default port 15057] INFO  volume.OMVolumeCreateRequest (OMVolumeCreateRequest.java:validateAndUpdateCache(196)) - created volume:volume64989 for user:user50969
2023-06-22 13:18:36,734 [Time-limited test] INFO  rpc.RpcClient (RpcClient.java:createBucket(686)) - Creating Bucket: volume64989/bucket78620, with bucket layout FILE_SYSTEM_OPTIMIZED, runner as owner, Versioning false, Storage Type set to DISK and Encryption set to false, Replication Type set to server-side default replication type, Namespace Quota set to -1, Space Quota set to -1 
2023-06-22 13:18:36,734 [IPC Server handler 7 on default port 15057] INFO  bucket.OMBucketCreateRequest (OMBucketCreateRequest.java:validateAndUpdateCache(270)) - created bucket: bucket78620 of layout FILE_SYSTEM_OPTIMIZED in volume: volume64989
]]></system-out>
  </testcase>
  <testcase name="testSymlinkList" classname="TestRootedOzoneFileSystemWithFSO" time="0.414">
    <system-out><![CDATA[2023-06-22 13:17:22,589 [Time-limited test] INFO  rpc.RpcClient (RpcClient.java:createVolume(459)) - Creating Volume: volume85045, with user07522 as owner and space quota set to -1 bytes, counts quota set to -1
2023-06-22 13:17:22,591 [OM StateMachine ApplyTransaction Thread - 0] INFO  volume.OMVolumeCreateRequest (OMVolumeCreateRequest.java:validateAndUpdateCache(196)) - created volume:volume85045 for user:user07522
2023-06-22 13:17:22,592 [Time-limited test] INFO  rpc.RpcClient (RpcClient.java:createBucket(686)) - Creating Bucket: volume85045/bucket51845, with bucket layout FILE_SYSTEM_OPTIMIZED, runner as owner, Versioning false, Storage Type set to DISK and Encryption set to false, Replication Type set to server-side default replication type, Namespace Quota set to -1, Space Quota set to -1 
2023-06-22 13:17:22,593 [OM StateMachine ApplyTransaction Thread - 0] INFO  bucket.OMBucketCreateRequest (OMBucketCreateRequest.java:validateAndUpdateCache(270)) - created bucket: bucket51845 of layout FILE_SYSTEM_OPTIMIZED in volume: volume85045
2023-06-22 13:17:22,602 [Time-limited test] INFO  rpc.RpcClient (RpcClient.java:createVolume(459)) - Creating Volume: volume-80361, with runner as owner and space quota set to -1 bytes, counts quota set to -1
2023-06-22 13:17:22,603 [OM StateMachine ApplyTransaction Thread - 0] INFO  volume.OMVolumeCreateRequest (OMVolumeCreateRequest.java:validateAndUpdateCache(196)) - created volume:volume-80361 for user:runner
13:17:22.605 [IPC Server handler 12 on default port 15004] ERROR OMAudit - user=runner | ip=127.0.0.1 | op=READ_BUCKET {volume=volume-80361, bucket=bucket} | ret=FAILURE
org.apache.hadoop.ozone.om.exceptions.OMException: Bucket not found
	at org.apache.hadoop.ozone.om.BucketManagerImpl.getBucketInfo(BucketManagerImpl.java:85) ~[ozone-manager-1.4.0-SNAPSHOT.jar:?]
	at org.apache.hadoop.ozone.om.OzoneManager.getBucketInfo(OzoneManager.java:2777) ~[ozone-manager-1.4.0-SNAPSHOT.jar:?]
	at org.apache.hadoop.ozone.protocolPB.OzoneManagerRequestHandler.infoBucket(OzoneManagerRequestHandler.java:524) ~[ozone-manager-1.4.0-SNAPSHOT.jar:?]
	at org.apache.hadoop.ozone.protocolPB.OzoneManagerRequestHandler.handleReadRequest(OzoneManagerRequestHandler.java:195) ~[ozone-manager-1.4.0-SNAPSHOT.jar:?]
	at org.apache.hadoop.ozone.protocolPB.OzoneManagerProtocolServerSideTranslatorPB.submitReadRequestToOM(OzoneManagerProtocolServerSideTranslatorPB.java:223) ~[ozone-manager-1.4.0-SNAPSHOT.jar:?]
	at org.apache.hadoop.ozone.protocolPB.OzoneManagerProtocolServerSideTranslatorPB.processRequest(OzoneManagerProtocolServerSideTranslatorPB.java:177) ~[ozone-manager-1.4.0-SNAPSHOT.jar:?]
	at org.apache.hadoop.hdds.server.OzoneProtocolMessageDispatcher.processRequest(OzoneProtocolMessageDispatcher.java:87) [hdds-server-framework-1.4.0-SNAPSHOT.jar:?]
	at org.apache.hadoop.ozone.protocolPB.OzoneManagerProtocolServerSideTranslatorPB.submitRequest(OzoneManagerProtocolServerSideTranslatorPB.java:147) [ozone-manager-1.4.0-SNAPSHOT.jar:?]
	at org.apache.hadoop.ozone.protocol.proto.OzoneManagerProtocolProtos$OzoneManagerService$2.callBlockingMethod(OzoneManagerProtocolProtos.java) [ozone-interface-client-1.4.0-SNAPSHOT.jar:?]
	at org.apache.hadoop.ipc.ProtobufRpcEngine$Server.processCall(ProtobufRpcEngine.java:484) [hadoop-common-3.3.5.jar:?]
	at org.apache.hadoop.ipc.ProtobufRpcEngine2$Server$ProtoBufRpcInvoker.call(ProtobufRpcEngine2.java:595) [hadoop-common-3.3.5.jar:?]
	at org.apache.hadoop.ipc.ProtobufRpcEngine2$Server$ProtoBufRpcInvoker.call(ProtobufRpcEngine2.java:573) [hadoop-common-3.3.5.jar:?]
	at org.apache.hadoop.ipc.RPC$Server.call(RPC.java:1213) [hadoop-common-3.3.5.jar:?]
	at org.apache.hadoop.ipc.Server$RpcCall.run(Server.java:1089) [hadoop-common-3.3.5.jar:?]
	at org.apache.hadoop.ipc.Server$RpcCall.run(Server.java:1012) [hadoop-common-3.3.5.jar:?]
	at java.security.AccessController.doPrivileged(Native Method) ~[?:1.8.0_372]
	at javax.security.auth.Subject.doAs(Subject.java:422) [?:1.8.0_372]
	at org.apache.hadoop.security.UserGroupInformation.doAs(UserGroupInformation.java:1899) [hadoop-common-3.3.5.jar:?]
	at org.apache.hadoop.ipc.Server$Handler.run(Server.java:3026) [hadoop-common-3.3.5.jar:?]
2023-06-22 13:17:22,614 [Time-limited test] INFO  rpc.RpcClient (RpcClient.java:createBucket(686)) - Creating Bucket: volume-80361/bucket, with bucket layout FILE_SYSTEM_OPTIMIZED, runner as owner, Versioning false, Storage Type set to DISK and Encryption set to false, Replication Type set to server-side default replication type, Namespace Quota set to -1, Space Quota set to -1 
2023-06-22 13:17:22,616 [OM StateMachine ApplyTransaction Thread - 0] INFO  bucket.OMBucketCreateRequest (OMBucketCreateRequest.java:validateAndUpdateCache(270)) - created bucket: bucket of layout FILE_SYSTEM_OPTIMIZED in volume: volume-80361
2023-06-22 13:17:22,618 [Time-limited test] INFO  rpc.RpcClient (RpcClient.java:createVolume(459)) - Creating Volume: volume-37898, with runner as owner and space quota set to -1 bytes, counts quota set to -1
2023-06-22 13:17:22,619 [OM StateMachine ApplyTransaction Thread - 0] INFO  volume.OMVolumeCreateRequest (OMVolumeCreateRequest.java:validateAndUpdateCache(196)) - created volume:volume-37898 for user:runner
2023-06-22 13:17:22,621 [Time-limited test] INFO  rpc.RpcClient (RpcClient.java:createBucket(686)) - Creating Bucket: volume-37898/bucket, with server-side default bucket layout, runner as owner, Versioning false, Storage Type set to DISK and Encryption set to false, Replication Type set to server-side default replication type, Namespace Quota set to -1, Space Quota set to -1 
2023-06-22 13:17:22,622 [OM StateMachine ApplyTransaction Thread - 0] INFO  bucket.OMBucketCreateRequest (OMBucketCreateRequest.java:validateAndUpdateCache(270)) - created bucket: bucket of layout FILE_SYSTEM_OPTIMIZED in volume: volume-37898
drwxrwxrwx   - runner docker          0 2023-06-22 13:17 ofs://localhost:15004/volume-37898/bucket
2023-06-22 13:17:22,925 [IPC Server handler 3 on default port 15001] WARN  node.SCMNodeManager (SCMNodeManager.java:getNodesByAddress(1377)) - Cannot find node for address 127.0.0.1
drwxrwxrwx   - runner runner          0 2023-06-22 13:17 ofs://localhost:15004/volume-37898/bucket/object-dir
-rw-rw-rw-   3 runner runner          1 2023-06-22 13:17 ofs://localhost:15004/volume-37898/bucket/object-dir/object-name1
]]></system-out>
  </testcase>
  <testcase name="testSymlinkList" classname="TestRootedOzoneFileSystemWithFSO" time="0.105">
    <system-out><![CDATA[2023-06-22 13:18:36,778 [Time-limited test] INFO  rpc.RpcClient (RpcClient.java:createVolume(459)) - Creating Volume: volume03417, with user13381 as owner and space quota set to -1 bytes, counts quota set to -1
2023-06-22 13:18:36,779 [IPC Server handler 7 on default port 15057] INFO  volume.OMVolumeCreateRequest (OMVolumeCreateRequest.java:validateAndUpdateCache(196)) - created volume:volume03417 for user:user13381
2023-06-22 13:18:36,779 [Time-limited test] INFO  rpc.RpcClient (RpcClient.java:createBucket(686)) - Creating Bucket: volume03417/bucket71310, with bucket layout FILE_SYSTEM_OPTIMIZED, runner as owner, Versioning false, Storage Type set to DISK and Encryption set to false, Replication Type set to server-side default replication type, Namespace Quota set to -1, Space Quota set to -1 
2023-06-22 13:18:36,780 [IPC Server handler 9 on default port 15057] INFO  bucket.OMBucketCreateRequest (OMBucketCreateRequest.java:validateAndUpdateCache(270)) - created bucket: bucket71310 of layout FILE_SYSTEM_OPTIMIZED in volume: volume03417
2023-06-22 13:18:36,781 [Time-limited test] INFO  rpc.RpcClient (RpcClient.java:createVolume(459)) - Creating Volume: volume-02774, with runner as owner and space quota set to -1 bytes, counts quota set to -1
2023-06-22 13:18:36,782 [IPC Server handler 15 on default port 15057] INFO  volume.OMVolumeCreateRequest (OMVolumeCreateRequest.java:validateAndUpdateCache(196)) - created volume:volume-02774 for user:runner
13:18:36.782 [IPC Server handler 14 on default port 15057] ERROR OMAudit - user=runner | ip=127.0.0.1 | op=READ_BUCKET {volume=volume-02774, bucket=bucket} | ret=FAILURE
org.apache.hadoop.ozone.om.exceptions.OMException: Bucket not found
	at org.apache.hadoop.ozone.om.BucketManagerImpl.getBucketInfo(BucketManagerImpl.java:85) ~[ozone-manager-1.4.0-SNAPSHOT.jar:?]
	at org.apache.hadoop.ozone.om.OzoneManager.getBucketInfo(OzoneManager.java:2777) ~[ozone-manager-1.4.0-SNAPSHOT.jar:?]
	at org.apache.hadoop.ozone.protocolPB.OzoneManagerRequestHandler.infoBucket(OzoneManagerRequestHandler.java:524) ~[ozone-manager-1.4.0-SNAPSHOT.jar:?]
	at org.apache.hadoop.ozone.protocolPB.OzoneManagerRequestHandler.handleReadRequest(OzoneManagerRequestHandler.java:195) ~[ozone-manager-1.4.0-SNAPSHOT.jar:?]
	at org.apache.hadoop.ozone.protocolPB.OzoneManagerProtocolServerSideTranslatorPB.submitRequestDirectlyToOM(OzoneManagerProtocolServerSideTranslatorPB.java:272) ~[ozone-manager-1.4.0-SNAPSHOT.jar:?]
	at org.apache.hadoop.ozone.protocolPB.OzoneManagerProtocolServerSideTranslatorPB.processRequest(OzoneManagerProtocolServerSideTranslatorPB.java:173) ~[ozone-manager-1.4.0-SNAPSHOT.jar:?]
	at org.apache.hadoop.hdds.server.OzoneProtocolMessageDispatcher.processRequest(OzoneProtocolMessageDispatcher.java:87) [hdds-server-framework-1.4.0-SNAPSHOT.jar:?]
	at org.apache.hadoop.ozone.protocolPB.OzoneManagerProtocolServerSideTranslatorPB.submitRequest(OzoneManagerProtocolServerSideTranslatorPB.java:147) [ozone-manager-1.4.0-SNAPSHOT.jar:?]
	at org.apache.hadoop.ozone.protocol.proto.OzoneManagerProtocolProtos$OzoneManagerService$2.callBlockingMethod(OzoneManagerProtocolProtos.java) [ozone-interface-client-1.4.0-SNAPSHOT.jar:?]
	at org.apache.hadoop.ipc.ProtobufRpcEngine$Server.processCall(ProtobufRpcEngine.java:484) [hadoop-common-3.3.5.jar:?]
	at org.apache.hadoop.ipc.ProtobufRpcEngine2$Server$ProtoBufRpcInvoker.call(ProtobufRpcEngine2.java:595) [hadoop-common-3.3.5.jar:?]
	at org.apache.hadoop.ipc.ProtobufRpcEngine2$Server$ProtoBufRpcInvoker.call(ProtobufRpcEngine2.java:573) [hadoop-common-3.3.5.jar:?]
	at org.apache.hadoop.ipc.RPC$Server.call(RPC.java:1213) [hadoop-common-3.3.5.jar:?]
	at org.apache.hadoop.ipc.Server$RpcCall.run(Server.java:1089) [hadoop-common-3.3.5.jar:?]
	at org.apache.hadoop.ipc.Server$RpcCall.run(Server.java:1012) [hadoop-common-3.3.5.jar:?]
	at java.security.AccessController.doPrivileged(Native Method) ~[?:1.8.0_372]
	at javax.security.auth.Subject.doAs(Subject.java:422) [?:1.8.0_372]
	at org.apache.hadoop.security.UserGroupInformation.doAs(UserGroupInformation.java:1899) [hadoop-common-3.3.5.jar:?]
	at org.apache.hadoop.ipc.Server$Handler.run(Server.java:3026) [hadoop-common-3.3.5.jar:?]
2023-06-22 13:18:36,784 [Time-limited test] INFO  rpc.RpcClient (RpcClient.java:createBucket(686)) - Creating Bucket: volume-02774/bucket, with bucket layout FILE_SYSTEM_OPTIMIZED, runner as owner, Versioning false, Storage Type set to DISK and Encryption set to false, Replication Type set to server-side default replication type, Namespace Quota set to -1, Space Quota set to -1 
2023-06-22 13:18:36,785 [IPC Server handler 12 on default port 15057] INFO  bucket.OMBucketCreateRequest (OMBucketCreateRequest.java:validateAndUpdateCache(270)) - created bucket: bucket of layout FILE_SYSTEM_OPTIMIZED in volume: volume-02774
2023-06-22 13:18:36,786 [Time-limited test] INFO  rpc.RpcClient (RpcClient.java:createVolume(459)) - Creating Volume: volume-85111, with runner as owner and space quota set to -1 bytes, counts quota set to -1
2023-06-22 13:18:36,786 [IPC Server handler 4 on default port 15057] INFO  volume.OMVolumeCreateRequest (OMVolumeCreateRequest.java:validateAndUpdateCache(196)) - created volume:volume-85111 for user:runner
2023-06-22 13:18:36,788 [Time-limited test] INFO  rpc.RpcClient (RpcClient.java:createBucket(686)) - Creating Bucket: volume-85111/bucket, with server-side default bucket layout, runner as owner, Versioning false, Storage Type set to DISK and Encryption set to false, Replication Type set to server-side default replication type, Namespace Quota set to -1, Space Quota set to -1 
2023-06-22 13:18:36,788 [IPC Server handler 5 on default port 15057] INFO  bucket.OMBucketCreateRequest (OMBucketCreateRequest.java:validateAndUpdateCache(270)) - created bucket: bucket of layout FILE_SYSTEM_OPTIMIZED in volume: volume-85111
drwxrwxrwx   - runner docker          0 2023-06-22 13:18 ofs://localhost:15057/volume-85111/bucket
2023-06-22 13:18:36,843 [IPC Server handler 2 on default port 15054] WARN  node.SCMNodeManager (SCMNodeManager.java:getNodesByAddress(1377)) - Cannot find node for address 127.0.0.1
drwxrwxrwx   - runner runner          0 2023-06-22 13:18 ofs://localhost:15057/volume-85111/bucket/object-dir
-rw-rw-rw-   3 runner runner          1 2023-06-22 13:18 ofs://localhost:15057/volume-85111/bucket/object-dir/object-name1
]]></system-out>
  </testcase>
  <testcase name="testListStatusIteratorWithPathNotFound" classname="TestRootedOzoneFileSystemWithFSO" time="0.047">
    <system-out><![CDATA[2023-06-22 13:17:22,998 [Time-limited test] INFO  rpc.RpcClient (RpcClient.java:createVolume(459)) - Creating Volume: volume78159, with user88940 as owner and space quota set to -1 bytes, counts quota set to -1
2023-06-22 13:17:23,001 [OM StateMachine ApplyTransaction Thread - 0] INFO  volume.OMVolumeCreateRequest (OMVolumeCreateRequest.java:validateAndUpdateCache(196)) - created volume:volume78159 for user:user88940
2023-06-22 13:17:23,003 [Time-limited test] INFO  rpc.RpcClient (RpcClient.java:createBucket(686)) - Creating Bucket: volume78159/bucket01994, with bucket layout FILE_SYSTEM_OPTIMIZED, runner as owner, Versioning false, Storage Type set to DISK and Encryption set to false, Replication Type set to server-side default replication type, Namespace Quota set to -1, Space Quota set to -1 
2023-06-22 13:17:23,004 [OM StateMachine ApplyTransaction Thread - 0] INFO  bucket.OMBucketCreateRequest (OMBucketCreateRequest.java:validateAndUpdateCache(270)) - created bucket: bucket01994 of layout FILE_SYSTEM_OPTIMIZED in volume: volume78159
13:17:23.006 [IPC Server handler 4 on default port 15004] ERROR OMAudit - user=runner | ip=127.0.0.1 | op=READ_VOLUME {volume=test} | ret=FAILURE
org.apache.hadoop.ozone.om.exceptions.OMException: Volume test is not found
	at org.apache.hadoop.ozone.om.VolumeManagerImpl.getVolumeInfo(VolumeManagerImpl.java:61) ~[ozone-manager-1.4.0-SNAPSHOT.jar:?]
	at org.apache.hadoop.ozone.om.OzoneManager.getVolumeInfo(OzoneManager.java:2592) ~[ozone-manager-1.4.0-SNAPSHOT.jar:?]
	at org.apache.hadoop.ozone.protocolPB.OzoneManagerRequestHandler.infoVolume(OzoneManagerRequestHandler.java:450) ~[ozone-manager-1.4.0-SNAPSHOT.jar:?]
	at org.apache.hadoop.ozone.protocolPB.OzoneManagerRequestHandler.handleReadRequest(OzoneManagerRequestHandler.java:185) ~[ozone-manager-1.4.0-SNAPSHOT.jar:?]
	at org.apache.hadoop.ozone.protocolPB.OzoneManagerProtocolServerSideTranslatorPB.submitReadRequestToOM(OzoneManagerProtocolServerSideTranslatorPB.java:223) ~[ozone-manager-1.4.0-SNAPSHOT.jar:?]
	at org.apache.hadoop.ozone.protocolPB.OzoneManagerProtocolServerSideTranslatorPB.processRequest(OzoneManagerProtocolServerSideTranslatorPB.java:177) ~[ozone-manager-1.4.0-SNAPSHOT.jar:?]
	at org.apache.hadoop.hdds.server.OzoneProtocolMessageDispatcher.processRequest(OzoneProtocolMessageDispatcher.java:87) [hdds-server-framework-1.4.0-SNAPSHOT.jar:?]
	at org.apache.hadoop.ozone.protocolPB.OzoneManagerProtocolServerSideTranslatorPB.submitRequest(OzoneManagerProtocolServerSideTranslatorPB.java:147) [ozone-manager-1.4.0-SNAPSHOT.jar:?]
	at org.apache.hadoop.ozone.protocol.proto.OzoneManagerProtocolProtos$OzoneManagerService$2.callBlockingMethod(OzoneManagerProtocolProtos.java) [ozone-interface-client-1.4.0-SNAPSHOT.jar:?]
	at org.apache.hadoop.ipc.ProtobufRpcEngine$Server.processCall(ProtobufRpcEngine.java:484) [hadoop-common-3.3.5.jar:?]
	at org.apache.hadoop.ipc.ProtobufRpcEngine2$Server$ProtoBufRpcInvoker.call(ProtobufRpcEngine2.java:595) [hadoop-common-3.3.5.jar:?]
	at org.apache.hadoop.ipc.ProtobufRpcEngine2$Server$ProtoBufRpcInvoker.call(ProtobufRpcEngine2.java:573) [hadoop-common-3.3.5.jar:?]
	at org.apache.hadoop.ipc.RPC$Server.call(RPC.java:1213) [hadoop-common-3.3.5.jar:?]
	at org.apache.hadoop.ipc.Server$RpcCall.run(Server.java:1089) [hadoop-common-3.3.5.jar:?]
	at org.apache.hadoop.ipc.Server$RpcCall.run(Server.java:1012) [hadoop-common-3.3.5.jar:?]
	at java.security.AccessController.doPrivileged(Native Method) ~[?:1.8.0_372]
	at javax.security.auth.Subject.doAs(Subject.java:422) [?:1.8.0_372]
	at org.apache.hadoop.security.UserGroupInformation.doAs(UserGroupInformation.java:1899) [hadoop-common-3.3.5.jar:?]
	at org.apache.hadoop.ipc.Server$Handler.run(Server.java:3026) [hadoop-common-3.3.5.jar:?]
]]></system-out>
  </testcase>
  <testcase name="testListStatusIteratorWithPathNotFound" classname="TestRootedOzoneFileSystemWithFSO" time="0.018">
    <system-out><![CDATA[2023-06-22 13:18:36,875 [Time-limited test] INFO  rpc.RpcClient (RpcClient.java:createVolume(459)) - Creating Volume: volume24765, with user94231 as owner and space quota set to -1 bytes, counts quota set to -1
2023-06-22 13:18:36,876 [IPC Server handler 4 on default port 15057] INFO  volume.OMVolumeCreateRequest (OMVolumeCreateRequest.java:validateAndUpdateCache(196)) - created volume:volume24765 for user:user94231
2023-06-22 13:18:36,877 [Time-limited test] INFO  rpc.RpcClient (RpcClient.java:createBucket(686)) - Creating Bucket: volume24765/bucket10749, with bucket layout FILE_SYSTEM_OPTIMIZED, runner as owner, Versioning false, Storage Type set to DISK and Encryption set to false, Replication Type set to server-side default replication type, Namespace Quota set to -1, Space Quota set to -1 
2023-06-22 13:18:36,877 [IPC Server handler 6 on default port 15057] INFO  bucket.OMBucketCreateRequest (OMBucketCreateRequest.java:validateAndUpdateCache(270)) - created bucket: bucket10749 of layout FILE_SYSTEM_OPTIMIZED in volume: volume24765
13:18:36.878 [IPC Server handler 2 on default port 15057] ERROR OMAudit - user=runner | ip=127.0.0.1 | op=READ_VOLUME {volume=test} | ret=FAILURE
org.apache.hadoop.ozone.om.exceptions.OMException: Volume test is not found
	at org.apache.hadoop.ozone.om.VolumeManagerImpl.getVolumeInfo(VolumeManagerImpl.java:61) ~[ozone-manager-1.4.0-SNAPSHOT.jar:?]
	at org.apache.hadoop.ozone.om.OzoneManager.getVolumeInfo(OzoneManager.java:2592) ~[ozone-manager-1.4.0-SNAPSHOT.jar:?]
	at org.apache.hadoop.ozone.protocolPB.OzoneManagerRequestHandler.infoVolume(OzoneManagerRequestHandler.java:450) ~[ozone-manager-1.4.0-SNAPSHOT.jar:?]
	at org.apache.hadoop.ozone.protocolPB.OzoneManagerRequestHandler.handleReadRequest(OzoneManagerRequestHandler.java:185) ~[ozone-manager-1.4.0-SNAPSHOT.jar:?]
	at org.apache.hadoop.ozone.protocolPB.OzoneManagerProtocolServerSideTranslatorPB.submitRequestDirectlyToOM(OzoneManagerProtocolServerSideTranslatorPB.java:272) ~[ozone-manager-1.4.0-SNAPSHOT.jar:?]
	at org.apache.hadoop.ozone.protocolPB.OzoneManagerProtocolServerSideTranslatorPB.processRequest(OzoneManagerProtocolServerSideTranslatorPB.java:173) ~[ozone-manager-1.4.0-SNAPSHOT.jar:?]
	at org.apache.hadoop.hdds.server.OzoneProtocolMessageDispatcher.processRequest(OzoneProtocolMessageDispatcher.java:87) [hdds-server-framework-1.4.0-SNAPSHOT.jar:?]
	at org.apache.hadoop.ozone.protocolPB.OzoneManagerProtocolServerSideTranslatorPB.submitRequest(OzoneManagerProtocolServerSideTranslatorPB.java:147) [ozone-manager-1.4.0-SNAPSHOT.jar:?]
	at org.apache.hadoop.ozone.protocol.proto.OzoneManagerProtocolProtos$OzoneManagerService$2.callBlockingMethod(OzoneManagerProtocolProtos.java) [ozone-interface-client-1.4.0-SNAPSHOT.jar:?]
	at org.apache.hadoop.ipc.ProtobufRpcEngine$Server.processCall(ProtobufRpcEngine.java:484) [hadoop-common-3.3.5.jar:?]
	at org.apache.hadoop.ipc.ProtobufRpcEngine2$Server$ProtoBufRpcInvoker.call(ProtobufRpcEngine2.java:595) [hadoop-common-3.3.5.jar:?]
	at org.apache.hadoop.ipc.ProtobufRpcEngine2$Server$ProtoBufRpcInvoker.call(ProtobufRpcEngine2.java:573) [hadoop-common-3.3.5.jar:?]
	at org.apache.hadoop.ipc.RPC$Server.call(RPC.java:1213) [hadoop-common-3.3.5.jar:?]
	at org.apache.hadoop.ipc.Server$RpcCall.run(Server.java:1089) [hadoop-common-3.3.5.jar:?]
	at org.apache.hadoop.ipc.Server$RpcCall.run(Server.java:1012) [hadoop-common-3.3.5.jar:?]
	at java.security.AccessController.doPrivileged(Native Method) ~[?:1.8.0_372]
	at javax.security.auth.Subject.doAs(Subject.java:422) [?:1.8.0_372]
	at org.apache.hadoop.security.UserGroupInformation.doAs(UserGroupInformation.java:1899) [hadoop-common-3.3.5.jar:?]
	at org.apache.hadoop.ipc.Server$Handler.run(Server.java:3026) [hadoop-common-3.3.5.jar:?]
]]></system-out>
  </testcase>
  <testcase name="testListStatusRootAndVolumeNonRecursive" classname="TestRootedOzoneFileSystemWithFSO" time="0.256">
    <failure type="java.lang.AssertionError"><![CDATA[java.lang.AssertionError: expected:<3> but was:<4>
	at org.junit.Assert.fail(Assert.java:89)
	at org.junit.Assert.failNotEquals(Assert.java:835)
	at org.junit.Assert.assertEquals(Assert.java:647)
	at org.junit.Assert.assertEquals(Assert.java:633)
	at org.apache.hadoop.fs.ozone.TestRootedOzoneFileSystem.testListStatusRootAndVolumeNonRecursive(TestRootedOzoneFileSystem.java:1075)
	at sun.reflect.NativeMethodAccessorImpl.invoke0(Native Method)
	at sun.reflect.NativeMethodAccessorImpl.invoke(NativeMethodAccessorImpl.java:62)
	at sun.reflect.DelegatingMethodAccessorImpl.invoke(DelegatingMethodAccessorImpl.java:43)
	at java.lang.reflect.Method.invoke(Method.java:498)
	at org.junit.runners.model.FrameworkMethod$1.runReflectiveCall(FrameworkMethod.java:59)
	at org.junit.internal.runners.model.ReflectiveCallable.run(ReflectiveCallable.java:12)
	at org.junit.runners.model.FrameworkMethod.invokeExplosively(FrameworkMethod.java:56)
	at org.junit.internal.runners.statements.InvokeMethod.evaluate(InvokeMethod.java:17)
	at org.junit.internal.runners.statements.RunBefores.evaluate(RunBefores.java:26)
	at org.junit.internal.runners.statements.RunAfters.evaluate(RunAfters.java:27)
	at org.junit.internal.runners.statements.FailOnTimeout$CallableStatement.call(FailOnTimeout.java:288)
	at org.junit.internal.runners.statements.FailOnTimeout$CallableStatement.call(FailOnTimeout.java:282)
	at java.util.concurrent.FutureTask.run(FutureTask.java:266)
	at java.lang.Thread.run(Thread.java:750)
]]></failure>
    <system-out><![CDATA[2023-06-22 13:17:23,046 [Time-limited test] INFO  rpc.RpcClient (RpcClient.java:createVolume(459)) - Creating Volume: volume33157, with user95351 as owner and space quota set to -1 bytes, counts quota set to -1
2023-06-22 13:17:23,050 [OM StateMachine ApplyTransaction Thread - 0] INFO  volume.OMVolumeCreateRequest (OMVolumeCreateRequest.java:validateAndUpdateCache(196)) - created volume:volume33157 for user:user95351
2023-06-22 13:17:23,051 [Time-limited test] INFO  rpc.RpcClient (RpcClient.java:createBucket(686)) - Creating Bucket: volume33157/bucket15763, with bucket layout FILE_SYSTEM_OPTIMIZED, runner as owner, Versioning false, Storage Type set to DISK and Encryption set to false, Replication Type set to server-side default replication type, Namespace Quota set to -1, Space Quota set to -1 
2023-06-22 13:17:23,052 [OM StateMachine ApplyTransaction Thread - 0] INFO  bucket.OMBucketCreateRequest (OMBucketCreateRequest.java:validateAndUpdateCache(270)) - created bucket: bucket15763 of layout FILE_SYSTEM_OPTIMIZED in volume: volume33157
13:17:23.054 [IPC Server handler 10 on default port 15004] ERROR OMAudit - user=runner | ip=127.0.0.1 | op=READ_BUCKET {volume=volume-10734, bucket=bucket-06643} | ret=FAILURE
org.apache.hadoop.ozone.om.exceptions.OMException: Volume not found when getting bucket info
	at org.apache.hadoop.ozone.om.BucketManagerImpl.getBucketInfo(BucketManagerImpl.java:81) ~[ozone-manager-1.4.0-SNAPSHOT.jar:?]
	at org.apache.hadoop.ozone.om.OzoneManager.getBucketInfo(OzoneManager.java:2777) ~[ozone-manager-1.4.0-SNAPSHOT.jar:?]
	at org.apache.hadoop.ozone.protocolPB.OzoneManagerRequestHandler.infoBucket(OzoneManagerRequestHandler.java:524) ~[ozone-manager-1.4.0-SNAPSHOT.jar:?]
	at org.apache.hadoop.ozone.protocolPB.OzoneManagerRequestHandler.handleReadRequest(OzoneManagerRequestHandler.java:195) ~[ozone-manager-1.4.0-SNAPSHOT.jar:?]
	at org.apache.hadoop.ozone.protocolPB.OzoneManagerProtocolServerSideTranslatorPB.submitReadRequestToOM(OzoneManagerProtocolServerSideTranslatorPB.java:223) ~[ozone-manager-1.4.0-SNAPSHOT.jar:?]
	at org.apache.hadoop.ozone.protocolPB.OzoneManagerProtocolServerSideTranslatorPB.processRequest(OzoneManagerProtocolServerSideTranslatorPB.java:177) ~[ozone-manager-1.4.0-SNAPSHOT.jar:?]
	at org.apache.hadoop.hdds.server.OzoneProtocolMessageDispatcher.processRequest(OzoneProtocolMessageDispatcher.java:87) [hdds-server-framework-1.4.0-SNAPSHOT.jar:?]
	at org.apache.hadoop.ozone.protocolPB.OzoneManagerProtocolServerSideTranslatorPB.submitRequest(OzoneManagerProtocolServerSideTranslatorPB.java:147) [ozone-manager-1.4.0-SNAPSHOT.jar:?]
	at org.apache.hadoop.ozone.protocol.proto.OzoneManagerProtocolProtos$OzoneManagerService$2.callBlockingMethod(OzoneManagerProtocolProtos.java) [ozone-interface-client-1.4.0-SNAPSHOT.jar:?]
	at org.apache.hadoop.ipc.ProtobufRpcEngine$Server.processCall(ProtobufRpcEngine.java:484) [hadoop-common-3.3.5.jar:?]
	at org.apache.hadoop.ipc.ProtobufRpcEngine2$Server$ProtoBufRpcInvoker.call(ProtobufRpcEngine2.java:595) [hadoop-common-3.3.5.jar:?]
	at org.apache.hadoop.ipc.ProtobufRpcEngine2$Server$ProtoBufRpcInvoker.call(ProtobufRpcEngine2.java:573) [hadoop-common-3.3.5.jar:?]
	at org.apache.hadoop.ipc.RPC$Server.call(RPC.java:1213) [hadoop-common-3.3.5.jar:?]
	at org.apache.hadoop.ipc.Server$RpcCall.run(Server.java:1089) [hadoop-common-3.3.5.jar:?]
	at org.apache.hadoop.ipc.Server$RpcCall.run(Server.java:1012) [hadoop-common-3.3.5.jar:?]
	at java.security.AccessController.doPrivileged(Native Method) ~[?:1.8.0_372]
	at javax.security.auth.Subject.doAs(Subject.java:422) [?:1.8.0_372]
	at org.apache.hadoop.security.UserGroupInformation.doAs(UserGroupInformation.java:1899) [hadoop-common-3.3.5.jar:?]
	at org.apache.hadoop.ipc.Server$Handler.run(Server.java:3026) [hadoop-common-3.3.5.jar:?]
2023-06-22 13:17:23,055 [Time-limited test] INFO  rpc.RpcClient (RpcClient.java:createVolume(459)) - Creating Volume: volume-10734, with runner as owner and space quota set to -1 bytes, counts quota set to -1
2023-06-22 13:17:23,056 [OM StateMachine ApplyTransaction Thread - 0] INFO  volume.OMVolumeCreateRequest (OMVolumeCreateRequest.java:validateAndUpdateCache(196)) - created volume:volume-10734 for user:runner
2023-06-22 13:17:23,057 [Time-limited test] INFO  rpc.RpcClient (RpcClient.java:createBucket(686)) - Creating Bucket: volume-10734/bucket-06643, with bucket layout FILE_SYSTEM_OPTIMIZED, runner as owner, Versioning false, Storage Type set to DISK and Encryption set to false, Replication Type set to server-side default replication type, Namespace Quota set to -1, Space Quota set to -1 
2023-06-22 13:17:23,059 [OM StateMachine ApplyTransaction Thread - 0] INFO  bucket.OMBucketCreateRequest (OMBucketCreateRequest.java:validateAndUpdateCache(270)) - created bucket: bucket-06643 of layout FILE_SYSTEM_OPTIMIZED in volume: volume-10734
13:17:23.154 [IPC Server handler 1 on default port 15004] ERROR OMAudit - user=runner | ip=127.0.0.1 | op=READ_BUCKET {volume=volume-30266, bucket=bucket-23633} | ret=FAILURE
org.apache.hadoop.ozone.om.exceptions.OMException: Volume not found when getting bucket info
	at org.apache.hadoop.ozone.om.BucketManagerImpl.getBucketInfo(BucketManagerImpl.java:81) ~[ozone-manager-1.4.0-SNAPSHOT.jar:?]
	at org.apache.hadoop.ozone.om.OzoneManager.getBucketInfo(OzoneManager.java:2777) ~[ozone-manager-1.4.0-SNAPSHOT.jar:?]
	at org.apache.hadoop.ozone.protocolPB.OzoneManagerRequestHandler.infoBucket(OzoneManagerRequestHandler.java:524) ~[ozone-manager-1.4.0-SNAPSHOT.jar:?]
	at org.apache.hadoop.ozone.protocolPB.OzoneManagerRequestHandler.handleReadRequest(OzoneManagerRequestHandler.java:195) ~[ozone-manager-1.4.0-SNAPSHOT.jar:?]
	at org.apache.hadoop.ozone.protocolPB.OzoneManagerProtocolServerSideTranslatorPB.submitReadRequestToOM(OzoneManagerProtocolServerSideTranslatorPB.java:223) ~[ozone-manager-1.4.0-SNAPSHOT.jar:?]
	at org.apache.hadoop.ozone.protocolPB.OzoneManagerProtocolServerSideTranslatorPB.processRequest(OzoneManagerProtocolServerSideTranslatorPB.java:177) ~[ozone-manager-1.4.0-SNAPSHOT.jar:?]
	at org.apache.hadoop.hdds.server.OzoneProtocolMessageDispatcher.processRequest(OzoneProtocolMessageDispatcher.java:87) [hdds-server-framework-1.4.0-SNAPSHOT.jar:?]
	at org.apache.hadoop.ozone.protocolPB.OzoneManagerProtocolServerSideTranslatorPB.submitRequest(OzoneManagerProtocolServerSideTranslatorPB.java:147) [ozone-manager-1.4.0-SNAPSHOT.jar:?]
	at org.apache.hadoop.ozone.protocol.proto.OzoneManagerProtocolProtos$OzoneManagerService$2.callBlockingMethod(OzoneManagerProtocolProtos.java) [ozone-interface-client-1.4.0-SNAPSHOT.jar:?]
	at org.apache.hadoop.ipc.ProtobufRpcEngine$Server.processCall(ProtobufRpcEngine.java:484) [hadoop-common-3.3.5.jar:?]
	at org.apache.hadoop.ipc.ProtobufRpcEngine2$Server$ProtoBufRpcInvoker.call(ProtobufRpcEngine2.java:595) [hadoop-common-3.3.5.jar:?]
	at org.apache.hadoop.ipc.ProtobufRpcEngine2$Server$ProtoBufRpcInvoker.call(ProtobufRpcEngine2.java:573) [hadoop-common-3.3.5.jar:?]
	at org.apache.hadoop.ipc.RPC$Server.call(RPC.java:1213) [hadoop-common-3.3.5.jar:?]
	at org.apache.hadoop.ipc.Server$RpcCall.run(Server.java:1089) [hadoop-common-3.3.5.jar:?]
	at org.apache.hadoop.ipc.Server$RpcCall.run(Server.java:1012) [hadoop-common-3.3.5.jar:?]
	at java.security.AccessController.doPrivileged(Native Method) ~[?:1.8.0_372]
	at javax.security.auth.Subject.doAs(Subject.java:422) [?:1.8.0_372]
	at org.apache.hadoop.security.UserGroupInformation.doAs(UserGroupInformation.java:1899) [hadoop-common-3.3.5.jar:?]
	at org.apache.hadoop.ipc.Server$Handler.run(Server.java:3026) [hadoop-common-3.3.5.jar:?]
2023-06-22 13:17:23,155 [Time-limited test] INFO  rpc.RpcClient (RpcClient.java:createVolume(459)) - Creating Volume: volume-30266, with runner as owner and space quota set to -1 bytes, counts quota set to -1
2023-06-22 13:17:23,156 [OM StateMachine ApplyTransaction Thread - 0] INFO  volume.OMVolumeCreateRequest (OMVolumeCreateRequest.java:validateAndUpdateCache(196)) - created volume:volume-30266 for user:runner
2023-06-22 13:17:23,160 [Time-limited test] INFO  rpc.RpcClient (RpcClient.java:createBucket(686)) - Creating Bucket: volume-30266/bucket-23633, with bucket layout FILE_SYSTEM_OPTIMIZED, runner as owner, Versioning false, Storage Type set to DISK and Encryption set to false, Replication Type set to server-side default replication type, Namespace Quota set to -1, Space Quota set to -1 
2023-06-22 13:17:23,161 [OM StateMachine ApplyTransaction Thread - 0] INFO  bucket.OMBucketCreateRequest (OMBucketCreateRequest.java:validateAndUpdateCache(270)) - created bucket: bucket-23633 of layout FILE_SYSTEM_OPTIMIZED in volume: volume-30266
]]></system-out>
  </testcase>
  <testcase name="testListStatusRootAndVolumeNonRecursive" classname="TestRootedOzoneFileSystemWithFSO" time="0.142">
    <system-out><![CDATA[2023-06-22 13:18:36,900 [Time-limited test] INFO  rpc.RpcClient (RpcClient.java:createVolume(459)) - Creating Volume: volume68737, with user37914 as owner and space quota set to -1 bytes, counts quota set to -1
2023-06-22 13:18:36,900 [IPC Server handler 6 on default port 15057] INFO  volume.OMVolumeCreateRequest (OMVolumeCreateRequest.java:validateAndUpdateCache(196)) - created volume:volume68737 for user:user37914
2023-06-22 13:18:36,901 [Time-limited test] INFO  rpc.RpcClient (RpcClient.java:createBucket(686)) - Creating Bucket: volume68737/bucket14759, with bucket layout FILE_SYSTEM_OPTIMIZED, runner as owner, Versioning false, Storage Type set to DISK and Encryption set to false, Replication Type set to server-side default replication type, Namespace Quota set to -1, Space Quota set to -1 
2023-06-22 13:18:36,902 [IPC Server handler 2 on default port 15057] INFO  bucket.OMBucketCreateRequest (OMBucketCreateRequest.java:validateAndUpdateCache(270)) - created bucket: bucket14759 of layout FILE_SYSTEM_OPTIMIZED in volume: volume68737
13:18:36.903 [IPC Server handler 7 on default port 15057] ERROR OMAudit - user=runner | ip=127.0.0.1 | op=READ_BUCKET {volume=volume-92497, bucket=bucket-72242} | ret=FAILURE
org.apache.hadoop.ozone.om.exceptions.OMException: Volume not found when getting bucket info
	at org.apache.hadoop.ozone.om.BucketManagerImpl.getBucketInfo(BucketManagerImpl.java:81) ~[ozone-manager-1.4.0-SNAPSHOT.jar:?]
	at org.apache.hadoop.ozone.om.OzoneManager.getBucketInfo(OzoneManager.java:2777) ~[ozone-manager-1.4.0-SNAPSHOT.jar:?]
	at org.apache.hadoop.ozone.protocolPB.OzoneManagerRequestHandler.infoBucket(OzoneManagerRequestHandler.java:524) ~[ozone-manager-1.4.0-SNAPSHOT.jar:?]
	at org.apache.hadoop.ozone.protocolPB.OzoneManagerRequestHandler.handleReadRequest(OzoneManagerRequestHandler.java:195) ~[ozone-manager-1.4.0-SNAPSHOT.jar:?]
	at org.apache.hadoop.ozone.protocolPB.OzoneManagerProtocolServerSideTranslatorPB.submitRequestDirectlyToOM(OzoneManagerProtocolServerSideTranslatorPB.java:272) ~[ozone-manager-1.4.0-SNAPSHOT.jar:?]
	at org.apache.hadoop.ozone.protocolPB.OzoneManagerProtocolServerSideTranslatorPB.processRequest(OzoneManagerProtocolServerSideTranslatorPB.java:173) ~[ozone-manager-1.4.0-SNAPSHOT.jar:?]
	at org.apache.hadoop.hdds.server.OzoneProtocolMessageDispatcher.processRequest(OzoneProtocolMessageDispatcher.java:87) [hdds-server-framework-1.4.0-SNAPSHOT.jar:?]
	at org.apache.hadoop.ozone.protocolPB.OzoneManagerProtocolServerSideTranslatorPB.submitRequest(OzoneManagerProtocolServerSideTranslatorPB.java:147) [ozone-manager-1.4.0-SNAPSHOT.jar:?]
	at org.apache.hadoop.ozone.protocol.proto.OzoneManagerProtocolProtos$OzoneManagerService$2.callBlockingMethod(OzoneManagerProtocolProtos.java) [ozone-interface-client-1.4.0-SNAPSHOT.jar:?]
	at org.apache.hadoop.ipc.ProtobufRpcEngine$Server.processCall(ProtobufRpcEngine.java:484) [hadoop-common-3.3.5.jar:?]
	at org.apache.hadoop.ipc.ProtobufRpcEngine2$Server$ProtoBufRpcInvoker.call(ProtobufRpcEngine2.java:595) [hadoop-common-3.3.5.jar:?]
	at org.apache.hadoop.ipc.ProtobufRpcEngine2$Server$ProtoBufRpcInvoker.call(ProtobufRpcEngine2.java:573) [hadoop-common-3.3.5.jar:?]
	at org.apache.hadoop.ipc.RPC$Server.call(RPC.java:1213) [hadoop-common-3.3.5.jar:?]
	at org.apache.hadoop.ipc.Server$RpcCall.run(Server.java:1089) [hadoop-common-3.3.5.jar:?]
	at org.apache.hadoop.ipc.Server$RpcCall.run(Server.java:1012) [hadoop-common-3.3.5.jar:?]
	at java.security.AccessController.doPrivileged(Native Method) ~[?:1.8.0_372]
	at javax.security.auth.Subject.doAs(Subject.java:422) [?:1.8.0_372]
	at org.apache.hadoop.security.UserGroupInformation.doAs(UserGroupInformation.java:1899) [hadoop-common-3.3.5.jar:?]
	at org.apache.hadoop.ipc.Server$Handler.run(Server.java:3026) [hadoop-common-3.3.5.jar:?]
2023-06-22 13:18:36,903 [Time-limited test] INFO  rpc.RpcClient (RpcClient.java:createVolume(459)) - Creating Volume: volume-92497, with runner as owner and space quota set to -1 bytes, counts quota set to -1
2023-06-22 13:18:36,904 [IPC Server handler 8 on default port 15057] INFO  volume.OMVolumeCreateRequest (OMVolumeCreateRequest.java:validateAndUpdateCache(196)) - created volume:volume-92497 for user:runner
2023-06-22 13:18:36,904 [Time-limited test] INFO  rpc.RpcClient (RpcClient.java:createBucket(686)) - Creating Bucket: volume-92497/bucket-72242, with bucket layout FILE_SYSTEM_OPTIMIZED, runner as owner, Versioning false, Storage Type set to DISK and Encryption set to false, Replication Type set to server-side default replication type, Namespace Quota set to -1, Space Quota set to -1 
2023-06-22 13:18:36,905 [IPC Server handler 10 on default port 15057] INFO  bucket.OMBucketCreateRequest (OMBucketCreateRequest.java:validateAndUpdateCache(270)) - created bucket: bucket-72242 of layout FILE_SYSTEM_OPTIMIZED in volume: volume-92497
13:18:36.957 [IPC Server handler 1 on default port 15057] ERROR OMAudit - user=runner | ip=127.0.0.1 | op=READ_BUCKET {volume=volume-68404, bucket=bucket-37523} | ret=FAILURE
org.apache.hadoop.ozone.om.exceptions.OMException: Volume not found when getting bucket info
	at org.apache.hadoop.ozone.om.BucketManagerImpl.getBucketInfo(BucketManagerImpl.java:81) ~[ozone-manager-1.4.0-SNAPSHOT.jar:?]
	at org.apache.hadoop.ozone.om.OzoneManager.getBucketInfo(OzoneManager.java:2777) ~[ozone-manager-1.4.0-SNAPSHOT.jar:?]
	at org.apache.hadoop.ozone.protocolPB.OzoneManagerRequestHandler.infoBucket(OzoneManagerRequestHandler.java:524) ~[ozone-manager-1.4.0-SNAPSHOT.jar:?]
	at org.apache.hadoop.ozone.protocolPB.OzoneManagerRequestHandler.handleReadRequest(OzoneManagerRequestHandler.java:195) ~[ozone-manager-1.4.0-SNAPSHOT.jar:?]
	at org.apache.hadoop.ozone.protocolPB.OzoneManagerProtocolServerSideTranslatorPB.submitRequestDirectlyToOM(OzoneManagerProtocolServerSideTranslatorPB.java:272) ~[ozone-manager-1.4.0-SNAPSHOT.jar:?]
	at org.apache.hadoop.ozone.protocolPB.OzoneManagerProtocolServerSideTranslatorPB.processRequest(OzoneManagerProtocolServerSideTranslatorPB.java:173) ~[ozone-manager-1.4.0-SNAPSHOT.jar:?]
	at org.apache.hadoop.hdds.server.OzoneProtocolMessageDispatcher.processRequest(OzoneProtocolMessageDispatcher.java:87) [hdds-server-framework-1.4.0-SNAPSHOT.jar:?]
	at org.apache.hadoop.ozone.protocolPB.OzoneManagerProtocolServerSideTranslatorPB.submitRequest(OzoneManagerProtocolServerSideTranslatorPB.java:147) [ozone-manager-1.4.0-SNAPSHOT.jar:?]
	at org.apache.hadoop.ozone.protocol.proto.OzoneManagerProtocolProtos$OzoneManagerService$2.callBlockingMethod(OzoneManagerProtocolProtos.java) [ozone-interface-client-1.4.0-SNAPSHOT.jar:?]
	at org.apache.hadoop.ipc.ProtobufRpcEngine$Server.processCall(ProtobufRpcEngine.java:484) [hadoop-common-3.3.5.jar:?]
	at org.apache.hadoop.ipc.ProtobufRpcEngine2$Server$ProtoBufRpcInvoker.call(ProtobufRpcEngine2.java:595) [hadoop-common-3.3.5.jar:?]
	at org.apache.hadoop.ipc.ProtobufRpcEngine2$Server$ProtoBufRpcInvoker.call(ProtobufRpcEngine2.java:573) [hadoop-common-3.3.5.jar:?]
	at org.apache.hadoop.ipc.RPC$Server.call(RPC.java:1213) [hadoop-common-3.3.5.jar:?]
	at org.apache.hadoop.ipc.Server$RpcCall.run(Server.java:1089) [hadoop-common-3.3.5.jar:?]
	at org.apache.hadoop.ipc.Server$RpcCall.run(Server.java:1012) [hadoop-common-3.3.5.jar:?]
	at java.security.AccessController.doPrivileged(Native Method) ~[?:1.8.0_372]
	at javax.security.auth.Subject.doAs(Subject.java:422) [?:1.8.0_372]
	at org.apache.hadoop.security.UserGroupInformation.doAs(UserGroupInformation.java:1899) [hadoop-common-3.3.5.jar:?]
	at org.apache.hadoop.ipc.Server$Handler.run(Server.java:3026) [hadoop-common-3.3.5.jar:?]
2023-06-22 13:18:36,957 [Time-limited test] INFO  rpc.RpcClient (RpcClient.java:createVolume(459)) - Creating Volume: volume-68404, with runner as owner and space quota set to -1 bytes, counts quota set to -1
2023-06-22 13:18:36,958 [IPC Server handler 6 on default port 15057] INFO  volume.OMVolumeCreateRequest (OMVolumeCreateRequest.java:validateAndUpdateCache(196)) - created volume:volume-68404 for user:runner
2023-06-22 13:18:36,958 [Time-limited test] INFO  rpc.RpcClient (RpcClient.java:createBucket(686)) - Creating Bucket: volume-68404/bucket-37523, with bucket layout FILE_SYSTEM_OPTIMIZED, runner as owner, Versioning false, Storage Type set to DISK and Encryption set to false, Replication Type set to server-side default replication type, Namespace Quota set to -1, Space Quota set to -1 
2023-06-22 13:18:36,959 [IPC Server handler 2 on default port 15057] INFO  bucket.OMBucketCreateRequest (OMBucketCreateRequest.java:validateAndUpdateCache(270)) - created bucket: bucket-37523 of layout FILE_SYSTEM_OPTIMIZED in volume: volume-68404
]]></system-out>
  </testcase>
  <testcase name="testDeleteBucketLink" classname="TestRootedOzoneFileSystemWithFSO" time="0.108">
    <system-out><![CDATA[2023-06-22 13:17:23,329 [Time-limited test] INFO  rpc.RpcClient (RpcClient.java:createVolume(459)) - Creating Volume: volume22932, with user90064 as owner and space quota set to -1 bytes, counts quota set to -1
2023-06-22 13:17:23,332 [OM StateMachine ApplyTransaction Thread - 0] INFO  volume.OMVolumeCreateRequest (OMVolumeCreateRequest.java:validateAndUpdateCache(196)) - created volume:volume22932 for user:user90064
2023-06-22 13:17:23,333 [Time-limited test] INFO  rpc.RpcClient (RpcClient.java:createBucket(686)) - Creating Bucket: volume22932/bucket36053, with bucket layout FILE_SYSTEM_OPTIMIZED, runner as owner, Versioning false, Storage Type set to DISK and Encryption set to false, Replication Type set to server-side default replication type, Namespace Quota set to -1, Space Quota set to -1 
2023-06-22 13:17:23,334 [OM StateMachine ApplyTransaction Thread - 0] INFO  bucket.OMBucketCreateRequest (OMBucketCreateRequest.java:validateAndUpdateCache(270)) - created bucket: bucket36053 of layout FILE_SYSTEM_OPTIMIZED in volume: volume22932
13:17:23.337 [IPC Server handler 5 on default port 15004] ERROR OMAudit - user=runner | ip=127.0.0.1 | op=READ_BUCKET {volume=volume-88440, bucket=bucket} | ret=FAILURE
org.apache.hadoop.ozone.om.exceptions.OMException: Volume not found when getting bucket info
	at org.apache.hadoop.ozone.om.BucketManagerImpl.getBucketInfo(BucketManagerImpl.java:81) ~[ozone-manager-1.4.0-SNAPSHOT.jar:?]
	at org.apache.hadoop.ozone.om.OzoneManager.getBucketInfo(OzoneManager.java:2777) ~[ozone-manager-1.4.0-SNAPSHOT.jar:?]
	at org.apache.hadoop.ozone.protocolPB.OzoneManagerRequestHandler.infoBucket(OzoneManagerRequestHandler.java:524) ~[ozone-manager-1.4.0-SNAPSHOT.jar:?]
	at org.apache.hadoop.ozone.protocolPB.OzoneManagerRequestHandler.handleReadRequest(OzoneManagerRequestHandler.java:195) ~[ozone-manager-1.4.0-SNAPSHOT.jar:?]
	at org.apache.hadoop.ozone.protocolPB.OzoneManagerProtocolServerSideTranslatorPB.submitReadRequestToOM(OzoneManagerProtocolServerSideTranslatorPB.java:223) ~[ozone-manager-1.4.0-SNAPSHOT.jar:?]
	at org.apache.hadoop.ozone.protocolPB.OzoneManagerProtocolServerSideTranslatorPB.processRequest(OzoneManagerProtocolServerSideTranslatorPB.java:177) ~[ozone-manager-1.4.0-SNAPSHOT.jar:?]
	at org.apache.hadoop.hdds.server.OzoneProtocolMessageDispatcher.processRequest(OzoneProtocolMessageDispatcher.java:87) [hdds-server-framework-1.4.0-SNAPSHOT.jar:?]
	at org.apache.hadoop.ozone.protocolPB.OzoneManagerProtocolServerSideTranslatorPB.submitRequest(OzoneManagerProtocolServerSideTranslatorPB.java:147) [ozone-manager-1.4.0-SNAPSHOT.jar:?]
	at org.apache.hadoop.ozone.protocol.proto.OzoneManagerProtocolProtos$OzoneManagerService$2.callBlockingMethod(OzoneManagerProtocolProtos.java) [ozone-interface-client-1.4.0-SNAPSHOT.jar:?]
	at org.apache.hadoop.ipc.ProtobufRpcEngine$Server.processCall(ProtobufRpcEngine.java:484) [hadoop-common-3.3.5.jar:?]
	at org.apache.hadoop.ipc.ProtobufRpcEngine2$Server$ProtoBufRpcInvoker.call(ProtobufRpcEngine2.java:595) [hadoop-common-3.3.5.jar:?]
	at org.apache.hadoop.ipc.ProtobufRpcEngine2$Server$ProtoBufRpcInvoker.call(ProtobufRpcEngine2.java:573) [hadoop-common-3.3.5.jar:?]
	at org.apache.hadoop.ipc.RPC$Server.call(RPC.java:1213) [hadoop-common-3.3.5.jar:?]
	at org.apache.hadoop.ipc.Server$RpcCall.run(Server.java:1089) [hadoop-common-3.3.5.jar:?]
	at org.apache.hadoop.ipc.Server$RpcCall.run(Server.java:1012) [hadoop-common-3.3.5.jar:?]
	at java.security.AccessController.doPrivileged(Native Method) ~[?:1.8.0_372]
	at javax.security.auth.Subject.doAs(Subject.java:422) [?:1.8.0_372]
	at org.apache.hadoop.security.UserGroupInformation.doAs(UserGroupInformation.java:1899) [hadoop-common-3.3.5.jar:?]
	at org.apache.hadoop.ipc.Server$Handler.run(Server.java:3026) [hadoop-common-3.3.5.jar:?]
2023-06-22 13:17:23,338 [Time-limited test] INFO  rpc.RpcClient (RpcClient.java:createVolume(459)) - Creating Volume: volume-88440, with runner as owner and space quota set to -1 bytes, counts quota set to -1
2023-06-22 13:17:23,340 [OM StateMachine ApplyTransaction Thread - 0] INFO  volume.OMVolumeCreateRequest (OMVolumeCreateRequest.java:validateAndUpdateCache(196)) - created volume:volume-88440 for user:runner
2023-06-22 13:17:23,341 [Time-limited test] INFO  rpc.RpcClient (RpcClient.java:createBucket(686)) - Creating Bucket: volume-88440/bucket, with bucket layout FILE_SYSTEM_OPTIMIZED, runner as owner, Versioning false, Storage Type set to DISK and Encryption set to false, Replication Type set to server-side default replication type, Namespace Quota set to -1, Space Quota set to -1 
2023-06-22 13:17:23,342 [OM StateMachine ApplyTransaction Thread - 0] INFO  bucket.OMBucketCreateRequest (OMBucketCreateRequest.java:validateAndUpdateCache(270)) - created bucket: bucket of layout FILE_SYSTEM_OPTIMIZED in volume: volume-88440
2023-06-22 13:17:23,347 [Time-limited test] INFO  rpc.RpcClient (RpcClient.java:createVolume(459)) - Creating Volume: volume-54507, with runner as owner and space quota set to -1 bytes, counts quota set to -1
2023-06-22 13:17:23,348 [OM StateMachine ApplyTransaction Thread - 0] INFO  volume.OMVolumeCreateRequest (OMVolumeCreateRequest.java:validateAndUpdateCache(196)) - created volume:volume-54507 for user:runner
2023-06-22 13:17:23,349 [Time-limited test] INFO  rpc.RpcClient (RpcClient.java:createBucket(686)) - Creating Bucket: volume-54507/link, with server-side default bucket layout, runner as owner, Versioning false, Storage Type set to DISK and Encryption set to false, Replication Type set to server-side default replication type, Namespace Quota set to -1, Space Quota set to -1 
2023-06-22 13:17:23,350 [OM StateMachine ApplyTransaction Thread - 0] INFO  bucket.OMBucketCreateRequest (OMBucketCreateRequest.java:validateAndUpdateCache(270)) - created bucket: link of layout FILE_SYSTEM_OPTIMIZED in volume: volume-54507
13:17:23.354 [OM StateMachine ApplyTransaction Thread - 0] ERROR OMAudit - user=runner | ip=127.0.0.1 | op=DELETE_VOLUME {volume=volume-54507} | ret=FAILURE
org.apache.hadoop.ozone.om.exceptions.OMException: null
	at org.apache.hadoop.ozone.om.request.volume.OMVolumeDeleteRequest.validateAndUpdateCache(OMVolumeDeleteRequest.java:121) ~[ozone-manager-1.4.0-SNAPSHOT.jar:?]
	at org.apache.hadoop.ozone.protocolPB.OzoneManagerRequestHandler.handleWriteRequest(OzoneManagerRequestHandler.java:352) ~[ozone-manager-1.4.0-SNAPSHOT.jar:?]
	at org.apache.hadoop.ozone.om.ratis.OzoneManagerStateMachine.runCommand(OzoneManagerStateMachine.java:567) ~[ozone-manager-1.4.0-SNAPSHOT.jar:?]
	at org.apache.hadoop.ozone.om.ratis.OzoneManagerStateMachine.lambda$1(OzoneManagerStateMachine.java:358) ~[ozone-manager-1.4.0-SNAPSHOT.jar:?]
	at java.util.concurrent.CompletableFuture$AsyncSupply.run(CompletableFuture.java:1604) [?:1.8.0_372]
	at java.util.concurrent.ThreadPoolExecutor.runWorker(ThreadPoolExecutor.java:1149) [?:1.8.0_372]
	at java.util.concurrent.ThreadPoolExecutor$Worker.run(ThreadPoolExecutor.java:624) [?:1.8.0_372]
	at java.lang.Thread.run(Thread.java:750) [?:1.8.0_372]
2023-06-22 13:17:23,355 [OM StateMachine ApplyTransaction Thread - 0] ERROR volume.OMVolumeDeleteRequest (OMVolumeDeleteRequest.java:validateAndUpdateCache(168)) - Volume deletion failed for user:runner volume:volume-54507
VOLUME_NOT_EMPTY org.apache.hadoop.ozone.om.exceptions.OMException
	at org.apache.hadoop.ozone.om.request.volume.OMVolumeDeleteRequest.validateAndUpdateCache(OMVolumeDeleteRequest.java:121)
	at org.apache.hadoop.ozone.protocolPB.OzoneManagerRequestHandler.handleWriteRequest(OzoneManagerRequestHandler.java:352)
	at org.apache.hadoop.ozone.om.ratis.OzoneManagerStateMachine.runCommand(OzoneManagerStateMachine.java:567)
	at org.apache.hadoop.ozone.om.ratis.OzoneManagerStateMachine.lambda$1(OzoneManagerStateMachine.java:358)
	at java.util.concurrent.CompletableFuture$AsyncSupply.run(CompletableFuture.java:1604)
	at java.util.concurrent.ThreadPoolExecutor.runWorker(ThreadPoolExecutor.java:1149)
	at java.util.concurrent.ThreadPoolExecutor$Worker.run(ThreadPoolExecutor.java:624)
	at java.lang.Thread.run(Thread.java:750)
13:17:23.367 [IPC Server handler 14 on default port 15004] ERROR OMAudit - user=runner | ip=127.0.0.1 | op=READ_BUCKET {volume=volume-54507, bucket=link} | ret=FAILURE
org.apache.hadoop.ozone.om.exceptions.OMException: Volume not found when getting bucket info
	at org.apache.hadoop.ozone.om.BucketManagerImpl.getBucketInfo(BucketManagerImpl.java:81) ~[ozone-manager-1.4.0-SNAPSHOT.jar:?]
	at org.apache.hadoop.ozone.om.OzoneManager.getBucketInfo(OzoneManager.java:2777) ~[ozone-manager-1.4.0-SNAPSHOT.jar:?]
	at org.apache.hadoop.ozone.protocolPB.OzoneManagerRequestHandler.infoBucket(OzoneManagerRequestHandler.java:524) ~[ozone-manager-1.4.0-SNAPSHOT.jar:?]
	at org.apache.hadoop.ozone.protocolPB.OzoneManagerRequestHandler.handleReadRequest(OzoneManagerRequestHandler.java:195) ~[ozone-manager-1.4.0-SNAPSHOT.jar:?]
	at org.apache.hadoop.ozone.protocolPB.OzoneManagerProtocolServerSideTranslatorPB.submitReadRequestToOM(OzoneManagerProtocolServerSideTranslatorPB.java:223) ~[ozone-manager-1.4.0-SNAPSHOT.jar:?]
	at org.apache.hadoop.ozone.protocolPB.OzoneManagerProtocolServerSideTranslatorPB.processRequest(OzoneManagerProtocolServerSideTranslatorPB.java:177) ~[ozone-manager-1.4.0-SNAPSHOT.jar:?]
	at org.apache.hadoop.hdds.server.OzoneProtocolMessageDispatcher.processRequest(OzoneProtocolMessageDispatcher.java:87) [hdds-server-framework-1.4.0-SNAPSHOT.jar:?]
	at org.apache.hadoop.ozone.protocolPB.OzoneManagerProtocolServerSideTranslatorPB.submitRequest(OzoneManagerProtocolServerSideTranslatorPB.java:147) [ozone-manager-1.4.0-SNAPSHOT.jar:?]
	at org.apache.hadoop.ozone.protocol.proto.OzoneManagerProtocolProtos$OzoneManagerService$2.callBlockingMethod(OzoneManagerProtocolProtos.java) [ozone-interface-client-1.4.0-SNAPSHOT.jar:?]
	at org.apache.hadoop.ipc.ProtobufRpcEngine$Server.processCall(ProtobufRpcEngine.java:484) [hadoop-common-3.3.5.jar:?]
	at org.apache.hadoop.ipc.ProtobufRpcEngine2$Server$ProtoBufRpcInvoker.call(ProtobufRpcEngine2.java:595) [hadoop-common-3.3.5.jar:?]
	at org.apache.hadoop.ipc.ProtobufRpcEngine2$Server$ProtoBufRpcInvoker.call(ProtobufRpcEngine2.java:573) [hadoop-common-3.3.5.jar:?]
	at org.apache.hadoop.ipc.RPC$Server.call(RPC.java:1213) [hadoop-common-3.3.5.jar:?]
	at org.apache.hadoop.ipc.Server$RpcCall.run(Server.java:1089) [hadoop-common-3.3.5.jar:?]
	at org.apache.hadoop.ipc.Server$RpcCall.run(Server.java:1012) [hadoop-common-3.3.5.jar:?]
	at java.security.AccessController.doPrivileged(Native Method) ~[?:1.8.0_372]
	at javax.security.auth.Subject.doAs(Subject.java:422) [?:1.8.0_372]
	at org.apache.hadoop.security.UserGroupInformation.doAs(UserGroupInformation.java:1899) [hadoop-common-3.3.5.jar:?]
	at org.apache.hadoop.ipc.Server$Handler.run(Server.java:3026) [hadoop-common-3.3.5.jar:?]
]]></system-out>
  </testcase>
  <testcase name="testDeleteBucketLink" classname="TestRootedOzoneFileSystemWithFSO" time="0.041">
    <system-out><![CDATA[2023-06-22 13:18:37,036 [Time-limited test] INFO  rpc.RpcClient (RpcClient.java:createVolume(459)) - Creating Volume: volume98471, with user58661 as owner and space quota set to -1 bytes, counts quota set to -1
2023-06-22 13:18:37,036 [IPC Server handler 2 on default port 15057] INFO  volume.OMVolumeCreateRequest (OMVolumeCreateRequest.java:validateAndUpdateCache(196)) - created volume:volume98471 for user:user58661
2023-06-22 13:18:37,037 [Time-limited test] INFO  rpc.RpcClient (RpcClient.java:createBucket(686)) - Creating Bucket: volume98471/bucket94369, with bucket layout FILE_SYSTEM_OPTIMIZED, runner as owner, Versioning false, Storage Type set to DISK and Encryption set to false, Replication Type set to server-side default replication type, Namespace Quota set to -1, Space Quota set to -1 
2023-06-22 13:18:37,037 [IPC Server handler 3 on default port 15057] INFO  bucket.OMBucketCreateRequest (OMBucketCreateRequest.java:validateAndUpdateCache(270)) - created bucket: bucket94369 of layout FILE_SYSTEM_OPTIMIZED in volume: volume98471
13:18:37.038 [IPC Server handler 9 on default port 15057] ERROR OMAudit - user=runner | ip=127.0.0.1 | op=READ_BUCKET {volume=volume-57540, bucket=bucket} | ret=FAILURE
org.apache.hadoop.ozone.om.exceptions.OMException: Volume not found when getting bucket info
	at org.apache.hadoop.ozone.om.BucketManagerImpl.getBucketInfo(BucketManagerImpl.java:81) ~[ozone-manager-1.4.0-SNAPSHOT.jar:?]
	at org.apache.hadoop.ozone.om.OzoneManager.getBucketInfo(OzoneManager.java:2777) ~[ozone-manager-1.4.0-SNAPSHOT.jar:?]
	at org.apache.hadoop.ozone.protocolPB.OzoneManagerRequestHandler.infoBucket(OzoneManagerRequestHandler.java:524) ~[ozone-manager-1.4.0-SNAPSHOT.jar:?]
	at org.apache.hadoop.ozone.protocolPB.OzoneManagerRequestHandler.handleReadRequest(OzoneManagerRequestHandler.java:195) ~[ozone-manager-1.4.0-SNAPSHOT.jar:?]
	at org.apache.hadoop.ozone.protocolPB.OzoneManagerProtocolServerSideTranslatorPB.submitRequestDirectlyToOM(OzoneManagerProtocolServerSideTranslatorPB.java:272) ~[ozone-manager-1.4.0-SNAPSHOT.jar:?]
	at org.apache.hadoop.ozone.protocolPB.OzoneManagerProtocolServerSideTranslatorPB.processRequest(OzoneManagerProtocolServerSideTranslatorPB.java:173) ~[ozone-manager-1.4.0-SNAPSHOT.jar:?]
	at org.apache.hadoop.hdds.server.OzoneProtocolMessageDispatcher.processRequest(OzoneProtocolMessageDispatcher.java:87) [hdds-server-framework-1.4.0-SNAPSHOT.jar:?]
	at org.apache.hadoop.ozone.protocolPB.OzoneManagerProtocolServerSideTranslatorPB.submitRequest(OzoneManagerProtocolServerSideTranslatorPB.java:147) [ozone-manager-1.4.0-SNAPSHOT.jar:?]
	at org.apache.hadoop.ozone.protocol.proto.OzoneManagerProtocolProtos$OzoneManagerService$2.callBlockingMethod(OzoneManagerProtocolProtos.java) [ozone-interface-client-1.4.0-SNAPSHOT.jar:?]
	at org.apache.hadoop.ipc.ProtobufRpcEngine$Server.processCall(ProtobufRpcEngine.java:484) [hadoop-common-3.3.5.jar:?]
	at org.apache.hadoop.ipc.ProtobufRpcEngine2$Server$ProtoBufRpcInvoker.call(ProtobufRpcEngine2.java:595) [hadoop-common-3.3.5.jar:?]
	at org.apache.hadoop.ipc.ProtobufRpcEngine2$Server$ProtoBufRpcInvoker.call(ProtobufRpcEngine2.java:573) [hadoop-common-3.3.5.jar:?]
	at org.apache.hadoop.ipc.RPC$Server.call(RPC.java:1213) [hadoop-common-3.3.5.jar:?]
	at org.apache.hadoop.ipc.Server$RpcCall.run(Server.java:1089) [hadoop-common-3.3.5.jar:?]
	at org.apache.hadoop.ipc.Server$RpcCall.run(Server.java:1012) [hadoop-common-3.3.5.jar:?]
	at java.security.AccessController.doPrivileged(Native Method) ~[?:1.8.0_372]
	at javax.security.auth.Subject.doAs(Subject.java:422) [?:1.8.0_372]
	at org.apache.hadoop.security.UserGroupInformation.doAs(UserGroupInformation.java:1899) [hadoop-common-3.3.5.jar:?]
	at org.apache.hadoop.ipc.Server$Handler.run(Server.java:3026) [hadoop-common-3.3.5.jar:?]
2023-06-22 13:18:37,039 [Time-limited test] INFO  rpc.RpcClient (RpcClient.java:createVolume(459)) - Creating Volume: volume-57540, with runner as owner and space quota set to -1 bytes, counts quota set to -1
2023-06-22 13:18:37,039 [IPC Server handler 10 on default port 15057] INFO  volume.OMVolumeCreateRequest (OMVolumeCreateRequest.java:validateAndUpdateCache(196)) - created volume:volume-57540 for user:runner
2023-06-22 13:18:37,040 [Time-limited test] INFO  rpc.RpcClient (RpcClient.java:createBucket(686)) - Creating Bucket: volume-57540/bucket, with bucket layout FILE_SYSTEM_OPTIMIZED, runner as owner, Versioning false, Storage Type set to DISK and Encryption set to false, Replication Type set to server-side default replication type, Namespace Quota set to -1, Space Quota set to -1 
2023-06-22 13:18:37,040 [IPC Server handler 19 on default port 15057] INFO  bucket.OMBucketCreateRequest (OMBucketCreateRequest.java:validateAndUpdateCache(270)) - created bucket: bucket of layout FILE_SYSTEM_OPTIMIZED in volume: volume-57540
2023-06-22 13:18:37,042 [Time-limited test] INFO  rpc.RpcClient (RpcClient.java:createVolume(459)) - Creating Volume: volume-08863, with runner as owner and space quota set to -1 bytes, counts quota set to -1
2023-06-22 13:18:37,042 [IPC Server handler 17 on default port 15057] INFO  volume.OMVolumeCreateRequest (OMVolumeCreateRequest.java:validateAndUpdateCache(196)) - created volume:volume-08863 for user:runner
2023-06-22 13:18:37,043 [Time-limited test] INFO  rpc.RpcClient (RpcClient.java:createBucket(686)) - Creating Bucket: volume-08863/link, with server-side default bucket layout, runner as owner, Versioning false, Storage Type set to DISK and Encryption set to false, Replication Type set to server-side default replication type, Namespace Quota set to -1, Space Quota set to -1 
2023-06-22 13:18:37,043 [IPC Server handler 4 on default port 15057] INFO  bucket.OMBucketCreateRequest (OMBucketCreateRequest.java:validateAndUpdateCache(270)) - created bucket: link of layout FILE_SYSTEM_OPTIMIZED in volume: volume-08863
13:18:37.045 [IPC Server handler 3 on default port 15057] ERROR OMAudit - user=runner | ip=127.0.0.1 | op=DELETE_VOLUME {volume=volume-08863} | ret=FAILURE
org.apache.hadoop.ozone.om.exceptions.OMException: null
	at org.apache.hadoop.ozone.om.request.volume.OMVolumeDeleteRequest.validateAndUpdateCache(OMVolumeDeleteRequest.java:121) ~[ozone-manager-1.4.0-SNAPSHOT.jar:?]
	at org.apache.hadoop.ozone.protocolPB.OzoneManagerRequestHandler.handleWriteRequest(OzoneManagerRequestHandler.java:352) ~[ozone-manager-1.4.0-SNAPSHOT.jar:?]
	at org.apache.hadoop.ozone.protocolPB.OzoneManagerProtocolServerSideTranslatorPB.submitRequestDirectlyToOM(OzoneManagerProtocolServerSideTranslatorPB.java:278) ~[ozone-manager-1.4.0-SNAPSHOT.jar:?]
	at org.apache.hadoop.ozone.protocolPB.OzoneManagerProtocolServerSideTranslatorPB.processRequest(OzoneManagerProtocolServerSideTranslatorPB.java:173) ~[ozone-manager-1.4.0-SNAPSHOT.jar:?]
	at org.apache.hadoop.hdds.server.OzoneProtocolMessageDispatcher.processRequest(OzoneProtocolMessageDispatcher.java:87) [hdds-server-framework-1.4.0-SNAPSHOT.jar:?]
	at org.apache.hadoop.ozone.protocolPB.OzoneManagerProtocolServerSideTranslatorPB.submitRequest(OzoneManagerProtocolServerSideTranslatorPB.java:147) [ozone-manager-1.4.0-SNAPSHOT.jar:?]
	at org.apache.hadoop.ozone.protocol.proto.OzoneManagerProtocolProtos$OzoneManagerService$2.callBlockingMethod(OzoneManagerProtocolProtos.java) [ozone-interface-client-1.4.0-SNAPSHOT.jar:?]
	at org.apache.hadoop.ipc.ProtobufRpcEngine$Server.processCall(ProtobufRpcEngine.java:484) [hadoop-common-3.3.5.jar:?]
	at org.apache.hadoop.ipc.ProtobufRpcEngine2$Server$ProtoBufRpcInvoker.call(ProtobufRpcEngine2.java:595) [hadoop-common-3.3.5.jar:?]
	at org.apache.hadoop.ipc.ProtobufRpcEngine2$Server$ProtoBufRpcInvoker.call(ProtobufRpcEngine2.java:573) [hadoop-common-3.3.5.jar:?]
	at org.apache.hadoop.ipc.RPC$Server.call(RPC.java:1213) [hadoop-common-3.3.5.jar:?]
	at org.apache.hadoop.ipc.Server$RpcCall.run(Server.java:1089) [hadoop-common-3.3.5.jar:?]
	at org.apache.hadoop.ipc.Server$RpcCall.run(Server.java:1012) [hadoop-common-3.3.5.jar:?]
	at java.security.AccessController.doPrivileged(Native Method) ~[?:1.8.0_372]
	at javax.security.auth.Subject.doAs(Subject.java:422) [?:1.8.0_372]
	at org.apache.hadoop.security.UserGroupInformation.doAs(UserGroupInformation.java:1899) [hadoop-common-3.3.5.jar:?]
	at org.apache.hadoop.ipc.Server$Handler.run(Server.java:3026) [hadoop-common-3.3.5.jar:?]
2023-06-22 13:18:37,046 [IPC Server handler 3 on default port 15057] ERROR volume.OMVolumeDeleteRequest (OMVolumeDeleteRequest.java:validateAndUpdateCache(168)) - Volume deletion failed for user:runner volume:volume-08863
VOLUME_NOT_EMPTY org.apache.hadoop.ozone.om.exceptions.OMException
	at org.apache.hadoop.ozone.om.request.volume.OMVolumeDeleteRequest.validateAndUpdateCache(OMVolumeDeleteRequest.java:121)
	at org.apache.hadoop.ozone.protocolPB.OzoneManagerRequestHandler.handleWriteRequest(OzoneManagerRequestHandler.java:352)
	at org.apache.hadoop.ozone.protocolPB.OzoneManagerProtocolServerSideTranslatorPB.submitRequestDirectlyToOM(OzoneManagerProtocolServerSideTranslatorPB.java:278)
	at org.apache.hadoop.ozone.protocolPB.OzoneManagerProtocolServerSideTranslatorPB.processRequest(OzoneManagerProtocolServerSideTranslatorPB.java:173)
	at org.apache.hadoop.hdds.server.OzoneProtocolMessageDispatcher.processRequest(OzoneProtocolMessageDispatcher.java:87)
	at org.apache.hadoop.ozone.protocolPB.OzoneManagerProtocolServerSideTranslatorPB.submitRequest(OzoneManagerProtocolServerSideTranslatorPB.java:147)
	at org.apache.hadoop.ozone.protocol.proto.OzoneManagerProtocolProtos$OzoneManagerService$2.callBlockingMethod(OzoneManagerProtocolProtos.java)
	at org.apache.hadoop.ipc.ProtobufRpcEngine$Server.processCall(ProtobufRpcEngine.java:484)
	at org.apache.hadoop.ipc.ProtobufRpcEngine2$Server$ProtoBufRpcInvoker.call(ProtobufRpcEngine2.java:595)
	at org.apache.hadoop.ipc.ProtobufRpcEngine2$Server$ProtoBufRpcInvoker.call(ProtobufRpcEngine2.java:573)
	at org.apache.hadoop.ipc.RPC$Server.call(RPC.java:1213)
	at org.apache.hadoop.ipc.Server$RpcCall.run(Server.java:1089)
	at org.apache.hadoop.ipc.Server$RpcCall.run(Server.java:1012)
	at java.security.AccessController.doPrivileged(Native Method)
	at javax.security.auth.Subject.doAs(Subject.java:422)
	at org.apache.hadoop.security.UserGroupInformation.doAs(UserGroupInformation.java:1899)
	at org.apache.hadoop.ipc.Server$Handler.run(Server.java:3026)
13:18:37.055 [IPC Server handler 5 on default port 15057] ERROR OMAudit - user=runner | ip=127.0.0.1 | op=READ_BUCKET {volume=volume-08863, bucket=link} | ret=FAILURE
org.apache.hadoop.ozone.om.exceptions.OMException: Volume not found when getting bucket info
	at org.apache.hadoop.ozone.om.BucketManagerImpl.getBucketInfo(BucketManagerImpl.java:81) ~[ozone-manager-1.4.0-SNAPSHOT.jar:?]
	at org.apache.hadoop.ozone.om.OzoneManager.getBucketInfo(OzoneManager.java:2777) ~[ozone-manager-1.4.0-SNAPSHOT.jar:?]
	at org.apache.hadoop.ozone.protocolPB.OzoneManagerRequestHandler.infoBucket(OzoneManagerRequestHandler.java:524) ~[ozone-manager-1.4.0-SNAPSHOT.jar:?]
	at org.apache.hadoop.ozone.protocolPB.OzoneManagerRequestHandler.handleReadRequest(OzoneManagerRequestHandler.java:195) ~[ozone-manager-1.4.0-SNAPSHOT.jar:?]
	at org.apache.hadoop.ozone.protocolPB.OzoneManagerProtocolServerSideTranslatorPB.submitRequestDirectlyToOM(OzoneManagerProtocolServerSideTranslatorPB.java:272) ~[ozone-manager-1.4.0-SNAPSHOT.jar:?]
	at org.apache.hadoop.ozone.protocolPB.OzoneManagerProtocolServerSideTranslatorPB.processRequest(OzoneManagerProtocolServerSideTranslatorPB.java:173) ~[ozone-manager-1.4.0-SNAPSHOT.jar:?]
	at org.apache.hadoop.hdds.server.OzoneProtocolMessageDispatcher.processRequest(OzoneProtocolMessageDispatcher.java:87) [hdds-server-framework-1.4.0-SNAPSHOT.jar:?]
	at org.apache.hadoop.ozone.protocolPB.OzoneManagerProtocolServerSideTranslatorPB.submitRequest(OzoneManagerProtocolServerSideTranslatorPB.java:147) [ozone-manager-1.4.0-SNAPSHOT.jar:?]
	at org.apache.hadoop.ozone.protocol.proto.OzoneManagerProtocolProtos$OzoneManagerService$2.callBlockingMethod(OzoneManagerProtocolProtos.java) [ozone-interface-client-1.4.0-SNAPSHOT.jar:?]
	at org.apache.hadoop.ipc.ProtobufRpcEngine$Server.processCall(ProtobufRpcEngine.java:484) [hadoop-common-3.3.5.jar:?]
	at org.apache.hadoop.ipc.ProtobufRpcEngine2$Server$ProtoBufRpcInvoker.call(ProtobufRpcEngine2.java:595) [hadoop-common-3.3.5.jar:?]
	at org.apache.hadoop.ipc.ProtobufRpcEngine2$Server$ProtoBufRpcInvoker.call(ProtobufRpcEngine2.java:573) [hadoop-common-3.3.5.jar:?]
	at org.apache.hadoop.ipc.RPC$Server.call(RPC.java:1213) [hadoop-common-3.3.5.jar:?]
	at org.apache.hadoop.ipc.Server$RpcCall.run(Server.java:1089) [hadoop-common-3.3.5.jar:?]
	at org.apache.hadoop.ipc.Server$RpcCall.run(Server.java:1012) [hadoop-common-3.3.5.jar:?]
	at java.security.AccessController.doPrivileged(Native Method) ~[?:1.8.0_372]
	at javax.security.auth.Subject.doAs(Subject.java:422) [?:1.8.0_372]
	at org.apache.hadoop.security.UserGroupInformation.doAs(UserGroupInformation.java:1899) [hadoop-common-3.3.5.jar:?]
	at org.apache.hadoop.ipc.Server$Handler.run(Server.java:3026) [hadoop-common-3.3.5.jar:?]
]]></system-out>
  </testcase>
  <testcase name="testBucketDefaultsShouldNotBeInheritedToFileForNonEC" classname="TestRootedOzoneFileSystemWithFSO" time="0.126">
    <system-out><![CDATA[2023-06-22 13:17:23,419 [Time-limited test] INFO  rpc.RpcClient (RpcClient.java:createVolume(459)) - Creating Volume: volume51101, with user50708 as owner and space quota set to -1 bytes, counts quota set to -1
2023-06-22 13:17:23,424 [OM StateMachine ApplyTransaction Thread - 0] INFO  volume.OMVolumeCreateRequest (OMVolumeCreateRequest.java:validateAndUpdateCache(196)) - created volume:volume51101 for user:user50708
2023-06-22 13:17:23,426 [Time-limited test] INFO  rpc.RpcClient (RpcClient.java:createBucket(686)) - Creating Bucket: volume51101/bucket59864, with bucket layout FILE_SYSTEM_OPTIMIZED, runner as owner, Versioning false, Storage Type set to DISK and Encryption set to false, Replication Type set to server-side default replication type, Namespace Quota set to -1, Space Quota set to -1 
2023-06-22 13:17:23,427 [OM StateMachine ApplyTransaction Thread - 0] INFO  bucket.OMBucketCreateRequest (OMBucketCreateRequest.java:validateAndUpdateCache(270)) - created bucket: bucket59864 of layout FILE_SYSTEM_OPTIMIZED in volume: volume51101
2023-06-22 13:17:23,450 [Time-limited test] INFO  rpc.RpcClient (RpcClient.java:createVolume(459)) - Creating Volume: afaf26cd-9661-4d26-a038-3f0518d5b24b, with user14950 as owner and space quota set to -1 bytes, counts quota set to -1
2023-06-22 13:17:23,452 [OM StateMachine ApplyTransaction Thread - 0] INFO  volume.OMVolumeCreateRequest (OMVolumeCreateRequest.java:validateAndUpdateCache(196)) - created volume:afaf26cd-9661-4d26-a038-3f0518d5b24b for user:user14950
2023-06-22 13:17:23,454 [Time-limited test] INFO  rpc.RpcClient (RpcClient.java:createBucket(686)) - Creating Bucket: afaf26cd-9661-4d26-a038-3f0518d5b24b/945a806b-5cb8-4c19-b022-c1c1bf817262, with bucket layout LEGACY, runner as owner, Versioning false, Storage Type set to DISK and Encryption set to false, Replication Type set to STAND_ALONE, Namespace Quota set to -1, Space Quota set to -1 
2023-06-22 13:17:23,459 [OM StateMachine ApplyTransaction Thread - 0] INFO  bucket.OMBucketCreateRequest (OMBucketCreateRequest.java:validateAndUpdateCache(270)) - created bucket: 945a806b-5cb8-4c19-b022-c1c1bf817262 of layout LEGACY in volume: afaf26cd-9661-4d26-a038-3f0518d5b24b
2023-06-22 13:17:23,509 [IPC Server handler 12 on default port 15001] WARN  node.SCMNodeManager (SCMNodeManager.java:getNodesByAddress(1377)) - Cannot find node for address 127.0.0.1
]]></system-out>
  </testcase>
  <testcase name="testBucketDefaultsShouldNotBeInheritedToFileForNonEC" classname="TestRootedOzoneFileSystemWithFSO" time="0.08">
    <system-out><![CDATA[2023-06-22 13:18:37,076 [Time-limited test] INFO  rpc.RpcClient (RpcClient.java:createVolume(459)) - Creating Volume: volume26804, with user56961 as owner and space quota set to -1 bytes, counts quota set to -1
2023-06-22 13:18:37,077 [IPC Server handler 4 on default port 15057] INFO  volume.OMVolumeCreateRequest (OMVolumeCreateRequest.java:validateAndUpdateCache(196)) - created volume:volume26804 for user:user56961
2023-06-22 13:18:37,078 [Time-limited test] INFO  rpc.RpcClient (RpcClient.java:createBucket(686)) - Creating Bucket: volume26804/bucket27606, with bucket layout FILE_SYSTEM_OPTIMIZED, runner as owner, Versioning false, Storage Type set to DISK and Encryption set to false, Replication Type set to server-side default replication type, Namespace Quota set to -1, Space Quota set to -1 
2023-06-22 13:18:37,078 [IPC Server handler 6 on default port 15057] INFO  bucket.OMBucketCreateRequest (OMBucketCreateRequest.java:validateAndUpdateCache(270)) - created bucket: bucket27606 of layout FILE_SYSTEM_OPTIMIZED in volume: volume26804
2023-06-22 13:18:37,088 [Time-limited test] INFO  rpc.RpcClient (RpcClient.java:createVolume(459)) - Creating Volume: 1e0fb29f-2768-427c-a1d2-1165c39a292e, with user48607 as owner and space quota set to -1 bytes, counts quota set to -1
2023-06-22 13:18:37,088 [IPC Server handler 2 on default port 15057] INFO  volume.OMVolumeCreateRequest (OMVolumeCreateRequest.java:validateAndUpdateCache(196)) - created volume:1e0fb29f-2768-427c-a1d2-1165c39a292e for user:user48607
2023-06-22 13:18:37,089 [Time-limited test] INFO  rpc.RpcClient (RpcClient.java:createBucket(686)) - Creating Bucket: 1e0fb29f-2768-427c-a1d2-1165c39a292e/10f607db-6ef6-4baa-8979-68dc90e0672c, with bucket layout LEGACY, runner as owner, Versioning false, Storage Type set to DISK and Encryption set to false, Replication Type set to STAND_ALONE, Namespace Quota set to -1, Space Quota set to -1 
2023-06-22 13:18:37,090 [IPC Server handler 3 on default port 15057] INFO  bucket.OMBucketCreateRequest (OMBucketCreateRequest.java:validateAndUpdateCache(270)) - created bucket: 10f607db-6ef6-4baa-8979-68dc90e0672c of layout LEGACY in volume: 1e0fb29f-2768-427c-a1d2-1165c39a292e
2023-06-22 13:18:37,141 [IPC Server handler 6 on default port 15054] WARN  node.SCMNodeManager (SCMNodeManager.java:getNodesByAddress(1377)) - Cannot find node for address 127.0.0.1
]]></system-out>
  </testcase>
  <testcase name="testTrash" classname="TestRootedOzoneFileSystemWithFSO" time="4.214">
    <system-out><![CDATA[2023-06-22 13:17:23,548 [Time-limited test] INFO  rpc.RpcClient (RpcClient.java:createVolume(459)) - Creating Volume: volume49674, with user95006 as owner and space quota set to -1 bytes, counts quota set to -1
2023-06-22 13:17:23,550 [OM StateMachine ApplyTransaction Thread - 0] INFO  volume.OMVolumeCreateRequest (OMVolumeCreateRequest.java:validateAndUpdateCache(196)) - created volume:volume49674 for user:user95006
2023-06-22 13:17:23,551 [Time-limited test] INFO  rpc.RpcClient (RpcClient.java:createBucket(686)) - Creating Bucket: volume49674/bucket96931, with bucket layout FILE_SYSTEM_OPTIMIZED, runner as owner, Versioning false, Storage Type set to DISK and Encryption set to false, Replication Type set to server-side default replication type, Namespace Quota set to -1, Space Quota set to -1 
2023-06-22 13:17:23,553 [OM StateMachine ApplyTransaction Thread - 0] INFO  bucket.OMBucketCreateRequest (OMBucketCreateRequest.java:validateAndUpdateCache(270)) - created bucket: bucket96931 of layout FILE_SYSTEM_OPTIMIZED in volume: volume49674
2023-06-22 13:17:23,611 [Time-limited test] INFO  rpc.RpcClient (RpcClient.java:createVolume(459)) - Creating Volume: volume48420, with user93544 as owner and space quota set to -1 bytes, counts quota set to -1
2023-06-22 13:17:23,616 [OM StateMachine ApplyTransaction Thread - 0] INFO  volume.OMVolumeCreateRequest (OMVolumeCreateRequest.java:validateAndUpdateCache(196)) - created volume:volume48420 for user:user93544
2023-06-22 13:17:23,617 [Time-limited test] INFO  rpc.RpcClient (RpcClient.java:createBucket(686)) - Creating Bucket: volume48420/bucket01231, with bucket layout FILE_SYSTEM_OPTIMIZED, runner as owner, Versioning false, Storage Type set to DISK and Encryption set to false, Replication Type set to server-side default replication type, Namespace Quota set to -1, Space Quota set to -1 
2023-06-22 13:17:23,618 [OM StateMachine ApplyTransaction Thread - 0] INFO  bucket.OMBucketCreateRequest (OMBucketCreateRequest.java:validateAndUpdateCache(270)) - created bucket: bucket01231 of layout FILE_SYSTEM_OPTIMIZED in volume: volume48420
13:17:23.677 [IPC Server handler 5 on default port 15004] ERROR OMAudit - user=runner | ip=127.0.0.1 | op=GET_FILE_STATUS {volume=volume49674, bucket=bucket96931, key=.Trash/runner/Current/keyToBeDeleted, dataSize=0, replicationConfig=null} | ret=FAILURE
org.apache.hadoop.ozone.om.exceptions.OMException: Unable to get file status: volume: volume49674 bucket: bucket96931 key: .Trash/runner/Current/keyToBeDeleted
	at org.apache.hadoop.ozone.om.KeyManagerImpl.getOzoneFileStatusFSO(KeyManagerImpl.java:1310) ~[ozone-manager-1.4.0-SNAPSHOT.jar:?]
	at org.apache.hadoop.ozone.om.KeyManagerImpl.getFileStatus(KeyManagerImpl.java:1102) ~[ozone-manager-1.4.0-SNAPSHOT.jar:?]
	at org.apache.hadoop.ozone.om.OmMetadataReader.getFileStatus(OmMetadataReader.java:286) ~[ozone-manager-1.4.0-SNAPSHOT.jar:?]
	at org.apache.hadoop.ozone.om.OzoneManager.getFileStatus(OzoneManager.java:3499) ~[ozone-manager-1.4.0-SNAPSHOT.jar:?]
	at org.apache.hadoop.ozone.protocolPB.OzoneManagerRequestHandler.getOzoneFileStatus(OzoneManagerRequestHandler.java:950) ~[ozone-manager-1.4.0-SNAPSHOT.jar:?]
	at org.apache.hadoop.ozone.protocolPB.OzoneManagerRequestHandler.handleReadRequest(OzoneManagerRequestHandler.java:245) ~[ozone-manager-1.4.0-SNAPSHOT.jar:?]
	at org.apache.hadoop.ozone.protocolPB.OzoneManagerProtocolServerSideTranslatorPB.submitReadRequestToOM(OzoneManagerProtocolServerSideTranslatorPB.java:223) ~[ozone-manager-1.4.0-SNAPSHOT.jar:?]
	at org.apache.hadoop.ozone.protocolPB.OzoneManagerProtocolServerSideTranslatorPB.processRequest(OzoneManagerProtocolServerSideTranslatorPB.java:177) ~[ozone-manager-1.4.0-SNAPSHOT.jar:?]
	at org.apache.hadoop.hdds.server.OzoneProtocolMessageDispatcher.processRequest(OzoneProtocolMessageDispatcher.java:87) [hdds-server-framework-1.4.0-SNAPSHOT.jar:?]
	at org.apache.hadoop.ozone.protocolPB.OzoneManagerProtocolServerSideTranslatorPB.submitRequest(OzoneManagerProtocolServerSideTranslatorPB.java:147) [ozone-manager-1.4.0-SNAPSHOT.jar:?]
	at org.apache.hadoop.ozone.protocol.proto.OzoneManagerProtocolProtos$OzoneManagerService$2.callBlockingMethod(OzoneManagerProtocolProtos.java) [ozone-interface-client-1.4.0-SNAPSHOT.jar:?]
	at org.apache.hadoop.ipc.ProtobufRpcEngine$Server.processCall(ProtobufRpcEngine.java:484) [hadoop-common-3.3.5.jar:?]
	at org.apache.hadoop.ipc.ProtobufRpcEngine2$Server$ProtoBufRpcInvoker.call(ProtobufRpcEngine2.java:595) [hadoop-common-3.3.5.jar:?]
	at org.apache.hadoop.ipc.ProtobufRpcEngine2$Server$ProtoBufRpcInvoker.call(ProtobufRpcEngine2.java:573) [hadoop-common-3.3.5.jar:?]
	at org.apache.hadoop.ipc.RPC$Server.call(RPC.java:1213) [hadoop-common-3.3.5.jar:?]
	at org.apache.hadoop.ipc.Server$RpcCall.run(Server.java:1089) [hadoop-common-3.3.5.jar:?]
	at org.apache.hadoop.ipc.Server$RpcCall.run(Server.java:1012) [hadoop-common-3.3.5.jar:?]
	at java.security.AccessController.doPrivileged(Native Method) ~[?:1.8.0_372]
	at javax.security.auth.Subject.doAs(Subject.java:422) [?:1.8.0_372]
	at org.apache.hadoop.security.UserGroupInformation.doAs(UserGroupInformation.java:1899) [hadoop-common-3.3.5.jar:?]
	at org.apache.hadoop.ipc.Server$Handler.run(Server.java:3026) [hadoop-common-3.3.5.jar:?]
2023-06-22 13:17:23,680 [Time-limited test] INFO  om.TrashPolicyOzone (TrashPolicyOzone.java:moveToTrash(209)) - Moved: '/volume49674/bucket96931/keyToBeDeleted' to trash at: ofs:/volume49674/bucket96931/.Trash/runner/Current/keyToBeDeleted
13:17:23.689 [IPC Server handler 7 on default port 15004] ERROR OMAudit - user=runner | ip=127.0.0.1 | op=GET_FILE_STATUS {volume=volume48420, bucket=bucket01231, key=.Trash/runner/Current/keyToBeDeleted1, dataSize=0, replicationConfig=null} | ret=FAILURE
org.apache.hadoop.ozone.om.exceptions.OMException: Unable to get file status: volume: volume48420 bucket: bucket01231 key: .Trash/runner/Current/keyToBeDeleted1
	at org.apache.hadoop.ozone.om.KeyManagerImpl.getOzoneFileStatusFSO(KeyManagerImpl.java:1310) ~[ozone-manager-1.4.0-SNAPSHOT.jar:?]
	at org.apache.hadoop.ozone.om.KeyManagerImpl.getFileStatus(KeyManagerImpl.java:1102) ~[ozone-manager-1.4.0-SNAPSHOT.jar:?]
	at org.apache.hadoop.ozone.om.OmMetadataReader.getFileStatus(OmMetadataReader.java:286) ~[ozone-manager-1.4.0-SNAPSHOT.jar:?]
	at org.apache.hadoop.ozone.om.OzoneManager.getFileStatus(OzoneManager.java:3499) ~[ozone-manager-1.4.0-SNAPSHOT.jar:?]
	at org.apache.hadoop.ozone.protocolPB.OzoneManagerRequestHandler.getOzoneFileStatus(OzoneManagerRequestHandler.java:950) ~[ozone-manager-1.4.0-SNAPSHOT.jar:?]
	at org.apache.hadoop.ozone.protocolPB.OzoneManagerRequestHandler.handleReadRequest(OzoneManagerRequestHandler.java:245) ~[ozone-manager-1.4.0-SNAPSHOT.jar:?]
	at org.apache.hadoop.ozone.protocolPB.OzoneManagerProtocolServerSideTranslatorPB.submitReadRequestToOM(OzoneManagerProtocolServerSideTranslatorPB.java:223) ~[ozone-manager-1.4.0-SNAPSHOT.jar:?]
	at org.apache.hadoop.ozone.protocolPB.OzoneManagerProtocolServerSideTranslatorPB.processRequest(OzoneManagerProtocolServerSideTranslatorPB.java:177) ~[ozone-manager-1.4.0-SNAPSHOT.jar:?]
	at org.apache.hadoop.hdds.server.OzoneProtocolMessageDispatcher.processRequest(OzoneProtocolMessageDispatcher.java:87) [hdds-server-framework-1.4.0-SNAPSHOT.jar:?]
	at org.apache.hadoop.ozone.protocolPB.OzoneManagerProtocolServerSideTranslatorPB.submitRequest(OzoneManagerProtocolServerSideTranslatorPB.java:147) [ozone-manager-1.4.0-SNAPSHOT.jar:?]
	at org.apache.hadoop.ozone.protocol.proto.OzoneManagerProtocolProtos$OzoneManagerService$2.callBlockingMethod(OzoneManagerProtocolProtos.java) [ozone-interface-client-1.4.0-SNAPSHOT.jar:?]
	at org.apache.hadoop.ipc.ProtobufRpcEngine$Server.processCall(ProtobufRpcEngine.java:484) [hadoop-common-3.3.5.jar:?]
	at org.apache.hadoop.ipc.ProtobufRpcEngine2$Server$ProtoBufRpcInvoker.call(ProtobufRpcEngine2.java:595) [hadoop-common-3.3.5.jar:?]
	at org.apache.hadoop.ipc.ProtobufRpcEngine2$Server$ProtoBufRpcInvoker.call(ProtobufRpcEngine2.java:573) [hadoop-common-3.3.5.jar:?]
	at org.apache.hadoop.ipc.RPC$Server.call(RPC.java:1213) [hadoop-common-3.3.5.jar:?]
	at org.apache.hadoop.ipc.Server$RpcCall.run(Server.java:1089) [hadoop-common-3.3.5.jar:?]
	at org.apache.hadoop.ipc.Server$RpcCall.run(Server.java:1012) [hadoop-common-3.3.5.jar:?]
	at java.security.AccessController.doPrivileged(Native Method) ~[?:1.8.0_372]
	at javax.security.auth.Subject.doAs(Subject.java:422) [?:1.8.0_372]
	at org.apache.hadoop.security.UserGroupInformation.doAs(UserGroupInformation.java:1899) [hadoop-common-3.3.5.jar:?]
	at org.apache.hadoop.ipc.Server$Handler.run(Server.java:3026) [hadoop-common-3.3.5.jar:?]
2023-06-22 13:17:23,694 [Time-limited test] INFO  om.TrashPolicyOzone (TrashPolicyOzone.java:moveToTrash(209)) - Moved: '/volume48420/bucket01231/keyToBeDeleted1' to trash at: ofs:/volume48420/bucket01231/.Trash/runner/Current/keyToBeDeleted1
13:17:24.702 [IPC Server handler 19 on default port 15004] ERROR OMAudit - user=runner | ip=127.0.0.1 | op=GET_FILE_STATUS {volume=volume49674, bucket=bucket96931, key=.Trash/runner/Current/keyToBeDeleted, dataSize=0, replicationConfig=null} | ret=FAILURE
org.apache.hadoop.ozone.om.exceptions.OMException: Unable to get file status: volume: volume49674 bucket: bucket96931 key: .Trash/runner/Current/keyToBeDeleted
	at org.apache.hadoop.ozone.om.KeyManagerImpl.getOzoneFileStatusFSO(KeyManagerImpl.java:1310) ~[ozone-manager-1.4.0-SNAPSHOT.jar:?]
	at org.apache.hadoop.ozone.om.KeyManagerImpl.getFileStatus(KeyManagerImpl.java:1102) ~[ozone-manager-1.4.0-SNAPSHOT.jar:?]
	at org.apache.hadoop.ozone.om.OmMetadataReader.getFileStatus(OmMetadataReader.java:286) ~[ozone-manager-1.4.0-SNAPSHOT.jar:?]
	at org.apache.hadoop.ozone.om.OzoneManager.getFileStatus(OzoneManager.java:3499) ~[ozone-manager-1.4.0-SNAPSHOT.jar:?]
	at org.apache.hadoop.ozone.protocolPB.OzoneManagerRequestHandler.getOzoneFileStatus(OzoneManagerRequestHandler.java:950) ~[ozone-manager-1.4.0-SNAPSHOT.jar:?]
	at org.apache.hadoop.ozone.protocolPB.OzoneManagerRequestHandler.handleReadRequest(OzoneManagerRequestHandler.java:245) ~[ozone-manager-1.4.0-SNAPSHOT.jar:?]
	at org.apache.hadoop.ozone.protocolPB.OzoneManagerProtocolServerSideTranslatorPB.submitReadRequestToOM(OzoneManagerProtocolServerSideTranslatorPB.java:223) ~[ozone-manager-1.4.0-SNAPSHOT.jar:?]
	at org.apache.hadoop.ozone.protocolPB.OzoneManagerProtocolServerSideTranslatorPB.processRequest(OzoneManagerProtocolServerSideTranslatorPB.java:177) ~[ozone-manager-1.4.0-SNAPSHOT.jar:?]
	at org.apache.hadoop.hdds.server.OzoneProtocolMessageDispatcher.processRequest(OzoneProtocolMessageDispatcher.java:87) [hdds-server-framework-1.4.0-SNAPSHOT.jar:?]
	at org.apache.hadoop.ozone.protocolPB.OzoneManagerProtocolServerSideTranslatorPB.submitRequest(OzoneManagerProtocolServerSideTranslatorPB.java:147) [ozone-manager-1.4.0-SNAPSHOT.jar:?]
	at org.apache.hadoop.ozone.protocol.proto.OzoneManagerProtocolProtos$OzoneManagerService$2.callBlockingMethod(OzoneManagerProtocolProtos.java) [ozone-interface-client-1.4.0-SNAPSHOT.jar:?]
	at org.apache.hadoop.ipc.ProtobufRpcEngine$Server.processCall(ProtobufRpcEngine.java:484) [hadoop-common-3.3.5.jar:?]
	at org.apache.hadoop.ipc.ProtobufRpcEngine2$Server$ProtoBufRpcInvoker.call(ProtobufRpcEngine2.java:595) [hadoop-common-3.3.5.jar:?]
	at org.apache.hadoop.ipc.ProtobufRpcEngine2$Server$ProtoBufRpcInvoker.call(ProtobufRpcEngine2.java:573) [hadoop-common-3.3.5.jar:?]
	at org.apache.hadoop.ipc.RPC$Server.call(RPC.java:1213) [hadoop-common-3.3.5.jar:?]
	at org.apache.hadoop.ipc.Server$RpcCall.run(Server.java:1089) [hadoop-common-3.3.5.jar:?]
	at org.apache.hadoop.ipc.Server$RpcCall.run(Server.java:1012) [hadoop-common-3.3.5.jar:?]
	at java.security.AccessController.doPrivileged(Native Method) ~[?:1.8.0_372]
	at javax.security.auth.Subject.doAs(Subject.java:422) [?:1.8.0_372]
	at org.apache.hadoop.security.UserGroupInformation.doAs(UserGroupInformation.java:1899) [hadoop-common-3.3.5.jar:?]
	at org.apache.hadoop.ipc.Server$Handler.run(Server.java:3026) [hadoop-common-3.3.5.jar:?]
13:17:24.704 [IPC Server handler 1 on default port 15004] ERROR OMAudit - user=runner | ip=127.0.0.1 | op=GET_FILE_STATUS {volume=volume49674, bucket=bucket96931, key=.Trash/runner/Current/keyToBeDeleted1, dataSize=0, replicationConfig=null} | ret=FAILURE
org.apache.hadoop.ozone.om.exceptions.OMException: Unable to get file status: volume: volume49674 bucket: bucket96931 key: .Trash/runner/Current/keyToBeDeleted1
	at org.apache.hadoop.ozone.om.KeyManagerImpl.getOzoneFileStatusFSO(KeyManagerImpl.java:1310) ~[ozone-manager-1.4.0-SNAPSHOT.jar:?]
	at org.apache.hadoop.ozone.om.KeyManagerImpl.getFileStatus(KeyManagerImpl.java:1102) ~[ozone-manager-1.4.0-SNAPSHOT.jar:?]
	at org.apache.hadoop.ozone.om.OmMetadataReader.getFileStatus(OmMetadataReader.java:286) ~[ozone-manager-1.4.0-SNAPSHOT.jar:?]
	at org.apache.hadoop.ozone.om.OzoneManager.getFileStatus(OzoneManager.java:3499) ~[ozone-manager-1.4.0-SNAPSHOT.jar:?]
	at org.apache.hadoop.ozone.protocolPB.OzoneManagerRequestHandler.getOzoneFileStatus(OzoneManagerRequestHandler.java:950) ~[ozone-manager-1.4.0-SNAPSHOT.jar:?]
	at org.apache.hadoop.ozone.protocolPB.OzoneManagerRequestHandler.handleReadRequest(OzoneManagerRequestHandler.java:245) ~[ozone-manager-1.4.0-SNAPSHOT.jar:?]
	at org.apache.hadoop.ozone.protocolPB.OzoneManagerProtocolServerSideTranslatorPB.submitReadRequestToOM(OzoneManagerProtocolServerSideTranslatorPB.java:223) ~[ozone-manager-1.4.0-SNAPSHOT.jar:?]
	at org.apache.hadoop.ozone.protocolPB.OzoneManagerProtocolServerSideTranslatorPB.processRequest(OzoneManagerProtocolServerSideTranslatorPB.java:177) ~[ozone-manager-1.4.0-SNAPSHOT.jar:?]
	at org.apache.hadoop.hdds.server.OzoneProtocolMessageDispatcher.processRequest(OzoneProtocolMessageDispatcher.java:87) [hdds-server-framework-1.4.0-SNAPSHOT.jar:?]
	at org.apache.hadoop.ozone.protocolPB.OzoneManagerProtocolServerSideTranslatorPB.submitRequest(OzoneManagerProtocolServerSideTranslatorPB.java:147) [ozone-manager-1.4.0-SNAPSHOT.jar:?]
	at org.apache.hadoop.ozone.protocol.proto.OzoneManagerProtocolProtos$OzoneManagerService$2.callBlockingMethod(OzoneManagerProtocolProtos.java) [ozone-interface-client-1.4.0-SNAPSHOT.jar:?]
	at org.apache.hadoop.ipc.ProtobufRpcEngine$Server.processCall(ProtobufRpcEngine.java:484) [hadoop-common-3.3.5.jar:?]
	at org.apache.hadoop.ipc.ProtobufRpcEngine2$Server$ProtoBufRpcInvoker.call(ProtobufRpcEngine2.java:595) [hadoop-common-3.3.5.jar:?]
	at org.apache.hadoop.ipc.ProtobufRpcEngine2$Server$ProtoBufRpcInvoker.call(ProtobufRpcEngine2.java:573) [hadoop-common-3.3.5.jar:?]
	at org.apache.hadoop.ipc.RPC$Server.call(RPC.java:1213) [hadoop-common-3.3.5.jar:?]
	at org.apache.hadoop.ipc.Server$RpcCall.run(Server.java:1089) [hadoop-common-3.3.5.jar:?]
	at org.apache.hadoop.ipc.Server$RpcCall.run(Server.java:1012) [hadoop-common-3.3.5.jar:?]
	at java.security.AccessController.doPrivileged(Native Method) ~[?:1.8.0_372]
	at javax.security.auth.Subject.doAs(Subject.java:422) [?:1.8.0_372]
	at org.apache.hadoop.security.UserGroupInformation.doAs(UserGroupInformation.java:1899) [hadoop-common-3.3.5.jar:?]
	at org.apache.hadoop.ipc.Server$Handler.run(Server.java:3026) [hadoop-common-3.3.5.jar:?]
]]></system-out>
  </testcase>
  <testcase name="testTrash" classname="TestRootedOzoneFileSystemWithFSO" time="4.144">
    <system-out><![CDATA[2023-06-22 13:18:37,161 [Time-limited test] INFO  rpc.RpcClient (RpcClient.java:createVolume(459)) - Creating Volume: volume70426, with user23564 as owner and space quota set to -1 bytes, counts quota set to -1
2023-06-22 13:18:37,163 [IPC Server handler 10 on default port 15057] INFO  volume.OMVolumeCreateRequest (OMVolumeCreateRequest.java:validateAndUpdateCache(196)) - created volume:volume70426 for user:user23564
2023-06-22 13:18:37,164 [Time-limited test] INFO  rpc.RpcClient (RpcClient.java:createBucket(686)) - Creating Bucket: volume70426/bucket16097, with bucket layout FILE_SYSTEM_OPTIMIZED, runner as owner, Versioning false, Storage Type set to DISK and Encryption set to false, Replication Type set to server-side default replication type, Namespace Quota set to -1, Space Quota set to -1 
2023-06-22 13:18:37,164 [IPC Server handler 19 on default port 15057] INFO  bucket.OMBucketCreateRequest (OMBucketCreateRequest.java:validateAndUpdateCache(270)) - created bucket: bucket16097 of layout FILE_SYSTEM_OPTIMIZED in volume: volume70426
2023-06-22 13:18:37,216 [Time-limited test] INFO  rpc.RpcClient (RpcClient.java:createVolume(459)) - Creating Volume: volume74919, with user71074 as owner and space quota set to -1 bytes, counts quota set to -1
2023-06-22 13:18:37,217 [IPC Server handler 12 on default port 15057] INFO  volume.OMVolumeCreateRequest (OMVolumeCreateRequest.java:validateAndUpdateCache(196)) - created volume:volume74919 for user:user71074
2023-06-22 13:18:37,217 [Time-limited test] INFO  rpc.RpcClient (RpcClient.java:createBucket(686)) - Creating Bucket: volume74919/bucket27337, with bucket layout FILE_SYSTEM_OPTIMIZED, runner as owner, Versioning false, Storage Type set to DISK and Encryption set to false, Replication Type set to server-side default replication type, Namespace Quota set to -1, Space Quota set to -1 
2023-06-22 13:18:37,218 [IPC Server handler 13 on default port 15057] INFO  bucket.OMBucketCreateRequest (OMBucketCreateRequest.java:validateAndUpdateCache(270)) - created bucket: bucket27337 of layout FILE_SYSTEM_OPTIMIZED in volume: volume74919
13:18:37.257 [IPC Server handler 9 on default port 15057] ERROR OMAudit - user=runner | ip=127.0.0.1 | op=GET_FILE_STATUS {volume=volume70426, bucket=bucket16097, key=.Trash/runner/Current/keyToBeDeleted, dataSize=0, replicationConfig=null} | ret=FAILURE
org.apache.hadoop.ozone.om.exceptions.OMException: Unable to get file status: volume: volume70426 bucket: bucket16097 key: .Trash/runner/Current/keyToBeDeleted
	at org.apache.hadoop.ozone.om.KeyManagerImpl.getOzoneFileStatusFSO(KeyManagerImpl.java:1310) ~[ozone-manager-1.4.0-SNAPSHOT.jar:?]
	at org.apache.hadoop.ozone.om.KeyManagerImpl.getFileStatus(KeyManagerImpl.java:1102) ~[ozone-manager-1.4.0-SNAPSHOT.jar:?]
	at org.apache.hadoop.ozone.om.OmMetadataReader.getFileStatus(OmMetadataReader.java:286) ~[ozone-manager-1.4.0-SNAPSHOT.jar:?]
	at org.apache.hadoop.ozone.om.OzoneManager.getFileStatus(OzoneManager.java:3499) ~[ozone-manager-1.4.0-SNAPSHOT.jar:?]
	at org.apache.hadoop.ozone.protocolPB.OzoneManagerRequestHandler.getOzoneFileStatus(OzoneManagerRequestHandler.java:950) ~[ozone-manager-1.4.0-SNAPSHOT.jar:?]
	at org.apache.hadoop.ozone.protocolPB.OzoneManagerRequestHandler.handleReadRequest(OzoneManagerRequestHandler.java:245) ~[ozone-manager-1.4.0-SNAPSHOT.jar:?]
	at org.apache.hadoop.ozone.protocolPB.OzoneManagerProtocolServerSideTranslatorPB.submitRequestDirectlyToOM(OzoneManagerProtocolServerSideTranslatorPB.java:272) ~[ozone-manager-1.4.0-SNAPSHOT.jar:?]
	at org.apache.hadoop.ozone.protocolPB.OzoneManagerProtocolServerSideTranslatorPB.processRequest(OzoneManagerProtocolServerSideTranslatorPB.java:173) ~[ozone-manager-1.4.0-SNAPSHOT.jar:?]
	at org.apache.hadoop.hdds.server.OzoneProtocolMessageDispatcher.processRequest(OzoneProtocolMessageDispatcher.java:87) [hdds-server-framework-1.4.0-SNAPSHOT.jar:?]
	at org.apache.hadoop.ozone.protocolPB.OzoneManagerProtocolServerSideTranslatorPB.submitRequest(OzoneManagerProtocolServerSideTranslatorPB.java:147) [ozone-manager-1.4.0-SNAPSHOT.jar:?]
	at org.apache.hadoop.ozone.protocol.proto.OzoneManagerProtocolProtos$OzoneManagerService$2.callBlockingMethod(OzoneManagerProtocolProtos.java) [ozone-interface-client-1.4.0-SNAPSHOT.jar:?]
	at org.apache.hadoop.ipc.ProtobufRpcEngine$Server.processCall(ProtobufRpcEngine.java:484) [hadoop-common-3.3.5.jar:?]
	at org.apache.hadoop.ipc.ProtobufRpcEngine2$Server$ProtoBufRpcInvoker.call(ProtobufRpcEngine2.java:595) [hadoop-common-3.3.5.jar:?]
	at org.apache.hadoop.ipc.ProtobufRpcEngine2$Server$ProtoBufRpcInvoker.call(ProtobufRpcEngine2.java:573) [hadoop-common-3.3.5.jar:?]
	at org.apache.hadoop.ipc.RPC$Server.call(RPC.java:1213) [hadoop-common-3.3.5.jar:?]
	at org.apache.hadoop.ipc.Server$RpcCall.run(Server.java:1089) [hadoop-common-3.3.5.jar:?]
	at org.apache.hadoop.ipc.Server$RpcCall.run(Server.java:1012) [hadoop-common-3.3.5.jar:?]
	at java.security.AccessController.doPrivileged(Native Method) ~[?:1.8.0_372]
	at javax.security.auth.Subject.doAs(Subject.java:422) [?:1.8.0_372]
	at org.apache.hadoop.security.UserGroupInformation.doAs(UserGroupInformation.java:1899) [hadoop-common-3.3.5.jar:?]
	at org.apache.hadoop.ipc.Server$Handler.run(Server.java:3026) [hadoop-common-3.3.5.jar:?]
2023-06-22 13:18:37,260 [Time-limited test] INFO  om.TrashPolicyOzone (TrashPolicyOzone.java:moveToTrash(209)) - Moved: '/volume70426/bucket16097/keyToBeDeleted' to trash at: ofs:/volume70426/bucket16097/.Trash/runner/Current/keyToBeDeleted
13:18:37.266 [IPC Server handler 12 on default port 15057] ERROR OMAudit - user=runner | ip=127.0.0.1 | op=GET_FILE_STATUS {volume=volume74919, bucket=bucket27337, key=.Trash/runner/Current/keyToBeDeleted1, dataSize=0, replicationConfig=null} | ret=FAILURE
org.apache.hadoop.ozone.om.exceptions.OMException: Unable to get file status: volume: volume74919 bucket: bucket27337 key: .Trash/runner/Current/keyToBeDeleted1
	at org.apache.hadoop.ozone.om.KeyManagerImpl.getOzoneFileStatusFSO(KeyManagerImpl.java:1310) ~[ozone-manager-1.4.0-SNAPSHOT.jar:?]
	at org.apache.hadoop.ozone.om.KeyManagerImpl.getFileStatus(KeyManagerImpl.java:1102) ~[ozone-manager-1.4.0-SNAPSHOT.jar:?]
	at org.apache.hadoop.ozone.om.OmMetadataReader.getFileStatus(OmMetadataReader.java:286) ~[ozone-manager-1.4.0-SNAPSHOT.jar:?]
	at org.apache.hadoop.ozone.om.OzoneManager.getFileStatus(OzoneManager.java:3499) ~[ozone-manager-1.4.0-SNAPSHOT.jar:?]
	at org.apache.hadoop.ozone.protocolPB.OzoneManagerRequestHandler.getOzoneFileStatus(OzoneManagerRequestHandler.java:950) ~[ozone-manager-1.4.0-SNAPSHOT.jar:?]
	at org.apache.hadoop.ozone.protocolPB.OzoneManagerRequestHandler.handleReadRequest(OzoneManagerRequestHandler.java:245) ~[ozone-manager-1.4.0-SNAPSHOT.jar:?]
	at org.apache.hadoop.ozone.protocolPB.OzoneManagerProtocolServerSideTranslatorPB.submitRequestDirectlyToOM(OzoneManagerProtocolServerSideTranslatorPB.java:272) ~[ozone-manager-1.4.0-SNAPSHOT.jar:?]
	at org.apache.hadoop.ozone.protocolPB.OzoneManagerProtocolServerSideTranslatorPB.processRequest(OzoneManagerProtocolServerSideTranslatorPB.java:173) ~[ozone-manager-1.4.0-SNAPSHOT.jar:?]
	at org.apache.hadoop.hdds.server.OzoneProtocolMessageDispatcher.processRequest(OzoneProtocolMessageDispatcher.java:87) [hdds-server-framework-1.4.0-SNAPSHOT.jar:?]
	at org.apache.hadoop.ozone.protocolPB.OzoneManagerProtocolServerSideTranslatorPB.submitRequest(OzoneManagerProtocolServerSideTranslatorPB.java:147) [ozone-manager-1.4.0-SNAPSHOT.jar:?]
	at org.apache.hadoop.ozone.protocol.proto.OzoneManagerProtocolProtos$OzoneManagerService$2.callBlockingMethod(OzoneManagerProtocolProtos.java) [ozone-interface-client-1.4.0-SNAPSHOT.jar:?]
	at org.apache.hadoop.ipc.ProtobufRpcEngine$Server.processCall(ProtobufRpcEngine.java:484) [hadoop-common-3.3.5.jar:?]
	at org.apache.hadoop.ipc.ProtobufRpcEngine2$Server$ProtoBufRpcInvoker.call(ProtobufRpcEngine2.java:595) [hadoop-common-3.3.5.jar:?]
	at org.apache.hadoop.ipc.ProtobufRpcEngine2$Server$ProtoBufRpcInvoker.call(ProtobufRpcEngine2.java:573) [hadoop-common-3.3.5.jar:?]
	at org.apache.hadoop.ipc.RPC$Server.call(RPC.java:1213) [hadoop-common-3.3.5.jar:?]
	at org.apache.hadoop.ipc.Server$RpcCall.run(Server.java:1089) [hadoop-common-3.3.5.jar:?]
	at org.apache.hadoop.ipc.Server$RpcCall.run(Server.java:1012) [hadoop-common-3.3.5.jar:?]
	at java.security.AccessController.doPrivileged(Native Method) ~[?:1.8.0_372]
	at javax.security.auth.Subject.doAs(Subject.java:422) [?:1.8.0_372]
	at org.apache.hadoop.security.UserGroupInformation.doAs(UserGroupInformation.java:1899) [hadoop-common-3.3.5.jar:?]
	at org.apache.hadoop.ipc.Server$Handler.run(Server.java:3026) [hadoop-common-3.3.5.jar:?]
2023-06-22 13:18:37,268 [Time-limited test] INFO  om.TrashPolicyOzone (TrashPolicyOzone.java:moveToTrash(209)) - Moved: '/volume74919/bucket27337/keyToBeDeleted1' to trash at: ofs:/volume74919/bucket27337/.Trash/runner/Current/keyToBeDeleted1
13:18:38.273 [IPC Server handler 0 on default port 15057] ERROR OMAudit - user=runner | ip=127.0.0.1 | op=GET_FILE_STATUS {volume=volume70426, bucket=bucket16097, key=.Trash/runner/Current/keyToBeDeleted, dataSize=0, replicationConfig=null} | ret=FAILURE
org.apache.hadoop.ozone.om.exceptions.OMException: Unable to get file status: volume: volume70426 bucket: bucket16097 key: .Trash/runner/Current/keyToBeDeleted
	at org.apache.hadoop.ozone.om.KeyManagerImpl.getOzoneFileStatusFSO(KeyManagerImpl.java:1310) ~[ozone-manager-1.4.0-SNAPSHOT.jar:?]
	at org.apache.hadoop.ozone.om.KeyManagerImpl.getFileStatus(KeyManagerImpl.java:1102) ~[ozone-manager-1.4.0-SNAPSHOT.jar:?]
	at org.apache.hadoop.ozone.om.OmMetadataReader.getFileStatus(OmMetadataReader.java:286) ~[ozone-manager-1.4.0-SNAPSHOT.jar:?]
	at org.apache.hadoop.ozone.om.OzoneManager.getFileStatus(OzoneManager.java:3499) ~[ozone-manager-1.4.0-SNAPSHOT.jar:?]
	at org.apache.hadoop.ozone.protocolPB.OzoneManagerRequestHandler.getOzoneFileStatus(OzoneManagerRequestHandler.java:950) ~[ozone-manager-1.4.0-SNAPSHOT.jar:?]
	at org.apache.hadoop.ozone.protocolPB.OzoneManagerRequestHandler.handleReadRequest(OzoneManagerRequestHandler.java:245) ~[ozone-manager-1.4.0-SNAPSHOT.jar:?]
	at org.apache.hadoop.ozone.protocolPB.OzoneManagerProtocolServerSideTranslatorPB.submitRequestDirectlyToOM(OzoneManagerProtocolServerSideTranslatorPB.java:272) ~[ozone-manager-1.4.0-SNAPSHOT.jar:?]
	at org.apache.hadoop.ozone.protocolPB.OzoneManagerProtocolServerSideTranslatorPB.processRequest(OzoneManagerProtocolServerSideTranslatorPB.java:173) ~[ozone-manager-1.4.0-SNAPSHOT.jar:?]
	at org.apache.hadoop.hdds.server.OzoneProtocolMessageDispatcher.processRequest(OzoneProtocolMessageDispatcher.java:87) [hdds-server-framework-1.4.0-SNAPSHOT.jar:?]
	at org.apache.hadoop.ozone.protocolPB.OzoneManagerProtocolServerSideTranslatorPB.submitRequest(OzoneManagerProtocolServerSideTranslatorPB.java:147) [ozone-manager-1.4.0-SNAPSHOT.jar:?]
	at org.apache.hadoop.ozone.protocol.proto.OzoneManagerProtocolProtos$OzoneManagerService$2.callBlockingMethod(OzoneManagerProtocolProtos.java) [ozone-interface-client-1.4.0-SNAPSHOT.jar:?]
	at org.apache.hadoop.ipc.ProtobufRpcEngine$Server.processCall(ProtobufRpcEngine.java:484) [hadoop-common-3.3.5.jar:?]
	at org.apache.hadoop.ipc.ProtobufRpcEngine2$Server$ProtoBufRpcInvoker.call(ProtobufRpcEngine2.java:595) [hadoop-common-3.3.5.jar:?]
	at org.apache.hadoop.ipc.ProtobufRpcEngine2$Server$ProtoBufRpcInvoker.call(ProtobufRpcEngine2.java:573) [hadoop-common-3.3.5.jar:?]
	at org.apache.hadoop.ipc.RPC$Server.call(RPC.java:1213) [hadoop-common-3.3.5.jar:?]
	at org.apache.hadoop.ipc.Server$RpcCall.run(Server.java:1089) [hadoop-common-3.3.5.jar:?]
	at org.apache.hadoop.ipc.Server$RpcCall.run(Server.java:1012) [hadoop-common-3.3.5.jar:?]
	at java.security.AccessController.doPrivileged(Native Method) ~[?:1.8.0_372]
	at javax.security.auth.Subject.doAs(Subject.java:422) [?:1.8.0_372]
	at org.apache.hadoop.security.UserGroupInformation.doAs(UserGroupInformation.java:1899) [hadoop-common-3.3.5.jar:?]
	at org.apache.hadoop.ipc.Server$Handler.run(Server.java:3026) [hadoop-common-3.3.5.jar:?]
13:18:38.274 [IPC Server handler 7 on default port 15057] ERROR OMAudit - user=runner | ip=127.0.0.1 | op=GET_FILE_STATUS {volume=volume70426, bucket=bucket16097, key=.Trash/runner/Current/keyToBeDeleted1, dataSize=0, replicationConfig=null} | ret=FAILURE
org.apache.hadoop.ozone.om.exceptions.OMException: Unable to get file status: volume: volume70426 bucket: bucket16097 key: .Trash/runner/Current/keyToBeDeleted1
	at org.apache.hadoop.ozone.om.KeyManagerImpl.getOzoneFileStatusFSO(KeyManagerImpl.java:1310) ~[ozone-manager-1.4.0-SNAPSHOT.jar:?]
	at org.apache.hadoop.ozone.om.KeyManagerImpl.getFileStatus(KeyManagerImpl.java:1102) ~[ozone-manager-1.4.0-SNAPSHOT.jar:?]
	at org.apache.hadoop.ozone.om.OmMetadataReader.getFileStatus(OmMetadataReader.java:286) ~[ozone-manager-1.4.0-SNAPSHOT.jar:?]
	at org.apache.hadoop.ozone.om.OzoneManager.getFileStatus(OzoneManager.java:3499) ~[ozone-manager-1.4.0-SNAPSHOT.jar:?]
	at org.apache.hadoop.ozone.protocolPB.OzoneManagerRequestHandler.getOzoneFileStatus(OzoneManagerRequestHandler.java:950) ~[ozone-manager-1.4.0-SNAPSHOT.jar:?]
	at org.apache.hadoop.ozone.protocolPB.OzoneManagerRequestHandler.handleReadRequest(OzoneManagerRequestHandler.java:245) ~[ozone-manager-1.4.0-SNAPSHOT.jar:?]
	at org.apache.hadoop.ozone.protocolPB.OzoneManagerProtocolServerSideTranslatorPB.submitRequestDirectlyToOM(OzoneManagerProtocolServerSideTranslatorPB.java:272) ~[ozone-manager-1.4.0-SNAPSHOT.jar:?]
	at org.apache.hadoop.ozone.protocolPB.OzoneManagerProtocolServerSideTranslatorPB.processRequest(OzoneManagerProtocolServerSideTranslatorPB.java:173) ~[ozone-manager-1.4.0-SNAPSHOT.jar:?]
	at org.apache.hadoop.hdds.server.OzoneProtocolMessageDispatcher.processRequest(OzoneProtocolMessageDispatcher.java:87) [hdds-server-framework-1.4.0-SNAPSHOT.jar:?]
	at org.apache.hadoop.ozone.protocolPB.OzoneManagerProtocolServerSideTranslatorPB.submitRequest(OzoneManagerProtocolServerSideTranslatorPB.java:147) [ozone-manager-1.4.0-SNAPSHOT.jar:?]
	at org.apache.hadoop.ozone.protocol.proto.OzoneManagerProtocolProtos$OzoneManagerService$2.callBlockingMethod(OzoneManagerProtocolProtos.java) [ozone-interface-client-1.4.0-SNAPSHOT.jar:?]
	at org.apache.hadoop.ipc.ProtobufRpcEngine$Server.processCall(ProtobufRpcEngine.java:484) [hadoop-common-3.3.5.jar:?]
	at org.apache.hadoop.ipc.ProtobufRpcEngine2$Server$ProtoBufRpcInvoker.call(ProtobufRpcEngine2.java:595) [hadoop-common-3.3.5.jar:?]
	at org.apache.hadoop.ipc.ProtobufRpcEngine2$Server$ProtoBufRpcInvoker.call(ProtobufRpcEngine2.java:573) [hadoop-common-3.3.5.jar:?]
	at org.apache.hadoop.ipc.RPC$Server.call(RPC.java:1213) [hadoop-common-3.3.5.jar:?]
	at org.apache.hadoop.ipc.Server$RpcCall.run(Server.java:1089) [hadoop-common-3.3.5.jar:?]
	at org.apache.hadoop.ipc.Server$RpcCall.run(Server.java:1012) [hadoop-common-3.3.5.jar:?]
	at java.security.AccessController.doPrivileged(Native Method) ~[?:1.8.0_372]
	at javax.security.auth.Subject.doAs(Subject.java:422) [?:1.8.0_372]
	at org.apache.hadoop.security.UserGroupInformation.doAs(UserGroupInformation.java:1899) [hadoop-common-3.3.5.jar:?]
	at org.apache.hadoop.ipc.Server$Handler.run(Server.java:3026) [hadoop-common-3.3.5.jar:?]
]]></system-out>
  </testcase>
  <testcase name="testCreateAndCheckRatisFileDiskUsage" classname="TestRootedOzoneFileSystemWithFSO" time="0.102">
    <system-out><![CDATA[2023-06-22 13:17:27,766 [Time-limited test] INFO  rpc.RpcClient (RpcClient.java:createVolume(459)) - Creating Volume: volume01892, with user38370 as owner and space quota set to -1 bytes, counts quota set to -1
2023-06-22 13:17:27,772 [OM StateMachine ApplyTransaction Thread - 0] INFO  volume.OMVolumeCreateRequest (OMVolumeCreateRequest.java:validateAndUpdateCache(196)) - created volume:volume01892 for user:user38370
2023-06-22 13:17:27,773 [Time-limited test] INFO  rpc.RpcClient (RpcClient.java:createBucket(686)) - Creating Bucket: volume01892/bucket58088, with bucket layout FILE_SYSTEM_OPTIMIZED, runner as owner, Versioning false, Storage Type set to DISK and Encryption set to false, Replication Type set to server-side default replication type, Namespace Quota set to -1, Space Quota set to -1 
2023-06-22 13:17:27,775 [OM StateMachine ApplyTransaction Thread - 0] INFO  bucket.OMBucketCreateRequest (OMBucketCreateRequest.java:validateAndUpdateCache(270)) - created bucket: bucket58088 of layout FILE_SYSTEM_OPTIMIZED in volume: volume01892
]]></system-out>
  </testcase>
  <testcase name="testCreateAndCheckRatisFileDiskUsage" classname="TestRootedOzoneFileSystemWithFSO" time="0.074">
    <system-out><![CDATA[2023-06-22 13:18:41,303 [Time-limited test] INFO  rpc.RpcClient (RpcClient.java:createVolume(459)) - Creating Volume: volume68546, with user69697 as owner and space quota set to -1 bytes, counts quota set to -1
2023-06-22 13:18:41,303 [IPC Server handler 0 on default port 15057] INFO  volume.OMVolumeCreateRequest (OMVolumeCreateRequest.java:validateAndUpdateCache(196)) - created volume:volume68546 for user:user69697
2023-06-22 13:18:41,304 [Time-limited test] INFO  rpc.RpcClient (RpcClient.java:createBucket(686)) - Creating Bucket: volume68546/bucket73834, with bucket layout FILE_SYSTEM_OPTIMIZED, runner as owner, Versioning false, Storage Type set to DISK and Encryption set to false, Replication Type set to server-side default replication type, Namespace Quota set to -1, Space Quota set to -1 
2023-06-22 13:18:41,304 [IPC Server handler 7 on default port 15057] INFO  bucket.OMBucketCreateRequest (OMBucketCreateRequest.java:validateAndUpdateCache(270)) - created bucket: bucket73834 of layout FILE_SYSTEM_OPTIMIZED in volume: volume68546
]]></system-out>
  </testcase>
  <testcase name="testGetFileStatusRoot" classname="TestRootedOzoneFileSystemWithFSO" time="0.049">
    <system-out><![CDATA[2023-06-22 13:17:27,871 [Time-limited test] INFO  rpc.RpcClient (RpcClient.java:createVolume(459)) - Creating Volume: volume19812, with user05167 as owner and space quota set to -1 bytes, counts quota set to -1
2023-06-22 13:17:27,873 [OM StateMachine ApplyTransaction Thread - 0] INFO  volume.OMVolumeCreateRequest (OMVolumeCreateRequest.java:validateAndUpdateCache(196)) - created volume:volume19812 for user:user05167
2023-06-22 13:17:27,874 [Time-limited test] INFO  rpc.RpcClient (RpcClient.java:createBucket(686)) - Creating Bucket: volume19812/bucket86388, with bucket layout FILE_SYSTEM_OPTIMIZED, runner as owner, Versioning false, Storage Type set to DISK and Encryption set to false, Replication Type set to server-side default replication type, Namespace Quota set to -1, Space Quota set to -1 
2023-06-22 13:17:27,876 [OM StateMachine ApplyTransaction Thread - 0] INFO  bucket.OMBucketCreateRequest (OMBucketCreateRequest.java:validateAndUpdateCache(270)) - created bucket: bucket86388 of layout FILE_SYSTEM_OPTIMIZED in volume: volume19812
]]></system-out>
  </testcase>
  <testcase name="testGetFileStatusRoot" classname="TestRootedOzoneFileSystemWithFSO" time="0.026">
    <system-out><![CDATA[2023-06-22 13:18:41,380 [Time-limited test] INFO  rpc.RpcClient (RpcClient.java:createVolume(459)) - Creating Volume: volume68834, with user17318 as owner and space quota set to -1 bytes, counts quota set to -1
2023-06-22 13:18:41,380 [IPC Server handler 17 on default port 15057] INFO  volume.OMVolumeCreateRequest (OMVolumeCreateRequest.java:validateAndUpdateCache(196)) - created volume:volume68834 for user:user17318
2023-06-22 13:18:41,381 [Time-limited test] INFO  rpc.RpcClient (RpcClient.java:createBucket(686)) - Creating Bucket: volume68834/bucket93707, with bucket layout FILE_SYSTEM_OPTIMIZED, runner as owner, Versioning false, Storage Type set to DISK and Encryption set to false, Replication Type set to server-side default replication type, Namespace Quota set to -1, Space Quota set to -1 
2023-06-22 13:18:41,382 [IPC Server handler 4 on default port 15057] INFO  bucket.OMBucketCreateRequest (OMBucketCreateRequest.java:validateAndUpdateCache(270)) - created bucket: bucket93707 of layout FILE_SYSTEM_OPTIMIZED in volume: volume68834
]]></system-out>
  </testcase>
  <testcase name="testGetFileStatus" classname="TestRootedOzoneFileSystemWithFSO" time="0.055">
    <system-out><![CDATA[2023-06-22 13:17:27,920 [Time-limited test] INFO  rpc.RpcClient (RpcClient.java:createVolume(459)) - Creating Volume: volume99838, with user62562 as owner and space quota set to -1 bytes, counts quota set to -1
2023-06-22 13:17:27,922 [OM StateMachine ApplyTransaction Thread - 0] INFO  volume.OMVolumeCreateRequest (OMVolumeCreateRequest.java:validateAndUpdateCache(196)) - created volume:volume99838 for user:user62562
2023-06-22 13:17:27,923 [Time-limited test] INFO  rpc.RpcClient (RpcClient.java:createBucket(686)) - Creating Bucket: volume99838/bucket23941, with bucket layout FILE_SYSTEM_OPTIMIZED, runner as owner, Versioning false, Storage Type set to DISK and Encryption set to false, Replication Type set to server-side default replication type, Namespace Quota set to -1, Space Quota set to -1 
2023-06-22 13:17:27,924 [OM StateMachine ApplyTransaction Thread - 0] INFO  bucket.OMBucketCreateRequest (OMBucketCreateRequest.java:validateAndUpdateCache(270)) - created bucket: bucket23941 of layout FILE_SYSTEM_OPTIMIZED in volume: volume99838
2023-06-22 13:17:27,927 [Time-limited test] INFO  rpc.RpcClient (RpcClient.java:createVolume(459)) - Creating Volume: volume-30156, with runner as owner and space quota set to -1 bytes, counts quota set to -1
2023-06-22 13:17:27,928 [OM StateMachine ApplyTransaction Thread - 0] INFO  volume.OMVolumeCreateRequest (OMVolumeCreateRequest.java:validateAndUpdateCache(196)) - created volume:volume-30156 for user:runner
]]></system-out>
  </testcase>
  <testcase name="testGetFileStatus" classname="TestRootedOzoneFileSystemWithFSO" time="0.023">
    <system-out><![CDATA[2023-06-22 13:18:41,404 [Time-limited test] INFO  rpc.RpcClient (RpcClient.java:createVolume(459)) - Creating Volume: volume20904, with user35227 as owner and space quota set to -1 bytes, counts quota set to -1
2023-06-22 13:18:41,404 [IPC Server handler 13 on default port 15057] INFO  volume.OMVolumeCreateRequest (OMVolumeCreateRequest.java:validateAndUpdateCache(196)) - created volume:volume20904 for user:user35227
2023-06-22 13:18:41,405 [Time-limited test] INFO  rpc.RpcClient (RpcClient.java:createBucket(686)) - Creating Bucket: volume20904/bucket63188, with bucket layout FILE_SYSTEM_OPTIMIZED, runner as owner, Versioning false, Storage Type set to DISK and Encryption set to false, Replication Type set to server-side default replication type, Namespace Quota set to -1, Space Quota set to -1 
2023-06-22 13:18:41,405 [IPC Server handler 1 on default port 15057] INFO  bucket.OMBucketCreateRequest (OMBucketCreateRequest.java:validateAndUpdateCache(270)) - created bucket: bucket63188 of layout FILE_SYSTEM_OPTIMIZED in volume: volume20904
2023-06-22 13:18:41,406 [Time-limited test] INFO  rpc.RpcClient (RpcClient.java:createVolume(459)) - Creating Volume: volume-35853, with runner as owner and space quota set to -1 bytes, counts quota set to -1
2023-06-22 13:18:41,407 [IPC Server handler 2 on default port 15057] INFO  volume.OMVolumeCreateRequest (OMVolumeCreateRequest.java:validateAndUpdateCache(196)) - created volume:volume-35853 for user:runner
]]></system-out>
  </testcase>
  <testcase name="testListStatusRootAndVolumeContinuation" classname="TestRootedOzoneFileSystemWithFSO" time="0">
    <skipped type="org.junit.AssumptionViolatedException"><![CDATA[org.junit.AssumptionViolatedException: FS Path is enabled. Skipping this test as it is not tuned for FS Path yet
	at org.junit.Assume.assumeTrue(Assume.java:68)
	at org.apache.hadoop.fs.ozone.TestRootedOzoneFileSystem.testListStatusRootAndVolumeContinuation(TestRootedOzoneFileSystem.java:1195)
	at sun.reflect.NativeMethodAccessorImpl.invoke0(Native Method)
	at sun.reflect.NativeMethodAccessorImpl.invoke(NativeMethodAccessorImpl.java:62)
	at sun.reflect.DelegatingMethodAccessorImpl.invoke(DelegatingMethodAccessorImpl.java:43)
	at java.lang.reflect.Method.invoke(Method.java:498)
	at org.junit.runners.model.FrameworkMethod$1.runReflectiveCall(FrameworkMethod.java:59)
	at org.junit.internal.runners.model.ReflectiveCallable.run(ReflectiveCallable.java:12)
	at org.junit.runners.model.FrameworkMethod.invokeExplosively(FrameworkMethod.java:56)
	at org.junit.internal.runners.statements.InvokeMethod.evaluate(InvokeMethod.java:17)
	at org.junit.internal.runners.statements.RunBefores.evaluate(RunBefores.java:26)
	at org.junit.internal.runners.statements.RunAfters.evaluate(RunAfters.java:27)
	at org.junit.internal.runners.statements.FailOnTimeout$CallableStatement.call(FailOnTimeout.java:288)
	at org.junit.internal.runners.statements.FailOnTimeout$CallableStatement.call(FailOnTimeout.java:282)
	at java.util.concurrent.FutureTask.run(FutureTask.java:266)
	at java.lang.Thread.run(Thread.java:750)
]]></skipped>
    <system-out><![CDATA[2023-06-22 13:17:27,958 [Time-limited test] INFO  rpc.RpcClient (RpcClient.java:createVolume(459)) - Creating Volume: volume01319, with user01433 as owner and space quota set to -1 bytes, counts quota set to -1
2023-06-22 13:17:27,960 [OM StateMachine ApplyTransaction Thread - 0] INFO  volume.OMVolumeCreateRequest (OMVolumeCreateRequest.java:validateAndUpdateCache(196)) - created volume:volume01319 for user:user01433
2023-06-22 13:17:27,961 [Time-limited test] INFO  rpc.RpcClient (RpcClient.java:createBucket(686)) - Creating Bucket: volume01319/bucket35376, with bucket layout FILE_SYSTEM_OPTIMIZED, runner as owner, Versioning false, Storage Type set to DISK and Encryption set to false, Replication Type set to server-side default replication type, Namespace Quota set to -1, Space Quota set to -1 
2023-06-22 13:17:27,962 [OM StateMachine ApplyTransaction Thread - 0] INFO  bucket.OMBucketCreateRequest (OMBucketCreateRequest.java:validateAndUpdateCache(270)) - created bucket: bucket35376 of layout FILE_SYSTEM_OPTIMIZED in volume: volume01319
]]></system-out>
  </testcase>
  <testcase name="testListStatusRootAndVolumeContinuation" classname="TestRootedOzoneFileSystemWithFSO" time="0">
    <skipped type="org.junit.AssumptionViolatedException"><![CDATA[org.junit.AssumptionViolatedException: FS Path is enabled. Skipping this test as it is not tuned for FS Path yet
	at org.junit.Assume.assumeTrue(Assume.java:68)
	at org.apache.hadoop.fs.ozone.TestRootedOzoneFileSystem.testListStatusRootAndVolumeContinuation(TestRootedOzoneFileSystem.java:1195)
	at sun.reflect.NativeMethodAccessorImpl.invoke0(Native Method)
	at sun.reflect.NativeMethodAccessorImpl.invoke(NativeMethodAccessorImpl.java:62)
	at sun.reflect.DelegatingMethodAccessorImpl.invoke(DelegatingMethodAccessorImpl.java:43)
	at java.lang.reflect.Method.invoke(Method.java:498)
	at org.junit.runners.model.FrameworkMethod$1.runReflectiveCall(FrameworkMethod.java:59)
	at org.junit.internal.runners.model.ReflectiveCallable.run(ReflectiveCallable.java:12)
	at org.junit.runners.model.FrameworkMethod.invokeExplosively(FrameworkMethod.java:56)
	at org.junit.internal.runners.statements.InvokeMethod.evaluate(InvokeMethod.java:17)
	at org.junit.internal.runners.statements.RunBefores.evaluate(RunBefores.java:26)
	at org.junit.internal.runners.statements.RunAfters.evaluate(RunAfters.java:27)
	at org.junit.internal.runners.statements.FailOnTimeout$CallableStatement.call(FailOnTimeout.java:288)
	at org.junit.internal.runners.statements.FailOnTimeout$CallableStatement.call(FailOnTimeout.java:282)
	at java.util.concurrent.FutureTask.run(FutureTask.java:266)
	at java.lang.Thread.run(Thread.java:750)
]]></skipped>
    <system-out><![CDATA[2023-06-22 13:18:41,429 [Time-limited test] INFO  rpc.RpcClient (RpcClient.java:createVolume(459)) - Creating Volume: volume43148, with user33654 as owner and space quota set to -1 bytes, counts quota set to -1
2023-06-22 13:18:41,429 [IPC Server handler 3 on default port 15057] INFO  volume.OMVolumeCreateRequest (OMVolumeCreateRequest.java:validateAndUpdateCache(196)) - created volume:volume43148 for user:user33654
2023-06-22 13:18:41,430 [Time-limited test] INFO  rpc.RpcClient (RpcClient.java:createBucket(686)) - Creating Bucket: volume43148/bucket09627, with bucket layout FILE_SYSTEM_OPTIMIZED, runner as owner, Versioning false, Storage Type set to DISK and Encryption set to false, Replication Type set to server-side default replication type, Namespace Quota set to -1, Space Quota set to -1 
2023-06-22 13:18:41,430 [IPC Server handler 8 on default port 15057] INFO  bucket.OMBucketCreateRequest (OMBucketCreateRequest.java:validateAndUpdateCache(270)) - created bucket: bucket09627 of layout FILE_SYSTEM_OPTIMIZED in volume: volume43148
]]></system-out>
  </testcase>
  <testcase name="testDeleteVolumeBucketAndKey" classname="TestRootedOzoneFileSystemWithFSO" time="0.082">
    <system-out><![CDATA[2023-06-22 13:17:27,996 [Time-limited test] INFO  rpc.RpcClient (RpcClient.java:createVolume(459)) - Creating Volume: volume15880, with user38235 as owner and space quota set to -1 bytes, counts quota set to -1
2023-06-22 13:17:27,998 [OM StateMachine ApplyTransaction Thread - 0] INFO  volume.OMVolumeCreateRequest (OMVolumeCreateRequest.java:validateAndUpdateCache(196)) - created volume:volume15880 for user:user38235
2023-06-22 13:17:27,999 [Time-limited test] INFO  rpc.RpcClient (RpcClient.java:createBucket(686)) - Creating Bucket: volume15880/bucket64949, with bucket layout FILE_SYSTEM_OPTIMIZED, runner as owner, Versioning false, Storage Type set to DISK and Encryption set to false, Replication Type set to server-side default replication type, Namespace Quota set to -1, Space Quota set to -1 
2023-06-22 13:17:28,001 [OM StateMachine ApplyTransaction Thread - 0] INFO  bucket.OMBucketCreateRequest (OMBucketCreateRequest.java:validateAndUpdateCache(270)) - created bucket: bucket64949 of layout FILE_SYSTEM_OPTIMIZED in volume: volume15880
13:17:28.002 [IPC Server handler 11 on default port 15004] ERROR OMAudit - user=runner | ip=127.0.0.1 | op=READ_BUCKET {volume=volume-83941, bucket=bucket3} | ret=FAILURE
org.apache.hadoop.ozone.om.exceptions.OMException: Volume not found when getting bucket info
	at org.apache.hadoop.ozone.om.BucketManagerImpl.getBucketInfo(BucketManagerImpl.java:81) ~[ozone-manager-1.4.0-SNAPSHOT.jar:?]
	at org.apache.hadoop.ozone.om.OzoneManager.getBucketInfo(OzoneManager.java:2777) ~[ozone-manager-1.4.0-SNAPSHOT.jar:?]
	at org.apache.hadoop.ozone.protocolPB.OzoneManagerRequestHandler.infoBucket(OzoneManagerRequestHandler.java:524) ~[ozone-manager-1.4.0-SNAPSHOT.jar:?]
	at org.apache.hadoop.ozone.protocolPB.OzoneManagerRequestHandler.handleReadRequest(OzoneManagerRequestHandler.java:195) ~[ozone-manager-1.4.0-SNAPSHOT.jar:?]
	at org.apache.hadoop.ozone.protocolPB.OzoneManagerProtocolServerSideTranslatorPB.submitReadRequestToOM(OzoneManagerProtocolServerSideTranslatorPB.java:223) ~[ozone-manager-1.4.0-SNAPSHOT.jar:?]
	at org.apache.hadoop.ozone.protocolPB.OzoneManagerProtocolServerSideTranslatorPB.processRequest(OzoneManagerProtocolServerSideTranslatorPB.java:177) ~[ozone-manager-1.4.0-SNAPSHOT.jar:?]
	at org.apache.hadoop.hdds.server.OzoneProtocolMessageDispatcher.processRequest(OzoneProtocolMessageDispatcher.java:87) [hdds-server-framework-1.4.0-SNAPSHOT.jar:?]
	at org.apache.hadoop.ozone.protocolPB.OzoneManagerProtocolServerSideTranslatorPB.submitRequest(OzoneManagerProtocolServerSideTranslatorPB.java:147) [ozone-manager-1.4.0-SNAPSHOT.jar:?]
	at org.apache.hadoop.ozone.protocol.proto.OzoneManagerProtocolProtos$OzoneManagerService$2.callBlockingMethod(OzoneManagerProtocolProtos.java) [ozone-interface-client-1.4.0-SNAPSHOT.jar:?]
	at org.apache.hadoop.ipc.ProtobufRpcEngine$Server.processCall(ProtobufRpcEngine.java:484) [hadoop-common-3.3.5.jar:?]
	at org.apache.hadoop.ipc.ProtobufRpcEngine2$Server$ProtoBufRpcInvoker.call(ProtobufRpcEngine2.java:595) [hadoop-common-3.3.5.jar:?]
	at org.apache.hadoop.ipc.ProtobufRpcEngine2$Server$ProtoBufRpcInvoker.call(ProtobufRpcEngine2.java:573) [hadoop-common-3.3.5.jar:?]
	at org.apache.hadoop.ipc.RPC$Server.call(RPC.java:1213) [hadoop-common-3.3.5.jar:?]
	at org.apache.hadoop.ipc.Server$RpcCall.run(Server.java:1089) [hadoop-common-3.3.5.jar:?]
	at org.apache.hadoop.ipc.Server$RpcCall.run(Server.java:1012) [hadoop-common-3.3.5.jar:?]
	at java.security.AccessController.doPrivileged(Native Method) ~[?:1.8.0_372]
	at javax.security.auth.Subject.doAs(Subject.java:422) [?:1.8.0_372]
	at org.apache.hadoop.security.UserGroupInformation.doAs(UserGroupInformation.java:1899) [hadoop-common-3.3.5.jar:?]
	at org.apache.hadoop.ipc.Server$Handler.run(Server.java:3026) [hadoop-common-3.3.5.jar:?]
2023-06-22 13:17:28,003 [Time-limited test] INFO  rpc.RpcClient (RpcClient.java:createVolume(459)) - Creating Volume: volume-83941, with runner as owner and space quota set to -1 bytes, counts quota set to -1
2023-06-22 13:17:28,005 [OM StateMachine ApplyTransaction Thread - 0] INFO  volume.OMVolumeCreateRequest (OMVolumeCreateRequest.java:validateAndUpdateCache(196)) - created volume:volume-83941 for user:runner
2023-06-22 13:17:28,006 [Time-limited test] INFO  rpc.RpcClient (RpcClient.java:createBucket(686)) - Creating Bucket: volume-83941/bucket3, with bucket layout FILE_SYSTEM_OPTIMIZED, runner as owner, Versioning false, Storage Type set to DISK and Encryption set to false, Replication Type set to server-side default replication type, Namespace Quota set to -1, Space Quota set to -1 
2023-06-22 13:17:28,007 [OM StateMachine ApplyTransaction Thread - 0] INFO  bucket.OMBucketCreateRequest (OMBucketCreateRequest.java:validateAndUpdateCache(270)) - created bucket: bucket3 of layout FILE_SYSTEM_OPTIMIZED in volume: volume-83941
13:17:28.011 [OM StateMachine ApplyTransaction Thread - 0] ERROR OMAudit - user=runner | ip=127.0.0.1 | op=DELETE_VOLUME {volume=volume-83941} | ret=FAILURE
org.apache.hadoop.ozone.om.exceptions.OMException: null
	at org.apache.hadoop.ozone.om.request.volume.OMVolumeDeleteRequest.validateAndUpdateCache(OMVolumeDeleteRequest.java:121) ~[ozone-manager-1.4.0-SNAPSHOT.jar:?]
	at org.apache.hadoop.ozone.protocolPB.OzoneManagerRequestHandler.handleWriteRequest(OzoneManagerRequestHandler.java:352) ~[ozone-manager-1.4.0-SNAPSHOT.jar:?]
	at org.apache.hadoop.ozone.om.ratis.OzoneManagerStateMachine.runCommand(OzoneManagerStateMachine.java:567) ~[ozone-manager-1.4.0-SNAPSHOT.jar:?]
	at org.apache.hadoop.ozone.om.ratis.OzoneManagerStateMachine.lambda$1(OzoneManagerStateMachine.java:358) ~[ozone-manager-1.4.0-SNAPSHOT.jar:?]
	at java.util.concurrent.CompletableFuture$AsyncSupply.run(CompletableFuture.java:1604) [?:1.8.0_372]
	at java.util.concurrent.ThreadPoolExecutor.runWorker(ThreadPoolExecutor.java:1149) [?:1.8.0_372]
	at java.util.concurrent.ThreadPoolExecutor$Worker.run(ThreadPoolExecutor.java:624) [?:1.8.0_372]
	at java.lang.Thread.run(Thread.java:750) [?:1.8.0_372]
2023-06-22 13:17:28,012 [OM StateMachine ApplyTransaction Thread - 0] ERROR volume.OMVolumeDeleteRequest (OMVolumeDeleteRequest.java:validateAndUpdateCache(168)) - Volume deletion failed for user:runner volume:volume-83941
VOLUME_NOT_EMPTY org.apache.hadoop.ozone.om.exceptions.OMException
	at org.apache.hadoop.ozone.om.request.volume.OMVolumeDeleteRequest.validateAndUpdateCache(OMVolumeDeleteRequest.java:121)
	at org.apache.hadoop.ozone.protocolPB.OzoneManagerRequestHandler.handleWriteRequest(OzoneManagerRequestHandler.java:352)
	at org.apache.hadoop.ozone.om.ratis.OzoneManagerStateMachine.runCommand(OzoneManagerStateMachine.java:567)
	at org.apache.hadoop.ozone.om.ratis.OzoneManagerStateMachine.lambda$1(OzoneManagerStateMachine.java:358)
	at java.util.concurrent.CompletableFuture$AsyncSupply.run(CompletableFuture.java:1604)
	at java.util.concurrent.ThreadPoolExecutor.runWorker(ThreadPoolExecutor.java:1149)
	at java.util.concurrent.ThreadPoolExecutor$Worker.run(ThreadPoolExecutor.java:624)
	at java.lang.Thread.run(Thread.java:750)
13:17:28.033 [IPC Server handler 5 on default port 15004] ERROR OMAudit - user=runner | ip=127.0.0.1 | op=READ_VOLUME {volume=volume-83941} | ret=FAILURE
org.apache.hadoop.ozone.om.exceptions.OMException: Volume volume-83941 is not found
	at org.apache.hadoop.ozone.om.VolumeManagerImpl.getVolumeInfo(VolumeManagerImpl.java:61) ~[ozone-manager-1.4.0-SNAPSHOT.jar:?]
	at org.apache.hadoop.ozone.om.OzoneManager.getVolumeInfo(OzoneManager.java:2592) ~[ozone-manager-1.4.0-SNAPSHOT.jar:?]
	at org.apache.hadoop.ozone.protocolPB.OzoneManagerRequestHandler.infoVolume(OzoneManagerRequestHandler.java:450) ~[ozone-manager-1.4.0-SNAPSHOT.jar:?]
	at org.apache.hadoop.ozone.protocolPB.OzoneManagerRequestHandler.handleReadRequest(OzoneManagerRequestHandler.java:185) ~[ozone-manager-1.4.0-SNAPSHOT.jar:?]
	at org.apache.hadoop.ozone.protocolPB.OzoneManagerProtocolServerSideTranslatorPB.submitReadRequestToOM(OzoneManagerProtocolServerSideTranslatorPB.java:223) ~[ozone-manager-1.4.0-SNAPSHOT.jar:?]
	at org.apache.hadoop.ozone.protocolPB.OzoneManagerProtocolServerSideTranslatorPB.processRequest(OzoneManagerProtocolServerSideTranslatorPB.java:177) ~[ozone-manager-1.4.0-SNAPSHOT.jar:?]
	at org.apache.hadoop.hdds.server.OzoneProtocolMessageDispatcher.processRequest(OzoneProtocolMessageDispatcher.java:87) [hdds-server-framework-1.4.0-SNAPSHOT.jar:?]
	at org.apache.hadoop.ozone.protocolPB.OzoneManagerProtocolServerSideTranslatorPB.submitRequest(OzoneManagerProtocolServerSideTranslatorPB.java:147) [ozone-manager-1.4.0-SNAPSHOT.jar:?]
	at org.apache.hadoop.ozone.protocol.proto.OzoneManagerProtocolProtos$OzoneManagerService$2.callBlockingMethod(OzoneManagerProtocolProtos.java) [ozone-interface-client-1.4.0-SNAPSHOT.jar:?]
	at org.apache.hadoop.ipc.ProtobufRpcEngine$Server.processCall(ProtobufRpcEngine.java:484) [hadoop-common-3.3.5.jar:?]
	at org.apache.hadoop.ipc.ProtobufRpcEngine2$Server$ProtoBufRpcInvoker.call(ProtobufRpcEngine2.java:595) [hadoop-common-3.3.5.jar:?]
	at org.apache.hadoop.ipc.ProtobufRpcEngine2$Server$ProtoBufRpcInvoker.call(ProtobufRpcEngine2.java:573) [hadoop-common-3.3.5.jar:?]
	at org.apache.hadoop.ipc.RPC$Server.call(RPC.java:1213) [hadoop-common-3.3.5.jar:?]
	at org.apache.hadoop.ipc.Server$RpcCall.run(Server.java:1089) [hadoop-common-3.3.5.jar:?]
	at org.apache.hadoop.ipc.Server$RpcCall.run(Server.java:1012) [hadoop-common-3.3.5.jar:?]
	at java.security.AccessController.doPrivileged(Native Method) ~[?:1.8.0_372]
	at javax.security.auth.Subject.doAs(Subject.java:422) [?:1.8.0_372]
	at org.apache.hadoop.security.UserGroupInformation.doAs(UserGroupInformation.java:1899) [hadoop-common-3.3.5.jar:?]
	at org.apache.hadoop.ipc.Server$Handler.run(Server.java:3026) [hadoop-common-3.3.5.jar:?]
13:17:28.034 [IPC Server handler 4 on default port 15004] ERROR OMAudit - user=runner | ip=127.0.0.1 | op=READ_BUCKET {volume=volume-83941, bucket=bucket3} | ret=FAILURE
org.apache.hadoop.ozone.om.exceptions.OMException: Volume not found when getting bucket info
	at org.apache.hadoop.ozone.om.BucketManagerImpl.getBucketInfo(BucketManagerImpl.java:81) ~[ozone-manager-1.4.0-SNAPSHOT.jar:?]
	at org.apache.hadoop.ozone.om.OzoneManager.getBucketInfo(OzoneManager.java:2777) ~[ozone-manager-1.4.0-SNAPSHOT.jar:?]
	at org.apache.hadoop.ozone.protocolPB.OzoneManagerRequestHandler.infoBucket(OzoneManagerRequestHandler.java:524) ~[ozone-manager-1.4.0-SNAPSHOT.jar:?]
	at org.apache.hadoop.ozone.protocolPB.OzoneManagerRequestHandler.handleReadRequest(OzoneManagerRequestHandler.java:195) ~[ozone-manager-1.4.0-SNAPSHOT.jar:?]
	at org.apache.hadoop.ozone.protocolPB.OzoneManagerProtocolServerSideTranslatorPB.submitReadRequestToOM(OzoneManagerProtocolServerSideTranslatorPB.java:223) ~[ozone-manager-1.4.0-SNAPSHOT.jar:?]
	at org.apache.hadoop.ozone.protocolPB.OzoneManagerProtocolServerSideTranslatorPB.processRequest(OzoneManagerProtocolServerSideTranslatorPB.java:177) ~[ozone-manager-1.4.0-SNAPSHOT.jar:?]
	at org.apache.hadoop.hdds.server.OzoneProtocolMessageDispatcher.processRequest(OzoneProtocolMessageDispatcher.java:87) [hdds-server-framework-1.4.0-SNAPSHOT.jar:?]
	at org.apache.hadoop.ozone.protocolPB.OzoneManagerProtocolServerSideTranslatorPB.submitRequest(OzoneManagerProtocolServerSideTranslatorPB.java:147) [ozone-manager-1.4.0-SNAPSHOT.jar:?]
	at org.apache.hadoop.ozone.protocol.proto.OzoneManagerProtocolProtos$OzoneManagerService$2.callBlockingMethod(OzoneManagerProtocolProtos.java) [ozone-interface-client-1.4.0-SNAPSHOT.jar:?]
	at org.apache.hadoop.ipc.ProtobufRpcEngine$Server.processCall(ProtobufRpcEngine.java:484) [hadoop-common-3.3.5.jar:?]
	at org.apache.hadoop.ipc.ProtobufRpcEngine2$Server$ProtoBufRpcInvoker.call(ProtobufRpcEngine2.java:595) [hadoop-common-3.3.5.jar:?]
	at org.apache.hadoop.ipc.ProtobufRpcEngine2$Server$ProtoBufRpcInvoker.call(ProtobufRpcEngine2.java:573) [hadoop-common-3.3.5.jar:?]
	at org.apache.hadoop.ipc.RPC$Server.call(RPC.java:1213) [hadoop-common-3.3.5.jar:?]
	at org.apache.hadoop.ipc.Server$RpcCall.run(Server.java:1089) [hadoop-common-3.3.5.jar:?]
	at org.apache.hadoop.ipc.Server$RpcCall.run(Server.java:1012) [hadoop-common-3.3.5.jar:?]
	at java.security.AccessController.doPrivileged(Native Method) ~[?:1.8.0_372]
	at javax.security.auth.Subject.doAs(Subject.java:422) [?:1.8.0_372]
	at org.apache.hadoop.security.UserGroupInformation.doAs(UserGroupInformation.java:1899) [hadoop-common-3.3.5.jar:?]
	at org.apache.hadoop.ipc.Server$Handler.run(Server.java:3026) [hadoop-common-3.3.5.jar:?]
2023-06-22 13:17:28,034 [Time-limited test] INFO  rpc.RpcClient (RpcClient.java:createVolume(459)) - Creating Volume: volume-83941, with runner as owner and space quota set to -1 bytes, counts quota set to -1
2023-06-22 13:17:28,035 [OM StateMachine ApplyTransaction Thread - 0] INFO  volume.OMVolumeCreateRequest (OMVolumeCreateRequest.java:validateAndUpdateCache(196)) - created volume:volume-83941 for user:runner
2023-06-22 13:17:28,036 [Time-limited test] INFO  rpc.RpcClient (RpcClient.java:createBucket(686)) - Creating Bucket: volume-83941/bucket3, with bucket layout FILE_SYSTEM_OPTIMIZED, runner as owner, Versioning false, Storage Type set to DISK and Encryption set to false, Replication Type set to server-side default replication type, Namespace Quota set to -1, Space Quota set to -1 
2023-06-22 13:17:28,037 [OM StateMachine ApplyTransaction Thread - 0] INFO  bucket.OMBucketCreateRequest (OMBucketCreateRequest.java:validateAndUpdateCache(270)) - created bucket: bucket3 of layout FILE_SYSTEM_OPTIMIZED in volume: volume-83941
13:17:28.052 [IPC Server handler 3 on default port 15004] ERROR OMAudit - user=runner | ip=127.0.0.1 | op=READ_VOLUME {volume=volume-83941} | ret=FAILURE
org.apache.hadoop.ozone.om.exceptions.OMException: Volume volume-83941 is not found
	at org.apache.hadoop.ozone.om.VolumeManagerImpl.getVolumeInfo(VolumeManagerImpl.java:61) ~[ozone-manager-1.4.0-SNAPSHOT.jar:?]
	at org.apache.hadoop.ozone.om.OzoneManager.getVolumeInfo(OzoneManager.java:2592) ~[ozone-manager-1.4.0-SNAPSHOT.jar:?]
	at org.apache.hadoop.ozone.protocolPB.OzoneManagerRequestHandler.infoVolume(OzoneManagerRequestHandler.java:450) ~[ozone-manager-1.4.0-SNAPSHOT.jar:?]
	at org.apache.hadoop.ozone.protocolPB.OzoneManagerRequestHandler.handleReadRequest(OzoneManagerRequestHandler.java:185) ~[ozone-manager-1.4.0-SNAPSHOT.jar:?]
	at org.apache.hadoop.ozone.protocolPB.OzoneManagerProtocolServerSideTranslatorPB.submitReadRequestToOM(OzoneManagerProtocolServerSideTranslatorPB.java:223) ~[ozone-manager-1.4.0-SNAPSHOT.jar:?]
	at org.apache.hadoop.ozone.protocolPB.OzoneManagerProtocolServerSideTranslatorPB.processRequest(OzoneManagerProtocolServerSideTranslatorPB.java:177) ~[ozone-manager-1.4.0-SNAPSHOT.jar:?]
	at org.apache.hadoop.hdds.server.OzoneProtocolMessageDispatcher.processRequest(OzoneProtocolMessageDispatcher.java:87) [hdds-server-framework-1.4.0-SNAPSHOT.jar:?]
	at org.apache.hadoop.ozone.protocolPB.OzoneManagerProtocolServerSideTranslatorPB.submitRequest(OzoneManagerProtocolServerSideTranslatorPB.java:147) [ozone-manager-1.4.0-SNAPSHOT.jar:?]
	at org.apache.hadoop.ozone.protocol.proto.OzoneManagerProtocolProtos$OzoneManagerService$2.callBlockingMethod(OzoneManagerProtocolProtos.java) [ozone-interface-client-1.4.0-SNAPSHOT.jar:?]
	at org.apache.hadoop.ipc.ProtobufRpcEngine$Server.processCall(ProtobufRpcEngine.java:484) [hadoop-common-3.3.5.jar:?]
	at org.apache.hadoop.ipc.ProtobufRpcEngine2$Server$ProtoBufRpcInvoker.call(ProtobufRpcEngine2.java:595) [hadoop-common-3.3.5.jar:?]
	at org.apache.hadoop.ipc.ProtobufRpcEngine2$Server$ProtoBufRpcInvoker.call(ProtobufRpcEngine2.java:573) [hadoop-common-3.3.5.jar:?]
	at org.apache.hadoop.ipc.RPC$Server.call(RPC.java:1213) [hadoop-common-3.3.5.jar:?]
	at org.apache.hadoop.ipc.Server$RpcCall.run(Server.java:1089) [hadoop-common-3.3.5.jar:?]
	at org.apache.hadoop.ipc.Server$RpcCall.run(Server.java:1012) [hadoop-common-3.3.5.jar:?]
	at java.security.AccessController.doPrivileged(Native Method) ~[?:1.8.0_372]
	at javax.security.auth.Subject.doAs(Subject.java:422) [?:1.8.0_372]
	at org.apache.hadoop.security.UserGroupInformation.doAs(UserGroupInformation.java:1899) [hadoop-common-3.3.5.jar:?]
	at org.apache.hadoop.ipc.Server$Handler.run(Server.java:3026) [hadoop-common-3.3.5.jar:?]
]]></system-out>
  </testcase>
  <testcase name="testDeleteVolumeBucketAndKey" classname="TestRootedOzoneFileSystemWithFSO" time="0.053">
    <system-out><![CDATA[2023-06-22 13:18:41,454 [Time-limited test] INFO  rpc.RpcClient (RpcClient.java:createVolume(459)) - Creating Volume: volume25219, with user82425 as owner and space quota set to -1 bytes, counts quota set to -1
2023-06-22 13:18:41,454 [IPC Server handler 7 on default port 15057] INFO  volume.OMVolumeCreateRequest (OMVolumeCreateRequest.java:validateAndUpdateCache(196)) - created volume:volume25219 for user:user82425
2023-06-22 13:18:41,455 [Time-limited test] INFO  rpc.RpcClient (RpcClient.java:createBucket(686)) - Creating Bucket: volume25219/bucket48982, with bucket layout FILE_SYSTEM_OPTIMIZED, runner as owner, Versioning false, Storage Type set to DISK and Encryption set to false, Replication Type set to server-side default replication type, Namespace Quota set to -1, Space Quota set to -1 
2023-06-22 13:18:41,455 [IPC Server handler 9 on default port 15057] INFO  bucket.OMBucketCreateRequest (OMBucketCreateRequest.java:validateAndUpdateCache(270)) - created bucket: bucket48982 of layout FILE_SYSTEM_OPTIMIZED in volume: volume25219
13:18:41.456 [IPC Server handler 19 on default port 15057] ERROR OMAudit - user=runner | ip=127.0.0.1 | op=READ_BUCKET {volume=volume-37736, bucket=bucket3} | ret=FAILURE
org.apache.hadoop.ozone.om.exceptions.OMException: Volume not found when getting bucket info
	at org.apache.hadoop.ozone.om.BucketManagerImpl.getBucketInfo(BucketManagerImpl.java:81) ~[ozone-manager-1.4.0-SNAPSHOT.jar:?]
	at org.apache.hadoop.ozone.om.OzoneManager.getBucketInfo(OzoneManager.java:2777) ~[ozone-manager-1.4.0-SNAPSHOT.jar:?]
	at org.apache.hadoop.ozone.protocolPB.OzoneManagerRequestHandler.infoBucket(OzoneManagerRequestHandler.java:524) ~[ozone-manager-1.4.0-SNAPSHOT.jar:?]
	at org.apache.hadoop.ozone.protocolPB.OzoneManagerRequestHandler.handleReadRequest(OzoneManagerRequestHandler.java:195) ~[ozone-manager-1.4.0-SNAPSHOT.jar:?]
	at org.apache.hadoop.ozone.protocolPB.OzoneManagerProtocolServerSideTranslatorPB.submitRequestDirectlyToOM(OzoneManagerProtocolServerSideTranslatorPB.java:272) ~[ozone-manager-1.4.0-SNAPSHOT.jar:?]
	at org.apache.hadoop.ozone.protocolPB.OzoneManagerProtocolServerSideTranslatorPB.processRequest(OzoneManagerProtocolServerSideTranslatorPB.java:173) ~[ozone-manager-1.4.0-SNAPSHOT.jar:?]
	at org.apache.hadoop.hdds.server.OzoneProtocolMessageDispatcher.processRequest(OzoneProtocolMessageDispatcher.java:87) [hdds-server-framework-1.4.0-SNAPSHOT.jar:?]
	at org.apache.hadoop.ozone.protocolPB.OzoneManagerProtocolServerSideTranslatorPB.submitRequest(OzoneManagerProtocolServerSideTranslatorPB.java:147) [ozone-manager-1.4.0-SNAPSHOT.jar:?]
	at org.apache.hadoop.ozone.protocol.proto.OzoneManagerProtocolProtos$OzoneManagerService$2.callBlockingMethod(OzoneManagerProtocolProtos.java) [ozone-interface-client-1.4.0-SNAPSHOT.jar:?]
	at org.apache.hadoop.ipc.ProtobufRpcEngine$Server.processCall(ProtobufRpcEngine.java:484) [hadoop-common-3.3.5.jar:?]
	at org.apache.hadoop.ipc.ProtobufRpcEngine2$Server$ProtoBufRpcInvoker.call(ProtobufRpcEngine2.java:595) [hadoop-common-3.3.5.jar:?]
	at org.apache.hadoop.ipc.ProtobufRpcEngine2$Server$ProtoBufRpcInvoker.call(ProtobufRpcEngine2.java:573) [hadoop-common-3.3.5.jar:?]
	at org.apache.hadoop.ipc.RPC$Server.call(RPC.java:1213) [hadoop-common-3.3.5.jar:?]
	at org.apache.hadoop.ipc.Server$RpcCall.run(Server.java:1089) [hadoop-common-3.3.5.jar:?]
	at org.apache.hadoop.ipc.Server$RpcCall.run(Server.java:1012) [hadoop-common-3.3.5.jar:?]
	at java.security.AccessController.doPrivileged(Native Method) ~[?:1.8.0_372]
	at javax.security.auth.Subject.doAs(Subject.java:422) [?:1.8.0_372]
	at org.apache.hadoop.security.UserGroupInformation.doAs(UserGroupInformation.java:1899) [hadoop-common-3.3.5.jar:?]
	at org.apache.hadoop.ipc.Server$Handler.run(Server.java:3026) [hadoop-common-3.3.5.jar:?]
2023-06-22 13:18:41,457 [Time-limited test] INFO  rpc.RpcClient (RpcClient.java:createVolume(459)) - Creating Volume: volume-37736, with runner as owner and space quota set to -1 bytes, counts quota set to -1
2023-06-22 13:18:41,457 [IPC Server handler 15 on default port 15057] INFO  volume.OMVolumeCreateRequest (OMVolumeCreateRequest.java:validateAndUpdateCache(196)) - created volume:volume-37736 for user:runner
2023-06-22 13:18:41,458 [Time-limited test] INFO  rpc.RpcClient (RpcClient.java:createBucket(686)) - Creating Bucket: volume-37736/bucket3, with bucket layout FILE_SYSTEM_OPTIMIZED, runner as owner, Versioning false, Storage Type set to DISK and Encryption set to false, Replication Type set to server-side default replication type, Namespace Quota set to -1, Space Quota set to -1 
2023-06-22 13:18:41,458 [IPC Server handler 14 on default port 15057] INFO  bucket.OMBucketCreateRequest (OMBucketCreateRequest.java:validateAndUpdateCache(270)) - created bucket: bucket3 of layout FILE_SYSTEM_OPTIMIZED in volume: volume-37736
13:18:41.461 [IPC Server handler 13 on default port 15057] ERROR OMAudit - user=runner | ip=127.0.0.1 | op=DELETE_VOLUME {volume=volume-37736} | ret=FAILURE
org.apache.hadoop.ozone.om.exceptions.OMException: null
	at org.apache.hadoop.ozone.om.request.volume.OMVolumeDeleteRequest.validateAndUpdateCache(OMVolumeDeleteRequest.java:121) ~[ozone-manager-1.4.0-SNAPSHOT.jar:?]
	at org.apache.hadoop.ozone.protocolPB.OzoneManagerRequestHandler.handleWriteRequest(OzoneManagerRequestHandler.java:352) ~[ozone-manager-1.4.0-SNAPSHOT.jar:?]
	at org.apache.hadoop.ozone.protocolPB.OzoneManagerProtocolServerSideTranslatorPB.submitRequestDirectlyToOM(OzoneManagerProtocolServerSideTranslatorPB.java:278) ~[ozone-manager-1.4.0-SNAPSHOT.jar:?]
	at org.apache.hadoop.ozone.protocolPB.OzoneManagerProtocolServerSideTranslatorPB.processRequest(OzoneManagerProtocolServerSideTranslatorPB.java:173) ~[ozone-manager-1.4.0-SNAPSHOT.jar:?]
	at org.apache.hadoop.hdds.server.OzoneProtocolMessageDispatcher.processRequest(OzoneProtocolMessageDispatcher.java:87) [hdds-server-framework-1.4.0-SNAPSHOT.jar:?]
	at org.apache.hadoop.ozone.protocolPB.OzoneManagerProtocolServerSideTranslatorPB.submitRequest(OzoneManagerProtocolServerSideTranslatorPB.java:147) [ozone-manager-1.4.0-SNAPSHOT.jar:?]
	at org.apache.hadoop.ozone.protocol.proto.OzoneManagerProtocolProtos$OzoneManagerService$2.callBlockingMethod(OzoneManagerProtocolProtos.java) [ozone-interface-client-1.4.0-SNAPSHOT.jar:?]
	at org.apache.hadoop.ipc.ProtobufRpcEngine$Server.processCall(ProtobufRpcEngine.java:484) [hadoop-common-3.3.5.jar:?]
	at org.apache.hadoop.ipc.ProtobufRpcEngine2$Server$ProtoBufRpcInvoker.call(ProtobufRpcEngine2.java:595) [hadoop-common-3.3.5.jar:?]
	at org.apache.hadoop.ipc.ProtobufRpcEngine2$Server$ProtoBufRpcInvoker.call(ProtobufRpcEngine2.java:573) [hadoop-common-3.3.5.jar:?]
	at org.apache.hadoop.ipc.RPC$Server.call(RPC.java:1213) [hadoop-common-3.3.5.jar:?]
	at org.apache.hadoop.ipc.Server$RpcCall.run(Server.java:1089) [hadoop-common-3.3.5.jar:?]
	at org.apache.hadoop.ipc.Server$RpcCall.run(Server.java:1012) [hadoop-common-3.3.5.jar:?]
	at java.security.AccessController.doPrivileged(Native Method) ~[?:1.8.0_372]
	at javax.security.auth.Subject.doAs(Subject.java:422) [?:1.8.0_372]
	at org.apache.hadoop.security.UserGroupInformation.doAs(UserGroupInformation.java:1899) [hadoop-common-3.3.5.jar:?]
	at org.apache.hadoop.ipc.Server$Handler.run(Server.java:3026) [hadoop-common-3.3.5.jar:?]
2023-06-22 13:18:41,461 [IPC Server handler 13 on default port 15057] ERROR volume.OMVolumeDeleteRequest (OMVolumeDeleteRequest.java:validateAndUpdateCache(168)) - Volume deletion failed for user:runner volume:volume-37736
VOLUME_NOT_EMPTY org.apache.hadoop.ozone.om.exceptions.OMException
	at org.apache.hadoop.ozone.om.request.volume.OMVolumeDeleteRequest.validateAndUpdateCache(OMVolumeDeleteRequest.java:121)
	at org.apache.hadoop.ozone.protocolPB.OzoneManagerRequestHandler.handleWriteRequest(OzoneManagerRequestHandler.java:352)
	at org.apache.hadoop.ozone.protocolPB.OzoneManagerProtocolServerSideTranslatorPB.submitRequestDirectlyToOM(OzoneManagerProtocolServerSideTranslatorPB.java:278)
	at org.apache.hadoop.ozone.protocolPB.OzoneManagerProtocolServerSideTranslatorPB.processRequest(OzoneManagerProtocolServerSideTranslatorPB.java:173)
	at org.apache.hadoop.hdds.server.OzoneProtocolMessageDispatcher.processRequest(OzoneProtocolMessageDispatcher.java:87)
	at org.apache.hadoop.ozone.protocolPB.OzoneManagerProtocolServerSideTranslatorPB.submitRequest(OzoneManagerProtocolServerSideTranslatorPB.java:147)
	at org.apache.hadoop.ozone.protocol.proto.OzoneManagerProtocolProtos$OzoneManagerService$2.callBlockingMethod(OzoneManagerProtocolProtos.java)
	at org.apache.hadoop.ipc.ProtobufRpcEngine$Server.processCall(ProtobufRpcEngine.java:484)
	at org.apache.hadoop.ipc.ProtobufRpcEngine2$Server$ProtoBufRpcInvoker.call(ProtobufRpcEngine2.java:595)
	at org.apache.hadoop.ipc.ProtobufRpcEngine2$Server$ProtoBufRpcInvoker.call(ProtobufRpcEngine2.java:573)
	at org.apache.hadoop.ipc.RPC$Server.call(RPC.java:1213)
	at org.apache.hadoop.ipc.Server$RpcCall.run(Server.java:1089)
	at org.apache.hadoop.ipc.Server$RpcCall.run(Server.java:1012)
	at java.security.AccessController.doPrivileged(Native Method)
	at javax.security.auth.Subject.doAs(Subject.java:422)
	at org.apache.hadoop.security.UserGroupInformation.doAs(UserGroupInformation.java:1899)
	at org.apache.hadoop.ipc.Server$Handler.run(Server.java:3026)
13:18:41.474 [IPC Server handler 9 on default port 15057] ERROR OMAudit - user=runner | ip=127.0.0.1 | op=READ_VOLUME {volume=volume-37736} | ret=FAILURE
org.apache.hadoop.ozone.om.exceptions.OMException: Volume volume-37736 is not found
	at org.apache.hadoop.ozone.om.VolumeManagerImpl.getVolumeInfo(VolumeManagerImpl.java:61) ~[ozone-manager-1.4.0-SNAPSHOT.jar:?]
	at org.apache.hadoop.ozone.om.OzoneManager.getVolumeInfo(OzoneManager.java:2592) ~[ozone-manager-1.4.0-SNAPSHOT.jar:?]
	at org.apache.hadoop.ozone.protocolPB.OzoneManagerRequestHandler.infoVolume(OzoneManagerRequestHandler.java:450) ~[ozone-manager-1.4.0-SNAPSHOT.jar:?]
	at org.apache.hadoop.ozone.protocolPB.OzoneManagerRequestHandler.handleReadRequest(OzoneManagerRequestHandler.java:185) ~[ozone-manager-1.4.0-SNAPSHOT.jar:?]
	at org.apache.hadoop.ozone.protocolPB.OzoneManagerProtocolServerSideTranslatorPB.submitRequestDirectlyToOM(OzoneManagerProtocolServerSideTranslatorPB.java:272) ~[ozone-manager-1.4.0-SNAPSHOT.jar:?]
	at org.apache.hadoop.ozone.protocolPB.OzoneManagerProtocolServerSideTranslatorPB.processRequest(OzoneManagerProtocolServerSideTranslatorPB.java:173) ~[ozone-manager-1.4.0-SNAPSHOT.jar:?]
	at org.apache.hadoop.hdds.server.OzoneProtocolMessageDispatcher.processRequest(OzoneProtocolMessageDispatcher.java:87) [hdds-server-framework-1.4.0-SNAPSHOT.jar:?]
	at org.apache.hadoop.ozone.protocolPB.OzoneManagerProtocolServerSideTranslatorPB.submitRequest(OzoneManagerProtocolServerSideTranslatorPB.java:147) [ozone-manager-1.4.0-SNAPSHOT.jar:?]
	at org.apache.hadoop.ozone.protocol.proto.OzoneManagerProtocolProtos$OzoneManagerService$2.callBlockingMethod(OzoneManagerProtocolProtos.java) [ozone-interface-client-1.4.0-SNAPSHOT.jar:?]
	at org.apache.hadoop.ipc.ProtobufRpcEngine$Server.processCall(ProtobufRpcEngine.java:484) [hadoop-common-3.3.5.jar:?]
	at org.apache.hadoop.ipc.ProtobufRpcEngine2$Server$ProtoBufRpcInvoker.call(ProtobufRpcEngine2.java:595) [hadoop-common-3.3.5.jar:?]
	at org.apache.hadoop.ipc.ProtobufRpcEngine2$Server$ProtoBufRpcInvoker.call(ProtobufRpcEngine2.java:573) [hadoop-common-3.3.5.jar:?]
	at org.apache.hadoop.ipc.RPC$Server.call(RPC.java:1213) [hadoop-common-3.3.5.jar:?]
	at org.apache.hadoop.ipc.Server$RpcCall.run(Server.java:1089) [hadoop-common-3.3.5.jar:?]
	at org.apache.hadoop.ipc.Server$RpcCall.run(Server.java:1012) [hadoop-common-3.3.5.jar:?]
	at java.security.AccessController.doPrivileged(Native Method) ~[?:1.8.0_372]
	at javax.security.auth.Subject.doAs(Subject.java:422) [?:1.8.0_372]
	at org.apache.hadoop.security.UserGroupInformation.doAs(UserGroupInformation.java:1899) [hadoop-common-3.3.5.jar:?]
	at org.apache.hadoop.ipc.Server$Handler.run(Server.java:3026) [hadoop-common-3.3.5.jar:?]
13:18:41.475 [IPC Server handler 10 on default port 15057] ERROR OMAudit - user=runner | ip=127.0.0.1 | op=READ_BUCKET {volume=volume-37736, bucket=bucket3} | ret=FAILURE
org.apache.hadoop.ozone.om.exceptions.OMException: Volume not found when getting bucket info
	at org.apache.hadoop.ozone.om.BucketManagerImpl.getBucketInfo(BucketManagerImpl.java:81) ~[ozone-manager-1.4.0-SNAPSHOT.jar:?]
	at org.apache.hadoop.ozone.om.OzoneManager.getBucketInfo(OzoneManager.java:2777) ~[ozone-manager-1.4.0-SNAPSHOT.jar:?]
	at org.apache.hadoop.ozone.protocolPB.OzoneManagerRequestHandler.infoBucket(OzoneManagerRequestHandler.java:524) ~[ozone-manager-1.4.0-SNAPSHOT.jar:?]
	at org.apache.hadoop.ozone.protocolPB.OzoneManagerRequestHandler.handleReadRequest(OzoneManagerRequestHandler.java:195) ~[ozone-manager-1.4.0-SNAPSHOT.jar:?]
	at org.apache.hadoop.ozone.protocolPB.OzoneManagerProtocolServerSideTranslatorPB.submitRequestDirectlyToOM(OzoneManagerProtocolServerSideTranslatorPB.java:272) ~[ozone-manager-1.4.0-SNAPSHOT.jar:?]
	at org.apache.hadoop.ozone.protocolPB.OzoneManagerProtocolServerSideTranslatorPB.processRequest(OzoneManagerProtocolServerSideTranslatorPB.java:173) ~[ozone-manager-1.4.0-SNAPSHOT.jar:?]
	at org.apache.hadoop.hdds.server.OzoneProtocolMessageDispatcher.processRequest(OzoneProtocolMessageDispatcher.java:87) [hdds-server-framework-1.4.0-SNAPSHOT.jar:?]
	at org.apache.hadoop.ozone.protocolPB.OzoneManagerProtocolServerSideTranslatorPB.submitRequest(OzoneManagerProtocolServerSideTranslatorPB.java:147) [ozone-manager-1.4.0-SNAPSHOT.jar:?]
	at org.apache.hadoop.ozone.protocol.proto.OzoneManagerProtocolProtos$OzoneManagerService$2.callBlockingMethod(OzoneManagerProtocolProtos.java) [ozone-interface-client-1.4.0-SNAPSHOT.jar:?]
	at org.apache.hadoop.ipc.ProtobufRpcEngine$Server.processCall(ProtobufRpcEngine.java:484) [hadoop-common-3.3.5.jar:?]
	at org.apache.hadoop.ipc.ProtobufRpcEngine2$Server$ProtoBufRpcInvoker.call(ProtobufRpcEngine2.java:595) [hadoop-common-3.3.5.jar:?]
	at org.apache.hadoop.ipc.ProtobufRpcEngine2$Server$ProtoBufRpcInvoker.call(ProtobufRpcEngine2.java:573) [hadoop-common-3.3.5.jar:?]
	at org.apache.hadoop.ipc.RPC$Server.call(RPC.java:1213) [hadoop-common-3.3.5.jar:?]
	at org.apache.hadoop.ipc.Server$RpcCall.run(Server.java:1089) [hadoop-common-3.3.5.jar:?]
	at org.apache.hadoop.ipc.Server$RpcCall.run(Server.java:1012) [hadoop-common-3.3.5.jar:?]
	at java.security.AccessController.doPrivileged(Native Method) ~[?:1.8.0_372]
	at javax.security.auth.Subject.doAs(Subject.java:422) [?:1.8.0_372]
	at org.apache.hadoop.security.UserGroupInformation.doAs(UserGroupInformation.java:1899) [hadoop-common-3.3.5.jar:?]
	at org.apache.hadoop.ipc.Server$Handler.run(Server.java:3026) [hadoop-common-3.3.5.jar:?]
2023-06-22 13:18:41,475 [Time-limited test] INFO  rpc.RpcClient (RpcClient.java:createVolume(459)) - Creating Volume: volume-37736, with runner as owner and space quota set to -1 bytes, counts quota set to -1
2023-06-22 13:18:41,476 [IPC Server handler 11 on default port 15057] INFO  volume.OMVolumeCreateRequest (OMVolumeCreateRequest.java:validateAndUpdateCache(196)) - created volume:volume-37736 for user:runner
2023-06-22 13:18:41,476 [Time-limited test] INFO  rpc.RpcClient (RpcClient.java:createBucket(686)) - Creating Bucket: volume-37736/bucket3, with bucket layout FILE_SYSTEM_OPTIMIZED, runner as owner, Versioning false, Storage Type set to DISK and Encryption set to false, Replication Type set to server-side default replication type, Namespace Quota set to -1, Space Quota set to -1 
2023-06-22 13:18:41,477 [IPC Server handler 15 on default port 15057] INFO  bucket.OMBucketCreateRequest (OMBucketCreateRequest.java:validateAndUpdateCache(270)) - created bucket: bucket3 of layout FILE_SYSTEM_OPTIMIZED in volume: volume-37736
13:18:41.485 [IPC Server handler 14 on default port 15057] ERROR OMAudit - user=runner | ip=127.0.0.1 | op=READ_VOLUME {volume=volume-37736} | ret=FAILURE
org.apache.hadoop.ozone.om.exceptions.OMException: Volume volume-37736 is not found
	at org.apache.hadoop.ozone.om.VolumeManagerImpl.getVolumeInfo(VolumeManagerImpl.java:61) ~[ozone-manager-1.4.0-SNAPSHOT.jar:?]
	at org.apache.hadoop.ozone.om.OzoneManager.getVolumeInfo(OzoneManager.java:2592) ~[ozone-manager-1.4.0-SNAPSHOT.jar:?]
	at org.apache.hadoop.ozone.protocolPB.OzoneManagerRequestHandler.infoVolume(OzoneManagerRequestHandler.java:450) ~[ozone-manager-1.4.0-SNAPSHOT.jar:?]
	at org.apache.hadoop.ozone.protocolPB.OzoneManagerRequestHandler.handleReadRequest(OzoneManagerRequestHandler.java:185) ~[ozone-manager-1.4.0-SNAPSHOT.jar:?]
	at org.apache.hadoop.ozone.protocolPB.OzoneManagerProtocolServerSideTranslatorPB.submitRequestDirectlyToOM(OzoneManagerProtocolServerSideTranslatorPB.java:272) ~[ozone-manager-1.4.0-SNAPSHOT.jar:?]
	at org.apache.hadoop.ozone.protocolPB.OzoneManagerProtocolServerSideTranslatorPB.processRequest(OzoneManagerProtocolServerSideTranslatorPB.java:173) ~[ozone-manager-1.4.0-SNAPSHOT.jar:?]
	at org.apache.hadoop.hdds.server.OzoneProtocolMessageDispatcher.processRequest(OzoneProtocolMessageDispatcher.java:87) [hdds-server-framework-1.4.0-SNAPSHOT.jar:?]
	at org.apache.hadoop.ozone.protocolPB.OzoneManagerProtocolServerSideTranslatorPB.submitRequest(OzoneManagerProtocolServerSideTranslatorPB.java:147) [ozone-manager-1.4.0-SNAPSHOT.jar:?]
	at org.apache.hadoop.ozone.protocol.proto.OzoneManagerProtocolProtos$OzoneManagerService$2.callBlockingMethod(OzoneManagerProtocolProtos.java) [ozone-interface-client-1.4.0-SNAPSHOT.jar:?]
	at org.apache.hadoop.ipc.ProtobufRpcEngine$Server.processCall(ProtobufRpcEngine.java:484) [hadoop-common-3.3.5.jar:?]
	at org.apache.hadoop.ipc.ProtobufRpcEngine2$Server$ProtoBufRpcInvoker.call(ProtobufRpcEngine2.java:595) [hadoop-common-3.3.5.jar:?]
	at org.apache.hadoop.ipc.ProtobufRpcEngine2$Server$ProtoBufRpcInvoker.call(ProtobufRpcEngine2.java:573) [hadoop-common-3.3.5.jar:?]
	at org.apache.hadoop.ipc.RPC$Server.call(RPC.java:1213) [hadoop-common-3.3.5.jar:?]
	at org.apache.hadoop.ipc.Server$RpcCall.run(Server.java:1089) [hadoop-common-3.3.5.jar:?]
	at org.apache.hadoop.ipc.Server$RpcCall.run(Server.java:1012) [hadoop-common-3.3.5.jar:?]
	at java.security.AccessController.doPrivileged(Native Method) ~[?:1.8.0_372]
	at javax.security.auth.Subject.doAs(Subject.java:422) [?:1.8.0_372]
	at org.apache.hadoop.security.UserGroupInformation.doAs(UserGroupInformation.java:1899) [hadoop-common-3.3.5.jar:?]
	at org.apache.hadoop.ipc.Server$Handler.run(Server.java:3026) [hadoop-common-3.3.5.jar:?]
]]></system-out>
  </testcase>
  <testcase name="testRenameToParentDir" classname="TestRootedOzoneFileSystemWithFSO" time="0.058">
    <system-out><![CDATA[2023-06-22 13:17:28,080 [Time-limited test] INFO  rpc.RpcClient (RpcClient.java:createVolume(459)) - Creating Volume: volume43004, with user93320 as owner and space quota set to -1 bytes, counts quota set to -1
2023-06-22 13:17:28,081 [OM StateMachine ApplyTransaction Thread - 0] INFO  volume.OMVolumeCreateRequest (OMVolumeCreateRequest.java:validateAndUpdateCache(196)) - created volume:volume43004 for user:user93320
2023-06-22 13:17:28,083 [Time-limited test] INFO  rpc.RpcClient (RpcClient.java:createBucket(686)) - Creating Bucket: volume43004/bucket01780, with bucket layout FILE_SYSTEM_OPTIMIZED, runner as owner, Versioning false, Storage Type set to DISK and Encryption set to false, Replication Type set to server-side default replication type, Namespace Quota set to -1, Space Quota set to -1 
2023-06-22 13:17:28,084 [OM StateMachine ApplyTransaction Thread - 0] INFO  bucket.OMBucketCreateRequest (OMBucketCreateRequest.java:validateAndUpdateCache(270)) - created bucket: bucket01780 of layout FILE_SYSTEM_OPTIMIZED in volume: volume43004
13:17:28.100 [IPC Server handler 6 on default port 15004] ERROR OMAudit - user=runner | ip=127.0.0.1 | op=GET_FILE_STATUS {volume=volume43004, bucket=bucket01780, key=root_dir/dir1/file2, dataSize=0, replicationConfig=null} | ret=FAILURE
org.apache.hadoop.ozone.om.exceptions.OMException: Unable to get file status: volume: volume43004 bucket: bucket01780 key: root_dir/dir1/file2
	at org.apache.hadoop.ozone.om.KeyManagerImpl.getOzoneFileStatusFSO(KeyManagerImpl.java:1310) ~[ozone-manager-1.4.0-SNAPSHOT.jar:?]
	at org.apache.hadoop.ozone.om.KeyManagerImpl.getFileStatus(KeyManagerImpl.java:1102) ~[ozone-manager-1.4.0-SNAPSHOT.jar:?]
	at org.apache.hadoop.ozone.om.OmMetadataReader.getFileStatus(OmMetadataReader.java:286) ~[ozone-manager-1.4.0-SNAPSHOT.jar:?]
	at org.apache.hadoop.ozone.om.OzoneManager.getFileStatus(OzoneManager.java:3499) ~[ozone-manager-1.4.0-SNAPSHOT.jar:?]
	at org.apache.hadoop.ozone.protocolPB.OzoneManagerRequestHandler.getOzoneFileStatus(OzoneManagerRequestHandler.java:950) ~[ozone-manager-1.4.0-SNAPSHOT.jar:?]
	at org.apache.hadoop.ozone.protocolPB.OzoneManagerRequestHandler.handleReadRequest(OzoneManagerRequestHandler.java:245) ~[ozone-manager-1.4.0-SNAPSHOT.jar:?]
	at org.apache.hadoop.ozone.protocolPB.OzoneManagerProtocolServerSideTranslatorPB.submitReadRequestToOM(OzoneManagerProtocolServerSideTranslatorPB.java:223) ~[ozone-manager-1.4.0-SNAPSHOT.jar:?]
	at org.apache.hadoop.ozone.protocolPB.OzoneManagerProtocolServerSideTranslatorPB.processRequest(OzoneManagerProtocolServerSideTranslatorPB.java:177) ~[ozone-manager-1.4.0-SNAPSHOT.jar:?]
	at org.apache.hadoop.hdds.server.OzoneProtocolMessageDispatcher.processRequest(OzoneProtocolMessageDispatcher.java:87) [hdds-server-framework-1.4.0-SNAPSHOT.jar:?]
	at org.apache.hadoop.ozone.protocolPB.OzoneManagerProtocolServerSideTranslatorPB.submitRequest(OzoneManagerProtocolServerSideTranslatorPB.java:147) [ozone-manager-1.4.0-SNAPSHOT.jar:?]
	at org.apache.hadoop.ozone.protocol.proto.OzoneManagerProtocolProtos$OzoneManagerService$2.callBlockingMethod(OzoneManagerProtocolProtos.java) [ozone-interface-client-1.4.0-SNAPSHOT.jar:?]
	at org.apache.hadoop.ipc.ProtobufRpcEngine$Server.processCall(ProtobufRpcEngine.java:484) [hadoop-common-3.3.5.jar:?]
	at org.apache.hadoop.ipc.ProtobufRpcEngine2$Server$ProtoBufRpcInvoker.call(ProtobufRpcEngine2.java:595) [hadoop-common-3.3.5.jar:?]
	at org.apache.hadoop.ipc.ProtobufRpcEngine2$Server$ProtoBufRpcInvoker.call(ProtobufRpcEngine2.java:573) [hadoop-common-3.3.5.jar:?]
	at org.apache.hadoop.ipc.RPC$Server.call(RPC.java:1213) [hadoop-common-3.3.5.jar:?]
	at org.apache.hadoop.ipc.Server$RpcCall.run(Server.java:1089) [hadoop-common-3.3.5.jar:?]
	at org.apache.hadoop.ipc.Server$RpcCall.run(Server.java:1012) [hadoop-common-3.3.5.jar:?]
	at java.security.AccessController.doPrivileged(Native Method) ~[?:1.8.0_372]
	at javax.security.auth.Subject.doAs(Subject.java:422) [?:1.8.0_372]
	at org.apache.hadoop.security.UserGroupInformation.doAs(UserGroupInformation.java:1899) [hadoop-common-3.3.5.jar:?]
	at org.apache.hadoop.ipc.Server$Handler.run(Server.java:3026) [hadoop-common-3.3.5.jar:?]
2023-06-22 13:17:28,101 [Time-limited test] WARN  ozone.BasicRootedOzoneFileSystem (BasicRootedOzoneFileSystem.java:delete(681)) - delete: Path does not exist: /volume43004/bucket01780/root_dir/dir1/file2
13:17:28.103 [IPC Server handler 10 on default port 15004] ERROR OMAudit - user=runner | ip=127.0.0.1 | op=GET_FILE_STATUS {volume=volume43004, bucket=bucket01780, key=root_dir/dir1/dir2, dataSize=0, replicationConfig=null} | ret=FAILURE
org.apache.hadoop.ozone.om.exceptions.OMException: Unable to get file status: volume: volume43004 bucket: bucket01780 key: root_dir/dir1/dir2
	at org.apache.hadoop.ozone.om.KeyManagerImpl.getOzoneFileStatusFSO(KeyManagerImpl.java:1310) ~[ozone-manager-1.4.0-SNAPSHOT.jar:?]
	at org.apache.hadoop.ozone.om.KeyManagerImpl.getFileStatus(KeyManagerImpl.java:1102) ~[ozone-manager-1.4.0-SNAPSHOT.jar:?]
	at org.apache.hadoop.ozone.om.OmMetadataReader.getFileStatus(OmMetadataReader.java:286) ~[ozone-manager-1.4.0-SNAPSHOT.jar:?]
	at org.apache.hadoop.ozone.om.OzoneManager.getFileStatus(OzoneManager.java:3499) ~[ozone-manager-1.4.0-SNAPSHOT.jar:?]
	at org.apache.hadoop.ozone.protocolPB.OzoneManagerRequestHandler.getOzoneFileStatus(OzoneManagerRequestHandler.java:950) ~[ozone-manager-1.4.0-SNAPSHOT.jar:?]
	at org.apache.hadoop.ozone.protocolPB.OzoneManagerRequestHandler.handleReadRequest(OzoneManagerRequestHandler.java:245) ~[ozone-manager-1.4.0-SNAPSHOT.jar:?]
	at org.apache.hadoop.ozone.protocolPB.OzoneManagerProtocolServerSideTranslatorPB.submitReadRequestToOM(OzoneManagerProtocolServerSideTranslatorPB.java:223) ~[ozone-manager-1.4.0-SNAPSHOT.jar:?]
	at org.apache.hadoop.ozone.protocolPB.OzoneManagerProtocolServerSideTranslatorPB.processRequest(OzoneManagerProtocolServerSideTranslatorPB.java:177) ~[ozone-manager-1.4.0-SNAPSHOT.jar:?]
	at org.apache.hadoop.hdds.server.OzoneProtocolMessageDispatcher.processRequest(OzoneProtocolMessageDispatcher.java:87) [hdds-server-framework-1.4.0-SNAPSHOT.jar:?]
	at org.apache.hadoop.ozone.protocolPB.OzoneManagerProtocolServerSideTranslatorPB.submitRequest(OzoneManagerProtocolServerSideTranslatorPB.java:147) [ozone-manager-1.4.0-SNAPSHOT.jar:?]
	at org.apache.hadoop.ozone.protocol.proto.OzoneManagerProtocolProtos$OzoneManagerService$2.callBlockingMethod(OzoneManagerProtocolProtos.java) [ozone-interface-client-1.4.0-SNAPSHOT.jar:?]
	at org.apache.hadoop.ipc.ProtobufRpcEngine$Server.processCall(ProtobufRpcEngine.java:484) [hadoop-common-3.3.5.jar:?]
	at org.apache.hadoop.ipc.ProtobufRpcEngine2$Server$ProtoBufRpcInvoker.call(ProtobufRpcEngine2.java:595) [hadoop-common-3.3.5.jar:?]
	at org.apache.hadoop.ipc.ProtobufRpcEngine2$Server$ProtoBufRpcInvoker.call(ProtobufRpcEngine2.java:573) [hadoop-common-3.3.5.jar:?]
	at org.apache.hadoop.ipc.RPC$Server.call(RPC.java:1213) [hadoop-common-3.3.5.jar:?]
	at org.apache.hadoop.ipc.Server$RpcCall.run(Server.java:1089) [hadoop-common-3.3.5.jar:?]
	at org.apache.hadoop.ipc.Server$RpcCall.run(Server.java:1012) [hadoop-common-3.3.5.jar:?]
	at java.security.AccessController.doPrivileged(Native Method) ~[?:1.8.0_372]
	at javax.security.auth.Subject.doAs(Subject.java:422) [?:1.8.0_372]
	at org.apache.hadoop.security.UserGroupInformation.doAs(UserGroupInformation.java:1899) [hadoop-common-3.3.5.jar:?]
	at org.apache.hadoop.ipc.Server$Handler.run(Server.java:3026) [hadoop-common-3.3.5.jar:?]
2023-06-22 13:17:28,105 [Time-limited test] WARN  ozone.BasicRootedOzoneFileSystem (BasicRootedOzoneFileSystem.java:delete(681)) - delete: Path does not exist: /volume43004/bucket01780/root_dir/dir1/dir2
]]></system-out>
  </testcase>
  <testcase name="testRenameToParentDir" classname="TestRootedOzoneFileSystemWithFSO" time="0.038">
    <system-out><![CDATA[2023-06-22 13:18:41,506 [Time-limited test] INFO  rpc.RpcClient (RpcClient.java:createVolume(459)) - Creating Volume: volume06347, with user36611 as owner and space quota set to -1 bytes, counts quota set to -1
2023-06-22 13:18:41,507 [IPC Server handler 15 on default port 15057] INFO  volume.OMVolumeCreateRequest (OMVolumeCreateRequest.java:validateAndUpdateCache(196)) - created volume:volume06347 for user:user36611
2023-06-22 13:18:41,507 [Time-limited test] INFO  rpc.RpcClient (RpcClient.java:createBucket(686)) - Creating Bucket: volume06347/bucket83018, with bucket layout FILE_SYSTEM_OPTIMIZED, runner as owner, Versioning false, Storage Type set to DISK and Encryption set to false, Replication Type set to server-side default replication type, Namespace Quota set to -1, Space Quota set to -1 
2023-06-22 13:18:41,508 [IPC Server handler 14 on default port 15057] INFO  bucket.OMBucketCreateRequest (OMBucketCreateRequest.java:validateAndUpdateCache(270)) - created bucket: bucket83018 of layout FILE_SYSTEM_OPTIMIZED in volume: volume06347
13:18:41.519 [IPC Server handler 11 on default port 15057] ERROR OMAudit - user=runner | ip=127.0.0.1 | op=GET_FILE_STATUS {volume=volume06347, bucket=bucket83018, key=root_dir/dir1/file2, dataSize=0, replicationConfig=null} | ret=FAILURE
org.apache.hadoop.ozone.om.exceptions.OMException: Unable to get file status: volume: volume06347 bucket: bucket83018 key: root_dir/dir1/file2
	at org.apache.hadoop.ozone.om.KeyManagerImpl.getOzoneFileStatusFSO(KeyManagerImpl.java:1310) ~[ozone-manager-1.4.0-SNAPSHOT.jar:?]
	at org.apache.hadoop.ozone.om.KeyManagerImpl.getFileStatus(KeyManagerImpl.java:1102) ~[ozone-manager-1.4.0-SNAPSHOT.jar:?]
	at org.apache.hadoop.ozone.om.OmMetadataReader.getFileStatus(OmMetadataReader.java:286) ~[ozone-manager-1.4.0-SNAPSHOT.jar:?]
	at org.apache.hadoop.ozone.om.OzoneManager.getFileStatus(OzoneManager.java:3499) ~[ozone-manager-1.4.0-SNAPSHOT.jar:?]
	at org.apache.hadoop.ozone.protocolPB.OzoneManagerRequestHandler.getOzoneFileStatus(OzoneManagerRequestHandler.java:950) ~[ozone-manager-1.4.0-SNAPSHOT.jar:?]
	at org.apache.hadoop.ozone.protocolPB.OzoneManagerRequestHandler.handleReadRequest(OzoneManagerRequestHandler.java:245) ~[ozone-manager-1.4.0-SNAPSHOT.jar:?]
	at org.apache.hadoop.ozone.protocolPB.OzoneManagerProtocolServerSideTranslatorPB.submitRequestDirectlyToOM(OzoneManagerProtocolServerSideTranslatorPB.java:272) ~[ozone-manager-1.4.0-SNAPSHOT.jar:?]
	at org.apache.hadoop.ozone.protocolPB.OzoneManagerProtocolServerSideTranslatorPB.processRequest(OzoneManagerProtocolServerSideTranslatorPB.java:173) ~[ozone-manager-1.4.0-SNAPSHOT.jar:?]
	at org.apache.hadoop.hdds.server.OzoneProtocolMessageDispatcher.processRequest(OzoneProtocolMessageDispatcher.java:87) [hdds-server-framework-1.4.0-SNAPSHOT.jar:?]
	at org.apache.hadoop.ozone.protocolPB.OzoneManagerProtocolServerSideTranslatorPB.submitRequest(OzoneManagerProtocolServerSideTranslatorPB.java:147) [ozone-manager-1.4.0-SNAPSHOT.jar:?]
	at org.apache.hadoop.ozone.protocol.proto.OzoneManagerProtocolProtos$OzoneManagerService$2.callBlockingMethod(OzoneManagerProtocolProtos.java) [ozone-interface-client-1.4.0-SNAPSHOT.jar:?]
	at org.apache.hadoop.ipc.ProtobufRpcEngine$Server.processCall(ProtobufRpcEngine.java:484) [hadoop-common-3.3.5.jar:?]
	at org.apache.hadoop.ipc.ProtobufRpcEngine2$Server$ProtoBufRpcInvoker.call(ProtobufRpcEngine2.java:595) [hadoop-common-3.3.5.jar:?]
	at org.apache.hadoop.ipc.ProtobufRpcEngine2$Server$ProtoBufRpcInvoker.call(ProtobufRpcEngine2.java:573) [hadoop-common-3.3.5.jar:?]
	at org.apache.hadoop.ipc.RPC$Server.call(RPC.java:1213) [hadoop-common-3.3.5.jar:?]
	at org.apache.hadoop.ipc.Server$RpcCall.run(Server.java:1089) [hadoop-common-3.3.5.jar:?]
	at org.apache.hadoop.ipc.Server$RpcCall.run(Server.java:1012) [hadoop-common-3.3.5.jar:?]
	at java.security.AccessController.doPrivileged(Native Method) ~[?:1.8.0_372]
	at javax.security.auth.Subject.doAs(Subject.java:422) [?:1.8.0_372]
	at org.apache.hadoop.security.UserGroupInformation.doAs(UserGroupInformation.java:1899) [hadoop-common-3.3.5.jar:?]
	at org.apache.hadoop.ipc.Server$Handler.run(Server.java:3026) [hadoop-common-3.3.5.jar:?]
2023-06-22 13:18:41,520 [Time-limited test] WARN  ozone.BasicRootedOzoneFileSystem (BasicRootedOzoneFileSystem.java:delete(681)) - delete: Path does not exist: /volume06347/bucket83018/root_dir/dir1/file2
13:18:41.521 [IPC Server handler 15 on default port 15057] ERROR OMAudit - user=runner | ip=127.0.0.1 | op=GET_FILE_STATUS {volume=volume06347, bucket=bucket83018, key=root_dir/dir1/dir2, dataSize=0, replicationConfig=null} | ret=FAILURE
org.apache.hadoop.ozone.om.exceptions.OMException: Unable to get file status: volume: volume06347 bucket: bucket83018 key: root_dir/dir1/dir2
	at org.apache.hadoop.ozone.om.KeyManagerImpl.getOzoneFileStatusFSO(KeyManagerImpl.java:1310) ~[ozone-manager-1.4.0-SNAPSHOT.jar:?]
	at org.apache.hadoop.ozone.om.KeyManagerImpl.getFileStatus(KeyManagerImpl.java:1102) ~[ozone-manager-1.4.0-SNAPSHOT.jar:?]
	at org.apache.hadoop.ozone.om.OmMetadataReader.getFileStatus(OmMetadataReader.java:286) ~[ozone-manager-1.4.0-SNAPSHOT.jar:?]
	at org.apache.hadoop.ozone.om.OzoneManager.getFileStatus(OzoneManager.java:3499) ~[ozone-manager-1.4.0-SNAPSHOT.jar:?]
	at org.apache.hadoop.ozone.protocolPB.OzoneManagerRequestHandler.getOzoneFileStatus(OzoneManagerRequestHandler.java:950) ~[ozone-manager-1.4.0-SNAPSHOT.jar:?]
	at org.apache.hadoop.ozone.protocolPB.OzoneManagerRequestHandler.handleReadRequest(OzoneManagerRequestHandler.java:245) ~[ozone-manager-1.4.0-SNAPSHOT.jar:?]
	at org.apache.hadoop.ozone.protocolPB.OzoneManagerProtocolServerSideTranslatorPB.submitRequestDirectlyToOM(OzoneManagerProtocolServerSideTranslatorPB.java:272) ~[ozone-manager-1.4.0-SNAPSHOT.jar:?]
	at org.apache.hadoop.ozone.protocolPB.OzoneManagerProtocolServerSideTranslatorPB.processRequest(OzoneManagerProtocolServerSideTranslatorPB.java:173) ~[ozone-manager-1.4.0-SNAPSHOT.jar:?]
	at org.apache.hadoop.hdds.server.OzoneProtocolMessageDispatcher.processRequest(OzoneProtocolMessageDispatcher.java:87) [hdds-server-framework-1.4.0-SNAPSHOT.jar:?]
	at org.apache.hadoop.ozone.protocolPB.OzoneManagerProtocolServerSideTranslatorPB.submitRequest(OzoneManagerProtocolServerSideTranslatorPB.java:147) [ozone-manager-1.4.0-SNAPSHOT.jar:?]
	at org.apache.hadoop.ozone.protocol.proto.OzoneManagerProtocolProtos$OzoneManagerService$2.callBlockingMethod(OzoneManagerProtocolProtos.java) [ozone-interface-client-1.4.0-SNAPSHOT.jar:?]
	at org.apache.hadoop.ipc.ProtobufRpcEngine$Server.processCall(ProtobufRpcEngine.java:484) [hadoop-common-3.3.5.jar:?]
	at org.apache.hadoop.ipc.ProtobufRpcEngine2$Server$ProtoBufRpcInvoker.call(ProtobufRpcEngine2.java:595) [hadoop-common-3.3.5.jar:?]
	at org.apache.hadoop.ipc.ProtobufRpcEngine2$Server$ProtoBufRpcInvoker.call(ProtobufRpcEngine2.java:573) [hadoop-common-3.3.5.jar:?]
	at org.apache.hadoop.ipc.RPC$Server.call(RPC.java:1213) [hadoop-common-3.3.5.jar:?]
	at org.apache.hadoop.ipc.Server$RpcCall.run(Server.java:1089) [hadoop-common-3.3.5.jar:?]
	at org.apache.hadoop.ipc.Server$RpcCall.run(Server.java:1012) [hadoop-common-3.3.5.jar:?]
	at java.security.AccessController.doPrivileged(Native Method) ~[?:1.8.0_372]
	at javax.security.auth.Subject.doAs(Subject.java:422) [?:1.8.0_372]
	at org.apache.hadoop.security.UserGroupInformation.doAs(UserGroupInformation.java:1899) [hadoop-common-3.3.5.jar:?]
	at org.apache.hadoop.ipc.Server$Handler.run(Server.java:3026) [hadoop-common-3.3.5.jar:?]
2023-06-22 13:18:41,521 [Time-limited test] WARN  ozone.BasicRootedOzoneFileSystem (BasicRootedOzoneFileSystem.java:delete(681)) - delete: Path does not exist: /volume06347/bucket83018/root_dir/dir1/dir2
]]></system-out>
  </testcase>
  <testcase name="testMkdirNonExistentVolumeBucket" classname="TestRootedOzoneFileSystemWithFSO" time="0.153">
    <system-out><![CDATA[2023-06-22 13:17:28,134 [Time-limited test] INFO  rpc.RpcClient (RpcClient.java:createVolume(459)) - Creating Volume: volume33423, with user92173 as owner and space quota set to -1 bytes, counts quota set to -1
2023-06-22 13:17:28,151 [OM StateMachine ApplyTransaction Thread - 0] INFO  volume.OMVolumeCreateRequest (OMVolumeCreateRequest.java:validateAndUpdateCache(196)) - created volume:volume33423 for user:user92173
2023-06-22 13:17:28,153 [Time-limited test] INFO  rpc.RpcClient (RpcClient.java:createBucket(686)) - Creating Bucket: volume33423/bucket77899, with bucket layout FILE_SYSTEM_OPTIMIZED, runner as owner, Versioning false, Storage Type set to DISK and Encryption set to false, Replication Type set to server-side default replication type, Namespace Quota set to -1, Space Quota set to -1 
2023-06-22 13:17:28,187 [OM StateMachine ApplyTransaction Thread - 0] INFO  bucket.OMBucketCreateRequest (OMBucketCreateRequest.java:validateAndUpdateCache(270)) - created bucket: bucket77899 of layout FILE_SYSTEM_OPTIMIZED in volume: volume33423
13:17:28.191 [IPC Server handler 12 on default port 15004] ERROR OMAudit - user=runner | ip=127.0.0.1 | op=READ_BUCKET {volume=volume-47435, bucket=bucket-03425} | ret=FAILURE
org.apache.hadoop.ozone.om.exceptions.OMException: Volume not found when getting bucket info
	at org.apache.hadoop.ozone.om.BucketManagerImpl.getBucketInfo(BucketManagerImpl.java:81) ~[ozone-manager-1.4.0-SNAPSHOT.jar:?]
	at org.apache.hadoop.ozone.om.OzoneManager.getBucketInfo(OzoneManager.java:2777) ~[ozone-manager-1.4.0-SNAPSHOT.jar:?]
	at org.apache.hadoop.ozone.protocolPB.OzoneManagerRequestHandler.infoBucket(OzoneManagerRequestHandler.java:524) ~[ozone-manager-1.4.0-SNAPSHOT.jar:?]
	at org.apache.hadoop.ozone.protocolPB.OzoneManagerRequestHandler.handleReadRequest(OzoneManagerRequestHandler.java:195) ~[ozone-manager-1.4.0-SNAPSHOT.jar:?]
	at org.apache.hadoop.ozone.protocolPB.OzoneManagerProtocolServerSideTranslatorPB.submitReadRequestToOM(OzoneManagerProtocolServerSideTranslatorPB.java:223) ~[ozone-manager-1.4.0-SNAPSHOT.jar:?]
	at org.apache.hadoop.ozone.protocolPB.OzoneManagerProtocolServerSideTranslatorPB.processRequest(OzoneManagerProtocolServerSideTranslatorPB.java:177) ~[ozone-manager-1.4.0-SNAPSHOT.jar:?]
	at org.apache.hadoop.hdds.server.OzoneProtocolMessageDispatcher.processRequest(OzoneProtocolMessageDispatcher.java:87) [hdds-server-framework-1.4.0-SNAPSHOT.jar:?]
	at org.apache.hadoop.ozone.protocolPB.OzoneManagerProtocolServerSideTranslatorPB.submitRequest(OzoneManagerProtocolServerSideTranslatorPB.java:147) [ozone-manager-1.4.0-SNAPSHOT.jar:?]
	at org.apache.hadoop.ozone.protocol.proto.OzoneManagerProtocolProtos$OzoneManagerService$2.callBlockingMethod(OzoneManagerProtocolProtos.java) [ozone-interface-client-1.4.0-SNAPSHOT.jar:?]
	at org.apache.hadoop.ipc.ProtobufRpcEngine$Server.processCall(ProtobufRpcEngine.java:484) [hadoop-common-3.3.5.jar:?]
	at org.apache.hadoop.ipc.ProtobufRpcEngine2$Server$ProtoBufRpcInvoker.call(ProtobufRpcEngine2.java:595) [hadoop-common-3.3.5.jar:?]
	at org.apache.hadoop.ipc.ProtobufRpcEngine2$Server$ProtoBufRpcInvoker.call(ProtobufRpcEngine2.java:573) [hadoop-common-3.3.5.jar:?]
	at org.apache.hadoop.ipc.RPC$Server.call(RPC.java:1213) [hadoop-common-3.3.5.jar:?]
	at org.apache.hadoop.ipc.Server$RpcCall.run(Server.java:1089) [hadoop-common-3.3.5.jar:?]
	at org.apache.hadoop.ipc.Server$RpcCall.run(Server.java:1012) [hadoop-common-3.3.5.jar:?]
	at java.security.AccessController.doPrivileged(Native Method) ~[?:1.8.0_372]
	at javax.security.auth.Subject.doAs(Subject.java:422) [?:1.8.0_372]
	at org.apache.hadoop.security.UserGroupInformation.doAs(UserGroupInformation.java:1899) [hadoop-common-3.3.5.jar:?]
	at org.apache.hadoop.ipc.Server$Handler.run(Server.java:3026) [hadoop-common-3.3.5.jar:?]
2023-06-22 13:17:28,192 [Time-limited test] INFO  rpc.RpcClient (RpcClient.java:createVolume(459)) - Creating Volume: volume-47435, with runner as owner and space quota set to -1 bytes, counts quota set to -1
2023-06-22 13:17:28,215 [OM StateMachine ApplyTransaction Thread - 0] INFO  volume.OMVolumeCreateRequest (OMVolumeCreateRequest.java:validateAndUpdateCache(196)) - created volume:volume-47435 for user:runner
2023-06-22 13:17:28,217 [Time-limited test] INFO  rpc.RpcClient (RpcClient.java:createBucket(686)) - Creating Bucket: volume-47435/bucket-03425, with bucket layout FILE_SYSTEM_OPTIMIZED, runner as owner, Versioning false, Storage Type set to DISK and Encryption set to false, Replication Type set to server-side default replication type, Namespace Quota set to -1, Space Quota set to -1 
2023-06-22 13:17:28,253 [OM StateMachine ApplyTransaction Thread - 0] INFO  bucket.OMBucketCreateRequest (OMBucketCreateRequest.java:validateAndUpdateCache(270)) - created bucket: bucket-03425 of layout FILE_SYSTEM_OPTIMIZED in volume: volume-47435
]]></system-out>
  </testcase>
  <testcase name="testMkdirNonExistentVolumeBucket" classname="TestRootedOzoneFileSystemWithFSO" time="0.027">
    <system-out><![CDATA[2023-06-22 13:18:41,544 [Time-limited test] INFO  rpc.RpcClient (RpcClient.java:createVolume(459)) - Creating Volume: volume67738, with user75305 as owner and space quota set to -1 bytes, counts quota set to -1
2023-06-22 13:18:41,545 [IPC Server handler 18 on default port 15057] INFO  volume.OMVolumeCreateRequest (OMVolumeCreateRequest.java:validateAndUpdateCache(196)) - created volume:volume67738 for user:user75305
2023-06-22 13:18:41,545 [Time-limited test] INFO  rpc.RpcClient (RpcClient.java:createBucket(686)) - Creating Bucket: volume67738/bucket91641, with bucket layout FILE_SYSTEM_OPTIMIZED, runner as owner, Versioning false, Storage Type set to DISK and Encryption set to false, Replication Type set to server-side default replication type, Namespace Quota set to -1, Space Quota set to -1 
2023-06-22 13:18:41,546 [IPC Server handler 17 on default port 15057] INFO  bucket.OMBucketCreateRequest (OMBucketCreateRequest.java:validateAndUpdateCache(270)) - created bucket: bucket91641 of layout FILE_SYSTEM_OPTIMIZED in volume: volume67738
13:18:41.547 [IPC Server handler 1 on default port 15057] ERROR OMAudit - user=runner | ip=127.0.0.1 | op=READ_BUCKET {volume=volume-96185, bucket=bucket-57989} | ret=FAILURE
org.apache.hadoop.ozone.om.exceptions.OMException: Volume not found when getting bucket info
	at org.apache.hadoop.ozone.om.BucketManagerImpl.getBucketInfo(BucketManagerImpl.java:81) ~[ozone-manager-1.4.0-SNAPSHOT.jar:?]
	at org.apache.hadoop.ozone.om.OzoneManager.getBucketInfo(OzoneManager.java:2777) ~[ozone-manager-1.4.0-SNAPSHOT.jar:?]
	at org.apache.hadoop.ozone.protocolPB.OzoneManagerRequestHandler.infoBucket(OzoneManagerRequestHandler.java:524) ~[ozone-manager-1.4.0-SNAPSHOT.jar:?]
	at org.apache.hadoop.ozone.protocolPB.OzoneManagerRequestHandler.handleReadRequest(OzoneManagerRequestHandler.java:195) ~[ozone-manager-1.4.0-SNAPSHOT.jar:?]
	at org.apache.hadoop.ozone.protocolPB.OzoneManagerProtocolServerSideTranslatorPB.submitRequestDirectlyToOM(OzoneManagerProtocolServerSideTranslatorPB.java:272) ~[ozone-manager-1.4.0-SNAPSHOT.jar:?]
	at org.apache.hadoop.ozone.protocolPB.OzoneManagerProtocolServerSideTranslatorPB.processRequest(OzoneManagerProtocolServerSideTranslatorPB.java:173) ~[ozone-manager-1.4.0-SNAPSHOT.jar:?]
	at org.apache.hadoop.hdds.server.OzoneProtocolMessageDispatcher.processRequest(OzoneProtocolMessageDispatcher.java:87) [hdds-server-framework-1.4.0-SNAPSHOT.jar:?]
	at org.apache.hadoop.ozone.protocolPB.OzoneManagerProtocolServerSideTranslatorPB.submitRequest(OzoneManagerProtocolServerSideTranslatorPB.java:147) [ozone-manager-1.4.0-SNAPSHOT.jar:?]
	at org.apache.hadoop.ozone.protocol.proto.OzoneManagerProtocolProtos$OzoneManagerService$2.callBlockingMethod(OzoneManagerProtocolProtos.java) [ozone-interface-client-1.4.0-SNAPSHOT.jar:?]
	at org.apache.hadoop.ipc.ProtobufRpcEngine$Server.processCall(ProtobufRpcEngine.java:484) [hadoop-common-3.3.5.jar:?]
	at org.apache.hadoop.ipc.ProtobufRpcEngine2$Server$ProtoBufRpcInvoker.call(ProtobufRpcEngine2.java:595) [hadoop-common-3.3.5.jar:?]
	at org.apache.hadoop.ipc.ProtobufRpcEngine2$Server$ProtoBufRpcInvoker.call(ProtobufRpcEngine2.java:573) [hadoop-common-3.3.5.jar:?]
	at org.apache.hadoop.ipc.RPC$Server.call(RPC.java:1213) [hadoop-common-3.3.5.jar:?]
	at org.apache.hadoop.ipc.Server$RpcCall.run(Server.java:1089) [hadoop-common-3.3.5.jar:?]
	at org.apache.hadoop.ipc.Server$RpcCall.run(Server.java:1012) [hadoop-common-3.3.5.jar:?]
	at java.security.AccessController.doPrivileged(Native Method) ~[?:1.8.0_372]
	at javax.security.auth.Subject.doAs(Subject.java:422) [?:1.8.0_372]
	at org.apache.hadoop.security.UserGroupInformation.doAs(UserGroupInformation.java:1899) [hadoop-common-3.3.5.jar:?]
	at org.apache.hadoop.ipc.Server$Handler.run(Server.java:3026) [hadoop-common-3.3.5.jar:?]
2023-06-22 13:18:41,548 [Time-limited test] INFO  rpc.RpcClient (RpcClient.java:createVolume(459)) - Creating Volume: volume-96185, with runner as owner and space quota set to -1 bytes, counts quota set to -1
2023-06-22 13:18:41,548 [IPC Server handler 6 on default port 15057] INFO  volume.OMVolumeCreateRequest (OMVolumeCreateRequest.java:validateAndUpdateCache(196)) - created volume:volume-96185 for user:runner
2023-06-22 13:18:41,549 [Time-limited test] INFO  rpc.RpcClient (RpcClient.java:createBucket(686)) - Creating Bucket: volume-96185/bucket-57989, with bucket layout FILE_SYSTEM_OPTIMIZED, runner as owner, Versioning false, Storage Type set to DISK and Encryption set to false, Replication Type set to server-side default replication type, Namespace Quota set to -1, Space Quota set to -1 
2023-06-22 13:18:41,549 [IPC Server handler 2 on default port 15057] INFO  bucket.OMBucketCreateRequest (OMBucketCreateRequest.java:validateAndUpdateCache(270)) - created bucket: bucket-57989 of layout FILE_SYSTEM_OPTIMIZED in volume: volume-96185
]]></system-out>
  </testcase>
  <testcase name="testFailToDeleteRoot" classname="TestRootedOzoneFileSystemWithFSO" time="0.04">
    <system-out><![CDATA[2023-06-22 13:17:28,294 [Time-limited test] INFO  rpc.RpcClient (RpcClient.java:createVolume(459)) - Creating Volume: volume14191, with user52228 as owner and space quota set to -1 bytes, counts quota set to -1
2023-06-22 13:17:28,295 [OM StateMachine ApplyTransaction Thread - 0] INFO  volume.OMVolumeCreateRequest (OMVolumeCreateRequest.java:validateAndUpdateCache(196)) - created volume:volume14191 for user:user52228
2023-06-22 13:17:28,296 [Time-limited test] INFO  rpc.RpcClient (RpcClient.java:createBucket(686)) - Creating Bucket: volume14191/bucket29691, with bucket layout FILE_SYSTEM_OPTIMIZED, runner as owner, Versioning false, Storage Type set to DISK and Encryption set to false, Replication Type set to server-side default replication type, Namespace Quota set to -1, Space Quota set to -1 
2023-06-22 13:17:28,298 [OM StateMachine ApplyTransaction Thread - 0] INFO  bucket.OMBucketCreateRequest (OMBucketCreateRequest.java:validateAndUpdateCache(270)) - created bucket: bucket29691 of layout FILE_SYSTEM_OPTIMIZED in volume: volume14191
2023-06-22 13:17:28,299 [Time-limited test] WARN  ozone.BasicRootedOzoneFileSystem (BasicRootedOzoneFileSystem.java:delete(661)) - delete: OFS does not support rm root. To wipe the cluster, please re-init OM instead.
2023-06-22 13:17:28,299 [Time-limited test] WARN  ozone.BasicRootedOzoneFileSystem (BasicRootedOzoneFileSystem.java:delete(661)) - delete: OFS does not support rm root. To wipe the cluster, please re-init OM instead.
]]></system-out>
  </testcase>
  <testcase name="testFailToDeleteRoot" classname="TestRootedOzoneFileSystemWithFSO" time="0.021">
    <system-out><![CDATA[2023-06-22 13:18:41,570 [Time-limited test] INFO  rpc.RpcClient (RpcClient.java:createVolume(459)) - Creating Volume: volume07496, with user10352 as owner and space quota set to -1 bytes, counts quota set to -1
2023-06-22 13:18:41,570 [IPC Server handler 7 on default port 15057] INFO  volume.OMVolumeCreateRequest (OMVolumeCreateRequest.java:validateAndUpdateCache(196)) - created volume:volume07496 for user:user10352
2023-06-22 13:18:41,571 [Time-limited test] INFO  rpc.RpcClient (RpcClient.java:createBucket(686)) - Creating Bucket: volume07496/bucket48076, with bucket layout FILE_SYSTEM_OPTIMIZED, runner as owner, Versioning false, Storage Type set to DISK and Encryption set to false, Replication Type set to server-side default replication type, Namespace Quota set to -1, Space Quota set to -1 
2023-06-22 13:18:41,571 [IPC Server handler 9 on default port 15057] INFO  bucket.OMBucketCreateRequest (OMBucketCreateRequest.java:validateAndUpdateCache(270)) - created bucket: bucket48076 of layout FILE_SYSTEM_OPTIMIZED in volume: volume07496
2023-06-22 13:18:41,572 [Time-limited test] WARN  ozone.BasicRootedOzoneFileSystem (BasicRootedOzoneFileSystem.java:delete(661)) - delete: OFS does not support rm root. To wipe the cluster, please re-init OM instead.
2023-06-22 13:18:41,572 [Time-limited test] WARN  ozone.BasicRootedOzoneFileSystem (BasicRootedOzoneFileSystem.java:delete(661)) - delete: OFS does not support rm root. To wipe the cluster, please re-init OM instead.
]]></system-out>
  </testcase>
  <testcase name="testListStatusOnSubDirs" classname="TestRootedOzoneFileSystemWithFSO" time="0.058">
    <system-out><![CDATA[2023-06-22 13:17:28,334 [Time-limited test] INFO  rpc.RpcClient (RpcClient.java:createVolume(459)) - Creating Volume: volume51877, with user36732 as owner and space quota set to -1 bytes, counts quota set to -1
2023-06-22 13:17:28,336 [OM StateMachine ApplyTransaction Thread - 0] INFO  volume.OMVolumeCreateRequest (OMVolumeCreateRequest.java:validateAndUpdateCache(196)) - created volume:volume51877 for user:user36732
2023-06-22 13:17:28,337 [Time-limited test] INFO  rpc.RpcClient (RpcClient.java:createBucket(686)) - Creating Bucket: volume51877/bucket58101, with bucket layout FILE_SYSTEM_OPTIMIZED, runner as owner, Versioning false, Storage Type set to DISK and Encryption set to false, Replication Type set to server-side default replication type, Namespace Quota set to -1, Space Quota set to -1 
2023-06-22 13:17:28,338 [OM StateMachine ApplyTransaction Thread - 0] INFO  bucket.OMBucketCreateRequest (OMBucketCreateRequest.java:validateAndUpdateCache(270)) - created bucket: bucket58101 of layout FILE_SYSTEM_OPTIMIZED in volume: volume51877
]]></system-out>
  </testcase>
  <testcase name="testListStatusOnSubDirs" classname="TestRootedOzoneFileSystemWithFSO" time="0.038">
    <system-out><![CDATA[2023-06-22 13:18:41,592 [Time-limited test] INFO  rpc.RpcClient (RpcClient.java:createVolume(459)) - Creating Volume: volume22319, with user53823 as owner and space quota set to -1 bytes, counts quota set to -1
2023-06-22 13:18:41,593 [IPC Server handler 8 on default port 15057] INFO  volume.OMVolumeCreateRequest (OMVolumeCreateRequest.java:validateAndUpdateCache(196)) - created volume:volume22319 for user:user53823
2023-06-22 13:18:41,594 [Time-limited test] INFO  rpc.RpcClient (RpcClient.java:createBucket(686)) - Creating Bucket: volume22319/bucket66844, with bucket layout FILE_SYSTEM_OPTIMIZED, runner as owner, Versioning false, Storage Type set to DISK and Encryption set to false, Replication Type set to server-side default replication type, Namespace Quota set to -1, Space Quota set to -1 
2023-06-22 13:18:41,594 [IPC Server handler 10 on default port 15057] INFO  bucket.OMBucketCreateRequest (OMBucketCreateRequest.java:validateAndUpdateCache(270)) - created bucket: bucket66844 of layout FILE_SYSTEM_OPTIMIZED in volume: volume22319
]]></system-out>
  </testcase>
  <testcase name="testListStatus" classname="TestRootedOzoneFileSystemWithFSO" time="0.069">
    <system-out><![CDATA[2023-06-22 13:17:28,396 [Time-limited test] INFO  rpc.RpcClient (RpcClient.java:createVolume(459)) - Creating Volume: volume39733, with user78243 as owner and space quota set to -1 bytes, counts quota set to -1
2023-06-22 13:17:28,398 [OM StateMachine ApplyTransaction Thread - 0] INFO  volume.OMVolumeCreateRequest (OMVolumeCreateRequest.java:validateAndUpdateCache(196)) - created volume:volume39733 for user:user78243
2023-06-22 13:17:28,398 [Time-limited test] INFO  rpc.RpcClient (RpcClient.java:createBucket(686)) - Creating Bucket: volume39733/bucket95685, with bucket layout FILE_SYSTEM_OPTIMIZED, runner as owner, Versioning false, Storage Type set to DISK and Encryption set to false, Replication Type set to server-side default replication type, Namespace Quota set to -1, Space Quota set to -1 
2023-06-22 13:17:28,400 [OM StateMachine ApplyTransaction Thread - 0] INFO  bucket.OMBucketCreateRequest (OMBucketCreateRequest.java:validateAndUpdateCache(270)) - created bucket: bucket95685 of layout FILE_SYSTEM_OPTIMIZED in volume: volume39733
]]></system-out>
  </testcase>
  <testcase name="testListStatus" classname="TestRootedOzoneFileSystemWithFSO" time="0.045">
    <system-out><![CDATA[2023-06-22 13:18:41,632 [Time-limited test] INFO  rpc.RpcClient (RpcClient.java:createVolume(459)) - Creating Volume: volume18971, with user29084 as owner and space quota set to -1 bytes, counts quota set to -1
2023-06-22 13:18:41,633 [IPC Server handler 10 on default port 15057] INFO  volume.OMVolumeCreateRequest (OMVolumeCreateRequest.java:validateAndUpdateCache(196)) - created volume:volume18971 for user:user29084
2023-06-22 13:18:41,634 [Time-limited test] INFO  rpc.RpcClient (RpcClient.java:createBucket(686)) - Creating Bucket: volume18971/bucket80880, with bucket layout FILE_SYSTEM_OPTIMIZED, runner as owner, Versioning false, Storage Type set to DISK and Encryption set to false, Replication Type set to server-side default replication type, Namespace Quota set to -1, Space Quota set to -1 
2023-06-22 13:18:41,635 [IPC Server handler 19 on default port 15057] INFO  bucket.OMBucketCreateRequest (OMBucketCreateRequest.java:validateAndUpdateCache(270)) - created bucket: bucket80880 of layout FILE_SYSTEM_OPTIMIZED in volume: volume18971
]]></system-out>
  </testcase>
  <testcase name="testGetTrashRoots" classname="TestRootedOzoneFileSystemWithFSO" time="0.551">
    <system-out><![CDATA[2023-06-22 13:17:28,460 [Time-limited test] INFO  rpc.RpcClient (RpcClient.java:createVolume(459)) - Creating Volume: volume25213, with user04325 as owner and space quota set to -1 bytes, counts quota set to -1
2023-06-22 13:17:28,461 [OM StateMachine ApplyTransaction Thread - 0] INFO  volume.OMVolumeCreateRequest (OMVolumeCreateRequest.java:validateAndUpdateCache(196)) - created volume:volume25213 for user:user04325
2023-06-22 13:17:28,462 [Time-limited test] INFO  rpc.RpcClient (RpcClient.java:createBucket(686)) - Creating Bucket: volume25213/bucket16617, with bucket layout FILE_SYSTEM_OPTIMIZED, runner as owner, Versioning false, Storage Type set to DISK and Encryption set to false, Replication Type set to server-side default replication type, Namespace Quota set to -1, Space Quota set to -1 
2023-06-22 13:17:28,463 [OM StateMachine ApplyTransaction Thread - 0] INFO  bucket.OMBucketCreateRequest (OMBucketCreateRequest.java:validateAndUpdateCache(270)) - created bucket: bucket16617 of layout FILE_SYSTEM_OPTIMIZED in volume: volume25213
13:17:28.478 [IPC Server handler 19 on default port 15004] ERROR OMAudit - user=runner | ip=127.0.0.1 | op=GET_FILE_STATUS {volume=volume-10734, bucket=bucket-06643, key=.Trash/runner, dataSize=0, replicationConfig=null} | ret=FAILURE
org.apache.hadoop.ozone.om.exceptions.OMException: Unable to get file status: volume: volume-10734 bucket: bucket-06643 key: .Trash/runner
	at org.apache.hadoop.ozone.om.KeyManagerImpl.getOzoneFileStatusFSO(KeyManagerImpl.java:1310) ~[ozone-manager-1.4.0-SNAPSHOT.jar:?]
	at org.apache.hadoop.ozone.om.KeyManagerImpl.getFileStatus(KeyManagerImpl.java:1102) ~[ozone-manager-1.4.0-SNAPSHOT.jar:?]
	at org.apache.hadoop.ozone.om.OmMetadataReader.getFileStatus(OmMetadataReader.java:286) ~[ozone-manager-1.4.0-SNAPSHOT.jar:?]
	at org.apache.hadoop.ozone.om.OzoneManager.getFileStatus(OzoneManager.java:3499) ~[ozone-manager-1.4.0-SNAPSHOT.jar:?]
	at org.apache.hadoop.ozone.protocolPB.OzoneManagerRequestHandler.getOzoneFileStatus(OzoneManagerRequestHandler.java:950) ~[ozone-manager-1.4.0-SNAPSHOT.jar:?]
	at org.apache.hadoop.ozone.protocolPB.OzoneManagerRequestHandler.handleReadRequest(OzoneManagerRequestHandler.java:245) ~[ozone-manager-1.4.0-SNAPSHOT.jar:?]
	at org.apache.hadoop.ozone.protocolPB.OzoneManagerProtocolServerSideTranslatorPB.submitReadRequestToOM(OzoneManagerProtocolServerSideTranslatorPB.java:223) ~[ozone-manager-1.4.0-SNAPSHOT.jar:?]
	at org.apache.hadoop.ozone.protocolPB.OzoneManagerProtocolServerSideTranslatorPB.processRequest(OzoneManagerProtocolServerSideTranslatorPB.java:177) ~[ozone-manager-1.4.0-SNAPSHOT.jar:?]
	at org.apache.hadoop.hdds.server.OzoneProtocolMessageDispatcher.processRequest(OzoneProtocolMessageDispatcher.java:87) [hdds-server-framework-1.4.0-SNAPSHOT.jar:?]
	at org.apache.hadoop.ozone.protocolPB.OzoneManagerProtocolServerSideTranslatorPB.submitRequest(OzoneManagerProtocolServerSideTranslatorPB.java:147) [ozone-manager-1.4.0-SNAPSHOT.jar:?]
	at org.apache.hadoop.ozone.protocol.proto.OzoneManagerProtocolProtos$OzoneManagerService$2.callBlockingMethod(OzoneManagerProtocolProtos.java) [ozone-interface-client-1.4.0-SNAPSHOT.jar:?]
	at org.apache.hadoop.ipc.ProtobufRpcEngine$Server.processCall(ProtobufRpcEngine.java:484) [hadoop-common-3.3.5.jar:?]
	at org.apache.hadoop.ipc.ProtobufRpcEngine2$Server$ProtoBufRpcInvoker.call(ProtobufRpcEngine2.java:595) [hadoop-common-3.3.5.jar:?]
	at org.apache.hadoop.ipc.ProtobufRpcEngine2$Server$ProtoBufRpcInvoker.call(ProtobufRpcEngine2.java:573) [hadoop-common-3.3.5.jar:?]
	at org.apache.hadoop.ipc.RPC$Server.call(RPC.java:1213) [hadoop-common-3.3.5.jar:?]
	at org.apache.hadoop.ipc.Server$RpcCall.run(Server.java:1089) [hadoop-common-3.3.5.jar:?]
	at org.apache.hadoop.ipc.Server$RpcCall.run(Server.java:1012) [hadoop-common-3.3.5.jar:?]
	at java.security.AccessController.doPrivileged(Native Method) ~[?:1.8.0_372]
	at javax.security.auth.Subject.doAs(Subject.java:422) [?:1.8.0_372]
	at org.apache.hadoop.security.UserGroupInformation.doAs(UserGroupInformation.java:1899) [hadoop-common-3.3.5.jar:?]
	at org.apache.hadoop.ipc.Server$Handler.run(Server.java:3026) [hadoop-common-3.3.5.jar:?]
13:17:28.480 [IPC Server handler 5 on default port 15004] ERROR OMAudit - user=runner | ip=127.0.0.1 | op=GET_FILE_STATUS {volume=volume-30266, bucket=bucket-23633, key=.Trash/runner, dataSize=0, replicationConfig=null} | ret=FAILURE
org.apache.hadoop.ozone.om.exceptions.OMException: Unable to get file status: volume: volume-30266 bucket: bucket-23633 key: .Trash/runner
	at org.apache.hadoop.ozone.om.KeyManagerImpl.getOzoneFileStatusFSO(KeyManagerImpl.java:1310) ~[ozone-manager-1.4.0-SNAPSHOT.jar:?]
	at org.apache.hadoop.ozone.om.KeyManagerImpl.getFileStatus(KeyManagerImpl.java:1102) ~[ozone-manager-1.4.0-SNAPSHOT.jar:?]
	at org.apache.hadoop.ozone.om.OmMetadataReader.getFileStatus(OmMetadataReader.java:286) ~[ozone-manager-1.4.0-SNAPSHOT.jar:?]
	at org.apache.hadoop.ozone.om.OzoneManager.getFileStatus(OzoneManager.java:3499) ~[ozone-manager-1.4.0-SNAPSHOT.jar:?]
	at org.apache.hadoop.ozone.protocolPB.OzoneManagerRequestHandler.getOzoneFileStatus(OzoneManagerRequestHandler.java:950) ~[ozone-manager-1.4.0-SNAPSHOT.jar:?]
	at org.apache.hadoop.ozone.protocolPB.OzoneManagerRequestHandler.handleReadRequest(OzoneManagerRequestHandler.java:245) ~[ozone-manager-1.4.0-SNAPSHOT.jar:?]
	at org.apache.hadoop.ozone.protocolPB.OzoneManagerProtocolServerSideTranslatorPB.submitReadRequestToOM(OzoneManagerProtocolServerSideTranslatorPB.java:223) ~[ozone-manager-1.4.0-SNAPSHOT.jar:?]
	at org.apache.hadoop.ozone.protocolPB.OzoneManagerProtocolServerSideTranslatorPB.processRequest(OzoneManagerProtocolServerSideTranslatorPB.java:177) ~[ozone-manager-1.4.0-SNAPSHOT.jar:?]
	at org.apache.hadoop.hdds.server.OzoneProtocolMessageDispatcher.processRequest(OzoneProtocolMessageDispatcher.java:87) [hdds-server-framework-1.4.0-SNAPSHOT.jar:?]
	at org.apache.hadoop.ozone.protocolPB.OzoneManagerProtocolServerSideTranslatorPB.submitRequest(OzoneManagerProtocolServerSideTranslatorPB.java:147) [ozone-manager-1.4.0-SNAPSHOT.jar:?]
	at org.apache.hadoop.ozone.protocol.proto.OzoneManagerProtocolProtos$OzoneManagerService$2.callBlockingMethod(OzoneManagerProtocolProtos.java) [ozone-interface-client-1.4.0-SNAPSHOT.jar:?]
	at org.apache.hadoop.ipc.ProtobufRpcEngine$Server.processCall(ProtobufRpcEngine.java:484) [hadoop-common-3.3.5.jar:?]
	at org.apache.hadoop.ipc.ProtobufRpcEngine2$Server$ProtoBufRpcInvoker.call(ProtobufRpcEngine2.java:595) [hadoop-common-3.3.5.jar:?]
	at org.apache.hadoop.ipc.ProtobufRpcEngine2$Server$ProtoBufRpcInvoker.call(ProtobufRpcEngine2.java:573) [hadoop-common-3.3.5.jar:?]
	at org.apache.hadoop.ipc.RPC$Server.call(RPC.java:1213) [hadoop-common-3.3.5.jar:?]
	at org.apache.hadoop.ipc.Server$RpcCall.run(Server.java:1089) [hadoop-common-3.3.5.jar:?]
	at org.apache.hadoop.ipc.Server$RpcCall.run(Server.java:1012) [hadoop-common-3.3.5.jar:?]
	at java.security.AccessController.doPrivileged(Native Method) ~[?:1.8.0_372]
	at javax.security.auth.Subject.doAs(Subject.java:422) [?:1.8.0_372]
	at org.apache.hadoop.security.UserGroupInformation.doAs(UserGroupInformation.java:1899) [hadoop-common-3.3.5.jar:?]
	at org.apache.hadoop.ipc.Server$Handler.run(Server.java:3026) [hadoop-common-3.3.5.jar:?]
13:17:28.483 [IPC Server handler 10 on default port 15004] ERROR OMAudit - user=runner | ip=127.0.0.1 | op=GET_FILE_STATUS {volume=volume25213, bucket=bucket16617, key=.Trash/runner, dataSize=0, replicationConfig=null} | ret=FAILURE
org.apache.hadoop.ozone.om.exceptions.OMException: Unable to get file status: volume: volume25213 bucket: bucket16617 key: .Trash/runner
	at org.apache.hadoop.ozone.om.KeyManagerImpl.getOzoneFileStatusFSO(KeyManagerImpl.java:1310) ~[ozone-manager-1.4.0-SNAPSHOT.jar:?]
	at org.apache.hadoop.ozone.om.KeyManagerImpl.getFileStatus(KeyManagerImpl.java:1102) ~[ozone-manager-1.4.0-SNAPSHOT.jar:?]
	at org.apache.hadoop.ozone.om.OmMetadataReader.getFileStatus(OmMetadataReader.java:286) ~[ozone-manager-1.4.0-SNAPSHOT.jar:?]
	at org.apache.hadoop.ozone.om.OzoneManager.getFileStatus(OzoneManager.java:3499) ~[ozone-manager-1.4.0-SNAPSHOT.jar:?]
	at org.apache.hadoop.ozone.protocolPB.OzoneManagerRequestHandler.getOzoneFileStatus(OzoneManagerRequestHandler.java:950) ~[ozone-manager-1.4.0-SNAPSHOT.jar:?]
	at org.apache.hadoop.ozone.protocolPB.OzoneManagerRequestHandler.handleReadRequest(OzoneManagerRequestHandler.java:245) ~[ozone-manager-1.4.0-SNAPSHOT.jar:?]
	at org.apache.hadoop.ozone.protocolPB.OzoneManagerProtocolServerSideTranslatorPB.submitReadRequestToOM(OzoneManagerProtocolServerSideTranslatorPB.java:223) ~[ozone-manager-1.4.0-SNAPSHOT.jar:?]
	at org.apache.hadoop.ozone.protocolPB.OzoneManagerProtocolServerSideTranslatorPB.processRequest(OzoneManagerProtocolServerSideTranslatorPB.java:177) ~[ozone-manager-1.4.0-SNAPSHOT.jar:?]
	at org.apache.hadoop.hdds.server.OzoneProtocolMessageDispatcher.processRequest(OzoneProtocolMessageDispatcher.java:87) [hdds-server-framework-1.4.0-SNAPSHOT.jar:?]
	at org.apache.hadoop.ozone.protocolPB.OzoneManagerProtocolServerSideTranslatorPB.submitRequest(OzoneManagerProtocolServerSideTranslatorPB.java:147) [ozone-manager-1.4.0-SNAPSHOT.jar:?]
	at org.apache.hadoop.ozone.protocol.proto.OzoneManagerProtocolProtos$OzoneManagerService$2.callBlockingMethod(OzoneManagerProtocolProtos.java) [ozone-interface-client-1.4.0-SNAPSHOT.jar:?]
	at org.apache.hadoop.ipc.ProtobufRpcEngine$Server.processCall(ProtobufRpcEngine.java:484) [hadoop-common-3.3.5.jar:?]
	at org.apache.hadoop.ipc.ProtobufRpcEngine2$Server$ProtoBufRpcInvoker.call(ProtobufRpcEngine2.java:595) [hadoop-common-3.3.5.jar:?]
	at org.apache.hadoop.ipc.ProtobufRpcEngine2$Server$ProtoBufRpcInvoker.call(ProtobufRpcEngine2.java:573) [hadoop-common-3.3.5.jar:?]
	at org.apache.hadoop.ipc.RPC$Server.call(RPC.java:1213) [hadoop-common-3.3.5.jar:?]
	at org.apache.hadoop.ipc.Server$RpcCall.run(Server.java:1089) [hadoop-common-3.3.5.jar:?]
	at org.apache.hadoop.ipc.Server$RpcCall.run(Server.java:1012) [hadoop-common-3.3.5.jar:?]
	at java.security.AccessController.doPrivileged(Native Method) ~[?:1.8.0_372]
	at javax.security.auth.Subject.doAs(Subject.java:422) [?:1.8.0_372]
	at org.apache.hadoop.security.UserGroupInformation.doAs(UserGroupInformation.java:1899) [hadoop-common-3.3.5.jar:?]
	at org.apache.hadoop.ipc.Server$Handler.run(Server.java:3026) [hadoop-common-3.3.5.jar:?]
13:17:28.489 [IPC Server handler 12 on default port 15004] ERROR OMAudit - user=runner | ip=127.0.0.1 | op=GET_FILE_STATUS {volume=afaf26cd-9661-4d26-a038-3f0518d5b24b, bucket=945a806b-5cb8-4c19-b022-c1c1bf817262, key=.Trash, dataSize=0, replicationConfig=null} | ret=FAILURE
org.apache.hadoop.ozone.om.exceptions.OMException: Unable to get file status: volume: afaf26cd-9661-4d26-a038-3f0518d5b24b bucket: 945a806b-5cb8-4c19-b022-c1c1bf817262 key: .Trash
	at org.apache.hadoop.ozone.om.KeyManagerImpl.getOzoneFileStatus(KeyManagerImpl.java:1186) ~[ozone-manager-1.4.0-SNAPSHOT.jar:?]
	at org.apache.hadoop.ozone.om.KeyManagerImpl.getFileStatus(KeyManagerImpl.java:1104) ~[ozone-manager-1.4.0-SNAPSHOT.jar:?]
	at org.apache.hadoop.ozone.om.OmMetadataReader.getFileStatus(OmMetadataReader.java:286) ~[ozone-manager-1.4.0-SNAPSHOT.jar:?]
	at org.apache.hadoop.ozone.om.OzoneManager.getFileStatus(OzoneManager.java:3499) ~[ozone-manager-1.4.0-SNAPSHOT.jar:?]
	at org.apache.hadoop.ozone.protocolPB.OzoneManagerRequestHandler.getOzoneFileStatus(OzoneManagerRequestHandler.java:950) ~[ozone-manager-1.4.0-SNAPSHOT.jar:?]
	at org.apache.hadoop.ozone.protocolPB.OzoneManagerRequestHandler.handleReadRequest(OzoneManagerRequestHandler.java:245) ~[ozone-manager-1.4.0-SNAPSHOT.jar:?]
	at org.apache.hadoop.ozone.protocolPB.OzoneManagerProtocolServerSideTranslatorPB.submitReadRequestToOM(OzoneManagerProtocolServerSideTranslatorPB.java:223) ~[ozone-manager-1.4.0-SNAPSHOT.jar:?]
	at org.apache.hadoop.ozone.protocolPB.OzoneManagerProtocolServerSideTranslatorPB.processRequest(OzoneManagerProtocolServerSideTranslatorPB.java:177) ~[ozone-manager-1.4.0-SNAPSHOT.jar:?]
	at org.apache.hadoop.hdds.server.OzoneProtocolMessageDispatcher.processRequest(OzoneProtocolMessageDispatcher.java:87) [hdds-server-framework-1.4.0-SNAPSHOT.jar:?]
	at org.apache.hadoop.ozone.protocolPB.OzoneManagerProtocolServerSideTranslatorPB.submitRequest(OzoneManagerProtocolServerSideTranslatorPB.java:147) [ozone-manager-1.4.0-SNAPSHOT.jar:?]
	at org.apache.hadoop.ozone.protocol.proto.OzoneManagerProtocolProtos$OzoneManagerService$2.callBlockingMethod(OzoneManagerProtocolProtos.java) [ozone-interface-client-1.4.0-SNAPSHOT.jar:?]
	at org.apache.hadoop.ipc.ProtobufRpcEngine$Server.processCall(ProtobufRpcEngine.java:484) [hadoop-common-3.3.5.jar:?]
	at org.apache.hadoop.ipc.ProtobufRpcEngine2$Server$ProtoBufRpcInvoker.call(ProtobufRpcEngine2.java:595) [hadoop-common-3.3.5.jar:?]
	at org.apache.hadoop.ipc.ProtobufRpcEngine2$Server$ProtoBufRpcInvoker.call(ProtobufRpcEngine2.java:573) [hadoop-common-3.3.5.jar:?]
	at org.apache.hadoop.ipc.RPC$Server.call(RPC.java:1213) [hadoop-common-3.3.5.jar:?]
	at org.apache.hadoop.ipc.Server$RpcCall.run(Server.java:1089) [hadoop-common-3.3.5.jar:?]
	at org.apache.hadoop.ipc.Server$RpcCall.run(Server.java:1012) [hadoop-common-3.3.5.jar:?]
	at java.security.AccessController.doPrivileged(Native Method) ~[?:1.8.0_372]
	at javax.security.auth.Subject.doAs(Subject.java:422) [?:1.8.0_372]
	at org.apache.hadoop.security.UserGroupInformation.doAs(UserGroupInformation.java:1899) [hadoop-common-3.3.5.jar:?]
	at org.apache.hadoop.ipc.Server$Handler.run(Server.java:3026) [hadoop-common-3.3.5.jar:?]
13:17:28.492 [IPC Server handler 0 on default port 15004] ERROR OMAudit - user=runner | ip=127.0.0.1 | op=GET_FILE_STATUS {volume=volume-10734, bucket=bucket-06643, key=.Trash, dataSize=0, replicationConfig=null} | ret=FAILURE
org.apache.hadoop.ozone.om.exceptions.OMException: Unable to get file status: volume: volume-10734 bucket: bucket-06643 key: .Trash
	at org.apache.hadoop.ozone.om.KeyManagerImpl.getOzoneFileStatusFSO(KeyManagerImpl.java:1310) ~[ozone-manager-1.4.0-SNAPSHOT.jar:?]
	at org.apache.hadoop.ozone.om.KeyManagerImpl.getFileStatus(KeyManagerImpl.java:1102) ~[ozone-manager-1.4.0-SNAPSHOT.jar:?]
	at org.apache.hadoop.ozone.om.OmMetadataReader.getFileStatus(OmMetadataReader.java:286) ~[ozone-manager-1.4.0-SNAPSHOT.jar:?]
	at org.apache.hadoop.ozone.om.OzoneManager.getFileStatus(OzoneManager.java:3499) ~[ozone-manager-1.4.0-SNAPSHOT.jar:?]
	at org.apache.hadoop.ozone.protocolPB.OzoneManagerRequestHandler.getOzoneFileStatus(OzoneManagerRequestHandler.java:950) ~[ozone-manager-1.4.0-SNAPSHOT.jar:?]
	at org.apache.hadoop.ozone.protocolPB.OzoneManagerRequestHandler.handleReadRequest(OzoneManagerRequestHandler.java:245) ~[ozone-manager-1.4.0-SNAPSHOT.jar:?]
	at org.apache.hadoop.ozone.protocolPB.OzoneManagerProtocolServerSideTranslatorPB.submitReadRequestToOM(OzoneManagerProtocolServerSideTranslatorPB.java:223) ~[ozone-manager-1.4.0-SNAPSHOT.jar:?]
	at org.apache.hadoop.ozone.protocolPB.OzoneManagerProtocolServerSideTranslatorPB.processRequest(OzoneManagerProtocolServerSideTranslatorPB.java:177) ~[ozone-manager-1.4.0-SNAPSHOT.jar:?]
	at org.apache.hadoop.hdds.server.OzoneProtocolMessageDispatcher.processRequest(OzoneProtocolMessageDispatcher.java:87) [hdds-server-framework-1.4.0-SNAPSHOT.jar:?]
	at org.apache.hadoop.ozone.protocolPB.OzoneManagerProtocolServerSideTranslatorPB.submitRequest(OzoneManagerProtocolServerSideTranslatorPB.java:147) [ozone-manager-1.4.0-SNAPSHOT.jar:?]
	at org.apache.hadoop.ozone.protocol.proto.OzoneManagerProtocolProtos$OzoneManagerService$2.callBlockingMethod(OzoneManagerProtocolProtos.java) [ozone-interface-client-1.4.0-SNAPSHOT.jar:?]
	at org.apache.hadoop.ipc.ProtobufRpcEngine$Server.processCall(ProtobufRpcEngine.java:484) [hadoop-common-3.3.5.jar:?]
	at org.apache.hadoop.ipc.ProtobufRpcEngine2$Server$ProtoBufRpcInvoker.call(ProtobufRpcEngine2.java:595) [hadoop-common-3.3.5.jar:?]
	at org.apache.hadoop.ipc.ProtobufRpcEngine2$Server$ProtoBufRpcInvoker.call(ProtobufRpcEngine2.java:573) [hadoop-common-3.3.5.jar:?]
	at org.apache.hadoop.ipc.RPC$Server.call(RPC.java:1213) [hadoop-common-3.3.5.jar:?]
	at org.apache.hadoop.ipc.Server$RpcCall.run(Server.java:1089) [hadoop-common-3.3.5.jar:?]
	at org.apache.hadoop.ipc.Server$RpcCall.run(Server.java:1012) [hadoop-common-3.3.5.jar:?]
	at java.security.AccessController.doPrivileged(Native Method) ~[?:1.8.0_372]
	at javax.security.auth.Subject.doAs(Subject.java:422) [?:1.8.0_372]
	at org.apache.hadoop.security.UserGroupInformation.doAs(UserGroupInformation.java:1899) [hadoop-common-3.3.5.jar:?]
	at org.apache.hadoop.ipc.Server$Handler.run(Server.java:3026) [hadoop-common-3.3.5.jar:?]
13:17:28.494 [IPC Server handler 4 on default port 15004] ERROR OMAudit - user=runner | ip=127.0.0.1 | op=GET_FILE_STATUS {volume=volume-30266, bucket=bucket-23633, key=.Trash, dataSize=0, replicationConfig=null} | ret=FAILURE
org.apache.hadoop.ozone.om.exceptions.OMException: Unable to get file status: volume: volume-30266 bucket: bucket-23633 key: .Trash
	at org.apache.hadoop.ozone.om.KeyManagerImpl.getOzoneFileStatusFSO(KeyManagerImpl.java:1310) ~[ozone-manager-1.4.0-SNAPSHOT.jar:?]
	at org.apache.hadoop.ozone.om.KeyManagerImpl.getFileStatus(KeyManagerImpl.java:1102) ~[ozone-manager-1.4.0-SNAPSHOT.jar:?]
	at org.apache.hadoop.ozone.om.OmMetadataReader.getFileStatus(OmMetadataReader.java:286) ~[ozone-manager-1.4.0-SNAPSHOT.jar:?]
	at org.apache.hadoop.ozone.om.OzoneManager.getFileStatus(OzoneManager.java:3499) ~[ozone-manager-1.4.0-SNAPSHOT.jar:?]
	at org.apache.hadoop.ozone.protocolPB.OzoneManagerRequestHandler.getOzoneFileStatus(OzoneManagerRequestHandler.java:950) ~[ozone-manager-1.4.0-SNAPSHOT.jar:?]
	at org.apache.hadoop.ozone.protocolPB.OzoneManagerRequestHandler.handleReadRequest(OzoneManagerRequestHandler.java:245) ~[ozone-manager-1.4.0-SNAPSHOT.jar:?]
	at org.apache.hadoop.ozone.protocolPB.OzoneManagerProtocolServerSideTranslatorPB.submitReadRequestToOM(OzoneManagerProtocolServerSideTranslatorPB.java:223) ~[ozone-manager-1.4.0-SNAPSHOT.jar:?]
	at org.apache.hadoop.ozone.protocolPB.OzoneManagerProtocolServerSideTranslatorPB.processRequest(OzoneManagerProtocolServerSideTranslatorPB.java:177) ~[ozone-manager-1.4.0-SNAPSHOT.jar:?]
	at org.apache.hadoop.hdds.server.OzoneProtocolMessageDispatcher.processRequest(OzoneProtocolMessageDispatcher.java:87) [hdds-server-framework-1.4.0-SNAPSHOT.jar:?]
	at org.apache.hadoop.ozone.protocolPB.OzoneManagerProtocolServerSideTranslatorPB.submitRequest(OzoneManagerProtocolServerSideTranslatorPB.java:147) [ozone-manager-1.4.0-SNAPSHOT.jar:?]
	at org.apache.hadoop.ozone.protocol.proto.OzoneManagerProtocolProtos$OzoneManagerService$2.callBlockingMethod(OzoneManagerProtocolProtos.java) [ozone-interface-client-1.4.0-SNAPSHOT.jar:?]
	at org.apache.hadoop.ipc.ProtobufRpcEngine$Server.processCall(ProtobufRpcEngine.java:484) [hadoop-common-3.3.5.jar:?]
	at org.apache.hadoop.ipc.ProtobufRpcEngine2$Server$ProtoBufRpcInvoker.call(ProtobufRpcEngine2.java:595) [hadoop-common-3.3.5.jar:?]
	at org.apache.hadoop.ipc.ProtobufRpcEngine2$Server$ProtoBufRpcInvoker.call(ProtobufRpcEngine2.java:573) [hadoop-common-3.3.5.jar:?]
	at org.apache.hadoop.ipc.RPC$Server.call(RPC.java:1213) [hadoop-common-3.3.5.jar:?]
	at org.apache.hadoop.ipc.Server$RpcCall.run(Server.java:1089) [hadoop-common-3.3.5.jar:?]
	at org.apache.hadoop.ipc.Server$RpcCall.run(Server.java:1012) [hadoop-common-3.3.5.jar:?]
	at java.security.AccessController.doPrivileged(Native Method) ~[?:1.8.0_372]
	at javax.security.auth.Subject.doAs(Subject.java:422) [?:1.8.0_372]
	at org.apache.hadoop.security.UserGroupInformation.doAs(UserGroupInformation.java:1899) [hadoop-common-3.3.5.jar:?]
	at org.apache.hadoop.ipc.Server$Handler.run(Server.java:3026) [hadoop-common-3.3.5.jar:?]
13:17:28.496 [IPC Server handler 3 on default port 15004] ERROR OMAudit - user=runner | ip=127.0.0.1 | op=GET_FILE_STATUS {volume=volume25213, bucket=bucket16617, key=.Trash, dataSize=0, replicationConfig=null} | ret=FAILURE
org.apache.hadoop.ozone.om.exceptions.OMException: Unable to get file status: volume: volume25213 bucket: bucket16617 key: .Trash
	at org.apache.hadoop.ozone.om.KeyManagerImpl.getOzoneFileStatusFSO(KeyManagerImpl.java:1310) ~[ozone-manager-1.4.0-SNAPSHOT.jar:?]
	at org.apache.hadoop.ozone.om.KeyManagerImpl.getFileStatus(KeyManagerImpl.java:1102) ~[ozone-manager-1.4.0-SNAPSHOT.jar:?]
	at org.apache.hadoop.ozone.om.OmMetadataReader.getFileStatus(OmMetadataReader.java:286) ~[ozone-manager-1.4.0-SNAPSHOT.jar:?]
	at org.apache.hadoop.ozone.om.OzoneManager.getFileStatus(OzoneManager.java:3499) ~[ozone-manager-1.4.0-SNAPSHOT.jar:?]
	at org.apache.hadoop.ozone.protocolPB.OzoneManagerRequestHandler.getOzoneFileStatus(OzoneManagerRequestHandler.java:950) ~[ozone-manager-1.4.0-SNAPSHOT.jar:?]
	at org.apache.hadoop.ozone.protocolPB.OzoneManagerRequestHandler.handleReadRequest(OzoneManagerRequestHandler.java:245) ~[ozone-manager-1.4.0-SNAPSHOT.jar:?]
	at org.apache.hadoop.ozone.protocolPB.OzoneManagerProtocolServerSideTranslatorPB.submitReadRequestToOM(OzoneManagerProtocolServerSideTranslatorPB.java:223) ~[ozone-manager-1.4.0-SNAPSHOT.jar:?]
	at org.apache.hadoop.ozone.protocolPB.OzoneManagerProtocolServerSideTranslatorPB.processRequest(OzoneManagerProtocolServerSideTranslatorPB.java:177) ~[ozone-manager-1.4.0-SNAPSHOT.jar:?]
	at org.apache.hadoop.hdds.server.OzoneProtocolMessageDispatcher.processRequest(OzoneProtocolMessageDispatcher.java:87) [hdds-server-framework-1.4.0-SNAPSHOT.jar:?]
	at org.apache.hadoop.ozone.protocolPB.OzoneManagerProtocolServerSideTranslatorPB.submitRequest(OzoneManagerProtocolServerSideTranslatorPB.java:147) [ozone-manager-1.4.0-SNAPSHOT.jar:?]
	at org.apache.hadoop.ozone.protocol.proto.OzoneManagerProtocolProtos$OzoneManagerService$2.callBlockingMethod(OzoneManagerProtocolProtos.java) [ozone-interface-client-1.4.0-SNAPSHOT.jar:?]
	at org.apache.hadoop.ipc.ProtobufRpcEngine$Server.processCall(ProtobufRpcEngine.java:484) [hadoop-common-3.3.5.jar:?]
	at org.apache.hadoop.ipc.ProtobufRpcEngine2$Server$ProtoBufRpcInvoker.call(ProtobufRpcEngine2.java:595) [hadoop-common-3.3.5.jar:?]
	at org.apache.hadoop.ipc.ProtobufRpcEngine2$Server$ProtoBufRpcInvoker.call(ProtobufRpcEngine2.java:573) [hadoop-common-3.3.5.jar:?]
	at org.apache.hadoop.ipc.RPC$Server.call(RPC.java:1213) [hadoop-common-3.3.5.jar:?]
	at org.apache.hadoop.ipc.Server$RpcCall.run(Server.java:1089) [hadoop-common-3.3.5.jar:?]
	at org.apache.hadoop.ipc.Server$RpcCall.run(Server.java:1012) [hadoop-common-3.3.5.jar:?]
	at java.security.AccessController.doPrivileged(Native Method) ~[?:1.8.0_372]
	at javax.security.auth.Subject.doAs(Subject.java:422) [?:1.8.0_372]
	at org.apache.hadoop.security.UserGroupInformation.doAs(UserGroupInformation.java:1899) [hadoop-common-3.3.5.jar:?]
	at org.apache.hadoop.ipc.Server$Handler.run(Server.java:3026) [hadoop-common-3.3.5.jar:?]
13:17:28.499 [IPC Server handler 18 on default port 15004] ERROR OMAudit - user=runner | ip=127.0.0.1 | op=GET_FILE_STATUS {volume=volume48420, bucket=bucket01231, key=.Trash, dataSize=0, replicationConfig=null} | ret=FAILURE
org.apache.hadoop.ozone.om.exceptions.OMException: Unable to get file status: volume: volume48420 bucket: bucket01231 key: .Trash
	at org.apache.hadoop.ozone.om.KeyManagerImpl.getOzoneFileStatusFSO(KeyManagerImpl.java:1310) ~[ozone-manager-1.4.0-SNAPSHOT.jar:?]
	at org.apache.hadoop.ozone.om.KeyManagerImpl.getFileStatus(KeyManagerImpl.java:1102) ~[ozone-manager-1.4.0-SNAPSHOT.jar:?]
	at org.apache.hadoop.ozone.om.OmMetadataReader.getFileStatus(OmMetadataReader.java:286) ~[ozone-manager-1.4.0-SNAPSHOT.jar:?]
	at org.apache.hadoop.ozone.om.OzoneManager.getFileStatus(OzoneManager.java:3499) ~[ozone-manager-1.4.0-SNAPSHOT.jar:?]
	at org.apache.hadoop.ozone.protocolPB.OzoneManagerRequestHandler.getOzoneFileStatus(OzoneManagerRequestHandler.java:950) ~[ozone-manager-1.4.0-SNAPSHOT.jar:?]
	at org.apache.hadoop.ozone.protocolPB.OzoneManagerRequestHandler.handleReadRequest(OzoneManagerRequestHandler.java:245) ~[ozone-manager-1.4.0-SNAPSHOT.jar:?]
	at org.apache.hadoop.ozone.protocolPB.OzoneManagerProtocolServerSideTranslatorPB.submitReadRequestToOM(OzoneManagerProtocolServerSideTranslatorPB.java:223) ~[ozone-manager-1.4.0-SNAPSHOT.jar:?]
	at org.apache.hadoop.ozone.protocolPB.OzoneManagerProtocolServerSideTranslatorPB.processRequest(OzoneManagerProtocolServerSideTranslatorPB.java:177) ~[ozone-manager-1.4.0-SNAPSHOT.jar:?]
	at org.apache.hadoop.hdds.server.OzoneProtocolMessageDispatcher.processRequest(OzoneProtocolMessageDispatcher.java:87) [hdds-server-framework-1.4.0-SNAPSHOT.jar:?]
	at org.apache.hadoop.ozone.protocolPB.OzoneManagerProtocolServerSideTranslatorPB.submitRequest(OzoneManagerProtocolServerSideTranslatorPB.java:147) [ozone-manager-1.4.0-SNAPSHOT.jar:?]
	at org.apache.hadoop.ozone.protocol.proto.OzoneManagerProtocolProtos$OzoneManagerService$2.callBlockingMethod(OzoneManagerProtocolProtos.java) [ozone-interface-client-1.4.0-SNAPSHOT.jar:?]
	at org.apache.hadoop.ipc.ProtobufRpcEngine$Server.processCall(ProtobufRpcEngine.java:484) [hadoop-common-3.3.5.jar:?]
	at org.apache.hadoop.ipc.ProtobufRpcEngine2$Server$ProtoBufRpcInvoker.call(ProtobufRpcEngine2.java:595) [hadoop-common-3.3.5.jar:?]
	at org.apache.hadoop.ipc.ProtobufRpcEngine2$Server$ProtoBufRpcInvoker.call(ProtobufRpcEngine2.java:573) [hadoop-common-3.3.5.jar:?]
	at org.apache.hadoop.ipc.RPC$Server.call(RPC.java:1213) [hadoop-common-3.3.5.jar:?]
	at org.apache.hadoop.ipc.Server$RpcCall.run(Server.java:1089) [hadoop-common-3.3.5.jar:?]
	at org.apache.hadoop.ipc.Server$RpcCall.run(Server.java:1012) [hadoop-common-3.3.5.jar:?]
	at java.security.AccessController.doPrivileged(Native Method) ~[?:1.8.0_372]
	at javax.security.auth.Subject.doAs(Subject.java:422) [?:1.8.0_372]
	at org.apache.hadoop.security.UserGroupInformation.doAs(UserGroupInformation.java:1899) [hadoop-common-3.3.5.jar:?]
	at org.apache.hadoop.ipc.Server$Handler.run(Server.java:3026) [hadoop-common-3.3.5.jar:?]
13:17:28.505 [IPC Server handler 1 on default port 15004] ERROR OMAudit - user=runner | ip=127.0.0.1 | op=GET_FILE_STATUS {volume=volume-10734, bucket=bucket-06643, key=.Trash/runner, dataSize=0, replicationConfig=null} | ret=FAILURE
org.apache.hadoop.ozone.om.exceptions.OMException: Unable to get file status: volume: volume-10734 bucket: bucket-06643 key: .Trash/runner
	at org.apache.hadoop.ozone.om.KeyManagerImpl.getOzoneFileStatusFSO(KeyManagerImpl.java:1310) ~[ozone-manager-1.4.0-SNAPSHOT.jar:?]
	at org.apache.hadoop.ozone.om.KeyManagerImpl.getFileStatus(KeyManagerImpl.java:1102) ~[ozone-manager-1.4.0-SNAPSHOT.jar:?]
	at org.apache.hadoop.ozone.om.OmMetadataReader.getFileStatus(OmMetadataReader.java:286) ~[ozone-manager-1.4.0-SNAPSHOT.jar:?]
	at org.apache.hadoop.ozone.om.OzoneManager.getFileStatus(OzoneManager.java:3499) ~[ozone-manager-1.4.0-SNAPSHOT.jar:?]
	at org.apache.hadoop.ozone.protocolPB.OzoneManagerRequestHandler.getOzoneFileStatus(OzoneManagerRequestHandler.java:950) ~[ozone-manager-1.4.0-SNAPSHOT.jar:?]
	at org.apache.hadoop.ozone.protocolPB.OzoneManagerRequestHandler.handleReadRequest(OzoneManagerRequestHandler.java:245) ~[ozone-manager-1.4.0-SNAPSHOT.jar:?]
	at org.apache.hadoop.ozone.protocolPB.OzoneManagerProtocolServerSideTranslatorPB.submitReadRequestToOM(OzoneManagerProtocolServerSideTranslatorPB.java:223) ~[ozone-manager-1.4.0-SNAPSHOT.jar:?]
	at org.apache.hadoop.ozone.protocolPB.OzoneManagerProtocolServerSideTranslatorPB.processRequest(OzoneManagerProtocolServerSideTranslatorPB.java:177) ~[ozone-manager-1.4.0-SNAPSHOT.jar:?]
	at org.apache.hadoop.hdds.server.OzoneProtocolMessageDispatcher.processRequest(OzoneProtocolMessageDispatcher.java:87) [hdds-server-framework-1.4.0-SNAPSHOT.jar:?]
	at org.apache.hadoop.ozone.protocolPB.OzoneManagerProtocolServerSideTranslatorPB.submitRequest(OzoneManagerProtocolServerSideTranslatorPB.java:147) [ozone-manager-1.4.0-SNAPSHOT.jar:?]
	at org.apache.hadoop.ozone.protocol.proto.OzoneManagerProtocolProtos$OzoneManagerService$2.callBlockingMethod(OzoneManagerProtocolProtos.java) [ozone-interface-client-1.4.0-SNAPSHOT.jar:?]
	at org.apache.hadoop.ipc.ProtobufRpcEngine$Server.processCall(ProtobufRpcEngine.java:484) [hadoop-common-3.3.5.jar:?]
	at org.apache.hadoop.ipc.ProtobufRpcEngine2$Server$ProtoBufRpcInvoker.call(ProtobufRpcEngine2.java:595) [hadoop-common-3.3.5.jar:?]
	at org.apache.hadoop.ipc.ProtobufRpcEngine2$Server$ProtoBufRpcInvoker.call(ProtobufRpcEngine2.java:573) [hadoop-common-3.3.5.jar:?]
	at org.apache.hadoop.ipc.RPC$Server.call(RPC.java:1213) [hadoop-common-3.3.5.jar:?]
	at org.apache.hadoop.ipc.Server$RpcCall.run(Server.java:1089) [hadoop-common-3.3.5.jar:?]
	at org.apache.hadoop.ipc.Server$RpcCall.run(Server.java:1012) [hadoop-common-3.3.5.jar:?]
	at java.security.AccessController.doPrivileged(Native Method) ~[?:1.8.0_372]
	at javax.security.auth.Subject.doAs(Subject.java:422) [?:1.8.0_372]
	at org.apache.hadoop.security.UserGroupInformation.doAs(UserGroupInformation.java:1899) [hadoop-common-3.3.5.jar:?]
	at org.apache.hadoop.ipc.Server$Handler.run(Server.java:3026) [hadoop-common-3.3.5.jar:?]
13:17:28.507 [IPC Server handler 6 on default port 15004] ERROR OMAudit - user=runner | ip=127.0.0.1 | op=GET_FILE_STATUS {volume=volume-30266, bucket=bucket-23633, key=.Trash/runner, dataSize=0, replicationConfig=null} | ret=FAILURE
org.apache.hadoop.ozone.om.exceptions.OMException: Unable to get file status: volume: volume-30266 bucket: bucket-23633 key: .Trash/runner
	at org.apache.hadoop.ozone.om.KeyManagerImpl.getOzoneFileStatusFSO(KeyManagerImpl.java:1310) ~[ozone-manager-1.4.0-SNAPSHOT.jar:?]
	at org.apache.hadoop.ozone.om.KeyManagerImpl.getFileStatus(KeyManagerImpl.java:1102) ~[ozone-manager-1.4.0-SNAPSHOT.jar:?]
	at org.apache.hadoop.ozone.om.OmMetadataReader.getFileStatus(OmMetadataReader.java:286) ~[ozone-manager-1.4.0-SNAPSHOT.jar:?]
	at org.apache.hadoop.ozone.om.OzoneManager.getFileStatus(OzoneManager.java:3499) ~[ozone-manager-1.4.0-SNAPSHOT.jar:?]
	at org.apache.hadoop.ozone.protocolPB.OzoneManagerRequestHandler.getOzoneFileStatus(OzoneManagerRequestHandler.java:950) ~[ozone-manager-1.4.0-SNAPSHOT.jar:?]
	at org.apache.hadoop.ozone.protocolPB.OzoneManagerRequestHandler.handleReadRequest(OzoneManagerRequestHandler.java:245) ~[ozone-manager-1.4.0-SNAPSHOT.jar:?]
	at org.apache.hadoop.ozone.protocolPB.OzoneManagerProtocolServerSideTranslatorPB.submitReadRequestToOM(OzoneManagerProtocolServerSideTranslatorPB.java:223) ~[ozone-manager-1.4.0-SNAPSHOT.jar:?]
	at org.apache.hadoop.ozone.protocolPB.OzoneManagerProtocolServerSideTranslatorPB.processRequest(OzoneManagerProtocolServerSideTranslatorPB.java:177) ~[ozone-manager-1.4.0-SNAPSHOT.jar:?]
	at org.apache.hadoop.hdds.server.OzoneProtocolMessageDispatcher.processRequest(OzoneProtocolMessageDispatcher.java:87) [hdds-server-framework-1.4.0-SNAPSHOT.jar:?]
	at org.apache.hadoop.ozone.protocolPB.OzoneManagerProtocolServerSideTranslatorPB.submitRequest(OzoneManagerProtocolServerSideTranslatorPB.java:147) [ozone-manager-1.4.0-SNAPSHOT.jar:?]
	at org.apache.hadoop.ozone.protocol.proto.OzoneManagerProtocolProtos$OzoneManagerService$2.callBlockingMethod(OzoneManagerProtocolProtos.java) [ozone-interface-client-1.4.0-SNAPSHOT.jar:?]
	at org.apache.hadoop.ipc.ProtobufRpcEngine$Server.processCall(ProtobufRpcEngine.java:484) [hadoop-common-3.3.5.jar:?]
	at org.apache.hadoop.ipc.ProtobufRpcEngine2$Server$ProtoBufRpcInvoker.call(ProtobufRpcEngine2.java:595) [hadoop-common-3.3.5.jar:?]
	at org.apache.hadoop.ipc.ProtobufRpcEngine2$Server$ProtoBufRpcInvoker.call(ProtobufRpcEngine2.java:573) [hadoop-common-3.3.5.jar:?]
	at org.apache.hadoop.ipc.RPC$Server.call(RPC.java:1213) [hadoop-common-3.3.5.jar:?]
	at org.apache.hadoop.ipc.Server$RpcCall.run(Server.java:1089) [hadoop-common-3.3.5.jar:?]
	at org.apache.hadoop.ipc.Server$RpcCall.run(Server.java:1012) [hadoop-common-3.3.5.jar:?]
	at java.security.AccessController.doPrivileged(Native Method) ~[?:1.8.0_372]
	at javax.security.auth.Subject.doAs(Subject.java:422) [?:1.8.0_372]
	at org.apache.hadoop.security.UserGroupInformation.doAs(UserGroupInformation.java:1899) [hadoop-common-3.3.5.jar:?]
	at org.apache.hadoop.ipc.Server$Handler.run(Server.java:3026) [hadoop-common-3.3.5.jar:?]
13:17:28.516 [IPC Server handler 1 on default port 15004] ERROR OMAudit - user=runner | ip=127.0.0.1 | op=GET_FILE_STATUS {volume=afaf26cd-9661-4d26-a038-3f0518d5b24b, bucket=945a806b-5cb8-4c19-b022-c1c1bf817262, key=.Trash, dataSize=0, replicationConfig=null} | ret=FAILURE
org.apache.hadoop.ozone.om.exceptions.OMException: Unable to get file status: volume: afaf26cd-9661-4d26-a038-3f0518d5b24b bucket: 945a806b-5cb8-4c19-b022-c1c1bf817262 key: .Trash
	at org.apache.hadoop.ozone.om.KeyManagerImpl.getOzoneFileStatus(KeyManagerImpl.java:1186) ~[ozone-manager-1.4.0-SNAPSHOT.jar:?]
	at org.apache.hadoop.ozone.om.KeyManagerImpl.getFileStatus(KeyManagerImpl.java:1104) ~[ozone-manager-1.4.0-SNAPSHOT.jar:?]
	at org.apache.hadoop.ozone.om.OmMetadataReader.getFileStatus(OmMetadataReader.java:286) ~[ozone-manager-1.4.0-SNAPSHOT.jar:?]
	at org.apache.hadoop.ozone.om.OzoneManager.getFileStatus(OzoneManager.java:3499) ~[ozone-manager-1.4.0-SNAPSHOT.jar:?]
	at org.apache.hadoop.ozone.protocolPB.OzoneManagerRequestHandler.getOzoneFileStatus(OzoneManagerRequestHandler.java:950) ~[ozone-manager-1.4.0-SNAPSHOT.jar:?]
	at org.apache.hadoop.ozone.protocolPB.OzoneManagerRequestHandler.handleReadRequest(OzoneManagerRequestHandler.java:245) ~[ozone-manager-1.4.0-SNAPSHOT.jar:?]
	at org.apache.hadoop.ozone.protocolPB.OzoneManagerProtocolServerSideTranslatorPB.submitReadRequestToOM(OzoneManagerProtocolServerSideTranslatorPB.java:223) ~[ozone-manager-1.4.0-SNAPSHOT.jar:?]
	at org.apache.hadoop.ozone.protocolPB.OzoneManagerProtocolServerSideTranslatorPB.processRequest(OzoneManagerProtocolServerSideTranslatorPB.java:177) ~[ozone-manager-1.4.0-SNAPSHOT.jar:?]
	at org.apache.hadoop.hdds.server.OzoneProtocolMessageDispatcher.processRequest(OzoneProtocolMessageDispatcher.java:87) [hdds-server-framework-1.4.0-SNAPSHOT.jar:?]
	at org.apache.hadoop.ozone.protocolPB.OzoneManagerProtocolServerSideTranslatorPB.submitRequest(OzoneManagerProtocolServerSideTranslatorPB.java:147) [ozone-manager-1.4.0-SNAPSHOT.jar:?]
	at org.apache.hadoop.ozone.protocol.proto.OzoneManagerProtocolProtos$OzoneManagerService$2.callBlockingMethod(OzoneManagerProtocolProtos.java) [ozone-interface-client-1.4.0-SNAPSHOT.jar:?]
	at org.apache.hadoop.ipc.ProtobufRpcEngine$Server.processCall(ProtobufRpcEngine.java:484) [hadoop-common-3.3.5.jar:?]
	at org.apache.hadoop.ipc.ProtobufRpcEngine2$Server$ProtoBufRpcInvoker.call(ProtobufRpcEngine2.java:595) [hadoop-common-3.3.5.jar:?]
	at org.apache.hadoop.ipc.ProtobufRpcEngine2$Server$ProtoBufRpcInvoker.call(ProtobufRpcEngine2.java:573) [hadoop-common-3.3.5.jar:?]
	at org.apache.hadoop.ipc.RPC$Server.call(RPC.java:1213) [hadoop-common-3.3.5.jar:?]
	at org.apache.hadoop.ipc.Server$RpcCall.run(Server.java:1089) [hadoop-common-3.3.5.jar:?]
	at org.apache.hadoop.ipc.Server$RpcCall.run(Server.java:1012) [hadoop-common-3.3.5.jar:?]
	at java.security.AccessController.doPrivileged(Native Method) ~[?:1.8.0_372]
	at javax.security.auth.Subject.doAs(Subject.java:422) [?:1.8.0_372]
	at org.apache.hadoop.security.UserGroupInformation.doAs(UserGroupInformation.java:1899) [hadoop-common-3.3.5.jar:?]
	at org.apache.hadoop.ipc.Server$Handler.run(Server.java:3026) [hadoop-common-3.3.5.jar:?]
13:17:28.519 [IPC Server handler 11 on default port 15004] ERROR OMAudit - user=runner | ip=127.0.0.1 | op=GET_FILE_STATUS {volume=volume-10734, bucket=bucket-06643, key=.Trash, dataSize=0, replicationConfig=null} | ret=FAILURE
org.apache.hadoop.ozone.om.exceptions.OMException: Unable to get file status: volume: volume-10734 bucket: bucket-06643 key: .Trash
	at org.apache.hadoop.ozone.om.KeyManagerImpl.getOzoneFileStatusFSO(KeyManagerImpl.java:1310) ~[ozone-manager-1.4.0-SNAPSHOT.jar:?]
	at org.apache.hadoop.ozone.om.KeyManagerImpl.getFileStatus(KeyManagerImpl.java:1102) ~[ozone-manager-1.4.0-SNAPSHOT.jar:?]
	at org.apache.hadoop.ozone.om.OmMetadataReader.getFileStatus(OmMetadataReader.java:286) ~[ozone-manager-1.4.0-SNAPSHOT.jar:?]
	at org.apache.hadoop.ozone.om.OzoneManager.getFileStatus(OzoneManager.java:3499) ~[ozone-manager-1.4.0-SNAPSHOT.jar:?]
	at org.apache.hadoop.ozone.protocolPB.OzoneManagerRequestHandler.getOzoneFileStatus(OzoneManagerRequestHandler.java:950) ~[ozone-manager-1.4.0-SNAPSHOT.jar:?]
	at org.apache.hadoop.ozone.protocolPB.OzoneManagerRequestHandler.handleReadRequest(OzoneManagerRequestHandler.java:245) ~[ozone-manager-1.4.0-SNAPSHOT.jar:?]
	at org.apache.hadoop.ozone.protocolPB.OzoneManagerProtocolServerSideTranslatorPB.submitReadRequestToOM(OzoneManagerProtocolServerSideTranslatorPB.java:223) ~[ozone-manager-1.4.0-SNAPSHOT.jar:?]
	at org.apache.hadoop.ozone.protocolPB.OzoneManagerProtocolServerSideTranslatorPB.processRequest(OzoneManagerProtocolServerSideTranslatorPB.java:177) ~[ozone-manager-1.4.0-SNAPSHOT.jar:?]
	at org.apache.hadoop.hdds.server.OzoneProtocolMessageDispatcher.processRequest(OzoneProtocolMessageDispatcher.java:87) [hdds-server-framework-1.4.0-SNAPSHOT.jar:?]
	at org.apache.hadoop.ozone.protocolPB.OzoneManagerProtocolServerSideTranslatorPB.submitRequest(OzoneManagerProtocolServerSideTranslatorPB.java:147) [ozone-manager-1.4.0-SNAPSHOT.jar:?]
	at org.apache.hadoop.ozone.protocol.proto.OzoneManagerProtocolProtos$OzoneManagerService$2.callBlockingMethod(OzoneManagerProtocolProtos.java) [ozone-interface-client-1.4.0-SNAPSHOT.jar:?]
	at org.apache.hadoop.ipc.ProtobufRpcEngine$Server.processCall(ProtobufRpcEngine.java:484) [hadoop-common-3.3.5.jar:?]
	at org.apache.hadoop.ipc.ProtobufRpcEngine2$Server$ProtoBufRpcInvoker.call(ProtobufRpcEngine2.java:595) [hadoop-common-3.3.5.jar:?]
	at org.apache.hadoop.ipc.ProtobufRpcEngine2$Server$ProtoBufRpcInvoker.call(ProtobufRpcEngine2.java:573) [hadoop-common-3.3.5.jar:?]
	at org.apache.hadoop.ipc.RPC$Server.call(RPC.java:1213) [hadoop-common-3.3.5.jar:?]
	at org.apache.hadoop.ipc.Server$RpcCall.run(Server.java:1089) [hadoop-common-3.3.5.jar:?]
	at org.apache.hadoop.ipc.Server$RpcCall.run(Server.java:1012) [hadoop-common-3.3.5.jar:?]
	at java.security.AccessController.doPrivileged(Native Method) ~[?:1.8.0_372]
	at javax.security.auth.Subject.doAs(Subject.java:422) [?:1.8.0_372]
	at org.apache.hadoop.security.UserGroupInformation.doAs(UserGroupInformation.java:1899) [hadoop-common-3.3.5.jar:?]
	at org.apache.hadoop.ipc.Server$Handler.run(Server.java:3026) [hadoop-common-3.3.5.jar:?]
13:17:28.521 [IPC Server handler 8 on default port 15004] ERROR OMAudit - user=runner | ip=127.0.0.1 | op=GET_FILE_STATUS {volume=volume-30266, bucket=bucket-23633, key=.Trash, dataSize=0, replicationConfig=null} | ret=FAILURE
org.apache.hadoop.ozone.om.exceptions.OMException: Unable to get file status: volume: volume-30266 bucket: bucket-23633 key: .Trash
	at org.apache.hadoop.ozone.om.KeyManagerImpl.getOzoneFileStatusFSO(KeyManagerImpl.java:1310) ~[ozone-manager-1.4.0-SNAPSHOT.jar:?]
	at org.apache.hadoop.ozone.om.KeyManagerImpl.getFileStatus(KeyManagerImpl.java:1102) ~[ozone-manager-1.4.0-SNAPSHOT.jar:?]
	at org.apache.hadoop.ozone.om.OmMetadataReader.getFileStatus(OmMetadataReader.java:286) ~[ozone-manager-1.4.0-SNAPSHOT.jar:?]
	at org.apache.hadoop.ozone.om.OzoneManager.getFileStatus(OzoneManager.java:3499) ~[ozone-manager-1.4.0-SNAPSHOT.jar:?]
	at org.apache.hadoop.ozone.protocolPB.OzoneManagerRequestHandler.getOzoneFileStatus(OzoneManagerRequestHandler.java:950) ~[ozone-manager-1.4.0-SNAPSHOT.jar:?]
	at org.apache.hadoop.ozone.protocolPB.OzoneManagerRequestHandler.handleReadRequest(OzoneManagerRequestHandler.java:245) ~[ozone-manager-1.4.0-SNAPSHOT.jar:?]
	at org.apache.hadoop.ozone.protocolPB.OzoneManagerProtocolServerSideTranslatorPB.submitReadRequestToOM(OzoneManagerProtocolServerSideTranslatorPB.java:223) ~[ozone-manager-1.4.0-SNAPSHOT.jar:?]
	at org.apache.hadoop.ozone.protocolPB.OzoneManagerProtocolServerSideTranslatorPB.processRequest(OzoneManagerProtocolServerSideTranslatorPB.java:177) ~[ozone-manager-1.4.0-SNAPSHOT.jar:?]
	at org.apache.hadoop.hdds.server.OzoneProtocolMessageDispatcher.processRequest(OzoneProtocolMessageDispatcher.java:87) [hdds-server-framework-1.4.0-SNAPSHOT.jar:?]
	at org.apache.hadoop.ozone.protocolPB.OzoneManagerProtocolServerSideTranslatorPB.submitRequest(OzoneManagerProtocolServerSideTranslatorPB.java:147) [ozone-manager-1.4.0-SNAPSHOT.jar:?]
	at org.apache.hadoop.ozone.protocol.proto.OzoneManagerProtocolProtos$OzoneManagerService$2.callBlockingMethod(OzoneManagerProtocolProtos.java) [ozone-interface-client-1.4.0-SNAPSHOT.jar:?]
	at org.apache.hadoop.ipc.ProtobufRpcEngine$Server.processCall(ProtobufRpcEngine.java:484) [hadoop-common-3.3.5.jar:?]
	at org.apache.hadoop.ipc.ProtobufRpcEngine2$Server$ProtoBufRpcInvoker.call(ProtobufRpcEngine2.java:595) [hadoop-common-3.3.5.jar:?]
	at org.apache.hadoop.ipc.ProtobufRpcEngine2$Server$ProtoBufRpcInvoker.call(ProtobufRpcEngine2.java:573) [hadoop-common-3.3.5.jar:?]
	at org.apache.hadoop.ipc.RPC$Server.call(RPC.java:1213) [hadoop-common-3.3.5.jar:?]
	at org.apache.hadoop.ipc.Server$RpcCall.run(Server.java:1089) [hadoop-common-3.3.5.jar:?]
	at org.apache.hadoop.ipc.Server$RpcCall.run(Server.java:1012) [hadoop-common-3.3.5.jar:?]
	at java.security.AccessController.doPrivileged(Native Method) ~[?:1.8.0_372]
	at javax.security.auth.Subject.doAs(Subject.java:422) [?:1.8.0_372]
	at org.apache.hadoop.security.UserGroupInformation.doAs(UserGroupInformation.java:1899) [hadoop-common-3.3.5.jar:?]
	at org.apache.hadoop.ipc.Server$Handler.run(Server.java:3026) [hadoop-common-3.3.5.jar:?]
13:17:28.529 [IPC Server handler 5 on default port 15004] ERROR OMAudit - user=runner | ip=127.0.0.1 | op=GET_FILE_STATUS {volume=volume48420, bucket=bucket01231, key=.Trash, dataSize=0, replicationConfig=null} | ret=FAILURE
org.apache.hadoop.ozone.om.exceptions.OMException: Unable to get file status: volume: volume48420 bucket: bucket01231 key: .Trash
	at org.apache.hadoop.ozone.om.KeyManagerImpl.getOzoneFileStatusFSO(KeyManagerImpl.java:1310) ~[ozone-manager-1.4.0-SNAPSHOT.jar:?]
	at org.apache.hadoop.ozone.om.KeyManagerImpl.getFileStatus(KeyManagerImpl.java:1102) ~[ozone-manager-1.4.0-SNAPSHOT.jar:?]
	at org.apache.hadoop.ozone.om.OmMetadataReader.getFileStatus(OmMetadataReader.java:286) ~[ozone-manager-1.4.0-SNAPSHOT.jar:?]
	at org.apache.hadoop.ozone.om.OzoneManager.getFileStatus(OzoneManager.java:3499) ~[ozone-manager-1.4.0-SNAPSHOT.jar:?]
	at org.apache.hadoop.ozone.protocolPB.OzoneManagerRequestHandler.getOzoneFileStatus(OzoneManagerRequestHandler.java:950) ~[ozone-manager-1.4.0-SNAPSHOT.jar:?]
	at org.apache.hadoop.ozone.protocolPB.OzoneManagerRequestHandler.handleReadRequest(OzoneManagerRequestHandler.java:245) ~[ozone-manager-1.4.0-SNAPSHOT.jar:?]
	at org.apache.hadoop.ozone.protocolPB.OzoneManagerProtocolServerSideTranslatorPB.submitReadRequestToOM(OzoneManagerProtocolServerSideTranslatorPB.java:223) ~[ozone-manager-1.4.0-SNAPSHOT.jar:?]
	at org.apache.hadoop.ozone.protocolPB.OzoneManagerProtocolServerSideTranslatorPB.processRequest(OzoneManagerProtocolServerSideTranslatorPB.java:177) ~[ozone-manager-1.4.0-SNAPSHOT.jar:?]
	at org.apache.hadoop.hdds.server.OzoneProtocolMessageDispatcher.processRequest(OzoneProtocolMessageDispatcher.java:87) [hdds-server-framework-1.4.0-SNAPSHOT.jar:?]
	at org.apache.hadoop.ozone.protocolPB.OzoneManagerProtocolServerSideTranslatorPB.submitRequest(OzoneManagerProtocolServerSideTranslatorPB.java:147) [ozone-manager-1.4.0-SNAPSHOT.jar:?]
	at org.apache.hadoop.ozone.protocol.proto.OzoneManagerProtocolProtos$OzoneManagerService$2.callBlockingMethod(OzoneManagerProtocolProtos.java) [ozone-interface-client-1.4.0-SNAPSHOT.jar:?]
	at org.apache.hadoop.ipc.ProtobufRpcEngine$Server.processCall(ProtobufRpcEngine.java:484) [hadoop-common-3.3.5.jar:?]
	at org.apache.hadoop.ipc.ProtobufRpcEngine2$Server$ProtoBufRpcInvoker.call(ProtobufRpcEngine2.java:595) [hadoop-common-3.3.5.jar:?]
	at org.apache.hadoop.ipc.ProtobufRpcEngine2$Server$ProtoBufRpcInvoker.call(ProtobufRpcEngine2.java:573) [hadoop-common-3.3.5.jar:?]
	at org.apache.hadoop.ipc.RPC$Server.call(RPC.java:1213) [hadoop-common-3.3.5.jar:?]
	at org.apache.hadoop.ipc.Server$RpcCall.run(Server.java:1089) [hadoop-common-3.3.5.jar:?]
	at org.apache.hadoop.ipc.Server$RpcCall.run(Server.java:1012) [hadoop-common-3.3.5.jar:?]
	at java.security.AccessController.doPrivileged(Native Method) ~[?:1.8.0_372]
	at javax.security.auth.Subject.doAs(Subject.java:422) [?:1.8.0_372]
	at org.apache.hadoop.security.UserGroupInformation.doAs(UserGroupInformation.java:1899) [hadoop-common-3.3.5.jar:?]
	at org.apache.hadoop.ipc.Server$Handler.run(Server.java:3026) [hadoop-common-3.3.5.jar:?]
13:17:28.534 [IPC Server handler 7 on default port 15004] ERROR OMAudit - user=runner | ip=127.0.0.1 | op=GET_FILE_STATUS {volume=volume-10734, bucket=bucket-06643, key=.Trash/runner, dataSize=0, replicationConfig=null} | ret=FAILURE
org.apache.hadoop.ozone.om.exceptions.OMException: Unable to get file status: volume: volume-10734 bucket: bucket-06643 key: .Trash/runner
	at org.apache.hadoop.ozone.om.KeyManagerImpl.getOzoneFileStatusFSO(KeyManagerImpl.java:1310) ~[ozone-manager-1.4.0-SNAPSHOT.jar:?]
	at org.apache.hadoop.ozone.om.KeyManagerImpl.getFileStatus(KeyManagerImpl.java:1102) ~[ozone-manager-1.4.0-SNAPSHOT.jar:?]
	at org.apache.hadoop.ozone.om.OmMetadataReader.getFileStatus(OmMetadataReader.java:286) ~[ozone-manager-1.4.0-SNAPSHOT.jar:?]
	at org.apache.hadoop.ozone.om.OzoneManager.getFileStatus(OzoneManager.java:3499) ~[ozone-manager-1.4.0-SNAPSHOT.jar:?]
	at org.apache.hadoop.ozone.protocolPB.OzoneManagerRequestHandler.getOzoneFileStatus(OzoneManagerRequestHandler.java:950) ~[ozone-manager-1.4.0-SNAPSHOT.jar:?]
	at org.apache.hadoop.ozone.protocolPB.OzoneManagerRequestHandler.handleReadRequest(OzoneManagerRequestHandler.java:245) ~[ozone-manager-1.4.0-SNAPSHOT.jar:?]
	at org.apache.hadoop.ozone.protocolPB.OzoneManagerProtocolServerSideTranslatorPB.submitReadRequestToOM(OzoneManagerProtocolServerSideTranslatorPB.java:223) ~[ozone-manager-1.4.0-SNAPSHOT.jar:?]
	at org.apache.hadoop.ozone.protocolPB.OzoneManagerProtocolServerSideTranslatorPB.processRequest(OzoneManagerProtocolServerSideTranslatorPB.java:177) ~[ozone-manager-1.4.0-SNAPSHOT.jar:?]
	at org.apache.hadoop.hdds.server.OzoneProtocolMessageDispatcher.processRequest(OzoneProtocolMessageDispatcher.java:87) [hdds-server-framework-1.4.0-SNAPSHOT.jar:?]
	at org.apache.hadoop.ozone.protocolPB.OzoneManagerProtocolServerSideTranslatorPB.submitRequest(OzoneManagerProtocolServerSideTranslatorPB.java:147) [ozone-manager-1.4.0-SNAPSHOT.jar:?]
	at org.apache.hadoop.ozone.protocol.proto.OzoneManagerProtocolProtos$OzoneManagerService$2.callBlockingMethod(OzoneManagerProtocolProtos.java) [ozone-interface-client-1.4.0-SNAPSHOT.jar:?]
	at org.apache.hadoop.ipc.ProtobufRpcEngine$Server.processCall(ProtobufRpcEngine.java:484) [hadoop-common-3.3.5.jar:?]
	at org.apache.hadoop.ipc.ProtobufRpcEngine2$Server$ProtoBufRpcInvoker.call(ProtobufRpcEngine2.java:595) [hadoop-common-3.3.5.jar:?]
	at org.apache.hadoop.ipc.ProtobufRpcEngine2$Server$ProtoBufRpcInvoker.call(ProtobufRpcEngine2.java:573) [hadoop-common-3.3.5.jar:?]
	at org.apache.hadoop.ipc.RPC$Server.call(RPC.java:1213) [hadoop-common-3.3.5.jar:?]
	at org.apache.hadoop.ipc.Server$RpcCall.run(Server.java:1089) [hadoop-common-3.3.5.jar:?]
	at org.apache.hadoop.ipc.Server$RpcCall.run(Server.java:1012) [hadoop-common-3.3.5.jar:?]
	at java.security.AccessController.doPrivileged(Native Method) ~[?:1.8.0_372]
	at javax.security.auth.Subject.doAs(Subject.java:422) [?:1.8.0_372]
	at org.apache.hadoop.security.UserGroupInformation.doAs(UserGroupInformation.java:1899) [hadoop-common-3.3.5.jar:?]
	at org.apache.hadoop.ipc.Server$Handler.run(Server.java:3026) [hadoop-common-3.3.5.jar:?]
13:17:28.536 [IPC Server handler 12 on default port 15004] ERROR OMAudit - user=runner | ip=127.0.0.1 | op=GET_FILE_STATUS {volume=volume-30266, bucket=bucket-23633, key=.Trash/runner, dataSize=0, replicationConfig=null} | ret=FAILURE
org.apache.hadoop.ozone.om.exceptions.OMException: Unable to get file status: volume: volume-30266 bucket: bucket-23633 key: .Trash/runner
	at org.apache.hadoop.ozone.om.KeyManagerImpl.getOzoneFileStatusFSO(KeyManagerImpl.java:1310) ~[ozone-manager-1.4.0-SNAPSHOT.jar:?]
	at org.apache.hadoop.ozone.om.KeyManagerImpl.getFileStatus(KeyManagerImpl.java:1102) ~[ozone-manager-1.4.0-SNAPSHOT.jar:?]
	at org.apache.hadoop.ozone.om.OmMetadataReader.getFileStatus(OmMetadataReader.java:286) ~[ozone-manager-1.4.0-SNAPSHOT.jar:?]
	at org.apache.hadoop.ozone.om.OzoneManager.getFileStatus(OzoneManager.java:3499) ~[ozone-manager-1.4.0-SNAPSHOT.jar:?]
	at org.apache.hadoop.ozone.protocolPB.OzoneManagerRequestHandler.getOzoneFileStatus(OzoneManagerRequestHandler.java:950) ~[ozone-manager-1.4.0-SNAPSHOT.jar:?]
	at org.apache.hadoop.ozone.protocolPB.OzoneManagerRequestHandler.handleReadRequest(OzoneManagerRequestHandler.java:245) ~[ozone-manager-1.4.0-SNAPSHOT.jar:?]
	at org.apache.hadoop.ozone.protocolPB.OzoneManagerProtocolServerSideTranslatorPB.submitReadRequestToOM(OzoneManagerProtocolServerSideTranslatorPB.java:223) ~[ozone-manager-1.4.0-SNAPSHOT.jar:?]
	at org.apache.hadoop.ozone.protocolPB.OzoneManagerProtocolServerSideTranslatorPB.processRequest(OzoneManagerProtocolServerSideTranslatorPB.java:177) ~[ozone-manager-1.4.0-SNAPSHOT.jar:?]
	at org.apache.hadoop.hdds.server.OzoneProtocolMessageDispatcher.processRequest(OzoneProtocolMessageDispatcher.java:87) [hdds-server-framework-1.4.0-SNAPSHOT.jar:?]
	at org.apache.hadoop.ozone.protocolPB.OzoneManagerProtocolServerSideTranslatorPB.submitRequest(OzoneManagerProtocolServerSideTranslatorPB.java:147) [ozone-manager-1.4.0-SNAPSHOT.jar:?]
	at org.apache.hadoop.ozone.protocol.proto.OzoneManagerProtocolProtos$OzoneManagerService$2.callBlockingMethod(OzoneManagerProtocolProtos.java) [ozone-interface-client-1.4.0-SNAPSHOT.jar:?]
	at org.apache.hadoop.ipc.ProtobufRpcEngine$Server.processCall(ProtobufRpcEngine.java:484) [hadoop-common-3.3.5.jar:?]
	at org.apache.hadoop.ipc.ProtobufRpcEngine2$Server$ProtoBufRpcInvoker.call(ProtobufRpcEngine2.java:595) [hadoop-common-3.3.5.jar:?]
	at org.apache.hadoop.ipc.ProtobufRpcEngine2$Server$ProtoBufRpcInvoker.call(ProtobufRpcEngine2.java:573) [hadoop-common-3.3.5.jar:?]
	at org.apache.hadoop.ipc.RPC$Server.call(RPC.java:1213) [hadoop-common-3.3.5.jar:?]
	at org.apache.hadoop.ipc.Server$RpcCall.run(Server.java:1089) [hadoop-common-3.3.5.jar:?]
	at org.apache.hadoop.ipc.Server$RpcCall.run(Server.java:1012) [hadoop-common-3.3.5.jar:?]
	at java.security.AccessController.doPrivileged(Native Method) ~[?:1.8.0_372]
	at javax.security.auth.Subject.doAs(Subject.java:422) [?:1.8.0_372]
	at org.apache.hadoop.security.UserGroupInformation.doAs(UserGroupInformation.java:1899) [hadoop-common-3.3.5.jar:?]
	at org.apache.hadoop.ipc.Server$Handler.run(Server.java:3026) [hadoop-common-3.3.5.jar:?]
13:17:28.546 [IPC Server handler 7 on default port 15004] ERROR OMAudit - user=runner | ip=127.0.0.1 | op=GET_FILE_STATUS {volume=afaf26cd-9661-4d26-a038-3f0518d5b24b, bucket=945a806b-5cb8-4c19-b022-c1c1bf817262, key=.Trash, dataSize=0, replicationConfig=null} | ret=FAILURE
org.apache.hadoop.ozone.om.exceptions.OMException: Unable to get file status: volume: afaf26cd-9661-4d26-a038-3f0518d5b24b bucket: 945a806b-5cb8-4c19-b022-c1c1bf817262 key: .Trash
	at org.apache.hadoop.ozone.om.KeyManagerImpl.getOzoneFileStatus(KeyManagerImpl.java:1186) ~[ozone-manager-1.4.0-SNAPSHOT.jar:?]
	at org.apache.hadoop.ozone.om.KeyManagerImpl.getFileStatus(KeyManagerImpl.java:1104) ~[ozone-manager-1.4.0-SNAPSHOT.jar:?]
	at org.apache.hadoop.ozone.om.OmMetadataReader.getFileStatus(OmMetadataReader.java:286) ~[ozone-manager-1.4.0-SNAPSHOT.jar:?]
	at org.apache.hadoop.ozone.om.OzoneManager.getFileStatus(OzoneManager.java:3499) ~[ozone-manager-1.4.0-SNAPSHOT.jar:?]
	at org.apache.hadoop.ozone.protocolPB.OzoneManagerRequestHandler.getOzoneFileStatus(OzoneManagerRequestHandler.java:950) ~[ozone-manager-1.4.0-SNAPSHOT.jar:?]
	at org.apache.hadoop.ozone.protocolPB.OzoneManagerRequestHandler.handleReadRequest(OzoneManagerRequestHandler.java:245) ~[ozone-manager-1.4.0-SNAPSHOT.jar:?]
	at org.apache.hadoop.ozone.protocolPB.OzoneManagerProtocolServerSideTranslatorPB.submitReadRequestToOM(OzoneManagerProtocolServerSideTranslatorPB.java:223) ~[ozone-manager-1.4.0-SNAPSHOT.jar:?]
	at org.apache.hadoop.ozone.protocolPB.OzoneManagerProtocolServerSideTranslatorPB.processRequest(OzoneManagerProtocolServerSideTranslatorPB.java:177) ~[ozone-manager-1.4.0-SNAPSHOT.jar:?]
	at org.apache.hadoop.hdds.server.OzoneProtocolMessageDispatcher.processRequest(OzoneProtocolMessageDispatcher.java:87) [hdds-server-framework-1.4.0-SNAPSHOT.jar:?]
	at org.apache.hadoop.ozone.protocolPB.OzoneManagerProtocolServerSideTranslatorPB.submitRequest(OzoneManagerProtocolServerSideTranslatorPB.java:147) [ozone-manager-1.4.0-SNAPSHOT.jar:?]
	at org.apache.hadoop.ozone.protocol.proto.OzoneManagerProtocolProtos$OzoneManagerService$2.callBlockingMethod(OzoneManagerProtocolProtos.java) [ozone-interface-client-1.4.0-SNAPSHOT.jar:?]
	at org.apache.hadoop.ipc.ProtobufRpcEngine$Server.processCall(ProtobufRpcEngine.java:484) [hadoop-common-3.3.5.jar:?]
	at org.apache.hadoop.ipc.ProtobufRpcEngine2$Server$ProtoBufRpcInvoker.call(ProtobufRpcEngine2.java:595) [hadoop-common-3.3.5.jar:?]
	at org.apache.hadoop.ipc.ProtobufRpcEngine2$Server$ProtoBufRpcInvoker.call(ProtobufRpcEngine2.java:573) [hadoop-common-3.3.5.jar:?]
	at org.apache.hadoop.ipc.RPC$Server.call(RPC.java:1213) [hadoop-common-3.3.5.jar:?]
	at org.apache.hadoop.ipc.Server$RpcCall.run(Server.java:1089) [hadoop-common-3.3.5.jar:?]
	at org.apache.hadoop.ipc.Server$RpcCall.run(Server.java:1012) [hadoop-common-3.3.5.jar:?]
	at java.security.AccessController.doPrivileged(Native Method) ~[?:1.8.0_372]
	at javax.security.auth.Subject.doAs(Subject.java:422) [?:1.8.0_372]
	at org.apache.hadoop.security.UserGroupInformation.doAs(UserGroupInformation.java:1899) [hadoop-common-3.3.5.jar:?]
	at org.apache.hadoop.ipc.Server$Handler.run(Server.java:3026) [hadoop-common-3.3.5.jar:?]
13:17:28.548 [IPC Server handler 13 on default port 15004] ERROR OMAudit - user=runner | ip=127.0.0.1 | op=GET_FILE_STATUS {volume=volume-10734, bucket=bucket-06643, key=.Trash, dataSize=0, replicationConfig=null} | ret=FAILURE
org.apache.hadoop.ozone.om.exceptions.OMException: Unable to get file status: volume: volume-10734 bucket: bucket-06643 key: .Trash
	at org.apache.hadoop.ozone.om.KeyManagerImpl.getOzoneFileStatusFSO(KeyManagerImpl.java:1310) ~[ozone-manager-1.4.0-SNAPSHOT.jar:?]
	at org.apache.hadoop.ozone.om.KeyManagerImpl.getFileStatus(KeyManagerImpl.java:1102) ~[ozone-manager-1.4.0-SNAPSHOT.jar:?]
	at org.apache.hadoop.ozone.om.OmMetadataReader.getFileStatus(OmMetadataReader.java:286) ~[ozone-manager-1.4.0-SNAPSHOT.jar:?]
	at org.apache.hadoop.ozone.om.OzoneManager.getFileStatus(OzoneManager.java:3499) ~[ozone-manager-1.4.0-SNAPSHOT.jar:?]
	at org.apache.hadoop.ozone.protocolPB.OzoneManagerRequestHandler.getOzoneFileStatus(OzoneManagerRequestHandler.java:950) ~[ozone-manager-1.4.0-SNAPSHOT.jar:?]
	at org.apache.hadoop.ozone.protocolPB.OzoneManagerRequestHandler.handleReadRequest(OzoneManagerRequestHandler.java:245) ~[ozone-manager-1.4.0-SNAPSHOT.jar:?]
	at org.apache.hadoop.ozone.protocolPB.OzoneManagerProtocolServerSideTranslatorPB.submitReadRequestToOM(OzoneManagerProtocolServerSideTranslatorPB.java:223) ~[ozone-manager-1.4.0-SNAPSHOT.jar:?]
	at org.apache.hadoop.ozone.protocolPB.OzoneManagerProtocolServerSideTranslatorPB.processRequest(OzoneManagerProtocolServerSideTranslatorPB.java:177) ~[ozone-manager-1.4.0-SNAPSHOT.jar:?]
	at org.apache.hadoop.hdds.server.OzoneProtocolMessageDispatcher.processRequest(OzoneProtocolMessageDispatcher.java:87) [hdds-server-framework-1.4.0-SNAPSHOT.jar:?]
	at org.apache.hadoop.ozone.protocolPB.OzoneManagerProtocolServerSideTranslatorPB.submitRequest(OzoneManagerProtocolServerSideTranslatorPB.java:147) [ozone-manager-1.4.0-SNAPSHOT.jar:?]
	at org.apache.hadoop.ozone.protocol.proto.OzoneManagerProtocolProtos$OzoneManagerService$2.callBlockingMethod(OzoneManagerProtocolProtos.java) [ozone-interface-client-1.4.0-SNAPSHOT.jar:?]
	at org.apache.hadoop.ipc.ProtobufRpcEngine$Server.processCall(ProtobufRpcEngine.java:484) [hadoop-common-3.3.5.jar:?]
	at org.apache.hadoop.ipc.ProtobufRpcEngine2$Server$ProtoBufRpcInvoker.call(ProtobufRpcEngine2.java:595) [hadoop-common-3.3.5.jar:?]
	at org.apache.hadoop.ipc.ProtobufRpcEngine2$Server$ProtoBufRpcInvoker.call(ProtobufRpcEngine2.java:573) [hadoop-common-3.3.5.jar:?]
	at org.apache.hadoop.ipc.RPC$Server.call(RPC.java:1213) [hadoop-common-3.3.5.jar:?]
	at org.apache.hadoop.ipc.Server$RpcCall.run(Server.java:1089) [hadoop-common-3.3.5.jar:?]
	at org.apache.hadoop.ipc.Server$RpcCall.run(Server.java:1012) [hadoop-common-3.3.5.jar:?]
	at java.security.AccessController.doPrivileged(Native Method) ~[?:1.8.0_372]
	at javax.security.auth.Subject.doAs(Subject.java:422) [?:1.8.0_372]
	at org.apache.hadoop.security.UserGroupInformation.doAs(UserGroupInformation.java:1899) [hadoop-common-3.3.5.jar:?]
	at org.apache.hadoop.ipc.Server$Handler.run(Server.java:3026) [hadoop-common-3.3.5.jar:?]
13:17:28.551 [IPC Server handler 0 on default port 15004] ERROR OMAudit - user=runner | ip=127.0.0.1 | op=GET_FILE_STATUS {volume=volume-30266, bucket=bucket-23633, key=.Trash, dataSize=0, replicationConfig=null} | ret=FAILURE
org.apache.hadoop.ozone.om.exceptions.OMException: Unable to get file status: volume: volume-30266 bucket: bucket-23633 key: .Trash
	at org.apache.hadoop.ozone.om.KeyManagerImpl.getOzoneFileStatusFSO(KeyManagerImpl.java:1310) ~[ozone-manager-1.4.0-SNAPSHOT.jar:?]
	at org.apache.hadoop.ozone.om.KeyManagerImpl.getFileStatus(KeyManagerImpl.java:1102) ~[ozone-manager-1.4.0-SNAPSHOT.jar:?]
	at org.apache.hadoop.ozone.om.OmMetadataReader.getFileStatus(OmMetadataReader.java:286) ~[ozone-manager-1.4.0-SNAPSHOT.jar:?]
	at org.apache.hadoop.ozone.om.OzoneManager.getFileStatus(OzoneManager.java:3499) ~[ozone-manager-1.4.0-SNAPSHOT.jar:?]
	at org.apache.hadoop.ozone.protocolPB.OzoneManagerRequestHandler.getOzoneFileStatus(OzoneManagerRequestHandler.java:950) ~[ozone-manager-1.4.0-SNAPSHOT.jar:?]
	at org.apache.hadoop.ozone.protocolPB.OzoneManagerRequestHandler.handleReadRequest(OzoneManagerRequestHandler.java:245) ~[ozone-manager-1.4.0-SNAPSHOT.jar:?]
	at org.apache.hadoop.ozone.protocolPB.OzoneManagerProtocolServerSideTranslatorPB.submitReadRequestToOM(OzoneManagerProtocolServerSideTranslatorPB.java:223) ~[ozone-manager-1.4.0-SNAPSHOT.jar:?]
	at org.apache.hadoop.ozone.protocolPB.OzoneManagerProtocolServerSideTranslatorPB.processRequest(OzoneManagerProtocolServerSideTranslatorPB.java:177) ~[ozone-manager-1.4.0-SNAPSHOT.jar:?]
	at org.apache.hadoop.hdds.server.OzoneProtocolMessageDispatcher.processRequest(OzoneProtocolMessageDispatcher.java:87) [hdds-server-framework-1.4.0-SNAPSHOT.jar:?]
	at org.apache.hadoop.ozone.protocolPB.OzoneManagerProtocolServerSideTranslatorPB.submitRequest(OzoneManagerProtocolServerSideTranslatorPB.java:147) [ozone-manager-1.4.0-SNAPSHOT.jar:?]
	at org.apache.hadoop.ozone.protocol.proto.OzoneManagerProtocolProtos$OzoneManagerService$2.callBlockingMethod(OzoneManagerProtocolProtos.java) [ozone-interface-client-1.4.0-SNAPSHOT.jar:?]
	at org.apache.hadoop.ipc.ProtobufRpcEngine$Server.processCall(ProtobufRpcEngine.java:484) [hadoop-common-3.3.5.jar:?]
	at org.apache.hadoop.ipc.ProtobufRpcEngine2$Server$ProtoBufRpcInvoker.call(ProtobufRpcEngine2.java:595) [hadoop-common-3.3.5.jar:?]
	at org.apache.hadoop.ipc.ProtobufRpcEngine2$Server$ProtoBufRpcInvoker.call(ProtobufRpcEngine2.java:573) [hadoop-common-3.3.5.jar:?]
	at org.apache.hadoop.ipc.RPC$Server.call(RPC.java:1213) [hadoop-common-3.3.5.jar:?]
	at org.apache.hadoop.ipc.Server$RpcCall.run(Server.java:1089) [hadoop-common-3.3.5.jar:?]
	at org.apache.hadoop.ipc.Server$RpcCall.run(Server.java:1012) [hadoop-common-3.3.5.jar:?]
	at java.security.AccessController.doPrivileged(Native Method) ~[?:1.8.0_372]
	at javax.security.auth.Subject.doAs(Subject.java:422) [?:1.8.0_372]
	at org.apache.hadoop.security.UserGroupInformation.doAs(UserGroupInformation.java:1899) [hadoop-common-3.3.5.jar:?]
	at org.apache.hadoop.ipc.Server$Handler.run(Server.java:3026) [hadoop-common-3.3.5.jar:?]
13:17:28.559 [IPC Server handler 12 on default port 15004] ERROR OMAudit - user=runner | ip=127.0.0.1 | op=GET_FILE_STATUS {volume=volume48420, bucket=bucket01231, key=.Trash, dataSize=0, replicationConfig=null} | ret=FAILURE
org.apache.hadoop.ozone.om.exceptions.OMException: Unable to get file status: volume: volume48420 bucket: bucket01231 key: .Trash
	at org.apache.hadoop.ozone.om.KeyManagerImpl.getOzoneFileStatusFSO(KeyManagerImpl.java:1310) ~[ozone-manager-1.4.0-SNAPSHOT.jar:?]
	at org.apache.hadoop.ozone.om.KeyManagerImpl.getFileStatus(KeyManagerImpl.java:1102) ~[ozone-manager-1.4.0-SNAPSHOT.jar:?]
	at org.apache.hadoop.ozone.om.OmMetadataReader.getFileStatus(OmMetadataReader.java:286) ~[ozone-manager-1.4.0-SNAPSHOT.jar:?]
	at org.apache.hadoop.ozone.om.OzoneManager.getFileStatus(OzoneManager.java:3499) ~[ozone-manager-1.4.0-SNAPSHOT.jar:?]
	at org.apache.hadoop.ozone.protocolPB.OzoneManagerRequestHandler.getOzoneFileStatus(OzoneManagerRequestHandler.java:950) ~[ozone-manager-1.4.0-SNAPSHOT.jar:?]
	at org.apache.hadoop.ozone.protocolPB.OzoneManagerRequestHandler.handleReadRequest(OzoneManagerRequestHandler.java:245) ~[ozone-manager-1.4.0-SNAPSHOT.jar:?]
	at org.apache.hadoop.ozone.protocolPB.OzoneManagerProtocolServerSideTranslatorPB.submitReadRequestToOM(OzoneManagerProtocolServerSideTranslatorPB.java:223) ~[ozone-manager-1.4.0-SNAPSHOT.jar:?]
	at org.apache.hadoop.ozone.protocolPB.OzoneManagerProtocolServerSideTranslatorPB.processRequest(OzoneManagerProtocolServerSideTranslatorPB.java:177) ~[ozone-manager-1.4.0-SNAPSHOT.jar:?]
	at org.apache.hadoop.hdds.server.OzoneProtocolMessageDispatcher.processRequest(OzoneProtocolMessageDispatcher.java:87) [hdds-server-framework-1.4.0-SNAPSHOT.jar:?]
	at org.apache.hadoop.ozone.protocolPB.OzoneManagerProtocolServerSideTranslatorPB.submitRequest(OzoneManagerProtocolServerSideTranslatorPB.java:147) [ozone-manager-1.4.0-SNAPSHOT.jar:?]
	at org.apache.hadoop.ozone.protocol.proto.OzoneManagerProtocolProtos$OzoneManagerService$2.callBlockingMethod(OzoneManagerProtocolProtos.java) [ozone-interface-client-1.4.0-SNAPSHOT.jar:?]
	at org.apache.hadoop.ipc.ProtobufRpcEngine$Server.processCall(ProtobufRpcEngine.java:484) [hadoop-common-3.3.5.jar:?]
	at org.apache.hadoop.ipc.ProtobufRpcEngine2$Server$ProtoBufRpcInvoker.call(ProtobufRpcEngine2.java:595) [hadoop-common-3.3.5.jar:?]
	at org.apache.hadoop.ipc.ProtobufRpcEngine2$Server$ProtoBufRpcInvoker.call(ProtobufRpcEngine2.java:573) [hadoop-common-3.3.5.jar:?]
	at org.apache.hadoop.ipc.RPC$Server.call(RPC.java:1213) [hadoop-common-3.3.5.jar:?]
	at org.apache.hadoop.ipc.Server$RpcCall.run(Server.java:1089) [hadoop-common-3.3.5.jar:?]
	at org.apache.hadoop.ipc.Server$RpcCall.run(Server.java:1012) [hadoop-common-3.3.5.jar:?]
	at java.security.AccessController.doPrivileged(Native Method) ~[?:1.8.0_372]
	at javax.security.auth.Subject.doAs(Subject.java:422) [?:1.8.0_372]
	at org.apache.hadoop.security.UserGroupInformation.doAs(UserGroupInformation.java:1899) [hadoop-common-3.3.5.jar:?]
	at org.apache.hadoop.ipc.Server$Handler.run(Server.java:3026) [hadoop-common-3.3.5.jar:?]
2023-06-22 13:17:28,560 [Time-limited test] INFO  rpc.RpcClient (RpcClient.java:createBucket(686)) - Creating Bucket: volume25213/trashroottest2, with bucket layout FILE_SYSTEM_OPTIMIZED, runner as owner, Versioning false, Storage Type set to DISK and Encryption set to false, Replication Type set to server-side default replication type, Namespace Quota set to -1, Space Quota set to -1 
2023-06-22 13:17:28,561 [OM StateMachine ApplyTransaction Thread - 0] INFO  bucket.OMBucketCreateRequest (OMBucketCreateRequest.java:validateAndUpdateCache(270)) - created bucket: trashroottest2 of layout FILE_SYSTEM_OPTIMIZED in volume: volume25213
13:17:28.608 [IPC Server handler 6 on default port 15004] ERROR OMAudit - user=runner | ip=127.0.0.1 | op=GET_FILE_STATUS {volume=volume-10734, bucket=bucket-06643, key=.Trash/runner, dataSize=0, replicationConfig=null} | ret=FAILURE
org.apache.hadoop.ozone.om.exceptions.OMException: Unable to get file status: volume: volume-10734 bucket: bucket-06643 key: .Trash/runner
	at org.apache.hadoop.ozone.om.KeyManagerImpl.getOzoneFileStatusFSO(KeyManagerImpl.java:1310) ~[ozone-manager-1.4.0-SNAPSHOT.jar:?]
	at org.apache.hadoop.ozone.om.KeyManagerImpl.getFileStatus(KeyManagerImpl.java:1102) ~[ozone-manager-1.4.0-SNAPSHOT.jar:?]
	at org.apache.hadoop.ozone.om.OmMetadataReader.getFileStatus(OmMetadataReader.java:286) ~[ozone-manager-1.4.0-SNAPSHOT.jar:?]
	at org.apache.hadoop.ozone.om.OzoneManager.getFileStatus(OzoneManager.java:3499) ~[ozone-manager-1.4.0-SNAPSHOT.jar:?]
	at org.apache.hadoop.ozone.protocolPB.OzoneManagerRequestHandler.getOzoneFileStatus(OzoneManagerRequestHandler.java:950) ~[ozone-manager-1.4.0-SNAPSHOT.jar:?]
	at org.apache.hadoop.ozone.protocolPB.OzoneManagerRequestHandler.handleReadRequest(OzoneManagerRequestHandler.java:245) ~[ozone-manager-1.4.0-SNAPSHOT.jar:?]
	at org.apache.hadoop.ozone.protocolPB.OzoneManagerProtocolServerSideTranslatorPB.submitReadRequestToOM(OzoneManagerProtocolServerSideTranslatorPB.java:223) ~[ozone-manager-1.4.0-SNAPSHOT.jar:?]
	at org.apache.hadoop.ozone.protocolPB.OzoneManagerProtocolServerSideTranslatorPB.processRequest(OzoneManagerProtocolServerSideTranslatorPB.java:177) ~[ozone-manager-1.4.0-SNAPSHOT.jar:?]
	at org.apache.hadoop.hdds.server.OzoneProtocolMessageDispatcher.processRequest(OzoneProtocolMessageDispatcher.java:87) [hdds-server-framework-1.4.0-SNAPSHOT.jar:?]
	at org.apache.hadoop.ozone.protocolPB.OzoneManagerProtocolServerSideTranslatorPB.submitRequest(OzoneManagerProtocolServerSideTranslatorPB.java:147) [ozone-manager-1.4.0-SNAPSHOT.jar:?]
	at org.apache.hadoop.ozone.protocol.proto.OzoneManagerProtocolProtos$OzoneManagerService$2.callBlockingMethod(OzoneManagerProtocolProtos.java) [ozone-interface-client-1.4.0-SNAPSHOT.jar:?]
	at org.apache.hadoop.ipc.ProtobufRpcEngine$Server.processCall(ProtobufRpcEngine.java:484) [hadoop-common-3.3.5.jar:?]
	at org.apache.hadoop.ipc.ProtobufRpcEngine2$Server$ProtoBufRpcInvoker.call(ProtobufRpcEngine2.java:595) [hadoop-common-3.3.5.jar:?]
	at org.apache.hadoop.ipc.ProtobufRpcEngine2$Server$ProtoBufRpcInvoker.call(ProtobufRpcEngine2.java:573) [hadoop-common-3.3.5.jar:?]
	at org.apache.hadoop.ipc.RPC$Server.call(RPC.java:1213) [hadoop-common-3.3.5.jar:?]
	at org.apache.hadoop.ipc.Server$RpcCall.run(Server.java:1089) [hadoop-common-3.3.5.jar:?]
	at org.apache.hadoop.ipc.Server$RpcCall.run(Server.java:1012) [hadoop-common-3.3.5.jar:?]
	at java.security.AccessController.doPrivileged(Native Method) ~[?:1.8.0_372]
	at javax.security.auth.Subject.doAs(Subject.java:422) [?:1.8.0_372]
	at org.apache.hadoop.security.UserGroupInformation.doAs(UserGroupInformation.java:1899) [hadoop-common-3.3.5.jar:?]
	at org.apache.hadoop.ipc.Server$Handler.run(Server.java:3026) [hadoop-common-3.3.5.jar:?]
13:17:28.610 [IPC Server handler 3 on default port 15004] ERROR OMAudit - user=runner | ip=127.0.0.1 | op=GET_FILE_STATUS {volume=volume-30266, bucket=bucket-23633, key=.Trash/runner, dataSize=0, replicationConfig=null} | ret=FAILURE
org.apache.hadoop.ozone.om.exceptions.OMException: Unable to get file status: volume: volume-30266 bucket: bucket-23633 key: .Trash/runner
	at org.apache.hadoop.ozone.om.KeyManagerImpl.getOzoneFileStatusFSO(KeyManagerImpl.java:1310) ~[ozone-manager-1.4.0-SNAPSHOT.jar:?]
	at org.apache.hadoop.ozone.om.KeyManagerImpl.getFileStatus(KeyManagerImpl.java:1102) ~[ozone-manager-1.4.0-SNAPSHOT.jar:?]
	at org.apache.hadoop.ozone.om.OmMetadataReader.getFileStatus(OmMetadataReader.java:286) ~[ozone-manager-1.4.0-SNAPSHOT.jar:?]
	at org.apache.hadoop.ozone.om.OzoneManager.getFileStatus(OzoneManager.java:3499) ~[ozone-manager-1.4.0-SNAPSHOT.jar:?]
	at org.apache.hadoop.ozone.protocolPB.OzoneManagerRequestHandler.getOzoneFileStatus(OzoneManagerRequestHandler.java:950) ~[ozone-manager-1.4.0-SNAPSHOT.jar:?]
	at org.apache.hadoop.ozone.protocolPB.OzoneManagerRequestHandler.handleReadRequest(OzoneManagerRequestHandler.java:245) ~[ozone-manager-1.4.0-SNAPSHOT.jar:?]
	at org.apache.hadoop.ozone.protocolPB.OzoneManagerProtocolServerSideTranslatorPB.submitReadRequestToOM(OzoneManagerProtocolServerSideTranslatorPB.java:223) ~[ozone-manager-1.4.0-SNAPSHOT.jar:?]
	at org.apache.hadoop.ozone.protocolPB.OzoneManagerProtocolServerSideTranslatorPB.processRequest(OzoneManagerProtocolServerSideTranslatorPB.java:177) ~[ozone-manager-1.4.0-SNAPSHOT.jar:?]
	at org.apache.hadoop.hdds.server.OzoneProtocolMessageDispatcher.processRequest(OzoneProtocolMessageDispatcher.java:87) [hdds-server-framework-1.4.0-SNAPSHOT.jar:?]
	at org.apache.hadoop.ozone.protocolPB.OzoneManagerProtocolServerSideTranslatorPB.submitRequest(OzoneManagerProtocolServerSideTranslatorPB.java:147) [ozone-manager-1.4.0-SNAPSHOT.jar:?]
	at org.apache.hadoop.ozone.protocol.proto.OzoneManagerProtocolProtos$OzoneManagerService$2.callBlockingMethod(OzoneManagerProtocolProtos.java) [ozone-interface-client-1.4.0-SNAPSHOT.jar:?]
	at org.apache.hadoop.ipc.ProtobufRpcEngine$Server.processCall(ProtobufRpcEngine.java:484) [hadoop-common-3.3.5.jar:?]
	at org.apache.hadoop.ipc.ProtobufRpcEngine2$Server$ProtoBufRpcInvoker.call(ProtobufRpcEngine2.java:595) [hadoop-common-3.3.5.jar:?]
	at org.apache.hadoop.ipc.ProtobufRpcEngine2$Server$ProtoBufRpcInvoker.call(ProtobufRpcEngine2.java:573) [hadoop-common-3.3.5.jar:?]
	at org.apache.hadoop.ipc.RPC$Server.call(RPC.java:1213) [hadoop-common-3.3.5.jar:?]
	at org.apache.hadoop.ipc.Server$RpcCall.run(Server.java:1089) [hadoop-common-3.3.5.jar:?]
	at org.apache.hadoop.ipc.Server$RpcCall.run(Server.java:1012) [hadoop-common-3.3.5.jar:?]
	at java.security.AccessController.doPrivileged(Native Method) ~[?:1.8.0_372]
	at javax.security.auth.Subject.doAs(Subject.java:422) [?:1.8.0_372]
	at org.apache.hadoop.security.UserGroupInformation.doAs(UserGroupInformation.java:1899) [hadoop-common-3.3.5.jar:?]
	at org.apache.hadoop.ipc.Server$Handler.run(Server.java:3026) [hadoop-common-3.3.5.jar:?]
13:17:28.623 [IPC Server handler 3 on default port 15004] ERROR OMAudit - user=runner | ip=127.0.0.1 | op=GET_FILE_STATUS {volume=afaf26cd-9661-4d26-a038-3f0518d5b24b, bucket=945a806b-5cb8-4c19-b022-c1c1bf817262, key=.Trash, dataSize=0, replicationConfig=null} | ret=FAILURE
org.apache.hadoop.ozone.om.exceptions.OMException: Unable to get file status: volume: afaf26cd-9661-4d26-a038-3f0518d5b24b bucket: 945a806b-5cb8-4c19-b022-c1c1bf817262 key: .Trash
	at org.apache.hadoop.ozone.om.KeyManagerImpl.getOzoneFileStatus(KeyManagerImpl.java:1186) ~[ozone-manager-1.4.0-SNAPSHOT.jar:?]
	at org.apache.hadoop.ozone.om.KeyManagerImpl.getFileStatus(KeyManagerImpl.java:1104) ~[ozone-manager-1.4.0-SNAPSHOT.jar:?]
	at org.apache.hadoop.ozone.om.OmMetadataReader.getFileStatus(OmMetadataReader.java:286) ~[ozone-manager-1.4.0-SNAPSHOT.jar:?]
	at org.apache.hadoop.ozone.om.OzoneManager.getFileStatus(OzoneManager.java:3499) ~[ozone-manager-1.4.0-SNAPSHOT.jar:?]
	at org.apache.hadoop.ozone.protocolPB.OzoneManagerRequestHandler.getOzoneFileStatus(OzoneManagerRequestHandler.java:950) ~[ozone-manager-1.4.0-SNAPSHOT.jar:?]
	at org.apache.hadoop.ozone.protocolPB.OzoneManagerRequestHandler.handleReadRequest(OzoneManagerRequestHandler.java:245) ~[ozone-manager-1.4.0-SNAPSHOT.jar:?]
	at org.apache.hadoop.ozone.protocolPB.OzoneManagerProtocolServerSideTranslatorPB.submitReadRequestToOM(OzoneManagerProtocolServerSideTranslatorPB.java:223) ~[ozone-manager-1.4.0-SNAPSHOT.jar:?]
	at org.apache.hadoop.ozone.protocolPB.OzoneManagerProtocolServerSideTranslatorPB.processRequest(OzoneManagerProtocolServerSideTranslatorPB.java:177) ~[ozone-manager-1.4.0-SNAPSHOT.jar:?]
	at org.apache.hadoop.hdds.server.OzoneProtocolMessageDispatcher.processRequest(OzoneProtocolMessageDispatcher.java:87) [hdds-server-framework-1.4.0-SNAPSHOT.jar:?]
	at org.apache.hadoop.ozone.protocolPB.OzoneManagerProtocolServerSideTranslatorPB.submitRequest(OzoneManagerProtocolServerSideTranslatorPB.java:147) [ozone-manager-1.4.0-SNAPSHOT.jar:?]
	at org.apache.hadoop.ozone.protocol.proto.OzoneManagerProtocolProtos$OzoneManagerService$2.callBlockingMethod(OzoneManagerProtocolProtos.java) [ozone-interface-client-1.4.0-SNAPSHOT.jar:?]
	at org.apache.hadoop.ipc.ProtobufRpcEngine$Server.processCall(ProtobufRpcEngine.java:484) [hadoop-common-3.3.5.jar:?]
	at org.apache.hadoop.ipc.ProtobufRpcEngine2$Server$ProtoBufRpcInvoker.call(ProtobufRpcEngine2.java:595) [hadoop-common-3.3.5.jar:?]
	at org.apache.hadoop.ipc.ProtobufRpcEngine2$Server$ProtoBufRpcInvoker.call(ProtobufRpcEngine2.java:573) [hadoop-common-3.3.5.jar:?]
	at org.apache.hadoop.ipc.RPC$Server.call(RPC.java:1213) [hadoop-common-3.3.5.jar:?]
	at org.apache.hadoop.ipc.Server$RpcCall.run(Server.java:1089) [hadoop-common-3.3.5.jar:?]
	at org.apache.hadoop.ipc.Server$RpcCall.run(Server.java:1012) [hadoop-common-3.3.5.jar:?]
	at java.security.AccessController.doPrivileged(Native Method) ~[?:1.8.0_372]
	at javax.security.auth.Subject.doAs(Subject.java:422) [?:1.8.0_372]
	at org.apache.hadoop.security.UserGroupInformation.doAs(UserGroupInformation.java:1899) [hadoop-common-3.3.5.jar:?]
	at org.apache.hadoop.ipc.Server$Handler.run(Server.java:3026) [hadoop-common-3.3.5.jar:?]
13:17:28.625 [IPC Server handler 17 on default port 15004] ERROR OMAudit - user=runner | ip=127.0.0.1 | op=GET_FILE_STATUS {volume=volume-10734, bucket=bucket-06643, key=.Trash, dataSize=0, replicationConfig=null} | ret=FAILURE
org.apache.hadoop.ozone.om.exceptions.OMException: Unable to get file status: volume: volume-10734 bucket: bucket-06643 key: .Trash
	at org.apache.hadoop.ozone.om.KeyManagerImpl.getOzoneFileStatusFSO(KeyManagerImpl.java:1310) ~[ozone-manager-1.4.0-SNAPSHOT.jar:?]
	at org.apache.hadoop.ozone.om.KeyManagerImpl.getFileStatus(KeyManagerImpl.java:1102) ~[ozone-manager-1.4.0-SNAPSHOT.jar:?]
	at org.apache.hadoop.ozone.om.OmMetadataReader.getFileStatus(OmMetadataReader.java:286) ~[ozone-manager-1.4.0-SNAPSHOT.jar:?]
	at org.apache.hadoop.ozone.om.OzoneManager.getFileStatus(OzoneManager.java:3499) ~[ozone-manager-1.4.0-SNAPSHOT.jar:?]
	at org.apache.hadoop.ozone.protocolPB.OzoneManagerRequestHandler.getOzoneFileStatus(OzoneManagerRequestHandler.java:950) ~[ozone-manager-1.4.0-SNAPSHOT.jar:?]
	at org.apache.hadoop.ozone.protocolPB.OzoneManagerRequestHandler.handleReadRequest(OzoneManagerRequestHandler.java:245) ~[ozone-manager-1.4.0-SNAPSHOT.jar:?]
	at org.apache.hadoop.ozone.protocolPB.OzoneManagerProtocolServerSideTranslatorPB.submitReadRequestToOM(OzoneManagerProtocolServerSideTranslatorPB.java:223) ~[ozone-manager-1.4.0-SNAPSHOT.jar:?]
	at org.apache.hadoop.ozone.protocolPB.OzoneManagerProtocolServerSideTranslatorPB.processRequest(OzoneManagerProtocolServerSideTranslatorPB.java:177) ~[ozone-manager-1.4.0-SNAPSHOT.jar:?]
	at org.apache.hadoop.hdds.server.OzoneProtocolMessageDispatcher.processRequest(OzoneProtocolMessageDispatcher.java:87) [hdds-server-framework-1.4.0-SNAPSHOT.jar:?]
	at org.apache.hadoop.ozone.protocolPB.OzoneManagerProtocolServerSideTranslatorPB.submitRequest(OzoneManagerProtocolServerSideTranslatorPB.java:147) [ozone-manager-1.4.0-SNAPSHOT.jar:?]
	at org.apache.hadoop.ozone.protocol.proto.OzoneManagerProtocolProtos$OzoneManagerService$2.callBlockingMethod(OzoneManagerProtocolProtos.java) [ozone-interface-client-1.4.0-SNAPSHOT.jar:?]
	at org.apache.hadoop.ipc.ProtobufRpcEngine$Server.processCall(ProtobufRpcEngine.java:484) [hadoop-common-3.3.5.jar:?]
	at org.apache.hadoop.ipc.ProtobufRpcEngine2$Server$ProtoBufRpcInvoker.call(ProtobufRpcEngine2.java:595) [hadoop-common-3.3.5.jar:?]
	at org.apache.hadoop.ipc.ProtobufRpcEngine2$Server$ProtoBufRpcInvoker.call(ProtobufRpcEngine2.java:573) [hadoop-common-3.3.5.jar:?]
	at org.apache.hadoop.ipc.RPC$Server.call(RPC.java:1213) [hadoop-common-3.3.5.jar:?]
	at org.apache.hadoop.ipc.Server$RpcCall.run(Server.java:1089) [hadoop-common-3.3.5.jar:?]
	at org.apache.hadoop.ipc.Server$RpcCall.run(Server.java:1012) [hadoop-common-3.3.5.jar:?]
	at java.security.AccessController.doPrivileged(Native Method) ~[?:1.8.0_372]
	at javax.security.auth.Subject.doAs(Subject.java:422) [?:1.8.0_372]
	at org.apache.hadoop.security.UserGroupInformation.doAs(UserGroupInformation.java:1899) [hadoop-common-3.3.5.jar:?]
	at org.apache.hadoop.ipc.Server$Handler.run(Server.java:3026) [hadoop-common-3.3.5.jar:?]
13:17:28.628 [IPC Server handler 15 on default port 15004] ERROR OMAudit - user=runner | ip=127.0.0.1 | op=GET_FILE_STATUS {volume=volume-30266, bucket=bucket-23633, key=.Trash, dataSize=0, replicationConfig=null} | ret=FAILURE
org.apache.hadoop.ozone.om.exceptions.OMException: Unable to get file status: volume: volume-30266 bucket: bucket-23633 key: .Trash
	at org.apache.hadoop.ozone.om.KeyManagerImpl.getOzoneFileStatusFSO(KeyManagerImpl.java:1310) ~[ozone-manager-1.4.0-SNAPSHOT.jar:?]
	at org.apache.hadoop.ozone.om.KeyManagerImpl.getFileStatus(KeyManagerImpl.java:1102) ~[ozone-manager-1.4.0-SNAPSHOT.jar:?]
	at org.apache.hadoop.ozone.om.OmMetadataReader.getFileStatus(OmMetadataReader.java:286) ~[ozone-manager-1.4.0-SNAPSHOT.jar:?]
	at org.apache.hadoop.ozone.om.OzoneManager.getFileStatus(OzoneManager.java:3499) ~[ozone-manager-1.4.0-SNAPSHOT.jar:?]
	at org.apache.hadoop.ozone.protocolPB.OzoneManagerRequestHandler.getOzoneFileStatus(OzoneManagerRequestHandler.java:950) ~[ozone-manager-1.4.0-SNAPSHOT.jar:?]
	at org.apache.hadoop.ozone.protocolPB.OzoneManagerRequestHandler.handleReadRequest(OzoneManagerRequestHandler.java:245) ~[ozone-manager-1.4.0-SNAPSHOT.jar:?]
	at org.apache.hadoop.ozone.protocolPB.OzoneManagerProtocolServerSideTranslatorPB.submitReadRequestToOM(OzoneManagerProtocolServerSideTranslatorPB.java:223) ~[ozone-manager-1.4.0-SNAPSHOT.jar:?]
	at org.apache.hadoop.ozone.protocolPB.OzoneManagerProtocolServerSideTranslatorPB.processRequest(OzoneManagerProtocolServerSideTranslatorPB.java:177) ~[ozone-manager-1.4.0-SNAPSHOT.jar:?]
	at org.apache.hadoop.hdds.server.OzoneProtocolMessageDispatcher.processRequest(OzoneProtocolMessageDispatcher.java:87) [hdds-server-framework-1.4.0-SNAPSHOT.jar:?]
	at org.apache.hadoop.ozone.protocolPB.OzoneManagerProtocolServerSideTranslatorPB.submitRequest(OzoneManagerProtocolServerSideTranslatorPB.java:147) [ozone-manager-1.4.0-SNAPSHOT.jar:?]
	at org.apache.hadoop.ozone.protocol.proto.OzoneManagerProtocolProtos$OzoneManagerService$2.callBlockingMethod(OzoneManagerProtocolProtos.java) [ozone-interface-client-1.4.0-SNAPSHOT.jar:?]
	at org.apache.hadoop.ipc.ProtobufRpcEngine$Server.processCall(ProtobufRpcEngine.java:484) [hadoop-common-3.3.5.jar:?]
	at org.apache.hadoop.ipc.ProtobufRpcEngine2$Server$ProtoBufRpcInvoker.call(ProtobufRpcEngine2.java:595) [hadoop-common-3.3.5.jar:?]
	at org.apache.hadoop.ipc.ProtobufRpcEngine2$Server$ProtoBufRpcInvoker.call(ProtobufRpcEngine2.java:573) [hadoop-common-3.3.5.jar:?]
	at org.apache.hadoop.ipc.RPC$Server.call(RPC.java:1213) [hadoop-common-3.3.5.jar:?]
	at org.apache.hadoop.ipc.Server$RpcCall.run(Server.java:1089) [hadoop-common-3.3.5.jar:?]
	at org.apache.hadoop.ipc.Server$RpcCall.run(Server.java:1012) [hadoop-common-3.3.5.jar:?]
	at java.security.AccessController.doPrivileged(Native Method) ~[?:1.8.0_372]
	at javax.security.auth.Subject.doAs(Subject.java:422) [?:1.8.0_372]
	at org.apache.hadoop.security.UserGroupInformation.doAs(UserGroupInformation.java:1899) [hadoop-common-3.3.5.jar:?]
	at org.apache.hadoop.ipc.Server$Handler.run(Server.java:3026) [hadoop-common-3.3.5.jar:?]
13:17:28.643 [IPC Server handler 19 on default port 15004] ERROR OMAudit - user=runner | ip=127.0.0.1 | op=GET_FILE_STATUS {volume=volume48420, bucket=bucket01231, key=.Trash, dataSize=0, replicationConfig=null} | ret=FAILURE
org.apache.hadoop.ozone.om.exceptions.OMException: Unable to get file status: volume: volume48420 bucket: bucket01231 key: .Trash
	at org.apache.hadoop.ozone.om.KeyManagerImpl.getOzoneFileStatusFSO(KeyManagerImpl.java:1310) ~[ozone-manager-1.4.0-SNAPSHOT.jar:?]
	at org.apache.hadoop.ozone.om.KeyManagerImpl.getFileStatus(KeyManagerImpl.java:1102) ~[ozone-manager-1.4.0-SNAPSHOT.jar:?]
	at org.apache.hadoop.ozone.om.OmMetadataReader.getFileStatus(OmMetadataReader.java:286) ~[ozone-manager-1.4.0-SNAPSHOT.jar:?]
	at org.apache.hadoop.ozone.om.OzoneManager.getFileStatus(OzoneManager.java:3499) ~[ozone-manager-1.4.0-SNAPSHOT.jar:?]
	at org.apache.hadoop.ozone.protocolPB.OzoneManagerRequestHandler.getOzoneFileStatus(OzoneManagerRequestHandler.java:950) ~[ozone-manager-1.4.0-SNAPSHOT.jar:?]
	at org.apache.hadoop.ozone.protocolPB.OzoneManagerRequestHandler.handleReadRequest(OzoneManagerRequestHandler.java:245) ~[ozone-manager-1.4.0-SNAPSHOT.jar:?]
	at org.apache.hadoop.ozone.protocolPB.OzoneManagerProtocolServerSideTranslatorPB.submitReadRequestToOM(OzoneManagerProtocolServerSideTranslatorPB.java:223) ~[ozone-manager-1.4.0-SNAPSHOT.jar:?]
	at org.apache.hadoop.ozone.protocolPB.OzoneManagerProtocolServerSideTranslatorPB.processRequest(OzoneManagerProtocolServerSideTranslatorPB.java:177) ~[ozone-manager-1.4.0-SNAPSHOT.jar:?]
	at org.apache.hadoop.hdds.server.OzoneProtocolMessageDispatcher.processRequest(OzoneProtocolMessageDispatcher.java:87) [hdds-server-framework-1.4.0-SNAPSHOT.jar:?]
	at org.apache.hadoop.ozone.protocolPB.OzoneManagerProtocolServerSideTranslatorPB.submitRequest(OzoneManagerProtocolServerSideTranslatorPB.java:147) [ozone-manager-1.4.0-SNAPSHOT.jar:?]
	at org.apache.hadoop.ozone.protocol.proto.OzoneManagerProtocolProtos$OzoneManagerService$2.callBlockingMethod(OzoneManagerProtocolProtos.java) [ozone-interface-client-1.4.0-SNAPSHOT.jar:?]
	at org.apache.hadoop.ipc.ProtobufRpcEngine$Server.processCall(ProtobufRpcEngine.java:484) [hadoop-common-3.3.5.jar:?]
	at org.apache.hadoop.ipc.ProtobufRpcEngine2$Server$ProtoBufRpcInvoker.call(ProtobufRpcEngine2.java:595) [hadoop-common-3.3.5.jar:?]
	at org.apache.hadoop.ipc.ProtobufRpcEngine2$Server$ProtoBufRpcInvoker.call(ProtobufRpcEngine2.java:573) [hadoop-common-3.3.5.jar:?]
	at org.apache.hadoop.ipc.RPC$Server.call(RPC.java:1213) [hadoop-common-3.3.5.jar:?]
	at org.apache.hadoop.ipc.Server$RpcCall.run(Server.java:1089) [hadoop-common-3.3.5.jar:?]
	at org.apache.hadoop.ipc.Server$RpcCall.run(Server.java:1012) [hadoop-common-3.3.5.jar:?]
	at java.security.AccessController.doPrivileged(Native Method) ~[?:1.8.0_372]
	at javax.security.auth.Subject.doAs(Subject.java:422) [?:1.8.0_372]
	at org.apache.hadoop.security.UserGroupInformation.doAs(UserGroupInformation.java:1899) [hadoop-common-3.3.5.jar:?]
	at org.apache.hadoop.ipc.Server$Handler.run(Server.java:3026) [hadoop-common-3.3.5.jar:?]
13:17:28.656 [IPC Server handler 18 on default port 15004] ERROR OMAudit - user=runner | ip=127.0.0.1 | op=GET_FILE_STATUS {volume=volume-10734, bucket=bucket-06643, key=.Trash/runner, dataSize=0, replicationConfig=null} | ret=FAILURE
org.apache.hadoop.ozone.om.exceptions.OMException: Unable to get file status: volume: volume-10734 bucket: bucket-06643 key: .Trash/runner
	at org.apache.hadoop.ozone.om.KeyManagerImpl.getOzoneFileStatusFSO(KeyManagerImpl.java:1310) ~[ozone-manager-1.4.0-SNAPSHOT.jar:?]
	at org.apache.hadoop.ozone.om.KeyManagerImpl.getFileStatus(KeyManagerImpl.java:1102) ~[ozone-manager-1.4.0-SNAPSHOT.jar:?]
	at org.apache.hadoop.ozone.om.OmMetadataReader.getFileStatus(OmMetadataReader.java:286) ~[ozone-manager-1.4.0-SNAPSHOT.jar:?]
	at org.apache.hadoop.ozone.om.OzoneManager.getFileStatus(OzoneManager.java:3499) ~[ozone-manager-1.4.0-SNAPSHOT.jar:?]
	at org.apache.hadoop.ozone.protocolPB.OzoneManagerRequestHandler.getOzoneFileStatus(OzoneManagerRequestHandler.java:950) ~[ozone-manager-1.4.0-SNAPSHOT.jar:?]
	at org.apache.hadoop.ozone.protocolPB.OzoneManagerRequestHandler.handleReadRequest(OzoneManagerRequestHandler.java:245) ~[ozone-manager-1.4.0-SNAPSHOT.jar:?]
	at org.apache.hadoop.ozone.protocolPB.OzoneManagerProtocolServerSideTranslatorPB.submitReadRequestToOM(OzoneManagerProtocolServerSideTranslatorPB.java:223) ~[ozone-manager-1.4.0-SNAPSHOT.jar:?]
	at org.apache.hadoop.ozone.protocolPB.OzoneManagerProtocolServerSideTranslatorPB.processRequest(OzoneManagerProtocolServerSideTranslatorPB.java:177) ~[ozone-manager-1.4.0-SNAPSHOT.jar:?]
	at org.apache.hadoop.hdds.server.OzoneProtocolMessageDispatcher.processRequest(OzoneProtocolMessageDispatcher.java:87) [hdds-server-framework-1.4.0-SNAPSHOT.jar:?]
	at org.apache.hadoop.ozone.protocolPB.OzoneManagerProtocolServerSideTranslatorPB.submitRequest(OzoneManagerProtocolServerSideTranslatorPB.java:147) [ozone-manager-1.4.0-SNAPSHOT.jar:?]
	at org.apache.hadoop.ozone.protocol.proto.OzoneManagerProtocolProtos$OzoneManagerService$2.callBlockingMethod(OzoneManagerProtocolProtos.java) [ozone-interface-client-1.4.0-SNAPSHOT.jar:?]
	at org.apache.hadoop.ipc.ProtobufRpcEngine$Server.processCall(ProtobufRpcEngine.java:484) [hadoop-common-3.3.5.jar:?]
	at org.apache.hadoop.ipc.ProtobufRpcEngine2$Server$ProtoBufRpcInvoker.call(ProtobufRpcEngine2.java:595) [hadoop-common-3.3.5.jar:?]
	at org.apache.hadoop.ipc.ProtobufRpcEngine2$Server$ProtoBufRpcInvoker.call(ProtobufRpcEngine2.java:573) [hadoop-common-3.3.5.jar:?]
	at org.apache.hadoop.ipc.RPC$Server.call(RPC.java:1213) [hadoop-common-3.3.5.jar:?]
	at org.apache.hadoop.ipc.Server$RpcCall.run(Server.java:1089) [hadoop-common-3.3.5.jar:?]
	at org.apache.hadoop.ipc.Server$RpcCall.run(Server.java:1012) [hadoop-common-3.3.5.jar:?]
	at java.security.AccessController.doPrivileged(Native Method) ~[?:1.8.0_372]
	at javax.security.auth.Subject.doAs(Subject.java:422) [?:1.8.0_372]
	at org.apache.hadoop.security.UserGroupInformation.doAs(UserGroupInformation.java:1899) [hadoop-common-3.3.5.jar:?]
	at org.apache.hadoop.ipc.Server$Handler.run(Server.java:3026) [hadoop-common-3.3.5.jar:?]
13:17:28.658 [IPC Server handler 14 on default port 15004] ERROR OMAudit - user=runner | ip=127.0.0.1 | op=GET_FILE_STATUS {volume=volume-30266, bucket=bucket-23633, key=.Trash/runner, dataSize=0, replicationConfig=null} | ret=FAILURE
org.apache.hadoop.ozone.om.exceptions.OMException: Unable to get file status: volume: volume-30266 bucket: bucket-23633 key: .Trash/runner
	at org.apache.hadoop.ozone.om.KeyManagerImpl.getOzoneFileStatusFSO(KeyManagerImpl.java:1310) ~[ozone-manager-1.4.0-SNAPSHOT.jar:?]
	at org.apache.hadoop.ozone.om.KeyManagerImpl.getFileStatus(KeyManagerImpl.java:1102) ~[ozone-manager-1.4.0-SNAPSHOT.jar:?]
	at org.apache.hadoop.ozone.om.OmMetadataReader.getFileStatus(OmMetadataReader.java:286) ~[ozone-manager-1.4.0-SNAPSHOT.jar:?]
	at org.apache.hadoop.ozone.om.OzoneManager.getFileStatus(OzoneManager.java:3499) ~[ozone-manager-1.4.0-SNAPSHOT.jar:?]
	at org.apache.hadoop.ozone.protocolPB.OzoneManagerRequestHandler.getOzoneFileStatus(OzoneManagerRequestHandler.java:950) ~[ozone-manager-1.4.0-SNAPSHOT.jar:?]
	at org.apache.hadoop.ozone.protocolPB.OzoneManagerRequestHandler.handleReadRequest(OzoneManagerRequestHandler.java:245) ~[ozone-manager-1.4.0-SNAPSHOT.jar:?]
	at org.apache.hadoop.ozone.protocolPB.OzoneManagerProtocolServerSideTranslatorPB.submitReadRequestToOM(OzoneManagerProtocolServerSideTranslatorPB.java:223) ~[ozone-manager-1.4.0-SNAPSHOT.jar:?]
	at org.apache.hadoop.ozone.protocolPB.OzoneManagerProtocolServerSideTranslatorPB.processRequest(OzoneManagerProtocolServerSideTranslatorPB.java:177) ~[ozone-manager-1.4.0-SNAPSHOT.jar:?]
	at org.apache.hadoop.hdds.server.OzoneProtocolMessageDispatcher.processRequest(OzoneProtocolMessageDispatcher.java:87) [hdds-server-framework-1.4.0-SNAPSHOT.jar:?]
	at org.apache.hadoop.ozone.protocolPB.OzoneManagerProtocolServerSideTranslatorPB.submitRequest(OzoneManagerProtocolServerSideTranslatorPB.java:147) [ozone-manager-1.4.0-SNAPSHOT.jar:?]
	at org.apache.hadoop.ozone.protocol.proto.OzoneManagerProtocolProtos$OzoneManagerService$2.callBlockingMethod(OzoneManagerProtocolProtos.java) [ozone-interface-client-1.4.0-SNAPSHOT.jar:?]
	at org.apache.hadoop.ipc.ProtobufRpcEngine$Server.processCall(ProtobufRpcEngine.java:484) [hadoop-common-3.3.5.jar:?]
	at org.apache.hadoop.ipc.ProtobufRpcEngine2$Server$ProtoBufRpcInvoker.call(ProtobufRpcEngine2.java:595) [hadoop-common-3.3.5.jar:?]
	at org.apache.hadoop.ipc.ProtobufRpcEngine2$Server$ProtoBufRpcInvoker.call(ProtobufRpcEngine2.java:573) [hadoop-common-3.3.5.jar:?]
	at org.apache.hadoop.ipc.RPC$Server.call(RPC.java:1213) [hadoop-common-3.3.5.jar:?]
	at org.apache.hadoop.ipc.Server$RpcCall.run(Server.java:1089) [hadoop-common-3.3.5.jar:?]
	at org.apache.hadoop.ipc.Server$RpcCall.run(Server.java:1012) [hadoop-common-3.3.5.jar:?]
	at java.security.AccessController.doPrivileged(Native Method) ~[?:1.8.0_372]
	at javax.security.auth.Subject.doAs(Subject.java:422) [?:1.8.0_372]
	at org.apache.hadoop.security.UserGroupInformation.doAs(UserGroupInformation.java:1899) [hadoop-common-3.3.5.jar:?]
	at org.apache.hadoop.ipc.Server$Handler.run(Server.java:3026) [hadoop-common-3.3.5.jar:?]
13:17:28.670 [IPC Server handler 19 on default port 15004] ERROR OMAudit - user=runner | ip=127.0.0.1 | op=GET_FILE_STATUS {volume=afaf26cd-9661-4d26-a038-3f0518d5b24b, bucket=945a806b-5cb8-4c19-b022-c1c1bf817262, key=.Trash, dataSize=0, replicationConfig=null} | ret=FAILURE
org.apache.hadoop.ozone.om.exceptions.OMException: Unable to get file status: volume: afaf26cd-9661-4d26-a038-3f0518d5b24b bucket: 945a806b-5cb8-4c19-b022-c1c1bf817262 key: .Trash
	at org.apache.hadoop.ozone.om.KeyManagerImpl.getOzoneFileStatus(KeyManagerImpl.java:1186) ~[ozone-manager-1.4.0-SNAPSHOT.jar:?]
	at org.apache.hadoop.ozone.om.KeyManagerImpl.getFileStatus(KeyManagerImpl.java:1104) ~[ozone-manager-1.4.0-SNAPSHOT.jar:?]
	at org.apache.hadoop.ozone.om.OmMetadataReader.getFileStatus(OmMetadataReader.java:286) ~[ozone-manager-1.4.0-SNAPSHOT.jar:?]
	at org.apache.hadoop.ozone.om.OzoneManager.getFileStatus(OzoneManager.java:3499) ~[ozone-manager-1.4.0-SNAPSHOT.jar:?]
	at org.apache.hadoop.ozone.protocolPB.OzoneManagerRequestHandler.getOzoneFileStatus(OzoneManagerRequestHandler.java:950) ~[ozone-manager-1.4.0-SNAPSHOT.jar:?]
	at org.apache.hadoop.ozone.protocolPB.OzoneManagerRequestHandler.handleReadRequest(OzoneManagerRequestHandler.java:245) ~[ozone-manager-1.4.0-SNAPSHOT.jar:?]
	at org.apache.hadoop.ozone.protocolPB.OzoneManagerProtocolServerSideTranslatorPB.submitReadRequestToOM(OzoneManagerProtocolServerSideTranslatorPB.java:223) ~[ozone-manager-1.4.0-SNAPSHOT.jar:?]
	at org.apache.hadoop.ozone.protocolPB.OzoneManagerProtocolServerSideTranslatorPB.processRequest(OzoneManagerProtocolServerSideTranslatorPB.java:177) ~[ozone-manager-1.4.0-SNAPSHOT.jar:?]
	at org.apache.hadoop.hdds.server.OzoneProtocolMessageDispatcher.processRequest(OzoneProtocolMessageDispatcher.java:87) [hdds-server-framework-1.4.0-SNAPSHOT.jar:?]
	at org.apache.hadoop.ozone.protocolPB.OzoneManagerProtocolServerSideTranslatorPB.submitRequest(OzoneManagerProtocolServerSideTranslatorPB.java:147) [ozone-manager-1.4.0-SNAPSHOT.jar:?]
	at org.apache.hadoop.ozone.protocol.proto.OzoneManagerProtocolProtos$OzoneManagerService$2.callBlockingMethod(OzoneManagerProtocolProtos.java) [ozone-interface-client-1.4.0-SNAPSHOT.jar:?]
	at org.apache.hadoop.ipc.ProtobufRpcEngine$Server.processCall(ProtobufRpcEngine.java:484) [hadoop-common-3.3.5.jar:?]
	at org.apache.hadoop.ipc.ProtobufRpcEngine2$Server$ProtoBufRpcInvoker.call(ProtobufRpcEngine2.java:595) [hadoop-common-3.3.5.jar:?]
	at org.apache.hadoop.ipc.ProtobufRpcEngine2$Server$ProtoBufRpcInvoker.call(ProtobufRpcEngine2.java:573) [hadoop-common-3.3.5.jar:?]
	at org.apache.hadoop.ipc.RPC$Server.call(RPC.java:1213) [hadoop-common-3.3.5.jar:?]
	at org.apache.hadoop.ipc.Server$RpcCall.run(Server.java:1089) [hadoop-common-3.3.5.jar:?]
	at org.apache.hadoop.ipc.Server$RpcCall.run(Server.java:1012) [hadoop-common-3.3.5.jar:?]
	at java.security.AccessController.doPrivileged(Native Method) ~[?:1.8.0_372]
	at javax.security.auth.Subject.doAs(Subject.java:422) [?:1.8.0_372]
	at org.apache.hadoop.security.UserGroupInformation.doAs(UserGroupInformation.java:1899) [hadoop-common-3.3.5.jar:?]
	at org.apache.hadoop.ipc.Server$Handler.run(Server.java:3026) [hadoop-common-3.3.5.jar:?]
13:17:28.673 [IPC Server handler 4 on default port 15004] ERROR OMAudit - user=runner | ip=127.0.0.1 | op=GET_FILE_STATUS {volume=volume-10734, bucket=bucket-06643, key=.Trash, dataSize=0, replicationConfig=null} | ret=FAILURE
org.apache.hadoop.ozone.om.exceptions.OMException: Unable to get file status: volume: volume-10734 bucket: bucket-06643 key: .Trash
	at org.apache.hadoop.ozone.om.KeyManagerImpl.getOzoneFileStatusFSO(KeyManagerImpl.java:1310) ~[ozone-manager-1.4.0-SNAPSHOT.jar:?]
	at org.apache.hadoop.ozone.om.KeyManagerImpl.getFileStatus(KeyManagerImpl.java:1102) ~[ozone-manager-1.4.0-SNAPSHOT.jar:?]
	at org.apache.hadoop.ozone.om.OmMetadataReader.getFileStatus(OmMetadataReader.java:286) ~[ozone-manager-1.4.0-SNAPSHOT.jar:?]
	at org.apache.hadoop.ozone.om.OzoneManager.getFileStatus(OzoneManager.java:3499) ~[ozone-manager-1.4.0-SNAPSHOT.jar:?]
	at org.apache.hadoop.ozone.protocolPB.OzoneManagerRequestHandler.getOzoneFileStatus(OzoneManagerRequestHandler.java:950) ~[ozone-manager-1.4.0-SNAPSHOT.jar:?]
	at org.apache.hadoop.ozone.protocolPB.OzoneManagerRequestHandler.handleReadRequest(OzoneManagerRequestHandler.java:245) ~[ozone-manager-1.4.0-SNAPSHOT.jar:?]
	at org.apache.hadoop.ozone.protocolPB.OzoneManagerProtocolServerSideTranslatorPB.submitReadRequestToOM(OzoneManagerProtocolServerSideTranslatorPB.java:223) ~[ozone-manager-1.4.0-SNAPSHOT.jar:?]
	at org.apache.hadoop.ozone.protocolPB.OzoneManagerProtocolServerSideTranslatorPB.processRequest(OzoneManagerProtocolServerSideTranslatorPB.java:177) ~[ozone-manager-1.4.0-SNAPSHOT.jar:?]
	at org.apache.hadoop.hdds.server.OzoneProtocolMessageDispatcher.processRequest(OzoneProtocolMessageDispatcher.java:87) [hdds-server-framework-1.4.0-SNAPSHOT.jar:?]
	at org.apache.hadoop.ozone.protocolPB.OzoneManagerProtocolServerSideTranslatorPB.submitRequest(OzoneManagerProtocolServerSideTranslatorPB.java:147) [ozone-manager-1.4.0-SNAPSHOT.jar:?]
	at org.apache.hadoop.ozone.protocol.proto.OzoneManagerProtocolProtos$OzoneManagerService$2.callBlockingMethod(OzoneManagerProtocolProtos.java) [ozone-interface-client-1.4.0-SNAPSHOT.jar:?]
	at org.apache.hadoop.ipc.ProtobufRpcEngine$Server.processCall(ProtobufRpcEngine.java:484) [hadoop-common-3.3.5.jar:?]
	at org.apache.hadoop.ipc.ProtobufRpcEngine2$Server$ProtoBufRpcInvoker.call(ProtobufRpcEngine2.java:595) [hadoop-common-3.3.5.jar:?]
	at org.apache.hadoop.ipc.ProtobufRpcEngine2$Server$ProtoBufRpcInvoker.call(ProtobufRpcEngine2.java:573) [hadoop-common-3.3.5.jar:?]
	at org.apache.hadoop.ipc.RPC$Server.call(RPC.java:1213) [hadoop-common-3.3.5.jar:?]
	at org.apache.hadoop.ipc.Server$RpcCall.run(Server.java:1089) [hadoop-common-3.3.5.jar:?]
	at org.apache.hadoop.ipc.Server$RpcCall.run(Server.java:1012) [hadoop-common-3.3.5.jar:?]
	at java.security.AccessController.doPrivileged(Native Method) ~[?:1.8.0_372]
	at javax.security.auth.Subject.doAs(Subject.java:422) [?:1.8.0_372]
	at org.apache.hadoop.security.UserGroupInformation.doAs(UserGroupInformation.java:1899) [hadoop-common-3.3.5.jar:?]
	at org.apache.hadoop.ipc.Server$Handler.run(Server.java:3026) [hadoop-common-3.3.5.jar:?]
13:17:28.676 [IPC Server handler 9 on default port 15004] ERROR OMAudit - user=runner | ip=127.0.0.1 | op=GET_FILE_STATUS {volume=volume-30266, bucket=bucket-23633, key=.Trash, dataSize=0, replicationConfig=null} | ret=FAILURE
org.apache.hadoop.ozone.om.exceptions.OMException: Unable to get file status: volume: volume-30266 bucket: bucket-23633 key: .Trash
	at org.apache.hadoop.ozone.om.KeyManagerImpl.getOzoneFileStatusFSO(KeyManagerImpl.java:1310) ~[ozone-manager-1.4.0-SNAPSHOT.jar:?]
	at org.apache.hadoop.ozone.om.KeyManagerImpl.getFileStatus(KeyManagerImpl.java:1102) ~[ozone-manager-1.4.0-SNAPSHOT.jar:?]
	at org.apache.hadoop.ozone.om.OmMetadataReader.getFileStatus(OmMetadataReader.java:286) ~[ozone-manager-1.4.0-SNAPSHOT.jar:?]
	at org.apache.hadoop.ozone.om.OzoneManager.getFileStatus(OzoneManager.java:3499) ~[ozone-manager-1.4.0-SNAPSHOT.jar:?]
	at org.apache.hadoop.ozone.protocolPB.OzoneManagerRequestHandler.getOzoneFileStatus(OzoneManagerRequestHandler.java:950) ~[ozone-manager-1.4.0-SNAPSHOT.jar:?]
	at org.apache.hadoop.ozone.protocolPB.OzoneManagerRequestHandler.handleReadRequest(OzoneManagerRequestHandler.java:245) ~[ozone-manager-1.4.0-SNAPSHOT.jar:?]
	at org.apache.hadoop.ozone.protocolPB.OzoneManagerProtocolServerSideTranslatorPB.submitReadRequestToOM(OzoneManagerProtocolServerSideTranslatorPB.java:223) ~[ozone-manager-1.4.0-SNAPSHOT.jar:?]
	at org.apache.hadoop.ozone.protocolPB.OzoneManagerProtocolServerSideTranslatorPB.processRequest(OzoneManagerProtocolServerSideTranslatorPB.java:177) ~[ozone-manager-1.4.0-SNAPSHOT.jar:?]
	at org.apache.hadoop.hdds.server.OzoneProtocolMessageDispatcher.processRequest(OzoneProtocolMessageDispatcher.java:87) [hdds-server-framework-1.4.0-SNAPSHOT.jar:?]
	at org.apache.hadoop.ozone.protocolPB.OzoneManagerProtocolServerSideTranslatorPB.submitRequest(OzoneManagerProtocolServerSideTranslatorPB.java:147) [ozone-manager-1.4.0-SNAPSHOT.jar:?]
	at org.apache.hadoop.ozone.protocol.proto.OzoneManagerProtocolProtos$OzoneManagerService$2.callBlockingMethod(OzoneManagerProtocolProtos.java) [ozone-interface-client-1.4.0-SNAPSHOT.jar:?]
	at org.apache.hadoop.ipc.ProtobufRpcEngine$Server.processCall(ProtobufRpcEngine.java:484) [hadoop-common-3.3.5.jar:?]
	at org.apache.hadoop.ipc.ProtobufRpcEngine2$Server$ProtoBufRpcInvoker.call(ProtobufRpcEngine2.java:595) [hadoop-common-3.3.5.jar:?]
	at org.apache.hadoop.ipc.ProtobufRpcEngine2$Server$ProtoBufRpcInvoker.call(ProtobufRpcEngine2.java:573) [hadoop-common-3.3.5.jar:?]
	at org.apache.hadoop.ipc.RPC$Server.call(RPC.java:1213) [hadoop-common-3.3.5.jar:?]
	at org.apache.hadoop.ipc.Server$RpcCall.run(Server.java:1089) [hadoop-common-3.3.5.jar:?]
	at org.apache.hadoop.ipc.Server$RpcCall.run(Server.java:1012) [hadoop-common-3.3.5.jar:?]
	at java.security.AccessController.doPrivileged(Native Method) ~[?:1.8.0_372]
	at javax.security.auth.Subject.doAs(Subject.java:422) [?:1.8.0_372]
	at org.apache.hadoop.security.UserGroupInformation.doAs(UserGroupInformation.java:1899) [hadoop-common-3.3.5.jar:?]
	at org.apache.hadoop.ipc.Server$Handler.run(Server.java:3026) [hadoop-common-3.3.5.jar:?]
13:17:28.692 [IPC Server handler 3 on default port 15004] ERROR OMAudit - user=runner | ip=127.0.0.1 | op=GET_FILE_STATUS {volume=volume48420, bucket=bucket01231, key=.Trash, dataSize=0, replicationConfig=null} | ret=FAILURE
org.apache.hadoop.ozone.om.exceptions.OMException: Unable to get file status: volume: volume48420 bucket: bucket01231 key: .Trash
	at org.apache.hadoop.ozone.om.KeyManagerImpl.getOzoneFileStatusFSO(KeyManagerImpl.java:1310) ~[ozone-manager-1.4.0-SNAPSHOT.jar:?]
	at org.apache.hadoop.ozone.om.KeyManagerImpl.getFileStatus(KeyManagerImpl.java:1102) ~[ozone-manager-1.4.0-SNAPSHOT.jar:?]
	at org.apache.hadoop.ozone.om.OmMetadataReader.getFileStatus(OmMetadataReader.java:286) ~[ozone-manager-1.4.0-SNAPSHOT.jar:?]
	at org.apache.hadoop.ozone.om.OzoneManager.getFileStatus(OzoneManager.java:3499) ~[ozone-manager-1.4.0-SNAPSHOT.jar:?]
	at org.apache.hadoop.ozone.protocolPB.OzoneManagerRequestHandler.getOzoneFileStatus(OzoneManagerRequestHandler.java:950) ~[ozone-manager-1.4.0-SNAPSHOT.jar:?]
	at org.apache.hadoop.ozone.protocolPB.OzoneManagerRequestHandler.handleReadRequest(OzoneManagerRequestHandler.java:245) ~[ozone-manager-1.4.0-SNAPSHOT.jar:?]
	at org.apache.hadoop.ozone.protocolPB.OzoneManagerProtocolServerSideTranslatorPB.submitReadRequestToOM(OzoneManagerProtocolServerSideTranslatorPB.java:223) ~[ozone-manager-1.4.0-SNAPSHOT.jar:?]
	at org.apache.hadoop.ozone.protocolPB.OzoneManagerProtocolServerSideTranslatorPB.processRequest(OzoneManagerProtocolServerSideTranslatorPB.java:177) ~[ozone-manager-1.4.0-SNAPSHOT.jar:?]
	at org.apache.hadoop.hdds.server.OzoneProtocolMessageDispatcher.processRequest(OzoneProtocolMessageDispatcher.java:87) [hdds-server-framework-1.4.0-SNAPSHOT.jar:?]
	at org.apache.hadoop.ozone.protocolPB.OzoneManagerProtocolServerSideTranslatorPB.submitRequest(OzoneManagerProtocolServerSideTranslatorPB.java:147) [ozone-manager-1.4.0-SNAPSHOT.jar:?]
	at org.apache.hadoop.ozone.protocol.proto.OzoneManagerProtocolProtos$OzoneManagerService$2.callBlockingMethod(OzoneManagerProtocolProtos.java) [ozone-interface-client-1.4.0-SNAPSHOT.jar:?]
	at org.apache.hadoop.ipc.ProtobufRpcEngine$Server.processCall(ProtobufRpcEngine.java:484) [hadoop-common-3.3.5.jar:?]
	at org.apache.hadoop.ipc.ProtobufRpcEngine2$Server$ProtoBufRpcInvoker.call(ProtobufRpcEngine2.java:595) [hadoop-common-3.3.5.jar:?]
	at org.apache.hadoop.ipc.ProtobufRpcEngine2$Server$ProtoBufRpcInvoker.call(ProtobufRpcEngine2.java:573) [hadoop-common-3.3.5.jar:?]
	at org.apache.hadoop.ipc.RPC$Server.call(RPC.java:1213) [hadoop-common-3.3.5.jar:?]
	at org.apache.hadoop.ipc.Server$RpcCall.run(Server.java:1089) [hadoop-common-3.3.5.jar:?]
	at org.apache.hadoop.ipc.Server$RpcCall.run(Server.java:1012) [hadoop-common-3.3.5.jar:?]
	at java.security.AccessController.doPrivileged(Native Method) ~[?:1.8.0_372]
	at javax.security.auth.Subject.doAs(Subject.java:422) [?:1.8.0_372]
	at org.apache.hadoop.security.UserGroupInformation.doAs(UserGroupInformation.java:1899) [hadoop-common-3.3.5.jar:?]
	at org.apache.hadoop.ipc.Server$Handler.run(Server.java:3026) [hadoop-common-3.3.5.jar:?]
2023-06-22 13:17:28,706 [Time-limited test] INFO  rpc.RpcClient (RpcClient.java:createVolume(459)) - Creating Volume: volume78241, with user47580 as owner and space quota set to -1 bytes, counts quota set to -1
2023-06-22 13:17:28,707 [OM StateMachine ApplyTransaction Thread - 0] INFO  volume.OMVolumeCreateRequest (OMVolumeCreateRequest.java:validateAndUpdateCache(196)) - created volume:volume78241 for user:user47580
2023-06-22 13:17:28,709 [Time-limited test] INFO  rpc.RpcClient (RpcClient.java:createBucket(686)) - Creating Bucket: volume78241/bucket16838, with bucket layout FILE_SYSTEM_OPTIMIZED, runner as owner, Versioning false, Storage Type set to DISK and Encryption set to false, Replication Type set to server-side default replication type, Namespace Quota set to -1, Space Quota set to -1 
2023-06-22 13:17:28,710 [OM StateMachine ApplyTransaction Thread - 0] INFO  bucket.OMBucketCreateRequest (OMBucketCreateRequest.java:validateAndUpdateCache(270)) - created bucket: bucket16838 of layout FILE_SYSTEM_OPTIMIZED in volume: volume78241
13:17:28.720 [IPC Server handler 5 on default port 15004] ERROR OMAudit - user=runner | ip=127.0.0.1 | op=GET_FILE_STATUS {volume=volume-10734, bucket=bucket-06643, key=.Trash/runner, dataSize=0, replicationConfig=null} | ret=FAILURE
org.apache.hadoop.ozone.om.exceptions.OMException: Unable to get file status: volume: volume-10734 bucket: bucket-06643 key: .Trash/runner
	at org.apache.hadoop.ozone.om.KeyManagerImpl.getOzoneFileStatusFSO(KeyManagerImpl.java:1310) ~[ozone-manager-1.4.0-SNAPSHOT.jar:?]
	at org.apache.hadoop.ozone.om.KeyManagerImpl.getFileStatus(KeyManagerImpl.java:1102) ~[ozone-manager-1.4.0-SNAPSHOT.jar:?]
	at org.apache.hadoop.ozone.om.OmMetadataReader.getFileStatus(OmMetadataReader.java:286) ~[ozone-manager-1.4.0-SNAPSHOT.jar:?]
	at org.apache.hadoop.ozone.om.OzoneManager.getFileStatus(OzoneManager.java:3499) ~[ozone-manager-1.4.0-SNAPSHOT.jar:?]
	at org.apache.hadoop.ozone.protocolPB.OzoneManagerRequestHandler.getOzoneFileStatus(OzoneManagerRequestHandler.java:950) ~[ozone-manager-1.4.0-SNAPSHOT.jar:?]
	at org.apache.hadoop.ozone.protocolPB.OzoneManagerRequestHandler.handleReadRequest(OzoneManagerRequestHandler.java:245) ~[ozone-manager-1.4.0-SNAPSHOT.jar:?]
	at org.apache.hadoop.ozone.protocolPB.OzoneManagerProtocolServerSideTranslatorPB.submitReadRequestToOM(OzoneManagerProtocolServerSideTranslatorPB.java:223) ~[ozone-manager-1.4.0-SNAPSHOT.jar:?]
	at org.apache.hadoop.ozone.protocolPB.OzoneManagerProtocolServerSideTranslatorPB.processRequest(OzoneManagerProtocolServerSideTranslatorPB.java:177) ~[ozone-manager-1.4.0-SNAPSHOT.jar:?]
	at org.apache.hadoop.hdds.server.OzoneProtocolMessageDispatcher.processRequest(OzoneProtocolMessageDispatcher.java:87) [hdds-server-framework-1.4.0-SNAPSHOT.jar:?]
	at org.apache.hadoop.ozone.protocolPB.OzoneManagerProtocolServerSideTranslatorPB.submitRequest(OzoneManagerProtocolServerSideTranslatorPB.java:147) [ozone-manager-1.4.0-SNAPSHOT.jar:?]
	at org.apache.hadoop.ozone.protocol.proto.OzoneManagerProtocolProtos$OzoneManagerService$2.callBlockingMethod(OzoneManagerProtocolProtos.java) [ozone-interface-client-1.4.0-SNAPSHOT.jar:?]
	at org.apache.hadoop.ipc.ProtobufRpcEngine$Server.processCall(ProtobufRpcEngine.java:484) [hadoop-common-3.3.5.jar:?]
	at org.apache.hadoop.ipc.ProtobufRpcEngine2$Server$ProtoBufRpcInvoker.call(ProtobufRpcEngine2.java:595) [hadoop-common-3.3.5.jar:?]
	at org.apache.hadoop.ipc.ProtobufRpcEngine2$Server$ProtoBufRpcInvoker.call(ProtobufRpcEngine2.java:573) [hadoop-common-3.3.5.jar:?]
	at org.apache.hadoop.ipc.RPC$Server.call(RPC.java:1213) [hadoop-common-3.3.5.jar:?]
	at org.apache.hadoop.ipc.Server$RpcCall.run(Server.java:1089) [hadoop-common-3.3.5.jar:?]
	at org.apache.hadoop.ipc.Server$RpcCall.run(Server.java:1012) [hadoop-common-3.3.5.jar:?]
	at java.security.AccessController.doPrivileged(Native Method) ~[?:1.8.0_372]
	at javax.security.auth.Subject.doAs(Subject.java:422) [?:1.8.0_372]
	at org.apache.hadoop.security.UserGroupInformation.doAs(UserGroupInformation.java:1899) [hadoop-common-3.3.5.jar:?]
	at org.apache.hadoop.ipc.Server$Handler.run(Server.java:3026) [hadoop-common-3.3.5.jar:?]
13:17:28.724 [IPC Server handler 10 on default port 15004] ERROR OMAudit - user=runner | ip=127.0.0.1 | op=GET_FILE_STATUS {volume=volume-30266, bucket=bucket-23633, key=.Trash/runner, dataSize=0, replicationConfig=null} | ret=FAILURE
org.apache.hadoop.ozone.om.exceptions.OMException: Unable to get file status: volume: volume-30266 bucket: bucket-23633 key: .Trash/runner
	at org.apache.hadoop.ozone.om.KeyManagerImpl.getOzoneFileStatusFSO(KeyManagerImpl.java:1310) ~[ozone-manager-1.4.0-SNAPSHOT.jar:?]
	at org.apache.hadoop.ozone.om.KeyManagerImpl.getFileStatus(KeyManagerImpl.java:1102) ~[ozone-manager-1.4.0-SNAPSHOT.jar:?]
	at org.apache.hadoop.ozone.om.OmMetadataReader.getFileStatus(OmMetadataReader.java:286) ~[ozone-manager-1.4.0-SNAPSHOT.jar:?]
	at org.apache.hadoop.ozone.om.OzoneManager.getFileStatus(OzoneManager.java:3499) ~[ozone-manager-1.4.0-SNAPSHOT.jar:?]
	at org.apache.hadoop.ozone.protocolPB.OzoneManagerRequestHandler.getOzoneFileStatus(OzoneManagerRequestHandler.java:950) ~[ozone-manager-1.4.0-SNAPSHOT.jar:?]
	at org.apache.hadoop.ozone.protocolPB.OzoneManagerRequestHandler.handleReadRequest(OzoneManagerRequestHandler.java:245) ~[ozone-manager-1.4.0-SNAPSHOT.jar:?]
	at org.apache.hadoop.ozone.protocolPB.OzoneManagerProtocolServerSideTranslatorPB.submitReadRequestToOM(OzoneManagerProtocolServerSideTranslatorPB.java:223) ~[ozone-manager-1.4.0-SNAPSHOT.jar:?]
	at org.apache.hadoop.ozone.protocolPB.OzoneManagerProtocolServerSideTranslatorPB.processRequest(OzoneManagerProtocolServerSideTranslatorPB.java:177) ~[ozone-manager-1.4.0-SNAPSHOT.jar:?]
	at org.apache.hadoop.hdds.server.OzoneProtocolMessageDispatcher.processRequest(OzoneProtocolMessageDispatcher.java:87) [hdds-server-framework-1.4.0-SNAPSHOT.jar:?]
	at org.apache.hadoop.ozone.protocolPB.OzoneManagerProtocolServerSideTranslatorPB.submitRequest(OzoneManagerProtocolServerSideTranslatorPB.java:147) [ozone-manager-1.4.0-SNAPSHOT.jar:?]
	at org.apache.hadoop.ozone.protocol.proto.OzoneManagerProtocolProtos$OzoneManagerService$2.callBlockingMethod(OzoneManagerProtocolProtos.java) [ozone-interface-client-1.4.0-SNAPSHOT.jar:?]
	at org.apache.hadoop.ipc.ProtobufRpcEngine$Server.processCall(ProtobufRpcEngine.java:484) [hadoop-common-3.3.5.jar:?]
	at org.apache.hadoop.ipc.ProtobufRpcEngine2$Server$ProtoBufRpcInvoker.call(ProtobufRpcEngine2.java:595) [hadoop-common-3.3.5.jar:?]
	at org.apache.hadoop.ipc.ProtobufRpcEngine2$Server$ProtoBufRpcInvoker.call(ProtobufRpcEngine2.java:573) [hadoop-common-3.3.5.jar:?]
	at org.apache.hadoop.ipc.RPC$Server.call(RPC.java:1213) [hadoop-common-3.3.5.jar:?]
	at org.apache.hadoop.ipc.Server$RpcCall.run(Server.java:1089) [hadoop-common-3.3.5.jar:?]
	at org.apache.hadoop.ipc.Server$RpcCall.run(Server.java:1012) [hadoop-common-3.3.5.jar:?]
	at java.security.AccessController.doPrivileged(Native Method) ~[?:1.8.0_372]
	at javax.security.auth.Subject.doAs(Subject.java:422) [?:1.8.0_372]
	at org.apache.hadoop.security.UserGroupInformation.doAs(UserGroupInformation.java:1899) [hadoop-common-3.3.5.jar:?]
	at org.apache.hadoop.ipc.Server$Handler.run(Server.java:3026) [hadoop-common-3.3.5.jar:?]
13:17:28.743 [IPC Server handler 14 on default port 15004] ERROR OMAudit - user=runner | ip=127.0.0.1 | op=GET_FILE_STATUS {volume=afaf26cd-9661-4d26-a038-3f0518d5b24b, bucket=945a806b-5cb8-4c19-b022-c1c1bf817262, key=.Trash, dataSize=0, replicationConfig=null} | ret=FAILURE
org.apache.hadoop.ozone.om.exceptions.OMException: Unable to get file status: volume: afaf26cd-9661-4d26-a038-3f0518d5b24b bucket: 945a806b-5cb8-4c19-b022-c1c1bf817262 key: .Trash
	at org.apache.hadoop.ozone.om.KeyManagerImpl.getOzoneFileStatus(KeyManagerImpl.java:1186) ~[ozone-manager-1.4.0-SNAPSHOT.jar:?]
	at org.apache.hadoop.ozone.om.KeyManagerImpl.getFileStatus(KeyManagerImpl.java:1104) ~[ozone-manager-1.4.0-SNAPSHOT.jar:?]
	at org.apache.hadoop.ozone.om.OmMetadataReader.getFileStatus(OmMetadataReader.java:286) ~[ozone-manager-1.4.0-SNAPSHOT.jar:?]
	at org.apache.hadoop.ozone.om.OzoneManager.getFileStatus(OzoneManager.java:3499) ~[ozone-manager-1.4.0-SNAPSHOT.jar:?]
	at org.apache.hadoop.ozone.protocolPB.OzoneManagerRequestHandler.getOzoneFileStatus(OzoneManagerRequestHandler.java:950) ~[ozone-manager-1.4.0-SNAPSHOT.jar:?]
	at org.apache.hadoop.ozone.protocolPB.OzoneManagerRequestHandler.handleReadRequest(OzoneManagerRequestHandler.java:245) ~[ozone-manager-1.4.0-SNAPSHOT.jar:?]
	at org.apache.hadoop.ozone.protocolPB.OzoneManagerProtocolServerSideTranslatorPB.submitReadRequestToOM(OzoneManagerProtocolServerSideTranslatorPB.java:223) ~[ozone-manager-1.4.0-SNAPSHOT.jar:?]
	at org.apache.hadoop.ozone.protocolPB.OzoneManagerProtocolServerSideTranslatorPB.processRequest(OzoneManagerProtocolServerSideTranslatorPB.java:177) ~[ozone-manager-1.4.0-SNAPSHOT.jar:?]
	at org.apache.hadoop.hdds.server.OzoneProtocolMessageDispatcher.processRequest(OzoneProtocolMessageDispatcher.java:87) [hdds-server-framework-1.4.0-SNAPSHOT.jar:?]
	at org.apache.hadoop.ozone.protocolPB.OzoneManagerProtocolServerSideTranslatorPB.submitRequest(OzoneManagerProtocolServerSideTranslatorPB.java:147) [ozone-manager-1.4.0-SNAPSHOT.jar:?]
	at org.apache.hadoop.ozone.protocol.proto.OzoneManagerProtocolProtos$OzoneManagerService$2.callBlockingMethod(OzoneManagerProtocolProtos.java) [ozone-interface-client-1.4.0-SNAPSHOT.jar:?]
	at org.apache.hadoop.ipc.ProtobufRpcEngine$Server.processCall(ProtobufRpcEngine.java:484) [hadoop-common-3.3.5.jar:?]
	at org.apache.hadoop.ipc.ProtobufRpcEngine2$Server$ProtoBufRpcInvoker.call(ProtobufRpcEngine2.java:595) [hadoop-common-3.3.5.jar:?]
	at org.apache.hadoop.ipc.ProtobufRpcEngine2$Server$ProtoBufRpcInvoker.call(ProtobufRpcEngine2.java:573) [hadoop-common-3.3.5.jar:?]
	at org.apache.hadoop.ipc.RPC$Server.call(RPC.java:1213) [hadoop-common-3.3.5.jar:?]
	at org.apache.hadoop.ipc.Server$RpcCall.run(Server.java:1089) [hadoop-common-3.3.5.jar:?]
	at org.apache.hadoop.ipc.Server$RpcCall.run(Server.java:1012) [hadoop-common-3.3.5.jar:?]
	at java.security.AccessController.doPrivileged(Native Method) ~[?:1.8.0_372]
	at javax.security.auth.Subject.doAs(Subject.java:422) [?:1.8.0_372]
	at org.apache.hadoop.security.UserGroupInformation.doAs(UserGroupInformation.java:1899) [hadoop-common-3.3.5.jar:?]
	at org.apache.hadoop.ipc.Server$Handler.run(Server.java:3026) [hadoop-common-3.3.5.jar:?]
13:17:28.745 [IPC Server handler 2 on default port 15004] ERROR OMAudit - user=runner | ip=127.0.0.1 | op=GET_FILE_STATUS {volume=volume-10734, bucket=bucket-06643, key=.Trash, dataSize=0, replicationConfig=null} | ret=FAILURE
org.apache.hadoop.ozone.om.exceptions.OMException: Unable to get file status: volume: volume-10734 bucket: bucket-06643 key: .Trash
	at org.apache.hadoop.ozone.om.KeyManagerImpl.getOzoneFileStatusFSO(KeyManagerImpl.java:1310) ~[ozone-manager-1.4.0-SNAPSHOT.jar:?]
	at org.apache.hadoop.ozone.om.KeyManagerImpl.getFileStatus(KeyManagerImpl.java:1102) ~[ozone-manager-1.4.0-SNAPSHOT.jar:?]
	at org.apache.hadoop.ozone.om.OmMetadataReader.getFileStatus(OmMetadataReader.java:286) ~[ozone-manager-1.4.0-SNAPSHOT.jar:?]
	at org.apache.hadoop.ozone.om.OzoneManager.getFileStatus(OzoneManager.java:3499) ~[ozone-manager-1.4.0-SNAPSHOT.jar:?]
	at org.apache.hadoop.ozone.protocolPB.OzoneManagerRequestHandler.getOzoneFileStatus(OzoneManagerRequestHandler.java:950) ~[ozone-manager-1.4.0-SNAPSHOT.jar:?]
	at org.apache.hadoop.ozone.protocolPB.OzoneManagerRequestHandler.handleReadRequest(OzoneManagerRequestHandler.java:245) ~[ozone-manager-1.4.0-SNAPSHOT.jar:?]
	at org.apache.hadoop.ozone.protocolPB.OzoneManagerProtocolServerSideTranslatorPB.submitReadRequestToOM(OzoneManagerProtocolServerSideTranslatorPB.java:223) ~[ozone-manager-1.4.0-SNAPSHOT.jar:?]
	at org.apache.hadoop.ozone.protocolPB.OzoneManagerProtocolServerSideTranslatorPB.processRequest(OzoneManagerProtocolServerSideTranslatorPB.java:177) ~[ozone-manager-1.4.0-SNAPSHOT.jar:?]
	at org.apache.hadoop.hdds.server.OzoneProtocolMessageDispatcher.processRequest(OzoneProtocolMessageDispatcher.java:87) [hdds-server-framework-1.4.0-SNAPSHOT.jar:?]
	at org.apache.hadoop.ozone.protocolPB.OzoneManagerProtocolServerSideTranslatorPB.submitRequest(OzoneManagerProtocolServerSideTranslatorPB.java:147) [ozone-manager-1.4.0-SNAPSHOT.jar:?]
	at org.apache.hadoop.ozone.protocol.proto.OzoneManagerProtocolProtos$OzoneManagerService$2.callBlockingMethod(OzoneManagerProtocolProtos.java) [ozone-interface-client-1.4.0-SNAPSHOT.jar:?]
	at org.apache.hadoop.ipc.ProtobufRpcEngine$Server.processCall(ProtobufRpcEngine.java:484) [hadoop-common-3.3.5.jar:?]
	at org.apache.hadoop.ipc.ProtobufRpcEngine2$Server$ProtoBufRpcInvoker.call(ProtobufRpcEngine2.java:595) [hadoop-common-3.3.5.jar:?]
	at org.apache.hadoop.ipc.ProtobufRpcEngine2$Server$ProtoBufRpcInvoker.call(ProtobufRpcEngine2.java:573) [hadoop-common-3.3.5.jar:?]
	at org.apache.hadoop.ipc.RPC$Server.call(RPC.java:1213) [hadoop-common-3.3.5.jar:?]
	at org.apache.hadoop.ipc.Server$RpcCall.run(Server.java:1089) [hadoop-common-3.3.5.jar:?]
	at org.apache.hadoop.ipc.Server$RpcCall.run(Server.java:1012) [hadoop-common-3.3.5.jar:?]
	at java.security.AccessController.doPrivileged(Native Method) ~[?:1.8.0_372]
	at javax.security.auth.Subject.doAs(Subject.java:422) [?:1.8.0_372]
	at org.apache.hadoop.security.UserGroupInformation.doAs(UserGroupInformation.java:1899) [hadoop-common-3.3.5.jar:?]
	at org.apache.hadoop.ipc.Server$Handler.run(Server.java:3026) [hadoop-common-3.3.5.jar:?]
13:17:28.747 [IPC Server handler 11 on default port 15004] ERROR OMAudit - user=runner | ip=127.0.0.1 | op=GET_FILE_STATUS {volume=volume-30266, bucket=bucket-23633, key=.Trash, dataSize=0, replicationConfig=null} | ret=FAILURE
org.apache.hadoop.ozone.om.exceptions.OMException: Unable to get file status: volume: volume-30266 bucket: bucket-23633 key: .Trash
	at org.apache.hadoop.ozone.om.KeyManagerImpl.getOzoneFileStatusFSO(KeyManagerImpl.java:1310) ~[ozone-manager-1.4.0-SNAPSHOT.jar:?]
	at org.apache.hadoop.ozone.om.KeyManagerImpl.getFileStatus(KeyManagerImpl.java:1102) ~[ozone-manager-1.4.0-SNAPSHOT.jar:?]
	at org.apache.hadoop.ozone.om.OmMetadataReader.getFileStatus(OmMetadataReader.java:286) ~[ozone-manager-1.4.0-SNAPSHOT.jar:?]
	at org.apache.hadoop.ozone.om.OzoneManager.getFileStatus(OzoneManager.java:3499) ~[ozone-manager-1.4.0-SNAPSHOT.jar:?]
	at org.apache.hadoop.ozone.protocolPB.OzoneManagerRequestHandler.getOzoneFileStatus(OzoneManagerRequestHandler.java:950) ~[ozone-manager-1.4.0-SNAPSHOT.jar:?]
	at org.apache.hadoop.ozone.protocolPB.OzoneManagerRequestHandler.handleReadRequest(OzoneManagerRequestHandler.java:245) ~[ozone-manager-1.4.0-SNAPSHOT.jar:?]
	at org.apache.hadoop.ozone.protocolPB.OzoneManagerProtocolServerSideTranslatorPB.submitReadRequestToOM(OzoneManagerProtocolServerSideTranslatorPB.java:223) ~[ozone-manager-1.4.0-SNAPSHOT.jar:?]
	at org.apache.hadoop.ozone.protocolPB.OzoneManagerProtocolServerSideTranslatorPB.processRequest(OzoneManagerProtocolServerSideTranslatorPB.java:177) ~[ozone-manager-1.4.0-SNAPSHOT.jar:?]
	at org.apache.hadoop.hdds.server.OzoneProtocolMessageDispatcher.processRequest(OzoneProtocolMessageDispatcher.java:87) [hdds-server-framework-1.4.0-SNAPSHOT.jar:?]
	at org.apache.hadoop.ozone.protocolPB.OzoneManagerProtocolServerSideTranslatorPB.submitRequest(OzoneManagerProtocolServerSideTranslatorPB.java:147) [ozone-manager-1.4.0-SNAPSHOT.jar:?]
	at org.apache.hadoop.ozone.protocol.proto.OzoneManagerProtocolProtos$OzoneManagerService$2.callBlockingMethod(OzoneManagerProtocolProtos.java) [ozone-interface-client-1.4.0-SNAPSHOT.jar:?]
	at org.apache.hadoop.ipc.ProtobufRpcEngine$Server.processCall(ProtobufRpcEngine.java:484) [hadoop-common-3.3.5.jar:?]
	at org.apache.hadoop.ipc.ProtobufRpcEngine2$Server$ProtoBufRpcInvoker.call(ProtobufRpcEngine2.java:595) [hadoop-common-3.3.5.jar:?]
	at org.apache.hadoop.ipc.ProtobufRpcEngine2$Server$ProtoBufRpcInvoker.call(ProtobufRpcEngine2.java:573) [hadoop-common-3.3.5.jar:?]
	at org.apache.hadoop.ipc.RPC$Server.call(RPC.java:1213) [hadoop-common-3.3.5.jar:?]
	at org.apache.hadoop.ipc.Server$RpcCall.run(Server.java:1089) [hadoop-common-3.3.5.jar:?]
	at org.apache.hadoop.ipc.Server$RpcCall.run(Server.java:1012) [hadoop-common-3.3.5.jar:?]
	at java.security.AccessController.doPrivileged(Native Method) ~[?:1.8.0_372]
	at javax.security.auth.Subject.doAs(Subject.java:422) [?:1.8.0_372]
	at org.apache.hadoop.security.UserGroupInformation.doAs(UserGroupInformation.java:1899) [hadoop-common-3.3.5.jar:?]
	at org.apache.hadoop.ipc.Server$Handler.run(Server.java:3026) [hadoop-common-3.3.5.jar:?]
13:17:28.759 [IPC Server handler 10 on default port 15004] ERROR OMAudit - user=runner | ip=127.0.0.1 | op=GET_FILE_STATUS {volume=volume48420, bucket=bucket01231, key=.Trash, dataSize=0, replicationConfig=null} | ret=FAILURE
org.apache.hadoop.ozone.om.exceptions.OMException: Unable to get file status: volume: volume48420 bucket: bucket01231 key: .Trash
	at org.apache.hadoop.ozone.om.KeyManagerImpl.getOzoneFileStatusFSO(KeyManagerImpl.java:1310) ~[ozone-manager-1.4.0-SNAPSHOT.jar:?]
	at org.apache.hadoop.ozone.om.KeyManagerImpl.getFileStatus(KeyManagerImpl.java:1102) ~[ozone-manager-1.4.0-SNAPSHOT.jar:?]
	at org.apache.hadoop.ozone.om.OmMetadataReader.getFileStatus(OmMetadataReader.java:286) ~[ozone-manager-1.4.0-SNAPSHOT.jar:?]
	at org.apache.hadoop.ozone.om.OzoneManager.getFileStatus(OzoneManager.java:3499) ~[ozone-manager-1.4.0-SNAPSHOT.jar:?]
	at org.apache.hadoop.ozone.protocolPB.OzoneManagerRequestHandler.getOzoneFileStatus(OzoneManagerRequestHandler.java:950) ~[ozone-manager-1.4.0-SNAPSHOT.jar:?]
	at org.apache.hadoop.ozone.protocolPB.OzoneManagerRequestHandler.handleReadRequest(OzoneManagerRequestHandler.java:245) ~[ozone-manager-1.4.0-SNAPSHOT.jar:?]
	at org.apache.hadoop.ozone.protocolPB.OzoneManagerProtocolServerSideTranslatorPB.submitReadRequestToOM(OzoneManagerProtocolServerSideTranslatorPB.java:223) ~[ozone-manager-1.4.0-SNAPSHOT.jar:?]
	at org.apache.hadoop.ozone.protocolPB.OzoneManagerProtocolServerSideTranslatorPB.processRequest(OzoneManagerProtocolServerSideTranslatorPB.java:177) ~[ozone-manager-1.4.0-SNAPSHOT.jar:?]
	at org.apache.hadoop.hdds.server.OzoneProtocolMessageDispatcher.processRequest(OzoneProtocolMessageDispatcher.java:87) [hdds-server-framework-1.4.0-SNAPSHOT.jar:?]
	at org.apache.hadoop.ozone.protocolPB.OzoneManagerProtocolServerSideTranslatorPB.submitRequest(OzoneManagerProtocolServerSideTranslatorPB.java:147) [ozone-manager-1.4.0-SNAPSHOT.jar:?]
	at org.apache.hadoop.ozone.protocol.proto.OzoneManagerProtocolProtos$OzoneManagerService$2.callBlockingMethod(OzoneManagerProtocolProtos.java) [ozone-interface-client-1.4.0-SNAPSHOT.jar:?]
	at org.apache.hadoop.ipc.ProtobufRpcEngine$Server.processCall(ProtobufRpcEngine.java:484) [hadoop-common-3.3.5.jar:?]
	at org.apache.hadoop.ipc.ProtobufRpcEngine2$Server$ProtoBufRpcInvoker.call(ProtobufRpcEngine2.java:595) [hadoop-common-3.3.5.jar:?]
	at org.apache.hadoop.ipc.ProtobufRpcEngine2$Server$ProtoBufRpcInvoker.call(ProtobufRpcEngine2.java:573) [hadoop-common-3.3.5.jar:?]
	at org.apache.hadoop.ipc.RPC$Server.call(RPC.java:1213) [hadoop-common-3.3.5.jar:?]
	at org.apache.hadoop.ipc.Server$RpcCall.run(Server.java:1089) [hadoop-common-3.3.5.jar:?]
	at org.apache.hadoop.ipc.Server$RpcCall.run(Server.java:1012) [hadoop-common-3.3.5.jar:?]
	at java.security.AccessController.doPrivileged(Native Method) ~[?:1.8.0_372]
	at javax.security.auth.Subject.doAs(Subject.java:422) [?:1.8.0_372]
	at org.apache.hadoop.security.UserGroupInformation.doAs(UserGroupInformation.java:1899) [hadoop-common-3.3.5.jar:?]
	at org.apache.hadoop.ipc.Server$Handler.run(Server.java:3026) [hadoop-common-3.3.5.jar:?]
13:17:28.769 [IPC Server handler 5 on default port 15004] ERROR OMAudit - user=runner | ip=127.0.0.1 | op=GET_FILE_STATUS {volume=volume-10734, bucket=bucket-06643, key=.Trash/runner, dataSize=0, replicationConfig=null} | ret=FAILURE
org.apache.hadoop.ozone.om.exceptions.OMException: Unable to get file status: volume: volume-10734 bucket: bucket-06643 key: .Trash/runner
	at org.apache.hadoop.ozone.om.KeyManagerImpl.getOzoneFileStatusFSO(KeyManagerImpl.java:1310) ~[ozone-manager-1.4.0-SNAPSHOT.jar:?]
	at org.apache.hadoop.ozone.om.KeyManagerImpl.getFileStatus(KeyManagerImpl.java:1102) ~[ozone-manager-1.4.0-SNAPSHOT.jar:?]
	at org.apache.hadoop.ozone.om.OmMetadataReader.getFileStatus(OmMetadataReader.java:286) ~[ozone-manager-1.4.0-SNAPSHOT.jar:?]
	at org.apache.hadoop.ozone.om.OzoneManager.getFileStatus(OzoneManager.java:3499) ~[ozone-manager-1.4.0-SNAPSHOT.jar:?]
	at org.apache.hadoop.ozone.protocolPB.OzoneManagerRequestHandler.getOzoneFileStatus(OzoneManagerRequestHandler.java:950) ~[ozone-manager-1.4.0-SNAPSHOT.jar:?]
	at org.apache.hadoop.ozone.protocolPB.OzoneManagerRequestHandler.handleReadRequest(OzoneManagerRequestHandler.java:245) ~[ozone-manager-1.4.0-SNAPSHOT.jar:?]
	at org.apache.hadoop.ozone.protocolPB.OzoneManagerProtocolServerSideTranslatorPB.submitReadRequestToOM(OzoneManagerProtocolServerSideTranslatorPB.java:223) ~[ozone-manager-1.4.0-SNAPSHOT.jar:?]
	at org.apache.hadoop.ozone.protocolPB.OzoneManagerProtocolServerSideTranslatorPB.processRequest(OzoneManagerProtocolServerSideTranslatorPB.java:177) ~[ozone-manager-1.4.0-SNAPSHOT.jar:?]
	at org.apache.hadoop.hdds.server.OzoneProtocolMessageDispatcher.processRequest(OzoneProtocolMessageDispatcher.java:87) [hdds-server-framework-1.4.0-SNAPSHOT.jar:?]
	at org.apache.hadoop.ozone.protocolPB.OzoneManagerProtocolServerSideTranslatorPB.submitRequest(OzoneManagerProtocolServerSideTranslatorPB.java:147) [ozone-manager-1.4.0-SNAPSHOT.jar:?]
	at org.apache.hadoop.ozone.protocol.proto.OzoneManagerProtocolProtos$OzoneManagerService$2.callBlockingMethod(OzoneManagerProtocolProtos.java) [ozone-interface-client-1.4.0-SNAPSHOT.jar:?]
	at org.apache.hadoop.ipc.ProtobufRpcEngine$Server.processCall(ProtobufRpcEngine.java:484) [hadoop-common-3.3.5.jar:?]
	at org.apache.hadoop.ipc.ProtobufRpcEngine2$Server$ProtoBufRpcInvoker.call(ProtobufRpcEngine2.java:595) [hadoop-common-3.3.5.jar:?]
	at org.apache.hadoop.ipc.ProtobufRpcEngine2$Server$ProtoBufRpcInvoker.call(ProtobufRpcEngine2.java:573) [hadoop-common-3.3.5.jar:?]
	at org.apache.hadoop.ipc.RPC$Server.call(RPC.java:1213) [hadoop-common-3.3.5.jar:?]
	at org.apache.hadoop.ipc.Server$RpcCall.run(Server.java:1089) [hadoop-common-3.3.5.jar:?]
	at org.apache.hadoop.ipc.Server$RpcCall.run(Server.java:1012) [hadoop-common-3.3.5.jar:?]
	at java.security.AccessController.doPrivileged(Native Method) ~[?:1.8.0_372]
	at javax.security.auth.Subject.doAs(Subject.java:422) [?:1.8.0_372]
	at org.apache.hadoop.security.UserGroupInformation.doAs(UserGroupInformation.java:1899) [hadoop-common-3.3.5.jar:?]
	at org.apache.hadoop.ipc.Server$Handler.run(Server.java:3026) [hadoop-common-3.3.5.jar:?]
13:17:28.771 [IPC Server handler 10 on default port 15004] ERROR OMAudit - user=runner | ip=127.0.0.1 | op=GET_FILE_STATUS {volume=volume-30266, bucket=bucket-23633, key=.Trash/runner, dataSize=0, replicationConfig=null} | ret=FAILURE
org.apache.hadoop.ozone.om.exceptions.OMException: Unable to get file status: volume: volume-30266 bucket: bucket-23633 key: .Trash/runner
	at org.apache.hadoop.ozone.om.KeyManagerImpl.getOzoneFileStatusFSO(KeyManagerImpl.java:1310) ~[ozone-manager-1.4.0-SNAPSHOT.jar:?]
	at org.apache.hadoop.ozone.om.KeyManagerImpl.getFileStatus(KeyManagerImpl.java:1102) ~[ozone-manager-1.4.0-SNAPSHOT.jar:?]
	at org.apache.hadoop.ozone.om.OmMetadataReader.getFileStatus(OmMetadataReader.java:286) ~[ozone-manager-1.4.0-SNAPSHOT.jar:?]
	at org.apache.hadoop.ozone.om.OzoneManager.getFileStatus(OzoneManager.java:3499) ~[ozone-manager-1.4.0-SNAPSHOT.jar:?]
	at org.apache.hadoop.ozone.protocolPB.OzoneManagerRequestHandler.getOzoneFileStatus(OzoneManagerRequestHandler.java:950) ~[ozone-manager-1.4.0-SNAPSHOT.jar:?]
	at org.apache.hadoop.ozone.protocolPB.OzoneManagerRequestHandler.handleReadRequest(OzoneManagerRequestHandler.java:245) ~[ozone-manager-1.4.0-SNAPSHOT.jar:?]
	at org.apache.hadoop.ozone.protocolPB.OzoneManagerProtocolServerSideTranslatorPB.submitReadRequestToOM(OzoneManagerProtocolServerSideTranslatorPB.java:223) ~[ozone-manager-1.4.0-SNAPSHOT.jar:?]
	at org.apache.hadoop.ozone.protocolPB.OzoneManagerProtocolServerSideTranslatorPB.processRequest(OzoneManagerProtocolServerSideTranslatorPB.java:177) ~[ozone-manager-1.4.0-SNAPSHOT.jar:?]
	at org.apache.hadoop.hdds.server.OzoneProtocolMessageDispatcher.processRequest(OzoneProtocolMessageDispatcher.java:87) [hdds-server-framework-1.4.0-SNAPSHOT.jar:?]
	at org.apache.hadoop.ozone.protocolPB.OzoneManagerProtocolServerSideTranslatorPB.submitRequest(OzoneManagerProtocolServerSideTranslatorPB.java:147) [ozone-manager-1.4.0-SNAPSHOT.jar:?]
	at org.apache.hadoop.ozone.protocol.proto.OzoneManagerProtocolProtos$OzoneManagerService$2.callBlockingMethod(OzoneManagerProtocolProtos.java) [ozone-interface-client-1.4.0-SNAPSHOT.jar:?]
	at org.apache.hadoop.ipc.ProtobufRpcEngine$Server.processCall(ProtobufRpcEngine.java:484) [hadoop-common-3.3.5.jar:?]
	at org.apache.hadoop.ipc.ProtobufRpcEngine2$Server$ProtoBufRpcInvoker.call(ProtobufRpcEngine2.java:595) [hadoop-common-3.3.5.jar:?]
	at org.apache.hadoop.ipc.ProtobufRpcEngine2$Server$ProtoBufRpcInvoker.call(ProtobufRpcEngine2.java:573) [hadoop-common-3.3.5.jar:?]
	at org.apache.hadoop.ipc.RPC$Server.call(RPC.java:1213) [hadoop-common-3.3.5.jar:?]
	at org.apache.hadoop.ipc.Server$RpcCall.run(Server.java:1089) [hadoop-common-3.3.5.jar:?]
	at org.apache.hadoop.ipc.Server$RpcCall.run(Server.java:1012) [hadoop-common-3.3.5.jar:?]
	at java.security.AccessController.doPrivileged(Native Method) ~[?:1.8.0_372]
	at javax.security.auth.Subject.doAs(Subject.java:422) [?:1.8.0_372]
	at org.apache.hadoop.security.UserGroupInformation.doAs(UserGroupInformation.java:1899) [hadoop-common-3.3.5.jar:?]
	at org.apache.hadoop.ipc.Server$Handler.run(Server.java:3026) [hadoop-common-3.3.5.jar:?]
13:17:28.787 [IPC Server handler 14 on default port 15004] ERROR OMAudit - user=runner | ip=127.0.0.1 | op=GET_FILE_STATUS {volume=afaf26cd-9661-4d26-a038-3f0518d5b24b, bucket=945a806b-5cb8-4c19-b022-c1c1bf817262, key=.Trash, dataSize=0, replicationConfig=null} | ret=FAILURE
org.apache.hadoop.ozone.om.exceptions.OMException: Unable to get file status: volume: afaf26cd-9661-4d26-a038-3f0518d5b24b bucket: 945a806b-5cb8-4c19-b022-c1c1bf817262 key: .Trash
	at org.apache.hadoop.ozone.om.KeyManagerImpl.getOzoneFileStatus(KeyManagerImpl.java:1186) ~[ozone-manager-1.4.0-SNAPSHOT.jar:?]
	at org.apache.hadoop.ozone.om.KeyManagerImpl.getFileStatus(KeyManagerImpl.java:1104) ~[ozone-manager-1.4.0-SNAPSHOT.jar:?]
	at org.apache.hadoop.ozone.om.OmMetadataReader.getFileStatus(OmMetadataReader.java:286) ~[ozone-manager-1.4.0-SNAPSHOT.jar:?]
	at org.apache.hadoop.ozone.om.OzoneManager.getFileStatus(OzoneManager.java:3499) ~[ozone-manager-1.4.0-SNAPSHOT.jar:?]
	at org.apache.hadoop.ozone.protocolPB.OzoneManagerRequestHandler.getOzoneFileStatus(OzoneManagerRequestHandler.java:950) ~[ozone-manager-1.4.0-SNAPSHOT.jar:?]
	at org.apache.hadoop.ozone.protocolPB.OzoneManagerRequestHandler.handleReadRequest(OzoneManagerRequestHandler.java:245) ~[ozone-manager-1.4.0-SNAPSHOT.jar:?]
	at org.apache.hadoop.ozone.protocolPB.OzoneManagerProtocolServerSideTranslatorPB.submitReadRequestToOM(OzoneManagerProtocolServerSideTranslatorPB.java:223) ~[ozone-manager-1.4.0-SNAPSHOT.jar:?]
	at org.apache.hadoop.ozone.protocolPB.OzoneManagerProtocolServerSideTranslatorPB.processRequest(OzoneManagerProtocolServerSideTranslatorPB.java:177) ~[ozone-manager-1.4.0-SNAPSHOT.jar:?]
	at org.apache.hadoop.hdds.server.OzoneProtocolMessageDispatcher.processRequest(OzoneProtocolMessageDispatcher.java:87) [hdds-server-framework-1.4.0-SNAPSHOT.jar:?]
	at org.apache.hadoop.ozone.protocolPB.OzoneManagerProtocolServerSideTranslatorPB.submitRequest(OzoneManagerProtocolServerSideTranslatorPB.java:147) [ozone-manager-1.4.0-SNAPSHOT.jar:?]
	at org.apache.hadoop.ozone.protocol.proto.OzoneManagerProtocolProtos$OzoneManagerService$2.callBlockingMethod(OzoneManagerProtocolProtos.java) [ozone-interface-client-1.4.0-SNAPSHOT.jar:?]
	at org.apache.hadoop.ipc.ProtobufRpcEngine$Server.processCall(ProtobufRpcEngine.java:484) [hadoop-common-3.3.5.jar:?]
	at org.apache.hadoop.ipc.ProtobufRpcEngine2$Server$ProtoBufRpcInvoker.call(ProtobufRpcEngine2.java:595) [hadoop-common-3.3.5.jar:?]
	at org.apache.hadoop.ipc.ProtobufRpcEngine2$Server$ProtoBufRpcInvoker.call(ProtobufRpcEngine2.java:573) [hadoop-common-3.3.5.jar:?]
	at org.apache.hadoop.ipc.RPC$Server.call(RPC.java:1213) [hadoop-common-3.3.5.jar:?]
	at org.apache.hadoop.ipc.Server$RpcCall.run(Server.java:1089) [hadoop-common-3.3.5.jar:?]
	at org.apache.hadoop.ipc.Server$RpcCall.run(Server.java:1012) [hadoop-common-3.3.5.jar:?]
	at java.security.AccessController.doPrivileged(Native Method) ~[?:1.8.0_372]
	at javax.security.auth.Subject.doAs(Subject.java:422) [?:1.8.0_372]
	at org.apache.hadoop.security.UserGroupInformation.doAs(UserGroupInformation.java:1899) [hadoop-common-3.3.5.jar:?]
	at org.apache.hadoop.ipc.Server$Handler.run(Server.java:3026) [hadoop-common-3.3.5.jar:?]
13:17:28.790 [IPC Server handler 2 on default port 15004] ERROR OMAudit - user=runner | ip=127.0.0.1 | op=GET_FILE_STATUS {volume=volume-10734, bucket=bucket-06643, key=.Trash, dataSize=0, replicationConfig=null} | ret=FAILURE
org.apache.hadoop.ozone.om.exceptions.OMException: Unable to get file status: volume: volume-10734 bucket: bucket-06643 key: .Trash
	at org.apache.hadoop.ozone.om.KeyManagerImpl.getOzoneFileStatusFSO(KeyManagerImpl.java:1310) ~[ozone-manager-1.4.0-SNAPSHOT.jar:?]
	at org.apache.hadoop.ozone.om.KeyManagerImpl.getFileStatus(KeyManagerImpl.java:1102) ~[ozone-manager-1.4.0-SNAPSHOT.jar:?]
	at org.apache.hadoop.ozone.om.OmMetadataReader.getFileStatus(OmMetadataReader.java:286) ~[ozone-manager-1.4.0-SNAPSHOT.jar:?]
	at org.apache.hadoop.ozone.om.OzoneManager.getFileStatus(OzoneManager.java:3499) ~[ozone-manager-1.4.0-SNAPSHOT.jar:?]
	at org.apache.hadoop.ozone.protocolPB.OzoneManagerRequestHandler.getOzoneFileStatus(OzoneManagerRequestHandler.java:950) ~[ozone-manager-1.4.0-SNAPSHOT.jar:?]
	at org.apache.hadoop.ozone.protocolPB.OzoneManagerRequestHandler.handleReadRequest(OzoneManagerRequestHandler.java:245) ~[ozone-manager-1.4.0-SNAPSHOT.jar:?]
	at org.apache.hadoop.ozone.protocolPB.OzoneManagerProtocolServerSideTranslatorPB.submitReadRequestToOM(OzoneManagerProtocolServerSideTranslatorPB.java:223) ~[ozone-manager-1.4.0-SNAPSHOT.jar:?]
	at org.apache.hadoop.ozone.protocolPB.OzoneManagerProtocolServerSideTranslatorPB.processRequest(OzoneManagerProtocolServerSideTranslatorPB.java:177) ~[ozone-manager-1.4.0-SNAPSHOT.jar:?]
	at org.apache.hadoop.hdds.server.OzoneProtocolMessageDispatcher.processRequest(OzoneProtocolMessageDispatcher.java:87) [hdds-server-framework-1.4.0-SNAPSHOT.jar:?]
	at org.apache.hadoop.ozone.protocolPB.OzoneManagerProtocolServerSideTranslatorPB.submitRequest(OzoneManagerProtocolServerSideTranslatorPB.java:147) [ozone-manager-1.4.0-SNAPSHOT.jar:?]
	at org.apache.hadoop.ozone.protocol.proto.OzoneManagerProtocolProtos$OzoneManagerService$2.callBlockingMethod(OzoneManagerProtocolProtos.java) [ozone-interface-client-1.4.0-SNAPSHOT.jar:?]
	at org.apache.hadoop.ipc.ProtobufRpcEngine$Server.processCall(ProtobufRpcEngine.java:484) [hadoop-common-3.3.5.jar:?]
	at org.apache.hadoop.ipc.ProtobufRpcEngine2$Server$ProtoBufRpcInvoker.call(ProtobufRpcEngine2.java:595) [hadoop-common-3.3.5.jar:?]
	at org.apache.hadoop.ipc.ProtobufRpcEngine2$Server$ProtoBufRpcInvoker.call(ProtobufRpcEngine2.java:573) [hadoop-common-3.3.5.jar:?]
	at org.apache.hadoop.ipc.RPC$Server.call(RPC.java:1213) [hadoop-common-3.3.5.jar:?]
	at org.apache.hadoop.ipc.Server$RpcCall.run(Server.java:1089) [hadoop-common-3.3.5.jar:?]
	at org.apache.hadoop.ipc.Server$RpcCall.run(Server.java:1012) [hadoop-common-3.3.5.jar:?]
	at java.security.AccessController.doPrivileged(Native Method) ~[?:1.8.0_372]
	at javax.security.auth.Subject.doAs(Subject.java:422) [?:1.8.0_372]
	at org.apache.hadoop.security.UserGroupInformation.doAs(UserGroupInformation.java:1899) [hadoop-common-3.3.5.jar:?]
	at org.apache.hadoop.ipc.Server$Handler.run(Server.java:3026) [hadoop-common-3.3.5.jar:?]
13:17:28.792 [IPC Server handler 11 on default port 15004] ERROR OMAudit - user=runner | ip=127.0.0.1 | op=GET_FILE_STATUS {volume=volume-30266, bucket=bucket-23633, key=.Trash, dataSize=0, replicationConfig=null} | ret=FAILURE
org.apache.hadoop.ozone.om.exceptions.OMException: Unable to get file status: volume: volume-30266 bucket: bucket-23633 key: .Trash
	at org.apache.hadoop.ozone.om.KeyManagerImpl.getOzoneFileStatusFSO(KeyManagerImpl.java:1310) ~[ozone-manager-1.4.0-SNAPSHOT.jar:?]
	at org.apache.hadoop.ozone.om.KeyManagerImpl.getFileStatus(KeyManagerImpl.java:1102) ~[ozone-manager-1.4.0-SNAPSHOT.jar:?]
	at org.apache.hadoop.ozone.om.OmMetadataReader.getFileStatus(OmMetadataReader.java:286) ~[ozone-manager-1.4.0-SNAPSHOT.jar:?]
	at org.apache.hadoop.ozone.om.OzoneManager.getFileStatus(OzoneManager.java:3499) ~[ozone-manager-1.4.0-SNAPSHOT.jar:?]
	at org.apache.hadoop.ozone.protocolPB.OzoneManagerRequestHandler.getOzoneFileStatus(OzoneManagerRequestHandler.java:950) ~[ozone-manager-1.4.0-SNAPSHOT.jar:?]
	at org.apache.hadoop.ozone.protocolPB.OzoneManagerRequestHandler.handleReadRequest(OzoneManagerRequestHandler.java:245) ~[ozone-manager-1.4.0-SNAPSHOT.jar:?]
	at org.apache.hadoop.ozone.protocolPB.OzoneManagerProtocolServerSideTranslatorPB.submitReadRequestToOM(OzoneManagerProtocolServerSideTranslatorPB.java:223) ~[ozone-manager-1.4.0-SNAPSHOT.jar:?]
	at org.apache.hadoop.ozone.protocolPB.OzoneManagerProtocolServerSideTranslatorPB.processRequest(OzoneManagerProtocolServerSideTranslatorPB.java:177) ~[ozone-manager-1.4.0-SNAPSHOT.jar:?]
	at org.apache.hadoop.hdds.server.OzoneProtocolMessageDispatcher.processRequest(OzoneProtocolMessageDispatcher.java:87) [hdds-server-framework-1.4.0-SNAPSHOT.jar:?]
	at org.apache.hadoop.ozone.protocolPB.OzoneManagerProtocolServerSideTranslatorPB.submitRequest(OzoneManagerProtocolServerSideTranslatorPB.java:147) [ozone-manager-1.4.0-SNAPSHOT.jar:?]
	at org.apache.hadoop.ozone.protocol.proto.OzoneManagerProtocolProtos$OzoneManagerService$2.callBlockingMethod(OzoneManagerProtocolProtos.java) [ozone-interface-client-1.4.0-SNAPSHOT.jar:?]
	at org.apache.hadoop.ipc.ProtobufRpcEngine$Server.processCall(ProtobufRpcEngine.java:484) [hadoop-common-3.3.5.jar:?]
	at org.apache.hadoop.ipc.ProtobufRpcEngine2$Server$ProtoBufRpcInvoker.call(ProtobufRpcEngine2.java:595) [hadoop-common-3.3.5.jar:?]
	at org.apache.hadoop.ipc.ProtobufRpcEngine2$Server$ProtoBufRpcInvoker.call(ProtobufRpcEngine2.java:573) [hadoop-common-3.3.5.jar:?]
	at org.apache.hadoop.ipc.RPC$Server.call(RPC.java:1213) [hadoop-common-3.3.5.jar:?]
	at org.apache.hadoop.ipc.Server$RpcCall.run(Server.java:1089) [hadoop-common-3.3.5.jar:?]
	at org.apache.hadoop.ipc.Server$RpcCall.run(Server.java:1012) [hadoop-common-3.3.5.jar:?]
	at java.security.AccessController.doPrivileged(Native Method) ~[?:1.8.0_372]
	at javax.security.auth.Subject.doAs(Subject.java:422) [?:1.8.0_372]
	at org.apache.hadoop.security.UserGroupInformation.doAs(UserGroupInformation.java:1899) [hadoop-common-3.3.5.jar:?]
	at org.apache.hadoop.ipc.Server$Handler.run(Server.java:3026) [hadoop-common-3.3.5.jar:?]
13:17:28.806 [IPC Server handler 10 on default port 15004] ERROR OMAudit - user=runner | ip=127.0.0.1 | op=GET_FILE_STATUS {volume=volume48420, bucket=bucket01231, key=.Trash, dataSize=0, replicationConfig=null} | ret=FAILURE
org.apache.hadoop.ozone.om.exceptions.OMException: Unable to get file status: volume: volume48420 bucket: bucket01231 key: .Trash
	at org.apache.hadoop.ozone.om.KeyManagerImpl.getOzoneFileStatusFSO(KeyManagerImpl.java:1310) ~[ozone-manager-1.4.0-SNAPSHOT.jar:?]
	at org.apache.hadoop.ozone.om.KeyManagerImpl.getFileStatus(KeyManagerImpl.java:1102) ~[ozone-manager-1.4.0-SNAPSHOT.jar:?]
	at org.apache.hadoop.ozone.om.OmMetadataReader.getFileStatus(OmMetadataReader.java:286) ~[ozone-manager-1.4.0-SNAPSHOT.jar:?]
	at org.apache.hadoop.ozone.om.OzoneManager.getFileStatus(OzoneManager.java:3499) ~[ozone-manager-1.4.0-SNAPSHOT.jar:?]
	at org.apache.hadoop.ozone.protocolPB.OzoneManagerRequestHandler.getOzoneFileStatus(OzoneManagerRequestHandler.java:950) ~[ozone-manager-1.4.0-SNAPSHOT.jar:?]
	at org.apache.hadoop.ozone.protocolPB.OzoneManagerRequestHandler.handleReadRequest(OzoneManagerRequestHandler.java:245) ~[ozone-manager-1.4.0-SNAPSHOT.jar:?]
	at org.apache.hadoop.ozone.protocolPB.OzoneManagerProtocolServerSideTranslatorPB.submitReadRequestToOM(OzoneManagerProtocolServerSideTranslatorPB.java:223) ~[ozone-manager-1.4.0-SNAPSHOT.jar:?]
	at org.apache.hadoop.ozone.protocolPB.OzoneManagerProtocolServerSideTranslatorPB.processRequest(OzoneManagerProtocolServerSideTranslatorPB.java:177) ~[ozone-manager-1.4.0-SNAPSHOT.jar:?]
	at org.apache.hadoop.hdds.server.OzoneProtocolMessageDispatcher.processRequest(OzoneProtocolMessageDispatcher.java:87) [hdds-server-framework-1.4.0-SNAPSHOT.jar:?]
	at org.apache.hadoop.ozone.protocolPB.OzoneManagerProtocolServerSideTranslatorPB.submitRequest(OzoneManagerProtocolServerSideTranslatorPB.java:147) [ozone-manager-1.4.0-SNAPSHOT.jar:?]
	at org.apache.hadoop.ozone.protocol.proto.OzoneManagerProtocolProtos$OzoneManagerService$2.callBlockingMethod(OzoneManagerProtocolProtos.java) [ozone-interface-client-1.4.0-SNAPSHOT.jar:?]
	at org.apache.hadoop.ipc.ProtobufRpcEngine$Server.processCall(ProtobufRpcEngine.java:484) [hadoop-common-3.3.5.jar:?]
	at org.apache.hadoop.ipc.ProtobufRpcEngine2$Server$ProtoBufRpcInvoker.call(ProtobufRpcEngine2.java:595) [hadoop-common-3.3.5.jar:?]
	at org.apache.hadoop.ipc.ProtobufRpcEngine2$Server$ProtoBufRpcInvoker.call(ProtobufRpcEngine2.java:573) [hadoop-common-3.3.5.jar:?]
	at org.apache.hadoop.ipc.RPC$Server.call(RPC.java:1213) [hadoop-common-3.3.5.jar:?]
	at org.apache.hadoop.ipc.Server$RpcCall.run(Server.java:1089) [hadoop-common-3.3.5.jar:?]
	at org.apache.hadoop.ipc.Server$RpcCall.run(Server.java:1012) [hadoop-common-3.3.5.jar:?]
	at java.security.AccessController.doPrivileged(Native Method) ~[?:1.8.0_372]
	at javax.security.auth.Subject.doAs(Subject.java:422) [?:1.8.0_372]
	at org.apache.hadoop.security.UserGroupInformation.doAs(UserGroupInformation.java:1899) [hadoop-common-3.3.5.jar:?]
	at org.apache.hadoop.ipc.Server$Handler.run(Server.java:3026) [hadoop-common-3.3.5.jar:?]
13:17:28.818 [IPC Server handler 9 on default port 15004] ERROR OMAudit - user=runner | ip=127.0.0.1 | op=GET_FILE_STATUS {volume=volume-10734, bucket=bucket-06643, key=.Trash/runner, dataSize=0, replicationConfig=null} | ret=FAILURE
org.apache.hadoop.ozone.om.exceptions.OMException: Unable to get file status: volume: volume-10734 bucket: bucket-06643 key: .Trash/runner
	at org.apache.hadoop.ozone.om.KeyManagerImpl.getOzoneFileStatusFSO(KeyManagerImpl.java:1310) ~[ozone-manager-1.4.0-SNAPSHOT.jar:?]
	at org.apache.hadoop.ozone.om.KeyManagerImpl.getFileStatus(KeyManagerImpl.java:1102) ~[ozone-manager-1.4.0-SNAPSHOT.jar:?]
	at org.apache.hadoop.ozone.om.OmMetadataReader.getFileStatus(OmMetadataReader.java:286) ~[ozone-manager-1.4.0-SNAPSHOT.jar:?]
	at org.apache.hadoop.ozone.om.OzoneManager.getFileStatus(OzoneManager.java:3499) ~[ozone-manager-1.4.0-SNAPSHOT.jar:?]
	at org.apache.hadoop.ozone.protocolPB.OzoneManagerRequestHandler.getOzoneFileStatus(OzoneManagerRequestHandler.java:950) ~[ozone-manager-1.4.0-SNAPSHOT.jar:?]
	at org.apache.hadoop.ozone.protocolPB.OzoneManagerRequestHandler.handleReadRequest(OzoneManagerRequestHandler.java:245) ~[ozone-manager-1.4.0-SNAPSHOT.jar:?]
	at org.apache.hadoop.ozone.protocolPB.OzoneManagerProtocolServerSideTranslatorPB.submitReadRequestToOM(OzoneManagerProtocolServerSideTranslatorPB.java:223) ~[ozone-manager-1.4.0-SNAPSHOT.jar:?]
	at org.apache.hadoop.ozone.protocolPB.OzoneManagerProtocolServerSideTranslatorPB.processRequest(OzoneManagerProtocolServerSideTranslatorPB.java:177) ~[ozone-manager-1.4.0-SNAPSHOT.jar:?]
	at org.apache.hadoop.hdds.server.OzoneProtocolMessageDispatcher.processRequest(OzoneProtocolMessageDispatcher.java:87) [hdds-server-framework-1.4.0-SNAPSHOT.jar:?]
	at org.apache.hadoop.ozone.protocolPB.OzoneManagerProtocolServerSideTranslatorPB.submitRequest(OzoneManagerProtocolServerSideTranslatorPB.java:147) [ozone-manager-1.4.0-SNAPSHOT.jar:?]
	at org.apache.hadoop.ozone.protocol.proto.OzoneManagerProtocolProtos$OzoneManagerService$2.callBlockingMethod(OzoneManagerProtocolProtos.java) [ozone-interface-client-1.4.0-SNAPSHOT.jar:?]
	at org.apache.hadoop.ipc.ProtobufRpcEngine$Server.processCall(ProtobufRpcEngine.java:484) [hadoop-common-3.3.5.jar:?]
	at org.apache.hadoop.ipc.ProtobufRpcEngine2$Server$ProtoBufRpcInvoker.call(ProtobufRpcEngine2.java:595) [hadoop-common-3.3.5.jar:?]
	at org.apache.hadoop.ipc.ProtobufRpcEngine2$Server$ProtoBufRpcInvoker.call(ProtobufRpcEngine2.java:573) [hadoop-common-3.3.5.jar:?]
	at org.apache.hadoop.ipc.RPC$Server.call(RPC.java:1213) [hadoop-common-3.3.5.jar:?]
	at org.apache.hadoop.ipc.Server$RpcCall.run(Server.java:1089) [hadoop-common-3.3.5.jar:?]
	at org.apache.hadoop.ipc.Server$RpcCall.run(Server.java:1012) [hadoop-common-3.3.5.jar:?]
	at java.security.AccessController.doPrivileged(Native Method) ~[?:1.8.0_372]
	at javax.security.auth.Subject.doAs(Subject.java:422) [?:1.8.0_372]
	at org.apache.hadoop.security.UserGroupInformation.doAs(UserGroupInformation.java:1899) [hadoop-common-3.3.5.jar:?]
	at org.apache.hadoop.ipc.Server$Handler.run(Server.java:3026) [hadoop-common-3.3.5.jar:?]
13:17:28.820 [IPC Server handler 16 on default port 15004] ERROR OMAudit - user=runner | ip=127.0.0.1 | op=GET_FILE_STATUS {volume=volume-30266, bucket=bucket-23633, key=.Trash/runner, dataSize=0, replicationConfig=null} | ret=FAILURE
org.apache.hadoop.ozone.om.exceptions.OMException: Unable to get file status: volume: volume-30266 bucket: bucket-23633 key: .Trash/runner
	at org.apache.hadoop.ozone.om.KeyManagerImpl.getOzoneFileStatusFSO(KeyManagerImpl.java:1310) ~[ozone-manager-1.4.0-SNAPSHOT.jar:?]
	at org.apache.hadoop.ozone.om.KeyManagerImpl.getFileStatus(KeyManagerImpl.java:1102) ~[ozone-manager-1.4.0-SNAPSHOT.jar:?]
	at org.apache.hadoop.ozone.om.OmMetadataReader.getFileStatus(OmMetadataReader.java:286) ~[ozone-manager-1.4.0-SNAPSHOT.jar:?]
	at org.apache.hadoop.ozone.om.OzoneManager.getFileStatus(OzoneManager.java:3499) ~[ozone-manager-1.4.0-SNAPSHOT.jar:?]
	at org.apache.hadoop.ozone.protocolPB.OzoneManagerRequestHandler.getOzoneFileStatus(OzoneManagerRequestHandler.java:950) ~[ozone-manager-1.4.0-SNAPSHOT.jar:?]
	at org.apache.hadoop.ozone.protocolPB.OzoneManagerRequestHandler.handleReadRequest(OzoneManagerRequestHandler.java:245) ~[ozone-manager-1.4.0-SNAPSHOT.jar:?]
	at org.apache.hadoop.ozone.protocolPB.OzoneManagerProtocolServerSideTranslatorPB.submitReadRequestToOM(OzoneManagerProtocolServerSideTranslatorPB.java:223) ~[ozone-manager-1.4.0-SNAPSHOT.jar:?]
	at org.apache.hadoop.ozone.protocolPB.OzoneManagerProtocolServerSideTranslatorPB.processRequest(OzoneManagerProtocolServerSideTranslatorPB.java:177) ~[ozone-manager-1.4.0-SNAPSHOT.jar:?]
	at org.apache.hadoop.hdds.server.OzoneProtocolMessageDispatcher.processRequest(OzoneProtocolMessageDispatcher.java:87) [hdds-server-framework-1.4.0-SNAPSHOT.jar:?]
	at org.apache.hadoop.ozone.protocolPB.OzoneManagerProtocolServerSideTranslatorPB.submitRequest(OzoneManagerProtocolServerSideTranslatorPB.java:147) [ozone-manager-1.4.0-SNAPSHOT.jar:?]
	at org.apache.hadoop.ozone.protocol.proto.OzoneManagerProtocolProtos$OzoneManagerService$2.callBlockingMethod(OzoneManagerProtocolProtos.java) [ozone-interface-client-1.4.0-SNAPSHOT.jar:?]
	at org.apache.hadoop.ipc.ProtobufRpcEngine$Server.processCall(ProtobufRpcEngine.java:484) [hadoop-common-3.3.5.jar:?]
	at org.apache.hadoop.ipc.ProtobufRpcEngine2$Server$ProtoBufRpcInvoker.call(ProtobufRpcEngine2.java:595) [hadoop-common-3.3.5.jar:?]
	at org.apache.hadoop.ipc.ProtobufRpcEngine2$Server$ProtoBufRpcInvoker.call(ProtobufRpcEngine2.java:573) [hadoop-common-3.3.5.jar:?]
	at org.apache.hadoop.ipc.RPC$Server.call(RPC.java:1213) [hadoop-common-3.3.5.jar:?]
	at org.apache.hadoop.ipc.Server$RpcCall.run(Server.java:1089) [hadoop-common-3.3.5.jar:?]
	at org.apache.hadoop.ipc.Server$RpcCall.run(Server.java:1012) [hadoop-common-3.3.5.jar:?]
	at java.security.AccessController.doPrivileged(Native Method) ~[?:1.8.0_372]
	at javax.security.auth.Subject.doAs(Subject.java:422) [?:1.8.0_372]
	at org.apache.hadoop.security.UserGroupInformation.doAs(UserGroupInformation.java:1899) [hadoop-common-3.3.5.jar:?]
	at org.apache.hadoop.ipc.Server$Handler.run(Server.java:3026) [hadoop-common-3.3.5.jar:?]
13:17:28.833 [IPC Server handler 7 on default port 15004] ERROR OMAudit - user=runner | ip=127.0.0.1 | op=GET_FILE_STATUS {volume=volume78241, bucket=bucket16838, key=.Trash/runner, dataSize=0, replicationConfig=null} | ret=FAILURE
org.apache.hadoop.ozone.om.exceptions.OMException: Unable to get file status: volume: volume78241 bucket: bucket16838 key: .Trash/runner
	at org.apache.hadoop.ozone.om.KeyManagerImpl.getOzoneFileStatusFSO(KeyManagerImpl.java:1310) ~[ozone-manager-1.4.0-SNAPSHOT.jar:?]
	at org.apache.hadoop.ozone.om.KeyManagerImpl.getFileStatus(KeyManagerImpl.java:1102) ~[ozone-manager-1.4.0-SNAPSHOT.jar:?]
	at org.apache.hadoop.ozone.om.OmMetadataReader.getFileStatus(OmMetadataReader.java:286) ~[ozone-manager-1.4.0-SNAPSHOT.jar:?]
	at org.apache.hadoop.ozone.om.OzoneManager.getFileStatus(OzoneManager.java:3499) ~[ozone-manager-1.4.0-SNAPSHOT.jar:?]
	at org.apache.hadoop.ozone.protocolPB.OzoneManagerRequestHandler.getOzoneFileStatus(OzoneManagerRequestHandler.java:950) ~[ozone-manager-1.4.0-SNAPSHOT.jar:?]
	at org.apache.hadoop.ozone.protocolPB.OzoneManagerRequestHandler.handleReadRequest(OzoneManagerRequestHandler.java:245) ~[ozone-manager-1.4.0-SNAPSHOT.jar:?]
	at org.apache.hadoop.ozone.protocolPB.OzoneManagerProtocolServerSideTranslatorPB.submitReadRequestToOM(OzoneManagerProtocolServerSideTranslatorPB.java:223) ~[ozone-manager-1.4.0-SNAPSHOT.jar:?]
	at org.apache.hadoop.ozone.protocolPB.OzoneManagerProtocolServerSideTranslatorPB.processRequest(OzoneManagerProtocolServerSideTranslatorPB.java:177) ~[ozone-manager-1.4.0-SNAPSHOT.jar:?]
	at org.apache.hadoop.hdds.server.OzoneProtocolMessageDispatcher.processRequest(OzoneProtocolMessageDispatcher.java:87) [hdds-server-framework-1.4.0-SNAPSHOT.jar:?]
	at org.apache.hadoop.ozone.protocolPB.OzoneManagerProtocolServerSideTranslatorPB.submitRequest(OzoneManagerProtocolServerSideTranslatorPB.java:147) [ozone-manager-1.4.0-SNAPSHOT.jar:?]
	at org.apache.hadoop.ozone.protocol.proto.OzoneManagerProtocolProtos$OzoneManagerService$2.callBlockingMethod(OzoneManagerProtocolProtos.java) [ozone-interface-client-1.4.0-SNAPSHOT.jar:?]
	at org.apache.hadoop.ipc.ProtobufRpcEngine$Server.processCall(ProtobufRpcEngine.java:484) [hadoop-common-3.3.5.jar:?]
	at org.apache.hadoop.ipc.ProtobufRpcEngine2$Server$ProtoBufRpcInvoker.call(ProtobufRpcEngine2.java:595) [hadoop-common-3.3.5.jar:?]
	at org.apache.hadoop.ipc.ProtobufRpcEngine2$Server$ProtoBufRpcInvoker.call(ProtobufRpcEngine2.java:573) [hadoop-common-3.3.5.jar:?]
	at org.apache.hadoop.ipc.RPC$Server.call(RPC.java:1213) [hadoop-common-3.3.5.jar:?]
	at org.apache.hadoop.ipc.Server$RpcCall.run(Server.java:1089) [hadoop-common-3.3.5.jar:?]
	at org.apache.hadoop.ipc.Server$RpcCall.run(Server.java:1012) [hadoop-common-3.3.5.jar:?]
	at java.security.AccessController.doPrivileged(Native Method) ~[?:1.8.0_372]
	at javax.security.auth.Subject.doAs(Subject.java:422) [?:1.8.0_372]
	at org.apache.hadoop.security.UserGroupInformation.doAs(UserGroupInformation.java:1899) [hadoop-common-3.3.5.jar:?]
	at org.apache.hadoop.ipc.Server$Handler.run(Server.java:3026) [hadoop-common-3.3.5.jar:?]
13:17:28.837 [IPC Server handler 15 on default port 15004] ERROR OMAudit - user=runner | ip=127.0.0.1 | op=GET_FILE_STATUS {volume=afaf26cd-9661-4d26-a038-3f0518d5b24b, bucket=945a806b-5cb8-4c19-b022-c1c1bf817262, key=.Trash, dataSize=0, replicationConfig=null} | ret=FAILURE
org.apache.hadoop.ozone.om.exceptions.OMException: Unable to get file status: volume: afaf26cd-9661-4d26-a038-3f0518d5b24b bucket: 945a806b-5cb8-4c19-b022-c1c1bf817262 key: .Trash
	at org.apache.hadoop.ozone.om.KeyManagerImpl.getOzoneFileStatus(KeyManagerImpl.java:1186) ~[ozone-manager-1.4.0-SNAPSHOT.jar:?]
	at org.apache.hadoop.ozone.om.KeyManagerImpl.getFileStatus(KeyManagerImpl.java:1104) ~[ozone-manager-1.4.0-SNAPSHOT.jar:?]
	at org.apache.hadoop.ozone.om.OmMetadataReader.getFileStatus(OmMetadataReader.java:286) ~[ozone-manager-1.4.0-SNAPSHOT.jar:?]
	at org.apache.hadoop.ozone.om.OzoneManager.getFileStatus(OzoneManager.java:3499) ~[ozone-manager-1.4.0-SNAPSHOT.jar:?]
	at org.apache.hadoop.ozone.protocolPB.OzoneManagerRequestHandler.getOzoneFileStatus(OzoneManagerRequestHandler.java:950) ~[ozone-manager-1.4.0-SNAPSHOT.jar:?]
	at org.apache.hadoop.ozone.protocolPB.OzoneManagerRequestHandler.handleReadRequest(OzoneManagerRequestHandler.java:245) ~[ozone-manager-1.4.0-SNAPSHOT.jar:?]
	at org.apache.hadoop.ozone.protocolPB.OzoneManagerProtocolServerSideTranslatorPB.submitReadRequestToOM(OzoneManagerProtocolServerSideTranslatorPB.java:223) ~[ozone-manager-1.4.0-SNAPSHOT.jar:?]
	at org.apache.hadoop.ozone.protocolPB.OzoneManagerProtocolServerSideTranslatorPB.processRequest(OzoneManagerProtocolServerSideTranslatorPB.java:177) ~[ozone-manager-1.4.0-SNAPSHOT.jar:?]
	at org.apache.hadoop.hdds.server.OzoneProtocolMessageDispatcher.processRequest(OzoneProtocolMessageDispatcher.java:87) [hdds-server-framework-1.4.0-SNAPSHOT.jar:?]
	at org.apache.hadoop.ozone.protocolPB.OzoneManagerProtocolServerSideTranslatorPB.submitRequest(OzoneManagerProtocolServerSideTranslatorPB.java:147) [ozone-manager-1.4.0-SNAPSHOT.jar:?]
	at org.apache.hadoop.ozone.protocol.proto.OzoneManagerProtocolProtos$OzoneManagerService$2.callBlockingMethod(OzoneManagerProtocolProtos.java) [ozone-interface-client-1.4.0-SNAPSHOT.jar:?]
	at org.apache.hadoop.ipc.ProtobufRpcEngine$Server.processCall(ProtobufRpcEngine.java:484) [hadoop-common-3.3.5.jar:?]
	at org.apache.hadoop.ipc.ProtobufRpcEngine2$Server$ProtoBufRpcInvoker.call(ProtobufRpcEngine2.java:595) [hadoop-common-3.3.5.jar:?]
	at org.apache.hadoop.ipc.ProtobufRpcEngine2$Server$ProtoBufRpcInvoker.call(ProtobufRpcEngine2.java:573) [hadoop-common-3.3.5.jar:?]
	at org.apache.hadoop.ipc.RPC$Server.call(RPC.java:1213) [hadoop-common-3.3.5.jar:?]
	at org.apache.hadoop.ipc.Server$RpcCall.run(Server.java:1089) [hadoop-common-3.3.5.jar:?]
	at org.apache.hadoop.ipc.Server$RpcCall.run(Server.java:1012) [hadoop-common-3.3.5.jar:?]
	at java.security.AccessController.doPrivileged(Native Method) ~[?:1.8.0_372]
	at javax.security.auth.Subject.doAs(Subject.java:422) [?:1.8.0_372]
	at org.apache.hadoop.security.UserGroupInformation.doAs(UserGroupInformation.java:1899) [hadoop-common-3.3.5.jar:?]
	at org.apache.hadoop.ipc.Server$Handler.run(Server.java:3026) [hadoop-common-3.3.5.jar:?]
13:17:28.840 [IPC Server handler 5 on default port 15004] ERROR OMAudit - user=runner | ip=127.0.0.1 | op=GET_FILE_STATUS {volume=volume-10734, bucket=bucket-06643, key=.Trash, dataSize=0, replicationConfig=null} | ret=FAILURE
org.apache.hadoop.ozone.om.exceptions.OMException: Unable to get file status: volume: volume-10734 bucket: bucket-06643 key: .Trash
	at org.apache.hadoop.ozone.om.KeyManagerImpl.getOzoneFileStatusFSO(KeyManagerImpl.java:1310) ~[ozone-manager-1.4.0-SNAPSHOT.jar:?]
	at org.apache.hadoop.ozone.om.KeyManagerImpl.getFileStatus(KeyManagerImpl.java:1102) ~[ozone-manager-1.4.0-SNAPSHOT.jar:?]
	at org.apache.hadoop.ozone.om.OmMetadataReader.getFileStatus(OmMetadataReader.java:286) ~[ozone-manager-1.4.0-SNAPSHOT.jar:?]
	at org.apache.hadoop.ozone.om.OzoneManager.getFileStatus(OzoneManager.java:3499) ~[ozone-manager-1.4.0-SNAPSHOT.jar:?]
	at org.apache.hadoop.ozone.protocolPB.OzoneManagerRequestHandler.getOzoneFileStatus(OzoneManagerRequestHandler.java:950) ~[ozone-manager-1.4.0-SNAPSHOT.jar:?]
	at org.apache.hadoop.ozone.protocolPB.OzoneManagerRequestHandler.handleReadRequest(OzoneManagerRequestHandler.java:245) ~[ozone-manager-1.4.0-SNAPSHOT.jar:?]
	at org.apache.hadoop.ozone.protocolPB.OzoneManagerProtocolServerSideTranslatorPB.submitReadRequestToOM(OzoneManagerProtocolServerSideTranslatorPB.java:223) ~[ozone-manager-1.4.0-SNAPSHOT.jar:?]
	at org.apache.hadoop.ozone.protocolPB.OzoneManagerProtocolServerSideTranslatorPB.processRequest(OzoneManagerProtocolServerSideTranslatorPB.java:177) ~[ozone-manager-1.4.0-SNAPSHOT.jar:?]
	at org.apache.hadoop.hdds.server.OzoneProtocolMessageDispatcher.processRequest(OzoneProtocolMessageDispatcher.java:87) [hdds-server-framework-1.4.0-SNAPSHOT.jar:?]
	at org.apache.hadoop.ozone.protocolPB.OzoneManagerProtocolServerSideTranslatorPB.submitRequest(OzoneManagerProtocolServerSideTranslatorPB.java:147) [ozone-manager-1.4.0-SNAPSHOT.jar:?]
	at org.apache.hadoop.ozone.protocol.proto.OzoneManagerProtocolProtos$OzoneManagerService$2.callBlockingMethod(OzoneManagerProtocolProtos.java) [ozone-interface-client-1.4.0-SNAPSHOT.jar:?]
	at org.apache.hadoop.ipc.ProtobufRpcEngine$Server.processCall(ProtobufRpcEngine.java:484) [hadoop-common-3.3.5.jar:?]
	at org.apache.hadoop.ipc.ProtobufRpcEngine2$Server$ProtoBufRpcInvoker.call(ProtobufRpcEngine2.java:595) [hadoop-common-3.3.5.jar:?]
	at org.apache.hadoop.ipc.ProtobufRpcEngine2$Server$ProtoBufRpcInvoker.call(ProtobufRpcEngine2.java:573) [hadoop-common-3.3.5.jar:?]
	at org.apache.hadoop.ipc.RPC$Server.call(RPC.java:1213) [hadoop-common-3.3.5.jar:?]
	at org.apache.hadoop.ipc.Server$RpcCall.run(Server.java:1089) [hadoop-common-3.3.5.jar:?]
	at org.apache.hadoop.ipc.Server$RpcCall.run(Server.java:1012) [hadoop-common-3.3.5.jar:?]
	at java.security.AccessController.doPrivileged(Native Method) ~[?:1.8.0_372]
	at javax.security.auth.Subject.doAs(Subject.java:422) [?:1.8.0_372]
	at org.apache.hadoop.security.UserGroupInformation.doAs(UserGroupInformation.java:1899) [hadoop-common-3.3.5.jar:?]
	at org.apache.hadoop.ipc.Server$Handler.run(Server.java:3026) [hadoop-common-3.3.5.jar:?]
13:17:28.842 [IPC Server handler 10 on default port 15004] ERROR OMAudit - user=runner | ip=127.0.0.1 | op=GET_FILE_STATUS {volume=volume-30266, bucket=bucket-23633, key=.Trash, dataSize=0, replicationConfig=null} | ret=FAILURE
org.apache.hadoop.ozone.om.exceptions.OMException: Unable to get file status: volume: volume-30266 bucket: bucket-23633 key: .Trash
	at org.apache.hadoop.ozone.om.KeyManagerImpl.getOzoneFileStatusFSO(KeyManagerImpl.java:1310) ~[ozone-manager-1.4.0-SNAPSHOT.jar:?]
	at org.apache.hadoop.ozone.om.KeyManagerImpl.getFileStatus(KeyManagerImpl.java:1102) ~[ozone-manager-1.4.0-SNAPSHOT.jar:?]
	at org.apache.hadoop.ozone.om.OmMetadataReader.getFileStatus(OmMetadataReader.java:286) ~[ozone-manager-1.4.0-SNAPSHOT.jar:?]
	at org.apache.hadoop.ozone.om.OzoneManager.getFileStatus(OzoneManager.java:3499) ~[ozone-manager-1.4.0-SNAPSHOT.jar:?]
	at org.apache.hadoop.ozone.protocolPB.OzoneManagerRequestHandler.getOzoneFileStatus(OzoneManagerRequestHandler.java:950) ~[ozone-manager-1.4.0-SNAPSHOT.jar:?]
	at org.apache.hadoop.ozone.protocolPB.OzoneManagerRequestHandler.handleReadRequest(OzoneManagerRequestHandler.java:245) ~[ozone-manager-1.4.0-SNAPSHOT.jar:?]
	at org.apache.hadoop.ozone.protocolPB.OzoneManagerProtocolServerSideTranslatorPB.submitReadRequestToOM(OzoneManagerProtocolServerSideTranslatorPB.java:223) ~[ozone-manager-1.4.0-SNAPSHOT.jar:?]
	at org.apache.hadoop.ozone.protocolPB.OzoneManagerProtocolServerSideTranslatorPB.processRequest(OzoneManagerProtocolServerSideTranslatorPB.java:177) ~[ozone-manager-1.4.0-SNAPSHOT.jar:?]
	at org.apache.hadoop.hdds.server.OzoneProtocolMessageDispatcher.processRequest(OzoneProtocolMessageDispatcher.java:87) [hdds-server-framework-1.4.0-SNAPSHOT.jar:?]
	at org.apache.hadoop.ozone.protocolPB.OzoneManagerProtocolServerSideTranslatorPB.submitRequest(OzoneManagerProtocolServerSideTranslatorPB.java:147) [ozone-manager-1.4.0-SNAPSHOT.jar:?]
	at org.apache.hadoop.ozone.protocol.proto.OzoneManagerProtocolProtos$OzoneManagerService$2.callBlockingMethod(OzoneManagerProtocolProtos.java) [ozone-interface-client-1.4.0-SNAPSHOT.jar:?]
	at org.apache.hadoop.ipc.ProtobufRpcEngine$Server.processCall(ProtobufRpcEngine.java:484) [hadoop-common-3.3.5.jar:?]
	at org.apache.hadoop.ipc.ProtobufRpcEngine2$Server$ProtoBufRpcInvoker.call(ProtobufRpcEngine2.java:595) [hadoop-common-3.3.5.jar:?]
	at org.apache.hadoop.ipc.ProtobufRpcEngine2$Server$ProtoBufRpcInvoker.call(ProtobufRpcEngine2.java:573) [hadoop-common-3.3.5.jar:?]
	at org.apache.hadoop.ipc.RPC$Server.call(RPC.java:1213) [hadoop-common-3.3.5.jar:?]
	at org.apache.hadoop.ipc.Server$RpcCall.run(Server.java:1089) [hadoop-common-3.3.5.jar:?]
	at org.apache.hadoop.ipc.Server$RpcCall.run(Server.java:1012) [hadoop-common-3.3.5.jar:?]
	at java.security.AccessController.doPrivileged(Native Method) ~[?:1.8.0_372]
	at javax.security.auth.Subject.doAs(Subject.java:422) [?:1.8.0_372]
	at org.apache.hadoop.security.UserGroupInformation.doAs(UserGroupInformation.java:1899) [hadoop-common-3.3.5.jar:?]
	at org.apache.hadoop.ipc.Server$Handler.run(Server.java:3026) [hadoop-common-3.3.5.jar:?]
13:17:28.852 [IPC Server handler 9 on default port 15004] ERROR OMAudit - user=runner | ip=127.0.0.1 | op=GET_FILE_STATUS {volume=volume48420, bucket=bucket01231, key=.Trash, dataSize=0, replicationConfig=null} | ret=FAILURE
org.apache.hadoop.ozone.om.exceptions.OMException: Unable to get file status: volume: volume48420 bucket: bucket01231 key: .Trash
	at org.apache.hadoop.ozone.om.KeyManagerImpl.getOzoneFileStatusFSO(KeyManagerImpl.java:1310) ~[ozone-manager-1.4.0-SNAPSHOT.jar:?]
	at org.apache.hadoop.ozone.om.KeyManagerImpl.getFileStatus(KeyManagerImpl.java:1102) ~[ozone-manager-1.4.0-SNAPSHOT.jar:?]
	at org.apache.hadoop.ozone.om.OmMetadataReader.getFileStatus(OmMetadataReader.java:286) ~[ozone-manager-1.4.0-SNAPSHOT.jar:?]
	at org.apache.hadoop.ozone.om.OzoneManager.getFileStatus(OzoneManager.java:3499) ~[ozone-manager-1.4.0-SNAPSHOT.jar:?]
	at org.apache.hadoop.ozone.protocolPB.OzoneManagerRequestHandler.getOzoneFileStatus(OzoneManagerRequestHandler.java:950) ~[ozone-manager-1.4.0-SNAPSHOT.jar:?]
	at org.apache.hadoop.ozone.protocolPB.OzoneManagerRequestHandler.handleReadRequest(OzoneManagerRequestHandler.java:245) ~[ozone-manager-1.4.0-SNAPSHOT.jar:?]
	at org.apache.hadoop.ozone.protocolPB.OzoneManagerProtocolServerSideTranslatorPB.submitReadRequestToOM(OzoneManagerProtocolServerSideTranslatorPB.java:223) ~[ozone-manager-1.4.0-SNAPSHOT.jar:?]
	at org.apache.hadoop.ozone.protocolPB.OzoneManagerProtocolServerSideTranslatorPB.processRequest(OzoneManagerProtocolServerSideTranslatorPB.java:177) ~[ozone-manager-1.4.0-SNAPSHOT.jar:?]
	at org.apache.hadoop.hdds.server.OzoneProtocolMessageDispatcher.processRequest(OzoneProtocolMessageDispatcher.java:87) [hdds-server-framework-1.4.0-SNAPSHOT.jar:?]
	at org.apache.hadoop.ozone.protocolPB.OzoneManagerProtocolServerSideTranslatorPB.submitRequest(OzoneManagerProtocolServerSideTranslatorPB.java:147) [ozone-manager-1.4.0-SNAPSHOT.jar:?]
	at org.apache.hadoop.ozone.protocol.proto.OzoneManagerProtocolProtos$OzoneManagerService$2.callBlockingMethod(OzoneManagerProtocolProtos.java) [ozone-interface-client-1.4.0-SNAPSHOT.jar:?]
	at org.apache.hadoop.ipc.ProtobufRpcEngine$Server.processCall(ProtobufRpcEngine.java:484) [hadoop-common-3.3.5.jar:?]
	at org.apache.hadoop.ipc.ProtobufRpcEngine2$Server$ProtoBufRpcInvoker.call(ProtobufRpcEngine2.java:595) [hadoop-common-3.3.5.jar:?]
	at org.apache.hadoop.ipc.ProtobufRpcEngine2$Server$ProtoBufRpcInvoker.call(ProtobufRpcEngine2.java:573) [hadoop-common-3.3.5.jar:?]
	at org.apache.hadoop.ipc.RPC$Server.call(RPC.java:1213) [hadoop-common-3.3.5.jar:?]
	at org.apache.hadoop.ipc.Server$RpcCall.run(Server.java:1089) [hadoop-common-3.3.5.jar:?]
	at org.apache.hadoop.ipc.Server$RpcCall.run(Server.java:1012) [hadoop-common-3.3.5.jar:?]
	at java.security.AccessController.doPrivileged(Native Method) ~[?:1.8.0_372]
	at javax.security.auth.Subject.doAs(Subject.java:422) [?:1.8.0_372]
	at org.apache.hadoop.security.UserGroupInformation.doAs(UserGroupInformation.java:1899) [hadoop-common-3.3.5.jar:?]
	at org.apache.hadoop.ipc.Server$Handler.run(Server.java:3026) [hadoop-common-3.3.5.jar:?]
13:17:28.854 [IPC Server handler 16 on default port 15004] ERROR OMAudit - user=runner | ip=127.0.0.1 | op=GET_FILE_STATUS {volume=volume78241, bucket=bucket16838, key=.Trash, dataSize=0, replicationConfig=null} | ret=FAILURE
org.apache.hadoop.ozone.om.exceptions.OMException: Unable to get file status: volume: volume78241 bucket: bucket16838 key: .Trash
	at org.apache.hadoop.ozone.om.KeyManagerImpl.getOzoneFileStatusFSO(KeyManagerImpl.java:1310) ~[ozone-manager-1.4.0-SNAPSHOT.jar:?]
	at org.apache.hadoop.ozone.om.KeyManagerImpl.getFileStatus(KeyManagerImpl.java:1102) ~[ozone-manager-1.4.0-SNAPSHOT.jar:?]
	at org.apache.hadoop.ozone.om.OmMetadataReader.getFileStatus(OmMetadataReader.java:286) ~[ozone-manager-1.4.0-SNAPSHOT.jar:?]
	at org.apache.hadoop.ozone.om.OzoneManager.getFileStatus(OzoneManager.java:3499) ~[ozone-manager-1.4.0-SNAPSHOT.jar:?]
	at org.apache.hadoop.ozone.protocolPB.OzoneManagerRequestHandler.getOzoneFileStatus(OzoneManagerRequestHandler.java:950) ~[ozone-manager-1.4.0-SNAPSHOT.jar:?]
	at org.apache.hadoop.ozone.protocolPB.OzoneManagerRequestHandler.handleReadRequest(OzoneManagerRequestHandler.java:245) ~[ozone-manager-1.4.0-SNAPSHOT.jar:?]
	at org.apache.hadoop.ozone.protocolPB.OzoneManagerProtocolServerSideTranslatorPB.submitReadRequestToOM(OzoneManagerProtocolServerSideTranslatorPB.java:223) ~[ozone-manager-1.4.0-SNAPSHOT.jar:?]
	at org.apache.hadoop.ozone.protocolPB.OzoneManagerProtocolServerSideTranslatorPB.processRequest(OzoneManagerProtocolServerSideTranslatorPB.java:177) ~[ozone-manager-1.4.0-SNAPSHOT.jar:?]
	at org.apache.hadoop.hdds.server.OzoneProtocolMessageDispatcher.processRequest(OzoneProtocolMessageDispatcher.java:87) [hdds-server-framework-1.4.0-SNAPSHOT.jar:?]
	at org.apache.hadoop.ozone.protocolPB.OzoneManagerProtocolServerSideTranslatorPB.submitRequest(OzoneManagerProtocolServerSideTranslatorPB.java:147) [ozone-manager-1.4.0-SNAPSHOT.jar:?]
	at org.apache.hadoop.ozone.protocol.proto.OzoneManagerProtocolProtos$OzoneManagerService$2.callBlockingMethod(OzoneManagerProtocolProtos.java) [ozone-interface-client-1.4.0-SNAPSHOT.jar:?]
	at org.apache.hadoop.ipc.ProtobufRpcEngine$Server.processCall(ProtobufRpcEngine.java:484) [hadoop-common-3.3.5.jar:?]
	at org.apache.hadoop.ipc.ProtobufRpcEngine2$Server$ProtoBufRpcInvoker.call(ProtobufRpcEngine2.java:595) [hadoop-common-3.3.5.jar:?]
	at org.apache.hadoop.ipc.ProtobufRpcEngine2$Server$ProtoBufRpcInvoker.call(ProtobufRpcEngine2.java:573) [hadoop-common-3.3.5.jar:?]
	at org.apache.hadoop.ipc.RPC$Server.call(RPC.java:1213) [hadoop-common-3.3.5.jar:?]
	at org.apache.hadoop.ipc.Server$RpcCall.run(Server.java:1089) [hadoop-common-3.3.5.jar:?]
	at org.apache.hadoop.ipc.Server$RpcCall.run(Server.java:1012) [hadoop-common-3.3.5.jar:?]
	at java.security.AccessController.doPrivileged(Native Method) ~[?:1.8.0_372]
	at javax.security.auth.Subject.doAs(Subject.java:422) [?:1.8.0_372]
	at org.apache.hadoop.security.UserGroupInformation.doAs(UserGroupInformation.java:1899) [hadoop-common-3.3.5.jar:?]
	at org.apache.hadoop.ipc.Server$Handler.run(Server.java:3026) [hadoop-common-3.3.5.jar:?]
13:17:28.863 [IPC Server handler 5 on default port 15004] ERROR OMAudit - user=runner | ip=127.0.0.1 | op=GET_FILE_STATUS {volume=volume-10734, bucket=bucket-06643, key=.Trash/runner, dataSize=0, replicationConfig=null} | ret=FAILURE
org.apache.hadoop.ozone.om.exceptions.OMException: Unable to get file status: volume: volume-10734 bucket: bucket-06643 key: .Trash/runner
	at org.apache.hadoop.ozone.om.KeyManagerImpl.getOzoneFileStatusFSO(KeyManagerImpl.java:1310) ~[ozone-manager-1.4.0-SNAPSHOT.jar:?]
	at org.apache.hadoop.ozone.om.KeyManagerImpl.getFileStatus(KeyManagerImpl.java:1102) ~[ozone-manager-1.4.0-SNAPSHOT.jar:?]
	at org.apache.hadoop.ozone.om.OmMetadataReader.getFileStatus(OmMetadataReader.java:286) ~[ozone-manager-1.4.0-SNAPSHOT.jar:?]
	at org.apache.hadoop.ozone.om.OzoneManager.getFileStatus(OzoneManager.java:3499) ~[ozone-manager-1.4.0-SNAPSHOT.jar:?]
	at org.apache.hadoop.ozone.protocolPB.OzoneManagerRequestHandler.getOzoneFileStatus(OzoneManagerRequestHandler.java:950) ~[ozone-manager-1.4.0-SNAPSHOT.jar:?]
	at org.apache.hadoop.ozone.protocolPB.OzoneManagerRequestHandler.handleReadRequest(OzoneManagerRequestHandler.java:245) ~[ozone-manager-1.4.0-SNAPSHOT.jar:?]
	at org.apache.hadoop.ozone.protocolPB.OzoneManagerProtocolServerSideTranslatorPB.submitReadRequestToOM(OzoneManagerProtocolServerSideTranslatorPB.java:223) ~[ozone-manager-1.4.0-SNAPSHOT.jar:?]
	at org.apache.hadoop.ozone.protocolPB.OzoneManagerProtocolServerSideTranslatorPB.processRequest(OzoneManagerProtocolServerSideTranslatorPB.java:177) ~[ozone-manager-1.4.0-SNAPSHOT.jar:?]
	at org.apache.hadoop.hdds.server.OzoneProtocolMessageDispatcher.processRequest(OzoneProtocolMessageDispatcher.java:87) [hdds-server-framework-1.4.0-SNAPSHOT.jar:?]
	at org.apache.hadoop.ozone.protocolPB.OzoneManagerProtocolServerSideTranslatorPB.submitRequest(OzoneManagerProtocolServerSideTranslatorPB.java:147) [ozone-manager-1.4.0-SNAPSHOT.jar:?]
	at org.apache.hadoop.ozone.protocol.proto.OzoneManagerProtocolProtos$OzoneManagerService$2.callBlockingMethod(OzoneManagerProtocolProtos.java) [ozone-interface-client-1.4.0-SNAPSHOT.jar:?]
	at org.apache.hadoop.ipc.ProtobufRpcEngine$Server.processCall(ProtobufRpcEngine.java:484) [hadoop-common-3.3.5.jar:?]
	at org.apache.hadoop.ipc.ProtobufRpcEngine2$Server$ProtoBufRpcInvoker.call(ProtobufRpcEngine2.java:595) [hadoop-common-3.3.5.jar:?]
	at org.apache.hadoop.ipc.ProtobufRpcEngine2$Server$ProtoBufRpcInvoker.call(ProtobufRpcEngine2.java:573) [hadoop-common-3.3.5.jar:?]
	at org.apache.hadoop.ipc.RPC$Server.call(RPC.java:1213) [hadoop-common-3.3.5.jar:?]
	at org.apache.hadoop.ipc.Server$RpcCall.run(Server.java:1089) [hadoop-common-3.3.5.jar:?]
	at org.apache.hadoop.ipc.Server$RpcCall.run(Server.java:1012) [hadoop-common-3.3.5.jar:?]
	at java.security.AccessController.doPrivileged(Native Method) ~[?:1.8.0_372]
	at javax.security.auth.Subject.doAs(Subject.java:422) [?:1.8.0_372]
	at org.apache.hadoop.security.UserGroupInformation.doAs(UserGroupInformation.java:1899) [hadoop-common-3.3.5.jar:?]
	at org.apache.hadoop.ipc.Server$Handler.run(Server.java:3026) [hadoop-common-3.3.5.jar:?]
13:17:28.865 [IPC Server handler 10 on default port 15004] ERROR OMAudit - user=runner | ip=127.0.0.1 | op=GET_FILE_STATUS {volume=volume-30266, bucket=bucket-23633, key=.Trash/runner, dataSize=0, replicationConfig=null} | ret=FAILURE
org.apache.hadoop.ozone.om.exceptions.OMException: Unable to get file status: volume: volume-30266 bucket: bucket-23633 key: .Trash/runner
	at org.apache.hadoop.ozone.om.KeyManagerImpl.getOzoneFileStatusFSO(KeyManagerImpl.java:1310) ~[ozone-manager-1.4.0-SNAPSHOT.jar:?]
	at org.apache.hadoop.ozone.om.KeyManagerImpl.getFileStatus(KeyManagerImpl.java:1102) ~[ozone-manager-1.4.0-SNAPSHOT.jar:?]
	at org.apache.hadoop.ozone.om.OmMetadataReader.getFileStatus(OmMetadataReader.java:286) ~[ozone-manager-1.4.0-SNAPSHOT.jar:?]
	at org.apache.hadoop.ozone.om.OzoneManager.getFileStatus(OzoneManager.java:3499) ~[ozone-manager-1.4.0-SNAPSHOT.jar:?]
	at org.apache.hadoop.ozone.protocolPB.OzoneManagerRequestHandler.getOzoneFileStatus(OzoneManagerRequestHandler.java:950) ~[ozone-manager-1.4.0-SNAPSHOT.jar:?]
	at org.apache.hadoop.ozone.protocolPB.OzoneManagerRequestHandler.handleReadRequest(OzoneManagerRequestHandler.java:245) ~[ozone-manager-1.4.0-SNAPSHOT.jar:?]
	at org.apache.hadoop.ozone.protocolPB.OzoneManagerProtocolServerSideTranslatorPB.submitReadRequestToOM(OzoneManagerProtocolServerSideTranslatorPB.java:223) ~[ozone-manager-1.4.0-SNAPSHOT.jar:?]
	at org.apache.hadoop.ozone.protocolPB.OzoneManagerProtocolServerSideTranslatorPB.processRequest(OzoneManagerProtocolServerSideTranslatorPB.java:177) ~[ozone-manager-1.4.0-SNAPSHOT.jar:?]
	at org.apache.hadoop.hdds.server.OzoneProtocolMessageDispatcher.processRequest(OzoneProtocolMessageDispatcher.java:87) [hdds-server-framework-1.4.0-SNAPSHOT.jar:?]
	at org.apache.hadoop.ozone.protocolPB.OzoneManagerProtocolServerSideTranslatorPB.submitRequest(OzoneManagerProtocolServerSideTranslatorPB.java:147) [ozone-manager-1.4.0-SNAPSHOT.jar:?]
	at org.apache.hadoop.ozone.protocol.proto.OzoneManagerProtocolProtos$OzoneManagerService$2.callBlockingMethod(OzoneManagerProtocolProtos.java) [ozone-interface-client-1.4.0-SNAPSHOT.jar:?]
	at org.apache.hadoop.ipc.ProtobufRpcEngine$Server.processCall(ProtobufRpcEngine.java:484) [hadoop-common-3.3.5.jar:?]
	at org.apache.hadoop.ipc.ProtobufRpcEngine2$Server$ProtoBufRpcInvoker.call(ProtobufRpcEngine2.java:595) [hadoop-common-3.3.5.jar:?]
	at org.apache.hadoop.ipc.ProtobufRpcEngine2$Server$ProtoBufRpcInvoker.call(ProtobufRpcEngine2.java:573) [hadoop-common-3.3.5.jar:?]
	at org.apache.hadoop.ipc.RPC$Server.call(RPC.java:1213) [hadoop-common-3.3.5.jar:?]
	at org.apache.hadoop.ipc.Server$RpcCall.run(Server.java:1089) [hadoop-common-3.3.5.jar:?]
	at org.apache.hadoop.ipc.Server$RpcCall.run(Server.java:1012) [hadoop-common-3.3.5.jar:?]
	at java.security.AccessController.doPrivileged(Native Method) ~[?:1.8.0_372]
	at javax.security.auth.Subject.doAs(Subject.java:422) [?:1.8.0_372]
	at org.apache.hadoop.security.UserGroupInformation.doAs(UserGroupInformation.java:1899) [hadoop-common-3.3.5.jar:?]
	at org.apache.hadoop.ipc.Server$Handler.run(Server.java:3026) [hadoop-common-3.3.5.jar:?]
13:17:28.870 [IPC Server handler 14 on default port 15004] ERROR OMAudit - user=runner | ip=127.0.0.1 | op=GET_FILE_STATUS {volume=volume25213, bucket=trashroottest2, key=.Trash/runner, dataSize=0, replicationConfig=null} | ret=FAILURE
org.apache.hadoop.ozone.om.exceptions.OMException: Unable to get file status: volume: volume25213 bucket: trashroottest2 key: .Trash/runner
	at org.apache.hadoop.ozone.om.KeyManagerImpl.getOzoneFileStatusFSO(KeyManagerImpl.java:1310) ~[ozone-manager-1.4.0-SNAPSHOT.jar:?]
	at org.apache.hadoop.ozone.om.KeyManagerImpl.getFileStatus(KeyManagerImpl.java:1102) ~[ozone-manager-1.4.0-SNAPSHOT.jar:?]
	at org.apache.hadoop.ozone.om.OmMetadataReader.getFileStatus(OmMetadataReader.java:286) ~[ozone-manager-1.4.0-SNAPSHOT.jar:?]
	at org.apache.hadoop.ozone.om.OzoneManager.getFileStatus(OzoneManager.java:3499) ~[ozone-manager-1.4.0-SNAPSHOT.jar:?]
	at org.apache.hadoop.ozone.protocolPB.OzoneManagerRequestHandler.getOzoneFileStatus(OzoneManagerRequestHandler.java:950) ~[ozone-manager-1.4.0-SNAPSHOT.jar:?]
	at org.apache.hadoop.ozone.protocolPB.OzoneManagerRequestHandler.handleReadRequest(OzoneManagerRequestHandler.java:245) ~[ozone-manager-1.4.0-SNAPSHOT.jar:?]
	at org.apache.hadoop.ozone.protocolPB.OzoneManagerProtocolServerSideTranslatorPB.submitReadRequestToOM(OzoneManagerProtocolServerSideTranslatorPB.java:223) ~[ozone-manager-1.4.0-SNAPSHOT.jar:?]
	at org.apache.hadoop.ozone.protocolPB.OzoneManagerProtocolServerSideTranslatorPB.processRequest(OzoneManagerProtocolServerSideTranslatorPB.java:177) ~[ozone-manager-1.4.0-SNAPSHOT.jar:?]
	at org.apache.hadoop.hdds.server.OzoneProtocolMessageDispatcher.processRequest(OzoneProtocolMessageDispatcher.java:87) [hdds-server-framework-1.4.0-SNAPSHOT.jar:?]
	at org.apache.hadoop.ozone.protocolPB.OzoneManagerProtocolServerSideTranslatorPB.submitRequest(OzoneManagerProtocolServerSideTranslatorPB.java:147) [ozone-manager-1.4.0-SNAPSHOT.jar:?]
	at org.apache.hadoop.ozone.protocol.proto.OzoneManagerProtocolProtos$OzoneManagerService$2.callBlockingMethod(OzoneManagerProtocolProtos.java) [ozone-interface-client-1.4.0-SNAPSHOT.jar:?]
	at org.apache.hadoop.ipc.ProtobufRpcEngine$Server.processCall(ProtobufRpcEngine.java:484) [hadoop-common-3.3.5.jar:?]
	at org.apache.hadoop.ipc.ProtobufRpcEngine2$Server$ProtoBufRpcInvoker.call(ProtobufRpcEngine2.java:595) [hadoop-common-3.3.5.jar:?]
	at org.apache.hadoop.ipc.ProtobufRpcEngine2$Server$ProtoBufRpcInvoker.call(ProtobufRpcEngine2.java:573) [hadoop-common-3.3.5.jar:?]
	at org.apache.hadoop.ipc.RPC$Server.call(RPC.java:1213) [hadoop-common-3.3.5.jar:?]
	at org.apache.hadoop.ipc.Server$RpcCall.run(Server.java:1089) [hadoop-common-3.3.5.jar:?]
	at org.apache.hadoop.ipc.Server$RpcCall.run(Server.java:1012) [hadoop-common-3.3.5.jar:?]
	at java.security.AccessController.doPrivileged(Native Method) ~[?:1.8.0_372]
	at javax.security.auth.Subject.doAs(Subject.java:422) [?:1.8.0_372]
	at org.apache.hadoop.security.UserGroupInformation.doAs(UserGroupInformation.java:1899) [hadoop-common-3.3.5.jar:?]
	at org.apache.hadoop.ipc.Server$Handler.run(Server.java:3026) [hadoop-common-3.3.5.jar:?]
13:17:28.872 [IPC Server handler 2 on default port 15004] ERROR OMAudit - user=runner | ip=127.0.0.1 | op=GET_FILE_STATUS {volume=volume78241, bucket=bucket16838, key=.Trash/runner, dataSize=0, replicationConfig=null} | ret=FAILURE
org.apache.hadoop.ozone.om.exceptions.OMException: Unable to get file status: volume: volume78241 bucket: bucket16838 key: .Trash/runner
	at org.apache.hadoop.ozone.om.KeyManagerImpl.getOzoneFileStatusFSO(KeyManagerImpl.java:1310) ~[ozone-manager-1.4.0-SNAPSHOT.jar:?]
	at org.apache.hadoop.ozone.om.KeyManagerImpl.getFileStatus(KeyManagerImpl.java:1102) ~[ozone-manager-1.4.0-SNAPSHOT.jar:?]
	at org.apache.hadoop.ozone.om.OmMetadataReader.getFileStatus(OmMetadataReader.java:286) ~[ozone-manager-1.4.0-SNAPSHOT.jar:?]
	at org.apache.hadoop.ozone.om.OzoneManager.getFileStatus(OzoneManager.java:3499) ~[ozone-manager-1.4.0-SNAPSHOT.jar:?]
	at org.apache.hadoop.ozone.protocolPB.OzoneManagerRequestHandler.getOzoneFileStatus(OzoneManagerRequestHandler.java:950) ~[ozone-manager-1.4.0-SNAPSHOT.jar:?]
	at org.apache.hadoop.ozone.protocolPB.OzoneManagerRequestHandler.handleReadRequest(OzoneManagerRequestHandler.java:245) ~[ozone-manager-1.4.0-SNAPSHOT.jar:?]
	at org.apache.hadoop.ozone.protocolPB.OzoneManagerProtocolServerSideTranslatorPB.submitReadRequestToOM(OzoneManagerProtocolServerSideTranslatorPB.java:223) ~[ozone-manager-1.4.0-SNAPSHOT.jar:?]
	at org.apache.hadoop.ozone.protocolPB.OzoneManagerProtocolServerSideTranslatorPB.processRequest(OzoneManagerProtocolServerSideTranslatorPB.java:177) ~[ozone-manager-1.4.0-SNAPSHOT.jar:?]
	at org.apache.hadoop.hdds.server.OzoneProtocolMessageDispatcher.processRequest(OzoneProtocolMessageDispatcher.java:87) [hdds-server-framework-1.4.0-SNAPSHOT.jar:?]
	at org.apache.hadoop.ozone.protocolPB.OzoneManagerProtocolServerSideTranslatorPB.submitRequest(OzoneManagerProtocolServerSideTranslatorPB.java:147) [ozone-manager-1.4.0-SNAPSHOT.jar:?]
	at org.apache.hadoop.ozone.protocol.proto.OzoneManagerProtocolProtos$OzoneManagerService$2.callBlockingMethod(OzoneManagerProtocolProtos.java) [ozone-interface-client-1.4.0-SNAPSHOT.jar:?]
	at org.apache.hadoop.ipc.ProtobufRpcEngine$Server.processCall(ProtobufRpcEngine.java:484) [hadoop-common-3.3.5.jar:?]
	at org.apache.hadoop.ipc.ProtobufRpcEngine2$Server$ProtoBufRpcInvoker.call(ProtobufRpcEngine2.java:595) [hadoop-common-3.3.5.jar:?]
	at org.apache.hadoop.ipc.ProtobufRpcEngine2$Server$ProtoBufRpcInvoker.call(ProtobufRpcEngine2.java:573) [hadoop-common-3.3.5.jar:?]
	at org.apache.hadoop.ipc.RPC$Server.call(RPC.java:1213) [hadoop-common-3.3.5.jar:?]
	at org.apache.hadoop.ipc.Server$RpcCall.run(Server.java:1089) [hadoop-common-3.3.5.jar:?]
	at org.apache.hadoop.ipc.Server$RpcCall.run(Server.java:1012) [hadoop-common-3.3.5.jar:?]
	at java.security.AccessController.doPrivileged(Native Method) ~[?:1.8.0_372]
	at javax.security.auth.Subject.doAs(Subject.java:422) [?:1.8.0_372]
	at org.apache.hadoop.security.UserGroupInformation.doAs(UserGroupInformation.java:1899) [hadoop-common-3.3.5.jar:?]
	at org.apache.hadoop.ipc.Server$Handler.run(Server.java:3026) [hadoop-common-3.3.5.jar:?]
13:17:28.876 [IPC Server handler 3 on default port 15004] ERROR OMAudit - user=runner | ip=127.0.0.1 | op=GET_FILE_STATUS {volume=afaf26cd-9661-4d26-a038-3f0518d5b24b, bucket=945a806b-5cb8-4c19-b022-c1c1bf817262, key=.Trash, dataSize=0, replicationConfig=null} | ret=FAILURE
org.apache.hadoop.ozone.om.exceptions.OMException: Unable to get file status: volume: afaf26cd-9661-4d26-a038-3f0518d5b24b bucket: 945a806b-5cb8-4c19-b022-c1c1bf817262 key: .Trash
	at org.apache.hadoop.ozone.om.KeyManagerImpl.getOzoneFileStatus(KeyManagerImpl.java:1186) ~[ozone-manager-1.4.0-SNAPSHOT.jar:?]
	at org.apache.hadoop.ozone.om.KeyManagerImpl.getFileStatus(KeyManagerImpl.java:1104) ~[ozone-manager-1.4.0-SNAPSHOT.jar:?]
	at org.apache.hadoop.ozone.om.OmMetadataReader.getFileStatus(OmMetadataReader.java:286) ~[ozone-manager-1.4.0-SNAPSHOT.jar:?]
	at org.apache.hadoop.ozone.om.OzoneManager.getFileStatus(OzoneManager.java:3499) ~[ozone-manager-1.4.0-SNAPSHOT.jar:?]
	at org.apache.hadoop.ozone.protocolPB.OzoneManagerRequestHandler.getOzoneFileStatus(OzoneManagerRequestHandler.java:950) ~[ozone-manager-1.4.0-SNAPSHOT.jar:?]
	at org.apache.hadoop.ozone.protocolPB.OzoneManagerRequestHandler.handleReadRequest(OzoneManagerRequestHandler.java:245) ~[ozone-manager-1.4.0-SNAPSHOT.jar:?]
	at org.apache.hadoop.ozone.protocolPB.OzoneManagerProtocolServerSideTranslatorPB.submitReadRequestToOM(OzoneManagerProtocolServerSideTranslatorPB.java:223) ~[ozone-manager-1.4.0-SNAPSHOT.jar:?]
	at org.apache.hadoop.ozone.protocolPB.OzoneManagerProtocolServerSideTranslatorPB.processRequest(OzoneManagerProtocolServerSideTranslatorPB.java:177) ~[ozone-manager-1.4.0-SNAPSHOT.jar:?]
	at org.apache.hadoop.hdds.server.OzoneProtocolMessageDispatcher.processRequest(OzoneProtocolMessageDispatcher.java:87) [hdds-server-framework-1.4.0-SNAPSHOT.jar:?]
	at org.apache.hadoop.ozone.protocolPB.OzoneManagerProtocolServerSideTranslatorPB.submitRequest(OzoneManagerProtocolServerSideTranslatorPB.java:147) [ozone-manager-1.4.0-SNAPSHOT.jar:?]
	at org.apache.hadoop.ozone.protocol.proto.OzoneManagerProtocolProtos$OzoneManagerService$2.callBlockingMethod(OzoneManagerProtocolProtos.java) [ozone-interface-client-1.4.0-SNAPSHOT.jar:?]
	at org.apache.hadoop.ipc.ProtobufRpcEngine$Server.processCall(ProtobufRpcEngine.java:484) [hadoop-common-3.3.5.jar:?]
	at org.apache.hadoop.ipc.ProtobufRpcEngine2$Server$ProtoBufRpcInvoker.call(ProtobufRpcEngine2.java:595) [hadoop-common-3.3.5.jar:?]
	at org.apache.hadoop.ipc.ProtobufRpcEngine2$Server$ProtoBufRpcInvoker.call(ProtobufRpcEngine2.java:573) [hadoop-common-3.3.5.jar:?]
	at org.apache.hadoop.ipc.RPC$Server.call(RPC.java:1213) [hadoop-common-3.3.5.jar:?]
	at org.apache.hadoop.ipc.Server$RpcCall.run(Server.java:1089) [hadoop-common-3.3.5.jar:?]
	at org.apache.hadoop.ipc.Server$RpcCall.run(Server.java:1012) [hadoop-common-3.3.5.jar:?]
	at java.security.AccessController.doPrivileged(Native Method) ~[?:1.8.0_372]
	at javax.security.auth.Subject.doAs(Subject.java:422) [?:1.8.0_372]
	at org.apache.hadoop.security.UserGroupInformation.doAs(UserGroupInformation.java:1899) [hadoop-common-3.3.5.jar:?]
	at org.apache.hadoop.ipc.Server$Handler.run(Server.java:3026) [hadoop-common-3.3.5.jar:?]
13:17:28.881 [IPC Server handler 17 on default port 15004] ERROR OMAudit - user=runner | ip=127.0.0.1 | op=GET_FILE_STATUS {volume=volume-10734, bucket=bucket-06643, key=.Trash, dataSize=0, replicationConfig=null} | ret=FAILURE
org.apache.hadoop.ozone.om.exceptions.OMException: Unable to get file status: volume: volume-10734 bucket: bucket-06643 key: .Trash
	at org.apache.hadoop.ozone.om.KeyManagerImpl.getOzoneFileStatusFSO(KeyManagerImpl.java:1310) ~[ozone-manager-1.4.0-SNAPSHOT.jar:?]
	at org.apache.hadoop.ozone.om.KeyManagerImpl.getFileStatus(KeyManagerImpl.java:1102) ~[ozone-manager-1.4.0-SNAPSHOT.jar:?]
	at org.apache.hadoop.ozone.om.OmMetadataReader.getFileStatus(OmMetadataReader.java:286) ~[ozone-manager-1.4.0-SNAPSHOT.jar:?]
	at org.apache.hadoop.ozone.om.OzoneManager.getFileStatus(OzoneManager.java:3499) ~[ozone-manager-1.4.0-SNAPSHOT.jar:?]
	at org.apache.hadoop.ozone.protocolPB.OzoneManagerRequestHandler.getOzoneFileStatus(OzoneManagerRequestHandler.java:950) ~[ozone-manager-1.4.0-SNAPSHOT.jar:?]
	at org.apache.hadoop.ozone.protocolPB.OzoneManagerRequestHandler.handleReadRequest(OzoneManagerRequestHandler.java:245) ~[ozone-manager-1.4.0-SNAPSHOT.jar:?]
	at org.apache.hadoop.ozone.protocolPB.OzoneManagerProtocolServerSideTranslatorPB.submitReadRequestToOM(OzoneManagerProtocolServerSideTranslatorPB.java:223) ~[ozone-manager-1.4.0-SNAPSHOT.jar:?]
	at org.apache.hadoop.ozone.protocolPB.OzoneManagerProtocolServerSideTranslatorPB.processRequest(OzoneManagerProtocolServerSideTranslatorPB.java:177) ~[ozone-manager-1.4.0-SNAPSHOT.jar:?]
	at org.apache.hadoop.hdds.server.OzoneProtocolMessageDispatcher.processRequest(OzoneProtocolMessageDispatcher.java:87) [hdds-server-framework-1.4.0-SNAPSHOT.jar:?]
	at org.apache.hadoop.ozone.protocolPB.OzoneManagerProtocolServerSideTranslatorPB.submitRequest(OzoneManagerProtocolServerSideTranslatorPB.java:147) [ozone-manager-1.4.0-SNAPSHOT.jar:?]
	at org.apache.hadoop.ozone.protocol.proto.OzoneManagerProtocolProtos$OzoneManagerService$2.callBlockingMethod(OzoneManagerProtocolProtos.java) [ozone-interface-client-1.4.0-SNAPSHOT.jar:?]
	at org.apache.hadoop.ipc.ProtobufRpcEngine$Server.processCall(ProtobufRpcEngine.java:484) [hadoop-common-3.3.5.jar:?]
	at org.apache.hadoop.ipc.ProtobufRpcEngine2$Server$ProtoBufRpcInvoker.call(ProtobufRpcEngine2.java:595) [hadoop-common-3.3.5.jar:?]
	at org.apache.hadoop.ipc.ProtobufRpcEngine2$Server$ProtoBufRpcInvoker.call(ProtobufRpcEngine2.java:573) [hadoop-common-3.3.5.jar:?]
	at org.apache.hadoop.ipc.RPC$Server.call(RPC.java:1213) [hadoop-common-3.3.5.jar:?]
	at org.apache.hadoop.ipc.Server$RpcCall.run(Server.java:1089) [hadoop-common-3.3.5.jar:?]
	at org.apache.hadoop.ipc.Server$RpcCall.run(Server.java:1012) [hadoop-common-3.3.5.jar:?]
	at java.security.AccessController.doPrivileged(Native Method) ~[?:1.8.0_372]
	at javax.security.auth.Subject.doAs(Subject.java:422) [?:1.8.0_372]
	at org.apache.hadoop.security.UserGroupInformation.doAs(UserGroupInformation.java:1899) [hadoop-common-3.3.5.jar:?]
	at org.apache.hadoop.ipc.Server$Handler.run(Server.java:3026) [hadoop-common-3.3.5.jar:?]
13:17:28.886 [IPC Server handler 15 on default port 15004] ERROR OMAudit - user=runner | ip=127.0.0.1 | op=GET_FILE_STATUS {volume=volume-30266, bucket=bucket-23633, key=.Trash, dataSize=0, replicationConfig=null} | ret=FAILURE
org.apache.hadoop.ozone.om.exceptions.OMException: Unable to get file status: volume: volume-30266 bucket: bucket-23633 key: .Trash
	at org.apache.hadoop.ozone.om.KeyManagerImpl.getOzoneFileStatusFSO(KeyManagerImpl.java:1310) ~[ozone-manager-1.4.0-SNAPSHOT.jar:?]
	at org.apache.hadoop.ozone.om.KeyManagerImpl.getFileStatus(KeyManagerImpl.java:1102) ~[ozone-manager-1.4.0-SNAPSHOT.jar:?]
	at org.apache.hadoop.ozone.om.OmMetadataReader.getFileStatus(OmMetadataReader.java:286) ~[ozone-manager-1.4.0-SNAPSHOT.jar:?]
	at org.apache.hadoop.ozone.om.OzoneManager.getFileStatus(OzoneManager.java:3499) ~[ozone-manager-1.4.0-SNAPSHOT.jar:?]
	at org.apache.hadoop.ozone.protocolPB.OzoneManagerRequestHandler.getOzoneFileStatus(OzoneManagerRequestHandler.java:950) ~[ozone-manager-1.4.0-SNAPSHOT.jar:?]
	at org.apache.hadoop.ozone.protocolPB.OzoneManagerRequestHandler.handleReadRequest(OzoneManagerRequestHandler.java:245) ~[ozone-manager-1.4.0-SNAPSHOT.jar:?]
	at org.apache.hadoop.ozone.protocolPB.OzoneManagerProtocolServerSideTranslatorPB.submitReadRequestToOM(OzoneManagerProtocolServerSideTranslatorPB.java:223) ~[ozone-manager-1.4.0-SNAPSHOT.jar:?]
	at org.apache.hadoop.ozone.protocolPB.OzoneManagerProtocolServerSideTranslatorPB.processRequest(OzoneManagerProtocolServerSideTranslatorPB.java:177) ~[ozone-manager-1.4.0-SNAPSHOT.jar:?]
	at org.apache.hadoop.hdds.server.OzoneProtocolMessageDispatcher.processRequest(OzoneProtocolMessageDispatcher.java:87) [hdds-server-framework-1.4.0-SNAPSHOT.jar:?]
	at org.apache.hadoop.ozone.protocolPB.OzoneManagerProtocolServerSideTranslatorPB.submitRequest(OzoneManagerProtocolServerSideTranslatorPB.java:147) [ozone-manager-1.4.0-SNAPSHOT.jar:?]
	at org.apache.hadoop.ozone.protocol.proto.OzoneManagerProtocolProtos$OzoneManagerService$2.callBlockingMethod(OzoneManagerProtocolProtos.java) [ozone-interface-client-1.4.0-SNAPSHOT.jar:?]
	at org.apache.hadoop.ipc.ProtobufRpcEngine$Server.processCall(ProtobufRpcEngine.java:484) [hadoop-common-3.3.5.jar:?]
	at org.apache.hadoop.ipc.ProtobufRpcEngine2$Server$ProtoBufRpcInvoker.call(ProtobufRpcEngine2.java:595) [hadoop-common-3.3.5.jar:?]
	at org.apache.hadoop.ipc.ProtobufRpcEngine2$Server$ProtoBufRpcInvoker.call(ProtobufRpcEngine2.java:573) [hadoop-common-3.3.5.jar:?]
	at org.apache.hadoop.ipc.RPC$Server.call(RPC.java:1213) [hadoop-common-3.3.5.jar:?]
	at org.apache.hadoop.ipc.Server$RpcCall.run(Server.java:1089) [hadoop-common-3.3.5.jar:?]
	at org.apache.hadoop.ipc.Server$RpcCall.run(Server.java:1012) [hadoop-common-3.3.5.jar:?]
	at java.security.AccessController.doPrivileged(Native Method) ~[?:1.8.0_372]
	at javax.security.auth.Subject.doAs(Subject.java:422) [?:1.8.0_372]
	at org.apache.hadoop.security.UserGroupInformation.doAs(UserGroupInformation.java:1899) [hadoop-common-3.3.5.jar:?]
	at org.apache.hadoop.ipc.Server$Handler.run(Server.java:3026) [hadoop-common-3.3.5.jar:?]
13:17:28.897 [IPC Server handler 7 on default port 15004] ERROR OMAudit - user=runner | ip=127.0.0.1 | op=GET_FILE_STATUS {volume=volume25213, bucket=trashroottest2, key=.Trash, dataSize=0, replicationConfig=null} | ret=FAILURE
org.apache.hadoop.ozone.om.exceptions.OMException: Unable to get file status: volume: volume25213 bucket: trashroottest2 key: .Trash
	at org.apache.hadoop.ozone.om.KeyManagerImpl.getOzoneFileStatusFSO(KeyManagerImpl.java:1310) ~[ozone-manager-1.4.0-SNAPSHOT.jar:?]
	at org.apache.hadoop.ozone.om.KeyManagerImpl.getFileStatus(KeyManagerImpl.java:1102) ~[ozone-manager-1.4.0-SNAPSHOT.jar:?]
	at org.apache.hadoop.ozone.om.OmMetadataReader.getFileStatus(OmMetadataReader.java:286) ~[ozone-manager-1.4.0-SNAPSHOT.jar:?]
	at org.apache.hadoop.ozone.om.OzoneManager.getFileStatus(OzoneManager.java:3499) ~[ozone-manager-1.4.0-SNAPSHOT.jar:?]
	at org.apache.hadoop.ozone.protocolPB.OzoneManagerRequestHandler.getOzoneFileStatus(OzoneManagerRequestHandler.java:950) ~[ozone-manager-1.4.0-SNAPSHOT.jar:?]
	at org.apache.hadoop.ozone.protocolPB.OzoneManagerRequestHandler.handleReadRequest(OzoneManagerRequestHandler.java:245) ~[ozone-manager-1.4.0-SNAPSHOT.jar:?]
	at org.apache.hadoop.ozone.protocolPB.OzoneManagerProtocolServerSideTranslatorPB.submitReadRequestToOM(OzoneManagerProtocolServerSideTranslatorPB.java:223) ~[ozone-manager-1.4.0-SNAPSHOT.jar:?]
	at org.apache.hadoop.ozone.protocolPB.OzoneManagerProtocolServerSideTranslatorPB.processRequest(OzoneManagerProtocolServerSideTranslatorPB.java:177) ~[ozone-manager-1.4.0-SNAPSHOT.jar:?]
	at org.apache.hadoop.hdds.server.OzoneProtocolMessageDispatcher.processRequest(OzoneProtocolMessageDispatcher.java:87) [hdds-server-framework-1.4.0-SNAPSHOT.jar:?]
	at org.apache.hadoop.ozone.protocolPB.OzoneManagerProtocolServerSideTranslatorPB.submitRequest(OzoneManagerProtocolServerSideTranslatorPB.java:147) [ozone-manager-1.4.0-SNAPSHOT.jar:?]
	at org.apache.hadoop.ozone.protocol.proto.OzoneManagerProtocolProtos$OzoneManagerService$2.callBlockingMethod(OzoneManagerProtocolProtos.java) [ozone-interface-client-1.4.0-SNAPSHOT.jar:?]
	at org.apache.hadoop.ipc.ProtobufRpcEngine$Server.processCall(ProtobufRpcEngine.java:484) [hadoop-common-3.3.5.jar:?]
	at org.apache.hadoop.ipc.ProtobufRpcEngine2$Server$ProtoBufRpcInvoker.call(ProtobufRpcEngine2.java:595) [hadoop-common-3.3.5.jar:?]
	at org.apache.hadoop.ipc.ProtobufRpcEngine2$Server$ProtoBufRpcInvoker.call(ProtobufRpcEngine2.java:573) [hadoop-common-3.3.5.jar:?]
	at org.apache.hadoop.ipc.RPC$Server.call(RPC.java:1213) [hadoop-common-3.3.5.jar:?]
	at org.apache.hadoop.ipc.Server$RpcCall.run(Server.java:1089) [hadoop-common-3.3.5.jar:?]
	at org.apache.hadoop.ipc.Server$RpcCall.run(Server.java:1012) [hadoop-common-3.3.5.jar:?]
	at java.security.AccessController.doPrivileged(Native Method) ~[?:1.8.0_372]
	at javax.security.auth.Subject.doAs(Subject.java:422) [?:1.8.0_372]
	at org.apache.hadoop.security.UserGroupInformation.doAs(UserGroupInformation.java:1899) [hadoop-common-3.3.5.jar:?]
	at org.apache.hadoop.ipc.Server$Handler.run(Server.java:3026) [hadoop-common-3.3.5.jar:?]
13:17:28.899 [IPC Server handler 12 on default port 15004] ERROR OMAudit - user=runner | ip=127.0.0.1 | op=GET_FILE_STATUS {volume=volume48420, bucket=bucket01231, key=.Trash, dataSize=0, replicationConfig=null} | ret=FAILURE
org.apache.hadoop.ozone.om.exceptions.OMException: Unable to get file status: volume: volume48420 bucket: bucket01231 key: .Trash
	at org.apache.hadoop.ozone.om.KeyManagerImpl.getOzoneFileStatusFSO(KeyManagerImpl.java:1310) ~[ozone-manager-1.4.0-SNAPSHOT.jar:?]
	at org.apache.hadoop.ozone.om.KeyManagerImpl.getFileStatus(KeyManagerImpl.java:1102) ~[ozone-manager-1.4.0-SNAPSHOT.jar:?]
	at org.apache.hadoop.ozone.om.OmMetadataReader.getFileStatus(OmMetadataReader.java:286) ~[ozone-manager-1.4.0-SNAPSHOT.jar:?]
	at org.apache.hadoop.ozone.om.OzoneManager.getFileStatus(OzoneManager.java:3499) ~[ozone-manager-1.4.0-SNAPSHOT.jar:?]
	at org.apache.hadoop.ozone.protocolPB.OzoneManagerRequestHandler.getOzoneFileStatus(OzoneManagerRequestHandler.java:950) ~[ozone-manager-1.4.0-SNAPSHOT.jar:?]
	at org.apache.hadoop.ozone.protocolPB.OzoneManagerRequestHandler.handleReadRequest(OzoneManagerRequestHandler.java:245) ~[ozone-manager-1.4.0-SNAPSHOT.jar:?]
	at org.apache.hadoop.ozone.protocolPB.OzoneManagerProtocolServerSideTranslatorPB.submitReadRequestToOM(OzoneManagerProtocolServerSideTranslatorPB.java:223) ~[ozone-manager-1.4.0-SNAPSHOT.jar:?]
	at org.apache.hadoop.ozone.protocolPB.OzoneManagerProtocolServerSideTranslatorPB.processRequest(OzoneManagerProtocolServerSideTranslatorPB.java:177) ~[ozone-manager-1.4.0-SNAPSHOT.jar:?]
	at org.apache.hadoop.hdds.server.OzoneProtocolMessageDispatcher.processRequest(OzoneProtocolMessageDispatcher.java:87) [hdds-server-framework-1.4.0-SNAPSHOT.jar:?]
	at org.apache.hadoop.ozone.protocolPB.OzoneManagerProtocolServerSideTranslatorPB.submitRequest(OzoneManagerProtocolServerSideTranslatorPB.java:147) [ozone-manager-1.4.0-SNAPSHOT.jar:?]
	at org.apache.hadoop.ozone.protocol.proto.OzoneManagerProtocolProtos$OzoneManagerService$2.callBlockingMethod(OzoneManagerProtocolProtos.java) [ozone-interface-client-1.4.0-SNAPSHOT.jar:?]
	at org.apache.hadoop.ipc.ProtobufRpcEngine$Server.processCall(ProtobufRpcEngine.java:484) [hadoop-common-3.3.5.jar:?]
	at org.apache.hadoop.ipc.ProtobufRpcEngine2$Server$ProtoBufRpcInvoker.call(ProtobufRpcEngine2.java:595) [hadoop-common-3.3.5.jar:?]
	at org.apache.hadoop.ipc.ProtobufRpcEngine2$Server$ProtoBufRpcInvoker.call(ProtobufRpcEngine2.java:573) [hadoop-common-3.3.5.jar:?]
	at org.apache.hadoop.ipc.RPC$Server.call(RPC.java:1213) [hadoop-common-3.3.5.jar:?]
	at org.apache.hadoop.ipc.Server$RpcCall.run(Server.java:1089) [hadoop-common-3.3.5.jar:?]
	at org.apache.hadoop.ipc.Server$RpcCall.run(Server.java:1012) [hadoop-common-3.3.5.jar:?]
	at java.security.AccessController.doPrivileged(Native Method) ~[?:1.8.0_372]
	at javax.security.auth.Subject.doAs(Subject.java:422) [?:1.8.0_372]
	at org.apache.hadoop.security.UserGroupInformation.doAs(UserGroupInformation.java:1899) [hadoop-common-3.3.5.jar:?]
	at org.apache.hadoop.ipc.Server$Handler.run(Server.java:3026) [hadoop-common-3.3.5.jar:?]
13:17:28.903 [IPC Server handler 19 on default port 15004] ERROR OMAudit - user=runner | ip=127.0.0.1 | op=GET_FILE_STATUS {volume=volume78241, bucket=bucket16838, key=.Trash, dataSize=0, replicationConfig=null} | ret=FAILURE
org.apache.hadoop.ozone.om.exceptions.OMException: Unable to get file status: volume: volume78241 bucket: bucket16838 key: .Trash
	at org.apache.hadoop.ozone.om.KeyManagerImpl.getOzoneFileStatusFSO(KeyManagerImpl.java:1310) ~[ozone-manager-1.4.0-SNAPSHOT.jar:?]
	at org.apache.hadoop.ozone.om.KeyManagerImpl.getFileStatus(KeyManagerImpl.java:1102) ~[ozone-manager-1.4.0-SNAPSHOT.jar:?]
	at org.apache.hadoop.ozone.om.OmMetadataReader.getFileStatus(OmMetadataReader.java:286) ~[ozone-manager-1.4.0-SNAPSHOT.jar:?]
	at org.apache.hadoop.ozone.om.OzoneManager.getFileStatus(OzoneManager.java:3499) ~[ozone-manager-1.4.0-SNAPSHOT.jar:?]
	at org.apache.hadoop.ozone.protocolPB.OzoneManagerRequestHandler.getOzoneFileStatus(OzoneManagerRequestHandler.java:950) ~[ozone-manager-1.4.0-SNAPSHOT.jar:?]
	at org.apache.hadoop.ozone.protocolPB.OzoneManagerRequestHandler.handleReadRequest(OzoneManagerRequestHandler.java:245) ~[ozone-manager-1.4.0-SNAPSHOT.jar:?]
	at org.apache.hadoop.ozone.protocolPB.OzoneManagerProtocolServerSideTranslatorPB.submitReadRequestToOM(OzoneManagerProtocolServerSideTranslatorPB.java:223) ~[ozone-manager-1.4.0-SNAPSHOT.jar:?]
	at org.apache.hadoop.ozone.protocolPB.OzoneManagerProtocolServerSideTranslatorPB.processRequest(OzoneManagerProtocolServerSideTranslatorPB.java:177) ~[ozone-manager-1.4.0-SNAPSHOT.jar:?]
	at org.apache.hadoop.hdds.server.OzoneProtocolMessageDispatcher.processRequest(OzoneProtocolMessageDispatcher.java:87) [hdds-server-framework-1.4.0-SNAPSHOT.jar:?]
	at org.apache.hadoop.ozone.protocolPB.OzoneManagerProtocolServerSideTranslatorPB.submitRequest(OzoneManagerProtocolServerSideTranslatorPB.java:147) [ozone-manager-1.4.0-SNAPSHOT.jar:?]
	at org.apache.hadoop.ozone.protocol.proto.OzoneManagerProtocolProtos$OzoneManagerService$2.callBlockingMethod(OzoneManagerProtocolProtos.java) [ozone-interface-client-1.4.0-SNAPSHOT.jar:?]
	at org.apache.hadoop.ipc.ProtobufRpcEngine$Server.processCall(ProtobufRpcEngine.java:484) [hadoop-common-3.3.5.jar:?]
	at org.apache.hadoop.ipc.ProtobufRpcEngine2$Server$ProtoBufRpcInvoker.call(ProtobufRpcEngine2.java:595) [hadoop-common-3.3.5.jar:?]
	at org.apache.hadoop.ipc.ProtobufRpcEngine2$Server$ProtoBufRpcInvoker.call(ProtobufRpcEngine2.java:573) [hadoop-common-3.3.5.jar:?]
	at org.apache.hadoop.ipc.RPC$Server.call(RPC.java:1213) [hadoop-common-3.3.5.jar:?]
	at org.apache.hadoop.ipc.Server$RpcCall.run(Server.java:1089) [hadoop-common-3.3.5.jar:?]
	at org.apache.hadoop.ipc.Server$RpcCall.run(Server.java:1012) [hadoop-common-3.3.5.jar:?]
	at java.security.AccessController.doPrivileged(Native Method) ~[?:1.8.0_372]
	at javax.security.auth.Subject.doAs(Subject.java:422) [?:1.8.0_372]
	at org.apache.hadoop.security.UserGroupInformation.doAs(UserGroupInformation.java:1899) [hadoop-common-3.3.5.jar:?]
	at org.apache.hadoop.ipc.Server$Handler.run(Server.java:3026) [hadoop-common-3.3.5.jar:?]
13:17:28.911 [IPC Server handler 8 on default port 15004] ERROR OMAudit - user=runner | ip=127.0.0.1 | op=GET_FILE_STATUS {volume=volume-10734, bucket=bucket-06643, key=.Trash/runner, dataSize=0, replicationConfig=null} | ret=FAILURE
org.apache.hadoop.ozone.om.exceptions.OMException: Unable to get file status: volume: volume-10734 bucket: bucket-06643 key: .Trash/runner
	at org.apache.hadoop.ozone.om.KeyManagerImpl.getOzoneFileStatusFSO(KeyManagerImpl.java:1310) ~[ozone-manager-1.4.0-SNAPSHOT.jar:?]
	at org.apache.hadoop.ozone.om.KeyManagerImpl.getFileStatus(KeyManagerImpl.java:1102) ~[ozone-manager-1.4.0-SNAPSHOT.jar:?]
	at org.apache.hadoop.ozone.om.OmMetadataReader.getFileStatus(OmMetadataReader.java:286) ~[ozone-manager-1.4.0-SNAPSHOT.jar:?]
	at org.apache.hadoop.ozone.om.OzoneManager.getFileStatus(OzoneManager.java:3499) ~[ozone-manager-1.4.0-SNAPSHOT.jar:?]
	at org.apache.hadoop.ozone.protocolPB.OzoneManagerRequestHandler.getOzoneFileStatus(OzoneManagerRequestHandler.java:950) ~[ozone-manager-1.4.0-SNAPSHOT.jar:?]
	at org.apache.hadoop.ozone.protocolPB.OzoneManagerRequestHandler.handleReadRequest(OzoneManagerRequestHandler.java:245) ~[ozone-manager-1.4.0-SNAPSHOT.jar:?]
	at org.apache.hadoop.ozone.protocolPB.OzoneManagerProtocolServerSideTranslatorPB.submitReadRequestToOM(OzoneManagerProtocolServerSideTranslatorPB.java:223) ~[ozone-manager-1.4.0-SNAPSHOT.jar:?]
	at org.apache.hadoop.ozone.protocolPB.OzoneManagerProtocolServerSideTranslatorPB.processRequest(OzoneManagerProtocolServerSideTranslatorPB.java:177) ~[ozone-manager-1.4.0-SNAPSHOT.jar:?]
	at org.apache.hadoop.hdds.server.OzoneProtocolMessageDispatcher.processRequest(OzoneProtocolMessageDispatcher.java:87) [hdds-server-framework-1.4.0-SNAPSHOT.jar:?]
	at org.apache.hadoop.ozone.protocolPB.OzoneManagerProtocolServerSideTranslatorPB.submitRequest(OzoneManagerProtocolServerSideTranslatorPB.java:147) [ozone-manager-1.4.0-SNAPSHOT.jar:?]
	at org.apache.hadoop.ozone.protocol.proto.OzoneManagerProtocolProtos$OzoneManagerService$2.callBlockingMethod(OzoneManagerProtocolProtos.java) [ozone-interface-client-1.4.0-SNAPSHOT.jar:?]
	at org.apache.hadoop.ipc.ProtobufRpcEngine$Server.processCall(ProtobufRpcEngine.java:484) [hadoop-common-3.3.5.jar:?]
	at org.apache.hadoop.ipc.ProtobufRpcEngine2$Server$ProtoBufRpcInvoker.call(ProtobufRpcEngine2.java:595) [hadoop-common-3.3.5.jar:?]
	at org.apache.hadoop.ipc.ProtobufRpcEngine2$Server$ProtoBufRpcInvoker.call(ProtobufRpcEngine2.java:573) [hadoop-common-3.3.5.jar:?]
	at org.apache.hadoop.ipc.RPC$Server.call(RPC.java:1213) [hadoop-common-3.3.5.jar:?]
	at org.apache.hadoop.ipc.Server$RpcCall.run(Server.java:1089) [hadoop-common-3.3.5.jar:?]
	at org.apache.hadoop.ipc.Server$RpcCall.run(Server.java:1012) [hadoop-common-3.3.5.jar:?]
	at java.security.AccessController.doPrivileged(Native Method) ~[?:1.8.0_372]
	at javax.security.auth.Subject.doAs(Subject.java:422) [?:1.8.0_372]
	at org.apache.hadoop.security.UserGroupInformation.doAs(UserGroupInformation.java:1899) [hadoop-common-3.3.5.jar:?]
	at org.apache.hadoop.ipc.Server$Handler.run(Server.java:3026) [hadoop-common-3.3.5.jar:?]
13:17:28.913 [IPC Server handler 17 on default port 15004] ERROR OMAudit - user=runner | ip=127.0.0.1 | op=GET_FILE_STATUS {volume=volume-30266, bucket=bucket-23633, key=.Trash/runner, dataSize=0, replicationConfig=null} | ret=FAILURE
org.apache.hadoop.ozone.om.exceptions.OMException: Unable to get file status: volume: volume-30266 bucket: bucket-23633 key: .Trash/runner
	at org.apache.hadoop.ozone.om.KeyManagerImpl.getOzoneFileStatusFSO(KeyManagerImpl.java:1310) ~[ozone-manager-1.4.0-SNAPSHOT.jar:?]
	at org.apache.hadoop.ozone.om.KeyManagerImpl.getFileStatus(KeyManagerImpl.java:1102) ~[ozone-manager-1.4.0-SNAPSHOT.jar:?]
	at org.apache.hadoop.ozone.om.OmMetadataReader.getFileStatus(OmMetadataReader.java:286) ~[ozone-manager-1.4.0-SNAPSHOT.jar:?]
	at org.apache.hadoop.ozone.om.OzoneManager.getFileStatus(OzoneManager.java:3499) ~[ozone-manager-1.4.0-SNAPSHOT.jar:?]
	at org.apache.hadoop.ozone.protocolPB.OzoneManagerRequestHandler.getOzoneFileStatus(OzoneManagerRequestHandler.java:950) ~[ozone-manager-1.4.0-SNAPSHOT.jar:?]
	at org.apache.hadoop.ozone.protocolPB.OzoneManagerRequestHandler.handleReadRequest(OzoneManagerRequestHandler.java:245) ~[ozone-manager-1.4.0-SNAPSHOT.jar:?]
	at org.apache.hadoop.ozone.protocolPB.OzoneManagerProtocolServerSideTranslatorPB.submitReadRequestToOM(OzoneManagerProtocolServerSideTranslatorPB.java:223) ~[ozone-manager-1.4.0-SNAPSHOT.jar:?]
	at org.apache.hadoop.ozone.protocolPB.OzoneManagerProtocolServerSideTranslatorPB.processRequest(OzoneManagerProtocolServerSideTranslatorPB.java:177) ~[ozone-manager-1.4.0-SNAPSHOT.jar:?]
	at org.apache.hadoop.hdds.server.OzoneProtocolMessageDispatcher.processRequest(OzoneProtocolMessageDispatcher.java:87) [hdds-server-framework-1.4.0-SNAPSHOT.jar:?]
	at org.apache.hadoop.ozone.protocolPB.OzoneManagerProtocolServerSideTranslatorPB.submitRequest(OzoneManagerProtocolServerSideTranslatorPB.java:147) [ozone-manager-1.4.0-SNAPSHOT.jar:?]
	at org.apache.hadoop.ozone.protocol.proto.OzoneManagerProtocolProtos$OzoneManagerService$2.callBlockingMethod(OzoneManagerProtocolProtos.java) [ozone-interface-client-1.4.0-SNAPSHOT.jar:?]
	at org.apache.hadoop.ipc.ProtobufRpcEngine$Server.processCall(ProtobufRpcEngine.java:484) [hadoop-common-3.3.5.jar:?]
	at org.apache.hadoop.ipc.ProtobufRpcEngine2$Server$ProtoBufRpcInvoker.call(ProtobufRpcEngine2.java:595) [hadoop-common-3.3.5.jar:?]
	at org.apache.hadoop.ipc.ProtobufRpcEngine2$Server$ProtoBufRpcInvoker.call(ProtobufRpcEngine2.java:573) [hadoop-common-3.3.5.jar:?]
	at org.apache.hadoop.ipc.RPC$Server.call(RPC.java:1213) [hadoop-common-3.3.5.jar:?]
	at org.apache.hadoop.ipc.Server$RpcCall.run(Server.java:1089) [hadoop-common-3.3.5.jar:?]
	at org.apache.hadoop.ipc.Server$RpcCall.run(Server.java:1012) [hadoop-common-3.3.5.jar:?]
	at java.security.AccessController.doPrivileged(Native Method) ~[?:1.8.0_372]
	at javax.security.auth.Subject.doAs(Subject.java:422) [?:1.8.0_372]
	at org.apache.hadoop.security.UserGroupInformation.doAs(UserGroupInformation.java:1899) [hadoop-common-3.3.5.jar:?]
	at org.apache.hadoop.ipc.Server$Handler.run(Server.java:3026) [hadoop-common-3.3.5.jar:?]
13:17:28.921 [IPC Server handler 4 on default port 15004] ERROR OMAudit - user=runner | ip=127.0.0.1 | op=GET_FILE_STATUS {volume=volume25213, bucket=trashroottest2, key=.Trash/runner, dataSize=0, replicationConfig=null} | ret=FAILURE
org.apache.hadoop.ozone.om.exceptions.OMException: Unable to get file status: volume: volume25213 bucket: trashroottest2 key: .Trash/runner
	at org.apache.hadoop.ozone.om.KeyManagerImpl.getOzoneFileStatusFSO(KeyManagerImpl.java:1310) ~[ozone-manager-1.4.0-SNAPSHOT.jar:?]
	at org.apache.hadoop.ozone.om.KeyManagerImpl.getFileStatus(KeyManagerImpl.java:1102) ~[ozone-manager-1.4.0-SNAPSHOT.jar:?]
	at org.apache.hadoop.ozone.om.OmMetadataReader.getFileStatus(OmMetadataReader.java:286) ~[ozone-manager-1.4.0-SNAPSHOT.jar:?]
	at org.apache.hadoop.ozone.om.OzoneManager.getFileStatus(OzoneManager.java:3499) ~[ozone-manager-1.4.0-SNAPSHOT.jar:?]
	at org.apache.hadoop.ozone.protocolPB.OzoneManagerRequestHandler.getOzoneFileStatus(OzoneManagerRequestHandler.java:950) ~[ozone-manager-1.4.0-SNAPSHOT.jar:?]
	at org.apache.hadoop.ozone.protocolPB.OzoneManagerRequestHandler.handleReadRequest(OzoneManagerRequestHandler.java:245) ~[ozone-manager-1.4.0-SNAPSHOT.jar:?]
	at org.apache.hadoop.ozone.protocolPB.OzoneManagerProtocolServerSideTranslatorPB.submitReadRequestToOM(OzoneManagerProtocolServerSideTranslatorPB.java:223) ~[ozone-manager-1.4.0-SNAPSHOT.jar:?]
	at org.apache.hadoop.ozone.protocolPB.OzoneManagerProtocolServerSideTranslatorPB.processRequest(OzoneManagerProtocolServerSideTranslatorPB.java:177) ~[ozone-manager-1.4.0-SNAPSHOT.jar:?]
	at org.apache.hadoop.hdds.server.OzoneProtocolMessageDispatcher.processRequest(OzoneProtocolMessageDispatcher.java:87) [hdds-server-framework-1.4.0-SNAPSHOT.jar:?]
	at org.apache.hadoop.ozone.protocolPB.OzoneManagerProtocolServerSideTranslatorPB.submitRequest(OzoneManagerProtocolServerSideTranslatorPB.java:147) [ozone-manager-1.4.0-SNAPSHOT.jar:?]
	at org.apache.hadoop.ozone.protocol.proto.OzoneManagerProtocolProtos$OzoneManagerService$2.callBlockingMethod(OzoneManagerProtocolProtos.java) [ozone-interface-client-1.4.0-SNAPSHOT.jar:?]
	at org.apache.hadoop.ipc.ProtobufRpcEngine$Server.processCall(ProtobufRpcEngine.java:484) [hadoop-common-3.3.5.jar:?]
	at org.apache.hadoop.ipc.ProtobufRpcEngine2$Server$ProtoBufRpcInvoker.call(ProtobufRpcEngine2.java:595) [hadoop-common-3.3.5.jar:?]
	at org.apache.hadoop.ipc.ProtobufRpcEngine2$Server$ProtoBufRpcInvoker.call(ProtobufRpcEngine2.java:573) [hadoop-common-3.3.5.jar:?]
	at org.apache.hadoop.ipc.RPC$Server.call(RPC.java:1213) [hadoop-common-3.3.5.jar:?]
	at org.apache.hadoop.ipc.Server$RpcCall.run(Server.java:1089) [hadoop-common-3.3.5.jar:?]
	at org.apache.hadoop.ipc.Server$RpcCall.run(Server.java:1012) [hadoop-common-3.3.5.jar:?]
	at java.security.AccessController.doPrivileged(Native Method) ~[?:1.8.0_372]
	at javax.security.auth.Subject.doAs(Subject.java:422) [?:1.8.0_372]
	at org.apache.hadoop.security.UserGroupInformation.doAs(UserGroupInformation.java:1899) [hadoop-common-3.3.5.jar:?]
	at org.apache.hadoop.ipc.Server$Handler.run(Server.java:3026) [hadoop-common-3.3.5.jar:?]
13:17:28.926 [IPC Server handler 3 on default port 15004] ERROR OMAudit - user=runner | ip=127.0.0.1 | op=GET_FILE_STATUS {volume=volume78241, bucket=bucket16838, key=.Trash/runner, dataSize=0, replicationConfig=null} | ret=FAILURE
org.apache.hadoop.ozone.om.exceptions.OMException: Unable to get file status: volume: volume78241 bucket: bucket16838 key: .Trash/runner
	at org.apache.hadoop.ozone.om.KeyManagerImpl.getOzoneFileStatusFSO(KeyManagerImpl.java:1310) ~[ozone-manager-1.4.0-SNAPSHOT.jar:?]
	at org.apache.hadoop.ozone.om.KeyManagerImpl.getFileStatus(KeyManagerImpl.java:1102) ~[ozone-manager-1.4.0-SNAPSHOT.jar:?]
	at org.apache.hadoop.ozone.om.OmMetadataReader.getFileStatus(OmMetadataReader.java:286) ~[ozone-manager-1.4.0-SNAPSHOT.jar:?]
	at org.apache.hadoop.ozone.om.OzoneManager.getFileStatus(OzoneManager.java:3499) ~[ozone-manager-1.4.0-SNAPSHOT.jar:?]
	at org.apache.hadoop.ozone.protocolPB.OzoneManagerRequestHandler.getOzoneFileStatus(OzoneManagerRequestHandler.java:950) ~[ozone-manager-1.4.0-SNAPSHOT.jar:?]
	at org.apache.hadoop.ozone.protocolPB.OzoneManagerRequestHandler.handleReadRequest(OzoneManagerRequestHandler.java:245) ~[ozone-manager-1.4.0-SNAPSHOT.jar:?]
	at org.apache.hadoop.ozone.protocolPB.OzoneManagerProtocolServerSideTranslatorPB.submitReadRequestToOM(OzoneManagerProtocolServerSideTranslatorPB.java:223) ~[ozone-manager-1.4.0-SNAPSHOT.jar:?]
	at org.apache.hadoop.ozone.protocolPB.OzoneManagerProtocolServerSideTranslatorPB.processRequest(OzoneManagerProtocolServerSideTranslatorPB.java:177) ~[ozone-manager-1.4.0-SNAPSHOT.jar:?]
	at org.apache.hadoop.hdds.server.OzoneProtocolMessageDispatcher.processRequest(OzoneProtocolMessageDispatcher.java:87) [hdds-server-framework-1.4.0-SNAPSHOT.jar:?]
	at org.apache.hadoop.ozone.protocolPB.OzoneManagerProtocolServerSideTranslatorPB.submitRequest(OzoneManagerProtocolServerSideTranslatorPB.java:147) [ozone-manager-1.4.0-SNAPSHOT.jar:?]
	at org.apache.hadoop.ozone.protocol.proto.OzoneManagerProtocolProtos$OzoneManagerService$2.callBlockingMethod(OzoneManagerProtocolProtos.java) [ozone-interface-client-1.4.0-SNAPSHOT.jar:?]
	at org.apache.hadoop.ipc.ProtobufRpcEngine$Server.processCall(ProtobufRpcEngine.java:484) [hadoop-common-3.3.5.jar:?]
	at org.apache.hadoop.ipc.ProtobufRpcEngine2$Server$ProtoBufRpcInvoker.call(ProtobufRpcEngine2.java:595) [hadoop-common-3.3.5.jar:?]
	at org.apache.hadoop.ipc.ProtobufRpcEngine2$Server$ProtoBufRpcInvoker.call(ProtobufRpcEngine2.java:573) [hadoop-common-3.3.5.jar:?]
	at org.apache.hadoop.ipc.RPC$Server.call(RPC.java:1213) [hadoop-common-3.3.5.jar:?]
	at org.apache.hadoop.ipc.Server$RpcCall.run(Server.java:1089) [hadoop-common-3.3.5.jar:?]
	at org.apache.hadoop.ipc.Server$RpcCall.run(Server.java:1012) [hadoop-common-3.3.5.jar:?]
	at java.security.AccessController.doPrivileged(Native Method) ~[?:1.8.0_372]
	at javax.security.auth.Subject.doAs(Subject.java:422) [?:1.8.0_372]
	at org.apache.hadoop.security.UserGroupInformation.doAs(UserGroupInformation.java:1899) [hadoop-common-3.3.5.jar:?]
	at org.apache.hadoop.ipc.Server$Handler.run(Server.java:3026) [hadoop-common-3.3.5.jar:?]
13:17:28.931 [IPC Server handler 13 on default port 15004] ERROR OMAudit - user=runner | ip=127.0.0.1 | op=GET_FILE_STATUS {volume=afaf26cd-9661-4d26-a038-3f0518d5b24b, bucket=945a806b-5cb8-4c19-b022-c1c1bf817262, key=.Trash, dataSize=0, replicationConfig=null} | ret=FAILURE
org.apache.hadoop.ozone.om.exceptions.OMException: Unable to get file status: volume: afaf26cd-9661-4d26-a038-3f0518d5b24b bucket: 945a806b-5cb8-4c19-b022-c1c1bf817262 key: .Trash
	at org.apache.hadoop.ozone.om.KeyManagerImpl.getOzoneFileStatus(KeyManagerImpl.java:1186) ~[ozone-manager-1.4.0-SNAPSHOT.jar:?]
	at org.apache.hadoop.ozone.om.KeyManagerImpl.getFileStatus(KeyManagerImpl.java:1104) ~[ozone-manager-1.4.0-SNAPSHOT.jar:?]
	at org.apache.hadoop.ozone.om.OmMetadataReader.getFileStatus(OmMetadataReader.java:286) ~[ozone-manager-1.4.0-SNAPSHOT.jar:?]
	at org.apache.hadoop.ozone.om.OzoneManager.getFileStatus(OzoneManager.java:3499) ~[ozone-manager-1.4.0-SNAPSHOT.jar:?]
	at org.apache.hadoop.ozone.protocolPB.OzoneManagerRequestHandler.getOzoneFileStatus(OzoneManagerRequestHandler.java:950) ~[ozone-manager-1.4.0-SNAPSHOT.jar:?]
	at org.apache.hadoop.ozone.protocolPB.OzoneManagerRequestHandler.handleReadRequest(OzoneManagerRequestHandler.java:245) ~[ozone-manager-1.4.0-SNAPSHOT.jar:?]
	at org.apache.hadoop.ozone.protocolPB.OzoneManagerProtocolServerSideTranslatorPB.submitReadRequestToOM(OzoneManagerProtocolServerSideTranslatorPB.java:223) ~[ozone-manager-1.4.0-SNAPSHOT.jar:?]
	at org.apache.hadoop.ozone.protocolPB.OzoneManagerProtocolServerSideTranslatorPB.processRequest(OzoneManagerProtocolServerSideTranslatorPB.java:177) ~[ozone-manager-1.4.0-SNAPSHOT.jar:?]
	at org.apache.hadoop.hdds.server.OzoneProtocolMessageDispatcher.processRequest(OzoneProtocolMessageDispatcher.java:87) [hdds-server-framework-1.4.0-SNAPSHOT.jar:?]
	at org.apache.hadoop.ozone.protocolPB.OzoneManagerProtocolServerSideTranslatorPB.submitRequest(OzoneManagerProtocolServerSideTranslatorPB.java:147) [ozone-manager-1.4.0-SNAPSHOT.jar:?]
	at org.apache.hadoop.ozone.protocol.proto.OzoneManagerProtocolProtos$OzoneManagerService$2.callBlockingMethod(OzoneManagerProtocolProtos.java) [ozone-interface-client-1.4.0-SNAPSHOT.jar:?]
	at org.apache.hadoop.ipc.ProtobufRpcEngine$Server.processCall(ProtobufRpcEngine.java:484) [hadoop-common-3.3.5.jar:?]
	at org.apache.hadoop.ipc.ProtobufRpcEngine2$Server$ProtoBufRpcInvoker.call(ProtobufRpcEngine2.java:595) [hadoop-common-3.3.5.jar:?]
	at org.apache.hadoop.ipc.ProtobufRpcEngine2$Server$ProtoBufRpcInvoker.call(ProtobufRpcEngine2.java:573) [hadoop-common-3.3.5.jar:?]
	at org.apache.hadoop.ipc.RPC$Server.call(RPC.java:1213) [hadoop-common-3.3.5.jar:?]
	at org.apache.hadoop.ipc.Server$RpcCall.run(Server.java:1089) [hadoop-common-3.3.5.jar:?]
	at org.apache.hadoop.ipc.Server$RpcCall.run(Server.java:1012) [hadoop-common-3.3.5.jar:?]
	at java.security.AccessController.doPrivileged(Native Method) ~[?:1.8.0_372]
	at javax.security.auth.Subject.doAs(Subject.java:422) [?:1.8.0_372]
	at org.apache.hadoop.security.UserGroupInformation.doAs(UserGroupInformation.java:1899) [hadoop-common-3.3.5.jar:?]
	at org.apache.hadoop.ipc.Server$Handler.run(Server.java:3026) [hadoop-common-3.3.5.jar:?]
13:17:28.934 [IPC Server handler 1 on default port 15004] ERROR OMAudit - user=runner | ip=127.0.0.1 | op=GET_FILE_STATUS {volume=volume-10734, bucket=bucket-06643, key=.Trash, dataSize=0, replicationConfig=null} | ret=FAILURE
org.apache.hadoop.ozone.om.exceptions.OMException: Unable to get file status: volume: volume-10734 bucket: bucket-06643 key: .Trash
	at org.apache.hadoop.ozone.om.KeyManagerImpl.getOzoneFileStatusFSO(KeyManagerImpl.java:1310) ~[ozone-manager-1.4.0-SNAPSHOT.jar:?]
	at org.apache.hadoop.ozone.om.KeyManagerImpl.getFileStatus(KeyManagerImpl.java:1102) ~[ozone-manager-1.4.0-SNAPSHOT.jar:?]
	at org.apache.hadoop.ozone.om.OmMetadataReader.getFileStatus(OmMetadataReader.java:286) ~[ozone-manager-1.4.0-SNAPSHOT.jar:?]
	at org.apache.hadoop.ozone.om.OzoneManager.getFileStatus(OzoneManager.java:3499) ~[ozone-manager-1.4.0-SNAPSHOT.jar:?]
	at org.apache.hadoop.ozone.protocolPB.OzoneManagerRequestHandler.getOzoneFileStatus(OzoneManagerRequestHandler.java:950) ~[ozone-manager-1.4.0-SNAPSHOT.jar:?]
	at org.apache.hadoop.ozone.protocolPB.OzoneManagerRequestHandler.handleReadRequest(OzoneManagerRequestHandler.java:245) ~[ozone-manager-1.4.0-SNAPSHOT.jar:?]
	at org.apache.hadoop.ozone.protocolPB.OzoneManagerProtocolServerSideTranslatorPB.submitReadRequestToOM(OzoneManagerProtocolServerSideTranslatorPB.java:223) ~[ozone-manager-1.4.0-SNAPSHOT.jar:?]
	at org.apache.hadoop.ozone.protocolPB.OzoneManagerProtocolServerSideTranslatorPB.processRequest(OzoneManagerProtocolServerSideTranslatorPB.java:177) ~[ozone-manager-1.4.0-SNAPSHOT.jar:?]
	at org.apache.hadoop.hdds.server.OzoneProtocolMessageDispatcher.processRequest(OzoneProtocolMessageDispatcher.java:87) [hdds-server-framework-1.4.0-SNAPSHOT.jar:?]
	at org.apache.hadoop.ozone.protocolPB.OzoneManagerProtocolServerSideTranslatorPB.submitRequest(OzoneManagerProtocolServerSideTranslatorPB.java:147) [ozone-manager-1.4.0-SNAPSHOT.jar:?]
	at org.apache.hadoop.ozone.protocol.proto.OzoneManagerProtocolProtos$OzoneManagerService$2.callBlockingMethod(OzoneManagerProtocolProtos.java) [ozone-interface-client-1.4.0-SNAPSHOT.jar:?]
	at org.apache.hadoop.ipc.ProtobufRpcEngine$Server.processCall(ProtobufRpcEngine.java:484) [hadoop-common-3.3.5.jar:?]
	at org.apache.hadoop.ipc.ProtobufRpcEngine2$Server$ProtoBufRpcInvoker.call(ProtobufRpcEngine2.java:595) [hadoop-common-3.3.5.jar:?]
	at org.apache.hadoop.ipc.ProtobufRpcEngine2$Server$ProtoBufRpcInvoker.call(ProtobufRpcEngine2.java:573) [hadoop-common-3.3.5.jar:?]
	at org.apache.hadoop.ipc.RPC$Server.call(RPC.java:1213) [hadoop-common-3.3.5.jar:?]
	at org.apache.hadoop.ipc.Server$RpcCall.run(Server.java:1089) [hadoop-common-3.3.5.jar:?]
	at org.apache.hadoop.ipc.Server$RpcCall.run(Server.java:1012) [hadoop-common-3.3.5.jar:?]
	at java.security.AccessController.doPrivileged(Native Method) ~[?:1.8.0_372]
	at javax.security.auth.Subject.doAs(Subject.java:422) [?:1.8.0_372]
	at org.apache.hadoop.security.UserGroupInformation.doAs(UserGroupInformation.java:1899) [hadoop-common-3.3.5.jar:?]
	at org.apache.hadoop.ipc.Server$Handler.run(Server.java:3026) [hadoop-common-3.3.5.jar:?]
13:17:28.936 [IPC Server handler 6 on default port 15004] ERROR OMAudit - user=runner | ip=127.0.0.1 | op=GET_FILE_STATUS {volume=volume-30266, bucket=bucket-23633, key=.Trash, dataSize=0, replicationConfig=null} | ret=FAILURE
org.apache.hadoop.ozone.om.exceptions.OMException: Unable to get file status: volume: volume-30266 bucket: bucket-23633 key: .Trash
	at org.apache.hadoop.ozone.om.KeyManagerImpl.getOzoneFileStatusFSO(KeyManagerImpl.java:1310) ~[ozone-manager-1.4.0-SNAPSHOT.jar:?]
	at org.apache.hadoop.ozone.om.KeyManagerImpl.getFileStatus(KeyManagerImpl.java:1102) ~[ozone-manager-1.4.0-SNAPSHOT.jar:?]
	at org.apache.hadoop.ozone.om.OmMetadataReader.getFileStatus(OmMetadataReader.java:286) ~[ozone-manager-1.4.0-SNAPSHOT.jar:?]
	at org.apache.hadoop.ozone.om.OzoneManager.getFileStatus(OzoneManager.java:3499) ~[ozone-manager-1.4.0-SNAPSHOT.jar:?]
	at org.apache.hadoop.ozone.protocolPB.OzoneManagerRequestHandler.getOzoneFileStatus(OzoneManagerRequestHandler.java:950) ~[ozone-manager-1.4.0-SNAPSHOT.jar:?]
	at org.apache.hadoop.ozone.protocolPB.OzoneManagerRequestHandler.handleReadRequest(OzoneManagerRequestHandler.java:245) ~[ozone-manager-1.4.0-SNAPSHOT.jar:?]
	at org.apache.hadoop.ozone.protocolPB.OzoneManagerProtocolServerSideTranslatorPB.submitReadRequestToOM(OzoneManagerProtocolServerSideTranslatorPB.java:223) ~[ozone-manager-1.4.0-SNAPSHOT.jar:?]
	at org.apache.hadoop.ozone.protocolPB.OzoneManagerProtocolServerSideTranslatorPB.processRequest(OzoneManagerProtocolServerSideTranslatorPB.java:177) ~[ozone-manager-1.4.0-SNAPSHOT.jar:?]
	at org.apache.hadoop.hdds.server.OzoneProtocolMessageDispatcher.processRequest(OzoneProtocolMessageDispatcher.java:87) [hdds-server-framework-1.4.0-SNAPSHOT.jar:?]
	at org.apache.hadoop.ozone.protocolPB.OzoneManagerProtocolServerSideTranslatorPB.submitRequest(OzoneManagerProtocolServerSideTranslatorPB.java:147) [ozone-manager-1.4.0-SNAPSHOT.jar:?]
	at org.apache.hadoop.ozone.protocol.proto.OzoneManagerProtocolProtos$OzoneManagerService$2.callBlockingMethod(OzoneManagerProtocolProtos.java) [ozone-interface-client-1.4.0-SNAPSHOT.jar:?]
	at org.apache.hadoop.ipc.ProtobufRpcEngine$Server.processCall(ProtobufRpcEngine.java:484) [hadoop-common-3.3.5.jar:?]
	at org.apache.hadoop.ipc.ProtobufRpcEngine2$Server$ProtoBufRpcInvoker.call(ProtobufRpcEngine2.java:595) [hadoop-common-3.3.5.jar:?]
	at org.apache.hadoop.ipc.ProtobufRpcEngine2$Server$ProtoBufRpcInvoker.call(ProtobufRpcEngine2.java:573) [hadoop-common-3.3.5.jar:?]
	at org.apache.hadoop.ipc.RPC$Server.call(RPC.java:1213) [hadoop-common-3.3.5.jar:?]
	at org.apache.hadoop.ipc.Server$RpcCall.run(Server.java:1089) [hadoop-common-3.3.5.jar:?]
	at org.apache.hadoop.ipc.Server$RpcCall.run(Server.java:1012) [hadoop-common-3.3.5.jar:?]
	at java.security.AccessController.doPrivileged(Native Method) ~[?:1.8.0_372]
	at javax.security.auth.Subject.doAs(Subject.java:422) [?:1.8.0_372]
	at org.apache.hadoop.security.UserGroupInformation.doAs(UserGroupInformation.java:1899) [hadoop-common-3.3.5.jar:?]
	at org.apache.hadoop.ipc.Server$Handler.run(Server.java:3026) [hadoop-common-3.3.5.jar:?]
13:17:28.942 [IPC Server handler 13 on default port 15004] ERROR OMAudit - user=runner | ip=127.0.0.1 | op=GET_FILE_STATUS {volume=volume25213, bucket=trashroottest2, key=.Trash, dataSize=0, replicationConfig=null} | ret=FAILURE
org.apache.hadoop.ozone.om.exceptions.OMException: Unable to get file status: volume: volume25213 bucket: trashroottest2 key: .Trash
	at org.apache.hadoop.ozone.om.KeyManagerImpl.getOzoneFileStatusFSO(KeyManagerImpl.java:1310) ~[ozone-manager-1.4.0-SNAPSHOT.jar:?]
	at org.apache.hadoop.ozone.om.KeyManagerImpl.getFileStatus(KeyManagerImpl.java:1102) ~[ozone-manager-1.4.0-SNAPSHOT.jar:?]
	at org.apache.hadoop.ozone.om.OmMetadataReader.getFileStatus(OmMetadataReader.java:286) ~[ozone-manager-1.4.0-SNAPSHOT.jar:?]
	at org.apache.hadoop.ozone.om.OzoneManager.getFileStatus(OzoneManager.java:3499) ~[ozone-manager-1.4.0-SNAPSHOT.jar:?]
	at org.apache.hadoop.ozone.protocolPB.OzoneManagerRequestHandler.getOzoneFileStatus(OzoneManagerRequestHandler.java:950) ~[ozone-manager-1.4.0-SNAPSHOT.jar:?]
	at org.apache.hadoop.ozone.protocolPB.OzoneManagerRequestHandler.handleReadRequest(OzoneManagerRequestHandler.java:245) ~[ozone-manager-1.4.0-SNAPSHOT.jar:?]
	at org.apache.hadoop.ozone.protocolPB.OzoneManagerProtocolServerSideTranslatorPB.submitReadRequestToOM(OzoneManagerProtocolServerSideTranslatorPB.java:223) ~[ozone-manager-1.4.0-SNAPSHOT.jar:?]
	at org.apache.hadoop.ozone.protocolPB.OzoneManagerProtocolServerSideTranslatorPB.processRequest(OzoneManagerProtocolServerSideTranslatorPB.java:177) ~[ozone-manager-1.4.0-SNAPSHOT.jar:?]
	at org.apache.hadoop.hdds.server.OzoneProtocolMessageDispatcher.processRequest(OzoneProtocolMessageDispatcher.java:87) [hdds-server-framework-1.4.0-SNAPSHOT.jar:?]
	at org.apache.hadoop.ozone.protocolPB.OzoneManagerProtocolServerSideTranslatorPB.submitRequest(OzoneManagerProtocolServerSideTranslatorPB.java:147) [ozone-manager-1.4.0-SNAPSHOT.jar:?]
	at org.apache.hadoop.ozone.protocol.proto.OzoneManagerProtocolProtos$OzoneManagerService$2.callBlockingMethod(OzoneManagerProtocolProtos.java) [ozone-interface-client-1.4.0-SNAPSHOT.jar:?]
	at org.apache.hadoop.ipc.ProtobufRpcEngine$Server.processCall(ProtobufRpcEngine.java:484) [hadoop-common-3.3.5.jar:?]
	at org.apache.hadoop.ipc.ProtobufRpcEngine2$Server$ProtoBufRpcInvoker.call(ProtobufRpcEngine2.java:595) [hadoop-common-3.3.5.jar:?]
	at org.apache.hadoop.ipc.ProtobufRpcEngine2$Server$ProtoBufRpcInvoker.call(ProtobufRpcEngine2.java:573) [hadoop-common-3.3.5.jar:?]
	at org.apache.hadoop.ipc.RPC$Server.call(RPC.java:1213) [hadoop-common-3.3.5.jar:?]
	at org.apache.hadoop.ipc.Server$RpcCall.run(Server.java:1089) [hadoop-common-3.3.5.jar:?]
	at org.apache.hadoop.ipc.Server$RpcCall.run(Server.java:1012) [hadoop-common-3.3.5.jar:?]
	at java.security.AccessController.doPrivileged(Native Method) ~[?:1.8.0_372]
	at javax.security.auth.Subject.doAs(Subject.java:422) [?:1.8.0_372]
	at org.apache.hadoop.security.UserGroupInformation.doAs(UserGroupInformation.java:1899) [hadoop-common-3.3.5.jar:?]
	at org.apache.hadoop.ipc.Server$Handler.run(Server.java:3026) [hadoop-common-3.3.5.jar:?]
13:17:28.944 [IPC Server handler 0 on default port 15004] ERROR OMAudit - user=runner | ip=127.0.0.1 | op=GET_FILE_STATUS {volume=volume48420, bucket=bucket01231, key=.Trash, dataSize=0, replicationConfig=null} | ret=FAILURE
org.apache.hadoop.ozone.om.exceptions.OMException: Unable to get file status: volume: volume48420 bucket: bucket01231 key: .Trash
	at org.apache.hadoop.ozone.om.KeyManagerImpl.getOzoneFileStatusFSO(KeyManagerImpl.java:1310) ~[ozone-manager-1.4.0-SNAPSHOT.jar:?]
	at org.apache.hadoop.ozone.om.KeyManagerImpl.getFileStatus(KeyManagerImpl.java:1102) ~[ozone-manager-1.4.0-SNAPSHOT.jar:?]
	at org.apache.hadoop.ozone.om.OmMetadataReader.getFileStatus(OmMetadataReader.java:286) ~[ozone-manager-1.4.0-SNAPSHOT.jar:?]
	at org.apache.hadoop.ozone.om.OzoneManager.getFileStatus(OzoneManager.java:3499) ~[ozone-manager-1.4.0-SNAPSHOT.jar:?]
	at org.apache.hadoop.ozone.protocolPB.OzoneManagerRequestHandler.getOzoneFileStatus(OzoneManagerRequestHandler.java:950) ~[ozone-manager-1.4.0-SNAPSHOT.jar:?]
	at org.apache.hadoop.ozone.protocolPB.OzoneManagerRequestHandler.handleReadRequest(OzoneManagerRequestHandler.java:245) ~[ozone-manager-1.4.0-SNAPSHOT.jar:?]
	at org.apache.hadoop.ozone.protocolPB.OzoneManagerProtocolServerSideTranslatorPB.submitReadRequestToOM(OzoneManagerProtocolServerSideTranslatorPB.java:223) ~[ozone-manager-1.4.0-SNAPSHOT.jar:?]
	at org.apache.hadoop.ozone.protocolPB.OzoneManagerProtocolServerSideTranslatorPB.processRequest(OzoneManagerProtocolServerSideTranslatorPB.java:177) ~[ozone-manager-1.4.0-SNAPSHOT.jar:?]
	at org.apache.hadoop.hdds.server.OzoneProtocolMessageDispatcher.processRequest(OzoneProtocolMessageDispatcher.java:87) [hdds-server-framework-1.4.0-SNAPSHOT.jar:?]
	at org.apache.hadoop.ozone.protocolPB.OzoneManagerProtocolServerSideTranslatorPB.submitRequest(OzoneManagerProtocolServerSideTranslatorPB.java:147) [ozone-manager-1.4.0-SNAPSHOT.jar:?]
	at org.apache.hadoop.ozone.protocol.proto.OzoneManagerProtocolProtos$OzoneManagerService$2.callBlockingMethod(OzoneManagerProtocolProtos.java) [ozone-interface-client-1.4.0-SNAPSHOT.jar:?]
	at org.apache.hadoop.ipc.ProtobufRpcEngine$Server.processCall(ProtobufRpcEngine.java:484) [hadoop-common-3.3.5.jar:?]
	at org.apache.hadoop.ipc.ProtobufRpcEngine2$Server$ProtoBufRpcInvoker.call(ProtobufRpcEngine2.java:595) [hadoop-common-3.3.5.jar:?]
	at org.apache.hadoop.ipc.ProtobufRpcEngine2$Server$ProtoBufRpcInvoker.call(ProtobufRpcEngine2.java:573) [hadoop-common-3.3.5.jar:?]
	at org.apache.hadoop.ipc.RPC$Server.call(RPC.java:1213) [hadoop-common-3.3.5.jar:?]
	at org.apache.hadoop.ipc.Server$RpcCall.run(Server.java:1089) [hadoop-common-3.3.5.jar:?]
	at org.apache.hadoop.ipc.Server$RpcCall.run(Server.java:1012) [hadoop-common-3.3.5.jar:?]
	at java.security.AccessController.doPrivileged(Native Method) ~[?:1.8.0_372]
	at javax.security.auth.Subject.doAs(Subject.java:422) [?:1.8.0_372]
	at org.apache.hadoop.security.UserGroupInformation.doAs(UserGroupInformation.java:1899) [hadoop-common-3.3.5.jar:?]
	at org.apache.hadoop.ipc.Server$Handler.run(Server.java:3026) [hadoop-common-3.3.5.jar:?]
13:17:28.946 [IPC Server handler 4 on default port 15004] ERROR OMAudit - user=runner | ip=127.0.0.1 | op=GET_FILE_STATUS {volume=volume78241, bucket=bucket16838, key=.Trash, dataSize=0, replicationConfig=null} | ret=FAILURE
org.apache.hadoop.ozone.om.exceptions.OMException: Unable to get file status: volume: volume78241 bucket: bucket16838 key: .Trash
	at org.apache.hadoop.ozone.om.KeyManagerImpl.getOzoneFileStatusFSO(KeyManagerImpl.java:1310) ~[ozone-manager-1.4.0-SNAPSHOT.jar:?]
	at org.apache.hadoop.ozone.om.KeyManagerImpl.getFileStatus(KeyManagerImpl.java:1102) ~[ozone-manager-1.4.0-SNAPSHOT.jar:?]
	at org.apache.hadoop.ozone.om.OmMetadataReader.getFileStatus(OmMetadataReader.java:286) ~[ozone-manager-1.4.0-SNAPSHOT.jar:?]
	at org.apache.hadoop.ozone.om.OzoneManager.getFileStatus(OzoneManager.java:3499) ~[ozone-manager-1.4.0-SNAPSHOT.jar:?]
	at org.apache.hadoop.ozone.protocolPB.OzoneManagerRequestHandler.getOzoneFileStatus(OzoneManagerRequestHandler.java:950) ~[ozone-manager-1.4.0-SNAPSHOT.jar:?]
	at org.apache.hadoop.ozone.protocolPB.OzoneManagerRequestHandler.handleReadRequest(OzoneManagerRequestHandler.java:245) ~[ozone-manager-1.4.0-SNAPSHOT.jar:?]
	at org.apache.hadoop.ozone.protocolPB.OzoneManagerProtocolServerSideTranslatorPB.submitReadRequestToOM(OzoneManagerProtocolServerSideTranslatorPB.java:223) ~[ozone-manager-1.4.0-SNAPSHOT.jar:?]
	at org.apache.hadoop.ozone.protocolPB.OzoneManagerProtocolServerSideTranslatorPB.processRequest(OzoneManagerProtocolServerSideTranslatorPB.java:177) ~[ozone-manager-1.4.0-SNAPSHOT.jar:?]
	at org.apache.hadoop.hdds.server.OzoneProtocolMessageDispatcher.processRequest(OzoneProtocolMessageDispatcher.java:87) [hdds-server-framework-1.4.0-SNAPSHOT.jar:?]
	at org.apache.hadoop.ozone.protocolPB.OzoneManagerProtocolServerSideTranslatorPB.submitRequest(OzoneManagerProtocolServerSideTranslatorPB.java:147) [ozone-manager-1.4.0-SNAPSHOT.jar:?]
	at org.apache.hadoop.ozone.protocol.proto.OzoneManagerProtocolProtos$OzoneManagerService$2.callBlockingMethod(OzoneManagerProtocolProtos.java) [ozone-interface-client-1.4.0-SNAPSHOT.jar:?]
	at org.apache.hadoop.ipc.ProtobufRpcEngine$Server.processCall(ProtobufRpcEngine.java:484) [hadoop-common-3.3.5.jar:?]
	at org.apache.hadoop.ipc.ProtobufRpcEngine2$Server$ProtoBufRpcInvoker.call(ProtobufRpcEngine2.java:595) [hadoop-common-3.3.5.jar:?]
	at org.apache.hadoop.ipc.ProtobufRpcEngine2$Server$ProtoBufRpcInvoker.call(ProtobufRpcEngine2.java:573) [hadoop-common-3.3.5.jar:?]
	at org.apache.hadoop.ipc.RPC$Server.call(RPC.java:1213) [hadoop-common-3.3.5.jar:?]
	at org.apache.hadoop.ipc.Server$RpcCall.run(Server.java:1089) [hadoop-common-3.3.5.jar:?]
	at org.apache.hadoop.ipc.Server$RpcCall.run(Server.java:1012) [hadoop-common-3.3.5.jar:?]
	at java.security.AccessController.doPrivileged(Native Method) ~[?:1.8.0_372]
	at javax.security.auth.Subject.doAs(Subject.java:422) [?:1.8.0_372]
	at org.apache.hadoop.security.UserGroupInformation.doAs(UserGroupInformation.java:1899) [hadoop-common-3.3.5.jar:?]
	at org.apache.hadoop.ipc.Server$Handler.run(Server.java:3026) [hadoop-common-3.3.5.jar:?]
13:17:28.958 [IPC Server handler 15 on default port 15004] ERROR OMAudit - user=runner | ip=127.0.0.1 | op=GET_FILE_STATUS {volume=volume-10734, bucket=bucket-06643, key=.Trash/runner, dataSize=0, replicationConfig=null} | ret=FAILURE
org.apache.hadoop.ozone.om.exceptions.OMException: Unable to get file status: volume: volume-10734 bucket: bucket-06643 key: .Trash/runner
	at org.apache.hadoop.ozone.om.KeyManagerImpl.getOzoneFileStatusFSO(KeyManagerImpl.java:1310) ~[ozone-manager-1.4.0-SNAPSHOT.jar:?]
	at org.apache.hadoop.ozone.om.KeyManagerImpl.getFileStatus(KeyManagerImpl.java:1102) ~[ozone-manager-1.4.0-SNAPSHOT.jar:?]
	at org.apache.hadoop.ozone.om.OmMetadataReader.getFileStatus(OmMetadataReader.java:286) ~[ozone-manager-1.4.0-SNAPSHOT.jar:?]
	at org.apache.hadoop.ozone.om.OzoneManager.getFileStatus(OzoneManager.java:3499) ~[ozone-manager-1.4.0-SNAPSHOT.jar:?]
	at org.apache.hadoop.ozone.protocolPB.OzoneManagerRequestHandler.getOzoneFileStatus(OzoneManagerRequestHandler.java:950) ~[ozone-manager-1.4.0-SNAPSHOT.jar:?]
	at org.apache.hadoop.ozone.protocolPB.OzoneManagerRequestHandler.handleReadRequest(OzoneManagerRequestHandler.java:245) ~[ozone-manager-1.4.0-SNAPSHOT.jar:?]
	at org.apache.hadoop.ozone.protocolPB.OzoneManagerProtocolServerSideTranslatorPB.submitReadRequestToOM(OzoneManagerProtocolServerSideTranslatorPB.java:223) ~[ozone-manager-1.4.0-SNAPSHOT.jar:?]
	at org.apache.hadoop.ozone.protocolPB.OzoneManagerProtocolServerSideTranslatorPB.processRequest(OzoneManagerProtocolServerSideTranslatorPB.java:177) ~[ozone-manager-1.4.0-SNAPSHOT.jar:?]
	at org.apache.hadoop.hdds.server.OzoneProtocolMessageDispatcher.processRequest(OzoneProtocolMessageDispatcher.java:87) [hdds-server-framework-1.4.0-SNAPSHOT.jar:?]
	at org.apache.hadoop.ozone.protocolPB.OzoneManagerProtocolServerSideTranslatorPB.submitRequest(OzoneManagerProtocolServerSideTranslatorPB.java:147) [ozone-manager-1.4.0-SNAPSHOT.jar:?]
	at org.apache.hadoop.ozone.protocol.proto.OzoneManagerProtocolProtos$OzoneManagerService$2.callBlockingMethod(OzoneManagerProtocolProtos.java) [ozone-interface-client-1.4.0-SNAPSHOT.jar:?]
	at org.apache.hadoop.ipc.ProtobufRpcEngine$Server.processCall(ProtobufRpcEngine.java:484) [hadoop-common-3.3.5.jar:?]
	at org.apache.hadoop.ipc.ProtobufRpcEngine2$Server$ProtoBufRpcInvoker.call(ProtobufRpcEngine2.java:595) [hadoop-common-3.3.5.jar:?]
	at org.apache.hadoop.ipc.ProtobufRpcEngine2$Server$ProtoBufRpcInvoker.call(ProtobufRpcEngine2.java:573) [hadoop-common-3.3.5.jar:?]
	at org.apache.hadoop.ipc.RPC$Server.call(RPC.java:1213) [hadoop-common-3.3.5.jar:?]
	at org.apache.hadoop.ipc.Server$RpcCall.run(Server.java:1089) [hadoop-common-3.3.5.jar:?]
	at org.apache.hadoop.ipc.Server$RpcCall.run(Server.java:1012) [hadoop-common-3.3.5.jar:?]
	at java.security.AccessController.doPrivileged(Native Method) ~[?:1.8.0_372]
	at javax.security.auth.Subject.doAs(Subject.java:422) [?:1.8.0_372]
	at org.apache.hadoop.security.UserGroupInformation.doAs(UserGroupInformation.java:1899) [hadoop-common-3.3.5.jar:?]
	at org.apache.hadoop.ipc.Server$Handler.run(Server.java:3026) [hadoop-common-3.3.5.jar:?]
13:17:28.960 [IPC Server handler 2 on default port 15004] ERROR OMAudit - user=runner | ip=127.0.0.1 | op=GET_FILE_STATUS {volume=volume-30266, bucket=bucket-23633, key=.Trash/runner, dataSize=0, replicationConfig=null} | ret=FAILURE
org.apache.hadoop.ozone.om.exceptions.OMException: Unable to get file status: volume: volume-30266 bucket: bucket-23633 key: .Trash/runner
	at org.apache.hadoop.ozone.om.KeyManagerImpl.getOzoneFileStatusFSO(KeyManagerImpl.java:1310) ~[ozone-manager-1.4.0-SNAPSHOT.jar:?]
	at org.apache.hadoop.ozone.om.KeyManagerImpl.getFileStatus(KeyManagerImpl.java:1102) ~[ozone-manager-1.4.0-SNAPSHOT.jar:?]
	at org.apache.hadoop.ozone.om.OmMetadataReader.getFileStatus(OmMetadataReader.java:286) ~[ozone-manager-1.4.0-SNAPSHOT.jar:?]
	at org.apache.hadoop.ozone.om.OzoneManager.getFileStatus(OzoneManager.java:3499) ~[ozone-manager-1.4.0-SNAPSHOT.jar:?]
	at org.apache.hadoop.ozone.protocolPB.OzoneManagerRequestHandler.getOzoneFileStatus(OzoneManagerRequestHandler.java:950) ~[ozone-manager-1.4.0-SNAPSHOT.jar:?]
	at org.apache.hadoop.ozone.protocolPB.OzoneManagerRequestHandler.handleReadRequest(OzoneManagerRequestHandler.java:245) ~[ozone-manager-1.4.0-SNAPSHOT.jar:?]
	at org.apache.hadoop.ozone.protocolPB.OzoneManagerProtocolServerSideTranslatorPB.submitReadRequestToOM(OzoneManagerProtocolServerSideTranslatorPB.java:223) ~[ozone-manager-1.4.0-SNAPSHOT.jar:?]
	at org.apache.hadoop.ozone.protocolPB.OzoneManagerProtocolServerSideTranslatorPB.processRequest(OzoneManagerProtocolServerSideTranslatorPB.java:177) ~[ozone-manager-1.4.0-SNAPSHOT.jar:?]
	at org.apache.hadoop.hdds.server.OzoneProtocolMessageDispatcher.processRequest(OzoneProtocolMessageDispatcher.java:87) [hdds-server-framework-1.4.0-SNAPSHOT.jar:?]
	at org.apache.hadoop.ozone.protocolPB.OzoneManagerProtocolServerSideTranslatorPB.submitRequest(OzoneManagerProtocolServerSideTranslatorPB.java:147) [ozone-manager-1.4.0-SNAPSHOT.jar:?]
	at org.apache.hadoop.ozone.protocol.proto.OzoneManagerProtocolProtos$OzoneManagerService$2.callBlockingMethod(OzoneManagerProtocolProtos.java) [ozone-interface-client-1.4.0-SNAPSHOT.jar:?]
	at org.apache.hadoop.ipc.ProtobufRpcEngine$Server.processCall(ProtobufRpcEngine.java:484) [hadoop-common-3.3.5.jar:?]
	at org.apache.hadoop.ipc.ProtobufRpcEngine2$Server$ProtoBufRpcInvoker.call(ProtobufRpcEngine2.java:595) [hadoop-common-3.3.5.jar:?]
	at org.apache.hadoop.ipc.ProtobufRpcEngine2$Server$ProtoBufRpcInvoker.call(ProtobufRpcEngine2.java:573) [hadoop-common-3.3.5.jar:?]
	at org.apache.hadoop.ipc.RPC$Server.call(RPC.java:1213) [hadoop-common-3.3.5.jar:?]
	at org.apache.hadoop.ipc.Server$RpcCall.run(Server.java:1089) [hadoop-common-3.3.5.jar:?]
	at org.apache.hadoop.ipc.Server$RpcCall.run(Server.java:1012) [hadoop-common-3.3.5.jar:?]
	at java.security.AccessController.doPrivileged(Native Method) ~[?:1.8.0_372]
	at javax.security.auth.Subject.doAs(Subject.java:422) [?:1.8.0_372]
	at org.apache.hadoop.security.UserGroupInformation.doAs(UserGroupInformation.java:1899) [hadoop-common-3.3.5.jar:?]
	at org.apache.hadoop.ipc.Server$Handler.run(Server.java:3026) [hadoop-common-3.3.5.jar:?]
13:17:28.962 [IPC Server handler 11 on default port 15004] ERROR OMAudit - user=runner | ip=127.0.0.1 | op=GET_FILE_STATUS {volume=volume25213, bucket=bucket16617, key=.Trash/runner, dataSize=0, replicationConfig=null} | ret=FAILURE
org.apache.hadoop.ozone.om.exceptions.OMException: Unable to get file status: volume: volume25213 bucket: bucket16617 key: .Trash/runner
	at org.apache.hadoop.ozone.om.KeyManagerImpl.getOzoneFileStatusFSO(KeyManagerImpl.java:1310) ~[ozone-manager-1.4.0-SNAPSHOT.jar:?]
	at org.apache.hadoop.ozone.om.KeyManagerImpl.getFileStatus(KeyManagerImpl.java:1102) ~[ozone-manager-1.4.0-SNAPSHOT.jar:?]
	at org.apache.hadoop.ozone.om.OmMetadataReader.getFileStatus(OmMetadataReader.java:286) ~[ozone-manager-1.4.0-SNAPSHOT.jar:?]
	at org.apache.hadoop.ozone.om.OzoneManager.getFileStatus(OzoneManager.java:3499) ~[ozone-manager-1.4.0-SNAPSHOT.jar:?]
	at org.apache.hadoop.ozone.protocolPB.OzoneManagerRequestHandler.getOzoneFileStatus(OzoneManagerRequestHandler.java:950) ~[ozone-manager-1.4.0-SNAPSHOT.jar:?]
	at org.apache.hadoop.ozone.protocolPB.OzoneManagerRequestHandler.handleReadRequest(OzoneManagerRequestHandler.java:245) ~[ozone-manager-1.4.0-SNAPSHOT.jar:?]
	at org.apache.hadoop.ozone.protocolPB.OzoneManagerProtocolServerSideTranslatorPB.submitReadRequestToOM(OzoneManagerProtocolServerSideTranslatorPB.java:223) ~[ozone-manager-1.4.0-SNAPSHOT.jar:?]
	at org.apache.hadoop.ozone.protocolPB.OzoneManagerProtocolServerSideTranslatorPB.processRequest(OzoneManagerProtocolServerSideTranslatorPB.java:177) ~[ozone-manager-1.4.0-SNAPSHOT.jar:?]
	at org.apache.hadoop.hdds.server.OzoneProtocolMessageDispatcher.processRequest(OzoneProtocolMessageDispatcher.java:87) [hdds-server-framework-1.4.0-SNAPSHOT.jar:?]
	at org.apache.hadoop.ozone.protocolPB.OzoneManagerProtocolServerSideTranslatorPB.submitRequest(OzoneManagerProtocolServerSideTranslatorPB.java:147) [ozone-manager-1.4.0-SNAPSHOT.jar:?]
	at org.apache.hadoop.ozone.protocol.proto.OzoneManagerProtocolProtos$OzoneManagerService$2.callBlockingMethod(OzoneManagerProtocolProtos.java) [ozone-interface-client-1.4.0-SNAPSHOT.jar:?]
	at org.apache.hadoop.ipc.ProtobufRpcEngine$Server.processCall(ProtobufRpcEngine.java:484) [hadoop-common-3.3.5.jar:?]
	at org.apache.hadoop.ipc.ProtobufRpcEngine2$Server$ProtoBufRpcInvoker.call(ProtobufRpcEngine2.java:595) [hadoop-common-3.3.5.jar:?]
	at org.apache.hadoop.ipc.ProtobufRpcEngine2$Server$ProtoBufRpcInvoker.call(ProtobufRpcEngine2.java:573) [hadoop-common-3.3.5.jar:?]
	at org.apache.hadoop.ipc.RPC$Server.call(RPC.java:1213) [hadoop-common-3.3.5.jar:?]
	at org.apache.hadoop.ipc.Server$RpcCall.run(Server.java:1089) [hadoop-common-3.3.5.jar:?]
	at org.apache.hadoop.ipc.Server$RpcCall.run(Server.java:1012) [hadoop-common-3.3.5.jar:?]
	at java.security.AccessController.doPrivileged(Native Method) ~[?:1.8.0_372]
	at javax.security.auth.Subject.doAs(Subject.java:422) [?:1.8.0_372]
	at org.apache.hadoop.security.UserGroupInformation.doAs(UserGroupInformation.java:1899) [hadoop-common-3.3.5.jar:?]
	at org.apache.hadoop.ipc.Server$Handler.run(Server.java:3026) [hadoop-common-3.3.5.jar:?]
13:17:28.966 [IPC Server handler 17 on default port 15004] ERROR OMAudit - user=runner | ip=127.0.0.1 | op=GET_FILE_STATUS {volume=afaf26cd-9661-4d26-a038-3f0518d5b24b, bucket=945a806b-5cb8-4c19-b022-c1c1bf817262, key=.Trash, dataSize=0, replicationConfig=null} | ret=FAILURE
org.apache.hadoop.ozone.om.exceptions.OMException: Unable to get file status: volume: afaf26cd-9661-4d26-a038-3f0518d5b24b bucket: 945a806b-5cb8-4c19-b022-c1c1bf817262 key: .Trash
	at org.apache.hadoop.ozone.om.KeyManagerImpl.getOzoneFileStatus(KeyManagerImpl.java:1186) ~[ozone-manager-1.4.0-SNAPSHOT.jar:?]
	at org.apache.hadoop.ozone.om.KeyManagerImpl.getFileStatus(KeyManagerImpl.java:1104) ~[ozone-manager-1.4.0-SNAPSHOT.jar:?]
	at org.apache.hadoop.ozone.om.OmMetadataReader.getFileStatus(OmMetadataReader.java:286) ~[ozone-manager-1.4.0-SNAPSHOT.jar:?]
	at org.apache.hadoop.ozone.om.OzoneManager.getFileStatus(OzoneManager.java:3499) ~[ozone-manager-1.4.0-SNAPSHOT.jar:?]
	at org.apache.hadoop.ozone.protocolPB.OzoneManagerRequestHandler.getOzoneFileStatus(OzoneManagerRequestHandler.java:950) ~[ozone-manager-1.4.0-SNAPSHOT.jar:?]
	at org.apache.hadoop.ozone.protocolPB.OzoneManagerRequestHandler.handleReadRequest(OzoneManagerRequestHandler.java:245) ~[ozone-manager-1.4.0-SNAPSHOT.jar:?]
	at org.apache.hadoop.ozone.protocolPB.OzoneManagerProtocolServerSideTranslatorPB.submitReadRequestToOM(OzoneManagerProtocolServerSideTranslatorPB.java:223) ~[ozone-manager-1.4.0-SNAPSHOT.jar:?]
	at org.apache.hadoop.ozone.protocolPB.OzoneManagerProtocolServerSideTranslatorPB.processRequest(OzoneManagerProtocolServerSideTranslatorPB.java:177) ~[ozone-manager-1.4.0-SNAPSHOT.jar:?]
	at org.apache.hadoop.hdds.server.OzoneProtocolMessageDispatcher.processRequest(OzoneProtocolMessageDispatcher.java:87) [hdds-server-framework-1.4.0-SNAPSHOT.jar:?]
	at org.apache.hadoop.ozone.protocolPB.OzoneManagerProtocolServerSideTranslatorPB.submitRequest(OzoneManagerProtocolServerSideTranslatorPB.java:147) [ozone-manager-1.4.0-SNAPSHOT.jar:?]
	at org.apache.hadoop.ozone.protocol.proto.OzoneManagerProtocolProtos$OzoneManagerService$2.callBlockingMethod(OzoneManagerProtocolProtos.java) [ozone-interface-client-1.4.0-SNAPSHOT.jar:?]
	at org.apache.hadoop.ipc.ProtobufRpcEngine$Server.processCall(ProtobufRpcEngine.java:484) [hadoop-common-3.3.5.jar:?]
	at org.apache.hadoop.ipc.ProtobufRpcEngine2$Server$ProtoBufRpcInvoker.call(ProtobufRpcEngine2.java:595) [hadoop-common-3.3.5.jar:?]
	at org.apache.hadoop.ipc.ProtobufRpcEngine2$Server$ProtoBufRpcInvoker.call(ProtobufRpcEngine2.java:573) [hadoop-common-3.3.5.jar:?]
	at org.apache.hadoop.ipc.RPC$Server.call(RPC.java:1213) [hadoop-common-3.3.5.jar:?]
	at org.apache.hadoop.ipc.Server$RpcCall.run(Server.java:1089) [hadoop-common-3.3.5.jar:?]
	at org.apache.hadoop.ipc.Server$RpcCall.run(Server.java:1012) [hadoop-common-3.3.5.jar:?]
	at java.security.AccessController.doPrivileged(Native Method) ~[?:1.8.0_372]
	at javax.security.auth.Subject.doAs(Subject.java:422) [?:1.8.0_372]
	at org.apache.hadoop.security.UserGroupInformation.doAs(UserGroupInformation.java:1899) [hadoop-common-3.3.5.jar:?]
	at org.apache.hadoop.ipc.Server$Handler.run(Server.java:3026) [hadoop-common-3.3.5.jar:?]
13:17:28.969 [IPC Server handler 19 on default port 15004] ERROR OMAudit - user=runner | ip=127.0.0.1 | op=GET_FILE_STATUS {volume=volume-10734, bucket=bucket-06643, key=.Trash, dataSize=0, replicationConfig=null} | ret=FAILURE
org.apache.hadoop.ozone.om.exceptions.OMException: Unable to get file status: volume: volume-10734 bucket: bucket-06643 key: .Trash
	at org.apache.hadoop.ozone.om.KeyManagerImpl.getOzoneFileStatusFSO(KeyManagerImpl.java:1310) ~[ozone-manager-1.4.0-SNAPSHOT.jar:?]
	at org.apache.hadoop.ozone.om.KeyManagerImpl.getFileStatus(KeyManagerImpl.java:1102) ~[ozone-manager-1.4.0-SNAPSHOT.jar:?]
	at org.apache.hadoop.ozone.om.OmMetadataReader.getFileStatus(OmMetadataReader.java:286) ~[ozone-manager-1.4.0-SNAPSHOT.jar:?]
	at org.apache.hadoop.ozone.om.OzoneManager.getFileStatus(OzoneManager.java:3499) ~[ozone-manager-1.4.0-SNAPSHOT.jar:?]
	at org.apache.hadoop.ozone.protocolPB.OzoneManagerRequestHandler.getOzoneFileStatus(OzoneManagerRequestHandler.java:950) ~[ozone-manager-1.4.0-SNAPSHOT.jar:?]
	at org.apache.hadoop.ozone.protocolPB.OzoneManagerRequestHandler.handleReadRequest(OzoneManagerRequestHandler.java:245) ~[ozone-manager-1.4.0-SNAPSHOT.jar:?]
	at org.apache.hadoop.ozone.protocolPB.OzoneManagerProtocolServerSideTranslatorPB.submitReadRequestToOM(OzoneManagerProtocolServerSideTranslatorPB.java:223) ~[ozone-manager-1.4.0-SNAPSHOT.jar:?]
	at org.apache.hadoop.ozone.protocolPB.OzoneManagerProtocolServerSideTranslatorPB.processRequest(OzoneManagerProtocolServerSideTranslatorPB.java:177) ~[ozone-manager-1.4.0-SNAPSHOT.jar:?]
	at org.apache.hadoop.hdds.server.OzoneProtocolMessageDispatcher.processRequest(OzoneProtocolMessageDispatcher.java:87) [hdds-server-framework-1.4.0-SNAPSHOT.jar:?]
	at org.apache.hadoop.ozone.protocolPB.OzoneManagerProtocolServerSideTranslatorPB.submitRequest(OzoneManagerProtocolServerSideTranslatorPB.java:147) [ozone-manager-1.4.0-SNAPSHOT.jar:?]
	at org.apache.hadoop.ozone.protocol.proto.OzoneManagerProtocolProtos$OzoneManagerService$2.callBlockingMethod(OzoneManagerProtocolProtos.java) [ozone-interface-client-1.4.0-SNAPSHOT.jar:?]
	at org.apache.hadoop.ipc.ProtobufRpcEngine$Server.processCall(ProtobufRpcEngine.java:484) [hadoop-common-3.3.5.jar:?]
	at org.apache.hadoop.ipc.ProtobufRpcEngine2$Server$ProtoBufRpcInvoker.call(ProtobufRpcEngine2.java:595) [hadoop-common-3.3.5.jar:?]
	at org.apache.hadoop.ipc.ProtobufRpcEngine2$Server$ProtoBufRpcInvoker.call(ProtobufRpcEngine2.java:573) [hadoop-common-3.3.5.jar:?]
	at org.apache.hadoop.ipc.RPC$Server.call(RPC.java:1213) [hadoop-common-3.3.5.jar:?]
	at org.apache.hadoop.ipc.Server$RpcCall.run(Server.java:1089) [hadoop-common-3.3.5.jar:?]
	at org.apache.hadoop.ipc.Server$RpcCall.run(Server.java:1012) [hadoop-common-3.3.5.jar:?]
	at java.security.AccessController.doPrivileged(Native Method) ~[?:1.8.0_372]
	at javax.security.auth.Subject.doAs(Subject.java:422) [?:1.8.0_372]
	at org.apache.hadoop.security.UserGroupInformation.doAs(UserGroupInformation.java:1899) [hadoop-common-3.3.5.jar:?]
	at org.apache.hadoop.ipc.Server$Handler.run(Server.java:3026) [hadoop-common-3.3.5.jar:?]
13:17:28.971 [IPC Server handler 5 on default port 15004] ERROR OMAudit - user=runner | ip=127.0.0.1 | op=GET_FILE_STATUS {volume=volume-30266, bucket=bucket-23633, key=.Trash, dataSize=0, replicationConfig=null} | ret=FAILURE
org.apache.hadoop.ozone.om.exceptions.OMException: Unable to get file status: volume: volume-30266 bucket: bucket-23633 key: .Trash
	at org.apache.hadoop.ozone.om.KeyManagerImpl.getOzoneFileStatusFSO(KeyManagerImpl.java:1310) ~[ozone-manager-1.4.0-SNAPSHOT.jar:?]
	at org.apache.hadoop.ozone.om.KeyManagerImpl.getFileStatus(KeyManagerImpl.java:1102) ~[ozone-manager-1.4.0-SNAPSHOT.jar:?]
	at org.apache.hadoop.ozone.om.OmMetadataReader.getFileStatus(OmMetadataReader.java:286) ~[ozone-manager-1.4.0-SNAPSHOT.jar:?]
	at org.apache.hadoop.ozone.om.OzoneManager.getFileStatus(OzoneManager.java:3499) ~[ozone-manager-1.4.0-SNAPSHOT.jar:?]
	at org.apache.hadoop.ozone.protocolPB.OzoneManagerRequestHandler.getOzoneFileStatus(OzoneManagerRequestHandler.java:950) ~[ozone-manager-1.4.0-SNAPSHOT.jar:?]
	at org.apache.hadoop.ozone.protocolPB.OzoneManagerRequestHandler.handleReadRequest(OzoneManagerRequestHandler.java:245) ~[ozone-manager-1.4.0-SNAPSHOT.jar:?]
	at org.apache.hadoop.ozone.protocolPB.OzoneManagerProtocolServerSideTranslatorPB.submitReadRequestToOM(OzoneManagerProtocolServerSideTranslatorPB.java:223) ~[ozone-manager-1.4.0-SNAPSHOT.jar:?]
	at org.apache.hadoop.ozone.protocolPB.OzoneManagerProtocolServerSideTranslatorPB.processRequest(OzoneManagerProtocolServerSideTranslatorPB.java:177) ~[ozone-manager-1.4.0-SNAPSHOT.jar:?]
	at org.apache.hadoop.hdds.server.OzoneProtocolMessageDispatcher.processRequest(OzoneProtocolMessageDispatcher.java:87) [hdds-server-framework-1.4.0-SNAPSHOT.jar:?]
	at org.apache.hadoop.ozone.protocolPB.OzoneManagerProtocolServerSideTranslatorPB.submitRequest(OzoneManagerProtocolServerSideTranslatorPB.java:147) [ozone-manager-1.4.0-SNAPSHOT.jar:?]
	at org.apache.hadoop.ozone.protocol.proto.OzoneManagerProtocolProtos$OzoneManagerService$2.callBlockingMethod(OzoneManagerProtocolProtos.java) [ozone-interface-client-1.4.0-SNAPSHOT.jar:?]
	at org.apache.hadoop.ipc.ProtobufRpcEngine$Server.processCall(ProtobufRpcEngine.java:484) [hadoop-common-3.3.5.jar:?]
	at org.apache.hadoop.ipc.ProtobufRpcEngine2$Server$ProtoBufRpcInvoker.call(ProtobufRpcEngine2.java:595) [hadoop-common-3.3.5.jar:?]
	at org.apache.hadoop.ipc.ProtobufRpcEngine2$Server$ProtoBufRpcInvoker.call(ProtobufRpcEngine2.java:573) [hadoop-common-3.3.5.jar:?]
	at org.apache.hadoop.ipc.RPC$Server.call(RPC.java:1213) [hadoop-common-3.3.5.jar:?]
	at org.apache.hadoop.ipc.Server$RpcCall.run(Server.java:1089) [hadoop-common-3.3.5.jar:?]
	at org.apache.hadoop.ipc.Server$RpcCall.run(Server.java:1012) [hadoop-common-3.3.5.jar:?]
	at java.security.AccessController.doPrivileged(Native Method) ~[?:1.8.0_372]
	at javax.security.auth.Subject.doAs(Subject.java:422) [?:1.8.0_372]
	at org.apache.hadoop.security.UserGroupInformation.doAs(UserGroupInformation.java:1899) [hadoop-common-3.3.5.jar:?]
	at org.apache.hadoop.ipc.Server$Handler.run(Server.java:3026) [hadoop-common-3.3.5.jar:?]
13:17:28.976 [IPC Server handler 17 on default port 15004] ERROR OMAudit - user=runner | ip=127.0.0.1 | op=GET_FILE_STATUS {volume=volume48420, bucket=bucket01231, key=.Trash, dataSize=0, replicationConfig=null} | ret=FAILURE
org.apache.hadoop.ozone.om.exceptions.OMException: Unable to get file status: volume: volume48420 bucket: bucket01231 key: .Trash
	at org.apache.hadoop.ozone.om.KeyManagerImpl.getOzoneFileStatusFSO(KeyManagerImpl.java:1310) ~[ozone-manager-1.4.0-SNAPSHOT.jar:?]
	at org.apache.hadoop.ozone.om.KeyManagerImpl.getFileStatus(KeyManagerImpl.java:1102) ~[ozone-manager-1.4.0-SNAPSHOT.jar:?]
	at org.apache.hadoop.ozone.om.OmMetadataReader.getFileStatus(OmMetadataReader.java:286) ~[ozone-manager-1.4.0-SNAPSHOT.jar:?]
	at org.apache.hadoop.ozone.om.OzoneManager.getFileStatus(OzoneManager.java:3499) ~[ozone-manager-1.4.0-SNAPSHOT.jar:?]
	at org.apache.hadoop.ozone.protocolPB.OzoneManagerRequestHandler.getOzoneFileStatus(OzoneManagerRequestHandler.java:950) ~[ozone-manager-1.4.0-SNAPSHOT.jar:?]
	at org.apache.hadoop.ozone.protocolPB.OzoneManagerRequestHandler.handleReadRequest(OzoneManagerRequestHandler.java:245) ~[ozone-manager-1.4.0-SNAPSHOT.jar:?]
	at org.apache.hadoop.ozone.protocolPB.OzoneManagerProtocolServerSideTranslatorPB.submitReadRequestToOM(OzoneManagerProtocolServerSideTranslatorPB.java:223) ~[ozone-manager-1.4.0-SNAPSHOT.jar:?]
	at org.apache.hadoop.ozone.protocolPB.OzoneManagerProtocolServerSideTranslatorPB.processRequest(OzoneManagerProtocolServerSideTranslatorPB.java:177) ~[ozone-manager-1.4.0-SNAPSHOT.jar:?]
	at org.apache.hadoop.hdds.server.OzoneProtocolMessageDispatcher.processRequest(OzoneProtocolMessageDispatcher.java:87) [hdds-server-framework-1.4.0-SNAPSHOT.jar:?]
	at org.apache.hadoop.ozone.protocolPB.OzoneManagerProtocolServerSideTranslatorPB.submitRequest(OzoneManagerProtocolServerSideTranslatorPB.java:147) [ozone-manager-1.4.0-SNAPSHOT.jar:?]
	at org.apache.hadoop.ozone.protocol.proto.OzoneManagerProtocolProtos$OzoneManagerService$2.callBlockingMethod(OzoneManagerProtocolProtos.java) [ozone-interface-client-1.4.0-SNAPSHOT.jar:?]
	at org.apache.hadoop.ipc.ProtobufRpcEngine$Server.processCall(ProtobufRpcEngine.java:484) [hadoop-common-3.3.5.jar:?]
	at org.apache.hadoop.ipc.ProtobufRpcEngine2$Server$ProtoBufRpcInvoker.call(ProtobufRpcEngine2.java:595) [hadoop-common-3.3.5.jar:?]
	at org.apache.hadoop.ipc.ProtobufRpcEngine2$Server$ProtoBufRpcInvoker.call(ProtobufRpcEngine2.java:573) [hadoop-common-3.3.5.jar:?]
	at org.apache.hadoop.ipc.RPC$Server.call(RPC.java:1213) [hadoop-common-3.3.5.jar:?]
	at org.apache.hadoop.ipc.Server$RpcCall.run(Server.java:1089) [hadoop-common-3.3.5.jar:?]
	at org.apache.hadoop.ipc.Server$RpcCall.run(Server.java:1012) [hadoop-common-3.3.5.jar:?]
	at java.security.AccessController.doPrivileged(Native Method) ~[?:1.8.0_372]
	at javax.security.auth.Subject.doAs(Subject.java:422) [?:1.8.0_372]
	at org.apache.hadoop.security.UserGroupInformation.doAs(UserGroupInformation.java:1899) [hadoop-common-3.3.5.jar:?]
	at org.apache.hadoop.ipc.Server$Handler.run(Server.java:3026) [hadoop-common-3.3.5.jar:?]
]]></system-out>
  </testcase>
  <testcase name="testGetTrashRoots" classname="TestRootedOzoneFileSystemWithFSO" time="0.291">
    <system-out><![CDATA[2023-06-22 13:18:41,689 [Time-limited test] INFO  rpc.RpcClient (RpcClient.java:createVolume(459)) - Creating Volume: volume31627, with user07563 as owner and space quota set to -1 bytes, counts quota set to -1
2023-06-22 13:18:41,690 [IPC Server handler 18 on default port 15057] INFO  volume.OMVolumeCreateRequest (OMVolumeCreateRequest.java:validateAndUpdateCache(196)) - created volume:volume31627 for user:user07563
2023-06-22 13:18:41,691 [Time-limited test] INFO  rpc.RpcClient (RpcClient.java:createBucket(686)) - Creating Bucket: volume31627/bucket48843, with bucket layout FILE_SYSTEM_OPTIMIZED, runner as owner, Versioning false, Storage Type set to DISK and Encryption set to false, Replication Type set to server-side default replication type, Namespace Quota set to -1, Space Quota set to -1 
2023-06-22 13:18:41,691 [IPC Server handler 17 on default port 15057] INFO  bucket.OMBucketCreateRequest (OMBucketCreateRequest.java:validateAndUpdateCache(270)) - created bucket: bucket48843 of layout FILE_SYSTEM_OPTIMIZED in volume: volume31627
13:18:41.695 [IPC Server handler 0 on default port 15057] ERROR OMAudit - user=runner | ip=127.0.0.1 | op=GET_FILE_STATUS {volume=volume31627, bucket=bucket48843, key=.Trash/runner, dataSize=0, replicationConfig=null} | ret=FAILURE
org.apache.hadoop.ozone.om.exceptions.OMException: Unable to get file status: volume: volume31627 bucket: bucket48843 key: .Trash/runner
	at org.apache.hadoop.ozone.om.KeyManagerImpl.getOzoneFileStatusFSO(KeyManagerImpl.java:1310) ~[ozone-manager-1.4.0-SNAPSHOT.jar:?]
	at org.apache.hadoop.ozone.om.KeyManagerImpl.getFileStatus(KeyManagerImpl.java:1102) ~[ozone-manager-1.4.0-SNAPSHOT.jar:?]
	at org.apache.hadoop.ozone.om.OmMetadataReader.getFileStatus(OmMetadataReader.java:286) ~[ozone-manager-1.4.0-SNAPSHOT.jar:?]
	at org.apache.hadoop.ozone.om.OzoneManager.getFileStatus(OzoneManager.java:3499) ~[ozone-manager-1.4.0-SNAPSHOT.jar:?]
	at org.apache.hadoop.ozone.protocolPB.OzoneManagerRequestHandler.getOzoneFileStatus(OzoneManagerRequestHandler.java:950) ~[ozone-manager-1.4.0-SNAPSHOT.jar:?]
	at org.apache.hadoop.ozone.protocolPB.OzoneManagerRequestHandler.handleReadRequest(OzoneManagerRequestHandler.java:245) ~[ozone-manager-1.4.0-SNAPSHOT.jar:?]
	at org.apache.hadoop.ozone.protocolPB.OzoneManagerProtocolServerSideTranslatorPB.submitRequestDirectlyToOM(OzoneManagerProtocolServerSideTranslatorPB.java:272) ~[ozone-manager-1.4.0-SNAPSHOT.jar:?]
	at org.apache.hadoop.ozone.protocolPB.OzoneManagerProtocolServerSideTranslatorPB.processRequest(OzoneManagerProtocolServerSideTranslatorPB.java:173) ~[ozone-manager-1.4.0-SNAPSHOT.jar:?]
	at org.apache.hadoop.hdds.server.OzoneProtocolMessageDispatcher.processRequest(OzoneProtocolMessageDispatcher.java:87) [hdds-server-framework-1.4.0-SNAPSHOT.jar:?]
	at org.apache.hadoop.ozone.protocolPB.OzoneManagerProtocolServerSideTranslatorPB.submitRequest(OzoneManagerProtocolServerSideTranslatorPB.java:147) [ozone-manager-1.4.0-SNAPSHOT.jar:?]
	at org.apache.hadoop.ozone.protocol.proto.OzoneManagerProtocolProtos$OzoneManagerService$2.callBlockingMethod(OzoneManagerProtocolProtos.java) [ozone-interface-client-1.4.0-SNAPSHOT.jar:?]
	at org.apache.hadoop.ipc.ProtobufRpcEngine$Server.processCall(ProtobufRpcEngine.java:484) [hadoop-common-3.3.5.jar:?]
	at org.apache.hadoop.ipc.ProtobufRpcEngine2$Server$ProtoBufRpcInvoker.call(ProtobufRpcEngine2.java:595) [hadoop-common-3.3.5.jar:?]
	at org.apache.hadoop.ipc.ProtobufRpcEngine2$Server$ProtoBufRpcInvoker.call(ProtobufRpcEngine2.java:573) [hadoop-common-3.3.5.jar:?]
	at org.apache.hadoop.ipc.RPC$Server.call(RPC.java:1213) [hadoop-common-3.3.5.jar:?]
	at org.apache.hadoop.ipc.Server$RpcCall.run(Server.java:1089) [hadoop-common-3.3.5.jar:?]
	at org.apache.hadoop.ipc.Server$RpcCall.run(Server.java:1012) [hadoop-common-3.3.5.jar:?]
	at java.security.AccessController.doPrivileged(Native Method) ~[?:1.8.0_372]
	at javax.security.auth.Subject.doAs(Subject.java:422) [?:1.8.0_372]
	at org.apache.hadoop.security.UserGroupInformation.doAs(UserGroupInformation.java:1899) [hadoop-common-3.3.5.jar:?]
	at org.apache.hadoop.ipc.Server$Handler.run(Server.java:3026) [hadoop-common-3.3.5.jar:?]
13:18:41.697 [IPC Server handler 19 on default port 15057] ERROR OMAudit - user=runner | ip=127.0.0.1 | op=GET_FILE_STATUS {volume=1e0fb29f-2768-427c-a1d2-1165c39a292e, bucket=10f607db-6ef6-4baa-8979-68dc90e0672c, key=.Trash, dataSize=0, replicationConfig=null} | ret=FAILURE
org.apache.hadoop.ozone.om.exceptions.OMException: Unable to get file status: volume: 1e0fb29f-2768-427c-a1d2-1165c39a292e bucket: 10f607db-6ef6-4baa-8979-68dc90e0672c key: .Trash
	at org.apache.hadoop.ozone.om.KeyManagerImpl.getOzoneFileStatus(KeyManagerImpl.java:1186) ~[ozone-manager-1.4.0-SNAPSHOT.jar:?]
	at org.apache.hadoop.ozone.om.KeyManagerImpl.getFileStatus(KeyManagerImpl.java:1104) ~[ozone-manager-1.4.0-SNAPSHOT.jar:?]
	at org.apache.hadoop.ozone.om.OmMetadataReader.getFileStatus(OmMetadataReader.java:286) ~[ozone-manager-1.4.0-SNAPSHOT.jar:?]
	at org.apache.hadoop.ozone.om.OzoneManager.getFileStatus(OzoneManager.java:3499) ~[ozone-manager-1.4.0-SNAPSHOT.jar:?]
	at org.apache.hadoop.ozone.protocolPB.OzoneManagerRequestHandler.getOzoneFileStatus(OzoneManagerRequestHandler.java:950) ~[ozone-manager-1.4.0-SNAPSHOT.jar:?]
	at org.apache.hadoop.ozone.protocolPB.OzoneManagerRequestHandler.handleReadRequest(OzoneManagerRequestHandler.java:245) ~[ozone-manager-1.4.0-SNAPSHOT.jar:?]
	at org.apache.hadoop.ozone.protocolPB.OzoneManagerProtocolServerSideTranslatorPB.submitRequestDirectlyToOM(OzoneManagerProtocolServerSideTranslatorPB.java:272) ~[ozone-manager-1.4.0-SNAPSHOT.jar:?]
	at org.apache.hadoop.ozone.protocolPB.OzoneManagerProtocolServerSideTranslatorPB.processRequest(OzoneManagerProtocolServerSideTranslatorPB.java:173) ~[ozone-manager-1.4.0-SNAPSHOT.jar:?]
	at org.apache.hadoop.hdds.server.OzoneProtocolMessageDispatcher.processRequest(OzoneProtocolMessageDispatcher.java:87) [hdds-server-framework-1.4.0-SNAPSHOT.jar:?]
	at org.apache.hadoop.ozone.protocolPB.OzoneManagerProtocolServerSideTranslatorPB.submitRequest(OzoneManagerProtocolServerSideTranslatorPB.java:147) [ozone-manager-1.4.0-SNAPSHOT.jar:?]
	at org.apache.hadoop.ozone.protocol.proto.OzoneManagerProtocolProtos$OzoneManagerService$2.callBlockingMethod(OzoneManagerProtocolProtos.java) [ozone-interface-client-1.4.0-SNAPSHOT.jar:?]
	at org.apache.hadoop.ipc.ProtobufRpcEngine$Server.processCall(ProtobufRpcEngine.java:484) [hadoop-common-3.3.5.jar:?]
	at org.apache.hadoop.ipc.ProtobufRpcEngine2$Server$ProtoBufRpcInvoker.call(ProtobufRpcEngine2.java:595) [hadoop-common-3.3.5.jar:?]
	at org.apache.hadoop.ipc.ProtobufRpcEngine2$Server$ProtoBufRpcInvoker.call(ProtobufRpcEngine2.java:573) [hadoop-common-3.3.5.jar:?]
	at org.apache.hadoop.ipc.RPC$Server.call(RPC.java:1213) [hadoop-common-3.3.5.jar:?]
	at org.apache.hadoop.ipc.Server$RpcCall.run(Server.java:1089) [hadoop-common-3.3.5.jar:?]
	at org.apache.hadoop.ipc.Server$RpcCall.run(Server.java:1012) [hadoop-common-3.3.5.jar:?]
	at java.security.AccessController.doPrivileged(Native Method) ~[?:1.8.0_372]
	at javax.security.auth.Subject.doAs(Subject.java:422) [?:1.8.0_372]
	at org.apache.hadoop.security.UserGroupInformation.doAs(UserGroupInformation.java:1899) [hadoop-common-3.3.5.jar:?]
	at org.apache.hadoop.ipc.Server$Handler.run(Server.java:3026) [hadoop-common-3.3.5.jar:?]
13:18:41.705 [IPC Server handler 12 on default port 15057] ERROR OMAudit - user=runner | ip=127.0.0.1 | op=GET_FILE_STATUS {volume=volume31627, bucket=bucket48843, key=.Trash, dataSize=0, replicationConfig=null} | ret=FAILURE
org.apache.hadoop.ozone.om.exceptions.OMException: Unable to get file status: volume: volume31627 bucket: bucket48843 key: .Trash
	at org.apache.hadoop.ozone.om.KeyManagerImpl.getOzoneFileStatusFSO(KeyManagerImpl.java:1310) ~[ozone-manager-1.4.0-SNAPSHOT.jar:?]
	at org.apache.hadoop.ozone.om.KeyManagerImpl.getFileStatus(KeyManagerImpl.java:1102) ~[ozone-manager-1.4.0-SNAPSHOT.jar:?]
	at org.apache.hadoop.ozone.om.OmMetadataReader.getFileStatus(OmMetadataReader.java:286) ~[ozone-manager-1.4.0-SNAPSHOT.jar:?]
	at org.apache.hadoop.ozone.om.OzoneManager.getFileStatus(OzoneManager.java:3499) ~[ozone-manager-1.4.0-SNAPSHOT.jar:?]
	at org.apache.hadoop.ozone.protocolPB.OzoneManagerRequestHandler.getOzoneFileStatus(OzoneManagerRequestHandler.java:950) ~[ozone-manager-1.4.0-SNAPSHOT.jar:?]
	at org.apache.hadoop.ozone.protocolPB.OzoneManagerRequestHandler.handleReadRequest(OzoneManagerRequestHandler.java:245) ~[ozone-manager-1.4.0-SNAPSHOT.jar:?]
	at org.apache.hadoop.ozone.protocolPB.OzoneManagerProtocolServerSideTranslatorPB.submitRequestDirectlyToOM(OzoneManagerProtocolServerSideTranslatorPB.java:272) ~[ozone-manager-1.4.0-SNAPSHOT.jar:?]
	at org.apache.hadoop.ozone.protocolPB.OzoneManagerProtocolServerSideTranslatorPB.processRequest(OzoneManagerProtocolServerSideTranslatorPB.java:173) ~[ozone-manager-1.4.0-SNAPSHOT.jar:?]
	at org.apache.hadoop.hdds.server.OzoneProtocolMessageDispatcher.processRequest(OzoneProtocolMessageDispatcher.java:87) [hdds-server-framework-1.4.0-SNAPSHOT.jar:?]
	at org.apache.hadoop.ozone.protocolPB.OzoneManagerProtocolServerSideTranslatorPB.submitRequest(OzoneManagerProtocolServerSideTranslatorPB.java:147) [ozone-manager-1.4.0-SNAPSHOT.jar:?]
	at org.apache.hadoop.ozone.protocol.proto.OzoneManagerProtocolProtos$OzoneManagerService$2.callBlockingMethod(OzoneManagerProtocolProtos.java) [ozone-interface-client-1.4.0-SNAPSHOT.jar:?]
	at org.apache.hadoop.ipc.ProtobufRpcEngine$Server.processCall(ProtobufRpcEngine.java:484) [hadoop-common-3.3.5.jar:?]
	at org.apache.hadoop.ipc.ProtobufRpcEngine2$Server$ProtoBufRpcInvoker.call(ProtobufRpcEngine2.java:595) [hadoop-common-3.3.5.jar:?]
	at org.apache.hadoop.ipc.ProtobufRpcEngine2$Server$ProtoBufRpcInvoker.call(ProtobufRpcEngine2.java:573) [hadoop-common-3.3.5.jar:?]
	at org.apache.hadoop.ipc.RPC$Server.call(RPC.java:1213) [hadoop-common-3.3.5.jar:?]
	at org.apache.hadoop.ipc.Server$RpcCall.run(Server.java:1089) [hadoop-common-3.3.5.jar:?]
	at org.apache.hadoop.ipc.Server$RpcCall.run(Server.java:1012) [hadoop-common-3.3.5.jar:?]
	at java.security.AccessController.doPrivileged(Native Method) ~[?:1.8.0_372]
	at javax.security.auth.Subject.doAs(Subject.java:422) [?:1.8.0_372]
	at org.apache.hadoop.security.UserGroupInformation.doAs(UserGroupInformation.java:1899) [hadoop-common-3.3.5.jar:?]
	at org.apache.hadoop.ipc.Server$Handler.run(Server.java:3026) [hadoop-common-3.3.5.jar:?]
13:18:41.706 [IPC Server handler 1 on default port 15057] ERROR OMAudit - user=runner | ip=127.0.0.1 | op=GET_FILE_STATUS {volume=volume74919, bucket=bucket27337, key=.Trash, dataSize=0, replicationConfig=null} | ret=FAILURE
org.apache.hadoop.ozone.om.exceptions.OMException: Unable to get file status: volume: volume74919 bucket: bucket27337 key: .Trash
	at org.apache.hadoop.ozone.om.KeyManagerImpl.getOzoneFileStatusFSO(KeyManagerImpl.java:1310) ~[ozone-manager-1.4.0-SNAPSHOT.jar:?]
	at org.apache.hadoop.ozone.om.KeyManagerImpl.getFileStatus(KeyManagerImpl.java:1102) ~[ozone-manager-1.4.0-SNAPSHOT.jar:?]
	at org.apache.hadoop.ozone.om.OmMetadataReader.getFileStatus(OmMetadataReader.java:286) ~[ozone-manager-1.4.0-SNAPSHOT.jar:?]
	at org.apache.hadoop.ozone.om.OzoneManager.getFileStatus(OzoneManager.java:3499) ~[ozone-manager-1.4.0-SNAPSHOT.jar:?]
	at org.apache.hadoop.ozone.protocolPB.OzoneManagerRequestHandler.getOzoneFileStatus(OzoneManagerRequestHandler.java:950) ~[ozone-manager-1.4.0-SNAPSHOT.jar:?]
	at org.apache.hadoop.ozone.protocolPB.OzoneManagerRequestHandler.handleReadRequest(OzoneManagerRequestHandler.java:245) ~[ozone-manager-1.4.0-SNAPSHOT.jar:?]
	at org.apache.hadoop.ozone.protocolPB.OzoneManagerProtocolServerSideTranslatorPB.submitRequestDirectlyToOM(OzoneManagerProtocolServerSideTranslatorPB.java:272) ~[ozone-manager-1.4.0-SNAPSHOT.jar:?]
	at org.apache.hadoop.ozone.protocolPB.OzoneManagerProtocolServerSideTranslatorPB.processRequest(OzoneManagerProtocolServerSideTranslatorPB.java:173) ~[ozone-manager-1.4.0-SNAPSHOT.jar:?]
	at org.apache.hadoop.hdds.server.OzoneProtocolMessageDispatcher.processRequest(OzoneProtocolMessageDispatcher.java:87) [hdds-server-framework-1.4.0-SNAPSHOT.jar:?]
	at org.apache.hadoop.ozone.protocolPB.OzoneManagerProtocolServerSideTranslatorPB.submitRequest(OzoneManagerProtocolServerSideTranslatorPB.java:147) [ozone-manager-1.4.0-SNAPSHOT.jar:?]
	at org.apache.hadoop.ozone.protocol.proto.OzoneManagerProtocolProtos$OzoneManagerService$2.callBlockingMethod(OzoneManagerProtocolProtos.java) [ozone-interface-client-1.4.0-SNAPSHOT.jar:?]
	at org.apache.hadoop.ipc.ProtobufRpcEngine$Server.processCall(ProtobufRpcEngine.java:484) [hadoop-common-3.3.5.jar:?]
	at org.apache.hadoop.ipc.ProtobufRpcEngine2$Server$ProtoBufRpcInvoker.call(ProtobufRpcEngine2.java:595) [hadoop-common-3.3.5.jar:?]
	at org.apache.hadoop.ipc.ProtobufRpcEngine2$Server$ProtoBufRpcInvoker.call(ProtobufRpcEngine2.java:573) [hadoop-common-3.3.5.jar:?]
	at org.apache.hadoop.ipc.RPC$Server.call(RPC.java:1213) [hadoop-common-3.3.5.jar:?]
	at org.apache.hadoop.ipc.Server$RpcCall.run(Server.java:1089) [hadoop-common-3.3.5.jar:?]
	at org.apache.hadoop.ipc.Server$RpcCall.run(Server.java:1012) [hadoop-common-3.3.5.jar:?]
	at java.security.AccessController.doPrivileged(Native Method) ~[?:1.8.0_372]
	at javax.security.auth.Subject.doAs(Subject.java:422) [?:1.8.0_372]
	at org.apache.hadoop.security.UserGroupInformation.doAs(UserGroupInformation.java:1899) [hadoop-common-3.3.5.jar:?]
	at org.apache.hadoop.ipc.Server$Handler.run(Server.java:3026) [hadoop-common-3.3.5.jar:?]
13:18:41.714 [IPC Server handler 4 on default port 15057] ERROR OMAudit - user=runner | ip=127.0.0.1 | op=GET_FILE_STATUS {volume=1e0fb29f-2768-427c-a1d2-1165c39a292e, bucket=10f607db-6ef6-4baa-8979-68dc90e0672c, key=.Trash, dataSize=0, replicationConfig=null} | ret=FAILURE
org.apache.hadoop.ozone.om.exceptions.OMException: Unable to get file status: volume: 1e0fb29f-2768-427c-a1d2-1165c39a292e bucket: 10f607db-6ef6-4baa-8979-68dc90e0672c key: .Trash
	at org.apache.hadoop.ozone.om.KeyManagerImpl.getOzoneFileStatus(KeyManagerImpl.java:1186) ~[ozone-manager-1.4.0-SNAPSHOT.jar:?]
	at org.apache.hadoop.ozone.om.KeyManagerImpl.getFileStatus(KeyManagerImpl.java:1104) ~[ozone-manager-1.4.0-SNAPSHOT.jar:?]
	at org.apache.hadoop.ozone.om.OmMetadataReader.getFileStatus(OmMetadataReader.java:286) ~[ozone-manager-1.4.0-SNAPSHOT.jar:?]
	at org.apache.hadoop.ozone.om.OzoneManager.getFileStatus(OzoneManager.java:3499) ~[ozone-manager-1.4.0-SNAPSHOT.jar:?]
	at org.apache.hadoop.ozone.protocolPB.OzoneManagerRequestHandler.getOzoneFileStatus(OzoneManagerRequestHandler.java:950) ~[ozone-manager-1.4.0-SNAPSHOT.jar:?]
	at org.apache.hadoop.ozone.protocolPB.OzoneManagerRequestHandler.handleReadRequest(OzoneManagerRequestHandler.java:245) ~[ozone-manager-1.4.0-SNAPSHOT.jar:?]
	at org.apache.hadoop.ozone.protocolPB.OzoneManagerProtocolServerSideTranslatorPB.submitRequestDirectlyToOM(OzoneManagerProtocolServerSideTranslatorPB.java:272) ~[ozone-manager-1.4.0-SNAPSHOT.jar:?]
	at org.apache.hadoop.ozone.protocolPB.OzoneManagerProtocolServerSideTranslatorPB.processRequest(OzoneManagerProtocolServerSideTranslatorPB.java:173) ~[ozone-manager-1.4.0-SNAPSHOT.jar:?]
	at org.apache.hadoop.hdds.server.OzoneProtocolMessageDispatcher.processRequest(OzoneProtocolMessageDispatcher.java:87) [hdds-server-framework-1.4.0-SNAPSHOT.jar:?]
	at org.apache.hadoop.ozone.protocolPB.OzoneManagerProtocolServerSideTranslatorPB.submitRequest(OzoneManagerProtocolServerSideTranslatorPB.java:147) [ozone-manager-1.4.0-SNAPSHOT.jar:?]
	at org.apache.hadoop.ozone.protocol.proto.OzoneManagerProtocolProtos$OzoneManagerService$2.callBlockingMethod(OzoneManagerProtocolProtos.java) [ozone-interface-client-1.4.0-SNAPSHOT.jar:?]
	at org.apache.hadoop.ipc.ProtobufRpcEngine$Server.processCall(ProtobufRpcEngine.java:484) [hadoop-common-3.3.5.jar:?]
	at org.apache.hadoop.ipc.ProtobufRpcEngine2$Server$ProtoBufRpcInvoker.call(ProtobufRpcEngine2.java:595) [hadoop-common-3.3.5.jar:?]
	at org.apache.hadoop.ipc.ProtobufRpcEngine2$Server$ProtoBufRpcInvoker.call(ProtobufRpcEngine2.java:573) [hadoop-common-3.3.5.jar:?]
	at org.apache.hadoop.ipc.RPC$Server.call(RPC.java:1213) [hadoop-common-3.3.5.jar:?]
	at org.apache.hadoop.ipc.Server$RpcCall.run(Server.java:1089) [hadoop-common-3.3.5.jar:?]
	at org.apache.hadoop.ipc.Server$RpcCall.run(Server.java:1012) [hadoop-common-3.3.5.jar:?]
	at java.security.AccessController.doPrivileged(Native Method) ~[?:1.8.0_372]
	at javax.security.auth.Subject.doAs(Subject.java:422) [?:1.8.0_372]
	at org.apache.hadoop.security.UserGroupInformation.doAs(UserGroupInformation.java:1899) [hadoop-common-3.3.5.jar:?]
	at org.apache.hadoop.ipc.Server$Handler.run(Server.java:3026) [hadoop-common-3.3.5.jar:?]
13:18:41.719 [IPC Server handler 15 on default port 15057] ERROR OMAudit - user=runner | ip=127.0.0.1 | op=GET_FILE_STATUS {volume=volume74919, bucket=bucket27337, key=.Trash, dataSize=0, replicationConfig=null} | ret=FAILURE
org.apache.hadoop.ozone.om.exceptions.OMException: Unable to get file status: volume: volume74919 bucket: bucket27337 key: .Trash
	at org.apache.hadoop.ozone.om.KeyManagerImpl.getOzoneFileStatusFSO(KeyManagerImpl.java:1310) ~[ozone-manager-1.4.0-SNAPSHOT.jar:?]
	at org.apache.hadoop.ozone.om.KeyManagerImpl.getFileStatus(KeyManagerImpl.java:1102) ~[ozone-manager-1.4.0-SNAPSHOT.jar:?]
	at org.apache.hadoop.ozone.om.OmMetadataReader.getFileStatus(OmMetadataReader.java:286) ~[ozone-manager-1.4.0-SNAPSHOT.jar:?]
	at org.apache.hadoop.ozone.om.OzoneManager.getFileStatus(OzoneManager.java:3499) ~[ozone-manager-1.4.0-SNAPSHOT.jar:?]
	at org.apache.hadoop.ozone.protocolPB.OzoneManagerRequestHandler.getOzoneFileStatus(OzoneManagerRequestHandler.java:950) ~[ozone-manager-1.4.0-SNAPSHOT.jar:?]
	at org.apache.hadoop.ozone.protocolPB.OzoneManagerRequestHandler.handleReadRequest(OzoneManagerRequestHandler.java:245) ~[ozone-manager-1.4.0-SNAPSHOT.jar:?]
	at org.apache.hadoop.ozone.protocolPB.OzoneManagerProtocolServerSideTranslatorPB.submitRequestDirectlyToOM(OzoneManagerProtocolServerSideTranslatorPB.java:272) ~[ozone-manager-1.4.0-SNAPSHOT.jar:?]
	at org.apache.hadoop.ozone.protocolPB.OzoneManagerProtocolServerSideTranslatorPB.processRequest(OzoneManagerProtocolServerSideTranslatorPB.java:173) ~[ozone-manager-1.4.0-SNAPSHOT.jar:?]
	at org.apache.hadoop.hdds.server.OzoneProtocolMessageDispatcher.processRequest(OzoneProtocolMessageDispatcher.java:87) [hdds-server-framework-1.4.0-SNAPSHOT.jar:?]
	at org.apache.hadoop.ozone.protocolPB.OzoneManagerProtocolServerSideTranslatorPB.submitRequest(OzoneManagerProtocolServerSideTranslatorPB.java:147) [ozone-manager-1.4.0-SNAPSHOT.jar:?]
	at org.apache.hadoop.ozone.protocol.proto.OzoneManagerProtocolProtos$OzoneManagerService$2.callBlockingMethod(OzoneManagerProtocolProtos.java) [ozone-interface-client-1.4.0-SNAPSHOT.jar:?]
	at org.apache.hadoop.ipc.ProtobufRpcEngine$Server.processCall(ProtobufRpcEngine.java:484) [hadoop-common-3.3.5.jar:?]
	at org.apache.hadoop.ipc.ProtobufRpcEngine2$Server$ProtoBufRpcInvoker.call(ProtobufRpcEngine2.java:595) [hadoop-common-3.3.5.jar:?]
	at org.apache.hadoop.ipc.ProtobufRpcEngine2$Server$ProtoBufRpcInvoker.call(ProtobufRpcEngine2.java:573) [hadoop-common-3.3.5.jar:?]
	at org.apache.hadoop.ipc.RPC$Server.call(RPC.java:1213) [hadoop-common-3.3.5.jar:?]
	at org.apache.hadoop.ipc.Server$RpcCall.run(Server.java:1089) [hadoop-common-3.3.5.jar:?]
	at org.apache.hadoop.ipc.Server$RpcCall.run(Server.java:1012) [hadoop-common-3.3.5.jar:?]
	at java.security.AccessController.doPrivileged(Native Method) ~[?:1.8.0_372]
	at javax.security.auth.Subject.doAs(Subject.java:422) [?:1.8.0_372]
	at org.apache.hadoop.security.UserGroupInformation.doAs(UserGroupInformation.java:1899) [hadoop-common-3.3.5.jar:?]
	at org.apache.hadoop.ipc.Server$Handler.run(Server.java:3026) [hadoop-common-3.3.5.jar:?]
13:18:41.727 [IPC Server handler 19 on default port 15057] ERROR OMAudit - user=runner | ip=127.0.0.1 | op=GET_FILE_STATUS {volume=1e0fb29f-2768-427c-a1d2-1165c39a292e, bucket=10f607db-6ef6-4baa-8979-68dc90e0672c, key=.Trash, dataSize=0, replicationConfig=null} | ret=FAILURE
org.apache.hadoop.ozone.om.exceptions.OMException: Unable to get file status: volume: 1e0fb29f-2768-427c-a1d2-1165c39a292e bucket: 10f607db-6ef6-4baa-8979-68dc90e0672c key: .Trash
	at org.apache.hadoop.ozone.om.KeyManagerImpl.getOzoneFileStatus(KeyManagerImpl.java:1186) ~[ozone-manager-1.4.0-SNAPSHOT.jar:?]
	at org.apache.hadoop.ozone.om.KeyManagerImpl.getFileStatus(KeyManagerImpl.java:1104) ~[ozone-manager-1.4.0-SNAPSHOT.jar:?]
	at org.apache.hadoop.ozone.om.OmMetadataReader.getFileStatus(OmMetadataReader.java:286) ~[ozone-manager-1.4.0-SNAPSHOT.jar:?]
	at org.apache.hadoop.ozone.om.OzoneManager.getFileStatus(OzoneManager.java:3499) ~[ozone-manager-1.4.0-SNAPSHOT.jar:?]
	at org.apache.hadoop.ozone.protocolPB.OzoneManagerRequestHandler.getOzoneFileStatus(OzoneManagerRequestHandler.java:950) ~[ozone-manager-1.4.0-SNAPSHOT.jar:?]
	at org.apache.hadoop.ozone.protocolPB.OzoneManagerRequestHandler.handleReadRequest(OzoneManagerRequestHandler.java:245) ~[ozone-manager-1.4.0-SNAPSHOT.jar:?]
	at org.apache.hadoop.ozone.protocolPB.OzoneManagerProtocolServerSideTranslatorPB.submitRequestDirectlyToOM(OzoneManagerProtocolServerSideTranslatorPB.java:272) ~[ozone-manager-1.4.0-SNAPSHOT.jar:?]
	at org.apache.hadoop.ozone.protocolPB.OzoneManagerProtocolServerSideTranslatorPB.processRequest(OzoneManagerProtocolServerSideTranslatorPB.java:173) ~[ozone-manager-1.4.0-SNAPSHOT.jar:?]
	at org.apache.hadoop.hdds.server.OzoneProtocolMessageDispatcher.processRequest(OzoneProtocolMessageDispatcher.java:87) [hdds-server-framework-1.4.0-SNAPSHOT.jar:?]
	at org.apache.hadoop.ozone.protocolPB.OzoneManagerProtocolServerSideTranslatorPB.submitRequest(OzoneManagerProtocolServerSideTranslatorPB.java:147) [ozone-manager-1.4.0-SNAPSHOT.jar:?]
	at org.apache.hadoop.ozone.protocol.proto.OzoneManagerProtocolProtos$OzoneManagerService$2.callBlockingMethod(OzoneManagerProtocolProtos.java) [ozone-interface-client-1.4.0-SNAPSHOT.jar:?]
	at org.apache.hadoop.ipc.ProtobufRpcEngine$Server.processCall(ProtobufRpcEngine.java:484) [hadoop-common-3.3.5.jar:?]
	at org.apache.hadoop.ipc.ProtobufRpcEngine2$Server$ProtoBufRpcInvoker.call(ProtobufRpcEngine2.java:595) [hadoop-common-3.3.5.jar:?]
	at org.apache.hadoop.ipc.ProtobufRpcEngine2$Server$ProtoBufRpcInvoker.call(ProtobufRpcEngine2.java:573) [hadoop-common-3.3.5.jar:?]
	at org.apache.hadoop.ipc.RPC$Server.call(RPC.java:1213) [hadoop-common-3.3.5.jar:?]
	at org.apache.hadoop.ipc.Server$RpcCall.run(Server.java:1089) [hadoop-common-3.3.5.jar:?]
	at org.apache.hadoop.ipc.Server$RpcCall.run(Server.java:1012) [hadoop-common-3.3.5.jar:?]
	at java.security.AccessController.doPrivileged(Native Method) ~[?:1.8.0_372]
	at javax.security.auth.Subject.doAs(Subject.java:422) [?:1.8.0_372]
	at org.apache.hadoop.security.UserGroupInformation.doAs(UserGroupInformation.java:1899) [hadoop-common-3.3.5.jar:?]
	at org.apache.hadoop.ipc.Server$Handler.run(Server.java:3026) [hadoop-common-3.3.5.jar:?]
13:18:41.732 [IPC Server handler 7 on default port 15057] ERROR OMAudit - user=runner | ip=127.0.0.1 | op=GET_FILE_STATUS {volume=volume74919, bucket=bucket27337, key=.Trash, dataSize=0, replicationConfig=null} | ret=FAILURE
org.apache.hadoop.ozone.om.exceptions.OMException: Unable to get file status: volume: volume74919 bucket: bucket27337 key: .Trash
	at org.apache.hadoop.ozone.om.KeyManagerImpl.getOzoneFileStatusFSO(KeyManagerImpl.java:1310) ~[ozone-manager-1.4.0-SNAPSHOT.jar:?]
	at org.apache.hadoop.ozone.om.KeyManagerImpl.getFileStatus(KeyManagerImpl.java:1102) ~[ozone-manager-1.4.0-SNAPSHOT.jar:?]
	at org.apache.hadoop.ozone.om.OmMetadataReader.getFileStatus(OmMetadataReader.java:286) ~[ozone-manager-1.4.0-SNAPSHOT.jar:?]
	at org.apache.hadoop.ozone.om.OzoneManager.getFileStatus(OzoneManager.java:3499) ~[ozone-manager-1.4.0-SNAPSHOT.jar:?]
	at org.apache.hadoop.ozone.protocolPB.OzoneManagerRequestHandler.getOzoneFileStatus(OzoneManagerRequestHandler.java:950) ~[ozone-manager-1.4.0-SNAPSHOT.jar:?]
	at org.apache.hadoop.ozone.protocolPB.OzoneManagerRequestHandler.handleReadRequest(OzoneManagerRequestHandler.java:245) ~[ozone-manager-1.4.0-SNAPSHOT.jar:?]
	at org.apache.hadoop.ozone.protocolPB.OzoneManagerProtocolServerSideTranslatorPB.submitRequestDirectlyToOM(OzoneManagerProtocolServerSideTranslatorPB.java:272) ~[ozone-manager-1.4.0-SNAPSHOT.jar:?]
	at org.apache.hadoop.ozone.protocolPB.OzoneManagerProtocolServerSideTranslatorPB.processRequest(OzoneManagerProtocolServerSideTranslatorPB.java:173) ~[ozone-manager-1.4.0-SNAPSHOT.jar:?]
	at org.apache.hadoop.hdds.server.OzoneProtocolMessageDispatcher.processRequest(OzoneProtocolMessageDispatcher.java:87) [hdds-server-framework-1.4.0-SNAPSHOT.jar:?]
	at org.apache.hadoop.ozone.protocolPB.OzoneManagerProtocolServerSideTranslatorPB.submitRequest(OzoneManagerProtocolServerSideTranslatorPB.java:147) [ozone-manager-1.4.0-SNAPSHOT.jar:?]
	at org.apache.hadoop.ozone.protocol.proto.OzoneManagerProtocolProtos$OzoneManagerService$2.callBlockingMethod(OzoneManagerProtocolProtos.java) [ozone-interface-client-1.4.0-SNAPSHOT.jar:?]
	at org.apache.hadoop.ipc.ProtobufRpcEngine$Server.processCall(ProtobufRpcEngine.java:484) [hadoop-common-3.3.5.jar:?]
	at org.apache.hadoop.ipc.ProtobufRpcEngine2$Server$ProtoBufRpcInvoker.call(ProtobufRpcEngine2.java:595) [hadoop-common-3.3.5.jar:?]
	at org.apache.hadoop.ipc.ProtobufRpcEngine2$Server$ProtoBufRpcInvoker.call(ProtobufRpcEngine2.java:573) [hadoop-common-3.3.5.jar:?]
	at org.apache.hadoop.ipc.RPC$Server.call(RPC.java:1213) [hadoop-common-3.3.5.jar:?]
	at org.apache.hadoop.ipc.Server$RpcCall.run(Server.java:1089) [hadoop-common-3.3.5.jar:?]
	at org.apache.hadoop.ipc.Server$RpcCall.run(Server.java:1012) [hadoop-common-3.3.5.jar:?]
	at java.security.AccessController.doPrivileged(Native Method) ~[?:1.8.0_372]
	at javax.security.auth.Subject.doAs(Subject.java:422) [?:1.8.0_372]
	at org.apache.hadoop.security.UserGroupInformation.doAs(UserGroupInformation.java:1899) [hadoop-common-3.3.5.jar:?]
	at org.apache.hadoop.ipc.Server$Handler.run(Server.java:3026) [hadoop-common-3.3.5.jar:?]
2023-06-22 13:18:41,733 [Time-limited test] INFO  rpc.RpcClient (RpcClient.java:createBucket(686)) - Creating Bucket: volume31627/trashroottest2, with bucket layout FILE_SYSTEM_OPTIMIZED, runner as owner, Versioning false, Storage Type set to DISK and Encryption set to false, Replication Type set to server-side default replication type, Namespace Quota set to -1, Space Quota set to -1 
2023-06-22 13:18:41,734 [IPC Server handler 10 on default port 15057] INFO  bucket.OMBucketCreateRequest (OMBucketCreateRequest.java:validateAndUpdateCache(270)) - created bucket: trashroottest2 of layout FILE_SYSTEM_OPTIMIZED in volume: volume31627
13:18:41.780 [IPC Server handler 19 on default port 15057] ERROR OMAudit - user=runner | ip=127.0.0.1 | op=GET_FILE_STATUS {volume=1e0fb29f-2768-427c-a1d2-1165c39a292e, bucket=10f607db-6ef6-4baa-8979-68dc90e0672c, key=.Trash, dataSize=0, replicationConfig=null} | ret=FAILURE
org.apache.hadoop.ozone.om.exceptions.OMException: Unable to get file status: volume: 1e0fb29f-2768-427c-a1d2-1165c39a292e bucket: 10f607db-6ef6-4baa-8979-68dc90e0672c key: .Trash
	at org.apache.hadoop.ozone.om.KeyManagerImpl.getOzoneFileStatus(KeyManagerImpl.java:1186) ~[ozone-manager-1.4.0-SNAPSHOT.jar:?]
	at org.apache.hadoop.ozone.om.KeyManagerImpl.getFileStatus(KeyManagerImpl.java:1104) ~[ozone-manager-1.4.0-SNAPSHOT.jar:?]
	at org.apache.hadoop.ozone.om.OmMetadataReader.getFileStatus(OmMetadataReader.java:286) ~[ozone-manager-1.4.0-SNAPSHOT.jar:?]
	at org.apache.hadoop.ozone.om.OzoneManager.getFileStatus(OzoneManager.java:3499) ~[ozone-manager-1.4.0-SNAPSHOT.jar:?]
	at org.apache.hadoop.ozone.protocolPB.OzoneManagerRequestHandler.getOzoneFileStatus(OzoneManagerRequestHandler.java:950) ~[ozone-manager-1.4.0-SNAPSHOT.jar:?]
	at org.apache.hadoop.ozone.protocolPB.OzoneManagerRequestHandler.handleReadRequest(OzoneManagerRequestHandler.java:245) ~[ozone-manager-1.4.0-SNAPSHOT.jar:?]
	at org.apache.hadoop.ozone.protocolPB.OzoneManagerProtocolServerSideTranslatorPB.submitRequestDirectlyToOM(OzoneManagerProtocolServerSideTranslatorPB.java:272) ~[ozone-manager-1.4.0-SNAPSHOT.jar:?]
	at org.apache.hadoop.ozone.protocolPB.OzoneManagerProtocolServerSideTranslatorPB.processRequest(OzoneManagerProtocolServerSideTranslatorPB.java:173) ~[ozone-manager-1.4.0-SNAPSHOT.jar:?]
	at org.apache.hadoop.hdds.server.OzoneProtocolMessageDispatcher.processRequest(OzoneProtocolMessageDispatcher.java:87) [hdds-server-framework-1.4.0-SNAPSHOT.jar:?]
	at org.apache.hadoop.ozone.protocolPB.OzoneManagerProtocolServerSideTranslatorPB.submitRequest(OzoneManagerProtocolServerSideTranslatorPB.java:147) [ozone-manager-1.4.0-SNAPSHOT.jar:?]
	at org.apache.hadoop.ozone.protocol.proto.OzoneManagerProtocolProtos$OzoneManagerService$2.callBlockingMethod(OzoneManagerProtocolProtos.java) [ozone-interface-client-1.4.0-SNAPSHOT.jar:?]
	at org.apache.hadoop.ipc.ProtobufRpcEngine$Server.processCall(ProtobufRpcEngine.java:484) [hadoop-common-3.3.5.jar:?]
	at org.apache.hadoop.ipc.ProtobufRpcEngine2$Server$ProtoBufRpcInvoker.call(ProtobufRpcEngine2.java:595) [hadoop-common-3.3.5.jar:?]
	at org.apache.hadoop.ipc.ProtobufRpcEngine2$Server$ProtoBufRpcInvoker.call(ProtobufRpcEngine2.java:573) [hadoop-common-3.3.5.jar:?]
	at org.apache.hadoop.ipc.RPC$Server.call(RPC.java:1213) [hadoop-common-3.3.5.jar:?]
	at org.apache.hadoop.ipc.Server$RpcCall.run(Server.java:1089) [hadoop-common-3.3.5.jar:?]
	at org.apache.hadoop.ipc.Server$RpcCall.run(Server.java:1012) [hadoop-common-3.3.5.jar:?]
	at java.security.AccessController.doPrivileged(Native Method) ~[?:1.8.0_372]
	at javax.security.auth.Subject.doAs(Subject.java:422) [?:1.8.0_372]
	at org.apache.hadoop.security.UserGroupInformation.doAs(UserGroupInformation.java:1899) [hadoop-common-3.3.5.jar:?]
	at org.apache.hadoop.ipc.Server$Handler.run(Server.java:3026) [hadoop-common-3.3.5.jar:?]
13:18:41.789 [IPC Server handler 15 on default port 15057] ERROR OMAudit - user=runner | ip=127.0.0.1 | op=GET_FILE_STATUS {volume=volume74919, bucket=bucket27337, key=.Trash, dataSize=0, replicationConfig=null} | ret=FAILURE
org.apache.hadoop.ozone.om.exceptions.OMException: Unable to get file status: volume: volume74919 bucket: bucket27337 key: .Trash
	at org.apache.hadoop.ozone.om.KeyManagerImpl.getOzoneFileStatusFSO(KeyManagerImpl.java:1310) ~[ozone-manager-1.4.0-SNAPSHOT.jar:?]
	at org.apache.hadoop.ozone.om.KeyManagerImpl.getFileStatus(KeyManagerImpl.java:1102) ~[ozone-manager-1.4.0-SNAPSHOT.jar:?]
	at org.apache.hadoop.ozone.om.OmMetadataReader.getFileStatus(OmMetadataReader.java:286) ~[ozone-manager-1.4.0-SNAPSHOT.jar:?]
	at org.apache.hadoop.ozone.om.OzoneManager.getFileStatus(OzoneManager.java:3499) ~[ozone-manager-1.4.0-SNAPSHOT.jar:?]
	at org.apache.hadoop.ozone.protocolPB.OzoneManagerRequestHandler.getOzoneFileStatus(OzoneManagerRequestHandler.java:950) ~[ozone-manager-1.4.0-SNAPSHOT.jar:?]
	at org.apache.hadoop.ozone.protocolPB.OzoneManagerRequestHandler.handleReadRequest(OzoneManagerRequestHandler.java:245) ~[ozone-manager-1.4.0-SNAPSHOT.jar:?]
	at org.apache.hadoop.ozone.protocolPB.OzoneManagerProtocolServerSideTranslatorPB.submitRequestDirectlyToOM(OzoneManagerProtocolServerSideTranslatorPB.java:272) ~[ozone-manager-1.4.0-SNAPSHOT.jar:?]
	at org.apache.hadoop.ozone.protocolPB.OzoneManagerProtocolServerSideTranslatorPB.processRequest(OzoneManagerProtocolServerSideTranslatorPB.java:173) ~[ozone-manager-1.4.0-SNAPSHOT.jar:?]
	at org.apache.hadoop.hdds.server.OzoneProtocolMessageDispatcher.processRequest(OzoneProtocolMessageDispatcher.java:87) [hdds-server-framework-1.4.0-SNAPSHOT.jar:?]
	at org.apache.hadoop.ozone.protocolPB.OzoneManagerProtocolServerSideTranslatorPB.submitRequest(OzoneManagerProtocolServerSideTranslatorPB.java:147) [ozone-manager-1.4.0-SNAPSHOT.jar:?]
	at org.apache.hadoop.ozone.protocol.proto.OzoneManagerProtocolProtos$OzoneManagerService$2.callBlockingMethod(OzoneManagerProtocolProtos.java) [ozone-interface-client-1.4.0-SNAPSHOT.jar:?]
	at org.apache.hadoop.ipc.ProtobufRpcEngine$Server.processCall(ProtobufRpcEngine.java:484) [hadoop-common-3.3.5.jar:?]
	at org.apache.hadoop.ipc.ProtobufRpcEngine2$Server$ProtoBufRpcInvoker.call(ProtobufRpcEngine2.java:595) [hadoop-common-3.3.5.jar:?]
	at org.apache.hadoop.ipc.ProtobufRpcEngine2$Server$ProtoBufRpcInvoker.call(ProtobufRpcEngine2.java:573) [hadoop-common-3.3.5.jar:?]
	at org.apache.hadoop.ipc.RPC$Server.call(RPC.java:1213) [hadoop-common-3.3.5.jar:?]
	at org.apache.hadoop.ipc.Server$RpcCall.run(Server.java:1089) [hadoop-common-3.3.5.jar:?]
	at org.apache.hadoop.ipc.Server$RpcCall.run(Server.java:1012) [hadoop-common-3.3.5.jar:?]
	at java.security.AccessController.doPrivileged(Native Method) ~[?:1.8.0_372]
	at javax.security.auth.Subject.doAs(Subject.java:422) [?:1.8.0_372]
	at org.apache.hadoop.security.UserGroupInformation.doAs(UserGroupInformation.java:1899) [hadoop-common-3.3.5.jar:?]
	at org.apache.hadoop.ipc.Server$Handler.run(Server.java:3026) [hadoop-common-3.3.5.jar:?]
13:18:41.800 [IPC Server handler 2 on default port 15057] ERROR OMAudit - user=runner | ip=127.0.0.1 | op=GET_FILE_STATUS {volume=1e0fb29f-2768-427c-a1d2-1165c39a292e, bucket=10f607db-6ef6-4baa-8979-68dc90e0672c, key=.Trash, dataSize=0, replicationConfig=null} | ret=FAILURE
org.apache.hadoop.ozone.om.exceptions.OMException: Unable to get file status: volume: 1e0fb29f-2768-427c-a1d2-1165c39a292e bucket: 10f607db-6ef6-4baa-8979-68dc90e0672c key: .Trash
	at org.apache.hadoop.ozone.om.KeyManagerImpl.getOzoneFileStatus(KeyManagerImpl.java:1186) ~[ozone-manager-1.4.0-SNAPSHOT.jar:?]
	at org.apache.hadoop.ozone.om.KeyManagerImpl.getFileStatus(KeyManagerImpl.java:1104) ~[ozone-manager-1.4.0-SNAPSHOT.jar:?]
	at org.apache.hadoop.ozone.om.OmMetadataReader.getFileStatus(OmMetadataReader.java:286) ~[ozone-manager-1.4.0-SNAPSHOT.jar:?]
	at org.apache.hadoop.ozone.om.OzoneManager.getFileStatus(OzoneManager.java:3499) ~[ozone-manager-1.4.0-SNAPSHOT.jar:?]
	at org.apache.hadoop.ozone.protocolPB.OzoneManagerRequestHandler.getOzoneFileStatus(OzoneManagerRequestHandler.java:950) ~[ozone-manager-1.4.0-SNAPSHOT.jar:?]
	at org.apache.hadoop.ozone.protocolPB.OzoneManagerRequestHandler.handleReadRequest(OzoneManagerRequestHandler.java:245) ~[ozone-manager-1.4.0-SNAPSHOT.jar:?]
	at org.apache.hadoop.ozone.protocolPB.OzoneManagerProtocolServerSideTranslatorPB.submitRequestDirectlyToOM(OzoneManagerProtocolServerSideTranslatorPB.java:272) ~[ozone-manager-1.4.0-SNAPSHOT.jar:?]
	at org.apache.hadoop.ozone.protocolPB.OzoneManagerProtocolServerSideTranslatorPB.processRequest(OzoneManagerProtocolServerSideTranslatorPB.java:173) ~[ozone-manager-1.4.0-SNAPSHOT.jar:?]
	at org.apache.hadoop.hdds.server.OzoneProtocolMessageDispatcher.processRequest(OzoneProtocolMessageDispatcher.java:87) [hdds-server-framework-1.4.0-SNAPSHOT.jar:?]
	at org.apache.hadoop.ozone.protocolPB.OzoneManagerProtocolServerSideTranslatorPB.submitRequest(OzoneManagerProtocolServerSideTranslatorPB.java:147) [ozone-manager-1.4.0-SNAPSHOT.jar:?]
	at org.apache.hadoop.ozone.protocol.proto.OzoneManagerProtocolProtos$OzoneManagerService$2.callBlockingMethod(OzoneManagerProtocolProtos.java) [ozone-interface-client-1.4.0-SNAPSHOT.jar:?]
	at org.apache.hadoop.ipc.ProtobufRpcEngine$Server.processCall(ProtobufRpcEngine.java:484) [hadoop-common-3.3.5.jar:?]
	at org.apache.hadoop.ipc.ProtobufRpcEngine2$Server$ProtoBufRpcInvoker.call(ProtobufRpcEngine2.java:595) [hadoop-common-3.3.5.jar:?]
	at org.apache.hadoop.ipc.ProtobufRpcEngine2$Server$ProtoBufRpcInvoker.call(ProtobufRpcEngine2.java:573) [hadoop-common-3.3.5.jar:?]
	at org.apache.hadoop.ipc.RPC$Server.call(RPC.java:1213) [hadoop-common-3.3.5.jar:?]
	at org.apache.hadoop.ipc.Server$RpcCall.run(Server.java:1089) [hadoop-common-3.3.5.jar:?]
	at org.apache.hadoop.ipc.Server$RpcCall.run(Server.java:1012) [hadoop-common-3.3.5.jar:?]
	at java.security.AccessController.doPrivileged(Native Method) ~[?:1.8.0_372]
	at javax.security.auth.Subject.doAs(Subject.java:422) [?:1.8.0_372]
	at org.apache.hadoop.security.UserGroupInformation.doAs(UserGroupInformation.java:1899) [hadoop-common-3.3.5.jar:?]
	at org.apache.hadoop.ipc.Server$Handler.run(Server.java:3026) [hadoop-common-3.3.5.jar:?]
13:18:41.807 [IPC Server handler 0 on default port 15057] ERROR OMAudit - user=runner | ip=127.0.0.1 | op=GET_FILE_STATUS {volume=volume74919, bucket=bucket27337, key=.Trash, dataSize=0, replicationConfig=null} | ret=FAILURE
org.apache.hadoop.ozone.om.exceptions.OMException: Unable to get file status: volume: volume74919 bucket: bucket27337 key: .Trash
	at org.apache.hadoop.ozone.om.KeyManagerImpl.getOzoneFileStatusFSO(KeyManagerImpl.java:1310) ~[ozone-manager-1.4.0-SNAPSHOT.jar:?]
	at org.apache.hadoop.ozone.om.KeyManagerImpl.getFileStatus(KeyManagerImpl.java:1102) ~[ozone-manager-1.4.0-SNAPSHOT.jar:?]
	at org.apache.hadoop.ozone.om.OmMetadataReader.getFileStatus(OmMetadataReader.java:286) ~[ozone-manager-1.4.0-SNAPSHOT.jar:?]
	at org.apache.hadoop.ozone.om.OzoneManager.getFileStatus(OzoneManager.java:3499) ~[ozone-manager-1.4.0-SNAPSHOT.jar:?]
	at org.apache.hadoop.ozone.protocolPB.OzoneManagerRequestHandler.getOzoneFileStatus(OzoneManagerRequestHandler.java:950) ~[ozone-manager-1.4.0-SNAPSHOT.jar:?]
	at org.apache.hadoop.ozone.protocolPB.OzoneManagerRequestHandler.handleReadRequest(OzoneManagerRequestHandler.java:245) ~[ozone-manager-1.4.0-SNAPSHOT.jar:?]
	at org.apache.hadoop.ozone.protocolPB.OzoneManagerProtocolServerSideTranslatorPB.submitRequestDirectlyToOM(OzoneManagerProtocolServerSideTranslatorPB.java:272) ~[ozone-manager-1.4.0-SNAPSHOT.jar:?]
	at org.apache.hadoop.ozone.protocolPB.OzoneManagerProtocolServerSideTranslatorPB.processRequest(OzoneManagerProtocolServerSideTranslatorPB.java:173) ~[ozone-manager-1.4.0-SNAPSHOT.jar:?]
	at org.apache.hadoop.hdds.server.OzoneProtocolMessageDispatcher.processRequest(OzoneProtocolMessageDispatcher.java:87) [hdds-server-framework-1.4.0-SNAPSHOT.jar:?]
	at org.apache.hadoop.ozone.protocolPB.OzoneManagerProtocolServerSideTranslatorPB.submitRequest(OzoneManagerProtocolServerSideTranslatorPB.java:147) [ozone-manager-1.4.0-SNAPSHOT.jar:?]
	at org.apache.hadoop.ozone.protocol.proto.OzoneManagerProtocolProtos$OzoneManagerService$2.callBlockingMethod(OzoneManagerProtocolProtos.java) [ozone-interface-client-1.4.0-SNAPSHOT.jar:?]
	at org.apache.hadoop.ipc.ProtobufRpcEngine$Server.processCall(ProtobufRpcEngine.java:484) [hadoop-common-3.3.5.jar:?]
	at org.apache.hadoop.ipc.ProtobufRpcEngine2$Server$ProtoBufRpcInvoker.call(ProtobufRpcEngine2.java:595) [hadoop-common-3.3.5.jar:?]
	at org.apache.hadoop.ipc.ProtobufRpcEngine2$Server$ProtoBufRpcInvoker.call(ProtobufRpcEngine2.java:573) [hadoop-common-3.3.5.jar:?]
	at org.apache.hadoop.ipc.RPC$Server.call(RPC.java:1213) [hadoop-common-3.3.5.jar:?]
	at org.apache.hadoop.ipc.Server$RpcCall.run(Server.java:1089) [hadoop-common-3.3.5.jar:?]
	at org.apache.hadoop.ipc.Server$RpcCall.run(Server.java:1012) [hadoop-common-3.3.5.jar:?]
	at java.security.AccessController.doPrivileged(Native Method) ~[?:1.8.0_372]
	at javax.security.auth.Subject.doAs(Subject.java:422) [?:1.8.0_372]
	at org.apache.hadoop.security.UserGroupInformation.doAs(UserGroupInformation.java:1899) [hadoop-common-3.3.5.jar:?]
	at org.apache.hadoop.ipc.Server$Handler.run(Server.java:3026) [hadoop-common-3.3.5.jar:?]
2023-06-22 13:18:41,822 [Time-limited test] INFO  rpc.RpcClient (RpcClient.java:createVolume(459)) - Creating Volume: volume71936, with user26460 as owner and space quota set to -1 bytes, counts quota set to -1
2023-06-22 13:18:41,822 [IPC Server handler 8 on default port 15057] INFO  volume.OMVolumeCreateRequest (OMVolumeCreateRequest.java:validateAndUpdateCache(196)) - created volume:volume71936 for user:user26460
2023-06-22 13:18:41,824 [Time-limited test] INFO  rpc.RpcClient (RpcClient.java:createBucket(686)) - Creating Bucket: volume71936/bucket43760, with bucket layout FILE_SYSTEM_OPTIMIZED, runner as owner, Versioning false, Storage Type set to DISK and Encryption set to false, Replication Type set to server-side default replication type, Namespace Quota set to -1, Space Quota set to -1 
2023-06-22 13:18:41,824 [IPC Server handler 10 on default port 15057] INFO  bucket.OMBucketCreateRequest (OMBucketCreateRequest.java:validateAndUpdateCache(270)) - created bucket: bucket43760 of layout FILE_SYSTEM_OPTIMIZED in volume: volume71936
13:18:41.837 [IPC Server handler 2 on default port 15057] ERROR OMAudit - user=runner | ip=127.0.0.1 | op=GET_FILE_STATUS {volume=1e0fb29f-2768-427c-a1d2-1165c39a292e, bucket=10f607db-6ef6-4baa-8979-68dc90e0672c, key=.Trash, dataSize=0, replicationConfig=null} | ret=FAILURE
org.apache.hadoop.ozone.om.exceptions.OMException: Unable to get file status: volume: 1e0fb29f-2768-427c-a1d2-1165c39a292e bucket: 10f607db-6ef6-4baa-8979-68dc90e0672c key: .Trash
	at org.apache.hadoop.ozone.om.KeyManagerImpl.getOzoneFileStatus(KeyManagerImpl.java:1186) ~[ozone-manager-1.4.0-SNAPSHOT.jar:?]
	at org.apache.hadoop.ozone.om.KeyManagerImpl.getFileStatus(KeyManagerImpl.java:1104) ~[ozone-manager-1.4.0-SNAPSHOT.jar:?]
	at org.apache.hadoop.ozone.om.OmMetadataReader.getFileStatus(OmMetadataReader.java:286) ~[ozone-manager-1.4.0-SNAPSHOT.jar:?]
	at org.apache.hadoop.ozone.om.OzoneManager.getFileStatus(OzoneManager.java:3499) ~[ozone-manager-1.4.0-SNAPSHOT.jar:?]
	at org.apache.hadoop.ozone.protocolPB.OzoneManagerRequestHandler.getOzoneFileStatus(OzoneManagerRequestHandler.java:950) ~[ozone-manager-1.4.0-SNAPSHOT.jar:?]
	at org.apache.hadoop.ozone.protocolPB.OzoneManagerRequestHandler.handleReadRequest(OzoneManagerRequestHandler.java:245) ~[ozone-manager-1.4.0-SNAPSHOT.jar:?]
	at org.apache.hadoop.ozone.protocolPB.OzoneManagerProtocolServerSideTranslatorPB.submitRequestDirectlyToOM(OzoneManagerProtocolServerSideTranslatorPB.java:272) ~[ozone-manager-1.4.0-SNAPSHOT.jar:?]
	at org.apache.hadoop.ozone.protocolPB.OzoneManagerProtocolServerSideTranslatorPB.processRequest(OzoneManagerProtocolServerSideTranslatorPB.java:173) ~[ozone-manager-1.4.0-SNAPSHOT.jar:?]
	at org.apache.hadoop.hdds.server.OzoneProtocolMessageDispatcher.processRequest(OzoneProtocolMessageDispatcher.java:87) [hdds-server-framework-1.4.0-SNAPSHOT.jar:?]
	at org.apache.hadoop.ozone.protocolPB.OzoneManagerProtocolServerSideTranslatorPB.submitRequest(OzoneManagerProtocolServerSideTranslatorPB.java:147) [ozone-manager-1.4.0-SNAPSHOT.jar:?]
	at org.apache.hadoop.ozone.protocol.proto.OzoneManagerProtocolProtos$OzoneManagerService$2.callBlockingMethod(OzoneManagerProtocolProtos.java) [ozone-interface-client-1.4.0-SNAPSHOT.jar:?]
	at org.apache.hadoop.ipc.ProtobufRpcEngine$Server.processCall(ProtobufRpcEngine.java:484) [hadoop-common-3.3.5.jar:?]
	at org.apache.hadoop.ipc.ProtobufRpcEngine2$Server$ProtoBufRpcInvoker.call(ProtobufRpcEngine2.java:595) [hadoop-common-3.3.5.jar:?]
	at org.apache.hadoop.ipc.ProtobufRpcEngine2$Server$ProtoBufRpcInvoker.call(ProtobufRpcEngine2.java:573) [hadoop-common-3.3.5.jar:?]
	at org.apache.hadoop.ipc.RPC$Server.call(RPC.java:1213) [hadoop-common-3.3.5.jar:?]
	at org.apache.hadoop.ipc.Server$RpcCall.run(Server.java:1089) [hadoop-common-3.3.5.jar:?]
	at org.apache.hadoop.ipc.Server$RpcCall.run(Server.java:1012) [hadoop-common-3.3.5.jar:?]
	at java.security.AccessController.doPrivileged(Native Method) ~[?:1.8.0_372]
	at javax.security.auth.Subject.doAs(Subject.java:422) [?:1.8.0_372]
	at org.apache.hadoop.security.UserGroupInformation.doAs(UserGroupInformation.java:1899) [hadoop-common-3.3.5.jar:?]
	at org.apache.hadoop.ipc.Server$Handler.run(Server.java:3026) [hadoop-common-3.3.5.jar:?]
13:18:41.848 [IPC Server handler 15 on default port 15057] ERROR OMAudit - user=runner | ip=127.0.0.1 | op=GET_FILE_STATUS {volume=volume74919, bucket=bucket27337, key=.Trash, dataSize=0, replicationConfig=null} | ret=FAILURE
org.apache.hadoop.ozone.om.exceptions.OMException: Unable to get file status: volume: volume74919 bucket: bucket27337 key: .Trash
	at org.apache.hadoop.ozone.om.KeyManagerImpl.getOzoneFileStatusFSO(KeyManagerImpl.java:1310) ~[ozone-manager-1.4.0-SNAPSHOT.jar:?]
	at org.apache.hadoop.ozone.om.KeyManagerImpl.getFileStatus(KeyManagerImpl.java:1102) ~[ozone-manager-1.4.0-SNAPSHOT.jar:?]
	at org.apache.hadoop.ozone.om.OmMetadataReader.getFileStatus(OmMetadataReader.java:286) ~[ozone-manager-1.4.0-SNAPSHOT.jar:?]
	at org.apache.hadoop.ozone.om.OzoneManager.getFileStatus(OzoneManager.java:3499) ~[ozone-manager-1.4.0-SNAPSHOT.jar:?]
	at org.apache.hadoop.ozone.protocolPB.OzoneManagerRequestHandler.getOzoneFileStatus(OzoneManagerRequestHandler.java:950) ~[ozone-manager-1.4.0-SNAPSHOT.jar:?]
	at org.apache.hadoop.ozone.protocolPB.OzoneManagerRequestHandler.handleReadRequest(OzoneManagerRequestHandler.java:245) ~[ozone-manager-1.4.0-SNAPSHOT.jar:?]
	at org.apache.hadoop.ozone.protocolPB.OzoneManagerProtocolServerSideTranslatorPB.submitRequestDirectlyToOM(OzoneManagerProtocolServerSideTranslatorPB.java:272) ~[ozone-manager-1.4.0-SNAPSHOT.jar:?]
	at org.apache.hadoop.ozone.protocolPB.OzoneManagerProtocolServerSideTranslatorPB.processRequest(OzoneManagerProtocolServerSideTranslatorPB.java:173) ~[ozone-manager-1.4.0-SNAPSHOT.jar:?]
	at org.apache.hadoop.hdds.server.OzoneProtocolMessageDispatcher.processRequest(OzoneProtocolMessageDispatcher.java:87) [hdds-server-framework-1.4.0-SNAPSHOT.jar:?]
	at org.apache.hadoop.ozone.protocolPB.OzoneManagerProtocolServerSideTranslatorPB.submitRequest(OzoneManagerProtocolServerSideTranslatorPB.java:147) [ozone-manager-1.4.0-SNAPSHOT.jar:?]
	at org.apache.hadoop.ozone.protocol.proto.OzoneManagerProtocolProtos$OzoneManagerService$2.callBlockingMethod(OzoneManagerProtocolProtos.java) [ozone-interface-client-1.4.0-SNAPSHOT.jar:?]
	at org.apache.hadoop.ipc.ProtobufRpcEngine$Server.processCall(ProtobufRpcEngine.java:484) [hadoop-common-3.3.5.jar:?]
	at org.apache.hadoop.ipc.ProtobufRpcEngine2$Server$ProtoBufRpcInvoker.call(ProtobufRpcEngine2.java:595) [hadoop-common-3.3.5.jar:?]
	at org.apache.hadoop.ipc.ProtobufRpcEngine2$Server$ProtoBufRpcInvoker.call(ProtobufRpcEngine2.java:573) [hadoop-common-3.3.5.jar:?]
	at org.apache.hadoop.ipc.RPC$Server.call(RPC.java:1213) [hadoop-common-3.3.5.jar:?]
	at org.apache.hadoop.ipc.Server$RpcCall.run(Server.java:1089) [hadoop-common-3.3.5.jar:?]
	at org.apache.hadoop.ipc.Server$RpcCall.run(Server.java:1012) [hadoop-common-3.3.5.jar:?]
	at java.security.AccessController.doPrivileged(Native Method) ~[?:1.8.0_372]
	at javax.security.auth.Subject.doAs(Subject.java:422) [?:1.8.0_372]
	at org.apache.hadoop.security.UserGroupInformation.doAs(UserGroupInformation.java:1899) [hadoop-common-3.3.5.jar:?]
	at org.apache.hadoop.ipc.Server$Handler.run(Server.java:3026) [hadoop-common-3.3.5.jar:?]
13:18:41.859 [IPC Server handler 3 on default port 15057] ERROR OMAudit - user=runner | ip=127.0.0.1 | op=GET_FILE_STATUS {volume=1e0fb29f-2768-427c-a1d2-1165c39a292e, bucket=10f607db-6ef6-4baa-8979-68dc90e0672c, key=.Trash, dataSize=0, replicationConfig=null} | ret=FAILURE
org.apache.hadoop.ozone.om.exceptions.OMException: Unable to get file status: volume: 1e0fb29f-2768-427c-a1d2-1165c39a292e bucket: 10f607db-6ef6-4baa-8979-68dc90e0672c key: .Trash
	at org.apache.hadoop.ozone.om.KeyManagerImpl.getOzoneFileStatus(KeyManagerImpl.java:1186) ~[ozone-manager-1.4.0-SNAPSHOT.jar:?]
	at org.apache.hadoop.ozone.om.KeyManagerImpl.getFileStatus(KeyManagerImpl.java:1104) ~[ozone-manager-1.4.0-SNAPSHOT.jar:?]
	at org.apache.hadoop.ozone.om.OmMetadataReader.getFileStatus(OmMetadataReader.java:286) ~[ozone-manager-1.4.0-SNAPSHOT.jar:?]
	at org.apache.hadoop.ozone.om.OzoneManager.getFileStatus(OzoneManager.java:3499) ~[ozone-manager-1.4.0-SNAPSHOT.jar:?]
	at org.apache.hadoop.ozone.protocolPB.OzoneManagerRequestHandler.getOzoneFileStatus(OzoneManagerRequestHandler.java:950) ~[ozone-manager-1.4.0-SNAPSHOT.jar:?]
	at org.apache.hadoop.ozone.protocolPB.OzoneManagerRequestHandler.handleReadRequest(OzoneManagerRequestHandler.java:245) ~[ozone-manager-1.4.0-SNAPSHOT.jar:?]
	at org.apache.hadoop.ozone.protocolPB.OzoneManagerProtocolServerSideTranslatorPB.submitRequestDirectlyToOM(OzoneManagerProtocolServerSideTranslatorPB.java:272) ~[ozone-manager-1.4.0-SNAPSHOT.jar:?]
	at org.apache.hadoop.ozone.protocolPB.OzoneManagerProtocolServerSideTranslatorPB.processRequest(OzoneManagerProtocolServerSideTranslatorPB.java:173) ~[ozone-manager-1.4.0-SNAPSHOT.jar:?]
	at org.apache.hadoop.hdds.server.OzoneProtocolMessageDispatcher.processRequest(OzoneProtocolMessageDispatcher.java:87) [hdds-server-framework-1.4.0-SNAPSHOT.jar:?]
	at org.apache.hadoop.ozone.protocolPB.OzoneManagerProtocolServerSideTranslatorPB.submitRequest(OzoneManagerProtocolServerSideTranslatorPB.java:147) [ozone-manager-1.4.0-SNAPSHOT.jar:?]
	at org.apache.hadoop.ozone.protocol.proto.OzoneManagerProtocolProtos$OzoneManagerService$2.callBlockingMethod(OzoneManagerProtocolProtos.java) [ozone-interface-client-1.4.0-SNAPSHOT.jar:?]
	at org.apache.hadoop.ipc.ProtobufRpcEngine$Server.processCall(ProtobufRpcEngine.java:484) [hadoop-common-3.3.5.jar:?]
	at org.apache.hadoop.ipc.ProtobufRpcEngine2$Server$ProtoBufRpcInvoker.call(ProtobufRpcEngine2.java:595) [hadoop-common-3.3.5.jar:?]
	at org.apache.hadoop.ipc.ProtobufRpcEngine2$Server$ProtoBufRpcInvoker.call(ProtobufRpcEngine2.java:573) [hadoop-common-3.3.5.jar:?]
	at org.apache.hadoop.ipc.RPC$Server.call(RPC.java:1213) [hadoop-common-3.3.5.jar:?]
	at org.apache.hadoop.ipc.Server$RpcCall.run(Server.java:1089) [hadoop-common-3.3.5.jar:?]
	at org.apache.hadoop.ipc.Server$RpcCall.run(Server.java:1012) [hadoop-common-3.3.5.jar:?]
	at java.security.AccessController.doPrivileged(Native Method) ~[?:1.8.0_372]
	at javax.security.auth.Subject.doAs(Subject.java:422) [?:1.8.0_372]
	at org.apache.hadoop.security.UserGroupInformation.doAs(UserGroupInformation.java:1899) [hadoop-common-3.3.5.jar:?]
	at org.apache.hadoop.ipc.Server$Handler.run(Server.java:3026) [hadoop-common-3.3.5.jar:?]
13:18:41.873 [IPC Server handler 12 on default port 15057] ERROR OMAudit - user=runner | ip=127.0.0.1 | op=GET_FILE_STATUS {volume=volume74919, bucket=bucket27337, key=.Trash, dataSize=0, replicationConfig=null} | ret=FAILURE
org.apache.hadoop.ozone.om.exceptions.OMException: Unable to get file status: volume: volume74919 bucket: bucket27337 key: .Trash
	at org.apache.hadoop.ozone.om.KeyManagerImpl.getOzoneFileStatusFSO(KeyManagerImpl.java:1310) ~[ozone-manager-1.4.0-SNAPSHOT.jar:?]
	at org.apache.hadoop.ozone.om.KeyManagerImpl.getFileStatus(KeyManagerImpl.java:1102) ~[ozone-manager-1.4.0-SNAPSHOT.jar:?]
	at org.apache.hadoop.ozone.om.OmMetadataReader.getFileStatus(OmMetadataReader.java:286) ~[ozone-manager-1.4.0-SNAPSHOT.jar:?]
	at org.apache.hadoop.ozone.om.OzoneManager.getFileStatus(OzoneManager.java:3499) ~[ozone-manager-1.4.0-SNAPSHOT.jar:?]
	at org.apache.hadoop.ozone.protocolPB.OzoneManagerRequestHandler.getOzoneFileStatus(OzoneManagerRequestHandler.java:950) ~[ozone-manager-1.4.0-SNAPSHOT.jar:?]
	at org.apache.hadoop.ozone.protocolPB.OzoneManagerRequestHandler.handleReadRequest(OzoneManagerRequestHandler.java:245) ~[ozone-manager-1.4.0-SNAPSHOT.jar:?]
	at org.apache.hadoop.ozone.protocolPB.OzoneManagerProtocolServerSideTranslatorPB.submitRequestDirectlyToOM(OzoneManagerProtocolServerSideTranslatorPB.java:272) ~[ozone-manager-1.4.0-SNAPSHOT.jar:?]
	at org.apache.hadoop.ozone.protocolPB.OzoneManagerProtocolServerSideTranslatorPB.processRequest(OzoneManagerProtocolServerSideTranslatorPB.java:173) ~[ozone-manager-1.4.0-SNAPSHOT.jar:?]
	at org.apache.hadoop.hdds.server.OzoneProtocolMessageDispatcher.processRequest(OzoneProtocolMessageDispatcher.java:87) [hdds-server-framework-1.4.0-SNAPSHOT.jar:?]
	at org.apache.hadoop.ozone.protocolPB.OzoneManagerProtocolServerSideTranslatorPB.submitRequest(OzoneManagerProtocolServerSideTranslatorPB.java:147) [ozone-manager-1.4.0-SNAPSHOT.jar:?]
	at org.apache.hadoop.ozone.protocol.proto.OzoneManagerProtocolProtos$OzoneManagerService$2.callBlockingMethod(OzoneManagerProtocolProtos.java) [ozone-interface-client-1.4.0-SNAPSHOT.jar:?]
	at org.apache.hadoop.ipc.ProtobufRpcEngine$Server.processCall(ProtobufRpcEngine.java:484) [hadoop-common-3.3.5.jar:?]
	at org.apache.hadoop.ipc.ProtobufRpcEngine2$Server$ProtoBufRpcInvoker.call(ProtobufRpcEngine2.java:595) [hadoop-common-3.3.5.jar:?]
	at org.apache.hadoop.ipc.ProtobufRpcEngine2$Server$ProtoBufRpcInvoker.call(ProtobufRpcEngine2.java:573) [hadoop-common-3.3.5.jar:?]
	at org.apache.hadoop.ipc.RPC$Server.call(RPC.java:1213) [hadoop-common-3.3.5.jar:?]
	at org.apache.hadoop.ipc.Server$RpcCall.run(Server.java:1089) [hadoop-common-3.3.5.jar:?]
	at org.apache.hadoop.ipc.Server$RpcCall.run(Server.java:1012) [hadoop-common-3.3.5.jar:?]
	at java.security.AccessController.doPrivileged(Native Method) ~[?:1.8.0_372]
	at javax.security.auth.Subject.doAs(Subject.java:422) [?:1.8.0_372]
	at org.apache.hadoop.security.UserGroupInformation.doAs(UserGroupInformation.java:1899) [hadoop-common-3.3.5.jar:?]
	at org.apache.hadoop.ipc.Server$Handler.run(Server.java:3026) [hadoop-common-3.3.5.jar:?]
13:18:41.877 [IPC Server handler 8 on default port 15057] ERROR OMAudit - user=runner | ip=127.0.0.1 | op=GET_FILE_STATUS {volume=volume71936, bucket=bucket43760, key=.Trash/runner, dataSize=0, replicationConfig=null} | ret=FAILURE
org.apache.hadoop.ozone.om.exceptions.OMException: Unable to get file status: volume: volume71936 bucket: bucket43760 key: .Trash/runner
	at org.apache.hadoop.ozone.om.KeyManagerImpl.getOzoneFileStatusFSO(KeyManagerImpl.java:1310) ~[ozone-manager-1.4.0-SNAPSHOT.jar:?]
	at org.apache.hadoop.ozone.om.KeyManagerImpl.getFileStatus(KeyManagerImpl.java:1102) ~[ozone-manager-1.4.0-SNAPSHOT.jar:?]
	at org.apache.hadoop.ozone.om.OmMetadataReader.getFileStatus(OmMetadataReader.java:286) ~[ozone-manager-1.4.0-SNAPSHOT.jar:?]
	at org.apache.hadoop.ozone.om.OzoneManager.getFileStatus(OzoneManager.java:3499) ~[ozone-manager-1.4.0-SNAPSHOT.jar:?]
	at org.apache.hadoop.ozone.protocolPB.OzoneManagerRequestHandler.getOzoneFileStatus(OzoneManagerRequestHandler.java:950) ~[ozone-manager-1.4.0-SNAPSHOT.jar:?]
	at org.apache.hadoop.ozone.protocolPB.OzoneManagerRequestHandler.handleReadRequest(OzoneManagerRequestHandler.java:245) ~[ozone-manager-1.4.0-SNAPSHOT.jar:?]
	at org.apache.hadoop.ozone.protocolPB.OzoneManagerProtocolServerSideTranslatorPB.submitRequestDirectlyToOM(OzoneManagerProtocolServerSideTranslatorPB.java:272) ~[ozone-manager-1.4.0-SNAPSHOT.jar:?]
	at org.apache.hadoop.ozone.protocolPB.OzoneManagerProtocolServerSideTranslatorPB.processRequest(OzoneManagerProtocolServerSideTranslatorPB.java:173) ~[ozone-manager-1.4.0-SNAPSHOT.jar:?]
	at org.apache.hadoop.hdds.server.OzoneProtocolMessageDispatcher.processRequest(OzoneProtocolMessageDispatcher.java:87) [hdds-server-framework-1.4.0-SNAPSHOT.jar:?]
	at org.apache.hadoop.ozone.protocolPB.OzoneManagerProtocolServerSideTranslatorPB.submitRequest(OzoneManagerProtocolServerSideTranslatorPB.java:147) [ozone-manager-1.4.0-SNAPSHOT.jar:?]
	at org.apache.hadoop.ozone.protocol.proto.OzoneManagerProtocolProtos$OzoneManagerService$2.callBlockingMethod(OzoneManagerProtocolProtos.java) [ozone-interface-client-1.4.0-SNAPSHOT.jar:?]
	at org.apache.hadoop.ipc.ProtobufRpcEngine$Server.processCall(ProtobufRpcEngine.java:484) [hadoop-common-3.3.5.jar:?]
	at org.apache.hadoop.ipc.ProtobufRpcEngine2$Server$ProtoBufRpcInvoker.call(ProtobufRpcEngine2.java:595) [hadoop-common-3.3.5.jar:?]
	at org.apache.hadoop.ipc.ProtobufRpcEngine2$Server$ProtoBufRpcInvoker.call(ProtobufRpcEngine2.java:573) [hadoop-common-3.3.5.jar:?]
	at org.apache.hadoop.ipc.RPC$Server.call(RPC.java:1213) [hadoop-common-3.3.5.jar:?]
	at org.apache.hadoop.ipc.Server$RpcCall.run(Server.java:1089) [hadoop-common-3.3.5.jar:?]
	at org.apache.hadoop.ipc.Server$RpcCall.run(Server.java:1012) [hadoop-common-3.3.5.jar:?]
	at java.security.AccessController.doPrivileged(Native Method) ~[?:1.8.0_372]
	at javax.security.auth.Subject.doAs(Subject.java:422) [?:1.8.0_372]
	at org.apache.hadoop.security.UserGroupInformation.doAs(UserGroupInformation.java:1899) [hadoop-common-3.3.5.jar:?]
	at org.apache.hadoop.ipc.Server$Handler.run(Server.java:3026) [hadoop-common-3.3.5.jar:?]
13:18:41.885 [IPC Server handler 9 on default port 15057] ERROR OMAudit - user=runner | ip=127.0.0.1 | op=GET_FILE_STATUS {volume=1e0fb29f-2768-427c-a1d2-1165c39a292e, bucket=10f607db-6ef6-4baa-8979-68dc90e0672c, key=.Trash, dataSize=0, replicationConfig=null} | ret=FAILURE
org.apache.hadoop.ozone.om.exceptions.OMException: Unable to get file status: volume: 1e0fb29f-2768-427c-a1d2-1165c39a292e bucket: 10f607db-6ef6-4baa-8979-68dc90e0672c key: .Trash
	at org.apache.hadoop.ozone.om.KeyManagerImpl.getOzoneFileStatus(KeyManagerImpl.java:1186) ~[ozone-manager-1.4.0-SNAPSHOT.jar:?]
	at org.apache.hadoop.ozone.om.KeyManagerImpl.getFileStatus(KeyManagerImpl.java:1104) ~[ozone-manager-1.4.0-SNAPSHOT.jar:?]
	at org.apache.hadoop.ozone.om.OmMetadataReader.getFileStatus(OmMetadataReader.java:286) ~[ozone-manager-1.4.0-SNAPSHOT.jar:?]
	at org.apache.hadoop.ozone.om.OzoneManager.getFileStatus(OzoneManager.java:3499) ~[ozone-manager-1.4.0-SNAPSHOT.jar:?]
	at org.apache.hadoop.ozone.protocolPB.OzoneManagerRequestHandler.getOzoneFileStatus(OzoneManagerRequestHandler.java:950) ~[ozone-manager-1.4.0-SNAPSHOT.jar:?]
	at org.apache.hadoop.ozone.protocolPB.OzoneManagerRequestHandler.handleReadRequest(OzoneManagerRequestHandler.java:245) ~[ozone-manager-1.4.0-SNAPSHOT.jar:?]
	at org.apache.hadoop.ozone.protocolPB.OzoneManagerProtocolServerSideTranslatorPB.submitRequestDirectlyToOM(OzoneManagerProtocolServerSideTranslatorPB.java:272) ~[ozone-manager-1.4.0-SNAPSHOT.jar:?]
	at org.apache.hadoop.ozone.protocolPB.OzoneManagerProtocolServerSideTranslatorPB.processRequest(OzoneManagerProtocolServerSideTranslatorPB.java:173) ~[ozone-manager-1.4.0-SNAPSHOT.jar:?]
	at org.apache.hadoop.hdds.server.OzoneProtocolMessageDispatcher.processRequest(OzoneProtocolMessageDispatcher.java:87) [hdds-server-framework-1.4.0-SNAPSHOT.jar:?]
	at org.apache.hadoop.ozone.protocolPB.OzoneManagerProtocolServerSideTranslatorPB.submitRequest(OzoneManagerProtocolServerSideTranslatorPB.java:147) [ozone-manager-1.4.0-SNAPSHOT.jar:?]
	at org.apache.hadoop.ozone.protocol.proto.OzoneManagerProtocolProtos$OzoneManagerService$2.callBlockingMethod(OzoneManagerProtocolProtos.java) [ozone-interface-client-1.4.0-SNAPSHOT.jar:?]
	at org.apache.hadoop.ipc.ProtobufRpcEngine$Server.processCall(ProtobufRpcEngine.java:484) [hadoop-common-3.3.5.jar:?]
	at org.apache.hadoop.ipc.ProtobufRpcEngine2$Server$ProtoBufRpcInvoker.call(ProtobufRpcEngine2.java:595) [hadoop-common-3.3.5.jar:?]
	at org.apache.hadoop.ipc.ProtobufRpcEngine2$Server$ProtoBufRpcInvoker.call(ProtobufRpcEngine2.java:573) [hadoop-common-3.3.5.jar:?]
	at org.apache.hadoop.ipc.RPC$Server.call(RPC.java:1213) [hadoop-common-3.3.5.jar:?]
	at org.apache.hadoop.ipc.Server$RpcCall.run(Server.java:1089) [hadoop-common-3.3.5.jar:?]
	at org.apache.hadoop.ipc.Server$RpcCall.run(Server.java:1012) [hadoop-common-3.3.5.jar:?]
	at java.security.AccessController.doPrivileged(Native Method) ~[?:1.8.0_372]
	at javax.security.auth.Subject.doAs(Subject.java:422) [?:1.8.0_372]
	at org.apache.hadoop.security.UserGroupInformation.doAs(UserGroupInformation.java:1899) [hadoop-common-3.3.5.jar:?]
	at org.apache.hadoop.ipc.Server$Handler.run(Server.java:3026) [hadoop-common-3.3.5.jar:?]
13:18:41.892 [IPC Server handler 10 on default port 15057] ERROR OMAudit - user=runner | ip=127.0.0.1 | op=GET_FILE_STATUS {volume=volume71936, bucket=bucket43760, key=.Trash, dataSize=0, replicationConfig=null} | ret=FAILURE
org.apache.hadoop.ozone.om.exceptions.OMException: Unable to get file status: volume: volume71936 bucket: bucket43760 key: .Trash
	at org.apache.hadoop.ozone.om.KeyManagerImpl.getOzoneFileStatusFSO(KeyManagerImpl.java:1310) ~[ozone-manager-1.4.0-SNAPSHOT.jar:?]
	at org.apache.hadoop.ozone.om.KeyManagerImpl.getFileStatus(KeyManagerImpl.java:1102) ~[ozone-manager-1.4.0-SNAPSHOT.jar:?]
	at org.apache.hadoop.ozone.om.OmMetadataReader.getFileStatus(OmMetadataReader.java:286) ~[ozone-manager-1.4.0-SNAPSHOT.jar:?]
	at org.apache.hadoop.ozone.om.OzoneManager.getFileStatus(OzoneManager.java:3499) ~[ozone-manager-1.4.0-SNAPSHOT.jar:?]
	at org.apache.hadoop.ozone.protocolPB.OzoneManagerRequestHandler.getOzoneFileStatus(OzoneManagerRequestHandler.java:950) ~[ozone-manager-1.4.0-SNAPSHOT.jar:?]
	at org.apache.hadoop.ozone.protocolPB.OzoneManagerRequestHandler.handleReadRequest(OzoneManagerRequestHandler.java:245) ~[ozone-manager-1.4.0-SNAPSHOT.jar:?]
	at org.apache.hadoop.ozone.protocolPB.OzoneManagerProtocolServerSideTranslatorPB.submitRequestDirectlyToOM(OzoneManagerProtocolServerSideTranslatorPB.java:272) ~[ozone-manager-1.4.0-SNAPSHOT.jar:?]
	at org.apache.hadoop.ozone.protocolPB.OzoneManagerProtocolServerSideTranslatorPB.processRequest(OzoneManagerProtocolServerSideTranslatorPB.java:173) ~[ozone-manager-1.4.0-SNAPSHOT.jar:?]
	at org.apache.hadoop.hdds.server.OzoneProtocolMessageDispatcher.processRequest(OzoneProtocolMessageDispatcher.java:87) [hdds-server-framework-1.4.0-SNAPSHOT.jar:?]
	at org.apache.hadoop.ozone.protocolPB.OzoneManagerProtocolServerSideTranslatorPB.submitRequest(OzoneManagerProtocolServerSideTranslatorPB.java:147) [ozone-manager-1.4.0-SNAPSHOT.jar:?]
	at org.apache.hadoop.ozone.protocol.proto.OzoneManagerProtocolProtos$OzoneManagerService$2.callBlockingMethod(OzoneManagerProtocolProtos.java) [ozone-interface-client-1.4.0-SNAPSHOT.jar:?]
	at org.apache.hadoop.ipc.ProtobufRpcEngine$Server.processCall(ProtobufRpcEngine.java:484) [hadoop-common-3.3.5.jar:?]
	at org.apache.hadoop.ipc.ProtobufRpcEngine2$Server$ProtoBufRpcInvoker.call(ProtobufRpcEngine2.java:595) [hadoop-common-3.3.5.jar:?]
	at org.apache.hadoop.ipc.ProtobufRpcEngine2$Server$ProtoBufRpcInvoker.call(ProtobufRpcEngine2.java:573) [hadoop-common-3.3.5.jar:?]
	at org.apache.hadoop.ipc.RPC$Server.call(RPC.java:1213) [hadoop-common-3.3.5.jar:?]
	at org.apache.hadoop.ipc.Server$RpcCall.run(Server.java:1089) [hadoop-common-3.3.5.jar:?]
	at org.apache.hadoop.ipc.Server$RpcCall.run(Server.java:1012) [hadoop-common-3.3.5.jar:?]
	at java.security.AccessController.doPrivileged(Native Method) ~[?:1.8.0_372]
	at javax.security.auth.Subject.doAs(Subject.java:422) [?:1.8.0_372]
	at org.apache.hadoop.security.UserGroupInformation.doAs(UserGroupInformation.java:1899) [hadoop-common-3.3.5.jar:?]
	at org.apache.hadoop.ipc.Server$Handler.run(Server.java:3026) [hadoop-common-3.3.5.jar:?]
13:18:41.893 [IPC Server handler 16 on default port 15057] ERROR OMAudit - user=runner | ip=127.0.0.1 | op=GET_FILE_STATUS {volume=volume74919, bucket=bucket27337, key=.Trash, dataSize=0, replicationConfig=null} | ret=FAILURE
org.apache.hadoop.ozone.om.exceptions.OMException: Unable to get file status: volume: volume74919 bucket: bucket27337 key: .Trash
	at org.apache.hadoop.ozone.om.KeyManagerImpl.getOzoneFileStatusFSO(KeyManagerImpl.java:1310) ~[ozone-manager-1.4.0-SNAPSHOT.jar:?]
	at org.apache.hadoop.ozone.om.KeyManagerImpl.getFileStatus(KeyManagerImpl.java:1102) ~[ozone-manager-1.4.0-SNAPSHOT.jar:?]
	at org.apache.hadoop.ozone.om.OmMetadataReader.getFileStatus(OmMetadataReader.java:286) ~[ozone-manager-1.4.0-SNAPSHOT.jar:?]
	at org.apache.hadoop.ozone.om.OzoneManager.getFileStatus(OzoneManager.java:3499) ~[ozone-manager-1.4.0-SNAPSHOT.jar:?]
	at org.apache.hadoop.ozone.protocolPB.OzoneManagerRequestHandler.getOzoneFileStatus(OzoneManagerRequestHandler.java:950) ~[ozone-manager-1.4.0-SNAPSHOT.jar:?]
	at org.apache.hadoop.ozone.protocolPB.OzoneManagerRequestHandler.handleReadRequest(OzoneManagerRequestHandler.java:245) ~[ozone-manager-1.4.0-SNAPSHOT.jar:?]
	at org.apache.hadoop.ozone.protocolPB.OzoneManagerProtocolServerSideTranslatorPB.submitRequestDirectlyToOM(OzoneManagerProtocolServerSideTranslatorPB.java:272) ~[ozone-manager-1.4.0-SNAPSHOT.jar:?]
	at org.apache.hadoop.ozone.protocolPB.OzoneManagerProtocolServerSideTranslatorPB.processRequest(OzoneManagerProtocolServerSideTranslatorPB.java:173) ~[ozone-manager-1.4.0-SNAPSHOT.jar:?]
	at org.apache.hadoop.hdds.server.OzoneProtocolMessageDispatcher.processRequest(OzoneProtocolMessageDispatcher.java:87) [hdds-server-framework-1.4.0-SNAPSHOT.jar:?]
	at org.apache.hadoop.ozone.protocolPB.OzoneManagerProtocolServerSideTranslatorPB.submitRequest(OzoneManagerProtocolServerSideTranslatorPB.java:147) [ozone-manager-1.4.0-SNAPSHOT.jar:?]
	at org.apache.hadoop.ozone.protocol.proto.OzoneManagerProtocolProtos$OzoneManagerService$2.callBlockingMethod(OzoneManagerProtocolProtos.java) [ozone-interface-client-1.4.0-SNAPSHOT.jar:?]
	at org.apache.hadoop.ipc.ProtobufRpcEngine$Server.processCall(ProtobufRpcEngine.java:484) [hadoop-common-3.3.5.jar:?]
	at org.apache.hadoop.ipc.ProtobufRpcEngine2$Server$ProtoBufRpcInvoker.call(ProtobufRpcEngine2.java:595) [hadoop-common-3.3.5.jar:?]
	at org.apache.hadoop.ipc.ProtobufRpcEngine2$Server$ProtoBufRpcInvoker.call(ProtobufRpcEngine2.java:573) [hadoop-common-3.3.5.jar:?]
	at org.apache.hadoop.ipc.RPC$Server.call(RPC.java:1213) [hadoop-common-3.3.5.jar:?]
	at org.apache.hadoop.ipc.Server$RpcCall.run(Server.java:1089) [hadoop-common-3.3.5.jar:?]
	at org.apache.hadoop.ipc.Server$RpcCall.run(Server.java:1012) [hadoop-common-3.3.5.jar:?]
	at java.security.AccessController.doPrivileged(Native Method) ~[?:1.8.0_372]
	at javax.security.auth.Subject.doAs(Subject.java:422) [?:1.8.0_372]
	at org.apache.hadoop.security.UserGroupInformation.doAs(UserGroupInformation.java:1899) [hadoop-common-3.3.5.jar:?]
	at org.apache.hadoop.ipc.Server$Handler.run(Server.java:3026) [hadoop-common-3.3.5.jar:?]
13:18:41.899 [IPC Server handler 0 on default port 15057] ERROR OMAudit - user=runner | ip=127.0.0.1 | op=GET_FILE_STATUS {volume=volume71936, bucket=bucket43760, key=.Trash/runner, dataSize=0, replicationConfig=null} | ret=FAILURE
org.apache.hadoop.ozone.om.exceptions.OMException: Unable to get file status: volume: volume71936 bucket: bucket43760 key: .Trash/runner
	at org.apache.hadoop.ozone.om.KeyManagerImpl.getOzoneFileStatusFSO(KeyManagerImpl.java:1310) ~[ozone-manager-1.4.0-SNAPSHOT.jar:?]
	at org.apache.hadoop.ozone.om.KeyManagerImpl.getFileStatus(KeyManagerImpl.java:1102) ~[ozone-manager-1.4.0-SNAPSHOT.jar:?]
	at org.apache.hadoop.ozone.om.OmMetadataReader.getFileStatus(OmMetadataReader.java:286) ~[ozone-manager-1.4.0-SNAPSHOT.jar:?]
	at org.apache.hadoop.ozone.om.OzoneManager.getFileStatus(OzoneManager.java:3499) ~[ozone-manager-1.4.0-SNAPSHOT.jar:?]
	at org.apache.hadoop.ozone.protocolPB.OzoneManagerRequestHandler.getOzoneFileStatus(OzoneManagerRequestHandler.java:950) ~[ozone-manager-1.4.0-SNAPSHOT.jar:?]
	at org.apache.hadoop.ozone.protocolPB.OzoneManagerRequestHandler.handleReadRequest(OzoneManagerRequestHandler.java:245) ~[ozone-manager-1.4.0-SNAPSHOT.jar:?]
	at org.apache.hadoop.ozone.protocolPB.OzoneManagerProtocolServerSideTranslatorPB.submitRequestDirectlyToOM(OzoneManagerProtocolServerSideTranslatorPB.java:272) ~[ozone-manager-1.4.0-SNAPSHOT.jar:?]
	at org.apache.hadoop.ozone.protocolPB.OzoneManagerProtocolServerSideTranslatorPB.processRequest(OzoneManagerProtocolServerSideTranslatorPB.java:173) ~[ozone-manager-1.4.0-SNAPSHOT.jar:?]
	at org.apache.hadoop.hdds.server.OzoneProtocolMessageDispatcher.processRequest(OzoneProtocolMessageDispatcher.java:87) [hdds-server-framework-1.4.0-SNAPSHOT.jar:?]
	at org.apache.hadoop.ozone.protocolPB.OzoneManagerProtocolServerSideTranslatorPB.submitRequest(OzoneManagerProtocolServerSideTranslatorPB.java:147) [ozone-manager-1.4.0-SNAPSHOT.jar:?]
	at org.apache.hadoop.ozone.protocol.proto.OzoneManagerProtocolProtos$OzoneManagerService$2.callBlockingMethod(OzoneManagerProtocolProtos.java) [ozone-interface-client-1.4.0-SNAPSHOT.jar:?]
	at org.apache.hadoop.ipc.ProtobufRpcEngine$Server.processCall(ProtobufRpcEngine.java:484) [hadoop-common-3.3.5.jar:?]
	at org.apache.hadoop.ipc.ProtobufRpcEngine2$Server$ProtoBufRpcInvoker.call(ProtobufRpcEngine2.java:595) [hadoop-common-3.3.5.jar:?]
	at org.apache.hadoop.ipc.ProtobufRpcEngine2$Server$ProtoBufRpcInvoker.call(ProtobufRpcEngine2.java:573) [hadoop-common-3.3.5.jar:?]
	at org.apache.hadoop.ipc.RPC$Server.call(RPC.java:1213) [hadoop-common-3.3.5.jar:?]
	at org.apache.hadoop.ipc.Server$RpcCall.run(Server.java:1089) [hadoop-common-3.3.5.jar:?]
	at org.apache.hadoop.ipc.Server$RpcCall.run(Server.java:1012) [hadoop-common-3.3.5.jar:?]
	at java.security.AccessController.doPrivileged(Native Method) ~[?:1.8.0_372]
	at javax.security.auth.Subject.doAs(Subject.java:422) [?:1.8.0_372]
	at org.apache.hadoop.security.UserGroupInformation.doAs(UserGroupInformation.java:1899) [hadoop-common-3.3.5.jar:?]
	at org.apache.hadoop.ipc.Server$Handler.run(Server.java:3026) [hadoop-common-3.3.5.jar:?]
13:18:41.902 [IPC Server handler 14 on default port 15057] ERROR OMAudit - user=runner | ip=127.0.0.1 | op=GET_FILE_STATUS {volume=volume31627, bucket=trashroottest2, key=.Trash/runner, dataSize=0, replicationConfig=null} | ret=FAILURE
org.apache.hadoop.ozone.om.exceptions.OMException: Unable to get file status: volume: volume31627 bucket: trashroottest2 key: .Trash/runner
	at org.apache.hadoop.ozone.om.KeyManagerImpl.getOzoneFileStatusFSO(KeyManagerImpl.java:1310) ~[ozone-manager-1.4.0-SNAPSHOT.jar:?]
	at org.apache.hadoop.ozone.om.KeyManagerImpl.getFileStatus(KeyManagerImpl.java:1102) ~[ozone-manager-1.4.0-SNAPSHOT.jar:?]
	at org.apache.hadoop.ozone.om.OmMetadataReader.getFileStatus(OmMetadataReader.java:286) ~[ozone-manager-1.4.0-SNAPSHOT.jar:?]
	at org.apache.hadoop.ozone.om.OzoneManager.getFileStatus(OzoneManager.java:3499) ~[ozone-manager-1.4.0-SNAPSHOT.jar:?]
	at org.apache.hadoop.ozone.protocolPB.OzoneManagerRequestHandler.getOzoneFileStatus(OzoneManagerRequestHandler.java:950) ~[ozone-manager-1.4.0-SNAPSHOT.jar:?]
	at org.apache.hadoop.ozone.protocolPB.OzoneManagerRequestHandler.handleReadRequest(OzoneManagerRequestHandler.java:245) ~[ozone-manager-1.4.0-SNAPSHOT.jar:?]
	at org.apache.hadoop.ozone.protocolPB.OzoneManagerProtocolServerSideTranslatorPB.submitRequestDirectlyToOM(OzoneManagerProtocolServerSideTranslatorPB.java:272) ~[ozone-manager-1.4.0-SNAPSHOT.jar:?]
	at org.apache.hadoop.ozone.protocolPB.OzoneManagerProtocolServerSideTranslatorPB.processRequest(OzoneManagerProtocolServerSideTranslatorPB.java:173) ~[ozone-manager-1.4.0-SNAPSHOT.jar:?]
	at org.apache.hadoop.hdds.server.OzoneProtocolMessageDispatcher.processRequest(OzoneProtocolMessageDispatcher.java:87) [hdds-server-framework-1.4.0-SNAPSHOT.jar:?]
	at org.apache.hadoop.ozone.protocolPB.OzoneManagerProtocolServerSideTranslatorPB.submitRequest(OzoneManagerProtocolServerSideTranslatorPB.java:147) [ozone-manager-1.4.0-SNAPSHOT.jar:?]
	at org.apache.hadoop.ozone.protocol.proto.OzoneManagerProtocolProtos$OzoneManagerService$2.callBlockingMethod(OzoneManagerProtocolProtos.java) [ozone-interface-client-1.4.0-SNAPSHOT.jar:?]
	at org.apache.hadoop.ipc.ProtobufRpcEngine$Server.processCall(ProtobufRpcEngine.java:484) [hadoop-common-3.3.5.jar:?]
	at org.apache.hadoop.ipc.ProtobufRpcEngine2$Server$ProtoBufRpcInvoker.call(ProtobufRpcEngine2.java:595) [hadoop-common-3.3.5.jar:?]
	at org.apache.hadoop.ipc.ProtobufRpcEngine2$Server$ProtoBufRpcInvoker.call(ProtobufRpcEngine2.java:573) [hadoop-common-3.3.5.jar:?]
	at org.apache.hadoop.ipc.RPC$Server.call(RPC.java:1213) [hadoop-common-3.3.5.jar:?]
	at org.apache.hadoop.ipc.Server$RpcCall.run(Server.java:1089) [hadoop-common-3.3.5.jar:?]
	at org.apache.hadoop.ipc.Server$RpcCall.run(Server.java:1012) [hadoop-common-3.3.5.jar:?]
	at java.security.AccessController.doPrivileged(Native Method) ~[?:1.8.0_372]
	at javax.security.auth.Subject.doAs(Subject.java:422) [?:1.8.0_372]
	at org.apache.hadoop.security.UserGroupInformation.doAs(UserGroupInformation.java:1899) [hadoop-common-3.3.5.jar:?]
	at org.apache.hadoop.ipc.Server$Handler.run(Server.java:3026) [hadoop-common-3.3.5.jar:?]
13:18:41.905 [IPC Server handler 6 on default port 15057] ERROR OMAudit - user=runner | ip=127.0.0.1 | op=GET_FILE_STATUS {volume=1e0fb29f-2768-427c-a1d2-1165c39a292e, bucket=10f607db-6ef6-4baa-8979-68dc90e0672c, key=.Trash, dataSize=0, replicationConfig=null} | ret=FAILURE
org.apache.hadoop.ozone.om.exceptions.OMException: Unable to get file status: volume: 1e0fb29f-2768-427c-a1d2-1165c39a292e bucket: 10f607db-6ef6-4baa-8979-68dc90e0672c key: .Trash
	at org.apache.hadoop.ozone.om.KeyManagerImpl.getOzoneFileStatus(KeyManagerImpl.java:1186) ~[ozone-manager-1.4.0-SNAPSHOT.jar:?]
	at org.apache.hadoop.ozone.om.KeyManagerImpl.getFileStatus(KeyManagerImpl.java:1104) ~[ozone-manager-1.4.0-SNAPSHOT.jar:?]
	at org.apache.hadoop.ozone.om.OmMetadataReader.getFileStatus(OmMetadataReader.java:286) ~[ozone-manager-1.4.0-SNAPSHOT.jar:?]
	at org.apache.hadoop.ozone.om.OzoneManager.getFileStatus(OzoneManager.java:3499) ~[ozone-manager-1.4.0-SNAPSHOT.jar:?]
	at org.apache.hadoop.ozone.protocolPB.OzoneManagerRequestHandler.getOzoneFileStatus(OzoneManagerRequestHandler.java:950) ~[ozone-manager-1.4.0-SNAPSHOT.jar:?]
	at org.apache.hadoop.ozone.protocolPB.OzoneManagerRequestHandler.handleReadRequest(OzoneManagerRequestHandler.java:245) ~[ozone-manager-1.4.0-SNAPSHOT.jar:?]
	at org.apache.hadoop.ozone.protocolPB.OzoneManagerProtocolServerSideTranslatorPB.submitRequestDirectlyToOM(OzoneManagerProtocolServerSideTranslatorPB.java:272) ~[ozone-manager-1.4.0-SNAPSHOT.jar:?]
	at org.apache.hadoop.ozone.protocolPB.OzoneManagerProtocolServerSideTranslatorPB.processRequest(OzoneManagerProtocolServerSideTranslatorPB.java:173) ~[ozone-manager-1.4.0-SNAPSHOT.jar:?]
	at org.apache.hadoop.hdds.server.OzoneProtocolMessageDispatcher.processRequest(OzoneProtocolMessageDispatcher.java:87) [hdds-server-framework-1.4.0-SNAPSHOT.jar:?]
	at org.apache.hadoop.ozone.protocolPB.OzoneManagerProtocolServerSideTranslatorPB.submitRequest(OzoneManagerProtocolServerSideTranslatorPB.java:147) [ozone-manager-1.4.0-SNAPSHOT.jar:?]
	at org.apache.hadoop.ozone.protocol.proto.OzoneManagerProtocolProtos$OzoneManagerService$2.callBlockingMethod(OzoneManagerProtocolProtos.java) [ozone-interface-client-1.4.0-SNAPSHOT.jar:?]
	at org.apache.hadoop.ipc.ProtobufRpcEngine$Server.processCall(ProtobufRpcEngine.java:484) [hadoop-common-3.3.5.jar:?]
	at org.apache.hadoop.ipc.ProtobufRpcEngine2$Server$ProtoBufRpcInvoker.call(ProtobufRpcEngine2.java:595) [hadoop-common-3.3.5.jar:?]
	at org.apache.hadoop.ipc.ProtobufRpcEngine2$Server$ProtoBufRpcInvoker.call(ProtobufRpcEngine2.java:573) [hadoop-common-3.3.5.jar:?]
	at org.apache.hadoop.ipc.RPC$Server.call(RPC.java:1213) [hadoop-common-3.3.5.jar:?]
	at org.apache.hadoop.ipc.Server$RpcCall.run(Server.java:1089) [hadoop-common-3.3.5.jar:?]
	at org.apache.hadoop.ipc.Server$RpcCall.run(Server.java:1012) [hadoop-common-3.3.5.jar:?]
	at java.security.AccessController.doPrivileged(Native Method) ~[?:1.8.0_372]
	at javax.security.auth.Subject.doAs(Subject.java:422) [?:1.8.0_372]
	at org.apache.hadoop.security.UserGroupInformation.doAs(UserGroupInformation.java:1899) [hadoop-common-3.3.5.jar:?]
	at org.apache.hadoop.ipc.Server$Handler.run(Server.java:3026) [hadoop-common-3.3.5.jar:?]
13:18:41.910 [IPC Server handler 14 on default port 15057] ERROR OMAudit - user=runner | ip=127.0.0.1 | op=GET_FILE_STATUS {volume=volume31627, bucket=trashroottest2, key=.Trash, dataSize=0, replicationConfig=null} | ret=FAILURE
org.apache.hadoop.ozone.om.exceptions.OMException: Unable to get file status: volume: volume31627 bucket: trashroottest2 key: .Trash
	at org.apache.hadoop.ozone.om.KeyManagerImpl.getOzoneFileStatusFSO(KeyManagerImpl.java:1310) ~[ozone-manager-1.4.0-SNAPSHOT.jar:?]
	at org.apache.hadoop.ozone.om.KeyManagerImpl.getFileStatus(KeyManagerImpl.java:1102) ~[ozone-manager-1.4.0-SNAPSHOT.jar:?]
	at org.apache.hadoop.ozone.om.OmMetadataReader.getFileStatus(OmMetadataReader.java:286) ~[ozone-manager-1.4.0-SNAPSHOT.jar:?]
	at org.apache.hadoop.ozone.om.OzoneManager.getFileStatus(OzoneManager.java:3499) ~[ozone-manager-1.4.0-SNAPSHOT.jar:?]
	at org.apache.hadoop.ozone.protocolPB.OzoneManagerRequestHandler.getOzoneFileStatus(OzoneManagerRequestHandler.java:950) ~[ozone-manager-1.4.0-SNAPSHOT.jar:?]
	at org.apache.hadoop.ozone.protocolPB.OzoneManagerRequestHandler.handleReadRequest(OzoneManagerRequestHandler.java:245) ~[ozone-manager-1.4.0-SNAPSHOT.jar:?]
	at org.apache.hadoop.ozone.protocolPB.OzoneManagerProtocolServerSideTranslatorPB.submitRequestDirectlyToOM(OzoneManagerProtocolServerSideTranslatorPB.java:272) ~[ozone-manager-1.4.0-SNAPSHOT.jar:?]
	at org.apache.hadoop.ozone.protocolPB.OzoneManagerProtocolServerSideTranslatorPB.processRequest(OzoneManagerProtocolServerSideTranslatorPB.java:173) ~[ozone-manager-1.4.0-SNAPSHOT.jar:?]
	at org.apache.hadoop.hdds.server.OzoneProtocolMessageDispatcher.processRequest(OzoneProtocolMessageDispatcher.java:87) [hdds-server-framework-1.4.0-SNAPSHOT.jar:?]
	at org.apache.hadoop.ozone.protocolPB.OzoneManagerProtocolServerSideTranslatorPB.submitRequest(OzoneManagerProtocolServerSideTranslatorPB.java:147) [ozone-manager-1.4.0-SNAPSHOT.jar:?]
	at org.apache.hadoop.ozone.protocol.proto.OzoneManagerProtocolProtos$OzoneManagerService$2.callBlockingMethod(OzoneManagerProtocolProtos.java) [ozone-interface-client-1.4.0-SNAPSHOT.jar:?]
	at org.apache.hadoop.ipc.ProtobufRpcEngine$Server.processCall(ProtobufRpcEngine.java:484) [hadoop-common-3.3.5.jar:?]
	at org.apache.hadoop.ipc.ProtobufRpcEngine2$Server$ProtoBufRpcInvoker.call(ProtobufRpcEngine2.java:595) [hadoop-common-3.3.5.jar:?]
	at org.apache.hadoop.ipc.ProtobufRpcEngine2$Server$ProtoBufRpcInvoker.call(ProtobufRpcEngine2.java:573) [hadoop-common-3.3.5.jar:?]
	at org.apache.hadoop.ipc.RPC$Server.call(RPC.java:1213) [hadoop-common-3.3.5.jar:?]
	at org.apache.hadoop.ipc.Server$RpcCall.run(Server.java:1089) [hadoop-common-3.3.5.jar:?]
	at org.apache.hadoop.ipc.Server$RpcCall.run(Server.java:1012) [hadoop-common-3.3.5.jar:?]
	at java.security.AccessController.doPrivileged(Native Method) ~[?:1.8.0_372]
	at javax.security.auth.Subject.doAs(Subject.java:422) [?:1.8.0_372]
	at org.apache.hadoop.security.UserGroupInformation.doAs(UserGroupInformation.java:1899) [hadoop-common-3.3.5.jar:?]
	at org.apache.hadoop.ipc.Server$Handler.run(Server.java:3026) [hadoop-common-3.3.5.jar:?]
13:18:41.912 [IPC Server handler 13 on default port 15057] ERROR OMAudit - user=runner | ip=127.0.0.1 | op=GET_FILE_STATUS {volume=volume71936, bucket=bucket43760, key=.Trash, dataSize=0, replicationConfig=null} | ret=FAILURE
org.apache.hadoop.ozone.om.exceptions.OMException: Unable to get file status: volume: volume71936 bucket: bucket43760 key: .Trash
	at org.apache.hadoop.ozone.om.KeyManagerImpl.getOzoneFileStatusFSO(KeyManagerImpl.java:1310) ~[ozone-manager-1.4.0-SNAPSHOT.jar:?]
	at org.apache.hadoop.ozone.om.KeyManagerImpl.getFileStatus(KeyManagerImpl.java:1102) ~[ozone-manager-1.4.0-SNAPSHOT.jar:?]
	at org.apache.hadoop.ozone.om.OmMetadataReader.getFileStatus(OmMetadataReader.java:286) ~[ozone-manager-1.4.0-SNAPSHOT.jar:?]
	at org.apache.hadoop.ozone.om.OzoneManager.getFileStatus(OzoneManager.java:3499) ~[ozone-manager-1.4.0-SNAPSHOT.jar:?]
	at org.apache.hadoop.ozone.protocolPB.OzoneManagerRequestHandler.getOzoneFileStatus(OzoneManagerRequestHandler.java:950) ~[ozone-manager-1.4.0-SNAPSHOT.jar:?]
	at org.apache.hadoop.ozone.protocolPB.OzoneManagerRequestHandler.handleReadRequest(OzoneManagerRequestHandler.java:245) ~[ozone-manager-1.4.0-SNAPSHOT.jar:?]
	at org.apache.hadoop.ozone.protocolPB.OzoneManagerProtocolServerSideTranslatorPB.submitRequestDirectlyToOM(OzoneManagerProtocolServerSideTranslatorPB.java:272) ~[ozone-manager-1.4.0-SNAPSHOT.jar:?]
	at org.apache.hadoop.ozone.protocolPB.OzoneManagerProtocolServerSideTranslatorPB.processRequest(OzoneManagerProtocolServerSideTranslatorPB.java:173) ~[ozone-manager-1.4.0-SNAPSHOT.jar:?]
	at org.apache.hadoop.hdds.server.OzoneProtocolMessageDispatcher.processRequest(OzoneProtocolMessageDispatcher.java:87) [hdds-server-framework-1.4.0-SNAPSHOT.jar:?]
	at org.apache.hadoop.ozone.protocolPB.OzoneManagerProtocolServerSideTranslatorPB.submitRequest(OzoneManagerProtocolServerSideTranslatorPB.java:147) [ozone-manager-1.4.0-SNAPSHOT.jar:?]
	at org.apache.hadoop.ozone.protocol.proto.OzoneManagerProtocolProtos$OzoneManagerService$2.callBlockingMethod(OzoneManagerProtocolProtos.java) [ozone-interface-client-1.4.0-SNAPSHOT.jar:?]
	at org.apache.hadoop.ipc.ProtobufRpcEngine$Server.processCall(ProtobufRpcEngine.java:484) [hadoop-common-3.3.5.jar:?]
	at org.apache.hadoop.ipc.ProtobufRpcEngine2$Server$ProtoBufRpcInvoker.call(ProtobufRpcEngine2.java:595) [hadoop-common-3.3.5.jar:?]
	at org.apache.hadoop.ipc.ProtobufRpcEngine2$Server$ProtoBufRpcInvoker.call(ProtobufRpcEngine2.java:573) [hadoop-common-3.3.5.jar:?]
	at org.apache.hadoop.ipc.RPC$Server.call(RPC.java:1213) [hadoop-common-3.3.5.jar:?]
	at org.apache.hadoop.ipc.Server$RpcCall.run(Server.java:1089) [hadoop-common-3.3.5.jar:?]
	at org.apache.hadoop.ipc.Server$RpcCall.run(Server.java:1012) [hadoop-common-3.3.5.jar:?]
	at java.security.AccessController.doPrivileged(Native Method) ~[?:1.8.0_372]
	at javax.security.auth.Subject.doAs(Subject.java:422) [?:1.8.0_372]
	at org.apache.hadoop.security.UserGroupInformation.doAs(UserGroupInformation.java:1899) [hadoop-common-3.3.5.jar:?]
	at org.apache.hadoop.ipc.Server$Handler.run(Server.java:3026) [hadoop-common-3.3.5.jar:?]
13:18:41.913 [IPC Server handler 5 on default port 15057] ERROR OMAudit - user=runner | ip=127.0.0.1 | op=GET_FILE_STATUS {volume=volume74919, bucket=bucket27337, key=.Trash, dataSize=0, replicationConfig=null} | ret=FAILURE
org.apache.hadoop.ozone.om.exceptions.OMException: Unable to get file status: volume: volume74919 bucket: bucket27337 key: .Trash
	at org.apache.hadoop.ozone.om.KeyManagerImpl.getOzoneFileStatusFSO(KeyManagerImpl.java:1310) ~[ozone-manager-1.4.0-SNAPSHOT.jar:?]
	at org.apache.hadoop.ozone.om.KeyManagerImpl.getFileStatus(KeyManagerImpl.java:1102) ~[ozone-manager-1.4.0-SNAPSHOT.jar:?]
	at org.apache.hadoop.ozone.om.OmMetadataReader.getFileStatus(OmMetadataReader.java:286) ~[ozone-manager-1.4.0-SNAPSHOT.jar:?]
	at org.apache.hadoop.ozone.om.OzoneManager.getFileStatus(OzoneManager.java:3499) ~[ozone-manager-1.4.0-SNAPSHOT.jar:?]
	at org.apache.hadoop.ozone.protocolPB.OzoneManagerRequestHandler.getOzoneFileStatus(OzoneManagerRequestHandler.java:950) ~[ozone-manager-1.4.0-SNAPSHOT.jar:?]
	at org.apache.hadoop.ozone.protocolPB.OzoneManagerRequestHandler.handleReadRequest(OzoneManagerRequestHandler.java:245) ~[ozone-manager-1.4.0-SNAPSHOT.jar:?]
	at org.apache.hadoop.ozone.protocolPB.OzoneManagerProtocolServerSideTranslatorPB.submitRequestDirectlyToOM(OzoneManagerProtocolServerSideTranslatorPB.java:272) ~[ozone-manager-1.4.0-SNAPSHOT.jar:?]
	at org.apache.hadoop.ozone.protocolPB.OzoneManagerProtocolServerSideTranslatorPB.processRequest(OzoneManagerProtocolServerSideTranslatorPB.java:173) ~[ozone-manager-1.4.0-SNAPSHOT.jar:?]
	at org.apache.hadoop.hdds.server.OzoneProtocolMessageDispatcher.processRequest(OzoneProtocolMessageDispatcher.java:87) [hdds-server-framework-1.4.0-SNAPSHOT.jar:?]
	at org.apache.hadoop.ozone.protocolPB.OzoneManagerProtocolServerSideTranslatorPB.submitRequest(OzoneManagerProtocolServerSideTranslatorPB.java:147) [ozone-manager-1.4.0-SNAPSHOT.jar:?]
	at org.apache.hadoop.ozone.protocol.proto.OzoneManagerProtocolProtos$OzoneManagerService$2.callBlockingMethod(OzoneManagerProtocolProtos.java) [ozone-interface-client-1.4.0-SNAPSHOT.jar:?]
	at org.apache.hadoop.ipc.ProtobufRpcEngine$Server.processCall(ProtobufRpcEngine.java:484) [hadoop-common-3.3.5.jar:?]
	at org.apache.hadoop.ipc.ProtobufRpcEngine2$Server$ProtoBufRpcInvoker.call(ProtobufRpcEngine2.java:595) [hadoop-common-3.3.5.jar:?]
	at org.apache.hadoop.ipc.ProtobufRpcEngine2$Server$ProtoBufRpcInvoker.call(ProtobufRpcEngine2.java:573) [hadoop-common-3.3.5.jar:?]
	at org.apache.hadoop.ipc.RPC$Server.call(RPC.java:1213) [hadoop-common-3.3.5.jar:?]
	at org.apache.hadoop.ipc.Server$RpcCall.run(Server.java:1089) [hadoop-common-3.3.5.jar:?]
	at org.apache.hadoop.ipc.Server$RpcCall.run(Server.java:1012) [hadoop-common-3.3.5.jar:?]
	at java.security.AccessController.doPrivileged(Native Method) ~[?:1.8.0_372]
	at javax.security.auth.Subject.doAs(Subject.java:422) [?:1.8.0_372]
	at org.apache.hadoop.security.UserGroupInformation.doAs(UserGroupInformation.java:1899) [hadoop-common-3.3.5.jar:?]
	at org.apache.hadoop.ipc.Server$Handler.run(Server.java:3026) [hadoop-common-3.3.5.jar:?]
13:18:41.919 [IPC Server handler 16 on default port 15057] ERROR OMAudit - user=runner | ip=127.0.0.1 | op=GET_FILE_STATUS {volume=volume71936, bucket=bucket43760, key=.Trash/runner, dataSize=0, replicationConfig=null} | ret=FAILURE
org.apache.hadoop.ozone.om.exceptions.OMException: Unable to get file status: volume: volume71936 bucket: bucket43760 key: .Trash/runner
	at org.apache.hadoop.ozone.om.KeyManagerImpl.getOzoneFileStatusFSO(KeyManagerImpl.java:1310) ~[ozone-manager-1.4.0-SNAPSHOT.jar:?]
	at org.apache.hadoop.ozone.om.KeyManagerImpl.getFileStatus(KeyManagerImpl.java:1102) ~[ozone-manager-1.4.0-SNAPSHOT.jar:?]
	at org.apache.hadoop.ozone.om.OmMetadataReader.getFileStatus(OmMetadataReader.java:286) ~[ozone-manager-1.4.0-SNAPSHOT.jar:?]
	at org.apache.hadoop.ozone.om.OzoneManager.getFileStatus(OzoneManager.java:3499) ~[ozone-manager-1.4.0-SNAPSHOT.jar:?]
	at org.apache.hadoop.ozone.protocolPB.OzoneManagerRequestHandler.getOzoneFileStatus(OzoneManagerRequestHandler.java:950) ~[ozone-manager-1.4.0-SNAPSHOT.jar:?]
	at org.apache.hadoop.ozone.protocolPB.OzoneManagerRequestHandler.handleReadRequest(OzoneManagerRequestHandler.java:245) ~[ozone-manager-1.4.0-SNAPSHOT.jar:?]
	at org.apache.hadoop.ozone.protocolPB.OzoneManagerProtocolServerSideTranslatorPB.submitRequestDirectlyToOM(OzoneManagerProtocolServerSideTranslatorPB.java:272) ~[ozone-manager-1.4.0-SNAPSHOT.jar:?]
	at org.apache.hadoop.ozone.protocolPB.OzoneManagerProtocolServerSideTranslatorPB.processRequest(OzoneManagerProtocolServerSideTranslatorPB.java:173) ~[ozone-manager-1.4.0-SNAPSHOT.jar:?]
	at org.apache.hadoop.hdds.server.OzoneProtocolMessageDispatcher.processRequest(OzoneProtocolMessageDispatcher.java:87) [hdds-server-framework-1.4.0-SNAPSHOT.jar:?]
	at org.apache.hadoop.ozone.protocolPB.OzoneManagerProtocolServerSideTranslatorPB.submitRequest(OzoneManagerProtocolServerSideTranslatorPB.java:147) [ozone-manager-1.4.0-SNAPSHOT.jar:?]
	at org.apache.hadoop.ozone.protocol.proto.OzoneManagerProtocolProtos$OzoneManagerService$2.callBlockingMethod(OzoneManagerProtocolProtos.java) [ozone-interface-client-1.4.0-SNAPSHOT.jar:?]
	at org.apache.hadoop.ipc.ProtobufRpcEngine$Server.processCall(ProtobufRpcEngine.java:484) [hadoop-common-3.3.5.jar:?]
	at org.apache.hadoop.ipc.ProtobufRpcEngine2$Server$ProtoBufRpcInvoker.call(ProtobufRpcEngine2.java:595) [hadoop-common-3.3.5.jar:?]
	at org.apache.hadoop.ipc.ProtobufRpcEngine2$Server$ProtoBufRpcInvoker.call(ProtobufRpcEngine2.java:573) [hadoop-common-3.3.5.jar:?]
	at org.apache.hadoop.ipc.RPC$Server.call(RPC.java:1213) [hadoop-common-3.3.5.jar:?]
	at org.apache.hadoop.ipc.Server$RpcCall.run(Server.java:1089) [hadoop-common-3.3.5.jar:?]
	at org.apache.hadoop.ipc.Server$RpcCall.run(Server.java:1012) [hadoop-common-3.3.5.jar:?]
	at java.security.AccessController.doPrivileged(Native Method) ~[?:1.8.0_372]
	at javax.security.auth.Subject.doAs(Subject.java:422) [?:1.8.0_372]
	at org.apache.hadoop.security.UserGroupInformation.doAs(UserGroupInformation.java:1899) [hadoop-common-3.3.5.jar:?]
	at org.apache.hadoop.ipc.Server$Handler.run(Server.java:3026) [hadoop-common-3.3.5.jar:?]
13:18:41.922 [IPC Server handler 2 on default port 15057] ERROR OMAudit - user=runner | ip=127.0.0.1 | op=GET_FILE_STATUS {volume=volume31627, bucket=trashroottest2, key=.Trash/runner, dataSize=0, replicationConfig=null} | ret=FAILURE
org.apache.hadoop.ozone.om.exceptions.OMException: Unable to get file status: volume: volume31627 bucket: trashroottest2 key: .Trash/runner
	at org.apache.hadoop.ozone.om.KeyManagerImpl.getOzoneFileStatusFSO(KeyManagerImpl.java:1310) ~[ozone-manager-1.4.0-SNAPSHOT.jar:?]
	at org.apache.hadoop.ozone.om.KeyManagerImpl.getFileStatus(KeyManagerImpl.java:1102) ~[ozone-manager-1.4.0-SNAPSHOT.jar:?]
	at org.apache.hadoop.ozone.om.OmMetadataReader.getFileStatus(OmMetadataReader.java:286) ~[ozone-manager-1.4.0-SNAPSHOT.jar:?]
	at org.apache.hadoop.ozone.om.OzoneManager.getFileStatus(OzoneManager.java:3499) ~[ozone-manager-1.4.0-SNAPSHOT.jar:?]
	at org.apache.hadoop.ozone.protocolPB.OzoneManagerRequestHandler.getOzoneFileStatus(OzoneManagerRequestHandler.java:950) ~[ozone-manager-1.4.0-SNAPSHOT.jar:?]
	at org.apache.hadoop.ozone.protocolPB.OzoneManagerRequestHandler.handleReadRequest(OzoneManagerRequestHandler.java:245) ~[ozone-manager-1.4.0-SNAPSHOT.jar:?]
	at org.apache.hadoop.ozone.protocolPB.OzoneManagerProtocolServerSideTranslatorPB.submitRequestDirectlyToOM(OzoneManagerProtocolServerSideTranslatorPB.java:272) ~[ozone-manager-1.4.0-SNAPSHOT.jar:?]
	at org.apache.hadoop.ozone.protocolPB.OzoneManagerProtocolServerSideTranslatorPB.processRequest(OzoneManagerProtocolServerSideTranslatorPB.java:173) ~[ozone-manager-1.4.0-SNAPSHOT.jar:?]
	at org.apache.hadoop.hdds.server.OzoneProtocolMessageDispatcher.processRequest(OzoneProtocolMessageDispatcher.java:87) [hdds-server-framework-1.4.0-SNAPSHOT.jar:?]
	at org.apache.hadoop.ozone.protocolPB.OzoneManagerProtocolServerSideTranslatorPB.submitRequest(OzoneManagerProtocolServerSideTranslatorPB.java:147) [ozone-manager-1.4.0-SNAPSHOT.jar:?]
	at org.apache.hadoop.ozone.protocol.proto.OzoneManagerProtocolProtos$OzoneManagerService$2.callBlockingMethod(OzoneManagerProtocolProtos.java) [ozone-interface-client-1.4.0-SNAPSHOT.jar:?]
	at org.apache.hadoop.ipc.ProtobufRpcEngine$Server.processCall(ProtobufRpcEngine.java:484) [hadoop-common-3.3.5.jar:?]
	at org.apache.hadoop.ipc.ProtobufRpcEngine2$Server$ProtoBufRpcInvoker.call(ProtobufRpcEngine2.java:595) [hadoop-common-3.3.5.jar:?]
	at org.apache.hadoop.ipc.ProtobufRpcEngine2$Server$ProtoBufRpcInvoker.call(ProtobufRpcEngine2.java:573) [hadoop-common-3.3.5.jar:?]
	at org.apache.hadoop.ipc.RPC$Server.call(RPC.java:1213) [hadoop-common-3.3.5.jar:?]
	at org.apache.hadoop.ipc.Server$RpcCall.run(Server.java:1089) [hadoop-common-3.3.5.jar:?]
	at org.apache.hadoop.ipc.Server$RpcCall.run(Server.java:1012) [hadoop-common-3.3.5.jar:?]
	at java.security.AccessController.doPrivileged(Native Method) ~[?:1.8.0_372]
	at javax.security.auth.Subject.doAs(Subject.java:422) [?:1.8.0_372]
	at org.apache.hadoop.security.UserGroupInformation.doAs(UserGroupInformation.java:1899) [hadoop-common-3.3.5.jar:?]
	at org.apache.hadoop.ipc.Server$Handler.run(Server.java:3026) [hadoop-common-3.3.5.jar:?]
13:18:41.924 [IPC Server handler 11 on default port 15057] ERROR OMAudit - user=runner | ip=127.0.0.1 | op=GET_FILE_STATUS {volume=1e0fb29f-2768-427c-a1d2-1165c39a292e, bucket=10f607db-6ef6-4baa-8979-68dc90e0672c, key=.Trash, dataSize=0, replicationConfig=null} | ret=FAILURE
org.apache.hadoop.ozone.om.exceptions.OMException: Unable to get file status: volume: 1e0fb29f-2768-427c-a1d2-1165c39a292e bucket: 10f607db-6ef6-4baa-8979-68dc90e0672c key: .Trash
	at org.apache.hadoop.ozone.om.KeyManagerImpl.getOzoneFileStatus(KeyManagerImpl.java:1186) ~[ozone-manager-1.4.0-SNAPSHOT.jar:?]
	at org.apache.hadoop.ozone.om.KeyManagerImpl.getFileStatus(KeyManagerImpl.java:1104) ~[ozone-manager-1.4.0-SNAPSHOT.jar:?]
	at org.apache.hadoop.ozone.om.OmMetadataReader.getFileStatus(OmMetadataReader.java:286) ~[ozone-manager-1.4.0-SNAPSHOT.jar:?]
	at org.apache.hadoop.ozone.om.OzoneManager.getFileStatus(OzoneManager.java:3499) ~[ozone-manager-1.4.0-SNAPSHOT.jar:?]
	at org.apache.hadoop.ozone.protocolPB.OzoneManagerRequestHandler.getOzoneFileStatus(OzoneManagerRequestHandler.java:950) ~[ozone-manager-1.4.0-SNAPSHOT.jar:?]
	at org.apache.hadoop.ozone.protocolPB.OzoneManagerRequestHandler.handleReadRequest(OzoneManagerRequestHandler.java:245) ~[ozone-manager-1.4.0-SNAPSHOT.jar:?]
	at org.apache.hadoop.ozone.protocolPB.OzoneManagerProtocolServerSideTranslatorPB.submitRequestDirectlyToOM(OzoneManagerProtocolServerSideTranslatorPB.java:272) ~[ozone-manager-1.4.0-SNAPSHOT.jar:?]
	at org.apache.hadoop.ozone.protocolPB.OzoneManagerProtocolServerSideTranslatorPB.processRequest(OzoneManagerProtocolServerSideTranslatorPB.java:173) ~[ozone-manager-1.4.0-SNAPSHOT.jar:?]
	at org.apache.hadoop.hdds.server.OzoneProtocolMessageDispatcher.processRequest(OzoneProtocolMessageDispatcher.java:87) [hdds-server-framework-1.4.0-SNAPSHOT.jar:?]
	at org.apache.hadoop.ozone.protocolPB.OzoneManagerProtocolServerSideTranslatorPB.submitRequest(OzoneManagerProtocolServerSideTranslatorPB.java:147) [ozone-manager-1.4.0-SNAPSHOT.jar:?]
	at org.apache.hadoop.ozone.protocol.proto.OzoneManagerProtocolProtos$OzoneManagerService$2.callBlockingMethod(OzoneManagerProtocolProtos.java) [ozone-interface-client-1.4.0-SNAPSHOT.jar:?]
	at org.apache.hadoop.ipc.ProtobufRpcEngine$Server.processCall(ProtobufRpcEngine.java:484) [hadoop-common-3.3.5.jar:?]
	at org.apache.hadoop.ipc.ProtobufRpcEngine2$Server$ProtoBufRpcInvoker.call(ProtobufRpcEngine2.java:595) [hadoop-common-3.3.5.jar:?]
	at org.apache.hadoop.ipc.ProtobufRpcEngine2$Server$ProtoBufRpcInvoker.call(ProtobufRpcEngine2.java:573) [hadoop-common-3.3.5.jar:?]
	at org.apache.hadoop.ipc.RPC$Server.call(RPC.java:1213) [hadoop-common-3.3.5.jar:?]
	at org.apache.hadoop.ipc.Server$RpcCall.run(Server.java:1089) [hadoop-common-3.3.5.jar:?]
	at org.apache.hadoop.ipc.Server$RpcCall.run(Server.java:1012) [hadoop-common-3.3.5.jar:?]
	at java.security.AccessController.doPrivileged(Native Method) ~[?:1.8.0_372]
	at javax.security.auth.Subject.doAs(Subject.java:422) [?:1.8.0_372]
	at org.apache.hadoop.security.UserGroupInformation.doAs(UserGroupInformation.java:1899) [hadoop-common-3.3.5.jar:?]
	at org.apache.hadoop.ipc.Server$Handler.run(Server.java:3026) [hadoop-common-3.3.5.jar:?]
13:18:41.928 [IPC Server handler 6 on default port 15057] ERROR OMAudit - user=runner | ip=127.0.0.1 | op=GET_FILE_STATUS {volume=volume31627, bucket=trashroottest2, key=.Trash, dataSize=0, replicationConfig=null} | ret=FAILURE
org.apache.hadoop.ozone.om.exceptions.OMException: Unable to get file status: volume: volume31627 bucket: trashroottest2 key: .Trash
	at org.apache.hadoop.ozone.om.KeyManagerImpl.getOzoneFileStatusFSO(KeyManagerImpl.java:1310) ~[ozone-manager-1.4.0-SNAPSHOT.jar:?]
	at org.apache.hadoop.ozone.om.KeyManagerImpl.getFileStatus(KeyManagerImpl.java:1102) ~[ozone-manager-1.4.0-SNAPSHOT.jar:?]
	at org.apache.hadoop.ozone.om.OmMetadataReader.getFileStatus(OmMetadataReader.java:286) ~[ozone-manager-1.4.0-SNAPSHOT.jar:?]
	at org.apache.hadoop.ozone.om.OzoneManager.getFileStatus(OzoneManager.java:3499) ~[ozone-manager-1.4.0-SNAPSHOT.jar:?]
	at org.apache.hadoop.ozone.protocolPB.OzoneManagerRequestHandler.getOzoneFileStatus(OzoneManagerRequestHandler.java:950) ~[ozone-manager-1.4.0-SNAPSHOT.jar:?]
	at org.apache.hadoop.ozone.protocolPB.OzoneManagerRequestHandler.handleReadRequest(OzoneManagerRequestHandler.java:245) ~[ozone-manager-1.4.0-SNAPSHOT.jar:?]
	at org.apache.hadoop.ozone.protocolPB.OzoneManagerProtocolServerSideTranslatorPB.submitRequestDirectlyToOM(OzoneManagerProtocolServerSideTranslatorPB.java:272) ~[ozone-manager-1.4.0-SNAPSHOT.jar:?]
	at org.apache.hadoop.ozone.protocolPB.OzoneManagerProtocolServerSideTranslatorPB.processRequest(OzoneManagerProtocolServerSideTranslatorPB.java:173) ~[ozone-manager-1.4.0-SNAPSHOT.jar:?]
	at org.apache.hadoop.hdds.server.OzoneProtocolMessageDispatcher.processRequest(OzoneProtocolMessageDispatcher.java:87) [hdds-server-framework-1.4.0-SNAPSHOT.jar:?]
	at org.apache.hadoop.ozone.protocolPB.OzoneManagerProtocolServerSideTranslatorPB.submitRequest(OzoneManagerProtocolServerSideTranslatorPB.java:147) [ozone-manager-1.4.0-SNAPSHOT.jar:?]
	at org.apache.hadoop.ozone.protocol.proto.OzoneManagerProtocolProtos$OzoneManagerService$2.callBlockingMethod(OzoneManagerProtocolProtos.java) [ozone-interface-client-1.4.0-SNAPSHOT.jar:?]
	at org.apache.hadoop.ipc.ProtobufRpcEngine$Server.processCall(ProtobufRpcEngine.java:484) [hadoop-common-3.3.5.jar:?]
	at org.apache.hadoop.ipc.ProtobufRpcEngine2$Server$ProtoBufRpcInvoker.call(ProtobufRpcEngine2.java:595) [hadoop-common-3.3.5.jar:?]
	at org.apache.hadoop.ipc.ProtobufRpcEngine2$Server$ProtoBufRpcInvoker.call(ProtobufRpcEngine2.java:573) [hadoop-common-3.3.5.jar:?]
	at org.apache.hadoop.ipc.RPC$Server.call(RPC.java:1213) [hadoop-common-3.3.5.jar:?]
	at org.apache.hadoop.ipc.Server$RpcCall.run(Server.java:1089) [hadoop-common-3.3.5.jar:?]
	at org.apache.hadoop.ipc.Server$RpcCall.run(Server.java:1012) [hadoop-common-3.3.5.jar:?]
	at java.security.AccessController.doPrivileged(Native Method) ~[?:1.8.0_372]
	at javax.security.auth.Subject.doAs(Subject.java:422) [?:1.8.0_372]
	at org.apache.hadoop.security.UserGroupInformation.doAs(UserGroupInformation.java:1899) [hadoop-common-3.3.5.jar:?]
	at org.apache.hadoop.ipc.Server$Handler.run(Server.java:3026) [hadoop-common-3.3.5.jar:?]
13:18:41.931 [IPC Server handler 3 on default port 15057] ERROR OMAudit - user=runner | ip=127.0.0.1 | op=GET_FILE_STATUS {volume=volume71936, bucket=bucket43760, key=.Trash, dataSize=0, replicationConfig=null} | ret=FAILURE
org.apache.hadoop.ozone.om.exceptions.OMException: Unable to get file status: volume: volume71936 bucket: bucket43760 key: .Trash
	at org.apache.hadoop.ozone.om.KeyManagerImpl.getOzoneFileStatusFSO(KeyManagerImpl.java:1310) ~[ozone-manager-1.4.0-SNAPSHOT.jar:?]
	at org.apache.hadoop.ozone.om.KeyManagerImpl.getFileStatus(KeyManagerImpl.java:1102) ~[ozone-manager-1.4.0-SNAPSHOT.jar:?]
	at org.apache.hadoop.ozone.om.OmMetadataReader.getFileStatus(OmMetadataReader.java:286) ~[ozone-manager-1.4.0-SNAPSHOT.jar:?]
	at org.apache.hadoop.ozone.om.OzoneManager.getFileStatus(OzoneManager.java:3499) ~[ozone-manager-1.4.0-SNAPSHOT.jar:?]
	at org.apache.hadoop.ozone.protocolPB.OzoneManagerRequestHandler.getOzoneFileStatus(OzoneManagerRequestHandler.java:950) ~[ozone-manager-1.4.0-SNAPSHOT.jar:?]
	at org.apache.hadoop.ozone.protocolPB.OzoneManagerRequestHandler.handleReadRequest(OzoneManagerRequestHandler.java:245) ~[ozone-manager-1.4.0-SNAPSHOT.jar:?]
	at org.apache.hadoop.ozone.protocolPB.OzoneManagerProtocolServerSideTranslatorPB.submitRequestDirectlyToOM(OzoneManagerProtocolServerSideTranslatorPB.java:272) ~[ozone-manager-1.4.0-SNAPSHOT.jar:?]
	at org.apache.hadoop.ozone.protocolPB.OzoneManagerProtocolServerSideTranslatorPB.processRequest(OzoneManagerProtocolServerSideTranslatorPB.java:173) ~[ozone-manager-1.4.0-SNAPSHOT.jar:?]
	at org.apache.hadoop.hdds.server.OzoneProtocolMessageDispatcher.processRequest(OzoneProtocolMessageDispatcher.java:87) [hdds-server-framework-1.4.0-SNAPSHOT.jar:?]
	at org.apache.hadoop.ozone.protocolPB.OzoneManagerProtocolServerSideTranslatorPB.submitRequest(OzoneManagerProtocolServerSideTranslatorPB.java:147) [ozone-manager-1.4.0-SNAPSHOT.jar:?]
	at org.apache.hadoop.ozone.protocol.proto.OzoneManagerProtocolProtos$OzoneManagerService$2.callBlockingMethod(OzoneManagerProtocolProtos.java) [ozone-interface-client-1.4.0-SNAPSHOT.jar:?]
	at org.apache.hadoop.ipc.ProtobufRpcEngine$Server.processCall(ProtobufRpcEngine.java:484) [hadoop-common-3.3.5.jar:?]
	at org.apache.hadoop.ipc.ProtobufRpcEngine2$Server$ProtoBufRpcInvoker.call(ProtobufRpcEngine2.java:595) [hadoop-common-3.3.5.jar:?]
	at org.apache.hadoop.ipc.ProtobufRpcEngine2$Server$ProtoBufRpcInvoker.call(ProtobufRpcEngine2.java:573) [hadoop-common-3.3.5.jar:?]
	at org.apache.hadoop.ipc.RPC$Server.call(RPC.java:1213) [hadoop-common-3.3.5.jar:?]
	at org.apache.hadoop.ipc.Server$RpcCall.run(Server.java:1089) [hadoop-common-3.3.5.jar:?]
	at org.apache.hadoop.ipc.Server$RpcCall.run(Server.java:1012) [hadoop-common-3.3.5.jar:?]
	at java.security.AccessController.doPrivileged(Native Method) ~[?:1.8.0_372]
	at javax.security.auth.Subject.doAs(Subject.java:422) [?:1.8.0_372]
	at org.apache.hadoop.security.UserGroupInformation.doAs(UserGroupInformation.java:1899) [hadoop-common-3.3.5.jar:?]
	at org.apache.hadoop.ipc.Server$Handler.run(Server.java:3026) [hadoop-common-3.3.5.jar:?]
13:18:41.932 [IPC Server handler 10 on default port 15057] ERROR OMAudit - user=runner | ip=127.0.0.1 | op=GET_FILE_STATUS {volume=volume74919, bucket=bucket27337, key=.Trash, dataSize=0, replicationConfig=null} | ret=FAILURE
org.apache.hadoop.ozone.om.exceptions.OMException: Unable to get file status: volume: volume74919 bucket: bucket27337 key: .Trash
	at org.apache.hadoop.ozone.om.KeyManagerImpl.getOzoneFileStatusFSO(KeyManagerImpl.java:1310) ~[ozone-manager-1.4.0-SNAPSHOT.jar:?]
	at org.apache.hadoop.ozone.om.KeyManagerImpl.getFileStatus(KeyManagerImpl.java:1102) ~[ozone-manager-1.4.0-SNAPSHOT.jar:?]
	at org.apache.hadoop.ozone.om.OmMetadataReader.getFileStatus(OmMetadataReader.java:286) ~[ozone-manager-1.4.0-SNAPSHOT.jar:?]
	at org.apache.hadoop.ozone.om.OzoneManager.getFileStatus(OzoneManager.java:3499) ~[ozone-manager-1.4.0-SNAPSHOT.jar:?]
	at org.apache.hadoop.ozone.protocolPB.OzoneManagerRequestHandler.getOzoneFileStatus(OzoneManagerRequestHandler.java:950) ~[ozone-manager-1.4.0-SNAPSHOT.jar:?]
	at org.apache.hadoop.ozone.protocolPB.OzoneManagerRequestHandler.handleReadRequest(OzoneManagerRequestHandler.java:245) ~[ozone-manager-1.4.0-SNAPSHOT.jar:?]
	at org.apache.hadoop.ozone.protocolPB.OzoneManagerProtocolServerSideTranslatorPB.submitRequestDirectlyToOM(OzoneManagerProtocolServerSideTranslatorPB.java:272) ~[ozone-manager-1.4.0-SNAPSHOT.jar:?]
	at org.apache.hadoop.ozone.protocolPB.OzoneManagerProtocolServerSideTranslatorPB.processRequest(OzoneManagerProtocolServerSideTranslatorPB.java:173) ~[ozone-manager-1.4.0-SNAPSHOT.jar:?]
	at org.apache.hadoop.hdds.server.OzoneProtocolMessageDispatcher.processRequest(OzoneProtocolMessageDispatcher.java:87) [hdds-server-framework-1.4.0-SNAPSHOT.jar:?]
	at org.apache.hadoop.ozone.protocolPB.OzoneManagerProtocolServerSideTranslatorPB.submitRequest(OzoneManagerProtocolServerSideTranslatorPB.java:147) [ozone-manager-1.4.0-SNAPSHOT.jar:?]
	at org.apache.hadoop.ozone.protocol.proto.OzoneManagerProtocolProtos$OzoneManagerService$2.callBlockingMethod(OzoneManagerProtocolProtos.java) [ozone-interface-client-1.4.0-SNAPSHOT.jar:?]
	at org.apache.hadoop.ipc.ProtobufRpcEngine$Server.processCall(ProtobufRpcEngine.java:484) [hadoop-common-3.3.5.jar:?]
	at org.apache.hadoop.ipc.ProtobufRpcEngine2$Server$ProtoBufRpcInvoker.call(ProtobufRpcEngine2.java:595) [hadoop-common-3.3.5.jar:?]
	at org.apache.hadoop.ipc.ProtobufRpcEngine2$Server$ProtoBufRpcInvoker.call(ProtobufRpcEngine2.java:573) [hadoop-common-3.3.5.jar:?]
	at org.apache.hadoop.ipc.RPC$Server.call(RPC.java:1213) [hadoop-common-3.3.5.jar:?]
	at org.apache.hadoop.ipc.Server$RpcCall.run(Server.java:1089) [hadoop-common-3.3.5.jar:?]
	at org.apache.hadoop.ipc.Server$RpcCall.run(Server.java:1012) [hadoop-common-3.3.5.jar:?]
	at java.security.AccessController.doPrivileged(Native Method) ~[?:1.8.0_372]
	at javax.security.auth.Subject.doAs(Subject.java:422) [?:1.8.0_372]
	at org.apache.hadoop.security.UserGroupInformation.doAs(UserGroupInformation.java:1899) [hadoop-common-3.3.5.jar:?]
	at org.apache.hadoop.ipc.Server$Handler.run(Server.java:3026) [hadoop-common-3.3.5.jar:?]
13:18:41.939 [IPC Server handler 2 on default port 15057] ERROR OMAudit - user=runner | ip=127.0.0.1 | op=GET_FILE_STATUS {volume=volume31627, bucket=bucket48843, key=.Trash/runner, dataSize=0, replicationConfig=null} | ret=FAILURE
org.apache.hadoop.ozone.om.exceptions.OMException: Unable to get file status: volume: volume31627 bucket: bucket48843 key: .Trash/runner
	at org.apache.hadoop.ozone.om.KeyManagerImpl.getOzoneFileStatusFSO(KeyManagerImpl.java:1310) ~[ozone-manager-1.4.0-SNAPSHOT.jar:?]
	at org.apache.hadoop.ozone.om.KeyManagerImpl.getFileStatus(KeyManagerImpl.java:1102) ~[ozone-manager-1.4.0-SNAPSHOT.jar:?]
	at org.apache.hadoop.ozone.om.OmMetadataReader.getFileStatus(OmMetadataReader.java:286) ~[ozone-manager-1.4.0-SNAPSHOT.jar:?]
	at org.apache.hadoop.ozone.om.OzoneManager.getFileStatus(OzoneManager.java:3499) ~[ozone-manager-1.4.0-SNAPSHOT.jar:?]
	at org.apache.hadoop.ozone.protocolPB.OzoneManagerRequestHandler.getOzoneFileStatus(OzoneManagerRequestHandler.java:950) ~[ozone-manager-1.4.0-SNAPSHOT.jar:?]
	at org.apache.hadoop.ozone.protocolPB.OzoneManagerRequestHandler.handleReadRequest(OzoneManagerRequestHandler.java:245) ~[ozone-manager-1.4.0-SNAPSHOT.jar:?]
	at org.apache.hadoop.ozone.protocolPB.OzoneManagerProtocolServerSideTranslatorPB.submitRequestDirectlyToOM(OzoneManagerProtocolServerSideTranslatorPB.java:272) ~[ozone-manager-1.4.0-SNAPSHOT.jar:?]
	at org.apache.hadoop.ozone.protocolPB.OzoneManagerProtocolServerSideTranslatorPB.processRequest(OzoneManagerProtocolServerSideTranslatorPB.java:173) ~[ozone-manager-1.4.0-SNAPSHOT.jar:?]
	at org.apache.hadoop.hdds.server.OzoneProtocolMessageDispatcher.processRequest(OzoneProtocolMessageDispatcher.java:87) [hdds-server-framework-1.4.0-SNAPSHOT.jar:?]
	at org.apache.hadoop.ozone.protocolPB.OzoneManagerProtocolServerSideTranslatorPB.submitRequest(OzoneManagerProtocolServerSideTranslatorPB.java:147) [ozone-manager-1.4.0-SNAPSHOT.jar:?]
	at org.apache.hadoop.ozone.protocol.proto.OzoneManagerProtocolProtos$OzoneManagerService$2.callBlockingMethod(OzoneManagerProtocolProtos.java) [ozone-interface-client-1.4.0-SNAPSHOT.jar:?]
	at org.apache.hadoop.ipc.ProtobufRpcEngine$Server.processCall(ProtobufRpcEngine.java:484) [hadoop-common-3.3.5.jar:?]
	at org.apache.hadoop.ipc.ProtobufRpcEngine2$Server$ProtoBufRpcInvoker.call(ProtobufRpcEngine2.java:595) [hadoop-common-3.3.5.jar:?]
	at org.apache.hadoop.ipc.ProtobufRpcEngine2$Server$ProtoBufRpcInvoker.call(ProtobufRpcEngine2.java:573) [hadoop-common-3.3.5.jar:?]
	at org.apache.hadoop.ipc.RPC$Server.call(RPC.java:1213) [hadoop-common-3.3.5.jar:?]
	at org.apache.hadoop.ipc.Server$RpcCall.run(Server.java:1089) [hadoop-common-3.3.5.jar:?]
	at org.apache.hadoop.ipc.Server$RpcCall.run(Server.java:1012) [hadoop-common-3.3.5.jar:?]
	at java.security.AccessController.doPrivileged(Native Method) ~[?:1.8.0_372]
	at javax.security.auth.Subject.doAs(Subject.java:422) [?:1.8.0_372]
	at org.apache.hadoop.security.UserGroupInformation.doAs(UserGroupInformation.java:1899) [hadoop-common-3.3.5.jar:?]
	at org.apache.hadoop.ipc.Server$Handler.run(Server.java:3026) [hadoop-common-3.3.5.jar:?]
13:18:41.941 [IPC Server handler 11 on default port 15057] ERROR OMAudit - user=runner | ip=127.0.0.1 | op=GET_FILE_STATUS {volume=1e0fb29f-2768-427c-a1d2-1165c39a292e, bucket=10f607db-6ef6-4baa-8979-68dc90e0672c, key=.Trash, dataSize=0, replicationConfig=null} | ret=FAILURE
org.apache.hadoop.ozone.om.exceptions.OMException: Unable to get file status: volume: 1e0fb29f-2768-427c-a1d2-1165c39a292e bucket: 10f607db-6ef6-4baa-8979-68dc90e0672c key: .Trash
	at org.apache.hadoop.ozone.om.KeyManagerImpl.getOzoneFileStatus(KeyManagerImpl.java:1186) ~[ozone-manager-1.4.0-SNAPSHOT.jar:?]
	at org.apache.hadoop.ozone.om.KeyManagerImpl.getFileStatus(KeyManagerImpl.java:1104) ~[ozone-manager-1.4.0-SNAPSHOT.jar:?]
	at org.apache.hadoop.ozone.om.OmMetadataReader.getFileStatus(OmMetadataReader.java:286) ~[ozone-manager-1.4.0-SNAPSHOT.jar:?]
	at org.apache.hadoop.ozone.om.OzoneManager.getFileStatus(OzoneManager.java:3499) ~[ozone-manager-1.4.0-SNAPSHOT.jar:?]
	at org.apache.hadoop.ozone.protocolPB.OzoneManagerRequestHandler.getOzoneFileStatus(OzoneManagerRequestHandler.java:950) ~[ozone-manager-1.4.0-SNAPSHOT.jar:?]
	at org.apache.hadoop.ozone.protocolPB.OzoneManagerRequestHandler.handleReadRequest(OzoneManagerRequestHandler.java:245) ~[ozone-manager-1.4.0-SNAPSHOT.jar:?]
	at org.apache.hadoop.ozone.protocolPB.OzoneManagerProtocolServerSideTranslatorPB.submitRequestDirectlyToOM(OzoneManagerProtocolServerSideTranslatorPB.java:272) ~[ozone-manager-1.4.0-SNAPSHOT.jar:?]
	at org.apache.hadoop.ozone.protocolPB.OzoneManagerProtocolServerSideTranslatorPB.processRequest(OzoneManagerProtocolServerSideTranslatorPB.java:173) ~[ozone-manager-1.4.0-SNAPSHOT.jar:?]
	at org.apache.hadoop.hdds.server.OzoneProtocolMessageDispatcher.processRequest(OzoneProtocolMessageDispatcher.java:87) [hdds-server-framework-1.4.0-SNAPSHOT.jar:?]
	at org.apache.hadoop.ozone.protocolPB.OzoneManagerProtocolServerSideTranslatorPB.submitRequest(OzoneManagerProtocolServerSideTranslatorPB.java:147) [ozone-manager-1.4.0-SNAPSHOT.jar:?]
	at org.apache.hadoop.ozone.protocol.proto.OzoneManagerProtocolProtos$OzoneManagerService$2.callBlockingMethod(OzoneManagerProtocolProtos.java) [ozone-interface-client-1.4.0-SNAPSHOT.jar:?]
	at org.apache.hadoop.ipc.ProtobufRpcEngine$Server.processCall(ProtobufRpcEngine.java:484) [hadoop-common-3.3.5.jar:?]
	at org.apache.hadoop.ipc.ProtobufRpcEngine2$Server$ProtoBufRpcInvoker.call(ProtobufRpcEngine2.java:595) [hadoop-common-3.3.5.jar:?]
	at org.apache.hadoop.ipc.ProtobufRpcEngine2$Server$ProtoBufRpcInvoker.call(ProtobufRpcEngine2.java:573) [hadoop-common-3.3.5.jar:?]
	at org.apache.hadoop.ipc.RPC$Server.call(RPC.java:1213) [hadoop-common-3.3.5.jar:?]
	at org.apache.hadoop.ipc.Server$RpcCall.run(Server.java:1089) [hadoop-common-3.3.5.jar:?]
	at org.apache.hadoop.ipc.Server$RpcCall.run(Server.java:1012) [hadoop-common-3.3.5.jar:?]
	at java.security.AccessController.doPrivileged(Native Method) ~[?:1.8.0_372]
	at javax.security.auth.Subject.doAs(Subject.java:422) [?:1.8.0_372]
	at org.apache.hadoop.security.UserGroupInformation.doAs(UserGroupInformation.java:1899) [hadoop-common-3.3.5.jar:?]
	at org.apache.hadoop.ipc.Server$Handler.run(Server.java:3026) [hadoop-common-3.3.5.jar:?]
13:18:41.945 [IPC Server handler 6 on default port 15057] ERROR OMAudit - user=runner | ip=127.0.0.1 | op=GET_FILE_STATUS {volume=volume74919, bucket=bucket27337, key=.Trash, dataSize=0, replicationConfig=null} | ret=FAILURE
org.apache.hadoop.ozone.om.exceptions.OMException: Unable to get file status: volume: volume74919 bucket: bucket27337 key: .Trash
	at org.apache.hadoop.ozone.om.KeyManagerImpl.getOzoneFileStatusFSO(KeyManagerImpl.java:1310) ~[ozone-manager-1.4.0-SNAPSHOT.jar:?]
	at org.apache.hadoop.ozone.om.KeyManagerImpl.getFileStatus(KeyManagerImpl.java:1102) ~[ozone-manager-1.4.0-SNAPSHOT.jar:?]
	at org.apache.hadoop.ozone.om.OmMetadataReader.getFileStatus(OmMetadataReader.java:286) ~[ozone-manager-1.4.0-SNAPSHOT.jar:?]
	at org.apache.hadoop.ozone.om.OzoneManager.getFileStatus(OzoneManager.java:3499) ~[ozone-manager-1.4.0-SNAPSHOT.jar:?]
	at org.apache.hadoop.ozone.protocolPB.OzoneManagerRequestHandler.getOzoneFileStatus(OzoneManagerRequestHandler.java:950) ~[ozone-manager-1.4.0-SNAPSHOT.jar:?]
	at org.apache.hadoop.ozone.protocolPB.OzoneManagerRequestHandler.handleReadRequest(OzoneManagerRequestHandler.java:245) ~[ozone-manager-1.4.0-SNAPSHOT.jar:?]
	at org.apache.hadoop.ozone.protocolPB.OzoneManagerProtocolServerSideTranslatorPB.submitRequestDirectlyToOM(OzoneManagerProtocolServerSideTranslatorPB.java:272) ~[ozone-manager-1.4.0-SNAPSHOT.jar:?]
	at org.apache.hadoop.ozone.protocolPB.OzoneManagerProtocolServerSideTranslatorPB.processRequest(OzoneManagerProtocolServerSideTranslatorPB.java:173) ~[ozone-manager-1.4.0-SNAPSHOT.jar:?]
	at org.apache.hadoop.hdds.server.OzoneProtocolMessageDispatcher.processRequest(OzoneProtocolMessageDispatcher.java:87) [hdds-server-framework-1.4.0-SNAPSHOT.jar:?]
	at org.apache.hadoop.ozone.protocolPB.OzoneManagerProtocolServerSideTranslatorPB.submitRequest(OzoneManagerProtocolServerSideTranslatorPB.java:147) [ozone-manager-1.4.0-SNAPSHOT.jar:?]
	at org.apache.hadoop.ozone.protocol.proto.OzoneManagerProtocolProtos$OzoneManagerService$2.callBlockingMethod(OzoneManagerProtocolProtos.java) [ozone-interface-client-1.4.0-SNAPSHOT.jar:?]
	at org.apache.hadoop.ipc.ProtobufRpcEngine$Server.processCall(ProtobufRpcEngine.java:484) [hadoop-common-3.3.5.jar:?]
	at org.apache.hadoop.ipc.ProtobufRpcEngine2$Server$ProtoBufRpcInvoker.call(ProtobufRpcEngine2.java:595) [hadoop-common-3.3.5.jar:?]
	at org.apache.hadoop.ipc.ProtobufRpcEngine2$Server$ProtoBufRpcInvoker.call(ProtobufRpcEngine2.java:573) [hadoop-common-3.3.5.jar:?]
	at org.apache.hadoop.ipc.RPC$Server.call(RPC.java:1213) [hadoop-common-3.3.5.jar:?]
	at org.apache.hadoop.ipc.Server$RpcCall.run(Server.java:1089) [hadoop-common-3.3.5.jar:?]
	at org.apache.hadoop.ipc.Server$RpcCall.run(Server.java:1012) [hadoop-common-3.3.5.jar:?]
	at java.security.AccessController.doPrivileged(Native Method) ~[?:1.8.0_372]
	at javax.security.auth.Subject.doAs(Subject.java:422) [?:1.8.0_372]
	at org.apache.hadoop.security.UserGroupInformation.doAs(UserGroupInformation.java:1899) [hadoop-common-3.3.5.jar:?]
	at org.apache.hadoop.ipc.Server$Handler.run(Server.java:3026) [hadoop-common-3.3.5.jar:?]
]]></system-out>
  </testcase>
  <testcase name="testCreateDoesNotAddParentDirKeys" classname="TestRootedOzoneFileSystemWithFSO" time="0.042">
    <system-out><![CDATA[2023-06-22 13:17:29,003 [Time-limited test] INFO  rpc.RpcClient (RpcClient.java:createVolume(459)) - Creating Volume: volume02855, with user82156 as owner and space quota set to -1 bytes, counts quota set to -1
2023-06-22 13:17:29,005 [OM StateMachine ApplyTransaction Thread - 0] INFO  volume.OMVolumeCreateRequest (OMVolumeCreateRequest.java:validateAndUpdateCache(196)) - created volume:volume02855 for user:user82156
2023-06-22 13:17:29,006 [Time-limited test] INFO  rpc.RpcClient (RpcClient.java:createBucket(686)) - Creating Bucket: volume02855/bucket69400, with bucket layout FILE_SYSTEM_OPTIMIZED, runner as owner, Versioning false, Storage Type set to DISK and Encryption set to false, Replication Type set to server-side default replication type, Namespace Quota set to -1, Space Quota set to -1 
2023-06-22 13:17:29,007 [OM StateMachine ApplyTransaction Thread - 0] INFO  bucket.OMBucketCreateRequest (OMBucketCreateRequest.java:validateAndUpdateCache(270)) - created bucket: bucket69400 of layout FILE_SYSTEM_OPTIMIZED in volume: volume02855
]]></system-out>
  </testcase>
  <testcase name="testCreateDoesNotAddParentDirKeys" classname="TestRootedOzoneFileSystemWithFSO" time="0.027">
    <system-out><![CDATA[2023-06-22 13:18:41,962 [Time-limited test] INFO  rpc.RpcClient (RpcClient.java:createVolume(459)) - Creating Volume: volume86343, with user51988 as owner and space quota set to -1 bytes, counts quota set to -1
2023-06-22 13:18:41,963 [IPC Server handler 8 on default port 15057] INFO  volume.OMVolumeCreateRequest (OMVolumeCreateRequest.java:validateAndUpdateCache(196)) - created volume:volume86343 for user:user51988
2023-06-22 13:18:41,964 [Time-limited test] INFO  rpc.RpcClient (RpcClient.java:createBucket(686)) - Creating Bucket: volume86343/bucket47961, with bucket layout FILE_SYSTEM_OPTIMIZED, runner as owner, Versioning false, Storage Type set to DISK and Encryption set to false, Replication Type set to server-side default replication type, Namespace Quota set to -1, Space Quota set to -1 
2023-06-22 13:18:41,964 [IPC Server handler 10 on default port 15057] INFO  bucket.OMBucketCreateRequest (OMBucketCreateRequest.java:validateAndUpdateCache(270)) - created bucket: bucket47961 of layout FILE_SYSTEM_OPTIMIZED in volume: volume86343
]]></system-out>
  </testcase>
  <testcase name="testSharedTmpDir" classname="TestRootedOzoneFileSystemWithFSO" time="0.143">
    <system-out><![CDATA[2023-06-22 13:17:29,047 [Time-limited test] INFO  rpc.RpcClient (RpcClient.java:createVolume(459)) - Creating Volume: volume66769, with user26385 as owner and space quota set to -1 bytes, counts quota set to -1
2023-06-22 13:17:29,049 [OM StateMachine ApplyTransaction Thread - 0] INFO  volume.OMVolumeCreateRequest (OMVolumeCreateRequest.java:validateAndUpdateCache(196)) - created volume:volume66769 for user:user26385
2023-06-22 13:17:29,050 [Time-limited test] INFO  rpc.RpcClient (RpcClient.java:createBucket(686)) - Creating Bucket: volume66769/bucket77036, with bucket layout FILE_SYSTEM_OPTIMIZED, runner as owner, Versioning false, Storage Type set to DISK and Encryption set to false, Replication Type set to server-side default replication type, Namespace Quota set to -1, Space Quota set to -1 
2023-06-22 13:17:29,052 [OM StateMachine ApplyTransaction Thread - 0] INFO  bucket.OMBucketCreateRequest (OMBucketCreateRequest.java:validateAndUpdateCache(270)) - created bucket: bucket77036 of layout FILE_SYSTEM_OPTIMIZED in volume: volume66769
2023-06-22 13:17:29,068 [Time-limited test] INFO  rpc.RpcClient (RpcClient.java:createVolume(459)) - Creating Volume: tmp, with admin as owner and space quota set to 9223372036854775807 bytes, counts quota set to 1000
2023-06-22 13:17:29,070 [OM StateMachine ApplyTransaction Thread - 0] INFO  volume.OMVolumeCreateRequest (OMVolumeCreateRequest.java:validateAndUpdateCache(196)) - created volume:tmp for user:admin
13:17:29.072 [IPC Server handler 6 on default port 15004] ERROR OMAudit - user=runner | ip=127.0.0.1 | op=READ_BUCKET {volume=tmp, bucket=4bad0b8dd3074cd43f641c2ac22a3571} | ret=FAILURE
org.apache.hadoop.ozone.om.exceptions.OMException: Bucket not found
	at org.apache.hadoop.ozone.om.BucketManagerImpl.getBucketInfo(BucketManagerImpl.java:85) ~[ozone-manager-1.4.0-SNAPSHOT.jar:?]
	at org.apache.hadoop.ozone.om.OzoneManager.getBucketInfo(OzoneManager.java:2777) ~[ozone-manager-1.4.0-SNAPSHOT.jar:?]
	at org.apache.hadoop.ozone.protocolPB.OzoneManagerRequestHandler.infoBucket(OzoneManagerRequestHandler.java:524) ~[ozone-manager-1.4.0-SNAPSHOT.jar:?]
	at org.apache.hadoop.ozone.protocolPB.OzoneManagerRequestHandler.handleReadRequest(OzoneManagerRequestHandler.java:195) ~[ozone-manager-1.4.0-SNAPSHOT.jar:?]
	at org.apache.hadoop.ozone.protocolPB.OzoneManagerProtocolServerSideTranslatorPB.submitReadRequestToOM(OzoneManagerProtocolServerSideTranslatorPB.java:223) ~[ozone-manager-1.4.0-SNAPSHOT.jar:?]
	at org.apache.hadoop.ozone.protocolPB.OzoneManagerProtocolServerSideTranslatorPB.processRequest(OzoneManagerProtocolServerSideTranslatorPB.java:177) ~[ozone-manager-1.4.0-SNAPSHOT.jar:?]
	at org.apache.hadoop.hdds.server.OzoneProtocolMessageDispatcher.processRequest(OzoneProtocolMessageDispatcher.java:87) [hdds-server-framework-1.4.0-SNAPSHOT.jar:?]
	at org.apache.hadoop.ozone.protocolPB.OzoneManagerProtocolServerSideTranslatorPB.submitRequest(OzoneManagerProtocolServerSideTranslatorPB.java:147) [ozone-manager-1.4.0-SNAPSHOT.jar:?]
	at org.apache.hadoop.ozone.protocol.proto.OzoneManagerProtocolProtos$OzoneManagerService$2.callBlockingMethod(OzoneManagerProtocolProtos.java) [ozone-interface-client-1.4.0-SNAPSHOT.jar:?]
	at org.apache.hadoop.ipc.ProtobufRpcEngine$Server.processCall(ProtobufRpcEngine.java:484) [hadoop-common-3.3.5.jar:?]
	at org.apache.hadoop.ipc.ProtobufRpcEngine2$Server$ProtoBufRpcInvoker.call(ProtobufRpcEngine2.java:595) [hadoop-common-3.3.5.jar:?]
	at org.apache.hadoop.ipc.ProtobufRpcEngine2$Server$ProtoBufRpcInvoker.call(ProtobufRpcEngine2.java:573) [hadoop-common-3.3.5.jar:?]
	at org.apache.hadoop.ipc.RPC$Server.call(RPC.java:1213) [hadoop-common-3.3.5.jar:?]
	at org.apache.hadoop.ipc.Server$RpcCall.run(Server.java:1089) [hadoop-common-3.3.5.jar:?]
	at org.apache.hadoop.ipc.Server$RpcCall.run(Server.java:1012) [hadoop-common-3.3.5.jar:?]
	at java.security.AccessController.doPrivileged(Native Method) ~[?:1.8.0_372]
	at javax.security.auth.Subject.doAs(Subject.java:422) [?:1.8.0_372]
	at org.apache.hadoop.security.UserGroupInformation.doAs(UserGroupInformation.java:1899) [hadoop-common-3.3.5.jar:?]
	at org.apache.hadoop.ipc.Server$Handler.run(Server.java:3026) [hadoop-common-3.3.5.jar:?]
2023-06-22 13:17:29,073 [Time-limited test] INFO  rpc.RpcClient (RpcClient.java:createBucket(686)) - Creating Bucket: tmp/tmp, with server-side default bucket layout, admin as owner, Versioning false, Storage Type set to DISK and Encryption set to false, Replication Type set to server-side default replication type, Namespace Quota set to 1000, Space Quota set to 9223372036854775807 
2023-06-22 13:17:29,074 [OM StateMachine ApplyTransaction Thread - 0] INFO  bucket.OMBucketCreateRequest (OMBucketCreateRequest.java:validateAndUpdateCache(270)) - created bucket: tmp of layout FILE_SYSTEM_OPTIMIZED in volume: tmp
13:17:29.164 [IPC Server handler 17 on default port 15004] ERROR OMAudit - user=runner | ip=127.0.0.1 | op=READ_BUCKET {volume=tmp, bucket=tmp} | ret=FAILURE
org.apache.hadoop.ozone.om.exceptions.OMException: Bucket not found
	at org.apache.hadoop.ozone.om.BucketManagerImpl.getBucketInfo(BucketManagerImpl.java:85) ~[ozone-manager-1.4.0-SNAPSHOT.jar:?]
	at org.apache.hadoop.ozone.om.OzoneManager.getBucketInfo(OzoneManager.java:2777) ~[ozone-manager-1.4.0-SNAPSHOT.jar:?]
	at org.apache.hadoop.ozone.protocolPB.OzoneManagerRequestHandler.infoBucket(OzoneManagerRequestHandler.java:524) ~[ozone-manager-1.4.0-SNAPSHOT.jar:?]
	at org.apache.hadoop.ozone.protocolPB.OzoneManagerRequestHandler.handleReadRequest(OzoneManagerRequestHandler.java:195) ~[ozone-manager-1.4.0-SNAPSHOT.jar:?]
	at org.apache.hadoop.ozone.protocolPB.OzoneManagerProtocolServerSideTranslatorPB.submitReadRequestToOM(OzoneManagerProtocolServerSideTranslatorPB.java:223) ~[ozone-manager-1.4.0-SNAPSHOT.jar:?]
	at org.apache.hadoop.ozone.protocolPB.OzoneManagerProtocolServerSideTranslatorPB.processRequest(OzoneManagerProtocolServerSideTranslatorPB.java:177) ~[ozone-manager-1.4.0-SNAPSHOT.jar:?]
	at org.apache.hadoop.hdds.server.OzoneProtocolMessageDispatcher.processRequest(OzoneProtocolMessageDispatcher.java:87) [hdds-server-framework-1.4.0-SNAPSHOT.jar:?]
	at org.apache.hadoop.ozone.protocolPB.OzoneManagerProtocolServerSideTranslatorPB.submitRequest(OzoneManagerProtocolServerSideTranslatorPB.java:147) [ozone-manager-1.4.0-SNAPSHOT.jar:?]
	at org.apache.hadoop.ozone.protocol.proto.OzoneManagerProtocolProtos$OzoneManagerService$2.callBlockingMethod(OzoneManagerProtocolProtos.java) [ozone-interface-client-1.4.0-SNAPSHOT.jar:?]
	at org.apache.hadoop.ipc.ProtobufRpcEngine$Server.processCall(ProtobufRpcEngine.java:484) [hadoop-common-3.3.5.jar:?]
	at org.apache.hadoop.ipc.ProtobufRpcEngine2$Server$ProtoBufRpcInvoker.call(ProtobufRpcEngine2.java:595) [hadoop-common-3.3.5.jar:?]
	at org.apache.hadoop.ipc.ProtobufRpcEngine2$Server$ProtoBufRpcInvoker.call(ProtobufRpcEngine2.java:573) [hadoop-common-3.3.5.jar:?]
	at org.apache.hadoop.ipc.RPC$Server.call(RPC.java:1213) [hadoop-common-3.3.5.jar:?]
	at org.apache.hadoop.ipc.Server$RpcCall.run(Server.java:1089) [hadoop-common-3.3.5.jar:?]
	at org.apache.hadoop.ipc.Server$RpcCall.run(Server.java:1012) [hadoop-common-3.3.5.jar:?]
	at java.security.AccessController.doPrivileged(Native Method) ~[?:1.8.0_372]
	at javax.security.auth.Subject.doAs(Subject.java:422) [?:1.8.0_372]
	at org.apache.hadoop.security.UserGroupInformation.doAs(UserGroupInformation.java:1899) [hadoop-common-3.3.5.jar:?]
	at org.apache.hadoop.ipc.Server$Handler.run(Server.java:3026) [hadoop-common-3.3.5.jar:?]
13:17:29.165 [IPC Server handler 12 on default port 15004] ERROR OMAudit - user=runner | ip=127.0.0.1 | op=READ_BUCKET {volume=tmp, bucket=tmp} | ret=FAILURE
org.apache.hadoop.ozone.om.exceptions.OMException: Bucket not found
	at org.apache.hadoop.ozone.om.BucketManagerImpl.getBucketInfo(BucketManagerImpl.java:85) ~[ozone-manager-1.4.0-SNAPSHOT.jar:?]
	at org.apache.hadoop.ozone.om.OzoneManager.getBucketInfo(OzoneManager.java:2777) ~[ozone-manager-1.4.0-SNAPSHOT.jar:?]
	at org.apache.hadoop.ozone.protocolPB.OzoneManagerRequestHandler.infoBucket(OzoneManagerRequestHandler.java:524) ~[ozone-manager-1.4.0-SNAPSHOT.jar:?]
	at org.apache.hadoop.ozone.protocolPB.OzoneManagerRequestHandler.handleReadRequest(OzoneManagerRequestHandler.java:195) ~[ozone-manager-1.4.0-SNAPSHOT.jar:?]
	at org.apache.hadoop.ozone.protocolPB.OzoneManagerProtocolServerSideTranslatorPB.submitReadRequestToOM(OzoneManagerProtocolServerSideTranslatorPB.java:223) ~[ozone-manager-1.4.0-SNAPSHOT.jar:?]
	at org.apache.hadoop.ozone.protocolPB.OzoneManagerProtocolServerSideTranslatorPB.processRequest(OzoneManagerProtocolServerSideTranslatorPB.java:177) ~[ozone-manager-1.4.0-SNAPSHOT.jar:?]
	at org.apache.hadoop.hdds.server.OzoneProtocolMessageDispatcher.processRequest(OzoneProtocolMessageDispatcher.java:87) [hdds-server-framework-1.4.0-SNAPSHOT.jar:?]
	at org.apache.hadoop.ozone.protocolPB.OzoneManagerProtocolServerSideTranslatorPB.submitRequest(OzoneManagerProtocolServerSideTranslatorPB.java:147) [ozone-manager-1.4.0-SNAPSHOT.jar:?]
	at org.apache.hadoop.ozone.protocol.proto.OzoneManagerProtocolProtos$OzoneManagerService$2.callBlockingMethod(OzoneManagerProtocolProtos.java) [ozone-interface-client-1.4.0-SNAPSHOT.jar:?]
	at org.apache.hadoop.ipc.ProtobufRpcEngine$Server.processCall(ProtobufRpcEngine.java:484) [hadoop-common-3.3.5.jar:?]
	at org.apache.hadoop.ipc.ProtobufRpcEngine2$Server$ProtoBufRpcInvoker.call(ProtobufRpcEngine2.java:595) [hadoop-common-3.3.5.jar:?]
	at org.apache.hadoop.ipc.ProtobufRpcEngine2$Server$ProtoBufRpcInvoker.call(ProtobufRpcEngine2.java:573) [hadoop-common-3.3.5.jar:?]
	at org.apache.hadoop.ipc.RPC$Server.call(RPC.java:1213) [hadoop-common-3.3.5.jar:?]
	at org.apache.hadoop.ipc.Server$RpcCall.run(Server.java:1089) [hadoop-common-3.3.5.jar:?]
	at org.apache.hadoop.ipc.Server$RpcCall.run(Server.java:1012) [hadoop-common-3.3.5.jar:?]
	at java.security.AccessController.doPrivileged(Native Method) ~[?:1.8.0_372]
	at javax.security.auth.Subject.doAs(Subject.java:422) [?:1.8.0_372]
	at org.apache.hadoop.security.UserGroupInformation.doAs(UserGroupInformation.java:1899) [hadoop-common-3.3.5.jar:?]
	at org.apache.hadoop.ipc.Server$Handler.run(Server.java:3026) [hadoop-common-3.3.5.jar:?]
2023-06-22 13:17:29,165 [Time-limited test] ERROR ozone.BasicRootedOzoneFileSystem (BasicRootedOzoneFileSystem.java:isLinkBucket(757)) - Exception while getting bucket link information, considered it as false
BUCKET_NOT_FOUND org.apache.hadoop.ozone.om.exceptions.OMException: Bucket not found
	at org.apache.hadoop.ozone.om.protocolPB.OzoneManagerProtocolClientSideTranslatorPB.handleError(OzoneManagerProtocolClientSideTranslatorPB.java:713)
	at org.apache.hadoop.ozone.om.protocolPB.OzoneManagerProtocolClientSideTranslatorPB.getBucketInfo(OzoneManagerProtocolClientSideTranslatorPB.java:562)
	at org.apache.hadoop.ozone.client.rpc.RpcClient.getBucketDetails(RpcClient.java:1201)
	at org.apache.hadoop.fs.ozone.BasicRootedOzoneClientAdapterImpl.getBucket(BasicRootedOzoneClientAdapterImpl.java:277)
	at org.apache.hadoop.fs.ozone.BasicRootedOzoneClientAdapterImpl.getBucket(BasicRootedOzoneClientAdapterImpl.java:251)
	at org.apache.hadoop.fs.ozone.BasicRootedOzoneFileSystem.isLinkBucket(BasicRootedOzoneFileSystem.java:752)
	at org.apache.hadoop.fs.ozone.BasicRootedOzoneFileSystem.deleteBucket(BasicRootedOzoneFileSystem.java:719)
	at org.apache.hadoop.fs.ozone.BasicRootedOzoneFileSystem.delete(BasicRootedOzoneFileSystem.java:673)
	at org.apache.hadoop.fs.ozone.TestRootedOzoneFileSystem.testSharedTmpDir(TestRootedOzoneFileSystem.java:1352)
	at sun.reflect.NativeMethodAccessorImpl.invoke0(Native Method)
	at sun.reflect.NativeMethodAccessorImpl.invoke(NativeMethodAccessorImpl.java:62)
	at sun.reflect.DelegatingMethodAccessorImpl.invoke(DelegatingMethodAccessorImpl.java:43)
	at java.lang.reflect.Method.invoke(Method.java:498)
	at org.junit.runners.model.FrameworkMethod$1.runReflectiveCall(FrameworkMethod.java:59)
	at org.junit.internal.runners.model.ReflectiveCallable.run(ReflectiveCallable.java:12)
	at org.junit.runners.model.FrameworkMethod.invokeExplosively(FrameworkMethod.java:56)
	at org.junit.internal.runners.statements.InvokeMethod.evaluate(InvokeMethod.java:17)
	at org.junit.internal.runners.statements.RunBefores.evaluate(RunBefores.java:26)
	at org.junit.internal.runners.statements.RunAfters.evaluate(RunAfters.java:27)
	at org.junit.internal.runners.statements.FailOnTimeout$CallableStatement.call(FailOnTimeout.java:288)
	at org.junit.internal.runners.statements.FailOnTimeout$CallableStatement.call(FailOnTimeout.java:282)
	at java.util.concurrent.FutureTask.run(FutureTask.java:266)
	at java.lang.Thread.run(Thread.java:750)
2023-06-22 13:17:29,165 [Time-limited test] WARN  ozone.BasicRootedOzoneFileSystem (BasicRootedOzoneFileSystem.java:deleteBucket(723)) - delete: Path does not exist: /tmp
]]></system-out>
  </testcase>
  <testcase name="testSharedTmpDir" classname="TestRootedOzoneFileSystemWithFSO" time="0.136">
    <system-out><![CDATA[2023-06-22 13:18:41,992 [Time-limited test] INFO  rpc.RpcClient (RpcClient.java:createVolume(459)) - Creating Volume: volume73087, with user38302 as owner and space quota set to -1 bytes, counts quota set to -1
2023-06-22 13:18:41,993 [IPC Server handler 7 on default port 15057] INFO  volume.OMVolumeCreateRequest (OMVolumeCreateRequest.java:validateAndUpdateCache(196)) - created volume:volume73087 for user:user38302
2023-06-22 13:18:41,994 [Time-limited test] INFO  rpc.RpcClient (RpcClient.java:createBucket(686)) - Creating Bucket: volume73087/bucket62384, with bucket layout FILE_SYSTEM_OPTIMIZED, runner as owner, Versioning false, Storage Type set to DISK and Encryption set to false, Replication Type set to server-side default replication type, Namespace Quota set to -1, Space Quota set to -1 
2023-06-22 13:18:41,994 [IPC Server handler 9 on default port 15057] INFO  bucket.OMBucketCreateRequest (OMBucketCreateRequest.java:validateAndUpdateCache(270)) - created bucket: bucket62384 of layout FILE_SYSTEM_OPTIMIZED in volume: volume73087
2023-06-22 13:18:42,005 [Time-limited test] INFO  rpc.RpcClient (RpcClient.java:createVolume(459)) - Creating Volume: tmp, with admin as owner and space quota set to 9223372036854775807 bytes, counts quota set to 1000
2023-06-22 13:18:42,006 [IPC Server handler 11 on default port 15057] INFO  volume.OMVolumeCreateRequest (OMVolumeCreateRequest.java:validateAndUpdateCache(196)) - created volume:tmp for user:admin
13:18:42.006 [IPC Server handler 15 on default port 15057] ERROR OMAudit - user=runner | ip=127.0.0.1 | op=READ_BUCKET {volume=tmp, bucket=4bad0b8dd3074cd43f641c2ac22a3571} | ret=FAILURE
org.apache.hadoop.ozone.om.exceptions.OMException: Bucket not found
	at org.apache.hadoop.ozone.om.BucketManagerImpl.getBucketInfo(BucketManagerImpl.java:85) ~[ozone-manager-1.4.0-SNAPSHOT.jar:?]
	at org.apache.hadoop.ozone.om.OzoneManager.getBucketInfo(OzoneManager.java:2777) ~[ozone-manager-1.4.0-SNAPSHOT.jar:?]
	at org.apache.hadoop.ozone.protocolPB.OzoneManagerRequestHandler.infoBucket(OzoneManagerRequestHandler.java:524) ~[ozone-manager-1.4.0-SNAPSHOT.jar:?]
	at org.apache.hadoop.ozone.protocolPB.OzoneManagerRequestHandler.handleReadRequest(OzoneManagerRequestHandler.java:195) ~[ozone-manager-1.4.0-SNAPSHOT.jar:?]
	at org.apache.hadoop.ozone.protocolPB.OzoneManagerProtocolServerSideTranslatorPB.submitRequestDirectlyToOM(OzoneManagerProtocolServerSideTranslatorPB.java:272) ~[ozone-manager-1.4.0-SNAPSHOT.jar:?]
	at org.apache.hadoop.ozone.protocolPB.OzoneManagerProtocolServerSideTranslatorPB.processRequest(OzoneManagerProtocolServerSideTranslatorPB.java:173) ~[ozone-manager-1.4.0-SNAPSHOT.jar:?]
	at org.apache.hadoop.hdds.server.OzoneProtocolMessageDispatcher.processRequest(OzoneProtocolMessageDispatcher.java:87) [hdds-server-framework-1.4.0-SNAPSHOT.jar:?]
	at org.apache.hadoop.ozone.protocolPB.OzoneManagerProtocolServerSideTranslatorPB.submitRequest(OzoneManagerProtocolServerSideTranslatorPB.java:147) [ozone-manager-1.4.0-SNAPSHOT.jar:?]
	at org.apache.hadoop.ozone.protocol.proto.OzoneManagerProtocolProtos$OzoneManagerService$2.callBlockingMethod(OzoneManagerProtocolProtos.java) [ozone-interface-client-1.4.0-SNAPSHOT.jar:?]
	at org.apache.hadoop.ipc.ProtobufRpcEngine$Server.processCall(ProtobufRpcEngine.java:484) [hadoop-common-3.3.5.jar:?]
	at org.apache.hadoop.ipc.ProtobufRpcEngine2$Server$ProtoBufRpcInvoker.call(ProtobufRpcEngine2.java:595) [hadoop-common-3.3.5.jar:?]
	at org.apache.hadoop.ipc.ProtobufRpcEngine2$Server$ProtoBufRpcInvoker.call(ProtobufRpcEngine2.java:573) [hadoop-common-3.3.5.jar:?]
	at org.apache.hadoop.ipc.RPC$Server.call(RPC.java:1213) [hadoop-common-3.3.5.jar:?]
	at org.apache.hadoop.ipc.Server$RpcCall.run(Server.java:1089) [hadoop-common-3.3.5.jar:?]
	at org.apache.hadoop.ipc.Server$RpcCall.run(Server.java:1012) [hadoop-common-3.3.5.jar:?]
	at java.security.AccessController.doPrivileged(Native Method) ~[?:1.8.0_372]
	at javax.security.auth.Subject.doAs(Subject.java:422) [?:1.8.0_372]
	at org.apache.hadoop.security.UserGroupInformation.doAs(UserGroupInformation.java:1899) [hadoop-common-3.3.5.jar:?]
	at org.apache.hadoop.ipc.Server$Handler.run(Server.java:3026) [hadoop-common-3.3.5.jar:?]
2023-06-22 13:18:42,007 [Time-limited test] INFO  rpc.RpcClient (RpcClient.java:createBucket(686)) - Creating Bucket: tmp/tmp, with server-side default bucket layout, admin as owner, Versioning false, Storage Type set to DISK and Encryption set to false, Replication Type set to server-side default replication type, Namespace Quota set to 1000, Space Quota set to 9223372036854775807 
2023-06-22 13:18:42,008 [IPC Server handler 16 on default port 15057] INFO  bucket.OMBucketCreateRequest (OMBucketCreateRequest.java:validateAndUpdateCache(270)) - created bucket: tmp of layout FILE_SYSTEM_OPTIMIZED in volume: tmp
13:18:42.109 [IPC Server handler 6 on default port 15057] ERROR OMAudit - user=runner | ip=127.0.0.1 | op=READ_BUCKET {volume=tmp, bucket=tmp} | ret=FAILURE
org.apache.hadoop.ozone.om.exceptions.OMException: Bucket not found
	at org.apache.hadoop.ozone.om.BucketManagerImpl.getBucketInfo(BucketManagerImpl.java:85) ~[ozone-manager-1.4.0-SNAPSHOT.jar:?]
	at org.apache.hadoop.ozone.om.OzoneManager.getBucketInfo(OzoneManager.java:2777) ~[ozone-manager-1.4.0-SNAPSHOT.jar:?]
	at org.apache.hadoop.ozone.protocolPB.OzoneManagerRequestHandler.infoBucket(OzoneManagerRequestHandler.java:524) ~[ozone-manager-1.4.0-SNAPSHOT.jar:?]
	at org.apache.hadoop.ozone.protocolPB.OzoneManagerRequestHandler.handleReadRequest(OzoneManagerRequestHandler.java:195) ~[ozone-manager-1.4.0-SNAPSHOT.jar:?]
	at org.apache.hadoop.ozone.protocolPB.OzoneManagerProtocolServerSideTranslatorPB.submitRequestDirectlyToOM(OzoneManagerProtocolServerSideTranslatorPB.java:272) ~[ozone-manager-1.4.0-SNAPSHOT.jar:?]
	at org.apache.hadoop.ozone.protocolPB.OzoneManagerProtocolServerSideTranslatorPB.processRequest(OzoneManagerProtocolServerSideTranslatorPB.java:173) ~[ozone-manager-1.4.0-SNAPSHOT.jar:?]
	at org.apache.hadoop.hdds.server.OzoneProtocolMessageDispatcher.processRequest(OzoneProtocolMessageDispatcher.java:87) [hdds-server-framework-1.4.0-SNAPSHOT.jar:?]
	at org.apache.hadoop.ozone.protocolPB.OzoneManagerProtocolServerSideTranslatorPB.submitRequest(OzoneManagerProtocolServerSideTranslatorPB.java:147) [ozone-manager-1.4.0-SNAPSHOT.jar:?]
	at org.apache.hadoop.ozone.protocol.proto.OzoneManagerProtocolProtos$OzoneManagerService$2.callBlockingMethod(OzoneManagerProtocolProtos.java) [ozone-interface-client-1.4.0-SNAPSHOT.jar:?]
	at org.apache.hadoop.ipc.ProtobufRpcEngine$Server.processCall(ProtobufRpcEngine.java:484) [hadoop-common-3.3.5.jar:?]
	at org.apache.hadoop.ipc.ProtobufRpcEngine2$Server$ProtoBufRpcInvoker.call(ProtobufRpcEngine2.java:595) [hadoop-common-3.3.5.jar:?]
	at org.apache.hadoop.ipc.ProtobufRpcEngine2$Server$ProtoBufRpcInvoker.call(ProtobufRpcEngine2.java:573) [hadoop-common-3.3.5.jar:?]
	at org.apache.hadoop.ipc.RPC$Server.call(RPC.java:1213) [hadoop-common-3.3.5.jar:?]
	at org.apache.hadoop.ipc.Server$RpcCall.run(Server.java:1089) [hadoop-common-3.3.5.jar:?]
	at org.apache.hadoop.ipc.Server$RpcCall.run(Server.java:1012) [hadoop-common-3.3.5.jar:?]
	at java.security.AccessController.doPrivileged(Native Method) ~[?:1.8.0_372]
	at javax.security.auth.Subject.doAs(Subject.java:422) [?:1.8.0_372]
	at org.apache.hadoop.security.UserGroupInformation.doAs(UserGroupInformation.java:1899) [hadoop-common-3.3.5.jar:?]
	at org.apache.hadoop.ipc.Server$Handler.run(Server.java:3026) [hadoop-common-3.3.5.jar:?]
13:18:42.109 [IPC Server handler 5 on default port 15057] ERROR OMAudit - user=runner | ip=127.0.0.1 | op=READ_BUCKET {volume=tmp, bucket=tmp} | ret=FAILURE
org.apache.hadoop.ozone.om.exceptions.OMException: Bucket not found
	at org.apache.hadoop.ozone.om.BucketManagerImpl.getBucketInfo(BucketManagerImpl.java:85) ~[ozone-manager-1.4.0-SNAPSHOT.jar:?]
	at org.apache.hadoop.ozone.om.OzoneManager.getBucketInfo(OzoneManager.java:2777) ~[ozone-manager-1.4.0-SNAPSHOT.jar:?]
	at org.apache.hadoop.ozone.protocolPB.OzoneManagerRequestHandler.infoBucket(OzoneManagerRequestHandler.java:524) ~[ozone-manager-1.4.0-SNAPSHOT.jar:?]
	at org.apache.hadoop.ozone.protocolPB.OzoneManagerRequestHandler.handleReadRequest(OzoneManagerRequestHandler.java:195) ~[ozone-manager-1.4.0-SNAPSHOT.jar:?]
	at org.apache.hadoop.ozone.protocolPB.OzoneManagerProtocolServerSideTranslatorPB.submitRequestDirectlyToOM(OzoneManagerProtocolServerSideTranslatorPB.java:272) ~[ozone-manager-1.4.0-SNAPSHOT.jar:?]
	at org.apache.hadoop.ozone.protocolPB.OzoneManagerProtocolServerSideTranslatorPB.processRequest(OzoneManagerProtocolServerSideTranslatorPB.java:173) ~[ozone-manager-1.4.0-SNAPSHOT.jar:?]
	at org.apache.hadoop.hdds.server.OzoneProtocolMessageDispatcher.processRequest(OzoneProtocolMessageDispatcher.java:87) [hdds-server-framework-1.4.0-SNAPSHOT.jar:?]
	at org.apache.hadoop.ozone.protocolPB.OzoneManagerProtocolServerSideTranslatorPB.submitRequest(OzoneManagerProtocolServerSideTranslatorPB.java:147) [ozone-manager-1.4.0-SNAPSHOT.jar:?]
	at org.apache.hadoop.ozone.protocol.proto.OzoneManagerProtocolProtos$OzoneManagerService$2.callBlockingMethod(OzoneManagerProtocolProtos.java) [ozone-interface-client-1.4.0-SNAPSHOT.jar:?]
	at org.apache.hadoop.ipc.ProtobufRpcEngine$Server.processCall(ProtobufRpcEngine.java:484) [hadoop-common-3.3.5.jar:?]
	at org.apache.hadoop.ipc.ProtobufRpcEngine2$Server$ProtoBufRpcInvoker.call(ProtobufRpcEngine2.java:595) [hadoop-common-3.3.5.jar:?]
	at org.apache.hadoop.ipc.ProtobufRpcEngine2$Server$ProtoBufRpcInvoker.call(ProtobufRpcEngine2.java:573) [hadoop-common-3.3.5.jar:?]
	at org.apache.hadoop.ipc.RPC$Server.call(RPC.java:1213) [hadoop-common-3.3.5.jar:?]
	at org.apache.hadoop.ipc.Server$RpcCall.run(Server.java:1089) [hadoop-common-3.3.5.jar:?]
	at org.apache.hadoop.ipc.Server$RpcCall.run(Server.java:1012) [hadoop-common-3.3.5.jar:?]
	at java.security.AccessController.doPrivileged(Native Method) ~[?:1.8.0_372]
	at javax.security.auth.Subject.doAs(Subject.java:422) [?:1.8.0_372]
	at org.apache.hadoop.security.UserGroupInformation.doAs(UserGroupInformation.java:1899) [hadoop-common-3.3.5.jar:?]
	at org.apache.hadoop.ipc.Server$Handler.run(Server.java:3026) [hadoop-common-3.3.5.jar:?]
2023-06-22 13:18:42,109 [Time-limited test] ERROR ozone.BasicRootedOzoneFileSystem (BasicRootedOzoneFileSystem.java:isLinkBucket(757)) - Exception while getting bucket link information, considered it as false
BUCKET_NOT_FOUND org.apache.hadoop.ozone.om.exceptions.OMException: Bucket not found
	at org.apache.hadoop.ozone.om.protocolPB.OzoneManagerProtocolClientSideTranslatorPB.handleError(OzoneManagerProtocolClientSideTranslatorPB.java:713)
	at org.apache.hadoop.ozone.om.protocolPB.OzoneManagerProtocolClientSideTranslatorPB.getBucketInfo(OzoneManagerProtocolClientSideTranslatorPB.java:562)
	at org.apache.hadoop.ozone.client.rpc.RpcClient.getBucketDetails(RpcClient.java:1201)
	at org.apache.hadoop.fs.ozone.BasicRootedOzoneClientAdapterImpl.getBucket(BasicRootedOzoneClientAdapterImpl.java:277)
	at org.apache.hadoop.fs.ozone.BasicRootedOzoneClientAdapterImpl.getBucket(BasicRootedOzoneClientAdapterImpl.java:251)
	at org.apache.hadoop.fs.ozone.BasicRootedOzoneFileSystem.isLinkBucket(BasicRootedOzoneFileSystem.java:752)
	at org.apache.hadoop.fs.ozone.BasicRootedOzoneFileSystem.deleteBucket(BasicRootedOzoneFileSystem.java:719)
	at org.apache.hadoop.fs.ozone.BasicRootedOzoneFileSystem.delete(BasicRootedOzoneFileSystem.java:673)
	at org.apache.hadoop.fs.ozone.TestRootedOzoneFileSystem.testSharedTmpDir(TestRootedOzoneFileSystem.java:1352)
	at sun.reflect.NativeMethodAccessorImpl.invoke0(Native Method)
	at sun.reflect.NativeMethodAccessorImpl.invoke(NativeMethodAccessorImpl.java:62)
	at sun.reflect.DelegatingMethodAccessorImpl.invoke(DelegatingMethodAccessorImpl.java:43)
	at java.lang.reflect.Method.invoke(Method.java:498)
	at org.junit.runners.model.FrameworkMethod$1.runReflectiveCall(FrameworkMethod.java:59)
	at org.junit.internal.runners.model.ReflectiveCallable.run(ReflectiveCallable.java:12)
	at org.junit.runners.model.FrameworkMethod.invokeExplosively(FrameworkMethod.java:56)
	at org.junit.internal.runners.statements.InvokeMethod.evaluate(InvokeMethod.java:17)
	at org.junit.internal.runners.statements.RunBefores.evaluate(RunBefores.java:26)
	at org.junit.internal.runners.statements.RunAfters.evaluate(RunAfters.java:27)
	at org.junit.internal.runners.statements.FailOnTimeout$CallableStatement.call(FailOnTimeout.java:288)
	at org.junit.internal.runners.statements.FailOnTimeout$CallableStatement.call(FailOnTimeout.java:282)
	at java.util.concurrent.FutureTask.run(FutureTask.java:266)
	at java.lang.Thread.run(Thread.java:750)
2023-06-22 13:18:42,110 [Time-limited test] WARN  ozone.BasicRootedOzoneFileSystem (BasicRootedOzoneFileSystem.java:deleteBucket(723)) - delete: Path does not exist: /tmp
]]></system-out>
  </testcase>
  <testcase name="testSnapshotDiff" classname="TestRootedOzoneFileSystemWithFSO" time="3.254">
    <system-out><![CDATA[2023-06-22 13:17:29,190 [Time-limited test] INFO  rpc.RpcClient (RpcClient.java:createVolume(459)) - Creating Volume: volume86659, with user02836 as owner and space quota set to -1 bytes, counts quota set to -1
2023-06-22 13:17:29,191 [OM StateMachine ApplyTransaction Thread - 0] INFO  volume.OMVolumeCreateRequest (OMVolumeCreateRequest.java:validateAndUpdateCache(196)) - created volume:volume86659 for user:user02836
2023-06-22 13:17:29,192 [Time-limited test] INFO  rpc.RpcClient (RpcClient.java:createBucket(686)) - Creating Bucket: volume86659/bucket36482, with bucket layout FILE_SYSTEM_OPTIMIZED, runner as owner, Versioning false, Storage Type set to DISK and Encryption set to false, Replication Type set to server-side default replication type, Namespace Quota set to -1, Space Quota set to -1 
2023-06-22 13:17:29,194 [OM StateMachine ApplyTransaction Thread - 0] INFO  bucket.OMBucketCreateRequest (OMBucketCreateRequest.java:validateAndUpdateCache(270)) - created bucket: bucket36482 of layout FILE_SYSTEM_OPTIMIZED in volume: volume86659
2023-06-22 13:17:29,210 [Time-limited test] INFO  rpc.RpcClient (RpcClient.java:createVolume(459)) - Creating Volume: volume60263, with user84790 as owner and space quota set to -1 bytes, counts quota set to -1
2023-06-22 13:17:29,212 [OM StateMachine ApplyTransaction Thread - 0] INFO  volume.OMVolumeCreateRequest (OMVolumeCreateRequest.java:validateAndUpdateCache(196)) - created volume:volume60263 for user:user84790
2023-06-22 13:17:29,216 [Time-limited test] INFO  rpc.RpcClient (RpcClient.java:createBucket(686)) - Creating Bucket: volume60263/bucket82161, with bucket layout FILE_SYSTEM_OPTIMIZED, runner as owner, Versioning false, Storage Type set to DISK and Encryption set to false, Replication Type set to server-side default replication type, Namespace Quota set to -1, Space Quota set to -1 
2023-06-22 13:17:29,217 [OM StateMachine ApplyTransaction Thread - 0] INFO  bucket.OMBucketCreateRequest (OMBucketCreateRequest.java:validateAndUpdateCache(270)) - created bucket: bucket82161 of layout FILE_SYSTEM_OPTIMIZED in volume: volume60263
2023-06-22 13:17:29,237 [OM StateMachine ApplyTransaction Thread - 0] INFO  snapshot.OMSnapshotCreateRequest (OMSnapshotCreateRequest.java:validateAndUpdateCache(193)) - Created snapshot: 's20230622-131729.229' with snapshotId: 'eedc85ae-a17d-440f-9fb1-cebb212c4a1a' under path 'volume60263/bucket82161'
2023-06-22 13:17:29,257 [OM StateMachine ApplyTransaction Thread - 0] INFO  snapshot.OMSnapshotCreateRequest (OMSnapshotCreateRequest.java:validateAndUpdateCache(193)) - Created snapshot: 's20230622-131729.256' with snapshotId: '7332ae1e-b5e9-4840-89fc-bb97c2c96520' under path 'volume60263/bucket82161'
2023-06-22 13:17:29,294 [IPC Server handler 8 on default port 15004] INFO  snapshot.SnapshotDiffManager (SnapshotDiffManager.java:submitSnapDiffJob(683)) - Submitting snap diff report generation request for volume: volume60263, bucket: bucket82161, fromSnapshot: s20230622-131729.229 and toSnapshot: s20230622-131729.256
2023-06-22 13:17:29,309 [snapshot-diff-job-thread-id-0] INFO  snapshot.SnapshotDiffManager (SnapshotDiffManager.java:generateSnapshotDiffReport(785)) - Started snap diff report generation for volume: volume60263 bucket: bucket82161, fromSnapshot: s20230622-131729.229 and toSnapshot: s20230622-131729.256
2023-06-22 13:17:29,310 [OMDoubleBufferFlushThread] INFO  db.RDBCheckpointManager (RDBCheckpointManager.java:createCheckpoint(89)) - Created checkpoint in rocksDB at /home/runner/work/ozone/ozone/hadoop-ozone/integration-test/target/test-dir/MiniOzoneClusterImpl-0c9ac019-7194-482d-81d1-9ca5b99c70d1/ozone-meta/db.snapshots/checkpointState/om.db-eedc85ae-a17d-440f-9fb1-cebb212c4a1a in 71 milliseconds
2023-06-22 13:17:29,319 [snapshot-diff-job-thread-id-0] WARN  server.ServerUtils (ServerUtils.java:getDBPath(311)) - ozone.om.db.dirs is not configured. We recommend adding this setting. Falling back to ozone.metadata.dirs instead.
2023-06-22 13:17:29,331 [OMDoubleBufferFlushThread] INFO  db.RDBCheckpointUtils (RDBCheckpointUtils.java:waitForCheckpointDirectoryExist(59)) - Waited for 18 milliseconds for checkpoint directory /home/runner/work/ozone/ozone/hadoop-ozone/integration-test/target/test-dir/MiniOzoneClusterImpl-0c9ac019-7194-482d-81d1-9ca5b99c70d1/ozone-meta/db.snapshots/checkpointState/om.db-eedc85ae-a17d-440f-9fb1-cebb212c4a1a availability.
2023-06-22 13:17:29,333 [OMDoubleBufferFlushThread] WARN  om.OmSnapshotManager (OmSnapshotManager.java:findEndKeyGivenPrefix(566)) - Took 102100 ns to find endKey. Caller is deleteKeysFromDelDirTableInSnapshotScope
2023-06-22 13:17:29,333 [OMDoubleBufferFlushThread] INFO  om.OmSnapshotManager (OmSnapshotManager.java:createOmSnapshotCheckpoint(436)) - Created checkpoint : /home/runner/work/ozone/ozone/hadoop-ozone/integration-test/target/test-dir/MiniOzoneClusterImpl-0c9ac019-7194-482d-81d1-9ca5b99c70d1/ozone-meta/db.snapshots/checkpointState/om.db-eedc85ae-a17d-440f-9fb1-cebb212c4a1a for snapshot s20230622-131729.229
2023-06-22 13:17:29,334 [snapshot-diff-job-thread-id-0] INFO  db.RDBCheckpointUtils (RDBCheckpointUtils.java:waitForCheckpointDirectoryExist(59)) - Waited for 15 milliseconds for checkpoint directory /home/runner/work/ozone/ozone/hadoop-ozone/integration-test/target/test-dir/MiniOzoneClusterImpl-0c9ac019-7194-482d-81d1-9ca5b99c70d1/ozone-meta/db.snapshots/checkpointState/om.db-eedc85ae-a17d-440f-9fb1-cebb212c4a1a availability.
2023-06-22 13:17:29,335 [snapshot-diff-job-thread-id-0] INFO  helpers.OmKeyInfo (OmKeyInfo.java:getCodec(71)) - OmKeyInfo.getCodec ignorePipeline = true
2023-06-22 13:17:29,378 [OMDoubleBufferFlushThread] INFO  db.RDBCheckpointManager (RDBCheckpointManager.java:createCheckpoint(89)) - Created checkpoint in rocksDB at /home/runner/work/ozone/ozone/hadoop-ozone/integration-test/target/test-dir/MiniOzoneClusterImpl-0c9ac019-7194-482d-81d1-9ca5b99c70d1/ozone-meta/db.snapshots/checkpointState/om.db-7332ae1e-b5e9-4840-89fc-bb97c2c96520 in 32 milliseconds
2023-06-22 13:17:29,378 [OMDoubleBufferFlushThread] INFO  db.RDBCheckpointUtils (RDBCheckpointUtils.java:waitForCheckpointDirectoryExist(59)) - Waited for 0 milliseconds for checkpoint directory /home/runner/work/ozone/ozone/hadoop-ozone/integration-test/target/test-dir/MiniOzoneClusterImpl-0c9ac019-7194-482d-81d1-9ca5b99c70d1/ozone-meta/db.snapshots/checkpointState/om.db-7332ae1e-b5e9-4840-89fc-bb97c2c96520 availability.
2023-06-22 13:17:29,379 [OMDoubleBufferFlushThread] WARN  om.OmSnapshotManager (OmSnapshotManager.java:findEndKeyGivenPrefix(566)) - Took 117900 ns to find endKey. Caller is deleteKeysFromDelDirTableInSnapshotScope
2023-06-22 13:17:29,380 [OMDoubleBufferFlushThread] INFO  om.OmSnapshotManager (OmSnapshotManager.java:createOmSnapshotCheckpoint(436)) - Created checkpoint : /home/runner/work/ozone/ozone/hadoop-ozone/integration-test/target/test-dir/MiniOzoneClusterImpl-0c9ac019-7194-482d-81d1-9ca5b99c70d1/ozone-meta/db.snapshots/checkpointState/om.db-7332ae1e-b5e9-4840-89fc-bb97c2c96520 for snapshot s20230622-131729.256
2023-06-22 13:17:29,380 [OMDoubleBufferFlushThread] WARN  rocksdiff.RocksDBCheckpointDiffer (RocksDBCheckpointDiffer.java:setCurrentCompactionLog(312)) - Compaction log exists: /home/runner/work/ozone/ozone/hadoop-ozone/integration-test/target/test-dir/MiniOzoneClusterImpl-0c9ac019-7194-482d-81d1-9ca5b99c70d1/ozone-meta/db.snapshots/diffState/compaction-log/0000000000000015389.log. Will append
2023-06-22 13:17:29,448 [snapshot-diff-job-thread-id-0] INFO  audit.AuditLogger (AuditLogger.java:refreshDebugCmdSet(126)) - Refresh DebugCmdSet for OMAudit to [].
2023-06-22 13:17:29,454 [snapshot-diff-job-thread-id-0] WARN  server.ServerUtils (ServerUtils.java:getDBPath(311)) - ozone.om.db.dirs is not configured. We recommend adding this setting. Falling back to ozone.metadata.dirs instead.
2023-06-22 13:17:29,458 [snapshot-diff-job-thread-id-0] INFO  helpers.OmKeyInfo (OmKeyInfo.java:getCodec(71)) - OmKeyInfo.getCodec ignorePipeline = true
2023-06-22 13:17:29,751 [snapshot-diff-job-thread-id-0] INFO  snapshot.SnapshotDiffManager (SnapshotDiffManager.java:generateDiffReport(1174)) - Starting diff report generation for jobId: dc52fdd7-ee37-47ea-8aea-ca4b2de99ca1.
2023-06-22 13:17:30,380 [OM StateMachine ApplyTransaction Thread - 0] INFO  snapshot.OMSnapshotCreateRequest (OMSnapshotCreateRequest.java:validateAndUpdateCache(193)) - Created snapshot: 's20230622-131730.379' with snapshotId: '76380a27-6613-4c53-80e5-a47f58bb3f11' under path 'volume60263/bucket82161'
2023-06-22 13:17:30,383 [IPC Server handler 2 on default port 15004] INFO  snapshot.SnapshotDiffManager (SnapshotDiffManager.java:submitSnapDiffJob(683)) - Submitting snap diff report generation request for volume: volume60263, bucket: bucket82161, fromSnapshot: s20230622-131729.256 and toSnapshot: s20230622-131730.379
2023-06-22 13:17:30,384 [snapshot-diff-job-thread-id-1] INFO  snapshot.SnapshotDiffManager (SnapshotDiffManager.java:generateSnapshotDiffReport(785)) - Started snap diff report generation for volume: volume60263 bucket: bucket82161, fromSnapshot: s20230622-131729.256 and toSnapshot: s20230622-131730.379
2023-06-22 13:17:30,385 [snapshot-diff-job-thread-id-1] WARN  server.ServerUtils (ServerUtils.java:getDBPath(311)) - ozone.om.db.dirs is not configured. We recommend adding this setting. Falling back to ozone.metadata.dirs instead.
2023-06-22 13:17:30,413 [OMDoubleBufferFlushThread] INFO  db.RDBCheckpointManager (RDBCheckpointManager.java:createCheckpoint(89)) - Created checkpoint in rocksDB at /home/runner/work/ozone/ozone/hadoop-ozone/integration-test/target/test-dir/MiniOzoneClusterImpl-0c9ac019-7194-482d-81d1-9ca5b99c70d1/ozone-meta/db.snapshots/checkpointState/om.db-76380a27-6613-4c53-80e5-a47f58bb3f11 in 25 milliseconds
2023-06-22 13:17:30,414 [OMDoubleBufferFlushThread] INFO  db.RDBCheckpointUtils (RDBCheckpointUtils.java:waitForCheckpointDirectoryExist(59)) - Waited for 0 milliseconds for checkpoint directory /home/runner/work/ozone/ozone/hadoop-ozone/integration-test/target/test-dir/MiniOzoneClusterImpl-0c9ac019-7194-482d-81d1-9ca5b99c70d1/ozone-meta/db.snapshots/checkpointState/om.db-76380a27-6613-4c53-80e5-a47f58bb3f11 availability.
2023-06-22 13:17:30,415 [OMDoubleBufferFlushThread] WARN  om.OmSnapshotManager (OmSnapshotManager.java:findEndKeyGivenPrefix(566)) - Took 137200 ns to find endKey. Caller is deleteKeysFromDelDirTableInSnapshotScope
2023-06-22 13:17:30,415 [OMDoubleBufferFlushThread] INFO  om.OmSnapshotManager (OmSnapshotManager.java:createOmSnapshotCheckpoint(436)) - Created checkpoint : /home/runner/work/ozone/ozone/hadoop-ozone/integration-test/target/test-dir/MiniOzoneClusterImpl-0c9ac019-7194-482d-81d1-9ca5b99c70d1/ozone-meta/db.snapshots/checkpointState/om.db-76380a27-6613-4c53-80e5-a47f58bb3f11 for snapshot s20230622-131730.379
2023-06-22 13:17:30,491 [snapshot-diff-job-thread-id-1] INFO  db.RDBCheckpointUtils (RDBCheckpointUtils.java:waitForCheckpointDirectoryExist(59)) - Waited for 106 milliseconds for checkpoint directory /home/runner/work/ozone/ozone/hadoop-ozone/integration-test/target/test-dir/MiniOzoneClusterImpl-0c9ac019-7194-482d-81d1-9ca5b99c70d1/ozone-meta/db.snapshots/checkpointState/om.db-76380a27-6613-4c53-80e5-a47f58bb3f11 availability.
2023-06-22 13:17:30,492 [snapshot-diff-job-thread-id-1] INFO  helpers.OmKeyInfo (OmKeyInfo.java:getCodec(71)) - OmKeyInfo.getCodec ignorePipeline = true
2023-06-22 13:17:30,697 [snapshot-diff-job-thread-id-1] INFO  snapshot.SnapshotDiffManager (SnapshotDiffManager.java:generateDiffReport(1174)) - Starting diff report generation for jobId: 2ee4b410-e178-40c3-ab8d-ca6bcee997c0.
2023-06-22 13:17:31,402 [OM StateMachine ApplyTransaction Thread - 0] INFO  snapshot.OMSnapshotCreateRequest (OMSnapshotCreateRequest.java:validateAndUpdateCache(193)) - Created snapshot: 'temps20230622-131731.401' with snapshotId: '6cdd8660-41de-4f43-9e46-5cd49486c687' under path 'volume60263/bucket82161'
2023-06-22 13:17:31,405 [IPC Server handler 9 on default port 15004] INFO  snapshot.SnapshotDiffManager (SnapshotDiffManager.java:submitSnapDiffJob(683)) - Submitting snap diff report generation request for volume: volume60263, bucket: bucket82161, fromSnapshot: s20230622-131730.379 and toSnapshot: temps20230622-131731.401
2023-06-22 13:17:31,413 [snapshot-diff-job-thread-id-2] INFO  snapshot.SnapshotDiffManager (SnapshotDiffManager.java:generateSnapshotDiffReport(785)) - Started snap diff report generation for volume: volume60263 bucket: bucket82161, fromSnapshot: s20230622-131730.379 and toSnapshot: temps20230622-131731.401
2023-06-22 13:17:31,415 [snapshot-diff-job-thread-id-2] WARN  server.ServerUtils (ServerUtils.java:getDBPath(311)) - ozone.om.db.dirs is not configured. We recommend adding this setting. Falling back to ozone.metadata.dirs instead.
2023-06-22 13:17:31,447 [Thread-882] INFO  rocksdiff.RocksDBCheckpointDiffer (RocksDBCheckpointDiffer.java:onCompactionCompleted(527)) - Skipped the compaction entry. Compaction input files: [/home/runner/work/ozone/ozone/hadoop-ozone/integration-test/target/test-dir/MiniOzoneClusterImpl-0c9ac019-7194-482d-81d1-9ca5b99c70d1/ozone-meta/om.db/000084.sst, /home/runner/work/ozone/ozone/hadoop-ozone/integration-test/target/test-dir/MiniOzoneClusterImpl-0c9ac019-7194-482d-81d1-9ca5b99c70d1/ozone-meta/om.db/000075.sst, /home/runner/work/ozone/ozone/hadoop-ozone/integration-test/target/test-dir/MiniOzoneClusterImpl-0c9ac019-7194-482d-81d1-9ca5b99c70d1/ozone-meta/om.db/000067.sst, /home/runner/work/ozone/ozone/hadoop-ozone/integration-test/target/test-dir/MiniOzoneClusterImpl-0c9ac019-7194-482d-81d1-9ca5b99c70d1/ozone-meta/om.db/000055.sst] and output files: [/home/runner/work/ozone/ozone/hadoop-ozone/integration-test/target/test-dir/MiniOzoneClusterImpl-0c9ac019-7194-482d-81d1-9ca5b99c70d1/ozone-meta/om.db/000084.sst, /home/runner/work/ozone/ozone/hadoop-ozone/integration-test/target/test-dir/MiniOzoneClusterImpl-0c9ac019-7194-482d-81d1-9ca5b99c70d1/ozone-meta/om.db/000075.sst, /home/runner/work/ozone/ozone/hadoop-ozone/integration-test/target/test-dir/MiniOzoneClusterImpl-0c9ac019-7194-482d-81d1-9ca5b99c70d1/ozone-meta/om.db/000067.sst, /home/runner/work/ozone/ozone/hadoop-ozone/integration-test/target/test-dir/MiniOzoneClusterImpl-0c9ac019-7194-482d-81d1-9ca5b99c70d1/ozone-meta/om.db/000055.sst] are same.
2023-06-22 13:17:31,449 [OMDoubleBufferFlushThread] INFO  db.RDBCheckpointManager (RDBCheckpointManager.java:createCheckpoint(89)) - Created checkpoint in rocksDB at /home/runner/work/ozone/ozone/hadoop-ozone/integration-test/target/test-dir/MiniOzoneClusterImpl-0c9ac019-7194-482d-81d1-9ca5b99c70d1/ozone-meta/db.snapshots/checkpointState/om.db-6cdd8660-41de-4f43-9e46-5cd49486c687 in 43 milliseconds
2023-06-22 13:17:31,449 [OMDoubleBufferFlushThread] INFO  db.RDBCheckpointUtils (RDBCheckpointUtils.java:waitForCheckpointDirectoryExist(59)) - Waited for 0 milliseconds for checkpoint directory /home/runner/work/ozone/ozone/hadoop-ozone/integration-test/target/test-dir/MiniOzoneClusterImpl-0c9ac019-7194-482d-81d1-9ca5b99c70d1/ozone-meta/db.snapshots/checkpointState/om.db-6cdd8660-41de-4f43-9e46-5cd49486c687 availability.
2023-06-22 13:17:31,450 [OMDoubleBufferFlushThread] INFO  om.OmSnapshotManager (OmSnapshotManager.java:createOmSnapshotCheckpoint(436)) - Created checkpoint : /home/runner/work/ozone/ozone/hadoop-ozone/integration-test/target/test-dir/MiniOzoneClusterImpl-0c9ac019-7194-482d-81d1-9ca5b99c70d1/ozone-meta/db.snapshots/checkpointState/om.db-6cdd8660-41de-4f43-9e46-5cd49486c687 for snapshot temps20230622-131731.401
2023-06-22 13:17:31,535 [snapshot-diff-job-thread-id-2] INFO  db.RDBCheckpointUtils (RDBCheckpointUtils.java:waitForCheckpointDirectoryExist(59)) - Waited for 120 milliseconds for checkpoint directory /home/runner/work/ozone/ozone/hadoop-ozone/integration-test/target/test-dir/MiniOzoneClusterImpl-0c9ac019-7194-482d-81d1-9ca5b99c70d1/ozone-meta/db.snapshots/checkpointState/om.db-6cdd8660-41de-4f43-9e46-5cd49486c687 availability.
2023-06-22 13:17:31,535 [snapshot-diff-job-thread-id-2] INFO  helpers.OmKeyInfo (OmKeyInfo.java:getCodec(71)) - OmKeyInfo.getCodec ignorePipeline = true
2023-06-22 13:17:31,755 [snapshot-diff-job-thread-id-2] INFO  snapshot.SnapshotDiffManager (SnapshotDiffManager.java:generateDiffReport(1174)) - Starting diff report generation for jobId: f1d7149b-4745-476e-8f23-9301a70315fb.
2023-06-22 13:17:32,420 [OM StateMachine ApplyTransaction Thread - 0] INFO  snapshot.OMSnapshotDeleteRequest (OMSnapshotDeleteRequest.java:validateAndUpdateCache(225)) - Deleted snapshot 'temps20230622-131731.401' under path 'volume60263/bucket82161'
]]></system-out>
  </testcase>
  <testcase name="testSnapshotDiff" classname="TestRootedOzoneFileSystemWithFSO" time="3.248">
    <system-out><![CDATA[2023-06-22 13:18:42,136 [Time-limited test] INFO  rpc.RpcClient (RpcClient.java:createVolume(459)) - Creating Volume: volume24946, with user12965 as owner and space quota set to -1 bytes, counts quota set to -1
2023-06-22 13:18:42,137 [IPC Server handler 6 on default port 15057] INFO  volume.OMVolumeCreateRequest (OMVolumeCreateRequest.java:validateAndUpdateCache(196)) - created volume:volume24946 for user:user12965
2023-06-22 13:18:42,138 [Time-limited test] INFO  rpc.RpcClient (RpcClient.java:createBucket(686)) - Creating Bucket: volume24946/bucket00857, with bucket layout FILE_SYSTEM_OPTIMIZED, runner as owner, Versioning false, Storage Type set to DISK and Encryption set to false, Replication Type set to server-side default replication type, Namespace Quota set to -1, Space Quota set to -1 
2023-06-22 13:18:42,138 [IPC Server handler 2 on default port 15057] INFO  bucket.OMBucketCreateRequest (OMBucketCreateRequest.java:validateAndUpdateCache(270)) - created bucket: bucket00857 of layout FILE_SYSTEM_OPTIMIZED in volume: volume24946
2023-06-22 13:18:42,148 [Time-limited test] INFO  rpc.RpcClient (RpcClient.java:createVolume(459)) - Creating Volume: volume60876, with user09238 as owner and space quota set to -1 bytes, counts quota set to -1
2023-06-22 13:18:42,148 [IPC Server handler 3 on default port 15057] INFO  volume.OMVolumeCreateRequest (OMVolumeCreateRequest.java:validateAndUpdateCache(196)) - created volume:volume60876 for user:user09238
2023-06-22 13:18:42,149 [Time-limited test] INFO  rpc.RpcClient (RpcClient.java:createBucket(686)) - Creating Bucket: volume60876/bucket90433, with bucket layout FILE_SYSTEM_OPTIMIZED, runner as owner, Versioning false, Storage Type set to DISK and Encryption set to false, Replication Type set to server-side default replication type, Namespace Quota set to -1, Space Quota set to -1 
2023-06-22 13:18:42,149 [IPC Server handler 8 on default port 15057] INFO  bucket.OMBucketCreateRequest (OMBucketCreateRequest.java:validateAndUpdateCache(270)) - created bucket: bucket90433 of layout FILE_SYSTEM_OPTIMIZED in volume: volume60876
2023-06-22 13:18:42,153 [IPC Server handler 10 on default port 15057] INFO  snapshot.OMSnapshotCreateRequest (OMSnapshotCreateRequest.java:validateAndUpdateCache(193)) - Created snapshot: 's20230622-131842.151' with snapshotId: 'c03ef353-8979-40f0-ab8d-408e51cf3dc6' under path 'volume60876/bucket90433'
2023-06-22 13:18:42,204 [OMDoubleBufferFlushThread] INFO  db.RDBCheckpointManager (RDBCheckpointManager.java:createCheckpoint(89)) - Created checkpoint in rocksDB at /home/runner/work/ozone/ozone/hadoop-ozone/integration-test/target/test-dir/MiniOzoneClusterImpl-f04ff4d6-b670-4e84-9a89-5b4d7edf6ec9/ozone-meta/db.snapshots/checkpointState/om.db-c03ef353-8979-40f0-ab8d-408e51cf3dc6 in 45 milliseconds
2023-06-22 13:18:42,204 [OMDoubleBufferFlushThread] INFO  db.RDBCheckpointUtils (RDBCheckpointUtils.java:waitForCheckpointDirectoryExist(59)) - Waited for 0 milliseconds for checkpoint directory /home/runner/work/ozone/ozone/hadoop-ozone/integration-test/target/test-dir/MiniOzoneClusterImpl-f04ff4d6-b670-4e84-9a89-5b4d7edf6ec9/ozone-meta/db.snapshots/checkpointState/om.db-c03ef353-8979-40f0-ab8d-408e51cf3dc6 availability.
2023-06-22 13:18:42,205 [OMDoubleBufferFlushThread] INFO  om.OmSnapshotManager (OmSnapshotManager.java:createOmSnapshotCheckpoint(436)) - Created checkpoint : /home/runner/work/ozone/ozone/hadoop-ozone/integration-test/target/test-dir/MiniOzoneClusterImpl-f04ff4d6-b670-4e84-9a89-5b4d7edf6ec9/ozone-meta/db.snapshots/checkpointState/om.db-c03ef353-8979-40f0-ab8d-408e51cf3dc6 for snapshot s20230622-131842.151
2023-06-22 13:18:42,216 [IPC Server handler 12 on default port 15057] INFO  snapshot.OMSnapshotCreateRequest (OMSnapshotCreateRequest.java:validateAndUpdateCache(193)) - Created snapshot: 's20230622-131842.215' with snapshotId: '91b06768-bb3c-4493-b242-927149c625c2' under path 'volume60876/bucket90433'
2023-06-22 13:18:42,241 [OMDoubleBufferFlushThread] INFO  db.RDBCheckpointManager (RDBCheckpointManager.java:createCheckpoint(89)) - Created checkpoint in rocksDB at /home/runner/work/ozone/ozone/hadoop-ozone/integration-test/target/test-dir/MiniOzoneClusterImpl-f04ff4d6-b670-4e84-9a89-5b4d7edf6ec9/ozone-meta/db.snapshots/checkpointState/om.db-91b06768-bb3c-4493-b242-927149c625c2 in 23 milliseconds
2023-06-22 13:18:42,241 [OMDoubleBufferFlushThread] INFO  db.RDBCheckpointUtils (RDBCheckpointUtils.java:waitForCheckpointDirectoryExist(59)) - Waited for 0 milliseconds for checkpoint directory /home/runner/work/ozone/ozone/hadoop-ozone/integration-test/target/test-dir/MiniOzoneClusterImpl-f04ff4d6-b670-4e84-9a89-5b4d7edf6ec9/ozone-meta/db.snapshots/checkpointState/om.db-91b06768-bb3c-4493-b242-927149c625c2 availability.
2023-06-22 13:18:42,242 [OMDoubleBufferFlushThread] INFO  om.OmSnapshotManager (OmSnapshotManager.java:createOmSnapshotCheckpoint(436)) - Created checkpoint : /home/runner/work/ozone/ozone/hadoop-ozone/integration-test/target/test-dir/MiniOzoneClusterImpl-f04ff4d6-b670-4e84-9a89-5b4d7edf6ec9/ozone-meta/db.snapshots/checkpointState/om.db-91b06768-bb3c-4493-b242-927149c625c2 for snapshot s20230622-131842.215
2023-06-22 13:18:42,246 [IPC Server handler 17 on default port 15057] INFO  snapshot.SnapshotDiffManager (SnapshotDiffManager.java:submitSnapDiffJob(683)) - Submitting snap diff report generation request for volume: volume60876, bucket: bucket90433, fromSnapshot: s20230622-131842.151 and toSnapshot: s20230622-131842.215
2023-06-22 13:18:42,247 [snapshot-diff-job-thread-id-0] INFO  snapshot.SnapshotDiffManager (SnapshotDiffManager.java:generateSnapshotDiffReport(785)) - Started snap diff report generation for volume: volume60876 bucket: bucket90433, fromSnapshot: s20230622-131842.151 and toSnapshot: s20230622-131842.215
2023-06-22 13:18:42,248 [snapshot-diff-job-thread-id-0] WARN  server.ServerUtils (ServerUtils.java:getDBPath(311)) - ozone.om.db.dirs is not configured. We recommend adding this setting. Falling back to ozone.metadata.dirs instead.
2023-06-22 13:18:42,248 [snapshot-diff-job-thread-id-0] INFO  helpers.OmKeyInfo (OmKeyInfo.java:getCodec(71)) - OmKeyInfo.getCodec ignorePipeline = true
2023-06-22 13:18:42,292 [snapshot-diff-job-thread-id-0] WARN  server.ServerUtils (ServerUtils.java:getDBPath(311)) - ozone.om.db.dirs is not configured. We recommend adding this setting. Falling back to ozone.metadata.dirs instead.
2023-06-22 13:18:42,292 [snapshot-diff-job-thread-id-0] INFO  helpers.OmKeyInfo (OmKeyInfo.java:getCodec(71)) - OmKeyInfo.getCodec ignorePipeline = true
2023-06-22 13:18:42,482 [snapshot-diff-job-thread-id-0] INFO  snapshot.SnapshotDiffManager (SnapshotDiffManager.java:generateDiffReport(1174)) - Starting diff report generation for jobId: b73b7db4-c4f1-4af5-a009-23ebb502dba1.
2023-06-22 13:18:43,281 [IPC Server handler 10 on default port 15057] INFO  snapshot.OMSnapshotCreateRequest (OMSnapshotCreateRequest.java:validateAndUpdateCache(193)) - Created snapshot: 's20230622-131843.280' with snapshotId: 'cbb85d6f-c1c5-4216-8961-d07875a455b1' under path 'volume60876/bucket90433'
2023-06-22 13:18:43,300 [OMDoubleBufferFlushThread] INFO  db.RDBCheckpointManager (RDBCheckpointManager.java:createCheckpoint(89)) - Created checkpoint in rocksDB at /home/runner/work/ozone/ozone/hadoop-ozone/integration-test/target/test-dir/MiniOzoneClusterImpl-f04ff4d6-b670-4e84-9a89-5b4d7edf6ec9/ozone-meta/db.snapshots/checkpointState/om.db-cbb85d6f-c1c5-4216-8961-d07875a455b1 in 18 milliseconds
2023-06-22 13:18:43,300 [OMDoubleBufferFlushThread] INFO  db.RDBCheckpointUtils (RDBCheckpointUtils.java:waitForCheckpointDirectoryExist(59)) - Waited for 0 milliseconds for checkpoint directory /home/runner/work/ozone/ozone/hadoop-ozone/integration-test/target/test-dir/MiniOzoneClusterImpl-f04ff4d6-b670-4e84-9a89-5b4d7edf6ec9/ozone-meta/db.snapshots/checkpointState/om.db-cbb85d6f-c1c5-4216-8961-d07875a455b1 availability.
2023-06-22 13:18:43,301 [OMDoubleBufferFlushThread] INFO  om.OmSnapshotManager (OmSnapshotManager.java:createOmSnapshotCheckpoint(436)) - Created checkpoint : /home/runner/work/ozone/ozone/hadoop-ozone/integration-test/target/test-dir/MiniOzoneClusterImpl-f04ff4d6-b670-4e84-9a89-5b4d7edf6ec9/ozone-meta/db.snapshots/checkpointState/om.db-cbb85d6f-c1c5-4216-8961-d07875a455b1 for snapshot s20230622-131843.280
2023-06-22 13:18:43,305 [IPC Server handler 11 on default port 15057] INFO  snapshot.SnapshotDiffManager (SnapshotDiffManager.java:submitSnapDiffJob(683)) - Submitting snap diff report generation request for volume: volume60876, bucket: bucket90433, fromSnapshot: s20230622-131842.215 and toSnapshot: s20230622-131843.280
2023-06-22 13:18:43,305 [snapshot-diff-job-thread-id-1] INFO  snapshot.SnapshotDiffManager (SnapshotDiffManager.java:generateSnapshotDiffReport(785)) - Started snap diff report generation for volume: volume60876 bucket: bucket90433, fromSnapshot: s20230622-131842.215 and toSnapshot: s20230622-131843.280
2023-06-22 13:18:43,306 [snapshot-diff-job-thread-id-1] WARN  server.ServerUtils (ServerUtils.java:getDBPath(311)) - ozone.om.db.dirs is not configured. We recommend adding this setting. Falling back to ozone.metadata.dirs instead.
2023-06-22 13:18:43,306 [snapshot-diff-job-thread-id-1] INFO  helpers.OmKeyInfo (OmKeyInfo.java:getCodec(71)) - OmKeyInfo.getCodec ignorePipeline = true
2023-06-22 13:18:43,495 [snapshot-diff-job-thread-id-1] INFO  snapshot.SnapshotDiffManager (SnapshotDiffManager.java:generateDiffReport(1174)) - Starting diff report generation for jobId: 7920f25b-5120-47cc-a040-e1da6b122729.
2023-06-22 13:18:44,313 [IPC Server handler 18 on default port 15057] INFO  snapshot.OMSnapshotCreateRequest (OMSnapshotCreateRequest.java:validateAndUpdateCache(193)) - Created snapshot: 'temps20230622-131844.312' with snapshotId: '14415738-81a3-416a-9595-bc9e231c10bf' under path 'volume60876/bucket90433'
2023-06-22 13:18:44,334 [Thread-2357] INFO  rocksdiff.RocksDBCheckpointDiffer (RocksDBCheckpointDiffer.java:onCompactionCompleted(527)) - Skipped the compaction entry. Compaction input files: [/home/runner/work/ozone/ozone/hadoop-ozone/integration-test/target/test-dir/MiniOzoneClusterImpl-f04ff4d6-b670-4e84-9a89-5b4d7edf6ec9/ozone-meta/om.db/000081.sst, /home/runner/work/ozone/ozone/hadoop-ozone/integration-test/target/test-dir/MiniOzoneClusterImpl-f04ff4d6-b670-4e84-9a89-5b4d7edf6ec9/ozone-meta/om.db/000073.sst, /home/runner/work/ozone/ozone/hadoop-ozone/integration-test/target/test-dir/MiniOzoneClusterImpl-f04ff4d6-b670-4e84-9a89-5b4d7edf6ec9/ozone-meta/om.db/000066.sst, /home/runner/work/ozone/ozone/hadoop-ozone/integration-test/target/test-dir/MiniOzoneClusterImpl-f04ff4d6-b670-4e84-9a89-5b4d7edf6ec9/ozone-meta/om.db/000055.sst] and output files: [/home/runner/work/ozone/ozone/hadoop-ozone/integration-test/target/test-dir/MiniOzoneClusterImpl-f04ff4d6-b670-4e84-9a89-5b4d7edf6ec9/ozone-meta/om.db/000081.sst, /home/runner/work/ozone/ozone/hadoop-ozone/integration-test/target/test-dir/MiniOzoneClusterImpl-f04ff4d6-b670-4e84-9a89-5b4d7edf6ec9/ozone-meta/om.db/000073.sst, /home/runner/work/ozone/ozone/hadoop-ozone/integration-test/target/test-dir/MiniOzoneClusterImpl-f04ff4d6-b670-4e84-9a89-5b4d7edf6ec9/ozone-meta/om.db/000066.sst, /home/runner/work/ozone/ozone/hadoop-ozone/integration-test/target/test-dir/MiniOzoneClusterImpl-f04ff4d6-b670-4e84-9a89-5b4d7edf6ec9/ozone-meta/om.db/000055.sst] are same.
2023-06-22 13:18:44,341 [OMDoubleBufferFlushThread] INFO  db.RDBCheckpointManager (RDBCheckpointManager.java:createCheckpoint(89)) - Created checkpoint in rocksDB at /home/runner/work/ozone/ozone/hadoop-ozone/integration-test/target/test-dir/MiniOzoneClusterImpl-f04ff4d6-b670-4e84-9a89-5b4d7edf6ec9/ozone-meta/db.snapshots/checkpointState/om.db-14415738-81a3-416a-9595-bc9e231c10bf in 27 milliseconds
2023-06-22 13:18:44,342 [OMDoubleBufferFlushThread] INFO  db.RDBCheckpointUtils (RDBCheckpointUtils.java:waitForCheckpointDirectoryExist(59)) - Waited for 0 milliseconds for checkpoint directory /home/runner/work/ozone/ozone/hadoop-ozone/integration-test/target/test-dir/MiniOzoneClusterImpl-f04ff4d6-b670-4e84-9a89-5b4d7edf6ec9/ozone-meta/db.snapshots/checkpointState/om.db-14415738-81a3-416a-9595-bc9e231c10bf availability.
2023-06-22 13:18:44,343 [OMDoubleBufferFlushThread] INFO  om.OmSnapshotManager (OmSnapshotManager.java:createOmSnapshotCheckpoint(436)) - Created checkpoint : /home/runner/work/ozone/ozone/hadoop-ozone/integration-test/target/test-dir/MiniOzoneClusterImpl-f04ff4d6-b670-4e84-9a89-5b4d7edf6ec9/ozone-meta/db.snapshots/checkpointState/om.db-14415738-81a3-416a-9595-bc9e231c10bf for snapshot temps20230622-131844.312
2023-06-22 13:18:44,350 [IPC Server handler 12 on default port 15057] INFO  snapshot.SnapshotDiffManager (SnapshotDiffManager.java:submitSnapDiffJob(683)) - Submitting snap diff report generation request for volume: volume60876, bucket: bucket90433, fromSnapshot: s20230622-131843.280 and toSnapshot: temps20230622-131844.312
2023-06-22 13:18:44,353 [snapshot-diff-job-thread-id-2] INFO  snapshot.SnapshotDiffManager (SnapshotDiffManager.java:generateSnapshotDiffReport(785)) - Started snap diff report generation for volume: volume60876 bucket: bucket90433, fromSnapshot: s20230622-131843.280 and toSnapshot: temps20230622-131844.312
2023-06-22 13:18:44,354 [snapshot-diff-job-thread-id-2] WARN  server.ServerUtils (ServerUtils.java:getDBPath(311)) - ozone.om.db.dirs is not configured. We recommend adding this setting. Falling back to ozone.metadata.dirs instead.
2023-06-22 13:18:44,354 [snapshot-diff-job-thread-id-2] INFO  helpers.OmKeyInfo (OmKeyInfo.java:getCodec(71)) - OmKeyInfo.getCodec ignorePipeline = true
2023-06-22 13:18:44,544 [snapshot-diff-job-thread-id-2] INFO  snapshot.SnapshotDiffManager (SnapshotDiffManager.java:generateDiffReport(1174)) - Starting diff report generation for jobId: 8a1bddc9-3b72-4bb8-ac09-fdaa9a1aa459.
2023-06-22 13:18:45,357 [IPC Server handler 13 on default port 15057] INFO  snapshot.OMSnapshotDeleteRequest (OMSnapshotDeleteRequest.java:validateAndUpdateCache(225)) - Deleted snapshot 'temps20230622-131844.312' under path 'volume60876/bucket90433'
]]></system-out>
  </testcase>
  <testcase name="testSnapshotRead" classname="TestRootedOzoneFileSystemWithFSO" time="0.318">
    <system-out><![CDATA[2023-06-22 13:17:32,457 [Time-limited test] INFO  rpc.RpcClient (RpcClient.java:createVolume(459)) - Creating Volume: volume49342, with user47633 as owner and space quota set to -1 bytes, counts quota set to -1
2023-06-22 13:17:32,460 [OM StateMachine ApplyTransaction Thread - 0] INFO  volume.OMVolumeCreateRequest (OMVolumeCreateRequest.java:validateAndUpdateCache(196)) - created volume:volume49342 for user:user47633
2023-06-22 13:17:32,461 [Time-limited test] INFO  rpc.RpcClient (RpcClient.java:createBucket(686)) - Creating Bucket: volume49342/bucket63514, with bucket layout FILE_SYSTEM_OPTIMIZED, runner as owner, Versioning false, Storage Type set to DISK and Encryption set to false, Replication Type set to server-side default replication type, Namespace Quota set to -1, Space Quota set to -1 
2023-06-22 13:17:32,463 [OM StateMachine ApplyTransaction Thread - 0] INFO  bucket.OMBucketCreateRequest (OMBucketCreateRequest.java:validateAndUpdateCache(270)) - created bucket: bucket63514 of layout FILE_SYSTEM_OPTIMIZED in volume: volume49342
2023-06-22 13:17:32,479 [Time-limited test] INFO  rpc.RpcClient (RpcClient.java:createVolume(459)) - Creating Volume: volume69457, with user37897 as owner and space quota set to -1 bytes, counts quota set to -1
2023-06-22 13:17:32,482 [OM StateMachine ApplyTransaction Thread - 0] INFO  volume.OMVolumeCreateRequest (OMVolumeCreateRequest.java:validateAndUpdateCache(196)) - created volume:volume69457 for user:user37897
2023-06-22 13:17:32,483 [Time-limited test] INFO  rpc.RpcClient (RpcClient.java:createBucket(686)) - Creating Bucket: volume69457/bucket61418, with bucket layout FILE_SYSTEM_OPTIMIZED, runner as owner, Versioning false, Storage Type set to DISK and Encryption set to false, Replication Type set to server-side default replication type, Namespace Quota set to -1, Space Quota set to -1 
2023-06-22 13:17:32,484 [OM StateMachine ApplyTransaction Thread - 0] INFO  bucket.OMBucketCreateRequest (OMBucketCreateRequest.java:validateAndUpdateCache(270)) - created bucket: bucket61418 of layout FILE_SYSTEM_OPTIMIZED in volume: volume69457
2023-06-22 13:17:32,512 [Time-limited test] INFO  rpc.RpcClient (RpcClient.java:createVolume(459)) - Creating Volume: volume61877, with user25062 as owner and space quota set to -1 bytes, counts quota set to -1
2023-06-22 13:17:32,514 [OM StateMachine ApplyTransaction Thread - 0] INFO  volume.OMVolumeCreateRequest (OMVolumeCreateRequest.java:validateAndUpdateCache(196)) - created volume:volume61877 for user:user25062
2023-06-22 13:17:32,515 [Time-limited test] INFO  rpc.RpcClient (RpcClient.java:createBucket(686)) - Creating Bucket: volume61877/bucket44201, with bucket layout FILE_SYSTEM_OPTIMIZED, runner as owner, Versioning false, Storage Type set to DISK and Encryption set to false, Replication Type set to server-side default replication type, Namespace Quota set to -1, Space Quota set to -1 
2023-06-22 13:17:32,516 [OM StateMachine ApplyTransaction Thread - 0] INFO  bucket.OMBucketCreateRequest (OMBucketCreateRequest.java:validateAndUpdateCache(270)) - created bucket: bucket44201 of layout FILE_SYSTEM_OPTIMIZED in volume: volume61877
2023-06-22 13:17:32,519 [OM StateMachine ApplyTransaction Thread - 0] INFO  snapshot.OMSnapshotCreateRequest (OMSnapshotCreateRequest.java:validateAndUpdateCache(193)) - Created snapshot: 'snap1' with snapshotId: '2b315c39-7ad9-4152-987c-794e33513ae0' under path 'volume69457/bucket61418'
2023-06-22 13:17:32,522 [OM StateMachine ApplyTransaction Thread - 0] INFO  snapshot.OMSnapshotCreateRequest (OMSnapshotCreateRequest.java:validateAndUpdateCache(193)) - Created snapshot: 'snap1' with snapshotId: 'ea03d6b6-7a27-44bd-a529-d5c01f3e9f90' under path 'volume61877/bucket44201'
2023-06-22 13:17:32,532 [OM StateMachine ApplyTransaction Thread - 0] INFO  snapshot.OMSnapshotCreateRequest (OMSnapshotCreateRequest.java:validateAndUpdateCache(193)) - Created snapshot: 'snap2' with snapshotId: '490e1cba-cc54-41af-bf61-9af3e1d495cf' under path 'volume69457/bucket61418'
2023-06-22 13:17:32,535 [IPC Server handler 17 on default port 15004] WARN  server.ServerUtils (ServerUtils.java:getDBPath(311)) - ozone.om.db.dirs is not configured. We recommend adding this setting. Falling back to ozone.metadata.dirs instead.
2023-06-22 13:17:32,539 [Thread-983] INFO  rocksdiff.RocksDBCheckpointDiffer (RocksDBCheckpointDiffer.java:onCompactionCompleted(527)) - Skipped the compaction entry. Compaction input files: [/home/runner/work/ozone/ozone/hadoop-ozone/integration-test/target/test-dir/MiniOzoneClusterImpl-0c9ac019-7194-482d-81d1-9ca5b99c70d1/ozone-meta/om.db/000066.sst] and output files: [/home/runner/work/ozone/ozone/hadoop-ozone/integration-test/target/test-dir/MiniOzoneClusterImpl-0c9ac019-7194-482d-81d1-9ca5b99c70d1/ozone-meta/om.db/000066.sst] are same.
2023-06-22 13:17:32,554 [OMDoubleBufferFlushThread] INFO  db.RDBCheckpointManager (RDBCheckpointManager.java:createCheckpoint(89)) - Created checkpoint in rocksDB at /home/runner/work/ozone/ozone/hadoop-ozone/integration-test/target/test-dir/MiniOzoneClusterImpl-0c9ac019-7194-482d-81d1-9ca5b99c70d1/ozone-meta/db.snapshots/checkpointState/om.db-2b315c39-7ad9-4152-987c-794e33513ae0 in 33 milliseconds
2023-06-22 13:17:32,555 [OMDoubleBufferFlushThread] INFO  db.RDBCheckpointUtils (RDBCheckpointUtils.java:waitForCheckpointDirectoryExist(59)) - Waited for 0 milliseconds for checkpoint directory /home/runner/work/ozone/ozone/hadoop-ozone/integration-test/target/test-dir/MiniOzoneClusterImpl-0c9ac019-7194-482d-81d1-9ca5b99c70d1/ozone-meta/db.snapshots/checkpointState/om.db-2b315c39-7ad9-4152-987c-794e33513ae0 availability.
2023-06-22 13:17:32,556 [OMDoubleBufferFlushThread] WARN  om.OmSnapshotManager (OmSnapshotManager.java:findEndKeyGivenPrefix(566)) - Took 116700 ns to find endKey. Caller is deleteKeysFromDelDirTableInSnapshotScope
2023-06-22 13:17:32,556 [OMDoubleBufferFlushThread] INFO  om.OmSnapshotManager (OmSnapshotManager.java:createOmSnapshotCheckpoint(436)) - Created checkpoint : /home/runner/work/ozone/ozone/hadoop-ozone/integration-test/target/test-dir/MiniOzoneClusterImpl-0c9ac019-7194-482d-81d1-9ca5b99c70d1/ozone-meta/db.snapshots/checkpointState/om.db-2b315c39-7ad9-4152-987c-794e33513ae0 for snapshot snap1
2023-06-22 13:17:32,566 [Thread-1071] INFO  rocksdiff.RocksDBCheckpointDiffer (RocksDBCheckpointDiffer.java:onCompactionCompleted(527)) - Skipped the compaction entry. Compaction input files: [/home/runner/work/ozone/ozone/hadoop-ozone/integration-test/target/test-dir/MiniOzoneClusterImpl-0c9ac019-7194-482d-81d1-9ca5b99c70d1/ozone-meta/om.db/000074.sst, /home/runner/work/ozone/ozone/hadoop-ozone/integration-test/target/test-dir/MiniOzoneClusterImpl-0c9ac019-7194-482d-81d1-9ca5b99c70d1/ozone-meta/om.db/000083.sst, /home/runner/work/ozone/ozone/hadoop-ozone/integration-test/target/test-dir/MiniOzoneClusterImpl-0c9ac019-7194-482d-81d1-9ca5b99c70d1/ozone-meta/om.db/000094.sst, /home/runner/work/ozone/ozone/hadoop-ozone/integration-test/target/test-dir/MiniOzoneClusterImpl-0c9ac019-7194-482d-81d1-9ca5b99c70d1/ozone-meta/om.db/000102.sst] and output files: [/home/runner/work/ozone/ozone/hadoop-ozone/integration-test/target/test-dir/MiniOzoneClusterImpl-0c9ac019-7194-482d-81d1-9ca5b99c70d1/ozone-meta/om.db/000074.sst, /home/runner/work/ozone/ozone/hadoop-ozone/integration-test/target/test-dir/MiniOzoneClusterImpl-0c9ac019-7194-482d-81d1-9ca5b99c70d1/ozone-meta/om.db/000083.sst, /home/runner/work/ozone/ozone/hadoop-ozone/integration-test/target/test-dir/MiniOzoneClusterImpl-0c9ac019-7194-482d-81d1-9ca5b99c70d1/ozone-meta/om.db/000094.sst, /home/runner/work/ozone/ozone/hadoop-ozone/integration-test/target/test-dir/MiniOzoneClusterImpl-0c9ac019-7194-482d-81d1-9ca5b99c70d1/ozone-meta/om.db/000102.sst] are same.
2023-06-22 13:17:32,587 [OMDoubleBufferFlushThread] INFO  db.RDBCheckpointManager (RDBCheckpointManager.java:createCheckpoint(89)) - Created checkpoint in rocksDB at /home/runner/work/ozone/ozone/hadoop-ozone/integration-test/target/test-dir/MiniOzoneClusterImpl-0c9ac019-7194-482d-81d1-9ca5b99c70d1/ozone-meta/db.snapshots/checkpointState/om.db-ea03d6b6-7a27-44bd-a529-d5c01f3e9f90 in 29 milliseconds
2023-06-22 13:17:32,587 [OMDoubleBufferFlushThread] INFO  db.RDBCheckpointUtils (RDBCheckpointUtils.java:waitForCheckpointDirectoryExist(59)) - Waited for 0 milliseconds for checkpoint directory /home/runner/work/ozone/ozone/hadoop-ozone/integration-test/target/test-dir/MiniOzoneClusterImpl-0c9ac019-7194-482d-81d1-9ca5b99c70d1/ozone-meta/db.snapshots/checkpointState/om.db-ea03d6b6-7a27-44bd-a529-d5c01f3e9f90 availability.
2023-06-22 13:17:32,588 [OMDoubleBufferFlushThread] INFO  om.OmSnapshotManager (OmSnapshotManager.java:createOmSnapshotCheckpoint(436)) - Created checkpoint : /home/runner/work/ozone/ozone/hadoop-ozone/integration-test/target/test-dir/MiniOzoneClusterImpl-0c9ac019-7194-482d-81d1-9ca5b99c70d1/ozone-meta/db.snapshots/checkpointState/om.db-ea03d6b6-7a27-44bd-a529-d5c01f3e9f90 for snapshot snap1
2023-06-22 13:17:32,588 [OMDoubleBufferFlushThread] WARN  rocksdiff.RocksDBCheckpointDiffer (RocksDBCheckpointDiffer.java:setCurrentCompactionLog(312)) - Compaction log exists: /home/runner/work/ozone/ozone/hadoop-ozone/integration-test/target/test-dir/MiniOzoneClusterImpl-0c9ac019-7194-482d-81d1-9ca5b99c70d1/ozone-meta/db.snapshots/diffState/compaction-log/0000000000000015551.log. Will append
2023-06-22 13:17:32,618 [OMDoubleBufferFlushThread] INFO  db.RDBCheckpointManager (RDBCheckpointManager.java:createCheckpoint(89)) - Created checkpoint in rocksDB at /home/runner/work/ozone/ozone/hadoop-ozone/integration-test/target/test-dir/MiniOzoneClusterImpl-0c9ac019-7194-482d-81d1-9ca5b99c70d1/ozone-meta/db.snapshots/checkpointState/om.db-490e1cba-cc54-41af-bf61-9af3e1d495cf in 28 milliseconds
2023-06-22 13:17:32,618 [OMDoubleBufferFlushThread] INFO  db.RDBCheckpointUtils (RDBCheckpointUtils.java:waitForCheckpointDirectoryExist(59)) - Waited for 0 milliseconds for checkpoint directory /home/runner/work/ozone/ozone/hadoop-ozone/integration-test/target/test-dir/MiniOzoneClusterImpl-0c9ac019-7194-482d-81d1-9ca5b99c70d1/ozone-meta/db.snapshots/checkpointState/om.db-490e1cba-cc54-41af-bf61-9af3e1d495cf availability.
2023-06-22 13:17:32,620 [OMDoubleBufferFlushThread] INFO  om.OmSnapshotManager (OmSnapshotManager.java:createOmSnapshotCheckpoint(436)) - Created checkpoint : /home/runner/work/ozone/ozone/hadoop-ozone/integration-test/target/test-dir/MiniOzoneClusterImpl-0c9ac019-7194-482d-81d1-9ca5b99c70d1/ozone-meta/db.snapshots/checkpointState/om.db-490e1cba-cc54-41af-bf61-9af3e1d495cf for snapshot snap2
2023-06-22 13:17:32,620 [OMDoubleBufferFlushThread] WARN  rocksdiff.RocksDBCheckpointDiffer (RocksDBCheckpointDiffer.java:setCurrentCompactionLog(312)) - Compaction log exists: /home/runner/work/ozone/ozone/hadoop-ozone/integration-test/target/test-dir/MiniOzoneClusterImpl-0c9ac019-7194-482d-81d1-9ca5b99c70d1/ozone-meta/db.snapshots/diffState/compaction-log/0000000000000015551.log. Will append
2023-06-22 13:17:32,638 [IPC Server handler 17 on default port 15004] INFO  db.RDBCheckpointUtils (RDBCheckpointUtils.java:waitForCheckpointDirectoryExist(59)) - Waited for 103 milliseconds for checkpoint directory /home/runner/work/ozone/ozone/hadoop-ozone/integration-test/target/test-dir/MiniOzoneClusterImpl-0c9ac019-7194-482d-81d1-9ca5b99c70d1/ozone-meta/db.snapshots/checkpointState/om.db-2b315c39-7ad9-4152-987c-794e33513ae0 availability.
2023-06-22 13:17:32,638 [IPC Server handler 17 on default port 15004] INFO  helpers.OmKeyInfo (OmKeyInfo.java:getCodec(71)) - OmKeyInfo.getCodec ignorePipeline = true
2023-06-22 13:17:32,671 [IPC Server handler 13 on default port 15004] WARN  server.ServerUtils (ServerUtils.java:getDBPath(311)) - ozone.om.db.dirs is not configured. We recommend adding this setting. Falling back to ozone.metadata.dirs instead.
2023-06-22 13:17:32,671 [IPC Server handler 13 on default port 15004] INFO  helpers.OmKeyInfo (OmKeyInfo.java:getCodec(71)) - OmKeyInfo.getCodec ignorePipeline = true
2023-06-22 13:17:32,707 [IPC Server handler 15 on default port 15004] WARN  server.ServerUtils (ServerUtils.java:getDBPath(311)) - ozone.om.db.dirs is not configured. We recommend adding this setting. Falling back to ozone.metadata.dirs instead.
2023-06-22 13:17:32,707 [IPC Server handler 15 on default port 15004] INFO  helpers.OmKeyInfo (OmKeyInfo.java:getCodec(71)) - OmKeyInfo.getCodec ignorePipeline = true
]]></system-out>
  </testcase>
  <testcase name="testSnapshotRead" classname="TestRootedOzoneFileSystemWithFSO" time="0.269">
    <system-out><![CDATA[2023-06-22 13:18:45,374 [Time-limited test] INFO  rpc.RpcClient (RpcClient.java:createVolume(459)) - Creating Volume: volume11578, with user26982 as owner and space quota set to -1 bytes, counts quota set to -1
2023-06-22 13:18:45,375 [IPC Server handler 12 on default port 15057] INFO  volume.OMVolumeCreateRequest (OMVolumeCreateRequest.java:validateAndUpdateCache(196)) - created volume:volume11578 for user:user26982
2023-06-22 13:18:45,375 [Time-limited test] INFO  rpc.RpcClient (RpcClient.java:createBucket(686)) - Creating Bucket: volume11578/bucket20080, with bucket layout FILE_SYSTEM_OPTIMIZED, runner as owner, Versioning false, Storage Type set to DISK and Encryption set to false, Replication Type set to server-side default replication type, Namespace Quota set to -1, Space Quota set to -1 
2023-06-22 13:18:45,376 [IPC Server handler 13 on default port 15057] INFO  bucket.OMBucketCreateRequest (OMBucketCreateRequest.java:validateAndUpdateCache(270)) - created bucket: bucket20080 of layout FILE_SYSTEM_OPTIMIZED in volume: volume11578
2023-06-22 13:18:45,385 [Time-limited test] INFO  rpc.RpcClient (RpcClient.java:createVolume(459)) - Creating Volume: volume34453, with user11882 as owner and space quota set to -1 bytes, counts quota set to -1
2023-06-22 13:18:45,386 [IPC Server handler 1 on default port 15057] INFO  volume.OMVolumeCreateRequest (OMVolumeCreateRequest.java:validateAndUpdateCache(196)) - created volume:volume34453 for user:user11882
2023-06-22 13:18:45,387 [Time-limited test] INFO  rpc.RpcClient (RpcClient.java:createBucket(686)) - Creating Bucket: volume34453/bucket69939, with bucket layout FILE_SYSTEM_OPTIMIZED, runner as owner, Versioning false, Storage Type set to DISK and Encryption set to false, Replication Type set to server-side default replication type, Namespace Quota set to -1, Space Quota set to -1 
2023-06-22 13:18:45,387 [IPC Server handler 5 on default port 15057] INFO  bucket.OMBucketCreateRequest (OMBucketCreateRequest.java:validateAndUpdateCache(270)) - created bucket: bucket69939 of layout FILE_SYSTEM_OPTIMIZED in volume: volume34453
2023-06-22 13:18:45,421 [Time-limited test] INFO  rpc.RpcClient (RpcClient.java:createVolume(459)) - Creating Volume: volume36275, with user69874 as owner and space quota set to -1 bytes, counts quota set to -1
2023-06-22 13:18:45,422 [IPC Server handler 11 on default port 15057] INFO  volume.OMVolumeCreateRequest (OMVolumeCreateRequest.java:validateAndUpdateCache(196)) - created volume:volume36275 for user:user69874
2023-06-22 13:18:45,423 [Time-limited test] INFO  rpc.RpcClient (RpcClient.java:createBucket(686)) - Creating Bucket: volume36275/bucket26653, with bucket layout FILE_SYSTEM_OPTIMIZED, runner as owner, Versioning false, Storage Type set to DISK and Encryption set to false, Replication Type set to server-side default replication type, Namespace Quota set to -1, Space Quota set to -1 
2023-06-22 13:18:45,424 [IPC Server handler 15 on default port 15057] INFO  bucket.OMBucketCreateRequest (OMBucketCreateRequest.java:validateAndUpdateCache(270)) - created bucket: bucket26653 of layout FILE_SYSTEM_OPTIMIZED in volume: volume36275
2023-06-22 13:18:45,425 [IPC Server handler 18 on default port 15057] INFO  snapshot.OMSnapshotCreateRequest (OMSnapshotCreateRequest.java:validateAndUpdateCache(193)) - Created snapshot: 'snap1' with snapshotId: '82766642-a498-4aea-a0b2-330ed5816e5a' under path 'volume34453/bucket69939'
2023-06-22 13:18:45,440 [Thread-2464] INFO  rocksdiff.RocksDBCheckpointDiffer (RocksDBCheckpointDiffer.java:onCompactionCompleted(527)) - Skipped the compaction entry. Compaction input files: [/home/runner/work/ozone/ozone/hadoop-ozone/integration-test/target/test-dir/MiniOzoneClusterImpl-f04ff4d6-b670-4e84-9a89-5b4d7edf6ec9/ozone-meta/om.db/000065.sst] and output files: [/home/runner/work/ozone/ozone/hadoop-ozone/integration-test/target/test-dir/MiniOzoneClusterImpl-f04ff4d6-b670-4e84-9a89-5b4d7edf6ec9/ozone-meta/om.db/000065.sst] are same.
2023-06-22 13:18:45,450 [Thread-2504] INFO  rocksdiff.RocksDBCheckpointDiffer (RocksDBCheckpointDiffer.java:onCompactionCompleted(527)) - Skipped the compaction entry. Compaction input files: [/home/runner/work/ozone/ozone/hadoop-ozone/integration-test/target/test-dir/MiniOzoneClusterImpl-f04ff4d6-b670-4e84-9a89-5b4d7edf6ec9/ozone-meta/om.db/000067.sst, /home/runner/work/ozone/ozone/hadoop-ozone/integration-test/target/test-dir/MiniOzoneClusterImpl-f04ff4d6-b670-4e84-9a89-5b4d7edf6ec9/ozone-meta/om.db/000074.sst] and output files: [/home/runner/work/ozone/ozone/hadoop-ozone/integration-test/target/test-dir/MiniOzoneClusterImpl-f04ff4d6-b670-4e84-9a89-5b4d7edf6ec9/ozone-meta/om.db/000067.sst, /home/runner/work/ozone/ozone/hadoop-ozone/integration-test/target/test-dir/MiniOzoneClusterImpl-f04ff4d6-b670-4e84-9a89-5b4d7edf6ec9/ozone-meta/om.db/000074.sst] are same.
2023-06-22 13:18:45,465 [OMDoubleBufferFlushThread] INFO  db.RDBCheckpointManager (RDBCheckpointManager.java:createCheckpoint(89)) - Created checkpoint in rocksDB at /home/runner/work/ozone/ozone/hadoop-ozone/integration-test/target/test-dir/MiniOzoneClusterImpl-f04ff4d6-b670-4e84-9a89-5b4d7edf6ec9/ozone-meta/db.snapshots/checkpointState/om.db-82766642-a498-4aea-a0b2-330ed5816e5a in 38 milliseconds
2023-06-22 13:18:45,466 [OMDoubleBufferFlushThread] INFO  db.RDBCheckpointUtils (RDBCheckpointUtils.java:waitForCheckpointDirectoryExist(59)) - Waited for 1 milliseconds for checkpoint directory /home/runner/work/ozone/ozone/hadoop-ozone/integration-test/target/test-dir/MiniOzoneClusterImpl-f04ff4d6-b670-4e84-9a89-5b4d7edf6ec9/ozone-meta/db.snapshots/checkpointState/om.db-82766642-a498-4aea-a0b2-330ed5816e5a availability.
2023-06-22 13:18:45,466 [OMDoubleBufferFlushThread] INFO  om.OmSnapshotManager (OmSnapshotManager.java:createOmSnapshotCheckpoint(436)) - Created checkpoint : /home/runner/work/ozone/ozone/hadoop-ozone/integration-test/target/test-dir/MiniOzoneClusterImpl-f04ff4d6-b670-4e84-9a89-5b4d7edf6ec9/ozone-meta/db.snapshots/checkpointState/om.db-82766642-a498-4aea-a0b2-330ed5816e5a for snapshot snap1
2023-06-22 13:18:45,468 [IPC Server handler 12 on default port 15057] INFO  snapshot.OMSnapshotCreateRequest (OMSnapshotCreateRequest.java:validateAndUpdateCache(193)) - Created snapshot: 'snap1' with snapshotId: 'bdaf1c40-fe9e-4bbd-bbc7-5a4df6205036' under path 'volume36275/bucket26653'
2023-06-22 13:18:45,475 [Thread-2544] INFO  rocksdiff.RocksDBCheckpointDiffer (RocksDBCheckpointDiffer.java:onCompactionCompleted(527)) - Skipped the compaction entry. Compaction input files: [/home/runner/work/ozone/ozone/hadoop-ozone/integration-test/target/test-dir/MiniOzoneClusterImpl-f04ff4d6-b670-4e84-9a89-5b4d7edf6ec9/ozone-meta/om.db/000072.sst, /home/runner/work/ozone/ozone/hadoop-ozone/integration-test/target/test-dir/MiniOzoneClusterImpl-f04ff4d6-b670-4e84-9a89-5b4d7edf6ec9/ozone-meta/om.db/000080.sst, /home/runner/work/ozone/ozone/hadoop-ozone/integration-test/target/test-dir/MiniOzoneClusterImpl-f04ff4d6-b670-4e84-9a89-5b4d7edf6ec9/ozone-meta/om.db/000089.sst] and output files: [/home/runner/work/ozone/ozone/hadoop-ozone/integration-test/target/test-dir/MiniOzoneClusterImpl-f04ff4d6-b670-4e84-9a89-5b4d7edf6ec9/ozone-meta/om.db/000072.sst, /home/runner/work/ozone/ozone/hadoop-ozone/integration-test/target/test-dir/MiniOzoneClusterImpl-f04ff4d6-b670-4e84-9a89-5b4d7edf6ec9/ozone-meta/om.db/000080.sst, /home/runner/work/ozone/ozone/hadoop-ozone/integration-test/target/test-dir/MiniOzoneClusterImpl-f04ff4d6-b670-4e84-9a89-5b4d7edf6ec9/ozone-meta/om.db/000089.sst] are same.
2023-06-22 13:18:45,483 [OMDoubleBufferFlushThread] INFO  db.RDBCheckpointManager (RDBCheckpointManager.java:createCheckpoint(89)) - Created checkpoint in rocksDB at /home/runner/work/ozone/ozone/hadoop-ozone/integration-test/target/test-dir/MiniOzoneClusterImpl-f04ff4d6-b670-4e84-9a89-5b4d7edf6ec9/ozone-meta/db.snapshots/checkpointState/om.db-bdaf1c40-fe9e-4bbd-bbc7-5a4df6205036 in 14 milliseconds
2023-06-22 13:18:45,491 [OMDoubleBufferFlushThread] INFO  db.RDBCheckpointUtils (RDBCheckpointUtils.java:waitForCheckpointDirectoryExist(59)) - Waited for 8 milliseconds for checkpoint directory /home/runner/work/ozone/ozone/hadoop-ozone/integration-test/target/test-dir/MiniOzoneClusterImpl-f04ff4d6-b670-4e84-9a89-5b4d7edf6ec9/ozone-meta/db.snapshots/checkpointState/om.db-bdaf1c40-fe9e-4bbd-bbc7-5a4df6205036 availability.
2023-06-22 13:18:45,492 [OMDoubleBufferFlushThread] INFO  om.OmSnapshotManager (OmSnapshotManager.java:createOmSnapshotCheckpoint(436)) - Created checkpoint : /home/runner/work/ozone/ozone/hadoop-ozone/integration-test/target/test-dir/MiniOzoneClusterImpl-f04ff4d6-b670-4e84-9a89-5b4d7edf6ec9/ozone-meta/db.snapshots/checkpointState/om.db-bdaf1c40-fe9e-4bbd-bbc7-5a4df6205036 for snapshot snap1
2023-06-22 13:18:45,497 [IPC Server handler 1 on default port 15057] INFO  snapshot.OMSnapshotCreateRequest (OMSnapshotCreateRequest.java:validateAndUpdateCache(193)) - Created snapshot: 'snap2' with snapshotId: '806d91cb-646f-4324-92bf-bddd2b4d0999' under path 'volume34453/bucket69939'
2023-06-22 13:18:45,525 [OMDoubleBufferFlushThread] INFO  db.RDBCheckpointManager (RDBCheckpointManager.java:createCheckpoint(89)) - Created checkpoint in rocksDB at /home/runner/work/ozone/ozone/hadoop-ozone/integration-test/target/test-dir/MiniOzoneClusterImpl-f04ff4d6-b670-4e84-9a89-5b4d7edf6ec9/ozone-meta/db.snapshots/checkpointState/om.db-806d91cb-646f-4324-92bf-bddd2b4d0999 in 27 milliseconds
2023-06-22 13:18:45,526 [OMDoubleBufferFlushThread] INFO  db.RDBCheckpointUtils (RDBCheckpointUtils.java:waitForCheckpointDirectoryExist(59)) - Waited for 0 milliseconds for checkpoint directory /home/runner/work/ozone/ozone/hadoop-ozone/integration-test/target/test-dir/MiniOzoneClusterImpl-f04ff4d6-b670-4e84-9a89-5b4d7edf6ec9/ozone-meta/db.snapshots/checkpointState/om.db-806d91cb-646f-4324-92bf-bddd2b4d0999 availability.
2023-06-22 13:18:45,527 [OMDoubleBufferFlushThread] INFO  om.OmSnapshotManager (OmSnapshotManager.java:createOmSnapshotCheckpoint(436)) - Created checkpoint : /home/runner/work/ozone/ozone/hadoop-ozone/integration-test/target/test-dir/MiniOzoneClusterImpl-f04ff4d6-b670-4e84-9a89-5b4d7edf6ec9/ozone-meta/db.snapshots/checkpointState/om.db-806d91cb-646f-4324-92bf-bddd2b4d0999 for snapshot snap2
2023-06-22 13:18:45,528 [IPC Server handler 5 on default port 15057] WARN  server.ServerUtils (ServerUtils.java:getDBPath(311)) - ozone.om.db.dirs is not configured. We recommend adding this setting. Falling back to ozone.metadata.dirs instead.
2023-06-22 13:18:45,528 [IPC Server handler 5 on default port 15057] INFO  helpers.OmKeyInfo (OmKeyInfo.java:getCodec(71)) - OmKeyInfo.getCodec ignorePipeline = true
2023-06-22 13:18:45,568 [IPC Server handler 0 on default port 15057] WARN  server.ServerUtils (ServerUtils.java:getDBPath(311)) - ozone.om.db.dirs is not configured. We recommend adding this setting. Falling back to ozone.metadata.dirs instead.
2023-06-22 13:18:45,568 [IPC Server handler 0 on default port 15057] INFO  helpers.OmKeyInfo (OmKeyInfo.java:getCodec(71)) - OmKeyInfo.getCodec ignorePipeline = true
2023-06-22 13:18:45,597 [IPC Server handler 7 on default port 15057] WARN  server.ServerUtils (ServerUtils.java:getDBPath(311)) - ozone.om.db.dirs is not configured. We recommend adding this setting. Falling back to ozone.metadata.dirs instead.
2023-06-22 13:18:45,598 [IPC Server handler 7 on default port 15057] INFO  helpers.OmKeyInfo (OmKeyInfo.java:getCodec(71)) - OmKeyInfo.getCodec ignorePipeline = true
]]></system-out>
  </testcase>
  <testcase name="testUnbuffer" classname="TestRootedOzoneFileSystemWithFSO" time="0.093">
    <system-out><![CDATA[2023-06-22 13:17:32,769 [Time-limited test] INFO  rpc.RpcClient (RpcClient.java:createVolume(459)) - Creating Volume: volume54888, with user05850 as owner and space quota set to -1 bytes, counts quota set to -1
2023-06-22 13:17:32,771 [OM StateMachine ApplyTransaction Thread - 0] INFO  volume.OMVolumeCreateRequest (OMVolumeCreateRequest.java:validateAndUpdateCache(196)) - created volume:volume54888 for user:user05850
2023-06-22 13:17:32,772 [Time-limited test] INFO  rpc.RpcClient (RpcClient.java:createBucket(686)) - Creating Bucket: volume54888/bucket67979, with bucket layout FILE_SYSTEM_OPTIMIZED, runner as owner, Versioning false, Storage Type set to DISK and Encryption set to false, Replication Type set to server-side default replication type, Namespace Quota set to -1, Space Quota set to -1 
2023-06-22 13:17:32,774 [OM StateMachine ApplyTransaction Thread - 0] INFO  bucket.OMBucketCreateRequest (OMBucketCreateRequest.java:validateAndUpdateCache(270)) - created bucket: bucket67979 of layout FILE_SYSTEM_OPTIMIZED in volume: volume54888
2023-06-22 13:17:32,815 [IPC Server handler 7 on default port 15001] WARN  node.SCMNodeManager (SCMNodeManager.java:getNodesByAddress(1377)) - Cannot find node for address 127.0.0.1
]]></system-out>
  </testcase>
  <testcase name="testUnbuffer" classname="TestRootedOzoneFileSystemWithFSO" time="0.066">
    <system-out><![CDATA[2023-06-22 13:18:45,642 [Time-limited test] INFO  rpc.RpcClient (RpcClient.java:createVolume(459)) - Creating Volume: volume15891, with user17532 as owner and space quota set to -1 bytes, counts quota set to -1
2023-06-22 13:18:45,643 [IPC Server handler 0 on default port 15057] INFO  volume.OMVolumeCreateRequest (OMVolumeCreateRequest.java:validateAndUpdateCache(196)) - created volume:volume15891 for user:user17532
2023-06-22 13:18:45,644 [Time-limited test] INFO  rpc.RpcClient (RpcClient.java:createBucket(686)) - Creating Bucket: volume15891/bucket73295, with bucket layout FILE_SYSTEM_OPTIMIZED, runner as owner, Versioning false, Storage Type set to DISK and Encryption set to false, Replication Type set to server-side default replication type, Namespace Quota set to -1, Space Quota set to -1 
2023-06-22 13:18:45,644 [IPC Server handler 7 on default port 15057] INFO  bucket.OMBucketCreateRequest (OMBucketCreateRequest.java:validateAndUpdateCache(270)) - created bucket: bucket73295 of layout FILE_SYSTEM_OPTIMIZED in volume: volume15891
2023-06-22 13:18:45,691 [IPC Server handler 5 on default port 15054] WARN  node.SCMNodeManager (SCMNodeManager.java:getNodesByAddress(1377)) - Cannot find node for address 127.0.0.1
]]></system-out>
  </testcase>
  <testcase name="testDeleteCreatesFakeParentDir" classname="TestRootedOzoneFileSystemWithFSO" time="0">
    <skipped type="org.junit.AssumptionViolatedException"><![CDATA[org.junit.AssumptionViolatedException: FS Path is enabled. Skipping this test as it is not tuned for FS Path yet
	at org.junit.Assume.assumeTrue(Assume.java:68)
	at org.apache.hadoop.fs.ozone.TestRootedOzoneFileSystem.testDeleteCreatesFakeParentDir(TestRootedOzoneFileSystem.java:384)
	at sun.reflect.NativeMethodAccessorImpl.invoke0(Native Method)
	at sun.reflect.NativeMethodAccessorImpl.invoke(NativeMethodAccessorImpl.java:62)
	at sun.reflect.DelegatingMethodAccessorImpl.invoke(DelegatingMethodAccessorImpl.java:43)
	at java.lang.reflect.Method.invoke(Method.java:498)
	at org.junit.runners.model.FrameworkMethod$1.runReflectiveCall(FrameworkMethod.java:59)
	at org.junit.internal.runners.model.ReflectiveCallable.run(ReflectiveCallable.java:12)
	at org.junit.runners.model.FrameworkMethod.invokeExplosively(FrameworkMethod.java:56)
	at org.junit.internal.runners.statements.InvokeMethod.evaluate(InvokeMethod.java:17)
	at org.junit.internal.runners.statements.RunBefores.evaluate(RunBefores.java:26)
	at org.junit.internal.runners.statements.RunAfters.evaluate(RunAfters.java:27)
	at org.junit.internal.runners.statements.FailOnTimeout$CallableStatement.call(FailOnTimeout.java:288)
	at org.junit.internal.runners.statements.FailOnTimeout$CallableStatement.call(FailOnTimeout.java:282)
	at java.util.concurrent.FutureTask.run(FutureTask.java:266)
	at java.lang.Thread.run(Thread.java:750)
]]></skipped>
    <system-out><![CDATA[2023-06-22 13:17:32,874 [Time-limited test] INFO  rpc.RpcClient (RpcClient.java:createVolume(459)) - Creating Volume: volume50383, with user31366 as owner and space quota set to -1 bytes, counts quota set to -1
2023-06-22 13:17:32,877 [OM StateMachine ApplyTransaction Thread - 0] INFO  volume.OMVolumeCreateRequest (OMVolumeCreateRequest.java:validateAndUpdateCache(196)) - created volume:volume50383 for user:user31366
2023-06-22 13:17:32,878 [Time-limited test] INFO  rpc.RpcClient (RpcClient.java:createBucket(686)) - Creating Bucket: volume50383/bucket26841, with bucket layout FILE_SYSTEM_OPTIMIZED, runner as owner, Versioning false, Storage Type set to DISK and Encryption set to false, Replication Type set to server-side default replication type, Namespace Quota set to -1, Space Quota set to -1 
2023-06-22 13:17:32,879 [OM StateMachine ApplyTransaction Thread - 0] INFO  bucket.OMBucketCreateRequest (OMBucketCreateRequest.java:validateAndUpdateCache(270)) - created bucket: bucket26841 of layout FILE_SYSTEM_OPTIMIZED in volume: volume50383
]]></system-out>
  </testcase>
  <testcase name="testDeleteCreatesFakeParentDir" classname="TestRootedOzoneFileSystemWithFSO" time="0">
    <skipped type="org.junit.AssumptionViolatedException"><![CDATA[org.junit.AssumptionViolatedException: FS Path is enabled. Skipping this test as it is not tuned for FS Path yet
	at org.junit.Assume.assumeTrue(Assume.java:68)
	at org.apache.hadoop.fs.ozone.TestRootedOzoneFileSystem.testDeleteCreatesFakeParentDir(TestRootedOzoneFileSystem.java:384)
	at sun.reflect.NativeMethodAccessorImpl.invoke0(Native Method)
	at sun.reflect.NativeMethodAccessorImpl.invoke(NativeMethodAccessorImpl.java:62)
	at sun.reflect.DelegatingMethodAccessorImpl.invoke(DelegatingMethodAccessorImpl.java:43)
	at java.lang.reflect.Method.invoke(Method.java:498)
	at org.junit.runners.model.FrameworkMethod$1.runReflectiveCall(FrameworkMethod.java:59)
	at org.junit.internal.runners.model.ReflectiveCallable.run(ReflectiveCallable.java:12)
	at org.junit.runners.model.FrameworkMethod.invokeExplosively(FrameworkMethod.java:56)
	at org.junit.internal.runners.statements.InvokeMethod.evaluate(InvokeMethod.java:17)
	at org.junit.internal.runners.statements.RunBefores.evaluate(RunBefores.java:26)
	at org.junit.internal.runners.statements.RunAfters.evaluate(RunAfters.java:27)
	at org.junit.internal.runners.statements.FailOnTimeout$CallableStatement.call(FailOnTimeout.java:288)
	at org.junit.internal.runners.statements.FailOnTimeout$CallableStatement.call(FailOnTimeout.java:282)
	at java.util.concurrent.FutureTask.run(FutureTask.java:266)
	at java.lang.Thread.run(Thread.java:750)
]]></skipped>
    <system-out><![CDATA[2023-06-22 13:18:45,714 [Time-limited test] INFO  rpc.RpcClient (RpcClient.java:createVolume(459)) - Creating Volume: volume56639, with user81866 as owner and space quota set to -1 bytes, counts quota set to -1
2023-06-22 13:18:45,715 [IPC Server handler 15 on default port 15057] INFO  volume.OMVolumeCreateRequest (OMVolumeCreateRequest.java:validateAndUpdateCache(196)) - created volume:volume56639 for user:user81866
2023-06-22 13:18:45,716 [Time-limited test] INFO  rpc.RpcClient (RpcClient.java:createBucket(686)) - Creating Bucket: volume56639/bucket44123, with bucket layout FILE_SYSTEM_OPTIMIZED, runner as owner, Versioning false, Storage Type set to DISK and Encryption set to false, Replication Type set to server-side default replication type, Namespace Quota set to -1, Space Quota set to -1 
2023-06-22 13:18:45,716 [IPC Server handler 14 on default port 15057] INFO  bucket.OMBucketCreateRequest (OMBucketCreateRequest.java:validateAndUpdateCache(270)) - created bucket: bucket44123 of layout FILE_SYSTEM_OPTIMIZED in volume: volume56639
]]></system-out>
  </testcase>
  <testcase name="testNonExplicitlyCreatedPathExistsAfterItsLeafsWereRemoved" classname="TestRootedOzoneFileSystemWithFSO" time="0.046">
    <system-out><![CDATA[2023-06-22 13:17:32,904 [Time-limited test] INFO  rpc.RpcClient (RpcClient.java:createVolume(459)) - Creating Volume: volume41017, with user89484 as owner and space quota set to -1 bytes, counts quota set to -1
2023-06-22 13:17:32,906 [OM StateMachine ApplyTransaction Thread - 0] INFO  volume.OMVolumeCreateRequest (OMVolumeCreateRequest.java:validateAndUpdateCache(196)) - created volume:volume41017 for user:user89484
2023-06-22 13:17:32,907 [Time-limited test] INFO  rpc.RpcClient (RpcClient.java:createBucket(686)) - Creating Bucket: volume41017/bucket80217, with bucket layout FILE_SYSTEM_OPTIMIZED, runner as owner, Versioning false, Storage Type set to DISK and Encryption set to false, Replication Type set to server-side default replication type, Namespace Quota set to -1, Space Quota set to -1 
2023-06-22 13:17:32,908 [OM StateMachine ApplyTransaction Thread - 0] INFO  bucket.OMBucketCreateRequest (OMBucketCreateRequest.java:validateAndUpdateCache(270)) - created bucket: bucket80217 of layout FILE_SYSTEM_OPTIMIZED in volume: volume41017
]]></system-out>
  </testcase>
  <testcase name="testNonExplicitlyCreatedPathExistsAfterItsLeafsWereRemoved" classname="TestRootedOzoneFileSystemWithFSO" time="0.036">
    <system-out><![CDATA[2023-06-22 13:18:45,741 [Time-limited test] INFO  rpc.RpcClient (RpcClient.java:createVolume(459)) - Creating Volume: volume83780, with user52527 as owner and space quota set to -1 bytes, counts quota set to -1
2023-06-22 13:18:45,741 [IPC Server handler 16 on default port 15057] INFO  volume.OMVolumeCreateRequest (OMVolumeCreateRequest.java:validateAndUpdateCache(196)) - created volume:volume83780 for user:user52527
2023-06-22 13:18:45,742 [Time-limited test] INFO  rpc.RpcClient (RpcClient.java:createBucket(686)) - Creating Bucket: volume83780/bucket44578, with bucket layout FILE_SYSTEM_OPTIMIZED, runner as owner, Versioning false, Storage Type set to DISK and Encryption set to false, Replication Type set to server-side default replication type, Namespace Quota set to -1, Space Quota set to -1 
2023-06-22 13:18:45,742 [IPC Server handler 18 on default port 15057] INFO  bucket.OMBucketCreateRequest (OMBucketCreateRequest.java:validateAndUpdateCache(270)) - created bucket: bucket44578 of layout FILE_SYSTEM_OPTIMIZED in volume: volume83780
]]></system-out>
  </testcase>
  <testcase name="testFileDelete" classname="TestRootedOzoneFileSystemWithFSO" time="0.145">
    <system-out><![CDATA[2023-06-22 13:17:32,954 [Time-limited test] INFO  rpc.RpcClient (RpcClient.java:createVolume(459)) - Creating Volume: volume14132, with user96643 as owner and space quota set to -1 bytes, counts quota set to -1
2023-06-22 13:17:32,956 [OM StateMachine ApplyTransaction Thread - 0] INFO  volume.OMVolumeCreateRequest (OMVolumeCreateRequest.java:validateAndUpdateCache(196)) - created volume:volume14132 for user:user96643
2023-06-22 13:17:32,957 [Time-limited test] INFO  rpc.RpcClient (RpcClient.java:createBucket(686)) - Creating Bucket: volume14132/bucket36480, with bucket layout FILE_SYSTEM_OPTIMIZED, runner as owner, Versioning false, Storage Type set to DISK and Encryption set to false, Replication Type set to server-side default replication type, Namespace Quota set to -1, Space Quota set to -1 
2023-06-22 13:17:32,958 [OM StateMachine ApplyTransaction Thread - 0] INFO  bucket.OMBucketCreateRequest (OMBucketCreateRequest.java:validateAndUpdateCache(270)) - created bucket: bucket36480 of layout FILE_SYSTEM_OPTIMIZED in volume: volume14132
13:17:33.048 [IPC Server handler 16 on default port 15004] ERROR OMAudit - user=runner | ip=127.0.0.1 | op=GET_FILE_STATUS {volume=volume14132, bucket=bucket36480, key=testBatchDelete, dataSize=0, replicationConfig=null} | ret=FAILURE
org.apache.hadoop.ozone.om.exceptions.OMException: Unable to get file status: volume: volume14132 bucket: bucket36480 key: testBatchDelete
	at org.apache.hadoop.ozone.om.KeyManagerImpl.getOzoneFileStatusFSO(KeyManagerImpl.java:1310) ~[ozone-manager-1.4.0-SNAPSHOT.jar:?]
	at org.apache.hadoop.ozone.om.KeyManagerImpl.getFileStatus(KeyManagerImpl.java:1102) ~[ozone-manager-1.4.0-SNAPSHOT.jar:?]
	at org.apache.hadoop.ozone.om.OmMetadataReader.getFileStatus(OmMetadataReader.java:286) ~[ozone-manager-1.4.0-SNAPSHOT.jar:?]
	at org.apache.hadoop.ozone.om.OzoneManager.getFileStatus(OzoneManager.java:3499) ~[ozone-manager-1.4.0-SNAPSHOT.jar:?]
	at org.apache.hadoop.ozone.protocolPB.OzoneManagerRequestHandler.getOzoneFileStatus(OzoneManagerRequestHandler.java:950) ~[ozone-manager-1.4.0-SNAPSHOT.jar:?]
	at org.apache.hadoop.ozone.protocolPB.OzoneManagerRequestHandler.handleReadRequest(OzoneManagerRequestHandler.java:245) ~[ozone-manager-1.4.0-SNAPSHOT.jar:?]
	at org.apache.hadoop.ozone.protocolPB.OzoneManagerProtocolServerSideTranslatorPB.submitReadRequestToOM(OzoneManagerProtocolServerSideTranslatorPB.java:223) ~[ozone-manager-1.4.0-SNAPSHOT.jar:?]
	at org.apache.hadoop.ozone.protocolPB.OzoneManagerProtocolServerSideTranslatorPB.processRequest(OzoneManagerProtocolServerSideTranslatorPB.java:177) ~[ozone-manager-1.4.0-SNAPSHOT.jar:?]
	at org.apache.hadoop.hdds.server.OzoneProtocolMessageDispatcher.processRequest(OzoneProtocolMessageDispatcher.java:87) [hdds-server-framework-1.4.0-SNAPSHOT.jar:?]
	at org.apache.hadoop.ozone.protocolPB.OzoneManagerProtocolServerSideTranslatorPB.submitRequest(OzoneManagerProtocolServerSideTranslatorPB.java:147) [ozone-manager-1.4.0-SNAPSHOT.jar:?]
	at org.apache.hadoop.ozone.protocol.proto.OzoneManagerProtocolProtos$OzoneManagerService$2.callBlockingMethod(OzoneManagerProtocolProtos.java) [ozone-interface-client-1.4.0-SNAPSHOT.jar:?]
	at org.apache.hadoop.ipc.ProtobufRpcEngine$Server.processCall(ProtobufRpcEngine.java:484) [hadoop-common-3.3.5.jar:?]
	at org.apache.hadoop.ipc.ProtobufRpcEngine2$Server$ProtoBufRpcInvoker.call(ProtobufRpcEngine2.java:595) [hadoop-common-3.3.5.jar:?]
	at org.apache.hadoop.ipc.ProtobufRpcEngine2$Server$ProtoBufRpcInvoker.call(ProtobufRpcEngine2.java:573) [hadoop-common-3.3.5.jar:?]
	at org.apache.hadoop.ipc.RPC$Server.call(RPC.java:1213) [hadoop-common-3.3.5.jar:?]
	at org.apache.hadoop.ipc.Server$RpcCall.run(Server.java:1089) [hadoop-common-3.3.5.jar:?]
	at org.apache.hadoop.ipc.Server$RpcCall.run(Server.java:1012) [hadoop-common-3.3.5.jar:?]
	at java.security.AccessController.doPrivileged(Native Method) ~[?:1.8.0_372]
	at javax.security.auth.Subject.doAs(Subject.java:422) [?:1.8.0_372]
	at org.apache.hadoop.security.UserGroupInformation.doAs(UserGroupInformation.java:1899) [hadoop-common-3.3.5.jar:?]
	at org.apache.hadoop.ipc.Server$Handler.run(Server.java:3026) [hadoop-common-3.3.5.jar:?]
13:17:33.049 [IPC Server handler 17 on default port 15004] ERROR OMAudit - user=runner | ip=127.0.0.1 | op=GET_FILE_STATUS {volume=volume14132, bucket=bucket36480, key=testBatchDelete/parent/child0, dataSize=0, replicationConfig=null} | ret=FAILURE
org.apache.hadoop.ozone.om.exceptions.OMException: Unable to get file status: volume: volume14132 bucket: bucket36480 key: testBatchDelete/parent/child0
	at org.apache.hadoop.ozone.om.KeyManagerImpl.getOzoneFileStatusFSO(KeyManagerImpl.java:1310) ~[ozone-manager-1.4.0-SNAPSHOT.jar:?]
	at org.apache.hadoop.ozone.om.KeyManagerImpl.getFileStatus(KeyManagerImpl.java:1102) ~[ozone-manager-1.4.0-SNAPSHOT.jar:?]
	at org.apache.hadoop.ozone.om.OmMetadataReader.getFileStatus(OmMetadataReader.java:286) ~[ozone-manager-1.4.0-SNAPSHOT.jar:?]
	at org.apache.hadoop.ozone.om.OzoneManager.getFileStatus(OzoneManager.java:3499) ~[ozone-manager-1.4.0-SNAPSHOT.jar:?]
	at org.apache.hadoop.ozone.protocolPB.OzoneManagerRequestHandler.getOzoneFileStatus(OzoneManagerRequestHandler.java:950) ~[ozone-manager-1.4.0-SNAPSHOT.jar:?]
	at org.apache.hadoop.ozone.protocolPB.OzoneManagerRequestHandler.handleReadRequest(OzoneManagerRequestHandler.java:245) ~[ozone-manager-1.4.0-SNAPSHOT.jar:?]
	at org.apache.hadoop.ozone.protocolPB.OzoneManagerProtocolServerSideTranslatorPB.submitReadRequestToOM(OzoneManagerProtocolServerSideTranslatorPB.java:223) ~[ozone-manager-1.4.0-SNAPSHOT.jar:?]
	at org.apache.hadoop.ozone.protocolPB.OzoneManagerProtocolServerSideTranslatorPB.processRequest(OzoneManagerProtocolServerSideTranslatorPB.java:177) ~[ozone-manager-1.4.0-SNAPSHOT.jar:?]
	at org.apache.hadoop.hdds.server.OzoneProtocolMessageDispatcher.processRequest(OzoneProtocolMessageDispatcher.java:87) [hdds-server-framework-1.4.0-SNAPSHOT.jar:?]
	at org.apache.hadoop.ozone.protocolPB.OzoneManagerProtocolServerSideTranslatorPB.submitRequest(OzoneManagerProtocolServerSideTranslatorPB.java:147) [ozone-manager-1.4.0-SNAPSHOT.jar:?]
	at org.apache.hadoop.ozone.protocol.proto.OzoneManagerProtocolProtos$OzoneManagerService$2.callBlockingMethod(OzoneManagerProtocolProtos.java) [ozone-interface-client-1.4.0-SNAPSHOT.jar:?]
	at org.apache.hadoop.ipc.ProtobufRpcEngine$Server.processCall(ProtobufRpcEngine.java:484) [hadoop-common-3.3.5.jar:?]
	at org.apache.hadoop.ipc.ProtobufRpcEngine2$Server$ProtoBufRpcInvoker.call(ProtobufRpcEngine2.java:595) [hadoop-common-3.3.5.jar:?]
	at org.apache.hadoop.ipc.ProtobufRpcEngine2$Server$ProtoBufRpcInvoker.call(ProtobufRpcEngine2.java:573) [hadoop-common-3.3.5.jar:?]
	at org.apache.hadoop.ipc.RPC$Server.call(RPC.java:1213) [hadoop-common-3.3.5.jar:?]
	at org.apache.hadoop.ipc.Server$RpcCall.run(Server.java:1089) [hadoop-common-3.3.5.jar:?]
	at org.apache.hadoop.ipc.Server$RpcCall.run(Server.java:1012) [hadoop-common-3.3.5.jar:?]
	at java.security.AccessController.doPrivileged(Native Method) ~[?:1.8.0_372]
	at javax.security.auth.Subject.doAs(Subject.java:422) [?:1.8.0_372]
	at org.apache.hadoop.security.UserGroupInformation.doAs(UserGroupInformation.java:1899) [hadoop-common-3.3.5.jar:?]
	at org.apache.hadoop.ipc.Server$Handler.run(Server.java:3026) [hadoop-common-3.3.5.jar:?]
13:17:33.050 [IPC Server handler 13 on default port 15004] ERROR OMAudit - user=runner | ip=127.0.0.1 | op=GET_FILE_STATUS {volume=volume14132, bucket=bucket36480, key=testBatchDelete/parent/childFolder/child0, dataSize=0, replicationConfig=null} | ret=FAILURE
org.apache.hadoop.ozone.om.exceptions.OMException: Unable to get file status: volume: volume14132 bucket: bucket36480 key: testBatchDelete/parent/childFolder/child0
	at org.apache.hadoop.ozone.om.KeyManagerImpl.getOzoneFileStatusFSO(KeyManagerImpl.java:1310) ~[ozone-manager-1.4.0-SNAPSHOT.jar:?]
	at org.apache.hadoop.ozone.om.KeyManagerImpl.getFileStatus(KeyManagerImpl.java:1102) ~[ozone-manager-1.4.0-SNAPSHOT.jar:?]
	at org.apache.hadoop.ozone.om.OmMetadataReader.getFileStatus(OmMetadataReader.java:286) ~[ozone-manager-1.4.0-SNAPSHOT.jar:?]
	at org.apache.hadoop.ozone.om.OzoneManager.getFileStatus(OzoneManager.java:3499) ~[ozone-manager-1.4.0-SNAPSHOT.jar:?]
	at org.apache.hadoop.ozone.protocolPB.OzoneManagerRequestHandler.getOzoneFileStatus(OzoneManagerRequestHandler.java:950) ~[ozone-manager-1.4.0-SNAPSHOT.jar:?]
	at org.apache.hadoop.ozone.protocolPB.OzoneManagerRequestHandler.handleReadRequest(OzoneManagerRequestHandler.java:245) ~[ozone-manager-1.4.0-SNAPSHOT.jar:?]
	at org.apache.hadoop.ozone.protocolPB.OzoneManagerProtocolServerSideTranslatorPB.submitReadRequestToOM(OzoneManagerProtocolServerSideTranslatorPB.java:223) ~[ozone-manager-1.4.0-SNAPSHOT.jar:?]
	at org.apache.hadoop.ozone.protocolPB.OzoneManagerProtocolServerSideTranslatorPB.processRequest(OzoneManagerProtocolServerSideTranslatorPB.java:177) ~[ozone-manager-1.4.0-SNAPSHOT.jar:?]
	at org.apache.hadoop.hdds.server.OzoneProtocolMessageDispatcher.processRequest(OzoneProtocolMessageDispatcher.java:87) [hdds-server-framework-1.4.0-SNAPSHOT.jar:?]
	at org.apache.hadoop.ozone.protocolPB.OzoneManagerProtocolServerSideTranslatorPB.submitRequest(OzoneManagerProtocolServerSideTranslatorPB.java:147) [ozone-manager-1.4.0-SNAPSHOT.jar:?]
	at org.apache.hadoop.ozone.protocol.proto.OzoneManagerProtocolProtos$OzoneManagerService$2.callBlockingMethod(OzoneManagerProtocolProtos.java) [ozone-interface-client-1.4.0-SNAPSHOT.jar:?]
	at org.apache.hadoop.ipc.ProtobufRpcEngine$Server.processCall(ProtobufRpcEngine.java:484) [hadoop-common-3.3.5.jar:?]
	at org.apache.hadoop.ipc.ProtobufRpcEngine2$Server$ProtoBufRpcInvoker.call(ProtobufRpcEngine2.java:595) [hadoop-common-3.3.5.jar:?]
	at org.apache.hadoop.ipc.ProtobufRpcEngine2$Server$ProtoBufRpcInvoker.call(ProtobufRpcEngine2.java:573) [hadoop-common-3.3.5.jar:?]
	at org.apache.hadoop.ipc.RPC$Server.call(RPC.java:1213) [hadoop-common-3.3.5.jar:?]
	at org.apache.hadoop.ipc.Server$RpcCall.run(Server.java:1089) [hadoop-common-3.3.5.jar:?]
	at org.apache.hadoop.ipc.Server$RpcCall.run(Server.java:1012) [hadoop-common-3.3.5.jar:?]
	at java.security.AccessController.doPrivileged(Native Method) ~[?:1.8.0_372]
	at javax.security.auth.Subject.doAs(Subject.java:422) [?:1.8.0_372]
	at org.apache.hadoop.security.UserGroupInformation.doAs(UserGroupInformation.java:1899) [hadoop-common-3.3.5.jar:?]
	at org.apache.hadoop.ipc.Server$Handler.run(Server.java:3026) [hadoop-common-3.3.5.jar:?]
13:17:33.052 [IPC Server handler 15 on default port 15004] ERROR OMAudit - user=runner | ip=127.0.0.1 | op=GET_FILE_STATUS {volume=volume14132, bucket=bucket36480, key=testBatchDelete/parent/child1, dataSize=0, replicationConfig=null} | ret=FAILURE
org.apache.hadoop.ozone.om.exceptions.OMException: Unable to get file status: volume: volume14132 bucket: bucket36480 key: testBatchDelete/parent/child1
	at org.apache.hadoop.ozone.om.KeyManagerImpl.getOzoneFileStatusFSO(KeyManagerImpl.java:1310) ~[ozone-manager-1.4.0-SNAPSHOT.jar:?]
	at org.apache.hadoop.ozone.om.KeyManagerImpl.getFileStatus(KeyManagerImpl.java:1102) ~[ozone-manager-1.4.0-SNAPSHOT.jar:?]
	at org.apache.hadoop.ozone.om.OmMetadataReader.getFileStatus(OmMetadataReader.java:286) ~[ozone-manager-1.4.0-SNAPSHOT.jar:?]
	at org.apache.hadoop.ozone.om.OzoneManager.getFileStatus(OzoneManager.java:3499) ~[ozone-manager-1.4.0-SNAPSHOT.jar:?]
	at org.apache.hadoop.ozone.protocolPB.OzoneManagerRequestHandler.getOzoneFileStatus(OzoneManagerRequestHandler.java:950) ~[ozone-manager-1.4.0-SNAPSHOT.jar:?]
	at org.apache.hadoop.ozone.protocolPB.OzoneManagerRequestHandler.handleReadRequest(OzoneManagerRequestHandler.java:245) ~[ozone-manager-1.4.0-SNAPSHOT.jar:?]
	at org.apache.hadoop.ozone.protocolPB.OzoneManagerProtocolServerSideTranslatorPB.submitReadRequestToOM(OzoneManagerProtocolServerSideTranslatorPB.java:223) ~[ozone-manager-1.4.0-SNAPSHOT.jar:?]
	at org.apache.hadoop.ozone.protocolPB.OzoneManagerProtocolServerSideTranslatorPB.processRequest(OzoneManagerProtocolServerSideTranslatorPB.java:177) ~[ozone-manager-1.4.0-SNAPSHOT.jar:?]
	at org.apache.hadoop.hdds.server.OzoneProtocolMessageDispatcher.processRequest(OzoneProtocolMessageDispatcher.java:87) [hdds-server-framework-1.4.0-SNAPSHOT.jar:?]
	at org.apache.hadoop.ozone.protocolPB.OzoneManagerProtocolServerSideTranslatorPB.submitRequest(OzoneManagerProtocolServerSideTranslatorPB.java:147) [ozone-manager-1.4.0-SNAPSHOT.jar:?]
	at org.apache.hadoop.ozone.protocol.proto.OzoneManagerProtocolProtos$OzoneManagerService$2.callBlockingMethod(OzoneManagerProtocolProtos.java) [ozone-interface-client-1.4.0-SNAPSHOT.jar:?]
	at org.apache.hadoop.ipc.ProtobufRpcEngine$Server.processCall(ProtobufRpcEngine.java:484) [hadoop-common-3.3.5.jar:?]
	at org.apache.hadoop.ipc.ProtobufRpcEngine2$Server$ProtoBufRpcInvoker.call(ProtobufRpcEngine2.java:595) [hadoop-common-3.3.5.jar:?]
	at org.apache.hadoop.ipc.ProtobufRpcEngine2$Server$ProtoBufRpcInvoker.call(ProtobufRpcEngine2.java:573) [hadoop-common-3.3.5.jar:?]
	at org.apache.hadoop.ipc.RPC$Server.call(RPC.java:1213) [hadoop-common-3.3.5.jar:?]
	at org.apache.hadoop.ipc.Server$RpcCall.run(Server.java:1089) [hadoop-common-3.3.5.jar:?]
	at org.apache.hadoop.ipc.Server$RpcCall.run(Server.java:1012) [hadoop-common-3.3.5.jar:?]
	at java.security.AccessController.doPrivileged(Native Method) ~[?:1.8.0_372]
	at javax.security.auth.Subject.doAs(Subject.java:422) [?:1.8.0_372]
	at org.apache.hadoop.security.UserGroupInformation.doAs(UserGroupInformation.java:1899) [hadoop-common-3.3.5.jar:?]
	at org.apache.hadoop.ipc.Server$Handler.run(Server.java:3026) [hadoop-common-3.3.5.jar:?]
13:17:33.053 [IPC Server handler 0 on default port 15004] ERROR OMAudit - user=runner | ip=127.0.0.1 | op=GET_FILE_STATUS {volume=volume14132, bucket=bucket36480, key=testBatchDelete/parent/childFolder/child1, dataSize=0, replicationConfig=null} | ret=FAILURE
org.apache.hadoop.ozone.om.exceptions.OMException: Unable to get file status: volume: volume14132 bucket: bucket36480 key: testBatchDelete/parent/childFolder/child1
	at org.apache.hadoop.ozone.om.KeyManagerImpl.getOzoneFileStatusFSO(KeyManagerImpl.java:1310) ~[ozone-manager-1.4.0-SNAPSHOT.jar:?]
	at org.apache.hadoop.ozone.om.KeyManagerImpl.getFileStatus(KeyManagerImpl.java:1102) ~[ozone-manager-1.4.0-SNAPSHOT.jar:?]
	at org.apache.hadoop.ozone.om.OmMetadataReader.getFileStatus(OmMetadataReader.java:286) ~[ozone-manager-1.4.0-SNAPSHOT.jar:?]
	at org.apache.hadoop.ozone.om.OzoneManager.getFileStatus(OzoneManager.java:3499) ~[ozone-manager-1.4.0-SNAPSHOT.jar:?]
	at org.apache.hadoop.ozone.protocolPB.OzoneManagerRequestHandler.getOzoneFileStatus(OzoneManagerRequestHandler.java:950) ~[ozone-manager-1.4.0-SNAPSHOT.jar:?]
	at org.apache.hadoop.ozone.protocolPB.OzoneManagerRequestHandler.handleReadRequest(OzoneManagerRequestHandler.java:245) ~[ozone-manager-1.4.0-SNAPSHOT.jar:?]
	at org.apache.hadoop.ozone.protocolPB.OzoneManagerProtocolServerSideTranslatorPB.submitReadRequestToOM(OzoneManagerProtocolServerSideTranslatorPB.java:223) ~[ozone-manager-1.4.0-SNAPSHOT.jar:?]
	at org.apache.hadoop.ozone.protocolPB.OzoneManagerProtocolServerSideTranslatorPB.processRequest(OzoneManagerProtocolServerSideTranslatorPB.java:177) ~[ozone-manager-1.4.0-SNAPSHOT.jar:?]
	at org.apache.hadoop.hdds.server.OzoneProtocolMessageDispatcher.processRequest(OzoneProtocolMessageDispatcher.java:87) [hdds-server-framework-1.4.0-SNAPSHOT.jar:?]
	at org.apache.hadoop.ozone.protocolPB.OzoneManagerProtocolServerSideTranslatorPB.submitRequest(OzoneManagerProtocolServerSideTranslatorPB.java:147) [ozone-manager-1.4.0-SNAPSHOT.jar:?]
	at org.apache.hadoop.ozone.protocol.proto.OzoneManagerProtocolProtos$OzoneManagerService$2.callBlockingMethod(OzoneManagerProtocolProtos.java) [ozone-interface-client-1.4.0-SNAPSHOT.jar:?]
	at org.apache.hadoop.ipc.ProtobufRpcEngine$Server.processCall(ProtobufRpcEngine.java:484) [hadoop-common-3.3.5.jar:?]
	at org.apache.hadoop.ipc.ProtobufRpcEngine2$Server$ProtoBufRpcInvoker.call(ProtobufRpcEngine2.java:595) [hadoop-common-3.3.5.jar:?]
	at org.apache.hadoop.ipc.ProtobufRpcEngine2$Server$ProtoBufRpcInvoker.call(ProtobufRpcEngine2.java:573) [hadoop-common-3.3.5.jar:?]
	at org.apache.hadoop.ipc.RPC$Server.call(RPC.java:1213) [hadoop-common-3.3.5.jar:?]
	at org.apache.hadoop.ipc.Server$RpcCall.run(Server.java:1089) [hadoop-common-3.3.5.jar:?]
	at org.apache.hadoop.ipc.Server$RpcCall.run(Server.java:1012) [hadoop-common-3.3.5.jar:?]
	at java.security.AccessController.doPrivileged(Native Method) ~[?:1.8.0_372]
	at javax.security.auth.Subject.doAs(Subject.java:422) [?:1.8.0_372]
	at org.apache.hadoop.security.UserGroupInformation.doAs(UserGroupInformation.java:1899) [hadoop-common-3.3.5.jar:?]
	at org.apache.hadoop.ipc.Server$Handler.run(Server.java:3026) [hadoop-common-3.3.5.jar:?]
13:17:33.055 [IPC Server handler 2 on default port 15004] ERROR OMAudit - user=runner | ip=127.0.0.1 | op=GET_FILE_STATUS {volume=volume14132, bucket=bucket36480, key=testBatchDelete/parent/child2, dataSize=0, replicationConfig=null} | ret=FAILURE
org.apache.hadoop.ozone.om.exceptions.OMException: Unable to get file status: volume: volume14132 bucket: bucket36480 key: testBatchDelete/parent/child2
	at org.apache.hadoop.ozone.om.KeyManagerImpl.getOzoneFileStatusFSO(KeyManagerImpl.java:1310) ~[ozone-manager-1.4.0-SNAPSHOT.jar:?]
	at org.apache.hadoop.ozone.om.KeyManagerImpl.getFileStatus(KeyManagerImpl.java:1102) ~[ozone-manager-1.4.0-SNAPSHOT.jar:?]
	at org.apache.hadoop.ozone.om.OmMetadataReader.getFileStatus(OmMetadataReader.java:286) ~[ozone-manager-1.4.0-SNAPSHOT.jar:?]
	at org.apache.hadoop.ozone.om.OzoneManager.getFileStatus(OzoneManager.java:3499) ~[ozone-manager-1.4.0-SNAPSHOT.jar:?]
	at org.apache.hadoop.ozone.protocolPB.OzoneManagerRequestHandler.getOzoneFileStatus(OzoneManagerRequestHandler.java:950) ~[ozone-manager-1.4.0-SNAPSHOT.jar:?]
	at org.apache.hadoop.ozone.protocolPB.OzoneManagerRequestHandler.handleReadRequest(OzoneManagerRequestHandler.java:245) ~[ozone-manager-1.4.0-SNAPSHOT.jar:?]
	at org.apache.hadoop.ozone.protocolPB.OzoneManagerProtocolServerSideTranslatorPB.submitReadRequestToOM(OzoneManagerProtocolServerSideTranslatorPB.java:223) ~[ozone-manager-1.4.0-SNAPSHOT.jar:?]
	at org.apache.hadoop.ozone.protocolPB.OzoneManagerProtocolServerSideTranslatorPB.processRequest(OzoneManagerProtocolServerSideTranslatorPB.java:177) ~[ozone-manager-1.4.0-SNAPSHOT.jar:?]
	at org.apache.hadoop.hdds.server.OzoneProtocolMessageDispatcher.processRequest(OzoneProtocolMessageDispatcher.java:87) [hdds-server-framework-1.4.0-SNAPSHOT.jar:?]
	at org.apache.hadoop.ozone.protocolPB.OzoneManagerProtocolServerSideTranslatorPB.submitRequest(OzoneManagerProtocolServerSideTranslatorPB.java:147) [ozone-manager-1.4.0-SNAPSHOT.jar:?]
	at org.apache.hadoop.ozone.protocol.proto.OzoneManagerProtocolProtos$OzoneManagerService$2.callBlockingMethod(OzoneManagerProtocolProtos.java) [ozone-interface-client-1.4.0-SNAPSHOT.jar:?]
	at org.apache.hadoop.ipc.ProtobufRpcEngine$Server.processCall(ProtobufRpcEngine.java:484) [hadoop-common-3.3.5.jar:?]
	at org.apache.hadoop.ipc.ProtobufRpcEngine2$Server$ProtoBufRpcInvoker.call(ProtobufRpcEngine2.java:595) [hadoop-common-3.3.5.jar:?]
	at org.apache.hadoop.ipc.ProtobufRpcEngine2$Server$ProtoBufRpcInvoker.call(ProtobufRpcEngine2.java:573) [hadoop-common-3.3.5.jar:?]
	at org.apache.hadoop.ipc.RPC$Server.call(RPC.java:1213) [hadoop-common-3.3.5.jar:?]
	at org.apache.hadoop.ipc.Server$RpcCall.run(Server.java:1089) [hadoop-common-3.3.5.jar:?]
	at org.apache.hadoop.ipc.Server$RpcCall.run(Server.java:1012) [hadoop-common-3.3.5.jar:?]
	at java.security.AccessController.doPrivileged(Native Method) ~[?:1.8.0_372]
	at javax.security.auth.Subject.doAs(Subject.java:422) [?:1.8.0_372]
	at org.apache.hadoop.security.UserGroupInformation.doAs(UserGroupInformation.java:1899) [hadoop-common-3.3.5.jar:?]
	at org.apache.hadoop.ipc.Server$Handler.run(Server.java:3026) [hadoop-common-3.3.5.jar:?]
13:17:33.057 [IPC Server handler 5 on default port 15004] ERROR OMAudit - user=runner | ip=127.0.0.1 | op=GET_FILE_STATUS {volume=volume14132, bucket=bucket36480, key=testBatchDelete/parent/childFolder/child2, dataSize=0, replicationConfig=null} | ret=FAILURE
org.apache.hadoop.ozone.om.exceptions.OMException: Unable to get file status: volume: volume14132 bucket: bucket36480 key: testBatchDelete/parent/childFolder/child2
	at org.apache.hadoop.ozone.om.KeyManagerImpl.getOzoneFileStatusFSO(KeyManagerImpl.java:1310) ~[ozone-manager-1.4.0-SNAPSHOT.jar:?]
	at org.apache.hadoop.ozone.om.KeyManagerImpl.getFileStatus(KeyManagerImpl.java:1102) ~[ozone-manager-1.4.0-SNAPSHOT.jar:?]
	at org.apache.hadoop.ozone.om.OmMetadataReader.getFileStatus(OmMetadataReader.java:286) ~[ozone-manager-1.4.0-SNAPSHOT.jar:?]
	at org.apache.hadoop.ozone.om.OzoneManager.getFileStatus(OzoneManager.java:3499) ~[ozone-manager-1.4.0-SNAPSHOT.jar:?]
	at org.apache.hadoop.ozone.protocolPB.OzoneManagerRequestHandler.getOzoneFileStatus(OzoneManagerRequestHandler.java:950) ~[ozone-manager-1.4.0-SNAPSHOT.jar:?]
	at org.apache.hadoop.ozone.protocolPB.OzoneManagerRequestHandler.handleReadRequest(OzoneManagerRequestHandler.java:245) ~[ozone-manager-1.4.0-SNAPSHOT.jar:?]
	at org.apache.hadoop.ozone.protocolPB.OzoneManagerProtocolServerSideTranslatorPB.submitReadRequestToOM(OzoneManagerProtocolServerSideTranslatorPB.java:223) ~[ozone-manager-1.4.0-SNAPSHOT.jar:?]
	at org.apache.hadoop.ozone.protocolPB.OzoneManagerProtocolServerSideTranslatorPB.processRequest(OzoneManagerProtocolServerSideTranslatorPB.java:177) ~[ozone-manager-1.4.0-SNAPSHOT.jar:?]
	at org.apache.hadoop.hdds.server.OzoneProtocolMessageDispatcher.processRequest(OzoneProtocolMessageDispatcher.java:87) [hdds-server-framework-1.4.0-SNAPSHOT.jar:?]
	at org.apache.hadoop.ozone.protocolPB.OzoneManagerProtocolServerSideTranslatorPB.submitRequest(OzoneManagerProtocolServerSideTranslatorPB.java:147) [ozone-manager-1.4.0-SNAPSHOT.jar:?]
	at org.apache.hadoop.ozone.protocol.proto.OzoneManagerProtocolProtos$OzoneManagerService$2.callBlockingMethod(OzoneManagerProtocolProtos.java) [ozone-interface-client-1.4.0-SNAPSHOT.jar:?]
	at org.apache.hadoop.ipc.ProtobufRpcEngine$Server.processCall(ProtobufRpcEngine.java:484) [hadoop-common-3.3.5.jar:?]
	at org.apache.hadoop.ipc.ProtobufRpcEngine2$Server$ProtoBufRpcInvoker.call(ProtobufRpcEngine2.java:595) [hadoop-common-3.3.5.jar:?]
	at org.apache.hadoop.ipc.ProtobufRpcEngine2$Server$ProtoBufRpcInvoker.call(ProtobufRpcEngine2.java:573) [hadoop-common-3.3.5.jar:?]
	at org.apache.hadoop.ipc.RPC$Server.call(RPC.java:1213) [hadoop-common-3.3.5.jar:?]
	at org.apache.hadoop.ipc.Server$RpcCall.run(Server.java:1089) [hadoop-common-3.3.5.jar:?]
	at org.apache.hadoop.ipc.Server$RpcCall.run(Server.java:1012) [hadoop-common-3.3.5.jar:?]
	at java.security.AccessController.doPrivileged(Native Method) ~[?:1.8.0_372]
	at javax.security.auth.Subject.doAs(Subject.java:422) [?:1.8.0_372]
	at org.apache.hadoop.security.UserGroupInformation.doAs(UserGroupInformation.java:1899) [hadoop-common-3.3.5.jar:?]
	at org.apache.hadoop.ipc.Server$Handler.run(Server.java:3026) [hadoop-common-3.3.5.jar:?]
13:17:33.058 [IPC Server handler 11 on default port 15004] ERROR OMAudit - user=runner | ip=127.0.0.1 | op=GET_FILE_STATUS {volume=volume14132, bucket=bucket36480, key=testBatchDelete/parent/child3, dataSize=0, replicationConfig=null} | ret=FAILURE
org.apache.hadoop.ozone.om.exceptions.OMException: Unable to get file status: volume: volume14132 bucket: bucket36480 key: testBatchDelete/parent/child3
	at org.apache.hadoop.ozone.om.KeyManagerImpl.getOzoneFileStatusFSO(KeyManagerImpl.java:1310) ~[ozone-manager-1.4.0-SNAPSHOT.jar:?]
	at org.apache.hadoop.ozone.om.KeyManagerImpl.getFileStatus(KeyManagerImpl.java:1102) ~[ozone-manager-1.4.0-SNAPSHOT.jar:?]
	at org.apache.hadoop.ozone.om.OmMetadataReader.getFileStatus(OmMetadataReader.java:286) ~[ozone-manager-1.4.0-SNAPSHOT.jar:?]
	at org.apache.hadoop.ozone.om.OzoneManager.getFileStatus(OzoneManager.java:3499) ~[ozone-manager-1.4.0-SNAPSHOT.jar:?]
	at org.apache.hadoop.ozone.protocolPB.OzoneManagerRequestHandler.getOzoneFileStatus(OzoneManagerRequestHandler.java:950) ~[ozone-manager-1.4.0-SNAPSHOT.jar:?]
	at org.apache.hadoop.ozone.protocolPB.OzoneManagerRequestHandler.handleReadRequest(OzoneManagerRequestHandler.java:245) ~[ozone-manager-1.4.0-SNAPSHOT.jar:?]
	at org.apache.hadoop.ozone.protocolPB.OzoneManagerProtocolServerSideTranslatorPB.submitReadRequestToOM(OzoneManagerProtocolServerSideTranslatorPB.java:223) ~[ozone-manager-1.4.0-SNAPSHOT.jar:?]
	at org.apache.hadoop.ozone.protocolPB.OzoneManagerProtocolServerSideTranslatorPB.processRequest(OzoneManagerProtocolServerSideTranslatorPB.java:177) ~[ozone-manager-1.4.0-SNAPSHOT.jar:?]
	at org.apache.hadoop.hdds.server.OzoneProtocolMessageDispatcher.processRequest(OzoneProtocolMessageDispatcher.java:87) [hdds-server-framework-1.4.0-SNAPSHOT.jar:?]
	at org.apache.hadoop.ozone.protocolPB.OzoneManagerProtocolServerSideTranslatorPB.submitRequest(OzoneManagerProtocolServerSideTranslatorPB.java:147) [ozone-manager-1.4.0-SNAPSHOT.jar:?]
	at org.apache.hadoop.ozone.protocol.proto.OzoneManagerProtocolProtos$OzoneManagerService$2.callBlockingMethod(OzoneManagerProtocolProtos.java) [ozone-interface-client-1.4.0-SNAPSHOT.jar:?]
	at org.apache.hadoop.ipc.ProtobufRpcEngine$Server.processCall(ProtobufRpcEngine.java:484) [hadoop-common-3.3.5.jar:?]
	at org.apache.hadoop.ipc.ProtobufRpcEngine2$Server$ProtoBufRpcInvoker.call(ProtobufRpcEngine2.java:595) [hadoop-common-3.3.5.jar:?]
	at org.apache.hadoop.ipc.ProtobufRpcEngine2$Server$ProtoBufRpcInvoker.call(ProtobufRpcEngine2.java:573) [hadoop-common-3.3.5.jar:?]
	at org.apache.hadoop.ipc.RPC$Server.call(RPC.java:1213) [hadoop-common-3.3.5.jar:?]
	at org.apache.hadoop.ipc.Server$RpcCall.run(Server.java:1089) [hadoop-common-3.3.5.jar:?]
	at org.apache.hadoop.ipc.Server$RpcCall.run(Server.java:1012) [hadoop-common-3.3.5.jar:?]
	at java.security.AccessController.doPrivileged(Native Method) ~[?:1.8.0_372]
	at javax.security.auth.Subject.doAs(Subject.java:422) [?:1.8.0_372]
	at org.apache.hadoop.security.UserGroupInformation.doAs(UserGroupInformation.java:1899) [hadoop-common-3.3.5.jar:?]
	at org.apache.hadoop.ipc.Server$Handler.run(Server.java:3026) [hadoop-common-3.3.5.jar:?]
13:17:33.059 [IPC Server handler 9 on default port 15004] ERROR OMAudit - user=runner | ip=127.0.0.1 | op=GET_FILE_STATUS {volume=volume14132, bucket=bucket36480, key=testBatchDelete/parent/childFolder/child3, dataSize=0, replicationConfig=null} | ret=FAILURE
org.apache.hadoop.ozone.om.exceptions.OMException: Unable to get file status: volume: volume14132 bucket: bucket36480 key: testBatchDelete/parent/childFolder/child3
	at org.apache.hadoop.ozone.om.KeyManagerImpl.getOzoneFileStatusFSO(KeyManagerImpl.java:1310) ~[ozone-manager-1.4.0-SNAPSHOT.jar:?]
	at org.apache.hadoop.ozone.om.KeyManagerImpl.getFileStatus(KeyManagerImpl.java:1102) ~[ozone-manager-1.4.0-SNAPSHOT.jar:?]
	at org.apache.hadoop.ozone.om.OmMetadataReader.getFileStatus(OmMetadataReader.java:286) ~[ozone-manager-1.4.0-SNAPSHOT.jar:?]
	at org.apache.hadoop.ozone.om.OzoneManager.getFileStatus(OzoneManager.java:3499) ~[ozone-manager-1.4.0-SNAPSHOT.jar:?]
	at org.apache.hadoop.ozone.protocolPB.OzoneManagerRequestHandler.getOzoneFileStatus(OzoneManagerRequestHandler.java:950) ~[ozone-manager-1.4.0-SNAPSHOT.jar:?]
	at org.apache.hadoop.ozone.protocolPB.OzoneManagerRequestHandler.handleReadRequest(OzoneManagerRequestHandler.java:245) ~[ozone-manager-1.4.0-SNAPSHOT.jar:?]
	at org.apache.hadoop.ozone.protocolPB.OzoneManagerProtocolServerSideTranslatorPB.submitReadRequestToOM(OzoneManagerProtocolServerSideTranslatorPB.java:223) ~[ozone-manager-1.4.0-SNAPSHOT.jar:?]
	at org.apache.hadoop.ozone.protocolPB.OzoneManagerProtocolServerSideTranslatorPB.processRequest(OzoneManagerProtocolServerSideTranslatorPB.java:177) ~[ozone-manager-1.4.0-SNAPSHOT.jar:?]
	at org.apache.hadoop.hdds.server.OzoneProtocolMessageDispatcher.processRequest(OzoneProtocolMessageDispatcher.java:87) [hdds-server-framework-1.4.0-SNAPSHOT.jar:?]
	at org.apache.hadoop.ozone.protocolPB.OzoneManagerProtocolServerSideTranslatorPB.submitRequest(OzoneManagerProtocolServerSideTranslatorPB.java:147) [ozone-manager-1.4.0-SNAPSHOT.jar:?]
	at org.apache.hadoop.ozone.protocol.proto.OzoneManagerProtocolProtos$OzoneManagerService$2.callBlockingMethod(OzoneManagerProtocolProtos.java) [ozone-interface-client-1.4.0-SNAPSHOT.jar:?]
	at org.apache.hadoop.ipc.ProtobufRpcEngine$Server.processCall(ProtobufRpcEngine.java:484) [hadoop-common-3.3.5.jar:?]
	at org.apache.hadoop.ipc.ProtobufRpcEngine2$Server$ProtoBufRpcInvoker.call(ProtobufRpcEngine2.java:595) [hadoop-common-3.3.5.jar:?]
	at org.apache.hadoop.ipc.ProtobufRpcEngine2$Server$ProtoBufRpcInvoker.call(ProtobufRpcEngine2.java:573) [hadoop-common-3.3.5.jar:?]
	at org.apache.hadoop.ipc.RPC$Server.call(RPC.java:1213) [hadoop-common-3.3.5.jar:?]
	at org.apache.hadoop.ipc.Server$RpcCall.run(Server.java:1089) [hadoop-common-3.3.5.jar:?]
	at org.apache.hadoop.ipc.Server$RpcCall.run(Server.java:1012) [hadoop-common-3.3.5.jar:?]
	at java.security.AccessController.doPrivileged(Native Method) ~[?:1.8.0_372]
	at javax.security.auth.Subject.doAs(Subject.java:422) [?:1.8.0_372]
	at org.apache.hadoop.security.UserGroupInformation.doAs(UserGroupInformation.java:1899) [hadoop-common-3.3.5.jar:?]
	at org.apache.hadoop.ipc.Server$Handler.run(Server.java:3026) [hadoop-common-3.3.5.jar:?]
13:17:33.060 [IPC Server handler 8 on default port 15004] ERROR OMAudit - user=runner | ip=127.0.0.1 | op=GET_FILE_STATUS {volume=volume14132, bucket=bucket36480, key=testBatchDelete/parent/child4, dataSize=0, replicationConfig=null} | ret=FAILURE
org.apache.hadoop.ozone.om.exceptions.OMException: Unable to get file status: volume: volume14132 bucket: bucket36480 key: testBatchDelete/parent/child4
	at org.apache.hadoop.ozone.om.KeyManagerImpl.getOzoneFileStatusFSO(KeyManagerImpl.java:1310) ~[ozone-manager-1.4.0-SNAPSHOT.jar:?]
	at org.apache.hadoop.ozone.om.KeyManagerImpl.getFileStatus(KeyManagerImpl.java:1102) ~[ozone-manager-1.4.0-SNAPSHOT.jar:?]
	at org.apache.hadoop.ozone.om.OmMetadataReader.getFileStatus(OmMetadataReader.java:286) ~[ozone-manager-1.4.0-SNAPSHOT.jar:?]
	at org.apache.hadoop.ozone.om.OzoneManager.getFileStatus(OzoneManager.java:3499) ~[ozone-manager-1.4.0-SNAPSHOT.jar:?]
	at org.apache.hadoop.ozone.protocolPB.OzoneManagerRequestHandler.getOzoneFileStatus(OzoneManagerRequestHandler.java:950) ~[ozone-manager-1.4.0-SNAPSHOT.jar:?]
	at org.apache.hadoop.ozone.protocolPB.OzoneManagerRequestHandler.handleReadRequest(OzoneManagerRequestHandler.java:245) ~[ozone-manager-1.4.0-SNAPSHOT.jar:?]
	at org.apache.hadoop.ozone.protocolPB.OzoneManagerProtocolServerSideTranslatorPB.submitReadRequestToOM(OzoneManagerProtocolServerSideTranslatorPB.java:223) ~[ozone-manager-1.4.0-SNAPSHOT.jar:?]
	at org.apache.hadoop.ozone.protocolPB.OzoneManagerProtocolServerSideTranslatorPB.processRequest(OzoneManagerProtocolServerSideTranslatorPB.java:177) ~[ozone-manager-1.4.0-SNAPSHOT.jar:?]
	at org.apache.hadoop.hdds.server.OzoneProtocolMessageDispatcher.processRequest(OzoneProtocolMessageDispatcher.java:87) [hdds-server-framework-1.4.0-SNAPSHOT.jar:?]
	at org.apache.hadoop.ozone.protocolPB.OzoneManagerProtocolServerSideTranslatorPB.submitRequest(OzoneManagerProtocolServerSideTranslatorPB.java:147) [ozone-manager-1.4.0-SNAPSHOT.jar:?]
	at org.apache.hadoop.ozone.protocol.proto.OzoneManagerProtocolProtos$OzoneManagerService$2.callBlockingMethod(OzoneManagerProtocolProtos.java) [ozone-interface-client-1.4.0-SNAPSHOT.jar:?]
	at org.apache.hadoop.ipc.ProtobufRpcEngine$Server.processCall(ProtobufRpcEngine.java:484) [hadoop-common-3.3.5.jar:?]
	at org.apache.hadoop.ipc.ProtobufRpcEngine2$Server$ProtoBufRpcInvoker.call(ProtobufRpcEngine2.java:595) [hadoop-common-3.3.5.jar:?]
	at org.apache.hadoop.ipc.ProtobufRpcEngine2$Server$ProtoBufRpcInvoker.call(ProtobufRpcEngine2.java:573) [hadoop-common-3.3.5.jar:?]
	at org.apache.hadoop.ipc.RPC$Server.call(RPC.java:1213) [hadoop-common-3.3.5.jar:?]
	at org.apache.hadoop.ipc.Server$RpcCall.run(Server.java:1089) [hadoop-common-3.3.5.jar:?]
	at org.apache.hadoop.ipc.Server$RpcCall.run(Server.java:1012) [hadoop-common-3.3.5.jar:?]
	at java.security.AccessController.doPrivileged(Native Method) ~[?:1.8.0_372]
	at javax.security.auth.Subject.doAs(Subject.java:422) [?:1.8.0_372]
	at org.apache.hadoop.security.UserGroupInformation.doAs(UserGroupInformation.java:1899) [hadoop-common-3.3.5.jar:?]
	at org.apache.hadoop.ipc.Server$Handler.run(Server.java:3026) [hadoop-common-3.3.5.jar:?]
13:17:33.061 [IPC Server handler 16 on default port 15004] ERROR OMAudit - user=runner | ip=127.0.0.1 | op=GET_FILE_STATUS {volume=volume14132, bucket=bucket36480, key=testBatchDelete/parent/childFolder/child4, dataSize=0, replicationConfig=null} | ret=FAILURE
org.apache.hadoop.ozone.om.exceptions.OMException: Unable to get file status: volume: volume14132 bucket: bucket36480 key: testBatchDelete/parent/childFolder/child4
	at org.apache.hadoop.ozone.om.KeyManagerImpl.getOzoneFileStatusFSO(KeyManagerImpl.java:1310) ~[ozone-manager-1.4.0-SNAPSHOT.jar:?]
	at org.apache.hadoop.ozone.om.KeyManagerImpl.getFileStatus(KeyManagerImpl.java:1102) ~[ozone-manager-1.4.0-SNAPSHOT.jar:?]
	at org.apache.hadoop.ozone.om.OmMetadataReader.getFileStatus(OmMetadataReader.java:286) ~[ozone-manager-1.4.0-SNAPSHOT.jar:?]
	at org.apache.hadoop.ozone.om.OzoneManager.getFileStatus(OzoneManager.java:3499) ~[ozone-manager-1.4.0-SNAPSHOT.jar:?]
	at org.apache.hadoop.ozone.protocolPB.OzoneManagerRequestHandler.getOzoneFileStatus(OzoneManagerRequestHandler.java:950) ~[ozone-manager-1.4.0-SNAPSHOT.jar:?]
	at org.apache.hadoop.ozone.protocolPB.OzoneManagerRequestHandler.handleReadRequest(OzoneManagerRequestHandler.java:245) ~[ozone-manager-1.4.0-SNAPSHOT.jar:?]
	at org.apache.hadoop.ozone.protocolPB.OzoneManagerProtocolServerSideTranslatorPB.submitReadRequestToOM(OzoneManagerProtocolServerSideTranslatorPB.java:223) ~[ozone-manager-1.4.0-SNAPSHOT.jar:?]
	at org.apache.hadoop.ozone.protocolPB.OzoneManagerProtocolServerSideTranslatorPB.processRequest(OzoneManagerProtocolServerSideTranslatorPB.java:177) ~[ozone-manager-1.4.0-SNAPSHOT.jar:?]
	at org.apache.hadoop.hdds.server.OzoneProtocolMessageDispatcher.processRequest(OzoneProtocolMessageDispatcher.java:87) [hdds-server-framework-1.4.0-SNAPSHOT.jar:?]
	at org.apache.hadoop.ozone.protocolPB.OzoneManagerProtocolServerSideTranslatorPB.submitRequest(OzoneManagerProtocolServerSideTranslatorPB.java:147) [ozone-manager-1.4.0-SNAPSHOT.jar:?]
	at org.apache.hadoop.ozone.protocol.proto.OzoneManagerProtocolProtos$OzoneManagerService$2.callBlockingMethod(OzoneManagerProtocolProtos.java) [ozone-interface-client-1.4.0-SNAPSHOT.jar:?]
	at org.apache.hadoop.ipc.ProtobufRpcEngine$Server.processCall(ProtobufRpcEngine.java:484) [hadoop-common-3.3.5.jar:?]
	at org.apache.hadoop.ipc.ProtobufRpcEngine2$Server$ProtoBufRpcInvoker.call(ProtobufRpcEngine2.java:595) [hadoop-common-3.3.5.jar:?]
	at org.apache.hadoop.ipc.ProtobufRpcEngine2$Server$ProtoBufRpcInvoker.call(ProtobufRpcEngine2.java:573) [hadoop-common-3.3.5.jar:?]
	at org.apache.hadoop.ipc.RPC$Server.call(RPC.java:1213) [hadoop-common-3.3.5.jar:?]
	at org.apache.hadoop.ipc.Server$RpcCall.run(Server.java:1089) [hadoop-common-3.3.5.jar:?]
	at org.apache.hadoop.ipc.Server$RpcCall.run(Server.java:1012) [hadoop-common-3.3.5.jar:?]
	at java.security.AccessController.doPrivileged(Native Method) ~[?:1.8.0_372]
	at javax.security.auth.Subject.doAs(Subject.java:422) [?:1.8.0_372]
	at org.apache.hadoop.security.UserGroupInformation.doAs(UserGroupInformation.java:1899) [hadoop-common-3.3.5.jar:?]
	at org.apache.hadoop.ipc.Server$Handler.run(Server.java:3026) [hadoop-common-3.3.5.jar:?]
13:17:33.062 [IPC Server handler 17 on default port 15004] ERROR OMAudit - user=runner | ip=127.0.0.1 | op=GET_FILE_STATUS {volume=volume14132, bucket=bucket36480, key=testBatchDelete/parent/child5, dataSize=0, replicationConfig=null} | ret=FAILURE
org.apache.hadoop.ozone.om.exceptions.OMException: Unable to get file status: volume: volume14132 bucket: bucket36480 key: testBatchDelete/parent/child5
	at org.apache.hadoop.ozone.om.KeyManagerImpl.getOzoneFileStatusFSO(KeyManagerImpl.java:1310) ~[ozone-manager-1.4.0-SNAPSHOT.jar:?]
	at org.apache.hadoop.ozone.om.KeyManagerImpl.getFileStatus(KeyManagerImpl.java:1102) ~[ozone-manager-1.4.0-SNAPSHOT.jar:?]
	at org.apache.hadoop.ozone.om.OmMetadataReader.getFileStatus(OmMetadataReader.java:286) ~[ozone-manager-1.4.0-SNAPSHOT.jar:?]
	at org.apache.hadoop.ozone.om.OzoneManager.getFileStatus(OzoneManager.java:3499) ~[ozone-manager-1.4.0-SNAPSHOT.jar:?]
	at org.apache.hadoop.ozone.protocolPB.OzoneManagerRequestHandler.getOzoneFileStatus(OzoneManagerRequestHandler.java:950) ~[ozone-manager-1.4.0-SNAPSHOT.jar:?]
	at org.apache.hadoop.ozone.protocolPB.OzoneManagerRequestHandler.handleReadRequest(OzoneManagerRequestHandler.java:245) ~[ozone-manager-1.4.0-SNAPSHOT.jar:?]
	at org.apache.hadoop.ozone.protocolPB.OzoneManagerProtocolServerSideTranslatorPB.submitReadRequestToOM(OzoneManagerProtocolServerSideTranslatorPB.java:223) ~[ozone-manager-1.4.0-SNAPSHOT.jar:?]
	at org.apache.hadoop.ozone.protocolPB.OzoneManagerProtocolServerSideTranslatorPB.processRequest(OzoneManagerProtocolServerSideTranslatorPB.java:177) ~[ozone-manager-1.4.0-SNAPSHOT.jar:?]
	at org.apache.hadoop.hdds.server.OzoneProtocolMessageDispatcher.processRequest(OzoneProtocolMessageDispatcher.java:87) [hdds-server-framework-1.4.0-SNAPSHOT.jar:?]
	at org.apache.hadoop.ozone.protocolPB.OzoneManagerProtocolServerSideTranslatorPB.submitRequest(OzoneManagerProtocolServerSideTranslatorPB.java:147) [ozone-manager-1.4.0-SNAPSHOT.jar:?]
	at org.apache.hadoop.ozone.protocol.proto.OzoneManagerProtocolProtos$OzoneManagerService$2.callBlockingMethod(OzoneManagerProtocolProtos.java) [ozone-interface-client-1.4.0-SNAPSHOT.jar:?]
	at org.apache.hadoop.ipc.ProtobufRpcEngine$Server.processCall(ProtobufRpcEngine.java:484) [hadoop-common-3.3.5.jar:?]
	at org.apache.hadoop.ipc.ProtobufRpcEngine2$Server$ProtoBufRpcInvoker.call(ProtobufRpcEngine2.java:595) [hadoop-common-3.3.5.jar:?]
	at org.apache.hadoop.ipc.ProtobufRpcEngine2$Server$ProtoBufRpcInvoker.call(ProtobufRpcEngine2.java:573) [hadoop-common-3.3.5.jar:?]
	at org.apache.hadoop.ipc.RPC$Server.call(RPC.java:1213) [hadoop-common-3.3.5.jar:?]
	at org.apache.hadoop.ipc.Server$RpcCall.run(Server.java:1089) [hadoop-common-3.3.5.jar:?]
	at org.apache.hadoop.ipc.Server$RpcCall.run(Server.java:1012) [hadoop-common-3.3.5.jar:?]
	at java.security.AccessController.doPrivileged(Native Method) ~[?:1.8.0_372]
	at javax.security.auth.Subject.doAs(Subject.java:422) [?:1.8.0_372]
	at org.apache.hadoop.security.UserGroupInformation.doAs(UserGroupInformation.java:1899) [hadoop-common-3.3.5.jar:?]
	at org.apache.hadoop.ipc.Server$Handler.run(Server.java:3026) [hadoop-common-3.3.5.jar:?]
13:17:33.064 [IPC Server handler 13 on default port 15004] ERROR OMAudit - user=runner | ip=127.0.0.1 | op=GET_FILE_STATUS {volume=volume14132, bucket=bucket36480, key=testBatchDelete/parent/childFolder/child5, dataSize=0, replicationConfig=null} | ret=FAILURE
org.apache.hadoop.ozone.om.exceptions.OMException: Unable to get file status: volume: volume14132 bucket: bucket36480 key: testBatchDelete/parent/childFolder/child5
	at org.apache.hadoop.ozone.om.KeyManagerImpl.getOzoneFileStatusFSO(KeyManagerImpl.java:1310) ~[ozone-manager-1.4.0-SNAPSHOT.jar:?]
	at org.apache.hadoop.ozone.om.KeyManagerImpl.getFileStatus(KeyManagerImpl.java:1102) ~[ozone-manager-1.4.0-SNAPSHOT.jar:?]
	at org.apache.hadoop.ozone.om.OmMetadataReader.getFileStatus(OmMetadataReader.java:286) ~[ozone-manager-1.4.0-SNAPSHOT.jar:?]
	at org.apache.hadoop.ozone.om.OzoneManager.getFileStatus(OzoneManager.java:3499) ~[ozone-manager-1.4.0-SNAPSHOT.jar:?]
	at org.apache.hadoop.ozone.protocolPB.OzoneManagerRequestHandler.getOzoneFileStatus(OzoneManagerRequestHandler.java:950) ~[ozone-manager-1.4.0-SNAPSHOT.jar:?]
	at org.apache.hadoop.ozone.protocolPB.OzoneManagerRequestHandler.handleReadRequest(OzoneManagerRequestHandler.java:245) ~[ozone-manager-1.4.0-SNAPSHOT.jar:?]
	at org.apache.hadoop.ozone.protocolPB.OzoneManagerProtocolServerSideTranslatorPB.submitReadRequestToOM(OzoneManagerProtocolServerSideTranslatorPB.java:223) ~[ozone-manager-1.4.0-SNAPSHOT.jar:?]
	at org.apache.hadoop.ozone.protocolPB.OzoneManagerProtocolServerSideTranslatorPB.processRequest(OzoneManagerProtocolServerSideTranslatorPB.java:177) ~[ozone-manager-1.4.0-SNAPSHOT.jar:?]
	at org.apache.hadoop.hdds.server.OzoneProtocolMessageDispatcher.processRequest(OzoneProtocolMessageDispatcher.java:87) [hdds-server-framework-1.4.0-SNAPSHOT.jar:?]
	at org.apache.hadoop.ozone.protocolPB.OzoneManagerProtocolServerSideTranslatorPB.submitRequest(OzoneManagerProtocolServerSideTranslatorPB.java:147) [ozone-manager-1.4.0-SNAPSHOT.jar:?]
	at org.apache.hadoop.ozone.protocol.proto.OzoneManagerProtocolProtos$OzoneManagerService$2.callBlockingMethod(OzoneManagerProtocolProtos.java) [ozone-interface-client-1.4.0-SNAPSHOT.jar:?]
	at org.apache.hadoop.ipc.ProtobufRpcEngine$Server.processCall(ProtobufRpcEngine.java:484) [hadoop-common-3.3.5.jar:?]
	at org.apache.hadoop.ipc.ProtobufRpcEngine2$Server$ProtoBufRpcInvoker.call(ProtobufRpcEngine2.java:595) [hadoop-common-3.3.5.jar:?]
	at org.apache.hadoop.ipc.ProtobufRpcEngine2$Server$ProtoBufRpcInvoker.call(ProtobufRpcEngine2.java:573) [hadoop-common-3.3.5.jar:?]
	at org.apache.hadoop.ipc.RPC$Server.call(RPC.java:1213) [hadoop-common-3.3.5.jar:?]
	at org.apache.hadoop.ipc.Server$RpcCall.run(Server.java:1089) [hadoop-common-3.3.5.jar:?]
	at org.apache.hadoop.ipc.Server$RpcCall.run(Server.java:1012) [hadoop-common-3.3.5.jar:?]
	at java.security.AccessController.doPrivileged(Native Method) ~[?:1.8.0_372]
	at javax.security.auth.Subject.doAs(Subject.java:422) [?:1.8.0_372]
	at org.apache.hadoop.security.UserGroupInformation.doAs(UserGroupInformation.java:1899) [hadoop-common-3.3.5.jar:?]
	at org.apache.hadoop.ipc.Server$Handler.run(Server.java:3026) [hadoop-common-3.3.5.jar:?]
13:17:33.065 [IPC Server handler 15 on default port 15004] ERROR OMAudit - user=runner | ip=127.0.0.1 | op=GET_FILE_STATUS {volume=volume14132, bucket=bucket36480, key=testBatchDelete/parent/child6, dataSize=0, replicationConfig=null} | ret=FAILURE
org.apache.hadoop.ozone.om.exceptions.OMException: Unable to get file status: volume: volume14132 bucket: bucket36480 key: testBatchDelete/parent/child6
	at org.apache.hadoop.ozone.om.KeyManagerImpl.getOzoneFileStatusFSO(KeyManagerImpl.java:1310) ~[ozone-manager-1.4.0-SNAPSHOT.jar:?]
	at org.apache.hadoop.ozone.om.KeyManagerImpl.getFileStatus(KeyManagerImpl.java:1102) ~[ozone-manager-1.4.0-SNAPSHOT.jar:?]
	at org.apache.hadoop.ozone.om.OmMetadataReader.getFileStatus(OmMetadataReader.java:286) ~[ozone-manager-1.4.0-SNAPSHOT.jar:?]
	at org.apache.hadoop.ozone.om.OzoneManager.getFileStatus(OzoneManager.java:3499) ~[ozone-manager-1.4.0-SNAPSHOT.jar:?]
	at org.apache.hadoop.ozone.protocolPB.OzoneManagerRequestHandler.getOzoneFileStatus(OzoneManagerRequestHandler.java:950) ~[ozone-manager-1.4.0-SNAPSHOT.jar:?]
	at org.apache.hadoop.ozone.protocolPB.OzoneManagerRequestHandler.handleReadRequest(OzoneManagerRequestHandler.java:245) ~[ozone-manager-1.4.0-SNAPSHOT.jar:?]
	at org.apache.hadoop.ozone.protocolPB.OzoneManagerProtocolServerSideTranslatorPB.submitReadRequestToOM(OzoneManagerProtocolServerSideTranslatorPB.java:223) ~[ozone-manager-1.4.0-SNAPSHOT.jar:?]
	at org.apache.hadoop.ozone.protocolPB.OzoneManagerProtocolServerSideTranslatorPB.processRequest(OzoneManagerProtocolServerSideTranslatorPB.java:177) ~[ozone-manager-1.4.0-SNAPSHOT.jar:?]
	at org.apache.hadoop.hdds.server.OzoneProtocolMessageDispatcher.processRequest(OzoneProtocolMessageDispatcher.java:87) [hdds-server-framework-1.4.0-SNAPSHOT.jar:?]
	at org.apache.hadoop.ozone.protocolPB.OzoneManagerProtocolServerSideTranslatorPB.submitRequest(OzoneManagerProtocolServerSideTranslatorPB.java:147) [ozone-manager-1.4.0-SNAPSHOT.jar:?]
	at org.apache.hadoop.ozone.protocol.proto.OzoneManagerProtocolProtos$OzoneManagerService$2.callBlockingMethod(OzoneManagerProtocolProtos.java) [ozone-interface-client-1.4.0-SNAPSHOT.jar:?]
	at org.apache.hadoop.ipc.ProtobufRpcEngine$Server.processCall(ProtobufRpcEngine.java:484) [hadoop-common-3.3.5.jar:?]
	at org.apache.hadoop.ipc.ProtobufRpcEngine2$Server$ProtoBufRpcInvoker.call(ProtobufRpcEngine2.java:595) [hadoop-common-3.3.5.jar:?]
	at org.apache.hadoop.ipc.ProtobufRpcEngine2$Server$ProtoBufRpcInvoker.call(ProtobufRpcEngine2.java:573) [hadoop-common-3.3.5.jar:?]
	at org.apache.hadoop.ipc.RPC$Server.call(RPC.java:1213) [hadoop-common-3.3.5.jar:?]
	at org.apache.hadoop.ipc.Server$RpcCall.run(Server.java:1089) [hadoop-common-3.3.5.jar:?]
	at org.apache.hadoop.ipc.Server$RpcCall.run(Server.java:1012) [hadoop-common-3.3.5.jar:?]
	at java.security.AccessController.doPrivileged(Native Method) ~[?:1.8.0_372]
	at javax.security.auth.Subject.doAs(Subject.java:422) [?:1.8.0_372]
	at org.apache.hadoop.security.UserGroupInformation.doAs(UserGroupInformation.java:1899) [hadoop-common-3.3.5.jar:?]
	at org.apache.hadoop.ipc.Server$Handler.run(Server.java:3026) [hadoop-common-3.3.5.jar:?]
13:17:33.066 [IPC Server handler 0 on default port 15004] ERROR OMAudit - user=runner | ip=127.0.0.1 | op=GET_FILE_STATUS {volume=volume14132, bucket=bucket36480, key=testBatchDelete/parent/childFolder/child6, dataSize=0, replicationConfig=null} | ret=FAILURE
org.apache.hadoop.ozone.om.exceptions.OMException: Unable to get file status: volume: volume14132 bucket: bucket36480 key: testBatchDelete/parent/childFolder/child6
	at org.apache.hadoop.ozone.om.KeyManagerImpl.getOzoneFileStatusFSO(KeyManagerImpl.java:1310) ~[ozone-manager-1.4.0-SNAPSHOT.jar:?]
	at org.apache.hadoop.ozone.om.KeyManagerImpl.getFileStatus(KeyManagerImpl.java:1102) ~[ozone-manager-1.4.0-SNAPSHOT.jar:?]
	at org.apache.hadoop.ozone.om.OmMetadataReader.getFileStatus(OmMetadataReader.java:286) ~[ozone-manager-1.4.0-SNAPSHOT.jar:?]
	at org.apache.hadoop.ozone.om.OzoneManager.getFileStatus(OzoneManager.java:3499) ~[ozone-manager-1.4.0-SNAPSHOT.jar:?]
	at org.apache.hadoop.ozone.protocolPB.OzoneManagerRequestHandler.getOzoneFileStatus(OzoneManagerRequestHandler.java:950) ~[ozone-manager-1.4.0-SNAPSHOT.jar:?]
	at org.apache.hadoop.ozone.protocolPB.OzoneManagerRequestHandler.handleReadRequest(OzoneManagerRequestHandler.java:245) ~[ozone-manager-1.4.0-SNAPSHOT.jar:?]
	at org.apache.hadoop.ozone.protocolPB.OzoneManagerProtocolServerSideTranslatorPB.submitReadRequestToOM(OzoneManagerProtocolServerSideTranslatorPB.java:223) ~[ozone-manager-1.4.0-SNAPSHOT.jar:?]
	at org.apache.hadoop.ozone.protocolPB.OzoneManagerProtocolServerSideTranslatorPB.processRequest(OzoneManagerProtocolServerSideTranslatorPB.java:177) ~[ozone-manager-1.4.0-SNAPSHOT.jar:?]
	at org.apache.hadoop.hdds.server.OzoneProtocolMessageDispatcher.processRequest(OzoneProtocolMessageDispatcher.java:87) [hdds-server-framework-1.4.0-SNAPSHOT.jar:?]
	at org.apache.hadoop.ozone.protocolPB.OzoneManagerProtocolServerSideTranslatorPB.submitRequest(OzoneManagerProtocolServerSideTranslatorPB.java:147) [ozone-manager-1.4.0-SNAPSHOT.jar:?]
	at org.apache.hadoop.ozone.protocol.proto.OzoneManagerProtocolProtos$OzoneManagerService$2.callBlockingMethod(OzoneManagerProtocolProtos.java) [ozone-interface-client-1.4.0-SNAPSHOT.jar:?]
	at org.apache.hadoop.ipc.ProtobufRpcEngine$Server.processCall(ProtobufRpcEngine.java:484) [hadoop-common-3.3.5.jar:?]
	at org.apache.hadoop.ipc.ProtobufRpcEngine2$Server$ProtoBufRpcInvoker.call(ProtobufRpcEngine2.java:595) [hadoop-common-3.3.5.jar:?]
	at org.apache.hadoop.ipc.ProtobufRpcEngine2$Server$ProtoBufRpcInvoker.call(ProtobufRpcEngine2.java:573) [hadoop-common-3.3.5.jar:?]
	at org.apache.hadoop.ipc.RPC$Server.call(RPC.java:1213) [hadoop-common-3.3.5.jar:?]
	at org.apache.hadoop.ipc.Server$RpcCall.run(Server.java:1089) [hadoop-common-3.3.5.jar:?]
	at org.apache.hadoop.ipc.Server$RpcCall.run(Server.java:1012) [hadoop-common-3.3.5.jar:?]
	at java.security.AccessController.doPrivileged(Native Method) ~[?:1.8.0_372]
	at javax.security.auth.Subject.doAs(Subject.java:422) [?:1.8.0_372]
	at org.apache.hadoop.security.UserGroupInformation.doAs(UserGroupInformation.java:1899) [hadoop-common-3.3.5.jar:?]
	at org.apache.hadoop.ipc.Server$Handler.run(Server.java:3026) [hadoop-common-3.3.5.jar:?]
13:17:33.068 [IPC Server handler 2 on default port 15004] ERROR OMAudit - user=runner | ip=127.0.0.1 | op=GET_FILE_STATUS {volume=volume14132, bucket=bucket36480, key=testBatchDelete/parent/child7, dataSize=0, replicationConfig=null} | ret=FAILURE
org.apache.hadoop.ozone.om.exceptions.OMException: Unable to get file status: volume: volume14132 bucket: bucket36480 key: testBatchDelete/parent/child7
	at org.apache.hadoop.ozone.om.KeyManagerImpl.getOzoneFileStatusFSO(KeyManagerImpl.java:1310) ~[ozone-manager-1.4.0-SNAPSHOT.jar:?]
	at org.apache.hadoop.ozone.om.KeyManagerImpl.getFileStatus(KeyManagerImpl.java:1102) ~[ozone-manager-1.4.0-SNAPSHOT.jar:?]
	at org.apache.hadoop.ozone.om.OmMetadataReader.getFileStatus(OmMetadataReader.java:286) ~[ozone-manager-1.4.0-SNAPSHOT.jar:?]
	at org.apache.hadoop.ozone.om.OzoneManager.getFileStatus(OzoneManager.java:3499) ~[ozone-manager-1.4.0-SNAPSHOT.jar:?]
	at org.apache.hadoop.ozone.protocolPB.OzoneManagerRequestHandler.getOzoneFileStatus(OzoneManagerRequestHandler.java:950) ~[ozone-manager-1.4.0-SNAPSHOT.jar:?]
	at org.apache.hadoop.ozone.protocolPB.OzoneManagerRequestHandler.handleReadRequest(OzoneManagerRequestHandler.java:245) ~[ozone-manager-1.4.0-SNAPSHOT.jar:?]
	at org.apache.hadoop.ozone.protocolPB.OzoneManagerProtocolServerSideTranslatorPB.submitReadRequestToOM(OzoneManagerProtocolServerSideTranslatorPB.java:223) ~[ozone-manager-1.4.0-SNAPSHOT.jar:?]
	at org.apache.hadoop.ozone.protocolPB.OzoneManagerProtocolServerSideTranslatorPB.processRequest(OzoneManagerProtocolServerSideTranslatorPB.java:177) ~[ozone-manager-1.4.0-SNAPSHOT.jar:?]
	at org.apache.hadoop.hdds.server.OzoneProtocolMessageDispatcher.processRequest(OzoneProtocolMessageDispatcher.java:87) [hdds-server-framework-1.4.0-SNAPSHOT.jar:?]
	at org.apache.hadoop.ozone.protocolPB.OzoneManagerProtocolServerSideTranslatorPB.submitRequest(OzoneManagerProtocolServerSideTranslatorPB.java:147) [ozone-manager-1.4.0-SNAPSHOT.jar:?]
	at org.apache.hadoop.ozone.protocol.proto.OzoneManagerProtocolProtos$OzoneManagerService$2.callBlockingMethod(OzoneManagerProtocolProtos.java) [ozone-interface-client-1.4.0-SNAPSHOT.jar:?]
	at org.apache.hadoop.ipc.ProtobufRpcEngine$Server.processCall(ProtobufRpcEngine.java:484) [hadoop-common-3.3.5.jar:?]
	at org.apache.hadoop.ipc.ProtobufRpcEngine2$Server$ProtoBufRpcInvoker.call(ProtobufRpcEngine2.java:595) [hadoop-common-3.3.5.jar:?]
	at org.apache.hadoop.ipc.ProtobufRpcEngine2$Server$ProtoBufRpcInvoker.call(ProtobufRpcEngine2.java:573) [hadoop-common-3.3.5.jar:?]
	at org.apache.hadoop.ipc.RPC$Server.call(RPC.java:1213) [hadoop-common-3.3.5.jar:?]
	at org.apache.hadoop.ipc.Server$RpcCall.run(Server.java:1089) [hadoop-common-3.3.5.jar:?]
	at org.apache.hadoop.ipc.Server$RpcCall.run(Server.java:1012) [hadoop-common-3.3.5.jar:?]
	at java.security.AccessController.doPrivileged(Native Method) ~[?:1.8.0_372]
	at javax.security.auth.Subject.doAs(Subject.java:422) [?:1.8.0_372]
	at org.apache.hadoop.security.UserGroupInformation.doAs(UserGroupInformation.java:1899) [hadoop-common-3.3.5.jar:?]
	at org.apache.hadoop.ipc.Server$Handler.run(Server.java:3026) [hadoop-common-3.3.5.jar:?]
13:17:33.069 [IPC Server handler 5 on default port 15004] ERROR OMAudit - user=runner | ip=127.0.0.1 | op=GET_FILE_STATUS {volume=volume14132, bucket=bucket36480, key=testBatchDelete/parent/childFolder/child7, dataSize=0, replicationConfig=null} | ret=FAILURE
org.apache.hadoop.ozone.om.exceptions.OMException: Unable to get file status: volume: volume14132 bucket: bucket36480 key: testBatchDelete/parent/childFolder/child7
	at org.apache.hadoop.ozone.om.KeyManagerImpl.getOzoneFileStatusFSO(KeyManagerImpl.java:1310) ~[ozone-manager-1.4.0-SNAPSHOT.jar:?]
	at org.apache.hadoop.ozone.om.KeyManagerImpl.getFileStatus(KeyManagerImpl.java:1102) ~[ozone-manager-1.4.0-SNAPSHOT.jar:?]
	at org.apache.hadoop.ozone.om.OmMetadataReader.getFileStatus(OmMetadataReader.java:286) ~[ozone-manager-1.4.0-SNAPSHOT.jar:?]
	at org.apache.hadoop.ozone.om.OzoneManager.getFileStatus(OzoneManager.java:3499) ~[ozone-manager-1.4.0-SNAPSHOT.jar:?]
	at org.apache.hadoop.ozone.protocolPB.OzoneManagerRequestHandler.getOzoneFileStatus(OzoneManagerRequestHandler.java:950) ~[ozone-manager-1.4.0-SNAPSHOT.jar:?]
	at org.apache.hadoop.ozone.protocolPB.OzoneManagerRequestHandler.handleReadRequest(OzoneManagerRequestHandler.java:245) ~[ozone-manager-1.4.0-SNAPSHOT.jar:?]
	at org.apache.hadoop.ozone.protocolPB.OzoneManagerProtocolServerSideTranslatorPB.submitReadRequestToOM(OzoneManagerProtocolServerSideTranslatorPB.java:223) ~[ozone-manager-1.4.0-SNAPSHOT.jar:?]
	at org.apache.hadoop.ozone.protocolPB.OzoneManagerProtocolServerSideTranslatorPB.processRequest(OzoneManagerProtocolServerSideTranslatorPB.java:177) ~[ozone-manager-1.4.0-SNAPSHOT.jar:?]
	at org.apache.hadoop.hdds.server.OzoneProtocolMessageDispatcher.processRequest(OzoneProtocolMessageDispatcher.java:87) [hdds-server-framework-1.4.0-SNAPSHOT.jar:?]
	at org.apache.hadoop.ozone.protocolPB.OzoneManagerProtocolServerSideTranslatorPB.submitRequest(OzoneManagerProtocolServerSideTranslatorPB.java:147) [ozone-manager-1.4.0-SNAPSHOT.jar:?]
	at org.apache.hadoop.ozone.protocol.proto.OzoneManagerProtocolProtos$OzoneManagerService$2.callBlockingMethod(OzoneManagerProtocolProtos.java) [ozone-interface-client-1.4.0-SNAPSHOT.jar:?]
	at org.apache.hadoop.ipc.ProtobufRpcEngine$Server.processCall(ProtobufRpcEngine.java:484) [hadoop-common-3.3.5.jar:?]
	at org.apache.hadoop.ipc.ProtobufRpcEngine2$Server$ProtoBufRpcInvoker.call(ProtobufRpcEngine2.java:595) [hadoop-common-3.3.5.jar:?]
	at org.apache.hadoop.ipc.ProtobufRpcEngine2$Server$ProtoBufRpcInvoker.call(ProtobufRpcEngine2.java:573) [hadoop-common-3.3.5.jar:?]
	at org.apache.hadoop.ipc.RPC$Server.call(RPC.java:1213) [hadoop-common-3.3.5.jar:?]
	at org.apache.hadoop.ipc.Server$RpcCall.run(Server.java:1089) [hadoop-common-3.3.5.jar:?]
	at org.apache.hadoop.ipc.Server$RpcCall.run(Server.java:1012) [hadoop-common-3.3.5.jar:?]
	at java.security.AccessController.doPrivileged(Native Method) ~[?:1.8.0_372]
	at javax.security.auth.Subject.doAs(Subject.java:422) [?:1.8.0_372]
	at org.apache.hadoop.security.UserGroupInformation.doAs(UserGroupInformation.java:1899) [hadoop-common-3.3.5.jar:?]
	at org.apache.hadoop.ipc.Server$Handler.run(Server.java:3026) [hadoop-common-3.3.5.jar:?]
13:17:33.070 [IPC Server handler 11 on default port 15004] ERROR OMAudit - user=runner | ip=127.0.0.1 | op=GET_FILE_STATUS {volume=volume14132, bucket=bucket36480, key=testBatchDelete/parent, dataSize=0, replicationConfig=null} | ret=FAILURE
org.apache.hadoop.ozone.om.exceptions.OMException: Unable to get file status: volume: volume14132 bucket: bucket36480 key: testBatchDelete/parent
	at org.apache.hadoop.ozone.om.KeyManagerImpl.getOzoneFileStatusFSO(KeyManagerImpl.java:1310) ~[ozone-manager-1.4.0-SNAPSHOT.jar:?]
	at org.apache.hadoop.ozone.om.KeyManagerImpl.getFileStatus(KeyManagerImpl.java:1102) ~[ozone-manager-1.4.0-SNAPSHOT.jar:?]
	at org.apache.hadoop.ozone.om.OmMetadataReader.getFileStatus(OmMetadataReader.java:286) ~[ozone-manager-1.4.0-SNAPSHOT.jar:?]
	at org.apache.hadoop.ozone.om.OzoneManager.getFileStatus(OzoneManager.java:3499) ~[ozone-manager-1.4.0-SNAPSHOT.jar:?]
	at org.apache.hadoop.ozone.protocolPB.OzoneManagerRequestHandler.getOzoneFileStatus(OzoneManagerRequestHandler.java:950) ~[ozone-manager-1.4.0-SNAPSHOT.jar:?]
	at org.apache.hadoop.ozone.protocolPB.OzoneManagerRequestHandler.handleReadRequest(OzoneManagerRequestHandler.java:245) ~[ozone-manager-1.4.0-SNAPSHOT.jar:?]
	at org.apache.hadoop.ozone.protocolPB.OzoneManagerProtocolServerSideTranslatorPB.submitReadRequestToOM(OzoneManagerProtocolServerSideTranslatorPB.java:223) ~[ozone-manager-1.4.0-SNAPSHOT.jar:?]
	at org.apache.hadoop.ozone.protocolPB.OzoneManagerProtocolServerSideTranslatorPB.processRequest(OzoneManagerProtocolServerSideTranslatorPB.java:177) ~[ozone-manager-1.4.0-SNAPSHOT.jar:?]
	at org.apache.hadoop.hdds.server.OzoneProtocolMessageDispatcher.processRequest(OzoneProtocolMessageDispatcher.java:87) [hdds-server-framework-1.4.0-SNAPSHOT.jar:?]
	at org.apache.hadoop.ozone.protocolPB.OzoneManagerProtocolServerSideTranslatorPB.submitRequest(OzoneManagerProtocolServerSideTranslatorPB.java:147) [ozone-manager-1.4.0-SNAPSHOT.jar:?]
	at org.apache.hadoop.ozone.protocol.proto.OzoneManagerProtocolProtos$OzoneManagerService$2.callBlockingMethod(OzoneManagerProtocolProtos.java) [ozone-interface-client-1.4.0-SNAPSHOT.jar:?]
	at org.apache.hadoop.ipc.ProtobufRpcEngine$Server.processCall(ProtobufRpcEngine.java:484) [hadoop-common-3.3.5.jar:?]
	at org.apache.hadoop.ipc.ProtobufRpcEngine2$Server$ProtoBufRpcInvoker.call(ProtobufRpcEngine2.java:595) [hadoop-common-3.3.5.jar:?]
	at org.apache.hadoop.ipc.ProtobufRpcEngine2$Server$ProtoBufRpcInvoker.call(ProtobufRpcEngine2.java:573) [hadoop-common-3.3.5.jar:?]
	at org.apache.hadoop.ipc.RPC$Server.call(RPC.java:1213) [hadoop-common-3.3.5.jar:?]
	at org.apache.hadoop.ipc.Server$RpcCall.run(Server.java:1089) [hadoop-common-3.3.5.jar:?]
	at org.apache.hadoop.ipc.Server$RpcCall.run(Server.java:1012) [hadoop-common-3.3.5.jar:?]
	at java.security.AccessController.doPrivileged(Native Method) ~[?:1.8.0_372]
	at javax.security.auth.Subject.doAs(Subject.java:422) [?:1.8.0_372]
	at org.apache.hadoop.security.UserGroupInformation.doAs(UserGroupInformation.java:1899) [hadoop-common-3.3.5.jar:?]
	at org.apache.hadoop.ipc.Server$Handler.run(Server.java:3026) [hadoop-common-3.3.5.jar:?]
2023-06-22 13:17:33,071 [Time-limited test] WARN  ozone.BasicRootedOzoneFileSystem (BasicRootedOzoneFileSystem.java:delete(681)) - delete: Path does not exist: /volume14132/bucket36480/testBatchDelete/parent
]]></system-out>
  </testcase>
  <testcase name="testFileDelete" classname="TestRootedOzoneFileSystemWithFSO" time="0.1">
    <system-out><![CDATA[2023-06-22 13:18:45,777 [Time-limited test] INFO  rpc.RpcClient (RpcClient.java:createVolume(459)) - Creating Volume: volume99849, with user28977 as owner and space quota set to -1 bytes, counts quota set to -1
2023-06-22 13:18:45,777 [IPC Server handler 12 on default port 15057] INFO  volume.OMVolumeCreateRequest (OMVolumeCreateRequest.java:validateAndUpdateCache(196)) - created volume:volume99849 for user:user28977
2023-06-22 13:18:45,779 [Time-limited test] INFO  rpc.RpcClient (RpcClient.java:createBucket(686)) - Creating Bucket: volume99849/bucket84280, with bucket layout FILE_SYSTEM_OPTIMIZED, runner as owner, Versioning false, Storage Type set to DISK and Encryption set to false, Replication Type set to server-side default replication type, Namespace Quota set to -1, Space Quota set to -1 
2023-06-22 13:18:45,779 [IPC Server handler 13 on default port 15057] INFO  bucket.OMBucketCreateRequest (OMBucketCreateRequest.java:validateAndUpdateCache(270)) - created bucket: bucket84280 of layout FILE_SYSTEM_OPTIMIZED in volume: volume99849
13:18:45.837 [IPC Server handler 1 on default port 15057] ERROR OMAudit - user=runner | ip=127.0.0.1 | op=GET_FILE_STATUS {volume=volume99849, bucket=bucket84280, key=testBatchDelete, dataSize=0, replicationConfig=null} | ret=FAILURE
org.apache.hadoop.ozone.om.exceptions.OMException: Unable to get file status: volume: volume99849 bucket: bucket84280 key: testBatchDelete
	at org.apache.hadoop.ozone.om.KeyManagerImpl.getOzoneFileStatusFSO(KeyManagerImpl.java:1310) ~[ozone-manager-1.4.0-SNAPSHOT.jar:?]
	at org.apache.hadoop.ozone.om.KeyManagerImpl.getFileStatus(KeyManagerImpl.java:1102) ~[ozone-manager-1.4.0-SNAPSHOT.jar:?]
	at org.apache.hadoop.ozone.om.OmMetadataReader.getFileStatus(OmMetadataReader.java:286) ~[ozone-manager-1.4.0-SNAPSHOT.jar:?]
	at org.apache.hadoop.ozone.om.OzoneManager.getFileStatus(OzoneManager.java:3499) ~[ozone-manager-1.4.0-SNAPSHOT.jar:?]
	at org.apache.hadoop.ozone.protocolPB.OzoneManagerRequestHandler.getOzoneFileStatus(OzoneManagerRequestHandler.java:950) ~[ozone-manager-1.4.0-SNAPSHOT.jar:?]
	at org.apache.hadoop.ozone.protocolPB.OzoneManagerRequestHandler.handleReadRequest(OzoneManagerRequestHandler.java:245) ~[ozone-manager-1.4.0-SNAPSHOT.jar:?]
	at org.apache.hadoop.ozone.protocolPB.OzoneManagerProtocolServerSideTranslatorPB.submitRequestDirectlyToOM(OzoneManagerProtocolServerSideTranslatorPB.java:272) ~[ozone-manager-1.4.0-SNAPSHOT.jar:?]
	at org.apache.hadoop.ozone.protocolPB.OzoneManagerProtocolServerSideTranslatorPB.processRequest(OzoneManagerProtocolServerSideTranslatorPB.java:173) ~[ozone-manager-1.4.0-SNAPSHOT.jar:?]
	at org.apache.hadoop.hdds.server.OzoneProtocolMessageDispatcher.processRequest(OzoneProtocolMessageDispatcher.java:87) [hdds-server-framework-1.4.0-SNAPSHOT.jar:?]
	at org.apache.hadoop.ozone.protocolPB.OzoneManagerProtocolServerSideTranslatorPB.submitRequest(OzoneManagerProtocolServerSideTranslatorPB.java:147) [ozone-manager-1.4.0-SNAPSHOT.jar:?]
	at org.apache.hadoop.ozone.protocol.proto.OzoneManagerProtocolProtos$OzoneManagerService$2.callBlockingMethod(OzoneManagerProtocolProtos.java) [ozone-interface-client-1.4.0-SNAPSHOT.jar:?]
	at org.apache.hadoop.ipc.ProtobufRpcEngine$Server.processCall(ProtobufRpcEngine.java:484) [hadoop-common-3.3.5.jar:?]
	at org.apache.hadoop.ipc.ProtobufRpcEngine2$Server$ProtoBufRpcInvoker.call(ProtobufRpcEngine2.java:595) [hadoop-common-3.3.5.jar:?]
	at org.apache.hadoop.ipc.ProtobufRpcEngine2$Server$ProtoBufRpcInvoker.call(ProtobufRpcEngine2.java:573) [hadoop-common-3.3.5.jar:?]
	at org.apache.hadoop.ipc.RPC$Server.call(RPC.java:1213) [hadoop-common-3.3.5.jar:?]
	at org.apache.hadoop.ipc.Server$RpcCall.run(Server.java:1089) [hadoop-common-3.3.5.jar:?]
	at org.apache.hadoop.ipc.Server$RpcCall.run(Server.java:1012) [hadoop-common-3.3.5.jar:?]
	at java.security.AccessController.doPrivileged(Native Method) ~[?:1.8.0_372]
	at javax.security.auth.Subject.doAs(Subject.java:422) [?:1.8.0_372]
	at org.apache.hadoop.security.UserGroupInformation.doAs(UserGroupInformation.java:1899) [hadoop-common-3.3.5.jar:?]
	at org.apache.hadoop.ipc.Server$Handler.run(Server.java:3026) [hadoop-common-3.3.5.jar:?]
13:18:45.839 [IPC Server handler 5 on default port 15057] ERROR OMAudit - user=runner | ip=127.0.0.1 | op=GET_FILE_STATUS {volume=volume99849, bucket=bucket84280, key=testBatchDelete/parent/child0, dataSize=0, replicationConfig=null} | ret=FAILURE
org.apache.hadoop.ozone.om.exceptions.OMException: Unable to get file status: volume: volume99849 bucket: bucket84280 key: testBatchDelete/parent/child0
	at org.apache.hadoop.ozone.om.KeyManagerImpl.getOzoneFileStatusFSO(KeyManagerImpl.java:1310) ~[ozone-manager-1.4.0-SNAPSHOT.jar:?]
	at org.apache.hadoop.ozone.om.KeyManagerImpl.getFileStatus(KeyManagerImpl.java:1102) ~[ozone-manager-1.4.0-SNAPSHOT.jar:?]
	at org.apache.hadoop.ozone.om.OmMetadataReader.getFileStatus(OmMetadataReader.java:286) ~[ozone-manager-1.4.0-SNAPSHOT.jar:?]
	at org.apache.hadoop.ozone.om.OzoneManager.getFileStatus(OzoneManager.java:3499) ~[ozone-manager-1.4.0-SNAPSHOT.jar:?]
	at org.apache.hadoop.ozone.protocolPB.OzoneManagerRequestHandler.getOzoneFileStatus(OzoneManagerRequestHandler.java:950) ~[ozone-manager-1.4.0-SNAPSHOT.jar:?]
	at org.apache.hadoop.ozone.protocolPB.OzoneManagerRequestHandler.handleReadRequest(OzoneManagerRequestHandler.java:245) ~[ozone-manager-1.4.0-SNAPSHOT.jar:?]
	at org.apache.hadoop.ozone.protocolPB.OzoneManagerProtocolServerSideTranslatorPB.submitRequestDirectlyToOM(OzoneManagerProtocolServerSideTranslatorPB.java:272) ~[ozone-manager-1.4.0-SNAPSHOT.jar:?]
	at org.apache.hadoop.ozone.protocolPB.OzoneManagerProtocolServerSideTranslatorPB.processRequest(OzoneManagerProtocolServerSideTranslatorPB.java:173) ~[ozone-manager-1.4.0-SNAPSHOT.jar:?]
	at org.apache.hadoop.hdds.server.OzoneProtocolMessageDispatcher.processRequest(OzoneProtocolMessageDispatcher.java:87) [hdds-server-framework-1.4.0-SNAPSHOT.jar:?]
	at org.apache.hadoop.ozone.protocolPB.OzoneManagerProtocolServerSideTranslatorPB.submitRequest(OzoneManagerProtocolServerSideTranslatorPB.java:147) [ozone-manager-1.4.0-SNAPSHOT.jar:?]
	at org.apache.hadoop.ozone.protocol.proto.OzoneManagerProtocolProtos$OzoneManagerService$2.callBlockingMethod(OzoneManagerProtocolProtos.java) [ozone-interface-client-1.4.0-SNAPSHOT.jar:?]
	at org.apache.hadoop.ipc.ProtobufRpcEngine$Server.processCall(ProtobufRpcEngine.java:484) [hadoop-common-3.3.5.jar:?]
	at org.apache.hadoop.ipc.ProtobufRpcEngine2$Server$ProtoBufRpcInvoker.call(ProtobufRpcEngine2.java:595) [hadoop-common-3.3.5.jar:?]
	at org.apache.hadoop.ipc.ProtobufRpcEngine2$Server$ProtoBufRpcInvoker.call(ProtobufRpcEngine2.java:573) [hadoop-common-3.3.5.jar:?]
	at org.apache.hadoop.ipc.RPC$Server.call(RPC.java:1213) [hadoop-common-3.3.5.jar:?]
	at org.apache.hadoop.ipc.Server$RpcCall.run(Server.java:1089) [hadoop-common-3.3.5.jar:?]
	at org.apache.hadoop.ipc.Server$RpcCall.run(Server.java:1012) [hadoop-common-3.3.5.jar:?]
	at java.security.AccessController.doPrivileged(Native Method) ~[?:1.8.0_372]
	at javax.security.auth.Subject.doAs(Subject.java:422) [?:1.8.0_372]
	at org.apache.hadoop.security.UserGroupInformation.doAs(UserGroupInformation.java:1899) [hadoop-common-3.3.5.jar:?]
	at org.apache.hadoop.ipc.Server$Handler.run(Server.java:3026) [hadoop-common-3.3.5.jar:?]
13:18:45.841 [IPC Server handler 0 on default port 15057] ERROR OMAudit - user=runner | ip=127.0.0.1 | op=GET_FILE_STATUS {volume=volume99849, bucket=bucket84280, key=testBatchDelete/parent/childFolder/child0, dataSize=0, replicationConfig=null} | ret=FAILURE
org.apache.hadoop.ozone.om.exceptions.OMException: Unable to get file status: volume: volume99849 bucket: bucket84280 key: testBatchDelete/parent/childFolder/child0
	at org.apache.hadoop.ozone.om.KeyManagerImpl.getOzoneFileStatusFSO(KeyManagerImpl.java:1310) ~[ozone-manager-1.4.0-SNAPSHOT.jar:?]
	at org.apache.hadoop.ozone.om.KeyManagerImpl.getFileStatus(KeyManagerImpl.java:1102) ~[ozone-manager-1.4.0-SNAPSHOT.jar:?]
	at org.apache.hadoop.ozone.om.OmMetadataReader.getFileStatus(OmMetadataReader.java:286) ~[ozone-manager-1.4.0-SNAPSHOT.jar:?]
	at org.apache.hadoop.ozone.om.OzoneManager.getFileStatus(OzoneManager.java:3499) ~[ozone-manager-1.4.0-SNAPSHOT.jar:?]
	at org.apache.hadoop.ozone.protocolPB.OzoneManagerRequestHandler.getOzoneFileStatus(OzoneManagerRequestHandler.java:950) ~[ozone-manager-1.4.0-SNAPSHOT.jar:?]
	at org.apache.hadoop.ozone.protocolPB.OzoneManagerRequestHandler.handleReadRequest(OzoneManagerRequestHandler.java:245) ~[ozone-manager-1.4.0-SNAPSHOT.jar:?]
	at org.apache.hadoop.ozone.protocolPB.OzoneManagerProtocolServerSideTranslatorPB.submitRequestDirectlyToOM(OzoneManagerProtocolServerSideTranslatorPB.java:272) ~[ozone-manager-1.4.0-SNAPSHOT.jar:?]
	at org.apache.hadoop.ozone.protocolPB.OzoneManagerProtocolServerSideTranslatorPB.processRequest(OzoneManagerProtocolServerSideTranslatorPB.java:173) ~[ozone-manager-1.4.0-SNAPSHOT.jar:?]
	at org.apache.hadoop.hdds.server.OzoneProtocolMessageDispatcher.processRequest(OzoneProtocolMessageDispatcher.java:87) [hdds-server-framework-1.4.0-SNAPSHOT.jar:?]
	at org.apache.hadoop.ozone.protocolPB.OzoneManagerProtocolServerSideTranslatorPB.submitRequest(OzoneManagerProtocolServerSideTranslatorPB.java:147) [ozone-manager-1.4.0-SNAPSHOT.jar:?]
	at org.apache.hadoop.ozone.protocol.proto.OzoneManagerProtocolProtos$OzoneManagerService$2.callBlockingMethod(OzoneManagerProtocolProtos.java) [ozone-interface-client-1.4.0-SNAPSHOT.jar:?]
	at org.apache.hadoop.ipc.ProtobufRpcEngine$Server.processCall(ProtobufRpcEngine.java:484) [hadoop-common-3.3.5.jar:?]
	at org.apache.hadoop.ipc.ProtobufRpcEngine2$Server$ProtoBufRpcInvoker.call(ProtobufRpcEngine2.java:595) [hadoop-common-3.3.5.jar:?]
	at org.apache.hadoop.ipc.ProtobufRpcEngine2$Server$ProtoBufRpcInvoker.call(ProtobufRpcEngine2.java:573) [hadoop-common-3.3.5.jar:?]
	at org.apache.hadoop.ipc.RPC$Server.call(RPC.java:1213) [hadoop-common-3.3.5.jar:?]
	at org.apache.hadoop.ipc.Server$RpcCall.run(Server.java:1089) [hadoop-common-3.3.5.jar:?]
	at org.apache.hadoop.ipc.Server$RpcCall.run(Server.java:1012) [hadoop-common-3.3.5.jar:?]
	at java.security.AccessController.doPrivileged(Native Method) ~[?:1.8.0_372]
	at javax.security.auth.Subject.doAs(Subject.java:422) [?:1.8.0_372]
	at org.apache.hadoop.security.UserGroupInformation.doAs(UserGroupInformation.java:1899) [hadoop-common-3.3.5.jar:?]
	at org.apache.hadoop.ipc.Server$Handler.run(Server.java:3026) [hadoop-common-3.3.5.jar:?]
13:18:45.842 [IPC Server handler 7 on default port 15057] ERROR OMAudit - user=runner | ip=127.0.0.1 | op=GET_FILE_STATUS {volume=volume99849, bucket=bucket84280, key=testBatchDelete/parent/child1, dataSize=0, replicationConfig=null} | ret=FAILURE
org.apache.hadoop.ozone.om.exceptions.OMException: Unable to get file status: volume: volume99849 bucket: bucket84280 key: testBatchDelete/parent/child1
	at org.apache.hadoop.ozone.om.KeyManagerImpl.getOzoneFileStatusFSO(KeyManagerImpl.java:1310) ~[ozone-manager-1.4.0-SNAPSHOT.jar:?]
	at org.apache.hadoop.ozone.om.KeyManagerImpl.getFileStatus(KeyManagerImpl.java:1102) ~[ozone-manager-1.4.0-SNAPSHOT.jar:?]
	at org.apache.hadoop.ozone.om.OmMetadataReader.getFileStatus(OmMetadataReader.java:286) ~[ozone-manager-1.4.0-SNAPSHOT.jar:?]
	at org.apache.hadoop.ozone.om.OzoneManager.getFileStatus(OzoneManager.java:3499) ~[ozone-manager-1.4.0-SNAPSHOT.jar:?]
	at org.apache.hadoop.ozone.protocolPB.OzoneManagerRequestHandler.getOzoneFileStatus(OzoneManagerRequestHandler.java:950) ~[ozone-manager-1.4.0-SNAPSHOT.jar:?]
	at org.apache.hadoop.ozone.protocolPB.OzoneManagerRequestHandler.handleReadRequest(OzoneManagerRequestHandler.java:245) ~[ozone-manager-1.4.0-SNAPSHOT.jar:?]
	at org.apache.hadoop.ozone.protocolPB.OzoneManagerProtocolServerSideTranslatorPB.submitRequestDirectlyToOM(OzoneManagerProtocolServerSideTranslatorPB.java:272) ~[ozone-manager-1.4.0-SNAPSHOT.jar:?]
	at org.apache.hadoop.ozone.protocolPB.OzoneManagerProtocolServerSideTranslatorPB.processRequest(OzoneManagerProtocolServerSideTranslatorPB.java:173) ~[ozone-manager-1.4.0-SNAPSHOT.jar:?]
	at org.apache.hadoop.hdds.server.OzoneProtocolMessageDispatcher.processRequest(OzoneProtocolMessageDispatcher.java:87) [hdds-server-framework-1.4.0-SNAPSHOT.jar:?]
	at org.apache.hadoop.ozone.protocolPB.OzoneManagerProtocolServerSideTranslatorPB.submitRequest(OzoneManagerProtocolServerSideTranslatorPB.java:147) [ozone-manager-1.4.0-SNAPSHOT.jar:?]
	at org.apache.hadoop.ozone.protocol.proto.OzoneManagerProtocolProtos$OzoneManagerService$2.callBlockingMethod(OzoneManagerProtocolProtos.java) [ozone-interface-client-1.4.0-SNAPSHOT.jar:?]
	at org.apache.hadoop.ipc.ProtobufRpcEngine$Server.processCall(ProtobufRpcEngine.java:484) [hadoop-common-3.3.5.jar:?]
	at org.apache.hadoop.ipc.ProtobufRpcEngine2$Server$ProtoBufRpcInvoker.call(ProtobufRpcEngine2.java:595) [hadoop-common-3.3.5.jar:?]
	at org.apache.hadoop.ipc.ProtobufRpcEngine2$Server$ProtoBufRpcInvoker.call(ProtobufRpcEngine2.java:573) [hadoop-common-3.3.5.jar:?]
	at org.apache.hadoop.ipc.RPC$Server.call(RPC.java:1213) [hadoop-common-3.3.5.jar:?]
	at org.apache.hadoop.ipc.Server$RpcCall.run(Server.java:1089) [hadoop-common-3.3.5.jar:?]
	at org.apache.hadoop.ipc.Server$RpcCall.run(Server.java:1012) [hadoop-common-3.3.5.jar:?]
	at java.security.AccessController.doPrivileged(Native Method) ~[?:1.8.0_372]
	at javax.security.auth.Subject.doAs(Subject.java:422) [?:1.8.0_372]
	at org.apache.hadoop.security.UserGroupInformation.doAs(UserGroupInformation.java:1899) [hadoop-common-3.3.5.jar:?]
	at org.apache.hadoop.ipc.Server$Handler.run(Server.java:3026) [hadoop-common-3.3.5.jar:?]
13:18:45.843 [IPC Server handler 9 on default port 15057] ERROR OMAudit - user=runner | ip=127.0.0.1 | op=GET_FILE_STATUS {volume=volume99849, bucket=bucket84280, key=testBatchDelete/parent/childFolder/child1, dataSize=0, replicationConfig=null} | ret=FAILURE
org.apache.hadoop.ozone.om.exceptions.OMException: Unable to get file status: volume: volume99849 bucket: bucket84280 key: testBatchDelete/parent/childFolder/child1
	at org.apache.hadoop.ozone.om.KeyManagerImpl.getOzoneFileStatusFSO(KeyManagerImpl.java:1310) ~[ozone-manager-1.4.0-SNAPSHOT.jar:?]
	at org.apache.hadoop.ozone.om.KeyManagerImpl.getFileStatus(KeyManagerImpl.java:1102) ~[ozone-manager-1.4.0-SNAPSHOT.jar:?]
	at org.apache.hadoop.ozone.om.OmMetadataReader.getFileStatus(OmMetadataReader.java:286) ~[ozone-manager-1.4.0-SNAPSHOT.jar:?]
	at org.apache.hadoop.ozone.om.OzoneManager.getFileStatus(OzoneManager.java:3499) ~[ozone-manager-1.4.0-SNAPSHOT.jar:?]
	at org.apache.hadoop.ozone.protocolPB.OzoneManagerRequestHandler.getOzoneFileStatus(OzoneManagerRequestHandler.java:950) ~[ozone-manager-1.4.0-SNAPSHOT.jar:?]
	at org.apache.hadoop.ozone.protocolPB.OzoneManagerRequestHandler.handleReadRequest(OzoneManagerRequestHandler.java:245) ~[ozone-manager-1.4.0-SNAPSHOT.jar:?]
	at org.apache.hadoop.ozone.protocolPB.OzoneManagerProtocolServerSideTranslatorPB.submitRequestDirectlyToOM(OzoneManagerProtocolServerSideTranslatorPB.java:272) ~[ozone-manager-1.4.0-SNAPSHOT.jar:?]
	at org.apache.hadoop.ozone.protocolPB.OzoneManagerProtocolServerSideTranslatorPB.processRequest(OzoneManagerProtocolServerSideTranslatorPB.java:173) ~[ozone-manager-1.4.0-SNAPSHOT.jar:?]
	at org.apache.hadoop.hdds.server.OzoneProtocolMessageDispatcher.processRequest(OzoneProtocolMessageDispatcher.java:87) [hdds-server-framework-1.4.0-SNAPSHOT.jar:?]
	at org.apache.hadoop.ozone.protocolPB.OzoneManagerProtocolServerSideTranslatorPB.submitRequest(OzoneManagerProtocolServerSideTranslatorPB.java:147) [ozone-manager-1.4.0-SNAPSHOT.jar:?]
	at org.apache.hadoop.ozone.protocol.proto.OzoneManagerProtocolProtos$OzoneManagerService$2.callBlockingMethod(OzoneManagerProtocolProtos.java) [ozone-interface-client-1.4.0-SNAPSHOT.jar:?]
	at org.apache.hadoop.ipc.ProtobufRpcEngine$Server.processCall(ProtobufRpcEngine.java:484) [hadoop-common-3.3.5.jar:?]
	at org.apache.hadoop.ipc.ProtobufRpcEngine2$Server$ProtoBufRpcInvoker.call(ProtobufRpcEngine2.java:595) [hadoop-common-3.3.5.jar:?]
	at org.apache.hadoop.ipc.ProtobufRpcEngine2$Server$ProtoBufRpcInvoker.call(ProtobufRpcEngine2.java:573) [hadoop-common-3.3.5.jar:?]
	at org.apache.hadoop.ipc.RPC$Server.call(RPC.java:1213) [hadoop-common-3.3.5.jar:?]
	at org.apache.hadoop.ipc.Server$RpcCall.run(Server.java:1089) [hadoop-common-3.3.5.jar:?]
	at org.apache.hadoop.ipc.Server$RpcCall.run(Server.java:1012) [hadoop-common-3.3.5.jar:?]
	at java.security.AccessController.doPrivileged(Native Method) ~[?:1.8.0_372]
	at javax.security.auth.Subject.doAs(Subject.java:422) [?:1.8.0_372]
	at org.apache.hadoop.security.UserGroupInformation.doAs(UserGroupInformation.java:1899) [hadoop-common-3.3.5.jar:?]
	at org.apache.hadoop.ipc.Server$Handler.run(Server.java:3026) [hadoop-common-3.3.5.jar:?]
13:18:45.844 [IPC Server handler 11 on default port 15057] ERROR OMAudit - user=runner | ip=127.0.0.1 | op=GET_FILE_STATUS {volume=volume99849, bucket=bucket84280, key=testBatchDelete/parent/child2, dataSize=0, replicationConfig=null} | ret=FAILURE
org.apache.hadoop.ozone.om.exceptions.OMException: Unable to get file status: volume: volume99849 bucket: bucket84280 key: testBatchDelete/parent/child2
	at org.apache.hadoop.ozone.om.KeyManagerImpl.getOzoneFileStatusFSO(KeyManagerImpl.java:1310) ~[ozone-manager-1.4.0-SNAPSHOT.jar:?]
	at org.apache.hadoop.ozone.om.KeyManagerImpl.getFileStatus(KeyManagerImpl.java:1102) ~[ozone-manager-1.4.0-SNAPSHOT.jar:?]
	at org.apache.hadoop.ozone.om.OmMetadataReader.getFileStatus(OmMetadataReader.java:286) ~[ozone-manager-1.4.0-SNAPSHOT.jar:?]
	at org.apache.hadoop.ozone.om.OzoneManager.getFileStatus(OzoneManager.java:3499) ~[ozone-manager-1.4.0-SNAPSHOT.jar:?]
	at org.apache.hadoop.ozone.protocolPB.OzoneManagerRequestHandler.getOzoneFileStatus(OzoneManagerRequestHandler.java:950) ~[ozone-manager-1.4.0-SNAPSHOT.jar:?]
	at org.apache.hadoop.ozone.protocolPB.OzoneManagerRequestHandler.handleReadRequest(OzoneManagerRequestHandler.java:245) ~[ozone-manager-1.4.0-SNAPSHOT.jar:?]
	at org.apache.hadoop.ozone.protocolPB.OzoneManagerProtocolServerSideTranslatorPB.submitRequestDirectlyToOM(OzoneManagerProtocolServerSideTranslatorPB.java:272) ~[ozone-manager-1.4.0-SNAPSHOT.jar:?]
	at org.apache.hadoop.ozone.protocolPB.OzoneManagerProtocolServerSideTranslatorPB.processRequest(OzoneManagerProtocolServerSideTranslatorPB.java:173) ~[ozone-manager-1.4.0-SNAPSHOT.jar:?]
	at org.apache.hadoop.hdds.server.OzoneProtocolMessageDispatcher.processRequest(OzoneProtocolMessageDispatcher.java:87) [hdds-server-framework-1.4.0-SNAPSHOT.jar:?]
	at org.apache.hadoop.ozone.protocolPB.OzoneManagerProtocolServerSideTranslatorPB.submitRequest(OzoneManagerProtocolServerSideTranslatorPB.java:147) [ozone-manager-1.4.0-SNAPSHOT.jar:?]
	at org.apache.hadoop.ozone.protocol.proto.OzoneManagerProtocolProtos$OzoneManagerService$2.callBlockingMethod(OzoneManagerProtocolProtos.java) [ozone-interface-client-1.4.0-SNAPSHOT.jar:?]
	at org.apache.hadoop.ipc.ProtobufRpcEngine$Server.processCall(ProtobufRpcEngine.java:484) [hadoop-common-3.3.5.jar:?]
	at org.apache.hadoop.ipc.ProtobufRpcEngine2$Server$ProtoBufRpcInvoker.call(ProtobufRpcEngine2.java:595) [hadoop-common-3.3.5.jar:?]
	at org.apache.hadoop.ipc.ProtobufRpcEngine2$Server$ProtoBufRpcInvoker.call(ProtobufRpcEngine2.java:573) [hadoop-common-3.3.5.jar:?]
	at org.apache.hadoop.ipc.RPC$Server.call(RPC.java:1213) [hadoop-common-3.3.5.jar:?]
	at org.apache.hadoop.ipc.Server$RpcCall.run(Server.java:1089) [hadoop-common-3.3.5.jar:?]
	at org.apache.hadoop.ipc.Server$RpcCall.run(Server.java:1012) [hadoop-common-3.3.5.jar:?]
	at java.security.AccessController.doPrivileged(Native Method) ~[?:1.8.0_372]
	at javax.security.auth.Subject.doAs(Subject.java:422) [?:1.8.0_372]
	at org.apache.hadoop.security.UserGroupInformation.doAs(UserGroupInformation.java:1899) [hadoop-common-3.3.5.jar:?]
	at org.apache.hadoop.ipc.Server$Handler.run(Server.java:3026) [hadoop-common-3.3.5.jar:?]
13:18:45.845 [IPC Server handler 15 on default port 15057] ERROR OMAudit - user=runner | ip=127.0.0.1 | op=GET_FILE_STATUS {volume=volume99849, bucket=bucket84280, key=testBatchDelete/parent/childFolder/child2, dataSize=0, replicationConfig=null} | ret=FAILURE
org.apache.hadoop.ozone.om.exceptions.OMException: Unable to get file status: volume: volume99849 bucket: bucket84280 key: testBatchDelete/parent/childFolder/child2
	at org.apache.hadoop.ozone.om.KeyManagerImpl.getOzoneFileStatusFSO(KeyManagerImpl.java:1310) ~[ozone-manager-1.4.0-SNAPSHOT.jar:?]
	at org.apache.hadoop.ozone.om.KeyManagerImpl.getFileStatus(KeyManagerImpl.java:1102) ~[ozone-manager-1.4.0-SNAPSHOT.jar:?]
	at org.apache.hadoop.ozone.om.OmMetadataReader.getFileStatus(OmMetadataReader.java:286) ~[ozone-manager-1.4.0-SNAPSHOT.jar:?]
	at org.apache.hadoop.ozone.om.OzoneManager.getFileStatus(OzoneManager.java:3499) ~[ozone-manager-1.4.0-SNAPSHOT.jar:?]
	at org.apache.hadoop.ozone.protocolPB.OzoneManagerRequestHandler.getOzoneFileStatus(OzoneManagerRequestHandler.java:950) ~[ozone-manager-1.4.0-SNAPSHOT.jar:?]
	at org.apache.hadoop.ozone.protocolPB.OzoneManagerRequestHandler.handleReadRequest(OzoneManagerRequestHandler.java:245) ~[ozone-manager-1.4.0-SNAPSHOT.jar:?]
	at org.apache.hadoop.ozone.protocolPB.OzoneManagerProtocolServerSideTranslatorPB.submitRequestDirectlyToOM(OzoneManagerProtocolServerSideTranslatorPB.java:272) ~[ozone-manager-1.4.0-SNAPSHOT.jar:?]
	at org.apache.hadoop.ozone.protocolPB.OzoneManagerProtocolServerSideTranslatorPB.processRequest(OzoneManagerProtocolServerSideTranslatorPB.java:173) ~[ozone-manager-1.4.0-SNAPSHOT.jar:?]
	at org.apache.hadoop.hdds.server.OzoneProtocolMessageDispatcher.processRequest(OzoneProtocolMessageDispatcher.java:87) [hdds-server-framework-1.4.0-SNAPSHOT.jar:?]
	at org.apache.hadoop.ozone.protocolPB.OzoneManagerProtocolServerSideTranslatorPB.submitRequest(OzoneManagerProtocolServerSideTranslatorPB.java:147) [ozone-manager-1.4.0-SNAPSHOT.jar:?]
	at org.apache.hadoop.ozone.protocol.proto.OzoneManagerProtocolProtos$OzoneManagerService$2.callBlockingMethod(OzoneManagerProtocolProtos.java) [ozone-interface-client-1.4.0-SNAPSHOT.jar:?]
	at org.apache.hadoop.ipc.ProtobufRpcEngine$Server.processCall(ProtobufRpcEngine.java:484) [hadoop-common-3.3.5.jar:?]
	at org.apache.hadoop.ipc.ProtobufRpcEngine2$Server$ProtoBufRpcInvoker.call(ProtobufRpcEngine2.java:595) [hadoop-common-3.3.5.jar:?]
	at org.apache.hadoop.ipc.ProtobufRpcEngine2$Server$ProtoBufRpcInvoker.call(ProtobufRpcEngine2.java:573) [hadoop-common-3.3.5.jar:?]
	at org.apache.hadoop.ipc.RPC$Server.call(RPC.java:1213) [hadoop-common-3.3.5.jar:?]
	at org.apache.hadoop.ipc.Server$RpcCall.run(Server.java:1089) [hadoop-common-3.3.5.jar:?]
	at org.apache.hadoop.ipc.Server$RpcCall.run(Server.java:1012) [hadoop-common-3.3.5.jar:?]
	at java.security.AccessController.doPrivileged(Native Method) ~[?:1.8.0_372]
	at javax.security.auth.Subject.doAs(Subject.java:422) [?:1.8.0_372]
	at org.apache.hadoop.security.UserGroupInformation.doAs(UserGroupInformation.java:1899) [hadoop-common-3.3.5.jar:?]
	at org.apache.hadoop.ipc.Server$Handler.run(Server.java:3026) [hadoop-common-3.3.5.jar:?]
13:18:45.846 [IPC Server handler 14 on default port 15057] ERROR OMAudit - user=runner | ip=127.0.0.1 | op=GET_FILE_STATUS {volume=volume99849, bucket=bucket84280, key=testBatchDelete/parent/child3, dataSize=0, replicationConfig=null} | ret=FAILURE
org.apache.hadoop.ozone.om.exceptions.OMException: Unable to get file status: volume: volume99849 bucket: bucket84280 key: testBatchDelete/parent/child3
	at org.apache.hadoop.ozone.om.KeyManagerImpl.getOzoneFileStatusFSO(KeyManagerImpl.java:1310) ~[ozone-manager-1.4.0-SNAPSHOT.jar:?]
	at org.apache.hadoop.ozone.om.KeyManagerImpl.getFileStatus(KeyManagerImpl.java:1102) ~[ozone-manager-1.4.0-SNAPSHOT.jar:?]
	at org.apache.hadoop.ozone.om.OmMetadataReader.getFileStatus(OmMetadataReader.java:286) ~[ozone-manager-1.4.0-SNAPSHOT.jar:?]
	at org.apache.hadoop.ozone.om.OzoneManager.getFileStatus(OzoneManager.java:3499) ~[ozone-manager-1.4.0-SNAPSHOT.jar:?]
	at org.apache.hadoop.ozone.protocolPB.OzoneManagerRequestHandler.getOzoneFileStatus(OzoneManagerRequestHandler.java:950) ~[ozone-manager-1.4.0-SNAPSHOT.jar:?]
	at org.apache.hadoop.ozone.protocolPB.OzoneManagerRequestHandler.handleReadRequest(OzoneManagerRequestHandler.java:245) ~[ozone-manager-1.4.0-SNAPSHOT.jar:?]
	at org.apache.hadoop.ozone.protocolPB.OzoneManagerProtocolServerSideTranslatorPB.submitRequestDirectlyToOM(OzoneManagerProtocolServerSideTranslatorPB.java:272) ~[ozone-manager-1.4.0-SNAPSHOT.jar:?]
	at org.apache.hadoop.ozone.protocolPB.OzoneManagerProtocolServerSideTranslatorPB.processRequest(OzoneManagerProtocolServerSideTranslatorPB.java:173) ~[ozone-manager-1.4.0-SNAPSHOT.jar:?]
	at org.apache.hadoop.hdds.server.OzoneProtocolMessageDispatcher.processRequest(OzoneProtocolMessageDispatcher.java:87) [hdds-server-framework-1.4.0-SNAPSHOT.jar:?]
	at org.apache.hadoop.ozone.protocolPB.OzoneManagerProtocolServerSideTranslatorPB.submitRequest(OzoneManagerProtocolServerSideTranslatorPB.java:147) [ozone-manager-1.4.0-SNAPSHOT.jar:?]
	at org.apache.hadoop.ozone.protocol.proto.OzoneManagerProtocolProtos$OzoneManagerService$2.callBlockingMethod(OzoneManagerProtocolProtos.java) [ozone-interface-client-1.4.0-SNAPSHOT.jar:?]
	at org.apache.hadoop.ipc.ProtobufRpcEngine$Server.processCall(ProtobufRpcEngine.java:484) [hadoop-common-3.3.5.jar:?]
	at org.apache.hadoop.ipc.ProtobufRpcEngine2$Server$ProtoBufRpcInvoker.call(ProtobufRpcEngine2.java:595) [hadoop-common-3.3.5.jar:?]
	at org.apache.hadoop.ipc.ProtobufRpcEngine2$Server$ProtoBufRpcInvoker.call(ProtobufRpcEngine2.java:573) [hadoop-common-3.3.5.jar:?]
	at org.apache.hadoop.ipc.RPC$Server.call(RPC.java:1213) [hadoop-common-3.3.5.jar:?]
	at org.apache.hadoop.ipc.Server$RpcCall.run(Server.java:1089) [hadoop-common-3.3.5.jar:?]
	at org.apache.hadoop.ipc.Server$RpcCall.run(Server.java:1012) [hadoop-common-3.3.5.jar:?]
	at java.security.AccessController.doPrivileged(Native Method) ~[?:1.8.0_372]
	at javax.security.auth.Subject.doAs(Subject.java:422) [?:1.8.0_372]
	at org.apache.hadoop.security.UserGroupInformation.doAs(UserGroupInformation.java:1899) [hadoop-common-3.3.5.jar:?]
	at org.apache.hadoop.ipc.Server$Handler.run(Server.java:3026) [hadoop-common-3.3.5.jar:?]
13:18:45.846 [IPC Server handler 12 on default port 15057] ERROR OMAudit - user=runner | ip=127.0.0.1 | op=GET_FILE_STATUS {volume=volume99849, bucket=bucket84280, key=testBatchDelete/parent/childFolder/child3, dataSize=0, replicationConfig=null} | ret=FAILURE
org.apache.hadoop.ozone.om.exceptions.OMException: Unable to get file status: volume: volume99849 bucket: bucket84280 key: testBatchDelete/parent/childFolder/child3
	at org.apache.hadoop.ozone.om.KeyManagerImpl.getOzoneFileStatusFSO(KeyManagerImpl.java:1310) ~[ozone-manager-1.4.0-SNAPSHOT.jar:?]
	at org.apache.hadoop.ozone.om.KeyManagerImpl.getFileStatus(KeyManagerImpl.java:1102) ~[ozone-manager-1.4.0-SNAPSHOT.jar:?]
	at org.apache.hadoop.ozone.om.OmMetadataReader.getFileStatus(OmMetadataReader.java:286) ~[ozone-manager-1.4.0-SNAPSHOT.jar:?]
	at org.apache.hadoop.ozone.om.OzoneManager.getFileStatus(OzoneManager.java:3499) ~[ozone-manager-1.4.0-SNAPSHOT.jar:?]
	at org.apache.hadoop.ozone.protocolPB.OzoneManagerRequestHandler.getOzoneFileStatus(OzoneManagerRequestHandler.java:950) ~[ozone-manager-1.4.0-SNAPSHOT.jar:?]
	at org.apache.hadoop.ozone.protocolPB.OzoneManagerRequestHandler.handleReadRequest(OzoneManagerRequestHandler.java:245) ~[ozone-manager-1.4.0-SNAPSHOT.jar:?]
	at org.apache.hadoop.ozone.protocolPB.OzoneManagerProtocolServerSideTranslatorPB.submitRequestDirectlyToOM(OzoneManagerProtocolServerSideTranslatorPB.java:272) ~[ozone-manager-1.4.0-SNAPSHOT.jar:?]
	at org.apache.hadoop.ozone.protocolPB.OzoneManagerProtocolServerSideTranslatorPB.processRequest(OzoneManagerProtocolServerSideTranslatorPB.java:173) ~[ozone-manager-1.4.0-SNAPSHOT.jar:?]
	at org.apache.hadoop.hdds.server.OzoneProtocolMessageDispatcher.processRequest(OzoneProtocolMessageDispatcher.java:87) [hdds-server-framework-1.4.0-SNAPSHOT.jar:?]
	at org.apache.hadoop.ozone.protocolPB.OzoneManagerProtocolServerSideTranslatorPB.submitRequest(OzoneManagerProtocolServerSideTranslatorPB.java:147) [ozone-manager-1.4.0-SNAPSHOT.jar:?]
	at org.apache.hadoop.ozone.protocol.proto.OzoneManagerProtocolProtos$OzoneManagerService$2.callBlockingMethod(OzoneManagerProtocolProtos.java) [ozone-interface-client-1.4.0-SNAPSHOT.jar:?]
	at org.apache.hadoop.ipc.ProtobufRpcEngine$Server.processCall(ProtobufRpcEngine.java:484) [hadoop-common-3.3.5.jar:?]
	at org.apache.hadoop.ipc.ProtobufRpcEngine2$Server$ProtoBufRpcInvoker.call(ProtobufRpcEngine2.java:595) [hadoop-common-3.3.5.jar:?]
	at org.apache.hadoop.ipc.ProtobufRpcEngine2$Server$ProtoBufRpcInvoker.call(ProtobufRpcEngine2.java:573) [hadoop-common-3.3.5.jar:?]
	at org.apache.hadoop.ipc.RPC$Server.call(RPC.java:1213) [hadoop-common-3.3.5.jar:?]
	at org.apache.hadoop.ipc.Server$RpcCall.run(Server.java:1089) [hadoop-common-3.3.5.jar:?]
	at org.apache.hadoop.ipc.Server$RpcCall.run(Server.java:1012) [hadoop-common-3.3.5.jar:?]
	at java.security.AccessController.doPrivileged(Native Method) ~[?:1.8.0_372]
	at javax.security.auth.Subject.doAs(Subject.java:422) [?:1.8.0_372]
	at org.apache.hadoop.security.UserGroupInformation.doAs(UserGroupInformation.java:1899) [hadoop-common-3.3.5.jar:?]
	at org.apache.hadoop.ipc.Server$Handler.run(Server.java:3026) [hadoop-common-3.3.5.jar:?]
13:18:45.847 [IPC Server handler 13 on default port 15057] ERROR OMAudit - user=runner | ip=127.0.0.1 | op=GET_FILE_STATUS {volume=volume99849, bucket=bucket84280, key=testBatchDelete/parent/child4, dataSize=0, replicationConfig=null} | ret=FAILURE
org.apache.hadoop.ozone.om.exceptions.OMException: Unable to get file status: volume: volume99849 bucket: bucket84280 key: testBatchDelete/parent/child4
	at org.apache.hadoop.ozone.om.KeyManagerImpl.getOzoneFileStatusFSO(KeyManagerImpl.java:1310) ~[ozone-manager-1.4.0-SNAPSHOT.jar:?]
	at org.apache.hadoop.ozone.om.KeyManagerImpl.getFileStatus(KeyManagerImpl.java:1102) ~[ozone-manager-1.4.0-SNAPSHOT.jar:?]
	at org.apache.hadoop.ozone.om.OmMetadataReader.getFileStatus(OmMetadataReader.java:286) ~[ozone-manager-1.4.0-SNAPSHOT.jar:?]
	at org.apache.hadoop.ozone.om.OzoneManager.getFileStatus(OzoneManager.java:3499) ~[ozone-manager-1.4.0-SNAPSHOT.jar:?]
	at org.apache.hadoop.ozone.protocolPB.OzoneManagerRequestHandler.getOzoneFileStatus(OzoneManagerRequestHandler.java:950) ~[ozone-manager-1.4.0-SNAPSHOT.jar:?]
	at org.apache.hadoop.ozone.protocolPB.OzoneManagerRequestHandler.handleReadRequest(OzoneManagerRequestHandler.java:245) ~[ozone-manager-1.4.0-SNAPSHOT.jar:?]
	at org.apache.hadoop.ozone.protocolPB.OzoneManagerProtocolServerSideTranslatorPB.submitRequestDirectlyToOM(OzoneManagerProtocolServerSideTranslatorPB.java:272) ~[ozone-manager-1.4.0-SNAPSHOT.jar:?]
	at org.apache.hadoop.ozone.protocolPB.OzoneManagerProtocolServerSideTranslatorPB.processRequest(OzoneManagerProtocolServerSideTranslatorPB.java:173) ~[ozone-manager-1.4.0-SNAPSHOT.jar:?]
	at org.apache.hadoop.hdds.server.OzoneProtocolMessageDispatcher.processRequest(OzoneProtocolMessageDispatcher.java:87) [hdds-server-framework-1.4.0-SNAPSHOT.jar:?]
	at org.apache.hadoop.ozone.protocolPB.OzoneManagerProtocolServerSideTranslatorPB.submitRequest(OzoneManagerProtocolServerSideTranslatorPB.java:147) [ozone-manager-1.4.0-SNAPSHOT.jar:?]
	at org.apache.hadoop.ozone.protocol.proto.OzoneManagerProtocolProtos$OzoneManagerService$2.callBlockingMethod(OzoneManagerProtocolProtos.java) [ozone-interface-client-1.4.0-SNAPSHOT.jar:?]
	at org.apache.hadoop.ipc.ProtobufRpcEngine$Server.processCall(ProtobufRpcEngine.java:484) [hadoop-common-3.3.5.jar:?]
	at org.apache.hadoop.ipc.ProtobufRpcEngine2$Server$ProtoBufRpcInvoker.call(ProtobufRpcEngine2.java:595) [hadoop-common-3.3.5.jar:?]
	at org.apache.hadoop.ipc.ProtobufRpcEngine2$Server$ProtoBufRpcInvoker.call(ProtobufRpcEngine2.java:573) [hadoop-common-3.3.5.jar:?]
	at org.apache.hadoop.ipc.RPC$Server.call(RPC.java:1213) [hadoop-common-3.3.5.jar:?]
	at org.apache.hadoop.ipc.Server$RpcCall.run(Server.java:1089) [hadoop-common-3.3.5.jar:?]
	at org.apache.hadoop.ipc.Server$RpcCall.run(Server.java:1012) [hadoop-common-3.3.5.jar:?]
	at java.security.AccessController.doPrivileged(Native Method) ~[?:1.8.0_372]
	at javax.security.auth.Subject.doAs(Subject.java:422) [?:1.8.0_372]
	at org.apache.hadoop.security.UserGroupInformation.doAs(UserGroupInformation.java:1899) [hadoop-common-3.3.5.jar:?]
	at org.apache.hadoop.ipc.Server$Handler.run(Server.java:3026) [hadoop-common-3.3.5.jar:?]
13:18:45.848 [IPC Server handler 1 on default port 15057] ERROR OMAudit - user=runner | ip=127.0.0.1 | op=GET_FILE_STATUS {volume=volume99849, bucket=bucket84280, key=testBatchDelete/parent/childFolder/child4, dataSize=0, replicationConfig=null} | ret=FAILURE
org.apache.hadoop.ozone.om.exceptions.OMException: Unable to get file status: volume: volume99849 bucket: bucket84280 key: testBatchDelete/parent/childFolder/child4
	at org.apache.hadoop.ozone.om.KeyManagerImpl.getOzoneFileStatusFSO(KeyManagerImpl.java:1310) ~[ozone-manager-1.4.0-SNAPSHOT.jar:?]
	at org.apache.hadoop.ozone.om.KeyManagerImpl.getFileStatus(KeyManagerImpl.java:1102) ~[ozone-manager-1.4.0-SNAPSHOT.jar:?]
	at org.apache.hadoop.ozone.om.OmMetadataReader.getFileStatus(OmMetadataReader.java:286) ~[ozone-manager-1.4.0-SNAPSHOT.jar:?]
	at org.apache.hadoop.ozone.om.OzoneManager.getFileStatus(OzoneManager.java:3499) ~[ozone-manager-1.4.0-SNAPSHOT.jar:?]
	at org.apache.hadoop.ozone.protocolPB.OzoneManagerRequestHandler.getOzoneFileStatus(OzoneManagerRequestHandler.java:950) ~[ozone-manager-1.4.0-SNAPSHOT.jar:?]
	at org.apache.hadoop.ozone.protocolPB.OzoneManagerRequestHandler.handleReadRequest(OzoneManagerRequestHandler.java:245) ~[ozone-manager-1.4.0-SNAPSHOT.jar:?]
	at org.apache.hadoop.ozone.protocolPB.OzoneManagerProtocolServerSideTranslatorPB.submitRequestDirectlyToOM(OzoneManagerProtocolServerSideTranslatorPB.java:272) ~[ozone-manager-1.4.0-SNAPSHOT.jar:?]
	at org.apache.hadoop.ozone.protocolPB.OzoneManagerProtocolServerSideTranslatorPB.processRequest(OzoneManagerProtocolServerSideTranslatorPB.java:173) ~[ozone-manager-1.4.0-SNAPSHOT.jar:?]
	at org.apache.hadoop.hdds.server.OzoneProtocolMessageDispatcher.processRequest(OzoneProtocolMessageDispatcher.java:87) [hdds-server-framework-1.4.0-SNAPSHOT.jar:?]
	at org.apache.hadoop.ozone.protocolPB.OzoneManagerProtocolServerSideTranslatorPB.submitRequest(OzoneManagerProtocolServerSideTranslatorPB.java:147) [ozone-manager-1.4.0-SNAPSHOT.jar:?]
	at org.apache.hadoop.ozone.protocol.proto.OzoneManagerProtocolProtos$OzoneManagerService$2.callBlockingMethod(OzoneManagerProtocolProtos.java) [ozone-interface-client-1.4.0-SNAPSHOT.jar:?]
	at org.apache.hadoop.ipc.ProtobufRpcEngine$Server.processCall(ProtobufRpcEngine.java:484) [hadoop-common-3.3.5.jar:?]
	at org.apache.hadoop.ipc.ProtobufRpcEngine2$Server$ProtoBufRpcInvoker.call(ProtobufRpcEngine2.java:595) [hadoop-common-3.3.5.jar:?]
	at org.apache.hadoop.ipc.ProtobufRpcEngine2$Server$ProtoBufRpcInvoker.call(ProtobufRpcEngine2.java:573) [hadoop-common-3.3.5.jar:?]
	at org.apache.hadoop.ipc.RPC$Server.call(RPC.java:1213) [hadoop-common-3.3.5.jar:?]
	at org.apache.hadoop.ipc.Server$RpcCall.run(Server.java:1089) [hadoop-common-3.3.5.jar:?]
	at org.apache.hadoop.ipc.Server$RpcCall.run(Server.java:1012) [hadoop-common-3.3.5.jar:?]
	at java.security.AccessController.doPrivileged(Native Method) ~[?:1.8.0_372]
	at javax.security.auth.Subject.doAs(Subject.java:422) [?:1.8.0_372]
	at org.apache.hadoop.security.UserGroupInformation.doAs(UserGroupInformation.java:1899) [hadoop-common-3.3.5.jar:?]
	at org.apache.hadoop.ipc.Server$Handler.run(Server.java:3026) [hadoop-common-3.3.5.jar:?]
13:18:45.849 [IPC Server handler 5 on default port 15057] ERROR OMAudit - user=runner | ip=127.0.0.1 | op=GET_FILE_STATUS {volume=volume99849, bucket=bucket84280, key=testBatchDelete/parent/child5, dataSize=0, replicationConfig=null} | ret=FAILURE
org.apache.hadoop.ozone.om.exceptions.OMException: Unable to get file status: volume: volume99849 bucket: bucket84280 key: testBatchDelete/parent/child5
	at org.apache.hadoop.ozone.om.KeyManagerImpl.getOzoneFileStatusFSO(KeyManagerImpl.java:1310) ~[ozone-manager-1.4.0-SNAPSHOT.jar:?]
	at org.apache.hadoop.ozone.om.KeyManagerImpl.getFileStatus(KeyManagerImpl.java:1102) ~[ozone-manager-1.4.0-SNAPSHOT.jar:?]
	at org.apache.hadoop.ozone.om.OmMetadataReader.getFileStatus(OmMetadataReader.java:286) ~[ozone-manager-1.4.0-SNAPSHOT.jar:?]
	at org.apache.hadoop.ozone.om.OzoneManager.getFileStatus(OzoneManager.java:3499) ~[ozone-manager-1.4.0-SNAPSHOT.jar:?]
	at org.apache.hadoop.ozone.protocolPB.OzoneManagerRequestHandler.getOzoneFileStatus(OzoneManagerRequestHandler.java:950) ~[ozone-manager-1.4.0-SNAPSHOT.jar:?]
	at org.apache.hadoop.ozone.protocolPB.OzoneManagerRequestHandler.handleReadRequest(OzoneManagerRequestHandler.java:245) ~[ozone-manager-1.4.0-SNAPSHOT.jar:?]
	at org.apache.hadoop.ozone.protocolPB.OzoneManagerProtocolServerSideTranslatorPB.submitRequestDirectlyToOM(OzoneManagerProtocolServerSideTranslatorPB.java:272) ~[ozone-manager-1.4.0-SNAPSHOT.jar:?]
	at org.apache.hadoop.ozone.protocolPB.OzoneManagerProtocolServerSideTranslatorPB.processRequest(OzoneManagerProtocolServerSideTranslatorPB.java:173) ~[ozone-manager-1.4.0-SNAPSHOT.jar:?]
	at org.apache.hadoop.hdds.server.OzoneProtocolMessageDispatcher.processRequest(OzoneProtocolMessageDispatcher.java:87) [hdds-server-framework-1.4.0-SNAPSHOT.jar:?]
	at org.apache.hadoop.ozone.protocolPB.OzoneManagerProtocolServerSideTranslatorPB.submitRequest(OzoneManagerProtocolServerSideTranslatorPB.java:147) [ozone-manager-1.4.0-SNAPSHOT.jar:?]
	at org.apache.hadoop.ozone.protocol.proto.OzoneManagerProtocolProtos$OzoneManagerService$2.callBlockingMethod(OzoneManagerProtocolProtos.java) [ozone-interface-client-1.4.0-SNAPSHOT.jar:?]
	at org.apache.hadoop.ipc.ProtobufRpcEngine$Server.processCall(ProtobufRpcEngine.java:484) [hadoop-common-3.3.5.jar:?]
	at org.apache.hadoop.ipc.ProtobufRpcEngine2$Server$ProtoBufRpcInvoker.call(ProtobufRpcEngine2.java:595) [hadoop-common-3.3.5.jar:?]
	at org.apache.hadoop.ipc.ProtobufRpcEngine2$Server$ProtoBufRpcInvoker.call(ProtobufRpcEngine2.java:573) [hadoop-common-3.3.5.jar:?]
	at org.apache.hadoop.ipc.RPC$Server.call(RPC.java:1213) [hadoop-common-3.3.5.jar:?]
	at org.apache.hadoop.ipc.Server$RpcCall.run(Server.java:1089) [hadoop-common-3.3.5.jar:?]
	at org.apache.hadoop.ipc.Server$RpcCall.run(Server.java:1012) [hadoop-common-3.3.5.jar:?]
	at java.security.AccessController.doPrivileged(Native Method) ~[?:1.8.0_372]
	at javax.security.auth.Subject.doAs(Subject.java:422) [?:1.8.0_372]
	at org.apache.hadoop.security.UserGroupInformation.doAs(UserGroupInformation.java:1899) [hadoop-common-3.3.5.jar:?]
	at org.apache.hadoop.ipc.Server$Handler.run(Server.java:3026) [hadoop-common-3.3.5.jar:?]
13:18:45.849 [IPC Server handler 0 on default port 15057] ERROR OMAudit - user=runner | ip=127.0.0.1 | op=GET_FILE_STATUS {volume=volume99849, bucket=bucket84280, key=testBatchDelete/parent/childFolder/child5, dataSize=0, replicationConfig=null} | ret=FAILURE
org.apache.hadoop.ozone.om.exceptions.OMException: Unable to get file status: volume: volume99849 bucket: bucket84280 key: testBatchDelete/parent/childFolder/child5
	at org.apache.hadoop.ozone.om.KeyManagerImpl.getOzoneFileStatusFSO(KeyManagerImpl.java:1310) ~[ozone-manager-1.4.0-SNAPSHOT.jar:?]
	at org.apache.hadoop.ozone.om.KeyManagerImpl.getFileStatus(KeyManagerImpl.java:1102) ~[ozone-manager-1.4.0-SNAPSHOT.jar:?]
	at org.apache.hadoop.ozone.om.OmMetadataReader.getFileStatus(OmMetadataReader.java:286) ~[ozone-manager-1.4.0-SNAPSHOT.jar:?]
	at org.apache.hadoop.ozone.om.OzoneManager.getFileStatus(OzoneManager.java:3499) ~[ozone-manager-1.4.0-SNAPSHOT.jar:?]
	at org.apache.hadoop.ozone.protocolPB.OzoneManagerRequestHandler.getOzoneFileStatus(OzoneManagerRequestHandler.java:950) ~[ozone-manager-1.4.0-SNAPSHOT.jar:?]
	at org.apache.hadoop.ozone.protocolPB.OzoneManagerRequestHandler.handleReadRequest(OzoneManagerRequestHandler.java:245) ~[ozone-manager-1.4.0-SNAPSHOT.jar:?]
	at org.apache.hadoop.ozone.protocolPB.OzoneManagerProtocolServerSideTranslatorPB.submitRequestDirectlyToOM(OzoneManagerProtocolServerSideTranslatorPB.java:272) ~[ozone-manager-1.4.0-SNAPSHOT.jar:?]
	at org.apache.hadoop.ozone.protocolPB.OzoneManagerProtocolServerSideTranslatorPB.processRequest(OzoneManagerProtocolServerSideTranslatorPB.java:173) ~[ozone-manager-1.4.0-SNAPSHOT.jar:?]
	at org.apache.hadoop.hdds.server.OzoneProtocolMessageDispatcher.processRequest(OzoneProtocolMessageDispatcher.java:87) [hdds-server-framework-1.4.0-SNAPSHOT.jar:?]
	at org.apache.hadoop.ozone.protocolPB.OzoneManagerProtocolServerSideTranslatorPB.submitRequest(OzoneManagerProtocolServerSideTranslatorPB.java:147) [ozone-manager-1.4.0-SNAPSHOT.jar:?]
	at org.apache.hadoop.ozone.protocol.proto.OzoneManagerProtocolProtos$OzoneManagerService$2.callBlockingMethod(OzoneManagerProtocolProtos.java) [ozone-interface-client-1.4.0-SNAPSHOT.jar:?]
	at org.apache.hadoop.ipc.ProtobufRpcEngine$Server.processCall(ProtobufRpcEngine.java:484) [hadoop-common-3.3.5.jar:?]
	at org.apache.hadoop.ipc.ProtobufRpcEngine2$Server$ProtoBufRpcInvoker.call(ProtobufRpcEngine2.java:595) [hadoop-common-3.3.5.jar:?]
	at org.apache.hadoop.ipc.ProtobufRpcEngine2$Server$ProtoBufRpcInvoker.call(ProtobufRpcEngine2.java:573) [hadoop-common-3.3.5.jar:?]
	at org.apache.hadoop.ipc.RPC$Server.call(RPC.java:1213) [hadoop-common-3.3.5.jar:?]
	at org.apache.hadoop.ipc.Server$RpcCall.run(Server.java:1089) [hadoop-common-3.3.5.jar:?]
	at org.apache.hadoop.ipc.Server$RpcCall.run(Server.java:1012) [hadoop-common-3.3.5.jar:?]
	at java.security.AccessController.doPrivileged(Native Method) ~[?:1.8.0_372]
	at javax.security.auth.Subject.doAs(Subject.java:422) [?:1.8.0_372]
	at org.apache.hadoop.security.UserGroupInformation.doAs(UserGroupInformation.java:1899) [hadoop-common-3.3.5.jar:?]
	at org.apache.hadoop.ipc.Server$Handler.run(Server.java:3026) [hadoop-common-3.3.5.jar:?]
13:18:45.850 [IPC Server handler 7 on default port 15057] ERROR OMAudit - user=runner | ip=127.0.0.1 | op=GET_FILE_STATUS {volume=volume99849, bucket=bucket84280, key=testBatchDelete/parent/child6, dataSize=0, replicationConfig=null} | ret=FAILURE
org.apache.hadoop.ozone.om.exceptions.OMException: Unable to get file status: volume: volume99849 bucket: bucket84280 key: testBatchDelete/parent/child6
	at org.apache.hadoop.ozone.om.KeyManagerImpl.getOzoneFileStatusFSO(KeyManagerImpl.java:1310) ~[ozone-manager-1.4.0-SNAPSHOT.jar:?]
	at org.apache.hadoop.ozone.om.KeyManagerImpl.getFileStatus(KeyManagerImpl.java:1102) ~[ozone-manager-1.4.0-SNAPSHOT.jar:?]
	at org.apache.hadoop.ozone.om.OmMetadataReader.getFileStatus(OmMetadataReader.java:286) ~[ozone-manager-1.4.0-SNAPSHOT.jar:?]
	at org.apache.hadoop.ozone.om.OzoneManager.getFileStatus(OzoneManager.java:3499) ~[ozone-manager-1.4.0-SNAPSHOT.jar:?]
	at org.apache.hadoop.ozone.protocolPB.OzoneManagerRequestHandler.getOzoneFileStatus(OzoneManagerRequestHandler.java:950) ~[ozone-manager-1.4.0-SNAPSHOT.jar:?]
	at org.apache.hadoop.ozone.protocolPB.OzoneManagerRequestHandler.handleReadRequest(OzoneManagerRequestHandler.java:245) ~[ozone-manager-1.4.0-SNAPSHOT.jar:?]
	at org.apache.hadoop.ozone.protocolPB.OzoneManagerProtocolServerSideTranslatorPB.submitRequestDirectlyToOM(OzoneManagerProtocolServerSideTranslatorPB.java:272) ~[ozone-manager-1.4.0-SNAPSHOT.jar:?]
	at org.apache.hadoop.ozone.protocolPB.OzoneManagerProtocolServerSideTranslatorPB.processRequest(OzoneManagerProtocolServerSideTranslatorPB.java:173) ~[ozone-manager-1.4.0-SNAPSHOT.jar:?]
	at org.apache.hadoop.hdds.server.OzoneProtocolMessageDispatcher.processRequest(OzoneProtocolMessageDispatcher.java:87) [hdds-server-framework-1.4.0-SNAPSHOT.jar:?]
	at org.apache.hadoop.ozone.protocolPB.OzoneManagerProtocolServerSideTranslatorPB.submitRequest(OzoneManagerProtocolServerSideTranslatorPB.java:147) [ozone-manager-1.4.0-SNAPSHOT.jar:?]
	at org.apache.hadoop.ozone.protocol.proto.OzoneManagerProtocolProtos$OzoneManagerService$2.callBlockingMethod(OzoneManagerProtocolProtos.java) [ozone-interface-client-1.4.0-SNAPSHOT.jar:?]
	at org.apache.hadoop.ipc.ProtobufRpcEngine$Server.processCall(ProtobufRpcEngine.java:484) [hadoop-common-3.3.5.jar:?]
	at org.apache.hadoop.ipc.ProtobufRpcEngine2$Server$ProtoBufRpcInvoker.call(ProtobufRpcEngine2.java:595) [hadoop-common-3.3.5.jar:?]
	at org.apache.hadoop.ipc.ProtobufRpcEngine2$Server$ProtoBufRpcInvoker.call(ProtobufRpcEngine2.java:573) [hadoop-common-3.3.5.jar:?]
	at org.apache.hadoop.ipc.RPC$Server.call(RPC.java:1213) [hadoop-common-3.3.5.jar:?]
	at org.apache.hadoop.ipc.Server$RpcCall.run(Server.java:1089) [hadoop-common-3.3.5.jar:?]
	at org.apache.hadoop.ipc.Server$RpcCall.run(Server.java:1012) [hadoop-common-3.3.5.jar:?]
	at java.security.AccessController.doPrivileged(Native Method) ~[?:1.8.0_372]
	at javax.security.auth.Subject.doAs(Subject.java:422) [?:1.8.0_372]
	at org.apache.hadoop.security.UserGroupInformation.doAs(UserGroupInformation.java:1899) [hadoop-common-3.3.5.jar:?]
	at org.apache.hadoop.ipc.Server$Handler.run(Server.java:3026) [hadoop-common-3.3.5.jar:?]
13:18:45.851 [IPC Server handler 9 on default port 15057] ERROR OMAudit - user=runner | ip=127.0.0.1 | op=GET_FILE_STATUS {volume=volume99849, bucket=bucket84280, key=testBatchDelete/parent/childFolder/child6, dataSize=0, replicationConfig=null} | ret=FAILURE
org.apache.hadoop.ozone.om.exceptions.OMException: Unable to get file status: volume: volume99849 bucket: bucket84280 key: testBatchDelete/parent/childFolder/child6
	at org.apache.hadoop.ozone.om.KeyManagerImpl.getOzoneFileStatusFSO(KeyManagerImpl.java:1310) ~[ozone-manager-1.4.0-SNAPSHOT.jar:?]
	at org.apache.hadoop.ozone.om.KeyManagerImpl.getFileStatus(KeyManagerImpl.java:1102) ~[ozone-manager-1.4.0-SNAPSHOT.jar:?]
	at org.apache.hadoop.ozone.om.OmMetadataReader.getFileStatus(OmMetadataReader.java:286) ~[ozone-manager-1.4.0-SNAPSHOT.jar:?]
	at org.apache.hadoop.ozone.om.OzoneManager.getFileStatus(OzoneManager.java:3499) ~[ozone-manager-1.4.0-SNAPSHOT.jar:?]
	at org.apache.hadoop.ozone.protocolPB.OzoneManagerRequestHandler.getOzoneFileStatus(OzoneManagerRequestHandler.java:950) ~[ozone-manager-1.4.0-SNAPSHOT.jar:?]
	at org.apache.hadoop.ozone.protocolPB.OzoneManagerRequestHandler.handleReadRequest(OzoneManagerRequestHandler.java:245) ~[ozone-manager-1.4.0-SNAPSHOT.jar:?]
	at org.apache.hadoop.ozone.protocolPB.OzoneManagerProtocolServerSideTranslatorPB.submitRequestDirectlyToOM(OzoneManagerProtocolServerSideTranslatorPB.java:272) ~[ozone-manager-1.4.0-SNAPSHOT.jar:?]
	at org.apache.hadoop.ozone.protocolPB.OzoneManagerProtocolServerSideTranslatorPB.processRequest(OzoneManagerProtocolServerSideTranslatorPB.java:173) ~[ozone-manager-1.4.0-SNAPSHOT.jar:?]
	at org.apache.hadoop.hdds.server.OzoneProtocolMessageDispatcher.processRequest(OzoneProtocolMessageDispatcher.java:87) [hdds-server-framework-1.4.0-SNAPSHOT.jar:?]
	at org.apache.hadoop.ozone.protocolPB.OzoneManagerProtocolServerSideTranslatorPB.submitRequest(OzoneManagerProtocolServerSideTranslatorPB.java:147) [ozone-manager-1.4.0-SNAPSHOT.jar:?]
	at org.apache.hadoop.ozone.protocol.proto.OzoneManagerProtocolProtos$OzoneManagerService$2.callBlockingMethod(OzoneManagerProtocolProtos.java) [ozone-interface-client-1.4.0-SNAPSHOT.jar:?]
	at org.apache.hadoop.ipc.ProtobufRpcEngine$Server.processCall(ProtobufRpcEngine.java:484) [hadoop-common-3.3.5.jar:?]
	at org.apache.hadoop.ipc.ProtobufRpcEngine2$Server$ProtoBufRpcInvoker.call(ProtobufRpcEngine2.java:595) [hadoop-common-3.3.5.jar:?]
	at org.apache.hadoop.ipc.ProtobufRpcEngine2$Server$ProtoBufRpcInvoker.call(ProtobufRpcEngine2.java:573) [hadoop-common-3.3.5.jar:?]
	at org.apache.hadoop.ipc.RPC$Server.call(RPC.java:1213) [hadoop-common-3.3.5.jar:?]
	at org.apache.hadoop.ipc.Server$RpcCall.run(Server.java:1089) [hadoop-common-3.3.5.jar:?]
	at org.apache.hadoop.ipc.Server$RpcCall.run(Server.java:1012) [hadoop-common-3.3.5.jar:?]
	at java.security.AccessController.doPrivileged(Native Method) ~[?:1.8.0_372]
	at javax.security.auth.Subject.doAs(Subject.java:422) [?:1.8.0_372]
	at org.apache.hadoop.security.UserGroupInformation.doAs(UserGroupInformation.java:1899) [hadoop-common-3.3.5.jar:?]
	at org.apache.hadoop.ipc.Server$Handler.run(Server.java:3026) [hadoop-common-3.3.5.jar:?]
13:18:45.853 [IPC Server handler 11 on default port 15057] ERROR OMAudit - user=runner | ip=127.0.0.1 | op=GET_FILE_STATUS {volume=volume99849, bucket=bucket84280, key=testBatchDelete/parent/child7, dataSize=0, replicationConfig=null} | ret=FAILURE
org.apache.hadoop.ozone.om.exceptions.OMException: Unable to get file status: volume: volume99849 bucket: bucket84280 key: testBatchDelete/parent/child7
	at org.apache.hadoop.ozone.om.KeyManagerImpl.getOzoneFileStatusFSO(KeyManagerImpl.java:1310) ~[ozone-manager-1.4.0-SNAPSHOT.jar:?]
	at org.apache.hadoop.ozone.om.KeyManagerImpl.getFileStatus(KeyManagerImpl.java:1102) ~[ozone-manager-1.4.0-SNAPSHOT.jar:?]
	at org.apache.hadoop.ozone.om.OmMetadataReader.getFileStatus(OmMetadataReader.java:286) ~[ozone-manager-1.4.0-SNAPSHOT.jar:?]
	at org.apache.hadoop.ozone.om.OzoneManager.getFileStatus(OzoneManager.java:3499) ~[ozone-manager-1.4.0-SNAPSHOT.jar:?]
	at org.apache.hadoop.ozone.protocolPB.OzoneManagerRequestHandler.getOzoneFileStatus(OzoneManagerRequestHandler.java:950) ~[ozone-manager-1.4.0-SNAPSHOT.jar:?]
	at org.apache.hadoop.ozone.protocolPB.OzoneManagerRequestHandler.handleReadRequest(OzoneManagerRequestHandler.java:245) ~[ozone-manager-1.4.0-SNAPSHOT.jar:?]
	at org.apache.hadoop.ozone.protocolPB.OzoneManagerProtocolServerSideTranslatorPB.submitRequestDirectlyToOM(OzoneManagerProtocolServerSideTranslatorPB.java:272) ~[ozone-manager-1.4.0-SNAPSHOT.jar:?]
	at org.apache.hadoop.ozone.protocolPB.OzoneManagerProtocolServerSideTranslatorPB.processRequest(OzoneManagerProtocolServerSideTranslatorPB.java:173) ~[ozone-manager-1.4.0-SNAPSHOT.jar:?]
	at org.apache.hadoop.hdds.server.OzoneProtocolMessageDispatcher.processRequest(OzoneProtocolMessageDispatcher.java:87) [hdds-server-framework-1.4.0-SNAPSHOT.jar:?]
	at org.apache.hadoop.ozone.protocolPB.OzoneManagerProtocolServerSideTranslatorPB.submitRequest(OzoneManagerProtocolServerSideTranslatorPB.java:147) [ozone-manager-1.4.0-SNAPSHOT.jar:?]
	at org.apache.hadoop.ozone.protocol.proto.OzoneManagerProtocolProtos$OzoneManagerService$2.callBlockingMethod(OzoneManagerProtocolProtos.java) [ozone-interface-client-1.4.0-SNAPSHOT.jar:?]
	at org.apache.hadoop.ipc.ProtobufRpcEngine$Server.processCall(ProtobufRpcEngine.java:484) [hadoop-common-3.3.5.jar:?]
	at org.apache.hadoop.ipc.ProtobufRpcEngine2$Server$ProtoBufRpcInvoker.call(ProtobufRpcEngine2.java:595) [hadoop-common-3.3.5.jar:?]
	at org.apache.hadoop.ipc.ProtobufRpcEngine2$Server$ProtoBufRpcInvoker.call(ProtobufRpcEngine2.java:573) [hadoop-common-3.3.5.jar:?]
	at org.apache.hadoop.ipc.RPC$Server.call(RPC.java:1213) [hadoop-common-3.3.5.jar:?]
	at org.apache.hadoop.ipc.Server$RpcCall.run(Server.java:1089) [hadoop-common-3.3.5.jar:?]
	at org.apache.hadoop.ipc.Server$RpcCall.run(Server.java:1012) [hadoop-common-3.3.5.jar:?]
	at java.security.AccessController.doPrivileged(Native Method) ~[?:1.8.0_372]
	at javax.security.auth.Subject.doAs(Subject.java:422) [?:1.8.0_372]
	at org.apache.hadoop.security.UserGroupInformation.doAs(UserGroupInformation.java:1899) [hadoop-common-3.3.5.jar:?]
	at org.apache.hadoop.ipc.Server$Handler.run(Server.java:3026) [hadoop-common-3.3.5.jar:?]
13:18:45.854 [IPC Server handler 15 on default port 15057] ERROR OMAudit - user=runner | ip=127.0.0.1 | op=GET_FILE_STATUS {volume=volume99849, bucket=bucket84280, key=testBatchDelete/parent/childFolder/child7, dataSize=0, replicationConfig=null} | ret=FAILURE
org.apache.hadoop.ozone.om.exceptions.OMException: Unable to get file status: volume: volume99849 bucket: bucket84280 key: testBatchDelete/parent/childFolder/child7
	at org.apache.hadoop.ozone.om.KeyManagerImpl.getOzoneFileStatusFSO(KeyManagerImpl.java:1310) ~[ozone-manager-1.4.0-SNAPSHOT.jar:?]
	at org.apache.hadoop.ozone.om.KeyManagerImpl.getFileStatus(KeyManagerImpl.java:1102) ~[ozone-manager-1.4.0-SNAPSHOT.jar:?]
	at org.apache.hadoop.ozone.om.OmMetadataReader.getFileStatus(OmMetadataReader.java:286) ~[ozone-manager-1.4.0-SNAPSHOT.jar:?]
	at org.apache.hadoop.ozone.om.OzoneManager.getFileStatus(OzoneManager.java:3499) ~[ozone-manager-1.4.0-SNAPSHOT.jar:?]
	at org.apache.hadoop.ozone.protocolPB.OzoneManagerRequestHandler.getOzoneFileStatus(OzoneManagerRequestHandler.java:950) ~[ozone-manager-1.4.0-SNAPSHOT.jar:?]
	at org.apache.hadoop.ozone.protocolPB.OzoneManagerRequestHandler.handleReadRequest(OzoneManagerRequestHandler.java:245) ~[ozone-manager-1.4.0-SNAPSHOT.jar:?]
	at org.apache.hadoop.ozone.protocolPB.OzoneManagerProtocolServerSideTranslatorPB.submitRequestDirectlyToOM(OzoneManagerProtocolServerSideTranslatorPB.java:272) ~[ozone-manager-1.4.0-SNAPSHOT.jar:?]
	at org.apache.hadoop.ozone.protocolPB.OzoneManagerProtocolServerSideTranslatorPB.processRequest(OzoneManagerProtocolServerSideTranslatorPB.java:173) ~[ozone-manager-1.4.0-SNAPSHOT.jar:?]
	at org.apache.hadoop.hdds.server.OzoneProtocolMessageDispatcher.processRequest(OzoneProtocolMessageDispatcher.java:87) [hdds-server-framework-1.4.0-SNAPSHOT.jar:?]
	at org.apache.hadoop.ozone.protocolPB.OzoneManagerProtocolServerSideTranslatorPB.submitRequest(OzoneManagerProtocolServerSideTranslatorPB.java:147) [ozone-manager-1.4.0-SNAPSHOT.jar:?]
	at org.apache.hadoop.ozone.protocol.proto.OzoneManagerProtocolProtos$OzoneManagerService$2.callBlockingMethod(OzoneManagerProtocolProtos.java) [ozone-interface-client-1.4.0-SNAPSHOT.jar:?]
	at org.apache.hadoop.ipc.ProtobufRpcEngine$Server.processCall(ProtobufRpcEngine.java:484) [hadoop-common-3.3.5.jar:?]
	at org.apache.hadoop.ipc.ProtobufRpcEngine2$Server$ProtoBufRpcInvoker.call(ProtobufRpcEngine2.java:595) [hadoop-common-3.3.5.jar:?]
	at org.apache.hadoop.ipc.ProtobufRpcEngine2$Server$ProtoBufRpcInvoker.call(ProtobufRpcEngine2.java:573) [hadoop-common-3.3.5.jar:?]
	at org.apache.hadoop.ipc.RPC$Server.call(RPC.java:1213) [hadoop-common-3.3.5.jar:?]
	at org.apache.hadoop.ipc.Server$RpcCall.run(Server.java:1089) [hadoop-common-3.3.5.jar:?]
	at org.apache.hadoop.ipc.Server$RpcCall.run(Server.java:1012) [hadoop-common-3.3.5.jar:?]
	at java.security.AccessController.doPrivileged(Native Method) ~[?:1.8.0_372]
	at javax.security.auth.Subject.doAs(Subject.java:422) [?:1.8.0_372]
	at org.apache.hadoop.security.UserGroupInformation.doAs(UserGroupInformation.java:1899) [hadoop-common-3.3.5.jar:?]
	at org.apache.hadoop.ipc.Server$Handler.run(Server.java:3026) [hadoop-common-3.3.5.jar:?]
13:18:45.854 [IPC Server handler 14 on default port 15057] ERROR OMAudit - user=runner | ip=127.0.0.1 | op=GET_FILE_STATUS {volume=volume99849, bucket=bucket84280, key=testBatchDelete/parent, dataSize=0, replicationConfig=null} | ret=FAILURE
org.apache.hadoop.ozone.om.exceptions.OMException: Unable to get file status: volume: volume99849 bucket: bucket84280 key: testBatchDelete/parent
	at org.apache.hadoop.ozone.om.KeyManagerImpl.getOzoneFileStatusFSO(KeyManagerImpl.java:1310) ~[ozone-manager-1.4.0-SNAPSHOT.jar:?]
	at org.apache.hadoop.ozone.om.KeyManagerImpl.getFileStatus(KeyManagerImpl.java:1102) ~[ozone-manager-1.4.0-SNAPSHOT.jar:?]
	at org.apache.hadoop.ozone.om.OmMetadataReader.getFileStatus(OmMetadataReader.java:286) ~[ozone-manager-1.4.0-SNAPSHOT.jar:?]
	at org.apache.hadoop.ozone.om.OzoneManager.getFileStatus(OzoneManager.java:3499) ~[ozone-manager-1.4.0-SNAPSHOT.jar:?]
	at org.apache.hadoop.ozone.protocolPB.OzoneManagerRequestHandler.getOzoneFileStatus(OzoneManagerRequestHandler.java:950) ~[ozone-manager-1.4.0-SNAPSHOT.jar:?]
	at org.apache.hadoop.ozone.protocolPB.OzoneManagerRequestHandler.handleReadRequest(OzoneManagerRequestHandler.java:245) ~[ozone-manager-1.4.0-SNAPSHOT.jar:?]
	at org.apache.hadoop.ozone.protocolPB.OzoneManagerProtocolServerSideTranslatorPB.submitRequestDirectlyToOM(OzoneManagerProtocolServerSideTranslatorPB.java:272) ~[ozone-manager-1.4.0-SNAPSHOT.jar:?]
	at org.apache.hadoop.ozone.protocolPB.OzoneManagerProtocolServerSideTranslatorPB.processRequest(OzoneManagerProtocolServerSideTranslatorPB.java:173) ~[ozone-manager-1.4.0-SNAPSHOT.jar:?]
	at org.apache.hadoop.hdds.server.OzoneProtocolMessageDispatcher.processRequest(OzoneProtocolMessageDispatcher.java:87) [hdds-server-framework-1.4.0-SNAPSHOT.jar:?]
	at org.apache.hadoop.ozone.protocolPB.OzoneManagerProtocolServerSideTranslatorPB.submitRequest(OzoneManagerProtocolServerSideTranslatorPB.java:147) [ozone-manager-1.4.0-SNAPSHOT.jar:?]
	at org.apache.hadoop.ozone.protocol.proto.OzoneManagerProtocolProtos$OzoneManagerService$2.callBlockingMethod(OzoneManagerProtocolProtos.java) [ozone-interface-client-1.4.0-SNAPSHOT.jar:?]
	at org.apache.hadoop.ipc.ProtobufRpcEngine$Server.processCall(ProtobufRpcEngine.java:484) [hadoop-common-3.3.5.jar:?]
	at org.apache.hadoop.ipc.ProtobufRpcEngine2$Server$ProtoBufRpcInvoker.call(ProtobufRpcEngine2.java:595) [hadoop-common-3.3.5.jar:?]
	at org.apache.hadoop.ipc.ProtobufRpcEngine2$Server$ProtoBufRpcInvoker.call(ProtobufRpcEngine2.java:573) [hadoop-common-3.3.5.jar:?]
	at org.apache.hadoop.ipc.RPC$Server.call(RPC.java:1213) [hadoop-common-3.3.5.jar:?]
	at org.apache.hadoop.ipc.Server$RpcCall.run(Server.java:1089) [hadoop-common-3.3.5.jar:?]
	at org.apache.hadoop.ipc.Server$RpcCall.run(Server.java:1012) [hadoop-common-3.3.5.jar:?]
	at java.security.AccessController.doPrivileged(Native Method) ~[?:1.8.0_372]
	at javax.security.auth.Subject.doAs(Subject.java:422) [?:1.8.0_372]
	at org.apache.hadoop.security.UserGroupInformation.doAs(UserGroupInformation.java:1899) [hadoop-common-3.3.5.jar:?]
	at org.apache.hadoop.ipc.Server$Handler.run(Server.java:3026) [hadoop-common-3.3.5.jar:?]
2023-06-22 13:18:45,855 [Time-limited test] WARN  ozone.BasicRootedOzoneFileSystem (BasicRootedOzoneFileSystem.java:delete(681)) - delete: Path does not exist: /volume99849/bucket84280/testBatchDelete/parent
]]></system-out>
  </testcase>
  <testcase name="testListStatusIteratorOnPageSize" classname="TestRootedOzoneFileSystemWithFSO" time="30.496">
    <system-out><![CDATA[2023-06-22 13:17:33,101 [Time-limited test] INFO  rpc.RpcClient (RpcClient.java:createVolume(459)) - Creating Volume: volume13568, with user56849 as owner and space quota set to -1 bytes, counts quota set to -1
2023-06-22 13:17:33,103 [OM StateMachine ApplyTransaction Thread - 0] INFO  volume.OMVolumeCreateRequest (OMVolumeCreateRequest.java:validateAndUpdateCache(196)) - created volume:volume13568 for user:user56849
2023-06-22 13:17:33,104 [Time-limited test] INFO  rpc.RpcClient (RpcClient.java:createBucket(686)) - Creating Bucket: volume13568/bucket65501, with bucket layout FILE_SYSTEM_OPTIMIZED, runner as owner, Versioning false, Storage Type set to DISK and Encryption set to false, Replication Type set to server-side default replication type, Namespace Quota set to -1, Space Quota set to -1 
2023-06-22 13:17:33,106 [OM StateMachine ApplyTransaction Thread - 0] INFO  bucket.OMBucketCreateRequest (OMBucketCreateRequest.java:validateAndUpdateCache(270)) - created bucket: bucket65501 of layout FILE_SYSTEM_OPTIMIZED in volume: volume13568
2023-06-22 13:17:52,970 [SstFilteringService#0] WARN  server.ServerUtils (ServerUtils.java:getDBPath(311)) - ozone.om.db.dirs is not configured. We recommend adding this setting. Falling back to ozone.metadata.dirs instead.
2023-06-22 13:17:52,970 [SstFilteringService#0] INFO  helpers.OmKeyInfo (OmKeyInfo.java:getCodec(71)) - OmKeyInfo.getCodec ignorePipeline = true
2023-06-22 13:17:53,045 [om1-client-thread1] INFO  segmented.SegmentedRaftLogWorker (SegmentedRaftLogWorker.java:rollLogSegment(452)) - om1@group-C5BA1605619E-SegmentedRaftLogWorker: Rolling segment log-0_25695 to index:25695
2023-06-22 13:17:53,047 [om1@group-C5BA1605619E-SegmentedRaftLogWorker] INFO  segmented.SegmentedRaftLogWorker (SegmentedRaftLogWorker.java:execute(608)) - om1@group-C5BA1605619E-SegmentedRaftLogWorker: Rolled log segment from /home/runner/work/ozone/ozone/hadoop-ozone/integration-test/target/test-dir/MiniOzoneClusterImpl-0c9ac019-7194-482d-81d1-9ca5b99c70d1/ozone-meta/ratis/bf265839-605b-3f16-9796-c5ba1605619e/current/log_inprogress_0 to /home/runner/work/ozone/ozone/hadoop-ozone/integration-test/target/test-dir/MiniOzoneClusterImpl-0c9ac019-7194-482d-81d1-9ca5b99c70d1/ozone-meta/ratis/bf265839-605b-3f16-9796-c5ba1605619e/current/log_0-25695
2023-06-22 13:17:53,055 [om1@group-C5BA1605619E-SegmentedRaftLogWorker] INFO  segmented.SegmentedRaftLogWorker (SegmentedRaftLogWorker.java:execute(651)) - om1@group-C5BA1605619E-SegmentedRaftLogWorker: created new log segment /home/runner/work/ozone/ozone/hadoop-ozone/integration-test/target/test-dir/MiniOzoneClusterImpl-0c9ac019-7194-482d-81d1-9ca5b99c70d1/ozone-meta/ratis/bf265839-605b-3f16-9796-c5ba1605619e/current/log_inprogress_25696
2023-06-22 13:17:53,143 [SnapshotDeletingService#0] INFO  utils.BackgroundService (AbstractKeyDeletingService.java:optimizeDirDeletesAndSubmitRequest(429)) - Number of dirs deleted: 30, Number of sub-dir deleted: 22, Number of sub-files moved: 1217 to DeletedTable, Number of sub-dirs moved 0 to DeletedDirectoryTable, iteration elapsed: 164ms, totalRunCount: 2
2023-06-22 13:17:53,196 [SstFilteringService#0] WARN  server.ServerUtils (ServerUtils.java:getDBPath(311)) - ozone.om.db.dirs is not configured. We recommend adding this setting. Falling back to ozone.metadata.dirs instead.
2023-06-22 13:17:53,197 [SstFilteringService#0] INFO  helpers.OmKeyInfo (OmKeyInfo.java:getCodec(71)) - OmKeyInfo.getCodec ignorePipeline = true
2023-06-22 13:17:53,206 [IPC Server handler 2 on default port 15001] INFO  ha.SequenceIdGenerator (SequenceIdGenerator.java:getNextId(128)) - Allocate a batch for delTxnId, change lastId from 0 to 1000.
2023-06-22 13:17:53,314 [OM StateMachine ApplyTransaction Thread - 0] INFO  upgrade.AbstractLayoutVersionManager (AbstractLayoutVersionManager.java:init(83)) - Initializing Layout version manager with metadata layout = QUOTA (version = 6), software layout = QUOTA (version = 6)
2023-06-22 13:17:56,008 [BlockDeletingService#0] INFO  interfaces.ContainerDeletionChoosingPolicyTemplate (ContainerDeletionChoosingPolicyTemplate.java:chooseContainerForBlockDeletion(83)) - Chosen 0/5000 blocks from 0 candidate containers.
2023-06-22 13:17:56,023 [KeyDeletingService#0] INFO  utils.BackgroundService (AbstractKeyDeletingService.java:optimizeDirDeletesAndSubmitRequest(429)) - Number of dirs deleted: 4235, Number of sub-dir deleted: 25, Number of sub-files moved: 1233 to DeletedTable, Number of sub-dirs moved 0 to DeletedDirectoryTable, iteration elapsed: 3059ms, totalRunCount: 1
2023-06-22 13:17:56,476 [BlockDeletingService#0] INFO  interfaces.ContainerDeletionChoosingPolicyTemplate (ContainerDeletionChoosingPolicyTemplate.java:chooseContainerForBlockDeletion(83)) - Chosen 0/5000 blocks from 0 candidate containers.
2023-06-22 13:17:56,810 [BlockDeletingService#0] INFO  interfaces.ContainerDeletionChoosingPolicyTemplate (ContainerDeletionChoosingPolicyTemplate.java:chooseContainerForBlockDeletion(83)) - Chosen 0/5000 blocks from 0 candidate containers.
2023-06-22 13:17:57,149 [BlockDeletingService#0] INFO  interfaces.ContainerDeletionChoosingPolicyTemplate (ContainerDeletionChoosingPolicyTemplate.java:chooseContainerForBlockDeletion(83)) - Chosen 0/5000 blocks from 0 candidate containers.
2023-06-22 13:17:57,462 [BlockDeletingService#0] INFO  interfaces.ContainerDeletionChoosingPolicyTemplate (ContainerDeletionChoosingPolicyTemplate.java:chooseContainerForBlockDeletion(83)) - Chosen 0/5000 blocks from 0 candidate containers.
]]></system-out>
  </testcase>
  <testcase name="testListStatusIteratorOnPageSize" classname="TestRootedOzoneFileSystemWithFSO" time="18.644">
    <system-out><![CDATA[2023-06-22 13:18:45,870 [Time-limited test] INFO  rpc.RpcClient (RpcClient.java:createVolume(459)) - Creating Volume: volume99496, with user16588 as owner and space quota set to -1 bytes, counts quota set to -1
2023-06-22 13:18:45,871 [IPC Server handler 15 on default port 15057] INFO  volume.OMVolumeCreateRequest (OMVolumeCreateRequest.java:validateAndUpdateCache(196)) - created volume:volume99496 for user:user16588
2023-06-22 13:18:45,871 [Time-limited test] INFO  rpc.RpcClient (RpcClient.java:createBucket(686)) - Creating Bucket: volume99496/bucket38894, with bucket layout FILE_SYSTEM_OPTIMIZED, runner as owner, Versioning false, Storage Type set to DISK and Encryption set to false, Replication Type set to server-side default replication type, Namespace Quota set to -1, Space Quota set to -1 
2023-06-22 13:18:45,872 [IPC Server handler 14 on default port 15057] INFO  bucket.OMBucketCreateRequest (OMBucketCreateRequest.java:validateAndUpdateCache(270)) - created bucket: bucket38894 of layout FILE_SYSTEM_OPTIMIZED in volume: volume99496
2023-06-22 13:18:46,248 [IPC Server handler 2 on default port 15054] INFO  ha.SequenceIdGenerator (SequenceIdGenerator.java:getNextId(128)) - Allocate a batch for delTxnId, change lastId from 0 to 1000.
2023-06-22 13:18:46,249 [SnapshotDeletingService#0] INFO  upgrade.AbstractLayoutVersionManager (AbstractLayoutVersionManager.java:init(83)) - Initializing Layout version manager with metadata layout = QUOTA (version = 6), software layout = QUOTA (version = 6)
2023-06-22 13:19:04,502 [Trash Emptier] ERROR file.OMFileRequest (OMFileRequest.java:validateBucket(1054)) - bucket not found: volume99496/bucket38894 
2023-06-22 13:19:04,502 [Trash Emptier] ERROR om.TrashOzoneFileSystem (TrashOzoneFileSystem.java:getTrashRoots(327)) - Couldn't perform fs operation fs.listStatus()/fs.exists()
BUCKET_NOT_FOUND org.apache.hadoop.ozone.om.exceptions.OMException: Bucket not found
	at org.apache.hadoop.ozone.om.request.file.OMFileRequest.validateBucket(OMFileRequest.java:1055)
	at org.apache.hadoop.ozone.om.request.file.OMFileRequest.getOMKeyInfoIfExists(OMFileRequest.java:635)
	at org.apache.hadoop.ozone.om.KeyManagerImpl.getOzoneFileStatusFSO(KeyManagerImpl.java:1266)
	at org.apache.hadoop.ozone.om.KeyManagerImpl.getFileStatus(KeyManagerImpl.java:1102)
	at org.apache.hadoop.ozone.om.KeyManagerImpl.getFileStatus(KeyManagerImpl.java:1079)
	at org.apache.hadoop.ozone.om.TrashOzoneFileSystem.getFileStatus(TrashOzoneFileSystem.java:282)
	at org.apache.hadoop.ozone.om.TrashOzoneFileSystem.exists(TrashOzoneFileSystem.java:338)
	at org.apache.hadoop.ozone.om.TrashOzoneFileSystem.getTrashRoots(TrashOzoneFileSystem.java:318)
	at org.apache.hadoop.ozone.om.TrashPolicyOzone$Emptier.run(TrashPolicyOzone.java:313)
	at java.lang.Thread.run(Thread.java:750)
]]></system-out>
  </testcase>
  <testcase name="testMkdirOnNonExistentVolumeBucketDir" classname="TestRootedOzoneFileSystemWithFSO" time="0">
    <skipped type="org.junit.AssumptionViolatedException"><![CDATA[org.junit.AssumptionViolatedException: FS Path is enabled. Skipping this test as it is not tuned for FS Path yet
	at org.junit.Assume.assumeTrue(Assume.java:68)
	at org.apache.hadoop.fs.ozone.TestRootedOzoneFileSystem.testMkdirOnNonExistentVolumeBucketDir(TestRootedOzoneFileSystem.java:704)
	at sun.reflect.NativeMethodAccessorImpl.invoke0(Native Method)
	at sun.reflect.NativeMethodAccessorImpl.invoke(NativeMethodAccessorImpl.java:62)
	at sun.reflect.DelegatingMethodAccessorImpl.invoke(DelegatingMethodAccessorImpl.java:43)
	at java.lang.reflect.Method.invoke(Method.java:498)
	at org.junit.runners.model.FrameworkMethod$1.runReflectiveCall(FrameworkMethod.java:59)
	at org.junit.internal.runners.model.ReflectiveCallable.run(ReflectiveCallable.java:12)
	at org.junit.runners.model.FrameworkMethod.invokeExplosively(FrameworkMethod.java:56)
	at org.junit.internal.runners.statements.InvokeMethod.evaluate(InvokeMethod.java:17)
	at org.junit.internal.runners.statements.RunBefores.evaluate(RunBefores.java:26)
	at org.junit.internal.runners.statements.RunAfters.evaluate(RunAfters.java:27)
	at org.junit.internal.runners.statements.FailOnTimeout$CallableStatement.call(FailOnTimeout.java:288)
	at org.junit.internal.runners.statements.FailOnTimeout$CallableStatement.call(FailOnTimeout.java:282)
	at java.util.concurrent.FutureTask.run(FutureTask.java:266)
	at java.lang.Thread.run(Thread.java:750)
]]></skipped>
    <system-out><![CDATA[2023-06-22 13:18:03,591 [Time-limited test] INFO  rpc.RpcClient (RpcClient.java:createVolume(459)) - Creating Volume: volume82733, with user01539 as owner and space quota set to -1 bytes, counts quota set to -1
2023-06-22 13:18:03,596 [OM StateMachine ApplyTransaction Thread - 0] INFO  volume.OMVolumeCreateRequest (OMVolumeCreateRequest.java:validateAndUpdateCache(196)) - created volume:volume82733 for user:user01539
2023-06-22 13:18:03,597 [Time-limited test] INFO  rpc.RpcClient (RpcClient.java:createBucket(686)) - Creating Bucket: volume82733/bucket77002, with bucket layout FILE_SYSTEM_OPTIMIZED, runner as owner, Versioning false, Storage Type set to DISK and Encryption set to false, Replication Type set to server-side default replication type, Namespace Quota set to -1, Space Quota set to -1 
2023-06-22 13:18:03,598 [OM StateMachine ApplyTransaction Thread - 0] INFO  bucket.OMBucketCreateRequest (OMBucketCreateRequest.java:validateAndUpdateCache(270)) - created bucket: bucket77002 of layout FILE_SYSTEM_OPTIMIZED in volume: volume82733
]]></system-out>
  </testcase>
  <testcase name="testMkdirOnNonExistentVolumeBucketDir" classname="TestRootedOzoneFileSystemWithFSO" time="0">
    <skipped type="org.junit.AssumptionViolatedException"><![CDATA[org.junit.AssumptionViolatedException: FS Path is enabled. Skipping this test as it is not tuned for FS Path yet
	at org.junit.Assume.assumeTrue(Assume.java:68)
	at org.apache.hadoop.fs.ozone.TestRootedOzoneFileSystem.testMkdirOnNonExistentVolumeBucketDir(TestRootedOzoneFileSystem.java:704)
	at sun.reflect.NativeMethodAccessorImpl.invoke0(Native Method)
	at sun.reflect.NativeMethodAccessorImpl.invoke(NativeMethodAccessorImpl.java:62)
	at sun.reflect.DelegatingMethodAccessorImpl.invoke(DelegatingMethodAccessorImpl.java:43)
	at java.lang.reflect.Method.invoke(Method.java:498)
	at org.junit.runners.model.FrameworkMethod$1.runReflectiveCall(FrameworkMethod.java:59)
	at org.junit.internal.runners.model.ReflectiveCallable.run(ReflectiveCallable.java:12)
	at org.junit.runners.model.FrameworkMethod.invokeExplosively(FrameworkMethod.java:56)
	at org.junit.internal.runners.statements.InvokeMethod.evaluate(InvokeMethod.java:17)
	at org.junit.internal.runners.statements.RunBefores.evaluate(RunBefores.java:26)
	at org.junit.internal.runners.statements.RunAfters.evaluate(RunAfters.java:27)
	at org.junit.internal.runners.statements.FailOnTimeout$CallableStatement.call(FailOnTimeout.java:288)
	at org.junit.internal.runners.statements.FailOnTimeout$CallableStatement.call(FailOnTimeout.java:282)
	at java.util.concurrent.FutureTask.run(FutureTask.java:266)
	at java.lang.Thread.run(Thread.java:750)
]]></skipped>
    <system-out><![CDATA[2023-06-22 13:19:04,514 [Time-limited test] INFO  rpc.RpcClient (RpcClient.java:createVolume(459)) - Creating Volume: volume27121, with user02775 as owner and space quota set to -1 bytes, counts quota set to -1
2023-06-22 13:19:04,521 [IPC Server handler 12 on default port 15057] INFO  volume.OMVolumeCreateRequest (OMVolumeCreateRequest.java:validateAndUpdateCache(196)) - created volume:volume27121 for user:user02775
2023-06-22 13:19:04,523 [Time-limited test] INFO  rpc.RpcClient (RpcClient.java:createBucket(686)) - Creating Bucket: volume27121/bucket92438, with bucket layout FILE_SYSTEM_OPTIMIZED, runner as owner, Versioning false, Storage Type set to DISK and Encryption set to false, Replication Type set to server-side default replication type, Namespace Quota set to -1, Space Quota set to -1 
2023-06-22 13:19:04,523 [IPC Server handler 13 on default port 15057] INFO  bucket.OMBucketCreateRequest (OMBucketCreateRequest.java:validateAndUpdateCache(270)) - created bucket: bucket92438 of layout FILE_SYSTEM_OPTIMIZED in volume: volume27121
]]></system-out>
  </testcase>
  <testcase name="testListStatusIteratorInBucket" classname="TestRootedOzoneFileSystemWithFSO" time="0.058">
    <system-out><![CDATA[2023-06-22 13:18:03,642 [Time-limited test] INFO  rpc.RpcClient (RpcClient.java:createVolume(459)) - Creating Volume: volume82459, with user97883 as owner and space quota set to -1 bytes, counts quota set to -1
2023-06-22 13:18:03,644 [OM StateMachine ApplyTransaction Thread - 0] INFO  volume.OMVolumeCreateRequest (OMVolumeCreateRequest.java:validateAndUpdateCache(196)) - created volume:volume82459 for user:user97883
2023-06-22 13:18:03,645 [Time-limited test] INFO  rpc.RpcClient (RpcClient.java:createBucket(686)) - Creating Bucket: volume82459/bucket06173, with bucket layout FILE_SYSTEM_OPTIMIZED, runner as owner, Versioning false, Storage Type set to DISK and Encryption set to false, Replication Type set to server-side default replication type, Namespace Quota set to -1, Space Quota set to -1 
2023-06-22 13:18:03,646 [OM StateMachine ApplyTransaction Thread - 0] INFO  bucket.OMBucketCreateRequest (OMBucketCreateRequest.java:validateAndUpdateCache(270)) - created bucket: bucket06173 of layout FILE_SYSTEM_OPTIMIZED in volume: volume82459
]]></system-out>
  </testcase>
  <testcase name="testListStatusIteratorInBucket" classname="TestRootedOzoneFileSystemWithFSO" time="0.026">
    <system-out><![CDATA[2023-06-22 13:19:04,541 [Time-limited test] INFO  rpc.RpcClient (RpcClient.java:createVolume(459)) - Creating Volume: volume33748, with user13188 as owner and space quota set to -1 bytes, counts quota set to -1
2023-06-22 13:19:04,542 [IPC Server handler 17 on default port 15057] INFO  volume.OMVolumeCreateRequest (OMVolumeCreateRequest.java:validateAndUpdateCache(196)) - created volume:volume33748 for user:user13188
2023-06-22 13:19:04,543 [Time-limited test] INFO  rpc.RpcClient (RpcClient.java:createBucket(686)) - Creating Bucket: volume33748/bucket71236, with bucket layout FILE_SYSTEM_OPTIMIZED, runner as owner, Versioning false, Storage Type set to DISK and Encryption set to false, Replication Type set to server-side default replication type, Namespace Quota set to -1, Space Quota set to -1 
2023-06-22 13:19:04,543 [IPC Server handler 4 on default port 15057] INFO  bucket.OMBucketCreateRequest (OMBucketCreateRequest.java:validateAndUpdateCache(270)) - created bucket: bucket71236 of layout FILE_SYSTEM_OPTIMIZED in volume: volume33748
]]></system-out>
  </testcase>
  <testcase name="testSymlinkPosixDelete" classname="TestRootedOzoneFileSystemWithFSO" time="0.186">
    <system-out><![CDATA[2023-06-22 13:18:03,686 [Time-limited test] INFO  rpc.RpcClient (RpcClient.java:createVolume(459)) - Creating Volume: volume75197, with user99436 as owner and space quota set to -1 bytes, counts quota set to -1
2023-06-22 13:18:03,687 [OM StateMachine ApplyTransaction Thread - 0] INFO  volume.OMVolumeCreateRequest (OMVolumeCreateRequest.java:validateAndUpdateCache(196)) - created volume:volume75197 for user:user99436
2023-06-22 13:18:03,689 [Time-limited test] INFO  rpc.RpcClient (RpcClient.java:createBucket(686)) - Creating Bucket: volume75197/bucket16180, with bucket layout FILE_SYSTEM_OPTIMIZED, runner as owner, Versioning false, Storage Type set to DISK and Encryption set to false, Replication Type set to server-side default replication type, Namespace Quota set to -1, Space Quota set to -1 
2023-06-22 13:18:03,691 [OM StateMachine ApplyTransaction Thread - 0] INFO  bucket.OMBucketCreateRequest (OMBucketCreateRequest.java:validateAndUpdateCache(270)) - created bucket: bucket16180 of layout FILE_SYSTEM_OPTIMIZED in volume: volume75197
2023-06-22 13:18:03,694 [Time-limited test] INFO  rpc.RpcClient (RpcClient.java:createVolume(459)) - Creating Volume: volume-14048, with runner as owner and space quota set to -1 bytes, counts quota set to -1
2023-06-22 13:18:03,695 [OM StateMachine ApplyTransaction Thread - 0] INFO  volume.OMVolumeCreateRequest (OMVolumeCreateRequest.java:validateAndUpdateCache(196)) - created volume:volume-14048 for user:runner
13:18:03.697 [IPC Server handler 17 on default port 15004] ERROR OMAudit - user=runner | ip=127.0.0.1 | op=READ_BUCKET {volume=volume-14048, bucket=bucket} | ret=FAILURE
org.apache.hadoop.ozone.om.exceptions.OMException: Bucket not found
	at org.apache.hadoop.ozone.om.BucketManagerImpl.getBucketInfo(BucketManagerImpl.java:85) ~[ozone-manager-1.4.0-SNAPSHOT.jar:?]
	at org.apache.hadoop.ozone.om.OzoneManager.getBucketInfo(OzoneManager.java:2777) ~[ozone-manager-1.4.0-SNAPSHOT.jar:?]
	at org.apache.hadoop.ozone.protocolPB.OzoneManagerRequestHandler.infoBucket(OzoneManagerRequestHandler.java:524) ~[ozone-manager-1.4.0-SNAPSHOT.jar:?]
	at org.apache.hadoop.ozone.protocolPB.OzoneManagerRequestHandler.handleReadRequest(OzoneManagerRequestHandler.java:195) ~[ozone-manager-1.4.0-SNAPSHOT.jar:?]
	at org.apache.hadoop.ozone.protocolPB.OzoneManagerProtocolServerSideTranslatorPB.submitReadRequestToOM(OzoneManagerProtocolServerSideTranslatorPB.java:223) ~[ozone-manager-1.4.0-SNAPSHOT.jar:?]
	at org.apache.hadoop.ozone.protocolPB.OzoneManagerProtocolServerSideTranslatorPB.processRequest(OzoneManagerProtocolServerSideTranslatorPB.java:177) ~[ozone-manager-1.4.0-SNAPSHOT.jar:?]
	at org.apache.hadoop.hdds.server.OzoneProtocolMessageDispatcher.processRequest(OzoneProtocolMessageDispatcher.java:87) [hdds-server-framework-1.4.0-SNAPSHOT.jar:?]
	at org.apache.hadoop.ozone.protocolPB.OzoneManagerProtocolServerSideTranslatorPB.submitRequest(OzoneManagerProtocolServerSideTranslatorPB.java:147) [ozone-manager-1.4.0-SNAPSHOT.jar:?]
	at org.apache.hadoop.ozone.protocol.proto.OzoneManagerProtocolProtos$OzoneManagerService$2.callBlockingMethod(OzoneManagerProtocolProtos.java) [ozone-interface-client-1.4.0-SNAPSHOT.jar:?]
	at org.apache.hadoop.ipc.ProtobufRpcEngine$Server.processCall(ProtobufRpcEngine.java:484) [hadoop-common-3.3.5.jar:?]
	at org.apache.hadoop.ipc.ProtobufRpcEngine2$Server$ProtoBufRpcInvoker.call(ProtobufRpcEngine2.java:595) [hadoop-common-3.3.5.jar:?]
	at org.apache.hadoop.ipc.ProtobufRpcEngine2$Server$ProtoBufRpcInvoker.call(ProtobufRpcEngine2.java:573) [hadoop-common-3.3.5.jar:?]
	at org.apache.hadoop.ipc.RPC$Server.call(RPC.java:1213) [hadoop-common-3.3.5.jar:?]
	at org.apache.hadoop.ipc.Server$RpcCall.run(Server.java:1089) [hadoop-common-3.3.5.jar:?]
	at org.apache.hadoop.ipc.Server$RpcCall.run(Server.java:1012) [hadoop-common-3.3.5.jar:?]
	at java.security.AccessController.doPrivileged(Native Method) ~[?:1.8.0_372]
	at javax.security.auth.Subject.doAs(Subject.java:422) [?:1.8.0_372]
	at org.apache.hadoop.security.UserGroupInformation.doAs(UserGroupInformation.java:1899) [hadoop-common-3.3.5.jar:?]
	at org.apache.hadoop.ipc.Server$Handler.run(Server.java:3026) [hadoop-common-3.3.5.jar:?]
2023-06-22 13:18:03,697 [Time-limited test] INFO  rpc.RpcClient (RpcClient.java:createBucket(686)) - Creating Bucket: volume-14048/bucket, with bucket layout FILE_SYSTEM_OPTIMIZED, runner as owner, Versioning false, Storage Type set to DISK and Encryption set to false, Replication Type set to server-side default replication type, Namespace Quota set to -1, Space Quota set to -1 
2023-06-22 13:18:03,698 [OM StateMachine ApplyTransaction Thread - 0] INFO  bucket.OMBucketCreateRequest (OMBucketCreateRequest.java:validateAndUpdateCache(270)) - created bucket: bucket of layout FILE_SYSTEM_OPTIMIZED in volume: volume-14048
2023-06-22 13:18:03,700 [Time-limited test] INFO  rpc.RpcClient (RpcClient.java:createVolume(459)) - Creating Volume: volume-30277, with runner as owner and space quota set to -1 bytes, counts quota set to -1
2023-06-22 13:18:03,703 [OM StateMachine ApplyTransaction Thread - 0] INFO  volume.OMVolumeCreateRequest (OMVolumeCreateRequest.java:validateAndUpdateCache(196)) - created volume:volume-30277 for user:runner
2023-06-22 13:18:03,705 [Time-limited test] INFO  rpc.RpcClient (RpcClient.java:createBucket(686)) - Creating Bucket: volume-30277/bucket, with server-side default bucket layout, runner as owner, Versioning false, Storage Type set to DISK and Encryption set to false, Replication Type set to server-side default replication type, Namespace Quota set to -1, Space Quota set to -1 
2023-06-22 13:18:03,706 [OM StateMachine ApplyTransaction Thread - 0] INFO  bucket.OMBucketCreateRequest (OMBucketCreateRequest.java:validateAndUpdateCache(270)) - created bucket: bucket of layout FILE_SYSTEM_OPTIMIZED in volume: volume-30277
2023-06-22 13:18:03,792 [IPC Server handler 5 on default port 15001] WARN  node.SCMNodeManager (SCMNodeManager.java:getNodesByAddress(1377)) - Cannot find node for address 127.0.0.1
Deleted ofs://localhost:15004/volume-30277/bucket
13:18:03.804 [IPC Server handler 7 on default port 15004] ERROR OMAudit - user=runner | ip=127.0.0.1 | op=READ_BUCKET {volume=volume-30277, bucket=bucket} | ret=FAILURE
org.apache.hadoop.ozone.om.exceptions.OMException: Bucket not found
	at org.apache.hadoop.ozone.om.BucketManagerImpl.getBucketInfo(BucketManagerImpl.java:85) ~[ozone-manager-1.4.0-SNAPSHOT.jar:?]
	at org.apache.hadoop.ozone.om.OzoneManager.getBucketInfo(OzoneManager.java:2777) ~[ozone-manager-1.4.0-SNAPSHOT.jar:?]
	at org.apache.hadoop.ozone.protocolPB.OzoneManagerRequestHandler.infoBucket(OzoneManagerRequestHandler.java:524) ~[ozone-manager-1.4.0-SNAPSHOT.jar:?]
	at org.apache.hadoop.ozone.protocolPB.OzoneManagerRequestHandler.handleReadRequest(OzoneManagerRequestHandler.java:195) ~[ozone-manager-1.4.0-SNAPSHOT.jar:?]
	at org.apache.hadoop.ozone.protocolPB.OzoneManagerProtocolServerSideTranslatorPB.submitReadRequestToOM(OzoneManagerProtocolServerSideTranslatorPB.java:223) ~[ozone-manager-1.4.0-SNAPSHOT.jar:?]
	at org.apache.hadoop.ozone.protocolPB.OzoneManagerProtocolServerSideTranslatorPB.processRequest(OzoneManagerProtocolServerSideTranslatorPB.java:177) ~[ozone-manager-1.4.0-SNAPSHOT.jar:?]
	at org.apache.hadoop.hdds.server.OzoneProtocolMessageDispatcher.processRequest(OzoneProtocolMessageDispatcher.java:87) [hdds-server-framework-1.4.0-SNAPSHOT.jar:?]
	at org.apache.hadoop.ozone.protocolPB.OzoneManagerProtocolServerSideTranslatorPB.submitRequest(OzoneManagerProtocolServerSideTranslatorPB.java:147) [ozone-manager-1.4.0-SNAPSHOT.jar:?]
	at org.apache.hadoop.ozone.protocol.proto.OzoneManagerProtocolProtos$OzoneManagerService$2.callBlockingMethod(OzoneManagerProtocolProtos.java) [ozone-interface-client-1.4.0-SNAPSHOT.jar:?]
	at org.apache.hadoop.ipc.ProtobufRpcEngine$Server.processCall(ProtobufRpcEngine.java:484) [hadoop-common-3.3.5.jar:?]
	at org.apache.hadoop.ipc.ProtobufRpcEngine2$Server$ProtoBufRpcInvoker.call(ProtobufRpcEngine2.java:595) [hadoop-common-3.3.5.jar:?]
	at org.apache.hadoop.ipc.ProtobufRpcEngine2$Server$ProtoBufRpcInvoker.call(ProtobufRpcEngine2.java:573) [hadoop-common-3.3.5.jar:?]
	at org.apache.hadoop.ipc.RPC$Server.call(RPC.java:1213) [hadoop-common-3.3.5.jar:?]
	at org.apache.hadoop.ipc.Server$RpcCall.run(Server.java:1089) [hadoop-common-3.3.5.jar:?]
	at org.apache.hadoop.ipc.Server$RpcCall.run(Server.java:1012) [hadoop-common-3.3.5.jar:?]
	at java.security.AccessController.doPrivileged(Native Method) ~[?:1.8.0_372]
	at javax.security.auth.Subject.doAs(Subject.java:422) [?:1.8.0_372]
	at org.apache.hadoop.security.UserGroupInformation.doAs(UserGroupInformation.java:1899) [hadoop-common-3.3.5.jar:?]
	at org.apache.hadoop.ipc.Server$Handler.run(Server.java:3026) [hadoop-common-3.3.5.jar:?]
2023-06-22 13:18:03,807 [IPC Server handler 19 on default port 15001] WARN  node.SCMNodeManager (SCMNodeManager.java:getNodesByAddress(1377)) - Cannot find node for address 127.0.0.1
2023-06-22 13:18:03,808 [Time-limited test] INFO  rpc.RpcClient (RpcClient.java:createBucket(686)) - Creating Bucket: volume-30277/bucket, with server-side default bucket layout, runner as owner, Versioning false, Storage Type set to DISK and Encryption set to false, Replication Type set to server-side default replication type, Namespace Quota set to -1, Space Quota set to -1 
2023-06-22 13:18:03,809 [OM StateMachine ApplyTransaction Thread - 0] INFO  bucket.OMBucketCreateRequest (OMBucketCreateRequest.java:validateAndUpdateCache(270)) - created bucket: bucket of layout FILE_SYSTEM_OPTIMIZED in volume: volume-30277
Deleted ofs://localhost:15004/volume-30277/bucket/
13:18:03.829 [IPC Server handler 1 on default port 15004] ERROR OMAudit - user=runner | ip=127.0.0.1 | op=READ_KEY {volume=volume-14048, bucket=bucket, key=object-dir/object-name1, dataSize=0, replicationConfig=null} | ret=FAILURE
org.apache.hadoop.ozone.om.exceptions.OMException: Key:object-dir/object-name1 not found
	at org.apache.hadoop.ozone.om.KeyManagerImpl.readKeyInfo(KeyManagerImpl.java:427) ~[ozone-manager-1.4.0-SNAPSHOT.jar:?]
	at org.apache.hadoop.ozone.om.KeyManagerImpl.lambda$9(KeyManagerImpl.java:1920) ~[ozone-manager-1.4.0-SNAPSHOT.jar:?]
	at org.apache.hadoop.util.MetricUtil.captureLatencyNs(MetricUtil.java:39) ~[hdds-common-1.4.0-SNAPSHOT.jar:?]
	at org.apache.hadoop.ozone.om.KeyManagerImpl.getKeyInfo(KeyManagerImpl.java:1918) ~[ozone-manager-1.4.0-SNAPSHOT.jar:?]
	at org.apache.hadoop.ozone.om.OmMetadataReader.getKeyInfo(OmMetadataReader.java:209) ~[ozone-manager-1.4.0-SNAPSHOT.jar:?]
	at org.apache.hadoop.ozone.om.OzoneManager.getKeyInfo(OzoneManager.java:2807) ~[ozone-manager-1.4.0-SNAPSHOT.jar:?]
	at org.apache.hadoop.ozone.protocolPB.OzoneManagerRequestHandler.getKeyInfo(OzoneManagerRequestHandler.java:564) ~[ozone-manager-1.4.0-SNAPSHOT.jar:?]
	at org.apache.hadoop.ozone.protocolPB.OzoneManagerRequestHandler.handleReadRequest(OzoneManagerRequestHandler.java:299) ~[ozone-manager-1.4.0-SNAPSHOT.jar:?]
	at org.apache.hadoop.ozone.protocolPB.OzoneManagerProtocolServerSideTranslatorPB.submitReadRequestToOM(OzoneManagerProtocolServerSideTranslatorPB.java:223) ~[ozone-manager-1.4.0-SNAPSHOT.jar:?]
	at org.apache.hadoop.ozone.protocolPB.OzoneManagerProtocolServerSideTranslatorPB.processRequest(OzoneManagerProtocolServerSideTranslatorPB.java:177) ~[ozone-manager-1.4.0-SNAPSHOT.jar:?]
	at org.apache.hadoop.hdds.server.OzoneProtocolMessageDispatcher.processRequest(OzoneProtocolMessageDispatcher.java:87) [hdds-server-framework-1.4.0-SNAPSHOT.jar:?]
	at org.apache.hadoop.ozone.protocolPB.OzoneManagerProtocolServerSideTranslatorPB.submitRequest(OzoneManagerProtocolServerSideTranslatorPB.java:147) [ozone-manager-1.4.0-SNAPSHOT.jar:?]
	at org.apache.hadoop.ozone.protocol.proto.OzoneManagerProtocolProtos$OzoneManagerService$2.callBlockingMethod(OzoneManagerProtocolProtos.java) [ozone-interface-client-1.4.0-SNAPSHOT.jar:?]
	at org.apache.hadoop.ipc.ProtobufRpcEngine$Server.processCall(ProtobufRpcEngine.java:484) [hadoop-common-3.3.5.jar:?]
	at org.apache.hadoop.ipc.ProtobufRpcEngine2$Server$ProtoBufRpcInvoker.call(ProtobufRpcEngine2.java:595) [hadoop-common-3.3.5.jar:?]
	at org.apache.hadoop.ipc.ProtobufRpcEngine2$Server$ProtoBufRpcInvoker.call(ProtobufRpcEngine2.java:573) [hadoop-common-3.3.5.jar:?]
	at org.apache.hadoop.ipc.RPC$Server.call(RPC.java:1213) [hadoop-common-3.3.5.jar:?]
	at org.apache.hadoop.ipc.Server$RpcCall.run(Server.java:1089) [hadoop-common-3.3.5.jar:?]
	at org.apache.hadoop.ipc.Server$RpcCall.run(Server.java:1012) [hadoop-common-3.3.5.jar:?]
	at java.security.AccessController.doPrivileged(Native Method) ~[?:1.8.0_372]
	at javax.security.auth.Subject.doAs(Subject.java:422) [?:1.8.0_372]
	at org.apache.hadoop.security.UserGroupInformation.doAs(UserGroupInformation.java:1899) [hadoop-common-3.3.5.jar:?]
	at org.apache.hadoop.ipc.Server$Handler.run(Server.java:3026) [hadoop-common-3.3.5.jar:?]
Deleted ofs://localhost:15004/volume-30277/bucket
13:18:03.838 [IPC Server handler 1 on default port 15004] ERROR OMAudit - user=runner | ip=127.0.0.1 | op=READ_BUCKET {volume=volume-30277, bucket=bucket} | ret=FAILURE
org.apache.hadoop.ozone.om.exceptions.OMException: Bucket not found
	at org.apache.hadoop.ozone.om.BucketManagerImpl.getBucketInfo(BucketManagerImpl.java:85) ~[ozone-manager-1.4.0-SNAPSHOT.jar:?]
	at org.apache.hadoop.ozone.om.OzoneManager.getBucketInfo(OzoneManager.java:2777) ~[ozone-manager-1.4.0-SNAPSHOT.jar:?]
	at org.apache.hadoop.ozone.protocolPB.OzoneManagerRequestHandler.infoBucket(OzoneManagerRequestHandler.java:524) ~[ozone-manager-1.4.0-SNAPSHOT.jar:?]
	at org.apache.hadoop.ozone.protocolPB.OzoneManagerRequestHandler.handleReadRequest(OzoneManagerRequestHandler.java:195) ~[ozone-manager-1.4.0-SNAPSHOT.jar:?]
	at org.apache.hadoop.ozone.protocolPB.OzoneManagerProtocolServerSideTranslatorPB.submitReadRequestToOM(OzoneManagerProtocolServerSideTranslatorPB.java:223) ~[ozone-manager-1.4.0-SNAPSHOT.jar:?]
	at org.apache.hadoop.ozone.protocolPB.OzoneManagerProtocolServerSideTranslatorPB.processRequest(OzoneManagerProtocolServerSideTranslatorPB.java:177) ~[ozone-manager-1.4.0-SNAPSHOT.jar:?]
	at org.apache.hadoop.hdds.server.OzoneProtocolMessageDispatcher.processRequest(OzoneProtocolMessageDispatcher.java:87) [hdds-server-framework-1.4.0-SNAPSHOT.jar:?]
	at org.apache.hadoop.ozone.protocolPB.OzoneManagerProtocolServerSideTranslatorPB.submitRequest(OzoneManagerProtocolServerSideTranslatorPB.java:147) [ozone-manager-1.4.0-SNAPSHOT.jar:?]
	at org.apache.hadoop.ozone.protocol.proto.OzoneManagerProtocolProtos$OzoneManagerService$2.callBlockingMethod(OzoneManagerProtocolProtos.java) [ozone-interface-client-1.4.0-SNAPSHOT.jar:?]
	at org.apache.hadoop.ipc.ProtobufRpcEngine$Server.processCall(ProtobufRpcEngine.java:484) [hadoop-common-3.3.5.jar:?]
	at org.apache.hadoop.ipc.ProtobufRpcEngine2$Server$ProtoBufRpcInvoker.call(ProtobufRpcEngine2.java:595) [hadoop-common-3.3.5.jar:?]
	at org.apache.hadoop.ipc.ProtobufRpcEngine2$Server$ProtoBufRpcInvoker.call(ProtobufRpcEngine2.java:573) [hadoop-common-3.3.5.jar:?]
	at org.apache.hadoop.ipc.RPC$Server.call(RPC.java:1213) [hadoop-common-3.3.5.jar:?]
	at org.apache.hadoop.ipc.Server$RpcCall.run(Server.java:1089) [hadoop-common-3.3.5.jar:?]
	at org.apache.hadoop.ipc.Server$RpcCall.run(Server.java:1012) [hadoop-common-3.3.5.jar:?]
	at java.security.AccessController.doPrivileged(Native Method) ~[?:1.8.0_372]
	at javax.security.auth.Subject.doAs(Subject.java:422) [?:1.8.0_372]
	at org.apache.hadoop.security.UserGroupInformation.doAs(UserGroupInformation.java:1899) [hadoop-common-3.3.5.jar:?]
	at org.apache.hadoop.ipc.Server$Handler.run(Server.java:3026) [hadoop-common-3.3.5.jar:?]
13:18:03.840 [IPC Server handler 6 on default port 15004] ERROR OMAudit - user=runner | ip=127.0.0.1 | op=READ_BUCKET {volume=volume-30277, bucket=bucket} | ret=FAILURE
org.apache.hadoop.ozone.om.exceptions.OMException: Bucket not found
	at org.apache.hadoop.ozone.om.BucketManagerImpl.getBucketInfo(BucketManagerImpl.java:85) ~[ozone-manager-1.4.0-SNAPSHOT.jar:?]
	at org.apache.hadoop.ozone.om.OzoneManager.getBucketInfo(OzoneManager.java:2777) ~[ozone-manager-1.4.0-SNAPSHOT.jar:?]
	at org.apache.hadoop.ozone.protocolPB.OzoneManagerRequestHandler.infoBucket(OzoneManagerRequestHandler.java:524) ~[ozone-manager-1.4.0-SNAPSHOT.jar:?]
	at org.apache.hadoop.ozone.protocolPB.OzoneManagerRequestHandler.handleReadRequest(OzoneManagerRequestHandler.java:195) ~[ozone-manager-1.4.0-SNAPSHOT.jar:?]
	at org.apache.hadoop.ozone.protocolPB.OzoneManagerProtocolServerSideTranslatorPB.submitReadRequestToOM(OzoneManagerProtocolServerSideTranslatorPB.java:223) ~[ozone-manager-1.4.0-SNAPSHOT.jar:?]
	at org.apache.hadoop.ozone.protocolPB.OzoneManagerProtocolServerSideTranslatorPB.processRequest(OzoneManagerProtocolServerSideTranslatorPB.java:177) ~[ozone-manager-1.4.0-SNAPSHOT.jar:?]
	at org.apache.hadoop.hdds.server.OzoneProtocolMessageDispatcher.processRequest(OzoneProtocolMessageDispatcher.java:87) [hdds-server-framework-1.4.0-SNAPSHOT.jar:?]
	at org.apache.hadoop.ozone.protocolPB.OzoneManagerProtocolServerSideTranslatorPB.submitRequest(OzoneManagerProtocolServerSideTranslatorPB.java:147) [ozone-manager-1.4.0-SNAPSHOT.jar:?]
	at org.apache.hadoop.ozone.protocol.proto.OzoneManagerProtocolProtos$OzoneManagerService$2.callBlockingMethod(OzoneManagerProtocolProtos.java) [ozone-interface-client-1.4.0-SNAPSHOT.jar:?]
	at org.apache.hadoop.ipc.ProtobufRpcEngine$Server.processCall(ProtobufRpcEngine.java:484) [hadoop-common-3.3.5.jar:?]
	at org.apache.hadoop.ipc.ProtobufRpcEngine2$Server$ProtoBufRpcInvoker.call(ProtobufRpcEngine2.java:595) [hadoop-common-3.3.5.jar:?]
	at org.apache.hadoop.ipc.ProtobufRpcEngine2$Server$ProtoBufRpcInvoker.call(ProtobufRpcEngine2.java:573) [hadoop-common-3.3.5.jar:?]
	at org.apache.hadoop.ipc.RPC$Server.call(RPC.java:1213) [hadoop-common-3.3.5.jar:?]
	at org.apache.hadoop.ipc.Server$RpcCall.run(Server.java:1089) [hadoop-common-3.3.5.jar:?]
	at org.apache.hadoop.ipc.Server$RpcCall.run(Server.java:1012) [hadoop-common-3.3.5.jar:?]
	at java.security.AccessController.doPrivileged(Native Method) ~[?:1.8.0_372]
	at javax.security.auth.Subject.doAs(Subject.java:422) [?:1.8.0_372]
	at org.apache.hadoop.security.UserGroupInformation.doAs(UserGroupInformation.java:1899) [hadoop-common-3.3.5.jar:?]
	at org.apache.hadoop.ipc.Server$Handler.run(Server.java:3026) [hadoop-common-3.3.5.jar:?]
13:18:03.840 [IPC Server handler 10 on default port 15004] ERROR OMAudit - user=runner | ip=127.0.0.1 | op=READ_BUCKET {volume=volume-30277, bucket=bucket} | ret=FAILURE
org.apache.hadoop.ozone.om.exceptions.OMException: Bucket not found
	at org.apache.hadoop.ozone.om.BucketManagerImpl.getBucketInfo(BucketManagerImpl.java:85) ~[ozone-manager-1.4.0-SNAPSHOT.jar:?]
	at org.apache.hadoop.ozone.om.OzoneManager.getBucketInfo(OzoneManager.java:2777) ~[ozone-manager-1.4.0-SNAPSHOT.jar:?]
	at org.apache.hadoop.ozone.protocolPB.OzoneManagerRequestHandler.infoBucket(OzoneManagerRequestHandler.java:524) ~[ozone-manager-1.4.0-SNAPSHOT.jar:?]
	at org.apache.hadoop.ozone.protocolPB.OzoneManagerRequestHandler.handleReadRequest(OzoneManagerRequestHandler.java:195) ~[ozone-manager-1.4.0-SNAPSHOT.jar:?]
	at org.apache.hadoop.ozone.protocolPB.OzoneManagerProtocolServerSideTranslatorPB.submitReadRequestToOM(OzoneManagerProtocolServerSideTranslatorPB.java:223) ~[ozone-manager-1.4.0-SNAPSHOT.jar:?]
	at org.apache.hadoop.ozone.protocolPB.OzoneManagerProtocolServerSideTranslatorPB.processRequest(OzoneManagerProtocolServerSideTranslatorPB.java:177) ~[ozone-manager-1.4.0-SNAPSHOT.jar:?]
	at org.apache.hadoop.hdds.server.OzoneProtocolMessageDispatcher.processRequest(OzoneProtocolMessageDispatcher.java:87) [hdds-server-framework-1.4.0-SNAPSHOT.jar:?]
	at org.apache.hadoop.ozone.protocolPB.OzoneManagerProtocolServerSideTranslatorPB.submitRequest(OzoneManagerProtocolServerSideTranslatorPB.java:147) [ozone-manager-1.4.0-SNAPSHOT.jar:?]
	at org.apache.hadoop.ozone.protocol.proto.OzoneManagerProtocolProtos$OzoneManagerService$2.callBlockingMethod(OzoneManagerProtocolProtos.java) [ozone-interface-client-1.4.0-SNAPSHOT.jar:?]
	at org.apache.hadoop.ipc.ProtobufRpcEngine$Server.processCall(ProtobufRpcEngine.java:484) [hadoop-common-3.3.5.jar:?]
	at org.apache.hadoop.ipc.ProtobufRpcEngine2$Server$ProtoBufRpcInvoker.call(ProtobufRpcEngine2.java:595) [hadoop-common-3.3.5.jar:?]
	at org.apache.hadoop.ipc.ProtobufRpcEngine2$Server$ProtoBufRpcInvoker.call(ProtobufRpcEngine2.java:573) [hadoop-common-3.3.5.jar:?]
	at org.apache.hadoop.ipc.RPC$Server.call(RPC.java:1213) [hadoop-common-3.3.5.jar:?]
	at org.apache.hadoop.ipc.Server$RpcCall.run(Server.java:1089) [hadoop-common-3.3.5.jar:?]
	at org.apache.hadoop.ipc.Server$RpcCall.run(Server.java:1012) [hadoop-common-3.3.5.jar:?]
	at java.security.AccessController.doPrivileged(Native Method) ~[?:1.8.0_372]
	at javax.security.auth.Subject.doAs(Subject.java:422) [?:1.8.0_372]
	at org.apache.hadoop.security.UserGroupInformation.doAs(UserGroupInformation.java:1899) [hadoop-common-3.3.5.jar:?]
	at org.apache.hadoop.ipc.Server$Handler.run(Server.java:3026) [hadoop-common-3.3.5.jar:?]
2023-06-22 13:18:03,840 [Time-limited test] ERROR ozone.BasicRootedOzoneFileSystem (BasicRootedOzoneFileSystem.java:isLinkBucket(757)) - Exception while getting bucket link information, considered it as false
BUCKET_NOT_FOUND org.apache.hadoop.ozone.om.exceptions.OMException: Bucket not found
	at org.apache.hadoop.ozone.om.protocolPB.OzoneManagerProtocolClientSideTranslatorPB.handleError(OzoneManagerProtocolClientSideTranslatorPB.java:713)
	at org.apache.hadoop.ozone.om.protocolPB.OzoneManagerProtocolClientSideTranslatorPB.getBucketInfo(OzoneManagerProtocolClientSideTranslatorPB.java:562)
	at org.apache.hadoop.ozone.client.rpc.RpcClient.getBucketDetails(RpcClient.java:1201)
	at org.apache.hadoop.fs.ozone.BasicRootedOzoneClientAdapterImpl.getBucket(BasicRootedOzoneClientAdapterImpl.java:277)
	at org.apache.hadoop.fs.ozone.BasicRootedOzoneClientAdapterImpl.getBucket(BasicRootedOzoneClientAdapterImpl.java:251)
	at org.apache.hadoop.fs.ozone.BasicRootedOzoneFileSystem.isLinkBucket(BasicRootedOzoneFileSystem.java:752)
	at org.apache.hadoop.fs.ozone.BasicRootedOzoneFileSystem.deleteBucket(BasicRootedOzoneFileSystem.java:719)
	at org.apache.hadoop.fs.ozone.BasicRootedOzoneFileSystem.delete(BasicRootedOzoneFileSystem.java:673)
	at org.apache.hadoop.fs.FileSystem.delete(FileSystem.java:1730)
	at org.apache.hadoop.fs.ozone.TestRootedOzoneFileSystem.testSymlinkPosixDelete(TestRootedOzoneFileSystem.java:1707)
	at sun.reflect.NativeMethodAccessorImpl.invoke0(Native Method)
	at sun.reflect.NativeMethodAccessorImpl.invoke(NativeMethodAccessorImpl.java:62)
	at sun.reflect.DelegatingMethodAccessorImpl.invoke(DelegatingMethodAccessorImpl.java:43)
	at java.lang.reflect.Method.invoke(Method.java:498)
	at org.junit.runners.model.FrameworkMethod$1.runReflectiveCall(FrameworkMethod.java:59)
	at org.junit.internal.runners.model.ReflectiveCallable.run(ReflectiveCallable.java:12)
	at org.junit.runners.model.FrameworkMethod.invokeExplosively(FrameworkMethod.java:56)
	at org.junit.internal.runners.statements.InvokeMethod.evaluate(InvokeMethod.java:17)
	at org.junit.internal.runners.statements.RunBefores.evaluate(RunBefores.java:26)
	at org.junit.internal.runners.statements.RunAfters.evaluate(RunAfters.java:27)
	at org.junit.internal.runners.statements.FailOnTimeout$CallableStatement.call(FailOnTimeout.java:288)
	at org.junit.internal.runners.statements.FailOnTimeout$CallableStatement.call(FailOnTimeout.java:282)
	at java.util.concurrent.FutureTask.run(FutureTask.java:266)
	at java.lang.Thread.run(Thread.java:750)
2023-06-22 13:18:03,841 [Time-limited test] WARN  ozone.BasicRootedOzoneFileSystem (BasicRootedOzoneFileSystem.java:deleteBucket(723)) - delete: Path does not exist: /volume-30277/bucket
]]></system-out>
  </testcase>
  <testcase name="testSymlinkPosixDelete" classname="TestRootedOzoneFileSystemWithFSO" time="0.141">
    <system-out><![CDATA[2023-06-22 13:19:04,568 [Time-limited test] INFO  rpc.RpcClient (RpcClient.java:createVolume(459)) - Creating Volume: volume83268, with user97387 as owner and space quota set to -1 bytes, counts quota set to -1
2023-06-22 13:19:04,568 [IPC Server handler 14 on default port 15057] INFO  volume.OMVolumeCreateRequest (OMVolumeCreateRequest.java:validateAndUpdateCache(196)) - created volume:volume83268 for user:user97387
2023-06-22 13:19:04,569 [Time-limited test] INFO  rpc.RpcClient (RpcClient.java:createBucket(686)) - Creating Bucket: volume83268/bucket92904, with bucket layout FILE_SYSTEM_OPTIMIZED, runner as owner, Versioning false, Storage Type set to DISK and Encryption set to false, Replication Type set to server-side default replication type, Namespace Quota set to -1, Space Quota set to -1 
2023-06-22 13:19:04,569 [IPC Server handler 12 on default port 15057] INFO  bucket.OMBucketCreateRequest (OMBucketCreateRequest.java:validateAndUpdateCache(270)) - created bucket: bucket92904 of layout FILE_SYSTEM_OPTIMIZED in volume: volume83268
2023-06-22 13:19:04,572 [Time-limited test] INFO  rpc.RpcClient (RpcClient.java:createVolume(459)) - Creating Volume: volume-62218, with runner as owner and space quota set to -1 bytes, counts quota set to -1
2023-06-22 13:19:04,572 [IPC Server handler 1 on default port 15057] INFO  volume.OMVolumeCreateRequest (OMVolumeCreateRequest.java:validateAndUpdateCache(196)) - created volume:volume-62218 for user:runner
13:19:04.574 [IPC Server handler 5 on default port 15057] ERROR OMAudit - user=runner | ip=127.0.0.1 | op=READ_BUCKET {volume=volume-62218, bucket=bucket} | ret=FAILURE
org.apache.hadoop.ozone.om.exceptions.OMException: Bucket not found
	at org.apache.hadoop.ozone.om.BucketManagerImpl.getBucketInfo(BucketManagerImpl.java:85) ~[ozone-manager-1.4.0-SNAPSHOT.jar:?]
	at org.apache.hadoop.ozone.om.OzoneManager.getBucketInfo(OzoneManager.java:2777) ~[ozone-manager-1.4.0-SNAPSHOT.jar:?]
	at org.apache.hadoop.ozone.protocolPB.OzoneManagerRequestHandler.infoBucket(OzoneManagerRequestHandler.java:524) ~[ozone-manager-1.4.0-SNAPSHOT.jar:?]
	at org.apache.hadoop.ozone.protocolPB.OzoneManagerRequestHandler.handleReadRequest(OzoneManagerRequestHandler.java:195) ~[ozone-manager-1.4.0-SNAPSHOT.jar:?]
	at org.apache.hadoop.ozone.protocolPB.OzoneManagerProtocolServerSideTranslatorPB.submitRequestDirectlyToOM(OzoneManagerProtocolServerSideTranslatorPB.java:272) ~[ozone-manager-1.4.0-SNAPSHOT.jar:?]
	at org.apache.hadoop.ozone.protocolPB.OzoneManagerProtocolServerSideTranslatorPB.processRequest(OzoneManagerProtocolServerSideTranslatorPB.java:173) ~[ozone-manager-1.4.0-SNAPSHOT.jar:?]
	at org.apache.hadoop.hdds.server.OzoneProtocolMessageDispatcher.processRequest(OzoneProtocolMessageDispatcher.java:87) [hdds-server-framework-1.4.0-SNAPSHOT.jar:?]
	at org.apache.hadoop.ozone.protocolPB.OzoneManagerProtocolServerSideTranslatorPB.submitRequest(OzoneManagerProtocolServerSideTranslatorPB.java:147) [ozone-manager-1.4.0-SNAPSHOT.jar:?]
	at org.apache.hadoop.ozone.protocol.proto.OzoneManagerProtocolProtos$OzoneManagerService$2.callBlockingMethod(OzoneManagerProtocolProtos.java) [ozone-interface-client-1.4.0-SNAPSHOT.jar:?]
	at org.apache.hadoop.ipc.ProtobufRpcEngine$Server.processCall(ProtobufRpcEngine.java:484) [hadoop-common-3.3.5.jar:?]
	at org.apache.hadoop.ipc.ProtobufRpcEngine2$Server$ProtoBufRpcInvoker.call(ProtobufRpcEngine2.java:595) [hadoop-common-3.3.5.jar:?]
	at org.apache.hadoop.ipc.ProtobufRpcEngine2$Server$ProtoBufRpcInvoker.call(ProtobufRpcEngine2.java:573) [hadoop-common-3.3.5.jar:?]
	at org.apache.hadoop.ipc.RPC$Server.call(RPC.java:1213) [hadoop-common-3.3.5.jar:?]
	at org.apache.hadoop.ipc.Server$RpcCall.run(Server.java:1089) [hadoop-common-3.3.5.jar:?]
	at org.apache.hadoop.ipc.Server$RpcCall.run(Server.java:1012) [hadoop-common-3.3.5.jar:?]
	at java.security.AccessController.doPrivileged(Native Method) ~[?:1.8.0_372]
	at javax.security.auth.Subject.doAs(Subject.java:422) [?:1.8.0_372]
	at org.apache.hadoop.security.UserGroupInformation.doAs(UserGroupInformation.java:1899) [hadoop-common-3.3.5.jar:?]
	at org.apache.hadoop.ipc.Server$Handler.run(Server.java:3026) [hadoop-common-3.3.5.jar:?]
2023-06-22 13:19:04,575 [Time-limited test] INFO  rpc.RpcClient (RpcClient.java:createBucket(686)) - Creating Bucket: volume-62218/bucket, with bucket layout FILE_SYSTEM_OPTIMIZED, runner as owner, Versioning false, Storage Type set to DISK and Encryption set to false, Replication Type set to server-side default replication type, Namespace Quota set to -1, Space Quota set to -1 
2023-06-22 13:19:04,575 [IPC Server handler 0 on default port 15057] INFO  bucket.OMBucketCreateRequest (OMBucketCreateRequest.java:validateAndUpdateCache(270)) - created bucket: bucket of layout FILE_SYSTEM_OPTIMIZED in volume: volume-62218
2023-06-22 13:19:04,576 [Time-limited test] INFO  rpc.RpcClient (RpcClient.java:createVolume(459)) - Creating Volume: volume-47518, with runner as owner and space quota set to -1 bytes, counts quota set to -1
2023-06-22 13:19:04,576 [IPC Server handler 8 on default port 15057] INFO  volume.OMVolumeCreateRequest (OMVolumeCreateRequest.java:validateAndUpdateCache(196)) - created volume:volume-47518 for user:runner
2023-06-22 13:19:04,579 [Time-limited test] INFO  rpc.RpcClient (RpcClient.java:createBucket(686)) - Creating Bucket: volume-47518/bucket, with server-side default bucket layout, runner as owner, Versioning false, Storage Type set to DISK and Encryption set to false, Replication Type set to server-side default replication type, Namespace Quota set to -1, Space Quota set to -1 
2023-06-22 13:19:04,580 [IPC Server handler 11 on default port 15057] INFO  bucket.OMBucketCreateRequest (OMBucketCreateRequest.java:validateAndUpdateCache(270)) - created bucket: bucket of layout FILE_SYSTEM_OPTIMIZED in volume: volume-47518
2023-06-22 13:19:04,656 [IPC Server handler 5 on default port 15054] WARN  node.SCMNodeManager (SCMNodeManager.java:getNodesByAddress(1377)) - Cannot find node for address 127.0.0.1
Deleted ofs://localhost:15057/volume-47518/bucket
13:19:04.663 [IPC Server handler 4 on default port 15057] ERROR OMAudit - user=runner | ip=127.0.0.1 | op=READ_BUCKET {volume=volume-47518, bucket=bucket} | ret=FAILURE
org.apache.hadoop.ozone.om.exceptions.OMException: Bucket not found
	at org.apache.hadoop.ozone.om.BucketManagerImpl.getBucketInfo(BucketManagerImpl.java:85) ~[ozone-manager-1.4.0-SNAPSHOT.jar:?]
	at org.apache.hadoop.ozone.om.OzoneManager.getBucketInfo(OzoneManager.java:2777) ~[ozone-manager-1.4.0-SNAPSHOT.jar:?]
	at org.apache.hadoop.ozone.protocolPB.OzoneManagerRequestHandler.infoBucket(OzoneManagerRequestHandler.java:524) ~[ozone-manager-1.4.0-SNAPSHOT.jar:?]
	at org.apache.hadoop.ozone.protocolPB.OzoneManagerRequestHandler.handleReadRequest(OzoneManagerRequestHandler.java:195) ~[ozone-manager-1.4.0-SNAPSHOT.jar:?]
	at org.apache.hadoop.ozone.protocolPB.OzoneManagerProtocolServerSideTranslatorPB.submitRequestDirectlyToOM(OzoneManagerProtocolServerSideTranslatorPB.java:272) ~[ozone-manager-1.4.0-SNAPSHOT.jar:?]
	at org.apache.hadoop.ozone.protocolPB.OzoneManagerProtocolServerSideTranslatorPB.processRequest(OzoneManagerProtocolServerSideTranslatorPB.java:173) ~[ozone-manager-1.4.0-SNAPSHOT.jar:?]
	at org.apache.hadoop.hdds.server.OzoneProtocolMessageDispatcher.processRequest(OzoneProtocolMessageDispatcher.java:87) [hdds-server-framework-1.4.0-SNAPSHOT.jar:?]
	at org.apache.hadoop.ozone.protocolPB.OzoneManagerProtocolServerSideTranslatorPB.submitRequest(OzoneManagerProtocolServerSideTranslatorPB.java:147) [ozone-manager-1.4.0-SNAPSHOT.jar:?]
	at org.apache.hadoop.ozone.protocol.proto.OzoneManagerProtocolProtos$OzoneManagerService$2.callBlockingMethod(OzoneManagerProtocolProtos.java) [ozone-interface-client-1.4.0-SNAPSHOT.jar:?]
	at org.apache.hadoop.ipc.ProtobufRpcEngine$Server.processCall(ProtobufRpcEngine.java:484) [hadoop-common-3.3.5.jar:?]
	at org.apache.hadoop.ipc.ProtobufRpcEngine2$Server$ProtoBufRpcInvoker.call(ProtobufRpcEngine2.java:595) [hadoop-common-3.3.5.jar:?]
	at org.apache.hadoop.ipc.ProtobufRpcEngine2$Server$ProtoBufRpcInvoker.call(ProtobufRpcEngine2.java:573) [hadoop-common-3.3.5.jar:?]
	at org.apache.hadoop.ipc.RPC$Server.call(RPC.java:1213) [hadoop-common-3.3.5.jar:?]
	at org.apache.hadoop.ipc.Server$RpcCall.run(Server.java:1089) [hadoop-common-3.3.5.jar:?]
	at org.apache.hadoop.ipc.Server$RpcCall.run(Server.java:1012) [hadoop-common-3.3.5.jar:?]
	at java.security.AccessController.doPrivileged(Native Method) ~[?:1.8.0_372]
	at javax.security.auth.Subject.doAs(Subject.java:422) [?:1.8.0_372]
	at org.apache.hadoop.security.UserGroupInformation.doAs(UserGroupInformation.java:1899) [hadoop-common-3.3.5.jar:?]
	at org.apache.hadoop.ipc.Server$Handler.run(Server.java:3026) [hadoop-common-3.3.5.jar:?]
2023-06-22 13:19:04,665 [IPC Server handler 6 on default port 15054] WARN  node.SCMNodeManager (SCMNodeManager.java:getNodesByAddress(1377)) - Cannot find node for address 127.0.0.1
2023-06-22 13:19:04,666 [Time-limited test] INFO  rpc.RpcClient (RpcClient.java:createBucket(686)) - Creating Bucket: volume-47518/bucket, with server-side default bucket layout, runner as owner, Versioning false, Storage Type set to DISK and Encryption set to false, Replication Type set to server-side default replication type, Namespace Quota set to -1, Space Quota set to -1 
2023-06-22 13:19:04,666 [IPC Server handler 7 on default port 15057] INFO  bucket.OMBucketCreateRequest (OMBucketCreateRequest.java:validateAndUpdateCache(270)) - created bucket: bucket of layout FILE_SYSTEM_OPTIMIZED in volume: volume-47518
Deleted ofs://localhost:15057/volume-47518/bucket/
13:19:04.678 [IPC Server handler 11 on default port 15057] ERROR OMAudit - user=runner | ip=127.0.0.1 | op=READ_KEY {volume=volume-62218, bucket=bucket, key=object-dir/object-name1, dataSize=0, replicationConfig=null} | ret=FAILURE
org.apache.hadoop.ozone.om.exceptions.OMException: Key:object-dir/object-name1 not found
	at org.apache.hadoop.ozone.om.KeyManagerImpl.readKeyInfo(KeyManagerImpl.java:427) ~[ozone-manager-1.4.0-SNAPSHOT.jar:?]
	at org.apache.hadoop.ozone.om.KeyManagerImpl.lambda$9(KeyManagerImpl.java:1920) ~[ozone-manager-1.4.0-SNAPSHOT.jar:?]
	at org.apache.hadoop.util.MetricUtil.captureLatencyNs(MetricUtil.java:39) ~[hdds-common-1.4.0-SNAPSHOT.jar:?]
	at org.apache.hadoop.ozone.om.KeyManagerImpl.getKeyInfo(KeyManagerImpl.java:1918) ~[ozone-manager-1.4.0-SNAPSHOT.jar:?]
	at org.apache.hadoop.ozone.om.OmMetadataReader.getKeyInfo(OmMetadataReader.java:209) ~[ozone-manager-1.4.0-SNAPSHOT.jar:?]
	at org.apache.hadoop.ozone.om.OzoneManager.getKeyInfo(OzoneManager.java:2807) ~[ozone-manager-1.4.0-SNAPSHOT.jar:?]
	at org.apache.hadoop.ozone.protocolPB.OzoneManagerRequestHandler.getKeyInfo(OzoneManagerRequestHandler.java:564) ~[ozone-manager-1.4.0-SNAPSHOT.jar:?]
	at org.apache.hadoop.ozone.protocolPB.OzoneManagerRequestHandler.handleReadRequest(OzoneManagerRequestHandler.java:299) ~[ozone-manager-1.4.0-SNAPSHOT.jar:?]
	at org.apache.hadoop.ozone.protocolPB.OzoneManagerProtocolServerSideTranslatorPB.submitRequestDirectlyToOM(OzoneManagerProtocolServerSideTranslatorPB.java:272) ~[ozone-manager-1.4.0-SNAPSHOT.jar:?]
	at org.apache.hadoop.ozone.protocolPB.OzoneManagerProtocolServerSideTranslatorPB.processRequest(OzoneManagerProtocolServerSideTranslatorPB.java:173) ~[ozone-manager-1.4.0-SNAPSHOT.jar:?]
	at org.apache.hadoop.hdds.server.OzoneProtocolMessageDispatcher.processRequest(OzoneProtocolMessageDispatcher.java:87) [hdds-server-framework-1.4.0-SNAPSHOT.jar:?]
	at org.apache.hadoop.ozone.protocolPB.OzoneManagerProtocolServerSideTranslatorPB.submitRequest(OzoneManagerProtocolServerSideTranslatorPB.java:147) [ozone-manager-1.4.0-SNAPSHOT.jar:?]
	at org.apache.hadoop.ozone.protocol.proto.OzoneManagerProtocolProtos$OzoneManagerService$2.callBlockingMethod(OzoneManagerProtocolProtos.java) [ozone-interface-client-1.4.0-SNAPSHOT.jar:?]
	at org.apache.hadoop.ipc.ProtobufRpcEngine$Server.processCall(ProtobufRpcEngine.java:484) [hadoop-common-3.3.5.jar:?]
	at org.apache.hadoop.ipc.ProtobufRpcEngine2$Server$ProtoBufRpcInvoker.call(ProtobufRpcEngine2.java:595) [hadoop-common-3.3.5.jar:?]
	at org.apache.hadoop.ipc.ProtobufRpcEngine2$Server$ProtoBufRpcInvoker.call(ProtobufRpcEngine2.java:573) [hadoop-common-3.3.5.jar:?]
	at org.apache.hadoop.ipc.RPC$Server.call(RPC.java:1213) [hadoop-common-3.3.5.jar:?]
	at org.apache.hadoop.ipc.Server$RpcCall.run(Server.java:1089) [hadoop-common-3.3.5.jar:?]
	at org.apache.hadoop.ipc.Server$RpcCall.run(Server.java:1012) [hadoop-common-3.3.5.jar:?]
	at java.security.AccessController.doPrivileged(Native Method) ~[?:1.8.0_372]
	at javax.security.auth.Subject.doAs(Subject.java:422) [?:1.8.0_372]
	at org.apache.hadoop.security.UserGroupInformation.doAs(UserGroupInformation.java:1899) [hadoop-common-3.3.5.jar:?]
	at org.apache.hadoop.ipc.Server$Handler.run(Server.java:3026) [hadoop-common-3.3.5.jar:?]
Deleted ofs://localhost:15057/volume-47518/bucket
13:19:04.684 [IPC Server handler 11 on default port 15057] ERROR OMAudit - user=runner | ip=127.0.0.1 | op=READ_BUCKET {volume=volume-47518, bucket=bucket} | ret=FAILURE
org.apache.hadoop.ozone.om.exceptions.OMException: Bucket not found
	at org.apache.hadoop.ozone.om.BucketManagerImpl.getBucketInfo(BucketManagerImpl.java:85) ~[ozone-manager-1.4.0-SNAPSHOT.jar:?]
	at org.apache.hadoop.ozone.om.OzoneManager.getBucketInfo(OzoneManager.java:2777) ~[ozone-manager-1.4.0-SNAPSHOT.jar:?]
	at org.apache.hadoop.ozone.protocolPB.OzoneManagerRequestHandler.infoBucket(OzoneManagerRequestHandler.java:524) ~[ozone-manager-1.4.0-SNAPSHOT.jar:?]
	at org.apache.hadoop.ozone.protocolPB.OzoneManagerRequestHandler.handleReadRequest(OzoneManagerRequestHandler.java:195) ~[ozone-manager-1.4.0-SNAPSHOT.jar:?]
	at org.apache.hadoop.ozone.protocolPB.OzoneManagerProtocolServerSideTranslatorPB.submitRequestDirectlyToOM(OzoneManagerProtocolServerSideTranslatorPB.java:272) ~[ozone-manager-1.4.0-SNAPSHOT.jar:?]
	at org.apache.hadoop.ozone.protocolPB.OzoneManagerProtocolServerSideTranslatorPB.processRequest(OzoneManagerProtocolServerSideTranslatorPB.java:173) ~[ozone-manager-1.4.0-SNAPSHOT.jar:?]
	at org.apache.hadoop.hdds.server.OzoneProtocolMessageDispatcher.processRequest(OzoneProtocolMessageDispatcher.java:87) [hdds-server-framework-1.4.0-SNAPSHOT.jar:?]
	at org.apache.hadoop.ozone.protocolPB.OzoneManagerProtocolServerSideTranslatorPB.submitRequest(OzoneManagerProtocolServerSideTranslatorPB.java:147) [ozone-manager-1.4.0-SNAPSHOT.jar:?]
	at org.apache.hadoop.ozone.protocol.proto.OzoneManagerProtocolProtos$OzoneManagerService$2.callBlockingMethod(OzoneManagerProtocolProtos.java) [ozone-interface-client-1.4.0-SNAPSHOT.jar:?]
	at org.apache.hadoop.ipc.ProtobufRpcEngine$Server.processCall(ProtobufRpcEngine.java:484) [hadoop-common-3.3.5.jar:?]
	at org.apache.hadoop.ipc.ProtobufRpcEngine2$Server$ProtoBufRpcInvoker.call(ProtobufRpcEngine2.java:595) [hadoop-common-3.3.5.jar:?]
	at org.apache.hadoop.ipc.ProtobufRpcEngine2$Server$ProtoBufRpcInvoker.call(ProtobufRpcEngine2.java:573) [hadoop-common-3.3.5.jar:?]
	at org.apache.hadoop.ipc.RPC$Server.call(RPC.java:1213) [hadoop-common-3.3.5.jar:?]
	at org.apache.hadoop.ipc.Server$RpcCall.run(Server.java:1089) [hadoop-common-3.3.5.jar:?]
	at org.apache.hadoop.ipc.Server$RpcCall.run(Server.java:1012) [hadoop-common-3.3.5.jar:?]
	at java.security.AccessController.doPrivileged(Native Method) ~[?:1.8.0_372]
	at javax.security.auth.Subject.doAs(Subject.java:422) [?:1.8.0_372]
	at org.apache.hadoop.security.UserGroupInformation.doAs(UserGroupInformation.java:1899) [hadoop-common-3.3.5.jar:?]
	at org.apache.hadoop.ipc.Server$Handler.run(Server.java:3026) [hadoop-common-3.3.5.jar:?]
13:19:04.685 [IPC Server handler 16 on default port 15057] ERROR OMAudit - user=runner | ip=127.0.0.1 | op=READ_BUCKET {volume=volume-47518, bucket=bucket} | ret=FAILURE
org.apache.hadoop.ozone.om.exceptions.OMException: Bucket not found
	at org.apache.hadoop.ozone.om.BucketManagerImpl.getBucketInfo(BucketManagerImpl.java:85) ~[ozone-manager-1.4.0-SNAPSHOT.jar:?]
	at org.apache.hadoop.ozone.om.OzoneManager.getBucketInfo(OzoneManager.java:2777) ~[ozone-manager-1.4.0-SNAPSHOT.jar:?]
	at org.apache.hadoop.ozone.protocolPB.OzoneManagerRequestHandler.infoBucket(OzoneManagerRequestHandler.java:524) ~[ozone-manager-1.4.0-SNAPSHOT.jar:?]
	at org.apache.hadoop.ozone.protocolPB.OzoneManagerRequestHandler.handleReadRequest(OzoneManagerRequestHandler.java:195) ~[ozone-manager-1.4.0-SNAPSHOT.jar:?]
	at org.apache.hadoop.ozone.protocolPB.OzoneManagerProtocolServerSideTranslatorPB.submitRequestDirectlyToOM(OzoneManagerProtocolServerSideTranslatorPB.java:272) ~[ozone-manager-1.4.0-SNAPSHOT.jar:?]
	at org.apache.hadoop.ozone.protocolPB.OzoneManagerProtocolServerSideTranslatorPB.processRequest(OzoneManagerProtocolServerSideTranslatorPB.java:173) ~[ozone-manager-1.4.0-SNAPSHOT.jar:?]
	at org.apache.hadoop.hdds.server.OzoneProtocolMessageDispatcher.processRequest(OzoneProtocolMessageDispatcher.java:87) [hdds-server-framework-1.4.0-SNAPSHOT.jar:?]
	at org.apache.hadoop.ozone.protocolPB.OzoneManagerProtocolServerSideTranslatorPB.submitRequest(OzoneManagerProtocolServerSideTranslatorPB.java:147) [ozone-manager-1.4.0-SNAPSHOT.jar:?]
	at org.apache.hadoop.ozone.protocol.proto.OzoneManagerProtocolProtos$OzoneManagerService$2.callBlockingMethod(OzoneManagerProtocolProtos.java) [ozone-interface-client-1.4.0-SNAPSHOT.jar:?]
	at org.apache.hadoop.ipc.ProtobufRpcEngine$Server.processCall(ProtobufRpcEngine.java:484) [hadoop-common-3.3.5.jar:?]
	at org.apache.hadoop.ipc.ProtobufRpcEngine2$Server$ProtoBufRpcInvoker.call(ProtobufRpcEngine2.java:595) [hadoop-common-3.3.5.jar:?]
	at org.apache.hadoop.ipc.ProtobufRpcEngine2$Server$ProtoBufRpcInvoker.call(ProtobufRpcEngine2.java:573) [hadoop-common-3.3.5.jar:?]
	at org.apache.hadoop.ipc.RPC$Server.call(RPC.java:1213) [hadoop-common-3.3.5.jar:?]
	at org.apache.hadoop.ipc.Server$RpcCall.run(Server.java:1089) [hadoop-common-3.3.5.jar:?]
	at org.apache.hadoop.ipc.Server$RpcCall.run(Server.java:1012) [hadoop-common-3.3.5.jar:?]
	at java.security.AccessController.doPrivileged(Native Method) ~[?:1.8.0_372]
	at javax.security.auth.Subject.doAs(Subject.java:422) [?:1.8.0_372]
	at org.apache.hadoop.security.UserGroupInformation.doAs(UserGroupInformation.java:1899) [hadoop-common-3.3.5.jar:?]
	at org.apache.hadoop.ipc.Server$Handler.run(Server.java:3026) [hadoop-common-3.3.5.jar:?]
13:19:04.685 [IPC Server handler 14 on default port 15057] ERROR OMAudit - user=runner | ip=127.0.0.1 | op=READ_BUCKET {volume=volume-47518, bucket=bucket} | ret=FAILURE
org.apache.hadoop.ozone.om.exceptions.OMException: Bucket not found
	at org.apache.hadoop.ozone.om.BucketManagerImpl.getBucketInfo(BucketManagerImpl.java:85) ~[ozone-manager-1.4.0-SNAPSHOT.jar:?]
	at org.apache.hadoop.ozone.om.OzoneManager.getBucketInfo(OzoneManager.java:2777) ~[ozone-manager-1.4.0-SNAPSHOT.jar:?]
	at org.apache.hadoop.ozone.protocolPB.OzoneManagerRequestHandler.infoBucket(OzoneManagerRequestHandler.java:524) ~[ozone-manager-1.4.0-SNAPSHOT.jar:?]
	at org.apache.hadoop.ozone.protocolPB.OzoneManagerRequestHandler.handleReadRequest(OzoneManagerRequestHandler.java:195) ~[ozone-manager-1.4.0-SNAPSHOT.jar:?]
	at org.apache.hadoop.ozone.protocolPB.OzoneManagerProtocolServerSideTranslatorPB.submitRequestDirectlyToOM(OzoneManagerProtocolServerSideTranslatorPB.java:272) ~[ozone-manager-1.4.0-SNAPSHOT.jar:?]
	at org.apache.hadoop.ozone.protocolPB.OzoneManagerProtocolServerSideTranslatorPB.processRequest(OzoneManagerProtocolServerSideTranslatorPB.java:173) ~[ozone-manager-1.4.0-SNAPSHOT.jar:?]
	at org.apache.hadoop.hdds.server.OzoneProtocolMessageDispatcher.processRequest(OzoneProtocolMessageDispatcher.java:87) [hdds-server-framework-1.4.0-SNAPSHOT.jar:?]
	at org.apache.hadoop.ozone.protocolPB.OzoneManagerProtocolServerSideTranslatorPB.submitRequest(OzoneManagerProtocolServerSideTranslatorPB.java:147) [ozone-manager-1.4.0-SNAPSHOT.jar:?]
	at org.apache.hadoop.ozone.protocol.proto.OzoneManagerProtocolProtos$OzoneManagerService$2.callBlockingMethod(OzoneManagerProtocolProtos.java) [ozone-interface-client-1.4.0-SNAPSHOT.jar:?]
	at org.apache.hadoop.ipc.ProtobufRpcEngine$Server.processCall(ProtobufRpcEngine.java:484) [hadoop-common-3.3.5.jar:?]
	at org.apache.hadoop.ipc.ProtobufRpcEngine2$Server$ProtoBufRpcInvoker.call(ProtobufRpcEngine2.java:595) [hadoop-common-3.3.5.jar:?]
	at org.apache.hadoop.ipc.ProtobufRpcEngine2$Server$ProtoBufRpcInvoker.call(ProtobufRpcEngine2.java:573) [hadoop-common-3.3.5.jar:?]
	at org.apache.hadoop.ipc.RPC$Server.call(RPC.java:1213) [hadoop-common-3.3.5.jar:?]
	at org.apache.hadoop.ipc.Server$RpcCall.run(Server.java:1089) [hadoop-common-3.3.5.jar:?]
	at org.apache.hadoop.ipc.Server$RpcCall.run(Server.java:1012) [hadoop-common-3.3.5.jar:?]
	at java.security.AccessController.doPrivileged(Native Method) ~[?:1.8.0_372]
	at javax.security.auth.Subject.doAs(Subject.java:422) [?:1.8.0_372]
	at org.apache.hadoop.security.UserGroupInformation.doAs(UserGroupInformation.java:1899) [hadoop-common-3.3.5.jar:?]
	at org.apache.hadoop.ipc.Server$Handler.run(Server.java:3026) [hadoop-common-3.3.5.jar:?]
2023-06-22 13:19:04,686 [Time-limited test] ERROR ozone.BasicRootedOzoneFileSystem (BasicRootedOzoneFileSystem.java:isLinkBucket(757)) - Exception while getting bucket link information, considered it as false
BUCKET_NOT_FOUND org.apache.hadoop.ozone.om.exceptions.OMException: Bucket not found
	at org.apache.hadoop.ozone.om.protocolPB.OzoneManagerProtocolClientSideTranslatorPB.handleError(OzoneManagerProtocolClientSideTranslatorPB.java:713)
	at org.apache.hadoop.ozone.om.protocolPB.OzoneManagerProtocolClientSideTranslatorPB.getBucketInfo(OzoneManagerProtocolClientSideTranslatorPB.java:562)
	at org.apache.hadoop.ozone.client.rpc.RpcClient.getBucketDetails(RpcClient.java:1201)
	at org.apache.hadoop.fs.ozone.BasicRootedOzoneClientAdapterImpl.getBucket(BasicRootedOzoneClientAdapterImpl.java:277)
	at org.apache.hadoop.fs.ozone.BasicRootedOzoneClientAdapterImpl.getBucket(BasicRootedOzoneClientAdapterImpl.java:251)
	at org.apache.hadoop.fs.ozone.BasicRootedOzoneFileSystem.isLinkBucket(BasicRootedOzoneFileSystem.java:752)
	at org.apache.hadoop.fs.ozone.BasicRootedOzoneFileSystem.deleteBucket(BasicRootedOzoneFileSystem.java:719)
	at org.apache.hadoop.fs.ozone.BasicRootedOzoneFileSystem.delete(BasicRootedOzoneFileSystem.java:673)
	at org.apache.hadoop.fs.FileSystem.delete(FileSystem.java:1730)
	at org.apache.hadoop.fs.ozone.TestRootedOzoneFileSystem.testSymlinkPosixDelete(TestRootedOzoneFileSystem.java:1707)
	at sun.reflect.NativeMethodAccessorImpl.invoke0(Native Method)
	at sun.reflect.NativeMethodAccessorImpl.invoke(NativeMethodAccessorImpl.java:62)
	at sun.reflect.DelegatingMethodAccessorImpl.invoke(DelegatingMethodAccessorImpl.java:43)
	at java.lang.reflect.Method.invoke(Method.java:498)
	at org.junit.runners.model.FrameworkMethod$1.runReflectiveCall(FrameworkMethod.java:59)
	at org.junit.internal.runners.model.ReflectiveCallable.run(ReflectiveCallable.java:12)
	at org.junit.runners.model.FrameworkMethod.invokeExplosively(FrameworkMethod.java:56)
	at org.junit.internal.runners.statements.InvokeMethod.evaluate(InvokeMethod.java:17)
	at org.junit.internal.runners.statements.RunBefores.evaluate(RunBefores.java:26)
	at org.junit.internal.runners.statements.RunAfters.evaluate(RunAfters.java:27)
	at org.junit.internal.runners.statements.FailOnTimeout$CallableStatement.call(FailOnTimeout.java:288)
	at org.junit.internal.runners.statements.FailOnTimeout$CallableStatement.call(FailOnTimeout.java:282)
	at java.util.concurrent.FutureTask.run(FutureTask.java:266)
	at java.lang.Thread.run(Thread.java:750)
2023-06-22 13:19:04,686 [Time-limited test] WARN  ozone.BasicRootedOzoneFileSystem (BasicRootedOzoneFileSystem.java:deleteBucket(723)) - delete: Path does not exist: /volume-47518/bucket
]]></system-out>
  </testcase>
  <testcase name="testCreateAndCheckECFileDiskUsage" classname="TestRootedOzoneFileSystemWithFSO" time="0.354">
    <system-out><![CDATA[2023-06-22 13:18:03,888 [Time-limited test] INFO  rpc.RpcClient (RpcClient.java:createVolume(459)) - Creating Volume: volume30057, with user52689 as owner and space quota set to -1 bytes, counts quota set to -1
2023-06-22 13:18:03,890 [OM StateMachine ApplyTransaction Thread - 0] INFO  volume.OMVolumeCreateRequest (OMVolumeCreateRequest.java:validateAndUpdateCache(196)) - created volume:volume30057 for user:user52689
2023-06-22 13:18:03,891 [Time-limited test] INFO  rpc.RpcClient (RpcClient.java:createBucket(686)) - Creating Bucket: volume30057/bucket16161, with bucket layout FILE_SYSTEM_OPTIMIZED, runner as owner, Versioning false, Storage Type set to DISK and Encryption set to false, Replication Type set to server-side default replication type, Namespace Quota set to -1, Space Quota set to -1 
2023-06-22 13:18:03,892 [OM StateMachine ApplyTransaction Thread - 0] INFO  bucket.OMBucketCreateRequest (OMBucketCreateRequest.java:validateAndUpdateCache(270)) - created bucket: bucket16161 of layout FILE_SYSTEM_OPTIMIZED in volume: volume30057
2023-06-22 13:18:03,902 [IPC Server handler 4 on default port 15001] INFO  pipeline.PipelineStateManagerImpl (PipelineStateManagerImpl.java:addPipeline(103)) - Created pipeline Pipeline[ Id: 84b7c823-00d3-4ef0-8559-d297e9caf504, Nodes: fb1e6b4b-5f0b-4936-8f17-bb7e415b5287(fv-az208-208.e0tah0prcmautdldtlfxyeofwf.cx.internal.cloudapp.net/10.1.0.30)fa3625a9-0e11-4f6d-9001-6678f3778837(fv-az208-208.e0tah0prcmautdldtlfxyeofwf.cx.internal.cloudapp.net/10.1.0.30)d61499ed-03ab-4261-8165-c3404d6b8549(fv-az208-208.e0tah0prcmautdldtlfxyeofwf.cx.internal.cloudapp.net/10.1.0.30)55908a94-3412-422c-9085-6a0ac52bc795(fv-az208-208.e0tah0prcmautdldtlfxyeofwf.cx.internal.cloudapp.net/10.1.0.30)814a2953-5a54-4816-82bb-cea6b8923059(fv-az208-208.e0tah0prcmautdldtlfxyeofwf.cx.internal.cloudapp.net/10.1.0.30), ReplicationConfig: EC{rs-3-2-1024k}, State:ALLOCATED, leaderId:, CreationTimestamp2023-06-22T13:18:03.901Z[Etc/UTC]].
2023-06-22 13:18:03,903 [IPC Server handler 4 on default port 15001] INFO  pipeline.PipelineManagerImpl (PipelineManagerImpl.java:openPipeline(367)) - Pipeline Pipeline[ Id: 84b7c823-00d3-4ef0-8559-d297e9caf504, Nodes: fb1e6b4b-5f0b-4936-8f17-bb7e415b5287(fv-az208-208.e0tah0prcmautdldtlfxyeofwf.cx.internal.cloudapp.net/10.1.0.30)fa3625a9-0e11-4f6d-9001-6678f3778837(fv-az208-208.e0tah0prcmautdldtlfxyeofwf.cx.internal.cloudapp.net/10.1.0.30)d61499ed-03ab-4261-8165-c3404d6b8549(fv-az208-208.e0tah0prcmautdldtlfxyeofwf.cx.internal.cloudapp.net/10.1.0.30)55908a94-3412-422c-9085-6a0ac52bc795(fv-az208-208.e0tah0prcmautdldtlfxyeofwf.cx.internal.cloudapp.net/10.1.0.30)814a2953-5a54-4816-82bb-cea6b8923059(fv-az208-208.e0tah0prcmautdldtlfxyeofwf.cx.internal.cloudapp.net/10.1.0.30), ReplicationConfig: EC{rs-3-2-1024k}, State:ALLOCATED, leaderId:, CreationTimestamp2023-06-22T13:18:03.901Z[Etc/UTC]] moved to OPEN state
2023-06-22 13:18:03,956 [Time-limited test] WARN  erasurecode.ErasureCodeNative (ErasureCodeNative.java:<clinit>(55)) - ISA-L support is not available in your platform... using builtin-java codec where applicable
]]></system-out>
  </testcase>
  <testcase name="testCreateAndCheckECFileDiskUsage" classname="TestRootedOzoneFileSystemWithFSO" time="0.156">
    <system-out><![CDATA[2023-06-22 13:19:04,708 [Time-limited test] INFO  rpc.RpcClient (RpcClient.java:createVolume(459)) - Creating Volume: volume52972, with user68617 as owner and space quota set to -1 bytes, counts quota set to -1
2023-06-22 13:19:04,709 [IPC Server handler 16 on default port 15057] INFO  volume.OMVolumeCreateRequest (OMVolumeCreateRequest.java:validateAndUpdateCache(196)) - created volume:volume52972 for user:user68617
2023-06-22 13:19:04,711 [Time-limited test] INFO  rpc.RpcClient (RpcClient.java:createBucket(686)) - Creating Bucket: volume52972/bucket85481, with bucket layout FILE_SYSTEM_OPTIMIZED, runner as owner, Versioning false, Storage Type set to DISK and Encryption set to false, Replication Type set to server-side default replication type, Namespace Quota set to -1, Space Quota set to -1 
2023-06-22 13:19:04,711 [IPC Server handler 18 on default port 15057] INFO  bucket.OMBucketCreateRequest (OMBucketCreateRequest.java:validateAndUpdateCache(270)) - created bucket: bucket85481 of layout FILE_SYSTEM_OPTIMIZED in volume: volume52972
2023-06-22 13:19:04,717 [IPC Server handler 7 on default port 15054] INFO  pipeline.PipelineStateManagerImpl (PipelineStateManagerImpl.java:addPipeline(103)) - Created pipeline Pipeline[ Id: a6fb434a-ea72-4cde-b453-faa31adc75a1, Nodes: 2f5d805c-9187-458a-a4cb-1b814143bdc5(fv-az208-208.e0tah0prcmautdldtlfxyeofwf.cx.internal.cloudapp.net/10.1.0.30)f6e3fb16-2d06-4033-8c03-0f6e278ccaca(fv-az208-208.e0tah0prcmautdldtlfxyeofwf.cx.internal.cloudapp.net/10.1.0.30)f35f0a8c-90e3-4c0e-82f0-ebea9a45f0ef(fv-az208-208.e0tah0prcmautdldtlfxyeofwf.cx.internal.cloudapp.net/10.1.0.30)48fae9b8-4a64-47c7-9afa-6a245820b276(fv-az208-208.e0tah0prcmautdldtlfxyeofwf.cx.internal.cloudapp.net/10.1.0.30)2d8cad12-2e65-4624-85ce-d7a0d9018b77(fv-az208-208.e0tah0prcmautdldtlfxyeofwf.cx.internal.cloudapp.net/10.1.0.30), ReplicationConfig: EC{rs-3-2-1024k}, State:ALLOCATED, leaderId:, CreationTimestamp2023-06-22T13:19:04.716Z[Etc/UTC]].
2023-06-22 13:19:04,718 [IPC Server handler 7 on default port 15054] INFO  pipeline.PipelineManagerImpl (PipelineManagerImpl.java:openPipeline(367)) - Pipeline Pipeline[ Id: a6fb434a-ea72-4cde-b453-faa31adc75a1, Nodes: 2f5d805c-9187-458a-a4cb-1b814143bdc5(fv-az208-208.e0tah0prcmautdldtlfxyeofwf.cx.internal.cloudapp.net/10.1.0.30)f6e3fb16-2d06-4033-8c03-0f6e278ccaca(fv-az208-208.e0tah0prcmautdldtlfxyeofwf.cx.internal.cloudapp.net/10.1.0.30)f35f0a8c-90e3-4c0e-82f0-ebea9a45f0ef(fv-az208-208.e0tah0prcmautdldtlfxyeofwf.cx.internal.cloudapp.net/10.1.0.30)48fae9b8-4a64-47c7-9afa-6a245820b276(fv-az208-208.e0tah0prcmautdldtlfxyeofwf.cx.internal.cloudapp.net/10.1.0.30)2d8cad12-2e65-4624-85ce-d7a0d9018b77(fv-az208-208.e0tah0prcmautdldtlfxyeofwf.cx.internal.cloudapp.net/10.1.0.30), ReplicationConfig: EC{rs-3-2-1024k}, State:ALLOCATED, leaderId:, CreationTimestamp2023-06-22T13:19:04.716Z[Etc/UTC]] moved to OPEN state
]]></system-out>
  </testcase>
  <testcase name="testListStatusIteratorWithDir" classname="TestRootedOzoneFileSystemWithFSO" time="0.073">
    <system-out><![CDATA[2023-06-22 13:18:04,228 [Time-limited test] INFO  rpc.RpcClient (RpcClient.java:createVolume(459)) - Creating Volume: volume80009, with user44565 as owner and space quota set to -1 bytes, counts quota set to -1
2023-06-22 13:18:04,236 [OM StateMachine ApplyTransaction Thread - 0] INFO  volume.OMVolumeCreateRequest (OMVolumeCreateRequest.java:validateAndUpdateCache(196)) - created volume:volume80009 for user:user44565
2023-06-22 13:18:04,237 [Time-limited test] INFO  rpc.RpcClient (RpcClient.java:createBucket(686)) - Creating Bucket: volume80009/bucket27709, with bucket layout FILE_SYSTEM_OPTIMIZED, runner as owner, Versioning false, Storage Type set to DISK and Encryption set to false, Replication Type set to server-side default replication type, Namespace Quota set to -1, Space Quota set to -1 
2023-06-22 13:18:04,238 [OM StateMachine ApplyTransaction Thread - 0] INFO  bucket.OMBucketCreateRequest (OMBucketCreateRequest.java:validateAndUpdateCache(270)) - created bucket: bucket27709 of layout FILE_SYSTEM_OPTIMIZED in volume: volume80009
]]></system-out>
  </testcase>
  <testcase name="testListStatusIteratorWithDir" classname="TestRootedOzoneFileSystemWithFSO" time="0.037">
    <system-out><![CDATA[2023-06-22 13:19:04,864 [Time-limited test] INFO  rpc.RpcClient (RpcClient.java:createVolume(459)) - Creating Volume: volume80946, with user42743 as owner and space quota set to -1 bytes, counts quota set to -1
2023-06-22 13:19:04,864 [IPC Server handler 7 on default port 15057] INFO  volume.OMVolumeCreateRequest (OMVolumeCreateRequest.java:validateAndUpdateCache(196)) - created volume:volume80946 for user:user42743
2023-06-22 13:19:04,865 [Time-limited test] INFO  rpc.RpcClient (RpcClient.java:createBucket(686)) - Creating Bucket: volume80946/bucket97987, with bucket layout FILE_SYSTEM_OPTIMIZED, runner as owner, Versioning false, Storage Type set to DISK and Encryption set to false, Replication Type set to server-side default replication type, Namespace Quota set to -1, Space Quota set to -1 
2023-06-22 13:19:04,866 [IPC Server handler 9 on default port 15057] INFO  bucket.OMBucketCreateRequest (OMBucketCreateRequest.java:validateAndUpdateCache(270)) - created bucket: bucket97987 of layout FILE_SYSTEM_OPTIMIZED in volume: volume80946
]]></system-out>
  </testcase>
  <testcase name="testListStatusOnLargeDirectory" classname="TestRootedOzoneFileSystemWithFSO" time="6.195">
    <system-out><![CDATA[2023-06-22 13:18:04,299 [Time-limited test] INFO  rpc.RpcClient (RpcClient.java:createVolume(459)) - Creating Volume: volume14298, with user41645 as owner and space quota set to -1 bytes, counts quota set to -1
2023-06-22 13:18:04,301 [OM StateMachine ApplyTransaction Thread - 0] INFO  volume.OMVolumeCreateRequest (OMVolumeCreateRequest.java:validateAndUpdateCache(196)) - created volume:volume14298 for user:user41645
2023-06-22 13:18:04,301 [Time-limited test] INFO  rpc.RpcClient (RpcClient.java:createBucket(686)) - Creating Bucket: volume14298/bucket46341, with bucket layout FILE_SYSTEM_OPTIMIZED, runner as owner, Versioning false, Storage Type set to DISK and Encryption set to false, Replication Type set to server-side default replication type, Namespace Quota set to -1, Space Quota set to -1 
2023-06-22 13:18:04,303 [OM StateMachine ApplyTransaction Thread - 0] INFO  bucket.OMBucketCreateRequest (OMBucketCreateRequest.java:validateAndUpdateCache(270)) - created bucket: bucket46341 of layout FILE_SYSTEM_OPTIMIZED in volume: volume14298
]]></system-out>
  </testcase>
  <testcase name="testListStatusOnLargeDirectory" classname="TestRootedOzoneFileSystemWithFSO" time="4.257">
    <system-out><![CDATA[2023-06-22 13:19:04,901 [Time-limited test] INFO  rpc.RpcClient (RpcClient.java:createVolume(459)) - Creating Volume: volume71689, with user61345 as owner and space quota set to -1 bytes, counts quota set to -1
2023-06-22 13:19:04,901 [IPC Server handler 15 on default port 15057] INFO  volume.OMVolumeCreateRequest (OMVolumeCreateRequest.java:validateAndUpdateCache(196)) - created volume:volume71689 for user:user61345
2023-06-22 13:19:04,902 [Time-limited test] INFO  rpc.RpcClient (RpcClient.java:createBucket(686)) - Creating Bucket: volume71689/bucket19169, with bucket layout FILE_SYSTEM_OPTIMIZED, runner as owner, Versioning false, Storage Type set to DISK and Encryption set to false, Replication Type set to server-side default replication type, Namespace Quota set to -1, Space Quota set to -1 
2023-06-22 13:19:04,903 [IPC Server handler 14 on default port 15057] INFO  bucket.OMBucketCreateRequest (OMBucketCreateRequest.java:validateAndUpdateCache(270)) - created bucket: bucket19169 of layout FILE_SYSTEM_OPTIMIZED in volume: volume71689
]]></system-out>
  </testcase>
  <testcase name="testFileSystemDeclaresCapability" classname="TestRootedOzoneFileSystemWithFSO" time="0.032">
    <system-out><![CDATA[2023-06-22 13:18:10,502 [Time-limited test] INFO  rpc.RpcClient (RpcClient.java:createVolume(459)) - Creating Volume: volume12390, with user77779 as owner and space quota set to -1 bytes, counts quota set to -1
2023-06-22 13:18:10,503 [OM StateMachine ApplyTransaction Thread - 0] INFO  volume.OMVolumeCreateRequest (OMVolumeCreateRequest.java:validateAndUpdateCache(196)) - created volume:volume12390 for user:user77779
2023-06-22 13:18:10,504 [Time-limited test] INFO  rpc.RpcClient (RpcClient.java:createBucket(686)) - Creating Bucket: volume12390/bucket87656, with bucket layout FILE_SYSTEM_OPTIMIZED, runner as owner, Versioning false, Storage Type set to DISK and Encryption set to false, Replication Type set to server-side default replication type, Namespace Quota set to -1, Space Quota set to -1 
2023-06-22 13:18:10,505 [OM StateMachine ApplyTransaction Thread - 0] INFO  bucket.OMBucketCreateRequest (OMBucketCreateRequest.java:validateAndUpdateCache(270)) - created bucket: bucket87656 of layout FILE_SYSTEM_OPTIMIZED in volume: volume12390
]]></system-out>
  </testcase>
  <testcase name="testFileSystemDeclaresCapability" classname="TestRootedOzoneFileSystemWithFSO" time="0.018">
    <system-out><![CDATA[2023-06-22 13:19:09,157 [Time-limited test] INFO  rpc.RpcClient (RpcClient.java:createVolume(459)) - Creating Volume: volume55908, with user57639 as owner and space quota set to -1 bytes, counts quota set to -1
2023-06-22 13:19:09,158 [IPC Server handler 10 on default port 15057] INFO  volume.OMVolumeCreateRequest (OMVolumeCreateRequest.java:validateAndUpdateCache(196)) - created volume:volume55908 for user:user57639
2023-06-22 13:19:09,159 [Time-limited test] INFO  rpc.RpcClient (RpcClient.java:createBucket(686)) - Creating Bucket: volume55908/bucket22753, with bucket layout FILE_SYSTEM_OPTIMIZED, runner as owner, Versioning false, Storage Type set to DISK and Encryption set to false, Replication Type set to server-side default replication type, Namespace Quota set to -1, Space Quota set to -1 
2023-06-22 13:19:09,159 [IPC Server handler 19 on default port 15057] INFO  bucket.OMBucketCreateRequest (OMBucketCreateRequest.java:validateAndUpdateCache(270)) - created bucket: bucket22753 of layout FILE_SYSTEM_OPTIMIZED in volume: volume55908
]]></system-out>
  </testcase>
  <testcase name="testRenameToDifferentBucket" classname="TestRootedOzoneFileSystemWithFSO" time="0.047">
    <system-out><![CDATA[2023-06-22 13:18:10,541 [Time-limited test] INFO  rpc.RpcClient (RpcClient.java:createVolume(459)) - Creating Volume: volume07853, with user53723 as owner and space quota set to -1 bytes, counts quota set to -1
2023-06-22 13:18:10,542 [OM StateMachine ApplyTransaction Thread - 0] INFO  volume.OMVolumeCreateRequest (OMVolumeCreateRequest.java:validateAndUpdateCache(196)) - created volume:volume07853 for user:user53723
2023-06-22 13:18:10,543 [Time-limited test] INFO  rpc.RpcClient (RpcClient.java:createBucket(686)) - Creating Bucket: volume07853/bucket81029, with bucket layout FILE_SYSTEM_OPTIMIZED, runner as owner, Versioning false, Storage Type set to DISK and Encryption set to false, Replication Type set to server-side default replication type, Namespace Quota set to -1, Space Quota set to -1 
2023-06-22 13:18:10,545 [OM StateMachine ApplyTransaction Thread - 0] INFO  bucket.OMBucketCreateRequest (OMBucketCreateRequest.java:validateAndUpdateCache(270)) - created bucket: bucket81029 of layout FILE_SYSTEM_OPTIMIZED in volume: volume07853
]]></system-out>
  </testcase>
  <testcase name="testRenameToDifferentBucket" classname="TestRootedOzoneFileSystemWithFSO" time="0.032">
    <system-out><![CDATA[2023-06-22 13:19:09,182 [Time-limited test] INFO  rpc.RpcClient (RpcClient.java:createVolume(459)) - Creating Volume: volume96143, with user55356 as owner and space quota set to -1 bytes, counts quota set to -1
2023-06-22 13:19:09,183 [IPC Server handler 11 on default port 15057] INFO  volume.OMVolumeCreateRequest (OMVolumeCreateRequest.java:validateAndUpdateCache(196)) - created volume:volume96143 for user:user55356
2023-06-22 13:19:09,184 [Time-limited test] INFO  rpc.RpcClient (RpcClient.java:createBucket(686)) - Creating Bucket: volume96143/bucket52260, with bucket layout FILE_SYSTEM_OPTIMIZED, runner as owner, Versioning false, Storage Type set to DISK and Encryption set to false, Replication Type set to server-side default replication type, Namespace Quota set to -1, Space Quota set to -1 
2023-06-22 13:19:09,184 [IPC Server handler 15 on default port 15057] INFO  bucket.OMBucketCreateRequest (OMBucketCreateRequest.java:validateAndUpdateCache(270)) - created bucket: bucket52260 of layout FILE_SYSTEM_OPTIMIZED in volume: volume96143
]]></system-out>
  </testcase>
  <testcase name="testBucketDefaultsShouldBeInheritedToFileForEC" classname="TestRootedOzoneFileSystemWithFSO" time="0.18">
    <system-out><![CDATA[2023-06-22 13:18:10,574 [Time-limited test] INFO  rpc.RpcClient (RpcClient.java:createVolume(459)) - Creating Volume: volume70818, with user60463 as owner and space quota set to -1 bytes, counts quota set to -1
2023-06-22 13:18:10,575 [OM StateMachine ApplyTransaction Thread - 0] INFO  volume.OMVolumeCreateRequest (OMVolumeCreateRequest.java:validateAndUpdateCache(196)) - created volume:volume70818 for user:user60463
2023-06-22 13:18:10,577 [Time-limited test] INFO  rpc.RpcClient (RpcClient.java:createBucket(686)) - Creating Bucket: volume70818/bucket80837, with bucket layout FILE_SYSTEM_OPTIMIZED, runner as owner, Versioning false, Storage Type set to DISK and Encryption set to false, Replication Type set to server-side default replication type, Namespace Quota set to -1, Space Quota set to -1 
2023-06-22 13:18:10,577 [OM StateMachine ApplyTransaction Thread - 0] INFO  bucket.OMBucketCreateRequest (OMBucketCreateRequest.java:validateAndUpdateCache(270)) - created bucket: bucket80837 of layout FILE_SYSTEM_OPTIMIZED in volume: volume70818
2023-06-22 13:18:10,587 [Time-limited test] INFO  rpc.RpcClient (RpcClient.java:createVolume(459)) - Creating Volume: 24a47eb3-fb9e-439b-9f3f-06bd4cb2209a, with user41691 as owner and space quota set to -1 bytes, counts quota set to -1
2023-06-22 13:18:10,588 [OM StateMachine ApplyTransaction Thread - 0] INFO  volume.OMVolumeCreateRequest (OMVolumeCreateRequest.java:validateAndUpdateCache(196)) - created volume:24a47eb3-fb9e-439b-9f3f-06bd4cb2209a for user:user41691
2023-06-22 13:18:10,589 [Time-limited test] INFO  rpc.RpcClient (RpcClient.java:createBucket(686)) - Creating Bucket: 24a47eb3-fb9e-439b-9f3f-06bd4cb2209a/7c7e5ea3-df41-4f40-aa73-5ddbb079558a, with bucket layout LEGACY, runner as owner, Versioning false, Storage Type set to DISK and Encryption set to false, Replication Type set to EC, Namespace Quota set to -1, Space Quota set to -1 
2023-06-22 13:18:10,590 [OM StateMachine ApplyTransaction Thread - 0] INFO  bucket.OMBucketCreateRequest (OMBucketCreateRequest.java:validateAndUpdateCache(270)) - created bucket: 7c7e5ea3-df41-4f40-aa73-5ddbb079558a of layout LEGACY in volume: 24a47eb3-fb9e-439b-9f3f-06bd4cb2209a
2023-06-22 13:18:10,595 [IPC Server handler 19 on default port 15001] INFO  pipeline.PipelineStateManagerImpl (PipelineStateManagerImpl.java:addPipeline(103)) - Created pipeline Pipeline[ Id: 6deabfd6-bea0-4a5f-9a1c-9524a9696e50, Nodes: fb1e6b4b-5f0b-4936-8f17-bb7e415b5287(fv-az208-208.e0tah0prcmautdldtlfxyeofwf.cx.internal.cloudapp.net/10.1.0.30)d61499ed-03ab-4261-8165-c3404d6b8549(fv-az208-208.e0tah0prcmautdldtlfxyeofwf.cx.internal.cloudapp.net/10.1.0.30)fa3625a9-0e11-4f6d-9001-6678f3778837(fv-az208-208.e0tah0prcmautdldtlfxyeofwf.cx.internal.cloudapp.net/10.1.0.30)814a2953-5a54-4816-82bb-cea6b8923059(fv-az208-208.e0tah0prcmautdldtlfxyeofwf.cx.internal.cloudapp.net/10.1.0.30)55908a94-3412-422c-9085-6a0ac52bc795(fv-az208-208.e0tah0prcmautdldtlfxyeofwf.cx.internal.cloudapp.net/10.1.0.30), ReplicationConfig: EC{rs-3-2-1024k}, State:ALLOCATED, leaderId:, CreationTimestamp2023-06-22T13:18:10.594Z[Etc/UTC]].
2023-06-22 13:18:10,596 [IPC Server handler 19 on default port 15001] INFO  pipeline.PipelineManagerImpl (PipelineManagerImpl.java:openPipeline(367)) - Pipeline Pipeline[ Id: 6deabfd6-bea0-4a5f-9a1c-9524a9696e50, Nodes: fb1e6b4b-5f0b-4936-8f17-bb7e415b5287(fv-az208-208.e0tah0prcmautdldtlfxyeofwf.cx.internal.cloudapp.net/10.1.0.30)d61499ed-03ab-4261-8165-c3404d6b8549(fv-az208-208.e0tah0prcmautdldtlfxyeofwf.cx.internal.cloudapp.net/10.1.0.30)fa3625a9-0e11-4f6d-9001-6678f3778837(fv-az208-208.e0tah0prcmautdldtlfxyeofwf.cx.internal.cloudapp.net/10.1.0.30)814a2953-5a54-4816-82bb-cea6b8923059(fv-az208-208.e0tah0prcmautdldtlfxyeofwf.cx.internal.cloudapp.net/10.1.0.30)55908a94-3412-422c-9085-6a0ac52bc795(fv-az208-208.e0tah0prcmautdldtlfxyeofwf.cx.internal.cloudapp.net/10.1.0.30), ReplicationConfig: EC{rs-3-2-1024k}, State:ALLOCATED, leaderId:, CreationTimestamp2023-06-22T13:18:10.594Z[Etc/UTC]] moved to OPEN state
2023-06-22 13:18:10,738 [IPC Server handler 4 on default port 15001] WARN  node.SCMNodeManager (SCMNodeManager.java:getNodesByAddress(1377)) - Cannot find node for address 127.0.0.1
]]></system-out>
  </testcase>
  <testcase name="testBucketDefaultsShouldBeInheritedToFileForEC" classname="TestRootedOzoneFileSystemWithFSO" time="0.131">
    <system-out><![CDATA[2023-06-22 13:19:09,210 [Time-limited test] INFO  rpc.RpcClient (RpcClient.java:createVolume(459)) - Creating Volume: volume39335, with user62715 as owner and space quota set to -1 bytes, counts quota set to -1
2023-06-22 13:19:09,211 [IPC Server handler 8 on default port 15057] INFO  volume.OMVolumeCreateRequest (OMVolumeCreateRequest.java:validateAndUpdateCache(196)) - created volume:volume39335 for user:user62715
2023-06-22 13:19:09,212 [Time-limited test] INFO  rpc.RpcClient (RpcClient.java:createBucket(686)) - Creating Bucket: volume39335/bucket93286, with bucket layout FILE_SYSTEM_OPTIMIZED, runner as owner, Versioning false, Storage Type set to DISK and Encryption set to false, Replication Type set to server-side default replication type, Namespace Quota set to -1, Space Quota set to -1 
2023-06-22 13:19:09,212 [IPC Server handler 10 on default port 15057] INFO  bucket.OMBucketCreateRequest (OMBucketCreateRequest.java:validateAndUpdateCache(270)) - created bucket: bucket93286 of layout FILE_SYSTEM_OPTIMIZED in volume: volume39335
2023-06-22 13:19:09,222 [Time-limited test] INFO  rpc.RpcClient (RpcClient.java:createVolume(459)) - Creating Volume: ed7d6a90-e3a7-45cf-a1d2-7a96715a952e, with user91268 as owner and space quota set to -1 bytes, counts quota set to -1
2023-06-22 13:19:09,223 [IPC Server handler 19 on default port 15057] INFO  volume.OMVolumeCreateRequest (OMVolumeCreateRequest.java:validateAndUpdateCache(196)) - created volume:ed7d6a90-e3a7-45cf-a1d2-7a96715a952e for user:user91268
2023-06-22 13:19:09,225 [Time-limited test] INFO  rpc.RpcClient (RpcClient.java:createBucket(686)) - Creating Bucket: ed7d6a90-e3a7-45cf-a1d2-7a96715a952e/daf98722-4044-4587-b1e4-f89a9486823a, with bucket layout LEGACY, runner as owner, Versioning false, Storage Type set to DISK and Encryption set to false, Replication Type set to EC, Namespace Quota set to -1, Space Quota set to -1 
2023-06-22 13:19:09,225 [IPC Server handler 16 on default port 15057] INFO  bucket.OMBucketCreateRequest (OMBucketCreateRequest.java:validateAndUpdateCache(270)) - created bucket: daf98722-4044-4587-b1e4-f89a9486823a of layout LEGACY in volume: ed7d6a90-e3a7-45cf-a1d2-7a96715a952e
2023-06-22 13:19:09,229 [IPC Server handler 6 on default port 15054] INFO  pipeline.PipelineStateManagerImpl (PipelineStateManagerImpl.java:addPipeline(103)) - Created pipeline Pipeline[ Id: 737289a1-f717-4d54-a7a4-fa8413f74684, Nodes: 2f5d805c-9187-458a-a4cb-1b814143bdc5(fv-az208-208.e0tah0prcmautdldtlfxyeofwf.cx.internal.cloudapp.net/10.1.0.30)f6e3fb16-2d06-4033-8c03-0f6e278ccaca(fv-az208-208.e0tah0prcmautdldtlfxyeofwf.cx.internal.cloudapp.net/10.1.0.30)f35f0a8c-90e3-4c0e-82f0-ebea9a45f0ef(fv-az208-208.e0tah0prcmautdldtlfxyeofwf.cx.internal.cloudapp.net/10.1.0.30)2d8cad12-2e65-4624-85ce-d7a0d9018b77(fv-az208-208.e0tah0prcmautdldtlfxyeofwf.cx.internal.cloudapp.net/10.1.0.30)48fae9b8-4a64-47c7-9afa-6a245820b276(fv-az208-208.e0tah0prcmautdldtlfxyeofwf.cx.internal.cloudapp.net/10.1.0.30), ReplicationConfig: EC{rs-3-2-1024k}, State:ALLOCATED, leaderId:, CreationTimestamp2023-06-22T13:19:09.229Z[Etc/UTC]].
2023-06-22 13:19:09,230 [IPC Server handler 6 on default port 15054] INFO  pipeline.PipelineManagerImpl (PipelineManagerImpl.java:openPipeline(367)) - Pipeline Pipeline[ Id: 737289a1-f717-4d54-a7a4-fa8413f74684, Nodes: 2f5d805c-9187-458a-a4cb-1b814143bdc5(fv-az208-208.e0tah0prcmautdldtlfxyeofwf.cx.internal.cloudapp.net/10.1.0.30)f6e3fb16-2d06-4033-8c03-0f6e278ccaca(fv-az208-208.e0tah0prcmautdldtlfxyeofwf.cx.internal.cloudapp.net/10.1.0.30)f35f0a8c-90e3-4c0e-82f0-ebea9a45f0ef(fv-az208-208.e0tah0prcmautdldtlfxyeofwf.cx.internal.cloudapp.net/10.1.0.30)2d8cad12-2e65-4624-85ce-d7a0d9018b77(fv-az208-208.e0tah0prcmautdldtlfxyeofwf.cx.internal.cloudapp.net/10.1.0.30)48fae9b8-4a64-47c7-9afa-6a245820b276(fv-az208-208.e0tah0prcmautdldtlfxyeofwf.cx.internal.cloudapp.net/10.1.0.30), ReplicationConfig: EC{rs-3-2-1024k}, State:ALLOCATED, leaderId:, CreationTimestamp2023-06-22T13:19:09.229Z[Etc/UTC]] moved to OPEN state
2023-06-22 13:19:09,324 [IPC Server handler 7 on default port 15054] WARN  node.SCMNodeManager (SCMNodeManager.java:getNodesByAddress(1377)) - Cannot find node for address 127.0.0.1
]]></system-out>
  </testcase>
  <testcase name="testListStatusInBucket" classname="TestRootedOzoneFileSystemWithFSO" time="0.033">
    <system-out><![CDATA[2023-06-22 13:18:10,755 [Time-limited test] INFO  rpc.RpcClient (RpcClient.java:createVolume(459)) - Creating Volume: volume68294, with user29561 as owner and space quota set to -1 bytes, counts quota set to -1
2023-06-22 13:18:10,757 [OM StateMachine ApplyTransaction Thread - 0] INFO  volume.OMVolumeCreateRequest (OMVolumeCreateRequest.java:validateAndUpdateCache(196)) - created volume:volume68294 for user:user29561
2023-06-22 13:18:10,758 [Time-limited test] INFO  rpc.RpcClient (RpcClient.java:createBucket(686)) - Creating Bucket: volume68294/bucket93647, with bucket layout FILE_SYSTEM_OPTIMIZED, runner as owner, Versioning false, Storage Type set to DISK and Encryption set to false, Replication Type set to server-side default replication type, Namespace Quota set to -1, Space Quota set to -1 
2023-06-22 13:18:10,759 [OM StateMachine ApplyTransaction Thread - 0] INFO  bucket.OMBucketCreateRequest (OMBucketCreateRequest.java:validateAndUpdateCache(270)) - created bucket: bucket93647 of layout FILE_SYSTEM_OPTIMIZED in volume: volume68294
]]></system-out>
  </testcase>
  <testcase name="testListStatusInBucket" classname="TestRootedOzoneFileSystemWithFSO" time="0.024">
    <system-out><![CDATA[2023-06-22 13:19:09,341 [Time-limited test] INFO  rpc.RpcClient (RpcClient.java:createVolume(459)) - Creating Volume: volume93775, with user55470 as owner and space quota set to -1 bytes, counts quota set to -1
2023-06-22 13:19:09,342 [IPC Server handler 17 on default port 15057] INFO  volume.OMVolumeCreateRequest (OMVolumeCreateRequest.java:validateAndUpdateCache(196)) - created volume:volume93775 for user:user55470
2023-06-22 13:19:09,342 [Time-limited test] INFO  rpc.RpcClient (RpcClient.java:createBucket(686)) - Creating Bucket: volume93775/bucket82061, with bucket layout FILE_SYSTEM_OPTIMIZED, runner as owner, Versioning false, Storage Type set to DISK and Encryption set to false, Replication Type set to server-side default replication type, Namespace Quota set to -1, Space Quota set to -1 
2023-06-22 13:19:09,343 [IPC Server handler 4 on default port 15057] INFO  bucket.OMBucketCreateRequest (OMBucketCreateRequest.java:validateAndUpdateCache(270)) - created bucket: bucket82061 of layout FILE_SYSTEM_OPTIMIZED in volume: volume93775
]]></system-out>
  </testcase>
  <testcase name="testRenameFileToDir" classname="TestRootedOzoneFileSystemWithFSO" time="0.035">
    <system-out><![CDATA[2023-06-22 13:18:10,792 [Time-limited test] INFO  rpc.RpcClient (RpcClient.java:createVolume(459)) - Creating Volume: volume13563, with user02009 as owner and space quota set to -1 bytes, counts quota set to -1
2023-06-22 13:18:10,793 [OM StateMachine ApplyTransaction Thread - 0] INFO  volume.OMVolumeCreateRequest (OMVolumeCreateRequest.java:validateAndUpdateCache(196)) - created volume:volume13563 for user:user02009
2023-06-22 13:18:10,793 [Time-limited test] INFO  rpc.RpcClient (RpcClient.java:createBucket(686)) - Creating Bucket: volume13563/bucket64632, with bucket layout FILE_SYSTEM_OPTIMIZED, runner as owner, Versioning false, Storage Type set to DISK and Encryption set to false, Replication Type set to server-side default replication type, Namespace Quota set to -1, Space Quota set to -1 
2023-06-22 13:18:10,794 [OM StateMachine ApplyTransaction Thread - 0] INFO  bucket.OMBucketCreateRequest (OMBucketCreateRequest.java:validateAndUpdateCache(270)) - created bucket: bucket64632 of layout FILE_SYSTEM_OPTIMIZED in volume: volume13563
]]></system-out>
  </testcase>
  <testcase name="testRenameFileToDir" classname="TestRootedOzoneFileSystemWithFSO" time="0.029">
    <system-out><![CDATA[2023-06-22 13:19:09,366 [Time-limited test] INFO  rpc.RpcClient (RpcClient.java:createVolume(459)) - Creating Volume: volume57346, with user46311 as owner and space quota set to -1 bytes, counts quota set to -1
2023-06-22 13:19:09,367 [IPC Server handler 14 on default port 15057] INFO  volume.OMVolumeCreateRequest (OMVolumeCreateRequest.java:validateAndUpdateCache(196)) - created volume:volume57346 for user:user46311
2023-06-22 13:19:09,367 [Time-limited test] INFO  rpc.RpcClient (RpcClient.java:createBucket(686)) - Creating Bucket: volume57346/bucket32197, with bucket layout FILE_SYSTEM_OPTIMIZED, runner as owner, Versioning false, Storage Type set to DISK and Encryption set to false, Replication Type set to server-side default replication type, Namespace Quota set to -1, Space Quota set to -1 
2023-06-22 13:19:09,368 [IPC Server handler 12 on default port 15057] INFO  bucket.OMBucketCreateRequest (OMBucketCreateRequest.java:validateAndUpdateCache(270)) - created bucket: bucket32197 of layout FILE_SYSTEM_OPTIMIZED in volume: volume57346
]]></system-out>
  </testcase>
  <testcase name="testListStatusWithIntermediateDirWithECEnabled" classname="TestRootedOzoneFileSystemWithFSO" time="0.141">
    <system-out><![CDATA[2023-06-22 13:18:10,826 [Time-limited test] INFO  rpc.RpcClient (RpcClient.java:createVolume(459)) - Creating Volume: volume91965, with user64944 as owner and space quota set to -1 bytes, counts quota set to -1
2023-06-22 13:18:10,826 [OM StateMachine ApplyTransaction Thread - 0] INFO  volume.OMVolumeCreateRequest (OMVolumeCreateRequest.java:validateAndUpdateCache(196)) - created volume:volume91965 for user:user64944
2023-06-22 13:18:10,828 [Time-limited test] INFO  rpc.RpcClient (RpcClient.java:createBucket(686)) - Creating Bucket: volume91965/bucket86298, with bucket layout FILE_SYSTEM_OPTIMIZED, runner as owner, Versioning false, Storage Type set to DISK and Encryption set to false, Replication Type set to server-side default replication type, Namespace Quota set to -1, Space Quota set to -1 
2023-06-22 13:18:10,829 [OM StateMachine ApplyTransaction Thread - 0] INFO  bucket.OMBucketCreateRequest (OMBucketCreateRequest.java:validateAndUpdateCache(270)) - created bucket: bucket86298 of layout FILE_SYSTEM_OPTIMIZED in volume: volume91965
2023-06-22 13:18:10,832 [IPC Server handler 8 on default port 15001] INFO  pipeline.PipelineStateManagerImpl (PipelineStateManagerImpl.java:addPipeline(103)) - Created pipeline Pipeline[ Id: e61ba048-dd90-4959-a5ae-4a18ef5b685a, Nodes: 814a2953-5a54-4816-82bb-cea6b8923059(fv-az208-208.e0tah0prcmautdldtlfxyeofwf.cx.internal.cloudapp.net/10.1.0.30)fb1e6b4b-5f0b-4936-8f17-bb7e415b5287(fv-az208-208.e0tah0prcmautdldtlfxyeofwf.cx.internal.cloudapp.net/10.1.0.30)d61499ed-03ab-4261-8165-c3404d6b8549(fv-az208-208.e0tah0prcmautdldtlfxyeofwf.cx.internal.cloudapp.net/10.1.0.30)fa3625a9-0e11-4f6d-9001-6678f3778837(fv-az208-208.e0tah0prcmautdldtlfxyeofwf.cx.internal.cloudapp.net/10.1.0.30)55908a94-3412-422c-9085-6a0ac52bc795(fv-az208-208.e0tah0prcmautdldtlfxyeofwf.cx.internal.cloudapp.net/10.1.0.30), ReplicationConfig: EC{rs-3-2-1024k}, State:ALLOCATED, leaderId:, CreationTimestamp2023-06-22T13:18:10.831Z[Etc/UTC]].
2023-06-22 13:18:10,832 [IPC Server handler 8 on default port 15001] INFO  pipeline.PipelineManagerImpl (PipelineManagerImpl.java:openPipeline(367)) - Pipeline Pipeline[ Id: e61ba048-dd90-4959-a5ae-4a18ef5b685a, Nodes: 814a2953-5a54-4816-82bb-cea6b8923059(fv-az208-208.e0tah0prcmautdldtlfxyeofwf.cx.internal.cloudapp.net/10.1.0.30)fb1e6b4b-5f0b-4936-8f17-bb7e415b5287(fv-az208-208.e0tah0prcmautdldtlfxyeofwf.cx.internal.cloudapp.net/10.1.0.30)d61499ed-03ab-4261-8165-c3404d6b8549(fv-az208-208.e0tah0prcmautdldtlfxyeofwf.cx.internal.cloudapp.net/10.1.0.30)fa3625a9-0e11-4f6d-9001-6678f3778837(fv-az208-208.e0tah0prcmautdldtlfxyeofwf.cx.internal.cloudapp.net/10.1.0.30)55908a94-3412-422c-9085-6a0ac52bc795(fv-az208-208.e0tah0prcmautdldtlfxyeofwf.cx.internal.cloudapp.net/10.1.0.30), ReplicationConfig: EC{rs-3-2-1024k}, State:ALLOCATED, leaderId:, CreationTimestamp2023-06-22T13:18:10.831Z[Etc/UTC]] moved to OPEN state
]]></system-out>
  </testcase>
  <testcase name="testListStatusWithIntermediateDirWithECEnabled" classname="TestRootedOzoneFileSystemWithFSO" time="0.104">
    <system-out><![CDATA[2023-06-22 13:19:09,394 [Time-limited test] INFO  rpc.RpcClient (RpcClient.java:createVolume(459)) - Creating Volume: volume96735, with user99317 as owner and space quota set to -1 bytes, counts quota set to -1
2023-06-22 13:19:09,395 [IPC Server handler 8 on default port 15057] INFO  volume.OMVolumeCreateRequest (OMVolumeCreateRequest.java:validateAndUpdateCache(196)) - created volume:volume96735 for user:user99317
2023-06-22 13:19:09,396 [Time-limited test] INFO  rpc.RpcClient (RpcClient.java:createBucket(686)) - Creating Bucket: volume96735/bucket83643, with bucket layout FILE_SYSTEM_OPTIMIZED, runner as owner, Versioning false, Storage Type set to DISK and Encryption set to false, Replication Type set to server-side default replication type, Namespace Quota set to -1, Space Quota set to -1 
2023-06-22 13:19:09,396 [IPC Server handler 10 on default port 15057] INFO  bucket.OMBucketCreateRequest (OMBucketCreateRequest.java:validateAndUpdateCache(270)) - created bucket: bucket83643 of layout FILE_SYSTEM_OPTIMIZED in volume: volume96735
2023-06-22 13:19:09,399 [IPC Server handler 9 on default port 15054] INFO  pipeline.PipelineStateManagerImpl (PipelineStateManagerImpl.java:addPipeline(103)) - Created pipeline Pipeline[ Id: f1009352-2a6d-4944-8b29-5708a84b4ac1, Nodes: f35f0a8c-90e3-4c0e-82f0-ebea9a45f0ef(fv-az208-208.e0tah0prcmautdldtlfxyeofwf.cx.internal.cloudapp.net/10.1.0.30)2f5d805c-9187-458a-a4cb-1b814143bdc5(fv-az208-208.e0tah0prcmautdldtlfxyeofwf.cx.internal.cloudapp.net/10.1.0.30)2d8cad12-2e65-4624-85ce-d7a0d9018b77(fv-az208-208.e0tah0prcmautdldtlfxyeofwf.cx.internal.cloudapp.net/10.1.0.30)48fae9b8-4a64-47c7-9afa-6a245820b276(fv-az208-208.e0tah0prcmautdldtlfxyeofwf.cx.internal.cloudapp.net/10.1.0.30)f6e3fb16-2d06-4033-8c03-0f6e278ccaca(fv-az208-208.e0tah0prcmautdldtlfxyeofwf.cx.internal.cloudapp.net/10.1.0.30), ReplicationConfig: EC{rs-3-2-1024k}, State:ALLOCATED, leaderId:, CreationTimestamp2023-06-22T13:19:09.398Z[Etc/UTC]].
2023-06-22 13:19:09,399 [IPC Server handler 9 on default port 15054] INFO  pipeline.PipelineManagerImpl (PipelineManagerImpl.java:openPipeline(367)) - Pipeline Pipeline[ Id: f1009352-2a6d-4944-8b29-5708a84b4ac1, Nodes: f35f0a8c-90e3-4c0e-82f0-ebea9a45f0ef(fv-az208-208.e0tah0prcmautdldtlfxyeofwf.cx.internal.cloudapp.net/10.1.0.30)2f5d805c-9187-458a-a4cb-1b814143bdc5(fv-az208-208.e0tah0prcmautdldtlfxyeofwf.cx.internal.cloudapp.net/10.1.0.30)2d8cad12-2e65-4624-85ce-d7a0d9018b77(fv-az208-208.e0tah0prcmautdldtlfxyeofwf.cx.internal.cloudapp.net/10.1.0.30)48fae9b8-4a64-47c7-9afa-6a245820b276(fv-az208-208.e0tah0prcmautdldtlfxyeofwf.cx.internal.cloudapp.net/10.1.0.30)f6e3fb16-2d06-4033-8c03-0f6e278ccaca(fv-az208-208.e0tah0prcmautdldtlfxyeofwf.cx.internal.cloudapp.net/10.1.0.30), ReplicationConfig: EC{rs-3-2-1024k}, State:ALLOCATED, leaderId:, CreationTimestamp2023-06-22T13:19:09.398Z[Etc/UTC]] moved to OPEN state
]]></system-out>
  </testcase>
  <testcase name="testSetTimes" classname="TestRootedOzoneFileSystemWithFSO" time="0.115">
    <system-out><![CDATA[2023-06-22 13:18:10,973 [Time-limited test] INFO  rpc.RpcClient (RpcClient.java:createVolume(459)) - Creating Volume: volume63312, with user00483 as owner and space quota set to -1 bytes, counts quota set to -1
2023-06-22 13:18:10,974 [OM StateMachine ApplyTransaction Thread - 0] INFO  volume.OMVolumeCreateRequest (OMVolumeCreateRequest.java:validateAndUpdateCache(196)) - created volume:volume63312 for user:user00483
2023-06-22 13:18:10,975 [Time-limited test] INFO  rpc.RpcClient (RpcClient.java:createBucket(686)) - Creating Bucket: volume63312/bucket35915, with bucket layout FILE_SYSTEM_OPTIMIZED, runner as owner, Versioning false, Storage Type set to DISK and Encryption set to false, Replication Type set to server-side default replication type, Namespace Quota set to -1, Space Quota set to -1 
2023-06-22 13:18:10,975 [OM StateMachine ApplyTransaction Thread - 0] INFO  bucket.OMBucketCreateRequest (OMBucketCreateRequest.java:validateAndUpdateCache(270)) - created bucket: bucket35915 of layout FILE_SYSTEM_OPTIMIZED in volume: volume63312
2023-06-22 13:18:10,986 [Time-limited test] INFO  rpc.RpcClient (RpcClient.java:createVolume(459)) - Creating Volume: volume12022, with user43650 as owner and space quota set to -1 bytes, counts quota set to -1
2023-06-22 13:18:10,986 [OM StateMachine ApplyTransaction Thread - 0] INFO  volume.OMVolumeCreateRequest (OMVolumeCreateRequest.java:validateAndUpdateCache(196)) - created volume:volume12022 for user:user43650
2023-06-22 13:18:10,988 [Time-limited test] INFO  rpc.RpcClient (RpcClient.java:createBucket(686)) - Creating Bucket: volume12022/bucket59503, with bucket layout FILE_SYSTEM_OPTIMIZED, runner as owner, Versioning false, Storage Type set to DISK and Encryption set to false, Replication Type set to server-side default replication type, Namespace Quota set to -1, Space Quota set to -1 
2023-06-22 13:18:10,989 [OM StateMachine ApplyTransaction Thread - 0] INFO  bucket.OMBucketCreateRequest (OMBucketCreateRequest.java:validateAndUpdateCache(270)) - created bucket: bucket59503 of layout FILE_SYSTEM_OPTIMIZED in volume: volume12022
]]></system-out>
  </testcase>
  <testcase name="testSetTimes" classname="TestRootedOzoneFileSystemWithFSO" time="0.093">
    <system-out><![CDATA[2023-06-22 13:19:09,498 [Time-limited test] INFO  rpc.RpcClient (RpcClient.java:createVolume(459)) - Creating Volume: volume49910, with user44021 as owner and space quota set to -1 bytes, counts quota set to -1
2023-06-22 13:19:09,498 [IPC Server handler 6 on default port 15057] INFO  volume.OMVolumeCreateRequest (OMVolumeCreateRequest.java:validateAndUpdateCache(196)) - created volume:volume49910 for user:user44021
2023-06-22 13:19:09,499 [Time-limited test] INFO  rpc.RpcClient (RpcClient.java:createBucket(686)) - Creating Bucket: volume49910/bucket32662, with bucket layout FILE_SYSTEM_OPTIMIZED, runner as owner, Versioning false, Storage Type set to DISK and Encryption set to false, Replication Type set to server-side default replication type, Namespace Quota set to -1, Space Quota set to -1 
2023-06-22 13:19:09,499 [IPC Server handler 2 on default port 15057] INFO  bucket.OMBucketCreateRequest (OMBucketCreateRequest.java:validateAndUpdateCache(270)) - created bucket: bucket32662 of layout FILE_SYSTEM_OPTIMIZED in volume: volume49910
2023-06-22 13:19:09,509 [Time-limited test] INFO  rpc.RpcClient (RpcClient.java:createVolume(459)) - Creating Volume: volume93025, with user19604 as owner and space quota set to -1 bytes, counts quota set to -1
2023-06-22 13:19:09,509 [IPC Server handler 3 on default port 15057] INFO  volume.OMVolumeCreateRequest (OMVolumeCreateRequest.java:validateAndUpdateCache(196)) - created volume:volume93025 for user:user19604
2023-06-22 13:19:09,510 [Time-limited test] INFO  rpc.RpcClient (RpcClient.java:createBucket(686)) - Creating Bucket: volume93025/bucket85698, with bucket layout FILE_SYSTEM_OPTIMIZED, runner as owner, Versioning false, Storage Type set to DISK and Encryption set to false, Replication Type set to server-side default replication type, Namespace Quota set to -1, Space Quota set to -1 
2023-06-22 13:19:09,510 [IPC Server handler 8 on default port 15057] INFO  bucket.OMBucketCreateRequest (OMBucketCreateRequest.java:validateAndUpdateCache(270)) - created bucket: bucket85698 of layout FILE_SYSTEM_OPTIMIZED in volume: volume93025
]]></system-out>
  </testcase>
</testsuite>