<?xml version="1.0" encoding="UTF-8"?>
<testsuite xmlns:xsi="http://www.w3.org/2001/XMLSchema-instance" xsi:noNamespaceSchemaLocation="https://maven.apache.org/surefire/maven-surefire-plugin/xsd/surefire-test-report-3.0.xsd" version="3.0" name="org.apache.hadoop.ozone.container.common.statemachine.commandhandler.TestBlockDeletion" time="127.822" tests="3" errors="1" skipped="0" failures="0">
  <properties>
    <property name="awt.toolkit" value="sun.awt.X11.XToolkit"/>
    <property name="file.encoding.pkg" value="sun.io"/>
    <property name="java.specification.version" value="1.8"/>
    <property name="sun.cpu.isalist" value=""/>
    <property name="sun.jnu.encoding" value="UTF-8"/>
    <property name="java.class.path" value="/home/runner/work/ozone/ozone/hadoop-ozone/integration-test/target/test-classes:/home/runner/work/ozone/ozone/hadoop-ozone/integration-test/target/classes:/home/runner/.m2/repository/org/apache/ozone/ozone-common/1.4.0-SNAPSHOT/ozone-common-1.4.0-SNAPSHOT.jar:/home/runner/.m2/repository/io/grpc/grpc-netty/1.51.1/grpc-netty-1.51.1.jar:/home/runner/.m2/repository/io/grpc/grpc-core/1.51.1/grpc-core-1.51.1.jar:/home/runner/.m2/repository/com/google/android/annotations/4.1.1.4/annotations-4.1.1.4.jar:/home/runner/.m2/repository/org/codehaus/mojo/animal-sniffer-annotations/1.21/animal-sniffer-annotations-1.21.jar:/home/runner/.m2/repository/com/google/errorprone/error_prone_annotations/2.2.0/error_prone_annotations-2.2.0.jar:/home/runner/.m2/repository/io/perfmark/perfmark-api/0.25.0/perfmark-api-0.25.0.jar:/home/runner/.m2/repository/io/netty/netty-codec-http2/4.1.86.Final/netty-codec-http2-4.1.86.Final.jar:/home/runner/.m2/repository/io/netty/netty-common/4.1.86.Final/netty-common-4.1.86.Final.jar:/home/runner/.m2/repository/io/netty/netty-buffer/4.1.86.Final/netty-buffer-4.1.86.Final.jar:/home/runner/.m2/repository/io/netty/netty-codec-http/4.1.86.Final/netty-codec-http-4.1.86.Final.jar:/home/runner/.m2/repository/io/netty/netty-handler-proxy/4.1.86.Final/netty-handler-proxy-4.1.86.Final.jar:/home/runner/.m2/repository/io/netty/netty-codec-socks/4.1.86.Final/netty-codec-socks-4.1.86.Final.jar:/home/runner/.m2/repository/io/netty/netty-tcnative-boringssl-static/2.0.54.Final/netty-tcnative-boringssl-static-2.0.54.Final.jar:/home/runner/.m2/repository/io/netty/netty-tcnative-classes/2.0.54.Final/netty-tcnative-classes-2.0.54.Final.jar:/home/runner/.m2/repository/io/netty/netty-tcnative-boringssl-static/2.0.54.Final/netty-tcnative-boringssl-static-2.0.54.Final-linux-x86_64.jar:/home/runner/.m2/repository/io/netty/netty-tcnative-boringssl-static/2.0.54.Final/netty-tcnative-boringssl-static-2.0.54.Final-linux-aarch_64.jar:/home/runner/.m2/repository/io/netty/netty-tcnative-boringssl-static/2.0.54.Final/netty-tcnative-boringssl-static-2.0.54.Final-osx-x86_64.jar:/home/runner/.m2/repository/io/netty/netty-tcnative-boringssl-static/2.0.54.Final/netty-tcnative-boringssl-static-2.0.54.Final-osx-aarch_64.jar:/home/runner/.m2/repository/io/netty/netty-tcnative-boringssl-static/2.0.54.Final/netty-tcnative-boringssl-static-2.0.54.Final-windows-x86_64.jar:/home/runner/.m2/repository/org/apache/commons/commons-compress/1.21/commons-compress-1.21.jar:/home/runner/.m2/repository/org/apache/ozone/hdds-common/1.4.0-SNAPSHOT/hdds-common-1.4.0-SNAPSHOT.jar:/home/runner/.m2/repository/org/apache/ozone/hdds-client/1.4.0-SNAPSHOT/hdds-client-1.4.0-SNAPSHOT.jar:/home/runner/.m2/repository/org/apache/ozone/ozone-interface-client/1.4.0-SNAPSHOT/ozone-interface-client-1.4.0-SNAPSHOT.jar:/home/runner/.m2/repository/org/apache/ozone/hdds-test-utils/1.4.0-SNAPSHOT/hdds-test-utils-1.4.0-SNAPSHOT.jar:/home/runner/.m2/repository/com/google/guava/guava/31.1-jre/guava-31.1-jre.jar:/home/runner/.m2/repository/com/google/guava/failureaccess/1.0.1/failureaccess-1.0.1.jar:/home/runner/.m2/repository/com/google/guava/listenablefuture/9999.0-empty-to-avoid-conflict-with-guava/listenablefuture-9999.0-empty-to-avoid-conflict-with-guava.jar:/home/runner/.m2/repository/com/google/code/findbugs/jsr305/3.0.0/jsr305-3.0.0.jar:/home/runner/.m2/repository/org/checkerframework/checker-qual/3.12.0/checker-qual-3.12.0.jar:/home/runner/.m2/repository/com/google/j2objc/j2objc-annotations/1.3/j2objc-annotations-1.3.jar:/home/runner/.m2/repository/commons-io/commons-io/2.11.0/commons-io-2.11.0.jar:/home/runner/.m2/repository/commons-logging/commons-logging/1.2/commons-logging-1.2.jar:/home/runner/.m2/repository/ch/qos/reload4j/reload4j/1.2.22/reload4j-1.2.22.jar:/home/runner/.m2/repository/org/slf4j/slf4j-api/1.7.36/slf4j-api-1.7.36.jar:/home/runner/.m2/repository/org/apache/ozone/hdds-server-scm/1.4.0-SNAPSHOT/hdds-server-scm-1.4.0-SNAPSHOT.jar:/home/runner/.m2/repository/org/apache/ozone/hdds-container-service/1.4.0-SNAPSHOT/hdds-container-service-1.4.0-SNAPSHOT.jar:/home/runner/.m2/repository/org/apache/ozone/hdds-hadoop-dependency-server/1.4.0-SNAPSHOT/hdds-hadoop-dependency-server-1.4.0-SNAPSHOT.jar:/home/runner/.m2/repository/org/apache/hadoop/hadoop-hdfs/3.3.5/hadoop-hdfs-3.3.5.jar:/home/runner/.m2/repository/commons-daemon/commons-daemon/1.0.13/commons-daemon-1.0.13.jar:/home/runner/.m2/repository/org/apache/ozone/hdds-server-framework/1.4.0-SNAPSHOT/hdds-server-framework-1.4.0-SNAPSHOT.jar:/home/runner/.m2/repository/io/dropwizard/metrics/metrics-core/3.2.4/metrics-core-3.2.4.jar:/home/runner/.m2/repository/org/apache/commons/commons-text/1.4/commons-text-1.4.jar:/home/runner/.m2/repository/org/apache/hadoop/hadoop-hdfs-client/3.3.5/hadoop-hdfs-client-3.3.5.jar:/home/runner/.m2/repository/com/squareup/okhttp3/okhttp/4.9.3/okhttp-4.9.3.jar:/home/runner/.m2/repository/com/squareup/okio/okio/2.8.0/okio-2.8.0.jar:/home/runner/.m2/repository/org/jetbrains/kotlin/kotlin-stdlib-common/1.6.21/kotlin-stdlib-common-1.6.21.jar:/home/runner/.m2/repository/org/bouncycastle/bcprov-jdk15on/1.67/bcprov-jdk15on-1.67.jar:/home/runner/.m2/repository/com/google/protobuf/protobuf-java/2.5.0/protobuf-java-2.5.0.jar:/home/runner/.m2/repository/org/apache/ozone/hdds-server-framework/1.4.0-SNAPSHOT/hdds-server-framework-1.4.0-SNAPSHOT-tests.jar:/home/runner/.m2/repository/org/apache/ozone/hdds-interface-server/1.4.0-SNAPSHOT/hdds-interface-server-1.4.0-SNAPSHOT.jar:/home/runner/.m2/repository/org/apache/ozone/hdds-interface-admin/1.4.0-SNAPSHOT/hdds-interface-admin-1.4.0-SNAPSHOT.jar:/home/runner/.m2/repository/org/apache/ozone/hdds-managed-rocksdb/1.4.0-SNAPSHOT/hdds-managed-rocksdb-1.4.0-SNAPSHOT.jar:/home/runner/.m2/repository/org/rocksdb/rocksdbjni/7.7.3/rocksdbjni-7.7.3.jar:/home/runner/.m2/repository/org/slf4j/slf4j-reload4j/1.7.36/slf4j-reload4j-1.7.36.jar:/home/runner/.m2/repository/org/apache/commons/commons-configuration2/2.1.1/commons-configuration2-2.1.1.jar:/home/runner/.m2/repository/org/apache/logging/log4j/log4j-core/2.17.1/log4j-core-2.17.1.jar:/home/runner/.m2/repository/com/lmax/disruptor/3.4.2/disruptor-3.4.2.jar:/home/runner/.m2/repository/org/eclipse/jetty/jetty-util/9.4.49.v20220914/jetty-util-9.4.49.v20220914.jar:/home/runner/.m2/repository/org/eclipse/jetty/jetty-server/9.4.49.v20220914/jetty-server-9.4.49.v20220914.jar:/home/runner/.m2/repository/org/eclipse/jetty/jetty-http/9.4.49.v20220914/jetty-http-9.4.49.v20220914.jar:/home/runner/.m2/repository/org/eclipse/jetty/jetty-io/9.4.49.v20220914/jetty-io-9.4.49.v20220914.jar:/home/runner/.m2/repository/org/eclipse/jetty/jetty-servlet/9.4.49.v20220914/jetty-servlet-9.4.49.v20220914.jar:/home/runner/.m2/repository/org/eclipse/jetty/jetty-security/9.4.49.v20220914/jetty-security-9.4.49.v20220914.jar:/home/runner/.m2/repository/org/eclipse/jetty/jetty-util-ajax/9.4.49.v20220914/jetty-util-ajax-9.4.49.v20220914.jar:/home/runner/.m2/repository/org/eclipse/jetty/jetty-webapp/9.4.49.v20220914/jetty-webapp-9.4.49.v20220914.jar:/home/runner/.m2/repository/org/eclipse/jetty/jetty-xml/9.4.49.v20220914/jetty-xml-9.4.49.v20220914.jar:/home/runner/.m2/repository/org/apache/ratis/ratis-server/2.4.2-8b8bdda-SNAPSHOT/ratis-server-2.4.2-8b8bdda-SNAPSHOT.jar:/home/runner/.m2/repository/org/apache/ratis/ratis-thirdparty-misc/1.0.3/ratis-thirdparty-misc-1.0.3.jar:/home/runner/.m2/repository/org/apache/ratis/ratis-proto/2.4.2-8b8bdda-SNAPSHOT/ratis-proto-2.4.2-8b8bdda-SNAPSHOT.jar:/home/runner/.m2/repository/org/apache/ratis/ratis-common/2.4.2-8b8bdda-SNAPSHOT/ratis-common-2.4.2-8b8bdda-SNAPSHOT.jar:/home/runner/.m2/repository/org/apache/ratis/ratis-client/2.4.2-8b8bdda-SNAPSHOT/ratis-client-2.4.2-8b8bdda-SNAPSHOT.jar:/home/runner/.m2/repository/org/apache/ratis/ratis-server-api/2.4.2-8b8bdda-SNAPSHOT/ratis-server-api-2.4.2-8b8bdda-SNAPSHOT.jar:/home/runner/.m2/repository/org/apache/ratis/ratis-metrics/2.4.2-8b8bdda-SNAPSHOT/ratis-metrics-2.4.2-8b8bdda-SNAPSHOT.jar:/home/runner/.m2/repository/io/prometheus/simpleclient_dropwizard/0.7.0/simpleclient_dropwizard-0.7.0.jar:/home/runner/.m2/repository/io/prometheus/simpleclient/0.7.0/simpleclient-0.7.0.jar:/home/runner/.m2/repository/io/prometheus/simpleclient_common/0.7.0/simpleclient_common-0.7.0.jar:/home/runner/.m2/repository/com/fasterxml/jackson/datatype/jackson-datatype-jsr310/2.13.4/jackson-datatype-jsr310-2.13.4.jar:/home/runner/.m2/repository/com/fasterxml/jackson/core/jackson-core/2.13.4/jackson-core-2.13.4.jar:/home/runner/.m2/repository/com/github/spotbugs/spotbugs-annotations/3.1.12/spotbugs-annotations-3.1.12.jar:/home/runner/.m2/repository/org/apache/ozone/rocksdb-checkpoint-differ/1.4.0-SNAPSHOT/rocksdb-checkpoint-differ-1.4.0-SNAPSHOT.jar:/home/runner/.m2/repository/org/awaitility/awaitility/4.2.0/awaitility-4.2.0.jar:/home/runner/.m2/repository/org/hamcrest/hamcrest/2.1/hamcrest-2.1.jar:/home/runner/.m2/repository/org/apache/ozone/ozone-manager/1.4.0-SNAPSHOT/ozone-manager-1.4.0-SNAPSHOT.jar:/home/runner/.m2/repository/org/aspectj/aspectjrt/1.9.7/aspectjrt-1.9.7.jar:/home/runner/.m2/repository/org/aspectj/aspectjweaver/1.9.7/aspectjweaver-1.9.7.jar:/home/runner/.m2/repository/org/apache/ozone/hdds-interface-client/1.4.0-SNAPSHOT/hdds-interface-client-1.4.0-SNAPSHOT.jar:/home/runner/.m2/repository/org/apache/hadoop/thirdparty/hadoop-shaded-protobuf_3_7/1.1.1/hadoop-shaded-protobuf_3_7-1.1.1.jar:/home/runner/.m2/repository/org/apache/ozone/ozone-interface-storage/1.4.0-SNAPSHOT/ozone-interface-storage-1.4.0-SNAPSHOT.jar:/home/runner/.m2/repository/org/reflections/reflections/0.9.11/reflections-0.9.11.jar:/home/runner/.m2/repository/com/sun/jersey/jersey-client/1.19/jersey-client-1.19.jar:/home/runner/.m2/repository/org/codehaus/jackson/jackson-core-asl/1.9.13/jackson-core-asl-1.9.13.jar:/home/runner/.m2/repository/org/codehaus/jackson/jackson-mapper-asl/1.9.13/jackson-mapper-asl-1.9.13.jar:/home/runner/.m2/repository/org/codehaus/jackson/jackson-jaxrs/1.9.13/jackson-jaxrs-1.9.13.jar:/home/runner/.m2/repository/org/apache/ranger/ranger-intg/2.3.0/ranger-intg-2.3.0.jar:/home/runner/.m2/repository/org/apache/ranger/ranger-plugins-common/2.3.0/ranger-plugins-common-2.3.0.jar:/home/runner/.m2/repository/commons-lang/commons-lang/2.6/commons-lang-2.6.jar:/home/runner/.m2/repository/org/apache/ranger/ranger-plugins-cred/2.3.0/ranger-plugins-cred-2.3.0.jar:/home/runner/.m2/repository/org/apache/ranger/ranger-plugins-audit/2.3.0/ranger-plugins-audit-2.3.0.jar:/home/runner/.m2/repository/org/eclipse/jetty/jetty-client/9.4.49.v20220914/jetty-client-9.4.49.v20220914.jar:/home/runner/.m2/repository/org/apache/httpcomponents/httpmime/4.5.6/httpmime-4.5.6.jar:/home/runner/.m2/repository/org/apache/httpcomponents/httpcore-nio/4.4.13/httpcore-nio-4.4.13.jar:/home/runner/.m2/repository/org/apache/httpcomponents/httpasyncclient/4.1.3/httpasyncclient-4.1.3.jar:/home/runner/.m2/repository/com/carrotsearch/hppc/0.8.0/hppc-0.8.0.jar:/home/runner/.m2/repository/org/apache/orc/orc-core/1.5.8/orc-core-1.5.8.jar:/home/runner/.m2/repository/net/java/dev/jna/jna/5.2.0/jna-5.2.0.jar:/home/runner/.m2/repository/net/java/dev/jna/jna-platform/5.2.0/jna-platform-5.2.0.jar:/home/runner/.m2/repository/com/kstruct/gethostname4j/0.0.2/gethostname4j-0.0.2.jar:/home/runner/.m2/repository/org/apache/ranger/ranger-plugin-classloader/2.3.0/ranger-plugin-classloader-2.3.0.jar:/home/runner/.m2/repository/org/apache/ozone/hdds-rocks-native/1.4.0-SNAPSHOT/hdds-rocks-native-1.4.0-SNAPSHOT.jar:/home/runner/.m2/repository/org/apache/hadoop/hadoop-minikdc/3.3.5/hadoop-minikdc-3.3.5.jar:/home/runner/.m2/repository/org/apache/kerby/kerb-simplekdc/1.0.1/kerb-simplekdc-1.0.1.jar:/home/runner/.m2/repository/org/apache/kerby/kerb-client/1.0.1/kerb-client-1.0.1.jar:/home/runner/.m2/repository/org/apache/kerby/kerby-config/1.0.1/kerby-config-1.0.1.jar:/home/runner/.m2/repository/org/apache/kerby/kerb-common/1.0.1/kerb-common-1.0.1.jar:/home/runner/.m2/repository/org/apache/kerby/kerb-crypto/1.0.1/kerb-crypto-1.0.1.jar:/home/runner/.m2/repository/org/apache/kerby/kerb-util/1.0.1/kerb-util-1.0.1.jar:/home/runner/.m2/repository/org/apache/kerby/token-provider/1.0.1/token-provider-1.0.1.jar:/home/runner/.m2/repository/org/apache/kerby/kerb-admin/1.0.1/kerb-admin-1.0.1.jar:/home/runner/.m2/repository/org/apache/kerby/kerb-server/1.0.1/kerb-server-1.0.1.jar:/home/runner/.m2/repository/org/apache/kerby/kerb-identity/1.0.1/kerb-identity-1.0.1.jar:/home/runner/.m2/repository/org/apache/kerby/kerby-xdr/1.0.1/kerby-xdr-1.0.1.jar:/home/runner/.m2/repository/org/apache/ozone/ozone-s3gateway/1.4.0-SNAPSHOT/ozone-s3gateway-1.4.0-SNAPSHOT.jar:/home/runner/.m2/repository/org/javassist/javassist/3.21.0-GA/javassist-3.21.0-GA.jar:/home/runner/.m2/repository/org/jboss/weld/servlet/weld-servlet-shaded/3.1.9.Final/weld-servlet-shaded-3.1.9.Final.jar:/home/runner/.m2/repository/org/glassfish/jersey/containers/jersey-container-servlet-core/2.34/jersey-container-servlet-core-2.34.jar:/home/runner/.m2/repository/org/glassfish/hk2/external/jakarta.inject/2.6.1/jakarta.inject-2.6.1.jar:/home/runner/.m2/repository/org/glassfish/jersey/core/jersey-common/2.34/jersey-common-2.34.jar:/home/runner/.m2/repository/jakarta/ws/rs/jakarta.ws.rs-api/2.1.6/jakarta.ws.rs-api-2.1.6.jar:/home/runner/.m2/repository/org/glassfish/jersey/ext/cdi/jersey-cdi1x/2.34/jersey-cdi1x-2.34.jar:/home/runner/.m2/repository/org/glassfish/jersey/inject/jersey-hk2/2.34/jersey-hk2-2.34.jar:/home/runner/.m2/repository/org/glassfish/hk2/hk2-locator/2.6.1/hk2-locator-2.6.1.jar:/home/runner/.m2/repository/org/glassfish/jersey/media/jersey-media-jaxb/2.34/jersey-media-jaxb-2.34.jar:/home/runner/.m2/repository/org/glassfish/hk2/osgi-resource-locator/1.0.3/osgi-resource-locator-1.0.3.jar:/home/runner/.m2/repository/org/glassfish/hk2/hk2-api/2.5.0/hk2-api-2.5.0.jar:/home/runner/.m2/repository/org/glassfish/hk2/hk2-utils/2.5.0/hk2-utils-2.5.0.jar:/home/runner/.m2/repository/org/glassfish/hk2/external/aopalliance-repackaged/2.5.0/aopalliance-repackaged-2.5.0.jar:/home/runner/.m2/repository/com/fasterxml/jackson/dataformat/jackson-dataformat-xml/2.13.4/jackson-dataformat-xml-2.13.4.jar:/home/runner/.m2/repository/org/codehaus/woodstox/stax2-api/4.2.1/stax2-api-4.2.1.jar:/home/runner/.m2/repository/com/fasterxml/woodstox/woodstox-core/5.4.0/woodstox-core-5.4.0.jar:/home/runner/.m2/repository/com/fasterxml/jackson/module/jackson-module-jaxb-annotations/2.13.4/jackson-module-jaxb-annotations-2.13.4.jar:/home/runner/.m2/repository/jakarta/xml/bind/jakarta.xml.bind-api/2.3.3/jakarta.xml.bind-api-2.3.3.jar:/home/runner/.m2/repository/jakarta/activation/jakarta.activation-api/1.2.2/jakarta.activation-api-1.2.2.jar:/home/runner/.m2/repository/javax/enterprise/cdi-api/2.0/cdi-api-2.0.jar:/home/runner/.m2/repository/javax/el/javax.el-api/3.0.0/javax.el-api-3.0.0.jar:/home/runner/.m2/repository/javax/interceptor/javax.interceptor-api/1.2/javax.interceptor-api-1.2.jar:/home/runner/.m2/repository/javax/inject/javax.inject/1/javax.inject-1.jar:/home/runner/.m2/repository/javax/xml/bind/jaxb-api/2.3.0/jaxb-api-2.3.0.jar:/home/runner/.m2/repository/org/glassfish/jaxb/jaxb-runtime/2.3.0.1/jaxb-runtime-2.3.0.1.jar:/home/runner/.m2/repository/org/glassfish/jaxb/jaxb-core/2.3.0.1/jaxb-core-2.3.0.1.jar:/home/runner/.m2/repository/org/glassfish/jaxb/txw2/2.3.0.1/txw2-2.3.0.1.jar:/home/runner/.m2/repository/com/sun/istack/istack-commons-runtime/3.0.5/istack-commons-runtime-3.0.5.jar:/home/runner/.m2/repository/org/jvnet/staxex/stax-ex/1.7.8/stax-ex-1.7.8.jar:/home/runner/.m2/repository/com/sun/xml/fastinfoset/FastInfoset/1.2.13/FastInfoset-1.2.13.jar:/home/runner/.m2/repository/javax/activation/activation/1.1.1/activation-1.1.1.jar:/home/runner/.m2/repository/io/grpc/grpc-protobuf/1.51.1/grpc-protobuf-1.51.1.jar:/home/runner/.m2/repository/io/grpc/grpc-api/1.51.1/grpc-api-1.51.1.jar:/home/runner/.m2/repository/io/grpc/grpc-context/1.51.1/grpc-context-1.51.1.jar:/home/runner/.m2/repository/com/google/api/grpc/proto-google-common-protos/2.9.0/proto-google-common-protos-2.9.0.jar:/home/runner/.m2/repository/io/grpc/grpc-protobuf-lite/1.51.1/grpc-protobuf-lite-1.51.1.jar:/home/runner/.m2/repository/io/grpc/grpc-stub/1.51.1/grpc-stub-1.51.1.jar:/home/runner/.m2/repository/io/netty/netty-transport/4.1.86.Final/netty-transport-4.1.86.Final.jar:/home/runner/.m2/repository/io/netty/netty-resolver/4.1.86.Final/netty-resolver-4.1.86.Final.jar:/home/runner/.m2/repository/org/apache/ozone/ozone-csi/1.4.0-SNAPSHOT/ozone-csi-1.4.0-SNAPSHOT.jar:/home/runner/.m2/repository/com/google/protobuf/protobuf-java-util/3.19.6/protobuf-java-util-3.19.6.jar:/home/runner/.m2/repository/com/google/code/gson/gson/2.9.0/gson-2.9.0.jar:/home/runner/.m2/repository/org/apache/ozone/hdds-config/1.4.0-SNAPSHOT/hdds-config-1.4.0-SNAPSHOT.jar:/home/runner/.m2/repository/io/netty/netty-transport-native-epoll/4.1.86.Final/netty-transport-native-epoll-4.1.86.Final-linux-x86_64.jar:/home/runner/.m2/repository/io/netty/netty-transport-classes-epoll/4.1.86.Final/netty-transport-classes-epoll-4.1.86.Final.jar:/home/runner/.m2/repository/io/netty/netty-transport-native-unix-common/4.1.86.Final/netty-transport-native-unix-common-4.1.86.Final.jar:/home/runner/.m2/repository/org/apache/ozone/ozone-recon/1.4.0-SNAPSHOT/ozone-recon-1.4.0-SNAPSHOT.jar:/home/runner/.m2/repository/org/apache/ozone/ozone-reconcodegen/1.4.0-SNAPSHOT/ozone-reconcodegen-1.4.0-SNAPSHOT.jar:/home/runner/.m2/repository/com/google/inject/guice/5.1.0/guice-5.1.0.jar:/home/runner/.m2/repository/aopalliance/aopalliance/1.0/aopalliance-1.0.jar:/home/runner/.m2/repository/com/google/inject/extensions/guice-assistedinject/5.1.0/guice-assistedinject-5.1.0.jar:/home/runner/.m2/repository/com/google/inject/extensions/guice-servlet/5.1.0/guice-servlet-5.1.0.jar:/home/runner/.m2/repository/org/glassfish/jersey/containers/jersey-container-servlet/2.34/jersey-container-servlet-2.34.jar:/home/runner/.m2/repository/org/glassfish/hk2/guice-bridge/2.5.0/guice-bridge-2.5.0.jar:/home/runner/.m2/repository/org/glassfish/jersey/core/jersey-server/2.34/jersey-server-2.34.jar:/home/runner/.m2/repository/org/glassfish/jersey/core/jersey-client/2.34/jersey-client-2.34.jar:/home/runner/.m2/repository/jakarta/annotation/jakarta.annotation-api/1.3.5/jakarta.annotation-api-1.3.5.jar:/home/runner/.m2/repository/jakarta/validation/jakarta.validation-api/2.0.2/jakarta.validation-api-2.0.2.jar:/home/runner/.m2/repository/org/glassfish/jersey/media/jersey-media-json-jackson/2.34/jersey-media-json-jackson-2.34.jar:/home/runner/.m2/repository/org/glassfish/jersey/ext/jersey-entity-filtering/2.34/jersey-entity-filtering-2.34.jar:/home/runner/.m2/repository/org/jooq/jooq/3.11.10/jooq-3.11.10.jar:/home/runner/.m2/repository/org/jooq/jooq-meta/3.11.10/jooq-meta-3.11.10.jar:/home/runner/.m2/repository/org/jooq/jooq-codegen/3.11.10/jooq-codegen-3.11.10.jar:/home/runner/.m2/repository/com/jolbox/bonecp/0.8.0.RELEASE/bonecp-0.8.0.RELEASE.jar:/home/runner/.m2/repository/org/apache/derby/derby/10.14.2.0/derby-10.14.2.0.jar:/home/runner/.m2/repository/org/xerial/sqlite-jdbc/3.25.2/sqlite-jdbc-3.25.2.jar:/home/runner/.m2/repository/org/springframework/spring-jdbc/5.3.26/spring-jdbc-5.3.26.jar:/home/runner/.m2/repository/org/springframework/spring-beans/5.3.26/spring-beans-5.3.26.jar:/home/runner/.m2/repository/org/springframework/spring-core/5.3.26/spring-core-5.3.26.jar:/home/runner/.m2/repository/org/springframework/spring-tx/5.3.26/spring-tx-5.3.26.jar:/home/runner/.m2/repository/org/apache/ozone/ozone-client/1.4.0-SNAPSHOT/ozone-client-1.4.0-SNAPSHOT.jar:/home/runner/.m2/repository/org/apache/ozone/hdds-erasurecode/1.4.0-SNAPSHOT/hdds-erasurecode-1.4.0-SNAPSHOT.jar:/home/runner/.m2/repository/org/apache/ozone/ozone-filesystem/1.4.0-SNAPSHOT/ozone-filesystem-1.4.0-SNAPSHOT.jar:/home/runner/.m2/repository/org/apache/ozone/ozone-filesystem-common/1.4.0-SNAPSHOT/ozone-filesystem-common-1.4.0-SNAPSHOT.jar:/home/runner/.m2/repository/org/apache/ozone/ozone-tools/1.4.0-SNAPSHOT/ozone-tools-1.4.0-SNAPSHOT.jar:/home/runner/.m2/repository/com/amazonaws/aws-java-sdk-core/1.12.261/aws-java-sdk-core-1.12.261.jar:/home/runner/.m2/repository/org/apache/httpcomponents/httpclient/4.5.13/httpclient-4.5.13.jar:/home/runner/.m2/repository/org/apache/httpcomponents/httpcore/4.4.13/httpcore-4.4.13.jar:/home/runner/.m2/repository/software/amazon/ion/ion-java/1.0.2/ion-java-1.0.2.jar:/home/runner/.m2/repository/com/fasterxml/jackson/dataformat/jackson-dataformat-cbor/2.13.4/jackson-dataformat-cbor-2.13.4.jar:/home/runner/.m2/repository/joda-time/joda-time/2.10.6/joda-time-2.10.6.jar:/home/runner/.m2/repository/com/amazonaws/aws-java-sdk-s3/1.12.261/aws-java-sdk-s3-1.12.261.jar:/home/runner/.m2/repository/com/amazonaws/aws-java-sdk-kms/1.12.261/aws-java-sdk-kms-1.12.261.jar:/home/runner/.m2/repository/com/amazonaws/jmespath-java/1.12.261/jmespath-java-1.12.261.jar:/home/runner/.m2/repository/org/kohsuke/metainf-services/metainf-services/1.8/metainf-services-1.8.jar:/home/runner/.m2/repository/org/apache/ozone/hdds-tools/1.4.0-SNAPSHOT/hdds-tools-1.4.0-SNAPSHOT.jar:/home/runner/.m2/repository/org/apache/ratis/ratis-tools/2.4.2-8b8bdda-SNAPSHOT/ratis-tools-2.4.2-8b8bdda-SNAPSHOT.jar:/home/runner/.m2/repository/commons-cli/commons-cli/1.2/commons-cli-1.2.jar:/home/runner/.m2/repository/org/apache/commons/commons-lang3/3.7/commons-lang3-3.7.jar:/home/runner/.m2/repository/org/apache/ozone/ozone-manager/1.4.0-SNAPSHOT/ozone-manager-1.4.0-SNAPSHOT-tests.jar:/home/runner/.m2/repository/org/apache/ozone/hdds-common/1.4.0-SNAPSHOT/hdds-common-1.4.0-SNAPSHOT-tests.jar:/home/runner/.m2/repository/org/apache/ozone/hdds-hadoop-dependency-client/1.4.0-SNAPSHOT/hdds-hadoop-dependency-client-1.4.0-SNAPSHOT.jar:/home/runner/.m2/repository/info/picocli/picocli/4.6.1/picocli-4.6.1.jar:/home/runner/.m2/repository/com/fasterxml/jackson/core/jackson-annotations/2.13.4/jackson-annotations-2.13.4.jar:/home/runner/.m2/repository/org/apache/ozone/hdds-annotation-processing/1.4.0-SNAPSHOT/hdds-annotation-processing-1.4.0-SNAPSHOT.jar:/home/runner/.m2/repository/javax/annotation/javax.annotation-api/1.2/javax.annotation-api-1.2.jar:/home/runner/.m2/repository/org/apache/ratis/ratis-netty/2.4.2-8b8bdda-SNAPSHOT/ratis-netty-2.4.2-8b8bdda-SNAPSHOT.jar:/home/runner/.m2/repository/org/apache/ratis/ratis-grpc/2.4.2-8b8bdda-SNAPSHOT/ratis-grpc-2.4.2-8b8bdda-SNAPSHOT.jar:/home/runner/.m2/repository/org/apache/logging/log4j/log4j-api/2.17.1/log4j-api-2.17.1.jar:/home/runner/.m2/repository/org/apache/commons/commons-pool2/2.6.0/commons-pool2-2.6.0.jar:/home/runner/.m2/repository/org/bouncycastle/bcpkix-jdk15on/1.67/bcpkix-jdk15on-1.67.jar:/home/runner/.m2/repository/commons-validator/commons-validator/1.6/commons-validator-1.6.jar:/home/runner/.m2/repository/commons-beanutils/commons-beanutils/1.9.4/commons-beanutils-1.9.4.jar:/home/runner/.m2/repository/commons-digester/commons-digester/1.8.1/commons-digester-1.8.1.jar:/home/runner/.m2/repository/commons-collections/commons-collections/3.2.2/commons-collections-3.2.2.jar:/home/runner/.m2/repository/io/jaegertracing/jaeger-client/1.6.0/jaeger-client-1.6.0.jar:/home/runner/.m2/repository/io/jaegertracing/jaeger-thrift/1.6.0/jaeger-thrift-1.6.0.jar:/home/runner/.m2/repository/org/apache/thrift/libthrift/0.14.1/libthrift-0.14.1.jar:/home/runner/.m2/repository/io/jaegertracing/jaeger-core/1.6.0/jaeger-core-1.6.0.jar:/home/runner/.m2/repository/io/jaegertracing/jaeger-tracerresolver/1.6.0/jaeger-tracerresolver-1.6.0.jar:/home/runner/.m2/repository/io/opentracing/contrib/opentracing-tracerresolver/0.1.8/opentracing-tracerresolver-0.1.8.jar:/home/runner/.m2/repository/org/jetbrains/kotlin/kotlin-stdlib/1.6.21/kotlin-stdlib-1.6.21.jar:/home/runner/.m2/repository/org/jetbrains/annotations/13.0/annotations-13.0.jar:/home/runner/.m2/repository/io/opentracing/opentracing-util/0.33.0/opentracing-util-0.33.0.jar:/home/runner/.m2/repository/io/opentracing/opentracing-api/0.33.0/opentracing-api-0.33.0.jar:/home/runner/.m2/repository/io/opentracing/opentracing-noop/0.33.0/opentracing-noop-0.33.0.jar:/home/runner/.m2/repository/org/yaml/snakeyaml/2.0/snakeyaml-2.0.jar:/home/runner/.m2/repository/junit/junit/4.13.1/junit-4.13.1.jar:/home/runner/.m2/repository/org/hamcrest/hamcrest-core/1.3/hamcrest-core-1.3.jar:/home/runner/.m2/repository/org/junit/jupiter/junit-jupiter-api/5.8.2/junit-jupiter-api-5.8.2.jar:/home/runner/.m2/repository/org/opentest4j/opentest4j/1.2.0/opentest4j-1.2.0.jar:/home/runner/.m2/repository/org/junit/platform/junit-platform-commons/1.8.2/junit-platform-commons-1.8.2.jar:/home/runner/.m2/repository/org/apiguardian/apiguardian-api/1.1.2/apiguardian-api-1.1.2.jar:/home/runner/.m2/repository/org/junit/jupiter/junit-jupiter-params/5.8.2/junit-jupiter-params-5.8.2.jar:/home/runner/.m2/repository/org/junit/jupiter/junit-jupiter-migrationsupport/5.8.2/junit-jupiter-migrationsupport-5.8.2.jar:/home/runner/.m2/repository/org/junit/jupiter/junit-jupiter-engine/5.8.2/junit-jupiter-engine-5.8.2.jar:/home/runner/.m2/repository/org/junit/platform/junit-platform-engine/1.8.2/junit-platform-engine-1.8.2.jar:/home/runner/.m2/repository/org/junit/vintage/junit-vintage-engine/5.8.2/junit-vintage-engine-5.8.2.jar:/home/runner/.m2/repository/org/junit/platform/junit-platform-launcher/1.8.2/junit-platform-launcher-1.8.2.jar:/home/runner/.m2/repository/org/mockito/mockito-core/2.28.2/mockito-core-2.28.2.jar:/home/runner/.m2/repository/net/bytebuddy/byte-buddy/1.9.10/byte-buddy-1.9.10.jar:/home/runner/.m2/repository/net/bytebuddy/byte-buddy-agent/1.9.10/byte-buddy-agent-1.9.10.jar:/home/runner/.m2/repository/org/objenesis/objenesis/1.0/objenesis-1.0.jar:/home/runner/.m2/repository/org/apache/hadoop/hadoop-kms/3.3.5/hadoop-kms-3.3.5.jar:/home/runner/.m2/repository/org/apache/hadoop/hadoop-auth/3.3.5/hadoop-auth-3.3.5.jar:/home/runner/.m2/repository/com/nimbusds/nimbus-jose-jwt/9.8.1/nimbus-jose-jwt-9.8.1.jar:/home/runner/.m2/repository/com/github/stephenc/jcip/jcip-annotations/1.0-1/jcip-annotations-1.0-1.jar:/home/runner/.m2/repository/net/minidev/json-smart/2.4.7/json-smart-2.4.7.jar:/home/runner/.m2/repository/net/minidev/accessors-smart/2.4.7/accessors-smart-2.4.7.jar:/home/runner/.m2/repository/org/ow2/asm/asm/5.0.4/asm-5.0.4.jar:/home/runner/.m2/repository/org/apache/zookeeper/zookeeper/3.5.6/zookeeper-3.5.6.jar:/home/runner/.m2/repository/org/apache/zookeeper/zookeeper-jute/3.5.6/zookeeper-jute-3.5.6.jar:/home/runner/.m2/repository/org/apache/yetus/audience-annotations/0.5.0/audience-annotations-0.5.0.jar:/home/runner/.m2/repository/org/apache/curator/curator-framework/4.2.0/curator-framework-4.2.0.jar:/home/runner/.m2/repository/org/apache/hadoop/thirdparty/hadoop-shaded-guava/1.1.1/hadoop-shaded-guava-1.1.1.jar:/home/runner/.m2/repository/com/sun/jersey/jersey-core/1.19/jersey-core-1.19.jar:/home/runner/.m2/repository/javax/ws/rs/jsr311-api/1.1.1/jsr311-api-1.1.1.jar:/home/runner/.m2/repository/com/sun/jersey/jersey-server/1.19/jersey-server-1.19.jar:/home/runner/.m2/repository/javax/servlet/javax.servlet-api/3.1.0/javax.servlet-api-3.1.0.jar:/home/runner/.m2/repository/org/apache/hadoop/hadoop-common/3.3.5/hadoop-common-3.3.5.jar:/home/runner/.m2/repository/org/apache/commons/commons-math3/3.1.1/commons-math3-3.1.1.jar:/home/runner/.m2/repository/commons-net/commons-net/3.9.0/commons-net-3.9.0.jar:/home/runner/.m2/repository/com/sun/jersey/jersey-servlet/1.19/jersey-servlet-1.19.jar:/home/runner/.m2/repository/com/github/pjfanning/jersey-json/1.20/jersey-json-1.20.jar:/home/runner/.m2/repository/org/codehaus/jettison/jettison/1.1/jettison-1.1.jar:/home/runner/.m2/repository/com/sun/xml/bind/jaxb-impl/2.2.3-1/jaxb-impl-2.2.3-1.jar:/home/runner/.m2/repository/com/google/re2j/re2j/1.1/re2j-1.1.jar:/home/runner/.m2/repository/com/jcraft/jsch/0.1.54/jsch-0.1.54.jar:/home/runner/.m2/repository/org/apache/curator/curator-client/4.2.0/curator-client-4.2.0.jar:/home/runner/.m2/repository/org/apache/curator/curator-recipes/4.2.0/curator-recipes-4.2.0.jar:/home/runner/.m2/repository/org/apache/kerby/kerb-core/1.0.1/kerb-core-1.0.1.jar:/home/runner/.m2/repository/org/apache/kerby/kerby-pkix/1.0.1/kerby-pkix-1.0.1.jar:/home/runner/.m2/repository/org/apache/kerby/kerby-asn1/1.0.1/kerby-asn1-1.0.1.jar:/home/runner/.m2/repository/org/apache/kerby/kerby-util/1.0.1/kerby-util-1.0.1.jar:/home/runner/.m2/repository/dnsjava/dnsjava/2.1.7/dnsjava-2.1.7.jar:/home/runner/.m2/repository/org/xerial/snappy/snappy-java/1.1.8.2/snappy-java-1.1.8.2.jar:/home/runner/.m2/repository/com/fasterxml/jackson/core/jackson-databind/2.13.4.2/jackson-databind-2.13.4.2.jar:/home/runner/.m2/repository/org/apache/hadoop/hadoop-kms/3.3.5/hadoop-kms-3.3.5-tests.jar:/home/runner/.m2/repository/org/apache/ozone/hdds-server-scm/1.4.0-SNAPSHOT/hdds-server-scm-1.4.0-SNAPSHOT-tests.jar:/home/runner/.m2/repository/org/apache/ozone/hdds-container-service/1.4.0-SNAPSHOT/hdds-container-service-1.4.0-SNAPSHOT-tests.jar:/home/runner/.m2/repository/com/github/luben/zstd-jni/1.5.2-5/zstd-jni-1.5.2-5.jar:/home/runner/.m2/repository/commons-codec/commons-codec/1.15/commons-codec-1.15.jar:/home/runner/.m2/repository/io/netty/netty-codec/4.1.86.Final/netty-codec-4.1.86.Final.jar:/home/runner/.m2/repository/io/netty/netty-handler/4.1.86.Final/netty-handler-4.1.86.Final.jar:/home/runner/.m2/repository/org/apache/ozone/hdds-hadoop-dependency-test/1.4.0-SNAPSHOT/hdds-hadoop-dependency-test-1.4.0-SNAPSHOT.jar:/home/runner/.m2/repository/org/apache/hadoop/hadoop-common/3.3.5/hadoop-common-3.3.5-tests.jar:/home/runner/.m2/repository/org/apache/hadoop/hadoop-hdfs/3.3.5/hadoop-hdfs-3.3.5-tests.jar:/home/runner/.m2/repository/org/assertj/assertj-core/3.12.2/assertj-core-3.12.2.jar:/home/runner/.m2/repository/org/apache/hadoop/hadoop-distcp/3.3.5/hadoop-distcp-3.3.5.jar:/home/runner/.m2/repository/org/apache/hadoop/hadoop-mapreduce-client-jobclient/3.3.5/hadoop-mapreduce-client-jobclient-3.3.5.jar:/home/runner/.m2/repository/org/apache/hadoop/hadoop-mapreduce-client-common/3.3.5/hadoop-mapreduce-client-common-3.3.5.jar:/home/runner/.m2/repository/org/apache/hadoop/hadoop-yarn-common/3.3.5/hadoop-yarn-common-3.3.5.jar:/home/runner/.m2/repository/org/apache/hadoop/hadoop-yarn-api/3.3.5/hadoop-yarn-api-3.3.5.jar:/home/runner/.m2/repository/com/sun/jersey/contribs/jersey-guice/1.19/jersey-guice-1.19.jar:/home/runner/.m2/repository/com/fasterxml/jackson/jaxrs/jackson-jaxrs-json-provider/2.13.4/jackson-jaxrs-json-provider-2.13.4.jar:/home/runner/.m2/repository/com/fasterxml/jackson/jaxrs/jackson-jaxrs-base/2.13.4/jackson-jaxrs-base-2.13.4.jar:/home/runner/.m2/repository/org/apache/hadoop/hadoop-yarn-client/3.3.5/hadoop-yarn-client-3.3.5.jar:/home/runner/.m2/repository/org/eclipse/jetty/websocket/websocket-client/9.4.48.v20220622/websocket-client-9.4.48.v20220622.jar:/home/runner/.m2/repository/org/eclipse/jetty/websocket/websocket-common/9.4.48.v20220622/websocket-common-9.4.48.v20220622.jar:/home/runner/.m2/repository/org/eclipse/jetty/websocket/websocket-api/9.4.48.v20220622/websocket-api-9.4.48.v20220622.jar:/home/runner/.m2/repository/org/jline/jline/3.9.0/jline-3.9.0.jar:/home/runner/.m2/repository/org/apache/hadoop/hadoop-mapreduce-client-core/3.3.5/hadoop-mapreduce-client-core-3.3.5.jar:/home/runner/.m2/repository/org/apache/avro/avro/1.7.7/avro-1.7.7.jar:/home/runner/.m2/repository/com/thoughtworks/paranamer/paranamer/2.3/paranamer-2.3.jar:/home/runner/.m2/repository/org/apache/hadoop/hadoop-annotations/3.3.5/hadoop-annotations-3.3.5.jar:/usr/lib/jvm/temurin-8-jdk-amd64/jre/../lib/tools.jar:/home/runner/.m2/repository/io/netty/netty/3.10.6.Final/netty-3.10.6.Final.jar:/home/runner/.m2/repository/org/apache/hadoop/hadoop-distcp/3.3.5/hadoop-distcp-3.3.5-tests.jar:/home/runner/.m2/repository/org/slf4j/jul-to-slf4j/1.7.36/jul-to-slf4j-1.7.36.jar:"/>
    <property name="java.vm.vendor" value="Temurin"/>
    <property name="sun.arch.data.model" value="64"/>
    <property name="test.build.dir" value="/home/runner/work/ozone/ozone/hadoop-ozone/integration-test/target/test-dir"/>
    <property name="test.cache.data" value=""/>
    <property name="java.vendor.url" value="https://adoptium.net/"/>
    <property name="user.timezone" value="Etc/UTC"/>
    <property name="java.vm.specification.version" value="1.8"/>
    <property name="os.name" value="Linux"/>
    <property name="test.build.data" value="/home/runner/work/ozone/ozone/hadoop-ozone/integration-test/target/test-dir"/>
    <property name="sun.java.launcher" value="SUN_STANDARD"/>
    <property name="sun.boot.library.path" value="/usr/lib/jvm/temurin-8-jdk-amd64/jre/lib/amd64"/>
    <property name="sun.java.command" value="/home/runner/work/ozone/ozone/hadoop-ozone/integration-test/target/surefire/surefirebooter3345760871405806431.jar /home/runner/work/ozone/ozone/hadoop-ozone/integration-test/target/surefire 2023-04-19T02-02-20_334-jvmRun1 surefire5892699545736210074tmp surefire_324581833180412915599tmp"/>
    <property name="surefire.test.class.path" value="/home/runner/work/ozone/ozone/hadoop-ozone/integration-test/target/test-classes:/home/runner/work/ozone/ozone/hadoop-ozone/integration-test/target/classes:/home/runner/.m2/repository/org/apache/ozone/ozone-common/1.4.0-SNAPSHOT/ozone-common-1.4.0-SNAPSHOT.jar:/home/runner/.m2/repository/io/grpc/grpc-netty/1.51.1/grpc-netty-1.51.1.jar:/home/runner/.m2/repository/io/grpc/grpc-core/1.51.1/grpc-core-1.51.1.jar:/home/runner/.m2/repository/com/google/android/annotations/4.1.1.4/annotations-4.1.1.4.jar:/home/runner/.m2/repository/org/codehaus/mojo/animal-sniffer-annotations/1.21/animal-sniffer-annotations-1.21.jar:/home/runner/.m2/repository/com/google/errorprone/error_prone_annotations/2.2.0/error_prone_annotations-2.2.0.jar:/home/runner/.m2/repository/io/perfmark/perfmark-api/0.25.0/perfmark-api-0.25.0.jar:/home/runner/.m2/repository/io/netty/netty-codec-http2/4.1.86.Final/netty-codec-http2-4.1.86.Final.jar:/home/runner/.m2/repository/io/netty/netty-common/4.1.86.Final/netty-common-4.1.86.Final.jar:/home/runner/.m2/repository/io/netty/netty-buffer/4.1.86.Final/netty-buffer-4.1.86.Final.jar:/home/runner/.m2/repository/io/netty/netty-codec-http/4.1.86.Final/netty-codec-http-4.1.86.Final.jar:/home/runner/.m2/repository/io/netty/netty-handler-proxy/4.1.86.Final/netty-handler-proxy-4.1.86.Final.jar:/home/runner/.m2/repository/io/netty/netty-codec-socks/4.1.86.Final/netty-codec-socks-4.1.86.Final.jar:/home/runner/.m2/repository/io/netty/netty-tcnative-boringssl-static/2.0.54.Final/netty-tcnative-boringssl-static-2.0.54.Final.jar:/home/runner/.m2/repository/io/netty/netty-tcnative-classes/2.0.54.Final/netty-tcnative-classes-2.0.54.Final.jar:/home/runner/.m2/repository/io/netty/netty-tcnative-boringssl-static/2.0.54.Final/netty-tcnative-boringssl-static-2.0.54.Final-linux-x86_64.jar:/home/runner/.m2/repository/io/netty/netty-tcnative-boringssl-static/2.0.54.Final/netty-tcnative-boringssl-static-2.0.54.Final-linux-aarch_64.jar:/home/runner/.m2/repository/io/netty/netty-tcnative-boringssl-static/2.0.54.Final/netty-tcnative-boringssl-static-2.0.54.Final-osx-x86_64.jar:/home/runner/.m2/repository/io/netty/netty-tcnative-boringssl-static/2.0.54.Final/netty-tcnative-boringssl-static-2.0.54.Final-osx-aarch_64.jar:/home/runner/.m2/repository/io/netty/netty-tcnative-boringssl-static/2.0.54.Final/netty-tcnative-boringssl-static-2.0.54.Final-windows-x86_64.jar:/home/runner/.m2/repository/org/apache/commons/commons-compress/1.21/commons-compress-1.21.jar:/home/runner/.m2/repository/org/apache/ozone/hdds-common/1.4.0-SNAPSHOT/hdds-common-1.4.0-SNAPSHOT.jar:/home/runner/.m2/repository/org/apache/ozone/hdds-client/1.4.0-SNAPSHOT/hdds-client-1.4.0-SNAPSHOT.jar:/home/runner/.m2/repository/org/apache/ozone/ozone-interface-client/1.4.0-SNAPSHOT/ozone-interface-client-1.4.0-SNAPSHOT.jar:/home/runner/.m2/repository/org/apache/ozone/hdds-test-utils/1.4.0-SNAPSHOT/hdds-test-utils-1.4.0-SNAPSHOT.jar:/home/runner/.m2/repository/com/google/guava/guava/31.1-jre/guava-31.1-jre.jar:/home/runner/.m2/repository/com/google/guava/failureaccess/1.0.1/failureaccess-1.0.1.jar:/home/runner/.m2/repository/com/google/guava/listenablefuture/9999.0-empty-to-avoid-conflict-with-guava/listenablefuture-9999.0-empty-to-avoid-conflict-with-guava.jar:/home/runner/.m2/repository/com/google/code/findbugs/jsr305/3.0.0/jsr305-3.0.0.jar:/home/runner/.m2/repository/org/checkerframework/checker-qual/3.12.0/checker-qual-3.12.0.jar:/home/runner/.m2/repository/com/google/j2objc/j2objc-annotations/1.3/j2objc-annotations-1.3.jar:/home/runner/.m2/repository/commons-io/commons-io/2.11.0/commons-io-2.11.0.jar:/home/runner/.m2/repository/commons-logging/commons-logging/1.2/commons-logging-1.2.jar:/home/runner/.m2/repository/ch/qos/reload4j/reload4j/1.2.22/reload4j-1.2.22.jar:/home/runner/.m2/repository/org/slf4j/slf4j-api/1.7.36/slf4j-api-1.7.36.jar:/home/runner/.m2/repository/org/apache/ozone/hdds-server-scm/1.4.0-SNAPSHOT/hdds-server-scm-1.4.0-SNAPSHOT.jar:/home/runner/.m2/repository/org/apache/ozone/hdds-container-service/1.4.0-SNAPSHOT/hdds-container-service-1.4.0-SNAPSHOT.jar:/home/runner/.m2/repository/org/apache/ozone/hdds-hadoop-dependency-server/1.4.0-SNAPSHOT/hdds-hadoop-dependency-server-1.4.0-SNAPSHOT.jar:/home/runner/.m2/repository/org/apache/hadoop/hadoop-hdfs/3.3.5/hadoop-hdfs-3.3.5.jar:/home/runner/.m2/repository/commons-daemon/commons-daemon/1.0.13/commons-daemon-1.0.13.jar:/home/runner/.m2/repository/org/apache/ozone/hdds-server-framework/1.4.0-SNAPSHOT/hdds-server-framework-1.4.0-SNAPSHOT.jar:/home/runner/.m2/repository/io/dropwizard/metrics/metrics-core/3.2.4/metrics-core-3.2.4.jar:/home/runner/.m2/repository/org/apache/commons/commons-text/1.4/commons-text-1.4.jar:/home/runner/.m2/repository/org/apache/hadoop/hadoop-hdfs-client/3.3.5/hadoop-hdfs-client-3.3.5.jar:/home/runner/.m2/repository/com/squareup/okhttp3/okhttp/4.9.3/okhttp-4.9.3.jar:/home/runner/.m2/repository/com/squareup/okio/okio/2.8.0/okio-2.8.0.jar:/home/runner/.m2/repository/org/jetbrains/kotlin/kotlin-stdlib-common/1.6.21/kotlin-stdlib-common-1.6.21.jar:/home/runner/.m2/repository/org/bouncycastle/bcprov-jdk15on/1.67/bcprov-jdk15on-1.67.jar:/home/runner/.m2/repository/com/google/protobuf/protobuf-java/2.5.0/protobuf-java-2.5.0.jar:/home/runner/.m2/repository/org/apache/ozone/hdds-server-framework/1.4.0-SNAPSHOT/hdds-server-framework-1.4.0-SNAPSHOT-tests.jar:/home/runner/.m2/repository/org/apache/ozone/hdds-interface-server/1.4.0-SNAPSHOT/hdds-interface-server-1.4.0-SNAPSHOT.jar:/home/runner/.m2/repository/org/apache/ozone/hdds-interface-admin/1.4.0-SNAPSHOT/hdds-interface-admin-1.4.0-SNAPSHOT.jar:/home/runner/.m2/repository/org/apache/ozone/hdds-managed-rocksdb/1.4.0-SNAPSHOT/hdds-managed-rocksdb-1.4.0-SNAPSHOT.jar:/home/runner/.m2/repository/org/rocksdb/rocksdbjni/7.7.3/rocksdbjni-7.7.3.jar:/home/runner/.m2/repository/org/slf4j/slf4j-reload4j/1.7.36/slf4j-reload4j-1.7.36.jar:/home/runner/.m2/repository/org/apache/commons/commons-configuration2/2.1.1/commons-configuration2-2.1.1.jar:/home/runner/.m2/repository/org/apache/logging/log4j/log4j-core/2.17.1/log4j-core-2.17.1.jar:/home/runner/.m2/repository/com/lmax/disruptor/3.4.2/disruptor-3.4.2.jar:/home/runner/.m2/repository/org/eclipse/jetty/jetty-util/9.4.49.v20220914/jetty-util-9.4.49.v20220914.jar:/home/runner/.m2/repository/org/eclipse/jetty/jetty-server/9.4.49.v20220914/jetty-server-9.4.49.v20220914.jar:/home/runner/.m2/repository/org/eclipse/jetty/jetty-http/9.4.49.v20220914/jetty-http-9.4.49.v20220914.jar:/home/runner/.m2/repository/org/eclipse/jetty/jetty-io/9.4.49.v20220914/jetty-io-9.4.49.v20220914.jar:/home/runner/.m2/repository/org/eclipse/jetty/jetty-servlet/9.4.49.v20220914/jetty-servlet-9.4.49.v20220914.jar:/home/runner/.m2/repository/org/eclipse/jetty/jetty-security/9.4.49.v20220914/jetty-security-9.4.49.v20220914.jar:/home/runner/.m2/repository/org/eclipse/jetty/jetty-util-ajax/9.4.49.v20220914/jetty-util-ajax-9.4.49.v20220914.jar:/home/runner/.m2/repository/org/eclipse/jetty/jetty-webapp/9.4.49.v20220914/jetty-webapp-9.4.49.v20220914.jar:/home/runner/.m2/repository/org/eclipse/jetty/jetty-xml/9.4.49.v20220914/jetty-xml-9.4.49.v20220914.jar:/home/runner/.m2/repository/org/apache/ratis/ratis-server/2.4.2-8b8bdda-SNAPSHOT/ratis-server-2.4.2-8b8bdda-SNAPSHOT.jar:/home/runner/.m2/repository/org/apache/ratis/ratis-thirdparty-misc/1.0.3/ratis-thirdparty-misc-1.0.3.jar:/home/runner/.m2/repository/org/apache/ratis/ratis-proto/2.4.2-8b8bdda-SNAPSHOT/ratis-proto-2.4.2-8b8bdda-SNAPSHOT.jar:/home/runner/.m2/repository/org/apache/ratis/ratis-common/2.4.2-8b8bdda-SNAPSHOT/ratis-common-2.4.2-8b8bdda-SNAPSHOT.jar:/home/runner/.m2/repository/org/apache/ratis/ratis-client/2.4.2-8b8bdda-SNAPSHOT/ratis-client-2.4.2-8b8bdda-SNAPSHOT.jar:/home/runner/.m2/repository/org/apache/ratis/ratis-server-api/2.4.2-8b8bdda-SNAPSHOT/ratis-server-api-2.4.2-8b8bdda-SNAPSHOT.jar:/home/runner/.m2/repository/org/apache/ratis/ratis-metrics/2.4.2-8b8bdda-SNAPSHOT/ratis-metrics-2.4.2-8b8bdda-SNAPSHOT.jar:/home/runner/.m2/repository/io/prometheus/simpleclient_dropwizard/0.7.0/simpleclient_dropwizard-0.7.0.jar:/home/runner/.m2/repository/io/prometheus/simpleclient/0.7.0/simpleclient-0.7.0.jar:/home/runner/.m2/repository/io/prometheus/simpleclient_common/0.7.0/simpleclient_common-0.7.0.jar:/home/runner/.m2/repository/com/fasterxml/jackson/datatype/jackson-datatype-jsr310/2.13.4/jackson-datatype-jsr310-2.13.4.jar:/home/runner/.m2/repository/com/fasterxml/jackson/core/jackson-core/2.13.4/jackson-core-2.13.4.jar:/home/runner/.m2/repository/com/github/spotbugs/spotbugs-annotations/3.1.12/spotbugs-annotations-3.1.12.jar:/home/runner/.m2/repository/org/apache/ozone/rocksdb-checkpoint-differ/1.4.0-SNAPSHOT/rocksdb-checkpoint-differ-1.4.0-SNAPSHOT.jar:/home/runner/.m2/repository/org/awaitility/awaitility/4.2.0/awaitility-4.2.0.jar:/home/runner/.m2/repository/org/hamcrest/hamcrest/2.1/hamcrest-2.1.jar:/home/runner/.m2/repository/org/apache/ozone/ozone-manager/1.4.0-SNAPSHOT/ozone-manager-1.4.0-SNAPSHOT.jar:/home/runner/.m2/repository/org/aspectj/aspectjrt/1.9.7/aspectjrt-1.9.7.jar:/home/runner/.m2/repository/org/aspectj/aspectjweaver/1.9.7/aspectjweaver-1.9.7.jar:/home/runner/.m2/repository/org/apache/ozone/hdds-interface-client/1.4.0-SNAPSHOT/hdds-interface-client-1.4.0-SNAPSHOT.jar:/home/runner/.m2/repository/org/apache/hadoop/thirdparty/hadoop-shaded-protobuf_3_7/1.1.1/hadoop-shaded-protobuf_3_7-1.1.1.jar:/home/runner/.m2/repository/org/apache/ozone/ozone-interface-storage/1.4.0-SNAPSHOT/ozone-interface-storage-1.4.0-SNAPSHOT.jar:/home/runner/.m2/repository/org/reflections/reflections/0.9.11/reflections-0.9.11.jar:/home/runner/.m2/repository/com/sun/jersey/jersey-client/1.19/jersey-client-1.19.jar:/home/runner/.m2/repository/org/codehaus/jackson/jackson-core-asl/1.9.13/jackson-core-asl-1.9.13.jar:/home/runner/.m2/repository/org/codehaus/jackson/jackson-mapper-asl/1.9.13/jackson-mapper-asl-1.9.13.jar:/home/runner/.m2/repository/org/codehaus/jackson/jackson-jaxrs/1.9.13/jackson-jaxrs-1.9.13.jar:/home/runner/.m2/repository/org/apache/ranger/ranger-intg/2.3.0/ranger-intg-2.3.0.jar:/home/runner/.m2/repository/org/apache/ranger/ranger-plugins-common/2.3.0/ranger-plugins-common-2.3.0.jar:/home/runner/.m2/repository/commons-lang/commons-lang/2.6/commons-lang-2.6.jar:/home/runner/.m2/repository/org/apache/ranger/ranger-plugins-cred/2.3.0/ranger-plugins-cred-2.3.0.jar:/home/runner/.m2/repository/org/apache/ranger/ranger-plugins-audit/2.3.0/ranger-plugins-audit-2.3.0.jar:/home/runner/.m2/repository/org/eclipse/jetty/jetty-client/9.4.49.v20220914/jetty-client-9.4.49.v20220914.jar:/home/runner/.m2/repository/org/apache/httpcomponents/httpmime/4.5.6/httpmime-4.5.6.jar:/home/runner/.m2/repository/org/apache/httpcomponents/httpcore-nio/4.4.13/httpcore-nio-4.4.13.jar:/home/runner/.m2/repository/org/apache/httpcomponents/httpasyncclient/4.1.3/httpasyncclient-4.1.3.jar:/home/runner/.m2/repository/com/carrotsearch/hppc/0.8.0/hppc-0.8.0.jar:/home/runner/.m2/repository/org/apache/orc/orc-core/1.5.8/orc-core-1.5.8.jar:/home/runner/.m2/repository/net/java/dev/jna/jna/5.2.0/jna-5.2.0.jar:/home/runner/.m2/repository/net/java/dev/jna/jna-platform/5.2.0/jna-platform-5.2.0.jar:/home/runner/.m2/repository/com/kstruct/gethostname4j/0.0.2/gethostname4j-0.0.2.jar:/home/runner/.m2/repository/org/apache/ranger/ranger-plugin-classloader/2.3.0/ranger-plugin-classloader-2.3.0.jar:/home/runner/.m2/repository/org/apache/ozone/hdds-rocks-native/1.4.0-SNAPSHOT/hdds-rocks-native-1.4.0-SNAPSHOT.jar:/home/runner/.m2/repository/org/apache/hadoop/hadoop-minikdc/3.3.5/hadoop-minikdc-3.3.5.jar:/home/runner/.m2/repository/org/apache/kerby/kerb-simplekdc/1.0.1/kerb-simplekdc-1.0.1.jar:/home/runner/.m2/repository/org/apache/kerby/kerb-client/1.0.1/kerb-client-1.0.1.jar:/home/runner/.m2/repository/org/apache/kerby/kerby-config/1.0.1/kerby-config-1.0.1.jar:/home/runner/.m2/repository/org/apache/kerby/kerb-common/1.0.1/kerb-common-1.0.1.jar:/home/runner/.m2/repository/org/apache/kerby/kerb-crypto/1.0.1/kerb-crypto-1.0.1.jar:/home/runner/.m2/repository/org/apache/kerby/kerb-util/1.0.1/kerb-util-1.0.1.jar:/home/runner/.m2/repository/org/apache/kerby/token-provider/1.0.1/token-provider-1.0.1.jar:/home/runner/.m2/repository/org/apache/kerby/kerb-admin/1.0.1/kerb-admin-1.0.1.jar:/home/runner/.m2/repository/org/apache/kerby/kerb-server/1.0.1/kerb-server-1.0.1.jar:/home/runner/.m2/repository/org/apache/kerby/kerb-identity/1.0.1/kerb-identity-1.0.1.jar:/home/runner/.m2/repository/org/apache/kerby/kerby-xdr/1.0.1/kerby-xdr-1.0.1.jar:/home/runner/.m2/repository/org/apache/ozone/ozone-s3gateway/1.4.0-SNAPSHOT/ozone-s3gateway-1.4.0-SNAPSHOT.jar:/home/runner/.m2/repository/org/javassist/javassist/3.21.0-GA/javassist-3.21.0-GA.jar:/home/runner/.m2/repository/org/jboss/weld/servlet/weld-servlet-shaded/3.1.9.Final/weld-servlet-shaded-3.1.9.Final.jar:/home/runner/.m2/repository/org/glassfish/jersey/containers/jersey-container-servlet-core/2.34/jersey-container-servlet-core-2.34.jar:/home/runner/.m2/repository/org/glassfish/hk2/external/jakarta.inject/2.6.1/jakarta.inject-2.6.1.jar:/home/runner/.m2/repository/org/glassfish/jersey/core/jersey-common/2.34/jersey-common-2.34.jar:/home/runner/.m2/repository/jakarta/ws/rs/jakarta.ws.rs-api/2.1.6/jakarta.ws.rs-api-2.1.6.jar:/home/runner/.m2/repository/org/glassfish/jersey/ext/cdi/jersey-cdi1x/2.34/jersey-cdi1x-2.34.jar:/home/runner/.m2/repository/org/glassfish/jersey/inject/jersey-hk2/2.34/jersey-hk2-2.34.jar:/home/runner/.m2/repository/org/glassfish/hk2/hk2-locator/2.6.1/hk2-locator-2.6.1.jar:/home/runner/.m2/repository/org/glassfish/jersey/media/jersey-media-jaxb/2.34/jersey-media-jaxb-2.34.jar:/home/runner/.m2/repository/org/glassfish/hk2/osgi-resource-locator/1.0.3/osgi-resource-locator-1.0.3.jar:/home/runner/.m2/repository/org/glassfish/hk2/hk2-api/2.5.0/hk2-api-2.5.0.jar:/home/runner/.m2/repository/org/glassfish/hk2/hk2-utils/2.5.0/hk2-utils-2.5.0.jar:/home/runner/.m2/repository/org/glassfish/hk2/external/aopalliance-repackaged/2.5.0/aopalliance-repackaged-2.5.0.jar:/home/runner/.m2/repository/com/fasterxml/jackson/dataformat/jackson-dataformat-xml/2.13.4/jackson-dataformat-xml-2.13.4.jar:/home/runner/.m2/repository/org/codehaus/woodstox/stax2-api/4.2.1/stax2-api-4.2.1.jar:/home/runner/.m2/repository/com/fasterxml/woodstox/woodstox-core/5.4.0/woodstox-core-5.4.0.jar:/home/runner/.m2/repository/com/fasterxml/jackson/module/jackson-module-jaxb-annotations/2.13.4/jackson-module-jaxb-annotations-2.13.4.jar:/home/runner/.m2/repository/jakarta/xml/bind/jakarta.xml.bind-api/2.3.3/jakarta.xml.bind-api-2.3.3.jar:/home/runner/.m2/repository/jakarta/activation/jakarta.activation-api/1.2.2/jakarta.activation-api-1.2.2.jar:/home/runner/.m2/repository/javax/enterprise/cdi-api/2.0/cdi-api-2.0.jar:/home/runner/.m2/repository/javax/el/javax.el-api/3.0.0/javax.el-api-3.0.0.jar:/home/runner/.m2/repository/javax/interceptor/javax.interceptor-api/1.2/javax.interceptor-api-1.2.jar:/home/runner/.m2/repository/javax/inject/javax.inject/1/javax.inject-1.jar:/home/runner/.m2/repository/javax/xml/bind/jaxb-api/2.3.0/jaxb-api-2.3.0.jar:/home/runner/.m2/repository/org/glassfish/jaxb/jaxb-runtime/2.3.0.1/jaxb-runtime-2.3.0.1.jar:/home/runner/.m2/repository/org/glassfish/jaxb/jaxb-core/2.3.0.1/jaxb-core-2.3.0.1.jar:/home/runner/.m2/repository/org/glassfish/jaxb/txw2/2.3.0.1/txw2-2.3.0.1.jar:/home/runner/.m2/repository/com/sun/istack/istack-commons-runtime/3.0.5/istack-commons-runtime-3.0.5.jar:/home/runner/.m2/repository/org/jvnet/staxex/stax-ex/1.7.8/stax-ex-1.7.8.jar:/home/runner/.m2/repository/com/sun/xml/fastinfoset/FastInfoset/1.2.13/FastInfoset-1.2.13.jar:/home/runner/.m2/repository/javax/activation/activation/1.1.1/activation-1.1.1.jar:/home/runner/.m2/repository/io/grpc/grpc-protobuf/1.51.1/grpc-protobuf-1.51.1.jar:/home/runner/.m2/repository/io/grpc/grpc-api/1.51.1/grpc-api-1.51.1.jar:/home/runner/.m2/repository/io/grpc/grpc-context/1.51.1/grpc-context-1.51.1.jar:/home/runner/.m2/repository/com/google/api/grpc/proto-google-common-protos/2.9.0/proto-google-common-protos-2.9.0.jar:/home/runner/.m2/repository/io/grpc/grpc-protobuf-lite/1.51.1/grpc-protobuf-lite-1.51.1.jar:/home/runner/.m2/repository/io/grpc/grpc-stub/1.51.1/grpc-stub-1.51.1.jar:/home/runner/.m2/repository/io/netty/netty-transport/4.1.86.Final/netty-transport-4.1.86.Final.jar:/home/runner/.m2/repository/io/netty/netty-resolver/4.1.86.Final/netty-resolver-4.1.86.Final.jar:/home/runner/.m2/repository/org/apache/ozone/ozone-csi/1.4.0-SNAPSHOT/ozone-csi-1.4.0-SNAPSHOT.jar:/home/runner/.m2/repository/com/google/protobuf/protobuf-java-util/3.19.6/protobuf-java-util-3.19.6.jar:/home/runner/.m2/repository/com/google/code/gson/gson/2.9.0/gson-2.9.0.jar:/home/runner/.m2/repository/org/apache/ozone/hdds-config/1.4.0-SNAPSHOT/hdds-config-1.4.0-SNAPSHOT.jar:/home/runner/.m2/repository/io/netty/netty-transport-native-epoll/4.1.86.Final/netty-transport-native-epoll-4.1.86.Final-linux-x86_64.jar:/home/runner/.m2/repository/io/netty/netty-transport-classes-epoll/4.1.86.Final/netty-transport-classes-epoll-4.1.86.Final.jar:/home/runner/.m2/repository/io/netty/netty-transport-native-unix-common/4.1.86.Final/netty-transport-native-unix-common-4.1.86.Final.jar:/home/runner/.m2/repository/org/apache/ozone/ozone-recon/1.4.0-SNAPSHOT/ozone-recon-1.4.0-SNAPSHOT.jar:/home/runner/.m2/repository/org/apache/ozone/ozone-reconcodegen/1.4.0-SNAPSHOT/ozone-reconcodegen-1.4.0-SNAPSHOT.jar:/home/runner/.m2/repository/com/google/inject/guice/5.1.0/guice-5.1.0.jar:/home/runner/.m2/repository/aopalliance/aopalliance/1.0/aopalliance-1.0.jar:/home/runner/.m2/repository/com/google/inject/extensions/guice-assistedinject/5.1.0/guice-assistedinject-5.1.0.jar:/home/runner/.m2/repository/com/google/inject/extensions/guice-servlet/5.1.0/guice-servlet-5.1.0.jar:/home/runner/.m2/repository/org/glassfish/jersey/containers/jersey-container-servlet/2.34/jersey-container-servlet-2.34.jar:/home/runner/.m2/repository/org/glassfish/hk2/guice-bridge/2.5.0/guice-bridge-2.5.0.jar:/home/runner/.m2/repository/org/glassfish/jersey/core/jersey-server/2.34/jersey-server-2.34.jar:/home/runner/.m2/repository/org/glassfish/jersey/core/jersey-client/2.34/jersey-client-2.34.jar:/home/runner/.m2/repository/jakarta/annotation/jakarta.annotation-api/1.3.5/jakarta.annotation-api-1.3.5.jar:/home/runner/.m2/repository/jakarta/validation/jakarta.validation-api/2.0.2/jakarta.validation-api-2.0.2.jar:/home/runner/.m2/repository/org/glassfish/jersey/media/jersey-media-json-jackson/2.34/jersey-media-json-jackson-2.34.jar:/home/runner/.m2/repository/org/glassfish/jersey/ext/jersey-entity-filtering/2.34/jersey-entity-filtering-2.34.jar:/home/runner/.m2/repository/org/jooq/jooq/3.11.10/jooq-3.11.10.jar:/home/runner/.m2/repository/org/jooq/jooq-meta/3.11.10/jooq-meta-3.11.10.jar:/home/runner/.m2/repository/org/jooq/jooq-codegen/3.11.10/jooq-codegen-3.11.10.jar:/home/runner/.m2/repository/com/jolbox/bonecp/0.8.0.RELEASE/bonecp-0.8.0.RELEASE.jar:/home/runner/.m2/repository/org/apache/derby/derby/10.14.2.0/derby-10.14.2.0.jar:/home/runner/.m2/repository/org/xerial/sqlite-jdbc/3.25.2/sqlite-jdbc-3.25.2.jar:/home/runner/.m2/repository/org/springframework/spring-jdbc/5.3.26/spring-jdbc-5.3.26.jar:/home/runner/.m2/repository/org/springframework/spring-beans/5.3.26/spring-beans-5.3.26.jar:/home/runner/.m2/repository/org/springframework/spring-core/5.3.26/spring-core-5.3.26.jar:/home/runner/.m2/repository/org/springframework/spring-tx/5.3.26/spring-tx-5.3.26.jar:/home/runner/.m2/repository/org/apache/ozone/ozone-client/1.4.0-SNAPSHOT/ozone-client-1.4.0-SNAPSHOT.jar:/home/runner/.m2/repository/org/apache/ozone/hdds-erasurecode/1.4.0-SNAPSHOT/hdds-erasurecode-1.4.0-SNAPSHOT.jar:/home/runner/.m2/repository/org/apache/ozone/ozone-filesystem/1.4.0-SNAPSHOT/ozone-filesystem-1.4.0-SNAPSHOT.jar:/home/runner/.m2/repository/org/apache/ozone/ozone-filesystem-common/1.4.0-SNAPSHOT/ozone-filesystem-common-1.4.0-SNAPSHOT.jar:/home/runner/.m2/repository/org/apache/ozone/ozone-tools/1.4.0-SNAPSHOT/ozone-tools-1.4.0-SNAPSHOT.jar:/home/runner/.m2/repository/com/amazonaws/aws-java-sdk-core/1.12.261/aws-java-sdk-core-1.12.261.jar:/home/runner/.m2/repository/org/apache/httpcomponents/httpclient/4.5.13/httpclient-4.5.13.jar:/home/runner/.m2/repository/org/apache/httpcomponents/httpcore/4.4.13/httpcore-4.4.13.jar:/home/runner/.m2/repository/software/amazon/ion/ion-java/1.0.2/ion-java-1.0.2.jar:/home/runner/.m2/repository/com/fasterxml/jackson/dataformat/jackson-dataformat-cbor/2.13.4/jackson-dataformat-cbor-2.13.4.jar:/home/runner/.m2/repository/joda-time/joda-time/2.10.6/joda-time-2.10.6.jar:/home/runner/.m2/repository/com/amazonaws/aws-java-sdk-s3/1.12.261/aws-java-sdk-s3-1.12.261.jar:/home/runner/.m2/repository/com/amazonaws/aws-java-sdk-kms/1.12.261/aws-java-sdk-kms-1.12.261.jar:/home/runner/.m2/repository/com/amazonaws/jmespath-java/1.12.261/jmespath-java-1.12.261.jar:/home/runner/.m2/repository/org/kohsuke/metainf-services/metainf-services/1.8/metainf-services-1.8.jar:/home/runner/.m2/repository/org/apache/ozone/hdds-tools/1.4.0-SNAPSHOT/hdds-tools-1.4.0-SNAPSHOT.jar:/home/runner/.m2/repository/org/apache/ratis/ratis-tools/2.4.2-8b8bdda-SNAPSHOT/ratis-tools-2.4.2-8b8bdda-SNAPSHOT.jar:/home/runner/.m2/repository/commons-cli/commons-cli/1.2/commons-cli-1.2.jar:/home/runner/.m2/repository/org/apache/commons/commons-lang3/3.7/commons-lang3-3.7.jar:/home/runner/.m2/repository/org/apache/ozone/ozone-manager/1.4.0-SNAPSHOT/ozone-manager-1.4.0-SNAPSHOT-tests.jar:/home/runner/.m2/repository/org/apache/ozone/hdds-common/1.4.0-SNAPSHOT/hdds-common-1.4.0-SNAPSHOT-tests.jar:/home/runner/.m2/repository/org/apache/ozone/hdds-hadoop-dependency-client/1.4.0-SNAPSHOT/hdds-hadoop-dependency-client-1.4.0-SNAPSHOT.jar:/home/runner/.m2/repository/info/picocli/picocli/4.6.1/picocli-4.6.1.jar:/home/runner/.m2/repository/com/fasterxml/jackson/core/jackson-annotations/2.13.4/jackson-annotations-2.13.4.jar:/home/runner/.m2/repository/org/apache/ozone/hdds-annotation-processing/1.4.0-SNAPSHOT/hdds-annotation-processing-1.4.0-SNAPSHOT.jar:/home/runner/.m2/repository/javax/annotation/javax.annotation-api/1.2/javax.annotation-api-1.2.jar:/home/runner/.m2/repository/org/apache/ratis/ratis-netty/2.4.2-8b8bdda-SNAPSHOT/ratis-netty-2.4.2-8b8bdda-SNAPSHOT.jar:/home/runner/.m2/repository/org/apache/ratis/ratis-grpc/2.4.2-8b8bdda-SNAPSHOT/ratis-grpc-2.4.2-8b8bdda-SNAPSHOT.jar:/home/runner/.m2/repository/org/apache/logging/log4j/log4j-api/2.17.1/log4j-api-2.17.1.jar:/home/runner/.m2/repository/org/apache/commons/commons-pool2/2.6.0/commons-pool2-2.6.0.jar:/home/runner/.m2/repository/org/bouncycastle/bcpkix-jdk15on/1.67/bcpkix-jdk15on-1.67.jar:/home/runner/.m2/repository/commons-validator/commons-validator/1.6/commons-validator-1.6.jar:/home/runner/.m2/repository/commons-beanutils/commons-beanutils/1.9.4/commons-beanutils-1.9.4.jar:/home/runner/.m2/repository/commons-digester/commons-digester/1.8.1/commons-digester-1.8.1.jar:/home/runner/.m2/repository/commons-collections/commons-collections/3.2.2/commons-collections-3.2.2.jar:/home/runner/.m2/repository/io/jaegertracing/jaeger-client/1.6.0/jaeger-client-1.6.0.jar:/home/runner/.m2/repository/io/jaegertracing/jaeger-thrift/1.6.0/jaeger-thrift-1.6.0.jar:/home/runner/.m2/repository/org/apache/thrift/libthrift/0.14.1/libthrift-0.14.1.jar:/home/runner/.m2/repository/io/jaegertracing/jaeger-core/1.6.0/jaeger-core-1.6.0.jar:/home/runner/.m2/repository/io/jaegertracing/jaeger-tracerresolver/1.6.0/jaeger-tracerresolver-1.6.0.jar:/home/runner/.m2/repository/io/opentracing/contrib/opentracing-tracerresolver/0.1.8/opentracing-tracerresolver-0.1.8.jar:/home/runner/.m2/repository/org/jetbrains/kotlin/kotlin-stdlib/1.6.21/kotlin-stdlib-1.6.21.jar:/home/runner/.m2/repository/org/jetbrains/annotations/13.0/annotations-13.0.jar:/home/runner/.m2/repository/io/opentracing/opentracing-util/0.33.0/opentracing-util-0.33.0.jar:/home/runner/.m2/repository/io/opentracing/opentracing-api/0.33.0/opentracing-api-0.33.0.jar:/home/runner/.m2/repository/io/opentracing/opentracing-noop/0.33.0/opentracing-noop-0.33.0.jar:/home/runner/.m2/repository/org/yaml/snakeyaml/2.0/snakeyaml-2.0.jar:/home/runner/.m2/repository/junit/junit/4.13.1/junit-4.13.1.jar:/home/runner/.m2/repository/org/hamcrest/hamcrest-core/1.3/hamcrest-core-1.3.jar:/home/runner/.m2/repository/org/junit/jupiter/junit-jupiter-api/5.8.2/junit-jupiter-api-5.8.2.jar:/home/runner/.m2/repository/org/opentest4j/opentest4j/1.2.0/opentest4j-1.2.0.jar:/home/runner/.m2/repository/org/junit/platform/junit-platform-commons/1.8.2/junit-platform-commons-1.8.2.jar:/home/runner/.m2/repository/org/apiguardian/apiguardian-api/1.1.2/apiguardian-api-1.1.2.jar:/home/runner/.m2/repository/org/junit/jupiter/junit-jupiter-params/5.8.2/junit-jupiter-params-5.8.2.jar:/home/runner/.m2/repository/org/junit/jupiter/junit-jupiter-migrationsupport/5.8.2/junit-jupiter-migrationsupport-5.8.2.jar:/home/runner/.m2/repository/org/junit/jupiter/junit-jupiter-engine/5.8.2/junit-jupiter-engine-5.8.2.jar:/home/runner/.m2/repository/org/junit/platform/junit-platform-engine/1.8.2/junit-platform-engine-1.8.2.jar:/home/runner/.m2/repository/org/junit/vintage/junit-vintage-engine/5.8.2/junit-vintage-engine-5.8.2.jar:/home/runner/.m2/repository/org/junit/platform/junit-platform-launcher/1.8.2/junit-platform-launcher-1.8.2.jar:/home/runner/.m2/repository/org/mockito/mockito-core/2.28.2/mockito-core-2.28.2.jar:/home/runner/.m2/repository/net/bytebuddy/byte-buddy/1.9.10/byte-buddy-1.9.10.jar:/home/runner/.m2/repository/net/bytebuddy/byte-buddy-agent/1.9.10/byte-buddy-agent-1.9.10.jar:/home/runner/.m2/repository/org/objenesis/objenesis/1.0/objenesis-1.0.jar:/home/runner/.m2/repository/org/apache/hadoop/hadoop-kms/3.3.5/hadoop-kms-3.3.5.jar:/home/runner/.m2/repository/org/apache/hadoop/hadoop-auth/3.3.5/hadoop-auth-3.3.5.jar:/home/runner/.m2/repository/com/nimbusds/nimbus-jose-jwt/9.8.1/nimbus-jose-jwt-9.8.1.jar:/home/runner/.m2/repository/com/github/stephenc/jcip/jcip-annotations/1.0-1/jcip-annotations-1.0-1.jar:/home/runner/.m2/repository/net/minidev/json-smart/2.4.7/json-smart-2.4.7.jar:/home/runner/.m2/repository/net/minidev/accessors-smart/2.4.7/accessors-smart-2.4.7.jar:/home/runner/.m2/repository/org/ow2/asm/asm/5.0.4/asm-5.0.4.jar:/home/runner/.m2/repository/org/apache/zookeeper/zookeeper/3.5.6/zookeeper-3.5.6.jar:/home/runner/.m2/repository/org/apache/zookeeper/zookeeper-jute/3.5.6/zookeeper-jute-3.5.6.jar:/home/runner/.m2/repository/org/apache/yetus/audience-annotations/0.5.0/audience-annotations-0.5.0.jar:/home/runner/.m2/repository/org/apache/curator/curator-framework/4.2.0/curator-framework-4.2.0.jar:/home/runner/.m2/repository/org/apache/hadoop/thirdparty/hadoop-shaded-guava/1.1.1/hadoop-shaded-guava-1.1.1.jar:/home/runner/.m2/repository/com/sun/jersey/jersey-core/1.19/jersey-core-1.19.jar:/home/runner/.m2/repository/javax/ws/rs/jsr311-api/1.1.1/jsr311-api-1.1.1.jar:/home/runner/.m2/repository/com/sun/jersey/jersey-server/1.19/jersey-server-1.19.jar:/home/runner/.m2/repository/javax/servlet/javax.servlet-api/3.1.0/javax.servlet-api-3.1.0.jar:/home/runner/.m2/repository/org/apache/hadoop/hadoop-common/3.3.5/hadoop-common-3.3.5.jar:/home/runner/.m2/repository/org/apache/commons/commons-math3/3.1.1/commons-math3-3.1.1.jar:/home/runner/.m2/repository/commons-net/commons-net/3.9.0/commons-net-3.9.0.jar:/home/runner/.m2/repository/com/sun/jersey/jersey-servlet/1.19/jersey-servlet-1.19.jar:/home/runner/.m2/repository/com/github/pjfanning/jersey-json/1.20/jersey-json-1.20.jar:/home/runner/.m2/repository/org/codehaus/jettison/jettison/1.1/jettison-1.1.jar:/home/runner/.m2/repository/com/sun/xml/bind/jaxb-impl/2.2.3-1/jaxb-impl-2.2.3-1.jar:/home/runner/.m2/repository/com/google/re2j/re2j/1.1/re2j-1.1.jar:/home/runner/.m2/repository/com/jcraft/jsch/0.1.54/jsch-0.1.54.jar:/home/runner/.m2/repository/org/apache/curator/curator-client/4.2.0/curator-client-4.2.0.jar:/home/runner/.m2/repository/org/apache/curator/curator-recipes/4.2.0/curator-recipes-4.2.0.jar:/home/runner/.m2/repository/org/apache/kerby/kerb-core/1.0.1/kerb-core-1.0.1.jar:/home/runner/.m2/repository/org/apache/kerby/kerby-pkix/1.0.1/kerby-pkix-1.0.1.jar:/home/runner/.m2/repository/org/apache/kerby/kerby-asn1/1.0.1/kerby-asn1-1.0.1.jar:/home/runner/.m2/repository/org/apache/kerby/kerby-util/1.0.1/kerby-util-1.0.1.jar:/home/runner/.m2/repository/dnsjava/dnsjava/2.1.7/dnsjava-2.1.7.jar:/home/runner/.m2/repository/org/xerial/snappy/snappy-java/1.1.8.2/snappy-java-1.1.8.2.jar:/home/runner/.m2/repository/com/fasterxml/jackson/core/jackson-databind/2.13.4.2/jackson-databind-2.13.4.2.jar:/home/runner/.m2/repository/org/apache/hadoop/hadoop-kms/3.3.5/hadoop-kms-3.3.5-tests.jar:/home/runner/.m2/repository/org/apache/ozone/hdds-server-scm/1.4.0-SNAPSHOT/hdds-server-scm-1.4.0-SNAPSHOT-tests.jar:/home/runner/.m2/repository/org/apache/ozone/hdds-container-service/1.4.0-SNAPSHOT/hdds-container-service-1.4.0-SNAPSHOT-tests.jar:/home/runner/.m2/repository/com/github/luben/zstd-jni/1.5.2-5/zstd-jni-1.5.2-5.jar:/home/runner/.m2/repository/commons-codec/commons-codec/1.15/commons-codec-1.15.jar:/home/runner/.m2/repository/io/netty/netty-codec/4.1.86.Final/netty-codec-4.1.86.Final.jar:/home/runner/.m2/repository/io/netty/netty-handler/4.1.86.Final/netty-handler-4.1.86.Final.jar:/home/runner/.m2/repository/org/apache/ozone/hdds-hadoop-dependency-test/1.4.0-SNAPSHOT/hdds-hadoop-dependency-test-1.4.0-SNAPSHOT.jar:/home/runner/.m2/repository/org/apache/hadoop/hadoop-common/3.3.5/hadoop-common-3.3.5-tests.jar:/home/runner/.m2/repository/org/apache/hadoop/hadoop-hdfs/3.3.5/hadoop-hdfs-3.3.5-tests.jar:/home/runner/.m2/repository/org/assertj/assertj-core/3.12.2/assertj-core-3.12.2.jar:/home/runner/.m2/repository/org/apache/hadoop/hadoop-distcp/3.3.5/hadoop-distcp-3.3.5.jar:/home/runner/.m2/repository/org/apache/hadoop/hadoop-mapreduce-client-jobclient/3.3.5/hadoop-mapreduce-client-jobclient-3.3.5.jar:/home/runner/.m2/repository/org/apache/hadoop/hadoop-mapreduce-client-common/3.3.5/hadoop-mapreduce-client-common-3.3.5.jar:/home/runner/.m2/repository/org/apache/hadoop/hadoop-yarn-common/3.3.5/hadoop-yarn-common-3.3.5.jar:/home/runner/.m2/repository/org/apache/hadoop/hadoop-yarn-api/3.3.5/hadoop-yarn-api-3.3.5.jar:/home/runner/.m2/repository/com/sun/jersey/contribs/jersey-guice/1.19/jersey-guice-1.19.jar:/home/runner/.m2/repository/com/fasterxml/jackson/jaxrs/jackson-jaxrs-json-provider/2.13.4/jackson-jaxrs-json-provider-2.13.4.jar:/home/runner/.m2/repository/com/fasterxml/jackson/jaxrs/jackson-jaxrs-base/2.13.4/jackson-jaxrs-base-2.13.4.jar:/home/runner/.m2/repository/org/apache/hadoop/hadoop-yarn-client/3.3.5/hadoop-yarn-client-3.3.5.jar:/home/runner/.m2/repository/org/eclipse/jetty/websocket/websocket-client/9.4.48.v20220622/websocket-client-9.4.48.v20220622.jar:/home/runner/.m2/repository/org/eclipse/jetty/websocket/websocket-common/9.4.48.v20220622/websocket-common-9.4.48.v20220622.jar:/home/runner/.m2/repository/org/eclipse/jetty/websocket/websocket-api/9.4.48.v20220622/websocket-api-9.4.48.v20220622.jar:/home/runner/.m2/repository/org/jline/jline/3.9.0/jline-3.9.0.jar:/home/runner/.m2/repository/org/apache/hadoop/hadoop-mapreduce-client-core/3.3.5/hadoop-mapreduce-client-core-3.3.5.jar:/home/runner/.m2/repository/org/apache/avro/avro/1.7.7/avro-1.7.7.jar:/home/runner/.m2/repository/com/thoughtworks/paranamer/paranamer/2.3/paranamer-2.3.jar:/home/runner/.m2/repository/org/apache/hadoop/hadoop-annotations/3.3.5/hadoop-annotations-3.3.5.jar:/usr/lib/jvm/temurin-8-jdk-amd64/jre/../lib/tools.jar:/home/runner/.m2/repository/io/netty/netty/3.10.6.Final/netty-3.10.6.Final.jar:/home/runner/.m2/repository/org/apache/hadoop/hadoop-distcp/3.3.5/hadoop-distcp-3.3.5-tests.jar:/home/runner/.m2/repository/org/slf4j/jul-to-slf4j/1.7.36/jul-to-slf4j-1.7.36.jar:"/>
    <property name="sun.cpu.endian" value="little"/>
    <property name="user.home" value="/home/runner"/>
    <property name="user.language" value="en"/>
    <property name="java.specification.vendor" value="Oracle Corporation"/>
    <property name="java.home" value="/usr/lib/jvm/temurin-8-jdk-amd64/jre"/>
    <property name="java.security.krb5.conf" value="/home/runner/work/ozone/ozone/hadoop-ozone/integration-test/target/test-classes/krb5.conf"/>
    <property name="basedir" value="/home/runner/work/ozone/ozone/hadoop-ozone/integration-test"/>
    <property name="file.separator" value="/"/>
    <property name="line.separator" value="&#10;"/>
    <property name="java.vm.specification.vendor" value="Oracle Corporation"/>
    <property name="java.specification.name" value="Java Platform API Specification"/>
    <property name="java.awt.graphicsenv" value="sun.awt.X11GraphicsEnvironment"/>
    <property name="skip.installnpx" value="true"/>
    <property name="surefire.real.class.path" value="/home/runner/work/ozone/ozone/hadoop-ozone/integration-test/target/surefire/surefirebooter3345760871405806431.jar:/home/runner/.m2/repository/org/jacoco/org.jacoco.agent/0.8.5/org.jacoco.agent-0.8.5-runtime.jar"/>
    <property name="hadoop.log.dir" value="/home/runner/work/ozone/ozone/hadoop-ozone/integration-test/target/log"/>
    <property name="sun.boot.class.path" value="/usr/lib/jvm/temurin-8-jdk-amd64/jre/lib/resources.jar:/usr/lib/jvm/temurin-8-jdk-amd64/jre/lib/rt.jar:/usr/lib/jvm/temurin-8-jdk-amd64/jre/lib/sunrsasign.jar:/usr/lib/jvm/temurin-8-jdk-amd64/jre/lib/jsse.jar:/usr/lib/jvm/temurin-8-jdk-amd64/jre/lib/jce.jar:/usr/lib/jvm/temurin-8-jdk-amd64/jre/lib/charsets.jar:/usr/lib/jvm/temurin-8-jdk-amd64/jre/lib/jfr.jar:/usr/lib/jvm/temurin-8-jdk-amd64/jre/classes"/>
    <property name="sun.management.compiler" value="HotSpot 64-Bit Tiered Compilers"/>
    <property name="skip.npx" value="true"/>
    <property name="java.runtime.version" value="1.8.0_362-b09"/>
    <property name="java.net.preferIPv4Stack" value="true"/>
    <property name="user.name" value="runner"/>
    <property name="path.separator" value=":"/>
    <property name="java.security.egd" value="file:///dev/urandom"/>
    <property name="os.version" value="5.15.0-1035-azure"/>
    <property name="java.endorsed.dirs" value="/usr/lib/jvm/temurin-8-jdk-amd64/jre/lib/endorsed"/>
    <property name="java.runtime.name" value="OpenJDK Runtime Environment"/>
    <property name="file.encoding" value="UTF-8"/>
    <property name="java.vm.name" value="OpenJDK 64-Bit Server VM"/>
    <property name="test.build.webapps" value=""/>
    <property name="localRepository" value="/home/runner/.m2/repository"/>
    <property name="jetty.git.hash" value="4231a3b2e4cb8548a412a789936d640a97b1aa0a"/>
    <property name="java.vendor.url.bug" value="https://github.com/adoptium/adoptium-support/issues"/>
    <property name="java.io.tmpdir" value="/tmp"/>
    <property name="require.test.libhadoop" value=""/>
    <property name="java.version" value="1.8.0_362"/>
    <property name="user.dir" value="/home/runner/work/ozone/ozone/hadoop-ozone/integration-test"/>
    <property name="os.arch" value="amd64"/>
    <property name="java.vm.specification.name" value="Java Virtual Machine Specification"/>
    <property name="test.build.classes" value="/home/runner/work/ozone/ozone/hadoop-ozone/integration-test/target/test-classes"/>
    <property name="java.awt.printerjob" value="sun.print.PSPrinterJob"/>
    <property name="sun.os.patch.level" value="unknown"/>
    <property name="org.apache.ratis.thirdparty.io.netty.allocator.useCacheForAllThreads" value="false"/>
    <property name="hadoop.tmp.dir" value="/home/runner/work/ozone/ozone/hadoop-ozone/integration-test/target/tmp"/>
    <property name="java.library.path" value="/usr/java/packages/lib/amd64:/usr/lib64:/lib64:/lib:/usr/lib"/>
    <property name="java.vm.info" value="mixed mode"/>
    <property name="java.vendor" value="Temurin"/>
    <property name="java.vm.version" value="25.362-b09"/>
    <property name="java.specification.maintenance.version" value="4"/>
    <property name="java.ext.dirs" value="/usr/lib/jvm/temurin-8-jdk-amd64/jre/lib/ext:/usr/java/packages/lib/ext"/>
    <property name="sun.io.unicode.encoding" value="UnicodeLittle"/>
    <property name="java.class.version" value="52.0"/>
  </properties>
  <testcase name="testBlockDeleteCommandParallelProcess" classname="org.apache.hadoop.ozone.container.common.statemachine.commandhandler.TestBlockDeletion" time="31.271">
    <system-out><![CDATA[2023-04-19 02:32:05,467 [main] WARN  server.ServerUtils (ServerUtils.java:getScmDbDir(148)) - ozone.scm.db.dirs is not configured. We recommend adding this setting. Falling back to ozone.metadata.dirs instead.
2023-04-19 02:32:05,544 [main] WARN  server.ServerUtils (ServerUtils.java:getScmDbDir(148)) - ozone.scm.db.dirs is not configured. We recommend adding this setting. Falling back to ozone.metadata.dirs instead.
2023-04-19 02:32:05,548 [main] INFO  ha.SCMHANodeDetails (SCMHANodeDetails.java:loadSCMHAConfig(209)) - ServiceID for StorageContainerManager is null
2023-04-19 02:32:05,552 [main] WARN  ha.SCMHANodeDetails (SCMHANodeDetails.java:validateSCMHAConfig(182)) - Invalid config ozone.scm.ratis.enable. The config was not specified, but the default value true conflicts with the expected config value false. Falling back to the expected value. Current State of SCM: SCM is running in Non-HA without Ratis Ratis SCM -> Non Ratis SCM or Non HA SCM -> HA SCM is not supported
2023-04-19 02:32:05,553 [main] INFO  ha.SCMHANodeDetails (SCMHANodeDetails.java:loadSCMHAConfig(214)) - ozone.scm.default.service.id is not defined, falling back to ozone.scm.service.ids to find serviceID for StorageContainerManager if it is HA enabled cluster
2023-04-19 02:32:06,170 [main] WARN  utils.HAUtils (HAUtils.java:getMetaDir(342)) - ozone.scm.db.dirs is not configured. We recommend adding this setting. Falling back to ozone.metadata.dirs instead.
2023-04-19 02:32:06,309 [main] WARN  db.DBStoreBuilder (DBStoreBuilder.java:applyDBDefinition(182)) - ozone.scm.db.dirs is not configured. We recommend adding this setting. Falling back to ozone.metadata.dirs instead.
2023-04-19 02:32:06,499 [main] INFO  net.NodeSchemaLoader (NodeSchemaLoader.java:loadSchemaFromFile(129)) - Loading schema from [jar:file:/home/runner/.m2/repository/org/apache/ozone/hdds-common/1.4.0-SNAPSHOT/hdds-common-1.4.0-SNAPSHOT.jar!/network-topology-default.xml]
2023-04-19 02:32:06,501 [main] INFO  net.NodeSchemaLoader (NodeSchemaLoader.java:loadSchema(176)) - Loading network topology layer schema file
2023-04-19 02:32:06,539 [main] INFO  metrics.MetricRegistries (MetricRegistriesLoader.java:load(64)) - Loaded MetricRegistries class org.apache.ratis.metrics.impl.MetricRegistriesImpl
2023-04-19 02:32:06,545 [main] INFO  upgrade.AbstractLayoutVersionManager (AbstractLayoutVersionManager.java:init(83)) - Initializing Layout version manager with metadata layout = WEBUI_PORTS_IN_DATANODEDETAILS (version = 6), software layout = WEBUI_PORTS_IN_DATANODEDETAILS (version = 6)
2023-04-19 02:32:06,737 [main] INFO  reflections.Reflections (Reflections.java:scan(232)) - Reflections took 131 ms to scan 7 urls, producing 156 keys and 369 values 
2023-04-19 02:32:06,845 [main] INFO  ha.SequenceIdGenerator (SequenceIdGenerator.java:upgradeToSequenceId(349)) - upgrade localId to 111677748019200000
2023-04-19 02:32:06,845 [main] INFO  ha.SequenceIdGenerator (SequenceIdGenerator.java:upgradeToSequenceId(359)) - upgrade delTxnId to 0
2023-04-19 02:32:06,849 [main] INFO  ha.SequenceIdGenerator (SequenceIdGenerator.java:upgradeToSequenceId(376)) - upgrade containerId to 0
2023-04-19 02:32:06,851 [main] INFO  ha.SequenceIdGenerator (SequenceIdGenerator.java:<init>(220)) - Init the HA SequenceIdGenerator.
2023-04-19 02:32:06,905 [main] INFO  node.SCMNodeManager (SCMNodeManager.java:<init>(156)) - Entering startup safe mode.
2023-04-19 02:32:06,923 [main] INFO  algorithms.ContainerPlacementPolicyFactory (ContainerPlacementPolicyFactory.java:getPolicyInternal(86)) - Create container placement policy of type org.apache.hadoop.hdds.scm.container.placement.algorithms.SCMContainerPlacementRackAware
2023-04-19 02:32:06,927 [main] INFO  algorithms.ContainerPlacementPolicyFactory (ContainerPlacementPolicyFactory.java:getPolicyInternal(86)) - Create container placement policy of type org.apache.hadoop.hdds.scm.container.placement.algorithms.SCMContainerPlacementRackScatter
2023-04-19 02:32:06,936 [main] INFO  pipeline.PipelineStateManagerImpl (PipelineStateManagerImpl.java:initialize(78)) - No pipeline exists in current db
2023-04-19 02:32:06,975 [main] INFO  algorithms.LeaderChoosePolicyFactory (LeaderChoosePolicyFactory.java:getPolicy(57)) - Create leader choose policy of type org.apache.hadoop.hdds.scm.pipeline.leader.choose.algorithms.MinLeaderCountChoosePolicy
2023-04-19 02:32:06,976 [main] INFO  algorithms.ContainerPlacementPolicyFactory (ContainerPlacementPolicyFactory.java:getPolicyInternal(86)) - Create container placement policy of type org.apache.hadoop.hdds.scm.container.placement.algorithms.SCMContainerPlacementRackScatter
2023-04-19 02:32:06,983 [main] INFO  ha.SCMServiceManager (SCMServiceManager.java:register(42)) - Registering service BackgroundPipelineCreator.
2023-04-19 02:32:06,984 [main] INFO  pipeline.BackgroundPipelineCreator (BackgroundPipelineCreator.java:start(124)) - Starting RatisPipelineUtilsThread.
2023-04-19 02:32:06,988 [main] INFO  BackgroundPipelineScrubber (BackgroundSCMService.java:start(68)) - Starting BackgroundPipelineScrubber Service.
2023-04-19 02:32:06,988 [main] INFO  ha.SCMServiceManager (SCMServiceManager.java:register(42)) - Registering service BackgroundPipelineScrubber.
2023-04-19 02:32:06,995 [main] INFO  ExpiredContainerReplicaOpScrubber (BackgroundSCMService.java:start(68)) - Starting ExpiredContainerReplicaOpScrubber Service.
2023-04-19 02:32:06,995 [main] INFO  ha.SCMServiceManager (SCMServiceManager.java:register(42)) - Registering service ExpiredContainerReplicaOpScrubber.
2023-04-19 02:32:07,043 [main] INFO  algorithms.PipelineChoosePolicyFactory (PipelineChoosePolicyFactory.java:createPipelineChoosePolicyFromClass(73)) - Create pipeline choose policy of type org.apache.hadoop.hdds.scm.pipeline.choose.algorithms.RandomPipelineChoosePolicy
2023-04-19 02:32:07,056 [main] INFO  ha.SCMServiceManager (SCMServiceManager.java:register(42)) - Registering service SCMBlockDeletingService.
2023-04-19 02:32:07,108 [main] INFO  replication.ReplicationManager (ReplicationManager.java:start(288)) - Starting Replication Monitor Thread.
2023-04-19 02:32:07,116 [main] INFO  ha.SCMServiceManager (SCMServiceManager.java:register(42)) - Registering service ReplicationManager.
2023-04-19 02:32:07,120 [ReplicationMonitor] INFO  replication.ReplicationManager (ReplicationManager.java:processAll(363)) - Replication Manager is not ready to run until 3000ms after safemode exit
2023-04-19 02:32:07,126 [main] INFO  safemode.ContainerSafeModeRule (ContainerSafeModeRule.java:<init>(89)) - containers with one replica threshold count 0
2023-04-19 02:32:07,132 [main] INFO  safemode.HealthyPipelineSafeModeRule (HealthyPipelineSafeModeRule.java:initializeRule(169)) - Total pipeline count is 0, healthy pipeline threshold count is 1
2023-04-19 02:32:07,138 [main] INFO  safemode.OneReplicaPipelineSafeModeRule (OneReplicaPipelineSafeModeRule.java:initializeRule(180)) - Total pipeline count is 0, pipeline's with at least one datanode reported threshold count is 0
2023-04-19 02:32:07,180 [main] INFO  server.StorageContainerManager (StorageContainerManager.java:<init>(403)) - SCM start with adminUsers: [runner]
2023-04-19 02:32:07,427 [main] INFO  audit.AuditLogger (AuditLogger.java:refreshDebugCmdSet(126)) - Refresh DebugCmdSet for SCMAudit to [].
2023-04-19 02:32:07,456 [main] INFO  ipc.CallQueueManager (CallQueueManager.java:<init>(90)) - Using callQueue: class java.util.concurrent.LinkedBlockingQueue, queueCapacity: 2000, scheduler: class org.apache.hadoop.ipc.DefaultRpcScheduler, ipcBackoff: false.
2023-04-19 02:32:07,494 [Socket Reader #1 for port 0] INFO  ipc.Server (Server.java:run(1319)) - Starting Socket Reader #1 for port 0
2023-04-19 02:32:07,613 [Listener at 0.0.0.0/45569] INFO  audit.AuditLogger (AuditLogger.java:refreshDebugCmdSet(126)) - Refresh DebugCmdSet for SCMAudit to [].
2023-04-19 02:32:07,618 [Listener at 0.0.0.0/45569] INFO  ipc.CallQueueManager (CallQueueManager.java:<init>(90)) - Using callQueue: class java.util.concurrent.LinkedBlockingQueue, queueCapacity: 2000, scheduler: class org.apache.hadoop.ipc.DefaultRpcScheduler, ipcBackoff: false.
2023-04-19 02:32:07,619 [Socket Reader #1 for port 0] INFO  ipc.Server (Server.java:run(1319)) - Starting Socket Reader #1 for port 0
2023-04-19 02:32:07,646 [Listener at 0.0.0.0/41185] INFO  audit.AuditLogger (AuditLogger.java:refreshDebugCmdSet(126)) - Refresh DebugCmdSet for SCMAudit to [].
2023-04-19 02:32:07,655 [Listener at 0.0.0.0/41185] INFO  ipc.CallQueueManager (CallQueueManager.java:<init>(90)) - Using callQueue: class java.util.concurrent.LinkedBlockingQueue, queueCapacity: 2000, scheduler: class org.apache.hadoop.ipc.DefaultRpcScheduler, ipcBackoff: false.
2023-04-19 02:32:07,656 [Socket Reader #1 for port 0] INFO  ipc.Server (Server.java:run(1319)) - Starting Socket Reader #1 for port 0
2023-04-19 02:32:07,707 [Listener at 0.0.0.0/32841] INFO  ha.SCMServiceManager (SCMServiceManager.java:register(42)) - Registering service ContainerBalancer.
2023-04-19 02:32:07,708 [Listener at 0.0.0.0/32841] INFO  server.StorageContainerManager (StorageContainerManager.java:<init>(420)) - 
Container Balancer status:
Key                            Value
Running                        false
Container Balancer Configuration values:
Key                                                Value
Threshold                                          10
Max Datanodes to Involve per Iteration(percent)    20
Max Size to Move per Iteration                     500GB
Max Size Entering Target per Iteration             26GB
Max Size Leaving Source per Iteration              26GB

2023-04-19 02:32:07,708 [Listener at 0.0.0.0/32841] INFO  ha.SCMContext (SCMContext.java:updateSafeModeStatus(228)) - Update SafeModeStatus from SafeModeStatus{safeModeStatus=true, preCheckPassed=false} to SafeModeStatus{safeModeStatus=true, preCheckPassed=false}.
2023-04-19 02:32:07,716 [Listener at 0.0.0.0/32841] INFO  server.StorageContainerManager (StorageContainerManager.java:start(1477)) - StorageContainerLocationProtocol RPC server is listening at /0.0.0.0:32841
2023-04-19 02:32:07,784 [Listener at 0.0.0.0/32841] WARN  impl.MetricsConfig (MetricsConfig.java:loadFirst(136)) - Cannot locate configuration: tried hadoop-metrics2-storagecontainermanager.properties,hadoop-metrics2.properties
2023-04-19 02:32:07,797 [Listener at 0.0.0.0/32841] INFO  impl.MetricsSystemImpl (MetricsSystemImpl.java:startTimer(378)) - Scheduled Metric snapshot period at 10 second(s).
2023-04-19 02:32:07,798 [Listener at 0.0.0.0/32841] INFO  impl.MetricsSystemImpl (MetricsSystemImpl.java:start(191)) - StorageContainerManager metrics system started
2023-04-19 02:32:08,045 [Listener at 0.0.0.0/32841] INFO  server.SCMClientProtocolServer (SCMClientProtocolServer.java:start(197)) - RPC server for Client  is listening at /0.0.0.0:32841
2023-04-19 02:32:08,045 [IPC Server Responder] INFO  ipc.Server (Server.java:run(1558)) - IPC Server Responder: starting
2023-04-19 02:32:08,047 [IPC Server listener on 0] INFO  ipc.Server (Server.java:run(1398)) - IPC Server listener on 0: starting
2023-04-19 02:32:08,050 [Listener at 0.0.0.0/32841] INFO  server.StorageContainerManager (StorageContainerManager.java:start(1491)) - ScmBlockLocationProtocol RPC server is listening at /0.0.0.0:41185
2023-04-19 02:32:08,050 [Listener at 0.0.0.0/32841] INFO  server.SCMBlockProtocolServer (SCMBlockProtocolServer.java:start(152)) - RPC server for Block Protocol is listening at /0.0.0.0:41185
2023-04-19 02:32:08,051 [IPC Server Responder] INFO  ipc.Server (Server.java:run(1558)) - IPC Server Responder: starting
2023-04-19 02:32:08,051 [IPC Server listener on 0] INFO  ipc.Server (Server.java:run(1398)) - IPC Server listener on 0: starting
2023-04-19 02:32:08,059 [Listener at 0.0.0.0/32841] INFO  server.SCMDatanodeProtocolServer (SCMDatanodeProtocolServer.java:start(193)) - ScmDatanodeProtocol RPC server for DataNodes is listening at /0.0.0.0:45569
2023-04-19 02:32:08,061 [IPC Server Responder] INFO  ipc.Server (Server.java:run(1558)) - IPC Server Responder: starting
2023-04-19 02:32:08,062 [IPC Server listener on 0] INFO  ipc.Server (Server.java:run(1398)) - IPC Server listener on 0: starting
2023-04-19 02:32:08,084 [SCMBlockDeletingService#0] DEBUG block.SCMBlockDeletingService (SCMBlockDeletingService.java:shouldRun(251)) - Check scm block delete run: false serviceStatus: PAUSING safemodeExitRunDelayMillis: 3000 alreadyWaitTimeInMillis: 1681871528083
2023-04-19 02:32:08,094 [org.apache.hadoop.util.JvmPauseMonitor$Monitor@510e0dd2] INFO  util.JvmPauseMonitor (JvmPauseMonitor.java:run(188)) - Starting JVM pause monitor
2023-04-19 02:32:08,099 [Listener at 0.0.0.0/32841] INFO  http.BaseHttpServer (BaseHttpServer.java:newHttpServer2BuilderForOzone(224)) - Starting Web-server for scm at: http://0.0.0.0:0
2023-04-19 02:32:08,100 [Listener at 0.0.0.0/32841] INFO  http.BaseHttpServer (BaseHttpServer.java:<init>(111)) - Hadoop Security Enabled: false Ozone Security Enabled: false Ozone HTTP Security Enabled: false 
2023-04-19 02:32:08,122 [Listener at 0.0.0.0/32841] INFO  util.log (Log.java:initialized(170)) - Logging initialized @4130ms to org.eclipse.jetty.util.log.Slf4jLog
2023-04-19 02:32:08,184 [SCMBlockDeletingService#0] DEBUG block.SCMBlockDeletingService (SCMBlockDeletingService.java:shouldRun(251)) - Check scm block delete run: false serviceStatus: PAUSING safemodeExitRunDelayMillis: 3000 alreadyWaitTimeInMillis: 1681871528183
2023-04-19 02:32:08,212 [Listener at 0.0.0.0/32841] WARN  server.AuthenticationFilter (AuthenticationFilter.java:constructSecretProvider(240)) - Unable to initialize FileSignerSecretProvider, falling back to use random secrets. Reason: Could not read signature secret file: /home/runner/hadoop-http-auth-signature-secret
2023-04-19 02:32:08,217 [Listener at 0.0.0.0/32841] INFO  http.HttpRequestLog (HttpRequestLog.java:getRequestLog(86)) - Http request log for http.requests.scm is not defined
2023-04-19 02:32:08,223 [Listener at 0.0.0.0/32841] INFO  http.HttpServer2 (HttpServer2.java:addGlobalFilter(1031)) - Added global filter 'safety' (class=org.apache.hadoop.hdds.server.http.HttpServer2$QuotingInputFilter)
2023-04-19 02:32:08,225 [Listener at 0.0.0.0/32841] INFO  http.HttpServer2 (HttpServer2.java:addFilter(1007)) - Added filter static_user_filter (class=org.apache.hadoop.http.lib.StaticUserWebFilter$StaticUserFilter) to context scm
2023-04-19 02:32:08,225 [Listener at 0.0.0.0/32841] INFO  http.HttpServer2 (HttpServer2.java:addFilter(1015)) - Added filter static_user_filter (class=org.apache.hadoop.http.lib.StaticUserWebFilter$StaticUserFilter) to context logs
2023-04-19 02:32:08,225 [Listener at 0.0.0.0/32841] INFO  http.HttpServer2 (HttpServer2.java:addFilter(1015)) - Added filter static_user_filter (class=org.apache.hadoop.http.lib.StaticUserWebFilter$StaticUserFilter) to context static
2023-04-19 02:32:08,257 [Listener at 0.0.0.0/32841] INFO  http.BaseHttpServer (BaseHttpServer.java:<init>(190)) - HTTP server of scm uses base directory /home/runner/work/ozone/ozone/hadoop-ozone/integration-test/target/test-dir/MiniOzoneClusterImpl-4a8f3de1-6dc7-4495-8b56-1623617bdc2e/ozone-meta/webserver
2023-04-19 02:32:08,257 [Listener at 0.0.0.0/32841] INFO  http.HttpServer2 (HttpServer2.java:bindListener(1250)) - Jetty bound to port 46829
2023-04-19 02:32:08,259 [Listener at 0.0.0.0/32841] INFO  server.Server (Server.java:doStart(375)) - jetty-9.4.49.v20220914; built: 2022-09-14T01:07:36.601Z; git: 4231a3b2e4cb8548a412a789936d640a97b1aa0a; jvm 1.8.0_362-b09
2023-04-19 02:32:08,284 [SCMBlockDeletingService#0] DEBUG block.SCMBlockDeletingService (SCMBlockDeletingService.java:shouldRun(251)) - Check scm block delete run: false serviceStatus: PAUSING safemodeExitRunDelayMillis: 3000 alreadyWaitTimeInMillis: 1681871528284
2023-04-19 02:32:08,286 [Listener at 0.0.0.0/32841] INFO  server.session (DefaultSessionIdManager.java:doStart(334)) - DefaultSessionIdManager workerName=node0
2023-04-19 02:32:08,287 [Listener at 0.0.0.0/32841] INFO  server.session (DefaultSessionIdManager.java:doStart(339)) - No SessionScavenger set, using defaults
2023-04-19 02:32:08,288 [Listener at 0.0.0.0/32841] INFO  server.session (HouseKeeper.java:startScavenging(132)) - node0 Scavenging every 600000ms
2023-04-19 02:32:08,299 [Listener at 0.0.0.0/32841] INFO  handler.ContextHandler (ContextHandler.java:doStart(921)) - Started o.e.j.s.ServletContextHandler@5e38329d{logs,/logs,file:///home/runner/work/ozone/ozone/hadoop-ozone/integration-test/target/log,AVAILABLE}
2023-04-19 02:32:08,299 [Listener at 0.0.0.0/32841] INFO  handler.ContextHandler (ContextHandler.java:doStart(921)) - Started o.e.j.s.ServletContextHandler@322399e6{static,/static,file:///home/runner/work/ozone/ozone/hadoop-ozone/integration-test/target/test-classes/webapps/static,AVAILABLE}
2023-04-19 02:32:08,336 [Listener at 0.0.0.0/32841] INFO  handler.ContextHandler (ContextHandler.java:doStart(921)) - Started o.e.j.w.WebAppContext@3fe7c87c{scm,/,file:///home/runner/work/ozone/ozone/hadoop-ozone/integration-test/target/test-classes/webapps/scm/,AVAILABLE}{file:/home/runner/work/ozone/ozone/hadoop-ozone/integration-test/target/test-classes/webapps/scm}
2023-04-19 02:32:08,343 [Listener at 0.0.0.0/32841] INFO  server.AbstractConnector (AbstractConnector.java:doStart(333)) - Started ServerConnector@14a488ed{HTTP/1.1, (http/1.1)}{0.0.0.0:46829}
2023-04-19 02:32:08,343 [Listener at 0.0.0.0/32841] INFO  server.Server (Server.java:doStart(415)) - Started @4351ms
2023-04-19 02:32:08,345 [Listener at 0.0.0.0/32841] INFO  impl.MetricsSinkAdapter (MetricsSinkAdapter.java:start(204)) - Sink prometheus started
2023-04-19 02:32:08,345 [Listener at 0.0.0.0/32841] INFO  impl.MetricsSystemImpl (MetricsSystemImpl.java:registerSink(305)) - Registered sink prometheus
2023-04-19 02:32:08,346 [Listener at 0.0.0.0/32841] INFO  http.BaseHttpServer (BaseHttpServer.java:updateConnectorAddress(344)) - HTTP server of scm listening at http://0.0.0.0:46829
2023-04-19 02:32:08,349 [Listener at 0.0.0.0/32841] WARN  server.ServerUtils (ServerUtils.java:getDBPath(225)) - ozone.om.db.dirs is not configured. We recommend adding this setting. Falling back to ozone.metadata.dirs instead.
2023-04-19 02:32:08,386 [SCMBlockDeletingService#0] DEBUG block.SCMBlockDeletingService (SCMBlockDeletingService.java:shouldRun(251)) - Check scm block delete run: false serviceStatus: PAUSING safemodeExitRunDelayMillis: 3000 alreadyWaitTimeInMillis: 1681871528386
2023-04-19 02:32:08,393 [Listener at 0.0.0.0/32841] INFO  audit.AuditLogger (AuditLogger.java:refreshDebugCmdSet(126)) - Refresh DebugCmdSet for OMAudit to [].
2023-04-19 02:32:08,469 [Listener at 0.0.0.0/32841] INFO  ha.OMHANodeDetails (OMHANodeDetails.java:loadOMHAConfig(115)) - ozone.om.internal.service.id is not defined, falling back to ozone.om.service.ids to find serviceID for OzoneManager if it is HA enabled cluster
2023-04-19 02:32:08,472 [Listener at 0.0.0.0/32841] INFO  ha.OMHANodeDetails (OMHANodeDetails.java:loadOMHAConfig(226)) - Configuration does not have ozone.om.address set. Falling back to the default OM address /127.0.0.1:0
2023-04-19 02:32:08,472 [Listener at 0.0.0.0/32841] INFO  ha.OMHANodeDetails (OMHANodeDetails.java:getOMNodeDetailsForNonHA(254)) - OM Service ID is not set. Setting it to the default ID: omServiceIdDefault
2023-04-19 02:32:08,473 [Listener at 0.0.0.0/32841] INFO  ha.OMHANodeDetails (OMHANodeDetails.java:getOMNodeDetailsForNonHA(261)) - OM Node ID is not set. Setting it to the default ID: om1
2023-04-19 02:32:08,476 [Listener at 0.0.0.0/32841] WARN  server.ServerUtils (ServerUtils.java:getDBPath(225)) - ozone.om.db.dirs is not configured. We recommend adding this setting. Falling back to ozone.metadata.dirs instead.
2023-04-19 02:32:08,479 [Listener at 0.0.0.0/32841] INFO  upgrade.AbstractLayoutVersionManager (AbstractLayoutVersionManager.java:init(83)) - Initializing Layout version manager with metadata layout = HSYNC (version = 4), software layout = HSYNC (version = 4)
2023-04-19 02:32:08,487 [SCMBlockDeletingService#0] DEBUG block.SCMBlockDeletingService (SCMBlockDeletingService.java:shouldRun(251)) - Check scm block delete run: false serviceStatus: PAUSING safemodeExitRunDelayMillis: 3000 alreadyWaitTimeInMillis: 1681871528487
2023-04-19 02:32:08,559 [Listener at 0.0.0.0/32841] INFO  reflections.Reflections (Reflections.java:scan(232)) - Reflections took 76 ms to scan 2 urls, producing 171 keys and 475 values [using 2 cores]
2023-04-19 02:32:08,576 [Listener at 0.0.0.0/32841] INFO  upgrade.OMLayoutVersionManager (OMLayoutVersionManager.java:lambda$0(115)) - Skipping Upgrade Action MockOmUpgradeAction since it has been finalized.
2023-04-19 02:32:08,578 [Listener at 0.0.0.0/32841] WARN  server.ServerUtils (ServerUtils.java:getDBPath(225)) - ozone.om.db.dirs is not configured. We recommend adding this setting. Falling back to ozone.metadata.dirs instead.
2023-04-19 02:32:08,587 [SCMBlockDeletingService#0] DEBUG block.SCMBlockDeletingService (SCMBlockDeletingService.java:shouldRun(251)) - Check scm block delete run: false serviceStatus: PAUSING safemodeExitRunDelayMillis: 3000 alreadyWaitTimeInMillis: 1681871528587
2023-04-19 02:32:08,687 [SCMBlockDeletingService#0] DEBUG block.SCMBlockDeletingService (SCMBlockDeletingService.java:shouldRun(251)) - Check scm block delete run: false serviceStatus: PAUSING safemodeExitRunDelayMillis: 3000 alreadyWaitTimeInMillis: 1681871528687
2023-04-19 02:32:08,716 [Listener at 0.0.0.0/32841] INFO  proxy.SCMBlockLocationFailoverProxyProvider (SCMBlockLocationFailoverProxyProvider.java:<init>(114)) - Created block location fail-over proxy with 1 nodes: [nodeId=scmNodeId,nodeAddress=/0.0.0.0:41185]
2023-04-19 02:32:08,751 [Listener at 0.0.0.0/32841] INFO  proxy.SCMBlockLocationFailoverProxyProvider (SCMBlockLocationFailoverProxyProvider.java:<init>(114)) - Created block location fail-over proxy with 1 nodes: [nodeId=scmNodeId,nodeAddress=/0.0.0.0:41185]
2023-04-19 02:32:08,787 [SCMBlockDeletingService#0] DEBUG block.SCMBlockDeletingService (SCMBlockDeletingService.java:shouldRun(251)) - Check scm block delete run: false serviceStatus: PAUSING safemodeExitRunDelayMillis: 3000 alreadyWaitTimeInMillis: 1681871528787
2023-04-19 02:32:08,887 [SCMBlockDeletingService#0] DEBUG block.SCMBlockDeletingService (SCMBlockDeletingService.java:shouldRun(251)) - Check scm block delete run: false serviceStatus: PAUSING safemodeExitRunDelayMillis: 3000 alreadyWaitTimeInMillis: 1681871528887
2023-04-19 02:32:08,987 [SCMBlockDeletingService#0] DEBUG block.SCMBlockDeletingService (SCMBlockDeletingService.java:shouldRun(251)) - Check scm block delete run: false serviceStatus: PAUSING safemodeExitRunDelayMillis: 3000 alreadyWaitTimeInMillis: 1681871528987
2023-04-19 02:32:08,988 [Listener at 0.0.0.0/32841] INFO  om.OzoneManager (OzoneManager.java:<init>(627)) - OM start with adminUsers: [runner]
2023-04-19 02:32:09,000 [Listener at 0.0.0.0/32841] WARN  server.ServerUtils (ServerUtils.java:getDBPath(225)) - ozone.om.db.dirs is not configured. We recommend adding this setting. Falling back to ozone.metadata.dirs instead.
2023-04-19 02:32:09,007 [Listener at 0.0.0.0/32841] INFO  codec.OmKeyInfoCodec (OmKeyInfoCodec.java:<init>(49)) - OmKeyInfoCodec ignorePipeline = true
2023-04-19 02:32:09,009 [Listener at 0.0.0.0/32841] INFO  codec.RepeatedOmKeyInfoCodec (RepeatedOmKeyInfoCodec.java:<init>(41)) - RepeatedOmKeyInfoCodec ignorePipeline = true
2023-04-19 02:32:09,087 [SCMBlockDeletingService#0] DEBUG block.SCMBlockDeletingService (SCMBlockDeletingService.java:shouldRun(251)) - Check scm block delete run: false serviceStatus: PAUSING safemodeExitRunDelayMillis: 3000 alreadyWaitTimeInMillis: 1681871529087
2023-04-19 02:32:09,188 [SCMBlockDeletingService#0] DEBUG block.SCMBlockDeletingService (SCMBlockDeletingService.java:shouldRun(251)) - Check scm block delete run: false serviceStatus: PAUSING safemodeExitRunDelayMillis: 3000 alreadyWaitTimeInMillis: 1681871529188
2023-04-19 02:32:09,222 [Listener at 0.0.0.0/32841] INFO  om.OzoneManager (OzoneManager.java:instantiateServices(757)) - S3 Multi-Tenancy is disabled
2023-04-19 02:32:09,254 [Listener at 0.0.0.0/32841] WARN  server.ServerUtils (ServerUtils.java:getDBPath(225)) - ozone.om.snapshot.diff.db.dir is not configured. We recommend adding this setting. Falling back to ozone.metadata.dirs instead.
2023-04-19 02:32:09,288 [SCMBlockDeletingService#0] DEBUG block.SCMBlockDeletingService (SCMBlockDeletingService.java:shouldRun(251)) - Check scm block delete run: false serviceStatus: PAUSING safemodeExitRunDelayMillis: 3000 alreadyWaitTimeInMillis: 1681871529288
2023-04-19 02:32:09,349 [Listener at 0.0.0.0/32841] INFO  om.OzoneManager (OzoneManager.java:addS3GVolumeToDB(4257)) - Created Volume s3v With Owner runner required for S3Gateway operations.
2023-04-19 02:32:09,388 [SCMBlockDeletingService#0] DEBUG block.SCMBlockDeletingService (SCMBlockDeletingService.java:shouldRun(251)) - Check scm block delete run: false serviceStatus: PAUSING safemodeExitRunDelayMillis: 3000 alreadyWaitTimeInMillis: 1681871529388
2023-04-19 02:32:09,415 [Listener at 0.0.0.0/32841] WARN  server.ServerUtils (ServerUtils.java:getDefaultRatisDirectory(237)) - Storage directory for Ratis is not configured. It is a good idea to map this to an SSD disk. Falling back to ozone.metadata.dirs
2023-04-19 02:32:09,416 [Listener at 0.0.0.0/32841] WARN  utils.OzoneManagerRatisUtils (OzoneManagerRatisUtils.java:getOMRatisSnapshotDirectory(459)) - ozone.om.ratis.snapshot.dir is not configured. Falling back to ozone.metadata.dirs config
2023-04-19 02:32:09,440 [Listener at 0.0.0.0/32841] WARN  server.ServerUtils (ServerUtils.java:getDefaultRatisDirectory(237)) - Storage directory for Ratis is not configured. It is a good idea to map this to an SSD disk. Falling back to ozone.metadata.dirs
2023-04-19 02:32:09,479 [Listener at 0.0.0.0/32841] INFO  ratis.OzoneManagerRatisServer (OzoneManagerRatisServer.java:<init>(163)) - Instantiating OM Ratis server with groupID: omServiceIdDefault and peers: localhost:9872
2023-04-19 02:32:09,486 [Listener at 0.0.0.0/32841] INFO  ratis.OzoneManagerStateMachine (OzoneManagerStateMachine.java:loadSnapshotInfoFromDB(644)) - LastAppliedIndex is set from TransactionInfo from OM DB as (t:0, i:~)
2023-04-19 02:32:09,488 [SCMBlockDeletingService#0] DEBUG block.SCMBlockDeletingService (SCMBlockDeletingService.java:shouldRun(251)) - Check scm block delete run: false serviceStatus: PAUSING safemodeExitRunDelayMillis: 3000 alreadyWaitTimeInMillis: 1681871529488
2023-04-19 02:32:09,538 [Listener at 0.0.0.0/32841] INFO  server.RaftServer (ConfUtils.java:logGet(46)) - raft.rpc.type = GRPC (default)
2023-04-19 02:32:09,588 [SCMBlockDeletingService#0] DEBUG block.SCMBlockDeletingService (SCMBlockDeletingService.java:shouldRun(251)) - Check scm block delete run: false serviceStatus: PAUSING safemodeExitRunDelayMillis: 3000 alreadyWaitTimeInMillis: 1681871529588
2023-04-19 02:32:09,611 [Listener at 0.0.0.0/32841] INFO  grpc.GrpcConfigKeys (ConfUtils.java:logFallback(53)) - raft.grpc.admin.host = null (fallback to raft.grpc.server.host)
2023-04-19 02:32:09,613 [Listener at 0.0.0.0/32841] INFO  grpc.GrpcConfigKeys (ConfUtils.java:logFallback(53)) - raft.grpc.admin.port = 9872 (fallback to raft.grpc.server.port)
2023-04-19 02:32:09,614 [Listener at 0.0.0.0/32841] INFO  grpc.GrpcConfigKeys (ConfUtils.java:logFallback(53)) - raft.grpc.client.host = null (fallback to raft.grpc.server.host)
2023-04-19 02:32:09,614 [Listener at 0.0.0.0/32841] INFO  grpc.GrpcConfigKeys (ConfUtils.java:logFallback(53)) - raft.grpc.client.port = 9872 (fallback to raft.grpc.server.port)
2023-04-19 02:32:09,615 [Listener at 0.0.0.0/32841] INFO  grpc.GrpcConfigKeys (ConfUtils.java:logGet(46)) - raft.grpc.server.host = null (default)
2023-04-19 02:32:09,615 [Listener at 0.0.0.0/32841] INFO  grpc.GrpcConfigKeys (ConfUtils.java:logGet(46)) - raft.grpc.server.port = 9872 (custom)
2023-04-19 02:32:09,616 [Listener at 0.0.0.0/32841] INFO  server.GrpcService (ConfUtils.java:logGet(46)) - raft.grpc.message.size.max = 33554432 (custom)
2023-04-19 02:32:09,618 [Listener at 0.0.0.0/32841] INFO  server.RaftServerConfigKeys (ConfUtils.java:logGet(46)) - raft.server.log.appender.buffer.byte-limit = 33554432 (custom)
2023-04-19 02:32:09,619 [Listener at 0.0.0.0/32841] INFO  server.GrpcService (ConfUtils.java:logGet(46)) - raft.grpc.flow.control.window = 1MB (=1048576) (default)
2023-04-19 02:32:09,620 [Listener at 0.0.0.0/32841] INFO  server.RaftServerConfigKeys (ConfUtils.java:logGet(46)) - raft.server.rpc.request.timeout = 3000ms (default)
2023-04-19 02:32:09,634 [Listener at 0.0.0.0/32841] INFO  grpc.GrpcConfigKeys (ConfUtils.java:logGet(46)) - raft.grpc.server.heartbeat.channel = true (default)
2023-04-19 02:32:09,637 [Listener at 0.0.0.0/32841] INFO  grpc.GrpcConfigKeys (ConfUtils.java:logGet(46)) - raft.grpc.server.async.request.thread.pool.cached = true (default)
2023-04-19 02:32:09,637 [Listener at 0.0.0.0/32841] INFO  grpc.GrpcConfigKeys (ConfUtils.java:logGet(46)) - raft.grpc.server.async.request.thread.pool.size = 32 (default)
2023-04-19 02:32:09,688 [SCMBlockDeletingService#0] DEBUG block.SCMBlockDeletingService (SCMBlockDeletingService.java:shouldRun(251)) - Check scm block delete run: false serviceStatus: PAUSING safemodeExitRunDelayMillis: 3000 alreadyWaitTimeInMillis: 1681871529688
2023-04-19 02:32:09,788 [SCMBlockDeletingService#0] DEBUG block.SCMBlockDeletingService (SCMBlockDeletingService.java:shouldRun(251)) - Check scm block delete run: false serviceStatus: PAUSING safemodeExitRunDelayMillis: 3000 alreadyWaitTimeInMillis: 1681871529788
2023-04-19 02:32:09,846 [Listener at 0.0.0.0/32841] INFO  impl.DataStreamServerImpl (ConfUtils.java:logGet(46)) - raft.datastream.type = DISABLED (default)
2023-04-19 02:32:09,849 [Listener at 0.0.0.0/32841] INFO  server.RaftServerConfigKeys (ConfUtils.java:logGet(46)) - raft.server.threadpool.proxy.cached = true (default)
2023-04-19 02:32:09,849 [Listener at 0.0.0.0/32841] INFO  server.RaftServerConfigKeys (ConfUtils.java:logGet(46)) - raft.server.threadpool.proxy.size = 0 (default)
2023-04-19 02:32:09,850 [Listener at 0.0.0.0/32841] INFO  server.RaftServerConfigKeys (ConfUtils.java:logGet(46)) - raft.server.rpc.slowness.timeout = 120s (custom)
2023-04-19 02:32:09,851 [Listener at 0.0.0.0/32841] INFO  server.RaftServerConfigKeys (ConfUtils.java:logGet(46)) - raft.server.leaderelection.leader.step-down.wait-time = 10s (default)
2023-04-19 02:32:09,854 [Listener at 0.0.0.0/32841] INFO  server.RaftServerConfigKeys (ConfUtils.java:logGet(46)) - raft.server.storage.dir = [/home/runner/work/ozone/ozone/hadoop-ozone/integration-test/target/test-dir/MiniOzoneClusterImpl-4a8f3de1-6dc7-4495-8b56-1623617bdc2e/ozone-meta/ratis] (custom)
2023-04-19 02:32:09,866 [Listener at 0.0.0.0/32841] INFO  server.RaftServer (RaftServerProxy.java:addNew(96)) - om1: addNew group-C5BA1605619E:[om1|rpc:localhost:9872|priority:0|startupRole:FOLLOWER] returns group-C5BA1605619E:java.util.concurrent.CompletableFuture@7d72f5a9[Not completed]
2023-04-19 02:32:09,866 [Listener at 0.0.0.0/32841] INFO  om.OzoneManager (OzoneManager.java:initializeRatisServer(2095)) - OzoneManager Ratis server initialized at port 9872
2023-04-19 02:32:09,870 [Listener at 0.0.0.0/32841] INFO  om.OzoneManager (OzoneManager.java:getRpcServer(1142)) - Creating RPC Server
2023-04-19 02:32:09,907 [SCMBlockDeletingService#0] DEBUG block.SCMBlockDeletingService (SCMBlockDeletingService.java:shouldRun(251)) - Check scm block delete run: false serviceStatus: PAUSING safemodeExitRunDelayMillis: 3000 alreadyWaitTimeInMillis: 1681871529907
2023-04-19 02:32:09,910 [pool-61-thread-1] INFO  server.RaftServer$Division (RaftServerImpl.java:<init>(195)) - om1: new RaftServerImpl for group-C5BA1605619E:[om1|rpc:localhost:9872|priority:0|startupRole:FOLLOWER] with OzoneManagerStateMachine:uninitialized
2023-04-19 02:32:09,912 [pool-61-thread-1] INFO  server.RaftServerConfigKeys (ConfUtils.java:logGet(46)) - raft.server.rpc.timeout.min = 1s (custom)
2023-04-19 02:32:09,913 [pool-61-thread-1] INFO  server.RaftServerConfigKeys (ConfUtils.java:logGet(46)) - raft.server.rpc.timeout.max = 1200ms (custom)
2023-04-19 02:32:09,913 [pool-61-thread-1] INFO  server.RaftServerConfigKeys (ConfUtils.java:logGet(46)) - raft.server.rpc.sleep.time = 25ms (default)
2023-04-19 02:32:09,913 [pool-61-thread-1] INFO  server.RaftServerConfigKeys (ConfUtils.java:logGet(46)) - raft.server.rpc.slowness.timeout = 120s (custom)
2023-04-19 02:32:09,913 [pool-61-thread-1] INFO  server.RaftServerConfigKeys (ConfUtils.java:logGet(46)) - raft.server.leaderelection.leader.step-down.wait-time = 10s (default)
2023-04-19 02:32:09,913 [pool-61-thread-1] INFO  server.RaftServerConfigKeys (ConfUtils.java:logGet(46)) - raft.server.sleep.deviation.threshold = 300ms (default)
2023-04-19 02:32:09,922 [pool-61-thread-1] INFO  server.RaftServer$Division (ServerState.java:<init>(118)) - om1@group-C5BA1605619E: ConfigurationManager, init=-1: peers:[om1|rpc:localhost:9872|priority:0|startupRole:FOLLOWER]|listeners:[], old=null, confs=<EMPTY_MAP>
2023-04-19 02:32:09,922 [pool-61-thread-1] INFO  server.RaftServerConfigKeys (ConfUtils.java:logGet(46)) - raft.server.storage.dir = [/home/runner/work/ozone/ozone/hadoop-ozone/integration-test/target/test-dir/MiniOzoneClusterImpl-4a8f3de1-6dc7-4495-8b56-1623617bdc2e/ozone-meta/ratis] (custom)
2023-04-19 02:32:09,927 [pool-61-thread-1] INFO  server.RaftServerConfigKeys (ConfUtils.java:logGet(46)) - raft.server.log.corruption.policy = EXCEPTION (default)
2023-04-19 02:32:09,928 [pool-61-thread-1] INFO  server.RaftServerConfigKeys (ConfUtils.java:logGet(46)) - raft.server.storage.free-space.min = 0MB (=0) (default)
2023-04-19 02:32:09,935 [pool-61-thread-1] INFO  server.RaftServerConfigKeys (ConfUtils.java:logGet(46)) - raft.server.notification.no-leader.timeout = 120s (custom)
2023-04-19 02:32:09,938 [pool-61-thread-1] INFO  server.RaftServerConfigKeys (ConfUtils.java:logGet(46)) - raft.server.retrycache.expirytime = 300s (custom)
2023-04-19 02:32:09,938 [pool-61-thread-1] INFO  server.RaftServerConfigKeys (ConfUtils.java:logGet(46)) - raft.server.retrycache.statistics.expirytime = 100μs (default)
2023-04-19 02:32:10,008 [SCMBlockDeletingService#0] DEBUG block.SCMBlockDeletingService (SCMBlockDeletingService.java:shouldRun(251)) - Check scm block delete run: false serviceStatus: PAUSING safemodeExitRunDelayMillis: 3000 alreadyWaitTimeInMillis: 1681871530007
2023-04-19 02:32:10,087 [pool-61-thread-1] INFO  server.RaftServerConfigKeys (ConfUtils.java:logGet(46)) - raft.server.log.appender.install.snapshot.enabled = false (custom)
2023-04-19 02:32:10,089 [pool-61-thread-1] INFO  server.RaftServerConfigKeys (ConfUtils.java:logGet(46)) - raft.server.threadpool.server.cached = true (default)
2023-04-19 02:32:10,089 [pool-61-thread-1] INFO  server.RaftServerConfigKeys (ConfUtils.java:logGet(46)) - raft.server.threadpool.server.size = 0 (default)
2023-04-19 02:32:10,089 [pool-61-thread-1] INFO  server.RaftServerConfigKeys (ConfUtils.java:logGet(46)) - raft.server.threadpool.client.cached = true (default)
2023-04-19 02:32:10,091 [pool-61-thread-1] INFO  server.RaftServerConfigKeys (ConfUtils.java:logGet(46)) - raft.server.threadpool.client.size = 0 (default)
2023-04-19 02:32:10,108 [SCMBlockDeletingService#0] DEBUG block.SCMBlockDeletingService (SCMBlockDeletingService.java:shouldRun(251)) - Check scm block delete run: false serviceStatus: PAUSING safemodeExitRunDelayMillis: 3000 alreadyWaitTimeInMillis: 1681871530108
2023-04-19 02:32:10,208 [SCMBlockDeletingService#0] DEBUG block.SCMBlockDeletingService (SCMBlockDeletingService.java:shouldRun(251)) - Check scm block delete run: false serviceStatus: PAUSING safemodeExitRunDelayMillis: 3000 alreadyWaitTimeInMillis: 1681871530208
2023-04-19 02:32:10,308 [SCMBlockDeletingService#0] DEBUG block.SCMBlockDeletingService (SCMBlockDeletingService.java:shouldRun(251)) - Check scm block delete run: false serviceStatus: PAUSING safemodeExitRunDelayMillis: 3000 alreadyWaitTimeInMillis: 1681871530308
2023-04-19 02:32:10,423 [SCMBlockDeletingService#0] DEBUG block.SCMBlockDeletingService (SCMBlockDeletingService.java:shouldRun(251)) - Check scm block delete run: false serviceStatus: PAUSING safemodeExitRunDelayMillis: 3000 alreadyWaitTimeInMillis: 1681871530423
2023-04-19 02:32:10,523 [SCMBlockDeletingService#0] DEBUG block.SCMBlockDeletingService (SCMBlockDeletingService.java:shouldRun(251)) - Check scm block delete run: false serviceStatus: PAUSING safemodeExitRunDelayMillis: 3000 alreadyWaitTimeInMillis: 1681871530523
2023-04-19 02:32:10,604 [Listener at 0.0.0.0/32841] INFO  reflections.Reflections (Reflections.java:scan(232)) - Reflections took 645 ms to scan 19 urls, producing 68 keys and 5058 values [using 2 cores]
2023-04-19 02:32:10,624 [SCMBlockDeletingService#0] DEBUG block.SCMBlockDeletingService (SCMBlockDeletingService.java:shouldRun(251)) - Check scm block delete run: false serviceStatus: PAUSING safemodeExitRunDelayMillis: 3000 alreadyWaitTimeInMillis: 1681871530624
2023-04-19 02:32:10,770 [SCMBlockDeletingService#0] DEBUG block.SCMBlockDeletingService (SCMBlockDeletingService.java:shouldRun(251)) - Check scm block delete run: false serviceStatus: PAUSING safemodeExitRunDelayMillis: 3000 alreadyWaitTimeInMillis: 1681871530770
2023-04-19 02:32:10,870 [SCMBlockDeletingService#0] DEBUG block.SCMBlockDeletingService (SCMBlockDeletingService.java:shouldRun(251)) - Check scm block delete run: false serviceStatus: PAUSING safemodeExitRunDelayMillis: 3000 alreadyWaitTimeInMillis: 1681871530870
2023-04-19 02:32:10,922 [Listener at 0.0.0.0/32841] INFO  ipc.CallQueueManager (CallQueueManager.java:<init>(90)) - Using callQueue: class java.util.concurrent.LinkedBlockingQueue, queueCapacity: 2000, scheduler: class org.apache.hadoop.ipc.DefaultRpcScheduler, ipcBackoff: false.
2023-04-19 02:32:10,923 [Socket Reader #1 for port 0] INFO  ipc.Server (Server.java:run(1319)) - Starting Socket Reader #1 for port 0
2023-04-19 02:32:10,954 [Listener at 127.0.0.1/42295] INFO  impl.MetricsSystemImpl (MetricsSystemImpl.java:init(158)) - OzoneManager metrics system started (again)
2023-04-19 02:32:10,966 [Listener at 127.0.0.1/42295] INFO  om.OzoneManager (OzoneManager.java:start(1563)) - OzoneManager RPC server is listening at localhost/127.0.0.1:42295
2023-04-19 02:32:10,966 [Listener at 127.0.0.1/42295] INFO  ratis.OzoneManagerRatisServer (OzoneManagerRatisServer.java:start(558)) - Starting OzoneManagerRatisServer om1 at port 9872
2023-04-19 02:32:10,970 [om1-impl-thread1] INFO  storage.RaftStorageDirectory (RaftStorageDirectoryImpl.java:analyzeStorage(137)) - The storage directory /home/runner/work/ozone/ozone/hadoop-ozone/integration-test/target/test-dir/MiniOzoneClusterImpl-4a8f3de1-6dc7-4495-8b56-1623617bdc2e/ozone-meta/ratis/bf265839-605b-3f16-9796-c5ba1605619e does not exist. Creating ...
2023-04-19 02:32:10,971 [SCMBlockDeletingService#0] DEBUG block.SCMBlockDeletingService (SCMBlockDeletingService.java:shouldRun(251)) - Check scm block delete run: false serviceStatus: PAUSING safemodeExitRunDelayMillis: 3000 alreadyWaitTimeInMillis: 1681871530971
2023-04-19 02:32:10,974 [om1-impl-thread1] INFO  storage.RaftStorageDirectory (RaftStorageDirectoryImpl.java:tryLock(231)) - Lock on /home/runner/work/ozone/ozone/hadoop-ozone/integration-test/target/test-dir/MiniOzoneClusterImpl-4a8f3de1-6dc7-4495-8b56-1623617bdc2e/ozone-meta/ratis/bf265839-605b-3f16-9796-c5ba1605619e/in_use.lock acquired by nodename 42788@fv-az127-56
2023-04-19 02:32:10,979 [om1-impl-thread1] INFO  storage.RaftStorage (RaftStorageImpl.java:format(96)) - Storage directory /home/runner/work/ozone/ozone/hadoop-ozone/integration-test/target/test-dir/MiniOzoneClusterImpl-4a8f3de1-6dc7-4495-8b56-1623617bdc2e/ozone-meta/ratis/bf265839-605b-3f16-9796-c5ba1605619e has been successfully formatted.
2023-04-19 02:32:10,981 [om1-impl-thread1] INFO  server.RaftServerConfigKeys (ConfUtils.java:logGet(46)) - raft.server.log.use.memory = false (default)
2023-04-19 02:32:10,988 [om1-impl-thread1] INFO  server.RaftServerConfigKeys (ConfUtils.java:logGet(46)) - raft.server.log.purge.gap = 1000000 (custom)
2023-04-19 02:32:10,989 [om1-impl-thread1] INFO  server.RaftServerConfigKeys (ConfUtils.java:logGet(46)) - raft.server.log.appender.buffer.byte-limit = 33554432 (custom)
2023-04-19 02:32:10,992 [om1-impl-thread1] INFO  server.RaftServerConfigKeys (ConfUtils.java:logGet(46)) - raft.server.log.statemachine.data.read.timeout = 1000ms (default)
2023-04-19 02:32:10,993 [om1-impl-thread1] INFO  server.RaftServerConfigKeys (ConfUtils.java:logGet(46)) - raft.server.log.purge.preservation.log.num = 0 (default)
2023-04-19 02:32:10,996 [om1-impl-thread1] INFO  server.RaftServerConfigKeys (ConfUtils.java:logGet(46)) - raft.server.log.segment.size.max = 4194304 (custom)
2023-04-19 02:32:11,002 [om1-impl-thread1] INFO  server.RaftServerConfigKeys (ConfUtils.java:logGet(46)) - raft.server.log.segment.cache.num.max = 2 (custom)
2023-04-19 02:32:11,002 [om1-impl-thread1] INFO  server.RaftServerConfigKeys (ConfUtils.java:logGet(46)) - raft.server.log.segment.cache.size.max = 200MB (=209715200) (default)
2023-04-19 02:32:11,008 [om1-impl-thread1] INFO  segmented.SegmentedRaftLogWorker (SegmentedRaftLogWorker.java:<init>(189)) - new om1@group-C5BA1605619E-SegmentedRaftLogWorker for RaftStorageImpl:Storage Directory /home/runner/work/ozone/ozone/hadoop-ozone/integration-test/target/test-dir/MiniOzoneClusterImpl-4a8f3de1-6dc7-4495-8b56-1623617bdc2e/ozone-meta/ratis/bf265839-605b-3f16-9796-c5ba1605619e
2023-04-19 02:32:11,008 [om1-impl-thread1] INFO  server.RaftServerConfigKeys (ConfUtils.java:logGet(46)) - raft.server.log.queue.byte-limit = 64MB (=67108864) (default)
2023-04-19 02:32:11,008 [om1-impl-thread1] INFO  server.RaftServerConfigKeys (ConfUtils.java:logGet(46)) - raft.server.log.queue.element-limit = 4096 (default)
2023-04-19 02:32:11,009 [om1-impl-thread1] INFO  server.RaftServerConfigKeys (ConfUtils.java:logGet(46)) - raft.server.log.segment.size.max = 4194304 (custom)
2023-04-19 02:32:11,011 [om1-impl-thread1] INFO  server.RaftServerConfigKeys (ConfUtils.java:logGet(46)) - raft.server.log.preallocated.size = 4194304 (custom)
2023-04-19 02:32:11,011 [om1-impl-thread1] INFO  server.RaftServerConfigKeys (ConfUtils.java:logGet(46)) - raft.server.log.force.sync.num = 128 (default)
2023-04-19 02:32:11,012 [om1-impl-thread1] INFO  server.RaftServerConfigKeys (ConfUtils.java:logGet(46)) - raft.server.log.statemachine.data.sync = true (default)
2023-04-19 02:32:11,012 [om1-impl-thread1] INFO  server.RaftServerConfigKeys (ConfUtils.java:logGet(46)) - raft.server.log.statemachine.data.sync.timeout = 10s (default)
2023-04-19 02:32:11,012 [om1-impl-thread1] INFO  server.RaftServerConfigKeys (ConfUtils.java:logGet(46)) - raft.server.log.statemachine.data.sync.timeout.retry = -1 (default)
2023-04-19 02:32:11,022 [om1-impl-thread1] INFO  server.RaftServerConfigKeys (ConfUtils.java:logGet(46)) - raft.server.log.write.buffer.size = 64KB (=65536) (default)
2023-04-19 02:32:11,022 [om1-impl-thread1] INFO  server.RaftServerConfigKeys (ConfUtils.java:logGet(46)) - raft.server.log.appender.buffer.byte-limit = 33554432 (custom)
2023-04-19 02:32:11,027 [om1-impl-thread1] INFO  server.RaftServerConfigKeys (ConfUtils.java:logGet(46)) - raft.server.log.unsafe-flush.enabled = false (default)
2023-04-19 02:32:11,028 [om1-impl-thread1] INFO  server.RaftServerConfigKeys (ConfUtils.java:logGet(46)) - raft.server.log.async-flush.enabled = false (default)
2023-04-19 02:32:11,028 [om1-impl-thread1] INFO  server.RaftServerConfigKeys (ConfUtils.java:logGet(46)) - raft.server.log.statemachine.data.caching.enabled = false (default)
2023-04-19 02:32:11,034 [om1-impl-thread1] INFO  segmented.SegmentedRaftLogWorker (SegmentedRaftLogWorker.java:lambda$new$0(135)) - om1@group-C5BA1605619E-SegmentedRaftLogWorker: flushIndex: setUnconditionally 0 -> -1
2023-04-19 02:32:11,034 [om1-impl-thread1] INFO  segmented.SegmentedRaftLogWorker (SegmentedRaftLogWorker.java:lambda$new$0(135)) - om1@group-C5BA1605619E-SegmentedRaftLogWorker: safeCacheEvictIndex: setUnconditionally 0 -> -1
2023-04-19 02:32:11,036 [om1-impl-thread1] INFO  server.RaftServer$Division (RaftServerImpl.java:start(334)) - om1@group-C5BA1605619E: start as a follower, conf=-1: peers:[om1|rpc:localhost:9872|priority:0|startupRole:FOLLOWER]|listeners:[], old=null
2023-04-19 02:32:11,036 [om1-impl-thread1] INFO  server.RaftServer$Division (RaftServerImpl.java:setRole(321)) - om1@group-C5BA1605619E: changes role from      null to FOLLOWER at term 0 for startAsFollower
2023-04-19 02:32:11,038 [om1-impl-thread1] INFO  impl.RoleInfo (RoleInfo.java:updateAndGet(139)) - om1: start om1@group-C5BA1605619E-FollowerState
2023-04-19 02:32:11,038 [om1@group-C5BA1605619E-FollowerState] INFO  server.RaftServerConfigKeys (ConfUtils.java:logFallback(53)) - raft.server.rpc.first-election.timeout.min = 1s (fallback to raft.server.rpc.timeout.min)
2023-04-19 02:32:11,039 [om1@group-C5BA1605619E-FollowerState] INFO  server.RaftServerConfigKeys (ConfUtils.java:logFallback(53)) - raft.server.rpc.first-election.timeout.max = 1200ms (fallback to raft.server.rpc.timeout.max)
2023-04-19 02:32:11,039 [om1-impl-thread1] INFO  util.JmxRegister (JmxRegister.java:tryRegister(44)) - Successfully registered JMX Bean with object name Ratis:service=RaftServer,group=group-C5BA1605619E,id=om1
2023-04-19 02:32:11,043 [om1-impl-thread1] INFO  server.RaftServerConfigKeys (ConfUtils.java:logGet(46)) - raft.server.snapshot.auto.trigger.enabled = true (custom)
2023-04-19 02:32:11,044 [om1-impl-thread1] INFO  server.RaftServerConfigKeys (ConfUtils.java:logGet(46)) - raft.server.snapshot.auto.trigger.threshold = 400000 (default)
2023-04-19 02:32:11,044 [om1-impl-thread1] INFO  server.RaftServerConfigKeys (ConfUtils.java:logGet(46)) - raft.server.snapshot.retention.file.num = -1 (default)
2023-04-19 02:32:11,045 [om1-impl-thread1] INFO  server.RaftServerConfigKeys (ConfUtils.java:logGet(46)) - raft.server.log.purge.upto.snapshot.index = true (custom)
2023-04-19 02:32:11,048 [Listener at 127.0.0.1/42295] INFO  server.RaftServer (RaftServerProxy.java:startImpl(393)) - om1: start RPC server
2023-04-19 02:32:11,071 [SCMBlockDeletingService#0] DEBUG block.SCMBlockDeletingService (SCMBlockDeletingService.java:shouldRun(251)) - Check scm block delete run: false serviceStatus: PAUSING safemodeExitRunDelayMillis: 3000 alreadyWaitTimeInMillis: 1681871531071
2023-04-19 02:32:11,098 [Listener at 127.0.0.1/42295] INFO  server.GrpcService (GrpcService.java:startImpl(262)) - om1: GrpcService started, listening on 9872
2023-04-19 02:32:11,100 [Listener at 127.0.0.1/42295] INFO  om.OzoneManager (OzoneManager.java:start(1579)) - Version File has different layout version (4) than OM DB (null). That is expected if this OM has never been finalized to a newer layout version.
2023-04-19 02:32:11,104 [JvmPauseMonitor0] INFO  util.JvmPauseMonitor (JvmPauseMonitor.java:run(105)) - JvmPauseMonitor-om1: Started
2023-04-19 02:32:11,119 [Listener at 127.0.0.1/42295] INFO  http.BaseHttpServer (BaseHttpServer.java:newHttpServer2BuilderForOzone(224)) - Starting Web-server for ozoneManager at: http://0.0.0.0:0
2023-04-19 02:32:11,120 [Listener at 127.0.0.1/42295] INFO  http.BaseHttpServer (BaseHttpServer.java:<init>(111)) - Hadoop Security Enabled: false Ozone Security Enabled: false Ozone HTTP Security Enabled: false 
2023-04-19 02:32:11,121 [Listener at 127.0.0.1/42295] WARN  server.AuthenticationFilter (AuthenticationFilter.java:constructSecretProvider(240)) - Unable to initialize FileSignerSecretProvider, falling back to use random secrets. Reason: Could not read signature secret file: /home/runner/hadoop-http-auth-signature-secret
2023-04-19 02:32:11,125 [Listener at 127.0.0.1/42295] INFO  http.HttpRequestLog (HttpRequestLog.java:getRequestLog(86)) - Http request log for http.requests.ozoneManager is not defined
2023-04-19 02:32:11,127 [Listener at 127.0.0.1/42295] INFO  http.HttpServer2 (HttpServer2.java:addGlobalFilter(1031)) - Added global filter 'safety' (class=org.apache.hadoop.hdds.server.http.HttpServer2$QuotingInputFilter)
2023-04-19 02:32:11,128 [Listener at 127.0.0.1/42295] INFO  http.HttpServer2 (HttpServer2.java:addFilter(1007)) - Added filter static_user_filter (class=org.apache.hadoop.http.lib.StaticUserWebFilter$StaticUserFilter) to context ozoneManager
2023-04-19 02:32:11,128 [Listener at 127.0.0.1/42295] INFO  http.HttpServer2 (HttpServer2.java:addFilter(1015)) - Added filter static_user_filter (class=org.apache.hadoop.http.lib.StaticUserWebFilter$StaticUserFilter) to context logs
2023-04-19 02:32:11,128 [Listener at 127.0.0.1/42295] INFO  http.HttpServer2 (HttpServer2.java:addFilter(1015)) - Added filter static_user_filter (class=org.apache.hadoop.http.lib.StaticUserWebFilter$StaticUserFilter) to context static
2023-04-19 02:32:11,133 [Listener at 127.0.0.1/42295] INFO  http.BaseHttpServer (BaseHttpServer.java:<init>(190)) - HTTP server of ozoneManager uses base directory /home/runner/work/ozone/ozone/hadoop-ozone/integration-test/target/test-dir/MiniOzoneClusterImpl-4a8f3de1-6dc7-4495-8b56-1623617bdc2e/ozone-meta/webserver
2023-04-19 02:32:11,135 [Listener at 127.0.0.1/42295] INFO  http.HttpServer2 (HttpServer2.java:bindListener(1250)) - Jetty bound to port 34231
2023-04-19 02:32:11,135 [Listener at 127.0.0.1/42295] INFO  server.Server (Server.java:doStart(375)) - jetty-9.4.49.v20220914; built: 2022-09-14T01:07:36.601Z; git: 4231a3b2e4cb8548a412a789936d640a97b1aa0a; jvm 1.8.0_362-b09
2023-04-19 02:32:11,137 [Listener at 127.0.0.1/42295] INFO  server.session (DefaultSessionIdManager.java:doStart(334)) - DefaultSessionIdManager workerName=node0
2023-04-19 02:32:11,137 [Listener at 127.0.0.1/42295] INFO  server.session (DefaultSessionIdManager.java:doStart(339)) - No SessionScavenger set, using defaults
2023-04-19 02:32:11,138 [Listener at 127.0.0.1/42295] INFO  server.session (HouseKeeper.java:startScavenging(132)) - node0 Scavenging every 600000ms
2023-04-19 02:32:11,139 [Listener at 127.0.0.1/42295] INFO  handler.ContextHandler (ContextHandler.java:doStart(921)) - Started o.e.j.s.ServletContextHandler@1a7da0b9{logs,/logs,file:///home/runner/work/ozone/ozone/hadoop-ozone/integration-test/target/log,AVAILABLE}
2023-04-19 02:32:11,139 [Listener at 127.0.0.1/42295] INFO  handler.ContextHandler (ContextHandler.java:doStart(921)) - Started o.e.j.s.ServletContextHandler@4dd1d767{static,/static,file:///home/runner/work/ozone/ozone/hadoop-ozone/integration-test/target/test-classes/webapps/static,AVAILABLE}
2023-04-19 02:32:11,143 [Listener at 127.0.0.1/42295] INFO  handler.ContextHandler (ContextHandler.java:doStart(921)) - Started o.e.j.w.WebAppContext@2d607072{ozoneManager,/,file:///home/runner/work/ozone/ozone/hadoop-ozone/integration-test/target/test-classes/webapps/ozoneManager/,AVAILABLE}{file:/home/runner/work/ozone/ozone/hadoop-ozone/integration-test/target/test-classes/webapps/ozoneManager}
2023-04-19 02:32:11,147 [Listener at 127.0.0.1/42295] INFO  server.AbstractConnector (AbstractConnector.java:doStart(333)) - Started ServerConnector@6d0acf9a{HTTP/1.1, (http/1.1)}{0.0.0.0:34231}
2023-04-19 02:32:11,148 [Listener at 127.0.0.1/42295] INFO  server.Server (Server.java:doStart(415)) - Started @7155ms
2023-04-19 02:32:11,148 [Listener at 127.0.0.1/42295] WARN  impl.MetricsSystemImpl (MetricsSystemImpl.java:register(279)) - Sink prometheus already exists!
2023-04-19 02:32:11,150 [Listener at 127.0.0.1/42295] INFO  http.BaseHttpServer (BaseHttpServer.java:updateConnectorAddress(344)) - HTTP server of ozoneManager listening at http://0.0.0.0:34231
2023-04-19 02:32:11,151 [IPC Server Responder] INFO  ipc.Server (Server.java:run(1558)) - IPC Server Responder: starting
2023-04-19 02:32:11,152 [IPC Server listener on 0] INFO  ipc.Server (Server.java:run(1398)) - IPC Server listener on 0: starting
2023-04-19 02:32:11,159 [Listener at 127.0.0.1/42295] INFO  om.OzoneManager (OzoneManager.java:startTrashEmptier(2039)) - Trash Interval set to 0. Files deleted won't move to trash
2023-04-19 02:32:11,169 [org.apache.hadoop.util.JvmPauseMonitor$Monitor@49f2b6ca] INFO  util.JvmPauseMonitor (JvmPauseMonitor.java:run(188)) - Starting JVM pause monitor
2023-04-19 02:32:11,171 [SCMBlockDeletingService#0] DEBUG block.SCMBlockDeletingService (SCMBlockDeletingService.java:shouldRun(251)) - Check scm block delete run: false serviceStatus: PAUSING safemodeExitRunDelayMillis: 3000 alreadyWaitTimeInMillis: 1681871531171
2023-04-19 02:32:11,271 [SCMBlockDeletingService#0] DEBUG block.SCMBlockDeletingService (SCMBlockDeletingService.java:shouldRun(251)) - Check scm block delete run: false serviceStatus: PAUSING safemodeExitRunDelayMillis: 3000 alreadyWaitTimeInMillis: 1681871531271
2023-04-19 02:32:11,284 [Listener at 127.0.0.1/42295] WARN  impl.MetricRegistriesImpl (MetricRegistriesImpl.java:addReporterRegistration(111)) - New reporters are added after registries were created. Some metrics will be missing from the reporter. Please add reporter before adding any new registry.
2023-04-19 02:32:11,284 [Listener at 127.0.0.1/42295] WARN  impl.MetricRegistriesImpl (MetricRegistriesImpl.java:addReporterRegistration(111)) - New reporters are added after registries were created. Some metrics will be missing from the reporter. Please add reporter before adding any new registry.
2023-04-19 02:32:11,284 [Listener at 127.0.0.1/42295] INFO  impl.MetricsSystemImpl (MetricsSystemImpl.java:init(158)) - HddsDatanode metrics system started (again)
2023-04-19 02:32:11,300 [Listener at 127.0.0.1/42295] INFO  ozone.HddsDatanodeService (HddsDatanodeService.java:start(252)) - HddsDatanodeService host:fv-az127-56.h3uyzbqov44edfyrgkjongjtha.bx.internal.cloudapp.net ip:10.1.164.0
2023-04-19 02:32:11,323 [Listener at 127.0.0.1/42295] INFO  upgrade.AbstractLayoutVersionManager (AbstractLayoutVersionManager.java:init(83)) - Initializing Layout version manager with metadata layout = WEBUI_PORTS_IN_DATANODEDETAILS (version = 6), software layout = WEBUI_PORTS_IN_DATANODEDETAILS (version = 6)
2023-04-19 02:32:11,371 [SCMBlockDeletingService#0] DEBUG block.SCMBlockDeletingService (SCMBlockDeletingService.java:shouldRun(251)) - Check scm block delete run: false serviceStatus: PAUSING safemodeExitRunDelayMillis: 3000 alreadyWaitTimeInMillis: 1681871531371
2023-04-19 02:32:11,371 [Listener at 127.0.0.1/42295] INFO  reflections.Reflections (Reflections.java:scan(232)) - Reflections took 47 ms to scan 7 urls, producing 156 keys and 369 values 
2023-04-19 02:32:11,375 [Listener at 127.0.0.1/42295] INFO  statemachine.DatanodeStateMachine (DatanodeStateMachine.java:getEndPointTaskThreadPoolSize(260)) - Datanode State Machine Task Thread Pool size 2
2023-04-19 02:32:11,426 [Listener at 127.0.0.1/42295] INFO  volume.HddsVolume (HddsVolume.java:<init>(130)) - Creating HddsVolume: /home/runner/work/ozone/ozone/hadoop-ozone/integration-test/target/test-dir/MiniOzoneClusterImpl-4a8f3de1-6dc7-4495-8b56-1623617bdc2e/datanode-0/data-0/containers/hdds of storage type : DISK capacity : 9223372036854775807
2023-04-19 02:32:11,428 [Listener at 127.0.0.1/42295] INFO  volume.MutableVolumeSet (MutableVolumeSet.java:initializeVolumeSet(175)) - Added Volume : /home/runner/work/ozone/ozone/hadoop-ozone/integration-test/target/test-dir/MiniOzoneClusterImpl-4a8f3de1-6dc7-4495-8b56-1623617bdc2e/datanode-0/data-0/containers/hdds to VolumeSet
2023-04-19 02:32:11,429 [Listener at 127.0.0.1/42295] INFO  volume.ThrottledAsyncChecker (ThrottledAsyncChecker.java:schedule(141)) - Scheduling a check for /home/runner/work/ozone/ozone/hadoop-ozone/integration-test/target/test-dir/MiniOzoneClusterImpl-4a8f3de1-6dc7-4495-8b56-1623617bdc2e/datanode-0/data-0/containers/hdds
2023-04-19 02:32:11,442 [Listener at 127.0.0.1/42295] INFO  volume.StorageVolumeChecker (StorageVolumeChecker.java:checkAllVolumes(202)) - Scheduled health check for volume /home/runner/work/ozone/ozone/hadoop-ozone/integration-test/target/test-dir/MiniOzoneClusterImpl-4a8f3de1-6dc7-4495-8b56-1623617bdc2e/datanode-0/data-0/containers/hdds
2023-04-19 02:32:11,459 [Listener at 127.0.0.1/42295] INFO  volume.MutableVolumeSet (MutableVolumeSet.java:initializeVolumeSet(175)) - Added Volume : /home/runner/work/ozone/ozone/hadoop-ozone/integration-test/target/test-dir/MiniOzoneClusterImpl-4a8f3de1-6dc7-4495-8b56-1623617bdc2e/datanode-0/data/ratis to VolumeSet
2023-04-19 02:32:11,459 [Listener at 127.0.0.1/42295] INFO  volume.ThrottledAsyncChecker (ThrottledAsyncChecker.java:schedule(141)) - Scheduling a check for /home/runner/work/ozone/ozone/hadoop-ozone/integration-test/target/test-dir/MiniOzoneClusterImpl-4a8f3de1-6dc7-4495-8b56-1623617bdc2e/datanode-0/data/ratis
2023-04-19 02:32:11,460 [Listener at 127.0.0.1/42295] INFO  volume.StorageVolumeChecker (StorageVolumeChecker.java:checkAllVolumes(202)) - Scheduled health check for volume /home/runner/work/ozone/ozone/hadoop-ozone/integration-test/target/test-dir/MiniOzoneClusterImpl-4a8f3de1-6dc7-4495-8b56-1623617bdc2e/datanode-0/data/ratis
2023-04-19 02:32:11,471 [SCMBlockDeletingService#0] DEBUG block.SCMBlockDeletingService (SCMBlockDeletingService.java:shouldRun(251)) - Check scm block delete run: false serviceStatus: PAUSING safemodeExitRunDelayMillis: 3000 alreadyWaitTimeInMillis: 1681871531471
2023-04-19 02:32:11,480 [Thread-138] INFO  ozoneimpl.ContainerReader (ContainerReader.java:readVolume(175)) - Finish verifying containers on volume /home/runner/work/ozone/ozone/hadoop-ozone/integration-test/target/test-dir/MiniOzoneClusterImpl-4a8f3de1-6dc7-4495-8b56-1623617bdc2e/datanode-0/data-0/containers/hdds
2023-04-19 02:32:11,480 [Listener at 127.0.0.1/42295] INFO  ozoneimpl.OzoneContainer (OzoneContainer.java:buildContainerSet(303)) - Build ContainerSet costs 0s
2023-04-19 02:32:11,538 [Listener at 127.0.0.1/42295] INFO  audit.AuditLogger (AuditLogger.java:refreshDebugCmdSet(126)) - Refresh DebugCmdSet for DNAudit to [].
2023-04-19 02:32:11,566 [Listener at 127.0.0.1/42295] INFO  server.RaftServer (ConfUtils.java:logGet(46)) - raft.rpc.type = GRPC (default)
2023-04-19 02:32:11,567 [Listener at 127.0.0.1/42295] INFO  grpc.GrpcConfigKeys (ConfUtils.java:logFallback(53)) - raft.grpc.admin.host = null (fallback to raft.grpc.server.host)
2023-04-19 02:32:11,567 [Listener at 127.0.0.1/42295] INFO  grpc.GrpcConfigKeys (ConfUtils.java:logGet(46)) - raft.grpc.admin.port = 0 (custom)
2023-04-19 02:32:11,567 [Listener at 127.0.0.1/42295] INFO  grpc.GrpcConfigKeys (ConfUtils.java:logFallback(53)) - raft.grpc.client.host = null (fallback to raft.grpc.server.host)
2023-04-19 02:32:11,568 [Listener at 127.0.0.1/42295] INFO  grpc.GrpcConfigKeys (ConfUtils.java:logGet(46)) - raft.grpc.client.port = 0 (custom)
2023-04-19 02:32:11,568 [Listener at 127.0.0.1/42295] INFO  grpc.GrpcConfigKeys (ConfUtils.java:logGet(46)) - raft.grpc.server.host = null (default)
2023-04-19 02:32:11,568 [Listener at 127.0.0.1/42295] INFO  grpc.GrpcConfigKeys (ConfUtils.java:logGet(46)) - raft.grpc.server.port = 0 (default)
2023-04-19 02:32:11,568 [Listener at 127.0.0.1/42295] INFO  server.GrpcService (ConfUtils.java:logGet(46)) - raft.grpc.message.size.max = 32MB (=33554432) (custom)
2023-04-19 02:32:11,568 [Listener at 127.0.0.1/42295] INFO  server.RaftServerConfigKeys (ConfUtils.java:logGet(46)) - raft.server.log.appender.buffer.byte-limit = 33554432 (custom)
2023-04-19 02:32:11,568 [Listener at 127.0.0.1/42295] INFO  server.GrpcService (ConfUtils.java:logGet(46)) - raft.grpc.flow.control.window = 5MB (=5242880) (custom)
2023-04-19 02:32:11,569 [Listener at 127.0.0.1/42295] INFO  server.RaftServerConfigKeys (ConfUtils.java:logGet(46)) - raft.server.rpc.request.timeout = 60s (custom)
2023-04-19 02:32:11,569 [Listener at 127.0.0.1/42295] INFO  grpc.GrpcConfigKeys (ConfUtils.java:logGet(46)) - raft.grpc.server.heartbeat.channel = true (default)
2023-04-19 02:32:11,569 [Listener at 127.0.0.1/42295] INFO  grpc.GrpcConfigKeys (ConfUtils.java:logGet(46)) - raft.grpc.server.async.request.thread.pool.cached = true (default)
2023-04-19 02:32:11,569 [Listener at 127.0.0.1/42295] INFO  grpc.GrpcConfigKeys (ConfUtils.java:logGet(46)) - raft.grpc.server.async.request.thread.pool.size = 32 (default)
2023-04-19 02:32:11,570 [Listener at 127.0.0.1/42295] INFO  impl.DataStreamServerImpl (ConfUtils.java:logGet(46)) - raft.datastream.type = NETTY (custom)
2023-04-19 02:32:11,571 [SCMBlockDeletingService#0] DEBUG block.SCMBlockDeletingService (SCMBlockDeletingService.java:shouldRun(251)) - Check scm block delete run: false serviceStatus: PAUSING safemodeExitRunDelayMillis: 3000 alreadyWaitTimeInMillis: 1681871531571
2023-04-19 02:32:11,579 [Listener at 127.0.0.1/42295] INFO  server.RaftServerConfigKeys (ConfUtils.java:logGet(46)) - raft.server.data-stream.async.request.thread.pool.cached = false (default)
2023-04-19 02:32:11,580 [Listener at 127.0.0.1/42295] INFO  server.RaftServerConfigKeys (ConfUtils.java:logGet(46)) - raft.server.data-stream.async.request.thread.pool.size = 20 (custom)
2023-04-19 02:32:11,580 [Listener at 127.0.0.1/42295] INFO  server.RaftServerConfigKeys (ConfUtils.java:logGet(46)) - raft.server.data-stream.async.write.thread.pool.size = 16 (default)
2023-04-19 02:32:11,582 [Listener at 127.0.0.1/42295] INFO  server.RaftServerConfigKeys (ConfUtils.java:logGet(46)) - raft.server.data-stream.client.pool.size = 10 (default)
2023-04-19 02:32:11,584 [Listener at 127.0.0.1/42295] INFO  netty.NettyConfigKeys$DataStream (ConfUtils.java:logGet(46)) - raft.netty.dataStream.server.use-epoll = false (default)
2023-04-19 02:32:11,585 [Listener at 127.0.0.1/42295] INFO  netty.NettyConfigKeys$DataStream (ConfUtils.java:logGet(46)) - raft.netty.dataStream.server.boss-group.size = 0 (default)
2023-04-19 02:32:11,591 [Listener at 127.0.0.1/42295] INFO  netty.NettyConfigKeys$DataStream (ConfUtils.java:logGet(46)) - raft.netty.dataStream.server.worker-group.size = 0 (default)
2023-04-19 02:32:11,592 [Listener at 127.0.0.1/42295] INFO  netty.NettyConfigKeys$DataStream (ConfUtils.java:logGet(46)) - raft.netty.dataStream.server.tls.conf = null (default)
2023-04-19 02:32:11,594 [Listener at 127.0.0.1/42295] INFO  netty.NettyConfigKeys$DataStream (ConfUtils.java:logGet(46)) - raft.netty.dataStream.host = null (default)
2023-04-19 02:32:11,594 [Listener at 127.0.0.1/42295] INFO  netty.NettyConfigKeys$DataStream (ConfUtils.java:logGet(46)) - raft.netty.dataStream.port = 0 (default)
2023-04-19 02:32:11,603 [Listener at 127.0.0.1/42295] INFO  server.RaftServerConfigKeys (ConfUtils.java:logGet(46)) - raft.server.threadpool.proxy.cached = true (default)
2023-04-19 02:32:11,603 [Listener at 127.0.0.1/42295] INFO  server.RaftServerConfigKeys (ConfUtils.java:logGet(46)) - raft.server.threadpool.proxy.size = 0 (default)
2023-04-19 02:32:11,603 [Listener at 127.0.0.1/42295] INFO  server.RaftServerConfigKeys (ConfUtils.java:logGet(46)) - raft.server.rpc.slowness.timeout = 300s (custom)
2023-04-19 02:32:11,603 [Listener at 127.0.0.1/42295] INFO  server.RaftServerConfigKeys (ConfUtils.java:logGet(46)) - raft.server.leaderelection.leader.step-down.wait-time = 10s (default)
2023-04-19 02:32:11,604 [Listener at 127.0.0.1/42295] INFO  server.RaftServerConfigKeys (ConfUtils.java:logGet(46)) - raft.server.storage.dir = [/home/runner/work/ozone/ozone/hadoop-ozone/integration-test/target/test-dir/MiniOzoneClusterImpl-4a8f3de1-6dc7-4495-8b56-1623617bdc2e/datanode-0/data/ratis] (custom)
2023-04-19 02:32:11,632 [14fab107-599d-4166-92e2-a49b96c274c4-NettyServerStreamRpc-bossGroup--thread1] INFO  logging.LoggingHandler (AbstractInternalLogger.java:log(148)) - [id: 0xe0909ec4] REGISTERED
2023-04-19 02:32:11,632 [14fab107-599d-4166-92e2-a49b96c274c4-NettyServerStreamRpc-bossGroup--thread1] INFO  logging.LoggingHandler (AbstractInternalLogger.java:log(148)) - [id: 0xe0909ec4] BIND: 0.0.0.0/0.0.0.0:0
2023-04-19 02:32:11,633 [14fab107-599d-4166-92e2-a49b96c274c4-NettyServerStreamRpc-bossGroup--thread1] INFO  logging.LoggingHandler (AbstractInternalLogger.java:log(148)) - [id: 0xe0909ec4, L:/0:0:0:0:0:0:0:0:40843] ACTIVE
2023-04-19 02:32:11,639 [Listener at 127.0.0.1/42295] INFO  server.XceiverServerGrpc (XceiverServerGrpc.java:<init>(132)) - GrpcServer channel type EpollServerSocketChannel
2023-04-19 02:32:11,671 [SCMBlockDeletingService#0] DEBUG block.SCMBlockDeletingService (SCMBlockDeletingService.java:shouldRun(251)) - Check scm block delete run: false serviceStatus: PAUSING safemodeExitRunDelayMillis: 3000 alreadyWaitTimeInMillis: 1681871531671
2023-04-19 02:32:11,712 [Listener at 127.0.0.1/42295] INFO  http.BaseHttpServer (BaseHttpServer.java:newHttpServer2BuilderForOzone(224)) - Starting Web-server for hddsDatanode at: http://0.0.0.0:0
2023-04-19 02:32:11,713 [Listener at 127.0.0.1/42295] INFO  http.BaseHttpServer (BaseHttpServer.java:<init>(111)) - Hadoop Security Enabled: false Ozone Security Enabled: false Ozone HTTP Security Enabled: false 
2023-04-19 02:32:11,714 [Listener at 127.0.0.1/42295] WARN  server.AuthenticationFilter (AuthenticationFilter.java:constructSecretProvider(240)) - Unable to initialize FileSignerSecretProvider, falling back to use random secrets. Reason: Could not read signature secret file: /home/runner/hadoop-http-auth-signature-secret
2023-04-19 02:32:11,715 [Listener at 127.0.0.1/42295] INFO  http.HttpRequestLog (HttpRequestLog.java:getRequestLog(86)) - Http request log for http.requests.hddsDatanode is not defined
2023-04-19 02:32:11,717 [Listener at 127.0.0.1/42295] INFO  http.HttpServer2 (HttpServer2.java:addGlobalFilter(1031)) - Added global filter 'safety' (class=org.apache.hadoop.hdds.server.http.HttpServer2$QuotingInputFilter)
2023-04-19 02:32:11,717 [Listener at 127.0.0.1/42295] INFO  http.HttpServer2 (HttpServer2.java:addFilter(1007)) - Added filter static_user_filter (class=org.apache.hadoop.http.lib.StaticUserWebFilter$StaticUserFilter) to context hddsDatanode
2023-04-19 02:32:11,718 [Listener at 127.0.0.1/42295] INFO  http.HttpServer2 (HttpServer2.java:addFilter(1015)) - Added filter static_user_filter (class=org.apache.hadoop.http.lib.StaticUserWebFilter$StaticUserFilter) to context static
2023-04-19 02:32:11,718 [Listener at 127.0.0.1/42295] INFO  http.HttpServer2 (HttpServer2.java:addFilter(1015)) - Added filter static_user_filter (class=org.apache.hadoop.http.lib.StaticUserWebFilter$StaticUserFilter) to context logs
2023-04-19 02:32:11,719 [Listener at 127.0.0.1/42295] INFO  http.BaseHttpServer (BaseHttpServer.java:<init>(190)) - HTTP server of hddsDatanode uses base directory /home/runner/work/ozone/ozone/hadoop-ozone/integration-test/target/test-dir/MiniOzoneClusterImpl-4a8f3de1-6dc7-4495-8b56-1623617bdc2e/datanode-0/meta/webserver
2023-04-19 02:32:11,719 [Listener at 127.0.0.1/42295] INFO  http.HttpServer2 (HttpServer2.java:bindListener(1250)) - Jetty bound to port 34303
2023-04-19 02:32:11,719 [Listener at 127.0.0.1/42295] INFO  server.Server (Server.java:doStart(375)) - jetty-9.4.49.v20220914; built: 2022-09-14T01:07:36.601Z; git: 4231a3b2e4cb8548a412a789936d640a97b1aa0a; jvm 1.8.0_362-b09
2023-04-19 02:32:11,726 [Listener at 127.0.0.1/42295] INFO  server.session (DefaultSessionIdManager.java:doStart(334)) - DefaultSessionIdManager workerName=node0
2023-04-19 02:32:11,726 [Listener at 127.0.0.1/42295] INFO  server.session (DefaultSessionIdManager.java:doStart(339)) - No SessionScavenger set, using defaults
2023-04-19 02:32:11,726 [Listener at 127.0.0.1/42295] INFO  server.session (HouseKeeper.java:startScavenging(132)) - node0 Scavenging every 660000ms
2023-04-19 02:32:11,733 [Listener at 127.0.0.1/42295] INFO  handler.ContextHandler (ContextHandler.java:doStart(921)) - Started o.e.j.s.ServletContextHandler@1e0815f4{logs,/logs,file:///home/runner/work/ozone/ozone/hadoop-ozone/integration-test/target/log,AVAILABLE}
2023-04-19 02:32:11,733 [Listener at 127.0.0.1/42295] INFO  handler.ContextHandler (ContextHandler.java:doStart(921)) - Started o.e.j.s.ServletContextHandler@114e8064{static,/static,jar:file:/home/runner/.m2/repository/org/apache/ozone/hdds-container-service/1.4.0-SNAPSHOT/hdds-container-service-1.4.0-SNAPSHOT.jar!/webapps/static,AVAILABLE}
2023-04-19 02:32:11,772 [SCMBlockDeletingService#0] DEBUG block.SCMBlockDeletingService (SCMBlockDeletingService.java:shouldRun(251)) - Check scm block delete run: false serviceStatus: PAUSING safemodeExitRunDelayMillis: 3000 alreadyWaitTimeInMillis: 1681871531771
2023-04-19 02:32:11,872 [SCMBlockDeletingService#0] DEBUG block.SCMBlockDeletingService (SCMBlockDeletingService.java:shouldRun(251)) - Check scm block delete run: false serviceStatus: PAUSING safemodeExitRunDelayMillis: 3000 alreadyWaitTimeInMillis: 1681871531872
2023-04-19 02:32:11,948 [Listener at 127.0.0.1/42295] INFO  handler.ContextHandler (ContextHandler.java:doStart(921)) - Started o.e.j.w.WebAppContext@a67e46{hddsDatanode,/,file:///home/runner/work/ozone/ozone/hadoop-ozone/integration-test/target/test-dir/MiniOzoneClusterImpl-4a8f3de1-6dc7-4495-8b56-1623617bdc2e/datanode-0/meta/webserver/jetty-0_0_0_0-34303-hdds-container-service-1_4_0-SNAPSHOT_jar-_-any-5044906024177652597/webapp/,AVAILABLE}{jar:file:/home/runner/.m2/repository/org/apache/ozone/hdds-container-service/1.4.0-SNAPSHOT/hdds-container-service-1.4.0-SNAPSHOT.jar!/webapps/hddsDatanode}
2023-04-19 02:32:11,969 [Listener at 127.0.0.1/42295] INFO  server.AbstractConnector (AbstractConnector.java:doStart(333)) - Started ServerConnector@138a00fa{HTTP/1.1, (http/1.1)}{0.0.0.0:34303}
2023-04-19 02:32:11,969 [Listener at 127.0.0.1/42295] INFO  server.Server (Server.java:doStart(415)) - Started @7977ms
2023-04-19 02:32:11,970 [Listener at 127.0.0.1/42295] WARN  impl.MetricsSystemImpl (MetricsSystemImpl.java:register(279)) - Sink prometheus already exists!
2023-04-19 02:32:11,970 [Listener at 127.0.0.1/42295] INFO  http.BaseHttpServer (BaseHttpServer.java:updateConnectorAddress(344)) - HTTP server of hddsDatanode listening at http://0.0.0.0:34303
2023-04-19 02:32:11,972 [SCMBlockDeletingService#0] DEBUG block.SCMBlockDeletingService (SCMBlockDeletingService.java:shouldRun(251)) - Check scm block delete run: false serviceStatus: PAUSING safemodeExitRunDelayMillis: 3000 alreadyWaitTimeInMillis: 1681871531972
2023-04-19 02:32:11,975 [Listener at 127.0.0.1/42295] WARN  impl.MetricRegistriesImpl (MetricRegistriesImpl.java:addReporterRegistration(111)) - New reporters are added after registries were created. Some metrics will be missing from the reporter. Please add reporter before adding any new registry.
2023-04-19 02:32:11,975 [Datanode State Machine Daemon Thread] INFO  statemachine.DatanodeStateMachine (DatanodeStateMachine.java:lambda$startDaemon$0(517)) - Ozone container server started.
2023-04-19 02:32:11,975 [Listener at 127.0.0.1/42295] WARN  impl.MetricRegistriesImpl (MetricRegistriesImpl.java:addReporterRegistration(111)) - New reporters are added after registries were created. Some metrics will be missing from the reporter. Please add reporter before adding any new registry.
2023-04-19 02:32:11,976 [Listener at 127.0.0.1/42295] INFO  impl.MetricsSystemImpl (MetricsSystemImpl.java:init(158)) - HddsDatanode metrics system started (again)
2023-04-19 02:32:11,988 [Listener at 127.0.0.1/42295] INFO  ozone.HddsDatanodeService (HddsDatanodeService.java:start(252)) - HddsDatanodeService host:fv-az127-56.h3uyzbqov44edfyrgkjongjtha.bx.internal.cloudapp.net ip:10.1.164.0
2023-04-19 02:32:11,996 [org.apache.hadoop.util.JvmPauseMonitor$Monitor@2d9eaf91] INFO  util.JvmPauseMonitor (JvmPauseMonitor.java:run(188)) - Starting JVM pause monitor
2023-04-19 02:32:12,010 [Listener at 127.0.0.1/42295] INFO  upgrade.AbstractLayoutVersionManager (AbstractLayoutVersionManager.java:init(83)) - Initializing Layout version manager with metadata layout = WEBUI_PORTS_IN_DATANODEDETAILS (version = 6), software layout = WEBUI_PORTS_IN_DATANODEDETAILS (version = 6)
2023-04-19 02:32:12,092 [SCMBlockDeletingService#0] DEBUG block.SCMBlockDeletingService (SCMBlockDeletingService.java:shouldRun(251)) - Check scm block delete run: false serviceStatus: PAUSING safemodeExitRunDelayMillis: 3000 alreadyWaitTimeInMillis: 1681871532092
2023-04-19 02:32:12,099 [Listener at 127.0.0.1/42295] INFO  reflections.Reflections (Reflections.java:scan(232)) - Reflections took 86 ms to scan 7 urls, producing 156 keys and 369 values 
2023-04-19 02:32:12,104 [Listener at 127.0.0.1/42295] INFO  statemachine.DatanodeStateMachine (DatanodeStateMachine.java:getEndPointTaskThreadPoolSize(260)) - Datanode State Machine Task Thread Pool size 2
2023-04-19 02:32:12,107 [Listener at 127.0.0.1/42295] INFO  volume.HddsVolume (HddsVolume.java:<init>(130)) - Creating HddsVolume: /home/runner/work/ozone/ozone/hadoop-ozone/integration-test/target/test-dir/MiniOzoneClusterImpl-4a8f3de1-6dc7-4495-8b56-1623617bdc2e/datanode-1/data-0/containers/hdds of storage type : DISK capacity : 9223372036854775807
2023-04-19 02:32:12,107 [Listener at 127.0.0.1/42295] INFO  volume.MutableVolumeSet (MutableVolumeSet.java:initializeVolumeSet(175)) - Added Volume : /home/runner/work/ozone/ozone/hadoop-ozone/integration-test/target/test-dir/MiniOzoneClusterImpl-4a8f3de1-6dc7-4495-8b56-1623617bdc2e/datanode-1/data-0/containers/hdds to VolumeSet
2023-04-19 02:32:12,107 [Listener at 127.0.0.1/42295] INFO  volume.ThrottledAsyncChecker (ThrottledAsyncChecker.java:schedule(141)) - Scheduling a check for /home/runner/work/ozone/ozone/hadoop-ozone/integration-test/target/test-dir/MiniOzoneClusterImpl-4a8f3de1-6dc7-4495-8b56-1623617bdc2e/datanode-1/data-0/containers/hdds
2023-04-19 02:32:12,112 [Listener at 127.0.0.1/42295] INFO  volume.StorageVolumeChecker (StorageVolumeChecker.java:checkAllVolumes(202)) - Scheduled health check for volume /home/runner/work/ozone/ozone/hadoop-ozone/integration-test/target/test-dir/MiniOzoneClusterImpl-4a8f3de1-6dc7-4495-8b56-1623617bdc2e/datanode-1/data-0/containers/hdds
2023-04-19 02:32:12,123 [Listener at 127.0.0.1/42295] INFO  volume.MutableVolumeSet (MutableVolumeSet.java:initializeVolumeSet(175)) - Added Volume : /home/runner/work/ozone/ozone/hadoop-ozone/integration-test/target/test-dir/MiniOzoneClusterImpl-4a8f3de1-6dc7-4495-8b56-1623617bdc2e/datanode-1/data/ratis to VolumeSet
2023-04-19 02:32:12,124 [Listener at 127.0.0.1/42295] INFO  volume.ThrottledAsyncChecker (ThrottledAsyncChecker.java:schedule(141)) - Scheduling a check for /home/runner/work/ozone/ozone/hadoop-ozone/integration-test/target/test-dir/MiniOzoneClusterImpl-4a8f3de1-6dc7-4495-8b56-1623617bdc2e/datanode-1/data/ratis
2023-04-19 02:32:12,124 [Listener at 127.0.0.1/42295] INFO  volume.StorageVolumeChecker (StorageVolumeChecker.java:checkAllVolumes(202)) - Scheduled health check for volume /home/runner/work/ozone/ozone/hadoop-ozone/integration-test/target/test-dir/MiniOzoneClusterImpl-4a8f3de1-6dc7-4495-8b56-1623617bdc2e/datanode-1/data/ratis
2023-04-19 02:32:12,135 [Thread-152] INFO  ozoneimpl.ContainerReader (ContainerReader.java:readVolume(175)) - Finish verifying containers on volume /home/runner/work/ozone/ozone/hadoop-ozone/integration-test/target/test-dir/MiniOzoneClusterImpl-4a8f3de1-6dc7-4495-8b56-1623617bdc2e/datanode-1/data-0/containers/hdds
2023-04-19 02:32:12,136 [Listener at 127.0.0.1/42295] INFO  ozoneimpl.OzoneContainer (OzoneContainer.java:buildContainerSet(303)) - Build ContainerSet costs 0s
2023-04-19 02:32:12,139 [Listener at 127.0.0.1/42295] INFO  server.RaftServer (ConfUtils.java:logGet(46)) - raft.rpc.type = GRPC (default)
2023-04-19 02:32:12,140 [Listener at 127.0.0.1/42295] INFO  grpc.GrpcConfigKeys (ConfUtils.java:logFallback(53)) - raft.grpc.admin.host = null (fallback to raft.grpc.server.host)
2023-04-19 02:32:12,140 [Listener at 127.0.0.1/42295] INFO  grpc.GrpcConfigKeys (ConfUtils.java:logGet(46)) - raft.grpc.admin.port = 0 (custom)
2023-04-19 02:32:12,140 [Listener at 127.0.0.1/42295] INFO  grpc.GrpcConfigKeys (ConfUtils.java:logFallback(53)) - raft.grpc.client.host = null (fallback to raft.grpc.server.host)
2023-04-19 02:32:12,140 [Listener at 127.0.0.1/42295] INFO  grpc.GrpcConfigKeys (ConfUtils.java:logGet(46)) - raft.grpc.client.port = 0 (custom)
2023-04-19 02:32:12,140 [Listener at 127.0.0.1/42295] INFO  grpc.GrpcConfigKeys (ConfUtils.java:logGet(46)) - raft.grpc.server.host = null (default)
2023-04-19 02:32:12,140 [Listener at 127.0.0.1/42295] INFO  grpc.GrpcConfigKeys (ConfUtils.java:logGet(46)) - raft.grpc.server.port = 0 (default)
2023-04-19 02:32:12,141 [Listener at 127.0.0.1/42295] INFO  server.GrpcService (ConfUtils.java:logGet(46)) - raft.grpc.message.size.max = 32MB (=33554432) (custom)
2023-04-19 02:32:12,141 [Listener at 127.0.0.1/42295] INFO  server.RaftServerConfigKeys (ConfUtils.java:logGet(46)) - raft.server.log.appender.buffer.byte-limit = 33554432 (custom)
2023-04-19 02:32:12,141 [Listener at 127.0.0.1/42295] INFO  server.GrpcService (ConfUtils.java:logGet(46)) - raft.grpc.flow.control.window = 5MB (=5242880) (custom)
2023-04-19 02:32:12,141 [Listener at 127.0.0.1/42295] INFO  server.RaftServerConfigKeys (ConfUtils.java:logGet(46)) - raft.server.rpc.request.timeout = 60s (custom)
2023-04-19 02:32:12,141 [Listener at 127.0.0.1/42295] INFO  grpc.GrpcConfigKeys (ConfUtils.java:logGet(46)) - raft.grpc.server.heartbeat.channel = true (default)
2023-04-19 02:32:12,141 [Listener at 127.0.0.1/42295] INFO  grpc.GrpcConfigKeys (ConfUtils.java:logGet(46)) - raft.grpc.server.async.request.thread.pool.cached = true (default)
2023-04-19 02:32:12,141 [Listener at 127.0.0.1/42295] INFO  grpc.GrpcConfigKeys (ConfUtils.java:logGet(46)) - raft.grpc.server.async.request.thread.pool.size = 32 (default)
2023-04-19 02:32:12,148 [Listener at 127.0.0.1/42295] INFO  impl.DataStreamServerImpl (ConfUtils.java:logGet(46)) - raft.datastream.type = NETTY (custom)
2023-04-19 02:32:12,149 [Listener at 127.0.0.1/42295] INFO  server.RaftServerConfigKeys (ConfUtils.java:logGet(46)) - raft.server.data-stream.async.request.thread.pool.cached = false (default)
2023-04-19 02:32:12,149 [Listener at 127.0.0.1/42295] INFO  server.RaftServerConfigKeys (ConfUtils.java:logGet(46)) - raft.server.data-stream.async.request.thread.pool.size = 20 (custom)
2023-04-19 02:32:12,150 [Listener at 127.0.0.1/42295] INFO  server.RaftServerConfigKeys (ConfUtils.java:logGet(46)) - raft.server.data-stream.async.write.thread.pool.size = 16 (default)
2023-04-19 02:32:12,150 [Listener at 127.0.0.1/42295] INFO  server.RaftServerConfigKeys (ConfUtils.java:logGet(46)) - raft.server.data-stream.client.pool.size = 10 (default)
2023-04-19 02:32:12,151 [Listener at 127.0.0.1/42295] INFO  netty.NettyConfigKeys$DataStream (ConfUtils.java:logGet(46)) - raft.netty.dataStream.server.use-epoll = false (default)
2023-04-19 02:32:12,152 [Listener at 127.0.0.1/42295] INFO  netty.NettyConfigKeys$DataStream (ConfUtils.java:logGet(46)) - raft.netty.dataStream.server.boss-group.size = 0 (default)
2023-04-19 02:32:12,153 [Listener at 127.0.0.1/42295] INFO  netty.NettyConfigKeys$DataStream (ConfUtils.java:logGet(46)) - raft.netty.dataStream.server.worker-group.size = 0 (default)
2023-04-19 02:32:12,157 [om1@group-C5BA1605619E-FollowerState] INFO  impl.FollowerState (FollowerState.java:run(143)) - om1@group-C5BA1605619E-FollowerState: change to CANDIDATE, lastRpcElapsedTime:1118936358ns, electionTimeout:1117ms
2023-04-19 02:32:12,158 [Listener at 127.0.0.1/42295] INFO  netty.NettyConfigKeys$DataStream (ConfUtils.java:logGet(46)) - raft.netty.dataStream.server.tls.conf = null (default)
2023-04-19 02:32:12,157 [om1@group-C5BA1605619E-FollowerState] INFO  impl.RoleInfo (RoleInfo.java:shutdownFollowerState(110)) - om1: shutdown om1@group-C5BA1605619E-FollowerState
2023-04-19 02:32:12,160 [om1@group-C5BA1605619E-FollowerState] INFO  server.RaftServer$Division (RaftServerImpl.java:setRole(321)) - om1@group-C5BA1605619E: changes role from  FOLLOWER to CANDIDATE at term 0 for changeToCandidate
2023-04-19 02:32:12,163 [om1@group-C5BA1605619E-FollowerState] INFO  server.RaftServerConfigKeys (ConfUtils.java:logGet(46)) - raft.server.leaderelection.pre-vote = true (default)
2023-04-19 02:32:12,163 [om1@group-C5BA1605619E-FollowerState] INFO  impl.RoleInfo (RoleInfo.java:updateAndGet(139)) - om1: start om1@group-C5BA1605619E-LeaderElection1
2023-04-19 02:32:12,164 [Listener at 127.0.0.1/42295] INFO  netty.NettyConfigKeys$DataStream (ConfUtils.java:logGet(46)) - raft.netty.dataStream.host = null (default)
2023-04-19 02:32:12,165 [Listener at 127.0.0.1/42295] INFO  netty.NettyConfigKeys$DataStream (ConfUtils.java:logGet(46)) - raft.netty.dataStream.port = 0 (default)
2023-04-19 02:32:12,169 [Listener at 127.0.0.1/42295] INFO  server.RaftServerConfigKeys (ConfUtils.java:logGet(46)) - raft.server.threadpool.proxy.cached = true (default)
2023-04-19 02:32:12,169 [Listener at 127.0.0.1/42295] INFO  server.RaftServerConfigKeys (ConfUtils.java:logGet(46)) - raft.server.threadpool.proxy.size = 0 (default)
2023-04-19 02:32:12,170 [Listener at 127.0.0.1/42295] INFO  server.RaftServerConfigKeys (ConfUtils.java:logGet(46)) - raft.server.rpc.slowness.timeout = 300s (custom)
2023-04-19 02:32:12,170 [Listener at 127.0.0.1/42295] INFO  server.RaftServerConfigKeys (ConfUtils.java:logGet(46)) - raft.server.leaderelection.leader.step-down.wait-time = 10s (default)
2023-04-19 02:32:12,170 [Listener at 127.0.0.1/42295] INFO  server.RaftServerConfigKeys (ConfUtils.java:logGet(46)) - raft.server.storage.dir = [/home/runner/work/ozone/ozone/hadoop-ozone/integration-test/target/test-dir/MiniOzoneClusterImpl-4a8f3de1-6dc7-4495-8b56-1623617bdc2e/datanode-1/data/ratis] (custom)
2023-04-19 02:32:12,177 [om1@group-C5BA1605619E-LeaderElection1] INFO  impl.LeaderElection (LeaderElection.java:askForVotes(312)) - om1@group-C5BA1605619E-LeaderElection1 PRE_VOTE round 0: submit vote requests at term 0 for -1: peers:[om1|rpc:localhost:9872|priority:0|startupRole:FOLLOWER]|listeners:[], old=null
2023-04-19 02:32:12,180 [om1@group-C5BA1605619E-LeaderElection1] INFO  impl.LeaderElection (LeaderElection.java:askForVotes(314)) - om1@group-C5BA1605619E-LeaderElection1 PRE_VOTE round 0: result PASSED (term=0)
2023-04-19 02:32:12,182 [om1@group-C5BA1605619E-LeaderElection1] INFO  impl.LeaderElection (LeaderElection.java:askForVotes(312)) - om1@group-C5BA1605619E-LeaderElection1 ELECTION round 0: submit vote requests at term 1 for -1: peers:[om1|rpc:localhost:9872|priority:0|startupRole:FOLLOWER]|listeners:[], old=null
2023-04-19 02:32:12,182 [om1@group-C5BA1605619E-LeaderElection1] INFO  impl.LeaderElection (LeaderElection.java:askForVotes(314)) - om1@group-C5BA1605619E-LeaderElection1 ELECTION round 0: result PASSED (term=1)
2023-04-19 02:32:12,182 [om1@group-C5BA1605619E-LeaderElection1] INFO  impl.RoleInfo (RoleInfo.java:shutdownLeaderElection(130)) - om1: shutdown om1@group-C5BA1605619E-LeaderElection1
2023-04-19 02:32:12,182 [om1@group-C5BA1605619E-LeaderElection1] INFO  server.RaftServer$Division (RaftServerImpl.java:setRole(321)) - om1@group-C5BA1605619E: changes role from CANDIDATE to LEADER at term 1 for changeToLeader
2023-04-19 02:32:12,184 [om1@group-C5BA1605619E-LeaderElection1] INFO  server.RaftServer$Division (ServerState.java:setLeader(313)) - om1@group-C5BA1605619E: change Leader from null to om1 at term 1 for becomeLeader, leader elected after 2247ms
2023-04-19 02:32:12,190 [Listener at 127.0.0.1/42295] INFO  server.XceiverServerGrpc (XceiverServerGrpc.java:<init>(132)) - GrpcServer channel type EpollServerSocketChannel
2023-04-19 02:32:12,192 [SCMBlockDeletingService#0] DEBUG block.SCMBlockDeletingService (SCMBlockDeletingService.java:shouldRun(251)) - Check scm block delete run: false serviceStatus: PAUSING safemodeExitRunDelayMillis: 3000 alreadyWaitTimeInMillis: 1681871532192
2023-04-19 02:32:12,195 [om1@group-C5BA1605619E-LeaderElection1] INFO  server.RaftServerConfigKeys (ConfUtils.java:logGet(46)) - raft.server.staging.catchup.gap = 1000 (default)
2023-04-19 02:32:12,207 [Listener at 127.0.0.1/42295] INFO  http.BaseHttpServer (BaseHttpServer.java:newHttpServer2BuilderForOzone(224)) - Starting Web-server for hddsDatanode at: http://0.0.0.0:0
2023-04-19 02:32:12,207 [Listener at 127.0.0.1/42295] INFO  http.BaseHttpServer (BaseHttpServer.java:<init>(111)) - Hadoop Security Enabled: false Ozone Security Enabled: false Ozone HTTP Security Enabled: false 
2023-04-19 02:32:12,208 [om1@group-C5BA1605619E-LeaderElection1] INFO  server.RaftServerConfigKeys (ConfUtils.java:logGet(46)) - raft.server.write.element-limit = 4096 (default)
2023-04-19 02:32:12,208 [Listener at 127.0.0.1/42295] WARN  server.AuthenticationFilter (AuthenticationFilter.java:constructSecretProvider(240)) - Unable to initialize FileSignerSecretProvider, falling back to use random secrets. Reason: Could not read signature secret file: /home/runner/hadoop-http-auth-signature-secret
2023-04-19 02:32:12,209 [om1@group-C5BA1605619E-LeaderElection1] INFO  server.RaftServerConfigKeys (ConfUtils.java:logGet(46)) - raft.server.write.byte-limit = 64MB (=67108864) (default)
2023-04-19 02:32:12,214 [om1@group-C5BA1605619E-LeaderElection1] INFO  server.RaftServerConfigKeys (ConfUtils.java:logGet(46)) - raft.server.watch.timeout = 10s (default)
2023-04-19 02:32:12,214 [om1@group-C5BA1605619E-LeaderElection1] INFO  server.RaftServerConfigKeys (ConfUtils.java:logGet(46)) - raft.server.watch.timeout.denomination = 1s (default)
2023-04-19 02:32:12,216 [om1@group-C5BA1605619E-LeaderElection1] INFO  server.RaftServerConfigKeys (ConfUtils.java:logGet(46)) - raft.server.watch.element-limit = 65536 (default)
2023-04-19 02:32:12,217 [Listener at 127.0.0.1/42295] INFO  http.HttpRequestLog (HttpRequestLog.java:getRequestLog(86)) - Http request log for http.requests.hddsDatanode is not defined
2023-04-19 02:32:12,219 [Listener at 127.0.0.1/42295] INFO  http.HttpServer2 (HttpServer2.java:addGlobalFilter(1031)) - Added global filter 'safety' (class=org.apache.hadoop.hdds.server.http.HttpServer2$QuotingInputFilter)
2023-04-19 02:32:12,220 [Listener at 127.0.0.1/42295] INFO  http.HttpServer2 (HttpServer2.java:addFilter(1007)) - Added filter static_user_filter (class=org.apache.hadoop.http.lib.StaticUserWebFilter$StaticUserFilter) to context hddsDatanode
2023-04-19 02:32:12,220 [Listener at 127.0.0.1/42295] INFO  http.HttpServer2 (HttpServer2.java:addFilter(1015)) - Added filter static_user_filter (class=org.apache.hadoop.http.lib.StaticUserWebFilter$StaticUserFilter) to context logs
2023-04-19 02:32:12,220 [Listener at 127.0.0.1/42295] INFO  http.HttpServer2 (HttpServer2.java:addFilter(1015)) - Added filter static_user_filter (class=org.apache.hadoop.http.lib.StaticUserWebFilter$StaticUserFilter) to context static
2023-04-19 02:32:12,180 [8050b7c4-5854-4456-9ff4-a8181b586109-NettyServerStreamRpc-bossGroup--thread1] INFO  logging.LoggingHandler (AbstractInternalLogger.java:log(148)) - [id: 0x60c43963] REGISTERED
2023-04-19 02:32:12,224 [8050b7c4-5854-4456-9ff4-a8181b586109-NettyServerStreamRpc-bossGroup--thread1] INFO  logging.LoggingHandler (AbstractInternalLogger.java:log(148)) - [id: 0x60c43963] BIND: 0.0.0.0/0.0.0.0:0
2023-04-19 02:32:12,224 [8050b7c4-5854-4456-9ff4-a8181b586109-NettyServerStreamRpc-bossGroup--thread1] INFO  logging.LoggingHandler (AbstractInternalLogger.java:log(148)) - [id: 0x60c43963, L:/0:0:0:0:0:0:0:0:37915] ACTIVE
2023-04-19 02:32:12,230 [Listener at 127.0.0.1/42295] INFO  http.BaseHttpServer (BaseHttpServer.java:<init>(190)) - HTTP server of hddsDatanode uses base directory /home/runner/work/ozone/ozone/hadoop-ozone/integration-test/target/test-dir/MiniOzoneClusterImpl-4a8f3de1-6dc7-4495-8b56-1623617bdc2e/datanode-1/meta/webserver
2023-04-19 02:32:12,230 [Listener at 127.0.0.1/42295] INFO  http.HttpServer2 (HttpServer2.java:bindListener(1250)) - Jetty bound to port 35187
2023-04-19 02:32:12,231 [Listener at 127.0.0.1/42295] INFO  server.Server (Server.java:doStart(375)) - jetty-9.4.49.v20220914; built: 2022-09-14T01:07:36.601Z; git: 4231a3b2e4cb8548a412a789936d640a97b1aa0a; jvm 1.8.0_362-b09
2023-04-19 02:32:12,234 [om1@group-C5BA1605619E-LeaderElection1] INFO  server.RaftServerConfigKeys (ConfUtils.java:logGet(46)) - raft.server.write.element-limit = 4096 (default)
2023-04-19 02:32:12,236 [om1@group-C5BA1605619E-LeaderElection1] INFO  server.RaftServerConfigKeys (ConfUtils.java:logGet(46)) - raft.server.write.follower.gap.ratio.max = -1.0 (default)
2023-04-19 02:32:12,238 [om1@group-C5BA1605619E-LeaderElection1] INFO  impl.RoleInfo (RoleInfo.java:updateAndGet(139)) - om1: start om1@group-C5BA1605619E-LeaderStateImpl
2023-04-19 02:32:12,256 [Listener at 127.0.0.1/42295] INFO  server.session (DefaultSessionIdManager.java:doStart(334)) - DefaultSessionIdManager workerName=node0
2023-04-19 02:32:12,257 [Listener at 127.0.0.1/42295] INFO  server.session (DefaultSessionIdManager.java:doStart(339)) - No SessionScavenger set, using defaults
2023-04-19 02:32:12,257 [Listener at 127.0.0.1/42295] INFO  server.session (HouseKeeper.java:startScavenging(132)) - node0 Scavenging every 600000ms
2023-04-19 02:32:12,258 [Listener at 127.0.0.1/42295] INFO  handler.ContextHandler (ContextHandler.java:doStart(921)) - Started o.e.j.s.ServletContextHandler@5027e1ee{logs,/logs,file:///home/runner/work/ozone/ozone/hadoop-ozone/integration-test/target/log,AVAILABLE}
2023-04-19 02:32:12,258 [Listener at 127.0.0.1/42295] INFO  handler.ContextHandler (ContextHandler.java:doStart(921)) - Started o.e.j.s.ServletContextHandler@269e214{static,/static,jar:file:/home/runner/.m2/repository/org/apache/ozone/hdds-container-service/1.4.0-SNAPSHOT/hdds-container-service-1.4.0-SNAPSHOT.jar!/webapps/static,AVAILABLE}
2023-04-19 02:32:12,266 [Datanode State Machine Task Thread - 0] INFO  datanode.InitDatanodeState (InitDatanodeState.java:persistContainerDatanodeDetails(138)) - DatanodeDetails is persisted to /home/runner/work/ozone/ozone/hadoop-ozone/integration-test/target/test-dir/MiniOzoneClusterImpl-4a8f3de1-6dc7-4495-8b56-1623617bdc2e/datanode-0/meta/datanode.id
2023-04-19 02:32:12,268 [om1@group-C5BA1605619E-LeaderElection1] INFO  segmented.SegmentedRaftLogWorker (SegmentedRaftLogWorker.java:startLogSegment(452)) - om1@group-C5BA1605619E-SegmentedRaftLogWorker: Starting segment from index:0
2023-04-19 02:32:12,293 [SCMBlockDeletingService#0] DEBUG block.SCMBlockDeletingService (SCMBlockDeletingService.java:shouldRun(251)) - Check scm block delete run: false serviceStatus: PAUSING safemodeExitRunDelayMillis: 3000 alreadyWaitTimeInMillis: 1681871532293
2023-04-19 02:32:12,323 [om1@group-C5BA1605619E-LeaderElection1] INFO  server.RaftServer$Division (ServerState.java:setRaftConf(430)) - om1@group-C5BA1605619E: set configuration 0: peers:[om1|rpc:localhost:9872|admin:|client:|dataStream:|priority:0|startupRole:FOLLOWER]|listeners:[], old=null
2023-04-19 02:32:12,378 [om1@group-C5BA1605619E-SegmentedRaftLogWorker] INFO  segmented.SegmentedRaftLogWorker (SegmentedRaftLogWorker.java:execute(656)) - om1@group-C5BA1605619E-SegmentedRaftLogWorker: created new log segment /home/runner/work/ozone/ozone/hadoop-ozone/integration-test/target/test-dir/MiniOzoneClusterImpl-4a8f3de1-6dc7-4495-8b56-1623617bdc2e/ozone-meta/ratis/bf265839-605b-3f16-9796-c5ba1605619e/current/log_inprogress_0
2023-04-19 02:32:12,393 [SCMBlockDeletingService#0] DEBUG block.SCMBlockDeletingService (SCMBlockDeletingService.java:shouldRun(251)) - Check scm block delete run: false serviceStatus: PAUSING safemodeExitRunDelayMillis: 3000 alreadyWaitTimeInMillis: 1681871532393
2023-04-19 02:32:12,489 [om1@group-C5BA1605619E-StateMachineUpdater] INFO  ratis.OzoneManagerStateMachine (OzoneManagerStateMachine.java:notifyConfigurationChanged(200)) - Received Configuration change notification from Ratis. New Peer list:
[id: "om1"
address: "localhost:9872"
startupRole: FOLLOWER
]
2023-04-19 02:32:12,493 [SCMBlockDeletingService#0] DEBUG block.SCMBlockDeletingService (SCMBlockDeletingService.java:shouldRun(251)) - Check scm block delete run: false serviceStatus: PAUSING safemodeExitRunDelayMillis: 3000 alreadyWaitTimeInMillis: 1681871532493
2023-04-19 02:32:12,549 [Listener at 127.0.0.1/42295] INFO  handler.ContextHandler (ContextHandler.java:doStart(921)) - Started o.e.j.w.WebAppContext@ba27c12{hddsDatanode,/,file:///home/runner/work/ozone/ozone/hadoop-ozone/integration-test/target/test-dir/MiniOzoneClusterImpl-4a8f3de1-6dc7-4495-8b56-1623617bdc2e/datanode-1/meta/webserver/jetty-0_0_0_0-35187-hdds-container-service-1_4_0-SNAPSHOT_jar-_-any-3760636532709872222/webapp/,AVAILABLE}{jar:file:/home/runner/.m2/repository/org/apache/ozone/hdds-container-service/1.4.0-SNAPSHOT/hdds-container-service-1.4.0-SNAPSHOT.jar!/webapps/hddsDatanode}
2023-04-19 02:32:12,550 [Listener at 127.0.0.1/42295] INFO  server.AbstractConnector (AbstractConnector.java:doStart(333)) - Started ServerConnector@541439f4{HTTP/1.1, (http/1.1)}{0.0.0.0:35187}
2023-04-19 02:32:12,550 [Listener at 127.0.0.1/42295] INFO  server.Server (Server.java:doStart(415)) - Started @8558ms
2023-04-19 02:32:12,550 [Listener at 127.0.0.1/42295] WARN  impl.MetricsSystemImpl (MetricsSystemImpl.java:register(279)) - Sink prometheus already exists!
2023-04-19 02:32:12,551 [Listener at 127.0.0.1/42295] INFO  http.BaseHttpServer (BaseHttpServer.java:updateConnectorAddress(344)) - HTTP server of hddsDatanode listening at http://0.0.0.0:35187
2023-04-19 02:32:12,552 [Listener at 127.0.0.1/42295] WARN  impl.MetricRegistriesImpl (MetricRegistriesImpl.java:addReporterRegistration(111)) - New reporters are added after registries were created. Some metrics will be missing from the reporter. Please add reporter before adding any new registry.
2023-04-19 02:32:12,552 [Listener at 127.0.0.1/42295] WARN  impl.MetricRegistriesImpl (MetricRegistriesImpl.java:addReporterRegistration(111)) - New reporters are added after registries were created. Some metrics will be missing from the reporter. Please add reporter before adding any new registry.
2023-04-19 02:32:12,552 [Listener at 127.0.0.1/42295] INFO  impl.MetricsSystemImpl (MetricsSystemImpl.java:init(158)) - HddsDatanode metrics system started (again)
2023-04-19 02:32:12,559 [Datanode State Machine Daemon Thread] INFO  statemachine.DatanodeStateMachine (DatanodeStateMachine.java:lambda$startDaemon$0(517)) - Ozone container server started.
2023-04-19 02:32:12,565 [Listener at 127.0.0.1/42295] INFO  ozone.HddsDatanodeService (HddsDatanodeService.java:start(252)) - HddsDatanodeService host:fv-az127-56.h3uyzbqov44edfyrgkjongjtha.bx.internal.cloudapp.net ip:10.1.164.0
2023-04-19 02:32:12,567 [org.apache.hadoop.util.JvmPauseMonitor$Monitor@63d07580] INFO  util.JvmPauseMonitor (JvmPauseMonitor.java:run(188)) - Starting JVM pause monitor
2023-04-19 02:32:12,577 [Datanode State Machine Task Thread - 0] INFO  datanode.InitDatanodeState (InitDatanodeState.java:persistContainerDatanodeDetails(138)) - DatanodeDetails is persisted to /home/runner/work/ozone/ozone/hadoop-ozone/integration-test/target/test-dir/MiniOzoneClusterImpl-4a8f3de1-6dc7-4495-8b56-1623617bdc2e/datanode-1/meta/datanode.id
2023-04-19 02:32:12,593 [Listener at 127.0.0.1/42295] INFO  upgrade.AbstractLayoutVersionManager (AbstractLayoutVersionManager.java:init(83)) - Initializing Layout version manager with metadata layout = WEBUI_PORTS_IN_DATANODEDETAILS (version = 6), software layout = WEBUI_PORTS_IN_DATANODEDETAILS (version = 6)
2023-04-19 02:32:12,593 [SCMBlockDeletingService#0] DEBUG block.SCMBlockDeletingService (SCMBlockDeletingService.java:shouldRun(251)) - Check scm block delete run: false serviceStatus: PAUSING safemodeExitRunDelayMillis: 3000 alreadyWaitTimeInMillis: 1681871532593
2023-04-19 02:32:12,652 [Listener at 127.0.0.1/42295] INFO  reflections.Reflections (Reflections.java:scan(232)) - Reflections took 58 ms to scan 7 urls, producing 156 keys and 369 values 
2023-04-19 02:32:12,656 [Listener at 127.0.0.1/42295] INFO  statemachine.DatanodeStateMachine (DatanodeStateMachine.java:getEndPointTaskThreadPoolSize(260)) - Datanode State Machine Task Thread Pool size 2
2023-04-19 02:32:12,662 [Listener at 127.0.0.1/42295] INFO  volume.HddsVolume (HddsVolume.java:<init>(130)) - Creating HddsVolume: /home/runner/work/ozone/ozone/hadoop-ozone/integration-test/target/test-dir/MiniOzoneClusterImpl-4a8f3de1-6dc7-4495-8b56-1623617bdc2e/datanode-2/data-0/containers/hdds of storage type : DISK capacity : 9223372036854775807
2023-04-19 02:32:12,662 [Listener at 127.0.0.1/42295] INFO  volume.MutableVolumeSet (MutableVolumeSet.java:initializeVolumeSet(175)) - Added Volume : /home/runner/work/ozone/ozone/hadoop-ozone/integration-test/target/test-dir/MiniOzoneClusterImpl-4a8f3de1-6dc7-4495-8b56-1623617bdc2e/datanode-2/data-0/containers/hdds to VolumeSet
2023-04-19 02:32:12,662 [Listener at 127.0.0.1/42295] INFO  volume.ThrottledAsyncChecker (ThrottledAsyncChecker.java:schedule(141)) - Scheduling a check for /home/runner/work/ozone/ozone/hadoop-ozone/integration-test/target/test-dir/MiniOzoneClusterImpl-4a8f3de1-6dc7-4495-8b56-1623617bdc2e/datanode-2/data-0/containers/hdds
2023-04-19 02:32:12,663 [Listener at 127.0.0.1/42295] INFO  volume.StorageVolumeChecker (StorageVolumeChecker.java:checkAllVolumes(202)) - Scheduled health check for volume /home/runner/work/ozone/ozone/hadoop-ozone/integration-test/target/test-dir/MiniOzoneClusterImpl-4a8f3de1-6dc7-4495-8b56-1623617bdc2e/datanode-2/data-0/containers/hdds
2023-04-19 02:32:12,680 [Listener at 127.0.0.1/42295] INFO  volume.MutableVolumeSet (MutableVolumeSet.java:initializeVolumeSet(175)) - Added Volume : /home/runner/work/ozone/ozone/hadoop-ozone/integration-test/target/test-dir/MiniOzoneClusterImpl-4a8f3de1-6dc7-4495-8b56-1623617bdc2e/datanode-2/data/ratis to VolumeSet
2023-04-19 02:32:12,680 [Listener at 127.0.0.1/42295] INFO  volume.ThrottledAsyncChecker (ThrottledAsyncChecker.java:schedule(141)) - Scheduling a check for /home/runner/work/ozone/ozone/hadoop-ozone/integration-test/target/test-dir/MiniOzoneClusterImpl-4a8f3de1-6dc7-4495-8b56-1623617bdc2e/datanode-2/data/ratis
2023-04-19 02:32:12,681 [Listener at 127.0.0.1/42295] INFO  volume.StorageVolumeChecker (StorageVolumeChecker.java:checkAllVolumes(202)) - Scheduled health check for volume /home/runner/work/ozone/ozone/hadoop-ozone/integration-test/target/test-dir/MiniOzoneClusterImpl-4a8f3de1-6dc7-4495-8b56-1623617bdc2e/datanode-2/data/ratis
2023-04-19 02:32:12,693 [SCMBlockDeletingService#0] DEBUG block.SCMBlockDeletingService (SCMBlockDeletingService.java:shouldRun(251)) - Check scm block delete run: false serviceStatus: PAUSING safemodeExitRunDelayMillis: 3000 alreadyWaitTimeInMillis: 1681871532693
2023-04-19 02:32:12,694 [Thread-168] INFO  ozoneimpl.ContainerReader (ContainerReader.java:readVolume(175)) - Finish verifying containers on volume /home/runner/work/ozone/ozone/hadoop-ozone/integration-test/target/test-dir/MiniOzoneClusterImpl-4a8f3de1-6dc7-4495-8b56-1623617bdc2e/datanode-2/data-0/containers/hdds
2023-04-19 02:32:12,694 [Listener at 127.0.0.1/42295] INFO  ozoneimpl.OzoneContainer (OzoneContainer.java:buildContainerSet(303)) - Build ContainerSet costs 0s
2023-04-19 02:32:12,699 [Listener at 127.0.0.1/42295] INFO  server.RaftServer (ConfUtils.java:logGet(46)) - raft.rpc.type = GRPC (default)
2023-04-19 02:32:12,699 [Listener at 127.0.0.1/42295] INFO  grpc.GrpcConfigKeys (ConfUtils.java:logFallback(53)) - raft.grpc.admin.host = null (fallback to raft.grpc.server.host)
2023-04-19 02:32:12,700 [Listener at 127.0.0.1/42295] INFO  grpc.GrpcConfigKeys (ConfUtils.java:logGet(46)) - raft.grpc.admin.port = 0 (custom)
2023-04-19 02:32:12,700 [Listener at 127.0.0.1/42295] INFO  grpc.GrpcConfigKeys (ConfUtils.java:logFallback(53)) - raft.grpc.client.host = null (fallback to raft.grpc.server.host)
2023-04-19 02:32:12,700 [Listener at 127.0.0.1/42295] INFO  grpc.GrpcConfigKeys (ConfUtils.java:logGet(46)) - raft.grpc.client.port = 0 (custom)
2023-04-19 02:32:12,700 [Listener at 127.0.0.1/42295] INFO  grpc.GrpcConfigKeys (ConfUtils.java:logGet(46)) - raft.grpc.server.host = null (default)
2023-04-19 02:32:12,700 [Listener at 127.0.0.1/42295] INFO  grpc.GrpcConfigKeys (ConfUtils.java:logGet(46)) - raft.grpc.server.port = 0 (default)
2023-04-19 02:32:12,700 [Listener at 127.0.0.1/42295] INFO  server.GrpcService (ConfUtils.java:logGet(46)) - raft.grpc.message.size.max = 32MB (=33554432) (custom)
2023-04-19 02:32:12,701 [Listener at 127.0.0.1/42295] INFO  server.RaftServerConfigKeys (ConfUtils.java:logGet(46)) - raft.server.log.appender.buffer.byte-limit = 33554432 (custom)
2023-04-19 02:32:12,701 [Listener at 127.0.0.1/42295] INFO  server.GrpcService (ConfUtils.java:logGet(46)) - raft.grpc.flow.control.window = 5MB (=5242880) (custom)
2023-04-19 02:32:12,701 [Listener at 127.0.0.1/42295] INFO  server.RaftServerConfigKeys (ConfUtils.java:logGet(46)) - raft.server.rpc.request.timeout = 60s (custom)
2023-04-19 02:32:12,701 [Listener at 127.0.0.1/42295] INFO  grpc.GrpcConfigKeys (ConfUtils.java:logGet(46)) - raft.grpc.server.heartbeat.channel = true (default)
2023-04-19 02:32:12,701 [Listener at 127.0.0.1/42295] INFO  grpc.GrpcConfigKeys (ConfUtils.java:logGet(46)) - raft.grpc.server.async.request.thread.pool.cached = true (default)
2023-04-19 02:32:12,701 [Listener at 127.0.0.1/42295] INFO  grpc.GrpcConfigKeys (ConfUtils.java:logGet(46)) - raft.grpc.server.async.request.thread.pool.size = 32 (default)
2023-04-19 02:32:12,703 [Listener at 127.0.0.1/42295] INFO  impl.DataStreamServerImpl (ConfUtils.java:logGet(46)) - raft.datastream.type = NETTY (custom)
2023-04-19 02:32:12,703 [Listener at 127.0.0.1/42295] INFO  server.RaftServerConfigKeys (ConfUtils.java:logGet(46)) - raft.server.data-stream.async.request.thread.pool.cached = false (default)
2023-04-19 02:32:12,704 [Listener at 127.0.0.1/42295] INFO  server.RaftServerConfigKeys (ConfUtils.java:logGet(46)) - raft.server.data-stream.async.request.thread.pool.size = 20 (custom)
2023-04-19 02:32:12,704 [Listener at 127.0.0.1/42295] INFO  server.RaftServerConfigKeys (ConfUtils.java:logGet(46)) - raft.server.data-stream.async.write.thread.pool.size = 16 (default)
2023-04-19 02:32:12,704 [Listener at 127.0.0.1/42295] INFO  server.RaftServerConfigKeys (ConfUtils.java:logGet(46)) - raft.server.data-stream.client.pool.size = 10 (default)
2023-04-19 02:32:12,704 [Listener at 127.0.0.1/42295] INFO  netty.NettyConfigKeys$DataStream (ConfUtils.java:logGet(46)) - raft.netty.dataStream.server.use-epoll = false (default)
2023-04-19 02:32:12,704 [Listener at 127.0.0.1/42295] INFO  netty.NettyConfigKeys$DataStream (ConfUtils.java:logGet(46)) - raft.netty.dataStream.server.boss-group.size = 0 (default)
2023-04-19 02:32:12,705 [Listener at 127.0.0.1/42295] INFO  netty.NettyConfigKeys$DataStream (ConfUtils.java:logGet(46)) - raft.netty.dataStream.server.worker-group.size = 0 (default)
2023-04-19 02:32:12,705 [Listener at 127.0.0.1/42295] INFO  netty.NettyConfigKeys$DataStream (ConfUtils.java:logGet(46)) - raft.netty.dataStream.server.tls.conf = null (default)
2023-04-19 02:32:12,705 [Listener at 127.0.0.1/42295] INFO  netty.NettyConfigKeys$DataStream (ConfUtils.java:logGet(46)) - raft.netty.dataStream.host = null (default)
2023-04-19 02:32:12,706 [Listener at 127.0.0.1/42295] INFO  netty.NettyConfigKeys$DataStream (ConfUtils.java:logGet(46)) - raft.netty.dataStream.port = 0 (default)
2023-04-19 02:32:12,706 [Listener at 127.0.0.1/42295] INFO  server.RaftServerConfigKeys (ConfUtils.java:logGet(46)) - raft.server.threadpool.proxy.cached = true (default)
2023-04-19 02:32:12,706 [Listener at 127.0.0.1/42295] INFO  server.RaftServerConfigKeys (ConfUtils.java:logGet(46)) - raft.server.threadpool.proxy.size = 0 (default)
2023-04-19 02:32:12,706 [Listener at 127.0.0.1/42295] INFO  server.RaftServerConfigKeys (ConfUtils.java:logGet(46)) - raft.server.rpc.slowness.timeout = 300s (custom)
2023-04-19 02:32:12,707 [Listener at 127.0.0.1/42295] INFO  server.RaftServerConfigKeys (ConfUtils.java:logGet(46)) - raft.server.leaderelection.leader.step-down.wait-time = 10s (default)
2023-04-19 02:32:12,707 [Listener at 127.0.0.1/42295] INFO  server.RaftServerConfigKeys (ConfUtils.java:logGet(46)) - raft.server.storage.dir = [/home/runner/work/ozone/ozone/hadoop-ozone/integration-test/target/test-dir/MiniOzoneClusterImpl-4a8f3de1-6dc7-4495-8b56-1623617bdc2e/datanode-2/data/ratis] (custom)
2023-04-19 02:32:12,709 [Listener at 127.0.0.1/42295] INFO  server.XceiverServerGrpc (XceiverServerGrpc.java:<init>(132)) - GrpcServer channel type EpollServerSocketChannel
2023-04-19 02:32:12,720 [209e8f7b-7310-4c05-bc4d-708a2d801edb-NettyServerStreamRpc-bossGroup--thread1] INFO  logging.LoggingHandler (AbstractInternalLogger.java:log(148)) - [id: 0x95dc8c09] REGISTERED
2023-04-19 02:32:12,720 [209e8f7b-7310-4c05-bc4d-708a2d801edb-NettyServerStreamRpc-bossGroup--thread1] INFO  logging.LoggingHandler (AbstractInternalLogger.java:log(148)) - [id: 0x95dc8c09] BIND: 0.0.0.0/0.0.0.0:0
2023-04-19 02:32:12,721 [209e8f7b-7310-4c05-bc4d-708a2d801edb-NettyServerStreamRpc-bossGroup--thread1] INFO  logging.LoggingHandler (AbstractInternalLogger.java:log(148)) - [id: 0x95dc8c09, L:/0:0:0:0:0:0:0:0:46227] ACTIVE
2023-04-19 02:32:12,723 [Listener at 127.0.0.1/42295] INFO  http.BaseHttpServer (BaseHttpServer.java:newHttpServer2BuilderForOzone(224)) - Starting Web-server for hddsDatanode at: http://0.0.0.0:0
2023-04-19 02:32:12,723 [Listener at 127.0.0.1/42295] INFO  http.BaseHttpServer (BaseHttpServer.java:<init>(111)) - Hadoop Security Enabled: false Ozone Security Enabled: false Ozone HTTP Security Enabled: false 
2023-04-19 02:32:12,724 [Listener at 127.0.0.1/42295] WARN  server.AuthenticationFilter (AuthenticationFilter.java:constructSecretProvider(240)) - Unable to initialize FileSignerSecretProvider, falling back to use random secrets. Reason: Could not read signature secret file: /home/runner/hadoop-http-auth-signature-secret
2023-04-19 02:32:12,726 [Listener at 127.0.0.1/42295] INFO  http.HttpRequestLog (HttpRequestLog.java:getRequestLog(86)) - Http request log for http.requests.hddsDatanode is not defined
2023-04-19 02:32:12,727 [Listener at 127.0.0.1/42295] INFO  http.HttpServer2 (HttpServer2.java:addGlobalFilter(1031)) - Added global filter 'safety' (class=org.apache.hadoop.hdds.server.http.HttpServer2$QuotingInputFilter)
2023-04-19 02:32:12,728 [Listener at 127.0.0.1/42295] INFO  http.HttpServer2 (HttpServer2.java:addFilter(1007)) - Added filter static_user_filter (class=org.apache.hadoop.http.lib.StaticUserWebFilter$StaticUserFilter) to context hddsDatanode
2023-04-19 02:32:12,728 [Listener at 127.0.0.1/42295] INFO  http.HttpServer2 (HttpServer2.java:addFilter(1015)) - Added filter static_user_filter (class=org.apache.hadoop.http.lib.StaticUserWebFilter$StaticUserFilter) to context static
2023-04-19 02:32:12,728 [Listener at 127.0.0.1/42295] INFO  http.HttpServer2 (HttpServer2.java:addFilter(1015)) - Added filter static_user_filter (class=org.apache.hadoop.http.lib.StaticUserWebFilter$StaticUserFilter) to context logs
2023-04-19 02:32:12,729 [Listener at 127.0.0.1/42295] INFO  http.BaseHttpServer (BaseHttpServer.java:<init>(190)) - HTTP server of hddsDatanode uses base directory /home/runner/work/ozone/ozone/hadoop-ozone/integration-test/target/test-dir/MiniOzoneClusterImpl-4a8f3de1-6dc7-4495-8b56-1623617bdc2e/datanode-2/meta/webserver
2023-04-19 02:32:12,729 [Listener at 127.0.0.1/42295] INFO  http.HttpServer2 (HttpServer2.java:bindListener(1250)) - Jetty bound to port 36421
2023-04-19 02:32:12,729 [Listener at 127.0.0.1/42295] INFO  server.Server (Server.java:doStart(375)) - jetty-9.4.49.v20220914; built: 2022-09-14T01:07:36.601Z; git: 4231a3b2e4cb8548a412a789936d640a97b1aa0a; jvm 1.8.0_362-b09
2023-04-19 02:32:12,733 [Listener at 127.0.0.1/42295] INFO  server.session (DefaultSessionIdManager.java:doStart(334)) - DefaultSessionIdManager workerName=node0
2023-04-19 02:32:12,734 [Listener at 127.0.0.1/42295] INFO  server.session (DefaultSessionIdManager.java:doStart(339)) - No SessionScavenger set, using defaults
2023-04-19 02:32:12,734 [Listener at 127.0.0.1/42295] INFO  server.session (HouseKeeper.java:startScavenging(132)) - node0 Scavenging every 660000ms
2023-04-19 02:32:12,735 [Listener at 127.0.0.1/42295] INFO  handler.ContextHandler (ContextHandler.java:doStart(921)) - Started o.e.j.s.ServletContextHandler@79229358{logs,/logs,file:///home/runner/work/ozone/ozone/hadoop-ozone/integration-test/target/log,AVAILABLE}
2023-04-19 02:32:12,735 [Listener at 127.0.0.1/42295] INFO  handler.ContextHandler (ContextHandler.java:doStart(921)) - Started o.e.j.s.ServletContextHandler@18a79b9f{static,/static,jar:file:/home/runner/.m2/repository/org/apache/ozone/hdds-container-service/1.4.0-SNAPSHOT/hdds-container-service-1.4.0-SNAPSHOT.jar!/webapps/static,AVAILABLE}
2023-04-19 02:32:12,793 [SCMBlockDeletingService#0] DEBUG block.SCMBlockDeletingService (SCMBlockDeletingService.java:shouldRun(251)) - Check scm block delete run: false serviceStatus: PAUSING safemodeExitRunDelayMillis: 3000 alreadyWaitTimeInMillis: 1681871532793
2023-04-19 02:32:12,893 [SCMBlockDeletingService#0] DEBUG block.SCMBlockDeletingService (SCMBlockDeletingService.java:shouldRun(251)) - Check scm block delete run: false serviceStatus: PAUSING safemodeExitRunDelayMillis: 3000 alreadyWaitTimeInMillis: 1681871532893
2023-04-19 02:32:12,936 [Listener at 127.0.0.1/42295] INFO  handler.ContextHandler (ContextHandler.java:doStart(921)) - Started o.e.j.w.WebAppContext@323ab952{hddsDatanode,/,file:///home/runner/work/ozone/ozone/hadoop-ozone/integration-test/target/test-dir/MiniOzoneClusterImpl-4a8f3de1-6dc7-4495-8b56-1623617bdc2e/datanode-2/meta/webserver/jetty-0_0_0_0-36421-hdds-container-service-1_4_0-SNAPSHOT_jar-_-any-6699743290009506059/webapp/,AVAILABLE}{jar:file:/home/runner/.m2/repository/org/apache/ozone/hdds-container-service/1.4.0-SNAPSHOT/hdds-container-service-1.4.0-SNAPSHOT.jar!/webapps/hddsDatanode}
2023-04-19 02:32:12,938 [Listener at 127.0.0.1/42295] INFO  server.AbstractConnector (AbstractConnector.java:doStart(333)) - Started ServerConnector@4386305c{HTTP/1.1, (http/1.1)}{0.0.0.0:36421}
2023-04-19 02:32:12,938 [Listener at 127.0.0.1/42295] INFO  server.Server (Server.java:doStart(415)) - Started @8946ms
2023-04-19 02:32:12,938 [Listener at 127.0.0.1/42295] WARN  impl.MetricsSystemImpl (MetricsSystemImpl.java:register(279)) - Sink prometheus already exists!
2023-04-19 02:32:12,939 [Listener at 127.0.0.1/42295] INFO  http.BaseHttpServer (BaseHttpServer.java:updateConnectorAddress(344)) - HTTP server of hddsDatanode listening at http://0.0.0.0:36421
2023-04-19 02:32:12,940 [Datanode State Machine Daemon Thread] INFO  statemachine.DatanodeStateMachine (DatanodeStateMachine.java:lambda$startDaemon$0(517)) - Ozone container server started.
2023-04-19 02:32:12,942 [Listener at 127.0.0.1/42295] INFO  ozone.MiniOzoneClusterImpl (MiniOzoneClusterImpl.java:lambda$waitForClusterToBeReady$0(222)) - Waiting for nodes to be ready. Got 0 of 3 DN Heartbeats.
2023-04-19 02:32:12,942 [Listener at 127.0.0.1/42295] INFO  ozone.MiniOzoneClusterImpl (MiniOzoneClusterImpl.java:lambda$waitForClusterToBeReady$0(225)) - Waiting for cluster to exit safe mode
2023-04-19 02:32:12,942 [Listener at 127.0.0.1/42295] INFO  ozone.MiniOzoneClusterImpl (MiniOzoneClusterImpl.java:lambda$waitForClusterToBeReady$0(227)) - SCM became leader
2023-04-19 02:32:12,954 [org.apache.hadoop.util.JvmPauseMonitor$Monitor@4771932d] INFO  util.JvmPauseMonitor (JvmPauseMonitor.java:run(188)) - Starting JVM pause monitor
2023-04-19 02:32:12,960 [Datanode State Machine Task Thread - 0] INFO  datanode.InitDatanodeState (InitDatanodeState.java:persistContainerDatanodeDetails(138)) - DatanodeDetails is persisted to /home/runner/work/ozone/ozone/hadoop-ozone/integration-test/target/test-dir/MiniOzoneClusterImpl-4a8f3de1-6dc7-4495-8b56-1623617bdc2e/datanode-2/meta/datanode.id
2023-04-19 02:32:12,994 [SCMBlockDeletingService#0] DEBUG block.SCMBlockDeletingService (SCMBlockDeletingService.java:shouldRun(251)) - Check scm block delete run: false serviceStatus: PAUSING safemodeExitRunDelayMillis: 3000 alreadyWaitTimeInMillis: 1681871532993
2023-04-19 02:32:13,094 [SCMBlockDeletingService#0] DEBUG block.SCMBlockDeletingService (SCMBlockDeletingService.java:shouldRun(251)) - Check scm block delete run: false serviceStatus: PAUSING safemodeExitRunDelayMillis: 3000 alreadyWaitTimeInMillis: 1681871533094
2023-04-19 02:32:13,194 [SCMBlockDeletingService#0] DEBUG block.SCMBlockDeletingService (SCMBlockDeletingService.java:shouldRun(251)) - Check scm block delete run: false serviceStatus: PAUSING safemodeExitRunDelayMillis: 3000 alreadyWaitTimeInMillis: 1681871533194
2023-04-19 02:32:13,294 [SCMBlockDeletingService#0] DEBUG block.SCMBlockDeletingService (SCMBlockDeletingService.java:shouldRun(251)) - Check scm block delete run: false serviceStatus: PAUSING safemodeExitRunDelayMillis: 3000 alreadyWaitTimeInMillis: 1681871533294
2023-04-19 02:32:13,394 [SCMBlockDeletingService#0] DEBUG block.SCMBlockDeletingService (SCMBlockDeletingService.java:shouldRun(251)) - Check scm block delete run: false serviceStatus: PAUSING safemodeExitRunDelayMillis: 3000 alreadyWaitTimeInMillis: 1681871533394
2023-04-19 02:32:13,494 [SCMBlockDeletingService#0] DEBUG block.SCMBlockDeletingService (SCMBlockDeletingService.java:shouldRun(251)) - Check scm block delete run: false serviceStatus: PAUSING safemodeExitRunDelayMillis: 3000 alreadyWaitTimeInMillis: 1681871533494
2023-04-19 02:32:13,595 [SCMBlockDeletingService#0] DEBUG block.SCMBlockDeletingService (SCMBlockDeletingService.java:shouldRun(251)) - Check scm block delete run: false serviceStatus: PAUSING safemodeExitRunDelayMillis: 3000 alreadyWaitTimeInMillis: 1681871533595
2023-04-19 02:32:13,695 [SCMBlockDeletingService#0] DEBUG block.SCMBlockDeletingService (SCMBlockDeletingService.java:shouldRun(251)) - Check scm block delete run: false serviceStatus: PAUSING safemodeExitRunDelayMillis: 3000 alreadyWaitTimeInMillis: 1681871533695
2023-04-19 02:32:13,795 [SCMBlockDeletingService#0] DEBUG block.SCMBlockDeletingService (SCMBlockDeletingService.java:shouldRun(251)) - Check scm block delete run: false serviceStatus: PAUSING safemodeExitRunDelayMillis: 3000 alreadyWaitTimeInMillis: 1681871533795
2023-04-19 02:32:13,895 [SCMBlockDeletingService#0] DEBUG block.SCMBlockDeletingService (SCMBlockDeletingService.java:shouldRun(251)) - Check scm block delete run: false serviceStatus: PAUSING safemodeExitRunDelayMillis: 3000 alreadyWaitTimeInMillis: 1681871533895
2023-04-19 02:32:13,943 [Listener at 127.0.0.1/42295] INFO  ozone.MiniOzoneClusterImpl (MiniOzoneClusterImpl.java:lambda$waitForClusterToBeReady$0(222)) - Waiting for nodes to be ready. Got 0 of 3 DN Heartbeats.
2023-04-19 02:32:13,943 [Listener at 127.0.0.1/42295] INFO  ozone.MiniOzoneClusterImpl (MiniOzoneClusterImpl.java:lambda$waitForClusterToBeReady$0(225)) - Waiting for cluster to exit safe mode
2023-04-19 02:32:13,943 [Listener at 127.0.0.1/42295] INFO  ozone.MiniOzoneClusterImpl (MiniOzoneClusterImpl.java:lambda$waitForClusterToBeReady$0(227)) - SCM became leader
2023-04-19 02:32:13,995 [SCMBlockDeletingService#0] DEBUG block.SCMBlockDeletingService (SCMBlockDeletingService.java:shouldRun(251)) - Check scm block delete run: false serviceStatus: PAUSING safemodeExitRunDelayMillis: 3000 alreadyWaitTimeInMillis: 1681871533995
2023-04-19 02:32:14,095 [SCMBlockDeletingService#0] DEBUG block.SCMBlockDeletingService (SCMBlockDeletingService.java:shouldRun(251)) - Check scm block delete run: false serviceStatus: PAUSING safemodeExitRunDelayMillis: 3000 alreadyWaitTimeInMillis: 1681871534095
2023-04-19 02:32:14,098 [EndpointStateMachine task thread for /0.0.0.0:45569 - 0 ] INFO  utils.DatanodeStoreCache (DatanodeStoreCache.java:addDB(58)) - Added db /home/runner/work/ozone/ozone/hadoop-ozone/integration-test/target/test-dir/MiniOzoneClusterImpl-4a8f3de1-6dc7-4495-8b56-1623617bdc2e/datanode-0/data-0/containers/hdds/4a8f3de1-6dc7-4495-8b56-1623617bdc2e/DS-e92031bf-28cd-405a-9c69-77b434f644a8/container.db to cache
2023-04-19 02:32:14,098 [EndpointStateMachine task thread for /0.0.0.0:45569 - 0 ] INFO  volume.HddsVolume (HddsVolume.java:createDbStore(350)) - SchemaV3 db is created and loaded at /home/runner/work/ozone/ozone/hadoop-ozone/integration-test/target/test-dir/MiniOzoneClusterImpl-4a8f3de1-6dc7-4495-8b56-1623617bdc2e/datanode-0/data-0/containers/hdds/4a8f3de1-6dc7-4495-8b56-1623617bdc2e/DS-e92031bf-28cd-405a-9c69-77b434f644a8/container.db for volume DS-e92031bf-28cd-405a-9c69-77b434f644a8
2023-04-19 02:32:14,100 [EndpointStateMachine task thread for /0.0.0.0:45569 - 0 ] INFO  ozoneimpl.OzoneContainer (OzoneContainer.java:start(397)) - Attempting to start container services.
2023-04-19 02:32:14,103 [EndpointStateMachine task thread for /0.0.0.0:45569 - 0 ] INFO  ozoneimpl.OzoneContainer (OzoneContainer.java:startContainerScrub(314)) - Scheduled background container scanners and the on-demand container scanner have been disabled.
2023-04-19 02:32:14,107 [EndpointStateMachine task thread for /0.0.0.0:45569 - 0 ] INFO  replication.ReplicationServer (ReplicationServer.java:start(109)) - ReplicationServer is started using port 38727
2023-04-19 02:32:14,108 [EndpointStateMachine task thread for /0.0.0.0:45569 - 0 ] INFO  ratis.XceiverServerRatis (XceiverServerRatis.java:start(517)) - Starting XceiverServerRatis 14fab107-599d-4166-92e2-a49b96c274c4
2023-04-19 02:32:14,108 [EndpointStateMachine task thread for /0.0.0.0:45569 - 0 ] INFO  server.RaftServer (RaftServerProxy.java:startImpl(393)) - 14fab107-599d-4166-92e2-a49b96c274c4: start RPC server
2023-04-19 02:32:14,111 [EndpointStateMachine task thread for /0.0.0.0:45569 - 0 ] INFO  server.GrpcService (GrpcService.java:startImpl(262)) - 14fab107-599d-4166-92e2-a49b96c274c4: GrpcService started, listening on 42111
2023-04-19 02:32:14,111 [EndpointStateMachine task thread for /0.0.0.0:45569 - 0 ] INFO  ratis.XceiverServerRatis (XceiverServerRatis.java:getRealPort(543)) - XceiverServerRatis 14fab107-599d-4166-92e2-a49b96c274c4 is started using port 42111 for RATIS
2023-04-19 02:32:14,112 [EndpointStateMachine task thread for /0.0.0.0:45569 - 0 ] INFO  ratis.XceiverServerRatis (XceiverServerRatis.java:getRealPort(543)) - XceiverServerRatis 14fab107-599d-4166-92e2-a49b96c274c4 is started using port 42111 for RATIS_ADMIN
2023-04-19 02:32:14,112 [EndpointStateMachine task thread for /0.0.0.0:45569 - 0 ] INFO  ratis.XceiverServerRatis (XceiverServerRatis.java:getRealPort(543)) - XceiverServerRatis 14fab107-599d-4166-92e2-a49b96c274c4 is started using port 42111 for RATIS_SERVER
2023-04-19 02:32:14,112 [EndpointStateMachine task thread for /0.0.0.0:45569 - 0 ] INFO  ratis.XceiverServerRatis (XceiverServerRatis.java:getRealPort(543)) - XceiverServerRatis 14fab107-599d-4166-92e2-a49b96c274c4 is started using port 40843 for RATIS_DATASTREAM
2023-04-19 02:32:14,111 [JvmPauseMonitor1] INFO  util.JvmPauseMonitor (JvmPauseMonitor.java:run(105)) - JvmPauseMonitor-14fab107-599d-4166-92e2-a49b96c274c4: Started
2023-04-19 02:32:14,114 [EndpointStateMachine task thread for /0.0.0.0:45569 - 0 ] INFO  server.XceiverServerGrpc (XceiverServerGrpc.java:start(180)) - XceiverServerGrpc 14fab107-599d-4166-92e2-a49b96c274c4 is started using port 38581
2023-04-19 02:32:14,121 [BlockDeletingService#0] INFO  interfaces.ContainerDeletionChoosingPolicyTemplate (ContainerDeletionChoosingPolicyTemplate.java:chooseContainerForBlockDeletion(83)) - Chosen 0/5000 blocks from 0 candidate containers.
2023-04-19 02:32:14,195 [SCMBlockDeletingService#0] DEBUG block.SCMBlockDeletingService (SCMBlockDeletingService.java:shouldRun(251)) - Check scm block delete run: false serviceStatus: PAUSING safemodeExitRunDelayMillis: 3000 alreadyWaitTimeInMillis: 1681871534195
2023-04-19 02:32:14,222 [BlockDeletingService#0] INFO  interfaces.ContainerDeletionChoosingPolicyTemplate (ContainerDeletionChoosingPolicyTemplate.java:chooseContainerForBlockDeletion(83)) - Chosen 0/5000 blocks from 0 candidate containers.
2023-04-19 02:32:14,295 [SCMBlockDeletingService#0] DEBUG block.SCMBlockDeletingService (SCMBlockDeletingService.java:shouldRun(251)) - Check scm block delete run: false serviceStatus: PAUSING safemodeExitRunDelayMillis: 3000 alreadyWaitTimeInMillis: 1681871534295
2023-04-19 02:32:14,322 [BlockDeletingService#0] INFO  interfaces.ContainerDeletionChoosingPolicyTemplate (ContainerDeletionChoosingPolicyTemplate.java:chooseContainerForBlockDeletion(83)) - Chosen 0/5000 blocks from 0 candidate containers.
2023-04-19 02:32:14,396 [SCMBlockDeletingService#0] DEBUG block.SCMBlockDeletingService (SCMBlockDeletingService.java:shouldRun(251)) - Check scm block delete run: false serviceStatus: PAUSING safemodeExitRunDelayMillis: 3000 alreadyWaitTimeInMillis: 1681871534395
2023-04-19 02:32:14,423 [BlockDeletingService#2] INFO  interfaces.ContainerDeletionChoosingPolicyTemplate (ContainerDeletionChoosingPolicyTemplate.java:chooseContainerForBlockDeletion(83)) - Chosen 0/5000 blocks from 0 candidate containers.
2023-04-19 02:32:14,496 [SCMBlockDeletingService#0] DEBUG block.SCMBlockDeletingService (SCMBlockDeletingService.java:shouldRun(251)) - Check scm block delete run: false serviceStatus: PAUSING safemodeExitRunDelayMillis: 3000 alreadyWaitTimeInMillis: 1681871534496
2023-04-19 02:32:14,524 [BlockDeletingService#1] INFO  interfaces.ContainerDeletionChoosingPolicyTemplate (ContainerDeletionChoosingPolicyTemplate.java:chooseContainerForBlockDeletion(83)) - Chosen 0/5000 blocks from 0 candidate containers.
2023-04-19 02:32:14,596 [SCMBlockDeletingService#0] DEBUG block.SCMBlockDeletingService (SCMBlockDeletingService.java:shouldRun(251)) - Check scm block delete run: false serviceStatus: PAUSING safemodeExitRunDelayMillis: 3000 alreadyWaitTimeInMillis: 1681871534596
2023-04-19 02:32:14,602 [EndpointStateMachine task thread for /0.0.0.0:45569 - 0 ] INFO  utils.DatanodeStoreCache (DatanodeStoreCache.java:addDB(58)) - Added db /home/runner/work/ozone/ozone/hadoop-ozone/integration-test/target/test-dir/MiniOzoneClusterImpl-4a8f3de1-6dc7-4495-8b56-1623617bdc2e/datanode-1/data-0/containers/hdds/4a8f3de1-6dc7-4495-8b56-1623617bdc2e/DS-5b966e49-b0b4-4cfc-8df7-95f047ea5d02/container.db to cache
2023-04-19 02:32:14,603 [EndpointStateMachine task thread for /0.0.0.0:45569 - 0 ] INFO  volume.HddsVolume (HddsVolume.java:createDbStore(350)) - SchemaV3 db is created and loaded at /home/runner/work/ozone/ozone/hadoop-ozone/integration-test/target/test-dir/MiniOzoneClusterImpl-4a8f3de1-6dc7-4495-8b56-1623617bdc2e/datanode-1/data-0/containers/hdds/4a8f3de1-6dc7-4495-8b56-1623617bdc2e/DS-5b966e49-b0b4-4cfc-8df7-95f047ea5d02/container.db for volume DS-5b966e49-b0b4-4cfc-8df7-95f047ea5d02
2023-04-19 02:32:14,605 [EndpointStateMachine task thread for /0.0.0.0:45569 - 0 ] INFO  ozoneimpl.OzoneContainer (OzoneContainer.java:start(397)) - Attempting to start container services.
2023-04-19 02:32:14,607 [EndpointStateMachine task thread for /0.0.0.0:45569 - 0 ] INFO  ozoneimpl.OzoneContainer (OzoneContainer.java:startContainerScrub(314)) - Scheduled background container scanners and the on-demand container scanner have been disabled.
2023-04-19 02:32:14,608 [EndpointStateMachine task thread for /0.0.0.0:45569 - 0 ] INFO  replication.ReplicationServer (ReplicationServer.java:start(109)) - ReplicationServer is started using port 45027
2023-04-19 02:32:14,612 [EndpointStateMachine task thread for /0.0.0.0:45569 - 0 ] INFO  ratis.XceiverServerRatis (XceiverServerRatis.java:start(517)) - Starting XceiverServerRatis 8050b7c4-5854-4456-9ff4-a8181b586109
2023-04-19 02:32:14,615 [EndpointStateMachine task thread for /0.0.0.0:45569 - 0 ] INFO  server.RaftServer (RaftServerProxy.java:startImpl(393)) - 8050b7c4-5854-4456-9ff4-a8181b586109: start RPC server
2023-04-19 02:32:14,617 [EndpointStateMachine task thread for /0.0.0.0:45569 - 0 ] INFO  server.GrpcService (GrpcService.java:startImpl(262)) - 8050b7c4-5854-4456-9ff4-a8181b586109: GrpcService started, listening on 38315
2023-04-19 02:32:14,618 [EndpointStateMachine task thread for /0.0.0.0:45569 - 0 ] INFO  ratis.XceiverServerRatis (XceiverServerRatis.java:getRealPort(543)) - XceiverServerRatis 8050b7c4-5854-4456-9ff4-a8181b586109 is started using port 38315 for RATIS
2023-04-19 02:32:14,618 [JvmPauseMonitor2] INFO  util.JvmPauseMonitor (JvmPauseMonitor.java:run(105)) - JvmPauseMonitor-8050b7c4-5854-4456-9ff4-a8181b586109: Started
2023-04-19 02:32:14,618 [EndpointStateMachine task thread for /0.0.0.0:45569 - 0 ] INFO  ratis.XceiverServerRatis (XceiverServerRatis.java:getRealPort(543)) - XceiverServerRatis 8050b7c4-5854-4456-9ff4-a8181b586109 is started using port 38315 for RATIS_ADMIN
2023-04-19 02:32:14,619 [EndpointStateMachine task thread for /0.0.0.0:45569 - 0 ] INFO  ratis.XceiverServerRatis (XceiverServerRatis.java:getRealPort(543)) - XceiverServerRatis 8050b7c4-5854-4456-9ff4-a8181b586109 is started using port 38315 for RATIS_SERVER
2023-04-19 02:32:14,619 [EndpointStateMachine task thread for /0.0.0.0:45569 - 0 ] INFO  ratis.XceiverServerRatis (XceiverServerRatis.java:getRealPort(543)) - XceiverServerRatis 8050b7c4-5854-4456-9ff4-a8181b586109 is started using port 37915 for RATIS_DATASTREAM
2023-04-19 02:32:14,621 [EndpointStateMachine task thread for /0.0.0.0:45569 - 0 ] INFO  server.XceiverServerGrpc (XceiverServerGrpc.java:start(180)) - XceiverServerGrpc 8050b7c4-5854-4456-9ff4-a8181b586109 is started using port 43043
2023-04-19 02:32:14,622 [BlockDeletingService#0] INFO  interfaces.ContainerDeletionChoosingPolicyTemplate (ContainerDeletionChoosingPolicyTemplate.java:chooseContainerForBlockDeletion(83)) - Chosen 0/5000 blocks from 0 candidate containers.
2023-04-19 02:32:14,624 [BlockDeletingService#0] INFO  interfaces.ContainerDeletionChoosingPolicyTemplate (ContainerDeletionChoosingPolicyTemplate.java:chooseContainerForBlockDeletion(83)) - Chosen 0/5000 blocks from 0 candidate containers.
2023-04-19 02:32:14,696 [SCMBlockDeletingService#0] DEBUG block.SCMBlockDeletingService (SCMBlockDeletingService.java:shouldRun(251)) - Check scm block delete run: false serviceStatus: PAUSING safemodeExitRunDelayMillis: 3000 alreadyWaitTimeInMillis: 1681871534696
2023-04-19 02:32:14,723 [BlockDeletingService#0] INFO  interfaces.ContainerDeletionChoosingPolicyTemplate (ContainerDeletionChoosingPolicyTemplate.java:chooseContainerForBlockDeletion(83)) - Chosen 0/5000 blocks from 0 candidate containers.
2023-04-19 02:32:14,725 [BlockDeletingService#3] INFO  interfaces.ContainerDeletionChoosingPolicyTemplate (ContainerDeletionChoosingPolicyTemplate.java:chooseContainerForBlockDeletion(83)) - Chosen 0/5000 blocks from 0 candidate containers.
2023-04-19 02:32:14,796 [SCMBlockDeletingService#0] DEBUG block.SCMBlockDeletingService (SCMBlockDeletingService.java:shouldRun(251)) - Check scm block delete run: false serviceStatus: PAUSING safemodeExitRunDelayMillis: 3000 alreadyWaitTimeInMillis: 1681871534796
2023-04-19 02:32:14,824 [BlockDeletingService#1] INFO  interfaces.ContainerDeletionChoosingPolicyTemplate (ContainerDeletionChoosingPolicyTemplate.java:chooseContainerForBlockDeletion(83)) - Chosen 0/5000 blocks from 0 candidate containers.
2023-04-19 02:32:14,825 [BlockDeletingService#2] INFO  interfaces.ContainerDeletionChoosingPolicyTemplate (ContainerDeletionChoosingPolicyTemplate.java:chooseContainerForBlockDeletion(83)) - Chosen 0/5000 blocks from 0 candidate containers.
2023-04-19 02:32:14,896 [SCMBlockDeletingService#0] DEBUG block.SCMBlockDeletingService (SCMBlockDeletingService.java:shouldRun(251)) - Check scm block delete run: false serviceStatus: PAUSING safemodeExitRunDelayMillis: 3000 alreadyWaitTimeInMillis: 1681871534896
2023-04-19 02:32:14,924 [BlockDeletingService#0] INFO  interfaces.ContainerDeletionChoosingPolicyTemplate (ContainerDeletionChoosingPolicyTemplate.java:chooseContainerForBlockDeletion(83)) - Chosen 0/5000 blocks from 0 candidate containers.
2023-04-19 02:32:14,926 [BlockDeletingService#4] INFO  interfaces.ContainerDeletionChoosingPolicyTemplate (ContainerDeletionChoosingPolicyTemplate.java:chooseContainerForBlockDeletion(83)) - Chosen 0/5000 blocks from 0 candidate containers.
2023-04-19 02:32:14,944 [Listener at 127.0.0.1/42295] INFO  ozone.MiniOzoneClusterImpl (MiniOzoneClusterImpl.java:lambda$waitForClusterToBeReady$0(222)) - Waiting for nodes to be ready. Got 0 of 3 DN Heartbeats.
2023-04-19 02:32:14,944 [Listener at 127.0.0.1/42295] INFO  ozone.MiniOzoneClusterImpl (MiniOzoneClusterImpl.java:lambda$waitForClusterToBeReady$0(225)) - Waiting for cluster to exit safe mode
2023-04-19 02:32:14,944 [Listener at 127.0.0.1/42295] INFO  ozone.MiniOzoneClusterImpl (MiniOzoneClusterImpl.java:lambda$waitForClusterToBeReady$0(227)) - SCM became leader
2023-04-19 02:32:14,989 [EndpointStateMachine task thread for /0.0.0.0:45569 - 0 ] INFO  utils.DatanodeStoreCache (DatanodeStoreCache.java:addDB(58)) - Added db /home/runner/work/ozone/ozone/hadoop-ozone/integration-test/target/test-dir/MiniOzoneClusterImpl-4a8f3de1-6dc7-4495-8b56-1623617bdc2e/datanode-2/data-0/containers/hdds/4a8f3de1-6dc7-4495-8b56-1623617bdc2e/DS-9465102c-2884-41f5-9682-5d844a22c1fd/container.db to cache
2023-04-19 02:32:14,989 [EndpointStateMachine task thread for /0.0.0.0:45569 - 0 ] INFO  volume.HddsVolume (HddsVolume.java:createDbStore(350)) - SchemaV3 db is created and loaded at /home/runner/work/ozone/ozone/hadoop-ozone/integration-test/target/test-dir/MiniOzoneClusterImpl-4a8f3de1-6dc7-4495-8b56-1623617bdc2e/datanode-2/data-0/containers/hdds/4a8f3de1-6dc7-4495-8b56-1623617bdc2e/DS-9465102c-2884-41f5-9682-5d844a22c1fd/container.db for volume DS-9465102c-2884-41f5-9682-5d844a22c1fd
2023-04-19 02:32:14,990 [EndpointStateMachine task thread for /0.0.0.0:45569 - 0 ] INFO  ozoneimpl.OzoneContainer (OzoneContainer.java:start(397)) - Attempting to start container services.
2023-04-19 02:32:14,990 [EndpointStateMachine task thread for /0.0.0.0:45569 - 0 ] INFO  ozoneimpl.OzoneContainer (OzoneContainer.java:startContainerScrub(314)) - Scheduled background container scanners and the on-demand container scanner have been disabled.
2023-04-19 02:32:14,992 [EndpointStateMachine task thread for /0.0.0.0:45569 - 0 ] INFO  replication.ReplicationServer (ReplicationServer.java:start(109)) - ReplicationServer is started using port 45507
2023-04-19 02:32:14,992 [EndpointStateMachine task thread for /0.0.0.0:45569 - 0 ] INFO  ratis.XceiverServerRatis (XceiverServerRatis.java:start(517)) - Starting XceiverServerRatis 209e8f7b-7310-4c05-bc4d-708a2d801edb
2023-04-19 02:32:14,992 [EndpointStateMachine task thread for /0.0.0.0:45569 - 0 ] INFO  server.RaftServer (RaftServerProxy.java:startImpl(393)) - 209e8f7b-7310-4c05-bc4d-708a2d801edb: start RPC server
2023-04-19 02:32:14,995 [EndpointStateMachine task thread for /0.0.0.0:45569 - 0 ] INFO  server.GrpcService (GrpcService.java:startImpl(262)) - 209e8f7b-7310-4c05-bc4d-708a2d801edb: GrpcService started, listening on 45585
2023-04-19 02:32:14,995 [EndpointStateMachine task thread for /0.0.0.0:45569 - 0 ] INFO  ratis.XceiverServerRatis (XceiverServerRatis.java:getRealPort(543)) - XceiverServerRatis 209e8f7b-7310-4c05-bc4d-708a2d801edb is started using port 45585 for RATIS
2023-04-19 02:32:14,995 [JvmPauseMonitor3] INFO  util.JvmPauseMonitor (JvmPauseMonitor.java:run(105)) - JvmPauseMonitor-209e8f7b-7310-4c05-bc4d-708a2d801edb: Started
2023-04-19 02:32:14,995 [EndpointStateMachine task thread for /0.0.0.0:45569 - 0 ] INFO  ratis.XceiverServerRatis (XceiverServerRatis.java:getRealPort(543)) - XceiverServerRatis 209e8f7b-7310-4c05-bc4d-708a2d801edb is started using port 45585 for RATIS_ADMIN
2023-04-19 02:32:14,995 [EndpointStateMachine task thread for /0.0.0.0:45569 - 0 ] INFO  ratis.XceiverServerRatis (XceiverServerRatis.java:getRealPort(543)) - XceiverServerRatis 209e8f7b-7310-4c05-bc4d-708a2d801edb is started using port 45585 for RATIS_SERVER
2023-04-19 02:32:14,995 [EndpointStateMachine task thread for /0.0.0.0:45569 - 0 ] INFO  ratis.XceiverServerRatis (XceiverServerRatis.java:getRealPort(543)) - XceiverServerRatis 209e8f7b-7310-4c05-bc4d-708a2d801edb is started using port 46227 for RATIS_DATASTREAM
2023-04-19 02:32:14,998 [SCMBlockDeletingService#0] DEBUG block.SCMBlockDeletingService (SCMBlockDeletingService.java:shouldRun(251)) - Check scm block delete run: false serviceStatus: PAUSING safemodeExitRunDelayMillis: 3000 alreadyWaitTimeInMillis: 1681871534998
2023-04-19 02:32:14,998 [EndpointStateMachine task thread for /0.0.0.0:45569 - 0 ] INFO  server.XceiverServerGrpc (XceiverServerGrpc.java:start(180)) - XceiverServerGrpc 209e8f7b-7310-4c05-bc4d-708a2d801edb is started using port 43583
2023-04-19 02:32:15,000 [BlockDeletingService#0] INFO  interfaces.ContainerDeletionChoosingPolicyTemplate (ContainerDeletionChoosingPolicyTemplate.java:chooseContainerForBlockDeletion(83)) - Chosen 0/5000 blocks from 0 candidate containers.
2023-04-19 02:32:15,024 [BlockDeletingService#2] INFO  interfaces.ContainerDeletionChoosingPolicyTemplate (ContainerDeletionChoosingPolicyTemplate.java:chooseContainerForBlockDeletion(83)) - Chosen 0/5000 blocks from 0 candidate containers.
2023-04-19 02:32:15,026 [BlockDeletingService#1] INFO  interfaces.ContainerDeletionChoosingPolicyTemplate (ContainerDeletionChoosingPolicyTemplate.java:chooseContainerForBlockDeletion(83)) - Chosen 0/5000 blocks from 0 candidate containers.
2023-04-19 02:32:15,098 [SCMBlockDeletingService#0] DEBUG block.SCMBlockDeletingService (SCMBlockDeletingService.java:shouldRun(251)) - Check scm block delete run: false serviceStatus: PAUSING safemodeExitRunDelayMillis: 3000 alreadyWaitTimeInMillis: 1681871535098
2023-04-19 02:32:15,101 [BlockDeletingService#0] INFO  interfaces.ContainerDeletionChoosingPolicyTemplate (ContainerDeletionChoosingPolicyTemplate.java:chooseContainerForBlockDeletion(83)) - Chosen 0/5000 blocks from 0 candidate containers.
2023-04-19 02:32:15,124 [BlockDeletingService#1] INFO  interfaces.ContainerDeletionChoosingPolicyTemplate (ContainerDeletionChoosingPolicyTemplate.java:chooseContainerForBlockDeletion(83)) - Chosen 0/5000 blocks from 0 candidate containers.
2023-04-19 02:32:15,126 [BlockDeletingService#1] INFO  interfaces.ContainerDeletionChoosingPolicyTemplate (ContainerDeletionChoosingPolicyTemplate.java:chooseContainerForBlockDeletion(83)) - Chosen 0/5000 blocks from 0 candidate containers.
2023-04-19 02:32:15,198 [SCMBlockDeletingService#0] DEBUG block.SCMBlockDeletingService (SCMBlockDeletingService.java:shouldRun(251)) - Check scm block delete run: false serviceStatus: PAUSING safemodeExitRunDelayMillis: 3000 alreadyWaitTimeInMillis: 1681871535198
2023-04-19 02:32:15,201 [BlockDeletingService#1] INFO  interfaces.ContainerDeletionChoosingPolicyTemplate (ContainerDeletionChoosingPolicyTemplate.java:chooseContainerForBlockDeletion(83)) - Chosen 0/5000 blocks from 0 candidate containers.
2023-04-19 02:32:15,225 [BlockDeletingService#3] INFO  interfaces.ContainerDeletionChoosingPolicyTemplate (ContainerDeletionChoosingPolicyTemplate.java:chooseContainerForBlockDeletion(83)) - Chosen 0/5000 blocks from 0 candidate containers.
2023-04-19 02:32:15,227 [BlockDeletingService#1] INFO  interfaces.ContainerDeletionChoosingPolicyTemplate (ContainerDeletionChoosingPolicyTemplate.java:chooseContainerForBlockDeletion(83)) - Chosen 0/5000 blocks from 0 candidate containers.
2023-04-19 02:32:15,298 [SCMBlockDeletingService#0] DEBUG block.SCMBlockDeletingService (SCMBlockDeletingService.java:shouldRun(251)) - Check scm block delete run: false serviceStatus: PAUSING safemodeExitRunDelayMillis: 3000 alreadyWaitTimeInMillis: 1681871535298
2023-04-19 02:32:15,302 [BlockDeletingService#0] INFO  interfaces.ContainerDeletionChoosingPolicyTemplate (ContainerDeletionChoosingPolicyTemplate.java:chooseContainerForBlockDeletion(83)) - Chosen 0/5000 blocks from 0 candidate containers.
2023-04-19 02:32:15,325 [BlockDeletingService#0] INFO  interfaces.ContainerDeletionChoosingPolicyTemplate (ContainerDeletionChoosingPolicyTemplate.java:chooseContainerForBlockDeletion(83)) - Chosen 0/5000 blocks from 0 candidate containers.
2023-04-19 02:32:15,327 [BlockDeletingService#1] INFO  interfaces.ContainerDeletionChoosingPolicyTemplate (ContainerDeletionChoosingPolicyTemplate.java:chooseContainerForBlockDeletion(83)) - Chosen 0/5000 blocks from 0 candidate containers.
2023-04-19 02:32:15,398 [SCMBlockDeletingService#0] DEBUG block.SCMBlockDeletingService (SCMBlockDeletingService.java:shouldRun(251)) - Check scm block delete run: false serviceStatus: PAUSING safemodeExitRunDelayMillis: 3000 alreadyWaitTimeInMillis: 1681871535398
2023-04-19 02:32:15,402 [BlockDeletingService#2] INFO  interfaces.ContainerDeletionChoosingPolicyTemplate (ContainerDeletionChoosingPolicyTemplate.java:chooseContainerForBlockDeletion(83)) - Chosen 0/5000 blocks from 0 candidate containers.
2023-04-19 02:32:15,425 [BlockDeletingService#4] INFO  interfaces.ContainerDeletionChoosingPolicyTemplate (ContainerDeletionChoosingPolicyTemplate.java:chooseContainerForBlockDeletion(83)) - Chosen 0/5000 blocks from 0 candidate containers.
2023-04-19 02:32:15,427 [BlockDeletingService#1] INFO  interfaces.ContainerDeletionChoosingPolicyTemplate (ContainerDeletionChoosingPolicyTemplate.java:chooseContainerForBlockDeletion(83)) - Chosen 0/5000 blocks from 0 candidate containers.
2023-04-19 02:32:15,498 [SCMBlockDeletingService#0] DEBUG block.SCMBlockDeletingService (SCMBlockDeletingService.java:shouldRun(251)) - Check scm block delete run: false serviceStatus: PAUSING safemodeExitRunDelayMillis: 3000 alreadyWaitTimeInMillis: 1681871535498
2023-04-19 02:32:15,502 [BlockDeletingService#1] INFO  interfaces.ContainerDeletionChoosingPolicyTemplate (ContainerDeletionChoosingPolicyTemplate.java:chooseContainerForBlockDeletion(83)) - Chosen 0/5000 blocks from 0 candidate containers.
2023-04-19 02:32:15,526 [BlockDeletingService#2] INFO  interfaces.ContainerDeletionChoosingPolicyTemplate (ContainerDeletionChoosingPolicyTemplate.java:chooseContainerForBlockDeletion(83)) - Chosen 0/5000 blocks from 0 candidate containers.
2023-04-19 02:32:15,527 [BlockDeletingService#1] INFO  interfaces.ContainerDeletionChoosingPolicyTemplate (ContainerDeletionChoosingPolicyTemplate.java:chooseContainerForBlockDeletion(83)) - Chosen 0/5000 blocks from 0 candidate containers.
2023-04-19 02:32:15,598 [SCMBlockDeletingService#0] DEBUG block.SCMBlockDeletingService (SCMBlockDeletingService.java:shouldRun(251)) - Check scm block delete run: false serviceStatus: PAUSING safemodeExitRunDelayMillis: 3000 alreadyWaitTimeInMillis: 1681871535598
2023-04-19 02:32:15,603 [BlockDeletingService#3] INFO  interfaces.ContainerDeletionChoosingPolicyTemplate (ContainerDeletionChoosingPolicyTemplate.java:chooseContainerForBlockDeletion(83)) - Chosen 0/5000 blocks from 0 candidate containers.
2023-04-19 02:32:15,626 [BlockDeletingService#2] INFO  interfaces.ContainerDeletionChoosingPolicyTemplate (ContainerDeletionChoosingPolicyTemplate.java:chooseContainerForBlockDeletion(83)) - Chosen 0/5000 blocks from 0 candidate containers.
2023-04-19 02:32:15,628 [BlockDeletingService#1] INFO  interfaces.ContainerDeletionChoosingPolicyTemplate (ContainerDeletionChoosingPolicyTemplate.java:chooseContainerForBlockDeletion(83)) - Chosen 0/5000 blocks from 0 candidate containers.
2023-04-19 02:32:15,699 [SCMBlockDeletingService#0] DEBUG block.SCMBlockDeletingService (SCMBlockDeletingService.java:shouldRun(251)) - Check scm block delete run: false serviceStatus: PAUSING safemodeExitRunDelayMillis: 3000 alreadyWaitTimeInMillis: 1681871535698
2023-04-19 02:32:15,703 [BlockDeletingService#0] INFO  interfaces.ContainerDeletionChoosingPolicyTemplate (ContainerDeletionChoosingPolicyTemplate.java:chooseContainerForBlockDeletion(83)) - Chosen 0/5000 blocks from 0 candidate containers.
2023-04-19 02:32:15,726 [BlockDeletingService#2] INFO  interfaces.ContainerDeletionChoosingPolicyTemplate (ContainerDeletionChoosingPolicyTemplate.java:chooseContainerForBlockDeletion(83)) - Chosen 0/5000 blocks from 0 candidate containers.
2023-04-19 02:32:15,728 [BlockDeletingService#1] INFO  interfaces.ContainerDeletionChoosingPolicyTemplate (ContainerDeletionChoosingPolicyTemplate.java:chooseContainerForBlockDeletion(83)) - Chosen 0/5000 blocks from 0 candidate containers.
2023-04-19 02:32:15,799 [SCMBlockDeletingService#0] DEBUG block.SCMBlockDeletingService (SCMBlockDeletingService.java:shouldRun(251)) - Check scm block delete run: false serviceStatus: PAUSING safemodeExitRunDelayMillis: 3000 alreadyWaitTimeInMillis: 1681871535799
2023-04-19 02:32:15,803 [BlockDeletingService#4] INFO  interfaces.ContainerDeletionChoosingPolicyTemplate (ContainerDeletionChoosingPolicyTemplate.java:chooseContainerForBlockDeletion(83)) - Chosen 0/5000 blocks from 0 candidate containers.
2023-04-19 02:32:15,827 [BlockDeletingService#2] INFO  interfaces.ContainerDeletionChoosingPolicyTemplate (ContainerDeletionChoosingPolicyTemplate.java:chooseContainerForBlockDeletion(83)) - Chosen 0/5000 blocks from 0 candidate containers.
2023-04-19 02:32:15,828 [BlockDeletingService#1] INFO  interfaces.ContainerDeletionChoosingPolicyTemplate (ContainerDeletionChoosingPolicyTemplate.java:chooseContainerForBlockDeletion(83)) - Chosen 0/5000 blocks from 0 candidate containers.
2023-04-19 02:32:15,899 [SCMBlockDeletingService#0] DEBUG block.SCMBlockDeletingService (SCMBlockDeletingService.java:shouldRun(251)) - Check scm block delete run: false serviceStatus: PAUSING safemodeExitRunDelayMillis: 3000 alreadyWaitTimeInMillis: 1681871535899
2023-04-19 02:32:15,904 [BlockDeletingService#2] INFO  interfaces.ContainerDeletionChoosingPolicyTemplate (ContainerDeletionChoosingPolicyTemplate.java:chooseContainerForBlockDeletion(83)) - Chosen 0/5000 blocks from 0 candidate containers.
2023-04-19 02:32:15,927 [BlockDeletingService#2] INFO  interfaces.ContainerDeletionChoosingPolicyTemplate (ContainerDeletionChoosingPolicyTemplate.java:chooseContainerForBlockDeletion(83)) - Chosen 0/5000 blocks from 0 candidate containers.
2023-04-19 02:32:15,929 [BlockDeletingService#1] INFO  interfaces.ContainerDeletionChoosingPolicyTemplate (ContainerDeletionChoosingPolicyTemplate.java:chooseContainerForBlockDeletion(83)) - Chosen 0/5000 blocks from 0 candidate containers.
2023-04-19 02:32:15,944 [Listener at 127.0.0.1/42295] INFO  ozone.MiniOzoneClusterImpl (MiniOzoneClusterImpl.java:lambda$waitForClusterToBeReady$0(222)) - Waiting for nodes to be ready. Got 0 of 3 DN Heartbeats.
2023-04-19 02:32:15,945 [Listener at 127.0.0.1/42295] INFO  ozone.MiniOzoneClusterImpl (MiniOzoneClusterImpl.java:lambda$waitForClusterToBeReady$0(225)) - Waiting for cluster to exit safe mode
2023-04-19 02:32:15,945 [Listener at 127.0.0.1/42295] INFO  ozone.MiniOzoneClusterImpl (MiniOzoneClusterImpl.java:lambda$waitForClusterToBeReady$0(227)) - SCM became leader
2023-04-19 02:32:15,999 [SCMBlockDeletingService#0] DEBUG block.SCMBlockDeletingService (SCMBlockDeletingService.java:shouldRun(251)) - Check scm block delete run: false serviceStatus: PAUSING safemodeExitRunDelayMillis: 3000 alreadyWaitTimeInMillis: 1681871535999
2023-04-19 02:32:16,004 [BlockDeletingService#2] INFO  interfaces.ContainerDeletionChoosingPolicyTemplate (ContainerDeletionChoosingPolicyTemplate.java:chooseContainerForBlockDeletion(83)) - Chosen 0/5000 blocks from 0 candidate containers.
2023-04-19 02:32:16,023 [IPC Server handler 17 on default port 45569] INFO  net.NetworkTopologyImpl (NetworkTopologyImpl.java:add(112)) - Added a new node: /default-rack/14fab107-599d-4166-92e2-a49b96c274c4
2023-04-19 02:32:16,025 [IPC Server handler 17 on default port 45569] INFO  node.SCMNodeManager (SCMNodeManager.java:register(404)) - Registered Data node : 14fab107-599d-4166-92e2-a49b96c274c4{ip: 10.1.164.0, host: fv-az127-56.h3uyzbqov44edfyrgkjongjtha.bx.internal.cloudapp.net, ports: [HTTP=34303, REPLICATION=38727, RATIS=42111, RATIS_ADMIN=42111, RATIS_SERVER=42111, RATIS_DATASTREAM=40843, STANDALONE=38581], networkLocation: /default-rack, certSerialId: null, persistedOpState: null, persistedOpStateExpiryEpochSec: 0}
2023-04-19 02:32:16,027 [BlockDeletingService#2] INFO  interfaces.ContainerDeletionChoosingPolicyTemplate (ContainerDeletionChoosingPolicyTemplate.java:chooseContainerForBlockDeletion(83)) - Chosen 0/5000 blocks from 0 candidate containers.
2023-04-19 02:32:16,029 [BlockDeletingService#1] INFO  interfaces.ContainerDeletionChoosingPolicyTemplate (ContainerDeletionChoosingPolicyTemplate.java:chooseContainerForBlockDeletion(83)) - Chosen 0/5000 blocks from 0 candidate containers.
2023-04-19 02:32:16,036 [EventQueue-NodeRegistrationContainerReportForDataNodeSafeModeRule] INFO  safemode.SCMSafeModeManager (DataNodeSafeModeRule.java:process(71)) - SCM in safe mode. 1 DataNodes registered, 3 required.
2023-04-19 02:32:16,032 [EventQueue-NodeRegistrationContainerReportForContainerSafeModeRule] INFO  safemode.SCMSafeModeManager (SCMSafeModeManager.java:validateSafeModeExitRules(200)) - ContainerSafeModeRule rule is successfully validated
2023-04-19 02:32:16,031 [EventQueue-NewNodeForNewNodeHandler] INFO  pipeline.BackgroundPipelineCreator (BackgroundPipelineCreator.java:notifyEventTriggered(276)) - trigger a one-shot run on RatisPipelineUtilsThread.
2023-04-19 02:32:16,046 [EventQueue-PipelineReportForOneReplicaPipelineSafeModeRule] INFO  safemode.SCMSafeModeManager (SCMSafeModeManager.java:validateSafeModeExitRules(200)) - AtleastOneDatanodeReportedRule rule is successfully validated
2023-04-19 02:32:16,099 [SCMBlockDeletingService#0] DEBUG block.SCMBlockDeletingService (SCMBlockDeletingService.java:shouldRun(251)) - Check scm block delete run: false serviceStatus: PAUSING safemodeExitRunDelayMillis: 3000 alreadyWaitTimeInMillis: 1681871536099
2023-04-19 02:32:16,104 [BlockDeletingService#2] INFO  interfaces.ContainerDeletionChoosingPolicyTemplate (ContainerDeletionChoosingPolicyTemplate.java:chooseContainerForBlockDeletion(83)) - Chosen 0/5000 blocks from 0 candidate containers.
2023-04-19 02:32:16,127 [BlockDeletingService#2] INFO  interfaces.ContainerDeletionChoosingPolicyTemplate (ContainerDeletionChoosingPolicyTemplate.java:chooseContainerForBlockDeletion(83)) - Chosen 0/5000 blocks from 0 candidate containers.
2023-04-19 02:32:16,145 [BlockDeletingService#1] INFO  interfaces.ContainerDeletionChoosingPolicyTemplate (ContainerDeletionChoosingPolicyTemplate.java:chooseContainerForBlockDeletion(83)) - Chosen 0/5000 blocks from 0 candidate containers.
2023-04-19 02:32:16,199 [SCMBlockDeletingService#0] DEBUG block.SCMBlockDeletingService (SCMBlockDeletingService.java:shouldRun(251)) - Check scm block delete run: false serviceStatus: PAUSING safemodeExitRunDelayMillis: 3000 alreadyWaitTimeInMillis: 1681871536199
2023-04-19 02:32:16,205 [BlockDeletingService#2] INFO  interfaces.ContainerDeletionChoosingPolicyTemplate (ContainerDeletionChoosingPolicyTemplate.java:chooseContainerForBlockDeletion(83)) - Chosen 0/5000 blocks from 0 candidate containers.
2023-04-19 02:32:16,228 [BlockDeletingService#2] INFO  interfaces.ContainerDeletionChoosingPolicyTemplate (ContainerDeletionChoosingPolicyTemplate.java:chooseContainerForBlockDeletion(83)) - Chosen 0/5000 blocks from 0 candidate containers.
2023-04-19 02:32:16,245 [BlockDeletingService#1] INFO  interfaces.ContainerDeletionChoosingPolicyTemplate (ContainerDeletionChoosingPolicyTemplate.java:chooseContainerForBlockDeletion(83)) - Chosen 0/5000 blocks from 0 candidate containers.
2023-04-19 02:32:16,299 [SCMBlockDeletingService#0] DEBUG block.SCMBlockDeletingService (SCMBlockDeletingService.java:shouldRun(251)) - Check scm block delete run: false serviceStatus: PAUSING safemodeExitRunDelayMillis: 3000 alreadyWaitTimeInMillis: 1681871536299
2023-04-19 02:32:16,305 [BlockDeletingService#2] INFO  interfaces.ContainerDeletionChoosingPolicyTemplate (ContainerDeletionChoosingPolicyTemplate.java:chooseContainerForBlockDeletion(83)) - Chosen 0/5000 blocks from 0 candidate containers.
2023-04-19 02:32:16,328 [BlockDeletingService#2] INFO  interfaces.ContainerDeletionChoosingPolicyTemplate (ContainerDeletionChoosingPolicyTemplate.java:chooseContainerForBlockDeletion(83)) - Chosen 0/5000 blocks from 0 candidate containers.
2023-04-19 02:32:16,346 [BlockDeletingService#1] INFO  interfaces.ContainerDeletionChoosingPolicyTemplate (ContainerDeletionChoosingPolicyTemplate.java:chooseContainerForBlockDeletion(83)) - Chosen 0/5000 blocks from 0 candidate containers.
2023-04-19 02:32:16,400 [SCMBlockDeletingService#0] DEBUG block.SCMBlockDeletingService (SCMBlockDeletingService.java:shouldRun(251)) - Check scm block delete run: false serviceStatus: PAUSING safemodeExitRunDelayMillis: 3000 alreadyWaitTimeInMillis: 1681871536400
2023-04-19 02:32:16,405 [BlockDeletingService#2] INFO  interfaces.ContainerDeletionChoosingPolicyTemplate (ContainerDeletionChoosingPolicyTemplate.java:chooseContainerForBlockDeletion(83)) - Chosen 0/5000 blocks from 0 candidate containers.
2023-04-19 02:32:16,428 [BlockDeletingService#2] INFO  interfaces.ContainerDeletionChoosingPolicyTemplate (ContainerDeletionChoosingPolicyTemplate.java:chooseContainerForBlockDeletion(83)) - Chosen 0/5000 blocks from 0 candidate containers.
2023-04-19 02:32:16,446 [BlockDeletingService#1] INFO  interfaces.ContainerDeletionChoosingPolicyTemplate (ContainerDeletionChoosingPolicyTemplate.java:chooseContainerForBlockDeletion(83)) - Chosen 0/5000 blocks from 0 candidate containers.
2023-04-19 02:32:16,500 [SCMBlockDeletingService#0] DEBUG block.SCMBlockDeletingService (SCMBlockDeletingService.java:shouldRun(251)) - Check scm block delete run: false serviceStatus: PAUSING safemodeExitRunDelayMillis: 3000 alreadyWaitTimeInMillis: 1681871536500
2023-04-19 02:32:16,506 [BlockDeletingService#2] INFO  interfaces.ContainerDeletionChoosingPolicyTemplate (ContainerDeletionChoosingPolicyTemplate.java:chooseContainerForBlockDeletion(83)) - Chosen 0/5000 blocks from 0 candidate containers.
2023-04-19 02:32:16,528 [BlockDeletingService#2] INFO  interfaces.ContainerDeletionChoosingPolicyTemplate (ContainerDeletionChoosingPolicyTemplate.java:chooseContainerForBlockDeletion(83)) - Chosen 0/5000 blocks from 0 candidate containers.
2023-04-19 02:32:16,546 [BlockDeletingService#1] INFO  interfaces.ContainerDeletionChoosingPolicyTemplate (ContainerDeletionChoosingPolicyTemplate.java:chooseContainerForBlockDeletion(83)) - Chosen 0/5000 blocks from 0 candidate containers.
2023-04-19 02:32:16,570 [IPC Server handler 19 on default port 45569] INFO  net.NetworkTopologyImpl (NetworkTopologyImpl.java:add(112)) - Added a new node: /default-rack/8050b7c4-5854-4456-9ff4-a8181b586109
2023-04-19 02:32:16,570 [IPC Server handler 19 on default port 45569] INFO  node.SCMNodeManager (SCMNodeManager.java:register(404)) - Registered Data node : 8050b7c4-5854-4456-9ff4-a8181b586109{ip: 10.1.164.0, host: fv-az127-56.h3uyzbqov44edfyrgkjongjtha.bx.internal.cloudapp.net, ports: [HTTP=35187, REPLICATION=45027, RATIS=38315, RATIS_ADMIN=38315, RATIS_SERVER=38315, RATIS_DATASTREAM=37915, STANDALONE=43043], networkLocation: /default-rack, certSerialId: null, persistedOpState: null, persistedOpStateExpiryEpochSec: 0}
2023-04-19 02:32:16,571 [EventQueue-NodeRegistrationContainerReportForDataNodeSafeModeRule] INFO  safemode.SCMSafeModeManager (DataNodeSafeModeRule.java:process(71)) - SCM in safe mode. 2 DataNodes registered, 3 required.
2023-04-19 02:32:16,571 [EventQueue-NewNodeForNewNodeHandler] INFO  pipeline.BackgroundPipelineCreator (BackgroundPipelineCreator.java:notifyEventTriggered(276)) - trigger a one-shot run on RatisPipelineUtilsThread.
2023-04-19 02:32:16,600 [SCMBlockDeletingService#0] DEBUG block.SCMBlockDeletingService (SCMBlockDeletingService.java:shouldRun(251)) - Check scm block delete run: false serviceStatus: PAUSING safemodeExitRunDelayMillis: 3000 alreadyWaitTimeInMillis: 1681871536600
2023-04-19 02:32:16,606 [BlockDeletingService#2] INFO  interfaces.ContainerDeletionChoosingPolicyTemplate (ContainerDeletionChoosingPolicyTemplate.java:chooseContainerForBlockDeletion(83)) - Chosen 0/5000 blocks from 0 candidate containers.
2023-04-19 02:32:16,629 [BlockDeletingService#2] INFO  interfaces.ContainerDeletionChoosingPolicyTemplate (ContainerDeletionChoosingPolicyTemplate.java:chooseContainerForBlockDeletion(83)) - Chosen 0/5000 blocks from 0 candidate containers.
2023-04-19 02:32:16,646 [BlockDeletingService#1] INFO  interfaces.ContainerDeletionChoosingPolicyTemplate (ContainerDeletionChoosingPolicyTemplate.java:chooseContainerForBlockDeletion(83)) - Chosen 0/5000 blocks from 0 candidate containers.
2023-04-19 02:32:16,700 [SCMBlockDeletingService#0] DEBUG block.SCMBlockDeletingService (SCMBlockDeletingService.java:shouldRun(251)) - Check scm block delete run: false serviceStatus: PAUSING safemodeExitRunDelayMillis: 3000 alreadyWaitTimeInMillis: 1681871536700
2023-04-19 02:32:16,706 [BlockDeletingService#2] INFO  interfaces.ContainerDeletionChoosingPolicyTemplate (ContainerDeletionChoosingPolicyTemplate.java:chooseContainerForBlockDeletion(83)) - Chosen 0/5000 blocks from 0 candidate containers.
2023-04-19 02:32:16,729 [BlockDeletingService#2] INFO  interfaces.ContainerDeletionChoosingPolicyTemplate (ContainerDeletionChoosingPolicyTemplate.java:chooseContainerForBlockDeletion(83)) - Chosen 0/5000 blocks from 0 candidate containers.
2023-04-19 02:32:16,746 [BlockDeletingService#1] INFO  interfaces.ContainerDeletionChoosingPolicyTemplate (ContainerDeletionChoosingPolicyTemplate.java:chooseContainerForBlockDeletion(83)) - Chosen 0/5000 blocks from 0 candidate containers.
2023-04-19 02:32:16,800 [SCMBlockDeletingService#0] DEBUG block.SCMBlockDeletingService (SCMBlockDeletingService.java:shouldRun(251)) - Check scm block delete run: false serviceStatus: PAUSING safemodeExitRunDelayMillis: 3000 alreadyWaitTimeInMillis: 1681871536800
2023-04-19 02:32:16,806 [BlockDeletingService#2] INFO  interfaces.ContainerDeletionChoosingPolicyTemplate (ContainerDeletionChoosingPolicyTemplate.java:chooseContainerForBlockDeletion(83)) - Chosen 0/5000 blocks from 0 candidate containers.
2023-04-19 02:32:16,829 [BlockDeletingService#2] INFO  interfaces.ContainerDeletionChoosingPolicyTemplate (ContainerDeletionChoosingPolicyTemplate.java:chooseContainerForBlockDeletion(83)) - Chosen 0/5000 blocks from 0 candidate containers.
2023-04-19 02:32:16,847 [BlockDeletingService#1] INFO  interfaces.ContainerDeletionChoosingPolicyTemplate (ContainerDeletionChoosingPolicyTemplate.java:chooseContainerForBlockDeletion(83)) - Chosen 0/5000 blocks from 0 candidate containers.
2023-04-19 02:32:16,900 [SCMBlockDeletingService#0] DEBUG block.SCMBlockDeletingService (SCMBlockDeletingService.java:shouldRun(251)) - Check scm block delete run: false serviceStatus: PAUSING safemodeExitRunDelayMillis: 3000 alreadyWaitTimeInMillis: 1681871536900
2023-04-19 02:32:16,906 [BlockDeletingService#2] INFO  interfaces.ContainerDeletionChoosingPolicyTemplate (ContainerDeletionChoosingPolicyTemplate.java:chooseContainerForBlockDeletion(83)) - Chosen 0/5000 blocks from 0 candidate containers.
2023-04-19 02:32:16,929 [BlockDeletingService#2] INFO  interfaces.ContainerDeletionChoosingPolicyTemplate (ContainerDeletionChoosingPolicyTemplate.java:chooseContainerForBlockDeletion(83)) - Chosen 0/5000 blocks from 0 candidate containers.
2023-04-19 02:32:16,945 [Listener at 127.0.0.1/42295] INFO  ozone.MiniOzoneClusterImpl (MiniOzoneClusterImpl.java:lambda$waitForClusterToBeReady$0(222)) - Waiting for nodes to be ready. Got 2 of 3 DN Heartbeats.
2023-04-19 02:32:16,945 [Listener at 127.0.0.1/42295] INFO  ozone.MiniOzoneClusterImpl (MiniOzoneClusterImpl.java:lambda$waitForClusterToBeReady$0(225)) - Waiting for cluster to exit safe mode
2023-04-19 02:32:16,945 [Listener at 127.0.0.1/42295] INFO  ozone.MiniOzoneClusterImpl (MiniOzoneClusterImpl.java:lambda$waitForClusterToBeReady$0(227)) - SCM became leader
2023-04-19 02:32:16,947 [BlockDeletingService#1] INFO  interfaces.ContainerDeletionChoosingPolicyTemplate (ContainerDeletionChoosingPolicyTemplate.java:chooseContainerForBlockDeletion(83)) - Chosen 0/5000 blocks from 0 candidate containers.
2023-04-19 02:32:16,956 [IPC Server handler 18 on default port 45569] INFO  net.NetworkTopologyImpl (NetworkTopologyImpl.java:add(112)) - Added a new node: /default-rack/209e8f7b-7310-4c05-bc4d-708a2d801edb
2023-04-19 02:32:16,956 [IPC Server handler 18 on default port 45569] INFO  node.SCMNodeManager (SCMNodeManager.java:register(404)) - Registered Data node : 209e8f7b-7310-4c05-bc4d-708a2d801edb{ip: 10.1.164.0, host: fv-az127-56.h3uyzbqov44edfyrgkjongjtha.bx.internal.cloudapp.net, ports: [HTTP=36421, REPLICATION=45507, RATIS=45585, RATIS_ADMIN=45585, RATIS_SERVER=45585, RATIS_DATASTREAM=46227, STANDALONE=43583], networkLocation: /default-rack, certSerialId: null, persistedOpState: null, persistedOpStateExpiryEpochSec: 0}
2023-04-19 02:32:16,957 [EventQueue-NewNodeForNewNodeHandler] INFO  pipeline.BackgroundPipelineCreator (BackgroundPipelineCreator.java:notifyEventTriggered(276)) - trigger a one-shot run on RatisPipelineUtilsThread.
2023-04-19 02:32:16,957 [EventQueue-NodeRegistrationContainerReportForDataNodeSafeModeRule] INFO  safemode.SCMSafeModeManager (DataNodeSafeModeRule.java:process(71)) - SCM in safe mode. 3 DataNodes registered, 3 required.
2023-04-19 02:32:16,958 [EventQueue-NodeRegistrationContainerReportForDataNodeSafeModeRule] INFO  safemode.SCMSafeModeManager (SCMSafeModeManager.java:validateSafeModeExitRules(200)) - DataNodeSafeModeRule rule is successfully validated
2023-04-19 02:32:16,958 [EventQueue-NodeRegistrationContainerReportForDataNodeSafeModeRule] INFO  safemode.SCMSafeModeManager (SCMSafeModeManager.java:completePreCheck(229)) - All SCM safe mode pre check rules have passed
2023-04-19 02:32:16,958 [EventQueue-NodeRegistrationContainerReportForDataNodeSafeModeRule] INFO  ha.SCMContext (SCMContext.java:updateSafeModeStatus(228)) - Update SafeModeStatus from SafeModeStatus{safeModeStatus=true, preCheckPassed=false} to SafeModeStatus{safeModeStatus=true, preCheckPassed=true}.
2023-04-19 02:32:16,958 [EventQueue-NodeRegistrationContainerReportForDataNodeSafeModeRule] INFO  pipeline.BackgroundPipelineCreator (BackgroundPipelineCreator.java:notifyEventTriggered(276)) - trigger a one-shot run on RatisPipelineUtilsThread.
2023-04-19 02:32:16,967 [RatisPipelineUtilsThread - 0] INFO  pipeline.RatisPipelineProvider (RatisPipelineProvider.java:lambda$create$0(206)) - Sending CreatePipelineCommand for pipeline:PipelineID=efa6cb31-92b4-4224-b1a7-71ce5ac4cde1 to datanode:8050b7c4-5854-4456-9ff4-a8181b586109
2023-04-19 02:32:16,967 [RatisPipelineUtilsThread - 0] INFO  pipeline.RatisPipelineProvider (RatisPipelineProvider.java:lambda$create$0(206)) - Sending CreatePipelineCommand for pipeline:PipelineID=efa6cb31-92b4-4224-b1a7-71ce5ac4cde1 to datanode:209e8f7b-7310-4c05-bc4d-708a2d801edb
2023-04-19 02:32:16,967 [RatisPipelineUtilsThread - 0] INFO  pipeline.RatisPipelineProvider (RatisPipelineProvider.java:lambda$create$0(206)) - Sending CreatePipelineCommand for pipeline:PipelineID=efa6cb31-92b4-4224-b1a7-71ce5ac4cde1 to datanode:14fab107-599d-4166-92e2-a49b96c274c4
2023-04-19 02:32:16,976 [RatisPipelineUtilsThread - 0] INFO  pipeline.PipelineStateManagerImpl (PipelineStateManagerImpl.java:addPipeline(103)) - Created pipeline Pipeline[ Id: efa6cb31-92b4-4224-b1a7-71ce5ac4cde1, Nodes: 8050b7c4-5854-4456-9ff4-a8181b586109(fv-az127-56.h3uyzbqov44edfyrgkjongjtha.bx.internal.cloudapp.net/10.1.164.0)209e8f7b-7310-4c05-bc4d-708a2d801edb(fv-az127-56.h3uyzbqov44edfyrgkjongjtha.bx.internal.cloudapp.net/10.1.164.0)14fab107-599d-4166-92e2-a49b96c274c4(fv-az127-56.h3uyzbqov44edfyrgkjongjtha.bx.internal.cloudapp.net/10.1.164.0), ReplicationConfig: RATIS/THREE, State:ALLOCATED, leaderId:, CreationTimestamp2023-04-19T02:32:16.966Z[Etc/UTC]].
2023-04-19 02:32:16,978 [RatisPipelineUtilsThread - 0] WARN  pipeline.PipelinePlacementPolicy (PipelinePlacementPolicy.java:filterViableNodes(160)) - Pipeline creation failed due to no sufficient healthy datanodes. Required 3. Found 0. Excluded 3.
2023-04-19 02:32:17,000 [SCMBlockDeletingService#0] DEBUG block.SCMBlockDeletingService (SCMBlockDeletingService.java:shouldRun(251)) - Check scm block delete run: false serviceStatus: PAUSING safemodeExitRunDelayMillis: 3000 alreadyWaitTimeInMillis: 1681871537000
2023-04-19 02:32:17,007 [BlockDeletingService#2] INFO  interfaces.ContainerDeletionChoosingPolicyTemplate (ContainerDeletionChoosingPolicyTemplate.java:chooseContainerForBlockDeletion(83)) - Chosen 0/5000 blocks from 0 candidate containers.
2023-04-19 02:32:17,029 [BlockDeletingService#2] INFO  interfaces.ContainerDeletionChoosingPolicyTemplate (ContainerDeletionChoosingPolicyTemplate.java:chooseContainerForBlockDeletion(83)) - Chosen 0/5000 blocks from 0 candidate containers.
2023-04-19 02:32:17,047 [BlockDeletingService#1] INFO  interfaces.ContainerDeletionChoosingPolicyTemplate (ContainerDeletionChoosingPolicyTemplate.java:chooseContainerForBlockDeletion(83)) - Chosen 0/5000 blocks from 0 candidate containers.
2023-04-19 02:32:17,100 [SCMBlockDeletingService#0] DEBUG block.SCMBlockDeletingService (SCMBlockDeletingService.java:shouldRun(251)) - Check scm block delete run: false serviceStatus: PAUSING safemodeExitRunDelayMillis: 3000 alreadyWaitTimeInMillis: 1681871537100
2023-04-19 02:32:17,107 [BlockDeletingService#2] INFO  interfaces.ContainerDeletionChoosingPolicyTemplate (ContainerDeletionChoosingPolicyTemplate.java:chooseContainerForBlockDeletion(83)) - Chosen 0/5000 blocks from 0 candidate containers.
2023-04-19 02:32:17,130 [BlockDeletingService#2] INFO  interfaces.ContainerDeletionChoosingPolicyTemplate (ContainerDeletionChoosingPolicyTemplate.java:chooseContainerForBlockDeletion(83)) - Chosen 0/5000 blocks from 0 candidate containers.
2023-04-19 02:32:17,147 [BlockDeletingService#1] INFO  interfaces.ContainerDeletionChoosingPolicyTemplate (ContainerDeletionChoosingPolicyTemplate.java:chooseContainerForBlockDeletion(83)) - Chosen 0/5000 blocks from 0 candidate containers.
2023-04-19 02:32:17,200 [SCMBlockDeletingService#0] DEBUG block.SCMBlockDeletingService (SCMBlockDeletingService.java:shouldRun(251)) - Check scm block delete run: false serviceStatus: PAUSING safemodeExitRunDelayMillis: 3000 alreadyWaitTimeInMillis: 1681871537200
2023-04-19 02:32:17,208 [BlockDeletingService#2] INFO  interfaces.ContainerDeletionChoosingPolicyTemplate (ContainerDeletionChoosingPolicyTemplate.java:chooseContainerForBlockDeletion(83)) - Chosen 0/5000 blocks from 0 candidate containers.
2023-04-19 02:32:17,230 [BlockDeletingService#2] INFO  interfaces.ContainerDeletionChoosingPolicyTemplate (ContainerDeletionChoosingPolicyTemplate.java:chooseContainerForBlockDeletion(83)) - Chosen 0/5000 blocks from 0 candidate containers.
2023-04-19 02:32:17,247 [BlockDeletingService#1] INFO  interfaces.ContainerDeletionChoosingPolicyTemplate (ContainerDeletionChoosingPolicyTemplate.java:chooseContainerForBlockDeletion(83)) - Chosen 0/5000 blocks from 0 candidate containers.
2023-04-19 02:32:17,300 [SCMBlockDeletingService#0] DEBUG block.SCMBlockDeletingService (SCMBlockDeletingService.java:shouldRun(251)) - Check scm block delete run: false serviceStatus: PAUSING safemodeExitRunDelayMillis: 3000 alreadyWaitTimeInMillis: 1681871537300
2023-04-19 02:32:17,308 [BlockDeletingService#2] INFO  interfaces.ContainerDeletionChoosingPolicyTemplate (ContainerDeletionChoosingPolicyTemplate.java:chooseContainerForBlockDeletion(83)) - Chosen 0/5000 blocks from 0 candidate containers.
2023-04-19 02:32:17,330 [BlockDeletingService#2] INFO  interfaces.ContainerDeletionChoosingPolicyTemplate (ContainerDeletionChoosingPolicyTemplate.java:chooseContainerForBlockDeletion(83)) - Chosen 0/5000 blocks from 0 candidate containers.
2023-04-19 02:32:17,348 [BlockDeletingService#1] INFO  interfaces.ContainerDeletionChoosingPolicyTemplate (ContainerDeletionChoosingPolicyTemplate.java:chooseContainerForBlockDeletion(83)) - Chosen 0/5000 blocks from 0 candidate containers.
2023-04-19 02:32:17,401 [SCMBlockDeletingService#0] DEBUG block.SCMBlockDeletingService (SCMBlockDeletingService.java:shouldRun(251)) - Check scm block delete run: false serviceStatus: PAUSING safemodeExitRunDelayMillis: 3000 alreadyWaitTimeInMillis: 1681871537401
2023-04-19 02:32:17,408 [BlockDeletingService#2] INFO  interfaces.ContainerDeletionChoosingPolicyTemplate (ContainerDeletionChoosingPolicyTemplate.java:chooseContainerForBlockDeletion(83)) - Chosen 0/5000 blocks from 0 candidate containers.
2023-04-19 02:32:17,431 [BlockDeletingService#2] INFO  interfaces.ContainerDeletionChoosingPolicyTemplate (ContainerDeletionChoosingPolicyTemplate.java:chooseContainerForBlockDeletion(83)) - Chosen 0/5000 blocks from 0 candidate containers.
2023-04-19 02:32:17,448 [BlockDeletingService#1] INFO  interfaces.ContainerDeletionChoosingPolicyTemplate (ContainerDeletionChoosingPolicyTemplate.java:chooseContainerForBlockDeletion(83)) - Chosen 0/5000 blocks from 0 candidate containers.
2023-04-19 02:32:17,501 [SCMBlockDeletingService#0] DEBUG block.SCMBlockDeletingService (SCMBlockDeletingService.java:shouldRun(251)) - Check scm block delete run: false serviceStatus: PAUSING safemodeExitRunDelayMillis: 3000 alreadyWaitTimeInMillis: 1681871537501
2023-04-19 02:32:17,509 [BlockDeletingService#2] INFO  interfaces.ContainerDeletionChoosingPolicyTemplate (ContainerDeletionChoosingPolicyTemplate.java:chooseContainerForBlockDeletion(83)) - Chosen 0/5000 blocks from 0 candidate containers.
2023-04-19 02:32:17,531 [BlockDeletingService#2] INFO  interfaces.ContainerDeletionChoosingPolicyTemplate (ContainerDeletionChoosingPolicyTemplate.java:chooseContainerForBlockDeletion(83)) - Chosen 0/5000 blocks from 0 candidate containers.
2023-04-19 02:32:17,548 [BlockDeletingService#1] INFO  interfaces.ContainerDeletionChoosingPolicyTemplate (ContainerDeletionChoosingPolicyTemplate.java:chooseContainerForBlockDeletion(83)) - Chosen 0/5000 blocks from 0 candidate containers.
2023-04-19 02:32:17,601 [SCMBlockDeletingService#0] DEBUG block.SCMBlockDeletingService (SCMBlockDeletingService.java:shouldRun(251)) - Check scm block delete run: false serviceStatus: PAUSING safemodeExitRunDelayMillis: 3000 alreadyWaitTimeInMillis: 1681871537601
2023-04-19 02:32:17,609 [BlockDeletingService#2] INFO  interfaces.ContainerDeletionChoosingPolicyTemplate (ContainerDeletionChoosingPolicyTemplate.java:chooseContainerForBlockDeletion(83)) - Chosen 0/5000 blocks from 0 candidate containers.
2023-04-19 02:32:17,631 [BlockDeletingService#2] INFO  interfaces.ContainerDeletionChoosingPolicyTemplate (ContainerDeletionChoosingPolicyTemplate.java:chooseContainerForBlockDeletion(83)) - Chosen 0/5000 blocks from 0 candidate containers.
2023-04-19 02:32:17,648 [BlockDeletingService#1] INFO  interfaces.ContainerDeletionChoosingPolicyTemplate (ContainerDeletionChoosingPolicyTemplate.java:chooseContainerForBlockDeletion(83)) - Chosen 0/5000 blocks from 0 candidate containers.
2023-04-19 02:32:17,701 [SCMBlockDeletingService#0] DEBUG block.SCMBlockDeletingService (SCMBlockDeletingService.java:shouldRun(251)) - Check scm block delete run: false serviceStatus: PAUSING safemodeExitRunDelayMillis: 3000 alreadyWaitTimeInMillis: 1681871537701
2023-04-19 02:32:17,709 [BlockDeletingService#2] INFO  interfaces.ContainerDeletionChoosingPolicyTemplate (ContainerDeletionChoosingPolicyTemplate.java:chooseContainerForBlockDeletion(83)) - Chosen 0/5000 blocks from 0 candidate containers.
2023-04-19 02:32:17,732 [BlockDeletingService#2] INFO  interfaces.ContainerDeletionChoosingPolicyTemplate (ContainerDeletionChoosingPolicyTemplate.java:chooseContainerForBlockDeletion(83)) - Chosen 0/5000 blocks from 0 candidate containers.
2023-04-19 02:32:17,748 [BlockDeletingService#1] INFO  interfaces.ContainerDeletionChoosingPolicyTemplate (ContainerDeletionChoosingPolicyTemplate.java:chooseContainerForBlockDeletion(83)) - Chosen 0/5000 blocks from 0 candidate containers.
2023-04-19 02:32:17,801 [SCMBlockDeletingService#0] DEBUG block.SCMBlockDeletingService (SCMBlockDeletingService.java:shouldRun(251)) - Check scm block delete run: false serviceStatus: PAUSING safemodeExitRunDelayMillis: 3000 alreadyWaitTimeInMillis: 1681871537801
2023-04-19 02:32:17,810 [BlockDeletingService#2] INFO  interfaces.ContainerDeletionChoosingPolicyTemplate (ContainerDeletionChoosingPolicyTemplate.java:chooseContainerForBlockDeletion(83)) - Chosen 0/5000 blocks from 0 candidate containers.
2023-04-19 02:32:17,833 [BlockDeletingService#2] INFO  interfaces.ContainerDeletionChoosingPolicyTemplate (ContainerDeletionChoosingPolicyTemplate.java:chooseContainerForBlockDeletion(83)) - Chosen 0/5000 blocks from 0 candidate containers.
2023-04-19 02:32:17,849 [BlockDeletingService#1] INFO  interfaces.ContainerDeletionChoosingPolicyTemplate (ContainerDeletionChoosingPolicyTemplate.java:chooseContainerForBlockDeletion(83)) - Chosen 0/5000 blocks from 0 candidate containers.
2023-04-19 02:32:17,901 [SCMBlockDeletingService#0] DEBUG block.SCMBlockDeletingService (SCMBlockDeletingService.java:shouldRun(251)) - Check scm block delete run: false serviceStatus: PAUSING safemodeExitRunDelayMillis: 3000 alreadyWaitTimeInMillis: 1681871537901
2023-04-19 02:32:17,910 [BlockDeletingService#2] INFO  interfaces.ContainerDeletionChoosingPolicyTemplate (ContainerDeletionChoosingPolicyTemplate.java:chooseContainerForBlockDeletion(83)) - Chosen 0/5000 blocks from 0 candidate containers.
2023-04-19 02:32:17,933 [BlockDeletingService#2] INFO  interfaces.ContainerDeletionChoosingPolicyTemplate (ContainerDeletionChoosingPolicyTemplate.java:chooseContainerForBlockDeletion(83)) - Chosen 0/5000 blocks from 0 candidate containers.
2023-04-19 02:32:17,946 [Listener at 127.0.0.1/42295] INFO  ozone.MiniOzoneClusterImpl (MiniOzoneClusterImpl.java:lambda$waitForClusterToBeReady$0(222)) - Nodes are ready. Got 3 of 3 DN Heartbeats.
2023-04-19 02:32:17,946 [Listener at 127.0.0.1/42295] INFO  ozone.MiniOzoneClusterImpl (MiniOzoneClusterImpl.java:lambda$waitForClusterToBeReady$0(225)) - Waiting for cluster to exit safe mode
2023-04-19 02:32:17,946 [Listener at 127.0.0.1/42295] INFO  ozone.MiniOzoneClusterImpl (MiniOzoneClusterImpl.java:lambda$waitForClusterToBeReady$0(227)) - SCM became leader
2023-04-19 02:32:17,949 [BlockDeletingService#1] INFO  interfaces.ContainerDeletionChoosingPolicyTemplate (ContainerDeletionChoosingPolicyTemplate.java:chooseContainerForBlockDeletion(83)) - Chosen 0/5000 blocks from 0 candidate containers.
2023-04-19 02:32:18,001 [SCMBlockDeletingService#0] DEBUG block.SCMBlockDeletingService (SCMBlockDeletingService.java:shouldRun(251)) - Check scm block delete run: false serviceStatus: PAUSING safemodeExitRunDelayMillis: 3000 alreadyWaitTimeInMillis: 1681871538001
2023-04-19 02:32:18,010 [BlockDeletingService#2] INFO  interfaces.ContainerDeletionChoosingPolicyTemplate (ContainerDeletionChoosingPolicyTemplate.java:chooseContainerForBlockDeletion(83)) - Chosen 0/5000 blocks from 0 candidate containers.
2023-04-19 02:32:18,033 [BlockDeletingService#2] INFO  interfaces.ContainerDeletionChoosingPolicyTemplate (ContainerDeletionChoosingPolicyTemplate.java:chooseContainerForBlockDeletion(83)) - Chosen 0/5000 blocks from 0 candidate containers.
2023-04-19 02:32:18,049 [BlockDeletingService#1] INFO  interfaces.ContainerDeletionChoosingPolicyTemplate (ContainerDeletionChoosingPolicyTemplate.java:chooseContainerForBlockDeletion(83)) - Chosen 0/5000 blocks from 0 candidate containers.
2023-04-19 02:32:18,101 [SCMBlockDeletingService#0] DEBUG block.SCMBlockDeletingService (SCMBlockDeletingService.java:shouldRun(251)) - Check scm block delete run: false serviceStatus: PAUSING safemodeExitRunDelayMillis: 3000 alreadyWaitTimeInMillis: 1681871538101
2023-04-19 02:32:18,110 [BlockDeletingService#2] INFO  interfaces.ContainerDeletionChoosingPolicyTemplate (ContainerDeletionChoosingPolicyTemplate.java:chooseContainerForBlockDeletion(83)) - Chosen 0/5000 blocks from 0 candidate containers.
2023-04-19 02:32:18,134 [BlockDeletingService#2] INFO  interfaces.ContainerDeletionChoosingPolicyTemplate (ContainerDeletionChoosingPolicyTemplate.java:chooseContainerForBlockDeletion(83)) - Chosen 0/5000 blocks from 0 candidate containers.
2023-04-19 02:32:18,149 [BlockDeletingService#1] INFO  interfaces.ContainerDeletionChoosingPolicyTemplate (ContainerDeletionChoosingPolicyTemplate.java:chooseContainerForBlockDeletion(83)) - Chosen 0/5000 blocks from 0 candidate containers.
2023-04-19 02:32:18,201 [SCMBlockDeletingService#0] DEBUG block.SCMBlockDeletingService (SCMBlockDeletingService.java:shouldRun(251)) - Check scm block delete run: false serviceStatus: PAUSING safemodeExitRunDelayMillis: 3000 alreadyWaitTimeInMillis: 1681871538201
2023-04-19 02:32:18,211 [BlockDeletingService#2] INFO  interfaces.ContainerDeletionChoosingPolicyTemplate (ContainerDeletionChoosingPolicyTemplate.java:chooseContainerForBlockDeletion(83)) - Chosen 0/5000 blocks from 0 candidate containers.
2023-04-19 02:32:18,234 [BlockDeletingService#2] INFO  interfaces.ContainerDeletionChoosingPolicyTemplate (ContainerDeletionChoosingPolicyTemplate.java:chooseContainerForBlockDeletion(83)) - Chosen 0/5000 blocks from 0 candidate containers.
2023-04-19 02:32:18,249 [BlockDeletingService#1] INFO  interfaces.ContainerDeletionChoosingPolicyTemplate (ContainerDeletionChoosingPolicyTemplate.java:chooseContainerForBlockDeletion(83)) - Chosen 0/5000 blocks from 0 candidate containers.
2023-04-19 02:32:18,302 [SCMBlockDeletingService#0] DEBUG block.SCMBlockDeletingService (SCMBlockDeletingService.java:shouldRun(251)) - Check scm block delete run: false serviceStatus: PAUSING safemodeExitRunDelayMillis: 3000 alreadyWaitTimeInMillis: 1681871538302
2023-04-19 02:32:18,311 [BlockDeletingService#2] INFO  interfaces.ContainerDeletionChoosingPolicyTemplate (ContainerDeletionChoosingPolicyTemplate.java:chooseContainerForBlockDeletion(83)) - Chosen 0/5000 blocks from 0 candidate containers.
2023-04-19 02:32:18,334 [BlockDeletingService#2] INFO  interfaces.ContainerDeletionChoosingPolicyTemplate (ContainerDeletionChoosingPolicyTemplate.java:chooseContainerForBlockDeletion(83)) - Chosen 0/5000 blocks from 0 candidate containers.
2023-04-19 02:32:18,350 [BlockDeletingService#1] INFO  interfaces.ContainerDeletionChoosingPolicyTemplate (ContainerDeletionChoosingPolicyTemplate.java:chooseContainerForBlockDeletion(83)) - Chosen 0/5000 blocks from 0 candidate containers.
2023-04-19 02:32:18,402 [SCMBlockDeletingService#0] DEBUG block.SCMBlockDeletingService (SCMBlockDeletingService.java:shouldRun(251)) - Check scm block delete run: false serviceStatus: PAUSING safemodeExitRunDelayMillis: 3000 alreadyWaitTimeInMillis: 1681871538402
2023-04-19 02:32:18,411 [BlockDeletingService#2] INFO  interfaces.ContainerDeletionChoosingPolicyTemplate (ContainerDeletionChoosingPolicyTemplate.java:chooseContainerForBlockDeletion(83)) - Chosen 0/5000 blocks from 0 candidate containers.
2023-04-19 02:32:18,434 [BlockDeletingService#2] INFO  interfaces.ContainerDeletionChoosingPolicyTemplate (ContainerDeletionChoosingPolicyTemplate.java:chooseContainerForBlockDeletion(83)) - Chosen 0/5000 blocks from 0 candidate containers.
2023-04-19 02:32:18,450 [BlockDeletingService#1] INFO  interfaces.ContainerDeletionChoosingPolicyTemplate (ContainerDeletionChoosingPolicyTemplate.java:chooseContainerForBlockDeletion(83)) - Chosen 0/5000 blocks from 0 candidate containers.
2023-04-19 02:32:18,502 [SCMBlockDeletingService#0] DEBUG block.SCMBlockDeletingService (SCMBlockDeletingService.java:shouldRun(251)) - Check scm block delete run: false serviceStatus: PAUSING safemodeExitRunDelayMillis: 3000 alreadyWaitTimeInMillis: 1681871538502
2023-04-19 02:32:18,511 [BlockDeletingService#2] INFO  interfaces.ContainerDeletionChoosingPolicyTemplate (ContainerDeletionChoosingPolicyTemplate.java:chooseContainerForBlockDeletion(83)) - Chosen 0/5000 blocks from 0 candidate containers.
2023-04-19 02:32:18,535 [BlockDeletingService#2] INFO  interfaces.ContainerDeletionChoosingPolicyTemplate (ContainerDeletionChoosingPolicyTemplate.java:chooseContainerForBlockDeletion(83)) - Chosen 0/5000 blocks from 0 candidate containers.
2023-04-19 02:32:18,550 [BlockDeletingService#1] INFO  interfaces.ContainerDeletionChoosingPolicyTemplate (ContainerDeletionChoosingPolicyTemplate.java:chooseContainerForBlockDeletion(83)) - Chosen 0/5000 blocks from 0 candidate containers.
2023-04-19 02:32:18,602 [SCMBlockDeletingService#0] DEBUG block.SCMBlockDeletingService (SCMBlockDeletingService.java:shouldRun(251)) - Check scm block delete run: false serviceStatus: PAUSING safemodeExitRunDelayMillis: 3000 alreadyWaitTimeInMillis: 1681871538602
2023-04-19 02:32:18,612 [BlockDeletingService#2] INFO  interfaces.ContainerDeletionChoosingPolicyTemplate (ContainerDeletionChoosingPolicyTemplate.java:chooseContainerForBlockDeletion(83)) - Chosen 0/5000 blocks from 0 candidate containers.
2023-04-19 02:32:18,635 [BlockDeletingService#2] INFO  interfaces.ContainerDeletionChoosingPolicyTemplate (ContainerDeletionChoosingPolicyTemplate.java:chooseContainerForBlockDeletion(83)) - Chosen 0/5000 blocks from 0 candidate containers.
2023-04-19 02:32:18,650 [BlockDeletingService#1] INFO  interfaces.ContainerDeletionChoosingPolicyTemplate (ContainerDeletionChoosingPolicyTemplate.java:chooseContainerForBlockDeletion(83)) - Chosen 0/5000 blocks from 0 candidate containers.
2023-04-19 02:32:18,702 [SCMBlockDeletingService#0] DEBUG block.SCMBlockDeletingService (SCMBlockDeletingService.java:shouldRun(251)) - Check scm block delete run: false serviceStatus: PAUSING safemodeExitRunDelayMillis: 3000 alreadyWaitTimeInMillis: 1681871538702
2023-04-19 02:32:18,712 [BlockDeletingService#2] INFO  interfaces.ContainerDeletionChoosingPolicyTemplate (ContainerDeletionChoosingPolicyTemplate.java:chooseContainerForBlockDeletion(83)) - Chosen 0/5000 blocks from 0 candidate containers.
2023-04-19 02:32:18,735 [BlockDeletingService#2] INFO  interfaces.ContainerDeletionChoosingPolicyTemplate (ContainerDeletionChoosingPolicyTemplate.java:chooseContainerForBlockDeletion(83)) - Chosen 0/5000 blocks from 0 candidate containers.
2023-04-19 02:32:18,750 [BlockDeletingService#1] INFO  interfaces.ContainerDeletionChoosingPolicyTemplate (ContainerDeletionChoosingPolicyTemplate.java:chooseContainerForBlockDeletion(83)) - Chosen 0/5000 blocks from 0 candidate containers.
2023-04-19 02:32:18,802 [SCMBlockDeletingService#0] DEBUG block.SCMBlockDeletingService (SCMBlockDeletingService.java:shouldRun(251)) - Check scm block delete run: false serviceStatus: PAUSING safemodeExitRunDelayMillis: 3000 alreadyWaitTimeInMillis: 1681871538802
2023-04-19 02:32:18,812 [BlockDeletingService#2] INFO  interfaces.ContainerDeletionChoosingPolicyTemplate (ContainerDeletionChoosingPolicyTemplate.java:chooseContainerForBlockDeletion(83)) - Chosen 0/5000 blocks from 0 candidate containers.
2023-04-19 02:32:18,835 [BlockDeletingService#2] INFO  interfaces.ContainerDeletionChoosingPolicyTemplate (ContainerDeletionChoosingPolicyTemplate.java:chooseContainerForBlockDeletion(83)) - Chosen 0/5000 blocks from 0 candidate containers.
2023-04-19 02:32:18,851 [BlockDeletingService#1] INFO  interfaces.ContainerDeletionChoosingPolicyTemplate (ContainerDeletionChoosingPolicyTemplate.java:chooseContainerForBlockDeletion(83)) - Chosen 0/5000 blocks from 0 candidate containers.
2023-04-19 02:32:18,902 [SCMBlockDeletingService#0] DEBUG block.SCMBlockDeletingService (SCMBlockDeletingService.java:shouldRun(251)) - Check scm block delete run: false serviceStatus: PAUSING safemodeExitRunDelayMillis: 3000 alreadyWaitTimeInMillis: 1681871538902
2023-04-19 02:32:18,912 [BlockDeletingService#2] INFO  interfaces.ContainerDeletionChoosingPolicyTemplate (ContainerDeletionChoosingPolicyTemplate.java:chooseContainerForBlockDeletion(83)) - Chosen 0/5000 blocks from 0 candidate containers.
2023-04-19 02:32:18,935 [BlockDeletingService#2] INFO  interfaces.ContainerDeletionChoosingPolicyTemplate (ContainerDeletionChoosingPolicyTemplate.java:chooseContainerForBlockDeletion(83)) - Chosen 0/5000 blocks from 0 candidate containers.
2023-04-19 02:32:18,946 [Listener at 127.0.0.1/42295] INFO  ozone.MiniOzoneClusterImpl (MiniOzoneClusterImpl.java:lambda$waitForClusterToBeReady$0(222)) - Nodes are ready. Got 3 of 3 DN Heartbeats.
2023-04-19 02:32:18,946 [Listener at 127.0.0.1/42295] INFO  ozone.MiniOzoneClusterImpl (MiniOzoneClusterImpl.java:lambda$waitForClusterToBeReady$0(225)) - Waiting for cluster to exit safe mode
2023-04-19 02:32:18,947 [Listener at 127.0.0.1/42295] INFO  ozone.MiniOzoneClusterImpl (MiniOzoneClusterImpl.java:lambda$waitForClusterToBeReady$0(227)) - SCM became leader
2023-04-19 02:32:18,951 [BlockDeletingService#1] INFO  interfaces.ContainerDeletionChoosingPolicyTemplate (ContainerDeletionChoosingPolicyTemplate.java:chooseContainerForBlockDeletion(83)) - Chosen 0/5000 blocks from 0 candidate containers.
2023-04-19 02:32:19,002 [SCMBlockDeletingService#0] DEBUG block.SCMBlockDeletingService (SCMBlockDeletingService.java:shouldRun(251)) - Check scm block delete run: false serviceStatus: PAUSING safemodeExitRunDelayMillis: 3000 alreadyWaitTimeInMillis: 1681871539002
2023-04-19 02:32:19,013 [BlockDeletingService#2] INFO  interfaces.ContainerDeletionChoosingPolicyTemplate (ContainerDeletionChoosingPolicyTemplate.java:chooseContainerForBlockDeletion(83)) - Chosen 0/5000 blocks from 0 candidate containers.
2023-04-19 02:32:19,024 [Command processor thread] INFO  server.RaftServer (RaftServerProxy.java:addNew(96)) - 14fab107-599d-4166-92e2-a49b96c274c4: addNew group-71CE5AC4CDE1:[8050b7c4-5854-4456-9ff4-a8181b586109|rpc:10.1.164.0:38315|dataStream:10.1.164.0:37915|priority:0|startupRole:FOLLOWER, 209e8f7b-7310-4c05-bc4d-708a2d801edb|rpc:10.1.164.0:45585|dataStream:10.1.164.0:46227|priority:0|startupRole:FOLLOWER, 14fab107-599d-4166-92e2-a49b96c274c4|rpc:10.1.164.0:42111|dataStream:10.1.164.0:40843|priority:1|startupRole:FOLLOWER] returns group-71CE5AC4CDE1:java.util.concurrent.CompletableFuture@41dd4518[Not completed]
2023-04-19 02:32:19,036 [BlockDeletingService#2] INFO  interfaces.ContainerDeletionChoosingPolicyTemplate (ContainerDeletionChoosingPolicyTemplate.java:chooseContainerForBlockDeletion(83)) - Chosen 0/5000 blocks from 0 candidate containers.
2023-04-19 02:32:19,038 [pool-79-thread-1] INFO  server.RaftServer$Division (RaftServerImpl.java:<init>(195)) - 14fab107-599d-4166-92e2-a49b96c274c4: new RaftServerImpl for group-71CE5AC4CDE1:[8050b7c4-5854-4456-9ff4-a8181b586109|rpc:10.1.164.0:38315|dataStream:10.1.164.0:37915|priority:0|startupRole:FOLLOWER, 209e8f7b-7310-4c05-bc4d-708a2d801edb|rpc:10.1.164.0:45585|dataStream:10.1.164.0:46227|priority:0|startupRole:FOLLOWER, 14fab107-599d-4166-92e2-a49b96c274c4|rpc:10.1.164.0:42111|dataStream:10.1.164.0:40843|priority:1|startupRole:FOLLOWER] with ContainerStateMachine:uninitialized
2023-04-19 02:32:19,038 [pool-79-thread-1] INFO  server.RaftServerConfigKeys (ConfUtils.java:logGet(46)) - raft.server.rpc.timeout.min = 5s (custom)
2023-04-19 02:32:19,039 [pool-79-thread-1] INFO  server.RaftServerConfigKeys (ConfUtils.java:logGet(46)) - raft.server.rpc.timeout.max = 5200ms (custom)
2023-04-19 02:32:19,039 [pool-79-thread-1] INFO  server.RaftServerConfigKeys (ConfUtils.java:logGet(46)) - raft.server.rpc.sleep.time = 25ms (default)
2023-04-19 02:32:19,039 [pool-79-thread-1] INFO  server.RaftServerConfigKeys (ConfUtils.java:logGet(46)) - raft.server.rpc.slowness.timeout = 300s (custom)
2023-04-19 02:32:19,039 [pool-79-thread-1] INFO  server.RaftServerConfigKeys (ConfUtils.java:logGet(46)) - raft.server.leaderelection.leader.step-down.wait-time = 10s (default)
2023-04-19 02:32:19,039 [pool-79-thread-1] INFO  server.RaftServerConfigKeys (ConfUtils.java:logGet(46)) - raft.server.sleep.deviation.threshold = 300ms (default)
2023-04-19 02:32:19,039 [pool-79-thread-1] INFO  server.RaftServer$Division (ServerState.java:<init>(118)) - 14fab107-599d-4166-92e2-a49b96c274c4@group-71CE5AC4CDE1: ConfigurationManager, init=-1: peers:[8050b7c4-5854-4456-9ff4-a8181b586109|rpc:10.1.164.0:38315|dataStream:10.1.164.0:37915|priority:0|startupRole:FOLLOWER, 209e8f7b-7310-4c05-bc4d-708a2d801edb|rpc:10.1.164.0:45585|dataStream:10.1.164.0:46227|priority:0|startupRole:FOLLOWER, 14fab107-599d-4166-92e2-a49b96c274c4|rpc:10.1.164.0:42111|dataStream:10.1.164.0:40843|priority:1|startupRole:FOLLOWER]|listeners:[], old=null, confs=<EMPTY_MAP>
2023-04-19 02:32:19,039 [pool-79-thread-1] INFO  server.RaftServerConfigKeys (ConfUtils.java:logGet(46)) - raft.server.storage.dir = [/home/runner/work/ozone/ozone/hadoop-ozone/integration-test/target/test-dir/MiniOzoneClusterImpl-4a8f3de1-6dc7-4495-8b56-1623617bdc2e/datanode-0/data/ratis] (custom)
2023-04-19 02:32:19,039 [pool-79-thread-1] INFO  server.RaftServerConfigKeys (ConfUtils.java:logGet(46)) - raft.server.log.corruption.policy = EXCEPTION (default)
2023-04-19 02:32:19,039 [pool-79-thread-1] INFO  server.RaftServerConfigKeys (ConfUtils.java:logGet(46)) - raft.server.storage.free-space.min = 0MB (=0) (default)
2023-04-19 02:32:19,039 [pool-79-thread-1] INFO  server.RaftServerConfigKeys (ConfUtils.java:logGet(46)) - raft.server.notification.no-leader.timeout = 300s (custom)
2023-04-19 02:32:19,039 [pool-79-thread-1] INFO  server.RaftServerConfigKeys (ConfUtils.java:logGet(46)) - raft.server.retrycache.expirytime = 600000ms (custom)
2023-04-19 02:32:19,039 [pool-79-thread-1] INFO  server.RaftServerConfigKeys (ConfUtils.java:logGet(46)) - raft.server.retrycache.statistics.expirytime = 100μs (default)
2023-04-19 02:32:19,041 [pool-79-thread-1] INFO  server.RaftServerConfigKeys (ConfUtils.java:logGet(46)) - raft.server.log.appender.install.snapshot.enabled = false (custom)
2023-04-19 02:32:19,041 [pool-79-thread-1] INFO  server.RaftServerConfigKeys (ConfUtils.java:logGet(46)) - raft.server.threadpool.server.cached = true (default)
2023-04-19 02:32:19,041 [pool-79-thread-1] INFO  server.RaftServerConfigKeys (ConfUtils.java:logGet(46)) - raft.server.threadpool.server.size = 0 (default)
2023-04-19 02:32:19,041 [pool-79-thread-1] INFO  server.RaftServerConfigKeys (ConfUtils.java:logGet(46)) - raft.server.threadpool.client.cached = true (default)
2023-04-19 02:32:19,041 [pool-79-thread-1] INFO  server.RaftServerConfigKeys (ConfUtils.java:logGet(46)) - raft.server.threadpool.client.size = 0 (default)
2023-04-19 02:32:19,042 [pool-79-thread-1] INFO  storage.RaftStorageDirectory (RaftStorageDirectoryImpl.java:analyzeStorage(137)) - The storage directory /home/runner/work/ozone/ozone/hadoop-ozone/integration-test/target/test-dir/MiniOzoneClusterImpl-4a8f3de1-6dc7-4495-8b56-1623617bdc2e/datanode-0/data/ratis/efa6cb31-92b4-4224-b1a7-71ce5ac4cde1 does not exist. Creating ...
2023-04-19 02:32:19,044 [pool-79-thread-1] INFO  storage.RaftStorageDirectory (RaftStorageDirectoryImpl.java:tryLock(231)) - Lock on /home/runner/work/ozone/ozone/hadoop-ozone/integration-test/target/test-dir/MiniOzoneClusterImpl-4a8f3de1-6dc7-4495-8b56-1623617bdc2e/datanode-0/data/ratis/efa6cb31-92b4-4224-b1a7-71ce5ac4cde1/in_use.lock acquired by nodename 42788@fv-az127-56
2023-04-19 02:32:19,045 [pool-79-thread-1] INFO  storage.RaftStorage (RaftStorageImpl.java:format(96)) - Storage directory /home/runner/work/ozone/ozone/hadoop-ozone/integration-test/target/test-dir/MiniOzoneClusterImpl-4a8f3de1-6dc7-4495-8b56-1623617bdc2e/datanode-0/data/ratis/efa6cb31-92b4-4224-b1a7-71ce5ac4cde1 has been successfully formatted.
2023-04-19 02:32:19,048 [pool-79-thread-1] INFO  ratis.ContainerStateMachine (ContainerStateMachine.java:loadSnapshot(262)) - group-71CE5AC4CDE1: The snapshot info is null. Setting the last applied indexto:(t:0, i:~)
2023-04-19 02:32:19,048 [pool-79-thread-1] INFO  server.RaftServerConfigKeys (ConfUtils.java:logGet(46)) - raft.server.log.use.memory = false (default)
2023-04-19 02:32:19,050 [pool-79-thread-1] INFO  server.RaftServerConfigKeys (ConfUtils.java:logGet(46)) - raft.server.log.purge.gap = 1000000 (custom)
2023-04-19 02:32:19,050 [pool-79-thread-1] INFO  server.RaftServerConfigKeys (ConfUtils.java:logGet(46)) - raft.server.log.appender.buffer.byte-limit = 33554432 (custom)
2023-04-19 02:32:19,050 [pool-79-thread-1] INFO  server.RaftServerConfigKeys (ConfUtils.java:logGet(46)) - raft.server.log.statemachine.data.read.timeout = 1000ms (default)
2023-04-19 02:32:19,050 [pool-79-thread-1] INFO  server.RaftServerConfigKeys (ConfUtils.java:logGet(46)) - raft.server.log.purge.preservation.log.num = 0 (default)
2023-04-19 02:32:19,050 [pool-79-thread-1] INFO  server.RaftServerConfigKeys (ConfUtils.java:logGet(46)) - raft.server.log.segment.size.max = 1048576 (custom)
2023-04-19 02:32:19,051 [BlockDeletingService#1] INFO  interfaces.ContainerDeletionChoosingPolicyTemplate (ContainerDeletionChoosingPolicyTemplate.java:chooseContainerForBlockDeletion(83)) - Chosen 0/5000 blocks from 0 candidate containers.
2023-04-19 02:32:19,051 [pool-79-thread-1] INFO  server.RaftServerConfigKeys (ConfUtils.java:logGet(46)) - raft.server.log.segment.cache.num.max = 2 (custom)
2023-04-19 02:32:19,051 [pool-79-thread-1] INFO  server.RaftServerConfigKeys (ConfUtils.java:logGet(46)) - raft.server.log.segment.cache.size.max = 200MB (=209715200) (default)
2023-04-19 02:32:19,052 [pool-79-thread-1] INFO  segmented.SegmentedRaftLogWorker (SegmentedRaftLogWorker.java:<init>(189)) - new 14fab107-599d-4166-92e2-a49b96c274c4@group-71CE5AC4CDE1-SegmentedRaftLogWorker for RaftStorageImpl:Storage Directory /home/runner/work/ozone/ozone/hadoop-ozone/integration-test/target/test-dir/MiniOzoneClusterImpl-4a8f3de1-6dc7-4495-8b56-1623617bdc2e/datanode-0/data/ratis/efa6cb31-92b4-4224-b1a7-71ce5ac4cde1
2023-04-19 02:32:19,052 [pool-79-thread-1] INFO  server.RaftServerConfigKeys (ConfUtils.java:logGet(46)) - raft.server.log.queue.byte-limit = 4294967296 (custom)
2023-04-19 02:32:19,052 [pool-79-thread-1] INFO  server.RaftServerConfigKeys (ConfUtils.java:logGet(46)) - raft.server.log.queue.element-limit = 1024 (custom)
2023-04-19 02:32:19,052 [pool-79-thread-1] INFO  server.RaftServerConfigKeys (ConfUtils.java:logGet(46)) - raft.server.log.segment.size.max = 1048576 (custom)
2023-04-19 02:32:19,052 [pool-79-thread-1] INFO  server.RaftServerConfigKeys (ConfUtils.java:logGet(46)) - raft.server.log.preallocated.size = 16384 (custom)
2023-04-19 02:32:19,052 [pool-79-thread-1] INFO  server.RaftServerConfigKeys (ConfUtils.java:logGet(46)) - raft.server.log.force.sync.num = 128 (default)
2023-04-19 02:32:19,052 [pool-79-thread-1] INFO  server.RaftServerConfigKeys (ConfUtils.java:logGet(46)) - raft.server.log.statemachine.data.sync = true (default)
2023-04-19 02:32:19,052 [pool-79-thread-1] INFO  server.RaftServerConfigKeys (ConfUtils.java:logGet(46)) - raft.server.log.statemachine.data.sync.timeout = 10s (default)
2023-04-19 02:32:19,052 [pool-79-thread-1] INFO  server.RaftServerConfigKeys (ConfUtils.java:logGet(46)) - raft.server.log.statemachine.data.sync.timeout.retry = -1 (default)
2023-04-19 02:32:19,053 [pool-79-thread-1] INFO  server.RaftServerConfigKeys (ConfUtils.java:logGet(46)) - raft.server.log.write.buffer.size = 1048576 (custom)
2023-04-19 02:32:19,054 [pool-79-thread-1] INFO  server.RaftServerConfigKeys (ConfUtils.java:logGet(46)) - raft.server.log.appender.buffer.byte-limit = 33554432 (custom)
2023-04-19 02:32:19,059 [pool-79-thread-1] INFO  server.RaftServerConfigKeys (ConfUtils.java:logGet(46)) - raft.server.log.unsafe-flush.enabled = false (default)
2023-04-19 02:32:19,059 [pool-79-thread-1] INFO  server.RaftServerConfigKeys (ConfUtils.java:logGet(46)) - raft.server.log.async-flush.enabled = false (default)
2023-04-19 02:32:19,059 [pool-79-thread-1] INFO  server.RaftServerConfigKeys (ConfUtils.java:logGet(46)) - raft.server.log.statemachine.data.caching.enabled = true (custom)
2023-04-19 02:32:19,059 [pool-79-thread-1] INFO  segmented.SegmentedRaftLogWorker (SegmentedRaftLogWorker.java:lambda$new$0(135)) - 14fab107-599d-4166-92e2-a49b96c274c4@group-71CE5AC4CDE1-SegmentedRaftLogWorker: flushIndex: setUnconditionally 0 -> -1
2023-04-19 02:32:19,059 [pool-79-thread-1] INFO  segmented.SegmentedRaftLogWorker (SegmentedRaftLogWorker.java:lambda$new$0(135)) - 14fab107-599d-4166-92e2-a49b96c274c4@group-71CE5AC4CDE1-SegmentedRaftLogWorker: safeCacheEvictIndex: setUnconditionally 0 -> -1
2023-04-19 02:32:19,060 [pool-79-thread-1] INFO  server.RaftServer$Division (RaftServerImpl.java:start(334)) - 14fab107-599d-4166-92e2-a49b96c274c4@group-71CE5AC4CDE1: start as a follower, conf=-1: peers:[8050b7c4-5854-4456-9ff4-a8181b586109|rpc:10.1.164.0:38315|dataStream:10.1.164.0:37915|priority:0|startupRole:FOLLOWER, 209e8f7b-7310-4c05-bc4d-708a2d801edb|rpc:10.1.164.0:45585|dataStream:10.1.164.0:46227|priority:0|startupRole:FOLLOWER, 14fab107-599d-4166-92e2-a49b96c274c4|rpc:10.1.164.0:42111|dataStream:10.1.164.0:40843|priority:1|startupRole:FOLLOWER]|listeners:[], old=null
2023-04-19 02:32:19,060 [pool-79-thread-1] INFO  server.RaftServer$Division (RaftServerImpl.java:setRole(321)) - 14fab107-599d-4166-92e2-a49b96c274c4@group-71CE5AC4CDE1: changes role from      null to FOLLOWER at term 0 for startAsFollower
2023-04-19 02:32:19,060 [pool-79-thread-1] INFO  impl.RoleInfo (RoleInfo.java:updateAndGet(139)) - 14fab107-599d-4166-92e2-a49b96c274c4: start 14fab107-599d-4166-92e2-a49b96c274c4@group-71CE5AC4CDE1-FollowerState
2023-04-19 02:32:19,064 [pool-79-thread-1] INFO  util.JmxRegister (JmxRegister.java:tryRegister(44)) - Successfully registered JMX Bean with object name Ratis:service=RaftServer,group=group-71CE5AC4CDE1,id=14fab107-599d-4166-92e2-a49b96c274c4
2023-04-19 02:32:19,064 [pool-79-thread-1] INFO  server.RaftServerConfigKeys (ConfUtils.java:logGet(46)) - raft.server.snapshot.auto.trigger.enabled = true (custom)
2023-04-19 02:32:19,064 [pool-79-thread-1] INFO  server.RaftServerConfigKeys (ConfUtils.java:logGet(46)) - raft.server.snapshot.auto.trigger.threshold = 10000 (custom)
2023-04-19 02:32:19,065 [pool-79-thread-1] INFO  server.RaftServerConfigKeys (ConfUtils.java:logGet(46)) - raft.server.snapshot.retention.file.num = 5 (custom)
2023-04-19 02:32:19,065 [pool-79-thread-1] INFO  server.RaftServerConfigKeys (ConfUtils.java:logGet(46)) - raft.server.log.purge.upto.snapshot.index = false (default)
2023-04-19 02:32:19,065 [14fab107-599d-4166-92e2-a49b96c274c4@group-71CE5AC4CDE1-FollowerState] INFO  server.RaftServerConfigKeys (ConfUtils.java:logFallback(53)) - raft.server.rpc.first-election.timeout.min = 5s (fallback to raft.server.rpc.timeout.min)
2023-04-19 02:32:19,075 [14fab107-599d-4166-92e2-a49b96c274c4@group-71CE5AC4CDE1-FollowerState] INFO  server.RaftServerConfigKeys (ConfUtils.java:logFallback(53)) - raft.server.rpc.first-election.timeout.max = 5200ms (fallback to raft.server.rpc.timeout.max)
2023-04-19 02:32:19,076 [Command processor thread] INFO  ratis.XceiverServerRatis (XceiverServerRatis.java:addGroup(806)) - Created group PipelineID=efa6cb31-92b4-4224-b1a7-71ce5ac4cde1
2023-04-19 02:32:19,103 [SCMBlockDeletingService#0] DEBUG block.SCMBlockDeletingService (SCMBlockDeletingService.java:shouldRun(251)) - Check scm block delete run: false serviceStatus: PAUSING safemodeExitRunDelayMillis: 3000 alreadyWaitTimeInMillis: 1681871539103
2023-04-19 02:32:19,113 [BlockDeletingService#2] INFO  interfaces.ContainerDeletionChoosingPolicyTemplate (ContainerDeletionChoosingPolicyTemplate.java:chooseContainerForBlockDeletion(83)) - Chosen 0/5000 blocks from 0 candidate containers.
2023-04-19 02:32:19,136 [BlockDeletingService#2] INFO  interfaces.ContainerDeletionChoosingPolicyTemplate (ContainerDeletionChoosingPolicyTemplate.java:chooseContainerForBlockDeletion(83)) - Chosen 0/5000 blocks from 0 candidate containers.
2023-04-19 02:32:19,151 [BlockDeletingService#1] INFO  interfaces.ContainerDeletionChoosingPolicyTemplate (ContainerDeletionChoosingPolicyTemplate.java:chooseContainerForBlockDeletion(83)) - Chosen 0/5000 blocks from 0 candidate containers.
2023-04-19 02:32:19,203 [SCMBlockDeletingService#0] DEBUG block.SCMBlockDeletingService (SCMBlockDeletingService.java:shouldRun(251)) - Check scm block delete run: false serviceStatus: PAUSING safemodeExitRunDelayMillis: 3000 alreadyWaitTimeInMillis: 1681871539203
2023-04-19 02:32:19,213 [BlockDeletingService#2] INFO  interfaces.ContainerDeletionChoosingPolicyTemplate (ContainerDeletionChoosingPolicyTemplate.java:chooseContainerForBlockDeletion(83)) - Chosen 0/5000 blocks from 0 candidate containers.
2023-04-19 02:32:19,266 [BlockDeletingService#1] INFO  interfaces.ContainerDeletionChoosingPolicyTemplate (ContainerDeletionChoosingPolicyTemplate.java:chooseContainerForBlockDeletion(83)) - Chosen 0/5000 blocks from 0 candidate containers.
2023-04-19 02:32:19,266 [BlockDeletingService#2] INFO  interfaces.ContainerDeletionChoosingPolicyTemplate (ContainerDeletionChoosingPolicyTemplate.java:chooseContainerForBlockDeletion(83)) - Chosen 0/5000 blocks from 0 candidate containers.
2023-04-19 02:32:19,303 [SCMBlockDeletingService#0] DEBUG block.SCMBlockDeletingService (SCMBlockDeletingService.java:shouldRun(251)) - Check scm block delete run: false serviceStatus: PAUSING safemodeExitRunDelayMillis: 3000 alreadyWaitTimeInMillis: 1681871539303
2023-04-19 02:32:19,314 [BlockDeletingService#2] INFO  interfaces.ContainerDeletionChoosingPolicyTemplate (ContainerDeletionChoosingPolicyTemplate.java:chooseContainerForBlockDeletion(83)) - Chosen 0/5000 blocks from 0 candidate containers.
2023-04-19 02:32:19,366 [BlockDeletingService#1] INFO  interfaces.ContainerDeletionChoosingPolicyTemplate (ContainerDeletionChoosingPolicyTemplate.java:chooseContainerForBlockDeletion(83)) - Chosen 0/5000 blocks from 0 candidate containers.
2023-04-19 02:32:19,367 [BlockDeletingService#2] INFO  interfaces.ContainerDeletionChoosingPolicyTemplate (ContainerDeletionChoosingPolicyTemplate.java:chooseContainerForBlockDeletion(83)) - Chosen 0/5000 blocks from 0 candidate containers.
2023-04-19 02:32:19,403 [SCMBlockDeletingService#0] DEBUG block.SCMBlockDeletingService (SCMBlockDeletingService.java:shouldRun(251)) - Check scm block delete run: false serviceStatus: PAUSING safemodeExitRunDelayMillis: 3000 alreadyWaitTimeInMillis: 1681871539403
2023-04-19 02:32:19,414 [BlockDeletingService#2] INFO  interfaces.ContainerDeletionChoosingPolicyTemplate (ContainerDeletionChoosingPolicyTemplate.java:chooseContainerForBlockDeletion(83)) - Chosen 0/5000 blocks from 0 candidate containers.
2023-04-19 02:32:19,467 [BlockDeletingService#1] INFO  interfaces.ContainerDeletionChoosingPolicyTemplate (ContainerDeletionChoosingPolicyTemplate.java:chooseContainerForBlockDeletion(83)) - Chosen 0/5000 blocks from 0 candidate containers.
2023-04-19 02:32:19,467 [BlockDeletingService#2] INFO  interfaces.ContainerDeletionChoosingPolicyTemplate (ContainerDeletionChoosingPolicyTemplate.java:chooseContainerForBlockDeletion(83)) - Chosen 0/5000 blocks from 0 candidate containers.
2023-04-19 02:32:19,482 [grpc-default-executor-0] INFO  server.RaftServer (RaftServerProxy.java:addNew(96)) - 8050b7c4-5854-4456-9ff4-a8181b586109: addNew group-71CE5AC4CDE1:[8050b7c4-5854-4456-9ff4-a8181b586109|rpc:10.1.164.0:38315|dataStream:10.1.164.0:37915|priority:0|startupRole:FOLLOWER, 209e8f7b-7310-4c05-bc4d-708a2d801edb|rpc:10.1.164.0:45585|dataStream:10.1.164.0:46227|priority:0|startupRole:FOLLOWER, 14fab107-599d-4166-92e2-a49b96c274c4|rpc:10.1.164.0:42111|dataStream:10.1.164.0:40843|priority:1|startupRole:FOLLOWER] returns group-71CE5AC4CDE1:java.util.concurrent.CompletableFuture@24236af2[Not completed]
2023-04-19 02:32:19,485 [pool-101-thread-1] INFO  server.RaftServer$Division (RaftServerImpl.java:<init>(195)) - 8050b7c4-5854-4456-9ff4-a8181b586109: new RaftServerImpl for group-71CE5AC4CDE1:[8050b7c4-5854-4456-9ff4-a8181b586109|rpc:10.1.164.0:38315|dataStream:10.1.164.0:37915|priority:0|startupRole:FOLLOWER, 209e8f7b-7310-4c05-bc4d-708a2d801edb|rpc:10.1.164.0:45585|dataStream:10.1.164.0:46227|priority:0|startupRole:FOLLOWER, 14fab107-599d-4166-92e2-a49b96c274c4|rpc:10.1.164.0:42111|dataStream:10.1.164.0:40843|priority:1|startupRole:FOLLOWER] with ContainerStateMachine:uninitialized
2023-04-19 02:32:19,485 [pool-101-thread-1] INFO  server.RaftServerConfigKeys (ConfUtils.java:logGet(46)) - raft.server.rpc.timeout.min = 5s (custom)
2023-04-19 02:32:19,485 [pool-101-thread-1] INFO  server.RaftServerConfigKeys (ConfUtils.java:logGet(46)) - raft.server.rpc.timeout.max = 5200ms (custom)
2023-04-19 02:32:19,485 [pool-101-thread-1] INFO  server.RaftServerConfigKeys (ConfUtils.java:logGet(46)) - raft.server.rpc.sleep.time = 25ms (default)
2023-04-19 02:32:19,485 [pool-101-thread-1] INFO  server.RaftServerConfigKeys (ConfUtils.java:logGet(46)) - raft.server.rpc.slowness.timeout = 300s (custom)
2023-04-19 02:32:19,485 [pool-101-thread-1] INFO  server.RaftServerConfigKeys (ConfUtils.java:logGet(46)) - raft.server.leaderelection.leader.step-down.wait-time = 10s (default)
2023-04-19 02:32:19,485 [pool-101-thread-1] INFO  server.RaftServerConfigKeys (ConfUtils.java:logGet(46)) - raft.server.sleep.deviation.threshold = 300ms (default)
2023-04-19 02:32:19,485 [pool-101-thread-1] INFO  server.RaftServer$Division (ServerState.java:<init>(118)) - 8050b7c4-5854-4456-9ff4-a8181b586109@group-71CE5AC4CDE1: ConfigurationManager, init=-1: peers:[8050b7c4-5854-4456-9ff4-a8181b586109|rpc:10.1.164.0:38315|dataStream:10.1.164.0:37915|priority:0|startupRole:FOLLOWER, 209e8f7b-7310-4c05-bc4d-708a2d801edb|rpc:10.1.164.0:45585|dataStream:10.1.164.0:46227|priority:0|startupRole:FOLLOWER, 14fab107-599d-4166-92e2-a49b96c274c4|rpc:10.1.164.0:42111|dataStream:10.1.164.0:40843|priority:1|startupRole:FOLLOWER]|listeners:[], old=null, confs=<EMPTY_MAP>
2023-04-19 02:32:19,485 [pool-101-thread-1] INFO  server.RaftServerConfigKeys (ConfUtils.java:logGet(46)) - raft.server.storage.dir = [/home/runner/work/ozone/ozone/hadoop-ozone/integration-test/target/test-dir/MiniOzoneClusterImpl-4a8f3de1-6dc7-4495-8b56-1623617bdc2e/datanode-1/data/ratis] (custom)
2023-04-19 02:32:19,486 [pool-101-thread-1] INFO  server.RaftServerConfigKeys (ConfUtils.java:logGet(46)) - raft.server.log.corruption.policy = EXCEPTION (default)
2023-04-19 02:32:19,486 [pool-101-thread-1] INFO  server.RaftServerConfigKeys (ConfUtils.java:logGet(46)) - raft.server.storage.free-space.min = 0MB (=0) (default)
2023-04-19 02:32:19,486 [pool-101-thread-1] INFO  server.RaftServerConfigKeys (ConfUtils.java:logGet(46)) - raft.server.notification.no-leader.timeout = 300s (custom)
2023-04-19 02:32:19,486 [pool-101-thread-1] INFO  server.RaftServerConfigKeys (ConfUtils.java:logGet(46)) - raft.server.retrycache.expirytime = 600000ms (custom)
2023-04-19 02:32:19,486 [pool-101-thread-1] INFO  server.RaftServerConfigKeys (ConfUtils.java:logGet(46)) - raft.server.retrycache.statistics.expirytime = 100μs (default)
2023-04-19 02:32:19,487 [pool-101-thread-1] INFO  server.RaftServerConfigKeys (ConfUtils.java:logGet(46)) - raft.server.log.appender.install.snapshot.enabled = false (custom)
2023-04-19 02:32:19,487 [pool-101-thread-1] INFO  server.RaftServerConfigKeys (ConfUtils.java:logGet(46)) - raft.server.threadpool.server.cached = true (default)
2023-04-19 02:32:19,487 [pool-101-thread-1] INFO  server.RaftServerConfigKeys (ConfUtils.java:logGet(46)) - raft.server.threadpool.server.size = 0 (default)
2023-04-19 02:32:19,488 [pool-101-thread-1] INFO  server.RaftServerConfigKeys (ConfUtils.java:logGet(46)) - raft.server.threadpool.client.cached = true (default)
2023-04-19 02:32:19,488 [pool-101-thread-1] INFO  server.RaftServerConfigKeys (ConfUtils.java:logGet(46)) - raft.server.threadpool.client.size = 0 (default)
2023-04-19 02:32:19,488 [pool-101-thread-1] INFO  storage.RaftStorageDirectory (RaftStorageDirectoryImpl.java:analyzeStorage(137)) - The storage directory /home/runner/work/ozone/ozone/hadoop-ozone/integration-test/target/test-dir/MiniOzoneClusterImpl-4a8f3de1-6dc7-4495-8b56-1623617bdc2e/datanode-1/data/ratis/efa6cb31-92b4-4224-b1a7-71ce5ac4cde1 does not exist. Creating ...
2023-04-19 02:32:19,490 [pool-101-thread-1] INFO  storage.RaftStorageDirectory (RaftStorageDirectoryImpl.java:tryLock(231)) - Lock on /home/runner/work/ozone/ozone/hadoop-ozone/integration-test/target/test-dir/MiniOzoneClusterImpl-4a8f3de1-6dc7-4495-8b56-1623617bdc2e/datanode-1/data/ratis/efa6cb31-92b4-4224-b1a7-71ce5ac4cde1/in_use.lock acquired by nodename 42788@fv-az127-56
2023-04-19 02:32:19,491 [pool-101-thread-1] INFO  storage.RaftStorage (RaftStorageImpl.java:format(96)) - Storage directory /home/runner/work/ozone/ozone/hadoop-ozone/integration-test/target/test-dir/MiniOzoneClusterImpl-4a8f3de1-6dc7-4495-8b56-1623617bdc2e/datanode-1/data/ratis/efa6cb31-92b4-4224-b1a7-71ce5ac4cde1 has been successfully formatted.
2023-04-19 02:32:19,492 [pool-101-thread-1] INFO  ratis.ContainerStateMachine (ContainerStateMachine.java:loadSnapshot(262)) - group-71CE5AC4CDE1: The snapshot info is null. Setting the last applied indexto:(t:0, i:~)
2023-04-19 02:32:19,493 [pool-101-thread-1] INFO  server.RaftServerConfigKeys (ConfUtils.java:logGet(46)) - raft.server.log.use.memory = false (default)
2023-04-19 02:32:19,493 [pool-101-thread-1] INFO  server.RaftServerConfigKeys (ConfUtils.java:logGet(46)) - raft.server.log.purge.gap = 1000000 (custom)
2023-04-19 02:32:19,493 [pool-101-thread-1] INFO  server.RaftServerConfigKeys (ConfUtils.java:logGet(46)) - raft.server.log.appender.buffer.byte-limit = 33554432 (custom)
2023-04-19 02:32:19,493 [pool-101-thread-1] INFO  server.RaftServerConfigKeys (ConfUtils.java:logGet(46)) - raft.server.log.statemachine.data.read.timeout = 1000ms (default)
2023-04-19 02:32:19,494 [pool-101-thread-1] INFO  server.RaftServerConfigKeys (ConfUtils.java:logGet(46)) - raft.server.log.purge.preservation.log.num = 0 (default)
2023-04-19 02:32:19,496 [pool-101-thread-1] INFO  server.RaftServerConfigKeys (ConfUtils.java:logGet(46)) - raft.server.log.segment.size.max = 1048576 (custom)
2023-04-19 02:32:19,497 [pool-101-thread-1] INFO  server.RaftServerConfigKeys (ConfUtils.java:logGet(46)) - raft.server.log.segment.cache.num.max = 2 (custom)
2023-04-19 02:32:19,497 [pool-101-thread-1] INFO  server.RaftServerConfigKeys (ConfUtils.java:logGet(46)) - raft.server.log.segment.cache.size.max = 200MB (=209715200) (default)
2023-04-19 02:32:19,497 [pool-101-thread-1] INFO  segmented.SegmentedRaftLogWorker (SegmentedRaftLogWorker.java:<init>(189)) - new 8050b7c4-5854-4456-9ff4-a8181b586109@group-71CE5AC4CDE1-SegmentedRaftLogWorker for RaftStorageImpl:Storage Directory /home/runner/work/ozone/ozone/hadoop-ozone/integration-test/target/test-dir/MiniOzoneClusterImpl-4a8f3de1-6dc7-4495-8b56-1623617bdc2e/datanode-1/data/ratis/efa6cb31-92b4-4224-b1a7-71ce5ac4cde1
2023-04-19 02:32:19,497 [pool-101-thread-1] INFO  server.RaftServerConfigKeys (ConfUtils.java:logGet(46)) - raft.server.log.queue.byte-limit = 4294967296 (custom)
2023-04-19 02:32:19,497 [pool-101-thread-1] INFO  server.RaftServerConfigKeys (ConfUtils.java:logGet(46)) - raft.server.log.queue.element-limit = 1024 (custom)
2023-04-19 02:32:19,497 [pool-101-thread-1] INFO  server.RaftServerConfigKeys (ConfUtils.java:logGet(46)) - raft.server.log.segment.size.max = 1048576 (custom)
2023-04-19 02:32:19,497 [pool-101-thread-1] INFO  server.RaftServerConfigKeys (ConfUtils.java:logGet(46)) - raft.server.log.preallocated.size = 16384 (custom)
2023-04-19 02:32:19,497 [pool-101-thread-1] INFO  server.RaftServerConfigKeys (ConfUtils.java:logGet(46)) - raft.server.log.force.sync.num = 128 (default)
2023-04-19 02:32:19,498 [pool-101-thread-1] INFO  server.RaftServerConfigKeys (ConfUtils.java:logGet(46)) - raft.server.log.statemachine.data.sync = true (default)
2023-04-19 02:32:19,498 [pool-101-thread-1] INFO  server.RaftServerConfigKeys (ConfUtils.java:logGet(46)) - raft.server.log.statemachine.data.sync.timeout = 10s (default)
2023-04-19 02:32:19,498 [pool-101-thread-1] INFO  server.RaftServerConfigKeys (ConfUtils.java:logGet(46)) - raft.server.log.statemachine.data.sync.timeout.retry = -1 (default)
2023-04-19 02:32:19,501 [pool-101-thread-1] INFO  server.RaftServerConfigKeys (ConfUtils.java:logGet(46)) - raft.server.log.write.buffer.size = 1048576 (custom)
2023-04-19 02:32:19,501 [pool-101-thread-1] INFO  server.RaftServerConfigKeys (ConfUtils.java:logGet(46)) - raft.server.log.appender.buffer.byte-limit = 33554432 (custom)
2023-04-19 02:32:19,503 [SCMBlockDeletingService#0] DEBUG block.SCMBlockDeletingService (SCMBlockDeletingService.java:shouldRun(251)) - Check scm block delete run: false serviceStatus: PAUSING safemodeExitRunDelayMillis: 3000 alreadyWaitTimeInMillis: 1681871539503
2023-04-19 02:32:19,507 [pool-101-thread-1] INFO  server.RaftServerConfigKeys (ConfUtils.java:logGet(46)) - raft.server.log.unsafe-flush.enabled = false (default)
2023-04-19 02:32:19,508 [pool-101-thread-1] INFO  server.RaftServerConfigKeys (ConfUtils.java:logGet(46)) - raft.server.log.async-flush.enabled = false (default)
2023-04-19 02:32:19,509 [pool-101-thread-1] INFO  server.RaftServerConfigKeys (ConfUtils.java:logGet(46)) - raft.server.log.statemachine.data.caching.enabled = true (custom)
2023-04-19 02:32:19,509 [pool-101-thread-1] INFO  segmented.SegmentedRaftLogWorker (SegmentedRaftLogWorker.java:lambda$new$0(135)) - 8050b7c4-5854-4456-9ff4-a8181b586109@group-71CE5AC4CDE1-SegmentedRaftLogWorker: flushIndex: setUnconditionally 0 -> -1
2023-04-19 02:32:19,509 [pool-101-thread-1] INFO  segmented.SegmentedRaftLogWorker (SegmentedRaftLogWorker.java:lambda$new$0(135)) - 8050b7c4-5854-4456-9ff4-a8181b586109@group-71CE5AC4CDE1-SegmentedRaftLogWorker: safeCacheEvictIndex: setUnconditionally 0 -> -1
2023-04-19 02:32:19,509 [pool-101-thread-1] INFO  server.RaftServer$Division (RaftServerImpl.java:start(334)) - 8050b7c4-5854-4456-9ff4-a8181b586109@group-71CE5AC4CDE1: start as a follower, conf=-1: peers:[8050b7c4-5854-4456-9ff4-a8181b586109|rpc:10.1.164.0:38315|dataStream:10.1.164.0:37915|priority:0|startupRole:FOLLOWER, 209e8f7b-7310-4c05-bc4d-708a2d801edb|rpc:10.1.164.0:45585|dataStream:10.1.164.0:46227|priority:0|startupRole:FOLLOWER, 14fab107-599d-4166-92e2-a49b96c274c4|rpc:10.1.164.0:42111|dataStream:10.1.164.0:40843|priority:1|startupRole:FOLLOWER]|listeners:[], old=null
2023-04-19 02:32:19,509 [pool-101-thread-1] INFO  server.RaftServer$Division (RaftServerImpl.java:setRole(321)) - 8050b7c4-5854-4456-9ff4-a8181b586109@group-71CE5AC4CDE1: changes role from      null to FOLLOWER at term 0 for startAsFollower
2023-04-19 02:32:19,509 [pool-101-thread-1] INFO  impl.RoleInfo (RoleInfo.java:updateAndGet(139)) - 8050b7c4-5854-4456-9ff4-a8181b586109: start 8050b7c4-5854-4456-9ff4-a8181b586109@group-71CE5AC4CDE1-FollowerState
2023-04-19 02:32:19,510 [pool-101-thread-1] INFO  util.JmxRegister (JmxRegister.java:tryRegister(44)) - Successfully registered JMX Bean with object name Ratis:service=RaftServer,group=group-71CE5AC4CDE1,id=8050b7c4-5854-4456-9ff4-a8181b586109
2023-04-19 02:32:19,513 [pool-101-thread-1] INFO  server.RaftServerConfigKeys (ConfUtils.java:logGet(46)) - raft.server.snapshot.auto.trigger.enabled = true (custom)
2023-04-19 02:32:19,513 [8050b7c4-5854-4456-9ff4-a8181b586109@group-71CE5AC4CDE1-FollowerState] INFO  server.RaftServerConfigKeys (ConfUtils.java:logFallback(53)) - raft.server.rpc.first-election.timeout.min = 5s (fallback to raft.server.rpc.timeout.min)
2023-04-19 02:32:19,513 [pool-101-thread-1] INFO  server.RaftServerConfigKeys (ConfUtils.java:logGet(46)) - raft.server.snapshot.auto.trigger.threshold = 10000 (custom)
2023-04-19 02:32:19,514 [pool-101-thread-1] INFO  server.RaftServerConfigKeys (ConfUtils.java:logGet(46)) - raft.server.snapshot.retention.file.num = 5 (custom)
2023-04-19 02:32:19,514 [pool-101-thread-1] INFO  server.RaftServerConfigKeys (ConfUtils.java:logGet(46)) - raft.server.log.purge.upto.snapshot.index = false (default)
2023-04-19 02:32:19,514 [8050b7c4-5854-4456-9ff4-a8181b586109@group-71CE5AC4CDE1-FollowerState] INFO  server.RaftServerConfigKeys (ConfUtils.java:logFallback(53)) - raft.server.rpc.first-election.timeout.max = 5200ms (fallback to raft.server.rpc.timeout.max)
2023-04-19 02:32:19,515 [BlockDeletingService#2] INFO  interfaces.ContainerDeletionChoosingPolicyTemplate (ContainerDeletionChoosingPolicyTemplate.java:chooseContainerForBlockDeletion(83)) - Chosen 0/5000 blocks from 0 candidate containers.
2023-04-19 02:32:19,567 [BlockDeletingService#2] INFO  interfaces.ContainerDeletionChoosingPolicyTemplate (ContainerDeletionChoosingPolicyTemplate.java:chooseContainerForBlockDeletion(83)) - Chosen 0/5000 blocks from 0 candidate containers.
2023-04-19 02:32:19,569 [BlockDeletingService#1] INFO  interfaces.ContainerDeletionChoosingPolicyTemplate (ContainerDeletionChoosingPolicyTemplate.java:chooseContainerForBlockDeletion(83)) - Chosen 0/5000 blocks from 0 candidate containers.
2023-04-19 02:32:19,578 [grpc-default-executor-0] INFO  server.RaftServer (RaftServerProxy.java:addNew(96)) - 209e8f7b-7310-4c05-bc4d-708a2d801edb: addNew group-71CE5AC4CDE1:[8050b7c4-5854-4456-9ff4-a8181b586109|rpc:10.1.164.0:38315|dataStream:10.1.164.0:37915|priority:0|startupRole:FOLLOWER, 209e8f7b-7310-4c05-bc4d-708a2d801edb|rpc:10.1.164.0:45585|dataStream:10.1.164.0:46227|priority:0|startupRole:FOLLOWER, 14fab107-599d-4166-92e2-a49b96c274c4|rpc:10.1.164.0:42111|dataStream:10.1.164.0:40843|priority:1|startupRole:FOLLOWER] returns group-71CE5AC4CDE1:java.util.concurrent.CompletableFuture@26741270[Not completed]
2023-04-19 02:32:19,580 [pool-123-thread-1] INFO  server.RaftServer$Division (RaftServerImpl.java:<init>(195)) - 209e8f7b-7310-4c05-bc4d-708a2d801edb: new RaftServerImpl for group-71CE5AC4CDE1:[8050b7c4-5854-4456-9ff4-a8181b586109|rpc:10.1.164.0:38315|dataStream:10.1.164.0:37915|priority:0|startupRole:FOLLOWER, 209e8f7b-7310-4c05-bc4d-708a2d801edb|rpc:10.1.164.0:45585|dataStream:10.1.164.0:46227|priority:0|startupRole:FOLLOWER, 14fab107-599d-4166-92e2-a49b96c274c4|rpc:10.1.164.0:42111|dataStream:10.1.164.0:40843|priority:1|startupRole:FOLLOWER] with ContainerStateMachine:uninitialized
2023-04-19 02:32:19,580 [pool-123-thread-1] INFO  server.RaftServerConfigKeys (ConfUtils.java:logGet(46)) - raft.server.rpc.timeout.min = 5s (custom)
2023-04-19 02:32:19,580 [pool-123-thread-1] INFO  server.RaftServerConfigKeys (ConfUtils.java:logGet(46)) - raft.server.rpc.timeout.max = 5200ms (custom)
2023-04-19 02:32:19,580 [pool-123-thread-1] INFO  server.RaftServerConfigKeys (ConfUtils.java:logGet(46)) - raft.server.rpc.sleep.time = 25ms (default)
2023-04-19 02:32:19,580 [pool-123-thread-1] INFO  server.RaftServerConfigKeys (ConfUtils.java:logGet(46)) - raft.server.rpc.slowness.timeout = 300s (custom)
2023-04-19 02:32:19,580 [pool-123-thread-1] INFO  server.RaftServerConfigKeys (ConfUtils.java:logGet(46)) - raft.server.leaderelection.leader.step-down.wait-time = 10s (default)
2023-04-19 02:32:19,580 [pool-123-thread-1] INFO  server.RaftServerConfigKeys (ConfUtils.java:logGet(46)) - raft.server.sleep.deviation.threshold = 300ms (default)
2023-04-19 02:32:19,581 [pool-123-thread-1] INFO  server.RaftServer$Division (ServerState.java:<init>(118)) - 209e8f7b-7310-4c05-bc4d-708a2d801edb@group-71CE5AC4CDE1: ConfigurationManager, init=-1: peers:[8050b7c4-5854-4456-9ff4-a8181b586109|rpc:10.1.164.0:38315|dataStream:10.1.164.0:37915|priority:0|startupRole:FOLLOWER, 209e8f7b-7310-4c05-bc4d-708a2d801edb|rpc:10.1.164.0:45585|dataStream:10.1.164.0:46227|priority:0|startupRole:FOLLOWER, 14fab107-599d-4166-92e2-a49b96c274c4|rpc:10.1.164.0:42111|dataStream:10.1.164.0:40843|priority:1|startupRole:FOLLOWER]|listeners:[], old=null, confs=<EMPTY_MAP>
2023-04-19 02:32:19,581 [pool-123-thread-1] INFO  server.RaftServerConfigKeys (ConfUtils.java:logGet(46)) - raft.server.storage.dir = [/home/runner/work/ozone/ozone/hadoop-ozone/integration-test/target/test-dir/MiniOzoneClusterImpl-4a8f3de1-6dc7-4495-8b56-1623617bdc2e/datanode-2/data/ratis] (custom)
2023-04-19 02:32:19,581 [pool-123-thread-1] INFO  server.RaftServerConfigKeys (ConfUtils.java:logGet(46)) - raft.server.log.corruption.policy = EXCEPTION (default)
2023-04-19 02:32:19,581 [pool-123-thread-1] INFO  server.RaftServerConfigKeys (ConfUtils.java:logGet(46)) - raft.server.storage.free-space.min = 0MB (=0) (default)
2023-04-19 02:32:19,581 [pool-123-thread-1] INFO  server.RaftServerConfigKeys (ConfUtils.java:logGet(46)) - raft.server.notification.no-leader.timeout = 300s (custom)
2023-04-19 02:32:19,581 [pool-123-thread-1] INFO  server.RaftServerConfigKeys (ConfUtils.java:logGet(46)) - raft.server.retrycache.expirytime = 600000ms (custom)
2023-04-19 02:32:19,581 [pool-123-thread-1] INFO  server.RaftServerConfigKeys (ConfUtils.java:logGet(46)) - raft.server.retrycache.statistics.expirytime = 100μs (default)
2023-04-19 02:32:19,583 [pool-123-thread-1] INFO  server.RaftServerConfigKeys (ConfUtils.java:logGet(46)) - raft.server.log.appender.install.snapshot.enabled = false (custom)
2023-04-19 02:32:19,583 [pool-123-thread-1] INFO  server.RaftServerConfigKeys (ConfUtils.java:logGet(46)) - raft.server.threadpool.server.cached = true (default)
2023-04-19 02:32:19,583 [pool-123-thread-1] INFO  server.RaftServerConfigKeys (ConfUtils.java:logGet(46)) - raft.server.threadpool.server.size = 0 (default)
2023-04-19 02:32:19,583 [pool-123-thread-1] INFO  server.RaftServerConfigKeys (ConfUtils.java:logGet(46)) - raft.server.threadpool.client.cached = true (default)
2023-04-19 02:32:19,583 [pool-123-thread-1] INFO  server.RaftServerConfigKeys (ConfUtils.java:logGet(46)) - raft.server.threadpool.client.size = 0 (default)
2023-04-19 02:32:19,583 [pool-123-thread-1] INFO  storage.RaftStorageDirectory (RaftStorageDirectoryImpl.java:analyzeStorage(137)) - The storage directory /home/runner/work/ozone/ozone/hadoop-ozone/integration-test/target/test-dir/MiniOzoneClusterImpl-4a8f3de1-6dc7-4495-8b56-1623617bdc2e/datanode-2/data/ratis/efa6cb31-92b4-4224-b1a7-71ce5ac4cde1 does not exist. Creating ...
2023-04-19 02:32:19,584 [pool-123-thread-1] INFO  storage.RaftStorageDirectory (RaftStorageDirectoryImpl.java:tryLock(231)) - Lock on /home/runner/work/ozone/ozone/hadoop-ozone/integration-test/target/test-dir/MiniOzoneClusterImpl-4a8f3de1-6dc7-4495-8b56-1623617bdc2e/datanode-2/data/ratis/efa6cb31-92b4-4224-b1a7-71ce5ac4cde1/in_use.lock acquired by nodename 42788@fv-az127-56
2023-04-19 02:32:19,585 [pool-123-thread-1] INFO  storage.RaftStorage (RaftStorageImpl.java:format(96)) - Storage directory /home/runner/work/ozone/ozone/hadoop-ozone/integration-test/target/test-dir/MiniOzoneClusterImpl-4a8f3de1-6dc7-4495-8b56-1623617bdc2e/datanode-2/data/ratis/efa6cb31-92b4-4224-b1a7-71ce5ac4cde1 has been successfully formatted.
2023-04-19 02:32:19,587 [pool-123-thread-1] INFO  ratis.ContainerStateMachine (ContainerStateMachine.java:loadSnapshot(262)) - group-71CE5AC4CDE1: The snapshot info is null. Setting the last applied indexto:(t:0, i:~)
2023-04-19 02:32:19,587 [pool-123-thread-1] INFO  server.RaftServerConfigKeys (ConfUtils.java:logGet(46)) - raft.server.log.use.memory = false (default)
2023-04-19 02:32:19,587 [pool-123-thread-1] INFO  server.RaftServerConfigKeys (ConfUtils.java:logGet(46)) - raft.server.log.purge.gap = 1000000 (custom)
2023-04-19 02:32:19,587 [pool-123-thread-1] INFO  server.RaftServerConfigKeys (ConfUtils.java:logGet(46)) - raft.server.log.appender.buffer.byte-limit = 33554432 (custom)
2023-04-19 02:32:19,587 [pool-123-thread-1] INFO  server.RaftServerConfigKeys (ConfUtils.java:logGet(46)) - raft.server.log.statemachine.data.read.timeout = 1000ms (default)
2023-04-19 02:32:19,587 [pool-123-thread-1] INFO  server.RaftServerConfigKeys (ConfUtils.java:logGet(46)) - raft.server.log.purge.preservation.log.num = 0 (default)
2023-04-19 02:32:19,588 [pool-123-thread-1] INFO  server.RaftServerConfigKeys (ConfUtils.java:logGet(46)) - raft.server.log.segment.size.max = 1048576 (custom)
2023-04-19 02:32:19,588 [pool-123-thread-1] INFO  server.RaftServerConfigKeys (ConfUtils.java:logGet(46)) - raft.server.log.segment.cache.num.max = 2 (custom)
2023-04-19 02:32:19,588 [pool-123-thread-1] INFO  server.RaftServerConfigKeys (ConfUtils.java:logGet(46)) - raft.server.log.segment.cache.size.max = 200MB (=209715200) (default)
2023-04-19 02:32:19,589 [pool-123-thread-1] INFO  segmented.SegmentedRaftLogWorker (SegmentedRaftLogWorker.java:<init>(189)) - new 209e8f7b-7310-4c05-bc4d-708a2d801edb@group-71CE5AC4CDE1-SegmentedRaftLogWorker for RaftStorageImpl:Storage Directory /home/runner/work/ozone/ozone/hadoop-ozone/integration-test/target/test-dir/MiniOzoneClusterImpl-4a8f3de1-6dc7-4495-8b56-1623617bdc2e/datanode-2/data/ratis/efa6cb31-92b4-4224-b1a7-71ce5ac4cde1
2023-04-19 02:32:19,589 [pool-123-thread-1] INFO  server.RaftServerConfigKeys (ConfUtils.java:logGet(46)) - raft.server.log.queue.byte-limit = 4294967296 (custom)
2023-04-19 02:32:19,589 [pool-123-thread-1] INFO  server.RaftServerConfigKeys (ConfUtils.java:logGet(46)) - raft.server.log.queue.element-limit = 1024 (custom)
2023-04-19 02:32:19,589 [pool-123-thread-1] INFO  server.RaftServerConfigKeys (ConfUtils.java:logGet(46)) - raft.server.log.segment.size.max = 1048576 (custom)
2023-04-19 02:32:19,589 [pool-123-thread-1] INFO  server.RaftServerConfigKeys (ConfUtils.java:logGet(46)) - raft.server.log.preallocated.size = 16384 (custom)
2023-04-19 02:32:19,589 [pool-123-thread-1] INFO  server.RaftServerConfigKeys (ConfUtils.java:logGet(46)) - raft.server.log.force.sync.num = 128 (default)
2023-04-19 02:32:19,589 [pool-123-thread-1] INFO  server.RaftServerConfigKeys (ConfUtils.java:logGet(46)) - raft.server.log.statemachine.data.sync = true (default)
2023-04-19 02:32:19,589 [pool-123-thread-1] INFO  server.RaftServerConfigKeys (ConfUtils.java:logGet(46)) - raft.server.log.statemachine.data.sync.timeout = 10s (default)
2023-04-19 02:32:19,589 [pool-123-thread-1] INFO  server.RaftServerConfigKeys (ConfUtils.java:logGet(46)) - raft.server.log.statemachine.data.sync.timeout.retry = -1 (default)
2023-04-19 02:32:19,590 [pool-123-thread-1] INFO  server.RaftServerConfigKeys (ConfUtils.java:logGet(46)) - raft.server.log.write.buffer.size = 1048576 (custom)
2023-04-19 02:32:19,591 [pool-123-thread-1] INFO  server.RaftServerConfigKeys (ConfUtils.java:logGet(46)) - raft.server.log.appender.buffer.byte-limit = 33554432 (custom)
2023-04-19 02:32:19,596 [pool-123-thread-1] INFO  server.RaftServerConfigKeys (ConfUtils.java:logGet(46)) - raft.server.log.unsafe-flush.enabled = false (default)
2023-04-19 02:32:19,596 [pool-123-thread-1] INFO  server.RaftServerConfigKeys (ConfUtils.java:logGet(46)) - raft.server.log.async-flush.enabled = false (default)
2023-04-19 02:32:19,596 [pool-123-thread-1] INFO  server.RaftServerConfigKeys (ConfUtils.java:logGet(46)) - raft.server.log.statemachine.data.caching.enabled = true (custom)
2023-04-19 02:32:19,596 [pool-123-thread-1] INFO  segmented.SegmentedRaftLogWorker (SegmentedRaftLogWorker.java:lambda$new$0(135)) - 209e8f7b-7310-4c05-bc4d-708a2d801edb@group-71CE5AC4CDE1-SegmentedRaftLogWorker: flushIndex: setUnconditionally 0 -> -1
2023-04-19 02:32:19,596 [pool-123-thread-1] INFO  segmented.SegmentedRaftLogWorker (SegmentedRaftLogWorker.java:lambda$new$0(135)) - 209e8f7b-7310-4c05-bc4d-708a2d801edb@group-71CE5AC4CDE1-SegmentedRaftLogWorker: safeCacheEvictIndex: setUnconditionally 0 -> -1
2023-04-19 02:32:19,596 [pool-123-thread-1] INFO  server.RaftServer$Division (RaftServerImpl.java:start(334)) - 209e8f7b-7310-4c05-bc4d-708a2d801edb@group-71CE5AC4CDE1: start as a follower, conf=-1: peers:[8050b7c4-5854-4456-9ff4-a8181b586109|rpc:10.1.164.0:38315|dataStream:10.1.164.0:37915|priority:0|startupRole:FOLLOWER, 209e8f7b-7310-4c05-bc4d-708a2d801edb|rpc:10.1.164.0:45585|dataStream:10.1.164.0:46227|priority:0|startupRole:FOLLOWER, 14fab107-599d-4166-92e2-a49b96c274c4|rpc:10.1.164.0:42111|dataStream:10.1.164.0:40843|priority:1|startupRole:FOLLOWER]|listeners:[], old=null
2023-04-19 02:32:19,596 [pool-123-thread-1] INFO  server.RaftServer$Division (RaftServerImpl.java:setRole(321)) - 209e8f7b-7310-4c05-bc4d-708a2d801edb@group-71CE5AC4CDE1: changes role from      null to FOLLOWER at term 0 for startAsFollower
2023-04-19 02:32:19,597 [pool-123-thread-1] INFO  impl.RoleInfo (RoleInfo.java:updateAndGet(139)) - 209e8f7b-7310-4c05-bc4d-708a2d801edb: start 209e8f7b-7310-4c05-bc4d-708a2d801edb@group-71CE5AC4CDE1-FollowerState
2023-04-19 02:32:19,602 [pool-123-thread-1] INFO  util.JmxRegister (JmxRegister.java:tryRegister(44)) - Successfully registered JMX Bean with object name Ratis:service=RaftServer,group=group-71CE5AC4CDE1,id=209e8f7b-7310-4c05-bc4d-708a2d801edb
2023-04-19 02:32:19,602 [pool-123-thread-1] INFO  server.RaftServerConfigKeys (ConfUtils.java:logGet(46)) - raft.server.snapshot.auto.trigger.enabled = true (custom)
2023-04-19 02:32:19,603 [pool-123-thread-1] INFO  server.RaftServerConfigKeys (ConfUtils.java:logGet(46)) - raft.server.snapshot.auto.trigger.threshold = 10000 (custom)
2023-04-19 02:32:19,603 [pool-123-thread-1] INFO  server.RaftServerConfigKeys (ConfUtils.java:logGet(46)) - raft.server.snapshot.retention.file.num = 5 (custom)
2023-04-19 02:32:19,603 [pool-123-thread-1] INFO  server.RaftServerConfigKeys (ConfUtils.java:logGet(46)) - raft.server.log.purge.upto.snapshot.index = false (default)
2023-04-19 02:32:19,603 [SCMBlockDeletingService#0] DEBUG block.SCMBlockDeletingService (SCMBlockDeletingService.java:shouldRun(251)) - Check scm block delete run: false serviceStatus: PAUSING safemodeExitRunDelayMillis: 3000 alreadyWaitTimeInMillis: 1681871539603
2023-04-19 02:32:19,606 [209e8f7b-7310-4c05-bc4d-708a2d801edb@group-71CE5AC4CDE1-FollowerState] INFO  server.RaftServerConfigKeys (ConfUtils.java:logFallback(53)) - raft.server.rpc.first-election.timeout.min = 5s (fallback to raft.server.rpc.timeout.min)
2023-04-19 02:32:19,606 [209e8f7b-7310-4c05-bc4d-708a2d801edb@group-71CE5AC4CDE1-FollowerState] INFO  server.RaftServerConfigKeys (ConfUtils.java:logFallback(53)) - raft.server.rpc.first-election.timeout.max = 5200ms (fallback to raft.server.rpc.timeout.max)
2023-04-19 02:32:19,612 [Command processor thread] INFO  commandhandler.CreatePipelineCommandHandler (CreatePipelineCommandHandler.java:handle(113)) - Created Pipeline RATIS THREE PipelineID=efa6cb31-92b4-4224-b1a7-71ce5ac4cde1.
2023-04-19 02:32:19,615 [BlockDeletingService#2] INFO  interfaces.ContainerDeletionChoosingPolicyTemplate (ContainerDeletionChoosingPolicyTemplate.java:chooseContainerForBlockDeletion(83)) - Chosen 0/5000 blocks from 0 candidate containers.
2023-04-19 02:32:19,667 [BlockDeletingService#2] INFO  interfaces.ContainerDeletionChoosingPolicyTemplate (ContainerDeletionChoosingPolicyTemplate.java:chooseContainerForBlockDeletion(83)) - Chosen 0/5000 blocks from 0 candidate containers.
2023-04-19 02:32:19,669 [BlockDeletingService#1] INFO  interfaces.ContainerDeletionChoosingPolicyTemplate (ContainerDeletionChoosingPolicyTemplate.java:chooseContainerForBlockDeletion(83)) - Chosen 0/5000 blocks from 0 candidate containers.
2023-04-19 02:32:19,703 [SCMBlockDeletingService#0] DEBUG block.SCMBlockDeletingService (SCMBlockDeletingService.java:shouldRun(251)) - Check scm block delete run: false serviceStatus: PAUSING safemodeExitRunDelayMillis: 3000 alreadyWaitTimeInMillis: 1681871539703
2023-04-19 02:32:19,715 [BlockDeletingService#2] INFO  interfaces.ContainerDeletionChoosingPolicyTemplate (ContainerDeletionChoosingPolicyTemplate.java:chooseContainerForBlockDeletion(83)) - Chosen 0/5000 blocks from 0 candidate containers.
2023-04-19 02:32:19,768 [BlockDeletingService#2] INFO  interfaces.ContainerDeletionChoosingPolicyTemplate (ContainerDeletionChoosingPolicyTemplate.java:chooseContainerForBlockDeletion(83)) - Chosen 0/5000 blocks from 0 candidate containers.
2023-04-19 02:32:19,770 [BlockDeletingService#1] INFO  interfaces.ContainerDeletionChoosingPolicyTemplate (ContainerDeletionChoosingPolicyTemplate.java:chooseContainerForBlockDeletion(83)) - Chosen 0/5000 blocks from 0 candidate containers.
2023-04-19 02:32:19,803 [SCMBlockDeletingService#0] DEBUG block.SCMBlockDeletingService (SCMBlockDeletingService.java:shouldRun(251)) - Check scm block delete run: false serviceStatus: PAUSING safemodeExitRunDelayMillis: 3000 alreadyWaitTimeInMillis: 1681871539803
2023-04-19 02:32:19,815 [BlockDeletingService#2] INFO  interfaces.ContainerDeletionChoosingPolicyTemplate (ContainerDeletionChoosingPolicyTemplate.java:chooseContainerForBlockDeletion(83)) - Chosen 0/5000 blocks from 0 candidate containers.
2023-04-19 02:32:19,869 [BlockDeletingService#2] INFO  interfaces.ContainerDeletionChoosingPolicyTemplate (ContainerDeletionChoosingPolicyTemplate.java:chooseContainerForBlockDeletion(83)) - Chosen 0/5000 blocks from 0 candidate containers.
2023-04-19 02:32:19,870 [BlockDeletingService#1] INFO  interfaces.ContainerDeletionChoosingPolicyTemplate (ContainerDeletionChoosingPolicyTemplate.java:chooseContainerForBlockDeletion(83)) - Chosen 0/5000 blocks from 0 candidate containers.
2023-04-19 02:32:19,903 [SCMBlockDeletingService#0] DEBUG block.SCMBlockDeletingService (SCMBlockDeletingService.java:shouldRun(251)) - Check scm block delete run: false serviceStatus: PAUSING safemodeExitRunDelayMillis: 3000 alreadyWaitTimeInMillis: 1681871539903
2023-04-19 02:32:19,916 [BlockDeletingService#2] INFO  interfaces.ContainerDeletionChoosingPolicyTemplate (ContainerDeletionChoosingPolicyTemplate.java:chooseContainerForBlockDeletion(83)) - Chosen 0/5000 blocks from 0 candidate containers.
2023-04-19 02:32:19,947 [Listener at 127.0.0.1/42295] INFO  ozone.MiniOzoneClusterImpl (MiniOzoneClusterImpl.java:lambda$waitForClusterToBeReady$0(222)) - Nodes are ready. Got 3 of 3 DN Heartbeats.
2023-04-19 02:32:19,947 [Listener at 127.0.0.1/42295] INFO  ozone.MiniOzoneClusterImpl (MiniOzoneClusterImpl.java:lambda$waitForClusterToBeReady$0(225)) - Waiting for cluster to exit safe mode
2023-04-19 02:32:19,947 [Listener at 127.0.0.1/42295] INFO  ozone.MiniOzoneClusterImpl (MiniOzoneClusterImpl.java:lambda$waitForClusterToBeReady$0(227)) - SCM became leader
2023-04-19 02:32:19,970 [BlockDeletingService#2] INFO  interfaces.ContainerDeletionChoosingPolicyTemplate (ContainerDeletionChoosingPolicyTemplate.java:chooseContainerForBlockDeletion(83)) - Chosen 0/5000 blocks from 0 candidate containers.
2023-04-19 02:32:19,970 [BlockDeletingService#1] INFO  interfaces.ContainerDeletionChoosingPolicyTemplate (ContainerDeletionChoosingPolicyTemplate.java:chooseContainerForBlockDeletion(83)) - Chosen 0/5000 blocks from 0 candidate containers.
2023-04-19 02:32:20,003 [SCMBlockDeletingService#0] DEBUG block.SCMBlockDeletingService (SCMBlockDeletingService.java:shouldRun(251)) - Check scm block delete run: false serviceStatus: PAUSING safemodeExitRunDelayMillis: 3000 alreadyWaitTimeInMillis: 1681871540003
2023-04-19 02:32:20,016 [BlockDeletingService#2] INFO  interfaces.ContainerDeletionChoosingPolicyTemplate (ContainerDeletionChoosingPolicyTemplate.java:chooseContainerForBlockDeletion(83)) - Chosen 0/5000 blocks from 0 candidate containers.
2023-04-19 02:32:20,070 [BlockDeletingService#2] INFO  interfaces.ContainerDeletionChoosingPolicyTemplate (ContainerDeletionChoosingPolicyTemplate.java:chooseContainerForBlockDeletion(83)) - Chosen 0/5000 blocks from 0 candidate containers.
2023-04-19 02:32:20,070 [BlockDeletingService#1] INFO  interfaces.ContainerDeletionChoosingPolicyTemplate (ContainerDeletionChoosingPolicyTemplate.java:chooseContainerForBlockDeletion(83)) - Chosen 0/5000 blocks from 0 candidate containers.
2023-04-19 02:32:20,104 [SCMBlockDeletingService#0] DEBUG block.SCMBlockDeletingService (SCMBlockDeletingService.java:shouldRun(251)) - Check scm block delete run: false serviceStatus: PAUSING safemodeExitRunDelayMillis: 3000 alreadyWaitTimeInMillis: 1681871540104
2023-04-19 02:32:20,116 [BlockDeletingService#2] INFO  interfaces.ContainerDeletionChoosingPolicyTemplate (ContainerDeletionChoosingPolicyTemplate.java:chooseContainerForBlockDeletion(83)) - Chosen 0/5000 blocks from 0 candidate containers.
2023-04-19 02:32:20,170 [BlockDeletingService#2] INFO  interfaces.ContainerDeletionChoosingPolicyTemplate (ContainerDeletionChoosingPolicyTemplate.java:chooseContainerForBlockDeletion(83)) - Chosen 0/5000 blocks from 0 candidate containers.
2023-04-19 02:32:20,170 [BlockDeletingService#1] INFO  interfaces.ContainerDeletionChoosingPolicyTemplate (ContainerDeletionChoosingPolicyTemplate.java:chooseContainerForBlockDeletion(83)) - Chosen 0/5000 blocks from 0 candidate containers.
2023-04-19 02:32:20,204 [SCMBlockDeletingService#0] DEBUG block.SCMBlockDeletingService (SCMBlockDeletingService.java:shouldRun(251)) - Check scm block delete run: false serviceStatus: PAUSING safemodeExitRunDelayMillis: 3000 alreadyWaitTimeInMillis: 1681871540204
2023-04-19 02:32:20,217 [BlockDeletingService#2] INFO  interfaces.ContainerDeletionChoosingPolicyTemplate (ContainerDeletionChoosingPolicyTemplate.java:chooseContainerForBlockDeletion(83)) - Chosen 0/5000 blocks from 0 candidate containers.
2023-04-19 02:32:20,271 [BlockDeletingService#2] INFO  interfaces.ContainerDeletionChoosingPolicyTemplate (ContainerDeletionChoosingPolicyTemplate.java:chooseContainerForBlockDeletion(83)) - Chosen 0/5000 blocks from 0 candidate containers.
2023-04-19 02:32:20,271 [BlockDeletingService#1] INFO  interfaces.ContainerDeletionChoosingPolicyTemplate (ContainerDeletionChoosingPolicyTemplate.java:chooseContainerForBlockDeletion(83)) - Chosen 0/5000 blocks from 0 candidate containers.
2023-04-19 02:32:20,304 [SCMBlockDeletingService#0] DEBUG block.SCMBlockDeletingService (SCMBlockDeletingService.java:shouldRun(251)) - Check scm block delete run: false serviceStatus: PAUSING safemodeExitRunDelayMillis: 3000 alreadyWaitTimeInMillis: 1681871540304
2023-04-19 02:32:20,317 [BlockDeletingService#2] INFO  interfaces.ContainerDeletionChoosingPolicyTemplate (ContainerDeletionChoosingPolicyTemplate.java:chooseContainerForBlockDeletion(83)) - Chosen 0/5000 blocks from 0 candidate containers.
2023-04-19 02:32:20,371 [BlockDeletingService#2] INFO  interfaces.ContainerDeletionChoosingPolicyTemplate (ContainerDeletionChoosingPolicyTemplate.java:chooseContainerForBlockDeletion(83)) - Chosen 0/5000 blocks from 0 candidate containers.
2023-04-19 02:32:20,371 [BlockDeletingService#1] INFO  interfaces.ContainerDeletionChoosingPolicyTemplate (ContainerDeletionChoosingPolicyTemplate.java:chooseContainerForBlockDeletion(83)) - Chosen 0/5000 blocks from 0 candidate containers.
2023-04-19 02:32:20,404 [SCMBlockDeletingService#0] DEBUG block.SCMBlockDeletingService (SCMBlockDeletingService.java:shouldRun(251)) - Check scm block delete run: false serviceStatus: PAUSING safemodeExitRunDelayMillis: 3000 alreadyWaitTimeInMillis: 1681871540404
2023-04-19 02:32:20,417 [BlockDeletingService#2] INFO  interfaces.ContainerDeletionChoosingPolicyTemplate (ContainerDeletionChoosingPolicyTemplate.java:chooseContainerForBlockDeletion(83)) - Chosen 0/5000 blocks from 0 candidate containers.
2023-04-19 02:32:20,471 [BlockDeletingService#2] INFO  interfaces.ContainerDeletionChoosingPolicyTemplate (ContainerDeletionChoosingPolicyTemplate.java:chooseContainerForBlockDeletion(83)) - Chosen 0/5000 blocks from 0 candidate containers.
2023-04-19 02:32:20,471 [BlockDeletingService#1] INFO  interfaces.ContainerDeletionChoosingPolicyTemplate (ContainerDeletionChoosingPolicyTemplate.java:chooseContainerForBlockDeletion(83)) - Chosen 0/5000 blocks from 0 candidate containers.
2023-04-19 02:32:20,504 [SCMBlockDeletingService#0] DEBUG block.SCMBlockDeletingService (SCMBlockDeletingService.java:shouldRun(251)) - Check scm block delete run: false serviceStatus: PAUSING safemodeExitRunDelayMillis: 3000 alreadyWaitTimeInMillis: 1681871540504
2023-04-19 02:32:20,518 [BlockDeletingService#2] INFO  interfaces.ContainerDeletionChoosingPolicyTemplate (ContainerDeletionChoosingPolicyTemplate.java:chooseContainerForBlockDeletion(83)) - Chosen 0/5000 blocks from 0 candidate containers.
2023-04-19 02:32:20,571 [BlockDeletingService#2] INFO  interfaces.ContainerDeletionChoosingPolicyTemplate (ContainerDeletionChoosingPolicyTemplate.java:chooseContainerForBlockDeletion(83)) - Chosen 0/5000 blocks from 0 candidate containers.
2023-04-19 02:32:20,572 [BlockDeletingService#1] INFO  interfaces.ContainerDeletionChoosingPolicyTemplate (ContainerDeletionChoosingPolicyTemplate.java:chooseContainerForBlockDeletion(83)) - Chosen 0/5000 blocks from 0 candidate containers.
2023-04-19 02:32:20,604 [SCMBlockDeletingService#0] DEBUG block.SCMBlockDeletingService (SCMBlockDeletingService.java:shouldRun(251)) - Check scm block delete run: false serviceStatus: PAUSING safemodeExitRunDelayMillis: 3000 alreadyWaitTimeInMillis: 1681871540604
2023-04-19 02:32:20,618 [BlockDeletingService#2] INFO  interfaces.ContainerDeletionChoosingPolicyTemplate (ContainerDeletionChoosingPolicyTemplate.java:chooseContainerForBlockDeletion(83)) - Chosen 0/5000 blocks from 0 candidate containers.
2023-04-19 02:32:20,672 [BlockDeletingService#2] INFO  interfaces.ContainerDeletionChoosingPolicyTemplate (ContainerDeletionChoosingPolicyTemplate.java:chooseContainerForBlockDeletion(83)) - Chosen 0/5000 blocks from 0 candidate containers.
2023-04-19 02:32:20,672 [BlockDeletingService#1] INFO  interfaces.ContainerDeletionChoosingPolicyTemplate (ContainerDeletionChoosingPolicyTemplate.java:chooseContainerForBlockDeletion(83)) - Chosen 0/5000 blocks from 0 candidate containers.
2023-04-19 02:32:20,704 [SCMBlockDeletingService#0] DEBUG block.SCMBlockDeletingService (SCMBlockDeletingService.java:shouldRun(251)) - Check scm block delete run: false serviceStatus: PAUSING safemodeExitRunDelayMillis: 3000 alreadyWaitTimeInMillis: 1681871540704
2023-04-19 02:32:20,718 [BlockDeletingService#2] INFO  interfaces.ContainerDeletionChoosingPolicyTemplate (ContainerDeletionChoosingPolicyTemplate.java:chooseContainerForBlockDeletion(83)) - Chosen 0/5000 blocks from 0 candidate containers.
2023-04-19 02:32:20,772 [BlockDeletingService#2] INFO  interfaces.ContainerDeletionChoosingPolicyTemplate (ContainerDeletionChoosingPolicyTemplate.java:chooseContainerForBlockDeletion(83)) - Chosen 0/5000 blocks from 0 candidate containers.
2023-04-19 02:32:20,772 [BlockDeletingService#1] INFO  interfaces.ContainerDeletionChoosingPolicyTemplate (ContainerDeletionChoosingPolicyTemplate.java:chooseContainerForBlockDeletion(83)) - Chosen 0/5000 blocks from 0 candidate containers.
2023-04-19 02:32:20,804 [SCMBlockDeletingService#0] DEBUG block.SCMBlockDeletingService (SCMBlockDeletingService.java:shouldRun(251)) - Check scm block delete run: false serviceStatus: PAUSING safemodeExitRunDelayMillis: 3000 alreadyWaitTimeInMillis: 1681871540804
2023-04-19 02:32:20,819 [BlockDeletingService#2] INFO  interfaces.ContainerDeletionChoosingPolicyTemplate (ContainerDeletionChoosingPolicyTemplate.java:chooseContainerForBlockDeletion(83)) - Chosen 0/5000 blocks from 0 candidate containers.
2023-04-19 02:32:20,872 [BlockDeletingService#2] INFO  interfaces.ContainerDeletionChoosingPolicyTemplate (ContainerDeletionChoosingPolicyTemplate.java:chooseContainerForBlockDeletion(83)) - Chosen 0/5000 blocks from 0 candidate containers.
2023-04-19 02:32:20,872 [BlockDeletingService#1] INFO  interfaces.ContainerDeletionChoosingPolicyTemplate (ContainerDeletionChoosingPolicyTemplate.java:chooseContainerForBlockDeletion(83)) - Chosen 0/5000 blocks from 0 candidate containers.
2023-04-19 02:32:20,904 [SCMBlockDeletingService#0] DEBUG block.SCMBlockDeletingService (SCMBlockDeletingService.java:shouldRun(251)) - Check scm block delete run: false serviceStatus: PAUSING safemodeExitRunDelayMillis: 3000 alreadyWaitTimeInMillis: 1681871540904
2023-04-19 02:32:20,919 [BlockDeletingService#2] INFO  interfaces.ContainerDeletionChoosingPolicyTemplate (ContainerDeletionChoosingPolicyTemplate.java:chooseContainerForBlockDeletion(83)) - Chosen 0/5000 blocks from 0 candidate containers.
2023-04-19 02:32:20,947 [Listener at 127.0.0.1/42295] INFO  ozone.MiniOzoneClusterImpl (MiniOzoneClusterImpl.java:lambda$waitForClusterToBeReady$0(222)) - Nodes are ready. Got 3 of 3 DN Heartbeats.
2023-04-19 02:32:20,948 [Listener at 127.0.0.1/42295] INFO  ozone.MiniOzoneClusterImpl (MiniOzoneClusterImpl.java:lambda$waitForClusterToBeReady$0(225)) - Waiting for cluster to exit safe mode
2023-04-19 02:32:20,948 [Listener at 127.0.0.1/42295] INFO  ozone.MiniOzoneClusterImpl (MiniOzoneClusterImpl.java:lambda$waitForClusterToBeReady$0(227)) - SCM became leader
2023-04-19 02:32:20,973 [BlockDeletingService#2] INFO  interfaces.ContainerDeletionChoosingPolicyTemplate (ContainerDeletionChoosingPolicyTemplate.java:chooseContainerForBlockDeletion(83)) - Chosen 0/5000 blocks from 0 candidate containers.
2023-04-19 02:32:20,973 [BlockDeletingService#1] INFO  interfaces.ContainerDeletionChoosingPolicyTemplate (ContainerDeletionChoosingPolicyTemplate.java:chooseContainerForBlockDeletion(83)) - Chosen 0/5000 blocks from 0 candidate containers.
2023-04-19 02:32:21,005 [SCMBlockDeletingService#0] DEBUG block.SCMBlockDeletingService (SCMBlockDeletingService.java:shouldRun(251)) - Check scm block delete run: false serviceStatus: PAUSING safemodeExitRunDelayMillis: 3000 alreadyWaitTimeInMillis: 1681871541005
2023-04-19 02:32:21,019 [BlockDeletingService#2] INFO  interfaces.ContainerDeletionChoosingPolicyTemplate (ContainerDeletionChoosingPolicyTemplate.java:chooseContainerForBlockDeletion(83)) - Chosen 0/5000 blocks from 0 candidate containers.
2023-04-19 02:32:21,073 [BlockDeletingService#2] INFO  interfaces.ContainerDeletionChoosingPolicyTemplate (ContainerDeletionChoosingPolicyTemplate.java:chooseContainerForBlockDeletion(83)) - Chosen 0/5000 blocks from 0 candidate containers.
2023-04-19 02:32:21,073 [BlockDeletingService#1] INFO  interfaces.ContainerDeletionChoosingPolicyTemplate (ContainerDeletionChoosingPolicyTemplate.java:chooseContainerForBlockDeletion(83)) - Chosen 0/5000 blocks from 0 candidate containers.
2023-04-19 02:32:21,105 [SCMBlockDeletingService#0] DEBUG block.SCMBlockDeletingService (SCMBlockDeletingService.java:shouldRun(251)) - Check scm block delete run: false serviceStatus: PAUSING safemodeExitRunDelayMillis: 3000 alreadyWaitTimeInMillis: 1681871541105
2023-04-19 02:32:21,119 [BlockDeletingService#2] INFO  interfaces.ContainerDeletionChoosingPolicyTemplate (ContainerDeletionChoosingPolicyTemplate.java:chooseContainerForBlockDeletion(83)) - Chosen 0/5000 blocks from 0 candidate containers.
2023-04-19 02:32:21,173 [BlockDeletingService#2] INFO  interfaces.ContainerDeletionChoosingPolicyTemplate (ContainerDeletionChoosingPolicyTemplate.java:chooseContainerForBlockDeletion(83)) - Chosen 0/5000 blocks from 0 candidate containers.
2023-04-19 02:32:21,173 [BlockDeletingService#1] INFO  interfaces.ContainerDeletionChoosingPolicyTemplate (ContainerDeletionChoosingPolicyTemplate.java:chooseContainerForBlockDeletion(83)) - Chosen 0/5000 blocks from 0 candidate containers.
2023-04-19 02:32:21,205 [SCMBlockDeletingService#0] DEBUG block.SCMBlockDeletingService (SCMBlockDeletingService.java:shouldRun(251)) - Check scm block delete run: false serviceStatus: PAUSING safemodeExitRunDelayMillis: 3000 alreadyWaitTimeInMillis: 1681871541205
2023-04-19 02:32:21,220 [BlockDeletingService#2] INFO  interfaces.ContainerDeletionChoosingPolicyTemplate (ContainerDeletionChoosingPolicyTemplate.java:chooseContainerForBlockDeletion(83)) - Chosen 0/5000 blocks from 0 candidate containers.
2023-04-19 02:32:21,274 [BlockDeletingService#2] INFO  interfaces.ContainerDeletionChoosingPolicyTemplate (ContainerDeletionChoosingPolicyTemplate.java:chooseContainerForBlockDeletion(83)) - Chosen 0/5000 blocks from 0 candidate containers.
2023-04-19 02:32:21,274 [BlockDeletingService#1] INFO  interfaces.ContainerDeletionChoosingPolicyTemplate (ContainerDeletionChoosingPolicyTemplate.java:chooseContainerForBlockDeletion(83)) - Chosen 0/5000 blocks from 0 candidate containers.
2023-04-19 02:32:21,305 [SCMBlockDeletingService#0] DEBUG block.SCMBlockDeletingService (SCMBlockDeletingService.java:shouldRun(251)) - Check scm block delete run: false serviceStatus: PAUSING safemodeExitRunDelayMillis: 3000 alreadyWaitTimeInMillis: 1681871541305
2023-04-19 02:32:21,320 [BlockDeletingService#2] INFO  interfaces.ContainerDeletionChoosingPolicyTemplate (ContainerDeletionChoosingPolicyTemplate.java:chooseContainerForBlockDeletion(83)) - Chosen 0/5000 blocks from 0 candidate containers.
2023-04-19 02:32:21,374 [BlockDeletingService#2] INFO  interfaces.ContainerDeletionChoosingPolicyTemplate (ContainerDeletionChoosingPolicyTemplate.java:chooseContainerForBlockDeletion(83)) - Chosen 0/5000 blocks from 0 candidate containers.
2023-04-19 02:32:21,374 [BlockDeletingService#1] INFO  interfaces.ContainerDeletionChoosingPolicyTemplate (ContainerDeletionChoosingPolicyTemplate.java:chooseContainerForBlockDeletion(83)) - Chosen 0/5000 blocks from 0 candidate containers.
2023-04-19 02:32:21,405 [SCMBlockDeletingService#0] DEBUG block.SCMBlockDeletingService (SCMBlockDeletingService.java:shouldRun(251)) - Check scm block delete run: false serviceStatus: PAUSING safemodeExitRunDelayMillis: 3000 alreadyWaitTimeInMillis: 1681871541405
2023-04-19 02:32:21,420 [BlockDeletingService#2] INFO  interfaces.ContainerDeletionChoosingPolicyTemplate (ContainerDeletionChoosingPolicyTemplate.java:chooseContainerForBlockDeletion(83)) - Chosen 0/5000 blocks from 0 candidate containers.
2023-04-19 02:32:21,474 [BlockDeletingService#2] INFO  interfaces.ContainerDeletionChoosingPolicyTemplate (ContainerDeletionChoosingPolicyTemplate.java:chooseContainerForBlockDeletion(83)) - Chosen 0/5000 blocks from 0 candidate containers.
2023-04-19 02:32:21,474 [BlockDeletingService#1] INFO  interfaces.ContainerDeletionChoosingPolicyTemplate (ContainerDeletionChoosingPolicyTemplate.java:chooseContainerForBlockDeletion(83)) - Chosen 0/5000 blocks from 0 candidate containers.
2023-04-19 02:32:21,505 [SCMBlockDeletingService#0] DEBUG block.SCMBlockDeletingService (SCMBlockDeletingService.java:shouldRun(251)) - Check scm block delete run: false serviceStatus: PAUSING safemodeExitRunDelayMillis: 3000 alreadyWaitTimeInMillis: 1681871541505
2023-04-19 02:32:21,521 [BlockDeletingService#2] INFO  interfaces.ContainerDeletionChoosingPolicyTemplate (ContainerDeletionChoosingPolicyTemplate.java:chooseContainerForBlockDeletion(83)) - Chosen 0/5000 blocks from 0 candidate containers.
2023-04-19 02:32:21,575 [BlockDeletingService#2] INFO  interfaces.ContainerDeletionChoosingPolicyTemplate (ContainerDeletionChoosingPolicyTemplate.java:chooseContainerForBlockDeletion(83)) - Chosen 0/5000 blocks from 0 candidate containers.
2023-04-19 02:32:21,575 [BlockDeletingService#1] INFO  interfaces.ContainerDeletionChoosingPolicyTemplate (ContainerDeletionChoosingPolicyTemplate.java:chooseContainerForBlockDeletion(83)) - Chosen 0/5000 blocks from 0 candidate containers.
2023-04-19 02:32:21,605 [SCMBlockDeletingService#0] DEBUG block.SCMBlockDeletingService (SCMBlockDeletingService.java:shouldRun(251)) - Check scm block delete run: false serviceStatus: PAUSING safemodeExitRunDelayMillis: 3000 alreadyWaitTimeInMillis: 1681871541605
2023-04-19 02:32:21,621 [BlockDeletingService#2] INFO  interfaces.ContainerDeletionChoosingPolicyTemplate (ContainerDeletionChoosingPolicyTemplate.java:chooseContainerForBlockDeletion(83)) - Chosen 0/5000 blocks from 0 candidate containers.
2023-04-19 02:32:21,675 [BlockDeletingService#2] INFO  interfaces.ContainerDeletionChoosingPolicyTemplate (ContainerDeletionChoosingPolicyTemplate.java:chooseContainerForBlockDeletion(83)) - Chosen 0/5000 blocks from 0 candidate containers.
2023-04-19 02:32:21,675 [BlockDeletingService#1] INFO  interfaces.ContainerDeletionChoosingPolicyTemplate (ContainerDeletionChoosingPolicyTemplate.java:chooseContainerForBlockDeletion(83)) - Chosen 0/5000 blocks from 0 candidate containers.
2023-04-19 02:32:21,705 [SCMBlockDeletingService#0] DEBUG block.SCMBlockDeletingService (SCMBlockDeletingService.java:shouldRun(251)) - Check scm block delete run: false serviceStatus: PAUSING safemodeExitRunDelayMillis: 3000 alreadyWaitTimeInMillis: 1681871541705
2023-04-19 02:32:21,721 [BlockDeletingService#2] INFO  interfaces.ContainerDeletionChoosingPolicyTemplate (ContainerDeletionChoosingPolicyTemplate.java:chooseContainerForBlockDeletion(83)) - Chosen 0/5000 blocks from 0 candidate containers.
2023-04-19 02:32:21,775 [BlockDeletingService#2] INFO  interfaces.ContainerDeletionChoosingPolicyTemplate (ContainerDeletionChoosingPolicyTemplate.java:chooseContainerForBlockDeletion(83)) - Chosen 0/5000 blocks from 0 candidate containers.
2023-04-19 02:32:21,775 [BlockDeletingService#1] INFO  interfaces.ContainerDeletionChoosingPolicyTemplate (ContainerDeletionChoosingPolicyTemplate.java:chooseContainerForBlockDeletion(83)) - Chosen 0/5000 blocks from 0 candidate containers.
2023-04-19 02:32:21,805 [SCMBlockDeletingService#0] DEBUG block.SCMBlockDeletingService (SCMBlockDeletingService.java:shouldRun(251)) - Check scm block delete run: false serviceStatus: PAUSING safemodeExitRunDelayMillis: 3000 alreadyWaitTimeInMillis: 1681871541805
2023-04-19 02:32:21,822 [BlockDeletingService#2] INFO  interfaces.ContainerDeletionChoosingPolicyTemplate (ContainerDeletionChoosingPolicyTemplate.java:chooseContainerForBlockDeletion(83)) - Chosen 0/5000 blocks from 0 candidate containers.
2023-04-19 02:32:21,876 [BlockDeletingService#2] INFO  interfaces.ContainerDeletionChoosingPolicyTemplate (ContainerDeletionChoosingPolicyTemplate.java:chooseContainerForBlockDeletion(83)) - Chosen 0/5000 blocks from 0 candidate containers.
2023-04-19 02:32:21,876 [BlockDeletingService#1] INFO  interfaces.ContainerDeletionChoosingPolicyTemplate (ContainerDeletionChoosingPolicyTemplate.java:chooseContainerForBlockDeletion(83)) - Chosen 0/5000 blocks from 0 candidate containers.
2023-04-19 02:32:21,905 [SCMBlockDeletingService#0] DEBUG block.SCMBlockDeletingService (SCMBlockDeletingService.java:shouldRun(251)) - Check scm block delete run: false serviceStatus: PAUSING safemodeExitRunDelayMillis: 3000 alreadyWaitTimeInMillis: 1681871541905
2023-04-19 02:32:21,922 [BlockDeletingService#2] INFO  interfaces.ContainerDeletionChoosingPolicyTemplate (ContainerDeletionChoosingPolicyTemplate.java:chooseContainerForBlockDeletion(83)) - Chosen 0/5000 blocks from 0 candidate containers.
2023-04-19 02:32:21,948 [Listener at 127.0.0.1/42295] INFO  ozone.MiniOzoneClusterImpl (MiniOzoneClusterImpl.java:lambda$waitForClusterToBeReady$0(222)) - Nodes are ready. Got 3 of 3 DN Heartbeats.
2023-04-19 02:32:21,948 [Listener at 127.0.0.1/42295] INFO  ozone.MiniOzoneClusterImpl (MiniOzoneClusterImpl.java:lambda$waitForClusterToBeReady$0(225)) - Waiting for cluster to exit safe mode
2023-04-19 02:32:21,948 [Listener at 127.0.0.1/42295] INFO  ozone.MiniOzoneClusterImpl (MiniOzoneClusterImpl.java:lambda$waitForClusterToBeReady$0(227)) - SCM became leader
2023-04-19 02:32:21,976 [BlockDeletingService#2] INFO  interfaces.ContainerDeletionChoosingPolicyTemplate (ContainerDeletionChoosingPolicyTemplate.java:chooseContainerForBlockDeletion(83)) - Chosen 0/5000 blocks from 0 candidate containers.
2023-04-19 02:32:21,976 [BlockDeletingService#1] INFO  interfaces.ContainerDeletionChoosingPolicyTemplate (ContainerDeletionChoosingPolicyTemplate.java:chooseContainerForBlockDeletion(83)) - Chosen 0/5000 blocks from 0 candidate containers.
2023-04-19 02:32:22,006 [SCMBlockDeletingService#0] DEBUG block.SCMBlockDeletingService (SCMBlockDeletingService.java:shouldRun(251)) - Check scm block delete run: false serviceStatus: PAUSING safemodeExitRunDelayMillis: 3000 alreadyWaitTimeInMillis: 1681871542006
2023-04-19 02:32:22,022 [BlockDeletingService#2] INFO  interfaces.ContainerDeletionChoosingPolicyTemplate (ContainerDeletionChoosingPolicyTemplate.java:chooseContainerForBlockDeletion(83)) - Chosen 0/5000 blocks from 0 candidate containers.
2023-04-19 02:32:22,076 [BlockDeletingService#2] INFO  interfaces.ContainerDeletionChoosingPolicyTemplate (ContainerDeletionChoosingPolicyTemplate.java:chooseContainerForBlockDeletion(83)) - Chosen 0/5000 blocks from 0 candidate containers.
2023-04-19 02:32:22,076 [BlockDeletingService#1] INFO  interfaces.ContainerDeletionChoosingPolicyTemplate (ContainerDeletionChoosingPolicyTemplate.java:chooseContainerForBlockDeletion(83)) - Chosen 0/5000 blocks from 0 candidate containers.
2023-04-19 02:32:22,106 [SCMBlockDeletingService#0] DEBUG block.SCMBlockDeletingService (SCMBlockDeletingService.java:shouldRun(251)) - Check scm block delete run: false serviceStatus: PAUSING safemodeExitRunDelayMillis: 3000 alreadyWaitTimeInMillis: 1681871542106
2023-04-19 02:32:22,123 [BlockDeletingService#2] INFO  interfaces.ContainerDeletionChoosingPolicyTemplate (ContainerDeletionChoosingPolicyTemplate.java:chooseContainerForBlockDeletion(83)) - Chosen 0/5000 blocks from 0 candidate containers.
2023-04-19 02:32:22,177 [BlockDeletingService#2] INFO  interfaces.ContainerDeletionChoosingPolicyTemplate (ContainerDeletionChoosingPolicyTemplate.java:chooseContainerForBlockDeletion(83)) - Chosen 0/5000 blocks from 0 candidate containers.
2023-04-19 02:32:22,177 [BlockDeletingService#1] INFO  interfaces.ContainerDeletionChoosingPolicyTemplate (ContainerDeletionChoosingPolicyTemplate.java:chooseContainerForBlockDeletion(83)) - Chosen 0/5000 blocks from 0 candidate containers.
2023-04-19 02:32:22,206 [SCMBlockDeletingService#0] DEBUG block.SCMBlockDeletingService (SCMBlockDeletingService.java:shouldRun(251)) - Check scm block delete run: false serviceStatus: PAUSING safemodeExitRunDelayMillis: 3000 alreadyWaitTimeInMillis: 1681871542206
2023-04-19 02:32:22,223 [BlockDeletingService#2] INFO  interfaces.ContainerDeletionChoosingPolicyTemplate (ContainerDeletionChoosingPolicyTemplate.java:chooseContainerForBlockDeletion(83)) - Chosen 0/5000 blocks from 0 candidate containers.
2023-04-19 02:32:22,277 [BlockDeletingService#2] INFO  interfaces.ContainerDeletionChoosingPolicyTemplate (ContainerDeletionChoosingPolicyTemplate.java:chooseContainerForBlockDeletion(83)) - Chosen 0/5000 blocks from 0 candidate containers.
2023-04-19 02:32:22,277 [BlockDeletingService#1] INFO  interfaces.ContainerDeletionChoosingPolicyTemplate (ContainerDeletionChoosingPolicyTemplate.java:chooseContainerForBlockDeletion(83)) - Chosen 0/5000 blocks from 0 candidate containers.
2023-04-19 02:32:22,306 [SCMBlockDeletingService#0] DEBUG block.SCMBlockDeletingService (SCMBlockDeletingService.java:shouldRun(251)) - Check scm block delete run: false serviceStatus: PAUSING safemodeExitRunDelayMillis: 3000 alreadyWaitTimeInMillis: 1681871542306
2023-04-19 02:32:22,323 [BlockDeletingService#2] INFO  interfaces.ContainerDeletionChoosingPolicyTemplate (ContainerDeletionChoosingPolicyTemplate.java:chooseContainerForBlockDeletion(83)) - Chosen 0/5000 blocks from 0 candidate containers.
2023-04-19 02:32:22,377 [BlockDeletingService#2] INFO  interfaces.ContainerDeletionChoosingPolicyTemplate (ContainerDeletionChoosingPolicyTemplate.java:chooseContainerForBlockDeletion(83)) - Chosen 0/5000 blocks from 0 candidate containers.
2023-04-19 02:32:22,377 [BlockDeletingService#1] INFO  interfaces.ContainerDeletionChoosingPolicyTemplate (ContainerDeletionChoosingPolicyTemplate.java:chooseContainerForBlockDeletion(83)) - Chosen 0/5000 blocks from 0 candidate containers.
2023-04-19 02:32:22,406 [SCMBlockDeletingService#0] DEBUG block.SCMBlockDeletingService (SCMBlockDeletingService.java:shouldRun(251)) - Check scm block delete run: false serviceStatus: PAUSING safemodeExitRunDelayMillis: 3000 alreadyWaitTimeInMillis: 1681871542406
2023-04-19 02:32:22,423 [BlockDeletingService#2] INFO  interfaces.ContainerDeletionChoosingPolicyTemplate (ContainerDeletionChoosingPolicyTemplate.java:chooseContainerForBlockDeletion(83)) - Chosen 0/5000 blocks from 0 candidate containers.
2023-04-19 02:32:22,477 [BlockDeletingService#2] INFO  interfaces.ContainerDeletionChoosingPolicyTemplate (ContainerDeletionChoosingPolicyTemplate.java:chooseContainerForBlockDeletion(83)) - Chosen 0/5000 blocks from 0 candidate containers.
2023-04-19 02:32:22,477 [BlockDeletingService#1] INFO  interfaces.ContainerDeletionChoosingPolicyTemplate (ContainerDeletionChoosingPolicyTemplate.java:chooseContainerForBlockDeletion(83)) - Chosen 0/5000 blocks from 0 candidate containers.
2023-04-19 02:32:22,506 [SCMBlockDeletingService#0] DEBUG block.SCMBlockDeletingService (SCMBlockDeletingService.java:shouldRun(251)) - Check scm block delete run: false serviceStatus: PAUSING safemodeExitRunDelayMillis: 3000 alreadyWaitTimeInMillis: 1681871542506
2023-04-19 02:32:22,524 [BlockDeletingService#2] INFO  interfaces.ContainerDeletionChoosingPolicyTemplate (ContainerDeletionChoosingPolicyTemplate.java:chooseContainerForBlockDeletion(83)) - Chosen 0/5000 blocks from 0 candidate containers.
2023-04-19 02:32:22,578 [BlockDeletingService#2] INFO  interfaces.ContainerDeletionChoosingPolicyTemplate (ContainerDeletionChoosingPolicyTemplate.java:chooseContainerForBlockDeletion(83)) - Chosen 0/5000 blocks from 0 candidate containers.
2023-04-19 02:32:22,578 [BlockDeletingService#1] INFO  interfaces.ContainerDeletionChoosingPolicyTemplate (ContainerDeletionChoosingPolicyTemplate.java:chooseContainerForBlockDeletion(83)) - Chosen 0/5000 blocks from 0 candidate containers.
2023-04-19 02:32:22,606 [SCMBlockDeletingService#0] DEBUG block.SCMBlockDeletingService (SCMBlockDeletingService.java:shouldRun(251)) - Check scm block delete run: false serviceStatus: PAUSING safemodeExitRunDelayMillis: 3000 alreadyWaitTimeInMillis: 1681871542606
2023-04-19 02:32:22,624 [BlockDeletingService#2] INFO  interfaces.ContainerDeletionChoosingPolicyTemplate (ContainerDeletionChoosingPolicyTemplate.java:chooseContainerForBlockDeletion(83)) - Chosen 0/5000 blocks from 0 candidate containers.
2023-04-19 02:32:22,678 [BlockDeletingService#2] INFO  interfaces.ContainerDeletionChoosingPolicyTemplate (ContainerDeletionChoosingPolicyTemplate.java:chooseContainerForBlockDeletion(83)) - Chosen 0/5000 blocks from 0 candidate containers.
2023-04-19 02:32:22,678 [BlockDeletingService#1] INFO  interfaces.ContainerDeletionChoosingPolicyTemplate (ContainerDeletionChoosingPolicyTemplate.java:chooseContainerForBlockDeletion(83)) - Chosen 0/5000 blocks from 0 candidate containers.
2023-04-19 02:32:22,706 [SCMBlockDeletingService#0] DEBUG block.SCMBlockDeletingService (SCMBlockDeletingService.java:shouldRun(251)) - Check scm block delete run: false serviceStatus: PAUSING safemodeExitRunDelayMillis: 3000 alreadyWaitTimeInMillis: 1681871542706
2023-04-19 02:32:22,724 [BlockDeletingService#2] INFO  interfaces.ContainerDeletionChoosingPolicyTemplate (ContainerDeletionChoosingPolicyTemplate.java:chooseContainerForBlockDeletion(83)) - Chosen 0/5000 blocks from 0 candidate containers.
2023-04-19 02:32:22,778 [BlockDeletingService#2] INFO  interfaces.ContainerDeletionChoosingPolicyTemplate (ContainerDeletionChoosingPolicyTemplate.java:chooseContainerForBlockDeletion(83)) - Chosen 0/5000 blocks from 0 candidate containers.
2023-04-19 02:32:22,778 [BlockDeletingService#1] INFO  interfaces.ContainerDeletionChoosingPolicyTemplate (ContainerDeletionChoosingPolicyTemplate.java:chooseContainerForBlockDeletion(83)) - Chosen 0/5000 blocks from 0 candidate containers.
2023-04-19 02:32:22,806 [SCMBlockDeletingService#0] DEBUG block.SCMBlockDeletingService (SCMBlockDeletingService.java:shouldRun(251)) - Check scm block delete run: false serviceStatus: PAUSING safemodeExitRunDelayMillis: 3000 alreadyWaitTimeInMillis: 1681871542806
2023-04-19 02:32:22,825 [BlockDeletingService#2] INFO  interfaces.ContainerDeletionChoosingPolicyTemplate (ContainerDeletionChoosingPolicyTemplate.java:chooseContainerForBlockDeletion(83)) - Chosen 0/5000 blocks from 0 candidate containers.
2023-04-19 02:32:22,879 [BlockDeletingService#2] INFO  interfaces.ContainerDeletionChoosingPolicyTemplate (ContainerDeletionChoosingPolicyTemplate.java:chooseContainerForBlockDeletion(83)) - Chosen 0/5000 blocks from 0 candidate containers.
2023-04-19 02:32:22,879 [BlockDeletingService#1] INFO  interfaces.ContainerDeletionChoosingPolicyTemplate (ContainerDeletionChoosingPolicyTemplate.java:chooseContainerForBlockDeletion(83)) - Chosen 0/5000 blocks from 0 candidate containers.
2023-04-19 02:32:22,906 [SCMBlockDeletingService#0] DEBUG block.SCMBlockDeletingService (SCMBlockDeletingService.java:shouldRun(251)) - Check scm block delete run: false serviceStatus: PAUSING safemodeExitRunDelayMillis: 3000 alreadyWaitTimeInMillis: 1681871542906
2023-04-19 02:32:22,925 [BlockDeletingService#2] INFO  interfaces.ContainerDeletionChoosingPolicyTemplate (ContainerDeletionChoosingPolicyTemplate.java:chooseContainerForBlockDeletion(83)) - Chosen 0/5000 blocks from 0 candidate containers.
2023-04-19 02:32:22,949 [Listener at 127.0.0.1/42295] INFO  ozone.MiniOzoneClusterImpl (MiniOzoneClusterImpl.java:lambda$waitForClusterToBeReady$0(222)) - Nodes are ready. Got 3 of 3 DN Heartbeats.
2023-04-19 02:32:22,949 [Listener at 127.0.0.1/42295] INFO  ozone.MiniOzoneClusterImpl (MiniOzoneClusterImpl.java:lambda$waitForClusterToBeReady$0(225)) - Waiting for cluster to exit safe mode
2023-04-19 02:32:22,949 [Listener at 127.0.0.1/42295] INFO  ozone.MiniOzoneClusterImpl (MiniOzoneClusterImpl.java:lambda$waitForClusterToBeReady$0(227)) - SCM became leader
2023-04-19 02:32:22,979 [BlockDeletingService#2] INFO  interfaces.ContainerDeletionChoosingPolicyTemplate (ContainerDeletionChoosingPolicyTemplate.java:chooseContainerForBlockDeletion(83)) - Chosen 0/5000 blocks from 0 candidate containers.
2023-04-19 02:32:22,979 [BlockDeletingService#1] INFO  interfaces.ContainerDeletionChoosingPolicyTemplate (ContainerDeletionChoosingPolicyTemplate.java:chooseContainerForBlockDeletion(83)) - Chosen 0/5000 blocks from 0 candidate containers.
2023-04-19 02:32:23,007 [SCMBlockDeletingService#0] DEBUG block.SCMBlockDeletingService (SCMBlockDeletingService.java:shouldRun(251)) - Check scm block delete run: false serviceStatus: PAUSING safemodeExitRunDelayMillis: 3000 alreadyWaitTimeInMillis: 1681871543007
2023-04-19 02:32:23,025 [BlockDeletingService#2] INFO  interfaces.ContainerDeletionChoosingPolicyTemplate (ContainerDeletionChoosingPolicyTemplate.java:chooseContainerForBlockDeletion(83)) - Chosen 0/5000 blocks from 0 candidate containers.
2023-04-19 02:32:23,079 [BlockDeletingService#2] INFO  interfaces.ContainerDeletionChoosingPolicyTemplate (ContainerDeletionChoosingPolicyTemplate.java:chooseContainerForBlockDeletion(83)) - Chosen 0/5000 blocks from 0 candidate containers.
2023-04-19 02:32:23,079 [BlockDeletingService#1] INFO  interfaces.ContainerDeletionChoosingPolicyTemplate (ContainerDeletionChoosingPolicyTemplate.java:chooseContainerForBlockDeletion(83)) - Chosen 0/5000 blocks from 0 candidate containers.
2023-04-19 02:32:23,107 [SCMBlockDeletingService#0] DEBUG block.SCMBlockDeletingService (SCMBlockDeletingService.java:shouldRun(251)) - Check scm block delete run: false serviceStatus: PAUSING safemodeExitRunDelayMillis: 3000 alreadyWaitTimeInMillis: 1681871543107
2023-04-19 02:32:23,126 [BlockDeletingService#2] INFO  interfaces.ContainerDeletionChoosingPolicyTemplate (ContainerDeletionChoosingPolicyTemplate.java:chooseContainerForBlockDeletion(83)) - Chosen 0/5000 blocks from 0 candidate containers.
2023-04-19 02:32:23,180 [BlockDeletingService#2] INFO  interfaces.ContainerDeletionChoosingPolicyTemplate (ContainerDeletionChoosingPolicyTemplate.java:chooseContainerForBlockDeletion(83)) - Chosen 0/5000 blocks from 0 candidate containers.
2023-04-19 02:32:23,180 [BlockDeletingService#1] INFO  interfaces.ContainerDeletionChoosingPolicyTemplate (ContainerDeletionChoosingPolicyTemplate.java:chooseContainerForBlockDeletion(83)) - Chosen 0/5000 blocks from 0 candidate containers.
2023-04-19 02:32:23,207 [SCMBlockDeletingService#0] DEBUG block.SCMBlockDeletingService (SCMBlockDeletingService.java:shouldRun(251)) - Check scm block delete run: false serviceStatus: PAUSING safemodeExitRunDelayMillis: 3000 alreadyWaitTimeInMillis: 1681871543207
2023-04-19 02:32:23,226 [BlockDeletingService#2] INFO  interfaces.ContainerDeletionChoosingPolicyTemplate (ContainerDeletionChoosingPolicyTemplate.java:chooseContainerForBlockDeletion(83)) - Chosen 0/5000 blocks from 0 candidate containers.
2023-04-19 02:32:23,280 [BlockDeletingService#2] INFO  interfaces.ContainerDeletionChoosingPolicyTemplate (ContainerDeletionChoosingPolicyTemplate.java:chooseContainerForBlockDeletion(83)) - Chosen 0/5000 blocks from 0 candidate containers.
2023-04-19 02:32:23,280 [BlockDeletingService#1] INFO  interfaces.ContainerDeletionChoosingPolicyTemplate (ContainerDeletionChoosingPolicyTemplate.java:chooseContainerForBlockDeletion(83)) - Chosen 0/5000 blocks from 0 candidate containers.
2023-04-19 02:32:23,307 [SCMBlockDeletingService#0] DEBUG block.SCMBlockDeletingService (SCMBlockDeletingService.java:shouldRun(251)) - Check scm block delete run: false serviceStatus: PAUSING safemodeExitRunDelayMillis: 3000 alreadyWaitTimeInMillis: 1681871543307
2023-04-19 02:32:23,326 [BlockDeletingService#2] INFO  interfaces.ContainerDeletionChoosingPolicyTemplate (ContainerDeletionChoosingPolicyTemplate.java:chooseContainerForBlockDeletion(83)) - Chosen 0/5000 blocks from 0 candidate containers.
2023-04-19 02:32:23,380 [BlockDeletingService#2] INFO  interfaces.ContainerDeletionChoosingPolicyTemplate (ContainerDeletionChoosingPolicyTemplate.java:chooseContainerForBlockDeletion(83)) - Chosen 0/5000 blocks from 0 candidate containers.
2023-04-19 02:32:23,380 [BlockDeletingService#1] INFO  interfaces.ContainerDeletionChoosingPolicyTemplate (ContainerDeletionChoosingPolicyTemplate.java:chooseContainerForBlockDeletion(83)) - Chosen 0/5000 blocks from 0 candidate containers.
2023-04-19 02:32:23,407 [SCMBlockDeletingService#0] DEBUG block.SCMBlockDeletingService (SCMBlockDeletingService.java:shouldRun(251)) - Check scm block delete run: false serviceStatus: PAUSING safemodeExitRunDelayMillis: 3000 alreadyWaitTimeInMillis: 1681871543407
2023-04-19 02:32:23,427 [BlockDeletingService#2] INFO  interfaces.ContainerDeletionChoosingPolicyTemplate (ContainerDeletionChoosingPolicyTemplate.java:chooseContainerForBlockDeletion(83)) - Chosen 0/5000 blocks from 0 candidate containers.
2023-04-19 02:32:23,480 [BlockDeletingService#2] INFO  interfaces.ContainerDeletionChoosingPolicyTemplate (ContainerDeletionChoosingPolicyTemplate.java:chooseContainerForBlockDeletion(83)) - Chosen 0/5000 blocks from 0 candidate containers.
2023-04-19 02:32:23,481 [BlockDeletingService#1] INFO  interfaces.ContainerDeletionChoosingPolicyTemplate (ContainerDeletionChoosingPolicyTemplate.java:chooseContainerForBlockDeletion(83)) - Chosen 0/5000 blocks from 0 candidate containers.
2023-04-19 02:32:23,507 [SCMBlockDeletingService#0] DEBUG block.SCMBlockDeletingService (SCMBlockDeletingService.java:shouldRun(251)) - Check scm block delete run: false serviceStatus: PAUSING safemodeExitRunDelayMillis: 3000 alreadyWaitTimeInMillis: 1681871543507
2023-04-19 02:32:23,527 [BlockDeletingService#2] INFO  interfaces.ContainerDeletionChoosingPolicyTemplate (ContainerDeletionChoosingPolicyTemplate.java:chooseContainerForBlockDeletion(83)) - Chosen 0/5000 blocks from 0 candidate containers.
2023-04-19 02:32:23,581 [BlockDeletingService#2] INFO  interfaces.ContainerDeletionChoosingPolicyTemplate (ContainerDeletionChoosingPolicyTemplate.java:chooseContainerForBlockDeletion(83)) - Chosen 0/5000 blocks from 0 candidate containers.
2023-04-19 02:32:23,581 [BlockDeletingService#1] INFO  interfaces.ContainerDeletionChoosingPolicyTemplate (ContainerDeletionChoosingPolicyTemplate.java:chooseContainerForBlockDeletion(83)) - Chosen 0/5000 blocks from 0 candidate containers.
2023-04-19 02:32:23,607 [SCMBlockDeletingService#0] DEBUG block.SCMBlockDeletingService (SCMBlockDeletingService.java:shouldRun(251)) - Check scm block delete run: false serviceStatus: PAUSING safemodeExitRunDelayMillis: 3000 alreadyWaitTimeInMillis: 1681871543607
2023-04-19 02:32:23,627 [BlockDeletingService#2] INFO  interfaces.ContainerDeletionChoosingPolicyTemplate (ContainerDeletionChoosingPolicyTemplate.java:chooseContainerForBlockDeletion(83)) - Chosen 0/5000 blocks from 0 candidate containers.
2023-04-19 02:32:23,681 [BlockDeletingService#2] INFO  interfaces.ContainerDeletionChoosingPolicyTemplate (ContainerDeletionChoosingPolicyTemplate.java:chooseContainerForBlockDeletion(83)) - Chosen 0/5000 blocks from 0 candidate containers.
2023-04-19 02:32:23,681 [BlockDeletingService#1] INFO  interfaces.ContainerDeletionChoosingPolicyTemplate (ContainerDeletionChoosingPolicyTemplate.java:chooseContainerForBlockDeletion(83)) - Chosen 0/5000 blocks from 0 candidate containers.
2023-04-19 02:32:23,707 [SCMBlockDeletingService#0] DEBUG block.SCMBlockDeletingService (SCMBlockDeletingService.java:shouldRun(251)) - Check scm block delete run: false serviceStatus: PAUSING safemodeExitRunDelayMillis: 3000 alreadyWaitTimeInMillis: 1681871543707
2023-04-19 02:32:23,727 [BlockDeletingService#2] INFO  interfaces.ContainerDeletionChoosingPolicyTemplate (ContainerDeletionChoosingPolicyTemplate.java:chooseContainerForBlockDeletion(83)) - Chosen 0/5000 blocks from 0 candidate containers.
2023-04-19 02:32:23,781 [BlockDeletingService#2] INFO  interfaces.ContainerDeletionChoosingPolicyTemplate (ContainerDeletionChoosingPolicyTemplate.java:chooseContainerForBlockDeletion(83)) - Chosen 0/5000 blocks from 0 candidate containers.
2023-04-19 02:32:23,781 [BlockDeletingService#1] INFO  interfaces.ContainerDeletionChoosingPolicyTemplate (ContainerDeletionChoosingPolicyTemplate.java:chooseContainerForBlockDeletion(83)) - Chosen 0/5000 blocks from 0 candidate containers.
2023-04-19 02:32:23,807 [SCMBlockDeletingService#0] DEBUG block.SCMBlockDeletingService (SCMBlockDeletingService.java:shouldRun(251)) - Check scm block delete run: false serviceStatus: PAUSING safemodeExitRunDelayMillis: 3000 alreadyWaitTimeInMillis: 1681871543807
2023-04-19 02:32:23,828 [BlockDeletingService#2] INFO  interfaces.ContainerDeletionChoosingPolicyTemplate (ContainerDeletionChoosingPolicyTemplate.java:chooseContainerForBlockDeletion(83)) - Chosen 0/5000 blocks from 0 candidate containers.
2023-04-19 02:32:23,882 [BlockDeletingService#2] INFO  interfaces.ContainerDeletionChoosingPolicyTemplate (ContainerDeletionChoosingPolicyTemplate.java:chooseContainerForBlockDeletion(83)) - Chosen 0/5000 blocks from 0 candidate containers.
2023-04-19 02:32:23,882 [BlockDeletingService#1] INFO  interfaces.ContainerDeletionChoosingPolicyTemplate (ContainerDeletionChoosingPolicyTemplate.java:chooseContainerForBlockDeletion(83)) - Chosen 0/5000 blocks from 0 candidate containers.
2023-04-19 02:32:23,908 [SCMBlockDeletingService#0] DEBUG block.SCMBlockDeletingService (SCMBlockDeletingService.java:shouldRun(251)) - Check scm block delete run: false serviceStatus: PAUSING safemodeExitRunDelayMillis: 3000 alreadyWaitTimeInMillis: 1681871543908
2023-04-19 02:32:23,928 [BlockDeletingService#2] INFO  interfaces.ContainerDeletionChoosingPolicyTemplate (ContainerDeletionChoosingPolicyTemplate.java:chooseContainerForBlockDeletion(83)) - Chosen 0/5000 blocks from 0 candidate containers.
2023-04-19 02:32:23,949 [Listener at 127.0.0.1/42295] INFO  ozone.MiniOzoneClusterImpl (MiniOzoneClusterImpl.java:lambda$waitForClusterToBeReady$0(222)) - Nodes are ready. Got 3 of 3 DN Heartbeats.
2023-04-19 02:32:23,949 [Listener at 127.0.0.1/42295] INFO  ozone.MiniOzoneClusterImpl (MiniOzoneClusterImpl.java:lambda$waitForClusterToBeReady$0(225)) - Waiting for cluster to exit safe mode
2023-04-19 02:32:23,949 [Listener at 127.0.0.1/42295] INFO  ozone.MiniOzoneClusterImpl (MiniOzoneClusterImpl.java:lambda$waitForClusterToBeReady$0(227)) - SCM became leader
2023-04-19 02:32:23,982 [BlockDeletingService#2] INFO  interfaces.ContainerDeletionChoosingPolicyTemplate (ContainerDeletionChoosingPolicyTemplate.java:chooseContainerForBlockDeletion(83)) - Chosen 0/5000 blocks from 0 candidate containers.
2023-04-19 02:32:23,982 [BlockDeletingService#1] INFO  interfaces.ContainerDeletionChoosingPolicyTemplate (ContainerDeletionChoosingPolicyTemplate.java:chooseContainerForBlockDeletion(83)) - Chosen 0/5000 blocks from 0 candidate containers.
2023-04-19 02:32:24,008 [SCMBlockDeletingService#0] DEBUG block.SCMBlockDeletingService (SCMBlockDeletingService.java:shouldRun(251)) - Check scm block delete run: false serviceStatus: PAUSING safemodeExitRunDelayMillis: 3000 alreadyWaitTimeInMillis: 1681871544008
2023-04-19 02:32:24,028 [BlockDeletingService#2] INFO  interfaces.ContainerDeletionChoosingPolicyTemplate (ContainerDeletionChoosingPolicyTemplate.java:chooseContainerForBlockDeletion(83)) - Chosen 0/5000 blocks from 0 candidate containers.
2023-04-19 02:32:24,082 [BlockDeletingService#2] INFO  interfaces.ContainerDeletionChoosingPolicyTemplate (ContainerDeletionChoosingPolicyTemplate.java:chooseContainerForBlockDeletion(83)) - Chosen 0/5000 blocks from 0 candidate containers.
2023-04-19 02:32:24,083 [BlockDeletingService#1] INFO  interfaces.ContainerDeletionChoosingPolicyTemplate (ContainerDeletionChoosingPolicyTemplate.java:chooseContainerForBlockDeletion(83)) - Chosen 0/5000 blocks from 0 candidate containers.
2023-04-19 02:32:24,108 [SCMBlockDeletingService#0] DEBUG block.SCMBlockDeletingService (SCMBlockDeletingService.java:shouldRun(251)) - Check scm block delete run: false serviceStatus: PAUSING safemodeExitRunDelayMillis: 3000 alreadyWaitTimeInMillis: 1681871544108
2023-04-19 02:32:24,129 [BlockDeletingService#2] INFO  interfaces.ContainerDeletionChoosingPolicyTemplate (ContainerDeletionChoosingPolicyTemplate.java:chooseContainerForBlockDeletion(83)) - Chosen 0/5000 blocks from 0 candidate containers.
2023-04-19 02:32:24,183 [BlockDeletingService#2] INFO  interfaces.ContainerDeletionChoosingPolicyTemplate (ContainerDeletionChoosingPolicyTemplate.java:chooseContainerForBlockDeletion(83)) - Chosen 0/5000 blocks from 0 candidate containers.
2023-04-19 02:32:24,183 [BlockDeletingService#1] INFO  interfaces.ContainerDeletionChoosingPolicyTemplate (ContainerDeletionChoosingPolicyTemplate.java:chooseContainerForBlockDeletion(83)) - Chosen 0/5000 blocks from 0 candidate containers.
2023-04-19 02:32:24,191 [14fab107-599d-4166-92e2-a49b96c274c4@group-71CE5AC4CDE1-FollowerState] INFO  impl.FollowerState (FollowerState.java:run(143)) - 14fab107-599d-4166-92e2-a49b96c274c4@group-71CE5AC4CDE1-FollowerState: change to CANDIDATE, lastRpcElapsedTime:5130598524ns, electionTimeout:5116ms
2023-04-19 02:32:24,191 [14fab107-599d-4166-92e2-a49b96c274c4@group-71CE5AC4CDE1-FollowerState] INFO  impl.RoleInfo (RoleInfo.java:shutdownFollowerState(110)) - 14fab107-599d-4166-92e2-a49b96c274c4: shutdown 14fab107-599d-4166-92e2-a49b96c274c4@group-71CE5AC4CDE1-FollowerState
2023-04-19 02:32:24,191 [14fab107-599d-4166-92e2-a49b96c274c4@group-71CE5AC4CDE1-FollowerState] INFO  server.RaftServer$Division (RaftServerImpl.java:setRole(321)) - 14fab107-599d-4166-92e2-a49b96c274c4@group-71CE5AC4CDE1: changes role from  FOLLOWER to CANDIDATE at term 0 for changeToCandidate
2023-04-19 02:32:24,192 [14fab107-599d-4166-92e2-a49b96c274c4@group-71CE5AC4CDE1-FollowerState] INFO  server.RaftServerConfigKeys (ConfUtils.java:logGet(46)) - raft.server.leaderelection.pre-vote = true (default)
2023-04-19 02:32:24,192 [14fab107-599d-4166-92e2-a49b96c274c4@group-71CE5AC4CDE1-FollowerState] INFO  impl.RoleInfo (RoleInfo.java:updateAndGet(139)) - 14fab107-599d-4166-92e2-a49b96c274c4: start 14fab107-599d-4166-92e2-a49b96c274c4@group-71CE5AC4CDE1-LeaderElection2
2023-04-19 02:32:24,200 [14fab107-599d-4166-92e2-a49b96c274c4@group-71CE5AC4CDE1-LeaderElection2] INFO  impl.LeaderElection (LeaderElection.java:askForVotes(312)) - 14fab107-599d-4166-92e2-a49b96c274c4@group-71CE5AC4CDE1-LeaderElection2 PRE_VOTE round 0: submit vote requests at term 0 for -1: peers:[8050b7c4-5854-4456-9ff4-a8181b586109|rpc:10.1.164.0:38315|dataStream:10.1.164.0:37915|priority:0|startupRole:FOLLOWER, 209e8f7b-7310-4c05-bc4d-708a2d801edb|rpc:10.1.164.0:45585|dataStream:10.1.164.0:46227|priority:0|startupRole:FOLLOWER, 14fab107-599d-4166-92e2-a49b96c274c4|rpc:10.1.164.0:42111|dataStream:10.1.164.0:40843|priority:1|startupRole:FOLLOWER]|listeners:[], old=null
2023-04-19 02:32:24,204 [14fab107-599d-4166-92e2-a49b96c274c4@group-71CE5AC4CDE1-LeaderElection2] INFO  server.RaftServerConfigKeys (ConfUtils.java:logFallback(53)) - raft.server.rpc.first-election.timeout.min = 5s (fallback to raft.server.rpc.timeout.min)
2023-04-19 02:32:24,204 [14fab107-599d-4166-92e2-a49b96c274c4@group-71CE5AC4CDE1-LeaderElection2] INFO  server.RaftServerConfigKeys (ConfUtils.java:logFallback(53)) - raft.server.rpc.first-election.timeout.max = 5200ms (fallback to raft.server.rpc.timeout.max)
2023-04-19 02:32:24,205 [14fab107-599d-4166-92e2-a49b96c274c4@group-71CE5AC4CDE1-LeaderElection2-2] INFO  server.GrpcServerProtocolClient (GrpcServerProtocolClient.java:<init>(63)) - Build channel for 209e8f7b-7310-4c05-bc4d-708a2d801edb
2023-04-19 02:32:24,205 [14fab107-599d-4166-92e2-a49b96c274c4@group-71CE5AC4CDE1-LeaderElection2-1] INFO  server.GrpcServerProtocolClient (GrpcServerProtocolClient.java:<init>(63)) - Build channel for 8050b7c4-5854-4456-9ff4-a8181b586109
2023-04-19 02:32:24,208 [SCMBlockDeletingService#0] DEBUG block.SCMBlockDeletingService (SCMBlockDeletingService.java:shouldRun(251)) - Check scm block delete run: false serviceStatus: PAUSING safemodeExitRunDelayMillis: 3000 alreadyWaitTimeInMillis: 1681871544208
2023-04-19 02:32:24,225 [grpc-default-executor-0] INFO  server.RaftServer$Division (RaftServerImpl.java:requestVote(1218)) - 8050b7c4-5854-4456-9ff4-a8181b586109@group-71CE5AC4CDE1: receive requestVote(PRE_VOTE, 14fab107-599d-4166-92e2-a49b96c274c4, group-71CE5AC4CDE1, 0, (t:0, i:0))
2023-04-19 02:32:24,228 [grpc-default-executor-0] INFO  impl.VoteContext (VoteContext.java:log(49)) - 8050b7c4-5854-4456-9ff4-a8181b586109@group-71CE5AC4CDE1-FOLLOWER: accept PRE_VOTE from 14fab107-599d-4166-92e2-a49b96c274c4: our priority 0 <= candidate's priority 1
2023-04-19 02:32:24,229 [BlockDeletingService#2] INFO  interfaces.ContainerDeletionChoosingPolicyTemplate (ContainerDeletionChoosingPolicyTemplate.java:chooseContainerForBlockDeletion(83)) - Chosen 0/5000 blocks from 0 candidate containers.
2023-04-19 02:32:24,235 [grpc-default-executor-0] INFO  server.RaftServer$Division (RaftServerImpl.java:requestVote(1251)) - 8050b7c4-5854-4456-9ff4-a8181b586109@group-71CE5AC4CDE1 replies to PRE_VOTE vote request: 14fab107-599d-4166-92e2-a49b96c274c4<-8050b7c4-5854-4456-9ff4-a8181b586109#0:OK-t0. Peer's state: 8050b7c4-5854-4456-9ff4-a8181b586109@group-71CE5AC4CDE1:t0, leader=null, voted=, raftlog=Memoized:8050b7c4-5854-4456-9ff4-a8181b586109@group-71CE5AC4CDE1-SegmentedRaftLog:OPENED:c-1, conf=-1: peers:[8050b7c4-5854-4456-9ff4-a8181b586109|rpc:10.1.164.0:38315|dataStream:10.1.164.0:37915|priority:0|startupRole:FOLLOWER, 209e8f7b-7310-4c05-bc4d-708a2d801edb|rpc:10.1.164.0:45585|dataStream:10.1.164.0:46227|priority:0|startupRole:FOLLOWER, 14fab107-599d-4166-92e2-a49b96c274c4|rpc:10.1.164.0:42111|dataStream:10.1.164.0:40843|priority:1|startupRole:FOLLOWER]|listeners:[], old=null
2023-04-19 02:32:24,241 [grpc-default-executor-1] INFO  server.RaftServer$Division (RaftServerImpl.java:requestVote(1218)) - 209e8f7b-7310-4c05-bc4d-708a2d801edb@group-71CE5AC4CDE1: receive requestVote(PRE_VOTE, 14fab107-599d-4166-92e2-a49b96c274c4, group-71CE5AC4CDE1, 0, (t:0, i:0))
2023-04-19 02:32:24,244 [14fab107-599d-4166-92e2-a49b96c274c4@group-71CE5AC4CDE1-LeaderElection2] INFO  impl.LeaderElection (LeaderElection.java:logAndReturn(90)) - 14fab107-599d-4166-92e2-a49b96c274c4@group-71CE5AC4CDE1-LeaderElection2: PRE_VOTE PASSED received 1 response(s) and 0 exception(s):
2023-04-19 02:32:24,244 [grpc-default-executor-1] INFO  impl.VoteContext (VoteContext.java:log(49)) - 209e8f7b-7310-4c05-bc4d-708a2d801edb@group-71CE5AC4CDE1-FOLLOWER: accept PRE_VOTE from 14fab107-599d-4166-92e2-a49b96c274c4: our priority 0 <= candidate's priority 1
2023-04-19 02:32:24,245 [14fab107-599d-4166-92e2-a49b96c274c4@group-71CE5AC4CDE1-LeaderElection2] INFO  impl.LeaderElection (LeaderElection.java:logAndReturn(94)) -   Response 0: 14fab107-599d-4166-92e2-a49b96c274c4<-8050b7c4-5854-4456-9ff4-a8181b586109#0:OK-t0
2023-04-19 02:32:24,245 [grpc-default-executor-1] INFO  server.RaftServer$Division (RaftServerImpl.java:requestVote(1251)) - 209e8f7b-7310-4c05-bc4d-708a2d801edb@group-71CE5AC4CDE1 replies to PRE_VOTE vote request: 14fab107-599d-4166-92e2-a49b96c274c4<-209e8f7b-7310-4c05-bc4d-708a2d801edb#0:OK-t0. Peer's state: 209e8f7b-7310-4c05-bc4d-708a2d801edb@group-71CE5AC4CDE1:t0, leader=null, voted=, raftlog=Memoized:209e8f7b-7310-4c05-bc4d-708a2d801edb@group-71CE5AC4CDE1-SegmentedRaftLog:OPENED:c-1, conf=-1: peers:[8050b7c4-5854-4456-9ff4-a8181b586109|rpc:10.1.164.0:38315|dataStream:10.1.164.0:37915|priority:0|startupRole:FOLLOWER, 209e8f7b-7310-4c05-bc4d-708a2d801edb|rpc:10.1.164.0:45585|dataStream:10.1.164.0:46227|priority:0|startupRole:FOLLOWER, 14fab107-599d-4166-92e2-a49b96c274c4|rpc:10.1.164.0:42111|dataStream:10.1.164.0:40843|priority:1|startupRole:FOLLOWER]|listeners:[], old=null
2023-04-19 02:32:24,246 [14fab107-599d-4166-92e2-a49b96c274c4@group-71CE5AC4CDE1-LeaderElection2] INFO  impl.LeaderElection (LeaderElection.java:askForVotes(314)) - 14fab107-599d-4166-92e2-a49b96c274c4@group-71CE5AC4CDE1-LeaderElection2 PRE_VOTE round 0: result PASSED
2023-04-19 02:32:24,248 [14fab107-599d-4166-92e2-a49b96c274c4@group-71CE5AC4CDE1-LeaderElection2] INFO  impl.LeaderElection (LeaderElection.java:askForVotes(312)) - 14fab107-599d-4166-92e2-a49b96c274c4@group-71CE5AC4CDE1-LeaderElection2 ELECTION round 0: submit vote requests at term 1 for -1: peers:[8050b7c4-5854-4456-9ff4-a8181b586109|rpc:10.1.164.0:38315|dataStream:10.1.164.0:37915|priority:0|startupRole:FOLLOWER, 209e8f7b-7310-4c05-bc4d-708a2d801edb|rpc:10.1.164.0:45585|dataStream:10.1.164.0:46227|priority:0|startupRole:FOLLOWER, 14fab107-599d-4166-92e2-a49b96c274c4|rpc:10.1.164.0:42111|dataStream:10.1.164.0:40843|priority:1|startupRole:FOLLOWER]|listeners:[], old=null
2023-04-19 02:32:24,248 [14fab107-599d-4166-92e2-a49b96c274c4@group-71CE5AC4CDE1-LeaderElection2] INFO  server.RaftServerConfigKeys (ConfUtils.java:logFallback(53)) - raft.server.rpc.first-election.timeout.min = 5s (fallback to raft.server.rpc.timeout.min)
2023-04-19 02:32:24,248 [14fab107-599d-4166-92e2-a49b96c274c4@group-71CE5AC4CDE1-LeaderElection2] INFO  server.RaftServerConfigKeys (ConfUtils.java:logFallback(53)) - raft.server.rpc.first-election.timeout.max = 5200ms (fallback to raft.server.rpc.timeout.max)
2023-04-19 02:32:24,258 [grpc-default-executor-0] INFO  server.RaftServer$Division (RaftServerImpl.java:requestVote(1218)) - 8050b7c4-5854-4456-9ff4-a8181b586109@group-71CE5AC4CDE1: receive requestVote(ELECTION, 14fab107-599d-4166-92e2-a49b96c274c4, group-71CE5AC4CDE1, 1, (t:0, i:0))
2023-04-19 02:32:24,259 [grpc-default-executor-0] INFO  impl.VoteContext (VoteContext.java:log(49)) - 8050b7c4-5854-4456-9ff4-a8181b586109@group-71CE5AC4CDE1-FOLLOWER: accept ELECTION from 14fab107-599d-4166-92e2-a49b96c274c4: our priority 0 <= candidate's priority 1
2023-04-19 02:32:24,259 [grpc-default-executor-0] INFO  server.RaftServer$Division (RaftServerImpl.java:setRole(321)) - 8050b7c4-5854-4456-9ff4-a8181b586109@group-71CE5AC4CDE1: changes role from  FOLLOWER to FOLLOWER at term 1 for candidate:14fab107-599d-4166-92e2-a49b96c274c4
2023-04-19 02:32:24,259 [grpc-default-executor-0] INFO  impl.RoleInfo (RoleInfo.java:shutdownFollowerState(110)) - 8050b7c4-5854-4456-9ff4-a8181b586109: shutdown 8050b7c4-5854-4456-9ff4-a8181b586109@group-71CE5AC4CDE1-FollowerState
2023-04-19 02:32:24,260 [8050b7c4-5854-4456-9ff4-a8181b586109@group-71CE5AC4CDE1-FollowerState] INFO  impl.FollowerState (FollowerState.java:run(152)) - 8050b7c4-5854-4456-9ff4-a8181b586109@group-71CE5AC4CDE1-FollowerState was interrupted
2023-04-19 02:32:24,260 [grpc-default-executor-0] INFO  impl.RoleInfo (RoleInfo.java:updateAndGet(139)) - 8050b7c4-5854-4456-9ff4-a8181b586109: start 8050b7c4-5854-4456-9ff4-a8181b586109@group-71CE5AC4CDE1-FollowerState
2023-04-19 02:32:24,261 [grpc-default-executor-1] INFO  server.RaftServer$Division (RaftServerImpl.java:requestVote(1218)) - 209e8f7b-7310-4c05-bc4d-708a2d801edb@group-71CE5AC4CDE1: receive requestVote(ELECTION, 14fab107-599d-4166-92e2-a49b96c274c4, group-71CE5AC4CDE1, 1, (t:0, i:0))
2023-04-19 02:32:24,261 [8050b7c4-5854-4456-9ff4-a8181b586109@group-71CE5AC4CDE1-FollowerState] INFO  server.RaftServerConfigKeys (ConfUtils.java:logFallback(53)) - raft.server.rpc.first-election.timeout.min = 5s (fallback to raft.server.rpc.timeout.min)
2023-04-19 02:32:24,261 [8050b7c4-5854-4456-9ff4-a8181b586109@group-71CE5AC4CDE1-FollowerState] INFO  server.RaftServerConfigKeys (ConfUtils.java:logFallback(53)) - raft.server.rpc.first-election.timeout.max = 5200ms (fallback to raft.server.rpc.timeout.max)
2023-04-19 02:32:24,261 [grpc-default-executor-1] INFO  impl.VoteContext (VoteContext.java:log(49)) - 209e8f7b-7310-4c05-bc4d-708a2d801edb@group-71CE5AC4CDE1-FOLLOWER: accept ELECTION from 14fab107-599d-4166-92e2-a49b96c274c4: our priority 0 <= candidate's priority 1
2023-04-19 02:32:24,261 [grpc-default-executor-1] INFO  server.RaftServer$Division (RaftServerImpl.java:setRole(321)) - 209e8f7b-7310-4c05-bc4d-708a2d801edb@group-71CE5AC4CDE1: changes role from  FOLLOWER to FOLLOWER at term 1 for candidate:14fab107-599d-4166-92e2-a49b96c274c4
2023-04-19 02:32:24,261 [grpc-default-executor-1] INFO  impl.RoleInfo (RoleInfo.java:shutdownFollowerState(110)) - 209e8f7b-7310-4c05-bc4d-708a2d801edb: shutdown 209e8f7b-7310-4c05-bc4d-708a2d801edb@group-71CE5AC4CDE1-FollowerState
2023-04-19 02:32:24,262 [209e8f7b-7310-4c05-bc4d-708a2d801edb@group-71CE5AC4CDE1-FollowerState] INFO  impl.FollowerState (FollowerState.java:run(152)) - 209e8f7b-7310-4c05-bc4d-708a2d801edb@group-71CE5AC4CDE1-FollowerState was interrupted
2023-04-19 02:32:24,262 [grpc-default-executor-0] INFO  server.RaftServer$Division (RaftServerImpl.java:requestVote(1251)) - 8050b7c4-5854-4456-9ff4-a8181b586109@group-71CE5AC4CDE1 replies to ELECTION vote request: 14fab107-599d-4166-92e2-a49b96c274c4<-8050b7c4-5854-4456-9ff4-a8181b586109#0:OK-t1. Peer's state: 8050b7c4-5854-4456-9ff4-a8181b586109@group-71CE5AC4CDE1:t1, leader=null, voted=14fab107-599d-4166-92e2-a49b96c274c4, raftlog=Memoized:8050b7c4-5854-4456-9ff4-a8181b586109@group-71CE5AC4CDE1-SegmentedRaftLog:OPENED:c-1, conf=-1: peers:[8050b7c4-5854-4456-9ff4-a8181b586109|rpc:10.1.164.0:38315|dataStream:10.1.164.0:37915|priority:0|startupRole:FOLLOWER, 209e8f7b-7310-4c05-bc4d-708a2d801edb|rpc:10.1.164.0:45585|dataStream:10.1.164.0:46227|priority:0|startupRole:FOLLOWER, 14fab107-599d-4166-92e2-a49b96c274c4|rpc:10.1.164.0:42111|dataStream:10.1.164.0:40843|priority:1|startupRole:FOLLOWER]|listeners:[], old=null
2023-04-19 02:32:24,263 [grpc-default-executor-1] INFO  impl.RoleInfo (RoleInfo.java:updateAndGet(139)) - 209e8f7b-7310-4c05-bc4d-708a2d801edb: start 209e8f7b-7310-4c05-bc4d-708a2d801edb@group-71CE5AC4CDE1-FollowerState
2023-04-19 02:32:24,266 [14fab107-599d-4166-92e2-a49b96c274c4@group-71CE5AC4CDE1-LeaderElection2] INFO  impl.LeaderElection (LeaderElection.java:logAndReturn(90)) - 14fab107-599d-4166-92e2-a49b96c274c4@group-71CE5AC4CDE1-LeaderElection2: ELECTION PASSED received 1 response(s) and 0 exception(s):
2023-04-19 02:32:24,266 [14fab107-599d-4166-92e2-a49b96c274c4@group-71CE5AC4CDE1-LeaderElection2] INFO  impl.LeaderElection (LeaderElection.java:logAndReturn(94)) -   Response 0: 14fab107-599d-4166-92e2-a49b96c274c4<-8050b7c4-5854-4456-9ff4-a8181b586109#0:OK-t1
2023-04-19 02:32:24,266 [14fab107-599d-4166-92e2-a49b96c274c4@group-71CE5AC4CDE1-LeaderElection2] INFO  impl.LeaderElection (LeaderElection.java:askForVotes(314)) - 14fab107-599d-4166-92e2-a49b96c274c4@group-71CE5AC4CDE1-LeaderElection2 ELECTION round 0: result PASSED
2023-04-19 02:32:24,266 [14fab107-599d-4166-92e2-a49b96c274c4@group-71CE5AC4CDE1-LeaderElection2] INFO  impl.RoleInfo (RoleInfo.java:shutdownLeaderElection(130)) - 14fab107-599d-4166-92e2-a49b96c274c4: shutdown 14fab107-599d-4166-92e2-a49b96c274c4@group-71CE5AC4CDE1-LeaderElection2
2023-04-19 02:32:24,266 [14fab107-599d-4166-92e2-a49b96c274c4@group-71CE5AC4CDE1-LeaderElection2] INFO  server.RaftServer$Division (RaftServerImpl.java:setRole(321)) - 14fab107-599d-4166-92e2-a49b96c274c4@group-71CE5AC4CDE1: changes role from CANDIDATE to LEADER at term 1 for changeToLeader
2023-04-19 02:32:24,266 [14fab107-599d-4166-92e2-a49b96c274c4@group-71CE5AC4CDE1-LeaderElection2] INFO  ratis.XceiverServerRatis (XceiverServerRatis.java:handleLeaderChangedNotification(904)) - Leader change notification received for group: group-71CE5AC4CDE1 with new leaderId: 14fab107-599d-4166-92e2-a49b96c274c4
2023-04-19 02:32:24,266 [14fab107-599d-4166-92e2-a49b96c274c4@group-71CE5AC4CDE1-LeaderElection2] INFO  server.RaftServer$Division (ServerState.java:setLeader(313)) - 14fab107-599d-4166-92e2-a49b96c274c4@group-71CE5AC4CDE1: change Leader from null to 14fab107-599d-4166-92e2-a49b96c274c4 at term 1 for becomeLeader, leader elected after 5226ms
2023-04-19 02:32:24,266 [14fab107-599d-4166-92e2-a49b96c274c4@group-71CE5AC4CDE1-LeaderElection2] INFO  server.RaftServerConfigKeys (ConfUtils.java:logGet(46)) - raft.server.staging.catchup.gap = 1000 (default)
2023-04-19 02:32:24,267 [14fab107-599d-4166-92e2-a49b96c274c4@group-71CE5AC4CDE1-LeaderElection2] INFO  server.RaftServerConfigKeys (ConfUtils.java:logGet(46)) - raft.server.write.element-limit = 1024 (custom)
2023-04-19 02:32:24,267 [14fab107-599d-4166-92e2-a49b96c274c4@group-71CE5AC4CDE1-LeaderElection2] INFO  server.RaftServerConfigKeys (ConfUtils.java:logGet(46)) - raft.server.write.byte-limit = 1024 M (=1073741824) (custom)
2023-04-19 02:32:24,267 [14fab107-599d-4166-92e2-a49b96c274c4@group-71CE5AC4CDE1-LeaderElection2] INFO  server.RaftServerConfigKeys (ConfUtils.java:logGet(46)) - raft.server.watch.timeout = 180s (custom)
2023-04-19 02:32:24,267 [14fab107-599d-4166-92e2-a49b96c274c4@group-71CE5AC4CDE1-LeaderElection2] INFO  server.RaftServerConfigKeys (ConfUtils.java:logGet(46)) - raft.server.watch.timeout.denomination = 1s (default)
2023-04-19 02:32:24,267 [14fab107-599d-4166-92e2-a49b96c274c4@group-71CE5AC4CDE1-LeaderElection2] INFO  server.RaftServerConfigKeys (ConfUtils.java:logGet(46)) - raft.server.watch.element-limit = 65536 (default)
2023-04-19 02:32:24,267 [14fab107-599d-4166-92e2-a49b96c274c4@group-71CE5AC4CDE1-LeaderElection2] INFO  server.RaftServerConfigKeys (ConfUtils.java:logGet(46)) - raft.server.write.element-limit = 1024 (custom)
2023-04-19 02:32:24,267 [14fab107-599d-4166-92e2-a49b96c274c4@group-71CE5AC4CDE1-LeaderElection2] INFO  server.RaftServerConfigKeys (ConfUtils.java:logGet(46)) - raft.server.write.follower.gap.ratio.max = -1.0 (default)
2023-04-19 02:32:24,273 [EventQueue-PipelineReportForPipelineReportHandler] INFO  pipeline.PipelineManagerImpl (PipelineManagerImpl.java:openPipeline(367)) - Pipeline Pipeline[ Id: efa6cb31-92b4-4224-b1a7-71ce5ac4cde1, Nodes: 8050b7c4-5854-4456-9ff4-a8181b586109(fv-az127-56.h3uyzbqov44edfyrgkjongjtha.bx.internal.cloudapp.net/10.1.164.0)209e8f7b-7310-4c05-bc4d-708a2d801edb(fv-az127-56.h3uyzbqov44edfyrgkjongjtha.bx.internal.cloudapp.net/10.1.164.0)14fab107-599d-4166-92e2-a49b96c274c4(fv-az127-56.h3uyzbqov44edfyrgkjongjtha.bx.internal.cloudapp.net/10.1.164.0), ReplicationConfig: RATIS/THREE, State:ALLOCATED, leaderId:14fab107-599d-4166-92e2-a49b96c274c4, CreationTimestamp2023-04-19T02:32:16.966Z[Etc/UTC]] moved to OPEN state
2023-04-19 02:32:24,275 [grpc-default-executor-1] INFO  server.RaftServer$Division (RaftServerImpl.java:requestVote(1251)) - 209e8f7b-7310-4c05-bc4d-708a2d801edb@group-71CE5AC4CDE1 replies to ELECTION vote request: 14fab107-599d-4166-92e2-a49b96c274c4<-209e8f7b-7310-4c05-bc4d-708a2d801edb#0:OK-t1. Peer's state: 209e8f7b-7310-4c05-bc4d-708a2d801edb@group-71CE5AC4CDE1:t1, leader=null, voted=14fab107-599d-4166-92e2-a49b96c274c4, raftlog=Memoized:209e8f7b-7310-4c05-bc4d-708a2d801edb@group-71CE5AC4CDE1-SegmentedRaftLog:OPENED:c-1, conf=-1: peers:[8050b7c4-5854-4456-9ff4-a8181b586109|rpc:10.1.164.0:38315|dataStream:10.1.164.0:37915|priority:0|startupRole:FOLLOWER, 209e8f7b-7310-4c05-bc4d-708a2d801edb|rpc:10.1.164.0:45585|dataStream:10.1.164.0:46227|priority:0|startupRole:FOLLOWER, 14fab107-599d-4166-92e2-a49b96c274c4|rpc:10.1.164.0:42111|dataStream:10.1.164.0:40843|priority:1|startupRole:FOLLOWER]|listeners:[], old=null
2023-04-19 02:32:24,275 [209e8f7b-7310-4c05-bc4d-708a2d801edb@group-71CE5AC4CDE1-FollowerState] INFO  server.RaftServerConfigKeys (ConfUtils.java:logFallback(53)) - raft.server.rpc.first-election.timeout.min = 5s (fallback to raft.server.rpc.timeout.min)
2023-04-19 02:32:24,280 [209e8f7b-7310-4c05-bc4d-708a2d801edb@group-71CE5AC4CDE1-FollowerState] INFO  server.RaftServerConfigKeys (ConfUtils.java:logFallback(53)) - raft.server.rpc.first-election.timeout.max = 5200ms (fallback to raft.server.rpc.timeout.max)
2023-04-19 02:32:24,276 [EventQueue-OpenPipelineForHealthyPipelineSafeModeRule] INFO  safemode.SCMSafeModeManager (HealthyPipelineSafeModeRule.java:process(137)) - SCM in safe mode. Healthy pipelines reported count is 1, required healthy pipeline reported count is 1
2023-04-19 02:32:24,283 [BlockDeletingService#1] INFO  interfaces.ContainerDeletionChoosingPolicyTemplate (ContainerDeletionChoosingPolicyTemplate.java:chooseContainerForBlockDeletion(83)) - Chosen 0/5000 blocks from 0 candidate containers.
2023-04-19 02:32:24,283 [BlockDeletingService#2] INFO  interfaces.ContainerDeletionChoosingPolicyTemplate (ContainerDeletionChoosingPolicyTemplate.java:chooseContainerForBlockDeletion(83)) - Chosen 0/5000 blocks from 0 candidate containers.
2023-04-19 02:32:24,285 [EventQueue-OpenPipelineForHealthyPipelineSafeModeRule] INFO  safemode.SCMSafeModeManager (SCMSafeModeManager.java:validateSafeModeExitRules(200)) - HealthyPipelineSafeModeRule rule is successfully validated
2023-04-19 02:32:24,285 [EventQueue-OpenPipelineForHealthyPipelineSafeModeRule] INFO  safemode.SCMSafeModeManager (SCMSafeModeManager.java:validateSafeModeExitRules(215)) - ScmSafeModeManager, all rules are successfully validated
2023-04-19 02:32:24,285 [EventQueue-OpenPipelineForHealthyPipelineSafeModeRule] INFO  safemode.SCMSafeModeManager (SCMSafeModeManager.java:exitSafeMode(244)) - SCM exiting safe mode.
2023-04-19 02:32:24,285 [EventQueue-OpenPipelineForHealthyPipelineSafeModeRule] INFO  ha.SCMContext (SCMContext.java:updateSafeModeStatus(228)) - Update SafeModeStatus from SafeModeStatus{safeModeStatus=true, preCheckPassed=true} to SafeModeStatus{safeModeStatus=false, preCheckPassed=true}.
2023-04-19 02:32:24,285 [EventQueue-OpenPipelineForHealthyPipelineSafeModeRule] INFO  pipeline.BackgroundPipelineCreator (BackgroundPipelineCreator.java:notifyStatusChanged(254)) - Service BackgroundPipelineCreator transitions to RUNNING.
2023-04-19 02:32:24,285 [EventQueue-OpenPipelineForHealthyPipelineSafeModeRule] INFO  BackgroundPipelineScrubber (BackgroundSCMService.java:notifyStatusChanged(82)) - Service BackgroundPipelineScrubber transitions to RUNNING.
2023-04-19 02:32:24,285 [EventQueue-OpenPipelineForHealthyPipelineSafeModeRule] INFO  ExpiredContainerReplicaOpScrubber (BackgroundSCMService.java:notifyStatusChanged(82)) - Service ExpiredContainerReplicaOpScrubber transitions to RUNNING.
2023-04-19 02:32:24,285 [EventQueue-OpenPipelineForHealthyPipelineSafeModeRule] INFO  replication.ReplicationManager (ReplicationManager.java:notifyStatusChanged(1371)) - Service ReplicationManager transitions to RUNNING.
2023-04-19 02:32:24,286 [14fab107-599d-4166-92e2-a49b96c274c4@group-71CE5AC4CDE1-LeaderElection2] INFO  server.RaftServerConfigKeys (ConfUtils.java:logGet(46)) - raft.server.log.appender.snapshot.chunk.size.max = 16MB (=16777216) (default)
2023-04-19 02:32:24,286 [14fab107-599d-4166-92e2-a49b96c274c4@group-71CE5AC4CDE1-LeaderElection2] INFO  server.RaftServerConfigKeys (ConfUtils.java:logGet(46)) - raft.server.log.appender.buffer.byte-limit = 33554432 (custom)
2023-04-19 02:32:24,286 [14fab107-599d-4166-92e2-a49b96c274c4@group-71CE5AC4CDE1-LeaderElection2] INFO  server.RaftServerConfigKeys (ConfUtils.java:logGet(46)) - raft.server.log.appender.buffer.element-limit = 1 (custom)
2023-04-19 02:32:24,288 [EventQueue-OpenPipelineForHealthyPipelineSafeModeRule] WARN  balancer.ContainerBalancer (ContainerBalancer.java:shouldRun(132)) - Could not find persisted configuration for ContainerBalancer when checking if ContainerBalancer should run. ContainerBalancer should not run now.
2023-04-19 02:32:24,289 [14fab107-599d-4166-92e2-a49b96c274c4@group-71CE5AC4CDE1-LeaderElection2] INFO  grpc.GrpcConfigKeys (ConfUtils.java:logGet(46)) - raft.grpc.server.leader.outstanding.appends.max = 128 (default)
2023-04-19 02:32:24,289 [14fab107-599d-4166-92e2-a49b96c274c4@group-71CE5AC4CDE1-LeaderElection2] INFO  server.RaftServerConfigKeys (ConfUtils.java:logGet(46)) - raft.server.rpc.request.timeout = 60s (custom)
2023-04-19 02:32:24,290 [14fab107-599d-4166-92e2-a49b96c274c4@group-71CE5AC4CDE1-LeaderElection2] INFO  server.RaftServerConfigKeys (ConfUtils.java:logGet(46)) - raft.server.log.appender.install.snapshot.enabled = false (custom)
2023-04-19 02:32:24,290 [14fab107-599d-4166-92e2-a49b96c274c4@group-71CE5AC4CDE1-LeaderElection2] INFO  grpc.GrpcConfigKeys (ConfUtils.java:logGet(46)) - raft.grpc.server.heartbeat.channel = true (default)
2023-04-19 02:32:24,290 [14fab107-599d-4166-92e2-a49b96c274c4@group-71CE5AC4CDE1-LeaderElection2] INFO  server.RaftServerConfigKeys (ConfUtils.java:logGet(46)) - raft.server.log.appender.wait-time.min = 10ms (default)
2023-04-19 02:32:24,293 [14fab107-599d-4166-92e2-a49b96c274c4@group-71CE5AC4CDE1-LeaderElection2] INFO  server.RaftServerConfigKeys (ConfUtils.java:logGet(46)) - raft.server.log.appender.snapshot.chunk.size.max = 16MB (=16777216) (default)
2023-04-19 02:32:24,294 [14fab107-599d-4166-92e2-a49b96c274c4@group-71CE5AC4CDE1-LeaderElection2] INFO  server.RaftServerConfigKeys (ConfUtils.java:logGet(46)) - raft.server.log.appender.buffer.byte-limit = 33554432 (custom)
2023-04-19 02:32:24,294 [14fab107-599d-4166-92e2-a49b96c274c4@group-71CE5AC4CDE1-LeaderElection2] INFO  server.RaftServerConfigKeys (ConfUtils.java:logGet(46)) - raft.server.log.appender.buffer.element-limit = 1 (custom)
2023-04-19 02:32:24,294 [14fab107-599d-4166-92e2-a49b96c274c4@group-71CE5AC4CDE1-LeaderElection2] INFO  grpc.GrpcConfigKeys (ConfUtils.java:logGet(46)) - raft.grpc.server.leader.outstanding.appends.max = 128 (default)
2023-04-19 02:32:24,294 [14fab107-599d-4166-92e2-a49b96c274c4@group-71CE5AC4CDE1-LeaderElection2] INFO  server.RaftServerConfigKeys (ConfUtils.java:logGet(46)) - raft.server.rpc.request.timeout = 60s (custom)
2023-04-19 02:32:24,294 [14fab107-599d-4166-92e2-a49b96c274c4@group-71CE5AC4CDE1-LeaderElection2] INFO  server.RaftServerConfigKeys (ConfUtils.java:logGet(46)) - raft.server.log.appender.install.snapshot.enabled = false (custom)
2023-04-19 02:32:24,294 [14fab107-599d-4166-92e2-a49b96c274c4@group-71CE5AC4CDE1-LeaderElection2] INFO  grpc.GrpcConfigKeys (ConfUtils.java:logGet(46)) - raft.grpc.server.heartbeat.channel = true (default)
2023-04-19 02:32:24,294 [14fab107-599d-4166-92e2-a49b96c274c4@group-71CE5AC4CDE1-LeaderElection2] INFO  server.RaftServerConfigKeys (ConfUtils.java:logGet(46)) - raft.server.log.appender.wait-time.min = 10ms (default)
2023-04-19 02:32:24,297 [14fab107-599d-4166-92e2-a49b96c274c4@group-71CE5AC4CDE1-LeaderElection2] INFO  impl.RoleInfo (RoleInfo.java:updateAndGet(139)) - 14fab107-599d-4166-92e2-a49b96c274c4: start 14fab107-599d-4166-92e2-a49b96c274c4@group-71CE5AC4CDE1-LeaderStateImpl
2023-04-19 02:32:24,297 [14fab107-599d-4166-92e2-a49b96c274c4@group-71CE5AC4CDE1-LeaderElection2] INFO  segmented.SegmentedRaftLogWorker (SegmentedRaftLogWorker.java:startLogSegment(452)) - 14fab107-599d-4166-92e2-a49b96c274c4@group-71CE5AC4CDE1-SegmentedRaftLogWorker: Starting segment from index:0
2023-04-19 02:32:24,299 [14fab107-599d-4166-92e2-a49b96c274c4@group-71CE5AC4CDE1-SegmentedRaftLogWorker] INFO  segmented.SegmentedRaftLogWorker (SegmentedRaftLogWorker.java:execute(656)) - 14fab107-599d-4166-92e2-a49b96c274c4@group-71CE5AC4CDE1-SegmentedRaftLogWorker: created new log segment /home/runner/work/ozone/ozone/hadoop-ozone/integration-test/target/test-dir/MiniOzoneClusterImpl-4a8f3de1-6dc7-4495-8b56-1623617bdc2e/datanode-0/data/ratis/efa6cb31-92b4-4224-b1a7-71ce5ac4cde1/current/log_inprogress_0
2023-04-19 02:32:24,309 [14fab107-599d-4166-92e2-a49b96c274c4@group-71CE5AC4CDE1-LeaderElection2] INFO  server.RaftServer$Division (ServerState.java:setRaftConf(430)) - 14fab107-599d-4166-92e2-a49b96c274c4@group-71CE5AC4CDE1: set configuration 0: peers:[8050b7c4-5854-4456-9ff4-a8181b586109|rpc:10.1.164.0:38315|dataStream:10.1.164.0:37915|priority:0|startupRole:FOLLOWER, 209e8f7b-7310-4c05-bc4d-708a2d801edb|rpc:10.1.164.0:45585|dataStream:10.1.164.0:46227|priority:0|startupRole:FOLLOWER, 14fab107-599d-4166-92e2-a49b96c274c4|rpc:10.1.164.0:42111|dataStream:10.1.164.0:40843|priority:1|startupRole:FOLLOWER]|listeners:[], old=null
2023-04-19 02:32:24,313 [SCMBlockDeletingService#0] DEBUG block.SCMBlockDeletingService (SCMBlockDeletingService.java:shouldRun(251)) - Check scm block delete run: false serviceStatus: RUNNING safemodeExitRunDelayMillis: 3000 alreadyWaitTimeInMillis: 28
2023-04-19 02:32:24,329 [BlockDeletingService#2] INFO  interfaces.ContainerDeletionChoosingPolicyTemplate (ContainerDeletionChoosingPolicyTemplate.java:chooseContainerForBlockDeletion(83)) - Chosen 0/5000 blocks from 0 candidate containers.
2023-04-19 02:32:24,368 [8050b7c4-5854-4456-9ff4-a8181b586109-server-thread1] INFO  ratis.XceiverServerRatis (XceiverServerRatis.java:handleLeaderChangedNotification(904)) - Leader change notification received for group: group-71CE5AC4CDE1 with new leaderId: 14fab107-599d-4166-92e2-a49b96c274c4
2023-04-19 02:32:24,368 [8050b7c4-5854-4456-9ff4-a8181b586109-server-thread1] INFO  server.RaftServer$Division (ServerState.java:setLeader(313)) - 8050b7c4-5854-4456-9ff4-a8181b586109@group-71CE5AC4CDE1: change Leader from null to 14fab107-599d-4166-92e2-a49b96c274c4 at term 1 for appendEntries, leader elected after 4882ms
2023-04-19 02:32:24,378 [209e8f7b-7310-4c05-bc4d-708a2d801edb-server-thread1] INFO  ratis.XceiverServerRatis (XceiverServerRatis.java:handleLeaderChangedNotification(904)) - Leader change notification received for group: group-71CE5AC4CDE1 with new leaderId: 14fab107-599d-4166-92e2-a49b96c274c4
2023-04-19 02:32:24,378 [209e8f7b-7310-4c05-bc4d-708a2d801edb-server-thread1] INFO  server.RaftServer$Division (ServerState.java:setLeader(313)) - 209e8f7b-7310-4c05-bc4d-708a2d801edb@group-71CE5AC4CDE1: change Leader from null to 14fab107-599d-4166-92e2-a49b96c274c4 at term 1 for appendEntries, leader elected after 4796ms
2023-04-19 02:32:24,380 [209e8f7b-7310-4c05-bc4d-708a2d801edb-server-thread1] INFO  server.RaftServer$Division (ServerState.java:setRaftConf(430)) - 209e8f7b-7310-4c05-bc4d-708a2d801edb@group-71CE5AC4CDE1: set configuration 0: peers:[8050b7c4-5854-4456-9ff4-a8181b586109|rpc:10.1.164.0:38315|dataStream:10.1.164.0:37915|priority:0|startupRole:FOLLOWER, 209e8f7b-7310-4c05-bc4d-708a2d801edb|rpc:10.1.164.0:45585|dataStream:10.1.164.0:46227|priority:0|startupRole:FOLLOWER, 14fab107-599d-4166-92e2-a49b96c274c4|rpc:10.1.164.0:42111|dataStream:10.1.164.0:40843|priority:1|startupRole:FOLLOWER]|listeners:[], old=null
2023-04-19 02:32:24,382 [209e8f7b-7310-4c05-bc4d-708a2d801edb-server-thread1] INFO  segmented.SegmentedRaftLogWorker (SegmentedRaftLogWorker.java:startLogSegment(452)) - 209e8f7b-7310-4c05-bc4d-708a2d801edb@group-71CE5AC4CDE1-SegmentedRaftLogWorker: Starting segment from index:0
2023-04-19 02:32:24,386 [BlockDeletingService#1] INFO  interfaces.ContainerDeletionChoosingPolicyTemplate (ContainerDeletionChoosingPolicyTemplate.java:chooseContainerForBlockDeletion(83)) - Chosen 0/5000 blocks from 0 candidate containers.
2023-04-19 02:32:24,387 [8050b7c4-5854-4456-9ff4-a8181b586109-server-thread2] INFO  server.RaftServer$Division (ServerState.java:setRaftConf(430)) - 8050b7c4-5854-4456-9ff4-a8181b586109@group-71CE5AC4CDE1: set configuration 0: peers:[8050b7c4-5854-4456-9ff4-a8181b586109|rpc:10.1.164.0:38315|dataStream:10.1.164.0:37915|priority:0|startupRole:FOLLOWER, 209e8f7b-7310-4c05-bc4d-708a2d801edb|rpc:10.1.164.0:45585|dataStream:10.1.164.0:46227|priority:0|startupRole:FOLLOWER, 14fab107-599d-4166-92e2-a49b96c274c4|rpc:10.1.164.0:42111|dataStream:10.1.164.0:40843|priority:1|startupRole:FOLLOWER]|listeners:[], old=null
2023-04-19 02:32:24,387 [8050b7c4-5854-4456-9ff4-a8181b586109-server-thread2] INFO  segmented.SegmentedRaftLogWorker (SegmentedRaftLogWorker.java:startLogSegment(452)) - 8050b7c4-5854-4456-9ff4-a8181b586109@group-71CE5AC4CDE1-SegmentedRaftLogWorker: Starting segment from index:0
2023-04-19 02:32:24,386 [BlockDeletingService#2] INFO  interfaces.ContainerDeletionChoosingPolicyTemplate (ContainerDeletionChoosingPolicyTemplate.java:chooseContainerForBlockDeletion(83)) - Chosen 0/5000 blocks from 0 candidate containers.
2023-04-19 02:32:24,386 [209e8f7b-7310-4c05-bc4d-708a2d801edb@group-71CE5AC4CDE1-SegmentedRaftLogWorker] INFO  segmented.SegmentedRaftLogWorker (SegmentedRaftLogWorker.java:execute(656)) - 209e8f7b-7310-4c05-bc4d-708a2d801edb@group-71CE5AC4CDE1-SegmentedRaftLogWorker: created new log segment /home/runner/work/ozone/ozone/hadoop-ozone/integration-test/target/test-dir/MiniOzoneClusterImpl-4a8f3de1-6dc7-4495-8b56-1623617bdc2e/datanode-2/data/ratis/efa6cb31-92b4-4224-b1a7-71ce5ac4cde1/current/log_inprogress_0
2023-04-19 02:32:24,389 [8050b7c4-5854-4456-9ff4-a8181b586109@group-71CE5AC4CDE1-SegmentedRaftLogWorker] INFO  segmented.SegmentedRaftLogWorker (SegmentedRaftLogWorker.java:execute(656)) - 8050b7c4-5854-4456-9ff4-a8181b586109@group-71CE5AC4CDE1-SegmentedRaftLogWorker: created new log segment /home/runner/work/ozone/ozone/hadoop-ozone/integration-test/target/test-dir/MiniOzoneClusterImpl-4a8f3de1-6dc7-4495-8b56-1623617bdc2e/datanode-1/data/ratis/efa6cb31-92b4-4224-b1a7-71ce5ac4cde1/current/log_inprogress_0
2023-04-19 02:32:24,413 [SCMBlockDeletingService#0] DEBUG block.SCMBlockDeletingService (SCMBlockDeletingService.java:shouldRun(251)) - Check scm block delete run: false serviceStatus: RUNNING safemodeExitRunDelayMillis: 3000 alreadyWaitTimeInMillis: 128
2023-04-19 02:32:24,435 [BlockDeletingService#2] INFO  interfaces.ContainerDeletionChoosingPolicyTemplate (ContainerDeletionChoosingPolicyTemplate.java:chooseContainerForBlockDeletion(83)) - Chosen 0/5000 blocks from 0 candidate containers.
2023-04-19 02:32:24,487 [BlockDeletingService#1] INFO  interfaces.ContainerDeletionChoosingPolicyTemplate (ContainerDeletionChoosingPolicyTemplate.java:chooseContainerForBlockDeletion(83)) - Chosen 0/5000 blocks from 0 candidate containers.
2023-04-19 02:32:24,491 [BlockDeletingService#2] INFO  interfaces.ContainerDeletionChoosingPolicyTemplate (ContainerDeletionChoosingPolicyTemplate.java:chooseContainerForBlockDeletion(83)) - Chosen 0/5000 blocks from 0 candidate containers.
2023-04-19 02:32:24,513 [SCMBlockDeletingService#0] DEBUG block.SCMBlockDeletingService (SCMBlockDeletingService.java:shouldRun(251)) - Check scm block delete run: false serviceStatus: RUNNING safemodeExitRunDelayMillis: 3000 alreadyWaitTimeInMillis: 228
2023-04-19 02:32:24,535 [BlockDeletingService#2] INFO  interfaces.ContainerDeletionChoosingPolicyTemplate (ContainerDeletionChoosingPolicyTemplate.java:chooseContainerForBlockDeletion(83)) - Chosen 0/5000 blocks from 0 candidate containers.
2023-04-19 02:32:24,587 [BlockDeletingService#1] INFO  interfaces.ContainerDeletionChoosingPolicyTemplate (ContainerDeletionChoosingPolicyTemplate.java:chooseContainerForBlockDeletion(83)) - Chosen 0/5000 blocks from 0 candidate containers.
2023-04-19 02:32:24,591 [BlockDeletingService#2] INFO  interfaces.ContainerDeletionChoosingPolicyTemplate (ContainerDeletionChoosingPolicyTemplate.java:chooseContainerForBlockDeletion(83)) - Chosen 0/5000 blocks from 0 candidate containers.
2023-04-19 02:32:24,613 [SCMBlockDeletingService#0] DEBUG block.SCMBlockDeletingService (SCMBlockDeletingService.java:shouldRun(251)) - Check scm block delete run: false serviceStatus: RUNNING safemodeExitRunDelayMillis: 3000 alreadyWaitTimeInMillis: 328
2023-04-19 02:32:24,635 [BlockDeletingService#2] INFO  interfaces.ContainerDeletionChoosingPolicyTemplate (ContainerDeletionChoosingPolicyTemplate.java:chooseContainerForBlockDeletion(83)) - Chosen 0/5000 blocks from 0 candidate containers.
2023-04-19 02:32:24,687 [BlockDeletingService#1] INFO  interfaces.ContainerDeletionChoosingPolicyTemplate (ContainerDeletionChoosingPolicyTemplate.java:chooseContainerForBlockDeletion(83)) - Chosen 0/5000 blocks from 0 candidate containers.
2023-04-19 02:32:24,691 [BlockDeletingService#2] INFO  interfaces.ContainerDeletionChoosingPolicyTemplate (ContainerDeletionChoosingPolicyTemplate.java:chooseContainerForBlockDeletion(83)) - Chosen 0/5000 blocks from 0 candidate containers.
2023-04-19 02:32:24,713 [SCMBlockDeletingService#0] DEBUG block.SCMBlockDeletingService (SCMBlockDeletingService.java:shouldRun(251)) - Check scm block delete run: false serviceStatus: RUNNING safemodeExitRunDelayMillis: 3000 alreadyWaitTimeInMillis: 428
2023-04-19 02:32:24,735 [BlockDeletingService#2] INFO  interfaces.ContainerDeletionChoosingPolicyTemplate (ContainerDeletionChoosingPolicyTemplate.java:chooseContainerForBlockDeletion(83)) - Chosen 0/5000 blocks from 0 candidate containers.
2023-04-19 02:32:24,787 [BlockDeletingService#1] INFO  interfaces.ContainerDeletionChoosingPolicyTemplate (ContainerDeletionChoosingPolicyTemplate.java:chooseContainerForBlockDeletion(83)) - Chosen 0/5000 blocks from 0 candidate containers.
2023-04-19 02:32:24,792 [BlockDeletingService#2] INFO  interfaces.ContainerDeletionChoosingPolicyTemplate (ContainerDeletionChoosingPolicyTemplate.java:chooseContainerForBlockDeletion(83)) - Chosen 0/5000 blocks from 0 candidate containers.
2023-04-19 02:32:24,813 [SCMBlockDeletingService#0] DEBUG block.SCMBlockDeletingService (SCMBlockDeletingService.java:shouldRun(251)) - Check scm block delete run: false serviceStatus: RUNNING safemodeExitRunDelayMillis: 3000 alreadyWaitTimeInMillis: 528
2023-04-19 02:32:24,835 [BlockDeletingService#2] INFO  interfaces.ContainerDeletionChoosingPolicyTemplate (ContainerDeletionChoosingPolicyTemplate.java:chooseContainerForBlockDeletion(83)) - Chosen 0/5000 blocks from 0 candidate containers.
2023-04-19 02:32:24,888 [BlockDeletingService#1] INFO  interfaces.ContainerDeletionChoosingPolicyTemplate (ContainerDeletionChoosingPolicyTemplate.java:chooseContainerForBlockDeletion(83)) - Chosen 0/5000 blocks from 0 candidate containers.
2023-04-19 02:32:24,892 [BlockDeletingService#2] INFO  interfaces.ContainerDeletionChoosingPolicyTemplate (ContainerDeletionChoosingPolicyTemplate.java:chooseContainerForBlockDeletion(83)) - Chosen 0/5000 blocks from 0 candidate containers.
2023-04-19 02:32:24,913 [SCMBlockDeletingService#0] DEBUG block.SCMBlockDeletingService (SCMBlockDeletingService.java:shouldRun(251)) - Check scm block delete run: false serviceStatus: RUNNING safemodeExitRunDelayMillis: 3000 alreadyWaitTimeInMillis: 628
2023-04-19 02:32:24,936 [BlockDeletingService#2] INFO  interfaces.ContainerDeletionChoosingPolicyTemplate (ContainerDeletionChoosingPolicyTemplate.java:chooseContainerForBlockDeletion(83)) - Chosen 0/5000 blocks from 0 candidate containers.
2023-04-19 02:32:24,950 [Listener at 127.0.0.1/42295] INFO  ozone.MiniOzoneClusterImpl (MiniOzoneClusterImpl.java:lambda$waitForClusterToBeReady$0(222)) - Nodes are ready. Got 3 of 3 DN Heartbeats.
2023-04-19 02:32:24,950 [Listener at 127.0.0.1/42295] INFO  ozone.MiniOzoneClusterImpl (MiniOzoneClusterImpl.java:lambda$waitForClusterToBeReady$0(225)) - Cluster exits safe mode
2023-04-19 02:32:24,950 [Listener at 127.0.0.1/42295] INFO  ozone.MiniOzoneClusterImpl (MiniOzoneClusterImpl.java:lambda$waitForClusterToBeReady$0(227)) - SCM became leader
2023-04-19 02:32:24,988 [BlockDeletingService#1] INFO  interfaces.ContainerDeletionChoosingPolicyTemplate (ContainerDeletionChoosingPolicyTemplate.java:chooseContainerForBlockDeletion(83)) - Chosen 0/5000 blocks from 0 candidate containers.
2023-04-19 02:32:24,992 [BlockDeletingService#2] INFO  interfaces.ContainerDeletionChoosingPolicyTemplate (ContainerDeletionChoosingPolicyTemplate.java:chooseContainerForBlockDeletion(83)) - Chosen 0/5000 blocks from 0 candidate containers.
2023-04-19 02:32:25,013 [SCMBlockDeletingService#0] DEBUG block.SCMBlockDeletingService (SCMBlockDeletingService.java:shouldRun(251)) - Check scm block delete run: false serviceStatus: RUNNING safemodeExitRunDelayMillis: 3000 alreadyWaitTimeInMillis: 728
2023-04-19 02:32:25,036 [BlockDeletingService#2] INFO  interfaces.ContainerDeletionChoosingPolicyTemplate (ContainerDeletionChoosingPolicyTemplate.java:chooseContainerForBlockDeletion(83)) - Chosen 0/5000 blocks from 0 candidate containers.
2023-04-19 02:32:25,088 [BlockDeletingService#1] INFO  interfaces.ContainerDeletionChoosingPolicyTemplate (ContainerDeletionChoosingPolicyTemplate.java:chooseContainerForBlockDeletion(83)) - Chosen 0/5000 blocks from 0 candidate containers.
2023-04-19 02:32:25,092 [BlockDeletingService#2] INFO  interfaces.ContainerDeletionChoosingPolicyTemplate (ContainerDeletionChoosingPolicyTemplate.java:chooseContainerForBlockDeletion(83)) - Chosen 0/5000 blocks from 0 candidate containers.
2023-04-19 02:32:25,113 [SCMBlockDeletingService#0] DEBUG block.SCMBlockDeletingService (SCMBlockDeletingService.java:shouldRun(251)) - Check scm block delete run: false serviceStatus: RUNNING safemodeExitRunDelayMillis: 3000 alreadyWaitTimeInMillis: 828
2023-04-19 02:32:25,136 [BlockDeletingService#2] INFO  interfaces.ContainerDeletionChoosingPolicyTemplate (ContainerDeletionChoosingPolicyTemplate.java:chooseContainerForBlockDeletion(83)) - Chosen 0/5000 blocks from 0 candidate containers.
2023-04-19 02:32:25,188 [BlockDeletingService#1] INFO  interfaces.ContainerDeletionChoosingPolicyTemplate (ContainerDeletionChoosingPolicyTemplate.java:chooseContainerForBlockDeletion(83)) - Chosen 0/5000 blocks from 0 candidate containers.
2023-04-19 02:32:25,192 [BlockDeletingService#2] INFO  interfaces.ContainerDeletionChoosingPolicyTemplate (ContainerDeletionChoosingPolicyTemplate.java:chooseContainerForBlockDeletion(83)) - Chosen 0/5000 blocks from 0 candidate containers.
2023-04-19 02:32:25,213 [SCMBlockDeletingService#0] DEBUG block.SCMBlockDeletingService (SCMBlockDeletingService.java:shouldRun(251)) - Check scm block delete run: false serviceStatus: RUNNING safemodeExitRunDelayMillis: 3000 alreadyWaitTimeInMillis: 928
2023-04-19 02:32:25,238 [BlockDeletingService#2] INFO  interfaces.ContainerDeletionChoosingPolicyTemplate (ContainerDeletionChoosingPolicyTemplate.java:chooseContainerForBlockDeletion(83)) - Chosen 0/5000 blocks from 0 candidate containers.
2023-04-19 02:32:25,289 [BlockDeletingService#1] INFO  interfaces.ContainerDeletionChoosingPolicyTemplate (ContainerDeletionChoosingPolicyTemplate.java:chooseContainerForBlockDeletion(83)) - Chosen 0/5000 blocks from 0 candidate containers.
2023-04-19 02:32:25,293 [BlockDeletingService#2] INFO  interfaces.ContainerDeletionChoosingPolicyTemplate (ContainerDeletionChoosingPolicyTemplate.java:chooseContainerForBlockDeletion(83)) - Chosen 0/5000 blocks from 0 candidate containers.
2023-04-19 02:32:25,314 [SCMBlockDeletingService#0] DEBUG block.SCMBlockDeletingService (SCMBlockDeletingService.java:shouldRun(251)) - Check scm block delete run: false serviceStatus: RUNNING safemodeExitRunDelayMillis: 3000 alreadyWaitTimeInMillis: 1029
2023-04-19 02:32:25,338 [BlockDeletingService#2] INFO  interfaces.ContainerDeletionChoosingPolicyTemplate (ContainerDeletionChoosingPolicyTemplate.java:chooseContainerForBlockDeletion(83)) - Chosen 0/5000 blocks from 0 candidate containers.
2023-04-19 02:32:25,389 [BlockDeletingService#1] INFO  interfaces.ContainerDeletionChoosingPolicyTemplate (ContainerDeletionChoosingPolicyTemplate.java:chooseContainerForBlockDeletion(83)) - Chosen 0/5000 blocks from 0 candidate containers.
2023-04-19 02:32:25,393 [BlockDeletingService#2] INFO  interfaces.ContainerDeletionChoosingPolicyTemplate (ContainerDeletionChoosingPolicyTemplate.java:chooseContainerForBlockDeletion(83)) - Chosen 0/5000 blocks from 0 candidate containers.
2023-04-19 02:32:25,414 [SCMBlockDeletingService#0] DEBUG block.SCMBlockDeletingService (SCMBlockDeletingService.java:shouldRun(251)) - Check scm block delete run: false serviceStatus: RUNNING safemodeExitRunDelayMillis: 3000 alreadyWaitTimeInMillis: 1129
2023-04-19 02:32:25,420 [Listener at 127.0.0.1/42295] INFO  rpc.RpcClient (RpcClient.java:createVolume(476)) - Creating Volume: 671d547f-29e5-47ec-aa1d-38097f5c438d, with runner as owner and space quota set to -1 bytes, counts quota set to -1
2023-04-19 02:32:25,438 [BlockDeletingService#2] INFO  interfaces.ContainerDeletionChoosingPolicyTemplate (ContainerDeletionChoosingPolicyTemplate.java:chooseContainerForBlockDeletion(83)) - Chosen 0/5000 blocks from 0 candidate containers.
2023-04-19 02:32:25,464 [OM StateMachine ApplyTransaction Thread - 0] INFO  volume.OMVolumeCreateRequest (OMVolumeCreateRequest.java:validateAndUpdateCache(195)) - created volume:671d547f-29e5-47ec-aa1d-38097f5c438d for user:runner
2023-04-19 02:32:25,489 [BlockDeletingService#1] INFO  interfaces.ContainerDeletionChoosingPolicyTemplate (ContainerDeletionChoosingPolicyTemplate.java:chooseContainerForBlockDeletion(83)) - Chosen 0/5000 blocks from 0 candidate containers.
2023-04-19 02:32:25,489 [Listener at 127.0.0.1/42295] INFO  rpc.RpcClient (RpcClient.java:createBucket(698)) - Creating Bucket: 671d547f-29e5-47ec-aa1d-38097f5c438d/1abebd22-55d6-408b-bfc1-54f52cdcf841, with server-side default bucket layout, runner as owner, Versioning false, Storage Type set to DISK and Encryption set to false, Replication Type set to server-side default replication type, Namespace Quota set to -1, Space Quota set to -1 
2023-04-19 02:32:25,493 [BlockDeletingService#2] INFO  interfaces.ContainerDeletionChoosingPolicyTemplate (ContainerDeletionChoosingPolicyTemplate.java:chooseContainerForBlockDeletion(83)) - Chosen 0/5000 blocks from 0 candidate containers.
2023-04-19 02:32:25,505 [OM StateMachine ApplyTransaction Thread - 0] INFO  bucket.OMBucketCreateRequest (OMBucketCreateRequest.java:validateAndUpdateCache(269)) - created bucket: 1abebd22-55d6-408b-bfc1-54f52cdcf841 of layout FILE_SYSTEM_OPTIMIZED in volume: 671d547f-29e5-47ec-aa1d-38097f5c438d
2023-04-19 02:32:25,514 [SCMBlockDeletingService#0] DEBUG block.SCMBlockDeletingService (SCMBlockDeletingService.java:shouldRun(251)) - Check scm block delete run: false serviceStatus: RUNNING safemodeExitRunDelayMillis: 3000 alreadyWaitTimeInMillis: 1229
2023-04-19 02:32:25,538 [BlockDeletingService#2] INFO  interfaces.ContainerDeletionChoosingPolicyTemplate (ContainerDeletionChoosingPolicyTemplate.java:chooseContainerForBlockDeletion(83)) - Chosen 0/5000 blocks from 0 candidate containers.
2023-04-19 02:32:25,565 [IPC Server handler 0 on default port 41185] INFO  ha.SequenceIdGenerator (SequenceIdGenerator.java:getNextId(128)) - Allocate a batch for containerId, change lastId from 0 to 1000.
2023-04-19 02:32:25,575 [IPC Server handler 0 on default port 41185] WARN  ha.SequenceIdGenerator (SequenceIdGenerator.java:allocateBatch(237)) - Failed to allocate a batch for localId, expected lastId is 0, actual lastId is 111677748019200000.
2023-04-19 02:32:25,575 [IPC Server handler 0 on default port 41185] INFO  ha.SequenceIdGenerator (SequenceIdGenerator.java:getNextId(128)) - Allocate a batch for localId, change lastId from 111677748019200000 to 111677748019201000.
2023-04-19 02:32:25,589 [BlockDeletingService#1] INFO  interfaces.ContainerDeletionChoosingPolicyTemplate (ContainerDeletionChoosingPolicyTemplate.java:chooseContainerForBlockDeletion(83)) - Chosen 0/5000 blocks from 0 candidate containers.
2023-04-19 02:32:25,594 [BlockDeletingService#2] INFO  interfaces.ContainerDeletionChoosingPolicyTemplate (ContainerDeletionChoosingPolicyTemplate.java:chooseContainerForBlockDeletion(83)) - Chosen 0/5000 blocks from 0 candidate containers.
2023-04-19 02:32:25,614 [SCMBlockDeletingService#0] DEBUG block.SCMBlockDeletingService (SCMBlockDeletingService.java:shouldRun(251)) - Check scm block delete run: false serviceStatus: RUNNING safemodeExitRunDelayMillis: 3000 alreadyWaitTimeInMillis: 1329
2023-04-19 02:32:25,639 [BlockDeletingService#2] INFO  interfaces.ContainerDeletionChoosingPolicyTemplate (ContainerDeletionChoosingPolicyTemplate.java:chooseContainerForBlockDeletion(83)) - Chosen 0/5000 blocks from 0 candidate containers.
2023-04-19 02:32:25,667 [Listener at 127.0.0.1/42295] INFO  impl.MetricsSystemImpl (MetricsSystemImpl.java:init(158)) - XceiverClientMetrics metrics system started (again)
2023-04-19 02:32:25,672 [Listener at 127.0.0.1/42295] INFO  lib.Interns (Interns.java:removeEldestEntry(50)) - Metrics intern cache overflow at 2011 for MetricsSystem={MetricsSystem=MetricsInfoImpl{name=MetricsSystem, description=MetricsSystem}, MetricsSystem record=MetricsInfoImpl{name=MetricsSystem, description=MetricsSystem record}}
2023-04-19 02:32:25,690 [BlockDeletingService#1] INFO  interfaces.ContainerDeletionChoosingPolicyTemplate (ContainerDeletionChoosingPolicyTemplate.java:chooseContainerForBlockDeletion(83)) - Chosen 0/5000 blocks from 0 candidate containers.
2023-04-19 02:32:25,694 [BlockDeletingService#2] INFO  interfaces.ContainerDeletionChoosingPolicyTemplate (ContainerDeletionChoosingPolicyTemplate.java:chooseContainerForBlockDeletion(83)) - Chosen 0/5000 blocks from 0 candidate containers.
2023-04-19 02:32:25,714 [SCMBlockDeletingService#0] DEBUG block.SCMBlockDeletingService (SCMBlockDeletingService.java:shouldRun(251)) - Check scm block delete run: false serviceStatus: RUNNING safemodeExitRunDelayMillis: 3000 alreadyWaitTimeInMillis: 1429
2023-04-19 02:32:25,739 [BlockDeletingService#2] INFO  interfaces.ContainerDeletionChoosingPolicyTemplate (ContainerDeletionChoosingPolicyTemplate.java:chooseContainerForBlockDeletion(83)) - Chosen 0/5000 blocks from 0 candidate containers.
2023-04-19 02:32:25,790 [BlockDeletingService#1] INFO  interfaces.ContainerDeletionChoosingPolicyTemplate (ContainerDeletionChoosingPolicyTemplate.java:chooseContainerForBlockDeletion(83)) - Chosen 0/5000 blocks from 0 candidate containers.
2023-04-19 02:32:25,795 [BlockDeletingService#2] INFO  interfaces.ContainerDeletionChoosingPolicyTemplate (ContainerDeletionChoosingPolicyTemplate.java:chooseContainerForBlockDeletion(83)) - Chosen 0/5000 blocks from 0 candidate containers.
2023-04-19 02:32:25,814 [SCMBlockDeletingService#0] DEBUG block.SCMBlockDeletingService (SCMBlockDeletingService.java:shouldRun(251)) - Check scm block delete run: false serviceStatus: RUNNING safemodeExitRunDelayMillis: 3000 alreadyWaitTimeInMillis: 1529
2023-04-19 02:32:25,839 [BlockDeletingService#2] INFO  interfaces.ContainerDeletionChoosingPolicyTemplate (ContainerDeletionChoosingPolicyTemplate.java:chooseContainerForBlockDeletion(83)) - Chosen 0/5000 blocks from 0 candidate containers.
2023-04-19 02:32:25,890 [BlockDeletingService#1] INFO  interfaces.ContainerDeletionChoosingPolicyTemplate (ContainerDeletionChoosingPolicyTemplate.java:chooseContainerForBlockDeletion(83)) - Chosen 0/5000 blocks from 0 candidate containers.
2023-04-19 02:32:25,895 [BlockDeletingService#2] INFO  interfaces.ContainerDeletionChoosingPolicyTemplate (ContainerDeletionChoosingPolicyTemplate.java:chooseContainerForBlockDeletion(83)) - Chosen 0/5000 blocks from 0 candidate containers.
2023-04-19 02:32:25,917 [SCMBlockDeletingService#0] DEBUG block.SCMBlockDeletingService (SCMBlockDeletingService.java:shouldRun(251)) - Check scm block delete run: false serviceStatus: RUNNING safemodeExitRunDelayMillis: 3000 alreadyWaitTimeInMillis: 1632
2023-04-19 02:32:25,942 [BlockDeletingService#2] INFO  interfaces.ContainerDeletionChoosingPolicyTemplate (ContainerDeletionChoosingPolicyTemplate.java:chooseContainerForBlockDeletion(83)) - Chosen 0/5000 blocks from 0 candidate containers.
2023-04-19 02:32:25,990 [BlockDeletingService#1] INFO  interfaces.ContainerDeletionChoosingPolicyTemplate (ContainerDeletionChoosingPolicyTemplate.java:chooseContainerForBlockDeletion(83)) - Chosen 0/5000 blocks from 0 candidate containers.
2023-04-19 02:32:25,996 [BlockDeletingService#2] INFO  interfaces.ContainerDeletionChoosingPolicyTemplate (ContainerDeletionChoosingPolicyTemplate.java:chooseContainerForBlockDeletion(83)) - Chosen 0/5000 blocks from 0 candidate containers.
2023-04-19 02:32:26,018 [SCMBlockDeletingService#0] DEBUG block.SCMBlockDeletingService (SCMBlockDeletingService.java:shouldRun(251)) - Check scm block delete run: false serviceStatus: RUNNING safemodeExitRunDelayMillis: 3000 alreadyWaitTimeInMillis: 1733
2023-04-19 02:32:26,046 [BlockDeletingService#2] INFO  interfaces.ContainerDeletionChoosingPolicyTemplate (ContainerDeletionChoosingPolicyTemplate.java:chooseContainerForBlockDeletion(83)) - Chosen 0/5000 blocks from 0 candidate containers.
2023-04-19 02:32:26,091 [BlockDeletingService#1] INFO  interfaces.ContainerDeletionChoosingPolicyTemplate (ContainerDeletionChoosingPolicyTemplate.java:chooseContainerForBlockDeletion(83)) - Chosen 0/5000 blocks from 0 candidate containers.
2023-04-19 02:32:26,097 [BlockDeletingService#2] INFO  interfaces.ContainerDeletionChoosingPolicyTemplate (ContainerDeletionChoosingPolicyTemplate.java:chooseContainerForBlockDeletion(83)) - Chosen 0/5000 blocks from 0 candidate containers.
2023-04-19 02:32:26,118 [SCMBlockDeletingService#0] DEBUG block.SCMBlockDeletingService (SCMBlockDeletingService.java:shouldRun(251)) - Check scm block delete run: false serviceStatus: RUNNING safemodeExitRunDelayMillis: 3000 alreadyWaitTimeInMillis: 1833
2023-04-19 02:32:26,147 [BlockDeletingService#2] INFO  interfaces.ContainerDeletionChoosingPolicyTemplate (ContainerDeletionChoosingPolicyTemplate.java:chooseContainerForBlockDeletion(83)) - Chosen 0/5000 blocks from 0 candidate containers.
2023-04-19 02:32:26,192 [BlockDeletingService#1] INFO  interfaces.ContainerDeletionChoosingPolicyTemplate (ContainerDeletionChoosingPolicyTemplate.java:chooseContainerForBlockDeletion(83)) - Chosen 0/5000 blocks from 0 candidate containers.
2023-04-19 02:32:26,198 [BlockDeletingService#2] INFO  interfaces.ContainerDeletionChoosingPolicyTemplate (ContainerDeletionChoosingPolicyTemplate.java:chooseContainerForBlockDeletion(83)) - Chosen 0/5000 blocks from 0 candidate containers.
2023-04-19 02:32:26,218 [SCMBlockDeletingService#0] DEBUG block.SCMBlockDeletingService (SCMBlockDeletingService.java:shouldRun(251)) - Check scm block delete run: false serviceStatus: RUNNING safemodeExitRunDelayMillis: 3000 alreadyWaitTimeInMillis: 1933
2023-04-19 02:32:26,247 [BlockDeletingService#2] INFO  interfaces.ContainerDeletionChoosingPolicyTemplate (ContainerDeletionChoosingPolicyTemplate.java:chooseContainerForBlockDeletion(83)) - Chosen 0/5000 blocks from 0 candidate containers.
2023-04-19 02:32:26,293 [BlockDeletingService#1] INFO  interfaces.ContainerDeletionChoosingPolicyTemplate (ContainerDeletionChoosingPolicyTemplate.java:chooseContainerForBlockDeletion(83)) - Chosen 0/5000 blocks from 0 candidate containers.
2023-04-19 02:32:26,298 [BlockDeletingService#2] INFO  interfaces.ContainerDeletionChoosingPolicyTemplate (ContainerDeletionChoosingPolicyTemplate.java:chooseContainerForBlockDeletion(83)) - Chosen 0/5000 blocks from 0 candidate containers.
2023-04-19 02:32:26,321 [SCMBlockDeletingService#0] DEBUG block.SCMBlockDeletingService (SCMBlockDeletingService.java:shouldRun(251)) - Check scm block delete run: false serviceStatus: RUNNING safemodeExitRunDelayMillis: 3000 alreadyWaitTimeInMillis: 2036
2023-04-19 02:32:26,348 [BlockDeletingService#2] INFO  interfaces.ContainerDeletionChoosingPolicyTemplate (ContainerDeletionChoosingPolicyTemplate.java:chooseContainerForBlockDeletion(83)) - Chosen 0/5000 blocks from 0 candidate containers.
2023-04-19 02:32:26,393 [BlockDeletingService#1] INFO  interfaces.ContainerDeletionChoosingPolicyTemplate (ContainerDeletionChoosingPolicyTemplate.java:chooseContainerForBlockDeletion(83)) - Chosen 0/5000 blocks from 0 candidate containers.
2023-04-19 02:32:26,399 [BlockDeletingService#2] INFO  interfaces.ContainerDeletionChoosingPolicyTemplate (ContainerDeletionChoosingPolicyTemplate.java:chooseContainerForBlockDeletion(83)) - Chosen 0/5000 blocks from 0 candidate containers.
2023-04-19 02:32:26,422 [SCMBlockDeletingService#0] DEBUG block.SCMBlockDeletingService (SCMBlockDeletingService.java:shouldRun(251)) - Check scm block delete run: false serviceStatus: RUNNING safemodeExitRunDelayMillis: 3000 alreadyWaitTimeInMillis: 2137
2023-04-19 02:32:26,448 [BlockDeletingService#2] INFO  interfaces.ContainerDeletionChoosingPolicyTemplate (ContainerDeletionChoosingPolicyTemplate.java:chooseContainerForBlockDeletion(83)) - Chosen 0/5000 blocks from 0 candidate containers.
2023-04-19 02:32:26,493 [BlockDeletingService#1] INFO  interfaces.ContainerDeletionChoosingPolicyTemplate (ContainerDeletionChoosingPolicyTemplate.java:chooseContainerForBlockDeletion(83)) - Chosen 0/5000 blocks from 0 candidate containers.
2023-04-19 02:32:26,500 [BlockDeletingService#2] INFO  interfaces.ContainerDeletionChoosingPolicyTemplate (ContainerDeletionChoosingPolicyTemplate.java:chooseContainerForBlockDeletion(83)) - Chosen 0/5000 blocks from 0 candidate containers.
2023-04-19 02:32:26,522 [SCMBlockDeletingService#0] DEBUG block.SCMBlockDeletingService (SCMBlockDeletingService.java:shouldRun(251)) - Check scm block delete run: false serviceStatus: RUNNING safemodeExitRunDelayMillis: 3000 alreadyWaitTimeInMillis: 2237
2023-04-19 02:32:26,549 [BlockDeletingService#2] INFO  interfaces.ContainerDeletionChoosingPolicyTemplate (ContainerDeletionChoosingPolicyTemplate.java:chooseContainerForBlockDeletion(83)) - Chosen 0/5000 blocks from 0 candidate containers.
2023-04-19 02:32:26,594 [BlockDeletingService#1] INFO  interfaces.ContainerDeletionChoosingPolicyTemplate (ContainerDeletionChoosingPolicyTemplate.java:chooseContainerForBlockDeletion(83)) - Chosen 0/5000 blocks from 0 candidate containers.
2023-04-19 02:32:26,600 [BlockDeletingService#2] INFO  interfaces.ContainerDeletionChoosingPolicyTemplate (ContainerDeletionChoosingPolicyTemplate.java:chooseContainerForBlockDeletion(83)) - Chosen 0/5000 blocks from 0 candidate containers.
2023-04-19 02:32:26,613 [EventQueue-CloseContainerForCloseContainerEventHandler] INFO  container.CloseContainerEventHandler (CloseContainerEventHandler.java:onMessage(89)) - Close container Event triggered for container : #1, current state: OPEN
2023-04-19 02:32:26,619 [EventQueue-CloseContainerForCloseContainerEventHandler] INFO  container.CloseContainerEventHandler (CloseContainerEventHandler.java:onMessage(89)) - Close container Event triggered for container : #2, current state: OPEN
2023-04-19 02:32:26,619 [EventQueue-CloseContainerForCloseContainerEventHandler] INFO  container.CloseContainerEventHandler (CloseContainerEventHandler.java:onMessage(89)) - Close container Event triggered for container : #3, current state: OPEN
2023-04-19 02:32:26,620 [EventQueue-CloseContainerForCloseContainerEventHandler] INFO  container.CloseContainerEventHandler (CloseContainerEventHandler.java:onMessage(89)) - Close container Event triggered for container : #4, current state: OPEN
2023-04-19 02:32:26,621 [EventQueue-CloseContainerForCloseContainerEventHandler] INFO  container.CloseContainerEventHandler (CloseContainerEventHandler.java:onMessage(89)) - Close container Event triggered for container : #5, current state: OPEN
2023-04-19 02:32:26,621 [EventQueue-CloseContainerForCloseContainerEventHandler] INFO  container.CloseContainerEventHandler (CloseContainerEventHandler.java:onMessage(89)) - Close container Event triggered for container : #6, current state: OPEN
2023-04-19 02:32:26,622 [EventQueue-CloseContainerForCloseContainerEventHandler] INFO  container.CloseContainerEventHandler (CloseContainerEventHandler.java:onMessage(89)) - Close container Event triggered for container : #7, current state: OPEN
2023-04-19 02:32:26,622 [EventQueue-CloseContainerForCloseContainerEventHandler] INFO  container.CloseContainerEventHandler (CloseContainerEventHandler.java:onMessage(89)) - Close container Event triggered for container : #8, current state: OPEN
2023-04-19 02:32:26,622 [SCMBlockDeletingService#0] DEBUG block.SCMBlockDeletingService (SCMBlockDeletingService.java:shouldRun(251)) - Check scm block delete run: false serviceStatus: RUNNING safemodeExitRunDelayMillis: 3000 alreadyWaitTimeInMillis: 2337
2023-04-19 02:32:26,623 [EventQueue-CloseContainerForCloseContainerEventHandler] INFO  container.CloseContainerEventHandler (CloseContainerEventHandler.java:onMessage(89)) - Close container Event triggered for container : #9, current state: OPEN
2023-04-19 02:32:26,624 [EventQueue-CloseContainerForCloseContainerEventHandler] INFO  container.CloseContainerEventHandler (CloseContainerEventHandler.java:onMessage(89)) - Close container Event triggered for container : #10, current state: OPEN
2023-04-19 02:32:26,650 [BlockDeletingService#2] INFO  interfaces.ContainerDeletionChoosingPolicyTemplate (ContainerDeletionChoosingPolicyTemplate.java:chooseContainerForBlockDeletion(83)) - Chosen 0/5000 blocks from 0 candidate containers.
2023-04-19 02:32:26,694 [BlockDeletingService#1] INFO  interfaces.ContainerDeletionChoosingPolicyTemplate (ContainerDeletionChoosingPolicyTemplate.java:chooseContainerForBlockDeletion(83)) - Chosen 0/5000 blocks from 0 candidate containers.
2023-04-19 02:32:26,700 [BlockDeletingService#2] INFO  interfaces.ContainerDeletionChoosingPolicyTemplate (ContainerDeletionChoosingPolicyTemplate.java:chooseContainerForBlockDeletion(83)) - Chosen 0/5000 blocks from 0 candidate containers.
2023-04-19 02:32:26,722 [SCMBlockDeletingService#0] DEBUG block.SCMBlockDeletingService (SCMBlockDeletingService.java:shouldRun(251)) - Check scm block delete run: false serviceStatus: RUNNING safemodeExitRunDelayMillis: 3000 alreadyWaitTimeInMillis: 2437
2023-04-19 02:32:26,750 [BlockDeletingService#2] INFO  interfaces.ContainerDeletionChoosingPolicyTemplate (ContainerDeletionChoosingPolicyTemplate.java:chooseContainerForBlockDeletion(83)) - Chosen 0/5000 blocks from 0 candidate containers.
2023-04-19 02:32:26,794 [BlockDeletingService#1] INFO  interfaces.ContainerDeletionChoosingPolicyTemplate (ContainerDeletionChoosingPolicyTemplate.java:chooseContainerForBlockDeletion(83)) - Chosen 0/5000 blocks from 0 candidate containers.
2023-04-19 02:32:26,800 [BlockDeletingService#2] INFO  interfaces.ContainerDeletionChoosingPolicyTemplate (ContainerDeletionChoosingPolicyTemplate.java:chooseContainerForBlockDeletion(83)) - Chosen 0/5000 blocks from 0 candidate containers.
2023-04-19 02:32:26,822 [SCMBlockDeletingService#0] DEBUG block.SCMBlockDeletingService (SCMBlockDeletingService.java:shouldRun(251)) - Check scm block delete run: false serviceStatus: RUNNING safemodeExitRunDelayMillis: 3000 alreadyWaitTimeInMillis: 2537
2023-04-19 02:32:26,850 [BlockDeletingService#2] INFO  interfaces.ContainerDeletionChoosingPolicyTemplate (ContainerDeletionChoosingPolicyTemplate.java:chooseContainerForBlockDeletion(83)) - Chosen 0/5000 blocks from 0 candidate containers.
2023-04-19 02:32:26,895 [BlockDeletingService#1] INFO  interfaces.ContainerDeletionChoosingPolicyTemplate (ContainerDeletionChoosingPolicyTemplate.java:chooseContainerForBlockDeletion(83)) - Chosen 0/5000 blocks from 0 candidate containers.
2023-04-19 02:32:26,901 [BlockDeletingService#2] INFO  interfaces.ContainerDeletionChoosingPolicyTemplate (ContainerDeletionChoosingPolicyTemplate.java:chooseContainerForBlockDeletion(83)) - Chosen 0/5000 blocks from 0 candidate containers.
2023-04-19 02:32:26,923 [SCMBlockDeletingService#0] DEBUG block.SCMBlockDeletingService (SCMBlockDeletingService.java:shouldRun(251)) - Check scm block delete run: false serviceStatus: RUNNING safemodeExitRunDelayMillis: 3000 alreadyWaitTimeInMillis: 2638
2023-04-19 02:32:26,950 [BlockDeletingService#2] INFO  interfaces.ContainerDeletionChoosingPolicyTemplate (ContainerDeletionChoosingPolicyTemplate.java:chooseContainerForBlockDeletion(83)) - Chosen 0/5000 blocks from 0 candidate containers.
2023-04-19 02:32:26,995 [BlockDeletingService#1] INFO  interfaces.ContainerDeletionChoosingPolicyTemplate (ContainerDeletionChoosingPolicyTemplate.java:chooseContainerForBlockDeletion(83)) - Chosen 0/5000 blocks from 0 candidate containers.
2023-04-19 02:32:27,001 [BlockDeletingService#2] INFO  interfaces.ContainerDeletionChoosingPolicyTemplate (ContainerDeletionChoosingPolicyTemplate.java:chooseContainerForBlockDeletion(83)) - Chosen 0/5000 blocks from 0 candidate containers.
2023-04-19 02:32:27,023 [SCMBlockDeletingService#0] DEBUG block.SCMBlockDeletingService (SCMBlockDeletingService.java:shouldRun(251)) - Check scm block delete run: false serviceStatus: RUNNING safemodeExitRunDelayMillis: 3000 alreadyWaitTimeInMillis: 2738
2023-04-19 02:32:27,051 [BlockDeletingService#2] INFO  interfaces.ContainerDeletionChoosingPolicyTemplate (ContainerDeletionChoosingPolicyTemplate.java:chooseContainerForBlockDeletion(83)) - Chosen 0/5000 blocks from 0 candidate containers.
2023-04-19 02:32:27,095 [BlockDeletingService#1] INFO  interfaces.ContainerDeletionChoosingPolicyTemplate (ContainerDeletionChoosingPolicyTemplate.java:chooseContainerForBlockDeletion(83)) - Chosen 0/5000 blocks from 0 candidate containers.
2023-04-19 02:32:27,101 [BlockDeletingService#2] INFO  interfaces.ContainerDeletionChoosingPolicyTemplate (ContainerDeletionChoosingPolicyTemplate.java:chooseContainerForBlockDeletion(83)) - Chosen 0/5000 blocks from 0 candidate containers.
2023-04-19 02:32:27,123 [SCMBlockDeletingService#0] DEBUG block.SCMBlockDeletingService (SCMBlockDeletingService.java:shouldRun(251)) - Check scm block delete run: false serviceStatus: RUNNING safemodeExitRunDelayMillis: 3000 alreadyWaitTimeInMillis: 2838
2023-04-19 02:32:27,151 [BlockDeletingService#2] INFO  interfaces.ContainerDeletionChoosingPolicyTemplate (ContainerDeletionChoosingPolicyTemplate.java:chooseContainerForBlockDeletion(83)) - Chosen 0/5000 blocks from 0 candidate containers.
2023-04-19 02:32:27,196 [BlockDeletingService#1] INFO  interfaces.ContainerDeletionChoosingPolicyTemplate (ContainerDeletionChoosingPolicyTemplate.java:chooseContainerForBlockDeletion(83)) - Chosen 0/5000 blocks from 0 candidate containers.
2023-04-19 02:32:27,202 [BlockDeletingService#2] INFO  interfaces.ContainerDeletionChoosingPolicyTemplate (ContainerDeletionChoosingPolicyTemplate.java:chooseContainerForBlockDeletion(83)) - Chosen 0/5000 blocks from 0 candidate containers.
2023-04-19 02:32:27,223 [SCMBlockDeletingService#0] DEBUG block.SCMBlockDeletingService (SCMBlockDeletingService.java:shouldRun(251)) - Check scm block delete run: false serviceStatus: RUNNING safemodeExitRunDelayMillis: 3000 alreadyWaitTimeInMillis: 2938
2023-04-19 02:32:27,251 [BlockDeletingService#2] INFO  interfaces.ContainerDeletionChoosingPolicyTemplate (ContainerDeletionChoosingPolicyTemplate.java:chooseContainerForBlockDeletion(83)) - Chosen 0/5000 blocks from 0 candidate containers.
2023-04-19 02:32:27,296 [BlockDeletingService#1] INFO  interfaces.ContainerDeletionChoosingPolicyTemplate (ContainerDeletionChoosingPolicyTemplate.java:chooseContainerForBlockDeletion(83)) - Chosen 0/5000 blocks from 0 candidate containers.
2023-04-19 02:32:27,302 [BlockDeletingService#2] INFO  interfaces.ContainerDeletionChoosingPolicyTemplate (ContainerDeletionChoosingPolicyTemplate.java:chooseContainerForBlockDeletion(83)) - Chosen 0/5000 blocks from 0 candidate containers.
2023-04-19 02:32:27,323 [SCMBlockDeletingService#0] DEBUG block.SCMBlockDeletingService (SCMBlockDeletingService.java:shouldRun(251)) - Check scm block delete run: true serviceStatus: RUNNING safemodeExitRunDelayMillis: 3000 alreadyWaitTimeInMillis: 3038
2023-04-19 02:32:27,323 [SCMBlockDeletingService#0] DEBUG block.SCMBlockDeletingService (SCMBlockDeletingService.java:call(154)) - Running DeletedBlockTransactionScanner
2023-04-19 02:32:27,351 [BlockDeletingService#2] INFO  interfaces.ContainerDeletionChoosingPolicyTemplate (ContainerDeletionChoosingPolicyTemplate.java:chooseContainerForBlockDeletion(83)) - Chosen 0/5000 blocks from 0 candidate containers.
2023-04-19 02:32:27,588 [BlockDeletingService#1] INFO  interfaces.ContainerDeletionChoosingPolicyTemplate (ContainerDeletionChoosingPolicyTemplate.java:chooseContainerForBlockDeletion(83)) - Chosen 0/5000 blocks from 0 candidate containers.
2023-04-19 02:32:27,590 [BlockDeletingService#2] INFO  interfaces.ContainerDeletionChoosingPolicyTemplate (ContainerDeletionChoosingPolicyTemplate.java:chooseContainerForBlockDeletion(83)) - Chosen 0/5000 blocks from 0 candidate containers.
2023-04-19 02:32:27,590 [SCMBlockDeletingService#0] DEBUG block.SCMBlockDeletingService (SCMBlockDeletingService.java:shouldRun(251)) - Check scm block delete run: true serviceStatus: RUNNING safemodeExitRunDelayMillis: 3000 alreadyWaitTimeInMillis: 3291
2023-04-19 02:32:27,590 [SCMBlockDeletingService#0] DEBUG block.SCMBlockDeletingService (SCMBlockDeletingService.java:call(154)) - Running DeletedBlockTransactionScanner
2023-04-19 02:32:27,590 [BlockDeletingService#2] INFO  interfaces.ContainerDeletionChoosingPolicyTemplate (ContainerDeletionChoosingPolicyTemplate.java:chooseContainerForBlockDeletion(83)) - Chosen 0/5000 blocks from 0 candidate containers.
2023-04-19 02:32:27,677 [SCMBlockDeletingService#0] DEBUG block.SCMBlockDeletingService (SCMBlockDeletingService.java:shouldRun(251)) - Check scm block delete run: true serviceStatus: RUNNING safemodeExitRunDelayMillis: 3000 alreadyWaitTimeInMillis: 3392
2023-04-19 02:32:27,677 [SCMBlockDeletingService#0] DEBUG block.SCMBlockDeletingService (SCMBlockDeletingService.java:call(154)) - Running DeletedBlockTransactionScanner
2023-04-19 02:32:27,689 [BlockDeletingService#1] INFO  interfaces.ContainerDeletionChoosingPolicyTemplate (ContainerDeletionChoosingPolicyTemplate.java:chooseContainerForBlockDeletion(83)) - Chosen 0/5000 blocks from 0 candidate containers.
2023-04-19 02:32:27,690 [BlockDeletingService#2] INFO  interfaces.ContainerDeletionChoosingPolicyTemplate (ContainerDeletionChoosingPolicyTemplate.java:chooseContainerForBlockDeletion(83)) - Chosen 0/5000 blocks from 0 candidate containers.
2023-04-19 02:32:27,691 [BlockDeletingService#2] INFO  interfaces.ContainerDeletionChoosingPolicyTemplate (ContainerDeletionChoosingPolicyTemplate.java:chooseContainerForBlockDeletion(83)) - Chosen 0/5000 blocks from 0 candidate containers.
2023-04-19 02:32:27,777 [SCMBlockDeletingService#0] DEBUG block.SCMBlockDeletingService (SCMBlockDeletingService.java:shouldRun(251)) - Check scm block delete run: true serviceStatus: RUNNING safemodeExitRunDelayMillis: 3000 alreadyWaitTimeInMillis: 3492
2023-04-19 02:32:27,777 [SCMBlockDeletingService#0] DEBUG block.SCMBlockDeletingService (SCMBlockDeletingService.java:call(154)) - Running DeletedBlockTransactionScanner
2023-04-19 02:32:27,789 [BlockDeletingService#1] INFO  interfaces.ContainerDeletionChoosingPolicyTemplate (ContainerDeletionChoosingPolicyTemplate.java:chooseContainerForBlockDeletion(83)) - Chosen 0/5000 blocks from 0 candidate containers.
2023-04-19 02:32:27,790 [BlockDeletingService#2] INFO  interfaces.ContainerDeletionChoosingPolicyTemplate (ContainerDeletionChoosingPolicyTemplate.java:chooseContainerForBlockDeletion(83)) - Chosen 0/5000 blocks from 0 candidate containers.
2023-04-19 02:32:27,791 [BlockDeletingService#2] INFO  interfaces.ContainerDeletionChoosingPolicyTemplate (ContainerDeletionChoosingPolicyTemplate.java:chooseContainerForBlockDeletion(83)) - Chosen 0/5000 blocks from 0 candidate containers.
2023-04-19 02:32:27,877 [SCMBlockDeletingService#0] DEBUG block.SCMBlockDeletingService (SCMBlockDeletingService.java:shouldRun(251)) - Check scm block delete run: true serviceStatus: RUNNING safemodeExitRunDelayMillis: 3000 alreadyWaitTimeInMillis: 3592
2023-04-19 02:32:27,877 [SCMBlockDeletingService#0] DEBUG block.SCMBlockDeletingService (SCMBlockDeletingService.java:call(154)) - Running DeletedBlockTransactionScanner
2023-04-19 02:32:27,889 [BlockDeletingService#1] INFO  interfaces.ContainerDeletionChoosingPolicyTemplate (ContainerDeletionChoosingPolicyTemplate.java:chooseContainerForBlockDeletion(83)) - Chosen 0/5000 blocks from 0 candidate containers.
2023-04-19 02:32:27,891 [BlockDeletingService#2] INFO  interfaces.ContainerDeletionChoosingPolicyTemplate (ContainerDeletionChoosingPolicyTemplate.java:chooseContainerForBlockDeletion(83)) - Chosen 0/5000 blocks from 0 candidate containers.
2023-04-19 02:32:27,891 [BlockDeletingService#2] INFO  interfaces.ContainerDeletionChoosingPolicyTemplate (ContainerDeletionChoosingPolicyTemplate.java:chooseContainerForBlockDeletion(83)) - Chosen 0/5000 blocks from 0 candidate containers.
2023-04-19 02:32:27,981 [SCMBlockDeletingService#0] DEBUG block.SCMBlockDeletingService (SCMBlockDeletingService.java:shouldRun(251)) - Check scm block delete run: true serviceStatus: RUNNING safemodeExitRunDelayMillis: 3000 alreadyWaitTimeInMillis: 3696
2023-04-19 02:32:27,981 [SCMBlockDeletingService#0] DEBUG block.SCMBlockDeletingService (SCMBlockDeletingService.java:call(154)) - Running DeletedBlockTransactionScanner
2023-04-19 02:32:27,989 [BlockDeletingService#1] INFO  interfaces.ContainerDeletionChoosingPolicyTemplate (ContainerDeletionChoosingPolicyTemplate.java:chooseContainerForBlockDeletion(83)) - Chosen 0/5000 blocks from 0 candidate containers.
2023-04-19 02:32:27,991 [BlockDeletingService#2] INFO  interfaces.ContainerDeletionChoosingPolicyTemplate (ContainerDeletionChoosingPolicyTemplate.java:chooseContainerForBlockDeletion(83)) - Chosen 0/5000 blocks from 0 candidate containers.
2023-04-19 02:32:27,991 [BlockDeletingService#2] INFO  interfaces.ContainerDeletionChoosingPolicyTemplate (ContainerDeletionChoosingPolicyTemplate.java:chooseContainerForBlockDeletion(83)) - Chosen 0/5000 blocks from 0 candidate containers.
2023-04-19 02:32:28,081 [SCMBlockDeletingService#0] DEBUG block.SCMBlockDeletingService (SCMBlockDeletingService.java:shouldRun(251)) - Check scm block delete run: true serviceStatus: RUNNING safemodeExitRunDelayMillis: 3000 alreadyWaitTimeInMillis: 3796
2023-04-19 02:32:28,082 [SCMBlockDeletingService#0] DEBUG block.SCMBlockDeletingService (SCMBlockDeletingService.java:call(154)) - Running DeletedBlockTransactionScanner
2023-04-19 02:32:28,090 [BlockDeletingService#1] INFO  interfaces.ContainerDeletionChoosingPolicyTemplate (ContainerDeletionChoosingPolicyTemplate.java:chooseContainerForBlockDeletion(83)) - Chosen 0/5000 blocks from 0 candidate containers.
2023-04-19 02:32:28,091 [BlockDeletingService#2] INFO  interfaces.ContainerDeletionChoosingPolicyTemplate (ContainerDeletionChoosingPolicyTemplate.java:chooseContainerForBlockDeletion(83)) - Chosen 0/5000 blocks from 0 candidate containers.
2023-04-19 02:32:28,091 [BlockDeletingService#2] INFO  interfaces.ContainerDeletionChoosingPolicyTemplate (ContainerDeletionChoosingPolicyTemplate.java:chooseContainerForBlockDeletion(83)) - Chosen 0/5000 blocks from 0 candidate containers.
2023-04-19 02:32:28,181 [SCMBlockDeletingService#0] DEBUG block.SCMBlockDeletingService (SCMBlockDeletingService.java:shouldRun(251)) - Check scm block delete run: true serviceStatus: RUNNING safemodeExitRunDelayMillis: 3000 alreadyWaitTimeInMillis: 3896
2023-04-19 02:32:28,182 [SCMBlockDeletingService#0] DEBUG block.SCMBlockDeletingService (SCMBlockDeletingService.java:call(154)) - Running DeletedBlockTransactionScanner
2023-04-19 02:32:28,190 [BlockDeletingService#1] INFO  interfaces.ContainerDeletionChoosingPolicyTemplate (ContainerDeletionChoosingPolicyTemplate.java:chooseContainerForBlockDeletion(83)) - Chosen 0/5000 blocks from 0 candidate containers.
2023-04-19 02:32:28,191 [BlockDeletingService#2] INFO  interfaces.ContainerDeletionChoosingPolicyTemplate (ContainerDeletionChoosingPolicyTemplate.java:chooseContainerForBlockDeletion(83)) - Chosen 0/5000 blocks from 0 candidate containers.
2023-04-19 02:32:28,191 [BlockDeletingService#2] INFO  interfaces.ContainerDeletionChoosingPolicyTemplate (ContainerDeletionChoosingPolicyTemplate.java:chooseContainerForBlockDeletion(83)) - Chosen 0/5000 blocks from 0 candidate containers.
2023-04-19 02:32:28,282 [SCMBlockDeletingService#0] DEBUG block.SCMBlockDeletingService (SCMBlockDeletingService.java:shouldRun(251)) - Check scm block delete run: true serviceStatus: RUNNING safemodeExitRunDelayMillis: 3000 alreadyWaitTimeInMillis: 3997
2023-04-19 02:32:28,282 [SCMBlockDeletingService#0] DEBUG block.SCMBlockDeletingService (SCMBlockDeletingService.java:call(154)) - Running DeletedBlockTransactionScanner
2023-04-19 02:32:28,290 [BlockDeletingService#1] INFO  interfaces.ContainerDeletionChoosingPolicyTemplate (ContainerDeletionChoosingPolicyTemplate.java:chooseContainerForBlockDeletion(83)) - Chosen 0/5000 blocks from 0 candidate containers.
2023-04-19 02:32:28,292 [BlockDeletingService#2] INFO  interfaces.ContainerDeletionChoosingPolicyTemplate (ContainerDeletionChoosingPolicyTemplate.java:chooseContainerForBlockDeletion(83)) - Chosen 0/5000 blocks from 0 candidate containers.
2023-04-19 02:32:28,292 [BlockDeletingService#2] INFO  interfaces.ContainerDeletionChoosingPolicyTemplate (ContainerDeletionChoosingPolicyTemplate.java:chooseContainerForBlockDeletion(83)) - Chosen 0/5000 blocks from 0 candidate containers.
2023-04-19 02:32:28,382 [SCMBlockDeletingService#0] DEBUG block.SCMBlockDeletingService (SCMBlockDeletingService.java:shouldRun(251)) - Check scm block delete run: true serviceStatus: RUNNING safemodeExitRunDelayMillis: 3000 alreadyWaitTimeInMillis: 4097
2023-04-19 02:32:28,382 [SCMBlockDeletingService#0] DEBUG block.SCMBlockDeletingService (SCMBlockDeletingService.java:call(154)) - Running DeletedBlockTransactionScanner
2023-04-19 02:32:28,391 [BlockDeletingService#7] INFO  interfaces.ContainerDeletionChoosingPolicyTemplate (ContainerDeletionChoosingPolicyTemplate.java:chooseContainerForBlockDeletion(83)) - Chosen 0/5000 blocks from 0 candidate containers.
2023-04-19 02:32:28,392 [BlockDeletingService#2] INFO  interfaces.ContainerDeletionChoosingPolicyTemplate (ContainerDeletionChoosingPolicyTemplate.java:chooseContainerForBlockDeletion(83)) - Chosen 0/5000 blocks from 0 candidate containers.
2023-04-19 02:32:28,392 [BlockDeletingService#2] INFO  interfaces.ContainerDeletionChoosingPolicyTemplate (ContainerDeletionChoosingPolicyTemplate.java:chooseContainerForBlockDeletion(83)) - Chosen 0/5000 blocks from 0 candidate containers.
2023-04-19 02:32:28,482 [SCMBlockDeletingService#0] DEBUG block.SCMBlockDeletingService (SCMBlockDeletingService.java:shouldRun(251)) - Check scm block delete run: true serviceStatus: RUNNING safemodeExitRunDelayMillis: 3000 alreadyWaitTimeInMillis: 4197
2023-04-19 02:32:28,482 [SCMBlockDeletingService#0] DEBUG block.SCMBlockDeletingService (SCMBlockDeletingService.java:call(154)) - Running DeletedBlockTransactionScanner
2023-04-19 02:32:28,491 [BlockDeletingService#7] INFO  interfaces.ContainerDeletionChoosingPolicyTemplate (ContainerDeletionChoosingPolicyTemplate.java:chooseContainerForBlockDeletion(83)) - Chosen 0/5000 blocks from 0 candidate containers.
2023-04-19 02:32:28,492 [BlockDeletingService#2] INFO  interfaces.ContainerDeletionChoosingPolicyTemplate (ContainerDeletionChoosingPolicyTemplate.java:chooseContainerForBlockDeletion(83)) - Chosen 0/5000 blocks from 0 candidate containers.
2023-04-19 02:32:28,492 [BlockDeletingService#2] INFO  interfaces.ContainerDeletionChoosingPolicyTemplate (ContainerDeletionChoosingPolicyTemplate.java:chooseContainerForBlockDeletion(83)) - Chosen 0/5000 blocks from 0 candidate containers.
2023-04-19 02:32:28,582 [SCMBlockDeletingService#0] DEBUG block.SCMBlockDeletingService (SCMBlockDeletingService.java:shouldRun(251)) - Check scm block delete run: true serviceStatus: RUNNING safemodeExitRunDelayMillis: 3000 alreadyWaitTimeInMillis: 4297
2023-04-19 02:32:28,582 [SCMBlockDeletingService#0] DEBUG block.SCMBlockDeletingService (SCMBlockDeletingService.java:call(154)) - Running DeletedBlockTransactionScanner
2023-04-19 02:32:28,591 [BlockDeletingService#7] INFO  interfaces.ContainerDeletionChoosingPolicyTemplate (ContainerDeletionChoosingPolicyTemplate.java:chooseContainerForBlockDeletion(83)) - Chosen 0/5000 blocks from 0 candidate containers.
2023-04-19 02:32:28,592 [BlockDeletingService#2] INFO  interfaces.ContainerDeletionChoosingPolicyTemplate (ContainerDeletionChoosingPolicyTemplate.java:chooseContainerForBlockDeletion(83)) - Chosen 0/5000 blocks from 0 candidate containers.
2023-04-19 02:32:28,593 [BlockDeletingService#2] INFO  interfaces.ContainerDeletionChoosingPolicyTemplate (ContainerDeletionChoosingPolicyTemplate.java:chooseContainerForBlockDeletion(83)) - Chosen 0/5000 blocks from 0 candidate containers.
2023-04-19 02:32:28,682 [SCMBlockDeletingService#0] DEBUG block.SCMBlockDeletingService (SCMBlockDeletingService.java:shouldRun(251)) - Check scm block delete run: true serviceStatus: RUNNING safemodeExitRunDelayMillis: 3000 alreadyWaitTimeInMillis: 4397
2023-04-19 02:32:28,682 [SCMBlockDeletingService#0] DEBUG block.SCMBlockDeletingService (SCMBlockDeletingService.java:call(154)) - Running DeletedBlockTransactionScanner
2023-04-19 02:32:28,691 [BlockDeletingService#7] INFO  interfaces.ContainerDeletionChoosingPolicyTemplate (ContainerDeletionChoosingPolicyTemplate.java:chooseContainerForBlockDeletion(83)) - Chosen 0/5000 blocks from 0 candidate containers.
2023-04-19 02:32:28,692 [BlockDeletingService#2] INFO  interfaces.ContainerDeletionChoosingPolicyTemplate (ContainerDeletionChoosingPolicyTemplate.java:chooseContainerForBlockDeletion(83)) - Chosen 0/5000 blocks from 0 candidate containers.
2023-04-19 02:32:28,693 [BlockDeletingService#2] INFO  interfaces.ContainerDeletionChoosingPolicyTemplate (ContainerDeletionChoosingPolicyTemplate.java:chooseContainerForBlockDeletion(83)) - Chosen 0/5000 blocks from 0 candidate containers.
2023-04-19 02:32:28,698 [IPC Server handler 7 on default port 41185] INFO  ha.SequenceIdGenerator (SequenceIdGenerator.java:getNextId(128)) - Allocate a batch for delTxnId, change lastId from 0 to 1000.
2023-04-19 02:32:28,782 [SCMBlockDeletingService#0] DEBUG block.SCMBlockDeletingService (SCMBlockDeletingService.java:shouldRun(251)) - Check scm block delete run: true serviceStatus: RUNNING safemodeExitRunDelayMillis: 3000 alreadyWaitTimeInMillis: 4497
2023-04-19 02:32:28,783 [SCMBlockDeletingService#0] DEBUG block.SCMBlockDeletingService (SCMBlockDeletingService.java:call(154)) - Running DeletedBlockTransactionScanner
2023-04-19 02:32:28,786 [ContainerOp-efa6cb31-92b4-4224-b1a7-71ce5ac4cde1-0] INFO  keyvalue.KeyValueContainer (KeyValueContainer.java:flushAndSyncDB(446)) - Container 1 is synced with bcsId 2.
2023-04-19 02:32:28,786 [ContainerOp-efa6cb31-92b4-4224-b1a7-71ce5ac4cde1-0] INFO  keyvalue.KeyValueContainer (KeyValueContainer.java:flushAndSyncDB(446)) - Container 1 is synced with bcsId 2.
2023-04-19 02:32:28,792 [BlockDeletingService#7] INFO  interfaces.ContainerDeletionChoosingPolicyTemplate (ContainerDeletionChoosingPolicyTemplate.java:chooseContainerForBlockDeletion(83)) - Chosen 0/5000 blocks from 0 candidate containers.
2023-04-19 02:32:28,792 [ContainerOp-efa6cb31-92b4-4224-b1a7-71ce5ac4cde1-0] INFO  keyvalue.KeyValueContainer (KeyValueContainer.java:close(361)) - Container 1 is closed with bcsId 2.
2023-04-19 02:32:28,793 [BlockDeletingService#2] INFO  interfaces.ContainerDeletionChoosingPolicyTemplate (ContainerDeletionChoosingPolicyTemplate.java:chooseContainerForBlockDeletion(83)) - Chosen 0/5000 blocks from 0 candidate containers.
2023-04-19 02:32:28,793 [BlockDeletingService#2] INFO  interfaces.ContainerDeletionChoosingPolicyTemplate (ContainerDeletionChoosingPolicyTemplate.java:chooseContainerForBlockDeletion(83)) - Chosen 0/5000 blocks from 0 candidate containers.
2023-04-19 02:32:28,790 [ContainerOp-efa6cb31-92b4-4224-b1a7-71ce5ac4cde1-0] INFO  keyvalue.KeyValueContainer (KeyValueContainer.java:flushAndSyncDB(446)) - Container 1 is synced with bcsId 2.
2023-04-19 02:32:28,795 [ContainerOp-efa6cb31-92b4-4224-b1a7-71ce5ac4cde1-0] INFO  keyvalue.KeyValueContainer (KeyValueContainer.java:flushAndSyncDB(446)) - Container 1 is synced with bcsId 2.
2023-04-19 02:32:28,793 [ContainerOp-efa6cb31-92b4-4224-b1a7-71ce5ac4cde1-0] INFO  keyvalue.KeyValueContainer (KeyValueContainer.java:flushAndSyncDB(446)) - Container 1 is synced with bcsId 2.
2023-04-19 02:32:28,796 [ContainerOp-efa6cb31-92b4-4224-b1a7-71ce5ac4cde1-0] INFO  keyvalue.KeyValueContainer (KeyValueContainer.java:flushAndSyncDB(446)) - Container 1 is synced with bcsId 2.
2023-04-19 02:32:28,797 [FixedThreadPoolWithAffinityExecutor-8-0] INFO  container.IncrementalContainerReportHandler (AbstractContainerReportHandler.java:updateContainerState(292)) - Moving container #1 to CLOSED state, datanode 14fab107-599d-4166-92e2-a49b96c274c4(fv-az127-56.h3uyzbqov44edfyrgkjongjtha.bx.internal.cloudapp.net/10.1.164.0) reported CLOSED replica.
2023-04-19 02:32:28,799 [ContainerOp-efa6cb31-92b4-4224-b1a7-71ce5ac4cde1-0] INFO  keyvalue.KeyValueContainer (KeyValueContainer.java:close(361)) - Container 1 is closed with bcsId 2.
2023-04-19 02:32:28,799 [ContainerOp-efa6cb31-92b4-4224-b1a7-71ce5ac4cde1-0] INFO  keyvalue.KeyValueContainer (KeyValueContainer.java:close(361)) - Container 1 is closed with bcsId 2.
2023-04-19 02:32:28,806 [ContainerOp-efa6cb31-92b4-4224-b1a7-71ce5ac4cde1-1] INFO  keyvalue.KeyValueContainer (KeyValueContainer.java:flushAndSyncDB(446)) - Container 3 is synced with bcsId 9.
2023-04-19 02:32:28,806 [ContainerOp-efa6cb31-92b4-4224-b1a7-71ce5ac4cde1-1] INFO  keyvalue.KeyValueContainer (KeyValueContainer.java:flushAndSyncDB(446)) - Container 3 is synced with bcsId 9.
2023-04-19 02:32:28,808 [ContainerOp-efa6cb31-92b4-4224-b1a7-71ce5ac4cde1-1] INFO  keyvalue.KeyValueContainer (KeyValueContainer.java:close(361)) - Container 3 is closed with bcsId 9.
2023-04-19 02:32:28,809 [ContainerOp-efa6cb31-92b4-4224-b1a7-71ce5ac4cde1-1] INFO  keyvalue.KeyValueContainer (KeyValueContainer.java:flushAndSyncDB(446)) - Container 3 is synced with bcsId 9.
2023-04-19 02:32:28,809 [ContainerOp-efa6cb31-92b4-4224-b1a7-71ce5ac4cde1-1] INFO  keyvalue.KeyValueContainer (KeyValueContainer.java:flushAndSyncDB(446)) - Container 3 is synced with bcsId 9.
2023-04-19 02:32:28,811 [FixedThreadPoolWithAffinityExecutor-8-0] INFO  container.IncrementalContainerReportHandler (AbstractContainerReportHandler.java:updateContainerState(292)) - Moving container #3 to CLOSED state, datanode 14fab107-599d-4166-92e2-a49b96c274c4(fv-az127-56.h3uyzbqov44edfyrgkjongjtha.bx.internal.cloudapp.net/10.1.164.0) reported CLOSED replica.
2023-04-19 02:32:28,808 [ContainerOp-efa6cb31-92b4-4224-b1a7-71ce5ac4cde1-1] INFO  keyvalue.KeyValueContainer (KeyValueContainer.java:flushAndSyncDB(446)) - Container 3 is synced with bcsId 9.
2023-04-19 02:32:28,811 [ContainerOp-efa6cb31-92b4-4224-b1a7-71ce5ac4cde1-1] INFO  keyvalue.KeyValueContainer (KeyValueContainer.java:flushAndSyncDB(446)) - Container 3 is synced with bcsId 9.
2023-04-19 02:32:28,813 [ContainerOp-efa6cb31-92b4-4224-b1a7-71ce5ac4cde1-1] INFO  keyvalue.KeyValueContainer (KeyValueContainer.java:close(361)) - Container 3 is closed with bcsId 9.
2023-04-19 02:32:28,815 [ContainerOp-efa6cb31-92b4-4224-b1a7-71ce5ac4cde1-1] INFO  keyvalue.KeyValueContainer (KeyValueContainer.java:close(361)) - Container 3 is closed with bcsId 9.
2023-04-19 02:32:28,816 [ContainerOp-efa6cb31-92b4-4224-b1a7-71ce5ac4cde1-2] INFO  keyvalue.KeyValueContainer (KeyValueContainer.java:flushAndSyncDB(446)) - Container 2 is synced with bcsId 5.
2023-04-19 02:32:28,817 [ContainerOp-efa6cb31-92b4-4224-b1a7-71ce5ac4cde1-2] INFO  keyvalue.KeyValueContainer (KeyValueContainer.java:flushAndSyncDB(446)) - Container 2 is synced with bcsId 5.
2023-04-19 02:32:28,818 [ContainerOp-efa6cb31-92b4-4224-b1a7-71ce5ac4cde1-2] INFO  keyvalue.KeyValueContainer (KeyValueContainer.java:close(361)) - Container 2 is closed with bcsId 5.
2023-04-19 02:32:28,819 [FixedThreadPoolWithAffinityExecutor-8-0] INFO  container.IncrementalContainerReportHandler (AbstractContainerReportHandler.java:updateContainerState(292)) - Moving container #2 to CLOSED state, datanode 14fab107-599d-4166-92e2-a49b96c274c4(fv-az127-56.h3uyzbqov44edfyrgkjongjtha.bx.internal.cloudapp.net/10.1.164.0) reported CLOSED replica.
2023-04-19 02:32:28,822 [ContainerOp-efa6cb31-92b4-4224-b1a7-71ce5ac4cde1-3] INFO  keyvalue.KeyValueContainer (KeyValueContainer.java:flushAndSyncDB(446)) - Container 2 is synced with bcsId 5.
2023-04-19 02:32:28,822 [ContainerOp-efa6cb31-92b4-4224-b1a7-71ce5ac4cde1-3] INFO  keyvalue.KeyValueContainer (KeyValueContainer.java:flushAndSyncDB(446)) - Container 2 is synced with bcsId 5.
2023-04-19 02:32:28,823 [ContainerOp-efa6cb31-92b4-4224-b1a7-71ce5ac4cde1-2] INFO  keyvalue.KeyValueContainer (KeyValueContainer.java:flushAndSyncDB(446)) - Container 2 is synced with bcsId 5.
2023-04-19 02:32:28,823 [ContainerOp-efa6cb31-92b4-4224-b1a7-71ce5ac4cde1-2] INFO  keyvalue.KeyValueContainer (KeyValueContainer.java:flushAndSyncDB(446)) - Container 2 is synced with bcsId 5.
2023-04-19 02:32:28,825 [ContainerOp-efa6cb31-92b4-4224-b1a7-71ce5ac4cde1-3] INFO  keyvalue.KeyValueContainer (KeyValueContainer.java:close(361)) - Container 2 is closed with bcsId 5.
2023-04-19 02:32:28,826 [ContainerOp-efa6cb31-92b4-4224-b1a7-71ce5ac4cde1-2] INFO  keyvalue.KeyValueContainer (KeyValueContainer.java:close(361)) - Container 2 is closed with bcsId 5.
2023-04-19 02:32:28,831 [ContainerOp-efa6cb31-92b4-4224-b1a7-71ce5ac4cde1-3] INFO  keyvalue.KeyValueContainer (KeyValueContainer.java:flushAndSyncDB(446)) - Container 8 is synced with bcsId 29.
2023-04-19 02:32:28,831 [ContainerOp-efa6cb31-92b4-4224-b1a7-71ce5ac4cde1-3] INFO  keyvalue.KeyValueContainer (KeyValueContainer.java:flushAndSyncDB(446)) - Container 8 is synced with bcsId 29.
2023-04-19 02:32:28,833 [ContainerOp-efa6cb31-92b4-4224-b1a7-71ce5ac4cde1-3] INFO  keyvalue.KeyValueContainer (KeyValueContainer.java:close(361)) - Container 8 is closed with bcsId 29.
2023-04-19 02:32:28,834 [ContainerOp-efa6cb31-92b4-4224-b1a7-71ce5ac4cde1-3] INFO  keyvalue.KeyValueContainer (KeyValueContainer.java:flushAndSyncDB(446)) - Container 8 is synced with bcsId 29.
2023-04-19 02:32:28,835 [ContainerOp-efa6cb31-92b4-4224-b1a7-71ce5ac4cde1-3] INFO  keyvalue.KeyValueContainer (KeyValueContainer.java:flushAndSyncDB(446)) - Container 8 is synced with bcsId 29.
2023-04-19 02:32:28,835 [ContainerOp-efa6cb31-92b4-4224-b1a7-71ce5ac4cde1-2] INFO  keyvalue.KeyValueContainer (KeyValueContainer.java:flushAndSyncDB(446)) - Container 8 is synced with bcsId 29.
2023-04-19 02:32:28,835 [ContainerOp-efa6cb31-92b4-4224-b1a7-71ce5ac4cde1-2] INFO  keyvalue.KeyValueContainer (KeyValueContainer.java:flushAndSyncDB(446)) - Container 8 is synced with bcsId 29.
2023-04-19 02:32:28,836 [ContainerOp-efa6cb31-92b4-4224-b1a7-71ce5ac4cde1-3] INFO  keyvalue.KeyValueContainer (KeyValueContainer.java:close(361)) - Container 8 is closed with bcsId 29.
2023-04-19 02:32:28,837 [ContainerOp-efa6cb31-92b4-4224-b1a7-71ce5ac4cde1-2] INFO  keyvalue.KeyValueContainer (KeyValueContainer.java:close(361)) - Container 8 is closed with bcsId 29.
2023-04-19 02:32:28,838 [FixedThreadPoolWithAffinityExecutor-1-0] INFO  container.IncrementalContainerReportHandler (AbstractContainerReportHandler.java:updateContainerState(292)) - Moving container #8 to CLOSED state, datanode 8050b7c4-5854-4456-9ff4-a8181b586109(fv-az127-56.h3uyzbqov44edfyrgkjongjtha.bx.internal.cloudapp.net/10.1.164.0) reported CLOSED replica.
2023-04-19 02:32:28,847 [ContainerOp-efa6cb31-92b4-4224-b1a7-71ce5ac4cde1-5] INFO  keyvalue.KeyValueContainer (KeyValueContainer.java:flushAndSyncDB(446)) - Container 4 is synced with bcsId 13.
2023-04-19 02:32:28,848 [ContainerOp-efa6cb31-92b4-4224-b1a7-71ce5ac4cde1-5] INFO  keyvalue.KeyValueContainer (KeyValueContainer.java:flushAndSyncDB(446)) - Container 4 is synced with bcsId 13.
2023-04-19 02:32:28,849 [ContainerOp-efa6cb31-92b4-4224-b1a7-71ce5ac4cde1-5] INFO  keyvalue.KeyValueContainer (KeyValueContainer.java:flushAndSyncDB(446)) - Container 4 is synced with bcsId 13.
2023-04-19 02:32:28,849 [ContainerOp-efa6cb31-92b4-4224-b1a7-71ce5ac4cde1-5] INFO  keyvalue.KeyValueContainer (KeyValueContainer.java:flushAndSyncDB(446)) - Container 4 is synced with bcsId 13.
2023-04-19 02:32:28,851 [ContainerOp-efa6cb31-92b4-4224-b1a7-71ce5ac4cde1-5] INFO  keyvalue.KeyValueContainer (KeyValueContainer.java:close(361)) - Container 4 is closed with bcsId 13.
2023-04-19 02:32:28,853 [FixedThreadPoolWithAffinityExecutor-8-0] INFO  container.IncrementalContainerReportHandler (AbstractContainerReportHandler.java:updateContainerState(292)) - Moving container #4 to CLOSED state, datanode 14fab107-599d-4166-92e2-a49b96c274c4(fv-az127-56.h3uyzbqov44edfyrgkjongjtha.bx.internal.cloudapp.net/10.1.164.0) reported CLOSED replica.
2023-04-19 02:32:28,851 [ContainerOp-efa6cb31-92b4-4224-b1a7-71ce5ac4cde1-5] INFO  keyvalue.KeyValueContainer (KeyValueContainer.java:close(361)) - Container 4 is closed with bcsId 13.
2023-04-19 02:32:28,854 [ContainerOp-efa6cb31-92b4-4224-b1a7-71ce5ac4cde1-4] INFO  keyvalue.KeyValueContainer (KeyValueContainer.java:flushAndSyncDB(446)) - Container 4 is synced with bcsId 13.
2023-04-19 02:32:28,858 [ContainerOp-efa6cb31-92b4-4224-b1a7-71ce5ac4cde1-4] INFO  keyvalue.KeyValueContainer (KeyValueContainer.java:flushAndSyncDB(446)) - Container 4 is synced with bcsId 13.
2023-04-19 02:32:28,860 [ContainerOp-efa6cb31-92b4-4224-b1a7-71ce5ac4cde1-4] INFO  keyvalue.KeyValueContainer (KeyValueContainer.java:flushAndSyncDB(446)) - Container 6 is synced with bcsId 21.
2023-04-19 02:32:28,860 [ContainerOp-efa6cb31-92b4-4224-b1a7-71ce5ac4cde1-4] INFO  keyvalue.KeyValueContainer (KeyValueContainer.java:flushAndSyncDB(446)) - Container 6 is synced with bcsId 21.
2023-04-19 02:32:28,862 [ContainerOp-efa6cb31-92b4-4224-b1a7-71ce5ac4cde1-4] INFO  keyvalue.KeyValueContainer (KeyValueContainer.java:close(361)) - Container 4 is closed with bcsId 13.
2023-04-19 02:32:28,865 [ContainerOp-efa6cb31-92b4-4224-b1a7-71ce5ac4cde1-4] INFO  keyvalue.KeyValueContainer (KeyValueContainer.java:close(361)) - Container 6 is closed with bcsId 21.
2023-04-19 02:32:28,866 [ContainerOp-efa6cb31-92b4-4224-b1a7-71ce5ac4cde1-5] INFO  keyvalue.KeyValueContainer (KeyValueContainer.java:flushAndSyncDB(446)) - Container 6 is synced with bcsId 21.
2023-04-19 02:32:28,866 [ContainerOp-efa6cb31-92b4-4224-b1a7-71ce5ac4cde1-5] INFO  keyvalue.KeyValueContainer (KeyValueContainer.java:flushAndSyncDB(446)) - Container 6 is synced with bcsId 21.
2023-04-19 02:32:28,868 [ContainerOp-efa6cb31-92b4-4224-b1a7-71ce5ac4cde1-4] INFO  keyvalue.KeyValueContainer (KeyValueContainer.java:flushAndSyncDB(446)) - Container 6 is synced with bcsId 21.
2023-04-19 02:32:28,868 [ContainerOp-efa6cb31-92b4-4224-b1a7-71ce5ac4cde1-4] INFO  keyvalue.KeyValueContainer (KeyValueContainer.java:flushAndSyncDB(446)) - Container 6 is synced with bcsId 21.
2023-04-19 02:32:28,868 [FixedThreadPoolWithAffinityExecutor-8-0] INFO  container.IncrementalContainerReportHandler (AbstractContainerReportHandler.java:updateContainerState(292)) - Moving container #6 to CLOSED state, datanode 14fab107-599d-4166-92e2-a49b96c274c4(fv-az127-56.h3uyzbqov44edfyrgkjongjtha.bx.internal.cloudapp.net/10.1.164.0) reported CLOSED replica.
2023-04-19 02:32:28,869 [ContainerOp-efa6cb31-92b4-4224-b1a7-71ce5ac4cde1-5] INFO  keyvalue.KeyValueContainer (KeyValueContainer.java:close(361)) - Container 6 is closed with bcsId 21.
2023-04-19 02:32:28,871 [ContainerOp-efa6cb31-92b4-4224-b1a7-71ce5ac4cde1-4] INFO  keyvalue.KeyValueContainer (KeyValueContainer.java:close(361)) - Container 6 is closed with bcsId 21.
2023-04-19 02:32:28,877 [ContainerOp-efa6cb31-92b4-4224-b1a7-71ce5ac4cde1-6] INFO  keyvalue.KeyValueContainer (KeyValueContainer.java:flushAndSyncDB(446)) - Container 7 is synced with bcsId 25.
2023-04-19 02:32:28,877 [ContainerOp-efa6cb31-92b4-4224-b1a7-71ce5ac4cde1-6] INFO  keyvalue.KeyValueContainer (KeyValueContainer.java:flushAndSyncDB(446)) - Container 7 is synced with bcsId 25.
2023-04-19 02:32:28,879 [ContainerOp-efa6cb31-92b4-4224-b1a7-71ce5ac4cde1-6] INFO  keyvalue.KeyValueContainer (KeyValueContainer.java:close(361)) - Container 7 is closed with bcsId 25.
2023-04-19 02:32:28,880 [FixedThreadPoolWithAffinityExecutor-8-0] INFO  container.IncrementalContainerReportHandler (AbstractContainerReportHandler.java:updateContainerState(292)) - Moving container #7 to CLOSED state, datanode 14fab107-599d-4166-92e2-a49b96c274c4(fv-az127-56.h3uyzbqov44edfyrgkjongjtha.bx.internal.cloudapp.net/10.1.164.0) reported CLOSED replica.
2023-04-19 02:32:28,883 [SCMBlockDeletingService#0] DEBUG block.SCMBlockDeletingService (SCMBlockDeletingService.java:shouldRun(251)) - Check scm block delete run: true serviceStatus: RUNNING safemodeExitRunDelayMillis: 3000 alreadyWaitTimeInMillis: 4598
2023-04-19 02:32:28,883 [SCMBlockDeletingService#0] DEBUG block.SCMBlockDeletingService (SCMBlockDeletingService.java:call(154)) - Running DeletedBlockTransactionScanner
2023-04-19 02:32:28,883 [SCMBlockDeletingService#0] DEBUG block.SCMBlockDeletingService (DatanodeDeletedBlockTransactions.java:addTransactionToDN(50)) - Transaction added: 8050b7c4-5854-4456-9ff4-a8181b586109 <- TX(1)
2023-04-19 02:32:28,883 [SCMBlockDeletingService#0] DEBUG block.SCMBlockDeletingService (DatanodeDeletedBlockTransactions.java:addTransactionToDN(50)) - Transaction added: 209e8f7b-7310-4c05-bc4d-708a2d801edb <- TX(1)
2023-04-19 02:32:28,883 [SCMBlockDeletingService#0] DEBUG block.SCMBlockDeletingService (DatanodeDeletedBlockTransactions.java:addTransactionToDN(50)) - Transaction added: 14fab107-599d-4166-92e2-a49b96c274c4 <- TX(1)
2023-04-19 02:32:28,884 [SCMBlockDeletingService#0] DEBUG block.SCMBlockDeletingService (DatanodeDeletedBlockTransactions.java:addTransactionToDN(50)) - Transaction added: 14fab107-599d-4166-92e2-a49b96c274c4 <- TX(2)
2023-04-19 02:32:28,884 [SCMBlockDeletingService#0] DEBUG block.SCMBlockDeletingService (DatanodeDeletedBlockTransactions.java:addTransactionToDN(50)) - Transaction added: 8050b7c4-5854-4456-9ff4-a8181b586109 <- TX(2)
2023-04-19 02:32:28,884 [SCMBlockDeletingService#0] DEBUG block.SCMBlockDeletingService (DatanodeDeletedBlockTransactions.java:addTransactionToDN(50)) - Transaction added: 209e8f7b-7310-4c05-bc4d-708a2d801edb <- TX(2)
2023-04-19 02:32:28,884 [SCMBlockDeletingService#0] DEBUG block.SCMBlockDeletingService (DatanodeDeletedBlockTransactions.java:addTransactionToDN(50)) - Transaction added: 8050b7c4-5854-4456-9ff4-a8181b586109 <- TX(3)
2023-04-19 02:32:28,884 [SCMBlockDeletingService#0] DEBUG block.SCMBlockDeletingService (DatanodeDeletedBlockTransactions.java:addTransactionToDN(50)) - Transaction added: 209e8f7b-7310-4c05-bc4d-708a2d801edb <- TX(3)
2023-04-19 02:32:28,884 [SCMBlockDeletingService#0] DEBUG block.SCMBlockDeletingService (DatanodeDeletedBlockTransactions.java:addTransactionToDN(50)) - Transaction added: 14fab107-599d-4166-92e2-a49b96c274c4 <- TX(3)
2023-04-19 02:32:28,884 [SCMBlockDeletingService#0] DEBUG block.SCMBlockDeletingService (DatanodeDeletedBlockTransactions.java:addTransactionToDN(50)) - Transaction added: 14fab107-599d-4166-92e2-a49b96c274c4 <- TX(4)
2023-04-19 02:32:28,884 [SCMBlockDeletingService#0] DEBUG block.SCMBlockDeletingService (DatanodeDeletedBlockTransactions.java:addTransactionToDN(50)) - Transaction added: 8050b7c4-5854-4456-9ff4-a8181b586109 <- TX(4)
2023-04-19 02:32:28,884 [SCMBlockDeletingService#0] DEBUG block.SCMBlockDeletingService (DatanodeDeletedBlockTransactions.java:addTransactionToDN(50)) - Transaction added: 209e8f7b-7310-4c05-bc4d-708a2d801edb <- TX(4)
2023-04-19 02:32:28,884 [ContainerOp-efa6cb31-92b4-4224-b1a7-71ce5ac4cde1-6] INFO  keyvalue.KeyValueContainer (KeyValueContainer.java:flushAndSyncDB(446)) - Container 7 is synced with bcsId 25.
2023-04-19 02:32:28,884 [ContainerOp-efa6cb31-92b4-4224-b1a7-71ce5ac4cde1-6] INFO  keyvalue.KeyValueContainer (KeyValueContainer.java:flushAndSyncDB(446)) - Container 7 is synced with bcsId 25.
2023-04-19 02:32:28,887 [SCMBlockDeletingService#0] DEBUG block.SCMBlockDeletingService (DatanodeDeletedBlockTransactions.java:addTransactionToDN(50)) - Transaction added: 14fab107-599d-4166-92e2-a49b96c274c4 <- TX(6)
2023-04-19 02:32:28,887 [SCMBlockDeletingService#0] DEBUG block.SCMBlockDeletingService (DatanodeDeletedBlockTransactions.java:addTransactionToDN(50)) - Transaction added: 8050b7c4-5854-4456-9ff4-a8181b586109 <- TX(6)
2023-04-19 02:32:28,888 [SCMBlockDeletingService#0] DEBUG block.SCMBlockDeletingService (DatanodeDeletedBlockTransactions.java:addTransactionToDN(50)) - Transaction added: 209e8f7b-7310-4c05-bc4d-708a2d801edb <- TX(6)
2023-04-19 02:32:28,888 [SCMBlockDeletingService#0] DEBUG block.SCMBlockDeletingService (DatanodeDeletedBlockTransactions.java:addTransactionToDN(50)) - Transaction added: 209e8f7b-7310-4c05-bc4d-708a2d801edb <- TX(7)
2023-04-19 02:32:28,888 [SCMBlockDeletingService#0] DEBUG block.SCMBlockDeletingService (DatanodeDeletedBlockTransactions.java:addTransactionToDN(50)) - Transaction added: 14fab107-599d-4166-92e2-a49b96c274c4 <- TX(7)
2023-04-19 02:32:28,888 [SCMBlockDeletingService#0] DEBUG block.SCMBlockDeletingService (DatanodeDeletedBlockTransactions.java:addTransactionToDN(50)) - Transaction added: 8050b7c4-5854-4456-9ff4-a8181b586109 <- TX(7)
2023-04-19 02:32:28,888 [SCMBlockDeletingService#0] DEBUG block.SCMBlockDeletingService (DatanodeDeletedBlockTransactions.java:addTransactionToDN(50)) - Transaction added: 14fab107-599d-4166-92e2-a49b96c274c4 <- TX(8)
2023-04-19 02:32:28,888 [SCMBlockDeletingService#0] DEBUG block.SCMBlockDeletingService (DatanodeDeletedBlockTransactions.java:addTransactionToDN(50)) - Transaction added: 8050b7c4-5854-4456-9ff4-a8181b586109 <- TX(8)
2023-04-19 02:32:28,888 [SCMBlockDeletingService#0] DEBUG block.SCMBlockDeletingService (DatanodeDeletedBlockTransactions.java:addTransactionToDN(50)) - Transaction added: 209e8f7b-7310-4c05-bc4d-708a2d801edb <- TX(8)
2023-04-19 02:32:28,887 [ContainerOp-efa6cb31-92b4-4224-b1a7-71ce5ac4cde1-6] INFO  keyvalue.KeyValueContainer (KeyValueContainer.java:close(361)) - Container 7 is closed with bcsId 25.
2023-04-19 02:32:28,890 [SCMBlockDeletingService#0] DEBUG block.SCMBlockDeletingService (SCMBlockDeletingService.java:call(189)) - Added delete block command for datanode 14fab107-599d-4166-92e2-a49b96c274c4 in the queue, number of delete block transactions: 7
2023-04-19 02:32:28,890 [SCMBlockDeletingService#0] DEBUG block.SCMBlockDeletingService (SCMBlockDeletingService.java:call(189)) - Added delete block command for datanode 8050b7c4-5854-4456-9ff4-a8181b586109 in the queue, number of delete block transactions: 7
2023-04-19 02:32:28,890 [SCMBlockDeletingService#0] DEBUG block.SCMBlockDeletingService (SCMBlockDeletingService.java:call(189)) - Added delete block command for datanode 209e8f7b-7310-4c05-bc4d-708a2d801edb in the queue, number of delete block transactions: 7
2023-04-19 02:32:28,890 [SCMBlockDeletingService#0] INFO  block.SCMBlockDeletingService (SCMBlockDeletingService.java:call(198)) - Totally added 21 blocks to be deleted for 3 datanodes, task elapsed time: 7ms
2023-04-19 02:32:28,891 [ContainerOp-efa6cb31-92b4-4224-b1a7-71ce5ac4cde1-6] INFO  keyvalue.KeyValueContainer (KeyValueContainer.java:flushAndSyncDB(446)) - Container 7 is synced with bcsId 25.
2023-04-19 02:32:28,891 [ContainerOp-efa6cb31-92b4-4224-b1a7-71ce5ac4cde1-6] INFO  keyvalue.KeyValueContainer (KeyValueContainer.java:flushAndSyncDB(446)) - Container 7 is synced with bcsId 25.
2023-04-19 02:32:28,892 [BlockDeletingService#7] INFO  interfaces.ContainerDeletionChoosingPolicyTemplate (ContainerDeletionChoosingPolicyTemplate.java:chooseContainerForBlockDeletion(83)) - Chosen 0/5000 blocks from 0 candidate containers.
2023-04-19 02:32:28,893 [ContainerOp-efa6cb31-92b4-4224-b1a7-71ce5ac4cde1-6] INFO  keyvalue.KeyValueContainer (KeyValueContainer.java:close(361)) - Container 7 is closed with bcsId 25.
2023-04-19 02:32:28,893 [BlockDeletingService#2] INFO  interfaces.ContainerDeletionChoosingPolicyTemplate (ContainerDeletionChoosingPolicyTemplate.java:chooseContainerForBlockDeletion(83)) - Chosen 0/5000 blocks from 0 candidate containers.
2023-04-19 02:32:28,893 [BlockDeletingService#2] INFO  interfaces.ContainerDeletionChoosingPolicyTemplate (ContainerDeletionChoosingPolicyTemplate.java:chooseContainerForBlockDeletion(83)) - Chosen 0/5000 blocks from 0 candidate containers.
2023-04-19 02:32:28,899 [ContainerOp-efa6cb31-92b4-4224-b1a7-71ce5ac4cde1-7] INFO  keyvalue.KeyValueContainer (KeyValueContainer.java:flushAndSyncDB(446)) - Container 5 is synced with bcsId 17.
2023-04-19 02:32:28,899 [ContainerOp-efa6cb31-92b4-4224-b1a7-71ce5ac4cde1-7] INFO  keyvalue.KeyValueContainer (KeyValueContainer.java:flushAndSyncDB(446)) - Container 5 is synced with bcsId 17.
2023-04-19 02:32:28,900 [ContainerOp-efa6cb31-92b4-4224-b1a7-71ce5ac4cde1-7] INFO  keyvalue.KeyValueContainer (KeyValueContainer.java:close(361)) - Container 5 is closed with bcsId 17.
2023-04-19 02:32:28,902 [FixedThreadPoolWithAffinityExecutor-8-0] INFO  container.IncrementalContainerReportHandler (AbstractContainerReportHandler.java:updateContainerState(292)) - Moving container #5 to CLOSED state, datanode 14fab107-599d-4166-92e2-a49b96c274c4(fv-az127-56.h3uyzbqov44edfyrgkjongjtha.bx.internal.cloudapp.net/10.1.164.0) reported CLOSED replica.
2023-04-19 02:32:28,907 [ContainerOp-efa6cb31-92b4-4224-b1a7-71ce5ac4cde1-7] INFO  keyvalue.KeyValueContainer (KeyValueContainer.java:flushAndSyncDB(446)) - Container 5 is synced with bcsId 17.
2023-04-19 02:32:28,907 [ContainerOp-efa6cb31-92b4-4224-b1a7-71ce5ac4cde1-7] INFO  keyvalue.KeyValueContainer (KeyValueContainer.java:flushAndSyncDB(446)) - Container 5 is synced with bcsId 17.
2023-04-19 02:32:28,909 [ContainerOp-efa6cb31-92b4-4224-b1a7-71ce5ac4cde1-7] INFO  keyvalue.KeyValueContainer (KeyValueContainer.java:close(361)) - Container 5 is closed with bcsId 17.
2023-04-19 02:32:28,912 [ContainerOp-efa6cb31-92b4-4224-b1a7-71ce5ac4cde1-7] INFO  keyvalue.KeyValueContainer (KeyValueContainer.java:flushAndSyncDB(446)) - Container 5 is synced with bcsId 17.
2023-04-19 02:32:28,913 [ContainerOp-efa6cb31-92b4-4224-b1a7-71ce5ac4cde1-7] INFO  keyvalue.KeyValueContainer (KeyValueContainer.java:flushAndSyncDB(446)) - Container 5 is synced with bcsId 17.
2023-04-19 02:32:28,915 [ContainerOp-efa6cb31-92b4-4224-b1a7-71ce5ac4cde1-8] INFO  keyvalue.KeyValueContainer (KeyValueContainer.java:flushAndSyncDB(446)) - Container 9 is synced with bcsId 33.
2023-04-19 02:32:28,915 [ContainerOp-efa6cb31-92b4-4224-b1a7-71ce5ac4cde1-8] INFO  keyvalue.KeyValueContainer (KeyValueContainer.java:flushAndSyncDB(446)) - Container 9 is synced with bcsId 33.
2023-04-19 02:32:28,916 [ContainerOp-efa6cb31-92b4-4224-b1a7-71ce5ac4cde1-7] INFO  keyvalue.KeyValueContainer (KeyValueContainer.java:close(361)) - Container 5 is closed with bcsId 17.
2023-04-19 02:32:28,917 [ContainerOp-efa6cb31-92b4-4224-b1a7-71ce5ac4cde1-8] INFO  keyvalue.KeyValueContainer (KeyValueContainer.java:close(361)) - Container 9 is closed with bcsId 33.
2023-04-19 02:32:28,918 [FixedThreadPoolWithAffinityExecutor-8-0] INFO  container.IncrementalContainerReportHandler (AbstractContainerReportHandler.java:updateContainerState(292)) - Moving container #9 to CLOSED state, datanode 14fab107-599d-4166-92e2-a49b96c274c4(fv-az127-56.h3uyzbqov44edfyrgkjongjtha.bx.internal.cloudapp.net/10.1.164.0) reported CLOSED replica.
2023-04-19 02:32:28,921 [ContainerOp-efa6cb31-92b4-4224-b1a7-71ce5ac4cde1-8] INFO  keyvalue.KeyValueContainer (KeyValueContainer.java:flushAndSyncDB(446)) - Container 9 is synced with bcsId 33.
2023-04-19 02:32:28,921 [ContainerOp-efa6cb31-92b4-4224-b1a7-71ce5ac4cde1-8] INFO  keyvalue.KeyValueContainer (KeyValueContainer.java:flushAndSyncDB(446)) - Container 9 is synced with bcsId 33.
2023-04-19 02:32:28,922 [ContainerOp-efa6cb31-92b4-4224-b1a7-71ce5ac4cde1-8] INFO  keyvalue.KeyValueContainer (KeyValueContainer.java:close(361)) - Container 9 is closed with bcsId 33.
2023-04-19 02:32:28,926 [ContainerOp-efa6cb31-92b4-4224-b1a7-71ce5ac4cde1-8] INFO  keyvalue.KeyValueContainer (KeyValueContainer.java:flushAndSyncDB(446)) - Container 9 is synced with bcsId 33.
2023-04-19 02:32:28,926 [ContainerOp-efa6cb31-92b4-4224-b1a7-71ce5ac4cde1-8] INFO  keyvalue.KeyValueContainer (KeyValueContainer.java:flushAndSyncDB(446)) - Container 9 is synced with bcsId 33.
2023-04-19 02:32:28,928 [ContainerOp-efa6cb31-92b4-4224-b1a7-71ce5ac4cde1-8] INFO  keyvalue.KeyValueContainer (KeyValueContainer.java:close(361)) - Container 9 is closed with bcsId 33.
2023-04-19 02:32:28,931 [ContainerOp-efa6cb31-92b4-4224-b1a7-71ce5ac4cde1-9] INFO  keyvalue.KeyValueContainer (KeyValueContainer.java:flushAndSyncDB(446)) - Container 10 is synced with bcsId 37.
2023-04-19 02:32:28,931 [ContainerOp-efa6cb31-92b4-4224-b1a7-71ce5ac4cde1-9] INFO  keyvalue.KeyValueContainer (KeyValueContainer.java:flushAndSyncDB(446)) - Container 10 is synced with bcsId 37.
2023-04-19 02:32:28,933 [ContainerOp-efa6cb31-92b4-4224-b1a7-71ce5ac4cde1-9] INFO  keyvalue.KeyValueContainer (KeyValueContainer.java:flushAndSyncDB(446)) - Container 10 is synced with bcsId 37.
2023-04-19 02:32:28,933 [ContainerOp-efa6cb31-92b4-4224-b1a7-71ce5ac4cde1-9] INFO  keyvalue.KeyValueContainer (KeyValueContainer.java:flushAndSyncDB(446)) - Container 10 is synced with bcsId 37.
2023-04-19 02:32:28,934 [ContainerOp-efa6cb31-92b4-4224-b1a7-71ce5ac4cde1-9] INFO  keyvalue.KeyValueContainer (KeyValueContainer.java:flushAndSyncDB(446)) - Container 10 is synced with bcsId 37.
2023-04-19 02:32:28,934 [ContainerOp-efa6cb31-92b4-4224-b1a7-71ce5ac4cde1-9] INFO  keyvalue.KeyValueContainer (KeyValueContainer.java:flushAndSyncDB(446)) - Container 10 is synced with bcsId 37.
2023-04-19 02:32:28,936 [ContainerOp-efa6cb31-92b4-4224-b1a7-71ce5ac4cde1-9] INFO  keyvalue.KeyValueContainer (KeyValueContainer.java:close(361)) - Container 10 is closed with bcsId 37.
2023-04-19 02:32:28,936 [ContainerOp-efa6cb31-92b4-4224-b1a7-71ce5ac4cde1-9] INFO  keyvalue.KeyValueContainer (KeyValueContainer.java:close(361)) - Container 10 is closed with bcsId 37.
2023-04-19 02:32:28,936 [ContainerOp-efa6cb31-92b4-4224-b1a7-71ce5ac4cde1-9] INFO  keyvalue.KeyValueContainer (KeyValueContainer.java:close(361)) - Container 10 is closed with bcsId 37.
2023-04-19 02:32:28,937 [FixedThreadPoolWithAffinityExecutor-8-0] INFO  container.IncrementalContainerReportHandler (AbstractContainerReportHandler.java:updateContainerState(292)) - Moving container #10 to CLOSED state, datanode 14fab107-599d-4166-92e2-a49b96c274c4(fv-az127-56.h3uyzbqov44edfyrgkjongjtha.bx.internal.cloudapp.net/10.1.164.0) reported CLOSED replica.
2023-04-19 02:32:28,983 [SCMBlockDeletingService#0] DEBUG block.SCMBlockDeletingService (SCMBlockDeletingService.java:shouldRun(251)) - Check scm block delete run: true serviceStatus: RUNNING safemodeExitRunDelayMillis: 3000 alreadyWaitTimeInMillis: 4698
2023-04-19 02:32:28,983 [SCMBlockDeletingService#0] DEBUG block.SCMBlockDeletingService (SCMBlockDeletingService.java:call(154)) - Running DeletedBlockTransactionScanner
2023-04-19 02:32:28,983 [SCMBlockDeletingService#0] DEBUG block.SCMBlockDeletingService (DatanodeDeletedBlockTransactions.java:addTransactionToDN(50)) - Transaction added: 8050b7c4-5854-4456-9ff4-a8181b586109 <- TX(1)
2023-04-19 02:32:28,983 [SCMBlockDeletingService#0] DEBUG block.SCMBlockDeletingService (DatanodeDeletedBlockTransactions.java:addTransactionToDN(50)) - Transaction added: 209e8f7b-7310-4c05-bc4d-708a2d801edb <- TX(1)
2023-04-19 02:32:28,983 [SCMBlockDeletingService#0] DEBUG block.SCMBlockDeletingService (DatanodeDeletedBlockTransactions.java:addTransactionToDN(50)) - Transaction added: 14fab107-599d-4166-92e2-a49b96c274c4 <- TX(1)
2023-04-19 02:32:28,983 [SCMBlockDeletingService#0] DEBUG block.SCMBlockDeletingService (DatanodeDeletedBlockTransactions.java:addTransactionToDN(50)) - Transaction added: 14fab107-599d-4166-92e2-a49b96c274c4 <- TX(2)
2023-04-19 02:32:28,983 [SCMBlockDeletingService#0] DEBUG block.SCMBlockDeletingService (DatanodeDeletedBlockTransactions.java:addTransactionToDN(50)) - Transaction added: 209e8f7b-7310-4c05-bc4d-708a2d801edb <- TX(2)
2023-04-19 02:32:28,983 [SCMBlockDeletingService#0] DEBUG block.SCMBlockDeletingService (DatanodeDeletedBlockTransactions.java:addTransactionToDN(50)) - Transaction added: 8050b7c4-5854-4456-9ff4-a8181b586109 <- TX(2)
2023-04-19 02:32:28,984 [SCMBlockDeletingService#0] DEBUG block.SCMBlockDeletingService (DatanodeDeletedBlockTransactions.java:addTransactionToDN(50)) - Transaction added: 209e8f7b-7310-4c05-bc4d-708a2d801edb <- TX(3)
2023-04-19 02:32:28,984 [SCMBlockDeletingService#0] DEBUG block.SCMBlockDeletingService (DatanodeDeletedBlockTransactions.java:addTransactionToDN(50)) - Transaction added: 8050b7c4-5854-4456-9ff4-a8181b586109 <- TX(3)
2023-04-19 02:32:28,984 [SCMBlockDeletingService#0] DEBUG block.SCMBlockDeletingService (DatanodeDeletedBlockTransactions.java:addTransactionToDN(50)) - Transaction added: 14fab107-599d-4166-92e2-a49b96c274c4 <- TX(3)
2023-04-19 02:32:28,984 [SCMBlockDeletingService#0] DEBUG block.SCMBlockDeletingService (DatanodeDeletedBlockTransactions.java:addTransactionToDN(50)) - Transaction added: 14fab107-599d-4166-92e2-a49b96c274c4 <- TX(4)
2023-04-19 02:32:28,984 [SCMBlockDeletingService#0] DEBUG block.SCMBlockDeletingService (DatanodeDeletedBlockTransactions.java:addTransactionToDN(50)) - Transaction added: 209e8f7b-7310-4c05-bc4d-708a2d801edb <- TX(4)
2023-04-19 02:32:28,984 [SCMBlockDeletingService#0] DEBUG block.SCMBlockDeletingService (DatanodeDeletedBlockTransactions.java:addTransactionToDN(50)) - Transaction added: 8050b7c4-5854-4456-9ff4-a8181b586109 <- TX(4)
2023-04-19 02:32:28,984 [SCMBlockDeletingService#0] DEBUG block.SCMBlockDeletingService (DatanodeDeletedBlockTransactions.java:addTransactionToDN(50)) - Transaction added: 209e8f7b-7310-4c05-bc4d-708a2d801edb <- TX(5)
2023-04-19 02:32:28,984 [SCMBlockDeletingService#0] DEBUG block.SCMBlockDeletingService (DatanodeDeletedBlockTransactions.java:addTransactionToDN(50)) - Transaction added: 8050b7c4-5854-4456-9ff4-a8181b586109 <- TX(5)
2023-04-19 02:32:28,984 [SCMBlockDeletingService#0] DEBUG block.SCMBlockDeletingService (DatanodeDeletedBlockTransactions.java:addTransactionToDN(50)) - Transaction added: 14fab107-599d-4166-92e2-a49b96c274c4 <- TX(5)
2023-04-19 02:32:28,984 [SCMBlockDeletingService#0] DEBUG block.SCMBlockDeletingService (DatanodeDeletedBlockTransactions.java:addTransactionToDN(50)) - Transaction added: 14fab107-599d-4166-92e2-a49b96c274c4 <- TX(6)
2023-04-19 02:32:28,984 [SCMBlockDeletingService#0] DEBUG block.SCMBlockDeletingService (DatanodeDeletedBlockTransactions.java:addTransactionToDN(50)) - Transaction added: 8050b7c4-5854-4456-9ff4-a8181b586109 <- TX(6)
2023-04-19 02:32:28,984 [SCMBlockDeletingService#0] DEBUG block.SCMBlockDeletingService (DatanodeDeletedBlockTransactions.java:addTransactionToDN(50)) - Transaction added: 209e8f7b-7310-4c05-bc4d-708a2d801edb <- TX(6)
2023-04-19 02:32:28,984 [SCMBlockDeletingService#0] DEBUG block.SCMBlockDeletingService (DatanodeDeletedBlockTransactions.java:addTransactionToDN(50)) - Transaction added: 209e8f7b-7310-4c05-bc4d-708a2d801edb <- TX(7)
2023-04-19 02:32:28,984 [SCMBlockDeletingService#0] DEBUG block.SCMBlockDeletingService (DatanodeDeletedBlockTransactions.java:addTransactionToDN(50)) - Transaction added: 14fab107-599d-4166-92e2-a49b96c274c4 <- TX(7)
2023-04-19 02:32:28,984 [SCMBlockDeletingService#0] DEBUG block.SCMBlockDeletingService (DatanodeDeletedBlockTransactions.java:addTransactionToDN(50)) - Transaction added: 8050b7c4-5854-4456-9ff4-a8181b586109 <- TX(7)
2023-04-19 02:32:28,985 [SCMBlockDeletingService#0] DEBUG block.SCMBlockDeletingService (DatanodeDeletedBlockTransactions.java:addTransactionToDN(50)) - Transaction added: 14fab107-599d-4166-92e2-a49b96c274c4 <- TX(8)
2023-04-19 02:32:28,985 [SCMBlockDeletingService#0] DEBUG block.SCMBlockDeletingService (DatanodeDeletedBlockTransactions.java:addTransactionToDN(50)) - Transaction added: 8050b7c4-5854-4456-9ff4-a8181b586109 <- TX(8)
2023-04-19 02:32:28,985 [SCMBlockDeletingService#0] DEBUG block.SCMBlockDeletingService (DatanodeDeletedBlockTransactions.java:addTransactionToDN(50)) - Transaction added: 209e8f7b-7310-4c05-bc4d-708a2d801edb <- TX(8)
2023-04-19 02:32:28,985 [SCMBlockDeletingService#0] DEBUG block.SCMBlockDeletingService (DatanodeDeletedBlockTransactions.java:addTransactionToDN(50)) - Transaction added: 209e8f7b-7310-4c05-bc4d-708a2d801edb <- TX(9)
2023-04-19 02:32:28,985 [SCMBlockDeletingService#0] DEBUG block.SCMBlockDeletingService (DatanodeDeletedBlockTransactions.java:addTransactionToDN(50)) - Transaction added: 14fab107-599d-4166-92e2-a49b96c274c4 <- TX(9)
2023-04-19 02:32:28,985 [SCMBlockDeletingService#0] DEBUG block.SCMBlockDeletingService (DatanodeDeletedBlockTransactions.java:addTransactionToDN(50)) - Transaction added: 8050b7c4-5854-4456-9ff4-a8181b586109 <- TX(9)
2023-04-19 02:32:28,985 [SCMBlockDeletingService#0] DEBUG block.SCMBlockDeletingService (DatanodeDeletedBlockTransactions.java:addTransactionToDN(50)) - Transaction added: 209e8f7b-7310-4c05-bc4d-708a2d801edb <- TX(10)
2023-04-19 02:32:28,985 [SCMBlockDeletingService#0] DEBUG block.SCMBlockDeletingService (DatanodeDeletedBlockTransactions.java:addTransactionToDN(50)) - Transaction added: 8050b7c4-5854-4456-9ff4-a8181b586109 <- TX(10)
2023-04-19 02:32:28,985 [SCMBlockDeletingService#0] DEBUG block.SCMBlockDeletingService (DatanodeDeletedBlockTransactions.java:addTransactionToDN(50)) - Transaction added: 14fab107-599d-4166-92e2-a49b96c274c4 <- TX(10)
2023-04-19 02:32:28,985 [SCMBlockDeletingService#0] DEBUG block.SCMBlockDeletingService (SCMBlockDeletingService.java:call(189)) - Added delete block command for datanode 14fab107-599d-4166-92e2-a49b96c274c4 in the queue, number of delete block transactions: 10
2023-04-19 02:32:28,985 [SCMBlockDeletingService#0] DEBUG block.SCMBlockDeletingService (SCMBlockDeletingService.java:call(189)) - Added delete block command for datanode 8050b7c4-5854-4456-9ff4-a8181b586109 in the queue, number of delete block transactions: 10
2023-04-19 02:32:28,985 [SCMBlockDeletingService#0] DEBUG block.SCMBlockDeletingService (SCMBlockDeletingService.java:call(189)) - Added delete block command for datanode 209e8f7b-7310-4c05-bc4d-708a2d801edb in the queue, number of delete block transactions: 10
2023-04-19 02:32:28,985 [SCMBlockDeletingService#0] INFO  block.SCMBlockDeletingService (SCMBlockDeletingService.java:call(198)) - Totally added 30 blocks to be deleted for 3 datanodes, task elapsed time: 3ms
2023-04-19 02:32:28,992 [BlockDeletingService#7] INFO  interfaces.ContainerDeletionChoosingPolicyTemplate (ContainerDeletionChoosingPolicyTemplate.java:chooseContainerForBlockDeletion(83)) - Chosen 0/5000 blocks from 0 candidate containers.
2023-04-19 02:32:28,993 [BlockDeletingService#2] INFO  interfaces.ContainerDeletionChoosingPolicyTemplate (ContainerDeletionChoosingPolicyTemplate.java:chooseContainerForBlockDeletion(83)) - Chosen 0/5000 blocks from 0 candidate containers.
2023-04-19 02:32:28,993 [BlockDeletingService#2] INFO  interfaces.ContainerDeletionChoosingPolicyTemplate (ContainerDeletionChoosingPolicyTemplate.java:chooseContainerForBlockDeletion(83)) - Chosen 0/5000 blocks from 0 candidate containers.
2023-04-19 02:32:29,083 [SCMBlockDeletingService#0] DEBUG block.SCMBlockDeletingService (SCMBlockDeletingService.java:shouldRun(251)) - Check scm block delete run: true serviceStatus: RUNNING safemodeExitRunDelayMillis: 3000 alreadyWaitTimeInMillis: 4798
2023-04-19 02:32:29,083 [SCMBlockDeletingService#0] DEBUG block.SCMBlockDeletingService (SCMBlockDeletingService.java:call(154)) - Running DeletedBlockTransactionScanner
2023-04-19 02:32:29,092 [BlockDeletingService#7] INFO  interfaces.ContainerDeletionChoosingPolicyTemplate (ContainerDeletionChoosingPolicyTemplate.java:chooseContainerForBlockDeletion(83)) - Chosen 0/5000 blocks from 0 candidate containers.
2023-04-19 02:32:29,093 [BlockDeletingService#2] INFO  interfaces.ContainerDeletionChoosingPolicyTemplate (ContainerDeletionChoosingPolicyTemplate.java:chooseContainerForBlockDeletion(83)) - Chosen 0/5000 blocks from 0 candidate containers.
2023-04-19 02:32:29,094 [BlockDeletingService#2] INFO  interfaces.ContainerDeletionChoosingPolicyTemplate (ContainerDeletionChoosingPolicyTemplate.java:chooseContainerForBlockDeletion(83)) - Chosen 0/5000 blocks from 0 candidate containers.
2023-04-19 02:32:29,183 [SCMBlockDeletingService#0] DEBUG block.SCMBlockDeletingService (SCMBlockDeletingService.java:shouldRun(251)) - Check scm block delete run: true serviceStatus: RUNNING safemodeExitRunDelayMillis: 3000 alreadyWaitTimeInMillis: 4898
2023-04-19 02:32:29,183 [SCMBlockDeletingService#0] DEBUG block.SCMBlockDeletingService (SCMBlockDeletingService.java:call(154)) - Running DeletedBlockTransactionScanner
2023-04-19 02:32:29,183 [SCMBlockDeletingService#0] DEBUG block.SCMBlockDeletingService (DatanodeDeletedBlockTransactions.java:addTransactionToDN(50)) - Transaction added: 8050b7c4-5854-4456-9ff4-a8181b586109 <- TX(1)
2023-04-19 02:32:29,183 [SCMBlockDeletingService#0] DEBUG block.SCMBlockDeletingService (DatanodeDeletedBlockTransactions.java:addTransactionToDN(50)) - Transaction added: 209e8f7b-7310-4c05-bc4d-708a2d801edb <- TX(1)
2023-04-19 02:32:29,183 [SCMBlockDeletingService#0] DEBUG block.SCMBlockDeletingService (DatanodeDeletedBlockTransactions.java:addTransactionToDN(50)) - Transaction added: 14fab107-599d-4166-92e2-a49b96c274c4 <- TX(1)
2023-04-19 02:32:29,184 [SCMBlockDeletingService#0] DEBUG block.SCMBlockDeletingService (DatanodeDeletedBlockTransactions.java:addTransactionToDN(50)) - Transaction added: 14fab107-599d-4166-92e2-a49b96c274c4 <- TX(2)
2023-04-19 02:32:29,184 [SCMBlockDeletingService#0] DEBUG block.SCMBlockDeletingService (DatanodeDeletedBlockTransactions.java:addTransactionToDN(50)) - Transaction added: 8050b7c4-5854-4456-9ff4-a8181b586109 <- TX(2)
2023-04-19 02:32:29,184 [SCMBlockDeletingService#0] DEBUG block.SCMBlockDeletingService (DatanodeDeletedBlockTransactions.java:addTransactionToDN(50)) - Transaction added: 209e8f7b-7310-4c05-bc4d-708a2d801edb <- TX(2)
2023-04-19 02:32:29,184 [SCMBlockDeletingService#0] DEBUG block.SCMBlockDeletingService (DatanodeDeletedBlockTransactions.java:addTransactionToDN(50)) - Transaction added: 8050b7c4-5854-4456-9ff4-a8181b586109 <- TX(3)
2023-04-19 02:32:29,184 [SCMBlockDeletingService#0] DEBUG block.SCMBlockDeletingService (DatanodeDeletedBlockTransactions.java:addTransactionToDN(50)) - Transaction added: 209e8f7b-7310-4c05-bc4d-708a2d801edb <- TX(3)
2023-04-19 02:32:29,184 [SCMBlockDeletingService#0] DEBUG block.SCMBlockDeletingService (DatanodeDeletedBlockTransactions.java:addTransactionToDN(50)) - Transaction added: 14fab107-599d-4166-92e2-a49b96c274c4 <- TX(3)
2023-04-19 02:32:29,185 [SCMBlockDeletingService#0] DEBUG block.SCMBlockDeletingService (DatanodeDeletedBlockTransactions.java:addTransactionToDN(50)) - Transaction added: 14fab107-599d-4166-92e2-a49b96c274c4 <- TX(4)
2023-04-19 02:32:29,185 [SCMBlockDeletingService#0] DEBUG block.SCMBlockDeletingService (DatanodeDeletedBlockTransactions.java:addTransactionToDN(50)) - Transaction added: 8050b7c4-5854-4456-9ff4-a8181b586109 <- TX(4)
2023-04-19 02:32:29,185 [SCMBlockDeletingService#0] DEBUG block.SCMBlockDeletingService (DatanodeDeletedBlockTransactions.java:addTransactionToDN(50)) - Transaction added: 209e8f7b-7310-4c05-bc4d-708a2d801edb <- TX(4)
2023-04-19 02:32:29,185 [SCMBlockDeletingService#0] DEBUG block.SCMBlockDeletingService (DatanodeDeletedBlockTransactions.java:addTransactionToDN(50)) - Transaction added: 8050b7c4-5854-4456-9ff4-a8181b586109 <- TX(5)
2023-04-19 02:32:29,185 [SCMBlockDeletingService#0] DEBUG block.SCMBlockDeletingService (DatanodeDeletedBlockTransactions.java:addTransactionToDN(50)) - Transaction added: 209e8f7b-7310-4c05-bc4d-708a2d801edb <- TX(5)
2023-04-19 02:32:29,185 [SCMBlockDeletingService#0] DEBUG block.SCMBlockDeletingService (DatanodeDeletedBlockTransactions.java:addTransactionToDN(50)) - Transaction added: 14fab107-599d-4166-92e2-a49b96c274c4 <- TX(5)
2023-04-19 02:32:29,185 [SCMBlockDeletingService#0] DEBUG block.SCMBlockDeletingService (DatanodeDeletedBlockTransactions.java:addTransactionToDN(50)) - Transaction added: 14fab107-599d-4166-92e2-a49b96c274c4 <- TX(6)
2023-04-19 02:32:29,185 [SCMBlockDeletingService#0] DEBUG block.SCMBlockDeletingService (DatanodeDeletedBlockTransactions.java:addTransactionToDN(50)) - Transaction added: 8050b7c4-5854-4456-9ff4-a8181b586109 <- TX(6)
2023-04-19 02:32:29,185 [SCMBlockDeletingService#0] DEBUG block.SCMBlockDeletingService (DatanodeDeletedBlockTransactions.java:addTransactionToDN(50)) - Transaction added: 209e8f7b-7310-4c05-bc4d-708a2d801edb <- TX(6)
2023-04-19 02:32:29,185 [SCMBlockDeletingService#0] DEBUG block.SCMBlockDeletingService (DatanodeDeletedBlockTransactions.java:addTransactionToDN(50)) - Transaction added: 209e8f7b-7310-4c05-bc4d-708a2d801edb <- TX(7)
2023-04-19 02:32:29,185 [SCMBlockDeletingService#0] DEBUG block.SCMBlockDeletingService (DatanodeDeletedBlockTransactions.java:addTransactionToDN(50)) - Transaction added: 14fab107-599d-4166-92e2-a49b96c274c4 <- TX(7)
2023-04-19 02:32:29,186 [SCMBlockDeletingService#0] DEBUG block.SCMBlockDeletingService (DatanodeDeletedBlockTransactions.java:addTransactionToDN(50)) - Transaction added: 8050b7c4-5854-4456-9ff4-a8181b586109 <- TX(7)
2023-04-19 02:32:29,186 [SCMBlockDeletingService#0] DEBUG block.SCMBlockDeletingService (DatanodeDeletedBlockTransactions.java:addTransactionToDN(50)) - Transaction added: 14fab107-599d-4166-92e2-a49b96c274c4 <- TX(8)
2023-04-19 02:32:29,186 [SCMBlockDeletingService#0] DEBUG block.SCMBlockDeletingService (DatanodeDeletedBlockTransactions.java:addTransactionToDN(50)) - Transaction added: 8050b7c4-5854-4456-9ff4-a8181b586109 <- TX(8)
2023-04-19 02:32:29,186 [SCMBlockDeletingService#0] DEBUG block.SCMBlockDeletingService (DatanodeDeletedBlockTransactions.java:addTransactionToDN(50)) - Transaction added: 209e8f7b-7310-4c05-bc4d-708a2d801edb <- TX(8)
2023-04-19 02:32:29,186 [SCMBlockDeletingService#0] DEBUG block.SCMBlockDeletingService (DatanodeDeletedBlockTransactions.java:addTransactionToDN(50)) - Transaction added: 209e8f7b-7310-4c05-bc4d-708a2d801edb <- TX(9)
2023-04-19 02:32:29,186 [SCMBlockDeletingService#0] DEBUG block.SCMBlockDeletingService (DatanodeDeletedBlockTransactions.java:addTransactionToDN(50)) - Transaction added: 14fab107-599d-4166-92e2-a49b96c274c4 <- TX(9)
2023-04-19 02:32:29,186 [SCMBlockDeletingService#0] DEBUG block.SCMBlockDeletingService (DatanodeDeletedBlockTransactions.java:addTransactionToDN(50)) - Transaction added: 8050b7c4-5854-4456-9ff4-a8181b586109 <- TX(9)
2023-04-19 02:32:29,186 [SCMBlockDeletingService#0] DEBUG block.SCMBlockDeletingService (DatanodeDeletedBlockTransactions.java:addTransactionToDN(50)) - Transaction added: 8050b7c4-5854-4456-9ff4-a8181b586109 <- TX(10)
2023-04-19 02:32:29,186 [SCMBlockDeletingService#0] DEBUG block.SCMBlockDeletingService (DatanodeDeletedBlockTransactions.java:addTransactionToDN(50)) - Transaction added: 209e8f7b-7310-4c05-bc4d-708a2d801edb <- TX(10)
2023-04-19 02:32:29,186 [SCMBlockDeletingService#0] DEBUG block.SCMBlockDeletingService (DatanodeDeletedBlockTransactions.java:addTransactionToDN(50)) - Transaction added: 14fab107-599d-4166-92e2-a49b96c274c4 <- TX(10)
2023-04-19 02:32:29,186 [SCMBlockDeletingService#0] DEBUG block.SCMBlockDeletingService (SCMBlockDeletingService.java:call(189)) - Added delete block command for datanode 14fab107-599d-4166-92e2-a49b96c274c4 in the queue, number of delete block transactions: 10
2023-04-19 02:32:29,186 [SCMBlockDeletingService#0] DEBUG block.SCMBlockDeletingService (SCMBlockDeletingService.java:call(189)) - Added delete block command for datanode 8050b7c4-5854-4456-9ff4-a8181b586109 in the queue, number of delete block transactions: 10
2023-04-19 02:32:29,186 [SCMBlockDeletingService#0] DEBUG block.SCMBlockDeletingService (SCMBlockDeletingService.java:call(189)) - Added delete block command for datanode 209e8f7b-7310-4c05-bc4d-708a2d801edb in the queue, number of delete block transactions: 10
2023-04-19 02:32:29,186 [SCMBlockDeletingService#0] INFO  block.SCMBlockDeletingService (SCMBlockDeletingService.java:call(198)) - Totally added 30 blocks to be deleted for 3 datanodes, task elapsed time: 4ms
2023-04-19 02:32:29,193 [BlockDeletingService#7] INFO  interfaces.ContainerDeletionChoosingPolicyTemplate (ContainerDeletionChoosingPolicyTemplate.java:chooseContainerForBlockDeletion(83)) - Chosen 0/5000 blocks from 0 candidate containers.
2023-04-19 02:32:29,194 [BlockDeletingService#2] INFO  interfaces.ContainerDeletionChoosingPolicyTemplate (ContainerDeletionChoosingPolicyTemplate.java:chooseContainerForBlockDeletion(83)) - Chosen 0/5000 blocks from 0 candidate containers.
2023-04-19 02:32:29,194 [BlockDeletingService#2] INFO  interfaces.ContainerDeletionChoosingPolicyTemplate (ContainerDeletionChoosingPolicyTemplate.java:chooseContainerForBlockDeletion(83)) - Chosen 0/5000 blocks from 0 candidate containers.
2023-04-19 02:32:29,283 [SCMBlockDeletingService#0] DEBUG block.SCMBlockDeletingService (SCMBlockDeletingService.java:shouldRun(251)) - Check scm block delete run: true serviceStatus: RUNNING safemodeExitRunDelayMillis: 3000 alreadyWaitTimeInMillis: 4998
2023-04-19 02:32:29,283 [SCMBlockDeletingService#0] DEBUG block.SCMBlockDeletingService (SCMBlockDeletingService.java:call(154)) - Running DeletedBlockTransactionScanner
2023-04-19 02:32:29,293 [BlockDeletingService#7] INFO  interfaces.ContainerDeletionChoosingPolicyTemplate (ContainerDeletionChoosingPolicyTemplate.java:chooseContainerForBlockDeletion(83)) - Chosen 0/5000 blocks from 0 candidate containers.
2023-04-19 02:32:29,294 [BlockDeletingService#2] INFO  interfaces.ContainerDeletionChoosingPolicyTemplate (ContainerDeletionChoosingPolicyTemplate.java:chooseContainerForBlockDeletion(83)) - Chosen 0/5000 blocks from 0 candidate containers.
2023-04-19 02:32:29,294 [BlockDeletingService#2] INFO  interfaces.ContainerDeletionChoosingPolicyTemplate (ContainerDeletionChoosingPolicyTemplate.java:chooseContainerForBlockDeletion(83)) - Chosen 0/5000 blocks from 0 candidate containers.
2023-04-19 02:32:29,383 [SCMBlockDeletingService#0] DEBUG block.SCMBlockDeletingService (SCMBlockDeletingService.java:shouldRun(251)) - Check scm block delete run: true serviceStatus: RUNNING safemodeExitRunDelayMillis: 3000 alreadyWaitTimeInMillis: 5098
2023-04-19 02:32:29,383 [SCMBlockDeletingService#0] DEBUG block.SCMBlockDeletingService (SCMBlockDeletingService.java:call(154)) - Running DeletedBlockTransactionScanner
2023-04-19 02:32:29,384 [SCMBlockDeletingService#0] DEBUG block.SCMBlockDeletingService (DatanodeDeletedBlockTransactions.java:addTransactionToDN(50)) - Transaction added: 8050b7c4-5854-4456-9ff4-a8181b586109 <- TX(1)
2023-04-19 02:32:29,384 [SCMBlockDeletingService#0] DEBUG block.SCMBlockDeletingService (DatanodeDeletedBlockTransactions.java:addTransactionToDN(50)) - Transaction added: 209e8f7b-7310-4c05-bc4d-708a2d801edb <- TX(1)
2023-04-19 02:32:29,384 [SCMBlockDeletingService#0] DEBUG block.SCMBlockDeletingService (DatanodeDeletedBlockTransactions.java:addTransactionToDN(50)) - Transaction added: 14fab107-599d-4166-92e2-a49b96c274c4 <- TX(1)
2023-04-19 02:32:29,384 [SCMBlockDeletingService#0] DEBUG block.SCMBlockDeletingService (DatanodeDeletedBlockTransactions.java:addTransactionToDN(50)) - Transaction added: 14fab107-599d-4166-92e2-a49b96c274c4 <- TX(2)
2023-04-19 02:32:29,384 [SCMBlockDeletingService#0] DEBUG block.SCMBlockDeletingService (DatanodeDeletedBlockTransactions.java:addTransactionToDN(50)) - Transaction added: 209e8f7b-7310-4c05-bc4d-708a2d801edb <- TX(2)
2023-04-19 02:32:29,384 [SCMBlockDeletingService#0] DEBUG block.SCMBlockDeletingService (DatanodeDeletedBlockTransactions.java:addTransactionToDN(50)) - Transaction added: 8050b7c4-5854-4456-9ff4-a8181b586109 <- TX(2)
2023-04-19 02:32:29,384 [SCMBlockDeletingService#0] DEBUG block.SCMBlockDeletingService (DatanodeDeletedBlockTransactions.java:addTransactionToDN(50)) - Transaction added: 209e8f7b-7310-4c05-bc4d-708a2d801edb <- TX(3)
2023-04-19 02:32:29,384 [SCMBlockDeletingService#0] DEBUG block.SCMBlockDeletingService (DatanodeDeletedBlockTransactions.java:addTransactionToDN(50)) - Transaction added: 8050b7c4-5854-4456-9ff4-a8181b586109 <- TX(3)
2023-04-19 02:32:29,384 [SCMBlockDeletingService#0] DEBUG block.SCMBlockDeletingService (DatanodeDeletedBlockTransactions.java:addTransactionToDN(50)) - Transaction added: 14fab107-599d-4166-92e2-a49b96c274c4 <- TX(3)
2023-04-19 02:32:29,384 [SCMBlockDeletingService#0] DEBUG block.SCMBlockDeletingService (DatanodeDeletedBlockTransactions.java:addTransactionToDN(50)) - Transaction added: 14fab107-599d-4166-92e2-a49b96c274c4 <- TX(4)
2023-04-19 02:32:29,384 [SCMBlockDeletingService#0] DEBUG block.SCMBlockDeletingService (DatanodeDeletedBlockTransactions.java:addTransactionToDN(50)) - Transaction added: 209e8f7b-7310-4c05-bc4d-708a2d801edb <- TX(4)
2023-04-19 02:32:29,384 [SCMBlockDeletingService#0] DEBUG block.SCMBlockDeletingService (DatanodeDeletedBlockTransactions.java:addTransactionToDN(50)) - Transaction added: 8050b7c4-5854-4456-9ff4-a8181b586109 <- TX(4)
2023-04-19 02:32:29,384 [SCMBlockDeletingService#0] DEBUG block.SCMBlockDeletingService (DatanodeDeletedBlockTransactions.java:addTransactionToDN(50)) - Transaction added: 209e8f7b-7310-4c05-bc4d-708a2d801edb <- TX(5)
2023-04-19 02:32:29,385 [SCMBlockDeletingService#0] DEBUG block.SCMBlockDeletingService (DatanodeDeletedBlockTransactions.java:addTransactionToDN(50)) - Transaction added: 8050b7c4-5854-4456-9ff4-a8181b586109 <- TX(5)
2023-04-19 02:32:29,385 [SCMBlockDeletingService#0] DEBUG block.SCMBlockDeletingService (DatanodeDeletedBlockTransactions.java:addTransactionToDN(50)) - Transaction added: 14fab107-599d-4166-92e2-a49b96c274c4 <- TX(5)
2023-04-19 02:32:29,385 [SCMBlockDeletingService#0] DEBUG block.SCMBlockDeletingService (DatanodeDeletedBlockTransactions.java:addTransactionToDN(50)) - Transaction added: 14fab107-599d-4166-92e2-a49b96c274c4 <- TX(6)
2023-04-19 02:32:29,385 [SCMBlockDeletingService#0] DEBUG block.SCMBlockDeletingService (DatanodeDeletedBlockTransactions.java:addTransactionToDN(50)) - Transaction added: 8050b7c4-5854-4456-9ff4-a8181b586109 <- TX(6)
2023-04-19 02:32:29,385 [SCMBlockDeletingService#0] DEBUG block.SCMBlockDeletingService (DatanodeDeletedBlockTransactions.java:addTransactionToDN(50)) - Transaction added: 209e8f7b-7310-4c05-bc4d-708a2d801edb <- TX(6)
2023-04-19 02:32:29,385 [SCMBlockDeletingService#0] DEBUG block.SCMBlockDeletingService (DatanodeDeletedBlockTransactions.java:addTransactionToDN(50)) - Transaction added: 209e8f7b-7310-4c05-bc4d-708a2d801edb <- TX(7)
2023-04-19 02:32:29,385 [SCMBlockDeletingService#0] DEBUG block.SCMBlockDeletingService (DatanodeDeletedBlockTransactions.java:addTransactionToDN(50)) - Transaction added: 14fab107-599d-4166-92e2-a49b96c274c4 <- TX(7)
2023-04-19 02:32:29,385 [SCMBlockDeletingService#0] DEBUG block.SCMBlockDeletingService (DatanodeDeletedBlockTransactions.java:addTransactionToDN(50)) - Transaction added: 8050b7c4-5854-4456-9ff4-a8181b586109 <- TX(7)
2023-04-19 02:32:29,385 [SCMBlockDeletingService#0] DEBUG block.SCMBlockDeletingService (DatanodeDeletedBlockTransactions.java:addTransactionToDN(50)) - Transaction added: 14fab107-599d-4166-92e2-a49b96c274c4 <- TX(8)
2023-04-19 02:32:29,385 [SCMBlockDeletingService#0] DEBUG block.SCMBlockDeletingService (DatanodeDeletedBlockTransactions.java:addTransactionToDN(50)) - Transaction added: 8050b7c4-5854-4456-9ff4-a8181b586109 <- TX(8)
2023-04-19 02:32:29,385 [SCMBlockDeletingService#0] DEBUG block.SCMBlockDeletingService (DatanodeDeletedBlockTransactions.java:addTransactionToDN(50)) - Transaction added: 209e8f7b-7310-4c05-bc4d-708a2d801edb <- TX(8)
2023-04-19 02:32:29,385 [SCMBlockDeletingService#0] DEBUG block.SCMBlockDeletingService (DatanodeDeletedBlockTransactions.java:addTransactionToDN(50)) - Transaction added: 209e8f7b-7310-4c05-bc4d-708a2d801edb <- TX(9)
2023-04-19 02:32:29,385 [SCMBlockDeletingService#0] DEBUG block.SCMBlockDeletingService (DatanodeDeletedBlockTransactions.java:addTransactionToDN(50)) - Transaction added: 14fab107-599d-4166-92e2-a49b96c274c4 <- TX(9)
2023-04-19 02:32:29,385 [SCMBlockDeletingService#0] DEBUG block.SCMBlockDeletingService (DatanodeDeletedBlockTransactions.java:addTransactionToDN(50)) - Transaction added: 8050b7c4-5854-4456-9ff4-a8181b586109 <- TX(9)
2023-04-19 02:32:29,385 [SCMBlockDeletingService#0] DEBUG block.SCMBlockDeletingService (DatanodeDeletedBlockTransactions.java:addTransactionToDN(50)) - Transaction added: 8050b7c4-5854-4456-9ff4-a8181b586109 <- TX(10)
2023-04-19 02:32:29,385 [SCMBlockDeletingService#0] DEBUG block.SCMBlockDeletingService (DatanodeDeletedBlockTransactions.java:addTransactionToDN(50)) - Transaction added: 209e8f7b-7310-4c05-bc4d-708a2d801edb <- TX(10)
2023-04-19 02:32:29,385 [SCMBlockDeletingService#0] DEBUG block.SCMBlockDeletingService (DatanodeDeletedBlockTransactions.java:addTransactionToDN(50)) - Transaction added: 14fab107-599d-4166-92e2-a49b96c274c4 <- TX(10)
2023-04-19 02:32:29,386 [SCMBlockDeletingService#0] DEBUG block.SCMBlockDeletingService (SCMBlockDeletingService.java:call(189)) - Added delete block command for datanode 14fab107-599d-4166-92e2-a49b96c274c4 in the queue, number of delete block transactions: 10
2023-04-19 02:32:29,386 [SCMBlockDeletingService#0] DEBUG block.SCMBlockDeletingService (SCMBlockDeletingService.java:call(189)) - Added delete block command for datanode 8050b7c4-5854-4456-9ff4-a8181b586109 in the queue, number of delete block transactions: 10
2023-04-19 02:32:29,386 [SCMBlockDeletingService#0] DEBUG block.SCMBlockDeletingService (SCMBlockDeletingService.java:call(189)) - Added delete block command for datanode 209e8f7b-7310-4c05-bc4d-708a2d801edb in the queue, number of delete block transactions: 10
2023-04-19 02:32:29,386 [SCMBlockDeletingService#0] INFO  block.SCMBlockDeletingService (SCMBlockDeletingService.java:call(198)) - Totally added 30 blocks to be deleted for 3 datanodes, task elapsed time: 2ms
2023-04-19 02:32:29,393 [BlockDeletingService#7] INFO  interfaces.ContainerDeletionChoosingPolicyTemplate (ContainerDeletionChoosingPolicyTemplate.java:chooseContainerForBlockDeletion(83)) - Chosen 0/5000 blocks from 0 candidate containers.
2023-04-19 02:32:29,394 [BlockDeletingService#2] INFO  interfaces.ContainerDeletionChoosingPolicyTemplate (ContainerDeletionChoosingPolicyTemplate.java:chooseContainerForBlockDeletion(83)) - Chosen 0/5000 blocks from 0 candidate containers.
2023-04-19 02:32:29,395 [BlockDeletingService#2] INFO  interfaces.ContainerDeletionChoosingPolicyTemplate (ContainerDeletionChoosingPolicyTemplate.java:chooseContainerForBlockDeletion(83)) - Chosen 0/5000 blocks from 0 candidate containers.
2023-04-19 02:32:29,483 [SCMBlockDeletingService#0] DEBUG block.SCMBlockDeletingService (SCMBlockDeletingService.java:shouldRun(251)) - Check scm block delete run: true serviceStatus: RUNNING safemodeExitRunDelayMillis: 3000 alreadyWaitTimeInMillis: 5198
2023-04-19 02:32:29,483 [SCMBlockDeletingService#0] DEBUG block.SCMBlockDeletingService (SCMBlockDeletingService.java:call(154)) - Running DeletedBlockTransactionScanner
2023-04-19 02:32:29,494 [BlockDeletingService#7] INFO  interfaces.ContainerDeletionChoosingPolicyTemplate (ContainerDeletionChoosingPolicyTemplate.java:chooseContainerForBlockDeletion(83)) - Chosen 0/5000 blocks from 0 candidate containers.
2023-04-19 02:32:29,495 [BlockDeletingService#2] INFO  interfaces.ContainerDeletionChoosingPolicyTemplate (ContainerDeletionChoosingPolicyTemplate.java:chooseContainerForBlockDeletion(83)) - Chosen 0/5000 blocks from 0 candidate containers.
2023-04-19 02:32:29,495 [BlockDeletingService#2] INFO  interfaces.ContainerDeletionChoosingPolicyTemplate (ContainerDeletionChoosingPolicyTemplate.java:chooseContainerForBlockDeletion(83)) - Chosen 0/5000 blocks from 0 candidate containers.
2023-04-19 02:32:29,583 [SCMBlockDeletingService#0] DEBUG block.SCMBlockDeletingService (SCMBlockDeletingService.java:shouldRun(251)) - Check scm block delete run: true serviceStatus: RUNNING safemodeExitRunDelayMillis: 3000 alreadyWaitTimeInMillis: 5298
2023-04-19 02:32:29,583 [SCMBlockDeletingService#0] DEBUG block.SCMBlockDeletingService (SCMBlockDeletingService.java:call(154)) - Running DeletedBlockTransactionScanner
2023-04-19 02:32:29,584 [SCMBlockDeletingService#0] DEBUG block.SCMBlockDeletingService (DatanodeDeletedBlockTransactions.java:addTransactionToDN(50)) - Transaction added: 8050b7c4-5854-4456-9ff4-a8181b586109 <- TX(1)
2023-04-19 02:32:29,584 [SCMBlockDeletingService#0] DEBUG block.SCMBlockDeletingService (DatanodeDeletedBlockTransactions.java:addTransactionToDN(50)) - Transaction added: 209e8f7b-7310-4c05-bc4d-708a2d801edb <- TX(1)
2023-04-19 02:32:29,584 [SCMBlockDeletingService#0] DEBUG block.SCMBlockDeletingService (DatanodeDeletedBlockTransactions.java:addTransactionToDN(50)) - Transaction added: 14fab107-599d-4166-92e2-a49b96c274c4 <- TX(1)
2023-04-19 02:32:29,584 [SCMBlockDeletingService#0] DEBUG block.SCMBlockDeletingService (DatanodeDeletedBlockTransactions.java:addTransactionToDN(50)) - Transaction added: 14fab107-599d-4166-92e2-a49b96c274c4 <- TX(2)
2023-04-19 02:32:29,584 [SCMBlockDeletingService#0] DEBUG block.SCMBlockDeletingService (DatanodeDeletedBlockTransactions.java:addTransactionToDN(50)) - Transaction added: 209e8f7b-7310-4c05-bc4d-708a2d801edb <- TX(2)
2023-04-19 02:32:29,584 [SCMBlockDeletingService#0] DEBUG block.SCMBlockDeletingService (DatanodeDeletedBlockTransactions.java:addTransactionToDN(50)) - Transaction added: 8050b7c4-5854-4456-9ff4-a8181b586109 <- TX(2)
2023-04-19 02:32:29,584 [SCMBlockDeletingService#0] DEBUG block.SCMBlockDeletingService (DatanodeDeletedBlockTransactions.java:addTransactionToDN(50)) - Transaction added: 209e8f7b-7310-4c05-bc4d-708a2d801edb <- TX(3)
2023-04-19 02:32:29,584 [SCMBlockDeletingService#0] DEBUG block.SCMBlockDeletingService (DatanodeDeletedBlockTransactions.java:addTransactionToDN(50)) - Transaction added: 8050b7c4-5854-4456-9ff4-a8181b586109 <- TX(3)
2023-04-19 02:32:29,584 [SCMBlockDeletingService#0] DEBUG block.SCMBlockDeletingService (DatanodeDeletedBlockTransactions.java:addTransactionToDN(50)) - Transaction added: 14fab107-599d-4166-92e2-a49b96c274c4 <- TX(3)
2023-04-19 02:32:29,584 [SCMBlockDeletingService#0] DEBUG block.SCMBlockDeletingService (DatanodeDeletedBlockTransactions.java:addTransactionToDN(50)) - Transaction added: 14fab107-599d-4166-92e2-a49b96c274c4 <- TX(4)
2023-04-19 02:32:29,584 [SCMBlockDeletingService#0] DEBUG block.SCMBlockDeletingService (DatanodeDeletedBlockTransactions.java:addTransactionToDN(50)) - Transaction added: 209e8f7b-7310-4c05-bc4d-708a2d801edb <- TX(4)
2023-04-19 02:32:29,584 [SCMBlockDeletingService#0] DEBUG block.SCMBlockDeletingService (DatanodeDeletedBlockTransactions.java:addTransactionToDN(50)) - Transaction added: 8050b7c4-5854-4456-9ff4-a8181b586109 <- TX(4)
2023-04-19 02:32:29,585 [SCMBlockDeletingService#0] DEBUG block.SCMBlockDeletingService (DatanodeDeletedBlockTransactions.java:addTransactionToDN(50)) - Transaction added: 209e8f7b-7310-4c05-bc4d-708a2d801edb <- TX(5)
2023-04-19 02:32:29,585 [SCMBlockDeletingService#0] DEBUG block.SCMBlockDeletingService (DatanodeDeletedBlockTransactions.java:addTransactionToDN(50)) - Transaction added: 8050b7c4-5854-4456-9ff4-a8181b586109 <- TX(5)
2023-04-19 02:32:29,585 [SCMBlockDeletingService#0] DEBUG block.SCMBlockDeletingService (DatanodeDeletedBlockTransactions.java:addTransactionToDN(50)) - Transaction added: 14fab107-599d-4166-92e2-a49b96c274c4 <- TX(5)
2023-04-19 02:32:29,585 [SCMBlockDeletingService#0] DEBUG block.SCMBlockDeletingService (DatanodeDeletedBlockTransactions.java:addTransactionToDN(50)) - Transaction added: 14fab107-599d-4166-92e2-a49b96c274c4 <- TX(6)
2023-04-19 02:32:29,585 [SCMBlockDeletingService#0] DEBUG block.SCMBlockDeletingService (DatanodeDeletedBlockTransactions.java:addTransactionToDN(50)) - Transaction added: 8050b7c4-5854-4456-9ff4-a8181b586109 <- TX(6)
2023-04-19 02:32:29,585 [SCMBlockDeletingService#0] DEBUG block.SCMBlockDeletingService (DatanodeDeletedBlockTransactions.java:addTransactionToDN(50)) - Transaction added: 209e8f7b-7310-4c05-bc4d-708a2d801edb <- TX(6)
2023-04-19 02:32:29,585 [SCMBlockDeletingService#0] DEBUG block.SCMBlockDeletingService (DatanodeDeletedBlockTransactions.java:addTransactionToDN(50)) - Transaction added: 209e8f7b-7310-4c05-bc4d-708a2d801edb <- TX(7)
2023-04-19 02:32:29,585 [SCMBlockDeletingService#0] DEBUG block.SCMBlockDeletingService (DatanodeDeletedBlockTransactions.java:addTransactionToDN(50)) - Transaction added: 14fab107-599d-4166-92e2-a49b96c274c4 <- TX(7)
2023-04-19 02:32:29,585 [SCMBlockDeletingService#0] DEBUG block.SCMBlockDeletingService (DatanodeDeletedBlockTransactions.java:addTransactionToDN(50)) - Transaction added: 8050b7c4-5854-4456-9ff4-a8181b586109 <- TX(7)
2023-04-19 02:32:29,585 [SCMBlockDeletingService#0] DEBUG block.SCMBlockDeletingService (DatanodeDeletedBlockTransactions.java:addTransactionToDN(50)) - Transaction added: 14fab107-599d-4166-92e2-a49b96c274c4 <- TX(8)
2023-04-19 02:32:29,585 [SCMBlockDeletingService#0] DEBUG block.SCMBlockDeletingService (DatanodeDeletedBlockTransactions.java:addTransactionToDN(50)) - Transaction added: 8050b7c4-5854-4456-9ff4-a8181b586109 <- TX(8)
2023-04-19 02:32:29,585 [SCMBlockDeletingService#0] DEBUG block.SCMBlockDeletingService (DatanodeDeletedBlockTransactions.java:addTransactionToDN(50)) - Transaction added: 209e8f7b-7310-4c05-bc4d-708a2d801edb <- TX(8)
2023-04-19 02:32:29,585 [SCMBlockDeletingService#0] DEBUG block.SCMBlockDeletingService (DatanodeDeletedBlockTransactions.java:addTransactionToDN(50)) - Transaction added: 209e8f7b-7310-4c05-bc4d-708a2d801edb <- TX(9)
2023-04-19 02:32:29,585 [SCMBlockDeletingService#0] DEBUG block.SCMBlockDeletingService (DatanodeDeletedBlockTransactions.java:addTransactionToDN(50)) - Transaction added: 14fab107-599d-4166-92e2-a49b96c274c4 <- TX(9)
2023-04-19 02:32:29,585 [SCMBlockDeletingService#0] DEBUG block.SCMBlockDeletingService (DatanodeDeletedBlockTransactions.java:addTransactionToDN(50)) - Transaction added: 8050b7c4-5854-4456-9ff4-a8181b586109 <- TX(9)
2023-04-19 02:32:29,585 [SCMBlockDeletingService#0] DEBUG block.SCMBlockDeletingService (DatanodeDeletedBlockTransactions.java:addTransactionToDN(50)) - Transaction added: 8050b7c4-5854-4456-9ff4-a8181b586109 <- TX(10)
2023-04-19 02:32:29,585 [SCMBlockDeletingService#0] DEBUG block.SCMBlockDeletingService (DatanodeDeletedBlockTransactions.java:addTransactionToDN(50)) - Transaction added: 209e8f7b-7310-4c05-bc4d-708a2d801edb <- TX(10)
2023-04-19 02:32:29,585 [SCMBlockDeletingService#0] DEBUG block.SCMBlockDeletingService (DatanodeDeletedBlockTransactions.java:addTransactionToDN(50)) - Transaction added: 14fab107-599d-4166-92e2-a49b96c274c4 <- TX(10)
2023-04-19 02:32:29,588 [SCMBlockDeletingService#0] DEBUG block.SCMBlockDeletingService (SCMBlockDeletingService.java:call(189)) - Added delete block command for datanode 14fab107-599d-4166-92e2-a49b96c274c4 in the queue, number of delete block transactions: 10
2023-04-19 02:32:29,588 [SCMBlockDeletingService#0] DEBUG block.SCMBlockDeletingService (SCMBlockDeletingService.java:call(189)) - Added delete block command for datanode 8050b7c4-5854-4456-9ff4-a8181b586109 in the queue, number of delete block transactions: 10
2023-04-19 02:32:29,588 [SCMBlockDeletingService#0] DEBUG block.SCMBlockDeletingService (SCMBlockDeletingService.java:call(189)) - Added delete block command for datanode 209e8f7b-7310-4c05-bc4d-708a2d801edb in the queue, number of delete block transactions: 10
2023-04-19 02:32:29,588 [SCMBlockDeletingService#0] INFO  block.SCMBlockDeletingService (SCMBlockDeletingService.java:call(198)) - Totally added 30 blocks to be deleted for 3 datanodes, task elapsed time: 4ms
2023-04-19 02:32:29,594 [BlockDeletingService#7] INFO  interfaces.ContainerDeletionChoosingPolicyTemplate (ContainerDeletionChoosingPolicyTemplate.java:chooseContainerForBlockDeletion(83)) - Chosen 0/5000 blocks from 0 candidate containers.
2023-04-19 02:32:29,595 [BlockDeletingService#2] INFO  interfaces.ContainerDeletionChoosingPolicyTemplate (ContainerDeletionChoosingPolicyTemplate.java:chooseContainerForBlockDeletion(83)) - Chosen 0/5000 blocks from 0 candidate containers.
2023-04-19 02:32:29,595 [BlockDeletingService#2] INFO  interfaces.ContainerDeletionChoosingPolicyTemplate (ContainerDeletionChoosingPolicyTemplate.java:chooseContainerForBlockDeletion(83)) - Chosen 0/5000 blocks from 0 candidate containers.
2023-04-19 02:32:29,683 [SCMBlockDeletingService#0] DEBUG block.SCMBlockDeletingService (SCMBlockDeletingService.java:shouldRun(251)) - Check scm block delete run: true serviceStatus: RUNNING safemodeExitRunDelayMillis: 3000 alreadyWaitTimeInMillis: 5398
2023-04-19 02:32:29,684 [SCMBlockDeletingService#0] DEBUG block.SCMBlockDeletingService (SCMBlockDeletingService.java:call(154)) - Running DeletedBlockTransactionScanner
2023-04-19 02:32:29,694 [BlockDeletingService#7] INFO  interfaces.ContainerDeletionChoosingPolicyTemplate (ContainerDeletionChoosingPolicyTemplate.java:chooseContainerForBlockDeletion(83)) - Chosen 0/5000 blocks from 0 candidate containers.
2023-04-19 02:32:29,695 [BlockDeletingService#2] INFO  interfaces.ContainerDeletionChoosingPolicyTemplate (ContainerDeletionChoosingPolicyTemplate.java:chooseContainerForBlockDeletion(83)) - Chosen 0/5000 blocks from 0 candidate containers.
2023-04-19 02:32:29,696 [BlockDeletingService#2] INFO  interfaces.ContainerDeletionChoosingPolicyTemplate (ContainerDeletionChoosingPolicyTemplate.java:chooseContainerForBlockDeletion(83)) - Chosen 0/5000 blocks from 0 candidate containers.
2023-04-19 02:32:29,700 [org.apache.hadoop.ozone.container.common.statemachine.commandhandler.DeleteBlocksCommandHandler$DeleteCmdWorker@183c30f1] INFO  commandhandler.DeleteBlocksCommandHandler (DeleteBlocksCommandHandler.java:processCmd(275)) - Start to delete container blocks, TXIDs=[1(0),2(0),3(0),4(0),6(0),7(0),8(0)], numOfContainers=7, numOfBlocks=7
2023-04-19 02:32:29,783 [SCMBlockDeletingService#0] DEBUG block.SCMBlockDeletingService (SCMBlockDeletingService.java:shouldRun(251)) - Check scm block delete run: true serviceStatus: RUNNING safemodeExitRunDelayMillis: 3000 alreadyWaitTimeInMillis: 5498
2023-04-19 02:32:29,784 [SCMBlockDeletingService#0] DEBUG block.SCMBlockDeletingService (SCMBlockDeletingService.java:call(154)) - Running DeletedBlockTransactionScanner
2023-04-19 02:32:29,784 [SCMBlockDeletingService#0] DEBUG block.SCMBlockDeletingService (DatanodeDeletedBlockTransactions.java:addTransactionToDN(50)) - Transaction added: 8050b7c4-5854-4456-9ff4-a8181b586109 <- TX(1)
2023-04-19 02:32:29,784 [SCMBlockDeletingService#0] DEBUG block.SCMBlockDeletingService (DatanodeDeletedBlockTransactions.java:addTransactionToDN(50)) - Transaction added: 209e8f7b-7310-4c05-bc4d-708a2d801edb <- TX(1)
2023-04-19 02:32:29,784 [SCMBlockDeletingService#0] DEBUG block.SCMBlockDeletingService (DatanodeDeletedBlockTransactions.java:addTransactionToDN(50)) - Transaction added: 14fab107-599d-4166-92e2-a49b96c274c4 <- TX(1)
2023-04-19 02:32:29,784 [SCMBlockDeletingService#0] DEBUG block.SCMBlockDeletingService (DatanodeDeletedBlockTransactions.java:addTransactionToDN(50)) - Transaction added: 14fab107-599d-4166-92e2-a49b96c274c4 <- TX(2)
2023-04-19 02:32:29,784 [SCMBlockDeletingService#0] DEBUG block.SCMBlockDeletingService (DatanodeDeletedBlockTransactions.java:addTransactionToDN(50)) - Transaction added: 209e8f7b-7310-4c05-bc4d-708a2d801edb <- TX(2)
2023-04-19 02:32:29,784 [SCMBlockDeletingService#0] DEBUG block.SCMBlockDeletingService (DatanodeDeletedBlockTransactions.java:addTransactionToDN(50)) - Transaction added: 8050b7c4-5854-4456-9ff4-a8181b586109 <- TX(2)
2023-04-19 02:32:29,784 [SCMBlockDeletingService#0] DEBUG block.SCMBlockDeletingService (DatanodeDeletedBlockTransactions.java:addTransactionToDN(50)) - Transaction added: 209e8f7b-7310-4c05-bc4d-708a2d801edb <- TX(3)
2023-04-19 02:32:29,784 [SCMBlockDeletingService#0] DEBUG block.SCMBlockDeletingService (DatanodeDeletedBlockTransactions.java:addTransactionToDN(50)) - Transaction added: 8050b7c4-5854-4456-9ff4-a8181b586109 <- TX(3)
2023-04-19 02:32:29,784 [SCMBlockDeletingService#0] DEBUG block.SCMBlockDeletingService (DatanodeDeletedBlockTransactions.java:addTransactionToDN(50)) - Transaction added: 14fab107-599d-4166-92e2-a49b96c274c4 <- TX(3)
2023-04-19 02:32:29,785 [SCMBlockDeletingService#0] DEBUG block.SCMBlockDeletingService (DatanodeDeletedBlockTransactions.java:addTransactionToDN(50)) - Transaction added: 14fab107-599d-4166-92e2-a49b96c274c4 <- TX(4)
2023-04-19 02:32:29,785 [SCMBlockDeletingService#0] DEBUG block.SCMBlockDeletingService (DatanodeDeletedBlockTransactions.java:addTransactionToDN(50)) - Transaction added: 209e8f7b-7310-4c05-bc4d-708a2d801edb <- TX(4)
2023-04-19 02:32:29,785 [SCMBlockDeletingService#0] DEBUG block.SCMBlockDeletingService (DatanodeDeletedBlockTransactions.java:addTransactionToDN(50)) - Transaction added: 8050b7c4-5854-4456-9ff4-a8181b586109 <- TX(4)
2023-04-19 02:32:29,786 [SCMBlockDeletingService#0] DEBUG block.SCMBlockDeletingService (DatanodeDeletedBlockTransactions.java:addTransactionToDN(50)) - Transaction added: 209e8f7b-7310-4c05-bc4d-708a2d801edb <- TX(5)
2023-04-19 02:32:29,786 [SCMBlockDeletingService#0] DEBUG block.SCMBlockDeletingService (DatanodeDeletedBlockTransactions.java:addTransactionToDN(50)) - Transaction added: 8050b7c4-5854-4456-9ff4-a8181b586109 <- TX(5)
2023-04-19 02:32:29,786 [SCMBlockDeletingService#0] DEBUG block.SCMBlockDeletingService (DatanodeDeletedBlockTransactions.java:addTransactionToDN(50)) - Transaction added: 14fab107-599d-4166-92e2-a49b96c274c4 <- TX(5)
2023-04-19 02:32:29,786 [SCMBlockDeletingService#0] DEBUG block.SCMBlockDeletingService (DatanodeDeletedBlockTransactions.java:addTransactionToDN(50)) - Transaction added: 14fab107-599d-4166-92e2-a49b96c274c4 <- TX(6)
2023-04-19 02:32:29,786 [SCMBlockDeletingService#0] DEBUG block.SCMBlockDeletingService (DatanodeDeletedBlockTransactions.java:addTransactionToDN(50)) - Transaction added: 8050b7c4-5854-4456-9ff4-a8181b586109 <- TX(6)
2023-04-19 02:32:29,786 [SCMBlockDeletingService#0] DEBUG block.SCMBlockDeletingService (DatanodeDeletedBlockTransactions.java:addTransactionToDN(50)) - Transaction added: 209e8f7b-7310-4c05-bc4d-708a2d801edb <- TX(6)
2023-04-19 02:32:29,786 [SCMBlockDeletingService#0] DEBUG block.SCMBlockDeletingService (DatanodeDeletedBlockTransactions.java:addTransactionToDN(50)) - Transaction added: 209e8f7b-7310-4c05-bc4d-708a2d801edb <- TX(7)
2023-04-19 02:32:29,786 [SCMBlockDeletingService#0] DEBUG block.SCMBlockDeletingService (DatanodeDeletedBlockTransactions.java:addTransactionToDN(50)) - Transaction added: 14fab107-599d-4166-92e2-a49b96c274c4 <- TX(7)
2023-04-19 02:32:29,786 [SCMBlockDeletingService#0] DEBUG block.SCMBlockDeletingService (DatanodeDeletedBlockTransactions.java:addTransactionToDN(50)) - Transaction added: 8050b7c4-5854-4456-9ff4-a8181b586109 <- TX(7)
2023-04-19 02:32:29,786 [SCMBlockDeletingService#0] DEBUG block.SCMBlockDeletingService (DatanodeDeletedBlockTransactions.java:addTransactionToDN(50)) - Transaction added: 14fab107-599d-4166-92e2-a49b96c274c4 <- TX(8)
2023-04-19 02:32:29,786 [SCMBlockDeletingService#0] DEBUG block.SCMBlockDeletingService (DatanodeDeletedBlockTransactions.java:addTransactionToDN(50)) - Transaction added: 8050b7c4-5854-4456-9ff4-a8181b586109 <- TX(8)
2023-04-19 02:32:29,787 [SCMBlockDeletingService#0] DEBUG block.SCMBlockDeletingService (DatanodeDeletedBlockTransactions.java:addTransactionToDN(50)) - Transaction added: 209e8f7b-7310-4c05-bc4d-708a2d801edb <- TX(8)
2023-04-19 02:32:29,787 [SCMBlockDeletingService#0] DEBUG block.SCMBlockDeletingService (DatanodeDeletedBlockTransactions.java:addTransactionToDN(50)) - Transaction added: 209e8f7b-7310-4c05-bc4d-708a2d801edb <- TX(9)
2023-04-19 02:32:29,787 [SCMBlockDeletingService#0] DEBUG block.SCMBlockDeletingService (DatanodeDeletedBlockTransactions.java:addTransactionToDN(50)) - Transaction added: 14fab107-599d-4166-92e2-a49b96c274c4 <- TX(9)
2023-04-19 02:32:29,787 [SCMBlockDeletingService#0] DEBUG block.SCMBlockDeletingService (DatanodeDeletedBlockTransactions.java:addTransactionToDN(50)) - Transaction added: 8050b7c4-5854-4456-9ff4-a8181b586109 <- TX(9)
2023-04-19 02:32:29,787 [SCMBlockDeletingService#0] DEBUG block.SCMBlockDeletingService (DatanodeDeletedBlockTransactions.java:addTransactionToDN(50)) - Transaction added: 209e8f7b-7310-4c05-bc4d-708a2d801edb <- TX(10)
2023-04-19 02:32:29,787 [SCMBlockDeletingService#0] DEBUG block.SCMBlockDeletingService (DatanodeDeletedBlockTransactions.java:addTransactionToDN(50)) - Transaction added: 8050b7c4-5854-4456-9ff4-a8181b586109 <- TX(10)
2023-04-19 02:32:29,787 [SCMBlockDeletingService#0] DEBUG block.SCMBlockDeletingService (DatanodeDeletedBlockTransactions.java:addTransactionToDN(50)) - Transaction added: 14fab107-599d-4166-92e2-a49b96c274c4 <- TX(10)
2023-04-19 02:32:29,787 [SCMBlockDeletingService#0] DEBUG block.SCMBlockDeletingService (SCMBlockDeletingService.java:call(189)) - Added delete block command for datanode 14fab107-599d-4166-92e2-a49b96c274c4 in the queue, number of delete block transactions: 10
2023-04-19 02:32:29,787 [SCMBlockDeletingService#0] DEBUG block.SCMBlockDeletingService (SCMBlockDeletingService.java:call(189)) - Added delete block command for datanode 8050b7c4-5854-4456-9ff4-a8181b586109 in the queue, number of delete block transactions: 10
2023-04-19 02:32:29,787 [SCMBlockDeletingService#0] DEBUG block.SCMBlockDeletingService (SCMBlockDeletingService.java:call(189)) - Added delete block command for datanode 209e8f7b-7310-4c05-bc4d-708a2d801edb in the queue, number of delete block transactions: 10
2023-04-19 02:32:29,787 [SCMBlockDeletingService#0] INFO  block.SCMBlockDeletingService (SCMBlockDeletingService.java:call(198)) - Totally added 30 blocks to be deleted for 3 datanodes, task elapsed time: 3ms
2023-04-19 02:32:29,795 [BlockDeletingService#2] INFO  interfaces.ContainerDeletionChoosingPolicyTemplate (ContainerDeletionChoosingPolicyTemplate.java:chooseContainerForBlockDeletion(83)) - Chosen 0/5000 blocks from 0 candidate containers.
2023-04-19 02:32:29,796 [BlockDeletingService#2] INFO  interfaces.ContainerDeletionChoosingPolicyTemplate (ContainerDeletionChoosingPolicyTemplate.java:chooseContainerForBlockDeletion(83)) - Chosen 0/5000 blocks from 0 candidate containers.
2023-04-19 02:32:29,816 [BlockDeletingService#7] INFO  interfaces.ContainerDeletionChoosingPolicyTemplate (ContainerDeletionChoosingPolicyTemplate.java:chooseContainerForBlockDeletion(83)) - Chosen 7/4993 blocks from 7 candidate containers.
2023-04-19 02:32:29,823 [BlockDeletingService#0] INFO  impl.FilePerBlockStrategy (FilePerBlockStrategy.java:deleteChunk(252)) - Deleted block file: /home/runner/work/ozone/ozone/hadoop-ozone/integration-test/target/test-dir/MiniOzoneClusterImpl-4a8f3de1-6dc7-4495-8b56-1623617bdc2e/datanode-0/data-0/containers/hdds/4a8f3de1-6dc7-4495-8b56-1623617bdc2e/current/containerDir0/1/chunks/111677748019200001.block
2023-04-19 02:32:29,823 [BlockDeletingService#6] INFO  impl.FilePerBlockStrategy (FilePerBlockStrategy.java:deleteChunk(252)) - Deleted block file: /home/runner/work/ozone/ozone/hadoop-ozone/integration-test/target/test-dir/MiniOzoneClusterImpl-4a8f3de1-6dc7-4495-8b56-1623617bdc2e/datanode-0/data-0/containers/hdds/4a8f3de1-6dc7-4495-8b56-1623617bdc2e/current/containerDir0/8/chunks/111677748019200008.block
2023-04-19 02:32:29,823 [BlockDeletingService#3] INFO  impl.FilePerBlockStrategy (FilePerBlockStrategy.java:deleteChunk(252)) - Deleted block file: /home/runner/work/ozone/ozone/hadoop-ozone/integration-test/target/test-dir/MiniOzoneClusterImpl-4a8f3de1-6dc7-4495-8b56-1623617bdc2e/datanode-0/data-0/containers/hdds/4a8f3de1-6dc7-4495-8b56-1623617bdc2e/current/containerDir0/7/chunks/111677748019200007.block
2023-04-19 02:32:29,825 [BlockDeletingService#1] INFO  impl.FilePerBlockStrategy (FilePerBlockStrategy.java:deleteChunk(252)) - Deleted block file: /home/runner/work/ozone/ozone/hadoop-ozone/integration-test/target/test-dir/MiniOzoneClusterImpl-4a8f3de1-6dc7-4495-8b56-1623617bdc2e/datanode-0/data-0/containers/hdds/4a8f3de1-6dc7-4495-8b56-1623617bdc2e/current/containerDir0/6/chunks/111677748019200006.block
2023-04-19 02:32:29,825 [BlockDeletingService#7] INFO  impl.FilePerBlockStrategy (FilePerBlockStrategy.java:deleteChunk(252)) - Deleted block file: /home/runner/work/ozone/ozone/hadoop-ozone/integration-test/target/test-dir/MiniOzoneClusterImpl-4a8f3de1-6dc7-4495-8b56-1623617bdc2e/datanode-0/data-0/containers/hdds/4a8f3de1-6dc7-4495-8b56-1623617bdc2e/current/containerDir0/4/chunks/111677748019200004.block
2023-04-19 02:32:29,826 [BlockDeletingService#2] INFO  impl.FilePerBlockStrategy (FilePerBlockStrategy.java:deleteChunk(252)) - Deleted block file: /home/runner/work/ozone/ozone/hadoop-ozone/integration-test/target/test-dir/MiniOzoneClusterImpl-4a8f3de1-6dc7-4495-8b56-1623617bdc2e/datanode-0/data-0/containers/hdds/4a8f3de1-6dc7-4495-8b56-1623617bdc2e/current/containerDir0/3/chunks/111677748019200003.block
2023-04-19 02:32:29,826 [BlockDeletingService#8] INFO  impl.FilePerBlockStrategy (FilePerBlockStrategy.java:deleteChunk(252)) - Deleted block file: /home/runner/work/ozone/ozone/hadoop-ozone/integration-test/target/test-dir/MiniOzoneClusterImpl-4a8f3de1-6dc7-4495-8b56-1623617bdc2e/datanode-0/data-0/containers/hdds/4a8f3de1-6dc7-4495-8b56-1623617bdc2e/current/containerDir0/2/chunks/111677748019200002.block
2023-04-19 02:32:29,883 [SCMBlockDeletingService#0] DEBUG block.SCMBlockDeletingService (SCMBlockDeletingService.java:shouldRun(251)) - Check scm block delete run: true serviceStatus: RUNNING safemodeExitRunDelayMillis: 3000 alreadyWaitTimeInMillis: 5598
2023-04-19 02:32:29,884 [SCMBlockDeletingService#0] DEBUG block.SCMBlockDeletingService (SCMBlockDeletingService.java:call(154)) - Running DeletedBlockTransactionScanner
2023-04-19 02:32:29,896 [BlockDeletingService#2] INFO  interfaces.ContainerDeletionChoosingPolicyTemplate (ContainerDeletionChoosingPolicyTemplate.java:chooseContainerForBlockDeletion(83)) - Chosen 0/5000 blocks from 0 candidate containers.
2023-04-19 02:32:29,896 [BlockDeletingService#2] INFO  interfaces.ContainerDeletionChoosingPolicyTemplate (ContainerDeletionChoosingPolicyTemplate.java:chooseContainerForBlockDeletion(83)) - Chosen 0/5000 blocks from 0 candidate containers.
2023-04-19 02:32:29,925 [BlockDeletingService#4] INFO  interfaces.ContainerDeletionChoosingPolicyTemplate (ContainerDeletionChoosingPolicyTemplate.java:chooseContainerForBlockDeletion(83)) - Chosen 0/5000 blocks from 0 candidate containers.
2023-04-19 02:32:29,945 [EventQueue-DeleteBlockStatusForDeletedBlockLogImpl] DEBUG block.DeletedBlockLogImpl (DeletedBlockLogImpl.java:isTransactionFailed(314)) - Got block deletion ACK from datanode, TXIDs=1, success=true
2023-04-19 02:32:29,945 [EventQueue-DeleteBlockStatusForDeletedBlockLogImpl] DEBUG block.DeletedBlockLogImpl (DeletedBlockLogImpl.java:commitTransactions(292)) - Datanode txId=1 containerId=#1 committed by dnId=14fab107-599d-4166-92e2-a49b96c274c4
2023-04-19 02:32:29,945 [EventQueue-DeleteBlockStatusForDeletedBlockLogImpl] DEBUG block.DeletedBlockLogImpl (DeletedBlockLogImpl.java:isTransactionFailed(314)) - Got block deletion ACK from datanode, TXIDs=2, success=true
2023-04-19 02:32:29,945 [EventQueue-DeleteBlockStatusForDeletedBlockLogImpl] DEBUG block.DeletedBlockLogImpl (DeletedBlockLogImpl.java:commitTransactions(292)) - Datanode txId=2 containerId=#2 committed by dnId=14fab107-599d-4166-92e2-a49b96c274c4
2023-04-19 02:32:29,945 [EventQueue-DeleteBlockStatusForDeletedBlockLogImpl] DEBUG block.DeletedBlockLogImpl (DeletedBlockLogImpl.java:isTransactionFailed(314)) - Got block deletion ACK from datanode, TXIDs=3, success=true
2023-04-19 02:32:29,945 [EventQueue-DeleteBlockStatusForDeletedBlockLogImpl] DEBUG block.DeletedBlockLogImpl (DeletedBlockLogImpl.java:commitTransactions(292)) - Datanode txId=3 containerId=#3 committed by dnId=14fab107-599d-4166-92e2-a49b96c274c4
2023-04-19 02:32:29,945 [EventQueue-DeleteBlockStatusForDeletedBlockLogImpl] DEBUG block.DeletedBlockLogImpl (DeletedBlockLogImpl.java:isTransactionFailed(314)) - Got block deletion ACK from datanode, TXIDs=4, success=true
2023-04-19 02:32:29,945 [EventQueue-DeleteBlockStatusForDeletedBlockLogImpl] DEBUG block.DeletedBlockLogImpl (DeletedBlockLogImpl.java:commitTransactions(292)) - Datanode txId=4 containerId=#4 committed by dnId=14fab107-599d-4166-92e2-a49b96c274c4
2023-04-19 02:32:29,945 [EventQueue-DeleteBlockStatusForDeletedBlockLogImpl] DEBUG block.DeletedBlockLogImpl (DeletedBlockLogImpl.java:isTransactionFailed(314)) - Got block deletion ACK from datanode, TXIDs=6, success=true
2023-04-19 02:32:29,945 [EventQueue-DeleteBlockStatusForDeletedBlockLogImpl] DEBUG block.DeletedBlockLogImpl (DeletedBlockLogImpl.java:commitTransactions(292)) - Datanode txId=6 containerId=#6 committed by dnId=14fab107-599d-4166-92e2-a49b96c274c4
2023-04-19 02:32:29,945 [EventQueue-DeleteBlockStatusForDeletedBlockLogImpl] DEBUG block.DeletedBlockLogImpl (DeletedBlockLogImpl.java:isTransactionFailed(314)) - Got block deletion ACK from datanode, TXIDs=7, success=true
2023-04-19 02:32:29,945 [EventQueue-DeleteBlockStatusForDeletedBlockLogImpl] DEBUG block.DeletedBlockLogImpl (DeletedBlockLogImpl.java:commitTransactions(292)) - Datanode txId=7 containerId=#7 committed by dnId=14fab107-599d-4166-92e2-a49b96c274c4
2023-04-19 02:32:29,945 [EventQueue-DeleteBlockStatusForDeletedBlockLogImpl] DEBUG block.DeletedBlockLogImpl (DeletedBlockLogImpl.java:isTransactionFailed(314)) - Got block deletion ACK from datanode, TXIDs=8, success=true
2023-04-19 02:32:29,945 [EventQueue-DeleteBlockStatusForDeletedBlockLogImpl] DEBUG block.DeletedBlockLogImpl (DeletedBlockLogImpl.java:commitTransactions(292)) - Datanode txId=8 containerId=#8 committed by dnId=14fab107-599d-4166-92e2-a49b96c274c4
2023-04-19 02:32:29,984 [SCMBlockDeletingService#0] DEBUG block.SCMBlockDeletingService (SCMBlockDeletingService.java:shouldRun(251)) - Check scm block delete run: true serviceStatus: RUNNING safemodeExitRunDelayMillis: 3000 alreadyWaitTimeInMillis: 5699
2023-04-19 02:32:29,984 [SCMBlockDeletingService#0] DEBUG block.SCMBlockDeletingService (SCMBlockDeletingService.java:call(154)) - Running DeletedBlockTransactionScanner
2023-04-19 02:32:29,984 [SCMBlockDeletingService#0] DEBUG block.SCMBlockDeletingService (DatanodeDeletedBlockTransactions.java:addTransactionToDN(50)) - Transaction added: 8050b7c4-5854-4456-9ff4-a8181b586109 <- TX(1)
2023-04-19 02:32:29,984 [SCMBlockDeletingService#0] DEBUG block.SCMBlockDeletingService (DatanodeDeletedBlockTransactions.java:addTransactionToDN(50)) - Transaction added: 209e8f7b-7310-4c05-bc4d-708a2d801edb <- TX(1)
2023-04-19 02:32:29,984 [SCMBlockDeletingService#0] DEBUG block.SCMBlockDeletingService (DatanodeDeletedBlockTransactions.java:addTransactionToDN(50)) - Transaction added: 209e8f7b-7310-4c05-bc4d-708a2d801edb <- TX(2)
2023-04-19 02:32:29,984 [SCMBlockDeletingService#0] DEBUG block.SCMBlockDeletingService (DatanodeDeletedBlockTransactions.java:addTransactionToDN(50)) - Transaction added: 8050b7c4-5854-4456-9ff4-a8181b586109 <- TX(2)
2023-04-19 02:32:29,984 [SCMBlockDeletingService#0] DEBUG block.SCMBlockDeletingService (DatanodeDeletedBlockTransactions.java:addTransactionToDN(50)) - Transaction added: 209e8f7b-7310-4c05-bc4d-708a2d801edb <- TX(3)
2023-04-19 02:32:29,984 [SCMBlockDeletingService#0] DEBUG block.SCMBlockDeletingService (DatanodeDeletedBlockTransactions.java:addTransactionToDN(50)) - Transaction added: 8050b7c4-5854-4456-9ff4-a8181b586109 <- TX(3)
2023-04-19 02:32:29,985 [SCMBlockDeletingService#0] DEBUG block.SCMBlockDeletingService (DatanodeDeletedBlockTransactions.java:addTransactionToDN(50)) - Transaction added: 209e8f7b-7310-4c05-bc4d-708a2d801edb <- TX(4)
2023-04-19 02:32:29,985 [SCMBlockDeletingService#0] DEBUG block.SCMBlockDeletingService (DatanodeDeletedBlockTransactions.java:addTransactionToDN(50)) - Transaction added: 8050b7c4-5854-4456-9ff4-a8181b586109 <- TX(4)
2023-04-19 02:32:29,985 [SCMBlockDeletingService#0] DEBUG block.SCMBlockDeletingService (DatanodeDeletedBlockTransactions.java:addTransactionToDN(50)) - Transaction added: 209e8f7b-7310-4c05-bc4d-708a2d801edb <- TX(5)
2023-04-19 02:32:29,985 [SCMBlockDeletingService#0] DEBUG block.SCMBlockDeletingService (DatanodeDeletedBlockTransactions.java:addTransactionToDN(50)) - Transaction added: 8050b7c4-5854-4456-9ff4-a8181b586109 <- TX(5)
2023-04-19 02:32:29,985 [SCMBlockDeletingService#0] DEBUG block.SCMBlockDeletingService (DatanodeDeletedBlockTransactions.java:addTransactionToDN(50)) - Transaction added: 14fab107-599d-4166-92e2-a49b96c274c4 <- TX(5)
2023-04-19 02:32:29,985 [SCMBlockDeletingService#0] DEBUG block.SCMBlockDeletingService (DatanodeDeletedBlockTransactions.java:addTransactionToDN(50)) - Transaction added: 8050b7c4-5854-4456-9ff4-a8181b586109 <- TX(6)
2023-04-19 02:32:29,985 [SCMBlockDeletingService#0] DEBUG block.SCMBlockDeletingService (DatanodeDeletedBlockTransactions.java:addTransactionToDN(50)) - Transaction added: 209e8f7b-7310-4c05-bc4d-708a2d801edb <- TX(6)
2023-04-19 02:32:29,985 [SCMBlockDeletingService#0] DEBUG block.SCMBlockDeletingService (DatanodeDeletedBlockTransactions.java:addTransactionToDN(50)) - Transaction added: 209e8f7b-7310-4c05-bc4d-708a2d801edb <- TX(7)
2023-04-19 02:32:29,985 [SCMBlockDeletingService#0] DEBUG block.SCMBlockDeletingService (DatanodeDeletedBlockTransactions.java:addTransactionToDN(50)) - Transaction added: 8050b7c4-5854-4456-9ff4-a8181b586109 <- TX(7)
2023-04-19 02:32:29,985 [SCMBlockDeletingService#0] DEBUG block.SCMBlockDeletingService (DatanodeDeletedBlockTransactions.java:addTransactionToDN(50)) - Transaction added: 8050b7c4-5854-4456-9ff4-a8181b586109 <- TX(8)
2023-04-19 02:32:29,985 [SCMBlockDeletingService#0] DEBUG block.SCMBlockDeletingService (DatanodeDeletedBlockTransactions.java:addTransactionToDN(50)) - Transaction added: 209e8f7b-7310-4c05-bc4d-708a2d801edb <- TX(8)
2023-04-19 02:32:29,985 [SCMBlockDeletingService#0] DEBUG block.SCMBlockDeletingService (DatanodeDeletedBlockTransactions.java:addTransactionToDN(50)) - Transaction added: 209e8f7b-7310-4c05-bc4d-708a2d801edb <- TX(9)
2023-04-19 02:32:29,985 [SCMBlockDeletingService#0] DEBUG block.SCMBlockDeletingService (DatanodeDeletedBlockTransactions.java:addTransactionToDN(50)) - Transaction added: 14fab107-599d-4166-92e2-a49b96c274c4 <- TX(9)
2023-04-19 02:32:29,985 [SCMBlockDeletingService#0] DEBUG block.SCMBlockDeletingService (DatanodeDeletedBlockTransactions.java:addTransactionToDN(50)) - Transaction added: 8050b7c4-5854-4456-9ff4-a8181b586109 <- TX(9)
2023-04-19 02:32:29,985 [SCMBlockDeletingService#0] DEBUG block.SCMBlockDeletingService (DatanodeDeletedBlockTransactions.java:addTransactionToDN(50)) - Transaction added: 209e8f7b-7310-4c05-bc4d-708a2d801edb <- TX(10)
2023-04-19 02:32:29,985 [SCMBlockDeletingService#0] DEBUG block.SCMBlockDeletingService (DatanodeDeletedBlockTransactions.java:addTransactionToDN(50)) - Transaction added: 8050b7c4-5854-4456-9ff4-a8181b586109 <- TX(10)
2023-04-19 02:32:29,985 [SCMBlockDeletingService#0] DEBUG block.SCMBlockDeletingService (DatanodeDeletedBlockTransactions.java:addTransactionToDN(50)) - Transaction added: 14fab107-599d-4166-92e2-a49b96c274c4 <- TX(10)
2023-04-19 02:32:29,985 [SCMBlockDeletingService#0] DEBUG block.SCMBlockDeletingService (SCMBlockDeletingService.java:call(189)) - Added delete block command for datanode 14fab107-599d-4166-92e2-a49b96c274c4 in the queue, number of delete block transactions: 3
2023-04-19 02:32:29,986 [SCMBlockDeletingService#0] DEBUG block.SCMBlockDeletingService (SCMBlockDeletingService.java:call(189)) - Added delete block command for datanode 8050b7c4-5854-4456-9ff4-a8181b586109 in the queue, number of delete block transactions: 10
2023-04-19 02:32:29,986 [SCMBlockDeletingService#0] DEBUG block.SCMBlockDeletingService (SCMBlockDeletingService.java:call(189)) - Added delete block command for datanode 209e8f7b-7310-4c05-bc4d-708a2d801edb in the queue, number of delete block transactions: 10
2023-04-19 02:32:29,986 [SCMBlockDeletingService#0] INFO  block.SCMBlockDeletingService (SCMBlockDeletingService.java:call(198)) - Totally added 23 blocks to be deleted for 3 datanodes, task elapsed time: 2ms
2023-04-19 02:32:29,996 [BlockDeletingService#2] INFO  interfaces.ContainerDeletionChoosingPolicyTemplate (ContainerDeletionChoosingPolicyTemplate.java:chooseContainerForBlockDeletion(83)) - Chosen 0/5000 blocks from 0 candidate containers.
2023-04-19 02:32:29,996 [BlockDeletingService#2] INFO  interfaces.ContainerDeletionChoosingPolicyTemplate (ContainerDeletionChoosingPolicyTemplate.java:chooseContainerForBlockDeletion(83)) - Chosen 0/5000 blocks from 0 candidate containers.
2023-04-19 02:32:30,026 [BlockDeletingService#4] INFO  interfaces.ContainerDeletionChoosingPolicyTemplate (ContainerDeletionChoosingPolicyTemplate.java:chooseContainerForBlockDeletion(83)) - Chosen 0/5000 blocks from 0 candidate containers.
2023-04-19 02:32:30,084 [SCMBlockDeletingService#0] DEBUG block.SCMBlockDeletingService (SCMBlockDeletingService.java:shouldRun(251)) - Check scm block delete run: true serviceStatus: RUNNING safemodeExitRunDelayMillis: 3000 alreadyWaitTimeInMillis: 5799
2023-04-19 02:32:30,084 [SCMBlockDeletingService#0] DEBUG block.SCMBlockDeletingService (SCMBlockDeletingService.java:call(154)) - Running DeletedBlockTransactionScanner
2023-04-19 02:32:30,096 [BlockDeletingService#2] INFO  interfaces.ContainerDeletionChoosingPolicyTemplate (ContainerDeletionChoosingPolicyTemplate.java:chooseContainerForBlockDeletion(83)) - Chosen 0/5000 blocks from 0 candidate containers.
2023-04-19 02:32:30,097 [BlockDeletingService#2] INFO  interfaces.ContainerDeletionChoosingPolicyTemplate (ContainerDeletionChoosingPolicyTemplate.java:chooseContainerForBlockDeletion(83)) - Chosen 0/5000 blocks from 0 candidate containers.
2023-04-19 02:32:30,126 [BlockDeletingService#4] INFO  interfaces.ContainerDeletionChoosingPolicyTemplate (ContainerDeletionChoosingPolicyTemplate.java:chooseContainerForBlockDeletion(83)) - Chosen 0/5000 blocks from 0 candidate containers.
2023-04-19 02:32:30,184 [SCMBlockDeletingService#0] DEBUG block.SCMBlockDeletingService (SCMBlockDeletingService.java:shouldRun(251)) - Check scm block delete run: true serviceStatus: RUNNING safemodeExitRunDelayMillis: 3000 alreadyWaitTimeInMillis: 5899
2023-04-19 02:32:30,184 [SCMBlockDeletingService#0] DEBUG block.SCMBlockDeletingService (SCMBlockDeletingService.java:call(154)) - Running DeletedBlockTransactionScanner
2023-04-19 02:32:30,184 [SCMBlockDeletingService#0] DEBUG block.SCMBlockDeletingService (DatanodeDeletedBlockTransactions.java:addTransactionToDN(50)) - Transaction added: 8050b7c4-5854-4456-9ff4-a8181b586109 <- TX(1)
2023-04-19 02:32:30,184 [SCMBlockDeletingService#0] DEBUG block.SCMBlockDeletingService (DatanodeDeletedBlockTransactions.java:addTransactionToDN(50)) - Transaction added: 209e8f7b-7310-4c05-bc4d-708a2d801edb <- TX(1)
2023-04-19 02:32:30,185 [SCMBlockDeletingService#0] DEBUG block.SCMBlockDeletingService (DatanodeDeletedBlockTransactions.java:addTransactionToDN(50)) - Transaction added: 8050b7c4-5854-4456-9ff4-a8181b586109 <- TX(2)
2023-04-19 02:32:30,185 [SCMBlockDeletingService#0] DEBUG block.SCMBlockDeletingService (DatanodeDeletedBlockTransactions.java:addTransactionToDN(50)) - Transaction added: 209e8f7b-7310-4c05-bc4d-708a2d801edb <- TX(2)
2023-04-19 02:32:30,185 [SCMBlockDeletingService#0] DEBUG block.SCMBlockDeletingService (DatanodeDeletedBlockTransactions.java:addTransactionToDN(50)) - Transaction added: 8050b7c4-5854-4456-9ff4-a8181b586109 <- TX(3)
2023-04-19 02:32:30,185 [SCMBlockDeletingService#0] DEBUG block.SCMBlockDeletingService (DatanodeDeletedBlockTransactions.java:addTransactionToDN(50)) - Transaction added: 209e8f7b-7310-4c05-bc4d-708a2d801edb <- TX(3)
2023-04-19 02:32:30,185 [SCMBlockDeletingService#0] DEBUG block.SCMBlockDeletingService (DatanodeDeletedBlockTransactions.java:addTransactionToDN(50)) - Transaction added: 8050b7c4-5854-4456-9ff4-a8181b586109 <- TX(4)
2023-04-19 02:32:30,185 [SCMBlockDeletingService#0] DEBUG block.SCMBlockDeletingService (DatanodeDeletedBlockTransactions.java:addTransactionToDN(50)) - Transaction added: 209e8f7b-7310-4c05-bc4d-708a2d801edb <- TX(4)
2023-04-19 02:32:30,185 [SCMBlockDeletingService#0] DEBUG block.SCMBlockDeletingService (DatanodeDeletedBlockTransactions.java:addTransactionToDN(50)) - Transaction added: 8050b7c4-5854-4456-9ff4-a8181b586109 <- TX(5)
2023-04-19 02:32:30,185 [SCMBlockDeletingService#0] DEBUG block.SCMBlockDeletingService (DatanodeDeletedBlockTransactions.java:addTransactionToDN(50)) - Transaction added: 209e8f7b-7310-4c05-bc4d-708a2d801edb <- TX(5)
2023-04-19 02:32:30,185 [SCMBlockDeletingService#0] DEBUG block.SCMBlockDeletingService (DatanodeDeletedBlockTransactions.java:addTransactionToDN(50)) - Transaction added: 14fab107-599d-4166-92e2-a49b96c274c4 <- TX(5)
2023-04-19 02:32:30,185 [SCMBlockDeletingService#0] DEBUG block.SCMBlockDeletingService (DatanodeDeletedBlockTransactions.java:addTransactionToDN(50)) - Transaction added: 8050b7c4-5854-4456-9ff4-a8181b586109 <- TX(6)
2023-04-19 02:32:30,185 [SCMBlockDeletingService#0] DEBUG block.SCMBlockDeletingService (DatanodeDeletedBlockTransactions.java:addTransactionToDN(50)) - Transaction added: 209e8f7b-7310-4c05-bc4d-708a2d801edb <- TX(6)
2023-04-19 02:32:30,185 [SCMBlockDeletingService#0] DEBUG block.SCMBlockDeletingService (DatanodeDeletedBlockTransactions.java:addTransactionToDN(50)) - Transaction added: 209e8f7b-7310-4c05-bc4d-708a2d801edb <- TX(7)
2023-04-19 02:32:30,185 [SCMBlockDeletingService#0] DEBUG block.SCMBlockDeletingService (DatanodeDeletedBlockTransactions.java:addTransactionToDN(50)) - Transaction added: 8050b7c4-5854-4456-9ff4-a8181b586109 <- TX(7)
2023-04-19 02:32:30,185 [SCMBlockDeletingService#0] DEBUG block.SCMBlockDeletingService (DatanodeDeletedBlockTransactions.java:addTransactionToDN(50)) - Transaction added: 8050b7c4-5854-4456-9ff4-a8181b586109 <- TX(8)
2023-04-19 02:32:30,185 [SCMBlockDeletingService#0] DEBUG block.SCMBlockDeletingService (DatanodeDeletedBlockTransactions.java:addTransactionToDN(50)) - Transaction added: 209e8f7b-7310-4c05-bc4d-708a2d801edb <- TX(8)
2023-04-19 02:32:30,185 [SCMBlockDeletingService#0] DEBUG block.SCMBlockDeletingService (DatanodeDeletedBlockTransactions.java:addTransactionToDN(50)) - Transaction added: 209e8f7b-7310-4c05-bc4d-708a2d801edb <- TX(9)
2023-04-19 02:32:30,185 [SCMBlockDeletingService#0] DEBUG block.SCMBlockDeletingService (DatanodeDeletedBlockTransactions.java:addTransactionToDN(50)) - Transaction added: 14fab107-599d-4166-92e2-a49b96c274c4 <- TX(9)
2023-04-19 02:32:30,185 [SCMBlockDeletingService#0] DEBUG block.SCMBlockDeletingService (DatanodeDeletedBlockTransactions.java:addTransactionToDN(50)) - Transaction added: 8050b7c4-5854-4456-9ff4-a8181b586109 <- TX(9)
2023-04-19 02:32:30,185 [SCMBlockDeletingService#0] DEBUG block.SCMBlockDeletingService (DatanodeDeletedBlockTransactions.java:addTransactionToDN(50)) - Transaction added: 8050b7c4-5854-4456-9ff4-a8181b586109 <- TX(10)
2023-04-19 02:32:30,186 [SCMBlockDeletingService#0] DEBUG block.SCMBlockDeletingService (DatanodeDeletedBlockTransactions.java:addTransactionToDN(50)) - Transaction added: 209e8f7b-7310-4c05-bc4d-708a2d801edb <- TX(10)
2023-04-19 02:32:30,186 [SCMBlockDeletingService#0] DEBUG block.SCMBlockDeletingService (DatanodeDeletedBlockTransactions.java:addTransactionToDN(50)) - Transaction added: 14fab107-599d-4166-92e2-a49b96c274c4 <- TX(10)
2023-04-19 02:32:30,186 [SCMBlockDeletingService#0] DEBUG block.SCMBlockDeletingService (SCMBlockDeletingService.java:call(189)) - Added delete block command for datanode 14fab107-599d-4166-92e2-a49b96c274c4 in the queue, number of delete block transactions: 3
2023-04-19 02:32:30,186 [SCMBlockDeletingService#0] DEBUG block.SCMBlockDeletingService (SCMBlockDeletingService.java:call(189)) - Added delete block command for datanode 8050b7c4-5854-4456-9ff4-a8181b586109 in the queue, number of delete block transactions: 10
2023-04-19 02:32:30,186 [SCMBlockDeletingService#0] DEBUG block.SCMBlockDeletingService (SCMBlockDeletingService.java:call(189)) - Added delete block command for datanode 209e8f7b-7310-4c05-bc4d-708a2d801edb in the queue, number of delete block transactions: 10
2023-04-19 02:32:30,186 [SCMBlockDeletingService#0] INFO  block.SCMBlockDeletingService (SCMBlockDeletingService.java:call(198)) - Totally added 23 blocks to be deleted for 3 datanodes, task elapsed time: 2ms
2023-04-19 02:32:30,197 [BlockDeletingService#2] INFO  interfaces.ContainerDeletionChoosingPolicyTemplate (ContainerDeletionChoosingPolicyTemplate.java:chooseContainerForBlockDeletion(83)) - Chosen 0/5000 blocks from 0 candidate containers.
2023-04-19 02:32:30,197 [BlockDeletingService#2] INFO  interfaces.ContainerDeletionChoosingPolicyTemplate (ContainerDeletionChoosingPolicyTemplate.java:chooseContainerForBlockDeletion(83)) - Chosen 0/5000 blocks from 0 candidate containers.
2023-04-19 02:32:30,211 [org.apache.hadoop.ozone.container.common.statemachine.commandhandler.DeleteBlocksCommandHandler$DeleteCmdWorker@692b6703] INFO  commandhandler.DeleteBlocksCommandHandler (DeleteBlocksCommandHandler.java:processCmd(275)) - Start to delete container blocks, TXIDs=[1(0),2(0),3(0),4(0),6(0),7(0),8(0)], numOfContainers=7, numOfBlocks=7
2023-04-19 02:32:30,215 [org.apache.hadoop.ozone.container.common.statemachine.commandhandler.DeleteBlocksCommandHandler$DeleteCmdWorker@692b6703] INFO  commandhandler.DeleteBlocksCommandHandler (DeleteBlocksCommandHandler.java:processCmd(275)) - Start to delete container blocks, TXIDs=[1(1),2(1),3(1),4(1),5(0),6(1),7(1),8(1),9(0),10(0)], numOfContainers=10, numOfBlocks=10
2023-04-19 02:32:30,216 [DeleteBlocksCommandHandlerThread-2] INFO  commandhandler.DeleteBlocksCommandHandler (DeleteBlocksCommandHandler.java:logDeleteTransaction(493)) - Delete blocks for containerId: 2 is either received out of order or retried, 2 <= 2
2023-04-19 02:32:30,216 [DeleteBlocksCommandHandlerThread-2] INFO  commandhandler.DeleteBlocksCommandHandler (DeleteBlocksCommandHandler.java:logDeleteTransaction(493)) - Delete blocks for containerId: 3 is either received out of order or retried, 3 <= 3
2023-04-19 02:32:30,216 [DeleteBlocksCommandHandlerThread-2] INFO  commandhandler.DeleteBlocksCommandHandler (DeleteBlocksCommandHandler.java:logDeleteTransaction(493)) - Delete blocks for containerId: 4 is either received out of order or retried, 4 <= 4
2023-04-19 02:32:30,216 [DeleteBlocksCommandHandlerThread-2] INFO  commandhandler.DeleteBlocksCommandHandler (DeleteBlocksCommandHandler.java:logDeleteTransaction(493)) - Delete blocks for containerId: 6 is either received out of order or retried, 6 <= 6
2023-04-19 02:32:30,217 [DeleteBlocksCommandHandlerThread-2] INFO  commandhandler.DeleteBlocksCommandHandler (DeleteBlocksCommandHandler.java:logDeleteTransaction(493)) - Delete blocks for containerId: 7 is either received out of order or retried, 7 <= 7
2023-04-19 02:32:30,217 [DeleteBlocksCommandHandlerThread-2] INFO  commandhandler.DeleteBlocksCommandHandler (DeleteBlocksCommandHandler.java:logDeleteTransaction(493)) - Delete blocks for containerId: 8 is either received out of order or retried, 8 <= 8
2023-04-19 02:32:30,217 [DeleteBlocksCommandHandlerThread-3] INFO  commandhandler.DeleteBlocksCommandHandler (DeleteBlocksCommandHandler.java:logDeleteTransaction(493)) - Delete blocks for containerId: 1 is either received out of order or retried, 1 <= 1
2023-04-19 02:32:30,218 [org.apache.hadoop.ozone.container.common.statemachine.commandhandler.DeleteBlocksCommandHandler$DeleteCmdWorker@692b6703] INFO  commandhandler.DeleteBlocksCommandHandler (DeleteBlocksCommandHandler.java:processCmd(275)) - Start to delete container blocks, TXIDs=[1(2),2(2),3(2),4(2),5(1),6(2),7(2),8(2),9(1),10(1)], numOfContainers=10, numOfBlocks=10
2023-04-19 02:32:30,218 [DeleteBlocksCommandHandlerThread-2] INFO  commandhandler.DeleteBlocksCommandHandler (DeleteBlocksCommandHandler.java:logDeleteTransaction(493)) - Delete blocks for containerId: 1 is either received out of order or retried, 1 <= 1
2023-04-19 02:32:30,218 [DeleteBlocksCommandHandlerThread-1] INFO  commandhandler.DeleteBlocksCommandHandler (DeleteBlocksCommandHandler.java:logDeleteTransaction(493)) - Delete blocks for containerId: 2 is either received out of order or retried, 2 <= 2
2023-04-19 02:32:30,218 [DeleteBlocksCommandHandlerThread-2] INFO  commandhandler.DeleteBlocksCommandHandler (DeleteBlocksCommandHandler.java:logDeleteTransaction(493)) - Delete blocks for containerId: 3 is either received out of order or retried, 3 <= 3
2023-04-19 02:32:30,218 [DeleteBlocksCommandHandlerThread-2] INFO  commandhandler.DeleteBlocksCommandHandler (DeleteBlocksCommandHandler.java:logDeleteTransaction(493)) - Delete blocks for containerId: 4 is either received out of order or retried, 4 <= 4
2023-04-19 02:32:30,219 [DeleteBlocksCommandHandlerThread-2] INFO  commandhandler.DeleteBlocksCommandHandler (DeleteBlocksCommandHandler.java:logDeleteTransaction(493)) - Delete blocks for containerId: 5 is either received out of order or retried, 5 <= 5
2023-04-19 02:32:30,219 [DeleteBlocksCommandHandlerThread-2] INFO  commandhandler.DeleteBlocksCommandHandler (DeleteBlocksCommandHandler.java:logDeleteTransaction(493)) - Delete blocks for containerId: 6 is either received out of order or retried, 6 <= 6
2023-04-19 02:32:30,219 [DeleteBlocksCommandHandlerThread-2] INFO  commandhandler.DeleteBlocksCommandHandler (DeleteBlocksCommandHandler.java:logDeleteTransaction(493)) - Delete blocks for containerId: 7 is either received out of order or retried, 7 <= 7
2023-04-19 02:32:30,219 [DeleteBlocksCommandHandlerThread-2] INFO  commandhandler.DeleteBlocksCommandHandler (DeleteBlocksCommandHandler.java:logDeleteTransaction(493)) - Delete blocks for containerId: 8 is either received out of order or retried, 8 <= 8
2023-04-19 02:32:30,220 [DeleteBlocksCommandHandlerThread-2] INFO  commandhandler.DeleteBlocksCommandHandler (DeleteBlocksCommandHandler.java:logDeleteTransaction(493)) - Delete blocks for containerId: 9 is either received out of order or retried, 9 <= 9
2023-04-19 02:32:30,220 [DeleteBlocksCommandHandlerThread-1] INFO  commandhandler.DeleteBlocksCommandHandler (DeleteBlocksCommandHandler.java:logDeleteTransaction(493)) - Delete blocks for containerId: 10 is either received out of order or retried, 10 <= 10
2023-04-19 02:32:30,220 [org.apache.hadoop.ozone.container.common.statemachine.commandhandler.DeleteBlocksCommandHandler$DeleteCmdWorker@692b6703] INFO  commandhandler.DeleteBlocksCommandHandler (DeleteBlocksCommandHandler.java:processCmd(275)) - Start to delete container blocks, TXIDs=[1(3),2(3),3(3),4(3),5(2),6(3),7(3),8(3),9(2),10(2)], numOfContainers=10, numOfBlocks=10
2023-04-19 02:32:30,220 [DeleteBlocksCommandHandlerThread-1] INFO  commandhandler.DeleteBlocksCommandHandler (DeleteBlocksCommandHandler.java:logDeleteTransaction(493)) - Delete blocks for containerId: 1 is either received out of order or retried, 1 <= 1
2023-04-19 02:32:30,221 [DeleteBlocksCommandHandlerThread-1] INFO  commandhandler.DeleteBlocksCommandHandler (DeleteBlocksCommandHandler.java:logDeleteTransaction(493)) - Delete blocks for containerId: 2 is either received out of order or retried, 2 <= 2
2023-04-19 02:32:30,221 [DeleteBlocksCommandHandlerThread-1] INFO  commandhandler.DeleteBlocksCommandHandler (DeleteBlocksCommandHandler.java:logDeleteTransaction(493)) - Delete blocks for containerId: 3 is either received out of order or retried, 3 <= 3
2023-04-19 02:32:30,221 [DeleteBlocksCommandHandlerThread-1] INFO  commandhandler.DeleteBlocksCommandHandler (DeleteBlocksCommandHandler.java:logDeleteTransaction(493)) - Delete blocks for containerId: 4 is either received out of order or retried, 4 <= 4
2023-04-19 02:32:30,221 [DeleteBlocksCommandHandlerThread-1] INFO  commandhandler.DeleteBlocksCommandHandler (DeleteBlocksCommandHandler.java:logDeleteTransaction(493)) - Delete blocks for containerId: 5 is either received out of order or retried, 5 <= 5
2023-04-19 02:32:30,222 [DeleteBlocksCommandHandlerThread-1] INFO  commandhandler.DeleteBlocksCommandHandler (DeleteBlocksCommandHandler.java:logDeleteTransaction(493)) - Delete blocks for containerId: 6 is either received out of order or retried, 6 <= 6
2023-04-19 02:32:30,222 [DeleteBlocksCommandHandlerThread-1] INFO  commandhandler.DeleteBlocksCommandHandler (DeleteBlocksCommandHandler.java:logDeleteTransaction(493)) - Delete blocks for containerId: 7 is either received out of order or retried, 7 <= 7
2023-04-19 02:32:30,223 [DeleteBlocksCommandHandlerThread-1] INFO  commandhandler.DeleteBlocksCommandHandler (DeleteBlocksCommandHandler.java:logDeleteTransaction(493)) - Delete blocks for containerId: 8 is either received out of order or retried, 8 <= 8
2023-04-19 02:32:30,223 [DeleteBlocksCommandHandlerThread-1] INFO  commandhandler.DeleteBlocksCommandHandler (DeleteBlocksCommandHandler.java:logDeleteTransaction(493)) - Delete blocks for containerId: 9 is either received out of order or retried, 9 <= 9
2023-04-19 02:32:30,223 [DeleteBlocksCommandHandlerThread-1] INFO  commandhandler.DeleteBlocksCommandHandler (DeleteBlocksCommandHandler.java:logDeleteTransaction(493)) - Delete blocks for containerId: 10 is either received out of order or retried, 10 <= 10
2023-04-19 02:32:30,224 [org.apache.hadoop.ozone.container.common.statemachine.commandhandler.DeleteBlocksCommandHandler$DeleteCmdWorker@692b6703] INFO  commandhandler.DeleteBlocksCommandHandler (DeleteBlocksCommandHandler.java:processCmd(275)) - Start to delete container blocks, TXIDs=[1(4),2(4),3(4),4(4),5(3),6(4),7(4),8(4),9(3),10(3)], numOfContainers=10, numOfBlocks=10
2023-04-19 02:32:30,224 [DeleteBlocksCommandHandlerThread-1] INFO  commandhandler.DeleteBlocksCommandHandler (DeleteBlocksCommandHandler.java:logDeleteTransaction(493)) - Delete blocks for containerId: 1 is either received out of order or retried, 1 <= 1
2023-04-19 02:32:30,224 [DeleteBlocksCommandHandlerThread-0] INFO  commandhandler.DeleteBlocksCommandHandler (DeleteBlocksCommandHandler.java:logDeleteTransaction(493)) - Delete blocks for containerId: 2 is either received out of order or retried, 2 <= 2
2023-04-19 02:32:30,224 [DeleteBlocksCommandHandlerThread-3] INFO  commandhandler.DeleteBlocksCommandHandler (DeleteBlocksCommandHandler.java:logDeleteTransaction(493)) - Delete blocks for containerId: 3 is either received out of order or retried, 3 <= 3
2023-04-19 02:32:30,224 [DeleteBlocksCommandHandlerThread-0] INFO  commandhandler.DeleteBlocksCommandHandler (DeleteBlocksCommandHandler.java:logDeleteTransaction(493)) - Delete blocks for containerId: 4 is either received out of order or retried, 4 <= 4
2023-04-19 02:32:30,225 [DeleteBlocksCommandHandlerThread-3] INFO  commandhandler.DeleteBlocksCommandHandler (DeleteBlocksCommandHandler.java:logDeleteTransaction(493)) - Delete blocks for containerId: 5 is either received out of order or retried, 5 <= 5
2023-04-19 02:32:30,225 [DeleteBlocksCommandHandlerThread-0] INFO  commandhandler.DeleteBlocksCommandHandler (DeleteBlocksCommandHandler.java:logDeleteTransaction(493)) - Delete blocks for containerId: 6 is either received out of order or retried, 6 <= 6
2023-04-19 02:32:30,225 [DeleteBlocksCommandHandlerThread-3] INFO  commandhandler.DeleteBlocksCommandHandler (DeleteBlocksCommandHandler.java:logDeleteTransaction(493)) - Delete blocks for containerId: 7 is either received out of order or retried, 7 <= 7
2023-04-19 02:32:30,225 [DeleteBlocksCommandHandlerThread-0] INFO  commandhandler.DeleteBlocksCommandHandler (DeleteBlocksCommandHandler.java:logDeleteTransaction(493)) - Delete blocks for containerId: 8 is either received out of order or retried, 8 <= 8
2023-04-19 02:32:30,225 [DeleteBlocksCommandHandlerThread-3] INFO  commandhandler.DeleteBlocksCommandHandler (DeleteBlocksCommandHandler.java:logDeleteTransaction(493)) - Delete blocks for containerId: 9 is either received out of order or retried, 9 <= 9
2023-04-19 02:32:30,225 [DeleteBlocksCommandHandlerThread-0] INFO  commandhandler.DeleteBlocksCommandHandler (DeleteBlocksCommandHandler.java:logDeleteTransaction(493)) - Delete blocks for containerId: 10 is either received out of order or retried, 10 <= 10
2023-04-19 02:32:30,226 [org.apache.hadoop.ozone.container.common.statemachine.commandhandler.DeleteBlocksCommandHandler$DeleteCmdWorker@692b6703] INFO  commandhandler.DeleteBlocksCommandHandler (DeleteBlocksCommandHandler.java:processCmd(275)) - Start to delete container blocks, TXIDs=[1(5),2(5),3(5),4(5),5(4),6(5),7(5),8(5),9(4),10(4)], numOfContainers=10, numOfBlocks=10
2023-04-19 02:32:30,226 [DeleteBlocksCommandHandlerThread-3] INFO  commandhandler.DeleteBlocksCommandHandler (DeleteBlocksCommandHandler.java:logDeleteTransaction(493)) - Delete blocks for containerId: 1 is either received out of order or retried, 1 <= 1
2023-04-19 02:32:30,226 [BlockDeletingService#4] INFO  interfaces.ContainerDeletionChoosingPolicyTemplate (ContainerDeletionChoosingPolicyTemplate.java:chooseContainerForBlockDeletion(83)) - Chosen 0/5000 blocks from 0 candidate containers.
2023-04-19 02:32:30,226 [DeleteBlocksCommandHandlerThread-1] INFO  commandhandler.DeleteBlocksCommandHandler (DeleteBlocksCommandHandler.java:logDeleteTransaction(493)) - Delete blocks for containerId: 2 is either received out of order or retried, 2 <= 2
2023-04-19 02:32:30,227 [DeleteBlocksCommandHandlerThread-3] INFO  commandhandler.DeleteBlocksCommandHandler (DeleteBlocksCommandHandler.java:logDeleteTransaction(493)) - Delete blocks for containerId: 3 is either received out of order or retried, 3 <= 3
2023-04-19 02:32:30,227 [DeleteBlocksCommandHandlerThread-1] INFO  commandhandler.DeleteBlocksCommandHandler (DeleteBlocksCommandHandler.java:logDeleteTransaction(493)) - Delete blocks for containerId: 4 is either received out of order or retried, 4 <= 4
2023-04-19 02:32:30,227 [DeleteBlocksCommandHandlerThread-3] INFO  commandhandler.DeleteBlocksCommandHandler (DeleteBlocksCommandHandler.java:logDeleteTransaction(493)) - Delete blocks for containerId: 5 is either received out of order or retried, 5 <= 5
2023-04-19 02:32:30,227 [DeleteBlocksCommandHandlerThread-1] INFO  commandhandler.DeleteBlocksCommandHandler (DeleteBlocksCommandHandler.java:logDeleteTransaction(493)) - Delete blocks for containerId: 6 is either received out of order or retried, 6 <= 6
2023-04-19 02:32:30,227 [DeleteBlocksCommandHandlerThread-2] INFO  commandhandler.DeleteBlocksCommandHandler (DeleteBlocksCommandHandler.java:logDeleteTransaction(493)) - Delete blocks for containerId: 9 is either received out of order or retried, 9 <= 9
2023-04-19 02:32:30,227 [DeleteBlocksCommandHandlerThread-1] INFO  commandhandler.DeleteBlocksCommandHandler (DeleteBlocksCommandHandler.java:logDeleteTransaction(493)) - Delete blocks for containerId: 10 is either received out of order or retried, 10 <= 10
2023-04-19 02:32:30,227 [DeleteBlocksCommandHandlerThread-4] INFO  commandhandler.DeleteBlocksCommandHandler (DeleteBlocksCommandHandler.java:logDeleteTransaction(493)) - Delete blocks for containerId: 8 is either received out of order or retried, 8 <= 8
2023-04-19 02:32:30,227 [DeleteBlocksCommandHandlerThread-3] INFO  commandhandler.DeleteBlocksCommandHandler (DeleteBlocksCommandHandler.java:logDeleteTransaction(493)) - Delete blocks for containerId: 7 is either received out of order or retried, 7 <= 7
2023-04-19 02:32:30,284 [SCMBlockDeletingService#0] DEBUG block.SCMBlockDeletingService (SCMBlockDeletingService.java:shouldRun(251)) - Check scm block delete run: true serviceStatus: RUNNING safemodeExitRunDelayMillis: 3000 alreadyWaitTimeInMillis: 5999
2023-04-19 02:32:30,284 [SCMBlockDeletingService#0] DEBUG block.SCMBlockDeletingService (SCMBlockDeletingService.java:call(154)) - Running DeletedBlockTransactionScanner
2023-04-19 02:32:30,297 [BlockDeletingService#2] INFO  interfaces.ContainerDeletionChoosingPolicyTemplate (ContainerDeletionChoosingPolicyTemplate.java:chooseContainerForBlockDeletion(83)) - Chosen 0/5000 blocks from 0 candidate containers.
2023-04-19 02:32:30,310 [BlockDeletingService#2] INFO  interfaces.ContainerDeletionChoosingPolicyTemplate (ContainerDeletionChoosingPolicyTemplate.java:chooseContainerForBlockDeletion(83)) - Chosen 57/4943 blocks from 10 candidate containers.
2023-04-19 02:32:30,311 [BlockDeletingService#1] INFO  impl.FilePerBlockStrategy (FilePerBlockStrategy.java:deleteChunk(252)) - Deleted block file: /home/runner/work/ozone/ozone/hadoop-ozone/integration-test/target/test-dir/MiniOzoneClusterImpl-4a8f3de1-6dc7-4495-8b56-1623617bdc2e/datanode-1/data-0/containers/hdds/4a8f3de1-6dc7-4495-8b56-1623617bdc2e/current/containerDir0/1/chunks/111677748019200001.block
2023-04-19 02:32:30,311 [BlockDeletingService#1] INFO  impl.FilePerBlockStrategy (FilePerBlockStrategy.java:deleteChunk(252)) - Deleted block file: /home/runner/work/ozone/ozone/hadoop-ozone/integration-test/target/test-dir/MiniOzoneClusterImpl-4a8f3de1-6dc7-4495-8b56-1623617bdc2e/datanode-1/data-0/containers/hdds/4a8f3de1-6dc7-4495-8b56-1623617bdc2e/current/containerDir0/9/chunks/111677748019200009.block
2023-04-19 02:32:30,312 [BlockDeletingService#1] INFO  impl.FilePerBlockStrategy (FilePerBlockStrategy.java:deleteChunk(252)) - Deleted block file: /home/runner/work/ozone/ozone/hadoop-ozone/integration-test/target/test-dir/MiniOzoneClusterImpl-4a8f3de1-6dc7-4495-8b56-1623617bdc2e/datanode-1/data-0/containers/hdds/4a8f3de1-6dc7-4495-8b56-1623617bdc2e/current/containerDir0/5/chunks/111677748019200005.block
2023-04-19 02:32:30,313 [BlockDeletingService#2] INFO  impl.FilePerBlockStrategy (FilePerBlockStrategy.java:deleteChunk(252)) - Deleted block file: /home/runner/work/ozone/ozone/hadoop-ozone/integration-test/target/test-dir/MiniOzoneClusterImpl-4a8f3de1-6dc7-4495-8b56-1623617bdc2e/datanode-1/data-0/containers/hdds/4a8f3de1-6dc7-4495-8b56-1623617bdc2e/current/containerDir0/7/chunks/111677748019200007.block
2023-04-19 02:32:30,313 [BlockDeletingService#7] INFO  impl.FilePerBlockStrategy (FilePerBlockStrategy.java:deleteChunk(252)) - Deleted block file: /home/runner/work/ozone/ozone/hadoop-ozone/integration-test/target/test-dir/MiniOzoneClusterImpl-4a8f3de1-6dc7-4495-8b56-1623617bdc2e/datanode-1/data-0/containers/hdds/4a8f3de1-6dc7-4495-8b56-1623617bdc2e/current/containerDir0/6/chunks/111677748019200006.block
2023-04-19 02:32:30,311 [BlockDeletingService#6] INFO  impl.FilePerBlockStrategy (FilePerBlockStrategy.java:deleteChunk(252)) - Deleted block file: /home/runner/work/ozone/ozone/hadoop-ozone/integration-test/target/test-dir/MiniOzoneClusterImpl-4a8f3de1-6dc7-4495-8b56-1623617bdc2e/datanode-1/data-0/containers/hdds/4a8f3de1-6dc7-4495-8b56-1623617bdc2e/current/containerDir0/10/chunks/111677748019200010.block
2023-04-19 02:32:30,313 [BlockDeletingService#8] INFO  impl.FilePerBlockStrategy (FilePerBlockStrategy.java:deleteChunk(252)) - Deleted block file: /home/runner/work/ozone/ozone/hadoop-ozone/integration-test/target/test-dir/MiniOzoneClusterImpl-4a8f3de1-6dc7-4495-8b56-1623617bdc2e/datanode-1/data-0/containers/hdds/4a8f3de1-6dc7-4495-8b56-1623617bdc2e/current/containerDir0/2/chunks/111677748019200002.block
2023-04-19 02:32:30,314 [BlockDeletingService#0] INFO  impl.FilePerBlockStrategy (FilePerBlockStrategy.java:deleteChunk(252)) - Deleted block file: /home/runner/work/ozone/ozone/hadoop-ozone/integration-test/target/test-dir/MiniOzoneClusterImpl-4a8f3de1-6dc7-4495-8b56-1623617bdc2e/datanode-1/data-0/containers/hdds/4a8f3de1-6dc7-4495-8b56-1623617bdc2e/current/containerDir0/3/chunks/111677748019200003.block
2023-04-19 02:32:30,314 [BlockDeletingService#7] INFO  impl.FilePerBlockStrategy (FilePerBlockStrategy.java:deleteChunk(252)) - Deleted block file: /home/runner/work/ozone/ozone/hadoop-ozone/integration-test/target/test-dir/MiniOzoneClusterImpl-4a8f3de1-6dc7-4495-8b56-1623617bdc2e/datanode-1/data-0/containers/hdds/4a8f3de1-6dc7-4495-8b56-1623617bdc2e/current/containerDir0/4/chunks/111677748019200004.block
2023-04-19 02:32:30,315 [BlockDeletingService#3] INFO  impl.FilePerBlockStrategy (FilePerBlockStrategy.java:deleteChunk(252)) - Deleted block file: /home/runner/work/ozone/ozone/hadoop-ozone/integration-test/target/test-dir/MiniOzoneClusterImpl-4a8f3de1-6dc7-4495-8b56-1623617bdc2e/datanode-1/data-0/containers/hdds/4a8f3de1-6dc7-4495-8b56-1623617bdc2e/current/containerDir0/8/chunks/111677748019200008.block
2023-04-19 02:32:30,326 [BlockDeletingService#4] INFO  interfaces.ContainerDeletionChoosingPolicyTemplate (ContainerDeletionChoosingPolicyTemplate.java:chooseContainerForBlockDeletion(83)) - Chosen 0/5000 blocks from 0 candidate containers.
2023-04-19 02:32:30,384 [SCMBlockDeletingService#0] DEBUG block.SCMBlockDeletingService (SCMBlockDeletingService.java:shouldRun(251)) - Check scm block delete run: true serviceStatus: RUNNING safemodeExitRunDelayMillis: 3000 alreadyWaitTimeInMillis: 6099
2023-04-19 02:32:30,384 [SCMBlockDeletingService#0] DEBUG block.SCMBlockDeletingService (SCMBlockDeletingService.java:call(154)) - Running DeletedBlockTransactionScanner
2023-04-19 02:32:30,384 [SCMBlockDeletingService#0] DEBUG block.SCMBlockDeletingService (DatanodeDeletedBlockTransactions.java:addTransactionToDN(50)) - Transaction added: 8050b7c4-5854-4456-9ff4-a8181b586109 <- TX(1)
2023-04-19 02:32:30,385 [SCMBlockDeletingService#0] DEBUG block.SCMBlockDeletingService (DatanodeDeletedBlockTransactions.java:addTransactionToDN(50)) - Transaction added: 209e8f7b-7310-4c05-bc4d-708a2d801edb <- TX(1)
2023-04-19 02:32:30,385 [SCMBlockDeletingService#0] DEBUG block.SCMBlockDeletingService (DatanodeDeletedBlockTransactions.java:addTransactionToDN(50)) - Transaction added: 8050b7c4-5854-4456-9ff4-a8181b586109 <- TX(2)
2023-04-19 02:32:30,385 [SCMBlockDeletingService#0] DEBUG block.SCMBlockDeletingService (DatanodeDeletedBlockTransactions.java:addTransactionToDN(50)) - Transaction added: 209e8f7b-7310-4c05-bc4d-708a2d801edb <- TX(2)
2023-04-19 02:32:30,385 [SCMBlockDeletingService#0] DEBUG block.SCMBlockDeletingService (DatanodeDeletedBlockTransactions.java:addTransactionToDN(50)) - Transaction added: 8050b7c4-5854-4456-9ff4-a8181b586109 <- TX(3)
2023-04-19 02:32:30,385 [SCMBlockDeletingService#0] DEBUG block.SCMBlockDeletingService (DatanodeDeletedBlockTransactions.java:addTransactionToDN(50)) - Transaction added: 209e8f7b-7310-4c05-bc4d-708a2d801edb <- TX(3)
2023-04-19 02:32:30,385 [SCMBlockDeletingService#0] DEBUG block.SCMBlockDeletingService (DatanodeDeletedBlockTransactions.java:addTransactionToDN(50)) - Transaction added: 8050b7c4-5854-4456-9ff4-a8181b586109 <- TX(4)
2023-04-19 02:32:30,385 [SCMBlockDeletingService#0] DEBUG block.SCMBlockDeletingService (DatanodeDeletedBlockTransactions.java:addTransactionToDN(50)) - Transaction added: 209e8f7b-7310-4c05-bc4d-708a2d801edb <- TX(4)
2023-04-19 02:32:30,385 [SCMBlockDeletingService#0] DEBUG block.SCMBlockDeletingService (DatanodeDeletedBlockTransactions.java:addTransactionToDN(50)) - Transaction added: 8050b7c4-5854-4456-9ff4-a8181b586109 <- TX(5)
2023-04-19 02:32:30,385 [SCMBlockDeletingService#0] DEBUG block.SCMBlockDeletingService (DatanodeDeletedBlockTransactions.java:addTransactionToDN(50)) - Transaction added: 209e8f7b-7310-4c05-bc4d-708a2d801edb <- TX(5)
2023-04-19 02:32:30,385 [SCMBlockDeletingService#0] DEBUG block.SCMBlockDeletingService (DatanodeDeletedBlockTransactions.java:addTransactionToDN(50)) - Transaction added: 14fab107-599d-4166-92e2-a49b96c274c4 <- TX(5)
2023-04-19 02:32:30,385 [SCMBlockDeletingService#0] DEBUG block.SCMBlockDeletingService (DatanodeDeletedBlockTransactions.java:addTransactionToDN(50)) - Transaction added: 8050b7c4-5854-4456-9ff4-a8181b586109 <- TX(6)
2023-04-19 02:32:30,385 [SCMBlockDeletingService#0] DEBUG block.SCMBlockDeletingService (DatanodeDeletedBlockTransactions.java:addTransactionToDN(50)) - Transaction added: 209e8f7b-7310-4c05-bc4d-708a2d801edb <- TX(6)
2023-04-19 02:32:30,385 [SCMBlockDeletingService#0] DEBUG block.SCMBlockDeletingService (DatanodeDeletedBlockTransactions.java:addTransactionToDN(50)) - Transaction added: 209e8f7b-7310-4c05-bc4d-708a2d801edb <- TX(7)
2023-04-19 02:32:30,385 [SCMBlockDeletingService#0] DEBUG block.SCMBlockDeletingService (DatanodeDeletedBlockTransactions.java:addTransactionToDN(50)) - Transaction added: 8050b7c4-5854-4456-9ff4-a8181b586109 <- TX(7)
2023-04-19 02:32:30,385 [SCMBlockDeletingService#0] DEBUG block.SCMBlockDeletingService (DatanodeDeletedBlockTransactions.java:addTransactionToDN(50)) - Transaction added: 8050b7c4-5854-4456-9ff4-a8181b586109 <- TX(8)
2023-04-19 02:32:30,385 [SCMBlockDeletingService#0] DEBUG block.SCMBlockDeletingService (DatanodeDeletedBlockTransactions.java:addTransactionToDN(50)) - Transaction added: 209e8f7b-7310-4c05-bc4d-708a2d801edb <- TX(8)
2023-04-19 02:32:30,386 [SCMBlockDeletingService#0] DEBUG block.SCMBlockDeletingService (DatanodeDeletedBlockTransactions.java:addTransactionToDN(50)) - Transaction added: 209e8f7b-7310-4c05-bc4d-708a2d801edb <- TX(9)
2023-04-19 02:32:30,386 [SCMBlockDeletingService#0] DEBUG block.SCMBlockDeletingService (DatanodeDeletedBlockTransactions.java:addTransactionToDN(50)) - Transaction added: 14fab107-599d-4166-92e2-a49b96c274c4 <- TX(9)
2023-04-19 02:32:30,386 [SCMBlockDeletingService#0] DEBUG block.SCMBlockDeletingService (DatanodeDeletedBlockTransactions.java:addTransactionToDN(50)) - Transaction added: 8050b7c4-5854-4456-9ff4-a8181b586109 <- TX(9)
2023-04-19 02:32:30,386 [SCMBlockDeletingService#0] DEBUG block.SCMBlockDeletingService (DatanodeDeletedBlockTransactions.java:addTransactionToDN(50)) - Transaction added: 8050b7c4-5854-4456-9ff4-a8181b586109 <- TX(10)
2023-04-19 02:32:30,386 [SCMBlockDeletingService#0] DEBUG block.SCMBlockDeletingService (DatanodeDeletedBlockTransactions.java:addTransactionToDN(50)) - Transaction added: 209e8f7b-7310-4c05-bc4d-708a2d801edb <- TX(10)
2023-04-19 02:32:30,386 [SCMBlockDeletingService#0] DEBUG block.SCMBlockDeletingService (DatanodeDeletedBlockTransactions.java:addTransactionToDN(50)) - Transaction added: 14fab107-599d-4166-92e2-a49b96c274c4 <- TX(10)
2023-04-19 02:32:30,386 [SCMBlockDeletingService#0] DEBUG block.SCMBlockDeletingService (SCMBlockDeletingService.java:call(189)) - Added delete block command for datanode 14fab107-599d-4166-92e2-a49b96c274c4 in the queue, number of delete block transactions: 3
2023-04-19 02:32:30,386 [SCMBlockDeletingService#0] DEBUG block.SCMBlockDeletingService (SCMBlockDeletingService.java:call(189)) - Added delete block command for datanode 8050b7c4-5854-4456-9ff4-a8181b586109 in the queue, number of delete block transactions: 10
2023-04-19 02:32:30,386 [SCMBlockDeletingService#0] DEBUG block.SCMBlockDeletingService (SCMBlockDeletingService.java:call(189)) - Added delete block command for datanode 209e8f7b-7310-4c05-bc4d-708a2d801edb in the queue, number of delete block transactions: 10
2023-04-19 02:32:30,386 [SCMBlockDeletingService#0] INFO  block.SCMBlockDeletingService (SCMBlockDeletingService.java:call(198)) - Totally added 23 blocks to be deleted for 3 datanodes, task elapsed time: 2ms
2023-04-19 02:32:30,397 [BlockDeletingService#2] INFO  interfaces.ContainerDeletionChoosingPolicyTemplate (ContainerDeletionChoosingPolicyTemplate.java:chooseContainerForBlockDeletion(83)) - Chosen 0/5000 blocks from 0 candidate containers.
2023-04-19 02:32:30,423 [BlockDeletingService#1] INFO  interfaces.ContainerDeletionChoosingPolicyTemplate (ContainerDeletionChoosingPolicyTemplate.java:chooseContainerForBlockDeletion(83)) - Chosen 47/4953 blocks from 10 candidate containers.
2023-04-19 02:32:30,424 [BlockDeletingService#1] INFO  background.BlockDeletingService (BlockDeletingService.java:deleteViaTransactionStore(483)) - No transaction found in container 1 with pending delete block count 5
2023-04-19 02:32:30,424 [BlockDeletingService#1] INFO  background.BlockDeletingService (BlockDeletingService.java:deleteViaTransactionStore(483)) - No transaction found in container 10 with pending delete block count 4
2023-04-19 02:32:30,424 [BlockDeletingService#1] INFO  background.BlockDeletingService (BlockDeletingService.java:deleteViaTransactionStore(483)) - No transaction found in container 9 with pending delete block count 4
2023-04-19 02:32:30,424 [BlockDeletingService#1] INFO  background.BlockDeletingService (BlockDeletingService.java:deleteViaTransactionStore(483)) - No transaction found in container 5 with pending delete block count 4
2023-04-19 02:32:30,424 [BlockDeletingService#1] INFO  background.BlockDeletingService (BlockDeletingService.java:deleteViaTransactionStore(483)) - No transaction found in container 7 with pending delete block count 5
2023-04-19 02:32:30,424 [BlockDeletingService#1] INFO  background.BlockDeletingService (BlockDeletingService.java:deleteViaTransactionStore(483)) - No transaction found in container 6 with pending delete block count 5
2023-04-19 02:32:30,425 [BlockDeletingService#1] INFO  background.BlockDeletingService (BlockDeletingService.java:deleteViaTransactionStore(483)) - No transaction found in container 4 with pending delete block count 5
2023-04-19 02:32:30,425 [BlockDeletingService#1] INFO  background.BlockDeletingService (BlockDeletingService.java:deleteViaTransactionStore(483)) - No transaction found in container 3 with pending delete block count 5
2023-04-19 02:32:30,425 [BlockDeletingService#1] INFO  background.BlockDeletingService (BlockDeletingService.java:deleteViaTransactionStore(483)) - No transaction found in container 2 with pending delete block count 5
2023-04-19 02:32:30,424 [BlockDeletingService#8] INFO  background.BlockDeletingService (BlockDeletingService.java:deleteViaTransactionStore(483)) - No transaction found in container 8 with pending delete block count 5
2023-04-19 02:32:30,427 [BlockDeletingService#4] INFO  interfaces.ContainerDeletionChoosingPolicyTemplate (ContainerDeletionChoosingPolicyTemplate.java:chooseContainerForBlockDeletion(83)) - Chosen 0/5000 blocks from 0 candidate containers.
2023-04-19 02:32:30,484 [SCMBlockDeletingService#0] DEBUG block.SCMBlockDeletingService (SCMBlockDeletingService.java:shouldRun(251)) - Check scm block delete run: true serviceStatus: RUNNING safemodeExitRunDelayMillis: 3000 alreadyWaitTimeInMillis: 6199
2023-04-19 02:32:30,484 [SCMBlockDeletingService#0] DEBUG block.SCMBlockDeletingService (SCMBlockDeletingService.java:call(154)) - Running DeletedBlockTransactionScanner
2023-04-19 02:32:30,498 [BlockDeletingService#2] INFO  interfaces.ContainerDeletionChoosingPolicyTemplate (ContainerDeletionChoosingPolicyTemplate.java:chooseContainerForBlockDeletion(83)) - Chosen 0/5000 blocks from 0 candidate containers.
2023-04-19 02:32:30,523 [BlockDeletingService#1] INFO  interfaces.ContainerDeletionChoosingPolicyTemplate (ContainerDeletionChoosingPolicyTemplate.java:chooseContainerForBlockDeletion(83)) - Chosen 0/5000 blocks from 0 candidate containers.
2023-04-19 02:32:30,527 [BlockDeletingService#4] INFO  interfaces.ContainerDeletionChoosingPolicyTemplate (ContainerDeletionChoosingPolicyTemplate.java:chooseContainerForBlockDeletion(83)) - Chosen 0/5000 blocks from 0 candidate containers.
2023-04-19 02:32:30,542 [EventQueue-DeleteBlockStatusForDeletedBlockLogImpl] DEBUG block.DeletedBlockLogImpl (DeletedBlockLogImpl.java:isTransactionFailed(314)) - Got block deletion ACK from datanode, TXIDs=1, success=true
2023-04-19 02:32:30,542 [EventQueue-DeleteBlockStatusForDeletedBlockLogImpl] DEBUG block.DeletedBlockLogImpl (DeletedBlockLogImpl.java:commitTransactions(292)) - Datanode txId=1 containerId=#1 committed by dnId=8050b7c4-5854-4456-9ff4-a8181b586109
2023-04-19 02:32:30,542 [EventQueue-DeleteBlockStatusForDeletedBlockLogImpl] DEBUG block.DeletedBlockLogImpl (DeletedBlockLogImpl.java:isTransactionFailed(314)) - Got block deletion ACK from datanode, TXIDs=2, success=true
2023-04-19 02:32:30,542 [EventQueue-DeleteBlockStatusForDeletedBlockLogImpl] DEBUG block.DeletedBlockLogImpl (DeletedBlockLogImpl.java:commitTransactions(292)) - Datanode txId=2 containerId=#2 committed by dnId=8050b7c4-5854-4456-9ff4-a8181b586109
2023-04-19 02:32:30,542 [EventQueue-DeleteBlockStatusForDeletedBlockLogImpl] DEBUG block.DeletedBlockLogImpl (DeletedBlockLogImpl.java:isTransactionFailed(314)) - Got block deletion ACK from datanode, TXIDs=3, success=true
2023-04-19 02:32:30,542 [EventQueue-DeleteBlockStatusForDeletedBlockLogImpl] DEBUG block.DeletedBlockLogImpl (DeletedBlockLogImpl.java:commitTransactions(292)) - Datanode txId=3 containerId=#3 committed by dnId=8050b7c4-5854-4456-9ff4-a8181b586109
2023-04-19 02:32:30,542 [EventQueue-DeleteBlockStatusForDeletedBlockLogImpl] DEBUG block.DeletedBlockLogImpl (DeletedBlockLogImpl.java:isTransactionFailed(314)) - Got block deletion ACK from datanode, TXIDs=4, success=true
2023-04-19 02:32:30,542 [EventQueue-DeleteBlockStatusForDeletedBlockLogImpl] DEBUG block.DeletedBlockLogImpl (DeletedBlockLogImpl.java:commitTransactions(292)) - Datanode txId=4 containerId=#4 committed by dnId=8050b7c4-5854-4456-9ff4-a8181b586109
2023-04-19 02:32:30,542 [EventQueue-DeleteBlockStatusForDeletedBlockLogImpl] DEBUG block.DeletedBlockLogImpl (DeletedBlockLogImpl.java:isTransactionFailed(314)) - Got block deletion ACK from datanode, TXIDs=5, success=true
2023-04-19 02:32:30,542 [EventQueue-DeleteBlockStatusForDeletedBlockLogImpl] DEBUG block.DeletedBlockLogImpl (DeletedBlockLogImpl.java:commitTransactions(292)) - Datanode txId=5 containerId=#5 committed by dnId=8050b7c4-5854-4456-9ff4-a8181b586109
2023-04-19 02:32:30,542 [EventQueue-DeleteBlockStatusForDeletedBlockLogImpl] DEBUG block.DeletedBlockLogImpl (DeletedBlockLogImpl.java:isTransactionFailed(314)) - Got block deletion ACK from datanode, TXIDs=6, success=true
2023-04-19 02:32:30,543 [EventQueue-DeleteBlockStatusForDeletedBlockLogImpl] DEBUG block.DeletedBlockLogImpl (DeletedBlockLogImpl.java:commitTransactions(292)) - Datanode txId=6 containerId=#6 committed by dnId=8050b7c4-5854-4456-9ff4-a8181b586109
2023-04-19 02:32:30,543 [EventQueue-DeleteBlockStatusForDeletedBlockLogImpl] DEBUG block.DeletedBlockLogImpl (DeletedBlockLogImpl.java:isTransactionFailed(314)) - Got block deletion ACK from datanode, TXIDs=7, success=true
2023-04-19 02:32:30,543 [EventQueue-DeleteBlockStatusForDeletedBlockLogImpl] DEBUG block.DeletedBlockLogImpl (DeletedBlockLogImpl.java:commitTransactions(292)) - Datanode txId=7 containerId=#7 committed by dnId=8050b7c4-5854-4456-9ff4-a8181b586109
2023-04-19 02:32:30,543 [EventQueue-DeleteBlockStatusForDeletedBlockLogImpl] DEBUG block.DeletedBlockLogImpl (DeletedBlockLogImpl.java:isTransactionFailed(314)) - Got block deletion ACK from datanode, TXIDs=8, success=true
2023-04-19 02:32:30,543 [EventQueue-DeleteBlockStatusForDeletedBlockLogImpl] DEBUG block.DeletedBlockLogImpl (DeletedBlockLogImpl.java:commitTransactions(292)) - Datanode txId=8 containerId=#8 committed by dnId=8050b7c4-5854-4456-9ff4-a8181b586109
2023-04-19 02:32:30,543 [EventQueue-DeleteBlockStatusForDeletedBlockLogImpl] DEBUG block.DeletedBlockLogImpl (DeletedBlockLogImpl.java:isTransactionFailed(314)) - Got block deletion ACK from datanode, TXIDs=9, success=true
2023-04-19 02:32:30,543 [EventQueue-DeleteBlockStatusForDeletedBlockLogImpl] DEBUG block.DeletedBlockLogImpl (DeletedBlockLogImpl.java:commitTransactions(292)) - Datanode txId=9 containerId=#9 committed by dnId=8050b7c4-5854-4456-9ff4-a8181b586109
2023-04-19 02:32:30,543 [EventQueue-DeleteBlockStatusForDeletedBlockLogImpl] DEBUG block.DeletedBlockLogImpl (DeletedBlockLogImpl.java:isTransactionFailed(314)) - Got block deletion ACK from datanode, TXIDs=10, success=true
2023-04-19 02:32:30,543 [EventQueue-DeleteBlockStatusForDeletedBlockLogImpl] DEBUG block.DeletedBlockLogImpl (DeletedBlockLogImpl.java:commitTransactions(292)) - Datanode txId=10 containerId=#10 committed by dnId=8050b7c4-5854-4456-9ff4-a8181b586109
2023-04-19 02:32:30,543 [EventQueue-DeleteBlockStatusForDeletedBlockLogImpl] DEBUG block.DeletedBlockLogImpl (DeletedBlockLogImpl.java:isTransactionFailed(314)) - Got block deletion ACK from datanode, TXIDs=1, success=true
2023-04-19 02:32:30,543 [EventQueue-DeleteBlockStatusForDeletedBlockLogImpl] DEBUG block.DeletedBlockLogImpl (DeletedBlockLogImpl.java:commitTransactions(292)) - Datanode txId=1 containerId=#1 committed by dnId=8050b7c4-5854-4456-9ff4-a8181b586109
2023-04-19 02:32:30,543 [EventQueue-DeleteBlockStatusForDeletedBlockLogImpl] DEBUG block.DeletedBlockLogImpl (DeletedBlockLogImpl.java:isTransactionFailed(314)) - Got block deletion ACK from datanode, TXIDs=2, success=true
2023-04-19 02:32:30,543 [EventQueue-DeleteBlockStatusForDeletedBlockLogImpl] DEBUG block.DeletedBlockLogImpl (DeletedBlockLogImpl.java:commitTransactions(292)) - Datanode txId=2 containerId=#2 committed by dnId=8050b7c4-5854-4456-9ff4-a8181b586109
2023-04-19 02:32:30,543 [EventQueue-DeleteBlockStatusForDeletedBlockLogImpl] DEBUG block.DeletedBlockLogImpl (DeletedBlockLogImpl.java:isTransactionFailed(314)) - Got block deletion ACK from datanode, TXIDs=3, success=true
2023-04-19 02:32:30,543 [EventQueue-DeleteBlockStatusForDeletedBlockLogImpl] DEBUG block.DeletedBlockLogImpl (DeletedBlockLogImpl.java:commitTransactions(292)) - Datanode txId=3 containerId=#3 committed by dnId=8050b7c4-5854-4456-9ff4-a8181b586109
2023-04-19 02:32:30,543 [EventQueue-DeleteBlockStatusForDeletedBlockLogImpl] DEBUG block.DeletedBlockLogImpl (DeletedBlockLogImpl.java:isTransactionFailed(314)) - Got block deletion ACK from datanode, TXIDs=4, success=true
2023-04-19 02:32:30,543 [EventQueue-DeleteBlockStatusForDeletedBlockLogImpl] DEBUG block.DeletedBlockLogImpl (DeletedBlockLogImpl.java:commitTransactions(292)) - Datanode txId=4 containerId=#4 committed by dnId=8050b7c4-5854-4456-9ff4-a8181b586109
2023-04-19 02:32:30,543 [EventQueue-DeleteBlockStatusForDeletedBlockLogImpl] DEBUG block.DeletedBlockLogImpl (DeletedBlockLogImpl.java:isTransactionFailed(314)) - Got block deletion ACK from datanode, TXIDs=5, success=true
2023-04-19 02:32:30,543 [EventQueue-DeleteBlockStatusForDeletedBlockLogImpl] DEBUG block.DeletedBlockLogImpl (DeletedBlockLogImpl.java:commitTransactions(292)) - Datanode txId=5 containerId=#5 committed by dnId=8050b7c4-5854-4456-9ff4-a8181b586109
2023-04-19 02:32:30,543 [EventQueue-DeleteBlockStatusForDeletedBlockLogImpl] DEBUG block.DeletedBlockLogImpl (DeletedBlockLogImpl.java:isTransactionFailed(314)) - Got block deletion ACK from datanode, TXIDs=6, success=true
2023-04-19 02:32:30,543 [EventQueue-DeleteBlockStatusForDeletedBlockLogImpl] DEBUG block.DeletedBlockLogImpl (DeletedBlockLogImpl.java:commitTransactions(292)) - Datanode txId=6 containerId=#6 committed by dnId=8050b7c4-5854-4456-9ff4-a8181b586109
2023-04-19 02:32:30,543 [EventQueue-DeleteBlockStatusForDeletedBlockLogImpl] DEBUG block.DeletedBlockLogImpl (DeletedBlockLogImpl.java:isTransactionFailed(314)) - Got block deletion ACK from datanode, TXIDs=7, success=true
2023-04-19 02:32:30,543 [EventQueue-DeleteBlockStatusForDeletedBlockLogImpl] DEBUG block.DeletedBlockLogImpl (DeletedBlockLogImpl.java:commitTransactions(292)) - Datanode txId=7 containerId=#7 committed by dnId=8050b7c4-5854-4456-9ff4-a8181b586109
2023-04-19 02:32:30,543 [EventQueue-DeleteBlockStatusForDeletedBlockLogImpl] DEBUG block.DeletedBlockLogImpl (DeletedBlockLogImpl.java:isTransactionFailed(314)) - Got block deletion ACK from datanode, TXIDs=8, success=true
2023-04-19 02:32:30,543 [EventQueue-DeleteBlockStatusForDeletedBlockLogImpl] DEBUG block.DeletedBlockLogImpl (DeletedBlockLogImpl.java:commitTransactions(292)) - Datanode txId=8 containerId=#8 committed by dnId=8050b7c4-5854-4456-9ff4-a8181b586109
2023-04-19 02:32:30,543 [EventQueue-DeleteBlockStatusForDeletedBlockLogImpl] DEBUG block.DeletedBlockLogImpl (DeletedBlockLogImpl.java:isTransactionFailed(314)) - Got block deletion ACK from datanode, TXIDs=9, success=true
2023-04-19 02:32:30,543 [EventQueue-DeleteBlockStatusForDeletedBlockLogImpl] DEBUG block.DeletedBlockLogImpl (DeletedBlockLogImpl.java:commitTransactions(292)) - Datanode txId=9 containerId=#9 committed by dnId=8050b7c4-5854-4456-9ff4-a8181b586109
2023-04-19 02:32:30,543 [EventQueue-DeleteBlockStatusForDeletedBlockLogImpl] DEBUG block.DeletedBlockLogImpl (DeletedBlockLogImpl.java:isTransactionFailed(314)) - Got block deletion ACK from datanode, TXIDs=10, success=true
2023-04-19 02:32:30,543 [EventQueue-DeleteBlockStatusForDeletedBlockLogImpl] DEBUG block.DeletedBlockLogImpl (DeletedBlockLogImpl.java:commitTransactions(292)) - Datanode txId=10 containerId=#10 committed by dnId=8050b7c4-5854-4456-9ff4-a8181b586109
2023-04-19 02:32:30,544 [EventQueue-DeleteBlockStatusForDeletedBlockLogImpl] DEBUG block.DeletedBlockLogImpl (DeletedBlockLogImpl.java:isTransactionFailed(314)) - Got block deletion ACK from datanode, TXIDs=1, success=true
2023-04-19 02:32:30,544 [EventQueue-DeleteBlockStatusForDeletedBlockLogImpl] DEBUG block.DeletedBlockLogImpl (DeletedBlockLogImpl.java:commitTransactions(292)) - Datanode txId=1 containerId=#1 committed by dnId=8050b7c4-5854-4456-9ff4-a8181b586109
2023-04-19 02:32:30,544 [EventQueue-DeleteBlockStatusForDeletedBlockLogImpl] DEBUG block.DeletedBlockLogImpl (DeletedBlockLogImpl.java:isTransactionFailed(314)) - Got block deletion ACK from datanode, TXIDs=2, success=true
2023-04-19 02:32:30,544 [EventQueue-DeleteBlockStatusForDeletedBlockLogImpl] DEBUG block.DeletedBlockLogImpl (DeletedBlockLogImpl.java:commitTransactions(292)) - Datanode txId=2 containerId=#2 committed by dnId=8050b7c4-5854-4456-9ff4-a8181b586109
2023-04-19 02:32:30,544 [EventQueue-DeleteBlockStatusForDeletedBlockLogImpl] DEBUG block.DeletedBlockLogImpl (DeletedBlockLogImpl.java:isTransactionFailed(314)) - Got block deletion ACK from datanode, TXIDs=3, success=true
2023-04-19 02:32:30,544 [EventQueue-DeleteBlockStatusForDeletedBlockLogImpl] DEBUG block.DeletedBlockLogImpl (DeletedBlockLogImpl.java:commitTransactions(292)) - Datanode txId=3 containerId=#3 committed by dnId=8050b7c4-5854-4456-9ff4-a8181b586109
2023-04-19 02:32:30,544 [EventQueue-DeleteBlockStatusForDeletedBlockLogImpl] DEBUG block.DeletedBlockLogImpl (DeletedBlockLogImpl.java:isTransactionFailed(314)) - Got block deletion ACK from datanode, TXIDs=4, success=true
2023-04-19 02:32:30,544 [EventQueue-DeleteBlockStatusForDeletedBlockLogImpl] DEBUG block.DeletedBlockLogImpl (DeletedBlockLogImpl.java:commitTransactions(292)) - Datanode txId=4 containerId=#4 committed by dnId=8050b7c4-5854-4456-9ff4-a8181b586109
2023-04-19 02:32:30,544 [EventQueue-DeleteBlockStatusForDeletedBlockLogImpl] DEBUG block.DeletedBlockLogImpl (DeletedBlockLogImpl.java:isTransactionFailed(314)) - Got block deletion ACK from datanode, TXIDs=5, success=true
2023-04-19 02:32:30,544 [EventQueue-DeleteBlockStatusForDeletedBlockLogImpl] DEBUG block.DeletedBlockLogImpl (DeletedBlockLogImpl.java:commitTransactions(292)) - Datanode txId=5 containerId=#5 committed by dnId=8050b7c4-5854-4456-9ff4-a8181b586109
2023-04-19 02:32:30,544 [EventQueue-DeleteBlockStatusForDeletedBlockLogImpl] DEBUG block.DeletedBlockLogImpl (DeletedBlockLogImpl.java:isTransactionFailed(314)) - Got block deletion ACK from datanode, TXIDs=6, success=true
2023-04-19 02:32:30,544 [EventQueue-DeleteBlockStatusForDeletedBlockLogImpl] DEBUG block.DeletedBlockLogImpl (DeletedBlockLogImpl.java:commitTransactions(292)) - Datanode txId=6 containerId=#6 committed by dnId=8050b7c4-5854-4456-9ff4-a8181b586109
2023-04-19 02:32:30,546 [EventQueue-DeleteBlockStatusForDeletedBlockLogImpl] DEBUG block.DeletedBlockLogImpl (DeletedBlockLogImpl.java:isTransactionFailed(314)) - Got block deletion ACK from datanode, TXIDs=7, success=true
2023-04-19 02:32:30,546 [EventQueue-DeleteBlockStatusForDeletedBlockLogImpl] DEBUG block.DeletedBlockLogImpl (DeletedBlockLogImpl.java:commitTransactions(292)) - Datanode txId=7 containerId=#7 committed by dnId=8050b7c4-5854-4456-9ff4-a8181b586109
2023-04-19 02:32:30,546 [EventQueue-DeleteBlockStatusForDeletedBlockLogImpl] DEBUG block.DeletedBlockLogImpl (DeletedBlockLogImpl.java:isTransactionFailed(314)) - Got block deletion ACK from datanode, TXIDs=8, success=true
2023-04-19 02:32:30,546 [EventQueue-DeleteBlockStatusForDeletedBlockLogImpl] DEBUG block.DeletedBlockLogImpl (DeletedBlockLogImpl.java:commitTransactions(292)) - Datanode txId=8 containerId=#8 committed by dnId=8050b7c4-5854-4456-9ff4-a8181b586109
2023-04-19 02:32:30,546 [EventQueue-DeleteBlockStatusForDeletedBlockLogImpl] DEBUG block.DeletedBlockLogImpl (DeletedBlockLogImpl.java:isTransactionFailed(314)) - Got block deletion ACK from datanode, TXIDs=9, success=true
2023-04-19 02:32:30,546 [EventQueue-DeleteBlockStatusForDeletedBlockLogImpl] DEBUG block.DeletedBlockLogImpl (DeletedBlockLogImpl.java:commitTransactions(292)) - Datanode txId=9 containerId=#9 committed by dnId=8050b7c4-5854-4456-9ff4-a8181b586109
2023-04-19 02:32:30,546 [EventQueue-DeleteBlockStatusForDeletedBlockLogImpl] DEBUG block.DeletedBlockLogImpl (DeletedBlockLogImpl.java:isTransactionFailed(314)) - Got block deletion ACK from datanode, TXIDs=10, success=true
2023-04-19 02:32:30,546 [EventQueue-DeleteBlockStatusForDeletedBlockLogImpl] DEBUG block.DeletedBlockLogImpl (DeletedBlockLogImpl.java:commitTransactions(292)) - Datanode txId=10 containerId=#10 committed by dnId=8050b7c4-5854-4456-9ff4-a8181b586109
2023-04-19 02:32:30,546 [EventQueue-DeleteBlockStatusForDeletedBlockLogImpl] DEBUG block.DeletedBlockLogImpl (DeletedBlockLogImpl.java:isTransactionFailed(314)) - Got block deletion ACK from datanode, TXIDs=1, success=true
2023-04-19 02:32:30,546 [EventQueue-DeleteBlockStatusForDeletedBlockLogImpl] DEBUG block.DeletedBlockLogImpl (DeletedBlockLogImpl.java:commitTransactions(292)) - Datanode txId=1 containerId=#1 committed by dnId=8050b7c4-5854-4456-9ff4-a8181b586109
2023-04-19 02:32:30,546 [EventQueue-DeleteBlockStatusForDeletedBlockLogImpl] DEBUG block.DeletedBlockLogImpl (DeletedBlockLogImpl.java:isTransactionFailed(314)) - Got block deletion ACK from datanode, TXIDs=2, success=true
2023-04-19 02:32:30,546 [EventQueue-DeleteBlockStatusForDeletedBlockLogImpl] DEBUG block.DeletedBlockLogImpl (DeletedBlockLogImpl.java:commitTransactions(292)) - Datanode txId=2 containerId=#2 committed by dnId=8050b7c4-5854-4456-9ff4-a8181b586109
2023-04-19 02:32:30,546 [EventQueue-DeleteBlockStatusForDeletedBlockLogImpl] DEBUG block.DeletedBlockLogImpl (DeletedBlockLogImpl.java:isTransactionFailed(314)) - Got block deletion ACK from datanode, TXIDs=3, success=true
2023-04-19 02:32:30,546 [EventQueue-DeleteBlockStatusForDeletedBlockLogImpl] DEBUG block.DeletedBlockLogImpl (DeletedBlockLogImpl.java:commitTransactions(292)) - Datanode txId=3 containerId=#3 committed by dnId=8050b7c4-5854-4456-9ff4-a8181b586109
2023-04-19 02:32:30,546 [EventQueue-DeleteBlockStatusForDeletedBlockLogImpl] DEBUG block.DeletedBlockLogImpl (DeletedBlockLogImpl.java:isTransactionFailed(314)) - Got block deletion ACK from datanode, TXIDs=4, success=true
2023-04-19 02:32:30,546 [EventQueue-DeleteBlockStatusForDeletedBlockLogImpl] DEBUG block.DeletedBlockLogImpl (DeletedBlockLogImpl.java:commitTransactions(292)) - Datanode txId=4 containerId=#4 committed by dnId=8050b7c4-5854-4456-9ff4-a8181b586109
2023-04-19 02:32:30,546 [EventQueue-DeleteBlockStatusForDeletedBlockLogImpl] DEBUG block.DeletedBlockLogImpl (DeletedBlockLogImpl.java:isTransactionFailed(314)) - Got block deletion ACK from datanode, TXIDs=6, success=true
2023-04-19 02:32:30,546 [EventQueue-DeleteBlockStatusForDeletedBlockLogImpl] DEBUG block.DeletedBlockLogImpl (DeletedBlockLogImpl.java:commitTransactions(292)) - Datanode txId=6 containerId=#6 committed by dnId=8050b7c4-5854-4456-9ff4-a8181b586109
2023-04-19 02:32:30,547 [EventQueue-DeleteBlockStatusForDeletedBlockLogImpl] DEBUG block.DeletedBlockLogImpl (DeletedBlockLogImpl.java:isTransactionFailed(314)) - Got block deletion ACK from datanode, TXIDs=7, success=true
2023-04-19 02:32:30,547 [EventQueue-DeleteBlockStatusForDeletedBlockLogImpl] DEBUG block.DeletedBlockLogImpl (DeletedBlockLogImpl.java:commitTransactions(292)) - Datanode txId=7 containerId=#7 committed by dnId=8050b7c4-5854-4456-9ff4-a8181b586109
2023-04-19 02:32:30,547 [EventQueue-DeleteBlockStatusForDeletedBlockLogImpl] DEBUG block.DeletedBlockLogImpl (DeletedBlockLogImpl.java:isTransactionFailed(314)) - Got block deletion ACK from datanode, TXIDs=8, success=true
2023-04-19 02:32:30,547 [EventQueue-DeleteBlockStatusForDeletedBlockLogImpl] DEBUG block.DeletedBlockLogImpl (DeletedBlockLogImpl.java:commitTransactions(292)) - Datanode txId=8 containerId=#8 committed by dnId=8050b7c4-5854-4456-9ff4-a8181b586109
2023-04-19 02:32:30,547 [EventQueue-DeleteBlockStatusForDeletedBlockLogImpl] DEBUG block.DeletedBlockLogImpl (DeletedBlockLogImpl.java:isTransactionFailed(314)) - Got block deletion ACK from datanode, TXIDs=1, success=true
2023-04-19 02:32:30,547 [EventQueue-DeleteBlockStatusForDeletedBlockLogImpl] DEBUG block.DeletedBlockLogImpl (DeletedBlockLogImpl.java:commitTransactions(292)) - Datanode txId=1 containerId=#1 committed by dnId=8050b7c4-5854-4456-9ff4-a8181b586109
2023-04-19 02:32:30,547 [EventQueue-DeleteBlockStatusForDeletedBlockLogImpl] DEBUG block.DeletedBlockLogImpl (DeletedBlockLogImpl.java:isTransactionFailed(314)) - Got block deletion ACK from datanode, TXIDs=2, success=true
2023-04-19 02:32:30,547 [EventQueue-DeleteBlockStatusForDeletedBlockLogImpl] DEBUG block.DeletedBlockLogImpl (DeletedBlockLogImpl.java:commitTransactions(292)) - Datanode txId=2 containerId=#2 committed by dnId=8050b7c4-5854-4456-9ff4-a8181b586109
2023-04-19 02:32:30,547 [EventQueue-DeleteBlockStatusForDeletedBlockLogImpl] DEBUG block.DeletedBlockLogImpl (DeletedBlockLogImpl.java:isTransactionFailed(314)) - Got block deletion ACK from datanode, TXIDs=3, success=true
2023-04-19 02:32:30,547 [EventQueue-DeleteBlockStatusForDeletedBlockLogImpl] DEBUG block.DeletedBlockLogImpl (DeletedBlockLogImpl.java:commitTransactions(292)) - Datanode txId=3 containerId=#3 committed by dnId=8050b7c4-5854-4456-9ff4-a8181b586109
2023-04-19 02:32:30,547 [EventQueue-DeleteBlockStatusForDeletedBlockLogImpl] DEBUG block.DeletedBlockLogImpl (DeletedBlockLogImpl.java:isTransactionFailed(314)) - Got block deletion ACK from datanode, TXIDs=4, success=true
2023-04-19 02:32:30,547 [EventQueue-DeleteBlockStatusForDeletedBlockLogImpl] DEBUG block.DeletedBlockLogImpl (DeletedBlockLogImpl.java:commitTransactions(292)) - Datanode txId=4 containerId=#4 committed by dnId=8050b7c4-5854-4456-9ff4-a8181b586109
2023-04-19 02:32:30,547 [EventQueue-DeleteBlockStatusForDeletedBlockLogImpl] DEBUG block.DeletedBlockLogImpl (DeletedBlockLogImpl.java:isTransactionFailed(314)) - Got block deletion ACK from datanode, TXIDs=5, success=true
2023-04-19 02:32:30,547 [EventQueue-DeleteBlockStatusForDeletedBlockLogImpl] DEBUG block.DeletedBlockLogImpl (DeletedBlockLogImpl.java:commitTransactions(292)) - Datanode txId=5 containerId=#5 committed by dnId=8050b7c4-5854-4456-9ff4-a8181b586109
2023-04-19 02:32:30,547 [EventQueue-DeleteBlockStatusForDeletedBlockLogImpl] DEBUG block.DeletedBlockLogImpl (DeletedBlockLogImpl.java:isTransactionFailed(314)) - Got block deletion ACK from datanode, TXIDs=6, success=true
2023-04-19 02:32:30,547 [EventQueue-DeleteBlockStatusForDeletedBlockLogImpl] DEBUG block.DeletedBlockLogImpl (DeletedBlockLogImpl.java:commitTransactions(292)) - Datanode txId=6 containerId=#6 committed by dnId=8050b7c4-5854-4456-9ff4-a8181b586109
2023-04-19 02:32:30,547 [EventQueue-DeleteBlockStatusForDeletedBlockLogImpl] DEBUG block.DeletedBlockLogImpl (DeletedBlockLogImpl.java:isTransactionFailed(314)) - Got block deletion ACK from datanode, TXIDs=7, success=true
2023-04-19 02:32:30,547 [EventQueue-DeleteBlockStatusForDeletedBlockLogImpl] DEBUG block.DeletedBlockLogImpl (DeletedBlockLogImpl.java:commitTransactions(292)) - Datanode txId=7 containerId=#7 committed by dnId=8050b7c4-5854-4456-9ff4-a8181b586109
2023-04-19 02:32:30,547 [EventQueue-DeleteBlockStatusForDeletedBlockLogImpl] DEBUG block.DeletedBlockLogImpl (DeletedBlockLogImpl.java:isTransactionFailed(314)) - Got block deletion ACK from datanode, TXIDs=8, success=true
2023-04-19 02:32:30,547 [EventQueue-DeleteBlockStatusForDeletedBlockLogImpl] DEBUG block.DeletedBlockLogImpl (DeletedBlockLogImpl.java:commitTransactions(292)) - Datanode txId=8 containerId=#8 committed by dnId=8050b7c4-5854-4456-9ff4-a8181b586109
2023-04-19 02:32:30,547 [EventQueue-DeleteBlockStatusForDeletedBlockLogImpl] DEBUG block.DeletedBlockLogImpl (DeletedBlockLogImpl.java:isTransactionFailed(314)) - Got block deletion ACK from datanode, TXIDs=9, success=true
2023-04-19 02:32:30,547 [EventQueue-DeleteBlockStatusForDeletedBlockLogImpl] DEBUG block.DeletedBlockLogImpl (DeletedBlockLogImpl.java:commitTransactions(292)) - Datanode txId=9 containerId=#9 committed by dnId=8050b7c4-5854-4456-9ff4-a8181b586109
2023-04-19 02:32:30,547 [EventQueue-DeleteBlockStatusForDeletedBlockLogImpl] DEBUG block.DeletedBlockLogImpl (DeletedBlockLogImpl.java:isTransactionFailed(314)) - Got block deletion ACK from datanode, TXIDs=10, success=true
2023-04-19 02:32:30,547 [EventQueue-DeleteBlockStatusForDeletedBlockLogImpl] DEBUG block.DeletedBlockLogImpl (DeletedBlockLogImpl.java:commitTransactions(292)) - Datanode txId=10 containerId=#10 committed by dnId=8050b7c4-5854-4456-9ff4-a8181b586109
2023-04-19 02:32:30,547 [EventQueue-DeleteBlockStatusForDeletedBlockLogImpl] DEBUG block.DeletedBlockLogImpl (DeletedBlockLogImpl.java:isTransactionFailed(314)) - Got block deletion ACK from datanode, TXIDs=1, success=true
2023-04-19 02:32:30,547 [EventQueue-DeleteBlockStatusForDeletedBlockLogImpl] DEBUG block.DeletedBlockLogImpl (DeletedBlockLogImpl.java:commitTransactions(292)) - Datanode txId=1 containerId=#1 committed by dnId=8050b7c4-5854-4456-9ff4-a8181b586109
2023-04-19 02:32:30,547 [EventQueue-DeleteBlockStatusForDeletedBlockLogImpl] DEBUG block.DeletedBlockLogImpl (DeletedBlockLogImpl.java:isTransactionFailed(314)) - Got block deletion ACK from datanode, TXIDs=2, success=true
2023-04-19 02:32:30,547 [EventQueue-DeleteBlockStatusForDeletedBlockLogImpl] DEBUG block.DeletedBlockLogImpl (DeletedBlockLogImpl.java:commitTransactions(292)) - Datanode txId=2 containerId=#2 committed by dnId=8050b7c4-5854-4456-9ff4-a8181b586109
2023-04-19 02:32:30,547 [EventQueue-DeleteBlockStatusForDeletedBlockLogImpl] DEBUG block.DeletedBlockLogImpl (DeletedBlockLogImpl.java:isTransactionFailed(314)) - Got block deletion ACK from datanode, TXIDs=3, success=true
2023-04-19 02:32:30,547 [EventQueue-DeleteBlockStatusForDeletedBlockLogImpl] DEBUG block.DeletedBlockLogImpl (DeletedBlockLogImpl.java:commitTransactions(292)) - Datanode txId=3 containerId=#3 committed by dnId=8050b7c4-5854-4456-9ff4-a8181b586109
2023-04-19 02:32:30,547 [EventQueue-DeleteBlockStatusForDeletedBlockLogImpl] DEBUG block.DeletedBlockLogImpl (DeletedBlockLogImpl.java:isTransactionFailed(314)) - Got block deletion ACK from datanode, TXIDs=4, success=true
2023-04-19 02:32:30,547 [EventQueue-DeleteBlockStatusForDeletedBlockLogImpl] DEBUG block.DeletedBlockLogImpl (DeletedBlockLogImpl.java:commitTransactions(292)) - Datanode txId=4 containerId=#4 committed by dnId=8050b7c4-5854-4456-9ff4-a8181b586109
2023-04-19 02:32:30,547 [EventQueue-DeleteBlockStatusForDeletedBlockLogImpl] DEBUG block.DeletedBlockLogImpl (DeletedBlockLogImpl.java:isTransactionFailed(314)) - Got block deletion ACK from datanode, TXIDs=5, success=true
2023-04-19 02:32:30,548 [EventQueue-DeleteBlockStatusForDeletedBlockLogImpl] DEBUG block.DeletedBlockLogImpl (DeletedBlockLogImpl.java:commitTransactions(292)) - Datanode txId=5 containerId=#5 committed by dnId=8050b7c4-5854-4456-9ff4-a8181b586109
2023-04-19 02:32:30,548 [EventQueue-DeleteBlockStatusForDeletedBlockLogImpl] DEBUG block.DeletedBlockLogImpl (DeletedBlockLogImpl.java:isTransactionFailed(314)) - Got block deletion ACK from datanode, TXIDs=6, success=true
2023-04-19 02:32:30,548 [EventQueue-DeleteBlockStatusForDeletedBlockLogImpl] DEBUG block.DeletedBlockLogImpl (DeletedBlockLogImpl.java:commitTransactions(292)) - Datanode txId=6 containerId=#6 committed by dnId=8050b7c4-5854-4456-9ff4-a8181b586109
2023-04-19 02:32:30,548 [EventQueue-DeleteBlockStatusForDeletedBlockLogImpl] DEBUG block.DeletedBlockLogImpl (DeletedBlockLogImpl.java:isTransactionFailed(314)) - Got block deletion ACK from datanode, TXIDs=7, success=true
2023-04-19 02:32:30,548 [EventQueue-DeleteBlockStatusForDeletedBlockLogImpl] DEBUG block.DeletedBlockLogImpl (DeletedBlockLogImpl.java:commitTransactions(292)) - Datanode txId=7 containerId=#7 committed by dnId=8050b7c4-5854-4456-9ff4-a8181b586109
2023-04-19 02:32:30,548 [EventQueue-DeleteBlockStatusForDeletedBlockLogImpl] DEBUG block.DeletedBlockLogImpl (DeletedBlockLogImpl.java:isTransactionFailed(314)) - Got block deletion ACK from datanode, TXIDs=8, success=true
2023-04-19 02:32:30,548 [EventQueue-DeleteBlockStatusForDeletedBlockLogImpl] DEBUG block.DeletedBlockLogImpl (DeletedBlockLogImpl.java:commitTransactions(292)) - Datanode txId=8 containerId=#8 committed by dnId=8050b7c4-5854-4456-9ff4-a8181b586109
2023-04-19 02:32:30,548 [EventQueue-DeleteBlockStatusForDeletedBlockLogImpl] DEBUG block.DeletedBlockLogImpl (DeletedBlockLogImpl.java:isTransactionFailed(314)) - Got block deletion ACK from datanode, TXIDs=9, success=true
2023-04-19 02:32:30,548 [EventQueue-DeleteBlockStatusForDeletedBlockLogImpl] DEBUG block.DeletedBlockLogImpl (DeletedBlockLogImpl.java:commitTransactions(292)) - Datanode txId=9 containerId=#9 committed by dnId=8050b7c4-5854-4456-9ff4-a8181b586109
2023-04-19 02:32:30,548 [EventQueue-DeleteBlockStatusForDeletedBlockLogImpl] DEBUG block.DeletedBlockLogImpl (DeletedBlockLogImpl.java:isTransactionFailed(314)) - Got block deletion ACK from datanode, TXIDs=10, success=true
2023-04-19 02:32:30,548 [EventQueue-DeleteBlockStatusForDeletedBlockLogImpl] DEBUG block.DeletedBlockLogImpl (DeletedBlockLogImpl.java:commitTransactions(292)) - Datanode txId=10 containerId=#10 committed by dnId=8050b7c4-5854-4456-9ff4-a8181b586109
2023-04-19 02:32:30,584 [SCMBlockDeletingService#0] DEBUG block.SCMBlockDeletingService (SCMBlockDeletingService.java:shouldRun(251)) - Check scm block delete run: true serviceStatus: RUNNING safemodeExitRunDelayMillis: 3000 alreadyWaitTimeInMillis: 6299
2023-04-19 02:32:30,584 [SCMBlockDeletingService#0] DEBUG block.SCMBlockDeletingService (SCMBlockDeletingService.java:call(154)) - Running DeletedBlockTransactionScanner
2023-04-19 02:32:30,585 [SCMBlockDeletingService#0] DEBUG block.SCMBlockDeletingService (DatanodeDeletedBlockTransactions.java:addTransactionToDN(50)) - Transaction added: 209e8f7b-7310-4c05-bc4d-708a2d801edb <- TX(1)
2023-04-19 02:32:30,585 [SCMBlockDeletingService#0] DEBUG block.SCMBlockDeletingService (DatanodeDeletedBlockTransactions.java:addTransactionToDN(50)) - Transaction added: 209e8f7b-7310-4c05-bc4d-708a2d801edb <- TX(2)
2023-04-19 02:32:30,585 [SCMBlockDeletingService#0] DEBUG block.SCMBlockDeletingService (DatanodeDeletedBlockTransactions.java:addTransactionToDN(50)) - Transaction added: 209e8f7b-7310-4c05-bc4d-708a2d801edb <- TX(3)
2023-04-19 02:32:30,585 [SCMBlockDeletingService#0] DEBUG block.SCMBlockDeletingService (DatanodeDeletedBlockTransactions.java:addTransactionToDN(50)) - Transaction added: 209e8f7b-7310-4c05-bc4d-708a2d801edb <- TX(4)
2023-04-19 02:32:30,585 [SCMBlockDeletingService#0] DEBUG block.SCMBlockDeletingService (DatanodeDeletedBlockTransactions.java:addTransactionToDN(50)) - Transaction added: 209e8f7b-7310-4c05-bc4d-708a2d801edb <- TX(5)
2023-04-19 02:32:30,585 [SCMBlockDeletingService#0] DEBUG block.SCMBlockDeletingService (DatanodeDeletedBlockTransactions.java:addTransactionToDN(50)) - Transaction added: 14fab107-599d-4166-92e2-a49b96c274c4 <- TX(5)
2023-04-19 02:32:30,585 [SCMBlockDeletingService#0] DEBUG block.SCMBlockDeletingService (DatanodeDeletedBlockTransactions.java:addTransactionToDN(50)) - Transaction added: 209e8f7b-7310-4c05-bc4d-708a2d801edb <- TX(6)
2023-04-19 02:32:30,585 [SCMBlockDeletingService#0] DEBUG block.SCMBlockDeletingService (DatanodeDeletedBlockTransactions.java:addTransactionToDN(50)) - Transaction added: 209e8f7b-7310-4c05-bc4d-708a2d801edb <- TX(7)
2023-04-19 02:32:30,585 [SCMBlockDeletingService#0] DEBUG block.SCMBlockDeletingService (DatanodeDeletedBlockTransactions.java:addTransactionToDN(50)) - Transaction added: 209e8f7b-7310-4c05-bc4d-708a2d801edb <- TX(8)
2023-04-19 02:32:30,585 [SCMBlockDeletingService#0] DEBUG block.SCMBlockDeletingService (DatanodeDeletedBlockTransactions.java:addTransactionToDN(50)) - Transaction added: 209e8f7b-7310-4c05-bc4d-708a2d801edb <- TX(9)
2023-04-19 02:32:30,585 [SCMBlockDeletingService#0] DEBUG block.SCMBlockDeletingService (DatanodeDeletedBlockTransactions.java:addTransactionToDN(50)) - Transaction added: 14fab107-599d-4166-92e2-a49b96c274c4 <- TX(9)
2023-04-19 02:32:30,585 [SCMBlockDeletingService#0] DEBUG block.SCMBlockDeletingService (DatanodeDeletedBlockTransactions.java:addTransactionToDN(50)) - Transaction added: 209e8f7b-7310-4c05-bc4d-708a2d801edb <- TX(10)
2023-04-19 02:32:30,586 [SCMBlockDeletingService#0] DEBUG block.SCMBlockDeletingService (DatanodeDeletedBlockTransactions.java:addTransactionToDN(50)) - Transaction added: 14fab107-599d-4166-92e2-a49b96c274c4 <- TX(10)
2023-04-19 02:32:30,586 [SCMBlockDeletingService#0] DEBUG block.SCMBlockDeletingService (SCMBlockDeletingService.java:call(189)) - Added delete block command for datanode 14fab107-599d-4166-92e2-a49b96c274c4 in the queue, number of delete block transactions: 3
2023-04-19 02:32:30,586 [SCMBlockDeletingService#0] DEBUG block.SCMBlockDeletingService (SCMBlockDeletingService.java:call(189)) - Added delete block command for datanode 209e8f7b-7310-4c05-bc4d-708a2d801edb in the queue, number of delete block transactions: 10
2023-04-19 02:32:30,586 [SCMBlockDeletingService#0] INFO  block.SCMBlockDeletingService (SCMBlockDeletingService.java:call(198)) - Totally added 13 blocks to be deleted for 2 datanodes, task elapsed time: 1ms
2023-04-19 02:32:30,598 [BlockDeletingService#2] INFO  interfaces.ContainerDeletionChoosingPolicyTemplate (ContainerDeletionChoosingPolicyTemplate.java:chooseContainerForBlockDeletion(83)) - Chosen 0/5000 blocks from 0 candidate containers.
2023-04-19 02:32:30,624 [BlockDeletingService#1] INFO  interfaces.ContainerDeletionChoosingPolicyTemplate (ContainerDeletionChoosingPolicyTemplate.java:chooseContainerForBlockDeletion(83)) - Chosen 0/5000 blocks from 0 candidate containers.
2023-04-19 02:32:30,627 [BlockDeletingService#4] INFO  interfaces.ContainerDeletionChoosingPolicyTemplate (ContainerDeletionChoosingPolicyTemplate.java:chooseContainerForBlockDeletion(83)) - Chosen 0/5000 blocks from 0 candidate containers.
2023-04-19 02:32:30,684 [SCMBlockDeletingService#0] DEBUG block.SCMBlockDeletingService (SCMBlockDeletingService.java:shouldRun(251)) - Check scm block delete run: true serviceStatus: RUNNING safemodeExitRunDelayMillis: 3000 alreadyWaitTimeInMillis: 6399
2023-04-19 02:32:30,685 [SCMBlockDeletingService#0] DEBUG block.SCMBlockDeletingService (SCMBlockDeletingService.java:call(154)) - Running DeletedBlockTransactionScanner
2023-04-19 02:32:30,699 [BlockDeletingService#2] INFO  interfaces.ContainerDeletionChoosingPolicyTemplate (ContainerDeletionChoosingPolicyTemplate.java:chooseContainerForBlockDeletion(83)) - Chosen 0/5000 blocks from 0 candidate containers.
2023-04-19 02:32:30,723 [org.apache.hadoop.ozone.container.common.statemachine.commandhandler.DeleteBlocksCommandHandler$DeleteCmdWorker@2c7221d1] INFO  commandhandler.DeleteBlocksCommandHandler (DeleteBlocksCommandHandler.java:processCmd(275)) - Start to delete container blocks, TXIDs=[1(0),2(0),3(0),4(0),6(0),7(0),8(0)], numOfContainers=7, numOfBlocks=7
2023-04-19 02:32:30,724 [BlockDeletingService#1] INFO  interfaces.ContainerDeletionChoosingPolicyTemplate (ContainerDeletionChoosingPolicyTemplate.java:chooseContainerForBlockDeletion(83)) - Chosen 0/5000 blocks from 0 candidate containers.
2023-04-19 02:32:30,725 [org.apache.hadoop.ozone.container.common.statemachine.commandhandler.DeleteBlocksCommandHandler$DeleteCmdWorker@2c7221d1] INFO  commandhandler.DeleteBlocksCommandHandler (DeleteBlocksCommandHandler.java:processCmd(275)) - Start to delete container blocks, TXIDs=[1(1),2(1),3(1),4(1),5(0),6(1),7(1),8(1),9(0),10(0)], numOfContainers=10, numOfBlocks=10
2023-04-19 02:32:30,725 [DeleteBlocksCommandHandlerThread-3] INFO  commandhandler.DeleteBlocksCommandHandler (DeleteBlocksCommandHandler.java:logDeleteTransaction(493)) - Delete blocks for containerId: 1 is either received out of order or retried, 1 <= 1
2023-04-19 02:32:30,725 [DeleteBlocksCommandHandlerThread-0] INFO  commandhandler.DeleteBlocksCommandHandler (DeleteBlocksCommandHandler.java:logDeleteTransaction(493)) - Delete blocks for containerId: 2 is either received out of order or retried, 2 <= 2
2023-04-19 02:32:30,726 [DeleteBlocksCommandHandlerThread-1] INFO  commandhandler.DeleteBlocksCommandHandler (DeleteBlocksCommandHandler.java:logDeleteTransaction(493)) - Delete blocks for containerId: 3 is either received out of order or retried, 3 <= 3
2023-04-19 02:32:30,726 [DeleteBlocksCommandHandlerThread-0] INFO  commandhandler.DeleteBlocksCommandHandler (DeleteBlocksCommandHandler.java:logDeleteTransaction(493)) - Delete blocks for containerId: 4 is either received out of order or retried, 4 <= 4
2023-04-19 02:32:30,726 [DeleteBlocksCommandHandlerThread-1] INFO  commandhandler.DeleteBlocksCommandHandler (DeleteBlocksCommandHandler.java:logDeleteTransaction(493)) - Delete blocks for containerId: 6 is either received out of order or retried, 6 <= 6
2023-04-19 02:32:30,726 [DeleteBlocksCommandHandlerThread-0] INFO  commandhandler.DeleteBlocksCommandHandler (DeleteBlocksCommandHandler.java:logDeleteTransaction(493)) - Delete blocks for containerId: 7 is either received out of order or retried, 7 <= 7
2023-04-19 02:32:30,726 [DeleteBlocksCommandHandlerThread-1] INFO  commandhandler.DeleteBlocksCommandHandler (DeleteBlocksCommandHandler.java:logDeleteTransaction(493)) - Delete blocks for containerId: 8 is either received out of order or retried, 8 <= 8
2023-04-19 02:32:30,727 [BlockDeletingService#4] INFO  interfaces.ContainerDeletionChoosingPolicyTemplate (ContainerDeletionChoosingPolicyTemplate.java:chooseContainerForBlockDeletion(83)) - Chosen 0/5000 blocks from 0 candidate containers.
2023-04-19 02:32:30,729 [org.apache.hadoop.ozone.container.common.statemachine.commandhandler.DeleteBlocksCommandHandler$DeleteCmdWorker@2c7221d1] INFO  commandhandler.DeleteBlocksCommandHandler (DeleteBlocksCommandHandler.java:processCmd(275)) - Start to delete container blocks, TXIDs=[1(2),2(2),3(2),4(2),5(1),6(2),7(2),8(2),9(1),10(1)], numOfContainers=10, numOfBlocks=10
2023-04-19 02:32:30,729 [DeleteBlocksCommandHandlerThread-3] INFO  commandhandler.DeleteBlocksCommandHandler (DeleteBlocksCommandHandler.java:logDeleteTransaction(493)) - Delete blocks for containerId: 1 is either received out of order or retried, 1 <= 1
2023-04-19 02:32:30,729 [DeleteBlocksCommandHandlerThread-3] INFO  commandhandler.DeleteBlocksCommandHandler (DeleteBlocksCommandHandler.java:logDeleteTransaction(493)) - Delete blocks for containerId: 2 is either received out of order or retried, 2 <= 2
2023-04-19 02:32:30,729 [DeleteBlocksCommandHandlerThread-3] INFO  commandhandler.DeleteBlocksCommandHandler (DeleteBlocksCommandHandler.java:logDeleteTransaction(493)) - Delete blocks for containerId: 3 is either received out of order or retried, 3 <= 3
2023-04-19 02:32:30,729 [DeleteBlocksCommandHandlerThread-3] INFO  commandhandler.DeleteBlocksCommandHandler (DeleteBlocksCommandHandler.java:logDeleteTransaction(493)) - Delete blocks for containerId: 4 is either received out of order or retried, 4 <= 4
2023-04-19 02:32:30,730 [DeleteBlocksCommandHandlerThread-3] INFO  commandhandler.DeleteBlocksCommandHandler (DeleteBlocksCommandHandler.java:logDeleteTransaction(493)) - Delete blocks for containerId: 5 is either received out of order or retried, 5 <= 5
2023-04-19 02:32:30,730 [DeleteBlocksCommandHandlerThread-3] INFO  commandhandler.DeleteBlocksCommandHandler (DeleteBlocksCommandHandler.java:logDeleteTransaction(493)) - Delete blocks for containerId: 6 is either received out of order or retried, 6 <= 6
2023-04-19 02:32:30,730 [DeleteBlocksCommandHandlerThread-3] INFO  commandhandler.DeleteBlocksCommandHandler (DeleteBlocksCommandHandler.java:logDeleteTransaction(493)) - Delete blocks for containerId: 7 is either received out of order or retried, 7 <= 7
2023-04-19 02:32:30,730 [DeleteBlocksCommandHandlerThread-3] INFO  commandhandler.DeleteBlocksCommandHandler (DeleteBlocksCommandHandler.java:logDeleteTransaction(493)) - Delete blocks for containerId: 8 is either received out of order or retried, 8 <= 8
2023-04-19 02:32:30,730 [DeleteBlocksCommandHandlerThread-3] INFO  commandhandler.DeleteBlocksCommandHandler (DeleteBlocksCommandHandler.java:logDeleteTransaction(493)) - Delete blocks for containerId: 9 is either received out of order or retried, 9 <= 9
2023-04-19 02:32:30,731 [DeleteBlocksCommandHandlerThread-3] INFO  commandhandler.DeleteBlocksCommandHandler (DeleteBlocksCommandHandler.java:logDeleteTransaction(493)) - Delete blocks for containerId: 10 is either received out of order or retried, 10 <= 10
2023-04-19 02:32:30,731 [org.apache.hadoop.ozone.container.common.statemachine.commandhandler.DeleteBlocksCommandHandler$DeleteCmdWorker@2c7221d1] INFO  commandhandler.DeleteBlocksCommandHandler (DeleteBlocksCommandHandler.java:processCmd(275)) - Start to delete container blocks, TXIDs=[1(3),2(3),3(3),4(3),5(2),6(3),7(3),8(3),9(2),10(2)], numOfContainers=10, numOfBlocks=10
2023-04-19 02:32:30,731 [DeleteBlocksCommandHandlerThread-3] INFO  commandhandler.DeleteBlocksCommandHandler (DeleteBlocksCommandHandler.java:logDeleteTransaction(493)) - Delete blocks for containerId: 1 is either received out of order or retried, 1 <= 1
2023-04-19 02:32:30,731 [DeleteBlocksCommandHandlerThread-3] INFO  commandhandler.DeleteBlocksCommandHandler (DeleteBlocksCommandHandler.java:logDeleteTransaction(493)) - Delete blocks for containerId: 2 is either received out of order or retried, 2 <= 2
2023-04-19 02:32:30,731 [DeleteBlocksCommandHandlerThread-3] INFO  commandhandler.DeleteBlocksCommandHandler (DeleteBlocksCommandHandler.java:logDeleteTransaction(493)) - Delete blocks for containerId: 3 is either received out of order or retried, 3 <= 3
2023-04-19 02:32:30,732 [DeleteBlocksCommandHandlerThread-3] INFO  commandhandler.DeleteBlocksCommandHandler (DeleteBlocksCommandHandler.java:logDeleteTransaction(493)) - Delete blocks for containerId: 4 is either received out of order or retried, 4 <= 4
2023-04-19 02:32:30,732 [DeleteBlocksCommandHandlerThread-2] INFO  commandhandler.DeleteBlocksCommandHandler (DeleteBlocksCommandHandler.java:logDeleteTransaction(493)) - Delete blocks for containerId: 5 is either received out of order or retried, 5 <= 5
2023-04-19 02:32:30,732 [DeleteBlocksCommandHandlerThread-1] INFO  commandhandler.DeleteBlocksCommandHandler (DeleteBlocksCommandHandler.java:logDeleteTransaction(493)) - Delete blocks for containerId: 6 is either received out of order or retried, 6 <= 6
2023-04-19 02:32:30,732 [DeleteBlocksCommandHandlerThread-3] INFO  commandhandler.DeleteBlocksCommandHandler (DeleteBlocksCommandHandler.java:logDeleteTransaction(493)) - Delete blocks for containerId: 8 is either received out of order or retried, 8 <= 8
2023-04-19 02:32:30,732 [DeleteBlocksCommandHandlerThread-3] INFO  commandhandler.DeleteBlocksCommandHandler (DeleteBlocksCommandHandler.java:logDeleteTransaction(493)) - Delete blocks for containerId: 10 is either received out of order or retried, 10 <= 10
2023-04-19 02:32:30,732 [DeleteBlocksCommandHandlerThread-2] INFO  commandhandler.DeleteBlocksCommandHandler (DeleteBlocksCommandHandler.java:logDeleteTransaction(493)) - Delete blocks for containerId: 7 is either received out of order or retried, 7 <= 7
2023-04-19 02:32:30,732 [DeleteBlocksCommandHandlerThread-0] INFO  commandhandler.DeleteBlocksCommandHandler (DeleteBlocksCommandHandler.java:logDeleteTransaction(493)) - Delete blocks for containerId: 9 is either received out of order or retried, 9 <= 9
2023-04-19 02:32:30,734 [org.apache.hadoop.ozone.container.common.statemachine.commandhandler.DeleteBlocksCommandHandler$DeleteCmdWorker@2c7221d1] INFO  commandhandler.DeleteBlocksCommandHandler (DeleteBlocksCommandHandler.java:processCmd(275)) - Start to delete container blocks, TXIDs=[1(4),2(4),3(4),4(4),5(3),6(4),7(4),8(4),9(3),10(3)], numOfContainers=10, numOfBlocks=10
2023-04-19 02:32:30,734 [DeleteBlocksCommandHandlerThread-3] INFO  commandhandler.DeleteBlocksCommandHandler (DeleteBlocksCommandHandler.java:logDeleteTransaction(493)) - Delete blocks for containerId: 1 is either received out of order or retried, 1 <= 1
2023-04-19 02:32:30,734 [DeleteBlocksCommandHandlerThread-4] INFO  commandhandler.DeleteBlocksCommandHandler (DeleteBlocksCommandHandler.java:logDeleteTransaction(493)) - Delete blocks for containerId: 2 is either received out of order or retried, 2 <= 2
2023-04-19 02:32:30,735 [DeleteBlocksCommandHandlerThread-4] INFO  commandhandler.DeleteBlocksCommandHandler (DeleteBlocksCommandHandler.java:logDeleteTransaction(493)) - Delete blocks for containerId: 3 is either received out of order or retried, 3 <= 3
2023-04-19 02:32:30,735 [DeleteBlocksCommandHandlerThread-4] INFO  commandhandler.DeleteBlocksCommandHandler (DeleteBlocksCommandHandler.java:logDeleteTransaction(493)) - Delete blocks for containerId: 4 is either received out of order or retried, 4 <= 4
2023-04-19 02:32:30,735 [DeleteBlocksCommandHandlerThread-2] INFO  commandhandler.DeleteBlocksCommandHandler (DeleteBlocksCommandHandler.java:logDeleteTransaction(493)) - Delete blocks for containerId: 5 is either received out of order or retried, 5 <= 5
2023-04-19 02:32:30,735 [DeleteBlocksCommandHandlerThread-0] INFO  commandhandler.DeleteBlocksCommandHandler (DeleteBlocksCommandHandler.java:logDeleteTransaction(493)) - Delete blocks for containerId: 6 is either received out of order or retried, 6 <= 6
2023-04-19 02:32:30,735 [DeleteBlocksCommandHandlerThread-2] INFO  commandhandler.DeleteBlocksCommandHandler (DeleteBlocksCommandHandler.java:logDeleteTransaction(493)) - Delete blocks for containerId: 7 is either received out of order or retried, 7 <= 7
2023-04-19 02:32:30,735 [DeleteBlocksCommandHandlerThread-0] INFO  commandhandler.DeleteBlocksCommandHandler (DeleteBlocksCommandHandler.java:logDeleteTransaction(493)) - Delete blocks for containerId: 8 is either received out of order or retried, 8 <= 8
2023-04-19 02:32:30,735 [DeleteBlocksCommandHandlerThread-4] INFO  commandhandler.DeleteBlocksCommandHandler (DeleteBlocksCommandHandler.java:logDeleteTransaction(493)) - Delete blocks for containerId: 9 is either received out of order or retried, 9 <= 9
2023-04-19 02:32:30,735 [DeleteBlocksCommandHandlerThread-0] INFO  commandhandler.DeleteBlocksCommandHandler (DeleteBlocksCommandHandler.java:logDeleteTransaction(493)) - Delete blocks for containerId: 10 is either received out of order or retried, 10 <= 10
2023-04-19 02:32:30,736 [org.apache.hadoop.ozone.container.common.statemachine.commandhandler.DeleteBlocksCommandHandler$DeleteCmdWorker@2c7221d1] INFO  commandhandler.DeleteBlocksCommandHandler (DeleteBlocksCommandHandler.java:processCmd(275)) - Start to delete container blocks, TXIDs=[1(5),2(5),3(5),4(5),5(4),6(5),7(5),8(5),9(4),10(4)], numOfContainers=10, numOfBlocks=10
2023-04-19 02:32:30,736 [DeleteBlocksCommandHandlerThread-1] INFO  commandhandler.DeleteBlocksCommandHandler (DeleteBlocksCommandHandler.java:logDeleteTransaction(493)) - Delete blocks for containerId: 1 is either received out of order or retried, 1 <= 1
2023-04-19 02:32:30,736 [DeleteBlocksCommandHandlerThread-3] INFO  commandhandler.DeleteBlocksCommandHandler (DeleteBlocksCommandHandler.java:logDeleteTransaction(493)) - Delete blocks for containerId: 3 is either received out of order or retried, 3 <= 3
2023-04-19 02:32:30,736 [DeleteBlocksCommandHandlerThread-1] INFO  commandhandler.DeleteBlocksCommandHandler (DeleteBlocksCommandHandler.java:logDeleteTransaction(493)) - Delete blocks for containerId: 4 is either received out of order or retried, 4 <= 4
2023-04-19 02:32:30,736 [DeleteBlocksCommandHandlerThread-2] INFO  commandhandler.DeleteBlocksCommandHandler (DeleteBlocksCommandHandler.java:logDeleteTransaction(493)) - Delete blocks for containerId: 6 is either received out of order or retried, 6 <= 6
2023-04-19 02:32:30,736 [DeleteBlocksCommandHandlerThread-1] INFO  commandhandler.DeleteBlocksCommandHandler (DeleteBlocksCommandHandler.java:logDeleteTransaction(493)) - Delete blocks for containerId: 7 is either received out of order or retried, 7 <= 7
2023-04-19 02:32:30,736 [DeleteBlocksCommandHandlerThread-0] INFO  commandhandler.DeleteBlocksCommandHandler (DeleteBlocksCommandHandler.java:logDeleteTransaction(493)) - Delete blocks for containerId: 8 is either received out of order or retried, 8 <= 8
2023-04-19 02:32:30,736 [DeleteBlocksCommandHandlerThread-4] INFO  commandhandler.DeleteBlocksCommandHandler (DeleteBlocksCommandHandler.java:logDeleteTransaction(493)) - Delete blocks for containerId: 2 is either received out of order or retried, 2 <= 2
2023-04-19 02:32:30,736 [DeleteBlocksCommandHandlerThread-3] INFO  commandhandler.DeleteBlocksCommandHandler (DeleteBlocksCommandHandler.java:logDeleteTransaction(493)) - Delete blocks for containerId: 5 is either received out of order or retried, 5 <= 5
2023-04-19 02:32:30,737 [DeleteBlocksCommandHandlerThread-2] INFO  commandhandler.DeleteBlocksCommandHandler (DeleteBlocksCommandHandler.java:logDeleteTransaction(493)) - Delete blocks for containerId: 9 is either received out of order or retried, 9 <= 9
2023-04-19 02:32:30,739 [DeleteBlocksCommandHandlerThread-3] INFO  commandhandler.DeleteBlocksCommandHandler (DeleteBlocksCommandHandler.java:logDeleteTransaction(493)) - Delete blocks for containerId: 10 is either received out of order or retried, 10 <= 10
2023-04-19 02:32:30,740 [org.apache.hadoop.ozone.container.common.statemachine.commandhandler.DeleteBlocksCommandHandler$DeleteCmdWorker@2c7221d1] INFO  commandhandler.DeleteBlocksCommandHandler (DeleteBlocksCommandHandler.java:processCmd(275)) - Start to delete container blocks, TXIDs=[1(6),2(6),3(6),4(6),5(5),6(6),7(6),8(6),9(5),10(5)], numOfContainers=10, numOfBlocks=10
2023-04-19 02:32:30,740 [DeleteBlocksCommandHandlerThread-1] INFO  commandhandler.DeleteBlocksCommandHandler (DeleteBlocksCommandHandler.java:logDeleteTransaction(493)) - Delete blocks for containerId: 2 is either received out of order or retried, 2 <= 2
2023-04-19 02:32:30,740 [DeleteBlocksCommandHandlerThread-2] INFO  commandhandler.DeleteBlocksCommandHandler (DeleteBlocksCommandHandler.java:logDeleteTransaction(493)) - Delete blocks for containerId: 3 is either received out of order or retried, 3 <= 3
2023-04-19 02:32:30,740 [DeleteBlocksCommandHandlerThread-1] INFO  commandhandler.DeleteBlocksCommandHandler (DeleteBlocksCommandHandler.java:logDeleteTransaction(493)) - Delete blocks for containerId: 4 is either received out of order or retried, 4 <= 4
2023-04-19 02:32:30,740 [DeleteBlocksCommandHandlerThread-4] INFO  commandhandler.DeleteBlocksCommandHandler (DeleteBlocksCommandHandler.java:logDeleteTransaction(493)) - Delete blocks for containerId: 1 is either received out of order or retried, 1 <= 1
2023-04-19 02:32:30,740 [DeleteBlocksCommandHandlerThread-4] INFO  commandhandler.DeleteBlocksCommandHandler (DeleteBlocksCommandHandler.java:logDeleteTransaction(493)) - Delete blocks for containerId: 7 is either received out of order or retried, 7 <= 7
2023-04-19 02:32:30,740 [DeleteBlocksCommandHandlerThread-1] INFO  commandhandler.DeleteBlocksCommandHandler (DeleteBlocksCommandHandler.java:logDeleteTransaction(493)) - Delete blocks for containerId: 6 is either received out of order or retried, 6 <= 6
2023-04-19 02:32:30,740 [DeleteBlocksCommandHandlerThread-4] INFO  commandhandler.DeleteBlocksCommandHandler (DeleteBlocksCommandHandler.java:logDeleteTransaction(493)) - Delete blocks for containerId: 8 is either received out of order or retried, 8 <= 8
2023-04-19 02:32:30,741 [DeleteBlocksCommandHandlerThread-1] INFO  commandhandler.DeleteBlocksCommandHandler (DeleteBlocksCommandHandler.java:logDeleteTransaction(493)) - Delete blocks for containerId: 9 is either received out of order or retried, 9 <= 9
2023-04-19 02:32:30,741 [DeleteBlocksCommandHandlerThread-4] INFO  commandhandler.DeleteBlocksCommandHandler (DeleteBlocksCommandHandler.java:logDeleteTransaction(493)) - Delete blocks for containerId: 10 is either received out of order or retried, 10 <= 10
2023-04-19 02:32:30,741 [DeleteBlocksCommandHandlerThread-2] INFO  commandhandler.DeleteBlocksCommandHandler (DeleteBlocksCommandHandler.java:logDeleteTransaction(493)) - Delete blocks for containerId: 5 is either received out of order or retried, 5 <= 5
2023-04-19 02:32:30,785 [SCMBlockDeletingService#0] DEBUG block.SCMBlockDeletingService (SCMBlockDeletingService.java:shouldRun(251)) - Check scm block delete run: true serviceStatus: RUNNING safemodeExitRunDelayMillis: 3000 alreadyWaitTimeInMillis: 6499
2023-04-19 02:32:30,785 [SCMBlockDeletingService#0] DEBUG block.SCMBlockDeletingService (SCMBlockDeletingService.java:call(154)) - Running DeletedBlockTransactionScanner
2023-04-19 02:32:30,785 [SCMBlockDeletingService#0] DEBUG block.SCMBlockDeletingService (DatanodeDeletedBlockTransactions.java:addTransactionToDN(50)) - Transaction added: 209e8f7b-7310-4c05-bc4d-708a2d801edb <- TX(1)
2023-04-19 02:32:30,785 [SCMBlockDeletingService#0] DEBUG block.SCMBlockDeletingService (DatanodeDeletedBlockTransactions.java:addTransactionToDN(50)) - Transaction added: 209e8f7b-7310-4c05-bc4d-708a2d801edb <- TX(2)
2023-04-19 02:32:30,785 [SCMBlockDeletingService#0] DEBUG block.SCMBlockDeletingService (DatanodeDeletedBlockTransactions.java:addTransactionToDN(50)) - Transaction added: 209e8f7b-7310-4c05-bc4d-708a2d801edb <- TX(3)
2023-04-19 02:32:30,785 [SCMBlockDeletingService#0] DEBUG block.SCMBlockDeletingService (DatanodeDeletedBlockTransactions.java:addTransactionToDN(50)) - Transaction added: 209e8f7b-7310-4c05-bc4d-708a2d801edb <- TX(4)
2023-04-19 02:32:30,785 [SCMBlockDeletingService#0] DEBUG block.SCMBlockDeletingService (DatanodeDeletedBlockTransactions.java:addTransactionToDN(50)) - Transaction added: 209e8f7b-7310-4c05-bc4d-708a2d801edb <- TX(5)
2023-04-19 02:32:30,785 [SCMBlockDeletingService#0] DEBUG block.SCMBlockDeletingService (DatanodeDeletedBlockTransactions.java:addTransactionToDN(50)) - Transaction added: 14fab107-599d-4166-92e2-a49b96c274c4 <- TX(5)
2023-04-19 02:32:30,785 [SCMBlockDeletingService#0] DEBUG block.SCMBlockDeletingService (DatanodeDeletedBlockTransactions.java:addTransactionToDN(50)) - Transaction added: 209e8f7b-7310-4c05-bc4d-708a2d801edb <- TX(6)
2023-04-19 02:32:30,786 [SCMBlockDeletingService#0] DEBUG block.SCMBlockDeletingService (DatanodeDeletedBlockTransactions.java:addTransactionToDN(50)) - Transaction added: 209e8f7b-7310-4c05-bc4d-708a2d801edb <- TX(7)
2023-04-19 02:32:30,786 [SCMBlockDeletingService#0] DEBUG block.SCMBlockDeletingService (DatanodeDeletedBlockTransactions.java:addTransactionToDN(50)) - Transaction added: 209e8f7b-7310-4c05-bc4d-708a2d801edb <- TX(8)
2023-04-19 02:32:30,786 [SCMBlockDeletingService#0] DEBUG block.SCMBlockDeletingService (DatanodeDeletedBlockTransactions.java:addTransactionToDN(50)) - Transaction added: 209e8f7b-7310-4c05-bc4d-708a2d801edb <- TX(9)
2023-04-19 02:32:30,786 [SCMBlockDeletingService#0] DEBUG block.SCMBlockDeletingService (DatanodeDeletedBlockTransactions.java:addTransactionToDN(50)) - Transaction added: 14fab107-599d-4166-92e2-a49b96c274c4 <- TX(9)
2023-04-19 02:32:30,786 [SCMBlockDeletingService#0] DEBUG block.SCMBlockDeletingService (DatanodeDeletedBlockTransactions.java:addTransactionToDN(50)) - Transaction added: 209e8f7b-7310-4c05-bc4d-708a2d801edb <- TX(10)
2023-04-19 02:32:30,786 [SCMBlockDeletingService#0] DEBUG block.SCMBlockDeletingService (DatanodeDeletedBlockTransactions.java:addTransactionToDN(50)) - Transaction added: 14fab107-599d-4166-92e2-a49b96c274c4 <- TX(10)
2023-04-19 02:32:30,786 [SCMBlockDeletingService#0] DEBUG block.SCMBlockDeletingService (SCMBlockDeletingService.java:call(189)) - Added delete block command for datanode 14fab107-599d-4166-92e2-a49b96c274c4 in the queue, number of delete block transactions: 3
2023-04-19 02:32:30,786 [SCMBlockDeletingService#0] DEBUG block.SCMBlockDeletingService (SCMBlockDeletingService.java:call(189)) - Added delete block command for datanode 209e8f7b-7310-4c05-bc4d-708a2d801edb in the queue, number of delete block transactions: 10
2023-04-19 02:32:30,786 [SCMBlockDeletingService#0] INFO  block.SCMBlockDeletingService (SCMBlockDeletingService.java:call(198)) - Totally added 13 blocks to be deleted for 2 datanodes, task elapsed time: 1ms
2023-04-19 02:32:30,811 [BlockDeletingService#2] INFO  interfaces.ContainerDeletionChoosingPolicyTemplate (ContainerDeletionChoosingPolicyTemplate.java:chooseContainerForBlockDeletion(83)) - Chosen 67/4933 blocks from 10 candidate containers.
2023-04-19 02:32:30,811 [BlockDeletingService#3] INFO  impl.FilePerBlockStrategy (FilePerBlockStrategy.java:deleteChunk(252)) - Deleted block file: /home/runner/work/ozone/ozone/hadoop-ozone/integration-test/target/test-dir/MiniOzoneClusterImpl-4a8f3de1-6dc7-4495-8b56-1623617bdc2e/datanode-2/data-0/containers/hdds/4a8f3de1-6dc7-4495-8b56-1623617bdc2e/current/containerDir0/10/chunks/111677748019200010.block
2023-04-19 02:32:30,811 [BlockDeletingService#2] INFO  impl.FilePerBlockStrategy (FilePerBlockStrategy.java:deleteChunk(252)) - Deleted block file: /home/runner/work/ozone/ozone/hadoop-ozone/integration-test/target/test-dir/MiniOzoneClusterImpl-4a8f3de1-6dc7-4495-8b56-1623617bdc2e/datanode-2/data-0/containers/hdds/4a8f3de1-6dc7-4495-8b56-1623617bdc2e/current/containerDir0/1/chunks/111677748019200001.block
2023-04-19 02:32:30,812 [BlockDeletingService#3] INFO  impl.FilePerBlockStrategy (FilePerBlockStrategy.java:deleteChunk(252)) - Deleted block file: /home/runner/work/ozone/ozone/hadoop-ozone/integration-test/target/test-dir/MiniOzoneClusterImpl-4a8f3de1-6dc7-4495-8b56-1623617bdc2e/datanode-2/data-0/containers/hdds/4a8f3de1-6dc7-4495-8b56-1623617bdc2e/current/containerDir0/9/chunks/111677748019200009.block
2023-04-19 02:32:30,812 [BlockDeletingService#2] INFO  impl.FilePerBlockStrategy (FilePerBlockStrategy.java:deleteChunk(252)) - Deleted block file: /home/runner/work/ozone/ozone/hadoop-ozone/integration-test/target/test-dir/MiniOzoneClusterImpl-4a8f3de1-6dc7-4495-8b56-1623617bdc2e/datanode-2/data-0/containers/hdds/4a8f3de1-6dc7-4495-8b56-1623617bdc2e/current/containerDir0/5/chunks/111677748019200005.block
2023-04-19 02:32:30,812 [BlockDeletingService#3] INFO  impl.FilePerBlockStrategy (FilePerBlockStrategy.java:deleteChunk(252)) - Deleted block file: /home/runner/work/ozone/ozone/hadoop-ozone/integration-test/target/test-dir/MiniOzoneClusterImpl-4a8f3de1-6dc7-4495-8b56-1623617bdc2e/datanode-2/data-0/containers/hdds/4a8f3de1-6dc7-4495-8b56-1623617bdc2e/current/containerDir0/8/chunks/111677748019200008.block
2023-04-19 02:32:30,813 [BlockDeletingService#2] INFO  impl.FilePerBlockStrategy (FilePerBlockStrategy.java:deleteChunk(252)) - Deleted block file: /home/runner/work/ozone/ozone/hadoop-ozone/integration-test/target/test-dir/MiniOzoneClusterImpl-4a8f3de1-6dc7-4495-8b56-1623617bdc2e/datanode-2/data-0/containers/hdds/4a8f3de1-6dc7-4495-8b56-1623617bdc2e/current/containerDir0/7/chunks/111677748019200007.block
2023-04-19 02:32:30,813 [BlockDeletingService#3] INFO  impl.FilePerBlockStrategy (FilePerBlockStrategy.java:deleteChunk(252)) - Deleted block file: /home/runner/work/ozone/ozone/hadoop-ozone/integration-test/target/test-dir/MiniOzoneClusterImpl-4a8f3de1-6dc7-4495-8b56-1623617bdc2e/datanode-2/data-0/containers/hdds/4a8f3de1-6dc7-4495-8b56-1623617bdc2e/current/containerDir0/6/chunks/111677748019200006.block
2023-04-19 02:32:30,813 [BlockDeletingService#2] INFO  impl.FilePerBlockStrategy (FilePerBlockStrategy.java:deleteChunk(252)) - Deleted block file: /home/runner/work/ozone/ozone/hadoop-ozone/integration-test/target/test-dir/MiniOzoneClusterImpl-4a8f3de1-6dc7-4495-8b56-1623617bdc2e/datanode-2/data-0/containers/hdds/4a8f3de1-6dc7-4495-8b56-1623617bdc2e/current/containerDir0/4/chunks/111677748019200004.block
2023-04-19 02:32:30,813 [BlockDeletingService#3] INFO  impl.FilePerBlockStrategy (FilePerBlockStrategy.java:deleteChunk(252)) - Deleted block file: /home/runner/work/ozone/ozone/hadoop-ozone/integration-test/target/test-dir/MiniOzoneClusterImpl-4a8f3de1-6dc7-4495-8b56-1623617bdc2e/datanode-2/data-0/containers/hdds/4a8f3de1-6dc7-4495-8b56-1623617bdc2e/current/containerDir0/3/chunks/111677748019200003.block
2023-04-19 02:32:30,814 [BlockDeletingService#2] INFO  impl.FilePerBlockStrategy (FilePerBlockStrategy.java:deleteChunk(252)) - Deleted block file: /home/runner/work/ozone/ozone/hadoop-ozone/integration-test/target/test-dir/MiniOzoneClusterImpl-4a8f3de1-6dc7-4495-8b56-1623617bdc2e/datanode-2/data-0/containers/hdds/4a8f3de1-6dc7-4495-8b56-1623617bdc2e/current/containerDir0/2/chunks/111677748019200002.block
2023-04-19 02:32:30,825 [BlockDeletingService#1] INFO  interfaces.ContainerDeletionChoosingPolicyTemplate (ContainerDeletionChoosingPolicyTemplate.java:chooseContainerForBlockDeletion(83)) - Chosen 0/5000 blocks from 0 candidate containers.
2023-04-19 02:32:30,828 [BlockDeletingService#4] INFO  interfaces.ContainerDeletionChoosingPolicyTemplate (ContainerDeletionChoosingPolicyTemplate.java:chooseContainerForBlockDeletion(83)) - Chosen 0/5000 blocks from 0 candidate containers.
2023-04-19 02:32:30,885 [SCMBlockDeletingService#0] DEBUG block.SCMBlockDeletingService (SCMBlockDeletingService.java:shouldRun(251)) - Check scm block delete run: true serviceStatus: RUNNING safemodeExitRunDelayMillis: 3000 alreadyWaitTimeInMillis: 6600
2023-04-19 02:32:30,885 [SCMBlockDeletingService#0] DEBUG block.SCMBlockDeletingService (SCMBlockDeletingService.java:call(154)) - Running DeletedBlockTransactionScanner
2023-04-19 02:32:30,916 [BlockDeletingService#3] INFO  interfaces.ContainerDeletionChoosingPolicyTemplate (ContainerDeletionChoosingPolicyTemplate.java:chooseContainerForBlockDeletion(83)) - Chosen 57/4943 blocks from 10 candidate containers.
2023-04-19 02:32:30,916 [BlockDeletingService#3] INFO  background.BlockDeletingService (BlockDeletingService.java:deleteViaTransactionStore(483)) - No transaction found in container 1 with pending delete block count 6
2023-04-19 02:32:30,916 [BlockDeletingService#3] INFO  background.BlockDeletingService (BlockDeletingService.java:deleteViaTransactionStore(483)) - No transaction found in container 10 with pending delete block count 5
2023-04-19 02:32:30,917 [BlockDeletingService#3] INFO  background.BlockDeletingService (BlockDeletingService.java:deleteViaTransactionStore(483)) - No transaction found in container 9 with pending delete block count 5
2023-04-19 02:32:30,917 [BlockDeletingService#3] INFO  background.BlockDeletingService (BlockDeletingService.java:deleteViaTransactionStore(483)) - No transaction found in container 5 with pending delete block count 5
2023-04-19 02:32:30,917 [BlockDeletingService#3] INFO  background.BlockDeletingService (BlockDeletingService.java:deleteViaTransactionStore(483)) - No transaction found in container 8 with pending delete block count 6
2023-04-19 02:32:30,917 [BlockDeletingService#3] INFO  background.BlockDeletingService (BlockDeletingService.java:deleteViaTransactionStore(483)) - No transaction found in container 7 with pending delete block count 6
2023-04-19 02:32:30,917 [BlockDeletingService#3] INFO  background.BlockDeletingService (BlockDeletingService.java:deleteViaTransactionStore(483)) - No transaction found in container 6 with pending delete block count 6
2023-04-19 02:32:30,917 [BlockDeletingService#3] INFO  background.BlockDeletingService (BlockDeletingService.java:deleteViaTransactionStore(483)) - No transaction found in container 4 with pending delete block count 6
2023-04-19 02:32:30,917 [BlockDeletingService#3] INFO  background.BlockDeletingService (BlockDeletingService.java:deleteViaTransactionStore(483)) - No transaction found in container 3 with pending delete block count 6
2023-04-19 02:32:30,918 [BlockDeletingService#3] INFO  background.BlockDeletingService (BlockDeletingService.java:deleteViaTransactionStore(483)) - No transaction found in container 2 with pending delete block count 6
2023-04-19 02:32:30,925 [BlockDeletingService#1] INFO  interfaces.ContainerDeletionChoosingPolicyTemplate (ContainerDeletionChoosingPolicyTemplate.java:chooseContainerForBlockDeletion(83)) - Chosen 0/5000 blocks from 0 candidate containers.
2023-04-19 02:32:30,928 [BlockDeletingService#4] INFO  interfaces.ContainerDeletionChoosingPolicyTemplate (ContainerDeletionChoosingPolicyTemplate.java:chooseContainerForBlockDeletion(83)) - Chosen 0/5000 blocks from 0 candidate containers.
2023-04-19 02:32:30,942 [EventQueue-DeleteBlockStatusForDeletedBlockLogImpl] DEBUG block.DeletedBlockLogImpl (DeletedBlockLogImpl.java:isTransactionFailed(314)) - Got block deletion ACK from datanode, TXIDs=1, success=true
2023-04-19 02:32:30,943 [EventQueue-DeleteBlockStatusForDeletedBlockLogImpl] DEBUG block.DeletedBlockLogImpl (DeletedBlockLogImpl.java:commitTransactions(286)) - Purging txId=1 from block deletion log
2023-04-19 02:32:30,943 [EventQueue-DeleteBlockStatusForDeletedBlockLogImpl] DEBUG block.DeletedBlockLogImpl (DeletedBlockLogImpl.java:commitTransactions(292)) - Datanode txId=1 containerId=#1 committed by dnId=209e8f7b-7310-4c05-bc4d-708a2d801edb
2023-04-19 02:32:30,943 [EventQueue-DeleteBlockStatusForDeletedBlockLogImpl] DEBUG block.DeletedBlockLogImpl (DeletedBlockLogImpl.java:isTransactionFailed(314)) - Got block deletion ACK from datanode, TXIDs=2, success=true
2023-04-19 02:32:30,943 [EventQueue-DeleteBlockStatusForDeletedBlockLogImpl] DEBUG block.DeletedBlockLogImpl (DeletedBlockLogImpl.java:commitTransactions(286)) - Purging txId=2 from block deletion log
2023-04-19 02:32:30,943 [EventQueue-DeleteBlockStatusForDeletedBlockLogImpl] DEBUG block.DeletedBlockLogImpl (DeletedBlockLogImpl.java:commitTransactions(292)) - Datanode txId=2 containerId=#2 committed by dnId=209e8f7b-7310-4c05-bc4d-708a2d801edb
2023-04-19 02:32:30,943 [EventQueue-DeleteBlockStatusForDeletedBlockLogImpl] DEBUG block.DeletedBlockLogImpl (DeletedBlockLogImpl.java:isTransactionFailed(314)) - Got block deletion ACK from datanode, TXIDs=3, success=true
2023-04-19 02:32:30,943 [EventQueue-DeleteBlockStatusForDeletedBlockLogImpl] DEBUG block.DeletedBlockLogImpl (DeletedBlockLogImpl.java:commitTransactions(286)) - Purging txId=3 from block deletion log
2023-04-19 02:32:30,943 [EventQueue-DeleteBlockStatusForDeletedBlockLogImpl] DEBUG block.DeletedBlockLogImpl (DeletedBlockLogImpl.java:commitTransactions(292)) - Datanode txId=3 containerId=#3 committed by dnId=209e8f7b-7310-4c05-bc4d-708a2d801edb
2023-04-19 02:32:30,943 [EventQueue-DeleteBlockStatusForDeletedBlockLogImpl] DEBUG block.DeletedBlockLogImpl (DeletedBlockLogImpl.java:isTransactionFailed(314)) - Got block deletion ACK from datanode, TXIDs=4, success=true
2023-04-19 02:32:30,943 [EventQueue-DeleteBlockStatusForDeletedBlockLogImpl] DEBUG block.DeletedBlockLogImpl (DeletedBlockLogImpl.java:commitTransactions(286)) - Purging txId=4 from block deletion log
2023-04-19 02:32:30,943 [EventQueue-DeleteBlockStatusForDeletedBlockLogImpl] DEBUG block.DeletedBlockLogImpl (DeletedBlockLogImpl.java:commitTransactions(292)) - Datanode txId=4 containerId=#4 committed by dnId=209e8f7b-7310-4c05-bc4d-708a2d801edb
2023-04-19 02:32:30,943 [EventQueue-DeleteBlockStatusForDeletedBlockLogImpl] DEBUG block.DeletedBlockLogImpl (DeletedBlockLogImpl.java:isTransactionFailed(314)) - Got block deletion ACK from datanode, TXIDs=5, success=true
2023-04-19 02:32:30,943 [EventQueue-DeleteBlockStatusForDeletedBlockLogImpl] DEBUG block.DeletedBlockLogImpl (DeletedBlockLogImpl.java:commitTransactions(292)) - Datanode txId=5 containerId=#5 committed by dnId=209e8f7b-7310-4c05-bc4d-708a2d801edb
2023-04-19 02:32:30,943 [EventQueue-DeleteBlockStatusForDeletedBlockLogImpl] DEBUG block.DeletedBlockLogImpl (DeletedBlockLogImpl.java:isTransactionFailed(314)) - Got block deletion ACK from datanode, TXIDs=6, success=true
2023-04-19 02:32:30,944 [EventQueue-DeleteBlockStatusForDeletedBlockLogImpl] DEBUG block.DeletedBlockLogImpl (DeletedBlockLogImpl.java:commitTransactions(286)) - Purging txId=6 from block deletion log
2023-04-19 02:32:30,944 [EventQueue-DeleteBlockStatusForDeletedBlockLogImpl] DEBUG block.DeletedBlockLogImpl (DeletedBlockLogImpl.java:commitTransactions(292)) - Datanode txId=6 containerId=#6 committed by dnId=209e8f7b-7310-4c05-bc4d-708a2d801edb
2023-04-19 02:32:30,944 [EventQueue-DeleteBlockStatusForDeletedBlockLogImpl] DEBUG block.DeletedBlockLogImpl (DeletedBlockLogImpl.java:isTransactionFailed(314)) - Got block deletion ACK from datanode, TXIDs=7, success=true
2023-04-19 02:32:30,944 [EventQueue-DeleteBlockStatusForDeletedBlockLogImpl] DEBUG block.DeletedBlockLogImpl (DeletedBlockLogImpl.java:commitTransactions(286)) - Purging txId=7 from block deletion log
2023-04-19 02:32:30,944 [EventQueue-DeleteBlockStatusForDeletedBlockLogImpl] DEBUG block.DeletedBlockLogImpl (DeletedBlockLogImpl.java:commitTransactions(292)) - Datanode txId=7 containerId=#7 committed by dnId=209e8f7b-7310-4c05-bc4d-708a2d801edb
2023-04-19 02:32:30,944 [EventQueue-DeleteBlockStatusForDeletedBlockLogImpl] DEBUG block.DeletedBlockLogImpl (DeletedBlockLogImpl.java:isTransactionFailed(314)) - Got block deletion ACK from datanode, TXIDs=8, success=true
2023-04-19 02:32:30,944 [EventQueue-DeleteBlockStatusForDeletedBlockLogImpl] DEBUG block.DeletedBlockLogImpl (DeletedBlockLogImpl.java:commitTransactions(286)) - Purging txId=8 from block deletion log
2023-04-19 02:32:30,944 [EventQueue-DeleteBlockStatusForDeletedBlockLogImpl] DEBUG block.DeletedBlockLogImpl (DeletedBlockLogImpl.java:commitTransactions(292)) - Datanode txId=8 containerId=#8 committed by dnId=209e8f7b-7310-4c05-bc4d-708a2d801edb
2023-04-19 02:32:30,944 [EventQueue-DeleteBlockStatusForDeletedBlockLogImpl] DEBUG block.DeletedBlockLogImpl (DeletedBlockLogImpl.java:isTransactionFailed(314)) - Got block deletion ACK from datanode, TXIDs=9, success=true
2023-04-19 02:32:30,944 [EventQueue-DeleteBlockStatusForDeletedBlockLogImpl] DEBUG block.DeletedBlockLogImpl (DeletedBlockLogImpl.java:commitTransactions(292)) - Datanode txId=9 containerId=#9 committed by dnId=209e8f7b-7310-4c05-bc4d-708a2d801edb
2023-04-19 02:32:30,944 [EventQueue-DeleteBlockStatusForDeletedBlockLogImpl] DEBUG block.DeletedBlockLogImpl (DeletedBlockLogImpl.java:isTransactionFailed(314)) - Got block deletion ACK from datanode, TXIDs=10, success=true
2023-04-19 02:32:30,944 [EventQueue-DeleteBlockStatusForDeletedBlockLogImpl] DEBUG block.DeletedBlockLogImpl (DeletedBlockLogImpl.java:commitTransactions(292)) - Datanode txId=10 containerId=#10 committed by dnId=209e8f7b-7310-4c05-bc4d-708a2d801edb
2023-04-19 02:32:30,944 [EventQueue-DeleteBlockStatusForDeletedBlockLogImpl] DEBUG block.DeletedBlockLogImpl (DeletedBlockLogImpl.java:isTransactionFailed(314)) - Got block deletion ACK from datanode, TXIDs=1, success=true
2023-04-19 02:32:30,945 [EventQueue-DeleteBlockStatusForDeletedBlockLogImpl] DEBUG block.DeletedBlockLogImpl (DeletedBlockLogImpl.java:commitTransactions(260)) - Transaction txId=1 commit by dnId=209e8f7b-7310-4c05-bc4d-708a2d801edb for containerID=#1 failed. Corresponding entry not found.
2023-04-19 02:32:30,945 [EventQueue-DeleteBlockStatusForDeletedBlockLogImpl] DEBUG block.DeletedBlockLogImpl (DeletedBlockLogImpl.java:isTransactionFailed(314)) - Got block deletion ACK from datanode, TXIDs=2, success=true
2023-04-19 02:32:30,945 [EventQueue-DeleteBlockStatusForDeletedBlockLogImpl] DEBUG block.DeletedBlockLogImpl (DeletedBlockLogImpl.java:commitTransactions(260)) - Transaction txId=2 commit by dnId=209e8f7b-7310-4c05-bc4d-708a2d801edb for containerID=#2 failed. Corresponding entry not found.
2023-04-19 02:32:30,945 [EventQueue-DeleteBlockStatusForDeletedBlockLogImpl] DEBUG block.DeletedBlockLogImpl (DeletedBlockLogImpl.java:isTransactionFailed(314)) - Got block deletion ACK from datanode, TXIDs=3, success=true
2023-04-19 02:32:30,945 [EventQueue-DeleteBlockStatusForDeletedBlockLogImpl] DEBUG block.DeletedBlockLogImpl (DeletedBlockLogImpl.java:commitTransactions(260)) - Transaction txId=3 commit by dnId=209e8f7b-7310-4c05-bc4d-708a2d801edb for containerID=#3 failed. Corresponding entry not found.
2023-04-19 02:32:30,945 [EventQueue-DeleteBlockStatusForDeletedBlockLogImpl] DEBUG block.DeletedBlockLogImpl (DeletedBlockLogImpl.java:isTransactionFailed(314)) - Got block deletion ACK from datanode, TXIDs=4, success=true
2023-04-19 02:32:30,945 [EventQueue-DeleteBlockStatusForDeletedBlockLogImpl] DEBUG block.DeletedBlockLogImpl (DeletedBlockLogImpl.java:commitTransactions(260)) - Transaction txId=4 commit by dnId=209e8f7b-7310-4c05-bc4d-708a2d801edb for containerID=#4 failed. Corresponding entry not found.
2023-04-19 02:32:30,945 [EventQueue-DeleteBlockStatusForDeletedBlockLogImpl] DEBUG block.DeletedBlockLogImpl (DeletedBlockLogImpl.java:isTransactionFailed(314)) - Got block deletion ACK from datanode, TXIDs=5, success=true
2023-04-19 02:32:30,945 [EventQueue-DeleteBlockStatusForDeletedBlockLogImpl] DEBUG block.DeletedBlockLogImpl (DeletedBlockLogImpl.java:commitTransactions(292)) - Datanode txId=5 containerId=#5 committed by dnId=209e8f7b-7310-4c05-bc4d-708a2d801edb
2023-04-19 02:32:30,945 [EventQueue-DeleteBlockStatusForDeletedBlockLogImpl] DEBUG block.DeletedBlockLogImpl (DeletedBlockLogImpl.java:isTransactionFailed(314)) - Got block deletion ACK from datanode, TXIDs=6, success=true
2023-04-19 02:32:30,945 [EventQueue-DeleteBlockStatusForDeletedBlockLogImpl] DEBUG block.DeletedBlockLogImpl (DeletedBlockLogImpl.java:commitTransactions(260)) - Transaction txId=6 commit by dnId=209e8f7b-7310-4c05-bc4d-708a2d801edb for containerID=#6 failed. Corresponding entry not found.
2023-04-19 02:32:30,945 [EventQueue-DeleteBlockStatusForDeletedBlockLogImpl] DEBUG block.DeletedBlockLogImpl (DeletedBlockLogImpl.java:isTransactionFailed(314)) - Got block deletion ACK from datanode, TXIDs=7, success=true
2023-04-19 02:32:30,945 [EventQueue-DeleteBlockStatusForDeletedBlockLogImpl] DEBUG block.DeletedBlockLogImpl (DeletedBlockLogImpl.java:commitTransactions(260)) - Transaction txId=7 commit by dnId=209e8f7b-7310-4c05-bc4d-708a2d801edb for containerID=#7 failed. Corresponding entry not found.
2023-04-19 02:32:30,945 [EventQueue-DeleteBlockStatusForDeletedBlockLogImpl] DEBUG block.DeletedBlockLogImpl (DeletedBlockLogImpl.java:isTransactionFailed(314)) - Got block deletion ACK from datanode, TXIDs=8, success=true
2023-04-19 02:32:30,945 [EventQueue-DeleteBlockStatusForDeletedBlockLogImpl] DEBUG block.DeletedBlockLogImpl (DeletedBlockLogImpl.java:commitTransactions(260)) - Transaction txId=8 commit by dnId=209e8f7b-7310-4c05-bc4d-708a2d801edb for containerID=#8 failed. Corresponding entry not found.
2023-04-19 02:32:30,945 [EventQueue-DeleteBlockStatusForDeletedBlockLogImpl] DEBUG block.DeletedBlockLogImpl (DeletedBlockLogImpl.java:isTransactionFailed(314)) - Got block deletion ACK from datanode, TXIDs=9, success=true
2023-04-19 02:32:30,945 [EventQueue-DeleteBlockStatusForDeletedBlockLogImpl] DEBUG block.DeletedBlockLogImpl (DeletedBlockLogImpl.java:commitTransactions(292)) - Datanode txId=9 containerId=#9 committed by dnId=209e8f7b-7310-4c05-bc4d-708a2d801edb
2023-04-19 02:32:30,945 [EventQueue-DeleteBlockStatusForDeletedBlockLogImpl] DEBUG block.DeletedBlockLogImpl (DeletedBlockLogImpl.java:isTransactionFailed(314)) - Got block deletion ACK from datanode, TXIDs=10, success=true
2023-04-19 02:32:30,945 [EventQueue-DeleteBlockStatusForDeletedBlockLogImpl] DEBUG block.DeletedBlockLogImpl (DeletedBlockLogImpl.java:commitTransactions(292)) - Datanode txId=10 containerId=#10 committed by dnId=209e8f7b-7310-4c05-bc4d-708a2d801edb
2023-04-19 02:32:30,945 [EventQueue-DeleteBlockStatusForDeletedBlockLogImpl] DEBUG block.DeletedBlockLogImpl (DeletedBlockLogImpl.java:isTransactionFailed(314)) - Got block deletion ACK from datanode, TXIDs=1, success=true
2023-04-19 02:32:30,945 [EventQueue-DeleteBlockStatusForDeletedBlockLogImpl] DEBUG block.DeletedBlockLogImpl (DeletedBlockLogImpl.java:commitTransactions(260)) - Transaction txId=1 commit by dnId=209e8f7b-7310-4c05-bc4d-708a2d801edb for containerID=#1 failed. Corresponding entry not found.
2023-04-19 02:32:30,945 [EventQueue-DeleteBlockStatusForDeletedBlockLogImpl] DEBUG block.DeletedBlockLogImpl (DeletedBlockLogImpl.java:isTransactionFailed(314)) - Got block deletion ACK from datanode, TXIDs=2, success=true
2023-04-19 02:32:30,945 [EventQueue-DeleteBlockStatusForDeletedBlockLogImpl] DEBUG block.DeletedBlockLogImpl (DeletedBlockLogImpl.java:commitTransactions(260)) - Transaction txId=2 commit by dnId=209e8f7b-7310-4c05-bc4d-708a2d801edb for containerID=#2 failed. Corresponding entry not found.
2023-04-19 02:32:30,945 [EventQueue-DeleteBlockStatusForDeletedBlockLogImpl] DEBUG block.DeletedBlockLogImpl (DeletedBlockLogImpl.java:isTransactionFailed(314)) - Got block deletion ACK from datanode, TXIDs=3, success=true
2023-04-19 02:32:30,945 [EventQueue-DeleteBlockStatusForDeletedBlockLogImpl] DEBUG block.DeletedBlockLogImpl (DeletedBlockLogImpl.java:commitTransactions(260)) - Transaction txId=3 commit by dnId=209e8f7b-7310-4c05-bc4d-708a2d801edb for containerID=#3 failed. Corresponding entry not found.
2023-04-19 02:32:30,945 [EventQueue-DeleteBlockStatusForDeletedBlockLogImpl] DEBUG block.DeletedBlockLogImpl (DeletedBlockLogImpl.java:isTransactionFailed(314)) - Got block deletion ACK from datanode, TXIDs=4, success=true
2023-04-19 02:32:30,945 [EventQueue-DeleteBlockStatusForDeletedBlockLogImpl] DEBUG block.DeletedBlockLogImpl (DeletedBlockLogImpl.java:commitTransactions(260)) - Transaction txId=4 commit by dnId=209e8f7b-7310-4c05-bc4d-708a2d801edb for containerID=#4 failed. Corresponding entry not found.
2023-04-19 02:32:30,946 [EventQueue-DeleteBlockStatusForDeletedBlockLogImpl] DEBUG block.DeletedBlockLogImpl (DeletedBlockLogImpl.java:isTransactionFailed(314)) - Got block deletion ACK from datanode, TXIDs=5, success=true
2023-04-19 02:32:30,946 [EventQueue-DeleteBlockStatusForDeletedBlockLogImpl] DEBUG block.DeletedBlockLogImpl (DeletedBlockLogImpl.java:commitTransactions(292)) - Datanode txId=5 containerId=#5 committed by dnId=209e8f7b-7310-4c05-bc4d-708a2d801edb
2023-04-19 02:32:30,946 [EventQueue-DeleteBlockStatusForDeletedBlockLogImpl] DEBUG block.DeletedBlockLogImpl (DeletedBlockLogImpl.java:isTransactionFailed(314)) - Got block deletion ACK from datanode, TXIDs=6, success=true
2023-04-19 02:32:30,946 [EventQueue-DeleteBlockStatusForDeletedBlockLogImpl] DEBUG block.DeletedBlockLogImpl (DeletedBlockLogImpl.java:commitTransactions(260)) - Transaction txId=6 commit by dnId=209e8f7b-7310-4c05-bc4d-708a2d801edb for containerID=#6 failed. Corresponding entry not found.
2023-04-19 02:32:30,946 [EventQueue-DeleteBlockStatusForDeletedBlockLogImpl] DEBUG block.DeletedBlockLogImpl (DeletedBlockLogImpl.java:isTransactionFailed(314)) - Got block deletion ACK from datanode, TXIDs=7, success=true
2023-04-19 02:32:30,946 [EventQueue-DeleteBlockStatusForDeletedBlockLogImpl] DEBUG block.DeletedBlockLogImpl (DeletedBlockLogImpl.java:commitTransactions(260)) - Transaction txId=7 commit by dnId=209e8f7b-7310-4c05-bc4d-708a2d801edb for containerID=#7 failed. Corresponding entry not found.
2023-04-19 02:32:30,946 [EventQueue-DeleteBlockStatusForDeletedBlockLogImpl] DEBUG block.DeletedBlockLogImpl (DeletedBlockLogImpl.java:isTransactionFailed(314)) - Got block deletion ACK from datanode, TXIDs=8, success=true
2023-04-19 02:32:30,946 [EventQueue-DeleteBlockStatusForDeletedBlockLogImpl] DEBUG block.DeletedBlockLogImpl (DeletedBlockLogImpl.java:commitTransactions(260)) - Transaction txId=8 commit by dnId=209e8f7b-7310-4c05-bc4d-708a2d801edb for containerID=#8 failed. Corresponding entry not found.
2023-04-19 02:32:30,946 [EventQueue-DeleteBlockStatusForDeletedBlockLogImpl] DEBUG block.DeletedBlockLogImpl (DeletedBlockLogImpl.java:isTransactionFailed(314)) - Got block deletion ACK from datanode, TXIDs=9, success=true
2023-04-19 02:32:30,946 [EventQueue-DeleteBlockStatusForDeletedBlockLogImpl] DEBUG block.DeletedBlockLogImpl (DeletedBlockLogImpl.java:commitTransactions(292)) - Datanode txId=9 containerId=#9 committed by dnId=209e8f7b-7310-4c05-bc4d-708a2d801edb
2023-04-19 02:32:30,946 [EventQueue-DeleteBlockStatusForDeletedBlockLogImpl] DEBUG block.DeletedBlockLogImpl (DeletedBlockLogImpl.java:isTransactionFailed(314)) - Got block deletion ACK from datanode, TXIDs=10, success=true
2023-04-19 02:32:30,946 [EventQueue-DeleteBlockStatusForDeletedBlockLogImpl] DEBUG block.DeletedBlockLogImpl (DeletedBlockLogImpl.java:commitTransactions(292)) - Datanode txId=10 containerId=#10 committed by dnId=209e8f7b-7310-4c05-bc4d-708a2d801edb
2023-04-19 02:32:30,946 [EventQueue-DeleteBlockStatusForDeletedBlockLogImpl] DEBUG block.DeletedBlockLogImpl (DeletedBlockLogImpl.java:isTransactionFailed(314)) - Got block deletion ACK from datanode, TXIDs=1, success=true
2023-04-19 02:32:30,946 [EventQueue-DeleteBlockStatusForDeletedBlockLogImpl] DEBUG block.DeletedBlockLogImpl (DeletedBlockLogImpl.java:commitTransactions(260)) - Transaction txId=1 commit by dnId=209e8f7b-7310-4c05-bc4d-708a2d801edb for containerID=#1 failed. Corresponding entry not found.
2023-04-19 02:32:30,946 [EventQueue-DeleteBlockStatusForDeletedBlockLogImpl] DEBUG block.DeletedBlockLogImpl (DeletedBlockLogImpl.java:isTransactionFailed(314)) - Got block deletion ACK from datanode, TXIDs=2, success=true
2023-04-19 02:32:30,946 [EventQueue-DeleteBlockStatusForDeletedBlockLogImpl] DEBUG block.DeletedBlockLogImpl (DeletedBlockLogImpl.java:commitTransactions(260)) - Transaction txId=2 commit by dnId=209e8f7b-7310-4c05-bc4d-708a2d801edb for containerID=#2 failed. Corresponding entry not found.
2023-04-19 02:32:30,946 [EventQueue-DeleteBlockStatusForDeletedBlockLogImpl] DEBUG block.DeletedBlockLogImpl (DeletedBlockLogImpl.java:isTransactionFailed(314)) - Got block deletion ACK from datanode, TXIDs=3, success=true
2023-04-19 02:32:30,946 [EventQueue-DeleteBlockStatusForDeletedBlockLogImpl] DEBUG block.DeletedBlockLogImpl (DeletedBlockLogImpl.java:commitTransactions(260)) - Transaction txId=3 commit by dnId=209e8f7b-7310-4c05-bc4d-708a2d801edb for containerID=#3 failed. Corresponding entry not found.
2023-04-19 02:32:30,946 [EventQueue-DeleteBlockStatusForDeletedBlockLogImpl] DEBUG block.DeletedBlockLogImpl (DeletedBlockLogImpl.java:isTransactionFailed(314)) - Got block deletion ACK from datanode, TXIDs=4, success=true
2023-04-19 02:32:30,946 [EventQueue-DeleteBlockStatusForDeletedBlockLogImpl] DEBUG block.DeletedBlockLogImpl (DeletedBlockLogImpl.java:commitTransactions(260)) - Transaction txId=4 commit by dnId=209e8f7b-7310-4c05-bc4d-708a2d801edb for containerID=#4 failed. Corresponding entry not found.
2023-04-19 02:32:30,946 [EventQueue-DeleteBlockStatusForDeletedBlockLogImpl] DEBUG block.DeletedBlockLogImpl (DeletedBlockLogImpl.java:isTransactionFailed(314)) - Got block deletion ACK from datanode, TXIDs=6, success=true
2023-04-19 02:32:30,946 [EventQueue-DeleteBlockStatusForDeletedBlockLogImpl] DEBUG block.DeletedBlockLogImpl (DeletedBlockLogImpl.java:commitTransactions(260)) - Transaction txId=6 commit by dnId=209e8f7b-7310-4c05-bc4d-708a2d801edb for containerID=#6 failed. Corresponding entry not found.
2023-04-19 02:32:30,946 [EventQueue-DeleteBlockStatusForDeletedBlockLogImpl] DEBUG block.DeletedBlockLogImpl (DeletedBlockLogImpl.java:isTransactionFailed(314)) - Got block deletion ACK from datanode, TXIDs=7, success=true
2023-04-19 02:32:30,946 [EventQueue-DeleteBlockStatusForDeletedBlockLogImpl] DEBUG block.DeletedBlockLogImpl (DeletedBlockLogImpl.java:commitTransactions(260)) - Transaction txId=7 commit by dnId=209e8f7b-7310-4c05-bc4d-708a2d801edb for containerID=#7 failed. Corresponding entry not found.
2023-04-19 02:32:30,946 [EventQueue-DeleteBlockStatusForDeletedBlockLogImpl] DEBUG block.DeletedBlockLogImpl (DeletedBlockLogImpl.java:isTransactionFailed(314)) - Got block deletion ACK from datanode, TXIDs=8, success=true
2023-04-19 02:32:30,946 [EventQueue-DeleteBlockStatusForDeletedBlockLogImpl] DEBUG block.DeletedBlockLogImpl (DeletedBlockLogImpl.java:commitTransactions(260)) - Transaction txId=8 commit by dnId=209e8f7b-7310-4c05-bc4d-708a2d801edb for containerID=#8 failed. Corresponding entry not found.
2023-04-19 02:32:30,946 [EventQueue-DeleteBlockStatusForDeletedBlockLogImpl] DEBUG block.DeletedBlockLogImpl (DeletedBlockLogImpl.java:isTransactionFailed(314)) - Got block deletion ACK from datanode, TXIDs=1, success=true
2023-04-19 02:32:30,946 [EventQueue-DeleteBlockStatusForDeletedBlockLogImpl] DEBUG block.DeletedBlockLogImpl (DeletedBlockLogImpl.java:commitTransactions(260)) - Transaction txId=1 commit by dnId=209e8f7b-7310-4c05-bc4d-708a2d801edb for containerID=#1 failed. Corresponding entry not found.
2023-04-19 02:32:30,946 [EventQueue-DeleteBlockStatusForDeletedBlockLogImpl] DEBUG block.DeletedBlockLogImpl (DeletedBlockLogImpl.java:isTransactionFailed(314)) - Got block deletion ACK from datanode, TXIDs=2, success=true
2023-04-19 02:32:30,946 [EventQueue-DeleteBlockStatusForDeletedBlockLogImpl] DEBUG block.DeletedBlockLogImpl (DeletedBlockLogImpl.java:commitTransactions(260)) - Transaction txId=2 commit by dnId=209e8f7b-7310-4c05-bc4d-708a2d801edb for containerID=#2 failed. Corresponding entry not found.
2023-04-19 02:32:30,946 [EventQueue-DeleteBlockStatusForDeletedBlockLogImpl] DEBUG block.DeletedBlockLogImpl (DeletedBlockLogImpl.java:isTransactionFailed(314)) - Got block deletion ACK from datanode, TXIDs=3, success=true
2023-04-19 02:32:30,946 [EventQueue-DeleteBlockStatusForDeletedBlockLogImpl] DEBUG block.DeletedBlockLogImpl (DeletedBlockLogImpl.java:commitTransactions(260)) - Transaction txId=3 commit by dnId=209e8f7b-7310-4c05-bc4d-708a2d801edb for containerID=#3 failed. Corresponding entry not found.
2023-04-19 02:32:30,946 [EventQueue-DeleteBlockStatusForDeletedBlockLogImpl] DEBUG block.DeletedBlockLogImpl (DeletedBlockLogImpl.java:isTransactionFailed(314)) - Got block deletion ACK from datanode, TXIDs=4, success=true
2023-04-19 02:32:30,947 [EventQueue-DeleteBlockStatusForDeletedBlockLogImpl] DEBUG block.DeletedBlockLogImpl (DeletedBlockLogImpl.java:commitTransactions(260)) - Transaction txId=4 commit by dnId=209e8f7b-7310-4c05-bc4d-708a2d801edb for containerID=#4 failed. Corresponding entry not found.
2023-04-19 02:32:30,947 [EventQueue-DeleteBlockStatusForDeletedBlockLogImpl] DEBUG block.DeletedBlockLogImpl (DeletedBlockLogImpl.java:isTransactionFailed(314)) - Got block deletion ACK from datanode, TXIDs=5, success=true
2023-04-19 02:32:30,947 [EventQueue-DeleteBlockStatusForDeletedBlockLogImpl] DEBUG block.DeletedBlockLogImpl (DeletedBlockLogImpl.java:commitTransactions(292)) - Datanode txId=5 containerId=#5 committed by dnId=209e8f7b-7310-4c05-bc4d-708a2d801edb
2023-04-19 02:32:30,947 [EventQueue-DeleteBlockStatusForDeletedBlockLogImpl] DEBUG block.DeletedBlockLogImpl (DeletedBlockLogImpl.java:isTransactionFailed(314)) - Got block deletion ACK from datanode, TXIDs=6, success=true
2023-04-19 02:32:30,947 [EventQueue-DeleteBlockStatusForDeletedBlockLogImpl] DEBUG block.DeletedBlockLogImpl (DeletedBlockLogImpl.java:commitTransactions(260)) - Transaction txId=6 commit by dnId=209e8f7b-7310-4c05-bc4d-708a2d801edb for containerID=#6 failed. Corresponding entry not found.
2023-04-19 02:32:30,947 [EventQueue-DeleteBlockStatusForDeletedBlockLogImpl] DEBUG block.DeletedBlockLogImpl (DeletedBlockLogImpl.java:isTransactionFailed(314)) - Got block deletion ACK from datanode, TXIDs=7, success=true
2023-04-19 02:32:30,947 [EventQueue-DeleteBlockStatusForDeletedBlockLogImpl] DEBUG block.DeletedBlockLogImpl (DeletedBlockLogImpl.java:commitTransactions(260)) - Transaction txId=7 commit by dnId=209e8f7b-7310-4c05-bc4d-708a2d801edb for containerID=#7 failed. Corresponding entry not found.
2023-04-19 02:32:30,947 [EventQueue-DeleteBlockStatusForDeletedBlockLogImpl] DEBUG block.DeletedBlockLogImpl (DeletedBlockLogImpl.java:isTransactionFailed(314)) - Got block deletion ACK from datanode, TXIDs=8, success=true
2023-04-19 02:32:30,947 [EventQueue-DeleteBlockStatusForDeletedBlockLogImpl] DEBUG block.DeletedBlockLogImpl (DeletedBlockLogImpl.java:commitTransactions(260)) - Transaction txId=8 commit by dnId=209e8f7b-7310-4c05-bc4d-708a2d801edb for containerID=#8 failed. Corresponding entry not found.
2023-04-19 02:32:30,947 [EventQueue-DeleteBlockStatusForDeletedBlockLogImpl] DEBUG block.DeletedBlockLogImpl (DeletedBlockLogImpl.java:isTransactionFailed(314)) - Got block deletion ACK from datanode, TXIDs=9, success=true
2023-04-19 02:32:30,947 [EventQueue-DeleteBlockStatusForDeletedBlockLogImpl] DEBUG block.DeletedBlockLogImpl (DeletedBlockLogImpl.java:commitTransactions(292)) - Datanode txId=9 containerId=#9 committed by dnId=209e8f7b-7310-4c05-bc4d-708a2d801edb
2023-04-19 02:32:30,947 [EventQueue-DeleteBlockStatusForDeletedBlockLogImpl] DEBUG block.DeletedBlockLogImpl (DeletedBlockLogImpl.java:isTransactionFailed(314)) - Got block deletion ACK from datanode, TXIDs=10, success=true
2023-04-19 02:32:30,947 [EventQueue-DeleteBlockStatusForDeletedBlockLogImpl] DEBUG block.DeletedBlockLogImpl (DeletedBlockLogImpl.java:commitTransactions(292)) - Datanode txId=10 containerId=#10 committed by dnId=209e8f7b-7310-4c05-bc4d-708a2d801edb
2023-04-19 02:32:30,947 [EventQueue-DeleteBlockStatusForDeletedBlockLogImpl] DEBUG block.DeletedBlockLogImpl (DeletedBlockLogImpl.java:isTransactionFailed(314)) - Got block deletion ACK from datanode, TXIDs=1, success=true
2023-04-19 02:32:30,947 [EventQueue-DeleteBlockStatusForDeletedBlockLogImpl] DEBUG block.DeletedBlockLogImpl (DeletedBlockLogImpl.java:commitTransactions(260)) - Transaction txId=1 commit by dnId=209e8f7b-7310-4c05-bc4d-708a2d801edb for containerID=#1 failed. Corresponding entry not found.
2023-04-19 02:32:30,947 [EventQueue-DeleteBlockStatusForDeletedBlockLogImpl] DEBUG block.DeletedBlockLogImpl (DeletedBlockLogImpl.java:isTransactionFailed(314)) - Got block deletion ACK from datanode, TXIDs=2, success=true
2023-04-19 02:32:30,947 [EventQueue-DeleteBlockStatusForDeletedBlockLogImpl] DEBUG block.DeletedBlockLogImpl (DeletedBlockLogImpl.java:commitTransactions(260)) - Transaction txId=2 commit by dnId=209e8f7b-7310-4c05-bc4d-708a2d801edb for containerID=#2 failed. Corresponding entry not found.
2023-04-19 02:32:30,947 [EventQueue-DeleteBlockStatusForDeletedBlockLogImpl] DEBUG block.DeletedBlockLogImpl (DeletedBlockLogImpl.java:isTransactionFailed(314)) - Got block deletion ACK from datanode, TXIDs=3, success=true
2023-04-19 02:32:30,947 [EventQueue-DeleteBlockStatusForDeletedBlockLogImpl] DEBUG block.DeletedBlockLogImpl (DeletedBlockLogImpl.java:commitTransactions(260)) - Transaction txId=3 commit by dnId=209e8f7b-7310-4c05-bc4d-708a2d801edb for containerID=#3 failed. Corresponding entry not found.
2023-04-19 02:32:30,947 [EventQueue-DeleteBlockStatusForDeletedBlockLogImpl] DEBUG block.DeletedBlockLogImpl (DeletedBlockLogImpl.java:isTransactionFailed(314)) - Got block deletion ACK from datanode, TXIDs=4, success=true
2023-04-19 02:32:30,947 [EventQueue-DeleteBlockStatusForDeletedBlockLogImpl] DEBUG block.DeletedBlockLogImpl (DeletedBlockLogImpl.java:commitTransactions(260)) - Transaction txId=4 commit by dnId=209e8f7b-7310-4c05-bc4d-708a2d801edb for containerID=#4 failed. Corresponding entry not found.
2023-04-19 02:32:30,947 [EventQueue-DeleteBlockStatusForDeletedBlockLogImpl] DEBUG block.DeletedBlockLogImpl (DeletedBlockLogImpl.java:isTransactionFailed(314)) - Got block deletion ACK from datanode, TXIDs=5, success=true
2023-04-19 02:32:30,947 [EventQueue-DeleteBlockStatusForDeletedBlockLogImpl] DEBUG block.DeletedBlockLogImpl (DeletedBlockLogImpl.java:commitTransactions(292)) - Datanode txId=5 containerId=#5 committed by dnId=209e8f7b-7310-4c05-bc4d-708a2d801edb
2023-04-19 02:32:30,947 [EventQueue-DeleteBlockStatusForDeletedBlockLogImpl] DEBUG block.DeletedBlockLogImpl (DeletedBlockLogImpl.java:isTransactionFailed(314)) - Got block deletion ACK from datanode, TXIDs=6, success=true
2023-04-19 02:32:30,947 [EventQueue-DeleteBlockStatusForDeletedBlockLogImpl] DEBUG block.DeletedBlockLogImpl (DeletedBlockLogImpl.java:commitTransactions(260)) - Transaction txId=6 commit by dnId=209e8f7b-7310-4c05-bc4d-708a2d801edb for containerID=#6 failed. Corresponding entry not found.
2023-04-19 02:32:30,947 [EventQueue-DeleteBlockStatusForDeletedBlockLogImpl] DEBUG block.DeletedBlockLogImpl (DeletedBlockLogImpl.java:isTransactionFailed(314)) - Got block deletion ACK from datanode, TXIDs=7, success=true
2023-04-19 02:32:30,947 [EventQueue-DeleteBlockStatusForDeletedBlockLogImpl] DEBUG block.DeletedBlockLogImpl (DeletedBlockLogImpl.java:commitTransactions(260)) - Transaction txId=7 commit by dnId=209e8f7b-7310-4c05-bc4d-708a2d801edb for containerID=#7 failed. Corresponding entry not found.
2023-04-19 02:32:30,947 [EventQueue-DeleteBlockStatusForDeletedBlockLogImpl] DEBUG block.DeletedBlockLogImpl (DeletedBlockLogImpl.java:isTransactionFailed(314)) - Got block deletion ACK from datanode, TXIDs=8, success=true
2023-04-19 02:32:30,947 [EventQueue-DeleteBlockStatusForDeletedBlockLogImpl] DEBUG block.DeletedBlockLogImpl (DeletedBlockLogImpl.java:commitTransactions(260)) - Transaction txId=8 commit by dnId=209e8f7b-7310-4c05-bc4d-708a2d801edb for containerID=#8 failed. Corresponding entry not found.
2023-04-19 02:32:30,947 [EventQueue-DeleteBlockStatusForDeletedBlockLogImpl] DEBUG block.DeletedBlockLogImpl (DeletedBlockLogImpl.java:isTransactionFailed(314)) - Got block deletion ACK from datanode, TXIDs=9, success=true
2023-04-19 02:32:30,947 [EventQueue-DeleteBlockStatusForDeletedBlockLogImpl] DEBUG block.DeletedBlockLogImpl (DeletedBlockLogImpl.java:commitTransactions(292)) - Datanode txId=9 containerId=#9 committed by dnId=209e8f7b-7310-4c05-bc4d-708a2d801edb
2023-04-19 02:32:30,947 [EventQueue-DeleteBlockStatusForDeletedBlockLogImpl] DEBUG block.DeletedBlockLogImpl (DeletedBlockLogImpl.java:isTransactionFailed(314)) - Got block deletion ACK from datanode, TXIDs=10, success=true
2023-04-19 02:32:30,948 [EventQueue-DeleteBlockStatusForDeletedBlockLogImpl] DEBUG block.DeletedBlockLogImpl (DeletedBlockLogImpl.java:commitTransactions(292)) - Datanode txId=10 containerId=#10 committed by dnId=209e8f7b-7310-4c05-bc4d-708a2d801edb
2023-04-19 02:32:30,948 [EventQueue-DeleteBlockStatusForDeletedBlockLogImpl] DEBUG block.DeletedBlockLogImpl (DeletedBlockLogImpl.java:isTransactionFailed(314)) - Got block deletion ACK from datanode, TXIDs=1, success=true
2023-04-19 02:32:30,948 [EventQueue-DeleteBlockStatusForDeletedBlockLogImpl] DEBUG block.DeletedBlockLogImpl (DeletedBlockLogImpl.java:commitTransactions(260)) - Transaction txId=1 commit by dnId=209e8f7b-7310-4c05-bc4d-708a2d801edb for containerID=#1 failed. Corresponding entry not found.
2023-04-19 02:32:30,948 [EventQueue-DeleteBlockStatusForDeletedBlockLogImpl] DEBUG block.DeletedBlockLogImpl (DeletedBlockLogImpl.java:isTransactionFailed(314)) - Got block deletion ACK from datanode, TXIDs=2, success=true
2023-04-19 02:32:30,948 [EventQueue-DeleteBlockStatusForDeletedBlockLogImpl] DEBUG block.DeletedBlockLogImpl (DeletedBlockLogImpl.java:commitTransactions(260)) - Transaction txId=2 commit by dnId=209e8f7b-7310-4c05-bc4d-708a2d801edb for containerID=#2 failed. Corresponding entry not found.
2023-04-19 02:32:30,948 [EventQueue-DeleteBlockStatusForDeletedBlockLogImpl] DEBUG block.DeletedBlockLogImpl (DeletedBlockLogImpl.java:isTransactionFailed(314)) - Got block deletion ACK from datanode, TXIDs=3, success=true
2023-04-19 02:32:30,948 [EventQueue-DeleteBlockStatusForDeletedBlockLogImpl] DEBUG block.DeletedBlockLogImpl (DeletedBlockLogImpl.java:commitTransactions(260)) - Transaction txId=3 commit by dnId=209e8f7b-7310-4c05-bc4d-708a2d801edb for containerID=#3 failed. Corresponding entry not found.
2023-04-19 02:32:30,948 [EventQueue-DeleteBlockStatusForDeletedBlockLogImpl] DEBUG block.DeletedBlockLogImpl (DeletedBlockLogImpl.java:isTransactionFailed(314)) - Got block deletion ACK from datanode, TXIDs=4, success=true
2023-04-19 02:32:30,948 [EventQueue-DeleteBlockStatusForDeletedBlockLogImpl] DEBUG block.DeletedBlockLogImpl (DeletedBlockLogImpl.java:commitTransactions(260)) - Transaction txId=4 commit by dnId=209e8f7b-7310-4c05-bc4d-708a2d801edb for containerID=#4 failed. Corresponding entry not found.
2023-04-19 02:32:30,948 [EventQueue-DeleteBlockStatusForDeletedBlockLogImpl] DEBUG block.DeletedBlockLogImpl (DeletedBlockLogImpl.java:isTransactionFailed(314)) - Got block deletion ACK from datanode, TXIDs=5, success=true
2023-04-19 02:32:30,948 [EventQueue-DeleteBlockStatusForDeletedBlockLogImpl] DEBUG block.DeletedBlockLogImpl (DeletedBlockLogImpl.java:commitTransactions(292)) - Datanode txId=5 containerId=#5 committed by dnId=209e8f7b-7310-4c05-bc4d-708a2d801edb
2023-04-19 02:32:30,948 [EventQueue-DeleteBlockStatusForDeletedBlockLogImpl] DEBUG block.DeletedBlockLogImpl (DeletedBlockLogImpl.java:isTransactionFailed(314)) - Got block deletion ACK from datanode, TXIDs=6, success=true
2023-04-19 02:32:30,948 [EventQueue-DeleteBlockStatusForDeletedBlockLogImpl] DEBUG block.DeletedBlockLogImpl (DeletedBlockLogImpl.java:commitTransactions(260)) - Transaction txId=6 commit by dnId=209e8f7b-7310-4c05-bc4d-708a2d801edb for containerID=#6 failed. Corresponding entry not found.
2023-04-19 02:32:30,948 [EventQueue-DeleteBlockStatusForDeletedBlockLogImpl] DEBUG block.DeletedBlockLogImpl (DeletedBlockLogImpl.java:isTransactionFailed(314)) - Got block deletion ACK from datanode, TXIDs=7, success=true
2023-04-19 02:32:30,948 [EventQueue-DeleteBlockStatusForDeletedBlockLogImpl] DEBUG block.DeletedBlockLogImpl (DeletedBlockLogImpl.java:commitTransactions(260)) - Transaction txId=7 commit by dnId=209e8f7b-7310-4c05-bc4d-708a2d801edb for containerID=#7 failed. Corresponding entry not found.
2023-04-19 02:32:30,948 [EventQueue-DeleteBlockStatusForDeletedBlockLogImpl] DEBUG block.DeletedBlockLogImpl (DeletedBlockLogImpl.java:isTransactionFailed(314)) - Got block deletion ACK from datanode, TXIDs=8, success=true
2023-04-19 02:32:30,948 [EventQueue-DeleteBlockStatusForDeletedBlockLogImpl] DEBUG block.DeletedBlockLogImpl (DeletedBlockLogImpl.java:commitTransactions(260)) - Transaction txId=8 commit by dnId=209e8f7b-7310-4c05-bc4d-708a2d801edb for containerID=#8 failed. Corresponding entry not found.
2023-04-19 02:32:30,950 [EventQueue-DeleteBlockStatusForDeletedBlockLogImpl] DEBUG block.DeletedBlockLogImpl (DeletedBlockLogImpl.java:isTransactionFailed(314)) - Got block deletion ACK from datanode, TXIDs=9, success=true
2023-04-19 02:32:30,950 [EventQueue-DeleteBlockStatusForDeletedBlockLogImpl] DEBUG block.DeletedBlockLogImpl (DeletedBlockLogImpl.java:commitTransactions(292)) - Datanode txId=9 containerId=#9 committed by dnId=209e8f7b-7310-4c05-bc4d-708a2d801edb
2023-04-19 02:32:30,950 [EventQueue-DeleteBlockStatusForDeletedBlockLogImpl] DEBUG block.DeletedBlockLogImpl (DeletedBlockLogImpl.java:isTransactionFailed(314)) - Got block deletion ACK from datanode, TXIDs=10, success=true
2023-04-19 02:32:30,950 [EventQueue-DeleteBlockStatusForDeletedBlockLogImpl] DEBUG block.DeletedBlockLogImpl (DeletedBlockLogImpl.java:commitTransactions(292)) - Datanode txId=10 containerId=#10 committed by dnId=209e8f7b-7310-4c05-bc4d-708a2d801edb
2023-04-19 02:32:30,985 [SCMBlockDeletingService#0] DEBUG block.SCMBlockDeletingService (SCMBlockDeletingService.java:shouldRun(251)) - Check scm block delete run: true serviceStatus: RUNNING safemodeExitRunDelayMillis: 3000 alreadyWaitTimeInMillis: 6700
2023-04-19 02:32:30,985 [SCMBlockDeletingService#0] DEBUG block.SCMBlockDeletingService (SCMBlockDeletingService.java:call(154)) - Running DeletedBlockTransactionScanner
2023-04-19 02:32:30,985 [SCMBlockDeletingService#0] DEBUG block.SCMBlockDeletingService (DatanodeDeletedBlockTransactions.java:addTransactionToDN(50)) - Transaction added: 14fab107-599d-4166-92e2-a49b96c274c4 <- TX(5)
2023-04-19 02:32:30,985 [SCMBlockDeletingService#0] DEBUG block.SCMBlockDeletingService (DatanodeDeletedBlockTransactions.java:addTransactionToDN(50)) - Transaction added: 14fab107-599d-4166-92e2-a49b96c274c4 <- TX(9)
2023-04-19 02:32:30,985 [SCMBlockDeletingService#0] DEBUG block.SCMBlockDeletingService (DatanodeDeletedBlockTransactions.java:addTransactionToDN(50)) - Transaction added: 14fab107-599d-4166-92e2-a49b96c274c4 <- TX(10)
2023-04-19 02:32:30,986 [SCMBlockDeletingService#0] DEBUG block.SCMBlockDeletingService (SCMBlockDeletingService.java:call(189)) - Added delete block command for datanode 14fab107-599d-4166-92e2-a49b96c274c4 in the queue, number of delete block transactions: 3
2023-04-19 02:32:30,986 [SCMBlockDeletingService#0] INFO  block.SCMBlockDeletingService (SCMBlockDeletingService.java:call(198)) - Totally added 3 blocks to be deleted for 1 datanodes, task elapsed time: 1ms
2023-04-19 02:32:31,016 [BlockDeletingService#3] INFO  interfaces.ContainerDeletionChoosingPolicyTemplate (ContainerDeletionChoosingPolicyTemplate.java:chooseContainerForBlockDeletion(83)) - Chosen 0/5000 blocks from 0 candidate containers.
2023-04-19 02:32:31,025 [BlockDeletingService#1] INFO  interfaces.ContainerDeletionChoosingPolicyTemplate (ContainerDeletionChoosingPolicyTemplate.java:chooseContainerForBlockDeletion(83)) - Chosen 0/5000 blocks from 0 candidate containers.
2023-04-19 02:32:31,028 [BlockDeletingService#4] INFO  interfaces.ContainerDeletionChoosingPolicyTemplate (ContainerDeletionChoosingPolicyTemplate.java:chooseContainerForBlockDeletion(83)) - Chosen 0/5000 blocks from 0 candidate containers.
2023-04-19 02:32:31,085 [SCMBlockDeletingService#0] DEBUG block.SCMBlockDeletingService (SCMBlockDeletingService.java:shouldRun(251)) - Check scm block delete run: true serviceStatus: RUNNING safemodeExitRunDelayMillis: 3000 alreadyWaitTimeInMillis: 6800
2023-04-19 02:32:31,085 [SCMBlockDeletingService#0] DEBUG block.SCMBlockDeletingService (SCMBlockDeletingService.java:call(154)) - Running DeletedBlockTransactionScanner
2023-04-19 02:32:31,116 [BlockDeletingService#3] INFO  interfaces.ContainerDeletionChoosingPolicyTemplate (ContainerDeletionChoosingPolicyTemplate.java:chooseContainerForBlockDeletion(83)) - Chosen 0/5000 blocks from 0 candidate containers.
2023-04-19 02:32:31,126 [BlockDeletingService#1] INFO  interfaces.ContainerDeletionChoosingPolicyTemplate (ContainerDeletionChoosingPolicyTemplate.java:chooseContainerForBlockDeletion(83)) - Chosen 0/5000 blocks from 0 candidate containers.
2023-04-19 02:32:31,128 [BlockDeletingService#4] INFO  interfaces.ContainerDeletionChoosingPolicyTemplate (ContainerDeletionChoosingPolicyTemplate.java:chooseContainerForBlockDeletion(83)) - Chosen 0/5000 blocks from 0 candidate containers.
2023-04-19 02:32:31,185 [SCMBlockDeletingService#0] DEBUG block.SCMBlockDeletingService (SCMBlockDeletingService.java:shouldRun(251)) - Check scm block delete run: true serviceStatus: RUNNING safemodeExitRunDelayMillis: 3000 alreadyWaitTimeInMillis: 6900
2023-04-19 02:32:31,185 [SCMBlockDeletingService#0] DEBUG block.SCMBlockDeletingService (SCMBlockDeletingService.java:call(154)) - Running DeletedBlockTransactionScanner
2023-04-19 02:32:31,185 [SCMBlockDeletingService#0] DEBUG block.SCMBlockDeletingService (DatanodeDeletedBlockTransactions.java:addTransactionToDN(50)) - Transaction added: 14fab107-599d-4166-92e2-a49b96c274c4 <- TX(5)
2023-04-19 02:32:31,186 [SCMBlockDeletingService#0] DEBUG block.SCMBlockDeletingService (DatanodeDeletedBlockTransactions.java:addTransactionToDN(50)) - Transaction added: 14fab107-599d-4166-92e2-a49b96c274c4 <- TX(9)
2023-04-19 02:32:31,186 [SCMBlockDeletingService#0] DEBUG block.SCMBlockDeletingService (DatanodeDeletedBlockTransactions.java:addTransactionToDN(50)) - Transaction added: 14fab107-599d-4166-92e2-a49b96c274c4 <- TX(10)
2023-04-19 02:32:31,186 [SCMBlockDeletingService#0] DEBUG block.SCMBlockDeletingService (SCMBlockDeletingService.java:call(189)) - Added delete block command for datanode 14fab107-599d-4166-92e2-a49b96c274c4 in the queue, number of delete block transactions: 3
2023-04-19 02:32:31,186 [SCMBlockDeletingService#0] INFO  block.SCMBlockDeletingService (SCMBlockDeletingService.java:call(198)) - Totally added 3 blocks to be deleted for 1 datanodes, task elapsed time: 1ms
2023-04-19 02:32:31,217 [BlockDeletingService#3] INFO  interfaces.ContainerDeletionChoosingPolicyTemplate (ContainerDeletionChoosingPolicyTemplate.java:chooseContainerForBlockDeletion(83)) - Chosen 0/5000 blocks from 0 candidate containers.
2023-04-19 02:32:31,226 [BlockDeletingService#1] INFO  interfaces.ContainerDeletionChoosingPolicyTemplate (ContainerDeletionChoosingPolicyTemplate.java:chooseContainerForBlockDeletion(83)) - Chosen 0/5000 blocks from 0 candidate containers.
2023-04-19 02:32:31,228 [BlockDeletingService#4] INFO  interfaces.ContainerDeletionChoosingPolicyTemplate (ContainerDeletionChoosingPolicyTemplate.java:chooseContainerForBlockDeletion(83)) - Chosen 0/5000 blocks from 0 candidate containers.
2023-04-19 02:32:31,285 [SCMBlockDeletingService#0] DEBUG block.SCMBlockDeletingService (SCMBlockDeletingService.java:shouldRun(251)) - Check scm block delete run: true serviceStatus: RUNNING safemodeExitRunDelayMillis: 3000 alreadyWaitTimeInMillis: 7000
2023-04-19 02:32:31,285 [SCMBlockDeletingService#0] DEBUG block.SCMBlockDeletingService (SCMBlockDeletingService.java:call(154)) - Running DeletedBlockTransactionScanner
2023-04-19 02:32:31,317 [BlockDeletingService#3] INFO  interfaces.ContainerDeletionChoosingPolicyTemplate (ContainerDeletionChoosingPolicyTemplate.java:chooseContainerForBlockDeletion(83)) - Chosen 0/5000 blocks from 0 candidate containers.
2023-04-19 02:32:31,326 [BlockDeletingService#1] INFO  interfaces.ContainerDeletionChoosingPolicyTemplate (ContainerDeletionChoosingPolicyTemplate.java:chooseContainerForBlockDeletion(83)) - Chosen 0/5000 blocks from 0 candidate containers.
2023-04-19 02:32:31,329 [BlockDeletingService#4] INFO  interfaces.ContainerDeletionChoosingPolicyTemplate (ContainerDeletionChoosingPolicyTemplate.java:chooseContainerForBlockDeletion(83)) - Chosen 0/5000 blocks from 0 candidate containers.
2023-04-19 02:32:31,385 [SCMBlockDeletingService#0] DEBUG block.SCMBlockDeletingService (SCMBlockDeletingService.java:shouldRun(251)) - Check scm block delete run: true serviceStatus: RUNNING safemodeExitRunDelayMillis: 3000 alreadyWaitTimeInMillis: 7100
2023-04-19 02:32:31,385 [SCMBlockDeletingService#0] DEBUG block.SCMBlockDeletingService (SCMBlockDeletingService.java:call(154)) - Running DeletedBlockTransactionScanner
2023-04-19 02:32:31,386 [SCMBlockDeletingService#0] DEBUG block.SCMBlockDeletingService (DatanodeDeletedBlockTransactions.java:addTransactionToDN(50)) - Transaction added: 14fab107-599d-4166-92e2-a49b96c274c4 <- TX(5)
2023-04-19 02:32:31,386 [SCMBlockDeletingService#0] DEBUG block.SCMBlockDeletingService (DatanodeDeletedBlockTransactions.java:addTransactionToDN(50)) - Transaction added: 14fab107-599d-4166-92e2-a49b96c274c4 <- TX(9)
2023-04-19 02:32:31,386 [SCMBlockDeletingService#0] DEBUG block.SCMBlockDeletingService (DatanodeDeletedBlockTransactions.java:addTransactionToDN(50)) - Transaction added: 14fab107-599d-4166-92e2-a49b96c274c4 <- TX(10)
2023-04-19 02:32:31,386 [SCMBlockDeletingService#0] DEBUG block.SCMBlockDeletingService (SCMBlockDeletingService.java:call(189)) - Added delete block command for datanode 14fab107-599d-4166-92e2-a49b96c274c4 in the queue, number of delete block transactions: 3
2023-04-19 02:32:31,386 [SCMBlockDeletingService#0] INFO  block.SCMBlockDeletingService (SCMBlockDeletingService.java:call(198)) - Totally added 3 blocks to be deleted for 1 datanodes, task elapsed time: 0ms
2023-04-19 02:32:31,418 [BlockDeletingService#3] INFO  interfaces.ContainerDeletionChoosingPolicyTemplate (ContainerDeletionChoosingPolicyTemplate.java:chooseContainerForBlockDeletion(83)) - Chosen 0/5000 blocks from 0 candidate containers.
2023-04-19 02:32:31,427 [BlockDeletingService#1] INFO  interfaces.ContainerDeletionChoosingPolicyTemplate (ContainerDeletionChoosingPolicyTemplate.java:chooseContainerForBlockDeletion(83)) - Chosen 0/5000 blocks from 0 candidate containers.
2023-04-19 02:32:31,429 [BlockDeletingService#4] INFO  interfaces.ContainerDeletionChoosingPolicyTemplate (ContainerDeletionChoosingPolicyTemplate.java:chooseContainerForBlockDeletion(83)) - Chosen 0/5000 blocks from 0 candidate containers.
2023-04-19 02:32:31,485 [SCMBlockDeletingService#0] DEBUG block.SCMBlockDeletingService (SCMBlockDeletingService.java:shouldRun(251)) - Check scm block delete run: true serviceStatus: RUNNING safemodeExitRunDelayMillis: 3000 alreadyWaitTimeInMillis: 7200
2023-04-19 02:32:31,485 [SCMBlockDeletingService#0] DEBUG block.SCMBlockDeletingService (SCMBlockDeletingService.java:call(154)) - Running DeletedBlockTransactionScanner
2023-04-19 02:32:31,518 [BlockDeletingService#3] INFO  interfaces.ContainerDeletionChoosingPolicyTemplate (ContainerDeletionChoosingPolicyTemplate.java:chooseContainerForBlockDeletion(83)) - Chosen 0/5000 blocks from 0 candidate containers.
2023-04-19 02:32:31,527 [BlockDeletingService#1] INFO  interfaces.ContainerDeletionChoosingPolicyTemplate (ContainerDeletionChoosingPolicyTemplate.java:chooseContainerForBlockDeletion(83)) - Chosen 0/5000 blocks from 0 candidate containers.
2023-04-19 02:32:31,529 [BlockDeletingService#4] INFO  interfaces.ContainerDeletionChoosingPolicyTemplate (ContainerDeletionChoosingPolicyTemplate.java:chooseContainerForBlockDeletion(83)) - Chosen 0/5000 blocks from 0 candidate containers.
2023-04-19 02:32:31,585 [SCMBlockDeletingService#0] DEBUG block.SCMBlockDeletingService (SCMBlockDeletingService.java:shouldRun(251)) - Check scm block delete run: true serviceStatus: RUNNING safemodeExitRunDelayMillis: 3000 alreadyWaitTimeInMillis: 7300
2023-04-19 02:32:31,585 [SCMBlockDeletingService#0] DEBUG block.SCMBlockDeletingService (SCMBlockDeletingService.java:call(154)) - Running DeletedBlockTransactionScanner
2023-04-19 02:32:31,586 [SCMBlockDeletingService#0] DEBUG block.SCMBlockDeletingService (DatanodeDeletedBlockTransactions.java:addTransactionToDN(50)) - Transaction added: 14fab107-599d-4166-92e2-a49b96c274c4 <- TX(5)
2023-04-19 02:32:31,586 [SCMBlockDeletingService#0] DEBUG block.SCMBlockDeletingService (DatanodeDeletedBlockTransactions.java:addTransactionToDN(50)) - Transaction added: 14fab107-599d-4166-92e2-a49b96c274c4 <- TX(9)
2023-04-19 02:32:31,586 [SCMBlockDeletingService#0] DEBUG block.SCMBlockDeletingService (DatanodeDeletedBlockTransactions.java:addTransactionToDN(50)) - Transaction added: 14fab107-599d-4166-92e2-a49b96c274c4 <- TX(10)
2023-04-19 02:32:31,586 [SCMBlockDeletingService#0] DEBUG block.SCMBlockDeletingService (SCMBlockDeletingService.java:call(189)) - Added delete block command for datanode 14fab107-599d-4166-92e2-a49b96c274c4 in the queue, number of delete block transactions: 3
2023-04-19 02:32:31,586 [SCMBlockDeletingService#0] INFO  block.SCMBlockDeletingService (SCMBlockDeletingService.java:call(198)) - Totally added 3 blocks to be deleted for 1 datanodes, task elapsed time: 0ms
2023-04-19 02:32:31,618 [BlockDeletingService#3] INFO  interfaces.ContainerDeletionChoosingPolicyTemplate (ContainerDeletionChoosingPolicyTemplate.java:chooseContainerForBlockDeletion(83)) - Chosen 0/5000 blocks from 0 candidate containers.
2023-04-19 02:32:31,628 [BlockDeletingService#1] INFO  interfaces.ContainerDeletionChoosingPolicyTemplate (ContainerDeletionChoosingPolicyTemplate.java:chooseContainerForBlockDeletion(83)) - Chosen 0/5000 blocks from 0 candidate containers.
2023-04-19 02:32:31,629 [BlockDeletingService#4] INFO  interfaces.ContainerDeletionChoosingPolicyTemplate (ContainerDeletionChoosingPolicyTemplate.java:chooseContainerForBlockDeletion(83)) - Chosen 0/5000 blocks from 0 candidate containers.
2023-04-19 02:32:31,685 [SCMBlockDeletingService#0] DEBUG block.SCMBlockDeletingService (SCMBlockDeletingService.java:shouldRun(251)) - Check scm block delete run: true serviceStatus: RUNNING safemodeExitRunDelayMillis: 3000 alreadyWaitTimeInMillis: 7400
2023-04-19 02:32:31,686 [SCMBlockDeletingService#0] DEBUG block.SCMBlockDeletingService (SCMBlockDeletingService.java:call(154)) - Running DeletedBlockTransactionScanner
2023-04-19 02:32:31,718 [BlockDeletingService#3] INFO  interfaces.ContainerDeletionChoosingPolicyTemplate (ContainerDeletionChoosingPolicyTemplate.java:chooseContainerForBlockDeletion(83)) - Chosen 0/5000 blocks from 0 candidate containers.
2023-04-19 02:32:31,726 [org.apache.hadoop.ozone.container.common.statemachine.commandhandler.DeleteBlocksCommandHandler$DeleteCmdWorker@183c30f1] INFO  commandhandler.DeleteBlocksCommandHandler (DeleteBlocksCommandHandler.java:processCmd(275)) - Start to delete container blocks, TXIDs=[1(1),2(1),3(1),4(1),5(0),6(1),7(1),8(1),9(0),10(0)], numOfContainers=10, numOfBlocks=10
2023-04-19 02:32:31,726 [DeleteBlocksCommandHandlerThread-3] INFO  commandhandler.DeleteBlocksCommandHandler (DeleteBlocksCommandHandler.java:logDeleteTransaction(493)) - Delete blocks for containerId: 1 is either received out of order or retried, 1 <= 1
2023-04-19 02:32:31,726 [DeleteBlocksCommandHandlerThread-3] INFO  commandhandler.DeleteBlocksCommandHandler (DeleteBlocksCommandHandler.java:logDeleteTransaction(493)) - Delete blocks for containerId: 2 is either received out of order or retried, 2 <= 2
2023-04-19 02:32:31,727 [DeleteBlocksCommandHandlerThread-3] INFO  commandhandler.DeleteBlocksCommandHandler (DeleteBlocksCommandHandler.java:logDeleteTransaction(493)) - Delete blocks for containerId: 3 is either received out of order or retried, 3 <= 3
2023-04-19 02:32:31,727 [DeleteBlocksCommandHandlerThread-3] INFO  commandhandler.DeleteBlocksCommandHandler (DeleteBlocksCommandHandler.java:logDeleteTransaction(493)) - Delete blocks for containerId: 4 is either received out of order or retried, 4 <= 4
2023-04-19 02:32:31,727 [DeleteBlocksCommandHandlerThread-3] INFO  commandhandler.DeleteBlocksCommandHandler (DeleteBlocksCommandHandler.java:logDeleteTransaction(493)) - Delete blocks for containerId: 6 is either received out of order or retried, 6 <= 6
2023-04-19 02:32:31,727 [DeleteBlocksCommandHandlerThread-3] INFO  commandhandler.DeleteBlocksCommandHandler (DeleteBlocksCommandHandler.java:logDeleteTransaction(493)) - Delete blocks for containerId: 7 is either received out of order or retried, 7 <= 7
2023-04-19 02:32:31,727 [DeleteBlocksCommandHandlerThread-3] INFO  commandhandler.DeleteBlocksCommandHandler (DeleteBlocksCommandHandler.java:logDeleteTransaction(493)) - Delete blocks for containerId: 8 is either received out of order or retried, 8 <= 8
2023-04-19 02:32:31,728 [org.apache.hadoop.ozone.container.common.statemachine.commandhandler.DeleteBlocksCommandHandler$DeleteCmdWorker@183c30f1] INFO  commandhandler.DeleteBlocksCommandHandler (DeleteBlocksCommandHandler.java:processCmd(275)) - Start to delete container blocks, TXIDs=[1(2),2(2),3(2),4(2),5(1),6(2),7(2),8(2),9(1),10(1)], numOfContainers=10, numOfBlocks=10
2023-04-19 02:32:31,728 [DeleteBlocksCommandHandlerThread-2] INFO  commandhandler.DeleteBlocksCommandHandler (DeleteBlocksCommandHandler.java:logDeleteTransaction(493)) - Delete blocks for containerId: 2 is either received out of order or retried, 2 <= 2
2023-04-19 02:32:31,728 [BlockDeletingService#1] INFO  interfaces.ContainerDeletionChoosingPolicyTemplate (ContainerDeletionChoosingPolicyTemplate.java:chooseContainerForBlockDeletion(83)) - Chosen 0/5000 blocks from 0 candidate containers.
2023-04-19 02:32:31,728 [DeleteBlocksCommandHandlerThread-2] INFO  commandhandler.DeleteBlocksCommandHandler (DeleteBlocksCommandHandler.java:logDeleteTransaction(493)) - Delete blocks for containerId: 3 is either received out of order or retried, 3 <= 3
2023-04-19 02:32:31,728 [DeleteBlocksCommandHandlerThread-1] INFO  commandhandler.DeleteBlocksCommandHandler (DeleteBlocksCommandHandler.java:logDeleteTransaction(493)) - Delete blocks for containerId: 1 is either received out of order or retried, 1 <= 1
2023-04-19 02:32:31,728 [DeleteBlocksCommandHandlerThread-2] INFO  commandhandler.DeleteBlocksCommandHandler (DeleteBlocksCommandHandler.java:logDeleteTransaction(493)) - Delete blocks for containerId: 4 is either received out of order or retried, 4 <= 4
2023-04-19 02:32:31,728 [DeleteBlocksCommandHandlerThread-1] INFO  commandhandler.DeleteBlocksCommandHandler (DeleteBlocksCommandHandler.java:logDeleteTransaction(493)) - Delete blocks for containerId: 5 is either received out of order or retried, 5 <= 5
2023-04-19 02:32:31,728 [DeleteBlocksCommandHandlerThread-4] INFO  commandhandler.DeleteBlocksCommandHandler (DeleteBlocksCommandHandler.java:logDeleteTransaction(493)) - Delete blocks for containerId: 7 is either received out of order or retried, 7 <= 7
2023-04-19 02:32:31,728 [DeleteBlocksCommandHandlerThread-1] INFO  commandhandler.DeleteBlocksCommandHandler (DeleteBlocksCommandHandler.java:logDeleteTransaction(493)) - Delete blocks for containerId: 8 is either received out of order or retried, 8 <= 8
2023-04-19 02:32:31,728 [DeleteBlocksCommandHandlerThread-4] INFO  commandhandler.DeleteBlocksCommandHandler (DeleteBlocksCommandHandler.java:logDeleteTransaction(493)) - Delete blocks for containerId: 9 is either received out of order or retried, 9 <= 9
2023-04-19 02:32:31,729 [DeleteBlocksCommandHandlerThread-1] INFO  commandhandler.DeleteBlocksCommandHandler (DeleteBlocksCommandHandler.java:logDeleteTransaction(493)) - Delete blocks for containerId: 10 is either received out of order or retried, 10 <= 10
2023-04-19 02:32:31,728 [DeleteBlocksCommandHandlerThread-2] INFO  commandhandler.DeleteBlocksCommandHandler (DeleteBlocksCommandHandler.java:logDeleteTransaction(493)) - Delete blocks for containerId: 6 is either received out of order or retried, 6 <= 6
2023-04-19 02:32:31,730 [org.apache.hadoop.ozone.container.common.statemachine.commandhandler.DeleteBlocksCommandHandler$DeleteCmdWorker@183c30f1] INFO  commandhandler.DeleteBlocksCommandHandler (DeleteBlocksCommandHandler.java:processCmd(275)) - Start to delete container blocks, TXIDs=[1(3),2(3),3(3),4(3),5(2),6(3),7(3),8(3),9(2),10(2)], numOfContainers=10, numOfBlocks=10
2023-04-19 02:32:31,732 [DeleteBlocksCommandHandlerThread-3] INFO  commandhandler.DeleteBlocksCommandHandler (DeleteBlocksCommandHandler.java:logDeleteTransaction(493)) - Delete blocks for containerId: 1 is either received out of order or retried, 1 <= 1
2023-04-19 02:32:31,732 [DeleteBlocksCommandHandlerThread-3] INFO  commandhandler.DeleteBlocksCommandHandler (DeleteBlocksCommandHandler.java:logDeleteTransaction(493)) - Delete blocks for containerId: 2 is either received out of order or retried, 2 <= 2
2023-04-19 02:32:31,733 [DeleteBlocksCommandHandlerThread-3] INFO  commandhandler.DeleteBlocksCommandHandler (DeleteBlocksCommandHandler.java:logDeleteTransaction(493)) - Delete blocks for containerId: 3 is either received out of order or retried, 3 <= 3
2023-04-19 02:32:31,733 [DeleteBlocksCommandHandlerThread-3] INFO  commandhandler.DeleteBlocksCommandHandler (DeleteBlocksCommandHandler.java:logDeleteTransaction(493)) - Delete blocks for containerId: 4 is either received out of order or retried, 4 <= 4
2023-04-19 02:32:31,733 [DeleteBlocksCommandHandlerThread-3] INFO  commandhandler.DeleteBlocksCommandHandler (DeleteBlocksCommandHandler.java:logDeleteTransaction(493)) - Delete blocks for containerId: 5 is either received out of order or retried, 5 <= 5
2023-04-19 02:32:31,733 [DeleteBlocksCommandHandlerThread-0] INFO  commandhandler.DeleteBlocksCommandHandler (DeleteBlocksCommandHandler.java:logDeleteTransaction(493)) - Delete blocks for containerId: 7 is either received out of order or retried, 7 <= 7
2023-04-19 02:32:31,733 [DeleteBlocksCommandHandlerThread-0] INFO  commandhandler.DeleteBlocksCommandHandler (DeleteBlocksCommandHandler.java:logDeleteTransaction(493)) - Delete blocks for containerId: 8 is either received out of order or retried, 8 <= 8
2023-04-19 02:32:31,733 [DeleteBlocksCommandHandlerThread-0] INFO  commandhandler.DeleteBlocksCommandHandler (DeleteBlocksCommandHandler.java:logDeleteTransaction(493)) - Delete blocks for containerId: 9 is either received out of order or retried, 9 <= 9
2023-04-19 02:32:31,734 [DeleteBlocksCommandHandlerThread-0] INFO  commandhandler.DeleteBlocksCommandHandler (DeleteBlocksCommandHandler.java:logDeleteTransaction(493)) - Delete blocks for containerId: 10 is either received out of order or retried, 10 <= 10
2023-04-19 02:32:31,734 [DeleteBlocksCommandHandlerThread-3] INFO  commandhandler.DeleteBlocksCommandHandler (DeleteBlocksCommandHandler.java:logDeleteTransaction(493)) - Delete blocks for containerId: 6 is either received out of order or retried, 6 <= 6
2023-04-19 02:32:31,735 [org.apache.hadoop.ozone.container.common.statemachine.commandhandler.DeleteBlocksCommandHandler$DeleteCmdWorker@183c30f1] INFO  commandhandler.DeleteBlocksCommandHandler (DeleteBlocksCommandHandler.java:processCmd(275)) - Start to delete container blocks, TXIDs=[1(4),2(4),3(4),4(4),5(3),6(4),7(4),8(4),9(3),10(3)], numOfContainers=10, numOfBlocks=10
2023-04-19 02:32:31,735 [DeleteBlocksCommandHandlerThread-0] INFO  commandhandler.DeleteBlocksCommandHandler (DeleteBlocksCommandHandler.java:logDeleteTransaction(493)) - Delete blocks for containerId: 1 is either received out of order or retried, 1 <= 1
2023-04-19 02:32:31,735 [DeleteBlocksCommandHandlerThread-0] INFO  commandhandler.DeleteBlocksCommandHandler (DeleteBlocksCommandHandler.java:logDeleteTransaction(493)) - Delete blocks for containerId: 2 is either received out of order or retried, 2 <= 2
2023-04-19 02:32:31,735 [DeleteBlocksCommandHandlerThread-0] INFO  commandhandler.DeleteBlocksCommandHandler (DeleteBlocksCommandHandler.java:logDeleteTransaction(493)) - Delete blocks for containerId: 3 is either received out of order or retried, 3 <= 3
2023-04-19 02:32:31,735 [DeleteBlocksCommandHandlerThread-0] INFO  commandhandler.DeleteBlocksCommandHandler (DeleteBlocksCommandHandler.java:logDeleteTransaction(493)) - Delete blocks for containerId: 4 is either received out of order or retried, 4 <= 4
2023-04-19 02:32:31,735 [DeleteBlocksCommandHandlerThread-0] INFO  commandhandler.DeleteBlocksCommandHandler (DeleteBlocksCommandHandler.java:logDeleteTransaction(493)) - Delete blocks for containerId: 5 is either received out of order or retried, 5 <= 5
2023-04-19 02:32:31,735 [DeleteBlocksCommandHandlerThread-0] INFO  commandhandler.DeleteBlocksCommandHandler (DeleteBlocksCommandHandler.java:logDeleteTransaction(493)) - Delete blocks for containerId: 6 is either received out of order or retried, 6 <= 6
2023-04-19 02:32:31,736 [DeleteBlocksCommandHandlerThread-0] INFO  commandhandler.DeleteBlocksCommandHandler (DeleteBlocksCommandHandler.java:logDeleteTransaction(493)) - Delete blocks for containerId: 7 is either received out of order or retried, 7 <= 7
2023-04-19 02:32:31,736 [DeleteBlocksCommandHandlerThread-0] INFO  commandhandler.DeleteBlocksCommandHandler (DeleteBlocksCommandHandler.java:logDeleteTransaction(493)) - Delete blocks for containerId: 8 is either received out of order or retried, 8 <= 8
2023-04-19 02:32:31,736 [DeleteBlocksCommandHandlerThread-0] INFO  commandhandler.DeleteBlocksCommandHandler (DeleteBlocksCommandHandler.java:logDeleteTransaction(493)) - Delete blocks for containerId: 9 is either received out of order or retried, 9 <= 9
2023-04-19 02:32:31,736 [DeleteBlocksCommandHandlerThread-0] INFO  commandhandler.DeleteBlocksCommandHandler (DeleteBlocksCommandHandler.java:logDeleteTransaction(493)) - Delete blocks for containerId: 10 is either received out of order or retried, 10 <= 10
2023-04-19 02:32:31,735 [BlockDeletingService#4] INFO  interfaces.ContainerDeletionChoosingPolicyTemplate (ContainerDeletionChoosingPolicyTemplate.java:chooseContainerForBlockDeletion(83)) - Chosen 32/4968 blocks from 10 candidate containers.
2023-04-19 02:32:31,737 [BlockDeletingService#5] INFO  impl.FilePerBlockStrategy (FilePerBlockStrategy.java:deleteChunk(252)) - Deleted block file: /home/runner/work/ozone/ozone/hadoop-ozone/integration-test/target/test-dir/MiniOzoneClusterImpl-4a8f3de1-6dc7-4495-8b56-1623617bdc2e/datanode-0/data-0/containers/hdds/4a8f3de1-6dc7-4495-8b56-1623617bdc2e/current/containerDir0/10/chunks/111677748019200010.block
2023-04-19 02:32:31,738 [BlockDeletingService#5] INFO  impl.FilePerBlockStrategy (FilePerBlockStrategy.java:deleteChunk(252)) - Deleted block file: /home/runner/work/ozone/ozone/hadoop-ozone/integration-test/target/test-dir/MiniOzoneClusterImpl-4a8f3de1-6dc7-4495-8b56-1623617bdc2e/datanode-0/data-0/containers/hdds/4a8f3de1-6dc7-4495-8b56-1623617bdc2e/current/containerDir0/9/chunks/111677748019200009.block
2023-04-19 02:32:31,739 [BlockDeletingService#0] INFO  impl.FilePerBlockStrategy (FilePerBlockStrategy.java:deleteChunk(252)) - Deleted block file: /home/runner/work/ozone/ozone/hadoop-ozone/integration-test/target/test-dir/MiniOzoneClusterImpl-4a8f3de1-6dc7-4495-8b56-1623617bdc2e/datanode-0/data-0/containers/hdds/4a8f3de1-6dc7-4495-8b56-1623617bdc2e/current/containerDir0/5/chunks/111677748019200005.block
2023-04-19 02:32:31,739 [org.apache.hadoop.ozone.container.common.statemachine.commandhandler.DeleteBlocksCommandHandler$DeleteCmdWorker@183c30f1] INFO  commandhandler.DeleteBlocksCommandHandler (DeleteBlocksCommandHandler.java:processCmd(275)) - Start to delete container blocks, TXIDs=[1(5),2(5),3(5),4(5),5(4),6(5),7(5),8(5),9(4),10(4)], numOfContainers=10, numOfBlocks=10
2023-04-19 02:32:31,740 [BlockDeletingService#4] WARN  keyvalue.KeyValueHandler (KeyValueHandler.java:deleteUnreferenced(1211)) - Missing delete block(Container = 1, Block = 111677748019200001
2023-04-19 02:32:31,742 [DeleteBlocksCommandHandlerThread-2] INFO  commandhandler.DeleteBlocksCommandHandler (DeleteBlocksCommandHandler.java:logDeleteTransaction(493)) - Delete blocks for containerId: 1 is either received out of order or retried, 1 <= 1
2023-04-19 02:32:31,741 [BlockDeletingService#9] WARN  keyvalue.KeyValueHandler (KeyValueHandler.java:deleteUnreferenced(1211)) - Missing delete block(Container = 7, Block = 111677748019200007
2023-04-19 02:32:31,741 [BlockDeletingService#1] WARN  keyvalue.KeyValueHandler (KeyValueHandler.java:deleteUnreferenced(1211)) - Missing delete block(Container = 6, Block = 111677748019200006
2023-04-19 02:32:31,741 [BlockDeletingService#0] WARN  keyvalue.KeyValueHandler (KeyValueHandler.java:deleteUnreferenced(1211)) - Missing delete block(Container = 4, Block = 111677748019200004
2023-04-19 02:32:31,745 [DeleteBlocksCommandHandlerThread-3] INFO  commandhandler.DeleteBlocksCommandHandler (DeleteBlocksCommandHandler.java:logDeleteTransaction(493)) - Delete blocks for containerId: 5 is either received out of order or retried, 5 <= 5
2023-04-19 02:32:31,745 [DeleteBlocksCommandHandlerThread-1] INFO  commandhandler.DeleteBlocksCommandHandler (DeleteBlocksCommandHandler.java:logDeleteTransaction(493)) - Delete blocks for containerId: 6 is either received out of order or retried, 6 <= 6
2023-04-19 02:32:31,745 [DeleteBlocksCommandHandlerThread-3] INFO  commandhandler.DeleteBlocksCommandHandler (DeleteBlocksCommandHandler.java:logDeleteTransaction(493)) - Delete blocks for containerId: 7 is either received out of order or retried, 7 <= 7
2023-04-19 02:32:31,742 [BlockDeletingService#8] WARN  keyvalue.KeyValueHandler (KeyValueHandler.java:deleteUnreferenced(1211)) - Missing delete block(Container = 3, Block = 111677748019200003
2023-04-19 02:32:31,745 [DeleteBlocksCommandHandlerThread-3] INFO  commandhandler.DeleteBlocksCommandHandler (DeleteBlocksCommandHandler.java:logDeleteTransaction(493)) - Delete blocks for containerId: 9 is either received out of order or retried, 9 <= 9
2023-04-19 02:32:31,742 [BlockDeletingService#3] WARN  keyvalue.KeyValueHandler (KeyValueHandler.java:deleteUnreferenced(1211)) - Missing delete block(Container = 2, Block = 111677748019200002
2023-04-19 02:32:31,745 [DeleteBlocksCommandHandlerThread-4] INFO  commandhandler.DeleteBlocksCommandHandler (DeleteBlocksCommandHandler.java:logDeleteTransaction(493)) - Delete blocks for containerId: 4 is either received out of order or retried, 4 <= 4
2023-04-19 02:32:31,746 [DeleteBlocksCommandHandlerThread-2] INFO  commandhandler.DeleteBlocksCommandHandler (DeleteBlocksCommandHandler.java:logDeleteTransaction(493)) - Delete blocks for containerId: 2 is either received out of order or retried, 2 <= 2
2023-04-19 02:32:31,742 [BlockDeletingService#5] WARN  keyvalue.KeyValueHandler (KeyValueHandler.java:deleteUnreferenced(1211)) - Missing delete block(Container = 8, Block = 111677748019200008
2023-04-19 02:32:31,746 [DeleteBlocksCommandHandlerThread-1] INFO  commandhandler.DeleteBlocksCommandHandler (DeleteBlocksCommandHandler.java:logDeleteTransaction(493)) - Delete blocks for containerId: 8 is either received out of order or retried, 8 <= 8
2023-04-19 02:32:31,746 [DeleteBlocksCommandHandlerThread-0] INFO  commandhandler.DeleteBlocksCommandHandler (DeleteBlocksCommandHandler.java:logDeleteTransaction(493)) - Delete blocks for containerId: 3 is either received out of order or retried, 3 <= 3
2023-04-19 02:32:31,745 [DeleteBlocksCommandHandlerThread-3] INFO  commandhandler.DeleteBlocksCommandHandler (DeleteBlocksCommandHandler.java:logDeleteTransaction(493)) - Delete blocks for containerId: 10 is either received out of order or retried, 10 <= 10
2023-04-19 02:32:31,747 [org.apache.hadoop.ozone.container.common.statemachine.commandhandler.DeleteBlocksCommandHandler$DeleteCmdWorker@183c30f1] INFO  commandhandler.DeleteBlocksCommandHandler (DeleteBlocksCommandHandler.java:processCmd(275)) - Start to delete container blocks, TXIDs=[5(5),9(5),10(5)], numOfContainers=3, numOfBlocks=3
2023-04-19 02:32:31,747 [DeleteBlocksCommandHandlerThread-4] INFO  commandhandler.DeleteBlocksCommandHandler (DeleteBlocksCommandHandler.java:logDeleteTransaction(493)) - Delete blocks for containerId: 5 is either received out of order or retried, 5 <= 5
2023-04-19 02:32:31,747 [DeleteBlocksCommandHandlerThread-4] INFO  commandhandler.DeleteBlocksCommandHandler (DeleteBlocksCommandHandler.java:logDeleteTransaction(493)) - Delete blocks for containerId: 9 is either received out of order or retried, 9 <= 9
2023-04-19 02:32:31,747 [DeleteBlocksCommandHandlerThread-4] INFO  commandhandler.DeleteBlocksCommandHandler (DeleteBlocksCommandHandler.java:logDeleteTransaction(493)) - Delete blocks for containerId: 10 is either received out of order or retried, 10 <= 10
2023-04-19 02:32:31,747 [org.apache.hadoop.ozone.container.common.statemachine.commandhandler.DeleteBlocksCommandHandler$DeleteCmdWorker@183c30f1] INFO  commandhandler.DeleteBlocksCommandHandler (DeleteBlocksCommandHandler.java:processCmd(275)) - Start to delete container blocks, TXIDs=[5(6),9(6),10(6)], numOfContainers=3, numOfBlocks=3
2023-04-19 02:32:31,747 [DeleteBlocksCommandHandlerThread-2] INFO  commandhandler.DeleteBlocksCommandHandler (DeleteBlocksCommandHandler.java:logDeleteTransaction(493)) - Delete blocks for containerId: 5 is either received out of order or retried, 5 <= 5
2023-04-19 02:32:31,747 [DeleteBlocksCommandHandlerThread-2] INFO  commandhandler.DeleteBlocksCommandHandler (DeleteBlocksCommandHandler.java:logDeleteTransaction(493)) - Delete blocks for containerId: 9 is either received out of order or retried, 9 <= 9
2023-04-19 02:32:31,748 [DeleteBlocksCommandHandlerThread-2] INFO  commandhandler.DeleteBlocksCommandHandler (DeleteBlocksCommandHandler.java:logDeleteTransaction(493)) - Delete blocks for containerId: 10 is either received out of order or retried, 10 <= 10
2023-04-19 02:32:31,748 [org.apache.hadoop.ozone.container.common.statemachine.commandhandler.DeleteBlocksCommandHandler$DeleteCmdWorker@183c30f1] INFO  commandhandler.DeleteBlocksCommandHandler (DeleteBlocksCommandHandler.java:processCmd(275)) - Start to delete container blocks, TXIDs=[5(7),9(7),10(7)], numOfContainers=3, numOfBlocks=3
2023-04-19 02:32:31,748 [DeleteBlocksCommandHandlerThread-0] INFO  commandhandler.DeleteBlocksCommandHandler (DeleteBlocksCommandHandler.java:logDeleteTransaction(493)) - Delete blocks for containerId: 5 is either received out of order or retried, 5 <= 5
2023-04-19 02:32:31,748 [DeleteBlocksCommandHandlerThread-0] INFO  commandhandler.DeleteBlocksCommandHandler (DeleteBlocksCommandHandler.java:logDeleteTransaction(493)) - Delete blocks for containerId: 9 is either received out of order or retried, 9 <= 9
2023-04-19 02:32:31,748 [DeleteBlocksCommandHandlerThread-0] INFO  commandhandler.DeleteBlocksCommandHandler (DeleteBlocksCommandHandler.java:logDeleteTransaction(493)) - Delete blocks for containerId: 10 is either received out of order or retried, 10 <= 10
2023-04-19 02:32:31,748 [org.apache.hadoop.ozone.container.common.statemachine.commandhandler.DeleteBlocksCommandHandler$DeleteCmdWorker@183c30f1] INFO  commandhandler.DeleteBlocksCommandHandler (DeleteBlocksCommandHandler.java:processCmd(275)) - Start to delete container blocks, TXIDs=[5(8),9(8),10(8)], numOfContainers=3, numOfBlocks=3
2023-04-19 02:32:31,748 [DeleteBlocksCommandHandlerThread-4] INFO  commandhandler.DeleteBlocksCommandHandler (DeleteBlocksCommandHandler.java:logDeleteTransaction(493)) - Delete blocks for containerId: 5 is either received out of order or retried, 5 <= 5
2023-04-19 02:32:31,749 [DeleteBlocksCommandHandlerThread-4] INFO  commandhandler.DeleteBlocksCommandHandler (DeleteBlocksCommandHandler.java:logDeleteTransaction(493)) - Delete blocks for containerId: 9 is either received out of order or retried, 9 <= 9
2023-04-19 02:32:31,749 [DeleteBlocksCommandHandlerThread-4] INFO  commandhandler.DeleteBlocksCommandHandler (DeleteBlocksCommandHandler.java:logDeleteTransaction(493)) - Delete blocks for containerId: 10 is either received out of order or retried, 10 <= 10
2023-04-19 02:32:31,749 [org.apache.hadoop.ozone.container.common.statemachine.commandhandler.DeleteBlocksCommandHandler$DeleteCmdWorker@183c30f1] INFO  commandhandler.DeleteBlocksCommandHandler (DeleteBlocksCommandHandler.java:processCmd(275)) - Start to delete container blocks, TXIDs=[5(9),9(9),10(9)], numOfContainers=3, numOfBlocks=3
2023-04-19 02:32:31,749 [DeleteBlocksCommandHandlerThread-2] INFO  commandhandler.DeleteBlocksCommandHandler (DeleteBlocksCommandHandler.java:logDeleteTransaction(493)) - Delete blocks for containerId: 5 is either received out of order or retried, 5 <= 5
2023-04-19 02:32:31,749 [DeleteBlocksCommandHandlerThread-2] INFO  commandhandler.DeleteBlocksCommandHandler (DeleteBlocksCommandHandler.java:logDeleteTransaction(493)) - Delete blocks for containerId: 9 is either received out of order or retried, 9 <= 9
2023-04-19 02:32:31,749 [DeleteBlocksCommandHandlerThread-2] INFO  commandhandler.DeleteBlocksCommandHandler (DeleteBlocksCommandHandler.java:logDeleteTransaction(493)) - Delete blocks for containerId: 10 is either received out of order or retried, 10 <= 10
2023-04-19 02:32:31,749 [org.apache.hadoop.ozone.container.common.statemachine.commandhandler.DeleteBlocksCommandHandler$DeleteCmdWorker@183c30f1] INFO  commandhandler.DeleteBlocksCommandHandler (DeleteBlocksCommandHandler.java:processCmd(275)) - Start to delete container blocks, TXIDs=[5(10),9(10),10(10)], numOfContainers=3, numOfBlocks=3
2023-04-19 02:32:31,750 [DeleteBlocksCommandHandlerThread-0] INFO  commandhandler.DeleteBlocksCommandHandler (DeleteBlocksCommandHandler.java:logDeleteTransaction(493)) - Delete blocks for containerId: 5 is either received out of order or retried, 5 <= 5
2023-04-19 02:32:31,750 [DeleteBlocksCommandHandlerThread-0] INFO  commandhandler.DeleteBlocksCommandHandler (DeleteBlocksCommandHandler.java:logDeleteTransaction(493)) - Delete blocks for containerId: 9 is either received out of order or retried, 9 <= 9
2023-04-19 02:32:31,750 [DeleteBlocksCommandHandlerThread-0] INFO  commandhandler.DeleteBlocksCommandHandler (DeleteBlocksCommandHandler.java:logDeleteTransaction(493)) - Delete blocks for containerId: 10 is either received out of order or retried, 10 <= 10
2023-04-19 02:32:31,786 [SCMBlockDeletingService#0] DEBUG block.SCMBlockDeletingService (SCMBlockDeletingService.java:shouldRun(251)) - Check scm block delete run: true serviceStatus: RUNNING safemodeExitRunDelayMillis: 3000 alreadyWaitTimeInMillis: 7501
2023-04-19 02:32:31,786 [SCMBlockDeletingService#0] DEBUG block.SCMBlockDeletingService (SCMBlockDeletingService.java:call(154)) - Running DeletedBlockTransactionScanner
2023-04-19 02:32:31,786 [SCMBlockDeletingService#0] DEBUG block.SCMBlockDeletingService (DatanodeDeletedBlockTransactions.java:addTransactionToDN(50)) - Transaction added: 14fab107-599d-4166-92e2-a49b96c274c4 <- TX(5)
2023-04-19 02:32:31,786 [SCMBlockDeletingService#0] DEBUG block.SCMBlockDeletingService (DatanodeDeletedBlockTransactions.java:addTransactionToDN(50)) - Transaction added: 14fab107-599d-4166-92e2-a49b96c274c4 <- TX(9)
2023-04-19 02:32:31,786 [SCMBlockDeletingService#0] DEBUG block.SCMBlockDeletingService (DatanodeDeletedBlockTransactions.java:addTransactionToDN(50)) - Transaction added: 14fab107-599d-4166-92e2-a49b96c274c4 <- TX(10)
2023-04-19 02:32:31,786 [SCMBlockDeletingService#0] DEBUG block.SCMBlockDeletingService (SCMBlockDeletingService.java:call(189)) - Added delete block command for datanode 14fab107-599d-4166-92e2-a49b96c274c4 in the queue, number of delete block transactions: 3
2023-04-19 02:32:31,786 [SCMBlockDeletingService#0] INFO  block.SCMBlockDeletingService (SCMBlockDeletingService.java:call(198)) - Totally added 3 blocks to be deleted for 1 datanodes, task elapsed time: 1ms
2023-04-19 02:32:31,819 [BlockDeletingService#3] INFO  interfaces.ContainerDeletionChoosingPolicyTemplate (ContainerDeletionChoosingPolicyTemplate.java:chooseContainerForBlockDeletion(83)) - Chosen 0/5000 blocks from 0 candidate containers.
2023-04-19 02:32:31,828 [BlockDeletingService#1] INFO  interfaces.ContainerDeletionChoosingPolicyTemplate (ContainerDeletionChoosingPolicyTemplate.java:chooseContainerForBlockDeletion(83)) - Chosen 0/5000 blocks from 0 candidate containers.
2023-04-19 02:32:31,841 [BlockDeletingService#2] INFO  interfaces.ContainerDeletionChoosingPolicyTemplate (ContainerDeletionChoosingPolicyTemplate.java:chooseContainerForBlockDeletion(83)) - Chosen 58/4942 blocks from 10 candidate containers.
2023-04-19 02:32:31,842 [BlockDeletingService#2] WARN  keyvalue.KeyValueHandler (KeyValueHandler.java:deleteUnreferenced(1211)) - Missing delete block(Container = 8, Block = 111677748019200008
2023-04-19 02:32:31,842 [BlockDeletingService#6] WARN  keyvalue.KeyValueHandler (KeyValueHandler.java:deleteUnreferenced(1211)) - Missing delete block(Container = 5, Block = 111677748019200005
2023-04-19 02:32:31,842 [BlockDeletingService#2] WARN  keyvalue.KeyValueHandler (KeyValueHandler.java:deleteUnreferenced(1211)) - Missing delete block(Container = 7, Block = 111677748019200007
2023-04-19 02:32:31,842 [BlockDeletingService#6] WARN  keyvalue.KeyValueHandler (KeyValueHandler.java:deleteUnreferenced(1211)) - Missing delete block(Container = 6, Block = 111677748019200006
2023-04-19 02:32:31,843 [BlockDeletingService#2] WARN  keyvalue.KeyValueHandler (KeyValueHandler.java:deleteUnreferenced(1211)) - Missing delete block(Container = 4, Block = 111677748019200004
2023-04-19 02:32:31,843 [BlockDeletingService#6] WARN  keyvalue.KeyValueHandler (KeyValueHandler.java:deleteUnreferenced(1211)) - Missing delete block(Container = 3, Block = 111677748019200003
2023-04-19 02:32:31,843 [BlockDeletingService#2] WARN  keyvalue.KeyValueHandler (KeyValueHandler.java:deleteUnreferenced(1211)) - Missing delete block(Container = 2, Block = 111677748019200002
2023-04-19 02:32:31,843 [BlockDeletingService#6] WARN  keyvalue.KeyValueHandler (KeyValueHandler.java:deleteUnreferenced(1211)) - Missing delete block(Container = 1, Block = 111677748019200001
2023-04-19 02:32:31,843 [BlockDeletingService#2] WARN  keyvalue.KeyValueHandler (KeyValueHandler.java:deleteUnreferenced(1211)) - Missing delete block(Container = 10, Block = 111677748019200010
2023-04-19 02:32:31,843 [BlockDeletingService#6] WARN  keyvalue.KeyValueHandler (KeyValueHandler.java:deleteUnreferenced(1211)) - Missing delete block(Container = 9, Block = 111677748019200009
2023-04-19 02:32:31,886 [SCMBlockDeletingService#0] DEBUG block.SCMBlockDeletingService (SCMBlockDeletingService.java:shouldRun(251)) - Check scm block delete run: true serviceStatus: RUNNING safemodeExitRunDelayMillis: 3000 alreadyWaitTimeInMillis: 7601
2023-04-19 02:32:31,886 [SCMBlockDeletingService#0] DEBUG block.SCMBlockDeletingService (SCMBlockDeletingService.java:call(154)) - Running DeletedBlockTransactionScanner
2023-04-19 02:32:31,919 [BlockDeletingService#3] INFO  interfaces.ContainerDeletionChoosingPolicyTemplate (ContainerDeletionChoosingPolicyTemplate.java:chooseContainerForBlockDeletion(83)) - Chosen 0/5000 blocks from 0 candidate containers.
2023-04-19 02:32:31,928 [BlockDeletingService#1] INFO  interfaces.ContainerDeletionChoosingPolicyTemplate (ContainerDeletionChoosingPolicyTemplate.java:chooseContainerForBlockDeletion(83)) - Chosen 0/5000 blocks from 0 candidate containers.
2023-04-19 02:32:31,941 [EventQueue-DeleteBlockStatusForDeletedBlockLogImpl] DEBUG block.DeletedBlockLogImpl (DeletedBlockLogImpl.java:isTransactionFailed(314)) - Got block deletion ACK from datanode, TXIDs=5, success=true
2023-04-19 02:32:31,942 [EventQueue-DeleteBlockStatusForDeletedBlockLogImpl] DEBUG block.DeletedBlockLogImpl (DeletedBlockLogImpl.java:commitTransactions(286)) - Purging txId=5 from block deletion log
2023-04-19 02:32:31,942 [EventQueue-DeleteBlockStatusForDeletedBlockLogImpl] DEBUG block.DeletedBlockLogImpl (DeletedBlockLogImpl.java:commitTransactions(292)) - Datanode txId=5 containerId=#5 committed by dnId=14fab107-599d-4166-92e2-a49b96c274c4
2023-04-19 02:32:31,942 [EventQueue-DeleteBlockStatusForDeletedBlockLogImpl] DEBUG block.DeletedBlockLogImpl (DeletedBlockLogImpl.java:isTransactionFailed(314)) - Got block deletion ACK from datanode, TXIDs=9, success=true
2023-04-19 02:32:31,942 [EventQueue-DeleteBlockStatusForDeletedBlockLogImpl] DEBUG block.DeletedBlockLogImpl (DeletedBlockLogImpl.java:commitTransactions(286)) - Purging txId=9 from block deletion log
2023-04-19 02:32:31,942 [EventQueue-DeleteBlockStatusForDeletedBlockLogImpl] DEBUG block.DeletedBlockLogImpl (DeletedBlockLogImpl.java:commitTransactions(292)) - Datanode txId=9 containerId=#9 committed by dnId=14fab107-599d-4166-92e2-a49b96c274c4
2023-04-19 02:32:31,942 [EventQueue-DeleteBlockStatusForDeletedBlockLogImpl] DEBUG block.DeletedBlockLogImpl (DeletedBlockLogImpl.java:isTransactionFailed(314)) - Got block deletion ACK from datanode, TXIDs=10, success=true
2023-04-19 02:32:31,942 [EventQueue-DeleteBlockStatusForDeletedBlockLogImpl] DEBUG block.DeletedBlockLogImpl (DeletedBlockLogImpl.java:commitTransactions(286)) - Purging txId=10 from block deletion log
2023-04-19 02:32:31,942 [EventQueue-DeleteBlockStatusForDeletedBlockLogImpl] DEBUG block.DeletedBlockLogImpl (DeletedBlockLogImpl.java:commitTransactions(292)) - Datanode txId=10 containerId=#10 committed by dnId=14fab107-599d-4166-92e2-a49b96c274c4
2023-04-19 02:32:31,942 [EventQueue-DeleteBlockStatusForDeletedBlockLogImpl] DEBUG block.DeletedBlockLogImpl (DeletedBlockLogImpl.java:isTransactionFailed(314)) - Got block deletion ACK from datanode, TXIDs=5, success=true
2023-04-19 02:32:31,942 [EventQueue-DeleteBlockStatusForDeletedBlockLogImpl] DEBUG block.DeletedBlockLogImpl (DeletedBlockLogImpl.java:commitTransactions(260)) - Transaction txId=5 commit by dnId=14fab107-599d-4166-92e2-a49b96c274c4 for containerID=#5 failed. Corresponding entry not found.
2023-04-19 02:32:31,942 [EventQueue-DeleteBlockStatusForDeletedBlockLogImpl] DEBUG block.DeletedBlockLogImpl (DeletedBlockLogImpl.java:isTransactionFailed(314)) - Got block deletion ACK from datanode, TXIDs=9, success=true
2023-04-19 02:32:31,942 [EventQueue-DeleteBlockStatusForDeletedBlockLogImpl] DEBUG block.DeletedBlockLogImpl (DeletedBlockLogImpl.java:commitTransactions(260)) - Transaction txId=9 commit by dnId=14fab107-599d-4166-92e2-a49b96c274c4 for containerID=#9 failed. Corresponding entry not found.
2023-04-19 02:32:31,942 [EventQueue-DeleteBlockStatusForDeletedBlockLogImpl] DEBUG block.DeletedBlockLogImpl (DeletedBlockLogImpl.java:isTransactionFailed(314)) - Got block deletion ACK from datanode, TXIDs=10, success=true
2023-04-19 02:32:31,942 [EventQueue-DeleteBlockStatusForDeletedBlockLogImpl] DEBUG block.DeletedBlockLogImpl (DeletedBlockLogImpl.java:commitTransactions(260)) - Transaction txId=10 commit by dnId=14fab107-599d-4166-92e2-a49b96c274c4 for containerID=#10 failed. Corresponding entry not found.
2023-04-19 02:32:31,943 [EventQueue-DeleteBlockStatusForDeletedBlockLogImpl] DEBUG block.DeletedBlockLogImpl (DeletedBlockLogImpl.java:isTransactionFailed(314)) - Got block deletion ACK from datanode, TXIDs=1, success=true
2023-04-19 02:32:31,943 [EventQueue-DeleteBlockStatusForDeletedBlockLogImpl] DEBUG block.DeletedBlockLogImpl (DeletedBlockLogImpl.java:commitTransactions(260)) - Transaction txId=1 commit by dnId=14fab107-599d-4166-92e2-a49b96c274c4 for containerID=#1 failed. Corresponding entry not found.
2023-04-19 02:32:31,943 [EventQueue-DeleteBlockStatusForDeletedBlockLogImpl] DEBUG block.DeletedBlockLogImpl (DeletedBlockLogImpl.java:isTransactionFailed(314)) - Got block deletion ACK from datanode, TXIDs=2, success=true
2023-04-19 02:32:31,943 [EventQueue-DeleteBlockStatusForDeletedBlockLogImpl] DEBUG block.DeletedBlockLogImpl (DeletedBlockLogImpl.java:commitTransactions(260)) - Transaction txId=2 commit by dnId=14fab107-599d-4166-92e2-a49b96c274c4 for containerID=#2 failed. Corresponding entry not found.
2023-04-19 02:32:31,943 [EventQueue-DeleteBlockStatusForDeletedBlockLogImpl] DEBUG block.DeletedBlockLogImpl (DeletedBlockLogImpl.java:isTransactionFailed(314)) - Got block deletion ACK from datanode, TXIDs=3, success=true
2023-04-19 02:32:31,943 [EventQueue-DeleteBlockStatusForDeletedBlockLogImpl] DEBUG block.DeletedBlockLogImpl (DeletedBlockLogImpl.java:commitTransactions(260)) - Transaction txId=3 commit by dnId=14fab107-599d-4166-92e2-a49b96c274c4 for containerID=#3 failed. Corresponding entry not found.
2023-04-19 02:32:31,943 [EventQueue-DeleteBlockStatusForDeletedBlockLogImpl] DEBUG block.DeletedBlockLogImpl (DeletedBlockLogImpl.java:isTransactionFailed(314)) - Got block deletion ACK from datanode, TXIDs=4, success=true
2023-04-19 02:32:31,943 [EventQueue-DeleteBlockStatusForDeletedBlockLogImpl] DEBUG block.DeletedBlockLogImpl (DeletedBlockLogImpl.java:commitTransactions(260)) - Transaction txId=4 commit by dnId=14fab107-599d-4166-92e2-a49b96c274c4 for containerID=#4 failed. Corresponding entry not found.
2023-04-19 02:32:31,943 [EventQueue-DeleteBlockStatusForDeletedBlockLogImpl] DEBUG block.DeletedBlockLogImpl (DeletedBlockLogImpl.java:isTransactionFailed(314)) - Got block deletion ACK from datanode, TXIDs=5, success=true
2023-04-19 02:32:31,943 [EventQueue-DeleteBlockStatusForDeletedBlockLogImpl] DEBUG block.DeletedBlockLogImpl (DeletedBlockLogImpl.java:commitTransactions(260)) - Transaction txId=5 commit by dnId=14fab107-599d-4166-92e2-a49b96c274c4 for containerID=#5 failed. Corresponding entry not found.
2023-04-19 02:32:31,943 [EventQueue-DeleteBlockStatusForDeletedBlockLogImpl] DEBUG block.DeletedBlockLogImpl (DeletedBlockLogImpl.java:isTransactionFailed(314)) - Got block deletion ACK from datanode, TXIDs=6, success=true
2023-04-19 02:32:31,943 [EventQueue-DeleteBlockStatusForDeletedBlockLogImpl] DEBUG block.DeletedBlockLogImpl (DeletedBlockLogImpl.java:commitTransactions(260)) - Transaction txId=6 commit by dnId=14fab107-599d-4166-92e2-a49b96c274c4 for containerID=#6 failed. Corresponding entry not found.
2023-04-19 02:32:31,943 [EventQueue-DeleteBlockStatusForDeletedBlockLogImpl] DEBUG block.DeletedBlockLogImpl (DeletedBlockLogImpl.java:isTransactionFailed(314)) - Got block deletion ACK from datanode, TXIDs=7, success=true
2023-04-19 02:32:31,943 [EventQueue-DeleteBlockStatusForDeletedBlockLogImpl] DEBUG block.DeletedBlockLogImpl (DeletedBlockLogImpl.java:commitTransactions(260)) - Transaction txId=7 commit by dnId=14fab107-599d-4166-92e2-a49b96c274c4 for containerID=#7 failed. Corresponding entry not found.
2023-04-19 02:32:31,943 [EventQueue-DeleteBlockStatusForDeletedBlockLogImpl] DEBUG block.DeletedBlockLogImpl (DeletedBlockLogImpl.java:isTransactionFailed(314)) - Got block deletion ACK from datanode, TXIDs=8, success=true
2023-04-19 02:32:31,943 [EventQueue-DeleteBlockStatusForDeletedBlockLogImpl] DEBUG block.DeletedBlockLogImpl (DeletedBlockLogImpl.java:commitTransactions(260)) - Transaction txId=8 commit by dnId=14fab107-599d-4166-92e2-a49b96c274c4 for containerID=#8 failed. Corresponding entry not found.
2023-04-19 02:32:31,943 [EventQueue-DeleteBlockStatusForDeletedBlockLogImpl] DEBUG block.DeletedBlockLogImpl (DeletedBlockLogImpl.java:isTransactionFailed(314)) - Got block deletion ACK from datanode, TXIDs=9, success=true
2023-04-19 02:32:31,943 [EventQueue-DeleteBlockStatusForDeletedBlockLogImpl] DEBUG block.DeletedBlockLogImpl (DeletedBlockLogImpl.java:commitTransactions(260)) - Transaction txId=9 commit by dnId=14fab107-599d-4166-92e2-a49b96c274c4 for containerID=#9 failed. Corresponding entry not found.
2023-04-19 02:32:31,943 [EventQueue-DeleteBlockStatusForDeletedBlockLogImpl] DEBUG block.DeletedBlockLogImpl (DeletedBlockLogImpl.java:isTransactionFailed(314)) - Got block deletion ACK from datanode, TXIDs=10, success=true
2023-04-19 02:32:31,943 [EventQueue-DeleteBlockStatusForDeletedBlockLogImpl] DEBUG block.DeletedBlockLogImpl (DeletedBlockLogImpl.java:commitTransactions(260)) - Transaction txId=10 commit by dnId=14fab107-599d-4166-92e2-a49b96c274c4 for containerID=#10 failed. Corresponding entry not found.
2023-04-19 02:32:31,943 [EventQueue-DeleteBlockStatusForDeletedBlockLogImpl] DEBUG block.DeletedBlockLogImpl (DeletedBlockLogImpl.java:isTransactionFailed(314)) - Got block deletion ACK from datanode, TXIDs=1, success=true
2023-04-19 02:32:31,943 [EventQueue-DeleteBlockStatusForDeletedBlockLogImpl] DEBUG block.DeletedBlockLogImpl (DeletedBlockLogImpl.java:commitTransactions(260)) - Transaction txId=1 commit by dnId=14fab107-599d-4166-92e2-a49b96c274c4 for containerID=#1 failed. Corresponding entry not found.
2023-04-19 02:32:31,943 [EventQueue-DeleteBlockStatusForDeletedBlockLogImpl] DEBUG block.DeletedBlockLogImpl (DeletedBlockLogImpl.java:isTransactionFailed(314)) - Got block deletion ACK from datanode, TXIDs=2, success=true
2023-04-19 02:32:31,943 [EventQueue-DeleteBlockStatusForDeletedBlockLogImpl] DEBUG block.DeletedBlockLogImpl (DeletedBlockLogImpl.java:commitTransactions(260)) - Transaction txId=2 commit by dnId=14fab107-599d-4166-92e2-a49b96c274c4 for containerID=#2 failed. Corresponding entry not found.
2023-04-19 02:32:31,943 [EventQueue-DeleteBlockStatusForDeletedBlockLogImpl] DEBUG block.DeletedBlockLogImpl (DeletedBlockLogImpl.java:isTransactionFailed(314)) - Got block deletion ACK from datanode, TXIDs=3, success=true
2023-04-19 02:32:31,943 [EventQueue-DeleteBlockStatusForDeletedBlockLogImpl] DEBUG block.DeletedBlockLogImpl (DeletedBlockLogImpl.java:commitTransactions(260)) - Transaction txId=3 commit by dnId=14fab107-599d-4166-92e2-a49b96c274c4 for containerID=#3 failed. Corresponding entry not found.
2023-04-19 02:32:31,943 [EventQueue-DeleteBlockStatusForDeletedBlockLogImpl] DEBUG block.DeletedBlockLogImpl (DeletedBlockLogImpl.java:isTransactionFailed(314)) - Got block deletion ACK from datanode, TXIDs=4, success=true
2023-04-19 02:32:31,943 [EventQueue-DeleteBlockStatusForDeletedBlockLogImpl] DEBUG block.DeletedBlockLogImpl (DeletedBlockLogImpl.java:commitTransactions(260)) - Transaction txId=4 commit by dnId=14fab107-599d-4166-92e2-a49b96c274c4 for containerID=#4 failed. Corresponding entry not found.
2023-04-19 02:32:31,944 [EventQueue-DeleteBlockStatusForDeletedBlockLogImpl] DEBUG block.DeletedBlockLogImpl (DeletedBlockLogImpl.java:isTransactionFailed(314)) - Got block deletion ACK from datanode, TXIDs=5, success=true
2023-04-19 02:32:31,944 [EventQueue-DeleteBlockStatusForDeletedBlockLogImpl] DEBUG block.DeletedBlockLogImpl (DeletedBlockLogImpl.java:commitTransactions(260)) - Transaction txId=5 commit by dnId=14fab107-599d-4166-92e2-a49b96c274c4 for containerID=#5 failed. Corresponding entry not found.
2023-04-19 02:32:31,944 [EventQueue-DeleteBlockStatusForDeletedBlockLogImpl] DEBUG block.DeletedBlockLogImpl (DeletedBlockLogImpl.java:isTransactionFailed(314)) - Got block deletion ACK from datanode, TXIDs=6, success=true
2023-04-19 02:32:31,944 [EventQueue-DeleteBlockStatusForDeletedBlockLogImpl] DEBUG block.DeletedBlockLogImpl (DeletedBlockLogImpl.java:commitTransactions(260)) - Transaction txId=6 commit by dnId=14fab107-599d-4166-92e2-a49b96c274c4 for containerID=#6 failed. Corresponding entry not found.
2023-04-19 02:32:31,944 [EventQueue-DeleteBlockStatusForDeletedBlockLogImpl] DEBUG block.DeletedBlockLogImpl (DeletedBlockLogImpl.java:isTransactionFailed(314)) - Got block deletion ACK from datanode, TXIDs=7, success=true
2023-04-19 02:32:31,944 [EventQueue-DeleteBlockStatusForDeletedBlockLogImpl] DEBUG block.DeletedBlockLogImpl (DeletedBlockLogImpl.java:commitTransactions(260)) - Transaction txId=7 commit by dnId=14fab107-599d-4166-92e2-a49b96c274c4 for containerID=#7 failed. Corresponding entry not found.
2023-04-19 02:32:31,944 [EventQueue-DeleteBlockStatusForDeletedBlockLogImpl] DEBUG block.DeletedBlockLogImpl (DeletedBlockLogImpl.java:isTransactionFailed(314)) - Got block deletion ACK from datanode, TXIDs=8, success=true
2023-04-19 02:32:31,944 [EventQueue-DeleteBlockStatusForDeletedBlockLogImpl] DEBUG block.DeletedBlockLogImpl (DeletedBlockLogImpl.java:commitTransactions(260)) - Transaction txId=8 commit by dnId=14fab107-599d-4166-92e2-a49b96c274c4 for containerID=#8 failed. Corresponding entry not found.
2023-04-19 02:32:31,944 [EventQueue-DeleteBlockStatusForDeletedBlockLogImpl] DEBUG block.DeletedBlockLogImpl (DeletedBlockLogImpl.java:isTransactionFailed(314)) - Got block deletion ACK from datanode, TXIDs=9, success=true
2023-04-19 02:32:31,944 [EventQueue-DeleteBlockStatusForDeletedBlockLogImpl] DEBUG block.DeletedBlockLogImpl (DeletedBlockLogImpl.java:commitTransactions(260)) - Transaction txId=9 commit by dnId=14fab107-599d-4166-92e2-a49b96c274c4 for containerID=#9 failed. Corresponding entry not found.
2023-04-19 02:32:31,944 [EventQueue-DeleteBlockStatusForDeletedBlockLogImpl] DEBUG block.DeletedBlockLogImpl (DeletedBlockLogImpl.java:isTransactionFailed(314)) - Got block deletion ACK from datanode, TXIDs=10, success=true
2023-04-19 02:32:31,944 [EventQueue-DeleteBlockStatusForDeletedBlockLogImpl] DEBUG block.DeletedBlockLogImpl (DeletedBlockLogImpl.java:commitTransactions(260)) - Transaction txId=10 commit by dnId=14fab107-599d-4166-92e2-a49b96c274c4 for containerID=#10 failed. Corresponding entry not found.
2023-04-19 02:32:31,944 [EventQueue-DeleteBlockStatusForDeletedBlockLogImpl] DEBUG block.DeletedBlockLogImpl (DeletedBlockLogImpl.java:isTransactionFailed(314)) - Got block deletion ACK from datanode, TXIDs=1, success=true
2023-04-19 02:32:31,944 [EventQueue-DeleteBlockStatusForDeletedBlockLogImpl] DEBUG block.DeletedBlockLogImpl (DeletedBlockLogImpl.java:commitTransactions(260)) - Transaction txId=1 commit by dnId=14fab107-599d-4166-92e2-a49b96c274c4 for containerID=#1 failed. Corresponding entry not found.
2023-04-19 02:32:31,944 [EventQueue-DeleteBlockStatusForDeletedBlockLogImpl] DEBUG block.DeletedBlockLogImpl (DeletedBlockLogImpl.java:isTransactionFailed(314)) - Got block deletion ACK from datanode, TXIDs=2, success=true
2023-04-19 02:32:31,944 [EventQueue-DeleteBlockStatusForDeletedBlockLogImpl] DEBUG block.DeletedBlockLogImpl (DeletedBlockLogImpl.java:commitTransactions(260)) - Transaction txId=2 commit by dnId=14fab107-599d-4166-92e2-a49b96c274c4 for containerID=#2 failed. Corresponding entry not found.
2023-04-19 02:32:31,944 [EventQueue-DeleteBlockStatusForDeletedBlockLogImpl] DEBUG block.DeletedBlockLogImpl (DeletedBlockLogImpl.java:isTransactionFailed(314)) - Got block deletion ACK from datanode, TXIDs=3, success=true
2023-04-19 02:32:31,944 [EventQueue-DeleteBlockStatusForDeletedBlockLogImpl] DEBUG block.DeletedBlockLogImpl (DeletedBlockLogImpl.java:commitTransactions(260)) - Transaction txId=3 commit by dnId=14fab107-599d-4166-92e2-a49b96c274c4 for containerID=#3 failed. Corresponding entry not found.
2023-04-19 02:32:31,944 [EventQueue-DeleteBlockStatusForDeletedBlockLogImpl] DEBUG block.DeletedBlockLogImpl (DeletedBlockLogImpl.java:isTransactionFailed(314)) - Got block deletion ACK from datanode, TXIDs=4, success=true
2023-04-19 02:32:31,944 [EventQueue-DeleteBlockStatusForDeletedBlockLogImpl] DEBUG block.DeletedBlockLogImpl (DeletedBlockLogImpl.java:commitTransactions(260)) - Transaction txId=4 commit by dnId=14fab107-599d-4166-92e2-a49b96c274c4 for containerID=#4 failed. Corresponding entry not found.
2023-04-19 02:32:31,944 [EventQueue-DeleteBlockStatusForDeletedBlockLogImpl] DEBUG block.DeletedBlockLogImpl (DeletedBlockLogImpl.java:isTransactionFailed(314)) - Got block deletion ACK from datanode, TXIDs=5, success=true
2023-04-19 02:32:31,944 [EventQueue-DeleteBlockStatusForDeletedBlockLogImpl] DEBUG block.DeletedBlockLogImpl (DeletedBlockLogImpl.java:commitTransactions(260)) - Transaction txId=5 commit by dnId=14fab107-599d-4166-92e2-a49b96c274c4 for containerID=#5 failed. Corresponding entry not found.
2023-04-19 02:32:31,944 [EventQueue-DeleteBlockStatusForDeletedBlockLogImpl] DEBUG block.DeletedBlockLogImpl (DeletedBlockLogImpl.java:isTransactionFailed(314)) - Got block deletion ACK from datanode, TXIDs=6, success=true
2023-04-19 02:32:31,945 [EventQueue-DeleteBlockStatusForDeletedBlockLogImpl] DEBUG block.DeletedBlockLogImpl (DeletedBlockLogImpl.java:commitTransactions(260)) - Transaction txId=6 commit by dnId=14fab107-599d-4166-92e2-a49b96c274c4 for containerID=#6 failed. Corresponding entry not found.
2023-04-19 02:32:31,945 [EventQueue-DeleteBlockStatusForDeletedBlockLogImpl] DEBUG block.DeletedBlockLogImpl (DeletedBlockLogImpl.java:isTransactionFailed(314)) - Got block deletion ACK from datanode, TXIDs=7, success=true
2023-04-19 02:32:31,945 [EventQueue-DeleteBlockStatusForDeletedBlockLogImpl] DEBUG block.DeletedBlockLogImpl (DeletedBlockLogImpl.java:commitTransactions(260)) - Transaction txId=7 commit by dnId=14fab107-599d-4166-92e2-a49b96c274c4 for containerID=#7 failed. Corresponding entry not found.
2023-04-19 02:32:31,945 [EventQueue-DeleteBlockStatusForDeletedBlockLogImpl] DEBUG block.DeletedBlockLogImpl (DeletedBlockLogImpl.java:isTransactionFailed(314)) - Got block deletion ACK from datanode, TXIDs=8, success=true
2023-04-19 02:32:31,945 [EventQueue-DeleteBlockStatusForDeletedBlockLogImpl] DEBUG block.DeletedBlockLogImpl (DeletedBlockLogImpl.java:commitTransactions(260)) - Transaction txId=8 commit by dnId=14fab107-599d-4166-92e2-a49b96c274c4 for containerID=#8 failed. Corresponding entry not found.
2023-04-19 02:32:31,945 [EventQueue-DeleteBlockStatusForDeletedBlockLogImpl] DEBUG block.DeletedBlockLogImpl (DeletedBlockLogImpl.java:isTransactionFailed(314)) - Got block deletion ACK from datanode, TXIDs=9, success=true
2023-04-19 02:32:31,945 [EventQueue-DeleteBlockStatusForDeletedBlockLogImpl] DEBUG block.DeletedBlockLogImpl (DeletedBlockLogImpl.java:commitTransactions(260)) - Transaction txId=9 commit by dnId=14fab107-599d-4166-92e2-a49b96c274c4 for containerID=#9 failed. Corresponding entry not found.
2023-04-19 02:32:31,945 [EventQueue-DeleteBlockStatusForDeletedBlockLogImpl] DEBUG block.DeletedBlockLogImpl (DeletedBlockLogImpl.java:isTransactionFailed(314)) - Got block deletion ACK from datanode, TXIDs=10, success=true
2023-04-19 02:32:31,945 [EventQueue-DeleteBlockStatusForDeletedBlockLogImpl] DEBUG block.DeletedBlockLogImpl (DeletedBlockLogImpl.java:commitTransactions(260)) - Transaction txId=10 commit by dnId=14fab107-599d-4166-92e2-a49b96c274c4 for containerID=#10 failed. Corresponding entry not found.
2023-04-19 02:32:31,945 [EventQueue-DeleteBlockStatusForDeletedBlockLogImpl] DEBUG block.DeletedBlockLogImpl (DeletedBlockLogImpl.java:isTransactionFailed(314)) - Got block deletion ACK from datanode, TXIDs=1, success=true
2023-04-19 02:32:31,945 [EventQueue-DeleteBlockStatusForDeletedBlockLogImpl] DEBUG block.DeletedBlockLogImpl (DeletedBlockLogImpl.java:commitTransactions(260)) - Transaction txId=1 commit by dnId=14fab107-599d-4166-92e2-a49b96c274c4 for containerID=#1 failed. Corresponding entry not found.
2023-04-19 02:32:31,945 [EventQueue-DeleteBlockStatusForDeletedBlockLogImpl] DEBUG block.DeletedBlockLogImpl (DeletedBlockLogImpl.java:isTransactionFailed(314)) - Got block deletion ACK from datanode, TXIDs=2, success=true
2023-04-19 02:32:31,945 [EventQueue-DeleteBlockStatusForDeletedBlockLogImpl] DEBUG block.DeletedBlockLogImpl (DeletedBlockLogImpl.java:commitTransactions(260)) - Transaction txId=2 commit by dnId=14fab107-599d-4166-92e2-a49b96c274c4 for containerID=#2 failed. Corresponding entry not found.
2023-04-19 02:32:31,945 [EventQueue-DeleteBlockStatusForDeletedBlockLogImpl] DEBUG block.DeletedBlockLogImpl (DeletedBlockLogImpl.java:isTransactionFailed(314)) - Got block deletion ACK from datanode, TXIDs=3, success=true
2023-04-19 02:32:31,945 [EventQueue-DeleteBlockStatusForDeletedBlockLogImpl] DEBUG block.DeletedBlockLogImpl (DeletedBlockLogImpl.java:commitTransactions(260)) - Transaction txId=3 commit by dnId=14fab107-599d-4166-92e2-a49b96c274c4 for containerID=#3 failed. Corresponding entry not found.
2023-04-19 02:32:31,945 [EventQueue-DeleteBlockStatusForDeletedBlockLogImpl] DEBUG block.DeletedBlockLogImpl (DeletedBlockLogImpl.java:isTransactionFailed(314)) - Got block deletion ACK from datanode, TXIDs=4, success=true
2023-04-19 02:32:31,945 [EventQueue-DeleteBlockStatusForDeletedBlockLogImpl] DEBUG block.DeletedBlockLogImpl (DeletedBlockLogImpl.java:commitTransactions(260)) - Transaction txId=4 commit by dnId=14fab107-599d-4166-92e2-a49b96c274c4 for containerID=#4 failed. Corresponding entry not found.
2023-04-19 02:32:31,945 [EventQueue-DeleteBlockStatusForDeletedBlockLogImpl] DEBUG block.DeletedBlockLogImpl (DeletedBlockLogImpl.java:isTransactionFailed(314)) - Got block deletion ACK from datanode, TXIDs=5, success=true
2023-04-19 02:32:31,945 [EventQueue-DeleteBlockStatusForDeletedBlockLogImpl] DEBUG block.DeletedBlockLogImpl (DeletedBlockLogImpl.java:commitTransactions(260)) - Transaction txId=5 commit by dnId=14fab107-599d-4166-92e2-a49b96c274c4 for containerID=#5 failed. Corresponding entry not found.
2023-04-19 02:32:31,945 [EventQueue-DeleteBlockStatusForDeletedBlockLogImpl] DEBUG block.DeletedBlockLogImpl (DeletedBlockLogImpl.java:isTransactionFailed(314)) - Got block deletion ACK from datanode, TXIDs=6, success=true
2023-04-19 02:32:31,945 [EventQueue-DeleteBlockStatusForDeletedBlockLogImpl] DEBUG block.DeletedBlockLogImpl (DeletedBlockLogImpl.java:commitTransactions(260)) - Transaction txId=6 commit by dnId=14fab107-599d-4166-92e2-a49b96c274c4 for containerID=#6 failed. Corresponding entry not found.
2023-04-19 02:32:31,945 [EventQueue-DeleteBlockStatusForDeletedBlockLogImpl] DEBUG block.DeletedBlockLogImpl (DeletedBlockLogImpl.java:isTransactionFailed(314)) - Got block deletion ACK from datanode, TXIDs=7, success=true
2023-04-19 02:32:31,945 [EventQueue-DeleteBlockStatusForDeletedBlockLogImpl] DEBUG block.DeletedBlockLogImpl (DeletedBlockLogImpl.java:commitTransactions(260)) - Transaction txId=7 commit by dnId=14fab107-599d-4166-92e2-a49b96c274c4 for containerID=#7 failed. Corresponding entry not found.
2023-04-19 02:32:31,945 [EventQueue-DeleteBlockStatusForDeletedBlockLogImpl] DEBUG block.DeletedBlockLogImpl (DeletedBlockLogImpl.java:isTransactionFailed(314)) - Got block deletion ACK from datanode, TXIDs=8, success=true
2023-04-19 02:32:31,946 [EventQueue-DeleteBlockStatusForDeletedBlockLogImpl] DEBUG block.DeletedBlockLogImpl (DeletedBlockLogImpl.java:commitTransactions(260)) - Transaction txId=8 commit by dnId=14fab107-599d-4166-92e2-a49b96c274c4 for containerID=#8 failed. Corresponding entry not found.
2023-04-19 02:32:31,946 [EventQueue-DeleteBlockStatusForDeletedBlockLogImpl] DEBUG block.DeletedBlockLogImpl (DeletedBlockLogImpl.java:isTransactionFailed(314)) - Got block deletion ACK from datanode, TXIDs=9, success=true
2023-04-19 02:32:31,946 [EventQueue-DeleteBlockStatusForDeletedBlockLogImpl] DEBUG block.DeletedBlockLogImpl (DeletedBlockLogImpl.java:commitTransactions(260)) - Transaction txId=9 commit by dnId=14fab107-599d-4166-92e2-a49b96c274c4 for containerID=#9 failed. Corresponding entry not found.
2023-04-19 02:32:31,946 [EventQueue-DeleteBlockStatusForDeletedBlockLogImpl] DEBUG block.DeletedBlockLogImpl (DeletedBlockLogImpl.java:isTransactionFailed(314)) - Got block deletion ACK from datanode, TXIDs=10, success=true
2023-04-19 02:32:31,946 [EventQueue-DeleteBlockStatusForDeletedBlockLogImpl] DEBUG block.DeletedBlockLogImpl (DeletedBlockLogImpl.java:commitTransactions(260)) - Transaction txId=10 commit by dnId=14fab107-599d-4166-92e2-a49b96c274c4 for containerID=#10 failed. Corresponding entry not found.
2023-04-19 02:32:31,946 [EventQueue-DeleteBlockStatusForDeletedBlockLogImpl] DEBUG block.DeletedBlockLogImpl (DeletedBlockLogImpl.java:isTransactionFailed(314)) - Got block deletion ACK from datanode, TXIDs=1, success=true
2023-04-19 02:32:31,946 [EventQueue-DeleteBlockStatusForDeletedBlockLogImpl] DEBUG block.DeletedBlockLogImpl (DeletedBlockLogImpl.java:commitTransactions(260)) - Transaction txId=1 commit by dnId=14fab107-599d-4166-92e2-a49b96c274c4 for containerID=#1 failed. Corresponding entry not found.
2023-04-19 02:32:31,946 [EventQueue-DeleteBlockStatusForDeletedBlockLogImpl] DEBUG block.DeletedBlockLogImpl (DeletedBlockLogImpl.java:isTransactionFailed(314)) - Got block deletion ACK from datanode, TXIDs=2, success=true
2023-04-19 02:32:31,946 [EventQueue-DeleteBlockStatusForDeletedBlockLogImpl] DEBUG block.DeletedBlockLogImpl (DeletedBlockLogImpl.java:commitTransactions(260)) - Transaction txId=2 commit by dnId=14fab107-599d-4166-92e2-a49b96c274c4 for containerID=#2 failed. Corresponding entry not found.
2023-04-19 02:32:31,946 [EventQueue-DeleteBlockStatusForDeletedBlockLogImpl] DEBUG block.DeletedBlockLogImpl (DeletedBlockLogImpl.java:isTransactionFailed(314)) - Got block deletion ACK from datanode, TXIDs=3, success=true
2023-04-19 02:32:31,946 [EventQueue-DeleteBlockStatusForDeletedBlockLogImpl] DEBUG block.DeletedBlockLogImpl (DeletedBlockLogImpl.java:commitTransactions(260)) - Transaction txId=3 commit by dnId=14fab107-599d-4166-92e2-a49b96c274c4 for containerID=#3 failed. Corresponding entry not found.
2023-04-19 02:32:31,946 [EventQueue-DeleteBlockStatusForDeletedBlockLogImpl] DEBUG block.DeletedBlockLogImpl (DeletedBlockLogImpl.java:isTransactionFailed(314)) - Got block deletion ACK from datanode, TXIDs=4, success=true
2023-04-19 02:32:31,946 [EventQueue-DeleteBlockStatusForDeletedBlockLogImpl] DEBUG block.DeletedBlockLogImpl (DeletedBlockLogImpl.java:commitTransactions(260)) - Transaction txId=4 commit by dnId=14fab107-599d-4166-92e2-a49b96c274c4 for containerID=#4 failed. Corresponding entry not found.
2023-04-19 02:32:31,946 [EventQueue-DeleteBlockStatusForDeletedBlockLogImpl] DEBUG block.DeletedBlockLogImpl (DeletedBlockLogImpl.java:isTransactionFailed(314)) - Got block deletion ACK from datanode, TXIDs=5, success=true
2023-04-19 02:32:31,946 [EventQueue-DeleteBlockStatusForDeletedBlockLogImpl] DEBUG block.DeletedBlockLogImpl (DeletedBlockLogImpl.java:commitTransactions(260)) - Transaction txId=5 commit by dnId=14fab107-599d-4166-92e2-a49b96c274c4 for containerID=#5 failed. Corresponding entry not found.
2023-04-19 02:32:31,946 [EventQueue-DeleteBlockStatusForDeletedBlockLogImpl] DEBUG block.DeletedBlockLogImpl (DeletedBlockLogImpl.java:isTransactionFailed(314)) - Got block deletion ACK from datanode, TXIDs=6, success=true
2023-04-19 02:32:31,946 [EventQueue-DeleteBlockStatusForDeletedBlockLogImpl] DEBUG block.DeletedBlockLogImpl (DeletedBlockLogImpl.java:commitTransactions(260)) - Transaction txId=6 commit by dnId=14fab107-599d-4166-92e2-a49b96c274c4 for containerID=#6 failed. Corresponding entry not found.
2023-04-19 02:32:31,946 [EventQueue-DeleteBlockStatusForDeletedBlockLogImpl] DEBUG block.DeletedBlockLogImpl (DeletedBlockLogImpl.java:isTransactionFailed(314)) - Got block deletion ACK from datanode, TXIDs=7, success=true
2023-04-19 02:32:31,946 [EventQueue-DeleteBlockStatusForDeletedBlockLogImpl] DEBUG block.DeletedBlockLogImpl (DeletedBlockLogImpl.java:commitTransactions(260)) - Transaction txId=7 commit by dnId=14fab107-599d-4166-92e2-a49b96c274c4 for containerID=#7 failed. Corresponding entry not found.
2023-04-19 02:32:31,946 [EventQueue-DeleteBlockStatusForDeletedBlockLogImpl] DEBUG block.DeletedBlockLogImpl (DeletedBlockLogImpl.java:isTransactionFailed(314)) - Got block deletion ACK from datanode, TXIDs=8, success=true
2023-04-19 02:32:31,946 [EventQueue-DeleteBlockStatusForDeletedBlockLogImpl] DEBUG block.DeletedBlockLogImpl (DeletedBlockLogImpl.java:commitTransactions(260)) - Transaction txId=8 commit by dnId=14fab107-599d-4166-92e2-a49b96c274c4 for containerID=#8 failed. Corresponding entry not found.
2023-04-19 02:32:31,946 [EventQueue-DeleteBlockStatusForDeletedBlockLogImpl] DEBUG block.DeletedBlockLogImpl (DeletedBlockLogImpl.java:isTransactionFailed(314)) - Got block deletion ACK from datanode, TXIDs=9, success=true
2023-04-19 02:32:31,946 [EventQueue-DeleteBlockStatusForDeletedBlockLogImpl] DEBUG block.DeletedBlockLogImpl (DeletedBlockLogImpl.java:commitTransactions(260)) - Transaction txId=9 commit by dnId=14fab107-599d-4166-92e2-a49b96c274c4 for containerID=#9 failed. Corresponding entry not found.
2023-04-19 02:32:31,946 [EventQueue-DeleteBlockStatusForDeletedBlockLogImpl] DEBUG block.DeletedBlockLogImpl (DeletedBlockLogImpl.java:isTransactionFailed(314)) - Got block deletion ACK from datanode, TXIDs=10, success=true
2023-04-19 02:32:31,946 [EventQueue-DeleteBlockStatusForDeletedBlockLogImpl] DEBUG block.DeletedBlockLogImpl (DeletedBlockLogImpl.java:commitTransactions(260)) - Transaction txId=10 commit by dnId=14fab107-599d-4166-92e2-a49b96c274c4 for containerID=#10 failed. Corresponding entry not found.
2023-04-19 02:32:31,946 [EventQueue-DeleteBlockStatusForDeletedBlockLogImpl] DEBUG block.DeletedBlockLogImpl (DeletedBlockLogImpl.java:isTransactionFailed(314)) - Got block deletion ACK from datanode, TXIDs=5, success=true
2023-04-19 02:32:31,946 [EventQueue-DeleteBlockStatusForDeletedBlockLogImpl] DEBUG block.DeletedBlockLogImpl (DeletedBlockLogImpl.java:commitTransactions(260)) - Transaction txId=5 commit by dnId=14fab107-599d-4166-92e2-a49b96c274c4 for containerID=#5 failed. Corresponding entry not found.
2023-04-19 02:32:31,946 [EventQueue-DeleteBlockStatusForDeletedBlockLogImpl] DEBUG block.DeletedBlockLogImpl (DeletedBlockLogImpl.java:isTransactionFailed(314)) - Got block deletion ACK from datanode, TXIDs=9, success=true
2023-04-19 02:32:31,946 [EventQueue-DeleteBlockStatusForDeletedBlockLogImpl] DEBUG block.DeletedBlockLogImpl (DeletedBlockLogImpl.java:commitTransactions(260)) - Transaction txId=9 commit by dnId=14fab107-599d-4166-92e2-a49b96c274c4 for containerID=#9 failed. Corresponding entry not found.
2023-04-19 02:32:31,946 [EventQueue-DeleteBlockStatusForDeletedBlockLogImpl] DEBUG block.DeletedBlockLogImpl (DeletedBlockLogImpl.java:isTransactionFailed(314)) - Got block deletion ACK from datanode, TXIDs=10, success=true
2023-04-19 02:32:31,946 [EventQueue-DeleteBlockStatusForDeletedBlockLogImpl] DEBUG block.DeletedBlockLogImpl (DeletedBlockLogImpl.java:commitTransactions(260)) - Transaction txId=10 commit by dnId=14fab107-599d-4166-92e2-a49b96c274c4 for containerID=#10 failed. Corresponding entry not found.
2023-04-19 02:32:31,946 [EventQueue-DeleteBlockStatusForDeletedBlockLogImpl] DEBUG block.DeletedBlockLogImpl (DeletedBlockLogImpl.java:isTransactionFailed(314)) - Got block deletion ACK from datanode, TXIDs=5, success=true
2023-04-19 02:32:31,946 [EventQueue-DeleteBlockStatusForDeletedBlockLogImpl] DEBUG block.DeletedBlockLogImpl (DeletedBlockLogImpl.java:commitTransactions(260)) - Transaction txId=5 commit by dnId=14fab107-599d-4166-92e2-a49b96c274c4 for containerID=#5 failed. Corresponding entry not found.
2023-04-19 02:32:31,946 [EventQueue-DeleteBlockStatusForDeletedBlockLogImpl] DEBUG block.DeletedBlockLogImpl (DeletedBlockLogImpl.java:isTransactionFailed(314)) - Got block deletion ACK from datanode, TXIDs=9, success=true
2023-04-19 02:32:31,946 [EventQueue-DeleteBlockStatusForDeletedBlockLogImpl] DEBUG block.DeletedBlockLogImpl (DeletedBlockLogImpl.java:commitTransactions(260)) - Transaction txId=9 commit by dnId=14fab107-599d-4166-92e2-a49b96c274c4 for containerID=#9 failed. Corresponding entry not found.
2023-04-19 02:32:31,947 [EventQueue-DeleteBlockStatusForDeletedBlockLogImpl] DEBUG block.DeletedBlockLogImpl (DeletedBlockLogImpl.java:isTransactionFailed(314)) - Got block deletion ACK from datanode, TXIDs=10, success=true
2023-04-19 02:32:31,947 [EventQueue-DeleteBlockStatusForDeletedBlockLogImpl] DEBUG block.DeletedBlockLogImpl (DeletedBlockLogImpl.java:commitTransactions(260)) - Transaction txId=10 commit by dnId=14fab107-599d-4166-92e2-a49b96c274c4 for containerID=#10 failed. Corresponding entry not found.
2023-04-19 02:32:31,947 [EventQueue-DeleteBlockStatusForDeletedBlockLogImpl] DEBUG block.DeletedBlockLogImpl (DeletedBlockLogImpl.java:isTransactionFailed(314)) - Got block deletion ACK from datanode, TXIDs=5, success=true
2023-04-19 02:32:31,947 [EventQueue-DeleteBlockStatusForDeletedBlockLogImpl] DEBUG block.DeletedBlockLogImpl (DeletedBlockLogImpl.java:commitTransactions(260)) - Transaction txId=5 commit by dnId=14fab107-599d-4166-92e2-a49b96c274c4 for containerID=#5 failed. Corresponding entry not found.
2023-04-19 02:32:31,947 [EventQueue-DeleteBlockStatusForDeletedBlockLogImpl] DEBUG block.DeletedBlockLogImpl (DeletedBlockLogImpl.java:isTransactionFailed(314)) - Got block deletion ACK from datanode, TXIDs=9, success=true
2023-04-19 02:32:31,947 [EventQueue-DeleteBlockStatusForDeletedBlockLogImpl] DEBUG block.DeletedBlockLogImpl (DeletedBlockLogImpl.java:commitTransactions(260)) - Transaction txId=9 commit by dnId=14fab107-599d-4166-92e2-a49b96c274c4 for containerID=#9 failed. Corresponding entry not found.
2023-04-19 02:32:31,947 [EventQueue-DeleteBlockStatusForDeletedBlockLogImpl] DEBUG block.DeletedBlockLogImpl (DeletedBlockLogImpl.java:isTransactionFailed(314)) - Got block deletion ACK from datanode, TXIDs=10, success=true
2023-04-19 02:32:31,947 [EventQueue-DeleteBlockStatusForDeletedBlockLogImpl] DEBUG block.DeletedBlockLogImpl (DeletedBlockLogImpl.java:commitTransactions(260)) - Transaction txId=10 commit by dnId=14fab107-599d-4166-92e2-a49b96c274c4 for containerID=#10 failed. Corresponding entry not found.
2023-04-19 02:32:31,947 [EventQueue-DeleteBlockStatusForDeletedBlockLogImpl] DEBUG block.DeletedBlockLogImpl (DeletedBlockLogImpl.java:isTransactionFailed(314)) - Got block deletion ACK from datanode, TXIDs=5, success=true
2023-04-19 02:32:31,947 [EventQueue-DeleteBlockStatusForDeletedBlockLogImpl] DEBUG block.DeletedBlockLogImpl (DeletedBlockLogImpl.java:commitTransactions(260)) - Transaction txId=5 commit by dnId=14fab107-599d-4166-92e2-a49b96c274c4 for containerID=#5 failed. Corresponding entry not found.
2023-04-19 02:32:31,947 [EventQueue-DeleteBlockStatusForDeletedBlockLogImpl] DEBUG block.DeletedBlockLogImpl (DeletedBlockLogImpl.java:isTransactionFailed(314)) - Got block deletion ACK from datanode, TXIDs=9, success=true
2023-04-19 02:32:31,947 [EventQueue-DeleteBlockStatusForDeletedBlockLogImpl] DEBUG block.DeletedBlockLogImpl (DeletedBlockLogImpl.java:commitTransactions(260)) - Transaction txId=9 commit by dnId=14fab107-599d-4166-92e2-a49b96c274c4 for containerID=#9 failed. Corresponding entry not found.
2023-04-19 02:32:31,947 [EventQueue-DeleteBlockStatusForDeletedBlockLogImpl] DEBUG block.DeletedBlockLogImpl (DeletedBlockLogImpl.java:isTransactionFailed(314)) - Got block deletion ACK from datanode, TXIDs=10, success=true
2023-04-19 02:32:31,947 [EventQueue-DeleteBlockStatusForDeletedBlockLogImpl] DEBUG block.DeletedBlockLogImpl (DeletedBlockLogImpl.java:commitTransactions(260)) - Transaction txId=10 commit by dnId=14fab107-599d-4166-92e2-a49b96c274c4 for containerID=#10 failed. Corresponding entry not found.
2023-04-19 02:32:31,953 [BlockDeletingService#7] INFO  interfaces.ContainerDeletionChoosingPolicyTemplate (ContainerDeletionChoosingPolicyTemplate.java:chooseContainerForBlockDeletion(83)) - Chosen 48/4952 blocks from 10 candidate containers.
2023-04-19 02:32:31,953 [BlockDeletingService#7] INFO  background.BlockDeletingService (BlockDeletingService.java:deleteViaTransactionStore(483)) - No transaction found in container 8 with pending delete block count 3
2023-04-19 02:32:31,953 [BlockDeletingService#4] INFO  background.BlockDeletingService (BlockDeletingService.java:deleteViaTransactionStore(483)) - No transaction found in container 5 with pending delete block count 9
2023-04-19 02:32:31,953 [BlockDeletingService#7] INFO  background.BlockDeletingService (BlockDeletingService.java:deleteViaTransactionStore(483)) - No transaction found in container 7 with pending delete block count 3
2023-04-19 02:32:31,953 [BlockDeletingService#4] INFO  background.BlockDeletingService (BlockDeletingService.java:deleteViaTransactionStore(483)) - No transaction found in container 6 with pending delete block count 3
2023-04-19 02:32:31,954 [BlockDeletingService#7] INFO  background.BlockDeletingService (BlockDeletingService.java:deleteViaTransactionStore(483)) - No transaction found in container 4 with pending delete block count 3
2023-04-19 02:32:31,954 [BlockDeletingService#4] INFO  background.BlockDeletingService (BlockDeletingService.java:deleteViaTransactionStore(483)) - No transaction found in container 3 with pending delete block count 3
2023-04-19 02:32:31,954 [BlockDeletingService#7] INFO  background.BlockDeletingService (BlockDeletingService.java:deleteViaTransactionStore(483)) - No transaction found in container 2 with pending delete block count 3
2023-04-19 02:32:31,954 [BlockDeletingService#4] INFO  background.BlockDeletingService (BlockDeletingService.java:deleteViaTransactionStore(483)) - No transaction found in container 1 with pending delete block count 3
2023-04-19 02:32:31,954 [BlockDeletingService#7] INFO  background.BlockDeletingService (BlockDeletingService.java:deleteViaTransactionStore(483)) - No transaction found in container 10 with pending delete block count 9
2023-04-19 02:32:31,954 [BlockDeletingService#4] INFO  background.BlockDeletingService (BlockDeletingService.java:deleteViaTransactionStore(483)) - No transaction found in container 9 with pending delete block count 9
2023-04-19 02:32:31,986 [SCMBlockDeletingService#0] DEBUG block.SCMBlockDeletingService (SCMBlockDeletingService.java:shouldRun(251)) - Check scm block delete run: true serviceStatus: RUNNING safemodeExitRunDelayMillis: 3000 alreadyWaitTimeInMillis: 7701
2023-04-19 02:32:31,986 [SCMBlockDeletingService#0] DEBUG block.SCMBlockDeletingService (SCMBlockDeletingService.java:call(154)) - Running DeletedBlockTransactionScanner
Block deletion costs 3214ms
2023-04-19 02:32:32,000 [Listener at 127.0.0.1/42295] INFO  ozone.MiniOzoneClusterImpl (MiniOzoneClusterImpl.java:shutdown(455)) - Shutting down the Mini Ozone Cluster
2023-04-19 02:32:32,001 [Listener at 127.0.0.1/42295] INFO  ozone.MiniOzoneClusterImpl (MiniOzoneClusterImpl.java:stop(471)) - Stopping the Mini Ozone Cluster
2023-04-19 02:32:32,001 [Listener at 127.0.0.1/42295] INFO  ozone.MiniOzoneClusterImpl (MiniOzoneClusterImpl.java:stopOM(557)) - Stopping the OzoneManager
2023-04-19 02:32:32,001 [Listener at 127.0.0.1/42295] INFO  om.OzoneManager (OzoneManager.java:stop(2154)) - om1[localhost:0]: Stopping Ozone Manager
2023-04-19 02:32:32,001 [Listener at 127.0.0.1/42295] INFO  ipc.Server (Server.java:stop(3501)) - Stopping server on 42295
2023-04-19 02:32:32,012 [IPC Server listener on 0] INFO  ipc.Server (Server.java:run(1430)) - Stopping IPC Server listener on 0
2023-04-19 02:32:32,014 [IPC Server Responder] INFO  ipc.Server (Server.java:run(1563)) - Stopping IPC Server Responder
2023-04-19 02:32:32,015 [Listener at 127.0.0.1/42295] INFO  server.RaftServer (RaftServerProxy.java:lambda$close$6(409)) - om1: close
2023-04-19 02:32:32,016 [Listener at 127.0.0.1/42295] INFO  server.GrpcService (GrpcService.java:closeImpl(271)) - om1: shutdown server GrpcServerProtocolService now
2023-04-19 02:32:32,016 [om1-impl-thread1] INFO  server.RaftServer$Division (RaftServerImpl.java:lambda$close$4(458)) - om1@group-C5BA1605619E: shutdown
2023-04-19 02:32:32,016 [om1-impl-thread1] INFO  util.JmxRegister (JmxRegister.java:unregister(73)) - Successfully un-registered JMX Bean with object name Ratis:service=RaftServer,group=group-C5BA1605619E,id=om1
2023-04-19 02:32:32,016 [om1-impl-thread1] INFO  impl.RoleInfo (RoleInfo.java:shutdownLeaderState(93)) - om1: shutdown om1@group-C5BA1605619E-LeaderStateImpl
2023-04-19 02:32:32,016 [om1-impl-thread1] INFO  impl.PendingRequests (PendingRequests.java:sendNotLeaderResponses(282)) - om1@group-C5BA1605619E-PendingRequests: sendNotLeaderResponses
2023-04-19 02:32:32,019 [om1-impl-thread1] INFO  impl.StateMachineUpdater (StateMachineUpdater.java:stopAndJoin(153)) - om1@group-C5BA1605619E-StateMachineUpdater: set stopIndex = 66
2023-04-19 02:32:32,019 [om1@group-C5BA1605619E-StateMachineUpdater] INFO  ratis.OzoneManagerStateMachine (OzoneManagerStateMachine.java:takeSnapshot(453)) - Current Snapshot Index (t:1, i:66)
2023-04-19 02:32:32,020 [BlockDeletingService#3] INFO  interfaces.ContainerDeletionChoosingPolicyTemplate (ContainerDeletionChoosingPolicyTemplate.java:chooseContainerForBlockDeletion(83)) - Chosen 0/5000 blocks from 0 candidate containers.
2023-04-19 02:32:32,024 [Listener at 127.0.0.1/42295] INFO  server.GrpcService (GrpcService.java:closeImpl(280)) - om1: shutdown server GrpcServerProtocolService successfully
2023-04-19 02:32:32,028 [BlockDeletingService#1] INFO  interfaces.ContainerDeletionChoosingPolicyTemplate (ContainerDeletionChoosingPolicyTemplate.java:chooseContainerForBlockDeletion(83)) - Chosen 0/5000 blocks from 0 candidate containers.
2023-04-19 02:32:32,048 [om1@group-C5BA1605619E-StateMachineUpdater] INFO  impl.StateMachineUpdater (StateMachineUpdater.java:takeSnapshot(287)) - om1@group-C5BA1605619E-StateMachineUpdater: Took a snapshot at index 66
2023-04-19 02:32:32,050 [om1@group-C5BA1605619E-StateMachineUpdater] INFO  impl.StateMachineUpdater (StateMachineUpdater.java:lambda$new$0(92)) - om1@group-C5BA1605619E-StateMachineUpdater: snapshotIndex: updateIncreasingly -1 -> 66
2023-04-19 02:32:32,050 [om1@group-C5BA1605619E-StateMachineUpdater] INFO  ratis.OzoneManagerStateMachine (OzoneManagerStateMachine.java:close(507)) - StateMachine has shutdown. Shutdown OzoneManager if not already shutdown.
2023-04-19 02:32:32,050 [om1@group-C5BA1605619E-StateMachineUpdater] INFO  ratis.OzoneManagerDoubleBuffer (OzoneManagerDoubleBuffer.java:stopDaemon(540)) - Stopping OMDoubleBuffer flush thread
2023-04-19 02:32:32,050 [OMDoubleBufferFlushThread] INFO  ratis.OzoneManagerDoubleBuffer (OzoneManagerDoubleBuffer.java:canFlush(625)) - OMDoubleBuffer flush thread OMDoubleBufferFlushThread is interrupted and will exit.
2023-04-19 02:32:32,051 [om1-impl-thread1] INFO  server.RaftServer$Division (ServerState.java:close(466)) - om1@group-C5BA1605619E: closes. applyIndex: 66
2023-04-19 02:32:32,053 [om1@group-C5BA1605619E-SegmentedRaftLogWorker] INFO  segmented.SegmentedRaftLogWorker (SegmentedRaftLogWorker.java:run(347)) - om1@group-C5BA1605619E-SegmentedRaftLogWorker was interrupted, exiting. There are 0 tasks remaining in the queue.
2023-04-19 02:32:32,054 [BlockDeletingService#7] INFO  interfaces.ContainerDeletionChoosingPolicyTemplate (ContainerDeletionChoosingPolicyTemplate.java:chooseContainerForBlockDeletion(83)) - Chosen 0/5000 blocks from 0 candidate containers.
2023-04-19 02:32:32,054 [om1-impl-thread1] INFO  segmented.SegmentedRaftLogWorker (SegmentedRaftLogWorker.java:close(257)) - om1@group-C5BA1605619E-SegmentedRaftLogWorker close()
2023-04-19 02:32:32,055 [JvmPauseMonitor0] INFO  util.JvmPauseMonitor (JvmPauseMonitor.java:run(111)) - JvmPauseMonitor-om1: Stopped
2023-04-19 02:32:32,055 [Listener at 127.0.0.1/42295] INFO  ratis.OzoneManagerStateMachine (OzoneManagerStateMachine.java:close(507)) - StateMachine has shutdown. Shutdown OzoneManager if not already shutdown.
2023-04-19 02:32:32,055 [Listener at 127.0.0.1/42295] INFO  ratis.OzoneManagerDoubleBuffer (OzoneManagerDoubleBuffer.java:stopDaemon(549)) - OMDoubleBuffer flush thread is not running.
2023-04-19 02:32:32,056 [Listener at 127.0.0.1/42295] INFO  utils.BackgroundService (BackgroundService.java:shutdown(141)) - Shutting down service KeyDeletingService
2023-04-19 02:32:32,056 [Listener at 127.0.0.1/42295] INFO  utils.BackgroundService (BackgroundService.java:shutdown(141)) - Shutting down service KeyDeletingService
2023-04-19 02:32:32,057 [Listener at 127.0.0.1/42295] INFO  utils.BackgroundService (BackgroundService.java:shutdown(141)) - Shutting down service OpenKeyCleanupService
2023-04-19 02:32:32,057 [Listener at 127.0.0.1/42295] INFO  utils.BackgroundService (BackgroundService.java:shutdown(141)) - Shutting down service SstFilteringService
2023-04-19 02:32:32,057 [Listener at 127.0.0.1/42295] INFO  utils.BackgroundService (BackgroundService.java:shutdown(141)) - Shutting down service SnapshotDeletingService
2023-04-19 02:32:32,059 [Listener at 127.0.0.1/42295] INFO  handler.ContextHandler (ContextHandler.java:doStop(1159)) - Stopped o.e.j.w.WebAppContext@2d607072{ozoneManager,/,null,STOPPED}{file:/home/runner/work/ozone/ozone/hadoop-ozone/integration-test/target/test-classes/webapps/ozoneManager}
2023-04-19 02:32:32,062 [Listener at 127.0.0.1/42295] INFO  server.AbstractConnector (AbstractConnector.java:doStop(383)) - Stopped ServerConnector@6d0acf9a{HTTP/1.1, (http/1.1)}{0.0.0.0:0}
2023-04-19 02:32:32,062 [Listener at 127.0.0.1/42295] INFO  server.session (HouseKeeper.java:stopScavenging(149)) - node0 Stopped scavenging
2023-04-19 02:32:32,062 [Listener at 127.0.0.1/42295] INFO  handler.ContextHandler (ContextHandler.java:doStop(1159)) - Stopped o.e.j.s.ServletContextHandler@4dd1d767{static,/static,file:///home/runner/work/ozone/ozone/hadoop-ozone/integration-test/target/test-classes/webapps/static,STOPPED}
2023-04-19 02:32:32,063 [Listener at 127.0.0.1/42295] INFO  handler.ContextHandler (ContextHandler.java:doStop(1159)) - Stopped o.e.j.s.ServletContextHandler@1a7da0b9{logs,/logs,file:///home/runner/work/ozone/ozone/hadoop-ozone/integration-test/target/log,STOPPED}
2023-04-19 02:32:32,074 [Listener at 127.0.0.1/42295] INFO  ozone.MiniOzoneClusterImpl (MiniOzoneClusterImpl.java:stopDatanodes(534)) - Stopping the HddsDatanodes
2023-04-19 02:32:32,082 [ForkJoinPool.commonPool-worker-1] INFO  ozoneimpl.OzoneContainer (OzoneContainer.java:stop(419)) - Attempting to stop container services.
2023-04-19 02:32:32,085 [ForkJoinPool.commonPool-worker-1] INFO  server.RaftServer (RaftServerProxy.java:lambda$close$6(409)) - 14fab107-599d-4166-92e2-a49b96c274c4: close
2023-04-19 02:32:32,085 [ForkJoinPool.commonPool-worker-1] INFO  server.GrpcService (GrpcService.java:closeImpl(271)) - 14fab107-599d-4166-92e2-a49b96c274c4: shutdown server GrpcServerProtocolService now
2023-04-19 02:32:32,085 [14fab107-599d-4166-92e2-a49b96c274c4-impl-thread1] INFO  server.RaftServer$Division (RaftServerImpl.java:lambda$close$4(458)) - 14fab107-599d-4166-92e2-a49b96c274c4@group-71CE5AC4CDE1: shutdown
2023-04-19 02:32:32,086 [14fab107-599d-4166-92e2-a49b96c274c4-impl-thread1] INFO  util.JmxRegister (JmxRegister.java:unregister(73)) - Successfully un-registered JMX Bean with object name Ratis:service=RaftServer,group=group-71CE5AC4CDE1,id=14fab107-599d-4166-92e2-a49b96c274c4
2023-04-19 02:32:32,086 [14fab107-599d-4166-92e2-a49b96c274c4-impl-thread1] INFO  impl.RoleInfo (RoleInfo.java:shutdownLeaderState(93)) - 14fab107-599d-4166-92e2-a49b96c274c4: shutdown 14fab107-599d-4166-92e2-a49b96c274c4@group-71CE5AC4CDE1-LeaderStateImpl
2023-04-19 02:32:32,086 [14fab107-599d-4166-92e2-a49b96c274c4-impl-thread1] INFO  impl.PendingRequests (PendingRequests.java:sendNotLeaderResponses(282)) - 14fab107-599d-4166-92e2-a49b96c274c4@group-71CE5AC4CDE1-PendingRequests: sendNotLeaderResponses
2023-04-19 02:32:32,086 [14fab107-599d-4166-92e2-a49b96c274c4@group-71CE5AC4CDE1->8050b7c4-5854-4456-9ff4-a8181b586109-GrpcLogAppender-LogAppenderDaemon] WARN  server.GrpcLogAppender (GrpcLogAppender.java:mayWait(200)) - 14fab107-599d-4166-92e2-a49b96c274c4@group-71CE5AC4CDE1->8050b7c4-5854-4456-9ff4-a8181b586109-GrpcLogAppender: Wait interrupted by java.lang.InterruptedException
2023-04-19 02:32:32,086 [SCMBlockDeletingService#0] DEBUG block.SCMBlockDeletingService (SCMBlockDeletingService.java:shouldRun(251)) - Check scm block delete run: true serviceStatus: RUNNING safemodeExitRunDelayMillis: 3000 alreadyWaitTimeInMillis: 7801
2023-04-19 02:32:32,086 [SCMBlockDeletingService#0] DEBUG block.SCMBlockDeletingService (SCMBlockDeletingService.java:call(154)) - Running DeletedBlockTransactionScanner
2023-04-19 02:32:32,087 [14fab107-599d-4166-92e2-a49b96c274c4@group-71CE5AC4CDE1->209e8f7b-7310-4c05-bc4d-708a2d801edb-GrpcLogAppender-LogAppenderDaemon] WARN  server.GrpcLogAppender (GrpcLogAppender.java:mayWait(200)) - 14fab107-599d-4166-92e2-a49b96c274c4@group-71CE5AC4CDE1->209e8f7b-7310-4c05-bc4d-708a2d801edb-GrpcLogAppender: Wait interrupted by java.lang.InterruptedException
2023-04-19 02:32:32,087 [grpc-default-executor-2] INFO  server.GrpcServerProtocolService (GrpcServerProtocolService.java:onCompleted(143)) - 209e8f7b-7310-4c05-bc4d-708a2d801edb: Completed APPEND_ENTRIES, lastRequest: null
2023-04-19 02:32:32,087 [grpc-default-executor-1] INFO  server.GrpcServerProtocolService (GrpcServerProtocolService.java:onCompleted(143)) - 8050b7c4-5854-4456-9ff4-a8181b586109: Completed APPEND_ENTRIES, lastRequest: 14fab107-599d-4166-92e2-a49b96c274c4->8050b7c4-5854-4456-9ff4-a8181b586109#359-t1,previous=(t:1, i:58),leaderCommit=58,initializing? true,entries: size=1, first=(t:1, i:59), METADATAENTRY(c:58)
2023-04-19 02:32:32,088 [grpc-default-executor-3] INFO  server.GrpcServerProtocolService (GrpcServerProtocolService.java:onCompleted(143)) - 8050b7c4-5854-4456-9ff4-a8181b586109: Completed APPEND_ENTRIES, lastRequest: null
2023-04-19 02:32:32,088 [Listener at 127.0.0.1/42295] INFO  ozoneimpl.OzoneContainer (OzoneContainer.java:stop(419)) - Attempting to stop container services.
2023-04-19 02:32:32,089 [grpc-default-executor-2] INFO  server.GrpcServerProtocolService (GrpcServerProtocolService.java:onCompleted(143)) - 209e8f7b-7310-4c05-bc4d-708a2d801edb: Completed APPEND_ENTRIES, lastRequest: 14fab107-599d-4166-92e2-a49b96c274c4->209e8f7b-7310-4c05-bc4d-708a2d801edb#356-t1,previous=(t:1, i:58),leaderCommit=58,initializing? true,entries: size=1, first=(t:1, i:59), METADATAENTRY(c:58)
2023-04-19 02:32:32,091 [grpc-default-executor-2] INFO  server.GrpcLogAppender (GrpcLogAppender.java:onCompleted(415)) - 14fab107-599d-4166-92e2-a49b96c274c4@group-71CE5AC4CDE1->8050b7c4-5854-4456-9ff4-a8181b586109-AppendLogResponseHandler: follower responses appendEntries COMPLETED
2023-04-19 02:32:32,093 [grpc-default-executor-2] INFO  leader.FollowerInfo (FollowerInfoImpl.java:lambda$new$0(48)) - 14fab107-599d-4166-92e2-a49b96c274c4@group-71CE5AC4CDE1->8050b7c4-5854-4456-9ff4-a8181b586109: nextIndex: updateUnconditionally 60 -> 59
2023-04-19 02:32:32,095 [ForkJoinPool.commonPool-worker-1] INFO  server.GrpcServerProtocolClient (GrpcServerProtocolClient.java:close(101)) - 8050b7c4-5854-4456-9ff4-a8181b586109 Close channels
2023-04-19 02:32:32,095 [grpc-default-executor-3] INFO  server.GrpcLogAppender (GrpcLogAppender.java:onCompleted(415)) - 14fab107-599d-4166-92e2-a49b96c274c4@group-71CE5AC4CDE1->209e8f7b-7310-4c05-bc4d-708a2d801edb-AppendLogResponseHandler: follower responses appendEntries COMPLETED
2023-04-19 02:32:32,095 [grpc-default-executor-3] INFO  leader.FollowerInfo (FollowerInfoImpl.java:lambda$new$0(48)) - 14fab107-599d-4166-92e2-a49b96c274c4@group-71CE5AC4CDE1->209e8f7b-7310-4c05-bc4d-708a2d801edb: nextIndex: updateUnconditionally 60 -> 59
2023-04-19 02:32:32,095 [Listener at 127.0.0.1/42295] INFO  server.RaftServer (RaftServerProxy.java:lambda$close$6(409)) - 8050b7c4-5854-4456-9ff4-a8181b586109: close
2023-04-19 02:32:32,096 [Listener at 127.0.0.1/42295] INFO  server.GrpcService (GrpcService.java:closeImpl(271)) - 8050b7c4-5854-4456-9ff4-a8181b586109: shutdown server GrpcServerProtocolService now
2023-04-19 02:32:32,096 [8050b7c4-5854-4456-9ff4-a8181b586109-impl-thread1] INFO  server.RaftServer$Division (RaftServerImpl.java:lambda$close$4(458)) - 8050b7c4-5854-4456-9ff4-a8181b586109@group-71CE5AC4CDE1: shutdown
2023-04-19 02:32:32,096 [grpc-default-executor-3] INFO  server.GrpcLogAppender (GrpcLogAppender.java:onCompleted(415)) - 14fab107-599d-4166-92e2-a49b96c274c4@group-71CE5AC4CDE1->209e8f7b-7310-4c05-bc4d-708a2d801edb-AppendLogResponseHandler: follower responses appendEntries COMPLETED
2023-04-19 02:32:32,096 [8050b7c4-5854-4456-9ff4-a8181b586109-impl-thread1] INFO  util.JmxRegister (JmxRegister.java:unregister(73)) - Successfully un-registered JMX Bean with object name Ratis:service=RaftServer,group=group-71CE5AC4CDE1,id=8050b7c4-5854-4456-9ff4-a8181b586109
2023-04-19 02:32:32,096 [grpc-default-executor-3] INFO  leader.FollowerInfo (FollowerInfoImpl.java:lambda$new$0(48)) - 14fab107-599d-4166-92e2-a49b96c274c4@group-71CE5AC4CDE1->209e8f7b-7310-4c05-bc4d-708a2d801edb: nextIndex: updateUnconditionally 59 -> 58
2023-04-19 02:32:32,096 [8050b7c4-5854-4456-9ff4-a8181b586109-impl-thread1] INFO  impl.RoleInfo (RoleInfo.java:shutdownFollowerState(110)) - 8050b7c4-5854-4456-9ff4-a8181b586109: shutdown 8050b7c4-5854-4456-9ff4-a8181b586109@group-71CE5AC4CDE1-FollowerState
2023-04-19 02:32:32,097 [grpc-default-executor-5] INFO  server.GrpcLogAppender (GrpcLogAppender.java:onCompleted(415)) - 14fab107-599d-4166-92e2-a49b96c274c4@group-71CE5AC4CDE1->8050b7c4-5854-4456-9ff4-a8181b586109-AppendLogResponseHandler: follower responses appendEntries COMPLETED
2023-04-19 02:32:32,097 [8050b7c4-5854-4456-9ff4-a8181b586109-impl-thread1] INFO  impl.StateMachineUpdater (StateMachineUpdater.java:stopAndJoin(153)) - 8050b7c4-5854-4456-9ff4-a8181b586109@group-71CE5AC4CDE1-StateMachineUpdater: set stopIndex = 59
2023-04-19 02:32:32,098 [8050b7c4-5854-4456-9ff4-a8181b586109@group-71CE5AC4CDE1-FollowerState] INFO  impl.FollowerState (FollowerState.java:run(152)) - 8050b7c4-5854-4456-9ff4-a8181b586109@group-71CE5AC4CDE1-FollowerState was interrupted
2023-04-19 02:32:32,098 [8050b7c4-5854-4456-9ff4-a8181b586109@group-71CE5AC4CDE1-StateMachineUpdater] INFO  ratis.ContainerStateMachine (ContainerStateMachine.java:takeSnapshot(330)) - group-71CE5AC4CDE1: Taking a snapshot at:(t:1, i:59) file /home/runner/work/ozone/ozone/hadoop-ozone/integration-test/target/test-dir/MiniOzoneClusterImpl-4a8f3de1-6dc7-4495-8b56-1623617bdc2e/datanode-1/data/ratis/efa6cb31-92b4-4224-b1a7-71ce5ac4cde1/sm/snapshot.1_59
2023-04-19 02:32:32,101 [grpc-default-executor-5] WARN  server.GrpcLogAppender (GrpcLogAppender.java:resetClient(137)) - 14fab107-599d-4166-92e2-a49b96c274c4@group-71CE5AC4CDE1->8050b7c4-5854-4456-9ff4-a8181b586109-GrpcLogAppender: Failed to getClient for 8050b7c4-5854-4456-9ff4-a8181b586109
org.apache.ratis.protocol.exceptions.AlreadyClosedException: 14fab107-599d-4166-92e2-a49b96c274c4 is already CLOSED
	at org.apache.ratis.util.PeerProxyMap$PeerAndProxy.getProxy(PeerProxyMap.java:61)
	at org.apache.ratis.util.PeerProxyMap.getProxy(PeerProxyMap.java:115)
	at org.apache.ratis.grpc.server.GrpcLogAppender.getClient(GrpcLogAppender.java:116)
	at org.apache.ratis.grpc.server.GrpcLogAppender.resetClient(GrpcLogAppender.java:121)
	at org.apache.ratis.grpc.server.GrpcLogAppender.access$500(GrpcLogAppender.java:58)
	at org.apache.ratis.grpc.server.GrpcLogAppender$AppendLogResponseHandler.onCompleted(GrpcLogAppender.java:416)
	at org.apache.ratis.thirdparty.io.grpc.stub.ClientCalls$StreamObserverToCallListenerAdapter.onClose(ClientCalls.java:485)
	at org.apache.ratis.thirdparty.io.grpc.internal.ClientCallImpl.closeObserver(ClientCallImpl.java:562)
	at org.apache.ratis.thirdparty.io.grpc.internal.ClientCallImpl.access$300(ClientCallImpl.java:70)
	at org.apache.ratis.thirdparty.io.grpc.internal.ClientCallImpl$ClientStreamListenerImpl$1StreamClosed.runInternal(ClientCallImpl.java:743)
	at org.apache.ratis.thirdparty.io.grpc.internal.ClientCallImpl$ClientStreamListenerImpl$1StreamClosed.runInContext(ClientCallImpl.java:722)
	at org.apache.ratis.thirdparty.io.grpc.internal.ContextRunnable.run(ContextRunnable.java:37)
	at org.apache.ratis.thirdparty.io.grpc.internal.SerializingExecutor.run(SerializingExecutor.java:133)
	at java.util.concurrent.ThreadPoolExecutor.runWorker(ThreadPoolExecutor.java:1149)
	at java.util.concurrent.ThreadPoolExecutor$Worker.run(ThreadPoolExecutor.java:624)
	at java.lang.Thread.run(Thread.java:750)
2023-04-19 02:32:32,107 [ForkJoinPool.commonPool-worker-1] INFO  server.GrpcServerProtocolClient (GrpcServerProtocolClient.java:close(101)) - 209e8f7b-7310-4c05-bc4d-708a2d801edb Close channels
2023-04-19 02:32:32,107 [Listener at 127.0.0.1/42295] INFO  server.GrpcService (GrpcService.java:closeImpl(280)) - 8050b7c4-5854-4456-9ff4-a8181b586109: shutdown server GrpcServerProtocolService successfully
2023-04-19 02:32:32,108 [14fab107-599d-4166-92e2-a49b96c274c4-impl-thread1] INFO  impl.StateMachineUpdater (StateMachineUpdater.java:stopAndJoin(153)) - 14fab107-599d-4166-92e2-a49b96c274c4@group-71CE5AC4CDE1-StateMachineUpdater: set stopIndex = 59
2023-04-19 02:32:32,108 [14fab107-599d-4166-92e2-a49b96c274c4@group-71CE5AC4CDE1-StateMachineUpdater] INFO  ratis.ContainerStateMachine (ContainerStateMachine.java:takeSnapshot(330)) - group-71CE5AC4CDE1: Taking a snapshot at:(t:1, i:59) file /home/runner/work/ozone/ozone/hadoop-ozone/integration-test/target/test-dir/MiniOzoneClusterImpl-4a8f3de1-6dc7-4495-8b56-1623617bdc2e/datanode-0/data/ratis/efa6cb31-92b4-4224-b1a7-71ce5ac4cde1/sm/snapshot.1_59
2023-04-19 02:32:32,110 [ForkJoinPool.commonPool-worker-1] INFO  server.GrpcService (GrpcService.java:closeImpl(280)) - 14fab107-599d-4166-92e2-a49b96c274c4: shutdown server GrpcServerProtocolService successfully
2023-04-19 02:32:32,110 [14fab107-599d-4166-92e2-a49b96c274c4-NettyServerStreamRpc-bossGroup--thread1] INFO  logging.LoggingHandler (AbstractInternalLogger.java:log(148)) - [id: 0xe0909ec4, L:/0:0:0:0:0:0:0:0:40843] CLOSE
2023-04-19 02:32:32,110 [14fab107-599d-4166-92e2-a49b96c274c4-NettyServerStreamRpc-bossGroup--thread1] INFO  logging.LoggingHandler (AbstractInternalLogger.java:log(148)) - [id: 0xe0909ec4, L:/0:0:0:0:0:0:0:0:40843] INACTIVE
2023-04-19 02:32:32,110 [14fab107-599d-4166-92e2-a49b96c274c4-NettyServerStreamRpc-bossGroup--thread1] INFO  logging.LoggingHandler (AbstractInternalLogger.java:log(148)) - [id: 0xe0909ec4, L:/0:0:0:0:0:0:0:0:40843] UNREGISTERED
2023-04-19 02:32:32,116 [8050b7c4-5854-4456-9ff4-a8181b586109-NettyServerStreamRpc-bossGroup--thread1] INFO  logging.LoggingHandler (AbstractInternalLogger.java:log(148)) - [id: 0x60c43963, L:/0:0:0:0:0:0:0:0:37915] CLOSE
2023-04-19 02:32:32,116 [8050b7c4-5854-4456-9ff4-a8181b586109-NettyServerStreamRpc-bossGroup--thread1] INFO  logging.LoggingHandler (AbstractInternalLogger.java:log(148)) - [id: 0x60c43963, L:/0:0:0:0:0:0:0:0:37915] INACTIVE
2023-04-19 02:32:32,116 [8050b7c4-5854-4456-9ff4-a8181b586109-NettyServerStreamRpc-bossGroup--thread1] INFO  logging.LoggingHandler (AbstractInternalLogger.java:log(148)) - [id: 0x60c43963, L:/0:0:0:0:0:0:0:0:37915] UNREGISTERED
2023-04-19 02:32:32,121 [BlockDeletingService#3] INFO  interfaces.ContainerDeletionChoosingPolicyTemplate (ContainerDeletionChoosingPolicyTemplate.java:chooseContainerForBlockDeletion(83)) - Chosen 0/5000 blocks from 0 candidate containers.
2023-04-19 02:32:32,129 [BlockDeletingService#1] INFO  interfaces.ContainerDeletionChoosingPolicyTemplate (ContainerDeletionChoosingPolicyTemplate.java:chooseContainerForBlockDeletion(83)) - Chosen 0/5000 blocks from 0 candidate containers.
2023-04-19 02:32:32,152 [14fab107-599d-4166-92e2-a49b96c274c4@group-71CE5AC4CDE1-StateMachineUpdater] INFO  ratis.ContainerStateMachine (ContainerStateMachine.java:takeSnapshot(341)) - group-71CE5AC4CDE1: Finished taking a snapshot at:(t:1, i:59) file:/home/runner/work/ozone/ozone/hadoop-ozone/integration-test/target/test-dir/MiniOzoneClusterImpl-4a8f3de1-6dc7-4495-8b56-1623617bdc2e/datanode-0/data/ratis/efa6cb31-92b4-4224-b1a7-71ce5ac4cde1/sm/snapshot.1_59 took: 43 ms
2023-04-19 02:32:32,153 [14fab107-599d-4166-92e2-a49b96c274c4@group-71CE5AC4CDE1-StateMachineUpdater] INFO  impl.StateMachineUpdater (StateMachineUpdater.java:takeSnapshot(287)) - 14fab107-599d-4166-92e2-a49b96c274c4@group-71CE5AC4CDE1-StateMachineUpdater: Took a snapshot at index 59
2023-04-19 02:32:32,153 [14fab107-599d-4166-92e2-a49b96c274c4@group-71CE5AC4CDE1-StateMachineUpdater] INFO  impl.StateMachineUpdater (StateMachineUpdater.java:lambda$new$0(92)) - 14fab107-599d-4166-92e2-a49b96c274c4@group-71CE5AC4CDE1-StateMachineUpdater: snapshotIndex: updateIncreasingly -1 -> 59
2023-04-19 02:32:32,153 [8050b7c4-5854-4456-9ff4-a8181b586109@group-71CE5AC4CDE1-StateMachineUpdater] INFO  ratis.ContainerStateMachine (ContainerStateMachine.java:takeSnapshot(341)) - group-71CE5AC4CDE1: Finished taking a snapshot at:(t:1, i:59) file:/home/runner/work/ozone/ozone/hadoop-ozone/integration-test/target/test-dir/MiniOzoneClusterImpl-4a8f3de1-6dc7-4495-8b56-1623617bdc2e/datanode-1/data/ratis/efa6cb31-92b4-4224-b1a7-71ce5ac4cde1/sm/snapshot.1_59 took: 55 ms
2023-04-19 02:32:32,153 [8050b7c4-5854-4456-9ff4-a8181b586109@group-71CE5AC4CDE1-StateMachineUpdater] INFO  impl.StateMachineUpdater (StateMachineUpdater.java:takeSnapshot(287)) - 8050b7c4-5854-4456-9ff4-a8181b586109@group-71CE5AC4CDE1-StateMachineUpdater: Took a snapshot at index 59
2023-04-19 02:32:32,153 [8050b7c4-5854-4456-9ff4-a8181b586109@group-71CE5AC4CDE1-StateMachineUpdater] INFO  impl.StateMachineUpdater (StateMachineUpdater.java:lambda$new$0(92)) - 8050b7c4-5854-4456-9ff4-a8181b586109@group-71CE5AC4CDE1-StateMachineUpdater: snapshotIndex: updateIncreasingly -1 -> 59
2023-04-19 02:32:32,154 [BlockDeletingService#7] INFO  interfaces.ContainerDeletionChoosingPolicyTemplate (ContainerDeletionChoosingPolicyTemplate.java:chooseContainerForBlockDeletion(83)) - Chosen 0/5000 blocks from 0 candidate containers.
2023-04-19 02:32:32,158 [14fab107-599d-4166-92e2-a49b96c274c4-impl-thread1] INFO  server.RaftServer$Division (ServerState.java:close(466)) - 14fab107-599d-4166-92e2-a49b96c274c4@group-71CE5AC4CDE1: closes. applyIndex: 59
2023-04-19 02:32:32,158 [14fab107-599d-4166-92e2-a49b96c274c4@group-71CE5AC4CDE1-SegmentedRaftLogWorker] INFO  segmented.SegmentedRaftLogWorker (SegmentedRaftLogWorker.java:run(347)) - 14fab107-599d-4166-92e2-a49b96c274c4@group-71CE5AC4CDE1-SegmentedRaftLogWorker was interrupted, exiting. There are 0 tasks remaining in the queue.
2023-04-19 02:32:32,160 [14fab107-599d-4166-92e2-a49b96c274c4-impl-thread1] INFO  segmented.SegmentedRaftLogWorker (SegmentedRaftLogWorker.java:close(257)) - 14fab107-599d-4166-92e2-a49b96c274c4@group-71CE5AC4CDE1-SegmentedRaftLogWorker close()
2023-04-19 02:32:32,160 [8050b7c4-5854-4456-9ff4-a8181b586109-impl-thread1] INFO  server.RaftServer$Division (ServerState.java:close(466)) - 8050b7c4-5854-4456-9ff4-a8181b586109@group-71CE5AC4CDE1: closes. applyIndex: 59
2023-04-19 02:32:32,160 [8050b7c4-5854-4456-9ff4-a8181b586109@group-71CE5AC4CDE1-SegmentedRaftLogWorker] INFO  segmented.SegmentedRaftLogWorker (SegmentedRaftLogWorker.java:run(347)) - 8050b7c4-5854-4456-9ff4-a8181b586109@group-71CE5AC4CDE1-SegmentedRaftLogWorker was interrupted, exiting. There are 0 tasks remaining in the queue.
2023-04-19 02:32:32,161 [8050b7c4-5854-4456-9ff4-a8181b586109-impl-thread1] INFO  segmented.SegmentedRaftLogWorker (SegmentedRaftLogWorker.java:close(257)) - 8050b7c4-5854-4456-9ff4-a8181b586109@group-71CE5AC4CDE1-SegmentedRaftLogWorker close()
2023-04-19 02:32:32,161 [JvmPauseMonitor1] INFO  util.JvmPauseMonitor (JvmPauseMonitor.java:run(111)) - JvmPauseMonitor-14fab107-599d-4166-92e2-a49b96c274c4: Stopped
2023-04-19 02:32:32,162 [JvmPauseMonitor2] INFO  util.JvmPauseMonitor (JvmPauseMonitor.java:run(111)) - JvmPauseMonitor-8050b7c4-5854-4456-9ff4-a8181b586109: Stopped
2023-04-19 02:32:32,186 [SCMBlockDeletingService#0] DEBUG block.SCMBlockDeletingService (SCMBlockDeletingService.java:shouldRun(251)) - Check scm block delete run: true serviceStatus: RUNNING safemodeExitRunDelayMillis: 3000 alreadyWaitTimeInMillis: 7901
2023-04-19 02:32:32,186 [SCMBlockDeletingService#0] DEBUG block.SCMBlockDeletingService (SCMBlockDeletingService.java:call(154)) - Running DeletedBlockTransactionScanner
2023-04-19 02:32:32,221 [BlockDeletingService#3] INFO  interfaces.ContainerDeletionChoosingPolicyTemplate (ContainerDeletionChoosingPolicyTemplate.java:chooseContainerForBlockDeletion(83)) - Chosen 0/5000 blocks from 0 candidate containers.
2023-04-19 02:32:32,228 [org.apache.hadoop.ozone.container.common.statemachine.commandhandler.DeleteBlocksCommandHandler$DeleteCmdWorker@692b6703] INFO  commandhandler.DeleteBlocksCommandHandler (DeleteBlocksCommandHandler.java:processCmd(275)) - Start to delete container blocks, TXIDs=[1(6),2(6),3(6),4(6),5(5),6(6),7(6),8(6),9(5),10(5)], numOfContainers=10, numOfBlocks=10
2023-04-19 02:32:32,228 [DeleteBlocksCommandHandlerThread-2] INFO  commandhandler.DeleteBlocksCommandHandler (DeleteBlocksCommandHandler.java:logDeleteTransaction(493)) - Delete blocks for containerId: 1 is either received out of order or retried, 1 <= 1
2023-04-19 02:32:32,229 [DeleteBlocksCommandHandlerThread-2] INFO  commandhandler.DeleteBlocksCommandHandler (DeleteBlocksCommandHandler.java:logDeleteTransaction(493)) - Delete blocks for containerId: 3 is either received out of order or retried, 3 <= 3
2023-04-19 02:32:32,229 [DeleteBlocksCommandHandlerThread-2] INFO  commandhandler.DeleteBlocksCommandHandler (DeleteBlocksCommandHandler.java:logDeleteTransaction(493)) - Delete blocks for containerId: 4 is either received out of order or retried, 4 <= 4
2023-04-19 02:32:32,229 [DeleteBlocksCommandHandlerThread-2] INFO  commandhandler.DeleteBlocksCommandHandler (DeleteBlocksCommandHandler.java:logDeleteTransaction(493)) - Delete blocks for containerId: 5 is either received out of order or retried, 5 <= 5
2023-04-19 02:32:32,229 [DeleteBlocksCommandHandlerThread-2] INFO  commandhandler.DeleteBlocksCommandHandler (DeleteBlocksCommandHandler.java:logDeleteTransaction(493)) - Delete blocks for containerId: 6 is either received out of order or retried, 6 <= 6
2023-04-19 02:32:32,229 [DeleteBlocksCommandHandlerThread-2] INFO  commandhandler.DeleteBlocksCommandHandler (DeleteBlocksCommandHandler.java:logDeleteTransaction(493)) - Delete blocks for containerId: 7 is either received out of order or retried, 7 <= 7
2023-04-19 02:32:32,229 [DeleteBlocksCommandHandlerThread-2] INFO  commandhandler.DeleteBlocksCommandHandler (DeleteBlocksCommandHandler.java:logDeleteTransaction(493)) - Delete blocks for containerId: 8 is either received out of order or retried, 8 <= 8
2023-04-19 02:32:32,229 [DeleteBlocksCommandHandlerThread-2] INFO  commandhandler.DeleteBlocksCommandHandler (DeleteBlocksCommandHandler.java:logDeleteTransaction(493)) - Delete blocks for containerId: 9 is either received out of order or retried, 9 <= 9
2023-04-19 02:32:32,230 [DeleteBlocksCommandHandlerThread-2] INFO  commandhandler.DeleteBlocksCommandHandler (DeleteBlocksCommandHandler.java:logDeleteTransaction(493)) - Delete blocks for containerId: 10 is either received out of order or retried, 10 <= 10
2023-04-19 02:32:32,228 [DeleteBlocksCommandHandlerThread-1] INFO  commandhandler.DeleteBlocksCommandHandler (DeleteBlocksCommandHandler.java:logDeleteTransaction(493)) - Delete blocks for containerId: 2 is either received out of order or retried, 2 <= 2
2023-04-19 02:32:32,230 [org.apache.hadoop.ozone.container.common.statemachine.commandhandler.DeleteBlocksCommandHandler$DeleteCmdWorker@692b6703] INFO  commandhandler.DeleteBlocksCommandHandler (DeleteBlocksCommandHandler.java:processCmd(275)) - Start to delete container blocks, TXIDs=[1(7),2(7),3(7),4(7),5(6),6(7),7(7),8(7),9(6),10(6)], numOfContainers=10, numOfBlocks=10
2023-04-19 02:32:32,230 [DeleteBlocksCommandHandlerThread-2] INFO  commandhandler.DeleteBlocksCommandHandler (DeleteBlocksCommandHandler.java:logDeleteTransaction(493)) - Delete blocks for containerId: 1 is either received out of order or retried, 1 <= 1
2023-04-19 02:32:32,230 [DeleteBlocksCommandHandlerThread-2] INFO  commandhandler.DeleteBlocksCommandHandler (DeleteBlocksCommandHandler.java:logDeleteTransaction(493)) - Delete blocks for containerId: 2 is either received out of order or retried, 2 <= 2
2023-04-19 02:32:32,231 [DeleteBlocksCommandHandlerThread-0] INFO  commandhandler.DeleteBlocksCommandHandler (DeleteBlocksCommandHandler.java:logDeleteTransaction(493)) - Delete blocks for containerId: 3 is either received out of order or retried, 3 <= 3
2023-04-19 02:32:32,231 [DeleteBlocksCommandHandlerThread-0] INFO  commandhandler.DeleteBlocksCommandHandler (DeleteBlocksCommandHandler.java:logDeleteTransaction(493)) - Delete blocks for containerId: 4 is either received out of order or retried, 4 <= 4
2023-04-19 02:32:32,231 [DeleteBlocksCommandHandlerThread-0] INFO  commandhandler.DeleteBlocksCommandHandler (DeleteBlocksCommandHandler.java:logDeleteTransaction(493)) - Delete blocks for containerId: 5 is either received out of order or retried, 5 <= 5
2023-04-19 02:32:32,231 [DeleteBlocksCommandHandlerThread-0] INFO  commandhandler.DeleteBlocksCommandHandler (DeleteBlocksCommandHandler.java:logDeleteTransaction(493)) - Delete blocks for containerId: 6 is either received out of order or retried, 6 <= 6
2023-04-19 02:32:32,231 [DeleteBlocksCommandHandlerThread-0] INFO  commandhandler.DeleteBlocksCommandHandler (DeleteBlocksCommandHandler.java:logDeleteTransaction(493)) - Delete blocks for containerId: 7 is either received out of order or retried, 7 <= 7
2023-04-19 02:32:32,231 [DeleteBlocksCommandHandlerThread-0] INFO  commandhandler.DeleteBlocksCommandHandler (DeleteBlocksCommandHandler.java:logDeleteTransaction(493)) - Delete blocks for containerId: 8 is either received out of order or retried, 8 <= 8
2023-04-19 02:32:32,232 [DeleteBlocksCommandHandlerThread-0] INFO  commandhandler.DeleteBlocksCommandHandler (DeleteBlocksCommandHandler.java:logDeleteTransaction(493)) - Delete blocks for containerId: 9 is either received out of order or retried, 9 <= 9
2023-04-19 02:32:32,232 [DeleteBlocksCommandHandlerThread-0] INFO  commandhandler.DeleteBlocksCommandHandler (DeleteBlocksCommandHandler.java:logDeleteTransaction(493)) - Delete blocks for containerId: 10 is either received out of order or retried, 10 <= 10
2023-04-19 02:32:32,232 [org.apache.hadoop.ozone.container.common.statemachine.commandhandler.DeleteBlocksCommandHandler$DeleteCmdWorker@692b6703] INFO  commandhandler.DeleteBlocksCommandHandler (DeleteBlocksCommandHandler.java:processCmd(275)) - Start to delete container blocks, TXIDs=[1(8),2(8),3(8),4(8),5(7),6(8),7(8),8(8),9(7),10(7)], numOfContainers=10, numOfBlocks=10
2023-04-19 02:32:32,232 [DeleteBlocksCommandHandlerThread-0] INFO  commandhandler.DeleteBlocksCommandHandler (DeleteBlocksCommandHandler.java:logDeleteTransaction(493)) - Delete blocks for containerId: 1 is either received out of order or retried, 1 <= 1
2023-04-19 02:32:32,232 [BlockDeletingService#1] INFO  interfaces.ContainerDeletionChoosingPolicyTemplate (ContainerDeletionChoosingPolicyTemplate.java:chooseContainerForBlockDeletion(83)) - Chosen 19/4981 blocks from 9 candidate containers.
2023-04-19 02:32:32,232 [DeleteBlocksCommandHandlerThread-4] INFO  commandhandler.DeleteBlocksCommandHandler (DeleteBlocksCommandHandler.java:logDeleteTransaction(493)) - Delete blocks for containerId: 3 is either received out of order or retried, 3 <= 3
2023-04-19 02:32:32,233 [DeleteBlocksCommandHandlerThread-4] INFO  commandhandler.DeleteBlocksCommandHandler (DeleteBlocksCommandHandler.java:logDeleteTransaction(493)) - Delete blocks for containerId: 4 is either received out of order or retried, 4 <= 4
2023-04-19 02:32:32,233 [BlockDeletingService#1] WARN  keyvalue.KeyValueHandler (KeyValueHandler.java:deleteUnreferenced(1211)) - Missing delete block(Container = 1, Block = 111677748019200001
2023-04-19 02:32:32,233 [BlockDeletingService#3] WARN  keyvalue.KeyValueHandler (KeyValueHandler.java:deleteUnreferenced(1211)) - Missing delete block(Container = 10, Block = 111677748019200010
2023-04-19 02:32:32,233 [BlockDeletingService#1] WARN  keyvalue.KeyValueHandler (KeyValueHandler.java:deleteUnreferenced(1211)) - Missing delete block(Container = 9, Block = 111677748019200009
2023-04-19 02:32:32,234 [BlockDeletingService#3] WARN  keyvalue.KeyValueHandler (KeyValueHandler.java:deleteUnreferenced(1211)) - Missing delete block(Container = 8, Block = 111677748019200008
2023-04-19 02:32:32,234 [BlockDeletingService#1] WARN  keyvalue.KeyValueHandler (KeyValueHandler.java:deleteUnreferenced(1211)) - Missing delete block(Container = 7, Block = 111677748019200007
2023-04-19 02:32:32,234 [BlockDeletingService#8] WARN  keyvalue.KeyValueHandler (KeyValueHandler.java:deleteUnreferenced(1211)) - Missing delete block(Container = 4, Block = 111677748019200004
2023-04-19 02:32:32,234 [BlockDeletingService#1] WARN  keyvalue.KeyValueHandler (KeyValueHandler.java:deleteUnreferenced(1211)) - Missing delete block(Container = 3, Block = 111677748019200003
2023-04-19 02:32:32,234 [DeleteBlocksCommandHandlerThread-1] INFO  commandhandler.DeleteBlocksCommandHandler (DeleteBlocksCommandHandler.java:logDeleteTransaction(493)) - Delete blocks for containerId: 7 is either received out of order or retried, 7 <= 7
2023-04-19 02:32:32,234 [DeleteBlocksCommandHandlerThread-1] INFO  commandhandler.DeleteBlocksCommandHandler (DeleteBlocksCommandHandler.java:logDeleteTransaction(493)) - Delete blocks for containerId: 8 is either received out of order or retried, 8 <= 8
2023-04-19 02:32:32,235 [DeleteBlocksCommandHandlerThread-1] INFO  commandhandler.DeleteBlocksCommandHandler (DeleteBlocksCommandHandler.java:logDeleteTransaction(493)) - Delete blocks for containerId: 9 is either received out of order or retried, 9 <= 9
2023-04-19 02:32:32,235 [DeleteBlocksCommandHandlerThread-1] INFO  commandhandler.DeleteBlocksCommandHandler (DeleteBlocksCommandHandler.java:logDeleteTransaction(493)) - Delete blocks for containerId: 10 is either received out of order or retried, 10 <= 10
2023-04-19 02:32:32,232 [DeleteBlocksCommandHandlerThread-0] INFO  commandhandler.DeleteBlocksCommandHandler (DeleteBlocksCommandHandler.java:logDeleteTransaction(493)) - Delete blocks for containerId: 2 is either received out of order or retried, 2 <= 2
2023-04-19 02:32:32,233 [DeleteBlocksCommandHandlerThread-3] INFO  commandhandler.DeleteBlocksCommandHandler (DeleteBlocksCommandHandler.java:logDeleteTransaction(493)) - Delete blocks for containerId: 6 is either received out of order or retried, 6 <= 6
2023-04-19 02:32:32,233 [DeleteBlocksCommandHandlerThread-4] INFO  commandhandler.DeleteBlocksCommandHandler (DeleteBlocksCommandHandler.java:logDeleteTransaction(493)) - Delete blocks for containerId: 5 is either received out of order or retried, 5 <= 5
2023-04-19 02:32:32,236 [BlockDeletingService#4] WARN  keyvalue.KeyValueHandler (KeyValueHandler.java:deleteUnreferenced(1211)) - Missing delete block(Container = 5, Block = 111677748019200005
2023-04-19 02:32:32,237 [BlockDeletingService#3] WARN  keyvalue.KeyValueHandler (KeyValueHandler.java:deleteUnreferenced(1211)) - Missing delete block(Container = 6, Block = 111677748019200006
2023-04-19 02:32:32,254 [BlockDeletingService#7] INFO  interfaces.ContainerDeletionChoosingPolicyTemplate (ContainerDeletionChoosingPolicyTemplate.java:chooseContainerForBlockDeletion(83)) - Chosen 0/5000 blocks from 0 candidate containers.
2023-04-19 02:32:32,286 [SCMBlockDeletingService#0] DEBUG block.SCMBlockDeletingService (SCMBlockDeletingService.java:shouldRun(251)) - Check scm block delete run: true serviceStatus: RUNNING safemodeExitRunDelayMillis: 3000 alreadyWaitTimeInMillis: 8001
2023-04-19 02:32:32,286 [SCMBlockDeletingService#0] DEBUG block.SCMBlockDeletingService (SCMBlockDeletingService.java:call(154)) - Running DeletedBlockTransactionScanner
2023-04-19 02:32:32,321 [BlockDeletingService#3] INFO  interfaces.ContainerDeletionChoosingPolicyTemplate (ContainerDeletionChoosingPolicyTemplate.java:chooseContainerForBlockDeletion(83)) - Chosen 0/5000 blocks from 0 candidate containers.
2023-04-19 02:32:32,337 [BlockDeletingService#8] INFO  interfaces.ContainerDeletionChoosingPolicyTemplate (ContainerDeletionChoosingPolicyTemplate.java:chooseContainerForBlockDeletion(83)) - Chosen 21/4979 blocks from 10 candidate containers.
2023-04-19 02:32:32,337 [BlockDeletingService#9] WARN  keyvalue.KeyValueHandler (KeyValueHandler.java:deleteUnreferenced(1211)) - Missing delete block(Container = 10, Block = 111677748019200010
2023-04-19 02:32:32,338 [BlockDeletingService#9] WARN  keyvalue.KeyValueHandler (KeyValueHandler.java:deleteUnreferenced(1211)) - Missing delete block(Container = 9, Block = 111677748019200009
2023-04-19 02:32:32,338 [BlockDeletingService#9] WARN  keyvalue.KeyValueHandler (KeyValueHandler.java:deleteUnreferenced(1211)) - Missing delete block(Container = 8, Block = 111677748019200008
2023-04-19 02:32:32,338 [BlockDeletingService#9] WARN  keyvalue.KeyValueHandler (KeyValueHandler.java:deleteUnreferenced(1211)) - Missing delete block(Container = 7, Block = 111677748019200007
2023-04-19 02:32:32,337 [BlockDeletingService#8] WARN  keyvalue.KeyValueHandler (KeyValueHandler.java:deleteUnreferenced(1211)) - Missing delete block(Container = 2, Block = 111677748019200002
2023-04-19 02:32:32,340 [BlockDeletingService#7] INFO  background.BlockDeletingService (BlockDeletingService.java:deleteViaTransactionStore(483)) - No transaction found in container 1 with pending delete block count 2
2023-04-19 02:32:32,343 [BlockDeletingService#9] INFO  background.BlockDeletingService (BlockDeletingService.java:deleteViaTransactionStore(483)) - No transaction found in container 6 with pending delete block count 2
2023-04-19 02:32:32,343 [BlockDeletingService#2] INFO  background.BlockDeletingService (BlockDeletingService.java:deleteViaTransactionStore(483)) - No transaction found in container 3 with pending delete block count 2
2023-04-19 02:32:32,343 [BlockDeletingService#0] INFO  background.BlockDeletingService (BlockDeletingService.java:deleteViaTransactionStore(483)) - No transaction found in container 4 with pending delete block count 2
2023-04-19 02:32:32,343 [BlockDeletingService#5] INFO  background.BlockDeletingService (BlockDeletingService.java:deleteViaTransactionStore(483)) - No transaction found in container 5 with pending delete block count 2
2023-04-19 02:32:32,354 [BlockDeletingService#7] INFO  interfaces.ContainerDeletionChoosingPolicyTemplate (ContainerDeletionChoosingPolicyTemplate.java:chooseContainerForBlockDeletion(83)) - Chosen 0/5000 blocks from 0 candidate containers.
2023-04-19 02:32:32,386 [SCMBlockDeletingService#0] DEBUG block.SCMBlockDeletingService (SCMBlockDeletingService.java:shouldRun(251)) - Check scm block delete run: true serviceStatus: RUNNING safemodeExitRunDelayMillis: 3000 alreadyWaitTimeInMillis: 8101
2023-04-19 02:32:32,386 [SCMBlockDeletingService#0] DEBUG block.SCMBlockDeletingService (SCMBlockDeletingService.java:call(154)) - Running DeletedBlockTransactionScanner
2023-04-19 02:32:32,421 [BlockDeletingService#3] INFO  interfaces.ContainerDeletionChoosingPolicyTemplate (ContainerDeletionChoosingPolicyTemplate.java:chooseContainerForBlockDeletion(83)) - Chosen 0/5000 blocks from 0 candidate containers.
2023-04-19 02:32:32,439 [BlockDeletingService#7] INFO  interfaces.ContainerDeletionChoosingPolicyTemplate (ContainerDeletionChoosingPolicyTemplate.java:chooseContainerForBlockDeletion(83)) - Chosen 6/4994 blocks from 5 candidate containers.
2023-04-19 02:32:32,440 [BlockDeletingService#7] INFO  background.BlockDeletingService (BlockDeletingService.java:deleteViaTransactionStore(483)) - No transaction found in container 2 with pending delete block count 2
2023-04-19 02:32:32,440 [BlockDeletingService#7] INFO  background.BlockDeletingService (BlockDeletingService.java:deleteViaTransactionStore(483)) - No transaction found in container 10 with pending delete block count 1
2023-04-19 02:32:32,440 [BlockDeletingService#7] INFO  background.BlockDeletingService (BlockDeletingService.java:deleteViaTransactionStore(483)) - No transaction found in container 9 with pending delete block count 1
2023-04-19 02:32:32,440 [BlockDeletingService#7] INFO  background.BlockDeletingService (BlockDeletingService.java:deleteViaTransactionStore(483)) - No transaction found in container 8 with pending delete block count 1
2023-04-19 02:32:32,440 [BlockDeletingService#6] INFO  background.BlockDeletingService (BlockDeletingService.java:deleteViaTransactionStore(483)) - No transaction found in container 7 with pending delete block count 1
2023-04-19 02:32:32,454 [BlockDeletingService#7] INFO  interfaces.ContainerDeletionChoosingPolicyTemplate (ContainerDeletionChoosingPolicyTemplate.java:chooseContainerForBlockDeletion(83)) - Chosen 0/5000 blocks from 0 candidate containers.
2023-04-19 02:32:32,486 [SCMBlockDeletingService#0] DEBUG block.SCMBlockDeletingService (SCMBlockDeletingService.java:shouldRun(251)) - Check scm block delete run: true serviceStatus: RUNNING safemodeExitRunDelayMillis: 3000 alreadyWaitTimeInMillis: 8201
2023-04-19 02:32:32,486 [SCMBlockDeletingService#0] DEBUG block.SCMBlockDeletingService (SCMBlockDeletingService.java:call(154)) - Running DeletedBlockTransactionScanner
2023-04-19 02:32:32,522 [BlockDeletingService#3] INFO  interfaces.ContainerDeletionChoosingPolicyTemplate (ContainerDeletionChoosingPolicyTemplate.java:chooseContainerForBlockDeletion(83)) - Chosen 0/5000 blocks from 0 candidate containers.
2023-04-19 02:32:32,540 [BlockDeletingService#7] INFO  interfaces.ContainerDeletionChoosingPolicyTemplate (ContainerDeletionChoosingPolicyTemplate.java:chooseContainerForBlockDeletion(83)) - Chosen 0/5000 blocks from 0 candidate containers.
2023-04-19 02:32:32,555 [BlockDeletingService#7] INFO  interfaces.ContainerDeletionChoosingPolicyTemplate (ContainerDeletionChoosingPolicyTemplate.java:chooseContainerForBlockDeletion(83)) - Chosen 0/5000 blocks from 0 candidate containers.
2023-04-19 02:32:32,586 [SCMBlockDeletingService#0] DEBUG block.SCMBlockDeletingService (SCMBlockDeletingService.java:shouldRun(251)) - Check scm block delete run: true serviceStatus: RUNNING safemodeExitRunDelayMillis: 3000 alreadyWaitTimeInMillis: 8301
2023-04-19 02:32:32,586 [SCMBlockDeletingService#0] DEBUG block.SCMBlockDeletingService (SCMBlockDeletingService.java:call(154)) - Running DeletedBlockTransactionScanner
2023-04-19 02:32:32,622 [BlockDeletingService#3] INFO  interfaces.ContainerDeletionChoosingPolicyTemplate (ContainerDeletionChoosingPolicyTemplate.java:chooseContainerForBlockDeletion(83)) - Chosen 0/5000 blocks from 0 candidate containers.
2023-04-19 02:32:32,640 [BlockDeletingService#7] INFO  interfaces.ContainerDeletionChoosingPolicyTemplate (ContainerDeletionChoosingPolicyTemplate.java:chooseContainerForBlockDeletion(83)) - Chosen 0/5000 blocks from 0 candidate containers.
2023-04-19 02:32:32,655 [BlockDeletingService#7] INFO  interfaces.ContainerDeletionChoosingPolicyTemplate (ContainerDeletionChoosingPolicyTemplate.java:chooseContainerForBlockDeletion(83)) - Chosen 0/5000 blocks from 0 candidate containers.
2023-04-19 02:32:32,686 [SCMBlockDeletingService#0] DEBUG block.SCMBlockDeletingService (SCMBlockDeletingService.java:shouldRun(251)) - Check scm block delete run: true serviceStatus: RUNNING safemodeExitRunDelayMillis: 3000 alreadyWaitTimeInMillis: 8401
2023-04-19 02:32:32,687 [SCMBlockDeletingService#0] DEBUG block.SCMBlockDeletingService (SCMBlockDeletingService.java:call(154)) - Running DeletedBlockTransactionScanner
2023-04-19 02:32:32,722 [BlockDeletingService#3] INFO  interfaces.ContainerDeletionChoosingPolicyTemplate (ContainerDeletionChoosingPolicyTemplate.java:chooseContainerForBlockDeletion(83)) - Chosen 0/5000 blocks from 0 candidate containers.
2023-04-19 02:32:32,740 [BlockDeletingService#7] INFO  interfaces.ContainerDeletionChoosingPolicyTemplate (ContainerDeletionChoosingPolicyTemplate.java:chooseContainerForBlockDeletion(83)) - Chosen 0/5000 blocks from 0 candidate containers.
2023-04-19 02:32:32,741 [org.apache.hadoop.ozone.container.common.statemachine.commandhandler.DeleteBlocksCommandHandler$DeleteCmdWorker@2c7221d1] INFO  commandhandler.DeleteBlocksCommandHandler (DeleteBlocksCommandHandler.java:processCmd(275)) - Start to delete container blocks, TXIDs=[1(7),2(7),3(7),4(7),5(6),6(7),7(7),8(7),9(6),10(6)], numOfContainers=10, numOfBlocks=10
2023-04-19 02:32:32,744 [DeleteBlocksCommandHandlerThread-1] INFO  commandhandler.DeleteBlocksCommandHandler (DeleteBlocksCommandHandler.java:logDeleteTransaction(493)) - Delete blocks for containerId: 1 is either received out of order or retried, 1 <= 1
2023-04-19 02:32:32,744 [DeleteBlocksCommandHandlerThread-3] INFO  commandhandler.DeleteBlocksCommandHandler (DeleteBlocksCommandHandler.java:logDeleteTransaction(493)) - Delete blocks for containerId: 3 is either received out of order or retried, 3 <= 3
2023-04-19 02:32:32,744 [DeleteBlocksCommandHandlerThread-0] INFO  commandhandler.DeleteBlocksCommandHandler (DeleteBlocksCommandHandler.java:logDeleteTransaction(493)) - Delete blocks for containerId: 4 is either received out of order or retried, 4 <= 4
2023-04-19 02:32:32,744 [DeleteBlocksCommandHandlerThread-4] INFO  commandhandler.DeleteBlocksCommandHandler (DeleteBlocksCommandHandler.java:logDeleteTransaction(493)) - Delete blocks for containerId: 2 is either received out of order or retried, 2 <= 2
2023-04-19 02:32:32,744 [DeleteBlocksCommandHandlerThread-2] INFO  commandhandler.DeleteBlocksCommandHandler (DeleteBlocksCommandHandler.java:logDeleteTransaction(493)) - Delete blocks for containerId: 5 is either received out of order or retried, 5 <= 5
2023-04-19 02:32:32,745 [DeleteBlocksCommandHandlerThread-1] INFO  commandhandler.DeleteBlocksCommandHandler (DeleteBlocksCommandHandler.java:logDeleteTransaction(493)) - Delete blocks for containerId: 6 is either received out of order or retried, 6 <= 6
2023-04-19 02:32:32,745 [DeleteBlocksCommandHandlerThread-3] INFO  commandhandler.DeleteBlocksCommandHandler (DeleteBlocksCommandHandler.java:logDeleteTransaction(493)) - Delete blocks for containerId: 7 is either received out of order or retried, 7 <= 7
2023-04-19 02:32:32,745 [DeleteBlocksCommandHandlerThread-4] INFO  commandhandler.DeleteBlocksCommandHandler (DeleteBlocksCommandHandler.java:logDeleteTransaction(493)) - Delete blocks for containerId: 9 is either received out of order or retried, 9 <= 9
2023-04-19 02:32:32,745 [DeleteBlocksCommandHandlerThread-3] INFO  commandhandler.DeleteBlocksCommandHandler (DeleteBlocksCommandHandler.java:logDeleteTransaction(493)) - Delete blocks for containerId: 10 is either received out of order or retried, 10 <= 10
2023-04-19 02:32:32,745 [DeleteBlocksCommandHandlerThread-1] INFO  commandhandler.DeleteBlocksCommandHandler (DeleteBlocksCommandHandler.java:logDeleteTransaction(493)) - Delete blocks for containerId: 8 is either received out of order or retried, 8 <= 8
2023-04-19 02:32:32,745 [org.apache.hadoop.ozone.container.common.statemachine.commandhandler.DeleteBlocksCommandHandler$DeleteCmdWorker@2c7221d1] INFO  commandhandler.DeleteBlocksCommandHandler (DeleteBlocksCommandHandler.java:processCmd(275)) - Start to delete container blocks, TXIDs=[1(8),2(8),3(8),4(8),5(7),6(8),7(8),8(8),9(7),10(7)], numOfContainers=10, numOfBlocks=10
2023-04-19 02:32:32,746 [DeleteBlocksCommandHandlerThread-4] INFO  commandhandler.DeleteBlocksCommandHandler (DeleteBlocksCommandHandler.java:logDeleteTransaction(493)) - Delete blocks for containerId: 1 is either received out of order or retried, 1 <= 1
2023-04-19 02:32:32,746 [DeleteBlocksCommandHandlerThread-4] INFO  commandhandler.DeleteBlocksCommandHandler (DeleteBlocksCommandHandler.java:logDeleteTransaction(493)) - Delete blocks for containerId: 2 is either received out of order or retried, 2 <= 2
2023-04-19 02:32:32,746 [DeleteBlocksCommandHandlerThread-4] INFO  commandhandler.DeleteBlocksCommandHandler (DeleteBlocksCommandHandler.java:logDeleteTransaction(493)) - Delete blocks for containerId: 3 is either received out of order or retried, 3 <= 3
2023-04-19 02:32:32,746 [DeleteBlocksCommandHandlerThread-4] INFO  commandhandler.DeleteBlocksCommandHandler (DeleteBlocksCommandHandler.java:logDeleteTransaction(493)) - Delete blocks for containerId: 4 is either received out of order or retried, 4 <= 4
2023-04-19 02:32:32,746 [DeleteBlocksCommandHandlerThread-4] INFO  commandhandler.DeleteBlocksCommandHandler (DeleteBlocksCommandHandler.java:logDeleteTransaction(493)) - Delete blocks for containerId: 5 is either received out of order or retried, 5 <= 5
2023-04-19 02:32:32,746 [DeleteBlocksCommandHandlerThread-4] INFO  commandhandler.DeleteBlocksCommandHandler (DeleteBlocksCommandHandler.java:logDeleteTransaction(493)) - Delete blocks for containerId: 6 is either received out of order or retried, 6 <= 6
2023-04-19 02:32:32,746 [DeleteBlocksCommandHandlerThread-4] INFO  commandhandler.DeleteBlocksCommandHandler (DeleteBlocksCommandHandler.java:logDeleteTransaction(493)) - Delete blocks for containerId: 7 is either received out of order or retried, 7 <= 7
2023-04-19 02:32:32,747 [DeleteBlocksCommandHandlerThread-4] INFO  commandhandler.DeleteBlocksCommandHandler (DeleteBlocksCommandHandler.java:logDeleteTransaction(493)) - Delete blocks for containerId: 8 is either received out of order or retried, 8 <= 8
2023-04-19 02:32:32,747 [DeleteBlocksCommandHandlerThread-4] INFO  commandhandler.DeleteBlocksCommandHandler (DeleteBlocksCommandHandler.java:logDeleteTransaction(493)) - Delete blocks for containerId: 9 is either received out of order or retried, 9 <= 9
2023-04-19 02:32:32,747 [DeleteBlocksCommandHandlerThread-4] INFO  commandhandler.DeleteBlocksCommandHandler (DeleteBlocksCommandHandler.java:logDeleteTransaction(493)) - Delete blocks for containerId: 10 is either received out of order or retried, 10 <= 10
2023-04-19 02:32:32,747 [org.apache.hadoop.ozone.container.common.statemachine.commandhandler.DeleteBlocksCommandHandler$DeleteCmdWorker@2c7221d1] INFO  commandhandler.DeleteBlocksCommandHandler (DeleteBlocksCommandHandler.java:processCmd(275)) - Start to delete container blocks, TXIDs=[1(9),2(9),3(9),4(9),5(8),6(9),7(9),8(9),9(8),10(8)], numOfContainers=10, numOfBlocks=10
2023-04-19 02:32:32,747 [DeleteBlocksCommandHandlerThread-3] INFO  commandhandler.DeleteBlocksCommandHandler (DeleteBlocksCommandHandler.java:logDeleteTransaction(493)) - Delete blocks for containerId: 1 is either received out of order or retried, 1 <= 1
2023-04-19 02:32:32,747 [DeleteBlocksCommandHandlerThread-3] INFO  commandhandler.DeleteBlocksCommandHandler (DeleteBlocksCommandHandler.java:logDeleteTransaction(493)) - Delete blocks for containerId: 2 is either received out of order or retried, 2 <= 2
2023-04-19 02:32:32,748 [DeleteBlocksCommandHandlerThread-3] INFO  commandhandler.DeleteBlocksCommandHandler (DeleteBlocksCommandHandler.java:logDeleteTransaction(493)) - Delete blocks for containerId: 3 is either received out of order or retried, 3 <= 3
2023-04-19 02:32:32,748 [DeleteBlocksCommandHandlerThread-3] INFO  commandhandler.DeleteBlocksCommandHandler (DeleteBlocksCommandHandler.java:logDeleteTransaction(493)) - Delete blocks for containerId: 4 is either received out of order or retried, 4 <= 4
2023-04-19 02:32:32,748 [DeleteBlocksCommandHandlerThread-3] INFO  commandhandler.DeleteBlocksCommandHandler (DeleteBlocksCommandHandler.java:logDeleteTransaction(493)) - Delete blocks for containerId: 5 is either received out of order or retried, 5 <= 5
2023-04-19 02:32:32,748 [DeleteBlocksCommandHandlerThread-3] INFO  commandhandler.DeleteBlocksCommandHandler (DeleteBlocksCommandHandler.java:logDeleteTransaction(493)) - Delete blocks for containerId: 6 is either received out of order or retried, 6 <= 6
2023-04-19 02:32:32,748 [DeleteBlocksCommandHandlerThread-3] INFO  commandhandler.DeleteBlocksCommandHandler (DeleteBlocksCommandHandler.java:logDeleteTransaction(493)) - Delete blocks for containerId: 7 is either received out of order or retried, 7 <= 7
2023-04-19 02:32:32,748 [DeleteBlocksCommandHandlerThread-3] INFO  commandhandler.DeleteBlocksCommandHandler (DeleteBlocksCommandHandler.java:logDeleteTransaction(493)) - Delete blocks for containerId: 8 is either received out of order or retried, 8 <= 8
2023-04-19 02:32:32,748 [DeleteBlocksCommandHandlerThread-3] INFO  commandhandler.DeleteBlocksCommandHandler (DeleteBlocksCommandHandler.java:logDeleteTransaction(493)) - Delete blocks for containerId: 9 is either received out of order or retried, 9 <= 9
2023-04-19 02:32:32,748 [DeleteBlocksCommandHandlerThread-3] INFO  commandhandler.DeleteBlocksCommandHandler (DeleteBlocksCommandHandler.java:logDeleteTransaction(493)) - Delete blocks for containerId: 10 is either received out of order or retried, 10 <= 10
2023-04-19 02:32:32,749 [org.apache.hadoop.ozone.container.common.statemachine.commandhandler.DeleteBlocksCommandHandler$DeleteCmdWorker@2c7221d1] INFO  commandhandler.DeleteBlocksCommandHandler (DeleteBlocksCommandHandler.java:processCmd(275)) - Start to delete container blocks, TXIDs=[1(10),2(10),3(10),4(10),5(9),6(10),7(10),8(10),9(9),10(9)], numOfContainers=10, numOfBlocks=10
2023-04-19 02:32:32,749 [DeleteBlocksCommandHandlerThread-1] INFO  commandhandler.DeleteBlocksCommandHandler (DeleteBlocksCommandHandler.java:logDeleteTransaction(493)) - Delete blocks for containerId: 1 is either received out of order or retried, 1 <= 1
2023-04-19 02:32:32,749 [DeleteBlocksCommandHandlerThread-4] INFO  commandhandler.DeleteBlocksCommandHandler (DeleteBlocksCommandHandler.java:logDeleteTransaction(493)) - Delete blocks for containerId: 2 is either received out of order or retried, 2 <= 2
2023-04-19 02:32:32,749 [DeleteBlocksCommandHandlerThread-1] INFO  commandhandler.DeleteBlocksCommandHandler (DeleteBlocksCommandHandler.java:logDeleteTransaction(493)) - Delete blocks for containerId: 3 is either received out of order or retried, 3 <= 3
2023-04-19 02:32:32,749 [DeleteBlocksCommandHandlerThread-4] INFO  commandhandler.DeleteBlocksCommandHandler (DeleteBlocksCommandHandler.java:logDeleteTransaction(493)) - Delete blocks for containerId: 4 is either received out of order or retried, 4 <= 4
2023-04-19 02:32:32,749 [DeleteBlocksCommandHandlerThread-1] INFO  commandhandler.DeleteBlocksCommandHandler (DeleteBlocksCommandHandler.java:logDeleteTransaction(493)) - Delete blocks for containerId: 5 is either received out of order or retried, 5 <= 5
2023-04-19 02:32:32,749 [DeleteBlocksCommandHandlerThread-4] INFO  commandhandler.DeleteBlocksCommandHandler (DeleteBlocksCommandHandler.java:logDeleteTransaction(493)) - Delete blocks for containerId: 6 is either received out of order or retried, 6 <= 6
2023-04-19 02:32:32,749 [DeleteBlocksCommandHandlerThread-1] INFO  commandhandler.DeleteBlocksCommandHandler (DeleteBlocksCommandHandler.java:logDeleteTransaction(493)) - Delete blocks for containerId: 7 is either received out of order or retried, 7 <= 7
2023-04-19 02:32:32,749 [DeleteBlocksCommandHandlerThread-4] INFO  commandhandler.DeleteBlocksCommandHandler (DeleteBlocksCommandHandler.java:logDeleteTransaction(493)) - Delete blocks for containerId: 8 is either received out of order or retried, 8 <= 8
2023-04-19 02:32:32,749 [DeleteBlocksCommandHandlerThread-3] INFO  commandhandler.DeleteBlocksCommandHandler (DeleteBlocksCommandHandler.java:logDeleteTransaction(493)) - Delete blocks for containerId: 10 is either received out of order or retried, 10 <= 10
2023-04-19 02:32:32,749 [DeleteBlocksCommandHandlerThread-1] INFO  commandhandler.DeleteBlocksCommandHandler (DeleteBlocksCommandHandler.java:logDeleteTransaction(493)) - Delete blocks for containerId: 9 is either received out of order or retried, 9 <= 9
2023-04-19 02:32:32,755 [BlockDeletingService#7] INFO  interfaces.ContainerDeletionChoosingPolicyTemplate (ContainerDeletionChoosingPolicyTemplate.java:chooseContainerForBlockDeletion(83)) - Chosen 0/5000 blocks from 0 candidate containers.
2023-04-19 02:32:32,787 [SCMBlockDeletingService#0] DEBUG block.SCMBlockDeletingService (SCMBlockDeletingService.java:shouldRun(251)) - Check scm block delete run: true serviceStatus: RUNNING safemodeExitRunDelayMillis: 3000 alreadyWaitTimeInMillis: 8502
2023-04-19 02:32:32,787 [SCMBlockDeletingService#0] DEBUG block.SCMBlockDeletingService (SCMBlockDeletingService.java:call(154)) - Running DeletedBlockTransactionScanner
2023-04-19 02:32:32,829 [BlockDeletingService#3] INFO  interfaces.ContainerDeletionChoosingPolicyTemplate (ContainerDeletionChoosingPolicyTemplate.java:chooseContainerForBlockDeletion(83)) - Chosen 40/4960 blocks from 10 candidate containers.
2023-04-19 02:32:32,829 [BlockDeletingService#7] WARN  keyvalue.KeyValueHandler (KeyValueHandler.java:deleteUnreferenced(1211)) - Missing delete block(Container = 1, Block = 111677748019200001
2023-04-19 02:32:32,830 [BlockDeletingService#8] WARN  keyvalue.KeyValueHandler (KeyValueHandler.java:deleteUnreferenced(1211)) - Missing delete block(Container = 9, Block = 111677748019200009
2023-04-19 02:32:32,830 [BlockDeletingService#0] WARN  keyvalue.KeyValueHandler (KeyValueHandler.java:deleteUnreferenced(1211)) - Missing delete block(Container = 10, Block = 111677748019200010
2023-04-19 02:32:32,830 [BlockDeletingService#4] WARN  keyvalue.KeyValueHandler (KeyValueHandler.java:deleteUnreferenced(1211)) - Missing delete block(Container = 8, Block = 111677748019200008
2023-04-19 02:32:32,831 [BlockDeletingService#3] WARN  keyvalue.KeyValueHandler (KeyValueHandler.java:deleteUnreferenced(1211)) - Missing delete block(Container = 7, Block = 111677748019200007
2023-04-19 02:32:32,831 [BlockDeletingService#3] WARN  keyvalue.KeyValueHandler (KeyValueHandler.java:deleteUnreferenced(1211)) - Missing delete block(Container = 6, Block = 111677748019200006
2023-04-19 02:32:32,832 [BlockDeletingService#9] WARN  keyvalue.KeyValueHandler (KeyValueHandler.java:deleteUnreferenced(1211)) - Missing delete block(Container = 4, Block = 111677748019200004
2023-04-19 02:32:32,832 [BlockDeletingService#9] WARN  keyvalue.KeyValueHandler (KeyValueHandler.java:deleteUnreferenced(1211)) - Missing delete block(Container = 3, Block = 111677748019200003
2023-04-19 02:32:32,832 [BlockDeletingService#9] WARN  keyvalue.KeyValueHandler (KeyValueHandler.java:deleteUnreferenced(1211)) - Missing delete block(Container = 2, Block = 111677748019200002
2023-04-19 02:32:32,833 [BlockDeletingService#3] WARN  keyvalue.KeyValueHandler (KeyValueHandler.java:deleteUnreferenced(1211)) - Missing delete block(Container = 5, Block = 111677748019200005
2023-04-19 02:32:32,840 [BlockDeletingService#7] INFO  interfaces.ContainerDeletionChoosingPolicyTemplate (ContainerDeletionChoosingPolicyTemplate.java:chooseContainerForBlockDeletion(83)) - Chosen 0/5000 blocks from 0 candidate containers.
2023-04-19 02:32:32,855 [BlockDeletingService#7] INFO  interfaces.ContainerDeletionChoosingPolicyTemplate (ContainerDeletionChoosingPolicyTemplate.java:chooseContainerForBlockDeletion(83)) - Chosen 0/5000 blocks from 0 candidate containers.
2023-04-19 02:32:32,887 [SCMBlockDeletingService#0] DEBUG block.SCMBlockDeletingService (SCMBlockDeletingService.java:shouldRun(251)) - Check scm block delete run: true serviceStatus: RUNNING safemodeExitRunDelayMillis: 3000 alreadyWaitTimeInMillis: 8602
2023-04-19 02:32:32,887 [SCMBlockDeletingService#0] DEBUG block.SCMBlockDeletingService (SCMBlockDeletingService.java:call(154)) - Running DeletedBlockTransactionScanner
2023-04-19 02:32:32,934 [BlockDeletingService#9] INFO  interfaces.ContainerDeletionChoosingPolicyTemplate (ContainerDeletionChoosingPolicyTemplate.java:chooseContainerForBlockDeletion(83)) - Chosen 30/4970 blocks from 10 candidate containers.
2023-04-19 02:32:32,935 [BlockDeletingService#0] INFO  background.BlockDeletingService (BlockDeletingService.java:deleteViaTransactionStore(483)) - No transaction found in container 1 with pending delete block count 3
2023-04-19 02:32:32,935 [BlockDeletingService#0] INFO  background.BlockDeletingService (BlockDeletingService.java:deleteViaTransactionStore(483)) - No transaction found in container 10 with pending delete block count 3
2023-04-19 02:32:32,935 [BlockDeletingService#0] INFO  background.BlockDeletingService (BlockDeletingService.java:deleteViaTransactionStore(483)) - No transaction found in container 9 with pending delete block count 3
2023-04-19 02:32:32,935 [BlockDeletingService#0] INFO  background.BlockDeletingService (BlockDeletingService.java:deleteViaTransactionStore(483)) - No transaction found in container 8 with pending delete block count 3
2023-04-19 02:32:32,935 [BlockDeletingService#0] INFO  background.BlockDeletingService (BlockDeletingService.java:deleteViaTransactionStore(483)) - No transaction found in container 7 with pending delete block count 3
2023-04-19 02:32:32,935 [BlockDeletingService#0] INFO  background.BlockDeletingService (BlockDeletingService.java:deleteViaTransactionStore(483)) - No transaction found in container 6 with pending delete block count 3
2023-04-19 02:32:32,935 [BlockDeletingService#0] INFO  background.BlockDeletingService (BlockDeletingService.java:deleteViaTransactionStore(483)) - No transaction found in container 5 with pending delete block count 3
2023-04-19 02:32:32,936 [BlockDeletingService#0] INFO  background.BlockDeletingService (BlockDeletingService.java:deleteViaTransactionStore(483)) - No transaction found in container 4 with pending delete block count 3
2023-04-19 02:32:32,936 [BlockDeletingService#0] INFO  background.BlockDeletingService (BlockDeletingService.java:deleteViaTransactionStore(483)) - No transaction found in container 3 with pending delete block count 3
2023-04-19 02:32:32,936 [BlockDeletingService#0] INFO  background.BlockDeletingService (BlockDeletingService.java:deleteViaTransactionStore(483)) - No transaction found in container 2 with pending delete block count 3
2023-04-19 02:32:32,941 [BlockDeletingService#7] INFO  interfaces.ContainerDeletionChoosingPolicyTemplate (ContainerDeletionChoosingPolicyTemplate.java:chooseContainerForBlockDeletion(83)) - Chosen 0/5000 blocks from 0 candidate containers.
2023-04-19 02:32:32,955 [BlockDeletingService#7] INFO  interfaces.ContainerDeletionChoosingPolicyTemplate (ContainerDeletionChoosingPolicyTemplate.java:chooseContainerForBlockDeletion(83)) - Chosen 0/5000 blocks from 0 candidate containers.
2023-04-19 02:32:32,987 [SCMBlockDeletingService#0] DEBUG block.SCMBlockDeletingService (SCMBlockDeletingService.java:shouldRun(251)) - Check scm block delete run: true serviceStatus: RUNNING safemodeExitRunDelayMillis: 3000 alreadyWaitTimeInMillis: 8702
2023-04-19 02:32:32,987 [SCMBlockDeletingService#0] DEBUG block.SCMBlockDeletingService (SCMBlockDeletingService.java:call(154)) - Running DeletedBlockTransactionScanner
2023-04-19 02:32:33,035 [BlockDeletingService#0] INFO  interfaces.ContainerDeletionChoosingPolicyTemplate (ContainerDeletionChoosingPolicyTemplate.java:chooseContainerForBlockDeletion(83)) - Chosen 0/5000 blocks from 0 candidate containers.
2023-04-19 02:32:33,041 [BlockDeletingService#7] INFO  interfaces.ContainerDeletionChoosingPolicyTemplate (ContainerDeletionChoosingPolicyTemplate.java:chooseContainerForBlockDeletion(83)) - Chosen 0/5000 blocks from 0 candidate containers.
2023-04-19 02:32:33,055 [BlockDeletingService#7] INFO  interfaces.ContainerDeletionChoosingPolicyTemplate (ContainerDeletionChoosingPolicyTemplate.java:chooseContainerForBlockDeletion(83)) - Chosen 0/5000 blocks from 0 candidate containers.
2023-04-19 02:32:33,087 [SCMBlockDeletingService#0] DEBUG block.SCMBlockDeletingService (SCMBlockDeletingService.java:shouldRun(251)) - Check scm block delete run: true serviceStatus: RUNNING safemodeExitRunDelayMillis: 3000 alreadyWaitTimeInMillis: 8802
2023-04-19 02:32:33,087 [SCMBlockDeletingService#0] DEBUG block.SCMBlockDeletingService (SCMBlockDeletingService.java:call(154)) - Running DeletedBlockTransactionScanner
2023-04-19 02:32:33,135 [BlockDeletingService#0] INFO  interfaces.ContainerDeletionChoosingPolicyTemplate (ContainerDeletionChoosingPolicyTemplate.java:chooseContainerForBlockDeletion(83)) - Chosen 0/5000 blocks from 0 candidate containers.
2023-04-19 02:32:33,141 [BlockDeletingService#7] INFO  interfaces.ContainerDeletionChoosingPolicyTemplate (ContainerDeletionChoosingPolicyTemplate.java:chooseContainerForBlockDeletion(83)) - Chosen 0/5000 blocks from 0 candidate containers.
2023-04-19 02:32:33,143 [EventQueue-DeleteBlockStatusForDeletedBlockLogImpl] DEBUG block.DeletedBlockLogImpl (DeletedBlockLogImpl.java:isTransactionFailed(314)) - Got block deletion ACK from datanode, TXIDs=1, success=true
2023-04-19 02:32:33,143 [EventQueue-DeleteBlockStatusForDeletedBlockLogImpl] DEBUG block.DeletedBlockLogImpl (DeletedBlockLogImpl.java:commitTransactions(260)) - Transaction txId=1 commit by dnId=209e8f7b-7310-4c05-bc4d-708a2d801edb for containerID=#1 failed. Corresponding entry not found.
2023-04-19 02:32:33,143 [EventQueue-DeleteBlockStatusForDeletedBlockLogImpl] DEBUG block.DeletedBlockLogImpl (DeletedBlockLogImpl.java:isTransactionFailed(314)) - Got block deletion ACK from datanode, TXIDs=2, success=true
2023-04-19 02:32:33,143 [EventQueue-DeleteBlockStatusForDeletedBlockLogImpl] DEBUG block.DeletedBlockLogImpl (DeletedBlockLogImpl.java:commitTransactions(260)) - Transaction txId=2 commit by dnId=209e8f7b-7310-4c05-bc4d-708a2d801edb for containerID=#2 failed. Corresponding entry not found.
2023-04-19 02:32:33,143 [EventQueue-DeleteBlockStatusForDeletedBlockLogImpl] DEBUG block.DeletedBlockLogImpl (DeletedBlockLogImpl.java:isTransactionFailed(314)) - Got block deletion ACK from datanode, TXIDs=3, success=true
2023-04-19 02:32:33,143 [EventQueue-DeleteBlockStatusForDeletedBlockLogImpl] DEBUG block.DeletedBlockLogImpl (DeletedBlockLogImpl.java:commitTransactions(260)) - Transaction txId=3 commit by dnId=209e8f7b-7310-4c05-bc4d-708a2d801edb for containerID=#3 failed. Corresponding entry not found.
2023-04-19 02:32:33,143 [EventQueue-DeleteBlockStatusForDeletedBlockLogImpl] DEBUG block.DeletedBlockLogImpl (DeletedBlockLogImpl.java:isTransactionFailed(314)) - Got block deletion ACK from datanode, TXIDs=4, success=true
2023-04-19 02:32:33,143 [EventQueue-DeleteBlockStatusForDeletedBlockLogImpl] DEBUG block.DeletedBlockLogImpl (DeletedBlockLogImpl.java:commitTransactions(260)) - Transaction txId=4 commit by dnId=209e8f7b-7310-4c05-bc4d-708a2d801edb for containerID=#4 failed. Corresponding entry not found.
2023-04-19 02:32:33,143 [EventQueue-DeleteBlockStatusForDeletedBlockLogImpl] DEBUG block.DeletedBlockLogImpl (DeletedBlockLogImpl.java:isTransactionFailed(314)) - Got block deletion ACK from datanode, TXIDs=5, success=true
2023-04-19 02:32:33,143 [EventQueue-DeleteBlockStatusForDeletedBlockLogImpl] DEBUG block.DeletedBlockLogImpl (DeletedBlockLogImpl.java:commitTransactions(260)) - Transaction txId=5 commit by dnId=209e8f7b-7310-4c05-bc4d-708a2d801edb for containerID=#5 failed. Corresponding entry not found.
2023-04-19 02:32:33,143 [EventQueue-DeleteBlockStatusForDeletedBlockLogImpl] DEBUG block.DeletedBlockLogImpl (DeletedBlockLogImpl.java:isTransactionFailed(314)) - Got block deletion ACK from datanode, TXIDs=6, success=true
2023-04-19 02:32:33,143 [EventQueue-DeleteBlockStatusForDeletedBlockLogImpl] DEBUG block.DeletedBlockLogImpl (DeletedBlockLogImpl.java:commitTransactions(260)) - Transaction txId=6 commit by dnId=209e8f7b-7310-4c05-bc4d-708a2d801edb for containerID=#6 failed. Corresponding entry not found.
2023-04-19 02:32:33,143 [EventQueue-DeleteBlockStatusForDeletedBlockLogImpl] DEBUG block.DeletedBlockLogImpl (DeletedBlockLogImpl.java:isTransactionFailed(314)) - Got block deletion ACK from datanode, TXIDs=7, success=true
2023-04-19 02:32:33,143 [EventQueue-DeleteBlockStatusForDeletedBlockLogImpl] DEBUG block.DeletedBlockLogImpl (DeletedBlockLogImpl.java:commitTransactions(260)) - Transaction txId=7 commit by dnId=209e8f7b-7310-4c05-bc4d-708a2d801edb for containerID=#7 failed. Corresponding entry not found.
2023-04-19 02:32:33,143 [EventQueue-DeleteBlockStatusForDeletedBlockLogImpl] DEBUG block.DeletedBlockLogImpl (DeletedBlockLogImpl.java:isTransactionFailed(314)) - Got block deletion ACK from datanode, TXIDs=8, success=true
2023-04-19 02:32:33,143 [EventQueue-DeleteBlockStatusForDeletedBlockLogImpl] DEBUG block.DeletedBlockLogImpl (DeletedBlockLogImpl.java:commitTransactions(260)) - Transaction txId=8 commit by dnId=209e8f7b-7310-4c05-bc4d-708a2d801edb for containerID=#8 failed. Corresponding entry not found.
2023-04-19 02:32:33,143 [EventQueue-DeleteBlockStatusForDeletedBlockLogImpl] DEBUG block.DeletedBlockLogImpl (DeletedBlockLogImpl.java:isTransactionFailed(314)) - Got block deletion ACK from datanode, TXIDs=9, success=true
2023-04-19 02:32:33,143 [EventQueue-DeleteBlockStatusForDeletedBlockLogImpl] DEBUG block.DeletedBlockLogImpl (DeletedBlockLogImpl.java:commitTransactions(260)) - Transaction txId=9 commit by dnId=209e8f7b-7310-4c05-bc4d-708a2d801edb for containerID=#9 failed. Corresponding entry not found.
2023-04-19 02:32:33,143 [EventQueue-DeleteBlockStatusForDeletedBlockLogImpl] DEBUG block.DeletedBlockLogImpl (DeletedBlockLogImpl.java:isTransactionFailed(314)) - Got block deletion ACK from datanode, TXIDs=10, success=true
2023-04-19 02:32:33,143 [EventQueue-DeleteBlockStatusForDeletedBlockLogImpl] DEBUG block.DeletedBlockLogImpl (DeletedBlockLogImpl.java:commitTransactions(260)) - Transaction txId=10 commit by dnId=209e8f7b-7310-4c05-bc4d-708a2d801edb for containerID=#10 failed. Corresponding entry not found.
2023-04-19 02:32:33,143 [EventQueue-DeleteBlockStatusForDeletedBlockLogImpl] DEBUG block.DeletedBlockLogImpl (DeletedBlockLogImpl.java:isTransactionFailed(314)) - Got block deletion ACK from datanode, TXIDs=1, success=true
2023-04-19 02:32:33,143 [EventQueue-DeleteBlockStatusForDeletedBlockLogImpl] DEBUG block.DeletedBlockLogImpl (DeletedBlockLogImpl.java:commitTransactions(260)) - Transaction txId=1 commit by dnId=209e8f7b-7310-4c05-bc4d-708a2d801edb for containerID=#1 failed. Corresponding entry not found.
2023-04-19 02:32:33,143 [EventQueue-DeleteBlockStatusForDeletedBlockLogImpl] DEBUG block.DeletedBlockLogImpl (DeletedBlockLogImpl.java:isTransactionFailed(314)) - Got block deletion ACK from datanode, TXIDs=2, success=true
2023-04-19 02:32:33,143 [EventQueue-DeleteBlockStatusForDeletedBlockLogImpl] DEBUG block.DeletedBlockLogImpl (DeletedBlockLogImpl.java:commitTransactions(260)) - Transaction txId=2 commit by dnId=209e8f7b-7310-4c05-bc4d-708a2d801edb for containerID=#2 failed. Corresponding entry not found.
2023-04-19 02:32:33,144 [EventQueue-DeleteBlockStatusForDeletedBlockLogImpl] DEBUG block.DeletedBlockLogImpl (DeletedBlockLogImpl.java:isTransactionFailed(314)) - Got block deletion ACK from datanode, TXIDs=3, success=true
2023-04-19 02:32:33,144 [EventQueue-DeleteBlockStatusForDeletedBlockLogImpl] DEBUG block.DeletedBlockLogImpl (DeletedBlockLogImpl.java:commitTransactions(260)) - Transaction txId=3 commit by dnId=209e8f7b-7310-4c05-bc4d-708a2d801edb for containerID=#3 failed. Corresponding entry not found.
2023-04-19 02:32:33,144 [EventQueue-DeleteBlockStatusForDeletedBlockLogImpl] DEBUG block.DeletedBlockLogImpl (DeletedBlockLogImpl.java:isTransactionFailed(314)) - Got block deletion ACK from datanode, TXIDs=4, success=true
2023-04-19 02:32:33,144 [EventQueue-DeleteBlockStatusForDeletedBlockLogImpl] DEBUG block.DeletedBlockLogImpl (DeletedBlockLogImpl.java:commitTransactions(260)) - Transaction txId=4 commit by dnId=209e8f7b-7310-4c05-bc4d-708a2d801edb for containerID=#4 failed. Corresponding entry not found.
2023-04-19 02:32:33,144 [EventQueue-DeleteBlockStatusForDeletedBlockLogImpl] DEBUG block.DeletedBlockLogImpl (DeletedBlockLogImpl.java:isTransactionFailed(314)) - Got block deletion ACK from datanode, TXIDs=5, success=true
2023-04-19 02:32:33,144 [EventQueue-DeleteBlockStatusForDeletedBlockLogImpl] DEBUG block.DeletedBlockLogImpl (DeletedBlockLogImpl.java:commitTransactions(260)) - Transaction txId=5 commit by dnId=209e8f7b-7310-4c05-bc4d-708a2d801edb for containerID=#5 failed. Corresponding entry not found.
2023-04-19 02:32:33,144 [EventQueue-DeleteBlockStatusForDeletedBlockLogImpl] DEBUG block.DeletedBlockLogImpl (DeletedBlockLogImpl.java:isTransactionFailed(314)) - Got block deletion ACK from datanode, TXIDs=6, success=true
2023-04-19 02:32:33,144 [EventQueue-DeleteBlockStatusForDeletedBlockLogImpl] DEBUG block.DeletedBlockLogImpl (DeletedBlockLogImpl.java:commitTransactions(260)) - Transaction txId=6 commit by dnId=209e8f7b-7310-4c05-bc4d-708a2d801edb for containerID=#6 failed. Corresponding entry not found.
2023-04-19 02:32:33,144 [EventQueue-DeleteBlockStatusForDeletedBlockLogImpl] DEBUG block.DeletedBlockLogImpl (DeletedBlockLogImpl.java:isTransactionFailed(314)) - Got block deletion ACK from datanode, TXIDs=7, success=true
2023-04-19 02:32:33,144 [EventQueue-DeleteBlockStatusForDeletedBlockLogImpl] DEBUG block.DeletedBlockLogImpl (DeletedBlockLogImpl.java:commitTransactions(260)) - Transaction txId=7 commit by dnId=209e8f7b-7310-4c05-bc4d-708a2d801edb for containerID=#7 failed. Corresponding entry not found.
2023-04-19 02:32:33,144 [EventQueue-DeleteBlockStatusForDeletedBlockLogImpl] DEBUG block.DeletedBlockLogImpl (DeletedBlockLogImpl.java:isTransactionFailed(314)) - Got block deletion ACK from datanode, TXIDs=8, success=true
2023-04-19 02:32:33,144 [EventQueue-DeleteBlockStatusForDeletedBlockLogImpl] DEBUG block.DeletedBlockLogImpl (DeletedBlockLogImpl.java:commitTransactions(260)) - Transaction txId=8 commit by dnId=209e8f7b-7310-4c05-bc4d-708a2d801edb for containerID=#8 failed. Corresponding entry not found.
2023-04-19 02:32:33,144 [EventQueue-DeleteBlockStatusForDeletedBlockLogImpl] DEBUG block.DeletedBlockLogImpl (DeletedBlockLogImpl.java:isTransactionFailed(314)) - Got block deletion ACK from datanode, TXIDs=9, success=true
2023-04-19 02:32:33,144 [EventQueue-DeleteBlockStatusForDeletedBlockLogImpl] DEBUG block.DeletedBlockLogImpl (DeletedBlockLogImpl.java:commitTransactions(260)) - Transaction txId=9 commit by dnId=209e8f7b-7310-4c05-bc4d-708a2d801edb for containerID=#9 failed. Corresponding entry not found.
2023-04-19 02:32:33,144 [EventQueue-DeleteBlockStatusForDeletedBlockLogImpl] DEBUG block.DeletedBlockLogImpl (DeletedBlockLogImpl.java:isTransactionFailed(314)) - Got block deletion ACK from datanode, TXIDs=10, success=true
2023-04-19 02:32:33,144 [EventQueue-DeleteBlockStatusForDeletedBlockLogImpl] DEBUG block.DeletedBlockLogImpl (DeletedBlockLogImpl.java:commitTransactions(260)) - Transaction txId=10 commit by dnId=209e8f7b-7310-4c05-bc4d-708a2d801edb for containerID=#10 failed. Corresponding entry not found.
2023-04-19 02:32:33,144 [EventQueue-DeleteBlockStatusForDeletedBlockLogImpl] DEBUG block.DeletedBlockLogImpl (DeletedBlockLogImpl.java:isTransactionFailed(314)) - Got block deletion ACK from datanode, TXIDs=1, success=true
2023-04-19 02:32:33,144 [EventQueue-DeleteBlockStatusForDeletedBlockLogImpl] DEBUG block.DeletedBlockLogImpl (DeletedBlockLogImpl.java:commitTransactions(260)) - Transaction txId=1 commit by dnId=209e8f7b-7310-4c05-bc4d-708a2d801edb for containerID=#1 failed. Corresponding entry not found.
2023-04-19 02:32:33,144 [EventQueue-DeleteBlockStatusForDeletedBlockLogImpl] DEBUG block.DeletedBlockLogImpl (DeletedBlockLogImpl.java:isTransactionFailed(314)) - Got block deletion ACK from datanode, TXIDs=2, success=true
2023-04-19 02:32:33,144 [EventQueue-DeleteBlockStatusForDeletedBlockLogImpl] DEBUG block.DeletedBlockLogImpl (DeletedBlockLogImpl.java:commitTransactions(260)) - Transaction txId=2 commit by dnId=209e8f7b-7310-4c05-bc4d-708a2d801edb for containerID=#2 failed. Corresponding entry not found.
2023-04-19 02:32:33,144 [EventQueue-DeleteBlockStatusForDeletedBlockLogImpl] DEBUG block.DeletedBlockLogImpl (DeletedBlockLogImpl.java:isTransactionFailed(314)) - Got block deletion ACK from datanode, TXIDs=3, success=true
2023-04-19 02:32:33,144 [EventQueue-DeleteBlockStatusForDeletedBlockLogImpl] DEBUG block.DeletedBlockLogImpl (DeletedBlockLogImpl.java:commitTransactions(260)) - Transaction txId=3 commit by dnId=209e8f7b-7310-4c05-bc4d-708a2d801edb for containerID=#3 failed. Corresponding entry not found.
2023-04-19 02:32:33,144 [EventQueue-DeleteBlockStatusForDeletedBlockLogImpl] DEBUG block.DeletedBlockLogImpl (DeletedBlockLogImpl.java:isTransactionFailed(314)) - Got block deletion ACK from datanode, TXIDs=4, success=true
2023-04-19 02:32:33,144 [EventQueue-DeleteBlockStatusForDeletedBlockLogImpl] DEBUG block.DeletedBlockLogImpl (DeletedBlockLogImpl.java:commitTransactions(260)) - Transaction txId=4 commit by dnId=209e8f7b-7310-4c05-bc4d-708a2d801edb for containerID=#4 failed. Corresponding entry not found.
2023-04-19 02:32:33,144 [EventQueue-DeleteBlockStatusForDeletedBlockLogImpl] DEBUG block.DeletedBlockLogImpl (DeletedBlockLogImpl.java:isTransactionFailed(314)) - Got block deletion ACK from datanode, TXIDs=5, success=true
2023-04-19 02:32:33,144 [EventQueue-DeleteBlockStatusForDeletedBlockLogImpl] DEBUG block.DeletedBlockLogImpl (DeletedBlockLogImpl.java:commitTransactions(260)) - Transaction txId=5 commit by dnId=209e8f7b-7310-4c05-bc4d-708a2d801edb for containerID=#5 failed. Corresponding entry not found.
2023-04-19 02:32:33,144 [EventQueue-DeleteBlockStatusForDeletedBlockLogImpl] DEBUG block.DeletedBlockLogImpl (DeletedBlockLogImpl.java:isTransactionFailed(314)) - Got block deletion ACK from datanode, TXIDs=6, success=true
2023-04-19 02:32:33,144 [EventQueue-DeleteBlockStatusForDeletedBlockLogImpl] DEBUG block.DeletedBlockLogImpl (DeletedBlockLogImpl.java:commitTransactions(260)) - Transaction txId=6 commit by dnId=209e8f7b-7310-4c05-bc4d-708a2d801edb for containerID=#6 failed. Corresponding entry not found.
2023-04-19 02:32:33,144 [EventQueue-DeleteBlockStatusForDeletedBlockLogImpl] DEBUG block.DeletedBlockLogImpl (DeletedBlockLogImpl.java:isTransactionFailed(314)) - Got block deletion ACK from datanode, TXIDs=7, success=true
2023-04-19 02:32:33,144 [EventQueue-DeleteBlockStatusForDeletedBlockLogImpl] DEBUG block.DeletedBlockLogImpl (DeletedBlockLogImpl.java:commitTransactions(260)) - Transaction txId=7 commit by dnId=209e8f7b-7310-4c05-bc4d-708a2d801edb for containerID=#7 failed. Corresponding entry not found.
2023-04-19 02:32:33,144 [EventQueue-DeleteBlockStatusForDeletedBlockLogImpl] DEBUG block.DeletedBlockLogImpl (DeletedBlockLogImpl.java:isTransactionFailed(314)) - Got block deletion ACK from datanode, TXIDs=8, success=true
2023-04-19 02:32:33,144 [EventQueue-DeleteBlockStatusForDeletedBlockLogImpl] DEBUG block.DeletedBlockLogImpl (DeletedBlockLogImpl.java:commitTransactions(260)) - Transaction txId=8 commit by dnId=209e8f7b-7310-4c05-bc4d-708a2d801edb for containerID=#8 failed. Corresponding entry not found.
2023-04-19 02:32:33,144 [EventQueue-DeleteBlockStatusForDeletedBlockLogImpl] DEBUG block.DeletedBlockLogImpl (DeletedBlockLogImpl.java:isTransactionFailed(314)) - Got block deletion ACK from datanode, TXIDs=9, success=true
2023-04-19 02:32:33,144 [EventQueue-DeleteBlockStatusForDeletedBlockLogImpl] DEBUG block.DeletedBlockLogImpl (DeletedBlockLogImpl.java:commitTransactions(260)) - Transaction txId=9 commit by dnId=209e8f7b-7310-4c05-bc4d-708a2d801edb for containerID=#9 failed. Corresponding entry not found.
2023-04-19 02:32:33,144 [EventQueue-DeleteBlockStatusForDeletedBlockLogImpl] DEBUG block.DeletedBlockLogImpl (DeletedBlockLogImpl.java:isTransactionFailed(314)) - Got block deletion ACK from datanode, TXIDs=10, success=true
2023-04-19 02:32:33,144 [EventQueue-DeleteBlockStatusForDeletedBlockLogImpl] DEBUG block.DeletedBlockLogImpl (DeletedBlockLogImpl.java:commitTransactions(260)) - Transaction txId=10 commit by dnId=209e8f7b-7310-4c05-bc4d-708a2d801edb for containerID=#10 failed. Corresponding entry not found.
2023-04-19 02:32:33,144 [EventQueue-DeleteBlockStatusForDeletedBlockLogImpl] DEBUG block.DeletedBlockLogImpl (DeletedBlockLogImpl.java:isTransactionFailed(314)) - Got block deletion ACK from datanode, TXIDs=1, success=true
2023-04-19 02:32:33,145 [EventQueue-DeleteBlockStatusForDeletedBlockLogImpl] DEBUG block.DeletedBlockLogImpl (DeletedBlockLogImpl.java:commitTransactions(260)) - Transaction txId=1 commit by dnId=209e8f7b-7310-4c05-bc4d-708a2d801edb for containerID=#1 failed. Corresponding entry not found.
2023-04-19 02:32:33,145 [EventQueue-DeleteBlockStatusForDeletedBlockLogImpl] DEBUG block.DeletedBlockLogImpl (DeletedBlockLogImpl.java:isTransactionFailed(314)) - Got block deletion ACK from datanode, TXIDs=2, success=true
2023-04-19 02:32:33,145 [EventQueue-DeleteBlockStatusForDeletedBlockLogImpl] DEBUG block.DeletedBlockLogImpl (DeletedBlockLogImpl.java:commitTransactions(260)) - Transaction txId=2 commit by dnId=209e8f7b-7310-4c05-bc4d-708a2d801edb for containerID=#2 failed. Corresponding entry not found.
2023-04-19 02:32:33,145 [EventQueue-DeleteBlockStatusForDeletedBlockLogImpl] DEBUG block.DeletedBlockLogImpl (DeletedBlockLogImpl.java:isTransactionFailed(314)) - Got block deletion ACK from datanode, TXIDs=3, success=true
2023-04-19 02:32:33,145 [EventQueue-DeleteBlockStatusForDeletedBlockLogImpl] DEBUG block.DeletedBlockLogImpl (DeletedBlockLogImpl.java:commitTransactions(260)) - Transaction txId=3 commit by dnId=209e8f7b-7310-4c05-bc4d-708a2d801edb for containerID=#3 failed. Corresponding entry not found.
2023-04-19 02:32:33,145 [EventQueue-DeleteBlockStatusForDeletedBlockLogImpl] DEBUG block.DeletedBlockLogImpl (DeletedBlockLogImpl.java:isTransactionFailed(314)) - Got block deletion ACK from datanode, TXIDs=4, success=true
2023-04-19 02:32:33,145 [EventQueue-DeleteBlockStatusForDeletedBlockLogImpl] DEBUG block.DeletedBlockLogImpl (DeletedBlockLogImpl.java:commitTransactions(260)) - Transaction txId=4 commit by dnId=209e8f7b-7310-4c05-bc4d-708a2d801edb for containerID=#4 failed. Corresponding entry not found.
2023-04-19 02:32:33,145 [EventQueue-DeleteBlockStatusForDeletedBlockLogImpl] DEBUG block.DeletedBlockLogImpl (DeletedBlockLogImpl.java:isTransactionFailed(314)) - Got block deletion ACK from datanode, TXIDs=5, success=true
2023-04-19 02:32:33,145 [EventQueue-DeleteBlockStatusForDeletedBlockLogImpl] DEBUG block.DeletedBlockLogImpl (DeletedBlockLogImpl.java:commitTransactions(260)) - Transaction txId=5 commit by dnId=209e8f7b-7310-4c05-bc4d-708a2d801edb for containerID=#5 failed. Corresponding entry not found.
2023-04-19 02:32:33,145 [EventQueue-DeleteBlockStatusForDeletedBlockLogImpl] DEBUG block.DeletedBlockLogImpl (DeletedBlockLogImpl.java:isTransactionFailed(314)) - Got block deletion ACK from datanode, TXIDs=6, success=true
2023-04-19 02:32:33,145 [EventQueue-DeleteBlockStatusForDeletedBlockLogImpl] DEBUG block.DeletedBlockLogImpl (DeletedBlockLogImpl.java:commitTransactions(260)) - Transaction txId=6 commit by dnId=209e8f7b-7310-4c05-bc4d-708a2d801edb for containerID=#6 failed. Corresponding entry not found.
2023-04-19 02:32:33,145 [EventQueue-DeleteBlockStatusForDeletedBlockLogImpl] DEBUG block.DeletedBlockLogImpl (DeletedBlockLogImpl.java:isTransactionFailed(314)) - Got block deletion ACK from datanode, TXIDs=7, success=true
2023-04-19 02:32:33,145 [EventQueue-DeleteBlockStatusForDeletedBlockLogImpl] DEBUG block.DeletedBlockLogImpl (DeletedBlockLogImpl.java:commitTransactions(260)) - Transaction txId=7 commit by dnId=209e8f7b-7310-4c05-bc4d-708a2d801edb for containerID=#7 failed. Corresponding entry not found.
2023-04-19 02:32:33,145 [EventQueue-DeleteBlockStatusForDeletedBlockLogImpl] DEBUG block.DeletedBlockLogImpl (DeletedBlockLogImpl.java:isTransactionFailed(314)) - Got block deletion ACK from datanode, TXIDs=8, success=true
2023-04-19 02:32:33,145 [EventQueue-DeleteBlockStatusForDeletedBlockLogImpl] DEBUG block.DeletedBlockLogImpl (DeletedBlockLogImpl.java:commitTransactions(260)) - Transaction txId=8 commit by dnId=209e8f7b-7310-4c05-bc4d-708a2d801edb for containerID=#8 failed. Corresponding entry not found.
2023-04-19 02:32:33,145 [EventQueue-DeleteBlockStatusForDeletedBlockLogImpl] DEBUG block.DeletedBlockLogImpl (DeletedBlockLogImpl.java:isTransactionFailed(314)) - Got block deletion ACK from datanode, TXIDs=9, success=true
2023-04-19 02:32:33,147 [EventQueue-DeleteBlockStatusForDeletedBlockLogImpl] DEBUG block.DeletedBlockLogImpl (DeletedBlockLogImpl.java:commitTransactions(260)) - Transaction txId=9 commit by dnId=209e8f7b-7310-4c05-bc4d-708a2d801edb for containerID=#9 failed. Corresponding entry not found.
2023-04-19 02:32:33,147 [EventQueue-DeleteBlockStatusForDeletedBlockLogImpl] DEBUG block.DeletedBlockLogImpl (DeletedBlockLogImpl.java:isTransactionFailed(314)) - Got block deletion ACK from datanode, TXIDs=10, success=true
2023-04-19 02:32:33,147 [EventQueue-DeleteBlockStatusForDeletedBlockLogImpl] DEBUG block.DeletedBlockLogImpl (DeletedBlockLogImpl.java:commitTransactions(260)) - Transaction txId=10 commit by dnId=209e8f7b-7310-4c05-bc4d-708a2d801edb for containerID=#10 failed. Corresponding entry not found.
2023-04-19 02:32:33,156 [BlockDeletingService#7] INFO  interfaces.ContainerDeletionChoosingPolicyTemplate (ContainerDeletionChoosingPolicyTemplate.java:chooseContainerForBlockDeletion(83)) - Chosen 0/5000 blocks from 0 candidate containers.
2023-04-19 02:32:33,187 [SCMBlockDeletingService#0] DEBUG block.SCMBlockDeletingService (SCMBlockDeletingService.java:shouldRun(251)) - Check scm block delete run: true serviceStatus: RUNNING safemodeExitRunDelayMillis: 3000 alreadyWaitTimeInMillis: 8902
2023-04-19 02:32:33,187 [SCMBlockDeletingService#0] DEBUG block.SCMBlockDeletingService (SCMBlockDeletingService.java:call(154)) - Running DeletedBlockTransactionScanner
2023-04-19 02:32:33,235 [BlockDeletingService#0] INFO  interfaces.ContainerDeletionChoosingPolicyTemplate (ContainerDeletionChoosingPolicyTemplate.java:chooseContainerForBlockDeletion(83)) - Chosen 0/5000 blocks from 0 candidate containers.
2023-04-19 02:32:33,241 [BlockDeletingService#7] INFO  interfaces.ContainerDeletionChoosingPolicyTemplate (ContainerDeletionChoosingPolicyTemplate.java:chooseContainerForBlockDeletion(83)) - Chosen 0/5000 blocks from 0 candidate containers.
2023-04-19 02:32:33,256 [BlockDeletingService#7] INFO  interfaces.ContainerDeletionChoosingPolicyTemplate (ContainerDeletionChoosingPolicyTemplate.java:chooseContainerForBlockDeletion(83)) - Chosen 0/5000 blocks from 0 candidate containers.
2023-04-19 02:32:33,287 [SCMBlockDeletingService#0] DEBUG block.SCMBlockDeletingService (SCMBlockDeletingService.java:shouldRun(251)) - Check scm block delete run: true serviceStatus: RUNNING safemodeExitRunDelayMillis: 3000 alreadyWaitTimeInMillis: 9002
2023-04-19 02:32:33,287 [SCMBlockDeletingService#0] DEBUG block.SCMBlockDeletingService (SCMBlockDeletingService.java:call(154)) - Running DeletedBlockTransactionScanner
2023-04-19 02:32:33,336 [BlockDeletingService#0] INFO  interfaces.ContainerDeletionChoosingPolicyTemplate (ContainerDeletionChoosingPolicyTemplate.java:chooseContainerForBlockDeletion(83)) - Chosen 0/5000 blocks from 0 candidate containers.
2023-04-19 02:32:33,342 [BlockDeletingService#7] INFO  interfaces.ContainerDeletionChoosingPolicyTemplate (ContainerDeletionChoosingPolicyTemplate.java:chooseContainerForBlockDeletion(83)) - Chosen 0/5000 blocks from 0 candidate containers.
2023-04-19 02:32:33,356 [BlockDeletingService#7] INFO  interfaces.ContainerDeletionChoosingPolicyTemplate (ContainerDeletionChoosingPolicyTemplate.java:chooseContainerForBlockDeletion(83)) - Chosen 0/5000 blocks from 0 candidate containers.
2023-04-19 02:32:33,387 [SCMBlockDeletingService#0] DEBUG block.SCMBlockDeletingService (SCMBlockDeletingService.java:shouldRun(251)) - Check scm block delete run: true serviceStatus: RUNNING safemodeExitRunDelayMillis: 3000 alreadyWaitTimeInMillis: 9102
2023-04-19 02:32:33,387 [SCMBlockDeletingService#0] DEBUG block.SCMBlockDeletingService (SCMBlockDeletingService.java:call(154)) - Running DeletedBlockTransactionScanner
2023-04-19 02:32:33,436 [BlockDeletingService#0] INFO  interfaces.ContainerDeletionChoosingPolicyTemplate (ContainerDeletionChoosingPolicyTemplate.java:chooseContainerForBlockDeletion(83)) - Chosen 0/5000 blocks from 0 candidate containers.
2023-04-19 02:32:33,442 [BlockDeletingService#7] INFO  interfaces.ContainerDeletionChoosingPolicyTemplate (ContainerDeletionChoosingPolicyTemplate.java:chooseContainerForBlockDeletion(83)) - Chosen 0/5000 blocks from 0 candidate containers.
2023-04-19 02:32:33,456 [BlockDeletingService#7] INFO  interfaces.ContainerDeletionChoosingPolicyTemplate (ContainerDeletionChoosingPolicyTemplate.java:chooseContainerForBlockDeletion(83)) - Chosen 0/5000 blocks from 0 candidate containers.
2023-04-19 02:32:33,487 [SCMBlockDeletingService#0] DEBUG block.SCMBlockDeletingService (SCMBlockDeletingService.java:shouldRun(251)) - Check scm block delete run: true serviceStatus: RUNNING safemodeExitRunDelayMillis: 3000 alreadyWaitTimeInMillis: 9202
2023-04-19 02:32:33,488 [SCMBlockDeletingService#0] DEBUG block.SCMBlockDeletingService (SCMBlockDeletingService.java:call(154)) - Running DeletedBlockTransactionScanner
2023-04-19 02:32:33,536 [BlockDeletingService#0] INFO  interfaces.ContainerDeletionChoosingPolicyTemplate (ContainerDeletionChoosingPolicyTemplate.java:chooseContainerForBlockDeletion(83)) - Chosen 0/5000 blocks from 0 candidate containers.
2023-04-19 02:32:33,542 [BlockDeletingService#7] INFO  interfaces.ContainerDeletionChoosingPolicyTemplate (ContainerDeletionChoosingPolicyTemplate.java:chooseContainerForBlockDeletion(83)) - Chosen 0/5000 blocks from 0 candidate containers.
2023-04-19 02:32:33,556 [BlockDeletingService#7] INFO  interfaces.ContainerDeletionChoosingPolicyTemplate (ContainerDeletionChoosingPolicyTemplate.java:chooseContainerForBlockDeletion(83)) - Chosen 0/5000 blocks from 0 candidate containers.
2023-04-19 02:32:33,587 [SCMBlockDeletingService#0] DEBUG block.SCMBlockDeletingService (SCMBlockDeletingService.java:shouldRun(251)) - Check scm block delete run: true serviceStatus: RUNNING safemodeExitRunDelayMillis: 3000 alreadyWaitTimeInMillis: 9302
2023-04-19 02:32:33,588 [SCMBlockDeletingService#0] DEBUG block.SCMBlockDeletingService (SCMBlockDeletingService.java:call(154)) - Running DeletedBlockTransactionScanner
2023-04-19 02:32:33,636 [BlockDeletingService#0] INFO  interfaces.ContainerDeletionChoosingPolicyTemplate (ContainerDeletionChoosingPolicyTemplate.java:chooseContainerForBlockDeletion(83)) - Chosen 0/5000 blocks from 0 candidate containers.
2023-04-19 02:32:33,643 [BlockDeletingService#7] INFO  interfaces.ContainerDeletionChoosingPolicyTemplate (ContainerDeletionChoosingPolicyTemplate.java:chooseContainerForBlockDeletion(83)) - Chosen 0/5000 blocks from 0 candidate containers.
2023-04-19 02:32:33,657 [BlockDeletingService#7] INFO  interfaces.ContainerDeletionChoosingPolicyTemplate (ContainerDeletionChoosingPolicyTemplate.java:chooseContainerForBlockDeletion(83)) - Chosen 0/5000 blocks from 0 candidate containers.
2023-04-19 02:32:33,687 [SCMBlockDeletingService#0] DEBUG block.SCMBlockDeletingService (SCMBlockDeletingService.java:shouldRun(251)) - Check scm block delete run: true serviceStatus: RUNNING safemodeExitRunDelayMillis: 3000 alreadyWaitTimeInMillis: 9402
2023-04-19 02:32:33,688 [SCMBlockDeletingService#0] DEBUG block.SCMBlockDeletingService (SCMBlockDeletingService.java:call(154)) - Running DeletedBlockTransactionScanner
2023-04-19 02:32:33,737 [BlockDeletingService#0] INFO  interfaces.ContainerDeletionChoosingPolicyTemplate (ContainerDeletionChoosingPolicyTemplate.java:chooseContainerForBlockDeletion(83)) - Chosen 0/5000 blocks from 0 candidate containers.
2023-04-19 02:32:33,743 [BlockDeletingService#7] INFO  interfaces.ContainerDeletionChoosingPolicyTemplate (ContainerDeletionChoosingPolicyTemplate.java:chooseContainerForBlockDeletion(83)) - Chosen 0/5000 blocks from 0 candidate containers.
2023-04-19 02:32:33,757 [BlockDeletingService#7] INFO  interfaces.ContainerDeletionChoosingPolicyTemplate (ContainerDeletionChoosingPolicyTemplate.java:chooseContainerForBlockDeletion(83)) - Chosen 0/5000 blocks from 0 candidate containers.
2023-04-19 02:32:33,788 [SCMBlockDeletingService#0] DEBUG block.SCMBlockDeletingService (SCMBlockDeletingService.java:shouldRun(251)) - Check scm block delete run: true serviceStatus: RUNNING safemodeExitRunDelayMillis: 3000 alreadyWaitTimeInMillis: 9503
2023-04-19 02:32:33,788 [SCMBlockDeletingService#0] DEBUG block.SCMBlockDeletingService (SCMBlockDeletingService.java:call(154)) - Running DeletedBlockTransactionScanner
2023-04-19 02:32:33,837 [BlockDeletingService#0] INFO  interfaces.ContainerDeletionChoosingPolicyTemplate (ContainerDeletionChoosingPolicyTemplate.java:chooseContainerForBlockDeletion(83)) - Chosen 0/5000 blocks from 0 candidate containers.
2023-04-19 02:32:33,843 [BlockDeletingService#7] INFO  interfaces.ContainerDeletionChoosingPolicyTemplate (ContainerDeletionChoosingPolicyTemplate.java:chooseContainerForBlockDeletion(83)) - Chosen 0/5000 blocks from 0 candidate containers.
2023-04-19 02:32:33,857 [BlockDeletingService#7] INFO  interfaces.ContainerDeletionChoosingPolicyTemplate (ContainerDeletionChoosingPolicyTemplate.java:chooseContainerForBlockDeletion(83)) - Chosen 0/5000 blocks from 0 candidate containers.
2023-04-19 02:32:33,888 [SCMBlockDeletingService#0] DEBUG block.SCMBlockDeletingService (SCMBlockDeletingService.java:shouldRun(251)) - Check scm block delete run: true serviceStatus: RUNNING safemodeExitRunDelayMillis: 3000 alreadyWaitTimeInMillis: 9603
2023-04-19 02:32:33,888 [SCMBlockDeletingService#0] DEBUG block.SCMBlockDeletingService (SCMBlockDeletingService.java:call(154)) - Running DeletedBlockTransactionScanner
2023-04-19 02:32:33,937 [BlockDeletingService#0] INFO  interfaces.ContainerDeletionChoosingPolicyTemplate (ContainerDeletionChoosingPolicyTemplate.java:chooseContainerForBlockDeletion(83)) - Chosen 0/5000 blocks from 0 candidate containers.
2023-04-19 02:32:33,943 [BlockDeletingService#7] INFO  interfaces.ContainerDeletionChoosingPolicyTemplate (ContainerDeletionChoosingPolicyTemplate.java:chooseContainerForBlockDeletion(83)) - Chosen 0/5000 blocks from 0 candidate containers.
2023-04-19 02:32:33,957 [BlockDeletingService#7] INFO  interfaces.ContainerDeletionChoosingPolicyTemplate (ContainerDeletionChoosingPolicyTemplate.java:chooseContainerForBlockDeletion(83)) - Chosen 0/5000 blocks from 0 candidate containers.
2023-04-19 02:32:33,988 [SCMBlockDeletingService#0] DEBUG block.SCMBlockDeletingService (SCMBlockDeletingService.java:shouldRun(251)) - Check scm block delete run: true serviceStatus: RUNNING safemodeExitRunDelayMillis: 3000 alreadyWaitTimeInMillis: 9703
2023-04-19 02:32:33,988 [SCMBlockDeletingService#0] DEBUG block.SCMBlockDeletingService (SCMBlockDeletingService.java:call(154)) - Running DeletedBlockTransactionScanner
2023-04-19 02:32:34,037 [BlockDeletingService#0] INFO  interfaces.ContainerDeletionChoosingPolicyTemplate (ContainerDeletionChoosingPolicyTemplate.java:chooseContainerForBlockDeletion(83)) - Chosen 0/5000 blocks from 0 candidate containers.
2023-04-19 02:32:34,043 [BlockDeletingService#7] INFO  interfaces.ContainerDeletionChoosingPolicyTemplate (ContainerDeletionChoosingPolicyTemplate.java:chooseContainerForBlockDeletion(83)) - Chosen 0/5000 blocks from 0 candidate containers.
2023-04-19 02:32:34,057 [BlockDeletingService#7] INFO  interfaces.ContainerDeletionChoosingPolicyTemplate (ContainerDeletionChoosingPolicyTemplate.java:chooseContainerForBlockDeletion(83)) - Chosen 0/5000 blocks from 0 candidate containers.
2023-04-19 02:32:34,088 [SCMBlockDeletingService#0] DEBUG block.SCMBlockDeletingService (SCMBlockDeletingService.java:shouldRun(251)) - Check scm block delete run: true serviceStatus: RUNNING safemodeExitRunDelayMillis: 3000 alreadyWaitTimeInMillis: 9803
2023-04-19 02:32:34,088 [SCMBlockDeletingService#0] DEBUG block.SCMBlockDeletingService (SCMBlockDeletingService.java:call(154)) - Running DeletedBlockTransactionScanner
2023-04-19 02:32:34,138 [BlockDeletingService#0] INFO  interfaces.ContainerDeletionChoosingPolicyTemplate (ContainerDeletionChoosingPolicyTemplate.java:chooseContainerForBlockDeletion(83)) - Chosen 0/5000 blocks from 0 candidate containers.
2023-04-19 02:32:34,143 [BlockDeletingService#7] INFO  interfaces.ContainerDeletionChoosingPolicyTemplate (ContainerDeletionChoosingPolicyTemplate.java:chooseContainerForBlockDeletion(83)) - Chosen 0/5000 blocks from 0 candidate containers.
2023-04-19 02:32:34,157 [BlockDeletingService#7] INFO  interfaces.ContainerDeletionChoosingPolicyTemplate (ContainerDeletionChoosingPolicyTemplate.java:chooseContainerForBlockDeletion(83)) - Chosen 0/5000 blocks from 0 candidate containers.
2023-04-19 02:32:34,188 [SCMBlockDeletingService#0] DEBUG block.SCMBlockDeletingService (SCMBlockDeletingService.java:shouldRun(251)) - Check scm block delete run: true serviceStatus: RUNNING safemodeExitRunDelayMillis: 3000 alreadyWaitTimeInMillis: 9903
2023-04-19 02:32:34,188 [SCMBlockDeletingService#0] DEBUG block.SCMBlockDeletingService (SCMBlockDeletingService.java:call(154)) - Running DeletedBlockTransactionScanner
2023-04-19 02:32:34,200 [Listener at 127.0.0.1/42295] INFO  volume.HddsVolume (HddsVolume.java:closeDbStore(437)) - SchemaV3 db is stopped at /home/runner/work/ozone/ozone/hadoop-ozone/integration-test/target/test-dir/MiniOzoneClusterImpl-4a8f3de1-6dc7-4495-8b56-1623617bdc2e/datanode-1/data-0/containers/hdds/4a8f3de1-6dc7-4495-8b56-1623617bdc2e/DS-5b966e49-b0b4-4cfc-8df7-95f047ea5d02/container.db for volume DS-5b966e49-b0b4-4cfc-8df7-95f047ea5d02
2023-04-19 02:32:34,201 [Listener at 127.0.0.1/42295] INFO  utils.BackgroundService (BackgroundService.java:shutdown(141)) - Shutting down service BlockDeletingService
2023-04-19 02:32:34,203 [Listener at 127.0.0.1/42295] INFO  utils.BackgroundService (BackgroundService.java:shutdown(141)) - Shutting down service StaleRecoveringContainerScrubbingService
2023-04-19 02:32:34,209 [ForkJoinPool.commonPool-worker-1] INFO  volume.HddsVolume (HddsVolume.java:closeDbStore(437)) - SchemaV3 db is stopped at /home/runner/work/ozone/ozone/hadoop-ozone/integration-test/target/test-dir/MiniOzoneClusterImpl-4a8f3de1-6dc7-4495-8b56-1623617bdc2e/datanode-0/data-0/containers/hdds/4a8f3de1-6dc7-4495-8b56-1623617bdc2e/DS-e92031bf-28cd-405a-9c69-77b434f644a8/container.db for volume DS-e92031bf-28cd-405a-9c69-77b434f644a8
2023-04-19 02:32:34,210 [ForkJoinPool.commonPool-worker-1] INFO  utils.BackgroundService (BackgroundService.java:shutdown(141)) - Shutting down service BlockDeletingService
2023-04-19 02:32:34,210 [Listener at 127.0.0.1/42295] INFO  statemachine.DatanodeStateMachine (DatanodeStateMachine.java:stopDaemon(601)) - Ozone container server stopped.
2023-04-19 02:32:34,215 [ForkJoinPool.commonPool-worker-1] INFO  utils.BackgroundService (BackgroundService.java:shutdown(141)) - Shutting down service StaleRecoveringContainerScrubbingService
2023-04-19 02:32:34,218 [ForkJoinPool.commonPool-worker-1] INFO  statemachine.DatanodeStateMachine (DatanodeStateMachine.java:stopDaemon(601)) - Ozone container server stopped.
2023-04-19 02:32:34,231 [ForkJoinPool.commonPool-worker-1] INFO  handler.ContextHandler (ContextHandler.java:doStop(1159)) - Stopped o.e.j.w.WebAppContext@a67e46{hddsDatanode,/,null,STOPPED}{jar:file:/home/runner/.m2/repository/org/apache/ozone/hdds-container-service/1.4.0-SNAPSHOT/hdds-container-service-1.4.0-SNAPSHOT.jar!/webapps/hddsDatanode}
2023-04-19 02:32:34,231 [ForkJoinPool.commonPool-worker-1] INFO  server.AbstractConnector (AbstractConnector.java:doStop(383)) - Stopped ServerConnector@138a00fa{HTTP/1.1, (http/1.1)}{0.0.0.0:0}
2023-04-19 02:32:34,231 [ForkJoinPool.commonPool-worker-1] INFO  server.session (HouseKeeper.java:stopScavenging(149)) - node0 Stopped scavenging
2023-04-19 02:32:34,232 [ForkJoinPool.commonPool-worker-1] INFO  handler.ContextHandler (ContextHandler.java:doStop(1159)) - Stopped o.e.j.s.ServletContextHandler@114e8064{static,/static,jar:file:/home/runner/.m2/repository/org/apache/ozone/hdds-container-service/1.4.0-SNAPSHOT/hdds-container-service-1.4.0-SNAPSHOT.jar!/webapps/static,STOPPED}
2023-04-19 02:32:34,233 [ForkJoinPool.commonPool-worker-1] INFO  handler.ContextHandler (ContextHandler.java:doStop(1159)) - Stopped o.e.j.s.ServletContextHandler@1e0815f4{logs,/logs,file:///home/runner/work/ozone/ozone/hadoop-ozone/integration-test/target/log,STOPPED}
2023-04-19 02:32:34,235 [Listener at 127.0.0.1/42295] INFO  handler.ContextHandler (ContextHandler.java:doStop(1159)) - Stopped o.e.j.w.WebAppContext@ba27c12{hddsDatanode,/,null,STOPPED}{jar:file:/home/runner/.m2/repository/org/apache/ozone/hdds-container-service/1.4.0-SNAPSHOT/hdds-container-service-1.4.0-SNAPSHOT.jar!/webapps/hddsDatanode}
2023-04-19 02:32:34,236 [Listener at 127.0.0.1/42295] INFO  server.AbstractConnector (AbstractConnector.java:doStop(383)) - Stopped ServerConnector@541439f4{HTTP/1.1, (http/1.1)}{0.0.0.0:0}
2023-04-19 02:32:34,237 [Listener at 127.0.0.1/42295] INFO  server.session (HouseKeeper.java:stopScavenging(149)) - node0 Stopped scavenging
2023-04-19 02:32:34,237 [Listener at 127.0.0.1/42295] INFO  handler.ContextHandler (ContextHandler.java:doStop(1159)) - Stopped o.e.j.s.ServletContextHandler@269e214{static,/static,jar:file:/home/runner/.m2/repository/org/apache/ozone/hdds-container-service/1.4.0-SNAPSHOT/hdds-container-service-1.4.0-SNAPSHOT.jar!/webapps/static,STOPPED}
2023-04-19 02:32:34,237 [Listener at 127.0.0.1/42295] INFO  handler.ContextHandler (ContextHandler.java:doStop(1159)) - Stopped o.e.j.s.ServletContextHandler@5027e1ee{logs,/logs,file:///home/runner/work/ozone/ozone/hadoop-ozone/integration-test/target/log,STOPPED}
2023-04-19 02:32:34,238 [BlockDeletingService#0] INFO  interfaces.ContainerDeletionChoosingPolicyTemplate (ContainerDeletionChoosingPolicyTemplate.java:chooseContainerForBlockDeletion(83)) - Chosen 0/5000 blocks from 0 candidate containers.
2023-04-19 02:32:34,239 [ForkJoinPool.commonPool-worker-1] INFO  ozoneimpl.OzoneContainer (OzoneContainer.java:stop(419)) - Attempting to stop container services.
2023-04-19 02:32:34,240 [ForkJoinPool.commonPool-worker-1] INFO  server.RaftServer (RaftServerProxy.java:lambda$close$6(409)) - 209e8f7b-7310-4c05-bc4d-708a2d801edb: close
2023-04-19 02:32:34,240 [209e8f7b-7310-4c05-bc4d-708a2d801edb-impl-thread1] INFO  server.RaftServer$Division (RaftServerImpl.java:lambda$close$4(458)) - 209e8f7b-7310-4c05-bc4d-708a2d801edb@group-71CE5AC4CDE1: shutdown
2023-04-19 02:32:34,240 [209e8f7b-7310-4c05-bc4d-708a2d801edb-impl-thread1] INFO  util.JmxRegister (JmxRegister.java:unregister(73)) - Successfully un-registered JMX Bean with object name Ratis:service=RaftServer,group=group-71CE5AC4CDE1,id=209e8f7b-7310-4c05-bc4d-708a2d801edb
2023-04-19 02:32:34,240 [209e8f7b-7310-4c05-bc4d-708a2d801edb-impl-thread1] INFO  impl.RoleInfo (RoleInfo.java:shutdownFollowerState(110)) - 209e8f7b-7310-4c05-bc4d-708a2d801edb: shutdown 209e8f7b-7310-4c05-bc4d-708a2d801edb@group-71CE5AC4CDE1-FollowerState
2023-04-19 02:32:34,240 [209e8f7b-7310-4c05-bc4d-708a2d801edb-impl-thread1] INFO  impl.StateMachineUpdater (StateMachineUpdater.java:stopAndJoin(153)) - 209e8f7b-7310-4c05-bc4d-708a2d801edb@group-71CE5AC4CDE1-StateMachineUpdater: set stopIndex = 59
2023-04-19 02:32:34,241 [209e8f7b-7310-4c05-bc4d-708a2d801edb@group-71CE5AC4CDE1-FollowerState] INFO  impl.FollowerState (FollowerState.java:run(152)) - 209e8f7b-7310-4c05-bc4d-708a2d801edb@group-71CE5AC4CDE1-FollowerState was interrupted
2023-04-19 02:32:34,245 [209e8f7b-7310-4c05-bc4d-708a2d801edb@group-71CE5AC4CDE1-StateMachineUpdater] INFO  ratis.ContainerStateMachine (ContainerStateMachine.java:takeSnapshot(330)) - group-71CE5AC4CDE1: Taking a snapshot at:(t:1, i:59) file /home/runner/work/ozone/ozone/hadoop-ozone/integration-test/target/test-dir/MiniOzoneClusterImpl-4a8f3de1-6dc7-4495-8b56-1623617bdc2e/datanode-2/data/ratis/efa6cb31-92b4-4224-b1a7-71ce5ac4cde1/sm/snapshot.1_59
2023-04-19 02:32:34,245 [ForkJoinPool.commonPool-worker-1] INFO  server.GrpcService (GrpcService.java:closeImpl(271)) - 209e8f7b-7310-4c05-bc4d-708a2d801edb: shutdown server GrpcServerProtocolService now
2023-04-19 02:32:34,246 [ForkJoinPool.commonPool-worker-1] INFO  server.GrpcService (GrpcService.java:closeImpl(280)) - 209e8f7b-7310-4c05-bc4d-708a2d801edb: shutdown server GrpcServerProtocolService successfully
2023-04-19 02:32:34,246 [209e8f7b-7310-4c05-bc4d-708a2d801edb-NettyServerStreamRpc-bossGroup--thread1] INFO  logging.LoggingHandler (AbstractInternalLogger.java:log(148)) - [id: 0x95dc8c09, L:/0:0:0:0:0:0:0:0:46227] CLOSE
2023-04-19 02:32:34,247 [209e8f7b-7310-4c05-bc4d-708a2d801edb-NettyServerStreamRpc-bossGroup--thread1] INFO  logging.LoggingHandler (AbstractInternalLogger.java:log(148)) - [id: 0x95dc8c09, L:/0:0:0:0:0:0:0:0:46227] INACTIVE
2023-04-19 02:32:34,247 [209e8f7b-7310-4c05-bc4d-708a2d801edb-NettyServerStreamRpc-bossGroup--thread1] INFO  logging.LoggingHandler (AbstractInternalLogger.java:log(148)) - [id: 0x95dc8c09, L:/0:0:0:0:0:0:0:0:46227] UNREGISTERED
2023-04-19 02:32:34,247 [209e8f7b-7310-4c05-bc4d-708a2d801edb@group-71CE5AC4CDE1-StateMachineUpdater] INFO  ratis.ContainerStateMachine (ContainerStateMachine.java:takeSnapshot(341)) - group-71CE5AC4CDE1: Finished taking a snapshot at:(t:1, i:59) file:/home/runner/work/ozone/ozone/hadoop-ozone/integration-test/target/test-dir/MiniOzoneClusterImpl-4a8f3de1-6dc7-4495-8b56-1623617bdc2e/datanode-2/data/ratis/efa6cb31-92b4-4224-b1a7-71ce5ac4cde1/sm/snapshot.1_59 took: 2 ms
2023-04-19 02:32:34,247 [209e8f7b-7310-4c05-bc4d-708a2d801edb@group-71CE5AC4CDE1-StateMachineUpdater] INFO  impl.StateMachineUpdater (StateMachineUpdater.java:takeSnapshot(287)) - 209e8f7b-7310-4c05-bc4d-708a2d801edb@group-71CE5AC4CDE1-StateMachineUpdater: Took a snapshot at index 59
2023-04-19 02:32:34,248 [209e8f7b-7310-4c05-bc4d-708a2d801edb@group-71CE5AC4CDE1-StateMachineUpdater] INFO  impl.StateMachineUpdater (StateMachineUpdater.java:lambda$new$0(92)) - 209e8f7b-7310-4c05-bc4d-708a2d801edb@group-71CE5AC4CDE1-StateMachineUpdater: snapshotIndex: updateIncreasingly -1 -> 59
2023-04-19 02:32:34,248 [209e8f7b-7310-4c05-bc4d-708a2d801edb-impl-thread1] INFO  server.RaftServer$Division (ServerState.java:close(466)) - 209e8f7b-7310-4c05-bc4d-708a2d801edb@group-71CE5AC4CDE1: closes. applyIndex: 59
2023-04-19 02:32:34,250 [209e8f7b-7310-4c05-bc4d-708a2d801edb@group-71CE5AC4CDE1-SegmentedRaftLogWorker] INFO  segmented.SegmentedRaftLogWorker (SegmentedRaftLogWorker.java:run(347)) - 209e8f7b-7310-4c05-bc4d-708a2d801edb@group-71CE5AC4CDE1-SegmentedRaftLogWorker was interrupted, exiting. There are 0 tasks remaining in the queue.
2023-04-19 02:32:34,251 [209e8f7b-7310-4c05-bc4d-708a2d801edb-impl-thread1] INFO  segmented.SegmentedRaftLogWorker (SegmentedRaftLogWorker.java:close(257)) - 209e8f7b-7310-4c05-bc4d-708a2d801edb@group-71CE5AC4CDE1-SegmentedRaftLogWorker close()
2023-04-19 02:32:34,252 [JvmPauseMonitor3] INFO  util.JvmPauseMonitor (JvmPauseMonitor.java:run(111)) - JvmPauseMonitor-209e8f7b-7310-4c05-bc4d-708a2d801edb: Stopped
2023-04-19 02:32:34,288 [SCMBlockDeletingService#0] DEBUG block.SCMBlockDeletingService (SCMBlockDeletingService.java:shouldRun(251)) - Check scm block delete run: true serviceStatus: RUNNING safemodeExitRunDelayMillis: 3000 alreadyWaitTimeInMillis: 10003
2023-04-19 02:32:34,288 [SCMBlockDeletingService#0] DEBUG block.SCMBlockDeletingService (SCMBlockDeletingService.java:call(154)) - Running DeletedBlockTransactionScanner
2023-04-19 02:32:34,338 [BlockDeletingService#0] INFO  interfaces.ContainerDeletionChoosingPolicyTemplate (ContainerDeletionChoosingPolicyTemplate.java:chooseContainerForBlockDeletion(83)) - Chosen 0/5000 blocks from 0 candidate containers.
2023-04-19 02:32:34,388 [SCMBlockDeletingService#0] DEBUG block.SCMBlockDeletingService (SCMBlockDeletingService.java:shouldRun(251)) - Check scm block delete run: true serviceStatus: RUNNING safemodeExitRunDelayMillis: 3000 alreadyWaitTimeInMillis: 10103
2023-04-19 02:32:34,388 [SCMBlockDeletingService#0] DEBUG block.SCMBlockDeletingService (SCMBlockDeletingService.java:call(154)) - Running DeletedBlockTransactionScanner
2023-04-19 02:32:34,438 [BlockDeletingService#0] INFO  interfaces.ContainerDeletionChoosingPolicyTemplate (ContainerDeletionChoosingPolicyTemplate.java:chooseContainerForBlockDeletion(83)) - Chosen 0/5000 blocks from 0 candidate containers.
2023-04-19 02:32:34,488 [SCMBlockDeletingService#0] DEBUG block.SCMBlockDeletingService (SCMBlockDeletingService.java:shouldRun(251)) - Check scm block delete run: true serviceStatus: RUNNING safemodeExitRunDelayMillis: 3000 alreadyWaitTimeInMillis: 10203
2023-04-19 02:32:34,489 [SCMBlockDeletingService#0] DEBUG block.SCMBlockDeletingService (SCMBlockDeletingService.java:call(154)) - Running DeletedBlockTransactionScanner
2023-04-19 02:32:34,539 [BlockDeletingService#0] INFO  interfaces.ContainerDeletionChoosingPolicyTemplate (ContainerDeletionChoosingPolicyTemplate.java:chooseContainerForBlockDeletion(83)) - Chosen 0/5000 blocks from 0 candidate containers.
2023-04-19 02:32:34,588 [SCMBlockDeletingService#0] DEBUG block.SCMBlockDeletingService (SCMBlockDeletingService.java:shouldRun(251)) - Check scm block delete run: true serviceStatus: RUNNING safemodeExitRunDelayMillis: 3000 alreadyWaitTimeInMillis: 10303
2023-04-19 02:32:34,589 [SCMBlockDeletingService#0] DEBUG block.SCMBlockDeletingService (SCMBlockDeletingService.java:call(154)) - Running DeletedBlockTransactionScanner
2023-04-19 02:32:34,639 [BlockDeletingService#0] INFO  interfaces.ContainerDeletionChoosingPolicyTemplate (ContainerDeletionChoosingPolicyTemplate.java:chooseContainerForBlockDeletion(83)) - Chosen 0/5000 blocks from 0 candidate containers.
2023-04-19 02:32:34,689 [SCMBlockDeletingService#0] DEBUG block.SCMBlockDeletingService (SCMBlockDeletingService.java:shouldRun(251)) - Check scm block delete run: true serviceStatus: RUNNING safemodeExitRunDelayMillis: 3000 alreadyWaitTimeInMillis: 10404
2023-04-19 02:32:34,689 [SCMBlockDeletingService#0] DEBUG block.SCMBlockDeletingService (SCMBlockDeletingService.java:call(154)) - Running DeletedBlockTransactionScanner
2023-04-19 02:32:34,739 [BlockDeletingService#0] INFO  interfaces.ContainerDeletionChoosingPolicyTemplate (ContainerDeletionChoosingPolicyTemplate.java:chooseContainerForBlockDeletion(83)) - Chosen 0/5000 blocks from 0 candidate containers.
2023-04-19 02:32:34,789 [SCMBlockDeletingService#0] DEBUG block.SCMBlockDeletingService (SCMBlockDeletingService.java:shouldRun(251)) - Check scm block delete run: true serviceStatus: RUNNING safemodeExitRunDelayMillis: 3000 alreadyWaitTimeInMillis: 10504
2023-04-19 02:32:34,789 [SCMBlockDeletingService#0] DEBUG block.SCMBlockDeletingService (SCMBlockDeletingService.java:call(154)) - Running DeletedBlockTransactionScanner
2023-04-19 02:32:34,839 [BlockDeletingService#0] INFO  interfaces.ContainerDeletionChoosingPolicyTemplate (ContainerDeletionChoosingPolicyTemplate.java:chooseContainerForBlockDeletion(83)) - Chosen 0/5000 blocks from 0 candidate containers.
2023-04-19 02:32:34,889 [SCMBlockDeletingService#0] DEBUG block.SCMBlockDeletingService (SCMBlockDeletingService.java:shouldRun(251)) - Check scm block delete run: true serviceStatus: RUNNING safemodeExitRunDelayMillis: 3000 alreadyWaitTimeInMillis: 10604
2023-04-19 02:32:34,889 [SCMBlockDeletingService#0] DEBUG block.SCMBlockDeletingService (SCMBlockDeletingService.java:call(154)) - Running DeletedBlockTransactionScanner
2023-04-19 02:32:34,940 [BlockDeletingService#0] INFO  interfaces.ContainerDeletionChoosingPolicyTemplate (ContainerDeletionChoosingPolicyTemplate.java:chooseContainerForBlockDeletion(83)) - Chosen 0/5000 blocks from 0 candidate containers.
2023-04-19 02:32:34,989 [SCMBlockDeletingService#0] DEBUG block.SCMBlockDeletingService (SCMBlockDeletingService.java:shouldRun(251)) - Check scm block delete run: true serviceStatus: RUNNING safemodeExitRunDelayMillis: 3000 alreadyWaitTimeInMillis: 10704
2023-04-19 02:32:34,989 [SCMBlockDeletingService#0] DEBUG block.SCMBlockDeletingService (SCMBlockDeletingService.java:call(154)) - Running DeletedBlockTransactionScanner
2023-04-19 02:32:34,993 [EventQueue-StaleNodeForStaleNodeHandler] INFO  node.StaleNodeHandler (StaleNodeHandler.java:onMessage(59)) - Datanode 14fab107-599d-4166-92e2-a49b96c274c4(fv-az127-56.h3uyzbqov44edfyrgkjongjtha.bx.internal.cloudapp.net/10.1.164.0) moved to stale state. Finalizing its pipelines [PipelineID=efa6cb31-92b4-4224-b1a7-71ce5ac4cde1]
2023-04-19 02:32:34,993 [EventQueue-StaleNodeForStaleNodeHandler] INFO  pipeline.PipelineManagerImpl (PipelineManagerImpl.java:closePipeline(442)) - Pipeline Pipeline[ Id: efa6cb31-92b4-4224-b1a7-71ce5ac4cde1, Nodes: 8050b7c4-5854-4456-9ff4-a8181b586109(fv-az127-56.h3uyzbqov44edfyrgkjongjtha.bx.internal.cloudapp.net/10.1.164.0)209e8f7b-7310-4c05-bc4d-708a2d801edb(fv-az127-56.h3uyzbqov44edfyrgkjongjtha.bx.internal.cloudapp.net/10.1.164.0)14fab107-599d-4166-92e2-a49b96c274c4(fv-az127-56.h3uyzbqov44edfyrgkjongjtha.bx.internal.cloudapp.net/10.1.164.0), ReplicationConfig: RATIS/THREE, State:OPEN, leaderId:14fab107-599d-4166-92e2-a49b96c274c4, CreationTimestamp2023-04-19T02:32:16.966Z[Etc/UTC]] moved to CLOSED state
2023-04-19 02:32:34,994 [EventQueue-StaleNodeForStaleNodeHandler] INFO  node.StaleNodeHandler (StaleNodeHandler.java:onMessage(59)) - Datanode 8050b7c4-5854-4456-9ff4-a8181b586109(fv-az127-56.h3uyzbqov44edfyrgkjongjtha.bx.internal.cloudapp.net/10.1.164.0) moved to stale state. Finalizing its pipelines [PipelineID=efa6cb31-92b4-4224-b1a7-71ce5ac4cde1]
2023-04-19 02:32:35,040 [BlockDeletingService#0] INFO  interfaces.ContainerDeletionChoosingPolicyTemplate (ContainerDeletionChoosingPolicyTemplate.java:chooseContainerForBlockDeletion(83)) - Chosen 0/5000 blocks from 0 candidate containers.
2023-04-19 02:32:35,089 [SCMBlockDeletingService#0] DEBUG block.SCMBlockDeletingService (SCMBlockDeletingService.java:shouldRun(251)) - Check scm block delete run: true serviceStatus: RUNNING safemodeExitRunDelayMillis: 3000 alreadyWaitTimeInMillis: 10804
2023-04-19 02:32:35,089 [SCMBlockDeletingService#0] DEBUG block.SCMBlockDeletingService (SCMBlockDeletingService.java:call(154)) - Running DeletedBlockTransactionScanner
2023-04-19 02:32:35,141 [BlockDeletingService#0] INFO  interfaces.ContainerDeletionChoosingPolicyTemplate (ContainerDeletionChoosingPolicyTemplate.java:chooseContainerForBlockDeletion(83)) - Chosen 0/5000 blocks from 0 candidate containers.
2023-04-19 02:32:35,189 [SCMBlockDeletingService#0] DEBUG block.SCMBlockDeletingService (SCMBlockDeletingService.java:shouldRun(251)) - Check scm block delete run: true serviceStatus: RUNNING safemodeExitRunDelayMillis: 3000 alreadyWaitTimeInMillis: 10904
2023-04-19 02:32:35,189 [SCMBlockDeletingService#0] DEBUG block.SCMBlockDeletingService (SCMBlockDeletingService.java:call(154)) - Running DeletedBlockTransactionScanner
2023-04-19 02:32:35,242 [BlockDeletingService#0] INFO  interfaces.ContainerDeletionChoosingPolicyTemplate (ContainerDeletionChoosingPolicyTemplate.java:chooseContainerForBlockDeletion(83)) - Chosen 0/5000 blocks from 0 candidate containers.
2023-04-19 02:32:35,289 [SCMBlockDeletingService#0] DEBUG block.SCMBlockDeletingService (SCMBlockDeletingService.java:shouldRun(251)) - Check scm block delete run: true serviceStatus: RUNNING safemodeExitRunDelayMillis: 3000 alreadyWaitTimeInMillis: 11004
2023-04-19 02:32:35,289 [SCMBlockDeletingService#0] DEBUG block.SCMBlockDeletingService (SCMBlockDeletingService.java:call(154)) - Running DeletedBlockTransactionScanner
2023-04-19 02:32:35,342 [BlockDeletingService#0] INFO  interfaces.ContainerDeletionChoosingPolicyTemplate (ContainerDeletionChoosingPolicyTemplate.java:chooseContainerForBlockDeletion(83)) - Chosen 0/5000 blocks from 0 candidate containers.
2023-04-19 02:32:35,389 [SCMBlockDeletingService#0] DEBUG block.SCMBlockDeletingService (SCMBlockDeletingService.java:shouldRun(251)) - Check scm block delete run: true serviceStatus: RUNNING safemodeExitRunDelayMillis: 3000 alreadyWaitTimeInMillis: 11104
2023-04-19 02:32:35,389 [SCMBlockDeletingService#0] DEBUG block.SCMBlockDeletingService (SCMBlockDeletingService.java:call(154)) - Running DeletedBlockTransactionScanner
2023-04-19 02:32:35,442 [BlockDeletingService#0] INFO  interfaces.ContainerDeletionChoosingPolicyTemplate (ContainerDeletionChoosingPolicyTemplate.java:chooseContainerForBlockDeletion(83)) - Chosen 0/5000 blocks from 0 candidate containers.
2023-04-19 02:32:35,489 [SCMBlockDeletingService#0] DEBUG block.SCMBlockDeletingService (SCMBlockDeletingService.java:shouldRun(251)) - Check scm block delete run: true serviceStatus: RUNNING safemodeExitRunDelayMillis: 3000 alreadyWaitTimeInMillis: 11204
2023-04-19 02:32:35,489 [SCMBlockDeletingService#0] DEBUG block.SCMBlockDeletingService (SCMBlockDeletingService.java:call(154)) - Running DeletedBlockTransactionScanner
2023-04-19 02:32:35,543 [BlockDeletingService#0] INFO  interfaces.ContainerDeletionChoosingPolicyTemplate (ContainerDeletionChoosingPolicyTemplate.java:chooseContainerForBlockDeletion(83)) - Chosen 0/5000 blocks from 0 candidate containers.
2023-04-19 02:32:35,589 [SCMBlockDeletingService#0] DEBUG block.SCMBlockDeletingService (SCMBlockDeletingService.java:shouldRun(251)) - Check scm block delete run: true serviceStatus: RUNNING safemodeExitRunDelayMillis: 3000 alreadyWaitTimeInMillis: 11304
2023-04-19 02:32:35,590 [SCMBlockDeletingService#0] DEBUG block.SCMBlockDeletingService (SCMBlockDeletingService.java:call(154)) - Running DeletedBlockTransactionScanner
2023-04-19 02:32:35,643 [BlockDeletingService#0] INFO  interfaces.ContainerDeletionChoosingPolicyTemplate (ContainerDeletionChoosingPolicyTemplate.java:chooseContainerForBlockDeletion(83)) - Chosen 0/5000 blocks from 0 candidate containers.
2023-04-19 02:32:35,690 [SCMBlockDeletingService#0] DEBUG block.SCMBlockDeletingService (SCMBlockDeletingService.java:shouldRun(251)) - Check scm block delete run: true serviceStatus: RUNNING safemodeExitRunDelayMillis: 3000 alreadyWaitTimeInMillis: 11405
2023-04-19 02:32:35,690 [SCMBlockDeletingService#0] DEBUG block.SCMBlockDeletingService (SCMBlockDeletingService.java:call(154)) - Running DeletedBlockTransactionScanner
2023-04-19 02:32:35,743 [BlockDeletingService#0] INFO  interfaces.ContainerDeletionChoosingPolicyTemplate (ContainerDeletionChoosingPolicyTemplate.java:chooseContainerForBlockDeletion(83)) - Chosen 0/5000 blocks from 0 candidate containers.
2023-04-19 02:32:35,790 [SCMBlockDeletingService#0] DEBUG block.SCMBlockDeletingService (SCMBlockDeletingService.java:shouldRun(251)) - Check scm block delete run: true serviceStatus: RUNNING safemodeExitRunDelayMillis: 3000 alreadyWaitTimeInMillis: 11505
2023-04-19 02:32:35,790 [SCMBlockDeletingService#0] DEBUG block.SCMBlockDeletingService (SCMBlockDeletingService.java:call(154)) - Running DeletedBlockTransactionScanner
2023-04-19 02:32:35,844 [BlockDeletingService#0] INFO  interfaces.ContainerDeletionChoosingPolicyTemplate (ContainerDeletionChoosingPolicyTemplate.java:chooseContainerForBlockDeletion(83)) - Chosen 0/5000 blocks from 0 candidate containers.
2023-04-19 02:32:35,890 [SCMBlockDeletingService#0] DEBUG block.SCMBlockDeletingService (SCMBlockDeletingService.java:shouldRun(251)) - Check scm block delete run: true serviceStatus: RUNNING safemodeExitRunDelayMillis: 3000 alreadyWaitTimeInMillis: 11605
2023-04-19 02:32:35,890 [SCMBlockDeletingService#0] DEBUG block.SCMBlockDeletingService (SCMBlockDeletingService.java:call(154)) - Running DeletedBlockTransactionScanner
2023-04-19 02:32:35,944 [BlockDeletingService#0] INFO  interfaces.ContainerDeletionChoosingPolicyTemplate (ContainerDeletionChoosingPolicyTemplate.java:chooseContainerForBlockDeletion(83)) - Chosen 0/5000 blocks from 0 candidate containers.
2023-04-19 02:32:35,990 [SCMBlockDeletingService#0] DEBUG block.SCMBlockDeletingService (SCMBlockDeletingService.java:shouldRun(251)) - Check scm block delete run: true serviceStatus: RUNNING safemodeExitRunDelayMillis: 3000 alreadyWaitTimeInMillis: 11705
2023-04-19 02:32:35,990 [SCMBlockDeletingService#0] DEBUG block.SCMBlockDeletingService (SCMBlockDeletingService.java:call(154)) - Running DeletedBlockTransactionScanner
2023-04-19 02:32:36,044 [BlockDeletingService#0] INFO  interfaces.ContainerDeletionChoosingPolicyTemplate (ContainerDeletionChoosingPolicyTemplate.java:chooseContainerForBlockDeletion(83)) - Chosen 0/5000 blocks from 0 candidate containers.
2023-04-19 02:32:36,090 [SCMBlockDeletingService#0] DEBUG block.SCMBlockDeletingService (SCMBlockDeletingService.java:shouldRun(251)) - Check scm block delete run: true serviceStatus: RUNNING safemodeExitRunDelayMillis: 3000 alreadyWaitTimeInMillis: 11805
2023-04-19 02:32:36,090 [SCMBlockDeletingService#0] DEBUG block.SCMBlockDeletingService (SCMBlockDeletingService.java:call(154)) - Running DeletedBlockTransactionScanner
2023-04-19 02:32:36,145 [BlockDeletingService#0] INFO  interfaces.ContainerDeletionChoosingPolicyTemplate (ContainerDeletionChoosingPolicyTemplate.java:chooseContainerForBlockDeletion(83)) - Chosen 0/5000 blocks from 0 candidate containers.
2023-04-19 02:32:36,190 [SCMBlockDeletingService#0] DEBUG block.SCMBlockDeletingService (SCMBlockDeletingService.java:shouldRun(251)) - Check scm block delete run: true serviceStatus: RUNNING safemodeExitRunDelayMillis: 3000 alreadyWaitTimeInMillis: 11905
2023-04-19 02:32:36,190 [SCMBlockDeletingService#0] DEBUG block.SCMBlockDeletingService (SCMBlockDeletingService.java:call(154)) - Running DeletedBlockTransactionScanner
2023-04-19 02:32:36,245 [BlockDeletingService#0] INFO  interfaces.ContainerDeletionChoosingPolicyTemplate (ContainerDeletionChoosingPolicyTemplate.java:chooseContainerForBlockDeletion(83)) - Chosen 0/5000 blocks from 0 candidate containers.
2023-04-19 02:32:36,257 [ForkJoinPool.commonPool-worker-1] INFO  volume.HddsVolume (HddsVolume.java:closeDbStore(437)) - SchemaV3 db is stopped at /home/runner/work/ozone/ozone/hadoop-ozone/integration-test/target/test-dir/MiniOzoneClusterImpl-4a8f3de1-6dc7-4495-8b56-1623617bdc2e/datanode-2/data-0/containers/hdds/4a8f3de1-6dc7-4495-8b56-1623617bdc2e/DS-9465102c-2884-41f5-9682-5d844a22c1fd/container.db for volume DS-9465102c-2884-41f5-9682-5d844a22c1fd
2023-04-19 02:32:36,258 [ForkJoinPool.commonPool-worker-1] INFO  utils.BackgroundService (BackgroundService.java:shutdown(141)) - Shutting down service BlockDeletingService
2023-04-19 02:32:36,259 [ForkJoinPool.commonPool-worker-1] INFO  utils.BackgroundService (BackgroundService.java:shutdown(141)) - Shutting down service StaleRecoveringContainerScrubbingService
2023-04-19 02:32:36,261 [ForkJoinPool.commonPool-worker-1] INFO  statemachine.DatanodeStateMachine (DatanodeStateMachine.java:stopDaemon(601)) - Ozone container server stopped.
2023-04-19 02:32:36,271 [ForkJoinPool.commonPool-worker-1] INFO  handler.ContextHandler (ContextHandler.java:doStop(1159)) - Stopped o.e.j.w.WebAppContext@323ab952{hddsDatanode,/,null,STOPPED}{jar:file:/home/runner/.m2/repository/org/apache/ozone/hdds-container-service/1.4.0-SNAPSHOT/hdds-container-service-1.4.0-SNAPSHOT.jar!/webapps/hddsDatanode}
2023-04-19 02:32:36,271 [ForkJoinPool.commonPool-worker-1] INFO  server.AbstractConnector (AbstractConnector.java:doStop(383)) - Stopped ServerConnector@4386305c{HTTP/1.1, (http/1.1)}{0.0.0.0:0}
2023-04-19 02:32:36,271 [ForkJoinPool.commonPool-worker-1] INFO  server.session (HouseKeeper.java:stopScavenging(149)) - node0 Stopped scavenging
2023-04-19 02:32:36,273 [ForkJoinPool.commonPool-worker-1] INFO  handler.ContextHandler (ContextHandler.java:doStop(1159)) - Stopped o.e.j.s.ServletContextHandler@18a79b9f{static,/static,jar:file:/home/runner/.m2/repository/org/apache/ozone/hdds-container-service/1.4.0-SNAPSHOT/hdds-container-service-1.4.0-SNAPSHOT.jar!/webapps/static,STOPPED}
2023-04-19 02:32:36,274 [ForkJoinPool.commonPool-worker-1] INFO  handler.ContextHandler (ContextHandler.java:doStop(1159)) - Stopped o.e.j.s.ServletContextHandler@79229358{logs,/logs,file:///home/runner/work/ozone/ozone/hadoop-ozone/integration-test/target/log,STOPPED}
2023-04-19 02:32:36,276 [Listener at 127.0.0.1/42295] INFO  ozone.MiniOzoneClusterImpl (MiniOzoneClusterImpl.java:stopSCM(549)) - Stopping the StorageContainerManager
2023-04-19 02:32:36,276 [Listener at 127.0.0.1/42295] INFO  server.StorageContainerManager (StorageContainerManager.java:stop(1578)) - Container Balancer is not running.
2023-04-19 02:32:36,276 [Listener at 127.0.0.1/42295] INFO  server.StorageContainerManager (StorageContainerManager.java:stopReplicationManager(1709)) - Stopping Replication Manager Service.
2023-04-19 02:32:36,276 [Listener at 127.0.0.1/42295] INFO  replication.ReplicationManager (ReplicationManager.java:stop(321)) - Stopping Replication Monitor Thread.
2023-04-19 02:32:36,276 [Listener at 127.0.0.1/42295] INFO  server.StorageContainerManager (StorageContainerManager.java:stop(1587)) - Stopping the Datanode Admin Monitor.
2023-04-19 02:32:36,277 [ReplicationMonitor] INFO  replication.ReplicationManager (ReplicationManager.java:run(975)) - Replication Monitor Thread is stopped
2023-04-19 02:32:36,277 [Listener at 127.0.0.1/42295] INFO  server.StorageContainerManager (StorageContainerManager.java:stop(1594)) - Stopping datanode service RPC server
2023-04-19 02:32:36,276 [Under Replicated Processor] WARN  replication.UnhealthyReplicationProcessor (UnhealthyReplicationProcessor.java:run(146)) - Under Replicated Processor interrupted. Exiting...
2023-04-19 02:32:36,277 [Over Replicated Processor] WARN  replication.UnhealthyReplicationProcessor (UnhealthyReplicationProcessor.java:run(146)) - Over Replicated Processor interrupted. Exiting...
2023-04-19 02:32:36,277 [Listener at 127.0.0.1/42295] INFO  server.SCMDatanodeProtocolServer (SCMDatanodeProtocolServer.java:stop(424)) - Stopping the RPC server for DataNodes
2023-04-19 02:32:36,277 [Listener at 127.0.0.1/42295] INFO  ipc.Server (Server.java:stop(3501)) - Stopping server on 45569
2023-04-19 02:32:36,279 [IPC Server listener on 0] INFO  ipc.Server (Server.java:run(1430)) - Stopping IPC Server listener on 0
2023-04-19 02:32:36,279 [IPC Server Responder] INFO  ipc.Server (Server.java:run(1563)) - Stopping IPC Server Responder
2023-04-19 02:32:36,290 [SCMBlockDeletingService#0] DEBUG block.SCMBlockDeletingService (SCMBlockDeletingService.java:shouldRun(251)) - Check scm block delete run: true serviceStatus: RUNNING safemodeExitRunDelayMillis: 3000 alreadyWaitTimeInMillis: 12005
2023-04-19 02:32:36,290 [SCMBlockDeletingService#0] DEBUG block.SCMBlockDeletingService (SCMBlockDeletingService.java:call(154)) - Running DeletedBlockTransactionScanner
2023-04-19 02:32:36,294 [SCM Heartbeat Processing Thread - 0] WARN  node.NodeStateManager (NodeStateManager.java:scheduleNextHealthCheck(870)) - Current Thread is interrupted, shutting down HB processing thread for Node Manager.
2023-04-19 02:32:36,294 [Listener at 127.0.0.1/42295] INFO  server.StorageContainerManager (StorageContainerManager.java:stop(1602)) - Stopping block service RPC server
2023-04-19 02:32:36,294 [Listener at 127.0.0.1/42295] INFO  server.SCMBlockProtocolServer (SCMBlockProtocolServer.java:stop(161)) - Stopping the RPC server for Block Protocol
2023-04-19 02:32:36,295 [Listener at 127.0.0.1/42295] INFO  ipc.Server (Server.java:stop(3501)) - Stopping server on 41185
2023-04-19 02:32:36,296 [IPC Server listener on 0] INFO  ipc.Server (Server.java:run(1430)) - Stopping IPC Server listener on 0
2023-04-19 02:32:36,297 [IPC Server Responder] INFO  ipc.Server (Server.java:run(1563)) - Stopping IPC Server Responder
2023-04-19 02:32:36,297 [Listener at 127.0.0.1/42295] INFO  server.StorageContainerManager (StorageContainerManager.java:stop(1609)) - Stopping the StorageContainerLocationProtocol RPC server
2023-04-19 02:32:36,297 [Listener at 127.0.0.1/42295] INFO  server.SCMClientProtocolServer (SCMClientProtocolServer.java:stop(206)) - Stopping the RPC server for Client Protocol
2023-04-19 02:32:36,297 [Listener at 127.0.0.1/42295] INFO  ipc.Server (Server.java:stop(3501)) - Stopping server on 32841
2023-04-19 02:32:36,299 [IPC Server listener on 0] INFO  ipc.Server (Server.java:run(1430)) - Stopping IPC Server listener on 0
2023-04-19 02:32:36,299 [IPC Server Responder] INFO  ipc.Server (Server.java:run(1563)) - Stopping IPC Server Responder
2023-04-19 02:32:36,299 [Listener at 127.0.0.1/42295] INFO  server.StorageContainerManager (StorageContainerManager.java:stop(1616)) - Stopping Storage Container Manager HTTP server.
2023-04-19 02:32:36,300 [Listener at 127.0.0.1/42295] INFO  handler.ContextHandler (ContextHandler.java:doStop(1159)) - Stopped o.e.j.w.WebAppContext@3fe7c87c{scm,/,null,STOPPED}{file:/home/runner/work/ozone/ozone/hadoop-ozone/integration-test/target/test-classes/webapps/scm}
2023-04-19 02:32:36,300 [Listener at 127.0.0.1/42295] INFO  server.AbstractConnector (AbstractConnector.java:doStop(383)) - Stopped ServerConnector@14a488ed{HTTP/1.1, (http/1.1)}{0.0.0.0:0}
2023-04-19 02:32:36,301 [Listener at 127.0.0.1/42295] INFO  server.session (HouseKeeper.java:stopScavenging(149)) - node0 Stopped scavenging
2023-04-19 02:32:36,301 [Listener at 127.0.0.1/42295] INFO  handler.ContextHandler (ContextHandler.java:doStop(1159)) - Stopped o.e.j.s.ServletContextHandler@322399e6{static,/static,file:///home/runner/work/ozone/ozone/hadoop-ozone/integration-test/target/test-classes/webapps/static,STOPPED}
2023-04-19 02:32:36,301 [Listener at 127.0.0.1/42295] INFO  handler.ContextHandler (ContextHandler.java:doStop(1159)) - Stopped o.e.j.s.ServletContextHandler@5e38329d{logs,/logs,file:///home/runner/work/ozone/ozone/hadoop-ozone/integration-test/target/log,STOPPED}
2023-04-19 02:32:36,302 [Listener at 127.0.0.1/42295] INFO  server.StorageContainerManager (StorageContainerManager.java:stop(1624)) - Stopping SCM LayoutVersionManager Service.
2023-04-19 02:32:36,302 [Listener at 127.0.0.1/42295] INFO  server.StorageContainerManager (StorageContainerManager.java:stop(1632)) - Stopping Block Manager Service.
2023-04-19 02:32:36,302 [Listener at 127.0.0.1/42295] INFO  utils.BackgroundService (BackgroundService.java:shutdown(141)) - Shutting down service SCMBlockDeletingService
2023-04-19 02:32:36,302 [Listener at 127.0.0.1/42295] INFO  utils.BackgroundService (BackgroundService.java:shutdown(141)) - Shutting down service SCMBlockDeletingService
2023-04-19 02:32:36,303 [Listener at 127.0.0.1/42295] INFO  server.StorageContainerManager (StorageContainerManager.java:stop(1654)) - Stopping SCM Event Queue.
2023-04-19 02:32:36,305 [Listener at 127.0.0.1/42295] INFO  server.StorageContainerManager (StorageContainerManager.java:stop(1665)) - Stopping SCM HA services.
2023-04-19 02:32:36,305 [Listener at 127.0.0.1/42295] INFO  pipeline.BackgroundPipelineCreator (BackgroundPipelineCreator.java:stop(149)) - Stopping RatisPipelineUtilsThread.
2023-04-19 02:32:36,305 [RatisPipelineUtilsThread - 0] WARN  pipeline.BackgroundPipelineCreator (BackgroundPipelineCreator.java:run(180)) - RatisPipelineUtilsThread is interrupted.
2023-04-19 02:32:36,305 [BackgroundPipelineScrubberThread] WARN  BackgroundPipelineScrubber (BackgroundSCMService.java:run(115)) - BackgroundPipelineScrubber is interrupted, exit
2023-04-19 02:32:36,306 [Listener at 127.0.0.1/42295] INFO  BackgroundPipelineScrubber (BackgroundSCMService.java:stop(131)) - Stopping BackgroundPipelineScrubber Service.
2023-04-19 02:32:36,306 [Listener at 127.0.0.1/42295] INFO  impl.MetricsSystemImpl (MetricsSystemImpl.java:stop(210)) - Stopping XceiverClientMetrics metrics system...
2023-04-19 02:32:36,308 [prometheus] INFO  impl.MetricsSinkAdapter (MetricsSinkAdapter.java:publishMetricsFromQueue(141)) - prometheus thread interrupted.
2023-04-19 02:32:36,308 [Listener at 127.0.0.1/42295] INFO  impl.MetricsSystemImpl (MetricsSystemImpl.java:stop(216)) - XceiverClientMetrics metrics system stopped.
2023-04-19 02:32:36,308 [Listener at 127.0.0.1/42295] WARN  pipeline.BackgroundPipelineCreator (BackgroundPipelineCreator.java:stop(145)) - RatisPipelineUtilsThread is not running, just ignore.
2023-04-19 02:32:36,308 [Listener at 127.0.0.1/42295] INFO  BackgroundPipelineScrubber (BackgroundSCMService.java:stop(126)) - BackgroundPipelineScrubber Service is not running, skip stop.
2023-04-19 02:32:36,309 [Listener at 127.0.0.1/42295] INFO  ExpiredContainerReplicaOpScrubber (BackgroundSCMService.java:stop(131)) - Stopping ExpiredContainerReplicaOpScrubber Service.
2023-04-19 02:32:36,309 [ExpiredContainerReplicaOpScrubberThread] WARN  ExpiredContainerReplicaOpScrubber (BackgroundSCMService.java:run(115)) - ExpiredContainerReplicaOpScrubber is interrupted, exit
2023-04-19 02:32:36,309 [Listener at 127.0.0.1/42295] INFO  utils.BackgroundService (BackgroundService.java:shutdown(141)) - Shutting down service SCMBlockDeletingService
2023-04-19 02:32:36,309 [Listener at 127.0.0.1/42295] INFO  replication.ReplicationManager (ReplicationManager.java:stop(331)) - Replication Monitor Thread is not running.
2023-04-19 02:32:36,309 [Listener at 127.0.0.1/42295] WARN  balancer.ContainerBalancer (ContainerBalancer.java:stop(324)) - Cannot stop Container Balancer because it's not running or stopping
2023-04-19 02:32:36,309 [Listener at 127.0.0.1/42295] INFO  server.StorageContainerManager (StorageContainerManager.java:stop(1700)) - Stopping SCM MetadataStore.
]]></system-out>
  </testcase>
  <testcase name="testBlockDeletion(ReplicationConfig)[1]" classname="org.apache.hadoop.ozone.container.common.statemachine.commandhandler.TestBlockDeletion" time="56.889">
    <error type="java.util.concurrent.TimeoutException"><![CDATA[java.util.concurrent.TimeoutException: 
Timed out waiting for condition. Thread diagnostics:
Timestamp: 2023-04-19 02:33:28,861

"IPC Server handler 6 on default port 41211" daemon prio=5 tid=743 timed_waiting
java.lang.Thread.State: TIMED_WAITING
        at sun.misc.Unsafe.park(Native Method)
        at java.util.concurrent.locks.LockSupport.parkNanos(LockSupport.java:215)
        at java.util.concurrent.locks.AbstractQueuedSynchronizer$ConditionObject.awaitNanos(AbstractQueuedSynchronizer.java:2078)
        at java.util.concurrent.LinkedBlockingQueue.poll(LinkedBlockingQueue.java:467)
        at org.apache.hadoop.ipc.CallQueueManager.take(CallQueueManager.java:317)
        at org.apache.hadoop.ipc.Server$Handler.run(Server.java:2992)
"timer7" daemon prio=5 tid=391 timed_waiting
java.lang.Thread.State: TIMED_WAITING
        at java.lang.Object.wait(Native Method)
        at java.util.TimerThread.mainLoop(Timer.java:552)
        at java.util.TimerThread.run(Timer.java:505)
"Over Replicated Processor" daemon prio=5 tid=708 timed_waiting
java.lang.Thread.State: TIMED_WAITING
        at java.lang.Object.wait(Native Method)
        at org.apache.hadoop.hdds.scm.container.replication.UnhealthyReplicationProcessor.run(UnhealthyReplicationProcessor.java:140)
        at java.lang.Thread.run(Thread.java:750)
"ChunkWriter-1-0" daemon prio=5 tid=969 in Object.wait()
java.lang.Thread.State: WAITING (on object monitor)
        at sun.misc.Unsafe.park(Native Method)
        at java.util.concurrent.locks.LockSupport.park(LockSupport.java:175)
        at java.util.concurrent.locks.AbstractQueuedSynchronizer$ConditionObject.await(AbstractQueuedSynchronizer.java:2039)
        at java.util.concurrent.LinkedBlockingDeque.takeFirst(LinkedBlockingDeque.java:492)
        at java.util.concurrent.LinkedBlockingDeque.take(LinkedBlockingDeque.java:680)
        at java.util.concurrent.ThreadPoolExecutor.getTask(ThreadPoolExecutor.java:1074)
        at java.util.concurrent.ThreadPoolExecutor.runWorker(ThreadPoolExecutor.java:1134)
        at java.util.concurrent.ThreadPoolExecutor$Worker.run(ThreadPoolExecutor.java:624)
        at java.lang.Thread.run(Thread.java:750)
"ChunkReader-ELG-0" daemon prio=5 tid=974 runnable
java.lang.Thread.State: RUNNABLE
        at org.apache.ratis.thirdparty.io.netty.channel.epoll.Native.epollWait(Native Method)
        at org.apache.ratis.thirdparty.io.netty.channel.epoll.Native.epollWait(Native.java:209)
        at org.apache.ratis.thirdparty.io.netty.channel.epoll.Native.epollWait(Native.java:202)
        at org.apache.ratis.thirdparty.io.netty.channel.epoll.EpollEventLoop.epollWaitNoTimerChange(EpollEventLoop.java:294)
        at org.apache.ratis.thirdparty.io.netty.channel.epoll.EpollEventLoop.run(EpollEventLoop.java:351)
        at org.apache.ratis.thirdparty.io.netty.util.concurrent.SingleThreadEventExecutor$4.run(SingleThreadEventExecutor.java:995)
        at org.apache.ratis.thirdparty.io.netty.util.internal.ThreadExecutorMap$2.run(ThreadExecutorMap.java:74)
        at java.lang.Thread.run(Thread.java:750)
"4b35ffa0-8f73-49c2-95c0-d3e82f30c132@group-7A7BEC77320F-SegmentedRaftLogWorker"  prio=5 tid=1033 timed_waiting
java.lang.Thread.State: TIMED_WAITING
        at sun.misc.Unsafe.park(Native Method)
        at java.util.concurrent.locks.LockSupport.parkNanos(LockSupport.java:215)
        at java.util.concurrent.locks.AbstractQueuedSynchronizer$ConditionObject.awaitNanos(AbstractQueuedSynchronizer.java:2078)
        at org.apache.ratis.util.DataBlockingQueue.poll(DataBlockingQueue.java:148)
        at org.apache.ratis.server.raftlog.segmented.SegmentedRaftLogWorker.run(SegmentedRaftLogWorker.java:312)
        at org.apache.ratis.server.raftlog.segmented.SegmentedRaftLogWorker$$Lambda$714/973343779.run(Unknown Source)
        at java.lang.Thread.run(Thread.java:750)
"BlockDeletingService#6" daemon prio=5 tid=981 in Object.wait()
java.lang.Thread.State: WAITING (on object monitor)
        at sun.misc.Unsafe.park(Native Method)
        at java.util.concurrent.locks.LockSupport.park(LockSupport.java:175)
        at java.util.concurrent.locks.AbstractQueuedSynchronizer$ConditionObject.await(AbstractQueuedSynchronizer.java:2039)
        at java.util.concurrent.ScheduledThreadPoolExecutor$DelayedWorkQueue.take(ScheduledThreadPoolExecutor.java:1088)
        at java.util.concurrent.ScheduledThreadPoolExecutor$DelayedWorkQueue.take(ScheduledThreadPoolExecutor.java:809)
        at java.util.concurrent.ThreadPoolExecutor.getTask(ThreadPoolExecutor.java:1074)
        at java.util.concurrent.ThreadPoolExecutor.runWorker(ThreadPoolExecutor.java:1134)
        at java.util.concurrent.ThreadPoolExecutor$Worker.run(ThreadPoolExecutor.java:624)
        at java.lang.Thread.run(Thread.java:750)
"StaleRecoveringContainerScrubbingService#0" daemon prio=5 tid=961 timed_waiting
java.lang.Thread.State: TIMED_WAITING
        at sun.misc.Unsafe.park(Native Method)
        at java.util.concurrent.locks.LockSupport.parkNanos(LockSupport.java:215)
        at java.util.concurrent.locks.AbstractQueuedSynchronizer$ConditionObject.awaitNanos(AbstractQueuedSynchronizer.java:2078)
        at java.util.concurrent.ScheduledThreadPoolExecutor$DelayedWorkQueue.take(ScheduledThreadPoolExecutor.java:1093)
        at java.util.concurrent.ScheduledThreadPoolExecutor$DelayedWorkQueue.take(ScheduledThreadPoolExecutor.java:809)
        at java.util.concurrent.ThreadPoolExecutor.getTask(ThreadPoolExecutor.java:1074)
        at java.util.concurrent.ThreadPoolExecutor.runWorker(ThreadPoolExecutor.java:1134)
        at java.util.concurrent.ThreadPoolExecutor$Worker.run(ThreadPoolExecutor.java:624)
        at java.lang.Thread.run(Thread.java:750)
"Datanode State Machine Task Thread - 0"  prio=5 tid=947 in Object.wait()
java.lang.Thread.State: WAITING (on object monitor)
        at sun.misc.Unsafe.park(Native Method)
        at java.util.concurrent.locks.LockSupport.park(LockSupport.java:175)
        at java.util.concurrent.locks.AbstractQueuedSynchronizer$ConditionObject.await(AbstractQueuedSynchronizer.java:2039)
        at java.util.concurrent.LinkedBlockingQueue.take(LinkedBlockingQueue.java:442)
        at java.util.concurrent.ThreadPoolExecutor.getTask(ThreadPoolExecutor.java:1074)
        at java.util.concurrent.ThreadPoolExecutor.runWorker(ThreadPoolExecutor.java:1134)
        at java.util.concurrent.ThreadPoolExecutor$Worker.run(ThreadPoolExecutor.java:624)
        at java.lang.Thread.run(Thread.java:750)
"Datanode ReportManager Thread - 1" daemon prio=5 tid=914 in Object.wait()
java.lang.Thread.State: WAITING (on object monitor)
        at sun.misc.Unsafe.park(Native Method)
        at java.util.concurrent.locks.LockSupport.park(LockSupport.java:175)
        at java.util.concurrent.locks.AbstractQueuedSynchronizer$ConditionObject.await(AbstractQueuedSynchronizer.java:2039)
        at java.util.concurrent.ScheduledThreadPoolExecutor$DelayedWorkQueue.take(ScheduledThreadPoolExecutor.java:1088)
        at java.util.concurrent.ScheduledThreadPoolExecutor$DelayedWorkQueue.take(ScheduledThreadPoolExecutor.java:809)
        at java.util.concurrent.ThreadPoolExecutor.getTask(ThreadPoolExecutor.java:1074)
        at java.util.concurrent.ThreadPoolExecutor.runWorker(ThreadPoolExecutor.java:1134)
        at java.util.concurrent.ThreadPoolExecutor$Worker.run(ThreadPoolExecutor.java:624)
        at java.lang.Thread.run(Thread.java:750)
"IPC Server handler 15 on default port 44187" daemon prio=5 tid=861 timed_waiting
java.lang.Thread.State: TIMED_WAITING
        at sun.misc.Unsafe.park(Native Method)
        at java.util.concurrent.locks.LockSupport.parkNanos(LockSupport.java:215)
        at java.util.concurrent.locks.AbstractQueuedSynchronizer$ConditionObject.awaitNanos(AbstractQueuedSynchronizer.java:2078)
        at java.util.concurrent.LinkedBlockingQueue.poll(LinkedBlockingQueue.java:467)
        at org.apache.hadoop.ipc.CallQueueManager.take(CallQueueManager.java:317)
        at org.apache.hadoop.ipc.Server$Handler.run(Server.java:2992)
"bc0378cf-3bdb-433c-bc8f-db90f0932c02@group-7A7BEC77320F-SegmentedRaftLogWorker"  prio=5 tid=1027 timed_waiting
java.lang.Thread.State: TIMED_WAITING
        at sun.misc.Unsafe.park(Native Method)
        at java.util.concurrent.locks.LockSupport.parkNanos(LockSupport.java:215)
        at java.util.concurrent.locks.AbstractQueuedSynchronizer$ConditionObject.awaitNanos(AbstractQueuedSynchronizer.java:2078)
        at org.apache.ratis.util.DataBlockingQueue.poll(DataBlockingQueue.java:148)
        at org.apache.ratis.server.raftlog.segmented.SegmentedRaftLogWorker.run(SegmentedRaftLogWorker.java:312)
        at org.apache.ratis.server.raftlog.segmented.SegmentedRaftLogWorker$$Lambda$714/973343779.run(Unknown Source)
        at java.lang.Thread.run(Thread.java:750)
"qtp1591842611-805" daemon prio=5 tid=805 timed_waiting
java.lang.Thread.State: TIMED_WAITING
        at sun.misc.Unsafe.park(Native Method)
        at java.util.concurrent.locks.LockSupport.parkNanos(LockSupport.java:215)
        at java.util.concurrent.locks.AbstractQueuedSynchronizer$ConditionObject.awaitNanos(AbstractQueuedSynchronizer.java:2078)
        at org.eclipse.jetty.util.BlockingArrayQueue.poll(BlockingArrayQueue.java:382)
        at org.eclipse.jetty.util.thread.QueuedThreadPool$Runner.idleJobPoll(QueuedThreadPool.java:974)
        at org.eclipse.jetty.util.thread.QueuedThreadPool$Runner.run(QueuedThreadPool.java:1018)
        at java.lang.Thread.run(Thread.java:750)
"Datanode ReportManager Thread - 2" daemon prio=5 tid=942 in Object.wait()
java.lang.Thread.State: WAITING (on object monitor)
        at sun.misc.Unsafe.park(Native Method)
        at java.util.concurrent.locks.LockSupport.park(LockSupport.java:175)
        at java.util.concurrent.locks.AbstractQueuedSynchronizer$ConditionObject.await(AbstractQueuedSynchronizer.java:2039)
        at java.util.concurrent.ScheduledThreadPoolExecutor$DelayedWorkQueue.take(ScheduledThreadPoolExecutor.java:1088)
        at java.util.concurrent.ScheduledThreadPoolExecutor$DelayedWorkQueue.take(ScheduledThreadPoolExecutor.java:809)
        at java.util.concurrent.ThreadPoolExecutor.getTask(ThreadPoolExecutor.java:1074)
        at java.util.concurrent.ThreadPoolExecutor.runWorker(ThreadPoolExecutor.java:1134)
        at java.util.concurrent.ThreadPoolExecutor$Worker.run(ThreadPoolExecutor.java:624)
        at java.lang.Thread.run(Thread.java:750)
"null-request--thread1" daemon prio=5 tid=1070 timed_waiting
java.lang.Thread.State: TIMED_WAITING
        at sun.misc.Unsafe.park(Native Method)
        at java.util.concurrent.locks.LockSupport.parkNanos(LockSupport.java:215)
        at java.util.concurrent.locks.AbstractQueuedSynchronizer$ConditionObject.awaitNanos(AbstractQueuedSynchronizer.java:2078)
        at java.util.concurrent.LinkedBlockingQueue.poll(LinkedBlockingQueue.java:467)
        at java.util.concurrent.ThreadPoolExecutor.getTask(ThreadPoolExecutor.java:1073)
        at java.util.concurrent.ThreadPoolExecutor.runWorker(ThreadPoolExecutor.java:1134)
        at java.util.concurrent.ThreadPoolExecutor$Worker.run(ThreadPoolExecutor.java:624)
        at java.lang.Thread.run(Thread.java:750)
"DatanodeAdminManager-0" daemon prio=5 tid=709 timed_waiting
java.lang.Thread.State: TIMED_WAITING
        at sun.misc.Unsafe.park(Native Method)
        at java.util.concurrent.locks.LockSupport.parkNanos(LockSupport.java:215)
        at java.util.concurrent.locks.AbstractQueuedSynchronizer$ConditionObject.awaitNanos(AbstractQueuedSynchronizer.java:2078)
        at java.util.concurrent.ScheduledThreadPoolExecutor$DelayedWorkQueue.take(ScheduledThreadPoolExecutor.java:1093)
        at java.util.concurrent.ScheduledThreadPoolExecutor$DelayedWorkQueue.take(ScheduledThreadPoolExecutor.java:809)
        at java.util.concurrent.ThreadPoolExecutor.getTask(ThreadPoolExecutor.java:1074)
        at java.util.concurrent.ThreadPoolExecutor.runWorker(ThreadPoolExecutor.java:1134)
        at java.util.concurrent.ThreadPoolExecutor$Worker.run(ThreadPoolExecutor.java:624)
        at java.lang.Thread.run(Thread.java:750)
"IPC Server listener on 0" daemon prio=5 tid=715 runnable
java.lang.Thread.State: RUNNABLE
        at sun.nio.ch.EPollArrayWrapper.epollWait(Native Method)
        at sun.nio.ch.EPollArrayWrapper.poll(EPollArrayWrapper.java:269)
        at sun.nio.ch.EPollSelectorImpl.doSelect(EPollSelectorImpl.java:93)
        at sun.nio.ch.SelectorImpl.lockAndDoSelect(SelectorImpl.java:86)
        at sun.nio.ch.SelectorImpl.select(SelectorImpl.java:97)
        at sun.nio.ch.SelectorImpl.select(SelectorImpl.java:101)
        at org.apache.hadoop.ipc.Server$Listener.run(Server.java:1404)
"EventQueue-NodeRegistrationContainerReportForContainerSafeModeRule" daemon prio=5 tid=1013 in Object.wait()
java.lang.Thread.State: WAITING (on object monitor)
        at sun.misc.Unsafe.park(Native Method)
        at java.util.concurrent.locks.LockSupport.park(LockSupport.java:175)
        at java.util.concurrent.locks.AbstractQueuedSynchronizer$ConditionObject.await(AbstractQueuedSynchronizer.java:2039)
        at java.util.concurrent.LinkedBlockingQueue.take(LinkedBlockingQueue.java:442)
        at java.util.concurrent.ThreadPoolExecutor.getTask(ThreadPoolExecutor.java:1074)
        at java.util.concurrent.ThreadPoolExecutor.runWorker(ThreadPoolExecutor.java:1134)
        at java.util.concurrent.ThreadPoolExecutor$Worker.run(ThreadPoolExecutor.java:624)
        at java.lang.Thread.run(Thread.java:750)
"OM StateMachine ApplyTransaction Thread - 0" daemon prio=5 tid=1062 in Object.wait()
java.lang.Thread.State: WAITING (on object monitor)
        at sun.misc.Unsafe.park(Native Method)
        at java.util.concurrent.locks.LockSupport.park(LockSupport.java:175)
        at java.util.concurrent.locks.AbstractQueuedSynchronizer$ConditionObject.await(AbstractQueuedSynchronizer.java:2039)
        at java.util.concurrent.LinkedBlockingQueue.take(LinkedBlockingQueue.java:442)
        at java.util.concurrent.ThreadPoolExecutor.getTask(ThreadPoolExecutor.java:1074)
        at java.util.concurrent.ThreadPoolExecutor.runWorker(ThreadPoolExecutor.java:1134)
        at java.util.concurrent.ThreadPoolExecutor$Worker.run(ThreadPoolExecutor.java:624)
        at java.lang.Thread.run(Thread.java:750)
"BlockDeletingService#7" daemon prio=5 tid=985 timed_waiting
java.lang.Thread.State: TIMED_WAITING
        at sun.misc.Unsafe.park(Native Method)
        at java.util.concurrent.locks.LockSupport.parkNanos(LockSupport.java:215)
        at java.util.concurrent.locks.AbstractQueuedSynchronizer$ConditionObject.awaitNanos(AbstractQueuedSynchronizer.java:2078)
        at java.util.concurrent.ScheduledThreadPoolExecutor$DelayedWorkQueue.take(ScheduledThreadPoolExecutor.java:1093)
        at java.util.concurrent.ScheduledThreadPoolExecutor$DelayedWorkQueue.take(ScheduledThreadPoolExecutor.java:809)
        at java.util.concurrent.ThreadPoolExecutor.getTask(ThreadPoolExecutor.java:1074)
        at java.util.concurrent.ThreadPoolExecutor.runWorker(ThreadPoolExecutor.java:1134)
        at java.util.concurrent.ThreadPoolExecutor$Worker.run(ThreadPoolExecutor.java:624)
        at java.lang.Thread.run(Thread.java:750)
"Session-HouseKeeper-56726d72-1"  prio=5 tid=809 timed_waiting
java.lang.Thread.State: TIMED_WAITING
        at sun.misc.Unsafe.park(Native Method)
        at java.util.concurrent.locks.LockSupport.parkNanos(LockSupport.java:215)
        at java.util.concurrent.locks.AbstractQueuedSynchronizer$ConditionObject.awaitNanos(AbstractQueuedSynchronizer.java:2078)
        at java.util.concurrent.ScheduledThreadPoolExecutor$DelayedWorkQueue.take(ScheduledThreadPoolExecutor.java:1093)
        at java.util.concurrent.ScheduledThreadPoolExecutor$DelayedWorkQueue.take(ScheduledThreadPoolExecutor.java:809)
        at java.util.concurrent.ThreadPoolExecutor.getTask(ThreadPoolExecutor.java:1074)
        at java.util.concurrent.ThreadPoolExecutor.runWorker(ThreadPoolExecutor.java:1134)
        at java.util.concurrent.ThreadPoolExecutor$Worker.run(ThreadPoolExecutor.java:624)
        at java.lang.Thread.run(Thread.java:750)
"qtp396186148-903" daemon prio=5 tid=903 runnable
java.lang.Thread.State: RUNNABLE
        at sun.nio.ch.EPollArrayWrapper.epollWait(Native Method)
        at sun.nio.ch.EPollArrayWrapper.poll(EPollArrayWrapper.java:269)
        at sun.nio.ch.EPollSelectorImpl.doSelect(EPollSelectorImpl.java:93)
        at sun.nio.ch.SelectorImpl.lockAndDoSelect(SelectorImpl.java:86)
        at sun.nio.ch.SelectorImpl.select(SelectorImpl.java:97)
        at sun.nio.ch.SelectorImpl.select(SelectorImpl.java:101)
        at org.eclipse.jetty.io.ManagedSelector.nioSelect(ManagedSelector.java:183)
        at org.eclipse.jetty.io.ManagedSelector.select(ManagedSelector.java:190)
        at org.eclipse.jetty.io.ManagedSelector$SelectorProducer.select(ManagedSelector.java:606)
        at org.eclipse.jetty.io.ManagedSelector$SelectorProducer.produce(ManagedSelector.java:543)
        at org.eclipse.jetty.util.thread.strategy.EatWhatYouKill.produceTask(EatWhatYouKill.java:362)
        at org.eclipse.jetty.util.thread.strategy.EatWhatYouKill.doProduce(EatWhatYouKill.java:186)
        at org.eclipse.jetty.util.thread.strategy.EatWhatYouKill.tryProduce(EatWhatYouKill.java:173)
        at org.eclipse.jetty.util.thread.strategy.EatWhatYouKill.produce(EatWhatYouKill.java:137)
        at org.eclipse.jetty.io.ManagedSelector$$Lambda$476/1479867711.run(Unknown Source)
        at org.eclipse.jetty.util.thread.QueuedThreadPool.runJob(QueuedThreadPool.java:883)
        at org.eclipse.jetty.util.thread.QueuedThreadPool$Runner.run(QueuedThreadPool.java:1034)
        at java.lang.Thread.run(Thread.java:750)
"Datanode ReportManager Thread - 3" daemon prio=5 tid=889 in Object.wait()
java.lang.Thread.State: WAITING (on object monitor)
        at sun.misc.Unsafe.park(Native Method)
        at java.util.concurrent.locks.LockSupport.park(LockSupport.java:175)
        at java.util.concurrent.locks.AbstractQueuedSynchronizer$ConditionObject.await(AbstractQueuedSynchronizer.java:2039)
        at java.util.concurrent.ScheduledThreadPoolExecutor$DelayedWorkQueue.take(ScheduledThreadPoolExecutor.java:1088)
        at java.util.concurrent.ScheduledThreadPoolExecutor$DelayedWorkQueue.take(ScheduledThreadPoolExecutor.java:809)
        at java.util.concurrent.ThreadPoolExecutor.getTask(ThreadPoolExecutor.java:1074)
        at java.util.concurrent.ThreadPoolExecutor.runWorker(ThreadPoolExecutor.java:1134)
        at java.util.concurrent.ThreadPoolExecutor$Worker.run(ThreadPoolExecutor.java:624)
        at java.lang.Thread.run(Thread.java:750)
"ContainerOp-47ca2eb6-cbc1-4dd0-8b98-7a7bec77320f-2"  prio=5 tid=1077 in Object.wait()
java.lang.Thread.State: WAITING (on object monitor)
        at sun.misc.Unsafe.park(Native Method)
        at java.util.concurrent.locks.LockSupport.park(LockSupport.java:175)
        at java.util.concurrent.locks.AbstractQueuedSynchronizer$ConditionObject.await(AbstractQueuedSynchronizer.java:2039)
        at java.util.concurrent.LinkedBlockingQueue.take(LinkedBlockingQueue.java:442)
        at java.util.concurrent.ThreadPoolExecutor.getTask(ThreadPoolExecutor.java:1074)
        at java.util.concurrent.ThreadPoolExecutor.runWorker(ThreadPoolExecutor.java:1134)
        at java.util.concurrent.ThreadPoolExecutor$Worker.run(ThreadPoolExecutor.java:624)
        at java.lang.Thread.run(Thread.java:750)
"IPC Server handler 7 on default port 40595" daemon prio=5 tid=784 timed_waiting
java.lang.Thread.State: TIMED_WAITING
        at sun.misc.Unsafe.park(Native Method)
        at java.util.concurrent.locks.LockSupport.parkNanos(LockSupport.java:215)
        at java.util.concurrent.locks.AbstractQueuedSynchronizer$ConditionObject.awaitNanos(AbstractQueuedSynchronizer.java:2078)
        at java.util.concurrent.LinkedBlockingQueue.poll(LinkedBlockingQueue.java:467)
        at org.apache.hadoop.ipc.CallQueueManager.take(CallQueueManager.java:317)
        at org.apache.hadoop.ipc.Server$Handler.run(Server.java:2992)
"ContainerOp-47ca2eb6-cbc1-4dd0-8b98-7a7bec77320f-5"  prio=5 tid=1091 in Object.wait()
java.lang.Thread.State: WAITING (on object monitor)
        at sun.misc.Unsafe.park(Native Method)
        at java.util.concurrent.locks.LockSupport.park(LockSupport.java:175)
        at java.util.concurrent.locks.AbstractQueuedSynchronizer$ConditionObject.await(AbstractQueuedSynchronizer.java:2039)
        at java.util.concurrent.LinkedBlockingQueue.take(LinkedBlockingQueue.java:442)
        at java.util.concurrent.ThreadPoolExecutor.getTask(ThreadPoolExecutor.java:1074)
        at java.util.concurrent.ThreadPoolExecutor.runWorker(ThreadPoolExecutor.java:1134)
        at java.util.concurrent.ThreadPoolExecutor$Worker.run(ThreadPoolExecutor.java:624)
        at java.lang.Thread.run(Thread.java:750)
"Lease Manager-LeaseManager#LeaseMonitor" daemon prio=5 tid=798 timed_waiting
java.lang.Thread.State: TIMED_WAITING
        at java.lang.Object.wait(Native Method)
        at org.apache.hadoop.ozone.lease.LeaseManager$LeaseMonitor.run(LeaseManager.java:269)
        at java.lang.Thread.run(Thread.java:750)
"FullTableCache Cleanup Thread - 0" daemon prio=5 tid=1064 in Object.wait()
java.lang.Thread.State: WAITING (on object monitor)
        at sun.misc.Unsafe.park(Native Method)
        at java.util.concurrent.locks.LockSupport.park(LockSupport.java:175)
        at java.util.concurrent.locks.AbstractQueuedSynchronizer$ConditionObject.await(AbstractQueuedSynchronizer.java:2039)
        at java.util.concurrent.LinkedBlockingQueue.take(LinkedBlockingQueue.java:442)
        at java.util.concurrent.ThreadPoolExecutor.getTask(ThreadPoolExecutor.java:1074)
        at java.util.concurrent.ThreadPoolExecutor.runWorker(ThreadPoolExecutor.java:1134)
        at java.util.concurrent.ThreadPoolExecutor$Worker.run(ThreadPoolExecutor.java:624)
        at java.lang.Thread.run(Thread.java:750)
"DataNode DiskChecker thread 0" daemon prio=5 tid=923 timed_waiting
java.lang.Thread.State: TIMED_WAITING
        at sun.misc.Unsafe.park(Native Method)
        at java.util.concurrent.locks.LockSupport.parkNanos(LockSupport.java:215)
        at java.util.concurrent.SynchronousQueue$TransferStack.awaitFulfill(SynchronousQueue.java:460)
        at java.util.concurrent.SynchronousQueue$TransferStack.transfer(SynchronousQueue.java:362)
        at java.util.concurrent.SynchronousQueue.poll(SynchronousQueue.java:941)
        at java.util.concurrent.ThreadPoolExecutor.getTask(ThreadPoolExecutor.java:1073)
        at java.util.concurrent.ThreadPoolExecutor.runWorker(ThreadPoolExecutor.java:1134)
        at java.util.concurrent.ThreadPoolExecutor$Worker.run(ThreadPoolExecutor.java:624)
        at java.lang.Thread.run(Thread.java:750)
"IPC Server handler 14 on default port 44187" daemon prio=5 tid=860 timed_waiting
java.lang.Thread.State: TIMED_WAITING
        at sun.misc.Unsafe.park(Native Method)
        at java.util.concurrent.locks.LockSupport.parkNanos(LockSupport.java:215)
        at java.util.concurrent.locks.AbstractQueuedSynchronizer$ConditionObject.awaitNanos(AbstractQueuedSynchronizer.java:2078)
        at java.util.concurrent.LinkedBlockingQueue.poll(LinkedBlockingQueue.java:467)
        at org.apache.hadoop.ipc.CallQueueManager.take(CallQueueManager.java:317)
        at org.apache.hadoop.ipc.Server$Handler.run(Server.java:2992)
"ChunkWriter-2-0" daemon prio=5 tid=956 in Object.wait()
java.lang.Thread.State: WAITING (on object monitor)
        at sun.misc.Unsafe.park(Native Method)
        at java.util.concurrent.locks.LockSupport.park(LockSupport.java:175)
        at java.util.concurrent.locks.AbstractQueuedSynchronizer$ConditionObject.await(AbstractQueuedSynchronizer.java:2039)
        at java.util.concurrent.LinkedBlockingDeque.takeFirst(LinkedBlockingDeque.java:492)
        at java.util.concurrent.LinkedBlockingDeque.take(LinkedBlockingDeque.java:680)
        at java.util.concurrent.ThreadPoolExecutor.getTask(ThreadPoolExecutor.java:1074)
        at java.util.concurrent.ThreadPoolExecutor.runWorker(ThreadPoolExecutor.java:1134)
        at java.util.concurrent.ThreadPoolExecutor$Worker.run(ThreadPoolExecutor.java:624)
        at java.lang.Thread.run(Thread.java:750)
"Datanode ReportManager Thread - 0" daemon prio=5 tid=940 in Object.wait()
java.lang.Thread.State: WAITING (on object monitor)
        at sun.misc.Unsafe.park(Native Method)
        at java.util.concurrent.locks.LockSupport.park(LockSupport.java:175)
        at java.util.concurrent.locks.AbstractQueuedSynchronizer$ConditionObject.await(AbstractQueuedSynchronizer.java:2039)
        at java.util.concurrent.ScheduledThreadPoolExecutor$DelayedWorkQueue.take(ScheduledThreadPoolExecutor.java:1088)
        at java.util.concurrent.ScheduledThreadPoolExecutor$DelayedWorkQueue.take(ScheduledThreadPoolExecutor.java:809)
        at java.util.concurrent.ThreadPoolExecutor.getTask(ThreadPoolExecutor.java:1074)
        at java.util.concurrent.ThreadPoolExecutor.runWorker(ThreadPoolExecutor.java:1134)
        at java.util.concurrent.ThreadPoolExecutor$Worker.run(ThreadPoolExecutor.java:624)
        at java.lang.Thread.run(Thread.java:750)
"qtp1532094190-876" daemon prio=5 tid=876 runnable
java.lang.Thread.State: RUNNABLE
        at sun.nio.ch.EPollArrayWrapper.epollWait(Native Method)
        at sun.nio.ch.EPollArrayWrapper.poll(EPollArrayWrapper.java:269)
        at sun.nio.ch.EPollSelectorImpl.doSelect(EPollSelectorImpl.java:93)
        at sun.nio.ch.SelectorImpl.lockAndDoSelect(SelectorImpl.java:86)
        at sun.nio.ch.SelectorImpl.select(SelectorImpl.java:97)
        at sun.nio.ch.SelectorImpl.select(SelectorImpl.java:101)
        at org.eclipse.jetty.io.ManagedSelector.nioSelect(ManagedSelector.java:183)
        at org.eclipse.jetty.io.ManagedSelector.select(ManagedSelector.java:190)
        at org.eclipse.jetty.io.ManagedSelector$SelectorProducer.select(ManagedSelector.java:606)
        at org.eclipse.jetty.io.ManagedSelector$SelectorProducer.produce(ManagedSelector.java:543)
        at org.eclipse.jetty.util.thread.strategy.EatWhatYouKill.produceTask(EatWhatYouKill.java:362)
        at org.eclipse.jetty.util.thread.strategy.EatWhatYouKill.doProduce(EatWhatYouKill.java:186)
        at org.eclipse.jetty.util.thread.strategy.EatWhatYouKill.tryProduce(EatWhatYouKill.java:173)
        at org.eclipse.jetty.util.thread.strategy.EatWhatYouKill.produce(EatWhatYouKill.java:137)
        at org.eclipse.jetty.io.ManagedSelector$$Lambda$476/1479867711.run(Unknown Source)
        at org.eclipse.jetty.util.thread.QueuedThreadPool.runJob(QueuedThreadPool.java:883)
        at org.eclipse.jetty.util.thread.QueuedThreadPool$Runner.run(QueuedThreadPool.java:1034)
        at java.lang.Thread.run(Thread.java:750)
"surefire-forkedjvm-command-thread" daemon prio=5 tid=10 runnable
java.lang.Thread.State: RUNNABLE
        at java.io.FileInputStream.readBytes(Native Method)
        at java.io.FileInputStream.read(FileInputStream.java:255)
        at java.io.BufferedInputStream.read1(BufferedInputStream.java:284)
        at java.io.BufferedInputStream.read(BufferedInputStream.java:345)
        at java.io.BufferedInputStream.fill(BufferedInputStream.java:246)
        at java.io.BufferedInputStream.read1(BufferedInputStream.java:286)
        at java.io.BufferedInputStream.read(BufferedInputStream.java:345)
        at org.apache.maven.surefire.api.util.internal.Channels$3.readImpl(Channels.java:214)
        at org.apache.maven.surefire.api.util.internal.AbstractNoninterruptibleReadableChannel.read(AbstractNoninterruptibleReadableChannel.java:54)
        at org.apache.maven.surefire.booter.spi.LegacyMasterProcessChannelDecoder.decode(LegacyMasterProcessChannelDecoder.java:80)
        at org.apache.maven.surefire.booter.CommandReader$CommandRunnable.run(CommandReader.java:343)
        at java.lang.Thread.run(Thread.java:750)
"FullTableCache Cleanup Thread - 0" daemon prio=5 tid=382 in Object.wait()
java.lang.Thread.State: WAITING (on object monitor)
        at sun.misc.Unsafe.park(Native Method)
        at java.util.concurrent.locks.LockSupport.park(LockSupport.java:175)
        at java.util.concurrent.locks.AbstractQueuedSynchronizer$ConditionObject.await(AbstractQueuedSynchronizer.java:2039)
        at java.util.concurrent.LinkedBlockingQueue.take(LinkedBlockingQueue.java:442)
        at java.util.concurrent.ThreadPoolExecutor.getTask(ThreadPoolExecutor.java:1074)
        at java.util.concurrent.ThreadPoolExecutor.runWorker(ThreadPoolExecutor.java:1134)
        at java.util.concurrent.ThreadPoolExecutor$Worker.run(ThreadPoolExecutor.java:624)
        at java.lang.Thread.run(Thread.java:750)
"BlockDeletingService#8" daemon prio=5 tid=997 in Object.wait()
java.lang.Thread.State: WAITING (on object monitor)
        at sun.misc.Unsafe.park(Native Method)
        at java.util.concurrent.locks.LockSupport.park(LockSupport.java:175)
        at java.util.concurrent.locks.AbstractQueuedSynchronizer$ConditionObject.await(AbstractQueuedSynchronizer.java:2039)
        at java.util.concurrent.ScheduledThreadPoolExecutor$DelayedWorkQueue.take(ScheduledThreadPoolExecutor.java:1088)
        at java.util.concurrent.ScheduledThreadPoolExecutor$DelayedWorkQueue.take(ScheduledThreadPoolExecutor.java:809)
        at java.util.concurrent.ThreadPoolExecutor.getTask(ThreadPoolExecutor.java:1074)
        at java.util.concurrent.ThreadPoolExecutor.runWorker(ThreadPoolExecutor.java:1134)
        at java.util.concurrent.ThreadPoolExecutor$Worker.run(ThreadPoolExecutor.java:624)
        at java.lang.Thread.run(Thread.java:750)
"BlockDeletingService#0" daemon prio=5 tid=975 in Object.wait()
java.lang.Thread.State: WAITING (on object monitor)
        at sun.misc.Unsafe.park(Native Method)
        at java.util.concurrent.locks.LockSupport.park(LockSupport.java:175)
        at java.util.concurrent.locks.AbstractQueuedSynchronizer$ConditionObject.await(AbstractQueuedSynchronizer.java:2039)
        at java.util.concurrent.ScheduledThreadPoolExecutor$DelayedWorkQueue.take(ScheduledThreadPoolExecutor.java:1088)
        at java.util.concurrent.ScheduledThreadPoolExecutor$DelayedWorkQueue.take(ScheduledThreadPoolExecutor.java:809)
        at java.util.concurrent.ThreadPoolExecutor.getTask(ThreadPoolExecutor.java:1074)
        at java.util.concurrent.ThreadPoolExecutor.runWorker(ThreadPoolExecutor.java:1134)
        at java.util.concurrent.ThreadPoolExecutor$Worker.run(ThreadPoolExecutor.java:624)
        at java.lang.Thread.run(Thread.java:750)
"ContainerOp-47ca2eb6-cbc1-4dd0-8b98-7a7bec77320f-4"  prio=5 tid=1087 in Object.wait()
java.lang.Thread.State: WAITING (on object monitor)
        at sun.misc.Unsafe.park(Native Method)
        at java.util.concurrent.locks.LockSupport.park(LockSupport.java:175)
        at java.util.concurrent.locks.AbstractQueuedSynchronizer$ConditionObject.await(AbstractQueuedSynchronizer.java:2039)
        at java.util.concurrent.LinkedBlockingQueue.take(LinkedBlockingQueue.java:442)
        at java.util.concurrent.ThreadPoolExecutor.getTask(ThreadPoolExecutor.java:1074)
        at java.util.concurrent.ThreadPoolExecutor.runWorker(ThreadPoolExecutor.java:1134)
        at java.util.concurrent.ThreadPoolExecutor$Worker.run(ThreadPoolExecutor.java:624)
        at java.lang.Thread.run(Thread.java:750)
"IPC Server handler 2 on default port 41211" daemon prio=5 tid=739 timed_waiting
java.lang.Thread.State: TIMED_WAITING
        at sun.misc.Unsafe.park(Native Method)
        at java.util.concurrent.locks.LockSupport.parkNanos(LockSupport.java:215)
        at java.util.concurrent.locks.AbstractQueuedSynchronizer$ConditionObject.awaitNanos(AbstractQueuedSynchronizer.java:2078)
        at java.util.concurrent.LinkedBlockingQueue.poll(LinkedBlockingQueue.java:467)
        at org.apache.hadoop.ipc.CallQueueManager.take(CallQueueManager.java:317)
        at org.apache.hadoop.ipc.Server$Handler.run(Server.java:2992)
"Signal Dispatcher" daemon prio=9 tid=4 runnable
java.lang.Thread.State: RUNNABLE
"DeleteBlocksCommandHandlerThread-0"  prio=5 tid=1141 in Object.wait()
java.lang.Thread.State: WAITING (on object monitor)
        at sun.misc.Unsafe.park(Native Method)
        at java.util.concurrent.locks.LockSupport.park(LockSupport.java:175)
        at java.util.concurrent.locks.AbstractQueuedSynchronizer$ConditionObject.await(AbstractQueuedSynchronizer.java:2039)
        at java.util.concurrent.LinkedBlockingQueue.take(LinkedBlockingQueue.java:442)
        at java.util.concurrent.ThreadPoolExecutor.getTask(ThreadPoolExecutor.java:1074)
        at java.util.concurrent.ThreadPoolExecutor.runWorker(ThreadPoolExecutor.java:1134)
        at java.util.concurrent.ThreadPoolExecutor$Worker.run(ThreadPoolExecutor.java:624)
        at java.lang.Thread.run(Thread.java:750)
"BlockDeletingService#0" daemon prio=5 tid=960 in Object.wait()
java.lang.Thread.State: WAITING (on object monitor)
        at sun.misc.Unsafe.park(Native Method)
        at java.util.concurrent.locks.LockSupport.park(LockSupport.java:175)
        at java.util.concurrent.locks.AbstractQueuedSynchronizer$ConditionObject.await(AbstractQueuedSynchronizer.java:2039)
        at java.util.concurrent.ScheduledThreadPoolExecutor$DelayedWorkQueue.take(ScheduledThreadPoolExecutor.java:1088)
        at java.util.concurrent.ScheduledThreadPoolExecutor$DelayedWorkQueue.take(ScheduledThreadPoolExecutor.java:809)
        at java.util.concurrent.ThreadPoolExecutor.getTask(ThreadPoolExecutor.java:1074)
        at java.util.concurrent.ThreadPoolExecutor.runWorker(ThreadPoolExecutor.java:1134)
        at java.util.concurrent.ThreadPoolExecutor$Worker.run(ThreadPoolExecutor.java:624)
        at java.lang.Thread.run(Thread.java:750)
"BlockDeletingService#7" daemon prio=5 tid=1009 in Object.wait()
java.lang.Thread.State: WAITING (on object monitor)
        at sun.misc.Unsafe.park(Native Method)
        at java.util.concurrent.locks.LockSupport.park(LockSupport.java:175)
        at java.util.concurrent.locks.AbstractQueuedSynchronizer$ConditionObject.await(AbstractQueuedSynchronizer.java:2039)
        at java.util.concurrent.ScheduledThreadPoolExecutor$DelayedWorkQueue.take(ScheduledThreadPoolExecutor.java:1088)
        at java.util.concurrent.ScheduledThreadPoolExecutor$DelayedWorkQueue.take(ScheduledThreadPoolExecutor.java:809)
        at java.util.concurrent.ThreadPoolExecutor.getTask(ThreadPoolExecutor.java:1074)
        at java.util.concurrent.ThreadPoolExecutor.runWorker(ThreadPoolExecutor.java:1134)
        at java.util.concurrent.ThreadPoolExecutor$Worker.run(ThreadPoolExecutor.java:624)
        at java.lang.Thread.run(Thread.java:750)
"IPC Server handler 13 on default port 40595" daemon prio=5 tid=790 timed_waiting
java.lang.Thread.State: TIMED_WAITING
        at sun.misc.Unsafe.park(Native Method)
        at java.util.concurrent.locks.LockSupport.parkNanos(LockSupport.java:215)
        at java.util.concurrent.locks.AbstractQueuedSynchronizer$ConditionObject.awaitNanos(AbstractQueuedSynchronizer.java:2078)
        at java.util.concurrent.LinkedBlockingQueue.poll(LinkedBlockingQueue.java:467)
        at org.apache.hadoop.ipc.CallQueueManager.take(CallQueueManager.java:317)
        at org.apache.hadoop.ipc.Server$Handler.run(Server.java:2992)
"IPC Server handler 9 on default port 41211" daemon prio=5 tid=746 timed_waiting
java.lang.Thread.State: TIMED_WAITING
        at sun.misc.Unsafe.park(Native Method)
        at java.util.concurrent.locks.LockSupport.parkNanos(LockSupport.java:215)
        at java.util.concurrent.locks.AbstractQueuedSynchronizer$ConditionObject.awaitNanos(AbstractQueuedSynchronizer.java:2078)
        at java.util.concurrent.LinkedBlockingQueue.poll(LinkedBlockingQueue.java:467)
        at org.apache.hadoop.ipc.CallQueueManager.take(CallQueueManager.java:317)
        at org.apache.hadoop.ipc.Server$Handler.run(Server.java:2992)
"ContainerOp-47ca2eb6-cbc1-4dd0-8b98-7a7bec77320f-1"  prio=5 tid=1076 in Object.wait()
java.lang.Thread.State: WAITING (on object monitor)
        at sun.misc.Unsafe.park(Native Method)
        at java.util.concurrent.locks.LockSupport.park(LockSupport.java:175)
        at java.util.concurrent.locks.AbstractQueuedSynchronizer$ConditionObject.await(AbstractQueuedSynchronizer.java:2039)
        at java.util.concurrent.LinkedBlockingQueue.take(LinkedBlockingQueue.java:442)
        at java.util.concurrent.ThreadPoolExecutor.getTask(ThreadPoolExecutor.java:1074)
        at java.util.concurrent.ThreadPoolExecutor.runWorker(ThreadPoolExecutor.java:1134)
        at java.util.concurrent.ThreadPoolExecutor$Worker.run(ThreadPoolExecutor.java:624)
        at java.lang.Thread.run(Thread.java:750)
"Command processor thread" daemon prio=5 tid=891 timed_waiting
java.lang.Thread.State: TIMED_WAITING
        at java.lang.Thread.sleep(Native Method)
        at org.apache.hadoop.ozone.container.common.statemachine.DatanodeStateMachine.lambda$initCommandHandlerThread$3(DatanodeStateMachine.java:649)
        at org.apache.hadoop.ozone.container.common.statemachine.DatanodeStateMachine$$Lambda$828/701559544.run(Unknown Source)
        at java.lang.Thread.run(Thread.java:750)
"IPC Server handler 13 on default port 46503" daemon prio=5 tid=770 timed_waiting
java.lang.Thread.State: TIMED_WAITING
        at sun.misc.Unsafe.park(Native Method)
        at java.util.concurrent.locks.LockSupport.parkNanos(LockSupport.java:215)
        at java.util.concurrent.locks.AbstractQueuedSynchronizer$ConditionObject.awaitNanos(AbstractQueuedSynchronizer.java:2078)
        at java.util.concurrent.LinkedBlockingQueue.poll(LinkedBlockingQueue.java:467)
        at org.apache.hadoop.ipc.CallQueueManager.take(CallQueueManager.java:317)
        at org.apache.hadoop.ipc.Server$Handler.run(Server.java:2992)
"ContainerOp-47ca2eb6-cbc1-4dd0-8b98-7a7bec77320f-9"  prio=5 tid=1103 in Object.wait()
java.lang.Thread.State: WAITING (on object monitor)
        at sun.misc.Unsafe.park(Native Method)
        at java.util.concurrent.locks.LockSupport.park(LockSupport.java:175)
        at java.util.concurrent.locks.AbstractQueuedSynchronizer$ConditionObject.await(AbstractQueuedSynchronizer.java:2039)
        at java.util.concurrent.LinkedBlockingQueue.take(LinkedBlockingQueue.java:442)
        at java.util.concurrent.ThreadPoolExecutor.getTask(ThreadPoolExecutor.java:1074)
        at java.util.concurrent.ThreadPoolExecutor.runWorker(ThreadPoolExecutor.java:1134)
        at java.util.concurrent.ThreadPoolExecutor$Worker.run(ThreadPoolExecutor.java:624)
        at java.lang.Thread.run(Thread.java:750)
"IPC Server handler 1 on default port 41211" daemon prio=5 tid=738 timed_waiting
java.lang.Thread.State: TIMED_WAITING
        at sun.misc.Unsafe.park(Native Method)
        at java.util.concurrent.locks.LockSupport.parkNanos(LockSupport.java:215)
        at java.util.concurrent.locks.AbstractQueuedSynchronizer$ConditionObject.awaitNanos(AbstractQueuedSynchronizer.java:2078)
        at java.util.concurrent.LinkedBlockingQueue.poll(LinkedBlockingQueue.java:467)
        at org.apache.hadoop.ipc.CallQueueManager.take(CallQueueManager.java:317)
        at org.apache.hadoop.ipc.Server$Handler.run(Server.java:2992)
"IPC Server Responder" daemon prio=5 tid=823 runnable
java.lang.Thread.State: RUNNABLE
        at sun.nio.ch.EPollArrayWrapper.epollWait(Native Method)
        at sun.nio.ch.EPollArrayWrapper.poll(EPollArrayWrapper.java:269)
        at sun.nio.ch.EPollSelectorImpl.doSelect(EPollSelectorImpl.java:93)
        at sun.nio.ch.SelectorImpl.lockAndDoSelect(SelectorImpl.java:86)
        at sun.nio.ch.SelectorImpl.select(SelectorImpl.java:97)
        at org.apache.hadoop.ipc.Server$Responder.doRunLoop(Server.java:1578)
        at org.apache.hadoop.ipc.Server$Responder.run(Server.java:1561)
"DeleteBlocksCommandHandlerThread-3"  prio=5 tid=1161 in Object.wait()
java.lang.Thread.State: WAITING (on object monitor)
        at sun.misc.Unsafe.park(Native Method)
        at java.util.concurrent.locks.LockSupport.park(LockSupport.java:175)
        at java.util.concurrent.locks.AbstractQueuedSynchronizer$ConditionObject.await(AbstractQueuedSynchronizer.java:2039)
        at java.util.concurrent.LinkedBlockingQueue.take(LinkedBlockingQueue.java:442)
        at java.util.concurrent.ThreadPoolExecutor.getTask(ThreadPoolExecutor.java:1074)
        at java.util.concurrent.ThreadPoolExecutor.runWorker(ThreadPoolExecutor.java:1134)
        at java.util.concurrent.ThreadPoolExecutor$Worker.run(ThreadPoolExecutor.java:624)
        at java.lang.Thread.run(Thread.java:750)
"IPC Server handler 10 on default port 40595" daemon prio=5 tid=787 timed_waiting
java.lang.Thread.State: TIMED_WAITING
        at sun.misc.Unsafe.park(Native Method)
        at java.util.concurrent.locks.LockSupport.parkNanos(LockSupport.java:215)
        at java.util.concurrent.locks.AbstractQueuedSynchronizer$ConditionObject.awaitNanos(AbstractQueuedSynchronizer.java:2078)
        at java.util.concurrent.LinkedBlockingQueue.poll(LinkedBlockingQueue.java:467)
        at org.apache.hadoop.ipc.CallQueueManager.take(CallQueueManager.java:317)
        at org.apache.hadoop.ipc.Server$Handler.run(Server.java:2992)
"grpc-default-executor-6" daemon prio=5 tid=1055 timed_waiting
java.lang.Thread.State: TIMED_WAITING
        at sun.misc.Unsafe.park(Native Method)
        at java.util.concurrent.locks.LockSupport.parkNanos(LockSupport.java:215)
        at java.util.concurrent.SynchronousQueue$TransferStack.awaitFulfill(SynchronousQueue.java:460)
        at java.util.concurrent.SynchronousQueue$TransferStack.transfer(SynchronousQueue.java:362)
        at java.util.concurrent.SynchronousQueue.poll(SynchronousQueue.java:941)
        at java.util.concurrent.ThreadPoolExecutor.getTask(ThreadPoolExecutor.java:1073)
        at java.util.concurrent.ThreadPoolExecutor.runWorker(ThreadPoolExecutor.java:1134)
        at java.util.concurrent.ThreadPoolExecutor$Worker.run(ThreadPoolExecutor.java:624)
        at java.lang.Thread.run(Thread.java:750)
"IPC Server handler 2 on default port 46503" daemon prio=5 tid=759 timed_waiting
java.lang.Thread.State: TIMED_WAITING
        at sun.misc.Unsafe.park(Native Method)
        at java.util.concurrent.locks.LockSupport.parkNanos(LockSupport.java:215)
        at java.util.concurrent.locks.AbstractQueuedSynchronizer$ConditionObject.awaitNanos(AbstractQueuedSynchronizer.java:2078)
        at java.util.concurrent.LinkedBlockingQueue.poll(LinkedBlockingQueue.java:467)
        at org.apache.hadoop.ipc.CallQueueManager.take(CallQueueManager.java:317)
        at org.apache.hadoop.ipc.Server$Handler.run(Server.java:2992)
"qtp28114465-838-acceptor-0@ea7d45f-ServerConnector@2b999312{HTTP/1.1, (http/1.1)}{0.0.0.0:44069}" daemon prio=3 tid=838 runnable
java.lang.Thread.State: RUNNABLE
        at sun.nio.ch.ServerSocketChannelImpl.accept0(Native Method)
        at sun.nio.ch.ServerSocketChannelImpl.accept(ServerSocketChannelImpl.java:421)
        at sun.nio.ch.ServerSocketChannelImpl.accept(ServerSocketChannelImpl.java:249)
        at org.eclipse.jetty.server.ServerConnector.accept(ServerConnector.java:388)
        at org.eclipse.jetty.server.AbstractConnector$Acceptor.run(AbstractConnector.java:704)
        at org.eclipse.jetty.util.thread.QueuedThreadPool.runJob(QueuedThreadPool.java:883)
        at org.eclipse.jetty.util.thread.QueuedThreadPool$Runner.run(QueuedThreadPool.java:1034)
        at java.lang.Thread.run(Thread.java:750)
"grpc-default-executor-1" daemon prio=5 tid=1043 timed_waiting
java.lang.Thread.State: TIMED_WAITING
        at sun.misc.Unsafe.park(Native Method)
        at java.util.concurrent.locks.LockSupport.parkNanos(LockSupport.java:215)
        at java.util.concurrent.SynchronousQueue$TransferStack.awaitFulfill(SynchronousQueue.java:460)
        at java.util.concurrent.SynchronousQueue$TransferStack.transfer(SynchronousQueue.java:362)
        at java.util.concurrent.SynchronousQueue.poll(SynchronousQueue.java:941)
        at java.util.concurrent.ThreadPoolExecutor.getTask(ThreadPoolExecutor.java:1073)
        at java.util.concurrent.ThreadPoolExecutor.runWorker(ThreadPoolExecutor.java:1134)
        at java.util.concurrent.ThreadPoolExecutor$Worker.run(ThreadPoolExecutor.java:624)
        at java.lang.Thread.run(Thread.java:750)
"EventQueue-DatanodeCommandQueueUpdatedForDatanodeCommandCountUpdatedHandler" daemon prio=5 tid=1018 in Object.wait()
java.lang.Thread.State: WAITING (on object monitor)
        at sun.misc.Unsafe.park(Native Method)
        at java.util.concurrent.locks.LockSupport.park(LockSupport.java:175)
        at java.util.concurrent.locks.AbstractQueuedSynchronizer$ConditionObject.await(AbstractQueuedSynchronizer.java:2039)
        at java.util.concurrent.LinkedBlockingQueue.take(LinkedBlockingQueue.java:442)
        at java.util.concurrent.ThreadPoolExecutor.getTask(ThreadPoolExecutor.java:1074)
        at java.util.concurrent.ThreadPoolExecutor.runWorker(ThreadPoolExecutor.java:1134)
        at java.util.concurrent.ThreadPoolExecutor$Worker.run(ThreadPoolExecutor.java:624)
        at java.lang.Thread.run(Thread.java:750)
"qtp28114465-844" daemon prio=5 tid=844 timed_waiting
java.lang.Thread.State: TIMED_WAITING
        at sun.misc.Unsafe.park(Native Method)
        at java.util.concurrent.locks.LockSupport.parkNanos(LockSupport.java:215)
        at java.util.concurrent.locks.AbstractQueuedSynchronizer$ConditionObject.awaitNanos(AbstractQueuedSynchronizer.java:2078)
        at org.eclipse.jetty.util.BlockingArrayQueue.poll(BlockingArrayQueue.java:382)
        at org.eclipse.jetty.util.thread.QueuedThreadPool$Runner.idleJobPoll(QueuedThreadPool.java:974)
        at org.eclipse.jetty.util.thread.QueuedThreadPool$Runner.run(QueuedThreadPool.java:1018)
        at java.lang.Thread.run(Thread.java:750)
"FixedThreadPoolWithAffinityExecutor-6-0" daemon prio=5 tid=731 timed_waiting
java.lang.Thread.State: TIMED_WAITING
        at sun.misc.Unsafe.park(Native Method)
        at java.util.concurrent.locks.LockSupport.parkNanos(LockSupport.java:215)
        at java.util.concurrent.locks.AbstractQueuedSynchronizer$ConditionObject.awaitNanos(AbstractQueuedSynchronizer.java:2078)
        at java.util.concurrent.LinkedBlockingQueue.poll(LinkedBlockingQueue.java:467)
        at org.apache.hadoop.hdds.scm.server.ContainerReportQueue.poll(ContainerReportQueue.java:266)
        at org.apache.hadoop.hdds.scm.server.ContainerReportQueue.poll(ContainerReportQueue.java:42)
        at org.apache.hadoop.hdds.server.events.FixedThreadPoolWithAffinityExecutor$ContainerReportProcessTask.run(FixedThreadPoolWithAffinityExecutor.java:247)
        at java.util.concurrent.Executors$RunnableAdapter.call(Executors.java:511)
        at java.util.concurrent.FutureTask.run(FutureTask.java:266)
        at java.util.concurrent.ThreadPoolExecutor.runWorker(ThreadPoolExecutor.java:1149)
        at java.util.concurrent.ThreadPoolExecutor$Worker.run(ThreadPoolExecutor.java:624)
        at java.lang.Thread.run(Thread.java:750)
"qtp1532094190-879" daemon prio=5 tid=879 timed_waiting
java.lang.Thread.State: TIMED_WAITING
        at sun.misc.Unsafe.park(Native Method)
        at java.util.concurrent.locks.LockSupport.parkNanos(LockSupport.java:215)
        at java.util.concurrent.locks.AbstractQueuedSynchronizer$ConditionObject.awaitNanos(AbstractQueuedSynchronizer.java:2078)
        at org.eclipse.jetty.util.BlockingArrayQueue.poll(BlockingArrayQueue.java:382)
        at org.eclipse.jetty.util.thread.QueuedThreadPool$Runner.idleJobPoll(QueuedThreadPool.java:974)
        at org.eclipse.jetty.util.thread.QueuedThreadPool$Runner.run(QueuedThreadPool.java:1018)
        at java.lang.Thread.run(Thread.java:750)
"grpc-default-executor-2" daemon prio=5 tid=1048 timed_waiting
java.lang.Thread.State: TIMED_WAITING
        at sun.misc.Unsafe.park(Native Method)
        at java.util.concurrent.locks.LockSupport.parkNanos(LockSupport.java:215)
        at java.util.concurrent.SynchronousQueue$TransferStack.awaitFulfill(SynchronousQueue.java:460)
        at java.util.concurrent.SynchronousQueue$TransferStack.transfer(SynchronousQueue.java:362)
        at java.util.concurrent.SynchronousQueue.poll(SynchronousQueue.java:941)
        at java.util.concurrent.ThreadPoolExecutor.getTask(ThreadPoolExecutor.java:1073)
        at java.util.concurrent.ThreadPoolExecutor.runWorker(ThreadPoolExecutor.java:1134)
        at java.util.concurrent.ThreadPoolExecutor$Worker.run(ThreadPoolExecutor.java:624)
        at java.lang.Thread.run(Thread.java:750)
"bc0378cf-3bdb-433c-bc8f-db90f0932c02-impl-thread1"  prio=5 tid=927 timed_waiting
java.lang.Thread.State: TIMED_WAITING
        at sun.misc.Unsafe.park(Native Method)
        at java.util.concurrent.locks.LockSupport.parkNanos(LockSupport.java:215)
        at java.util.concurrent.SynchronousQueue$TransferStack.awaitFulfill(SynchronousQueue.java:460)
        at java.util.concurrent.SynchronousQueue$TransferStack.transfer(SynchronousQueue.java:362)
        at java.util.concurrent.SynchronousQueue.poll(SynchronousQueue.java:941)
        at java.util.concurrent.ThreadPoolExecutor.getTask(ThreadPoolExecutor.java:1073)
        at java.util.concurrent.ThreadPoolExecutor.runWorker(ThreadPoolExecutor.java:1134)
        at java.util.concurrent.ThreadPoolExecutor$Worker.run(ThreadPoolExecutor.java:624)
        at java.lang.Thread.run(Thread.java:750)
"15488c1c-ff1a-49f6-9596-cf663845e1ec-NettyServerStreamRpc-bossGroup--thread1"  prio=5 tid=872 runnable
java.lang.Thread.State: RUNNABLE
        at sun.nio.ch.EPollArrayWrapper.epollWait(Native Method)
        at sun.nio.ch.EPollArrayWrapper.poll(EPollArrayWrapper.java:269)
        at sun.nio.ch.EPollSelectorImpl.doSelect(EPollSelectorImpl.java:93)
        at sun.nio.ch.SelectorImpl.lockAndDoSelect(SelectorImpl.java:86)
        at sun.nio.ch.SelectorImpl.select(SelectorImpl.java:97)
        at sun.nio.ch.SelectorImpl.select(SelectorImpl.java:101)
        at org.apache.ratis.thirdparty.io.netty.channel.nio.SelectedSelectionKeySetSelector.select(SelectedSelectionKeySetSelector.java:68)
        at org.apache.ratis.thirdparty.io.netty.channel.nio.NioEventLoop.select(NioEventLoop.java:813)
        at org.apache.ratis.thirdparty.io.netty.channel.nio.NioEventLoop.run(NioEventLoop.java:460)
        at org.apache.ratis.thirdparty.io.netty.util.concurrent.SingleThreadEventExecutor$4.run(SingleThreadEventExecutor.java:995)
        at org.apache.ratis.thirdparty.io.netty.util.internal.ThreadExecutorMap$2.run(ThreadExecutorMap.java:74)
        at java.lang.Thread.run(Thread.java:750)
"PartialTableCache Cleanup Thread - 0" daemon prio=5 tid=1068 in Object.wait()
java.lang.Thread.State: WAITING (on object monitor)
        at sun.misc.Unsafe.park(Native Method)
        at java.util.concurrent.locks.LockSupport.park(LockSupport.java:175)
        at java.util.concurrent.locks.AbstractQueuedSynchronizer$ConditionObject.await(AbstractQueuedSynchronizer.java:2039)
        at java.util.concurrent.LinkedBlockingQueue.take(LinkedBlockingQueue.java:442)
        at java.util.concurrent.ThreadPoolExecutor.getTask(ThreadPoolExecutor.java:1074)
        at java.util.concurrent.ThreadPoolExecutor.runWorker(ThreadPoolExecutor.java:1134)
        at java.util.concurrent.ThreadPoolExecutor$Worker.run(ThreadPoolExecutor.java:624)
        at java.lang.Thread.run(Thread.java:750)
"Datanode ReportManager Thread - 0" daemon prio=5 tid=913 in Object.wait()
java.lang.Thread.State: WAITING (on object monitor)
        at sun.misc.Unsafe.park(Native Method)
        at java.util.concurrent.locks.LockSupport.park(LockSupport.java:175)
        at java.util.concurrent.locks.AbstractQueuedSynchronizer$ConditionObject.await(AbstractQueuedSynchronizer.java:2039)
        at java.util.concurrent.ScheduledThreadPoolExecutor$DelayedWorkQueue.take(ScheduledThreadPoolExecutor.java:1088)
        at java.util.concurrent.ScheduledThreadPoolExecutor$DelayedWorkQueue.take(ScheduledThreadPoolExecutor.java:809)
        at java.util.concurrent.ThreadPoolExecutor.getTask(ThreadPoolExecutor.java:1074)
        at java.util.concurrent.ThreadPoolExecutor.runWorker(ThreadPoolExecutor.java:1134)
        at java.util.concurrent.ThreadPoolExecutor$Worker.run(ThreadPoolExecutor.java:624)
        at java.lang.Thread.run(Thread.java:750)
"EndpointStateMachine task thread for /0.0.0.0:40595 - 0 "  prio=5 tid=984 in Object.wait()
java.lang.Thread.State: WAITING (on object monitor)
        at sun.misc.Unsafe.park(Native Method)
        at java.util.concurrent.locks.LockSupport.park(LockSupport.java:175)
        at java.util.concurrent.locks.AbstractQueuedSynchronizer$ConditionObject.await(AbstractQueuedSynchronizer.java:2039)
        at java.util.concurrent.LinkedBlockingQueue.take(LinkedBlockingQueue.java:442)
        at java.util.concurrent.ThreadPoolExecutor.getTask(ThreadPoolExecutor.java:1074)
        at java.util.concurrent.ThreadPoolExecutor.runWorker(ThreadPoolExecutor.java:1134)
        at java.util.concurrent.ThreadPoolExecutor$Worker.run(ThreadPoolExecutor.java:624)
        at java.lang.Thread.run(Thread.java:750)
"IPC Server handler 9 on default port 46503" daemon prio=5 tid=766 timed_waiting
java.lang.Thread.State: TIMED_WAITING
        at sun.misc.Unsafe.park(Native Method)
        at java.util.concurrent.locks.LockSupport.parkNanos(LockSupport.java:215)
        at java.util.concurrent.locks.AbstractQueuedSynchronizer$ConditionObject.awaitNanos(AbstractQueuedSynchronizer.java:2078)
        at java.util.concurrent.LinkedBlockingQueue.poll(LinkedBlockingQueue.java:467)
        at org.apache.hadoop.ipc.CallQueueManager.take(CallQueueManager.java:317)
        at org.apache.hadoop.ipc.Server$Handler.run(Server.java:2992)
"PartialTableCache Cleanup Thread - 0" daemon prio=5 tid=1119 in Object.wait()
java.lang.Thread.State: WAITING (on object monitor)
        at sun.misc.Unsafe.park(Native Method)
        at java.util.concurrent.locks.LockSupport.park(LockSupport.java:175)
        at java.util.concurrent.locks.AbstractQueuedSynchronizer$ConditionObject.await(AbstractQueuedSynchronizer.java:2039)
        at java.util.concurrent.LinkedBlockingQueue.take(LinkedBlockingQueue.java:442)
        at java.util.concurrent.ThreadPoolExecutor.getTask(ThreadPoolExecutor.java:1074)
        at java.util.concurrent.ThreadPoolExecutor.runWorker(ThreadPoolExecutor.java:1134)
        at java.util.concurrent.ThreadPoolExecutor$Worker.run(ThreadPoolExecutor.java:624)
        at java.lang.Thread.run(Thread.java:750)
"IPC Server handler 12 on default port 46503" daemon prio=5 tid=769 timed_waiting
java.lang.Thread.State: TIMED_WAITING
        at sun.misc.Unsafe.park(Native Method)
        at java.util.concurrent.locks.LockSupport.parkNanos(LockSupport.java:215)
        at java.util.concurrent.locks.AbstractQueuedSynchronizer$ConditionObject.awaitNanos(AbstractQueuedSynchronizer.java:2078)
        at java.util.concurrent.LinkedBlockingQueue.poll(LinkedBlockingQueue.java:467)
        at org.apache.hadoop.ipc.CallQueueManager.take(CallQueueManager.java:317)
        at org.apache.hadoop.ipc.Server$Handler.run(Server.java:2992)
"4b35ffa0-8f73-49c2-95c0-d3e82f30c132-impl-thread1"  prio=5 tid=900 timed_waiting
java.lang.Thread.State: TIMED_WAITING
        at sun.misc.Unsafe.park(Native Method)
        at java.util.concurrent.locks.LockSupport.parkNanos(LockSupport.java:215)
        at java.util.concurrent.SynchronousQueue$TransferStack.awaitFulfill(SynchronousQueue.java:460)
        at java.util.concurrent.SynchronousQueue$TransferStack.transfer(SynchronousQueue.java:362)
        at java.util.concurrent.SynchronousQueue.poll(SynchronousQueue.java:941)
        at java.util.concurrent.ThreadPoolExecutor.getTask(ThreadPoolExecutor.java:1073)
        at java.util.concurrent.ThreadPoolExecutor.runWorker(ThreadPoolExecutor.java:1134)
        at java.util.concurrent.ThreadPoolExecutor$Worker.run(ThreadPoolExecutor.java:624)
        at java.lang.Thread.run(Thread.java:750)
"IPC Server handler 3 on default port 40595" daemon prio=5 tid=780 timed_waiting
java.lang.Thread.State: TIMED_WAITING
        at sun.misc.Unsafe.park(Native Method)
        at java.util.concurrent.locks.LockSupport.parkNanos(LockSupport.java:215)
        at java.util.concurrent.locks.AbstractQueuedSynchronizer$ConditionObject.awaitNanos(AbstractQueuedSynchronizer.java:2078)
        at java.util.concurrent.LinkedBlockingQueue.poll(LinkedBlockingQueue.java:467)
        at org.apache.hadoop.ipc.CallQueueManager.take(CallQueueManager.java:317)
        at org.apache.hadoop.ipc.Server$Handler.run(Server.java:2992)
"IPC Server handler 2 on default port 40595" daemon prio=5 tid=779 timed_waiting
java.lang.Thread.State: TIMED_WAITING
        at sun.misc.Unsafe.park(Native Method)
        at java.util.concurrent.locks.LockSupport.parkNanos(LockSupport.java:215)
        at java.util.concurrent.locks.AbstractQueuedSynchronizer$ConditionObject.awaitNanos(AbstractQueuedSynchronizer.java:2078)
        at java.util.concurrent.LinkedBlockingQueue.poll(LinkedBlockingQueue.java:467)
        at org.apache.hadoop.ipc.CallQueueManager.take(CallQueueManager.java:317)
        at org.apache.hadoop.ipc.Server$Handler.run(Server.java:2992)
"ExpiredContainerReplicaOpScrubberThread" daemon prio=5 tid=705 timed_waiting
java.lang.Thread.State: TIMED_WAITING
        at java.lang.Object.wait(Native Method)
        at org.apache.hadoop.hdds.scm.ha.BackgroundSCMService.run(BackgroundSCMService.java:110)
        at org.apache.hadoop.hdds.scm.ha.BackgroundSCMService$$Lambda$409/1749018549.run(Unknown Source)
        at java.lang.Thread.run(Thread.java:750)
"EventQueue-NewNodeForNewNodeHandler" daemon prio=5 tid=1012 in Object.wait()
java.lang.Thread.State: WAITING (on object monitor)
        at sun.misc.Unsafe.park(Native Method)
        at java.util.concurrent.locks.LockSupport.park(LockSupport.java:175)
        at java.util.concurrent.locks.AbstractQueuedSynchronizer$ConditionObject.await(AbstractQueuedSynchronizer.java:2039)
        at java.util.concurrent.LinkedBlockingQueue.take(LinkedBlockingQueue.java:442)
        at java.util.concurrent.ThreadPoolExecutor.getTask(ThreadPoolExecutor.java:1074)
        at java.util.concurrent.ThreadPoolExecutor.runWorker(ThreadPoolExecutor.java:1134)
        at java.util.concurrent.ThreadPoolExecutor$Worker.run(ThreadPoolExecutor.java:624)
        at java.lang.Thread.run(Thread.java:750)
"IPC Server handler 12 on default port 41211" daemon prio=5 tid=749 timed_waiting
java.lang.Thread.State: TIMED_WAITING
        at sun.misc.Unsafe.park(Native Method)
        at java.util.concurrent.locks.LockSupport.parkNanos(LockSupport.java:215)
        at java.util.concurrent.locks.AbstractQueuedSynchronizer$ConditionObject.awaitNanos(AbstractQueuedSynchronizer.java:2078)
        at java.util.concurrent.LinkedBlockingQueue.poll(LinkedBlockingQueue.java:467)
        at org.apache.hadoop.ipc.CallQueueManager.take(CallQueueManager.java:317)
        at org.apache.hadoop.ipc.Server$Handler.run(Server.java:2992)
"Datanode ReportManager Thread - 4" daemon prio=5 tid=917 in Object.wait()
java.lang.Thread.State: WAITING (on object monitor)
        at sun.misc.Unsafe.park(Native Method)
        at java.util.concurrent.locks.LockSupport.park(LockSupport.java:175)
        at java.util.concurrent.locks.AbstractQueuedSynchronizer$ConditionObject.await(AbstractQueuedSynchronizer.java:2039)
        at java.util.concurrent.ScheduledThreadPoolExecutor$DelayedWorkQueue.take(ScheduledThreadPoolExecutor.java:1088)
        at java.util.concurrent.ScheduledThreadPoolExecutor$DelayedWorkQueue.take(ScheduledThreadPoolExecutor.java:809)
        at java.util.concurrent.ThreadPoolExecutor.getTask(ThreadPoolExecutor.java:1074)
        at java.util.concurrent.ThreadPoolExecutor.runWorker(ThreadPoolExecutor.java:1134)
        at java.util.concurrent.ThreadPoolExecutor$Worker.run(ThreadPoolExecutor.java:624)
        at java.lang.Thread.run(Thread.java:750)
"pool-190-thread-1"  prio=5 tid=1126 timed_waiting
java.lang.Thread.State: TIMED_WAITING
        at sun.misc.Unsafe.park(Native Method)
        at java.util.concurrent.locks.LockSupport.parkNanos(LockSupport.java:215)
        at java.util.concurrent.SynchronousQueue$TransferStack.awaitFulfill(SynchronousQueue.java:460)
        at java.util.concurrent.SynchronousQueue$TransferStack.transfer(SynchronousQueue.java:362)
        at java.util.concurrent.SynchronousQueue.poll(SynchronousQueue.java:941)
        at java.util.concurrent.ThreadPoolExecutor.getTask(ThreadPoolExecutor.java:1073)
        at java.util.concurrent.ThreadPoolExecutor.runWorker(ThreadPoolExecutor.java:1134)
        at java.util.concurrent.ThreadPoolExecutor$Worker.run(ThreadPoolExecutor.java:624)
        at java.lang.Thread.run(Thread.java:750)
"IPC Server handler 18 on default port 46503" daemon prio=5 tid=775 timed_waiting
java.lang.Thread.State: TIMED_WAITING
        at sun.misc.Unsafe.park(Native Method)
        at java.util.concurrent.locks.LockSupport.parkNanos(LockSupport.java:215)
        at java.util.concurrent.locks.AbstractQueuedSynchronizer$ConditionObject.awaitNanos(AbstractQueuedSynchronizer.java:2078)
        at java.util.concurrent.LinkedBlockingQueue.poll(LinkedBlockingQueue.java:467)
        at org.apache.hadoop.ipc.CallQueueManager.take(CallQueueManager.java:317)
        at org.apache.hadoop.ipc.Server$Handler.run(Server.java:2992)
"ForkJoinPool.commonPool-worker-1" daemon prio=5 tid=1185 timed_waiting
java.lang.Thread.State: TIMED_WAITING
        at sun.misc.Unsafe.park(Native Method)
        at java.util.concurrent.ForkJoinPool.awaitWork(ForkJoinPool.java:1824)
        at java.util.concurrent.ForkJoinPool.runWorker(ForkJoinPool.java:1693)
        at java.util.concurrent.ForkJoinWorkerThread.run(ForkJoinWorkerThread.java:175)
"IPC Server handler 15 on default port 46503" daemon prio=5 tid=772 timed_waiting
java.lang.Thread.State: TIMED_WAITING
        at sun.misc.Unsafe.park(Native Method)
        at java.util.concurrent.locks.LockSupport.parkNanos(LockSupport.java:215)
        at java.util.concurrent.locks.AbstractQueuedSynchronizer$ConditionObject.awaitNanos(AbstractQueuedSynchronizer.java:2078)
        at java.util.concurrent.LinkedBlockingQueue.poll(LinkedBlockingQueue.java:467)
        at org.apache.hadoop.ipc.CallQueueManager.take(CallQueueManager.java:317)
        at org.apache.hadoop.ipc.Server$Handler.run(Server.java:2992)
"Datanode ReportManager Thread - 4" daemon prio=5 tid=890 in Object.wait()
java.lang.Thread.State: WAITING (on object monitor)
        at sun.misc.Unsafe.park(Native Method)
        at java.util.concurrent.locks.LockSupport.park(LockSupport.java:175)
        at java.util.concurrent.locks.AbstractQueuedSynchronizer$ConditionObject.await(AbstractQueuedSynchronizer.java:2039)
        at java.util.concurrent.ScheduledThreadPoolExecutor$DelayedWorkQueue.take(ScheduledThreadPoolExecutor.java:1088)
        at java.util.concurrent.ScheduledThreadPoolExecutor$DelayedWorkQueue.take(ScheduledThreadPoolExecutor.java:809)
        at java.util.concurrent.ThreadPoolExecutor.getTask(ThreadPoolExecutor.java:1074)
        at java.util.concurrent.ThreadPoolExecutor.runWorker(ThreadPoolExecutor.java:1134)
        at java.util.concurrent.ThreadPoolExecutor$Worker.run(ThreadPoolExecutor.java:624)
        at java.lang.Thread.run(Thread.java:750)
"ContainerOp-47ca2eb6-cbc1-4dd0-8b98-7a7bec77320f-7"  prio=5 tid=1097 in Object.wait()
java.lang.Thread.State: WAITING (on object monitor)
        at sun.misc.Unsafe.park(Native Method)
        at java.util.concurrent.locks.LockSupport.park(LockSupport.java:175)
        at java.util.concurrent.locks.AbstractQueuedSynchronizer$ConditionObject.await(AbstractQueuedSynchronizer.java:2039)
        at java.util.concurrent.LinkedBlockingQueue.take(LinkedBlockingQueue.java:442)
        at java.util.concurrent.ThreadPoolExecutor.getTask(ThreadPoolExecutor.java:1074)
        at java.util.concurrent.ThreadPoolExecutor.runWorker(ThreadPoolExecutor.java:1134)
        at java.util.concurrent.ThreadPoolExecutor$Worker.run(ThreadPoolExecutor.java:624)
        at java.lang.Thread.run(Thread.java:750)
"qtp1734331657-933" daemon prio=5 tid=933 timed_waiting
java.lang.Thread.State: TIMED_WAITING
        at sun.misc.Unsafe.park(Native Method)
        at java.util.concurrent.locks.LockSupport.parkNanos(LockSupport.java:215)
        at java.util.concurrent.locks.AbstractQueuedSynchronizer$ConditionObject.awaitNanos(AbstractQueuedSynchronizer.java:2078)
        at org.eclipse.jetty.util.BlockingArrayQueue.poll(BlockingArrayQueue.java:382)
        at org.eclipse.jetty.util.thread.QueuedThreadPool$Runner.idleJobPoll(QueuedThreadPool.java:974)
        at org.eclipse.jetty.util.thread.QueuedThreadPool$Runner.run(QueuedThreadPool.java:1018)
        at java.lang.Thread.run(Thread.java:750)
"org.apache.hadoop.util.JvmPauseMonitor$Monitor@787eae84" daemon prio=5 tid=866 timed_waiting
java.lang.Thread.State: TIMED_WAITING
        at java.lang.Thread.sleep(Native Method)
        at org.apache.hadoop.util.JvmPauseMonitor$Monitor.run(JvmPauseMonitor.java:192)
        at java.lang.Thread.run(Thread.java:750)
"ChunkWriter-3-0" daemon prio=5 tid=971 in Object.wait()
java.lang.Thread.State: WAITING (on object monitor)
        at sun.misc.Unsafe.park(Native Method)
        at java.util.concurrent.locks.LockSupport.park(LockSupport.java:175)
        at java.util.concurrent.locks.AbstractQueuedSynchronizer$ConditionObject.await(AbstractQueuedSynchronizer.java:2039)
        at java.util.concurrent.LinkedBlockingDeque.takeFirst(LinkedBlockingDeque.java:492)
        at java.util.concurrent.LinkedBlockingDeque.take(LinkedBlockingDeque.java:680)
        at java.util.concurrent.ThreadPoolExecutor.getTask(ThreadPoolExecutor.java:1074)
        at java.util.concurrent.ThreadPoolExecutor.runWorker(ThreadPoolExecutor.java:1134)
        at java.util.concurrent.ThreadPoolExecutor$Worker.run(ThreadPoolExecutor.java:624)
        at java.lang.Thread.run(Thread.java:750)
"ContainerOp-47ca2eb6-cbc1-4dd0-8b98-7a7bec77320f-2"  prio=5 tid=1081 in Object.wait()
java.lang.Thread.State: WAITING (on object monitor)
        at sun.misc.Unsafe.park(Native Method)
        at java.util.concurrent.locks.LockSupport.park(LockSupport.java:175)
        at java.util.concurrent.locks.AbstractQueuedSynchronizer$ConditionObject.await(AbstractQueuedSynchronizer.java:2039)
        at java.util.concurrent.LinkedBlockingQueue.take(LinkedBlockingQueue.java:442)
        at java.util.concurrent.ThreadPoolExecutor.getTask(ThreadPoolExecutor.java:1074)
        at java.util.concurrent.ThreadPoolExecutor.runWorker(ThreadPoolExecutor.java:1134)
        at java.util.concurrent.ThreadPoolExecutor$Worker.run(ThreadPoolExecutor.java:624)
        at java.lang.Thread.run(Thread.java:750)
"FixedThreadPoolWithAffinityExecutor-1-0" daemon prio=5 tid=726 runnable
java.lang.Thread.State: RUNNABLE
        at sun.misc.Unsafe.park(Native Method)
        at java.util.concurrent.locks.LockSupport.parkNanos(LockSupport.java:215)
        at java.util.concurrent.locks.AbstractQueuedSynchronizer$ConditionObject.awaitNanos(AbstractQueuedSynchronizer.java:2078)
        at java.util.concurrent.LinkedBlockingQueue.poll(LinkedBlockingQueue.java:467)
        at org.apache.hadoop.hdds.scm.server.ContainerReportQueue.poll(ContainerReportQueue.java:266)
        at org.apache.hadoop.hdds.scm.server.ContainerReportQueue.poll(ContainerReportQueue.java:42)
        at org.apache.hadoop.hdds.server.events.FixedThreadPoolWithAffinityExecutor$ContainerReportProcessTask.run(FixedThreadPoolWithAffinityExecutor.java:247)
        at java.util.concurrent.Executors$RunnableAdapter.call(Executors.java:511)
        at java.util.concurrent.FutureTask.run(FutureTask.java:266)
        at java.util.concurrent.ThreadPoolExecutor.runWorker(ThreadPoolExecutor.java:1149)
        at java.util.concurrent.ThreadPoolExecutor$Worker.run(ThreadPoolExecutor.java:624)
        at java.lang.Thread.run(Thread.java:750)
"4b35ffa0-8f73-49c2-95c0-d3e82f30c132-client-thread1" daemon prio=5 tid=1131 timed_waiting
java.lang.Thread.State: TIMED_WAITING
        at sun.misc.Unsafe.park(Native Method)
        at java.util.concurrent.locks.LockSupport.parkNanos(LockSupport.java:215)
        at java.util.concurrent.SynchronousQueue$TransferStack.awaitFulfill(SynchronousQueue.java:460)
        at java.util.concurrent.SynchronousQueue$TransferStack.transfer(SynchronousQueue.java:362)
        at java.util.concurrent.SynchronousQueue.poll(SynchronousQueue.java:941)
        at java.util.concurrent.ThreadPoolExecutor.getTask(ThreadPoolExecutor.java:1073)
        at java.util.concurrent.ThreadPoolExecutor.runWorker(ThreadPoolExecutor.java:1134)
        at java.util.concurrent.ThreadPoolExecutor$Worker.run(ThreadPoolExecutor.java:624)
        at java.lang.Thread.run(Thread.java:750)
"15488c1c-ff1a-49f6-9596-cf663845e1ec@group-7A7BEC77320F->bc0378cf-3bdb-433c-bc8f-db90f0932c02-GrpcLogAppender-LogAppenderDaemon" daemon prio=5 tid=1047 timed_waiting
java.lang.Thread.State: TIMED_WAITING
        at sun.misc.Unsafe.park(Native Method)
        at java.util.concurrent.locks.LockSupport.parkNanos(LockSupport.java:215)
        at java.util.concurrent.locks.AbstractQueuedSynchronizer$ConditionObject.await(AbstractQueuedSynchronizer.java:2163)
        at org.apache.ratis.util.AwaitForSignal.await(AwaitForSignal.java:62)
        at org.apache.ratis.grpc.server.GrpcLogAppender.mayWait(GrpcLogAppender.java:198)
        at org.apache.ratis.grpc.server.GrpcLogAppender.run(GrpcLogAppender.java:148)
        at org.apache.ratis.server.leader.LogAppenderDaemon.run(LogAppenderDaemon.java:78)
        at org.apache.ratis.server.leader.LogAppenderDaemon$$Lambda$1110/518571258.run(Unknown Source)
        at java.lang.Thread.run(Thread.java:750)
"Datanode ReportManager Thread - 2" daemon prio=5 tid=888 timed_waiting
java.lang.Thread.State: TIMED_WAITING
        at sun.misc.Unsafe.park(Native Method)
        at java.util.concurrent.locks.LockSupport.parkNanos(LockSupport.java:215)
        at java.util.concurrent.locks.AbstractQueuedSynchronizer$ConditionObject.awaitNanos(AbstractQueuedSynchronizer.java:2078)
        at java.util.concurrent.ScheduledThreadPoolExecutor$DelayedWorkQueue.take(ScheduledThreadPoolExecutor.java:1093)
        at java.util.concurrent.ScheduledThreadPoolExecutor$DelayedWorkQueue.take(ScheduledThreadPoolExecutor.java:809)
        at java.util.concurrent.ThreadPoolExecutor.getTask(ThreadPoolExecutor.java:1074)
        at java.util.concurrent.ThreadPoolExecutor.runWorker(ThreadPoolExecutor.java:1134)
        at java.util.concurrent.ThreadPoolExecutor$Worker.run(ThreadPoolExecutor.java:624)
        at java.lang.Thread.run(Thread.java:750)
"timer4" daemon prio=5 tid=369 timed_waiting
java.lang.Thread.State: TIMED_WAITING
        at java.lang.Object.wait(Native Method)
        at java.util.TimerThread.mainLoop(Timer.java:552)
        at java.util.TimerThread.run(Timer.java:505)
"IPC Server handler 11 on default port 41211" daemon prio=5 tid=748 timed_waiting
java.lang.Thread.State: TIMED_WAITING
        at sun.misc.Unsafe.park(Native Method)
        at java.util.concurrent.locks.LockSupport.parkNanos(LockSupport.java:215)
        at java.util.concurrent.locks.AbstractQueuedSynchronizer$ConditionObject.awaitNanos(AbstractQueuedSynchronizer.java:2078)
        at java.util.concurrent.LinkedBlockingQueue.poll(LinkedBlockingQueue.java:467)
        at org.apache.hadoop.ipc.CallQueueManager.take(CallQueueManager.java:317)
        at org.apache.hadoop.ipc.Server$Handler.run(Server.java:2992)
"qtp28114465-837" daemon prio=5 tid=837 runnable
java.lang.Thread.State: RUNNABLE
        at sun.nio.ch.EPollArrayWrapper.epollWait(Native Method)
        at sun.nio.ch.EPollArrayWrapper.poll(EPollArrayWrapper.java:269)
        at sun.nio.ch.EPollSelectorImpl.doSelect(EPollSelectorImpl.java:93)
        at sun.nio.ch.SelectorImpl.lockAndDoSelect(SelectorImpl.java:86)
        at sun.nio.ch.SelectorImpl.select(SelectorImpl.java:97)
        at sun.nio.ch.SelectorImpl.select(SelectorImpl.java:101)
        at org.eclipse.jetty.io.ManagedSelector.nioSelect(ManagedSelector.java:183)
        at org.eclipse.jetty.io.ManagedSelector.select(ManagedSelector.java:190)
        at org.eclipse.jetty.io.ManagedSelector$SelectorProducer.select(ManagedSelector.java:606)
        at org.eclipse.jetty.io.ManagedSelector$SelectorProducer.produce(ManagedSelector.java:543)
        at org.eclipse.jetty.util.thread.strategy.EatWhatYouKill.produceTask(EatWhatYouKill.java:362)
        at org.eclipse.jetty.util.thread.strategy.EatWhatYouKill.doProduce(EatWhatYouKill.java:186)
        at org.eclipse.jetty.util.thread.strategy.EatWhatYouKill.tryProduce(EatWhatYouKill.java:173)
        at org.eclipse.jetty.util.thread.strategy.EatWhatYouKill.produce(EatWhatYouKill.java:137)
        at org.eclipse.jetty.io.ManagedSelector$$Lambda$476/1479867711.run(Unknown Source)
        at org.eclipse.jetty.util.thread.QueuedThreadPool.runJob(QueuedThreadPool.java:883)
        at org.eclipse.jetty.util.thread.QueuedThreadPool$Runner.run(QueuedThreadPool.java:1034)
        at java.lang.Thread.run(Thread.java:750)
"ContainerOp-47ca2eb6-cbc1-4dd0-8b98-7a7bec77320f-6"  prio=5 tid=1094 in Object.wait()
java.lang.Thread.State: WAITING (on object monitor)
        at sun.misc.Unsafe.park(Native Method)
        at java.util.concurrent.locks.LockSupport.park(LockSupport.java:175)
        at java.util.concurrent.locks.AbstractQueuedSynchronizer$ConditionObject.await(AbstractQueuedSynchronizer.java:2039)
        at java.util.concurrent.LinkedBlockingQueue.take(LinkedBlockingQueue.java:442)
        at java.util.concurrent.ThreadPoolExecutor.getTask(ThreadPoolExecutor.java:1074)
        at java.util.concurrent.ThreadPoolExecutor.runWorker(ThreadPoolExecutor.java:1134)
        at java.util.concurrent.ThreadPoolExecutor$Worker.run(ThreadPoolExecutor.java:624)
        at java.lang.Thread.run(Thread.java:750)
"OpenKeyCleanupService#0" daemon prio=5 tid=833 timed_waiting
java.lang.Thread.State: TIMED_WAITING
        at sun.misc.Unsafe.park(Native Method)
        at java.util.concurrent.locks.LockSupport.parkNanos(LockSupport.java:215)
        at java.util.concurrent.locks.AbstractQueuedSynchronizer$ConditionObject.awaitNanos(AbstractQueuedSynchronizer.java:2078)
        at java.util.concurrent.ScheduledThreadPoolExecutor$DelayedWorkQueue.take(ScheduledThreadPoolExecutor.java:1093)
        at java.util.concurrent.ScheduledThreadPoolExecutor$DelayedWorkQueue.take(ScheduledThreadPoolExecutor.java:809)
        at java.util.concurrent.ThreadPoolExecutor.getTask(ThreadPoolExecutor.java:1074)
        at java.util.concurrent.ThreadPoolExecutor.runWorker(ThreadPoolExecutor.java:1134)
        at java.util.concurrent.ThreadPoolExecutor$Worker.run(ThreadPoolExecutor.java:624)
        at java.lang.Thread.run(Thread.java:750)
"IPC Server handler 8 on default port 46503" daemon prio=5 tid=765 timed_waiting
java.lang.Thread.State: TIMED_WAITING
        at sun.misc.Unsafe.park(Native Method)
        at java.util.concurrent.locks.LockSupport.parkNanos(LockSupport.java:215)
        at java.util.concurrent.locks.AbstractQueuedSynchronizer$ConditionObject.awaitNanos(AbstractQueuedSynchronizer.java:2078)
        at java.util.concurrent.LinkedBlockingQueue.poll(LinkedBlockingQueue.java:467)
        at org.apache.hadoop.ipc.CallQueueManager.take(CallQueueManager.java:317)
        at org.apache.hadoop.ipc.Server$Handler.run(Server.java:2992)
"FixedThreadPoolWithAffinityExecutor-0-0" daemon prio=5 tid=725 timed_waiting
java.lang.Thread.State: TIMED_WAITING
        at sun.misc.Unsafe.park(Native Method)
        at java.util.concurrent.locks.LockSupport.parkNanos(LockSupport.java:215)
        at java.util.concurrent.locks.AbstractQueuedSynchronizer$ConditionObject.awaitNanos(AbstractQueuedSynchronizer.java:2078)
        at java.util.concurrent.LinkedBlockingQueue.poll(LinkedBlockingQueue.java:467)
        at org.apache.hadoop.hdds.scm.server.ContainerReportQueue.poll(ContainerReportQueue.java:266)
        at org.apache.hadoop.hdds.scm.server.ContainerReportQueue.poll(ContainerReportQueue.java:42)
        at org.apache.hadoop.hdds.server.events.FixedThreadPoolWithAffinityExecutor$ContainerReportProcessTask.run(FixedThreadPoolWithAffinityExecutor.java:247)
        at java.util.concurrent.Executors$RunnableAdapter.call(Executors.java:511)
        at java.util.concurrent.FutureTask.run(FutureTask.java:266)
        at java.util.concurrent.ThreadPoolExecutor.runWorker(ThreadPoolExecutor.java:1149)
        at java.util.concurrent.ThreadPoolExecutor$Worker.run(ThreadPoolExecutor.java:624)
        at java.lang.Thread.run(Thread.java:750)
"15488c1c-ff1a-49f6-9596-cf663845e1ec-impl-thread1"  prio=5 tid=873 timed_waiting
java.lang.Thread.State: TIMED_WAITING
        at sun.misc.Unsafe.park(Native Method)
        at java.util.concurrent.locks.LockSupport.parkNanos(LockSupport.java:215)
        at java.util.concurrent.SynchronousQueue$TransferStack.awaitFulfill(SynchronousQueue.java:460)
        at java.util.concurrent.SynchronousQueue$TransferStack.transfer(SynchronousQueue.java:362)
        at java.util.concurrent.SynchronousQueue.poll(SynchronousQueue.java:941)
        at java.util.concurrent.ThreadPoolExecutor.getTask(ThreadPoolExecutor.java:1073)
        at java.util.concurrent.ThreadPoolExecutor.runWorker(ThreadPoolExecutor.java:1134)
        at java.util.concurrent.ThreadPoolExecutor$Worker.run(ThreadPoolExecutor.java:624)
        at java.lang.Thread.run(Thread.java:750)
"qtp396186148-906" daemon prio=5 tid=906 timed_waiting
java.lang.Thread.State: TIMED_WAITING
        at sun.misc.Unsafe.park(Native Method)
        at java.util.concurrent.locks.LockSupport.parkNanos(LockSupport.java:215)
        at java.util.concurrent.locks.AbstractQueuedSynchronizer$ConditionObject.awaitNanos(AbstractQueuedSynchronizer.java:2078)
        at org.eclipse.jetty.util.BlockingArrayQueue.poll(BlockingArrayQueue.java:382)
        at org.eclipse.jetty.util.thread.QueuedThreadPool$Runner.idleJobPoll(QueuedThreadPool.java:974)
        at org.eclipse.jetty.util.thread.QueuedThreadPool$Runner.run(QueuedThreadPool.java:1018)
        at java.lang.Thread.run(Thread.java:750)
"FixedThreadPoolWithAffinityExecutor-9-0" daemon prio=5 tid=734 timed_waiting
java.lang.Thread.State: TIMED_WAITING
        at sun.misc.Unsafe.park(Native Method)
        at java.util.concurrent.locks.LockSupport.parkNanos(LockSupport.java:215)
        at java.util.concurrent.locks.AbstractQueuedSynchronizer$ConditionObject.awaitNanos(AbstractQueuedSynchronizer.java:2078)
        at java.util.concurrent.LinkedBlockingQueue.poll(LinkedBlockingQueue.java:467)
        at org.apache.hadoop.hdds.scm.server.ContainerReportQueue.poll(ContainerReportQueue.java:266)
        at org.apache.hadoop.hdds.scm.server.ContainerReportQueue.poll(ContainerReportQueue.java:42)
        at org.apache.hadoop.hdds.server.events.FixedThreadPoolWithAffinityExecutor$ContainerReportProcessTask.run(FixedThreadPoolWithAffinityExecutor.java:247)
        at java.util.concurrent.Executors$RunnableAdapter.call(Executors.java:511)
        at java.util.concurrent.FutureTask.run(FutureTask.java:266)
        at java.util.concurrent.ThreadPoolExecutor.runWorker(ThreadPoolExecutor.java:1149)
        at java.util.concurrent.ThreadPoolExecutor$Worker.run(ThreadPoolExecutor.java:624)
        at java.lang.Thread.run(Thread.java:750)
"IPC Server idle connection scanner for port 40595" daemon prio=5 tid=712 timed_waiting
java.lang.Thread.State: TIMED_WAITING
        at java.lang.Object.wait(Native Method)
        at java.util.TimerThread.mainLoop(Timer.java:552)
        at java.util.TimerThread.run(Timer.java:505)
"4b35ffa0-8f73-49c2-95c0-d3e82f30c132-server-thread2" daemon prio=5 tid=1054 timed_waiting
java.lang.Thread.State: TIMED_WAITING
        at sun.misc.Unsafe.park(Native Method)
        at java.util.concurrent.locks.LockSupport.parkNanos(LockSupport.java:215)
        at java.util.concurrent.SynchronousQueue$TransferStack.awaitFulfill(SynchronousQueue.java:460)
        at java.util.concurrent.SynchronousQueue$TransferStack.transfer(SynchronousQueue.java:362)
        at java.util.concurrent.SynchronousQueue.poll(SynchronousQueue.java:941)
        at java.util.concurrent.ThreadPoolExecutor.getTask(ThreadPoolExecutor.java:1073)
        at java.util.concurrent.ThreadPoolExecutor.runWorker(ThreadPoolExecutor.java:1134)
        at java.util.concurrent.ThreadPoolExecutor$Worker.run(ThreadPoolExecutor.java:624)
        at java.lang.Thread.run(Thread.java:750)
"JvmPauseMonitor7" daemon prio=5 tid=991 timed_waiting
java.lang.Thread.State: TIMED_WAITING
        at java.lang.Thread.sleep(Native Method)
        at java.lang.Thread.sleep(Thread.java:342)
        at java.util.concurrent.TimeUnit.sleep(TimeUnit.java:386)
        at org.apache.ratis.util.TimeDuration.sleep(TimeDuration.java:325)
        at org.apache.ratis.util.TimeDuration.sleep(TimeDuration.java:310)
        at org.apache.ratis.util.JvmPauseMonitor.detectPause(JvmPauseMonitor.java:119)
        at org.apache.ratis.util.JvmPauseMonitor.run(JvmPauseMonitor.java:108)
        at org.apache.ratis.util.JvmPauseMonitor$$Lambda$755/1344354863.run(Unknown Source)
        at java.lang.Thread.run(Thread.java:750)
"DeleteBlocksCommandHandlerThread-4"  prio=5 tid=1145 in Object.wait()
java.lang.Thread.State: WAITING (on object monitor)
        at sun.misc.Unsafe.park(Native Method)
        at java.util.concurrent.locks.LockSupport.park(LockSupport.java:175)
        at java.util.concurrent.locks.AbstractQueuedSynchronizer$ConditionObject.await(AbstractQueuedSynchronizer.java:2039)
        at java.util.concurrent.LinkedBlockingQueue.take(LinkedBlockingQueue.java:442)
        at java.util.concurrent.ThreadPoolExecutor.getTask(ThreadPoolExecutor.java:1074)
        at java.util.concurrent.ThreadPoolExecutor.runWorker(ThreadPoolExecutor.java:1134)
        at java.util.concurrent.ThreadPoolExecutor$Worker.run(ThreadPoolExecutor.java:624)
        at java.lang.Thread.run(Thread.java:750)
"IPC Server handler 0 on default port 41211" daemon prio=5 tid=737 timed_waiting
java.lang.Thread.State: TIMED_WAITING
        at sun.misc.Unsafe.park(Native Method)
        at java.util.concurrent.locks.LockSupport.parkNanos(LockSupport.java:215)
        at java.util.concurrent.locks.AbstractQueuedSynchronizer$ConditionObject.awaitNanos(AbstractQueuedSynchronizer.java:2078)
        at java.util.concurrent.LinkedBlockingQueue.poll(LinkedBlockingQueue.java:467)
        at org.apache.hadoop.ipc.CallQueueManager.take(CallQueueManager.java:317)
        at org.apache.hadoop.ipc.Server$Handler.run(Server.java:2992)
"Session-HouseKeeper-183fb032-1"  prio=5 tid=884 timed_waiting
java.lang.Thread.State: TIMED_WAITING
        at sun.misc.Unsafe.park(Native Method)
        at java.util.concurrent.locks.LockSupport.parkNanos(LockSupport.java:215)
        at java.util.concurrent.locks.AbstractQueuedSynchronizer$ConditionObject.awaitNanos(AbstractQueuedSynchronizer.java:2078)
        at java.util.concurrent.ScheduledThreadPoolExecutor$DelayedWorkQueue.take(ScheduledThreadPoolExecutor.java:1093)
        at java.util.concurrent.ScheduledThreadPoolExecutor$DelayedWorkQueue.take(ScheduledThreadPoolExecutor.java:809)
        at java.util.concurrent.ThreadPoolExecutor.getTask(ThreadPoolExecutor.java:1074)
        at java.util.concurrent.ThreadPoolExecutor.runWorker(ThreadPoolExecutor.java:1134)
        at java.util.concurrent.ThreadPoolExecutor$Worker.run(ThreadPoolExecutor.java:624)
        at java.lang.Thread.run(Thread.java:750)
"ChunkWriter-2-0" daemon prio=5 tid=989 in Object.wait()
java.lang.Thread.State: WAITING (on object monitor)
        at sun.misc.Unsafe.park(Native Method)
        at java.util.concurrent.locks.LockSupport.park(LockSupport.java:175)
        at java.util.concurrent.locks.AbstractQueuedSynchronizer$ConditionObject.await(AbstractQueuedSynchronizer.java:2039)
        at java.util.concurrent.LinkedBlockingDeque.takeFirst(LinkedBlockingDeque.java:492)
        at java.util.concurrent.LinkedBlockingDeque.take(LinkedBlockingDeque.java:680)
        at java.util.concurrent.ThreadPoolExecutor.getTask(ThreadPoolExecutor.java:1074)
        at java.util.concurrent.ThreadPoolExecutor.runWorker(ThreadPoolExecutor.java:1134)
        at java.util.concurrent.ThreadPoolExecutor$Worker.run(ThreadPoolExecutor.java:624)
        at java.lang.Thread.run(Thread.java:750)
"pool-278-thread-1"  prio=5 tid=1026 in Object.wait()
java.lang.Thread.State: WAITING (on object monitor)
        at sun.misc.Unsafe.park(Native Method)
        at java.util.concurrent.locks.LockSupport.park(LockSupport.java:175)
        at java.util.concurrent.locks.AbstractQueuedSynchronizer$ConditionObject.await(AbstractQueuedSynchronizer.java:2039)
        at java.util.concurrent.LinkedBlockingQueue.take(LinkedBlockingQueue.java:442)
        at java.util.concurrent.ThreadPoolExecutor.getTask(ThreadPoolExecutor.java:1074)
        at java.util.concurrent.ThreadPoolExecutor.runWorker(ThreadPoolExecutor.java:1134)
        at java.util.concurrent.ThreadPoolExecutor$Worker.run(ThreadPoolExecutor.java:624)
        at java.lang.Thread.run(Thread.java:750)
"bc0378cf-3bdb-433c-bc8f-db90f0932c02-NettyServerStreamRpc-bossGroup--thread1"  prio=5 tid=926 runnable
java.lang.Thread.State: RUNNABLE
        at sun.nio.ch.EPollArrayWrapper.epollWait(Native Method)
        at sun.nio.ch.EPollArrayWrapper.poll(EPollArrayWrapper.java:269)
        at sun.nio.ch.EPollSelectorImpl.doSelect(EPollSelectorImpl.java:93)
        at sun.nio.ch.SelectorImpl.lockAndDoSelect(SelectorImpl.java:86)
        at sun.nio.ch.SelectorImpl.select(SelectorImpl.java:97)
        at sun.nio.ch.SelectorImpl.select(SelectorImpl.java:101)
        at org.apache.ratis.thirdparty.io.netty.channel.nio.SelectedSelectionKeySetSelector.select(SelectedSelectionKeySetSelector.java:68)
        at org.apache.ratis.thirdparty.io.netty.channel.nio.NioEventLoop.select(NioEventLoop.java:813)
        at org.apache.ratis.thirdparty.io.netty.channel.nio.NioEventLoop.run(NioEventLoop.java:460)
        at org.apache.ratis.thirdparty.io.netty.util.concurrent.SingleThreadEventExecutor$4.run(SingleThreadEventExecutor.java:995)
        at org.apache.ratis.thirdparty.io.netty.util.internal.ThreadExecutorMap$2.run(ThreadExecutorMap.java:74)
        at java.lang.Thread.run(Thread.java:750)
"IPC Server handler 13 on default port 44187" daemon prio=5 tid=859 timed_waiting
java.lang.Thread.State: TIMED_WAITING
        at sun.misc.Unsafe.park(Native Method)
        at java.util.concurrent.locks.LockSupport.parkNanos(LockSupport.java:215)
        at java.util.concurrent.locks.AbstractQueuedSynchronizer$ConditionObject.awaitNanos(AbstractQueuedSynchronizer.java:2078)
        at java.util.concurrent.LinkedBlockingQueue.poll(LinkedBlockingQueue.java:467)
        at org.apache.hadoop.ipc.CallQueueManager.take(CallQueueManager.java:317)
        at org.apache.hadoop.ipc.Server$Handler.run(Server.java:2992)
"pool-190-thread-4"  prio=5 tid=1129 timed_waiting
java.lang.Thread.State: TIMED_WAITING
        at sun.misc.Unsafe.park(Native Method)
        at java.util.concurrent.locks.LockSupport.parkNanos(LockSupport.java:215)
        at java.util.concurrent.SynchronousQueue$TransferStack.awaitFulfill(SynchronousQueue.java:460)
        at java.util.concurrent.SynchronousQueue$TransferStack.transfer(SynchronousQueue.java:362)
        at java.util.concurrent.SynchronousQueue.poll(SynchronousQueue.java:941)
        at java.util.concurrent.ThreadPoolExecutor.getTask(ThreadPoolExecutor.java:1073)
        at java.util.concurrent.ThreadPoolExecutor.runWorker(ThreadPoolExecutor.java:1134)
        at java.util.concurrent.ThreadPoolExecutor$Worker.run(ThreadPoolExecutor.java:624)
        at java.lang.Thread.run(Thread.java:750)
"BlockDeletingService#9" daemon prio=5 tid=1000 in Object.wait()
java.lang.Thread.State: WAITING (on object monitor)
        at sun.misc.Unsafe.park(Native Method)
        at java.util.concurrent.locks.LockSupport.park(LockSupport.java:175)
        at java.util.concurrent.locks.AbstractQueuedSynchronizer$ConditionObject.await(AbstractQueuedSynchronizer.java:2039)
        at java.util.concurrent.ScheduledThreadPoolExecutor$DelayedWorkQueue.take(ScheduledThreadPoolExecutor.java:1088)
        at java.util.concurrent.ScheduledThreadPoolExecutor$DelayedWorkQueue.take(ScheduledThreadPoolExecutor.java:809)
        at java.util.concurrent.ThreadPoolExecutor.getTask(ThreadPoolExecutor.java:1074)
        at java.util.concurrent.ThreadPoolExecutor.runWorker(ThreadPoolExecutor.java:1134)
        at java.util.concurrent.ThreadPoolExecutor$Worker.run(ThreadPoolExecutor.java:624)
        at java.lang.Thread.run(Thread.java:750)
"bc0378cf-3bdb-433c-bc8f-db90f0932c02@group-7A7BEC77320F-StateMachineUpdater" daemon prio=5 tid=1029 timed_waiting
java.lang.Thread.State: TIMED_WAITING
        at sun.misc.Unsafe.park(Native Method)
        at java.util.concurrent.locks.LockSupport.parkNanos(LockSupport.java:215)
        at java.util.concurrent.locks.AbstractQueuedSynchronizer$ConditionObject.await(AbstractQueuedSynchronizer.java:2163)
        at org.apache.ratis.util.AwaitForSignal.await(AwaitForSignal.java:62)
        at org.apache.ratis.server.impl.StateMachineUpdater.waitForCommit(StateMachineUpdater.java:207)
        at org.apache.ratis.server.impl.StateMachineUpdater.run(StateMachineUpdater.java:176)
        at java.lang.Thread.run(Thread.java:750)
"FixedThreadPoolWithAffinityExecutor-8-0" daemon prio=5 tid=733 timed_waiting
java.lang.Thread.State: TIMED_WAITING
        at sun.misc.Unsafe.park(Native Method)
        at java.util.concurrent.locks.LockSupport.parkNanos(LockSupport.java:215)
        at java.util.concurrent.locks.AbstractQueuedSynchronizer$ConditionObject.awaitNanos(AbstractQueuedSynchronizer.java:2078)
        at java.util.concurrent.LinkedBlockingQueue.poll(LinkedBlockingQueue.java:467)
        at org.apache.hadoop.hdds.scm.server.ContainerReportQueue.poll(ContainerReportQueue.java:266)
        at org.apache.hadoop.hdds.scm.server.ContainerReportQueue.poll(ContainerReportQueue.java:42)
        at org.apache.hadoop.hdds.server.events.FixedThreadPoolWithAffinityExecutor$ContainerReportProcessTask.run(FixedThreadPoolWithAffinityExecutor.java:247)
        at java.util.concurrent.Executors$RunnableAdapter.call(Executors.java:511)
        at java.util.concurrent.FutureTask.run(FutureTask.java:266)
        at java.util.concurrent.ThreadPoolExecutor.runWorker(ThreadPoolExecutor.java:1149)
        at java.util.concurrent.ThreadPoolExecutor$Worker.run(ThreadPoolExecutor.java:624)
        at java.lang.Thread.run(Thread.java:750)
"ReplicationMonitor" daemon prio=5 tid=706 timed_waiting
java.lang.Thread.State: TIMED_WAITING
        at java.lang.Object.wait(Native Method)
        at org.apache.hadoop.hdds.scm.container.replication.ReplicationManager.run(ReplicationManager.java:971)
        at org.apache.hadoop.hdds.scm.container.replication.ReplicationManager$$Lambda$419/708058685.run(Unknown Source)
        at java.lang.Thread.run(Thread.java:750)
"4b35ffa0-8f73-49c2-95c0-d3e82f30c132-server-thread1" daemon prio=5 tid=1051 timed_waiting
java.lang.Thread.State: TIMED_WAITING
        at sun.misc.Unsafe.park(Native Method)
        at java.util.concurrent.locks.LockSupport.parkNanos(LockSupport.java:215)
        at java.util.concurrent.SynchronousQueue$TransferStack.awaitFulfill(SynchronousQueue.java:460)
        at java.util.concurrent.SynchronousQueue$TransferStack.transfer(SynchronousQueue.java:362)
        at java.util.concurrent.SynchronousQueue.poll(SynchronousQueue.java:941)
        at java.util.concurrent.ThreadPoolExecutor.getTask(ThreadPoolExecutor.java:1073)
        at java.util.concurrent.ThreadPoolExecutor.runWorker(ThreadPoolExecutor.java:1134)
        at java.util.concurrent.ThreadPoolExecutor$Worker.run(ThreadPoolExecutor.java:624)
        at java.lang.Thread.run(Thread.java:750)
"BlockDeletingService#0" daemon prio=5 tid=993 in Object.wait()
java.lang.Thread.State: WAITING (on object monitor)
        at sun.misc.Unsafe.park(Native Method)
        at java.util.concurrent.locks.LockSupport.park(LockSupport.java:175)
        at java.util.concurrent.locks.AbstractQueuedSynchronizer$ConditionObject.await(AbstractQueuedSynchronizer.java:2039)
        at java.util.concurrent.ScheduledThreadPoolExecutor$DelayedWorkQueue.take(ScheduledThreadPoolExecutor.java:1088)
        at java.util.concurrent.ScheduledThreadPoolExecutor$DelayedWorkQueue.take(ScheduledThreadPoolExecutor.java:809)
        at java.util.concurrent.ThreadPoolExecutor.getTask(ThreadPoolExecutor.java:1074)
        at java.util.concurrent.ThreadPoolExecutor.runWorker(ThreadPoolExecutor.java:1134)
        at java.util.concurrent.ThreadPoolExecutor$Worker.run(ThreadPoolExecutor.java:624)
        at java.lang.Thread.run(Thread.java:750)
"BlockDeletingService#6" daemon prio=5 tid=1001 in Object.wait()
java.lang.Thread.State: WAITING (on object monitor)
        at sun.misc.Unsafe.park(Native Method)
        at java.util.concurrent.locks.LockSupport.park(LockSupport.java:175)
        at java.util.concurrent.locks.AbstractQueuedSynchronizer$ConditionObject.await(AbstractQueuedSynchronizer.java:2039)
        at java.util.concurrent.ScheduledThreadPoolExecutor$DelayedWorkQueue.take(ScheduledThreadPoolExecutor.java:1088)
        at java.util.concurrent.ScheduledThreadPoolExecutor$DelayedWorkQueue.take(ScheduledThreadPoolExecutor.java:809)
        at java.util.concurrent.ThreadPoolExecutor.getTask(ThreadPoolExecutor.java:1074)
        at java.util.concurrent.ThreadPoolExecutor.runWorker(ThreadPoolExecutor.java:1134)
        at java.util.concurrent.ThreadPoolExecutor$Worker.run(ThreadPoolExecutor.java:624)
        at java.lang.Thread.run(Thread.java:750)
"IPC Server handler 5 on default port 44187" daemon prio=5 tid=851 timed_waiting
java.lang.Thread.State: TIMED_WAITING
        at sun.misc.Unsafe.park(Native Method)
        at java.util.concurrent.locks.LockSupport.parkNanos(LockSupport.java:215)
        at java.util.concurrent.locks.AbstractQueuedSynchronizer$ConditionObject.awaitNanos(AbstractQueuedSynchronizer.java:2078)
        at java.util.concurrent.LinkedBlockingQueue.poll(LinkedBlockingQueue.java:467)
        at org.apache.hadoop.ipc.CallQueueManager.take(CallQueueManager.java:317)
        at org.apache.hadoop.ipc.Server$Handler.run(Server.java:2992)
"IPC Server handler 2 on default port 44187" daemon prio=5 tid=848 timed_waiting
java.lang.Thread.State: TIMED_WAITING
        at sun.misc.Unsafe.park(Native Method)
        at java.util.concurrent.locks.LockSupport.parkNanos(LockSupport.java:215)
        at java.util.concurrent.locks.AbstractQueuedSynchronizer$ConditionObject.awaitNanos(AbstractQueuedSynchronizer.java:2078)
        at java.util.concurrent.LinkedBlockingQueue.poll(LinkedBlockingQueue.java:467)
        at org.apache.hadoop.ipc.CallQueueManager.take(CallQueueManager.java:317)
        at org.apache.hadoop.ipc.Server$Handler.run(Server.java:2992)
"DeleteBlocksCommandHandlerThread-2"  prio=5 tid=1135 in Object.wait()
java.lang.Thread.State: WAITING (on object monitor)
        at sun.misc.Unsafe.park(Native Method)
        at java.util.concurrent.locks.LockSupport.park(LockSupport.java:175)
        at java.util.concurrent.locks.AbstractQueuedSynchronizer$ConditionObject.await(AbstractQueuedSynchronizer.java:2039)
        at java.util.concurrent.LinkedBlockingQueue.take(LinkedBlockingQueue.java:442)
        at java.util.concurrent.ThreadPoolExecutor.getTask(ThreadPoolExecutor.java:1074)
        at java.util.concurrent.ThreadPoolExecutor.runWorker(ThreadPoolExecutor.java:1134)
        at java.util.concurrent.ThreadPoolExecutor$Worker.run(ThreadPoolExecutor.java:624)
        at java.lang.Thread.run(Thread.java:750)
"om1@group-C5BA1605619E-StateMachineUpdater" daemon prio=5 tid=827 timed_waiting
java.lang.Thread.State: TIMED_WAITING
        at sun.misc.Unsafe.park(Native Method)
        at java.util.concurrent.locks.LockSupport.parkNanos(LockSupport.java:215)
        at java.util.concurrent.locks.AbstractQueuedSynchronizer$ConditionObject.await(AbstractQueuedSynchronizer.java:2163)
        at org.apache.ratis.util.AwaitForSignal.await(AwaitForSignal.java:62)
        at org.apache.ratis.server.impl.StateMachineUpdater.waitForCommit(StateMachineUpdater.java:207)
        at org.apache.ratis.server.impl.StateMachineUpdater.run(StateMachineUpdater.java:176)
        at java.lang.Thread.run(Thread.java:750)
"IPC Server Responder" daemon prio=5 tid=723 runnable
java.lang.Thread.State: RUNNABLE
        at sun.nio.ch.EPollArrayWrapper.epollWait(Native Method)
        at sun.nio.ch.EPollArrayWrapper.poll(EPollArrayWrapper.java:269)
        at sun.nio.ch.EPollSelectorImpl.doSelect(EPollSelectorImpl.java:93)
        at sun.nio.ch.SelectorImpl.lockAndDoSelect(SelectorImpl.java:86)
        at sun.nio.ch.SelectorImpl.select(SelectorImpl.java:97)
        at org.apache.hadoop.ipc.Server$Responder.doRunLoop(Server.java:1578)
        at org.apache.hadoop.ipc.Server$Responder.run(Server.java:1561)
"PartialTableCache Cleanup Thread - 0" daemon prio=5 tid=402 in Object.wait()
java.lang.Thread.State: WAITING (on object monitor)
        at sun.misc.Unsafe.park(Native Method)
        at java.util.concurrent.locks.LockSupport.park(LockSupport.java:175)
        at java.util.concurrent.locks.AbstractQueuedSynchronizer$ConditionObject.await(AbstractQueuedSynchronizer.java:2039)
        at java.util.concurrent.LinkedBlockingQueue.take(LinkedBlockingQueue.java:442)
        at java.util.concurrent.ThreadPoolExecutor.getTask(ThreadPoolExecutor.java:1074)
        at java.util.concurrent.ThreadPoolExecutor.runWorker(ThreadPoolExecutor.java:1134)
        at java.util.concurrent.ThreadPoolExecutor$Worker.run(ThreadPoolExecutor.java:624)
        at java.lang.Thread.run(Thread.java:750)
"SstFilteringService#0" daemon prio=5 tid=834 timed_waiting
java.lang.Thread.State: TIMED_WAITING
        at sun.misc.Unsafe.park(Native Method)
        at java.util.concurrent.locks.LockSupport.parkNanos(LockSupport.java:215)
        at java.util.concurrent.locks.AbstractQueuedSynchronizer$ConditionObject.awaitNanos(AbstractQueuedSynchronizer.java:2078)
        at java.util.concurrent.ScheduledThreadPoolExecutor$DelayedWorkQueue.take(ScheduledThreadPoolExecutor.java:1093)
        at java.util.concurrent.ScheduledThreadPoolExecutor$DelayedWorkQueue.take(ScheduledThreadPoolExecutor.java:809)
        at java.util.concurrent.ThreadPoolExecutor.getTask(ThreadPoolExecutor.java:1074)
        at java.util.concurrent.ThreadPoolExecutor.runWorker(ThreadPoolExecutor.java:1134)
        at java.util.concurrent.ThreadPoolExecutor$Worker.run(ThreadPoolExecutor.java:624)
        at java.lang.Thread.run(Thread.java:750)
"om1@group-C5BA1605619E-SegmentedRaftLogWorker"  prio=5 tid=825 timed_waiting
java.lang.Thread.State: TIMED_WAITING
        at sun.misc.Unsafe.park(Native Method)
        at java.util.concurrent.locks.LockSupport.parkNanos(LockSupport.java:215)
        at java.util.concurrent.locks.AbstractQueuedSynchronizer$ConditionObject.awaitNanos(AbstractQueuedSynchronizer.java:2078)
        at org.apache.ratis.util.DataBlockingQueue.poll(DataBlockingQueue.java:148)
        at org.apache.ratis.server.raftlog.segmented.SegmentedRaftLogWorker.run(SegmentedRaftLogWorker.java:312)
        at org.apache.ratis.server.raftlog.segmented.SegmentedRaftLogWorker$$Lambda$714/973343779.run(Unknown Source)
        at java.lang.Thread.run(Thread.java:750)
"Datanode State Machine Daemon Thread" daemon prio=5 tid=939 timed_waiting
java.lang.Thread.State: TIMED_WAITING
        at java.lang.Thread.sleep(Native Method)
        at org.apache.hadoop.ozone.container.common.statemachine.DatanodeStateMachine.startStateMachineThread(DatanodeStateMachine.java:336)
        at org.apache.hadoop.ozone.container.common.statemachine.DatanodeStateMachine.lambda$startDaemon$0(DatanodeStateMachine.java:518)
        at org.apache.hadoop.ozone.container.common.statemachine.DatanodeStateMachine$$Lambda$826/1309673886.run(Unknown Source)
        at java.lang.Thread.run(Thread.java:750)
"ChunkWriter-0-0" daemon prio=5 tid=968 in Object.wait()
java.lang.Thread.State: WAITING (on object monitor)
        at sun.misc.Unsafe.park(Native Method)
        at java.util.concurrent.locks.LockSupport.park(LockSupport.java:175)
        at java.util.concurrent.locks.AbstractQueuedSynchronizer$ConditionObject.await(AbstractQueuedSynchronizer.java:2039)
        at java.util.concurrent.LinkedBlockingDeque.takeFirst(LinkedBlockingDeque.java:492)
        at java.util.concurrent.LinkedBlockingDeque.take(LinkedBlockingDeque.java:680)
        at java.util.concurrent.ThreadPoolExecutor.getTask(ThreadPoolExecutor.java:1074)
        at java.util.concurrent.ThreadPoolExecutor.runWorker(ThreadPoolExecutor.java:1134)
        at java.util.concurrent.ThreadPoolExecutor$Worker.run(ThreadPoolExecutor.java:624)
        at java.lang.Thread.run(Thread.java:750)
"IPC Server handler 19 on default port 40595" daemon prio=5 tid=796 timed_waiting
java.lang.Thread.State: TIMED_WAITING
        at sun.misc.Unsafe.park(Native Method)
        at java.util.concurrent.locks.LockSupport.parkNanos(LockSupport.java:215)
        at java.util.concurrent.locks.AbstractQueuedSynchronizer$ConditionObject.awaitNanos(AbstractQueuedSynchronizer.java:2078)
        at java.util.concurrent.LinkedBlockingQueue.poll(LinkedBlockingQueue.java:467)
        at org.apache.hadoop.ipc.CallQueueManager.take(CallQueueManager.java:317)
        at org.apache.hadoop.ipc.Server$Handler.run(Server.java:2992)
"Datanode State Machine Daemon Thread" daemon prio=5 tid=885 timed_waiting
java.lang.Thread.State: TIMED_WAITING
        at java.lang.Thread.sleep(Native Method)
        at org.apache.hadoop.ozone.container.common.statemachine.DatanodeStateMachine.startStateMachineThread(DatanodeStateMachine.java:336)
        at org.apache.hadoop.ozone.container.common.statemachine.DatanodeStateMachine.lambda$startDaemon$0(DatanodeStateMachine.java:518)
        at org.apache.hadoop.ozone.container.common.statemachine.DatanodeStateMachine$$Lambda$826/1309673886.run(Unknown Source)
        at java.lang.Thread.run(Thread.java:750)
"BlockDeletingService#3" daemon prio=5 tid=1002 in Object.wait()
java.lang.Thread.State: WAITING (on object monitor)
        at sun.misc.Unsafe.park(Native Method)
        at java.util.concurrent.locks.LockSupport.park(LockSupport.java:175)
        at java.util.concurrent.locks.AbstractQueuedSynchronizer$ConditionObject.await(AbstractQueuedSynchronizer.java:2039)
        at java.util.concurrent.ScheduledThreadPoolExecutor$DelayedWorkQueue.take(ScheduledThreadPoolExecutor.java:1088)
        at java.util.concurrent.ScheduledThreadPoolExecutor$DelayedWorkQueue.take(ScheduledThreadPoolExecutor.java:809)
        at java.util.concurrent.ThreadPoolExecutor.getTask(ThreadPoolExecutor.java:1074)
        at java.util.concurrent.ThreadPoolExecutor.runWorker(ThreadPoolExecutor.java:1134)
        at java.util.concurrent.ThreadPoolExecutor$Worker.run(ThreadPoolExecutor.java:624)
        at java.lang.Thread.run(Thread.java:750)
"ChunkWriter-1-0" daemon prio=5 tid=955 in Object.wait()
java.lang.Thread.State: WAITING (on object monitor)
        at sun.misc.Unsafe.park(Native Method)
        at java.util.concurrent.locks.LockSupport.park(LockSupport.java:175)
        at java.util.concurrent.locks.AbstractQueuedSynchronizer$ConditionObject.await(AbstractQueuedSynchronizer.java:2039)
        at java.util.concurrent.LinkedBlockingDeque.takeFirst(LinkedBlockingDeque.java:492)
        at java.util.concurrent.LinkedBlockingDeque.take(LinkedBlockingDeque.java:680)
        at java.util.concurrent.ThreadPoolExecutor.getTask(ThreadPoolExecutor.java:1074)
        at java.util.concurrent.ThreadPoolExecutor.runWorker(ThreadPoolExecutor.java:1134)
        at java.util.concurrent.ThreadPoolExecutor$Worker.run(ThreadPoolExecutor.java:624)
        at java.lang.Thread.run(Thread.java:750)
"ContainerOp-47ca2eb6-cbc1-4dd0-8b98-7a7bec77320f-7"  prio=5 tid=1096 in Object.wait()
java.lang.Thread.State: WAITING (on object monitor)
        at sun.misc.Unsafe.park(Native Method)
        at java.util.concurrent.locks.LockSupport.park(LockSupport.java:175)
        at java.util.concurrent.locks.AbstractQueuedSynchronizer$ConditionObject.await(AbstractQueuedSynchronizer.java:2039)
        at java.util.concurrent.LinkedBlockingQueue.take(LinkedBlockingQueue.java:442)
        at java.util.concurrent.ThreadPoolExecutor.getTask(ThreadPoolExecutor.java:1074)
        at java.util.concurrent.ThreadPoolExecutor.runWorker(ThreadPoolExecutor.java:1134)
        at java.util.concurrent.ThreadPoolExecutor$Worker.run(ThreadPoolExecutor.java:624)
        at java.lang.Thread.run(Thread.java:750)
"timer5" daemon prio=5 tid=387 timed_waiting
java.lang.Thread.State: TIMED_WAITING
        at java.lang.Object.wait(Native Method)
        at java.util.TimerThread.mainLoop(Timer.java:552)
        at java.util.TimerThread.run(Timer.java:505)
"FullTableCache Cleanup Thread - 0" daemon prio=5 tid=381 in Object.wait()
java.lang.Thread.State: WAITING (on object monitor)
        at sun.misc.Unsafe.park(Native Method)
        at java.util.concurrent.locks.LockSupport.park(LockSupport.java:175)
        at java.util.concurrent.locks.AbstractQueuedSynchronizer$ConditionObject.await(AbstractQueuedSynchronizer.java:2039)
        at java.util.concurrent.LinkedBlockingQueue.take(LinkedBlockingQueue.java:442)
        at java.util.concurrent.ThreadPoolExecutor.getTask(ThreadPoolExecutor.java:1074)
        at java.util.concurrent.ThreadPoolExecutor.runWorker(ThreadPoolExecutor.java:1134)
        at java.util.concurrent.ThreadPoolExecutor$Worker.run(ThreadPoolExecutor.java:624)
        at java.lang.Thread.run(Thread.java:750)
"pool-264-thread-1"  prio=5 tid=902 timed_waiting
java.lang.Thread.State: TIMED_WAITING
        at sun.misc.Unsafe.park(Native Method)
        at java.util.concurrent.locks.LockSupport.parkNanos(LockSupport.java:215)
        at java.util.concurrent.locks.AbstractQueuedSynchronizer$ConditionObject.awaitNanos(AbstractQueuedSynchronizer.java:2078)
        at java.util.concurrent.ScheduledThreadPoolExecutor$DelayedWorkQueue.take(ScheduledThreadPoolExecutor.java:1093)
        at java.util.concurrent.ScheduledThreadPoolExecutor$DelayedWorkQueue.take(ScheduledThreadPoolExecutor.java:809)
        at java.util.concurrent.ThreadPoolExecutor.getTask(ThreadPoolExecutor.java:1074)
        at java.util.concurrent.ThreadPoolExecutor.runWorker(ThreadPoolExecutor.java:1134)
        at java.util.concurrent.ThreadPoolExecutor$Worker.run(ThreadPoolExecutor.java:624)
        at java.lang.Thread.run(Thread.java:750)
"grpc-default-boss-ELG-4-1" daemon prio=5 tid=828 runnable
java.lang.Thread.State: RUNNABLE
        at org.apache.ratis.thirdparty.io.netty.channel.epoll.Native.epollWait(Native Method)
        at org.apache.ratis.thirdparty.io.netty.channel.epoll.Native.epollWait(Native.java:209)
        at org.apache.ratis.thirdparty.io.netty.channel.epoll.Native.epollWait(Native.java:202)
        at org.apache.ratis.thirdparty.io.netty.channel.epoll.EpollEventLoop.epollWaitNoTimerChange(EpollEventLoop.java:294)
        at org.apache.ratis.thirdparty.io.netty.channel.epoll.EpollEventLoop.run(EpollEventLoop.java:351)
        at org.apache.ratis.thirdparty.io.netty.util.concurrent.SingleThreadEventExecutor$4.run(SingleThreadEventExecutor.java:995)
        at org.apache.ratis.thirdparty.io.netty.util.internal.ThreadExecutorMap$2.run(ThreadExecutorMap.java:74)
        at org.apache.ratis.thirdparty.io.netty.util.concurrent.FastThreadLocalRunnable.run(FastThreadLocalRunnable.java:30)
        at java.lang.Thread.run(Thread.java:750)
"Listener at 127.0.0.1/44187"  prio=5 tid=1 runnable
java.lang.Thread.State: RUNNABLE
        at java.lang.Thread.dumpThreads(Native Method)
        at java.lang.Thread.getAllStackTraces(Thread.java:1615)
        at org.apache.ozone.test.TimedOutTestsListener.buildThreadDump(TimedOutTestsListener.java:93)
        at org.apache.ozone.test.TimedOutTestsListener.buildThreadDiagnosticString(TimedOutTestsListener.java:79)
        at org.apache.ozone.test.GenericTestUtils.waitFor(GenericTestUtils.java:231)
        at org.apache.hadoop.ozone.container.common.statemachine.commandhandler.TestBlockDeletion.testBlockDeletion(TestBlockDeletion.java:260)
        at sun.reflect.NativeMethodAccessorImpl.invoke0(Native Method)
        at sun.reflect.NativeMethodAccessorImpl.invoke(NativeMethodAccessorImpl.java:62)
        at sun.reflect.DelegatingMethodAccessorImpl.invoke(DelegatingMethodAccessorImpl.java:43)
        at java.lang.reflect.Method.invoke(Method.java:498)
        at org.junit.platform.commons.util.ReflectionUtils.invokeMethod(ReflectionUtils.java:725)
        at org.junit.jupiter.engine.execution.MethodInvocation.proceed(MethodInvocation.java:60)
        at org.junit.jupiter.engine.execution.InvocationInterceptorChain$ValidatingInvocation.proceed(InvocationInterceptorChain.java:131)
        at org.junit.jupiter.engine.extension.TimeoutExtension.intercept(TimeoutExtension.java:149)
        at org.junit.jupiter.engine.extension.TimeoutExtension.interceptTestableMethod(TimeoutExtension.java:140)
        at org.junit.jupiter.engine.extension.TimeoutExtension.interceptTestTemplateMethod(TimeoutExtension.java:92)
        at org.junit.jupiter.engine.descriptor.TestTemplateInvocationTestDescriptor$$Lambda$1584/1839638267.apply(Unknown Source)
        at org.junit.jupiter.engine.execution.ExecutableInvoker$ReflectiveInterceptorCall.lambda$ofVoidMethod$0(ExecutableInvoker.java:115)
        at org.junit.jupiter.engine.execution.ExecutableInvoker$ReflectiveInterceptorCall$$Lambda$164/1567705314.apply(Unknown Source)
        at org.junit.jupiter.engine.execution.ExecutableInvoker.lambda$invoke$0(ExecutableInvoker.java:105)
        at org.junit.jupiter.engine.execution.ExecutableInvoker$$Lambda$327/1245593227.apply(Unknown Source)
        at org.junit.jupiter.engine.execution.InvocationInterceptorChain$InterceptedInvocation.proceed(InvocationInterceptorChain.java:106)
        at org.junit.jupiter.engine.execution.InvocationInterceptorChain.proceed(InvocationInterceptorChain.java:64)
        at org.junit.jupiter.engine.execution.InvocationInterceptorChain.chainAndInvoke(InvocationInterceptorChain.java:45)
        at org.junit.jupiter.engine.execution.InvocationInterceptorChain.invoke(InvocationInterceptorChain.java:37)
        at org.junit.jupiter.engine.execution.ExecutableInvoker.invoke(ExecutableInvoker.java:104)
        at org.junit.jupiter.engine.execution.ExecutableInvoker.invoke(ExecutableInvoker.java:98)
        at org.junit.jupiter.engine.descriptor.TestMethodTestDescriptor.lambda$invokeTestMethod$7(TestMethodTestDescriptor.java:214)
        at org.junit.jupiter.engine.descriptor.TestMethodTestDescriptor$$Lambda$1167/1431946667.execute(Unknown Source)
        at org.junit.platform.engine.support.hierarchical.ThrowableCollector.execute(ThrowableCollector.java:73)
        at org.junit.jupiter.engine.descriptor.TestMethodTestDescriptor.invokeTestMethod(TestMethodTestDescriptor.java:210)
        at org.junit.jupiter.engine.descriptor.TestMethodTestDescriptor.execute(TestMethodTestDescriptor.java:135)
        at org.junit.jupiter.engine.descriptor.TestMethodTestDescriptor.execute(TestMethodTestDescriptor.java:66)
        at org.junit.platform.engine.support.hierarchical.NodeTestTask.lambda$executeRecursively$6(NodeTestTask.java:151)
        at org.junit.platform.engine.support.hierarchical.NodeTestTask$$Lambda$268/441001942.execute(Unknown Source)
        at org.junit.platform.engine.support.hierarchical.ThrowableCollector.execute(ThrowableCollector.java:73)
        at org.junit.platform.engine.support.hierarchical.NodeTestTask.lambda$executeRecursively$8(NodeTestTask.java:141)
        at org.junit.platform.engine.support.hierarchical.NodeTestTask$$Lambda$267/76659128.invoke(Unknown Source)
        at org.junit.platform.engine.support.hierarchical.Node.around(Node.java:137)
        at org.junit.platform.engine.support.hierarchical.NodeTestTask.lambda$executeRecursively$9(NodeTestTask.java:139)
        at org.junit.platform.engine.support.hierarchical.NodeTestTask$$Lambda$266/2068598972.execute(Unknown Source)
        at org.junit.platform.engine.support.hierarchical.ThrowableCollector.execute(ThrowableCollector.java:73)
        at org.junit.platform.engine.support.hierarchical.NodeTestTask.executeRecursively(NodeTestTask.java:138)
        at org.junit.platform.engine.support.hierarchical.NodeTestTask.execute(NodeTestTask.java:95)
        at org.junit.platform.engine.support.hierarchical.SameThreadHierarchicalTestExecutorService.submit(SameThreadHierarchicalTestExecutorService.java:35)
        at org.junit.platform.engine.support.hierarchical.NodeTestTask$DefaultDynamicTestExecutor.execute(NodeTestTask.java:226)
        at org.junit.platform.engine.support.hierarchical.NodeTestTask$DefaultDynamicTestExecutor.execute(NodeTestTask.java:204)
        at org.junit.jupiter.engine.descriptor.TestTemplateTestDescriptor.execute(TestTemplateTestDescriptor.java:139)
        at org.junit.jupiter.engine.descriptor.TestTemplateTestDescriptor.lambda$execute$2(TestTemplateTestDescriptor.java:107)
        at org.junit.jupiter.engine.descriptor.TestTemplateTestDescriptor$$Lambda$1555/868947411.accept(Unknown Source)
        at java.util.stream.ForEachOps$ForEachOp$OfRef.accept(ForEachOps.java:183)
        at java.util.stream.ReferencePipeline$3$1.accept(ReferencePipeline.java:193)
        at java.util.stream.ReferencePipeline$2$1.accept(ReferencePipeline.java:175)
        at java.util.stream.ReferencePipeline$3$1.accept(ReferencePipeline.java:193)
        at java.util.stream.ForEachOps$ForEachOp$OfRef.accept(ForEachOps.java:183)
        at java.util.stream.ReferencePipeline$3$1.accept(ReferencePipeline.java:193)
        at java.util.stream.ReferencePipeline$3$1.accept(ReferencePipeline.java:193)
        at java.util.stream.ReferencePipeline$3$1.accept(ReferencePipeline.java:193)
        at java.util.stream.ForEachOps$ForEachOp$OfRef.accept(ForEachOps.java:183)
        at java.util.stream.ReferencePipeline$3$1.accept(ReferencePipeline.java:193)
        at java.util.Spliterators$ArraySpliterator.forEachRemaining(Spliterators.java:948)
        at java.util.stream.ReferencePipeline$Head.forEach(ReferencePipeline.java:647)
        at java.util.stream.ReferencePipeline$7$1.accept(ReferencePipeline.java:272)
        at java.util.stream.ReferencePipeline$3$1.accept(ReferencePipeline.java:193)
        at java.util.stream.ReferencePipeline$3$1.accept(ReferencePipeline.java:193)
        at java.util.Spliterators$ArraySpliterator.forEachRemaining(Spliterators.java:948)
        at java.util.stream.AbstractPipeline.copyInto(AbstractPipeline.java:482)
        at java.util.stream.AbstractPipeline.wrapAndCopyInto(AbstractPipeline.java:472)
        at java.util.stream.ForEachOps$ForEachOp.evaluateSequential(ForEachOps.java:150)
        at java.util.stream.ForEachOps$ForEachOp$OfRef.evaluateSequential(ForEachOps.java:173)
        at java.util.stream.AbstractPipeline.evaluate(AbstractPipeline.java:234)
        at java.util.stream.ReferencePipeline.forEach(ReferencePipeline.java:485)
        at java.util.stream.ReferencePipeline$7$1.accept(ReferencePipeline.java:272)
        at java.util.stream.ReferencePipeline$3$1.accept(ReferencePipeline.java:193)
        at java.util.stream.ReferencePipeline$3$1.accept(ReferencePipeline.java:193)
        at java.util.stream.ReferencePipeline$3$1.accept(ReferencePipeline.java:193)
        at java.util.ArrayList$ArrayListSpliterator.forEachRemaining(ArrayList.java:1384)
        at java.util.stream.AbstractPipeline.copyInto(AbstractPipeline.java:482)
        at java.util.stream.AbstractPipeline.wrapAndCopyInto(AbstractPipeline.java:472)
        at java.util.stream.ForEachOps$ForEachOp.evaluateSequential(ForEachOps.java:150)
        at java.util.stream.ForEachOps$ForEachOp$OfRef.evaluateSequential(ForEachOps.java:173)
        at java.util.stream.AbstractPipeline.evaluate(AbstractPipeline.java:234)
        at java.util.stream.ReferencePipeline.forEach(ReferencePipeline.java:485)
        at java.util.stream.ReferencePipeline$7$1.accept(ReferencePipeline.java:272)
        at java.util.ArrayList$ArrayListSpliterator.forEachRemaining(ArrayList.java:1384)
        at java.util.stream.AbstractPipeline.copyInto(AbstractPipeline.java:482)
        at java.util.stream.AbstractPipeline.wrapAndCopyInto(AbstractPipeline.java:472)
        at java.util.stream.ForEachOps$ForEachOp.evaluateSequential(ForEachOps.java:150)
        at java.util.stream.ForEachOps$ForEachOp$OfRef.evaluateSequential(ForEachOps.java:173)
        at java.util.stream.AbstractPipeline.evaluate(AbstractPipeline.java:234)
        at java.util.stream.ReferencePipeline.forEach(ReferencePipeline.java:485)
        at org.junit.jupiter.engine.descriptor.TestTemplateTestDescriptor.execute(TestTemplateTestDescriptor.java:107)
        at org.junit.jupiter.engine.descriptor.TestTemplateTestDescriptor.execute(TestTemplateTestDescriptor.java:42)
        at org.junit.platform.engine.support.hierarchical.NodeTestTask.lambda$executeRecursively$6(NodeTestTask.java:151)
        at org.junit.platform.engine.support.hierarchical.NodeTestTask$$Lambda$268/441001942.execute(Unknown Source)
        at org.junit.platform.engine.support.hierarchical.ThrowableCollector.execute(ThrowableCollector.java:73)
        at org.junit.platform.engine.support.hierarchical.NodeTestTask.lambda$executeRecursively$8(NodeTestTask.java:141)
        at org.junit.platform.engine.support.hierarchical.NodeTestTask$$Lambda$267/76659128.invoke(Unknown Source)
        at org.junit.platform.engine.support.hierarchical.Node.around(Node.java:137)
        at org.junit.platform.engine.support.hierarchical.NodeTestTask.lambda$executeRecursively$9(NodeTestTask.java:139)
        at org.junit.platform.engine.support.hierarchical.NodeTestTask$$Lambda$266/2068598972.execute(Unknown Source)
        at org.junit.platform.engine.support.hierarchical.ThrowableCollector.execute(ThrowableCollector.java:73)
        at org.junit.platform.engine.support.hierarchical.NodeTestTask.executeRecursively(NodeTestTask.java:138)
        at org.junit.platform.engine.support.hierarchical.NodeTestTask.execute(NodeTestTask.java:95)
        at org.junit.platform.engine.support.hierarchical.SameThreadHierarchicalTestExecutorService$$Lambda$272/1795816257.accept(Unknown Source)
        at java.util.ArrayList.forEach(ArrayList.java:1259)
        at org.junit.platform.engine.support.hierarchical.SameThreadHierarchicalTestExecutorService.invokeAll(SameThreadHierarchicalTestExecutorService.java:41)
        at org.junit.platform.engine.support.hierarchical.NodeTestTask.lambda$executeRecursively$6(NodeTestTask.java:155)
        at org.junit.platform.engine.support.hierarchical.NodeTestTask$$Lambda$268/441001942.execute(Unknown Source)
        at org.junit.platform.engine.support.hierarchical.ThrowableCollector.execute(ThrowableCollector.java:73)
        at org.junit.platform.engine.support.hierarchical.NodeTestTask.lambda$executeRecursively$8(NodeTestTask.java:141)
        at org.junit.platform.engine.support.hierarchical.NodeTestTask$$Lambda$267/76659128.invoke(Unknown Source)
        at org.junit.platform.engine.support.hierarchical.Node.around(Node.java:137)
        at org.junit.platform.engine.support.hierarchical.NodeTestTask.lambda$executeRecursively$9(NodeTestTask.java:139)
        at org.junit.platform.engine.support.hierarchical.NodeTestTask$$Lambda$266/2068598972.execute(Unknown Source)
        at org.junit.platform.engine.support.hierarchical.ThrowableCollector.execute(ThrowableCollector.java:73)
        at org.junit.platform.engine.support.hierarchical.NodeTestTask.executeRecursively(NodeTestTask.java:138)
        at org.junit.platform.engine.support.hierarchical.NodeTestTask.execute(NodeTestTask.java:95)
        at org.junit.platform.engine.support.hierarchical.SameThreadHierarchicalTestExecutorService$$Lambda$272/1795816257.accept(Unknown Source)
        at java.util.ArrayList.forEach(ArrayList.java:1259)
        at org.junit.platform.engine.support.hierarchical.SameThreadHierarchicalTestExecutorService.invokeAll(SameThreadHierarchicalTestExecutorService.java:41)
        at org.junit.platform.engine.support.hierarchical.NodeTestTask.lambda$executeRecursively$6(NodeTestTask.java:155)
        at org.junit.platform.engine.support.hierarchical.NodeTestTask$$Lambda$268/441001942.execute(Unknown Source)
        at org.junit.platform.engine.support.hierarchical.ThrowableCollector.execute(ThrowableCollector.java:73)
        at org.junit.platform.engine.support.hierarchical.NodeTestTask.lambda$executeRecursively$8(NodeTestTask.java:141)
        at org.junit.platform.engine.support.hierarchical.NodeTestTask$$Lambda$267/76659128.invoke(Unknown Source)
        at org.junit.platform.engine.support.hierarchical.Node.around(Node.java:137)
        at org.junit.platform.engine.support.hierarchical.NodeTestTask.lambda$executeRecursively$9(NodeTestTask.java:139)
        at org.junit.platform.engine.support.hierarchical.NodeTestTask$$Lambda$266/2068598972.execute(Unknown Source)
        at org.junit.platform.engine.support.hierarchical.ThrowableCollector.execute(ThrowableCollector.java:73)
        at org.junit.platform.engine.support.hierarchical.NodeTestTask.executeRecursively(NodeTestTask.java:138)
        at org.junit.platform.engine.support.hierarchical.NodeTestTask.execute(NodeTestTask.java:95)
        at org.junit.platform.engine.support.hierarchical.SameThreadHierarchicalTestExecutorService.submit(SameThreadHierarchicalTestExecutorService.java:35)
        at org.junit.platform.engine.support.hierarchical.HierarchicalTestExecutor.execute(HierarchicalTestExecutor.java:57)
        at org.junit.platform.engine.support.hierarchical.HierarchicalTestEngine.execute(HierarchicalTestEngine.java:54)
        at org.junit.platform.launcher.core.EngineExecutionOrchestrator.execute(EngineExecutionOrchestrator.java:107)
        at org.junit.platform.launcher.core.EngineExecutionOrchestrator.execute(EngineExecutionOrchestrator.java:88)
        at org.junit.platform.launcher.core.EngineExecutionOrchestrator.lambda$execute$0(EngineExecutionOrchestrator.java:54)
        at org.junit.platform.launcher.core.EngineExecutionOrchestrator$$Lambda$224/1898325501.accept(Unknown Source)
        at org.junit.platform.launcher.core.EngineExecutionOrchestrator.withInterceptedStreams(EngineExecutionOrchestrator.java:67)
        at org.junit.platform.launcher.core.EngineExecutionOrchestrator.execute(EngineExecutionOrchestrator.java:52)
        at org.junit.platform.launcher.core.DefaultLauncher.execute(DefaultLauncher.java:114)
        at org.junit.platform.launcher.core.DefaultLauncher.execute(DefaultLauncher.java:86)
        at org.junit.platform.launcher.core.DefaultLauncherSession$DelegatingLauncher.execute(DefaultLauncherSession.java:86)
        at org.junit.platform.launcher.core.SessionPerRequestLauncher.execute(SessionPerRequestLauncher.java:53)
        at org.apache.maven.surefire.junitplatform.JUnitPlatformProvider.execute(JUnitPlatformProvider.java:188)
        at org.apache.maven.surefire.junitplatform.JUnitPlatformProvider.invokeAllTests(JUnitPlatformProvider.java:154)
        at org.apache.maven.surefire.junitplatform.JUnitPlatformProvider.invoke(JUnitPlatformProvider.java:124)
        at org.apache.maven.surefire.booter.ForkedBooter.runSuitesInProcess(ForkedBooter.java:428)
        at org.apache.maven.surefire.booter.ForkedBooter.execute(ForkedBooter.java:162)
        at org.apache.maven.surefire.booter.ForkedBooter.run(ForkedBooter.java:562)
        at org.apache.maven.surefire.booter.ForkedBooter.main(ForkedBooter.java:548)
"IPC Server handler 19 on default port 44187" daemon prio=5 tid=865 timed_waiting
java.lang.Thread.State: TIMED_WAITING
        at sun.misc.Unsafe.park(Native Method)
        at java.util.concurrent.locks.LockSupport.parkNanos(LockSupport.java:215)
        at java.util.concurrent.locks.AbstractQueuedSynchronizer$ConditionObject.awaitNanos(AbstractQueuedSynchronizer.java:2078)
        at java.util.concurrent.LinkedBlockingQueue.poll(LinkedBlockingQueue.java:467)
        at org.apache.hadoop.ipc.CallQueueManager.take(CallQueueManager.java:317)
        at org.apache.hadoop.ipc.Server$Handler.run(Server.java:2992)
"qtp396186148-905" daemon prio=5 tid=905 timed_waiting
java.lang.Thread.State: TIMED_WAITING
        at sun.misc.Unsafe.park(Native Method)
        at java.util.concurrent.locks.LockSupport.parkNanos(LockSupport.java:215)
        at java.util.concurrent.locks.AbstractQueuedSynchronizer$ConditionObject.awaitNanos(AbstractQueuedSynchronizer.java:2078)
        at org.eclipse.jetty.util.BlockingArrayQueue.poll(BlockingArrayQueue.java:382)
        at org.eclipse.jetty.util.thread.QueuedThreadPool$Runner.idleJobPoll(QueuedThreadPool.java:974)
        at org.eclipse.jetty.util.thread.QueuedThreadPool$Runner.run(QueuedThreadPool.java:1018)
        at java.lang.Thread.run(Thread.java:750)
"IPC Server handler 10 on default port 44187" daemon prio=5 tid=856 timed_waiting
java.lang.Thread.State: TIMED_WAITING
        at sun.misc.Unsafe.park(Native Method)
        at java.util.concurrent.locks.LockSupport.parkNanos(LockSupport.java:215)
        at java.util.concurrent.locks.AbstractQueuedSynchronizer$ConditionObject.awaitNanos(AbstractQueuedSynchronizer.java:2078)
        at java.util.concurrent.LinkedBlockingQueue.poll(LinkedBlockingQueue.java:467)
        at org.apache.hadoop.ipc.CallQueueManager.take(CallQueueManager.java:317)
        at org.apache.hadoop.ipc.Server$Handler.run(Server.java:2992)
"qtp396186148-907" daemon prio=5 tid=907 timed_waiting
java.lang.Thread.State: TIMED_WAITING
        at sun.misc.Unsafe.park(Native Method)
        at java.util.concurrent.locks.LockSupport.parkNanos(LockSupport.java:215)
        at java.util.concurrent.locks.AbstractQueuedSynchronizer$ConditionObject.awaitNanos(AbstractQueuedSynchronizer.java:2078)
        at org.eclipse.jetty.util.BlockingArrayQueue.poll(BlockingArrayQueue.java:382)
        at org.eclipse.jetty.util.thread.QueuedThreadPool$Runner.idleJobPoll(QueuedThreadPool.java:974)
        at org.eclipse.jetty.util.thread.QueuedThreadPool$Runner.run(QueuedThreadPool.java:1018)
        at java.lang.Thread.run(Thread.java:750)
"IPC Server idle connection scanner for port 44187" daemon prio=5 tid=822 timed_waiting
java.lang.Thread.State: TIMED_WAITING
        at java.lang.Object.wait(Native Method)
        at java.util.TimerThread.mainLoop(Timer.java:552)
        at java.util.TimerThread.run(Timer.java:505)
"Datanode ReportManager Thread - 1" daemon prio=5 tid=887 in Object.wait()
java.lang.Thread.State: WAITING (on object monitor)
        at sun.misc.Unsafe.park(Native Method)
        at java.util.concurrent.locks.LockSupport.park(LockSupport.java:175)
        at java.util.concurrent.locks.AbstractQueuedSynchronizer$ConditionObject.await(AbstractQueuedSynchronizer.java:2039)
        at java.util.concurrent.ScheduledThreadPoolExecutor$DelayedWorkQueue.take(ScheduledThreadPoolExecutor.java:1088)
        at java.util.concurrent.ScheduledThreadPoolExecutor$DelayedWorkQueue.take(ScheduledThreadPoolExecutor.java:809)
        at java.util.concurrent.ThreadPoolExecutor.getTask(ThreadPoolExecutor.java:1074)
        at java.util.concurrent.ThreadPoolExecutor.runWorker(ThreadPoolExecutor.java:1134)
        at java.util.concurrent.ThreadPoolExecutor$Worker.run(ThreadPoolExecutor.java:624)
        at java.lang.Thread.run(Thread.java:750)
"BlockDeletingService#3" daemon prio=5 tid=965 in Object.wait()
java.lang.Thread.State: WAITING (on object monitor)
        at sun.misc.Unsafe.park(Native Method)
        at java.util.concurrent.locks.LockSupport.park(LockSupport.java:175)
        at java.util.concurrent.locks.AbstractQueuedSynchronizer$ConditionObject.await(AbstractQueuedSynchronizer.java:2039)
        at java.util.concurrent.ScheduledThreadPoolExecutor$DelayedWorkQueue.take(ScheduledThreadPoolExecutor.java:1088)
        at java.util.concurrent.ScheduledThreadPoolExecutor$DelayedWorkQueue.take(ScheduledThreadPoolExecutor.java:809)
        at java.util.concurrent.ThreadPoolExecutor.getTask(ThreadPoolExecutor.java:1074)
        at java.util.concurrent.ThreadPoolExecutor.runWorker(ThreadPoolExecutor.java:1134)
        at java.util.concurrent.ThreadPoolExecutor$Worker.run(ThreadPoolExecutor.java:624)
        at java.lang.Thread.run(Thread.java:750)
"ChunkWriter-1-0" daemon prio=5 tid=988 in Object.wait()
java.lang.Thread.State: WAITING (on object monitor)
        at sun.misc.Unsafe.park(Native Method)
        at java.util.concurrent.locks.LockSupport.park(LockSupport.java:175)
        at java.util.concurrent.locks.AbstractQueuedSynchronizer$ConditionObject.await(AbstractQueuedSynchronizer.java:2039)
        at java.util.concurrent.LinkedBlockingDeque.takeFirst(LinkedBlockingDeque.java:492)
        at java.util.concurrent.LinkedBlockingDeque.take(LinkedBlockingDeque.java:680)
        at java.util.concurrent.ThreadPoolExecutor.getTask(ThreadPoolExecutor.java:1074)
        at java.util.concurrent.ThreadPoolExecutor.runWorker(ThreadPoolExecutor.java:1134)
        at java.util.concurrent.ThreadPoolExecutor$Worker.run(ThreadPoolExecutor.java:624)
        at java.lang.Thread.run(Thread.java:750)
"ChunkReader-ELG-0" daemon prio=5 tid=959 runnable
java.lang.Thread.State: RUNNABLE
        at org.apache.ratis.thirdparty.io.netty.channel.epoll.Native.epollWait(Native Method)
        at org.apache.ratis.thirdparty.io.netty.channel.epoll.Native.epollWait(Native.java:209)
        at org.apache.ratis.thirdparty.io.netty.channel.epoll.Native.epollWait(Native.java:202)
        at org.apache.ratis.thirdparty.io.netty.channel.epoll.EpollEventLoop.epollWaitNoTimerChange(EpollEventLoop.java:294)
        at org.apache.ratis.thirdparty.io.netty.channel.epoll.EpollEventLoop.run(EpollEventLoop.java:351)
        at org.apache.ratis.thirdparty.io.netty.util.concurrent.SingleThreadEventExecutor$4.run(SingleThreadEventExecutor.java:995)
        at org.apache.ratis.thirdparty.io.netty.util.internal.ThreadExecutorMap$2.run(ThreadExecutorMap.java:74)
        at java.lang.Thread.run(Thread.java:750)
"SCMBlockDeletingService#0" daemon prio=5 tid=797 timed_waiting
java.lang.Thread.State: TIMED_WAITING
        at sun.misc.Unsafe.park(Native Method)
        at java.util.concurrent.locks.LockSupport.parkNanos(LockSupport.java:215)
        at java.util.concurrent.locks.AbstractQueuedSynchronizer$ConditionObject.awaitNanos(AbstractQueuedSynchronizer.java:2078)
        at java.util.concurrent.ScheduledThreadPoolExecutor$DelayedWorkQueue.take(ScheduledThreadPoolExecutor.java:1093)
        at java.util.concurrent.ScheduledThreadPoolExecutor$DelayedWorkQueue.take(ScheduledThreadPoolExecutor.java:809)
        at java.util.concurrent.ThreadPoolExecutor.getTask(ThreadPoolExecutor.java:1074)
        at java.util.concurrent.ThreadPoolExecutor.runWorker(ThreadPoolExecutor.java:1134)
        at java.util.concurrent.ThreadPoolExecutor$Worker.run(ThreadPoolExecutor.java:624)
        at java.lang.Thread.run(Thread.java:750)
"Datanode ReportManager Thread - 3" daemon prio=5 tid=943 in Object.wait()
java.lang.Thread.State: WAITING (on object monitor)
        at sun.misc.Unsafe.park(Native Method)
        at java.util.concurrent.locks.LockSupport.park(LockSupport.java:175)
        at java.util.concurrent.locks.AbstractQueuedSynchronizer$ConditionObject.await(AbstractQueuedSynchronizer.java:2039)
        at java.util.concurrent.ScheduledThreadPoolExecutor$DelayedWorkQueue.take(ScheduledThreadPoolExecutor.java:1088)
        at java.util.concurrent.ScheduledThreadPoolExecutor$DelayedWorkQueue.take(ScheduledThreadPoolExecutor.java:809)
        at java.util.concurrent.ThreadPoolExecutor.getTask(ThreadPoolExecutor.java:1074)
        at java.util.concurrent.ThreadPoolExecutor.runWorker(ThreadPoolExecutor.java:1134)
        at java.util.concurrent.ThreadPoolExecutor$Worker.run(ThreadPoolExecutor.java:624)
        at java.lang.Thread.run(Thread.java:750)
"EventQueue-CloseContainerForCloseContainerEventHandler"  prio=5 tid=1125 in Object.wait()
java.lang.Thread.State: WAITING (on object monitor)
        at sun.misc.Unsafe.park(Native Method)
        at java.util.concurrent.locks.LockSupport.park(LockSupport.java:175)
        at java.util.concurrent.locks.AbstractQueuedSynchronizer$ConditionObject.await(AbstractQueuedSynchronizer.java:2039)
        at java.util.concurrent.LinkedBlockingQueue.take(LinkedBlockingQueue.java:442)
        at java.util.concurrent.ThreadPoolExecutor.getTask(ThreadPoolExecutor.java:1074)
        at java.util.concurrent.ThreadPoolExecutor.runWorker(ThreadPoolExecutor.java:1134)
        at java.util.concurrent.ThreadPoolExecutor$Worker.run(ThreadPoolExecutor.java:624)
        at java.lang.Thread.run(Thread.java:750)
"IPC Server handler 11 on default port 40595" daemon prio=5 tid=788 timed_waiting
java.lang.Thread.State: TIMED_WAITING
        at sun.misc.Unsafe.park(Native Method)
        at java.util.concurrent.locks.LockSupport.parkNanos(LockSupport.java:215)
        at java.util.concurrent.locks.AbstractQueuedSynchronizer$ConditionObject.awaitNanos(AbstractQueuedSynchronizer.java:2078)
        at java.util.concurrent.LinkedBlockingQueue.poll(LinkedBlockingQueue.java:467)
        at org.apache.hadoop.ipc.CallQueueManager.take(CallQueueManager.java:317)
        at org.apache.hadoop.ipc.Server$Handler.run(Server.java:2992)
"IPC Server handler 13 on default port 41211" daemon prio=5 tid=750 timed_waiting
java.lang.Thread.State: TIMED_WAITING
        at sun.misc.Unsafe.park(Native Method)
        at java.util.concurrent.locks.LockSupport.parkNanos(LockSupport.java:215)
        at java.util.concurrent.locks.AbstractQueuedSynchronizer$ConditionObject.awaitNanos(AbstractQueuedSynchronizer.java:2078)
        at java.util.concurrent.LinkedBlockingQueue.poll(LinkedBlockingQueue.java:467)
        at org.apache.hadoop.ipc.CallQueueManager.take(CallQueueManager.java:317)
        at org.apache.hadoop.ipc.Server$Handler.run(Server.java:2992)
"IPC Server handler 6 on default port 40595" daemon prio=5 tid=783 timed_waiting
java.lang.Thread.State: TIMED_WAITING
        at sun.misc.Unsafe.park(Native Method)
        at java.util.concurrent.locks.LockSupport.parkNanos(LockSupport.java:215)
        at java.util.concurrent.locks.AbstractQueuedSynchronizer$ConditionObject.awaitNanos(AbstractQueuedSynchronizer.java:2078)
        at java.util.concurrent.LinkedBlockingQueue.poll(LinkedBlockingQueue.java:467)
        at org.apache.hadoop.ipc.CallQueueManager.take(CallQueueManager.java:317)
        at org.apache.hadoop.ipc.Server$Handler.run(Server.java:2992)
"qtp1734331657-932" daemon prio=5 tid=932 timed_waiting
java.lang.Thread.State: TIMED_WAITING
        at sun.misc.Unsafe.park(Native Method)
        at java.util.concurrent.locks.LockSupport.parkNanos(LockSupport.java:215)
        at java.util.concurrent.locks.AbstractQueuedSynchronizer$ConditionObject.awaitNanos(AbstractQueuedSynchronizer.java:2078)
        at org.eclipse.jetty.util.BlockingArrayQueue.poll(BlockingArrayQueue.java:382)
        at org.eclipse.jetty.util.thread.QueuedThreadPool$Runner.idleJobPoll(QueuedThreadPool.java:974)
        at org.eclipse.jetty.util.thread.QueuedThreadPool$Runner.run(QueuedThreadPool.java:1018)
        at java.lang.Thread.run(Thread.java:750)
"ContainerOp-47ca2eb6-cbc1-4dd0-8b98-7a7bec77320f-5"  prio=5 tid=1090 in Object.wait()
java.lang.Thread.State: WAITING (on object monitor)
        at sun.misc.Unsafe.park(Native Method)
        at java.util.concurrent.locks.LockSupport.park(LockSupport.java:175)
        at java.util.concurrent.locks.AbstractQueuedSynchronizer$ConditionObject.await(AbstractQueuedSynchronizer.java:2039)
        at java.util.concurrent.LinkedBlockingQueue.take(LinkedBlockingQueue.java:442)
        at java.util.concurrent.ThreadPoolExecutor.getTask(ThreadPoolExecutor.java:1074)
        at java.util.concurrent.ThreadPoolExecutor.runWorker(ThreadPoolExecutor.java:1134)
        at java.util.concurrent.ThreadPoolExecutor$Worker.run(ThreadPoolExecutor.java:624)
        at java.lang.Thread.run(Thread.java:750)
"BlockDeletingService#3" daemon prio=5 tid=982 timed_waiting
java.lang.Thread.State: TIMED_WAITING
        at sun.misc.Unsafe.park(Native Method)
        at java.util.concurrent.locks.LockSupport.parkNanos(LockSupport.java:215)
        at java.util.concurrent.locks.AbstractQueuedSynchronizer$ConditionObject.awaitNanos(AbstractQueuedSynchronizer.java:2078)
        at java.util.concurrent.ScheduledThreadPoolExecutor$DelayedWorkQueue.take(ScheduledThreadPoolExecutor.java:1093)
        at java.util.concurrent.ScheduledThreadPoolExecutor$DelayedWorkQueue.take(ScheduledThreadPoolExecutor.java:809)
        at java.util.concurrent.ThreadPoolExecutor.getTask(ThreadPoolExecutor.java:1074)
        at java.util.concurrent.ThreadPoolExecutor.runWorker(ThreadPoolExecutor.java:1134)
        at java.util.concurrent.ThreadPoolExecutor$Worker.run(ThreadPoolExecutor.java:624)
        at java.lang.Thread.run(Thread.java:750)
"PartialTableCache Cleanup Thread - 0" daemon prio=5 tid=446 in Object.wait()
java.lang.Thread.State: WAITING (on object monitor)
        at sun.misc.Unsafe.park(Native Method)
        at java.util.concurrent.locks.LockSupport.park(LockSupport.java:175)
        at java.util.concurrent.locks.AbstractQueuedSynchronizer$ConditionObject.await(AbstractQueuedSynchronizer.java:2039)
        at java.util.concurrent.LinkedBlockingQueue.take(LinkedBlockingQueue.java:442)
        at java.util.concurrent.ThreadPoolExecutor.getTask(ThreadPoolExecutor.java:1074)
        at java.util.concurrent.ThreadPoolExecutor.runWorker(ThreadPoolExecutor.java:1134)
        at java.util.concurrent.ThreadPoolExecutor$Worker.run(ThreadPoolExecutor.java:624)
        at java.lang.Thread.run(Thread.java:750)
"ChunkWriter-0-0" daemon prio=5 tid=987 in Object.wait()
java.lang.Thread.State: WAITING (on object monitor)
        at sun.misc.Unsafe.park(Native Method)
        at java.util.concurrent.locks.LockSupport.park(LockSupport.java:175)
        at java.util.concurrent.locks.AbstractQueuedSynchronizer$ConditionObject.await(AbstractQueuedSynchronizer.java:2039)
        at java.util.concurrent.LinkedBlockingDeque.takeFirst(LinkedBlockingDeque.java:492)
        at java.util.concurrent.LinkedBlockingDeque.take(LinkedBlockingDeque.java:680)
        at java.util.concurrent.ThreadPoolExecutor.getTask(ThreadPoolExecutor.java:1074)
        at java.util.concurrent.ThreadPoolExecutor.runWorker(ThreadPoolExecutor.java:1134)
        at java.util.concurrent.ThreadPoolExecutor$Worker.run(ThreadPoolExecutor.java:624)
        at java.lang.Thread.run(Thread.java:750)
"BlockDeletingService#4" daemon prio=5 tid=986 in Object.wait()
java.lang.Thread.State: WAITING (on object monitor)
        at sun.misc.Unsafe.park(Native Method)
        at java.util.concurrent.locks.LockSupport.park(LockSupport.java:175)
        at java.util.concurrent.locks.AbstractQueuedSynchronizer$ConditionObject.await(AbstractQueuedSynchronizer.java:2039)
        at java.util.concurrent.ScheduledThreadPoolExecutor$DelayedWorkQueue.take(ScheduledThreadPoolExecutor.java:1088)
        at java.util.concurrent.ScheduledThreadPoolExecutor$DelayedWorkQueue.take(ScheduledThreadPoolExecutor.java:809)
        at java.util.concurrent.ThreadPoolExecutor.getTask(ThreadPoolExecutor.java:1074)
        at java.util.concurrent.ThreadPoolExecutor.runWorker(ThreadPoolExecutor.java:1134)
        at java.util.concurrent.ThreadPoolExecutor$Worker.run(ThreadPoolExecutor.java:624)
        at java.lang.Thread.run(Thread.java:750)
"4b35ffa0-8f73-49c2-95c0-d3e82f30c132-NettyServerStreamRpc-bossGroup--thread1"  prio=5 tid=899 runnable
java.lang.Thread.State: RUNNABLE
        at sun.nio.ch.EPollArrayWrapper.epollWait(Native Method)
        at sun.nio.ch.EPollArrayWrapper.poll(EPollArrayWrapper.java:269)
        at sun.nio.ch.EPollSelectorImpl.doSelect(EPollSelectorImpl.java:93)
        at sun.nio.ch.SelectorImpl.lockAndDoSelect(SelectorImpl.java:86)
        at sun.nio.ch.SelectorImpl.select(SelectorImpl.java:97)
        at sun.nio.ch.SelectorImpl.select(SelectorImpl.java:101)
        at org.apache.ratis.thirdparty.io.netty.channel.nio.SelectedSelectionKeySetSelector.select(SelectedSelectionKeySetSelector.java:68)
        at org.apache.ratis.thirdparty.io.netty.channel.nio.NioEventLoop.select(NioEventLoop.java:813)
        at org.apache.ratis.thirdparty.io.netty.channel.nio.NioEventLoop.run(NioEventLoop.java:460)
        at org.apache.ratis.thirdparty.io.netty.util.concurrent.SingleThreadEventExecutor$4.run(SingleThreadEventExecutor.java:995)
        at org.apache.ratis.thirdparty.io.netty.util.internal.ThreadExecutorMap$2.run(ThreadExecutorMap.java:74)
        at java.lang.Thread.run(Thread.java:750)
"org.apache.hadoop.ozone.container.common.statemachine.commandhandler.DeleteBlocksCommandHandler$DeleteCmdWorker@51574c53" daemon prio=5 tid=928 timed_waiting
java.lang.Thread.State: TIMED_WAITING
        at java.lang.Thread.sleep(Native Method)
        at org.apache.hadoop.ozone.container.common.statemachine.commandhandler.DeleteBlocksCommandHandler$DeleteCmdWorker.run(DeleteBlocksCommandHandler.java:187)
        at java.lang.Thread.run(Thread.java:750)
"bc0378cf-3bdb-433c-bc8f-db90f0932c02@group-7A7BEC77320F-FollowerState" daemon prio=5 tid=1049 timed_waiting
java.lang.Thread.State: TIMED_WAITING
        at java.lang.Thread.sleep(Native Method)
        at java.lang.Thread.sleep(Thread.java:342)
        at java.util.concurrent.TimeUnit.sleep(TimeUnit.java:386)
        at org.apache.ratis.util.TimeDuration.sleep(TimeDuration.java:325)
        at org.apache.ratis.util.TimeDuration.sleep(TimeDuration.java:310)
        at org.apache.ratis.server.impl.FollowerState.run(FollowerState.java:128)
"qtp396186148-908" daemon prio=5 tid=908 timed_waiting
java.lang.Thread.State: TIMED_WAITING
        at sun.misc.Unsafe.park(Native Method)
        at java.util.concurrent.locks.LockSupport.parkNanos(LockSupport.java:215)
        at java.util.concurrent.locks.AbstractQueuedSynchronizer$ConditionObject.awaitNanos(AbstractQueuedSynchronizer.java:2078)
        at org.eclipse.jetty.util.BlockingArrayQueue.poll(BlockingArrayQueue.java:382)
        at org.eclipse.jetty.util.thread.QueuedThreadPool$Runner.idleJobPoll(QueuedThreadPool.java:974)
        at org.eclipse.jetty.util.thread.QueuedThreadPool$Runner.run(QueuedThreadPool.java:1018)
        at java.lang.Thread.run(Thread.java:750)
"qtp28114465-842" daemon prio=5 tid=842 timed_waiting
java.lang.Thread.State: TIMED_WAITING
        at sun.misc.Unsafe.park(Native Method)
        at java.util.concurrent.locks.LockSupport.parkNanos(LockSupport.java:215)
        at java.util.concurrent.locks.AbstractQueuedSynchronizer$ConditionObject.awaitNanos(AbstractQueuedSynchronizer.java:2078)
        at org.eclipse.jetty.util.BlockingArrayQueue.poll(BlockingArrayQueue.java:382)
        at org.eclipse.jetty.util.thread.QueuedThreadPool$Runner.idleJobPoll(QueuedThreadPool.java:974)
        at org.eclipse.jetty.util.thread.QueuedThreadPool$Runner.run(QueuedThreadPool.java:1018)
        at java.lang.Thread.run(Thread.java:750)
"IPC Server handler 8 on default port 40595" daemon prio=5 tid=785 timed_waiting
java.lang.Thread.State: TIMED_WAITING
        at sun.misc.Unsafe.park(Native Method)
        at java.util.concurrent.locks.LockSupport.parkNanos(LockSupport.java:215)
        at java.util.concurrent.locks.AbstractQueuedSynchronizer$ConditionObject.awaitNanos(AbstractQueuedSynchronizer.java:2078)
        at java.util.concurrent.LinkedBlockingQueue.poll(LinkedBlockingQueue.java:467)
        at org.apache.hadoop.ipc.CallQueueManager.take(CallQueueManager.java:317)
        at org.apache.hadoop.ipc.Server$Handler.run(Server.java:2992)
"ContainerOp-47ca2eb6-cbc1-4dd0-8b98-7a7bec77320f-7"  prio=5 tid=1095 in Object.wait()
java.lang.Thread.State: WAITING (on object monitor)
        at sun.misc.Unsafe.park(Native Method)
        at java.util.concurrent.locks.LockSupport.park(LockSupport.java:175)
        at java.util.concurrent.locks.AbstractQueuedSynchronizer$ConditionObject.await(AbstractQueuedSynchronizer.java:2039)
        at java.util.concurrent.LinkedBlockingQueue.take(LinkedBlockingQueue.java:442)
        at java.util.concurrent.ThreadPoolExecutor.getTask(ThreadPoolExecutor.java:1074)
        at java.util.concurrent.ThreadPoolExecutor.runWorker(ThreadPoolExecutor.java:1134)
        at java.util.concurrent.ThreadPoolExecutor$Worker.run(ThreadPoolExecutor.java:624)
        at java.lang.Thread.run(Thread.java:750)
"pool-286-thread-1"  prio=5 tid=929 timed_waiting
java.lang.Thread.State: TIMED_WAITING
        at sun.misc.Unsafe.park(Native Method)
        at java.util.concurrent.locks.LockSupport.parkNanos(LockSupport.java:215)
        at java.util.concurrent.locks.AbstractQueuedSynchronizer$ConditionObject.awaitNanos(AbstractQueuedSynchronizer.java:2078)
        at java.util.concurrent.ScheduledThreadPoolExecutor$DelayedWorkQueue.take(ScheduledThreadPoolExecutor.java:1093)
        at java.util.concurrent.ScheduledThreadPoolExecutor$DelayedWorkQueue.take(ScheduledThreadPoolExecutor.java:809)
        at java.util.concurrent.ThreadPoolExecutor.getTask(ThreadPoolExecutor.java:1074)
        at java.util.concurrent.ThreadPoolExecutor.runWorker(ThreadPoolExecutor.java:1134)
        at java.util.concurrent.ThreadPoolExecutor$Worker.run(ThreadPoolExecutor.java:624)
        at java.lang.Thread.run(Thread.java:750)
"Hadoop-Metrics-Updater-0" daemon prio=5 tid=714 timed_waiting
java.lang.Thread.State: TIMED_WAITING
        at sun.misc.Unsafe.park(Native Method)
        at java.util.concurrent.locks.LockSupport.parkNanos(LockSupport.java:215)
        at java.util.concurrent.locks.AbstractQueuedSynchronizer$ConditionObject.awaitNanos(AbstractQueuedSynchronizer.java:2078)
        at java.util.concurrent.ScheduledThreadPoolExecutor$DelayedWorkQueue.take(ScheduledThreadPoolExecutor.java:1093)
        at java.util.concurrent.ScheduledThreadPoolExecutor$DelayedWorkQueue.take(ScheduledThreadPoolExecutor.java:809)
        at java.util.concurrent.ThreadPoolExecutor.getTask(ThreadPoolExecutor.java:1074)
        at java.util.concurrent.ThreadPoolExecutor.runWorker(ThreadPoolExecutor.java:1134)
        at java.util.concurrent.ThreadPoolExecutor$Worker.run(ThreadPoolExecutor.java:624)
        at java.lang.Thread.run(Thread.java:750)
"IPC Server idle connection scanner for port 41211" daemon prio=5 tid=722 timed_waiting
java.lang.Thread.State: TIMED_WAITING
        at java.lang.Object.wait(Native Method)
        at java.util.TimerThread.mainLoop(Timer.java:552)
        at java.util.TimerThread.run(Timer.java:505)
"timer3" daemon prio=5 tid=368 timed_waiting
java.lang.Thread.State: TIMED_WAITING
        at java.lang.Object.wait(Native Method)
        at java.util.TimerThread.mainLoop(Timer.java:552)
        at java.util.TimerThread.run(Timer.java:505)
"EndpointStateMachine task thread for /0.0.0.0:40595 - 0 "  prio=5 tid=951 in Object.wait()
java.lang.Thread.State: WAITING (on object monitor)
        at sun.misc.Unsafe.park(Native Method)
        at java.util.concurrent.locks.LockSupport.park(LockSupport.java:175)
        at java.util.concurrent.locks.AbstractQueuedSynchronizer$ConditionObject.await(AbstractQueuedSynchronizer.java:2039)
        at java.util.concurrent.LinkedBlockingQueue.take(LinkedBlockingQueue.java:442)
        at java.util.concurrent.ThreadPoolExecutor.getTask(ThreadPoolExecutor.java:1074)
        at java.util.concurrent.ThreadPoolExecutor.runWorker(ThreadPoolExecutor.java:1134)
        at java.util.concurrent.ThreadPoolExecutor$Worker.run(ThreadPoolExecutor.java:624)
        at java.lang.Thread.run(Thread.java:750)
"Datanode ReportManager Thread - 2" daemon prio=5 tid=915 in Object.wait()
java.lang.Thread.State: WAITING (on object monitor)
        at sun.misc.Unsafe.park(Native Method)
        at java.util.concurrent.locks.LockSupport.park(LockSupport.java:175)
        at java.util.concurrent.locks.AbstractQueuedSynchronizer$ConditionObject.await(AbstractQueuedSynchronizer.java:2039)
        at java.util.concurrent.ScheduledThreadPoolExecutor$DelayedWorkQueue.take(ScheduledThreadPoolExecutor.java:1088)
        at java.util.concurrent.ScheduledThreadPoolExecutor$DelayedWorkQueue.take(ScheduledThreadPoolExecutor.java:809)
        at java.util.concurrent.ThreadPoolExecutor.getTask(ThreadPoolExecutor.java:1074)
        at java.util.concurrent.ThreadPoolExecutor.runWorker(ThreadPoolExecutor.java:1134)
        at java.util.concurrent.ThreadPoolExecutor$Worker.run(ThreadPoolExecutor.java:624)
        at java.lang.Thread.run(Thread.java:750)
"qtp1532094190-878-acceptor-0@14fde95f-ServerConnector@51b0fd9f{HTTP/1.1, (http/1.1)}{0.0.0.0:41343}" daemon prio=3 tid=878 runnable
java.lang.Thread.State: RUNNABLE
        at sun.nio.ch.ServerSocketChannelImpl.accept0(Native Method)
        at sun.nio.ch.ServerSocketChannelImpl.accept(ServerSocketChannelImpl.java:421)
        at sun.nio.ch.ServerSocketChannelImpl.accept(ServerSocketChannelImpl.java:249)
        at org.eclipse.jetty.server.ServerConnector.accept(ServerConnector.java:388)
        at org.eclipse.jetty.server.AbstractConnector$Acceptor.run(AbstractConnector.java:704)
        at org.eclipse.jetty.util.thread.QueuedThreadPool.runJob(QueuedThreadPool.java:883)
        at org.eclipse.jetty.util.thread.QueuedThreadPool$Runner.run(QueuedThreadPool.java:1034)
        at java.lang.Thread.run(Thread.java:750)
"grpc-default-executor-7" daemon prio=5 tid=1056 timed_waiting
java.lang.Thread.State: TIMED_WAITING
        at sun.misc.Unsafe.park(Native Method)
        at java.util.concurrent.locks.LockSupport.parkNanos(LockSupport.java:215)
        at java.util.concurrent.SynchronousQueue$TransferStack.awaitFulfill(SynchronousQueue.java:460)
        at java.util.concurrent.SynchronousQueue$TransferStack.transfer(SynchronousQueue.java:362)
        at java.util.concurrent.SynchronousQueue.poll(SynchronousQueue.java:941)
        at java.util.concurrent.ThreadPoolExecutor.getTask(ThreadPoolExecutor.java:1073)
        at java.util.concurrent.ThreadPoolExecutor.runWorker(ThreadPoolExecutor.java:1134)
        at java.util.concurrent.ThreadPoolExecutor$Worker.run(ThreadPoolExecutor.java:624)
        at java.lang.Thread.run(Thread.java:750)
"EventQueue-OpenPipelineForHealthyPipelineSafeModeRule" daemon prio=5 tid=1045 in Object.wait()
java.lang.Thread.State: WAITING (on object monitor)
        at sun.misc.Unsafe.park(Native Method)
        at java.util.concurrent.locks.LockSupport.park(LockSupport.java:175)
        at java.util.concurrent.locks.AbstractQueuedSynchronizer$ConditionObject.await(AbstractQueuedSynchronizer.java:2039)
        at java.util.concurrent.LinkedBlockingQueue.take(LinkedBlockingQueue.java:442)
        at java.util.concurrent.ThreadPoolExecutor.getTask(ThreadPoolExecutor.java:1074)
        at java.util.concurrent.ThreadPoolExecutor.runWorker(ThreadPoolExecutor.java:1134)
        at java.util.concurrent.ThreadPoolExecutor$Worker.run(ThreadPoolExecutor.java:624)
        at java.lang.Thread.run(Thread.java:750)
"pool-256-thread-1"  prio=5 tid=1032 in Object.wait()
java.lang.Thread.State: WAITING (on object monitor)
        at sun.misc.Unsafe.park(Native Method)
        at java.util.concurrent.locks.LockSupport.park(LockSupport.java:175)
        at java.util.concurrent.locks.AbstractQueuedSynchronizer$ConditionObject.await(AbstractQueuedSynchronizer.java:2039)
        at java.util.concurrent.LinkedBlockingQueue.take(LinkedBlockingQueue.java:442)
        at java.util.concurrent.ThreadPoolExecutor.getTask(ThreadPoolExecutor.java:1074)
        at java.util.concurrent.ThreadPoolExecutor.runWorker(ThreadPoolExecutor.java:1134)
        at java.util.concurrent.ThreadPoolExecutor$Worker.run(ThreadPoolExecutor.java:624)
        at java.lang.Thread.run(Thread.java:750)
"Hadoop-Metrics-Updater-0" daemon prio=5 tid=824 timed_waiting
java.lang.Thread.State: TIMED_WAITING
        at sun.misc.Unsafe.park(Native Method)
        at java.util.concurrent.locks.LockSupport.parkNanos(LockSupport.java:215)
        at java.util.concurrent.locks.AbstractQueuedSynchronizer$ConditionObject.awaitNanos(AbstractQueuedSynchronizer.java:2078)
        at java.util.concurrent.ScheduledThreadPoolExecutor$DelayedWorkQueue.take(ScheduledThreadPoolExecutor.java:1093)
        at java.util.concurrent.ScheduledThreadPoolExecutor$DelayedWorkQueue.take(ScheduledThreadPoolExecutor.java:809)
        at java.util.concurrent.ThreadPoolExecutor.getTask(ThreadPoolExecutor.java:1074)
        at java.util.concurrent.ThreadPoolExecutor.runWorker(ThreadPoolExecutor.java:1134)
        at java.util.concurrent.ThreadPoolExecutor$Worker.run(ThreadPoolExecutor.java:624)
        at java.lang.Thread.run(Thread.java:750)
"IPC Server handler 15 on default port 40595" daemon prio=5 tid=792 timed_waiting
java.lang.Thread.State: TIMED_WAITING
        at sun.misc.Unsafe.park(Native Method)
        at java.util.concurrent.locks.LockSupport.parkNanos(LockSupport.java:215)
        at java.util.concurrent.locks.AbstractQueuedSynchronizer$ConditionObject.awaitNanos(AbstractQueuedSynchronizer.java:2078)
        at java.util.concurrent.LinkedBlockingQueue.poll(LinkedBlockingQueue.java:467)
        at org.apache.hadoop.ipc.CallQueueManager.take(CallQueueManager.java:317)
        at org.apache.hadoop.ipc.Server$Handler.run(Server.java:2992)
"pool-190-thread-3"  prio=5 tid=1128 timed_waiting
java.lang.Thread.State: TIMED_WAITING
        at sun.misc.Unsafe.park(Native Method)
        at java.util.concurrent.locks.LockSupport.parkNanos(LockSupport.java:215)
        at java.util.concurrent.SynchronousQueue$TransferStack.awaitFulfill(SynchronousQueue.java:460)
        at java.util.concurrent.SynchronousQueue$TransferStack.transfer(SynchronousQueue.java:362)
        at java.util.concurrent.SynchronousQueue.poll(SynchronousQueue.java:941)
        at java.util.concurrent.ThreadPoolExecutor.getTask(ThreadPoolExecutor.java:1073)
        at java.util.concurrent.ThreadPoolExecutor.runWorker(ThreadPoolExecutor.java:1134)
        at java.util.concurrent.ThreadPoolExecutor$Worker.run(ThreadPoolExecutor.java:624)
        at java.lang.Thread.run(Thread.java:750)
"ContainerOp-47ca2eb6-cbc1-4dd0-8b98-7a7bec77320f-8"  prio=5 tid=1100 in Object.wait()
java.lang.Thread.State: WAITING (on object monitor)
        at sun.misc.Unsafe.park(Native Method)
        at java.util.concurrent.locks.LockSupport.park(LockSupport.java:175)
        at java.util.concurrent.locks.AbstractQueuedSynchronizer$ConditionObject.await(AbstractQueuedSynchronizer.java:2039)
        at java.util.concurrent.LinkedBlockingQueue.take(LinkedBlockingQueue.java:442)
        at java.util.concurrent.ThreadPoolExecutor.getTask(ThreadPoolExecutor.java:1074)
        at java.util.concurrent.ThreadPoolExecutor.runWorker(ThreadPoolExecutor.java:1134)
        at java.util.concurrent.ThreadPoolExecutor$Worker.run(ThreadPoolExecutor.java:624)
        at java.lang.Thread.run(Thread.java:750)
"15488c1c-ff1a-49f6-9596-cf663845e1ec@group-7A7BEC77320F-StateMachineUpdater" daemon prio=5 tid=1022 timed_waiting
java.lang.Thread.State: TIMED_WAITING
        at sun.misc.Unsafe.park(Native Method)
        at java.util.concurrent.locks.LockSupport.parkNanos(LockSupport.java:215)
        at java.util.concurrent.locks.AbstractQueuedSynchronizer$ConditionObject.await(AbstractQueuedSynchronizer.java:2163)
        at org.apache.ratis.util.AwaitForSignal.await(AwaitForSignal.java:62)
        at org.apache.ratis.server.impl.StateMachineUpdater.waitForCommit(StateMachineUpdater.java:207)
        at org.apache.ratis.server.impl.StateMachineUpdater.run(StateMachineUpdater.java:176)
        at java.lang.Thread.run(Thread.java:750)
"IPC Server handler 4 on default port 41211" daemon prio=5 tid=741 timed_waiting
java.lang.Thread.State: TIMED_WAITING
        at sun.misc.Unsafe.park(Native Method)
        at java.util.concurrent.locks.LockSupport.parkNanos(LockSupport.java:215)
        at java.util.concurrent.locks.AbstractQueuedSynchronizer$ConditionObject.awaitNanos(AbstractQueuedSynchronizer.java:2078)
        at java.util.concurrent.LinkedBlockingQueue.poll(LinkedBlockingQueue.java:467)
        at org.apache.hadoop.ipc.CallQueueManager.take(CallQueueManager.java:317)
        at org.apache.hadoop.ipc.Server$Handler.run(Server.java:2992)
"IPC Server Responder" daemon prio=5 tid=713 runnable
java.lang.Thread.State: RUNNABLE
        at sun.nio.ch.EPollArrayWrapper.epollWait(Native Method)
        at sun.nio.ch.EPollArrayWrapper.poll(EPollArrayWrapper.java:269)
        at sun.nio.ch.EPollSelectorImpl.doSelect(EPollSelectorImpl.java:93)
        at sun.nio.ch.SelectorImpl.lockAndDoSelect(SelectorImpl.java:86)
        at sun.nio.ch.SelectorImpl.select(SelectorImpl.java:97)
        at org.apache.hadoop.ipc.Server$Responder.doRunLoop(Server.java:1578)
        at org.apache.hadoop.ipc.Server$Responder.run(Server.java:1561)
"qtp1734331657-937" daemon prio=5 tid=937 timed_waiting
java.lang.Thread.State: TIMED_WAITING
        at sun.misc.Unsafe.park(Native Method)
        at java.util.concurrent.locks.LockSupport.parkNanos(LockSupport.java:215)
        at java.util.concurrent.locks.AbstractQueuedSynchronizer$ConditionObject.awaitNanos(AbstractQueuedSynchronizer.java:2078)
        at org.eclipse.jetty.util.BlockingArrayQueue.poll(BlockingArrayQueue.java:382)
        at org.eclipse.jetty.util.thread.QueuedThreadPool$Runner.idleJobPoll(QueuedThreadPool.java:974)
        at org.eclipse.jetty.util.thread.QueuedThreadPool$Runner.run(QueuedThreadPool.java:1018)
        at java.lang.Thread.run(Thread.java:750)
"IPC Server handler 19 on default port 41211" daemon prio=5 tid=756 timed_waiting
java.lang.Thread.State: TIMED_WAITING
        at sun.misc.Unsafe.park(Native Method)
        at java.util.concurrent.locks.LockSupport.parkNanos(LockSupport.java:215)
        at java.util.concurrent.locks.AbstractQueuedSynchronizer$ConditionObject.awaitNanos(AbstractQueuedSynchronizer.java:2078)
        at java.util.concurrent.LinkedBlockingQueue.poll(LinkedBlockingQueue.java:467)
        at org.apache.hadoop.ipc.CallQueueManager.take(CallQueueManager.java:317)
        at org.apache.hadoop.ipc.Server$Handler.run(Server.java:2992)
"bc0378cf-3bdb-433c-bc8f-db90f0932c02-server-thread2" daemon prio=5 tid=1058 timed_waiting
java.lang.Thread.State: TIMED_WAITING
        at sun.misc.Unsafe.park(Native Method)
        at java.util.concurrent.locks.LockSupport.parkNanos(LockSupport.java:215)
        at java.util.concurrent.SynchronousQueue$TransferStack.awaitFulfill(SynchronousQueue.java:460)
        at java.util.concurrent.SynchronousQueue$TransferStack.transfer(SynchronousQueue.java:362)
        at java.util.concurrent.SynchronousQueue.poll(SynchronousQueue.java:941)
        at java.util.concurrent.ThreadPoolExecutor.getTask(ThreadPoolExecutor.java:1073)
        at java.util.concurrent.ThreadPoolExecutor.runWorker(ThreadPoolExecutor.java:1134)
        at java.util.concurrent.ThreadPoolExecutor$Worker.run(ThreadPoolExecutor.java:624)
        at java.lang.Thread.run(Thread.java:750)
"IPC Server handler 8 on default port 41211" daemon prio=5 tid=745 timed_waiting
java.lang.Thread.State: TIMED_WAITING
        at sun.misc.Unsafe.park(Native Method)
        at java.util.concurrent.locks.LockSupport.parkNanos(LockSupport.java:215)
        at java.util.concurrent.locks.AbstractQueuedSynchronizer$ConditionObject.awaitNanos(AbstractQueuedSynchronizer.java:2078)
        at java.util.concurrent.LinkedBlockingQueue.poll(LinkedBlockingQueue.java:467)
        at org.apache.hadoop.ipc.CallQueueManager.take(CallQueueManager.java:317)
        at org.apache.hadoop.ipc.Server$Handler.run(Server.java:2992)
"bc0378cf-3bdb-433c-bc8f-db90f0932c02-server-thread1" daemon prio=5 tid=1057 timed_waiting
java.lang.Thread.State: TIMED_WAITING
        at sun.misc.Unsafe.park(Native Method)
        at java.util.concurrent.locks.LockSupport.parkNanos(LockSupport.java:215)
        at java.util.concurrent.SynchronousQueue$TransferStack.awaitFulfill(SynchronousQueue.java:460)
        at java.util.concurrent.SynchronousQueue$TransferStack.transfer(SynchronousQueue.java:362)
        at java.util.concurrent.SynchronousQueue.poll(SynchronousQueue.java:941)
        at java.util.concurrent.ThreadPoolExecutor.getTask(ThreadPoolExecutor.java:1073)
        at java.util.concurrent.ThreadPoolExecutor.runWorker(ThreadPoolExecutor.java:1134)
        at java.util.concurrent.ThreadPoolExecutor$Worker.run(ThreadPoolExecutor.java:624)
        at java.lang.Thread.run(Thread.java:750)
"qtp396186148-910" daemon prio=5 tid=910 timed_waiting
java.lang.Thread.State: TIMED_WAITING
        at sun.misc.Unsafe.park(Native Method)
        at java.util.concurrent.locks.LockSupport.parkNanos(LockSupport.java:215)
        at java.util.concurrent.locks.AbstractQueuedSynchronizer$ConditionObject.awaitNanos(AbstractQueuedSynchronizer.java:2078)
        at org.eclipse.jetty.util.BlockingArrayQueue.poll(BlockingArrayQueue.java:382)
        at org.eclipse.jetty.util.thread.QueuedThreadPool$Runner.idleJobPoll(QueuedThreadPool.java:974)
        at org.eclipse.jetty.util.thread.QueuedThreadPool$Runner.run(QueuedThreadPool.java:1018)
        at java.lang.Thread.run(Thread.java:750)
"IPC Server handler 3 on default port 46503" daemon prio=5 tid=760 timed_waiting
java.lang.Thread.State: TIMED_WAITING
        at sun.misc.Unsafe.park(Native Method)
        at java.util.concurrent.locks.LockSupport.parkNanos(LockSupport.java:215)
        at java.util.concurrent.locks.AbstractQueuedSynchronizer$ConditionObject.awaitNanos(AbstractQueuedSynchronizer.java:2078)
        at java.util.concurrent.LinkedBlockingQueue.poll(LinkedBlockingQueue.java:467)
        at org.apache.hadoop.ipc.CallQueueManager.take(CallQueueManager.java:317)
        at org.apache.hadoop.ipc.Server$Handler.run(Server.java:2992)
"ContainerOp-47ca2eb6-cbc1-4dd0-8b98-7a7bec77320f-4"  prio=5 tid=1089 in Object.wait()
java.lang.Thread.State: WAITING (on object monitor)
        at sun.misc.Unsafe.park(Native Method)
        at java.util.concurrent.locks.LockSupport.park(LockSupport.java:175)
        at java.util.concurrent.locks.AbstractQueuedSynchronizer$ConditionObject.await(AbstractQueuedSynchronizer.java:2039)
        at java.util.concurrent.LinkedBlockingQueue.take(LinkedBlockingQueue.java:442)
        at java.util.concurrent.ThreadPoolExecutor.getTask(ThreadPoolExecutor.java:1074)
        at java.util.concurrent.ThreadPoolExecutor.runWorker(ThreadPoolExecutor.java:1134)
        at java.util.concurrent.ThreadPoolExecutor$Worker.run(ThreadPoolExecutor.java:624)
        at java.lang.Thread.run(Thread.java:750)
"DeleteBlocksCommandHandlerThread-3"  prio=5 tid=1136 in Object.wait()
java.lang.Thread.State: WAITING (on object monitor)
        at sun.misc.Unsafe.park(Native Method)
        at java.util.concurrent.locks.LockSupport.park(LockSupport.java:175)
        at java.util.concurrent.locks.AbstractQueuedSynchronizer$ConditionObject.await(AbstractQueuedSynchronizer.java:2039)
        at java.util.concurrent.LinkedBlockingQueue.take(LinkedBlockingQueue.java:442)
        at java.util.concurrent.ThreadPoolExecutor.getTask(ThreadPoolExecutor.java:1074)
        at java.util.concurrent.ThreadPoolExecutor.runWorker(ThreadPoolExecutor.java:1134)
        at java.util.concurrent.ThreadPoolExecutor$Worker.run(ThreadPoolExecutor.java:624)
        at java.lang.Thread.run(Thread.java:750)
"org.apache.hadoop.ozone.container.common.statemachine.commandhandler.DeleteBlocksCommandHandler$DeleteCmdWorker@2c01480f" daemon prio=5 tid=901 timed_waiting
java.lang.Thread.State: TIMED_WAITING
        at java.lang.Thread.sleep(Native Method)
        at org.apache.hadoop.ozone.container.common.statemachine.commandhandler.DeleteBlocksCommandHandler$DeleteCmdWorker.run(DeleteBlocksCommandHandler.java:187)
        at java.lang.Thread.run(Thread.java:750)
"ChunkWriter-3-0" daemon prio=5 tid=990 in Object.wait()
java.lang.Thread.State: WAITING (on object monitor)
        at sun.misc.Unsafe.park(Native Method)
        at java.util.concurrent.locks.LockSupport.park(LockSupport.java:175)
        at java.util.concurrent.locks.AbstractQueuedSynchronizer$ConditionObject.await(AbstractQueuedSynchronizer.java:2039)
        at java.util.concurrent.LinkedBlockingDeque.takeFirst(LinkedBlockingDeque.java:492)
        at java.util.concurrent.LinkedBlockingDeque.take(LinkedBlockingDeque.java:680)
        at java.util.concurrent.ThreadPoolExecutor.getTask(ThreadPoolExecutor.java:1074)
        at java.util.concurrent.ThreadPoolExecutor.runWorker(ThreadPoolExecutor.java:1134)
        at java.util.concurrent.ThreadPoolExecutor$Worker.run(ThreadPoolExecutor.java:624)
        at java.lang.Thread.run(Thread.java:750)
"Datanode State Machine Task Thread - 0"  prio=5 tid=893 in Object.wait()
java.lang.Thread.State: WAITING (on object monitor)
        at sun.misc.Unsafe.park(Native Method)
        at java.util.concurrent.locks.LockSupport.park(LockSupport.java:175)
        at java.util.concurrent.locks.AbstractQueuedSynchronizer$ConditionObject.await(AbstractQueuedSynchronizer.java:2039)
        at java.util.concurrent.LinkedBlockingQueue.take(LinkedBlockingQueue.java:442)
        at java.util.concurrent.ThreadPoolExecutor.getTask(ThreadPoolExecutor.java:1074)
        at java.util.concurrent.ThreadPoolExecutor.runWorker(ThreadPoolExecutor.java:1134)
        at java.util.concurrent.ThreadPoolExecutor$Worker.run(ThreadPoolExecutor.java:624)
        at java.lang.Thread.run(Thread.java:750)
"qtp1734331657-936" daemon prio=5 tid=936 timed_waiting
java.lang.Thread.State: TIMED_WAITING
        at sun.misc.Unsafe.park(Native Method)
        at java.util.concurrent.locks.LockSupport.parkNanos(LockSupport.java:215)
        at java.util.concurrent.locks.AbstractQueuedSynchronizer$ConditionObject.awaitNanos(AbstractQueuedSynchronizer.java:2078)
        at org.eclipse.jetty.util.BlockingArrayQueue.poll(BlockingArrayQueue.java:382)
        at org.eclipse.jetty.util.thread.QueuedThreadPool$Runner.idleJobPoll(QueuedThreadPool.java:974)
        at org.eclipse.jetty.util.thread.QueuedThreadPool$Runner.run(QueuedThreadPool.java:1018)
        at java.lang.Thread.run(Thread.java:750)
"DeleteBlocksCommandHandlerThread-1"  prio=5 tid=1142 in Object.wait()
java.lang.Thread.State: WAITING (on object monitor)
        at sun.misc.Unsafe.park(Native Method)
        at java.util.concurrent.locks.LockSupport.park(LockSupport.java:175)
        at java.util.concurrent.locks.AbstractQueuedSynchronizer$ConditionObject.await(AbstractQueuedSynchronizer.java:2039)
        at java.util.concurrent.LinkedBlockingQueue.take(LinkedBlockingQueue.java:442)
        at java.util.concurrent.ThreadPoolExecutor.getTask(ThreadPoolExecutor.java:1074)
        at java.util.concurrent.ThreadPoolExecutor.runWorker(ThreadPoolExecutor.java:1134)
        at java.util.concurrent.ThreadPoolExecutor$Worker.run(ThreadPoolExecutor.java:624)
        at java.lang.Thread.run(Thread.java:750)
"StaleRecoveringContainerScrubbingService#0" daemon prio=5 tid=976 timed_waiting
java.lang.Thread.State: TIMED_WAITING
        at sun.misc.Unsafe.park(Native Method)
        at java.util.concurrent.locks.LockSupport.parkNanos(LockSupport.java:215)
        at java.util.concurrent.locks.AbstractQueuedSynchronizer$ConditionObject.awaitNanos(AbstractQueuedSynchronizer.java:2078)
        at java.util.concurrent.ScheduledThreadPoolExecutor$DelayedWorkQueue.take(ScheduledThreadPoolExecutor.java:1093)
        at java.util.concurrent.ScheduledThreadPoolExecutor$DelayedWorkQueue.take(ScheduledThreadPoolExecutor.java:809)
        at java.util.concurrent.ThreadPoolExecutor.getTask(ThreadPoolExecutor.java:1074)
        at java.util.concurrent.ThreadPoolExecutor.runWorker(ThreadPoolExecutor.java:1134)
        at java.util.concurrent.ThreadPoolExecutor$Worker.run(ThreadPoolExecutor.java:624)
        at java.lang.Thread.run(Thread.java:750)
"timer1" daemon prio=5 tid=365 timed_waiting
java.lang.Thread.State: TIMED_WAITING
        at java.lang.Object.wait(Native Method)
        at java.util.TimerThread.mainLoop(Timer.java:552)
        at java.util.TimerThread.run(Timer.java:505)
"Timer for 'StorageContainerManager' metrics system" daemon prio=5 tid=735 timed_waiting
java.lang.Thread.State: TIMED_WAITING
        at java.lang.Object.wait(Native Method)
        at java.util.TimerThread.mainLoop(Timer.java:552)
        at java.util.TimerThread.run(Timer.java:505)
"EndpointStateMachine task thread for /0.0.0.0:40595 - 0 "  prio=5 tid=967 in Object.wait()
java.lang.Thread.State: WAITING (on object monitor)
        at sun.misc.Unsafe.park(Native Method)
        at java.util.concurrent.locks.LockSupport.park(LockSupport.java:175)
        at java.util.concurrent.locks.AbstractQueuedSynchronizer$ConditionObject.await(AbstractQueuedSynchronizer.java:2039)
        at java.util.concurrent.LinkedBlockingQueue.take(LinkedBlockingQueue.java:442)
        at java.util.concurrent.ThreadPoolExecutor.getTask(ThreadPoolExecutor.java:1074)
        at java.util.concurrent.ThreadPoolExecutor.runWorker(ThreadPoolExecutor.java:1134)
        at java.util.concurrent.ThreadPoolExecutor$Worker.run(ThreadPoolExecutor.java:624)
        at java.lang.Thread.run(Thread.java:750)
"IPC Server handler 12 on default port 40595" daemon prio=5 tid=789 timed_waiting
java.lang.Thread.State: TIMED_WAITING
        at sun.misc.Unsafe.park(Native Method)
        at java.util.concurrent.locks.LockSupport.parkNanos(LockSupport.java:215)
        at java.util.concurrent.locks.AbstractQueuedSynchronizer$ConditionObject.awaitNanos(AbstractQueuedSynchronizer.java:2078)
        at java.util.concurrent.LinkedBlockingQueue.poll(LinkedBlockingQueue.java:467)
        at org.apache.hadoop.ipc.CallQueueManager.take(CallQueueManager.java:317)
        at org.apache.hadoop.ipc.Server$Handler.run(Server.java:2992)
"ContainerOp-47ca2eb6-cbc1-4dd0-8b98-7a7bec77320f-1"  prio=5 tid=1074 in Object.wait()
java.lang.Thread.State: WAITING (on object monitor)
        at sun.misc.Unsafe.park(Native Method)
        at java.util.concurrent.locks.LockSupport.park(LockSupport.java:175)
        at java.util.concurrent.locks.AbstractQueuedSynchronizer$ConditionObject.await(AbstractQueuedSynchronizer.java:2039)
        at java.util.concurrent.LinkedBlockingQueue.take(LinkedBlockingQueue.java:442)
        at java.util.concurrent.ThreadPoolExecutor.getTask(ThreadPoolExecutor.java:1074)
        at java.util.concurrent.ThreadPoolExecutor.runWorker(ThreadPoolExecutor.java:1134)
        at java.util.concurrent.ThreadPoolExecutor$Worker.run(ThreadPoolExecutor.java:624)
        at java.lang.Thread.run(Thread.java:750)
"DeleteBlocksCommandHandlerThread-1"  prio=5 tid=1134 in Object.wait()
java.lang.Thread.State: WAITING (on object monitor)
        at sun.misc.Unsafe.park(Native Method)
        at java.util.concurrent.locks.LockSupport.park(LockSupport.java:175)
        at java.util.concurrent.locks.AbstractQueuedSynchronizer$ConditionObject.await(AbstractQueuedSynchronizer.java:2039)
        at java.util.concurrent.LinkedBlockingQueue.take(LinkedBlockingQueue.java:442)
        at java.util.concurrent.ThreadPoolExecutor.getTask(ThreadPoolExecutor.java:1074)
        at java.util.concurrent.ThreadPoolExecutor.runWorker(ThreadPoolExecutor.java:1134)
        at java.util.concurrent.ThreadPoolExecutor$Worker.run(ThreadPoolExecutor.java:624)
        at java.lang.Thread.run(Thread.java:750)
"Socket Reader #1 for port 0"  prio=5 tid=821 runnable
java.lang.Thread.State: RUNNABLE
        at sun.nio.ch.EPollArrayWrapper.epollWait(Native Method)
        at sun.nio.ch.EPollArrayWrapper.poll(EPollArrayWrapper.java:269)
        at sun.nio.ch.EPollSelectorImpl.doSelect(EPollSelectorImpl.java:93)
        at sun.nio.ch.SelectorImpl.lockAndDoSelect(SelectorImpl.java:86)
        at sun.nio.ch.SelectorImpl.select(SelectorImpl.java:97)
        at sun.nio.ch.SelectorImpl.select(SelectorImpl.java:101)
        at org.apache.hadoop.ipc.Server$Listener$Reader.doRunLoop(Server.java:1342)
        at org.apache.hadoop.ipc.Server$Listener$Reader.run(Server.java:1321)
"ContainerOp-47ca2eb6-cbc1-4dd0-8b98-7a7bec77320f-3"  prio=5 tid=1085 in Object.wait()
java.lang.Thread.State: WAITING (on object monitor)
        at sun.misc.Unsafe.park(Native Method)
        at java.util.concurrent.locks.LockSupport.park(LockSupport.java:175)
        at java.util.concurrent.locks.AbstractQueuedSynchronizer$ConditionObject.await(AbstractQueuedSynchronizer.java:2039)
        at java.util.concurrent.LinkedBlockingQueue.take(LinkedBlockingQueue.java:442)
        at java.util.concurrent.ThreadPoolExecutor.getTask(ThreadPoolExecutor.java:1074)
        at java.util.concurrent.ThreadPoolExecutor.runWorker(ThreadPoolExecutor.java:1134)
        at java.util.concurrent.ThreadPoolExecutor$Worker.run(ThreadPoolExecutor.java:624)
        at java.lang.Thread.run(Thread.java:750)
"Periodic HDDS volume checker" daemon prio=5 tid=922 timed_waiting
java.lang.Thread.State: TIMED_WAITING
        at sun.misc.Unsafe.park(Native Method)
        at java.util.concurrent.locks.LockSupport.parkNanos(LockSupport.java:215)
        at java.util.concurrent.locks.AbstractQueuedSynchronizer$ConditionObject.awaitNanos(AbstractQueuedSynchronizer.java:2078)
        at java.util.concurrent.ScheduledThreadPoolExecutor$DelayedWorkQueue.take(ScheduledThreadPoolExecutor.java:1093)
        at java.util.concurrent.ScheduledThreadPoolExecutor$DelayedWorkQueue.take(ScheduledThreadPoolExecutor.java:809)
        at java.util.concurrent.ThreadPoolExecutor.getTask(ThreadPoolExecutor.java:1074)
        at java.util.concurrent.ThreadPoolExecutor.runWorker(ThreadPoolExecutor.java:1134)
        at java.util.concurrent.ThreadPoolExecutor$Worker.run(ThreadPoolExecutor.java:624)
        at java.lang.Thread.run(Thread.java:750)
"DeleteBlocksCommandHandlerThread-2"  prio=5 tid=1143 in Object.wait()
java.lang.Thread.State: WAITING (on object monitor)
        at sun.misc.Unsafe.park(Native Method)
        at java.util.concurrent.locks.LockSupport.park(LockSupport.java:175)
        at java.util.concurrent.locks.AbstractQueuedSynchronizer$ConditionObject.await(AbstractQueuedSynchronizer.java:2039)
        at java.util.concurrent.LinkedBlockingQueue.take(LinkedBlockingQueue.java:442)
        at java.util.concurrent.ThreadPoolExecutor.getTask(ThreadPoolExecutor.java:1074)
        at java.util.concurrent.ThreadPoolExecutor.runWorker(ThreadPoolExecutor.java:1134)
        at java.util.concurrent.ThreadPoolExecutor$Worker.run(ThreadPoolExecutor.java:624)
        at java.lang.Thread.run(Thread.java:750)
"IPC Server handler 18 on default port 40595" daemon prio=5 tid=795 timed_waiting
java.lang.Thread.State: TIMED_WAITING
        at sun.misc.Unsafe.park(Native Method)
        at java.util.concurrent.locks.LockSupport.parkNanos(LockSupport.java:215)
        at java.util.concurrent.locks.AbstractQueuedSynchronizer$ConditionObject.awaitNanos(AbstractQueuedSynchronizer.java:2078)
        at java.util.concurrent.LinkedBlockingQueue.poll(LinkedBlockingQueue.java:467)
        at org.apache.hadoop.ipc.CallQueueManager.take(CallQueueManager.java:317)
        at org.apache.hadoop.ipc.Server$Handler.run(Server.java:2992)
"org.apache.hadoop.util.JvmPauseMonitor$Monitor@4f1ae95c" daemon prio=5 tid=892 timed_waiting
java.lang.Thread.State: TIMED_WAITING
        at java.lang.Thread.sleep(Native Method)
        at org.apache.hadoop.util.JvmPauseMonitor$Monitor.run(JvmPauseMonitor.java:192)
        at java.lang.Thread.run(Thread.java:750)
"ContainerOp-47ca2eb6-cbc1-4dd0-8b98-7a7bec77320f-6"  prio=5 tid=1092 in Object.wait()
java.lang.Thread.State: WAITING (on object monitor)
        at sun.misc.Unsafe.park(Native Method)
        at java.util.concurrent.locks.LockSupport.park(LockSupport.java:175)
        at java.util.concurrent.locks.AbstractQueuedSynchronizer$ConditionObject.await(AbstractQueuedSynchronizer.java:2039)
        at java.util.concurrent.LinkedBlockingQueue.take(LinkedBlockingQueue.java:442)
        at java.util.concurrent.ThreadPoolExecutor.getTask(ThreadPoolExecutor.java:1074)
        at java.util.concurrent.ThreadPoolExecutor.runWorker(ThreadPoolExecutor.java:1134)
        at java.util.concurrent.ThreadPoolExecutor$Worker.run(ThreadPoolExecutor.java:624)
        at java.lang.Thread.run(Thread.java:750)
"IPC Server handler 0 on default port 44187" daemon prio=5 tid=846 timed_waiting
java.lang.Thread.State: TIMED_WAITING
        at sun.misc.Unsafe.park(Native Method)
        at java.util.concurrent.locks.LockSupport.parkNanos(LockSupport.java:215)
        at java.util.concurrent.locks.AbstractQueuedSynchronizer$ConditionObject.awaitNanos(AbstractQueuedSynchronizer.java:2078)
        at java.util.concurrent.LinkedBlockingQueue.poll(LinkedBlockingQueue.java:467)
        at org.apache.hadoop.ipc.CallQueueManager.take(CallQueueManager.java:317)
        at org.apache.hadoop.ipc.Server$Handler.run(Server.java:2992)
"BlockDeletingService#1" daemon prio=5 tid=963 in Object.wait()
java.lang.Thread.State: WAITING (on object monitor)
        at sun.misc.Unsafe.park(Native Method)
        at java.util.concurrent.locks.LockSupport.park(LockSupport.java:175)
        at java.util.concurrent.locks.AbstractQueuedSynchronizer$ConditionObject.await(AbstractQueuedSynchronizer.java:2039)
        at java.util.concurrent.ScheduledThreadPoolExecutor$DelayedWorkQueue.take(ScheduledThreadPoolExecutor.java:1088)
        at java.util.concurrent.ScheduledThreadPoolExecutor$DelayedWorkQueue.take(ScheduledThreadPoolExecutor.java:809)
        at java.util.concurrent.ThreadPoolExecutor.getTask(ThreadPoolExecutor.java:1074)
        at java.util.concurrent.ThreadPoolExecutor.runWorker(ThreadPoolExecutor.java:1134)
        at java.util.concurrent.ThreadPoolExecutor$Worker.run(ThreadPoolExecutor.java:624)
        at java.lang.Thread.run(Thread.java:750)
"IPC Server handler 1 on default port 46503" daemon prio=5 tid=758 timed_waiting
java.lang.Thread.State: TIMED_WAITING
        at sun.misc.Unsafe.park(Native Method)
        at java.util.concurrent.locks.LockSupport.parkNanos(LockSupport.java:215)
        at java.util.concurrent.locks.AbstractQueuedSynchronizer$ConditionObject.awaitNanos(AbstractQueuedSynchronizer.java:2078)
        at java.util.concurrent.LinkedBlockingQueue.poll(LinkedBlockingQueue.java:467)
        at org.apache.hadoop.ipc.CallQueueManager.take(CallQueueManager.java:317)
        at org.apache.hadoop.ipc.Server$Handler.run(Server.java:2992)
"qtp1591842611-804" daemon prio=5 tid=804 timed_waiting
java.lang.Thread.State: TIMED_WAITING
        at sun.misc.Unsafe.park(Native Method)
        at java.util.concurrent.locks.LockSupport.parkNanos(LockSupport.java:215)
        at java.util.concurrent.locks.AbstractQueuedSynchronizer$ConditionObject.awaitNanos(AbstractQueuedSynchronizer.java:2078)
        at org.eclipse.jetty.util.BlockingArrayQueue.poll(BlockingArrayQueue.java:382)
        at org.eclipse.jetty.util.thread.QueuedThreadPool$Runner.idleJobPoll(QueuedThreadPool.java:974)
        at org.eclipse.jetty.util.thread.QueuedThreadPool$Runner.run(QueuedThreadPool.java:1018)
        at java.lang.Thread.run(Thread.java:750)
"IPC Server handler 16 on default port 40595" daemon prio=5 tid=793 timed_waiting
java.lang.Thread.State: TIMED_WAITING
        at sun.misc.Unsafe.park(Native Method)
        at java.util.concurrent.locks.LockSupport.parkNanos(LockSupport.java:215)
        at java.util.concurrent.locks.AbstractQueuedSynchronizer$ConditionObject.awaitNanos(AbstractQueuedSynchronizer.java:2078)
        at java.util.concurrent.LinkedBlockingQueue.poll(LinkedBlockingQueue.java:467)
        at org.apache.hadoop.ipc.CallQueueManager.take(CallQueueManager.java:317)
        at org.apache.hadoop.ipc.Server$Handler.run(Server.java:2992)
"IPC Server handler 4 on default port 44187" daemon prio=5 tid=850 timed_waiting
java.lang.Thread.State: TIMED_WAITING
        at sun.misc.Unsafe.park(Native Method)
        at java.util.concurrent.locks.LockSupport.parkNanos(LockSupport.java:215)
        at java.util.concurrent.locks.AbstractQueuedSynchronizer$ConditionObject.awaitNanos(AbstractQueuedSynchronizer.java:2078)
        at java.util.concurrent.LinkedBlockingQueue.poll(LinkedBlockingQueue.java:467)
        at org.apache.hadoop.ipc.CallQueueManager.take(CallQueueManager.java:317)
        at org.apache.hadoop.ipc.Server$Handler.run(Server.java:2992)
"ChunkWriter-3-0" daemon prio=5 tid=957 in Object.wait()
java.lang.Thread.State: WAITING (on object monitor)
        at sun.misc.Unsafe.park(Native Method)
        at java.util.concurrent.locks.LockSupport.park(LockSupport.java:175)
        at java.util.concurrent.locks.AbstractQueuedSynchronizer$ConditionObject.await(AbstractQueuedSynchronizer.java:2039)
        at java.util.concurrent.LinkedBlockingDeque.takeFirst(LinkedBlockingDeque.java:492)
        at java.util.concurrent.LinkedBlockingDeque.take(LinkedBlockingDeque.java:680)
        at java.util.concurrent.ThreadPoolExecutor.getTask(ThreadPoolExecutor.java:1074)
        at java.util.concurrent.ThreadPoolExecutor.runWorker(ThreadPoolExecutor.java:1134)
        at java.util.concurrent.ThreadPoolExecutor$Worker.run(ThreadPoolExecutor.java:624)
        at java.lang.Thread.run(Thread.java:750)
"qtp1532094190-882" daemon prio=5 tid=882 timed_waiting
java.lang.Thread.State: TIMED_WAITING
        at sun.misc.Unsafe.park(Native Method)
        at java.util.concurrent.locks.LockSupport.parkNanos(LockSupport.java:215)
        at java.util.concurrent.locks.AbstractQueuedSynchronizer$ConditionObject.awaitNanos(AbstractQueuedSynchronizer.java:2078)
        at org.eclipse.jetty.util.BlockingArrayQueue.poll(BlockingArrayQueue.java:382)
        at org.eclipse.jetty.util.thread.QueuedThreadPool$Runner.idleJobPoll(QueuedThreadPool.java:974)
        at org.eclipse.jetty.util.thread.QueuedThreadPool$Runner.run(QueuedThreadPool.java:1018)
        at java.lang.Thread.run(Thread.java:750)
"Finalizer" daemon prio=8 tid=3 in Object.wait()
java.lang.Thread.State: WAITING (on object monitor)
        at java.lang.Object.wait(Native Method)
        at java.lang.ref.ReferenceQueue.remove(ReferenceQueue.java:144)
        at java.lang.ref.ReferenceQueue.remove(ReferenceQueue.java:165)
        at java.lang.ref.Finalizer$FinalizerThread.run(Finalizer.java:188)
"4b35ffa0-8f73-49c2-95c0-d3e82f30c132-server-thread3"  prio=5 tid=1108 timed_waiting
java.lang.Thread.State: TIMED_WAITING
        at sun.misc.Unsafe.park(Native Method)
        at java.util.concurrent.locks.LockSupport.parkNanos(LockSupport.java:215)
        at java.util.concurrent.SynchronousQueue$TransferStack.awaitFulfill(SynchronousQueue.java:460)
        at java.util.concurrent.SynchronousQueue$TransferStack.transfer(SynchronousQueue.java:362)
        at java.util.concurrent.SynchronousQueue.poll(SynchronousQueue.java:941)
        at java.util.concurrent.ThreadPoolExecutor.getTask(ThreadPoolExecutor.java:1073)
        at java.util.concurrent.ThreadPoolExecutor.runWorker(ThreadPoolExecutor.java:1134)
        at java.util.concurrent.ThreadPoolExecutor$Worker.run(ThreadPoolExecutor.java:624)
        at java.lang.Thread.run(Thread.java:750)
"timer6" daemon prio=5 tid=390 timed_waiting
java.lang.Thread.State: TIMED_WAITING
        at java.lang.Object.wait(Native Method)
        at java.util.TimerThread.mainLoop(Timer.java:552)
        at java.util.TimerThread.run(Timer.java:505)
"qtp1591842611-808" daemon prio=5 tid=808 timed_waiting
java.lang.Thread.State: TIMED_WAITING
        at sun.misc.Unsafe.park(Native Method)
        at java.util.concurrent.locks.LockSupport.parkNanos(LockSupport.java:215)
        at java.util.concurrent.locks.AbstractQueuedSynchronizer$ConditionObject.awaitNanos(AbstractQueuedSynchronizer.java:2078)
        at org.eclipse.jetty.util.BlockingArrayQueue.poll(BlockingArrayQueue.java:382)
        at org.eclipse.jetty.util.thread.QueuedThreadPool$Runner.idleJobPoll(QueuedThreadPool.java:974)
        at org.eclipse.jetty.util.thread.QueuedThreadPool$Runner.run(QueuedThreadPool.java:1018)
        at java.lang.Thread.run(Thread.java:750)
"Datanode State Machine Daemon Thread" daemon prio=5 tid=912 timed_waiting
java.lang.Thread.State: TIMED_WAITING
        at java.lang.Thread.sleep(Native Method)
        at org.apache.hadoop.ozone.container.common.statemachine.DatanodeStateMachine.startStateMachineThread(DatanodeStateMachine.java:336)
        at org.apache.hadoop.ozone.container.common.statemachine.DatanodeStateMachine.lambda$startDaemon$0(DatanodeStateMachine.java:518)
        at org.apache.hadoop.ozone.container.common.statemachine.DatanodeStateMachine$$Lambda$826/1309673886.run(Unknown Source)
        at java.lang.Thread.run(Thread.java:750)
"OMDoubleBufferFlushThread" daemon prio=5 tid=815 timed_waiting
java.lang.Thread.State: TIMED_WAITING
        at java.lang.Object.wait(Native Method)
        at org.apache.hadoop.ozone.om.ratis.OzoneManagerDoubleBuffer.canFlush(OzoneManagerDoubleBuffer.java:614)
        at org.apache.hadoop.ozone.om.ratis.OzoneManagerDoubleBuffer.flushTransactions(OzoneManagerDoubleBuffer.java:258)
        at org.apache.hadoop.ozone.om.ratis.OzoneManagerDoubleBuffer$$Lambda$549/504155606.run(Unknown Source)
        at java.lang.Thread.run(Thread.java:750)
"ContainerOp-47ca2eb6-cbc1-4dd0-8b98-7a7bec77320f-0"  prio=5 tid=1075 in Object.wait()
java.lang.Thread.State: WAITING (on object monitor)
        at sun.misc.Unsafe.park(Native Method)
        at java.util.concurrent.locks.LockSupport.park(LockSupport.java:175)
        at java.util.concurrent.locks.AbstractQueuedSynchronizer$ConditionObject.await(AbstractQueuedSynchronizer.java:2039)
        at java.util.concurrent.LinkedBlockingQueue.take(LinkedBlockingQueue.java:442)
        at java.util.concurrent.ThreadPoolExecutor.getTask(ThreadPoolExecutor.java:1074)
        at java.util.concurrent.ThreadPoolExecutor.runWorker(ThreadPoolExecutor.java:1134)
        at java.util.concurrent.ThreadPoolExecutor$Worker.run(ThreadPoolExecutor.java:624)
        at java.lang.Thread.run(Thread.java:750)
"qtp1532094190-877" daemon prio=5 tid=877 timed_waiting
java.lang.Thread.State: TIMED_WAITING
        at sun.misc.Unsafe.park(Native Method)
        at java.util.concurrent.locks.LockSupport.parkNanos(LockSupport.java:215)
        at java.util.concurrent.locks.AbstractQueuedSynchronizer$ConditionObject.awaitNanos(AbstractQueuedSynchronizer.java:2078)
        at org.eclipse.jetty.util.BlockingArrayQueue.poll(BlockingArrayQueue.java:382)
        at org.eclipse.jetty.util.thread.QueuedThreadPool$Runner.idleJobPoll(QueuedThreadPool.java:974)
        at org.eclipse.jetty.util.thread.QueuedThreadPool$Runner.run(QueuedThreadPool.java:1018)
        at java.lang.Thread.run(Thread.java:750)
"PartialTableCache Cleanup Thread - 0" daemon prio=5 tid=1067 in Object.wait()
java.lang.Thread.State: WAITING (on object monitor)
        at sun.misc.Unsafe.park(Native Method)
        at java.util.concurrent.locks.LockSupport.park(LockSupport.java:175)
        at java.util.concurrent.locks.AbstractQueuedSynchronizer$ConditionObject.await(AbstractQueuedSynchronizer.java:2039)
        at java.util.concurrent.LinkedBlockingQueue.take(LinkedBlockingQueue.java:442)
        at java.util.concurrent.ThreadPoolExecutor.getTask(ThreadPoolExecutor.java:1074)
        at java.util.concurrent.ThreadPoolExecutor.runWorker(ThreadPoolExecutor.java:1134)
        at java.util.concurrent.ThreadPoolExecutor$Worker.run(ThreadPoolExecutor.java:624)
        at java.lang.Thread.run(Thread.java:750)
"IPC Server handler 11 on default port 44187" daemon prio=5 tid=857 timed_waiting
java.lang.Thread.State: TIMED_WAITING
        at sun.misc.Unsafe.park(Native Method)
        at java.util.concurrent.locks.LockSupport.parkNanos(LockSupport.java:215)
        at java.util.concurrent.locks.AbstractQueuedSynchronizer$ConditionObject.awaitNanos(AbstractQueuedSynchronizer.java:2078)
        at java.util.concurrent.LinkedBlockingQueue.poll(LinkedBlockingQueue.java:467)
        at org.apache.hadoop.ipc.CallQueueManager.take(CallQueueManager.java:317)
        at org.apache.hadoop.ipc.Server$Handler.run(Server.java:2992)
"IPC Server handler 18 on default port 41211" daemon prio=5 tid=755 timed_waiting
java.lang.Thread.State: TIMED_WAITING
        at sun.misc.Unsafe.park(Native Method)
        at java.util.concurrent.locks.LockSupport.parkNanos(LockSupport.java:215)
        at java.util.concurrent.locks.AbstractQueuedSynchronizer$ConditionObject.awaitNanos(AbstractQueuedSynchronizer.java:2078)
        at java.util.concurrent.LinkedBlockingQueue.poll(LinkedBlockingQueue.java:467)
        at org.apache.hadoop.ipc.CallQueueManager.take(CallQueueManager.java:317)
        at org.apache.hadoop.ipc.Server$Handler.run(Server.java:2992)
"Under Replicated Processor" daemon prio=5 tid=707 timed_waiting
java.lang.Thread.State: TIMED_WAITING
        at java.lang.Object.wait(Native Method)
        at org.apache.hadoop.hdds.scm.container.replication.UnhealthyReplicationProcessor.run(UnhealthyReplicationProcessor.java:140)
        at java.lang.Thread.run(Thread.java:750)
"Socket Reader #1 for port 0"  prio=5 tid=721 runnable
java.lang.Thread.State: RUNNABLE
        at sun.nio.ch.EPollArrayWrapper.epollWait(Native Method)
        at sun.nio.ch.EPollArrayWrapper.poll(EPollArrayWrapper.java:269)
        at sun.nio.ch.EPollSelectorImpl.doSelect(EPollSelectorImpl.java:93)
        at sun.nio.ch.SelectorImpl.lockAndDoSelect(SelectorImpl.java:86)
        at sun.nio.ch.SelectorImpl.select(SelectorImpl.java:97)
        at sun.nio.ch.SelectorImpl.select(SelectorImpl.java:101)
        at org.apache.hadoop.ipc.Server$Listener$Reader.doRunLoop(Server.java:1342)
        at org.apache.hadoop.ipc.Server$Listener$Reader.run(Server.java:1321)
"qtp28114465-840" daemon prio=5 tid=840 timed_waiting
java.lang.Thread.State: TIMED_WAITING
        at sun.misc.Unsafe.park(Native Method)
        at java.util.concurrent.locks.LockSupport.parkNanos(LockSupport.java:215)
        at java.util.concurrent.locks.AbstractQueuedSynchronizer$ConditionObject.awaitNanos(AbstractQueuedSynchronizer.java:2078)
        at org.eclipse.jetty.util.BlockingArrayQueue.poll(BlockingArrayQueue.java:382)
        at org.eclipse.jetty.util.thread.QueuedThreadPool$Runner.idleJobPoll(QueuedThreadPool.java:974)
        at org.eclipse.jetty.util.thread.QueuedThreadPool$Runner.run(QueuedThreadPool.java:1018)
        at java.lang.Thread.run(Thread.java:750)
"ContainerOp-47ca2eb6-cbc1-4dd0-8b98-7a7bec77320f-0"  prio=5 tid=1072 in Object.wait()
java.lang.Thread.State: WAITING (on object monitor)
        at sun.misc.Unsafe.park(Native Method)
        at java.util.concurrent.locks.LockSupport.park(LockSupport.java:175)
        at java.util.concurrent.locks.AbstractQueuedSynchronizer$ConditionObject.await(AbstractQueuedSynchronizer.java:2039)
        at java.util.concurrent.LinkedBlockingQueue.take(LinkedBlockingQueue.java:442)
        at java.util.concurrent.ThreadPoolExecutor.getTask(ThreadPoolExecutor.java:1074)
        at java.util.concurrent.ThreadPoolExecutor.runWorker(ThreadPoolExecutor.java:1134)
        at java.util.concurrent.ThreadPoolExecutor$Worker.run(ThreadPoolExecutor.java:624)
        at java.lang.Thread.run(Thread.java:750)
"ContainerOp-47ca2eb6-cbc1-4dd0-8b98-7a7bec77320f-4"  prio=5 tid=1086 in Object.wait()
java.lang.Thread.State: WAITING (on object monitor)
        at sun.misc.Unsafe.park(Native Method)
        at java.util.concurrent.locks.LockSupport.park(LockSupport.java:175)
        at java.util.concurrent.locks.AbstractQueuedSynchronizer$ConditionObject.await(AbstractQueuedSynchronizer.java:2039)
        at java.util.concurrent.LinkedBlockingQueue.take(LinkedBlockingQueue.java:442)
        at java.util.concurrent.ThreadPoolExecutor.getTask(ThreadPoolExecutor.java:1074)
        at java.util.concurrent.ThreadPoolExecutor.runWorker(ThreadPoolExecutor.java:1134)
        at java.util.concurrent.ThreadPoolExecutor$Worker.run(ThreadPoolExecutor.java:624)
        at java.lang.Thread.run(Thread.java:750)
"15488c1c-ff1a-49f6-9596-cf663845e1ec@group-7A7BEC77320F->4b35ffa0-8f73-49c2-95c0-d3e82f30c132-GrpcLogAppender-LogAppenderDaemon" daemon prio=5 tid=1046 timed_waiting
java.lang.Thread.State: TIMED_WAITING
        at sun.misc.Unsafe.park(Native Method)
        at java.util.concurrent.locks.LockSupport.parkNanos(LockSupport.java:215)
        at java.util.concurrent.locks.AbstractQueuedSynchronizer$ConditionObject.await(AbstractQueuedSynchronizer.java:2163)
        at org.apache.ratis.util.AwaitForSignal.await(AwaitForSignal.java:62)
        at org.apache.ratis.grpc.server.GrpcLogAppender.mayWait(GrpcLogAppender.java:198)
        at org.apache.ratis.grpc.server.GrpcLogAppender.run(GrpcLogAppender.java:148)
        at org.apache.ratis.server.leader.LogAppenderDaemon.run(LogAppenderDaemon.java:78)
        at org.apache.ratis.server.leader.LogAppenderDaemon$$Lambda$1110/518571258.run(Unknown Source)
        at java.lang.Thread.run(Thread.java:750)
"DeleteBlocksCommandHandlerThread-3"  prio=5 tid=1144 in Object.wait()
java.lang.Thread.State: WAITING (on object monitor)
        at sun.misc.Unsafe.park(Native Method)
        at java.util.concurrent.locks.LockSupport.park(LockSupport.java:175)
        at java.util.concurrent.locks.AbstractQueuedSynchronizer$ConditionObject.await(AbstractQueuedSynchronizer.java:2039)
        at java.util.concurrent.LinkedBlockingQueue.take(LinkedBlockingQueue.java:442)
        at java.util.concurrent.ThreadPoolExecutor.getTask(ThreadPoolExecutor.java:1074)
        at java.util.concurrent.ThreadPoolExecutor.runWorker(ThreadPoolExecutor.java:1134)
        at java.util.concurrent.ThreadPoolExecutor$Worker.run(ThreadPoolExecutor.java:624)
        at java.lang.Thread.run(Thread.java:750)
"om1-client-thread1" daemon prio=5 tid=1061 timed_waiting
java.lang.Thread.State: TIMED_WAITING
        at sun.misc.Unsafe.park(Native Method)
        at java.util.concurrent.locks.LockSupport.parkNanos(LockSupport.java:215)
        at java.util.concurrent.SynchronousQueue$TransferStack.awaitFulfill(SynchronousQueue.java:460)
        at java.util.concurrent.SynchronousQueue$TransferStack.transfer(SynchronousQueue.java:362)
        at java.util.concurrent.SynchronousQueue.poll(SynchronousQueue.java:941)
        at java.util.concurrent.ThreadPoolExecutor.getTask(ThreadPoolExecutor.java:1073)
        at java.util.concurrent.ThreadPoolExecutor.runWorker(ThreadPoolExecutor.java:1134)
        at java.util.concurrent.ThreadPoolExecutor$Worker.run(ThreadPoolExecutor.java:624)
        at java.lang.Thread.run(Thread.java:750)
"Datanode State Machine Task Thread - 1"  prio=5 tid=983 in Object.wait()
java.lang.Thread.State: WAITING (on object monitor)
        at sun.misc.Unsafe.park(Native Method)
        at java.util.concurrent.locks.LockSupport.park(LockSupport.java:175)
        at java.util.concurrent.locks.AbstractQueuedSynchronizer$ConditionObject.await(AbstractQueuedSynchronizer.java:2039)
        at java.util.concurrent.LinkedBlockingQueue.take(LinkedBlockingQueue.java:442)
        at java.util.concurrent.ThreadPoolExecutor.getTask(ThreadPoolExecutor.java:1074)
        at java.util.concurrent.ThreadPoolExecutor.runWorker(ThreadPoolExecutor.java:1134)
        at java.util.concurrent.ThreadPoolExecutor$Worker.run(ThreadPoolExecutor.java:624)
        at java.lang.Thread.run(Thread.java:750)
"DeleteBlocksCommandHandlerThread-1"  prio=5 tid=1159 in Object.wait()
java.lang.Thread.State: WAITING (on object monitor)
        at sun.misc.Unsafe.park(Native Method)
        at java.util.concurrent.locks.LockSupport.park(LockSupport.java:175)
        at java.util.concurrent.locks.AbstractQueuedSynchronizer$ConditionObject.await(AbstractQueuedSynchronizer.java:2039)
        at java.util.concurrent.LinkedBlockingQueue.take(LinkedBlockingQueue.java:442)
        at java.util.concurrent.ThreadPoolExecutor.getTask(ThreadPoolExecutor.java:1074)
        at java.util.concurrent.ThreadPoolExecutor.runWorker(ThreadPoolExecutor.java:1134)
        at java.util.concurrent.ThreadPoolExecutor$Worker.run(ThreadPoolExecutor.java:624)
        at java.lang.Thread.run(Thread.java:750)
"IPC Server handler 7 on default port 44187" daemon prio=5 tid=853 timed_waiting
java.lang.Thread.State: TIMED_WAITING
        at sun.misc.Unsafe.park(Native Method)
        at java.util.concurrent.locks.LockSupport.parkNanos(LockSupport.java:215)
        at java.util.concurrent.locks.AbstractQueuedSynchronizer$ConditionObject.awaitNanos(AbstractQueuedSynchronizer.java:2078)
        at java.util.concurrent.LinkedBlockingQueue.poll(LinkedBlockingQueue.java:467)
        at org.apache.hadoop.ipc.CallQueueManager.take(CallQueueManager.java:317)
        at org.apache.hadoop.ipc.Server$Handler.run(Server.java:2992)
"IPC Server handler 16 on default port 46503" daemon prio=5 tid=773 timed_waiting
java.lang.Thread.State: TIMED_WAITING
        at sun.misc.Unsafe.park(Native Method)
        at java.util.concurrent.locks.LockSupport.parkNanos(LockSupport.java:215)
        at java.util.concurrent.locks.AbstractQueuedSynchronizer$ConditionObject.awaitNanos(AbstractQueuedSynchronizer.java:2078)
        at java.util.concurrent.LinkedBlockingQueue.poll(LinkedBlockingQueue.java:467)
        at org.apache.hadoop.ipc.CallQueueManager.take(CallQueueManager.java:317)
        at org.apache.hadoop.ipc.Server$Handler.run(Server.java:2992)
"qtp1734331657-934" daemon prio=5 tid=934 timed_waiting
java.lang.Thread.State: TIMED_WAITING
        at sun.misc.Unsafe.park(Native Method)
        at java.util.concurrent.locks.LockSupport.parkNanos(LockSupport.java:215)
        at java.util.concurrent.locks.AbstractQueuedSynchronizer$ConditionObject.awaitNanos(AbstractQueuedSynchronizer.java:2078)
        at org.eclipse.jetty.util.BlockingArrayQueue.poll(BlockingArrayQueue.java:382)
        at org.eclipse.jetty.util.thread.QueuedThreadPool$Runner.idleJobPoll(QueuedThreadPool.java:974)
        at org.eclipse.jetty.util.thread.QueuedThreadPool$Runner.run(QueuedThreadPool.java:1018)
        at java.lang.Thread.run(Thread.java:750)
"IPC Server idle connection scanner for port 46503" daemon prio=5 tid=717 timed_waiting
java.lang.Thread.State: TIMED_WAITING
        at java.lang.Object.wait(Native Method)
        at java.util.TimerThread.mainLoop(Timer.java:552)
        at java.util.TimerThread.run(Timer.java:505)
"IPC Server handler 3 on default port 41211" daemon prio=5 tid=740 timed_waiting
java.lang.Thread.State: TIMED_WAITING
        at sun.misc.Unsafe.park(Native Method)
        at java.util.concurrent.locks.LockSupport.parkNanos(LockSupport.java:215)
        at java.util.concurrent.locks.AbstractQueuedSynchronizer$ConditionObject.awaitNanos(AbstractQueuedSynchronizer.java:2078)
        at java.util.concurrent.LinkedBlockingQueue.poll(LinkedBlockingQueue.java:467)
        at org.apache.hadoop.ipc.CallQueueManager.take(CallQueueManager.java:317)
        at org.apache.hadoop.ipc.Server$Handler.run(Server.java:2992)
"Command processor thread" daemon prio=5 tid=945 timed_waiting
java.lang.Thread.State: TIMED_WAITING
        at java.lang.Thread.sleep(Native Method)
        at org.apache.hadoop.ozone.container.common.statemachine.DatanodeStateMachine.lambda$initCommandHandlerThread$3(DatanodeStateMachine.java:649)
        at org.apache.hadoop.ozone.container.common.statemachine.DatanodeStateMachine$$Lambda$828/701559544.run(Unknown Source)
        at java.lang.Thread.run(Thread.java:750)
"pool-190-thread-2"  prio=5 tid=1127 timed_waiting
java.lang.Thread.State: TIMED_WAITING
        at sun.misc.Unsafe.park(Native Method)
        at java.util.concurrent.locks.LockSupport.parkNanos(LockSupport.java:215)
        at java.util.concurrent.SynchronousQueue$TransferStack.awaitFulfill(SynchronousQueue.java:460)
        at java.util.concurrent.SynchronousQueue$TransferStack.transfer(SynchronousQueue.java:362)
        at java.util.concurrent.SynchronousQueue.poll(SynchronousQueue.java:941)
        at java.util.concurrent.ThreadPoolExecutor.getTask(ThreadPoolExecutor.java:1073)
        at java.util.concurrent.ThreadPoolExecutor.runWorker(ThreadPoolExecutor.java:1134)
        at java.util.concurrent.ThreadPoolExecutor$Worker.run(ThreadPoolExecutor.java:624)
        at java.lang.Thread.run(Thread.java:750)
"BlockDeletingService#2" daemon prio=5 tid=980 in Object.wait()
java.lang.Thread.State: WAITING (on object monitor)
        at sun.misc.Unsafe.park(Native Method)
        at java.util.concurrent.locks.LockSupport.park(LockSupport.java:175)
        at java.util.concurrent.locks.AbstractQueuedSynchronizer$ConditionObject.await(AbstractQueuedSynchronizer.java:2039)
        at java.util.concurrent.ScheduledThreadPoolExecutor$DelayedWorkQueue.take(ScheduledThreadPoolExecutor.java:1088)
        at java.util.concurrent.ScheduledThreadPoolExecutor$DelayedWorkQueue.take(ScheduledThreadPoolExecutor.java:809)
        at java.util.concurrent.ThreadPoolExecutor.getTask(ThreadPoolExecutor.java:1074)
        at java.util.concurrent.ThreadPoolExecutor.runWorker(ThreadPoolExecutor.java:1134)
        at java.util.concurrent.ThreadPoolExecutor$Worker.run(ThreadPoolExecutor.java:624)
        at java.lang.Thread.run(Thread.java:750)
"qtp1734331657-931-acceptor-0@6e7732c9-ServerConnector@61af54da{HTTP/1.1, (http/1.1)}{0.0.0.0:37587}" daemon prio=3 tid=931 runnable
java.lang.Thread.State: RUNNABLE
        at sun.nio.ch.ServerSocketChannelImpl.accept0(Native Method)
        at sun.nio.ch.ServerSocketChannelImpl.accept(ServerSocketChannelImpl.java:421)
        at sun.nio.ch.ServerSocketChannelImpl.accept(ServerSocketChannelImpl.java:249)
        at org.eclipse.jetty.server.ServerConnector.accept(ServerConnector.java:388)
        at org.eclipse.jetty.server.AbstractConnector$Acceptor.run(AbstractConnector.java:704)
        at org.eclipse.jetty.util.thread.QueuedThreadPool.runJob(QueuedThreadPool.java:883)
        at org.eclipse.jetty.util.thread.QueuedThreadPool$Runner.run(QueuedThreadPool.java:1034)
        at java.lang.Thread.run(Thread.java:750)
"IPC Server handler 17 on default port 44187" daemon prio=5 tid=863 timed_waiting
java.lang.Thread.State: TIMED_WAITING
        at sun.misc.Unsafe.park(Native Method)
        at java.util.concurrent.locks.LockSupport.parkNanos(LockSupport.java:215)
        at java.util.concurrent.locks.AbstractQueuedSynchronizer$ConditionObject.awaitNanos(AbstractQueuedSynchronizer.java:2078)
        at java.util.concurrent.LinkedBlockingQueue.poll(LinkedBlockingQueue.java:467)
        at org.apache.hadoop.ipc.CallQueueManager.take(CallQueueManager.java:317)
        at org.apache.hadoop.ipc.Server$Handler.run(Server.java:2992)
"IPC Server handler 4 on default port 46503" daemon prio=5 tid=761 timed_waiting
java.lang.Thread.State: TIMED_WAITING
        at sun.misc.Unsafe.park(Native Method)
        at java.util.concurrent.locks.LockSupport.parkNanos(LockSupport.java:215)
        at java.util.concurrent.locks.AbstractQueuedSynchronizer$ConditionObject.awaitNanos(AbstractQueuedSynchronizer.java:2078)
        at java.util.concurrent.LinkedBlockingQueue.poll(LinkedBlockingQueue.java:467)
        at org.apache.hadoop.ipc.CallQueueManager.take(CallQueueManager.java:317)
        at org.apache.hadoop.ipc.Server$Handler.run(Server.java:2992)
"om1-impl-thread1"  prio=5 tid=816 timed_waiting
java.lang.Thread.State: TIMED_WAITING
        at sun.misc.Unsafe.park(Native Method)
        at java.util.concurrent.locks.LockSupport.parkNanos(LockSupport.java:215)
        at java.util.concurrent.SynchronousQueue$TransferStack.awaitFulfill(SynchronousQueue.java:460)
        at java.util.concurrent.SynchronousQueue$TransferStack.transfer(SynchronousQueue.java:362)
        at java.util.concurrent.SynchronousQueue.poll(SynchronousQueue.java:941)
        at java.util.concurrent.ThreadPoolExecutor.getTask(ThreadPoolExecutor.java:1073)
        at java.util.concurrent.ThreadPoolExecutor.runWorker(ThreadPoolExecutor.java:1134)
        at java.util.concurrent.ThreadPoolExecutor$Worker.run(ThreadPoolExecutor.java:624)
        at java.lang.Thread.run(Thread.java:750)
"pool-249-thread-1" daemon prio=5 tid=897 timed_waiting
java.lang.Thread.State: TIMED_WAITING
        at sun.misc.Unsafe.park(Native Method)
        at java.util.concurrent.locks.LockSupport.parkNanos(LockSupport.java:215)
        at java.util.concurrent.locks.AbstractQueuedSynchronizer$ConditionObject.awaitNanos(AbstractQueuedSynchronizer.java:2078)
        at java.util.concurrent.ScheduledThreadPoolExecutor$DelayedWorkQueue.take(ScheduledThreadPoolExecutor.java:1093)
        at java.util.concurrent.ScheduledThreadPoolExecutor$DelayedWorkQueue.take(ScheduledThreadPoolExecutor.java:809)
        at java.util.concurrent.ThreadPoolExecutor.getTask(ThreadPoolExecutor.java:1074)
        at java.util.concurrent.ThreadPoolExecutor.runWorker(ThreadPoolExecutor.java:1134)
        at java.util.concurrent.ThreadPoolExecutor$Worker.run(ThreadPoolExecutor.java:624)
        at java.lang.Thread.run(Thread.java:750)
"15488c1c-ff1a-49f6-9596-cf663845e1ec@group-7A7BEC77320F-LeaderStateImpl" daemon prio=5 tid=1044 timed_waiting
java.lang.Thread.State: TIMED_WAITING
        at sun.misc.Unsafe.park(Native Method)
        at java.util.concurrent.locks.LockSupport.parkNanos(LockSupport.java:215)
        at java.util.concurrent.locks.AbstractQueuedSynchronizer$ConditionObject.awaitNanos(AbstractQueuedSynchronizer.java:2078)
        at java.util.concurrent.ArrayBlockingQueue.poll(ArrayBlockingQueue.java:418)
        at org.apache.ratis.server.impl.LeaderStateImpl$EventQueue.poll(LeaderStateImpl.java:159)
        at org.apache.ratis.server.impl.LeaderStateImpl$EventProcessor.run(LeaderStateImpl.java:630)
"PartialTableCache Cleanup Thread - 0" daemon prio=5 tid=386 in Object.wait()
java.lang.Thread.State: WAITING (on object monitor)
        at sun.misc.Unsafe.park(Native Method)
        at java.util.concurrent.locks.LockSupport.park(LockSupport.java:175)
        at java.util.concurrent.locks.AbstractQueuedSynchronizer$ConditionObject.await(AbstractQueuedSynchronizer.java:2039)
        at java.util.concurrent.LinkedBlockingQueue.take(LinkedBlockingQueue.java:442)
        at java.util.concurrent.ThreadPoolExecutor.getTask(ThreadPoolExecutor.java:1074)
        at java.util.concurrent.ThreadPoolExecutor.runWorker(ThreadPoolExecutor.java:1134)
        at java.util.concurrent.ThreadPoolExecutor$Worker.run(ThreadPoolExecutor.java:624)
        at java.lang.Thread.run(Thread.java:750)
"prometheus" daemon prio=5 tid=736 in Object.wait()
java.lang.Thread.State: WAITING (on object monitor)
        at java.lang.Object.wait(Native Method)
        at java.lang.Object.wait(Object.java:502)
        at org.apache.hadoop.metrics2.impl.SinkQueue.waitForData(SinkQueue.java:114)
        at org.apache.hadoop.metrics2.impl.SinkQueue.consumeAll(SinkQueue.java:83)
        at org.apache.hadoop.metrics2.impl.MetricsSinkAdapter.publishMetricsFromQueue(MetricsSinkAdapter.java:135)
        at org.apache.hadoop.metrics2.impl.MetricsSinkAdapter$1.run(MetricsSinkAdapter.java:89)
"timer2" daemon prio=5 tid=367 timed_waiting
java.lang.Thread.State: TIMED_WAITING
        at java.lang.Object.wait(Native Method)
        at java.util.TimerThread.mainLoop(Timer.java:552)
        at java.util.TimerThread.run(Timer.java:505)
"ContainerOp-47ca2eb6-cbc1-4dd0-8b98-7a7bec77320f-8"  prio=5 tid=1098 in Object.wait()
java.lang.Thread.State: WAITING (on object monitor)
        at sun.misc.Unsafe.park(Native Method)
        at java.util.concurrent.locks.LockSupport.park(LockSupport.java:175)
        at java.util.concurrent.locks.AbstractQueuedSynchronizer$ConditionObject.await(AbstractQueuedSynchronizer.java:2039)
        at java.util.concurrent.LinkedBlockingQueue.take(LinkedBlockingQueue.java:442)
        at java.util.concurrent.ThreadPoolExecutor.getTask(ThreadPoolExecutor.java:1074)
        at java.util.concurrent.ThreadPoolExecutor.runWorker(ThreadPoolExecutor.java:1134)
        at java.util.concurrent.ThreadPoolExecutor$Worker.run(ThreadPoolExecutor.java:624)
        at java.lang.Thread.run(Thread.java:750)
"IPC Server handler 5 on default port 46503" daemon prio=5 tid=762 timed_waiting
java.lang.Thread.State: TIMED_WAITING
        at sun.misc.Unsafe.park(Native Method)
        at java.util.concurrent.locks.LockSupport.parkNanos(LockSupport.java:215)
        at java.util.concurrent.locks.AbstractQueuedSynchronizer$ConditionObject.awaitNanos(AbstractQueuedSynchronizer.java:2078)
        at java.util.concurrent.LinkedBlockingQueue.poll(LinkedBlockingQueue.java:467)
        at org.apache.hadoop.ipc.CallQueueManager.take(CallQueueManager.java:317)
        at org.apache.hadoop.ipc.Server$Handler.run(Server.java:2992)
"ContainerOp-47ca2eb6-cbc1-4dd0-8b98-7a7bec77320f-2"  prio=5 tid=1083 in Object.wait()
java.lang.Thread.State: WAITING (on object monitor)
        at sun.misc.Unsafe.park(Native Method)
        at java.util.concurrent.locks.LockSupport.park(LockSupport.java:175)
        at java.util.concurrent.locks.AbstractQueuedSynchronizer$ConditionObject.await(AbstractQueuedSynchronizer.java:2039)
        at java.util.concurrent.LinkedBlockingQueue.take(LinkedBlockingQueue.java:442)
        at java.util.concurrent.ThreadPoolExecutor.getTask(ThreadPoolExecutor.java:1074)
        at java.util.concurrent.ThreadPoolExecutor.runWorker(ThreadPoolExecutor.java:1134)
        at java.util.concurrent.ThreadPoolExecutor$Worker.run(ThreadPoolExecutor.java:624)
        at java.lang.Thread.run(Thread.java:750)
"Socket Reader #1 for port 0"  prio=5 tid=711 runnable
java.lang.Thread.State: RUNNABLE
        at sun.nio.ch.EPollArrayWrapper.epollWait(Native Method)
        at sun.nio.ch.EPollArrayWrapper.poll(EPollArrayWrapper.java:269)
        at sun.nio.ch.EPollSelectorImpl.doSelect(EPollSelectorImpl.java:93)
        at sun.nio.ch.SelectorImpl.lockAndDoSelect(SelectorImpl.java:86)
        at sun.nio.ch.SelectorImpl.select(SelectorImpl.java:97)
        at sun.nio.ch.SelectorImpl.select(SelectorImpl.java:101)
        at org.apache.hadoop.ipc.Server$Listener$Reader.doRunLoop(Server.java:1342)
        at org.apache.hadoop.ipc.Server$Listener$Reader.run(Server.java:1321)
"BlockDeletingService#8" daemon prio=5 tid=1010 in Object.wait()
java.lang.Thread.State: WAITING (on object monitor)
        at sun.misc.Unsafe.park(Native Method)
        at java.util.concurrent.locks.LockSupport.park(LockSupport.java:175)
        at java.util.concurrent.locks.AbstractQueuedSynchronizer$ConditionObject.await(AbstractQueuedSynchronizer.java:2039)
        at java.util.concurrent.ScheduledThreadPoolExecutor$DelayedWorkQueue.take(ScheduledThreadPoolExecutor.java:1088)
        at java.util.concurrent.ScheduledThreadPoolExecutor$DelayedWorkQueue.take(ScheduledThreadPoolExecutor.java:809)
        at java.util.concurrent.ThreadPoolExecutor.getTask(ThreadPoolExecutor.java:1074)
        at java.util.concurrent.ThreadPoolExecutor.runWorker(ThreadPoolExecutor.java:1134)
        at java.util.concurrent.ThreadPoolExecutor$Worker.run(ThreadPoolExecutor.java:624)
        at java.lang.Thread.run(Thread.java:750)
"IPC Server handler 6 on default port 46503" daemon prio=5 tid=763 timed_waiting
java.lang.Thread.State: TIMED_WAITING
        at sun.misc.Unsafe.park(Native Method)
        at java.util.concurrent.locks.LockSupport.parkNanos(LockSupport.java:215)
        at java.util.concurrent.locks.AbstractQueuedSynchronizer$ConditionObject.awaitNanos(AbstractQueuedSynchronizer.java:2078)
        at java.util.concurrent.LinkedBlockingQueue.poll(LinkedBlockingQueue.java:467)
        at org.apache.hadoop.ipc.CallQueueManager.take(CallQueueManager.java:317)
        at org.apache.hadoop.ipc.Server$Handler.run(Server.java:2992)
"DeleteBlocksCommandHandlerThread-4"  prio=5 tid=1137 in Object.wait()
java.lang.Thread.State: WAITING (on object monitor)
        at sun.misc.Unsafe.park(Native Method)
        at java.util.concurrent.locks.LockSupport.park(LockSupport.java:175)
        at java.util.concurrent.locks.AbstractQueuedSynchronizer$ConditionObject.await(AbstractQueuedSynchronizer.java:2039)
        at java.util.concurrent.LinkedBlockingQueue.take(LinkedBlockingQueue.java:442)
        at java.util.concurrent.ThreadPoolExecutor.getTask(ThreadPoolExecutor.java:1074)
        at java.util.concurrent.ThreadPoolExecutor.runWorker(ThreadPoolExecutor.java:1134)
        at java.util.concurrent.ThreadPoolExecutor$Worker.run(ThreadPoolExecutor.java:624)
        at java.lang.Thread.run(Thread.java:750)
"FullTableCache Cleanup Thread - 0" daemon prio=5 tid=1063 in Object.wait()
java.lang.Thread.State: WAITING (on object monitor)
        at sun.misc.Unsafe.park(Native Method)
        at java.util.concurrent.locks.LockSupport.park(LockSupport.java:175)
        at java.util.concurrent.locks.AbstractQueuedSynchronizer$ConditionObject.await(AbstractQueuedSynchronizer.java:2039)
        at java.util.concurrent.LinkedBlockingQueue.take(LinkedBlockingQueue.java:442)
        at java.util.concurrent.ThreadPoolExecutor.getTask(ThreadPoolExecutor.java:1074)
        at java.util.concurrent.ThreadPoolExecutor.runWorker(ThreadPoolExecutor.java:1134)
        at java.util.concurrent.ThreadPoolExecutor$Worker.run(ThreadPoolExecutor.java:624)
        at java.lang.Thread.run(Thread.java:750)
"KeyDeletingService#0" daemon prio=5 tid=832 timed_waiting
java.lang.Thread.State: TIMED_WAITING
        at sun.misc.Unsafe.park(Native Method)
        at java.util.concurrent.locks.LockSupport.parkNanos(LockSupport.java:215)
        at java.util.concurrent.locks.AbstractQueuedSynchronizer$ConditionObject.awaitNanos(AbstractQueuedSynchronizer.java:2078)
        at java.util.concurrent.ScheduledThreadPoolExecutor$DelayedWorkQueue.take(ScheduledThreadPoolExecutor.java:1093)
        at java.util.concurrent.ScheduledThreadPoolExecutor$DelayedWorkQueue.take(ScheduledThreadPoolExecutor.java:809)
        at java.util.concurrent.ThreadPoolExecutor.getTask(ThreadPoolExecutor.java:1074)
        at java.util.concurrent.ThreadPoolExecutor.runWorker(ThreadPoolExecutor.java:1134)
        at java.util.concurrent.ThreadPoolExecutor$Worker.run(ThreadPoolExecutor.java:624)
        at java.lang.Thread.run(Thread.java:750)
"StaleRecoveringContainerScrubbingService#1" daemon prio=5 tid=996 in Object.wait()
java.lang.Thread.State: WAITING (on object monitor)
        at sun.misc.Unsafe.park(Native Method)
        at java.util.concurrent.locks.LockSupport.park(LockSupport.java:175)
        at java.util.concurrent.locks.AbstractQueuedSynchronizer$ConditionObject.await(AbstractQueuedSynchronizer.java:2039)
        at java.util.concurrent.ScheduledThreadPoolExecutor$DelayedWorkQueue.take(ScheduledThreadPoolExecutor.java:1088)
        at java.util.concurrent.ScheduledThreadPoolExecutor$DelayedWorkQueue.take(ScheduledThreadPoolExecutor.java:809)
        at java.util.concurrent.ThreadPoolExecutor.getTask(ThreadPoolExecutor.java:1074)
        at java.util.concurrent.ThreadPoolExecutor.runWorker(ThreadPoolExecutor.java:1134)
        at java.util.concurrent.ThreadPoolExecutor$Worker.run(ThreadPoolExecutor.java:624)
        at java.lang.Thread.run(Thread.java:750)
"BlockDeletingService#4" daemon prio=5 tid=972 in Object.wait()
java.lang.Thread.State: WAITING (on object monitor)
        at sun.misc.Unsafe.park(Native Method)
        at java.util.concurrent.locks.LockSupport.park(LockSupport.java:175)
        at java.util.concurrent.locks.AbstractQueuedSynchronizer$ConditionObject.await(AbstractQueuedSynchronizer.java:2039)
        at java.util.concurrent.ScheduledThreadPoolExecutor$DelayedWorkQueue.take(ScheduledThreadPoolExecutor.java:1088)
        at java.util.concurrent.ScheduledThreadPoolExecutor$DelayedWorkQueue.take(ScheduledThreadPoolExecutor.java:809)
        at java.util.concurrent.ThreadPoolExecutor.getTask(ThreadPoolExecutor.java:1074)
        at java.util.concurrent.ThreadPoolExecutor.runWorker(ThreadPoolExecutor.java:1134)
        at java.util.concurrent.ThreadPoolExecutor$Worker.run(ThreadPoolExecutor.java:624)
        at java.lang.Thread.run(Thread.java:750)
"org.apache.hadoop.ozone.container.common.statemachine.commandhandler.DeleteBlocksCommandHandler$DeleteCmdWorker@1c02cc84" daemon prio=5 tid=874 timed_waiting
java.lang.Thread.State: TIMED_WAITING
        at java.lang.Thread.sleep(Native Method)
        at org.apache.hadoop.ozone.container.common.statemachine.commandhandler.DeleteBlocksCommandHandler$DeleteCmdWorker.run(DeleteBlocksCommandHandler.java:187)
        at java.lang.Thread.run(Thread.java:750)
"FixedThreadPoolWithAffinityExecutor-5-0" daemon prio=5 tid=730 timed_waiting
java.lang.Thread.State: TIMED_WAITING
        at sun.misc.Unsafe.park(Native Method)
        at java.util.concurrent.locks.LockSupport.parkNanos(LockSupport.java:215)
        at java.util.concurrent.locks.AbstractQueuedSynchronizer$ConditionObject.awaitNanos(AbstractQueuedSynchronizer.java:2078)
        at java.util.concurrent.LinkedBlockingQueue.poll(LinkedBlockingQueue.java:467)
        at org.apache.hadoop.hdds.scm.server.ContainerReportQueue.poll(ContainerReportQueue.java:266)
        at org.apache.hadoop.hdds.scm.server.ContainerReportQueue.poll(ContainerReportQueue.java:42)
        at org.apache.hadoop.hdds.server.events.FixedThreadPoolWithAffinityExecutor$ContainerReportProcessTask.run(FixedThreadPoolWithAffinityExecutor.java:247)
        at java.util.concurrent.Executors$RunnableAdapter.call(Executors.java:511)
        at java.util.concurrent.FutureTask.run(FutureTask.java:266)
        at java.util.concurrent.ThreadPoolExecutor.runWorker(ThreadPoolExecutor.java:1149)
        at java.util.concurrent.ThreadPoolExecutor$Worker.run(ThreadPoolExecutor.java:624)
        at java.lang.Thread.run(Thread.java:750)
"Periodic HDDS volume checker" daemon prio=5 tid=868 timed_waiting
java.lang.Thread.State: TIMED_WAITING
        at sun.misc.Unsafe.park(Native Method)
        at java.util.concurrent.locks.LockSupport.parkNanos(LockSupport.java:215)
        at java.util.concurrent.locks.AbstractQueuedSynchronizer$ConditionObject.awaitNanos(AbstractQueuedSynchronizer.java:2078)
        at java.util.concurrent.ScheduledThreadPoolExecutor$DelayedWorkQueue.take(ScheduledThreadPoolExecutor.java:1093)
        at java.util.concurrent.ScheduledThreadPoolExecutor$DelayedWorkQueue.take(ScheduledThreadPoolExecutor.java:809)
        at java.util.concurrent.ThreadPoolExecutor.getTask(ThreadPoolExecutor.java:1074)
        at java.util.concurrent.ThreadPoolExecutor.runWorker(ThreadPoolExecutor.java:1134)
        at java.util.concurrent.ThreadPoolExecutor$Worker.run(ThreadPoolExecutor.java:624)
        at java.lang.Thread.run(Thread.java:750)
"BlockDeletingService#6" daemon prio=5 tid=1008 in Object.wait()
java.lang.Thread.State: WAITING (on object monitor)
        at sun.misc.Unsafe.park(Native Method)
        at java.util.concurrent.locks.LockSupport.park(LockSupport.java:175)
        at java.util.concurrent.locks.AbstractQueuedSynchronizer$ConditionObject.await(AbstractQueuedSynchronizer.java:2039)
        at java.util.concurrent.ScheduledThreadPoolExecutor$DelayedWorkQueue.take(ScheduledThreadPoolExecutor.java:1088)
        at java.util.concurrent.ScheduledThreadPoolExecutor$DelayedWorkQueue.take(ScheduledThreadPoolExecutor.java:809)
        at java.util.concurrent.ThreadPoolExecutor.getTask(ThreadPoolExecutor.java:1074)
        at java.util.concurrent.ThreadPoolExecutor.runWorker(ThreadPoolExecutor.java:1134)
        at java.util.concurrent.ThreadPoolExecutor$Worker.run(ThreadPoolExecutor.java:624)
        at java.lang.Thread.run(Thread.java:750)
"IPC Server handler 19 on default port 46503" daemon prio=5 tid=776 timed_waiting
java.lang.Thread.State: TIMED_WAITING
        at sun.misc.Unsafe.park(Native Method)
        at java.util.concurrent.locks.LockSupport.parkNanos(LockSupport.java:215)
        at java.util.concurrent.locks.AbstractQueuedSynchronizer$ConditionObject.awaitNanos(AbstractQueuedSynchronizer.java:2078)
        at java.util.concurrent.LinkedBlockingQueue.poll(LinkedBlockingQueue.java:467)
        at org.apache.hadoop.ipc.CallQueueManager.take(CallQueueManager.java:317)
        at org.apache.hadoop.ipc.Server$Handler.run(Server.java:2992)
"PartialTableCache Cleanup Thread - 0" daemon prio=5 tid=1120 in Object.wait()
java.lang.Thread.State: WAITING (on object monitor)
        at sun.misc.Unsafe.park(Native Method)
        at java.util.concurrent.locks.LockSupport.park(LockSupport.java:175)
        at java.util.concurrent.locks.AbstractQueuedSynchronizer$ConditionObject.await(AbstractQueuedSynchronizer.java:2039)
        at java.util.concurrent.LinkedBlockingQueue.take(LinkedBlockingQueue.java:442)
        at java.util.concurrent.ThreadPoolExecutor.getTask(ThreadPoolExecutor.java:1074)
        at java.util.concurrent.ThreadPoolExecutor.runWorker(ThreadPoolExecutor.java:1134)
        at java.util.concurrent.ThreadPoolExecutor$Worker.run(ThreadPoolExecutor.java:624)
        at java.lang.Thread.run(Thread.java:750)
"DataNode DiskChecker thread 0" daemon prio=5 tid=869 timed_waiting
java.lang.Thread.State: TIMED_WAITING
        at sun.misc.Unsafe.park(Native Method)
        at java.util.concurrent.locks.LockSupport.parkNanos(LockSupport.java:215)
        at java.util.concurrent.SynchronousQueue$TransferStack.awaitFulfill(SynchronousQueue.java:460)
        at java.util.concurrent.SynchronousQueue$TransferStack.transfer(SynchronousQueue.java:362)
        at java.util.concurrent.SynchronousQueue.poll(SynchronousQueue.java:941)
        at java.util.concurrent.ThreadPoolExecutor.getTask(ThreadPoolExecutor.java:1073)
        at java.util.concurrent.ThreadPoolExecutor.runWorker(ThreadPoolExecutor.java:1134)
        at java.util.concurrent.ThreadPoolExecutor$Worker.run(ThreadPoolExecutor.java:624)
        at java.lang.Thread.run(Thread.java:750)
"pool-218-thread-1"  prio=5 tid=817 in Object.wait()
java.lang.Thread.State: WAITING (on object monitor)
        at sun.misc.Unsafe.park(Native Method)
        at java.util.concurrent.locks.LockSupport.park(LockSupport.java:175)
        at java.util.concurrent.locks.AbstractQueuedSynchronizer$ConditionObject.await(AbstractQueuedSynchronizer.java:2039)
        at java.util.concurrent.LinkedBlockingQueue.take(LinkedBlockingQueue.java:442)
        at java.util.concurrent.ThreadPoolExecutor.getTask(ThreadPoolExecutor.java:1074)
        at java.util.concurrent.ThreadPoolExecutor.runWorker(ThreadPoolExecutor.java:1134)
        at java.util.concurrent.ThreadPoolExecutor$Worker.run(ThreadPoolExecutor.java:624)
        at java.lang.Thread.run(Thread.java:750)
"EventQueue-PipelineReportForOneReplicaPipelineSafeModeRule" daemon prio=5 tid=1016 in Object.wait()
java.lang.Thread.State: WAITING (on object monitor)
        at sun.misc.Unsafe.park(Native Method)
        at java.util.concurrent.locks.LockSupport.park(LockSupport.java:175)
        at java.util.concurrent.locks.AbstractQueuedSynchronizer$ConditionObject.await(AbstractQueuedSynchronizer.java:2039)
        at java.util.concurrent.LinkedBlockingQueue.take(LinkedBlockingQueue.java:442)
        at java.util.concurrent.ThreadPoolExecutor.getTask(ThreadPoolExecutor.java:1074)
        at java.util.concurrent.ThreadPoolExecutor.runWorker(ThreadPoolExecutor.java:1134)
        at java.util.concurrent.ThreadPoolExecutor$Worker.run(ThreadPoolExecutor.java:624)
        at java.lang.Thread.run(Thread.java:750)
"om1@group-C5BA1605619E-LeaderStateImpl" daemon prio=5 tid=949 timed_waiting
java.lang.Thread.State: TIMED_WAITING
        at sun.misc.Unsafe.park(Native Method)
        at java.util.concurrent.locks.LockSupport.parkNanos(LockSupport.java:215)
        at java.util.concurrent.locks.AbstractQueuedSynchronizer$ConditionObject.awaitNanos(AbstractQueuedSynchronizer.java:2078)
        at java.util.concurrent.ArrayBlockingQueue.poll(ArrayBlockingQueue.java:418)
        at org.apache.ratis.server.impl.LeaderStateImpl$EventQueue.poll(LeaderStateImpl.java:159)
        at org.apache.ratis.server.impl.LeaderStateImpl$EventProcessor.run(LeaderStateImpl.java:630)
"org.apache.hadoop.util.JvmPauseMonitor$Monitor@6ae6a89a" daemon prio=5 tid=919 timed_waiting
java.lang.Thread.State: TIMED_WAITING
        at java.lang.Thread.sleep(Native Method)
        at org.apache.hadoop.util.JvmPauseMonitor$Monitor.run(JvmPauseMonitor.java:192)
        at java.lang.Thread.run(Thread.java:750)
"IPC Server handler 9 on default port 40595" daemon prio=5 tid=786 timed_waiting
java.lang.Thread.State: TIMED_WAITING
        at sun.misc.Unsafe.park(Native Method)
        at java.util.concurrent.locks.LockSupport.parkNanos(LockSupport.java:215)
        at java.util.concurrent.locks.AbstractQueuedSynchronizer$ConditionObject.awaitNanos(AbstractQueuedSynchronizer.java:2078)
        at java.util.concurrent.LinkedBlockingQueue.poll(LinkedBlockingQueue.java:467)
        at org.apache.hadoop.ipc.CallQueueManager.take(CallQueueManager.java:317)
        at org.apache.hadoop.ipc.Server$Handler.run(Server.java:2992)
"qtp396186148-909" daemon prio=5 tid=909 timed_waiting
java.lang.Thread.State: TIMED_WAITING
        at sun.misc.Unsafe.park(Native Method)
        at java.util.concurrent.locks.LockSupport.parkNanos(LockSupport.java:215)
        at java.util.concurrent.locks.AbstractQueuedSynchronizer$ConditionObject.awaitNanos(AbstractQueuedSynchronizer.java:2078)
        at org.eclipse.jetty.util.BlockingArrayQueue.poll(BlockingArrayQueue.java:382)
        at org.eclipse.jetty.util.thread.QueuedThreadPool$Runner.idleJobPoll(QueuedThreadPool.java:974)
        at org.eclipse.jetty.util.thread.QueuedThreadPool$Runner.run(QueuedThreadPool.java:1018)
        at java.lang.Thread.run(Thread.java:750)
"Hadoop-Metrics-Updater-0" daemon prio=5 tid=724 timed_waiting
java.lang.Thread.State: TIMED_WAITING
        at sun.misc.Unsafe.park(Native Method)
        at java.util.concurrent.locks.LockSupport.parkNanos(LockSupport.java:215)
        at java.util.concurrent.locks.AbstractQueuedSynchronizer$ConditionObject.awaitNanos(AbstractQueuedSynchronizer.java:2078)
        at java.util.concurrent.ScheduledThreadPoolExecutor$DelayedWorkQueue.take(ScheduledThreadPoolExecutor.java:1093)
        at java.util.concurrent.ScheduledThreadPoolExecutor$DelayedWorkQueue.take(ScheduledThreadPoolExecutor.java:809)
        at java.util.concurrent.ThreadPoolExecutor.getTask(ThreadPoolExecutor.java:1074)
        at java.util.concurrent.ThreadPoolExecutor.runWorker(ThreadPoolExecutor.java:1134)
        at java.util.concurrent.ThreadPoolExecutor$Worker.run(ThreadPoolExecutor.java:624)
        at java.lang.Thread.run(Thread.java:750)
"ContainerOp-47ca2eb6-cbc1-4dd0-8b98-7a7bec77320f-8"  prio=5 tid=1099 in Object.wait()
java.lang.Thread.State: WAITING (on object monitor)
        at sun.misc.Unsafe.park(Native Method)
        at java.util.concurrent.locks.LockSupport.park(LockSupport.java:175)
        at java.util.concurrent.locks.AbstractQueuedSynchronizer$ConditionObject.await(AbstractQueuedSynchronizer.java:2039)
        at java.util.concurrent.LinkedBlockingQueue.take(LinkedBlockingQueue.java:442)
        at java.util.concurrent.ThreadPoolExecutor.getTask(ThreadPoolExecutor.java:1074)
        at java.util.concurrent.ThreadPoolExecutor.runWorker(ThreadPoolExecutor.java:1134)
        at java.util.concurrent.ThreadPoolExecutor$Worker.run(ThreadPoolExecutor.java:624)
        at java.lang.Thread.run(Thread.java:750)
"IPC Server handler 4 on default port 40595" daemon prio=5 tid=781 timed_waiting
java.lang.Thread.State: TIMED_WAITING
        at sun.misc.Unsafe.park(Native Method)
        at java.util.concurrent.locks.LockSupport.parkNanos(LockSupport.java:215)
        at java.util.concurrent.locks.AbstractQueuedSynchronizer$ConditionObject.awaitNanos(AbstractQueuedSynchronizer.java:2078)
        at java.util.concurrent.LinkedBlockingQueue.poll(LinkedBlockingQueue.java:467)
        at org.apache.hadoop.ipc.CallQueueManager.take(CallQueueManager.java:317)
        at org.apache.hadoop.ipc.Server$Handler.run(Server.java:2992)
"EventQueue-CmdStatusReportForCommandStatusReportHandler" daemon prio=5 tid=1138 in Object.wait()
java.lang.Thread.State: WAITING (on object monitor)
        at sun.misc.Unsafe.park(Native Method)
        at java.util.concurrent.locks.LockSupport.park(LockSupport.java:175)
        at java.util.concurrent.locks.AbstractQueuedSynchronizer$ConditionObject.await(AbstractQueuedSynchronizer.java:2039)
        at java.util.concurrent.LinkedBlockingQueue.take(LinkedBlockingQueue.java:442)
        at java.util.concurrent.ThreadPoolExecutor.getTask(ThreadPoolExecutor.java:1074)
        at java.util.concurrent.ThreadPoolExecutor.runWorker(ThreadPoolExecutor.java:1134)
        at java.util.concurrent.ThreadPoolExecutor$Worker.run(ThreadPoolExecutor.java:624)
        at java.lang.Thread.run(Thread.java:750)
"IPC Server handler 0 on default port 46503" daemon prio=5 tid=757 timed_waiting
java.lang.Thread.State: TIMED_WAITING
        at sun.misc.Unsafe.park(Native Method)
        at java.util.concurrent.locks.LockSupport.parkNanos(LockSupport.java:215)
        at java.util.concurrent.locks.AbstractQueuedSynchronizer$ConditionObject.awaitNanos(AbstractQueuedSynchronizer.java:2078)
        at java.util.concurrent.LinkedBlockingQueue.poll(LinkedBlockingQueue.java:467)
        at org.apache.hadoop.ipc.CallQueueManager.take(CallQueueManager.java:317)
        at org.apache.hadoop.ipc.Server$Handler.run(Server.java:2992)
"pool-271-thread-1" daemon prio=5 tid=924 timed_waiting
java.lang.Thread.State: TIMED_WAITING
        at sun.misc.Unsafe.park(Native Method)
        at java.util.concurrent.locks.LockSupport.parkNanos(LockSupport.java:215)
        at java.util.concurrent.locks.AbstractQueuedSynchronizer$ConditionObject.awaitNanos(AbstractQueuedSynchronizer.java:2078)
        at java.util.concurrent.ScheduledThreadPoolExecutor$DelayedWorkQueue.take(ScheduledThreadPoolExecutor.java:1093)
        at java.util.concurrent.ScheduledThreadPoolExecutor$DelayedWorkQueue.take(ScheduledThreadPoolExecutor.java:809)
        at java.util.concurrent.ThreadPoolExecutor.getTask(ThreadPoolExecutor.java:1074)
        at java.util.concurrent.ThreadPoolExecutor.runWorker(ThreadPoolExecutor.java:1134)
        at java.util.concurrent.ThreadPoolExecutor$Worker.run(ThreadPoolExecutor.java:624)
        at java.lang.Thread.run(Thread.java:750)
"pool-242-thread-1"  prio=5 tid=875 timed_waiting
java.lang.Thread.State: TIMED_WAITING
        at sun.misc.Unsafe.park(Native Method)
        at java.util.concurrent.locks.LockSupport.parkNanos(LockSupport.java:215)
        at java.util.concurrent.locks.AbstractQueuedSynchronizer$ConditionObject.awaitNanos(AbstractQueuedSynchronizer.java:2078)
        at java.util.concurrent.ScheduledThreadPoolExecutor$DelayedWorkQueue.take(ScheduledThreadPoolExecutor.java:1093)
        at java.util.concurrent.ScheduledThreadPoolExecutor$DelayedWorkQueue.take(ScheduledThreadPoolExecutor.java:809)
        at java.util.concurrent.ThreadPoolExecutor.getTask(ThreadPoolExecutor.java:1074)
        at java.util.concurrent.ThreadPoolExecutor.runWorker(ThreadPoolExecutor.java:1134)
        at java.util.concurrent.ThreadPoolExecutor$Worker.run(ThreadPoolExecutor.java:624)
        at java.lang.Thread.run(Thread.java:750)
"IPC Server handler 7 on default port 46503" daemon prio=5 tid=764 timed_waiting
java.lang.Thread.State: TIMED_WAITING
        at sun.misc.Unsafe.park(Native Method)
        at java.util.concurrent.locks.LockSupport.parkNanos(LockSupport.java:215)
        at java.util.concurrent.locks.AbstractQueuedSynchronizer$ConditionObject.awaitNanos(AbstractQueuedSynchronizer.java:2078)
        at java.util.concurrent.LinkedBlockingQueue.poll(LinkedBlockingQueue.java:467)
        at org.apache.hadoop.ipc.CallQueueManager.take(CallQueueManager.java:317)
        at org.apache.hadoop.ipc.Server$Handler.run(Server.java:2992)
"ContainerOp-47ca2eb6-cbc1-4dd0-8b98-7a7bec77320f-0"  prio=5 tid=1073 in Object.wait()
java.lang.Thread.State: WAITING (on object monitor)
        at sun.misc.Unsafe.park(Native Method)
        at java.util.concurrent.locks.LockSupport.park(LockSupport.java:175)
        at java.util.concurrent.locks.AbstractQueuedSynchronizer$ConditionObject.await(AbstractQueuedSynchronizer.java:2039)
        at java.util.concurrent.LinkedBlockingQueue.take(LinkedBlockingQueue.java:442)
        at java.util.concurrent.ThreadPoolExecutor.getTask(ThreadPoolExecutor.java:1074)
        at java.util.concurrent.ThreadPoolExecutor.runWorker(ThreadPoolExecutor.java:1134)
        at java.util.concurrent.ThreadPoolExecutor$Worker.run(ThreadPoolExecutor.java:624)
        at java.lang.Thread.run(Thread.java:750)
"IPC Server listener on 0" daemon prio=5 tid=820 runnable
java.lang.Thread.State: RUNNABLE
        at sun.nio.ch.EPollArrayWrapper.epollWait(Native Method)
        at sun.nio.ch.EPollArrayWrapper.poll(EPollArrayWrapper.java:269)
        at sun.nio.ch.EPollSelectorImpl.doSelect(EPollSelectorImpl.java:93)
        at sun.nio.ch.SelectorImpl.lockAndDoSelect(SelectorImpl.java:86)
        at sun.nio.ch.SelectorImpl.select(SelectorImpl.java:97)
        at sun.nio.ch.SelectorImpl.select(SelectorImpl.java:101)
        at org.apache.hadoop.ipc.Server$Listener.run(Server.java:1404)
"pool-193-thread-1"  prio=5 tid=814 timed_waiting
java.lang.Thread.State: TIMED_WAITING
        at sun.misc.Unsafe.park(Native Method)
        at java.util.concurrent.locks.LockSupport.parkNanos(LockSupport.java:215)
        at java.util.concurrent.locks.AbstractQueuedSynchronizer$ConditionObject.awaitNanos(AbstractQueuedSynchronizer.java:2078)
        at java.util.concurrent.ScheduledThreadPoolExecutor$DelayedWorkQueue.take(ScheduledThreadPoolExecutor.java:1093)
        at java.util.concurrent.ScheduledThreadPoolExecutor$DelayedWorkQueue.take(ScheduledThreadPoolExecutor.java:809)
        at java.util.concurrent.ThreadPoolExecutor.getTask(ThreadPoolExecutor.java:1074)
        at java.util.concurrent.ThreadPoolExecutor.runWorker(ThreadPoolExecutor.java:1134)
        at java.util.concurrent.ThreadPoolExecutor$Worker.run(ThreadPoolExecutor.java:624)
        at java.lang.Thread.run(Thread.java:750)
"BlockDeletingService#4" daemon prio=5 tid=1004 in Object.wait()
java.lang.Thread.State: WAITING (on object monitor)
        at sun.misc.Unsafe.park(Native Method)
        at java.util.concurrent.locks.LockSupport.park(LockSupport.java:175)
        at java.util.concurrent.locks.AbstractQueuedSynchronizer$ConditionObject.await(AbstractQueuedSynchronizer.java:2039)
        at java.util.concurrent.ScheduledThreadPoolExecutor$DelayedWorkQueue.take(ScheduledThreadPoolExecutor.java:1088)
        at java.util.concurrent.ScheduledThreadPoolExecutor$DelayedWorkQueue.take(ScheduledThreadPoolExecutor.java:809)
        at java.util.concurrent.ThreadPoolExecutor.getTask(ThreadPoolExecutor.java:1074)
        at java.util.concurrent.ThreadPoolExecutor.runWorker(ThreadPoolExecutor.java:1134)
        at java.util.concurrent.ThreadPoolExecutor$Worker.run(ThreadPoolExecutor.java:624)
        at java.lang.Thread.run(Thread.java:750)
"JvmPauseMonitor4" daemon prio=5 tid=829 timed_waiting
java.lang.Thread.State: TIMED_WAITING
        at java.lang.Thread.sleep(Native Method)
        at java.lang.Thread.sleep(Thread.java:342)
        at java.util.concurrent.TimeUnit.sleep(TimeUnit.java:386)
        at org.apache.ratis.util.TimeDuration.sleep(TimeDuration.java:325)
        at org.apache.ratis.util.TimeDuration.sleep(TimeDuration.java:310)
        at org.apache.ratis.util.JvmPauseMonitor.detectPause(JvmPauseMonitor.java:119)
        at org.apache.ratis.util.JvmPauseMonitor.run(JvmPauseMonitor.java:108)
        at org.apache.ratis.util.JvmPauseMonitor$$Lambda$755/1344354863.run(Unknown Source)
        at java.lang.Thread.run(Thread.java:750)
"4b35ffa0-8f73-49c2-95c0-d3e82f30c132@group-7A7BEC77320F-StateMachineUpdater" daemon prio=5 tid=1035 timed_waiting
java.lang.Thread.State: TIMED_WAITING
        at sun.misc.Unsafe.park(Native Method)
        at java.util.concurrent.locks.LockSupport.parkNanos(LockSupport.java:215)
        at java.util.concurrent.locks.AbstractQueuedSynchronizer$ConditionObject.await(AbstractQueuedSynchronizer.java:2163)
        at org.apache.ratis.util.AwaitForSignal.await(AwaitForSignal.java:62)
        at org.apache.ratis.server.impl.StateMachineUpdater.waitForCommit(StateMachineUpdater.java:207)
        at org.apache.ratis.server.impl.StateMachineUpdater.run(StateMachineUpdater.java:176)
        at java.lang.Thread.run(Thread.java:750)
"IPC Server handler 9 on default port 44187" daemon prio=5 tid=855 timed_waiting
java.lang.Thread.State: TIMED_WAITING
        at sun.misc.Unsafe.park(Native Method)
        at java.util.concurrent.locks.LockSupport.parkNanos(LockSupport.java:215)
        at java.util.concurrent.locks.AbstractQueuedSynchronizer$ConditionObject.awaitNanos(AbstractQueuedSynchronizer.java:2078)
        at java.util.concurrent.LinkedBlockingQueue.poll(LinkedBlockingQueue.java:467)
        at org.apache.hadoop.ipc.CallQueueManager.take(CallQueueManager.java:317)
        at org.apache.hadoop.ipc.Server$Handler.run(Server.java:2992)
"qtp1591842611-801-acceptor-0@54d9c9ca-ServerConnector@4a05adf4{HTTP/1.1, (http/1.1)}{0.0.0.0:36457}" daemon prio=3 tid=801 runnable
java.lang.Thread.State: RUNNABLE
        at sun.nio.ch.ServerSocketChannelImpl.accept0(Native Method)
        at sun.nio.ch.ServerSocketChannelImpl.accept(ServerSocketChannelImpl.java:421)
        at sun.nio.ch.ServerSocketChannelImpl.accept(ServerSocketChannelImpl.java:249)
        at org.eclipse.jetty.server.ServerConnector.accept(ServerConnector.java:388)
        at org.eclipse.jetty.server.AbstractConnector$Acceptor.run(AbstractConnector.java:704)
        at org.eclipse.jetty.util.thread.QueuedThreadPool.runJob(QueuedThreadPool.java:883)
        at org.eclipse.jetty.util.thread.QueuedThreadPool$Runner.run(QueuedThreadPool.java:1034)
        at java.lang.Thread.run(Thread.java:750)
"IPC Server handler 7 on default port 41211" daemon prio=5 tid=744 timed_waiting
java.lang.Thread.State: TIMED_WAITING
        at sun.misc.Unsafe.park(Native Method)
        at java.util.concurrent.locks.LockSupport.parkNanos(LockSupport.java:215)
        at java.util.concurrent.locks.AbstractQueuedSynchronizer$ConditionObject.awaitNanos(AbstractQueuedSynchronizer.java:2078)
        at java.util.concurrent.LinkedBlockingQueue.poll(LinkedBlockingQueue.java:467)
        at org.apache.hadoop.ipc.CallQueueManager.take(CallQueueManager.java:317)
        at org.apache.hadoop.ipc.Server$Handler.run(Server.java:2992)
"BlockDeletingService#1" daemon prio=5 tid=977 in Object.wait()
java.lang.Thread.State: WAITING (on object monitor)
        at sun.misc.Unsafe.park(Native Method)
        at java.util.concurrent.locks.LockSupport.park(LockSupport.java:175)
        at java.util.concurrent.locks.AbstractQueuedSynchronizer$ConditionObject.await(AbstractQueuedSynchronizer.java:2039)
        at java.util.concurrent.ScheduledThreadPoolExecutor$DelayedWorkQueue.take(ScheduledThreadPoolExecutor.java:1088)
        at java.util.concurrent.ScheduledThreadPoolExecutor$DelayedWorkQueue.take(ScheduledThreadPoolExecutor.java:809)
        at java.util.concurrent.ThreadPoolExecutor.getTask(ThreadPoolExecutor.java:1074)
        at java.util.concurrent.ThreadPoolExecutor.runWorker(ThreadPoolExecutor.java:1134)
        at java.util.concurrent.ThreadPoolExecutor$Worker.run(ThreadPoolExecutor.java:624)
        at java.lang.Thread.run(Thread.java:750)
"BlockDeletingService#5" daemon prio=5 tid=1006 in Object.wait()
java.lang.Thread.State: WAITING (on object monitor)
        at sun.misc.Unsafe.park(Native Method)
        at java.util.concurrent.locks.LockSupport.park(LockSupport.java:175)
        at java.util.concurrent.locks.AbstractQueuedSynchronizer$ConditionObject.await(AbstractQueuedSynchronizer.java:2039)
        at java.util.concurrent.ScheduledThreadPoolExecutor$DelayedWorkQueue.take(ScheduledThreadPoolExecutor.java:1088)
        at java.util.concurrent.ScheduledThreadPoolExecutor$DelayedWorkQueue.take(ScheduledThreadPoolExecutor.java:809)
        at java.util.concurrent.ThreadPoolExecutor.getTask(ThreadPoolExecutor.java:1074)
        at java.util.concurrent.ThreadPoolExecutor.runWorker(ThreadPoolExecutor.java:1134)
        at java.util.concurrent.ThreadPoolExecutor$Worker.run(ThreadPoolExecutor.java:624)
        at java.lang.Thread.run(Thread.java:750)
"4b35ffa0-8f73-49c2-95c0-d3e82f30c132@group-7A7BEC77320F-FollowerState" daemon prio=5 tid=1042 timed_waiting
java.lang.Thread.State: TIMED_WAITING
        at java.lang.Thread.sleep(Native Method)
        at java.lang.Thread.sleep(Thread.java:342)
        at java.util.concurrent.TimeUnit.sleep(TimeUnit.java:386)
        at org.apache.ratis.util.TimeDuration.sleep(TimeDuration.java:325)
        at org.apache.ratis.util.TimeDuration.sleep(TimeDuration.java:310)
        at org.apache.ratis.server.impl.FollowerState.run(FollowerState.java:128)
"Datanode ReportManager Thread - 0" daemon prio=5 tid=886 in Object.wait()
java.lang.Thread.State: WAITING (on object monitor)
        at sun.misc.Unsafe.park(Native Method)
        at java.util.concurrent.locks.LockSupport.park(LockSupport.java:175)
        at java.util.concurrent.locks.AbstractQueuedSynchronizer$ConditionObject.await(AbstractQueuedSynchronizer.java:2039)
        at java.util.concurrent.ScheduledThreadPoolExecutor$DelayedWorkQueue.take(ScheduledThreadPoolExecutor.java:1088)
        at java.util.concurrent.ScheduledThreadPoolExecutor$DelayedWorkQueue.take(ScheduledThreadPoolExecutor.java:809)
        at java.util.concurrent.ThreadPoolExecutor.getTask(ThreadPoolExecutor.java:1074)
        at java.util.concurrent.ThreadPoolExecutor.runWorker(ThreadPoolExecutor.java:1134)
        at java.util.concurrent.ThreadPoolExecutor$Worker.run(ThreadPoolExecutor.java:624)
        at java.lang.Thread.run(Thread.java:750)
"qtp1532094190-881" daemon prio=5 tid=881 timed_waiting
java.lang.Thread.State: TIMED_WAITING
        at sun.misc.Unsafe.park(Native Method)
        at java.util.concurrent.locks.LockSupport.parkNanos(LockSupport.java:215)
        at java.util.concurrent.locks.AbstractQueuedSynchronizer$ConditionObject.awaitNanos(AbstractQueuedSynchronizer.java:2078)
        at org.eclipse.jetty.util.BlockingArrayQueue.poll(BlockingArrayQueue.java:382)
        at org.eclipse.jetty.util.thread.QueuedThreadPool$Runner.idleJobPoll(QueuedThreadPool.java:974)
        at org.eclipse.jetty.util.thread.QueuedThreadPool$Runner.run(QueuedThreadPool.java:1018)
        at java.lang.Thread.run(Thread.java:750)
"IPC Server handler 5 on default port 41211" daemon prio=5 tid=742 timed_waiting
java.lang.Thread.State: TIMED_WAITING
        at sun.misc.Unsafe.park(Native Method)
        at java.util.concurrent.locks.LockSupport.parkNanos(LockSupport.java:215)
        at java.util.concurrent.locks.AbstractQueuedSynchronizer$ConditionObject.awaitNanos(AbstractQueuedSynchronizer.java:2078)
        at java.util.concurrent.LinkedBlockingQueue.poll(LinkedBlockingQueue.java:467)
        at org.apache.hadoop.ipc.CallQueueManager.take(CallQueueManager.java:317)
        at org.apache.hadoop.ipc.Server$Handler.run(Server.java:2992)
"BlockDeletingService#2" daemon prio=5 tid=999 timed_waiting
java.lang.Thread.State: TIMED_WAITING
        at sun.misc.Unsafe.park(Native Method)
        at java.util.concurrent.locks.LockSupport.parkNanos(LockSupport.java:215)
        at java.util.concurrent.locks.AbstractQueuedSynchronizer$ConditionObject.awaitNanos(AbstractQueuedSynchronizer.java:2078)
        at java.util.concurrent.ScheduledThreadPoolExecutor$DelayedWorkQueue.take(ScheduledThreadPoolExecutor.java:1093)
        at java.util.concurrent.ScheduledThreadPoolExecutor$DelayedWorkQueue.take(ScheduledThreadPoolExecutor.java:809)
        at java.util.concurrent.ThreadPoolExecutor.getTask(ThreadPoolExecutor.java:1074)
        at java.util.concurrent.ThreadPoolExecutor.runWorker(ThreadPoolExecutor.java:1134)
        at java.util.concurrent.ThreadPoolExecutor$Worker.run(ThreadPoolExecutor.java:624)
        at java.lang.Thread.run(Thread.java:750)
"pool-227-thread-1" daemon prio=5 tid=870 timed_waiting
java.lang.Thread.State: TIMED_WAITING
        at sun.misc.Unsafe.park(Native Method)
        at java.util.concurrent.locks.LockSupport.parkNanos(LockSupport.java:215)
        at java.util.concurrent.locks.AbstractQueuedSynchronizer$ConditionObject.awaitNanos(AbstractQueuedSynchronizer.java:2078)
        at java.util.concurrent.ScheduledThreadPoolExecutor$DelayedWorkQueue.take(ScheduledThreadPoolExecutor.java:1093)
        at java.util.concurrent.ScheduledThreadPoolExecutor$DelayedWorkQueue.take(ScheduledThreadPoolExecutor.java:809)
        at java.util.concurrent.ThreadPoolExecutor.getTask(ThreadPoolExecutor.java:1074)
        at java.util.concurrent.ThreadPoolExecutor.runWorker(ThreadPoolExecutor.java:1134)
        at java.util.concurrent.ThreadPoolExecutor$Worker.run(ThreadPoolExecutor.java:624)
        at java.lang.Thread.run(Thread.java:750)
"FixedThreadPoolWithAffinityExecutor-3-0" daemon prio=5 tid=728 timed_waiting
java.lang.Thread.State: TIMED_WAITING
        at sun.misc.Unsafe.park(Native Method)
        at java.util.concurrent.locks.LockSupport.parkNanos(LockSupport.java:215)
        at java.util.concurrent.locks.AbstractQueuedSynchronizer$ConditionObject.awaitNanos(AbstractQueuedSynchronizer.java:2078)
        at java.util.concurrent.LinkedBlockingQueue.poll(LinkedBlockingQueue.java:467)
        at org.apache.hadoop.hdds.scm.server.ContainerReportQueue.poll(ContainerReportQueue.java:266)
        at org.apache.hadoop.hdds.scm.server.ContainerReportQueue.poll(ContainerReportQueue.java:42)
        at org.apache.hadoop.hdds.server.events.FixedThreadPoolWithAffinityExecutor$ContainerReportProcessTask.run(FixedThreadPoolWithAffinityExecutor.java:247)
        at java.util.concurrent.Executors$RunnableAdapter.call(Executors.java:511)
        at java.util.concurrent.FutureTask.run(FutureTask.java:266)
        at java.util.concurrent.ThreadPoolExecutor.runWorker(ThreadPoolExecutor.java:1149)
        at java.util.concurrent.ThreadPoolExecutor$Worker.run(ThreadPoolExecutor.java:624)
        at java.lang.Thread.run(Thread.java:750)
"IPC Server handler 16 on default port 44187" daemon prio=5 tid=862 timed_waiting
java.lang.Thread.State: TIMED_WAITING
        at sun.misc.Unsafe.park(Native Method)
        at java.util.concurrent.locks.LockSupport.parkNanos(LockSupport.java:215)
        at java.util.concurrent.locks.AbstractQueuedSynchronizer$ConditionObject.awaitNanos(AbstractQueuedSynchronizer.java:2078)
        at java.util.concurrent.LinkedBlockingQueue.poll(LinkedBlockingQueue.java:467)
        at org.apache.hadoop.ipc.CallQueueManager.take(CallQueueManager.java:317)
        at org.apache.hadoop.ipc.Server$Handler.run(Server.java:2992)
"BlockDeletingService#2" daemon prio=5 tid=964 in Object.wait()
java.lang.Thread.State: WAITING (on object monitor)
        at sun.misc.Unsafe.park(Native Method)
        at java.util.concurrent.locks.LockSupport.park(LockSupport.java:175)
        at java.util.concurrent.locks.AbstractQueuedSynchronizer$ConditionObject.await(AbstractQueuedSynchronizer.java:2039)
        at java.util.concurrent.ScheduledThreadPoolExecutor$DelayedWorkQueue.take(ScheduledThreadPoolExecutor.java:1088)
        at java.util.concurrent.ScheduledThreadPoolExecutor$DelayedWorkQueue.take(ScheduledThreadPoolExecutor.java:809)
        at java.util.concurrent.ThreadPoolExecutor.getTask(ThreadPoolExecutor.java:1074)
        at java.util.concurrent.ThreadPoolExecutor.runWorker(ThreadPoolExecutor.java:1134)
        at java.util.concurrent.ThreadPoolExecutor$Worker.run(ThreadPoolExecutor.java:624)
        at java.lang.Thread.run(Thread.java:750)
"grpc-default-executor-4" daemon prio=5 tid=1052 timed_waiting
java.lang.Thread.State: TIMED_WAITING
        at sun.misc.Unsafe.park(Native Method)
        at java.util.concurrent.locks.LockSupport.parkNanos(LockSupport.java:215)
        at java.util.concurrent.SynchronousQueue$TransferStack.awaitFulfill(SynchronousQueue.java:460)
        at java.util.concurrent.SynchronousQueue$TransferStack.transfer(SynchronousQueue.java:362)
        at java.util.concurrent.SynchronousQueue.poll(SynchronousQueue.java:941)
        at java.util.concurrent.ThreadPoolExecutor.getTask(ThreadPoolExecutor.java:1073)
        at java.util.concurrent.ThreadPoolExecutor.runWorker(ThreadPoolExecutor.java:1134)
        at java.util.concurrent.ThreadPoolExecutor$Worker.run(ThreadPoolExecutor.java:624)
        at java.lang.Thread.run(Thread.java:750)
"qtp1591842611-807" daemon prio=5 tid=807 timed_waiting
java.lang.Thread.State: TIMED_WAITING
        at sun.misc.Unsafe.park(Native Method)
        at java.util.concurrent.locks.LockSupport.parkNanos(LockSupport.java:215)
        at java.util.concurrent.locks.AbstractQueuedSynchronizer$ConditionObject.awaitNanos(AbstractQueuedSynchronizer.java:2078)
        at org.eclipse.jetty.util.BlockingArrayQueue.poll(BlockingArrayQueue.java:382)
        at org.eclipse.jetty.util.thread.QueuedThreadPool$Runner.idleJobPoll(QueuedThreadPool.java:974)
        at org.eclipse.jetty.util.thread.QueuedThreadPool$Runner.run(QueuedThreadPool.java:1018)
        at java.lang.Thread.run(Thread.java:750)
"qtp1532094190-883" daemon prio=5 tid=883 timed_waiting
java.lang.Thread.State: TIMED_WAITING
        at sun.misc.Unsafe.park(Native Method)
        at java.util.concurrent.locks.LockSupport.parkNanos(LockSupport.java:215)
        at java.util.concurrent.locks.AbstractQueuedSynchronizer$ConditionObject.awaitNanos(AbstractQueuedSynchronizer.java:2078)
        at org.eclipse.jetty.util.BlockingArrayQueue.poll(BlockingArrayQueue.java:382)
        at org.eclipse.jetty.util.thread.QueuedThreadPool$Runner.idleJobPoll(QueuedThreadPool.java:974)
        at org.eclipse.jetty.util.thread.QueuedThreadPool$Runner.run(QueuedThreadPool.java:1018)
        at java.lang.Thread.run(Thread.java:750)
"org.apache.hadoop.util.JvmPauseMonitor$Monitor@3a6ff4b4" daemon prio=5 tid=799 timed_waiting
java.lang.Thread.State: TIMED_WAITING
        at java.lang.Thread.sleep(Native Method)
        at org.apache.hadoop.util.JvmPauseMonitor$Monitor.run(JvmPauseMonitor.java:192)
        at java.lang.Thread.run(Thread.java:750)
"StaleRecoveringContainerScrubbingService#1" daemon prio=5 tid=962 in Object.wait()
java.lang.Thread.State: WAITING (on object monitor)
        at sun.misc.Unsafe.park(Native Method)
        at java.util.concurrent.locks.LockSupport.park(LockSupport.java:175)
        at java.util.concurrent.locks.AbstractQueuedSynchronizer$ConditionObject.await(AbstractQueuedSynchronizer.java:2039)
        at java.util.concurrent.ScheduledThreadPoolExecutor$DelayedWorkQueue.take(ScheduledThreadPoolExecutor.java:1088)
        at java.util.concurrent.ScheduledThreadPoolExecutor$DelayedWorkQueue.take(ScheduledThreadPoolExecutor.java:809)
        at java.util.concurrent.ThreadPoolExecutor.getTask(ThreadPoolExecutor.java:1074)
        at java.util.concurrent.ThreadPoolExecutor.runWorker(ThreadPoolExecutor.java:1134)
        at java.util.concurrent.ThreadPoolExecutor$Worker.run(ThreadPoolExecutor.java:624)
        at java.lang.Thread.run(Thread.java:750)
"IPC Server handler 6 on default port 44187" daemon prio=5 tid=852 timed_waiting
java.lang.Thread.State: TIMED_WAITING
        at sun.misc.Unsafe.park(Native Method)
        at java.util.concurrent.locks.LockSupport.parkNanos(LockSupport.java:215)
        at java.util.concurrent.locks.AbstractQueuedSynchronizer$ConditionObject.awaitNanos(AbstractQueuedSynchronizer.java:2078)
        at java.util.concurrent.LinkedBlockingQueue.poll(LinkedBlockingQueue.java:467)
        at org.apache.hadoop.ipc.CallQueueManager.take(CallQueueManager.java:317)
        at org.apache.hadoop.ipc.Server$Handler.run(Server.java:2992)
"qtp1591842611-806" daemon prio=5 tid=806 timed_waiting
java.lang.Thread.State: TIMED_WAITING
        at sun.misc.Unsafe.park(Native Method)
        at java.util.concurrent.locks.LockSupport.parkNanos(LockSupport.java:215)
        at java.util.concurrent.locks.AbstractQueuedSynchronizer$ConditionObject.awaitNanos(AbstractQueuedSynchronizer.java:2078)
        at org.eclipse.jetty.util.BlockingArrayQueue.poll(BlockingArrayQueue.java:382)
        at org.eclipse.jetty.util.thread.QueuedThreadPool$Runner.idleJobPoll(QueuedThreadPool.java:974)
        at org.eclipse.jetty.util.thread.QueuedThreadPool$Runner.run(QueuedThreadPool.java:1018)
        at java.lang.Thread.run(Thread.java:750)
"IPC Server handler 11 on default port 46503" daemon prio=5 tid=768 timed_waiting
java.lang.Thread.State: TIMED_WAITING
        at sun.misc.Unsafe.park(Native Method)
        at java.util.concurrent.locks.LockSupport.parkNanos(LockSupport.java:215)
        at java.util.concurrent.locks.AbstractQueuedSynchronizer$ConditionObject.awaitNanos(AbstractQueuedSynchronizer.java:2078)
        at java.util.concurrent.LinkedBlockingQueue.poll(LinkedBlockingQueue.java:467)
        at org.apache.hadoop.ipc.CallQueueManager.take(CallQueueManager.java:317)
        at org.apache.hadoop.ipc.Server$Handler.run(Server.java:2992)
"IPC Parameter Sending Thread for 0.0.0.0/0.0.0.0:40595" daemon prio=5 tid=953 timed_waiting
java.lang.Thread.State: TIMED_WAITING
        at sun.misc.Unsafe.park(Native Method)
        at java.util.concurrent.locks.LockSupport.parkNanos(LockSupport.java:215)
        at java.util.concurrent.SynchronousQueue$TransferQueue.awaitFulfill(SynchronousQueue.java:764)
        at java.util.concurrent.SynchronousQueue$TransferQueue.transfer(SynchronousQueue.java:695)
        at java.util.concurrent.SynchronousQueue.poll(SynchronousQueue.java:941)
        at org.apache.hadoop.ipc.Client$Connection$RpcRequestSender.run(Client.java:1122)
        at java.lang.Thread.run(Thread.java:750)
"IPC Server handler 18 on default port 44187" daemon prio=5 tid=864 timed_waiting
java.lang.Thread.State: TIMED_WAITING
        at sun.misc.Unsafe.park(Native Method)
        at java.util.concurrent.locks.LockSupport.parkNanos(LockSupport.java:215)
        at java.util.concurrent.locks.AbstractQueuedSynchronizer$ConditionObject.awaitNanos(AbstractQueuedSynchronizer.java:2078)
        at java.util.concurrent.LinkedBlockingQueue.poll(LinkedBlockingQueue.java:467)
        at org.apache.hadoop.ipc.CallQueueManager.take(CallQueueManager.java:317)
        at org.apache.hadoop.ipc.Server$Handler.run(Server.java:2992)
"qtp28114465-843" daemon prio=5 tid=843 timed_waiting
java.lang.Thread.State: TIMED_WAITING
        at sun.misc.Unsafe.park(Native Method)
        at java.util.concurrent.locks.LockSupport.parkNanos(LockSupport.java:215)
        at java.util.concurrent.locks.AbstractQueuedSynchronizer$ConditionObject.awaitNanos(AbstractQueuedSynchronizer.java:2078)
        at org.eclipse.jetty.util.BlockingArrayQueue.poll(BlockingArrayQueue.java:382)
        at org.eclipse.jetty.util.thread.QueuedThreadPool$Runner.idleJobPoll(QueuedThreadPool.java:974)
        at org.eclipse.jetty.util.thread.QueuedThreadPool$Runner.run(QueuedThreadPool.java:1018)
        at java.lang.Thread.run(Thread.java:750)
"pool-234-thread-1"  prio=5 tid=1019 in Object.wait()
java.lang.Thread.State: WAITING (on object monitor)
        at sun.misc.Unsafe.park(Native Method)
        at java.util.concurrent.locks.LockSupport.park(LockSupport.java:175)
        at java.util.concurrent.locks.AbstractQueuedSynchronizer$ConditionObject.await(AbstractQueuedSynchronizer.java:2039)
        at java.util.concurrent.LinkedBlockingQueue.take(LinkedBlockingQueue.java:442)
        at java.util.concurrent.ThreadPoolExecutor.getTask(ThreadPoolExecutor.java:1074)
        at java.util.concurrent.ThreadPoolExecutor.runWorker(ThreadPoolExecutor.java:1134)
        at java.util.concurrent.ThreadPoolExecutor$Worker.run(ThreadPoolExecutor.java:624)
        at java.lang.Thread.run(Thread.java:750)
"grpc-default-worker-ELG-5-2" daemon prio=5 tid=1025 runnable
java.lang.Thread.State: RUNNABLE
        at org.apache.ratis.thirdparty.io.netty.channel.epoll.Native.epollWait0(Native Method)
        at org.apache.ratis.thirdparty.io.netty.channel.epoll.Native.epollWait(Native.java:182)
        at org.apache.ratis.thirdparty.io.netty.channel.epoll.EpollEventLoop.epollWait(EpollEventLoop.java:290)
        at org.apache.ratis.thirdparty.io.netty.channel.epoll.EpollEventLoop.run(EpollEventLoop.java:354)
        at org.apache.ratis.thirdparty.io.netty.util.concurrent.SingleThreadEventExecutor$4.run(SingleThreadEventExecutor.java:995)
        at org.apache.ratis.thirdparty.io.netty.util.internal.ThreadExecutorMap$2.run(ThreadExecutorMap.java:74)
        at org.apache.ratis.thirdparty.io.netty.util.concurrent.FastThreadLocalRunnable.run(FastThreadLocalRunnable.java:30)
        at java.lang.Thread.run(Thread.java:750)
"BlockDeletingService#5" daemon prio=5 tid=979 in Object.wait()
java.lang.Thread.State: WAITING (on object monitor)
        at sun.misc.Unsafe.park(Native Method)
        at java.util.concurrent.locks.LockSupport.park(LockSupport.java:175)
        at java.util.concurrent.locks.AbstractQueuedSynchronizer$ConditionObject.await(AbstractQueuedSynchronizer.java:2039)
        at java.util.concurrent.ScheduledThreadPoolExecutor$DelayedWorkQueue.take(ScheduledThreadPoolExecutor.java:1088)
        at java.util.concurrent.ScheduledThreadPoolExecutor$DelayedWorkQueue.take(ScheduledThreadPoolExecutor.java:809)
        at java.util.concurrent.ThreadPoolExecutor.getTask(ThreadPoolExecutor.java:1074)
        at java.util.concurrent.ThreadPoolExecutor.runWorker(ThreadPoolExecutor.java:1134)
        at java.util.concurrent.ThreadPoolExecutor$Worker.run(ThreadPoolExecutor.java:624)
        at java.lang.Thread.run(Thread.java:750)
"IPC Server handler 8 on default port 44187" daemon prio=5 tid=854 timed_waiting
java.lang.Thread.State: TIMED_WAITING
        at sun.misc.Unsafe.park(Native Method)
        at java.util.concurrent.locks.LockSupport.parkNanos(LockSupport.java:215)
        at java.util.concurrent.locks.AbstractQueuedSynchronizer$ConditionObject.awaitNanos(AbstractQueuedSynchronizer.java:2078)
        at java.util.concurrent.LinkedBlockingQueue.poll(LinkedBlockingQueue.java:467)
        at org.apache.hadoop.ipc.CallQueueManager.take(CallQueueManager.java:317)
        at org.apache.hadoop.ipc.Server$Handler.run(Server.java:2992)
"qtp1734331657-930" daemon prio=5 tid=930 runnable
java.lang.Thread.State: RUNNABLE
        at sun.nio.ch.EPollArrayWrapper.epollWait(Native Method)
        at sun.nio.ch.EPollArrayWrapper.poll(EPollArrayWrapper.java:269)
        at sun.nio.ch.EPollSelectorImpl.doSelect(EPollSelectorImpl.java:93)
        at sun.nio.ch.SelectorImpl.lockAndDoSelect(SelectorImpl.java:86)
        at sun.nio.ch.SelectorImpl.select(SelectorImpl.java:97)
        at sun.nio.ch.SelectorImpl.select(SelectorImpl.java:101)
        at org.eclipse.jetty.io.ManagedSelector.nioSelect(ManagedSelector.java:183)
        at org.eclipse.jetty.io.ManagedSelector.select(ManagedSelector.java:190)
        at org.eclipse.jetty.io.ManagedSelector$SelectorProducer.select(ManagedSelector.java:606)
        at org.eclipse.jetty.io.ManagedSelector$SelectorProducer.produce(ManagedSelector.java:543)
        at org.eclipse.jetty.util.thread.strategy.EatWhatYouKill.produceTask(EatWhatYouKill.java:362)
        at org.eclipse.jetty.util.thread.strategy.EatWhatYouKill.doProduce(EatWhatYouKill.java:186)
        at org.eclipse.jetty.util.thread.strategy.EatWhatYouKill.tryProduce(EatWhatYouKill.java:173)
        at org.eclipse.jetty.util.thread.strategy.EatWhatYouKill.produce(EatWhatYouKill.java:137)
        at org.eclipse.jetty.io.ManagedSelector$$Lambda$476/1479867711.run(Unknown Source)
        at org.eclipse.jetty.util.thread.QueuedThreadPool.runJob(QueuedThreadPool.java:883)
        at org.eclipse.jetty.util.thread.QueuedThreadPool$Runner.run(QueuedThreadPool.java:1034)
        at java.lang.Thread.run(Thread.java:750)
"IPC Server handler 1 on default port 44187" daemon prio=5 tid=847 timed_waiting
java.lang.Thread.State: TIMED_WAITING
        at sun.misc.Unsafe.park(Native Method)
        at java.util.concurrent.locks.LockSupport.parkNanos(LockSupport.java:215)
        at java.util.concurrent.locks.AbstractQueuedSynchronizer$ConditionObject.awaitNanos(AbstractQueuedSynchronizer.java:2078)
        at java.util.concurrent.LinkedBlockingQueue.poll(LinkedBlockingQueue.java:467)
        at org.apache.hadoop.ipc.CallQueueManager.take(CallQueueManager.java:317)
        at org.apache.hadoop.ipc.Server$Handler.run(Server.java:2992)
"EventQueue-DatanodeCommandForSCMNodeManager"  prio=5 tid=1017 in Object.wait()
java.lang.Thread.State: WAITING (on object monitor)
        at sun.misc.Unsafe.park(Native Method)
        at java.util.concurrent.locks.LockSupport.park(LockSupport.java:175)
        at java.util.concurrent.locks.AbstractQueuedSynchronizer$ConditionObject.await(AbstractQueuedSynchronizer.java:2039)
        at java.util.concurrent.LinkedBlockingQueue.take(LinkedBlockingQueue.java:442)
        at java.util.concurrent.ThreadPoolExecutor.getTask(ThreadPoolExecutor.java:1074)
        at java.util.concurrent.ThreadPoolExecutor.runWorker(ThreadPoolExecutor.java:1134)
        at java.util.concurrent.ThreadPoolExecutor$Worker.run(ThreadPoolExecutor.java:624)
        at java.lang.Thread.run(Thread.java:750)
"grpc-default-executor-3" daemon prio=5 tid=1050 timed_waiting
java.lang.Thread.State: TIMED_WAITING
        at sun.misc.Unsafe.park(Native Method)
        at java.util.concurrent.locks.LockSupport.parkNanos(LockSupport.java:215)
        at java.util.concurrent.SynchronousQueue$TransferStack.awaitFulfill(SynchronousQueue.java:460)
        at java.util.concurrent.SynchronousQueue$TransferStack.transfer(SynchronousQueue.java:362)
        at java.util.concurrent.SynchronousQueue.poll(SynchronousQueue.java:941)
        at java.util.concurrent.ThreadPoolExecutor.getTask(ThreadPoolExecutor.java:1073)
        at java.util.concurrent.ThreadPoolExecutor.runWorker(ThreadPoolExecutor.java:1134)
        at java.util.concurrent.ThreadPoolExecutor$Worker.run(ThreadPoolExecutor.java:624)
        at java.lang.Thread.run(Thread.java:750)
"IPC Server listener on 0" daemon prio=5 tid=720 runnable
java.lang.Thread.State: RUNNABLE
        at sun.nio.ch.EPollArrayWrapper.epollWait(Native Method)
        at sun.nio.ch.EPollArrayWrapper.poll(EPollArrayWrapper.java:269)
        at sun.nio.ch.EPollSelectorImpl.doSelect(EPollSelectorImpl.java:93)
        at sun.nio.ch.SelectorImpl.lockAndDoSelect(SelectorImpl.java:86)
        at sun.nio.ch.SelectorImpl.select(SelectorImpl.java:97)
        at sun.nio.ch.SelectorImpl.select(SelectorImpl.java:101)
        at org.apache.hadoop.ipc.Server$Listener.run(Server.java:1404)
"IPC Server handler 14 on default port 41211" daemon prio=5 tid=751 timed_waiting
java.lang.Thread.State: TIMED_WAITING
        at sun.misc.Unsafe.park(Native Method)
        at java.util.concurrent.locks.LockSupport.parkNanos(LockSupport.java:215)
        at java.util.concurrent.locks.AbstractQueuedSynchronizer$ConditionObject.awaitNanos(AbstractQueuedSynchronizer.java:2078)
        at java.util.concurrent.LinkedBlockingQueue.poll(LinkedBlockingQueue.java:467)
        at org.apache.hadoop.ipc.CallQueueManager.take(CallQueueManager.java:317)
        at org.apache.hadoop.ipc.Server$Handler.run(Server.java:2992)
"IPC Client (382934088) connection to 0.0.0.0/0.0.0.0:40595 from runner" daemon prio=5 tid=952 timed_waiting
java.lang.Thread.State: TIMED_WAITING
        at java.lang.Object.wait(Native Method)
        at org.apache.hadoop.ipc.Client$Connection.waitForWork(Client.java:1043)
        at org.apache.hadoop.ipc.Client$Connection.run(Client.java:1094)
"qtp1532094190-880" daemon prio=5 tid=880 timed_waiting
java.lang.Thread.State: TIMED_WAITING
        at sun.misc.Unsafe.park(Native Method)
        at java.util.concurrent.locks.LockSupport.parkNanos(LockSupport.java:215)
        at java.util.concurrent.locks.AbstractQueuedSynchronizer$ConditionObject.awaitNanos(AbstractQueuedSynchronizer.java:2078)
        at org.eclipse.jetty.util.BlockingArrayQueue.poll(BlockingArrayQueue.java:382)
        at org.eclipse.jetty.util.thread.QueuedThreadPool$Runner.idleJobPoll(QueuedThreadPool.java:974)
        at org.eclipse.jetty.util.thread.QueuedThreadPool$Runner.run(QueuedThreadPool.java:1018)
        at java.lang.Thread.run(Thread.java:750)
"qtp28114465-841" daemon prio=5 tid=841 timed_waiting
java.lang.Thread.State: TIMED_WAITING
        at sun.misc.Unsafe.park(Native Method)
        at java.util.concurrent.locks.LockSupport.parkNanos(LockSupport.java:215)
        at java.util.concurrent.locks.AbstractQueuedSynchronizer$ConditionObject.awaitNanos(AbstractQueuedSynchronizer.java:2078)
        at org.eclipse.jetty.util.BlockingArrayQueue.poll(BlockingArrayQueue.java:382)
        at org.eclipse.jetty.util.thread.QueuedThreadPool$Runner.idleJobPoll(QueuedThreadPool.java:974)
        at org.eclipse.jetty.util.thread.QueuedThreadPool$Runner.run(QueuedThreadPool.java:1018)
        at java.lang.Thread.run(Thread.java:750)
"15488c1c-ff1a-49f6-9596-cf663845e1ec@group-7A7BEC77320F-SegmentedRaftLogWorker"  prio=5 tid=1020 timed_waiting
java.lang.Thread.State: TIMED_WAITING
        at sun.misc.Unsafe.park(Native Method)
        at java.util.concurrent.locks.LockSupport.parkNanos(LockSupport.java:215)
        at java.util.concurrent.locks.AbstractQueuedSynchronizer$ConditionObject.awaitNanos(AbstractQueuedSynchronizer.java:2078)
        at org.apache.ratis.util.DataBlockingQueue.poll(DataBlockingQueue.java:148)
        at org.apache.ratis.server.raftlog.segmented.SegmentedRaftLogWorker.run(SegmentedRaftLogWorker.java:312)
        at org.apache.ratis.server.raftlog.segmented.SegmentedRaftLogWorker$$Lambda$714/973343779.run(Unknown Source)
        at java.lang.Thread.run(Thread.java:750)
"IPC Server handler 15 on default port 41211" daemon prio=5 tid=752 timed_waiting
java.lang.Thread.State: TIMED_WAITING
        at sun.misc.Unsafe.park(Native Method)
        at java.util.concurrent.locks.LockSupport.parkNanos(LockSupport.java:215)
        at java.util.concurrent.locks.AbstractQueuedSynchronizer$ConditionObject.awaitNanos(AbstractQueuedSynchronizer.java:2078)
        at java.util.concurrent.LinkedBlockingQueue.poll(LinkedBlockingQueue.java:467)
        at org.apache.hadoop.ipc.CallQueueManager.take(CallQueueManager.java:317)
        at org.apache.hadoop.ipc.Server$Handler.run(Server.java:2992)
"BlockDeletingService#5" daemon prio=5 tid=998 in Object.wait()
java.lang.Thread.State: WAITING (on object monitor)
        at sun.misc.Unsafe.park(Native Method)
        at java.util.concurrent.locks.LockSupport.park(LockSupport.java:175)
        at java.util.concurrent.locks.AbstractQueuedSynchronizer$ConditionObject.await(AbstractQueuedSynchronizer.java:2039)
        at java.util.concurrent.ScheduledThreadPoolExecutor$DelayedWorkQueue.take(ScheduledThreadPoolExecutor.java:1088)
        at java.util.concurrent.ScheduledThreadPoolExecutor$DelayedWorkQueue.take(ScheduledThreadPoolExecutor.java:809)
        at java.util.concurrent.ThreadPoolExecutor.getTask(ThreadPoolExecutor.java:1074)
        at java.util.concurrent.ThreadPoolExecutor.runWorker(ThreadPoolExecutor.java:1134)
        at java.util.concurrent.ThreadPoolExecutor$Worker.run(ThreadPoolExecutor.java:624)
        at java.lang.Thread.run(Thread.java:750)
"IPC Server handler 1 on default port 40595" daemon prio=5 tid=778 timed_waiting
java.lang.Thread.State: TIMED_WAITING
        at sun.misc.Unsafe.park(Native Method)
        at java.util.concurrent.locks.LockSupport.parkNanos(LockSupport.java:215)
        at java.util.concurrent.locks.AbstractQueuedSynchronizer$ConditionObject.awaitNanos(AbstractQueuedSynchronizer.java:2078)
        at java.util.concurrent.LinkedBlockingQueue.poll(LinkedBlockingQueue.java:467)
        at org.apache.hadoop.ipc.CallQueueManager.take(CallQueueManager.java:317)
        at org.apache.hadoop.ipc.Server$Handler.run(Server.java:2992)
"qtp1591842611-803" daemon prio=5 tid=803 timed_waiting
java.lang.Thread.State: TIMED_WAITING
        at sun.misc.Unsafe.park(Native Method)
        at java.util.concurrent.locks.LockSupport.parkNanos(LockSupport.java:215)
        at java.util.concurrent.locks.AbstractQueuedSynchronizer$ConditionObject.awaitNanos(AbstractQueuedSynchronizer.java:2078)
        at org.eclipse.jetty.util.BlockingArrayQueue.poll(BlockingArrayQueue.java:382)
        at org.eclipse.jetty.util.thread.QueuedThreadPool$Runner.idleJobPoll(QueuedThreadPool.java:974)
        at org.eclipse.jetty.util.thread.QueuedThreadPool$Runner.run(QueuedThreadPool.java:1018)
        at java.lang.Thread.run(Thread.java:750)
"IPC Server handler 10 on default port 41211" daemon prio=5 tid=747 timed_waiting
java.lang.Thread.State: TIMED_WAITING
        at sun.misc.Unsafe.park(Native Method)
        at java.util.concurrent.locks.LockSupport.parkNanos(LockSupport.java:215)
        at java.util.concurrent.locks.AbstractQueuedSynchronizer$ConditionObject.awaitNanos(AbstractQueuedSynchronizer.java:2078)
        at java.util.concurrent.LinkedBlockingQueue.poll(LinkedBlockingQueue.java:467)
        at org.apache.hadoop.ipc.CallQueueManager.take(CallQueueManager.java:317)
        at org.apache.hadoop.ipc.Server$Handler.run(Server.java:2992)
"PartialTableCache Cleanup Thread - 0" daemon prio=5 tid=385 in Object.wait()
java.lang.Thread.State: WAITING (on object monitor)
        at sun.misc.Unsafe.park(Native Method)
        at java.util.concurrent.locks.LockSupport.park(LockSupport.java:175)
        at java.util.concurrent.locks.AbstractQueuedSynchronizer$ConditionObject.await(AbstractQueuedSynchronizer.java:2039)
        at java.util.concurrent.LinkedBlockingQueue.take(LinkedBlockingQueue.java:442)
        at java.util.concurrent.ThreadPoolExecutor.getTask(ThreadPoolExecutor.java:1074)
        at java.util.concurrent.ThreadPoolExecutor.runWorker(ThreadPoolExecutor.java:1134)
        at java.util.concurrent.ThreadPoolExecutor$Worker.run(ThreadPoolExecutor.java:624)
        at java.lang.Thread.run(Thread.java:750)
"JvmPauseMonitor5" daemon prio=5 tid=958 timed_waiting
java.lang.Thread.State: TIMED_WAITING
        at java.lang.Thread.sleep(Native Method)
        at java.lang.Thread.sleep(Thread.java:342)
        at java.util.concurrent.TimeUnit.sleep(TimeUnit.java:386)
        at org.apache.ratis.util.TimeDuration.sleep(TimeDuration.java:325)
        at org.apache.ratis.util.TimeDuration.sleep(TimeDuration.java:310)
        at org.apache.ratis.util.JvmPauseMonitor.detectPause(JvmPauseMonitor.java:119)
        at org.apache.ratis.util.JvmPauseMonitor.run(JvmPauseMonitor.java:108)
        at org.apache.ratis.util.JvmPauseMonitor$$Lambda$755/1344354863.run(Unknown Source)
        at java.lang.Thread.run(Thread.java:750)
"DeleteBlocksCommandHandlerThread-2"  prio=5 tid=1160 in Object.wait()
java.lang.Thread.State: WAITING (on object monitor)
        at sun.misc.Unsafe.park(Native Method)
        at java.util.concurrent.locks.LockSupport.park(LockSupport.java:175)
        at java.util.concurrent.locks.AbstractQueuedSynchronizer$ConditionObject.await(AbstractQueuedSynchronizer.java:2039)
        at java.util.concurrent.LinkedBlockingQueue.take(LinkedBlockingQueue.java:442)
        at java.util.concurrent.ThreadPoolExecutor.getTask(ThreadPoolExecutor.java:1074)
        at java.util.concurrent.ThreadPoolExecutor.runWorker(ThreadPoolExecutor.java:1134)
        at java.util.concurrent.ThreadPoolExecutor$Worker.run(ThreadPoolExecutor.java:624)
        at java.lang.Thread.run(Thread.java:750)
"Timer-1"  prio=5 tid=830 timed_waiting
java.lang.Thread.State: TIMED_WAITING
        at java.lang.Object.wait(Native Method)
        at java.util.TimerThread.mainLoop(Timer.java:552)
        at java.util.TimerThread.run(Timer.java:505)
"grpc-default-worker-ELG-5-1" daemon prio=5 tid=1023 runnable
java.lang.Thread.State: RUNNABLE
        at org.apache.ratis.thirdparty.io.netty.channel.epoll.Native.epollWait0(Native Method)
        at org.apache.ratis.thirdparty.io.netty.channel.epoll.Native.epollWait(Native.java:182)
        at org.apache.ratis.thirdparty.io.netty.channel.epoll.EpollEventLoop.epollWait(EpollEventLoop.java:290)
        at org.apache.ratis.thirdparty.io.netty.channel.epoll.EpollEventLoop.run(EpollEventLoop.java:354)
        at org.apache.ratis.thirdparty.io.netty.util.concurrent.SingleThreadEventExecutor$4.run(SingleThreadEventExecutor.java:995)
        at org.apache.ratis.thirdparty.io.netty.util.internal.ThreadExecutorMap$2.run(ThreadExecutorMap.java:74)
        at org.apache.ratis.thirdparty.io.netty.util.concurrent.FastThreadLocalRunnable.run(FastThreadLocalRunnable.java:30)
        at java.lang.Thread.run(Thread.java:750)
"ContainerOp-47ca2eb6-cbc1-4dd0-8b98-7a7bec77320f-3"  prio=5 tid=1082 in Object.wait()
java.lang.Thread.State: WAITING (on object monitor)
        at sun.misc.Unsafe.park(Native Method)
        at java.util.concurrent.locks.LockSupport.park(LockSupport.java:175)
        at java.util.concurrent.locks.AbstractQueuedSynchronizer$ConditionObject.await(AbstractQueuedSynchronizer.java:2039)
        at java.util.concurrent.LinkedBlockingQueue.take(LinkedBlockingQueue.java:442)
        at java.util.concurrent.ThreadPoolExecutor.getTask(ThreadPoolExecutor.java:1074)
        at java.util.concurrent.ThreadPoolExecutor.runWorker(ThreadPoolExecutor.java:1134)
        at java.util.concurrent.ThreadPoolExecutor$Worker.run(ThreadPoolExecutor.java:624)
        at java.lang.Thread.run(Thread.java:750)
"BlockDeletingService#9" daemon prio=5 tid=1011 in Object.wait()
java.lang.Thread.State: WAITING (on object monitor)
        at sun.misc.Unsafe.park(Native Method)
        at java.util.concurrent.locks.LockSupport.park(LockSupport.java:175)
        at java.util.concurrent.locks.AbstractQueuedSynchronizer$ConditionObject.await(AbstractQueuedSynchronizer.java:2039)
        at java.util.concurrent.ScheduledThreadPoolExecutor$DelayedWorkQueue.take(ScheduledThreadPoolExecutor.java:1088)
        at java.util.concurrent.ScheduledThreadPoolExecutor$DelayedWorkQueue.take(ScheduledThreadPoolExecutor.java:809)
        at java.util.concurrent.ThreadPoolExecutor.getTask(ThreadPoolExecutor.java:1074)
        at java.util.concurrent.ThreadPoolExecutor.runWorker(ThreadPoolExecutor.java:1134)
        at java.util.concurrent.ThreadPoolExecutor$Worker.run(ThreadPoolExecutor.java:624)
        at java.lang.Thread.run(Thread.java:750)
"Datanode ReportManager Thread - 3" daemon prio=5 tid=916 timed_waiting
java.lang.Thread.State: TIMED_WAITING
        at sun.misc.Unsafe.park(Native Method)
        at java.util.concurrent.locks.LockSupport.parkNanos(LockSupport.java:215)
        at java.util.concurrent.locks.AbstractQueuedSynchronizer$ConditionObject.awaitNanos(AbstractQueuedSynchronizer.java:2078)
        at java.util.concurrent.ScheduledThreadPoolExecutor$DelayedWorkQueue.take(ScheduledThreadPoolExecutor.java:1093)
        at java.util.concurrent.ScheduledThreadPoolExecutor$DelayedWorkQueue.take(ScheduledThreadPoolExecutor.java:809)
        at java.util.concurrent.ThreadPoolExecutor.getTask(ThreadPoolExecutor.java:1074)
        at java.util.concurrent.ThreadPoolExecutor.runWorker(ThreadPoolExecutor.java:1134)
        at java.util.concurrent.ThreadPoolExecutor$Worker.run(ThreadPoolExecutor.java:624)
        at java.lang.Thread.run(Thread.java:750)
"ContainerOp-47ca2eb6-cbc1-4dd0-8b98-7a7bec77320f-5"  prio=5 tid=1088 in Object.wait()
java.lang.Thread.State: WAITING (on object monitor)
        at sun.misc.Unsafe.park(Native Method)
        at java.util.concurrent.locks.LockSupport.park(LockSupport.java:175)
        at java.util.concurrent.locks.AbstractQueuedSynchronizer$ConditionObject.await(AbstractQueuedSynchronizer.java:2039)
        at java.util.concurrent.LinkedBlockingQueue.take(LinkedBlockingQueue.java:442)
        at java.util.concurrent.ThreadPoolExecutor.getTask(ThreadPoolExecutor.java:1074)
        at java.util.concurrent.ThreadPoolExecutor.runWorker(ThreadPoolExecutor.java:1134)
        at java.util.concurrent.ThreadPoolExecutor$Worker.run(ThreadPoolExecutor.java:624)
        at java.lang.Thread.run(Thread.java:750)
"ContainerOp-47ca2eb6-cbc1-4dd0-8b98-7a7bec77320f-3"  prio=5 tid=1084 in Object.wait()
java.lang.Thread.State: WAITING (on object monitor)
        at sun.misc.Unsafe.park(Native Method)
        at java.util.concurrent.locks.LockSupport.park(LockSupport.java:175)
        at java.util.concurrent.locks.AbstractQueuedSynchronizer$ConditionObject.await(AbstractQueuedSynchronizer.java:2039)
        at java.util.concurrent.LinkedBlockingQueue.take(LinkedBlockingQueue.java:442)
        at java.util.concurrent.ThreadPoolExecutor.getTask(ThreadPoolExecutor.java:1074)
        at java.util.concurrent.ThreadPoolExecutor.runWorker(ThreadPoolExecutor.java:1134)
        at java.util.concurrent.ThreadPoolExecutor$Worker.run(ThreadPoolExecutor.java:624)
        at java.lang.Thread.run(Thread.java:750)
"BlockDeletingService#9" daemon prio=5 tid=1007 in Object.wait()
java.lang.Thread.State: WAITING (on object monitor)
        at sun.misc.Unsafe.park(Native Method)
        at java.util.concurrent.locks.LockSupport.park(LockSupport.java:175)
        at java.util.concurrent.locks.AbstractQueuedSynchronizer$ConditionObject.await(AbstractQueuedSynchronizer.java:2039)
        at java.util.concurrent.ScheduledThreadPoolExecutor$DelayedWorkQueue.take(ScheduledThreadPoolExecutor.java:1088)
        at java.util.concurrent.ScheduledThreadPoolExecutor$DelayedWorkQueue.take(ScheduledThreadPoolExecutor.java:809)
        at java.util.concurrent.ThreadPoolExecutor.getTask(ThreadPoolExecutor.java:1074)
        at java.util.concurrent.ThreadPoolExecutor.runWorker(ThreadPoolExecutor.java:1134)
        at java.util.concurrent.ThreadPoolExecutor$Worker.run(ThreadPoolExecutor.java:624)
        at java.lang.Thread.run(Thread.java:750)
"ContainerOp-47ca2eb6-cbc1-4dd0-8b98-7a7bec77320f-1"  prio=5 tid=1079 in Object.wait()
java.lang.Thread.State: WAITING (on object monitor)
        at sun.misc.Unsafe.park(Native Method)
        at java.util.concurrent.locks.LockSupport.park(LockSupport.java:175)
        at java.util.concurrent.locks.AbstractQueuedSynchronizer$ConditionObject.await(AbstractQueuedSynchronizer.java:2039)
        at java.util.concurrent.LinkedBlockingQueue.take(LinkedBlockingQueue.java:442)
        at java.util.concurrent.ThreadPoolExecutor.getTask(ThreadPoolExecutor.java:1074)
        at java.util.concurrent.ThreadPoolExecutor.runWorker(ThreadPoolExecutor.java:1134)
        at java.util.concurrent.ThreadPoolExecutor$Worker.run(ThreadPoolExecutor.java:624)
        at java.lang.Thread.run(Thread.java:750)
"Session-HouseKeeper-1766f744-1"  prio=5 tid=845 timed_waiting
java.lang.Thread.State: TIMED_WAITING
        at sun.misc.Unsafe.park(Native Method)
        at java.util.concurrent.locks.LockSupport.parkNanos(LockSupport.java:215)
        at java.util.concurrent.locks.AbstractQueuedSynchronizer$ConditionObject.awaitNanos(AbstractQueuedSynchronizer.java:2078)
        at java.util.concurrent.ScheduledThreadPoolExecutor$DelayedWorkQueue.take(ScheduledThreadPoolExecutor.java:1093)
        at java.util.concurrent.ScheduledThreadPoolExecutor$DelayedWorkQueue.take(ScheduledThreadPoolExecutor.java:809)
        at java.util.concurrent.ThreadPoolExecutor.getTask(ThreadPoolExecutor.java:1074)
        at java.util.concurrent.ThreadPoolExecutor.runWorker(ThreadPoolExecutor.java:1134)
        at java.util.concurrent.ThreadPoolExecutor$Worker.run(ThreadPoolExecutor.java:624)
        at java.lang.Thread.run(Thread.java:750)
"Datanode State Machine Task Thread - 1"  prio=5 tid=950 in Object.wait()
java.lang.Thread.State: WAITING (on object monitor)
        at sun.misc.Unsafe.park(Native Method)
        at java.util.concurrent.locks.LockSupport.park(LockSupport.java:175)
        at java.util.concurrent.locks.AbstractQueuedSynchronizer$ConditionObject.await(AbstractQueuedSynchronizer.java:2039)
        at java.util.concurrent.LinkedBlockingQueue.take(LinkedBlockingQueue.java:442)
        at java.util.concurrent.ThreadPoolExecutor.getTask(ThreadPoolExecutor.java:1074)
        at java.util.concurrent.ThreadPoolExecutor.runWorker(ThreadPoolExecutor.java:1134)
        at java.util.concurrent.ThreadPoolExecutor$Worker.run(ThreadPoolExecutor.java:624)
        at java.lang.Thread.run(Thread.java:750)
"IPC Server handler 10 on default port 46503" daemon prio=5 tid=767 timed_waiting
java.lang.Thread.State: TIMED_WAITING
        at sun.misc.Unsafe.park(Native Method)
        at java.util.concurrent.locks.LockSupport.parkNanos(LockSupport.java:215)
        at java.util.concurrent.locks.AbstractQueuedSynchronizer$ConditionObject.awaitNanos(AbstractQueuedSynchronizer.java:2078)
        at java.util.concurrent.LinkedBlockingQueue.poll(LinkedBlockingQueue.java:467)
        at org.apache.hadoop.ipc.CallQueueManager.take(CallQueueManager.java:317)
        at org.apache.hadoop.ipc.Server$Handler.run(Server.java:2992)
"DataNode DiskChecker thread 0" daemon prio=5 tid=896 timed_waiting
java.lang.Thread.State: TIMED_WAITING
        at sun.misc.Unsafe.park(Native Method)
        at java.util.concurrent.locks.LockSupport.parkNanos(LockSupport.java:215)
        at java.util.concurrent.SynchronousQueue$TransferStack.awaitFulfill(SynchronousQueue.java:460)
        at java.util.concurrent.SynchronousQueue$TransferStack.transfer(SynchronousQueue.java:362)
        at java.util.concurrent.SynchronousQueue.poll(SynchronousQueue.java:941)
        at java.util.concurrent.ThreadPoolExecutor.getTask(ThreadPoolExecutor.java:1073)
        at java.util.concurrent.ThreadPoolExecutor.runWorker(ThreadPoolExecutor.java:1134)
        at java.util.concurrent.ThreadPoolExecutor$Worker.run(ThreadPoolExecutor.java:624)
        at java.lang.Thread.run(Thread.java:750)
"bc0378cf-3bdb-433c-bc8f-db90f0932c02-server-thread3"  prio=5 tid=1102 timed_waiting
java.lang.Thread.State: TIMED_WAITING
        at sun.misc.Unsafe.park(Native Method)
        at java.util.concurrent.locks.LockSupport.parkNanos(LockSupport.java:215)
        at java.util.concurrent.SynchronousQueue$TransferStack.awaitFulfill(SynchronousQueue.java:460)
        at java.util.concurrent.SynchronousQueue$TransferStack.transfer(SynchronousQueue.java:362)
        at java.util.concurrent.SynchronousQueue.poll(SynchronousQueue.java:941)
        at java.util.concurrent.ThreadPoolExecutor.getTask(ThreadPoolExecutor.java:1073)
        at java.util.concurrent.ThreadPoolExecutor.runWorker(ThreadPoolExecutor.java:1134)
        at java.util.concurrent.ThreadPoolExecutor$Worker.run(ThreadPoolExecutor.java:624)
        at java.lang.Thread.run(Thread.java:750)
"Datanode ReportManager Thread - 4" daemon prio=5 tid=944 in Object.wait()
java.lang.Thread.State: WAITING (on object monitor)
        at sun.misc.Unsafe.park(Native Method)
        at java.util.concurrent.locks.LockSupport.park(LockSupport.java:175)
        at java.util.concurrent.locks.AbstractQueuedSynchronizer$ConditionObject.await(AbstractQueuedSynchronizer.java:2039)
        at java.util.concurrent.ScheduledThreadPoolExecutor$DelayedWorkQueue.take(ScheduledThreadPoolExecutor.java:1088)
        at java.util.concurrent.ScheduledThreadPoolExecutor$DelayedWorkQueue.take(ScheduledThreadPoolExecutor.java:809)
        at java.util.concurrent.ThreadPoolExecutor.getTask(ThreadPoolExecutor.java:1074)
        at java.util.concurrent.ThreadPoolExecutor.runWorker(ThreadPoolExecutor.java:1134)
        at java.util.concurrent.ThreadPoolExecutor$Worker.run(ThreadPoolExecutor.java:624)
        at java.lang.Thread.run(Thread.java:750)
"IPC Server handler 16 on default port 41211" daemon prio=5 tid=753 timed_waiting
java.lang.Thread.State: TIMED_WAITING
        at sun.misc.Unsafe.park(Native Method)
        at java.util.concurrent.locks.LockSupport.parkNanos(LockSupport.java:215)
        at java.util.concurrent.locks.AbstractQueuedSynchronizer$ConditionObject.awaitNanos(AbstractQueuedSynchronizer.java:2078)
        at java.util.concurrent.LinkedBlockingQueue.poll(LinkedBlockingQueue.java:467)
        at org.apache.hadoop.ipc.CallQueueManager.take(CallQueueManager.java:317)
        at org.apache.hadoop.ipc.Server$Handler.run(Server.java:2992)
"qtp1591842611-802" daemon prio=5 tid=802 runnable
java.lang.Thread.State: RUNNABLE
        at sun.nio.ch.EPollArrayWrapper.epollWait(Native Method)
        at sun.nio.ch.EPollArrayWrapper.poll(EPollArrayWrapper.java:269)
        at sun.nio.ch.EPollSelectorImpl.doSelect(EPollSelectorImpl.java:93)
        at sun.nio.ch.SelectorImpl.lockAndDoSelect(SelectorImpl.java:86)
        at sun.nio.ch.SelectorImpl.select(SelectorImpl.java:97)
        at sun.nio.ch.SelectorImpl.select(SelectorImpl.java:101)
        at org.eclipse.jetty.io.ManagedSelector.nioSelect(ManagedSelector.java:183)
        at org.eclipse.jetty.io.ManagedSelector.select(ManagedSelector.java:190)
        at org.eclipse.jetty.io.ManagedSelector$SelectorProducer.select(ManagedSelector.java:606)
        at org.eclipse.jetty.io.ManagedSelector$SelectorProducer.produce(ManagedSelector.java:543)
        at org.eclipse.jetty.util.thread.strategy.EatWhatYouKill.produceTask(EatWhatYouKill.java:362)
        at org.eclipse.jetty.util.thread.strategy.EatWhatYouKill.doProduce(EatWhatYouKill.java:186)
        at org.eclipse.jetty.util.thread.strategy.EatWhatYouKill.tryProduce(EatWhatYouKill.java:173)
        at org.eclipse.jetty.util.thread.strategy.EatWhatYouKill.produce(EatWhatYouKill.java:137)
        at org.eclipse.jetty.io.ManagedSelector$$Lambda$476/1479867711.run(Unknown Source)
        at org.eclipse.jetty.util.thread.QueuedThreadPool.runJob(QueuedThreadPool.java:883)
        at org.eclipse.jetty.util.thread.QueuedThreadPool$Runner.run(QueuedThreadPool.java:1034)
        at java.lang.Thread.run(Thread.java:750)
"Command processor thread" daemon prio=5 tid=918 timed_waiting
java.lang.Thread.State: TIMED_WAITING
        at java.lang.Thread.sleep(Native Method)
        at org.apache.hadoop.ozone.container.common.statemachine.DatanodeStateMachine.lambda$initCommandHandlerThread$3(DatanodeStateMachine.java:649)
        at org.apache.hadoop.ozone.container.common.statemachine.DatanodeStateMachine$$Lambda$828/701559544.run(Unknown Source)
        at java.lang.Thread.run(Thread.java:750)
"PartialTableCache Cleanup Thread - 0" daemon prio=5 tid=401 in Object.wait()
java.lang.Thread.State: WAITING (on object monitor)
        at sun.misc.Unsafe.park(Native Method)
        at java.util.concurrent.locks.LockSupport.park(LockSupport.java:175)
        at java.util.concurrent.locks.AbstractQueuedSynchronizer$ConditionObject.await(AbstractQueuedSynchronizer.java:2039)
        at java.util.concurrent.LinkedBlockingQueue.take(LinkedBlockingQueue.java:442)
        at java.util.concurrent.ThreadPoolExecutor.getTask(ThreadPoolExecutor.java:1074)
        at java.util.concurrent.ThreadPoolExecutor.runWorker(ThreadPoolExecutor.java:1134)
        at java.util.concurrent.ThreadPoolExecutor$Worker.run(ThreadPoolExecutor.java:624)
        at java.lang.Thread.run(Thread.java:750)
"IPC Server listener on 0" daemon prio=5 tid=710 runnable
java.lang.Thread.State: RUNNABLE
        at sun.nio.ch.EPollArrayWrapper.epollWait(Native Method)
        at sun.nio.ch.EPollArrayWrapper.poll(EPollArrayWrapper.java:269)
        at sun.nio.ch.EPollSelectorImpl.doSelect(EPollSelectorImpl.java:93)
        at sun.nio.ch.SelectorImpl.lockAndDoSelect(SelectorImpl.java:86)
        at sun.nio.ch.SelectorImpl.select(SelectorImpl.java:97)
        at sun.nio.ch.SelectorImpl.select(SelectorImpl.java:101)
        at org.apache.hadoop.ipc.Server$Listener.run(Server.java:1404)
"JvmPauseMonitor6" daemon prio=5 tid=973 timed_waiting
java.lang.Thread.State: TIMED_WAITING
        at java.lang.Thread.sleep(Native Method)
        at java.lang.Thread.sleep(Thread.java:342)
        at java.util.concurrent.TimeUnit.sleep(TimeUnit.java:386)
        at org.apache.ratis.util.TimeDuration.sleep(TimeDuration.java:325)
        at org.apache.ratis.util.TimeDuration.sleep(TimeDuration.java:310)
        at org.apache.ratis.util.JvmPauseMonitor.detectPause(JvmPauseMonitor.java:119)
        at org.apache.ratis.util.JvmPauseMonitor.run(JvmPauseMonitor.java:108)
        at org.apache.ratis.util.JvmPauseMonitor$$Lambda$755/1344354863.run(Unknown Source)
        at java.lang.Thread.run(Thread.java:750)
"IPC Server handler 3 on default port 44187" daemon prio=5 tid=849 timed_waiting
java.lang.Thread.State: TIMED_WAITING
        at sun.misc.Unsafe.park(Native Method)
        at java.util.concurrent.locks.LockSupport.parkNanos(LockSupport.java:215)
        at java.util.concurrent.locks.AbstractQueuedSynchronizer$ConditionObject.awaitNanos(AbstractQueuedSynchronizer.java:2078)
        at java.util.concurrent.LinkedBlockingQueue.poll(LinkedBlockingQueue.java:467)
        at org.apache.hadoop.ipc.CallQueueManager.take(CallQueueManager.java:317)
        at org.apache.hadoop.ipc.Server$Handler.run(Server.java:2992)
"Session-HouseKeeper-7c62af60-1"  prio=5 tid=938 timed_waiting
java.lang.Thread.State: TIMED_WAITING
        at sun.misc.Unsafe.park(Native Method)
        at java.util.concurrent.locks.LockSupport.parkNanos(LockSupport.java:215)
        at java.util.concurrent.locks.AbstractQueuedSynchronizer$ConditionObject.awaitNanos(AbstractQueuedSynchronizer.java:2078)
        at java.util.concurrent.ScheduledThreadPoolExecutor$DelayedWorkQueue.take(ScheduledThreadPoolExecutor.java:1093)
        at java.util.concurrent.ScheduledThreadPoolExecutor$DelayedWorkQueue.take(ScheduledThreadPoolExecutor.java:809)
        at java.util.concurrent.ThreadPoolExecutor.getTask(ThreadPoolExecutor.java:1074)
        at java.util.concurrent.ThreadPoolExecutor.runWorker(ThreadPoolExecutor.java:1134)
        at java.util.concurrent.ThreadPoolExecutor$Worker.run(ThreadPoolExecutor.java:624)
        at java.lang.Thread.run(Thread.java:750)
"IPC Server handler 12 on default port 44187" daemon prio=5 tid=858 timed_waiting
java.lang.Thread.State: TIMED_WAITING
        at sun.misc.Unsafe.park(Native Method)
        at java.util.concurrent.locks.LockSupport.parkNanos(LockSupport.java:215)
        at java.util.concurrent.locks.AbstractQueuedSynchronizer$ConditionObject.awaitNanos(AbstractQueuedSynchronizer.java:2078)
        at java.util.concurrent.LinkedBlockingQueue.poll(LinkedBlockingQueue.java:467)
        at org.apache.hadoop.ipc.CallQueueManager.take(CallQueueManager.java:317)
        at org.apache.hadoop.ipc.Server$Handler.run(Server.java:2992)
"BlockDeletingService#1" daemon prio=5 tid=995 in Object.wait()
java.lang.Thread.State: WAITING (on object monitor)
        at sun.misc.Unsafe.park(Native Method)
        at java.util.concurrent.locks.LockSupport.park(LockSupport.java:175)
        at java.util.concurrent.locks.AbstractQueuedSynchronizer$ConditionObject.await(AbstractQueuedSynchronizer.java:2039)
        at java.util.concurrent.ScheduledThreadPoolExecutor$DelayedWorkQueue.take(ScheduledThreadPoolExecutor.java:1088)
        at java.util.concurrent.ScheduledThreadPoolExecutor$DelayedWorkQueue.take(ScheduledThreadPoolExecutor.java:809)
        at java.util.concurrent.ThreadPoolExecutor.getTask(ThreadPoolExecutor.java:1074)
        at java.util.concurrent.ThreadPoolExecutor.runWorker(ThreadPoolExecutor.java:1134)
        at java.util.concurrent.ThreadPoolExecutor$Worker.run(ThreadPoolExecutor.java:624)
        at java.lang.Thread.run(Thread.java:750)
"IPC Server handler 14 on default port 40595" daemon prio=5 tid=791 timed_waiting
java.lang.Thread.State: TIMED_WAITING
        at sun.misc.Unsafe.park(Native Method)
        at java.util.concurrent.locks.LockSupport.parkNanos(LockSupport.java:215)
        at java.util.concurrent.locks.AbstractQueuedSynchronizer$ConditionObject.awaitNanos(AbstractQueuedSynchronizer.java:2078)
        at java.util.concurrent.LinkedBlockingQueue.poll(LinkedBlockingQueue.java:467)
        at org.apache.hadoop.ipc.CallQueueManager.take(CallQueueManager.java:317)
        at org.apache.hadoop.ipc.Server$Handler.run(Server.java:2992)
"ChunkWriter-2-0" daemon prio=5 tid=970 in Object.wait()
java.lang.Thread.State: WAITING (on object monitor)
        at sun.misc.Unsafe.park(Native Method)
        at java.util.concurrent.locks.LockSupport.park(LockSupport.java:175)
        at java.util.concurrent.locks.AbstractQueuedSynchronizer$ConditionObject.await(AbstractQueuedSynchronizer.java:2039)
        at java.util.concurrent.LinkedBlockingDeque.takeFirst(LinkedBlockingDeque.java:492)
        at java.util.concurrent.LinkedBlockingDeque.take(LinkedBlockingDeque.java:680)
        at java.util.concurrent.ThreadPoolExecutor.getTask(ThreadPoolExecutor.java:1074)
        at java.util.concurrent.ThreadPoolExecutor.runWorker(ThreadPoolExecutor.java:1134)
        at java.util.concurrent.ThreadPoolExecutor$Worker.run(ThreadPoolExecutor.java:624)
        at java.lang.Thread.run(Thread.java:750)
"BackgroundPipelineScrubberThread" daemon prio=5 tid=704 timed_waiting
java.lang.Thread.State: TIMED_WAITING
        at java.lang.Object.wait(Native Method)
        at org.apache.hadoop.hdds.scm.ha.BackgroundSCMService.run(BackgroundSCMService.java:110)
        at org.apache.hadoop.hdds.scm.ha.BackgroundSCMService$$Lambda$409/1749018549.run(Unknown Source)
        at java.lang.Thread.run(Thread.java:750)
"Datanode ReportManager Thread - 1" daemon prio=5 tid=941 timed_waiting
java.lang.Thread.State: TIMED_WAITING
        at sun.misc.Unsafe.park(Native Method)
        at java.util.concurrent.locks.LockSupport.parkNanos(LockSupport.java:215)
        at java.util.concurrent.locks.AbstractQueuedSynchronizer$ConditionObject.awaitNanos(AbstractQueuedSynchronizer.java:2078)
        at java.util.concurrent.ScheduledThreadPoolExecutor$DelayedWorkQueue.take(ScheduledThreadPoolExecutor.java:1093)
        at java.util.concurrent.ScheduledThreadPoolExecutor$DelayedWorkQueue.take(ScheduledThreadPoolExecutor.java:809)
        at java.util.concurrent.ThreadPoolExecutor.getTask(ThreadPoolExecutor.java:1074)
        at java.util.concurrent.ThreadPoolExecutor.runWorker(ThreadPoolExecutor.java:1134)
        at java.util.concurrent.ThreadPoolExecutor$Worker.run(ThreadPoolExecutor.java:624)
        at java.lang.Thread.run(Thread.java:750)
"BlockDeletingService#8" daemon prio=5 tid=1005 in Object.wait()
java.lang.Thread.State: WAITING (on object monitor)
        at sun.misc.Unsafe.park(Native Method)
        at java.util.concurrent.locks.LockSupport.park(LockSupport.java:175)
        at java.util.concurrent.locks.AbstractQueuedSynchronizer$ConditionObject.await(AbstractQueuedSynchronizer.java:2039)
        at java.util.concurrent.ScheduledThreadPoolExecutor$DelayedWorkQueue.take(ScheduledThreadPoolExecutor.java:1088)
        at java.util.concurrent.ScheduledThreadPoolExecutor$DelayedWorkQueue.take(ScheduledThreadPoolExecutor.java:809)
        at java.util.concurrent.ThreadPoolExecutor.getTask(ThreadPoolExecutor.java:1074)
        at java.util.concurrent.ThreadPoolExecutor.runWorker(ThreadPoolExecutor.java:1134)
        at java.util.concurrent.ThreadPoolExecutor$Worker.run(ThreadPoolExecutor.java:624)
        at java.lang.Thread.run(Thread.java:750)
"Datanode State Machine Task Thread - 1"  prio=5 tid=966 in Object.wait()
java.lang.Thread.State: WAITING (on object monitor)
        at sun.misc.Unsafe.park(Native Method)
        at java.util.concurrent.locks.LockSupport.park(LockSupport.java:175)
        at java.util.concurrent.locks.AbstractQueuedSynchronizer$ConditionObject.await(AbstractQueuedSynchronizer.java:2039)
        at java.util.concurrent.LinkedBlockingQueue.take(LinkedBlockingQueue.java:442)
        at java.util.concurrent.ThreadPoolExecutor.getTask(ThreadPoolExecutor.java:1074)
        at java.util.concurrent.ThreadPoolExecutor.runWorker(ThreadPoolExecutor.java:1134)
        at java.util.concurrent.ThreadPoolExecutor$Worker.run(ThreadPoolExecutor.java:624)
        at java.lang.Thread.run(Thread.java:750)
"StaleRecoveringContainerScrubbingService#1" daemon prio=5 tid=978 in Object.wait()
java.lang.Thread.State: WAITING (on object monitor)
        at sun.misc.Unsafe.park(Native Method)
        at java.util.concurrent.locks.LockSupport.park(LockSupport.java:175)
        at java.util.concurrent.locks.AbstractQueuedSynchronizer$ConditionObject.await(AbstractQueuedSynchronizer.java:2039)
        at java.util.concurrent.ScheduledThreadPoolExecutor$DelayedWorkQueue.take(ScheduledThreadPoolExecutor.java:1088)
        at java.util.concurrent.ScheduledThreadPoolExecutor$DelayedWorkQueue.take(ScheduledThreadPoolExecutor.java:809)
        at java.util.concurrent.ThreadPoolExecutor.getTask(ThreadPoolExecutor.java:1074)
        at java.util.concurrent.ThreadPoolExecutor.runWorker(ThreadPoolExecutor.java:1134)
        at java.util.concurrent.ThreadPoolExecutor$Worker.run(ThreadPoolExecutor.java:624)
        at java.lang.Thread.run(Thread.java:750)
"FixedThreadPoolWithAffinityExecutor-7-0" daemon prio=5 tid=732 timed_waiting
java.lang.Thread.State: TIMED_WAITING
        at sun.misc.Unsafe.park(Native Method)
        at java.util.concurrent.locks.LockSupport.parkNanos(LockSupport.java:215)
        at java.util.concurrent.locks.AbstractQueuedSynchronizer$ConditionObject.awaitNanos(AbstractQueuedSynchronizer.java:2078)
        at java.util.concurrent.LinkedBlockingQueue.poll(LinkedBlockingQueue.java:467)
        at org.apache.hadoop.hdds.scm.server.ContainerReportQueue.poll(ContainerReportQueue.java:266)
        at org.apache.hadoop.hdds.scm.server.ContainerReportQueue.poll(ContainerReportQueue.java:42)
        at org.apache.hadoop.hdds.server.events.FixedThreadPoolWithAffinityExecutor$ContainerReportProcessTask.run(FixedThreadPoolWithAffinityExecutor.java:247)
        at java.util.concurrent.Executors$RunnableAdapter.call(Executors.java:511)
        at java.util.concurrent.FutureTask.run(FutureTask.java:266)
        at java.util.concurrent.ThreadPoolExecutor.runWorker(ThreadPoolExecutor.java:1149)
        at java.util.concurrent.ThreadPoolExecutor$Worker.run(ThreadPoolExecutor.java:624)
        at java.lang.Thread.run(Thread.java:750)
"SCM Heartbeat Processing Thread - 0" daemon prio=5 tid=702 timed_waiting
java.lang.Thread.State: TIMED_WAITING
        at sun.misc.Unsafe.park(Native Method)
        at java.util.concurrent.locks.LockSupport.parkNanos(LockSupport.java:215)
        at java.util.concurrent.locks.AbstractQueuedSynchronizer$ConditionObject.awaitNanos(AbstractQueuedSynchronizer.java:2078)
        at java.util.concurrent.ScheduledThreadPoolExecutor$DelayedWorkQueue.take(ScheduledThreadPoolExecutor.java:1093)
        at java.util.concurrent.ScheduledThreadPoolExecutor$DelayedWorkQueue.take(ScheduledThreadPoolExecutor.java:809)
        at java.util.concurrent.ThreadPoolExecutor.getTask(ThreadPoolExecutor.java:1074)
        at java.util.concurrent.ThreadPoolExecutor.runWorker(ThreadPoolExecutor.java:1134)
        at java.util.concurrent.ThreadPoolExecutor$Worker.run(ThreadPoolExecutor.java:624)
        at java.lang.Thread.run(Thread.java:750)
"DeleteBlocksCommandHandlerThread-0"  prio=5 tid=1133 in Object.wait()
java.lang.Thread.State: WAITING (on object monitor)
        at sun.misc.Unsafe.park(Native Method)
        at java.util.concurrent.locks.LockSupport.park(LockSupport.java:175)
        at java.util.concurrent.locks.AbstractQueuedSynchronizer$ConditionObject.await(AbstractQueuedSynchronizer.java:2039)
        at java.util.concurrent.LinkedBlockingQueue.take(LinkedBlockingQueue.java:442)
        at java.util.concurrent.ThreadPoolExecutor.getTask(ThreadPoolExecutor.java:1074)
        at java.util.concurrent.ThreadPoolExecutor.runWorker(ThreadPoolExecutor.java:1134)
        at java.util.concurrent.ThreadPoolExecutor$Worker.run(ThreadPoolExecutor.java:624)
        at java.lang.Thread.run(Thread.java:750)
"15488c1c-ff1a-49f6-9596-cf663845e1ec-client-thread2" daemon prio=5 tid=1071 timed_waiting
java.lang.Thread.State: TIMED_WAITING
        at sun.misc.Unsafe.park(Native Method)
        at java.util.concurrent.locks.LockSupport.parkNanos(LockSupport.java:215)
        at java.util.concurrent.SynchronousQueue$TransferStack.awaitFulfill(SynchronousQueue.java:460)
        at java.util.concurrent.SynchronousQueue$TransferStack.transfer(SynchronousQueue.java:362)
        at java.util.concurrent.SynchronousQueue.poll(SynchronousQueue.java:941)
        at java.util.concurrent.ThreadPoolExecutor.getTask(ThreadPoolExecutor.java:1073)
        at java.util.concurrent.ThreadPoolExecutor.runWorker(ThreadPoolExecutor.java:1134)
        at java.util.concurrent.ThreadPoolExecutor$Worker.run(ThreadPoolExecutor.java:624)
        at java.lang.Thread.run(Thread.java:750)
"StaleRecoveringContainerScrubbingService#0" daemon prio=5 tid=994 timed_waiting
java.lang.Thread.State: TIMED_WAITING
        at sun.misc.Unsafe.park(Native Method)
        at java.util.concurrent.locks.LockSupport.parkNanos(LockSupport.java:215)
        at java.util.concurrent.locks.AbstractQueuedSynchronizer$ConditionObject.awaitNanos(AbstractQueuedSynchronizer.java:2078)
        at java.util.concurrent.ScheduledThreadPoolExecutor$DelayedWorkQueue.take(ScheduledThreadPoolExecutor.java:1093)
        at java.util.concurrent.ScheduledThreadPoolExecutor$DelayedWorkQueue.take(ScheduledThreadPoolExecutor.java:809)
        at java.util.concurrent.ThreadPoolExecutor.getTask(ThreadPoolExecutor.java:1074)
        at java.util.concurrent.ThreadPoolExecutor.runWorker(ThreadPoolExecutor.java:1134)
        at java.util.concurrent.ThreadPoolExecutor$Worker.run(ThreadPoolExecutor.java:624)
        at java.lang.Thread.run(Thread.java:750)
"RatisPipelineUtilsThread - 0"  prio=5 tid=703 timed_waiting
java.lang.Thread.State: TIMED_WAITING
        at java.lang.Object.wait(Native Method)
        at org.apache.hadoop.hdds.scm.pipeline.BackgroundPipelineCreator.run(BackgroundPipelineCreator.java:176)
        at org.apache.hadoop.hdds.scm.pipeline.BackgroundPipelineCreator$$Lambda$406/852143641.run(Unknown Source)
        at java.lang.Thread.run(Thread.java:750)
"ContainerOp-47ca2eb6-cbc1-4dd0-8b98-7a7bec77320f-9"  prio=5 tid=1105 in Object.wait()
java.lang.Thread.State: WAITING (on object monitor)
        at sun.misc.Unsafe.park(Native Method)
        at java.util.concurrent.locks.LockSupport.park(LockSupport.java:175)
        at java.util.concurrent.locks.AbstractQueuedSynchronizer$ConditionObject.await(AbstractQueuedSynchronizer.java:2039)
        at java.util.concurrent.LinkedBlockingQueue.take(LinkedBlockingQueue.java:442)
        at java.util.concurrent.ThreadPoolExecutor.getTask(ThreadPoolExecutor.java:1074)
        at java.util.concurrent.ThreadPoolExecutor.runWorker(ThreadPoolExecutor.java:1134)
        at java.util.concurrent.ThreadPoolExecutor$Worker.run(ThreadPoolExecutor.java:624)
        at java.lang.Thread.run(Thread.java:750)
"Session-HouseKeeper-4d69e42d-1"  prio=5 tid=911 timed_waiting
java.lang.Thread.State: TIMED_WAITING
        at sun.misc.Unsafe.park(Native Method)
        at java.util.concurrent.locks.LockSupport.parkNanos(LockSupport.java:215)
        at java.util.concurrent.locks.AbstractQueuedSynchronizer$ConditionObject.awaitNanos(AbstractQueuedSynchronizer.java:2078)
        at java.util.concurrent.ScheduledThreadPoolExecutor$DelayedWorkQueue.take(ScheduledThreadPoolExecutor.java:1093)
        at java.util.concurrent.ScheduledThreadPoolExecutor$DelayedWorkQueue.take(ScheduledThreadPoolExecutor.java:809)
        at java.util.concurrent.ThreadPoolExecutor.getTask(ThreadPoolExecutor.java:1074)
        at java.util.concurrent.ThreadPoolExecutor.runWorker(ThreadPoolExecutor.java:1134)
        at java.util.concurrent.ThreadPoolExecutor$Worker.run(ThreadPoolExecutor.java:624)
        at java.lang.Thread.run(Thread.java:750)
"IPC Server handler 0 on default port 40595" daemon prio=5 tid=777 timed_waiting
java.lang.Thread.State: TIMED_WAITING
        at sun.misc.Unsafe.park(Native Method)
        at java.util.concurrent.locks.LockSupport.parkNanos(LockSupport.java:215)
        at java.util.concurrent.locks.AbstractQueuedSynchronizer$ConditionObject.awaitNanos(AbstractQueuedSynchronizer.java:2078)
        at java.util.concurrent.LinkedBlockingQueue.poll(LinkedBlockingQueue.java:467)
        at org.apache.hadoop.ipc.CallQueueManager.take(CallQueueManager.java:317)
        at org.apache.hadoop.ipc.Server$Handler.run(Server.java:2992)
"Datanode State Machine Task Thread - 0"  prio=5 tid=920 in Object.wait()
java.lang.Thread.State: WAITING (on object monitor)
        at sun.misc.Unsafe.park(Native Method)
        at java.util.concurrent.locks.LockSupport.park(LockSupport.java:175)
        at java.util.concurrent.locks.AbstractQueuedSynchronizer$ConditionObject.await(AbstractQueuedSynchronizer.java:2039)
        at java.util.concurrent.LinkedBlockingQueue.take(LinkedBlockingQueue.java:442)
        at java.util.concurrent.ThreadPoolExecutor.getTask(ThreadPoolExecutor.java:1074)
        at java.util.concurrent.ThreadPoolExecutor.runWorker(ThreadPoolExecutor.java:1134)
        at java.util.concurrent.ThreadPoolExecutor$Worker.run(ThreadPoolExecutor.java:624)
        at java.lang.Thread.run(Thread.java:750)
"qtp28114465-839" daemon prio=5 tid=839 timed_waiting
java.lang.Thread.State: TIMED_WAITING
        at sun.misc.Unsafe.park(Native Method)
        at java.util.concurrent.locks.LockSupport.parkNanos(LockSupport.java:215)
        at java.util.concurrent.locks.AbstractQueuedSynchronizer$ConditionObject.awaitNanos(AbstractQueuedSynchronizer.java:2078)
        at org.eclipse.jetty.util.BlockingArrayQueue.poll(BlockingArrayQueue.java:382)
        at org.eclipse.jetty.util.thread.QueuedThreadPool$Runner.idleJobPoll(QueuedThreadPool.java:974)
        at org.eclipse.jetty.util.thread.QueuedThreadPool$Runner.run(QueuedThreadPool.java:1018)
        at java.lang.Thread.run(Thread.java:750)
"IPC Server Responder" daemon prio=5 tid=718 runnable
java.lang.Thread.State: RUNNABLE
        at sun.nio.ch.EPollArrayWrapper.epollWait(Native Method)
        at sun.nio.ch.EPollArrayWrapper.poll(EPollArrayWrapper.java:269)
        at sun.nio.ch.EPollSelectorImpl.doSelect(EPollSelectorImpl.java:93)
        at sun.nio.ch.SelectorImpl.lockAndDoSelect(SelectorImpl.java:86)
        at sun.nio.ch.SelectorImpl.select(SelectorImpl.java:97)
        at org.apache.hadoop.ipc.Server$Responder.doRunLoop(Server.java:1578)
        at org.apache.hadoop.ipc.Server$Responder.run(Server.java:1561)
"DeleteBlocksCommandHandlerThread-4"  prio=5 tid=1162 in Object.wait()
java.lang.Thread.State: WAITING (on object monitor)
        at sun.misc.Unsafe.park(Native Method)
        at java.util.concurrent.locks.LockSupport.park(LockSupport.java:175)
        at java.util.concurrent.locks.AbstractQueuedSynchronizer$ConditionObject.await(AbstractQueuedSynchronizer.java:2039)
        at java.util.concurrent.LinkedBlockingQueue.take(LinkedBlockingQueue.java:442)
        at java.util.concurrent.ThreadPoolExecutor.getTask(ThreadPoolExecutor.java:1074)
        at java.util.concurrent.ThreadPoolExecutor.runWorker(ThreadPoolExecutor.java:1134)
        at java.util.concurrent.ThreadPoolExecutor$Worker.run(ThreadPoolExecutor.java:624)
        at java.lang.Thread.run(Thread.java:750)
"Periodic HDDS volume checker" daemon prio=5 tid=895 timed_waiting
java.lang.Thread.State: TIMED_WAITING
        at sun.misc.Unsafe.park(Native Method)
        at java.util.concurrent.locks.LockSupport.parkNanos(LockSupport.java:215)
        at java.util.concurrent.locks.AbstractQueuedSynchronizer$ConditionObject.awaitNanos(AbstractQueuedSynchronizer.java:2078)
        at java.util.concurrent.ScheduledThreadPoolExecutor$DelayedWorkQueue.take(ScheduledThreadPoolExecutor.java:1093)
        at java.util.concurrent.ScheduledThreadPoolExecutor$DelayedWorkQueue.take(ScheduledThreadPoolExecutor.java:809)
        at java.util.concurrent.ThreadPoolExecutor.getTask(ThreadPoolExecutor.java:1074)
        at java.util.concurrent.ThreadPoolExecutor.runWorker(ThreadPoolExecutor.java:1134)
        at java.util.concurrent.ThreadPoolExecutor$Worker.run(ThreadPoolExecutor.java:624)
        at java.lang.Thread.run(Thread.java:750)
"FixedThreadPoolWithAffinityExecutor-2-0" daemon prio=5 tid=727 timed_waiting
java.lang.Thread.State: TIMED_WAITING
        at sun.misc.Unsafe.park(Native Method)
        at java.util.concurrent.locks.LockSupport.parkNanos(LockSupport.java:215)
        at java.util.concurrent.locks.AbstractQueuedSynchronizer$ConditionObject.awaitNanos(AbstractQueuedSynchronizer.java:2078)
        at java.util.concurrent.LinkedBlockingQueue.poll(LinkedBlockingQueue.java:467)
        at org.apache.hadoop.hdds.scm.server.ContainerReportQueue.poll(ContainerReportQueue.java:266)
        at org.apache.hadoop.hdds.scm.server.ContainerReportQueue.poll(ContainerReportQueue.java:42)
        at org.apache.hadoop.hdds.server.events.FixedThreadPoolWithAffinityExecutor$ContainerReportProcessTask.run(FixedThreadPoolWithAffinityExecutor.java:247)
        at java.util.concurrent.Executors$RunnableAdapter.call(Executors.java:511)
        at java.util.concurrent.FutureTask.run(FutureTask.java:266)
        at java.util.concurrent.ThreadPoolExecutor.runWorker(ThreadPoolExecutor.java:1149)
        at java.util.concurrent.ThreadPoolExecutor$Worker.run(ThreadPoolExecutor.java:624)
        at java.lang.Thread.run(Thread.java:750)
"qtp1734331657-935" daemon prio=5 tid=935 timed_waiting
java.lang.Thread.State: TIMED_WAITING
        at sun.misc.Unsafe.park(Native Method)
        at java.util.concurrent.locks.LockSupport.parkNanos(LockSupport.java:215)
        at java.util.concurrent.locks.AbstractQueuedSynchronizer$ConditionObject.awaitNanos(AbstractQueuedSynchronizer.java:2078)
        at org.eclipse.jetty.util.BlockingArrayQueue.poll(BlockingArrayQueue.java:382)
        at org.eclipse.jetty.util.thread.QueuedThreadPool$Runner.idleJobPoll(QueuedThreadPool.java:974)
        at org.eclipse.jetty.util.thread.QueuedThreadPool$Runner.run(QueuedThreadPool.java:1018)
        at java.lang.Thread.run(Thread.java:750)
"EventQueue-PipelineReportForPipelineReportHandler" daemon prio=5 tid=1015 in Object.wait()
java.lang.Thread.State: WAITING (on object monitor)
        at sun.misc.Unsafe.park(Native Method)
        at java.util.concurrent.locks.LockSupport.park(LockSupport.java:175)
        at java.util.concurrent.locks.AbstractQueuedSynchronizer$ConditionObject.await(AbstractQueuedSynchronizer.java:2039)
        at java.util.concurrent.LinkedBlockingQueue.take(LinkedBlockingQueue.java:442)
        at java.util.concurrent.ThreadPoolExecutor.getTask(ThreadPoolExecutor.java:1074)
        at java.util.concurrent.ThreadPoolExecutor.runWorker(ThreadPoolExecutor.java:1134)
        at java.util.concurrent.ThreadPoolExecutor$Worker.run(ThreadPoolExecutor.java:624)
        at java.lang.Thread.run(Thread.java:750)
"IPC Server handler 17 on default port 40595" daemon prio=5 tid=794 timed_waiting
java.lang.Thread.State: TIMED_WAITING
        at sun.misc.Unsafe.park(Native Method)
        at java.util.concurrent.locks.LockSupport.parkNanos(LockSupport.java:215)
        at java.util.concurrent.locks.AbstractQueuedSynchronizer$ConditionObject.awaitNanos(AbstractQueuedSynchronizer.java:2078)
        at java.util.concurrent.LinkedBlockingQueue.poll(LinkedBlockingQueue.java:467)
        at org.apache.hadoop.ipc.CallQueueManager.take(CallQueueManager.java:317)
        at org.apache.hadoop.ipc.Server$Handler.run(Server.java:2992)
"EventQueue-DeleteBlockStatusForDeletedBlockLogImpl" daemon prio=5 tid=1139 in Object.wait()
java.lang.Thread.State: WAITING (on object monitor)
        at sun.misc.Unsafe.park(Native Method)
        at java.util.concurrent.locks.LockSupport.park(LockSupport.java:175)
        at java.util.concurrent.locks.AbstractQueuedSynchronizer$ConditionObject.await(AbstractQueuedSynchronizer.java:2039)
        at java.util.concurrent.LinkedBlockingQueue.take(LinkedBlockingQueue.java:442)
        at java.util.concurrent.ThreadPoolExecutor.getTask(ThreadPoolExecutor.java:1074)
        at java.util.concurrent.ThreadPoolExecutor.runWorker(ThreadPoolExecutor.java:1134)
        at java.util.concurrent.ThreadPoolExecutor$Worker.run(ThreadPoolExecutor.java:624)
        at java.lang.Thread.run(Thread.java:750)
"BlockDeletingService#7" daemon prio=5 tid=1003 in Object.wait()
java.lang.Thread.State: WAITING (on object monitor)
        at sun.misc.Unsafe.park(Native Method)
        at java.util.concurrent.locks.LockSupport.park(LockSupport.java:175)
        at java.util.concurrent.locks.AbstractQueuedSynchronizer$ConditionObject.await(AbstractQueuedSynchronizer.java:2039)
        at java.util.concurrent.ScheduledThreadPoolExecutor$DelayedWorkQueue.take(ScheduledThreadPoolExecutor.java:1088)
        at java.util.concurrent.ScheduledThreadPoolExecutor$DelayedWorkQueue.take(ScheduledThreadPoolExecutor.java:809)
        at java.util.concurrent.ThreadPoolExecutor.getTask(ThreadPoolExecutor.java:1074)
        at java.util.concurrent.ThreadPoolExecutor.runWorker(ThreadPoolExecutor.java:1134)
        at java.util.concurrent.ThreadPoolExecutor$Worker.run(ThreadPoolExecutor.java:624)
        at java.lang.Thread.run(Thread.java:750)
"Hadoop-Metrics-Updater-0" daemon prio=5 tid=719 timed_waiting
java.lang.Thread.State: TIMED_WAITING
        at sun.misc.Unsafe.park(Native Method)
        at java.util.concurrent.locks.LockSupport.parkNanos(LockSupport.java:215)
        at java.util.concurrent.locks.AbstractQueuedSynchronizer$ConditionObject.awaitNanos(AbstractQueuedSynchronizer.java:2078)
        at java.util.concurrent.ScheduledThreadPoolExecutor$DelayedWorkQueue.take(ScheduledThreadPoolExecutor.java:1093)
        at java.util.concurrent.ScheduledThreadPoolExecutor$DelayedWorkQueue.take(ScheduledThreadPoolExecutor.java:809)
        at java.util.concurrent.ThreadPoolExecutor.getTask(ThreadPoolExecutor.java:1074)
        at java.util.concurrent.ThreadPoolExecutor.runWorker(ThreadPoolExecutor.java:1134)
        at java.util.concurrent.ThreadPoolExecutor$Worker.run(ThreadPoolExecutor.java:624)
        at java.lang.Thread.run(Thread.java:750)
"15488c1c-ff1a-49f6-9596-cf663845e1ec-client-thread1" daemon prio=5 tid=1069 timed_waiting
java.lang.Thread.State: TIMED_WAITING
        at sun.misc.Unsafe.park(Native Method)
        at java.util.concurrent.locks.LockSupport.parkNanos(LockSupport.java:215)
        at java.util.concurrent.SynchronousQueue$TransferStack.awaitFulfill(SynchronousQueue.java:460)
        at java.util.concurrent.SynchronousQueue$TransferStack.transfer(SynchronousQueue.java:362)
        at java.util.concurrent.SynchronousQueue.poll(SynchronousQueue.java:941)
        at java.util.concurrent.ThreadPoolExecutor.getTask(ThreadPoolExecutor.java:1073)
        at java.util.concurrent.ThreadPoolExecutor.runWorker(ThreadPoolExecutor.java:1134)
        at java.util.concurrent.ThreadPoolExecutor$Worker.run(ThreadPoolExecutor.java:624)
        at java.lang.Thread.run(Thread.java:750)
"SnapshotDeletingService#0" daemon prio=5 tid=835 timed_waiting
java.lang.Thread.State: TIMED_WAITING
        at sun.misc.Unsafe.park(Native Method)
        at java.util.concurrent.locks.LockSupport.parkNanos(LockSupport.java:215)
        at java.util.concurrent.locks.AbstractQueuedSynchronizer$ConditionObject.awaitNanos(AbstractQueuedSynchronizer.java:2078)
        at java.util.concurrent.ScheduledThreadPoolExecutor$DelayedWorkQueue.take(ScheduledThreadPoolExecutor.java:1093)
        at java.util.concurrent.ScheduledThreadPoolExecutor$DelayedWorkQueue.take(ScheduledThreadPoolExecutor.java:809)
        at java.util.concurrent.ThreadPoolExecutor.getTask(ThreadPoolExecutor.java:1074)
        at java.util.concurrent.ThreadPoolExecutor.runWorker(ThreadPoolExecutor.java:1134)
        at java.util.concurrent.ThreadPoolExecutor$Worker.run(ThreadPoolExecutor.java:624)
        at java.lang.Thread.run(Thread.java:750)
"DeleteBlocksCommandHandlerThread-0"  prio=5 tid=1158 in Object.wait()
java.lang.Thread.State: WAITING (on object monitor)
        at sun.misc.Unsafe.park(Native Method)
        at java.util.concurrent.locks.LockSupport.park(LockSupport.java:175)
        at java.util.concurrent.locks.AbstractQueuedSynchronizer$ConditionObject.await(AbstractQueuedSynchronizer.java:2039)
        at java.util.concurrent.LinkedBlockingQueue.take(LinkedBlockingQueue.java:442)
        at java.util.concurrent.ThreadPoolExecutor.getTask(ThreadPoolExecutor.java:1074)
        at java.util.concurrent.ThreadPoolExecutor.runWorker(ThreadPoolExecutor.java:1134)
        at java.util.concurrent.ThreadPoolExecutor$Worker.run(ThreadPoolExecutor.java:624)
        at java.lang.Thread.run(Thread.java:750)
"IPC Server handler 14 on default port 46503" daemon prio=5 tid=771 timed_waiting
java.lang.Thread.State: TIMED_WAITING
        at sun.misc.Unsafe.park(Native Method)
        at java.util.concurrent.locks.LockSupport.parkNanos(LockSupport.java:215)
        at java.util.concurrent.locks.AbstractQueuedSynchronizer$ConditionObject.awaitNanos(AbstractQueuedSynchronizer.java:2078)
        at java.util.concurrent.LinkedBlockingQueue.poll(LinkedBlockingQueue.java:467)
        at org.apache.hadoop.ipc.CallQueueManager.take(CallQueueManager.java:317)
        at org.apache.hadoop.ipc.Server$Handler.run(Server.java:2992)
"pool-222-thread-1"  prio=5 tid=836 timed_waiting
java.lang.Thread.State: TIMED_WAITING
        at sun.misc.Unsafe.park(Native Method)
        at java.util.concurrent.locks.LockSupport.parkNanos(LockSupport.java:215)
        at java.util.concurrent.locks.AbstractQueuedSynchronizer$ConditionObject.awaitNanos(AbstractQueuedSynchronizer.java:2078)
        at java.util.concurrent.ScheduledThreadPoolExecutor$DelayedWorkQueue.take(ScheduledThreadPoolExecutor.java:1093)
        at java.util.concurrent.ScheduledThreadPoolExecutor$DelayedWorkQueue.take(ScheduledThreadPoolExecutor.java:809)
        at java.util.concurrent.ThreadPoolExecutor.getTask(ThreadPoolExecutor.java:1074)
        at java.util.concurrent.ThreadPoolExecutor.runWorker(ThreadPoolExecutor.java:1134)
        at java.util.concurrent.ThreadPoolExecutor$Worker.run(ThreadPoolExecutor.java:624)
        at java.lang.Thread.run(Thread.java:750)
"IPC Server handler 17 on default port 46503" daemon prio=5 tid=774 timed_waiting
java.lang.Thread.State: TIMED_WAITING
        at sun.misc.Unsafe.park(Native Method)
        at java.util.concurrent.locks.LockSupport.parkNanos(LockSupport.java:215)
        at java.util.concurrent.locks.AbstractQueuedSynchronizer$ConditionObject.awaitNanos(AbstractQueuedSynchronizer.java:2078)
        at java.util.concurrent.LinkedBlockingQueue.poll(LinkedBlockingQueue.java:467)
        at org.apache.hadoop.ipc.CallQueueManager.take(CallQueueManager.java:317)
        at org.apache.hadoop.ipc.Server$Handler.run(Server.java:2992)
"KeyDeletingService#0" daemon prio=5 tid=831 timed_waiting
java.lang.Thread.State: TIMED_WAITING
        at sun.misc.Unsafe.park(Native Method)
        at java.util.concurrent.locks.LockSupport.parkNanos(LockSupport.java:215)
        at java.util.concurrent.locks.AbstractQueuedSynchronizer$ConditionObject.awaitNanos(AbstractQueuedSynchronizer.java:2078)
        at java.util.concurrent.ScheduledThreadPoolExecutor$DelayedWorkQueue.take(ScheduledThreadPoolExecutor.java:1093)
        at java.util.concurrent.ScheduledThreadPoolExecutor$DelayedWorkQueue.take(ScheduledThreadPoolExecutor.java:809)
        at java.util.concurrent.ThreadPoolExecutor.getTask(ThreadPoolExecutor.java:1074)
        at java.util.concurrent.ThreadPoolExecutor.runWorker(ThreadPoolExecutor.java:1134)
        at java.util.concurrent.ThreadPoolExecutor$Worker.run(ThreadPoolExecutor.java:624)
        at java.lang.Thread.run(Thread.java:750)
"timer0" daemon prio=5 tid=392 timed_waiting
java.lang.Thread.State: TIMED_WAITING
        at java.lang.Object.wait(Native Method)
        at java.util.TimerThread.mainLoop(Timer.java:552)
        at java.util.TimerThread.run(Timer.java:505)
"ContainerOp-47ca2eb6-cbc1-4dd0-8b98-7a7bec77320f-6"  prio=5 tid=1093 in Object.wait()
java.lang.Thread.State: WAITING (on object monitor)
        at sun.misc.Unsafe.park(Native Method)
        at java.util.concurrent.locks.LockSupport.park(LockSupport.java:175)
        at java.util.concurrent.locks.AbstractQueuedSynchronizer$ConditionObject.await(AbstractQueuedSynchronizer.java:2039)
        at java.util.concurrent.LinkedBlockingQueue.take(LinkedBlockingQueue.java:442)
        at java.util.concurrent.ThreadPoolExecutor.getTask(ThreadPoolExecutor.java:1074)
        at java.util.concurrent.ThreadPoolExecutor.runWorker(ThreadPoolExecutor.java:1134)
        at java.util.concurrent.ThreadPoolExecutor$Worker.run(ThreadPoolExecutor.java:624)
        at java.lang.Thread.run(Thread.java:750)
"grpc-default-executor-5" daemon prio=5 tid=1053 timed_waiting
java.lang.Thread.State: TIMED_WAITING
        at sun.misc.Unsafe.park(Native Method)
        at java.util.concurrent.locks.LockSupport.parkNanos(LockSupport.java:215)
        at java.util.concurrent.SynchronousQueue$TransferStack.awaitFulfill(SynchronousQueue.java:460)
        at java.util.concurrent.SynchronousQueue$TransferStack.transfer(SynchronousQueue.java:362)
        at java.util.concurrent.SynchronousQueue.poll(SynchronousQueue.java:941)
        at java.util.concurrent.ThreadPoolExecutor.getTask(ThreadPoolExecutor.java:1073)
        at java.util.concurrent.ThreadPoolExecutor.runWorker(ThreadPoolExecutor.java:1134)
        at java.util.concurrent.ThreadPoolExecutor$Worker.run(ThreadPoolExecutor.java:624)
        at java.lang.Thread.run(Thread.java:750)
"FixedThreadPoolWithAffinityExecutor-4-0" daemon prio=5 tid=729 timed_waiting
java.lang.Thread.State: TIMED_WAITING
        at sun.misc.Unsafe.park(Native Method)
        at java.util.concurrent.locks.LockSupport.parkNanos(LockSupport.java:215)
        at java.util.concurrent.locks.AbstractQueuedSynchronizer$ConditionObject.awaitNanos(AbstractQueuedSynchronizer.java:2078)
        at java.util.concurrent.LinkedBlockingQueue.poll(LinkedBlockingQueue.java:467)
        at org.apache.hadoop.hdds.scm.server.ContainerReportQueue.poll(ContainerReportQueue.java:266)
        at org.apache.hadoop.hdds.scm.server.ContainerReportQueue.poll(ContainerReportQueue.java:42)
        at org.apache.hadoop.hdds.server.events.FixedThreadPoolWithAffinityExecutor$ContainerReportProcessTask.run(FixedThreadPoolWithAffinityExecutor.java:247)
        at java.util.concurrent.Executors$RunnableAdapter.call(Executors.java:511)
        at java.util.concurrent.FutureTask.run(FutureTask.java:266)
        at java.util.concurrent.ThreadPoolExecutor.runWorker(ThreadPoolExecutor.java:1149)
        at java.util.concurrent.ThreadPoolExecutor$Worker.run(ThreadPoolExecutor.java:624)
        at java.lang.Thread.run(Thread.java:750)
"pool-191-thread-1"  prio=5 tid=800 timed_waiting
java.lang.Thread.State: TIMED_WAITING
        at sun.misc.Unsafe.park(Native Method)
        at java.util.concurrent.locks.LockSupport.parkNanos(LockSupport.java:215)
        at java.util.concurrent.locks.AbstractQueuedSynchronizer$ConditionObject.awaitNanos(AbstractQueuedSynchronizer.java:2078)
        at java.util.concurrent.ScheduledThreadPoolExecutor$DelayedWorkQueue.take(ScheduledThreadPoolExecutor.java:1093)
        at java.util.concurrent.ScheduledThreadPoolExecutor$DelayedWorkQueue.take(ScheduledThreadPoolExecutor.java:809)
        at java.util.concurrent.ThreadPoolExecutor.getTask(ThreadPoolExecutor.java:1074)
        at java.util.concurrent.ThreadPoolExecutor.runWorker(ThreadPoolExecutor.java:1134)
        at java.util.concurrent.ThreadPoolExecutor$Worker.run(ThreadPoolExecutor.java:624)
        at java.lang.Thread.run(Thread.java:750)
"ContainerOp-47ca2eb6-cbc1-4dd0-8b98-7a7bec77320f-9"  prio=5 tid=1101 in Object.wait()
java.lang.Thread.State: WAITING (on object monitor)
        at sun.misc.Unsafe.park(Native Method)
        at java.util.concurrent.locks.LockSupport.park(LockSupport.java:175)
        at java.util.concurrent.locks.AbstractQueuedSynchronizer$ConditionObject.await(AbstractQueuedSynchronizer.java:2039)
        at java.util.concurrent.LinkedBlockingQueue.take(LinkedBlockingQueue.java:442)
        at java.util.concurrent.ThreadPoolExecutor.getTask(ThreadPoolExecutor.java:1074)
        at java.util.concurrent.ThreadPoolExecutor.runWorker(ThreadPoolExecutor.java:1134)
        at java.util.concurrent.ThreadPoolExecutor$Worker.run(ThreadPoolExecutor.java:624)
        at java.lang.Thread.run(Thread.java:750)
"ChunkWriter-0-0" daemon prio=5 tid=954 in Object.wait()
java.lang.Thread.State: WAITING (on object monitor)
        at sun.misc.Unsafe.park(Native Method)
        at java.util.concurrent.locks.LockSupport.park(LockSupport.java:175)
        at java.util.concurrent.locks.AbstractQueuedSynchronizer$ConditionObject.await(AbstractQueuedSynchronizer.java:2039)
        at java.util.concurrent.LinkedBlockingDeque.takeFirst(LinkedBlockingDeque.java:492)
        at java.util.concurrent.LinkedBlockingDeque.take(LinkedBlockingDeque.java:680)
        at java.util.concurrent.ThreadPoolExecutor.getTask(ThreadPoolExecutor.java:1074)
        at java.util.concurrent.ThreadPoolExecutor.runWorker(ThreadPoolExecutor.java:1134)
        at java.util.concurrent.ThreadPoolExecutor$Worker.run(ThreadPoolExecutor.java:624)
        at java.lang.Thread.run(Thread.java:750)
"IPC Server handler 17 on default port 41211" daemon prio=5 tid=754 timed_waiting
java.lang.Thread.State: TIMED_WAITING
        at sun.misc.Unsafe.park(Native Method)
        at java.util.concurrent.locks.LockSupport.parkNanos(LockSupport.java:215)
        at java.util.concurrent.locks.AbstractQueuedSynchronizer$ConditionObject.awaitNanos(AbstractQueuedSynchronizer.java:2078)
        at java.util.concurrent.LinkedBlockingQueue.poll(LinkedBlockingQueue.java:467)
        at org.apache.hadoop.ipc.CallQueueManager.take(CallQueueManager.java:317)
        at org.apache.hadoop.ipc.Server$Handler.run(Server.java:2992)
"bc0378cf-3bdb-433c-bc8f-db90f0932c02-client-thread1" daemon prio=5 tid=1132 timed_waiting
java.lang.Thread.State: TIMED_WAITING
        at sun.misc.Unsafe.park(Native Method)
        at java.util.concurrent.locks.LockSupport.parkNanos(LockSupport.java:215)
        at java.util.concurrent.SynchronousQueue$TransferStack.awaitFulfill(SynchronousQueue.java:460)
        at java.util.concurrent.SynchronousQueue$TransferStack.transfer(SynchronousQueue.java:362)
        at java.util.concurrent.SynchronousQueue.poll(SynchronousQueue.java:941)
        at java.util.concurrent.ThreadPoolExecutor.getTask(ThreadPoolExecutor.java:1073)
        at java.util.concurrent.ThreadPoolExecutor.runWorker(ThreadPoolExecutor.java:1134)
        at java.util.concurrent.ThreadPoolExecutor$Worker.run(ThreadPoolExecutor.java:624)
        at java.lang.Thread.run(Thread.java:750)
"PartialTableCache Cleanup Thread - 0" daemon prio=5 tid=1123 in Object.wait()
java.lang.Thread.State: WAITING (on object monitor)
        at sun.misc.Unsafe.park(Native Method)
        at java.util.concurrent.locks.LockSupport.park(LockSupport.java:175)
        at java.util.concurrent.locks.AbstractQueuedSynchronizer$ConditionObject.await(AbstractQueuedSynchronizer.java:2039)
        at java.util.concurrent.LinkedBlockingQueue.take(LinkedBlockingQueue.java:442)
        at java.util.concurrent.ThreadPoolExecutor.getTask(ThreadPoolExecutor.java:1074)
        at java.util.concurrent.ThreadPoolExecutor.runWorker(ThreadPoolExecutor.java:1134)
        at java.util.concurrent.ThreadPoolExecutor$Worker.run(ThreadPoolExecutor.java:624)
        at java.lang.Thread.run(Thread.java:750)
"Socket Reader #1 for port 0"  prio=5 tid=716 runnable
java.lang.Thread.State: RUNNABLE
        at sun.nio.ch.EPollArrayWrapper.epollWait(Native Method)
        at sun.nio.ch.EPollArrayWrapper.poll(EPollArrayWrapper.java:269)
        at sun.nio.ch.EPollSelectorImpl.doSelect(EPollSelectorImpl.java:93)
        at sun.nio.ch.SelectorImpl.lockAndDoSelect(SelectorImpl.java:86)
        at sun.nio.ch.SelectorImpl.select(SelectorImpl.java:97)
        at sun.nio.ch.SelectorImpl.select(SelectorImpl.java:101)
        at org.apache.hadoop.ipc.Server$Listener$Reader.doRunLoop(Server.java:1342)
        at org.apache.hadoop.ipc.Server$Listener$Reader.run(Server.java:1321)
"org.apache.hadoop.util.JvmPauseMonitor$Monitor@23fdc1e0" daemon prio=5 tid=946 timed_waiting
java.lang.Thread.State: TIMED_WAITING
        at java.lang.Thread.sleep(Native Method)
        at org.apache.hadoop.util.JvmPauseMonitor$Monitor.run(JvmPauseMonitor.java:192)
        at java.lang.Thread.run(Thread.java:750)
"Reference Handler" daemon prio=10 tid=2 in Object.wait()
java.lang.Thread.State: WAITING (on object monitor)
        at java.lang.Object.wait(Native Method)
        at java.lang.Object.wait(Object.java:502)
        at java.lang.ref.Reference.tryHandlePending(Reference.java:191)
        at java.lang.ref.Reference$ReferenceHandler.run(Reference.java:153)
"EventQueue-NodeRegistrationContainerReportForDataNodeSafeModeRule" daemon prio=5 tid=1014 in Object.wait()
java.lang.Thread.State: WAITING (on object monitor)
        at sun.misc.Unsafe.park(Native Method)
        at java.util.concurrent.locks.LockSupport.park(LockSupport.java:175)
        at java.util.concurrent.locks.AbstractQueuedSynchronizer$ConditionObject.await(AbstractQueuedSynchronizer.java:2039)
        at java.util.concurrent.LinkedBlockingQueue.take(LinkedBlockingQueue.java:442)
        at java.util.concurrent.ThreadPoolExecutor.getTask(ThreadPoolExecutor.java:1074)
        at java.util.concurrent.ThreadPoolExecutor.runWorker(ThreadPoolExecutor.java:1134)
        at java.util.concurrent.ThreadPoolExecutor$Worker.run(ThreadPoolExecutor.java:624)
        at java.lang.Thread.run(Thread.java:750)
"ChunkReader-ELG-0" daemon prio=5 tid=992 runnable
java.lang.Thread.State: RUNNABLE
        at org.apache.ratis.thirdparty.io.netty.channel.epoll.Native.epollWait(Native Method)
        at org.apache.ratis.thirdparty.io.netty.channel.epoll.Native.epollWait(Native.java:209)
        at org.apache.ratis.thirdparty.io.netty.channel.epoll.Native.epollWait(Native.java:202)
        at org.apache.ratis.thirdparty.io.netty.channel.epoll.EpollEventLoop.epollWaitNoTimerChange(EpollEventLoop.java:294)
        at org.apache.ratis.thirdparty.io.netty.channel.epoll.EpollEventLoop.run(EpollEventLoop.java:351)
        at org.apache.ratis.thirdparty.io.netty.util.concurrent.SingleThreadEventExecutor$4.run(SingleThreadEventExecutor.java:995)
        at org.apache.ratis.thirdparty.io.netty.util.internal.ThreadExecutorMap$2.run(ThreadExecutorMap.java:74)
        at java.lang.Thread.run(Thread.java:750)
"qtp396186148-904-acceptor-0@37777c42-ServerConnector@5e741bad{HTTP/1.1, (http/1.1)}{0.0.0.0:44091}" daemon prio=3 tid=904 runnable
java.lang.Thread.State: RUNNABLE
        at sun.nio.ch.ServerSocketChannelImpl.accept0(Native Method)
        at sun.nio.ch.ServerSocketChannelImpl.accept(ServerSocketChannelImpl.java:421)
        at sun.nio.ch.ServerSocketChannelImpl.accept(ServerSocketChannelImpl.java:249)
        at org.eclipse.jetty.server.ServerConnector.accept(ServerConnector.java:388)
        at org.eclipse.jetty.server.AbstractConnector$Acceptor.run(AbstractConnector.java:704)
        at org.eclipse.jetty.util.thread.QueuedThreadPool.runJob(QueuedThreadPool.java:883)
        at org.eclipse.jetty.util.thread.QueuedThreadPool$Runner.run(QueuedThreadPool.java:1034)
        at java.lang.Thread.run(Thread.java:750)
"IPC Server handler 5 on default port 40595" daemon prio=5 tid=782 timed_waiting
java.lang.Thread.State: TIMED_WAITING
        at sun.misc.Unsafe.park(Native Method)
        at java.util.concurrent.locks.LockSupport.parkNanos(LockSupport.java:215)
        at java.util.concurrent.locks.AbstractQueuedSynchronizer$ConditionObject.awaitNanos(AbstractQueuedSynchronizer.java:2078)
        at java.util.concurrent.LinkedBlockingQueue.poll(LinkedBlockingQueue.java:467)
        at org.apache.hadoop.ipc.CallQueueManager.take(CallQueueManager.java:317)
        at org.apache.hadoop.ipc.Server$Handler.run(Server.java:2992)
"grpc-default-executor-0" daemon prio=5 tid=1024 timed_waiting
java.lang.Thread.State: TIMED_WAITING
        at sun.misc.Unsafe.park(Native Method)
        at java.util.concurrent.locks.LockSupport.parkNanos(LockSupport.java:215)
        at java.util.concurrent.SynchronousQueue$TransferStack.awaitFulfill(SynchronousQueue.java:460)
        at java.util.concurrent.SynchronousQueue$TransferStack.transfer(SynchronousQueue.java:362)
        at java.util.concurrent.SynchronousQueue.poll(SynchronousQueue.java:941)
        at java.util.concurrent.ThreadPoolExecutor.getTask(ThreadPoolExecutor.java:1073)
        at java.util.concurrent.ThreadPoolExecutor.runWorker(ThreadPoolExecutor.java:1134)
        at java.util.concurrent.ThreadPoolExecutor$Worker.run(ThreadPoolExecutor.java:624)
        at java.lang.Thread.run(Thread.java:750)


	at org.apache.ozone.test.GenericTestUtils.waitFor(GenericTestUtils.java:231)
	at org.apache.hadoop.ozone.container.common.statemachine.commandhandler.TestBlockDeletion.testBlockDeletion(TestBlockDeletion.java:260)
	at sun.reflect.NativeMethodAccessorImpl.invoke0(Native Method)
	at sun.reflect.NativeMethodAccessorImpl.invoke(NativeMethodAccessorImpl.java:62)
	at sun.reflect.DelegatingMethodAccessorImpl.invoke(DelegatingMethodAccessorImpl.java:43)
	at java.lang.reflect.Method.invoke(Method.java:498)
	at org.junit.platform.commons.util.ReflectionUtils.invokeMethod(ReflectionUtils.java:725)
	at org.junit.jupiter.engine.execution.MethodInvocation.proceed(MethodInvocation.java:60)
	at org.junit.jupiter.engine.execution.InvocationInterceptorChain$ValidatingInvocation.proceed(InvocationInterceptorChain.java:131)
	at org.junit.jupiter.engine.extension.TimeoutExtension.intercept(TimeoutExtension.java:149)
	at org.junit.jupiter.engine.extension.TimeoutExtension.interceptTestableMethod(TimeoutExtension.java:140)
	at org.junit.jupiter.engine.extension.TimeoutExtension.interceptTestTemplateMethod(TimeoutExtension.java:92)
	at org.junit.jupiter.engine.execution.ExecutableInvoker$ReflectiveInterceptorCall.lambda$ofVoidMethod$0(ExecutableInvoker.java:115)
	at org.junit.jupiter.engine.execution.ExecutableInvoker.lambda$invoke$0(ExecutableInvoker.java:105)
	at org.junit.jupiter.engine.execution.InvocationInterceptorChain$InterceptedInvocation.proceed(InvocationInterceptorChain.java:106)
	at org.junit.jupiter.engine.execution.InvocationInterceptorChain.proceed(InvocationInterceptorChain.java:64)
	at org.junit.jupiter.engine.execution.InvocationInterceptorChain.chainAndInvoke(InvocationInterceptorChain.java:45)
	at org.junit.jupiter.engine.execution.InvocationInterceptorChain.invoke(InvocationInterceptorChain.java:37)
	at org.junit.jupiter.engine.execution.ExecutableInvoker.invoke(ExecutableInvoker.java:104)
	at org.junit.jupiter.engine.execution.ExecutableInvoker.invoke(ExecutableInvoker.java:98)
	at org.junit.jupiter.engine.descriptor.TestMethodTestDescriptor.lambda$invokeTestMethod$7(TestMethodTestDescriptor.java:214)
	at org.junit.platform.engine.support.hierarchical.ThrowableCollector.execute(ThrowableCollector.java:73)
	at org.junit.jupiter.engine.descriptor.TestMethodTestDescriptor.invokeTestMethod(TestMethodTestDescriptor.java:210)
	at org.junit.jupiter.engine.descriptor.TestMethodTestDescriptor.execute(TestMethodTestDescriptor.java:135)
	at org.junit.jupiter.engine.descriptor.TestMethodTestDescriptor.execute(TestMethodTestDescriptor.java:66)
	at org.junit.platform.engine.support.hierarchical.NodeTestTask.lambda$executeRecursively$6(NodeTestTask.java:151)
	at org.junit.platform.engine.support.hierarchical.ThrowableCollector.execute(ThrowableCollector.java:73)
	at org.junit.platform.engine.support.hierarchical.NodeTestTask.lambda$executeRecursively$8(NodeTestTask.java:141)
	at org.junit.platform.engine.support.hierarchical.Node.around(Node.java:137)
	at org.junit.platform.engine.support.hierarchical.NodeTestTask.lambda$executeRecursively$9(NodeTestTask.java:139)
	at org.junit.platform.engine.support.hierarchical.ThrowableCollector.execute(ThrowableCollector.java:73)
	at org.junit.platform.engine.support.hierarchical.NodeTestTask.executeRecursively(NodeTestTask.java:138)
	at org.junit.platform.engine.support.hierarchical.NodeTestTask.execute(NodeTestTask.java:95)
	at org.junit.platform.engine.support.hierarchical.SameThreadHierarchicalTestExecutorService.submit(SameThreadHierarchicalTestExecutorService.java:35)
	at org.junit.platform.engine.support.hierarchical.NodeTestTask$DefaultDynamicTestExecutor.execute(NodeTestTask.java:226)
	at org.junit.platform.engine.support.hierarchical.NodeTestTask$DefaultDynamicTestExecutor.execute(NodeTestTask.java:204)
	at org.junit.jupiter.engine.descriptor.TestTemplateTestDescriptor.execute(TestTemplateTestDescriptor.java:139)
	at org.junit.jupiter.engine.descriptor.TestTemplateTestDescriptor.lambda$execute$2(TestTemplateTestDescriptor.java:107)
	at java.util.stream.ForEachOps$ForEachOp$OfRef.accept(ForEachOps.java:183)
	at java.util.stream.ReferencePipeline$3$1.accept(ReferencePipeline.java:193)
	at java.util.stream.ReferencePipeline$2$1.accept(ReferencePipeline.java:175)
	at java.util.stream.ReferencePipeline$3$1.accept(ReferencePipeline.java:193)
	at java.util.stream.ForEachOps$ForEachOp$OfRef.accept(ForEachOps.java:183)
	at java.util.stream.ReferencePipeline$3$1.accept(ReferencePipeline.java:193)
	at java.util.stream.ReferencePipeline$3$1.accept(ReferencePipeline.java:193)
	at java.util.stream.ReferencePipeline$3$1.accept(ReferencePipeline.java:193)
	at java.util.stream.ForEachOps$ForEachOp$OfRef.accept(ForEachOps.java:183)
	at java.util.stream.ReferencePipeline$3$1.accept(ReferencePipeline.java:193)
	at java.util.Spliterators$ArraySpliterator.forEachRemaining(Spliterators.java:948)
	at java.util.stream.ReferencePipeline$Head.forEach(ReferencePipeline.java:647)
	at java.util.stream.ReferencePipeline$7$1.accept(ReferencePipeline.java:272)
	at java.util.stream.ReferencePipeline$3$1.accept(ReferencePipeline.java:193)
	at java.util.stream.ReferencePipeline$3$1.accept(ReferencePipeline.java:193)
	at java.util.Spliterators$ArraySpliterator.forEachRemaining(Spliterators.java:948)
	at java.util.stream.AbstractPipeline.copyInto(AbstractPipeline.java:482)
	at java.util.stream.AbstractPipeline.wrapAndCopyInto(AbstractPipeline.java:472)
	at java.util.stream.ForEachOps$ForEachOp.evaluateSequential(ForEachOps.java:150)
	at java.util.stream.ForEachOps$ForEachOp$OfRef.evaluateSequential(ForEachOps.java:173)
	at java.util.stream.AbstractPipeline.evaluate(AbstractPipeline.java:234)
	at java.util.stream.ReferencePipeline.forEach(ReferencePipeline.java:485)
	at java.util.stream.ReferencePipeline$7$1.accept(ReferencePipeline.java:272)
	at java.util.stream.ReferencePipeline$3$1.accept(ReferencePipeline.java:193)
	at java.util.stream.ReferencePipeline$3$1.accept(ReferencePipeline.java:193)
	at java.util.stream.ReferencePipeline$3$1.accept(ReferencePipeline.java:193)
	at java.util.ArrayList$ArrayListSpliterator.forEachRemaining(ArrayList.java:1384)
	at java.util.stream.AbstractPipeline.copyInto(AbstractPipeline.java:482)
	at java.util.stream.AbstractPipeline.wrapAndCopyInto(AbstractPipeline.java:472)
	at java.util.stream.ForEachOps$ForEachOp.evaluateSequential(ForEachOps.java:150)
	at java.util.stream.ForEachOps$ForEachOp$OfRef.evaluateSequential(ForEachOps.java:173)
	at java.util.stream.AbstractPipeline.evaluate(AbstractPipeline.java:234)
	at java.util.stream.ReferencePipeline.forEach(ReferencePipeline.java:485)
	at java.util.stream.ReferencePipeline$7$1.accept(ReferencePipeline.java:272)
	at java.util.ArrayList$ArrayListSpliterator.forEachRemaining(ArrayList.java:1384)
	at java.util.stream.AbstractPipeline.copyInto(AbstractPipeline.java:482)
	at java.util.stream.AbstractPipeline.wrapAndCopyInto(AbstractPipeline.java:472)
	at java.util.stream.ForEachOps$ForEachOp.evaluateSequential(ForEachOps.java:150)
	at java.util.stream.ForEachOps$ForEachOp$OfRef.evaluateSequential(ForEachOps.java:173)
	at java.util.stream.AbstractPipeline.evaluate(AbstractPipeline.java:234)
	at java.util.stream.ReferencePipeline.forEach(ReferencePipeline.java:485)
	at org.junit.jupiter.engine.descriptor.TestTemplateTestDescriptor.execute(TestTemplateTestDescriptor.java:107)
	at org.junit.jupiter.engine.descriptor.TestTemplateTestDescriptor.execute(TestTemplateTestDescriptor.java:42)
	at org.junit.platform.engine.support.hierarchical.NodeTestTask.lambda$executeRecursively$6(NodeTestTask.java:151)
	at org.junit.platform.engine.support.hierarchical.ThrowableCollector.execute(ThrowableCollector.java:73)
	at org.junit.platform.engine.support.hierarchical.NodeTestTask.lambda$executeRecursively$8(NodeTestTask.java:141)
	at org.junit.platform.engine.support.hierarchical.Node.around(Node.java:137)
	at org.junit.platform.engine.support.hierarchical.NodeTestTask.lambda$executeRecursively$9(NodeTestTask.java:139)
	at org.junit.platform.engine.support.hierarchical.ThrowableCollector.execute(ThrowableCollector.java:73)
	at org.junit.platform.engine.support.hierarchical.NodeTestTask.executeRecursively(NodeTestTask.java:138)
	at org.junit.platform.engine.support.hierarchical.NodeTestTask.execute(NodeTestTask.java:95)
	at java.util.ArrayList.forEach(ArrayList.java:1259)
	at org.junit.platform.engine.support.hierarchical.SameThreadHierarchicalTestExecutorService.invokeAll(SameThreadHierarchicalTestExecutorService.java:41)
	at org.junit.platform.engine.support.hierarchical.NodeTestTask.lambda$executeRecursively$6(NodeTestTask.java:155)
	at org.junit.platform.engine.support.hierarchical.ThrowableCollector.execute(ThrowableCollector.java:73)
	at org.junit.platform.engine.support.hierarchical.NodeTestTask.lambda$executeRecursively$8(NodeTestTask.java:141)
	at org.junit.platform.engine.support.hierarchical.Node.around(Node.java:137)
	at org.junit.platform.engine.support.hierarchical.NodeTestTask.lambda$executeRecursively$9(NodeTestTask.java:139)
	at org.junit.platform.engine.support.hierarchical.ThrowableCollector.execute(ThrowableCollector.java:73)
	at org.junit.platform.engine.support.hierarchical.NodeTestTask.executeRecursively(NodeTestTask.java:138)
	at org.junit.platform.engine.support.hierarchical.NodeTestTask.execute(NodeTestTask.java:95)
	at java.util.ArrayList.forEach(ArrayList.java:1259)
	at org.junit.platform.engine.support.hierarchical.SameThreadHierarchicalTestExecutorService.invokeAll(SameThreadHierarchicalTestExecutorService.java:41)
	at org.junit.platform.engine.support.hierarchical.NodeTestTask.lambda$executeRecursively$6(NodeTestTask.java:155)
	at org.junit.platform.engine.support.hierarchical.ThrowableCollector.execute(ThrowableCollector.java:73)
	at org.junit.platform.engine.support.hierarchical.NodeTestTask.lambda$executeRecursively$8(NodeTestTask.java:141)
	at org.junit.platform.engine.support.hierarchical.Node.around(Node.java:137)
	at org.junit.platform.engine.support.hierarchical.NodeTestTask.lambda$executeRecursively$9(NodeTestTask.java:139)
	at org.junit.platform.engine.support.hierarchical.ThrowableCollector.execute(ThrowableCollector.java:73)
	at org.junit.platform.engine.support.hierarchical.NodeTestTask.executeRecursively(NodeTestTask.java:138)
	at org.junit.platform.engine.support.hierarchical.NodeTestTask.execute(NodeTestTask.java:95)
	at org.junit.platform.engine.support.hierarchical.SameThreadHierarchicalTestExecutorService.submit(SameThreadHierarchicalTestExecutorService.java:35)
	at org.junit.platform.engine.support.hierarchical.HierarchicalTestExecutor.execute(HierarchicalTestExecutor.java:57)
	at org.junit.platform.engine.support.hierarchical.HierarchicalTestEngine.execute(HierarchicalTestEngine.java:54)
	at org.junit.platform.launcher.core.EngineExecutionOrchestrator.execute(EngineExecutionOrchestrator.java:107)
	at org.junit.platform.launcher.core.EngineExecutionOrchestrator.execute(EngineExecutionOrchestrator.java:88)
	at org.junit.platform.launcher.core.EngineExecutionOrchestrator.lambda$execute$0(EngineExecutionOrchestrator.java:54)
	at org.junit.platform.launcher.core.EngineExecutionOrchestrator.withInterceptedStreams(EngineExecutionOrchestrator.java:67)
	at org.junit.platform.launcher.core.EngineExecutionOrchestrator.execute(EngineExecutionOrchestrator.java:52)
	at org.junit.platform.launcher.core.DefaultLauncher.execute(DefaultLauncher.java:114)
	at org.junit.platform.launcher.core.DefaultLauncher.execute(DefaultLauncher.java:86)
	at org.junit.platform.launcher.core.DefaultLauncherSession$DelegatingLauncher.execute(DefaultLauncherSession.java:86)
	at org.junit.platform.launcher.core.SessionPerRequestLauncher.execute(SessionPerRequestLauncher.java:53)
	at org.apache.maven.surefire.junitplatform.JUnitPlatformProvider.execute(JUnitPlatformProvider.java:188)
	at org.apache.maven.surefire.junitplatform.JUnitPlatformProvider.invokeAllTests(JUnitPlatformProvider.java:154)
	at org.apache.maven.surefire.junitplatform.JUnitPlatformProvider.invoke(JUnitPlatformProvider.java:124)
	at org.apache.maven.surefire.booter.ForkedBooter.runSuitesInProcess(ForkedBooter.java:428)
	at org.apache.maven.surefire.booter.ForkedBooter.execute(ForkedBooter.java:162)
	at org.apache.maven.surefire.booter.ForkedBooter.run(ForkedBooter.java:562)
	at org.apache.maven.surefire.booter.ForkedBooter.main(ForkedBooter.java:548)
]]></error>
    <system-out><![CDATA[2023-04-19 02:32:36,401 [Listener at 127.0.0.1/42295] WARN  server.ServerUtils (ServerUtils.java:getScmDbDir(148)) - ozone.scm.db.dirs is not configured. We recommend adding this setting. Falling back to ozone.metadata.dirs instead.
2023-04-19 02:32:36,403 [Listener at 127.0.0.1/42295] WARN  server.ServerUtils (ServerUtils.java:getScmDbDir(148)) - ozone.scm.db.dirs is not configured. We recommend adding this setting. Falling back to ozone.metadata.dirs instead.
2023-04-19 02:32:36,403 [Listener at 127.0.0.1/42295] INFO  ha.SCMHANodeDetails (SCMHANodeDetails.java:loadSCMHAConfig(209)) - ServiceID for StorageContainerManager is null
2023-04-19 02:32:36,404 [Listener at 127.0.0.1/42295] INFO  ha.SCMHANodeDetails (SCMHANodeDetails.java:loadSCMHAConfig(214)) - ozone.scm.default.service.id is not defined, falling back to ozone.scm.service.ids to find serviceID for StorageContainerManager if it is HA enabled cluster
2023-04-19 02:32:36,404 [Listener at 127.0.0.1/42295] WARN  utils.HAUtils (HAUtils.java:getMetaDir(342)) - ozone.scm.db.dirs is not configured. We recommend adding this setting. Falling back to ozone.metadata.dirs instead.
2023-04-19 02:32:36,405 [Listener at 127.0.0.1/42295] WARN  db.DBStoreBuilder (DBStoreBuilder.java:applyDBDefinition(182)) - ozone.scm.db.dirs is not configured. We recommend adding this setting. Falling back to ozone.metadata.dirs instead.
2023-04-19 02:32:36,495 [Listener at 127.0.0.1/42295] INFO  net.NodeSchemaLoader (NodeSchemaLoader.java:loadSchemaFromFile(129)) - Loading schema from [jar:file:/home/runner/.m2/repository/org/apache/ozone/hdds-common/1.4.0-SNAPSHOT/hdds-common-1.4.0-SNAPSHOT.jar!/network-topology-default.xml]
2023-04-19 02:32:36,495 [Listener at 127.0.0.1/42295] INFO  net.NodeSchemaLoader (NodeSchemaLoader.java:loadSchema(176)) - Loading network topology layer schema file
2023-04-19 02:32:36,498 [Listener at 127.0.0.1/42295] INFO  upgrade.AbstractLayoutVersionManager (AbstractLayoutVersionManager.java:init(83)) - Initializing Layout version manager with metadata layout = WEBUI_PORTS_IN_DATANODEDETAILS (version = 6), software layout = WEBUI_PORTS_IN_DATANODEDETAILS (version = 6)
2023-04-19 02:32:36,551 [Listener at 127.0.0.1/42295] INFO  reflections.Reflections (Reflections.java:scan(232)) - Reflections took 51 ms to scan 7 urls, producing 156 keys and 369 values 
2023-04-19 02:32:36,553 [Listener at 127.0.0.1/42295] INFO  ha.SequenceIdGenerator (SequenceIdGenerator.java:upgradeToSequenceId(349)) - upgrade localId to 111677748019200000
2023-04-19 02:32:36,553 [Listener at 127.0.0.1/42295] INFO  ha.SequenceIdGenerator (SequenceIdGenerator.java:upgradeToSequenceId(359)) - upgrade delTxnId to 0
2023-04-19 02:32:36,553 [Listener at 127.0.0.1/42295] INFO  ha.SequenceIdGenerator (SequenceIdGenerator.java:upgradeToSequenceId(376)) - upgrade containerId to 0
2023-04-19 02:32:36,553 [Listener at 127.0.0.1/42295] INFO  ha.SequenceIdGenerator (SequenceIdGenerator.java:<init>(220)) - Init the HA SequenceIdGenerator.
2023-04-19 02:32:36,554 [Listener at 127.0.0.1/42295] INFO  node.SCMNodeManager (SCMNodeManager.java:<init>(156)) - Entering startup safe mode.
2023-04-19 02:32:36,555 [Listener at 127.0.0.1/42295] INFO  algorithms.ContainerPlacementPolicyFactory (ContainerPlacementPolicyFactory.java:getPolicyInternal(86)) - Create container placement policy of type org.apache.hadoop.hdds.scm.container.placement.algorithms.SCMContainerPlacementRackAware
2023-04-19 02:32:36,555 [Listener at 127.0.0.1/42295] INFO  algorithms.ContainerPlacementPolicyFactory (ContainerPlacementPolicyFactory.java:getPolicyInternal(86)) - Create container placement policy of type org.apache.hadoop.hdds.scm.container.placement.algorithms.SCMContainerPlacementRackScatter
2023-04-19 02:32:36,555 [Listener at 127.0.0.1/42295] INFO  pipeline.PipelineStateManagerImpl (PipelineStateManagerImpl.java:initialize(78)) - No pipeline exists in current db
2023-04-19 02:32:36,555 [Listener at 127.0.0.1/42295] INFO  algorithms.LeaderChoosePolicyFactory (LeaderChoosePolicyFactory.java:getPolicy(57)) - Create leader choose policy of type org.apache.hadoop.hdds.scm.pipeline.leader.choose.algorithms.MinLeaderCountChoosePolicy
2023-04-19 02:32:36,556 [Listener at 127.0.0.1/42295] INFO  algorithms.ContainerPlacementPolicyFactory (ContainerPlacementPolicyFactory.java:getPolicyInternal(86)) - Create container placement policy of type org.apache.hadoop.hdds.scm.container.placement.algorithms.SCMContainerPlacementRackScatter
2023-04-19 02:32:36,556 [Listener at 127.0.0.1/42295] INFO  ha.SCMServiceManager (SCMServiceManager.java:register(42)) - Registering service BackgroundPipelineCreator.
2023-04-19 02:32:36,556 [Listener at 127.0.0.1/42295] INFO  pipeline.BackgroundPipelineCreator (BackgroundPipelineCreator.java:start(124)) - Starting RatisPipelineUtilsThread.
2023-04-19 02:32:36,557 [Listener at 127.0.0.1/42295] INFO  BackgroundPipelineScrubber (BackgroundSCMService.java:start(68)) - Starting BackgroundPipelineScrubber Service.
2023-04-19 02:32:36,557 [Listener at 127.0.0.1/42295] INFO  ha.SCMServiceManager (SCMServiceManager.java:register(42)) - Registering service BackgroundPipelineScrubber.
2023-04-19 02:32:36,557 [Listener at 127.0.0.1/42295] INFO  ExpiredContainerReplicaOpScrubber (BackgroundSCMService.java:start(68)) - Starting ExpiredContainerReplicaOpScrubber Service.
2023-04-19 02:32:36,557 [Listener at 127.0.0.1/42295] INFO  ha.SCMServiceManager (SCMServiceManager.java:register(42)) - Registering service ExpiredContainerReplicaOpScrubber.
2023-04-19 02:32:36,559 [Listener at 127.0.0.1/42295] INFO  algorithms.PipelineChoosePolicyFactory (PipelineChoosePolicyFactory.java:createPipelineChoosePolicyFromClass(73)) - Create pipeline choose policy of type org.apache.hadoop.hdds.scm.pipeline.choose.algorithms.RandomPipelineChoosePolicy
2023-04-19 02:32:36,559 [Listener at 127.0.0.1/42295] INFO  ha.SCMServiceManager (SCMServiceManager.java:register(42)) - Registering service SCMBlockDeletingService.
2023-04-19 02:32:36,560 [Listener at 127.0.0.1/42295] INFO  replication.ReplicationManager (ReplicationManager.java:start(288)) - Starting Replication Monitor Thread.
2023-04-19 02:32:36,564 [Listener at 127.0.0.1/42295] INFO  ha.SCMServiceManager (SCMServiceManager.java:register(42)) - Registering service ReplicationManager.
2023-04-19 02:32:36,565 [ReplicationMonitor] INFO  replication.ReplicationManager (ReplicationManager.java:processAll(363)) - Replication Manager is not ready to run until 3000ms after safemode exit
2023-04-19 02:32:36,565 [Listener at 127.0.0.1/42295] INFO  safemode.ContainerSafeModeRule (ContainerSafeModeRule.java:<init>(89)) - containers with one replica threshold count 0
2023-04-19 02:32:36,565 [Listener at 127.0.0.1/42295] INFO  safemode.HealthyPipelineSafeModeRule (HealthyPipelineSafeModeRule.java:initializeRule(169)) - Total pipeline count is 0, healthy pipeline threshold count is 1
2023-04-19 02:32:36,566 [Listener at 127.0.0.1/42295] INFO  safemode.OneReplicaPipelineSafeModeRule (OneReplicaPipelineSafeModeRule.java:initializeRule(180)) - Total pipeline count is 0, pipeline's with at least one datanode reported threshold count is 0
2023-04-19 02:32:36,566 [Listener at 127.0.0.1/42295] INFO  server.StorageContainerManager (StorageContainerManager.java:<init>(403)) - SCM start with adminUsers: [runner]
2023-04-19 02:32:36,567 [Listener at 127.0.0.1/42295] INFO  ipc.CallQueueManager (CallQueueManager.java:<init>(90)) - Using callQueue: class java.util.concurrent.LinkedBlockingQueue, queueCapacity: 2000, scheduler: class org.apache.hadoop.ipc.DefaultRpcScheduler, ipcBackoff: false.
2023-04-19 02:32:36,567 [Socket Reader #1 for port 0] INFO  ipc.Server (Server.java:run(1319)) - Starting Socket Reader #1 for port 0
2023-04-19 02:32:36,569 [Listener at 0.0.0.0/40595] INFO  ipc.CallQueueManager (CallQueueManager.java:<init>(90)) - Using callQueue: class java.util.concurrent.LinkedBlockingQueue, queueCapacity: 2000, scheduler: class org.apache.hadoop.ipc.DefaultRpcScheduler, ipcBackoff: false.
2023-04-19 02:32:36,569 [Socket Reader #1 for port 0] INFO  ipc.Server (Server.java:run(1319)) - Starting Socket Reader #1 for port 0
2023-04-19 02:32:36,570 [Listener at 0.0.0.0/46503] INFO  ipc.CallQueueManager (CallQueueManager.java:<init>(90)) - Using callQueue: class java.util.concurrent.LinkedBlockingQueue, queueCapacity: 2000, scheduler: class org.apache.hadoop.ipc.DefaultRpcScheduler, ipcBackoff: false.
2023-04-19 02:32:36,571 [Socket Reader #1 for port 0] INFO  ipc.Server (Server.java:run(1319)) - Starting Socket Reader #1 for port 0
2023-04-19 02:32:36,575 [Listener at 0.0.0.0/41211] INFO  ha.SCMServiceManager (SCMServiceManager.java:register(42)) - Registering service ContainerBalancer.
2023-04-19 02:32:36,575 [Listener at 0.0.0.0/41211] INFO  server.StorageContainerManager (StorageContainerManager.java:<init>(420)) - 
Container Balancer status:
Key                            Value
Running                        false
Container Balancer Configuration values:
Key                                                Value
Threshold                                          10
Max Datanodes to Involve per Iteration(percent)    20
Max Size to Move per Iteration                     500GB
Max Size Entering Target per Iteration             26GB
Max Size Leaving Source per Iteration              26GB

2023-04-19 02:32:36,575 [Listener at 0.0.0.0/41211] INFO  ha.SCMContext (SCMContext.java:updateSafeModeStatus(228)) - Update SafeModeStatus from SafeModeStatus{safeModeStatus=true, preCheckPassed=false} to SafeModeStatus{safeModeStatus=true, preCheckPassed=false}.
2023-04-19 02:32:36,576 [Listener at 0.0.0.0/41211] INFO  server.StorageContainerManager (StorageContainerManager.java:start(1477)) - StorageContainerLocationProtocol RPC server is listening at /0.0.0.0:41211
2023-04-19 02:32:36,578 [Listener at 0.0.0.0/41211] WARN  impl.MetricsConfig (MetricsConfig.java:loadFirst(136)) - Cannot locate configuration: tried hadoop-metrics2-storagecontainermanager.properties,hadoop-metrics2.properties
2023-04-19 02:32:36,579 [Listener at 0.0.0.0/41211] INFO  impl.MetricsSystemImpl (MetricsSystemImpl.java:startTimer(378)) - Scheduled Metric snapshot period at 10 second(s).
2023-04-19 02:32:36,579 [Listener at 0.0.0.0/41211] INFO  impl.MetricsSystemImpl (MetricsSystemImpl.java:start(191)) - StorageContainerManager metrics system started
2023-04-19 02:32:36,600 [Listener at 0.0.0.0/41211] INFO  impl.MetricsSinkAdapter (MetricsSinkAdapter.java:start(204)) - Sink prometheus started
2023-04-19 02:32:36,601 [Listener at 0.0.0.0/41211] INFO  impl.MetricsSystemImpl (MetricsSystemImpl.java:registerSink(305)) - Registered sink prometheus
2023-04-19 02:32:36,613 [Listener at 0.0.0.0/41211] INFO  server.SCMClientProtocolServer (SCMClientProtocolServer.java:start(197)) - RPC server for Client  is listening at /0.0.0.0:41211
2023-04-19 02:32:36,616 [IPC Server Responder] INFO  ipc.Server (Server.java:run(1558)) - IPC Server Responder: starting
2023-04-19 02:32:36,616 [IPC Server listener on 0] INFO  ipc.Server (Server.java:run(1398)) - IPC Server listener on 0: starting
2023-04-19 02:32:36,626 [Listener at 0.0.0.0/41211] INFO  server.StorageContainerManager (StorageContainerManager.java:start(1491)) - ScmBlockLocationProtocol RPC server is listening at /0.0.0.0:46503
2023-04-19 02:32:36,627 [Listener at 0.0.0.0/41211] INFO  server.SCMBlockProtocolServer (SCMBlockProtocolServer.java:start(152)) - RPC server for Block Protocol is listening at /0.0.0.0:46503
2023-04-19 02:32:36,628 [IPC Server Responder] INFO  ipc.Server (Server.java:run(1558)) - IPC Server Responder: starting
2023-04-19 02:32:36,628 [IPC Server listener on 0] INFO  ipc.Server (Server.java:run(1398)) - IPC Server listener on 0: starting
2023-04-19 02:32:36,633 [Listener at 0.0.0.0/41211] INFO  server.SCMDatanodeProtocolServer (SCMDatanodeProtocolServer.java:start(193)) - ScmDatanodeProtocol RPC server for DataNodes is listening at /0.0.0.0:40595
2023-04-19 02:32:36,634 [IPC Server Responder] INFO  ipc.Server (Server.java:run(1558)) - IPC Server Responder: starting
2023-04-19 02:32:36,635 [IPC Server listener on 0] INFO  ipc.Server (Server.java:run(1398)) - IPC Server listener on 0: starting
2023-04-19 02:32:36,647 [SCMBlockDeletingService#0] DEBUG block.SCMBlockDeletingService (SCMBlockDeletingService.java:shouldRun(251)) - Check scm block delete run: false serviceStatus: PAUSING safemodeExitRunDelayMillis: 3000 alreadyWaitTimeInMillis: 1681871556647
2023-04-19 02:32:36,647 [org.apache.hadoop.util.JvmPauseMonitor$Monitor@3a6ff4b4] INFO  util.JvmPauseMonitor (JvmPauseMonitor.java:run(188)) - Starting JVM pause monitor
2023-04-19 02:32:36,648 [Listener at 0.0.0.0/41211] INFO  http.BaseHttpServer (BaseHttpServer.java:newHttpServer2BuilderForOzone(224)) - Starting Web-server for scm at: http://0.0.0.0:0
2023-04-19 02:32:36,648 [Listener at 0.0.0.0/41211] INFO  http.BaseHttpServer (BaseHttpServer.java:<init>(111)) - Hadoop Security Enabled: false Ozone Security Enabled: false Ozone HTTP Security Enabled: false 
2023-04-19 02:32:36,650 [Listener at 0.0.0.0/41211] WARN  server.AuthenticationFilter (AuthenticationFilter.java:constructSecretProvider(240)) - Unable to initialize FileSignerSecretProvider, falling back to use random secrets. Reason: Could not read signature secret file: /home/runner/hadoop-http-auth-signature-secret
2023-04-19 02:32:36,650 [Listener at 0.0.0.0/41211] INFO  http.HttpRequestLog (HttpRequestLog.java:getRequestLog(86)) - Http request log for http.requests.scm is not defined
2023-04-19 02:32:36,652 [Listener at 0.0.0.0/41211] INFO  http.HttpServer2 (HttpServer2.java:addGlobalFilter(1031)) - Added global filter 'safety' (class=org.apache.hadoop.hdds.server.http.HttpServer2$QuotingInputFilter)
2023-04-19 02:32:36,653 [Listener at 0.0.0.0/41211] INFO  http.HttpServer2 (HttpServer2.java:addFilter(1007)) - Added filter static_user_filter (class=org.apache.hadoop.http.lib.StaticUserWebFilter$StaticUserFilter) to context scm
2023-04-19 02:32:36,653 [Listener at 0.0.0.0/41211] INFO  http.HttpServer2 (HttpServer2.java:addFilter(1015)) - Added filter static_user_filter (class=org.apache.hadoop.http.lib.StaticUserWebFilter$StaticUserFilter) to context logs
2023-04-19 02:32:36,653 [Listener at 0.0.0.0/41211] INFO  http.HttpServer2 (HttpServer2.java:addFilter(1015)) - Added filter static_user_filter (class=org.apache.hadoop.http.lib.StaticUserWebFilter$StaticUserFilter) to context static
2023-04-19 02:32:36,654 [Listener at 0.0.0.0/41211] INFO  http.BaseHttpServer (BaseHttpServer.java:<init>(190)) - HTTP server of scm uses base directory /home/runner/work/ozone/ozone/hadoop-ozone/integration-test/target/test-dir/MiniOzoneClusterImpl-07705c7f-5198-484a-bec5-3444dac2a9ed/ozone-meta/webserver
2023-04-19 02:32:36,654 [Listener at 0.0.0.0/41211] INFO  http.HttpServer2 (HttpServer2.java:bindListener(1250)) - Jetty bound to port 36457
2023-04-19 02:32:36,655 [Listener at 0.0.0.0/41211] INFO  server.Server (Server.java:doStart(375)) - jetty-9.4.49.v20220914; built: 2022-09-14T01:07:36.601Z; git: 4231a3b2e4cb8548a412a789936d640a97b1aa0a; jvm 1.8.0_362-b09
2023-04-19 02:32:36,656 [Listener at 0.0.0.0/41211] INFO  server.session (DefaultSessionIdManager.java:doStart(334)) - DefaultSessionIdManager workerName=node0
2023-04-19 02:32:36,656 [Listener at 0.0.0.0/41211] INFO  server.session (DefaultSessionIdManager.java:doStart(339)) - No SessionScavenger set, using defaults
2023-04-19 02:32:36,657 [Listener at 0.0.0.0/41211] INFO  server.session (HouseKeeper.java:startScavenging(132)) - node0 Scavenging every 600000ms
2023-04-19 02:32:36,657 [Listener at 0.0.0.0/41211] INFO  handler.ContextHandler (ContextHandler.java:doStart(921)) - Started o.e.j.s.ServletContextHandler@97acc9c{logs,/logs,file:///home/runner/work/ozone/ozone/hadoop-ozone/integration-test/target/log,AVAILABLE}
2023-04-19 02:32:36,658 [Listener at 0.0.0.0/41211] INFO  handler.ContextHandler (ContextHandler.java:doStart(921)) - Started o.e.j.s.ServletContextHandler@168d1004{static,/static,file:///home/runner/work/ozone/ozone/hadoop-ozone/integration-test/target/test-classes/webapps/static,AVAILABLE}
2023-04-19 02:32:36,662 [Listener at 0.0.0.0/41211] INFO  handler.ContextHandler (ContextHandler.java:doStart(921)) - Started o.e.j.w.WebAppContext@8d91042{scm,/,file:///home/runner/work/ozone/ozone/hadoop-ozone/integration-test/target/test-classes/webapps/scm/,AVAILABLE}{file:/home/runner/work/ozone/ozone/hadoop-ozone/integration-test/target/test-classes/webapps/scm}
2023-04-19 02:32:36,663 [Listener at 0.0.0.0/41211] INFO  server.AbstractConnector (AbstractConnector.java:doStart(333)) - Started ServerConnector@4a05adf4{HTTP/1.1, (http/1.1)}{0.0.0.0:36457}
2023-04-19 02:32:36,663 [Listener at 0.0.0.0/41211] INFO  server.Server (Server.java:doStart(415)) - Started @32670ms
2023-04-19 02:32:36,663 [Listener at 0.0.0.0/41211] WARN  impl.MetricsSystemImpl (MetricsSystemImpl.java:register(279)) - Sink prometheus already exists!
2023-04-19 02:32:36,664 [Listener at 0.0.0.0/41211] INFO  http.BaseHttpServer (BaseHttpServer.java:updateConnectorAddress(344)) - HTTP server of scm listening at http://0.0.0.0:36457
2023-04-19 02:32:36,664 [Listener at 0.0.0.0/41211] WARN  server.ServerUtils (ServerUtils.java:getDBPath(225)) - ozone.om.db.dirs is not configured. We recommend adding this setting. Falling back to ozone.metadata.dirs instead.
2023-04-19 02:32:36,666 [Listener at 0.0.0.0/41211] INFO  ha.OMHANodeDetails (OMHANodeDetails.java:loadOMHAConfig(115)) - ozone.om.internal.service.id is not defined, falling back to ozone.om.service.ids to find serviceID for OzoneManager if it is HA enabled cluster
2023-04-19 02:32:36,666 [Listener at 0.0.0.0/41211] INFO  ha.OMHANodeDetails (OMHANodeDetails.java:loadOMHAConfig(226)) - Configuration does not have ozone.om.address set. Falling back to the default OM address /127.0.0.1:0
2023-04-19 02:32:36,666 [Listener at 0.0.0.0/41211] INFO  ha.OMHANodeDetails (OMHANodeDetails.java:getOMNodeDetailsForNonHA(254)) - OM Service ID is not set. Setting it to the default ID: omServiceIdDefault
2023-04-19 02:32:36,666 [Listener at 0.0.0.0/41211] INFO  ha.OMHANodeDetails (OMHANodeDetails.java:getOMNodeDetailsForNonHA(261)) - OM Node ID is not set. Setting it to the default ID: om1
2023-04-19 02:32:36,666 [Listener at 0.0.0.0/41211] WARN  server.ServerUtils (ServerUtils.java:getDBPath(225)) - ozone.om.db.dirs is not configured. We recommend adding this setting. Falling back to ozone.metadata.dirs instead.
2023-04-19 02:32:36,667 [Listener at 0.0.0.0/41211] INFO  upgrade.AbstractLayoutVersionManager (AbstractLayoutVersionManager.java:init(83)) - Initializing Layout version manager with metadata layout = HSYNC (version = 4), software layout = HSYNC (version = 4)
2023-04-19 02:32:36,733 [Listener at 0.0.0.0/41211] INFO  reflections.Reflections (Reflections.java:scan(232)) - Reflections took 65 ms to scan 2 urls, producing 171 keys and 475 values [using 2 cores]
2023-04-19 02:32:36,734 [Listener at 0.0.0.0/41211] INFO  upgrade.OMLayoutVersionManager (OMLayoutVersionManager.java:lambda$0(115)) - Skipping Upgrade Action MockOmUpgradeAction since it has been finalized.
2023-04-19 02:32:36,734 [Listener at 0.0.0.0/41211] WARN  server.ServerUtils (ServerUtils.java:getDBPath(225)) - ozone.om.db.dirs is not configured. We recommend adding this setting. Falling back to ozone.metadata.dirs instead.
2023-04-19 02:32:36,735 [Listener at 0.0.0.0/41211] INFO  proxy.SCMBlockLocationFailoverProxyProvider (SCMBlockLocationFailoverProxyProvider.java:<init>(114)) - Created block location fail-over proxy with 1 nodes: [nodeId=scmNodeId,nodeAddress=/0.0.0.0:46503]
2023-04-19 02:32:36,736 [Listener at 0.0.0.0/41211] INFO  proxy.SCMBlockLocationFailoverProxyProvider (SCMBlockLocationFailoverProxyProvider.java:<init>(114)) - Created block location fail-over proxy with 1 nodes: [nodeId=scmNodeId,nodeAddress=/0.0.0.0:46503]
2023-04-19 02:32:36,743 [Listener at 0.0.0.0/41211] INFO  om.OzoneManager (OzoneManager.java:<init>(627)) - OM start with adminUsers: [runner]
2023-04-19 02:32:36,746 [Listener at 0.0.0.0/41211] WARN  server.ServerUtils (ServerUtils.java:getDBPath(225)) - ozone.om.db.dirs is not configured. We recommend adding this setting. Falling back to ozone.metadata.dirs instead.
2023-04-19 02:32:36,746 [Listener at 0.0.0.0/41211] INFO  codec.OmKeyInfoCodec (OmKeyInfoCodec.java:<init>(49)) - OmKeyInfoCodec ignorePipeline = true
2023-04-19 02:32:36,747 [SCMBlockDeletingService#0] DEBUG block.SCMBlockDeletingService (SCMBlockDeletingService.java:shouldRun(251)) - Check scm block delete run: false serviceStatus: PAUSING safemodeExitRunDelayMillis: 3000 alreadyWaitTimeInMillis: 1681871556747
2023-04-19 02:32:36,747 [Listener at 0.0.0.0/41211] INFO  codec.RepeatedOmKeyInfoCodec (RepeatedOmKeyInfoCodec.java:<init>(41)) - RepeatedOmKeyInfoCodec ignorePipeline = true
2023-04-19 02:32:36,848 [SCMBlockDeletingService#0] DEBUG block.SCMBlockDeletingService (SCMBlockDeletingService.java:shouldRun(251)) - Check scm block delete run: false serviceStatus: PAUSING safemodeExitRunDelayMillis: 3000 alreadyWaitTimeInMillis: 1681871556847
2023-04-19 02:32:36,915 [Listener at 0.0.0.0/41211] INFO  om.OzoneManager (OzoneManager.java:instantiateServices(757)) - S3 Multi-Tenancy is disabled
2023-04-19 02:32:36,916 [Listener at 0.0.0.0/41211] WARN  server.ServerUtils (ServerUtils.java:getDBPath(225)) - ozone.om.snapshot.diff.db.dir is not configured. We recommend adding this setting. Falling back to ozone.metadata.dirs instead.
2023-04-19 02:32:36,930 [Listener at 0.0.0.0/41211] INFO  om.OzoneManager (OzoneManager.java:addS3GVolumeToDB(4257)) - Created Volume s3v With Owner runner required for S3Gateway operations.
2023-04-19 02:32:36,931 [Listener at 0.0.0.0/41211] WARN  server.ServerUtils (ServerUtils.java:getDefaultRatisDirectory(237)) - Storage directory for Ratis is not configured. It is a good idea to map this to an SSD disk. Falling back to ozone.metadata.dirs
2023-04-19 02:32:36,931 [Listener at 0.0.0.0/41211] WARN  utils.OzoneManagerRatisUtils (OzoneManagerRatisUtils.java:getOMRatisSnapshotDirectory(459)) - ozone.om.ratis.snapshot.dir is not configured. Falling back to ozone.metadata.dirs config
2023-04-19 02:32:36,931 [Listener at 0.0.0.0/41211] WARN  server.ServerUtils (ServerUtils.java:getDefaultRatisDirectory(237)) - Storage directory for Ratis is not configured. It is a good idea to map this to an SSD disk. Falling back to ozone.metadata.dirs
2023-04-19 02:32:36,933 [Listener at 0.0.0.0/41211] INFO  ratis.OzoneManagerRatisServer (OzoneManagerRatisServer.java:<init>(163)) - Instantiating OM Ratis server with groupID: omServiceIdDefault and peers: localhost:9872
2023-04-19 02:32:36,933 [Listener at 0.0.0.0/41211] INFO  ratis.OzoneManagerStateMachine (OzoneManagerStateMachine.java:loadSnapshotInfoFromDB(644)) - LastAppliedIndex is set from TransactionInfo from OM DB as (t:0, i:~)
2023-04-19 02:32:36,934 [Listener at 0.0.0.0/41211] INFO  server.RaftServer (ConfUtils.java:logGet(46)) - raft.rpc.type = GRPC (default)
2023-04-19 02:32:36,934 [Listener at 0.0.0.0/41211] INFO  grpc.GrpcConfigKeys (ConfUtils.java:logFallback(53)) - raft.grpc.admin.host = null (fallback to raft.grpc.server.host)
2023-04-19 02:32:36,934 [Listener at 0.0.0.0/41211] INFO  grpc.GrpcConfigKeys (ConfUtils.java:logFallback(53)) - raft.grpc.admin.port = 9872 (fallback to raft.grpc.server.port)
2023-04-19 02:32:36,935 [Listener at 0.0.0.0/41211] INFO  grpc.GrpcConfigKeys (ConfUtils.java:logFallback(53)) - raft.grpc.client.host = null (fallback to raft.grpc.server.host)
2023-04-19 02:32:36,935 [Listener at 0.0.0.0/41211] INFO  grpc.GrpcConfigKeys (ConfUtils.java:logFallback(53)) - raft.grpc.client.port = 9872 (fallback to raft.grpc.server.port)
2023-04-19 02:32:36,935 [Listener at 0.0.0.0/41211] INFO  grpc.GrpcConfigKeys (ConfUtils.java:logGet(46)) - raft.grpc.server.host = null (default)
2023-04-19 02:32:36,935 [Listener at 0.0.0.0/41211] INFO  grpc.GrpcConfigKeys (ConfUtils.java:logGet(46)) - raft.grpc.server.port = 9872 (custom)
2023-04-19 02:32:36,935 [Listener at 0.0.0.0/41211] INFO  server.GrpcService (ConfUtils.java:logGet(46)) - raft.grpc.message.size.max = 33554432 (custom)
2023-04-19 02:32:36,935 [Listener at 0.0.0.0/41211] INFO  server.RaftServerConfigKeys (ConfUtils.java:logGet(46)) - raft.server.log.appender.buffer.byte-limit = 33554432 (custom)
2023-04-19 02:32:36,936 [Listener at 0.0.0.0/41211] INFO  server.GrpcService (ConfUtils.java:logGet(46)) - raft.grpc.flow.control.window = 1MB (=1048576) (default)
2023-04-19 02:32:36,936 [Listener at 0.0.0.0/41211] INFO  server.RaftServerConfigKeys (ConfUtils.java:logGet(46)) - raft.server.rpc.request.timeout = 3000ms (default)
2023-04-19 02:32:36,936 [Listener at 0.0.0.0/41211] INFO  grpc.GrpcConfigKeys (ConfUtils.java:logGet(46)) - raft.grpc.server.heartbeat.channel = true (default)
2023-04-19 02:32:36,936 [Listener at 0.0.0.0/41211] INFO  grpc.GrpcConfigKeys (ConfUtils.java:logGet(46)) - raft.grpc.server.async.request.thread.pool.cached = true (default)
2023-04-19 02:32:36,936 [Listener at 0.0.0.0/41211] INFO  grpc.GrpcConfigKeys (ConfUtils.java:logGet(46)) - raft.grpc.server.async.request.thread.pool.size = 32 (default)
2023-04-19 02:32:36,938 [Listener at 0.0.0.0/41211] INFO  impl.DataStreamServerImpl (ConfUtils.java:logGet(46)) - raft.datastream.type = DISABLED (default)
2023-04-19 02:32:36,938 [Listener at 0.0.0.0/41211] INFO  server.RaftServerConfigKeys (ConfUtils.java:logGet(46)) - raft.server.threadpool.proxy.cached = true (default)
2023-04-19 02:32:36,938 [Listener at 0.0.0.0/41211] INFO  server.RaftServerConfigKeys (ConfUtils.java:logGet(46)) - raft.server.threadpool.proxy.size = 0 (default)
2023-04-19 02:32:36,939 [Listener at 0.0.0.0/41211] INFO  server.RaftServerConfigKeys (ConfUtils.java:logGet(46)) - raft.server.rpc.slowness.timeout = 120s (custom)
2023-04-19 02:32:36,939 [Listener at 0.0.0.0/41211] INFO  server.RaftServerConfigKeys (ConfUtils.java:logGet(46)) - raft.server.leaderelection.leader.step-down.wait-time = 10s (default)
2023-04-19 02:32:36,939 [Listener at 0.0.0.0/41211] INFO  server.RaftServerConfigKeys (ConfUtils.java:logGet(46)) - raft.server.storage.dir = [/home/runner/work/ozone/ozone/hadoop-ozone/integration-test/target/test-dir/MiniOzoneClusterImpl-07705c7f-5198-484a-bec5-3444dac2a9ed/ozone-meta/ratis] (custom)
2023-04-19 02:32:36,940 [Listener at 0.0.0.0/41211] INFO  server.RaftServer (RaftServerProxy.java:addNew(96)) - om1: addNew group-C5BA1605619E:[om1|rpc:localhost:9872|priority:0|startupRole:FOLLOWER] returns group-C5BA1605619E:java.util.concurrent.CompletableFuture@216af451[Not completed]
2023-04-19 02:32:36,940 [pool-218-thread-1] INFO  server.RaftServer$Division (RaftServerImpl.java:<init>(195)) - om1: new RaftServerImpl for group-C5BA1605619E:[om1|rpc:localhost:9872|priority:0|startupRole:FOLLOWER] with OzoneManagerStateMachine:uninitialized
2023-04-19 02:32:36,940 [Listener at 0.0.0.0/41211] INFO  om.OzoneManager (OzoneManager.java:initializeRatisServer(2095)) - OzoneManager Ratis server initialized at port 9872
2023-04-19 02:32:36,940 [pool-218-thread-1] INFO  server.RaftServerConfigKeys (ConfUtils.java:logGet(46)) - raft.server.rpc.timeout.min = 1s (custom)
2023-04-19 02:32:36,940 [Listener at 0.0.0.0/41211] INFO  om.OzoneManager (OzoneManager.java:getRpcServer(1142)) - Creating RPC Server
2023-04-19 02:32:36,940 [pool-218-thread-1] INFO  server.RaftServerConfigKeys (ConfUtils.java:logGet(46)) - raft.server.rpc.timeout.max = 1200ms (custom)
2023-04-19 02:32:36,940 [pool-218-thread-1] INFO  server.RaftServerConfigKeys (ConfUtils.java:logGet(46)) - raft.server.rpc.sleep.time = 25ms (default)
2023-04-19 02:32:36,940 [pool-218-thread-1] INFO  server.RaftServerConfigKeys (ConfUtils.java:logGet(46)) - raft.server.rpc.slowness.timeout = 120s (custom)
2023-04-19 02:32:36,940 [pool-218-thread-1] INFO  server.RaftServerConfigKeys (ConfUtils.java:logGet(46)) - raft.server.leaderelection.leader.step-down.wait-time = 10s (default)
2023-04-19 02:32:36,941 [pool-218-thread-1] INFO  server.RaftServerConfigKeys (ConfUtils.java:logGet(46)) - raft.server.sleep.deviation.threshold = 300ms (default)
2023-04-19 02:32:36,941 [pool-218-thread-1] INFO  server.RaftServer$Division (ServerState.java:<init>(118)) - om1@group-C5BA1605619E: ConfigurationManager, init=-1: peers:[om1|rpc:localhost:9872|priority:0|startupRole:FOLLOWER]|listeners:[], old=null, confs=<EMPTY_MAP>
2023-04-19 02:32:36,941 [pool-218-thread-1] INFO  server.RaftServerConfigKeys (ConfUtils.java:logGet(46)) - raft.server.storage.dir = [/home/runner/work/ozone/ozone/hadoop-ozone/integration-test/target/test-dir/MiniOzoneClusterImpl-07705c7f-5198-484a-bec5-3444dac2a9ed/ozone-meta/ratis] (custom)
2023-04-19 02:32:36,941 [pool-218-thread-1] INFO  server.RaftServerConfigKeys (ConfUtils.java:logGet(46)) - raft.server.log.corruption.policy = EXCEPTION (default)
2023-04-19 02:32:36,941 [pool-218-thread-1] INFO  server.RaftServerConfigKeys (ConfUtils.java:logGet(46)) - raft.server.storage.free-space.min = 0MB (=0) (default)
2023-04-19 02:32:36,941 [pool-218-thread-1] INFO  server.RaftServerConfigKeys (ConfUtils.java:logGet(46)) - raft.server.notification.no-leader.timeout = 120s (custom)
2023-04-19 02:32:36,941 [pool-218-thread-1] INFO  server.RaftServerConfigKeys (ConfUtils.java:logGet(46)) - raft.server.retrycache.expirytime = 300s (custom)
2023-04-19 02:32:36,941 [pool-218-thread-1] INFO  server.RaftServerConfigKeys (ConfUtils.java:logGet(46)) - raft.server.retrycache.statistics.expirytime = 100μs (default)
2023-04-19 02:32:36,942 [pool-218-thread-1] INFO  server.RaftServerConfigKeys (ConfUtils.java:logGet(46)) - raft.server.log.appender.install.snapshot.enabled = false (custom)
2023-04-19 02:32:36,942 [pool-218-thread-1] INFO  server.RaftServerConfigKeys (ConfUtils.java:logGet(46)) - raft.server.threadpool.server.cached = true (default)
2023-04-19 02:32:36,942 [pool-218-thread-1] INFO  server.RaftServerConfigKeys (ConfUtils.java:logGet(46)) - raft.server.threadpool.server.size = 0 (default)
2023-04-19 02:32:36,943 [pool-218-thread-1] INFO  server.RaftServerConfigKeys (ConfUtils.java:logGet(46)) - raft.server.threadpool.client.cached = true (default)
2023-04-19 02:32:36,943 [pool-218-thread-1] INFO  server.RaftServerConfigKeys (ConfUtils.java:logGet(46)) - raft.server.threadpool.client.size = 0 (default)
2023-04-19 02:32:36,948 [SCMBlockDeletingService#0] DEBUG block.SCMBlockDeletingService (SCMBlockDeletingService.java:shouldRun(251)) - Check scm block delete run: false serviceStatus: PAUSING safemodeExitRunDelayMillis: 3000 alreadyWaitTimeInMillis: 1681871556948
2023-04-19 02:32:37,048 [SCMBlockDeletingService#0] DEBUG block.SCMBlockDeletingService (SCMBlockDeletingService.java:shouldRun(251)) - Check scm block delete run: false serviceStatus: PAUSING safemodeExitRunDelayMillis: 3000 alreadyWaitTimeInMillis: 1681871557048
2023-04-19 02:32:37,152 [SCMBlockDeletingService#0] DEBUG block.SCMBlockDeletingService (SCMBlockDeletingService.java:shouldRun(251)) - Check scm block delete run: false serviceStatus: PAUSING safemodeExitRunDelayMillis: 3000 alreadyWaitTimeInMillis: 1681871557152
2023-04-19 02:32:37,252 [SCMBlockDeletingService#0] DEBUG block.SCMBlockDeletingService (SCMBlockDeletingService.java:shouldRun(251)) - Check scm block delete run: false serviceStatus: PAUSING safemodeExitRunDelayMillis: 3000 alreadyWaitTimeInMillis: 1681871557252
2023-04-19 02:32:37,332 [Listener at 0.0.0.0/41211] INFO  reflections.Reflections (Reflections.java:scan(232)) - Reflections took 391 ms to scan 19 urls, producing 68 keys and 5058 values [using 2 cores]
2023-04-19 02:32:37,333 [Listener at 0.0.0.0/41211] INFO  ipc.CallQueueManager (CallQueueManager.java:<init>(90)) - Using callQueue: class java.util.concurrent.LinkedBlockingQueue, queueCapacity: 2000, scheduler: class org.apache.hadoop.ipc.DefaultRpcScheduler, ipcBackoff: false.
2023-04-19 02:32:37,334 [Socket Reader #1 for port 0] INFO  ipc.Server (Server.java:run(1319)) - Starting Socket Reader #1 for port 0
2023-04-19 02:32:37,352 [SCMBlockDeletingService#0] DEBUG block.SCMBlockDeletingService (SCMBlockDeletingService.java:shouldRun(251)) - Check scm block delete run: false serviceStatus: PAUSING safemodeExitRunDelayMillis: 3000 alreadyWaitTimeInMillis: 1681871557352
2023-04-19 02:32:37,354 [Listener at 127.0.0.1/44187] INFO  impl.MetricsSystemImpl (MetricsSystemImpl.java:init(158)) - OzoneManager metrics system started (again)
2023-04-19 02:32:37,364 [Listener at 127.0.0.1/44187] INFO  om.OzoneManager (OzoneManager.java:start(1563)) - OzoneManager RPC server is listening at localhost/127.0.0.1:44187
2023-04-19 02:32:37,364 [Listener at 127.0.0.1/44187] INFO  ratis.OzoneManagerRatisServer (OzoneManagerRatisServer.java:start(558)) - Starting OzoneManagerRatisServer om1 at port 9872
2023-04-19 02:32:37,365 [om1-impl-thread1] INFO  storage.RaftStorageDirectory (RaftStorageDirectoryImpl.java:analyzeStorage(137)) - The storage directory /home/runner/work/ozone/ozone/hadoop-ozone/integration-test/target/test-dir/MiniOzoneClusterImpl-07705c7f-5198-484a-bec5-3444dac2a9ed/ozone-meta/ratis/bf265839-605b-3f16-9796-c5ba1605619e does not exist. Creating ...
2023-04-19 02:32:37,366 [om1-impl-thread1] INFO  storage.RaftStorageDirectory (RaftStorageDirectoryImpl.java:tryLock(231)) - Lock on /home/runner/work/ozone/ozone/hadoop-ozone/integration-test/target/test-dir/MiniOzoneClusterImpl-07705c7f-5198-484a-bec5-3444dac2a9ed/ozone-meta/ratis/bf265839-605b-3f16-9796-c5ba1605619e/in_use.lock acquired by nodename 42788@fv-az127-56
2023-04-19 02:32:37,367 [om1-impl-thread1] INFO  storage.RaftStorage (RaftStorageImpl.java:format(96)) - Storage directory /home/runner/work/ozone/ozone/hadoop-ozone/integration-test/target/test-dir/MiniOzoneClusterImpl-07705c7f-5198-484a-bec5-3444dac2a9ed/ozone-meta/ratis/bf265839-605b-3f16-9796-c5ba1605619e has been successfully formatted.
2023-04-19 02:32:37,367 [om1-impl-thread1] INFO  server.RaftServerConfigKeys (ConfUtils.java:logGet(46)) - raft.server.log.use.memory = false (default)
2023-04-19 02:32:37,367 [om1-impl-thread1] INFO  server.RaftServerConfigKeys (ConfUtils.java:logGet(46)) - raft.server.log.purge.gap = 1000000 (custom)
2023-04-19 02:32:37,367 [om1-impl-thread1] INFO  server.RaftServerConfigKeys (ConfUtils.java:logGet(46)) - raft.server.log.appender.buffer.byte-limit = 33554432 (custom)
2023-04-19 02:32:37,367 [om1-impl-thread1] INFO  server.RaftServerConfigKeys (ConfUtils.java:logGet(46)) - raft.server.log.statemachine.data.read.timeout = 1000ms (default)
2023-04-19 02:32:37,367 [om1-impl-thread1] INFO  server.RaftServerConfigKeys (ConfUtils.java:logGet(46)) - raft.server.log.purge.preservation.log.num = 0 (default)
2023-04-19 02:32:37,368 [om1-impl-thread1] INFO  server.RaftServerConfigKeys (ConfUtils.java:logGet(46)) - raft.server.log.segment.size.max = 4194304 (custom)
2023-04-19 02:32:37,368 [om1-impl-thread1] INFO  server.RaftServerConfigKeys (ConfUtils.java:logGet(46)) - raft.server.log.segment.cache.num.max = 2 (custom)
2023-04-19 02:32:37,368 [om1-impl-thread1] INFO  server.RaftServerConfigKeys (ConfUtils.java:logGet(46)) - raft.server.log.segment.cache.size.max = 200MB (=209715200) (default)
2023-04-19 02:32:37,368 [om1-impl-thread1] INFO  segmented.SegmentedRaftLogWorker (SegmentedRaftLogWorker.java:<init>(189)) - new om1@group-C5BA1605619E-SegmentedRaftLogWorker for RaftStorageImpl:Storage Directory /home/runner/work/ozone/ozone/hadoop-ozone/integration-test/target/test-dir/MiniOzoneClusterImpl-07705c7f-5198-484a-bec5-3444dac2a9ed/ozone-meta/ratis/bf265839-605b-3f16-9796-c5ba1605619e
2023-04-19 02:32:37,368 [om1-impl-thread1] INFO  server.RaftServerConfigKeys (ConfUtils.java:logGet(46)) - raft.server.log.queue.byte-limit = 64MB (=67108864) (default)
2023-04-19 02:32:37,368 [om1-impl-thread1] INFO  server.RaftServerConfigKeys (ConfUtils.java:logGet(46)) - raft.server.log.queue.element-limit = 4096 (default)
2023-04-19 02:32:37,368 [om1-impl-thread1] INFO  server.RaftServerConfigKeys (ConfUtils.java:logGet(46)) - raft.server.log.segment.size.max = 4194304 (custom)
2023-04-19 02:32:37,368 [om1-impl-thread1] INFO  server.RaftServerConfigKeys (ConfUtils.java:logGet(46)) - raft.server.log.preallocated.size = 4194304 (custom)
2023-04-19 02:32:37,368 [om1-impl-thread1] INFO  server.RaftServerConfigKeys (ConfUtils.java:logGet(46)) - raft.server.log.force.sync.num = 128 (default)
2023-04-19 02:32:37,368 [om1-impl-thread1] INFO  server.RaftServerConfigKeys (ConfUtils.java:logGet(46)) - raft.server.log.statemachine.data.sync = true (default)
2023-04-19 02:32:37,368 [om1-impl-thread1] INFO  server.RaftServerConfigKeys (ConfUtils.java:logGet(46)) - raft.server.log.statemachine.data.sync.timeout = 10s (default)
2023-04-19 02:32:37,368 [om1-impl-thread1] INFO  server.RaftServerConfigKeys (ConfUtils.java:logGet(46)) - raft.server.log.statemachine.data.sync.timeout.retry = -1 (default)
2023-04-19 02:32:37,369 [om1-impl-thread1] INFO  server.RaftServerConfigKeys (ConfUtils.java:logGet(46)) - raft.server.log.write.buffer.size = 64KB (=65536) (default)
2023-04-19 02:32:37,369 [om1-impl-thread1] INFO  server.RaftServerConfigKeys (ConfUtils.java:logGet(46)) - raft.server.log.appender.buffer.byte-limit = 33554432 (custom)
2023-04-19 02:32:37,373 [om1-impl-thread1] INFO  server.RaftServerConfigKeys (ConfUtils.java:logGet(46)) - raft.server.log.unsafe-flush.enabled = false (default)
2023-04-19 02:32:37,374 [om1-impl-thread1] INFO  server.RaftServerConfigKeys (ConfUtils.java:logGet(46)) - raft.server.log.async-flush.enabled = false (default)
2023-04-19 02:32:37,374 [om1-impl-thread1] INFO  server.RaftServerConfigKeys (ConfUtils.java:logGet(46)) - raft.server.log.statemachine.data.caching.enabled = false (default)
2023-04-19 02:32:37,374 [om1-impl-thread1] INFO  segmented.SegmentedRaftLogWorker (SegmentedRaftLogWorker.java:lambda$new$0(135)) - om1@group-C5BA1605619E-SegmentedRaftLogWorker: flushIndex: setUnconditionally 0 -> -1
2023-04-19 02:32:37,374 [om1-impl-thread1] INFO  segmented.SegmentedRaftLogWorker (SegmentedRaftLogWorker.java:lambda$new$0(135)) - om1@group-C5BA1605619E-SegmentedRaftLogWorker: safeCacheEvictIndex: setUnconditionally 0 -> -1
2023-04-19 02:32:37,374 [om1-impl-thread1] INFO  server.RaftServer$Division (RaftServerImpl.java:start(334)) - om1@group-C5BA1605619E: start as a follower, conf=-1: peers:[om1|rpc:localhost:9872|priority:0|startupRole:FOLLOWER]|listeners:[], old=null
2023-04-19 02:32:37,374 [om1-impl-thread1] INFO  server.RaftServer$Division (RaftServerImpl.java:setRole(321)) - om1@group-C5BA1605619E: changes role from      null to FOLLOWER at term 0 for startAsFollower
2023-04-19 02:32:37,375 [om1-impl-thread1] INFO  impl.RoleInfo (RoleInfo.java:updateAndGet(139)) - om1: start om1@group-C5BA1605619E-FollowerState
2023-04-19 02:32:37,375 [om1-impl-thread1] INFO  util.JmxRegister (JmxRegister.java:tryRegister(44)) - Successfully registered JMX Bean with object name Ratis:service=RaftServer,group=group-C5BA1605619E,id=om1
2023-04-19 02:32:37,375 [om1-impl-thread1] INFO  server.RaftServerConfigKeys (ConfUtils.java:logGet(46)) - raft.server.snapshot.auto.trigger.enabled = true (custom)
2023-04-19 02:32:37,375 [om1@group-C5BA1605619E-FollowerState] INFO  server.RaftServerConfigKeys (ConfUtils.java:logFallback(53)) - raft.server.rpc.first-election.timeout.min = 1s (fallback to raft.server.rpc.timeout.min)
2023-04-19 02:32:37,375 [om1-impl-thread1] INFO  server.RaftServerConfigKeys (ConfUtils.java:logGet(46)) - raft.server.snapshot.auto.trigger.threshold = 400000 (default)
2023-04-19 02:32:37,375 [om1@group-C5BA1605619E-FollowerState] INFO  server.RaftServerConfigKeys (ConfUtils.java:logFallback(53)) - raft.server.rpc.first-election.timeout.max = 1200ms (fallback to raft.server.rpc.timeout.max)
2023-04-19 02:32:37,375 [om1-impl-thread1] INFO  server.RaftServerConfigKeys (ConfUtils.java:logGet(46)) - raft.server.snapshot.retention.file.num = -1 (default)
2023-04-19 02:32:37,375 [om1-impl-thread1] INFO  server.RaftServerConfigKeys (ConfUtils.java:logGet(46)) - raft.server.log.purge.upto.snapshot.index = true (custom)
2023-04-19 02:32:37,376 [Listener at 127.0.0.1/44187] INFO  server.RaftServer (RaftServerProxy.java:startImpl(393)) - om1: start RPC server
2023-04-19 02:32:37,379 [Listener at 127.0.0.1/44187] INFO  server.GrpcService (GrpcService.java:startImpl(262)) - om1: GrpcService started, listening on 9872
2023-04-19 02:32:37,379 [Listener at 127.0.0.1/44187] INFO  om.OzoneManager (OzoneManager.java:start(1579)) - Version File has different layout version (4) than OM DB (null). That is expected if this OM has never been finalized to a newer layout version.
2023-04-19 02:32:37,380 [JvmPauseMonitor4] INFO  util.JvmPauseMonitor (JvmPauseMonitor.java:run(105)) - JvmPauseMonitor-om1: Started
2023-04-19 02:32:37,384 [Listener at 127.0.0.1/44187] INFO  http.BaseHttpServer (BaseHttpServer.java:newHttpServer2BuilderForOzone(224)) - Starting Web-server for ozoneManager at: http://0.0.0.0:0
2023-04-19 02:32:37,384 [Listener at 127.0.0.1/44187] INFO  http.BaseHttpServer (BaseHttpServer.java:<init>(111)) - Hadoop Security Enabled: false Ozone Security Enabled: false Ozone HTTP Security Enabled: false 
2023-04-19 02:32:37,386 [Listener at 127.0.0.1/44187] WARN  server.AuthenticationFilter (AuthenticationFilter.java:constructSecretProvider(240)) - Unable to initialize FileSignerSecretProvider, falling back to use random secrets. Reason: Could not read signature secret file: /home/runner/hadoop-http-auth-signature-secret
2023-04-19 02:32:37,388 [Listener at 127.0.0.1/44187] INFO  http.HttpRequestLog (HttpRequestLog.java:getRequestLog(86)) - Http request log for http.requests.ozoneManager is not defined
2023-04-19 02:32:37,390 [Listener at 127.0.0.1/44187] INFO  http.HttpServer2 (HttpServer2.java:addGlobalFilter(1031)) - Added global filter 'safety' (class=org.apache.hadoop.hdds.server.http.HttpServer2$QuotingInputFilter)
2023-04-19 02:32:37,391 [Listener at 127.0.0.1/44187] INFO  http.HttpServer2 (HttpServer2.java:addFilter(1007)) - Added filter static_user_filter (class=org.apache.hadoop.http.lib.StaticUserWebFilter$StaticUserFilter) to context ozoneManager
2023-04-19 02:32:37,391 [Listener at 127.0.0.1/44187] INFO  http.HttpServer2 (HttpServer2.java:addFilter(1015)) - Added filter static_user_filter (class=org.apache.hadoop.http.lib.StaticUserWebFilter$StaticUserFilter) to context logs
2023-04-19 02:32:37,391 [Listener at 127.0.0.1/44187] INFO  http.HttpServer2 (HttpServer2.java:addFilter(1015)) - Added filter static_user_filter (class=org.apache.hadoop.http.lib.StaticUserWebFilter$StaticUserFilter) to context static
2023-04-19 02:32:37,392 [Listener at 127.0.0.1/44187] INFO  http.BaseHttpServer (BaseHttpServer.java:<init>(190)) - HTTP server of ozoneManager uses base directory /home/runner/work/ozone/ozone/hadoop-ozone/integration-test/target/test-dir/MiniOzoneClusterImpl-07705c7f-5198-484a-bec5-3444dac2a9ed/ozone-meta/webserver
2023-04-19 02:32:37,392 [Listener at 127.0.0.1/44187] INFO  http.HttpServer2 (HttpServer2.java:bindListener(1250)) - Jetty bound to port 44069
2023-04-19 02:32:37,393 [Listener at 127.0.0.1/44187] INFO  server.Server (Server.java:doStart(375)) - jetty-9.4.49.v20220914; built: 2022-09-14T01:07:36.601Z; git: 4231a3b2e4cb8548a412a789936d640a97b1aa0a; jvm 1.8.0_362-b09
2023-04-19 02:32:37,395 [Listener at 127.0.0.1/44187] INFO  server.session (DefaultSessionIdManager.java:doStart(334)) - DefaultSessionIdManager workerName=node0
2023-04-19 02:32:37,395 [Listener at 127.0.0.1/44187] INFO  server.session (DefaultSessionIdManager.java:doStart(339)) - No SessionScavenger set, using defaults
2023-04-19 02:32:37,395 [Listener at 127.0.0.1/44187] INFO  server.session (HouseKeeper.java:startScavenging(132)) - node0 Scavenging every 600000ms
2023-04-19 02:32:37,397 [Listener at 127.0.0.1/44187] INFO  handler.ContextHandler (ContextHandler.java:doStart(921)) - Started o.e.j.s.ServletContextHandler@31bba872{logs,/logs,file:///home/runner/work/ozone/ozone/hadoop-ozone/integration-test/target/log,AVAILABLE}
2023-04-19 02:32:37,397 [Listener at 127.0.0.1/44187] INFO  handler.ContextHandler (ContextHandler.java:doStart(921)) - Started o.e.j.s.ServletContextHandler@5d1ad273{static,/static,file:///home/runner/work/ozone/ozone/hadoop-ozone/integration-test/target/test-classes/webapps/static,AVAILABLE}
2023-04-19 02:32:37,401 [Listener at 127.0.0.1/44187] INFO  handler.ContextHandler (ContextHandler.java:doStart(921)) - Started o.e.j.w.WebAppContext@588dcc2d{ozoneManager,/,file:///home/runner/work/ozone/ozone/hadoop-ozone/integration-test/target/test-classes/webapps/ozoneManager/,AVAILABLE}{file:/home/runner/work/ozone/ozone/hadoop-ozone/integration-test/target/test-classes/webapps/ozoneManager}
2023-04-19 02:32:37,402 [Listener at 127.0.0.1/44187] INFO  server.AbstractConnector (AbstractConnector.java:doStart(333)) - Started ServerConnector@2b999312{HTTP/1.1, (http/1.1)}{0.0.0.0:44069}
2023-04-19 02:32:37,402 [Listener at 127.0.0.1/44187] INFO  server.Server (Server.java:doStart(415)) - Started @33410ms
2023-04-19 02:32:37,403 [Listener at 127.0.0.1/44187] WARN  impl.MetricsSystemImpl (MetricsSystemImpl.java:register(279)) - Sink prometheus already exists!
2023-04-19 02:32:37,403 [Listener at 127.0.0.1/44187] INFO  http.BaseHttpServer (BaseHttpServer.java:updateConnectorAddress(344)) - HTTP server of ozoneManager listening at http://0.0.0.0:44069
2023-04-19 02:32:37,405 [IPC Server Responder] INFO  ipc.Server (Server.java:run(1558)) - IPC Server Responder: starting
2023-04-19 02:32:37,405 [IPC Server listener on 0] INFO  ipc.Server (Server.java:run(1398)) - IPC Server listener on 0: starting
2023-04-19 02:32:37,408 [Listener at 127.0.0.1/44187] INFO  om.OzoneManager (OzoneManager.java:startTrashEmptier(2039)) - Trash Interval set to 0. Files deleted won't move to trash
2023-04-19 02:32:37,409 [org.apache.hadoop.util.JvmPauseMonitor$Monitor@787eae84] INFO  util.JvmPauseMonitor (JvmPauseMonitor.java:run(188)) - Starting JVM pause monitor
2023-04-19 02:32:37,422 [Listener at 127.0.0.1/44187] WARN  impl.MetricRegistriesImpl (MetricRegistriesImpl.java:addReporterRegistration(111)) - New reporters are added after registries were created. Some metrics will be missing from the reporter. Please add reporter before adding any new registry.
2023-04-19 02:32:37,422 [Listener at 127.0.0.1/44187] WARN  impl.MetricRegistriesImpl (MetricRegistriesImpl.java:addReporterRegistration(111)) - New reporters are added after registries were created. Some metrics will be missing from the reporter. Please add reporter before adding any new registry.
2023-04-19 02:32:37,423 [Listener at 127.0.0.1/44187] INFO  impl.MetricsSystemImpl (MetricsSystemImpl.java:init(158)) - HddsDatanode metrics system started (again)
2023-04-19 02:32:37,435 [Listener at 127.0.0.1/44187] INFO  ozone.HddsDatanodeService (HddsDatanodeService.java:start(252)) - HddsDatanodeService host:fv-az127-56.h3uyzbqov44edfyrgkjongjtha.bx.internal.cloudapp.net ip:10.1.164.0
2023-04-19 02:32:37,452 [SCMBlockDeletingService#0] DEBUG block.SCMBlockDeletingService (SCMBlockDeletingService.java:shouldRun(251)) - Check scm block delete run: false serviceStatus: PAUSING safemodeExitRunDelayMillis: 3000 alreadyWaitTimeInMillis: 1681871557452
2023-04-19 02:32:37,457 [Listener at 127.0.0.1/44187] INFO  upgrade.AbstractLayoutVersionManager (AbstractLayoutVersionManager.java:init(83)) - Initializing Layout version manager with metadata layout = WEBUI_PORTS_IN_DATANODEDETAILS (version = 6), software layout = WEBUI_PORTS_IN_DATANODEDETAILS (version = 6)
2023-04-19 02:32:37,506 [Listener at 127.0.0.1/44187] INFO  reflections.Reflections (Reflections.java:scan(232)) - Reflections took 48 ms to scan 7 urls, producing 156 keys and 369 values 
2023-04-19 02:32:37,507 [Listener at 127.0.0.1/44187] INFO  statemachine.DatanodeStateMachine (DatanodeStateMachine.java:getEndPointTaskThreadPoolSize(260)) - Datanode State Machine Task Thread Pool size 2
2023-04-19 02:32:37,510 [Listener at 127.0.0.1/44187] INFO  volume.HddsVolume (HddsVolume.java:<init>(130)) - Creating HddsVolume: /home/runner/work/ozone/ozone/hadoop-ozone/integration-test/target/test-dir/MiniOzoneClusterImpl-07705c7f-5198-484a-bec5-3444dac2a9ed/datanode-0/data-0/containers/hdds of storage type : DISK capacity : 9223372036854775807
2023-04-19 02:32:37,510 [Listener at 127.0.0.1/44187] INFO  volume.MutableVolumeSet (MutableVolumeSet.java:initializeVolumeSet(175)) - Added Volume : /home/runner/work/ozone/ozone/hadoop-ozone/integration-test/target/test-dir/MiniOzoneClusterImpl-07705c7f-5198-484a-bec5-3444dac2a9ed/datanode-0/data-0/containers/hdds to VolumeSet
2023-04-19 02:32:37,510 [Listener at 127.0.0.1/44187] INFO  volume.ThrottledAsyncChecker (ThrottledAsyncChecker.java:schedule(141)) - Scheduling a check for /home/runner/work/ozone/ozone/hadoop-ozone/integration-test/target/test-dir/MiniOzoneClusterImpl-07705c7f-5198-484a-bec5-3444dac2a9ed/datanode-0/data-0/containers/hdds
2023-04-19 02:32:37,511 [Listener at 127.0.0.1/44187] INFO  volume.StorageVolumeChecker (StorageVolumeChecker.java:checkAllVolumes(202)) - Scheduled health check for volume /home/runner/work/ozone/ozone/hadoop-ozone/integration-test/target/test-dir/MiniOzoneClusterImpl-07705c7f-5198-484a-bec5-3444dac2a9ed/datanode-0/data-0/containers/hdds
2023-04-19 02:32:37,522 [Listener at 127.0.0.1/44187] INFO  volume.MutableVolumeSet (MutableVolumeSet.java:initializeVolumeSet(175)) - Added Volume : /home/runner/work/ozone/ozone/hadoop-ozone/integration-test/target/test-dir/MiniOzoneClusterImpl-07705c7f-5198-484a-bec5-3444dac2a9ed/datanode-0/data/ratis to VolumeSet
2023-04-19 02:32:37,522 [Listener at 127.0.0.1/44187] INFO  volume.ThrottledAsyncChecker (ThrottledAsyncChecker.java:schedule(141)) - Scheduling a check for /home/runner/work/ozone/ozone/hadoop-ozone/integration-test/target/test-dir/MiniOzoneClusterImpl-07705c7f-5198-484a-bec5-3444dac2a9ed/datanode-0/data/ratis
2023-04-19 02:32:37,522 [Listener at 127.0.0.1/44187] INFO  volume.StorageVolumeChecker (StorageVolumeChecker.java:checkAllVolumes(202)) - Scheduled health check for volume /home/runner/work/ozone/ozone/hadoop-ozone/integration-test/target/test-dir/MiniOzoneClusterImpl-07705c7f-5198-484a-bec5-3444dac2a9ed/datanode-0/data/ratis
2023-04-19 02:32:37,537 [Thread-634] INFO  ozoneimpl.ContainerReader (ContainerReader.java:readVolume(175)) - Finish verifying containers on volume /home/runner/work/ozone/ozone/hadoop-ozone/integration-test/target/test-dir/MiniOzoneClusterImpl-07705c7f-5198-484a-bec5-3444dac2a9ed/datanode-0/data-0/containers/hdds
2023-04-19 02:32:37,537 [Listener at 127.0.0.1/44187] INFO  ozoneimpl.OzoneContainer (OzoneContainer.java:buildContainerSet(303)) - Build ContainerSet costs 0s
2023-04-19 02:32:37,539 [Listener at 127.0.0.1/44187] INFO  server.RaftServer (ConfUtils.java:logGet(46)) - raft.rpc.type = GRPC (default)
2023-04-19 02:32:37,540 [Listener at 127.0.0.1/44187] INFO  grpc.GrpcConfigKeys (ConfUtils.java:logFallback(53)) - raft.grpc.admin.host = null (fallback to raft.grpc.server.host)
2023-04-19 02:32:37,540 [Listener at 127.0.0.1/44187] INFO  grpc.GrpcConfigKeys (ConfUtils.java:logGet(46)) - raft.grpc.admin.port = 0 (custom)
2023-04-19 02:32:37,540 [Listener at 127.0.0.1/44187] INFO  grpc.GrpcConfigKeys (ConfUtils.java:logFallback(53)) - raft.grpc.client.host = null (fallback to raft.grpc.server.host)
2023-04-19 02:32:37,540 [Listener at 127.0.0.1/44187] INFO  grpc.GrpcConfigKeys (ConfUtils.java:logGet(46)) - raft.grpc.client.port = 0 (custom)
2023-04-19 02:32:37,541 [Listener at 127.0.0.1/44187] INFO  grpc.GrpcConfigKeys (ConfUtils.java:logGet(46)) - raft.grpc.server.host = null (default)
2023-04-19 02:32:37,541 [Listener at 127.0.0.1/44187] INFO  grpc.GrpcConfigKeys (ConfUtils.java:logGet(46)) - raft.grpc.server.port = 0 (default)
2023-04-19 02:32:37,541 [Listener at 127.0.0.1/44187] INFO  server.GrpcService (ConfUtils.java:logGet(46)) - raft.grpc.message.size.max = 32MB (=33554432) (custom)
2023-04-19 02:32:37,541 [Listener at 127.0.0.1/44187] INFO  server.RaftServerConfigKeys (ConfUtils.java:logGet(46)) - raft.server.log.appender.buffer.byte-limit = 33554432 (custom)
2023-04-19 02:32:37,541 [Listener at 127.0.0.1/44187] INFO  server.GrpcService (ConfUtils.java:logGet(46)) - raft.grpc.flow.control.window = 5MB (=5242880) (custom)
2023-04-19 02:32:37,541 [Listener at 127.0.0.1/44187] INFO  server.RaftServerConfigKeys (ConfUtils.java:logGet(46)) - raft.server.rpc.request.timeout = 60s (custom)
2023-04-19 02:32:37,542 [Listener at 127.0.0.1/44187] INFO  grpc.GrpcConfigKeys (ConfUtils.java:logGet(46)) - raft.grpc.server.heartbeat.channel = true (default)
2023-04-19 02:32:37,542 [Listener at 127.0.0.1/44187] INFO  grpc.GrpcConfigKeys (ConfUtils.java:logGet(46)) - raft.grpc.server.async.request.thread.pool.cached = true (default)
2023-04-19 02:32:37,542 [Listener at 127.0.0.1/44187] INFO  grpc.GrpcConfigKeys (ConfUtils.java:logGet(46)) - raft.grpc.server.async.request.thread.pool.size = 32 (default)
2023-04-19 02:32:37,543 [Listener at 127.0.0.1/44187] INFO  impl.DataStreamServerImpl (ConfUtils.java:logGet(46)) - raft.datastream.type = NETTY (custom)
2023-04-19 02:32:37,544 [Listener at 127.0.0.1/44187] INFO  server.RaftServerConfigKeys (ConfUtils.java:logGet(46)) - raft.server.data-stream.async.request.thread.pool.cached = false (default)
2023-04-19 02:32:37,544 [Listener at 127.0.0.1/44187] INFO  server.RaftServerConfigKeys (ConfUtils.java:logGet(46)) - raft.server.data-stream.async.request.thread.pool.size = 20 (custom)
2023-04-19 02:32:37,544 [Listener at 127.0.0.1/44187] INFO  server.RaftServerConfigKeys (ConfUtils.java:logGet(46)) - raft.server.data-stream.async.write.thread.pool.size = 16 (default)
2023-04-19 02:32:37,544 [Listener at 127.0.0.1/44187] INFO  server.RaftServerConfigKeys (ConfUtils.java:logGet(46)) - raft.server.data-stream.client.pool.size = 10 (default)
2023-04-19 02:32:37,544 [Listener at 127.0.0.1/44187] INFO  netty.NettyConfigKeys$DataStream (ConfUtils.java:logGet(46)) - raft.netty.dataStream.server.use-epoll = false (default)
2023-04-19 02:32:37,545 [Listener at 127.0.0.1/44187] INFO  netty.NettyConfigKeys$DataStream (ConfUtils.java:logGet(46)) - raft.netty.dataStream.server.boss-group.size = 0 (default)
2023-04-19 02:32:37,545 [Listener at 127.0.0.1/44187] INFO  netty.NettyConfigKeys$DataStream (ConfUtils.java:logGet(46)) - raft.netty.dataStream.server.worker-group.size = 0 (default)
2023-04-19 02:32:37,545 [Listener at 127.0.0.1/44187] INFO  netty.NettyConfigKeys$DataStream (ConfUtils.java:logGet(46)) - raft.netty.dataStream.server.tls.conf = null (default)
2023-04-19 02:32:37,546 [Listener at 127.0.0.1/44187] INFO  netty.NettyConfigKeys$DataStream (ConfUtils.java:logGet(46)) - raft.netty.dataStream.host = null (default)
2023-04-19 02:32:37,546 [Listener at 127.0.0.1/44187] INFO  netty.NettyConfigKeys$DataStream (ConfUtils.java:logGet(46)) - raft.netty.dataStream.port = 0 (default)
2023-04-19 02:32:37,546 [Listener at 127.0.0.1/44187] INFO  server.RaftServerConfigKeys (ConfUtils.java:logGet(46)) - raft.server.threadpool.proxy.cached = true (default)
2023-04-19 02:32:37,546 [Listener at 127.0.0.1/44187] INFO  server.RaftServerConfigKeys (ConfUtils.java:logGet(46)) - raft.server.threadpool.proxy.size = 0 (default)
2023-04-19 02:32:37,547 [Listener at 127.0.0.1/44187] INFO  server.RaftServerConfigKeys (ConfUtils.java:logGet(46)) - raft.server.rpc.slowness.timeout = 300s (custom)
2023-04-19 02:32:37,547 [Listener at 127.0.0.1/44187] INFO  server.RaftServerConfigKeys (ConfUtils.java:logGet(46)) - raft.server.leaderelection.leader.step-down.wait-time = 10s (default)
2023-04-19 02:32:37,547 [Listener at 127.0.0.1/44187] INFO  server.RaftServerConfigKeys (ConfUtils.java:logGet(46)) - raft.server.storage.dir = [/home/runner/work/ozone/ozone/hadoop-ozone/integration-test/target/test-dir/MiniOzoneClusterImpl-07705c7f-5198-484a-bec5-3444dac2a9ed/datanode-0/data/ratis] (custom)
2023-04-19 02:32:37,549 [15488c1c-ff1a-49f6-9596-cf663845e1ec-NettyServerStreamRpc-bossGroup--thread1] INFO  logging.LoggingHandler (AbstractInternalLogger.java:log(148)) - [id: 0x6a064a1a] REGISTERED
2023-04-19 02:32:37,549 [15488c1c-ff1a-49f6-9596-cf663845e1ec-NettyServerStreamRpc-bossGroup--thread1] INFO  logging.LoggingHandler (AbstractInternalLogger.java:log(148)) - [id: 0x6a064a1a] BIND: 0.0.0.0/0.0.0.0:0
2023-04-19 02:32:37,549 [15488c1c-ff1a-49f6-9596-cf663845e1ec-NettyServerStreamRpc-bossGroup--thread1] INFO  logging.LoggingHandler (AbstractInternalLogger.java:log(148)) - [id: 0x6a064a1a, L:/0:0:0:0:0:0:0:0:35537] ACTIVE
2023-04-19 02:32:37,550 [Listener at 127.0.0.1/44187] INFO  server.XceiverServerGrpc (XceiverServerGrpc.java:<init>(132)) - GrpcServer channel type EpollServerSocketChannel
2023-04-19 02:32:37,552 [SCMBlockDeletingService#0] DEBUG block.SCMBlockDeletingService (SCMBlockDeletingService.java:shouldRun(251)) - Check scm block delete run: false serviceStatus: PAUSING safemodeExitRunDelayMillis: 3000 alreadyWaitTimeInMillis: 1681871557552
2023-04-19 02:32:37,554 [Listener at 127.0.0.1/44187] INFO  http.BaseHttpServer (BaseHttpServer.java:newHttpServer2BuilderForOzone(224)) - Starting Web-server for hddsDatanode at: http://0.0.0.0:0
2023-04-19 02:32:37,554 [Listener at 127.0.0.1/44187] INFO  http.BaseHttpServer (BaseHttpServer.java:<init>(111)) - Hadoop Security Enabled: false Ozone Security Enabled: false Ozone HTTP Security Enabled: false 
2023-04-19 02:32:37,555 [Listener at 127.0.0.1/44187] WARN  server.AuthenticationFilter (AuthenticationFilter.java:constructSecretProvider(240)) - Unable to initialize FileSignerSecretProvider, falling back to use random secrets. Reason: Could not read signature secret file: /home/runner/hadoop-http-auth-signature-secret
2023-04-19 02:32:37,556 [Listener at 127.0.0.1/44187] INFO  http.HttpRequestLog (HttpRequestLog.java:getRequestLog(86)) - Http request log for http.requests.hddsDatanode is not defined
2023-04-19 02:32:37,557 [Listener at 127.0.0.1/44187] INFO  http.HttpServer2 (HttpServer2.java:addGlobalFilter(1031)) - Added global filter 'safety' (class=org.apache.hadoop.hdds.server.http.HttpServer2$QuotingInputFilter)
2023-04-19 02:32:37,558 [Listener at 127.0.0.1/44187] INFO  http.HttpServer2 (HttpServer2.java:addFilter(1007)) - Added filter static_user_filter (class=org.apache.hadoop.http.lib.StaticUserWebFilter$StaticUserFilter) to context hddsDatanode
2023-04-19 02:32:37,558 [Listener at 127.0.0.1/44187] INFO  http.HttpServer2 (HttpServer2.java:addFilter(1015)) - Added filter static_user_filter (class=org.apache.hadoop.http.lib.StaticUserWebFilter$StaticUserFilter) to context static
2023-04-19 02:32:37,558 [Listener at 127.0.0.1/44187] INFO  http.HttpServer2 (HttpServer2.java:addFilter(1015)) - Added filter static_user_filter (class=org.apache.hadoop.http.lib.StaticUserWebFilter$StaticUserFilter) to context logs
2023-04-19 02:32:37,559 [Listener at 127.0.0.1/44187] INFO  http.BaseHttpServer (BaseHttpServer.java:<init>(190)) - HTTP server of hddsDatanode uses base directory /home/runner/work/ozone/ozone/hadoop-ozone/integration-test/target/test-dir/MiniOzoneClusterImpl-07705c7f-5198-484a-bec5-3444dac2a9ed/datanode-0/meta/webserver
2023-04-19 02:32:37,559 [Listener at 127.0.0.1/44187] INFO  http.HttpServer2 (HttpServer2.java:bindListener(1250)) - Jetty bound to port 41343
2023-04-19 02:32:37,559 [Listener at 127.0.0.1/44187] INFO  server.Server (Server.java:doStart(375)) - jetty-9.4.49.v20220914; built: 2022-09-14T01:07:36.601Z; git: 4231a3b2e4cb8548a412a789936d640a97b1aa0a; jvm 1.8.0_362-b09
2023-04-19 02:32:37,560 [Listener at 127.0.0.1/44187] INFO  server.session (DefaultSessionIdManager.java:doStart(334)) - DefaultSessionIdManager workerName=node0
2023-04-19 02:32:37,561 [Listener at 127.0.0.1/44187] INFO  server.session (DefaultSessionIdManager.java:doStart(339)) - No SessionScavenger set, using defaults
2023-04-19 02:32:37,561 [Listener at 127.0.0.1/44187] INFO  server.session (HouseKeeper.java:startScavenging(132)) - node0 Scavenging every 600000ms
2023-04-19 02:32:37,562 [Listener at 127.0.0.1/44187] INFO  handler.ContextHandler (ContextHandler.java:doStart(921)) - Started o.e.j.s.ServletContextHandler@5af11725{logs,/logs,file:///home/runner/work/ozone/ozone/hadoop-ozone/integration-test/target/log,AVAILABLE}
2023-04-19 02:32:37,564 [Listener at 127.0.0.1/44187] INFO  handler.ContextHandler (ContextHandler.java:doStart(921)) - Started o.e.j.s.ServletContextHandler@7e61ac31{static,/static,jar:file:/home/runner/.m2/repository/org/apache/ozone/hdds-container-service/1.4.0-SNAPSHOT/hdds-container-service-1.4.0-SNAPSHOT.jar!/webapps/static,AVAILABLE}
2023-04-19 02:32:37,652 [SCMBlockDeletingService#0] DEBUG block.SCMBlockDeletingService (SCMBlockDeletingService.java:shouldRun(251)) - Check scm block delete run: false serviceStatus: PAUSING safemodeExitRunDelayMillis: 3000 alreadyWaitTimeInMillis: 1681871557652
2023-04-19 02:32:37,752 [SCMBlockDeletingService#0] DEBUG block.SCMBlockDeletingService (SCMBlockDeletingService.java:shouldRun(251)) - Check scm block delete run: false serviceStatus: PAUSING safemodeExitRunDelayMillis: 3000 alreadyWaitTimeInMillis: 1681871557752
2023-04-19 02:32:37,759 [Listener at 127.0.0.1/44187] INFO  handler.ContextHandler (ContextHandler.java:doStart(921)) - Started o.e.j.w.WebAppContext@51edd0d{hddsDatanode,/,file:///home/runner/work/ozone/ozone/hadoop-ozone/integration-test/target/test-dir/MiniOzoneClusterImpl-07705c7f-5198-484a-bec5-3444dac2a9ed/datanode-0/meta/webserver/jetty-0_0_0_0-41343-hdds-container-service-1_4_0-SNAPSHOT_jar-_-any-4458632821404687101/webapp/,AVAILABLE}{jar:file:/home/runner/.m2/repository/org/apache/ozone/hdds-container-service/1.4.0-SNAPSHOT/hdds-container-service-1.4.0-SNAPSHOT.jar!/webapps/hddsDatanode}
2023-04-19 02:32:37,763 [Listener at 127.0.0.1/44187] INFO  server.AbstractConnector (AbstractConnector.java:doStart(333)) - Started ServerConnector@51b0fd9f{HTTP/1.1, (http/1.1)}{0.0.0.0:41343}
2023-04-19 02:32:37,763 [Listener at 127.0.0.1/44187] INFO  server.Server (Server.java:doStart(415)) - Started @33771ms
2023-04-19 02:32:37,763 [Listener at 127.0.0.1/44187] WARN  impl.MetricsSystemImpl (MetricsSystemImpl.java:register(279)) - Sink prometheus already exists!
2023-04-19 02:32:37,764 [Listener at 127.0.0.1/44187] INFO  http.BaseHttpServer (BaseHttpServer.java:updateConnectorAddress(344)) - HTTP server of hddsDatanode listening at http://0.0.0.0:41343
2023-04-19 02:32:37,764 [Datanode State Machine Daemon Thread] INFO  statemachine.DatanodeStateMachine (DatanodeStateMachine.java:lambda$startDaemon$0(517)) - Ozone container server started.
2023-04-19 02:32:37,769 [Listener at 127.0.0.1/44187] WARN  impl.MetricRegistriesImpl (MetricRegistriesImpl.java:addReporterRegistration(111)) - New reporters are added after registries were created. Some metrics will be missing from the reporter. Please add reporter before adding any new registry.
2023-04-19 02:32:37,769 [Listener at 127.0.0.1/44187] WARN  impl.MetricRegistriesImpl (MetricRegistriesImpl.java:addReporterRegistration(111)) - New reporters are added after registries were created. Some metrics will be missing from the reporter. Please add reporter before adding any new registry.
2023-04-19 02:32:37,769 [Listener at 127.0.0.1/44187] INFO  impl.MetricsSystemImpl (MetricsSystemImpl.java:init(158)) - HddsDatanode metrics system started (again)
2023-04-19 02:32:37,780 [Listener at 127.0.0.1/44187] INFO  ozone.HddsDatanodeService (HddsDatanodeService.java:start(252)) - HddsDatanodeService host:fv-az127-56.h3uyzbqov44edfyrgkjongjtha.bx.internal.cloudapp.net ip:10.1.164.0
2023-04-19 02:32:37,781 [org.apache.hadoop.util.JvmPauseMonitor$Monitor@4f1ae95c] INFO  util.JvmPauseMonitor (JvmPauseMonitor.java:run(188)) - Starting JVM pause monitor
2023-04-19 02:32:37,785 [Datanode State Machine Task Thread - 0] INFO  datanode.InitDatanodeState (InitDatanodeState.java:persistContainerDatanodeDetails(138)) - DatanodeDetails is persisted to /home/runner/work/ozone/ozone/hadoop-ozone/integration-test/target/test-dir/MiniOzoneClusterImpl-07705c7f-5198-484a-bec5-3444dac2a9ed/datanode-0/meta/datanode.id
2023-04-19 02:32:37,802 [Listener at 127.0.0.1/44187] INFO  upgrade.AbstractLayoutVersionManager (AbstractLayoutVersionManager.java:init(83)) - Initializing Layout version manager with metadata layout = WEBUI_PORTS_IN_DATANODEDETAILS (version = 6), software layout = WEBUI_PORTS_IN_DATANODEDETAILS (version = 6)
2023-04-19 02:32:37,852 [Listener at 127.0.0.1/44187] INFO  reflections.Reflections (Reflections.java:scan(232)) - Reflections took 48 ms to scan 7 urls, producing 156 keys and 369 values 
2023-04-19 02:32:37,852 [SCMBlockDeletingService#0] DEBUG block.SCMBlockDeletingService (SCMBlockDeletingService.java:shouldRun(251)) - Check scm block delete run: false serviceStatus: PAUSING safemodeExitRunDelayMillis: 3000 alreadyWaitTimeInMillis: 1681871557852
2023-04-19 02:32:37,854 [Listener at 127.0.0.1/44187] INFO  statemachine.DatanodeStateMachine (DatanodeStateMachine.java:getEndPointTaskThreadPoolSize(260)) - Datanode State Machine Task Thread Pool size 2
2023-04-19 02:32:37,856 [Listener at 127.0.0.1/44187] INFO  volume.HddsVolume (HddsVolume.java:<init>(130)) - Creating HddsVolume: /home/runner/work/ozone/ozone/hadoop-ozone/integration-test/target/test-dir/MiniOzoneClusterImpl-07705c7f-5198-484a-bec5-3444dac2a9ed/datanode-1/data-0/containers/hdds of storage type : DISK capacity : 9223372036854775807
2023-04-19 02:32:37,856 [Listener at 127.0.0.1/44187] INFO  volume.MutableVolumeSet (MutableVolumeSet.java:initializeVolumeSet(175)) - Added Volume : /home/runner/work/ozone/ozone/hadoop-ozone/integration-test/target/test-dir/MiniOzoneClusterImpl-07705c7f-5198-484a-bec5-3444dac2a9ed/datanode-1/data-0/containers/hdds to VolumeSet
2023-04-19 02:32:37,856 [Listener at 127.0.0.1/44187] INFO  volume.ThrottledAsyncChecker (ThrottledAsyncChecker.java:schedule(141)) - Scheduling a check for /home/runner/work/ozone/ozone/hadoop-ozone/integration-test/target/test-dir/MiniOzoneClusterImpl-07705c7f-5198-484a-bec5-3444dac2a9ed/datanode-1/data-0/containers/hdds
2023-04-19 02:32:37,857 [Listener at 127.0.0.1/44187] INFO  volume.StorageVolumeChecker (StorageVolumeChecker.java:checkAllVolumes(202)) - Scheduled health check for volume /home/runner/work/ozone/ozone/hadoop-ozone/integration-test/target/test-dir/MiniOzoneClusterImpl-07705c7f-5198-484a-bec5-3444dac2a9ed/datanode-1/data-0/containers/hdds
2023-04-19 02:32:37,870 [Listener at 127.0.0.1/44187] INFO  volume.MutableVolumeSet (MutableVolumeSet.java:initializeVolumeSet(175)) - Added Volume : /home/runner/work/ozone/ozone/hadoop-ozone/integration-test/target/test-dir/MiniOzoneClusterImpl-07705c7f-5198-484a-bec5-3444dac2a9ed/datanode-1/data/ratis to VolumeSet
2023-04-19 02:32:37,870 [Listener at 127.0.0.1/44187] INFO  volume.ThrottledAsyncChecker (ThrottledAsyncChecker.java:schedule(141)) - Scheduling a check for /home/runner/work/ozone/ozone/hadoop-ozone/integration-test/target/test-dir/MiniOzoneClusterImpl-07705c7f-5198-484a-bec5-3444dac2a9ed/datanode-1/data/ratis
2023-04-19 02:32:37,870 [Listener at 127.0.0.1/44187] INFO  volume.StorageVolumeChecker (StorageVolumeChecker.java:checkAllVolumes(202)) - Scheduled health check for volume /home/runner/work/ozone/ozone/hadoop-ozone/integration-test/target/test-dir/MiniOzoneClusterImpl-07705c7f-5198-484a-bec5-3444dac2a9ed/datanode-1/data/ratis
2023-04-19 02:32:37,881 [Thread-648] INFO  ozoneimpl.ContainerReader (ContainerReader.java:readVolume(175)) - Finish verifying containers on volume /home/runner/work/ozone/ozone/hadoop-ozone/integration-test/target/test-dir/MiniOzoneClusterImpl-07705c7f-5198-484a-bec5-3444dac2a9ed/datanode-1/data-0/containers/hdds
2023-04-19 02:32:37,882 [Listener at 127.0.0.1/44187] INFO  ozoneimpl.OzoneContainer (OzoneContainer.java:buildContainerSet(303)) - Build ContainerSet costs 0s
2023-04-19 02:32:37,884 [Listener at 127.0.0.1/44187] INFO  server.RaftServer (ConfUtils.java:logGet(46)) - raft.rpc.type = GRPC (default)
2023-04-19 02:32:37,885 [Listener at 127.0.0.1/44187] INFO  grpc.GrpcConfigKeys (ConfUtils.java:logFallback(53)) - raft.grpc.admin.host = null (fallback to raft.grpc.server.host)
2023-04-19 02:32:37,885 [Listener at 127.0.0.1/44187] INFO  grpc.GrpcConfigKeys (ConfUtils.java:logGet(46)) - raft.grpc.admin.port = 0 (custom)
2023-04-19 02:32:37,885 [Listener at 127.0.0.1/44187] INFO  grpc.GrpcConfigKeys (ConfUtils.java:logFallback(53)) - raft.grpc.client.host = null (fallback to raft.grpc.server.host)
2023-04-19 02:32:37,885 [Listener at 127.0.0.1/44187] INFO  grpc.GrpcConfigKeys (ConfUtils.java:logGet(46)) - raft.grpc.client.port = 0 (custom)
2023-04-19 02:32:37,885 [Listener at 127.0.0.1/44187] INFO  grpc.GrpcConfigKeys (ConfUtils.java:logGet(46)) - raft.grpc.server.host = null (default)
2023-04-19 02:32:37,885 [Listener at 127.0.0.1/44187] INFO  grpc.GrpcConfigKeys (ConfUtils.java:logGet(46)) - raft.grpc.server.port = 0 (default)
2023-04-19 02:32:37,886 [Listener at 127.0.0.1/44187] INFO  server.GrpcService (ConfUtils.java:logGet(46)) - raft.grpc.message.size.max = 32MB (=33554432) (custom)
2023-04-19 02:32:37,886 [Listener at 127.0.0.1/44187] INFO  server.RaftServerConfigKeys (ConfUtils.java:logGet(46)) - raft.server.log.appender.buffer.byte-limit = 33554432 (custom)
2023-04-19 02:32:37,886 [Listener at 127.0.0.1/44187] INFO  server.GrpcService (ConfUtils.java:logGet(46)) - raft.grpc.flow.control.window = 5MB (=5242880) (custom)
2023-04-19 02:32:37,886 [Listener at 127.0.0.1/44187] INFO  server.RaftServerConfigKeys (ConfUtils.java:logGet(46)) - raft.server.rpc.request.timeout = 60s (custom)
2023-04-19 02:32:37,886 [Listener at 127.0.0.1/44187] INFO  grpc.GrpcConfigKeys (ConfUtils.java:logGet(46)) - raft.grpc.server.heartbeat.channel = true (default)
2023-04-19 02:32:37,887 [Listener at 127.0.0.1/44187] INFO  grpc.GrpcConfigKeys (ConfUtils.java:logGet(46)) - raft.grpc.server.async.request.thread.pool.cached = true (default)
2023-04-19 02:32:37,887 [Listener at 127.0.0.1/44187] INFO  grpc.GrpcConfigKeys (ConfUtils.java:logGet(46)) - raft.grpc.server.async.request.thread.pool.size = 32 (default)
2023-04-19 02:32:37,888 [Listener at 127.0.0.1/44187] INFO  impl.DataStreamServerImpl (ConfUtils.java:logGet(46)) - raft.datastream.type = NETTY (custom)
2023-04-19 02:32:37,888 [Listener at 127.0.0.1/44187] INFO  server.RaftServerConfigKeys (ConfUtils.java:logGet(46)) - raft.server.data-stream.async.request.thread.pool.cached = false (default)
2023-04-19 02:32:37,889 [Listener at 127.0.0.1/44187] INFO  server.RaftServerConfigKeys (ConfUtils.java:logGet(46)) - raft.server.data-stream.async.request.thread.pool.size = 20 (custom)
2023-04-19 02:32:37,889 [Listener at 127.0.0.1/44187] INFO  server.RaftServerConfigKeys (ConfUtils.java:logGet(46)) - raft.server.data-stream.async.write.thread.pool.size = 16 (default)
2023-04-19 02:32:37,889 [Listener at 127.0.0.1/44187] INFO  server.RaftServerConfigKeys (ConfUtils.java:logGet(46)) - raft.server.data-stream.client.pool.size = 10 (default)
2023-04-19 02:32:37,889 [Listener at 127.0.0.1/44187] INFO  netty.NettyConfigKeys$DataStream (ConfUtils.java:logGet(46)) - raft.netty.dataStream.server.use-epoll = false (default)
2023-04-19 02:32:37,889 [Listener at 127.0.0.1/44187] INFO  netty.NettyConfigKeys$DataStream (ConfUtils.java:logGet(46)) - raft.netty.dataStream.server.boss-group.size = 0 (default)
2023-04-19 02:32:37,890 [Listener at 127.0.0.1/44187] INFO  netty.NettyConfigKeys$DataStream (ConfUtils.java:logGet(46)) - raft.netty.dataStream.server.worker-group.size = 0 (default)
2023-04-19 02:32:37,890 [Listener at 127.0.0.1/44187] INFO  netty.NettyConfigKeys$DataStream (ConfUtils.java:logGet(46)) - raft.netty.dataStream.server.tls.conf = null (default)
2023-04-19 02:32:37,890 [Listener at 127.0.0.1/44187] INFO  netty.NettyConfigKeys$DataStream (ConfUtils.java:logGet(46)) - raft.netty.dataStream.host = null (default)
2023-04-19 02:32:37,891 [Listener at 127.0.0.1/44187] INFO  netty.NettyConfigKeys$DataStream (ConfUtils.java:logGet(46)) - raft.netty.dataStream.port = 0 (default)
2023-04-19 02:32:37,891 [Listener at 127.0.0.1/44187] INFO  server.RaftServerConfigKeys (ConfUtils.java:logGet(46)) - raft.server.threadpool.proxy.cached = true (default)
2023-04-19 02:32:37,891 [Listener at 127.0.0.1/44187] INFO  server.RaftServerConfigKeys (ConfUtils.java:logGet(46)) - raft.server.threadpool.proxy.size = 0 (default)
2023-04-19 02:32:37,892 [Listener at 127.0.0.1/44187] INFO  server.RaftServerConfigKeys (ConfUtils.java:logGet(46)) - raft.server.rpc.slowness.timeout = 300s (custom)
2023-04-19 02:32:37,892 [Listener at 127.0.0.1/44187] INFO  server.RaftServerConfigKeys (ConfUtils.java:logGet(46)) - raft.server.leaderelection.leader.step-down.wait-time = 10s (default)
2023-04-19 02:32:37,892 [Listener at 127.0.0.1/44187] INFO  server.RaftServerConfigKeys (ConfUtils.java:logGet(46)) - raft.server.storage.dir = [/home/runner/work/ozone/ozone/hadoop-ozone/integration-test/target/test-dir/MiniOzoneClusterImpl-07705c7f-5198-484a-bec5-3444dac2a9ed/datanode-1/data/ratis] (custom)
2023-04-19 02:32:37,893 [Listener at 127.0.0.1/44187] INFO  server.XceiverServerGrpc (XceiverServerGrpc.java:<init>(132)) - GrpcServer channel type EpollServerSocketChannel
2023-04-19 02:32:37,896 [Listener at 127.0.0.1/44187] INFO  http.BaseHttpServer (BaseHttpServer.java:newHttpServer2BuilderForOzone(224)) - Starting Web-server for hddsDatanode at: http://0.0.0.0:0
2023-04-19 02:32:37,897 [Listener at 127.0.0.1/44187] INFO  http.BaseHttpServer (BaseHttpServer.java:<init>(111)) - Hadoop Security Enabled: false Ozone Security Enabled: false Ozone HTTP Security Enabled: false 
2023-04-19 02:32:37,898 [Listener at 127.0.0.1/44187] WARN  server.AuthenticationFilter (AuthenticationFilter.java:constructSecretProvider(240)) - Unable to initialize FileSignerSecretProvider, falling back to use random secrets. Reason: Could not read signature secret file: /home/runner/hadoop-http-auth-signature-secret
2023-04-19 02:32:37,899 [Listener at 127.0.0.1/44187] INFO  http.HttpRequestLog (HttpRequestLog.java:getRequestLog(86)) - Http request log for http.requests.hddsDatanode is not defined
2023-04-19 02:32:37,900 [Listener at 127.0.0.1/44187] INFO  http.HttpServer2 (HttpServer2.java:addGlobalFilter(1031)) - Added global filter 'safety' (class=org.apache.hadoop.hdds.server.http.HttpServer2$QuotingInputFilter)
2023-04-19 02:32:37,901 [Listener at 127.0.0.1/44187] INFO  http.HttpServer2 (HttpServer2.java:addFilter(1007)) - Added filter static_user_filter (class=org.apache.hadoop.http.lib.StaticUserWebFilter$StaticUserFilter) to context hddsDatanode
2023-04-19 02:32:37,901 [Listener at 127.0.0.1/44187] INFO  http.HttpServer2 (HttpServer2.java:addFilter(1015)) - Added filter static_user_filter (class=org.apache.hadoop.http.lib.StaticUserWebFilter$StaticUserFilter) to context static
2023-04-19 02:32:37,902 [Listener at 127.0.0.1/44187] INFO  http.HttpServer2 (HttpServer2.java:addFilter(1015)) - Added filter static_user_filter (class=org.apache.hadoop.http.lib.StaticUserWebFilter$StaticUserFilter) to context logs
2023-04-19 02:32:37,902 [Listener at 127.0.0.1/44187] INFO  http.BaseHttpServer (BaseHttpServer.java:<init>(190)) - HTTP server of hddsDatanode uses base directory /home/runner/work/ozone/ozone/hadoop-ozone/integration-test/target/test-dir/MiniOzoneClusterImpl-07705c7f-5198-484a-bec5-3444dac2a9ed/datanode-1/meta/webserver
2023-04-19 02:32:37,903 [Listener at 127.0.0.1/44187] INFO  http.HttpServer2 (HttpServer2.java:bindListener(1250)) - Jetty bound to port 44091
2023-04-19 02:32:37,903 [Listener at 127.0.0.1/44187] INFO  server.Server (Server.java:doStart(375)) - jetty-9.4.49.v20220914; built: 2022-09-14T01:07:36.601Z; git: 4231a3b2e4cb8548a412a789936d640a97b1aa0a; jvm 1.8.0_362-b09
2023-04-19 02:32:37,904 [4b35ffa0-8f73-49c2-95c0-d3e82f30c132-NettyServerStreamRpc-bossGroup--thread1] INFO  logging.LoggingHandler (AbstractInternalLogger.java:log(148)) - [id: 0x25d145c0] REGISTERED
2023-04-19 02:32:37,904 [4b35ffa0-8f73-49c2-95c0-d3e82f30c132-NettyServerStreamRpc-bossGroup--thread1] INFO  logging.LoggingHandler (AbstractInternalLogger.java:log(148)) - [id: 0x25d145c0] BIND: 0.0.0.0/0.0.0.0:0
2023-04-19 02:32:37,905 [4b35ffa0-8f73-49c2-95c0-d3e82f30c132-NettyServerStreamRpc-bossGroup--thread1] INFO  logging.LoggingHandler (AbstractInternalLogger.java:log(148)) - [id: 0x25d145c0, L:/0:0:0:0:0:0:0:0:45657] ACTIVE
2023-04-19 02:32:37,909 [Listener at 127.0.0.1/44187] INFO  server.session (DefaultSessionIdManager.java:doStart(334)) - DefaultSessionIdManager workerName=node0
2023-04-19 02:32:37,909 [Listener at 127.0.0.1/44187] INFO  server.session (DefaultSessionIdManager.java:doStart(339)) - No SessionScavenger set, using defaults
2023-04-19 02:32:37,910 [Listener at 127.0.0.1/44187] INFO  server.session (HouseKeeper.java:startScavenging(132)) - node0 Scavenging every 660000ms
2023-04-19 02:32:37,911 [Listener at 127.0.0.1/44187] INFO  handler.ContextHandler (ContextHandler.java:doStart(921)) - Started o.e.j.s.ServletContextHandler@288af9bf{logs,/logs,file:///home/runner/work/ozone/ozone/hadoop-ozone/integration-test/target/log,AVAILABLE}
2023-04-19 02:32:37,911 [Listener at 127.0.0.1/44187] INFO  handler.ContextHandler (ContextHandler.java:doStart(921)) - Started o.e.j.s.ServletContextHandler@7b14cac6{static,/static,jar:file:/home/runner/.m2/repository/org/apache/ozone/hdds-container-service/1.4.0-SNAPSHOT/hdds-container-service-1.4.0-SNAPSHOT.jar!/webapps/static,AVAILABLE}
2023-04-19 02:32:37,953 [SCMBlockDeletingService#0] DEBUG block.SCMBlockDeletingService (SCMBlockDeletingService.java:shouldRun(251)) - Check scm block delete run: false serviceStatus: PAUSING safemodeExitRunDelayMillis: 3000 alreadyWaitTimeInMillis: 1681871557953
2023-04-19 02:32:38,053 [SCMBlockDeletingService#0] DEBUG block.SCMBlockDeletingService (SCMBlockDeletingService.java:shouldRun(251)) - Check scm block delete run: false serviceStatus: PAUSING safemodeExitRunDelayMillis: 3000 alreadyWaitTimeInMillis: 1681871558053
2023-04-19 02:32:38,108 [Listener at 127.0.0.1/44187] INFO  handler.ContextHandler (ContextHandler.java:doStart(921)) - Started o.e.j.w.WebAppContext@36a750d4{hddsDatanode,/,file:///home/runner/work/ozone/ozone/hadoop-ozone/integration-test/target/test-dir/MiniOzoneClusterImpl-07705c7f-5198-484a-bec5-3444dac2a9ed/datanode-1/meta/webserver/jetty-0_0_0_0-44091-hdds-container-service-1_4_0-SNAPSHOT_jar-_-any-5554402117328390293/webapp/,AVAILABLE}{jar:file:/home/runner/.m2/repository/org/apache/ozone/hdds-container-service/1.4.0-SNAPSHOT/hdds-container-service-1.4.0-SNAPSHOT.jar!/webapps/hddsDatanode}
2023-04-19 02:32:38,110 [Listener at 127.0.0.1/44187] INFO  server.AbstractConnector (AbstractConnector.java:doStart(333)) - Started ServerConnector@5e741bad{HTTP/1.1, (http/1.1)}{0.0.0.0:44091}
2023-04-19 02:32:38,110 [Listener at 127.0.0.1/44187] INFO  server.Server (Server.java:doStart(415)) - Started @34118ms
2023-04-19 02:32:38,110 [Listener at 127.0.0.1/44187] WARN  impl.MetricsSystemImpl (MetricsSystemImpl.java:register(279)) - Sink prometheus already exists!
2023-04-19 02:32:38,111 [Listener at 127.0.0.1/44187] INFO  http.BaseHttpServer (BaseHttpServer.java:updateConnectorAddress(344)) - HTTP server of hddsDatanode listening at http://0.0.0.0:44091
2023-04-19 02:32:38,112 [Datanode State Machine Daemon Thread] INFO  statemachine.DatanodeStateMachine (DatanodeStateMachine.java:lambda$startDaemon$0(517)) - Ozone container server started.
2023-04-19 02:32:38,113 [Listener at 127.0.0.1/44187] WARN  impl.MetricRegistriesImpl (MetricRegistriesImpl.java:addReporterRegistration(111)) - New reporters are added after registries were created. Some metrics will be missing from the reporter. Please add reporter before adding any new registry.
2023-04-19 02:32:38,113 [Listener at 127.0.0.1/44187] WARN  impl.MetricRegistriesImpl (MetricRegistriesImpl.java:addReporterRegistration(111)) - New reporters are added after registries were created. Some metrics will be missing from the reporter. Please add reporter before adding any new registry.
2023-04-19 02:32:38,113 [Listener at 127.0.0.1/44187] INFO  impl.MetricsSystemImpl (MetricsSystemImpl.java:init(158)) - HddsDatanode metrics system started (again)
2023-04-19 02:32:38,125 [Listener at 127.0.0.1/44187] INFO  ozone.HddsDatanodeService (HddsDatanodeService.java:start(252)) - HddsDatanodeService host:fv-az127-56.h3uyzbqov44edfyrgkjongjtha.bx.internal.cloudapp.net ip:10.1.164.0
2023-04-19 02:32:38,136 [org.apache.hadoop.util.JvmPauseMonitor$Monitor@6ae6a89a] INFO  util.JvmPauseMonitor (JvmPauseMonitor.java:run(188)) - Starting JVM pause monitor
2023-04-19 02:32:38,139 [Datanode State Machine Task Thread - 0] INFO  datanode.InitDatanodeState (InitDatanodeState.java:persistContainerDatanodeDetails(138)) - DatanodeDetails is persisted to /home/runner/work/ozone/ozone/hadoop-ozone/integration-test/target/test-dir/MiniOzoneClusterImpl-07705c7f-5198-484a-bec5-3444dac2a9ed/datanode-1/meta/datanode.id
2023-04-19 02:32:38,153 [SCMBlockDeletingService#0] DEBUG block.SCMBlockDeletingService (SCMBlockDeletingService.java:shouldRun(251)) - Check scm block delete run: false serviceStatus: PAUSING safemodeExitRunDelayMillis: 3000 alreadyWaitTimeInMillis: 1681871558153
2023-04-19 02:32:38,158 [Listener at 127.0.0.1/44187] INFO  upgrade.AbstractLayoutVersionManager (AbstractLayoutVersionManager.java:init(83)) - Initializing Layout version manager with metadata layout = WEBUI_PORTS_IN_DATANODEDETAILS (version = 6), software layout = WEBUI_PORTS_IN_DATANODEDETAILS (version = 6)
2023-04-19 02:32:38,211 [Listener at 127.0.0.1/44187] INFO  reflections.Reflections (Reflections.java:scan(232)) - Reflections took 51 ms to scan 7 urls, producing 156 keys and 369 values 
2023-04-19 02:32:38,213 [Listener at 127.0.0.1/44187] INFO  statemachine.DatanodeStateMachine (DatanodeStateMachine.java:getEndPointTaskThreadPoolSize(260)) - Datanode State Machine Task Thread Pool size 2
2023-04-19 02:32:38,215 [Listener at 127.0.0.1/44187] INFO  volume.HddsVolume (HddsVolume.java:<init>(130)) - Creating HddsVolume: /home/runner/work/ozone/ozone/hadoop-ozone/integration-test/target/test-dir/MiniOzoneClusterImpl-07705c7f-5198-484a-bec5-3444dac2a9ed/datanode-2/data-0/containers/hdds of storage type : DISK capacity : 9223372036854775807
2023-04-19 02:32:38,215 [Listener at 127.0.0.1/44187] INFO  volume.MutableVolumeSet (MutableVolumeSet.java:initializeVolumeSet(175)) - Added Volume : /home/runner/work/ozone/ozone/hadoop-ozone/integration-test/target/test-dir/MiniOzoneClusterImpl-07705c7f-5198-484a-bec5-3444dac2a9ed/datanode-2/data-0/containers/hdds to VolumeSet
2023-04-19 02:32:38,215 [Listener at 127.0.0.1/44187] INFO  volume.ThrottledAsyncChecker (ThrottledAsyncChecker.java:schedule(141)) - Scheduling a check for /home/runner/work/ozone/ozone/hadoop-ozone/integration-test/target/test-dir/MiniOzoneClusterImpl-07705c7f-5198-484a-bec5-3444dac2a9ed/datanode-2/data-0/containers/hdds
2023-04-19 02:32:38,216 [Listener at 127.0.0.1/44187] INFO  volume.StorageVolumeChecker (StorageVolumeChecker.java:checkAllVolumes(202)) - Scheduled health check for volume /home/runner/work/ozone/ozone/hadoop-ozone/integration-test/target/test-dir/MiniOzoneClusterImpl-07705c7f-5198-484a-bec5-3444dac2a9ed/datanode-2/data-0/containers/hdds
2023-04-19 02:32:38,228 [Listener at 127.0.0.1/44187] INFO  volume.MutableVolumeSet (MutableVolumeSet.java:initializeVolumeSet(175)) - Added Volume : /home/runner/work/ozone/ozone/hadoop-ozone/integration-test/target/test-dir/MiniOzoneClusterImpl-07705c7f-5198-484a-bec5-3444dac2a9ed/datanode-2/data/ratis to VolumeSet
2023-04-19 02:32:38,228 [Listener at 127.0.0.1/44187] INFO  volume.ThrottledAsyncChecker (ThrottledAsyncChecker.java:schedule(141)) - Scheduling a check for /home/runner/work/ozone/ozone/hadoop-ozone/integration-test/target/test-dir/MiniOzoneClusterImpl-07705c7f-5198-484a-bec5-3444dac2a9ed/datanode-2/data/ratis
2023-04-19 02:32:38,228 [Listener at 127.0.0.1/44187] INFO  volume.StorageVolumeChecker (StorageVolumeChecker.java:checkAllVolumes(202)) - Scheduled health check for volume /home/runner/work/ozone/ozone/hadoop-ozone/integration-test/target/test-dir/MiniOzoneClusterImpl-07705c7f-5198-484a-bec5-3444dac2a9ed/datanode-2/data/ratis
2023-04-19 02:32:38,238 [Thread-662] INFO  ozoneimpl.ContainerReader (ContainerReader.java:readVolume(175)) - Finish verifying containers on volume /home/runner/work/ozone/ozone/hadoop-ozone/integration-test/target/test-dir/MiniOzoneClusterImpl-07705c7f-5198-484a-bec5-3444dac2a9ed/datanode-2/data-0/containers/hdds
2023-04-19 02:32:38,238 [Listener at 127.0.0.1/44187] INFO  ozoneimpl.OzoneContainer (OzoneContainer.java:buildContainerSet(303)) - Build ContainerSet costs 0s
2023-04-19 02:32:38,241 [Listener at 127.0.0.1/44187] INFO  server.RaftServer (ConfUtils.java:logGet(46)) - raft.rpc.type = GRPC (default)
2023-04-19 02:32:38,241 [Listener at 127.0.0.1/44187] INFO  grpc.GrpcConfigKeys (ConfUtils.java:logFallback(53)) - raft.grpc.admin.host = null (fallback to raft.grpc.server.host)
2023-04-19 02:32:38,242 [Listener at 127.0.0.1/44187] INFO  grpc.GrpcConfigKeys (ConfUtils.java:logGet(46)) - raft.grpc.admin.port = 0 (custom)
2023-04-19 02:32:38,242 [Listener at 127.0.0.1/44187] INFO  grpc.GrpcConfigKeys (ConfUtils.java:logFallback(53)) - raft.grpc.client.host = null (fallback to raft.grpc.server.host)
2023-04-19 02:32:38,242 [Listener at 127.0.0.1/44187] INFO  grpc.GrpcConfigKeys (ConfUtils.java:logGet(46)) - raft.grpc.client.port = 0 (custom)
2023-04-19 02:32:38,242 [Listener at 127.0.0.1/44187] INFO  grpc.GrpcConfigKeys (ConfUtils.java:logGet(46)) - raft.grpc.server.host = null (default)
2023-04-19 02:32:38,242 [Listener at 127.0.0.1/44187] INFO  grpc.GrpcConfigKeys (ConfUtils.java:logGet(46)) - raft.grpc.server.port = 0 (default)
2023-04-19 02:32:38,242 [Listener at 127.0.0.1/44187] INFO  server.GrpcService (ConfUtils.java:logGet(46)) - raft.grpc.message.size.max = 32MB (=33554432) (custom)
2023-04-19 02:32:38,243 [Listener at 127.0.0.1/44187] INFO  server.RaftServerConfigKeys (ConfUtils.java:logGet(46)) - raft.server.log.appender.buffer.byte-limit = 33554432 (custom)
2023-04-19 02:32:38,243 [Listener at 127.0.0.1/44187] INFO  server.GrpcService (ConfUtils.java:logGet(46)) - raft.grpc.flow.control.window = 5MB (=5242880) (custom)
2023-04-19 02:32:38,243 [Listener at 127.0.0.1/44187] INFO  server.RaftServerConfigKeys (ConfUtils.java:logGet(46)) - raft.server.rpc.request.timeout = 60s (custom)
2023-04-19 02:32:38,243 [Listener at 127.0.0.1/44187] INFO  grpc.GrpcConfigKeys (ConfUtils.java:logGet(46)) - raft.grpc.server.heartbeat.channel = true (default)
2023-04-19 02:32:38,243 [Listener at 127.0.0.1/44187] INFO  grpc.GrpcConfigKeys (ConfUtils.java:logGet(46)) - raft.grpc.server.async.request.thread.pool.cached = true (default)
2023-04-19 02:32:38,243 [Listener at 127.0.0.1/44187] INFO  grpc.GrpcConfigKeys (ConfUtils.java:logGet(46)) - raft.grpc.server.async.request.thread.pool.size = 32 (default)
2023-04-19 02:32:38,245 [Listener at 127.0.0.1/44187] INFO  impl.DataStreamServerImpl (ConfUtils.java:logGet(46)) - raft.datastream.type = NETTY (custom)
2023-04-19 02:32:38,245 [Listener at 127.0.0.1/44187] INFO  server.RaftServerConfigKeys (ConfUtils.java:logGet(46)) - raft.server.data-stream.async.request.thread.pool.cached = false (default)
2023-04-19 02:32:38,245 [Listener at 127.0.0.1/44187] INFO  server.RaftServerConfigKeys (ConfUtils.java:logGet(46)) - raft.server.data-stream.async.request.thread.pool.size = 20 (custom)
2023-04-19 02:32:38,245 [Listener at 127.0.0.1/44187] INFO  server.RaftServerConfigKeys (ConfUtils.java:logGet(46)) - raft.server.data-stream.async.write.thread.pool.size = 16 (default)
2023-04-19 02:32:38,246 [Listener at 127.0.0.1/44187] INFO  server.RaftServerConfigKeys (ConfUtils.java:logGet(46)) - raft.server.data-stream.client.pool.size = 10 (default)
2023-04-19 02:32:38,246 [Listener at 127.0.0.1/44187] INFO  netty.NettyConfigKeys$DataStream (ConfUtils.java:logGet(46)) - raft.netty.dataStream.server.use-epoll = false (default)
2023-04-19 02:32:38,246 [Listener at 127.0.0.1/44187] INFO  netty.NettyConfigKeys$DataStream (ConfUtils.java:logGet(46)) - raft.netty.dataStream.server.boss-group.size = 0 (default)
2023-04-19 02:32:38,246 [Listener at 127.0.0.1/44187] INFO  netty.NettyConfigKeys$DataStream (ConfUtils.java:logGet(46)) - raft.netty.dataStream.server.worker-group.size = 0 (default)
2023-04-19 02:32:38,247 [Listener at 127.0.0.1/44187] INFO  netty.NettyConfigKeys$DataStream (ConfUtils.java:logGet(46)) - raft.netty.dataStream.server.tls.conf = null (default)
2023-04-19 02:32:38,247 [Listener at 127.0.0.1/44187] INFO  netty.NettyConfigKeys$DataStream (ConfUtils.java:logGet(46)) - raft.netty.dataStream.host = null (default)
2023-04-19 02:32:38,247 [Listener at 127.0.0.1/44187] INFO  netty.NettyConfigKeys$DataStream (ConfUtils.java:logGet(46)) - raft.netty.dataStream.port = 0 (default)
2023-04-19 02:32:38,248 [Listener at 127.0.0.1/44187] INFO  server.RaftServerConfigKeys (ConfUtils.java:logGet(46)) - raft.server.threadpool.proxy.cached = true (default)
2023-04-19 02:32:38,250 [Listener at 127.0.0.1/44187] INFO  server.RaftServerConfigKeys (ConfUtils.java:logGet(46)) - raft.server.threadpool.proxy.size = 0 (default)
2023-04-19 02:32:38,250 [Listener at 127.0.0.1/44187] INFO  server.RaftServerConfigKeys (ConfUtils.java:logGet(46)) - raft.server.rpc.slowness.timeout = 300s (custom)
2023-04-19 02:32:38,250 [Listener at 127.0.0.1/44187] INFO  server.RaftServerConfigKeys (ConfUtils.java:logGet(46)) - raft.server.leaderelection.leader.step-down.wait-time = 10s (default)
2023-04-19 02:32:38,250 [Listener at 127.0.0.1/44187] INFO  server.RaftServerConfigKeys (ConfUtils.java:logGet(46)) - raft.server.storage.dir = [/home/runner/work/ozone/ozone/hadoop-ozone/integration-test/target/test-dir/MiniOzoneClusterImpl-07705c7f-5198-484a-bec5-3444dac2a9ed/datanode-2/data/ratis] (custom)
2023-04-19 02:32:38,249 [bc0378cf-3bdb-433c-bc8f-db90f0932c02-NettyServerStreamRpc-bossGroup--thread1] INFO  logging.LoggingHandler (AbstractInternalLogger.java:log(148)) - [id: 0xc2aef06f] REGISTERED
2023-04-19 02:32:38,251 [bc0378cf-3bdb-433c-bc8f-db90f0932c02-NettyServerStreamRpc-bossGroup--thread1] INFO  logging.LoggingHandler (AbstractInternalLogger.java:log(148)) - [id: 0xc2aef06f] BIND: 0.0.0.0/0.0.0.0:0
2023-04-19 02:32:38,251 [bc0378cf-3bdb-433c-bc8f-db90f0932c02-NettyServerStreamRpc-bossGroup--thread1] INFO  logging.LoggingHandler (AbstractInternalLogger.java:log(148)) - [id: 0xc2aef06f, L:/0:0:0:0:0:0:0:0:44687] ACTIVE
2023-04-19 02:32:38,252 [Listener at 127.0.0.1/44187] INFO  server.XceiverServerGrpc (XceiverServerGrpc.java:<init>(132)) - GrpcServer channel type EpollServerSocketChannel
2023-04-19 02:32:38,253 [SCMBlockDeletingService#0] DEBUG block.SCMBlockDeletingService (SCMBlockDeletingService.java:shouldRun(251)) - Check scm block delete run: false serviceStatus: PAUSING safemodeExitRunDelayMillis: 3000 alreadyWaitTimeInMillis: 1681871558253
2023-04-19 02:32:38,258 [Listener at 127.0.0.1/44187] INFO  http.BaseHttpServer (BaseHttpServer.java:newHttpServer2BuilderForOzone(224)) - Starting Web-server for hddsDatanode at: http://0.0.0.0:0
2023-04-19 02:32:38,258 [Listener at 127.0.0.1/44187] INFO  http.BaseHttpServer (BaseHttpServer.java:<init>(111)) - Hadoop Security Enabled: false Ozone Security Enabled: false Ozone HTTP Security Enabled: false 
2023-04-19 02:32:38,260 [Listener at 127.0.0.1/44187] WARN  server.AuthenticationFilter (AuthenticationFilter.java:constructSecretProvider(240)) - Unable to initialize FileSignerSecretProvider, falling back to use random secrets. Reason: Could not read signature secret file: /home/runner/hadoop-http-auth-signature-secret
2023-04-19 02:32:38,260 [Listener at 127.0.0.1/44187] INFO  http.HttpRequestLog (HttpRequestLog.java:getRequestLog(86)) - Http request log for http.requests.hddsDatanode is not defined
2023-04-19 02:32:38,261 [Listener at 127.0.0.1/44187] INFO  http.HttpServer2 (HttpServer2.java:addGlobalFilter(1031)) - Added global filter 'safety' (class=org.apache.hadoop.hdds.server.http.HttpServer2$QuotingInputFilter)
2023-04-19 02:32:38,262 [Listener at 127.0.0.1/44187] INFO  http.HttpServer2 (HttpServer2.java:addFilter(1007)) - Added filter static_user_filter (class=org.apache.hadoop.http.lib.StaticUserWebFilter$StaticUserFilter) to context hddsDatanode
2023-04-19 02:32:38,262 [Listener at 127.0.0.1/44187] INFO  http.HttpServer2 (HttpServer2.java:addFilter(1015)) - Added filter static_user_filter (class=org.apache.hadoop.http.lib.StaticUserWebFilter$StaticUserFilter) to context static
2023-04-19 02:32:38,263 [Listener at 127.0.0.1/44187] INFO  http.HttpServer2 (HttpServer2.java:addFilter(1015)) - Added filter static_user_filter (class=org.apache.hadoop.http.lib.StaticUserWebFilter$StaticUserFilter) to context logs
2023-04-19 02:32:38,263 [Listener at 127.0.0.1/44187] INFO  http.BaseHttpServer (BaseHttpServer.java:<init>(190)) - HTTP server of hddsDatanode uses base directory /home/runner/work/ozone/ozone/hadoop-ozone/integration-test/target/test-dir/MiniOzoneClusterImpl-07705c7f-5198-484a-bec5-3444dac2a9ed/datanode-2/meta/webserver
2023-04-19 02:32:38,263 [Listener at 127.0.0.1/44187] INFO  http.HttpServer2 (HttpServer2.java:bindListener(1250)) - Jetty bound to port 37587
2023-04-19 02:32:38,264 [Listener at 127.0.0.1/44187] INFO  server.Server (Server.java:doStart(375)) - jetty-9.4.49.v20220914; built: 2022-09-14T01:07:36.601Z; git: 4231a3b2e4cb8548a412a789936d640a97b1aa0a; jvm 1.8.0_362-b09
2023-04-19 02:32:38,265 [Listener at 127.0.0.1/44187] INFO  server.session (DefaultSessionIdManager.java:doStart(334)) - DefaultSessionIdManager workerName=node0
2023-04-19 02:32:38,265 [Listener at 127.0.0.1/44187] INFO  server.session (DefaultSessionIdManager.java:doStart(339)) - No SessionScavenger set, using defaults
2023-04-19 02:32:38,266 [Listener at 127.0.0.1/44187] INFO  server.session (HouseKeeper.java:startScavenging(132)) - node0 Scavenging every 600000ms
2023-04-19 02:32:38,266 [Listener at 127.0.0.1/44187] INFO  handler.ContextHandler (ContextHandler.java:doStart(921)) - Started o.e.j.s.ServletContextHandler@13eca161{logs,/logs,file:///home/runner/work/ozone/ozone/hadoop-ozone/integration-test/target/log,AVAILABLE}
2023-04-19 02:32:38,267 [Listener at 127.0.0.1/44187] INFO  handler.ContextHandler (ContextHandler.java:doStart(921)) - Started o.e.j.s.ServletContextHandler@17de104d{static,/static,jar:file:/home/runner/.m2/repository/org/apache/ozone/hdds-container-service/1.4.0-SNAPSHOT/hdds-container-service-1.4.0-SNAPSHOT.jar!/webapps/static,AVAILABLE}
2023-04-19 02:32:38,353 [SCMBlockDeletingService#0] DEBUG block.SCMBlockDeletingService (SCMBlockDeletingService.java:shouldRun(251)) - Check scm block delete run: false serviceStatus: PAUSING safemodeExitRunDelayMillis: 3000 alreadyWaitTimeInMillis: 1681871558353
2023-04-19 02:32:38,453 [SCMBlockDeletingService#0] DEBUG block.SCMBlockDeletingService (SCMBlockDeletingService.java:shouldRun(251)) - Check scm block delete run: false serviceStatus: PAUSING safemodeExitRunDelayMillis: 3000 alreadyWaitTimeInMillis: 1681871558453
2023-04-19 02:32:38,465 [Listener at 127.0.0.1/44187] INFO  handler.ContextHandler (ContextHandler.java:doStart(921)) - Started o.e.j.w.WebAppContext@48ff452{hddsDatanode,/,file:///home/runner/work/ozone/ozone/hadoop-ozone/integration-test/target/test-dir/MiniOzoneClusterImpl-07705c7f-5198-484a-bec5-3444dac2a9ed/datanode-2/meta/webserver/jetty-0_0_0_0-37587-hdds-container-service-1_4_0-SNAPSHOT_jar-_-any-1459780393110916666/webapp/,AVAILABLE}{jar:file:/home/runner/.m2/repository/org/apache/ozone/hdds-container-service/1.4.0-SNAPSHOT/hdds-container-service-1.4.0-SNAPSHOT.jar!/webapps/hddsDatanode}
2023-04-19 02:32:38,466 [Listener at 127.0.0.1/44187] INFO  server.AbstractConnector (AbstractConnector.java:doStart(333)) - Started ServerConnector@61af54da{HTTP/1.1, (http/1.1)}{0.0.0.0:37587}
2023-04-19 02:32:38,466 [Listener at 127.0.0.1/44187] INFO  server.Server (Server.java:doStart(415)) - Started @34474ms
2023-04-19 02:32:38,466 [Listener at 127.0.0.1/44187] WARN  impl.MetricsSystemImpl (MetricsSystemImpl.java:register(279)) - Sink prometheus already exists!
2023-04-19 02:32:38,467 [Listener at 127.0.0.1/44187] INFO  http.BaseHttpServer (BaseHttpServer.java:updateConnectorAddress(344)) - HTTP server of hddsDatanode listening at http://0.0.0.0:37587
2023-04-19 02:32:38,469 [Datanode State Machine Daemon Thread] INFO  statemachine.DatanodeStateMachine (DatanodeStateMachine.java:lambda$startDaemon$0(517)) - Ozone container server started.
2023-04-19 02:32:38,469 [Listener at 127.0.0.1/44187] INFO  ozone.MiniOzoneClusterImpl (MiniOzoneClusterImpl.java:lambda$waitForClusterToBeReady$0(222)) - Waiting for nodes to be ready. Got 0 of 3 DN Heartbeats.
2023-04-19 02:32:38,471 [Listener at 127.0.0.1/44187] INFO  ozone.MiniOzoneClusterImpl (MiniOzoneClusterImpl.java:lambda$waitForClusterToBeReady$0(225)) - Waiting for cluster to exit safe mode
2023-04-19 02:32:38,471 [Listener at 127.0.0.1/44187] INFO  ozone.MiniOzoneClusterImpl (MiniOzoneClusterImpl.java:lambda$waitForClusterToBeReady$0(227)) - SCM became leader
2023-04-19 02:32:38,472 [org.apache.hadoop.util.JvmPauseMonitor$Monitor@23fdc1e0] INFO  util.JvmPauseMonitor (JvmPauseMonitor.java:run(188)) - Starting JVM pause monitor
2023-04-19 02:32:38,474 [Datanode State Machine Task Thread - 0] INFO  datanode.InitDatanodeState (InitDatanodeState.java:persistContainerDatanodeDetails(138)) - DatanodeDetails is persisted to /home/runner/work/ozone/ozone/hadoop-ozone/integration-test/target/test-dir/MiniOzoneClusterImpl-07705c7f-5198-484a-bec5-3444dac2a9ed/datanode-2/meta/datanode.id
2023-04-19 02:32:38,528 [om1@group-C5BA1605619E-FollowerState] INFO  impl.FollowerState (FollowerState.java:run(143)) - om1@group-C5BA1605619E-FollowerState: change to CANDIDATE, lastRpcElapsedTime:1153719963ns, electionTimeout:1153ms
2023-04-19 02:32:38,528 [om1@group-C5BA1605619E-FollowerState] INFO  impl.RoleInfo (RoleInfo.java:shutdownFollowerState(110)) - om1: shutdown om1@group-C5BA1605619E-FollowerState
2023-04-19 02:32:38,529 [om1@group-C5BA1605619E-FollowerState] INFO  server.RaftServer$Division (RaftServerImpl.java:setRole(321)) - om1@group-C5BA1605619E: changes role from  FOLLOWER to CANDIDATE at term 0 for changeToCandidate
2023-04-19 02:32:38,529 [om1@group-C5BA1605619E-FollowerState] INFO  server.RaftServerConfigKeys (ConfUtils.java:logGet(46)) - raft.server.leaderelection.pre-vote = true (default)
2023-04-19 02:32:38,529 [om1@group-C5BA1605619E-FollowerState] INFO  impl.RoleInfo (RoleInfo.java:updateAndGet(139)) - om1: start om1@group-C5BA1605619E-LeaderElection3
2023-04-19 02:32:38,530 [om1@group-C5BA1605619E-LeaderElection3] INFO  impl.LeaderElection (LeaderElection.java:askForVotes(312)) - om1@group-C5BA1605619E-LeaderElection3 PRE_VOTE round 0: submit vote requests at term 0 for -1: peers:[om1|rpc:localhost:9872|priority:0|startupRole:FOLLOWER]|listeners:[], old=null
2023-04-19 02:32:38,530 [om1@group-C5BA1605619E-LeaderElection3] INFO  impl.LeaderElection (LeaderElection.java:askForVotes(314)) - om1@group-C5BA1605619E-LeaderElection3 PRE_VOTE round 0: result PASSED (term=0)
2023-04-19 02:32:38,532 [om1@group-C5BA1605619E-LeaderElection3] INFO  impl.LeaderElection (LeaderElection.java:askForVotes(312)) - om1@group-C5BA1605619E-LeaderElection3 ELECTION round 0: submit vote requests at term 1 for -1: peers:[om1|rpc:localhost:9872|priority:0|startupRole:FOLLOWER]|listeners:[], old=null
2023-04-19 02:32:38,532 [om1@group-C5BA1605619E-LeaderElection3] INFO  impl.LeaderElection (LeaderElection.java:askForVotes(314)) - om1@group-C5BA1605619E-LeaderElection3 ELECTION round 0: result PASSED (term=1)
2023-04-19 02:32:38,532 [om1@group-C5BA1605619E-LeaderElection3] INFO  impl.RoleInfo (RoleInfo.java:shutdownLeaderElection(130)) - om1: shutdown om1@group-C5BA1605619E-LeaderElection3
2023-04-19 02:32:38,532 [om1@group-C5BA1605619E-LeaderElection3] INFO  server.RaftServer$Division (RaftServerImpl.java:setRole(321)) - om1@group-C5BA1605619E: changes role from CANDIDATE to LEADER at term 1 for changeToLeader
2023-04-19 02:32:38,532 [om1@group-C5BA1605619E-LeaderElection3] INFO  server.RaftServer$Division (ServerState.java:setLeader(313)) - om1@group-C5BA1605619E: change Leader from null to om1 at term 1 for becomeLeader, leader elected after 1590ms
2023-04-19 02:32:38,532 [om1@group-C5BA1605619E-LeaderElection3] INFO  server.RaftServerConfigKeys (ConfUtils.java:logGet(46)) - raft.server.staging.catchup.gap = 1000 (default)
2023-04-19 02:32:38,533 [om1@group-C5BA1605619E-LeaderElection3] INFO  server.RaftServerConfigKeys (ConfUtils.java:logGet(46)) - raft.server.write.element-limit = 4096 (default)
2023-04-19 02:32:38,533 [om1@group-C5BA1605619E-LeaderElection3] INFO  server.RaftServerConfigKeys (ConfUtils.java:logGet(46)) - raft.server.write.byte-limit = 64MB (=67108864) (default)
2023-04-19 02:32:38,533 [om1@group-C5BA1605619E-LeaderElection3] INFO  server.RaftServerConfigKeys (ConfUtils.java:logGet(46)) - raft.server.watch.timeout = 10s (default)
2023-04-19 02:32:38,533 [om1@group-C5BA1605619E-LeaderElection3] INFO  server.RaftServerConfigKeys (ConfUtils.java:logGet(46)) - raft.server.watch.timeout.denomination = 1s (default)
2023-04-19 02:32:38,533 [om1@group-C5BA1605619E-LeaderElection3] INFO  server.RaftServerConfigKeys (ConfUtils.java:logGet(46)) - raft.server.watch.element-limit = 65536 (default)
2023-04-19 02:32:38,533 [om1@group-C5BA1605619E-LeaderElection3] INFO  server.RaftServerConfigKeys (ConfUtils.java:logGet(46)) - raft.server.write.element-limit = 4096 (default)
2023-04-19 02:32:38,533 [om1@group-C5BA1605619E-LeaderElection3] INFO  server.RaftServerConfigKeys (ConfUtils.java:logGet(46)) - raft.server.write.follower.gap.ratio.max = -1.0 (default)
2023-04-19 02:32:38,533 [om1@group-C5BA1605619E-LeaderElection3] INFO  impl.RoleInfo (RoleInfo.java:updateAndGet(139)) - om1: start om1@group-C5BA1605619E-LeaderStateImpl
2023-04-19 02:32:38,534 [om1@group-C5BA1605619E-LeaderElection3] INFO  segmented.SegmentedRaftLogWorker (SegmentedRaftLogWorker.java:startLogSegment(452)) - om1@group-C5BA1605619E-SegmentedRaftLogWorker: Starting segment from index:0
2023-04-19 02:32:38,537 [om1@group-C5BA1605619E-LeaderElection3] INFO  server.RaftServer$Division (ServerState.java:setRaftConf(430)) - om1@group-C5BA1605619E: set configuration 0: peers:[om1|rpc:localhost:9872|admin:|client:|dataStream:|priority:0|startupRole:FOLLOWER]|listeners:[], old=null
2023-04-19 02:32:38,545 [om1@group-C5BA1605619E-SegmentedRaftLogWorker] INFO  segmented.SegmentedRaftLogWorker (SegmentedRaftLogWorker.java:execute(656)) - om1@group-C5BA1605619E-SegmentedRaftLogWorker: created new log segment /home/runner/work/ozone/ozone/hadoop-ozone/integration-test/target/test-dir/MiniOzoneClusterImpl-07705c7f-5198-484a-bec5-3444dac2a9ed/ozone-meta/ratis/bf265839-605b-3f16-9796-c5ba1605619e/current/log_inprogress_0
2023-04-19 02:32:38,546 [om1@group-C5BA1605619E-StateMachineUpdater] INFO  ratis.OzoneManagerStateMachine (OzoneManagerStateMachine.java:notifyConfigurationChanged(200)) - Received Configuration change notification from Ratis. New Peer list:
[id: "om1"
address: "localhost:9872"
startupRole: FOLLOWER
]
2023-04-19 02:32:38,553 [SCMBlockDeletingService#0] DEBUG block.SCMBlockDeletingService (SCMBlockDeletingService.java:shouldRun(251)) - Check scm block delete run: false serviceStatus: PAUSING safemodeExitRunDelayMillis: 3000 alreadyWaitTimeInMillis: 1681871558553
2023-04-19 02:32:38,653 [SCMBlockDeletingService#0] DEBUG block.SCMBlockDeletingService (SCMBlockDeletingService.java:shouldRun(251)) - Check scm block delete run: false serviceStatus: PAUSING safemodeExitRunDelayMillis: 3000 alreadyWaitTimeInMillis: 1681871558653
2023-04-19 02:32:38,753 [SCMBlockDeletingService#0] DEBUG block.SCMBlockDeletingService (SCMBlockDeletingService.java:shouldRun(251)) - Check scm block delete run: false serviceStatus: PAUSING safemodeExitRunDelayMillis: 3000 alreadyWaitTimeInMillis: 1681871558753
2023-04-19 02:32:38,853 [SCMBlockDeletingService#0] DEBUG block.SCMBlockDeletingService (SCMBlockDeletingService.java:shouldRun(251)) - Check scm block delete run: false serviceStatus: PAUSING safemodeExitRunDelayMillis: 3000 alreadyWaitTimeInMillis: 1681871558853
2023-04-19 02:32:38,953 [SCMBlockDeletingService#0] DEBUG block.SCMBlockDeletingService (SCMBlockDeletingService.java:shouldRun(251)) - Check scm block delete run: false serviceStatus: PAUSING safemodeExitRunDelayMillis: 3000 alreadyWaitTimeInMillis: 1681871558953
2023-04-19 02:32:39,054 [SCMBlockDeletingService#0] DEBUG block.SCMBlockDeletingService (SCMBlockDeletingService.java:shouldRun(251)) - Check scm block delete run: false serviceStatus: PAUSING safemodeExitRunDelayMillis: 3000 alreadyWaitTimeInMillis: 1681871559053
2023-04-19 02:32:39,154 [SCMBlockDeletingService#0] DEBUG block.SCMBlockDeletingService (SCMBlockDeletingService.java:shouldRun(251)) - Check scm block delete run: false serviceStatus: PAUSING safemodeExitRunDelayMillis: 3000 alreadyWaitTimeInMillis: 1681871559154
2023-04-19 02:32:39,254 [SCMBlockDeletingService#0] DEBUG block.SCMBlockDeletingService (SCMBlockDeletingService.java:shouldRun(251)) - Check scm block delete run: false serviceStatus: PAUSING safemodeExitRunDelayMillis: 3000 alreadyWaitTimeInMillis: 1681871559254
2023-04-19 02:32:39,354 [SCMBlockDeletingService#0] DEBUG block.SCMBlockDeletingService (SCMBlockDeletingService.java:shouldRun(251)) - Check scm block delete run: false serviceStatus: PAUSING safemodeExitRunDelayMillis: 3000 alreadyWaitTimeInMillis: 1681871559354
2023-04-19 02:32:39,454 [SCMBlockDeletingService#0] DEBUG block.SCMBlockDeletingService (SCMBlockDeletingService.java:shouldRun(251)) - Check scm block delete run: false serviceStatus: PAUSING safemodeExitRunDelayMillis: 3000 alreadyWaitTimeInMillis: 1681871559454
2023-04-19 02:32:39,471 [Listener at 127.0.0.1/44187] INFO  ozone.MiniOzoneClusterImpl (MiniOzoneClusterImpl.java:lambda$waitForClusterToBeReady$0(222)) - Waiting for nodes to be ready. Got 0 of 3 DN Heartbeats.
2023-04-19 02:32:39,472 [Listener at 127.0.0.1/44187] INFO  ozone.MiniOzoneClusterImpl (MiniOzoneClusterImpl.java:lambda$waitForClusterToBeReady$0(225)) - Waiting for cluster to exit safe mode
2023-04-19 02:32:39,472 [Listener at 127.0.0.1/44187] INFO  ozone.MiniOzoneClusterImpl (MiniOzoneClusterImpl.java:lambda$waitForClusterToBeReady$0(227)) - SCM became leader
2023-04-19 02:32:39,554 [SCMBlockDeletingService#0] DEBUG block.SCMBlockDeletingService (SCMBlockDeletingService.java:shouldRun(251)) - Check scm block delete run: false serviceStatus: PAUSING safemodeExitRunDelayMillis: 3000 alreadyWaitTimeInMillis: 1681871559554
2023-04-19 02:32:39,654 [SCMBlockDeletingService#0] DEBUG block.SCMBlockDeletingService (SCMBlockDeletingService.java:shouldRun(251)) - Check scm block delete run: false serviceStatus: PAUSING safemodeExitRunDelayMillis: 3000 alreadyWaitTimeInMillis: 1681871559654
2023-04-19 02:32:39,754 [SCMBlockDeletingService#0] DEBUG block.SCMBlockDeletingService (SCMBlockDeletingService.java:shouldRun(251)) - Check scm block delete run: false serviceStatus: PAUSING safemodeExitRunDelayMillis: 3000 alreadyWaitTimeInMillis: 1681871559754
2023-04-19 02:32:39,818 [EndpointStateMachine task thread for /0.0.0.0:40595 - 0 ] INFO  utils.DatanodeStoreCache (DatanodeStoreCache.java:addDB(58)) - Added db /home/runner/work/ozone/ozone/hadoop-ozone/integration-test/target/test-dir/MiniOzoneClusterImpl-07705c7f-5198-484a-bec5-3444dac2a9ed/datanode-0/data-0/containers/hdds/07705c7f-5198-484a-bec5-3444dac2a9ed/DS-aa60553e-bd27-48b6-aba9-ee67be972fe8/container.db to cache
2023-04-19 02:32:39,818 [EndpointStateMachine task thread for /0.0.0.0:40595 - 0 ] INFO  volume.HddsVolume (HddsVolume.java:createDbStore(350)) - SchemaV3 db is created and loaded at /home/runner/work/ozone/ozone/hadoop-ozone/integration-test/target/test-dir/MiniOzoneClusterImpl-07705c7f-5198-484a-bec5-3444dac2a9ed/datanode-0/data-0/containers/hdds/07705c7f-5198-484a-bec5-3444dac2a9ed/DS-aa60553e-bd27-48b6-aba9-ee67be972fe8/container.db for volume DS-aa60553e-bd27-48b6-aba9-ee67be972fe8
2023-04-19 02:32:39,822 [EndpointStateMachine task thread for /0.0.0.0:40595 - 0 ] INFO  ozoneimpl.OzoneContainer (OzoneContainer.java:start(397)) - Attempting to start container services.
2023-04-19 02:32:39,822 [EndpointStateMachine task thread for /0.0.0.0:40595 - 0 ] INFO  ozoneimpl.OzoneContainer (OzoneContainer.java:startContainerScrub(314)) - Scheduled background container scanners and the on-demand container scanner have been disabled.
2023-04-19 02:32:39,824 [EndpointStateMachine task thread for /0.0.0.0:40595 - 0 ] INFO  replication.ReplicationServer (ReplicationServer.java:start(109)) - ReplicationServer is started using port 46637
2023-04-19 02:32:39,825 [EndpointStateMachine task thread for /0.0.0.0:40595 - 0 ] INFO  ratis.XceiverServerRatis (XceiverServerRatis.java:start(517)) - Starting XceiverServerRatis 15488c1c-ff1a-49f6-9596-cf663845e1ec
2023-04-19 02:32:39,845 [EndpointStateMachine task thread for /0.0.0.0:40595 - 0 ] INFO  server.RaftServer (RaftServerProxy.java:startImpl(393)) - 15488c1c-ff1a-49f6-9596-cf663845e1ec: start RPC server
2023-04-19 02:32:39,849 [EndpointStateMachine task thread for /0.0.0.0:40595 - 0 ] INFO  server.GrpcService (GrpcService.java:startImpl(262)) - 15488c1c-ff1a-49f6-9596-cf663845e1ec: GrpcService started, listening on 41855
2023-04-19 02:32:39,850 [EndpointStateMachine task thread for /0.0.0.0:40595 - 0 ] INFO  ratis.XceiverServerRatis (XceiverServerRatis.java:getRealPort(543)) - XceiverServerRatis 15488c1c-ff1a-49f6-9596-cf663845e1ec is started using port 41855 for RATIS
2023-04-19 02:32:39,850 [EndpointStateMachine task thread for /0.0.0.0:40595 - 0 ] INFO  ratis.XceiverServerRatis (XceiverServerRatis.java:getRealPort(543)) - XceiverServerRatis 15488c1c-ff1a-49f6-9596-cf663845e1ec is started using port 41855 for RATIS_ADMIN
2023-04-19 02:32:39,850 [EndpointStateMachine task thread for /0.0.0.0:40595 - 0 ] INFO  ratis.XceiverServerRatis (XceiverServerRatis.java:getRealPort(543)) - XceiverServerRatis 15488c1c-ff1a-49f6-9596-cf663845e1ec is started using port 41855 for RATIS_SERVER
2023-04-19 02:32:39,850 [EndpointStateMachine task thread for /0.0.0.0:40595 - 0 ] INFO  ratis.XceiverServerRatis (XceiverServerRatis.java:getRealPort(543)) - XceiverServerRatis 15488c1c-ff1a-49f6-9596-cf663845e1ec is started using port 35537 for RATIS_DATASTREAM
2023-04-19 02:32:39,850 [JvmPauseMonitor5] INFO  util.JvmPauseMonitor (JvmPauseMonitor.java:run(105)) - JvmPauseMonitor-15488c1c-ff1a-49f6-9596-cf663845e1ec: Started
2023-04-19 02:32:39,854 [SCMBlockDeletingService#0] DEBUG block.SCMBlockDeletingService (SCMBlockDeletingService.java:shouldRun(251)) - Check scm block delete run: false serviceStatus: PAUSING safemodeExitRunDelayMillis: 3000 alreadyWaitTimeInMillis: 1681871559854
2023-04-19 02:32:39,855 [EndpointStateMachine task thread for /0.0.0.0:40595 - 0 ] INFO  server.XceiverServerGrpc (XceiverServerGrpc.java:start(180)) - XceiverServerGrpc 15488c1c-ff1a-49f6-9596-cf663845e1ec is started using port 40597
2023-04-19 02:32:39,871 [BlockDeletingService#0] INFO  interfaces.ContainerDeletionChoosingPolicyTemplate (ContainerDeletionChoosingPolicyTemplate.java:chooseContainerForBlockDeletion(83)) - Chosen 0/5000 blocks from 0 candidate containers.
2023-04-19 02:32:39,954 [SCMBlockDeletingService#0] DEBUG block.SCMBlockDeletingService (SCMBlockDeletingService.java:shouldRun(251)) - Check scm block delete run: false serviceStatus: PAUSING safemodeExitRunDelayMillis: 3000 alreadyWaitTimeInMillis: 1681871559954
2023-04-19 02:32:39,972 [BlockDeletingService#0] INFO  interfaces.ContainerDeletionChoosingPolicyTemplate (ContainerDeletionChoosingPolicyTemplate.java:chooseContainerForBlockDeletion(83)) - Chosen 0/5000 blocks from 0 candidate containers.
2023-04-19 02:32:40,054 [SCMBlockDeletingService#0] DEBUG block.SCMBlockDeletingService (SCMBlockDeletingService.java:shouldRun(251)) - Check scm block delete run: false serviceStatus: PAUSING safemodeExitRunDelayMillis: 3000 alreadyWaitTimeInMillis: 1681871560054
2023-04-19 02:32:40,073 [BlockDeletingService#1] INFO  interfaces.ContainerDeletionChoosingPolicyTemplate (ContainerDeletionChoosingPolicyTemplate.java:chooseContainerForBlockDeletion(83)) - Chosen 0/5000 blocks from 0 candidate containers.
2023-04-19 02:32:40,154 [SCMBlockDeletingService#0] DEBUG block.SCMBlockDeletingService (SCMBlockDeletingService.java:shouldRun(251)) - Check scm block delete run: false serviceStatus: PAUSING safemodeExitRunDelayMillis: 3000 alreadyWaitTimeInMillis: 1681871560154
2023-04-19 02:32:40,165 [EndpointStateMachine task thread for /0.0.0.0:40595 - 0 ] INFO  utils.DatanodeStoreCache (DatanodeStoreCache.java:addDB(58)) - Added db /home/runner/work/ozone/ozone/hadoop-ozone/integration-test/target/test-dir/MiniOzoneClusterImpl-07705c7f-5198-484a-bec5-3444dac2a9ed/datanode-1/data-0/containers/hdds/07705c7f-5198-484a-bec5-3444dac2a9ed/DS-f3e1b936-650d-4f5b-b062-06cc78705729/container.db to cache
2023-04-19 02:32:40,165 [EndpointStateMachine task thread for /0.0.0.0:40595 - 0 ] INFO  volume.HddsVolume (HddsVolume.java:createDbStore(350)) - SchemaV3 db is created and loaded at /home/runner/work/ozone/ozone/hadoop-ozone/integration-test/target/test-dir/MiniOzoneClusterImpl-07705c7f-5198-484a-bec5-3444dac2a9ed/datanode-1/data-0/containers/hdds/07705c7f-5198-484a-bec5-3444dac2a9ed/DS-f3e1b936-650d-4f5b-b062-06cc78705729/container.db for volume DS-f3e1b936-650d-4f5b-b062-06cc78705729
2023-04-19 02:32:40,165 [EndpointStateMachine task thread for /0.0.0.0:40595 - 0 ] INFO  ozoneimpl.OzoneContainer (OzoneContainer.java:start(397)) - Attempting to start container services.
2023-04-19 02:32:40,165 [EndpointStateMachine task thread for /0.0.0.0:40595 - 0 ] INFO  ozoneimpl.OzoneContainer (OzoneContainer.java:startContainerScrub(314)) - Scheduled background container scanners and the on-demand container scanner have been disabled.
2023-04-19 02:32:40,167 [EndpointStateMachine task thread for /0.0.0.0:40595 - 0 ] INFO  replication.ReplicationServer (ReplicationServer.java:start(109)) - ReplicationServer is started using port 40399
2023-04-19 02:32:40,167 [EndpointStateMachine task thread for /0.0.0.0:40595 - 0 ] INFO  ratis.XceiverServerRatis (XceiverServerRatis.java:start(517)) - Starting XceiverServerRatis 4b35ffa0-8f73-49c2-95c0-d3e82f30c132
2023-04-19 02:32:40,168 [EndpointStateMachine task thread for /0.0.0.0:40595 - 0 ] INFO  server.RaftServer (RaftServerProxy.java:startImpl(393)) - 4b35ffa0-8f73-49c2-95c0-d3e82f30c132: start RPC server
2023-04-19 02:32:40,173 [BlockDeletingService#0] INFO  interfaces.ContainerDeletionChoosingPolicyTemplate (ContainerDeletionChoosingPolicyTemplate.java:chooseContainerForBlockDeletion(83)) - Chosen 0/5000 blocks from 0 candidate containers.
2023-04-19 02:32:40,174 [EndpointStateMachine task thread for /0.0.0.0:40595 - 0 ] INFO  server.GrpcService (GrpcService.java:startImpl(262)) - 4b35ffa0-8f73-49c2-95c0-d3e82f30c132: GrpcService started, listening on 38531
2023-04-19 02:32:40,174 [EndpointStateMachine task thread for /0.0.0.0:40595 - 0 ] INFO  ratis.XceiverServerRatis (XceiverServerRatis.java:getRealPort(543)) - XceiverServerRatis 4b35ffa0-8f73-49c2-95c0-d3e82f30c132 is started using port 38531 for RATIS
2023-04-19 02:32:40,174 [JvmPauseMonitor6] INFO  util.JvmPauseMonitor (JvmPauseMonitor.java:run(105)) - JvmPauseMonitor-4b35ffa0-8f73-49c2-95c0-d3e82f30c132: Started
2023-04-19 02:32:40,174 [EndpointStateMachine task thread for /0.0.0.0:40595 - 0 ] INFO  ratis.XceiverServerRatis (XceiverServerRatis.java:getRealPort(543)) - XceiverServerRatis 4b35ffa0-8f73-49c2-95c0-d3e82f30c132 is started using port 38531 for RATIS_ADMIN
2023-04-19 02:32:40,174 [EndpointStateMachine task thread for /0.0.0.0:40595 - 0 ] INFO  ratis.XceiverServerRatis (XceiverServerRatis.java:getRealPort(543)) - XceiverServerRatis 4b35ffa0-8f73-49c2-95c0-d3e82f30c132 is started using port 38531 for RATIS_SERVER
2023-04-19 02:32:40,174 [EndpointStateMachine task thread for /0.0.0.0:40595 - 0 ] INFO  ratis.XceiverServerRatis (XceiverServerRatis.java:getRealPort(543)) - XceiverServerRatis 4b35ffa0-8f73-49c2-95c0-d3e82f30c132 is started using port 45657 for RATIS_DATASTREAM
2023-04-19 02:32:40,176 [EndpointStateMachine task thread for /0.0.0.0:40595 - 0 ] INFO  server.XceiverServerGrpc (XceiverServerGrpc.java:start(180)) - XceiverServerGrpc 4b35ffa0-8f73-49c2-95c0-d3e82f30c132 is started using port 40019
2023-04-19 02:32:40,178 [BlockDeletingService#0] INFO  interfaces.ContainerDeletionChoosingPolicyTemplate (ContainerDeletionChoosingPolicyTemplate.java:chooseContainerForBlockDeletion(83)) - Chosen 0/5000 blocks from 0 candidate containers.
2023-04-19 02:32:40,255 [SCMBlockDeletingService#0] DEBUG block.SCMBlockDeletingService (SCMBlockDeletingService.java:shouldRun(251)) - Check scm block delete run: false serviceStatus: PAUSING safemodeExitRunDelayMillis: 3000 alreadyWaitTimeInMillis: 1681871560255
2023-04-19 02:32:40,273 [BlockDeletingService#2] INFO  interfaces.ContainerDeletionChoosingPolicyTemplate (ContainerDeletionChoosingPolicyTemplate.java:chooseContainerForBlockDeletion(83)) - Chosen 0/5000 blocks from 0 candidate containers.
2023-04-19 02:32:40,278 [BlockDeletingService#0] INFO  interfaces.ContainerDeletionChoosingPolicyTemplate (ContainerDeletionChoosingPolicyTemplate.java:chooseContainerForBlockDeletion(83)) - Chosen 0/5000 blocks from 0 candidate containers.
2023-04-19 02:32:40,355 [SCMBlockDeletingService#0] DEBUG block.SCMBlockDeletingService (SCMBlockDeletingService.java:shouldRun(251)) - Check scm block delete run: false serviceStatus: PAUSING safemodeExitRunDelayMillis: 3000 alreadyWaitTimeInMillis: 1681871560355
2023-04-19 02:32:40,374 [BlockDeletingService#1] INFO  interfaces.ContainerDeletionChoosingPolicyTemplate (ContainerDeletionChoosingPolicyTemplate.java:chooseContainerForBlockDeletion(83)) - Chosen 0/5000 blocks from 0 candidate containers.
2023-04-19 02:32:40,379 [BlockDeletingService#1] INFO  interfaces.ContainerDeletionChoosingPolicyTemplate (ContainerDeletionChoosingPolicyTemplate.java:chooseContainerForBlockDeletion(83)) - Chosen 0/5000 blocks from 0 candidate containers.
2023-04-19 02:32:40,455 [SCMBlockDeletingService#0] DEBUG block.SCMBlockDeletingService (SCMBlockDeletingService.java:shouldRun(251)) - Check scm block delete run: false serviceStatus: PAUSING safemodeExitRunDelayMillis: 3000 alreadyWaitTimeInMillis: 1681871560455
2023-04-19 02:32:40,472 [Listener at 127.0.0.1/44187] INFO  ozone.MiniOzoneClusterImpl (MiniOzoneClusterImpl.java:lambda$waitForClusterToBeReady$0(222)) - Waiting for nodes to be ready. Got 0 of 3 DN Heartbeats.
2023-04-19 02:32:40,473 [Listener at 127.0.0.1/44187] INFO  ozone.MiniOzoneClusterImpl (MiniOzoneClusterImpl.java:lambda$waitForClusterToBeReady$0(225)) - Waiting for cluster to exit safe mode
2023-04-19 02:32:40,473 [Listener at 127.0.0.1/44187] INFO  ozone.MiniOzoneClusterImpl (MiniOzoneClusterImpl.java:lambda$waitForClusterToBeReady$0(227)) - SCM became leader
2023-04-19 02:32:40,475 [BlockDeletingService#3] INFO  interfaces.ContainerDeletionChoosingPolicyTemplate (ContainerDeletionChoosingPolicyTemplate.java:chooseContainerForBlockDeletion(83)) - Chosen 0/5000 blocks from 0 candidate containers.
2023-04-19 02:32:40,479 [BlockDeletingService#0] INFO  interfaces.ContainerDeletionChoosingPolicyTemplate (ContainerDeletionChoosingPolicyTemplate.java:chooseContainerForBlockDeletion(83)) - Chosen 0/5000 blocks from 0 candidate containers.
2023-04-19 02:32:40,505 [EndpointStateMachine task thread for /0.0.0.0:40595 - 0 ] INFO  utils.DatanodeStoreCache (DatanodeStoreCache.java:addDB(58)) - Added db /home/runner/work/ozone/ozone/hadoop-ozone/integration-test/target/test-dir/MiniOzoneClusterImpl-07705c7f-5198-484a-bec5-3444dac2a9ed/datanode-2/data-0/containers/hdds/07705c7f-5198-484a-bec5-3444dac2a9ed/DS-317296e9-20c9-41d6-a183-44adb7fbefac/container.db to cache
2023-04-19 02:32:40,505 [EndpointStateMachine task thread for /0.0.0.0:40595 - 0 ] INFO  volume.HddsVolume (HddsVolume.java:createDbStore(350)) - SchemaV3 db is created and loaded at /home/runner/work/ozone/ozone/hadoop-ozone/integration-test/target/test-dir/MiniOzoneClusterImpl-07705c7f-5198-484a-bec5-3444dac2a9ed/datanode-2/data-0/containers/hdds/07705c7f-5198-484a-bec5-3444dac2a9ed/DS-317296e9-20c9-41d6-a183-44adb7fbefac/container.db for volume DS-317296e9-20c9-41d6-a183-44adb7fbefac
2023-04-19 02:32:40,506 [EndpointStateMachine task thread for /0.0.0.0:40595 - 0 ] INFO  ozoneimpl.OzoneContainer (OzoneContainer.java:start(397)) - Attempting to start container services.
2023-04-19 02:32:40,506 [EndpointStateMachine task thread for /0.0.0.0:40595 - 0 ] INFO  ozoneimpl.OzoneContainer (OzoneContainer.java:startContainerScrub(314)) - Scheduled background container scanners and the on-demand container scanner have been disabled.
2023-04-19 02:32:40,509 [EndpointStateMachine task thread for /0.0.0.0:40595 - 0 ] INFO  replication.ReplicationServer (ReplicationServer.java:start(109)) - ReplicationServer is started using port 45089
2023-04-19 02:32:40,509 [EndpointStateMachine task thread for /0.0.0.0:40595 - 0 ] INFO  ratis.XceiverServerRatis (XceiverServerRatis.java:start(517)) - Starting XceiverServerRatis bc0378cf-3bdb-433c-bc8f-db90f0932c02
2023-04-19 02:32:40,516 [EndpointStateMachine task thread for /0.0.0.0:40595 - 0 ] INFO  server.RaftServer (RaftServerProxy.java:startImpl(393)) - bc0378cf-3bdb-433c-bc8f-db90f0932c02: start RPC server
2023-04-19 02:32:40,523 [EndpointStateMachine task thread for /0.0.0.0:40595 - 0 ] INFO  server.GrpcService (GrpcService.java:startImpl(262)) - bc0378cf-3bdb-433c-bc8f-db90f0932c02: GrpcService started, listening on 33621
2023-04-19 02:32:40,523 [EndpointStateMachine task thread for /0.0.0.0:40595 - 0 ] INFO  ratis.XceiverServerRatis (XceiverServerRatis.java:getRealPort(543)) - XceiverServerRatis bc0378cf-3bdb-433c-bc8f-db90f0932c02 is started using port 33621 for RATIS
2023-04-19 02:32:40,523 [EndpointStateMachine task thread for /0.0.0.0:40595 - 0 ] INFO  ratis.XceiverServerRatis (XceiverServerRatis.java:getRealPort(543)) - XceiverServerRatis bc0378cf-3bdb-433c-bc8f-db90f0932c02 is started using port 33621 for RATIS_ADMIN
2023-04-19 02:32:40,523 [EndpointStateMachine task thread for /0.0.0.0:40595 - 0 ] INFO  ratis.XceiverServerRatis (XceiverServerRatis.java:getRealPort(543)) - XceiverServerRatis bc0378cf-3bdb-433c-bc8f-db90f0932c02 is started using port 33621 for RATIS_SERVER
2023-04-19 02:32:40,523 [EndpointStateMachine task thread for /0.0.0.0:40595 - 0 ] INFO  ratis.XceiverServerRatis (XceiverServerRatis.java:getRealPort(543)) - XceiverServerRatis bc0378cf-3bdb-433c-bc8f-db90f0932c02 is started using port 44687 for RATIS_DATASTREAM
2023-04-19 02:32:40,524 [JvmPauseMonitor7] INFO  util.JvmPauseMonitor (JvmPauseMonitor.java:run(105)) - JvmPauseMonitor-bc0378cf-3bdb-433c-bc8f-db90f0932c02: Started
2023-04-19 02:32:40,528 [EndpointStateMachine task thread for /0.0.0.0:40595 - 0 ] INFO  server.XceiverServerGrpc (XceiverServerGrpc.java:start(180)) - XceiverServerGrpc bc0378cf-3bdb-433c-bc8f-db90f0932c02 is started using port 45323
2023-04-19 02:32:40,529 [BlockDeletingService#0] INFO  interfaces.ContainerDeletionChoosingPolicyTemplate (ContainerDeletionChoosingPolicyTemplate.java:chooseContainerForBlockDeletion(83)) - Chosen 0/5000 blocks from 0 candidate containers.
2023-04-19 02:32:40,555 [SCMBlockDeletingService#0] DEBUG block.SCMBlockDeletingService (SCMBlockDeletingService.java:shouldRun(251)) - Check scm block delete run: false serviceStatus: PAUSING safemodeExitRunDelayMillis: 3000 alreadyWaitTimeInMillis: 1681871560555
2023-04-19 02:32:40,575 [BlockDeletingService#0] INFO  interfaces.ContainerDeletionChoosingPolicyTemplate (ContainerDeletionChoosingPolicyTemplate.java:chooseContainerForBlockDeletion(83)) - Chosen 0/5000 blocks from 0 candidate containers.
2023-04-19 02:32:40,580 [BlockDeletingService#2] INFO  interfaces.ContainerDeletionChoosingPolicyTemplate (ContainerDeletionChoosingPolicyTemplate.java:chooseContainerForBlockDeletion(83)) - Chosen 0/5000 blocks from 0 candidate containers.
2023-04-19 02:32:40,629 [BlockDeletingService#0] INFO  interfaces.ContainerDeletionChoosingPolicyTemplate (ContainerDeletionChoosingPolicyTemplate.java:chooseContainerForBlockDeletion(83)) - Chosen 0/5000 blocks from 0 candidate containers.
2023-04-19 02:32:40,655 [SCMBlockDeletingService#0] DEBUG block.SCMBlockDeletingService (SCMBlockDeletingService.java:shouldRun(251)) - Check scm block delete run: false serviceStatus: PAUSING safemodeExitRunDelayMillis: 3000 alreadyWaitTimeInMillis: 1681871560655
2023-04-19 02:32:40,675 [BlockDeletingService#4] INFO  interfaces.ContainerDeletionChoosingPolicyTemplate (ContainerDeletionChoosingPolicyTemplate.java:chooseContainerForBlockDeletion(83)) - Chosen 0/5000 blocks from 0 candidate containers.
2023-04-19 02:32:40,680 [BlockDeletingService#1] INFO  interfaces.ContainerDeletionChoosingPolicyTemplate (ContainerDeletionChoosingPolicyTemplate.java:chooseContainerForBlockDeletion(83)) - Chosen 0/5000 blocks from 0 candidate containers.
2023-04-19 02:32:40,730 [BlockDeletingService#1] INFO  interfaces.ContainerDeletionChoosingPolicyTemplate (ContainerDeletionChoosingPolicyTemplate.java:chooseContainerForBlockDeletion(83)) - Chosen 0/5000 blocks from 0 candidate containers.
2023-04-19 02:32:40,755 [SCMBlockDeletingService#0] DEBUG block.SCMBlockDeletingService (SCMBlockDeletingService.java:shouldRun(251)) - Check scm block delete run: false serviceStatus: PAUSING safemodeExitRunDelayMillis: 3000 alreadyWaitTimeInMillis: 1681871560755
2023-04-19 02:32:40,776 [BlockDeletingService#2] INFO  interfaces.ContainerDeletionChoosingPolicyTemplate (ContainerDeletionChoosingPolicyTemplate.java:chooseContainerForBlockDeletion(83)) - Chosen 0/5000 blocks from 0 candidate containers.
2023-04-19 02:32:40,780 [BlockDeletingService#3] INFO  interfaces.ContainerDeletionChoosingPolicyTemplate (ContainerDeletionChoosingPolicyTemplate.java:chooseContainerForBlockDeletion(83)) - Chosen 0/5000 blocks from 0 candidate containers.
2023-04-19 02:32:40,831 [BlockDeletingService#0] INFO  interfaces.ContainerDeletionChoosingPolicyTemplate (ContainerDeletionChoosingPolicyTemplate.java:chooseContainerForBlockDeletion(83)) - Chosen 0/5000 blocks from 0 candidate containers.
2023-04-19 02:32:40,855 [SCMBlockDeletingService#0] DEBUG block.SCMBlockDeletingService (SCMBlockDeletingService.java:shouldRun(251)) - Check scm block delete run: false serviceStatus: PAUSING safemodeExitRunDelayMillis: 3000 alreadyWaitTimeInMillis: 1681871560855
2023-04-19 02:32:40,876 [BlockDeletingService#2] INFO  interfaces.ContainerDeletionChoosingPolicyTemplate (ContainerDeletionChoosingPolicyTemplate.java:chooseContainerForBlockDeletion(83)) - Chosen 0/5000 blocks from 0 candidate containers.
2023-04-19 02:32:40,880 [BlockDeletingService#0] INFO  interfaces.ContainerDeletionChoosingPolicyTemplate (ContainerDeletionChoosingPolicyTemplate.java:chooseContainerForBlockDeletion(83)) - Chosen 0/5000 blocks from 0 candidate containers.
2023-04-19 02:32:40,931 [BlockDeletingService#2] INFO  interfaces.ContainerDeletionChoosingPolicyTemplate (ContainerDeletionChoosingPolicyTemplate.java:chooseContainerForBlockDeletion(83)) - Chosen 0/5000 blocks from 0 candidate containers.
2023-04-19 02:32:40,955 [SCMBlockDeletingService#0] DEBUG block.SCMBlockDeletingService (SCMBlockDeletingService.java:shouldRun(251)) - Check scm block delete run: false serviceStatus: PAUSING safemodeExitRunDelayMillis: 3000 alreadyWaitTimeInMillis: 1681871560955
2023-04-19 02:32:40,976 [BlockDeletingService#2] INFO  interfaces.ContainerDeletionChoosingPolicyTemplate (ContainerDeletionChoosingPolicyTemplate.java:chooseContainerForBlockDeletion(83)) - Chosen 0/5000 blocks from 0 candidate containers.
2023-04-19 02:32:40,981 [BlockDeletingService#4] INFO  interfaces.ContainerDeletionChoosingPolicyTemplate (ContainerDeletionChoosingPolicyTemplate.java:chooseContainerForBlockDeletion(83)) - Chosen 0/5000 blocks from 0 candidate containers.
2023-04-19 02:32:41,031 [BlockDeletingService#1] INFO  interfaces.ContainerDeletionChoosingPolicyTemplate (ContainerDeletionChoosingPolicyTemplate.java:chooseContainerForBlockDeletion(83)) - Chosen 0/5000 blocks from 0 candidate containers.
2023-04-19 02:32:41,055 [SCMBlockDeletingService#0] DEBUG block.SCMBlockDeletingService (SCMBlockDeletingService.java:shouldRun(251)) - Check scm block delete run: false serviceStatus: PAUSING safemodeExitRunDelayMillis: 3000 alreadyWaitTimeInMillis: 1681871561055
2023-04-19 02:32:41,077 [BlockDeletingService#2] INFO  interfaces.ContainerDeletionChoosingPolicyTemplate (ContainerDeletionChoosingPolicyTemplate.java:chooseContainerForBlockDeletion(83)) - Chosen 0/5000 blocks from 0 candidate containers.
2023-04-19 02:32:41,081 [BlockDeletingService#2] INFO  interfaces.ContainerDeletionChoosingPolicyTemplate (ContainerDeletionChoosingPolicyTemplate.java:chooseContainerForBlockDeletion(83)) - Chosen 0/5000 blocks from 0 candidate containers.
2023-04-19 02:32:41,131 [BlockDeletingService#3] INFO  interfaces.ContainerDeletionChoosingPolicyTemplate (ContainerDeletionChoosingPolicyTemplate.java:chooseContainerForBlockDeletion(83)) - Chosen 0/5000 blocks from 0 candidate containers.
2023-04-19 02:32:41,155 [SCMBlockDeletingService#0] DEBUG block.SCMBlockDeletingService (SCMBlockDeletingService.java:shouldRun(251)) - Check scm block delete run: false serviceStatus: PAUSING safemodeExitRunDelayMillis: 3000 alreadyWaitTimeInMillis: 1681871561155
2023-04-19 02:32:41,177 [BlockDeletingService#2] INFO  interfaces.ContainerDeletionChoosingPolicyTemplate (ContainerDeletionChoosingPolicyTemplate.java:chooseContainerForBlockDeletion(83)) - Chosen 0/5000 blocks from 0 candidate containers.
2023-04-19 02:32:41,181 [BlockDeletingService#2] INFO  interfaces.ContainerDeletionChoosingPolicyTemplate (ContainerDeletionChoosingPolicyTemplate.java:chooseContainerForBlockDeletion(83)) - Chosen 0/5000 blocks from 0 candidate containers.
2023-04-19 02:32:41,232 [BlockDeletingService#0] INFO  interfaces.ContainerDeletionChoosingPolicyTemplate (ContainerDeletionChoosingPolicyTemplate.java:chooseContainerForBlockDeletion(83)) - Chosen 0/5000 blocks from 0 candidate containers.
2023-04-19 02:32:41,255 [SCMBlockDeletingService#0] DEBUG block.SCMBlockDeletingService (SCMBlockDeletingService.java:shouldRun(251)) - Check scm block delete run: false serviceStatus: PAUSING safemodeExitRunDelayMillis: 3000 alreadyWaitTimeInMillis: 1681871561255
2023-04-19 02:32:41,277 [BlockDeletingService#2] INFO  interfaces.ContainerDeletionChoosingPolicyTemplate (ContainerDeletionChoosingPolicyTemplate.java:chooseContainerForBlockDeletion(83)) - Chosen 0/5000 blocks from 0 candidate containers.
2023-04-19 02:32:41,281 [BlockDeletingService#2] INFO  interfaces.ContainerDeletionChoosingPolicyTemplate (ContainerDeletionChoosingPolicyTemplate.java:chooseContainerForBlockDeletion(83)) - Chosen 0/5000 blocks from 0 candidate containers.
2023-04-19 02:32:41,332 [BlockDeletingService#4] INFO  interfaces.ContainerDeletionChoosingPolicyTemplate (ContainerDeletionChoosingPolicyTemplate.java:chooseContainerForBlockDeletion(83)) - Chosen 0/5000 blocks from 0 candidate containers.
2023-04-19 02:32:41,355 [SCMBlockDeletingService#0] DEBUG block.SCMBlockDeletingService (SCMBlockDeletingService.java:shouldRun(251)) - Check scm block delete run: false serviceStatus: PAUSING safemodeExitRunDelayMillis: 3000 alreadyWaitTimeInMillis: 1681871561355
2023-04-19 02:32:41,378 [BlockDeletingService#2] INFO  interfaces.ContainerDeletionChoosingPolicyTemplate (ContainerDeletionChoosingPolicyTemplate.java:chooseContainerForBlockDeletion(83)) - Chosen 0/5000 blocks from 0 candidate containers.
2023-04-19 02:32:41,381 [BlockDeletingService#2] INFO  interfaces.ContainerDeletionChoosingPolicyTemplate (ContainerDeletionChoosingPolicyTemplate.java:chooseContainerForBlockDeletion(83)) - Chosen 0/5000 blocks from 0 candidate containers.
2023-04-19 02:32:41,432 [BlockDeletingService#2] INFO  interfaces.ContainerDeletionChoosingPolicyTemplate (ContainerDeletionChoosingPolicyTemplate.java:chooseContainerForBlockDeletion(83)) - Chosen 0/5000 blocks from 0 candidate containers.
2023-04-19 02:32:41,455 [SCMBlockDeletingService#0] DEBUG block.SCMBlockDeletingService (SCMBlockDeletingService.java:shouldRun(251)) - Check scm block delete run: false serviceStatus: PAUSING safemodeExitRunDelayMillis: 3000 alreadyWaitTimeInMillis: 1681871561455
2023-04-19 02:32:41,473 [Listener at 127.0.0.1/44187] INFO  ozone.MiniOzoneClusterImpl (MiniOzoneClusterImpl.java:lambda$waitForClusterToBeReady$0(222)) - Waiting for nodes to be ready. Got 0 of 3 DN Heartbeats.
2023-04-19 02:32:41,473 [Listener at 127.0.0.1/44187] INFO  ozone.MiniOzoneClusterImpl (MiniOzoneClusterImpl.java:lambda$waitForClusterToBeReady$0(225)) - Waiting for cluster to exit safe mode
2023-04-19 02:32:41,474 [Listener at 127.0.0.1/44187] INFO  ozone.MiniOzoneClusterImpl (MiniOzoneClusterImpl.java:lambda$waitForClusterToBeReady$0(227)) - SCM became leader
2023-04-19 02:32:41,478 [BlockDeletingService#2] INFO  interfaces.ContainerDeletionChoosingPolicyTemplate (ContainerDeletionChoosingPolicyTemplate.java:chooseContainerForBlockDeletion(83)) - Chosen 0/5000 blocks from 0 candidate containers.
2023-04-19 02:32:41,482 [BlockDeletingService#2] INFO  interfaces.ContainerDeletionChoosingPolicyTemplate (ContainerDeletionChoosingPolicyTemplate.java:chooseContainerForBlockDeletion(83)) - Chosen 0/5000 blocks from 0 candidate containers.
2023-04-19 02:32:41,532 [BlockDeletingService#2] INFO  interfaces.ContainerDeletionChoosingPolicyTemplate (ContainerDeletionChoosingPolicyTemplate.java:chooseContainerForBlockDeletion(83)) - Chosen 0/5000 blocks from 0 candidate containers.
2023-04-19 02:32:41,556 [SCMBlockDeletingService#0] DEBUG block.SCMBlockDeletingService (SCMBlockDeletingService.java:shouldRun(251)) - Check scm block delete run: false serviceStatus: PAUSING safemodeExitRunDelayMillis: 3000 alreadyWaitTimeInMillis: 1681871561556
2023-04-19 02:32:41,578 [BlockDeletingService#4] INFO  interfaces.ContainerDeletionChoosingPolicyTemplate (ContainerDeletionChoosingPolicyTemplate.java:chooseContainerForBlockDeletion(83)) - Chosen 0/5000 blocks from 0 candidate containers.
2023-04-19 02:32:41,582 [BlockDeletingService#2] INFO  interfaces.ContainerDeletionChoosingPolicyTemplate (ContainerDeletionChoosingPolicyTemplate.java:chooseContainerForBlockDeletion(83)) - Chosen 0/5000 blocks from 0 candidate containers.
2023-04-19 02:32:41,633 [BlockDeletingService#2] INFO  interfaces.ContainerDeletionChoosingPolicyTemplate (ContainerDeletionChoosingPolicyTemplate.java:chooseContainerForBlockDeletion(83)) - Chosen 0/5000 blocks from 0 candidate containers.
2023-04-19 02:32:41,656 [SCMBlockDeletingService#0] DEBUG block.SCMBlockDeletingService (SCMBlockDeletingService.java:shouldRun(251)) - Check scm block delete run: false serviceStatus: PAUSING safemodeExitRunDelayMillis: 3000 alreadyWaitTimeInMillis: 1681871561656
2023-04-19 02:32:41,678 [BlockDeletingService#4] INFO  interfaces.ContainerDeletionChoosingPolicyTemplate (ContainerDeletionChoosingPolicyTemplate.java:chooseContainerForBlockDeletion(83)) - Chosen 0/5000 blocks from 0 candidate containers.
2023-04-19 02:32:41,682 [BlockDeletingService#2] INFO  interfaces.ContainerDeletionChoosingPolicyTemplate (ContainerDeletionChoosingPolicyTemplate.java:chooseContainerForBlockDeletion(83)) - Chosen 0/5000 blocks from 0 candidate containers.
2023-04-19 02:32:41,733 [BlockDeletingService#2] INFO  interfaces.ContainerDeletionChoosingPolicyTemplate (ContainerDeletionChoosingPolicyTemplate.java:chooseContainerForBlockDeletion(83)) - Chosen 0/5000 blocks from 0 candidate containers.
2023-04-19 02:32:41,756 [SCMBlockDeletingService#0] DEBUG block.SCMBlockDeletingService (SCMBlockDeletingService.java:shouldRun(251)) - Check scm block delete run: false serviceStatus: PAUSING safemodeExitRunDelayMillis: 3000 alreadyWaitTimeInMillis: 1681871561756
2023-04-19 02:32:41,778 [BlockDeletingService#4] INFO  interfaces.ContainerDeletionChoosingPolicyTemplate (ContainerDeletionChoosingPolicyTemplate.java:chooseContainerForBlockDeletion(83)) - Chosen 0/5000 blocks from 0 candidate containers.
2023-04-19 02:32:41,782 [BlockDeletingService#2] INFO  interfaces.ContainerDeletionChoosingPolicyTemplate (ContainerDeletionChoosingPolicyTemplate.java:chooseContainerForBlockDeletion(83)) - Chosen 0/5000 blocks from 0 candidate containers.
2023-04-19 02:32:41,783 [IPC Server handler 0 on default port 40595] INFO  net.NetworkTopologyImpl (NetworkTopologyImpl.java:add(112)) - Added a new node: /default-rack/15488c1c-ff1a-49f6-9596-cf663845e1ec
2023-04-19 02:32:41,783 [IPC Server handler 0 on default port 40595] INFO  node.SCMNodeManager (SCMNodeManager.java:register(404)) - Registered Data node : 15488c1c-ff1a-49f6-9596-cf663845e1ec{ip: 10.1.164.0, host: fv-az127-56.h3uyzbqov44edfyrgkjongjtha.bx.internal.cloudapp.net, ports: [HTTP=41343, REPLICATION=46637, RATIS=41855, RATIS_ADMIN=41855, RATIS_SERVER=41855, RATIS_DATASTREAM=35537, STANDALONE=40597], networkLocation: /default-rack, certSerialId: null, persistedOpState: null, persistedOpStateExpiryEpochSec: 0}
2023-04-19 02:32:41,785 [EventQueue-NodeRegistrationContainerReportForDataNodeSafeModeRule] INFO  safemode.SCMSafeModeManager (DataNodeSafeModeRule.java:process(71)) - SCM in safe mode. 1 DataNodes registered, 3 required.
2023-04-19 02:32:41,785 [EventQueue-NodeRegistrationContainerReportForContainerSafeModeRule] INFO  safemode.SCMSafeModeManager (SCMSafeModeManager.java:validateSafeModeExitRules(200)) - ContainerSafeModeRule rule is successfully validated
2023-04-19 02:32:41,789 [EventQueue-NewNodeForNewNodeHandler] INFO  pipeline.BackgroundPipelineCreator (BackgroundPipelineCreator.java:notifyEventTriggered(276)) - trigger a one-shot run on RatisPipelineUtilsThread.
2023-04-19 02:32:41,791 [EventQueue-PipelineReportForOneReplicaPipelineSafeModeRule] INFO  safemode.SCMSafeModeManager (SCMSafeModeManager.java:validateSafeModeExitRules(200)) - AtleastOneDatanodeReportedRule rule is successfully validated
2023-04-19 02:32:41,833 [BlockDeletingService#2] INFO  interfaces.ContainerDeletionChoosingPolicyTemplate (ContainerDeletionChoosingPolicyTemplate.java:chooseContainerForBlockDeletion(83)) - Chosen 0/5000 blocks from 0 candidate containers.
2023-04-19 02:32:41,856 [SCMBlockDeletingService#0] DEBUG block.SCMBlockDeletingService (SCMBlockDeletingService.java:shouldRun(251)) - Check scm block delete run: false serviceStatus: PAUSING safemodeExitRunDelayMillis: 3000 alreadyWaitTimeInMillis: 1681871561856
2023-04-19 02:32:41,879 [BlockDeletingService#4] INFO  interfaces.ContainerDeletionChoosingPolicyTemplate (ContainerDeletionChoosingPolicyTemplate.java:chooseContainerForBlockDeletion(83)) - Chosen 0/5000 blocks from 0 candidate containers.
2023-04-19 02:32:41,882 [BlockDeletingService#2] INFO  interfaces.ContainerDeletionChoosingPolicyTemplate (ContainerDeletionChoosingPolicyTemplate.java:chooseContainerForBlockDeletion(83)) - Chosen 0/5000 blocks from 0 candidate containers.
2023-04-19 02:32:41,933 [BlockDeletingService#2] INFO  interfaces.ContainerDeletionChoosingPolicyTemplate (ContainerDeletionChoosingPolicyTemplate.java:chooseContainerForBlockDeletion(83)) - Chosen 0/5000 blocks from 0 candidate containers.
2023-04-19 02:32:41,956 [SCMBlockDeletingService#0] DEBUG block.SCMBlockDeletingService (SCMBlockDeletingService.java:shouldRun(251)) - Check scm block delete run: false serviceStatus: PAUSING safemodeExitRunDelayMillis: 3000 alreadyWaitTimeInMillis: 1681871561956
2023-04-19 02:32:41,979 [BlockDeletingService#4] INFO  interfaces.ContainerDeletionChoosingPolicyTemplate (ContainerDeletionChoosingPolicyTemplate.java:chooseContainerForBlockDeletion(83)) - Chosen 0/5000 blocks from 0 candidate containers.
2023-04-19 02:32:41,982 [BlockDeletingService#2] INFO  interfaces.ContainerDeletionChoosingPolicyTemplate (ContainerDeletionChoosingPolicyTemplate.java:chooseContainerForBlockDeletion(83)) - Chosen 0/5000 blocks from 0 candidate containers.
2023-04-19 02:32:42,034 [BlockDeletingService#2] INFO  interfaces.ContainerDeletionChoosingPolicyTemplate (ContainerDeletionChoosingPolicyTemplate.java:chooseContainerForBlockDeletion(83)) - Chosen 0/5000 blocks from 0 candidate containers.
2023-04-19 02:32:42,056 [SCMBlockDeletingService#0] DEBUG block.SCMBlockDeletingService (SCMBlockDeletingService.java:shouldRun(251)) - Check scm block delete run: false serviceStatus: PAUSING safemodeExitRunDelayMillis: 3000 alreadyWaitTimeInMillis: 1681871562056
2023-04-19 02:32:42,079 [BlockDeletingService#4] INFO  interfaces.ContainerDeletionChoosingPolicyTemplate (ContainerDeletionChoosingPolicyTemplate.java:chooseContainerForBlockDeletion(83)) - Chosen 0/5000 blocks from 0 candidate containers.
2023-04-19 02:32:42,083 [BlockDeletingService#2] INFO  interfaces.ContainerDeletionChoosingPolicyTemplate (ContainerDeletionChoosingPolicyTemplate.java:chooseContainerForBlockDeletion(83)) - Chosen 0/5000 blocks from 0 candidate containers.
2023-04-19 02:32:42,134 [BlockDeletingService#2] INFO  interfaces.ContainerDeletionChoosingPolicyTemplate (ContainerDeletionChoosingPolicyTemplate.java:chooseContainerForBlockDeletion(83)) - Chosen 0/5000 blocks from 0 candidate containers.
2023-04-19 02:32:42,135 [IPC Server handler 1 on default port 40595] INFO  net.NetworkTopologyImpl (NetworkTopologyImpl.java:add(112)) - Added a new node: /default-rack/4b35ffa0-8f73-49c2-95c0-d3e82f30c132
2023-04-19 02:32:42,136 [IPC Server handler 1 on default port 40595] INFO  node.SCMNodeManager (SCMNodeManager.java:register(404)) - Registered Data node : 4b35ffa0-8f73-49c2-95c0-d3e82f30c132{ip: 10.1.164.0, host: fv-az127-56.h3uyzbqov44edfyrgkjongjtha.bx.internal.cloudapp.net, ports: [HTTP=44091, REPLICATION=40399, RATIS=38531, RATIS_ADMIN=38531, RATIS_SERVER=38531, RATIS_DATASTREAM=45657, STANDALONE=40019], networkLocation: /default-rack, certSerialId: null, persistedOpState: null, persistedOpStateExpiryEpochSec: 0}
2023-04-19 02:32:42,136 [EventQueue-NewNodeForNewNodeHandler] INFO  pipeline.BackgroundPipelineCreator (BackgroundPipelineCreator.java:notifyEventTriggered(276)) - trigger a one-shot run on RatisPipelineUtilsThread.
2023-04-19 02:32:42,137 [EventQueue-NodeRegistrationContainerReportForDataNodeSafeModeRule] INFO  safemode.SCMSafeModeManager (DataNodeSafeModeRule.java:process(71)) - SCM in safe mode. 2 DataNodes registered, 3 required.
2023-04-19 02:32:42,156 [SCMBlockDeletingService#0] DEBUG block.SCMBlockDeletingService (SCMBlockDeletingService.java:shouldRun(251)) - Check scm block delete run: false serviceStatus: PAUSING safemodeExitRunDelayMillis: 3000 alreadyWaitTimeInMillis: 1681871562156
2023-04-19 02:32:42,179 [BlockDeletingService#4] INFO  interfaces.ContainerDeletionChoosingPolicyTemplate (ContainerDeletionChoosingPolicyTemplate.java:chooseContainerForBlockDeletion(83)) - Chosen 0/5000 blocks from 0 candidate containers.
2023-04-19 02:32:42,183 [BlockDeletingService#2] INFO  interfaces.ContainerDeletionChoosingPolicyTemplate (ContainerDeletionChoosingPolicyTemplate.java:chooseContainerForBlockDeletion(83)) - Chosen 0/5000 blocks from 0 candidate containers.
2023-04-19 02:32:42,234 [BlockDeletingService#2] INFO  interfaces.ContainerDeletionChoosingPolicyTemplate (ContainerDeletionChoosingPolicyTemplate.java:chooseContainerForBlockDeletion(83)) - Chosen 0/5000 blocks from 0 candidate containers.
2023-04-19 02:32:42,256 [SCMBlockDeletingService#0] DEBUG block.SCMBlockDeletingService (SCMBlockDeletingService.java:shouldRun(251)) - Check scm block delete run: false serviceStatus: PAUSING safemodeExitRunDelayMillis: 3000 alreadyWaitTimeInMillis: 1681871562256
2023-04-19 02:32:42,279 [BlockDeletingService#4] INFO  interfaces.ContainerDeletionChoosingPolicyTemplate (ContainerDeletionChoosingPolicyTemplate.java:chooseContainerForBlockDeletion(83)) - Chosen 0/5000 blocks from 0 candidate containers.
2023-04-19 02:32:42,283 [BlockDeletingService#2] INFO  interfaces.ContainerDeletionChoosingPolicyTemplate (ContainerDeletionChoosingPolicyTemplate.java:chooseContainerForBlockDeletion(83)) - Chosen 0/5000 blocks from 0 candidate containers.
2023-04-19 02:32:42,334 [BlockDeletingService#2] INFO  interfaces.ContainerDeletionChoosingPolicyTemplate (ContainerDeletionChoosingPolicyTemplate.java:chooseContainerForBlockDeletion(83)) - Chosen 0/5000 blocks from 0 candidate containers.
2023-04-19 02:32:42,356 [SCMBlockDeletingService#0] DEBUG block.SCMBlockDeletingService (SCMBlockDeletingService.java:shouldRun(251)) - Check scm block delete run: false serviceStatus: PAUSING safemodeExitRunDelayMillis: 3000 alreadyWaitTimeInMillis: 1681871562356
2023-04-19 02:32:42,380 [BlockDeletingService#4] INFO  interfaces.ContainerDeletionChoosingPolicyTemplate (ContainerDeletionChoosingPolicyTemplate.java:chooseContainerForBlockDeletion(83)) - Chosen 0/5000 blocks from 0 candidate containers.
2023-04-19 02:32:42,383 [BlockDeletingService#2] INFO  interfaces.ContainerDeletionChoosingPolicyTemplate (ContainerDeletionChoosingPolicyTemplate.java:chooseContainerForBlockDeletion(83)) - Chosen 0/5000 blocks from 0 candidate containers.
2023-04-19 02:32:42,435 [BlockDeletingService#2] INFO  interfaces.ContainerDeletionChoosingPolicyTemplate (ContainerDeletionChoosingPolicyTemplate.java:chooseContainerForBlockDeletion(83)) - Chosen 0/5000 blocks from 0 candidate containers.
2023-04-19 02:32:42,456 [SCMBlockDeletingService#0] DEBUG block.SCMBlockDeletingService (SCMBlockDeletingService.java:shouldRun(251)) - Check scm block delete run: false serviceStatus: PAUSING safemodeExitRunDelayMillis: 3000 alreadyWaitTimeInMillis: 1681871562456
2023-04-19 02:32:42,474 [Listener at 127.0.0.1/44187] INFO  ozone.MiniOzoneClusterImpl (MiniOzoneClusterImpl.java:lambda$waitForClusterToBeReady$0(222)) - Waiting for nodes to be ready. Got 2 of 3 DN Heartbeats.
2023-04-19 02:32:42,474 [Listener at 127.0.0.1/44187] INFO  ozone.MiniOzoneClusterImpl (MiniOzoneClusterImpl.java:lambda$waitForClusterToBeReady$0(225)) - Waiting for cluster to exit safe mode
2023-04-19 02:32:42,474 [Listener at 127.0.0.1/44187] INFO  ozone.MiniOzoneClusterImpl (MiniOzoneClusterImpl.java:lambda$waitForClusterToBeReady$0(227)) - SCM became leader
2023-04-19 02:32:42,476 [IPC Server handler 2 on default port 40595] INFO  net.NetworkTopologyImpl (NetworkTopologyImpl.java:add(112)) - Added a new node: /default-rack/bc0378cf-3bdb-433c-bc8f-db90f0932c02
2023-04-19 02:32:42,476 [IPC Server handler 2 on default port 40595] INFO  node.SCMNodeManager (SCMNodeManager.java:register(404)) - Registered Data node : bc0378cf-3bdb-433c-bc8f-db90f0932c02{ip: 10.1.164.0, host: fv-az127-56.h3uyzbqov44edfyrgkjongjtha.bx.internal.cloudapp.net, ports: [HTTP=37587, REPLICATION=45089, RATIS=33621, RATIS_ADMIN=33621, RATIS_SERVER=33621, RATIS_DATASTREAM=44687, STANDALONE=45323], networkLocation: /default-rack, certSerialId: null, persistedOpState: null, persistedOpStateExpiryEpochSec: 0}
2023-04-19 02:32:42,477 [EventQueue-NodeRegistrationContainerReportForDataNodeSafeModeRule] INFO  safemode.SCMSafeModeManager (DataNodeSafeModeRule.java:process(71)) - SCM in safe mode. 3 DataNodes registered, 3 required.
2023-04-19 02:32:42,477 [EventQueue-NodeRegistrationContainerReportForDataNodeSafeModeRule] INFO  safemode.SCMSafeModeManager (SCMSafeModeManager.java:validateSafeModeExitRules(200)) - DataNodeSafeModeRule rule is successfully validated
2023-04-19 02:32:42,477 [EventQueue-NodeRegistrationContainerReportForDataNodeSafeModeRule] INFO  safemode.SCMSafeModeManager (SCMSafeModeManager.java:completePreCheck(229)) - All SCM safe mode pre check rules have passed
2023-04-19 02:32:42,477 [EventQueue-NodeRegistrationContainerReportForDataNodeSafeModeRule] INFO  ha.SCMContext (SCMContext.java:updateSafeModeStatus(228)) - Update SafeModeStatus from SafeModeStatus{safeModeStatus=true, preCheckPassed=false} to SafeModeStatus{safeModeStatus=true, preCheckPassed=true}.
2023-04-19 02:32:42,477 [EventQueue-NodeRegistrationContainerReportForDataNodeSafeModeRule] INFO  pipeline.BackgroundPipelineCreator (BackgroundPipelineCreator.java:notifyEventTriggered(276)) - trigger a one-shot run on RatisPipelineUtilsThread.
2023-04-19 02:32:42,478 [RatisPipelineUtilsThread - 0] INFO  pipeline.RatisPipelineProvider (RatisPipelineProvider.java:lambda$create$0(206)) - Sending CreatePipelineCommand for pipeline:PipelineID=47ca2eb6-cbc1-4dd0-8b98-7a7bec77320f to datanode:bc0378cf-3bdb-433c-bc8f-db90f0932c02
2023-04-19 02:32:42,479 [RatisPipelineUtilsThread - 0] INFO  pipeline.RatisPipelineProvider (RatisPipelineProvider.java:lambda$create$0(206)) - Sending CreatePipelineCommand for pipeline:PipelineID=47ca2eb6-cbc1-4dd0-8b98-7a7bec77320f to datanode:15488c1c-ff1a-49f6-9596-cf663845e1ec
2023-04-19 02:32:42,479 [RatisPipelineUtilsThread - 0] INFO  pipeline.RatisPipelineProvider (RatisPipelineProvider.java:lambda$create$0(206)) - Sending CreatePipelineCommand for pipeline:PipelineID=47ca2eb6-cbc1-4dd0-8b98-7a7bec77320f to datanode:4b35ffa0-8f73-49c2-95c0-d3e82f30c132
2023-04-19 02:32:42,479 [EventQueue-NewNodeForNewNodeHandler] INFO  pipeline.BackgroundPipelineCreator (BackgroundPipelineCreator.java:notifyEventTriggered(276)) - trigger a one-shot run on RatisPipelineUtilsThread.
2023-04-19 02:32:42,479 [RatisPipelineUtilsThread - 0] INFO  pipeline.PipelineStateManagerImpl (PipelineStateManagerImpl.java:addPipeline(103)) - Created pipeline Pipeline[ Id: 47ca2eb6-cbc1-4dd0-8b98-7a7bec77320f, Nodes: bc0378cf-3bdb-433c-bc8f-db90f0932c02(fv-az127-56.h3uyzbqov44edfyrgkjongjtha.bx.internal.cloudapp.net/10.1.164.0)15488c1c-ff1a-49f6-9596-cf663845e1ec(fv-az127-56.h3uyzbqov44edfyrgkjongjtha.bx.internal.cloudapp.net/10.1.164.0)4b35ffa0-8f73-49c2-95c0-d3e82f30c132(fv-az127-56.h3uyzbqov44edfyrgkjongjtha.bx.internal.cloudapp.net/10.1.164.0), ReplicationConfig: RATIS/THREE, State:ALLOCATED, leaderId:, CreationTimestamp2023-04-19T02:32:42.478Z[Etc/UTC]].
2023-04-19 02:32:42,480 [RatisPipelineUtilsThread - 0] WARN  pipeline.PipelinePlacementPolicy (PipelinePlacementPolicy.java:filterViableNodes(160)) - Pipeline creation failed due to no sufficient healthy datanodes. Required 3. Found 0. Excluded 3.
2023-04-19 02:32:42,480 [RatisPipelineUtilsThread - 0] WARN  pipeline.PipelinePlacementPolicy (PipelinePlacementPolicy.java:filterViableNodes(160)) - Pipeline creation failed due to no sufficient healthy datanodes. Required 3. Found 0. Excluded 3.
2023-04-19 02:32:42,480 [BlockDeletingService#4] INFO  interfaces.ContainerDeletionChoosingPolicyTemplate (ContainerDeletionChoosingPolicyTemplate.java:chooseContainerForBlockDeletion(83)) - Chosen 0/5000 blocks from 0 candidate containers.
2023-04-19 02:32:42,483 [BlockDeletingService#2] INFO  interfaces.ContainerDeletionChoosingPolicyTemplate (ContainerDeletionChoosingPolicyTemplate.java:chooseContainerForBlockDeletion(83)) - Chosen 0/5000 blocks from 0 candidate containers.
2023-04-19 02:32:42,535 [BlockDeletingService#2] INFO  interfaces.ContainerDeletionChoosingPolicyTemplate (ContainerDeletionChoosingPolicyTemplate.java:chooseContainerForBlockDeletion(83)) - Chosen 0/5000 blocks from 0 candidate containers.
2023-04-19 02:32:42,556 [SCMBlockDeletingService#0] DEBUG block.SCMBlockDeletingService (SCMBlockDeletingService.java:shouldRun(251)) - Check scm block delete run: false serviceStatus: PAUSING safemodeExitRunDelayMillis: 3000 alreadyWaitTimeInMillis: 1681871562556
2023-04-19 02:32:42,581 [BlockDeletingService#4] INFO  interfaces.ContainerDeletionChoosingPolicyTemplate (ContainerDeletionChoosingPolicyTemplate.java:chooseContainerForBlockDeletion(83)) - Chosen 0/5000 blocks from 0 candidate containers.
2023-04-19 02:32:42,584 [BlockDeletingService#2] INFO  interfaces.ContainerDeletionChoosingPolicyTemplate (ContainerDeletionChoosingPolicyTemplate.java:chooseContainerForBlockDeletion(83)) - Chosen 0/5000 blocks from 0 candidate containers.
2023-04-19 02:32:42,635 [BlockDeletingService#2] INFO  interfaces.ContainerDeletionChoosingPolicyTemplate (ContainerDeletionChoosingPolicyTemplate.java:chooseContainerForBlockDeletion(83)) - Chosen 0/5000 blocks from 0 candidate containers.
2023-04-19 02:32:42,656 [SCMBlockDeletingService#0] DEBUG block.SCMBlockDeletingService (SCMBlockDeletingService.java:shouldRun(251)) - Check scm block delete run: false serviceStatus: PAUSING safemodeExitRunDelayMillis: 3000 alreadyWaitTimeInMillis: 1681871562656
2023-04-19 02:32:42,682 [BlockDeletingService#4] INFO  interfaces.ContainerDeletionChoosingPolicyTemplate (ContainerDeletionChoosingPolicyTemplate.java:chooseContainerForBlockDeletion(83)) - Chosen 0/5000 blocks from 0 candidate containers.
2023-04-19 02:32:42,684 [BlockDeletingService#2] INFO  interfaces.ContainerDeletionChoosingPolicyTemplate (ContainerDeletionChoosingPolicyTemplate.java:chooseContainerForBlockDeletion(83)) - Chosen 0/5000 blocks from 0 candidate containers.
2023-04-19 02:32:42,736 [BlockDeletingService#2] INFO  interfaces.ContainerDeletionChoosingPolicyTemplate (ContainerDeletionChoosingPolicyTemplate.java:chooseContainerForBlockDeletion(83)) - Chosen 0/5000 blocks from 0 candidate containers.
2023-04-19 02:32:42,756 [SCMBlockDeletingService#0] DEBUG block.SCMBlockDeletingService (SCMBlockDeletingService.java:shouldRun(251)) - Check scm block delete run: false serviceStatus: PAUSING safemodeExitRunDelayMillis: 3000 alreadyWaitTimeInMillis: 1681871562756
2023-04-19 02:32:42,782 [BlockDeletingService#4] INFO  interfaces.ContainerDeletionChoosingPolicyTemplate (ContainerDeletionChoosingPolicyTemplate.java:chooseContainerForBlockDeletion(83)) - Chosen 0/5000 blocks from 0 candidate containers.
2023-04-19 02:32:42,784 [BlockDeletingService#2] INFO  interfaces.ContainerDeletionChoosingPolicyTemplate (ContainerDeletionChoosingPolicyTemplate.java:chooseContainerForBlockDeletion(83)) - Chosen 0/5000 blocks from 0 candidate containers.
2023-04-19 02:32:42,836 [BlockDeletingService#2] INFO  interfaces.ContainerDeletionChoosingPolicyTemplate (ContainerDeletionChoosingPolicyTemplate.java:chooseContainerForBlockDeletion(83)) - Chosen 0/5000 blocks from 0 candidate containers.
2023-04-19 02:32:42,857 [SCMBlockDeletingService#0] DEBUG block.SCMBlockDeletingService (SCMBlockDeletingService.java:shouldRun(251)) - Check scm block delete run: false serviceStatus: PAUSING safemodeExitRunDelayMillis: 3000 alreadyWaitTimeInMillis: 1681871562857
2023-04-19 02:32:42,882 [BlockDeletingService#4] INFO  interfaces.ContainerDeletionChoosingPolicyTemplate (ContainerDeletionChoosingPolicyTemplate.java:chooseContainerForBlockDeletion(83)) - Chosen 0/5000 blocks from 0 candidate containers.
2023-04-19 02:32:42,884 [BlockDeletingService#2] INFO  interfaces.ContainerDeletionChoosingPolicyTemplate (ContainerDeletionChoosingPolicyTemplate.java:chooseContainerForBlockDeletion(83)) - Chosen 0/5000 blocks from 0 candidate containers.
2023-04-19 02:32:42,936 [BlockDeletingService#2] INFO  interfaces.ContainerDeletionChoosingPolicyTemplate (ContainerDeletionChoosingPolicyTemplate.java:chooseContainerForBlockDeletion(83)) - Chosen 0/5000 blocks from 0 candidate containers.
2023-04-19 02:32:42,957 [SCMBlockDeletingService#0] DEBUG block.SCMBlockDeletingService (SCMBlockDeletingService.java:shouldRun(251)) - Check scm block delete run: false serviceStatus: PAUSING safemodeExitRunDelayMillis: 3000 alreadyWaitTimeInMillis: 1681871562957
2023-04-19 02:32:42,982 [BlockDeletingService#4] INFO  interfaces.ContainerDeletionChoosingPolicyTemplate (ContainerDeletionChoosingPolicyTemplate.java:chooseContainerForBlockDeletion(83)) - Chosen 0/5000 blocks from 0 candidate containers.
2023-04-19 02:32:42,984 [BlockDeletingService#2] INFO  interfaces.ContainerDeletionChoosingPolicyTemplate (ContainerDeletionChoosingPolicyTemplate.java:chooseContainerForBlockDeletion(83)) - Chosen 0/5000 blocks from 0 candidate containers.
2023-04-19 02:32:43,036 [BlockDeletingService#2] INFO  interfaces.ContainerDeletionChoosingPolicyTemplate (ContainerDeletionChoosingPolicyTemplate.java:chooseContainerForBlockDeletion(83)) - Chosen 0/5000 blocks from 0 candidate containers.
2023-04-19 02:32:43,057 [SCMBlockDeletingService#0] DEBUG block.SCMBlockDeletingService (SCMBlockDeletingService.java:shouldRun(251)) - Check scm block delete run: false serviceStatus: PAUSING safemodeExitRunDelayMillis: 3000 alreadyWaitTimeInMillis: 1681871563057
2023-04-19 02:32:43,082 [BlockDeletingService#4] INFO  interfaces.ContainerDeletionChoosingPolicyTemplate (ContainerDeletionChoosingPolicyTemplate.java:chooseContainerForBlockDeletion(83)) - Chosen 0/5000 blocks from 0 candidate containers.
2023-04-19 02:32:43,084 [BlockDeletingService#2] INFO  interfaces.ContainerDeletionChoosingPolicyTemplate (ContainerDeletionChoosingPolicyTemplate.java:chooseContainerForBlockDeletion(83)) - Chosen 0/5000 blocks from 0 candidate containers.
2023-04-19 02:32:43,137 [BlockDeletingService#2] INFO  interfaces.ContainerDeletionChoosingPolicyTemplate (ContainerDeletionChoosingPolicyTemplate.java:chooseContainerForBlockDeletion(83)) - Chosen 0/5000 blocks from 0 candidate containers.
2023-04-19 02:32:43,157 [SCMBlockDeletingService#0] DEBUG block.SCMBlockDeletingService (SCMBlockDeletingService.java:shouldRun(251)) - Check scm block delete run: false serviceStatus: PAUSING safemodeExitRunDelayMillis: 3000 alreadyWaitTimeInMillis: 1681871563157
2023-04-19 02:32:43,183 [BlockDeletingService#4] INFO  interfaces.ContainerDeletionChoosingPolicyTemplate (ContainerDeletionChoosingPolicyTemplate.java:chooseContainerForBlockDeletion(83)) - Chosen 0/5000 blocks from 0 candidate containers.
2023-04-19 02:32:43,184 [BlockDeletingService#2] INFO  interfaces.ContainerDeletionChoosingPolicyTemplate (ContainerDeletionChoosingPolicyTemplate.java:chooseContainerForBlockDeletion(83)) - Chosen 0/5000 blocks from 0 candidate containers.
2023-04-19 02:32:43,237 [BlockDeletingService#2] INFO  interfaces.ContainerDeletionChoosingPolicyTemplate (ContainerDeletionChoosingPolicyTemplate.java:chooseContainerForBlockDeletion(83)) - Chosen 0/5000 blocks from 0 candidate containers.
2023-04-19 02:32:43,257 [SCMBlockDeletingService#0] DEBUG block.SCMBlockDeletingService (SCMBlockDeletingService.java:shouldRun(251)) - Check scm block delete run: false serviceStatus: PAUSING safemodeExitRunDelayMillis: 3000 alreadyWaitTimeInMillis: 1681871563257
2023-04-19 02:32:43,283 [BlockDeletingService#4] INFO  interfaces.ContainerDeletionChoosingPolicyTemplate (ContainerDeletionChoosingPolicyTemplate.java:chooseContainerForBlockDeletion(83)) - Chosen 0/5000 blocks from 0 candidate containers.
2023-04-19 02:32:43,285 [BlockDeletingService#2] INFO  interfaces.ContainerDeletionChoosingPolicyTemplate (ContainerDeletionChoosingPolicyTemplate.java:chooseContainerForBlockDeletion(83)) - Chosen 0/5000 blocks from 0 candidate containers.
2023-04-19 02:32:43,337 [BlockDeletingService#2] INFO  interfaces.ContainerDeletionChoosingPolicyTemplate (ContainerDeletionChoosingPolicyTemplate.java:chooseContainerForBlockDeletion(83)) - Chosen 0/5000 blocks from 0 candidate containers.
2023-04-19 02:32:43,357 [SCMBlockDeletingService#0] DEBUG block.SCMBlockDeletingService (SCMBlockDeletingService.java:shouldRun(251)) - Check scm block delete run: false serviceStatus: PAUSING safemodeExitRunDelayMillis: 3000 alreadyWaitTimeInMillis: 1681871563357
2023-04-19 02:32:43,383 [BlockDeletingService#4] INFO  interfaces.ContainerDeletionChoosingPolicyTemplate (ContainerDeletionChoosingPolicyTemplate.java:chooseContainerForBlockDeletion(83)) - Chosen 0/5000 blocks from 0 candidate containers.
2023-04-19 02:32:43,385 [BlockDeletingService#2] INFO  interfaces.ContainerDeletionChoosingPolicyTemplate (ContainerDeletionChoosingPolicyTemplate.java:chooseContainerForBlockDeletion(83)) - Chosen 0/5000 blocks from 0 candidate containers.
2023-04-19 02:32:43,438 [BlockDeletingService#2] INFO  interfaces.ContainerDeletionChoosingPolicyTemplate (ContainerDeletionChoosingPolicyTemplate.java:chooseContainerForBlockDeletion(83)) - Chosen 0/5000 blocks from 0 candidate containers.
2023-04-19 02:32:43,457 [SCMBlockDeletingService#0] DEBUG block.SCMBlockDeletingService (SCMBlockDeletingService.java:shouldRun(251)) - Check scm block delete run: false serviceStatus: PAUSING safemodeExitRunDelayMillis: 3000 alreadyWaitTimeInMillis: 1681871563457
2023-04-19 02:32:43,475 [Listener at 127.0.0.1/44187] INFO  ozone.MiniOzoneClusterImpl (MiniOzoneClusterImpl.java:lambda$waitForClusterToBeReady$0(222)) - Nodes are ready. Got 3 of 3 DN Heartbeats.
2023-04-19 02:32:43,475 [Listener at 127.0.0.1/44187] INFO  ozone.MiniOzoneClusterImpl (MiniOzoneClusterImpl.java:lambda$waitForClusterToBeReady$0(225)) - Waiting for cluster to exit safe mode
2023-04-19 02:32:43,475 [Listener at 127.0.0.1/44187] INFO  ozone.MiniOzoneClusterImpl (MiniOzoneClusterImpl.java:lambda$waitForClusterToBeReady$0(227)) - SCM became leader
2023-04-19 02:32:43,483 [BlockDeletingService#4] INFO  interfaces.ContainerDeletionChoosingPolicyTemplate (ContainerDeletionChoosingPolicyTemplate.java:chooseContainerForBlockDeletion(83)) - Chosen 0/5000 blocks from 0 candidate containers.
2023-04-19 02:32:43,485 [BlockDeletingService#2] INFO  interfaces.ContainerDeletionChoosingPolicyTemplate (ContainerDeletionChoosingPolicyTemplate.java:chooseContainerForBlockDeletion(83)) - Chosen 0/5000 blocks from 0 candidate containers.
2023-04-19 02:32:43,538 [BlockDeletingService#2] INFO  interfaces.ContainerDeletionChoosingPolicyTemplate (ContainerDeletionChoosingPolicyTemplate.java:chooseContainerForBlockDeletion(83)) - Chosen 0/5000 blocks from 0 candidate containers.
2023-04-19 02:32:43,557 [SCMBlockDeletingService#0] DEBUG block.SCMBlockDeletingService (SCMBlockDeletingService.java:shouldRun(251)) - Check scm block delete run: false serviceStatus: PAUSING safemodeExitRunDelayMillis: 3000 alreadyWaitTimeInMillis: 1681871563557
2023-04-19 02:32:43,583 [BlockDeletingService#4] INFO  interfaces.ContainerDeletionChoosingPolicyTemplate (ContainerDeletionChoosingPolicyTemplate.java:chooseContainerForBlockDeletion(83)) - Chosen 0/5000 blocks from 0 candidate containers.
2023-04-19 02:32:43,585 [BlockDeletingService#2] INFO  interfaces.ContainerDeletionChoosingPolicyTemplate (ContainerDeletionChoosingPolicyTemplate.java:chooseContainerForBlockDeletion(83)) - Chosen 0/5000 blocks from 0 candidate containers.
2023-04-19 02:32:43,638 [BlockDeletingService#2] INFO  interfaces.ContainerDeletionChoosingPolicyTemplate (ContainerDeletionChoosingPolicyTemplate.java:chooseContainerForBlockDeletion(83)) - Chosen 0/5000 blocks from 0 candidate containers.
2023-04-19 02:32:43,657 [SCMBlockDeletingService#0] DEBUG block.SCMBlockDeletingService (SCMBlockDeletingService.java:shouldRun(251)) - Check scm block delete run: false serviceStatus: PAUSING safemodeExitRunDelayMillis: 3000 alreadyWaitTimeInMillis: 1681871563657
2023-04-19 02:32:43,684 [BlockDeletingService#4] INFO  interfaces.ContainerDeletionChoosingPolicyTemplate (ContainerDeletionChoosingPolicyTemplate.java:chooseContainerForBlockDeletion(83)) - Chosen 0/5000 blocks from 0 candidate containers.
2023-04-19 02:32:43,685 [BlockDeletingService#2] INFO  interfaces.ContainerDeletionChoosingPolicyTemplate (ContainerDeletionChoosingPolicyTemplate.java:chooseContainerForBlockDeletion(83)) - Chosen 0/5000 blocks from 0 candidate containers.
2023-04-19 02:32:43,738 [BlockDeletingService#2] INFO  interfaces.ContainerDeletionChoosingPolicyTemplate (ContainerDeletionChoosingPolicyTemplate.java:chooseContainerForBlockDeletion(83)) - Chosen 0/5000 blocks from 0 candidate containers.
2023-04-19 02:32:43,757 [SCMBlockDeletingService#0] DEBUG block.SCMBlockDeletingService (SCMBlockDeletingService.java:shouldRun(251)) - Check scm block delete run: false serviceStatus: PAUSING safemodeExitRunDelayMillis: 3000 alreadyWaitTimeInMillis: 1681871563757
2023-04-19 02:32:43,784 [BlockDeletingService#4] INFO  interfaces.ContainerDeletionChoosingPolicyTemplate (ContainerDeletionChoosingPolicyTemplate.java:chooseContainerForBlockDeletion(83)) - Chosen 0/5000 blocks from 0 candidate containers.
2023-04-19 02:32:43,786 [BlockDeletingService#2] INFO  interfaces.ContainerDeletionChoosingPolicyTemplate (ContainerDeletionChoosingPolicyTemplate.java:chooseContainerForBlockDeletion(83)) - Chosen 0/5000 blocks from 0 candidate containers.
2023-04-19 02:32:43,839 [BlockDeletingService#2] INFO  interfaces.ContainerDeletionChoosingPolicyTemplate (ContainerDeletionChoosingPolicyTemplate.java:chooseContainerForBlockDeletion(83)) - Chosen 0/5000 blocks from 0 candidate containers.
2023-04-19 02:32:43,857 [SCMBlockDeletingService#0] DEBUG block.SCMBlockDeletingService (SCMBlockDeletingService.java:shouldRun(251)) - Check scm block delete run: false serviceStatus: PAUSING safemodeExitRunDelayMillis: 3000 alreadyWaitTimeInMillis: 1681871563857
2023-04-19 02:32:43,884 [BlockDeletingService#4] INFO  interfaces.ContainerDeletionChoosingPolicyTemplate (ContainerDeletionChoosingPolicyTemplate.java:chooseContainerForBlockDeletion(83)) - Chosen 0/5000 blocks from 0 candidate containers.
2023-04-19 02:32:43,886 [BlockDeletingService#2] INFO  interfaces.ContainerDeletionChoosingPolicyTemplate (ContainerDeletionChoosingPolicyTemplate.java:chooseContainerForBlockDeletion(83)) - Chosen 0/5000 blocks from 0 candidate containers.
2023-04-19 02:32:43,939 [BlockDeletingService#2] INFO  interfaces.ContainerDeletionChoosingPolicyTemplate (ContainerDeletionChoosingPolicyTemplate.java:chooseContainerForBlockDeletion(83)) - Chosen 0/5000 blocks from 0 candidate containers.
2023-04-19 02:32:43,957 [SCMBlockDeletingService#0] DEBUG block.SCMBlockDeletingService (SCMBlockDeletingService.java:shouldRun(251)) - Check scm block delete run: false serviceStatus: PAUSING safemodeExitRunDelayMillis: 3000 alreadyWaitTimeInMillis: 1681871563957
2023-04-19 02:32:43,985 [BlockDeletingService#4] INFO  interfaces.ContainerDeletionChoosingPolicyTemplate (ContainerDeletionChoosingPolicyTemplate.java:chooseContainerForBlockDeletion(83)) - Chosen 0/5000 blocks from 0 candidate containers.
2023-04-19 02:32:43,986 [BlockDeletingService#2] INFO  interfaces.ContainerDeletionChoosingPolicyTemplate (ContainerDeletionChoosingPolicyTemplate.java:chooseContainerForBlockDeletion(83)) - Chosen 0/5000 blocks from 0 candidate containers.
2023-04-19 02:32:44,039 [BlockDeletingService#2] INFO  interfaces.ContainerDeletionChoosingPolicyTemplate (ContainerDeletionChoosingPolicyTemplate.java:chooseContainerForBlockDeletion(83)) - Chosen 0/5000 blocks from 0 candidate containers.
2023-04-19 02:32:44,057 [SCMBlockDeletingService#0] DEBUG block.SCMBlockDeletingService (SCMBlockDeletingService.java:shouldRun(251)) - Check scm block delete run: false serviceStatus: PAUSING safemodeExitRunDelayMillis: 3000 alreadyWaitTimeInMillis: 1681871564057
2023-04-19 02:32:44,085 [BlockDeletingService#4] INFO  interfaces.ContainerDeletionChoosingPolicyTemplate (ContainerDeletionChoosingPolicyTemplate.java:chooseContainerForBlockDeletion(83)) - Chosen 0/5000 blocks from 0 candidate containers.
2023-04-19 02:32:44,086 [BlockDeletingService#2] INFO  interfaces.ContainerDeletionChoosingPolicyTemplate (ContainerDeletionChoosingPolicyTemplate.java:chooseContainerForBlockDeletion(83)) - Chosen 0/5000 blocks from 0 candidate containers.
2023-04-19 02:32:44,140 [BlockDeletingService#2] INFO  interfaces.ContainerDeletionChoosingPolicyTemplate (ContainerDeletionChoosingPolicyTemplate.java:chooseContainerForBlockDeletion(83)) - Chosen 0/5000 blocks from 0 candidate containers.
2023-04-19 02:32:44,158 [SCMBlockDeletingService#0] DEBUG block.SCMBlockDeletingService (SCMBlockDeletingService.java:shouldRun(251)) - Check scm block delete run: false serviceStatus: PAUSING safemodeExitRunDelayMillis: 3000 alreadyWaitTimeInMillis: 1681871564158
2023-04-19 02:32:44,185 [BlockDeletingService#4] INFO  interfaces.ContainerDeletionChoosingPolicyTemplate (ContainerDeletionChoosingPolicyTemplate.java:chooseContainerForBlockDeletion(83)) - Chosen 0/5000 blocks from 0 candidate containers.
2023-04-19 02:32:44,186 [BlockDeletingService#2] INFO  interfaces.ContainerDeletionChoosingPolicyTemplate (ContainerDeletionChoosingPolicyTemplate.java:chooseContainerForBlockDeletion(83)) - Chosen 0/5000 blocks from 0 candidate containers.
2023-04-19 02:32:44,240 [BlockDeletingService#2] INFO  interfaces.ContainerDeletionChoosingPolicyTemplate (ContainerDeletionChoosingPolicyTemplate.java:chooseContainerForBlockDeletion(83)) - Chosen 0/5000 blocks from 0 candidate containers.
2023-04-19 02:32:44,258 [SCMBlockDeletingService#0] DEBUG block.SCMBlockDeletingService (SCMBlockDeletingService.java:shouldRun(251)) - Check scm block delete run: false serviceStatus: PAUSING safemodeExitRunDelayMillis: 3000 alreadyWaitTimeInMillis: 1681871564258
2023-04-19 02:32:44,285 [BlockDeletingService#4] INFO  interfaces.ContainerDeletionChoosingPolicyTemplate (ContainerDeletionChoosingPolicyTemplate.java:chooseContainerForBlockDeletion(83)) - Chosen 0/5000 blocks from 0 candidate containers.
2023-04-19 02:32:44,287 [BlockDeletingService#2] INFO  interfaces.ContainerDeletionChoosingPolicyTemplate (ContainerDeletionChoosingPolicyTemplate.java:chooseContainerForBlockDeletion(83)) - Chosen 0/5000 blocks from 0 candidate containers.
2023-04-19 02:32:44,340 [BlockDeletingService#2] INFO  interfaces.ContainerDeletionChoosingPolicyTemplate (ContainerDeletionChoosingPolicyTemplate.java:chooseContainerForBlockDeletion(83)) - Chosen 0/5000 blocks from 0 candidate containers.
2023-04-19 02:32:44,358 [SCMBlockDeletingService#0] DEBUG block.SCMBlockDeletingService (SCMBlockDeletingService.java:shouldRun(251)) - Check scm block delete run: false serviceStatus: PAUSING safemodeExitRunDelayMillis: 3000 alreadyWaitTimeInMillis: 1681871564358
2023-04-19 02:32:44,385 [BlockDeletingService#4] INFO  interfaces.ContainerDeletionChoosingPolicyTemplate (ContainerDeletionChoosingPolicyTemplate.java:chooseContainerForBlockDeletion(83)) - Chosen 0/5000 blocks from 0 candidate containers.
2023-04-19 02:32:44,387 [BlockDeletingService#2] INFO  interfaces.ContainerDeletionChoosingPolicyTemplate (ContainerDeletionChoosingPolicyTemplate.java:chooseContainerForBlockDeletion(83)) - Chosen 0/5000 blocks from 0 candidate containers.
2023-04-19 02:32:44,440 [BlockDeletingService#2] INFO  interfaces.ContainerDeletionChoosingPolicyTemplate (ContainerDeletionChoosingPolicyTemplate.java:chooseContainerForBlockDeletion(83)) - Chosen 0/5000 blocks from 0 candidate containers.
2023-04-19 02:32:44,458 [SCMBlockDeletingService#0] DEBUG block.SCMBlockDeletingService (SCMBlockDeletingService.java:shouldRun(251)) - Check scm block delete run: false serviceStatus: PAUSING safemodeExitRunDelayMillis: 3000 alreadyWaitTimeInMillis: 1681871564458
2023-04-19 02:32:44,475 [Listener at 127.0.0.1/44187] INFO  ozone.MiniOzoneClusterImpl (MiniOzoneClusterImpl.java:lambda$waitForClusterToBeReady$0(222)) - Nodes are ready. Got 3 of 3 DN Heartbeats.
2023-04-19 02:32:44,476 [Listener at 127.0.0.1/44187] INFO  ozone.MiniOzoneClusterImpl (MiniOzoneClusterImpl.java:lambda$waitForClusterToBeReady$0(225)) - Waiting for cluster to exit safe mode
2023-04-19 02:32:44,476 [Listener at 127.0.0.1/44187] INFO  ozone.MiniOzoneClusterImpl (MiniOzoneClusterImpl.java:lambda$waitForClusterToBeReady$0(227)) - SCM became leader
2023-04-19 02:32:44,486 [BlockDeletingService#4] INFO  interfaces.ContainerDeletionChoosingPolicyTemplate (ContainerDeletionChoosingPolicyTemplate.java:chooseContainerForBlockDeletion(83)) - Chosen 0/5000 blocks from 0 candidate containers.
2023-04-19 02:32:44,487 [BlockDeletingService#2] INFO  interfaces.ContainerDeletionChoosingPolicyTemplate (ContainerDeletionChoosingPolicyTemplate.java:chooseContainerForBlockDeletion(83)) - Chosen 0/5000 blocks from 0 candidate containers.
2023-04-19 02:32:44,541 [BlockDeletingService#2] INFO  interfaces.ContainerDeletionChoosingPolicyTemplate (ContainerDeletionChoosingPolicyTemplate.java:chooseContainerForBlockDeletion(83)) - Chosen 0/5000 blocks from 0 candidate containers.
2023-04-19 02:32:44,558 [SCMBlockDeletingService#0] DEBUG block.SCMBlockDeletingService (SCMBlockDeletingService.java:shouldRun(251)) - Check scm block delete run: false serviceStatus: PAUSING safemodeExitRunDelayMillis: 3000 alreadyWaitTimeInMillis: 1681871564558
2023-04-19 02:32:44,586 [BlockDeletingService#4] INFO  interfaces.ContainerDeletionChoosingPolicyTemplate (ContainerDeletionChoosingPolicyTemplate.java:chooseContainerForBlockDeletion(83)) - Chosen 0/5000 blocks from 0 candidate containers.
2023-04-19 02:32:44,587 [BlockDeletingService#2] INFO  interfaces.ContainerDeletionChoosingPolicyTemplate (ContainerDeletionChoosingPolicyTemplate.java:chooseContainerForBlockDeletion(83)) - Chosen 0/5000 blocks from 0 candidate containers.
2023-04-19 02:32:44,641 [BlockDeletingService#2] INFO  interfaces.ContainerDeletionChoosingPolicyTemplate (ContainerDeletionChoosingPolicyTemplate.java:chooseContainerForBlockDeletion(83)) - Chosen 0/5000 blocks from 0 candidate containers.
2023-04-19 02:32:44,658 [SCMBlockDeletingService#0] DEBUG block.SCMBlockDeletingService (SCMBlockDeletingService.java:shouldRun(251)) - Check scm block delete run: false serviceStatus: PAUSING safemodeExitRunDelayMillis: 3000 alreadyWaitTimeInMillis: 1681871564658
2023-04-19 02:32:44,686 [BlockDeletingService#4] INFO  interfaces.ContainerDeletionChoosingPolicyTemplate (ContainerDeletionChoosingPolicyTemplate.java:chooseContainerForBlockDeletion(83)) - Chosen 0/5000 blocks from 0 candidate containers.
2023-04-19 02:32:44,687 [BlockDeletingService#2] INFO  interfaces.ContainerDeletionChoosingPolicyTemplate (ContainerDeletionChoosingPolicyTemplate.java:chooseContainerForBlockDeletion(83)) - Chosen 0/5000 blocks from 0 candidate containers.
2023-04-19 02:32:44,741 [BlockDeletingService#2] INFO  interfaces.ContainerDeletionChoosingPolicyTemplate (ContainerDeletionChoosingPolicyTemplate.java:chooseContainerForBlockDeletion(83)) - Chosen 0/5000 blocks from 0 candidate containers.
2023-04-19 02:32:44,758 [SCMBlockDeletingService#0] DEBUG block.SCMBlockDeletingService (SCMBlockDeletingService.java:shouldRun(251)) - Check scm block delete run: false serviceStatus: PAUSING safemodeExitRunDelayMillis: 3000 alreadyWaitTimeInMillis: 1681871564758
2023-04-19 02:32:44,782 [Command processor thread] INFO  server.RaftServer (RaftServerProxy.java:addNew(96)) - 15488c1c-ff1a-49f6-9596-cf663845e1ec: addNew group-7A7BEC77320F:[4b35ffa0-8f73-49c2-95c0-d3e82f30c132|rpc:10.1.164.0:38531|dataStream:10.1.164.0:45657|priority:0|startupRole:FOLLOWER, bc0378cf-3bdb-433c-bc8f-db90f0932c02|rpc:10.1.164.0:33621|dataStream:10.1.164.0:44687|priority:0|startupRole:FOLLOWER, 15488c1c-ff1a-49f6-9596-cf663845e1ec|rpc:10.1.164.0:41855|dataStream:10.1.164.0:35537|priority:1|startupRole:FOLLOWER] returns group-7A7BEC77320F:java.util.concurrent.CompletableFuture@2a304f0c[Not completed]
2023-04-19 02:32:44,783 [pool-234-thread-1] INFO  server.RaftServer$Division (RaftServerImpl.java:<init>(195)) - 15488c1c-ff1a-49f6-9596-cf663845e1ec: new RaftServerImpl for group-7A7BEC77320F:[4b35ffa0-8f73-49c2-95c0-d3e82f30c132|rpc:10.1.164.0:38531|dataStream:10.1.164.0:45657|priority:0|startupRole:FOLLOWER, bc0378cf-3bdb-433c-bc8f-db90f0932c02|rpc:10.1.164.0:33621|dataStream:10.1.164.0:44687|priority:0|startupRole:FOLLOWER, 15488c1c-ff1a-49f6-9596-cf663845e1ec|rpc:10.1.164.0:41855|dataStream:10.1.164.0:35537|priority:1|startupRole:FOLLOWER] with ContainerStateMachine:uninitialized
2023-04-19 02:32:44,783 [pool-234-thread-1] INFO  server.RaftServerConfigKeys (ConfUtils.java:logGet(46)) - raft.server.rpc.timeout.min = 5s (custom)
2023-04-19 02:32:44,783 [pool-234-thread-1] INFO  server.RaftServerConfigKeys (ConfUtils.java:logGet(46)) - raft.server.rpc.timeout.max = 5200ms (custom)
2023-04-19 02:32:44,783 [pool-234-thread-1] INFO  server.RaftServerConfigKeys (ConfUtils.java:logGet(46)) - raft.server.rpc.sleep.time = 25ms (default)
2023-04-19 02:32:44,783 [pool-234-thread-1] INFO  server.RaftServerConfigKeys (ConfUtils.java:logGet(46)) - raft.server.rpc.slowness.timeout = 300s (custom)
2023-04-19 02:32:44,783 [pool-234-thread-1] INFO  server.RaftServerConfigKeys (ConfUtils.java:logGet(46)) - raft.server.leaderelection.leader.step-down.wait-time = 10s (default)
2023-04-19 02:32:44,783 [pool-234-thread-1] INFO  server.RaftServerConfigKeys (ConfUtils.java:logGet(46)) - raft.server.sleep.deviation.threshold = 300ms (default)
2023-04-19 02:32:44,784 [pool-234-thread-1] INFO  server.RaftServer$Division (ServerState.java:<init>(118)) - 15488c1c-ff1a-49f6-9596-cf663845e1ec@group-7A7BEC77320F: ConfigurationManager, init=-1: peers:[4b35ffa0-8f73-49c2-95c0-d3e82f30c132|rpc:10.1.164.0:38531|dataStream:10.1.164.0:45657|priority:0|startupRole:FOLLOWER, bc0378cf-3bdb-433c-bc8f-db90f0932c02|rpc:10.1.164.0:33621|dataStream:10.1.164.0:44687|priority:0|startupRole:FOLLOWER, 15488c1c-ff1a-49f6-9596-cf663845e1ec|rpc:10.1.164.0:41855|dataStream:10.1.164.0:35537|priority:1|startupRole:FOLLOWER]|listeners:[], old=null, confs=<EMPTY_MAP>
2023-04-19 02:32:44,784 [pool-234-thread-1] INFO  server.RaftServerConfigKeys (ConfUtils.java:logGet(46)) - raft.server.storage.dir = [/home/runner/work/ozone/ozone/hadoop-ozone/integration-test/target/test-dir/MiniOzoneClusterImpl-07705c7f-5198-484a-bec5-3444dac2a9ed/datanode-0/data/ratis] (custom)
2023-04-19 02:32:44,784 [pool-234-thread-1] INFO  server.RaftServerConfigKeys (ConfUtils.java:logGet(46)) - raft.server.log.corruption.policy = EXCEPTION (default)
2023-04-19 02:32:44,784 [pool-234-thread-1] INFO  server.RaftServerConfigKeys (ConfUtils.java:logGet(46)) - raft.server.storage.free-space.min = 0MB (=0) (default)
2023-04-19 02:32:44,784 [pool-234-thread-1] INFO  server.RaftServerConfigKeys (ConfUtils.java:logGet(46)) - raft.server.notification.no-leader.timeout = 300s (custom)
2023-04-19 02:32:44,784 [pool-234-thread-1] INFO  server.RaftServerConfigKeys (ConfUtils.java:logGet(46)) - raft.server.retrycache.expirytime = 600000ms (custom)
2023-04-19 02:32:44,784 [pool-234-thread-1] INFO  server.RaftServerConfigKeys (ConfUtils.java:logGet(46)) - raft.server.retrycache.statistics.expirytime = 100μs (default)
2023-04-19 02:32:44,786 [BlockDeletingService#4] INFO  interfaces.ContainerDeletionChoosingPolicyTemplate (ContainerDeletionChoosingPolicyTemplate.java:chooseContainerForBlockDeletion(83)) - Chosen 0/5000 blocks from 0 candidate containers.
2023-04-19 02:32:44,787 [BlockDeletingService#2] INFO  interfaces.ContainerDeletionChoosingPolicyTemplate (ContainerDeletionChoosingPolicyTemplate.java:chooseContainerForBlockDeletion(83)) - Chosen 0/5000 blocks from 0 candidate containers.
2023-04-19 02:32:44,790 [pool-234-thread-1] INFO  server.RaftServerConfigKeys (ConfUtils.java:logGet(46)) - raft.server.log.appender.install.snapshot.enabled = false (custom)
2023-04-19 02:32:44,790 [pool-234-thread-1] INFO  server.RaftServerConfigKeys (ConfUtils.java:logGet(46)) - raft.server.threadpool.server.cached = true (default)
2023-04-19 02:32:44,790 [pool-234-thread-1] INFO  server.RaftServerConfigKeys (ConfUtils.java:logGet(46)) - raft.server.threadpool.server.size = 0 (default)
2023-04-19 02:32:44,790 [pool-234-thread-1] INFO  server.RaftServerConfigKeys (ConfUtils.java:logGet(46)) - raft.server.threadpool.client.cached = true (default)
2023-04-19 02:32:44,790 [pool-234-thread-1] INFO  server.RaftServerConfigKeys (ConfUtils.java:logGet(46)) - raft.server.threadpool.client.size = 0 (default)
2023-04-19 02:32:44,790 [pool-234-thread-1] INFO  storage.RaftStorageDirectory (RaftStorageDirectoryImpl.java:analyzeStorage(137)) - The storage directory /home/runner/work/ozone/ozone/hadoop-ozone/integration-test/target/test-dir/MiniOzoneClusterImpl-07705c7f-5198-484a-bec5-3444dac2a9ed/datanode-0/data/ratis/47ca2eb6-cbc1-4dd0-8b98-7a7bec77320f does not exist. Creating ...
2023-04-19 02:32:44,791 [pool-234-thread-1] INFO  storage.RaftStorageDirectory (RaftStorageDirectoryImpl.java:tryLock(231)) - Lock on /home/runner/work/ozone/ozone/hadoop-ozone/integration-test/target/test-dir/MiniOzoneClusterImpl-07705c7f-5198-484a-bec5-3444dac2a9ed/datanode-0/data/ratis/47ca2eb6-cbc1-4dd0-8b98-7a7bec77320f/in_use.lock acquired by nodename 42788@fv-az127-56
2023-04-19 02:32:44,792 [pool-234-thread-1] INFO  storage.RaftStorage (RaftStorageImpl.java:format(96)) - Storage directory /home/runner/work/ozone/ozone/hadoop-ozone/integration-test/target/test-dir/MiniOzoneClusterImpl-07705c7f-5198-484a-bec5-3444dac2a9ed/datanode-0/data/ratis/47ca2eb6-cbc1-4dd0-8b98-7a7bec77320f has been successfully formatted.
2023-04-19 02:32:44,792 [pool-234-thread-1] INFO  ratis.ContainerStateMachine (ContainerStateMachine.java:loadSnapshot(262)) - group-7A7BEC77320F: The snapshot info is null. Setting the last applied indexto:(t:0, i:~)
2023-04-19 02:32:44,792 [pool-234-thread-1] INFO  server.RaftServerConfigKeys (ConfUtils.java:logGet(46)) - raft.server.log.use.memory = false (default)
2023-04-19 02:32:44,792 [pool-234-thread-1] INFO  server.RaftServerConfigKeys (ConfUtils.java:logGet(46)) - raft.server.log.purge.gap = 1000000 (custom)
2023-04-19 02:32:44,793 [pool-234-thread-1] INFO  server.RaftServerConfigKeys (ConfUtils.java:logGet(46)) - raft.server.log.appender.buffer.byte-limit = 33554432 (custom)
2023-04-19 02:32:44,793 [pool-234-thread-1] INFO  server.RaftServerConfigKeys (ConfUtils.java:logGet(46)) - raft.server.log.statemachine.data.read.timeout = 1000ms (default)
2023-04-19 02:32:44,793 [pool-234-thread-1] INFO  server.RaftServerConfigKeys (ConfUtils.java:logGet(46)) - raft.server.log.purge.preservation.log.num = 0 (default)
2023-04-19 02:32:44,793 [pool-234-thread-1] INFO  server.RaftServerConfigKeys (ConfUtils.java:logGet(46)) - raft.server.log.segment.size.max = 1048576 (custom)
2023-04-19 02:32:44,794 [pool-234-thread-1] INFO  server.RaftServerConfigKeys (ConfUtils.java:logGet(46)) - raft.server.log.segment.cache.num.max = 2 (custom)
2023-04-19 02:32:44,794 [pool-234-thread-1] INFO  server.RaftServerConfigKeys (ConfUtils.java:logGet(46)) - raft.server.log.segment.cache.size.max = 200MB (=209715200) (default)
2023-04-19 02:32:44,794 [pool-234-thread-1] INFO  segmented.SegmentedRaftLogWorker (SegmentedRaftLogWorker.java:<init>(189)) - new 15488c1c-ff1a-49f6-9596-cf663845e1ec@group-7A7BEC77320F-SegmentedRaftLogWorker for RaftStorageImpl:Storage Directory /home/runner/work/ozone/ozone/hadoop-ozone/integration-test/target/test-dir/MiniOzoneClusterImpl-07705c7f-5198-484a-bec5-3444dac2a9ed/datanode-0/data/ratis/47ca2eb6-cbc1-4dd0-8b98-7a7bec77320f
2023-04-19 02:32:44,794 [pool-234-thread-1] INFO  server.RaftServerConfigKeys (ConfUtils.java:logGet(46)) - raft.server.log.queue.byte-limit = 4294967296 (custom)
2023-04-19 02:32:44,794 [pool-234-thread-1] INFO  server.RaftServerConfigKeys (ConfUtils.java:logGet(46)) - raft.server.log.queue.element-limit = 1024 (custom)
2023-04-19 02:32:44,794 [pool-234-thread-1] INFO  server.RaftServerConfigKeys (ConfUtils.java:logGet(46)) - raft.server.log.segment.size.max = 1048576 (custom)
2023-04-19 02:32:44,794 [pool-234-thread-1] INFO  server.RaftServerConfigKeys (ConfUtils.java:logGet(46)) - raft.server.log.preallocated.size = 16384 (custom)
2023-04-19 02:32:44,794 [pool-234-thread-1] INFO  server.RaftServerConfigKeys (ConfUtils.java:logGet(46)) - raft.server.log.force.sync.num = 128 (default)
2023-04-19 02:32:44,794 [pool-234-thread-1] INFO  server.RaftServerConfigKeys (ConfUtils.java:logGet(46)) - raft.server.log.statemachine.data.sync = true (default)
2023-04-19 02:32:44,794 [pool-234-thread-1] INFO  server.RaftServerConfigKeys (ConfUtils.java:logGet(46)) - raft.server.log.statemachine.data.sync.timeout = 10s (default)
2023-04-19 02:32:44,794 [pool-234-thread-1] INFO  server.RaftServerConfigKeys (ConfUtils.java:logGet(46)) - raft.server.log.statemachine.data.sync.timeout.retry = -1 (default)
2023-04-19 02:32:44,795 [pool-234-thread-1] INFO  server.RaftServerConfigKeys (ConfUtils.java:logGet(46)) - raft.server.log.write.buffer.size = 1048576 (custom)
2023-04-19 02:32:44,796 [pool-234-thread-1] INFO  server.RaftServerConfigKeys (ConfUtils.java:logGet(46)) - raft.server.log.appender.buffer.byte-limit = 33554432 (custom)
2023-04-19 02:32:44,800 [pool-234-thread-1] INFO  server.RaftServerConfigKeys (ConfUtils.java:logGet(46)) - raft.server.log.unsafe-flush.enabled = false (default)
2023-04-19 02:32:44,800 [pool-234-thread-1] INFO  server.RaftServerConfigKeys (ConfUtils.java:logGet(46)) - raft.server.log.async-flush.enabled = false (default)
2023-04-19 02:32:44,800 [pool-234-thread-1] INFO  server.RaftServerConfigKeys (ConfUtils.java:logGet(46)) - raft.server.log.statemachine.data.caching.enabled = true (custom)
2023-04-19 02:32:44,801 [pool-234-thread-1] INFO  segmented.SegmentedRaftLogWorker (SegmentedRaftLogWorker.java:lambda$new$0(135)) - 15488c1c-ff1a-49f6-9596-cf663845e1ec@group-7A7BEC77320F-SegmentedRaftLogWorker: flushIndex: setUnconditionally 0 -> -1
2023-04-19 02:32:44,801 [pool-234-thread-1] INFO  segmented.SegmentedRaftLogWorker (SegmentedRaftLogWorker.java:lambda$new$0(135)) - 15488c1c-ff1a-49f6-9596-cf663845e1ec@group-7A7BEC77320F-SegmentedRaftLogWorker: safeCacheEvictIndex: setUnconditionally 0 -> -1
2023-04-19 02:32:44,801 [pool-234-thread-1] INFO  server.RaftServer$Division (RaftServerImpl.java:start(334)) - 15488c1c-ff1a-49f6-9596-cf663845e1ec@group-7A7BEC77320F: start as a follower, conf=-1: peers:[4b35ffa0-8f73-49c2-95c0-d3e82f30c132|rpc:10.1.164.0:38531|dataStream:10.1.164.0:45657|priority:0|startupRole:FOLLOWER, bc0378cf-3bdb-433c-bc8f-db90f0932c02|rpc:10.1.164.0:33621|dataStream:10.1.164.0:44687|priority:0|startupRole:FOLLOWER, 15488c1c-ff1a-49f6-9596-cf663845e1ec|rpc:10.1.164.0:41855|dataStream:10.1.164.0:35537|priority:1|startupRole:FOLLOWER]|listeners:[], old=null
2023-04-19 02:32:44,801 [pool-234-thread-1] INFO  server.RaftServer$Division (RaftServerImpl.java:setRole(321)) - 15488c1c-ff1a-49f6-9596-cf663845e1ec@group-7A7BEC77320F: changes role from      null to FOLLOWER at term 0 for startAsFollower
2023-04-19 02:32:44,801 [pool-234-thread-1] INFO  impl.RoleInfo (RoleInfo.java:updateAndGet(139)) - 15488c1c-ff1a-49f6-9596-cf663845e1ec: start 15488c1c-ff1a-49f6-9596-cf663845e1ec@group-7A7BEC77320F-FollowerState
2023-04-19 02:32:44,801 [pool-234-thread-1] INFO  util.JmxRegister (JmxRegister.java:tryRegister(44)) - Successfully registered JMX Bean with object name Ratis:service=RaftServer,group=group-7A7BEC77320F,id=15488c1c-ff1a-49f6-9596-cf663845e1ec
2023-04-19 02:32:44,801 [15488c1c-ff1a-49f6-9596-cf663845e1ec@group-7A7BEC77320F-FollowerState] INFO  server.RaftServerConfigKeys (ConfUtils.java:logFallback(53)) - raft.server.rpc.first-election.timeout.min = 5s (fallback to raft.server.rpc.timeout.min)
2023-04-19 02:32:44,801 [pool-234-thread-1] INFO  server.RaftServerConfigKeys (ConfUtils.java:logGet(46)) - raft.server.snapshot.auto.trigger.enabled = true (custom)
2023-04-19 02:32:44,802 [pool-234-thread-1] INFO  server.RaftServerConfigKeys (ConfUtils.java:logGet(46)) - raft.server.snapshot.auto.trigger.threshold = 10000 (custom)
2023-04-19 02:32:44,802 [pool-234-thread-1] INFO  server.RaftServerConfigKeys (ConfUtils.java:logGet(46)) - raft.server.snapshot.retention.file.num = 5 (custom)
2023-04-19 02:32:44,803 [pool-234-thread-1] INFO  server.RaftServerConfigKeys (ConfUtils.java:logGet(46)) - raft.server.log.purge.upto.snapshot.index = false (default)
2023-04-19 02:32:44,803 [Command processor thread] INFO  ratis.XceiverServerRatis (XceiverServerRatis.java:addGroup(806)) - Created group PipelineID=47ca2eb6-cbc1-4dd0-8b98-7a7bec77320f
2023-04-19 02:32:44,808 [15488c1c-ff1a-49f6-9596-cf663845e1ec@group-7A7BEC77320F-FollowerState] INFO  server.RaftServerConfigKeys (ConfUtils.java:logFallback(53)) - raft.server.rpc.first-election.timeout.max = 5200ms (fallback to raft.server.rpc.timeout.max)
2023-04-19 02:32:44,829 [grpc-default-executor-0] INFO  server.RaftServer (RaftServerProxy.java:addNew(96)) - bc0378cf-3bdb-433c-bc8f-db90f0932c02: addNew group-7A7BEC77320F:[4b35ffa0-8f73-49c2-95c0-d3e82f30c132|rpc:10.1.164.0:38531|dataStream:10.1.164.0:45657|priority:0|startupRole:FOLLOWER, bc0378cf-3bdb-433c-bc8f-db90f0932c02|rpc:10.1.164.0:33621|dataStream:10.1.164.0:44687|priority:0|startupRole:FOLLOWER, 15488c1c-ff1a-49f6-9596-cf663845e1ec|rpc:10.1.164.0:41855|dataStream:10.1.164.0:35537|priority:1|startupRole:FOLLOWER] returns group-7A7BEC77320F:java.util.concurrent.CompletableFuture@4e57cb68[Not completed]
2023-04-19 02:32:44,830 [pool-278-thread-1] INFO  server.RaftServer$Division (RaftServerImpl.java:<init>(195)) - bc0378cf-3bdb-433c-bc8f-db90f0932c02: new RaftServerImpl for group-7A7BEC77320F:[4b35ffa0-8f73-49c2-95c0-d3e82f30c132|rpc:10.1.164.0:38531|dataStream:10.1.164.0:45657|priority:0|startupRole:FOLLOWER, bc0378cf-3bdb-433c-bc8f-db90f0932c02|rpc:10.1.164.0:33621|dataStream:10.1.164.0:44687|priority:0|startupRole:FOLLOWER, 15488c1c-ff1a-49f6-9596-cf663845e1ec|rpc:10.1.164.0:41855|dataStream:10.1.164.0:35537|priority:1|startupRole:FOLLOWER] with ContainerStateMachine:uninitialized
2023-04-19 02:32:44,831 [pool-278-thread-1] INFO  server.RaftServerConfigKeys (ConfUtils.java:logGet(46)) - raft.server.rpc.timeout.min = 5s (custom)
2023-04-19 02:32:44,831 [pool-278-thread-1] INFO  server.RaftServerConfigKeys (ConfUtils.java:logGet(46)) - raft.server.rpc.timeout.max = 5200ms (custom)
2023-04-19 02:32:44,831 [pool-278-thread-1] INFO  server.RaftServerConfigKeys (ConfUtils.java:logGet(46)) - raft.server.rpc.sleep.time = 25ms (default)
2023-04-19 02:32:44,831 [pool-278-thread-1] INFO  server.RaftServerConfigKeys (ConfUtils.java:logGet(46)) - raft.server.rpc.slowness.timeout = 300s (custom)
2023-04-19 02:32:44,831 [pool-278-thread-1] INFO  server.RaftServerConfigKeys (ConfUtils.java:logGet(46)) - raft.server.leaderelection.leader.step-down.wait-time = 10s (default)
2023-04-19 02:32:44,831 [pool-278-thread-1] INFO  server.RaftServerConfigKeys (ConfUtils.java:logGet(46)) - raft.server.sleep.deviation.threshold = 300ms (default)
2023-04-19 02:32:44,831 [pool-278-thread-1] INFO  server.RaftServer$Division (ServerState.java:<init>(118)) - bc0378cf-3bdb-433c-bc8f-db90f0932c02@group-7A7BEC77320F: ConfigurationManager, init=-1: peers:[4b35ffa0-8f73-49c2-95c0-d3e82f30c132|rpc:10.1.164.0:38531|dataStream:10.1.164.0:45657|priority:0|startupRole:FOLLOWER, bc0378cf-3bdb-433c-bc8f-db90f0932c02|rpc:10.1.164.0:33621|dataStream:10.1.164.0:44687|priority:0|startupRole:FOLLOWER, 15488c1c-ff1a-49f6-9596-cf663845e1ec|rpc:10.1.164.0:41855|dataStream:10.1.164.0:35537|priority:1|startupRole:FOLLOWER]|listeners:[], old=null, confs=<EMPTY_MAP>
2023-04-19 02:32:44,831 [pool-278-thread-1] INFO  server.RaftServerConfigKeys (ConfUtils.java:logGet(46)) - raft.server.storage.dir = [/home/runner/work/ozone/ozone/hadoop-ozone/integration-test/target/test-dir/MiniOzoneClusterImpl-07705c7f-5198-484a-bec5-3444dac2a9ed/datanode-2/data/ratis] (custom)
2023-04-19 02:32:44,831 [pool-278-thread-1] INFO  server.RaftServerConfigKeys (ConfUtils.java:logGet(46)) - raft.server.log.corruption.policy = EXCEPTION (default)
2023-04-19 02:32:44,831 [pool-278-thread-1] INFO  server.RaftServerConfigKeys (ConfUtils.java:logGet(46)) - raft.server.storage.free-space.min = 0MB (=0) (default)
2023-04-19 02:32:44,831 [pool-278-thread-1] INFO  server.RaftServerConfigKeys (ConfUtils.java:logGet(46)) - raft.server.notification.no-leader.timeout = 300s (custom)
2023-04-19 02:32:44,831 [pool-278-thread-1] INFO  server.RaftServerConfigKeys (ConfUtils.java:logGet(46)) - raft.server.retrycache.expirytime = 600000ms (custom)
2023-04-19 02:32:44,831 [pool-278-thread-1] INFO  server.RaftServerConfigKeys (ConfUtils.java:logGet(46)) - raft.server.retrycache.statistics.expirytime = 100μs (default)
2023-04-19 02:32:44,833 [pool-278-thread-1] INFO  server.RaftServerConfigKeys (ConfUtils.java:logGet(46)) - raft.server.log.appender.install.snapshot.enabled = false (custom)
2023-04-19 02:32:44,833 [pool-278-thread-1] INFO  server.RaftServerConfigKeys (ConfUtils.java:logGet(46)) - raft.server.threadpool.server.cached = true (default)
2023-04-19 02:32:44,833 [pool-278-thread-1] INFO  server.RaftServerConfigKeys (ConfUtils.java:logGet(46)) - raft.server.threadpool.server.size = 0 (default)
2023-04-19 02:32:44,833 [pool-278-thread-1] INFO  server.RaftServerConfigKeys (ConfUtils.java:logGet(46)) - raft.server.threadpool.client.cached = true (default)
2023-04-19 02:32:44,833 [pool-278-thread-1] INFO  server.RaftServerConfigKeys (ConfUtils.java:logGet(46)) - raft.server.threadpool.client.size = 0 (default)
2023-04-19 02:32:44,833 [pool-278-thread-1] INFO  storage.RaftStorageDirectory (RaftStorageDirectoryImpl.java:analyzeStorage(137)) - The storage directory /home/runner/work/ozone/ozone/hadoop-ozone/integration-test/target/test-dir/MiniOzoneClusterImpl-07705c7f-5198-484a-bec5-3444dac2a9ed/datanode-2/data/ratis/47ca2eb6-cbc1-4dd0-8b98-7a7bec77320f does not exist. Creating ...
2023-04-19 02:32:44,834 [pool-278-thread-1] INFO  storage.RaftStorageDirectory (RaftStorageDirectoryImpl.java:tryLock(231)) - Lock on /home/runner/work/ozone/ozone/hadoop-ozone/integration-test/target/test-dir/MiniOzoneClusterImpl-07705c7f-5198-484a-bec5-3444dac2a9ed/datanode-2/data/ratis/47ca2eb6-cbc1-4dd0-8b98-7a7bec77320f/in_use.lock acquired by nodename 42788@fv-az127-56
2023-04-19 02:32:44,835 [pool-278-thread-1] INFO  storage.RaftStorage (RaftStorageImpl.java:format(96)) - Storage directory /home/runner/work/ozone/ozone/hadoop-ozone/integration-test/target/test-dir/MiniOzoneClusterImpl-07705c7f-5198-484a-bec5-3444dac2a9ed/datanode-2/data/ratis/47ca2eb6-cbc1-4dd0-8b98-7a7bec77320f has been successfully formatted.
2023-04-19 02:32:44,836 [pool-278-thread-1] INFO  ratis.ContainerStateMachine (ContainerStateMachine.java:loadSnapshot(262)) - group-7A7BEC77320F: The snapshot info is null. Setting the last applied indexto:(t:0, i:~)
2023-04-19 02:32:44,836 [pool-278-thread-1] INFO  server.RaftServerConfigKeys (ConfUtils.java:logGet(46)) - raft.server.log.use.memory = false (default)
2023-04-19 02:32:44,836 [pool-278-thread-1] INFO  server.RaftServerConfigKeys (ConfUtils.java:logGet(46)) - raft.server.log.purge.gap = 1000000 (custom)
2023-04-19 02:32:44,836 [pool-278-thread-1] INFO  server.RaftServerConfigKeys (ConfUtils.java:logGet(46)) - raft.server.log.appender.buffer.byte-limit = 33554432 (custom)
2023-04-19 02:32:44,836 [pool-278-thread-1] INFO  server.RaftServerConfigKeys (ConfUtils.java:logGet(46)) - raft.server.log.statemachine.data.read.timeout = 1000ms (default)
2023-04-19 02:32:44,836 [pool-278-thread-1] INFO  server.RaftServerConfigKeys (ConfUtils.java:logGet(46)) - raft.server.log.purge.preservation.log.num = 0 (default)
2023-04-19 02:32:44,836 [pool-278-thread-1] INFO  server.RaftServerConfigKeys (ConfUtils.java:logGet(46)) - raft.server.log.segment.size.max = 1048576 (custom)
2023-04-19 02:32:44,836 [pool-278-thread-1] INFO  server.RaftServerConfigKeys (ConfUtils.java:logGet(46)) - raft.server.log.segment.cache.num.max = 2 (custom)
2023-04-19 02:32:44,836 [pool-278-thread-1] INFO  server.RaftServerConfigKeys (ConfUtils.java:logGet(46)) - raft.server.log.segment.cache.size.max = 200MB (=209715200) (default)
2023-04-19 02:32:44,837 [pool-278-thread-1] INFO  segmented.SegmentedRaftLogWorker (SegmentedRaftLogWorker.java:<init>(189)) - new bc0378cf-3bdb-433c-bc8f-db90f0932c02@group-7A7BEC77320F-SegmentedRaftLogWorker for RaftStorageImpl:Storage Directory /home/runner/work/ozone/ozone/hadoop-ozone/integration-test/target/test-dir/MiniOzoneClusterImpl-07705c7f-5198-484a-bec5-3444dac2a9ed/datanode-2/data/ratis/47ca2eb6-cbc1-4dd0-8b98-7a7bec77320f
2023-04-19 02:32:44,837 [pool-278-thread-1] INFO  server.RaftServerConfigKeys (ConfUtils.java:logGet(46)) - raft.server.log.queue.byte-limit = 4294967296 (custom)
2023-04-19 02:32:44,837 [pool-278-thread-1] INFO  server.RaftServerConfigKeys (ConfUtils.java:logGet(46)) - raft.server.log.queue.element-limit = 1024 (custom)
2023-04-19 02:32:44,837 [pool-278-thread-1] INFO  server.RaftServerConfigKeys (ConfUtils.java:logGet(46)) - raft.server.log.segment.size.max = 1048576 (custom)
2023-04-19 02:32:44,837 [pool-278-thread-1] INFO  server.RaftServerConfigKeys (ConfUtils.java:logGet(46)) - raft.server.log.preallocated.size = 16384 (custom)
2023-04-19 02:32:44,837 [pool-278-thread-1] INFO  server.RaftServerConfigKeys (ConfUtils.java:logGet(46)) - raft.server.log.force.sync.num = 128 (default)
2023-04-19 02:32:44,837 [pool-278-thread-1] INFO  server.RaftServerConfigKeys (ConfUtils.java:logGet(46)) - raft.server.log.statemachine.data.sync = true (default)
2023-04-19 02:32:44,837 [pool-278-thread-1] INFO  server.RaftServerConfigKeys (ConfUtils.java:logGet(46)) - raft.server.log.statemachine.data.sync.timeout = 10s (default)
2023-04-19 02:32:44,837 [pool-278-thread-1] INFO  server.RaftServerConfigKeys (ConfUtils.java:logGet(46)) - raft.server.log.statemachine.data.sync.timeout.retry = -1 (default)
2023-04-19 02:32:44,837 [pool-278-thread-1] INFO  server.RaftServerConfigKeys (ConfUtils.java:logGet(46)) - raft.server.log.write.buffer.size = 1048576 (custom)
2023-04-19 02:32:44,838 [pool-278-thread-1] INFO  server.RaftServerConfigKeys (ConfUtils.java:logGet(46)) - raft.server.log.appender.buffer.byte-limit = 33554432 (custom)
2023-04-19 02:32:44,842 [BlockDeletingService#2] INFO  interfaces.ContainerDeletionChoosingPolicyTemplate (ContainerDeletionChoosingPolicyTemplate.java:chooseContainerForBlockDeletion(83)) - Chosen 0/5000 blocks from 0 candidate containers.
2023-04-19 02:32:44,843 [pool-278-thread-1] INFO  server.RaftServerConfigKeys (ConfUtils.java:logGet(46)) - raft.server.log.unsafe-flush.enabled = false (default)
2023-04-19 02:32:44,843 [pool-278-thread-1] INFO  server.RaftServerConfigKeys (ConfUtils.java:logGet(46)) - raft.server.log.async-flush.enabled = false (default)
2023-04-19 02:32:44,843 [pool-278-thread-1] INFO  server.RaftServerConfigKeys (ConfUtils.java:logGet(46)) - raft.server.log.statemachine.data.caching.enabled = true (custom)
2023-04-19 02:32:44,844 [pool-278-thread-1] INFO  segmented.SegmentedRaftLogWorker (SegmentedRaftLogWorker.java:lambda$new$0(135)) - bc0378cf-3bdb-433c-bc8f-db90f0932c02@group-7A7BEC77320F-SegmentedRaftLogWorker: flushIndex: setUnconditionally 0 -> -1
2023-04-19 02:32:44,844 [pool-278-thread-1] INFO  segmented.SegmentedRaftLogWorker (SegmentedRaftLogWorker.java:lambda$new$0(135)) - bc0378cf-3bdb-433c-bc8f-db90f0932c02@group-7A7BEC77320F-SegmentedRaftLogWorker: safeCacheEvictIndex: setUnconditionally 0 -> -1
2023-04-19 02:32:44,844 [pool-278-thread-1] INFO  server.RaftServer$Division (RaftServerImpl.java:start(334)) - bc0378cf-3bdb-433c-bc8f-db90f0932c02@group-7A7BEC77320F: start as a follower, conf=-1: peers:[4b35ffa0-8f73-49c2-95c0-d3e82f30c132|rpc:10.1.164.0:38531|dataStream:10.1.164.0:45657|priority:0|startupRole:FOLLOWER, bc0378cf-3bdb-433c-bc8f-db90f0932c02|rpc:10.1.164.0:33621|dataStream:10.1.164.0:44687|priority:0|startupRole:FOLLOWER, 15488c1c-ff1a-49f6-9596-cf663845e1ec|rpc:10.1.164.0:41855|dataStream:10.1.164.0:35537|priority:1|startupRole:FOLLOWER]|listeners:[], old=null
2023-04-19 02:32:44,844 [pool-278-thread-1] INFO  server.RaftServer$Division (RaftServerImpl.java:setRole(321)) - bc0378cf-3bdb-433c-bc8f-db90f0932c02@group-7A7BEC77320F: changes role from      null to FOLLOWER at term 0 for startAsFollower
2023-04-19 02:32:44,844 [pool-278-thread-1] INFO  impl.RoleInfo (RoleInfo.java:updateAndGet(139)) - bc0378cf-3bdb-433c-bc8f-db90f0932c02: start bc0378cf-3bdb-433c-bc8f-db90f0932c02@group-7A7BEC77320F-FollowerState
2023-04-19 02:32:44,847 [pool-278-thread-1] INFO  util.JmxRegister (JmxRegister.java:tryRegister(44)) - Successfully registered JMX Bean with object name Ratis:service=RaftServer,group=group-7A7BEC77320F,id=bc0378cf-3bdb-433c-bc8f-db90f0932c02
2023-04-19 02:32:44,847 [pool-278-thread-1] INFO  server.RaftServerConfigKeys (ConfUtils.java:logGet(46)) - raft.server.snapshot.auto.trigger.enabled = true (custom)
2023-04-19 02:32:44,847 [pool-278-thread-1] INFO  server.RaftServerConfigKeys (ConfUtils.java:logGet(46)) - raft.server.snapshot.auto.trigger.threshold = 10000 (custom)
2023-04-19 02:32:44,847 [pool-278-thread-1] INFO  server.RaftServerConfigKeys (ConfUtils.java:logGet(46)) - raft.server.snapshot.retention.file.num = 5 (custom)
2023-04-19 02:32:44,847 [pool-278-thread-1] INFO  server.RaftServerConfigKeys (ConfUtils.java:logGet(46)) - raft.server.log.purge.upto.snapshot.index = false (default)
2023-04-19 02:32:44,847 [bc0378cf-3bdb-433c-bc8f-db90f0932c02@group-7A7BEC77320F-FollowerState] INFO  server.RaftServerConfigKeys (ConfUtils.java:logFallback(53)) - raft.server.rpc.first-election.timeout.min = 5s (fallback to raft.server.rpc.timeout.min)
2023-04-19 02:32:44,848 [bc0378cf-3bdb-433c-bc8f-db90f0932c02@group-7A7BEC77320F-FollowerState] INFO  server.RaftServerConfigKeys (ConfUtils.java:logFallback(53)) - raft.server.rpc.first-election.timeout.max = 5200ms (fallback to raft.server.rpc.timeout.max)
2023-04-19 02:32:44,860 [SCMBlockDeletingService#0] DEBUG block.SCMBlockDeletingService (SCMBlockDeletingService.java:shouldRun(251)) - Check scm block delete run: false serviceStatus: PAUSING safemodeExitRunDelayMillis: 3000 alreadyWaitTimeInMillis: 1681871564860
2023-04-19 02:32:44,868 [grpc-default-executor-0] INFO  server.RaftServer (RaftServerProxy.java:addNew(96)) - 4b35ffa0-8f73-49c2-95c0-d3e82f30c132: addNew group-7A7BEC77320F:[4b35ffa0-8f73-49c2-95c0-d3e82f30c132|rpc:10.1.164.0:38531|dataStream:10.1.164.0:45657|priority:0|startupRole:FOLLOWER, bc0378cf-3bdb-433c-bc8f-db90f0932c02|rpc:10.1.164.0:33621|dataStream:10.1.164.0:44687|priority:0|startupRole:FOLLOWER, 15488c1c-ff1a-49f6-9596-cf663845e1ec|rpc:10.1.164.0:41855|dataStream:10.1.164.0:35537|priority:1|startupRole:FOLLOWER] returns group-7A7BEC77320F:java.util.concurrent.CompletableFuture@468aa31[Not completed]
2023-04-19 02:32:44,869 [pool-256-thread-1] INFO  server.RaftServer$Division (RaftServerImpl.java:<init>(195)) - 4b35ffa0-8f73-49c2-95c0-d3e82f30c132: new RaftServerImpl for group-7A7BEC77320F:[4b35ffa0-8f73-49c2-95c0-d3e82f30c132|rpc:10.1.164.0:38531|dataStream:10.1.164.0:45657|priority:0|startupRole:FOLLOWER, bc0378cf-3bdb-433c-bc8f-db90f0932c02|rpc:10.1.164.0:33621|dataStream:10.1.164.0:44687|priority:0|startupRole:FOLLOWER, 15488c1c-ff1a-49f6-9596-cf663845e1ec|rpc:10.1.164.0:41855|dataStream:10.1.164.0:35537|priority:1|startupRole:FOLLOWER] with ContainerStateMachine:uninitialized
2023-04-19 02:32:44,869 [pool-256-thread-1] INFO  server.RaftServerConfigKeys (ConfUtils.java:logGet(46)) - raft.server.rpc.timeout.min = 5s (custom)
2023-04-19 02:32:44,870 [pool-256-thread-1] INFO  server.RaftServerConfigKeys (ConfUtils.java:logGet(46)) - raft.server.rpc.timeout.max = 5200ms (custom)
2023-04-19 02:32:44,870 [pool-256-thread-1] INFO  server.RaftServerConfigKeys (ConfUtils.java:logGet(46)) - raft.server.rpc.sleep.time = 25ms (default)
2023-04-19 02:32:44,870 [pool-256-thread-1] INFO  server.RaftServerConfigKeys (ConfUtils.java:logGet(46)) - raft.server.rpc.slowness.timeout = 300s (custom)
2023-04-19 02:32:44,870 [pool-256-thread-1] INFO  server.RaftServerConfigKeys (ConfUtils.java:logGet(46)) - raft.server.leaderelection.leader.step-down.wait-time = 10s (default)
2023-04-19 02:32:44,870 [pool-256-thread-1] INFO  server.RaftServerConfigKeys (ConfUtils.java:logGet(46)) - raft.server.sleep.deviation.threshold = 300ms (default)
2023-04-19 02:32:44,870 [pool-256-thread-1] INFO  server.RaftServer$Division (ServerState.java:<init>(118)) - 4b35ffa0-8f73-49c2-95c0-d3e82f30c132@group-7A7BEC77320F: ConfigurationManager, init=-1: peers:[4b35ffa0-8f73-49c2-95c0-d3e82f30c132|rpc:10.1.164.0:38531|dataStream:10.1.164.0:45657|priority:0|startupRole:FOLLOWER, bc0378cf-3bdb-433c-bc8f-db90f0932c02|rpc:10.1.164.0:33621|dataStream:10.1.164.0:44687|priority:0|startupRole:FOLLOWER, 15488c1c-ff1a-49f6-9596-cf663845e1ec|rpc:10.1.164.0:41855|dataStream:10.1.164.0:35537|priority:1|startupRole:FOLLOWER]|listeners:[], old=null, confs=<EMPTY_MAP>
2023-04-19 02:32:44,870 [pool-256-thread-1] INFO  server.RaftServerConfigKeys (ConfUtils.java:logGet(46)) - raft.server.storage.dir = [/home/runner/work/ozone/ozone/hadoop-ozone/integration-test/target/test-dir/MiniOzoneClusterImpl-07705c7f-5198-484a-bec5-3444dac2a9ed/datanode-1/data/ratis] (custom)
2023-04-19 02:32:44,870 [pool-256-thread-1] INFO  server.RaftServerConfigKeys (ConfUtils.java:logGet(46)) - raft.server.log.corruption.policy = EXCEPTION (default)
2023-04-19 02:32:44,870 [pool-256-thread-1] INFO  server.RaftServerConfigKeys (ConfUtils.java:logGet(46)) - raft.server.storage.free-space.min = 0MB (=0) (default)
2023-04-19 02:32:44,870 [pool-256-thread-1] INFO  server.RaftServerConfigKeys (ConfUtils.java:logGet(46)) - raft.server.notification.no-leader.timeout = 300s (custom)
2023-04-19 02:32:44,870 [pool-256-thread-1] INFO  server.RaftServerConfigKeys (ConfUtils.java:logGet(46)) - raft.server.retrycache.expirytime = 600000ms (custom)
2023-04-19 02:32:44,870 [pool-256-thread-1] INFO  server.RaftServerConfigKeys (ConfUtils.java:logGet(46)) - raft.server.retrycache.statistics.expirytime = 100μs (default)
2023-04-19 02:32:44,872 [pool-256-thread-1] INFO  server.RaftServerConfigKeys (ConfUtils.java:logGet(46)) - raft.server.log.appender.install.snapshot.enabled = false (custom)
2023-04-19 02:32:44,874 [pool-256-thread-1] INFO  server.RaftServerConfigKeys (ConfUtils.java:logGet(46)) - raft.server.threadpool.server.cached = true (default)
2023-04-19 02:32:44,874 [pool-256-thread-1] INFO  server.RaftServerConfigKeys (ConfUtils.java:logGet(46)) - raft.server.threadpool.server.size = 0 (default)
2023-04-19 02:32:44,874 [pool-256-thread-1] INFO  server.RaftServerConfigKeys (ConfUtils.java:logGet(46)) - raft.server.threadpool.client.cached = true (default)
2023-04-19 02:32:44,874 [pool-256-thread-1] INFO  server.RaftServerConfigKeys (ConfUtils.java:logGet(46)) - raft.server.threadpool.client.size = 0 (default)
2023-04-19 02:32:44,874 [pool-256-thread-1] INFO  storage.RaftStorageDirectory (RaftStorageDirectoryImpl.java:analyzeStorage(137)) - The storage directory /home/runner/work/ozone/ozone/hadoop-ozone/integration-test/target/test-dir/MiniOzoneClusterImpl-07705c7f-5198-484a-bec5-3444dac2a9ed/datanode-1/data/ratis/47ca2eb6-cbc1-4dd0-8b98-7a7bec77320f does not exist. Creating ...
2023-04-19 02:32:44,875 [pool-256-thread-1] INFO  storage.RaftStorageDirectory (RaftStorageDirectoryImpl.java:tryLock(231)) - Lock on /home/runner/work/ozone/ozone/hadoop-ozone/integration-test/target/test-dir/MiniOzoneClusterImpl-07705c7f-5198-484a-bec5-3444dac2a9ed/datanode-1/data/ratis/47ca2eb6-cbc1-4dd0-8b98-7a7bec77320f/in_use.lock acquired by nodename 42788@fv-az127-56
2023-04-19 02:32:44,876 [pool-256-thread-1] INFO  storage.RaftStorage (RaftStorageImpl.java:format(96)) - Storage directory /home/runner/work/ozone/ozone/hadoop-ozone/integration-test/target/test-dir/MiniOzoneClusterImpl-07705c7f-5198-484a-bec5-3444dac2a9ed/datanode-1/data/ratis/47ca2eb6-cbc1-4dd0-8b98-7a7bec77320f has been successfully formatted.
2023-04-19 02:32:44,876 [pool-256-thread-1] INFO  ratis.ContainerStateMachine (ContainerStateMachine.java:loadSnapshot(262)) - group-7A7BEC77320F: The snapshot info is null. Setting the last applied indexto:(t:0, i:~)
2023-04-19 02:32:44,876 [pool-256-thread-1] INFO  server.RaftServerConfigKeys (ConfUtils.java:logGet(46)) - raft.server.log.use.memory = false (default)
2023-04-19 02:32:44,876 [pool-256-thread-1] INFO  server.RaftServerConfigKeys (ConfUtils.java:logGet(46)) - raft.server.log.purge.gap = 1000000 (custom)
2023-04-19 02:32:44,876 [pool-256-thread-1] INFO  server.RaftServerConfigKeys (ConfUtils.java:logGet(46)) - raft.server.log.appender.buffer.byte-limit = 33554432 (custom)
2023-04-19 02:32:44,876 [pool-256-thread-1] INFO  server.RaftServerConfigKeys (ConfUtils.java:logGet(46)) - raft.server.log.statemachine.data.read.timeout = 1000ms (default)
2023-04-19 02:32:44,877 [pool-256-thread-1] INFO  server.RaftServerConfigKeys (ConfUtils.java:logGet(46)) - raft.server.log.purge.preservation.log.num = 0 (default)
2023-04-19 02:32:44,877 [pool-256-thread-1] INFO  server.RaftServerConfigKeys (ConfUtils.java:logGet(46)) - raft.server.log.segment.size.max = 1048576 (custom)
2023-04-19 02:32:44,877 [pool-256-thread-1] INFO  server.RaftServerConfigKeys (ConfUtils.java:logGet(46)) - raft.server.log.segment.cache.num.max = 2 (custom)
2023-04-19 02:32:44,877 [pool-256-thread-1] INFO  server.RaftServerConfigKeys (ConfUtils.java:logGet(46)) - raft.server.log.segment.cache.size.max = 200MB (=209715200) (default)
2023-04-19 02:32:44,877 [pool-256-thread-1] INFO  segmented.SegmentedRaftLogWorker (SegmentedRaftLogWorker.java:<init>(189)) - new 4b35ffa0-8f73-49c2-95c0-d3e82f30c132@group-7A7BEC77320F-SegmentedRaftLogWorker for RaftStorageImpl:Storage Directory /home/runner/work/ozone/ozone/hadoop-ozone/integration-test/target/test-dir/MiniOzoneClusterImpl-07705c7f-5198-484a-bec5-3444dac2a9ed/datanode-1/data/ratis/47ca2eb6-cbc1-4dd0-8b98-7a7bec77320f
2023-04-19 02:32:44,877 [pool-256-thread-1] INFO  server.RaftServerConfigKeys (ConfUtils.java:logGet(46)) - raft.server.log.queue.byte-limit = 4294967296 (custom)
2023-04-19 02:32:44,877 [pool-256-thread-1] INFO  server.RaftServerConfigKeys (ConfUtils.java:logGet(46)) - raft.server.log.queue.element-limit = 1024 (custom)
2023-04-19 02:32:44,877 [pool-256-thread-1] INFO  server.RaftServerConfigKeys (ConfUtils.java:logGet(46)) - raft.server.log.segment.size.max = 1048576 (custom)
2023-04-19 02:32:44,877 [pool-256-thread-1] INFO  server.RaftServerConfigKeys (ConfUtils.java:logGet(46)) - raft.server.log.preallocated.size = 16384 (custom)
2023-04-19 02:32:44,877 [pool-256-thread-1] INFO  server.RaftServerConfigKeys (ConfUtils.java:logGet(46)) - raft.server.log.force.sync.num = 128 (default)
2023-04-19 02:32:44,877 [pool-256-thread-1] INFO  server.RaftServerConfigKeys (ConfUtils.java:logGet(46)) - raft.server.log.statemachine.data.sync = true (default)
2023-04-19 02:32:44,877 [pool-256-thread-1] INFO  server.RaftServerConfigKeys (ConfUtils.java:logGet(46)) - raft.server.log.statemachine.data.sync.timeout = 10s (default)
2023-04-19 02:32:44,877 [pool-256-thread-1] INFO  server.RaftServerConfigKeys (ConfUtils.java:logGet(46)) - raft.server.log.statemachine.data.sync.timeout.retry = -1 (default)
2023-04-19 02:32:44,878 [pool-256-thread-1] INFO  server.RaftServerConfigKeys (ConfUtils.java:logGet(46)) - raft.server.log.write.buffer.size = 1048576 (custom)
2023-04-19 02:32:44,878 [pool-256-thread-1] INFO  server.RaftServerConfigKeys (ConfUtils.java:logGet(46)) - raft.server.log.appender.buffer.byte-limit = 33554432 (custom)
2023-04-19 02:32:44,927 [pool-256-thread-1] INFO  server.RaftServerConfigKeys (ConfUtils.java:logGet(46)) - raft.server.log.unsafe-flush.enabled = false (default)
2023-04-19 02:32:44,927 [pool-256-thread-1] INFO  server.RaftServerConfigKeys (ConfUtils.java:logGet(46)) - raft.server.log.async-flush.enabled = false (default)
2023-04-19 02:32:44,927 [pool-256-thread-1] INFO  server.RaftServerConfigKeys (ConfUtils.java:logGet(46)) - raft.server.log.statemachine.data.caching.enabled = true (custom)
2023-04-19 02:32:44,928 [pool-256-thread-1] INFO  segmented.SegmentedRaftLogWorker (SegmentedRaftLogWorker.java:lambda$new$0(135)) - 4b35ffa0-8f73-49c2-95c0-d3e82f30c132@group-7A7BEC77320F-SegmentedRaftLogWorker: flushIndex: setUnconditionally 0 -> -1
2023-04-19 02:32:44,928 [pool-256-thread-1] INFO  segmented.SegmentedRaftLogWorker (SegmentedRaftLogWorker.java:lambda$new$0(135)) - 4b35ffa0-8f73-49c2-95c0-d3e82f30c132@group-7A7BEC77320F-SegmentedRaftLogWorker: safeCacheEvictIndex: setUnconditionally 0 -> -1
2023-04-19 02:32:44,928 [BlockDeletingService#4] INFO  interfaces.ContainerDeletionChoosingPolicyTemplate (ContainerDeletionChoosingPolicyTemplate.java:chooseContainerForBlockDeletion(83)) - Chosen 0/5000 blocks from 0 candidate containers.
2023-04-19 02:32:44,935 [BlockDeletingService#2] INFO  interfaces.ContainerDeletionChoosingPolicyTemplate (ContainerDeletionChoosingPolicyTemplate.java:chooseContainerForBlockDeletion(83)) - Chosen 0/5000 blocks from 0 candidate containers.
2023-04-19 02:32:44,936 [pool-256-thread-1] INFO  server.RaftServer$Division (RaftServerImpl.java:start(334)) - 4b35ffa0-8f73-49c2-95c0-d3e82f30c132@group-7A7BEC77320F: start as a follower, conf=-1: peers:[4b35ffa0-8f73-49c2-95c0-d3e82f30c132|rpc:10.1.164.0:38531|dataStream:10.1.164.0:45657|priority:0|startupRole:FOLLOWER, bc0378cf-3bdb-433c-bc8f-db90f0932c02|rpc:10.1.164.0:33621|dataStream:10.1.164.0:44687|priority:0|startupRole:FOLLOWER, 15488c1c-ff1a-49f6-9596-cf663845e1ec|rpc:10.1.164.0:41855|dataStream:10.1.164.0:35537|priority:1|startupRole:FOLLOWER]|listeners:[], old=null
2023-04-19 02:32:44,936 [pool-256-thread-1] INFO  server.RaftServer$Division (RaftServerImpl.java:setRole(321)) - 4b35ffa0-8f73-49c2-95c0-d3e82f30c132@group-7A7BEC77320F: changes role from      null to FOLLOWER at term 0 for startAsFollower
2023-04-19 02:32:44,936 [pool-256-thread-1] INFO  impl.RoleInfo (RoleInfo.java:updateAndGet(139)) - 4b35ffa0-8f73-49c2-95c0-d3e82f30c132: start 4b35ffa0-8f73-49c2-95c0-d3e82f30c132@group-7A7BEC77320F-FollowerState
2023-04-19 02:32:44,936 [pool-256-thread-1] INFO  util.JmxRegister (JmxRegister.java:tryRegister(44)) - Successfully registered JMX Bean with object name Ratis:service=RaftServer,group=group-7A7BEC77320F,id=4b35ffa0-8f73-49c2-95c0-d3e82f30c132
2023-04-19 02:32:44,936 [pool-256-thread-1] INFO  server.RaftServerConfigKeys (ConfUtils.java:logGet(46)) - raft.server.snapshot.auto.trigger.enabled = true (custom)
2023-04-19 02:32:44,936 [pool-256-thread-1] INFO  server.RaftServerConfigKeys (ConfUtils.java:logGet(46)) - raft.server.snapshot.auto.trigger.threshold = 10000 (custom)
2023-04-19 02:32:44,936 [pool-256-thread-1] INFO  server.RaftServerConfigKeys (ConfUtils.java:logGet(46)) - raft.server.snapshot.retention.file.num = 5 (custom)
2023-04-19 02:32:44,936 [pool-256-thread-1] INFO  server.RaftServerConfigKeys (ConfUtils.java:logGet(46)) - raft.server.log.purge.upto.snapshot.index = false (default)
2023-04-19 02:32:44,942 [Command processor thread] INFO  commandhandler.CreatePipelineCommandHandler (CreatePipelineCommandHandler.java:handle(113)) - Created Pipeline RATIS THREE PipelineID=47ca2eb6-cbc1-4dd0-8b98-7a7bec77320f.
2023-04-19 02:32:44,943 [4b35ffa0-8f73-49c2-95c0-d3e82f30c132@group-7A7BEC77320F-FollowerState] INFO  server.RaftServerConfigKeys (ConfUtils.java:logFallback(53)) - raft.server.rpc.first-election.timeout.min = 5s (fallback to raft.server.rpc.timeout.min)
2023-04-19 02:32:44,943 [BlockDeletingService#2] INFO  interfaces.ContainerDeletionChoosingPolicyTemplate (ContainerDeletionChoosingPolicyTemplate.java:chooseContainerForBlockDeletion(83)) - Chosen 0/5000 blocks from 0 candidate containers.
2023-04-19 02:32:44,943 [4b35ffa0-8f73-49c2-95c0-d3e82f30c132@group-7A7BEC77320F-FollowerState] INFO  server.RaftServerConfigKeys (ConfUtils.java:logFallback(53)) - raft.server.rpc.first-election.timeout.max = 5200ms (fallback to raft.server.rpc.timeout.max)
2023-04-19 02:32:44,960 [SCMBlockDeletingService#0] DEBUG block.SCMBlockDeletingService (SCMBlockDeletingService.java:shouldRun(251)) - Check scm block delete run: false serviceStatus: PAUSING safemodeExitRunDelayMillis: 3000 alreadyWaitTimeInMillis: 1681871564960
2023-04-19 02:32:45,036 [BlockDeletingService#4] INFO  interfaces.ContainerDeletionChoosingPolicyTemplate (ContainerDeletionChoosingPolicyTemplate.java:chooseContainerForBlockDeletion(83)) - Chosen 0/5000 blocks from 0 candidate containers.
2023-04-19 02:32:45,036 [BlockDeletingService#2] INFO  interfaces.ContainerDeletionChoosingPolicyTemplate (ContainerDeletionChoosingPolicyTemplate.java:chooseContainerForBlockDeletion(83)) - Chosen 0/5000 blocks from 0 candidate containers.
2023-04-19 02:32:45,044 [BlockDeletingService#2] INFO  interfaces.ContainerDeletionChoosingPolicyTemplate (ContainerDeletionChoosingPolicyTemplate.java:chooseContainerForBlockDeletion(83)) - Chosen 0/5000 blocks from 0 candidate containers.
2023-04-19 02:32:45,060 [SCMBlockDeletingService#0] DEBUG block.SCMBlockDeletingService (SCMBlockDeletingService.java:shouldRun(251)) - Check scm block delete run: false serviceStatus: PAUSING safemodeExitRunDelayMillis: 3000 alreadyWaitTimeInMillis: 1681871565060
2023-04-19 02:32:45,136 [BlockDeletingService#4] INFO  interfaces.ContainerDeletionChoosingPolicyTemplate (ContainerDeletionChoosingPolicyTemplate.java:chooseContainerForBlockDeletion(83)) - Chosen 0/5000 blocks from 0 candidate containers.
2023-04-19 02:32:45,136 [BlockDeletingService#2] INFO  interfaces.ContainerDeletionChoosingPolicyTemplate (ContainerDeletionChoosingPolicyTemplate.java:chooseContainerForBlockDeletion(83)) - Chosen 0/5000 blocks from 0 candidate containers.
2023-04-19 02:32:45,144 [BlockDeletingService#2] INFO  interfaces.ContainerDeletionChoosingPolicyTemplate (ContainerDeletionChoosingPolicyTemplate.java:chooseContainerForBlockDeletion(83)) - Chosen 0/5000 blocks from 0 candidate containers.
2023-04-19 02:32:45,160 [SCMBlockDeletingService#0] DEBUG block.SCMBlockDeletingService (SCMBlockDeletingService.java:shouldRun(251)) - Check scm block delete run: false serviceStatus: PAUSING safemodeExitRunDelayMillis: 3000 alreadyWaitTimeInMillis: 1681871565160
2023-04-19 02:32:45,236 [BlockDeletingService#4] INFO  interfaces.ContainerDeletionChoosingPolicyTemplate (ContainerDeletionChoosingPolicyTemplate.java:chooseContainerForBlockDeletion(83)) - Chosen 0/5000 blocks from 0 candidate containers.
2023-04-19 02:32:45,236 [BlockDeletingService#2] INFO  interfaces.ContainerDeletionChoosingPolicyTemplate (ContainerDeletionChoosingPolicyTemplate.java:chooseContainerForBlockDeletion(83)) - Chosen 0/5000 blocks from 0 candidate containers.
2023-04-19 02:32:45,244 [BlockDeletingService#2] INFO  interfaces.ContainerDeletionChoosingPolicyTemplate (ContainerDeletionChoosingPolicyTemplate.java:chooseContainerForBlockDeletion(83)) - Chosen 0/5000 blocks from 0 candidate containers.
2023-04-19 02:32:45,260 [SCMBlockDeletingService#0] DEBUG block.SCMBlockDeletingService (SCMBlockDeletingService.java:shouldRun(251)) - Check scm block delete run: false serviceStatus: PAUSING safemodeExitRunDelayMillis: 3000 alreadyWaitTimeInMillis: 1681871565260
2023-04-19 02:32:45,336 [BlockDeletingService#4] INFO  interfaces.ContainerDeletionChoosingPolicyTemplate (ContainerDeletionChoosingPolicyTemplate.java:chooseContainerForBlockDeletion(83)) - Chosen 0/5000 blocks from 0 candidate containers.
2023-04-19 02:32:45,336 [BlockDeletingService#2] INFO  interfaces.ContainerDeletionChoosingPolicyTemplate (ContainerDeletionChoosingPolicyTemplate.java:chooseContainerForBlockDeletion(83)) - Chosen 0/5000 blocks from 0 candidate containers.
2023-04-19 02:32:45,344 [BlockDeletingService#2] INFO  interfaces.ContainerDeletionChoosingPolicyTemplate (ContainerDeletionChoosingPolicyTemplate.java:chooseContainerForBlockDeletion(83)) - Chosen 0/5000 blocks from 0 candidate containers.
2023-04-19 02:32:45,361 [SCMBlockDeletingService#0] DEBUG block.SCMBlockDeletingService (SCMBlockDeletingService.java:shouldRun(251)) - Check scm block delete run: false serviceStatus: PAUSING safemodeExitRunDelayMillis: 3000 alreadyWaitTimeInMillis: 1681871565361
2023-04-19 02:32:45,437 [BlockDeletingService#4] INFO  interfaces.ContainerDeletionChoosingPolicyTemplate (ContainerDeletionChoosingPolicyTemplate.java:chooseContainerForBlockDeletion(83)) - Chosen 0/5000 blocks from 0 candidate containers.
2023-04-19 02:32:45,437 [BlockDeletingService#2] INFO  interfaces.ContainerDeletionChoosingPolicyTemplate (ContainerDeletionChoosingPolicyTemplate.java:chooseContainerForBlockDeletion(83)) - Chosen 0/5000 blocks from 0 candidate containers.
2023-04-19 02:32:45,445 [BlockDeletingService#2] INFO  interfaces.ContainerDeletionChoosingPolicyTemplate (ContainerDeletionChoosingPolicyTemplate.java:chooseContainerForBlockDeletion(83)) - Chosen 0/5000 blocks from 0 candidate containers.
2023-04-19 02:32:45,461 [SCMBlockDeletingService#0] DEBUG block.SCMBlockDeletingService (SCMBlockDeletingService.java:shouldRun(251)) - Check scm block delete run: false serviceStatus: PAUSING safemodeExitRunDelayMillis: 3000 alreadyWaitTimeInMillis: 1681871565461
2023-04-19 02:32:45,476 [Listener at 127.0.0.1/44187] INFO  ozone.MiniOzoneClusterImpl (MiniOzoneClusterImpl.java:lambda$waitForClusterToBeReady$0(222)) - Nodes are ready. Got 3 of 3 DN Heartbeats.
2023-04-19 02:32:45,476 [Listener at 127.0.0.1/44187] INFO  ozone.MiniOzoneClusterImpl (MiniOzoneClusterImpl.java:lambda$waitForClusterToBeReady$0(225)) - Waiting for cluster to exit safe mode
2023-04-19 02:32:45,477 [Listener at 127.0.0.1/44187] INFO  ozone.MiniOzoneClusterImpl (MiniOzoneClusterImpl.java:lambda$waitForClusterToBeReady$0(227)) - SCM became leader
2023-04-19 02:32:45,537 [BlockDeletingService#4] INFO  interfaces.ContainerDeletionChoosingPolicyTemplate (ContainerDeletionChoosingPolicyTemplate.java:chooseContainerForBlockDeletion(83)) - Chosen 0/5000 blocks from 0 candidate containers.
2023-04-19 02:32:45,537 [BlockDeletingService#2] INFO  interfaces.ContainerDeletionChoosingPolicyTemplate (ContainerDeletionChoosingPolicyTemplate.java:chooseContainerForBlockDeletion(83)) - Chosen 0/5000 blocks from 0 candidate containers.
2023-04-19 02:32:45,545 [BlockDeletingService#2] INFO  interfaces.ContainerDeletionChoosingPolicyTemplate (ContainerDeletionChoosingPolicyTemplate.java:chooseContainerForBlockDeletion(83)) - Chosen 0/5000 blocks from 0 candidate containers.
2023-04-19 02:32:45,561 [SCMBlockDeletingService#0] DEBUG block.SCMBlockDeletingService (SCMBlockDeletingService.java:shouldRun(251)) - Check scm block delete run: false serviceStatus: PAUSING safemodeExitRunDelayMillis: 3000 alreadyWaitTimeInMillis: 1681871565561
2023-04-19 02:32:45,637 [BlockDeletingService#4] INFO  interfaces.ContainerDeletionChoosingPolicyTemplate (ContainerDeletionChoosingPolicyTemplate.java:chooseContainerForBlockDeletion(83)) - Chosen 0/5000 blocks from 0 candidate containers.
2023-04-19 02:32:45,637 [BlockDeletingService#2] INFO  interfaces.ContainerDeletionChoosingPolicyTemplate (ContainerDeletionChoosingPolicyTemplate.java:chooseContainerForBlockDeletion(83)) - Chosen 0/5000 blocks from 0 candidate containers.
2023-04-19 02:32:45,645 [BlockDeletingService#2] INFO  interfaces.ContainerDeletionChoosingPolicyTemplate (ContainerDeletionChoosingPolicyTemplate.java:chooseContainerForBlockDeletion(83)) - Chosen 0/5000 blocks from 0 candidate containers.
2023-04-19 02:32:45,661 [SCMBlockDeletingService#0] DEBUG block.SCMBlockDeletingService (SCMBlockDeletingService.java:shouldRun(251)) - Check scm block delete run: false serviceStatus: PAUSING safemodeExitRunDelayMillis: 3000 alreadyWaitTimeInMillis: 1681871565661
2023-04-19 02:32:45,737 [BlockDeletingService#4] INFO  interfaces.ContainerDeletionChoosingPolicyTemplate (ContainerDeletionChoosingPolicyTemplate.java:chooseContainerForBlockDeletion(83)) - Chosen 0/5000 blocks from 0 candidate containers.
2023-04-19 02:32:45,738 [BlockDeletingService#2] INFO  interfaces.ContainerDeletionChoosingPolicyTemplate (ContainerDeletionChoosingPolicyTemplate.java:chooseContainerForBlockDeletion(83)) - Chosen 0/5000 blocks from 0 candidate containers.
2023-04-19 02:32:45,745 [BlockDeletingService#2] INFO  interfaces.ContainerDeletionChoosingPolicyTemplate (ContainerDeletionChoosingPolicyTemplate.java:chooseContainerForBlockDeletion(83)) - Chosen 0/5000 blocks from 0 candidate containers.
2023-04-19 02:32:45,761 [SCMBlockDeletingService#0] DEBUG block.SCMBlockDeletingService (SCMBlockDeletingService.java:shouldRun(251)) - Check scm block delete run: false serviceStatus: PAUSING safemodeExitRunDelayMillis: 3000 alreadyWaitTimeInMillis: 1681871565761
2023-04-19 02:32:45,838 [BlockDeletingService#4] INFO  interfaces.ContainerDeletionChoosingPolicyTemplate (ContainerDeletionChoosingPolicyTemplate.java:chooseContainerForBlockDeletion(83)) - Chosen 0/5000 blocks from 0 candidate containers.
2023-04-19 02:32:45,838 [BlockDeletingService#2] INFO  interfaces.ContainerDeletionChoosingPolicyTemplate (ContainerDeletionChoosingPolicyTemplate.java:chooseContainerForBlockDeletion(83)) - Chosen 0/5000 blocks from 0 candidate containers.
2023-04-19 02:32:45,845 [BlockDeletingService#2] INFO  interfaces.ContainerDeletionChoosingPolicyTemplate (ContainerDeletionChoosingPolicyTemplate.java:chooseContainerForBlockDeletion(83)) - Chosen 0/5000 blocks from 0 candidate containers.
2023-04-19 02:32:45,861 [SCMBlockDeletingService#0] DEBUG block.SCMBlockDeletingService (SCMBlockDeletingService.java:shouldRun(251)) - Check scm block delete run: false serviceStatus: PAUSING safemodeExitRunDelayMillis: 3000 alreadyWaitTimeInMillis: 1681871565861
2023-04-19 02:32:45,938 [BlockDeletingService#4] INFO  interfaces.ContainerDeletionChoosingPolicyTemplate (ContainerDeletionChoosingPolicyTemplate.java:chooseContainerForBlockDeletion(83)) - Chosen 0/5000 blocks from 0 candidate containers.
2023-04-19 02:32:45,938 [BlockDeletingService#2] INFO  interfaces.ContainerDeletionChoosingPolicyTemplate (ContainerDeletionChoosingPolicyTemplate.java:chooseContainerForBlockDeletion(83)) - Chosen 0/5000 blocks from 0 candidate containers.
2023-04-19 02:32:45,945 [BlockDeletingService#2] INFO  interfaces.ContainerDeletionChoosingPolicyTemplate (ContainerDeletionChoosingPolicyTemplate.java:chooseContainerForBlockDeletion(83)) - Chosen 0/5000 blocks from 0 candidate containers.
2023-04-19 02:32:45,961 [SCMBlockDeletingService#0] DEBUG block.SCMBlockDeletingService (SCMBlockDeletingService.java:shouldRun(251)) - Check scm block delete run: false serviceStatus: PAUSING safemodeExitRunDelayMillis: 3000 alreadyWaitTimeInMillis: 1681871565961
2023-04-19 02:32:46,039 [BlockDeletingService#2] INFO  interfaces.ContainerDeletionChoosingPolicyTemplate (ContainerDeletionChoosingPolicyTemplate.java:chooseContainerForBlockDeletion(83)) - Chosen 0/5000 blocks from 0 candidate containers.
2023-04-19 02:32:46,039 [BlockDeletingService#4] INFO  interfaces.ContainerDeletionChoosingPolicyTemplate (ContainerDeletionChoosingPolicyTemplate.java:chooseContainerForBlockDeletion(83)) - Chosen 0/5000 blocks from 0 candidate containers.
2023-04-19 02:32:46,046 [BlockDeletingService#2] INFO  interfaces.ContainerDeletionChoosingPolicyTemplate (ContainerDeletionChoosingPolicyTemplate.java:chooseContainerForBlockDeletion(83)) - Chosen 0/5000 blocks from 0 candidate containers.
2023-04-19 02:32:46,061 [SCMBlockDeletingService#0] DEBUG block.SCMBlockDeletingService (SCMBlockDeletingService.java:shouldRun(251)) - Check scm block delete run: false serviceStatus: PAUSING safemodeExitRunDelayMillis: 3000 alreadyWaitTimeInMillis: 1681871566061
2023-04-19 02:32:46,139 [BlockDeletingService#2] INFO  interfaces.ContainerDeletionChoosingPolicyTemplate (ContainerDeletionChoosingPolicyTemplate.java:chooseContainerForBlockDeletion(83)) - Chosen 0/5000 blocks from 0 candidate containers.
2023-04-19 02:32:46,139 [BlockDeletingService#4] INFO  interfaces.ContainerDeletionChoosingPolicyTemplate (ContainerDeletionChoosingPolicyTemplate.java:chooseContainerForBlockDeletion(83)) - Chosen 0/5000 blocks from 0 candidate containers.
2023-04-19 02:32:46,146 [BlockDeletingService#2] INFO  interfaces.ContainerDeletionChoosingPolicyTemplate (ContainerDeletionChoosingPolicyTemplate.java:chooseContainerForBlockDeletion(83)) - Chosen 0/5000 blocks from 0 candidate containers.
2023-04-19 02:32:46,161 [SCMBlockDeletingService#0] DEBUG block.SCMBlockDeletingService (SCMBlockDeletingService.java:shouldRun(251)) - Check scm block delete run: false serviceStatus: PAUSING safemodeExitRunDelayMillis: 3000 alreadyWaitTimeInMillis: 1681871566161
2023-04-19 02:32:46,240 [BlockDeletingService#2] INFO  interfaces.ContainerDeletionChoosingPolicyTemplate (ContainerDeletionChoosingPolicyTemplate.java:chooseContainerForBlockDeletion(83)) - Chosen 0/5000 blocks from 0 candidate containers.
2023-04-19 02:32:46,240 [BlockDeletingService#4] INFO  interfaces.ContainerDeletionChoosingPolicyTemplate (ContainerDeletionChoosingPolicyTemplate.java:chooseContainerForBlockDeletion(83)) - Chosen 0/5000 blocks from 0 candidate containers.
2023-04-19 02:32:46,246 [BlockDeletingService#2] INFO  interfaces.ContainerDeletionChoosingPolicyTemplate (ContainerDeletionChoosingPolicyTemplate.java:chooseContainerForBlockDeletion(83)) - Chosen 0/5000 blocks from 0 candidate containers.
2023-04-19 02:32:46,261 [SCMBlockDeletingService#0] DEBUG block.SCMBlockDeletingService (SCMBlockDeletingService.java:shouldRun(251)) - Check scm block delete run: false serviceStatus: PAUSING safemodeExitRunDelayMillis: 3000 alreadyWaitTimeInMillis: 1681871566261
2023-04-19 02:32:46,340 [BlockDeletingService#2] INFO  interfaces.ContainerDeletionChoosingPolicyTemplate (ContainerDeletionChoosingPolicyTemplate.java:chooseContainerForBlockDeletion(83)) - Chosen 0/5000 blocks from 0 candidate containers.
2023-04-19 02:32:46,340 [BlockDeletingService#5] INFO  interfaces.ContainerDeletionChoosingPolicyTemplate (ContainerDeletionChoosingPolicyTemplate.java:chooseContainerForBlockDeletion(83)) - Chosen 0/5000 blocks from 0 candidate containers.
2023-04-19 02:32:46,346 [BlockDeletingService#2] INFO  interfaces.ContainerDeletionChoosingPolicyTemplate (ContainerDeletionChoosingPolicyTemplate.java:chooseContainerForBlockDeletion(83)) - Chosen 0/5000 blocks from 0 candidate containers.
2023-04-19 02:32:46,361 [SCMBlockDeletingService#0] DEBUG block.SCMBlockDeletingService (SCMBlockDeletingService.java:shouldRun(251)) - Check scm block delete run: false serviceStatus: PAUSING safemodeExitRunDelayMillis: 3000 alreadyWaitTimeInMillis: 1681871566361
2023-04-19 02:32:46,440 [BlockDeletingService#2] INFO  interfaces.ContainerDeletionChoosingPolicyTemplate (ContainerDeletionChoosingPolicyTemplate.java:chooseContainerForBlockDeletion(83)) - Chosen 0/5000 blocks from 0 candidate containers.
2023-04-19 02:32:46,440 [BlockDeletingService#5] INFO  interfaces.ContainerDeletionChoosingPolicyTemplate (ContainerDeletionChoosingPolicyTemplate.java:chooseContainerForBlockDeletion(83)) - Chosen 0/5000 blocks from 0 candidate containers.
2023-04-19 02:32:46,446 [BlockDeletingService#2] INFO  interfaces.ContainerDeletionChoosingPolicyTemplate (ContainerDeletionChoosingPolicyTemplate.java:chooseContainerForBlockDeletion(83)) - Chosen 0/5000 blocks from 0 candidate containers.
2023-04-19 02:32:46,461 [SCMBlockDeletingService#0] DEBUG block.SCMBlockDeletingService (SCMBlockDeletingService.java:shouldRun(251)) - Check scm block delete run: false serviceStatus: PAUSING safemodeExitRunDelayMillis: 3000 alreadyWaitTimeInMillis: 1681871566461
2023-04-19 02:32:46,477 [Listener at 127.0.0.1/44187] INFO  ozone.MiniOzoneClusterImpl (MiniOzoneClusterImpl.java:lambda$waitForClusterToBeReady$0(222)) - Nodes are ready. Got 3 of 3 DN Heartbeats.
2023-04-19 02:32:46,477 [Listener at 127.0.0.1/44187] INFO  ozone.MiniOzoneClusterImpl (MiniOzoneClusterImpl.java:lambda$waitForClusterToBeReady$0(225)) - Waiting for cluster to exit safe mode
2023-04-19 02:32:46,477 [Listener at 127.0.0.1/44187] INFO  ozone.MiniOzoneClusterImpl (MiniOzoneClusterImpl.java:lambda$waitForClusterToBeReady$0(227)) - SCM became leader
2023-04-19 02:32:46,540 [BlockDeletingService#2] INFO  interfaces.ContainerDeletionChoosingPolicyTemplate (ContainerDeletionChoosingPolicyTemplate.java:chooseContainerForBlockDeletion(83)) - Chosen 0/5000 blocks from 0 candidate containers.
2023-04-19 02:32:46,541 [BlockDeletingService#5] INFO  interfaces.ContainerDeletionChoosingPolicyTemplate (ContainerDeletionChoosingPolicyTemplate.java:chooseContainerForBlockDeletion(83)) - Chosen 0/5000 blocks from 0 candidate containers.
2023-04-19 02:32:46,546 [BlockDeletingService#2] INFO  interfaces.ContainerDeletionChoosingPolicyTemplate (ContainerDeletionChoosingPolicyTemplate.java:chooseContainerForBlockDeletion(83)) - Chosen 0/5000 blocks from 0 candidate containers.
2023-04-19 02:32:46,561 [SCMBlockDeletingService#0] DEBUG block.SCMBlockDeletingService (SCMBlockDeletingService.java:shouldRun(251)) - Check scm block delete run: false serviceStatus: PAUSING safemodeExitRunDelayMillis: 3000 alreadyWaitTimeInMillis: 1681871566561
2023-04-19 02:32:46,641 [BlockDeletingService#2] INFO  interfaces.ContainerDeletionChoosingPolicyTemplate (ContainerDeletionChoosingPolicyTemplate.java:chooseContainerForBlockDeletion(83)) - Chosen 0/5000 blocks from 0 candidate containers.
2023-04-19 02:32:46,641 [BlockDeletingService#5] INFO  interfaces.ContainerDeletionChoosingPolicyTemplate (ContainerDeletionChoosingPolicyTemplate.java:chooseContainerForBlockDeletion(83)) - Chosen 0/5000 blocks from 0 candidate containers.
2023-04-19 02:32:46,647 [BlockDeletingService#2] INFO  interfaces.ContainerDeletionChoosingPolicyTemplate (ContainerDeletionChoosingPolicyTemplate.java:chooseContainerForBlockDeletion(83)) - Chosen 0/5000 blocks from 0 candidate containers.
2023-04-19 02:32:46,661 [SCMBlockDeletingService#0] DEBUG block.SCMBlockDeletingService (SCMBlockDeletingService.java:shouldRun(251)) - Check scm block delete run: false serviceStatus: PAUSING safemodeExitRunDelayMillis: 3000 alreadyWaitTimeInMillis: 1681871566661
2023-04-19 02:32:46,741 [BlockDeletingService#2] INFO  interfaces.ContainerDeletionChoosingPolicyTemplate (ContainerDeletionChoosingPolicyTemplate.java:chooseContainerForBlockDeletion(83)) - Chosen 0/5000 blocks from 0 candidate containers.
2023-04-19 02:32:46,741 [BlockDeletingService#5] INFO  interfaces.ContainerDeletionChoosingPolicyTemplate (ContainerDeletionChoosingPolicyTemplate.java:chooseContainerForBlockDeletion(83)) - Chosen 0/5000 blocks from 0 candidate containers.
2023-04-19 02:32:46,747 [BlockDeletingService#2] INFO  interfaces.ContainerDeletionChoosingPolicyTemplate (ContainerDeletionChoosingPolicyTemplate.java:chooseContainerForBlockDeletion(83)) - Chosen 0/5000 blocks from 0 candidate containers.
2023-04-19 02:32:46,762 [SCMBlockDeletingService#0] DEBUG block.SCMBlockDeletingService (SCMBlockDeletingService.java:shouldRun(251)) - Check scm block delete run: false serviceStatus: PAUSING safemodeExitRunDelayMillis: 3000 alreadyWaitTimeInMillis: 1681871566762
2023-04-19 02:32:46,841 [BlockDeletingService#2] INFO  interfaces.ContainerDeletionChoosingPolicyTemplate (ContainerDeletionChoosingPolicyTemplate.java:chooseContainerForBlockDeletion(83)) - Chosen 0/5000 blocks from 0 candidate containers.
2023-04-19 02:32:46,841 [BlockDeletingService#5] INFO  interfaces.ContainerDeletionChoosingPolicyTemplate (ContainerDeletionChoosingPolicyTemplate.java:chooseContainerForBlockDeletion(83)) - Chosen 0/5000 blocks from 0 candidate containers.
2023-04-19 02:32:46,847 [BlockDeletingService#2] INFO  interfaces.ContainerDeletionChoosingPolicyTemplate (ContainerDeletionChoosingPolicyTemplate.java:chooseContainerForBlockDeletion(83)) - Chosen 0/5000 blocks from 0 candidate containers.
2023-04-19 02:32:46,862 [SCMBlockDeletingService#0] DEBUG block.SCMBlockDeletingService (SCMBlockDeletingService.java:shouldRun(251)) - Check scm block delete run: false serviceStatus: PAUSING safemodeExitRunDelayMillis: 3000 alreadyWaitTimeInMillis: 1681871566862
2023-04-19 02:32:46,942 [BlockDeletingService#5] INFO  interfaces.ContainerDeletionChoosingPolicyTemplate (ContainerDeletionChoosingPolicyTemplate.java:chooseContainerForBlockDeletion(83)) - Chosen 0/5000 blocks from 0 candidate containers.
2023-04-19 02:32:46,942 [BlockDeletingService#2] INFO  interfaces.ContainerDeletionChoosingPolicyTemplate (ContainerDeletionChoosingPolicyTemplate.java:chooseContainerForBlockDeletion(83)) - Chosen 0/5000 blocks from 0 candidate containers.
2023-04-19 02:32:46,947 [BlockDeletingService#2] INFO  interfaces.ContainerDeletionChoosingPolicyTemplate (ContainerDeletionChoosingPolicyTemplate.java:chooseContainerForBlockDeletion(83)) - Chosen 0/5000 blocks from 0 candidate containers.
2023-04-19 02:32:46,962 [SCMBlockDeletingService#0] DEBUG block.SCMBlockDeletingService (SCMBlockDeletingService.java:shouldRun(251)) - Check scm block delete run: false serviceStatus: PAUSING safemodeExitRunDelayMillis: 3000 alreadyWaitTimeInMillis: 1681871566962
2023-04-19 02:32:47,042 [BlockDeletingService#5] INFO  interfaces.ContainerDeletionChoosingPolicyTemplate (ContainerDeletionChoosingPolicyTemplate.java:chooseContainerForBlockDeletion(83)) - Chosen 0/5000 blocks from 0 candidate containers.
2023-04-19 02:32:47,042 [BlockDeletingService#2] INFO  interfaces.ContainerDeletionChoosingPolicyTemplate (ContainerDeletionChoosingPolicyTemplate.java:chooseContainerForBlockDeletion(83)) - Chosen 0/5000 blocks from 0 candidate containers.
2023-04-19 02:32:47,047 [BlockDeletingService#2] INFO  interfaces.ContainerDeletionChoosingPolicyTemplate (ContainerDeletionChoosingPolicyTemplate.java:chooseContainerForBlockDeletion(83)) - Chosen 0/5000 blocks from 0 candidate containers.
2023-04-19 02:32:47,062 [SCMBlockDeletingService#0] DEBUG block.SCMBlockDeletingService (SCMBlockDeletingService.java:shouldRun(251)) - Check scm block delete run: false serviceStatus: PAUSING safemodeExitRunDelayMillis: 3000 alreadyWaitTimeInMillis: 1681871567062
2023-04-19 02:32:47,142 [BlockDeletingService#5] INFO  interfaces.ContainerDeletionChoosingPolicyTemplate (ContainerDeletionChoosingPolicyTemplate.java:chooseContainerForBlockDeletion(83)) - Chosen 0/5000 blocks from 0 candidate containers.
2023-04-19 02:32:47,143 [BlockDeletingService#2] INFO  interfaces.ContainerDeletionChoosingPolicyTemplate (ContainerDeletionChoosingPolicyTemplate.java:chooseContainerForBlockDeletion(83)) - Chosen 0/5000 blocks from 0 candidate containers.
2023-04-19 02:32:47,147 [BlockDeletingService#2] INFO  interfaces.ContainerDeletionChoosingPolicyTemplate (ContainerDeletionChoosingPolicyTemplate.java:chooseContainerForBlockDeletion(83)) - Chosen 0/5000 blocks from 0 candidate containers.
2023-04-19 02:32:47,162 [SCMBlockDeletingService#0] DEBUG block.SCMBlockDeletingService (SCMBlockDeletingService.java:shouldRun(251)) - Check scm block delete run: false serviceStatus: PAUSING safemodeExitRunDelayMillis: 3000 alreadyWaitTimeInMillis: 1681871567162
2023-04-19 02:32:47,243 [BlockDeletingService#5] INFO  interfaces.ContainerDeletionChoosingPolicyTemplate (ContainerDeletionChoosingPolicyTemplate.java:chooseContainerForBlockDeletion(83)) - Chosen 0/5000 blocks from 0 candidate containers.
2023-04-19 02:32:47,243 [BlockDeletingService#2] INFO  interfaces.ContainerDeletionChoosingPolicyTemplate (ContainerDeletionChoosingPolicyTemplate.java:chooseContainerForBlockDeletion(83)) - Chosen 0/5000 blocks from 0 candidate containers.
2023-04-19 02:32:47,248 [BlockDeletingService#2] INFO  interfaces.ContainerDeletionChoosingPolicyTemplate (ContainerDeletionChoosingPolicyTemplate.java:chooseContainerForBlockDeletion(83)) - Chosen 0/5000 blocks from 0 candidate containers.
2023-04-19 02:32:47,262 [SCMBlockDeletingService#0] DEBUG block.SCMBlockDeletingService (SCMBlockDeletingService.java:shouldRun(251)) - Check scm block delete run: false serviceStatus: PAUSING safemodeExitRunDelayMillis: 3000 alreadyWaitTimeInMillis: 1681871567262
2023-04-19 02:32:47,343 [BlockDeletingService#5] INFO  interfaces.ContainerDeletionChoosingPolicyTemplate (ContainerDeletionChoosingPolicyTemplate.java:chooseContainerForBlockDeletion(83)) - Chosen 0/5000 blocks from 0 candidate containers.
2023-04-19 02:32:47,343 [BlockDeletingService#2] INFO  interfaces.ContainerDeletionChoosingPolicyTemplate (ContainerDeletionChoosingPolicyTemplate.java:chooseContainerForBlockDeletion(83)) - Chosen 0/5000 blocks from 0 candidate containers.
2023-04-19 02:32:47,348 [BlockDeletingService#2] INFO  interfaces.ContainerDeletionChoosingPolicyTemplate (ContainerDeletionChoosingPolicyTemplate.java:chooseContainerForBlockDeletion(83)) - Chosen 0/5000 blocks from 0 candidate containers.
2023-04-19 02:32:47,362 [SCMBlockDeletingService#0] DEBUG block.SCMBlockDeletingService (SCMBlockDeletingService.java:shouldRun(251)) - Check scm block delete run: false serviceStatus: PAUSING safemodeExitRunDelayMillis: 3000 alreadyWaitTimeInMillis: 1681871567362
2023-04-19 02:32:47,443 [BlockDeletingService#5] INFO  interfaces.ContainerDeletionChoosingPolicyTemplate (ContainerDeletionChoosingPolicyTemplate.java:chooseContainerForBlockDeletion(83)) - Chosen 0/5000 blocks from 0 candidate containers.
2023-04-19 02:32:47,443 [BlockDeletingService#2] INFO  interfaces.ContainerDeletionChoosingPolicyTemplate (ContainerDeletionChoosingPolicyTemplate.java:chooseContainerForBlockDeletion(83)) - Chosen 0/5000 blocks from 0 candidate containers.
2023-04-19 02:32:47,448 [BlockDeletingService#2] INFO  interfaces.ContainerDeletionChoosingPolicyTemplate (ContainerDeletionChoosingPolicyTemplate.java:chooseContainerForBlockDeletion(83)) - Chosen 0/5000 blocks from 0 candidate containers.
2023-04-19 02:32:47,462 [SCMBlockDeletingService#0] DEBUG block.SCMBlockDeletingService (SCMBlockDeletingService.java:shouldRun(251)) - Check scm block delete run: false serviceStatus: PAUSING safemodeExitRunDelayMillis: 3000 alreadyWaitTimeInMillis: 1681871567462
2023-04-19 02:32:47,478 [Listener at 127.0.0.1/44187] INFO  ozone.MiniOzoneClusterImpl (MiniOzoneClusterImpl.java:lambda$waitForClusterToBeReady$0(222)) - Nodes are ready. Got 3 of 3 DN Heartbeats.
2023-04-19 02:32:47,478 [Listener at 127.0.0.1/44187] INFO  ozone.MiniOzoneClusterImpl (MiniOzoneClusterImpl.java:lambda$waitForClusterToBeReady$0(225)) - Waiting for cluster to exit safe mode
2023-04-19 02:32:47,478 [Listener at 127.0.0.1/44187] INFO  ozone.MiniOzoneClusterImpl (MiniOzoneClusterImpl.java:lambda$waitForClusterToBeReady$0(227)) - SCM became leader
2023-04-19 02:32:47,543 [BlockDeletingService#5] INFO  interfaces.ContainerDeletionChoosingPolicyTemplate (ContainerDeletionChoosingPolicyTemplate.java:chooseContainerForBlockDeletion(83)) - Chosen 0/5000 blocks from 0 candidate containers.
2023-04-19 02:32:47,544 [BlockDeletingService#2] INFO  interfaces.ContainerDeletionChoosingPolicyTemplate (ContainerDeletionChoosingPolicyTemplate.java:chooseContainerForBlockDeletion(83)) - Chosen 0/5000 blocks from 0 candidate containers.
2023-04-19 02:32:47,548 [BlockDeletingService#2] INFO  interfaces.ContainerDeletionChoosingPolicyTemplate (ContainerDeletionChoosingPolicyTemplate.java:chooseContainerForBlockDeletion(83)) - Chosen 0/5000 blocks from 0 candidate containers.
2023-04-19 02:32:47,562 [SCMBlockDeletingService#0] DEBUG block.SCMBlockDeletingService (SCMBlockDeletingService.java:shouldRun(251)) - Check scm block delete run: false serviceStatus: PAUSING safemodeExitRunDelayMillis: 3000 alreadyWaitTimeInMillis: 1681871567562
2023-04-19 02:32:47,644 [BlockDeletingService#5] INFO  interfaces.ContainerDeletionChoosingPolicyTemplate (ContainerDeletionChoosingPolicyTemplate.java:chooseContainerForBlockDeletion(83)) - Chosen 0/5000 blocks from 0 candidate containers.
2023-04-19 02:32:47,644 [BlockDeletingService#2] INFO  interfaces.ContainerDeletionChoosingPolicyTemplate (ContainerDeletionChoosingPolicyTemplate.java:chooseContainerForBlockDeletion(83)) - Chosen 0/5000 blocks from 0 candidate containers.
2023-04-19 02:32:47,648 [BlockDeletingService#2] INFO  interfaces.ContainerDeletionChoosingPolicyTemplate (ContainerDeletionChoosingPolicyTemplate.java:chooseContainerForBlockDeletion(83)) - Chosen 0/5000 blocks from 0 candidate containers.
2023-04-19 02:32:47,662 [SCMBlockDeletingService#0] DEBUG block.SCMBlockDeletingService (SCMBlockDeletingService.java:shouldRun(251)) - Check scm block delete run: false serviceStatus: PAUSING safemodeExitRunDelayMillis: 3000 alreadyWaitTimeInMillis: 1681871567662
2023-04-19 02:32:47,744 [BlockDeletingService#5] INFO  interfaces.ContainerDeletionChoosingPolicyTemplate (ContainerDeletionChoosingPolicyTemplate.java:chooseContainerForBlockDeletion(83)) - Chosen 0/5000 blocks from 0 candidate containers.
2023-04-19 02:32:47,744 [BlockDeletingService#2] INFO  interfaces.ContainerDeletionChoosingPolicyTemplate (ContainerDeletionChoosingPolicyTemplate.java:chooseContainerForBlockDeletion(83)) - Chosen 0/5000 blocks from 0 candidate containers.
2023-04-19 02:32:47,748 [BlockDeletingService#2] INFO  interfaces.ContainerDeletionChoosingPolicyTemplate (ContainerDeletionChoosingPolicyTemplate.java:chooseContainerForBlockDeletion(83)) - Chosen 0/5000 blocks from 0 candidate containers.
2023-04-19 02:32:47,762 [SCMBlockDeletingService#0] DEBUG block.SCMBlockDeletingService (SCMBlockDeletingService.java:shouldRun(251)) - Check scm block delete run: false serviceStatus: PAUSING safemodeExitRunDelayMillis: 3000 alreadyWaitTimeInMillis: 1681871567762
2023-04-19 02:32:47,844 [BlockDeletingService#5] INFO  interfaces.ContainerDeletionChoosingPolicyTemplate (ContainerDeletionChoosingPolicyTemplate.java:chooseContainerForBlockDeletion(83)) - Chosen 0/5000 blocks from 0 candidate containers.
2023-04-19 02:32:47,845 [BlockDeletingService#2] INFO  interfaces.ContainerDeletionChoosingPolicyTemplate (ContainerDeletionChoosingPolicyTemplate.java:chooseContainerForBlockDeletion(83)) - Chosen 0/5000 blocks from 0 candidate containers.
2023-04-19 02:32:47,848 [BlockDeletingService#2] INFO  interfaces.ContainerDeletionChoosingPolicyTemplate (ContainerDeletionChoosingPolicyTemplate.java:chooseContainerForBlockDeletion(83)) - Chosen 0/5000 blocks from 0 candidate containers.
2023-04-19 02:32:47,862 [SCMBlockDeletingService#0] DEBUG block.SCMBlockDeletingService (SCMBlockDeletingService.java:shouldRun(251)) - Check scm block delete run: false serviceStatus: PAUSING safemodeExitRunDelayMillis: 3000 alreadyWaitTimeInMillis: 1681871567862
2023-04-19 02:32:47,945 [BlockDeletingService#5] INFO  interfaces.ContainerDeletionChoosingPolicyTemplate (ContainerDeletionChoosingPolicyTemplate.java:chooseContainerForBlockDeletion(83)) - Chosen 0/5000 blocks from 0 candidate containers.
2023-04-19 02:32:47,945 [BlockDeletingService#2] INFO  interfaces.ContainerDeletionChoosingPolicyTemplate (ContainerDeletionChoosingPolicyTemplate.java:chooseContainerForBlockDeletion(83)) - Chosen 0/5000 blocks from 0 candidate containers.
2023-04-19 02:32:47,948 [BlockDeletingService#2] INFO  interfaces.ContainerDeletionChoosingPolicyTemplate (ContainerDeletionChoosingPolicyTemplate.java:chooseContainerForBlockDeletion(83)) - Chosen 0/5000 blocks from 0 candidate containers.
2023-04-19 02:32:47,962 [SCMBlockDeletingService#0] DEBUG block.SCMBlockDeletingService (SCMBlockDeletingService.java:shouldRun(251)) - Check scm block delete run: false serviceStatus: PAUSING safemodeExitRunDelayMillis: 3000 alreadyWaitTimeInMillis: 1681871567962
2023-04-19 02:32:48,045 [BlockDeletingService#5] INFO  interfaces.ContainerDeletionChoosingPolicyTemplate (ContainerDeletionChoosingPolicyTemplate.java:chooseContainerForBlockDeletion(83)) - Chosen 0/5000 blocks from 0 candidate containers.
2023-04-19 02:32:48,045 [BlockDeletingService#2] INFO  interfaces.ContainerDeletionChoosingPolicyTemplate (ContainerDeletionChoosingPolicyTemplate.java:chooseContainerForBlockDeletion(83)) - Chosen 0/5000 blocks from 0 candidate containers.
2023-04-19 02:32:48,049 [BlockDeletingService#2] INFO  interfaces.ContainerDeletionChoosingPolicyTemplate (ContainerDeletionChoosingPolicyTemplate.java:chooseContainerForBlockDeletion(83)) - Chosen 0/5000 blocks from 0 candidate containers.
2023-04-19 02:32:48,062 [SCMBlockDeletingService#0] DEBUG block.SCMBlockDeletingService (SCMBlockDeletingService.java:shouldRun(251)) - Check scm block delete run: false serviceStatus: PAUSING safemodeExitRunDelayMillis: 3000 alreadyWaitTimeInMillis: 1681871568062
2023-04-19 02:32:48,145 [BlockDeletingService#5] INFO  interfaces.ContainerDeletionChoosingPolicyTemplate (ContainerDeletionChoosingPolicyTemplate.java:chooseContainerForBlockDeletion(83)) - Chosen 0/5000 blocks from 0 candidate containers.
2023-04-19 02:32:48,145 [BlockDeletingService#2] INFO  interfaces.ContainerDeletionChoosingPolicyTemplate (ContainerDeletionChoosingPolicyTemplate.java:chooseContainerForBlockDeletion(83)) - Chosen 0/5000 blocks from 0 candidate containers.
2023-04-19 02:32:48,149 [BlockDeletingService#2] INFO  interfaces.ContainerDeletionChoosingPolicyTemplate (ContainerDeletionChoosingPolicyTemplate.java:chooseContainerForBlockDeletion(83)) - Chosen 0/5000 blocks from 0 candidate containers.
2023-04-19 02:32:48,163 [SCMBlockDeletingService#0] DEBUG block.SCMBlockDeletingService (SCMBlockDeletingService.java:shouldRun(251)) - Check scm block delete run: false serviceStatus: PAUSING safemodeExitRunDelayMillis: 3000 alreadyWaitTimeInMillis: 1681871568163
2023-04-19 02:32:48,245 [BlockDeletingService#5] INFO  interfaces.ContainerDeletionChoosingPolicyTemplate (ContainerDeletionChoosingPolicyTemplate.java:chooseContainerForBlockDeletion(83)) - Chosen 0/5000 blocks from 0 candidate containers.
2023-04-19 02:32:48,245 [BlockDeletingService#2] INFO  interfaces.ContainerDeletionChoosingPolicyTemplate (ContainerDeletionChoosingPolicyTemplate.java:chooseContainerForBlockDeletion(83)) - Chosen 0/5000 blocks from 0 candidate containers.
2023-04-19 02:32:48,249 [BlockDeletingService#2] INFO  interfaces.ContainerDeletionChoosingPolicyTemplate (ContainerDeletionChoosingPolicyTemplate.java:chooseContainerForBlockDeletion(83)) - Chosen 0/5000 blocks from 0 candidate containers.
2023-04-19 02:32:48,263 [SCMBlockDeletingService#0] DEBUG block.SCMBlockDeletingService (SCMBlockDeletingService.java:shouldRun(251)) - Check scm block delete run: false serviceStatus: PAUSING safemodeExitRunDelayMillis: 3000 alreadyWaitTimeInMillis: 1681871568263
2023-04-19 02:32:48,346 [BlockDeletingService#5] INFO  interfaces.ContainerDeletionChoosingPolicyTemplate (ContainerDeletionChoosingPolicyTemplate.java:chooseContainerForBlockDeletion(83)) - Chosen 0/5000 blocks from 0 candidate containers.
2023-04-19 02:32:48,346 [BlockDeletingService#2] INFO  interfaces.ContainerDeletionChoosingPolicyTemplate (ContainerDeletionChoosingPolicyTemplate.java:chooseContainerForBlockDeletion(83)) - Chosen 0/5000 blocks from 0 candidate containers.
2023-04-19 02:32:48,349 [BlockDeletingService#2] INFO  interfaces.ContainerDeletionChoosingPolicyTemplate (ContainerDeletionChoosingPolicyTemplate.java:chooseContainerForBlockDeletion(83)) - Chosen 0/5000 blocks from 0 candidate containers.
2023-04-19 02:32:48,363 [SCMBlockDeletingService#0] DEBUG block.SCMBlockDeletingService (SCMBlockDeletingService.java:shouldRun(251)) - Check scm block delete run: false serviceStatus: PAUSING safemodeExitRunDelayMillis: 3000 alreadyWaitTimeInMillis: 1681871568363
2023-04-19 02:32:48,446 [BlockDeletingService#5] INFO  interfaces.ContainerDeletionChoosingPolicyTemplate (ContainerDeletionChoosingPolicyTemplate.java:chooseContainerForBlockDeletion(83)) - Chosen 0/5000 blocks from 0 candidate containers.
2023-04-19 02:32:48,446 [BlockDeletingService#2] INFO  interfaces.ContainerDeletionChoosingPolicyTemplate (ContainerDeletionChoosingPolicyTemplate.java:chooseContainerForBlockDeletion(83)) - Chosen 0/5000 blocks from 0 candidate containers.
2023-04-19 02:32:48,449 [BlockDeletingService#2] INFO  interfaces.ContainerDeletionChoosingPolicyTemplate (ContainerDeletionChoosingPolicyTemplate.java:chooseContainerForBlockDeletion(83)) - Chosen 0/5000 blocks from 0 candidate containers.
2023-04-19 02:32:48,463 [SCMBlockDeletingService#0] DEBUG block.SCMBlockDeletingService (SCMBlockDeletingService.java:shouldRun(251)) - Check scm block delete run: false serviceStatus: PAUSING safemodeExitRunDelayMillis: 3000 alreadyWaitTimeInMillis: 1681871568463
2023-04-19 02:32:48,478 [Listener at 127.0.0.1/44187] INFO  ozone.MiniOzoneClusterImpl (MiniOzoneClusterImpl.java:lambda$waitForClusterToBeReady$0(222)) - Nodes are ready. Got 3 of 3 DN Heartbeats.
2023-04-19 02:32:48,479 [Listener at 127.0.0.1/44187] INFO  ozone.MiniOzoneClusterImpl (MiniOzoneClusterImpl.java:lambda$waitForClusterToBeReady$0(225)) - Waiting for cluster to exit safe mode
2023-04-19 02:32:48,479 [Listener at 127.0.0.1/44187] INFO  ozone.MiniOzoneClusterImpl (MiniOzoneClusterImpl.java:lambda$waitForClusterToBeReady$0(227)) - SCM became leader
2023-04-19 02:32:48,546 [BlockDeletingService#5] INFO  interfaces.ContainerDeletionChoosingPolicyTemplate (ContainerDeletionChoosingPolicyTemplate.java:chooseContainerForBlockDeletion(83)) - Chosen 0/5000 blocks from 0 candidate containers.
2023-04-19 02:32:48,546 [BlockDeletingService#2] INFO  interfaces.ContainerDeletionChoosingPolicyTemplate (ContainerDeletionChoosingPolicyTemplate.java:chooseContainerForBlockDeletion(83)) - Chosen 0/5000 blocks from 0 candidate containers.
2023-04-19 02:32:48,549 [BlockDeletingService#2] INFO  interfaces.ContainerDeletionChoosingPolicyTemplate (ContainerDeletionChoosingPolicyTemplate.java:chooseContainerForBlockDeletion(83)) - Chosen 0/5000 blocks from 0 candidate containers.
2023-04-19 02:32:48,563 [SCMBlockDeletingService#0] DEBUG block.SCMBlockDeletingService (SCMBlockDeletingService.java:shouldRun(251)) - Check scm block delete run: false serviceStatus: PAUSING safemodeExitRunDelayMillis: 3000 alreadyWaitTimeInMillis: 1681871568563
2023-04-19 02:32:48,646 [BlockDeletingService#5] INFO  interfaces.ContainerDeletionChoosingPolicyTemplate (ContainerDeletionChoosingPolicyTemplate.java:chooseContainerForBlockDeletion(83)) - Chosen 0/5000 blocks from 0 candidate containers.
2023-04-19 02:32:48,646 [BlockDeletingService#2] INFO  interfaces.ContainerDeletionChoosingPolicyTemplate (ContainerDeletionChoosingPolicyTemplate.java:chooseContainerForBlockDeletion(83)) - Chosen 0/5000 blocks from 0 candidate containers.
2023-04-19 02:32:48,649 [BlockDeletingService#2] INFO  interfaces.ContainerDeletionChoosingPolicyTemplate (ContainerDeletionChoosingPolicyTemplate.java:chooseContainerForBlockDeletion(83)) - Chosen 0/5000 blocks from 0 candidate containers.
2023-04-19 02:32:48,663 [SCMBlockDeletingService#0] DEBUG block.SCMBlockDeletingService (SCMBlockDeletingService.java:shouldRun(251)) - Check scm block delete run: false serviceStatus: PAUSING safemodeExitRunDelayMillis: 3000 alreadyWaitTimeInMillis: 1681871568663
2023-04-19 02:32:48,747 [BlockDeletingService#5] INFO  interfaces.ContainerDeletionChoosingPolicyTemplate (ContainerDeletionChoosingPolicyTemplate.java:chooseContainerForBlockDeletion(83)) - Chosen 0/5000 blocks from 0 candidate containers.
2023-04-19 02:32:48,747 [BlockDeletingService#2] INFO  interfaces.ContainerDeletionChoosingPolicyTemplate (ContainerDeletionChoosingPolicyTemplate.java:chooseContainerForBlockDeletion(83)) - Chosen 0/5000 blocks from 0 candidate containers.
2023-04-19 02:32:48,749 [BlockDeletingService#2] INFO  interfaces.ContainerDeletionChoosingPolicyTemplate (ContainerDeletionChoosingPolicyTemplate.java:chooseContainerForBlockDeletion(83)) - Chosen 0/5000 blocks from 0 candidate containers.
2023-04-19 02:32:48,763 [SCMBlockDeletingService#0] DEBUG block.SCMBlockDeletingService (SCMBlockDeletingService.java:shouldRun(251)) - Check scm block delete run: false serviceStatus: PAUSING safemodeExitRunDelayMillis: 3000 alreadyWaitTimeInMillis: 1681871568763
2023-04-19 02:32:48,847 [BlockDeletingService#5] INFO  interfaces.ContainerDeletionChoosingPolicyTemplate (ContainerDeletionChoosingPolicyTemplate.java:chooseContainerForBlockDeletion(83)) - Chosen 0/5000 blocks from 0 candidate containers.
2023-04-19 02:32:48,847 [BlockDeletingService#2] INFO  interfaces.ContainerDeletionChoosingPolicyTemplate (ContainerDeletionChoosingPolicyTemplate.java:chooseContainerForBlockDeletion(83)) - Chosen 0/5000 blocks from 0 candidate containers.
2023-04-19 02:32:48,850 [BlockDeletingService#2] INFO  interfaces.ContainerDeletionChoosingPolicyTemplate (ContainerDeletionChoosingPolicyTemplate.java:chooseContainerForBlockDeletion(83)) - Chosen 0/5000 blocks from 0 candidate containers.
2023-04-19 02:32:48,863 [SCMBlockDeletingService#0] DEBUG block.SCMBlockDeletingService (SCMBlockDeletingService.java:shouldRun(251)) - Check scm block delete run: false serviceStatus: PAUSING safemodeExitRunDelayMillis: 3000 alreadyWaitTimeInMillis: 1681871568863
2023-04-19 02:32:48,947 [BlockDeletingService#5] INFO  interfaces.ContainerDeletionChoosingPolicyTemplate (ContainerDeletionChoosingPolicyTemplate.java:chooseContainerForBlockDeletion(83)) - Chosen 0/5000 blocks from 0 candidate containers.
2023-04-19 02:32:48,947 [BlockDeletingService#2] INFO  interfaces.ContainerDeletionChoosingPolicyTemplate (ContainerDeletionChoosingPolicyTemplate.java:chooseContainerForBlockDeletion(83)) - Chosen 0/5000 blocks from 0 candidate containers.
2023-04-19 02:32:48,950 [BlockDeletingService#2] INFO  interfaces.ContainerDeletionChoosingPolicyTemplate (ContainerDeletionChoosingPolicyTemplate.java:chooseContainerForBlockDeletion(83)) - Chosen 0/5000 blocks from 0 candidate containers.
2023-04-19 02:32:48,963 [SCMBlockDeletingService#0] DEBUG block.SCMBlockDeletingService (SCMBlockDeletingService.java:shouldRun(251)) - Check scm block delete run: false serviceStatus: PAUSING safemodeExitRunDelayMillis: 3000 alreadyWaitTimeInMillis: 1681871568963
2023-04-19 02:32:49,047 [BlockDeletingService#5] INFO  interfaces.ContainerDeletionChoosingPolicyTemplate (ContainerDeletionChoosingPolicyTemplate.java:chooseContainerForBlockDeletion(83)) - Chosen 0/5000 blocks from 0 candidate containers.
2023-04-19 02:32:49,047 [BlockDeletingService#2] INFO  interfaces.ContainerDeletionChoosingPolicyTemplate (ContainerDeletionChoosingPolicyTemplate.java:chooseContainerForBlockDeletion(83)) - Chosen 0/5000 blocks from 0 candidate containers.
2023-04-19 02:32:49,050 [BlockDeletingService#2] INFO  interfaces.ContainerDeletionChoosingPolicyTemplate (ContainerDeletionChoosingPolicyTemplate.java:chooseContainerForBlockDeletion(83)) - Chosen 0/5000 blocks from 0 candidate containers.
2023-04-19 02:32:49,063 [SCMBlockDeletingService#0] DEBUG block.SCMBlockDeletingService (SCMBlockDeletingService.java:shouldRun(251)) - Check scm block delete run: false serviceStatus: PAUSING safemodeExitRunDelayMillis: 3000 alreadyWaitTimeInMillis: 1681871569063
2023-04-19 02:32:49,147 [BlockDeletingService#5] INFO  interfaces.ContainerDeletionChoosingPolicyTemplate (ContainerDeletionChoosingPolicyTemplate.java:chooseContainerForBlockDeletion(83)) - Chosen 0/5000 blocks from 0 candidate containers.
2023-04-19 02:32:49,147 [BlockDeletingService#2] INFO  interfaces.ContainerDeletionChoosingPolicyTemplate (ContainerDeletionChoosingPolicyTemplate.java:chooseContainerForBlockDeletion(83)) - Chosen 0/5000 blocks from 0 candidate containers.
2023-04-19 02:32:49,150 [BlockDeletingService#2] INFO  interfaces.ContainerDeletionChoosingPolicyTemplate (ContainerDeletionChoosingPolicyTemplate.java:chooseContainerForBlockDeletion(83)) - Chosen 0/5000 blocks from 0 candidate containers.
2023-04-19 02:32:49,163 [SCMBlockDeletingService#0] DEBUG block.SCMBlockDeletingService (SCMBlockDeletingService.java:shouldRun(251)) - Check scm block delete run: false serviceStatus: PAUSING safemodeExitRunDelayMillis: 3000 alreadyWaitTimeInMillis: 1681871569163
2023-04-19 02:32:49,248 [BlockDeletingService#5] INFO  interfaces.ContainerDeletionChoosingPolicyTemplate (ContainerDeletionChoosingPolicyTemplate.java:chooseContainerForBlockDeletion(83)) - Chosen 0/5000 blocks from 0 candidate containers.
2023-04-19 02:32:49,248 [BlockDeletingService#2] INFO  interfaces.ContainerDeletionChoosingPolicyTemplate (ContainerDeletionChoosingPolicyTemplate.java:chooseContainerForBlockDeletion(83)) - Chosen 0/5000 blocks from 0 candidate containers.
2023-04-19 02:32:49,250 [BlockDeletingService#2] INFO  interfaces.ContainerDeletionChoosingPolicyTemplate (ContainerDeletionChoosingPolicyTemplate.java:chooseContainerForBlockDeletion(83)) - Chosen 0/5000 blocks from 0 candidate containers.
2023-04-19 02:32:49,263 [SCMBlockDeletingService#0] DEBUG block.SCMBlockDeletingService (SCMBlockDeletingService.java:shouldRun(251)) - Check scm block delete run: false serviceStatus: PAUSING safemodeExitRunDelayMillis: 3000 alreadyWaitTimeInMillis: 1681871569263
2023-04-19 02:32:49,348 [BlockDeletingService#5] INFO  interfaces.ContainerDeletionChoosingPolicyTemplate (ContainerDeletionChoosingPolicyTemplate.java:chooseContainerForBlockDeletion(83)) - Chosen 0/5000 blocks from 0 candidate containers.
2023-04-19 02:32:49,348 [BlockDeletingService#2] INFO  interfaces.ContainerDeletionChoosingPolicyTemplate (ContainerDeletionChoosingPolicyTemplate.java:chooseContainerForBlockDeletion(83)) - Chosen 0/5000 blocks from 0 candidate containers.
2023-04-19 02:32:49,350 [BlockDeletingService#2] INFO  interfaces.ContainerDeletionChoosingPolicyTemplate (ContainerDeletionChoosingPolicyTemplate.java:chooseContainerForBlockDeletion(83)) - Chosen 0/5000 blocks from 0 candidate containers.
2023-04-19 02:32:49,363 [SCMBlockDeletingService#0] DEBUG block.SCMBlockDeletingService (SCMBlockDeletingService.java:shouldRun(251)) - Check scm block delete run: false serviceStatus: PAUSING safemodeExitRunDelayMillis: 3000 alreadyWaitTimeInMillis: 1681871569363
2023-04-19 02:32:49,448 [BlockDeletingService#5] INFO  interfaces.ContainerDeletionChoosingPolicyTemplate (ContainerDeletionChoosingPolicyTemplate.java:chooseContainerForBlockDeletion(83)) - Chosen 0/5000 blocks from 0 candidate containers.
2023-04-19 02:32:49,448 [BlockDeletingService#2] INFO  interfaces.ContainerDeletionChoosingPolicyTemplate (ContainerDeletionChoosingPolicyTemplate.java:chooseContainerForBlockDeletion(83)) - Chosen 0/5000 blocks from 0 candidate containers.
2023-04-19 02:32:49,450 [BlockDeletingService#2] INFO  interfaces.ContainerDeletionChoosingPolicyTemplate (ContainerDeletionChoosingPolicyTemplate.java:chooseContainerForBlockDeletion(83)) - Chosen 0/5000 blocks from 0 candidate containers.
2023-04-19 02:32:49,463 [SCMBlockDeletingService#0] DEBUG block.SCMBlockDeletingService (SCMBlockDeletingService.java:shouldRun(251)) - Check scm block delete run: false serviceStatus: PAUSING safemodeExitRunDelayMillis: 3000 alreadyWaitTimeInMillis: 1681871569463
2023-04-19 02:32:49,479 [Listener at 127.0.0.1/44187] INFO  ozone.MiniOzoneClusterImpl (MiniOzoneClusterImpl.java:lambda$waitForClusterToBeReady$0(222)) - Nodes are ready. Got 3 of 3 DN Heartbeats.
2023-04-19 02:32:49,479 [Listener at 127.0.0.1/44187] INFO  ozone.MiniOzoneClusterImpl (MiniOzoneClusterImpl.java:lambda$waitForClusterToBeReady$0(225)) - Waiting for cluster to exit safe mode
2023-04-19 02:32:49,479 [Listener at 127.0.0.1/44187] INFO  ozone.MiniOzoneClusterImpl (MiniOzoneClusterImpl.java:lambda$waitForClusterToBeReady$0(227)) - SCM became leader
2023-04-19 02:32:49,548 [BlockDeletingService#5] INFO  interfaces.ContainerDeletionChoosingPolicyTemplate (ContainerDeletionChoosingPolicyTemplate.java:chooseContainerForBlockDeletion(83)) - Chosen 0/5000 blocks from 0 candidate containers.
2023-04-19 02:32:49,548 [BlockDeletingService#2] INFO  interfaces.ContainerDeletionChoosingPolicyTemplate (ContainerDeletionChoosingPolicyTemplate.java:chooseContainerForBlockDeletion(83)) - Chosen 0/5000 blocks from 0 candidate containers.
2023-04-19 02:32:49,550 [BlockDeletingService#2] INFO  interfaces.ContainerDeletionChoosingPolicyTemplate (ContainerDeletionChoosingPolicyTemplate.java:chooseContainerForBlockDeletion(83)) - Chosen 0/5000 blocks from 0 candidate containers.
2023-04-19 02:32:49,564 [SCMBlockDeletingService#0] DEBUG block.SCMBlockDeletingService (SCMBlockDeletingService.java:shouldRun(251)) - Check scm block delete run: false serviceStatus: PAUSING safemodeExitRunDelayMillis: 3000 alreadyWaitTimeInMillis: 1681871569564
2023-04-19 02:32:49,649 [BlockDeletingService#5] INFO  interfaces.ContainerDeletionChoosingPolicyTemplate (ContainerDeletionChoosingPolicyTemplate.java:chooseContainerForBlockDeletion(83)) - Chosen 0/5000 blocks from 0 candidate containers.
2023-04-19 02:32:49,649 [BlockDeletingService#2] INFO  interfaces.ContainerDeletionChoosingPolicyTemplate (ContainerDeletionChoosingPolicyTemplate.java:chooseContainerForBlockDeletion(83)) - Chosen 0/5000 blocks from 0 candidate containers.
2023-04-19 02:32:49,651 [BlockDeletingService#2] INFO  interfaces.ContainerDeletionChoosingPolicyTemplate (ContainerDeletionChoosingPolicyTemplate.java:chooseContainerForBlockDeletion(83)) - Chosen 0/5000 blocks from 0 candidate containers.
2023-04-19 02:32:49,664 [SCMBlockDeletingService#0] DEBUG block.SCMBlockDeletingService (SCMBlockDeletingService.java:shouldRun(251)) - Check scm block delete run: false serviceStatus: PAUSING safemodeExitRunDelayMillis: 3000 alreadyWaitTimeInMillis: 1681871569664
2023-04-19 02:32:49,749 [BlockDeletingService#5] INFO  interfaces.ContainerDeletionChoosingPolicyTemplate (ContainerDeletionChoosingPolicyTemplate.java:chooseContainerForBlockDeletion(83)) - Chosen 0/5000 blocks from 0 candidate containers.
2023-04-19 02:32:49,749 [BlockDeletingService#2] INFO  interfaces.ContainerDeletionChoosingPolicyTemplate (ContainerDeletionChoosingPolicyTemplate.java:chooseContainerForBlockDeletion(83)) - Chosen 0/5000 blocks from 0 candidate containers.
2023-04-19 02:32:49,751 [BlockDeletingService#2] INFO  interfaces.ContainerDeletionChoosingPolicyTemplate (ContainerDeletionChoosingPolicyTemplate.java:chooseContainerForBlockDeletion(83)) - Chosen 0/5000 blocks from 0 candidate containers.
2023-04-19 02:32:49,764 [SCMBlockDeletingService#0] DEBUG block.SCMBlockDeletingService (SCMBlockDeletingService.java:shouldRun(251)) - Check scm block delete run: false serviceStatus: PAUSING safemodeExitRunDelayMillis: 3000 alreadyWaitTimeInMillis: 1681871569764
2023-04-19 02:32:49,849 [BlockDeletingService#5] INFO  interfaces.ContainerDeletionChoosingPolicyTemplate (ContainerDeletionChoosingPolicyTemplate.java:chooseContainerForBlockDeletion(83)) - Chosen 0/5000 blocks from 0 candidate containers.
2023-04-19 02:32:49,849 [BlockDeletingService#2] INFO  interfaces.ContainerDeletionChoosingPolicyTemplate (ContainerDeletionChoosingPolicyTemplate.java:chooseContainerForBlockDeletion(83)) - Chosen 0/5000 blocks from 0 candidate containers.
2023-04-19 02:32:49,851 [BlockDeletingService#2] INFO  interfaces.ContainerDeletionChoosingPolicyTemplate (ContainerDeletionChoosingPolicyTemplate.java:chooseContainerForBlockDeletion(83)) - Chosen 0/5000 blocks from 0 candidate containers.
2023-04-19 02:32:49,864 [SCMBlockDeletingService#0] DEBUG block.SCMBlockDeletingService (SCMBlockDeletingService.java:shouldRun(251)) - Check scm block delete run: false serviceStatus: PAUSING safemodeExitRunDelayMillis: 3000 alreadyWaitTimeInMillis: 1681871569864
2023-04-19 02:32:49,927 [15488c1c-ff1a-49f6-9596-cf663845e1ec@group-7A7BEC77320F-FollowerState] INFO  impl.FollowerState (FollowerState.java:run(143)) - 15488c1c-ff1a-49f6-9596-cf663845e1ec@group-7A7BEC77320F-FollowerState: change to CANDIDATE, lastRpcElapsedTime:5126369100ns, electionTimeout:5119ms
2023-04-19 02:32:49,928 [15488c1c-ff1a-49f6-9596-cf663845e1ec@group-7A7BEC77320F-FollowerState] INFO  impl.RoleInfo (RoleInfo.java:shutdownFollowerState(110)) - 15488c1c-ff1a-49f6-9596-cf663845e1ec: shutdown 15488c1c-ff1a-49f6-9596-cf663845e1ec@group-7A7BEC77320F-FollowerState
2023-04-19 02:32:49,928 [15488c1c-ff1a-49f6-9596-cf663845e1ec@group-7A7BEC77320F-FollowerState] INFO  server.RaftServer$Division (RaftServerImpl.java:setRole(321)) - 15488c1c-ff1a-49f6-9596-cf663845e1ec@group-7A7BEC77320F: changes role from  FOLLOWER to CANDIDATE at term 0 for changeToCandidate
2023-04-19 02:32:49,928 [15488c1c-ff1a-49f6-9596-cf663845e1ec@group-7A7BEC77320F-FollowerState] INFO  server.RaftServerConfigKeys (ConfUtils.java:logGet(46)) - raft.server.leaderelection.pre-vote = true (default)
2023-04-19 02:32:49,928 [15488c1c-ff1a-49f6-9596-cf663845e1ec@group-7A7BEC77320F-FollowerState] INFO  impl.RoleInfo (RoleInfo.java:updateAndGet(139)) - 15488c1c-ff1a-49f6-9596-cf663845e1ec: start 15488c1c-ff1a-49f6-9596-cf663845e1ec@group-7A7BEC77320F-LeaderElection4
2023-04-19 02:32:49,934 [15488c1c-ff1a-49f6-9596-cf663845e1ec@group-7A7BEC77320F-LeaderElection4] INFO  impl.LeaderElection (LeaderElection.java:askForVotes(312)) - 15488c1c-ff1a-49f6-9596-cf663845e1ec@group-7A7BEC77320F-LeaderElection4 PRE_VOTE round 0: submit vote requests at term 0 for -1: peers:[4b35ffa0-8f73-49c2-95c0-d3e82f30c132|rpc:10.1.164.0:38531|dataStream:10.1.164.0:45657|priority:0|startupRole:FOLLOWER, bc0378cf-3bdb-433c-bc8f-db90f0932c02|rpc:10.1.164.0:33621|dataStream:10.1.164.0:44687|priority:0|startupRole:FOLLOWER, 15488c1c-ff1a-49f6-9596-cf663845e1ec|rpc:10.1.164.0:41855|dataStream:10.1.164.0:35537|priority:1|startupRole:FOLLOWER]|listeners:[], old=null
2023-04-19 02:32:49,934 [15488c1c-ff1a-49f6-9596-cf663845e1ec@group-7A7BEC77320F-LeaderElection4] INFO  server.RaftServerConfigKeys (ConfUtils.java:logFallback(53)) - raft.server.rpc.first-election.timeout.min = 5s (fallback to raft.server.rpc.timeout.min)
2023-04-19 02:32:49,934 [15488c1c-ff1a-49f6-9596-cf663845e1ec@group-7A7BEC77320F-LeaderElection4-1] INFO  server.GrpcServerProtocolClient (GrpcServerProtocolClient.java:<init>(63)) - Build channel for 4b35ffa0-8f73-49c2-95c0-d3e82f30c132
2023-04-19 02:32:49,935 [15488c1c-ff1a-49f6-9596-cf663845e1ec@group-7A7BEC77320F-LeaderElection4] INFO  server.RaftServerConfigKeys (ConfUtils.java:logFallback(53)) - raft.server.rpc.first-election.timeout.max = 5200ms (fallback to raft.server.rpc.timeout.max)
2023-04-19 02:32:49,936 [15488c1c-ff1a-49f6-9596-cf663845e1ec@group-7A7BEC77320F-LeaderElection4-2] INFO  server.GrpcServerProtocolClient (GrpcServerProtocolClient.java:<init>(63)) - Build channel for bc0378cf-3bdb-433c-bc8f-db90f0932c02
2023-04-19 02:32:49,948 [grpc-default-executor-0] INFO  server.RaftServer$Division (RaftServerImpl.java:requestVote(1218)) - 4b35ffa0-8f73-49c2-95c0-d3e82f30c132@group-7A7BEC77320F: receive requestVote(PRE_VOTE, 15488c1c-ff1a-49f6-9596-cf663845e1ec, group-7A7BEC77320F, 0, (t:0, i:0))
2023-04-19 02:32:49,949 [grpc-default-executor-0] INFO  impl.VoteContext (VoteContext.java:log(49)) - 4b35ffa0-8f73-49c2-95c0-d3e82f30c132@group-7A7BEC77320F-FOLLOWER: accept PRE_VOTE from 15488c1c-ff1a-49f6-9596-cf663845e1ec: our priority 0 <= candidate's priority 1
2023-04-19 02:32:49,949 [grpc-default-executor-0] INFO  server.RaftServer$Division (RaftServerImpl.java:requestVote(1251)) - 4b35ffa0-8f73-49c2-95c0-d3e82f30c132@group-7A7BEC77320F replies to PRE_VOTE vote request: 15488c1c-ff1a-49f6-9596-cf663845e1ec<-4b35ffa0-8f73-49c2-95c0-d3e82f30c132#0:OK-t0. Peer's state: 4b35ffa0-8f73-49c2-95c0-d3e82f30c132@group-7A7BEC77320F:t0, leader=null, voted=, raftlog=Memoized:4b35ffa0-8f73-49c2-95c0-d3e82f30c132@group-7A7BEC77320F-SegmentedRaftLog:OPENED:c-1, conf=-1: peers:[4b35ffa0-8f73-49c2-95c0-d3e82f30c132|rpc:10.1.164.0:38531|dataStream:10.1.164.0:45657|priority:0|startupRole:FOLLOWER, bc0378cf-3bdb-433c-bc8f-db90f0932c02|rpc:10.1.164.0:33621|dataStream:10.1.164.0:44687|priority:0|startupRole:FOLLOWER, 15488c1c-ff1a-49f6-9596-cf663845e1ec|rpc:10.1.164.0:41855|dataStream:10.1.164.0:35537|priority:1|startupRole:FOLLOWER]|listeners:[], old=null
2023-04-19 02:32:49,949 [BlockDeletingService#2] INFO  interfaces.ContainerDeletionChoosingPolicyTemplate (ContainerDeletionChoosingPolicyTemplate.java:chooseContainerForBlockDeletion(83)) - Chosen 0/5000 blocks from 0 candidate containers.
2023-04-19 02:32:49,950 [BlockDeletingService#5] INFO  interfaces.ContainerDeletionChoosingPolicyTemplate (ContainerDeletionChoosingPolicyTemplate.java:chooseContainerForBlockDeletion(83)) - Chosen 0/5000 blocks from 0 candidate containers.
2023-04-19 02:32:49,951 [BlockDeletingService#2] INFO  interfaces.ContainerDeletionChoosingPolicyTemplate (ContainerDeletionChoosingPolicyTemplate.java:chooseContainerForBlockDeletion(83)) - Chosen 0/5000 blocks from 0 candidate containers.
2023-04-19 02:32:49,952 [15488c1c-ff1a-49f6-9596-cf663845e1ec@group-7A7BEC77320F-LeaderElection4] INFO  impl.LeaderElection (LeaderElection.java:logAndReturn(90)) - 15488c1c-ff1a-49f6-9596-cf663845e1ec@group-7A7BEC77320F-LeaderElection4: PRE_VOTE PASSED received 1 response(s) and 0 exception(s):
2023-04-19 02:32:49,952 [15488c1c-ff1a-49f6-9596-cf663845e1ec@group-7A7BEC77320F-LeaderElection4] INFO  impl.LeaderElection (LeaderElection.java:logAndReturn(94)) -   Response 0: 15488c1c-ff1a-49f6-9596-cf663845e1ec<-4b35ffa0-8f73-49c2-95c0-d3e82f30c132#0:OK-t0
2023-04-19 02:32:49,952 [15488c1c-ff1a-49f6-9596-cf663845e1ec@group-7A7BEC77320F-LeaderElection4] INFO  impl.LeaderElection (LeaderElection.java:askForVotes(314)) - 15488c1c-ff1a-49f6-9596-cf663845e1ec@group-7A7BEC77320F-LeaderElection4 PRE_VOTE round 0: result PASSED
2023-04-19 02:32:49,955 [15488c1c-ff1a-49f6-9596-cf663845e1ec@group-7A7BEC77320F-LeaderElection4] INFO  impl.LeaderElection (LeaderElection.java:askForVotes(312)) - 15488c1c-ff1a-49f6-9596-cf663845e1ec@group-7A7BEC77320F-LeaderElection4 ELECTION round 0: submit vote requests at term 1 for -1: peers:[4b35ffa0-8f73-49c2-95c0-d3e82f30c132|rpc:10.1.164.0:38531|dataStream:10.1.164.0:45657|priority:0|startupRole:FOLLOWER, bc0378cf-3bdb-433c-bc8f-db90f0932c02|rpc:10.1.164.0:33621|dataStream:10.1.164.0:44687|priority:0|startupRole:FOLLOWER, 15488c1c-ff1a-49f6-9596-cf663845e1ec|rpc:10.1.164.0:41855|dataStream:10.1.164.0:35537|priority:1|startupRole:FOLLOWER]|listeners:[], old=null
2023-04-19 02:32:49,961 [15488c1c-ff1a-49f6-9596-cf663845e1ec@group-7A7BEC77320F-LeaderElection4] INFO  server.RaftServerConfigKeys (ConfUtils.java:logFallback(53)) - raft.server.rpc.first-election.timeout.min = 5s (fallback to raft.server.rpc.timeout.min)
2023-04-19 02:32:49,961 [15488c1c-ff1a-49f6-9596-cf663845e1ec@group-7A7BEC77320F-LeaderElection4] INFO  server.RaftServerConfigKeys (ConfUtils.java:logFallback(53)) - raft.server.rpc.first-election.timeout.max = 5200ms (fallback to raft.server.rpc.timeout.max)
2023-04-19 02:32:49,963 [grpc-default-executor-0] INFO  server.RaftServer$Division (RaftServerImpl.java:requestVote(1218)) - bc0378cf-3bdb-433c-bc8f-db90f0932c02@group-7A7BEC77320F: receive requestVote(PRE_VOTE, 15488c1c-ff1a-49f6-9596-cf663845e1ec, group-7A7BEC77320F, 0, (t:0, i:0))
2023-04-19 02:32:49,964 [grpc-default-executor-0] INFO  impl.VoteContext (VoteContext.java:log(49)) - bc0378cf-3bdb-433c-bc8f-db90f0932c02@group-7A7BEC77320F-FOLLOWER: accept PRE_VOTE from 15488c1c-ff1a-49f6-9596-cf663845e1ec: our priority 0 <= candidate's priority 1
2023-04-19 02:32:49,964 [grpc-default-executor-0] INFO  server.RaftServer$Division (RaftServerImpl.java:requestVote(1251)) - bc0378cf-3bdb-433c-bc8f-db90f0932c02@group-7A7BEC77320F replies to PRE_VOTE vote request: 15488c1c-ff1a-49f6-9596-cf663845e1ec<-bc0378cf-3bdb-433c-bc8f-db90f0932c02#0:OK-t0. Peer's state: bc0378cf-3bdb-433c-bc8f-db90f0932c02@group-7A7BEC77320F:t0, leader=null, voted=, raftlog=Memoized:bc0378cf-3bdb-433c-bc8f-db90f0932c02@group-7A7BEC77320F-SegmentedRaftLog:OPENED:c-1, conf=-1: peers:[4b35ffa0-8f73-49c2-95c0-d3e82f30c132|rpc:10.1.164.0:38531|dataStream:10.1.164.0:45657|priority:0|startupRole:FOLLOWER, bc0378cf-3bdb-433c-bc8f-db90f0932c02|rpc:10.1.164.0:33621|dataStream:10.1.164.0:44687|priority:0|startupRole:FOLLOWER, 15488c1c-ff1a-49f6-9596-cf663845e1ec|rpc:10.1.164.0:41855|dataStream:10.1.164.0:35537|priority:1|startupRole:FOLLOWER]|listeners:[], old=null
2023-04-19 02:32:49,964 [SCMBlockDeletingService#0] DEBUG block.SCMBlockDeletingService (SCMBlockDeletingService.java:shouldRun(251)) - Check scm block delete run: false serviceStatus: PAUSING safemodeExitRunDelayMillis: 3000 alreadyWaitTimeInMillis: 1681871569964
2023-04-19 02:32:49,967 [grpc-default-executor-0] INFO  server.RaftServer$Division (RaftServerImpl.java:requestVote(1218)) - 4b35ffa0-8f73-49c2-95c0-d3e82f30c132@group-7A7BEC77320F: receive requestVote(ELECTION, 15488c1c-ff1a-49f6-9596-cf663845e1ec, group-7A7BEC77320F, 1, (t:0, i:0))
2023-04-19 02:32:49,968 [grpc-default-executor-0] INFO  impl.VoteContext (VoteContext.java:log(49)) - 4b35ffa0-8f73-49c2-95c0-d3e82f30c132@group-7A7BEC77320F-FOLLOWER: accept ELECTION from 15488c1c-ff1a-49f6-9596-cf663845e1ec: our priority 0 <= candidate's priority 1
2023-04-19 02:32:49,968 [grpc-default-executor-0] INFO  server.RaftServer$Division (RaftServerImpl.java:setRole(321)) - 4b35ffa0-8f73-49c2-95c0-d3e82f30c132@group-7A7BEC77320F: changes role from  FOLLOWER to FOLLOWER at term 1 for candidate:15488c1c-ff1a-49f6-9596-cf663845e1ec
2023-04-19 02:32:49,968 [grpc-default-executor-0] INFO  impl.RoleInfo (RoleInfo.java:shutdownFollowerState(110)) - 4b35ffa0-8f73-49c2-95c0-d3e82f30c132: shutdown 4b35ffa0-8f73-49c2-95c0-d3e82f30c132@group-7A7BEC77320F-FollowerState
2023-04-19 02:32:49,968 [grpc-default-executor-0] INFO  impl.RoleInfo (RoleInfo.java:updateAndGet(139)) - 4b35ffa0-8f73-49c2-95c0-d3e82f30c132: start 4b35ffa0-8f73-49c2-95c0-d3e82f30c132@group-7A7BEC77320F-FollowerState
2023-04-19 02:32:49,968 [4b35ffa0-8f73-49c2-95c0-d3e82f30c132@group-7A7BEC77320F-FollowerState] INFO  impl.FollowerState (FollowerState.java:run(152)) - 4b35ffa0-8f73-49c2-95c0-d3e82f30c132@group-7A7BEC77320F-FollowerState was interrupted
2023-04-19 02:32:49,973 [4b35ffa0-8f73-49c2-95c0-d3e82f30c132@group-7A7BEC77320F-FollowerState] INFO  server.RaftServerConfigKeys (ConfUtils.java:logFallback(53)) - raft.server.rpc.first-election.timeout.min = 5s (fallback to raft.server.rpc.timeout.min)
2023-04-19 02:32:49,973 [4b35ffa0-8f73-49c2-95c0-d3e82f30c132@group-7A7BEC77320F-FollowerState] INFO  server.RaftServerConfigKeys (ConfUtils.java:logFallback(53)) - raft.server.rpc.first-election.timeout.max = 5200ms (fallback to raft.server.rpc.timeout.max)
2023-04-19 02:32:49,974 [grpc-default-executor-0] INFO  server.RaftServer$Division (RaftServerImpl.java:requestVote(1251)) - 4b35ffa0-8f73-49c2-95c0-d3e82f30c132@group-7A7BEC77320F replies to ELECTION vote request: 15488c1c-ff1a-49f6-9596-cf663845e1ec<-4b35ffa0-8f73-49c2-95c0-d3e82f30c132#0:OK-t1. Peer's state: 4b35ffa0-8f73-49c2-95c0-d3e82f30c132@group-7A7BEC77320F:t1, leader=null, voted=15488c1c-ff1a-49f6-9596-cf663845e1ec, raftlog=Memoized:4b35ffa0-8f73-49c2-95c0-d3e82f30c132@group-7A7BEC77320F-SegmentedRaftLog:OPENED:c-1, conf=-1: peers:[4b35ffa0-8f73-49c2-95c0-d3e82f30c132|rpc:10.1.164.0:38531|dataStream:10.1.164.0:45657|priority:0|startupRole:FOLLOWER, bc0378cf-3bdb-433c-bc8f-db90f0932c02|rpc:10.1.164.0:33621|dataStream:10.1.164.0:44687|priority:0|startupRole:FOLLOWER, 15488c1c-ff1a-49f6-9596-cf663845e1ec|rpc:10.1.164.0:41855|dataStream:10.1.164.0:35537|priority:1|startupRole:FOLLOWER]|listeners:[], old=null
2023-04-19 02:32:49,978 [15488c1c-ff1a-49f6-9596-cf663845e1ec@group-7A7BEC77320F-LeaderElection4] INFO  impl.LeaderElection (LeaderElection.java:logAndReturn(90)) - 15488c1c-ff1a-49f6-9596-cf663845e1ec@group-7A7BEC77320F-LeaderElection4: ELECTION PASSED received 1 response(s) and 0 exception(s):
2023-04-19 02:32:49,978 [15488c1c-ff1a-49f6-9596-cf663845e1ec@group-7A7BEC77320F-LeaderElection4] INFO  impl.LeaderElection (LeaderElection.java:logAndReturn(94)) -   Response 0: 15488c1c-ff1a-49f6-9596-cf663845e1ec<-4b35ffa0-8f73-49c2-95c0-d3e82f30c132#0:OK-t1
2023-04-19 02:32:49,978 [15488c1c-ff1a-49f6-9596-cf663845e1ec@group-7A7BEC77320F-LeaderElection4] INFO  impl.LeaderElection (LeaderElection.java:askForVotes(314)) - 15488c1c-ff1a-49f6-9596-cf663845e1ec@group-7A7BEC77320F-LeaderElection4 ELECTION round 0: result PASSED
2023-04-19 02:32:49,978 [15488c1c-ff1a-49f6-9596-cf663845e1ec@group-7A7BEC77320F-LeaderElection4] INFO  impl.RoleInfo (RoleInfo.java:shutdownLeaderElection(130)) - 15488c1c-ff1a-49f6-9596-cf663845e1ec: shutdown 15488c1c-ff1a-49f6-9596-cf663845e1ec@group-7A7BEC77320F-LeaderElection4
2023-04-19 02:32:49,978 [15488c1c-ff1a-49f6-9596-cf663845e1ec@group-7A7BEC77320F-LeaderElection4] INFO  server.RaftServer$Division (RaftServerImpl.java:setRole(321)) - 15488c1c-ff1a-49f6-9596-cf663845e1ec@group-7A7BEC77320F: changes role from CANDIDATE to LEADER at term 1 for changeToLeader
2023-04-19 02:32:49,978 [15488c1c-ff1a-49f6-9596-cf663845e1ec@group-7A7BEC77320F-LeaderElection4] INFO  ratis.XceiverServerRatis (XceiverServerRatis.java:handleLeaderChangedNotification(904)) - Leader change notification received for group: group-7A7BEC77320F with new leaderId: 15488c1c-ff1a-49f6-9596-cf663845e1ec
2023-04-19 02:32:49,978 [15488c1c-ff1a-49f6-9596-cf663845e1ec@group-7A7BEC77320F-LeaderElection4] INFO  server.RaftServer$Division (ServerState.java:setLeader(313)) - 15488c1c-ff1a-49f6-9596-cf663845e1ec@group-7A7BEC77320F: change Leader from null to 15488c1c-ff1a-49f6-9596-cf663845e1ec at term 1 for becomeLeader, leader elected after 5193ms
2023-04-19 02:32:49,978 [15488c1c-ff1a-49f6-9596-cf663845e1ec@group-7A7BEC77320F-LeaderElection4] INFO  server.RaftServerConfigKeys (ConfUtils.java:logGet(46)) - raft.server.staging.catchup.gap = 1000 (default)
2023-04-19 02:32:49,979 [grpc-default-executor-1] INFO  server.RaftServer$Division (RaftServerImpl.java:requestVote(1218)) - bc0378cf-3bdb-433c-bc8f-db90f0932c02@group-7A7BEC77320F: receive requestVote(ELECTION, 15488c1c-ff1a-49f6-9596-cf663845e1ec, group-7A7BEC77320F, 1, (t:0, i:0))
2023-04-19 02:32:49,980 [15488c1c-ff1a-49f6-9596-cf663845e1ec@group-7A7BEC77320F-LeaderElection4] INFO  server.RaftServerConfigKeys (ConfUtils.java:logGet(46)) - raft.server.write.element-limit = 1024 (custom)
2023-04-19 02:32:49,980 [15488c1c-ff1a-49f6-9596-cf663845e1ec@group-7A7BEC77320F-LeaderElection4] INFO  server.RaftServerConfigKeys (ConfUtils.java:logGet(46)) - raft.server.write.byte-limit = 1024 M (=1073741824) (custom)
2023-04-19 02:32:49,980 [15488c1c-ff1a-49f6-9596-cf663845e1ec@group-7A7BEC77320F-LeaderElection4] INFO  server.RaftServerConfigKeys (ConfUtils.java:logGet(46)) - raft.server.watch.timeout = 180s (custom)
2023-04-19 02:32:49,980 [15488c1c-ff1a-49f6-9596-cf663845e1ec@group-7A7BEC77320F-LeaderElection4] INFO  server.RaftServerConfigKeys (ConfUtils.java:logGet(46)) - raft.server.watch.timeout.denomination = 1s (default)
2023-04-19 02:32:49,982 [EventQueue-PipelineReportForPipelineReportHandler] INFO  pipeline.PipelineManagerImpl (PipelineManagerImpl.java:openPipeline(367)) - Pipeline Pipeline[ Id: 47ca2eb6-cbc1-4dd0-8b98-7a7bec77320f, Nodes: bc0378cf-3bdb-433c-bc8f-db90f0932c02(fv-az127-56.h3uyzbqov44edfyrgkjongjtha.bx.internal.cloudapp.net/10.1.164.0)15488c1c-ff1a-49f6-9596-cf663845e1ec(fv-az127-56.h3uyzbqov44edfyrgkjongjtha.bx.internal.cloudapp.net/10.1.164.0)4b35ffa0-8f73-49c2-95c0-d3e82f30c132(fv-az127-56.h3uyzbqov44edfyrgkjongjtha.bx.internal.cloudapp.net/10.1.164.0), ReplicationConfig: RATIS/THREE, State:ALLOCATED, leaderId:15488c1c-ff1a-49f6-9596-cf663845e1ec, CreationTimestamp2023-04-19T02:32:42.478Z[Etc/UTC]] moved to OPEN state
2023-04-19 02:32:49,982 [grpc-default-executor-1] INFO  impl.VoteContext (VoteContext.java:log(49)) - bc0378cf-3bdb-433c-bc8f-db90f0932c02@group-7A7BEC77320F-FOLLOWER: accept ELECTION from 15488c1c-ff1a-49f6-9596-cf663845e1ec: our priority 0 <= candidate's priority 1
2023-04-19 02:32:49,982 [15488c1c-ff1a-49f6-9596-cf663845e1ec@group-7A7BEC77320F-LeaderElection4] INFO  server.RaftServerConfigKeys (ConfUtils.java:logGet(46)) - raft.server.watch.element-limit = 65536 (default)
2023-04-19 02:32:49,983 [15488c1c-ff1a-49f6-9596-cf663845e1ec@group-7A7BEC77320F-LeaderElection4] INFO  server.RaftServerConfigKeys (ConfUtils.java:logGet(46)) - raft.server.write.element-limit = 1024 (custom)
2023-04-19 02:32:49,983 [15488c1c-ff1a-49f6-9596-cf663845e1ec@group-7A7BEC77320F-LeaderElection4] INFO  server.RaftServerConfigKeys (ConfUtils.java:logGet(46)) - raft.server.write.follower.gap.ratio.max = -1.0 (default)
2023-04-19 02:32:49,983 [15488c1c-ff1a-49f6-9596-cf663845e1ec@group-7A7BEC77320F-LeaderElection4] INFO  server.RaftServerConfigKeys (ConfUtils.java:logGet(46)) - raft.server.log.appender.snapshot.chunk.size.max = 16MB (=16777216) (default)
2023-04-19 02:32:49,984 [15488c1c-ff1a-49f6-9596-cf663845e1ec@group-7A7BEC77320F-LeaderElection4] INFO  server.RaftServerConfigKeys (ConfUtils.java:logGet(46)) - raft.server.log.appender.buffer.byte-limit = 33554432 (custom)
2023-04-19 02:32:49,984 [15488c1c-ff1a-49f6-9596-cf663845e1ec@group-7A7BEC77320F-LeaderElection4] INFO  server.RaftServerConfigKeys (ConfUtils.java:logGet(46)) - raft.server.log.appender.buffer.element-limit = 1 (custom)
2023-04-19 02:32:49,984 [15488c1c-ff1a-49f6-9596-cf663845e1ec@group-7A7BEC77320F-LeaderElection4] INFO  grpc.GrpcConfigKeys (ConfUtils.java:logGet(46)) - raft.grpc.server.leader.outstanding.appends.max = 128 (default)
2023-04-19 02:32:49,984 [15488c1c-ff1a-49f6-9596-cf663845e1ec@group-7A7BEC77320F-LeaderElection4] INFO  server.RaftServerConfigKeys (ConfUtils.java:logGet(46)) - raft.server.rpc.request.timeout = 60s (custom)
2023-04-19 02:32:49,984 [15488c1c-ff1a-49f6-9596-cf663845e1ec@group-7A7BEC77320F-LeaderElection4] INFO  server.RaftServerConfigKeys (ConfUtils.java:logGet(46)) - raft.server.log.appender.install.snapshot.enabled = false (custom)
2023-04-19 02:32:49,984 [15488c1c-ff1a-49f6-9596-cf663845e1ec@group-7A7BEC77320F-LeaderElection4] INFO  grpc.GrpcConfigKeys (ConfUtils.java:logGet(46)) - raft.grpc.server.heartbeat.channel = true (default)
2023-04-19 02:32:49,984 [15488c1c-ff1a-49f6-9596-cf663845e1ec@group-7A7BEC77320F-LeaderElection4] INFO  server.RaftServerConfigKeys (ConfUtils.java:logGet(46)) - raft.server.log.appender.wait-time.min = 10ms (default)
2023-04-19 02:32:49,985 [15488c1c-ff1a-49f6-9596-cf663845e1ec@group-7A7BEC77320F-LeaderElection4] INFO  server.RaftServerConfigKeys (ConfUtils.java:logGet(46)) - raft.server.log.appender.snapshot.chunk.size.max = 16MB (=16777216) (default)
2023-04-19 02:32:49,985 [15488c1c-ff1a-49f6-9596-cf663845e1ec@group-7A7BEC77320F-LeaderElection4] INFO  server.RaftServerConfigKeys (ConfUtils.java:logGet(46)) - raft.server.log.appender.buffer.byte-limit = 33554432 (custom)
2023-04-19 02:32:49,985 [15488c1c-ff1a-49f6-9596-cf663845e1ec@group-7A7BEC77320F-LeaderElection4] INFO  server.RaftServerConfigKeys (ConfUtils.java:logGet(46)) - raft.server.log.appender.buffer.element-limit = 1 (custom)
2023-04-19 02:32:49,985 [15488c1c-ff1a-49f6-9596-cf663845e1ec@group-7A7BEC77320F-LeaderElection4] INFO  grpc.GrpcConfigKeys (ConfUtils.java:logGet(46)) - raft.grpc.server.leader.outstanding.appends.max = 128 (default)
2023-04-19 02:32:49,985 [15488c1c-ff1a-49f6-9596-cf663845e1ec@group-7A7BEC77320F-LeaderElection4] INFO  server.RaftServerConfigKeys (ConfUtils.java:logGet(46)) - raft.server.rpc.request.timeout = 60s (custom)
2023-04-19 02:32:49,985 [15488c1c-ff1a-49f6-9596-cf663845e1ec@group-7A7BEC77320F-LeaderElection4] INFO  server.RaftServerConfigKeys (ConfUtils.java:logGet(46)) - raft.server.log.appender.install.snapshot.enabled = false (custom)
2023-04-19 02:32:49,985 [15488c1c-ff1a-49f6-9596-cf663845e1ec@group-7A7BEC77320F-LeaderElection4] INFO  grpc.GrpcConfigKeys (ConfUtils.java:logGet(46)) - raft.grpc.server.heartbeat.channel = true (default)
2023-04-19 02:32:49,985 [15488c1c-ff1a-49f6-9596-cf663845e1ec@group-7A7BEC77320F-LeaderElection4] INFO  server.RaftServerConfigKeys (ConfUtils.java:logGet(46)) - raft.server.log.appender.wait-time.min = 10ms (default)
2023-04-19 02:32:49,985 [15488c1c-ff1a-49f6-9596-cf663845e1ec@group-7A7BEC77320F-LeaderElection4] INFO  impl.RoleInfo (RoleInfo.java:updateAndGet(139)) - 15488c1c-ff1a-49f6-9596-cf663845e1ec: start 15488c1c-ff1a-49f6-9596-cf663845e1ec@group-7A7BEC77320F-LeaderStateImpl
2023-04-19 02:32:49,985 [15488c1c-ff1a-49f6-9596-cf663845e1ec@group-7A7BEC77320F-LeaderElection4] INFO  segmented.SegmentedRaftLogWorker (SegmentedRaftLogWorker.java:startLogSegment(452)) - 15488c1c-ff1a-49f6-9596-cf663845e1ec@group-7A7BEC77320F-SegmentedRaftLogWorker: Starting segment from index:0
2023-04-19 02:32:49,982 [grpc-default-executor-1] INFO  server.RaftServer$Division (RaftServerImpl.java:setRole(321)) - bc0378cf-3bdb-433c-bc8f-db90f0932c02@group-7A7BEC77320F: changes role from  FOLLOWER to FOLLOWER at term 1 for candidate:15488c1c-ff1a-49f6-9596-cf663845e1ec
2023-04-19 02:32:49,986 [grpc-default-executor-1] INFO  impl.RoleInfo (RoleInfo.java:shutdownFollowerState(110)) - bc0378cf-3bdb-433c-bc8f-db90f0932c02: shutdown bc0378cf-3bdb-433c-bc8f-db90f0932c02@group-7A7BEC77320F-FollowerState
2023-04-19 02:32:49,986 [15488c1c-ff1a-49f6-9596-cf663845e1ec@group-7A7BEC77320F-SegmentedRaftLogWorker] INFO  segmented.SegmentedRaftLogWorker (SegmentedRaftLogWorker.java:execute(656)) - 15488c1c-ff1a-49f6-9596-cf663845e1ec@group-7A7BEC77320F-SegmentedRaftLogWorker: created new log segment /home/runner/work/ozone/ozone/hadoop-ozone/integration-test/target/test-dir/MiniOzoneClusterImpl-07705c7f-5198-484a-bec5-3444dac2a9ed/datanode-0/data/ratis/47ca2eb6-cbc1-4dd0-8b98-7a7bec77320f/current/log_inprogress_0
2023-04-19 02:32:49,993 [15488c1c-ff1a-49f6-9596-cf663845e1ec@group-7A7BEC77320F-LeaderElection4] INFO  server.RaftServer$Division (ServerState.java:setRaftConf(430)) - 15488c1c-ff1a-49f6-9596-cf663845e1ec@group-7A7BEC77320F: set configuration 0: peers:[4b35ffa0-8f73-49c2-95c0-d3e82f30c132|rpc:10.1.164.0:38531|dataStream:10.1.164.0:45657|priority:0|startupRole:FOLLOWER, bc0378cf-3bdb-433c-bc8f-db90f0932c02|rpc:10.1.164.0:33621|dataStream:10.1.164.0:44687|priority:0|startupRole:FOLLOWER, 15488c1c-ff1a-49f6-9596-cf663845e1ec|rpc:10.1.164.0:41855|dataStream:10.1.164.0:35537|priority:1|startupRole:FOLLOWER]|listeners:[], old=null
2023-04-19 02:32:49,996 [bc0378cf-3bdb-433c-bc8f-db90f0932c02@group-7A7BEC77320F-FollowerState] INFO  impl.FollowerState (FollowerState.java:run(152)) - bc0378cf-3bdb-433c-bc8f-db90f0932c02@group-7A7BEC77320F-FollowerState was interrupted
2023-04-19 02:32:50,001 [grpc-default-executor-1] INFO  impl.RoleInfo (RoleInfo.java:updateAndGet(139)) - bc0378cf-3bdb-433c-bc8f-db90f0932c02: start bc0378cf-3bdb-433c-bc8f-db90f0932c02@group-7A7BEC77320F-FollowerState
2023-04-19 02:32:50,005 [EventQueue-OpenPipelineForHealthyPipelineSafeModeRule] INFO  safemode.SCMSafeModeManager (HealthyPipelineSafeModeRule.java:process(137)) - SCM in safe mode. Healthy pipelines reported count is 1, required healthy pipeline reported count is 1
2023-04-19 02:32:50,005 [EventQueue-OpenPipelineForHealthyPipelineSafeModeRule] INFO  safemode.SCMSafeModeManager (SCMSafeModeManager.java:validateSafeModeExitRules(200)) - HealthyPipelineSafeModeRule rule is successfully validated
2023-04-19 02:32:50,005 [EventQueue-OpenPipelineForHealthyPipelineSafeModeRule] INFO  safemode.SCMSafeModeManager (SCMSafeModeManager.java:validateSafeModeExitRules(215)) - ScmSafeModeManager, all rules are successfully validated
2023-04-19 02:32:50,005 [EventQueue-OpenPipelineForHealthyPipelineSafeModeRule] INFO  safemode.SCMSafeModeManager (SCMSafeModeManager.java:exitSafeMode(244)) - SCM exiting safe mode.
2023-04-19 02:32:50,006 [EventQueue-OpenPipelineForHealthyPipelineSafeModeRule] INFO  ha.SCMContext (SCMContext.java:updateSafeModeStatus(228)) - Update SafeModeStatus from SafeModeStatus{safeModeStatus=true, preCheckPassed=true} to SafeModeStatus{safeModeStatus=false, preCheckPassed=true}.
2023-04-19 02:32:50,006 [EventQueue-OpenPipelineForHealthyPipelineSafeModeRule] INFO  pipeline.BackgroundPipelineCreator (BackgroundPipelineCreator.java:notifyStatusChanged(254)) - Service BackgroundPipelineCreator transitions to RUNNING.
2023-04-19 02:32:50,006 [EventQueue-OpenPipelineForHealthyPipelineSafeModeRule] INFO  BackgroundPipelineScrubber (BackgroundSCMService.java:notifyStatusChanged(82)) - Service BackgroundPipelineScrubber transitions to RUNNING.
2023-04-19 02:32:50,006 [EventQueue-OpenPipelineForHealthyPipelineSafeModeRule] INFO  ExpiredContainerReplicaOpScrubber (BackgroundSCMService.java:notifyStatusChanged(82)) - Service ExpiredContainerReplicaOpScrubber transitions to RUNNING.
2023-04-19 02:32:50,006 [EventQueue-OpenPipelineForHealthyPipelineSafeModeRule] INFO  replication.ReplicationManager (ReplicationManager.java:notifyStatusChanged(1371)) - Service ReplicationManager transitions to RUNNING.
2023-04-19 02:32:50,013 [EventQueue-OpenPipelineForHealthyPipelineSafeModeRule] WARN  balancer.ContainerBalancer (ContainerBalancer.java:shouldRun(132)) - Could not find persisted configuration for ContainerBalancer when checking if ContainerBalancer should run. ContainerBalancer should not run now.
2023-04-19 02:32:50,013 [4b35ffa0-8f73-49c2-95c0-d3e82f30c132-server-thread1] INFO  ratis.XceiverServerRatis (XceiverServerRatis.java:handleLeaderChangedNotification(904)) - Leader change notification received for group: group-7A7BEC77320F with new leaderId: 15488c1c-ff1a-49f6-9596-cf663845e1ec
2023-04-19 02:32:50,020 [4b35ffa0-8f73-49c2-95c0-d3e82f30c132-server-thread1] INFO  server.RaftServer$Division (ServerState.java:setLeader(313)) - 4b35ffa0-8f73-49c2-95c0-d3e82f30c132@group-7A7BEC77320F: change Leader from null to 15488c1c-ff1a-49f6-9596-cf663845e1ec at term 1 for appendEntries, leader elected after 5142ms
2023-04-19 02:32:50,009 [bc0378cf-3bdb-433c-bc8f-db90f0932c02@group-7A7BEC77320F-FollowerState] INFO  server.RaftServerConfigKeys (ConfUtils.java:logFallback(53)) - raft.server.rpc.first-election.timeout.min = 5s (fallback to raft.server.rpc.timeout.min)
2023-04-19 02:32:50,020 [bc0378cf-3bdb-433c-bc8f-db90f0932c02@group-7A7BEC77320F-FollowerState] INFO  server.RaftServerConfigKeys (ConfUtils.java:logFallback(53)) - raft.server.rpc.first-election.timeout.max = 5200ms (fallback to raft.server.rpc.timeout.max)
2023-04-19 02:32:50,009 [grpc-default-executor-1] INFO  server.RaftServer$Division (RaftServerImpl.java:requestVote(1251)) - bc0378cf-3bdb-433c-bc8f-db90f0932c02@group-7A7BEC77320F replies to ELECTION vote request: 15488c1c-ff1a-49f6-9596-cf663845e1ec<-bc0378cf-3bdb-433c-bc8f-db90f0932c02#0:OK-t1. Peer's state: bc0378cf-3bdb-433c-bc8f-db90f0932c02@group-7A7BEC77320F:t1, leader=null, voted=15488c1c-ff1a-49f6-9596-cf663845e1ec, raftlog=Memoized:bc0378cf-3bdb-433c-bc8f-db90f0932c02@group-7A7BEC77320F-SegmentedRaftLog:OPENED:c-1, conf=-1: peers:[4b35ffa0-8f73-49c2-95c0-d3e82f30c132|rpc:10.1.164.0:38531|dataStream:10.1.164.0:45657|priority:0|startupRole:FOLLOWER, bc0378cf-3bdb-433c-bc8f-db90f0932c02|rpc:10.1.164.0:33621|dataStream:10.1.164.0:44687|priority:0|startupRole:FOLLOWER, 15488c1c-ff1a-49f6-9596-cf663845e1ec|rpc:10.1.164.0:41855|dataStream:10.1.164.0:35537|priority:1|startupRole:FOLLOWER]|listeners:[], old=null
2023-04-19 02:32:50,021 [4b35ffa0-8f73-49c2-95c0-d3e82f30c132-server-thread1] INFO  server.RaftServer$Division (ServerState.java:setRaftConf(430)) - 4b35ffa0-8f73-49c2-95c0-d3e82f30c132@group-7A7BEC77320F: set configuration 0: peers:[4b35ffa0-8f73-49c2-95c0-d3e82f30c132|rpc:10.1.164.0:38531|dataStream:10.1.164.0:45657|priority:0|startupRole:FOLLOWER, bc0378cf-3bdb-433c-bc8f-db90f0932c02|rpc:10.1.164.0:33621|dataStream:10.1.164.0:44687|priority:0|startupRole:FOLLOWER, 15488c1c-ff1a-49f6-9596-cf663845e1ec|rpc:10.1.164.0:41855|dataStream:10.1.164.0:35537|priority:1|startupRole:FOLLOWER]|listeners:[], old=null
2023-04-19 02:32:50,021 [4b35ffa0-8f73-49c2-95c0-d3e82f30c132-server-thread1] INFO  segmented.SegmentedRaftLogWorker (SegmentedRaftLogWorker.java:startLogSegment(452)) - 4b35ffa0-8f73-49c2-95c0-d3e82f30c132@group-7A7BEC77320F-SegmentedRaftLogWorker: Starting segment from index:0
2023-04-19 02:32:50,022 [4b35ffa0-8f73-49c2-95c0-d3e82f30c132@group-7A7BEC77320F-SegmentedRaftLogWorker] INFO  segmented.SegmentedRaftLogWorker (SegmentedRaftLogWorker.java:execute(656)) - 4b35ffa0-8f73-49c2-95c0-d3e82f30c132@group-7A7BEC77320F-SegmentedRaftLogWorker: created new log segment /home/runner/work/ozone/ozone/hadoop-ozone/integration-test/target/test-dir/MiniOzoneClusterImpl-07705c7f-5198-484a-bec5-3444dac2a9ed/datanode-1/data/ratis/47ca2eb6-cbc1-4dd0-8b98-7a7bec77320f/current/log_inprogress_0
2023-04-19 02:32:50,029 [bc0378cf-3bdb-433c-bc8f-db90f0932c02-server-thread1] INFO  ratis.XceiverServerRatis (XceiverServerRatis.java:handleLeaderChangedNotification(904)) - Leader change notification received for group: group-7A7BEC77320F with new leaderId: 15488c1c-ff1a-49f6-9596-cf663845e1ec
2023-04-19 02:32:50,029 [bc0378cf-3bdb-433c-bc8f-db90f0932c02-server-thread1] INFO  server.RaftServer$Division (ServerState.java:setLeader(313)) - bc0378cf-3bdb-433c-bc8f-db90f0932c02@group-7A7BEC77320F: change Leader from null to 15488c1c-ff1a-49f6-9596-cf663845e1ec at term 1 for appendEntries, leader elected after 5197ms
2023-04-19 02:32:50,045 [bc0378cf-3bdb-433c-bc8f-db90f0932c02-server-thread1] INFO  server.RaftServer$Division (ServerState.java:setRaftConf(430)) - bc0378cf-3bdb-433c-bc8f-db90f0932c02@group-7A7BEC77320F: set configuration 0: peers:[4b35ffa0-8f73-49c2-95c0-d3e82f30c132|rpc:10.1.164.0:38531|dataStream:10.1.164.0:45657|priority:0|startupRole:FOLLOWER, bc0378cf-3bdb-433c-bc8f-db90f0932c02|rpc:10.1.164.0:33621|dataStream:10.1.164.0:44687|priority:0|startupRole:FOLLOWER, 15488c1c-ff1a-49f6-9596-cf663845e1ec|rpc:10.1.164.0:41855|dataStream:10.1.164.0:35537|priority:1|startupRole:FOLLOWER]|listeners:[], old=null
2023-04-19 02:32:50,046 [bc0378cf-3bdb-433c-bc8f-db90f0932c02-server-thread1] INFO  segmented.SegmentedRaftLogWorker (SegmentedRaftLogWorker.java:startLogSegment(452)) - bc0378cf-3bdb-433c-bc8f-db90f0932c02@group-7A7BEC77320F-SegmentedRaftLogWorker: Starting segment from index:0
2023-04-19 02:32:50,047 [bc0378cf-3bdb-433c-bc8f-db90f0932c02@group-7A7BEC77320F-SegmentedRaftLogWorker] INFO  segmented.SegmentedRaftLogWorker (SegmentedRaftLogWorker.java:execute(656)) - bc0378cf-3bdb-433c-bc8f-db90f0932c02@group-7A7BEC77320F-SegmentedRaftLogWorker: created new log segment /home/runner/work/ozone/ozone/hadoop-ozone/integration-test/target/test-dir/MiniOzoneClusterImpl-07705c7f-5198-484a-bec5-3444dac2a9ed/datanode-2/data/ratis/47ca2eb6-cbc1-4dd0-8b98-7a7bec77320f/current/log_inprogress_0
2023-04-19 02:32:50,050 [BlockDeletingService#2] INFO  interfaces.ContainerDeletionChoosingPolicyTemplate (ContainerDeletionChoosingPolicyTemplate.java:chooseContainerForBlockDeletion(83)) - Chosen 0/5000 blocks from 0 candidate containers.
2023-04-19 02:32:50,052 [BlockDeletingService#5] INFO  interfaces.ContainerDeletionChoosingPolicyTemplate (ContainerDeletionChoosingPolicyTemplate.java:chooseContainerForBlockDeletion(83)) - Chosen 0/5000 blocks from 0 candidate containers.
2023-04-19 02:32:50,052 [BlockDeletingService#2] INFO  interfaces.ContainerDeletionChoosingPolicyTemplate (ContainerDeletionChoosingPolicyTemplate.java:chooseContainerForBlockDeletion(83)) - Chosen 0/5000 blocks from 0 candidate containers.
2023-04-19 02:32:50,064 [SCMBlockDeletingService#0] DEBUG block.SCMBlockDeletingService (SCMBlockDeletingService.java:shouldRun(251)) - Check scm block delete run: false serviceStatus: RUNNING safemodeExitRunDelayMillis: 3000 alreadyWaitTimeInMillis: 58
2023-04-19 02:32:50,150 [BlockDeletingService#2] INFO  interfaces.ContainerDeletionChoosingPolicyTemplate (ContainerDeletionChoosingPolicyTemplate.java:chooseContainerForBlockDeletion(83)) - Chosen 0/5000 blocks from 0 candidate containers.
2023-04-19 02:32:50,152 [BlockDeletingService#5] INFO  interfaces.ContainerDeletionChoosingPolicyTemplate (ContainerDeletionChoosingPolicyTemplate.java:chooseContainerForBlockDeletion(83)) - Chosen 0/5000 blocks from 0 candidate containers.
2023-04-19 02:32:50,152 [BlockDeletingService#2] INFO  interfaces.ContainerDeletionChoosingPolicyTemplate (ContainerDeletionChoosingPolicyTemplate.java:chooseContainerForBlockDeletion(83)) - Chosen 0/5000 blocks from 0 candidate containers.
2023-04-19 02:32:50,164 [SCMBlockDeletingService#0] DEBUG block.SCMBlockDeletingService (SCMBlockDeletingService.java:shouldRun(251)) - Check scm block delete run: false serviceStatus: RUNNING safemodeExitRunDelayMillis: 3000 alreadyWaitTimeInMillis: 158
2023-04-19 02:32:50,250 [BlockDeletingService#2] INFO  interfaces.ContainerDeletionChoosingPolicyTemplate (ContainerDeletionChoosingPolicyTemplate.java:chooseContainerForBlockDeletion(83)) - Chosen 0/5000 blocks from 0 candidate containers.
2023-04-19 02:32:50,252 [BlockDeletingService#5] INFO  interfaces.ContainerDeletionChoosingPolicyTemplate (ContainerDeletionChoosingPolicyTemplate.java:chooseContainerForBlockDeletion(83)) - Chosen 0/5000 blocks from 0 candidate containers.
2023-04-19 02:32:50,252 [BlockDeletingService#2] INFO  interfaces.ContainerDeletionChoosingPolicyTemplate (ContainerDeletionChoosingPolicyTemplate.java:chooseContainerForBlockDeletion(83)) - Chosen 0/5000 blocks from 0 candidate containers.
2023-04-19 02:32:50,264 [SCMBlockDeletingService#0] DEBUG block.SCMBlockDeletingService (SCMBlockDeletingService.java:shouldRun(251)) - Check scm block delete run: false serviceStatus: RUNNING safemodeExitRunDelayMillis: 3000 alreadyWaitTimeInMillis: 258
2023-04-19 02:32:50,350 [BlockDeletingService#2] INFO  interfaces.ContainerDeletionChoosingPolicyTemplate (ContainerDeletionChoosingPolicyTemplate.java:chooseContainerForBlockDeletion(83)) - Chosen 0/5000 blocks from 0 candidate containers.
2023-04-19 02:32:50,352 [BlockDeletingService#5] INFO  interfaces.ContainerDeletionChoosingPolicyTemplate (ContainerDeletionChoosingPolicyTemplate.java:chooseContainerForBlockDeletion(83)) - Chosen 0/5000 blocks from 0 candidate containers.
2023-04-19 02:32:50,352 [BlockDeletingService#2] INFO  interfaces.ContainerDeletionChoosingPolicyTemplate (ContainerDeletionChoosingPolicyTemplate.java:chooseContainerForBlockDeletion(83)) - Chosen 0/5000 blocks from 0 candidate containers.
2023-04-19 02:32:50,365 [SCMBlockDeletingService#0] DEBUG block.SCMBlockDeletingService (SCMBlockDeletingService.java:shouldRun(251)) - Check scm block delete run: false serviceStatus: RUNNING safemodeExitRunDelayMillis: 3000 alreadyWaitTimeInMillis: 359
2023-04-19 02:32:50,451 [BlockDeletingService#2] INFO  interfaces.ContainerDeletionChoosingPolicyTemplate (ContainerDeletionChoosingPolicyTemplate.java:chooseContainerForBlockDeletion(83)) - Chosen 0/5000 blocks from 0 candidate containers.
2023-04-19 02:32:50,452 [BlockDeletingService#5] INFO  interfaces.ContainerDeletionChoosingPolicyTemplate (ContainerDeletionChoosingPolicyTemplate.java:chooseContainerForBlockDeletion(83)) - Chosen 0/5000 blocks from 0 candidate containers.
2023-04-19 02:32:50,452 [BlockDeletingService#2] INFO  interfaces.ContainerDeletionChoosingPolicyTemplate (ContainerDeletionChoosingPolicyTemplate.java:chooseContainerForBlockDeletion(83)) - Chosen 0/5000 blocks from 0 candidate containers.
2023-04-19 02:32:50,465 [SCMBlockDeletingService#0] DEBUG block.SCMBlockDeletingService (SCMBlockDeletingService.java:shouldRun(251)) - Check scm block delete run: false serviceStatus: RUNNING safemodeExitRunDelayMillis: 3000 alreadyWaitTimeInMillis: 459
2023-04-19 02:32:50,480 [Listener at 127.0.0.1/44187] INFO  ozone.MiniOzoneClusterImpl (MiniOzoneClusterImpl.java:lambda$waitForClusterToBeReady$0(222)) - Nodes are ready. Got 3 of 3 DN Heartbeats.
2023-04-19 02:32:50,480 [Listener at 127.0.0.1/44187] INFO  ozone.MiniOzoneClusterImpl (MiniOzoneClusterImpl.java:lambda$waitForClusterToBeReady$0(225)) - Cluster exits safe mode
2023-04-19 02:32:50,480 [Listener at 127.0.0.1/44187] INFO  ozone.MiniOzoneClusterImpl (MiniOzoneClusterImpl.java:lambda$waitForClusterToBeReady$0(227)) - SCM became leader
2023-04-19 02:32:50,551 [BlockDeletingService#2] INFO  interfaces.ContainerDeletionChoosingPolicyTemplate (ContainerDeletionChoosingPolicyTemplate.java:chooseContainerForBlockDeletion(83)) - Chosen 0/5000 blocks from 0 candidate containers.
2023-04-19 02:32:50,553 [BlockDeletingService#5] INFO  interfaces.ContainerDeletionChoosingPolicyTemplate (ContainerDeletionChoosingPolicyTemplate.java:chooseContainerForBlockDeletion(83)) - Chosen 0/5000 blocks from 0 candidate containers.
2023-04-19 02:32:50,553 [BlockDeletingService#2] INFO  interfaces.ContainerDeletionChoosingPolicyTemplate (ContainerDeletionChoosingPolicyTemplate.java:chooseContainerForBlockDeletion(83)) - Chosen 0/5000 blocks from 0 candidate containers.
2023-04-19 02:32:50,565 [SCMBlockDeletingService#0] DEBUG block.SCMBlockDeletingService (SCMBlockDeletingService.java:shouldRun(251)) - Check scm block delete run: false serviceStatus: RUNNING safemodeExitRunDelayMillis: 3000 alreadyWaitTimeInMillis: 559
2023-04-19 02:32:50,651 [BlockDeletingService#2] INFO  interfaces.ContainerDeletionChoosingPolicyTemplate (ContainerDeletionChoosingPolicyTemplate.java:chooseContainerForBlockDeletion(83)) - Chosen 0/5000 blocks from 0 candidate containers.
2023-04-19 02:32:50,653 [BlockDeletingService#5] INFO  interfaces.ContainerDeletionChoosingPolicyTemplate (ContainerDeletionChoosingPolicyTemplate.java:chooseContainerForBlockDeletion(83)) - Chosen 0/5000 blocks from 0 candidate containers.
2023-04-19 02:32:50,653 [BlockDeletingService#2] INFO  interfaces.ContainerDeletionChoosingPolicyTemplate (ContainerDeletionChoosingPolicyTemplate.java:chooseContainerForBlockDeletion(83)) - Chosen 0/5000 blocks from 0 candidate containers.
2023-04-19 02:32:50,665 [SCMBlockDeletingService#0] DEBUG block.SCMBlockDeletingService (SCMBlockDeletingService.java:shouldRun(251)) - Check scm block delete run: false serviceStatus: RUNNING safemodeExitRunDelayMillis: 3000 alreadyWaitTimeInMillis: 659
2023-04-19 02:32:50,679 [Listener at 127.0.0.1/44187] INFO  rpc.RpcClient (RpcClient.java:createVolume(476)) - Creating Volume: 59d810b3-1d27-492b-b6bb-d027d33fdf96, with runner as owner and space quota set to -1 bytes, counts quota set to -1
2023-04-19 02:32:50,693 [OM StateMachine ApplyTransaction Thread - 0] INFO  volume.OMVolumeCreateRequest (OMVolumeCreateRequest.java:validateAndUpdateCache(195)) - created volume:59d810b3-1d27-492b-b6bb-d027d33fdf96 for user:runner
2023-04-19 02:32:50,699 [Listener at 127.0.0.1/44187] INFO  rpc.RpcClient (RpcClient.java:createBucket(698)) - Creating Bucket: 59d810b3-1d27-492b-b6bb-d027d33fdf96/f21b4612-cd6d-488e-bb0c-b6dc3bf74ef3, with server-side default bucket layout, runner as owner, Versioning false, Storage Type set to DISK and Encryption set to false, Replication Type set to server-side default replication type, Namespace Quota set to -1, Space Quota set to -1 
2023-04-19 02:32:50,702 [OM StateMachine ApplyTransaction Thread - 0] INFO  bucket.OMBucketCreateRequest (OMBucketCreateRequest.java:validateAndUpdateCache(269)) - created bucket: f21b4612-cd6d-488e-bb0c-b6dc3bf74ef3 of layout FILE_SYSTEM_OPTIMIZED in volume: 59d810b3-1d27-492b-b6bb-d027d33fdf96
2023-04-19 02:32:50,722 [IPC Server handler 0 on default port 46503] INFO  ha.SequenceIdGenerator (SequenceIdGenerator.java:getNextId(128)) - Allocate a batch for containerId, change lastId from 0 to 1000.
2023-04-19 02:32:50,722 [IPC Server handler 0 on default port 46503] WARN  ha.SequenceIdGenerator (SequenceIdGenerator.java:allocateBatch(237)) - Failed to allocate a batch for localId, expected lastId is 0, actual lastId is 111677748019200000.
2023-04-19 02:32:50,722 [IPC Server handler 0 on default port 46503] INFO  ha.SequenceIdGenerator (SequenceIdGenerator.java:getNextId(128)) - Allocate a batch for localId, change lastId from 111677748019200000 to 111677748019201000.
2023-04-19 02:32:50,751 [BlockDeletingService#2] INFO  interfaces.ContainerDeletionChoosingPolicyTemplate (ContainerDeletionChoosingPolicyTemplate.java:chooseContainerForBlockDeletion(83)) - Chosen 0/5000 blocks from 0 candidate containers.
2023-04-19 02:32:50,753 [BlockDeletingService#2] INFO  interfaces.ContainerDeletionChoosingPolicyTemplate (ContainerDeletionChoosingPolicyTemplate.java:chooseContainerForBlockDeletion(83)) - Chosen 0/5000 blocks from 0 candidate containers.
2023-04-19 02:32:50,753 [BlockDeletingService#5] INFO  interfaces.ContainerDeletionChoosingPolicyTemplate (ContainerDeletionChoosingPolicyTemplate.java:chooseContainerForBlockDeletion(83)) - Chosen 0/5000 blocks from 0 candidate containers.
2023-04-19 02:32:50,765 [SCMBlockDeletingService#0] DEBUG block.SCMBlockDeletingService (SCMBlockDeletingService.java:shouldRun(251)) - Check scm block delete run: false serviceStatus: RUNNING safemodeExitRunDelayMillis: 3000 alreadyWaitTimeInMillis: 759
2023-04-19 02:32:50,851 [BlockDeletingService#2] INFO  interfaces.ContainerDeletionChoosingPolicyTemplate (ContainerDeletionChoosingPolicyTemplate.java:chooseContainerForBlockDeletion(83)) - Chosen 0/5000 blocks from 0 candidate containers.
2023-04-19 02:32:50,853 [BlockDeletingService#2] INFO  interfaces.ContainerDeletionChoosingPolicyTemplate (ContainerDeletionChoosingPolicyTemplate.java:chooseContainerForBlockDeletion(83)) - Chosen 0/5000 blocks from 0 candidate containers.
2023-04-19 02:32:50,853 [BlockDeletingService#5] INFO  interfaces.ContainerDeletionChoosingPolicyTemplate (ContainerDeletionChoosingPolicyTemplate.java:chooseContainerForBlockDeletion(83)) - Chosen 0/5000 blocks from 0 candidate containers.
2023-04-19 02:32:50,865 [SCMBlockDeletingService#0] DEBUG block.SCMBlockDeletingService (SCMBlockDeletingService.java:shouldRun(251)) - Check scm block delete run: false serviceStatus: RUNNING safemodeExitRunDelayMillis: 3000 alreadyWaitTimeInMillis: 859
2023-04-19 02:32:50,952 [BlockDeletingService#2] INFO  interfaces.ContainerDeletionChoosingPolicyTemplate (ContainerDeletionChoosingPolicyTemplate.java:chooseContainerForBlockDeletion(83)) - Chosen 0/5000 blocks from 0 candidate containers.
2023-04-19 02:32:50,953 [BlockDeletingService#5] INFO  interfaces.ContainerDeletionChoosingPolicyTemplate (ContainerDeletionChoosingPolicyTemplate.java:chooseContainerForBlockDeletion(83)) - Chosen 0/5000 blocks from 0 candidate containers.
2023-04-19 02:32:50,955 [BlockDeletingService#2] INFO  interfaces.ContainerDeletionChoosingPolicyTemplate (ContainerDeletionChoosingPolicyTemplate.java:chooseContainerForBlockDeletion(83)) - Chosen 0/5000 blocks from 0 candidate containers.
2023-04-19 02:32:50,965 [SCMBlockDeletingService#0] DEBUG block.SCMBlockDeletingService (SCMBlockDeletingService.java:shouldRun(251)) - Check scm block delete run: false serviceStatus: RUNNING safemodeExitRunDelayMillis: 3000 alreadyWaitTimeInMillis: 959
2023-04-19 02:32:51,053 [BlockDeletingService#2] INFO  interfaces.ContainerDeletionChoosingPolicyTemplate (ContainerDeletionChoosingPolicyTemplate.java:chooseContainerForBlockDeletion(83)) - Chosen 0/5000 blocks from 0 candidate containers.
2023-04-19 02:32:51,054 [BlockDeletingService#5] INFO  interfaces.ContainerDeletionChoosingPolicyTemplate (ContainerDeletionChoosingPolicyTemplate.java:chooseContainerForBlockDeletion(83)) - Chosen 0/5000 blocks from 0 candidate containers.
2023-04-19 02:32:51,055 [BlockDeletingService#2] INFO  interfaces.ContainerDeletionChoosingPolicyTemplate (ContainerDeletionChoosingPolicyTemplate.java:chooseContainerForBlockDeletion(83)) - Chosen 0/5000 blocks from 0 candidate containers.
2023-04-19 02:32:51,066 [SCMBlockDeletingService#0] DEBUG block.SCMBlockDeletingService (SCMBlockDeletingService.java:shouldRun(251)) - Check scm block delete run: false serviceStatus: RUNNING safemodeExitRunDelayMillis: 3000 alreadyWaitTimeInMillis: 1060
2023-04-19 02:32:51,153 [BlockDeletingService#2] INFO  interfaces.ContainerDeletionChoosingPolicyTemplate (ContainerDeletionChoosingPolicyTemplate.java:chooseContainerForBlockDeletion(83)) - Chosen 0/5000 blocks from 0 candidate containers.
2023-04-19 02:32:51,155 [BlockDeletingService#2] INFO  interfaces.ContainerDeletionChoosingPolicyTemplate (ContainerDeletionChoosingPolicyTemplate.java:chooseContainerForBlockDeletion(83)) - Chosen 0/5000 blocks from 0 candidate containers.
2023-04-19 02:32:51,155 [BlockDeletingService#5] INFO  interfaces.ContainerDeletionChoosingPolicyTemplate (ContainerDeletionChoosingPolicyTemplate.java:chooseContainerForBlockDeletion(83)) - Chosen 0/5000 blocks from 0 candidate containers.
2023-04-19 02:32:51,166 [SCMBlockDeletingService#0] DEBUG block.SCMBlockDeletingService (SCMBlockDeletingService.java:shouldRun(251)) - Check scm block delete run: false serviceStatus: RUNNING safemodeExitRunDelayMillis: 3000 alreadyWaitTimeInMillis: 1160
2023-04-19 02:32:51,254 [BlockDeletingService#2] INFO  interfaces.ContainerDeletionChoosingPolicyTemplate (ContainerDeletionChoosingPolicyTemplate.java:chooseContainerForBlockDeletion(83)) - Chosen 0/5000 blocks from 0 candidate containers.
2023-04-19 02:32:51,256 [BlockDeletingService#2] INFO  interfaces.ContainerDeletionChoosingPolicyTemplate (ContainerDeletionChoosingPolicyTemplate.java:chooseContainerForBlockDeletion(83)) - Chosen 0/5000 blocks from 0 candidate containers.
2023-04-19 02:32:51,256 [BlockDeletingService#5] INFO  interfaces.ContainerDeletionChoosingPolicyTemplate (ContainerDeletionChoosingPolicyTemplate.java:chooseContainerForBlockDeletion(83)) - Chosen 0/5000 blocks from 0 candidate containers.
2023-04-19 02:32:51,266 [SCMBlockDeletingService#0] DEBUG block.SCMBlockDeletingService (SCMBlockDeletingService.java:shouldRun(251)) - Check scm block delete run: false serviceStatus: RUNNING safemodeExitRunDelayMillis: 3000 alreadyWaitTimeInMillis: 1260
2023-04-19 02:32:51,355 [BlockDeletingService#2] INFO  interfaces.ContainerDeletionChoosingPolicyTemplate (ContainerDeletionChoosingPolicyTemplate.java:chooseContainerForBlockDeletion(83)) - Chosen 0/5000 blocks from 0 candidate containers.
2023-04-19 02:32:51,356 [BlockDeletingService#2] INFO  interfaces.ContainerDeletionChoosingPolicyTemplate (ContainerDeletionChoosingPolicyTemplate.java:chooseContainerForBlockDeletion(83)) - Chosen 0/5000 blocks from 0 candidate containers.
2023-04-19 02:32:51,356 [BlockDeletingService#5] INFO  interfaces.ContainerDeletionChoosingPolicyTemplate (ContainerDeletionChoosingPolicyTemplate.java:chooseContainerForBlockDeletion(83)) - Chosen 0/5000 blocks from 0 candidate containers.
2023-04-19 02:32:51,367 [SCMBlockDeletingService#0] DEBUG block.SCMBlockDeletingService (SCMBlockDeletingService.java:shouldRun(251)) - Check scm block delete run: false serviceStatus: RUNNING safemodeExitRunDelayMillis: 3000 alreadyWaitTimeInMillis: 1361
2023-04-19 02:32:51,455 [BlockDeletingService#2] INFO  interfaces.ContainerDeletionChoosingPolicyTemplate (ContainerDeletionChoosingPolicyTemplate.java:chooseContainerForBlockDeletion(83)) - Chosen 0/5000 blocks from 0 candidate containers.
2023-04-19 02:32:51,456 [BlockDeletingService#2] INFO  interfaces.ContainerDeletionChoosingPolicyTemplate (ContainerDeletionChoosingPolicyTemplate.java:chooseContainerForBlockDeletion(83)) - Chosen 0/5000 blocks from 0 candidate containers.
2023-04-19 02:32:51,456 [BlockDeletingService#5] INFO  interfaces.ContainerDeletionChoosingPolicyTemplate (ContainerDeletionChoosingPolicyTemplate.java:chooseContainerForBlockDeletion(83)) - Chosen 0/5000 blocks from 0 candidate containers.
2023-04-19 02:32:51,467 [SCMBlockDeletingService#0] DEBUG block.SCMBlockDeletingService (SCMBlockDeletingService.java:shouldRun(251)) - Check scm block delete run: false serviceStatus: RUNNING safemodeExitRunDelayMillis: 3000 alreadyWaitTimeInMillis: 1461
2023-04-19 02:32:51,556 [BlockDeletingService#2] INFO  interfaces.ContainerDeletionChoosingPolicyTemplate (ContainerDeletionChoosingPolicyTemplate.java:chooseContainerForBlockDeletion(83)) - Chosen 0/5000 blocks from 0 candidate containers.
2023-04-19 02:32:51,556 [BlockDeletingService#2] INFO  interfaces.ContainerDeletionChoosingPolicyTemplate (ContainerDeletionChoosingPolicyTemplate.java:chooseContainerForBlockDeletion(83)) - Chosen 0/5000 blocks from 0 candidate containers.
2023-04-19 02:32:51,557 [BlockDeletingService#5] INFO  interfaces.ContainerDeletionChoosingPolicyTemplate (ContainerDeletionChoosingPolicyTemplate.java:chooseContainerForBlockDeletion(83)) - Chosen 0/5000 blocks from 0 candidate containers.
2023-04-19 02:32:51,567 [SCMBlockDeletingService#0] DEBUG block.SCMBlockDeletingService (SCMBlockDeletingService.java:shouldRun(251)) - Check scm block delete run: false serviceStatus: RUNNING safemodeExitRunDelayMillis: 3000 alreadyWaitTimeInMillis: 1561
2023-04-19 02:32:51,656 [BlockDeletingService#2] INFO  interfaces.ContainerDeletionChoosingPolicyTemplate (ContainerDeletionChoosingPolicyTemplate.java:chooseContainerForBlockDeletion(83)) - Chosen 0/5000 blocks from 0 candidate containers.
2023-04-19 02:32:51,656 [BlockDeletingService#2] INFO  interfaces.ContainerDeletionChoosingPolicyTemplate (ContainerDeletionChoosingPolicyTemplate.java:chooseContainerForBlockDeletion(83)) - Chosen 0/5000 blocks from 0 candidate containers.
2023-04-19 02:32:51,657 [BlockDeletingService#5] INFO  interfaces.ContainerDeletionChoosingPolicyTemplate (ContainerDeletionChoosingPolicyTemplate.java:chooseContainerForBlockDeletion(83)) - Chosen 0/5000 blocks from 0 candidate containers.
2023-04-19 02:32:51,667 [SCMBlockDeletingService#0] DEBUG block.SCMBlockDeletingService (SCMBlockDeletingService.java:shouldRun(251)) - Check scm block delete run: false serviceStatus: RUNNING safemodeExitRunDelayMillis: 3000 alreadyWaitTimeInMillis: 1661
2023-04-19 02:32:51,756 [BlockDeletingService#2] INFO  interfaces.ContainerDeletionChoosingPolicyTemplate (ContainerDeletionChoosingPolicyTemplate.java:chooseContainerForBlockDeletion(83)) - Chosen 0/5000 blocks from 0 candidate containers.
2023-04-19 02:32:51,757 [BlockDeletingService#2] INFO  interfaces.ContainerDeletionChoosingPolicyTemplate (ContainerDeletionChoosingPolicyTemplate.java:chooseContainerForBlockDeletion(83)) - Chosen 0/5000 blocks from 0 candidate containers.
2023-04-19 02:32:51,757 [BlockDeletingService#5] INFO  interfaces.ContainerDeletionChoosingPolicyTemplate (ContainerDeletionChoosingPolicyTemplate.java:chooseContainerForBlockDeletion(83)) - Chosen 0/5000 blocks from 0 candidate containers.
2023-04-19 02:32:51,767 [SCMBlockDeletingService#0] DEBUG block.SCMBlockDeletingService (SCMBlockDeletingService.java:shouldRun(251)) - Check scm block delete run: false serviceStatus: RUNNING safemodeExitRunDelayMillis: 3000 alreadyWaitTimeInMillis: 1761
2023-04-19 02:32:51,850 [IPC Server handler 1 on default port 46503] INFO  ha.SequenceIdGenerator (SequenceIdGenerator.java:getNextId(128)) - Allocate a batch for delTxnId, change lastId from 0 to 1000.
2023-04-19 02:32:51,856 [BlockDeletingService#2] INFO  interfaces.ContainerDeletionChoosingPolicyTemplate (ContainerDeletionChoosingPolicyTemplate.java:chooseContainerForBlockDeletion(83)) - Chosen 0/5000 blocks from 0 candidate containers.
2023-04-19 02:32:51,857 [BlockDeletingService#2] INFO  interfaces.ContainerDeletionChoosingPolicyTemplate (ContainerDeletionChoosingPolicyTemplate.java:chooseContainerForBlockDeletion(83)) - Chosen 0/5000 blocks from 0 candidate containers.
2023-04-19 02:32:51,857 [BlockDeletingService#5] INFO  interfaces.ContainerDeletionChoosingPolicyTemplate (ContainerDeletionChoosingPolicyTemplate.java:chooseContainerForBlockDeletion(83)) - Chosen 0/5000 blocks from 0 candidate containers.
2023-04-19 02:32:51,867 [SCMBlockDeletingService#0] DEBUG block.SCMBlockDeletingService (SCMBlockDeletingService.java:shouldRun(251)) - Check scm block delete run: false serviceStatus: RUNNING safemodeExitRunDelayMillis: 3000 alreadyWaitTimeInMillis: 1861
2023-04-19 02:32:51,956 [BlockDeletingService#2] INFO  interfaces.ContainerDeletionChoosingPolicyTemplate (ContainerDeletionChoosingPolicyTemplate.java:chooseContainerForBlockDeletion(83)) - Chosen 0/5000 blocks from 0 candidate containers.
2023-04-19 02:32:51,957 [BlockDeletingService#2] INFO  interfaces.ContainerDeletionChoosingPolicyTemplate (ContainerDeletionChoosingPolicyTemplate.java:chooseContainerForBlockDeletion(83)) - Chosen 0/5000 blocks from 0 candidate containers.
2023-04-19 02:32:51,957 [BlockDeletingService#5] INFO  interfaces.ContainerDeletionChoosingPolicyTemplate (ContainerDeletionChoosingPolicyTemplate.java:chooseContainerForBlockDeletion(83)) - Chosen 0/5000 blocks from 0 candidate containers.
2023-04-19 02:32:51,967 [SCMBlockDeletingService#0] DEBUG block.SCMBlockDeletingService (SCMBlockDeletingService.java:shouldRun(251)) - Check scm block delete run: false serviceStatus: RUNNING safemodeExitRunDelayMillis: 3000 alreadyWaitTimeInMillis: 1961
2023-04-19 02:32:52,057 [BlockDeletingService#2] INFO  interfaces.ContainerDeletionChoosingPolicyTemplate (ContainerDeletionChoosingPolicyTemplate.java:chooseContainerForBlockDeletion(83)) - Chosen 0/5000 blocks from 0 candidate containers.
2023-04-19 02:32:52,057 [BlockDeletingService#2] INFO  interfaces.ContainerDeletionChoosingPolicyTemplate (ContainerDeletionChoosingPolicyTemplate.java:chooseContainerForBlockDeletion(83)) - Chosen 0/5000 blocks from 0 candidate containers.
2023-04-19 02:32:52,057 [BlockDeletingService#5] INFO  interfaces.ContainerDeletionChoosingPolicyTemplate (ContainerDeletionChoosingPolicyTemplate.java:chooseContainerForBlockDeletion(83)) - Chosen 0/5000 blocks from 0 candidate containers.
2023-04-19 02:32:52,067 [SCMBlockDeletingService#0] DEBUG block.SCMBlockDeletingService (SCMBlockDeletingService.java:shouldRun(251)) - Check scm block delete run: false serviceStatus: RUNNING safemodeExitRunDelayMillis: 3000 alreadyWaitTimeInMillis: 2061
2023-04-19 02:32:52,157 [BlockDeletingService#2] INFO  interfaces.ContainerDeletionChoosingPolicyTemplate (ContainerDeletionChoosingPolicyTemplate.java:chooseContainerForBlockDeletion(83)) - Chosen 0/5000 blocks from 0 candidate containers.
2023-04-19 02:32:52,157 [BlockDeletingService#2] INFO  interfaces.ContainerDeletionChoosingPolicyTemplate (ContainerDeletionChoosingPolicyTemplate.java:chooseContainerForBlockDeletion(83)) - Chosen 0/5000 blocks from 0 candidate containers.
2023-04-19 02:32:52,157 [BlockDeletingService#5] INFO  interfaces.ContainerDeletionChoosingPolicyTemplate (ContainerDeletionChoosingPolicyTemplate.java:chooseContainerForBlockDeletion(83)) - Chosen 0/5000 blocks from 0 candidate containers.
2023-04-19 02:32:52,167 [SCMBlockDeletingService#0] DEBUG block.SCMBlockDeletingService (SCMBlockDeletingService.java:shouldRun(251)) - Check scm block delete run: false serviceStatus: RUNNING safemodeExitRunDelayMillis: 3000 alreadyWaitTimeInMillis: 2161
2023-04-19 02:32:52,257 [BlockDeletingService#2] INFO  interfaces.ContainerDeletionChoosingPolicyTemplate (ContainerDeletionChoosingPolicyTemplate.java:chooseContainerForBlockDeletion(83)) - Chosen 0/5000 blocks from 0 candidate containers.
2023-04-19 02:32:52,257 [BlockDeletingService#2] INFO  interfaces.ContainerDeletionChoosingPolicyTemplate (ContainerDeletionChoosingPolicyTemplate.java:chooseContainerForBlockDeletion(83)) - Chosen 0/5000 blocks from 0 candidate containers.
2023-04-19 02:32:52,258 [BlockDeletingService#5] INFO  interfaces.ContainerDeletionChoosingPolicyTemplate (ContainerDeletionChoosingPolicyTemplate.java:chooseContainerForBlockDeletion(83)) - Chosen 0/5000 blocks from 0 candidate containers.
2023-04-19 02:32:52,267 [SCMBlockDeletingService#0] DEBUG block.SCMBlockDeletingService (SCMBlockDeletingService.java:shouldRun(251)) - Check scm block delete run: false serviceStatus: RUNNING safemodeExitRunDelayMillis: 3000 alreadyWaitTimeInMillis: 2261
2023-04-19 02:32:52,357 [BlockDeletingService#2] INFO  interfaces.ContainerDeletionChoosingPolicyTemplate (ContainerDeletionChoosingPolicyTemplate.java:chooseContainerForBlockDeletion(83)) - Chosen 0/5000 blocks from 0 candidate containers.
2023-04-19 02:32:52,358 [BlockDeletingService#2] INFO  interfaces.ContainerDeletionChoosingPolicyTemplate (ContainerDeletionChoosingPolicyTemplate.java:chooseContainerForBlockDeletion(83)) - Chosen 0/5000 blocks from 0 candidate containers.
2023-04-19 02:32:52,358 [BlockDeletingService#5] INFO  interfaces.ContainerDeletionChoosingPolicyTemplate (ContainerDeletionChoosingPolicyTemplate.java:chooseContainerForBlockDeletion(83)) - Chosen 0/5000 blocks from 0 candidate containers.
2023-04-19 02:32:52,367 [SCMBlockDeletingService#0] DEBUG block.SCMBlockDeletingService (SCMBlockDeletingService.java:shouldRun(251)) - Check scm block delete run: false serviceStatus: RUNNING safemodeExitRunDelayMillis: 3000 alreadyWaitTimeInMillis: 2361
2023-04-19 02:32:52,458 [BlockDeletingService#2] INFO  interfaces.ContainerDeletionChoosingPolicyTemplate (ContainerDeletionChoosingPolicyTemplate.java:chooseContainerForBlockDeletion(83)) - Chosen 0/5000 blocks from 0 candidate containers.
2023-04-19 02:32:52,458 [BlockDeletingService#2] INFO  interfaces.ContainerDeletionChoosingPolicyTemplate (ContainerDeletionChoosingPolicyTemplate.java:chooseContainerForBlockDeletion(83)) - Chosen 0/5000 blocks from 0 candidate containers.
2023-04-19 02:32:52,458 [BlockDeletingService#5] INFO  interfaces.ContainerDeletionChoosingPolicyTemplate (ContainerDeletionChoosingPolicyTemplate.java:chooseContainerForBlockDeletion(83)) - Chosen 0/5000 blocks from 0 candidate containers.
2023-04-19 02:32:52,468 [SCMBlockDeletingService#0] DEBUG block.SCMBlockDeletingService (SCMBlockDeletingService.java:shouldRun(251)) - Check scm block delete run: false serviceStatus: RUNNING safemodeExitRunDelayMillis: 3000 alreadyWaitTimeInMillis: 2462
2023-04-19 02:32:52,558 [BlockDeletingService#2] INFO  interfaces.ContainerDeletionChoosingPolicyTemplate (ContainerDeletionChoosingPolicyTemplate.java:chooseContainerForBlockDeletion(83)) - Chosen 0/5000 blocks from 0 candidate containers.
2023-04-19 02:32:52,558 [BlockDeletingService#2] INFO  interfaces.ContainerDeletionChoosingPolicyTemplate (ContainerDeletionChoosingPolicyTemplate.java:chooseContainerForBlockDeletion(83)) - Chosen 0/5000 blocks from 0 candidate containers.
2023-04-19 02:32:52,558 [BlockDeletingService#5] INFO  interfaces.ContainerDeletionChoosingPolicyTemplate (ContainerDeletionChoosingPolicyTemplate.java:chooseContainerForBlockDeletion(83)) - Chosen 0/5000 blocks from 0 candidate containers.
2023-04-19 02:32:52,568 [SCMBlockDeletingService#0] DEBUG block.SCMBlockDeletingService (SCMBlockDeletingService.java:shouldRun(251)) - Check scm block delete run: false serviceStatus: RUNNING safemodeExitRunDelayMillis: 3000 alreadyWaitTimeInMillis: 2562
2023-04-19 02:32:52,658 [BlockDeletingService#2] INFO  interfaces.ContainerDeletionChoosingPolicyTemplate (ContainerDeletionChoosingPolicyTemplate.java:chooseContainerForBlockDeletion(83)) - Chosen 0/5000 blocks from 0 candidate containers.
2023-04-19 02:32:52,658 [BlockDeletingService#2] INFO  interfaces.ContainerDeletionChoosingPolicyTemplate (ContainerDeletionChoosingPolicyTemplate.java:chooseContainerForBlockDeletion(83)) - Chosen 0/5000 blocks from 0 candidate containers.
2023-04-19 02:32:52,658 [BlockDeletingService#5] INFO  interfaces.ContainerDeletionChoosingPolicyTemplate (ContainerDeletionChoosingPolicyTemplate.java:chooseContainerForBlockDeletion(83)) - Chosen 0/5000 blocks from 0 candidate containers.
2023-04-19 02:32:52,668 [SCMBlockDeletingService#0] DEBUG block.SCMBlockDeletingService (SCMBlockDeletingService.java:shouldRun(251)) - Check scm block delete run: false serviceStatus: RUNNING safemodeExitRunDelayMillis: 3000 alreadyWaitTimeInMillis: 2662
2023-04-19 02:32:52,758 [BlockDeletingService#2] INFO  interfaces.ContainerDeletionChoosingPolicyTemplate (ContainerDeletionChoosingPolicyTemplate.java:chooseContainerForBlockDeletion(83)) - Chosen 0/5000 blocks from 0 candidate containers.
2023-04-19 02:32:52,759 [BlockDeletingService#2] INFO  interfaces.ContainerDeletionChoosingPolicyTemplate (ContainerDeletionChoosingPolicyTemplate.java:chooseContainerForBlockDeletion(83)) - Chosen 0/5000 blocks from 0 candidate containers.
2023-04-19 02:32:52,759 [BlockDeletingService#5] INFO  interfaces.ContainerDeletionChoosingPolicyTemplate (ContainerDeletionChoosingPolicyTemplate.java:chooseContainerForBlockDeletion(83)) - Chosen 0/5000 blocks from 0 candidate containers.
2023-04-19 02:32:52,768 [SCMBlockDeletingService#0] DEBUG block.SCMBlockDeletingService (SCMBlockDeletingService.java:shouldRun(251)) - Check scm block delete run: false serviceStatus: RUNNING safemodeExitRunDelayMillis: 3000 alreadyWaitTimeInMillis: 2762
2023-04-19 02:32:52,859 [BlockDeletingService#2] INFO  interfaces.ContainerDeletionChoosingPolicyTemplate (ContainerDeletionChoosingPolicyTemplate.java:chooseContainerForBlockDeletion(83)) - Chosen 0/5000 blocks from 0 candidate containers.
2023-04-19 02:32:52,859 [BlockDeletingService#5] INFO  interfaces.ContainerDeletionChoosingPolicyTemplate (ContainerDeletionChoosingPolicyTemplate.java:chooseContainerForBlockDeletion(83)) - Chosen 0/5000 blocks from 0 candidate containers.
2023-04-19 02:32:52,859 [BlockDeletingService#2] INFO  interfaces.ContainerDeletionChoosingPolicyTemplate (ContainerDeletionChoosingPolicyTemplate.java:chooseContainerForBlockDeletion(83)) - Chosen 0/5000 blocks from 0 candidate containers.
2023-04-19 02:32:52,868 [SCMBlockDeletingService#0] DEBUG block.SCMBlockDeletingService (SCMBlockDeletingService.java:shouldRun(251)) - Check scm block delete run: false serviceStatus: RUNNING safemodeExitRunDelayMillis: 3000 alreadyWaitTimeInMillis: 2862
2023-04-19 02:32:52,959 [BlockDeletingService#2] INFO  interfaces.ContainerDeletionChoosingPolicyTemplate (ContainerDeletionChoosingPolicyTemplate.java:chooseContainerForBlockDeletion(83)) - Chosen 0/5000 blocks from 0 candidate containers.
2023-04-19 02:32:52,959 [BlockDeletingService#5] INFO  interfaces.ContainerDeletionChoosingPolicyTemplate (ContainerDeletionChoosingPolicyTemplate.java:chooseContainerForBlockDeletion(83)) - Chosen 0/5000 blocks from 0 candidate containers.
2023-04-19 02:32:52,959 [BlockDeletingService#2] INFO  interfaces.ContainerDeletionChoosingPolicyTemplate (ContainerDeletionChoosingPolicyTemplate.java:chooseContainerForBlockDeletion(83)) - Chosen 0/5000 blocks from 0 candidate containers.
2023-04-19 02:32:52,968 [SCMBlockDeletingService#0] DEBUG block.SCMBlockDeletingService (SCMBlockDeletingService.java:shouldRun(251)) - Check scm block delete run: false serviceStatus: RUNNING safemodeExitRunDelayMillis: 3000 alreadyWaitTimeInMillis: 2962
2023-04-19 02:32:53,059 [BlockDeletingService#2] INFO  interfaces.ContainerDeletionChoosingPolicyTemplate (ContainerDeletionChoosingPolicyTemplate.java:chooseContainerForBlockDeletion(83)) - Chosen 0/5000 blocks from 0 candidate containers.
2023-04-19 02:32:53,059 [BlockDeletingService#2] INFO  interfaces.ContainerDeletionChoosingPolicyTemplate (ContainerDeletionChoosingPolicyTemplate.java:chooseContainerForBlockDeletion(83)) - Chosen 0/5000 blocks from 0 candidate containers.
2023-04-19 02:32:53,059 [BlockDeletingService#5] INFO  interfaces.ContainerDeletionChoosingPolicyTemplate (ContainerDeletionChoosingPolicyTemplate.java:chooseContainerForBlockDeletion(83)) - Chosen 0/5000 blocks from 0 candidate containers.
2023-04-19 02:32:53,068 [SCMBlockDeletingService#0] DEBUG block.SCMBlockDeletingService (SCMBlockDeletingService.java:shouldRun(251)) - Check scm block delete run: true serviceStatus: RUNNING safemodeExitRunDelayMillis: 3000 alreadyWaitTimeInMillis: 3062
2023-04-19 02:32:53,068 [SCMBlockDeletingService#0] DEBUG block.SCMBlockDeletingService (SCMBlockDeletingService.java:call(154)) - Running DeletedBlockTransactionScanner
2023-04-19 02:32:53,160 [BlockDeletingService#2] INFO  interfaces.ContainerDeletionChoosingPolicyTemplate (ContainerDeletionChoosingPolicyTemplate.java:chooseContainerForBlockDeletion(83)) - Chosen 0/5000 blocks from 0 candidate containers.
2023-04-19 02:32:53,160 [BlockDeletingService#2] INFO  interfaces.ContainerDeletionChoosingPolicyTemplate (ContainerDeletionChoosingPolicyTemplate.java:chooseContainerForBlockDeletion(83)) - Chosen 0/5000 blocks from 0 candidate containers.
2023-04-19 02:32:53,160 [BlockDeletingService#5] INFO  interfaces.ContainerDeletionChoosingPolicyTemplate (ContainerDeletionChoosingPolicyTemplate.java:chooseContainerForBlockDeletion(83)) - Chosen 0/5000 blocks from 0 candidate containers.
2023-04-19 02:32:53,168 [SCMBlockDeletingService#0] DEBUG block.SCMBlockDeletingService (SCMBlockDeletingService.java:shouldRun(251)) - Check scm block delete run: true serviceStatus: RUNNING safemodeExitRunDelayMillis: 3000 alreadyWaitTimeInMillis: 3162
2023-04-19 02:32:53,168 [SCMBlockDeletingService#0] DEBUG block.SCMBlockDeletingService (SCMBlockDeletingService.java:call(154)) - Running DeletedBlockTransactionScanner
2023-04-19 02:32:53,260 [BlockDeletingService#2] INFO  interfaces.ContainerDeletionChoosingPolicyTemplate (ContainerDeletionChoosingPolicyTemplate.java:chooseContainerForBlockDeletion(83)) - Chosen 0/5000 blocks from 0 candidate containers.
2023-04-19 02:32:53,260 [BlockDeletingService#5] INFO  interfaces.ContainerDeletionChoosingPolicyTemplate (ContainerDeletionChoosingPolicyTemplate.java:chooseContainerForBlockDeletion(83)) - Chosen 0/5000 blocks from 0 candidate containers.
2023-04-19 02:32:53,260 [BlockDeletingService#2] INFO  interfaces.ContainerDeletionChoosingPolicyTemplate (ContainerDeletionChoosingPolicyTemplate.java:chooseContainerForBlockDeletion(83)) - Chosen 0/5000 blocks from 0 candidate containers.
2023-04-19 02:32:53,268 [SCMBlockDeletingService#0] DEBUG block.SCMBlockDeletingService (SCMBlockDeletingService.java:shouldRun(251)) - Check scm block delete run: true serviceStatus: RUNNING safemodeExitRunDelayMillis: 3000 alreadyWaitTimeInMillis: 3262
2023-04-19 02:32:53,268 [SCMBlockDeletingService#0] DEBUG block.SCMBlockDeletingService (SCMBlockDeletingService.java:call(154)) - Running DeletedBlockTransactionScanner
2023-04-19 02:32:53,360 [BlockDeletingService#2] INFO  interfaces.ContainerDeletionChoosingPolicyTemplate (ContainerDeletionChoosingPolicyTemplate.java:chooseContainerForBlockDeletion(83)) - Chosen 0/5000 blocks from 0 candidate containers.
2023-04-19 02:32:53,360 [BlockDeletingService#5] INFO  interfaces.ContainerDeletionChoosingPolicyTemplate (ContainerDeletionChoosingPolicyTemplate.java:chooseContainerForBlockDeletion(83)) - Chosen 0/5000 blocks from 0 candidate containers.
2023-04-19 02:32:53,360 [BlockDeletingService#2] INFO  interfaces.ContainerDeletionChoosingPolicyTemplate (ContainerDeletionChoosingPolicyTemplate.java:chooseContainerForBlockDeletion(83)) - Chosen 0/5000 blocks from 0 candidate containers.
2023-04-19 02:32:53,368 [SCMBlockDeletingService#0] DEBUG block.SCMBlockDeletingService (SCMBlockDeletingService.java:shouldRun(251)) - Check scm block delete run: true serviceStatus: RUNNING safemodeExitRunDelayMillis: 3000 alreadyWaitTimeInMillis: 3362
2023-04-19 02:32:53,369 [SCMBlockDeletingService#0] DEBUG block.SCMBlockDeletingService (SCMBlockDeletingService.java:call(154)) - Running DeletedBlockTransactionScanner
2023-04-19 02:32:53,460 [BlockDeletingService#2] INFO  interfaces.ContainerDeletionChoosingPolicyTemplate (ContainerDeletionChoosingPolicyTemplate.java:chooseContainerForBlockDeletion(83)) - Chosen 0/5000 blocks from 0 candidate containers.
2023-04-19 02:32:53,460 [BlockDeletingService#2] INFO  interfaces.ContainerDeletionChoosingPolicyTemplate (ContainerDeletionChoosingPolicyTemplate.java:chooseContainerForBlockDeletion(83)) - Chosen 0/5000 blocks from 0 candidate containers.
2023-04-19 02:32:53,460 [BlockDeletingService#5] INFO  interfaces.ContainerDeletionChoosingPolicyTemplate (ContainerDeletionChoosingPolicyTemplate.java:chooseContainerForBlockDeletion(83)) - Chosen 0/5000 blocks from 0 candidate containers.
2023-04-19 02:32:53,468 [SCMBlockDeletingService#0] DEBUG block.SCMBlockDeletingService (SCMBlockDeletingService.java:shouldRun(251)) - Check scm block delete run: true serviceStatus: RUNNING safemodeExitRunDelayMillis: 3000 alreadyWaitTimeInMillis: 3462
2023-04-19 02:32:53,469 [SCMBlockDeletingService#0] DEBUG block.SCMBlockDeletingService (SCMBlockDeletingService.java:call(154)) - Running DeletedBlockTransactionScanner
2023-04-19 02:32:53,561 [BlockDeletingService#2] INFO  interfaces.ContainerDeletionChoosingPolicyTemplate (ContainerDeletionChoosingPolicyTemplate.java:chooseContainerForBlockDeletion(83)) - Chosen 0/5000 blocks from 0 candidate containers.
2023-04-19 02:32:53,561 [BlockDeletingService#2] INFO  interfaces.ContainerDeletionChoosingPolicyTemplate (ContainerDeletionChoosingPolicyTemplate.java:chooseContainerForBlockDeletion(83)) - Chosen 0/5000 blocks from 0 candidate containers.
2023-04-19 02:32:53,561 [BlockDeletingService#5] INFO  interfaces.ContainerDeletionChoosingPolicyTemplate (ContainerDeletionChoosingPolicyTemplate.java:chooseContainerForBlockDeletion(83)) - Chosen 0/5000 blocks from 0 candidate containers.
2023-04-19 02:32:53,569 [SCMBlockDeletingService#0] DEBUG block.SCMBlockDeletingService (SCMBlockDeletingService.java:shouldRun(251)) - Check scm block delete run: true serviceStatus: RUNNING safemodeExitRunDelayMillis: 3000 alreadyWaitTimeInMillis: 3563
2023-04-19 02:32:53,569 [SCMBlockDeletingService#0] DEBUG block.SCMBlockDeletingService (SCMBlockDeletingService.java:call(154)) - Running DeletedBlockTransactionScanner
2023-04-19 02:32:53,661 [BlockDeletingService#2] INFO  interfaces.ContainerDeletionChoosingPolicyTemplate (ContainerDeletionChoosingPolicyTemplate.java:chooseContainerForBlockDeletion(83)) - Chosen 0/5000 blocks from 0 candidate containers.
2023-04-19 02:32:53,661 [BlockDeletingService#2] INFO  interfaces.ContainerDeletionChoosingPolicyTemplate (ContainerDeletionChoosingPolicyTemplate.java:chooseContainerForBlockDeletion(83)) - Chosen 0/5000 blocks from 0 candidate containers.
2023-04-19 02:32:53,661 [BlockDeletingService#5] INFO  interfaces.ContainerDeletionChoosingPolicyTemplate (ContainerDeletionChoosingPolicyTemplate.java:chooseContainerForBlockDeletion(83)) - Chosen 0/5000 blocks from 0 candidate containers.
2023-04-19 02:32:53,669 [SCMBlockDeletingService#0] DEBUG block.SCMBlockDeletingService (SCMBlockDeletingService.java:shouldRun(251)) - Check scm block delete run: true serviceStatus: RUNNING safemodeExitRunDelayMillis: 3000 alreadyWaitTimeInMillis: 3663
2023-04-19 02:32:53,669 [SCMBlockDeletingService#0] DEBUG block.SCMBlockDeletingService (SCMBlockDeletingService.java:call(154)) - Running DeletedBlockTransactionScanner
2023-04-19 02:32:53,761 [BlockDeletingService#2] INFO  interfaces.ContainerDeletionChoosingPolicyTemplate (ContainerDeletionChoosingPolicyTemplate.java:chooseContainerForBlockDeletion(83)) - Chosen 0/5000 blocks from 0 candidate containers.
2023-04-19 02:32:53,761 [BlockDeletingService#2] INFO  interfaces.ContainerDeletionChoosingPolicyTemplate (ContainerDeletionChoosingPolicyTemplate.java:chooseContainerForBlockDeletion(83)) - Chosen 0/5000 blocks from 0 candidate containers.
2023-04-19 02:32:53,761 [BlockDeletingService#5] INFO  interfaces.ContainerDeletionChoosingPolicyTemplate (ContainerDeletionChoosingPolicyTemplate.java:chooseContainerForBlockDeletion(83)) - Chosen 0/5000 blocks from 0 candidate containers.
2023-04-19 02:32:53,769 [SCMBlockDeletingService#0] DEBUG block.SCMBlockDeletingService (SCMBlockDeletingService.java:shouldRun(251)) - Check scm block delete run: true serviceStatus: RUNNING safemodeExitRunDelayMillis: 3000 alreadyWaitTimeInMillis: 3763
2023-04-19 02:32:53,769 [SCMBlockDeletingService#0] DEBUG block.SCMBlockDeletingService (SCMBlockDeletingService.java:call(154)) - Running DeletedBlockTransactionScanner
2023-04-19 02:32:53,861 [BlockDeletingService#2] INFO  interfaces.ContainerDeletionChoosingPolicyTemplate (ContainerDeletionChoosingPolicyTemplate.java:chooseContainerForBlockDeletion(83)) - Chosen 0/5000 blocks from 0 candidate containers.
2023-04-19 02:32:53,861 [BlockDeletingService#2] INFO  interfaces.ContainerDeletionChoosingPolicyTemplate (ContainerDeletionChoosingPolicyTemplate.java:chooseContainerForBlockDeletion(83)) - Chosen 0/5000 blocks from 0 candidate containers.
2023-04-19 02:32:53,862 [BlockDeletingService#5] INFO  interfaces.ContainerDeletionChoosingPolicyTemplate (ContainerDeletionChoosingPolicyTemplate.java:chooseContainerForBlockDeletion(83)) - Chosen 0/5000 blocks from 0 candidate containers.
2023-04-19 02:32:53,869 [SCMBlockDeletingService#0] DEBUG block.SCMBlockDeletingService (SCMBlockDeletingService.java:shouldRun(251)) - Check scm block delete run: true serviceStatus: RUNNING safemodeExitRunDelayMillis: 3000 alreadyWaitTimeInMillis: 3863
2023-04-19 02:32:53,869 [SCMBlockDeletingService#0] DEBUG block.SCMBlockDeletingService (SCMBlockDeletingService.java:call(154)) - Running DeletedBlockTransactionScanner
2023-04-19 02:32:53,961 [BlockDeletingService#2] INFO  interfaces.ContainerDeletionChoosingPolicyTemplate (ContainerDeletionChoosingPolicyTemplate.java:chooseContainerForBlockDeletion(83)) - Chosen 0/5000 blocks from 0 candidate containers.
2023-04-19 02:32:53,962 [BlockDeletingService#5] INFO  interfaces.ContainerDeletionChoosingPolicyTemplate (ContainerDeletionChoosingPolicyTemplate.java:chooseContainerForBlockDeletion(83)) - Chosen 0/5000 blocks from 0 candidate containers.
2023-04-19 02:32:53,962 [BlockDeletingService#2] INFO  interfaces.ContainerDeletionChoosingPolicyTemplate (ContainerDeletionChoosingPolicyTemplate.java:chooseContainerForBlockDeletion(83)) - Chosen 0/5000 blocks from 0 candidate containers.
2023-04-19 02:32:53,969 [SCMBlockDeletingService#0] DEBUG block.SCMBlockDeletingService (SCMBlockDeletingService.java:shouldRun(251)) - Check scm block delete run: true serviceStatus: RUNNING safemodeExitRunDelayMillis: 3000 alreadyWaitTimeInMillis: 3963
2023-04-19 02:32:53,969 [SCMBlockDeletingService#0] DEBUG block.SCMBlockDeletingService (SCMBlockDeletingService.java:call(154)) - Running DeletedBlockTransactionScanner
2023-04-19 02:32:54,062 [BlockDeletingService#2] INFO  interfaces.ContainerDeletionChoosingPolicyTemplate (ContainerDeletionChoosingPolicyTemplate.java:chooseContainerForBlockDeletion(83)) - Chosen 0/5000 blocks from 0 candidate containers.
2023-04-19 02:32:54,062 [BlockDeletingService#2] INFO  interfaces.ContainerDeletionChoosingPolicyTemplate (ContainerDeletionChoosingPolicyTemplate.java:chooseContainerForBlockDeletion(83)) - Chosen 0/5000 blocks from 0 candidate containers.
2023-04-19 02:32:54,062 [BlockDeletingService#5] INFO  interfaces.ContainerDeletionChoosingPolicyTemplate (ContainerDeletionChoosingPolicyTemplate.java:chooseContainerForBlockDeletion(83)) - Chosen 0/5000 blocks from 0 candidate containers.
2023-04-19 02:32:54,069 [SCMBlockDeletingService#0] DEBUG block.SCMBlockDeletingService (SCMBlockDeletingService.java:shouldRun(251)) - Check scm block delete run: true serviceStatus: RUNNING safemodeExitRunDelayMillis: 3000 alreadyWaitTimeInMillis: 4063
2023-04-19 02:32:54,069 [SCMBlockDeletingService#0] DEBUG block.SCMBlockDeletingService (SCMBlockDeletingService.java:call(154)) - Running DeletedBlockTransactionScanner
2023-04-19 02:32:54,162 [BlockDeletingService#2] INFO  interfaces.ContainerDeletionChoosingPolicyTemplate (ContainerDeletionChoosingPolicyTemplate.java:chooseContainerForBlockDeletion(83)) - Chosen 0/5000 blocks from 0 candidate containers.
2023-04-19 02:32:54,162 [BlockDeletingService#2] INFO  interfaces.ContainerDeletionChoosingPolicyTemplate (ContainerDeletionChoosingPolicyTemplate.java:chooseContainerForBlockDeletion(83)) - Chosen 0/5000 blocks from 0 candidate containers.
2023-04-19 02:32:54,162 [BlockDeletingService#5] INFO  interfaces.ContainerDeletionChoosingPolicyTemplate (ContainerDeletionChoosingPolicyTemplate.java:chooseContainerForBlockDeletion(83)) - Chosen 0/5000 blocks from 0 candidate containers.
2023-04-19 02:32:54,169 [SCMBlockDeletingService#0] DEBUG block.SCMBlockDeletingService (SCMBlockDeletingService.java:shouldRun(251)) - Check scm block delete run: true serviceStatus: RUNNING safemodeExitRunDelayMillis: 3000 alreadyWaitTimeInMillis: 4163
2023-04-19 02:32:54,169 [SCMBlockDeletingService#0] DEBUG block.SCMBlockDeletingService (SCMBlockDeletingService.java:call(154)) - Running DeletedBlockTransactionScanner
2023-04-19 02:32:54,262 [BlockDeletingService#2] INFO  interfaces.ContainerDeletionChoosingPolicyTemplate (ContainerDeletionChoosingPolicyTemplate.java:chooseContainerForBlockDeletion(83)) - Chosen 0/5000 blocks from 0 candidate containers.
2023-04-19 02:32:54,262 [BlockDeletingService#2] INFO  interfaces.ContainerDeletionChoosingPolicyTemplate (ContainerDeletionChoosingPolicyTemplate.java:chooseContainerForBlockDeletion(83)) - Chosen 0/5000 blocks from 0 candidate containers.
2023-04-19 02:32:54,262 [BlockDeletingService#5] INFO  interfaces.ContainerDeletionChoosingPolicyTemplate (ContainerDeletionChoosingPolicyTemplate.java:chooseContainerForBlockDeletion(83)) - Chosen 0/5000 blocks from 0 candidate containers.
2023-04-19 02:32:54,269 [SCMBlockDeletingService#0] DEBUG block.SCMBlockDeletingService (SCMBlockDeletingService.java:shouldRun(251)) - Check scm block delete run: true serviceStatus: RUNNING safemodeExitRunDelayMillis: 3000 alreadyWaitTimeInMillis: 4263
2023-04-19 02:32:54,269 [SCMBlockDeletingService#0] DEBUG block.SCMBlockDeletingService (SCMBlockDeletingService.java:call(154)) - Running DeletedBlockTransactionScanner
2023-04-19 02:32:54,362 [BlockDeletingService#2] INFO  interfaces.ContainerDeletionChoosingPolicyTemplate (ContainerDeletionChoosingPolicyTemplate.java:chooseContainerForBlockDeletion(83)) - Chosen 0/5000 blocks from 0 candidate containers.
2023-04-19 02:32:54,363 [BlockDeletingService#2] INFO  interfaces.ContainerDeletionChoosingPolicyTemplate (ContainerDeletionChoosingPolicyTemplate.java:chooseContainerForBlockDeletion(83)) - Chosen 0/5000 blocks from 0 candidate containers.
2023-04-19 02:32:54,363 [BlockDeletingService#5] INFO  interfaces.ContainerDeletionChoosingPolicyTemplate (ContainerDeletionChoosingPolicyTemplate.java:chooseContainerForBlockDeletion(83)) - Chosen 0/5000 blocks from 0 candidate containers.
2023-04-19 02:32:54,369 [SCMBlockDeletingService#0] DEBUG block.SCMBlockDeletingService (SCMBlockDeletingService.java:shouldRun(251)) - Check scm block delete run: true serviceStatus: RUNNING safemodeExitRunDelayMillis: 3000 alreadyWaitTimeInMillis: 4363
2023-04-19 02:32:54,369 [SCMBlockDeletingService#0] DEBUG block.SCMBlockDeletingService (SCMBlockDeletingService.java:call(154)) - Running DeletedBlockTransactionScanner
2023-04-19 02:32:54,463 [BlockDeletingService#2] INFO  interfaces.ContainerDeletionChoosingPolicyTemplate (ContainerDeletionChoosingPolicyTemplate.java:chooseContainerForBlockDeletion(83)) - Chosen 0/5000 blocks from 0 candidate containers.
2023-04-19 02:32:54,463 [BlockDeletingService#2] INFO  interfaces.ContainerDeletionChoosingPolicyTemplate (ContainerDeletionChoosingPolicyTemplate.java:chooseContainerForBlockDeletion(83)) - Chosen 0/5000 blocks from 0 candidate containers.
2023-04-19 02:32:54,463 [BlockDeletingService#5] INFO  interfaces.ContainerDeletionChoosingPolicyTemplate (ContainerDeletionChoosingPolicyTemplate.java:chooseContainerForBlockDeletion(83)) - Chosen 0/5000 blocks from 0 candidate containers.
2023-04-19 02:32:54,469 [SCMBlockDeletingService#0] DEBUG block.SCMBlockDeletingService (SCMBlockDeletingService.java:shouldRun(251)) - Check scm block delete run: true serviceStatus: RUNNING safemodeExitRunDelayMillis: 3000 alreadyWaitTimeInMillis: 4463
2023-04-19 02:32:54,469 [SCMBlockDeletingService#0] DEBUG block.SCMBlockDeletingService (SCMBlockDeletingService.java:call(154)) - Running DeletedBlockTransactionScanner
2023-04-19 02:32:54,563 [BlockDeletingService#2] INFO  interfaces.ContainerDeletionChoosingPolicyTemplate (ContainerDeletionChoosingPolicyTemplate.java:chooseContainerForBlockDeletion(83)) - Chosen 0/5000 blocks from 0 candidate containers.
2023-04-19 02:32:54,563 [BlockDeletingService#2] INFO  interfaces.ContainerDeletionChoosingPolicyTemplate (ContainerDeletionChoosingPolicyTemplate.java:chooseContainerForBlockDeletion(83)) - Chosen 0/5000 blocks from 0 candidate containers.
2023-04-19 02:32:54,563 [BlockDeletingService#5] INFO  interfaces.ContainerDeletionChoosingPolicyTemplate (ContainerDeletionChoosingPolicyTemplate.java:chooseContainerForBlockDeletion(83)) - Chosen 0/5000 blocks from 0 candidate containers.
2023-04-19 02:32:54,569 [SCMBlockDeletingService#0] DEBUG block.SCMBlockDeletingService (SCMBlockDeletingService.java:shouldRun(251)) - Check scm block delete run: true serviceStatus: RUNNING safemodeExitRunDelayMillis: 3000 alreadyWaitTimeInMillis: 4563
2023-04-19 02:32:54,569 [SCMBlockDeletingService#0] DEBUG block.SCMBlockDeletingService (SCMBlockDeletingService.java:call(154)) - Running DeletedBlockTransactionScanner
2023-04-19 02:32:54,663 [BlockDeletingService#2] INFO  interfaces.ContainerDeletionChoosingPolicyTemplate (ContainerDeletionChoosingPolicyTemplate.java:chooseContainerForBlockDeletion(83)) - Chosen 0/5000 blocks from 0 candidate containers.
2023-04-19 02:32:54,663 [BlockDeletingService#5] INFO  interfaces.ContainerDeletionChoosingPolicyTemplate (ContainerDeletionChoosingPolicyTemplate.java:chooseContainerForBlockDeletion(83)) - Chosen 0/5000 blocks from 0 candidate containers.
2023-04-19 02:32:54,663 [BlockDeletingService#2] INFO  interfaces.ContainerDeletionChoosingPolicyTemplate (ContainerDeletionChoosingPolicyTemplate.java:chooseContainerForBlockDeletion(83)) - Chosen 0/5000 blocks from 0 candidate containers.
2023-04-19 02:32:54,670 [SCMBlockDeletingService#0] DEBUG block.SCMBlockDeletingService (SCMBlockDeletingService.java:shouldRun(251)) - Check scm block delete run: true serviceStatus: RUNNING safemodeExitRunDelayMillis: 3000 alreadyWaitTimeInMillis: 4663
2023-04-19 02:32:54,670 [SCMBlockDeletingService#0] DEBUG block.SCMBlockDeletingService (SCMBlockDeletingService.java:call(154)) - Running DeletedBlockTransactionScanner
2023-04-19 02:32:54,763 [BlockDeletingService#2] INFO  interfaces.ContainerDeletionChoosingPolicyTemplate (ContainerDeletionChoosingPolicyTemplate.java:chooseContainerForBlockDeletion(83)) - Chosen 0/5000 blocks from 0 candidate containers.
2023-04-19 02:32:54,764 [BlockDeletingService#2] INFO  interfaces.ContainerDeletionChoosingPolicyTemplate (ContainerDeletionChoosingPolicyTemplate.java:chooseContainerForBlockDeletion(83)) - Chosen 0/5000 blocks from 0 candidate containers.
2023-04-19 02:32:54,764 [BlockDeletingService#5] INFO  interfaces.ContainerDeletionChoosingPolicyTemplate (ContainerDeletionChoosingPolicyTemplate.java:chooseContainerForBlockDeletion(83)) - Chosen 0/5000 blocks from 0 candidate containers.
2023-04-19 02:32:54,770 [SCMBlockDeletingService#0] DEBUG block.SCMBlockDeletingService (SCMBlockDeletingService.java:shouldRun(251)) - Check scm block delete run: true serviceStatus: RUNNING safemodeExitRunDelayMillis: 3000 alreadyWaitTimeInMillis: 4764
2023-04-19 02:32:54,770 [SCMBlockDeletingService#0] DEBUG block.SCMBlockDeletingService (SCMBlockDeletingService.java:call(154)) - Running DeletedBlockTransactionScanner
2023-04-19 02:32:54,864 [BlockDeletingService#2] INFO  interfaces.ContainerDeletionChoosingPolicyTemplate (ContainerDeletionChoosingPolicyTemplate.java:chooseContainerForBlockDeletion(83)) - Chosen 0/5000 blocks from 0 candidate containers.
2023-04-19 02:32:54,864 [BlockDeletingService#5] INFO  interfaces.ContainerDeletionChoosingPolicyTemplate (ContainerDeletionChoosingPolicyTemplate.java:chooseContainerForBlockDeletion(83)) - Chosen 0/5000 blocks from 0 candidate containers.
2023-04-19 02:32:54,864 [BlockDeletingService#2] INFO  interfaces.ContainerDeletionChoosingPolicyTemplate (ContainerDeletionChoosingPolicyTemplate.java:chooseContainerForBlockDeletion(83)) - Chosen 0/5000 blocks from 0 candidate containers.
2023-04-19 02:32:54,870 [SCMBlockDeletingService#0] DEBUG block.SCMBlockDeletingService (SCMBlockDeletingService.java:shouldRun(251)) - Check scm block delete run: true serviceStatus: RUNNING safemodeExitRunDelayMillis: 3000 alreadyWaitTimeInMillis: 4864
2023-04-19 02:32:54,870 [SCMBlockDeletingService#0] DEBUG block.SCMBlockDeletingService (SCMBlockDeletingService.java:call(154)) - Running DeletedBlockTransactionScanner
2023-04-19 02:32:54,964 [BlockDeletingService#2] INFO  interfaces.ContainerDeletionChoosingPolicyTemplate (ContainerDeletionChoosingPolicyTemplate.java:chooseContainerForBlockDeletion(83)) - Chosen 0/5000 blocks from 0 candidate containers.
2023-04-19 02:32:54,964 [BlockDeletingService#5] INFO  interfaces.ContainerDeletionChoosingPolicyTemplate (ContainerDeletionChoosingPolicyTemplate.java:chooseContainerForBlockDeletion(83)) - Chosen 0/5000 blocks from 0 candidate containers.
2023-04-19 02:32:54,964 [BlockDeletingService#2] INFO  interfaces.ContainerDeletionChoosingPolicyTemplate (ContainerDeletionChoosingPolicyTemplate.java:chooseContainerForBlockDeletion(83)) - Chosen 0/5000 blocks from 0 candidate containers.
2023-04-19 02:32:54,970 [SCMBlockDeletingService#0] DEBUG block.SCMBlockDeletingService (SCMBlockDeletingService.java:shouldRun(251)) - Check scm block delete run: true serviceStatus: RUNNING safemodeExitRunDelayMillis: 3000 alreadyWaitTimeInMillis: 4964
2023-04-19 02:32:54,970 [SCMBlockDeletingService#0] DEBUG block.SCMBlockDeletingService (SCMBlockDeletingService.java:call(154)) - Running DeletedBlockTransactionScanner
2023-04-19 02:32:55,064 [BlockDeletingService#2] INFO  interfaces.ContainerDeletionChoosingPolicyTemplate (ContainerDeletionChoosingPolicyTemplate.java:chooseContainerForBlockDeletion(83)) - Chosen 0/5000 blocks from 0 candidate containers.
2023-04-19 02:32:55,064 [BlockDeletingService#5] INFO  interfaces.ContainerDeletionChoosingPolicyTemplate (ContainerDeletionChoosingPolicyTemplate.java:chooseContainerForBlockDeletion(83)) - Chosen 0/5000 blocks from 0 candidate containers.
2023-04-19 02:32:55,065 [BlockDeletingService#2] INFO  interfaces.ContainerDeletionChoosingPolicyTemplate (ContainerDeletionChoosingPolicyTemplate.java:chooseContainerForBlockDeletion(83)) - Chosen 0/5000 blocks from 0 candidate containers.
2023-04-19 02:32:55,070 [SCMBlockDeletingService#0] DEBUG block.SCMBlockDeletingService (SCMBlockDeletingService.java:shouldRun(251)) - Check scm block delete run: true serviceStatus: RUNNING safemodeExitRunDelayMillis: 3000 alreadyWaitTimeInMillis: 5064
2023-04-19 02:32:55,070 [SCMBlockDeletingService#0] DEBUG block.SCMBlockDeletingService (SCMBlockDeletingService.java:call(154)) - Running DeletedBlockTransactionScanner
2023-04-19 02:32:55,165 [BlockDeletingService#2] INFO  interfaces.ContainerDeletionChoosingPolicyTemplate (ContainerDeletionChoosingPolicyTemplate.java:chooseContainerForBlockDeletion(83)) - Chosen 0/5000 blocks from 0 candidate containers.
2023-04-19 02:32:55,165 [BlockDeletingService#2] INFO  interfaces.ContainerDeletionChoosingPolicyTemplate (ContainerDeletionChoosingPolicyTemplate.java:chooseContainerForBlockDeletion(83)) - Chosen 0/5000 blocks from 0 candidate containers.
2023-04-19 02:32:55,165 [BlockDeletingService#5] INFO  interfaces.ContainerDeletionChoosingPolicyTemplate (ContainerDeletionChoosingPolicyTemplate.java:chooseContainerForBlockDeletion(83)) - Chosen 0/5000 blocks from 0 candidate containers.
2023-04-19 02:32:55,170 [SCMBlockDeletingService#0] DEBUG block.SCMBlockDeletingService (SCMBlockDeletingService.java:shouldRun(251)) - Check scm block delete run: true serviceStatus: RUNNING safemodeExitRunDelayMillis: 3000 alreadyWaitTimeInMillis: 5164
2023-04-19 02:32:55,170 [SCMBlockDeletingService#0] DEBUG block.SCMBlockDeletingService (SCMBlockDeletingService.java:call(154)) - Running DeletedBlockTransactionScanner
2023-04-19 02:32:55,265 [BlockDeletingService#2] INFO  interfaces.ContainerDeletionChoosingPolicyTemplate (ContainerDeletionChoosingPolicyTemplate.java:chooseContainerForBlockDeletion(83)) - Chosen 0/5000 blocks from 0 candidate containers.
2023-04-19 02:32:55,265 [BlockDeletingService#2] INFO  interfaces.ContainerDeletionChoosingPolicyTemplate (ContainerDeletionChoosingPolicyTemplate.java:chooseContainerForBlockDeletion(83)) - Chosen 0/5000 blocks from 0 candidate containers.
2023-04-19 02:32:55,265 [BlockDeletingService#5] INFO  interfaces.ContainerDeletionChoosingPolicyTemplate (ContainerDeletionChoosingPolicyTemplate.java:chooseContainerForBlockDeletion(83)) - Chosen 0/5000 blocks from 0 candidate containers.
2023-04-19 02:32:55,270 [SCMBlockDeletingService#0] DEBUG block.SCMBlockDeletingService (SCMBlockDeletingService.java:shouldRun(251)) - Check scm block delete run: true serviceStatus: RUNNING safemodeExitRunDelayMillis: 3000 alreadyWaitTimeInMillis: 5264
2023-04-19 02:32:55,270 [SCMBlockDeletingService#0] DEBUG block.SCMBlockDeletingService (SCMBlockDeletingService.java:call(154)) - Running DeletedBlockTransactionScanner
2023-04-19 02:32:55,365 [BlockDeletingService#2] INFO  interfaces.ContainerDeletionChoosingPolicyTemplate (ContainerDeletionChoosingPolicyTemplate.java:chooseContainerForBlockDeletion(83)) - Chosen 0/5000 blocks from 0 candidate containers.
2023-04-19 02:32:55,365 [BlockDeletingService#2] INFO  interfaces.ContainerDeletionChoosingPolicyTemplate (ContainerDeletionChoosingPolicyTemplate.java:chooseContainerForBlockDeletion(83)) - Chosen 0/5000 blocks from 0 candidate containers.
2023-04-19 02:32:55,365 [BlockDeletingService#5] INFO  interfaces.ContainerDeletionChoosingPolicyTemplate (ContainerDeletionChoosingPolicyTemplate.java:chooseContainerForBlockDeletion(83)) - Chosen 0/5000 blocks from 0 candidate containers.
2023-04-19 02:32:55,370 [SCMBlockDeletingService#0] DEBUG block.SCMBlockDeletingService (SCMBlockDeletingService.java:shouldRun(251)) - Check scm block delete run: true serviceStatus: RUNNING safemodeExitRunDelayMillis: 3000 alreadyWaitTimeInMillis: 5364
2023-04-19 02:32:55,370 [SCMBlockDeletingService#0] DEBUG block.SCMBlockDeletingService (SCMBlockDeletingService.java:call(154)) - Running DeletedBlockTransactionScanner
2023-04-19 02:32:55,465 [BlockDeletingService#2] INFO  interfaces.ContainerDeletionChoosingPolicyTemplate (ContainerDeletionChoosingPolicyTemplate.java:chooseContainerForBlockDeletion(83)) - Chosen 0/5000 blocks from 0 candidate containers.
2023-04-19 02:32:55,466 [BlockDeletingService#5] INFO  interfaces.ContainerDeletionChoosingPolicyTemplate (ContainerDeletionChoosingPolicyTemplate.java:chooseContainerForBlockDeletion(83)) - Chosen 0/5000 blocks from 0 candidate containers.
2023-04-19 02:32:55,466 [BlockDeletingService#2] INFO  interfaces.ContainerDeletionChoosingPolicyTemplate (ContainerDeletionChoosingPolicyTemplate.java:chooseContainerForBlockDeletion(83)) - Chosen 0/5000 blocks from 0 candidate containers.
2023-04-19 02:32:55,470 [SCMBlockDeletingService#0] DEBUG block.SCMBlockDeletingService (SCMBlockDeletingService.java:shouldRun(251)) - Check scm block delete run: true serviceStatus: RUNNING safemodeExitRunDelayMillis: 3000 alreadyWaitTimeInMillis: 5464
2023-04-19 02:32:55,470 [SCMBlockDeletingService#0] DEBUG block.SCMBlockDeletingService (SCMBlockDeletingService.java:call(154)) - Running DeletedBlockTransactionScanner
2023-04-19 02:32:55,566 [BlockDeletingService#2] INFO  interfaces.ContainerDeletionChoosingPolicyTemplate (ContainerDeletionChoosingPolicyTemplate.java:chooseContainerForBlockDeletion(83)) - Chosen 0/5000 blocks from 0 candidate containers.
2023-04-19 02:32:55,566 [BlockDeletingService#5] INFO  interfaces.ContainerDeletionChoosingPolicyTemplate (ContainerDeletionChoosingPolicyTemplate.java:chooseContainerForBlockDeletion(83)) - Chosen 0/5000 blocks from 0 candidate containers.
2023-04-19 02:32:55,566 [BlockDeletingService#2] INFO  interfaces.ContainerDeletionChoosingPolicyTemplate (ContainerDeletionChoosingPolicyTemplate.java:chooseContainerForBlockDeletion(83)) - Chosen 0/5000 blocks from 0 candidate containers.
2023-04-19 02:32:55,570 [SCMBlockDeletingService#0] DEBUG block.SCMBlockDeletingService (SCMBlockDeletingService.java:shouldRun(251)) - Check scm block delete run: true serviceStatus: RUNNING safemodeExitRunDelayMillis: 3000 alreadyWaitTimeInMillis: 5564
2023-04-19 02:32:55,570 [SCMBlockDeletingService#0] DEBUG block.SCMBlockDeletingService (SCMBlockDeletingService.java:call(154)) - Running DeletedBlockTransactionScanner
2023-04-19 02:32:55,666 [BlockDeletingService#2] INFO  interfaces.ContainerDeletionChoosingPolicyTemplate (ContainerDeletionChoosingPolicyTemplate.java:chooseContainerForBlockDeletion(83)) - Chosen 0/5000 blocks from 0 candidate containers.
2023-04-19 02:32:55,666 [BlockDeletingService#2] INFO  interfaces.ContainerDeletionChoosingPolicyTemplate (ContainerDeletionChoosingPolicyTemplate.java:chooseContainerForBlockDeletion(83)) - Chosen 0/5000 blocks from 0 candidate containers.
2023-04-19 02:32:55,666 [BlockDeletingService#5] INFO  interfaces.ContainerDeletionChoosingPolicyTemplate (ContainerDeletionChoosingPolicyTemplate.java:chooseContainerForBlockDeletion(83)) - Chosen 0/5000 blocks from 0 candidate containers.
2023-04-19 02:32:55,670 [SCMBlockDeletingService#0] DEBUG block.SCMBlockDeletingService (SCMBlockDeletingService.java:shouldRun(251)) - Check scm block delete run: true serviceStatus: RUNNING safemodeExitRunDelayMillis: 3000 alreadyWaitTimeInMillis: 5664
2023-04-19 02:32:55,670 [SCMBlockDeletingService#0] DEBUG block.SCMBlockDeletingService (SCMBlockDeletingService.java:call(154)) - Running DeletedBlockTransactionScanner
2023-04-19 02:32:55,766 [BlockDeletingService#2] INFO  interfaces.ContainerDeletionChoosingPolicyTemplate (ContainerDeletionChoosingPolicyTemplate.java:chooseContainerForBlockDeletion(83)) - Chosen 0/5000 blocks from 0 candidate containers.
2023-04-19 02:32:55,767 [BlockDeletingService#2] INFO  interfaces.ContainerDeletionChoosingPolicyTemplate (ContainerDeletionChoosingPolicyTemplate.java:chooseContainerForBlockDeletion(83)) - Chosen 0/5000 blocks from 0 candidate containers.
2023-04-19 02:32:55,767 [BlockDeletingService#5] INFO  interfaces.ContainerDeletionChoosingPolicyTemplate (ContainerDeletionChoosingPolicyTemplate.java:chooseContainerForBlockDeletion(83)) - Chosen 0/5000 blocks from 0 candidate containers.
2023-04-19 02:32:55,770 [SCMBlockDeletingService#0] DEBUG block.SCMBlockDeletingService (SCMBlockDeletingService.java:shouldRun(251)) - Check scm block delete run: true serviceStatus: RUNNING safemodeExitRunDelayMillis: 3000 alreadyWaitTimeInMillis: 5764
2023-04-19 02:32:55,771 [SCMBlockDeletingService#0] DEBUG block.SCMBlockDeletingService (SCMBlockDeletingService.java:call(154)) - Running DeletedBlockTransactionScanner
2023-04-19 02:32:55,867 [BlockDeletingService#2] INFO  interfaces.ContainerDeletionChoosingPolicyTemplate (ContainerDeletionChoosingPolicyTemplate.java:chooseContainerForBlockDeletion(83)) - Chosen 0/5000 blocks from 0 candidate containers.
2023-04-19 02:32:55,867 [BlockDeletingService#2] INFO  interfaces.ContainerDeletionChoosingPolicyTemplate (ContainerDeletionChoosingPolicyTemplate.java:chooseContainerForBlockDeletion(83)) - Chosen 0/5000 blocks from 0 candidate containers.
2023-04-19 02:32:55,867 [BlockDeletingService#5] INFO  interfaces.ContainerDeletionChoosingPolicyTemplate (ContainerDeletionChoosingPolicyTemplate.java:chooseContainerForBlockDeletion(83)) - Chosen 0/5000 blocks from 0 candidate containers.
2023-04-19 02:32:55,870 [SCMBlockDeletingService#0] DEBUG block.SCMBlockDeletingService (SCMBlockDeletingService.java:shouldRun(251)) - Check scm block delete run: true serviceStatus: RUNNING safemodeExitRunDelayMillis: 3000 alreadyWaitTimeInMillis: 5864
2023-04-19 02:32:55,871 [SCMBlockDeletingService#0] DEBUG block.SCMBlockDeletingService (SCMBlockDeletingService.java:call(154)) - Running DeletedBlockTransactionScanner
2023-04-19 02:32:55,967 [BlockDeletingService#2] INFO  interfaces.ContainerDeletionChoosingPolicyTemplate (ContainerDeletionChoosingPolicyTemplate.java:chooseContainerForBlockDeletion(83)) - Chosen 0/5000 blocks from 0 candidate containers.
2023-04-19 02:32:55,967 [BlockDeletingService#5] INFO  interfaces.ContainerDeletionChoosingPolicyTemplate (ContainerDeletionChoosingPolicyTemplate.java:chooseContainerForBlockDeletion(83)) - Chosen 0/5000 blocks from 0 candidate containers.
2023-04-19 02:32:55,967 [BlockDeletingService#2] INFO  interfaces.ContainerDeletionChoosingPolicyTemplate (ContainerDeletionChoosingPolicyTemplate.java:chooseContainerForBlockDeletion(83)) - Chosen 0/5000 blocks from 0 candidate containers.
2023-04-19 02:32:55,971 [SCMBlockDeletingService#0] DEBUG block.SCMBlockDeletingService (SCMBlockDeletingService.java:shouldRun(251)) - Check scm block delete run: true serviceStatus: RUNNING safemodeExitRunDelayMillis: 3000 alreadyWaitTimeInMillis: 5965
2023-04-19 02:32:55,971 [SCMBlockDeletingService#0] DEBUG block.SCMBlockDeletingService (SCMBlockDeletingService.java:call(154)) - Running DeletedBlockTransactionScanner
2023-04-19 02:32:56,067 [BlockDeletingService#2] INFO  interfaces.ContainerDeletionChoosingPolicyTemplate (ContainerDeletionChoosingPolicyTemplate.java:chooseContainerForBlockDeletion(83)) - Chosen 0/5000 blocks from 0 candidate containers.
2023-04-19 02:32:56,067 [BlockDeletingService#5] INFO  interfaces.ContainerDeletionChoosingPolicyTemplate (ContainerDeletionChoosingPolicyTemplate.java:chooseContainerForBlockDeletion(83)) - Chosen 0/5000 blocks from 0 candidate containers.
2023-04-19 02:32:56,068 [BlockDeletingService#2] INFO  interfaces.ContainerDeletionChoosingPolicyTemplate (ContainerDeletionChoosingPolicyTemplate.java:chooseContainerForBlockDeletion(83)) - Chosen 0/5000 blocks from 0 candidate containers.
2023-04-19 02:32:56,071 [SCMBlockDeletingService#0] DEBUG block.SCMBlockDeletingService (SCMBlockDeletingService.java:shouldRun(251)) - Check scm block delete run: true serviceStatus: RUNNING safemodeExitRunDelayMillis: 3000 alreadyWaitTimeInMillis: 6065
2023-04-19 02:32:56,071 [SCMBlockDeletingService#0] DEBUG block.SCMBlockDeletingService (SCMBlockDeletingService.java:call(154)) - Running DeletedBlockTransactionScanner
2023-04-19 02:32:56,168 [BlockDeletingService#2] INFO  interfaces.ContainerDeletionChoosingPolicyTemplate (ContainerDeletionChoosingPolicyTemplate.java:chooseContainerForBlockDeletion(83)) - Chosen 0/5000 blocks from 0 candidate containers.
2023-04-19 02:32:56,168 [BlockDeletingService#5] INFO  interfaces.ContainerDeletionChoosingPolicyTemplate (ContainerDeletionChoosingPolicyTemplate.java:chooseContainerForBlockDeletion(83)) - Chosen 0/5000 blocks from 0 candidate containers.
2023-04-19 02:32:56,168 [BlockDeletingService#2] INFO  interfaces.ContainerDeletionChoosingPolicyTemplate (ContainerDeletionChoosingPolicyTemplate.java:chooseContainerForBlockDeletion(83)) - Chosen 0/5000 blocks from 0 candidate containers.
2023-04-19 02:32:56,171 [SCMBlockDeletingService#0] DEBUG block.SCMBlockDeletingService (SCMBlockDeletingService.java:shouldRun(251)) - Check scm block delete run: true serviceStatus: RUNNING safemodeExitRunDelayMillis: 3000 alreadyWaitTimeInMillis: 6165
2023-04-19 02:32:56,171 [SCMBlockDeletingService#0] DEBUG block.SCMBlockDeletingService (SCMBlockDeletingService.java:call(154)) - Running DeletedBlockTransactionScanner
2023-04-19 02:32:56,268 [BlockDeletingService#2] INFO  interfaces.ContainerDeletionChoosingPolicyTemplate (ContainerDeletionChoosingPolicyTemplate.java:chooseContainerForBlockDeletion(83)) - Chosen 0/5000 blocks from 0 candidate containers.
2023-04-19 02:32:56,268 [BlockDeletingService#5] INFO  interfaces.ContainerDeletionChoosingPolicyTemplate (ContainerDeletionChoosingPolicyTemplate.java:chooseContainerForBlockDeletion(83)) - Chosen 0/5000 blocks from 0 candidate containers.
2023-04-19 02:32:56,268 [BlockDeletingService#2] INFO  interfaces.ContainerDeletionChoosingPolicyTemplate (ContainerDeletionChoosingPolicyTemplate.java:chooseContainerForBlockDeletion(83)) - Chosen 0/5000 blocks from 0 candidate containers.
2023-04-19 02:32:56,271 [SCMBlockDeletingService#0] DEBUG block.SCMBlockDeletingService (SCMBlockDeletingService.java:shouldRun(251)) - Check scm block delete run: true serviceStatus: RUNNING safemodeExitRunDelayMillis: 3000 alreadyWaitTimeInMillis: 6265
2023-04-19 02:32:56,271 [SCMBlockDeletingService#0] DEBUG block.SCMBlockDeletingService (SCMBlockDeletingService.java:call(154)) - Running DeletedBlockTransactionScanner
2023-04-19 02:32:56,368 [BlockDeletingService#2] INFO  interfaces.ContainerDeletionChoosingPolicyTemplate (ContainerDeletionChoosingPolicyTemplate.java:chooseContainerForBlockDeletion(83)) - Chosen 0/5000 blocks from 0 candidate containers.
2023-04-19 02:32:56,368 [BlockDeletingService#5] INFO  interfaces.ContainerDeletionChoosingPolicyTemplate (ContainerDeletionChoosingPolicyTemplate.java:chooseContainerForBlockDeletion(83)) - Chosen 0/5000 blocks from 0 candidate containers.
2023-04-19 02:32:56,369 [BlockDeletingService#2] INFO  interfaces.ContainerDeletionChoosingPolicyTemplate (ContainerDeletionChoosingPolicyTemplate.java:chooseContainerForBlockDeletion(83)) - Chosen 0/5000 blocks from 0 candidate containers.
2023-04-19 02:32:56,371 [SCMBlockDeletingService#0] DEBUG block.SCMBlockDeletingService (SCMBlockDeletingService.java:shouldRun(251)) - Check scm block delete run: true serviceStatus: RUNNING safemodeExitRunDelayMillis: 3000 alreadyWaitTimeInMillis: 6365
2023-04-19 02:32:56,371 [SCMBlockDeletingService#0] DEBUG block.SCMBlockDeletingService (SCMBlockDeletingService.java:call(154)) - Running DeletedBlockTransactionScanner
2023-04-19 02:32:56,469 [BlockDeletingService#2] INFO  interfaces.ContainerDeletionChoosingPolicyTemplate (ContainerDeletionChoosingPolicyTemplate.java:chooseContainerForBlockDeletion(83)) - Chosen 0/5000 blocks from 0 candidate containers.
2023-04-19 02:32:56,469 [BlockDeletingService#2] INFO  interfaces.ContainerDeletionChoosingPolicyTemplate (ContainerDeletionChoosingPolicyTemplate.java:chooseContainerForBlockDeletion(83)) - Chosen 0/5000 blocks from 0 candidate containers.
2023-04-19 02:32:56,469 [BlockDeletingService#5] INFO  interfaces.ContainerDeletionChoosingPolicyTemplate (ContainerDeletionChoosingPolicyTemplate.java:chooseContainerForBlockDeletion(83)) - Chosen 0/5000 blocks from 0 candidate containers.
2023-04-19 02:32:56,471 [SCMBlockDeletingService#0] DEBUG block.SCMBlockDeletingService (SCMBlockDeletingService.java:shouldRun(251)) - Check scm block delete run: true serviceStatus: RUNNING safemodeExitRunDelayMillis: 3000 alreadyWaitTimeInMillis: 6465
2023-04-19 02:32:56,471 [SCMBlockDeletingService#0] DEBUG block.SCMBlockDeletingService (SCMBlockDeletingService.java:call(154)) - Running DeletedBlockTransactionScanner
2023-04-19 02:32:56,569 [BlockDeletingService#2] INFO  interfaces.ContainerDeletionChoosingPolicyTemplate (ContainerDeletionChoosingPolicyTemplate.java:chooseContainerForBlockDeletion(83)) - Chosen 0/5000 blocks from 0 candidate containers.
2023-04-19 02:32:56,569 [BlockDeletingService#2] INFO  interfaces.ContainerDeletionChoosingPolicyTemplate (ContainerDeletionChoosingPolicyTemplate.java:chooseContainerForBlockDeletion(83)) - Chosen 0/5000 blocks from 0 candidate containers.
2023-04-19 02:32:56,569 [BlockDeletingService#5] INFO  interfaces.ContainerDeletionChoosingPolicyTemplate (ContainerDeletionChoosingPolicyTemplate.java:chooseContainerForBlockDeletion(83)) - Chosen 0/5000 blocks from 0 candidate containers.
2023-04-19 02:32:56,571 [SCMBlockDeletingService#0] DEBUG block.SCMBlockDeletingService (SCMBlockDeletingService.java:shouldRun(251)) - Check scm block delete run: true serviceStatus: RUNNING safemodeExitRunDelayMillis: 3000 alreadyWaitTimeInMillis: 6565
2023-04-19 02:32:56,571 [SCMBlockDeletingService#0] DEBUG block.SCMBlockDeletingService (SCMBlockDeletingService.java:call(154)) - Running DeletedBlockTransactionScanner
2023-04-19 02:32:56,669 [BlockDeletingService#2] INFO  interfaces.ContainerDeletionChoosingPolicyTemplate (ContainerDeletionChoosingPolicyTemplate.java:chooseContainerForBlockDeletion(83)) - Chosen 0/5000 blocks from 0 candidate containers.
2023-04-19 02:32:56,669 [BlockDeletingService#5] INFO  interfaces.ContainerDeletionChoosingPolicyTemplate (ContainerDeletionChoosingPolicyTemplate.java:chooseContainerForBlockDeletion(83)) - Chosen 0/5000 blocks from 0 candidate containers.
2023-04-19 02:32:56,669 [BlockDeletingService#2] INFO  interfaces.ContainerDeletionChoosingPolicyTemplate (ContainerDeletionChoosingPolicyTemplate.java:chooseContainerForBlockDeletion(83)) - Chosen 0/5000 blocks from 0 candidate containers.
2023-04-19 02:32:56,671 [SCMBlockDeletingService#0] DEBUG block.SCMBlockDeletingService (SCMBlockDeletingService.java:shouldRun(251)) - Check scm block delete run: true serviceStatus: RUNNING safemodeExitRunDelayMillis: 3000 alreadyWaitTimeInMillis: 6665
2023-04-19 02:32:56,671 [SCMBlockDeletingService#0] DEBUG block.SCMBlockDeletingService (SCMBlockDeletingService.java:call(154)) - Running DeletedBlockTransactionScanner
2023-04-19 02:32:56,770 [BlockDeletingService#2] INFO  interfaces.ContainerDeletionChoosingPolicyTemplate (ContainerDeletionChoosingPolicyTemplate.java:chooseContainerForBlockDeletion(83)) - Chosen 0/5000 blocks from 0 candidate containers.
2023-04-19 02:32:56,770 [BlockDeletingService#2] INFO  interfaces.ContainerDeletionChoosingPolicyTemplate (ContainerDeletionChoosingPolicyTemplate.java:chooseContainerForBlockDeletion(83)) - Chosen 0/5000 blocks from 0 candidate containers.
2023-04-19 02:32:56,770 [BlockDeletingService#5] INFO  interfaces.ContainerDeletionChoosingPolicyTemplate (ContainerDeletionChoosingPolicyTemplate.java:chooseContainerForBlockDeletion(83)) - Chosen 0/5000 blocks from 0 candidate containers.
2023-04-19 02:32:56,771 [SCMBlockDeletingService#0] DEBUG block.SCMBlockDeletingService (SCMBlockDeletingService.java:shouldRun(251)) - Check scm block delete run: true serviceStatus: RUNNING safemodeExitRunDelayMillis: 3000 alreadyWaitTimeInMillis: 6765
2023-04-19 02:32:56,771 [SCMBlockDeletingService#0] DEBUG block.SCMBlockDeletingService (SCMBlockDeletingService.java:call(154)) - Running DeletedBlockTransactionScanner
2023-04-19 02:32:56,821 [EventQueue-CloseContainerForCloseContainerEventHandler] INFO  container.CloseContainerEventHandler (CloseContainerEventHandler.java:onMessage(89)) - Close container Event triggered for container : #1, current state: OPEN
2023-04-19 02:32:56,821 [EventQueue-CloseContainerForCloseContainerEventHandler] INFO  container.CloseContainerEventHandler (CloseContainerEventHandler.java:onMessage(89)) - Close container Event triggered for container : #2, current state: OPEN
2023-04-19 02:32:56,822 [EventQueue-CloseContainerForCloseContainerEventHandler] INFO  container.CloseContainerEventHandler (CloseContainerEventHandler.java:onMessage(89)) - Close container Event triggered for container : #3, current state: OPEN
2023-04-19 02:32:56,822 [EventQueue-CloseContainerForCloseContainerEventHandler] INFO  container.CloseContainerEventHandler (CloseContainerEventHandler.java:onMessage(89)) - Close container Event triggered for container : #4, current state: OPEN
2023-04-19 02:32:56,822 [EventQueue-CloseContainerForCloseContainerEventHandler] INFO  container.CloseContainerEventHandler (CloseContainerEventHandler.java:onMessage(89)) - Close container Event triggered for container : #5, current state: OPEN
2023-04-19 02:32:56,822 [EventQueue-CloseContainerForCloseContainerEventHandler] INFO  container.CloseContainerEventHandler (CloseContainerEventHandler.java:onMessage(89)) - Close container Event triggered for container : #6, current state: OPEN
2023-04-19 02:32:56,870 [BlockDeletingService#2] INFO  interfaces.ContainerDeletionChoosingPolicyTemplate (ContainerDeletionChoosingPolicyTemplate.java:chooseContainerForBlockDeletion(83)) - Chosen 0/5000 blocks from 0 candidate containers.
2023-04-19 02:32:56,870 [BlockDeletingService#2] INFO  interfaces.ContainerDeletionChoosingPolicyTemplate (ContainerDeletionChoosingPolicyTemplate.java:chooseContainerForBlockDeletion(83)) - Chosen 0/5000 blocks from 0 candidate containers.
2023-04-19 02:32:56,870 [BlockDeletingService#5] INFO  interfaces.ContainerDeletionChoosingPolicyTemplate (ContainerDeletionChoosingPolicyTemplate.java:chooseContainerForBlockDeletion(83)) - Chosen 0/5000 blocks from 0 candidate containers.
2023-04-19 02:32:56,871 [SCMBlockDeletingService#0] DEBUG block.SCMBlockDeletingService (SCMBlockDeletingService.java:shouldRun(251)) - Check scm block delete run: true serviceStatus: RUNNING safemodeExitRunDelayMillis: 3000 alreadyWaitTimeInMillis: 6865
2023-04-19 02:32:56,871 [SCMBlockDeletingService#0] DEBUG block.SCMBlockDeletingService (SCMBlockDeletingService.java:call(154)) - Running DeletedBlockTransactionScanner
2023-04-19 02:32:56,970 [BlockDeletingService#2] INFO  interfaces.ContainerDeletionChoosingPolicyTemplate (ContainerDeletionChoosingPolicyTemplate.java:chooseContainerForBlockDeletion(83)) - Chosen 0/5000 blocks from 0 candidate containers.
2023-04-19 02:32:56,970 [BlockDeletingService#2] INFO  interfaces.ContainerDeletionChoosingPolicyTemplate (ContainerDeletionChoosingPolicyTemplate.java:chooseContainerForBlockDeletion(83)) - Chosen 0/5000 blocks from 0 candidate containers.
2023-04-19 02:32:56,970 [BlockDeletingService#5] INFO  interfaces.ContainerDeletionChoosingPolicyTemplate (ContainerDeletionChoosingPolicyTemplate.java:chooseContainerForBlockDeletion(83)) - Chosen 0/5000 blocks from 0 candidate containers.
2023-04-19 02:32:56,971 [SCMBlockDeletingService#0] DEBUG block.SCMBlockDeletingService (SCMBlockDeletingService.java:shouldRun(251)) - Check scm block delete run: true serviceStatus: RUNNING safemodeExitRunDelayMillis: 3000 alreadyWaitTimeInMillis: 6965
2023-04-19 02:32:56,971 [SCMBlockDeletingService#0] DEBUG block.SCMBlockDeletingService (SCMBlockDeletingService.java:call(154)) - Running DeletedBlockTransactionScanner
2023-04-19 02:32:57,070 [BlockDeletingService#2] INFO  interfaces.ContainerDeletionChoosingPolicyTemplate (ContainerDeletionChoosingPolicyTemplate.java:chooseContainerForBlockDeletion(83)) - Chosen 0/5000 blocks from 0 candidate containers.
2023-04-19 02:32:57,071 [BlockDeletingService#2] INFO  interfaces.ContainerDeletionChoosingPolicyTemplate (ContainerDeletionChoosingPolicyTemplate.java:chooseContainerForBlockDeletion(83)) - Chosen 0/5000 blocks from 0 candidate containers.
2023-04-19 02:32:57,071 [BlockDeletingService#5] INFO  interfaces.ContainerDeletionChoosingPolicyTemplate (ContainerDeletionChoosingPolicyTemplate.java:chooseContainerForBlockDeletion(83)) - Chosen 0/5000 blocks from 0 candidate containers.
2023-04-19 02:32:57,071 [SCMBlockDeletingService#0] DEBUG block.SCMBlockDeletingService (SCMBlockDeletingService.java:shouldRun(251)) - Check scm block delete run: true serviceStatus: RUNNING safemodeExitRunDelayMillis: 3000 alreadyWaitTimeInMillis: 7065
2023-04-19 02:32:57,071 [SCMBlockDeletingService#0] DEBUG block.SCMBlockDeletingService (SCMBlockDeletingService.java:call(154)) - Running DeletedBlockTransactionScanner
2023-04-19 02:32:57,171 [BlockDeletingService#2] INFO  interfaces.ContainerDeletionChoosingPolicyTemplate (ContainerDeletionChoosingPolicyTemplate.java:chooseContainerForBlockDeletion(83)) - Chosen 0/5000 blocks from 0 candidate containers.
2023-04-19 02:32:57,171 [BlockDeletingService#2] INFO  interfaces.ContainerDeletionChoosingPolicyTemplate (ContainerDeletionChoosingPolicyTemplate.java:chooseContainerForBlockDeletion(83)) - Chosen 0/5000 blocks from 0 candidate containers.
2023-04-19 02:32:57,171 [BlockDeletingService#5] INFO  interfaces.ContainerDeletionChoosingPolicyTemplate (ContainerDeletionChoosingPolicyTemplate.java:chooseContainerForBlockDeletion(83)) - Chosen 0/5000 blocks from 0 candidate containers.
2023-04-19 02:32:57,171 [SCMBlockDeletingService#0] DEBUG block.SCMBlockDeletingService (SCMBlockDeletingService.java:shouldRun(251)) - Check scm block delete run: true serviceStatus: RUNNING safemodeExitRunDelayMillis: 3000 alreadyWaitTimeInMillis: 7165
2023-04-19 02:32:57,171 [SCMBlockDeletingService#0] DEBUG block.SCMBlockDeletingService (SCMBlockDeletingService.java:call(154)) - Running DeletedBlockTransactionScanner
2023-04-19 02:32:57,271 [BlockDeletingService#2] INFO  interfaces.ContainerDeletionChoosingPolicyTemplate (ContainerDeletionChoosingPolicyTemplate.java:chooseContainerForBlockDeletion(83)) - Chosen 0/5000 blocks from 0 candidate containers.
2023-04-19 02:32:57,271 [BlockDeletingService#2] INFO  interfaces.ContainerDeletionChoosingPolicyTemplate (ContainerDeletionChoosingPolicyTemplate.java:chooseContainerForBlockDeletion(83)) - Chosen 0/5000 blocks from 0 candidate containers.
2023-04-19 02:32:57,271 [BlockDeletingService#5] INFO  interfaces.ContainerDeletionChoosingPolicyTemplate (ContainerDeletionChoosingPolicyTemplate.java:chooseContainerForBlockDeletion(83)) - Chosen 0/5000 blocks from 0 candidate containers.
2023-04-19 02:32:57,271 [SCMBlockDeletingService#0] DEBUG block.SCMBlockDeletingService (SCMBlockDeletingService.java:shouldRun(251)) - Check scm block delete run: true serviceStatus: RUNNING safemodeExitRunDelayMillis: 3000 alreadyWaitTimeInMillis: 7265
2023-04-19 02:32:57,272 [SCMBlockDeletingService#0] DEBUG block.SCMBlockDeletingService (SCMBlockDeletingService.java:call(154)) - Running DeletedBlockTransactionScanner
2023-04-19 02:32:57,371 [BlockDeletingService#2] INFO  interfaces.ContainerDeletionChoosingPolicyTemplate (ContainerDeletionChoosingPolicyTemplate.java:chooseContainerForBlockDeletion(83)) - Chosen 0/5000 blocks from 0 candidate containers.
2023-04-19 02:32:57,371 [BlockDeletingService#2] INFO  interfaces.ContainerDeletionChoosingPolicyTemplate (ContainerDeletionChoosingPolicyTemplate.java:chooseContainerForBlockDeletion(83)) - Chosen 0/5000 blocks from 0 candidate containers.
2023-04-19 02:32:57,372 [SCMBlockDeletingService#0] DEBUG block.SCMBlockDeletingService (SCMBlockDeletingService.java:shouldRun(251)) - Check scm block delete run: true serviceStatus: RUNNING safemodeExitRunDelayMillis: 3000 alreadyWaitTimeInMillis: 7366
2023-04-19 02:32:57,372 [SCMBlockDeletingService#0] DEBUG block.SCMBlockDeletingService (SCMBlockDeletingService.java:call(154)) - Running DeletedBlockTransactionScanner
2023-04-19 02:32:57,372 [BlockDeletingService#5] INFO  interfaces.ContainerDeletionChoosingPolicyTemplate (ContainerDeletionChoosingPolicyTemplate.java:chooseContainerForBlockDeletion(83)) - Chosen 0/5000 blocks from 0 candidate containers.
2023-04-19 02:32:57,472 [SCMBlockDeletingService#0] DEBUG block.SCMBlockDeletingService (SCMBlockDeletingService.java:shouldRun(251)) - Check scm block delete run: true serviceStatus: RUNNING safemodeExitRunDelayMillis: 3000 alreadyWaitTimeInMillis: 7466
2023-04-19 02:32:57,472 [SCMBlockDeletingService#0] DEBUG block.SCMBlockDeletingService (SCMBlockDeletingService.java:call(154)) - Running DeletedBlockTransactionScanner
2023-04-19 02:32:57,472 [BlockDeletingService#2] INFO  interfaces.ContainerDeletionChoosingPolicyTemplate (ContainerDeletionChoosingPolicyTemplate.java:chooseContainerForBlockDeletion(83)) - Chosen 0/5000 blocks from 0 candidate containers.
2023-04-19 02:32:57,472 [BlockDeletingService#2] INFO  interfaces.ContainerDeletionChoosingPolicyTemplate (ContainerDeletionChoosingPolicyTemplate.java:chooseContainerForBlockDeletion(83)) - Chosen 0/5000 blocks from 0 candidate containers.
2023-04-19 02:32:57,472 [BlockDeletingService#5] INFO  interfaces.ContainerDeletionChoosingPolicyTemplate (ContainerDeletionChoosingPolicyTemplate.java:chooseContainerForBlockDeletion(83)) - Chosen 0/5000 blocks from 0 candidate containers.
2023-04-19 02:32:57,572 [SCMBlockDeletingService#0] DEBUG block.SCMBlockDeletingService (SCMBlockDeletingService.java:shouldRun(251)) - Check scm block delete run: true serviceStatus: RUNNING safemodeExitRunDelayMillis: 3000 alreadyWaitTimeInMillis: 7566
2023-04-19 02:32:57,572 [SCMBlockDeletingService#0] DEBUG block.SCMBlockDeletingService (SCMBlockDeletingService.java:call(154)) - Running DeletedBlockTransactionScanner
2023-04-19 02:32:57,572 [BlockDeletingService#2] INFO  interfaces.ContainerDeletionChoosingPolicyTemplate (ContainerDeletionChoosingPolicyTemplate.java:chooseContainerForBlockDeletion(83)) - Chosen 0/5000 blocks from 0 candidate containers.
2023-04-19 02:32:57,572 [BlockDeletingService#2] INFO  interfaces.ContainerDeletionChoosingPolicyTemplate (ContainerDeletionChoosingPolicyTemplate.java:chooseContainerForBlockDeletion(83)) - Chosen 0/5000 blocks from 0 candidate containers.
2023-04-19 02:32:57,573 [BlockDeletingService#5] INFO  interfaces.ContainerDeletionChoosingPolicyTemplate (ContainerDeletionChoosingPolicyTemplate.java:chooseContainerForBlockDeletion(83)) - Chosen 0/5000 blocks from 0 candidate containers.
2023-04-19 02:32:57,672 [SCMBlockDeletingService#0] DEBUG block.SCMBlockDeletingService (SCMBlockDeletingService.java:shouldRun(251)) - Check scm block delete run: true serviceStatus: RUNNING safemodeExitRunDelayMillis: 3000 alreadyWaitTimeInMillis: 7666
2023-04-19 02:32:57,672 [SCMBlockDeletingService#0] DEBUG block.SCMBlockDeletingService (SCMBlockDeletingService.java:call(154)) - Running DeletedBlockTransactionScanner
2023-04-19 02:32:57,672 [BlockDeletingService#2] INFO  interfaces.ContainerDeletionChoosingPolicyTemplate (ContainerDeletionChoosingPolicyTemplate.java:chooseContainerForBlockDeletion(83)) - Chosen 0/5000 blocks from 0 candidate containers.
2023-04-19 02:32:57,673 [BlockDeletingService#2] INFO  interfaces.ContainerDeletionChoosingPolicyTemplate (ContainerDeletionChoosingPolicyTemplate.java:chooseContainerForBlockDeletion(83)) - Chosen 0/5000 blocks from 0 candidate containers.
2023-04-19 02:32:57,673 [BlockDeletingService#5] INFO  interfaces.ContainerDeletionChoosingPolicyTemplate (ContainerDeletionChoosingPolicyTemplate.java:chooseContainerForBlockDeletion(83)) - Chosen 0/5000 blocks from 0 candidate containers.
2023-04-19 02:32:57,772 [SCMBlockDeletingService#0] DEBUG block.SCMBlockDeletingService (SCMBlockDeletingService.java:shouldRun(251)) - Check scm block delete run: true serviceStatus: RUNNING safemodeExitRunDelayMillis: 3000 alreadyWaitTimeInMillis: 7766
2023-04-19 02:32:57,772 [SCMBlockDeletingService#0] DEBUG block.SCMBlockDeletingService (SCMBlockDeletingService.java:call(154)) - Running DeletedBlockTransactionScanner
2023-04-19 02:32:57,773 [BlockDeletingService#2] INFO  interfaces.ContainerDeletionChoosingPolicyTemplate (ContainerDeletionChoosingPolicyTemplate.java:chooseContainerForBlockDeletion(83)) - Chosen 0/5000 blocks from 0 candidate containers.
2023-04-19 02:32:57,773 [BlockDeletingService#2] INFO  interfaces.ContainerDeletionChoosingPolicyTemplate (ContainerDeletionChoosingPolicyTemplate.java:chooseContainerForBlockDeletion(83)) - Chosen 0/5000 blocks from 0 candidate containers.
2023-04-19 02:32:57,773 [BlockDeletingService#5] INFO  interfaces.ContainerDeletionChoosingPolicyTemplate (ContainerDeletionChoosingPolicyTemplate.java:chooseContainerForBlockDeletion(83)) - Chosen 0/5000 blocks from 0 candidate containers.
2023-04-19 02:32:57,872 [SCMBlockDeletingService#0] DEBUG block.SCMBlockDeletingService (SCMBlockDeletingService.java:shouldRun(251)) - Check scm block delete run: true serviceStatus: RUNNING safemodeExitRunDelayMillis: 3000 alreadyWaitTimeInMillis: 7866
2023-04-19 02:32:57,872 [SCMBlockDeletingService#0] DEBUG block.SCMBlockDeletingService (SCMBlockDeletingService.java:call(154)) - Running DeletedBlockTransactionScanner
2023-04-19 02:32:57,873 [BlockDeletingService#2] INFO  interfaces.ContainerDeletionChoosingPolicyTemplate (ContainerDeletionChoosingPolicyTemplate.java:chooseContainerForBlockDeletion(83)) - Chosen 0/5000 blocks from 0 candidate containers.
2023-04-19 02:32:57,873 [BlockDeletingService#2] INFO  interfaces.ContainerDeletionChoosingPolicyTemplate (ContainerDeletionChoosingPolicyTemplate.java:chooseContainerForBlockDeletion(83)) - Chosen 0/5000 blocks from 0 candidate containers.
2023-04-19 02:32:57,873 [BlockDeletingService#5] INFO  interfaces.ContainerDeletionChoosingPolicyTemplate (ContainerDeletionChoosingPolicyTemplate.java:chooseContainerForBlockDeletion(83)) - Chosen 0/5000 blocks from 0 candidate containers.
2023-04-19 02:32:57,972 [SCMBlockDeletingService#0] DEBUG block.SCMBlockDeletingService (SCMBlockDeletingService.java:shouldRun(251)) - Check scm block delete run: true serviceStatus: RUNNING safemodeExitRunDelayMillis: 3000 alreadyWaitTimeInMillis: 7966
2023-04-19 02:32:57,972 [SCMBlockDeletingService#0] DEBUG block.SCMBlockDeletingService (SCMBlockDeletingService.java:call(154)) - Running DeletedBlockTransactionScanner
2023-04-19 02:32:57,973 [BlockDeletingService#2] INFO  interfaces.ContainerDeletionChoosingPolicyTemplate (ContainerDeletionChoosingPolicyTemplate.java:chooseContainerForBlockDeletion(83)) - Chosen 0/5000 blocks from 0 candidate containers.
2023-04-19 02:32:57,973 [BlockDeletingService#2] INFO  interfaces.ContainerDeletionChoosingPolicyTemplate (ContainerDeletionChoosingPolicyTemplate.java:chooseContainerForBlockDeletion(83)) - Chosen 0/5000 blocks from 0 candidate containers.
2023-04-19 02:32:57,973 [BlockDeletingService#5] INFO  interfaces.ContainerDeletionChoosingPolicyTemplate (ContainerDeletionChoosingPolicyTemplate.java:chooseContainerForBlockDeletion(83)) - Chosen 0/5000 blocks from 0 candidate containers.
2023-04-19 02:32:58,072 [SCMBlockDeletingService#0] DEBUG block.SCMBlockDeletingService (SCMBlockDeletingService.java:shouldRun(251)) - Check scm block delete run: true serviceStatus: RUNNING safemodeExitRunDelayMillis: 3000 alreadyWaitTimeInMillis: 8066
2023-04-19 02:32:58,072 [SCMBlockDeletingService#0] DEBUG block.SCMBlockDeletingService (SCMBlockDeletingService.java:call(154)) - Running DeletedBlockTransactionScanner
2023-04-19 02:32:58,073 [BlockDeletingService#2] INFO  interfaces.ContainerDeletionChoosingPolicyTemplate (ContainerDeletionChoosingPolicyTemplate.java:chooseContainerForBlockDeletion(83)) - Chosen 0/5000 blocks from 0 candidate containers.
2023-04-19 02:32:58,074 [BlockDeletingService#5] INFO  interfaces.ContainerDeletionChoosingPolicyTemplate (ContainerDeletionChoosingPolicyTemplate.java:chooseContainerForBlockDeletion(83)) - Chosen 0/5000 blocks from 0 candidate containers.
2023-04-19 02:32:58,073 [BlockDeletingService#2] INFO  interfaces.ContainerDeletionChoosingPolicyTemplate (ContainerDeletionChoosingPolicyTemplate.java:chooseContainerForBlockDeletion(83)) - Chosen 0/5000 blocks from 0 candidate containers.
2023-04-19 02:32:58,172 [SCMBlockDeletingService#0] DEBUG block.SCMBlockDeletingService (SCMBlockDeletingService.java:shouldRun(251)) - Check scm block delete run: true serviceStatus: RUNNING safemodeExitRunDelayMillis: 3000 alreadyWaitTimeInMillis: 8166
2023-04-19 02:32:58,172 [SCMBlockDeletingService#0] DEBUG block.SCMBlockDeletingService (SCMBlockDeletingService.java:call(154)) - Running DeletedBlockTransactionScanner
2023-04-19 02:32:58,174 [BlockDeletingService#2] INFO  interfaces.ContainerDeletionChoosingPolicyTemplate (ContainerDeletionChoosingPolicyTemplate.java:chooseContainerForBlockDeletion(83)) - Chosen 0/5000 blocks from 0 candidate containers.
2023-04-19 02:32:58,174 [BlockDeletingService#5] INFO  interfaces.ContainerDeletionChoosingPolicyTemplate (ContainerDeletionChoosingPolicyTemplate.java:chooseContainerForBlockDeletion(83)) - Chosen 0/5000 blocks from 0 candidate containers.
2023-04-19 02:32:58,174 [BlockDeletingService#2] INFO  interfaces.ContainerDeletionChoosingPolicyTemplate (ContainerDeletionChoosingPolicyTemplate.java:chooseContainerForBlockDeletion(83)) - Chosen 0/5000 blocks from 0 candidate containers.
2023-04-19 02:32:58,272 [SCMBlockDeletingService#0] DEBUG block.SCMBlockDeletingService (SCMBlockDeletingService.java:shouldRun(251)) - Check scm block delete run: true serviceStatus: RUNNING safemodeExitRunDelayMillis: 3000 alreadyWaitTimeInMillis: 8266
2023-04-19 02:32:58,272 [SCMBlockDeletingService#0] DEBUG block.SCMBlockDeletingService (SCMBlockDeletingService.java:call(154)) - Running DeletedBlockTransactionScanner
2023-04-19 02:32:58,274 [BlockDeletingService#2] INFO  interfaces.ContainerDeletionChoosingPolicyTemplate (ContainerDeletionChoosingPolicyTemplate.java:chooseContainerForBlockDeletion(83)) - Chosen 0/5000 blocks from 0 candidate containers.
2023-04-19 02:32:58,274 [BlockDeletingService#5] INFO  interfaces.ContainerDeletionChoosingPolicyTemplate (ContainerDeletionChoosingPolicyTemplate.java:chooseContainerForBlockDeletion(83)) - Chosen 0/5000 blocks from 0 candidate containers.
2023-04-19 02:32:58,274 [BlockDeletingService#2] INFO  interfaces.ContainerDeletionChoosingPolicyTemplate (ContainerDeletionChoosingPolicyTemplate.java:chooseContainerForBlockDeletion(83)) - Chosen 0/5000 blocks from 0 candidate containers.
2023-04-19 02:32:58,372 [SCMBlockDeletingService#0] DEBUG block.SCMBlockDeletingService (SCMBlockDeletingService.java:shouldRun(251)) - Check scm block delete run: true serviceStatus: RUNNING safemodeExitRunDelayMillis: 3000 alreadyWaitTimeInMillis: 8366
2023-04-19 02:32:58,373 [SCMBlockDeletingService#0] DEBUG block.SCMBlockDeletingService (SCMBlockDeletingService.java:call(154)) - Running DeletedBlockTransactionScanner
2023-04-19 02:32:58,374 [BlockDeletingService#2] INFO  interfaces.ContainerDeletionChoosingPolicyTemplate (ContainerDeletionChoosingPolicyTemplate.java:chooseContainerForBlockDeletion(83)) - Chosen 0/5000 blocks from 0 candidate containers.
2023-04-19 02:32:58,374 [BlockDeletingService#5] INFO  interfaces.ContainerDeletionChoosingPolicyTemplate (ContainerDeletionChoosingPolicyTemplate.java:chooseContainerForBlockDeletion(83)) - Chosen 0/5000 blocks from 0 candidate containers.
2023-04-19 02:32:58,374 [BlockDeletingService#2] INFO  interfaces.ContainerDeletionChoosingPolicyTemplate (ContainerDeletionChoosingPolicyTemplate.java:chooseContainerForBlockDeletion(83)) - Chosen 0/5000 blocks from 0 candidate containers.
2023-04-19 02:32:58,472 [SCMBlockDeletingService#0] DEBUG block.SCMBlockDeletingService (SCMBlockDeletingService.java:shouldRun(251)) - Check scm block delete run: true serviceStatus: RUNNING safemodeExitRunDelayMillis: 3000 alreadyWaitTimeInMillis: 8466
2023-04-19 02:32:58,473 [SCMBlockDeletingService#0] DEBUG block.SCMBlockDeletingService (SCMBlockDeletingService.java:call(154)) - Running DeletedBlockTransactionScanner
2023-04-19 02:32:58,474 [BlockDeletingService#2] INFO  interfaces.ContainerDeletionChoosingPolicyTemplate (ContainerDeletionChoosingPolicyTemplate.java:chooseContainerForBlockDeletion(83)) - Chosen 0/5000 blocks from 0 candidate containers.
2023-04-19 02:32:58,474 [BlockDeletingService#5] INFO  interfaces.ContainerDeletionChoosingPolicyTemplate (ContainerDeletionChoosingPolicyTemplate.java:chooseContainerForBlockDeletion(83)) - Chosen 0/5000 blocks from 0 candidate containers.
2023-04-19 02:32:58,474 [BlockDeletingService#2] INFO  interfaces.ContainerDeletionChoosingPolicyTemplate (ContainerDeletionChoosingPolicyTemplate.java:chooseContainerForBlockDeletion(83)) - Chosen 0/5000 blocks from 0 candidate containers.
2023-04-19 02:32:58,573 [SCMBlockDeletingService#0] DEBUG block.SCMBlockDeletingService (SCMBlockDeletingService.java:shouldRun(251)) - Check scm block delete run: true serviceStatus: RUNNING safemodeExitRunDelayMillis: 3000 alreadyWaitTimeInMillis: 8567
2023-04-19 02:32:58,573 [SCMBlockDeletingService#0] DEBUG block.SCMBlockDeletingService (SCMBlockDeletingService.java:call(154)) - Running DeletedBlockTransactionScanner
2023-04-19 02:32:58,575 [BlockDeletingService#2] INFO  interfaces.ContainerDeletionChoosingPolicyTemplate (ContainerDeletionChoosingPolicyTemplate.java:chooseContainerForBlockDeletion(83)) - Chosen 0/5000 blocks from 0 candidate containers.
2023-04-19 02:32:58,575 [BlockDeletingService#5] INFO  interfaces.ContainerDeletionChoosingPolicyTemplate (ContainerDeletionChoosingPolicyTemplate.java:chooseContainerForBlockDeletion(83)) - Chosen 0/5000 blocks from 0 candidate containers.
2023-04-19 02:32:58,575 [BlockDeletingService#2] INFO  interfaces.ContainerDeletionChoosingPolicyTemplate (ContainerDeletionChoosingPolicyTemplate.java:chooseContainerForBlockDeletion(83)) - Chosen 0/5000 blocks from 0 candidate containers.
2023-04-19 02:32:58,673 [SCMBlockDeletingService#0] DEBUG block.SCMBlockDeletingService (SCMBlockDeletingService.java:shouldRun(251)) - Check scm block delete run: true serviceStatus: RUNNING safemodeExitRunDelayMillis: 3000 alreadyWaitTimeInMillis: 8667
2023-04-19 02:32:58,673 [SCMBlockDeletingService#0] DEBUG block.SCMBlockDeletingService (SCMBlockDeletingService.java:call(154)) - Running DeletedBlockTransactionScanner
2023-04-19 02:32:58,675 [BlockDeletingService#2] INFO  interfaces.ContainerDeletionChoosingPolicyTemplate (ContainerDeletionChoosingPolicyTemplate.java:chooseContainerForBlockDeletion(83)) - Chosen 0/5000 blocks from 0 candidate containers.
2023-04-19 02:32:58,675 [BlockDeletingService#5] INFO  interfaces.ContainerDeletionChoosingPolicyTemplate (ContainerDeletionChoosingPolicyTemplate.java:chooseContainerForBlockDeletion(83)) - Chosen 0/5000 blocks from 0 candidate containers.
2023-04-19 02:32:58,675 [BlockDeletingService#2] INFO  interfaces.ContainerDeletionChoosingPolicyTemplate (ContainerDeletionChoosingPolicyTemplate.java:chooseContainerForBlockDeletion(83)) - Chosen 0/5000 blocks from 0 candidate containers.
2023-04-19 02:32:58,773 [SCMBlockDeletingService#0] DEBUG block.SCMBlockDeletingService (SCMBlockDeletingService.java:shouldRun(251)) - Check scm block delete run: true serviceStatus: RUNNING safemodeExitRunDelayMillis: 3000 alreadyWaitTimeInMillis: 8767
2023-04-19 02:32:58,773 [SCMBlockDeletingService#0] DEBUG block.SCMBlockDeletingService (SCMBlockDeletingService.java:call(154)) - Running DeletedBlockTransactionScanner
2023-04-19 02:32:58,775 [BlockDeletingService#2] INFO  interfaces.ContainerDeletionChoosingPolicyTemplate (ContainerDeletionChoosingPolicyTemplate.java:chooseContainerForBlockDeletion(83)) - Chosen 0/5000 blocks from 0 candidate containers.
2023-04-19 02:32:58,775 [BlockDeletingService#5] INFO  interfaces.ContainerDeletionChoosingPolicyTemplate (ContainerDeletionChoosingPolicyTemplate.java:chooseContainerForBlockDeletion(83)) - Chosen 0/5000 blocks from 0 candidate containers.
2023-04-19 02:32:58,776 [BlockDeletingService#2] INFO  interfaces.ContainerDeletionChoosingPolicyTemplate (ContainerDeletionChoosingPolicyTemplate.java:chooseContainerForBlockDeletion(83)) - Chosen 0/5000 blocks from 0 candidate containers.
2023-04-19 02:32:58,822 [Listener at 127.0.0.1/44187] WARN  commandhandler.TestBlockDeletion (TestBlockDeletion.java:lambda$testBlockDeletion$4(265)) - Verify blocks deletion failed
org.opentest4j.AssertionFailedError: expected: <null> but was: <[blockId=conID: 1 locID: 111677748019200001 bcsId: 16, size=4194304]>
	at org.junit.jupiter.api.AssertionUtils.fail(AssertionUtils.java:55)
	at org.junit.jupiter.api.AssertNull.failNotNull(AssertNull.java:54)
	at org.junit.jupiter.api.AssertNull.assertNull(AssertNull.java:38)
	at org.junit.jupiter.api.AssertNull.assertNull(AssertNull.java:33)
	at org.junit.jupiter.api.Assertions.assertNull(Assertions.java:275)
	at org.apache.hadoop.ozone.container.common.statemachine.commandhandler.TestBlockDeletion.lambda$verifyBlocksDeleted$17(TestBlockDeletion.java:484)
	at org.apache.hadoop.ozone.OzoneTestUtils.performOperationOnKeyContainers(OzoneTestUtils.java:140)
	at org.apache.hadoop.ozone.container.common.statemachine.commandhandler.TestBlockDeletion.verifyBlocksDeleted(TestBlockDeletion.java:474)
	at org.apache.hadoop.ozone.container.common.statemachine.commandhandler.TestBlockDeletion.lambda$testBlockDeletion$4(TestBlockDeletion.java:262)
	at org.apache.ozone.test.GenericTestUtils.waitFor(GenericTestUtils.java:221)
	at org.apache.hadoop.ozone.container.common.statemachine.commandhandler.TestBlockDeletion.testBlockDeletion(TestBlockDeletion.java:260)
	at sun.reflect.NativeMethodAccessorImpl.invoke0(Native Method)
	at sun.reflect.NativeMethodAccessorImpl.invoke(NativeMethodAccessorImpl.java:62)
	at sun.reflect.DelegatingMethodAccessorImpl.invoke(DelegatingMethodAccessorImpl.java:43)
	at java.lang.reflect.Method.invoke(Method.java:498)
	at org.junit.platform.commons.util.ReflectionUtils.invokeMethod(ReflectionUtils.java:725)
	at org.junit.jupiter.engine.execution.MethodInvocation.proceed(MethodInvocation.java:60)
	at org.junit.jupiter.engine.execution.InvocationInterceptorChain$ValidatingInvocation.proceed(InvocationInterceptorChain.java:131)
	at org.junit.jupiter.engine.extension.TimeoutExtension.intercept(TimeoutExtension.java:149)
	at org.junit.jupiter.engine.extension.TimeoutExtension.interceptTestableMethod(TimeoutExtension.java:140)
	at org.junit.jupiter.engine.extension.TimeoutExtension.interceptTestTemplateMethod(TimeoutExtension.java:92)
	at org.junit.jupiter.engine.execution.ExecutableInvoker$ReflectiveInterceptorCall.lambda$ofVoidMethod$0(ExecutableInvoker.java:115)
	at org.junit.jupiter.engine.execution.ExecutableInvoker.lambda$invoke$0(ExecutableInvoker.java:105)
	at org.junit.jupiter.engine.execution.InvocationInterceptorChain$InterceptedInvocation.proceed(InvocationInterceptorChain.java:106)
	at org.junit.jupiter.engine.execution.InvocationInterceptorChain.proceed(InvocationInterceptorChain.java:64)
	at org.junit.jupiter.engine.execution.InvocationInterceptorChain.chainAndInvoke(InvocationInterceptorChain.java:45)
	at org.junit.jupiter.engine.execution.InvocationInterceptorChain.invoke(InvocationInterceptorChain.java:37)
	at org.junit.jupiter.engine.execution.ExecutableInvoker.invoke(ExecutableInvoker.java:104)
	at org.junit.jupiter.engine.execution.ExecutableInvoker.invoke(ExecutableInvoker.java:98)
	at org.junit.jupiter.engine.descriptor.TestMethodTestDescriptor.lambda$invokeTestMethod$7(TestMethodTestDescriptor.java:214)
	at org.junit.platform.engine.support.hierarchical.ThrowableCollector.execute(ThrowableCollector.java:73)
	at org.junit.jupiter.engine.descriptor.TestMethodTestDescriptor.invokeTestMethod(TestMethodTestDescriptor.java:210)
	at org.junit.jupiter.engine.descriptor.TestMethodTestDescriptor.execute(TestMethodTestDescriptor.java:135)
	at org.junit.jupiter.engine.descriptor.TestMethodTestDescriptor.execute(TestMethodTestDescriptor.java:66)
	at org.junit.platform.engine.support.hierarchical.NodeTestTask.lambda$executeRecursively$6(NodeTestTask.java:151)
	at org.junit.platform.engine.support.hierarchical.ThrowableCollector.execute(ThrowableCollector.java:73)
	at org.junit.platform.engine.support.hierarchical.NodeTestTask.lambda$executeRecursively$8(NodeTestTask.java:141)
	at org.junit.platform.engine.support.hierarchical.Node.around(Node.java:137)
	at org.junit.platform.engine.support.hierarchical.NodeTestTask.lambda$executeRecursively$9(NodeTestTask.java:139)
	at org.junit.platform.engine.support.hierarchical.ThrowableCollector.execute(ThrowableCollector.java:73)
	at org.junit.platform.engine.support.hierarchical.NodeTestTask.executeRecursively(NodeTestTask.java:138)
	at org.junit.platform.engine.support.hierarchical.NodeTestTask.execute(NodeTestTask.java:95)
	at org.junit.platform.engine.support.hierarchical.SameThreadHierarchicalTestExecutorService.submit(SameThreadHierarchicalTestExecutorService.java:35)
	at org.junit.platform.engine.support.hierarchical.NodeTestTask$DefaultDynamicTestExecutor.execute(NodeTestTask.java:226)
	at org.junit.platform.engine.support.hierarchical.NodeTestTask$DefaultDynamicTestExecutor.execute(NodeTestTask.java:204)
	at org.junit.jupiter.engine.descriptor.TestTemplateTestDescriptor.execute(TestTemplateTestDescriptor.java:139)
	at org.junit.jupiter.engine.descriptor.TestTemplateTestDescriptor.lambda$execute$2(TestTemplateTestDescriptor.java:107)
	at java.util.stream.ForEachOps$ForEachOp$OfRef.accept(ForEachOps.java:183)
	at java.util.stream.ReferencePipeline$3$1.accept(ReferencePipeline.java:193)
	at java.util.stream.ReferencePipeline$2$1.accept(ReferencePipeline.java:175)
	at java.util.stream.ReferencePipeline$3$1.accept(ReferencePipeline.java:193)
	at java.util.stream.ForEachOps$ForEachOp$OfRef.accept(ForEachOps.java:183)
	at java.util.stream.ReferencePipeline$3$1.accept(ReferencePipeline.java:193)
	at java.util.stream.ReferencePipeline$3$1.accept(ReferencePipeline.java:193)
	at java.util.stream.ReferencePipeline$3$1.accept(ReferencePipeline.java:193)
	at java.util.stream.ForEachOps$ForEachOp$OfRef.accept(ForEachOps.java:183)
	at java.util.stream.ReferencePipeline$3$1.accept(ReferencePipeline.java:193)
	at java.util.Spliterators$ArraySpliterator.forEachRemaining(Spliterators.java:948)
	at java.util.stream.ReferencePipeline$Head.forEach(ReferencePipeline.java:647)
	at java.util.stream.ReferencePipeline$7$1.accept(ReferencePipeline.java:272)
	at java.util.stream.ReferencePipeline$3$1.accept(ReferencePipeline.java:193)
	at java.util.stream.ReferencePipeline$3$1.accept(ReferencePipeline.java:193)
	at java.util.Spliterators$ArraySpliterator.forEachRemaining(Spliterators.java:948)
	at java.util.stream.AbstractPipeline.copyInto(AbstractPipeline.java:482)
	at java.util.stream.AbstractPipeline.wrapAndCopyInto(AbstractPipeline.java:472)
	at java.util.stream.ForEachOps$ForEachOp.evaluateSequential(ForEachOps.java:150)
	at java.util.stream.ForEachOps$ForEachOp$OfRef.evaluateSequential(ForEachOps.java:173)
	at java.util.stream.AbstractPipeline.evaluate(AbstractPipeline.java:234)
	at java.util.stream.ReferencePipeline.forEach(ReferencePipeline.java:485)
	at java.util.stream.ReferencePipeline$7$1.accept(ReferencePipeline.java:272)
	at java.util.stream.ReferencePipeline$3$1.accept(ReferencePipeline.java:193)
	at java.util.stream.ReferencePipeline$3$1.accept(ReferencePipeline.java:193)
	at java.util.stream.ReferencePipeline$3$1.accept(ReferencePipeline.java:193)
	at java.util.ArrayList$ArrayListSpliterator.forEachRemaining(ArrayList.java:1384)
	at java.util.stream.AbstractPipeline.copyInto(AbstractPipeline.java:482)
	at java.util.stream.AbstractPipeline.wrapAndCopyInto(AbstractPipeline.java:472)
	at java.util.stream.ForEachOps$ForEachOp.evaluateSequential(ForEachOps.java:150)
	at java.util.stream.ForEachOps$ForEachOp$OfRef.evaluateSequential(ForEachOps.java:173)
	at java.util.stream.AbstractPipeline.evaluate(AbstractPipeline.java:234)
	at java.util.stream.ReferencePipeline.forEach(ReferencePipeline.java:485)
	at java.util.stream.ReferencePipeline$7$1.accept(ReferencePipeline.java:272)
	at java.util.ArrayList$ArrayListSpliterator.forEachRemaining(ArrayList.java:1384)
	at java.util.stream.AbstractPipeline.copyInto(AbstractPipeline.java:482)
	at java.util.stream.AbstractPipeline.wrapAndCopyInto(AbstractPipeline.java:472)
	at java.util.stream.ForEachOps$ForEachOp.evaluateSequential(ForEachOps.java:150)
	at java.util.stream.ForEachOps$ForEachOp$OfRef.evaluateSequential(ForEachOps.java:173)
	at java.util.stream.AbstractPipeline.evaluate(AbstractPipeline.java:234)
	at java.util.stream.ReferencePipeline.forEach(ReferencePipeline.java:485)
	at org.junit.jupiter.engine.descriptor.TestTemplateTestDescriptor.execute(TestTemplateTestDescriptor.java:107)
	at org.junit.jupiter.engine.descriptor.TestTemplateTestDescriptor.execute(TestTemplateTestDescriptor.java:42)
	at org.junit.platform.engine.support.hierarchical.NodeTestTask.lambda$executeRecursively$6(NodeTestTask.java:151)
	at org.junit.platform.engine.support.hierarchical.ThrowableCollector.execute(ThrowableCollector.java:73)
	at org.junit.platform.engine.support.hierarchical.NodeTestTask.lambda$executeRecursively$8(NodeTestTask.java:141)
	at org.junit.platform.engine.support.hierarchical.Node.around(Node.java:137)
	at org.junit.platform.engine.support.hierarchical.NodeTestTask.lambda$executeRecursively$9(NodeTestTask.java:139)
	at org.junit.platform.engine.support.hierarchical.ThrowableCollector.execute(ThrowableCollector.java:73)
	at org.junit.platform.engine.support.hierarchical.NodeTestTask.executeRecursively(NodeTestTask.java:138)
	at org.junit.platform.engine.support.hierarchical.NodeTestTask.execute(NodeTestTask.java:95)
	at java.util.ArrayList.forEach(ArrayList.java:1259)
	at org.junit.platform.engine.support.hierarchical.SameThreadHierarchicalTestExecutorService.invokeAll(SameThreadHierarchicalTestExecutorService.java:41)
	at org.junit.platform.engine.support.hierarchical.NodeTestTask.lambda$executeRecursively$6(NodeTestTask.java:155)
	at org.junit.platform.engine.support.hierarchical.ThrowableCollector.execute(ThrowableCollector.java:73)
	at org.junit.platform.engine.support.hierarchical.NodeTestTask.lambda$executeRecursively$8(NodeTestTask.java:141)
	at org.junit.platform.engine.support.hierarchical.Node.around(Node.java:137)
	at org.junit.platform.engine.support.hierarchical.NodeTestTask.lambda$executeRecursively$9(NodeTestTask.java:139)
	at org.junit.platform.engine.support.hierarchical.ThrowableCollector.execute(ThrowableCollector.java:73)
	at org.junit.platform.engine.support.hierarchical.NodeTestTask.executeRecursively(NodeTestTask.java:138)
	at org.junit.platform.engine.support.hierarchical.NodeTestTask.execute(NodeTestTask.java:95)
	at java.util.ArrayList.forEach(ArrayList.java:1259)
	at org.junit.platform.engine.support.hierarchical.SameThreadHierarchicalTestExecutorService.invokeAll(SameThreadHierarchicalTestExecutorService.java:41)
	at org.junit.platform.engine.support.hierarchical.NodeTestTask.lambda$executeRecursively$6(NodeTestTask.java:155)
	at org.junit.platform.engine.support.hierarchical.ThrowableCollector.execute(ThrowableCollector.java:73)
	at org.junit.platform.engine.support.hierarchical.NodeTestTask.lambda$executeRecursively$8(NodeTestTask.java:141)
	at org.junit.platform.engine.support.hierarchical.Node.around(Node.java:137)
	at org.junit.platform.engine.support.hierarchical.NodeTestTask.lambda$executeRecursively$9(NodeTestTask.java:139)
	at org.junit.platform.engine.support.hierarchical.ThrowableCollector.execute(ThrowableCollector.java:73)
	at org.junit.platform.engine.support.hierarchical.NodeTestTask.executeRecursively(NodeTestTask.java:138)
	at org.junit.platform.engine.support.hierarchical.NodeTestTask.execute(NodeTestTask.java:95)
	at org.junit.platform.engine.support.hierarchical.SameThreadHierarchicalTestExecutorService.submit(SameThreadHierarchicalTestExecutorService.java:35)
	at org.junit.platform.engine.support.hierarchical.HierarchicalTestExecutor.execute(HierarchicalTestExecutor.java:57)
	at org.junit.platform.engine.support.hierarchical.HierarchicalTestEngine.execute(HierarchicalTestEngine.java:54)
	at org.junit.platform.launcher.core.EngineExecutionOrchestrator.execute(EngineExecutionOrchestrator.java:107)
	at org.junit.platform.launcher.core.EngineExecutionOrchestrator.execute(EngineExecutionOrchestrator.java:88)
	at org.junit.platform.launcher.core.EngineExecutionOrchestrator.lambda$execute$0(EngineExecutionOrchestrator.java:54)
	at org.junit.platform.launcher.core.EngineExecutionOrchestrator.withInterceptedStreams(EngineExecutionOrchestrator.java:67)
	at org.junit.platform.launcher.core.EngineExecutionOrchestrator.execute(EngineExecutionOrchestrator.java:52)
	at org.junit.platform.launcher.core.DefaultLauncher.execute(DefaultLauncher.java:114)
	at org.junit.platform.launcher.core.DefaultLauncher.execute(DefaultLauncher.java:86)
	at org.junit.platform.launcher.core.DefaultLauncherSession$DelegatingLauncher.execute(DefaultLauncherSession.java:86)
	at org.junit.platform.launcher.core.SessionPerRequestLauncher.execute(SessionPerRequestLauncher.java:53)
	at org.apache.maven.surefire.junitplatform.JUnitPlatformProvider.execute(JUnitPlatformProvider.java:188)
	at org.apache.maven.surefire.junitplatform.JUnitPlatformProvider.invokeAllTests(JUnitPlatformProvider.java:154)
	at org.apache.maven.surefire.junitplatform.JUnitPlatformProvider.invoke(JUnitPlatformProvider.java:124)
	at org.apache.maven.surefire.booter.ForkedBooter.runSuitesInProcess(ForkedBooter.java:428)
	at org.apache.maven.surefire.booter.ForkedBooter.execute(ForkedBooter.java:162)
	at org.apache.maven.surefire.booter.ForkedBooter.run(ForkedBooter.java:562)
	at org.apache.maven.surefire.booter.ForkedBooter.main(ForkedBooter.java:548)
2023-04-19 02:32:58,873 [SCMBlockDeletingService#0] DEBUG block.SCMBlockDeletingService (SCMBlockDeletingService.java:shouldRun(251)) - Check scm block delete run: true serviceStatus: RUNNING safemodeExitRunDelayMillis: 3000 alreadyWaitTimeInMillis: 8867
2023-04-19 02:32:58,873 [SCMBlockDeletingService#0] DEBUG block.SCMBlockDeletingService (SCMBlockDeletingService.java:call(154)) - Running DeletedBlockTransactionScanner
2023-04-19 02:32:58,875 [BlockDeletingService#2] INFO  interfaces.ContainerDeletionChoosingPolicyTemplate (ContainerDeletionChoosingPolicyTemplate.java:chooseContainerForBlockDeletion(83)) - Chosen 0/5000 blocks from 0 candidate containers.
2023-04-19 02:32:58,876 [BlockDeletingService#5] INFO  interfaces.ContainerDeletionChoosingPolicyTemplate (ContainerDeletionChoosingPolicyTemplate.java:chooseContainerForBlockDeletion(83)) - Chosen 0/5000 blocks from 0 candidate containers.
2023-04-19 02:32:58,876 [BlockDeletingService#2] INFO  interfaces.ContainerDeletionChoosingPolicyTemplate (ContainerDeletionChoosingPolicyTemplate.java:chooseContainerForBlockDeletion(83)) - Chosen 0/5000 blocks from 0 candidate containers.
2023-04-19 02:32:58,947 [FixedThreadPoolWithAffinityExecutor-0-0] INFO  container.ContainerReportHandler (AbstractContainerReportHandler.java:updateContainerState(292)) - Moving container #1 to CLOSED state, datanode 15488c1c-ff1a-49f6-9596-cf663845e1ec(fv-az127-56.h3uyzbqov44edfyrgkjongjtha.bx.internal.cloudapp.net/10.1.164.0) reported CLOSED replica.
2023-04-19 02:32:58,947 [FixedThreadPoolWithAffinityExecutor-0-0] INFO  container.ContainerReportHandler (AbstractContainerReportHandler.java:updateContainerState(292)) - Moving container #2 to CLOSED state, datanode 15488c1c-ff1a-49f6-9596-cf663845e1ec(fv-az127-56.h3uyzbqov44edfyrgkjongjtha.bx.internal.cloudapp.net/10.1.164.0) reported CLOSED replica.
2023-04-19 02:32:58,948 [FixedThreadPoolWithAffinityExecutor-0-0] INFO  container.ContainerReportHandler (AbstractContainerReportHandler.java:updateContainerState(292)) - Moving container #3 to CLOSED state, datanode 15488c1c-ff1a-49f6-9596-cf663845e1ec(fv-az127-56.h3uyzbqov44edfyrgkjongjtha.bx.internal.cloudapp.net/10.1.164.0) reported CLOSED replica.
2023-04-19 02:32:58,948 [FixedThreadPoolWithAffinityExecutor-0-0] INFO  container.ContainerReportHandler (AbstractContainerReportHandler.java:updateContainerState(292)) - Moving container #4 to CLOSED state, datanode 15488c1c-ff1a-49f6-9596-cf663845e1ec(fv-az127-56.h3uyzbqov44edfyrgkjongjtha.bx.internal.cloudapp.net/10.1.164.0) reported CLOSED replica.
2023-04-19 02:32:58,948 [FixedThreadPoolWithAffinityExecutor-0-0] INFO  container.ContainerReportHandler (AbstractContainerReportHandler.java:updateContainerState(292)) - Moving container #5 to CLOSED state, datanode 15488c1c-ff1a-49f6-9596-cf663845e1ec(fv-az127-56.h3uyzbqov44edfyrgkjongjtha.bx.internal.cloudapp.net/10.1.164.0) reported CLOSED replica.
2023-04-19 02:32:58,948 [FixedThreadPoolWithAffinityExecutor-0-0] INFO  container.ContainerReportHandler (AbstractContainerReportHandler.java:updateContainerState(292)) - Moving container #6 to CLOSED state, datanode 15488c1c-ff1a-49f6-9596-cf663845e1ec(fv-az127-56.h3uyzbqov44edfyrgkjongjtha.bx.internal.cloudapp.net/10.1.164.0) reported CLOSED replica.
2023-04-19 02:32:58,973 [SCMBlockDeletingService#0] DEBUG block.SCMBlockDeletingService (SCMBlockDeletingService.java:shouldRun(251)) - Check scm block delete run: true serviceStatus: RUNNING safemodeExitRunDelayMillis: 3000 alreadyWaitTimeInMillis: 8967
2023-04-19 02:32:58,973 [SCMBlockDeletingService#0] DEBUG block.SCMBlockDeletingService (SCMBlockDeletingService.java:call(154)) - Running DeletedBlockTransactionScanner
2023-04-19 02:32:58,973 [SCMBlockDeletingService#0] DEBUG block.SCMBlockDeletingService (DatanodeDeletedBlockTransactions.java:addTransactionToDN(50)) - Transaction added: 4b35ffa0-8f73-49c2-95c0-d3e82f30c132 <- TX(1)
2023-04-19 02:32:58,973 [SCMBlockDeletingService#0] DEBUG block.SCMBlockDeletingService (DatanodeDeletedBlockTransactions.java:addTransactionToDN(50)) - Transaction added: 15488c1c-ff1a-49f6-9596-cf663845e1ec <- TX(1)
2023-04-19 02:32:58,974 [SCMBlockDeletingService#0] DEBUG block.SCMBlockDeletingService (DatanodeDeletedBlockTransactions.java:addTransactionToDN(50)) - Transaction added: bc0378cf-3bdb-433c-bc8f-db90f0932c02 <- TX(1)
2023-04-19 02:32:58,974 [SCMBlockDeletingService#0] DEBUG block.SCMBlockDeletingService (DatanodeDeletedBlockTransactions.java:addTransactionToDN(50)) - Transaction added: 4b35ffa0-8f73-49c2-95c0-d3e82f30c132 <- TX(2)
2023-04-19 02:32:58,974 [SCMBlockDeletingService#0] DEBUG block.SCMBlockDeletingService (DatanodeDeletedBlockTransactions.java:addTransactionToDN(50)) - Transaction added: 15488c1c-ff1a-49f6-9596-cf663845e1ec <- TX(2)
2023-04-19 02:32:58,974 [SCMBlockDeletingService#0] DEBUG block.SCMBlockDeletingService (DatanodeDeletedBlockTransactions.java:addTransactionToDN(50)) - Transaction added: bc0378cf-3bdb-433c-bc8f-db90f0932c02 <- TX(2)
2023-04-19 02:32:58,974 [SCMBlockDeletingService#0] DEBUG block.SCMBlockDeletingService (DatanodeDeletedBlockTransactions.java:addTransactionToDN(50)) - Transaction added: 15488c1c-ff1a-49f6-9596-cf663845e1ec <- TX(3)
2023-04-19 02:32:58,974 [SCMBlockDeletingService#0] DEBUG block.SCMBlockDeletingService (DatanodeDeletedBlockTransactions.java:addTransactionToDN(50)) - Transaction added: 4b35ffa0-8f73-49c2-95c0-d3e82f30c132 <- TX(3)
2023-04-19 02:32:58,974 [SCMBlockDeletingService#0] DEBUG block.SCMBlockDeletingService (DatanodeDeletedBlockTransactions.java:addTransactionToDN(50)) - Transaction added: bc0378cf-3bdb-433c-bc8f-db90f0932c02 <- TX(3)
2023-04-19 02:32:58,974 [SCMBlockDeletingService#0] DEBUG block.SCMBlockDeletingService (DatanodeDeletedBlockTransactions.java:addTransactionToDN(50)) - Transaction added: bc0378cf-3bdb-433c-bc8f-db90f0932c02 <- TX(4)
2023-04-19 02:32:58,974 [SCMBlockDeletingService#0] DEBUG block.SCMBlockDeletingService (DatanodeDeletedBlockTransactions.java:addTransactionToDN(50)) - Transaction added: 15488c1c-ff1a-49f6-9596-cf663845e1ec <- TX(4)
2023-04-19 02:32:58,974 [SCMBlockDeletingService#0] DEBUG block.SCMBlockDeletingService (DatanodeDeletedBlockTransactions.java:addTransactionToDN(50)) - Transaction added: 4b35ffa0-8f73-49c2-95c0-d3e82f30c132 <- TX(4)
2023-04-19 02:32:58,974 [SCMBlockDeletingService#0] DEBUG block.SCMBlockDeletingService (DatanodeDeletedBlockTransactions.java:addTransactionToDN(50)) - Transaction added: bc0378cf-3bdb-433c-bc8f-db90f0932c02 <- TX(5)
2023-04-19 02:32:58,974 [SCMBlockDeletingService#0] DEBUG block.SCMBlockDeletingService (DatanodeDeletedBlockTransactions.java:addTransactionToDN(50)) - Transaction added: 4b35ffa0-8f73-49c2-95c0-d3e82f30c132 <- TX(5)
2023-04-19 02:32:58,974 [SCMBlockDeletingService#0] DEBUG block.SCMBlockDeletingService (DatanodeDeletedBlockTransactions.java:addTransactionToDN(50)) - Transaction added: 15488c1c-ff1a-49f6-9596-cf663845e1ec <- TX(5)
2023-04-19 02:32:58,974 [SCMBlockDeletingService#0] DEBUG block.SCMBlockDeletingService (DatanodeDeletedBlockTransactions.java:addTransactionToDN(50)) - Transaction added: bc0378cf-3bdb-433c-bc8f-db90f0932c02 <- TX(6)
2023-04-19 02:32:58,974 [SCMBlockDeletingService#0] DEBUG block.SCMBlockDeletingService (DatanodeDeletedBlockTransactions.java:addTransactionToDN(50)) - Transaction added: 4b35ffa0-8f73-49c2-95c0-d3e82f30c132 <- TX(6)
2023-04-19 02:32:58,974 [SCMBlockDeletingService#0] DEBUG block.SCMBlockDeletingService (DatanodeDeletedBlockTransactions.java:addTransactionToDN(50)) - Transaction added: 15488c1c-ff1a-49f6-9596-cf663845e1ec <- TX(6)
2023-04-19 02:32:58,975 [SCMBlockDeletingService#0] DEBUG block.SCMBlockDeletingService (SCMBlockDeletingService.java:call(189)) - Added delete block command for datanode 15488c1c-ff1a-49f6-9596-cf663845e1ec in the queue, number of delete block transactions: 6
2023-04-19 02:32:58,975 [SCMBlockDeletingService#0] DEBUG block.SCMBlockDeletingService (SCMBlockDeletingService.java:call(189)) - Added delete block command for datanode bc0378cf-3bdb-433c-bc8f-db90f0932c02 in the queue, number of delete block transactions: 6
2023-04-19 02:32:58,975 [SCMBlockDeletingService#0] DEBUG block.SCMBlockDeletingService (SCMBlockDeletingService.java:call(189)) - Added delete block command for datanode 4b35ffa0-8f73-49c2-95c0-d3e82f30c132 in the queue, number of delete block transactions: 6
2023-04-19 02:32:58,975 [SCMBlockDeletingService#0] INFO  block.SCMBlockDeletingService (SCMBlockDeletingService.java:call(198)) - Totally added 18 blocks to be deleted for 3 datanodes, task elapsed time: 2ms
2023-04-19 02:32:58,976 [BlockDeletingService#2] INFO  interfaces.ContainerDeletionChoosingPolicyTemplate (ContainerDeletionChoosingPolicyTemplate.java:chooseContainerForBlockDeletion(83)) - Chosen 0/5000 blocks from 0 candidate containers.
2023-04-19 02:32:58,976 [BlockDeletingService#5] INFO  interfaces.ContainerDeletionChoosingPolicyTemplate (ContainerDeletionChoosingPolicyTemplate.java:chooseContainerForBlockDeletion(83)) - Chosen 0/5000 blocks from 0 candidate containers.
2023-04-19 02:32:58,976 [BlockDeletingService#2] INFO  interfaces.ContainerDeletionChoosingPolicyTemplate (ContainerDeletionChoosingPolicyTemplate.java:chooseContainerForBlockDeletion(83)) - Chosen 0/5000 blocks from 0 candidate containers.
2023-04-19 02:32:59,073 [SCMBlockDeletingService#0] DEBUG block.SCMBlockDeletingService (SCMBlockDeletingService.java:shouldRun(251)) - Check scm block delete run: true serviceStatus: RUNNING safemodeExitRunDelayMillis: 3000 alreadyWaitTimeInMillis: 9067
2023-04-19 02:32:59,073 [SCMBlockDeletingService#0] DEBUG block.SCMBlockDeletingService (SCMBlockDeletingService.java:call(154)) - Running DeletedBlockTransactionScanner
2023-04-19 02:32:59,076 [BlockDeletingService#2] INFO  interfaces.ContainerDeletionChoosingPolicyTemplate (ContainerDeletionChoosingPolicyTemplate.java:chooseContainerForBlockDeletion(83)) - Chosen 0/5000 blocks from 0 candidate containers.
2023-04-19 02:32:59,076 [BlockDeletingService#5] INFO  interfaces.ContainerDeletionChoosingPolicyTemplate (ContainerDeletionChoosingPolicyTemplate.java:chooseContainerForBlockDeletion(83)) - Chosen 0/5000 blocks from 0 candidate containers.
2023-04-19 02:32:59,076 [BlockDeletingService#2] INFO  interfaces.ContainerDeletionChoosingPolicyTemplate (ContainerDeletionChoosingPolicyTemplate.java:chooseContainerForBlockDeletion(83)) - Chosen 0/5000 blocks from 0 candidate containers.
2023-04-19 02:32:59,173 [SCMBlockDeletingService#0] DEBUG block.SCMBlockDeletingService (SCMBlockDeletingService.java:shouldRun(251)) - Check scm block delete run: true serviceStatus: RUNNING safemodeExitRunDelayMillis: 3000 alreadyWaitTimeInMillis: 9167
2023-04-19 02:32:59,173 [SCMBlockDeletingService#0] DEBUG block.SCMBlockDeletingService (SCMBlockDeletingService.java:call(154)) - Running DeletedBlockTransactionScanner
2023-04-19 02:32:59,173 [SCMBlockDeletingService#0] DEBUG block.SCMBlockDeletingService (DatanodeDeletedBlockTransactions.java:addTransactionToDN(50)) - Transaction added: 4b35ffa0-8f73-49c2-95c0-d3e82f30c132 <- TX(1)
2023-04-19 02:32:59,173 [SCMBlockDeletingService#0] DEBUG block.SCMBlockDeletingService (DatanodeDeletedBlockTransactions.java:addTransactionToDN(50)) - Transaction added: 15488c1c-ff1a-49f6-9596-cf663845e1ec <- TX(1)
2023-04-19 02:32:59,174 [SCMBlockDeletingService#0] DEBUG block.SCMBlockDeletingService (DatanodeDeletedBlockTransactions.java:addTransactionToDN(50)) - Transaction added: bc0378cf-3bdb-433c-bc8f-db90f0932c02 <- TX(1)
2023-04-19 02:32:59,174 [SCMBlockDeletingService#0] DEBUG block.SCMBlockDeletingService (DatanodeDeletedBlockTransactions.java:addTransactionToDN(50)) - Transaction added: 4b35ffa0-8f73-49c2-95c0-d3e82f30c132 <- TX(2)
2023-04-19 02:32:59,174 [SCMBlockDeletingService#0] DEBUG block.SCMBlockDeletingService (DatanodeDeletedBlockTransactions.java:addTransactionToDN(50)) - Transaction added: 15488c1c-ff1a-49f6-9596-cf663845e1ec <- TX(2)
2023-04-19 02:32:59,174 [SCMBlockDeletingService#0] DEBUG block.SCMBlockDeletingService (DatanodeDeletedBlockTransactions.java:addTransactionToDN(50)) - Transaction added: bc0378cf-3bdb-433c-bc8f-db90f0932c02 <- TX(2)
2023-04-19 02:32:59,174 [SCMBlockDeletingService#0] DEBUG block.SCMBlockDeletingService (DatanodeDeletedBlockTransactions.java:addTransactionToDN(50)) - Transaction added: 15488c1c-ff1a-49f6-9596-cf663845e1ec <- TX(3)
2023-04-19 02:32:59,174 [SCMBlockDeletingService#0] DEBUG block.SCMBlockDeletingService (DatanodeDeletedBlockTransactions.java:addTransactionToDN(50)) - Transaction added: 4b35ffa0-8f73-49c2-95c0-d3e82f30c132 <- TX(3)
2023-04-19 02:32:59,174 [SCMBlockDeletingService#0] DEBUG block.SCMBlockDeletingService (DatanodeDeletedBlockTransactions.java:addTransactionToDN(50)) - Transaction added: bc0378cf-3bdb-433c-bc8f-db90f0932c02 <- TX(3)
2023-04-19 02:32:59,174 [SCMBlockDeletingService#0] DEBUG block.SCMBlockDeletingService (DatanodeDeletedBlockTransactions.java:addTransactionToDN(50)) - Transaction added: bc0378cf-3bdb-433c-bc8f-db90f0932c02 <- TX(4)
2023-04-19 02:32:59,174 [SCMBlockDeletingService#0] DEBUG block.SCMBlockDeletingService (DatanodeDeletedBlockTransactions.java:addTransactionToDN(50)) - Transaction added: 15488c1c-ff1a-49f6-9596-cf663845e1ec <- TX(4)
2023-04-19 02:32:59,174 [SCMBlockDeletingService#0] DEBUG block.SCMBlockDeletingService (DatanodeDeletedBlockTransactions.java:addTransactionToDN(50)) - Transaction added: 4b35ffa0-8f73-49c2-95c0-d3e82f30c132 <- TX(4)
2023-04-19 02:32:59,174 [SCMBlockDeletingService#0] DEBUG block.SCMBlockDeletingService (DatanodeDeletedBlockTransactions.java:addTransactionToDN(50)) - Transaction added: bc0378cf-3bdb-433c-bc8f-db90f0932c02 <- TX(5)
2023-04-19 02:32:59,174 [SCMBlockDeletingService#0] DEBUG block.SCMBlockDeletingService (DatanodeDeletedBlockTransactions.java:addTransactionToDN(50)) - Transaction added: 4b35ffa0-8f73-49c2-95c0-d3e82f30c132 <- TX(5)
2023-04-19 02:32:59,174 [SCMBlockDeletingService#0] DEBUG block.SCMBlockDeletingService (DatanodeDeletedBlockTransactions.java:addTransactionToDN(50)) - Transaction added: 15488c1c-ff1a-49f6-9596-cf663845e1ec <- TX(5)
2023-04-19 02:32:59,174 [SCMBlockDeletingService#0] DEBUG block.SCMBlockDeletingService (DatanodeDeletedBlockTransactions.java:addTransactionToDN(50)) - Transaction added: bc0378cf-3bdb-433c-bc8f-db90f0932c02 <- TX(6)
2023-04-19 02:32:59,174 [SCMBlockDeletingService#0] DEBUG block.SCMBlockDeletingService (DatanodeDeletedBlockTransactions.java:addTransactionToDN(50)) - Transaction added: 4b35ffa0-8f73-49c2-95c0-d3e82f30c132 <- TX(6)
2023-04-19 02:32:59,174 [SCMBlockDeletingService#0] DEBUG block.SCMBlockDeletingService (DatanodeDeletedBlockTransactions.java:addTransactionToDN(50)) - Transaction added: 15488c1c-ff1a-49f6-9596-cf663845e1ec <- TX(6)
2023-04-19 02:32:59,174 [SCMBlockDeletingService#0] DEBUG block.SCMBlockDeletingService (SCMBlockDeletingService.java:call(189)) - Added delete block command for datanode 15488c1c-ff1a-49f6-9596-cf663845e1ec in the queue, number of delete block transactions: 6
2023-04-19 02:32:59,174 [SCMBlockDeletingService#0] DEBUG block.SCMBlockDeletingService (SCMBlockDeletingService.java:call(189)) - Added delete block command for datanode bc0378cf-3bdb-433c-bc8f-db90f0932c02 in the queue, number of delete block transactions: 6
2023-04-19 02:32:59,174 [SCMBlockDeletingService#0] DEBUG block.SCMBlockDeletingService (SCMBlockDeletingService.java:call(189)) - Added delete block command for datanode 4b35ffa0-8f73-49c2-95c0-d3e82f30c132 in the queue, number of delete block transactions: 6
2023-04-19 02:32:59,174 [SCMBlockDeletingService#0] INFO  block.SCMBlockDeletingService (SCMBlockDeletingService.java:call(198)) - Totally added 18 blocks to be deleted for 3 datanodes, task elapsed time: 2ms
2023-04-19 02:32:59,176 [BlockDeletingService#2] INFO  interfaces.ContainerDeletionChoosingPolicyTemplate (ContainerDeletionChoosingPolicyTemplate.java:chooseContainerForBlockDeletion(83)) - Chosen 0/5000 blocks from 0 candidate containers.
2023-04-19 02:32:59,176 [BlockDeletingService#5] INFO  interfaces.ContainerDeletionChoosingPolicyTemplate (ContainerDeletionChoosingPolicyTemplate.java:chooseContainerForBlockDeletion(83)) - Chosen 0/5000 blocks from 0 candidate containers.
2023-04-19 02:32:59,176 [BlockDeletingService#2] INFO  interfaces.ContainerDeletionChoosingPolicyTemplate (ContainerDeletionChoosingPolicyTemplate.java:chooseContainerForBlockDeletion(83)) - Chosen 0/5000 blocks from 0 candidate containers.
2023-04-19 02:32:59,273 [SCMBlockDeletingService#0] DEBUG block.SCMBlockDeletingService (SCMBlockDeletingService.java:shouldRun(251)) - Check scm block delete run: true serviceStatus: RUNNING safemodeExitRunDelayMillis: 3000 alreadyWaitTimeInMillis: 9267
2023-04-19 02:32:59,273 [SCMBlockDeletingService#0] DEBUG block.SCMBlockDeletingService (SCMBlockDeletingService.java:call(154)) - Running DeletedBlockTransactionScanner
2023-04-19 02:32:59,276 [BlockDeletingService#2] INFO  interfaces.ContainerDeletionChoosingPolicyTemplate (ContainerDeletionChoosingPolicyTemplate.java:chooseContainerForBlockDeletion(83)) - Chosen 0/5000 blocks from 0 candidate containers.
2023-04-19 02:32:59,277 [BlockDeletingService#5] INFO  interfaces.ContainerDeletionChoosingPolicyTemplate (ContainerDeletionChoosingPolicyTemplate.java:chooseContainerForBlockDeletion(83)) - Chosen 0/5000 blocks from 0 candidate containers.
2023-04-19 02:32:59,277 [BlockDeletingService#2] INFO  interfaces.ContainerDeletionChoosingPolicyTemplate (ContainerDeletionChoosingPolicyTemplate.java:chooseContainerForBlockDeletion(83)) - Chosen 0/5000 blocks from 0 candidate containers.
2023-04-19 02:32:59,373 [SCMBlockDeletingService#0] DEBUG block.SCMBlockDeletingService (SCMBlockDeletingService.java:shouldRun(251)) - Check scm block delete run: true serviceStatus: RUNNING safemodeExitRunDelayMillis: 3000 alreadyWaitTimeInMillis: 9367
2023-04-19 02:32:59,373 [SCMBlockDeletingService#0] DEBUG block.SCMBlockDeletingService (SCMBlockDeletingService.java:call(154)) - Running DeletedBlockTransactionScanner
2023-04-19 02:32:59,374 [SCMBlockDeletingService#0] DEBUG block.SCMBlockDeletingService (DatanodeDeletedBlockTransactions.java:addTransactionToDN(50)) - Transaction added: 4b35ffa0-8f73-49c2-95c0-d3e82f30c132 <- TX(1)
2023-04-19 02:32:59,374 [SCMBlockDeletingService#0] DEBUG block.SCMBlockDeletingService (DatanodeDeletedBlockTransactions.java:addTransactionToDN(50)) - Transaction added: 15488c1c-ff1a-49f6-9596-cf663845e1ec <- TX(1)
2023-04-19 02:32:59,374 [SCMBlockDeletingService#0] DEBUG block.SCMBlockDeletingService (DatanodeDeletedBlockTransactions.java:addTransactionToDN(50)) - Transaction added: bc0378cf-3bdb-433c-bc8f-db90f0932c02 <- TX(1)
2023-04-19 02:32:59,374 [SCMBlockDeletingService#0] DEBUG block.SCMBlockDeletingService (DatanodeDeletedBlockTransactions.java:addTransactionToDN(50)) - Transaction added: 4b35ffa0-8f73-49c2-95c0-d3e82f30c132 <- TX(2)
2023-04-19 02:32:59,374 [SCMBlockDeletingService#0] DEBUG block.SCMBlockDeletingService (DatanodeDeletedBlockTransactions.java:addTransactionToDN(50)) - Transaction added: 15488c1c-ff1a-49f6-9596-cf663845e1ec <- TX(2)
2023-04-19 02:32:59,374 [SCMBlockDeletingService#0] DEBUG block.SCMBlockDeletingService (DatanodeDeletedBlockTransactions.java:addTransactionToDN(50)) - Transaction added: bc0378cf-3bdb-433c-bc8f-db90f0932c02 <- TX(2)
2023-04-19 02:32:59,374 [SCMBlockDeletingService#0] DEBUG block.SCMBlockDeletingService (DatanodeDeletedBlockTransactions.java:addTransactionToDN(50)) - Transaction added: 15488c1c-ff1a-49f6-9596-cf663845e1ec <- TX(3)
2023-04-19 02:32:59,374 [SCMBlockDeletingService#0] DEBUG block.SCMBlockDeletingService (DatanodeDeletedBlockTransactions.java:addTransactionToDN(50)) - Transaction added: 4b35ffa0-8f73-49c2-95c0-d3e82f30c132 <- TX(3)
2023-04-19 02:32:59,374 [SCMBlockDeletingService#0] DEBUG block.SCMBlockDeletingService (DatanodeDeletedBlockTransactions.java:addTransactionToDN(50)) - Transaction added: bc0378cf-3bdb-433c-bc8f-db90f0932c02 <- TX(3)
2023-04-19 02:32:59,374 [SCMBlockDeletingService#0] DEBUG block.SCMBlockDeletingService (DatanodeDeletedBlockTransactions.java:addTransactionToDN(50)) - Transaction added: bc0378cf-3bdb-433c-bc8f-db90f0932c02 <- TX(4)
2023-04-19 02:32:59,374 [SCMBlockDeletingService#0] DEBUG block.SCMBlockDeletingService (DatanodeDeletedBlockTransactions.java:addTransactionToDN(50)) - Transaction added: 15488c1c-ff1a-49f6-9596-cf663845e1ec <- TX(4)
2023-04-19 02:32:59,374 [SCMBlockDeletingService#0] DEBUG block.SCMBlockDeletingService (DatanodeDeletedBlockTransactions.java:addTransactionToDN(50)) - Transaction added: 4b35ffa0-8f73-49c2-95c0-d3e82f30c132 <- TX(4)
2023-04-19 02:32:59,374 [SCMBlockDeletingService#0] DEBUG block.SCMBlockDeletingService (DatanodeDeletedBlockTransactions.java:addTransactionToDN(50)) - Transaction added: bc0378cf-3bdb-433c-bc8f-db90f0932c02 <- TX(5)
2023-04-19 02:32:59,374 [SCMBlockDeletingService#0] DEBUG block.SCMBlockDeletingService (DatanodeDeletedBlockTransactions.java:addTransactionToDN(50)) - Transaction added: 4b35ffa0-8f73-49c2-95c0-d3e82f30c132 <- TX(5)
2023-04-19 02:32:59,374 [SCMBlockDeletingService#0] DEBUG block.SCMBlockDeletingService (DatanodeDeletedBlockTransactions.java:addTransactionToDN(50)) - Transaction added: 15488c1c-ff1a-49f6-9596-cf663845e1ec <- TX(5)
2023-04-19 02:32:59,374 [SCMBlockDeletingService#0] DEBUG block.SCMBlockDeletingService (DatanodeDeletedBlockTransactions.java:addTransactionToDN(50)) - Transaction added: bc0378cf-3bdb-433c-bc8f-db90f0932c02 <- TX(6)
2023-04-19 02:32:59,374 [SCMBlockDeletingService#0] DEBUG block.SCMBlockDeletingService (DatanodeDeletedBlockTransactions.java:addTransactionToDN(50)) - Transaction added: 4b35ffa0-8f73-49c2-95c0-d3e82f30c132 <- TX(6)
2023-04-19 02:32:59,374 [SCMBlockDeletingService#0] DEBUG block.SCMBlockDeletingService (DatanodeDeletedBlockTransactions.java:addTransactionToDN(50)) - Transaction added: 15488c1c-ff1a-49f6-9596-cf663845e1ec <- TX(6)
2023-04-19 02:32:59,374 [SCMBlockDeletingService#0] DEBUG block.SCMBlockDeletingService (SCMBlockDeletingService.java:call(189)) - Added delete block command for datanode 15488c1c-ff1a-49f6-9596-cf663845e1ec in the queue, number of delete block transactions: 6
2023-04-19 02:32:59,375 [SCMBlockDeletingService#0] DEBUG block.SCMBlockDeletingService (SCMBlockDeletingService.java:call(189)) - Added delete block command for datanode bc0378cf-3bdb-433c-bc8f-db90f0932c02 in the queue, number of delete block transactions: 6
2023-04-19 02:32:59,375 [SCMBlockDeletingService#0] DEBUG block.SCMBlockDeletingService (SCMBlockDeletingService.java:call(189)) - Added delete block command for datanode 4b35ffa0-8f73-49c2-95c0-d3e82f30c132 in the queue, number of delete block transactions: 6
2023-04-19 02:32:59,375 [SCMBlockDeletingService#0] INFO  block.SCMBlockDeletingService (SCMBlockDeletingService.java:call(198)) - Totally added 18 blocks to be deleted for 3 datanodes, task elapsed time: 1ms
2023-04-19 02:32:59,377 [BlockDeletingService#2] INFO  interfaces.ContainerDeletionChoosingPolicyTemplate (ContainerDeletionChoosingPolicyTemplate.java:chooseContainerForBlockDeletion(83)) - Chosen 0/5000 blocks from 0 candidate containers.
2023-04-19 02:32:59,377 [BlockDeletingService#2] INFO  interfaces.ContainerDeletionChoosingPolicyTemplate (ContainerDeletionChoosingPolicyTemplate.java:chooseContainerForBlockDeletion(83)) - Chosen 0/5000 blocks from 0 candidate containers.
2023-04-19 02:32:59,377 [BlockDeletingService#5] INFO  interfaces.ContainerDeletionChoosingPolicyTemplate (ContainerDeletionChoosingPolicyTemplate.java:chooseContainerForBlockDeletion(83)) - Chosen 0/5000 blocks from 0 candidate containers.
2023-04-19 02:32:59,473 [SCMBlockDeletingService#0] DEBUG block.SCMBlockDeletingService (SCMBlockDeletingService.java:shouldRun(251)) - Check scm block delete run: true serviceStatus: RUNNING safemodeExitRunDelayMillis: 3000 alreadyWaitTimeInMillis: 9467
2023-04-19 02:32:59,473 [SCMBlockDeletingService#0] DEBUG block.SCMBlockDeletingService (SCMBlockDeletingService.java:call(154)) - Running DeletedBlockTransactionScanner
2023-04-19 02:32:59,477 [BlockDeletingService#2] INFO  interfaces.ContainerDeletionChoosingPolicyTemplate (ContainerDeletionChoosingPolicyTemplate.java:chooseContainerForBlockDeletion(83)) - Chosen 0/5000 blocks from 0 candidate containers.
2023-04-19 02:32:59,477 [BlockDeletingService#2] INFO  interfaces.ContainerDeletionChoosingPolicyTemplate (ContainerDeletionChoosingPolicyTemplate.java:chooseContainerForBlockDeletion(83)) - Chosen 0/5000 blocks from 0 candidate containers.
2023-04-19 02:32:59,477 [BlockDeletingService#5] INFO  interfaces.ContainerDeletionChoosingPolicyTemplate (ContainerDeletionChoosingPolicyTemplate.java:chooseContainerForBlockDeletion(83)) - Chosen 0/5000 blocks from 0 candidate containers.
2023-04-19 02:32:59,573 [SCMBlockDeletingService#0] DEBUG block.SCMBlockDeletingService (SCMBlockDeletingService.java:shouldRun(251)) - Check scm block delete run: true serviceStatus: RUNNING safemodeExitRunDelayMillis: 3000 alreadyWaitTimeInMillis: 9567
2023-04-19 02:32:59,574 [SCMBlockDeletingService#0] DEBUG block.SCMBlockDeletingService (SCMBlockDeletingService.java:call(154)) - Running DeletedBlockTransactionScanner
2023-04-19 02:32:59,574 [SCMBlockDeletingService#0] DEBUG block.SCMBlockDeletingService (DatanodeDeletedBlockTransactions.java:addTransactionToDN(50)) - Transaction added: 4b35ffa0-8f73-49c2-95c0-d3e82f30c132 <- TX(1)
2023-04-19 02:32:59,574 [SCMBlockDeletingService#0] DEBUG block.SCMBlockDeletingService (DatanodeDeletedBlockTransactions.java:addTransactionToDN(50)) - Transaction added: 15488c1c-ff1a-49f6-9596-cf663845e1ec <- TX(1)
2023-04-19 02:32:59,574 [SCMBlockDeletingService#0] DEBUG block.SCMBlockDeletingService (DatanodeDeletedBlockTransactions.java:addTransactionToDN(50)) - Transaction added: bc0378cf-3bdb-433c-bc8f-db90f0932c02 <- TX(1)
2023-04-19 02:32:59,574 [SCMBlockDeletingService#0] DEBUG block.SCMBlockDeletingService (DatanodeDeletedBlockTransactions.java:addTransactionToDN(50)) - Transaction added: 4b35ffa0-8f73-49c2-95c0-d3e82f30c132 <- TX(2)
2023-04-19 02:32:59,574 [SCMBlockDeletingService#0] DEBUG block.SCMBlockDeletingService (DatanodeDeletedBlockTransactions.java:addTransactionToDN(50)) - Transaction added: 15488c1c-ff1a-49f6-9596-cf663845e1ec <- TX(2)
2023-04-19 02:32:59,575 [SCMBlockDeletingService#0] DEBUG block.SCMBlockDeletingService (DatanodeDeletedBlockTransactions.java:addTransactionToDN(50)) - Transaction added: bc0378cf-3bdb-433c-bc8f-db90f0932c02 <- TX(2)
2023-04-19 02:32:59,575 [SCMBlockDeletingService#0] DEBUG block.SCMBlockDeletingService (DatanodeDeletedBlockTransactions.java:addTransactionToDN(50)) - Transaction added: 15488c1c-ff1a-49f6-9596-cf663845e1ec <- TX(3)
2023-04-19 02:32:59,575 [SCMBlockDeletingService#0] DEBUG block.SCMBlockDeletingService (DatanodeDeletedBlockTransactions.java:addTransactionToDN(50)) - Transaction added: 4b35ffa0-8f73-49c2-95c0-d3e82f30c132 <- TX(3)
2023-04-19 02:32:59,575 [SCMBlockDeletingService#0] DEBUG block.SCMBlockDeletingService (DatanodeDeletedBlockTransactions.java:addTransactionToDN(50)) - Transaction added: bc0378cf-3bdb-433c-bc8f-db90f0932c02 <- TX(3)
2023-04-19 02:32:59,575 [SCMBlockDeletingService#0] DEBUG block.SCMBlockDeletingService (DatanodeDeletedBlockTransactions.java:addTransactionToDN(50)) - Transaction added: bc0378cf-3bdb-433c-bc8f-db90f0932c02 <- TX(4)
2023-04-19 02:32:59,575 [SCMBlockDeletingService#0] DEBUG block.SCMBlockDeletingService (DatanodeDeletedBlockTransactions.java:addTransactionToDN(50)) - Transaction added: 15488c1c-ff1a-49f6-9596-cf663845e1ec <- TX(4)
2023-04-19 02:32:59,575 [SCMBlockDeletingService#0] DEBUG block.SCMBlockDeletingService (DatanodeDeletedBlockTransactions.java:addTransactionToDN(50)) - Transaction added: 4b35ffa0-8f73-49c2-95c0-d3e82f30c132 <- TX(4)
2023-04-19 02:32:59,575 [SCMBlockDeletingService#0] DEBUG block.SCMBlockDeletingService (DatanodeDeletedBlockTransactions.java:addTransactionToDN(50)) - Transaction added: bc0378cf-3bdb-433c-bc8f-db90f0932c02 <- TX(5)
2023-04-19 02:32:59,575 [SCMBlockDeletingService#0] DEBUG block.SCMBlockDeletingService (DatanodeDeletedBlockTransactions.java:addTransactionToDN(50)) - Transaction added: 4b35ffa0-8f73-49c2-95c0-d3e82f30c132 <- TX(5)
2023-04-19 02:32:59,575 [SCMBlockDeletingService#0] DEBUG block.SCMBlockDeletingService (DatanodeDeletedBlockTransactions.java:addTransactionToDN(50)) - Transaction added: 15488c1c-ff1a-49f6-9596-cf663845e1ec <- TX(5)
2023-04-19 02:32:59,575 [SCMBlockDeletingService#0] DEBUG block.SCMBlockDeletingService (DatanodeDeletedBlockTransactions.java:addTransactionToDN(50)) - Transaction added: bc0378cf-3bdb-433c-bc8f-db90f0932c02 <- TX(6)
2023-04-19 02:32:59,575 [SCMBlockDeletingService#0] DEBUG block.SCMBlockDeletingService (DatanodeDeletedBlockTransactions.java:addTransactionToDN(50)) - Transaction added: 4b35ffa0-8f73-49c2-95c0-d3e82f30c132 <- TX(6)
2023-04-19 02:32:59,575 [SCMBlockDeletingService#0] DEBUG block.SCMBlockDeletingService (DatanodeDeletedBlockTransactions.java:addTransactionToDN(50)) - Transaction added: 15488c1c-ff1a-49f6-9596-cf663845e1ec <- TX(6)
2023-04-19 02:32:59,575 [SCMBlockDeletingService#0] DEBUG block.SCMBlockDeletingService (SCMBlockDeletingService.java:call(189)) - Added delete block command for datanode 15488c1c-ff1a-49f6-9596-cf663845e1ec in the queue, number of delete block transactions: 6
2023-04-19 02:32:59,575 [SCMBlockDeletingService#0] DEBUG block.SCMBlockDeletingService (SCMBlockDeletingService.java:call(189)) - Added delete block command for datanode bc0378cf-3bdb-433c-bc8f-db90f0932c02 in the queue, number of delete block transactions: 6
2023-04-19 02:32:59,575 [SCMBlockDeletingService#0] DEBUG block.SCMBlockDeletingService (SCMBlockDeletingService.java:call(189)) - Added delete block command for datanode 4b35ffa0-8f73-49c2-95c0-d3e82f30c132 in the queue, number of delete block transactions: 6
2023-04-19 02:32:59,575 [SCMBlockDeletingService#0] INFO  block.SCMBlockDeletingService (SCMBlockDeletingService.java:call(198)) - Totally added 18 blocks to be deleted for 3 datanodes, task elapsed time: 1ms
2023-04-19 02:32:59,577 [BlockDeletingService#2] INFO  interfaces.ContainerDeletionChoosingPolicyTemplate (ContainerDeletionChoosingPolicyTemplate.java:chooseContainerForBlockDeletion(83)) - Chosen 0/5000 blocks from 0 candidate containers.
2023-04-19 02:32:59,577 [BlockDeletingService#2] INFO  interfaces.ContainerDeletionChoosingPolicyTemplate (ContainerDeletionChoosingPolicyTemplate.java:chooseContainerForBlockDeletion(83)) - Chosen 0/5000 blocks from 0 candidate containers.
2023-04-19 02:32:59,577 [BlockDeletingService#5] INFO  interfaces.ContainerDeletionChoosingPolicyTemplate (ContainerDeletionChoosingPolicyTemplate.java:chooseContainerForBlockDeletion(83)) - Chosen 0/5000 blocks from 0 candidate containers.
2023-04-19 02:32:59,673 [SCMBlockDeletingService#0] DEBUG block.SCMBlockDeletingService (SCMBlockDeletingService.java:shouldRun(251)) - Check scm block delete run: true serviceStatus: RUNNING safemodeExitRunDelayMillis: 3000 alreadyWaitTimeInMillis: 9667
2023-04-19 02:32:59,674 [SCMBlockDeletingService#0] DEBUG block.SCMBlockDeletingService (SCMBlockDeletingService.java:call(154)) - Running DeletedBlockTransactionScanner
2023-04-19 02:32:59,677 [BlockDeletingService#2] INFO  interfaces.ContainerDeletionChoosingPolicyTemplate (ContainerDeletionChoosingPolicyTemplate.java:chooseContainerForBlockDeletion(83)) - Chosen 0/5000 blocks from 0 candidate containers.
2023-04-19 02:32:59,677 [BlockDeletingService#2] INFO  interfaces.ContainerDeletionChoosingPolicyTemplate (ContainerDeletionChoosingPolicyTemplate.java:chooseContainerForBlockDeletion(83)) - Chosen 0/5000 blocks from 0 candidate containers.
2023-04-19 02:32:59,677 [BlockDeletingService#5] INFO  interfaces.ContainerDeletionChoosingPolicyTemplate (ContainerDeletionChoosingPolicyTemplate.java:chooseContainerForBlockDeletion(83)) - Chosen 0/5000 blocks from 0 candidate containers.
2023-04-19 02:32:59,774 [SCMBlockDeletingService#0] DEBUG block.SCMBlockDeletingService (SCMBlockDeletingService.java:shouldRun(251)) - Check scm block delete run: true serviceStatus: RUNNING safemodeExitRunDelayMillis: 3000 alreadyWaitTimeInMillis: 9768
2023-04-19 02:32:59,774 [SCMBlockDeletingService#0] DEBUG block.SCMBlockDeletingService (SCMBlockDeletingService.java:call(154)) - Running DeletedBlockTransactionScanner
2023-04-19 02:32:59,774 [SCMBlockDeletingService#0] DEBUG block.SCMBlockDeletingService (DatanodeDeletedBlockTransactions.java:addTransactionToDN(50)) - Transaction added: 4b35ffa0-8f73-49c2-95c0-d3e82f30c132 <- TX(1)
2023-04-19 02:32:59,774 [SCMBlockDeletingService#0] DEBUG block.SCMBlockDeletingService (DatanodeDeletedBlockTransactions.java:addTransactionToDN(50)) - Transaction added: 15488c1c-ff1a-49f6-9596-cf663845e1ec <- TX(1)
2023-04-19 02:32:59,774 [SCMBlockDeletingService#0] DEBUG block.SCMBlockDeletingService (DatanodeDeletedBlockTransactions.java:addTransactionToDN(50)) - Transaction added: bc0378cf-3bdb-433c-bc8f-db90f0932c02 <- TX(1)
2023-04-19 02:32:59,774 [SCMBlockDeletingService#0] DEBUG block.SCMBlockDeletingService (DatanodeDeletedBlockTransactions.java:addTransactionToDN(50)) - Transaction added: 4b35ffa0-8f73-49c2-95c0-d3e82f30c132 <- TX(2)
2023-04-19 02:32:59,774 [SCMBlockDeletingService#0] DEBUG block.SCMBlockDeletingService (DatanodeDeletedBlockTransactions.java:addTransactionToDN(50)) - Transaction added: 15488c1c-ff1a-49f6-9596-cf663845e1ec <- TX(2)
2023-04-19 02:32:59,774 [SCMBlockDeletingService#0] DEBUG block.SCMBlockDeletingService (DatanodeDeletedBlockTransactions.java:addTransactionToDN(50)) - Transaction added: bc0378cf-3bdb-433c-bc8f-db90f0932c02 <- TX(2)
2023-04-19 02:32:59,774 [SCMBlockDeletingService#0] DEBUG block.SCMBlockDeletingService (DatanodeDeletedBlockTransactions.java:addTransactionToDN(50)) - Transaction added: 15488c1c-ff1a-49f6-9596-cf663845e1ec <- TX(3)
2023-04-19 02:32:59,774 [SCMBlockDeletingService#0] DEBUG block.SCMBlockDeletingService (DatanodeDeletedBlockTransactions.java:addTransactionToDN(50)) - Transaction added: 4b35ffa0-8f73-49c2-95c0-d3e82f30c132 <- TX(3)
2023-04-19 02:32:59,774 [SCMBlockDeletingService#0] DEBUG block.SCMBlockDeletingService (DatanodeDeletedBlockTransactions.java:addTransactionToDN(50)) - Transaction added: bc0378cf-3bdb-433c-bc8f-db90f0932c02 <- TX(3)
2023-04-19 02:32:59,774 [SCMBlockDeletingService#0] DEBUG block.SCMBlockDeletingService (DatanodeDeletedBlockTransactions.java:addTransactionToDN(50)) - Transaction added: bc0378cf-3bdb-433c-bc8f-db90f0932c02 <- TX(4)
2023-04-19 02:32:59,774 [SCMBlockDeletingService#0] DEBUG block.SCMBlockDeletingService (DatanodeDeletedBlockTransactions.java:addTransactionToDN(50)) - Transaction added: 15488c1c-ff1a-49f6-9596-cf663845e1ec <- TX(4)
2023-04-19 02:32:59,774 [SCMBlockDeletingService#0] DEBUG block.SCMBlockDeletingService (DatanodeDeletedBlockTransactions.java:addTransactionToDN(50)) - Transaction added: 4b35ffa0-8f73-49c2-95c0-d3e82f30c132 <- TX(4)
2023-04-19 02:32:59,774 [SCMBlockDeletingService#0] DEBUG block.SCMBlockDeletingService (DatanodeDeletedBlockTransactions.java:addTransactionToDN(50)) - Transaction added: bc0378cf-3bdb-433c-bc8f-db90f0932c02 <- TX(5)
2023-04-19 02:32:59,774 [SCMBlockDeletingService#0] DEBUG block.SCMBlockDeletingService (DatanodeDeletedBlockTransactions.java:addTransactionToDN(50)) - Transaction added: 4b35ffa0-8f73-49c2-95c0-d3e82f30c132 <- TX(5)
2023-04-19 02:32:59,774 [SCMBlockDeletingService#0] DEBUG block.SCMBlockDeletingService (DatanodeDeletedBlockTransactions.java:addTransactionToDN(50)) - Transaction added: 15488c1c-ff1a-49f6-9596-cf663845e1ec <- TX(5)
2023-04-19 02:32:59,775 [SCMBlockDeletingService#0] DEBUG block.SCMBlockDeletingService (DatanodeDeletedBlockTransactions.java:addTransactionToDN(50)) - Transaction added: bc0378cf-3bdb-433c-bc8f-db90f0932c02 <- TX(6)
2023-04-19 02:32:59,775 [SCMBlockDeletingService#0] DEBUG block.SCMBlockDeletingService (DatanodeDeletedBlockTransactions.java:addTransactionToDN(50)) - Transaction added: 4b35ffa0-8f73-49c2-95c0-d3e82f30c132 <- TX(6)
2023-04-19 02:32:59,775 [SCMBlockDeletingService#0] DEBUG block.SCMBlockDeletingService (DatanodeDeletedBlockTransactions.java:addTransactionToDN(50)) - Transaction added: 15488c1c-ff1a-49f6-9596-cf663845e1ec <- TX(6)
2023-04-19 02:32:59,775 [SCMBlockDeletingService#0] DEBUG block.SCMBlockDeletingService (SCMBlockDeletingService.java:call(189)) - Added delete block command for datanode 15488c1c-ff1a-49f6-9596-cf663845e1ec in the queue, number of delete block transactions: 6
2023-04-19 02:32:59,775 [SCMBlockDeletingService#0] DEBUG block.SCMBlockDeletingService (SCMBlockDeletingService.java:call(189)) - Added delete block command for datanode bc0378cf-3bdb-433c-bc8f-db90f0932c02 in the queue, number of delete block transactions: 6
2023-04-19 02:32:59,775 [SCMBlockDeletingService#0] DEBUG block.SCMBlockDeletingService (SCMBlockDeletingService.java:call(189)) - Added delete block command for datanode 4b35ffa0-8f73-49c2-95c0-d3e82f30c132 in the queue, number of delete block transactions: 6
2023-04-19 02:32:59,775 [SCMBlockDeletingService#0] INFO  block.SCMBlockDeletingService (SCMBlockDeletingService.java:call(198)) - Totally added 18 blocks to be deleted for 3 datanodes, task elapsed time: 1ms
2023-04-19 02:32:59,777 [BlockDeletingService#2] INFO  interfaces.ContainerDeletionChoosingPolicyTemplate (ContainerDeletionChoosingPolicyTemplate.java:chooseContainerForBlockDeletion(83)) - Chosen 0/5000 blocks from 0 candidate containers.
2023-04-19 02:32:59,778 [BlockDeletingService#2] INFO  interfaces.ContainerDeletionChoosingPolicyTemplate (ContainerDeletionChoosingPolicyTemplate.java:chooseContainerForBlockDeletion(83)) - Chosen 0/5000 blocks from 0 candidate containers.
2023-04-19 02:32:59,778 [BlockDeletingService#5] INFO  interfaces.ContainerDeletionChoosingPolicyTemplate (ContainerDeletionChoosingPolicyTemplate.java:chooseContainerForBlockDeletion(83)) - Chosen 0/5000 blocks from 0 candidate containers.
2023-04-19 02:32:59,874 [SCMBlockDeletingService#0] DEBUG block.SCMBlockDeletingService (SCMBlockDeletingService.java:shouldRun(251)) - Check scm block delete run: true serviceStatus: RUNNING safemodeExitRunDelayMillis: 3000 alreadyWaitTimeInMillis: 9868
2023-04-19 02:32:59,874 [SCMBlockDeletingService#0] DEBUG block.SCMBlockDeletingService (SCMBlockDeletingService.java:call(154)) - Running DeletedBlockTransactionScanner
2023-04-19 02:32:59,878 [BlockDeletingService#2] INFO  interfaces.ContainerDeletionChoosingPolicyTemplate (ContainerDeletionChoosingPolicyTemplate.java:chooseContainerForBlockDeletion(83)) - Chosen 0/5000 blocks from 0 candidate containers.
2023-04-19 02:32:59,878 [BlockDeletingService#5] INFO  interfaces.ContainerDeletionChoosingPolicyTemplate (ContainerDeletionChoosingPolicyTemplate.java:chooseContainerForBlockDeletion(83)) - Chosen 0/5000 blocks from 0 candidate containers.
2023-04-19 02:32:59,878 [BlockDeletingService#2] INFO  interfaces.ContainerDeletionChoosingPolicyTemplate (ContainerDeletionChoosingPolicyTemplate.java:chooseContainerForBlockDeletion(83)) - Chosen 0/5000 blocks from 0 candidate containers.
2023-04-19 02:32:59,974 [SCMBlockDeletingService#0] DEBUG block.SCMBlockDeletingService (SCMBlockDeletingService.java:shouldRun(251)) - Check scm block delete run: true serviceStatus: RUNNING safemodeExitRunDelayMillis: 3000 alreadyWaitTimeInMillis: 9968
2023-04-19 02:32:59,974 [SCMBlockDeletingService#0] DEBUG block.SCMBlockDeletingService (SCMBlockDeletingService.java:call(154)) - Running DeletedBlockTransactionScanner
2023-04-19 02:32:59,974 [SCMBlockDeletingService#0] DEBUG block.SCMBlockDeletingService (DatanodeDeletedBlockTransactions.java:addTransactionToDN(50)) - Transaction added: 4b35ffa0-8f73-49c2-95c0-d3e82f30c132 <- TX(1)
2023-04-19 02:32:59,974 [SCMBlockDeletingService#0] DEBUG block.SCMBlockDeletingService (DatanodeDeletedBlockTransactions.java:addTransactionToDN(50)) - Transaction added: 15488c1c-ff1a-49f6-9596-cf663845e1ec <- TX(1)
2023-04-19 02:32:59,974 [SCMBlockDeletingService#0] DEBUG block.SCMBlockDeletingService (DatanodeDeletedBlockTransactions.java:addTransactionToDN(50)) - Transaction added: bc0378cf-3bdb-433c-bc8f-db90f0932c02 <- TX(1)
2023-04-19 02:32:59,974 [SCMBlockDeletingService#0] DEBUG block.SCMBlockDeletingService (DatanodeDeletedBlockTransactions.java:addTransactionToDN(50)) - Transaction added: 4b35ffa0-8f73-49c2-95c0-d3e82f30c132 <- TX(2)
2023-04-19 02:32:59,974 [SCMBlockDeletingService#0] DEBUG block.SCMBlockDeletingService (DatanodeDeletedBlockTransactions.java:addTransactionToDN(50)) - Transaction added: 15488c1c-ff1a-49f6-9596-cf663845e1ec <- TX(2)
2023-04-19 02:32:59,974 [SCMBlockDeletingService#0] DEBUG block.SCMBlockDeletingService (DatanodeDeletedBlockTransactions.java:addTransactionToDN(50)) - Transaction added: bc0378cf-3bdb-433c-bc8f-db90f0932c02 <- TX(2)
2023-04-19 02:32:59,974 [SCMBlockDeletingService#0] DEBUG block.SCMBlockDeletingService (DatanodeDeletedBlockTransactions.java:addTransactionToDN(50)) - Transaction added: 15488c1c-ff1a-49f6-9596-cf663845e1ec <- TX(3)
2023-04-19 02:32:59,974 [SCMBlockDeletingService#0] DEBUG block.SCMBlockDeletingService (DatanodeDeletedBlockTransactions.java:addTransactionToDN(50)) - Transaction added: 4b35ffa0-8f73-49c2-95c0-d3e82f30c132 <- TX(3)
2023-04-19 02:32:59,974 [SCMBlockDeletingService#0] DEBUG block.SCMBlockDeletingService (DatanodeDeletedBlockTransactions.java:addTransactionToDN(50)) - Transaction added: bc0378cf-3bdb-433c-bc8f-db90f0932c02 <- TX(3)
2023-04-19 02:32:59,974 [SCMBlockDeletingService#0] DEBUG block.SCMBlockDeletingService (DatanodeDeletedBlockTransactions.java:addTransactionToDN(50)) - Transaction added: bc0378cf-3bdb-433c-bc8f-db90f0932c02 <- TX(4)
2023-04-19 02:32:59,974 [SCMBlockDeletingService#0] DEBUG block.SCMBlockDeletingService (DatanodeDeletedBlockTransactions.java:addTransactionToDN(50)) - Transaction added: 15488c1c-ff1a-49f6-9596-cf663845e1ec <- TX(4)
2023-04-19 02:32:59,975 [SCMBlockDeletingService#0] DEBUG block.SCMBlockDeletingService (DatanodeDeletedBlockTransactions.java:addTransactionToDN(50)) - Transaction added: 4b35ffa0-8f73-49c2-95c0-d3e82f30c132 <- TX(4)
2023-04-19 02:32:59,975 [SCMBlockDeletingService#0] DEBUG block.SCMBlockDeletingService (DatanodeDeletedBlockTransactions.java:addTransactionToDN(50)) - Transaction added: bc0378cf-3bdb-433c-bc8f-db90f0932c02 <- TX(5)
2023-04-19 02:32:59,975 [SCMBlockDeletingService#0] DEBUG block.SCMBlockDeletingService (DatanodeDeletedBlockTransactions.java:addTransactionToDN(50)) - Transaction added: 4b35ffa0-8f73-49c2-95c0-d3e82f30c132 <- TX(5)
2023-04-19 02:32:59,975 [SCMBlockDeletingService#0] DEBUG block.SCMBlockDeletingService (DatanodeDeletedBlockTransactions.java:addTransactionToDN(50)) - Transaction added: 15488c1c-ff1a-49f6-9596-cf663845e1ec <- TX(5)
2023-04-19 02:32:59,975 [SCMBlockDeletingService#0] DEBUG block.SCMBlockDeletingService (DatanodeDeletedBlockTransactions.java:addTransactionToDN(50)) - Transaction added: bc0378cf-3bdb-433c-bc8f-db90f0932c02 <- TX(6)
2023-04-19 02:32:59,975 [SCMBlockDeletingService#0] DEBUG block.SCMBlockDeletingService (DatanodeDeletedBlockTransactions.java:addTransactionToDN(50)) - Transaction added: 4b35ffa0-8f73-49c2-95c0-d3e82f30c132 <- TX(6)
2023-04-19 02:32:59,975 [SCMBlockDeletingService#0] DEBUG block.SCMBlockDeletingService (DatanodeDeletedBlockTransactions.java:addTransactionToDN(50)) - Transaction added: 15488c1c-ff1a-49f6-9596-cf663845e1ec <- TX(6)
2023-04-19 02:32:59,975 [SCMBlockDeletingService#0] DEBUG block.SCMBlockDeletingService (SCMBlockDeletingService.java:call(189)) - Added delete block command for datanode 15488c1c-ff1a-49f6-9596-cf663845e1ec in the queue, number of delete block transactions: 6
2023-04-19 02:32:59,975 [SCMBlockDeletingService#0] DEBUG block.SCMBlockDeletingService (SCMBlockDeletingService.java:call(189)) - Added delete block command for datanode bc0378cf-3bdb-433c-bc8f-db90f0932c02 in the queue, number of delete block transactions: 6
2023-04-19 02:32:59,975 [SCMBlockDeletingService#0] DEBUG block.SCMBlockDeletingService (SCMBlockDeletingService.java:call(189)) - Added delete block command for datanode 4b35ffa0-8f73-49c2-95c0-d3e82f30c132 in the queue, number of delete block transactions: 6
2023-04-19 02:32:59,975 [SCMBlockDeletingService#0] INFO  block.SCMBlockDeletingService (SCMBlockDeletingService.java:call(198)) - Totally added 18 blocks to be deleted for 3 datanodes, task elapsed time: 1ms
2023-04-19 02:32:59,978 [BlockDeletingService#2] INFO  interfaces.ContainerDeletionChoosingPolicyTemplate (ContainerDeletionChoosingPolicyTemplate.java:chooseContainerForBlockDeletion(83)) - Chosen 0/5000 blocks from 0 candidate containers.
2023-04-19 02:32:59,978 [BlockDeletingService#5] INFO  interfaces.ContainerDeletionChoosingPolicyTemplate (ContainerDeletionChoosingPolicyTemplate.java:chooseContainerForBlockDeletion(83)) - Chosen 0/5000 blocks from 0 candidate containers.
2023-04-19 02:32:59,978 [BlockDeletingService#2] INFO  interfaces.ContainerDeletionChoosingPolicyTemplate (ContainerDeletionChoosingPolicyTemplate.java:chooseContainerForBlockDeletion(83)) - Chosen 0/5000 blocks from 0 candidate containers.
2023-04-19 02:33:00,074 [SCMBlockDeletingService#0] DEBUG block.SCMBlockDeletingService (SCMBlockDeletingService.java:shouldRun(251)) - Check scm block delete run: true serviceStatus: RUNNING safemodeExitRunDelayMillis: 3000 alreadyWaitTimeInMillis: 10068
2023-04-19 02:33:00,074 [SCMBlockDeletingService#0] DEBUG block.SCMBlockDeletingService (SCMBlockDeletingService.java:call(154)) - Running DeletedBlockTransactionScanner
2023-04-19 02:33:00,078 [BlockDeletingService#2] INFO  interfaces.ContainerDeletionChoosingPolicyTemplate (ContainerDeletionChoosingPolicyTemplate.java:chooseContainerForBlockDeletion(83)) - Chosen 0/5000 blocks from 0 candidate containers.
2023-04-19 02:33:00,078 [BlockDeletingService#5] INFO  interfaces.ContainerDeletionChoosingPolicyTemplate (ContainerDeletionChoosingPolicyTemplate.java:chooseContainerForBlockDeletion(83)) - Chosen 0/5000 blocks from 0 candidate containers.
2023-04-19 02:33:00,078 [BlockDeletingService#2] INFO  interfaces.ContainerDeletionChoosingPolicyTemplate (ContainerDeletionChoosingPolicyTemplate.java:chooseContainerForBlockDeletion(83)) - Chosen 0/5000 blocks from 0 candidate containers.
2023-04-19 02:33:00,174 [SCMBlockDeletingService#0] DEBUG block.SCMBlockDeletingService (SCMBlockDeletingService.java:shouldRun(251)) - Check scm block delete run: true serviceStatus: RUNNING safemodeExitRunDelayMillis: 3000 alreadyWaitTimeInMillis: 10168
2023-04-19 02:33:00,174 [SCMBlockDeletingService#0] DEBUG block.SCMBlockDeletingService (SCMBlockDeletingService.java:call(154)) - Running DeletedBlockTransactionScanner
2023-04-19 02:33:00,174 [SCMBlockDeletingService#0] DEBUG block.SCMBlockDeletingService (DatanodeDeletedBlockTransactions.java:addTransactionToDN(50)) - Transaction added: 4b35ffa0-8f73-49c2-95c0-d3e82f30c132 <- TX(1)
2023-04-19 02:33:00,174 [SCMBlockDeletingService#0] DEBUG block.SCMBlockDeletingService (DatanodeDeletedBlockTransactions.java:addTransactionToDN(50)) - Transaction added: 15488c1c-ff1a-49f6-9596-cf663845e1ec <- TX(1)
2023-04-19 02:33:00,174 [SCMBlockDeletingService#0] DEBUG block.SCMBlockDeletingService (DatanodeDeletedBlockTransactions.java:addTransactionToDN(50)) - Transaction added: bc0378cf-3bdb-433c-bc8f-db90f0932c02 <- TX(1)
2023-04-19 02:33:00,174 [SCMBlockDeletingService#0] DEBUG block.SCMBlockDeletingService (DatanodeDeletedBlockTransactions.java:addTransactionToDN(50)) - Transaction added: 4b35ffa0-8f73-49c2-95c0-d3e82f30c132 <- TX(2)
2023-04-19 02:33:00,174 [SCMBlockDeletingService#0] DEBUG block.SCMBlockDeletingService (DatanodeDeletedBlockTransactions.java:addTransactionToDN(50)) - Transaction added: 15488c1c-ff1a-49f6-9596-cf663845e1ec <- TX(2)
2023-04-19 02:33:00,175 [SCMBlockDeletingService#0] DEBUG block.SCMBlockDeletingService (DatanodeDeletedBlockTransactions.java:addTransactionToDN(50)) - Transaction added: bc0378cf-3bdb-433c-bc8f-db90f0932c02 <- TX(2)
2023-04-19 02:33:00,175 [SCMBlockDeletingService#0] DEBUG block.SCMBlockDeletingService (DatanodeDeletedBlockTransactions.java:addTransactionToDN(50)) - Transaction added: 15488c1c-ff1a-49f6-9596-cf663845e1ec <- TX(3)
2023-04-19 02:33:00,175 [SCMBlockDeletingService#0] DEBUG block.SCMBlockDeletingService (DatanodeDeletedBlockTransactions.java:addTransactionToDN(50)) - Transaction added: 4b35ffa0-8f73-49c2-95c0-d3e82f30c132 <- TX(3)
2023-04-19 02:33:00,175 [SCMBlockDeletingService#0] DEBUG block.SCMBlockDeletingService (DatanodeDeletedBlockTransactions.java:addTransactionToDN(50)) - Transaction added: bc0378cf-3bdb-433c-bc8f-db90f0932c02 <- TX(3)
2023-04-19 02:33:00,175 [SCMBlockDeletingService#0] DEBUG block.SCMBlockDeletingService (DatanodeDeletedBlockTransactions.java:addTransactionToDN(50)) - Transaction added: bc0378cf-3bdb-433c-bc8f-db90f0932c02 <- TX(4)
2023-04-19 02:33:00,175 [SCMBlockDeletingService#0] DEBUG block.SCMBlockDeletingService (DatanodeDeletedBlockTransactions.java:addTransactionToDN(50)) - Transaction added: 15488c1c-ff1a-49f6-9596-cf663845e1ec <- TX(4)
2023-04-19 02:33:00,175 [SCMBlockDeletingService#0] DEBUG block.SCMBlockDeletingService (DatanodeDeletedBlockTransactions.java:addTransactionToDN(50)) - Transaction added: 4b35ffa0-8f73-49c2-95c0-d3e82f30c132 <- TX(4)
2023-04-19 02:33:00,175 [SCMBlockDeletingService#0] DEBUG block.SCMBlockDeletingService (DatanodeDeletedBlockTransactions.java:addTransactionToDN(50)) - Transaction added: bc0378cf-3bdb-433c-bc8f-db90f0932c02 <- TX(5)
2023-04-19 02:33:00,175 [SCMBlockDeletingService#0] DEBUG block.SCMBlockDeletingService (DatanodeDeletedBlockTransactions.java:addTransactionToDN(50)) - Transaction added: 4b35ffa0-8f73-49c2-95c0-d3e82f30c132 <- TX(5)
2023-04-19 02:33:00,175 [SCMBlockDeletingService#0] DEBUG block.SCMBlockDeletingService (DatanodeDeletedBlockTransactions.java:addTransactionToDN(50)) - Transaction added: 15488c1c-ff1a-49f6-9596-cf663845e1ec <- TX(5)
2023-04-19 02:33:00,175 [SCMBlockDeletingService#0] DEBUG block.SCMBlockDeletingService (DatanodeDeletedBlockTransactions.java:addTransactionToDN(50)) - Transaction added: bc0378cf-3bdb-433c-bc8f-db90f0932c02 <- TX(6)
2023-04-19 02:33:00,175 [SCMBlockDeletingService#0] DEBUG block.SCMBlockDeletingService (DatanodeDeletedBlockTransactions.java:addTransactionToDN(50)) - Transaction added: 4b35ffa0-8f73-49c2-95c0-d3e82f30c132 <- TX(6)
2023-04-19 02:33:00,175 [SCMBlockDeletingService#0] DEBUG block.SCMBlockDeletingService (DatanodeDeletedBlockTransactions.java:addTransactionToDN(50)) - Transaction added: 15488c1c-ff1a-49f6-9596-cf663845e1ec <- TX(6)
2023-04-19 02:33:00,175 [SCMBlockDeletingService#0] DEBUG block.SCMBlockDeletingService (SCMBlockDeletingService.java:call(189)) - Added delete block command for datanode 15488c1c-ff1a-49f6-9596-cf663845e1ec in the queue, number of delete block transactions: 6
2023-04-19 02:33:00,175 [SCMBlockDeletingService#0] DEBUG block.SCMBlockDeletingService (SCMBlockDeletingService.java:call(189)) - Added delete block command for datanode bc0378cf-3bdb-433c-bc8f-db90f0932c02 in the queue, number of delete block transactions: 6
2023-04-19 02:33:00,175 [SCMBlockDeletingService#0] DEBUG block.SCMBlockDeletingService (SCMBlockDeletingService.java:call(189)) - Added delete block command for datanode 4b35ffa0-8f73-49c2-95c0-d3e82f30c132 in the queue, number of delete block transactions: 6
2023-04-19 02:33:00,175 [SCMBlockDeletingService#0] INFO  block.SCMBlockDeletingService (SCMBlockDeletingService.java:call(198)) - Totally added 18 blocks to be deleted for 3 datanodes, task elapsed time: 1ms
2023-04-19 02:33:00,178 [BlockDeletingService#2] INFO  interfaces.ContainerDeletionChoosingPolicyTemplate (ContainerDeletionChoosingPolicyTemplate.java:chooseContainerForBlockDeletion(83)) - Chosen 0/5000 blocks from 0 candidate containers.
2023-04-19 02:33:00,179 [BlockDeletingService#5] INFO  interfaces.ContainerDeletionChoosingPolicyTemplate (ContainerDeletionChoosingPolicyTemplate.java:chooseContainerForBlockDeletion(83)) - Chosen 0/5000 blocks from 0 candidate containers.
2023-04-19 02:33:00,179 [BlockDeletingService#2] INFO  interfaces.ContainerDeletionChoosingPolicyTemplate (ContainerDeletionChoosingPolicyTemplate.java:chooseContainerForBlockDeletion(83)) - Chosen 0/5000 blocks from 0 candidate containers.
2023-04-19 02:33:00,258 [org.apache.hadoop.ozone.container.common.statemachine.commandhandler.DeleteBlocksCommandHandler$DeleteCmdWorker@51574c53] INFO  commandhandler.DeleteBlocksCommandHandler (DeleteBlocksCommandHandler.java:processCmd(275)) - Start to delete container blocks, TXIDs=[1(0),2(0),3(0),4(0),5(0),6(0)], numOfContainers=6, numOfBlocks=6
2023-04-19 02:33:00,274 [SCMBlockDeletingService#0] DEBUG block.SCMBlockDeletingService (SCMBlockDeletingService.java:shouldRun(251)) - Check scm block delete run: true serviceStatus: RUNNING safemodeExitRunDelayMillis: 3000 alreadyWaitTimeInMillis: 10268
2023-04-19 02:33:00,274 [SCMBlockDeletingService#0] DEBUG block.SCMBlockDeletingService (SCMBlockDeletingService.java:call(154)) - Running DeletedBlockTransactionScanner
2023-04-19 02:33:00,279 [BlockDeletingService#2] INFO  interfaces.ContainerDeletionChoosingPolicyTemplate (ContainerDeletionChoosingPolicyTemplate.java:chooseContainerForBlockDeletion(83)) - Chosen 0/5000 blocks from 0 candidate containers.
2023-04-19 02:33:00,279 [BlockDeletingService#5] INFO  interfaces.ContainerDeletionChoosingPolicyTemplate (ContainerDeletionChoosingPolicyTemplate.java:chooseContainerForBlockDeletion(83)) - Chosen 0/5000 blocks from 0 candidate containers.
2023-04-19 02:33:00,279 [BlockDeletingService#2] INFO  interfaces.ContainerDeletionChoosingPolicyTemplate (ContainerDeletionChoosingPolicyTemplate.java:chooseContainerForBlockDeletion(83)) - Chosen 0/5000 blocks from 0 candidate containers.
2023-04-19 02:33:00,372 [EventQueue-DeleteBlockStatusForDeletedBlockLogImpl] DEBUG block.DeletedBlockLogImpl (DeletedBlockLogImpl.java:isTransactionFailed(314)) - Got block deletion ACK from datanode, TXIDs=1, success=true
2023-04-19 02:33:00,373 [EventQueue-DeleteBlockStatusForDeletedBlockLogImpl] DEBUG block.DeletedBlockLogImpl (DeletedBlockLogImpl.java:commitTransactions(292)) - Datanode txId=1 containerId=#1 committed by dnId=bc0378cf-3bdb-433c-bc8f-db90f0932c02
2023-04-19 02:33:00,373 [EventQueue-DeleteBlockStatusForDeletedBlockLogImpl] DEBUG block.DeletedBlockLogImpl (DeletedBlockLogImpl.java:isTransactionFailed(314)) - Got block deletion ACK from datanode, TXIDs=2, success=true
2023-04-19 02:33:00,373 [EventQueue-DeleteBlockStatusForDeletedBlockLogImpl] DEBUG block.DeletedBlockLogImpl (DeletedBlockLogImpl.java:commitTransactions(292)) - Datanode txId=2 containerId=#2 committed by dnId=bc0378cf-3bdb-433c-bc8f-db90f0932c02
2023-04-19 02:33:00,373 [EventQueue-DeleteBlockStatusForDeletedBlockLogImpl] DEBUG block.DeletedBlockLogImpl (DeletedBlockLogImpl.java:isTransactionFailed(314)) - Got block deletion ACK from datanode, TXIDs=3, success=true
2023-04-19 02:33:00,373 [EventQueue-DeleteBlockStatusForDeletedBlockLogImpl] DEBUG block.DeletedBlockLogImpl (DeletedBlockLogImpl.java:commitTransactions(292)) - Datanode txId=3 containerId=#3 committed by dnId=bc0378cf-3bdb-433c-bc8f-db90f0932c02
2023-04-19 02:33:00,373 [EventQueue-DeleteBlockStatusForDeletedBlockLogImpl] DEBUG block.DeletedBlockLogImpl (DeletedBlockLogImpl.java:isTransactionFailed(314)) - Got block deletion ACK from datanode, TXIDs=4, success=true
2023-04-19 02:33:00,373 [EventQueue-DeleteBlockStatusForDeletedBlockLogImpl] DEBUG block.DeletedBlockLogImpl (DeletedBlockLogImpl.java:commitTransactions(292)) - Datanode txId=4 containerId=#4 committed by dnId=bc0378cf-3bdb-433c-bc8f-db90f0932c02
2023-04-19 02:33:00,373 [EventQueue-DeleteBlockStatusForDeletedBlockLogImpl] DEBUG block.DeletedBlockLogImpl (DeletedBlockLogImpl.java:isTransactionFailed(314)) - Got block deletion ACK from datanode, TXIDs=5, success=true
2023-04-19 02:33:00,373 [EventQueue-DeleteBlockStatusForDeletedBlockLogImpl] DEBUG block.DeletedBlockLogImpl (DeletedBlockLogImpl.java:commitTransactions(292)) - Datanode txId=5 containerId=#5 committed by dnId=bc0378cf-3bdb-433c-bc8f-db90f0932c02
2023-04-19 02:33:00,373 [EventQueue-DeleteBlockStatusForDeletedBlockLogImpl] DEBUG block.DeletedBlockLogImpl (DeletedBlockLogImpl.java:isTransactionFailed(314)) - Got block deletion ACK from datanode, TXIDs=6, success=true
2023-04-19 02:33:00,373 [EventQueue-DeleteBlockStatusForDeletedBlockLogImpl] DEBUG block.DeletedBlockLogImpl (DeletedBlockLogImpl.java:commitTransactions(292)) - Datanode txId=6 containerId=#6 committed by dnId=bc0378cf-3bdb-433c-bc8f-db90f0932c02
2023-04-19 02:33:00,374 [SCMBlockDeletingService#0] DEBUG block.SCMBlockDeletingService (SCMBlockDeletingService.java:shouldRun(251)) - Check scm block delete run: true serviceStatus: RUNNING safemodeExitRunDelayMillis: 3000 alreadyWaitTimeInMillis: 10368
2023-04-19 02:33:00,374 [SCMBlockDeletingService#0] DEBUG block.SCMBlockDeletingService (SCMBlockDeletingService.java:call(154)) - Running DeletedBlockTransactionScanner
2023-04-19 02:33:00,374 [SCMBlockDeletingService#0] DEBUG block.SCMBlockDeletingService (DatanodeDeletedBlockTransactions.java:addTransactionToDN(50)) - Transaction added: 4b35ffa0-8f73-49c2-95c0-d3e82f30c132 <- TX(1)
2023-04-19 02:33:00,374 [SCMBlockDeletingService#0] DEBUG block.SCMBlockDeletingService (DatanodeDeletedBlockTransactions.java:addTransactionToDN(50)) - Transaction added: 15488c1c-ff1a-49f6-9596-cf663845e1ec <- TX(1)
2023-04-19 02:33:00,374 [SCMBlockDeletingService#0] DEBUG block.SCMBlockDeletingService (DatanodeDeletedBlockTransactions.java:addTransactionToDN(50)) - Transaction added: 4b35ffa0-8f73-49c2-95c0-d3e82f30c132 <- TX(2)
2023-04-19 02:33:00,374 [SCMBlockDeletingService#0] DEBUG block.SCMBlockDeletingService (DatanodeDeletedBlockTransactions.java:addTransactionToDN(50)) - Transaction added: 15488c1c-ff1a-49f6-9596-cf663845e1ec <- TX(2)
2023-04-19 02:33:00,375 [SCMBlockDeletingService#0] DEBUG block.SCMBlockDeletingService (DatanodeDeletedBlockTransactions.java:addTransactionToDN(50)) - Transaction added: 15488c1c-ff1a-49f6-9596-cf663845e1ec <- TX(3)
2023-04-19 02:33:00,375 [SCMBlockDeletingService#0] DEBUG block.SCMBlockDeletingService (DatanodeDeletedBlockTransactions.java:addTransactionToDN(50)) - Transaction added: 4b35ffa0-8f73-49c2-95c0-d3e82f30c132 <- TX(3)
2023-04-19 02:33:00,375 [SCMBlockDeletingService#0] DEBUG block.SCMBlockDeletingService (DatanodeDeletedBlockTransactions.java:addTransactionToDN(50)) - Transaction added: 15488c1c-ff1a-49f6-9596-cf663845e1ec <- TX(4)
2023-04-19 02:33:00,375 [SCMBlockDeletingService#0] DEBUG block.SCMBlockDeletingService (DatanodeDeletedBlockTransactions.java:addTransactionToDN(50)) - Transaction added: 4b35ffa0-8f73-49c2-95c0-d3e82f30c132 <- TX(4)
2023-04-19 02:33:00,375 [SCMBlockDeletingService#0] DEBUG block.SCMBlockDeletingService (DatanodeDeletedBlockTransactions.java:addTransactionToDN(50)) - Transaction added: 4b35ffa0-8f73-49c2-95c0-d3e82f30c132 <- TX(5)
2023-04-19 02:33:00,375 [SCMBlockDeletingService#0] DEBUG block.SCMBlockDeletingService (DatanodeDeletedBlockTransactions.java:addTransactionToDN(50)) - Transaction added: 15488c1c-ff1a-49f6-9596-cf663845e1ec <- TX(5)
2023-04-19 02:33:00,375 [SCMBlockDeletingService#0] DEBUG block.SCMBlockDeletingService (DatanodeDeletedBlockTransactions.java:addTransactionToDN(50)) - Transaction added: 4b35ffa0-8f73-49c2-95c0-d3e82f30c132 <- TX(6)
2023-04-19 02:33:00,375 [SCMBlockDeletingService#0] DEBUG block.SCMBlockDeletingService (DatanodeDeletedBlockTransactions.java:addTransactionToDN(50)) - Transaction added: 15488c1c-ff1a-49f6-9596-cf663845e1ec <- TX(6)
2023-04-19 02:33:00,375 [SCMBlockDeletingService#0] DEBUG block.SCMBlockDeletingService (SCMBlockDeletingService.java:call(189)) - Added delete block command for datanode 15488c1c-ff1a-49f6-9596-cf663845e1ec in the queue, number of delete block transactions: 6
2023-04-19 02:33:00,375 [SCMBlockDeletingService#0] DEBUG block.SCMBlockDeletingService (SCMBlockDeletingService.java:call(189)) - Added delete block command for datanode 4b35ffa0-8f73-49c2-95c0-d3e82f30c132 in the queue, number of delete block transactions: 6
2023-04-19 02:33:00,375 [SCMBlockDeletingService#0] INFO  block.SCMBlockDeletingService (SCMBlockDeletingService.java:call(198)) - Totally added 12 blocks to be deleted for 2 datanodes, task elapsed time: 1ms
2023-04-19 02:33:00,379 [BlockDeletingService#2] INFO  interfaces.ContainerDeletionChoosingPolicyTemplate (ContainerDeletionChoosingPolicyTemplate.java:chooseContainerForBlockDeletion(83)) - Chosen 0/5000 blocks from 0 candidate containers.
2023-04-19 02:33:00,379 [BlockDeletingService#5] INFO  interfaces.ContainerDeletionChoosingPolicyTemplate (ContainerDeletionChoosingPolicyTemplate.java:chooseContainerForBlockDeletion(83)) - Chosen 0/5000 blocks from 0 candidate containers.
2023-04-19 02:33:00,379 [BlockDeletingService#2] INFO  interfaces.ContainerDeletionChoosingPolicyTemplate (ContainerDeletionChoosingPolicyTemplate.java:chooseContainerForBlockDeletion(83)) - Chosen 0/5000 blocks from 0 candidate containers.
2023-04-19 02:33:00,474 [SCMBlockDeletingService#0] DEBUG block.SCMBlockDeletingService (SCMBlockDeletingService.java:shouldRun(251)) - Check scm block delete run: true serviceStatus: RUNNING safemodeExitRunDelayMillis: 3000 alreadyWaitTimeInMillis: 10468
2023-04-19 02:33:00,474 [SCMBlockDeletingService#0] DEBUG block.SCMBlockDeletingService (SCMBlockDeletingService.java:call(154)) - Running DeletedBlockTransactionScanner
2023-04-19 02:33:00,479 [BlockDeletingService#2] INFO  interfaces.ContainerDeletionChoosingPolicyTemplate (ContainerDeletionChoosingPolicyTemplate.java:chooseContainerForBlockDeletion(83)) - Chosen 0/5000 blocks from 0 candidate containers.
2023-04-19 02:33:00,479 [BlockDeletingService#5] INFO  interfaces.ContainerDeletionChoosingPolicyTemplate (ContainerDeletionChoosingPolicyTemplate.java:chooseContainerForBlockDeletion(83)) - Chosen 0/5000 blocks from 0 candidate containers.
2023-04-19 02:33:00,479 [BlockDeletingService#2] INFO  interfaces.ContainerDeletionChoosingPolicyTemplate (ContainerDeletionChoosingPolicyTemplate.java:chooseContainerForBlockDeletion(83)) - Chosen 0/5000 blocks from 0 candidate containers.
2023-04-19 02:33:00,574 [SCMBlockDeletingService#0] DEBUG block.SCMBlockDeletingService (SCMBlockDeletingService.java:shouldRun(251)) - Check scm block delete run: true serviceStatus: RUNNING safemodeExitRunDelayMillis: 3000 alreadyWaitTimeInMillis: 10568
2023-04-19 02:33:00,575 [SCMBlockDeletingService#0] DEBUG block.SCMBlockDeletingService (SCMBlockDeletingService.java:call(154)) - Running DeletedBlockTransactionScanner
2023-04-19 02:33:00,575 [SCMBlockDeletingService#0] DEBUG block.SCMBlockDeletingService (DatanodeDeletedBlockTransactions.java:addTransactionToDN(50)) - Transaction added: 4b35ffa0-8f73-49c2-95c0-d3e82f30c132 <- TX(1)
2023-04-19 02:33:00,575 [SCMBlockDeletingService#0] DEBUG block.SCMBlockDeletingService (DatanodeDeletedBlockTransactions.java:addTransactionToDN(50)) - Transaction added: 15488c1c-ff1a-49f6-9596-cf663845e1ec <- TX(1)
2023-04-19 02:33:00,575 [SCMBlockDeletingService#0] DEBUG block.SCMBlockDeletingService (DatanodeDeletedBlockTransactions.java:addTransactionToDN(50)) - Transaction added: 4b35ffa0-8f73-49c2-95c0-d3e82f30c132 <- TX(2)
2023-04-19 02:33:00,575 [SCMBlockDeletingService#0] DEBUG block.SCMBlockDeletingService (DatanodeDeletedBlockTransactions.java:addTransactionToDN(50)) - Transaction added: 15488c1c-ff1a-49f6-9596-cf663845e1ec <- TX(2)
2023-04-19 02:33:00,575 [SCMBlockDeletingService#0] DEBUG block.SCMBlockDeletingService (DatanodeDeletedBlockTransactions.java:addTransactionToDN(50)) - Transaction added: 15488c1c-ff1a-49f6-9596-cf663845e1ec <- TX(3)
2023-04-19 02:33:00,575 [SCMBlockDeletingService#0] DEBUG block.SCMBlockDeletingService (DatanodeDeletedBlockTransactions.java:addTransactionToDN(50)) - Transaction added: 4b35ffa0-8f73-49c2-95c0-d3e82f30c132 <- TX(3)
2023-04-19 02:33:00,575 [SCMBlockDeletingService#0] DEBUG block.SCMBlockDeletingService (DatanodeDeletedBlockTransactions.java:addTransactionToDN(50)) - Transaction added: 15488c1c-ff1a-49f6-9596-cf663845e1ec <- TX(4)
2023-04-19 02:33:00,575 [SCMBlockDeletingService#0] DEBUG block.SCMBlockDeletingService (DatanodeDeletedBlockTransactions.java:addTransactionToDN(50)) - Transaction added: 4b35ffa0-8f73-49c2-95c0-d3e82f30c132 <- TX(4)
2023-04-19 02:33:00,575 [SCMBlockDeletingService#0] DEBUG block.SCMBlockDeletingService (DatanodeDeletedBlockTransactions.java:addTransactionToDN(50)) - Transaction added: 4b35ffa0-8f73-49c2-95c0-d3e82f30c132 <- TX(5)
2023-04-19 02:33:00,575 [SCMBlockDeletingService#0] DEBUG block.SCMBlockDeletingService (DatanodeDeletedBlockTransactions.java:addTransactionToDN(50)) - Transaction added: 15488c1c-ff1a-49f6-9596-cf663845e1ec <- TX(5)
2023-04-19 02:33:00,575 [SCMBlockDeletingService#0] DEBUG block.SCMBlockDeletingService (DatanodeDeletedBlockTransactions.java:addTransactionToDN(50)) - Transaction added: 4b35ffa0-8f73-49c2-95c0-d3e82f30c132 <- TX(6)
2023-04-19 02:33:00,575 [SCMBlockDeletingService#0] DEBUG block.SCMBlockDeletingService (DatanodeDeletedBlockTransactions.java:addTransactionToDN(50)) - Transaction added: 15488c1c-ff1a-49f6-9596-cf663845e1ec <- TX(6)
2023-04-19 02:33:00,575 [SCMBlockDeletingService#0] DEBUG block.SCMBlockDeletingService (SCMBlockDeletingService.java:call(189)) - Added delete block command for datanode 15488c1c-ff1a-49f6-9596-cf663845e1ec in the queue, number of delete block transactions: 6
2023-04-19 02:33:00,575 [SCMBlockDeletingService#0] DEBUG block.SCMBlockDeletingService (SCMBlockDeletingService.java:call(189)) - Added delete block command for datanode 4b35ffa0-8f73-49c2-95c0-d3e82f30c132 in the queue, number of delete block transactions: 6
2023-04-19 02:33:00,576 [SCMBlockDeletingService#0] INFO  block.SCMBlockDeletingService (SCMBlockDeletingService.java:call(198)) - Totally added 12 blocks to be deleted for 2 datanodes, task elapsed time: 1ms
2023-04-19 02:33:00,579 [BlockDeletingService#2] INFO  interfaces.ContainerDeletionChoosingPolicyTemplate (ContainerDeletionChoosingPolicyTemplate.java:chooseContainerForBlockDeletion(83)) - Chosen 0/5000 blocks from 0 candidate containers.
2023-04-19 02:33:00,580 [BlockDeletingService#5] INFO  interfaces.ContainerDeletionChoosingPolicyTemplate (ContainerDeletionChoosingPolicyTemplate.java:chooseContainerForBlockDeletion(83)) - Chosen 0/5000 blocks from 0 candidate containers.
2023-04-19 02:33:00,580 [BlockDeletingService#2] INFO  interfaces.ContainerDeletionChoosingPolicyTemplate (ContainerDeletionChoosingPolicyTemplate.java:chooseContainerForBlockDeletion(83)) - Chosen 0/5000 blocks from 0 candidate containers.
2023-04-19 02:33:00,674 [SCMBlockDeletingService#0] DEBUG block.SCMBlockDeletingService (SCMBlockDeletingService.java:shouldRun(251)) - Check scm block delete run: true serviceStatus: RUNNING safemodeExitRunDelayMillis: 3000 alreadyWaitTimeInMillis: 10668
2023-04-19 02:33:00,674 [SCMBlockDeletingService#0] DEBUG block.SCMBlockDeletingService (SCMBlockDeletingService.java:call(154)) - Running DeletedBlockTransactionScanner
2023-04-19 02:33:00,680 [BlockDeletingService#2] INFO  interfaces.ContainerDeletionChoosingPolicyTemplate (ContainerDeletionChoosingPolicyTemplate.java:chooseContainerForBlockDeletion(83)) - Chosen 0/5000 blocks from 0 candidate containers.
2023-04-19 02:33:00,680 [BlockDeletingService#5] INFO  interfaces.ContainerDeletionChoosingPolicyTemplate (ContainerDeletionChoosingPolicyTemplate.java:chooseContainerForBlockDeletion(83)) - Chosen 0/5000 blocks from 0 candidate containers.
2023-04-19 02:33:00,680 [BlockDeletingService#2] INFO  interfaces.ContainerDeletionChoosingPolicyTemplate (ContainerDeletionChoosingPolicyTemplate.java:chooseContainerForBlockDeletion(83)) - Chosen 0/5000 blocks from 0 candidate containers.
2023-04-19 02:33:00,774 [SCMBlockDeletingService#0] DEBUG block.SCMBlockDeletingService (SCMBlockDeletingService.java:shouldRun(251)) - Check scm block delete run: true serviceStatus: RUNNING safemodeExitRunDelayMillis: 3000 alreadyWaitTimeInMillis: 10768
2023-04-19 02:33:00,775 [SCMBlockDeletingService#0] DEBUG block.SCMBlockDeletingService (SCMBlockDeletingService.java:call(154)) - Running DeletedBlockTransactionScanner
2023-04-19 02:33:00,775 [SCMBlockDeletingService#0] DEBUG block.SCMBlockDeletingService (DatanodeDeletedBlockTransactions.java:addTransactionToDN(50)) - Transaction added: 4b35ffa0-8f73-49c2-95c0-d3e82f30c132 <- TX(1)
2023-04-19 02:33:00,775 [SCMBlockDeletingService#0] DEBUG block.SCMBlockDeletingService (DatanodeDeletedBlockTransactions.java:addTransactionToDN(50)) - Transaction added: 15488c1c-ff1a-49f6-9596-cf663845e1ec <- TX(1)
2023-04-19 02:33:00,775 [SCMBlockDeletingService#0] DEBUG block.SCMBlockDeletingService (DatanodeDeletedBlockTransactions.java:addTransactionToDN(50)) - Transaction added: 4b35ffa0-8f73-49c2-95c0-d3e82f30c132 <- TX(2)
2023-04-19 02:33:00,775 [SCMBlockDeletingService#0] DEBUG block.SCMBlockDeletingService (DatanodeDeletedBlockTransactions.java:addTransactionToDN(50)) - Transaction added: 15488c1c-ff1a-49f6-9596-cf663845e1ec <- TX(2)
2023-04-19 02:33:00,775 [SCMBlockDeletingService#0] DEBUG block.SCMBlockDeletingService (DatanodeDeletedBlockTransactions.java:addTransactionToDN(50)) - Transaction added: 15488c1c-ff1a-49f6-9596-cf663845e1ec <- TX(3)
2023-04-19 02:33:00,775 [SCMBlockDeletingService#0] DEBUG block.SCMBlockDeletingService (DatanodeDeletedBlockTransactions.java:addTransactionToDN(50)) - Transaction added: 4b35ffa0-8f73-49c2-95c0-d3e82f30c132 <- TX(3)
2023-04-19 02:33:00,775 [SCMBlockDeletingService#0] DEBUG block.SCMBlockDeletingService (DatanodeDeletedBlockTransactions.java:addTransactionToDN(50)) - Transaction added: 15488c1c-ff1a-49f6-9596-cf663845e1ec <- TX(4)
2023-04-19 02:33:00,775 [SCMBlockDeletingService#0] DEBUG block.SCMBlockDeletingService (DatanodeDeletedBlockTransactions.java:addTransactionToDN(50)) - Transaction added: 4b35ffa0-8f73-49c2-95c0-d3e82f30c132 <- TX(4)
2023-04-19 02:33:00,775 [SCMBlockDeletingService#0] DEBUG block.SCMBlockDeletingService (DatanodeDeletedBlockTransactions.java:addTransactionToDN(50)) - Transaction added: 4b35ffa0-8f73-49c2-95c0-d3e82f30c132 <- TX(5)
2023-04-19 02:33:00,775 [SCMBlockDeletingService#0] DEBUG block.SCMBlockDeletingService (DatanodeDeletedBlockTransactions.java:addTransactionToDN(50)) - Transaction added: 15488c1c-ff1a-49f6-9596-cf663845e1ec <- TX(5)
2023-04-19 02:33:00,775 [SCMBlockDeletingService#0] DEBUG block.SCMBlockDeletingService (DatanodeDeletedBlockTransactions.java:addTransactionToDN(50)) - Transaction added: 4b35ffa0-8f73-49c2-95c0-d3e82f30c132 <- TX(6)
2023-04-19 02:33:00,775 [SCMBlockDeletingService#0] DEBUG block.SCMBlockDeletingService (DatanodeDeletedBlockTransactions.java:addTransactionToDN(50)) - Transaction added: 15488c1c-ff1a-49f6-9596-cf663845e1ec <- TX(6)
2023-04-19 02:33:00,775 [SCMBlockDeletingService#0] DEBUG block.SCMBlockDeletingService (SCMBlockDeletingService.java:call(189)) - Added delete block command for datanode 15488c1c-ff1a-49f6-9596-cf663845e1ec in the queue, number of delete block transactions: 6
2023-04-19 02:33:00,775 [SCMBlockDeletingService#0] DEBUG block.SCMBlockDeletingService (SCMBlockDeletingService.java:call(189)) - Added delete block command for datanode 4b35ffa0-8f73-49c2-95c0-d3e82f30c132 in the queue, number of delete block transactions: 6
2023-04-19 02:33:00,775 [SCMBlockDeletingService#0] INFO  block.SCMBlockDeletingService (SCMBlockDeletingService.java:call(198)) - Totally added 12 blocks to be deleted for 2 datanodes, task elapsed time: 1ms
2023-04-19 02:33:00,780 [BlockDeletingService#2] INFO  interfaces.ContainerDeletionChoosingPolicyTemplate (ContainerDeletionChoosingPolicyTemplate.java:chooseContainerForBlockDeletion(83)) - Chosen 0/5000 blocks from 0 candidate containers.
2023-04-19 02:33:00,780 [BlockDeletingService#5] INFO  interfaces.ContainerDeletionChoosingPolicyTemplate (ContainerDeletionChoosingPolicyTemplate.java:chooseContainerForBlockDeletion(83)) - Chosen 0/5000 blocks from 0 candidate containers.
2023-04-19 02:33:00,780 [BlockDeletingService#2] INFO  interfaces.ContainerDeletionChoosingPolicyTemplate (ContainerDeletionChoosingPolicyTemplate.java:chooseContainerForBlockDeletion(83)) - Chosen 0/5000 blocks from 0 candidate containers.
2023-04-19 02:33:00,824 [Listener at 127.0.0.1/44187] WARN  commandhandler.TestBlockDeletion (TestBlockDeletion.java:lambda$testBlockDeletion$4(265)) - Verify blocks deletion failed
org.opentest4j.AssertionFailedError: expected: <null> but was: <[blockId=conID: 1 locID: 111677748019200001 bcsId: 16, size=4194304]>
	at org.junit.jupiter.api.AssertionUtils.fail(AssertionUtils.java:55)
	at org.junit.jupiter.api.AssertNull.failNotNull(AssertNull.java:54)
	at org.junit.jupiter.api.AssertNull.assertNull(AssertNull.java:38)
	at org.junit.jupiter.api.AssertNull.assertNull(AssertNull.java:33)
	at org.junit.jupiter.api.Assertions.assertNull(Assertions.java:275)
	at org.apache.hadoop.ozone.container.common.statemachine.commandhandler.TestBlockDeletion.lambda$verifyBlocksDeleted$17(TestBlockDeletion.java:484)
	at org.apache.hadoop.ozone.OzoneTestUtils.performOperationOnKeyContainers(OzoneTestUtils.java:140)
	at org.apache.hadoop.ozone.container.common.statemachine.commandhandler.TestBlockDeletion.verifyBlocksDeleted(TestBlockDeletion.java:474)
	at org.apache.hadoop.ozone.container.common.statemachine.commandhandler.TestBlockDeletion.lambda$testBlockDeletion$4(TestBlockDeletion.java:262)
	at org.apache.ozone.test.GenericTestUtils.waitFor(GenericTestUtils.java:225)
	at org.apache.hadoop.ozone.container.common.statemachine.commandhandler.TestBlockDeletion.testBlockDeletion(TestBlockDeletion.java:260)
	at sun.reflect.NativeMethodAccessorImpl.invoke0(Native Method)
	at sun.reflect.NativeMethodAccessorImpl.invoke(NativeMethodAccessorImpl.java:62)
	at sun.reflect.DelegatingMethodAccessorImpl.invoke(DelegatingMethodAccessorImpl.java:43)
	at java.lang.reflect.Method.invoke(Method.java:498)
	at org.junit.platform.commons.util.ReflectionUtils.invokeMethod(ReflectionUtils.java:725)
	at org.junit.jupiter.engine.execution.MethodInvocation.proceed(MethodInvocation.java:60)
	at org.junit.jupiter.engine.execution.InvocationInterceptorChain$ValidatingInvocation.proceed(InvocationInterceptorChain.java:131)
	at org.junit.jupiter.engine.extension.TimeoutExtension.intercept(TimeoutExtension.java:149)
	at org.junit.jupiter.engine.extension.TimeoutExtension.interceptTestableMethod(TimeoutExtension.java:140)
	at org.junit.jupiter.engine.extension.TimeoutExtension.interceptTestTemplateMethod(TimeoutExtension.java:92)
	at org.junit.jupiter.engine.execution.ExecutableInvoker$ReflectiveInterceptorCall.lambda$ofVoidMethod$0(ExecutableInvoker.java:115)
	at org.junit.jupiter.engine.execution.ExecutableInvoker.lambda$invoke$0(ExecutableInvoker.java:105)
	at org.junit.jupiter.engine.execution.InvocationInterceptorChain$InterceptedInvocation.proceed(InvocationInterceptorChain.java:106)
	at org.junit.jupiter.engine.execution.InvocationInterceptorChain.proceed(InvocationInterceptorChain.java:64)
	at org.junit.jupiter.engine.execution.InvocationInterceptorChain.chainAndInvoke(InvocationInterceptorChain.java:45)
	at org.junit.jupiter.engine.execution.InvocationInterceptorChain.invoke(InvocationInterceptorChain.java:37)
	at org.junit.jupiter.engine.execution.ExecutableInvoker.invoke(ExecutableInvoker.java:104)
	at org.junit.jupiter.engine.execution.ExecutableInvoker.invoke(ExecutableInvoker.java:98)
	at org.junit.jupiter.engine.descriptor.TestMethodTestDescriptor.lambda$invokeTestMethod$7(TestMethodTestDescriptor.java:214)
	at org.junit.platform.engine.support.hierarchical.ThrowableCollector.execute(ThrowableCollector.java:73)
	at org.junit.jupiter.engine.descriptor.TestMethodTestDescriptor.invokeTestMethod(TestMethodTestDescriptor.java:210)
	at org.junit.jupiter.engine.descriptor.TestMethodTestDescriptor.execute(TestMethodTestDescriptor.java:135)
	at org.junit.jupiter.engine.descriptor.TestMethodTestDescriptor.execute(TestMethodTestDescriptor.java:66)
	at org.junit.platform.engine.support.hierarchical.NodeTestTask.lambda$executeRecursively$6(NodeTestTask.java:151)
	at org.junit.platform.engine.support.hierarchical.ThrowableCollector.execute(ThrowableCollector.java:73)
	at org.junit.platform.engine.support.hierarchical.NodeTestTask.lambda$executeRecursively$8(NodeTestTask.java:141)
	at org.junit.platform.engine.support.hierarchical.Node.around(Node.java:137)
	at org.junit.platform.engine.support.hierarchical.NodeTestTask.lambda$executeRecursively$9(NodeTestTask.java:139)
	at org.junit.platform.engine.support.hierarchical.ThrowableCollector.execute(ThrowableCollector.java:73)
	at org.junit.platform.engine.support.hierarchical.NodeTestTask.executeRecursively(NodeTestTask.java:138)
	at org.junit.platform.engine.support.hierarchical.NodeTestTask.execute(NodeTestTask.java:95)
	at org.junit.platform.engine.support.hierarchical.SameThreadHierarchicalTestExecutorService.submit(SameThreadHierarchicalTestExecutorService.java:35)
	at org.junit.platform.engine.support.hierarchical.NodeTestTask$DefaultDynamicTestExecutor.execute(NodeTestTask.java:226)
	at org.junit.platform.engine.support.hierarchical.NodeTestTask$DefaultDynamicTestExecutor.execute(NodeTestTask.java:204)
	at org.junit.jupiter.engine.descriptor.TestTemplateTestDescriptor.execute(TestTemplateTestDescriptor.java:139)
	at org.junit.jupiter.engine.descriptor.TestTemplateTestDescriptor.lambda$execute$2(TestTemplateTestDescriptor.java:107)
	at java.util.stream.ForEachOps$ForEachOp$OfRef.accept(ForEachOps.java:183)
	at java.util.stream.ReferencePipeline$3$1.accept(ReferencePipeline.java:193)
	at java.util.stream.ReferencePipeline$2$1.accept(ReferencePipeline.java:175)
	at java.util.stream.ReferencePipeline$3$1.accept(ReferencePipeline.java:193)
	at java.util.stream.ForEachOps$ForEachOp$OfRef.accept(ForEachOps.java:183)
	at java.util.stream.ReferencePipeline$3$1.accept(ReferencePipeline.java:193)
	at java.util.stream.ReferencePipeline$3$1.accept(ReferencePipeline.java:193)
	at java.util.stream.ReferencePipeline$3$1.accept(ReferencePipeline.java:193)
	at java.util.stream.ForEachOps$ForEachOp$OfRef.accept(ForEachOps.java:183)
	at java.util.stream.ReferencePipeline$3$1.accept(ReferencePipeline.java:193)
	at java.util.Spliterators$ArraySpliterator.forEachRemaining(Spliterators.java:948)
	at java.util.stream.ReferencePipeline$Head.forEach(ReferencePipeline.java:647)
	at java.util.stream.ReferencePipeline$7$1.accept(ReferencePipeline.java:272)
	at java.util.stream.ReferencePipeline$3$1.accept(ReferencePipeline.java:193)
	at java.util.stream.ReferencePipeline$3$1.accept(ReferencePipeline.java:193)
	at java.util.Spliterators$ArraySpliterator.forEachRemaining(Spliterators.java:948)
	at java.util.stream.AbstractPipeline.copyInto(AbstractPipeline.java:482)
	at java.util.stream.AbstractPipeline.wrapAndCopyInto(AbstractPipeline.java:472)
	at java.util.stream.ForEachOps$ForEachOp.evaluateSequential(ForEachOps.java:150)
	at java.util.stream.ForEachOps$ForEachOp$OfRef.evaluateSequential(ForEachOps.java:173)
	at java.util.stream.AbstractPipeline.evaluate(AbstractPipeline.java:234)
	at java.util.stream.ReferencePipeline.forEach(ReferencePipeline.java:485)
	at java.util.stream.ReferencePipeline$7$1.accept(ReferencePipeline.java:272)
	at java.util.stream.ReferencePipeline$3$1.accept(ReferencePipeline.java:193)
	at java.util.stream.ReferencePipeline$3$1.accept(ReferencePipeline.java:193)
	at java.util.stream.ReferencePipeline$3$1.accept(ReferencePipeline.java:193)
	at java.util.ArrayList$ArrayListSpliterator.forEachRemaining(ArrayList.java:1384)
	at java.util.stream.AbstractPipeline.copyInto(AbstractPipeline.java:482)
	at java.util.stream.AbstractPipeline.wrapAndCopyInto(AbstractPipeline.java:472)
	at java.util.stream.ForEachOps$ForEachOp.evaluateSequential(ForEachOps.java:150)
	at java.util.stream.ForEachOps$ForEachOp$OfRef.evaluateSequential(ForEachOps.java:173)
	at java.util.stream.AbstractPipeline.evaluate(AbstractPipeline.java:234)
	at java.util.stream.ReferencePipeline.forEach(ReferencePipeline.java:485)
	at java.util.stream.ReferencePipeline$7$1.accept(ReferencePipeline.java:272)
	at java.util.ArrayList$ArrayListSpliterator.forEachRemaining(ArrayList.java:1384)
	at java.util.stream.AbstractPipeline.copyInto(AbstractPipeline.java:482)
	at java.util.stream.AbstractPipeline.wrapAndCopyInto(AbstractPipeline.java:472)
	at java.util.stream.ForEachOps$ForEachOp.evaluateSequential(ForEachOps.java:150)
	at java.util.stream.ForEachOps$ForEachOp$OfRef.evaluateSequential(ForEachOps.java:173)
	at java.util.stream.AbstractPipeline.evaluate(AbstractPipeline.java:234)
	at java.util.stream.ReferencePipeline.forEach(ReferencePipeline.java:485)
	at org.junit.jupiter.engine.descriptor.TestTemplateTestDescriptor.execute(TestTemplateTestDescriptor.java:107)
	at org.junit.jupiter.engine.descriptor.TestTemplateTestDescriptor.execute(TestTemplateTestDescriptor.java:42)
	at org.junit.platform.engine.support.hierarchical.NodeTestTask.lambda$executeRecursively$6(NodeTestTask.java:151)
	at org.junit.platform.engine.support.hierarchical.ThrowableCollector.execute(ThrowableCollector.java:73)
	at org.junit.platform.engine.support.hierarchical.NodeTestTask.lambda$executeRecursively$8(NodeTestTask.java:141)
	at org.junit.platform.engine.support.hierarchical.Node.around(Node.java:137)
	at org.junit.platform.engine.support.hierarchical.NodeTestTask.lambda$executeRecursively$9(NodeTestTask.java:139)
	at org.junit.platform.engine.support.hierarchical.ThrowableCollector.execute(ThrowableCollector.java:73)
	at org.junit.platform.engine.support.hierarchical.NodeTestTask.executeRecursively(NodeTestTask.java:138)
	at org.junit.platform.engine.support.hierarchical.NodeTestTask.execute(NodeTestTask.java:95)
	at java.util.ArrayList.forEach(ArrayList.java:1259)
	at org.junit.platform.engine.support.hierarchical.SameThreadHierarchicalTestExecutorService.invokeAll(SameThreadHierarchicalTestExecutorService.java:41)
	at org.junit.platform.engine.support.hierarchical.NodeTestTask.lambda$executeRecursively$6(NodeTestTask.java:155)
	at org.junit.platform.engine.support.hierarchical.ThrowableCollector.execute(ThrowableCollector.java:73)
	at org.junit.platform.engine.support.hierarchical.NodeTestTask.lambda$executeRecursively$8(NodeTestTask.java:141)
	at org.junit.platform.engine.support.hierarchical.Node.around(Node.java:137)
	at org.junit.platform.engine.support.hierarchical.NodeTestTask.lambda$executeRecursively$9(NodeTestTask.java:139)
	at org.junit.platform.engine.support.hierarchical.ThrowableCollector.execute(ThrowableCollector.java:73)
	at org.junit.platform.engine.support.hierarchical.NodeTestTask.executeRecursively(NodeTestTask.java:138)
	at org.junit.platform.engine.support.hierarchical.NodeTestTask.execute(NodeTestTask.java:95)
	at java.util.ArrayList.forEach(ArrayList.java:1259)
	at org.junit.platform.engine.support.hierarchical.SameThreadHierarchicalTestExecutorService.invokeAll(SameThreadHierarchicalTestExecutorService.java:41)
	at org.junit.platform.engine.support.hierarchical.NodeTestTask.lambda$executeRecursively$6(NodeTestTask.java:155)
	at org.junit.platform.engine.support.hierarchical.ThrowableCollector.execute(ThrowableCollector.java:73)
	at org.junit.platform.engine.support.hierarchical.NodeTestTask.lambda$executeRecursively$8(NodeTestTask.java:141)
	at org.junit.platform.engine.support.hierarchical.Node.around(Node.java:137)
	at org.junit.platform.engine.support.hierarchical.NodeTestTask.lambda$executeRecursively$9(NodeTestTask.java:139)
	at org.junit.platform.engine.support.hierarchical.ThrowableCollector.execute(ThrowableCollector.java:73)
	at org.junit.platform.engine.support.hierarchical.NodeTestTask.executeRecursively(NodeTestTask.java:138)
	at org.junit.platform.engine.support.hierarchical.NodeTestTask.execute(NodeTestTask.java:95)
	at org.junit.platform.engine.support.hierarchical.SameThreadHierarchicalTestExecutorService.submit(SameThreadHierarchicalTestExecutorService.java:35)
	at org.junit.platform.engine.support.hierarchical.HierarchicalTestExecutor.execute(HierarchicalTestExecutor.java:57)
	at org.junit.platform.engine.support.hierarchical.HierarchicalTestEngine.execute(HierarchicalTestEngine.java:54)
	at org.junit.platform.launcher.core.EngineExecutionOrchestrator.execute(EngineExecutionOrchestrator.java:107)
	at org.junit.platform.launcher.core.EngineExecutionOrchestrator.execute(EngineExecutionOrchestrator.java:88)
	at org.junit.platform.launcher.core.EngineExecutionOrchestrator.lambda$execute$0(EngineExecutionOrchestrator.java:54)
	at org.junit.platform.launcher.core.EngineExecutionOrchestrator.withInterceptedStreams(EngineExecutionOrchestrator.java:67)
	at org.junit.platform.launcher.core.EngineExecutionOrchestrator.execute(EngineExecutionOrchestrator.java:52)
	at org.junit.platform.launcher.core.DefaultLauncher.execute(DefaultLauncher.java:114)
	at org.junit.platform.launcher.core.DefaultLauncher.execute(DefaultLauncher.java:86)
	at org.junit.platform.launcher.core.DefaultLauncherSession$DelegatingLauncher.execute(DefaultLauncherSession.java:86)
	at org.junit.platform.launcher.core.SessionPerRequestLauncher.execute(SessionPerRequestLauncher.java:53)
	at org.apache.maven.surefire.junitplatform.JUnitPlatformProvider.execute(JUnitPlatformProvider.java:188)
	at org.apache.maven.surefire.junitplatform.JUnitPlatformProvider.invokeAllTests(JUnitPlatformProvider.java:154)
	at org.apache.maven.surefire.junitplatform.JUnitPlatformProvider.invoke(JUnitPlatformProvider.java:124)
	at org.apache.maven.surefire.booter.ForkedBooter.runSuitesInProcess(ForkedBooter.java:428)
	at org.apache.maven.surefire.booter.ForkedBooter.execute(ForkedBooter.java:162)
	at org.apache.maven.surefire.booter.ForkedBooter.run(ForkedBooter.java:562)
	at org.apache.maven.surefire.booter.ForkedBooter.main(ForkedBooter.java:548)
2023-04-19 02:33:00,874 [SCMBlockDeletingService#0] DEBUG block.SCMBlockDeletingService (SCMBlockDeletingService.java:shouldRun(251)) - Check scm block delete run: true serviceStatus: RUNNING safemodeExitRunDelayMillis: 3000 alreadyWaitTimeInMillis: 10868
2023-04-19 02:33:00,875 [SCMBlockDeletingService#0] DEBUG block.SCMBlockDeletingService (SCMBlockDeletingService.java:call(154)) - Running DeletedBlockTransactionScanner
2023-04-19 02:33:00,880 [BlockDeletingService#2] INFO  interfaces.ContainerDeletionChoosingPolicyTemplate (ContainerDeletionChoosingPolicyTemplate.java:chooseContainerForBlockDeletion(83)) - Chosen 0/5000 blocks from 0 candidate containers.
2023-04-19 02:33:00,880 [BlockDeletingService#5] INFO  interfaces.ContainerDeletionChoosingPolicyTemplate (ContainerDeletionChoosingPolicyTemplate.java:chooseContainerForBlockDeletion(83)) - Chosen 0/5000 blocks from 0 candidate containers.
2023-04-19 02:33:00,880 [BlockDeletingService#2] INFO  interfaces.ContainerDeletionChoosingPolicyTemplate (ContainerDeletionChoosingPolicyTemplate.java:chooseContainerForBlockDeletion(83)) - Chosen 0/5000 blocks from 0 candidate containers.
2023-04-19 02:33:00,975 [SCMBlockDeletingService#0] DEBUG block.SCMBlockDeletingService (SCMBlockDeletingService.java:shouldRun(251)) - Check scm block delete run: true serviceStatus: RUNNING safemodeExitRunDelayMillis: 3000 alreadyWaitTimeInMillis: 10969
2023-04-19 02:33:00,975 [SCMBlockDeletingService#0] DEBUG block.SCMBlockDeletingService (SCMBlockDeletingService.java:call(154)) - Running DeletedBlockTransactionScanner
2023-04-19 02:33:00,975 [SCMBlockDeletingService#0] DEBUG block.SCMBlockDeletingService (DatanodeDeletedBlockTransactions.java:addTransactionToDN(50)) - Transaction added: 4b35ffa0-8f73-49c2-95c0-d3e82f30c132 <- TX(1)
2023-04-19 02:33:00,975 [SCMBlockDeletingService#0] DEBUG block.SCMBlockDeletingService (DatanodeDeletedBlockTransactions.java:addTransactionToDN(50)) - Transaction added: 15488c1c-ff1a-49f6-9596-cf663845e1ec <- TX(1)
2023-04-19 02:33:00,975 [SCMBlockDeletingService#0] DEBUG block.SCMBlockDeletingService (DatanodeDeletedBlockTransactions.java:addTransactionToDN(50)) - Transaction added: 4b35ffa0-8f73-49c2-95c0-d3e82f30c132 <- TX(2)
2023-04-19 02:33:00,975 [SCMBlockDeletingService#0] DEBUG block.SCMBlockDeletingService (DatanodeDeletedBlockTransactions.java:addTransactionToDN(50)) - Transaction added: 15488c1c-ff1a-49f6-9596-cf663845e1ec <- TX(2)
2023-04-19 02:33:00,975 [SCMBlockDeletingService#0] DEBUG block.SCMBlockDeletingService (DatanodeDeletedBlockTransactions.java:addTransactionToDN(50)) - Transaction added: 15488c1c-ff1a-49f6-9596-cf663845e1ec <- TX(3)
2023-04-19 02:33:00,976 [SCMBlockDeletingService#0] DEBUG block.SCMBlockDeletingService (DatanodeDeletedBlockTransactions.java:addTransactionToDN(50)) - Transaction added: 4b35ffa0-8f73-49c2-95c0-d3e82f30c132 <- TX(3)
2023-04-19 02:33:00,976 [SCMBlockDeletingService#0] DEBUG block.SCMBlockDeletingService (DatanodeDeletedBlockTransactions.java:addTransactionToDN(50)) - Transaction added: 15488c1c-ff1a-49f6-9596-cf663845e1ec <- TX(4)
2023-04-19 02:33:00,976 [SCMBlockDeletingService#0] DEBUG block.SCMBlockDeletingService (DatanodeDeletedBlockTransactions.java:addTransactionToDN(50)) - Transaction added: 4b35ffa0-8f73-49c2-95c0-d3e82f30c132 <- TX(4)
2023-04-19 02:33:00,976 [SCMBlockDeletingService#0] DEBUG block.SCMBlockDeletingService (DatanodeDeletedBlockTransactions.java:addTransactionToDN(50)) - Transaction added: 4b35ffa0-8f73-49c2-95c0-d3e82f30c132 <- TX(5)
2023-04-19 02:33:00,976 [SCMBlockDeletingService#0] DEBUG block.SCMBlockDeletingService (DatanodeDeletedBlockTransactions.java:addTransactionToDN(50)) - Transaction added: 15488c1c-ff1a-49f6-9596-cf663845e1ec <- TX(5)
2023-04-19 02:33:00,976 [SCMBlockDeletingService#0] DEBUG block.SCMBlockDeletingService (DatanodeDeletedBlockTransactions.java:addTransactionToDN(50)) - Transaction added: 4b35ffa0-8f73-49c2-95c0-d3e82f30c132 <- TX(6)
2023-04-19 02:33:00,976 [SCMBlockDeletingService#0] DEBUG block.SCMBlockDeletingService (DatanodeDeletedBlockTransactions.java:addTransactionToDN(50)) - Transaction added: 15488c1c-ff1a-49f6-9596-cf663845e1ec <- TX(6)
2023-04-19 02:33:00,976 [SCMBlockDeletingService#0] DEBUG block.SCMBlockDeletingService (SCMBlockDeletingService.java:call(189)) - Added delete block command for datanode 15488c1c-ff1a-49f6-9596-cf663845e1ec in the queue, number of delete block transactions: 6
2023-04-19 02:33:00,976 [SCMBlockDeletingService#0] DEBUG block.SCMBlockDeletingService (SCMBlockDeletingService.java:call(189)) - Added delete block command for datanode 4b35ffa0-8f73-49c2-95c0-d3e82f30c132 in the queue, number of delete block transactions: 6
2023-04-19 02:33:00,976 [SCMBlockDeletingService#0] INFO  block.SCMBlockDeletingService (SCMBlockDeletingService.java:call(198)) - Totally added 12 blocks to be deleted for 2 datanodes, task elapsed time: 1ms
2023-04-19 02:33:00,980 [BlockDeletingService#2] INFO  interfaces.ContainerDeletionChoosingPolicyTemplate (ContainerDeletionChoosingPolicyTemplate.java:chooseContainerForBlockDeletion(83)) - Chosen 0/5000 blocks from 0 candidate containers.
2023-04-19 02:33:00,981 [BlockDeletingService#5] INFO  interfaces.ContainerDeletionChoosingPolicyTemplate (ContainerDeletionChoosingPolicyTemplate.java:chooseContainerForBlockDeletion(83)) - Chosen 0/5000 blocks from 0 candidate containers.
2023-04-19 02:33:00,981 [BlockDeletingService#2] INFO  interfaces.ContainerDeletionChoosingPolicyTemplate (ContainerDeletionChoosingPolicyTemplate.java:chooseContainerForBlockDeletion(83)) - Chosen 0/5000 blocks from 0 candidate containers.
2023-04-19 02:33:01,075 [SCMBlockDeletingService#0] DEBUG block.SCMBlockDeletingService (SCMBlockDeletingService.java:shouldRun(251)) - Check scm block delete run: true serviceStatus: RUNNING safemodeExitRunDelayMillis: 3000 alreadyWaitTimeInMillis: 11069
2023-04-19 02:33:01,075 [SCMBlockDeletingService#0] DEBUG block.SCMBlockDeletingService (SCMBlockDeletingService.java:call(154)) - Running DeletedBlockTransactionScanner
2023-04-19 02:33:01,081 [BlockDeletingService#2] INFO  interfaces.ContainerDeletionChoosingPolicyTemplate (ContainerDeletionChoosingPolicyTemplate.java:chooseContainerForBlockDeletion(83)) - Chosen 0/5000 blocks from 0 candidate containers.
2023-04-19 02:33:01,081 [BlockDeletingService#5] INFO  interfaces.ContainerDeletionChoosingPolicyTemplate (ContainerDeletionChoosingPolicyTemplate.java:chooseContainerForBlockDeletion(83)) - Chosen 0/5000 blocks from 0 candidate containers.
2023-04-19 02:33:01,081 [BlockDeletingService#2] INFO  interfaces.ContainerDeletionChoosingPolicyTemplate (ContainerDeletionChoosingPolicyTemplate.java:chooseContainerForBlockDeletion(83)) - Chosen 0/5000 blocks from 0 candidate containers.
2023-04-19 02:33:01,175 [SCMBlockDeletingService#0] DEBUG block.SCMBlockDeletingService (SCMBlockDeletingService.java:shouldRun(251)) - Check scm block delete run: true serviceStatus: RUNNING safemodeExitRunDelayMillis: 3000 alreadyWaitTimeInMillis: 11169
2023-04-19 02:33:01,175 [SCMBlockDeletingService#0] DEBUG block.SCMBlockDeletingService (SCMBlockDeletingService.java:call(154)) - Running DeletedBlockTransactionScanner
2023-04-19 02:33:01,175 [SCMBlockDeletingService#0] DEBUG block.SCMBlockDeletingService (DatanodeDeletedBlockTransactions.java:addTransactionToDN(50)) - Transaction added: 4b35ffa0-8f73-49c2-95c0-d3e82f30c132 <- TX(1)
2023-04-19 02:33:01,175 [SCMBlockDeletingService#0] DEBUG block.SCMBlockDeletingService (DatanodeDeletedBlockTransactions.java:addTransactionToDN(50)) - Transaction added: 15488c1c-ff1a-49f6-9596-cf663845e1ec <- TX(1)
2023-04-19 02:33:01,175 [SCMBlockDeletingService#0] DEBUG block.SCMBlockDeletingService (DatanodeDeletedBlockTransactions.java:addTransactionToDN(50)) - Transaction added: 4b35ffa0-8f73-49c2-95c0-d3e82f30c132 <- TX(2)
2023-04-19 02:33:01,175 [SCMBlockDeletingService#0] DEBUG block.SCMBlockDeletingService (DatanodeDeletedBlockTransactions.java:addTransactionToDN(50)) - Transaction added: 15488c1c-ff1a-49f6-9596-cf663845e1ec <- TX(2)
2023-04-19 02:33:01,175 [SCMBlockDeletingService#0] DEBUG block.SCMBlockDeletingService (DatanodeDeletedBlockTransactions.java:addTransactionToDN(50)) - Transaction added: 15488c1c-ff1a-49f6-9596-cf663845e1ec <- TX(3)
2023-04-19 02:33:01,175 [SCMBlockDeletingService#0] DEBUG block.SCMBlockDeletingService (DatanodeDeletedBlockTransactions.java:addTransactionToDN(50)) - Transaction added: 4b35ffa0-8f73-49c2-95c0-d3e82f30c132 <- TX(3)
2023-04-19 02:33:01,175 [SCMBlockDeletingService#0] DEBUG block.SCMBlockDeletingService (DatanodeDeletedBlockTransactions.java:addTransactionToDN(50)) - Transaction added: 15488c1c-ff1a-49f6-9596-cf663845e1ec <- TX(4)
2023-04-19 02:33:01,175 [SCMBlockDeletingService#0] DEBUG block.SCMBlockDeletingService (DatanodeDeletedBlockTransactions.java:addTransactionToDN(50)) - Transaction added: 4b35ffa0-8f73-49c2-95c0-d3e82f30c132 <- TX(4)
2023-04-19 02:33:01,175 [SCMBlockDeletingService#0] DEBUG block.SCMBlockDeletingService (DatanodeDeletedBlockTransactions.java:addTransactionToDN(50)) - Transaction added: 4b35ffa0-8f73-49c2-95c0-d3e82f30c132 <- TX(5)
2023-04-19 02:33:01,176 [SCMBlockDeletingService#0] DEBUG block.SCMBlockDeletingService (DatanodeDeletedBlockTransactions.java:addTransactionToDN(50)) - Transaction added: 15488c1c-ff1a-49f6-9596-cf663845e1ec <- TX(5)
2023-04-19 02:33:01,176 [SCMBlockDeletingService#0] DEBUG block.SCMBlockDeletingService (DatanodeDeletedBlockTransactions.java:addTransactionToDN(50)) - Transaction added: 4b35ffa0-8f73-49c2-95c0-d3e82f30c132 <- TX(6)
2023-04-19 02:33:01,176 [SCMBlockDeletingService#0] DEBUG block.SCMBlockDeletingService (DatanodeDeletedBlockTransactions.java:addTransactionToDN(50)) - Transaction added: 15488c1c-ff1a-49f6-9596-cf663845e1ec <- TX(6)
2023-04-19 02:33:01,176 [SCMBlockDeletingService#0] DEBUG block.SCMBlockDeletingService (SCMBlockDeletingService.java:call(189)) - Added delete block command for datanode 15488c1c-ff1a-49f6-9596-cf663845e1ec in the queue, number of delete block transactions: 6
2023-04-19 02:33:01,176 [SCMBlockDeletingService#0] DEBUG block.SCMBlockDeletingService (SCMBlockDeletingService.java:call(189)) - Added delete block command for datanode 4b35ffa0-8f73-49c2-95c0-d3e82f30c132 in the queue, number of delete block transactions: 6
2023-04-19 02:33:01,176 [SCMBlockDeletingService#0] INFO  block.SCMBlockDeletingService (SCMBlockDeletingService.java:call(198)) - Totally added 12 blocks to be deleted for 2 datanodes, task elapsed time: 1ms
2023-04-19 02:33:01,181 [BlockDeletingService#2] INFO  interfaces.ContainerDeletionChoosingPolicyTemplate (ContainerDeletionChoosingPolicyTemplate.java:chooseContainerForBlockDeletion(83)) - Chosen 0/5000 blocks from 0 candidate containers.
2023-04-19 02:33:01,181 [BlockDeletingService#5] INFO  interfaces.ContainerDeletionChoosingPolicyTemplate (ContainerDeletionChoosingPolicyTemplate.java:chooseContainerForBlockDeletion(83)) - Chosen 0/5000 blocks from 0 candidate containers.
2023-04-19 02:33:01,181 [BlockDeletingService#2] INFO  interfaces.ContainerDeletionChoosingPolicyTemplate (ContainerDeletionChoosingPolicyTemplate.java:chooseContainerForBlockDeletion(83)) - Chosen 0/5000 blocks from 0 candidate containers.
2023-04-19 02:33:01,275 [SCMBlockDeletingService#0] DEBUG block.SCMBlockDeletingService (SCMBlockDeletingService.java:shouldRun(251)) - Check scm block delete run: true serviceStatus: RUNNING safemodeExitRunDelayMillis: 3000 alreadyWaitTimeInMillis: 11269
2023-04-19 02:33:01,275 [SCMBlockDeletingService#0] DEBUG block.SCMBlockDeletingService (SCMBlockDeletingService.java:call(154)) - Running DeletedBlockTransactionScanner
2023-04-19 02:33:01,281 [BlockDeletingService#2] INFO  interfaces.ContainerDeletionChoosingPolicyTemplate (ContainerDeletionChoosingPolicyTemplate.java:chooseContainerForBlockDeletion(83)) - Chosen 0/5000 blocks from 0 candidate containers.
2023-04-19 02:33:01,282 [BlockDeletingService#5] INFO  interfaces.ContainerDeletionChoosingPolicyTemplate (ContainerDeletionChoosingPolicyTemplate.java:chooseContainerForBlockDeletion(83)) - Chosen 0/5000 blocks from 0 candidate containers.
2023-04-19 02:33:01,282 [BlockDeletingService#2] INFO  interfaces.ContainerDeletionChoosingPolicyTemplate (ContainerDeletionChoosingPolicyTemplate.java:chooseContainerForBlockDeletion(83)) - Chosen 0/5000 blocks from 0 candidate containers.
2023-04-19 02:33:01,375 [SCMBlockDeletingService#0] DEBUG block.SCMBlockDeletingService (SCMBlockDeletingService.java:shouldRun(251)) - Check scm block delete run: true serviceStatus: RUNNING safemodeExitRunDelayMillis: 3000 alreadyWaitTimeInMillis: 11369
2023-04-19 02:33:01,375 [SCMBlockDeletingService#0] DEBUG block.SCMBlockDeletingService (SCMBlockDeletingService.java:call(154)) - Running DeletedBlockTransactionScanner
2023-04-19 02:33:01,375 [SCMBlockDeletingService#0] DEBUG block.SCMBlockDeletingService (DatanodeDeletedBlockTransactions.java:addTransactionToDN(50)) - Transaction added: 4b35ffa0-8f73-49c2-95c0-d3e82f30c132 <- TX(1)
2023-04-19 02:33:01,375 [SCMBlockDeletingService#0] DEBUG block.SCMBlockDeletingService (DatanodeDeletedBlockTransactions.java:addTransactionToDN(50)) - Transaction added: 15488c1c-ff1a-49f6-9596-cf663845e1ec <- TX(1)
2023-04-19 02:33:01,375 [SCMBlockDeletingService#0] DEBUG block.SCMBlockDeletingService (DatanodeDeletedBlockTransactions.java:addTransactionToDN(50)) - Transaction added: 4b35ffa0-8f73-49c2-95c0-d3e82f30c132 <- TX(2)
2023-04-19 02:33:01,375 [SCMBlockDeletingService#0] DEBUG block.SCMBlockDeletingService (DatanodeDeletedBlockTransactions.java:addTransactionToDN(50)) - Transaction added: 15488c1c-ff1a-49f6-9596-cf663845e1ec <- TX(2)
2023-04-19 02:33:01,375 [SCMBlockDeletingService#0] DEBUG block.SCMBlockDeletingService (DatanodeDeletedBlockTransactions.java:addTransactionToDN(50)) - Transaction added: 15488c1c-ff1a-49f6-9596-cf663845e1ec <- TX(3)
2023-04-19 02:33:01,375 [SCMBlockDeletingService#0] DEBUG block.SCMBlockDeletingService (DatanodeDeletedBlockTransactions.java:addTransactionToDN(50)) - Transaction added: 4b35ffa0-8f73-49c2-95c0-d3e82f30c132 <- TX(3)
2023-04-19 02:33:01,376 [SCMBlockDeletingService#0] DEBUG block.SCMBlockDeletingService (DatanodeDeletedBlockTransactions.java:addTransactionToDN(50)) - Transaction added: 15488c1c-ff1a-49f6-9596-cf663845e1ec <- TX(4)
2023-04-19 02:33:01,376 [SCMBlockDeletingService#0] DEBUG block.SCMBlockDeletingService (DatanodeDeletedBlockTransactions.java:addTransactionToDN(50)) - Transaction added: 4b35ffa0-8f73-49c2-95c0-d3e82f30c132 <- TX(4)
2023-04-19 02:33:01,376 [SCMBlockDeletingService#0] DEBUG block.SCMBlockDeletingService (DatanodeDeletedBlockTransactions.java:addTransactionToDN(50)) - Transaction added: 4b35ffa0-8f73-49c2-95c0-d3e82f30c132 <- TX(5)
2023-04-19 02:33:01,376 [SCMBlockDeletingService#0] DEBUG block.SCMBlockDeletingService (DatanodeDeletedBlockTransactions.java:addTransactionToDN(50)) - Transaction added: 15488c1c-ff1a-49f6-9596-cf663845e1ec <- TX(5)
2023-04-19 02:33:01,376 [SCMBlockDeletingService#0] DEBUG block.SCMBlockDeletingService (DatanodeDeletedBlockTransactions.java:addTransactionToDN(50)) - Transaction added: 4b35ffa0-8f73-49c2-95c0-d3e82f30c132 <- TX(6)
2023-04-19 02:33:01,376 [SCMBlockDeletingService#0] DEBUG block.SCMBlockDeletingService (DatanodeDeletedBlockTransactions.java:addTransactionToDN(50)) - Transaction added: 15488c1c-ff1a-49f6-9596-cf663845e1ec <- TX(6)
2023-04-19 02:33:01,376 [SCMBlockDeletingService#0] DEBUG block.SCMBlockDeletingService (SCMBlockDeletingService.java:call(189)) - Added delete block command for datanode 15488c1c-ff1a-49f6-9596-cf663845e1ec in the queue, number of delete block transactions: 6
2023-04-19 02:33:01,376 [SCMBlockDeletingService#0] DEBUG block.SCMBlockDeletingService (SCMBlockDeletingService.java:call(189)) - Added delete block command for datanode 4b35ffa0-8f73-49c2-95c0-d3e82f30c132 in the queue, number of delete block transactions: 6
2023-04-19 02:33:01,376 [SCMBlockDeletingService#0] INFO  block.SCMBlockDeletingService (SCMBlockDeletingService.java:call(198)) - Totally added 12 blocks to be deleted for 2 datanodes, task elapsed time: 1ms
2023-04-19 02:33:01,382 [BlockDeletingService#2] INFO  interfaces.ContainerDeletionChoosingPolicyTemplate (ContainerDeletionChoosingPolicyTemplate.java:chooseContainerForBlockDeletion(83)) - Chosen 0/5000 blocks from 0 candidate containers.
2023-04-19 02:33:01,382 [BlockDeletingService#5] INFO  interfaces.ContainerDeletionChoosingPolicyTemplate (ContainerDeletionChoosingPolicyTemplate.java:chooseContainerForBlockDeletion(83)) - Chosen 0/5000 blocks from 0 candidate containers.
2023-04-19 02:33:01,382 [BlockDeletingService#2] INFO  interfaces.ContainerDeletionChoosingPolicyTemplate (ContainerDeletionChoosingPolicyTemplate.java:chooseContainerForBlockDeletion(83)) - Chosen 0/5000 blocks from 0 candidate containers.
2023-04-19 02:33:01,475 [SCMBlockDeletingService#0] DEBUG block.SCMBlockDeletingService (SCMBlockDeletingService.java:shouldRun(251)) - Check scm block delete run: true serviceStatus: RUNNING safemodeExitRunDelayMillis: 3000 alreadyWaitTimeInMillis: 11469
2023-04-19 02:33:01,475 [SCMBlockDeletingService#0] DEBUG block.SCMBlockDeletingService (SCMBlockDeletingService.java:call(154)) - Running DeletedBlockTransactionScanner
2023-04-19 02:33:01,482 [BlockDeletingService#2] INFO  interfaces.ContainerDeletionChoosingPolicyTemplate (ContainerDeletionChoosingPolicyTemplate.java:chooseContainerForBlockDeletion(83)) - Chosen 0/5000 blocks from 0 candidate containers.
2023-04-19 02:33:01,482 [BlockDeletingService#5] INFO  interfaces.ContainerDeletionChoosingPolicyTemplate (ContainerDeletionChoosingPolicyTemplate.java:chooseContainerForBlockDeletion(83)) - Chosen 0/5000 blocks from 0 candidate containers.
2023-04-19 02:33:01,482 [BlockDeletingService#2] INFO  interfaces.ContainerDeletionChoosingPolicyTemplate (ContainerDeletionChoosingPolicyTemplate.java:chooseContainerForBlockDeletion(83)) - Chosen 0/5000 blocks from 0 candidate containers.
2023-04-19 02:33:01,554 [org.apache.hadoop.ozone.container.common.statemachine.commandhandler.DeleteBlocksCommandHandler$DeleteCmdWorker@1c02cc84] INFO  commandhandler.DeleteBlocksCommandHandler (DeleteBlocksCommandHandler.java:processCmd(275)) - Start to delete container blocks, TXIDs=[1(0),2(0),3(0),4(0),5(0),6(0)], numOfContainers=6, numOfBlocks=6
2023-04-19 02:33:01,560 [org.apache.hadoop.ozone.container.common.statemachine.commandhandler.DeleteBlocksCommandHandler$DeleteCmdWorker@1c02cc84] INFO  commandhandler.DeleteBlocksCommandHandler (DeleteBlocksCommandHandler.java:processCmd(275)) - Start to delete container blocks, TXIDs=[1(1),2(1),3(1),4(1),5(1),6(1)], numOfContainers=6, numOfBlocks=6
2023-04-19 02:33:01,561 [DeleteBlocksCommandHandlerThread-4] INFO  commandhandler.DeleteBlocksCommandHandler (DeleteBlocksCommandHandler.java:logDeleteTransaction(493)) - Delete blocks for containerId: 1 is either received out of order or retried, 1 <= 1
2023-04-19 02:33:01,561 [DeleteBlocksCommandHandlerThread-4] INFO  commandhandler.DeleteBlocksCommandHandler (DeleteBlocksCommandHandler.java:logDeleteTransaction(493)) - Delete blocks for containerId: 2 is either received out of order or retried, 2 <= 2
2023-04-19 02:33:01,561 [DeleteBlocksCommandHandlerThread-4] INFO  commandhandler.DeleteBlocksCommandHandler (DeleteBlocksCommandHandler.java:logDeleteTransaction(493)) - Delete blocks for containerId: 3 is either received out of order or retried, 3 <= 3
2023-04-19 02:33:01,561 [DeleteBlocksCommandHandlerThread-4] INFO  commandhandler.DeleteBlocksCommandHandler (DeleteBlocksCommandHandler.java:logDeleteTransaction(493)) - Delete blocks for containerId: 4 is either received out of order or retried, 4 <= 4
2023-04-19 02:33:01,561 [DeleteBlocksCommandHandlerThread-4] INFO  commandhandler.DeleteBlocksCommandHandler (DeleteBlocksCommandHandler.java:logDeleteTransaction(493)) - Delete blocks for containerId: 5 is either received out of order or retried, 5 <= 5
2023-04-19 02:33:01,561 [DeleteBlocksCommandHandlerThread-4] INFO  commandhandler.DeleteBlocksCommandHandler (DeleteBlocksCommandHandler.java:logDeleteTransaction(493)) - Delete blocks for containerId: 6 is either received out of order or retried, 6 <= 6
2023-04-19 02:33:01,562 [org.apache.hadoop.ozone.container.common.statemachine.commandhandler.DeleteBlocksCommandHandler$DeleteCmdWorker@1c02cc84] INFO  commandhandler.DeleteBlocksCommandHandler (DeleteBlocksCommandHandler.java:processCmd(275)) - Start to delete container blocks, TXIDs=[1(2),2(2),3(2),4(2),5(2),6(2)], numOfContainers=6, numOfBlocks=6
2023-04-19 02:33:01,562 [DeleteBlocksCommandHandlerThread-4] INFO  commandhandler.DeleteBlocksCommandHandler (DeleteBlocksCommandHandler.java:logDeleteTransaction(493)) - Delete blocks for containerId: 1 is either received out of order or retried, 1 <= 1
2023-04-19 02:33:01,562 [DeleteBlocksCommandHandlerThread-4] INFO  commandhandler.DeleteBlocksCommandHandler (DeleteBlocksCommandHandler.java:logDeleteTransaction(493)) - Delete blocks for containerId: 2 is either received out of order or retried, 2 <= 2
2023-04-19 02:33:01,562 [DeleteBlocksCommandHandlerThread-4] INFO  commandhandler.DeleteBlocksCommandHandler (DeleteBlocksCommandHandler.java:logDeleteTransaction(493)) - Delete blocks for containerId: 3 is either received out of order or retried, 3 <= 3
2023-04-19 02:33:01,562 [DeleteBlocksCommandHandlerThread-4] INFO  commandhandler.DeleteBlocksCommandHandler (DeleteBlocksCommandHandler.java:logDeleteTransaction(493)) - Delete blocks for containerId: 4 is either received out of order or retried, 4 <= 4
2023-04-19 02:33:01,562 [DeleteBlocksCommandHandlerThread-4] INFO  commandhandler.DeleteBlocksCommandHandler (DeleteBlocksCommandHandler.java:logDeleteTransaction(493)) - Delete blocks for containerId: 5 is either received out of order or retried, 5 <= 5
2023-04-19 02:33:01,562 [DeleteBlocksCommandHandlerThread-4] INFO  commandhandler.DeleteBlocksCommandHandler (DeleteBlocksCommandHandler.java:logDeleteTransaction(493)) - Delete blocks for containerId: 6 is either received out of order or retried, 6 <= 6
2023-04-19 02:33:01,562 [org.apache.hadoop.ozone.container.common.statemachine.commandhandler.DeleteBlocksCommandHandler$DeleteCmdWorker@1c02cc84] INFO  commandhandler.DeleteBlocksCommandHandler (DeleteBlocksCommandHandler.java:processCmd(275)) - Start to delete container blocks, TXIDs=[1(3),2(3),3(3),4(3),5(3),6(3)], numOfContainers=6, numOfBlocks=6
2023-04-19 02:33:01,563 [DeleteBlocksCommandHandlerThread-4] INFO  commandhandler.DeleteBlocksCommandHandler (DeleteBlocksCommandHandler.java:logDeleteTransaction(493)) - Delete blocks for containerId: 1 is either received out of order or retried, 1 <= 1
2023-04-19 02:33:01,563 [DeleteBlocksCommandHandlerThread-4] INFO  commandhandler.DeleteBlocksCommandHandler (DeleteBlocksCommandHandler.java:logDeleteTransaction(493)) - Delete blocks for containerId: 2 is either received out of order or retried, 2 <= 2
2023-04-19 02:33:01,563 [DeleteBlocksCommandHandlerThread-4] INFO  commandhandler.DeleteBlocksCommandHandler (DeleteBlocksCommandHandler.java:logDeleteTransaction(493)) - Delete blocks for containerId: 3 is either received out of order or retried, 3 <= 3
2023-04-19 02:33:01,563 [DeleteBlocksCommandHandlerThread-1] INFO  commandhandler.DeleteBlocksCommandHandler (DeleteBlocksCommandHandler.java:logDeleteTransaction(493)) - Delete blocks for containerId: 4 is either received out of order or retried, 4 <= 4
2023-04-19 02:33:01,563 [DeleteBlocksCommandHandlerThread-4] INFO  commandhandler.DeleteBlocksCommandHandler (DeleteBlocksCommandHandler.java:logDeleteTransaction(493)) - Delete blocks for containerId: 5 is either received out of order or retried, 5 <= 5
2023-04-19 02:33:01,563 [DeleteBlocksCommandHandlerThread-4] INFO  commandhandler.DeleteBlocksCommandHandler (DeleteBlocksCommandHandler.java:logDeleteTransaction(493)) - Delete blocks for containerId: 6 is either received out of order or retried, 6 <= 6
2023-04-19 02:33:01,564 [org.apache.hadoop.ozone.container.common.statemachine.commandhandler.DeleteBlocksCommandHandler$DeleteCmdWorker@1c02cc84] INFO  commandhandler.DeleteBlocksCommandHandler (DeleteBlocksCommandHandler.java:processCmd(275)) - Start to delete container blocks, TXIDs=[1(4),2(4),3(4),4(4),5(4),6(4)], numOfContainers=6, numOfBlocks=6
2023-04-19 02:33:01,564 [DeleteBlocksCommandHandlerThread-3] INFO  commandhandler.DeleteBlocksCommandHandler (DeleteBlocksCommandHandler.java:logDeleteTransaction(493)) - Delete blocks for containerId: 1 is either received out of order or retried, 1 <= 1
2023-04-19 02:33:01,564 [DeleteBlocksCommandHandlerThread-3] INFO  commandhandler.DeleteBlocksCommandHandler (DeleteBlocksCommandHandler.java:logDeleteTransaction(493)) - Delete blocks for containerId: 2 is either received out of order or retried, 2 <= 2
2023-04-19 02:33:01,564 [DeleteBlocksCommandHandlerThread-3] INFO  commandhandler.DeleteBlocksCommandHandler (DeleteBlocksCommandHandler.java:logDeleteTransaction(493)) - Delete blocks for containerId: 3 is either received out of order or retried, 3 <= 3
2023-04-19 02:33:01,564 [DeleteBlocksCommandHandlerThread-3] INFO  commandhandler.DeleteBlocksCommandHandler (DeleteBlocksCommandHandler.java:logDeleteTransaction(493)) - Delete blocks for containerId: 4 is either received out of order or retried, 4 <= 4
2023-04-19 02:33:01,564 [DeleteBlocksCommandHandlerThread-3] INFO  commandhandler.DeleteBlocksCommandHandler (DeleteBlocksCommandHandler.java:logDeleteTransaction(493)) - Delete blocks for containerId: 5 is either received out of order or retried, 5 <= 5
2023-04-19 02:33:01,564 [DeleteBlocksCommandHandlerThread-3] INFO  commandhandler.DeleteBlocksCommandHandler (DeleteBlocksCommandHandler.java:logDeleteTransaction(493)) - Delete blocks for containerId: 6 is either received out of order or retried, 6 <= 6
2023-04-19 02:33:01,564 [org.apache.hadoop.ozone.container.common.statemachine.commandhandler.DeleteBlocksCommandHandler$DeleteCmdWorker@1c02cc84] INFO  commandhandler.DeleteBlocksCommandHandler (DeleteBlocksCommandHandler.java:processCmd(275)) - Start to delete container blocks, TXIDs=[1(5),2(5),3(5),4(5),5(5),6(5)], numOfContainers=6, numOfBlocks=6
2023-04-19 02:33:01,565 [DeleteBlocksCommandHandlerThread-1] INFO  commandhandler.DeleteBlocksCommandHandler (DeleteBlocksCommandHandler.java:logDeleteTransaction(493)) - Delete blocks for containerId: 1 is either received out of order or retried, 1 <= 1
2023-04-19 02:33:01,565 [DeleteBlocksCommandHandlerThread-1] INFO  commandhandler.DeleteBlocksCommandHandler (DeleteBlocksCommandHandler.java:logDeleteTransaction(493)) - Delete blocks for containerId: 2 is either received out of order or retried, 2 <= 2
2023-04-19 02:33:01,566 [DeleteBlocksCommandHandlerThread-1] INFO  commandhandler.DeleteBlocksCommandHandler (DeleteBlocksCommandHandler.java:logDeleteTransaction(493)) - Delete blocks for containerId: 3 is either received out of order or retried, 3 <= 3
2023-04-19 02:33:01,566 [DeleteBlocksCommandHandlerThread-1] INFO  commandhandler.DeleteBlocksCommandHandler (DeleteBlocksCommandHandler.java:logDeleteTransaction(493)) - Delete blocks for containerId: 4 is either received out of order or retried, 4 <= 4
2023-04-19 02:33:01,567 [DeleteBlocksCommandHandlerThread-1] INFO  commandhandler.DeleteBlocksCommandHandler (DeleteBlocksCommandHandler.java:logDeleteTransaction(493)) - Delete blocks for containerId: 5 is either received out of order or retried, 5 <= 5
2023-04-19 02:33:01,567 [DeleteBlocksCommandHandlerThread-1] INFO  commandhandler.DeleteBlocksCommandHandler (DeleteBlocksCommandHandler.java:logDeleteTransaction(493)) - Delete blocks for containerId: 6 is either received out of order or retried, 6 <= 6
2023-04-19 02:33:01,567 [org.apache.hadoop.ozone.container.common.statemachine.commandhandler.DeleteBlocksCommandHandler$DeleteCmdWorker@1c02cc84] INFO  commandhandler.DeleteBlocksCommandHandler (DeleteBlocksCommandHandler.java:processCmd(275)) - Start to delete container blocks, TXIDs=[1(6),2(6),3(6),4(6),5(6),6(6)], numOfContainers=6, numOfBlocks=6
2023-04-19 02:33:01,567 [DeleteBlocksCommandHandlerThread-1] INFO  commandhandler.DeleteBlocksCommandHandler (DeleteBlocksCommandHandler.java:logDeleteTransaction(493)) - Delete blocks for containerId: 1 is either received out of order or retried, 1 <= 1
2023-04-19 02:33:01,568 [DeleteBlocksCommandHandlerThread-1] INFO  commandhandler.DeleteBlocksCommandHandler (DeleteBlocksCommandHandler.java:logDeleteTransaction(493)) - Delete blocks for containerId: 2 is either received out of order or retried, 2 <= 2
2023-04-19 02:33:01,568 [DeleteBlocksCommandHandlerThread-1] INFO  commandhandler.DeleteBlocksCommandHandler (DeleteBlocksCommandHandler.java:logDeleteTransaction(493)) - Delete blocks for containerId: 3 is either received out of order or retried, 3 <= 3
2023-04-19 02:33:01,568 [DeleteBlocksCommandHandlerThread-1] INFO  commandhandler.DeleteBlocksCommandHandler (DeleteBlocksCommandHandler.java:logDeleteTransaction(493)) - Delete blocks for containerId: 4 is either received out of order or retried, 4 <= 4
2023-04-19 02:33:01,568 [DeleteBlocksCommandHandlerThread-1] INFO  commandhandler.DeleteBlocksCommandHandler (DeleteBlocksCommandHandler.java:logDeleteTransaction(493)) - Delete blocks for containerId: 5 is either received out of order or retried, 5 <= 5
2023-04-19 02:33:01,568 [DeleteBlocksCommandHandlerThread-2] INFO  commandhandler.DeleteBlocksCommandHandler (DeleteBlocksCommandHandler.java:logDeleteTransaction(493)) - Delete blocks for containerId: 6 is either received out of order or retried, 6 <= 6
2023-04-19 02:33:01,568 [org.apache.hadoop.ozone.container.common.statemachine.commandhandler.DeleteBlocksCommandHandler$DeleteCmdWorker@1c02cc84] INFO  commandhandler.DeleteBlocksCommandHandler (DeleteBlocksCommandHandler.java:processCmd(275)) - Start to delete container blocks, TXIDs=[1(7),2(7),3(7),4(7),5(7),6(7)], numOfContainers=6, numOfBlocks=6
2023-04-19 02:33:01,569 [DeleteBlocksCommandHandlerThread-3] INFO  commandhandler.DeleteBlocksCommandHandler (DeleteBlocksCommandHandler.java:logDeleteTransaction(493)) - Delete blocks for containerId: 1 is either received out of order or retried, 1 <= 1
2023-04-19 02:33:01,569 [DeleteBlocksCommandHandlerThread-3] INFO  commandhandler.DeleteBlocksCommandHandler (DeleteBlocksCommandHandler.java:logDeleteTransaction(493)) - Delete blocks for containerId: 2 is either received out of order or retried, 2 <= 2
2023-04-19 02:33:01,569 [DeleteBlocksCommandHandlerThread-3] INFO  commandhandler.DeleteBlocksCommandHandler (DeleteBlocksCommandHandler.java:logDeleteTransaction(493)) - Delete blocks for containerId: 3 is either received out of order or retried, 3 <= 3
2023-04-19 02:33:01,569 [DeleteBlocksCommandHandlerThread-3] INFO  commandhandler.DeleteBlocksCommandHandler (DeleteBlocksCommandHandler.java:logDeleteTransaction(493)) - Delete blocks for containerId: 4 is either received out of order or retried, 4 <= 4
2023-04-19 02:33:01,569 [DeleteBlocksCommandHandlerThread-3] INFO  commandhandler.DeleteBlocksCommandHandler (DeleteBlocksCommandHandler.java:logDeleteTransaction(493)) - Delete blocks for containerId: 5 is either received out of order or retried, 5 <= 5
2023-04-19 02:33:01,569 [DeleteBlocksCommandHandlerThread-3] INFO  commandhandler.DeleteBlocksCommandHandler (DeleteBlocksCommandHandler.java:logDeleteTransaction(493)) - Delete blocks for containerId: 6 is either received out of order or retried, 6 <= 6
2023-04-19 02:33:01,569 [org.apache.hadoop.ozone.container.common.statemachine.commandhandler.DeleteBlocksCommandHandler$DeleteCmdWorker@1c02cc84] INFO  commandhandler.DeleteBlocksCommandHandler (DeleteBlocksCommandHandler.java:processCmd(275)) - Start to delete container blocks, TXIDs=[1(8),2(8),3(8),4(8),5(8),6(8)], numOfContainers=6, numOfBlocks=6
2023-04-19 02:33:01,572 [DeleteBlocksCommandHandlerThread-1] INFO  commandhandler.DeleteBlocksCommandHandler (DeleteBlocksCommandHandler.java:logDeleteTransaction(493)) - Delete blocks for containerId: 1 is either received out of order or retried, 1 <= 1
2023-04-19 02:33:01,572 [DeleteBlocksCommandHandlerThread-1] INFO  commandhandler.DeleteBlocksCommandHandler (DeleteBlocksCommandHandler.java:logDeleteTransaction(493)) - Delete blocks for containerId: 2 is either received out of order or retried, 2 <= 2
2023-04-19 02:33:01,573 [DeleteBlocksCommandHandlerThread-1] INFO  commandhandler.DeleteBlocksCommandHandler (DeleteBlocksCommandHandler.java:logDeleteTransaction(493)) - Delete blocks for containerId: 3 is either received out of order or retried, 3 <= 3
2023-04-19 02:33:01,573 [DeleteBlocksCommandHandlerThread-1] INFO  commandhandler.DeleteBlocksCommandHandler (DeleteBlocksCommandHandler.java:logDeleteTransaction(493)) - Delete blocks for containerId: 4 is either received out of order or retried, 4 <= 4
2023-04-19 02:33:01,573 [DeleteBlocksCommandHandlerThread-1] INFO  commandhandler.DeleteBlocksCommandHandler (DeleteBlocksCommandHandler.java:logDeleteTransaction(493)) - Delete blocks for containerId: 5 is either received out of order or retried, 5 <= 5
2023-04-19 02:33:01,573 [DeleteBlocksCommandHandlerThread-1] INFO  commandhandler.DeleteBlocksCommandHandler (DeleteBlocksCommandHandler.java:logDeleteTransaction(493)) - Delete blocks for containerId: 6 is either received out of order or retried, 6 <= 6
2023-04-19 02:33:01,573 [org.apache.hadoop.ozone.container.common.statemachine.commandhandler.DeleteBlocksCommandHandler$DeleteCmdWorker@1c02cc84] INFO  commandhandler.DeleteBlocksCommandHandler (DeleteBlocksCommandHandler.java:processCmd(275)) - Start to delete container blocks, TXIDs=[1(9),2(9),3(9),4(9),5(9),6(9)], numOfContainers=6, numOfBlocks=6
2023-04-19 02:33:01,573 [DeleteBlocksCommandHandlerThread-1] INFO  commandhandler.DeleteBlocksCommandHandler (DeleteBlocksCommandHandler.java:logDeleteTransaction(493)) - Delete blocks for containerId: 1 is either received out of order or retried, 1 <= 1
2023-04-19 02:33:01,573 [DeleteBlocksCommandHandlerThread-1] INFO  commandhandler.DeleteBlocksCommandHandler (DeleteBlocksCommandHandler.java:logDeleteTransaction(493)) - Delete blocks for containerId: 2 is either received out of order or retried, 2 <= 2
2023-04-19 02:33:01,573 [DeleteBlocksCommandHandlerThread-3] INFO  commandhandler.DeleteBlocksCommandHandler (DeleteBlocksCommandHandler.java:logDeleteTransaction(493)) - Delete blocks for containerId: 4 is either received out of order or retried, 4 <= 4
2023-04-19 02:33:01,574 [DeleteBlocksCommandHandlerThread-3] INFO  commandhandler.DeleteBlocksCommandHandler (DeleteBlocksCommandHandler.java:logDeleteTransaction(493)) - Delete blocks for containerId: 5 is either received out of order or retried, 5 <= 5
2023-04-19 02:33:01,574 [DeleteBlocksCommandHandlerThread-3] INFO  commandhandler.DeleteBlocksCommandHandler (DeleteBlocksCommandHandler.java:logDeleteTransaction(493)) - Delete blocks for containerId: 6 is either received out of order or retried, 6 <= 6
2023-04-19 02:33:01,574 [DeleteBlocksCommandHandlerThread-2] INFO  commandhandler.DeleteBlocksCommandHandler (DeleteBlocksCommandHandler.java:logDeleteTransaction(493)) - Delete blocks for containerId: 3 is either received out of order or retried, 3 <= 3
2023-04-19 02:33:01,574 [org.apache.hadoop.ozone.container.common.statemachine.commandhandler.DeleteBlocksCommandHandler$DeleteCmdWorker@1c02cc84] INFO  commandhandler.DeleteBlocksCommandHandler (DeleteBlocksCommandHandler.java:processCmd(275)) - Start to delete container blocks, TXIDs=[1(10),2(10),3(10),4(10),5(10),6(10)], numOfContainers=6, numOfBlocks=6
2023-04-19 02:33:01,574 [DeleteBlocksCommandHandlerThread-3] INFO  commandhandler.DeleteBlocksCommandHandler (DeleteBlocksCommandHandler.java:logDeleteTransaction(493)) - Delete blocks for containerId: 1 is either received out of order or retried, 1 <= 1
2023-04-19 02:33:01,574 [DeleteBlocksCommandHandlerThread-3] INFO  commandhandler.DeleteBlocksCommandHandler (DeleteBlocksCommandHandler.java:logDeleteTransaction(493)) - Delete blocks for containerId: 2 is either received out of order or retried, 2 <= 2
2023-04-19 02:33:01,574 [DeleteBlocksCommandHandlerThread-3] INFO  commandhandler.DeleteBlocksCommandHandler (DeleteBlocksCommandHandler.java:logDeleteTransaction(493)) - Delete blocks for containerId: 3 is either received out of order or retried, 3 <= 3
2023-04-19 02:33:01,575 [DeleteBlocksCommandHandlerThread-3] INFO  commandhandler.DeleteBlocksCommandHandler (DeleteBlocksCommandHandler.java:logDeleteTransaction(493)) - Delete blocks for containerId: 4 is either received out of order or retried, 4 <= 4
2023-04-19 02:33:01,575 [DeleteBlocksCommandHandlerThread-3] INFO  commandhandler.DeleteBlocksCommandHandler (DeleteBlocksCommandHandler.java:logDeleteTransaction(493)) - Delete blocks for containerId: 5 is either received out of order or retried, 5 <= 5
2023-04-19 02:33:01,575 [DeleteBlocksCommandHandlerThread-3] INFO  commandhandler.DeleteBlocksCommandHandler (DeleteBlocksCommandHandler.java:logDeleteTransaction(493)) - Delete blocks for containerId: 6 is either received out of order or retried, 6 <= 6
2023-04-19 02:33:01,575 [org.apache.hadoop.ozone.container.common.statemachine.commandhandler.DeleteBlocksCommandHandler$DeleteCmdWorker@1c02cc84] INFO  commandhandler.DeleteBlocksCommandHandler (DeleteBlocksCommandHandler.java:processCmd(275)) - Start to delete container blocks, TXIDs=[1(11),2(11),3(11),4(11),5(11),6(11)], numOfContainers=6, numOfBlocks=6
commandhandler.DeleteBlocksCommandHandler (2023-04-19 02:33:01,575 [SCMBlockDeletingService#0] DEBUG block.SCMBlockDeletingService (DeleteBlocksCommandHandler.java:logDeleteTransaction(493)) - Delete blocks for containerId: 1 is either received out of order or retried, 1 <= 1
SCMBlockDeletingService.java:shouldRun(251)) - Check scm block delete run: true serviceStatus: RUNNING safemodeExitRunDelayMillis: 3000 alreadyWaitTimeInMillis: 11569
2023-04-19 02:33:01,575 [DeleteBlocksCommandHandlerThread-0] INFO  commandhandler.DeleteBlocksCommandHandler (DeleteBlocksCommandHandler.java:logDeleteTransaction(493)) - Delete blocks for containerId: 1 is either received out of order or retried, 1 <= 1
2023-04-19 02:33:01,575 [SCMBlockDeletingService#0] DEBUG block.SCMBlockDeletingService (SCMBlockDeletingService.java:call(154)) - Running DeletedBlockTransactionScanner
2023-04-19 02:33:01,575 [DeleteBlocksCommandHandlerThread-0] INFO  commandhandler.DeleteBlocksCommandHandler (DeleteBlocksCommandHandler.java:logDeleteTransaction(493)) - Delete blocks for containerId: 2 is either received out of order or retried, 2 <= 2
2023-04-19 02:33:01,575 [DeleteBlocksCommandHandlerThread-0] INFO  commandhandler.DeleteBlocksCommandHandler (DeleteBlocksCommandHandler.java:logDeleteTransaction(493)) - Delete blocks for containerId: 3 is either received out of order or retried, 3 <= 3
DatanodeDeletedBlockTransactions.java:addTransactionToDN(50)) - Transaction added: 4b35ffa0-8f73-49c2-95c0-d3e82f30c132 <- TX(1)
2023-04-19 02:33:01,575 [SCMBlockDeletingService#0] DEBUG block.SCMBlockDeletingService (DatanodeDeletedBlockTransactions.java:addTransactionToDN(50)) - Transaction added: 15488c1c-ff1a-49f6-9596-cf663845e1ec <- TX(1)
2023-04-19 02:33:01,575 [DeleteBlocksCommandHandlerThread-3] INFO  commandhandler.DeleteBlocksCommandHandler (DeleteBlocksCommandHandler.java:logDeleteTransaction(493)) - Delete blocks for containerId: 4 is either received out of order or retried, 4 <= 4
2023-04-19 02:33:01,575 [DeleteBlocksCommandHandlerThread-0] INFO  commandhandler.DeleteBlocksCommandHandler (DeleteBlocksCommandHandler.java:logDeleteTransaction(493)) - Delete blocks for containerId: 3 is either received out of order or retried, 3 <= 3
2023-04-19 02:33:01,576 [DeleteBlocksCommandHandlerThread-0] INFO  commandhandler.DeleteBlocksCommandHandler (DatanodeDeletedBlockTransactions.java:addTransactionToDN(50)) - Transaction added: 4b35ffa0-8f73-49c2-95c0-d3e82f30c132 <- TX(2)
2023-04-19 02:33:01,576 [DeleteBlocksCommandHandlerThread-0] INFO  commandhandler.DeleteBlocksCommandHandler (DeleteBlocksCommandHandler.java:logDeleteTransaction(493)) - Delete blocks for containerId: 5 is either received out of order or retried, 5 <= 5
2023-04-19 02:33:01,576 [SCMBlockDeletingService#0] DEBUG block.SCMBlockDeletingService (DatanodeDeletedBlockTransactions.java:addTransactionToDN(50)) - Transaction added: 15488c1c-ff1a-49f6-9596-cf663845e1ec <- TX(2)
2023-04-19 02:33:01,576 [SCMBlockDeletingService#0] DEBUG block.SCMBlockDeletingService (DeleteBlocksCommandHandler.java:logDeleteTransaction(493)) - Delete blocks for containerId: 6 is either received out of order or retried, 6 <= 6
DatanodeDeletedBlockTransactions.java:addTransactionToDN(50)) - Transaction added: 15488c1c-ff1a-49f6-9596-cf663845e1ec <- TX(3)
2023-04-19 02:33:01,576 [DeleteBlocksCommandHandlerThread-0] INFO  commandhandler.DeleteBlocksCommandHandler (DeleteBlocksCommandHandler.java:logDeleteTransaction(493)) - Delete blocks for containerId: 6 is either received out of order or retried, 6 <= 6
2023-04-19 02:33:01,576 [SCMBlockDeletingService#0] DEBUG block.SCMBlockDeletingService (DatanodeDeletedBlockTransactions.java:addTransactionToDN(50)) - Transaction added: 4b35ffa0-8f73-49c2-95c0-d3e82f30c132 <- TX(3)
2023-04-19 02:33:01,576 [SCMBlockDeletingService#0] DEBUG block.SCMBlockDeletingService (DatanodeDeletedBlockTransactions.java:addTransactionToDN(50)) - Transaction added: 15488c1c-ff1a-49f6-9596-cf663845e1ec <- TX(4)
2023-04-19 02:33:01,576 [SCMBlockDeletingService#0] DEBUG block.SCMBlockDeletingService (DatanodeDeletedBlockTransactions.java:addTransactionToDN(50)) - Transaction added: 4b35ffa0-8f73-49c2-95c0-d3e82f30c132 <- TX(4)
2023-04-19 02:33:01,576 [SCMBlockDeletingService#0] DEBUG block.SCMBlockDeletingService (DatanodeDeletedBlockTransactions.java:addTransactionToDN(50)) - Transaction added: 4b35ffa0-8f73-49c2-95c0-d3e82f30c132 <- TX(5)
2023-04-19 02:33:01,576 [SCMBlockDeletingService#0] DEBUG block.SCMBlockDeletingService (DatanodeDeletedBlockTransactions.java:addTransactionToDN(50)) - Transaction added: 15488c1c-ff1a-49f6-9596-cf663845e1ec <- TX(5)
2023-04-19 02:33:01,576 [SCMBlockDeletingService#0] DEBUG block.SCMBlockDeletingService (DatanodeDeletedBlockTransactions.java:addTransactionToDN(50)) - Transaction added: 4b35ffa0-8f73-49c2-95c0-d3e82f30c132 <- TX(6)
2023-04-19 02:33:01,576 [SCMBlockDeletingService#0] DEBUG block.SCMBlockDeletingService (DatanodeDeletedBlockTransactions.java:addTransactionToDN(50)) - Transaction added: 15488c1c-ff1a-49f6-9596-cf663845e1ec <- TX(6)
2023-04-19 02:33:01,576 [SCMBlockDeletingService#0] DEBUG block.SCMBlockDeletingService (SCMBlockDeletingService.java:call(189)) - Added delete block command for datanode 15488c1c-ff1a-49f6-9596-cf663845e1ec in the queue, number of delete block transactions: 6
2023-04-19 02:33:01,576 [SCMBlockDeletingService#0] DEBUG block.SCMBlockDeletingService (SCMBlockDeletingService.java:call(189)) - Added delete block command for datanode 4b35ffa0-8f73-49c2-95c0-d3e82f30c132 in the queue, number of delete block transactions: 6
2023-04-19 02:33:01,576 [SCMBlockDeletingService#0] INFO  block.SCMBlockDeletingService (SCMBlockDeletingService.java:call(198)) - Totally added 12 blocks to be deleted for 2 datanodes, task elapsed time: 1ms
2023-04-19 02:33:01,583 [BlockDeletingService#2] INFO  interfaces.ContainerDeletionChoosingPolicyTemplate (ContainerDeletionChoosingPolicyTemplate.java:chooseContainerForBlockDeletion(83)) - Chosen 0/5000 blocks from 0 candidate containers.
2023-04-19 02:33:01,583 [BlockDeletingService#2] INFO  interfaces.ContainerDeletionChoosingPolicyTemplate (ContainerDeletionChoosingPolicyTemplate.java:chooseContainerForBlockDeletion(83)) - Chosen 0/5000 blocks from 0 candidate containers.
2023-04-19 02:33:01,586 [BlockDeletingService#5] INFO  interfaces.ContainerDeletionChoosingPolicyTemplate (ContainerDeletionChoosingPolicyTemplate.java:chooseContainerForBlockDeletion(83)) - Chosen 72/4928 blocks from 6 candidate containers.
2023-04-19 02:33:01,588 [BlockDeletingService#4] INFO  impl.FilePerBlockStrategy (FilePerBlockStrategy.java:deleteChunk(252)) - Deleted block file: /home/runner/work/ozone/ozone/hadoop-ozone/integration-test/target/test-dir/MiniOzoneClusterImpl-07705c7f-5198-484a-bec5-3444dac2a9ed/datanode-0/data-0/containers/hdds/07705c7f-5198-484a-bec5-3444dac2a9ed/current/containerDir0/6/chunks/111677748019200006.block
2023-04-19 02:33:01,589 [BlockDeletingService#1] INFO  impl.FilePerBlockStrategy (FilePerBlockStrategy.java:deleteChunk(252)) - Deleted block file: /home/runner/work/ozone/ozone/hadoop-ozone/integration-test/target/test-dir/MiniOzoneClusterImpl-07705c7f-5198-484a-bec5-3444dac2a9ed/datanode-0/data-0/containers/hdds/07705c7f-5198-484a-bec5-3444dac2a9ed/current/containerDir0/5/chunks/111677748019200005.block
2023-04-19 02:33:01,592 [BlockDeletingService#3] INFO  impl.FilePerBlockStrategy (FilePerBlockStrategy.java:deleteChunk(252)) - Deleted block file: /home/runner/work/ozone/ozone/hadoop-ozone/integration-test/target/test-dir/MiniOzoneClusterImpl-07705c7f-5198-484a-bec5-3444dac2a9ed/datanode-0/data-0/containers/hdds/07705c7f-5198-484a-bec5-3444dac2a9ed/current/containerDir0/2/chunks/111677748019200002.block
2023-04-19 02:33:01,593 [BlockDeletingService#5] INFO  impl.FilePerBlockStrategy (FilePerBlockStrategy.java:deleteChunk(252)) - Deleted block file: /home/runner/work/ozone/ozone/hadoop-ozone/integration-test/target/test-dir/MiniOzoneClusterImpl-07705c7f-5198-484a-bec5-3444dac2a9ed/datanode-0/data-0/containers/hdds/07705c7f-5198-484a-bec5-3444dac2a9ed/current/containerDir0/1/chunks/111677748019200001.block
2023-04-19 02:33:01,595 [BlockDeletingService#6] INFO  impl.FilePerBlockStrategy (FilePerBlockStrategy.java:deleteChunk(252)) - Deleted block file: /home/runner/work/ozone/ozone/hadoop-ozone/integration-test/target/test-dir/MiniOzoneClusterImpl-07705c7f-5198-484a-bec5-3444dac2a9ed/datanode-0/data-0/containers/hdds/07705c7f-5198-484a-bec5-3444dac2a9ed/current/containerDir0/3/chunks/111677748019200003.block
2023-04-19 02:33:01,596 [BlockDeletingService#4] INFO  impl.FilePerBlockStrategy (FilePerBlockStrategy.java:deleteChunk(252)) - Deleted block file: /home/runner/work/ozone/ozone/hadoop-ozone/integration-test/target/test-dir/MiniOzoneClusterImpl-07705c7f-5198-484a-bec5-3444dac2a9ed/datanode-0/data-0/containers/hdds/07705c7f-5198-484a-bec5-3444dac2a9ed/current/containerDir0/4/chunks/111677748019200004.block
2023-04-19 02:33:01,675 [SCMBlockDeletingService#0] DEBUG block.SCMBlockDeletingService (SCMBlockDeletingService.java:shouldRun(251)) - Check scm block delete run: true serviceStatus: RUNNING safemodeExitRunDelayMillis: 3000 alreadyWaitTimeInMillis: 11669
2023-04-19 02:33:01,675 [SCMBlockDeletingService#0] DEBUG block.SCMBlockDeletingService (SCMBlockDeletingService.java:call(154)) - Running DeletedBlockTransactionScanner
2023-04-19 02:33:01,683 [BlockDeletingService#2] INFO  interfaces.ContainerDeletionChoosingPolicyTemplate (ContainerDeletionChoosingPolicyTemplate.java:chooseContainerForBlockDeletion(83)) - Chosen 0/5000 blocks from 0 candidate containers.
2023-04-19 02:33:01,683 [BlockDeletingService#2] INFO  interfaces.ContainerDeletionChoosingPolicyTemplate (ContainerDeletionChoosingPolicyTemplate.java:chooseContainerForBlockDeletion(83)) - Chosen 0/5000 blocks from 0 candidate containers.
2023-04-19 02:33:01,691 [BlockDeletingService#7] INFO  interfaces.ContainerDeletionChoosingPolicyTemplate (ContainerDeletionChoosingPolicyTemplate.java:chooseContainerForBlockDeletion(83)) - Chosen 66/4934 blocks from 6 candidate containers.
2023-04-19 02:33:01,691 [BlockDeletingService#7] INFO  background.BlockDeletingService (BlockDeletingService.java:deleteViaTransactionStore(483)) - No transaction found in container 1 with pending delete block count 11
2023-04-19 02:33:01,691 [BlockDeletingService#2] INFO  background.BlockDeletingService (BlockDeletingService.java:deleteViaTransactionStore(483)) - No transaction found in container 6 with pending delete block count 11
2023-04-19 02:33:01,691 [BlockDeletingService#7] INFO  background.BlockDeletingService (BlockDeletingService.java:deleteViaTransactionStore(483)) - No transaction found in container 5 with pending delete block count 11
2023-04-19 02:33:01,691 [BlockDeletingService#2] INFO  background.BlockDeletingService (BlockDeletingService.java:deleteViaTransactionStore(483)) - No transaction found in container 4 with pending delete block count 11
2023-04-19 02:33:01,691 [BlockDeletingService#7] INFO  background.BlockDeletingService (BlockDeletingService.java:deleteViaTransactionStore(483)) - No transaction found in container 3 with pending delete block count 11
2023-04-19 02:33:01,692 [BlockDeletingService#2] INFO  background.BlockDeletingService (BlockDeletingService.java:deleteViaTransactionStore(483)) - No transaction found in container 2 with pending delete block count 11
2023-04-19 02:33:01,750 [EventQueue-DeleteBlockStatusForDeletedBlockLogImpl] DEBUG block.DeletedBlockLogImpl (DeletedBlockLogImpl.java:isTransactionFailed(314)) - Got block deletion ACK from datanode, TXIDs=1, success=true
2023-04-19 02:33:01,750 [EventQueue-DeleteBlockStatusForDeletedBlockLogImpl] DEBUG block.DeletedBlockLogImpl (DeletedBlockLogImpl.java:commitTransactions(292)) - Datanode txId=1 containerId=#1 committed by dnId=15488c1c-ff1a-49f6-9596-cf663845e1ec
2023-04-19 02:33:01,750 [EventQueue-DeleteBlockStatusForDeletedBlockLogImpl] DEBUG block.DeletedBlockLogImpl (DeletedBlockLogImpl.java:isTransactionFailed(314)) - Got block deletion ACK from datanode, TXIDs=2, success=true
2023-04-19 02:33:01,750 [EventQueue-DeleteBlockStatusForDeletedBlockLogImpl] DEBUG block.DeletedBlockLogImpl (DeletedBlockLogImpl.java:commitTransactions(292)) - Datanode txId=2 containerId=#2 committed by dnId=15488c1c-ff1a-49f6-9596-cf663845e1ec
2023-04-19 02:33:01,750 [EventQueue-DeleteBlockStatusForDeletedBlockLogImpl] DEBUG block.DeletedBlockLogImpl (DeletedBlockLogImpl.java:isTransactionFailed(314)) - Got block deletion ACK from datanode, TXIDs=3, success=true
2023-04-19 02:33:01,750 [EventQueue-DeleteBlockStatusForDeletedBlockLogImpl] DEBUG block.DeletedBlockLogImpl (DeletedBlockLogImpl.java:commitTransactions(292)) - Datanode txId=3 containerId=#3 committed by dnId=15488c1c-ff1a-49f6-9596-cf663845e1ec
2023-04-19 02:33:01,750 [EventQueue-DeleteBlockStatusForDeletedBlockLogImpl] DEBUG block.DeletedBlockLogImpl (DeletedBlockLogImpl.java:isTransactionFailed(314)) - Got block deletion ACK from datanode, TXIDs=4, success=true
2023-04-19 02:33:01,750 [EventQueue-DeleteBlockStatusForDeletedBlockLogImpl] DEBUG block.DeletedBlockLogImpl (DeletedBlockLogImpl.java:commitTransactions(292)) - Datanode txId=4 containerId=#4 committed by dnId=15488c1c-ff1a-49f6-9596-cf663845e1ec
2023-04-19 02:33:01,750 [EventQueue-DeleteBlockStatusForDeletedBlockLogImpl] DEBUG block.DeletedBlockLogImpl (DeletedBlockLogImpl.java:isTransactionFailed(314)) - Got block deletion ACK from datanode, TXIDs=5, success=true
2023-04-19 02:33:01,750 [EventQueue-DeleteBlockStatusForDeletedBlockLogImpl] DEBUG block.DeletedBlockLogImpl (DeletedBlockLogImpl.java:commitTransactions(292)) - Datanode txId=5 containerId=#5 committed by dnId=15488c1c-ff1a-49f6-9596-cf663845e1ec
2023-04-19 02:33:01,750 [EventQueue-DeleteBlockStatusForDeletedBlockLogImpl] DEBUG block.DeletedBlockLogImpl (DeletedBlockLogImpl.java:isTransactionFailed(314)) - Got block deletion ACK from datanode, TXIDs=6, success=true
2023-04-19 02:33:01,750 [EventQueue-DeleteBlockStatusForDeletedBlockLogImpl] DEBUG block.DeletedBlockLogImpl (DeletedBlockLogImpl.java:commitTransactions(292)) - Datanode txId=6 containerId=#6 committed by dnId=15488c1c-ff1a-49f6-9596-cf663845e1ec
2023-04-19 02:33:01,750 [EventQueue-DeleteBlockStatusForDeletedBlockLogImpl] DEBUG block.DeletedBlockLogImpl (DeletedBlockLogImpl.java:isTransactionFailed(314)) - Got block deletion ACK from datanode, TXIDs=1, success=true
2023-04-19 02:33:01,750 [EventQueue-DeleteBlockStatusForDeletedBlockLogImpl] DEBUG block.DeletedBlockLogImpl (DeletedBlockLogImpl.java:commitTransactions(292)) - Datanode txId=1 containerId=#1 committed by dnId=15488c1c-ff1a-49f6-9596-cf663845e1ec
2023-04-19 02:33:01,750 [EventQueue-DeleteBlockStatusForDeletedBlockLogImpl] DEBUG block.DeletedBlockLogImpl (DeletedBlockLogImpl.java:isTransactionFailed(314)) - Got block deletion ACK from datanode, TXIDs=2, success=true
2023-04-19 02:33:01,750 [EventQueue-DeleteBlockStatusForDeletedBlockLogImpl] DEBUG block.DeletedBlockLogImpl (DeletedBlockLogImpl.java:commitTransactions(292)) - Datanode txId=2 containerId=#2 committed by dnId=15488c1c-ff1a-49f6-9596-cf663845e1ec
2023-04-19 02:33:01,750 [EventQueue-DeleteBlockStatusForDeletedBlockLogImpl] DEBUG block.DeletedBlockLogImpl (DeletedBlockLogImpl.java:isTransactionFailed(314)) - Got block deletion ACK from datanode, TXIDs=3, success=true
2023-04-19 02:33:01,750 [EventQueue-DeleteBlockStatusForDeletedBlockLogImpl] DEBUG block.DeletedBlockLogImpl (DeletedBlockLogImpl.java:commitTransactions(292)) - Datanode txId=3 containerId=#3 committed by dnId=15488c1c-ff1a-49f6-9596-cf663845e1ec
2023-04-19 02:33:01,750 [EventQueue-DeleteBlockStatusForDeletedBlockLogImpl] DEBUG block.DeletedBlockLogImpl (DeletedBlockLogImpl.java:isTransactionFailed(314)) - Got block deletion ACK from datanode, TXIDs=4, success=true
2023-04-19 02:33:01,750 [EventQueue-DeleteBlockStatusForDeletedBlockLogImpl] DEBUG block.DeletedBlockLogImpl (DeletedBlockLogImpl.java:commitTransactions(292)) - Datanode txId=4 containerId=#4 committed by dnId=15488c1c-ff1a-49f6-9596-cf663845e1ec
2023-04-19 02:33:01,750 [EventQueue-DeleteBlockStatusForDeletedBlockLogImpl] DEBUG block.DeletedBlockLogImpl (DeletedBlockLogImpl.java:isTransactionFailed(314)) - Got block deletion ACK from datanode, TXIDs=5, success=true
2023-04-19 02:33:01,751 [EventQueue-DeleteBlockStatusForDeletedBlockLogImpl] DEBUG block.DeletedBlockLogImpl (DeletedBlockLogImpl.java:commitTransactions(292)) - Datanode txId=5 containerId=#5 committed by dnId=15488c1c-ff1a-49f6-9596-cf663845e1ec
2023-04-19 02:33:01,751 [EventQueue-DeleteBlockStatusForDeletedBlockLogImpl] DEBUG block.DeletedBlockLogImpl (DeletedBlockLogImpl.java:isTransactionFailed(314)) - Got block deletion ACK from datanode, TXIDs=6, success=true
2023-04-19 02:33:01,751 [EventQueue-DeleteBlockStatusForDeletedBlockLogImpl] DEBUG block.DeletedBlockLogImpl (DeletedBlockLogImpl.java:commitTransactions(292)) - Datanode txId=6 containerId=#6 committed by dnId=15488c1c-ff1a-49f6-9596-cf663845e1ec
2023-04-19 02:33:01,751 [EventQueue-DeleteBlockStatusForDeletedBlockLogImpl] DEBUG block.DeletedBlockLogImpl (DeletedBlockLogImpl.java:isTransactionFailed(314)) - Got block deletion ACK from datanode, TXIDs=1, success=true
2023-04-19 02:33:01,751 [EventQueue-DeleteBlockStatusForDeletedBlockLogImpl] DEBUG block.DeletedBlockLogImpl (DeletedBlockLogImpl.java:commitTransactions(292)) - Datanode txId=1 containerId=#1 committed by dnId=15488c1c-ff1a-49f6-9596-cf663845e1ec
2023-04-19 02:33:01,751 [EventQueue-DeleteBlockStatusForDeletedBlockLogImpl] DEBUG block.DeletedBlockLogImpl (DeletedBlockLogImpl.java:isTransactionFailed(314)) - Got block deletion ACK from datanode, TXIDs=2, success=true
2023-04-19 02:33:01,751 [EventQueue-DeleteBlockStatusForDeletedBlockLogImpl] DEBUG block.DeletedBlockLogImpl (DeletedBlockLogImpl.java:commitTransactions(292)) - Datanode txId=2 containerId=#2 committed by dnId=15488c1c-ff1a-49f6-9596-cf663845e1ec
2023-04-19 02:33:01,751 [EventQueue-DeleteBlockStatusForDeletedBlockLogImpl] DEBUG block.DeletedBlockLogImpl (DeletedBlockLogImpl.java:isTransactionFailed(314)) - Got block deletion ACK from datanode, TXIDs=3, success=true
2023-04-19 02:33:01,751 [EventQueue-DeleteBlockStatusForDeletedBlockLogImpl] DEBUG block.DeletedBlockLogImpl (DeletedBlockLogImpl.java:commitTransactions(292)) - Datanode txId=3 containerId=#3 committed by dnId=15488c1c-ff1a-49f6-9596-cf663845e1ec
2023-04-19 02:33:01,751 [EventQueue-DeleteBlockStatusForDeletedBlockLogImpl] DEBUG block.DeletedBlockLogImpl (DeletedBlockLogImpl.java:isTransactionFailed(314)) - Got block deletion ACK from datanode, TXIDs=4, success=true
2023-04-19 02:33:01,751 [EventQueue-DeleteBlockStatusForDeletedBlockLogImpl] DEBUG block.DeletedBlockLogImpl (DeletedBlockLogImpl.java:commitTransactions(292)) - Datanode txId=4 containerId=#4 committed by dnId=15488c1c-ff1a-49f6-9596-cf663845e1ec
2023-04-19 02:33:01,751 [EventQueue-DeleteBlockStatusForDeletedBlockLogImpl] DEBUG block.DeletedBlockLogImpl (DeletedBlockLogImpl.java:isTransactionFailed(314)) - Got block deletion ACK from datanode, TXIDs=5, success=true
2023-04-19 02:33:01,751 [EventQueue-DeleteBlockStatusForDeletedBlockLogImpl] DEBUG block.DeletedBlockLogImpl (DeletedBlockLogImpl.java:commitTransactions(292)) - Datanode txId=5 containerId=#5 committed by dnId=15488c1c-ff1a-49f6-9596-cf663845e1ec
2023-04-19 02:33:01,751 [EventQueue-DeleteBlockStatusForDeletedBlockLogImpl] DEBUG block.DeletedBlockLogImpl (DeletedBlockLogImpl.java:isTransactionFailed(314)) - Got block deletion ACK from datanode, TXIDs=6, success=true
2023-04-19 02:33:01,751 [EventQueue-DeleteBlockStatusForDeletedBlockLogImpl] DEBUG block.DeletedBlockLogImpl (DeletedBlockLogImpl.java:commitTransactions(292)) - Datanode txId=6 containerId=#6 committed by dnId=15488c1c-ff1a-49f6-9596-cf663845e1ec
2023-04-19 02:33:01,751 [EventQueue-DeleteBlockStatusForDeletedBlockLogImpl] DEBUG block.DeletedBlockLogImpl (DeletedBlockLogImpl.java:isTransactionFailed(314)) - Got block deletion ACK from datanode, TXIDs=1, success=true
2023-04-19 02:33:01,751 [EventQueue-DeleteBlockStatusForDeletedBlockLogImpl] DEBUG block.DeletedBlockLogImpl (DeletedBlockLogImpl.java:commitTransactions(292)) - Datanode txId=1 containerId=#1 committed by dnId=15488c1c-ff1a-49f6-9596-cf663845e1ec
2023-04-19 02:33:01,751 [EventQueue-DeleteBlockStatusForDeletedBlockLogImpl] DEBUG block.DeletedBlockLogImpl (DeletedBlockLogImpl.java:isTransactionFailed(314)) - Got block deletion ACK from datanode, TXIDs=2, success=true
2023-04-19 02:33:01,751 [EventQueue-DeleteBlockStatusForDeletedBlockLogImpl] DEBUG block.DeletedBlockLogImpl (DeletedBlockLogImpl.java:commitTransactions(292)) - Datanode txId=2 containerId=#2 committed by dnId=15488c1c-ff1a-49f6-9596-cf663845e1ec
2023-04-19 02:33:01,751 [EventQueue-DeleteBlockStatusForDeletedBlockLogImpl] DEBUG block.DeletedBlockLogImpl (DeletedBlockLogImpl.java:isTransactionFailed(314)) - Got block deletion ACK from datanode, TXIDs=3, success=true
2023-04-19 02:33:01,751 [EventQueue-DeleteBlockStatusForDeletedBlockLogImpl] DEBUG block.DeletedBlockLogImpl (DeletedBlockLogImpl.java:commitTransactions(292)) - Datanode txId=3 containerId=#3 committed by dnId=15488c1c-ff1a-49f6-9596-cf663845e1ec
2023-04-19 02:33:01,751 [EventQueue-DeleteBlockStatusForDeletedBlockLogImpl] DEBUG block.DeletedBlockLogImpl (DeletedBlockLogImpl.java:isTransactionFailed(314)) - Got block deletion ACK from datanode, TXIDs=4, success=true
2023-04-19 02:33:01,751 [EventQueue-DeleteBlockStatusForDeletedBlockLogImpl] DEBUG block.DeletedBlockLogImpl (DeletedBlockLogImpl.java:commitTransactions(292)) - Datanode txId=4 containerId=#4 committed by dnId=15488c1c-ff1a-49f6-9596-cf663845e1ec
2023-04-19 02:33:01,751 [EventQueue-DeleteBlockStatusForDeletedBlockLogImpl] DEBUG block.DeletedBlockLogImpl (DeletedBlockLogImpl.java:isTransactionFailed(314)) - Got block deletion ACK from datanode, TXIDs=5, success=true
2023-04-19 02:33:01,751 [EventQueue-DeleteBlockStatusForDeletedBlockLogImpl] DEBUG block.DeletedBlockLogImpl (DeletedBlockLogImpl.java:commitTransactions(292)) - Datanode txId=5 containerId=#5 committed by dnId=15488c1c-ff1a-49f6-9596-cf663845e1ec
2023-04-19 02:33:01,751 [EventQueue-DeleteBlockStatusForDeletedBlockLogImpl] DEBUG block.DeletedBlockLogImpl (DeletedBlockLogImpl.java:isTransactionFailed(314)) - Got block deletion ACK from datanode, TXIDs=6, success=true
2023-04-19 02:33:01,751 [EventQueue-DeleteBlockStatusForDeletedBlockLogImpl] DEBUG block.DeletedBlockLogImpl (DeletedBlockLogImpl.java:commitTransactions(292)) - Datanode txId=6 containerId=#6 committed by dnId=15488c1c-ff1a-49f6-9596-cf663845e1ec
2023-04-19 02:33:01,751 [EventQueue-DeleteBlockStatusForDeletedBlockLogImpl] DEBUG block.DeletedBlockLogImpl (DeletedBlockLogImpl.java:isTransactionFailed(314)) - Got block deletion ACK from datanode, TXIDs=1, success=true
2023-04-19 02:33:01,751 [EventQueue-DeleteBlockStatusForDeletedBlockLogImpl] DEBUG block.DeletedBlockLogImpl (DeletedBlockLogImpl.java:commitTransactions(292)) - Datanode txId=1 containerId=#1 committed by dnId=15488c1c-ff1a-49f6-9596-cf663845e1ec
2023-04-19 02:33:01,751 [EventQueue-DeleteBlockStatusForDeletedBlockLogImpl] DEBUG block.DeletedBlockLogImpl (DeletedBlockLogImpl.java:isTransactionFailed(314)) - Got block deletion ACK from datanode, TXIDs=2, success=true
2023-04-19 02:33:01,751 [EventQueue-DeleteBlockStatusForDeletedBlockLogImpl] DEBUG block.DeletedBlockLogImpl (DeletedBlockLogImpl.java:commitTransactions(292)) - Datanode txId=2 containerId=#2 committed by dnId=15488c1c-ff1a-49f6-9596-cf663845e1ec
2023-04-19 02:33:01,751 [EventQueue-DeleteBlockStatusForDeletedBlockLogImpl] DEBUG block.DeletedBlockLogImpl (DeletedBlockLogImpl.java:isTransactionFailed(314)) - Got block deletion ACK from datanode, TXIDs=3, success=true
2023-04-19 02:33:01,751 [EventQueue-DeleteBlockStatusForDeletedBlockLogImpl] DEBUG block.DeletedBlockLogImpl (DeletedBlockLogImpl.java:commitTransactions(292)) - Datanode txId=3 containerId=#3 committed by dnId=15488c1c-ff1a-49f6-9596-cf663845e1ec
2023-04-19 02:33:01,751 [EventQueue-DeleteBlockStatusForDeletedBlockLogImpl] DEBUG block.DeletedBlockLogImpl (DeletedBlockLogImpl.java:isTransactionFailed(314)) - Got block deletion ACK from datanode, TXIDs=4, success=true
2023-04-19 02:33:01,751 [EventQueue-DeleteBlockStatusForDeletedBlockLogImpl] DEBUG block.DeletedBlockLogImpl (DeletedBlockLogImpl.java:commitTransactions(292)) - Datanode txId=4 containerId=#4 committed by dnId=15488c1c-ff1a-49f6-9596-cf663845e1ec
2023-04-19 02:33:01,751 [EventQueue-DeleteBlockStatusForDeletedBlockLogImpl] DEBUG block.DeletedBlockLogImpl (DeletedBlockLogImpl.java:isTransactionFailed(314)) - Got block deletion ACK from datanode, TXIDs=5, success=true
2023-04-19 02:33:01,751 [EventQueue-DeleteBlockStatusForDeletedBlockLogImpl] DEBUG block.DeletedBlockLogImpl (DeletedBlockLogImpl.java:commitTransactions(292)) - Datanode txId=5 containerId=#5 committed by dnId=15488c1c-ff1a-49f6-9596-cf663845e1ec
2023-04-19 02:33:01,751 [EventQueue-DeleteBlockStatusForDeletedBlockLogImpl] DEBUG block.DeletedBlockLogImpl (DeletedBlockLogImpl.java:isTransactionFailed(314)) - Got block deletion ACK from datanode, TXIDs=6, success=true
2023-04-19 02:33:01,752 [EventQueue-DeleteBlockStatusForDeletedBlockLogImpl] DEBUG block.DeletedBlockLogImpl (DeletedBlockLogImpl.java:commitTransactions(292)) - Datanode txId=6 containerId=#6 committed by dnId=15488c1c-ff1a-49f6-9596-cf663845e1ec
2023-04-19 02:33:01,752 [EventQueue-DeleteBlockStatusForDeletedBlockLogImpl] DEBUG block.DeletedBlockLogImpl (DeletedBlockLogImpl.java:isTransactionFailed(314)) - Got block deletion ACK from datanode, TXIDs=1, success=true
2023-04-19 02:33:01,752 [EventQueue-DeleteBlockStatusForDeletedBlockLogImpl] DEBUG block.DeletedBlockLogImpl (DeletedBlockLogImpl.java:commitTransactions(292)) - Datanode txId=1 containerId=#1 committed by dnId=15488c1c-ff1a-49f6-9596-cf663845e1ec
2023-04-19 02:33:01,752 [EventQueue-DeleteBlockStatusForDeletedBlockLogImpl] DEBUG block.DeletedBlockLogImpl (DeletedBlockLogImpl.java:isTransactionFailed(314)) - Got block deletion ACK from datanode, TXIDs=2, success=true
2023-04-19 02:33:01,752 [EventQueue-DeleteBlockStatusForDeletedBlockLogImpl] DEBUG block.DeletedBlockLogImpl (DeletedBlockLogImpl.java:commitTransactions(292)) - Datanode txId=2 containerId=#2 committed by dnId=15488c1c-ff1a-49f6-9596-cf663845e1ec
2023-04-19 02:33:01,752 [EventQueue-DeleteBlockStatusForDeletedBlockLogImpl] DEBUG block.DeletedBlockLogImpl (DeletedBlockLogImpl.java:isTransactionFailed(314)) - Got block deletion ACK from datanode, TXIDs=3, success=true
2023-04-19 02:33:01,752 [EventQueue-DeleteBlockStatusForDeletedBlockLogImpl] DEBUG block.DeletedBlockLogImpl (DeletedBlockLogImpl.java:commitTransactions(292)) - Datanode txId=3 containerId=#3 committed by dnId=15488c1c-ff1a-49f6-9596-cf663845e1ec
2023-04-19 02:33:01,752 [EventQueue-DeleteBlockStatusForDeletedBlockLogImpl] DEBUG block.DeletedBlockLogImpl (DeletedBlockLogImpl.java:isTransactionFailed(314)) - Got block deletion ACK from datanode, TXIDs=4, success=true
2023-04-19 02:33:01,752 [EventQueue-DeleteBlockStatusForDeletedBlockLogImpl] DEBUG block.DeletedBlockLogImpl (DeletedBlockLogImpl.java:commitTransactions(292)) - Datanode txId=4 containerId=#4 committed by dnId=15488c1c-ff1a-49f6-9596-cf663845e1ec
2023-04-19 02:33:01,752 [EventQueue-DeleteBlockStatusForDeletedBlockLogImpl] DEBUG block.DeletedBlockLogImpl (DeletedBlockLogImpl.java:isTransactionFailed(314)) - Got block deletion ACK from datanode, TXIDs=5, success=true
2023-04-19 02:33:01,752 [EventQueue-DeleteBlockStatusForDeletedBlockLogImpl] DEBUG block.DeletedBlockLogImpl (DeletedBlockLogImpl.java:commitTransactions(292)) - Datanode txId=5 containerId=#5 committed by dnId=15488c1c-ff1a-49f6-9596-cf663845e1ec
2023-04-19 02:33:01,752 [EventQueue-DeleteBlockStatusForDeletedBlockLogImpl] DEBUG block.DeletedBlockLogImpl (DeletedBlockLogImpl.java:isTransactionFailed(314)) - Got block deletion ACK from datanode, TXIDs=6, success=true
2023-04-19 02:33:01,752 [EventQueue-DeleteBlockStatusForDeletedBlockLogImpl] DEBUG block.DeletedBlockLogImpl (DeletedBlockLogImpl.java:commitTransactions(292)) - Datanode txId=6 containerId=#6 committed by dnId=15488c1c-ff1a-49f6-9596-cf663845e1ec
2023-04-19 02:33:01,752 [EventQueue-DeleteBlockStatusForDeletedBlockLogImpl] DEBUG block.DeletedBlockLogImpl (DeletedBlockLogImpl.java:isTransactionFailed(314)) - Got block deletion ACK from datanode, TXIDs=1, success=true
2023-04-19 02:33:01,752 [EventQueue-DeleteBlockStatusForDeletedBlockLogImpl] DEBUG block.DeletedBlockLogImpl (DeletedBlockLogImpl.java:commitTransactions(292)) - Datanode txId=1 containerId=#1 committed by dnId=15488c1c-ff1a-49f6-9596-cf663845e1ec
2023-04-19 02:33:01,752 [EventQueue-DeleteBlockStatusForDeletedBlockLogImpl] DEBUG block.DeletedBlockLogImpl (DeletedBlockLogImpl.java:isTransactionFailed(314)) - Got block deletion ACK from datanode, TXIDs=2, success=true
2023-04-19 02:33:01,752 [EventQueue-DeleteBlockStatusForDeletedBlockLogImpl] DEBUG block.DeletedBlockLogImpl (DeletedBlockLogImpl.java:commitTransactions(292)) - Datanode txId=2 containerId=#2 committed by dnId=15488c1c-ff1a-49f6-9596-cf663845e1ec
2023-04-19 02:33:01,752 [EventQueue-DeleteBlockStatusForDeletedBlockLogImpl] DEBUG block.DeletedBlockLogImpl (DeletedBlockLogImpl.java:isTransactionFailed(314)) - Got block deletion ACK from datanode, TXIDs=3, success=true
2023-04-19 02:33:01,752 [EventQueue-DeleteBlockStatusForDeletedBlockLogImpl] DEBUG block.DeletedBlockLogImpl (DeletedBlockLogImpl.java:commitTransactions(292)) - Datanode txId=3 containerId=#3 committed by dnId=15488c1c-ff1a-49f6-9596-cf663845e1ec
2023-04-19 02:33:01,752 [EventQueue-DeleteBlockStatusForDeletedBlockLogImpl] DEBUG block.DeletedBlockLogImpl (DeletedBlockLogImpl.java:isTransactionFailed(314)) - Got block deletion ACK from datanode, TXIDs=4, success=true
2023-04-19 02:33:01,752 [EventQueue-DeleteBlockStatusForDeletedBlockLogImpl] DEBUG block.DeletedBlockLogImpl (DeletedBlockLogImpl.java:commitTransactions(292)) - Datanode txId=4 containerId=#4 committed by dnId=15488c1c-ff1a-49f6-9596-cf663845e1ec
2023-04-19 02:33:01,752 [EventQueue-DeleteBlockStatusForDeletedBlockLogImpl] DEBUG block.DeletedBlockLogImpl (DeletedBlockLogImpl.java:isTransactionFailed(314)) - Got block deletion ACK from datanode, TXIDs=5, success=true
2023-04-19 02:33:01,752 [EventQueue-DeleteBlockStatusForDeletedBlockLogImpl] DEBUG block.DeletedBlockLogImpl (DeletedBlockLogImpl.java:commitTransactions(292)) - Datanode txId=5 containerId=#5 committed by dnId=15488c1c-ff1a-49f6-9596-cf663845e1ec
2023-04-19 02:33:01,752 [EventQueue-DeleteBlockStatusForDeletedBlockLogImpl] DEBUG block.DeletedBlockLogImpl (DeletedBlockLogImpl.java:isTransactionFailed(314)) - Got block deletion ACK from datanode, TXIDs=6, success=true
2023-04-19 02:33:01,752 [EventQueue-DeleteBlockStatusForDeletedBlockLogImpl] DEBUG block.DeletedBlockLogImpl (DeletedBlockLogImpl.java:commitTransactions(292)) - Datanode txId=6 containerId=#6 committed by dnId=15488c1c-ff1a-49f6-9596-cf663845e1ec
2023-04-19 02:33:01,752 [EventQueue-DeleteBlockStatusForDeletedBlockLogImpl] DEBUG block.DeletedBlockLogImpl (DeletedBlockLogImpl.java:isTransactionFailed(314)) - Got block deletion ACK from datanode, TXIDs=1, success=true
2023-04-19 02:33:01,752 [EventQueue-DeleteBlockStatusForDeletedBlockLogImpl] DEBUG block.DeletedBlockLogImpl (DeletedBlockLogImpl.java:commitTransactions(292)) - Datanode txId=1 containerId=#1 committed by dnId=15488c1c-ff1a-49f6-9596-cf663845e1ec
2023-04-19 02:33:01,753 [EventQueue-DeleteBlockStatusForDeletedBlockLogImpl] DEBUG block.DeletedBlockLogImpl (DeletedBlockLogImpl.java:isTransactionFailed(314)) - Got block deletion ACK from datanode, TXIDs=2, success=true
2023-04-19 02:33:01,753 [EventQueue-DeleteBlockStatusForDeletedBlockLogImpl] DEBUG block.DeletedBlockLogImpl (DeletedBlockLogImpl.java:commitTransactions(292)) - Datanode txId=2 containerId=#2 committed by dnId=15488c1c-ff1a-49f6-9596-cf663845e1ec
2023-04-19 02:33:01,753 [EventQueue-DeleteBlockStatusForDeletedBlockLogImpl] DEBUG block.DeletedBlockLogImpl (DeletedBlockLogImpl.java:isTransactionFailed(314)) - Got block deletion ACK from datanode, TXIDs=3, success=true
2023-04-19 02:33:01,753 [EventQueue-DeleteBlockStatusForDeletedBlockLogImpl] DEBUG block.DeletedBlockLogImpl (DeletedBlockLogImpl.java:commitTransactions(292)) - Datanode txId=3 containerId=#3 committed by dnId=15488c1c-ff1a-49f6-9596-cf663845e1ec
2023-04-19 02:33:01,753 [EventQueue-DeleteBlockStatusForDeletedBlockLogImpl] DEBUG block.DeletedBlockLogImpl (DeletedBlockLogImpl.java:isTransactionFailed(314)) - Got block deletion ACK from datanode, TXIDs=4, success=true
2023-04-19 02:33:01,753 [EventQueue-DeleteBlockStatusForDeletedBlockLogImpl] DEBUG block.DeletedBlockLogImpl (DeletedBlockLogImpl.java:commitTransactions(292)) - Datanode txId=4 containerId=#4 committed by dnId=15488c1c-ff1a-49f6-9596-cf663845e1ec
2023-04-19 02:33:01,753 [EventQueue-DeleteBlockStatusForDeletedBlockLogImpl] DEBUG block.DeletedBlockLogImpl (DeletedBlockLogImpl.java:isTransactionFailed(314)) - Got block deletion ACK from datanode, TXIDs=5, success=true
2023-04-19 02:33:01,753 [EventQueue-DeleteBlockStatusForDeletedBlockLogImpl] DEBUG block.DeletedBlockLogImpl (DeletedBlockLogImpl.java:commitTransactions(292)) - Datanode txId=5 containerId=#5 committed by dnId=15488c1c-ff1a-49f6-9596-cf663845e1ec
2023-04-19 02:33:01,753 [EventQueue-DeleteBlockStatusForDeletedBlockLogImpl] DEBUG block.DeletedBlockLogImpl (DeletedBlockLogImpl.java:isTransactionFailed(314)) - Got block deletion ACK from datanode, TXIDs=6, success=true
2023-04-19 02:33:01,753 [EventQueue-DeleteBlockStatusForDeletedBlockLogImpl] DEBUG block.DeletedBlockLogImpl (DeletedBlockLogImpl.java:commitTransactions(292)) - Datanode txId=6 containerId=#6 committed by dnId=15488c1c-ff1a-49f6-9596-cf663845e1ec
2023-04-19 02:33:01,753 [EventQueue-DeleteBlockStatusForDeletedBlockLogImpl] DEBUG block.DeletedBlockLogImpl (DeletedBlockLogImpl.java:isTransactionFailed(314)) - Got block deletion ACK from datanode, TXIDs=1, success=true
2023-04-19 02:33:01,753 [EventQueue-DeleteBlockStatusForDeletedBlockLogImpl] DEBUG block.DeletedBlockLogImpl (DeletedBlockLogImpl.java:commitTransactions(292)) - Datanode txId=1 containerId=#1 committed by dnId=15488c1c-ff1a-49f6-9596-cf663845e1ec
2023-04-19 02:33:01,753 [EventQueue-DeleteBlockStatusForDeletedBlockLogImpl] DEBUG block.DeletedBlockLogImpl (DeletedBlockLogImpl.java:isTransactionFailed(314)) - Got block deletion ACK from datanode, TXIDs=2, success=true
2023-04-19 02:33:01,753 [EventQueue-DeleteBlockStatusForDeletedBlockLogImpl] DEBUG block.DeletedBlockLogImpl (DeletedBlockLogImpl.java:commitTransactions(292)) - Datanode txId=2 containerId=#2 committed by dnId=15488c1c-ff1a-49f6-9596-cf663845e1ec
2023-04-19 02:33:01,753 [EventQueue-DeleteBlockStatusForDeletedBlockLogImpl] DEBUG block.DeletedBlockLogImpl (DeletedBlockLogImpl.java:isTransactionFailed(314)) - Got block deletion ACK from datanode, TXIDs=3, success=true
2023-04-19 02:33:01,753 [EventQueue-DeleteBlockStatusForDeletedBlockLogImpl] DEBUG block.DeletedBlockLogImpl (DeletedBlockLogImpl.java:commitTransactions(292)) - Datanode txId=3 containerId=#3 committed by dnId=15488c1c-ff1a-49f6-9596-cf663845e1ec
2023-04-19 02:33:01,753 [EventQueue-DeleteBlockStatusForDeletedBlockLogImpl] DEBUG block.DeletedBlockLogImpl (DeletedBlockLogImpl.java:isTransactionFailed(314)) - Got block deletion ACK from datanode, TXIDs=4, success=true
2023-04-19 02:33:01,753 [EventQueue-DeleteBlockStatusForDeletedBlockLogImpl] DEBUG block.DeletedBlockLogImpl (DeletedBlockLogImpl.java:commitTransactions(292)) - Datanode txId=4 containerId=#4 committed by dnId=15488c1c-ff1a-49f6-9596-cf663845e1ec
2023-04-19 02:33:01,753 [EventQueue-DeleteBlockStatusForDeletedBlockLogImpl] DEBUG block.DeletedBlockLogImpl (DeletedBlockLogImpl.java:isTransactionFailed(314)) - Got block deletion ACK from datanode, TXIDs=5, success=true
2023-04-19 02:33:01,753 [EventQueue-DeleteBlockStatusForDeletedBlockLogImpl] DEBUG block.DeletedBlockLogImpl (DeletedBlockLogImpl.java:commitTransactions(292)) - Datanode txId=5 containerId=#5 committed by dnId=15488c1c-ff1a-49f6-9596-cf663845e1ec
2023-04-19 02:33:01,753 [EventQueue-DeleteBlockStatusForDeletedBlockLogImpl] DEBUG block.DeletedBlockLogImpl (DeletedBlockLogImpl.java:isTransactionFailed(314)) - Got block deletion ACK from datanode, TXIDs=6, success=true
2023-04-19 02:33:01,753 [EventQueue-DeleteBlockStatusForDeletedBlockLogImpl] DEBUG block.DeletedBlockLogImpl (DeletedBlockLogImpl.java:commitTransactions(292)) - Datanode txId=6 containerId=#6 committed by dnId=15488c1c-ff1a-49f6-9596-cf663845e1ec
2023-04-19 02:33:01,753 [EventQueue-DeleteBlockStatusForDeletedBlockLogImpl] DEBUG block.DeletedBlockLogImpl (DeletedBlockLogImpl.java:isTransactionFailed(314)) - Got block deletion ACK from datanode, TXIDs=1, success=true
2023-04-19 02:33:01,753 [EventQueue-DeleteBlockStatusForDeletedBlockLogImpl] DEBUG block.DeletedBlockLogImpl (DeletedBlockLogImpl.java:commitTransactions(292)) - Datanode txId=1 containerId=#1 committed by dnId=15488c1c-ff1a-49f6-9596-cf663845e1ec
2023-04-19 02:33:01,753 [EventQueue-DeleteBlockStatusForDeletedBlockLogImpl] DEBUG block.DeletedBlockLogImpl (DeletedBlockLogImpl.java:isTransactionFailed(314)) - Got block deletion ACK from datanode, TXIDs=2, success=true
2023-04-19 02:33:01,753 [EventQueue-DeleteBlockStatusForDeletedBlockLogImpl] DEBUG block.DeletedBlockLogImpl (DeletedBlockLogImpl.java:commitTransactions(292)) - Datanode txId=2 containerId=#2 committed by dnId=15488c1c-ff1a-49f6-9596-cf663845e1ec
2023-04-19 02:33:01,753 [EventQueue-DeleteBlockStatusForDeletedBlockLogImpl] DEBUG block.DeletedBlockLogImpl (DeletedBlockLogImpl.java:isTransactionFailed(314)) - Got block deletion ACK from datanode, TXIDs=3, success=true
2023-04-19 02:33:01,753 [EventQueue-DeleteBlockStatusForDeletedBlockLogImpl] DEBUG block.DeletedBlockLogImpl (DeletedBlockLogImpl.java:commitTransactions(292)) - Datanode txId=3 containerId=#3 committed by dnId=15488c1c-ff1a-49f6-9596-cf663845e1ec
2023-04-19 02:33:01,753 [EventQueue-DeleteBlockStatusForDeletedBlockLogImpl] DEBUG block.DeletedBlockLogImpl (DeletedBlockLogImpl.java:isTransactionFailed(314)) - Got block deletion ACK from datanode, TXIDs=4, success=true
2023-04-19 02:33:01,753 [EventQueue-DeleteBlockStatusForDeletedBlockLogImpl] DEBUG block.DeletedBlockLogImpl (DeletedBlockLogImpl.java:commitTransactions(292)) - Datanode txId=4 containerId=#4 committed by dnId=15488c1c-ff1a-49f6-9596-cf663845e1ec
2023-04-19 02:33:01,753 [EventQueue-DeleteBlockStatusForDeletedBlockLogImpl] DEBUG block.DeletedBlockLogImpl (DeletedBlockLogImpl.java:isTransactionFailed(314)) - Got block deletion ACK from datanode, TXIDs=5, success=true
2023-04-19 02:33:01,753 [EventQueue-DeleteBlockStatusForDeletedBlockLogImpl] DEBUG block.DeletedBlockLogImpl (DeletedBlockLogImpl.java:commitTransactions(292)) - Datanode txId=5 containerId=#5 committed by dnId=15488c1c-ff1a-49f6-9596-cf663845e1ec
2023-04-19 02:33:01,753 [EventQueue-DeleteBlockStatusForDeletedBlockLogImpl] DEBUG block.DeletedBlockLogImpl (DeletedBlockLogImpl.java:isTransactionFailed(314)) - Got block deletion ACK from datanode, TXIDs=6, success=true
2023-04-19 02:33:01,753 [EventQueue-DeleteBlockStatusForDeletedBlockLogImpl] DEBUG block.DeletedBlockLogImpl (DeletedBlockLogImpl.java:commitTransactions(292)) - Datanode txId=6 containerId=#6 committed by dnId=15488c1c-ff1a-49f6-9596-cf663845e1ec
2023-04-19 02:33:01,753 [EventQueue-DeleteBlockStatusForDeletedBlockLogImpl] DEBUG block.DeletedBlockLogImpl (DeletedBlockLogImpl.java:isTransactionFailed(314)) - Got block deletion ACK from datanode, TXIDs=1, success=true
2023-04-19 02:33:01,753 [EventQueue-DeleteBlockStatusForDeletedBlockLogImpl] DEBUG block.DeletedBlockLogImpl (DeletedBlockLogImpl.java:commitTransactions(292)) - Datanode txId=1 containerId=#1 committed by dnId=15488c1c-ff1a-49f6-9596-cf663845e1ec
2023-04-19 02:33:01,753 [EventQueue-DeleteBlockStatusForDeletedBlockLogImpl] DEBUG block.DeletedBlockLogImpl (DeletedBlockLogImpl.java:isTransactionFailed(314)) - Got block deletion ACK from datanode, TXIDs=2, success=true
2023-04-19 02:33:01,754 [EventQueue-DeleteBlockStatusForDeletedBlockLogImpl] DEBUG block.DeletedBlockLogImpl (DeletedBlockLogImpl.java:commitTransactions(292)) - Datanode txId=2 containerId=#2 committed by dnId=15488c1c-ff1a-49f6-9596-cf663845e1ec
2023-04-19 02:33:01,754 [EventQueue-DeleteBlockStatusForDeletedBlockLogImpl] DEBUG block.DeletedBlockLogImpl (DeletedBlockLogImpl.java:isTransactionFailed(314)) - Got block deletion ACK from datanode, TXIDs=3, success=true
2023-04-19 02:33:01,754 [EventQueue-DeleteBlockStatusForDeletedBlockLogImpl] DEBUG block.DeletedBlockLogImpl (DeletedBlockLogImpl.java:commitTransactions(292)) - Datanode txId=3 containerId=#3 committed by dnId=15488c1c-ff1a-49f6-9596-cf663845e1ec
2023-04-19 02:33:01,754 [EventQueue-DeleteBlockStatusForDeletedBlockLogImpl] DEBUG block.DeletedBlockLogImpl (DeletedBlockLogImpl.java:isTransactionFailed(314)) - Got block deletion ACK from datanode, TXIDs=4, success=true
2023-04-19 02:33:01,754 [EventQueue-DeleteBlockStatusForDeletedBlockLogImpl] DEBUG block.DeletedBlockLogImpl (DeletedBlockLogImpl.java:commitTransactions(292)) - Datanode txId=4 containerId=#4 committed by dnId=15488c1c-ff1a-49f6-9596-cf663845e1ec
2023-04-19 02:33:01,754 [EventQueue-DeleteBlockStatusForDeletedBlockLogImpl] DEBUG block.DeletedBlockLogImpl (DeletedBlockLogImpl.java:isTransactionFailed(314)) - Got block deletion ACK from datanode, TXIDs=5, success=true
2023-04-19 02:33:01,754 [EventQueue-DeleteBlockStatusForDeletedBlockLogImpl] DEBUG block.DeletedBlockLogImpl (DeletedBlockLogImpl.java:commitTransactions(292)) - Datanode txId=5 containerId=#5 committed by dnId=15488c1c-ff1a-49f6-9596-cf663845e1ec
2023-04-19 02:33:01,754 [EventQueue-DeleteBlockStatusForDeletedBlockLogImpl] DEBUG block.DeletedBlockLogImpl (DeletedBlockLogImpl.java:isTransactionFailed(314)) - Got block deletion ACK from datanode, TXIDs=6, success=true
2023-04-19 02:33:01,754 [EventQueue-DeleteBlockStatusForDeletedBlockLogImpl] DEBUG block.DeletedBlockLogImpl (DeletedBlockLogImpl.java:commitTransactions(292)) - Datanode txId=6 containerId=#6 committed by dnId=15488c1c-ff1a-49f6-9596-cf663845e1ec
2023-04-19 02:33:01,754 [EventQueue-DeleteBlockStatusForDeletedBlockLogImpl] DEBUG block.DeletedBlockLogImpl (DeletedBlockLogImpl.java:isTransactionFailed(314)) - Got block deletion ACK from datanode, TXIDs=1, success=true
2023-04-19 02:33:01,754 [EventQueue-DeleteBlockStatusForDeletedBlockLogImpl] DEBUG block.DeletedBlockLogImpl (DeletedBlockLogImpl.java:commitTransactions(292)) - Datanode txId=1 containerId=#1 committed by dnId=15488c1c-ff1a-49f6-9596-cf663845e1ec
2023-04-19 02:33:01,754 [EventQueue-DeleteBlockStatusForDeletedBlockLogImpl] DEBUG block.DeletedBlockLogImpl (DeletedBlockLogImpl.java:isTransactionFailed(314)) - Got block deletion ACK from datanode, TXIDs=2, success=true
2023-04-19 02:33:01,754 [EventQueue-DeleteBlockStatusForDeletedBlockLogImpl] DEBUG block.DeletedBlockLogImpl (DeletedBlockLogImpl.java:commitTransactions(292)) - Datanode txId=2 containerId=#2 committed by dnId=15488c1c-ff1a-49f6-9596-cf663845e1ec
2023-04-19 02:33:01,754 [EventQueue-DeleteBlockStatusForDeletedBlockLogImpl] DEBUG block.DeletedBlockLogImpl (DeletedBlockLogImpl.java:isTransactionFailed(314)) - Got block deletion ACK from datanode, TXIDs=3, success=true
2023-04-19 02:33:01,754 [EventQueue-DeleteBlockStatusForDeletedBlockLogImpl] DEBUG block.DeletedBlockLogImpl (DeletedBlockLogImpl.java:commitTransactions(292)) - Datanode txId=3 containerId=#3 committed by dnId=15488c1c-ff1a-49f6-9596-cf663845e1ec
2023-04-19 02:33:01,754 [EventQueue-DeleteBlockStatusForDeletedBlockLogImpl] DEBUG block.DeletedBlockLogImpl (DeletedBlockLogImpl.java:isTransactionFailed(314)) - Got block deletion ACK from datanode, TXIDs=4, success=true
2023-04-19 02:33:01,754 [EventQueue-DeleteBlockStatusForDeletedBlockLogImpl] DEBUG block.DeletedBlockLogImpl (DeletedBlockLogImpl.java:commitTransactions(292)) - Datanode txId=4 containerId=#4 committed by dnId=15488c1c-ff1a-49f6-9596-cf663845e1ec
2023-04-19 02:33:01,754 [EventQueue-DeleteBlockStatusForDeletedBlockLogImpl] DEBUG block.DeletedBlockLogImpl (DeletedBlockLogImpl.java:isTransactionFailed(314)) - Got block deletion ACK from datanode, TXIDs=5, success=true
2023-04-19 02:33:01,754 [EventQueue-DeleteBlockStatusForDeletedBlockLogImpl] DEBUG block.DeletedBlockLogImpl (DeletedBlockLogImpl.java:commitTransactions(292)) - Datanode txId=5 containerId=#5 committed by dnId=15488c1c-ff1a-49f6-9596-cf663845e1ec
2023-04-19 02:33:01,754 [EventQueue-DeleteBlockStatusForDeletedBlockLogImpl] DEBUG block.DeletedBlockLogImpl (DeletedBlockLogImpl.java:isTransactionFailed(314)) - Got block deletion ACK from datanode, TXIDs=6, success=true
2023-04-19 02:33:01,754 [EventQueue-DeleteBlockStatusForDeletedBlockLogImpl] DEBUG block.DeletedBlockLogImpl (DeletedBlockLogImpl.java:commitTransactions(292)) - Datanode txId=6 containerId=#6 committed by dnId=15488c1c-ff1a-49f6-9596-cf663845e1ec
2023-04-19 02:33:01,775 [SCMBlockDeletingService#0] DEBUG block.SCMBlockDeletingService (SCMBlockDeletingService.java:shouldRun(251)) - Check scm block delete run: true serviceStatus: RUNNING safemodeExitRunDelayMillis: 3000 alreadyWaitTimeInMillis: 11769
2023-04-19 02:33:01,776 [SCMBlockDeletingService#0] DEBUG block.SCMBlockDeletingService (SCMBlockDeletingService.java:call(154)) - Running DeletedBlockTransactionScanner
2023-04-19 02:33:01,776 [SCMBlockDeletingService#0] DEBUG block.SCMBlockDeletingService (DatanodeDeletedBlockTransactions.java:addTransactionToDN(50)) - Transaction added: 4b35ffa0-8f73-49c2-95c0-d3e82f30c132 <- TX(1)
2023-04-19 02:33:01,776 [SCMBlockDeletingService#0] DEBUG block.SCMBlockDeletingService (DatanodeDeletedBlockTransactions.java:addTransactionToDN(50)) - Transaction added: 4b35ffa0-8f73-49c2-95c0-d3e82f30c132 <- TX(2)
2023-04-19 02:33:01,776 [SCMBlockDeletingService#0] DEBUG block.SCMBlockDeletingService (DatanodeDeletedBlockTransactions.java:addTransactionToDN(50)) - Transaction added: 4b35ffa0-8f73-49c2-95c0-d3e82f30c132 <- TX(3)
2023-04-19 02:33:01,776 [SCMBlockDeletingService#0] DEBUG block.SCMBlockDeletingService (DatanodeDeletedBlockTransactions.java:addTransactionToDN(50)) - Transaction added: 4b35ffa0-8f73-49c2-95c0-d3e82f30c132 <- TX(4)
2023-04-19 02:33:01,776 [SCMBlockDeletingService#0] DEBUG block.SCMBlockDeletingService (DatanodeDeletedBlockTransactions.java:addTransactionToDN(50)) - Transaction added: 4b35ffa0-8f73-49c2-95c0-d3e82f30c132 <- TX(5)
2023-04-19 02:33:01,776 [SCMBlockDeletingService#0] DEBUG block.SCMBlockDeletingService (DatanodeDeletedBlockTransactions.java:addTransactionToDN(50)) - Transaction added: 4b35ffa0-8f73-49c2-95c0-d3e82f30c132 <- TX(6)
2023-04-19 02:33:01,776 [SCMBlockDeletingService#0] DEBUG block.SCMBlockDeletingService (SCMBlockDeletingService.java:call(189)) - Added delete block command for datanode 4b35ffa0-8f73-49c2-95c0-d3e82f30c132 in the queue, number of delete block transactions: 6
2023-04-19 02:33:01,776 [SCMBlockDeletingService#0] INFO  block.SCMBlockDeletingService (SCMBlockDeletingService.java:call(198)) - Totally added 6 blocks to be deleted for 1 datanodes, task elapsed time: 1ms
2023-04-19 02:33:01,783 [BlockDeletingService#2] INFO  interfaces.ContainerDeletionChoosingPolicyTemplate (ContainerDeletionChoosingPolicyTemplate.java:chooseContainerForBlockDeletion(83)) - Chosen 0/5000 blocks from 0 candidate containers.
2023-04-19 02:33:01,783 [BlockDeletingService#2] INFO  interfaces.ContainerDeletionChoosingPolicyTemplate (ContainerDeletionChoosingPolicyTemplate.java:chooseContainerForBlockDeletion(83)) - Chosen 0/5000 blocks from 0 candidate containers.
2023-04-19 02:33:01,791 [BlockDeletingService#7] INFO  interfaces.ContainerDeletionChoosingPolicyTemplate (ContainerDeletionChoosingPolicyTemplate.java:chooseContainerForBlockDeletion(83)) - Chosen 0/5000 blocks from 0 candidate containers.
2023-04-19 02:33:01,875 [SCMBlockDeletingService#0] DEBUG block.SCMBlockDeletingService (SCMBlockDeletingService.java:shouldRun(251)) - Check scm block delete run: true serviceStatus: RUNNING safemodeExitRunDelayMillis: 3000 alreadyWaitTimeInMillis: 11869
2023-04-19 02:33:01,876 [SCMBlockDeletingService#0] DEBUG block.SCMBlockDeletingService (SCMBlockDeletingService.java:call(154)) - Running DeletedBlockTransactionScanner
2023-04-19 02:33:01,883 [BlockDeletingService#2] INFO  interfaces.ContainerDeletionChoosingPolicyTemplate (ContainerDeletionChoosingPolicyTemplate.java:chooseContainerForBlockDeletion(83)) - Chosen 0/5000 blocks from 0 candidate containers.
2023-04-19 02:33:01,884 [BlockDeletingService#2] INFO  interfaces.ContainerDeletionChoosingPolicyTemplate (ContainerDeletionChoosingPolicyTemplate.java:chooseContainerForBlockDeletion(83)) - Chosen 0/5000 blocks from 0 candidate containers.
2023-04-19 02:33:01,891 [BlockDeletingService#7] INFO  interfaces.ContainerDeletionChoosingPolicyTemplate (ContainerDeletionChoosingPolicyTemplate.java:chooseContainerForBlockDeletion(83)) - Chosen 0/5000 blocks from 0 candidate containers.
2023-04-19 02:33:01,897 [org.apache.hadoop.ozone.container.common.statemachine.commandhandler.DeleteBlocksCommandHandler$DeleteCmdWorker@2c01480f] INFO  commandhandler.DeleteBlocksCommandHandler (DeleteBlocksCommandHandler.java:processCmd(275)) - Start to delete container blocks, TXIDs=[1(0),2(0),3(0),4(0),5(0),6(0)], numOfContainers=6, numOfBlocks=6
2023-04-19 02:33:01,899 [org.apache.hadoop.ozone.container.common.statemachine.commandhandler.DeleteBlocksCommandHandler$DeleteCmdWorker@2c01480f] INFO  commandhandler.DeleteBlocksCommandHandler (DeleteBlocksCommandHandler.java:processCmd(275)) - Start to delete container blocks, TXIDs=[1(1),2(1),3(1),4(1),5(1),6(1)], numOfContainers=6, numOfBlocks=6
2023-04-19 02:33:01,899 [DeleteBlocksCommandHandlerThread-1] INFO  commandhandler.DeleteBlocksCommandHandler (DeleteBlocksCommandHandler.java:logDeleteTransaction(493)) - Delete blocks for containerId: 1 is either received out of order or retried, 1 <= 1
2023-04-19 02:33:01,899 [DeleteBlocksCommandHandlerThread-1] INFO  commandhandler.DeleteBlocksCommandHandler (DeleteBlocksCommandHandler.java:logDeleteTransaction(493)) - Delete blocks for containerId: 2 is either received out of order or retried, 2 <= 2
2023-04-19 02:33:01,899 [DeleteBlocksCommandHandlerThread-1] INFO  commandhandler.DeleteBlocksCommandHandler (DeleteBlocksCommandHandler.java:logDeleteTransaction(493)) - Delete blocks for containerId: 3 is either received out of order or retried, 3 <= 3
2023-04-19 02:33:01,899 [DeleteBlocksCommandHandlerThread-1] INFO  commandhandler.DeleteBlocksCommandHandler (DeleteBlocksCommandHandler.java:logDeleteTransaction(493)) - Delete blocks for containerId: 4 is either received out of order or retried, 4 <= 4
2023-04-19 02:33:01,900 [DeleteBlocksCommandHandlerThread-1] INFO  commandhandler.DeleteBlocksCommandHandler (DeleteBlocksCommandHandler.java:logDeleteTransaction(493)) - Delete blocks for containerId: 5 is either received out of order or retried, 5 <= 5
2023-04-19 02:33:01,900 [DeleteBlocksCommandHandlerThread-1] INFO  commandhandler.DeleteBlocksCommandHandler (DeleteBlocksCommandHandler.java:logDeleteTransaction(493)) - Delete blocks for containerId: 6 is either received out of order or retried, 6 <= 6
2023-04-19 02:33:01,900 [org.apache.hadoop.ozone.container.common.statemachine.commandhandler.DeleteBlocksCommandHandler$DeleteCmdWorker@2c01480f] INFO  commandhandler.DeleteBlocksCommandHandler (DeleteBlocksCommandHandler.java:processCmd(275)) - Start to delete container blocks, TXIDs=[1(2),2(2),3(2),4(2),5(2),6(2)], numOfContainers=6, numOfBlocks=6
2023-04-19 02:33:01,900 [DeleteBlocksCommandHandlerThread-3] INFO  commandhandler.DeleteBlocksCommandHandler (DeleteBlocksCommandHandler.java:logDeleteTransaction(493)) - Delete blocks for containerId: 1 is either received out of order or retried, 1 <= 1
2023-04-19 02:33:01,900 [DeleteBlocksCommandHandlerThread-0] INFO  commandhandler.DeleteBlocksCommandHandler (DeleteBlocksCommandHandler.java:logDeleteTransaction(493)) - Delete blocks for containerId: 2 is either received out of order or retried, 2 <= 2
2023-04-19 02:33:01,900 [DeleteBlocksCommandHandlerThread-3] INFO  commandhandler.DeleteBlocksCommandHandler (DeleteBlocksCommandHandler.java:logDeleteTransaction(493)) - Delete blocks for containerId: 3 is either received out of order or retried, 3 <= 3
2023-04-19 02:33:01,900 [DeleteBlocksCommandHandlerThread-0] INFO  commandhandler.DeleteBlocksCommandHandler (DeleteBlocksCommandHandler.java:logDeleteTransaction(493)) - Delete blocks for containerId: 4 is either received out of order or retried, 4 <= 4
2023-04-19 02:33:01,900 [DeleteBlocksCommandHandlerThread-3] INFO  commandhandler.DeleteBlocksCommandHandler (DeleteBlocksCommandHandler.java:logDeleteTransaction(493)) - Delete blocks for containerId: 5 is either received out of order or retried, 5 <= 5
2023-04-19 02:33:01,900 [DeleteBlocksCommandHandlerThread-0] INFO  commandhandler.DeleteBlocksCommandHandler (DeleteBlocksCommandHandler.java:logDeleteTransaction(493)) - Delete blocks for containerId: 6 is either received out of order or retried, 6 <= 6
2023-04-19 02:33:01,901 [org.apache.hadoop.ozone.container.common.statemachine.commandhandler.DeleteBlocksCommandHandler$DeleteCmdWorker@2c01480f] INFO  commandhandler.DeleteBlocksCommandHandler (DeleteBlocksCommandHandler.java:processCmd(275)) - Start to delete container blocks, TXIDs=[1(3),2(3),3(3),4(3),5(3),6(3)], numOfContainers=6, numOfBlocks=6
2023-04-19 02:33:01,901 [DeleteBlocksCommandHandlerThread-3] INFO  commandhandler.DeleteBlocksCommandHandler (DeleteBlocksCommandHandler.java:logDeleteTransaction(493)) - Delete blocks for containerId: 1 is either received out of order or retried, 1 <= 1
2023-04-19 02:33:01,901 [DeleteBlocksCommandHandlerThread-0] INFO  commandhandler.DeleteBlocksCommandHandler (DeleteBlocksCommandHandler.java:logDeleteTransaction(493)) - Delete blocks for containerId: 3 is either received out of order or retried, 3 <= 3
2023-04-19 02:33:01,901 [DeleteBlocksCommandHandlerThread-3] INFO  commandhandler.DeleteBlocksCommandHandler (DeleteBlocksCommandHandler.java:logDeleteTransaction(493)) - Delete blocks for containerId: 4 is either received out of order or retried, 4 <= 4
2023-04-19 02:33:01,901 [DeleteBlocksCommandHandlerThread-0] INFO  commandhandler.DeleteBlocksCommandHandler (DeleteBlocksCommandHandler.java:logDeleteTransaction(493)) - Delete blocks for containerId: 5 is either received out of order or retried, 5 <= 5
2023-04-19 02:33:01,901 [DeleteBlocksCommandHandlerThread-3] INFO  commandhandler.DeleteBlocksCommandHandler (DeleteBlocksCommandHandler.java:logDeleteTransaction(493)) - Delete blocks for containerId: 6 is either received out of order or retried, 6 <= 6
2023-04-19 02:33:01,901 [DeleteBlocksCommandHandlerThread-4] INFO  commandhandler.DeleteBlocksCommandHandler (DeleteBlocksCommandHandler.java:logDeleteTransaction(493)) - Delete blocks for containerId: 2 is either received out of order or retried, 2 <= 2
2023-04-19 02:33:01,901 [org.apache.hadoop.ozone.container.common.statemachine.commandhandler.DeleteBlocksCommandHandler$DeleteCmdWorker@2c01480f] INFO  commandhandler.DeleteBlocksCommandHandler (DeleteBlocksCommandHandler.java:processCmd(275)) - Start to delete container blocks, TXIDs=[1(4),2(4),3(4),4(4),5(4),6(4)], numOfContainers=6, numOfBlocks=6
2023-04-19 02:33:01,901 [DeleteBlocksCommandHandlerThread-0] INFO  commandhandler.DeleteBlocksCommandHandler (DeleteBlocksCommandHandler.java:logDeleteTransaction(493)) - Delete blocks for containerId: 1 is either received out of order or retried, 1 <= 1
2023-04-19 02:33:01,901 [DeleteBlocksCommandHandlerThread-0] INFO  commandhandler.DeleteBlocksCommandHandler (DeleteBlocksCommandHandler.java:logDeleteTransaction(493)) - Delete blocks for containerId: 2 is either received out of order or retried, 2 <= 2
2023-04-19 02:33:01,902 [DeleteBlocksCommandHandlerThread-0] INFO  commandhandler.DeleteBlocksCommandHandler (DeleteBlocksCommandHandler.java:logDeleteTransaction(493)) - Delete blocks for containerId: 3 is either received out of order or retried, 3 <= 3
2023-04-19 02:33:01,902 [DeleteBlocksCommandHandlerThread-0] INFO  commandhandler.DeleteBlocksCommandHandler (DeleteBlocksCommandHandler.java:logDeleteTransaction(493)) - Delete blocks for containerId: 4 is either received out of order or retried, 4 <= 4
2023-04-19 02:33:01,902 [DeleteBlocksCommandHandlerThread-0] INFO  commandhandler.DeleteBlocksCommandHandler (DeleteBlocksCommandHandler.java:logDeleteTransaction(493)) - Delete blocks for containerId: 5 is either received out of order or retried, 5 <= 5
2023-04-19 02:33:01,902 [DeleteBlocksCommandHandlerThread-0] INFO  commandhandler.DeleteBlocksCommandHandler (DeleteBlocksCommandHandler.java:logDeleteTransaction(493)) - Delete blocks for containerId: 6 is either received out of order or retried, 6 <= 6
2023-04-19 02:33:01,902 [org.apache.hadoop.ozone.container.common.statemachine.commandhandler.DeleteBlocksCommandHandler$DeleteCmdWorker@2c01480f] INFO  commandhandler.DeleteBlocksCommandHandler (DeleteBlocksCommandHandler.java:processCmd(275)) - Start to delete container blocks, TXIDs=[1(5),2(5),3(5),4(5),5(5),6(5)], numOfContainers=6, numOfBlocks=6
2023-04-19 02:33:01,902 [DeleteBlocksCommandHandlerThread-1] INFO  commandhandler.DeleteBlocksCommandHandler (DeleteBlocksCommandHandler.java:logDeleteTransaction(493)) - Delete blocks for containerId: 1 is either received out of order or retried, 1 <= 1
2023-04-19 02:33:01,902 [DeleteBlocksCommandHandlerThread-3] INFO  commandhandler.DeleteBlocksCommandHandler (DeleteBlocksCommandHandler.java:logDeleteTransaction(493)) - Delete blocks for containerId: 2 is either received out of order or retried, 2 <= 2
2023-04-19 02:33:01,902 [DeleteBlocksCommandHandlerThread-1] INFO  commandhandler.DeleteBlocksCommandHandler (DeleteBlocksCommandHandler.java:logDeleteTransaction(493)) - Delete blocks for containerId: 4 is either received out of order or retried, 4 <= 4
2023-04-19 02:33:01,902 [DeleteBlocksCommandHandlerThread-3] INFO  commandhandler.DeleteBlocksCommandHandler (DeleteBlocksCommandHandler.java:logDeleteTransaction(493)) - Delete blocks for containerId: 5 is either received out of order or retried, 5 <= 5
2023-04-19 02:33:01,902 [DeleteBlocksCommandHandlerThread-1] INFO  commandhandler.DeleteBlocksCommandHandler (DeleteBlocksCommandHandler.java:logDeleteTransaction(493)) - Delete blocks for containerId: 6 is either received out of order or retried, 6 <= 6
2023-04-19 02:33:01,903 [DeleteBlocksCommandHandlerThread-2] INFO  commandhandler.DeleteBlocksCommandHandler (DeleteBlocksCommandHandler.java:logDeleteTransaction(493)) - Delete blocks for containerId: 3 is either received out of order or retried, 3 <= 3
2023-04-19 02:33:01,903 [org.apache.hadoop.ozone.container.common.statemachine.commandhandler.DeleteBlocksCommandHandler$DeleteCmdWorker@2c01480f] INFO  commandhandler.DeleteBlocksCommandHandler (DeleteBlocksCommandHandler.java:processCmd(275)) - Start to delete container blocks, TXIDs=[1(6),2(6),3(6),4(6),5(6),6(6)], numOfContainers=6, numOfBlocks=6
2023-04-19 02:33:01,904 [DeleteBlocksCommandHandlerThread-3] INFO  commandhandler.DeleteBlocksCommandHandler (DeleteBlocksCommandHandler.java:logDeleteTransaction(493)) - Delete blocks for containerId: 1 is either received out of order or retried, 1 <= 1
2023-04-19 02:33:01,904 [DeleteBlocksCommandHandlerThread-3] INFO  commandhandler.DeleteBlocksCommandHandler (DeleteBlocksCommandHandler.java:logDeleteTransaction(493)) - Delete blocks for containerId: 2 is either received out of order or retried, 2 <= 2
2023-04-19 02:33:01,905 [DeleteBlocksCommandHandlerThread-3] INFO  commandhandler.DeleteBlocksCommandHandler (DeleteBlocksCommandHandler.java:logDeleteTransaction(493)) - Delete blocks for containerId: 3 is either received out of order or retried, 3 <= 3
2023-04-19 02:33:01,905 [DeleteBlocksCommandHandlerThread-3] INFO  commandhandler.DeleteBlocksCommandHandler (DeleteBlocksCommandHandler.java:logDeleteTransaction(493)) - Delete blocks for containerId: 4 is either received out of order or retried, 4 <= 4
2023-04-19 02:33:01,905 [DeleteBlocksCommandHandlerThread-3] INFO  commandhandler.DeleteBlocksCommandHandler (DeleteBlocksCommandHandler.java:logDeleteTransaction(493)) - Delete blocks for containerId: 5 is either received out of order or retried, 5 <= 5
2023-04-19 02:33:01,905 [DeleteBlocksCommandHandlerThread-3] INFO  commandhandler.DeleteBlocksCommandHandler (DeleteBlocksCommandHandler.java:logDeleteTransaction(493)) - Delete blocks for containerId: 6 is either received out of order or retried, 6 <= 6
2023-04-19 02:33:01,905 [org.apache.hadoop.ozone.container.common.statemachine.commandhandler.DeleteBlocksCommandHandler$DeleteCmdWorker@2c01480f] INFO  commandhandler.DeleteBlocksCommandHandler (DeleteBlocksCommandHandler.java:processCmd(275)) - Start to delete container blocks, TXIDs=[1(7),2(7),3(7),4(7),5(7),6(7)], numOfContainers=6, numOfBlocks=6
2023-04-19 02:33:01,905 [DeleteBlocksCommandHandlerThread-3] INFO  commandhandler.DeleteBlocksCommandHandler (DeleteBlocksCommandHandler.java:logDeleteTransaction(493)) - Delete blocks for containerId: 1 is either received out of order or retried, 1 <= 1
2023-04-19 02:33:01,906 [DeleteBlocksCommandHandlerThread-3] INFO  commandhandler.DeleteBlocksCommandHandler (DeleteBlocksCommandHandler.java:logDeleteTransaction(493)) - Delete blocks for containerId: 2 is either received out of order or retried, 2 <= 2
2023-04-19 02:33:01,906 [DeleteBlocksCommandHandlerThread-3] INFO  commandhandler.DeleteBlocksCommandHandler (DeleteBlocksCommandHandler.java:logDeleteTransaction(493)) - Delete blocks for containerId: 3 is either received out of order or retried, 3 <= 3
2023-04-19 02:33:01,906 [DeleteBlocksCommandHandlerThread-1] INFO  commandhandler.DeleteBlocksCommandHandler (DeleteBlocksCommandHandler.java:logDeleteTransaction(493)) - Delete blocks for containerId: 5 is either received out of order or retried, 5 <= 5
2023-04-19 02:33:01,906 [DeleteBlocksCommandHandlerThread-3] INFO  commandhandler.DeleteBlocksCommandHandler (DeleteBlocksCommandHandler.java:logDeleteTransaction(493)) - Delete blocks for containerId: 6 is either received out of order or retried, 6 <= 6
2023-04-19 02:33:01,906 [DeleteBlocksCommandHandlerThread-4] INFO  commandhandler.DeleteBlocksCommandHandler (DeleteBlocksCommandHandler.java:logDeleteTransaction(493)) - Delete blocks for containerId: 4 is either received out of order or retried, 4 <= 4
2023-04-19 02:33:01,906 [org.apache.hadoop.ozone.container.common.statemachine.commandhandler.DeleteBlocksCommandHandler$DeleteCmdWorker@2c01480f] INFO  commandhandler.DeleteBlocksCommandHandler (DeleteBlocksCommandHandler.java:processCmd(275)) - Start to delete container blocks, TXIDs=[1(8),2(8),3(8),4(8),5(8),6(8)], numOfContainers=6, numOfBlocks=6
2023-04-19 02:33:01,906 [DeleteBlocksCommandHandlerThread-1] INFO  commandhandler.DeleteBlocksCommandHandler (DeleteBlocksCommandHandler.java:logDeleteTransaction(493)) - Delete blocks for containerId: 1 is either received out of order or retried, 1 <= 1
2023-04-19 02:33:01,906 [DeleteBlocksCommandHandlerThread-0] INFO  commandhandler.DeleteBlocksCommandHandler (DeleteBlocksCommandHandler.java:logDeleteTransaction(493)) - Delete blocks for containerId: 2 is either received out of order or retried, 2 <= 2
2023-04-19 02:33:01,906 [DeleteBlocksCommandHandlerThread-1] INFO  commandhandler.DeleteBlocksCommandHandler (DeleteBlocksCommandHandler.java:logDeleteTransaction(493)) - Delete blocks for containerId: 3 is either received out of order or retried, 3 <= 3
2023-04-19 02:33:01,906 [DeleteBlocksCommandHandlerThread-0] INFO  commandhandler.DeleteBlocksCommandHandler (DeleteBlocksCommandHandler.java:logDeleteTransaction(493)) - Delete blocks for containerId: 4 is either received out of order or retried, 4 <= 4
2023-04-19 02:33:01,906 [DeleteBlocksCommandHandlerThread-1] INFO  commandhandler.DeleteBlocksCommandHandler (DeleteBlocksCommandHandler.java:logDeleteTransaction(493)) - Delete blocks for containerId: 5 is either received out of order or retried, 5 <= 5
2023-04-19 02:33:01,907 [DeleteBlocksCommandHandlerThread-0] INFO  commandhandler.DeleteBlocksCommandHandler (DeleteBlocksCommandHandler.java:logDeleteTransaction(493)) - Delete blocks for containerId: 6 is either received out of order or retried, 6 <= 6
2023-04-19 02:33:01,907 [org.apache.hadoop.ozone.container.common.statemachine.commandhandler.DeleteBlocksCommandHandler$DeleteCmdWorker@2c01480f] INFO  commandhandler.DeleteBlocksCommandHandler (DeleteBlocksCommandHandler.java:processCmd(275)) - Start to delete container blocks, TXIDs=[1(9),2(9),3(9),4(9),5(9),6(9)], numOfContainers=6, numOfBlocks=6
2023-04-19 02:33:01,907 [DeleteBlocksCommandHandlerThread-3] INFO  commandhandler.DeleteBlocksCommandHandler (DeleteBlocksCommandHandler.java:logDeleteTransaction(493)) - Delete blocks for containerId: 1 is either received out of order or retried, 1 <= 1
2023-04-19 02:33:01,907 [DeleteBlocksCommandHandlerThread-4] INFO  commandhandler.DeleteBlocksCommandHandler (DeleteBlocksCommandHandler.java:logDeleteTransaction(493)) - Delete blocks for containerId: 2 is either received out of order or retried, 2 <= 2
2023-04-19 02:33:01,907 [DeleteBlocksCommandHandlerThread-4] INFO  commandhandler.DeleteBlocksCommandHandler (DeleteBlocksCommandHandler.java:logDeleteTransaction(493)) - Delete blocks for containerId: 3 is either received out of order or retried, 3 <= 3
2023-04-19 02:33:01,907 [DeleteBlocksCommandHandlerThread-4] INFO  commandhandler.DeleteBlocksCommandHandler (DeleteBlocksCommandHandler.java:logDeleteTransaction(493)) - Delete blocks for containerId: 4 is either received out of order or retried, 4 <= 4
2023-04-19 02:33:01,908 [DeleteBlocksCommandHandlerThread-4] INFO  commandhandler.DeleteBlocksCommandHandler (DeleteBlocksCommandHandler.java:logDeleteTransaction(493)) - Delete blocks for containerId: 5 is either received out of order or retried, 5 <= 5
2023-04-19 02:33:01,908 [DeleteBlocksCommandHandlerThread-4] INFO  commandhandler.DeleteBlocksCommandHandler (DeleteBlocksCommandHandler.java:logDeleteTransaction(493)) - Delete blocks for containerId: 6 is either received out of order or retried, 6 <= 6
2023-04-19 02:33:01,909 [org.apache.hadoop.ozone.container.common.statemachine.commandhandler.DeleteBlocksCommandHandler$DeleteCmdWorker@2c01480f] INFO  commandhandler.DeleteBlocksCommandHandler (DeleteBlocksCommandHandler.java:processCmd(275)) - Start to delete container blocks, TXIDs=[1(10),2(10),3(10),4(10),5(10),6(10)], numOfContainers=6, numOfBlocks=6
2023-04-19 02:33:01,909 [DeleteBlocksCommandHandlerThread-4] INFO  commandhandler.DeleteBlocksCommandHandler (DeleteBlocksCommandHandler.java:logDeleteTransaction(493)) - Delete blocks for containerId: 1 is either received out of order or retried, 1 <= 1
2023-04-19 02:33:01,909 [DeleteBlocksCommandHandlerThread-3] INFO  commandhandler.DeleteBlocksCommandHandler (DeleteBlocksCommandHandler.java:logDeleteTransaction(493)) - Delete blocks for containerId: 2 is either received out of order or retried, 2 <= 2
2023-04-19 02:33:01,909 [DeleteBlocksCommandHandlerThread-1] INFO  commandhandler.DeleteBlocksCommandHandler (DeleteBlocksCommandHandler.java:logDeleteTransaction(493)) - Delete blocks for containerId: 4 is either received out of order or retried, 4 <= 4
2023-04-19 02:33:01,909 [DeleteBlocksCommandHandlerThread-0] INFO  commandhandler.DeleteBlocksCommandHandler (DeleteBlocksCommandHandler.java:logDeleteTransaction(493)) - Delete blocks for containerId: 5 is either received out of order or retried, 5 <= 5
2023-04-19 02:33:01,909 [DeleteBlocksCommandHandlerThread-2] INFO  commandhandler.DeleteBlocksCommandHandler (DeleteBlocksCommandHandler.java:logDeleteTransaction(493)) - Delete blocks for containerId: 3 is either received out of order or retried, 3 <= 3
2023-04-19 02:33:01,909 [DeleteBlocksCommandHandlerThread-4] INFO  commandhandler.DeleteBlocksCommandHandler (DeleteBlocksCommandHandler.java:logDeleteTransaction(493)) - Delete blocks for containerId: 6 is either received out of order or retried, 6 <= 6
2023-04-19 02:33:01,966 [EventQueue-DeleteBlockStatusForDeletedBlockLogImpl] DEBUG block.DeletedBlockLogImpl (DeletedBlockLogImpl.java:isTransactionFailed(314)) - Got block deletion ACK from datanode, TXIDs=1, success=true
2023-04-19 02:33:01,966 [EventQueue-DeleteBlockStatusForDeletedBlockLogImpl] DEBUG block.DeletedBlockLogImpl (DeletedBlockLogImpl.java:commitTransactions(286)) - Purging txId=1 from block deletion log
2023-04-19 02:33:01,967 [EventQueue-DeleteBlockStatusForDeletedBlockLogImpl] DEBUG block.DeletedBlockLogImpl (DeletedBlockLogImpl.java:commitTransactions(292)) - Datanode txId=1 containerId=#1 committed by dnId=4b35ffa0-8f73-49c2-95c0-d3e82f30c132
2023-04-19 02:33:01,967 [EventQueue-DeleteBlockStatusForDeletedBlockLogImpl] DEBUG block.DeletedBlockLogImpl (DeletedBlockLogImpl.java:isTransactionFailed(314)) - Got block deletion ACK from datanode, TXIDs=2, success=true
2023-04-19 02:33:01,967 [EventQueue-DeleteBlockStatusForDeletedBlockLogImpl] DEBUG block.DeletedBlockLogImpl (DeletedBlockLogImpl.java:commitTransactions(286)) - Purging txId=2 from block deletion log
2023-04-19 02:33:01,967 [EventQueue-DeleteBlockStatusForDeletedBlockLogImpl] DEBUG block.DeletedBlockLogImpl (DeletedBlockLogImpl.java:commitTransactions(292)) - Datanode txId=2 containerId=#2 committed by dnId=4b35ffa0-8f73-49c2-95c0-d3e82f30c132
2023-04-19 02:33:01,967 [EventQueue-DeleteBlockStatusForDeletedBlockLogImpl] DEBUG block.DeletedBlockLogImpl (DeletedBlockLogImpl.java:isTransactionFailed(314)) - Got block deletion ACK from datanode, TXIDs=3, success=true
2023-04-19 02:33:01,967 [EventQueue-DeleteBlockStatusForDeletedBlockLogImpl] DEBUG block.DeletedBlockLogImpl (DeletedBlockLogImpl.java:commitTransactions(286)) - Purging txId=3 from block deletion log
2023-04-19 02:33:01,967 [EventQueue-DeleteBlockStatusForDeletedBlockLogImpl] DEBUG block.DeletedBlockLogImpl (DeletedBlockLogImpl.java:commitTransactions(292)) - Datanode txId=3 containerId=#3 committed by dnId=4b35ffa0-8f73-49c2-95c0-d3e82f30c132
2023-04-19 02:33:01,967 [EventQueue-DeleteBlockStatusForDeletedBlockLogImpl] DEBUG block.DeletedBlockLogImpl (DeletedBlockLogImpl.java:isTransactionFailed(314)) - Got block deletion ACK from datanode, TXIDs=4, success=true
2023-04-19 02:33:01,967 [EventQueue-DeleteBlockStatusForDeletedBlockLogImpl] DEBUG block.DeletedBlockLogImpl (DeletedBlockLogImpl.java:commitTransactions(286)) - Purging txId=4 from block deletion log
2023-04-19 02:33:01,967 [EventQueue-DeleteBlockStatusForDeletedBlockLogImpl] DEBUG block.DeletedBlockLogImpl (DeletedBlockLogImpl.java:commitTransactions(292)) - Datanode txId=4 containerId=#4 committed by dnId=4b35ffa0-8f73-49c2-95c0-d3e82f30c132
2023-04-19 02:33:01,967 [EventQueue-DeleteBlockStatusForDeletedBlockLogImpl] DEBUG block.DeletedBlockLogImpl (DeletedBlockLogImpl.java:isTransactionFailed(314)) - Got block deletion ACK from datanode, TXIDs=5, success=true
2023-04-19 02:33:01,967 [EventQueue-DeleteBlockStatusForDeletedBlockLogImpl] DEBUG block.DeletedBlockLogImpl (DeletedBlockLogImpl.java:commitTransactions(286)) - Purging txId=5 from block deletion log
2023-04-19 02:33:01,967 [EventQueue-DeleteBlockStatusForDeletedBlockLogImpl] DEBUG block.DeletedBlockLogImpl (DeletedBlockLogImpl.java:commitTransactions(292)) - Datanode txId=5 containerId=#5 committed by dnId=4b35ffa0-8f73-49c2-95c0-d3e82f30c132
2023-04-19 02:33:01,967 [EventQueue-DeleteBlockStatusForDeletedBlockLogImpl] DEBUG block.DeletedBlockLogImpl (DeletedBlockLogImpl.java:isTransactionFailed(314)) - Got block deletion ACK from datanode, TXIDs=6, success=true
2023-04-19 02:33:01,967 [EventQueue-DeleteBlockStatusForDeletedBlockLogImpl] DEBUG block.DeletedBlockLogImpl (DeletedBlockLogImpl.java:commitTransactions(286)) - Purging txId=6 from block deletion log
2023-04-19 02:33:01,967 [EventQueue-DeleteBlockStatusForDeletedBlockLogImpl] DEBUG block.DeletedBlockLogImpl (DeletedBlockLogImpl.java:commitTransactions(292)) - Datanode txId=6 containerId=#6 committed by dnId=4b35ffa0-8f73-49c2-95c0-d3e82f30c132
2023-04-19 02:33:01,967 [EventQueue-DeleteBlockStatusForDeletedBlockLogImpl] DEBUG block.DeletedBlockLogImpl (DeletedBlockLogImpl.java:isTransactionFailed(314)) - Got block deletion ACK from datanode, TXIDs=1, success=true
2023-04-19 02:33:01,967 [EventQueue-DeleteBlockStatusForDeletedBlockLogImpl] DEBUG block.DeletedBlockLogImpl (DeletedBlockLogImpl.java:commitTransactions(260)) - Transaction txId=1 commit by dnId=4b35ffa0-8f73-49c2-95c0-d3e82f30c132 for containerID=#1 failed. Corresponding entry not found.
2023-04-19 02:33:01,967 [EventQueue-DeleteBlockStatusForDeletedBlockLogImpl] DEBUG block.DeletedBlockLogImpl (DeletedBlockLogImpl.java:isTransactionFailed(314)) - Got block deletion ACK from datanode, TXIDs=2, success=true
2023-04-19 02:33:01,967 [EventQueue-DeleteBlockStatusForDeletedBlockLogImpl] DEBUG block.DeletedBlockLogImpl (DeletedBlockLogImpl.java:commitTransactions(260)) - Transaction txId=2 commit by dnId=4b35ffa0-8f73-49c2-95c0-d3e82f30c132 for containerID=#2 failed. Corresponding entry not found.
2023-04-19 02:33:01,967 [EventQueue-DeleteBlockStatusForDeletedBlockLogImpl] DEBUG block.DeletedBlockLogImpl (DeletedBlockLogImpl.java:isTransactionFailed(314)) - Got block deletion ACK from datanode, TXIDs=3, success=true
2023-04-19 02:33:01,967 [EventQueue-DeleteBlockStatusForDeletedBlockLogImpl] DEBUG block.DeletedBlockLogImpl (DeletedBlockLogImpl.java:commitTransactions(260)) - Transaction txId=3 commit by dnId=4b35ffa0-8f73-49c2-95c0-d3e82f30c132 for containerID=#3 failed. Corresponding entry not found.
2023-04-19 02:33:01,967 [EventQueue-DeleteBlockStatusForDeletedBlockLogImpl] DEBUG block.DeletedBlockLogImpl (DeletedBlockLogImpl.java:isTransactionFailed(314)) - Got block deletion ACK from datanode, TXIDs=4, success=true
2023-04-19 02:33:01,967 [EventQueue-DeleteBlockStatusForDeletedBlockLogImpl] DEBUG block.DeletedBlockLogImpl (DeletedBlockLogImpl.java:commitTransactions(260)) - Transaction txId=4 commit by dnId=4b35ffa0-8f73-49c2-95c0-d3e82f30c132 for containerID=#4 failed. Corresponding entry not found.
2023-04-19 02:33:01,967 [EventQueue-DeleteBlockStatusForDeletedBlockLogImpl] DEBUG block.DeletedBlockLogImpl (DeletedBlockLogImpl.java:isTransactionFailed(314)) - Got block deletion ACK from datanode, TXIDs=5, success=true
2023-04-19 02:33:01,967 [EventQueue-DeleteBlockStatusForDeletedBlockLogImpl] DEBUG block.DeletedBlockLogImpl (DeletedBlockLogImpl.java:commitTransactions(260)) - Transaction txId=5 commit by dnId=4b35ffa0-8f73-49c2-95c0-d3e82f30c132 for containerID=#5 failed. Corresponding entry not found.
2023-04-19 02:33:01,967 [EventQueue-DeleteBlockStatusForDeletedBlockLogImpl] DEBUG block.DeletedBlockLogImpl (DeletedBlockLogImpl.java:isTransactionFailed(314)) - Got block deletion ACK from datanode, TXIDs=6, success=true
2023-04-19 02:33:01,967 [EventQueue-DeleteBlockStatusForDeletedBlockLogImpl] DEBUG block.DeletedBlockLogImpl (DeletedBlockLogImpl.java:commitTransactions(260)) - Transaction txId=6 commit by dnId=4b35ffa0-8f73-49c2-95c0-d3e82f30c132 for containerID=#6 failed. Corresponding entry not found.
2023-04-19 02:33:01,967 [EventQueue-DeleteBlockStatusForDeletedBlockLogImpl] DEBUG block.DeletedBlockLogImpl (DeletedBlockLogImpl.java:isTransactionFailed(314)) - Got block deletion ACK from datanode, TXIDs=1, success=true
2023-04-19 02:33:01,967 [EventQueue-DeleteBlockStatusForDeletedBlockLogImpl] DEBUG block.DeletedBlockLogImpl (DeletedBlockLogImpl.java:commitTransactions(260)) - Transaction txId=1 commit by dnId=4b35ffa0-8f73-49c2-95c0-d3e82f30c132 for containerID=#1 failed. Corresponding entry not found.
2023-04-19 02:33:01,967 [EventQueue-DeleteBlockStatusForDeletedBlockLogImpl] DEBUG block.DeletedBlockLogImpl (DeletedBlockLogImpl.java:isTransactionFailed(314)) - Got block deletion ACK from datanode, TXIDs=2, success=true
2023-04-19 02:33:01,968 [EventQueue-DeleteBlockStatusForDeletedBlockLogImpl] DEBUG block.DeletedBlockLogImpl (DeletedBlockLogImpl.java:commitTransactions(260)) - Transaction txId=2 commit by dnId=4b35ffa0-8f73-49c2-95c0-d3e82f30c132 for containerID=#2 failed. Corresponding entry not found.
2023-04-19 02:33:01,968 [EventQueue-DeleteBlockStatusForDeletedBlockLogImpl] DEBUG block.DeletedBlockLogImpl (DeletedBlockLogImpl.java:isTransactionFailed(314)) - Got block deletion ACK from datanode, TXIDs=3, success=true
2023-04-19 02:33:01,968 [EventQueue-DeleteBlockStatusForDeletedBlockLogImpl] DEBUG block.DeletedBlockLogImpl (DeletedBlockLogImpl.java:commitTransactions(260)) - Transaction txId=3 commit by dnId=4b35ffa0-8f73-49c2-95c0-d3e82f30c132 for containerID=#3 failed. Corresponding entry not found.
2023-04-19 02:33:01,968 [EventQueue-DeleteBlockStatusForDeletedBlockLogImpl] DEBUG block.DeletedBlockLogImpl (DeletedBlockLogImpl.java:isTransactionFailed(314)) - Got block deletion ACK from datanode, TXIDs=4, success=true
2023-04-19 02:33:01,968 [EventQueue-DeleteBlockStatusForDeletedBlockLogImpl] DEBUG block.DeletedBlockLogImpl (DeletedBlockLogImpl.java:commitTransactions(260)) - Transaction txId=4 commit by dnId=4b35ffa0-8f73-49c2-95c0-d3e82f30c132 for containerID=#4 failed. Corresponding entry not found.
2023-04-19 02:33:01,968 [EventQueue-DeleteBlockStatusForDeletedBlockLogImpl] DEBUG block.DeletedBlockLogImpl (DeletedBlockLogImpl.java:isTransactionFailed(314)) - Got block deletion ACK from datanode, TXIDs=5, success=true
2023-04-19 02:33:01,968 [EventQueue-DeleteBlockStatusForDeletedBlockLogImpl] DEBUG block.DeletedBlockLogImpl (DeletedBlockLogImpl.java:commitTransactions(260)) - Transaction txId=5 commit by dnId=4b35ffa0-8f73-49c2-95c0-d3e82f30c132 for containerID=#5 failed. Corresponding entry not found.
2023-04-19 02:33:01,968 [EventQueue-DeleteBlockStatusForDeletedBlockLogImpl] DEBUG block.DeletedBlockLogImpl (DeletedBlockLogImpl.java:isTransactionFailed(314)) - Got block deletion ACK from datanode, TXIDs=6, success=true
2023-04-19 02:33:01,968 [EventQueue-DeleteBlockStatusForDeletedBlockLogImpl] DEBUG block.DeletedBlockLogImpl (DeletedBlockLogImpl.java:commitTransactions(260)) - Transaction txId=6 commit by dnId=4b35ffa0-8f73-49c2-95c0-d3e82f30c132 for containerID=#6 failed. Corresponding entry not found.
2023-04-19 02:33:01,968 [EventQueue-DeleteBlockStatusForDeletedBlockLogImpl] DEBUG block.DeletedBlockLogImpl (DeletedBlockLogImpl.java:isTransactionFailed(314)) - Got block deletion ACK from datanode, TXIDs=1, success=true
2023-04-19 02:33:01,968 [EventQueue-DeleteBlockStatusForDeletedBlockLogImpl] DEBUG block.DeletedBlockLogImpl (DeletedBlockLogImpl.java:commitTransactions(260)) - Transaction txId=1 commit by dnId=4b35ffa0-8f73-49c2-95c0-d3e82f30c132 for containerID=#1 failed. Corresponding entry not found.
2023-04-19 02:33:01,968 [EventQueue-DeleteBlockStatusForDeletedBlockLogImpl] DEBUG block.DeletedBlockLogImpl (DeletedBlockLogImpl.java:isTransactionFailed(314)) - Got block deletion ACK from datanode, TXIDs=2, success=true
2023-04-19 02:33:01,968 [EventQueue-DeleteBlockStatusForDeletedBlockLogImpl] DEBUG block.DeletedBlockLogImpl (DeletedBlockLogImpl.java:commitTransactions(260)) - Transaction txId=2 commit by dnId=4b35ffa0-8f73-49c2-95c0-d3e82f30c132 for containerID=#2 failed. Corresponding entry not found.
2023-04-19 02:33:01,968 [EventQueue-DeleteBlockStatusForDeletedBlockLogImpl] DEBUG block.DeletedBlockLogImpl (DeletedBlockLogImpl.java:isTransactionFailed(314)) - Got block deletion ACK from datanode, TXIDs=3, success=true
2023-04-19 02:33:01,968 [EventQueue-DeleteBlockStatusForDeletedBlockLogImpl] DEBUG block.DeletedBlockLogImpl (DeletedBlockLogImpl.java:commitTransactions(260)) - Transaction txId=3 commit by dnId=4b35ffa0-8f73-49c2-95c0-d3e82f30c132 for containerID=#3 failed. Corresponding entry not found.
2023-04-19 02:33:01,968 [EventQueue-DeleteBlockStatusForDeletedBlockLogImpl] DEBUG block.DeletedBlockLogImpl (DeletedBlockLogImpl.java:isTransactionFailed(314)) - Got block deletion ACK from datanode, TXIDs=4, success=true
2023-04-19 02:33:01,968 [EventQueue-DeleteBlockStatusForDeletedBlockLogImpl] DEBUG block.DeletedBlockLogImpl (DeletedBlockLogImpl.java:commitTransactions(260)) - Transaction txId=4 commit by dnId=4b35ffa0-8f73-49c2-95c0-d3e82f30c132 for containerID=#4 failed. Corresponding entry not found.
2023-04-19 02:33:01,968 [EventQueue-DeleteBlockStatusForDeletedBlockLogImpl] DEBUG block.DeletedBlockLogImpl (DeletedBlockLogImpl.java:isTransactionFailed(314)) - Got block deletion ACK from datanode, TXIDs=5, success=true
2023-04-19 02:33:01,968 [EventQueue-DeleteBlockStatusForDeletedBlockLogImpl] DEBUG block.DeletedBlockLogImpl (DeletedBlockLogImpl.java:commitTransactions(260)) - Transaction txId=5 commit by dnId=4b35ffa0-8f73-49c2-95c0-d3e82f30c132 for containerID=#5 failed. Corresponding entry not found.
2023-04-19 02:33:01,968 [EventQueue-DeleteBlockStatusForDeletedBlockLogImpl] DEBUG block.DeletedBlockLogImpl (DeletedBlockLogImpl.java:isTransactionFailed(314)) - Got block deletion ACK from datanode, TXIDs=6, success=true
2023-04-19 02:33:01,968 [EventQueue-DeleteBlockStatusForDeletedBlockLogImpl] DEBUG block.DeletedBlockLogImpl (DeletedBlockLogImpl.java:commitTransactions(260)) - Transaction txId=6 commit by dnId=4b35ffa0-8f73-49c2-95c0-d3e82f30c132 for containerID=#6 failed. Corresponding entry not found.
2023-04-19 02:33:01,968 [EventQueue-DeleteBlockStatusForDeletedBlockLogImpl] DEBUG block.DeletedBlockLogImpl (DeletedBlockLogImpl.java:isTransactionFailed(314)) - Got block deletion ACK from datanode, TXIDs=1, success=true
2023-04-19 02:33:01,968 [EventQueue-DeleteBlockStatusForDeletedBlockLogImpl] DEBUG block.DeletedBlockLogImpl (DeletedBlockLogImpl.java:commitTransactions(260)) - Transaction txId=1 commit by dnId=4b35ffa0-8f73-49c2-95c0-d3e82f30c132 for containerID=#1 failed. Corresponding entry not found.
2023-04-19 02:33:01,968 [EventQueue-DeleteBlockStatusForDeletedBlockLogImpl] DEBUG block.DeletedBlockLogImpl (DeletedBlockLogImpl.java:isTransactionFailed(314)) - Got block deletion ACK from datanode, TXIDs=2, success=true
2023-04-19 02:33:01,968 [EventQueue-DeleteBlockStatusForDeletedBlockLogImpl] DEBUG block.DeletedBlockLogImpl (DeletedBlockLogImpl.java:commitTransactions(260)) - Transaction txId=2 commit by dnId=4b35ffa0-8f73-49c2-95c0-d3e82f30c132 for containerID=#2 failed. Corresponding entry not found.
2023-04-19 02:33:01,968 [EventQueue-DeleteBlockStatusForDeletedBlockLogImpl] DEBUG block.DeletedBlockLogImpl (DeletedBlockLogImpl.java:isTransactionFailed(314)) - Got block deletion ACK from datanode, TXIDs=3, success=true
2023-04-19 02:33:01,968 [EventQueue-DeleteBlockStatusForDeletedBlockLogImpl] DEBUG block.DeletedBlockLogImpl (DeletedBlockLogImpl.java:commitTransactions(260)) - Transaction txId=3 commit by dnId=4b35ffa0-8f73-49c2-95c0-d3e82f30c132 for containerID=#3 failed. Corresponding entry not found.
2023-04-19 02:33:01,968 [EventQueue-DeleteBlockStatusForDeletedBlockLogImpl] DEBUG block.DeletedBlockLogImpl (DeletedBlockLogImpl.java:isTransactionFailed(314)) - Got block deletion ACK from datanode, TXIDs=4, success=true
2023-04-19 02:33:01,968 [EventQueue-DeleteBlockStatusForDeletedBlockLogImpl] DEBUG block.DeletedBlockLogImpl (DeletedBlockLogImpl.java:commitTransactions(260)) - Transaction txId=4 commit by dnId=4b35ffa0-8f73-49c2-95c0-d3e82f30c132 for containerID=#4 failed. Corresponding entry not found.
2023-04-19 02:33:01,968 [EventQueue-DeleteBlockStatusForDeletedBlockLogImpl] DEBUG block.DeletedBlockLogImpl (DeletedBlockLogImpl.java:isTransactionFailed(314)) - Got block deletion ACK from datanode, TXIDs=5, success=true
2023-04-19 02:33:01,968 [EventQueue-DeleteBlockStatusForDeletedBlockLogImpl] DEBUG block.DeletedBlockLogImpl (DeletedBlockLogImpl.java:commitTransactions(260)) - Transaction txId=5 commit by dnId=4b35ffa0-8f73-49c2-95c0-d3e82f30c132 for containerID=#5 failed. Corresponding entry not found.
2023-04-19 02:33:01,968 [EventQueue-DeleteBlockStatusForDeletedBlockLogImpl] DEBUG block.DeletedBlockLogImpl (DeletedBlockLogImpl.java:isTransactionFailed(314)) - Got block deletion ACK from datanode, TXIDs=6, success=true
2023-04-19 02:33:01,968 [EventQueue-DeleteBlockStatusForDeletedBlockLogImpl] DEBUG block.DeletedBlockLogImpl (DeletedBlockLogImpl.java:commitTransactions(260)) - Transaction txId=6 commit by dnId=4b35ffa0-8f73-49c2-95c0-d3e82f30c132 for containerID=#6 failed. Corresponding entry not found.
2023-04-19 02:33:01,968 [EventQueue-DeleteBlockStatusForDeletedBlockLogImpl] DEBUG block.DeletedBlockLogImpl (DeletedBlockLogImpl.java:isTransactionFailed(314)) - Got block deletion ACK from datanode, TXIDs=1, success=true
2023-04-19 02:33:01,968 [EventQueue-DeleteBlockStatusForDeletedBlockLogImpl] DEBUG block.DeletedBlockLogImpl (DeletedBlockLogImpl.java:commitTransactions(260)) - Transaction txId=1 commit by dnId=4b35ffa0-8f73-49c2-95c0-d3e82f30c132 for containerID=#1 failed. Corresponding entry not found.
2023-04-19 02:33:01,968 [EventQueue-DeleteBlockStatusForDeletedBlockLogImpl] DEBUG block.DeletedBlockLogImpl (DeletedBlockLogImpl.java:isTransactionFailed(314)) - Got block deletion ACK from datanode, TXIDs=2, success=true
2023-04-19 02:33:01,968 [EventQueue-DeleteBlockStatusForDeletedBlockLogImpl] DEBUG block.DeletedBlockLogImpl (DeletedBlockLogImpl.java:commitTransactions(260)) - Transaction txId=2 commit by dnId=4b35ffa0-8f73-49c2-95c0-d3e82f30c132 for containerID=#2 failed. Corresponding entry not found.
2023-04-19 02:33:01,968 [EventQueue-DeleteBlockStatusForDeletedBlockLogImpl] DEBUG block.DeletedBlockLogImpl (DeletedBlockLogImpl.java:isTransactionFailed(314)) - Got block deletion ACK from datanode, TXIDs=3, success=true
2023-04-19 02:33:01,969 [EventQueue-DeleteBlockStatusForDeletedBlockLogImpl] DEBUG block.DeletedBlockLogImpl (DeletedBlockLogImpl.java:commitTransactions(260)) - Transaction txId=3 commit by dnId=4b35ffa0-8f73-49c2-95c0-d3e82f30c132 for containerID=#3 failed. Corresponding entry not found.
2023-04-19 02:33:01,969 [EventQueue-DeleteBlockStatusForDeletedBlockLogImpl] DEBUG block.DeletedBlockLogImpl (DeletedBlockLogImpl.java:isTransactionFailed(314)) - Got block deletion ACK from datanode, TXIDs=4, success=true
2023-04-19 02:33:01,969 [EventQueue-DeleteBlockStatusForDeletedBlockLogImpl] DEBUG block.DeletedBlockLogImpl (DeletedBlockLogImpl.java:commitTransactions(260)) - Transaction txId=4 commit by dnId=4b35ffa0-8f73-49c2-95c0-d3e82f30c132 for containerID=#4 failed. Corresponding entry not found.
2023-04-19 02:33:01,969 [EventQueue-DeleteBlockStatusForDeletedBlockLogImpl] DEBUG block.DeletedBlockLogImpl (DeletedBlockLogImpl.java:isTransactionFailed(314)) - Got block deletion ACK from datanode, TXIDs=5, success=true
2023-04-19 02:33:01,969 [EventQueue-DeleteBlockStatusForDeletedBlockLogImpl] DEBUG block.DeletedBlockLogImpl (DeletedBlockLogImpl.java:commitTransactions(260)) - Transaction txId=5 commit by dnId=4b35ffa0-8f73-49c2-95c0-d3e82f30c132 for containerID=#5 failed. Corresponding entry not found.
2023-04-19 02:33:01,969 [EventQueue-DeleteBlockStatusForDeletedBlockLogImpl] DEBUG block.DeletedBlockLogImpl (DeletedBlockLogImpl.java:isTransactionFailed(314)) - Got block deletion ACK from datanode, TXIDs=6, success=true
2023-04-19 02:33:01,969 [EventQueue-DeleteBlockStatusForDeletedBlockLogImpl] DEBUG block.DeletedBlockLogImpl (DeletedBlockLogImpl.java:commitTransactions(260)) - Transaction txId=6 commit by dnId=4b35ffa0-8f73-49c2-95c0-d3e82f30c132 for containerID=#6 failed. Corresponding entry not found.
2023-04-19 02:33:01,969 [EventQueue-DeleteBlockStatusForDeletedBlockLogImpl] DEBUG block.DeletedBlockLogImpl (DeletedBlockLogImpl.java:isTransactionFailed(314)) - Got block deletion ACK from datanode, TXIDs=1, success=true
2023-04-19 02:33:01,969 [EventQueue-DeleteBlockStatusForDeletedBlockLogImpl] DEBUG block.DeletedBlockLogImpl (DeletedBlockLogImpl.java:commitTransactions(260)) - Transaction txId=1 commit by dnId=4b35ffa0-8f73-49c2-95c0-d3e82f30c132 for containerID=#1 failed. Corresponding entry not found.
2023-04-19 02:33:01,969 [EventQueue-DeleteBlockStatusForDeletedBlockLogImpl] DEBUG block.DeletedBlockLogImpl (DeletedBlockLogImpl.java:isTransactionFailed(314)) - Got block deletion ACK from datanode, TXIDs=2, success=true
2023-04-19 02:33:01,969 [EventQueue-DeleteBlockStatusForDeletedBlockLogImpl] DEBUG block.DeletedBlockLogImpl (DeletedBlockLogImpl.java:commitTransactions(260)) - Transaction txId=2 commit by dnId=4b35ffa0-8f73-49c2-95c0-d3e82f30c132 for containerID=#2 failed. Corresponding entry not found.
2023-04-19 02:33:01,969 [EventQueue-DeleteBlockStatusForDeletedBlockLogImpl] DEBUG block.DeletedBlockLogImpl (DeletedBlockLogImpl.java:isTransactionFailed(314)) - Got block deletion ACK from datanode, TXIDs=3, success=true
2023-04-19 02:33:01,969 [EventQueue-DeleteBlockStatusForDeletedBlockLogImpl] DEBUG block.DeletedBlockLogImpl (DeletedBlockLogImpl.java:commitTransactions(260)) - Transaction txId=3 commit by dnId=4b35ffa0-8f73-49c2-95c0-d3e82f30c132 for containerID=#3 failed. Corresponding entry not found.
2023-04-19 02:33:01,969 [EventQueue-DeleteBlockStatusForDeletedBlockLogImpl] DEBUG block.DeletedBlockLogImpl (DeletedBlockLogImpl.java:isTransactionFailed(314)) - Got block deletion ACK from datanode, TXIDs=4, success=true
2023-04-19 02:33:01,969 [EventQueue-DeleteBlockStatusForDeletedBlockLogImpl] DEBUG block.DeletedBlockLogImpl (DeletedBlockLogImpl.java:commitTransactions(260)) - Transaction txId=4 commit by dnId=4b35ffa0-8f73-49c2-95c0-d3e82f30c132 for containerID=#4 failed. Corresponding entry not found.
2023-04-19 02:33:01,969 [EventQueue-DeleteBlockStatusForDeletedBlockLogImpl] DEBUG block.DeletedBlockLogImpl (DeletedBlockLogImpl.java:isTransactionFailed(314)) - Got block deletion ACK from datanode, TXIDs=5, success=true
2023-04-19 02:33:01,969 [EventQueue-DeleteBlockStatusForDeletedBlockLogImpl] DEBUG block.DeletedBlockLogImpl (DeletedBlockLogImpl.java:commitTransactions(260)) - Transaction txId=5 commit by dnId=4b35ffa0-8f73-49c2-95c0-d3e82f30c132 for containerID=#5 failed. Corresponding entry not found.
2023-04-19 02:33:01,969 [EventQueue-DeleteBlockStatusForDeletedBlockLogImpl] DEBUG block.DeletedBlockLogImpl (DeletedBlockLogImpl.java:isTransactionFailed(314)) - Got block deletion ACK from datanode, TXIDs=6, success=true
2023-04-19 02:33:01,969 [EventQueue-DeleteBlockStatusForDeletedBlockLogImpl] DEBUG block.DeletedBlockLogImpl (DeletedBlockLogImpl.java:commitTransactions(260)) - Transaction txId=6 commit by dnId=4b35ffa0-8f73-49c2-95c0-d3e82f30c132 for containerID=#6 failed. Corresponding entry not found.
2023-04-19 02:33:01,969 [EventQueue-DeleteBlockStatusForDeletedBlockLogImpl] DEBUG block.DeletedBlockLogImpl (DeletedBlockLogImpl.java:isTransactionFailed(314)) - Got block deletion ACK from datanode, TXIDs=1, success=true
2023-04-19 02:33:01,969 [EventQueue-DeleteBlockStatusForDeletedBlockLogImpl] DEBUG block.DeletedBlockLogImpl (DeletedBlockLogImpl.java:commitTransactions(260)) - Transaction txId=1 commit by dnId=4b35ffa0-8f73-49c2-95c0-d3e82f30c132 for containerID=#1 failed. Corresponding entry not found.
2023-04-19 02:33:01,969 [EventQueue-DeleteBlockStatusForDeletedBlockLogImpl] DEBUG block.DeletedBlockLogImpl (DeletedBlockLogImpl.java:isTransactionFailed(314)) - Got block deletion ACK from datanode, TXIDs=2, success=true
2023-04-19 02:33:01,969 [EventQueue-DeleteBlockStatusForDeletedBlockLogImpl] DEBUG block.DeletedBlockLogImpl (DeletedBlockLogImpl.java:commitTransactions(260)) - Transaction txId=2 commit by dnId=4b35ffa0-8f73-49c2-95c0-d3e82f30c132 for containerID=#2 failed. Corresponding entry not found.
2023-04-19 02:33:01,969 [EventQueue-DeleteBlockStatusForDeletedBlockLogImpl] DEBUG block.DeletedBlockLogImpl (DeletedBlockLogImpl.java:isTransactionFailed(314)) - Got block deletion ACK from datanode, TXIDs=3, success=true
2023-04-19 02:33:01,969 [EventQueue-DeleteBlockStatusForDeletedBlockLogImpl] DEBUG block.DeletedBlockLogImpl (DeletedBlockLogImpl.java:commitTransactions(260)) - Transaction txId=3 commit by dnId=4b35ffa0-8f73-49c2-95c0-d3e82f30c132 for containerID=#3 failed. Corresponding entry not found.
2023-04-19 02:33:01,969 [EventQueue-DeleteBlockStatusForDeletedBlockLogImpl] DEBUG block.DeletedBlockLogImpl (DeletedBlockLogImpl.java:isTransactionFailed(314)) - Got block deletion ACK from datanode, TXIDs=4, success=true
2023-04-19 02:33:01,969 [EventQueue-DeleteBlockStatusForDeletedBlockLogImpl] DEBUG block.DeletedBlockLogImpl (DeletedBlockLogImpl.java:commitTransactions(260)) - Transaction txId=4 commit by dnId=4b35ffa0-8f73-49c2-95c0-d3e82f30c132 for containerID=#4 failed. Corresponding entry not found.
2023-04-19 02:33:01,969 [EventQueue-DeleteBlockStatusForDeletedBlockLogImpl] DEBUG block.DeletedBlockLogImpl (DeletedBlockLogImpl.java:isTransactionFailed(314)) - Got block deletion ACK from datanode, TXIDs=5, success=true
2023-04-19 02:33:01,969 [EventQueue-DeleteBlockStatusForDeletedBlockLogImpl] DEBUG block.DeletedBlockLogImpl (DeletedBlockLogImpl.java:commitTransactions(260)) - Transaction txId=5 commit by dnId=4b35ffa0-8f73-49c2-95c0-d3e82f30c132 for containerID=#5 failed. Corresponding entry not found.
2023-04-19 02:33:01,969 [EventQueue-DeleteBlockStatusForDeletedBlockLogImpl] DEBUG block.DeletedBlockLogImpl (DeletedBlockLogImpl.java:isTransactionFailed(314)) - Got block deletion ACK from datanode, TXIDs=6, success=true
2023-04-19 02:33:01,969 [EventQueue-DeleteBlockStatusForDeletedBlockLogImpl] DEBUG block.DeletedBlockLogImpl (DeletedBlockLogImpl.java:commitTransactions(260)) - Transaction txId=6 commit by dnId=4b35ffa0-8f73-49c2-95c0-d3e82f30c132 for containerID=#6 failed. Corresponding entry not found.
2023-04-19 02:33:01,969 [EventQueue-DeleteBlockStatusForDeletedBlockLogImpl] DEBUG block.DeletedBlockLogImpl (DeletedBlockLogImpl.java:isTransactionFailed(314)) - Got block deletion ACK from datanode, TXIDs=1, success=true
2023-04-19 02:33:01,969 [EventQueue-DeleteBlockStatusForDeletedBlockLogImpl] DEBUG block.DeletedBlockLogImpl (DeletedBlockLogImpl.java:commitTransactions(260)) - Transaction txId=1 commit by dnId=4b35ffa0-8f73-49c2-95c0-d3e82f30c132 for containerID=#1 failed. Corresponding entry not found.
2023-04-19 02:33:01,969 [EventQueue-DeleteBlockStatusForDeletedBlockLogImpl] DEBUG block.DeletedBlockLogImpl (DeletedBlockLogImpl.java:isTransactionFailed(314)) - Got block deletion ACK from datanode, TXIDs=2, success=true
2023-04-19 02:33:01,969 [EventQueue-DeleteBlockStatusForDeletedBlockLogImpl] DEBUG block.DeletedBlockLogImpl (DeletedBlockLogImpl.java:commitTransactions(260)) - Transaction txId=2 commit by dnId=4b35ffa0-8f73-49c2-95c0-d3e82f30c132 for containerID=#2 failed. Corresponding entry not found.
2023-04-19 02:33:01,969 [EventQueue-DeleteBlockStatusForDeletedBlockLogImpl] DEBUG block.DeletedBlockLogImpl (DeletedBlockLogImpl.java:isTransactionFailed(314)) - Got block deletion ACK from datanode, TXIDs=3, success=true
2023-04-19 02:33:01,969 [EventQueue-DeleteBlockStatusForDeletedBlockLogImpl] DEBUG block.DeletedBlockLogImpl (DeletedBlockLogImpl.java:commitTransactions(260)) - Transaction txId=3 commit by dnId=4b35ffa0-8f73-49c2-95c0-d3e82f30c132 for containerID=#3 failed. Corresponding entry not found.
2023-04-19 02:33:01,969 [EventQueue-DeleteBlockStatusForDeletedBlockLogImpl] DEBUG block.DeletedBlockLogImpl (DeletedBlockLogImpl.java:isTransactionFailed(314)) - Got block deletion ACK from datanode, TXIDs=4, success=true
2023-04-19 02:33:01,970 [EventQueue-DeleteBlockStatusForDeletedBlockLogImpl] DEBUG block.DeletedBlockLogImpl (DeletedBlockLogImpl.java:commitTransactions(260)) - Transaction txId=4 commit by dnId=4b35ffa0-8f73-49c2-95c0-d3e82f30c132 for containerID=#4 failed. Corresponding entry not found.
2023-04-19 02:33:01,970 [EventQueue-DeleteBlockStatusForDeletedBlockLogImpl] DEBUG block.DeletedBlockLogImpl (DeletedBlockLogImpl.java:isTransactionFailed(314)) - Got block deletion ACK from datanode, TXIDs=5, success=true
2023-04-19 02:33:01,970 [EventQueue-DeleteBlockStatusForDeletedBlockLogImpl] DEBUG block.DeletedBlockLogImpl (DeletedBlockLogImpl.java:commitTransactions(260)) - Transaction txId=5 commit by dnId=4b35ffa0-8f73-49c2-95c0-d3e82f30c132 for containerID=#5 failed. Corresponding entry not found.
2023-04-19 02:33:01,970 [EventQueue-DeleteBlockStatusForDeletedBlockLogImpl] DEBUG block.DeletedBlockLogImpl (DeletedBlockLogImpl.java:isTransactionFailed(314)) - Got block deletion ACK from datanode, TXIDs=6, success=true
2023-04-19 02:33:01,970 [EventQueue-DeleteBlockStatusForDeletedBlockLogImpl] DEBUG block.DeletedBlockLogImpl (DeletedBlockLogImpl.java:commitTransactions(260)) - Transaction txId=6 commit by dnId=4b35ffa0-8f73-49c2-95c0-d3e82f30c132 for containerID=#6 failed. Corresponding entry not found.
2023-04-19 02:33:01,970 [EventQueue-DeleteBlockStatusForDeletedBlockLogImpl] DEBUG block.DeletedBlockLogImpl (DeletedBlockLogImpl.java:isTransactionFailed(314)) - Got block deletion ACK from datanode, TXIDs=1, success=true
2023-04-19 02:33:01,970 [EventQueue-DeleteBlockStatusForDeletedBlockLogImpl] DEBUG block.DeletedBlockLogImpl (DeletedBlockLogImpl.java:commitTransactions(260)) - Transaction txId=1 commit by dnId=4b35ffa0-8f73-49c2-95c0-d3e82f30c132 for containerID=#1 failed. Corresponding entry not found.
2023-04-19 02:33:01,970 [EventQueue-DeleteBlockStatusForDeletedBlockLogImpl] DEBUG block.DeletedBlockLogImpl (DeletedBlockLogImpl.java:isTransactionFailed(314)) - Got block deletion ACK from datanode, TXIDs=2, success=true
2023-04-19 02:33:01,970 [EventQueue-DeleteBlockStatusForDeletedBlockLogImpl] DEBUG block.DeletedBlockLogImpl (DeletedBlockLogImpl.java:commitTransactions(260)) - Transaction txId=2 commit by dnId=4b35ffa0-8f73-49c2-95c0-d3e82f30c132 for containerID=#2 failed. Corresponding entry not found.
2023-04-19 02:33:01,970 [EventQueue-DeleteBlockStatusForDeletedBlockLogImpl] DEBUG block.DeletedBlockLogImpl (DeletedBlockLogImpl.java:isTransactionFailed(314)) - Got block deletion ACK from datanode, TXIDs=3, success=true
2023-04-19 02:33:01,970 [EventQueue-DeleteBlockStatusForDeletedBlockLogImpl] DEBUG block.DeletedBlockLogImpl (DeletedBlockLogImpl.java:commitTransactions(260)) - Transaction txId=3 commit by dnId=4b35ffa0-8f73-49c2-95c0-d3e82f30c132 for containerID=#3 failed. Corresponding entry not found.
2023-04-19 02:33:01,970 [EventQueue-DeleteBlockStatusForDeletedBlockLogImpl] DEBUG block.DeletedBlockLogImpl (DeletedBlockLogImpl.java:isTransactionFailed(314)) - Got block deletion ACK from datanode, TXIDs=4, success=true
2023-04-19 02:33:01,970 [EventQueue-DeleteBlockStatusForDeletedBlockLogImpl] DEBUG block.DeletedBlockLogImpl (DeletedBlockLogImpl.java:commitTransactions(260)) - Transaction txId=4 commit by dnId=4b35ffa0-8f73-49c2-95c0-d3e82f30c132 for containerID=#4 failed. Corresponding entry not found.
2023-04-19 02:33:01,970 [EventQueue-DeleteBlockStatusForDeletedBlockLogImpl] DEBUG block.DeletedBlockLogImpl (DeletedBlockLogImpl.java:isTransactionFailed(314)) - Got block deletion ACK from datanode, TXIDs=5, success=true
2023-04-19 02:33:01,970 [EventQueue-DeleteBlockStatusForDeletedBlockLogImpl] DEBUG block.DeletedBlockLogImpl (DeletedBlockLogImpl.java:commitTransactions(260)) - Transaction txId=5 commit by dnId=4b35ffa0-8f73-49c2-95c0-d3e82f30c132 for containerID=#5 failed. Corresponding entry not found.
2023-04-19 02:33:01,970 [EventQueue-DeleteBlockStatusForDeletedBlockLogImpl] DEBUG block.DeletedBlockLogImpl (DeletedBlockLogImpl.java:isTransactionFailed(314)) - Got block deletion ACK from datanode, TXIDs=6, success=true
2023-04-19 02:33:01,970 [EventQueue-DeleteBlockStatusForDeletedBlockLogImpl] DEBUG block.DeletedBlockLogImpl (DeletedBlockLogImpl.java:commitTransactions(260)) - Transaction txId=6 commit by dnId=4b35ffa0-8f73-49c2-95c0-d3e82f30c132 for containerID=#6 failed. Corresponding entry not found.
2023-04-19 02:33:01,970 [EventQueue-DeleteBlockStatusForDeletedBlockLogImpl] DEBUG block.DeletedBlockLogImpl (DeletedBlockLogImpl.java:isTransactionFailed(314)) - Got block deletion ACK from datanode, TXIDs=1, success=true
2023-04-19 02:33:01,970 [EventQueue-DeleteBlockStatusForDeletedBlockLogImpl] DEBUG block.DeletedBlockLogImpl (DeletedBlockLogImpl.java:commitTransactions(260)) - Transaction txId=1 commit by dnId=4b35ffa0-8f73-49c2-95c0-d3e82f30c132 for containerID=#1 failed. Corresponding entry not found.
2023-04-19 02:33:01,970 [EventQueue-DeleteBlockStatusForDeletedBlockLogImpl] DEBUG block.DeletedBlockLogImpl (DeletedBlockLogImpl.java:isTransactionFailed(314)) - Got block deletion ACK from datanode, TXIDs=2, success=true
2023-04-19 02:33:01,970 [EventQueue-DeleteBlockStatusForDeletedBlockLogImpl] DEBUG block.DeletedBlockLogImpl (DeletedBlockLogImpl.java:commitTransactions(260)) - Transaction txId=2 commit by dnId=4b35ffa0-8f73-49c2-95c0-d3e82f30c132 for containerID=#2 failed. Corresponding entry not found.
2023-04-19 02:33:01,970 [EventQueue-DeleteBlockStatusForDeletedBlockLogImpl] DEBUG block.DeletedBlockLogImpl (DeletedBlockLogImpl.java:isTransactionFailed(314)) - Got block deletion ACK from datanode, TXIDs=3, success=true
2023-04-19 02:33:01,970 [EventQueue-DeleteBlockStatusForDeletedBlockLogImpl] DEBUG block.DeletedBlockLogImpl (DeletedBlockLogImpl.java:commitTransactions(260)) - Transaction txId=3 commit by dnId=4b35ffa0-8f73-49c2-95c0-d3e82f30c132 for containerID=#3 failed. Corresponding entry not found.
2023-04-19 02:33:01,970 [EventQueue-DeleteBlockStatusForDeletedBlockLogImpl] DEBUG block.DeletedBlockLogImpl (DeletedBlockLogImpl.java:isTransactionFailed(314)) - Got block deletion ACK from datanode, TXIDs=4, success=true
2023-04-19 02:33:01,970 [EventQueue-DeleteBlockStatusForDeletedBlockLogImpl] DEBUG block.DeletedBlockLogImpl (DeletedBlockLogImpl.java:commitTransactions(260)) - Transaction txId=4 commit by dnId=4b35ffa0-8f73-49c2-95c0-d3e82f30c132 for containerID=#4 failed. Corresponding entry not found.
2023-04-19 02:33:01,970 [EventQueue-DeleteBlockStatusForDeletedBlockLogImpl] DEBUG block.DeletedBlockLogImpl (DeletedBlockLogImpl.java:isTransactionFailed(314)) - Got block deletion ACK from datanode, TXIDs=5, success=true
2023-04-19 02:33:01,970 [EventQueue-DeleteBlockStatusForDeletedBlockLogImpl] DEBUG block.DeletedBlockLogImpl (DeletedBlockLogImpl.java:commitTransactions(260)) - Transaction txId=5 commit by dnId=4b35ffa0-8f73-49c2-95c0-d3e82f30c132 for containerID=#5 failed. Corresponding entry not found.
2023-04-19 02:33:01,970 [EventQueue-DeleteBlockStatusForDeletedBlockLogImpl] DEBUG block.DeletedBlockLogImpl (DeletedBlockLogImpl.java:isTransactionFailed(314)) - Got block deletion ACK from datanode, TXIDs=6, success=true
2023-04-19 02:33:01,970 [EventQueue-DeleteBlockStatusForDeletedBlockLogImpl] DEBUG block.DeletedBlockLogImpl (DeletedBlockLogImpl.java:commitTransactions(260)) - Transaction txId=6 commit by dnId=4b35ffa0-8f73-49c2-95c0-d3e82f30c132 for containerID=#6 failed. Corresponding entry not found.
2023-04-19 02:33:01,975 [SCMBlockDeletingService#0] DEBUG block.SCMBlockDeletingService (SCMBlockDeletingService.java:shouldRun(251)) - Check scm block delete run: true serviceStatus: RUNNING safemodeExitRunDelayMillis: 3000 alreadyWaitTimeInMillis: 11969
2023-04-19 02:33:01,976 [SCMBlockDeletingService#0] DEBUG block.SCMBlockDeletingService (SCMBlockDeletingService.java:call(154)) - Running DeletedBlockTransactionScanner
2023-04-19 02:33:01,984 [BlockDeletingService#2] INFO  interfaces.ContainerDeletionChoosingPolicyTemplate (ContainerDeletionChoosingPolicyTemplate.java:chooseContainerForBlockDeletion(83)) - Chosen 0/5000 blocks from 0 candidate containers.
2023-04-19 02:33:01,984 [BlockDeletingService#2] INFO  interfaces.ContainerDeletionChoosingPolicyTemplate (ContainerDeletionChoosingPolicyTemplate.java:chooseContainerForBlockDeletion(83)) - Chosen 0/5000 blocks from 0 candidate containers.
2023-04-19 02:33:01,992 [BlockDeletingService#7] INFO  interfaces.ContainerDeletionChoosingPolicyTemplate (ContainerDeletionChoosingPolicyTemplate.java:chooseContainerForBlockDeletion(83)) - Chosen 0/5000 blocks from 0 candidate containers.
2023-04-19 02:33:02,076 [SCMBlockDeletingService#0] DEBUG block.SCMBlockDeletingService (SCMBlockDeletingService.java:shouldRun(251)) - Check scm block delete run: true serviceStatus: RUNNING safemodeExitRunDelayMillis: 3000 alreadyWaitTimeInMillis: 12070
2023-04-19 02:33:02,076 [SCMBlockDeletingService#0] DEBUG block.SCMBlockDeletingService (SCMBlockDeletingService.java:call(154)) - Running DeletedBlockTransactionScanner
2023-04-19 02:33:02,084 [BlockDeletingService#2] INFO  interfaces.ContainerDeletionChoosingPolicyTemplate (ContainerDeletionChoosingPolicyTemplate.java:chooseContainerForBlockDeletion(83)) - Chosen 0/5000 blocks from 0 candidate containers.
2023-04-19 02:33:02,084 [BlockDeletingService#2] INFO  interfaces.ContainerDeletionChoosingPolicyTemplate (ContainerDeletionChoosingPolicyTemplate.java:chooseContainerForBlockDeletion(83)) - Chosen 0/5000 blocks from 0 candidate containers.
2023-04-19 02:33:02,092 [BlockDeletingService#7] INFO  interfaces.ContainerDeletionChoosingPolicyTemplate (ContainerDeletionChoosingPolicyTemplate.java:chooseContainerForBlockDeletion(83)) - Chosen 0/5000 blocks from 0 candidate containers.
2023-04-19 02:33:02,176 [SCMBlockDeletingService#0] DEBUG block.SCMBlockDeletingService (SCMBlockDeletingService.java:shouldRun(251)) - Check scm block delete run: true serviceStatus: RUNNING safemodeExitRunDelayMillis: 3000 alreadyWaitTimeInMillis: 12170
2023-04-19 02:33:02,176 [SCMBlockDeletingService#0] DEBUG block.SCMBlockDeletingService (SCMBlockDeletingService.java:call(154)) - Running DeletedBlockTransactionScanner
2023-04-19 02:33:02,185 [BlockDeletingService#2] INFO  interfaces.ContainerDeletionChoosingPolicyTemplate (ContainerDeletionChoosingPolicyTemplate.java:chooseContainerForBlockDeletion(83)) - Chosen 0/5000 blocks from 0 candidate containers.
2023-04-19 02:33:02,185 [BlockDeletingService#2] INFO  interfaces.ContainerDeletionChoosingPolicyTemplate (ContainerDeletionChoosingPolicyTemplate.java:chooseContainerForBlockDeletion(83)) - Chosen 0/5000 blocks from 0 candidate containers.
2023-04-19 02:33:02,192 [BlockDeletingService#7] INFO  interfaces.ContainerDeletionChoosingPolicyTemplate (ContainerDeletionChoosingPolicyTemplate.java:chooseContainerForBlockDeletion(83)) - Chosen 0/5000 blocks from 0 candidate containers.
2023-04-19 02:33:02,261 [org.apache.hadoop.ozone.container.common.statemachine.commandhandler.DeleteBlocksCommandHandler$DeleteCmdWorker@51574c53] INFO  commandhandler.DeleteBlocksCommandHandler (DeleteBlocksCommandHandler.java:processCmd(275)) - Start to delete container blocks, TXIDs=[1(1),2(1),3(1),4(1),5(1),6(1)], numOfContainers=6, numOfBlocks=6
2023-04-19 02:33:02,262 [DeleteBlocksCommandHandlerThread-2] INFO  commandhandler.DeleteBlocksCommandHandler (DeleteBlocksCommandHandler.java:logDeleteTransaction(493)) - Delete blocks for containerId: 2 is either received out of order or retried, 2 <= 2
2023-04-19 02:33:02,262 [DeleteBlocksCommandHandlerThread-0] INFO  commandhandler.DeleteBlocksCommandHandler (DeleteBlocksCommandHandler.java:logDeleteTransaction(493)) - Delete blocks for containerId: 1 is either received out of order or retried, 1 <= 1
2023-04-19 02:33:02,262 [DeleteBlocksCommandHandlerThread-2] INFO  commandhandler.DeleteBlocksCommandHandler (DeleteBlocksCommandHandler.java:logDeleteTransaction(493)) - Delete blocks for containerId: 3 is either received out of order or retried, 3 <= 3
2023-04-19 02:33:02,262 [DeleteBlocksCommandHandlerThread-0] INFO  commandhandler.DeleteBlocksCommandHandler (DeleteBlocksCommandHandler.java:logDeleteTransaction(493)) - Delete blocks for containerId: 4 is either received out of order or retried, 4 <= 4
2023-04-19 02:33:02,262 [DeleteBlocksCommandHandlerThread-2] INFO  commandhandler.DeleteBlocksCommandHandler (DeleteBlocksCommandHandler.java:logDeleteTransaction(493)) - Delete blocks for containerId: 5 is either received out of order or retried, 5 <= 5
2023-04-19 02:33:02,262 [DeleteBlocksCommandHandlerThread-0] INFO  commandhandler.DeleteBlocksCommandHandler (DeleteBlocksCommandHandler.java:logDeleteTransaction(493)) - Delete blocks for containerId: 6 is either received out of order or retried, 6 <= 6
2023-04-19 02:33:02,262 [org.apache.hadoop.ozone.container.common.statemachine.commandhandler.DeleteBlocksCommandHandler$DeleteCmdWorker@51574c53] INFO  commandhandler.DeleteBlocksCommandHandler (DeleteBlocksCommandHandler.java:processCmd(275)) - Start to delete container blocks, TXIDs=[1(2),2(2),3(2),4(2),5(2),6(2)], numOfContainers=6, numOfBlocks=6
commandhandler.DeleteBlocksCommandHandler (DeleteBlocksCommandHandler.java:logDeleteTransaction(493)) - Delete blocks for containerId: 1 is either received out of order or retried, 1 <= 1
2023-04-19 02:33:02,263 [DeleteBlocksCommandHandlerThread-3] INFO  commandhandler.DeleteBlocksCommandHandler (DeleteBlocksCommandHandler.java:logDeleteTransaction(493)) - Delete blocks for containerId: 2 is either received out of order or retried, 2 <= 2
2023-04-19 02:33:02,263 [DeleteBlocksCommandHandlerThread-2] INFO  commandhandler.DeleteBlocksCommandHandler (DeleteBlocksCommandHandler.java:logDeleteTransaction(493)) - Delete blocks for containerId: 3 is either received out of order or retried, 3 <= 3
2023-04-19 02:33:02,263 [DeleteBlocksCommandHandlerThread-3] INFO  commandhandler.DeleteBlocksCommandHandler (DeleteBlocksCommandHandler.java:logDeleteTransaction(493)) - Delete blocks for containerId: 4 is either received out of order or retried, 4 <= 4
2023-04-19 02:33:02,263 [DeleteBlocksCommandHandlerThread-2] INFO  commandhandler.DeleteBlocksCommandHandler (DeleteBlocksCommandHandler.java:logDeleteTransaction(493)) - Delete blocks for containerId: 5 is either received out of order or retried, 5 <= 5
2023-04-19 02:33:02,263 [DeleteBlocksCommandHandlerThread-3] INFO  commandhandler.DeleteBlocksCommandHandler (DeleteBlocksCommandHandler.java:logDeleteTransaction(493)) - Delete blocks for containerId: 6 is either received out of order or retried, 6 <= 6
2023-04-19 02:33:02,263 [org.apache.hadoop.ozone.container.common.statemachine.commandhandler.DeleteBlocksCommandHandler$DeleteCmdWorker@51574c53] INFO  commandhandler.DeleteBlocksCommandHandler (DeleteBlocksCommandHandler.java:processCmd(275)) - Start to delete container blocks, TXIDs=[1(3),2(3),3(3),4(3),5(3),6(3)], numOfContainers=6, numOfBlocks=6
2023-04-19 02:33:02,263 [DeleteBlocksCommandHandlerThread-2] INFO  commandhandler.DeleteBlocksCommandHandler (DeleteBlocksCommandHandler.java:logDeleteTransaction(493)) - Delete blocks for containerId: 1 is either received out of order or retried, 1 <= 1
2023-04-19 02:33:02,263 [DeleteBlocksCommandHandlerThread-0] INFO  commandhandler.DeleteBlocksCommandHandler (DeleteBlocksCommandHandler.java:logDeleteTransaction(493)) - Delete blocks for containerId: 3 is either received out of order or retried, 3 <= 3
2023-04-19 02:33:02,263 [DeleteBlocksCommandHandlerThread-2] INFO  commandhandler.DeleteBlocksCommandHandler (DeleteBlocksCommandHandler.java:logDeleteTransaction(493)) - Delete blocks for containerId: 4 is either received out of order or retried, 4 <= 4
2023-04-19 02:33:02,263 [DeleteBlocksCommandHandlerThread-0] INFO  commandhandler.DeleteBlocksCommandHandler (DeleteBlocksCommandHandler.java:logDeleteTransaction(493)) - Delete blocks for containerId: 5 is either received out of order or retried, 5 <= 5
2023-04-19 02:33:02,263 [DeleteBlocksCommandHandlerThread-2] INFO  commandhandler.DeleteBlocksCommandHandler (DeleteBlocksCommandHandler.java:logDeleteTransaction(493)) - Delete blocks for containerId: 6 is either received out of order or retried, 6 <= 6
2023-04-19 02:33:02,263 [DeleteBlocksCommandHandlerThread-3] INFO  commandhandler.DeleteBlocksCommandHandler (DeleteBlocksCommandHandler.java:logDeleteTransaction(493)) - Delete blocks for containerId: 2 is either received out of order or retried, 2 <= 2
2023-04-19 02:33:02,264 [org.apache.hadoop.ozone.container.common.statemachine.commandhandler.DeleteBlocksCommandHandler$DeleteCmdWorker@51574c53] INFO  commandhandler.DeleteBlocksCommandHandler (DeleteBlocksCommandHandler.java:processCmd(275)) - Start to delete container blocks, TXIDs=[1(4),2(4),3(4),4(4),5(4),6(4)], numOfContainers=6, numOfBlocks=6
2023-04-19 02:33:02,264 [DeleteBlocksCommandHandlerThread-0] INFO  commandhandler.DeleteBlocksCommandHandler (DeleteBlocksCommandHandler.java:logDeleteTransaction(493)) - Delete blocks for containerId: 1 is either received out of order or retried, 1 <= 1
2023-04-19 02:33:02,264 [DeleteBlocksCommandHandlerThread-2] INFO  commandhandler.DeleteBlocksCommandHandler (DeleteBlocksCommandHandler.java:logDeleteTransaction(493)) - Delete blocks for containerId: 3 is either received out of order or retried, 3 <= 3
2023-04-19 02:33:02,264 [DeleteBlocksCommandHandlerThread-3] INFO  commandhandler.DeleteBlocksCommandHandler (DeleteBlocksCommandHandler.java:logDeleteTransaction(493)) - Delete blocks for containerId: 6 is either received out of order or retried, 6 <= 6
2023-04-19 02:33:02,264 [DeleteBlocksCommandHandlerThread-0] INFO  commandhandler.DeleteBlocksCommandHandler (DeleteBlocksCommandHandler.java:logDeleteTransaction(493)) - Delete blocks for containerId: 5 is either received out of order or retried, 5 <= 5
2023-04-19 02:33:02,264 [DeleteBlocksCommandHandlerThread-4] INFO  commandhandler.DeleteBlocksCommandHandler (DeleteBlocksCommandHandler.java:logDeleteTransaction(493)) - Delete blocks for containerId: 4 is either received out of order or retried, 4 <= 4
2023-04-19 02:33:02,264 [DeleteBlocksCommandHandlerThread-1] INFO  commandhandler.DeleteBlocksCommandHandler (DeleteBlocksCommandHandler.java:logDeleteTransaction(493)) - Delete blocks for containerId: 2 is either received out of order or retried, 2 <= 2
2023-04-19 02:33:02,264 [org.apache.hadoop.ozone.container.common.statemachine.commandhandler.DeleteBlocksCommandHandler$DeleteCmdWorker@51574c53] INFO  commandhandler.DeleteBlocksCommandHandler (DeleteBlocksCommandHandler.java:processCmd(275)) - Start to delete container blocks, TXIDs=[1(5),2(5),3(5),4(5),5(5),6(5)], numOfContainers=6, numOfBlocks=6
2023-04-19 02:33:02,265 [DeleteBlocksCommandHandlerThread-2] INFO  commandhandler.DeleteBlocksCommandHandler (DeleteBlocksCommandHandler.java:logDeleteTransaction(493)) - Delete blocks for containerId: 1 is either received out of order or retried, 1 <= 1
2023-04-19 02:33:02,265 [DeleteBlocksCommandHandlerThread-0] INFO  commandhandler.DeleteBlocksCommandHandler (DeleteBlocksCommandHandler.java:logDeleteTransaction(493)) - Delete blocks for containerId: 3 is either received out of order or retried, 3 <= 3
2023-04-19 02:33:02,265 [DeleteBlocksCommandHandlerThread-2] INFO  commandhandler.DeleteBlocksCommandHandler (DeleteBlocksCommandHandler.java:logDeleteTransaction(493)) - Delete blocks for containerId: 4 is either received out of order or retried, 4 <= 4
2023-04-19 02:33:02,265 [DeleteBlocksCommandHandlerThread-0] INFO  commandhandler.DeleteBlocksCommandHandler (DeleteBlocksCommandHandler.java:logDeleteTransaction(493)) - Delete blocks for containerId: 5 is either received out of order or retried, 5 <= 5
2023-04-19 02:33:02,265 [DeleteBlocksCommandHandlerThread-2] INFO  commandhandler.DeleteBlocksCommandHandler (DeleteBlocksCommandHandler.java:logDeleteTransaction(493)) - Delete blocks for containerId: 6 is either received out of order or retried, 6 <= 6
2023-04-19 02:33:02,265 [DeleteBlocksCommandHandlerThread-3] INFO  commandhandler.DeleteBlocksCommandHandler (DeleteBlocksCommandHandler.java:logDeleteTransaction(493)) - Delete blocks for containerId: 2 is either received out of order or retried, 2 <= 2
2023-04-19 02:33:02,265 [org.apache.hadoop.ozone.container.common.statemachine.commandhandler.DeleteBlocksCommandHandler$DeleteCmdWorker@51574c53] INFO  commandhandler.DeleteBlocksCommandHandler (DeleteBlocksCommandHandler.java:processCmd(275)) - Start to delete container blocks, TXIDs=[1(6),2(6),3(6),4(6),5(6),6(6)], numOfContainers=6, numOfBlocks=6
2023-04-19 02:33:02,265 [DeleteBlocksCommandHandlerThread-0] INFO  commandhandler.DeleteBlocksCommandHandler (DeleteBlocksCommandHandler.java:logDeleteTransaction(493)) - Delete blocks for containerId: 1 is either received out of order or retried, 1 <= 1
2023-04-19 02:33:02,265 [DeleteBlocksCommandHandlerThread-4] INFO  commandhandler.DeleteBlocksCommandHandler (DeleteBlocksCommandHandler.java:logDeleteTransaction(493)) - Delete blocks for containerId: 2 is either received out of order or retried, 2 <= 2
2023-04-19 02:33:02,265 [DeleteBlocksCommandHandlerThread-0] INFO  commandhandler.DeleteBlocksCommandHandler (DeleteBlocksCommandHandler.java:logDeleteTransaction(493)) - Delete blocks for containerId: 3 is either received out of order or retried, 3 <= 3
2023-04-19 02:33:02,265 [DeleteBlocksCommandHandlerThread-4] INFO  commandhandler.DeleteBlocksCommandHandler (DeleteBlocksCommandHandler.java:logDeleteTransaction(493)) - Delete blocks for containerId: 4 is either received out of order or retried, 4 <= 4
2023-04-19 02:33:02,265 [DeleteBlocksCommandHandlerThread-0] INFO  commandhandler.DeleteBlocksCommandHandler (DeleteBlocksCommandHandler.java:logDeleteTransaction(493)) - Delete blocks for containerId: 5 is either received out of order or retried, 5 <= 5
2023-04-19 02:33:02,265 [DeleteBlocksCommandHandlerThread-4] INFO  commandhandler.DeleteBlocksCommandHandler (DeleteBlocksCommandHandler.java:logDeleteTransaction(493)) - Delete blocks for containerId: 6 is either received out of order or retried, 6 <= 6
2023-04-19 02:33:02,276 [SCMBlockDeletingService#0] DEBUG block.SCMBlockDeletingService (SCMBlockDeletingService.java:shouldRun(251)) - Check scm block delete run: true serviceStatus: RUNNING safemodeExitRunDelayMillis: 3000 alreadyWaitTimeInMillis: 12270
2023-04-19 02:33:02,276 [SCMBlockDeletingService#0] DEBUG block.SCMBlockDeletingService (SCMBlockDeletingService.java:call(154)) - Running DeletedBlockTransactionScanner
2023-04-19 02:33:02,285 [BlockDeletingService#2] INFO  interfaces.ContainerDeletionChoosingPolicyTemplate (ContainerDeletionChoosingPolicyTemplate.java:chooseContainerForBlockDeletion(83)) - Chosen 0/5000 blocks from 0 candidate containers.
2023-04-19 02:33:02,285 [BlockDeletingService#2] INFO  interfaces.ContainerDeletionChoosingPolicyTemplate (ContainerDeletionChoosingPolicyTemplate.java:chooseContainerForBlockDeletion(83)) - Chosen 0/5000 blocks from 0 candidate containers.
2023-04-19 02:33:02,292 [BlockDeletingService#7] INFO  interfaces.ContainerDeletionChoosingPolicyTemplate (ContainerDeletionChoosingPolicyTemplate.java:chooseContainerForBlockDeletion(83)) - Chosen 0/5000 blocks from 0 candidate containers.
2023-04-19 02:33:02,373 [EventQueue-DeleteBlockStatusForDeletedBlockLogImpl] DEBUG block.DeletedBlockLogImpl (DeletedBlockLogImpl.java:isTransactionFailed(314)) - Got block deletion ACK from datanode, TXIDs=1, success=true
2023-04-19 02:33:02,373 [EventQueue-DeleteBlockStatusForDeletedBlockLogImpl] DEBUG block.DeletedBlockLogImpl (DeletedBlockLogImpl.java:commitTransactions(260)) - Transaction txId=1 commit by dnId=bc0378cf-3bdb-433c-bc8f-db90f0932c02 for containerID=#1 failed. Corresponding entry not found.
2023-04-19 02:33:02,373 [EventQueue-DeleteBlockStatusForDeletedBlockLogImpl] DEBUG block.DeletedBlockLogImpl (DeletedBlockLogImpl.java:isTransactionFailed(314)) - Got block deletion ACK from datanode, TXIDs=2, success=true
2023-04-19 02:33:02,373 [EventQueue-DeleteBlockStatusForDeletedBlockLogImpl] DEBUG block.DeletedBlockLogImpl (DeletedBlockLogImpl.java:commitTransactions(260)) - Transaction txId=2 commit by dnId=bc0378cf-3bdb-433c-bc8f-db90f0932c02 for containerID=#2 failed. Corresponding entry not found.
2023-04-19 02:33:02,373 [EventQueue-DeleteBlockStatusForDeletedBlockLogImpl] DEBUG block.DeletedBlockLogImpl (DeletedBlockLogImpl.java:isTransactionFailed(314)) - Got block deletion ACK from datanode, TXIDs=3, success=true
2023-04-19 02:33:02,373 [EventQueue-DeleteBlockStatusForDeletedBlockLogImpl] DEBUG block.DeletedBlockLogImpl (DeletedBlockLogImpl.java:commitTransactions(260)) - Transaction txId=3 commit by dnId=bc0378cf-3bdb-433c-bc8f-db90f0932c02 for containerID=#3 failed. Corresponding entry not found.
2023-04-19 02:33:02,373 [EventQueue-DeleteBlockStatusForDeletedBlockLogImpl] DEBUG block.DeletedBlockLogImpl (DeletedBlockLogImpl.java:isTransactionFailed(314)) - Got block deletion ACK from datanode, TXIDs=4, success=true
2023-04-19 02:33:02,373 [EventQueue-DeleteBlockStatusForDeletedBlockLogImpl] DEBUG block.DeletedBlockLogImpl (DeletedBlockLogImpl.java:commitTransactions(260)) - Transaction txId=4 commit by dnId=bc0378cf-3bdb-433c-bc8f-db90f0932c02 for containerID=#4 failed. Corresponding entry not found.
2023-04-19 02:33:02,373 [EventQueue-DeleteBlockStatusForDeletedBlockLogImpl] DEBUG block.DeletedBlockLogImpl (DeletedBlockLogImpl.java:isTransactionFailed(314)) - Got block deletion ACK from datanode, TXIDs=5, success=true
2023-04-19 02:33:02,373 [EventQueue-DeleteBlockStatusForDeletedBlockLogImpl] DEBUG block.DeletedBlockLogImpl (DeletedBlockLogImpl.java:commitTransactions(260)) - Transaction txId=5 commit by dnId=bc0378cf-3bdb-433c-bc8f-db90f0932c02 for containerID=#5 failed. Corresponding entry not found.
2023-04-19 02:33:02,374 [EventQueue-DeleteBlockStatusForDeletedBlockLogImpl] DEBUG block.DeletedBlockLogImpl (DeletedBlockLogImpl.java:isTransactionFailed(314)) - Got block deletion ACK from datanode, TXIDs=6, success=true
2023-04-19 02:33:02,374 [EventQueue-DeleteBlockStatusForDeletedBlockLogImpl] DEBUG block.DeletedBlockLogImpl (DeletedBlockLogImpl.java:commitTransactions(260)) - Transaction txId=6 commit by dnId=bc0378cf-3bdb-433c-bc8f-db90f0932c02 for containerID=#6 failed. Corresponding entry not found.
2023-04-19 02:33:02,374 [EventQueue-DeleteBlockStatusForDeletedBlockLogImpl] DEBUG block.DeletedBlockLogImpl (DeletedBlockLogImpl.java:isTransactionFailed(314)) - Got block deletion ACK from datanode, TXIDs=1, success=true
2023-04-19 02:33:02,374 [EventQueue-DeleteBlockStatusForDeletedBlockLogImpl] DEBUG block.DeletedBlockLogImpl (DeletedBlockLogImpl.java:commitTransactions(260)) - Transaction txId=1 commit by dnId=bc0378cf-3bdb-433c-bc8f-db90f0932c02 for containerID=#1 failed. Corresponding entry not found.
2023-04-19 02:33:02,374 [EventQueue-DeleteBlockStatusForDeletedBlockLogImpl] DEBUG block.DeletedBlockLogImpl (DeletedBlockLogImpl.java:isTransactionFailed(314)) - Got block deletion ACK from datanode, TXIDs=2, success=true
2023-04-19 02:33:02,374 [EventQueue-DeleteBlockStatusForDeletedBlockLogImpl] DEBUG block.DeletedBlockLogImpl (DeletedBlockLogImpl.java:commitTransactions(260)) - Transaction txId=2 commit by dnId=bc0378cf-3bdb-433c-bc8f-db90f0932c02 for containerID=#2 failed. Corresponding entry not found.
2023-04-19 02:33:02,374 [EventQueue-DeleteBlockStatusForDeletedBlockLogImpl] DEBUG block.DeletedBlockLogImpl (DeletedBlockLogImpl.java:isTransactionFailed(314)) - Got block deletion ACK from datanode, TXIDs=3, success=true
2023-04-19 02:33:02,374 [EventQueue-DeleteBlockStatusForDeletedBlockLogImpl] DEBUG block.DeletedBlockLogImpl (DeletedBlockLogImpl.java:commitTransactions(260)) - Transaction txId=3 commit by dnId=bc0378cf-3bdb-433c-bc8f-db90f0932c02 for containerID=#3 failed. Corresponding entry not found.
2023-04-19 02:33:02,374 [EventQueue-DeleteBlockStatusForDeletedBlockLogImpl] DEBUG block.DeletedBlockLogImpl (DeletedBlockLogImpl.java:isTransactionFailed(314)) - Got block deletion ACK from datanode, TXIDs=4, success=true
2023-04-19 02:33:02,374 [EventQueue-DeleteBlockStatusForDeletedBlockLogImpl] DEBUG block.DeletedBlockLogImpl (DeletedBlockLogImpl.java:commitTransactions(260)) - Transaction txId=4 commit by dnId=bc0378cf-3bdb-433c-bc8f-db90f0932c02 for containerID=#4 failed. Corresponding entry not found.
2023-04-19 02:33:02,374 [EventQueue-DeleteBlockStatusForDeletedBlockLogImpl] DEBUG block.DeletedBlockLogImpl (DeletedBlockLogImpl.java:isTransactionFailed(314)) - Got block deletion ACK from datanode, TXIDs=5, success=true
2023-04-19 02:33:02,374 [EventQueue-DeleteBlockStatusForDeletedBlockLogImpl] DEBUG block.DeletedBlockLogImpl (DeletedBlockLogImpl.java:commitTransactions(260)) - Transaction txId=5 commit by dnId=bc0378cf-3bdb-433c-bc8f-db90f0932c02 for containerID=#5 failed. Corresponding entry not found.
2023-04-19 02:33:02,374 [EventQueue-DeleteBlockStatusForDeletedBlockLogImpl] DEBUG block.DeletedBlockLogImpl (DeletedBlockLogImpl.java:isTransactionFailed(314)) - Got block deletion ACK from datanode, TXIDs=6, success=true
2023-04-19 02:33:02,374 [EventQueue-DeleteBlockStatusForDeletedBlockLogImpl] DEBUG block.DeletedBlockLogImpl (DeletedBlockLogImpl.java:commitTransactions(260)) - Transaction txId=6 commit by dnId=bc0378cf-3bdb-433c-bc8f-db90f0932c02 for containerID=#6 failed. Corresponding entry not found.
2023-04-19 02:33:02,374 [EventQueue-DeleteBlockStatusForDeletedBlockLogImpl] DEBUG block.DeletedBlockLogImpl (DeletedBlockLogImpl.java:isTransactionFailed(314)) - Got block deletion ACK from datanode, TXIDs=1, success=true
2023-04-19 02:33:02,374 [EventQueue-DeleteBlockStatusForDeletedBlockLogImpl] DEBUG block.DeletedBlockLogImpl (DeletedBlockLogImpl.java:commitTransactions(260)) - Transaction txId=1 commit by dnId=bc0378cf-3bdb-433c-bc8f-db90f0932c02 for containerID=#1 failed. Corresponding entry not found.
2023-04-19 02:33:02,374 [EventQueue-DeleteBlockStatusForDeletedBlockLogImpl] DEBUG block.DeletedBlockLogImpl (DeletedBlockLogImpl.java:isTransactionFailed(314)) - Got block deletion ACK from datanode, TXIDs=2, success=true
2023-04-19 02:33:02,374 [EventQueue-DeleteBlockStatusForDeletedBlockLogImpl] DEBUG block.DeletedBlockLogImpl (DeletedBlockLogImpl.java:commitTransactions(260)) - Transaction txId=2 commit by dnId=bc0378cf-3bdb-433c-bc8f-db90f0932c02 for containerID=#2 failed. Corresponding entry not found.
2023-04-19 02:33:02,374 [EventQueue-DeleteBlockStatusForDeletedBlockLogImpl] DEBUG block.DeletedBlockLogImpl (DeletedBlockLogImpl.java:isTransactionFailed(314)) - Got block deletion ACK from datanode, TXIDs=3, success=true
2023-04-19 02:33:02,374 [EventQueue-DeleteBlockStatusForDeletedBlockLogImpl] DEBUG block.DeletedBlockLogImpl (DeletedBlockLogImpl.java:commitTransactions(260)) - Transaction txId=3 commit by dnId=bc0378cf-3bdb-433c-bc8f-db90f0932c02 for containerID=#3 failed. Corresponding entry not found.
2023-04-19 02:33:02,374 [EventQueue-DeleteBlockStatusForDeletedBlockLogImpl] DEBUG block.DeletedBlockLogImpl (DeletedBlockLogImpl.java:isTransactionFailed(314)) - Got block deletion ACK from datanode, TXIDs=4, success=true
2023-04-19 02:33:02,374 [EventQueue-DeleteBlockStatusForDeletedBlockLogImpl] DEBUG block.DeletedBlockLogImpl (DeletedBlockLogImpl.java:commitTransactions(260)) - Transaction txId=4 commit by dnId=bc0378cf-3bdb-433c-bc8f-db90f0932c02 for containerID=#4 failed. Corresponding entry not found.
2023-04-19 02:33:02,374 [EventQueue-DeleteBlockStatusForDeletedBlockLogImpl] DEBUG block.DeletedBlockLogImpl (DeletedBlockLogImpl.java:isTransactionFailed(314)) - Got block deletion ACK from datanode, TXIDs=5, success=true
2023-04-19 02:33:02,374 [EventQueue-DeleteBlockStatusForDeletedBlockLogImpl] DEBUG block.DeletedBlockLogImpl (DeletedBlockLogImpl.java:commitTransactions(260)) - Transaction txId=5 commit by dnId=bc0378cf-3bdb-433c-bc8f-db90f0932c02 for containerID=#5 failed. Corresponding entry not found.
2023-04-19 02:33:02,374 [EventQueue-DeleteBlockStatusForDeletedBlockLogImpl] DEBUG block.DeletedBlockLogImpl (DeletedBlockLogImpl.java:isTransactionFailed(314)) - Got block deletion ACK from datanode, TXIDs=6, success=true
2023-04-19 02:33:02,374 [EventQueue-DeleteBlockStatusForDeletedBlockLogImpl] DEBUG block.DeletedBlockLogImpl (DeletedBlockLogImpl.java:commitTransactions(260)) - Transaction txId=6 commit by dnId=bc0378cf-3bdb-433c-bc8f-db90f0932c02 for containerID=#6 failed. Corresponding entry not found.
2023-04-19 02:33:02,374 [EventQueue-DeleteBlockStatusForDeletedBlockLogImpl] DEBUG block.DeletedBlockLogImpl (DeletedBlockLogImpl.java:isTransactionFailed(314)) - Got block deletion ACK from datanode, TXIDs=1, success=true
2023-04-19 02:33:02,374 [EventQueue-DeleteBlockStatusForDeletedBlockLogImpl] DEBUG block.DeletedBlockLogImpl (DeletedBlockLogImpl.java:commitTransactions(260)) - Transaction txId=1 commit by dnId=bc0378cf-3bdb-433c-bc8f-db90f0932c02 for containerID=#1 failed. Corresponding entry not found.
2023-04-19 02:33:02,374 [EventQueue-DeleteBlockStatusForDeletedBlockLogImpl] DEBUG block.DeletedBlockLogImpl (DeletedBlockLogImpl.java:isTransactionFailed(314)) - Got block deletion ACK from datanode, TXIDs=2, success=true
2023-04-19 02:33:02,374 [EventQueue-DeleteBlockStatusForDeletedBlockLogImpl] DEBUG block.DeletedBlockLogImpl (DeletedBlockLogImpl.java:commitTransactions(260)) - Transaction txId=2 commit by dnId=bc0378cf-3bdb-433c-bc8f-db90f0932c02 for containerID=#2 failed. Corresponding entry not found.
2023-04-19 02:33:02,374 [EventQueue-DeleteBlockStatusForDeletedBlockLogImpl] DEBUG block.DeletedBlockLogImpl (DeletedBlockLogImpl.java:isTransactionFailed(314)) - Got block deletion ACK from datanode, TXIDs=3, success=true
2023-04-19 02:33:02,374 [EventQueue-DeleteBlockStatusForDeletedBlockLogImpl] DEBUG block.DeletedBlockLogImpl (DeletedBlockLogImpl.java:commitTransactions(260)) - Transaction txId=3 commit by dnId=bc0378cf-3bdb-433c-bc8f-db90f0932c02 for containerID=#3 failed. Corresponding entry not found.
2023-04-19 02:33:02,374 [EventQueue-DeleteBlockStatusForDeletedBlockLogImpl] DEBUG block.DeletedBlockLogImpl (DeletedBlockLogImpl.java:isTransactionFailed(314)) - Got block deletion ACK from datanode, TXIDs=4, success=true
2023-04-19 02:33:02,374 [EventQueue-DeleteBlockStatusForDeletedBlockLogImpl] DEBUG block.DeletedBlockLogImpl (DeletedBlockLogImpl.java:commitTransactions(260)) - Transaction txId=4 commit by dnId=bc0378cf-3bdb-433c-bc8f-db90f0932c02 for containerID=#4 failed. Corresponding entry not found.
2023-04-19 02:33:02,374 [EventQueue-DeleteBlockStatusForDeletedBlockLogImpl] DEBUG block.DeletedBlockLogImpl (DeletedBlockLogImpl.java:isTransactionFailed(314)) - Got block deletion ACK from datanode, TXIDs=5, success=true
2023-04-19 02:33:02,374 [EventQueue-DeleteBlockStatusForDeletedBlockLogImpl] DEBUG block.DeletedBlockLogImpl (DeletedBlockLogImpl.java:commitTransactions(260)) - Transaction txId=5 commit by dnId=bc0378cf-3bdb-433c-bc8f-db90f0932c02 for containerID=#5 failed. Corresponding entry not found.
2023-04-19 02:33:02,374 [EventQueue-DeleteBlockStatusForDeletedBlockLogImpl] DEBUG block.DeletedBlockLogImpl (DeletedBlockLogImpl.java:isTransactionFailed(314)) - Got block deletion ACK from datanode, TXIDs=6, success=true
2023-04-19 02:33:02,374 [EventQueue-DeleteBlockStatusForDeletedBlockLogImpl] DEBUG block.DeletedBlockLogImpl (DeletedBlockLogImpl.java:commitTransactions(260)) - Transaction txId=6 commit by dnId=bc0378cf-3bdb-433c-bc8f-db90f0932c02 for containerID=#6 failed. Corresponding entry not found.
2023-04-19 02:33:02,375 [EventQueue-DeleteBlockStatusForDeletedBlockLogImpl] DEBUG block.DeletedBlockLogImpl (DeletedBlockLogImpl.java:isTransactionFailed(314)) - Got block deletion ACK from datanode, TXIDs=1, success=true
2023-04-19 02:33:02,375 [EventQueue-DeleteBlockStatusForDeletedBlockLogImpl] DEBUG block.DeletedBlockLogImpl (DeletedBlockLogImpl.java:commitTransactions(260)) - Transaction txId=1 commit by dnId=bc0378cf-3bdb-433c-bc8f-db90f0932c02 for containerID=#1 failed. Corresponding entry not found.
2023-04-19 02:33:02,375 [EventQueue-DeleteBlockStatusForDeletedBlockLogImpl] DEBUG block.DeletedBlockLogImpl (DeletedBlockLogImpl.java:isTransactionFailed(314)) - Got block deletion ACK from datanode, TXIDs=2, success=true
2023-04-19 02:33:02,376 [SCMBlockDeletingService#0] DEBUG block.SCMBlockDeletingService (SCMBlockDeletingService.java:shouldRun(251)) - Check scm block delete run: true serviceStatus: RUNNING safemodeExitRunDelayMillis: 3000 alreadyWaitTimeInMillis: 12370
2023-04-19 02:33:02,377 [SCMBlockDeletingService#0] DEBUG block.SCMBlockDeletingService (SCMBlockDeletingService.java:call(154)) - Running DeletedBlockTransactionScanner
2023-04-19 02:33:02,377 [EventQueue-DeleteBlockStatusForDeletedBlockLogImpl] DEBUG block.DeletedBlockLogImpl (DeletedBlockLogImpl.java:commitTransactions(260)) - Transaction txId=2 commit by dnId=bc0378cf-3bdb-433c-bc8f-db90f0932c02 for containerID=#2 failed. Corresponding entry not found.
2023-04-19 02:33:02,377 [EventQueue-DeleteBlockStatusForDeletedBlockLogImpl] DEBUG block.DeletedBlockLogImpl (DeletedBlockLogImpl.java:isTransactionFailed(314)) - Got block deletion ACK from datanode, TXIDs=3, success=true
2023-04-19 02:33:02,377 [EventQueue-DeleteBlockStatusForDeletedBlockLogImpl] DEBUG block.DeletedBlockLogImpl (DeletedBlockLogImpl.java:commitTransactions(260)) - Transaction txId=3 commit by dnId=bc0378cf-3bdb-433c-bc8f-db90f0932c02 for containerID=#3 failed. Corresponding entry not found.
2023-04-19 02:33:02,377 [EventQueue-DeleteBlockStatusForDeletedBlockLogImpl] DEBUG block.DeletedBlockLogImpl (DeletedBlockLogImpl.java:isTransactionFailed(314)) - Got block deletion ACK from datanode, TXIDs=4, success=true
2023-04-19 02:33:02,377 [EventQueue-DeleteBlockStatusForDeletedBlockLogImpl] DEBUG block.DeletedBlockLogImpl (DeletedBlockLogImpl.java:commitTransactions(260)) - Transaction txId=4 commit by dnId=bc0378cf-3bdb-433c-bc8f-db90f0932c02 for containerID=#4 failed. Corresponding entry not found.
2023-04-19 02:33:02,377 [EventQueue-DeleteBlockStatusForDeletedBlockLogImpl] DEBUG block.DeletedBlockLogImpl (DeletedBlockLogImpl.java:isTransactionFailed(314)) - Got block deletion ACK from datanode, TXIDs=5, success=true
2023-04-19 02:33:02,377 [EventQueue-DeleteBlockStatusForDeletedBlockLogImpl] DEBUG block.DeletedBlockLogImpl (DeletedBlockLogImpl.java:commitTransactions(260)) - Transaction txId=5 commit by dnId=bc0378cf-3bdb-433c-bc8f-db90f0932c02 for containerID=#5 failed. Corresponding entry not found.
2023-04-19 02:33:02,377 [EventQueue-DeleteBlockStatusForDeletedBlockLogImpl] DEBUG block.DeletedBlockLogImpl (DeletedBlockLogImpl.java:isTransactionFailed(314)) - Got block deletion ACK from datanode, TXIDs=6, success=true
2023-04-19 02:33:02,377 [EventQueue-DeleteBlockStatusForDeletedBlockLogImpl] DEBUG block.DeletedBlockLogImpl (DeletedBlockLogImpl.java:commitTransactions(260)) - Transaction txId=6 commit by dnId=bc0378cf-3bdb-433c-bc8f-db90f0932c02 for containerID=#6 failed. Corresponding entry not found.
2023-04-19 02:33:02,377 [EventQueue-DeleteBlockStatusForDeletedBlockLogImpl] DEBUG block.DeletedBlockLogImpl (DeletedBlockLogImpl.java:isTransactionFailed(314)) - Got block deletion ACK from datanode, TXIDs=1, success=true
2023-04-19 02:33:02,377 [EventQueue-DeleteBlockStatusForDeletedBlockLogImpl] DEBUG block.DeletedBlockLogImpl (DeletedBlockLogImpl.java:commitTransactions(260)) - Transaction txId=1 commit by dnId=bc0378cf-3bdb-433c-bc8f-db90f0932c02 for containerID=#1 failed. Corresponding entry not found.
2023-04-19 02:33:02,377 [EventQueue-DeleteBlockStatusForDeletedBlockLogImpl] DEBUG block.DeletedBlockLogImpl (DeletedBlockLogImpl.java:isTransactionFailed(314)) - Got block deletion ACK from datanode, TXIDs=2, success=true
2023-04-19 02:33:02,377 [EventQueue-DeleteBlockStatusForDeletedBlockLogImpl] DEBUG block.DeletedBlockLogImpl (DeletedBlockLogImpl.java:commitTransactions(260)) - Transaction txId=2 commit by dnId=bc0378cf-3bdb-433c-bc8f-db90f0932c02 for containerID=#2 failed. Corresponding entry not found.
2023-04-19 02:33:02,377 [EventQueue-DeleteBlockStatusForDeletedBlockLogImpl] DEBUG block.DeletedBlockLogImpl (DeletedBlockLogImpl.java:isTransactionFailed(314)) - Got block deletion ACK from datanode, TXIDs=3, success=true
2023-04-19 02:33:02,377 [EventQueue-DeleteBlockStatusForDeletedBlockLogImpl] DEBUG block.DeletedBlockLogImpl (DeletedBlockLogImpl.java:commitTransactions(260)) - Transaction txId=3 commit by dnId=bc0378cf-3bdb-433c-bc8f-db90f0932c02 for containerID=#3 failed. Corresponding entry not found.
2023-04-19 02:33:02,377 [EventQueue-DeleteBlockStatusForDeletedBlockLogImpl] DEBUG block.DeletedBlockLogImpl (DeletedBlockLogImpl.java:isTransactionFailed(314)) - Got block deletion ACK from datanode, TXIDs=4, success=true
2023-04-19 02:33:02,377 [EventQueue-DeleteBlockStatusForDeletedBlockLogImpl] DEBUG block.DeletedBlockLogImpl (DeletedBlockLogImpl.java:commitTransactions(260)) - Transaction txId=4 commit by dnId=bc0378cf-3bdb-433c-bc8f-db90f0932c02 for containerID=#4 failed. Corresponding entry not found.
2023-04-19 02:33:02,377 [EventQueue-DeleteBlockStatusForDeletedBlockLogImpl] DEBUG block.DeletedBlockLogImpl (DeletedBlockLogImpl.java:isTransactionFailed(314)) - Got block deletion ACK from datanode, TXIDs=5, success=true
2023-04-19 02:33:02,378 [EventQueue-DeleteBlockStatusForDeletedBlockLogImpl] DEBUG block.DeletedBlockLogImpl (DeletedBlockLogImpl.java:commitTransactions(260)) - Transaction txId=5 commit by dnId=bc0378cf-3bdb-433c-bc8f-db90f0932c02 for containerID=#5 failed. Corresponding entry not found.
2023-04-19 02:33:02,378 [EventQueue-DeleteBlockStatusForDeletedBlockLogImpl] DEBUG block.DeletedBlockLogImpl (DeletedBlockLogImpl.java:isTransactionFailed(314)) - Got block deletion ACK from datanode, TXIDs=6, success=true
2023-04-19 02:33:02,378 [EventQueue-DeleteBlockStatusForDeletedBlockLogImpl] DEBUG block.DeletedBlockLogImpl (DeletedBlockLogImpl.java:commitTransactions(260)) - Transaction txId=6 commit by dnId=bc0378cf-3bdb-433c-bc8f-db90f0932c02 for containerID=#6 failed. Corresponding entry not found.
2023-04-19 02:33:02,385 [BlockDeletingService#2] INFO  interfaces.ContainerDeletionChoosingPolicyTemplate (ContainerDeletionChoosingPolicyTemplate.java:chooseContainerForBlockDeletion(83)) - Chosen 0/5000 blocks from 0 candidate containers.
2023-04-19 02:33:02,385 [BlockDeletingService#2] INFO  interfaces.ContainerDeletionChoosingPolicyTemplate (ContainerDeletionChoosingPolicyTemplate.java:chooseContainerForBlockDeletion(83)) - Chosen 0/5000 blocks from 0 candidate containers.
2023-04-19 02:33:02,392 [BlockDeletingService#7] INFO  interfaces.ContainerDeletionChoosingPolicyTemplate (ContainerDeletionChoosingPolicyTemplate.java:chooseContainerForBlockDeletion(83)) - Chosen 0/5000 blocks from 0 candidate containers.
2023-04-19 02:33:02,476 [SCMBlockDeletingService#0] DEBUG block.SCMBlockDeletingService (SCMBlockDeletingService.java:shouldRun(251)) - Check scm block delete run: true serviceStatus: RUNNING safemodeExitRunDelayMillis: 3000 alreadyWaitTimeInMillis: 12470
2023-04-19 02:33:02,476 [SCMBlockDeletingService#0] DEBUG block.SCMBlockDeletingService (SCMBlockDeletingService.java:call(154)) - Running DeletedBlockTransactionScanner
2023-04-19 02:33:02,485 [BlockDeletingService#2] INFO  interfaces.ContainerDeletionChoosingPolicyTemplate (ContainerDeletionChoosingPolicyTemplate.java:chooseContainerForBlockDeletion(83)) - Chosen 0/5000 blocks from 0 candidate containers.
2023-04-19 02:33:02,485 [BlockDeletingService#2] INFO  interfaces.ContainerDeletionChoosingPolicyTemplate (ContainerDeletionChoosingPolicyTemplate.java:chooseContainerForBlockDeletion(83)) - Chosen 0/5000 blocks from 0 candidate containers.
2023-04-19 02:33:02,492 [BlockDeletingService#7] INFO  interfaces.ContainerDeletionChoosingPolicyTemplate (ContainerDeletionChoosingPolicyTemplate.java:chooseContainerForBlockDeletion(83)) - Chosen 0/5000 blocks from 0 candidate containers.
2023-04-19 02:33:02,576 [SCMBlockDeletingService#0] DEBUG block.SCMBlockDeletingService (SCMBlockDeletingService.java:shouldRun(251)) - Check scm block delete run: true serviceStatus: RUNNING safemodeExitRunDelayMillis: 3000 alreadyWaitTimeInMillis: 12570
2023-04-19 02:33:02,576 [SCMBlockDeletingService#0] DEBUG block.SCMBlockDeletingService (SCMBlockDeletingService.java:call(154)) - Running DeletedBlockTransactionScanner
2023-04-19 02:33:02,586 [BlockDeletingService#2] INFO  interfaces.ContainerDeletionChoosingPolicyTemplate (ContainerDeletionChoosingPolicyTemplate.java:chooseContainerForBlockDeletion(83)) - Chosen 0/5000 blocks from 0 candidate containers.
2023-04-19 02:33:02,586 [BlockDeletingService#2] INFO  interfaces.ContainerDeletionChoosingPolicyTemplate (ContainerDeletionChoosingPolicyTemplate.java:chooseContainerForBlockDeletion(83)) - Chosen 0/5000 blocks from 0 candidate containers.
2023-04-19 02:33:02,593 [BlockDeletingService#7] INFO  interfaces.ContainerDeletionChoosingPolicyTemplate (ContainerDeletionChoosingPolicyTemplate.java:chooseContainerForBlockDeletion(83)) - Chosen 0/5000 blocks from 0 candidate containers.
2023-04-19 02:33:02,676 [SCMBlockDeletingService#0] DEBUG block.SCMBlockDeletingService (SCMBlockDeletingService.java:shouldRun(251)) - Check scm block delete run: true serviceStatus: RUNNING safemodeExitRunDelayMillis: 3000 alreadyWaitTimeInMillis: 12670
2023-04-19 02:33:02,676 [SCMBlockDeletingService#0] DEBUG block.SCMBlockDeletingService (SCMBlockDeletingService.java:call(154)) - Running DeletedBlockTransactionScanner
2023-04-19 02:33:02,686 [BlockDeletingService#2] INFO  interfaces.ContainerDeletionChoosingPolicyTemplate (ContainerDeletionChoosingPolicyTemplate.java:chooseContainerForBlockDeletion(83)) - Chosen 0/5000 blocks from 0 candidate containers.
2023-04-19 02:33:02,686 [BlockDeletingService#2] INFO  interfaces.ContainerDeletionChoosingPolicyTemplate (ContainerDeletionChoosingPolicyTemplate.java:chooseContainerForBlockDeletion(83)) - Chosen 0/5000 blocks from 0 candidate containers.
2023-04-19 02:33:02,693 [BlockDeletingService#7] INFO  interfaces.ContainerDeletionChoosingPolicyTemplate (ContainerDeletionChoosingPolicyTemplate.java:chooseContainerForBlockDeletion(83)) - Chosen 0/5000 blocks from 0 candidate containers.
2023-04-19 02:33:02,776 [SCMBlockDeletingService#0] DEBUG block.SCMBlockDeletingService (SCMBlockDeletingService.java:shouldRun(251)) - Check scm block delete run: true serviceStatus: RUNNING safemodeExitRunDelayMillis: 3000 alreadyWaitTimeInMillis: 12770
2023-04-19 02:33:02,776 [SCMBlockDeletingService#0] DEBUG block.SCMBlockDeletingService (SCMBlockDeletingService.java:call(154)) - Running DeletedBlockTransactionScanner
2023-04-19 02:33:02,786 [BlockDeletingService#2] INFO  interfaces.ContainerDeletionChoosingPolicyTemplate (ContainerDeletionChoosingPolicyTemplate.java:chooseContainerForBlockDeletion(83)) - Chosen 0/5000 blocks from 0 candidate containers.
2023-04-19 02:33:02,786 [BlockDeletingService#2] INFO  interfaces.ContainerDeletionChoosingPolicyTemplate (ContainerDeletionChoosingPolicyTemplate.java:chooseContainerForBlockDeletion(83)) - Chosen 0/5000 blocks from 0 candidate containers.
2023-04-19 02:33:02,793 [BlockDeletingService#7] INFO  interfaces.ContainerDeletionChoosingPolicyTemplate (ContainerDeletionChoosingPolicyTemplate.java:chooseContainerForBlockDeletion(83)) - Chosen 0/5000 blocks from 0 candidate containers.
2023-04-19 02:33:02,827 [Listener at 127.0.0.1/44187] WARN  commandhandler.TestBlockDeletion (TestBlockDeletion.java:lambda$testBlockDeletion$4(265)) - Verify blocks deletion failed
org.opentest4j.AssertionFailedError: expected: <null> but was: <[blockId=conID: 1 locID: 111677748019200001 bcsId: 16, size=4194304]>
	at org.junit.jupiter.api.AssertionUtils.fail(AssertionUtils.java:55)
	at org.junit.jupiter.api.AssertNull.failNotNull(AssertNull.java:54)
	at org.junit.jupiter.api.AssertNull.assertNull(AssertNull.java:38)
	at org.junit.jupiter.api.AssertNull.assertNull(AssertNull.java:33)
	at org.junit.jupiter.api.Assertions.assertNull(Assertions.java:275)
	at org.apache.hadoop.ozone.container.common.statemachine.commandhandler.TestBlockDeletion.lambda$verifyBlocksDeleted$17(TestBlockDeletion.java:484)
	at org.apache.hadoop.ozone.OzoneTestUtils.performOperationOnKeyContainers(OzoneTestUtils.java:140)
	at org.apache.hadoop.ozone.container.common.statemachine.commandhandler.TestBlockDeletion.verifyBlocksDeleted(TestBlockDeletion.java:474)
	at org.apache.hadoop.ozone.container.common.statemachine.commandhandler.TestBlockDeletion.lambda$testBlockDeletion$4(TestBlockDeletion.java:262)
	at org.apache.ozone.test.GenericTestUtils.waitFor(GenericTestUtils.java:225)
	at org.apache.hadoop.ozone.container.common.statemachine.commandhandler.TestBlockDeletion.testBlockDeletion(TestBlockDeletion.java:260)
	at sun.reflect.NativeMethodAccessorImpl.invoke0(Native Method)
	at sun.reflect.NativeMethodAccessorImpl.invoke(NativeMethodAccessorImpl.java:62)
	at sun.reflect.DelegatingMethodAccessorImpl.invoke(DelegatingMethodAccessorImpl.java:43)
	at java.lang.reflect.Method.invoke(Method.java:498)
	at org.junit.platform.commons.util.ReflectionUtils.invokeMethod(ReflectionUtils.java:725)
	at org.junit.jupiter.engine.execution.MethodInvocation.proceed(MethodInvocation.java:60)
	at org.junit.jupiter.engine.execution.InvocationInterceptorChain$ValidatingInvocation.proceed(InvocationInterceptorChain.java:131)
	at org.junit.jupiter.engine.extension.TimeoutExtension.intercept(TimeoutExtension.java:149)
	at org.junit.jupiter.engine.extension.TimeoutExtension.interceptTestableMethod(TimeoutExtension.java:140)
	at org.junit.jupiter.engine.extension.TimeoutExtension.interceptTestTemplateMethod(TimeoutExtension.java:92)
	at org.junit.jupiter.engine.execution.ExecutableInvoker$ReflectiveInterceptorCall.lambda$ofVoidMethod$0(ExecutableInvoker.java:115)
	at org.junit.jupiter.engine.execution.ExecutableInvoker.lambda$invoke$0(ExecutableInvoker.java:105)
	at org.junit.jupiter.engine.execution.InvocationInterceptorChain$InterceptedInvocation.proceed(InvocationInterceptorChain.java:106)
	at org.junit.jupiter.engine.execution.InvocationInterceptorChain.proceed(InvocationInterceptorChain.java:64)
	at org.junit.jupiter.engine.execution.InvocationInterceptorChain.chainAndInvoke(InvocationInterceptorChain.java:45)
	at org.junit.jupiter.engine.execution.InvocationInterceptorChain.invoke(InvocationInterceptorChain.java:37)
	at org.junit.jupiter.engine.execution.ExecutableInvoker.invoke(ExecutableInvoker.java:104)
	at org.junit.jupiter.engine.execution.ExecutableInvoker.invoke(ExecutableInvoker.java:98)
	at org.junit.jupiter.engine.descriptor.TestMethodTestDescriptor.lambda$invokeTestMethod$7(TestMethodTestDescriptor.java:214)
	at org.junit.platform.engine.support.hierarchical.ThrowableCollector.execute(ThrowableCollector.java:73)
	at org.junit.jupiter.engine.descriptor.TestMethodTestDescriptor.invokeTestMethod(TestMethodTestDescriptor.java:210)
	at org.junit.jupiter.engine.descriptor.TestMethodTestDescriptor.execute(TestMethodTestDescriptor.java:135)
	at org.junit.jupiter.engine.descriptor.TestMethodTestDescriptor.execute(TestMethodTestDescriptor.java:66)
	at org.junit.platform.engine.support.hierarchical.NodeTestTask.lambda$executeRecursively$6(NodeTestTask.java:151)
	at org.junit.platform.engine.support.hierarchical.ThrowableCollector.execute(ThrowableCollector.java:73)
	at org.junit.platform.engine.support.hierarchical.NodeTestTask.lambda$executeRecursively$8(NodeTestTask.java:141)
	at org.junit.platform.engine.support.hierarchical.Node.around(Node.java:137)
	at org.junit.platform.engine.support.hierarchical.NodeTestTask.lambda$executeRecursively$9(NodeTestTask.java:139)
	at org.junit.platform.engine.support.hierarchical.ThrowableCollector.execute(ThrowableCollector.java:73)
	at org.junit.platform.engine.support.hierarchical.NodeTestTask.executeRecursively(NodeTestTask.java:138)
	at org.junit.platform.engine.support.hierarchical.NodeTestTask.execute(NodeTestTask.java:95)
	at org.junit.platform.engine.support.hierarchical.SameThreadHierarchicalTestExecutorService.submit(SameThreadHierarchicalTestExecutorService.java:35)
	at org.junit.platform.engine.support.hierarchical.NodeTestTask$DefaultDynamicTestExecutor.execute(NodeTestTask.java:226)
	at org.junit.platform.engine.support.hierarchical.NodeTestTask$DefaultDynamicTestExecutor.execute(NodeTestTask.java:204)
	at org.junit.jupiter.engine.descriptor.TestTemplateTestDescriptor.execute(TestTemplateTestDescriptor.java:139)
	at org.junit.jupiter.engine.descriptor.TestTemplateTestDescriptor.lambda$execute$2(TestTemplateTestDescriptor.java:107)
	at java.util.stream.ForEachOps$ForEachOp$OfRef.accept(ForEachOps.java:183)
	at java.util.stream.ReferencePipeline$3$1.accept(ReferencePipeline.java:193)
	at java.util.stream.ReferencePipeline$2$1.accept(ReferencePipeline.java:175)
	at java.util.stream.ReferencePipeline$3$1.accept(ReferencePipeline.java:193)
	at java.util.stream.ForEachOps$ForEachOp$OfRef.accept(ForEachOps.java:183)
	at java.util.stream.ReferencePipeline$3$1.accept(ReferencePipeline.java:193)
	at java.util.stream.ReferencePipeline$3$1.accept(ReferencePipeline.java:193)
	at java.util.stream.ReferencePipeline$3$1.accept(ReferencePipeline.java:193)
	at java.util.stream.ForEachOps$ForEachOp$OfRef.accept(ForEachOps.java:183)
	at java.util.stream.ReferencePipeline$3$1.accept(ReferencePipeline.java:193)
	at java.util.Spliterators$ArraySpliterator.forEachRemaining(Spliterators.java:948)
	at java.util.stream.ReferencePipeline$Head.forEach(ReferencePipeline.java:647)
	at java.util.stream.ReferencePipeline$7$1.accept(ReferencePipeline.java:272)
	at java.util.stream.ReferencePipeline$3$1.accept(ReferencePipeline.java:193)
	at java.util.stream.ReferencePipeline$3$1.accept(ReferencePipeline.java:193)
	at java.util.Spliterators$ArraySpliterator.forEachRemaining(Spliterators.java:948)
	at java.util.stream.AbstractPipeline.copyInto(AbstractPipeline.java:482)
	at java.util.stream.AbstractPipeline.wrapAndCopyInto(AbstractPipeline.java:472)
	at java.util.stream.ForEachOps$ForEachOp.evaluateSequential(ForEachOps.java:150)
	at java.util.stream.ForEachOps$ForEachOp$OfRef.evaluateSequential(ForEachOps.java:173)
	at java.util.stream.AbstractPipeline.evaluate(AbstractPipeline.java:234)
	at java.util.stream.ReferencePipeline.forEach(ReferencePipeline.java:485)
	at java.util.stream.ReferencePipeline$7$1.accept(ReferencePipeline.java:272)
	at java.util.stream.ReferencePipeline$3$1.accept(ReferencePipeline.java:193)
	at java.util.stream.ReferencePipeline$3$1.accept(ReferencePipeline.java:193)
	at java.util.stream.ReferencePipeline$3$1.accept(ReferencePipeline.java:193)
	at java.util.ArrayList$ArrayListSpliterator.forEachRemaining(ArrayList.java:1384)
	at java.util.stream.AbstractPipeline.copyInto(AbstractPipeline.java:482)
	at java.util.stream.AbstractPipeline.wrapAndCopyInto(AbstractPipeline.java:472)
	at java.util.stream.ForEachOps$ForEachOp.evaluateSequential(ForEachOps.java:150)
	at java.util.stream.ForEachOps$ForEachOp$OfRef.evaluateSequential(ForEachOps.java:173)
	at java.util.stream.AbstractPipeline.evaluate(AbstractPipeline.java:234)
	at java.util.stream.ReferencePipeline.forEach(ReferencePipeline.java:485)
	at java.util.stream.ReferencePipeline$7$1.accept(ReferencePipeline.java:272)
	at java.util.ArrayList$ArrayListSpliterator.forEachRemaining(ArrayList.java:1384)
	at java.util.stream.AbstractPipeline.copyInto(AbstractPipeline.java:482)
	at java.util.stream.AbstractPipeline.wrapAndCopyInto(AbstractPipeline.java:472)
	at java.util.stream.ForEachOps$ForEachOp.evaluateSequential(ForEachOps.java:150)
	at java.util.stream.ForEachOps$ForEachOp$OfRef.evaluateSequential(ForEachOps.java:173)
	at java.util.stream.AbstractPipeline.evaluate(AbstractPipeline.java:234)
	at java.util.stream.ReferencePipeline.forEach(ReferencePipeline.java:485)
	at org.junit.jupiter.engine.descriptor.TestTemplateTestDescriptor.execute(TestTemplateTestDescriptor.java:107)
	at org.junit.jupiter.engine.descriptor.TestTemplateTestDescriptor.execute(TestTemplateTestDescriptor.java:42)
	at org.junit.platform.engine.support.hierarchical.NodeTestTask.lambda$executeRecursively$6(NodeTestTask.java:151)
	at org.junit.platform.engine.support.hierarchical.ThrowableCollector.execute(ThrowableCollector.java:73)
	at org.junit.platform.engine.support.hierarchical.NodeTestTask.lambda$executeRecursively$8(NodeTestTask.java:141)
	at org.junit.platform.engine.support.hierarchical.Node.around(Node.java:137)
	at org.junit.platform.engine.support.hierarchical.NodeTestTask.lambda$executeRecursively$9(NodeTestTask.java:139)
	at org.junit.platform.engine.support.hierarchical.ThrowableCollector.execute(ThrowableCollector.java:73)
	at org.junit.platform.engine.support.hierarchical.NodeTestTask.executeRecursively(NodeTestTask.java:138)
	at org.junit.platform.engine.support.hierarchical.NodeTestTask.execute(NodeTestTask.java:95)
	at java.util.ArrayList.forEach(ArrayList.java:1259)
	at org.junit.platform.engine.support.hierarchical.SameThreadHierarchicalTestExecutorService.invokeAll(SameThreadHierarchicalTestExecutorService.java:41)
	at org.junit.platform.engine.support.hierarchical.NodeTestTask.lambda$executeRecursively$6(NodeTestTask.java:155)
	at org.junit.platform.engine.support.hierarchical.ThrowableCollector.execute(ThrowableCollector.java:73)
	at org.junit.platform.engine.support.hierarchical.NodeTestTask.lambda$executeRecursively$8(NodeTestTask.java:141)
	at org.junit.platform.engine.support.hierarchical.Node.around(Node.java:137)
	at org.junit.platform.engine.support.hierarchical.NodeTestTask.lambda$executeRecursively$9(NodeTestTask.java:139)
	at org.junit.platform.engine.support.hierarchical.ThrowableCollector.execute(ThrowableCollector.java:73)
	at org.junit.platform.engine.support.hierarchical.NodeTestTask.executeRecursively(NodeTestTask.java:138)
	at org.junit.platform.engine.support.hierarchical.NodeTestTask.execute(NodeTestTask.java:95)
	at java.util.ArrayList.forEach(ArrayList.java:1259)
	at org.junit.platform.engine.support.hierarchical.SameThreadHierarchicalTestExecutorService.invokeAll(SameThreadHierarchicalTestExecutorService.java:41)
	at org.junit.platform.engine.support.hierarchical.NodeTestTask.lambda$executeRecursively$6(NodeTestTask.java:155)
	at org.junit.platform.engine.support.hierarchical.ThrowableCollector.execute(ThrowableCollector.java:73)
	at org.junit.platform.engine.support.hierarchical.NodeTestTask.lambda$executeRecursively$8(NodeTestTask.java:141)
	at org.junit.platform.engine.support.hierarchical.Node.around(Node.java:137)
	at org.junit.platform.engine.support.hierarchical.NodeTestTask.lambda$executeRecursively$9(NodeTestTask.java:139)
	at org.junit.platform.engine.support.hierarchical.ThrowableCollector.execute(ThrowableCollector.java:73)
	at org.junit.platform.engine.support.hierarchical.NodeTestTask.executeRecursively(NodeTestTask.java:138)
	at org.junit.platform.engine.support.hierarchical.NodeTestTask.execute(NodeTestTask.java:95)
	at org.junit.platform.engine.support.hierarchical.SameThreadHierarchicalTestExecutorService.submit(SameThreadHierarchicalTestExecutorService.java:35)
	at org.junit.platform.engine.support.hierarchical.HierarchicalTestExecutor.execute(HierarchicalTestExecutor.java:57)
	at org.junit.platform.engine.support.hierarchical.HierarchicalTestEngine.execute(HierarchicalTestEngine.java:54)
	at org.junit.platform.launcher.core.EngineExecutionOrchestrator.execute(EngineExecutionOrchestrator.java:107)
	at org.junit.platform.launcher.core.EngineExecutionOrchestrator.execute(EngineExecutionOrchestrator.java:88)
	at org.junit.platform.launcher.core.EngineExecutionOrchestrator.lambda$execute$0(EngineExecutionOrchestrator.java:54)
	at org.junit.platform.launcher.core.EngineExecutionOrchestrator.withInterceptedStreams(EngineExecutionOrchestrator.java:67)
	at org.junit.platform.launcher.core.EngineExecutionOrchestrator.execute(EngineExecutionOrchestrator.java:52)
	at org.junit.platform.launcher.core.DefaultLauncher.execute(DefaultLauncher.java:114)
	at org.junit.platform.launcher.core.DefaultLauncher.execute(DefaultLauncher.java:86)
	at org.junit.platform.launcher.core.DefaultLauncherSession$DelegatingLauncher.execute(DefaultLauncherSession.java:86)
	at org.junit.platform.launcher.core.SessionPerRequestLauncher.execute(SessionPerRequestLauncher.java:53)
	at org.apache.maven.surefire.junitplatform.JUnitPlatformProvider.execute(JUnitPlatformProvider.java:188)
	at org.apache.maven.surefire.junitplatform.JUnitPlatformProvider.invokeAllTests(JUnitPlatformProvider.java:154)
	at org.apache.maven.surefire.junitplatform.JUnitPlatformProvider.invoke(JUnitPlatformProvider.java:124)
	at org.apache.maven.surefire.booter.ForkedBooter.runSuitesInProcess(ForkedBooter.java:428)
	at org.apache.maven.surefire.booter.ForkedBooter.execute(ForkedBooter.java:162)
	at org.apache.maven.surefire.booter.ForkedBooter.run(ForkedBooter.java:562)
	at org.apache.maven.surefire.booter.ForkedBooter.main(ForkedBooter.java:548)
2023-04-19 02:33:02,876 [SCMBlockDeletingService#0] DEBUG block.SCMBlockDeletingService (SCMBlockDeletingService.java:shouldRun(251)) - Check scm block delete run: true serviceStatus: RUNNING safemodeExitRunDelayMillis: 3000 alreadyWaitTimeInMillis: 12870
2023-04-19 02:33:02,877 [SCMBlockDeletingService#0] DEBUG block.SCMBlockDeletingService (SCMBlockDeletingService.java:call(154)) - Running DeletedBlockTransactionScanner
2023-04-19 02:33:02,886 [BlockDeletingService#2] INFO  interfaces.ContainerDeletionChoosingPolicyTemplate (ContainerDeletionChoosingPolicyTemplate.java:chooseContainerForBlockDeletion(83)) - Chosen 0/5000 blocks from 0 candidate containers.
2023-04-19 02:33:02,887 [BlockDeletingService#2] INFO  interfaces.ContainerDeletionChoosingPolicyTemplate (ContainerDeletionChoosingPolicyTemplate.java:chooseContainerForBlockDeletion(83)) - Chosen 0/5000 blocks from 0 candidate containers.
2023-04-19 02:33:02,893 [BlockDeletingService#7] INFO  interfaces.ContainerDeletionChoosingPolicyTemplate (ContainerDeletionChoosingPolicyTemplate.java:chooseContainerForBlockDeletion(83)) - Chosen 0/5000 blocks from 0 candidate containers.
2023-04-19 02:33:02,976 [SCMBlockDeletingService#0] DEBUG block.SCMBlockDeletingService (SCMBlockDeletingService.java:shouldRun(251)) - Check scm block delete run: true serviceStatus: RUNNING safemodeExitRunDelayMillis: 3000 alreadyWaitTimeInMillis: 12970
2023-04-19 02:33:02,977 [SCMBlockDeletingService#0] DEBUG block.SCMBlockDeletingService (SCMBlockDeletingService.java:call(154)) - Running DeletedBlockTransactionScanner
2023-04-19 02:33:02,987 [BlockDeletingService#2] INFO  interfaces.ContainerDeletionChoosingPolicyTemplate (ContainerDeletionChoosingPolicyTemplate.java:chooseContainerForBlockDeletion(83)) - Chosen 0/5000 blocks from 0 candidate containers.
2023-04-19 02:33:02,987 [BlockDeletingService#2] INFO  interfaces.ContainerDeletionChoosingPolicyTemplate (ContainerDeletionChoosingPolicyTemplate.java:chooseContainerForBlockDeletion(83)) - Chosen 0/5000 blocks from 0 candidate containers.
2023-04-19 02:33:02,993 [BlockDeletingService#7] INFO  interfaces.ContainerDeletionChoosingPolicyTemplate (ContainerDeletionChoosingPolicyTemplate.java:chooseContainerForBlockDeletion(83)) - Chosen 0/5000 blocks from 0 candidate containers.
2023-04-19 02:33:03,076 [SCMBlockDeletingService#0] DEBUG block.SCMBlockDeletingService (SCMBlockDeletingService.java:shouldRun(251)) - Check scm block delete run: true serviceStatus: RUNNING safemodeExitRunDelayMillis: 3000 alreadyWaitTimeInMillis: 13070
2023-04-19 02:33:03,077 [SCMBlockDeletingService#0] DEBUG block.SCMBlockDeletingService (SCMBlockDeletingService.java:call(154)) - Running DeletedBlockTransactionScanner
2023-04-19 02:33:03,087 [BlockDeletingService#2] INFO  interfaces.ContainerDeletionChoosingPolicyTemplate (ContainerDeletionChoosingPolicyTemplate.java:chooseContainerForBlockDeletion(83)) - Chosen 0/5000 blocks from 0 candidate containers.
2023-04-19 02:33:03,087 [BlockDeletingService#2] INFO  interfaces.ContainerDeletionChoosingPolicyTemplate (ContainerDeletionChoosingPolicyTemplate.java:chooseContainerForBlockDeletion(83)) - Chosen 0/5000 blocks from 0 candidate containers.
2023-04-19 02:33:03,093 [BlockDeletingService#7] INFO  interfaces.ContainerDeletionChoosingPolicyTemplate (ContainerDeletionChoosingPolicyTemplate.java:chooseContainerForBlockDeletion(83)) - Chosen 0/5000 blocks from 0 candidate containers.
2023-04-19 02:33:03,177 [SCMBlockDeletingService#0] DEBUG block.SCMBlockDeletingService (SCMBlockDeletingService.java:shouldRun(251)) - Check scm block delete run: true serviceStatus: RUNNING safemodeExitRunDelayMillis: 3000 alreadyWaitTimeInMillis: 13171
2023-04-19 02:33:03,177 [SCMBlockDeletingService#0] DEBUG block.SCMBlockDeletingService (SCMBlockDeletingService.java:call(154)) - Running DeletedBlockTransactionScanner
2023-04-19 02:33:03,187 [BlockDeletingService#2] INFO  interfaces.ContainerDeletionChoosingPolicyTemplate (ContainerDeletionChoosingPolicyTemplate.java:chooseContainerForBlockDeletion(83)) - Chosen 0/5000 blocks from 0 candidate containers.
2023-04-19 02:33:03,187 [BlockDeletingService#3] INFO  interfaces.ContainerDeletionChoosingPolicyTemplate (ContainerDeletionChoosingPolicyTemplate.java:chooseContainerForBlockDeletion(83)) - Chosen 0/5000 blocks from 0 candidate containers.
2023-04-19 02:33:03,193 [BlockDeletingService#7] INFO  interfaces.ContainerDeletionChoosingPolicyTemplate (ContainerDeletionChoosingPolicyTemplate.java:chooseContainerForBlockDeletion(83)) - Chosen 0/5000 blocks from 0 candidate containers.
2023-04-19 02:33:03,277 [SCMBlockDeletingService#0] DEBUG block.SCMBlockDeletingService (SCMBlockDeletingService.java:shouldRun(251)) - Check scm block delete run: true serviceStatus: RUNNING safemodeExitRunDelayMillis: 3000 alreadyWaitTimeInMillis: 13271
2023-04-19 02:33:03,277 [SCMBlockDeletingService#0] DEBUG block.SCMBlockDeletingService (SCMBlockDeletingService.java:call(154)) - Running DeletedBlockTransactionScanner
2023-04-19 02:33:03,288 [BlockDeletingService#2] INFO  interfaces.ContainerDeletionChoosingPolicyTemplate (ContainerDeletionChoosingPolicyTemplate.java:chooseContainerForBlockDeletion(83)) - Chosen 0/5000 blocks from 0 candidate containers.
2023-04-19 02:33:03,288 [BlockDeletingService#3] INFO  interfaces.ContainerDeletionChoosingPolicyTemplate (ContainerDeletionChoosingPolicyTemplate.java:chooseContainerForBlockDeletion(83)) - Chosen 0/5000 blocks from 0 candidate containers.
2023-04-19 02:33:03,294 [BlockDeletingService#7] INFO  interfaces.ContainerDeletionChoosingPolicyTemplate (ContainerDeletionChoosingPolicyTemplate.java:chooseContainerForBlockDeletion(83)) - Chosen 0/5000 blocks from 0 candidate containers.
2023-04-19 02:33:03,377 [SCMBlockDeletingService#0] DEBUG block.SCMBlockDeletingService (SCMBlockDeletingService.java:shouldRun(251)) - Check scm block delete run: true serviceStatus: RUNNING safemodeExitRunDelayMillis: 3000 alreadyWaitTimeInMillis: 13371
2023-04-19 02:33:03,377 [SCMBlockDeletingService#0] DEBUG block.SCMBlockDeletingService (SCMBlockDeletingService.java:call(154)) - Running DeletedBlockTransactionScanner
2023-04-19 02:33:03,388 [BlockDeletingService#2] INFO  interfaces.ContainerDeletionChoosingPolicyTemplate (ContainerDeletionChoosingPolicyTemplate.java:chooseContainerForBlockDeletion(83)) - Chosen 0/5000 blocks from 0 candidate containers.
2023-04-19 02:33:03,388 [BlockDeletingService#3] INFO  interfaces.ContainerDeletionChoosingPolicyTemplate (ContainerDeletionChoosingPolicyTemplate.java:chooseContainerForBlockDeletion(83)) - Chosen 0/5000 blocks from 0 candidate containers.
2023-04-19 02:33:03,394 [BlockDeletingService#7] INFO  interfaces.ContainerDeletionChoosingPolicyTemplate (ContainerDeletionChoosingPolicyTemplate.java:chooseContainerForBlockDeletion(83)) - Chosen 0/5000 blocks from 0 candidate containers.
2023-04-19 02:33:03,477 [SCMBlockDeletingService#0] DEBUG block.SCMBlockDeletingService (SCMBlockDeletingService.java:shouldRun(251)) - Check scm block delete run: true serviceStatus: RUNNING safemodeExitRunDelayMillis: 3000 alreadyWaitTimeInMillis: 13471
2023-04-19 02:33:03,477 [SCMBlockDeletingService#0] DEBUG block.SCMBlockDeletingService (SCMBlockDeletingService.java:call(154)) - Running DeletedBlockTransactionScanner
2023-04-19 02:33:03,488 [BlockDeletingService#2] INFO  interfaces.ContainerDeletionChoosingPolicyTemplate (ContainerDeletionChoosingPolicyTemplate.java:chooseContainerForBlockDeletion(83)) - Chosen 0/5000 blocks from 0 candidate containers.
2023-04-19 02:33:03,488 [BlockDeletingService#3] INFO  interfaces.ContainerDeletionChoosingPolicyTemplate (ContainerDeletionChoosingPolicyTemplate.java:chooseContainerForBlockDeletion(83)) - Chosen 0/5000 blocks from 0 candidate containers.
2023-04-19 02:33:03,495 [BlockDeletingService#7] INFO  interfaces.ContainerDeletionChoosingPolicyTemplate (ContainerDeletionChoosingPolicyTemplate.java:chooseContainerForBlockDeletion(83)) - Chosen 0/5000 blocks from 0 candidate containers.
2023-04-19 02:33:03,576 [org.apache.hadoop.ozone.container.common.statemachine.commandhandler.DeleteBlocksCommandHandler$DeleteCmdWorker@1c02cc84] INFO  commandhandler.DeleteBlocksCommandHandler (DeleteBlocksCommandHandler.java:processCmd(275)) - Start to delete container blocks, TXIDs=[1(12),2(12),3(12),4(12),5(12),6(12)], numOfContainers=6, numOfBlocks=6
2023-04-19 02:33:03,577 [DeleteBlocksCommandHandlerThread-3] INFO  commandhandler.DeleteBlocksCommandHandler (DeleteBlocksCommandHandler.java:logDeleteTransaction(493)) - Delete blocks for containerId: 2 is either received out of order or retried, 2 <= 2
2023-04-19 02:33:03,577 [DeleteBlocksCommandHandlerThread-4] INFO  commandhandler.DeleteBlocksCommandHandler (DeleteBlocksCommandHandler.java:logDeleteTransaction(493)) - Delete blocks for containerId: 3 is either received out of order or retried, 3 <= 3
2023-04-19 02:33:03,577 [DeleteBlocksCommandHandlerThread-4] INFO  commandhandler.DeleteBlocksCommandHandler (INFO  commandhandler.DeleteBlocksCommandHandler (DeleteBlocksCommandHandler.java:logDeleteTransaction(493)) - Delete blocks for containerId: 4 is either received out of order or retried, 4 <= 4
2023-04-19 02:33:03,577 [DeleteBlocksCommandHandlerThread-4] INFO  commandhandler.DeleteBlocksCommandHandler (DeleteBlocksCommandHandler.java:logDeleteTransaction(493)) - Delete blocks for containerId: 5 is either received out of order or retried, 5 <= 5
2023-04-19 02:33:03,577 [DeleteBlocksCommandHandlerThread-3] INFO  commandhandler.DeleteBlocksCommandHandler (DeleteBlocksCommandHandler.java:logDeleteTransaction(493)) - Delete blocks for containerId: 6 is either received out of order or retried, 6 <= 6
2023-04-19 02:33:03,577 [DeleteBlocksCommandHandlerThread-0] INFO  commandhandler.DeleteBlocksCommandHandler (DeleteBlocksCommandHandler.java:logDeleteTransaction(493)) - Delete blocks for containerId: 1 is either received out of order or retried, 1 <= 1
2023-04-19 02:33:03,577 [org.apache.hadoop.ozone.container.common.statemachine.commandhandler.DeleteBlocksCommandHandler$DeleteCmdWorker@1c02cc84] INFO  commandhandler.DeleteBlocksCommandHandler (SCMBlockDeletingService.java:shouldRun(251)) - Check scm block delete run: true serviceStatus: RUNNING safemodeExitRunDelayMillis: 3000 alreadyWaitTimeInMillis: 13571
2023-04-19 02:33:03,577 [SCMBlockDeletingService#0] DEBUG block.SCMBlockDeletingService (DeleteBlocksCommandHandler.java:processCmd(275)) - Start to delete container blocks, TXIDs=[1(13),2(13),3(13),4(13),5(13),6(13)], numOfContainers=6, numOfBlocks=6
SCMBlockDeletingService.java:call(154)) - Running DeletedBlockTransactionScanner
2023-04-19 02:33:03,577 [org.apache.hadoop.ozone.container.common.statemachine.commandhandler.DeleteBlocksCommandHandler$DeleteCmdWorker@1c02cc84] INFO  commandhandler.DeleteBlocksCommandHandler (DeleteBlocksCommandHandler.java:processCmd(275)) - Start to delete container blocks, TXIDs=[1(13),2(13),3(13),4(13),5(13),6(13)], numOfContainers=6, numOfBlocks=6
2023-04-19 02:33:03,577 [DeleteBlocksCommandHandlerThread-4] INFO  commandhandler.DeleteBlocksCommandHandler (DeleteBlocksCommandHandler.java:logDeleteTransaction(493)) - Delete blocks for containerId: 1 is either received out of order or retried, 1 <= 1
2023-04-19 02:33:03,578 [DeleteBlocksCommandHandlerThread-4] INFO  commandhandler.DeleteBlocksCommandHandler (DeleteBlocksCommandHandler.java:logDeleteTransaction(493)) - Delete blocks for containerId: 2 is either received out of order or retried, 2 <= 2
2023-04-19 02:33:03,578 [DeleteBlocksCommandHandlerThread-4] INFO  commandhandler.DeleteBlocksCommandHandler (DeleteBlocksCommandHandler.java:logDeleteTransaction(493)) - Delete blocks for containerId: 3 is either received out of order or retried, 3 <= 3
2023-04-19 02:33:03,578 [DeleteBlocksCommandHandlerThread-4] INFO  commandhandler.DeleteBlocksCommandHandler (DeleteBlocksCommandHandler.java:logDeleteTransaction(493)) - Delete blocks for containerId: 4 is either received out of order or retried, 4 <= 4
2023-04-19 02:33:03,578 [DeleteBlocksCommandHandlerThread-4] INFO  commandhandler.DeleteBlocksCommandHandler (DeleteBlocksCommandHandler.java:logDeleteTransaction(493)) - Delete blocks for containerId: 5 is either received out of order or retried, 5 <= 5
2023-04-19 02:33:03,578 [DeleteBlocksCommandHandlerThread-4] INFO  commandhandler.DeleteBlocksCommandHandler (DeleteBlocksCommandHandler.java:logDeleteTransaction(493)) - Delete blocks for containerId: 6 is either received out of order or retried, 6 <= 6
2023-04-19 02:33:03,588 [BlockDeletingService#2] INFO  interfaces.ContainerDeletionChoosingPolicyTemplate (ContainerDeletionChoosingPolicyTemplate.java:chooseContainerForBlockDeletion(83)) - Chosen 0/5000 blocks from 0 candidate containers.
2023-04-19 02:33:03,589 [BlockDeletingService#3] INFO  interfaces.ContainerDeletionChoosingPolicyTemplate (ContainerDeletionChoosingPolicyTemplate.java:chooseContainerForBlockDeletion(83)) - Chosen 0/5000 blocks from 0 candidate containers.
2023-04-19 02:33:03,597 [BlockDeletingService#7] INFO  interfaces.ContainerDeletionChoosingPolicyTemplate (ContainerDeletionChoosingPolicyTemplate.java:chooseContainerForBlockDeletion(83)) - Chosen 12/4988 blocks from 6 candidate containers.
2023-04-19 02:33:03,597 [BlockDeletingService#7] WARN  keyvalue.KeyValueHandler (KeyValueHandler.java:deleteUnreferenced(1211)) - Missing delete block(Container = 1, Block = 111677748019200001
2023-04-19 02:33:03,597 [BlockDeletingService#4] WARN  keyvalue.KeyValueHandler (KeyValueHandler.java:deleteUnreferenced(1211)) - Missing delete block(Container = 5, Block = 111677748019200005
2023-04-19 02:33:03,597 [BlockDeletingService#7] WARN  keyvalue.KeyValueHandler (KeyValueHandler.java:deleteUnreferenced(1211)) - Missing delete block(Container = 4, Block = 111677748019200004
2023-04-19 02:33:03,598 [BlockDeletingService#6] WARN  keyvalue.KeyValueHandler (KeyValueHandler.java:deleteUnreferenced(1211)) - Missing delete block(Container = 6, Block = 111677748019200006
2023-04-19 02:33:03,597 [BlockDeletingService#4] WARN  keyvalue.KeyValueHandler (KeyValueHandler.java:deleteUnreferenced(1211)) - Missing delete block(Container = 3, Block = 111677748019200003
2023-04-19 02:33:03,598 [BlockDeletingService#9] WARN  keyvalue.KeyValueHandler (KeyValueHandler.java:deleteUnreferenced(1211)) - Missing delete block(Container = 2, Block = 111677748019200002
2023-04-19 02:33:03,677 [SCMBlockDeletingService#0] DEBUG block.SCMBlockDeletingService (SCMBlockDeletingService.java:shouldRun(251)) - Check scm block delete run: true serviceStatus: RUNNING safemodeExitRunDelayMillis: 3000 alreadyWaitTimeInMillis: 13671
2023-04-19 02:33:03,677 [SCMBlockDeletingService#0] DEBUG block.SCMBlockDeletingService (SCMBlockDeletingService.java:call(154)) - Running DeletedBlockTransactionScanner
2023-04-19 02:33:03,689 [BlockDeletingService#2] INFO  interfaces.ContainerDeletionChoosingPolicyTemplate (ContainerDeletionChoosingPolicyTemplate.java:chooseContainerForBlockDeletion(83)) - Chosen 0/5000 blocks from 0 candidate containers.
2023-04-19 02:33:03,689 [BlockDeletingService#3] INFO  interfaces.ContainerDeletionChoosingPolicyTemplate (ContainerDeletionChoosingPolicyTemplate.java:chooseContainerForBlockDeletion(83)) - Chosen 0/5000 blocks from 0 candidate containers.
2023-04-19 02:33:03,699 [BlockDeletingService#7] INFO  interfaces.ContainerDeletionChoosingPolicyTemplate (ContainerDeletionChoosingPolicyTemplate.java:chooseContainerForBlockDeletion(83)) - Chosen 6/4994 blocks from 6 candidate containers.
2023-04-19 02:33:03,699 [BlockDeletingService#7] INFO  background.BlockDeletingService (BlockDeletingService.java:deleteViaTransactionStore(483)) - No transaction found in container 6 with pending delete block count 1
2023-04-19 02:33:03,699 [BlockDeletingService#1] INFO  background.BlockDeletingService (BlockDeletingService.java:deleteViaTransactionStore(483)) - No transaction found in container 1 with pending delete block count 1
2023-04-19 02:33:03,699 [BlockDeletingService#7] INFO  background.BlockDeletingService (BlockDeletingService.java:deleteViaTransactionStore(483)) - No transaction found in container 5 with pending delete block count 1
2023-04-19 02:33:03,700 [BlockDeletingService#1] INFO  background.BlockDeletingService (BlockDeletingService.java:deleteViaTransactionStore(483)) - No transaction found in container 4 with pending delete block count 1
2023-04-19 02:33:03,700 [BlockDeletingService#7] INFO  background.BlockDeletingService (BlockDeletingService.java:deleteViaTransactionStore(483)) - No transaction found in container 3 with pending delete block count 1
2023-04-19 02:33:03,700 [BlockDeletingService#1] INFO  background.BlockDeletingService (BlockDeletingService.java:deleteViaTransactionStore(483)) - No transaction found in container 2 with pending delete block count 1
2023-04-19 02:33:03,750 [EventQueue-DeleteBlockStatusForDeletedBlockLogImpl] DEBUG block.DeletedBlockLogImpl (DeletedBlockLogImpl.java:isTransactionFailed(314)) - Got block deletion ACK from datanode, TXIDs=1, success=true
2023-04-19 02:33:03,750 [EventQueue-DeleteBlockStatusForDeletedBlockLogImpl] DEBUG block.DeletedBlockLogImpl (DeletedBlockLogImpl.java:commitTransactions(260)) - Transaction txId=1 commit by dnId=15488c1c-ff1a-49f6-9596-cf663845e1ec for containerID=#1 failed. Corresponding entry not found.
2023-04-19 02:33:03,750 [EventQueue-DeleteBlockStatusForDeletedBlockLogImpl] DEBUG block.DeletedBlockLogImpl (DeletedBlockLogImpl.java:isTransactionFailed(314)) - Got block deletion ACK from datanode, TXIDs=2, success=true
2023-04-19 02:33:03,750 [EventQueue-DeleteBlockStatusForDeletedBlockLogImpl] DEBUG block.DeletedBlockLogImpl (DeletedBlockLogImpl.java:commitTransactions(260)) - Transaction txId=2 commit by dnId=15488c1c-ff1a-49f6-9596-cf663845e1ec for containerID=#2 failed. Corresponding entry not found.
2023-04-19 02:33:03,750 [EventQueue-DeleteBlockStatusForDeletedBlockLogImpl] DEBUG block.DeletedBlockLogImpl (DeletedBlockLogImpl.java:isTransactionFailed(314)) - Got block deletion ACK from datanode, TXIDs=3, success=true
2023-04-19 02:33:03,750 [EventQueue-DeleteBlockStatusForDeletedBlockLogImpl] DEBUG block.DeletedBlockLogImpl (DeletedBlockLogImpl.java:commitTransactions(260)) - Transaction txId=3 commit by dnId=15488c1c-ff1a-49f6-9596-cf663845e1ec for containerID=#3 failed. Corresponding entry not found.
2023-04-19 02:33:03,750 [EventQueue-DeleteBlockStatusForDeletedBlockLogImpl] DEBUG block.DeletedBlockLogImpl (DeletedBlockLogImpl.java:isTransactionFailed(314)) - Got block deletion ACK from datanode, TXIDs=4, success=true
2023-04-19 02:33:03,751 [EventQueue-DeleteBlockStatusForDeletedBlockLogImpl] DEBUG block.DeletedBlockLogImpl (DeletedBlockLogImpl.java:commitTransactions(260)) - Transaction txId=4 commit by dnId=15488c1c-ff1a-49f6-9596-cf663845e1ec for containerID=#4 failed. Corresponding entry not found.
2023-04-19 02:33:03,751 [EventQueue-DeleteBlockStatusForDeletedBlockLogImpl] DEBUG block.DeletedBlockLogImpl (DeletedBlockLogImpl.java:isTransactionFailed(314)) - Got block deletion ACK from datanode, TXIDs=5, success=true
2023-04-19 02:33:03,751 [EventQueue-DeleteBlockStatusForDeletedBlockLogImpl] DEBUG block.DeletedBlockLogImpl (DeletedBlockLogImpl.java:commitTransactions(260)) - Transaction txId=5 commit by dnId=15488c1c-ff1a-49f6-9596-cf663845e1ec for containerID=#5 failed. Corresponding entry not found.
2023-04-19 02:33:03,751 [EventQueue-DeleteBlockStatusForDeletedBlockLogImpl] DEBUG block.DeletedBlockLogImpl (DeletedBlockLogImpl.java:isTransactionFailed(314)) - Got block deletion ACK from datanode, TXIDs=6, success=true
2023-04-19 02:33:03,751 [EventQueue-DeleteBlockStatusForDeletedBlockLogImpl] DEBUG block.DeletedBlockLogImpl (DeletedBlockLogImpl.java:commitTransactions(260)) - Transaction txId=6 commit by dnId=15488c1c-ff1a-49f6-9596-cf663845e1ec for containerID=#6 failed. Corresponding entry not found.
2023-04-19 02:33:03,751 [EventQueue-DeleteBlockStatusForDeletedBlockLogImpl] DEBUG block.DeletedBlockLogImpl (DeletedBlockLogImpl.java:isTransactionFailed(314)) - Got block deletion ACK from datanode, TXIDs=1, success=true
2023-04-19 02:33:03,751 [EventQueue-DeleteBlockStatusForDeletedBlockLogImpl] DEBUG block.DeletedBlockLogImpl (DeletedBlockLogImpl.java:commitTransactions(260)) - Transaction txId=1 commit by dnId=15488c1c-ff1a-49f6-9596-cf663845e1ec for containerID=#1 failed. Corresponding entry not found.
2023-04-19 02:33:03,751 [EventQueue-DeleteBlockStatusForDeletedBlockLogImpl] DEBUG block.DeletedBlockLogImpl (DeletedBlockLogImpl.java:isTransactionFailed(314)) - Got block deletion ACK from datanode, TXIDs=2, success=true
2023-04-19 02:33:03,751 [EventQueue-DeleteBlockStatusForDeletedBlockLogImpl] DEBUG block.DeletedBlockLogImpl (DeletedBlockLogImpl.java:commitTransactions(260)) - Transaction txId=2 commit by dnId=15488c1c-ff1a-49f6-9596-cf663845e1ec for containerID=#2 failed. Corresponding entry not found.
2023-04-19 02:33:03,751 [EventQueue-DeleteBlockStatusForDeletedBlockLogImpl] DEBUG block.DeletedBlockLogImpl (DeletedBlockLogImpl.java:isTransactionFailed(314)) - Got block deletion ACK from datanode, TXIDs=3, success=true
2023-04-19 02:33:03,751 [EventQueue-DeleteBlockStatusForDeletedBlockLogImpl] DEBUG block.DeletedBlockLogImpl (DeletedBlockLogImpl.java:commitTransactions(260)) - Transaction txId=3 commit by dnId=15488c1c-ff1a-49f6-9596-cf663845e1ec for containerID=#3 failed. Corresponding entry not found.
2023-04-19 02:33:03,751 [EventQueue-DeleteBlockStatusForDeletedBlockLogImpl] DEBUG block.DeletedBlockLogImpl (DeletedBlockLogImpl.java:isTransactionFailed(314)) - Got block deletion ACK from datanode, TXIDs=4, success=true
2023-04-19 02:33:03,751 [EventQueue-DeleteBlockStatusForDeletedBlockLogImpl] DEBUG block.DeletedBlockLogImpl (DeletedBlockLogImpl.java:commitTransactions(260)) - Transaction txId=4 commit by dnId=15488c1c-ff1a-49f6-9596-cf663845e1ec for containerID=#4 failed. Corresponding entry not found.
2023-04-19 02:33:03,751 [EventQueue-DeleteBlockStatusForDeletedBlockLogImpl] DEBUG block.DeletedBlockLogImpl (DeletedBlockLogImpl.java:isTransactionFailed(314)) - Got block deletion ACK from datanode, TXIDs=5, success=true
2023-04-19 02:33:03,751 [EventQueue-DeleteBlockStatusForDeletedBlockLogImpl] DEBUG block.DeletedBlockLogImpl (DeletedBlockLogImpl.java:commitTransactions(260)) - Transaction txId=5 commit by dnId=15488c1c-ff1a-49f6-9596-cf663845e1ec for containerID=#5 failed. Corresponding entry not found.
2023-04-19 02:33:03,751 [EventQueue-DeleteBlockStatusForDeletedBlockLogImpl] DEBUG block.DeletedBlockLogImpl (DeletedBlockLogImpl.java:isTransactionFailed(314)) - Got block deletion ACK from datanode, TXIDs=6, success=true
2023-04-19 02:33:03,751 [EventQueue-DeleteBlockStatusForDeletedBlockLogImpl] DEBUG block.DeletedBlockLogImpl (DeletedBlockLogImpl.java:commitTransactions(260)) - Transaction txId=6 commit by dnId=15488c1c-ff1a-49f6-9596-cf663845e1ec for containerID=#6 failed. Corresponding entry not found.
2023-04-19 02:33:03,777 [SCMBlockDeletingService#0] DEBUG block.SCMBlockDeletingService (SCMBlockDeletingService.java:shouldRun(251)) - Check scm block delete run: true serviceStatus: RUNNING safemodeExitRunDelayMillis: 3000 alreadyWaitTimeInMillis: 13771
2023-04-19 02:33:03,778 [SCMBlockDeletingService#0] DEBUG block.SCMBlockDeletingService (SCMBlockDeletingService.java:call(154)) - Running DeletedBlockTransactionScanner
2023-04-19 02:33:03,789 [BlockDeletingService#2] INFO  interfaces.ContainerDeletionChoosingPolicyTemplate (ContainerDeletionChoosingPolicyTemplate.java:chooseContainerForBlockDeletion(83)) - Chosen 0/5000 blocks from 0 candidate containers.
2023-04-19 02:33:03,789 [BlockDeletingService#3] INFO  interfaces.ContainerDeletionChoosingPolicyTemplate (ContainerDeletionChoosingPolicyTemplate.java:chooseContainerForBlockDeletion(83)) - Chosen 0/5000 blocks from 0 candidate containers.
2023-04-19 02:33:03,799 [BlockDeletingService#7] INFO  interfaces.ContainerDeletionChoosingPolicyTemplate (ContainerDeletionChoosingPolicyTemplate.java:chooseContainerForBlockDeletion(83)) - Chosen 0/5000 blocks from 0 candidate containers.
2023-04-19 02:33:03,878 [SCMBlockDeletingService#0] DEBUG block.SCMBlockDeletingService (SCMBlockDeletingService.java:shouldRun(251)) - Check scm block delete run: true serviceStatus: RUNNING safemodeExitRunDelayMillis: 3000 alreadyWaitTimeInMillis: 13872
2023-04-19 02:33:03,878 [SCMBlockDeletingService#0] DEBUG block.SCMBlockDeletingService (SCMBlockDeletingService.java:call(154)) - Running DeletedBlockTransactionScanner
2023-04-19 02:33:03,889 [BlockDeletingService#2] INFO  interfaces.ContainerDeletionChoosingPolicyTemplate (ContainerDeletionChoosingPolicyTemplate.java:chooseContainerForBlockDeletion(83)) - Chosen 0/5000 blocks from 0 candidate containers.
2023-04-19 02:33:03,889 [BlockDeletingService#3] INFO  interfaces.ContainerDeletionChoosingPolicyTemplate (ContainerDeletionChoosingPolicyTemplate.java:chooseContainerForBlockDeletion(83)) - Chosen 0/5000 blocks from 0 candidate containers.
2023-04-19 02:33:03,899 [BlockDeletingService#7] INFO  interfaces.ContainerDeletionChoosingPolicyTemplate (ContainerDeletionChoosingPolicyTemplate.java:chooseContainerForBlockDeletion(83)) - Chosen 0/5000 blocks from 0 candidate containers.
2023-04-19 02:33:03,910 [org.apache.hadoop.ozone.container.common.statemachine.commandhandler.DeleteBlocksCommandHandler$DeleteCmdWorker@2c01480f] INFO  commandhandler.DeleteBlocksCommandHandler (DeleteBlocksCommandHandler.java:processCmd(275)) - Start to delete container blocks, TXIDs=[1(11),2(11),3(11),4(11),5(11),6(11)], numOfContainers=6, numOfBlocks=6
2023-04-19 02:33:03,910 [DeleteBlocksCommandHandlerThread-0] INFO  commandhandler.DeleteBlocksCommandHandler (DeleteBlocksCommandHandler.java:logDeleteTransaction(493)) - Delete blocks for containerId: 2 is either received out of order or retried, 2 <= 2
2023-04-19 02:33:03,910 [DeleteBlocksCommandHandlerThread-1] INFO  commandhandler.DeleteBlocksCommandHandler (DeleteBlocksCommandHandler.java:logDeleteTransaction(493)) - Delete blocks for containerId: 3 is either received out of order or retried, 3 <= 3
2023-04-19 02:33:03,910 [DeleteBlocksCommandHandlerThread-2] INFO  commandhandler.DeleteBlocksCommandHandler (DeleteBlocksCommandHandler.java:logDeleteTransaction(493)) - Delete blocks for containerId: 4 is either received out of order or retried, 4 <= 4
2023-04-19 02:33:03,910 [DeleteBlocksCommandHandlerThread-0] INFO  commandhandler.DeleteBlocksCommandHandler (DeleteBlocksCommandHandler.java:logDeleteTransaction(493)) - Delete blocks for containerId: 5 is either received out of order or retried, 5 <= 5
2023-04-19 02:33:03,910 [DeleteBlocksCommandHandlerThread-4] INFO  commandhandler.DeleteBlocksCommandHandler (DeleteBlocksCommandHandler.java:logDeleteTransaction(493)) - Delete blocks for containerId: 6 is either received out of order or retried, 6 <= 6
2023-04-19 02:33:03,910 [DeleteBlocksCommandHandlerThread-3] INFO  commandhandler.DeleteBlocksCommandHandler (DeleteBlocksCommandHandler.java:logDeleteTransaction(493)) - Delete blocks for containerId: 1 is either received out of order or retried, 1 <= 1
2023-04-19 02:33:03,911 [org.apache.hadoop.ozone.container.common.statemachine.commandhandler.DeleteBlocksCommandHandler$DeleteCmdWorker@2c01480f] INFO  commandhandler.DeleteBlocksCommandHandler (DeleteBlocksCommandHandler.java:processCmd(275)) - Start to delete container blocks, TXIDs=[1(12),2(12),3(12),4(12),5(12),6(12)], numOfContainers=6, numOfBlocks=6
2023-04-19 02:33:03,911 [DeleteBlocksCommandHandlerThread-0] INFO  commandhandler.DeleteBlocksCommandHandler (DeleteBlocksCommandHandler.java:logDeleteTransaction(493)) - Delete blocks for containerId: 1 is either received out of order or retried, 1 <= 1
2023-04-19 02:33:03,911 [DeleteBlocksCommandHandlerThread-0] INFO  commandhandler.DeleteBlocksCommandHandler (DeleteBlocksCommandHandler.java:logDeleteTransaction(493)) - Delete blocks for containerId: 2 is either received out of order or retried, 2 <= 2
2023-04-19 02:33:03,911 [DeleteBlocksCommandHandlerThread-0] INFO  commandhandler.DeleteBlocksCommandHandler (DeleteBlocksCommandHandler.java:logDeleteTransaction(493)) - Delete blocks for containerId: 3 is either received out of order or retried, 3 <= 3
2023-04-19 02:33:03,911 [DeleteBlocksCommandHandlerThread-0] INFO  commandhandler.DeleteBlocksCommandHandler (DeleteBlocksCommandHandler.java:logDeleteTransaction(493)) - Delete blocks for containerId: 4 is either received out of order or retried, 4 <= 4
2023-04-19 02:33:03,911 [DeleteBlocksCommandHandlerThread-0] INFO  commandhandler.DeleteBlocksCommandHandler (DeleteBlocksCommandHandler.java:logDeleteTransaction(493)) - Delete blocks for containerId: 5 is either received out of order or retried, 5 <= 5
2023-04-19 02:33:03,912 [DeleteBlocksCommandHandlerThread-0] INFO  commandhandler.DeleteBlocksCommandHandler (DeleteBlocksCommandHandler.java:logDeleteTransaction(493)) - Delete blocks for containerId: 6 is either received out of order or retried, 6 <= 6
2023-04-19 02:33:03,912 [org.apache.hadoop.ozone.container.common.statemachine.commandhandler.DeleteBlocksCommandHandler$DeleteCmdWorker@2c01480f] INFO  commandhandler.DeleteBlocksCommandHandler (DeleteBlocksCommandHandler.java:processCmd(275)) - Start to delete container blocks, TXIDs=[1(13),2(13),3(13),4(13),5(13),6(13)], numOfContainers=6, numOfBlocks=6
2023-04-19 02:33:03,912 [DeleteBlocksCommandHandlerThread-0] INFO  commandhandler.DeleteBlocksCommandHandler (DeleteBlocksCommandHandler.java:logDeleteTransaction(493)) - Delete blocks for containerId: 1 is either received out of order or retried, 1 <= 1
2023-04-19 02:33:03,912 [DeleteBlocksCommandHandlerThread-1] INFO  commandhandler.DeleteBlocksCommandHandler (DeleteBlocksCommandHandler.java:logDeleteTransaction(493)) - Delete blocks for containerId: 3 is either received out of order or retried, 3 <= 3
2023-04-19 02:33:03,912 [DeleteBlocksCommandHandlerThread-0] INFO  commandhandler.DeleteBlocksCommandHandler (DeleteBlocksCommandHandler.java:logDeleteTransaction(493)) - Delete blocks for containerId: 4 is either received out of order or retried, 4 <= 4
2023-04-19 02:33:03,912 [DeleteBlocksCommandHandlerThread-1] INFO  commandhandler.DeleteBlocksCommandHandler (DeleteBlocksCommandHandler.java:logDeleteTransaction(493)) - Delete blocks for containerId: 5 is either received out of order or retried, 5 <= 5
2023-04-19 02:33:03,912 [DeleteBlocksCommandHandlerThread-0] INFO  commandhandler.DeleteBlocksCommandHandler (DeleteBlocksCommandHandler.java:logDeleteTransaction(493)) - Delete blocks for containerId: 6 is either received out of order or retried, 6 <= 6
2023-04-19 02:33:03,912 [DeleteBlocksCommandHandlerThread-2] INFO  commandhandler.DeleteBlocksCommandHandler (DeleteBlocksCommandHandler.java:logDeleteTransaction(493)) - Delete blocks for containerId: 2 is either received out of order or retried, 2 <= 2
2023-04-19 02:33:03,912 [org.apache.hadoop.ozone.container.common.statemachine.commandhandler.DeleteBlocksCommandHandler$DeleteCmdWorker@2c01480f] INFO  commandhandler.DeleteBlocksCommandHandler (DeleteBlocksCommandHandler.java:processCmd(275)) - Start to delete container blocks, TXIDs=[1(14),2(14),3(14),4(14),5(14),6(14)], numOfContainers=6, numOfBlocks=6
logDeleteTransaction(493)) - Delete blocks for containerId: 1 is either received out of order or retried, 1 <= 1
2023-04-19 02:33:03,912 [DeleteBlocksCommandHandlerThread-2] INFO  commandhandler.DeleteBlocksCommandHandler (DeleteBlocksCommandHandler.java:logDeleteTransaction(493)) - Delete blocks for containerId: 3 is either received out of order or retried, 3 <= 3
2023-04-19 02:33:03,913 [DeleteBlocksCommandHandlerThread-1] INFO  commandhandler.DeleteBlocksCommandHandler (DeleteBlocksCommandHandler.java:logDeleteTransaction(493)) - Delete blocks for containerId: 4 is either received out of order or retried, 4 <= 4
2023-04-19 02:33:03,913 [DeleteBlocksCommandHandlerThread-2] INFO  commandhandler.DeleteBlocksCommandHandler (DeleteBlocksCommandHandler.java:logDeleteTransaction(493)) - Delete blocks for containerId: 5 is either received out of order or retried, 5 <= 5
2023-04-19 02:33:03,913 [DeleteBlocksCommandHandlerThread-1] INFO  commandhandler.DeleteBlocksCommandHandler (DeleteBlocksCommandHandler.java:logDeleteTransaction(493)) - Delete blocks for containerId: 6 is either received out of order or retried, 6 <= 6
2023-04-19 02:33:03,912 [DeleteBlocksCommandHandlerThread-0] INFO  commandhandler.DeleteBlocksCommandHandler (DeleteBlocksCommandHandler.java:logDeleteTransaction(493)) - Delete blocks for containerId: 2 is either received out of order or retried, 2 <= 2
2023-04-19 02:33:03,971 [EventQueue-DeleteBlockStatusForDeletedBlockLogImpl] DEBUG block.DeletedBlockLogImpl (DeletedBlockLogImpl.java:isTransactionFailed(314)) - Got block deletion ACK from datanode, TXIDs=1, success=true
2023-04-19 02:33:03,971 [EventQueue-DeleteBlockStatusForDeletedBlockLogImpl] DEBUG block.DeletedBlockLogImpl (DeletedBlockLogImpl.java:commitTransactions(260)) - Transaction txId=1 commit by dnId=4b35ffa0-8f73-49c2-95c0-d3e82f30c132 for containerID=#1 failed. Corresponding entry not found.
2023-04-19 02:33:03,971 [EventQueue-DeleteBlockStatusForDeletedBlockLogImpl] DEBUG block.DeletedBlockLogImpl (DeletedBlockLogImpl.java:isTransactionFailed(314)) - Got block deletion ACK from datanode, TXIDs=2, success=true
2023-04-19 02:33:03,971 [EventQueue-DeleteBlockStatusForDeletedBlockLogImpl] DEBUG block.DeletedBlockLogImpl (DeletedBlockLogImpl.java:commitTransactions(260)) - Transaction txId=2 commit by dnId=4b35ffa0-8f73-49c2-95c0-d3e82f30c132 for containerID=#2 failed. Corresponding entry not found.
2023-04-19 02:33:03,971 [EventQueue-DeleteBlockStatusForDeletedBlockLogImpl] DEBUG block.DeletedBlockLogImpl (DeletedBlockLogImpl.java:isTransactionFailed(314)) - Got block deletion ACK from datanode, TXIDs=3, success=true
2023-04-19 02:33:03,971 [EventQueue-DeleteBlockStatusForDeletedBlockLogImpl] DEBUG block.DeletedBlockLogImpl (DeletedBlockLogImpl.java:commitTransactions(260)) - Transaction txId=3 commit by dnId=4b35ffa0-8f73-49c2-95c0-d3e82f30c132 for containerID=#3 failed. Corresponding entry not found.
2023-04-19 02:33:03,971 [EventQueue-DeleteBlockStatusForDeletedBlockLogImpl] DEBUG block.DeletedBlockLogImpl (DeletedBlockLogImpl.java:isTransactionFailed(314)) - Got block deletion ACK from datanode, TXIDs=4, success=true
2023-04-19 02:33:03,971 [EventQueue-DeleteBlockStatusForDeletedBlockLogImpl] DEBUG block.DeletedBlockLogImpl (DeletedBlockLogImpl.java:commitTransactions(260)) - Transaction txId=4 commit by dnId=4b35ffa0-8f73-49c2-95c0-d3e82f30c132 for containerID=#4 failed. Corresponding entry not found.
2023-04-19 02:33:03,971 [EventQueue-DeleteBlockStatusForDeletedBlockLogImpl] DEBUG block.DeletedBlockLogImpl (DeletedBlockLogImpl.java:isTransactionFailed(314)) - Got block deletion ACK from datanode, TXIDs=5, success=true
2023-04-19 02:33:03,971 [EventQueue-DeleteBlockStatusForDeletedBlockLogImpl] DEBUG block.DeletedBlockLogImpl (DeletedBlockLogImpl.java:commitTransactions(260)) - Transaction txId=5 commit by dnId=4b35ffa0-8f73-49c2-95c0-d3e82f30c132 for containerID=#5 failed. Corresponding entry not found.
2023-04-19 02:33:03,971 [EventQueue-DeleteBlockStatusForDeletedBlockLogImpl] DEBUG block.DeletedBlockLogImpl (DeletedBlockLogImpl.java:isTransactionFailed(314)) - Got block deletion ACK from datanode, TXIDs=6, success=true
2023-04-19 02:33:03,971 [EventQueue-DeleteBlockStatusForDeletedBlockLogImpl] DEBUG block.DeletedBlockLogImpl (DeletedBlockLogImpl.java:commitTransactions(260)) - Transaction txId=6 commit by dnId=4b35ffa0-8f73-49c2-95c0-d3e82f30c132 for containerID=#6 failed. Corresponding entry not found.
2023-04-19 02:33:03,971 [EventQueue-DeleteBlockStatusForDeletedBlockLogImpl] DEBUG block.DeletedBlockLogImpl (DeletedBlockLogImpl.java:isTransactionFailed(314)) - Got block deletion ACK from datanode, TXIDs=1, success=true
2023-04-19 02:33:03,971 [EventQueue-DeleteBlockStatusForDeletedBlockLogImpl] DEBUG block.DeletedBlockLogImpl (DeletedBlockLogImpl.java:commitTransactions(260)) - Transaction txId=1 commit by dnId=4b35ffa0-8f73-49c2-95c0-d3e82f30c132 for containerID=#1 failed. Corresponding entry not found.
2023-04-19 02:33:03,971 [EventQueue-DeleteBlockStatusForDeletedBlockLogImpl] DEBUG block.DeletedBlockLogImpl (DeletedBlockLogImpl.java:isTransactionFailed(314)) - Got block deletion ACK from datanode, TXIDs=2, success=true
2023-04-19 02:33:03,971 [EventQueue-DeleteBlockStatusForDeletedBlockLogImpl] DEBUG block.DeletedBlockLogImpl (DeletedBlockLogImpl.java:commitTransactions(260)) - Transaction txId=2 commit by dnId=4b35ffa0-8f73-49c2-95c0-d3e82f30c132 for containerID=#2 failed. Corresponding entry not found.
2023-04-19 02:33:03,971 [EventQueue-DeleteBlockStatusForDeletedBlockLogImpl] DEBUG block.DeletedBlockLogImpl (DeletedBlockLogImpl.java:isTransactionFailed(314)) - Got block deletion ACK from datanode, TXIDs=3, success=true
2023-04-19 02:33:03,971 [EventQueue-DeleteBlockStatusForDeletedBlockLogImpl] DEBUG block.DeletedBlockLogImpl (DeletedBlockLogImpl.java:commitTransactions(260)) - Transaction txId=3 commit by dnId=4b35ffa0-8f73-49c2-95c0-d3e82f30c132 for containerID=#3 failed. Corresponding entry not found.
2023-04-19 02:33:03,971 [EventQueue-DeleteBlockStatusForDeletedBlockLogImpl] DEBUG block.DeletedBlockLogImpl (DeletedBlockLogImpl.java:isTransactionFailed(314)) - Got block deletion ACK from datanode, TXIDs=4, success=true
2023-04-19 02:33:03,971 [EventQueue-DeleteBlockStatusForDeletedBlockLogImpl] DEBUG block.DeletedBlockLogImpl (DeletedBlockLogImpl.java:commitTransactions(260)) - Transaction txId=4 commit by dnId=4b35ffa0-8f73-49c2-95c0-d3e82f30c132 for containerID=#4 failed. Corresponding entry not found.
2023-04-19 02:33:03,971 [EventQueue-DeleteBlockStatusForDeletedBlockLogImpl] DEBUG block.DeletedBlockLogImpl (DeletedBlockLogImpl.java:isTransactionFailed(314)) - Got block deletion ACK from datanode, TXIDs=5, success=true
2023-04-19 02:33:03,971 [EventQueue-DeleteBlockStatusForDeletedBlockLogImpl] DEBUG block.DeletedBlockLogImpl (DeletedBlockLogImpl.java:commitTransactions(260)) - Transaction txId=5 commit by dnId=4b35ffa0-8f73-49c2-95c0-d3e82f30c132 for containerID=#5 failed. Corresponding entry not found.
2023-04-19 02:33:03,971 [EventQueue-DeleteBlockStatusForDeletedBlockLogImpl] DEBUG block.DeletedBlockLogImpl (DeletedBlockLogImpl.java:isTransactionFailed(314)) - Got block deletion ACK from datanode, TXIDs=6, success=true
2023-04-19 02:33:03,971 [EventQueue-DeleteBlockStatusForDeletedBlockLogImpl] DEBUG block.DeletedBlockLogImpl (DeletedBlockLogImpl.java:commitTransactions(260)) - Transaction txId=6 commit by dnId=4b35ffa0-8f73-49c2-95c0-d3e82f30c132 for containerID=#6 failed. Corresponding entry not found.
2023-04-19 02:33:03,971 [EventQueue-DeleteBlockStatusForDeletedBlockLogImpl] DEBUG block.DeletedBlockLogImpl (DeletedBlockLogImpl.java:isTransactionFailed(314)) - Got block deletion ACK from datanode, TXIDs=1, success=true
2023-04-19 02:33:03,971 [EventQueue-DeleteBlockStatusForDeletedBlockLogImpl] DEBUG block.DeletedBlockLogImpl (DeletedBlockLogImpl.java:commitTransactions(260)) - Transaction txId=1 commit by dnId=4b35ffa0-8f73-49c2-95c0-d3e82f30c132 for containerID=#1 failed. Corresponding entry not found.
2023-04-19 02:33:03,971 [EventQueue-DeleteBlockStatusForDeletedBlockLogImpl] DEBUG block.DeletedBlockLogImpl (DeletedBlockLogImpl.java:isTransactionFailed(314)) - Got block deletion ACK from datanode, TXIDs=2, success=true
2023-04-19 02:33:03,971 [EventQueue-DeleteBlockStatusForDeletedBlockLogImpl] DEBUG block.DeletedBlockLogImpl (DeletedBlockLogImpl.java:commitTransactions(260)) - Transaction txId=2 commit by dnId=4b35ffa0-8f73-49c2-95c0-d3e82f30c132 for containerID=#2 failed. Corresponding entry not found.
2023-04-19 02:33:03,971 [EventQueue-DeleteBlockStatusForDeletedBlockLogImpl] DEBUG block.DeletedBlockLogImpl (DeletedBlockLogImpl.java:isTransactionFailed(314)) - Got block deletion ACK from datanode, TXIDs=3, success=true
2023-04-19 02:33:03,971 [EventQueue-DeleteBlockStatusForDeletedBlockLogImpl] DEBUG block.DeletedBlockLogImpl (DeletedBlockLogImpl.java:commitTransactions(260)) - Transaction txId=3 commit by dnId=4b35ffa0-8f73-49c2-95c0-d3e82f30c132 for containerID=#3 failed. Corresponding entry not found.
2023-04-19 02:33:03,971 [EventQueue-DeleteBlockStatusForDeletedBlockLogImpl] DEBUG block.DeletedBlockLogImpl (DeletedBlockLogImpl.java:isTransactionFailed(314)) - Got block deletion ACK from datanode, TXIDs=4, success=true
2023-04-19 02:33:03,971 [EventQueue-DeleteBlockStatusForDeletedBlockLogImpl] DEBUG block.DeletedBlockLogImpl (DeletedBlockLogImpl.java:commitTransactions(260)) - Transaction txId=4 commit by dnId=4b35ffa0-8f73-49c2-95c0-d3e82f30c132 for containerID=#4 failed. Corresponding entry not found.
2023-04-19 02:33:03,971 [EventQueue-DeleteBlockStatusForDeletedBlockLogImpl] DEBUG block.DeletedBlockLogImpl (DeletedBlockLogImpl.java:isTransactionFailed(314)) - Got block deletion ACK from datanode, TXIDs=5, success=true
2023-04-19 02:33:03,971 [EventQueue-DeleteBlockStatusForDeletedBlockLogImpl] DEBUG block.DeletedBlockLogImpl (DeletedBlockLogImpl.java:commitTransactions(260)) - Transaction txId=5 commit by dnId=4b35ffa0-8f73-49c2-95c0-d3e82f30c132 for containerID=#5 failed. Corresponding entry not found.
2023-04-19 02:33:03,971 [EventQueue-DeleteBlockStatusForDeletedBlockLogImpl] DEBUG block.DeletedBlockLogImpl (DeletedBlockLogImpl.java:isTransactionFailed(314)) - Got block deletion ACK from datanode, TXIDs=6, success=true
2023-04-19 02:33:03,972 [EventQueue-DeleteBlockStatusForDeletedBlockLogImpl] DEBUG block.DeletedBlockLogImpl (DeletedBlockLogImpl.java:commitTransactions(260)) - Transaction txId=6 commit by dnId=4b35ffa0-8f73-49c2-95c0-d3e82f30c132 for containerID=#6 failed. Corresponding entry not found.
2023-04-19 02:33:03,972 [EventQueue-DeleteBlockStatusForDeletedBlockLogImpl] DEBUG block.DeletedBlockLogImpl (DeletedBlockLogImpl.java:isTransactionFailed(314)) - Got block deletion ACK from datanode, TXIDs=1, success=true
2023-04-19 02:33:03,972 [EventQueue-DeleteBlockStatusForDeletedBlockLogImpl] DEBUG block.DeletedBlockLogImpl (DeletedBlockLogImpl.java:commitTransactions(260)) - Transaction txId=1 commit by dnId=4b35ffa0-8f73-49c2-95c0-d3e82f30c132 for containerID=#1 failed. Corresponding entry not found.
2023-04-19 02:33:03,972 [EventQueue-DeleteBlockStatusForDeletedBlockLogImpl] DEBUG block.DeletedBlockLogImpl (DeletedBlockLogImpl.java:isTransactionFailed(314)) - Got block deletion ACK from datanode, TXIDs=2, success=true
2023-04-19 02:33:03,972 [EventQueue-DeleteBlockStatusForDeletedBlockLogImpl] DEBUG block.DeletedBlockLogImpl (DeletedBlockLogImpl.java:commitTransactions(260)) - Transaction txId=2 commit by dnId=4b35ffa0-8f73-49c2-95c0-d3e82f30c132 for containerID=#2 failed. Corresponding entry not found.
2023-04-19 02:33:03,972 [EventQueue-DeleteBlockStatusForDeletedBlockLogImpl] DEBUG block.DeletedBlockLogImpl (DeletedBlockLogImpl.java:isTransactionFailed(314)) - Got block deletion ACK from datanode, TXIDs=3, success=true
2023-04-19 02:33:03,972 [EventQueue-DeleteBlockStatusForDeletedBlockLogImpl] DEBUG block.DeletedBlockLogImpl (DeletedBlockLogImpl.java:commitTransactions(260)) - Transaction txId=3 commit by dnId=4b35ffa0-8f73-49c2-95c0-d3e82f30c132 for containerID=#3 failed. Corresponding entry not found.
2023-04-19 02:33:03,972 [EventQueue-DeleteBlockStatusForDeletedBlockLogImpl] DEBUG block.DeletedBlockLogImpl (DeletedBlockLogImpl.java:isTransactionFailed(314)) - Got block deletion ACK from datanode, TXIDs=4, success=true
2023-04-19 02:33:03,972 [EventQueue-DeleteBlockStatusForDeletedBlockLogImpl] DEBUG block.DeletedBlockLogImpl (DeletedBlockLogImpl.java:commitTransactions(260)) - Transaction txId=4 commit by dnId=4b35ffa0-8f73-49c2-95c0-d3e82f30c132 for containerID=#4 failed. Corresponding entry not found.
2023-04-19 02:33:03,972 [EventQueue-DeleteBlockStatusForDeletedBlockLogImpl] DEBUG block.DeletedBlockLogImpl (DeletedBlockLogImpl.java:isTransactionFailed(314)) - Got block deletion ACK from datanode, TXIDs=5, success=true
2023-04-19 02:33:03,972 [EventQueue-DeleteBlockStatusForDeletedBlockLogImpl] DEBUG block.DeletedBlockLogImpl (DeletedBlockLogImpl.java:commitTransactions(260)) - Transaction txId=5 commit by dnId=4b35ffa0-8f73-49c2-95c0-d3e82f30c132 for containerID=#5 failed. Corresponding entry not found.
2023-04-19 02:33:03,972 [EventQueue-DeleteBlockStatusForDeletedBlockLogImpl] DEBUG block.DeletedBlockLogImpl (DeletedBlockLogImpl.java:isTransactionFailed(314)) - Got block deletion ACK from datanode, TXIDs=6, success=true
2023-04-19 02:33:03,972 [EventQueue-DeleteBlockStatusForDeletedBlockLogImpl] DEBUG block.DeletedBlockLogImpl (DeletedBlockLogImpl.java:commitTransactions(260)) - Transaction txId=6 commit by dnId=4b35ffa0-8f73-49c2-95c0-d3e82f30c132 for containerID=#6 failed. Corresponding entry not found.
2023-04-19 02:33:03,978 [SCMBlockDeletingService#0] DEBUG block.SCMBlockDeletingService (SCMBlockDeletingService.java:shouldRun(251)) - Check scm block delete run: true serviceStatus: RUNNING safemodeExitRunDelayMillis: 3000 alreadyWaitTimeInMillis: 13972
2023-04-19 02:33:03,978 [SCMBlockDeletingService#0] DEBUG block.SCMBlockDeletingService (SCMBlockDeletingService.java:call(154)) - Running DeletedBlockTransactionScanner
2023-04-19 02:33:03,989 [BlockDeletingService#2] INFO  interfaces.ContainerDeletionChoosingPolicyTemplate (ContainerDeletionChoosingPolicyTemplate.java:chooseContainerForBlockDeletion(83)) - Chosen 0/5000 blocks from 0 candidate containers.
2023-04-19 02:33:03,990 [BlockDeletingService#3] INFO  interfaces.ContainerDeletionChoosingPolicyTemplate (ContainerDeletionChoosingPolicyTemplate.java:chooseContainerForBlockDeletion(83)) - Chosen 0/5000 blocks from 0 candidate containers.
2023-04-19 02:33:03,999 [BlockDeletingService#7] INFO  interfaces.ContainerDeletionChoosingPolicyTemplate (ContainerDeletionChoosingPolicyTemplate.java:chooseContainerForBlockDeletion(83)) - Chosen 0/5000 blocks from 0 candidate containers.
2023-04-19 02:33:04,078 [SCMBlockDeletingService#0] DEBUG block.SCMBlockDeletingService (SCMBlockDeletingService.java:shouldRun(251)) - Check scm block delete run: true serviceStatus: RUNNING safemodeExitRunDelayMillis: 3000 alreadyWaitTimeInMillis: 14072
2023-04-19 02:33:04,078 [SCMBlockDeletingService#0] DEBUG block.SCMBlockDeletingService (SCMBlockDeletingService.java:call(154)) - Running DeletedBlockTransactionScanner
2023-04-19 02:33:04,090 [BlockDeletingService#2] INFO  interfaces.ContainerDeletionChoosingPolicyTemplate (ContainerDeletionChoosingPolicyTemplate.java:chooseContainerForBlockDeletion(83)) - Chosen 0/5000 blocks from 0 candidate containers.
2023-04-19 02:33:04,090 [BlockDeletingService#3] INFO  interfaces.ContainerDeletionChoosingPolicyTemplate (ContainerDeletionChoosingPolicyTemplate.java:chooseContainerForBlockDeletion(83)) - Chosen 0/5000 blocks from 0 candidate containers.
2023-04-19 02:33:04,100 [BlockDeletingService#7] INFO  interfaces.ContainerDeletionChoosingPolicyTemplate (ContainerDeletionChoosingPolicyTemplate.java:chooseContainerForBlockDeletion(83)) - Chosen 0/5000 blocks from 0 candidate containers.
2023-04-19 02:33:04,178 [SCMBlockDeletingService#0] DEBUG block.SCMBlockDeletingService (SCMBlockDeletingService.java:shouldRun(251)) - Check scm block delete run: true serviceStatus: RUNNING safemodeExitRunDelayMillis: 3000 alreadyWaitTimeInMillis: 14172
2023-04-19 02:33:04,178 [SCMBlockDeletingService#0] DEBUG block.SCMBlockDeletingService (SCMBlockDeletingService.java:call(154)) - Running DeletedBlockTransactionScanner
2023-04-19 02:33:04,190 [BlockDeletingService#2] INFO  interfaces.ContainerDeletionChoosingPolicyTemplate (ContainerDeletionChoosingPolicyTemplate.java:chooseContainerForBlockDeletion(83)) - Chosen 0/5000 blocks from 0 candidate containers.
2023-04-19 02:33:04,190 [BlockDeletingService#3] INFO  interfaces.ContainerDeletionChoosingPolicyTemplate (ContainerDeletionChoosingPolicyTemplate.java:chooseContainerForBlockDeletion(83)) - Chosen 0/5000 blocks from 0 candidate containers.
2023-04-19 02:33:04,200 [BlockDeletingService#7] INFO  interfaces.ContainerDeletionChoosingPolicyTemplate (ContainerDeletionChoosingPolicyTemplate.java:chooseContainerForBlockDeletion(83)) - Chosen 0/5000 blocks from 0 candidate containers.
2023-04-19 02:33:04,278 [SCMBlockDeletingService#0] DEBUG block.SCMBlockDeletingService (SCMBlockDeletingService.java:shouldRun(251)) - Check scm block delete run: true serviceStatus: RUNNING safemodeExitRunDelayMillis: 3000 alreadyWaitTimeInMillis: 14272
2023-04-19 02:33:04,278 [SCMBlockDeletingService#0] DEBUG block.SCMBlockDeletingService (SCMBlockDeletingService.java:call(154)) - Running DeletedBlockTransactionScanner
2023-04-19 02:33:04,290 [BlockDeletingService#2] INFO  interfaces.ContainerDeletionChoosingPolicyTemplate (ContainerDeletionChoosingPolicyTemplate.java:chooseContainerForBlockDeletion(83)) - Chosen 0/5000 blocks from 0 candidate containers.
2023-04-19 02:33:04,290 [BlockDeletingService#3] INFO  interfaces.ContainerDeletionChoosingPolicyTemplate (ContainerDeletionChoosingPolicyTemplate.java:chooseContainerForBlockDeletion(83)) - Chosen 0/5000 blocks from 0 candidate containers.
2023-04-19 02:33:04,300 [BlockDeletingService#7] INFO  interfaces.ContainerDeletionChoosingPolicyTemplate (ContainerDeletionChoosingPolicyTemplate.java:chooseContainerForBlockDeletion(83)) - Chosen 0/5000 blocks from 0 candidate containers.
2023-04-19 02:33:04,378 [SCMBlockDeletingService#0] DEBUG block.SCMBlockDeletingService (SCMBlockDeletingService.java:shouldRun(251)) - Check scm block delete run: true serviceStatus: RUNNING safemodeExitRunDelayMillis: 3000 alreadyWaitTimeInMillis: 14372
2023-04-19 02:33:04,378 [SCMBlockDeletingService#0] DEBUG block.SCMBlockDeletingService (SCMBlockDeletingService.java:call(154)) - Running DeletedBlockTransactionScanner
2023-04-19 02:33:04,391 [BlockDeletingService#2] INFO  interfaces.ContainerDeletionChoosingPolicyTemplate (ContainerDeletionChoosingPolicyTemplate.java:chooseContainerForBlockDeletion(83)) - Chosen 0/5000 blocks from 0 candidate containers.
2023-04-19 02:33:04,391 [BlockDeletingService#3] INFO  interfaces.ContainerDeletionChoosingPolicyTemplate (ContainerDeletionChoosingPolicyTemplate.java:chooseContainerForBlockDeletion(83)) - Chosen 0/5000 blocks from 0 candidate containers.
2023-04-19 02:33:04,400 [BlockDeletingService#7] INFO  interfaces.ContainerDeletionChoosingPolicyTemplate (ContainerDeletionChoosingPolicyTemplate.java:chooseContainerForBlockDeletion(83)) - Chosen 0/5000 blocks from 0 candidate containers.
2023-04-19 02:33:04,478 [SCMBlockDeletingService#0] DEBUG block.SCMBlockDeletingService (SCMBlockDeletingService.java:shouldRun(251)) - Check scm block delete run: true serviceStatus: RUNNING safemodeExitRunDelayMillis: 3000 alreadyWaitTimeInMillis: 14472
2023-04-19 02:33:04,478 [SCMBlockDeletingService#0] DEBUG block.SCMBlockDeletingService (SCMBlockDeletingService.java:call(154)) - Running DeletedBlockTransactionScanner
2023-04-19 02:33:04,491 [BlockDeletingService#2] INFO  interfaces.ContainerDeletionChoosingPolicyTemplate (ContainerDeletionChoosingPolicyTemplate.java:chooseContainerForBlockDeletion(83)) - Chosen 0/5000 blocks from 0 candidate containers.
2023-04-19 02:33:04,491 [BlockDeletingService#3] INFO  interfaces.ContainerDeletionChoosingPolicyTemplate (ContainerDeletionChoosingPolicyTemplate.java:chooseContainerForBlockDeletion(83)) - Chosen 0/5000 blocks from 0 candidate containers.
2023-04-19 02:33:04,501 [BlockDeletingService#7] INFO  interfaces.ContainerDeletionChoosingPolicyTemplate (ContainerDeletionChoosingPolicyTemplate.java:chooseContainerForBlockDeletion(83)) - Chosen 0/5000 blocks from 0 candidate containers.
2023-04-19 02:33:04,578 [SCMBlockDeletingService#0] DEBUG block.SCMBlockDeletingService (SCMBlockDeletingService.java:shouldRun(251)) - Check scm block delete run: true serviceStatus: RUNNING safemodeExitRunDelayMillis: 3000 alreadyWaitTimeInMillis: 14572
2023-04-19 02:33:04,578 [SCMBlockDeletingService#0] DEBUG block.SCMBlockDeletingService (SCMBlockDeletingService.java:call(154)) - Running DeletedBlockTransactionScanner
2023-04-19 02:33:04,591 [BlockDeletingService#2] INFO  interfaces.ContainerDeletionChoosingPolicyTemplate (ContainerDeletionChoosingPolicyTemplate.java:chooseContainerForBlockDeletion(83)) - Chosen 0/5000 blocks from 0 candidate containers.
2023-04-19 02:33:04,591 [BlockDeletingService#3] INFO  interfaces.ContainerDeletionChoosingPolicyTemplate (ContainerDeletionChoosingPolicyTemplate.java:chooseContainerForBlockDeletion(83)) - Chosen 0/5000 blocks from 0 candidate containers.
2023-04-19 02:33:04,601 [BlockDeletingService#7] INFO  interfaces.ContainerDeletionChoosingPolicyTemplate (ContainerDeletionChoosingPolicyTemplate.java:chooseContainerForBlockDeletion(83)) - Chosen 0/5000 blocks from 0 candidate containers.
2023-04-19 02:33:04,678 [SCMBlockDeletingService#0] DEBUG block.SCMBlockDeletingService (SCMBlockDeletingService.java:shouldRun(251)) - Check scm block delete run: true serviceStatus: RUNNING safemodeExitRunDelayMillis: 3000 alreadyWaitTimeInMillis: 14672
2023-04-19 02:33:04,678 [SCMBlockDeletingService#0] DEBUG block.SCMBlockDeletingService (SCMBlockDeletingService.java:call(154)) - Running DeletedBlockTransactionScanner
2023-04-19 02:33:04,691 [BlockDeletingService#2] INFO  interfaces.ContainerDeletionChoosingPolicyTemplate (ContainerDeletionChoosingPolicyTemplate.java:chooseContainerForBlockDeletion(83)) - Chosen 0/5000 blocks from 0 candidate containers.
2023-04-19 02:33:04,692 [BlockDeletingService#3] INFO  interfaces.ContainerDeletionChoosingPolicyTemplate (ContainerDeletionChoosingPolicyTemplate.java:chooseContainerForBlockDeletion(83)) - Chosen 0/5000 blocks from 0 candidate containers.
2023-04-19 02:33:04,701 [BlockDeletingService#7] INFO  interfaces.ContainerDeletionChoosingPolicyTemplate (ContainerDeletionChoosingPolicyTemplate.java:chooseContainerForBlockDeletion(83)) - Chosen 0/5000 blocks from 0 candidate containers.
2023-04-19 02:33:04,778 [SCMBlockDeletingService#0] DEBUG block.SCMBlockDeletingService (SCMBlockDeletingService.java:shouldRun(251)) - Check scm block delete run: true serviceStatus: RUNNING safemodeExitRunDelayMillis: 3000 alreadyWaitTimeInMillis: 14772
2023-04-19 02:33:04,778 [SCMBlockDeletingService#0] DEBUG block.SCMBlockDeletingService (SCMBlockDeletingService.java:call(154)) - Running DeletedBlockTransactionScanner
2023-04-19 02:33:04,792 [BlockDeletingService#2] INFO  interfaces.ContainerDeletionChoosingPolicyTemplate (ContainerDeletionChoosingPolicyTemplate.java:chooseContainerForBlockDeletion(83)) - Chosen 0/5000 blocks from 0 candidate containers.
2023-04-19 02:33:04,792 [BlockDeletingService#3] INFO  interfaces.ContainerDeletionChoosingPolicyTemplate (ContainerDeletionChoosingPolicyTemplate.java:chooseContainerForBlockDeletion(83)) - Chosen 0/5000 blocks from 0 candidate containers.
2023-04-19 02:33:04,801 [BlockDeletingService#7] INFO  interfaces.ContainerDeletionChoosingPolicyTemplate (ContainerDeletionChoosingPolicyTemplate.java:chooseContainerForBlockDeletion(83)) - Chosen 0/5000 blocks from 0 candidate containers.
2023-04-19 02:33:04,829 [Listener at 127.0.0.1/44187] WARN  commandhandler.TestBlockDeletion (TestBlockDeletion.java:lambda$testBlockDeletion$4(265)) - Verify blocks deletion failed
org.opentest4j.AssertionFailedError: expected: <null> but was: <[blockId=conID: 1 locID: 111677748019200001 bcsId: 16, size=4194304]>
	at org.junit.jupiter.api.AssertionUtils.fail(AssertionUtils.java:55)
	at org.junit.jupiter.api.AssertNull.failNotNull(AssertNull.java:54)
	at org.junit.jupiter.api.AssertNull.assertNull(AssertNull.java:38)
	at org.junit.jupiter.api.AssertNull.assertNull(AssertNull.java:33)
	at org.junit.jupiter.api.Assertions.assertNull(Assertions.java:275)
	at org.apache.hadoop.ozone.container.common.statemachine.commandhandler.TestBlockDeletion.lambda$verifyBlocksDeleted$17(TestBlockDeletion.java:484)
	at org.apache.hadoop.ozone.OzoneTestUtils.performOperationOnKeyContainers(OzoneTestUtils.java:140)
	at org.apache.hadoop.ozone.container.common.statemachine.commandhandler.TestBlockDeletion.verifyBlocksDeleted(TestBlockDeletion.java:474)
	at org.apache.hadoop.ozone.container.common.statemachine.commandhandler.TestBlockDeletion.lambda$testBlockDeletion$4(TestBlockDeletion.java:262)
	at org.apache.ozone.test.GenericTestUtils.waitFor(GenericTestUtils.java:225)
	at org.apache.hadoop.ozone.container.common.statemachine.commandhandler.TestBlockDeletion.testBlockDeletion(TestBlockDeletion.java:260)
	at sun.reflect.NativeMethodAccessorImpl.invoke0(Native Method)
	at sun.reflect.NativeMethodAccessorImpl.invoke(NativeMethodAccessorImpl.java:62)
	at sun.reflect.DelegatingMethodAccessorImpl.invoke(DelegatingMethodAccessorImpl.java:43)
	at java.lang.reflect.Method.invoke(Method.java:498)
	at org.junit.platform.commons.util.ReflectionUtils.invokeMethod(ReflectionUtils.java:725)
	at org.junit.jupiter.engine.execution.MethodInvocation.proceed(MethodInvocation.java:60)
	at org.junit.jupiter.engine.execution.InvocationInterceptorChain$ValidatingInvocation.proceed(InvocationInterceptorChain.java:131)
	at org.junit.jupiter.engine.extension.TimeoutExtension.intercept(TimeoutExtension.java:149)
	at org.junit.jupiter.engine.extension.TimeoutExtension.interceptTestableMethod(TimeoutExtension.java:140)
	at org.junit.jupiter.engine.extension.TimeoutExtension.interceptTestTemplateMethod(TimeoutExtension.java:92)
	at org.junit.jupiter.engine.execution.ExecutableInvoker$ReflectiveInterceptorCall.lambda$ofVoidMethod$0(ExecutableInvoker.java:115)
	at org.junit.jupiter.engine.execution.ExecutableInvoker.lambda$invoke$0(ExecutableInvoker.java:105)
	at org.junit.jupiter.engine.execution.InvocationInterceptorChain$InterceptedInvocation.proceed(InvocationInterceptorChain.java:106)
	at org.junit.jupiter.engine.execution.InvocationInterceptorChain.proceed(InvocationInterceptorChain.java:64)
	at org.junit.jupiter.engine.execution.InvocationInterceptorChain.chainAndInvoke(InvocationInterceptorChain.java:45)
	at org.junit.jupiter.engine.execution.InvocationInterceptorChain.invoke(InvocationInterceptorChain.java:37)
	at org.junit.jupiter.engine.execution.ExecutableInvoker.invoke(ExecutableInvoker.java:104)
	at org.junit.jupiter.engine.execution.ExecutableInvoker.invoke(ExecutableInvoker.java:98)
	at org.junit.jupiter.engine.descriptor.TestMethodTestDescriptor.lambda$invokeTestMethod$7(TestMethodTestDescriptor.java:214)
	at org.junit.platform.engine.support.hierarchical.ThrowableCollector.execute(ThrowableCollector.java:73)
	at org.junit.jupiter.engine.descriptor.TestMethodTestDescriptor.invokeTestMethod(TestMethodTestDescriptor.java:210)
	at org.junit.jupiter.engine.descriptor.TestMethodTestDescriptor.execute(TestMethodTestDescriptor.java:135)
	at org.junit.jupiter.engine.descriptor.TestMethodTestDescriptor.execute(TestMethodTestDescriptor.java:66)
	at org.junit.platform.engine.support.hierarchical.NodeTestTask.lambda$executeRecursively$6(NodeTestTask.java:151)
	at org.junit.platform.engine.support.hierarchical.ThrowableCollector.execute(ThrowableCollector.java:73)
	at org.junit.platform.engine.support.hierarchical.NodeTestTask.lambda$executeRecursively$8(NodeTestTask.java:141)
	at org.junit.platform.engine.support.hierarchical.Node.around(Node.java:137)
	at org.junit.platform.engine.support.hierarchical.NodeTestTask.lambda$executeRecursively$9(NodeTestTask.java:139)
	at org.junit.platform.engine.support.hierarchical.ThrowableCollector.execute(ThrowableCollector.java:73)
	at org.junit.platform.engine.support.hierarchical.NodeTestTask.executeRecursively(NodeTestTask.java:138)
	at org.junit.platform.engine.support.hierarchical.NodeTestTask.execute(NodeTestTask.java:95)
	at org.junit.platform.engine.support.hierarchical.SameThreadHierarchicalTestExecutorService.submit(SameThreadHierarchicalTestExecutorService.java:35)
	at org.junit.platform.engine.support.hierarchical.NodeTestTask$DefaultDynamicTestExecutor.execute(NodeTestTask.java:226)
	at org.junit.platform.engine.support.hierarchical.NodeTestTask$DefaultDynamicTestExecutor.execute(NodeTestTask.java:204)
	at org.junit.jupiter.engine.descriptor.TestTemplateTestDescriptor.execute(TestTemplateTestDescriptor.java:139)
	at org.junit.jupiter.engine.descriptor.TestTemplateTestDescriptor.lambda$execute$2(TestTemplateTestDescriptor.java:107)
	at java.util.stream.ForEachOps$ForEachOp$OfRef.accept(ForEachOps.java:183)
	at java.util.stream.ReferencePipeline$3$1.accept(ReferencePipeline.java:193)
	at java.util.stream.ReferencePipeline$2$1.accept(ReferencePipeline.java:175)
	at java.util.stream.ReferencePipeline$3$1.accept(ReferencePipeline.java:193)
	at java.util.stream.ForEachOps$ForEachOp$OfRef.accept(ForEachOps.java:183)
	at java.util.stream.ReferencePipeline$3$1.accept(ReferencePipeline.java:193)
	at java.util.stream.ReferencePipeline$3$1.accept(ReferencePipeline.java:193)
	at java.util.stream.ReferencePipeline$3$1.accept(ReferencePipeline.java:193)
	at java.util.stream.ForEachOps$ForEachOp$OfRef.accept(ForEachOps.java:183)
	at java.util.stream.ReferencePipeline$3$1.accept(ReferencePipeline.java:193)
	at java.util.Spliterators$ArraySpliterator.forEachRemaining(Spliterators.java:948)
	at java.util.stream.ReferencePipeline$Head.forEach(ReferencePipeline.java:647)
	at java.util.stream.ReferencePipeline$7$1.accept(ReferencePipeline.java:272)
	at java.util.stream.ReferencePipeline$3$1.accept(ReferencePipeline.java:193)
	at java.util.stream.ReferencePipeline$3$1.accept(ReferencePipeline.java:193)
	at java.util.Spliterators$ArraySpliterator.forEachRemaining(Spliterators.java:948)
	at java.util.stream.AbstractPipeline.copyInto(AbstractPipeline.java:482)
	at java.util.stream.AbstractPipeline.wrapAndCopyInto(AbstractPipeline.java:472)
	at java.util.stream.ForEachOps$ForEachOp.evaluateSequential(ForEachOps.java:150)
	at java.util.stream.ForEachOps$ForEachOp$OfRef.evaluateSequential(ForEachOps.java:173)
	at java.util.stream.AbstractPipeline.evaluate(AbstractPipeline.java:234)
	at java.util.stream.ReferencePipeline.forEach(ReferencePipeline.java:485)
	at java.util.stream.ReferencePipeline$7$1.accept(ReferencePipeline.java:272)
	at java.util.stream.ReferencePipeline$3$1.accept(ReferencePipeline.java:193)
	at java.util.stream.ReferencePipeline$3$1.accept(ReferencePipeline.java:193)
	at java.util.stream.ReferencePipeline$3$1.accept(ReferencePipeline.java:193)
	at java.util.ArrayList$ArrayListSpliterator.forEachRemaining(ArrayList.java:1384)
	at java.util.stream.AbstractPipeline.copyInto(AbstractPipeline.java:482)
	at java.util.stream.AbstractPipeline.wrapAndCopyInto(AbstractPipeline.java:472)
	at java.util.stream.ForEachOps$ForEachOp.evaluateSequential(ForEachOps.java:150)
	at java.util.stream.ForEachOps$ForEachOp$OfRef.evaluateSequential(ForEachOps.java:173)
	at java.util.stream.AbstractPipeline.evaluate(AbstractPipeline.java:234)
	at java.util.stream.ReferencePipeline.forEach(ReferencePipeline.java:485)
	at java.util.stream.ReferencePipeline$7$1.accept(ReferencePipeline.java:272)
	at java.util.ArrayList$ArrayListSpliterator.forEachRemaining(ArrayList.java:1384)
	at java.util.stream.AbstractPipeline.copyInto(AbstractPipeline.java:482)
	at java.util.stream.AbstractPipeline.wrapAndCopyInto(AbstractPipeline.java:472)
	at java.util.stream.ForEachOps$ForEachOp.evaluateSequential(ForEachOps.java:150)
	at java.util.stream.ForEachOps$ForEachOp$OfRef.evaluateSequential(ForEachOps.java:173)
	at java.util.stream.AbstractPipeline.evaluate(AbstractPipeline.java:234)
	at java.util.stream.ReferencePipeline.forEach(ReferencePipeline.java:485)
	at org.junit.jupiter.engine.descriptor.TestTemplateTestDescriptor.execute(TestTemplateTestDescriptor.java:107)
	at org.junit.jupiter.engine.descriptor.TestTemplateTestDescriptor.execute(TestTemplateTestDescriptor.java:42)
	at org.junit.platform.engine.support.hierarchical.NodeTestTask.lambda$executeRecursively$6(NodeTestTask.java:151)
	at org.junit.platform.engine.support.hierarchical.ThrowableCollector.execute(ThrowableCollector.java:73)
	at org.junit.platform.engine.support.hierarchical.NodeTestTask.lambda$executeRecursively$8(NodeTestTask.java:141)
	at org.junit.platform.engine.support.hierarchical.Node.around(Node.java:137)
	at org.junit.platform.engine.support.hierarchical.NodeTestTask.lambda$executeRecursively$9(NodeTestTask.java:139)
	at org.junit.platform.engine.support.hierarchical.ThrowableCollector.execute(ThrowableCollector.java:73)
	at org.junit.platform.engine.support.hierarchical.NodeTestTask.executeRecursively(NodeTestTask.java:138)
	at org.junit.platform.engine.support.hierarchical.NodeTestTask.execute(NodeTestTask.java:95)
	at java.util.ArrayList.forEach(ArrayList.java:1259)
	at org.junit.platform.engine.support.hierarchical.SameThreadHierarchicalTestExecutorService.invokeAll(SameThreadHierarchicalTestExecutorService.java:41)
	at org.junit.platform.engine.support.hierarchical.NodeTestTask.lambda$executeRecursively$6(NodeTestTask.java:155)
	at org.junit.platform.engine.support.hierarchical.ThrowableCollector.execute(ThrowableCollector.java:73)
	at org.junit.platform.engine.support.hierarchical.NodeTestTask.lambda$executeRecursively$8(NodeTestTask.java:141)
	at org.junit.platform.engine.support.hierarchical.Node.around(Node.java:137)
	at org.junit.platform.engine.support.hierarchical.NodeTestTask.lambda$executeRecursively$9(NodeTestTask.java:139)
	at org.junit.platform.engine.support.hierarchical.ThrowableCollector.execute(ThrowableCollector.java:73)
	at org.junit.platform.engine.support.hierarchical.NodeTestTask.executeRecursively(NodeTestTask.java:138)
	at org.junit.platform.engine.support.hierarchical.NodeTestTask.execute(NodeTestTask.java:95)
	at java.util.ArrayList.forEach(ArrayList.java:1259)
	at org.junit.platform.engine.support.hierarchical.SameThreadHierarchicalTestExecutorService.invokeAll(SameThreadHierarchicalTestExecutorService.java:41)
	at org.junit.platform.engine.support.hierarchical.NodeTestTask.lambda$executeRecursively$6(NodeTestTask.java:155)
	at org.junit.platform.engine.support.hierarchical.ThrowableCollector.execute(ThrowableCollector.java:73)
	at org.junit.platform.engine.support.hierarchical.NodeTestTask.lambda$executeRecursively$8(NodeTestTask.java:141)
	at org.junit.platform.engine.support.hierarchical.Node.around(Node.java:137)
	at org.junit.platform.engine.support.hierarchical.NodeTestTask.lambda$executeRecursively$9(NodeTestTask.java:139)
	at org.junit.platform.engine.support.hierarchical.ThrowableCollector.execute(ThrowableCollector.java:73)
	at org.junit.platform.engine.support.hierarchical.NodeTestTask.executeRecursively(NodeTestTask.java:138)
	at org.junit.platform.engine.support.hierarchical.NodeTestTask.execute(NodeTestTask.java:95)
	at org.junit.platform.engine.support.hierarchical.SameThreadHierarchicalTestExecutorService.submit(SameThreadHierarchicalTestExecutorService.java:35)
	at org.junit.platform.engine.support.hierarchical.HierarchicalTestExecutor.execute(HierarchicalTestExecutor.java:57)
	at org.junit.platform.engine.support.hierarchical.HierarchicalTestEngine.execute(HierarchicalTestEngine.java:54)
	at org.junit.platform.launcher.core.EngineExecutionOrchestrator.execute(EngineExecutionOrchestrator.java:107)
	at org.junit.platform.launcher.core.EngineExecutionOrchestrator.execute(EngineExecutionOrchestrator.java:88)
	at org.junit.platform.launcher.core.EngineExecutionOrchestrator.lambda$execute$0(EngineExecutionOrchestrator.java:54)
	at org.junit.platform.launcher.core.EngineExecutionOrchestrator.withInterceptedStreams(EngineExecutionOrchestrator.java:67)
	at org.junit.platform.launcher.core.EngineExecutionOrchestrator.execute(EngineExecutionOrchestrator.java:52)
	at org.junit.platform.launcher.core.DefaultLauncher.execute(DefaultLauncher.java:114)
	at org.junit.platform.launcher.core.DefaultLauncher.execute(DefaultLauncher.java:86)
	at org.junit.platform.launcher.core.DefaultLauncherSession$DelegatingLauncher.execute(DefaultLauncherSession.java:86)
	at org.junit.platform.launcher.core.SessionPerRequestLauncher.execute(SessionPerRequestLauncher.java:53)
	at org.apache.maven.surefire.junitplatform.JUnitPlatformProvider.execute(JUnitPlatformProvider.java:188)
	at org.apache.maven.surefire.junitplatform.JUnitPlatformProvider.invokeAllTests(JUnitPlatformProvider.java:154)
	at org.apache.maven.surefire.junitplatform.JUnitPlatformProvider.invoke(JUnitPlatformProvider.java:124)
	at org.apache.maven.surefire.booter.ForkedBooter.runSuitesInProcess(ForkedBooter.java:428)
	at org.apache.maven.surefire.booter.ForkedBooter.execute(ForkedBooter.java:162)
	at org.apache.maven.surefire.booter.ForkedBooter.run(ForkedBooter.java:562)
	at org.apache.maven.surefire.booter.ForkedBooter.main(ForkedBooter.java:548)
2023-04-19 02:33:04,878 [SCMBlockDeletingService#0] DEBUG block.SCMBlockDeletingService (SCMBlockDeletingService.java:shouldRun(251)) - Check scm block delete run: true serviceStatus: RUNNING safemodeExitRunDelayMillis: 3000 alreadyWaitTimeInMillis: 14872
2023-04-19 02:33:04,879 [SCMBlockDeletingService#0] DEBUG block.SCMBlockDeletingService (SCMBlockDeletingService.java:call(154)) - Running DeletedBlockTransactionScanner
2023-04-19 02:33:04,892 [BlockDeletingService#2] INFO  interfaces.ContainerDeletionChoosingPolicyTemplate (ContainerDeletionChoosingPolicyTemplate.java:chooseContainerForBlockDeletion(83)) - Chosen 0/5000 blocks from 0 candidate containers.
2023-04-19 02:33:04,892 [BlockDeletingService#3] INFO  interfaces.ContainerDeletionChoosingPolicyTemplate (ContainerDeletionChoosingPolicyTemplate.java:chooseContainerForBlockDeletion(83)) - Chosen 0/5000 blocks from 0 candidate containers.
2023-04-19 02:33:04,901 [BlockDeletingService#7] INFO  interfaces.ContainerDeletionChoosingPolicyTemplate (ContainerDeletionChoosingPolicyTemplate.java:chooseContainerForBlockDeletion(83)) - Chosen 0/5000 blocks from 0 candidate containers.
2023-04-19 02:33:04,978 [SCMBlockDeletingService#0] DEBUG block.SCMBlockDeletingService (SCMBlockDeletingService.java:shouldRun(251)) - Check scm block delete run: true serviceStatus: RUNNING safemodeExitRunDelayMillis: 3000 alreadyWaitTimeInMillis: 14972
2023-04-19 02:33:04,979 [SCMBlockDeletingService#0] DEBUG block.SCMBlockDeletingService (SCMBlockDeletingService.java:call(154)) - Running DeletedBlockTransactionScanner
2023-04-19 02:33:04,992 [BlockDeletingService#2] INFO  interfaces.ContainerDeletionChoosingPolicyTemplate (ContainerDeletionChoosingPolicyTemplate.java:chooseContainerForBlockDeletion(83)) - Chosen 0/5000 blocks from 0 candidate containers.
2023-04-19 02:33:04,992 [BlockDeletingService#3] INFO  interfaces.ContainerDeletionChoosingPolicyTemplate (ContainerDeletionChoosingPolicyTemplate.java:chooseContainerForBlockDeletion(83)) - Chosen 0/5000 blocks from 0 candidate containers.
2023-04-19 02:33:05,002 [BlockDeletingService#7] INFO  interfaces.ContainerDeletionChoosingPolicyTemplate (ContainerDeletionChoosingPolicyTemplate.java:chooseContainerForBlockDeletion(83)) - Chosen 0/5000 blocks from 0 candidate containers.
2023-04-19 02:33:05,079 [SCMBlockDeletingService#0] DEBUG block.SCMBlockDeletingService (SCMBlockDeletingService.java:shouldRun(251)) - Check scm block delete run: true serviceStatus: RUNNING safemodeExitRunDelayMillis: 3000 alreadyWaitTimeInMillis: 15073
2023-04-19 02:33:05,079 [SCMBlockDeletingService#0] DEBUG block.SCMBlockDeletingService (SCMBlockDeletingService.java:call(154)) - Running DeletedBlockTransactionScanner
2023-04-19 02:33:05,092 [BlockDeletingService#2] INFO  interfaces.ContainerDeletionChoosingPolicyTemplate (ContainerDeletionChoosingPolicyTemplate.java:chooseContainerForBlockDeletion(83)) - Chosen 0/5000 blocks from 0 candidate containers.
2023-04-19 02:33:05,093 [BlockDeletingService#3] INFO  interfaces.ContainerDeletionChoosingPolicyTemplate (ContainerDeletionChoosingPolicyTemplate.java:chooseContainerForBlockDeletion(83)) - Chosen 0/5000 blocks from 0 candidate containers.
2023-04-19 02:33:05,102 [BlockDeletingService#7] INFO  interfaces.ContainerDeletionChoosingPolicyTemplate (ContainerDeletionChoosingPolicyTemplate.java:chooseContainerForBlockDeletion(83)) - Chosen 0/5000 blocks from 0 candidate containers.
2023-04-19 02:33:05,179 [SCMBlockDeletingService#0] DEBUG block.SCMBlockDeletingService (SCMBlockDeletingService.java:shouldRun(251)) - Check scm block delete run: true serviceStatus: RUNNING safemodeExitRunDelayMillis: 3000 alreadyWaitTimeInMillis: 15173
2023-04-19 02:33:05,179 [SCMBlockDeletingService#0] DEBUG block.SCMBlockDeletingService (SCMBlockDeletingService.java:call(154)) - Running DeletedBlockTransactionScanner
2023-04-19 02:33:05,193 [BlockDeletingService#2] INFO  interfaces.ContainerDeletionChoosingPolicyTemplate (ContainerDeletionChoosingPolicyTemplate.java:chooseContainerForBlockDeletion(83)) - Chosen 0/5000 blocks from 0 candidate containers.
2023-04-19 02:33:05,193 [BlockDeletingService#3] INFO  interfaces.ContainerDeletionChoosingPolicyTemplate (ContainerDeletionChoosingPolicyTemplate.java:chooseContainerForBlockDeletion(83)) - Chosen 0/5000 blocks from 0 candidate containers.
2023-04-19 02:33:05,202 [BlockDeletingService#7] INFO  interfaces.ContainerDeletionChoosingPolicyTemplate (ContainerDeletionChoosingPolicyTemplate.java:chooseContainerForBlockDeletion(83)) - Chosen 0/5000 blocks from 0 candidate containers.
2023-04-19 02:33:05,279 [SCMBlockDeletingService#0] DEBUG block.SCMBlockDeletingService (SCMBlockDeletingService.java:shouldRun(251)) - Check scm block delete run: true serviceStatus: RUNNING safemodeExitRunDelayMillis: 3000 alreadyWaitTimeInMillis: 15273
2023-04-19 02:33:05,279 [SCMBlockDeletingService#0] DEBUG block.SCMBlockDeletingService (SCMBlockDeletingService.java:call(154)) - Running DeletedBlockTransactionScanner
2023-04-19 02:33:05,293 [BlockDeletingService#2] INFO  interfaces.ContainerDeletionChoosingPolicyTemplate (ContainerDeletionChoosingPolicyTemplate.java:chooseContainerForBlockDeletion(83)) - Chosen 0/5000 blocks from 0 candidate containers.
2023-04-19 02:33:05,293 [BlockDeletingService#3] INFO  interfaces.ContainerDeletionChoosingPolicyTemplate (ContainerDeletionChoosingPolicyTemplate.java:chooseContainerForBlockDeletion(83)) - Chosen 0/5000 blocks from 0 candidate containers.
2023-04-19 02:33:05,302 [BlockDeletingService#7] INFO  interfaces.ContainerDeletionChoosingPolicyTemplate (ContainerDeletionChoosingPolicyTemplate.java:chooseContainerForBlockDeletion(83)) - Chosen 0/5000 blocks from 0 candidate containers.
2023-04-19 02:33:05,379 [SCMBlockDeletingService#0] DEBUG block.SCMBlockDeletingService (SCMBlockDeletingService.java:shouldRun(251)) - Check scm block delete run: true serviceStatus: RUNNING safemodeExitRunDelayMillis: 3000 alreadyWaitTimeInMillis: 15373
2023-04-19 02:33:05,379 [SCMBlockDeletingService#0] DEBUG block.SCMBlockDeletingService (SCMBlockDeletingService.java:call(154)) - Running DeletedBlockTransactionScanner
2023-04-19 02:33:05,393 [BlockDeletingService#2] INFO  interfaces.ContainerDeletionChoosingPolicyTemplate (ContainerDeletionChoosingPolicyTemplate.java:chooseContainerForBlockDeletion(83)) - Chosen 0/5000 blocks from 0 candidate containers.
2023-04-19 02:33:05,393 [BlockDeletingService#3] INFO  interfaces.ContainerDeletionChoosingPolicyTemplate (ContainerDeletionChoosingPolicyTemplate.java:chooseContainerForBlockDeletion(83)) - Chosen 0/5000 blocks from 0 candidate containers.
2023-04-19 02:33:05,402 [BlockDeletingService#7] INFO  interfaces.ContainerDeletionChoosingPolicyTemplate (ContainerDeletionChoosingPolicyTemplate.java:chooseContainerForBlockDeletion(83)) - Chosen 0/5000 blocks from 0 candidate containers.
2023-04-19 02:33:05,479 [SCMBlockDeletingService#0] DEBUG block.SCMBlockDeletingService (SCMBlockDeletingService.java:shouldRun(251)) - Check scm block delete run: true serviceStatus: RUNNING safemodeExitRunDelayMillis: 3000 alreadyWaitTimeInMillis: 15473
2023-04-19 02:33:05,479 [SCMBlockDeletingService#0] DEBUG block.SCMBlockDeletingService (SCMBlockDeletingService.java:call(154)) - Running DeletedBlockTransactionScanner
2023-04-19 02:33:05,493 [BlockDeletingService#2] INFO  interfaces.ContainerDeletionChoosingPolicyTemplate (ContainerDeletionChoosingPolicyTemplate.java:chooseContainerForBlockDeletion(83)) - Chosen 0/5000 blocks from 0 candidate containers.
2023-04-19 02:33:05,493 [BlockDeletingService#3] INFO  interfaces.ContainerDeletionChoosingPolicyTemplate (ContainerDeletionChoosingPolicyTemplate.java:chooseContainerForBlockDeletion(83)) - Chosen 0/5000 blocks from 0 candidate containers.
2023-04-19 02:33:05,502 [BlockDeletingService#7] INFO  interfaces.ContainerDeletionChoosingPolicyTemplate (ContainerDeletionChoosingPolicyTemplate.java:chooseContainerForBlockDeletion(83)) - Chosen 0/5000 blocks from 0 candidate containers.
2023-04-19 02:33:05,579 [SCMBlockDeletingService#0] DEBUG block.SCMBlockDeletingService (SCMBlockDeletingService.java:shouldRun(251)) - Check scm block delete run: true serviceStatus: RUNNING safemodeExitRunDelayMillis: 3000 alreadyWaitTimeInMillis: 15573
2023-04-19 02:33:05,579 [SCMBlockDeletingService#0] DEBUG block.SCMBlockDeletingService (SCMBlockDeletingService.java:call(154)) - Running DeletedBlockTransactionScanner
2023-04-19 02:33:05,594 [BlockDeletingService#2] INFO  interfaces.ContainerDeletionChoosingPolicyTemplate (ContainerDeletionChoosingPolicyTemplate.java:chooseContainerForBlockDeletion(83)) - Chosen 0/5000 blocks from 0 candidate containers.
2023-04-19 02:33:05,594 [BlockDeletingService#3] INFO  interfaces.ContainerDeletionChoosingPolicyTemplate (ContainerDeletionChoosingPolicyTemplate.java:chooseContainerForBlockDeletion(83)) - Chosen 0/5000 blocks from 0 candidate containers.
2023-04-19 02:33:05,602 [BlockDeletingService#7] INFO  interfaces.ContainerDeletionChoosingPolicyTemplate (ContainerDeletionChoosingPolicyTemplate.java:chooseContainerForBlockDeletion(83)) - Chosen 0/5000 blocks from 0 candidate containers.
2023-04-19 02:33:05,679 [SCMBlockDeletingService#0] DEBUG block.SCMBlockDeletingService (SCMBlockDeletingService.java:shouldRun(251)) - Check scm block delete run: true serviceStatus: RUNNING safemodeExitRunDelayMillis: 3000 alreadyWaitTimeInMillis: 15673
2023-04-19 02:33:05,679 [SCMBlockDeletingService#0] DEBUG block.SCMBlockDeletingService (SCMBlockDeletingService.java:call(154)) - Running DeletedBlockTransactionScanner
2023-04-19 02:33:05,694 [BlockDeletingService#2] INFO  interfaces.ContainerDeletionChoosingPolicyTemplate (ContainerDeletionChoosingPolicyTemplate.java:chooseContainerForBlockDeletion(83)) - Chosen 0/5000 blocks from 0 candidate containers.
2023-04-19 02:33:05,694 [BlockDeletingService#3] INFO  interfaces.ContainerDeletionChoosingPolicyTemplate (ContainerDeletionChoosingPolicyTemplate.java:chooseContainerForBlockDeletion(83)) - Chosen 0/5000 blocks from 0 candidate containers.
2023-04-19 02:33:05,703 [BlockDeletingService#7] INFO  interfaces.ContainerDeletionChoosingPolicyTemplate (ContainerDeletionChoosingPolicyTemplate.java:chooseContainerForBlockDeletion(83)) - Chosen 0/5000 blocks from 0 candidate containers.
2023-04-19 02:33:05,779 [SCMBlockDeletingService#0] DEBUG block.SCMBlockDeletingService (SCMBlockDeletingService.java:shouldRun(251)) - Check scm block delete run: true serviceStatus: RUNNING safemodeExitRunDelayMillis: 3000 alreadyWaitTimeInMillis: 15773
2023-04-19 02:33:05,779 [SCMBlockDeletingService#0] DEBUG block.SCMBlockDeletingService (SCMBlockDeletingService.java:call(154)) - Running DeletedBlockTransactionScanner
2023-04-19 02:33:05,794 [BlockDeletingService#2] INFO  interfaces.ContainerDeletionChoosingPolicyTemplate (ContainerDeletionChoosingPolicyTemplate.java:chooseContainerForBlockDeletion(83)) - Chosen 0/5000 blocks from 0 candidate containers.
2023-04-19 02:33:05,794 [BlockDeletingService#3] INFO  interfaces.ContainerDeletionChoosingPolicyTemplate (ContainerDeletionChoosingPolicyTemplate.java:chooseContainerForBlockDeletion(83)) - Chosen 0/5000 blocks from 0 candidate containers.
2023-04-19 02:33:05,803 [BlockDeletingService#7] INFO  interfaces.ContainerDeletionChoosingPolicyTemplate (ContainerDeletionChoosingPolicyTemplate.java:chooseContainerForBlockDeletion(83)) - Chosen 0/5000 blocks from 0 candidate containers.
2023-04-19 02:33:05,879 [SCMBlockDeletingService#0] DEBUG block.SCMBlockDeletingService (SCMBlockDeletingService.java:shouldRun(251)) - Check scm block delete run: true serviceStatus: RUNNING safemodeExitRunDelayMillis: 3000 alreadyWaitTimeInMillis: 15873
2023-04-19 02:33:05,879 [SCMBlockDeletingService#0] DEBUG block.SCMBlockDeletingService (SCMBlockDeletingService.java:call(154)) - Running DeletedBlockTransactionScanner
2023-04-19 02:33:05,894 [BlockDeletingService#2] INFO  interfaces.ContainerDeletionChoosingPolicyTemplate (ContainerDeletionChoosingPolicyTemplate.java:chooseContainerForBlockDeletion(83)) - Chosen 0/5000 blocks from 0 candidate containers.
2023-04-19 02:33:05,894 [BlockDeletingService#3] INFO  interfaces.ContainerDeletionChoosingPolicyTemplate (ContainerDeletionChoosingPolicyTemplate.java:chooseContainerForBlockDeletion(83)) - Chosen 0/5000 blocks from 0 candidate containers.
2023-04-19 02:33:05,903 [BlockDeletingService#7] INFO  interfaces.ContainerDeletionChoosingPolicyTemplate (ContainerDeletionChoosingPolicyTemplate.java:chooseContainerForBlockDeletion(83)) - Chosen 0/5000 blocks from 0 candidate containers.
2023-04-19 02:33:05,979 [SCMBlockDeletingService#0] DEBUG block.SCMBlockDeletingService (SCMBlockDeletingService.java:shouldRun(251)) - Check scm block delete run: true serviceStatus: RUNNING safemodeExitRunDelayMillis: 3000 alreadyWaitTimeInMillis: 15973
2023-04-19 02:33:05,979 [SCMBlockDeletingService#0] DEBUG block.SCMBlockDeletingService (SCMBlockDeletingService.java:call(154)) - Running DeletedBlockTransactionScanner
2023-04-19 02:33:05,995 [BlockDeletingService#2] INFO  interfaces.ContainerDeletionChoosingPolicyTemplate (ContainerDeletionChoosingPolicyTemplate.java:chooseContainerForBlockDeletion(83)) - Chosen 0/5000 blocks from 0 candidate containers.
2023-04-19 02:33:05,995 [BlockDeletingService#3] INFO  interfaces.ContainerDeletionChoosingPolicyTemplate (ContainerDeletionChoosingPolicyTemplate.java:chooseContainerForBlockDeletion(83)) - Chosen 0/5000 blocks from 0 candidate containers.
2023-04-19 02:33:06,003 [BlockDeletingService#7] INFO  interfaces.ContainerDeletionChoosingPolicyTemplate (ContainerDeletionChoosingPolicyTemplate.java:chooseContainerForBlockDeletion(83)) - Chosen 0/5000 blocks from 0 candidate containers.
2023-04-19 02:33:06,079 [SCMBlockDeletingService#0] DEBUG block.SCMBlockDeletingService (SCMBlockDeletingService.java:shouldRun(251)) - Check scm block delete run: true serviceStatus: RUNNING safemodeExitRunDelayMillis: 3000 alreadyWaitTimeInMillis: 16073
2023-04-19 02:33:06,080 [SCMBlockDeletingService#0] DEBUG block.SCMBlockDeletingService (SCMBlockDeletingService.java:call(154)) - Running DeletedBlockTransactionScanner
2023-04-19 02:33:06,095 [BlockDeletingService#2] INFO  interfaces.ContainerDeletionChoosingPolicyTemplate (ContainerDeletionChoosingPolicyTemplate.java:chooseContainerForBlockDeletion(83)) - Chosen 0/5000 blocks from 0 candidate containers.
2023-04-19 02:33:06,095 [BlockDeletingService#3] INFO  interfaces.ContainerDeletionChoosingPolicyTemplate (ContainerDeletionChoosingPolicyTemplate.java:chooseContainerForBlockDeletion(83)) - Chosen 0/5000 blocks from 0 candidate containers.
2023-04-19 02:33:06,103 [BlockDeletingService#7] INFO  interfaces.ContainerDeletionChoosingPolicyTemplate (ContainerDeletionChoosingPolicyTemplate.java:chooseContainerForBlockDeletion(83)) - Chosen 0/5000 blocks from 0 candidate containers.
2023-04-19 02:33:06,179 [SCMBlockDeletingService#0] DEBUG block.SCMBlockDeletingService (SCMBlockDeletingService.java:shouldRun(251)) - Check scm block delete run: true serviceStatus: RUNNING safemodeExitRunDelayMillis: 3000 alreadyWaitTimeInMillis: 16173
2023-04-19 02:33:06,180 [SCMBlockDeletingService#0] DEBUG block.SCMBlockDeletingService (SCMBlockDeletingService.java:call(154)) - Running DeletedBlockTransactionScanner
2023-04-19 02:33:06,195 [BlockDeletingService#2] INFO  interfaces.ContainerDeletionChoosingPolicyTemplate (ContainerDeletionChoosingPolicyTemplate.java:chooseContainerForBlockDeletion(83)) - Chosen 0/5000 blocks from 0 candidate containers.
2023-04-19 02:33:06,195 [BlockDeletingService#3] INFO  interfaces.ContainerDeletionChoosingPolicyTemplate (ContainerDeletionChoosingPolicyTemplate.java:chooseContainerForBlockDeletion(83)) - Chosen 0/5000 blocks from 0 candidate containers.
2023-04-19 02:33:06,204 [BlockDeletingService#7] INFO  interfaces.ContainerDeletionChoosingPolicyTemplate (ContainerDeletionChoosingPolicyTemplate.java:chooseContainerForBlockDeletion(83)) - Chosen 0/5000 blocks from 0 candidate containers.
2023-04-19 02:33:06,280 [SCMBlockDeletingService#0] DEBUG block.SCMBlockDeletingService (SCMBlockDeletingService.java:shouldRun(251)) - Check scm block delete run: true serviceStatus: RUNNING safemodeExitRunDelayMillis: 3000 alreadyWaitTimeInMillis: 16274
2023-04-19 02:33:06,280 [SCMBlockDeletingService#0] DEBUG block.SCMBlockDeletingService (SCMBlockDeletingService.java:call(154)) - Running DeletedBlockTransactionScanner
2023-04-19 02:33:06,295 [BlockDeletingService#2] INFO  interfaces.ContainerDeletionChoosingPolicyTemplate (ContainerDeletionChoosingPolicyTemplate.java:chooseContainerForBlockDeletion(83)) - Chosen 0/5000 blocks from 0 candidate containers.
2023-04-19 02:33:06,296 [BlockDeletingService#3] INFO  interfaces.ContainerDeletionChoosingPolicyTemplate (ContainerDeletionChoosingPolicyTemplate.java:chooseContainerForBlockDeletion(83)) - Chosen 0/5000 blocks from 0 candidate containers.
2023-04-19 02:33:06,304 [BlockDeletingService#7] INFO  interfaces.ContainerDeletionChoosingPolicyTemplate (ContainerDeletionChoosingPolicyTemplate.java:chooseContainerForBlockDeletion(83)) - Chosen 0/5000 blocks from 0 candidate containers.
2023-04-19 02:33:06,380 [SCMBlockDeletingService#0] DEBUG block.SCMBlockDeletingService (SCMBlockDeletingService.java:shouldRun(251)) - Check scm block delete run: true serviceStatus: RUNNING safemodeExitRunDelayMillis: 3000 alreadyWaitTimeInMillis: 16374
2023-04-19 02:33:06,380 [SCMBlockDeletingService#0] DEBUG block.SCMBlockDeletingService (SCMBlockDeletingService.java:call(154)) - Running DeletedBlockTransactionScanner
2023-04-19 02:33:06,396 [BlockDeletingService#2] INFO  interfaces.ContainerDeletionChoosingPolicyTemplate (ContainerDeletionChoosingPolicyTemplate.java:chooseContainerForBlockDeletion(83)) - Chosen 0/5000 blocks from 0 candidate containers.
2023-04-19 02:33:06,396 [BlockDeletingService#3] INFO  interfaces.ContainerDeletionChoosingPolicyTemplate (ContainerDeletionChoosingPolicyTemplate.java:chooseContainerForBlockDeletion(83)) - Chosen 0/5000 blocks from 0 candidate containers.
2023-04-19 02:33:06,404 [BlockDeletingService#7] INFO  interfaces.ContainerDeletionChoosingPolicyTemplate (ContainerDeletionChoosingPolicyTemplate.java:chooseContainerForBlockDeletion(83)) - Chosen 0/5000 blocks from 0 candidate containers.
2023-04-19 02:33:06,480 [SCMBlockDeletingService#0] DEBUG block.SCMBlockDeletingService (SCMBlockDeletingService.java:shouldRun(251)) - Check scm block delete run: true serviceStatus: RUNNING safemodeExitRunDelayMillis: 3000 alreadyWaitTimeInMillis: 16474
2023-04-19 02:33:06,480 [SCMBlockDeletingService#0] DEBUG block.SCMBlockDeletingService (SCMBlockDeletingService.java:call(154)) - Running DeletedBlockTransactionScanner
2023-04-19 02:33:06,496 [BlockDeletingService#2] INFO  interfaces.ContainerDeletionChoosingPolicyTemplate (ContainerDeletionChoosingPolicyTemplate.java:chooseContainerForBlockDeletion(83)) - Chosen 0/5000 blocks from 0 candidate containers.
2023-04-19 02:33:06,496 [BlockDeletingService#3] INFO  interfaces.ContainerDeletionChoosingPolicyTemplate (ContainerDeletionChoosingPolicyTemplate.java:chooseContainerForBlockDeletion(83)) - Chosen 0/5000 blocks from 0 candidate containers.
2023-04-19 02:33:06,504 [BlockDeletingService#7] INFO  interfaces.ContainerDeletionChoosingPolicyTemplate (ContainerDeletionChoosingPolicyTemplate.java:chooseContainerForBlockDeletion(83)) - Chosen 0/5000 blocks from 0 candidate containers.
2023-04-19 02:33:06,580 [SCMBlockDeletingService#0] DEBUG block.SCMBlockDeletingService (SCMBlockDeletingService.java:shouldRun(251)) - Check scm block delete run: true serviceStatus: RUNNING safemodeExitRunDelayMillis: 3000 alreadyWaitTimeInMillis: 16574
2023-04-19 02:33:06,580 [SCMBlockDeletingService#0] DEBUG block.SCMBlockDeletingService (SCMBlockDeletingService.java:call(154)) - Running DeletedBlockTransactionScanner
2023-04-19 02:33:06,596 [BlockDeletingService#2] INFO  interfaces.ContainerDeletionChoosingPolicyTemplate (ContainerDeletionChoosingPolicyTemplate.java:chooseContainerForBlockDeletion(83)) - Chosen 0/5000 blocks from 0 candidate containers.
2023-04-19 02:33:06,596 [BlockDeletingService#3] INFO  interfaces.ContainerDeletionChoosingPolicyTemplate (ContainerDeletionChoosingPolicyTemplate.java:chooseContainerForBlockDeletion(83)) - Chosen 0/5000 blocks from 0 candidate containers.
2023-04-19 02:33:06,604 [BlockDeletingService#7] INFO  interfaces.ContainerDeletionChoosingPolicyTemplate (ContainerDeletionChoosingPolicyTemplate.java:chooseContainerForBlockDeletion(83)) - Chosen 0/5000 blocks from 0 candidate containers.
2023-04-19 02:33:06,680 [SCMBlockDeletingService#0] DEBUG block.SCMBlockDeletingService (SCMBlockDeletingService.java:shouldRun(251)) - Check scm block delete run: true serviceStatus: RUNNING safemodeExitRunDelayMillis: 3000 alreadyWaitTimeInMillis: 16674
2023-04-19 02:33:06,680 [SCMBlockDeletingService#0] DEBUG block.SCMBlockDeletingService (SCMBlockDeletingService.java:call(154)) - Running DeletedBlockTransactionScanner
2023-04-19 02:33:06,696 [BlockDeletingService#2] INFO  interfaces.ContainerDeletionChoosingPolicyTemplate (ContainerDeletionChoosingPolicyTemplate.java:chooseContainerForBlockDeletion(83)) - Chosen 0/5000 blocks from 0 candidate containers.
2023-04-19 02:33:06,696 [BlockDeletingService#3] INFO  interfaces.ContainerDeletionChoosingPolicyTemplate (ContainerDeletionChoosingPolicyTemplate.java:chooseContainerForBlockDeletion(83)) - Chosen 0/5000 blocks from 0 candidate containers.
2023-04-19 02:33:06,704 [BlockDeletingService#7] INFO  interfaces.ContainerDeletionChoosingPolicyTemplate (ContainerDeletionChoosingPolicyTemplate.java:chooseContainerForBlockDeletion(83)) - Chosen 0/5000 blocks from 0 candidate containers.
2023-04-19 02:33:06,780 [SCMBlockDeletingService#0] DEBUG block.SCMBlockDeletingService (SCMBlockDeletingService.java:shouldRun(251)) - Check scm block delete run: true serviceStatus: RUNNING safemodeExitRunDelayMillis: 3000 alreadyWaitTimeInMillis: 16774
2023-04-19 02:33:06,780 [SCMBlockDeletingService#0] DEBUG block.SCMBlockDeletingService (SCMBlockDeletingService.java:call(154)) - Running DeletedBlockTransactionScanner
2023-04-19 02:33:06,797 [BlockDeletingService#2] INFO  interfaces.ContainerDeletionChoosingPolicyTemplate (ContainerDeletionChoosingPolicyTemplate.java:chooseContainerForBlockDeletion(83)) - Chosen 0/5000 blocks from 0 candidate containers.
2023-04-19 02:33:06,797 [BlockDeletingService#3] INFO  interfaces.ContainerDeletionChoosingPolicyTemplate (ContainerDeletionChoosingPolicyTemplate.java:chooseContainerForBlockDeletion(83)) - Chosen 0/5000 blocks from 0 candidate containers.
2023-04-19 02:33:06,805 [BlockDeletingService#7] INFO  interfaces.ContainerDeletionChoosingPolicyTemplate (ContainerDeletionChoosingPolicyTemplate.java:chooseContainerForBlockDeletion(83)) - Chosen 0/5000 blocks from 0 candidate containers.
2023-04-19 02:33:06,832 [Listener at 127.0.0.1/44187] WARN  commandhandler.TestBlockDeletion (TestBlockDeletion.java:lambda$testBlockDeletion$4(265)) - Verify blocks deletion failed
org.opentest4j.AssertionFailedError: expected: <null> but was: <[blockId=conID: 1 locID: 111677748019200001 bcsId: 16, size=4194304]>
	at org.junit.jupiter.api.AssertionUtils.fail(AssertionUtils.java:55)
	at org.junit.jupiter.api.AssertNull.failNotNull(AssertNull.java:54)
	at org.junit.jupiter.api.AssertNull.assertNull(AssertNull.java:38)
	at org.junit.jupiter.api.AssertNull.assertNull(AssertNull.java:33)
	at org.junit.jupiter.api.Assertions.assertNull(Assertions.java:275)
	at org.apache.hadoop.ozone.container.common.statemachine.commandhandler.TestBlockDeletion.lambda$verifyBlocksDeleted$17(TestBlockDeletion.java:484)
	at org.apache.hadoop.ozone.OzoneTestUtils.performOperationOnKeyContainers(OzoneTestUtils.java:140)
	at org.apache.hadoop.ozone.container.common.statemachine.commandhandler.TestBlockDeletion.verifyBlocksDeleted(TestBlockDeletion.java:474)
	at org.apache.hadoop.ozone.container.common.statemachine.commandhandler.TestBlockDeletion.lambda$testBlockDeletion$4(TestBlockDeletion.java:262)
	at org.apache.ozone.test.GenericTestUtils.waitFor(GenericTestUtils.java:225)
	at org.apache.hadoop.ozone.container.common.statemachine.commandhandler.TestBlockDeletion.testBlockDeletion(TestBlockDeletion.java:260)
	at sun.reflect.NativeMethodAccessorImpl.invoke0(Native Method)
	at sun.reflect.NativeMethodAccessorImpl.invoke(NativeMethodAccessorImpl.java:62)
	at sun.reflect.DelegatingMethodAccessorImpl.invoke(DelegatingMethodAccessorImpl.java:43)
	at java.lang.reflect.Method.invoke(Method.java:498)
	at org.junit.platform.commons.util.ReflectionUtils.invokeMethod(ReflectionUtils.java:725)
	at org.junit.jupiter.engine.execution.MethodInvocation.proceed(MethodInvocation.java:60)
	at org.junit.jupiter.engine.execution.InvocationInterceptorChain$ValidatingInvocation.proceed(InvocationInterceptorChain.java:131)
	at org.junit.jupiter.engine.extension.TimeoutExtension.intercept(TimeoutExtension.java:149)
	at org.junit.jupiter.engine.extension.TimeoutExtension.interceptTestableMethod(TimeoutExtension.java:140)
	at org.junit.jupiter.engine.extension.TimeoutExtension.interceptTestTemplateMethod(TimeoutExtension.java:92)
	at org.junit.jupiter.engine.execution.ExecutableInvoker$ReflectiveInterceptorCall.lambda$ofVoidMethod$0(ExecutableInvoker.java:115)
	at org.junit.jupiter.engine.execution.ExecutableInvoker.lambda$invoke$0(ExecutableInvoker.java:105)
	at org.junit.jupiter.engine.execution.InvocationInterceptorChain$InterceptedInvocation.proceed(InvocationInterceptorChain.java:106)
	at org.junit.jupiter.engine.execution.InvocationInterceptorChain.proceed(InvocationInterceptorChain.java:64)
	at org.junit.jupiter.engine.execution.InvocationInterceptorChain.chainAndInvoke(InvocationInterceptorChain.java:45)
	at org.junit.jupiter.engine.execution.InvocationInterceptorChain.invoke(InvocationInterceptorChain.java:37)
	at org.junit.jupiter.engine.execution.ExecutableInvoker.invoke(ExecutableInvoker.java:104)
	at org.junit.jupiter.engine.execution.ExecutableInvoker.invoke(ExecutableInvoker.java:98)
	at org.junit.jupiter.engine.descriptor.TestMethodTestDescriptor.lambda$invokeTestMethod$7(TestMethodTestDescriptor.java:214)
	at org.junit.platform.engine.support.hierarchical.ThrowableCollector.execute(ThrowableCollector.java:73)
	at org.junit.jupiter.engine.descriptor.TestMethodTestDescriptor.invokeTestMethod(TestMethodTestDescriptor.java:210)
	at org.junit.jupiter.engine.descriptor.TestMethodTestDescriptor.execute(TestMethodTestDescriptor.java:135)
	at org.junit.jupiter.engine.descriptor.TestMethodTestDescriptor.execute(TestMethodTestDescriptor.java:66)
	at org.junit.platform.engine.support.hierarchical.NodeTestTask.lambda$executeRecursively$6(NodeTestTask.java:151)
	at org.junit.platform.engine.support.hierarchical.ThrowableCollector.execute(ThrowableCollector.java:73)
	at org.junit.platform.engine.support.hierarchical.NodeTestTask.lambda$executeRecursively$8(NodeTestTask.java:141)
	at org.junit.platform.engine.support.hierarchical.Node.around(Node.java:137)
	at org.junit.platform.engine.support.hierarchical.NodeTestTask.lambda$executeRecursively$9(NodeTestTask.java:139)
	at org.junit.platform.engine.support.hierarchical.ThrowableCollector.execute(ThrowableCollector.java:73)
	at org.junit.platform.engine.support.hierarchical.NodeTestTask.executeRecursively(NodeTestTask.java:138)
	at org.junit.platform.engine.support.hierarchical.NodeTestTask.execute(NodeTestTask.java:95)
	at org.junit.platform.engine.support.hierarchical.SameThreadHierarchicalTestExecutorService.submit(SameThreadHierarchicalTestExecutorService.java:35)
	at org.junit.platform.engine.support.hierarchical.NodeTestTask$DefaultDynamicTestExecutor.execute(NodeTestTask.java:226)
	at org.junit.platform.engine.support.hierarchical.NodeTestTask$DefaultDynamicTestExecutor.execute(NodeTestTask.java:204)
	at org.junit.jupiter.engine.descriptor.TestTemplateTestDescriptor.execute(TestTemplateTestDescriptor.java:139)
	at org.junit.jupiter.engine.descriptor.TestTemplateTestDescriptor.lambda$execute$2(TestTemplateTestDescriptor.java:107)
	at java.util.stream.ForEachOps$ForEachOp$OfRef.accept(ForEachOps.java:183)
	at java.util.stream.ReferencePipeline$3$1.accept(ReferencePipeline.java:193)
	at java.util.stream.ReferencePipeline$2$1.accept(ReferencePipeline.java:175)
	at java.util.stream.ReferencePipeline$3$1.accept(ReferencePipeline.java:193)
	at java.util.stream.ForEachOps$ForEachOp$OfRef.accept(ForEachOps.java:183)
	at java.util.stream.ReferencePipeline$3$1.accept(ReferencePipeline.java:193)
	at java.util.stream.ReferencePipeline$3$1.accept(ReferencePipeline.java:193)
	at java.util.stream.ReferencePipeline$3$1.accept(ReferencePipeline.java:193)
	at java.util.stream.ForEachOps$ForEachOp$OfRef.accept(ForEachOps.java:183)
	at java.util.stream.ReferencePipeline$3$1.accept(ReferencePipeline.java:193)
	at java.util.Spliterators$ArraySpliterator.forEachRemaining(Spliterators.java:948)
	at java.util.stream.ReferencePipeline$Head.forEach(ReferencePipeline.java:647)
	at java.util.stream.ReferencePipeline$7$1.accept(ReferencePipeline.java:272)
	at java.util.stream.ReferencePipeline$3$1.accept(ReferencePipeline.java:193)
	at java.util.stream.ReferencePipeline$3$1.accept(ReferencePipeline.java:193)
	at java.util.Spliterators$ArraySpliterator.forEachRemaining(Spliterators.java:948)
	at java.util.stream.AbstractPipeline.copyInto(AbstractPipeline.java:482)
	at java.util.stream.AbstractPipeline.wrapAndCopyInto(AbstractPipeline.java:472)
	at java.util.stream.ForEachOps$ForEachOp.evaluateSequential(ForEachOps.java:150)
	at java.util.stream.ForEachOps$ForEachOp$OfRef.evaluateSequential(ForEachOps.java:173)
	at java.util.stream.AbstractPipeline.evaluate(AbstractPipeline.java:234)
	at java.util.stream.ReferencePipeline.forEach(ReferencePipeline.java:485)
	at java.util.stream.ReferencePipeline$7$1.accept(ReferencePipeline.java:272)
	at java.util.stream.ReferencePipeline$3$1.accept(ReferencePipeline.java:193)
	at java.util.stream.ReferencePipeline$3$1.accept(ReferencePipeline.java:193)
	at java.util.stream.ReferencePipeline$3$1.accept(ReferencePipeline.java:193)
	at java.util.ArrayList$ArrayListSpliterator.forEachRemaining(ArrayList.java:1384)
	at java.util.stream.AbstractPipeline.copyInto(AbstractPipeline.java:482)
	at java.util.stream.AbstractPipeline.wrapAndCopyInto(AbstractPipeline.java:472)
	at java.util.stream.ForEachOps$ForEachOp.evaluateSequential(ForEachOps.java:150)
	at java.util.stream.ForEachOps$ForEachOp$OfRef.evaluateSequential(ForEachOps.java:173)
	at java.util.stream.AbstractPipeline.evaluate(AbstractPipeline.java:234)
	at java.util.stream.ReferencePipeline.forEach(ReferencePipeline.java:485)
	at java.util.stream.ReferencePipeline$7$1.accept(ReferencePipeline.java:272)
	at java.util.ArrayList$ArrayListSpliterator.forEachRemaining(ArrayList.java:1384)
	at java.util.stream.AbstractPipeline.copyInto(AbstractPipeline.java:482)
	at java.util.stream.AbstractPipeline.wrapAndCopyInto(AbstractPipeline.java:472)
	at java.util.stream.ForEachOps$ForEachOp.evaluateSequential(ForEachOps.java:150)
	at java.util.stream.ForEachOps$ForEachOp$OfRef.evaluateSequential(ForEachOps.java:173)
	at java.util.stream.AbstractPipeline.evaluate(AbstractPipeline.java:234)
	at java.util.stream.ReferencePipeline.forEach(ReferencePipeline.java:485)
	at org.junit.jupiter.engine.descriptor.TestTemplateTestDescriptor.execute(TestTemplateTestDescriptor.java:107)
	at org.junit.jupiter.engine.descriptor.TestTemplateTestDescriptor.execute(TestTemplateTestDescriptor.java:42)
	at org.junit.platform.engine.support.hierarchical.NodeTestTask.lambda$executeRecursively$6(NodeTestTask.java:151)
	at org.junit.platform.engine.support.hierarchical.ThrowableCollector.execute(ThrowableCollector.java:73)
	at org.junit.platform.engine.support.hierarchical.NodeTestTask.lambda$executeRecursively$8(NodeTestTask.java:141)
	at org.junit.platform.engine.support.hierarchical.Node.around(Node.java:137)
	at org.junit.platform.engine.support.hierarchical.NodeTestTask.lambda$executeRecursively$9(NodeTestTask.java:139)
	at org.junit.platform.engine.support.hierarchical.ThrowableCollector.execute(ThrowableCollector.java:73)
	at org.junit.platform.engine.support.hierarchical.NodeTestTask.executeRecursively(NodeTestTask.java:138)
	at org.junit.platform.engine.support.hierarchical.NodeTestTask.execute(NodeTestTask.java:95)
	at java.util.ArrayList.forEach(ArrayList.java:1259)
	at org.junit.platform.engine.support.hierarchical.SameThreadHierarchicalTestExecutorService.invokeAll(SameThreadHierarchicalTestExecutorService.java:41)
	at org.junit.platform.engine.support.hierarchical.NodeTestTask.lambda$executeRecursively$6(NodeTestTask.java:155)
	at org.junit.platform.engine.support.hierarchical.ThrowableCollector.execute(ThrowableCollector.java:73)
	at org.junit.platform.engine.support.hierarchical.NodeTestTask.lambda$executeRecursively$8(NodeTestTask.java:141)
	at org.junit.platform.engine.support.hierarchical.Node.around(Node.java:137)
	at org.junit.platform.engine.support.hierarchical.NodeTestTask.lambda$executeRecursively$9(NodeTestTask.java:139)
	at org.junit.platform.engine.support.hierarchical.ThrowableCollector.execute(ThrowableCollector.java:73)
	at org.junit.platform.engine.support.hierarchical.NodeTestTask.executeRecursively(NodeTestTask.java:138)
	at org.junit.platform.engine.support.hierarchical.NodeTestTask.execute(NodeTestTask.java:95)
	at java.util.ArrayList.forEach(ArrayList.java:1259)
	at org.junit.platform.engine.support.hierarchical.SameThreadHierarchicalTestExecutorService.invokeAll(SameThreadHierarchicalTestExecutorService.java:41)
	at org.junit.platform.engine.support.hierarchical.NodeTestTask.lambda$executeRecursively$6(NodeTestTask.java:155)
	at org.junit.platform.engine.support.hierarchical.ThrowableCollector.execute(ThrowableCollector.java:73)
	at org.junit.platform.engine.support.hierarchical.NodeTestTask.lambda$executeRecursively$8(NodeTestTask.java:141)
	at org.junit.platform.engine.support.hierarchical.Node.around(Node.java:137)
	at org.junit.platform.engine.support.hierarchical.NodeTestTask.lambda$executeRecursively$9(NodeTestTask.java:139)
	at org.junit.platform.engine.support.hierarchical.ThrowableCollector.execute(ThrowableCollector.java:73)
	at org.junit.platform.engine.support.hierarchical.NodeTestTask.executeRecursively(NodeTestTask.java:138)
	at org.junit.platform.engine.support.hierarchical.NodeTestTask.execute(NodeTestTask.java:95)
	at org.junit.platform.engine.support.hierarchical.SameThreadHierarchicalTestExecutorService.submit(SameThreadHierarchicalTestExecutorService.java:35)
	at org.junit.platform.engine.support.hierarchical.HierarchicalTestExecutor.execute(HierarchicalTestExecutor.java:57)
	at org.junit.platform.engine.support.hierarchical.HierarchicalTestEngine.execute(HierarchicalTestEngine.java:54)
	at org.junit.platform.launcher.core.EngineExecutionOrchestrator.execute(EngineExecutionOrchestrator.java:107)
	at org.junit.platform.launcher.core.EngineExecutionOrchestrator.execute(EngineExecutionOrchestrator.java:88)
	at org.junit.platform.launcher.core.EngineExecutionOrchestrator.lambda$execute$0(EngineExecutionOrchestrator.java:54)
	at org.junit.platform.launcher.core.EngineExecutionOrchestrator.withInterceptedStreams(EngineExecutionOrchestrator.java:67)
	at org.junit.platform.launcher.core.EngineExecutionOrchestrator.execute(EngineExecutionOrchestrator.java:52)
	at org.junit.platform.launcher.core.DefaultLauncher.execute(DefaultLauncher.java:114)
	at org.junit.platform.launcher.core.DefaultLauncher.execute(DefaultLauncher.java:86)
	at org.junit.platform.launcher.core.DefaultLauncherSession$DelegatingLauncher.execute(DefaultLauncherSession.java:86)
	at org.junit.platform.launcher.core.SessionPerRequestLauncher.execute(SessionPerRequestLauncher.java:53)
	at org.apache.maven.surefire.junitplatform.JUnitPlatformProvider.execute(JUnitPlatformProvider.java:188)
	at org.apache.maven.surefire.junitplatform.JUnitPlatformProvider.invokeAllTests(JUnitPlatformProvider.java:154)
	at org.apache.maven.surefire.junitplatform.JUnitPlatformProvider.invoke(JUnitPlatformProvider.java:124)
	at org.apache.maven.surefire.booter.ForkedBooter.runSuitesInProcess(ForkedBooter.java:428)
	at org.apache.maven.surefire.booter.ForkedBooter.execute(ForkedBooter.java:162)
	at org.apache.maven.surefire.booter.ForkedBooter.run(ForkedBooter.java:562)
	at org.apache.maven.surefire.booter.ForkedBooter.main(ForkedBooter.java:548)
2023-04-19 02:33:06,880 [SCMBlockDeletingService#0] DEBUG block.SCMBlockDeletingService (SCMBlockDeletingService.java:shouldRun(251)) - Check scm block delete run: true serviceStatus: RUNNING safemodeExitRunDelayMillis: 3000 alreadyWaitTimeInMillis: 16874
2023-04-19 02:33:06,880 [SCMBlockDeletingService#0] DEBUG block.SCMBlockDeletingService (SCMBlockDeletingService.java:call(154)) - Running DeletedBlockTransactionScanner
2023-04-19 02:33:06,897 [BlockDeletingService#2] INFO  interfaces.ContainerDeletionChoosingPolicyTemplate (ContainerDeletionChoosingPolicyTemplate.java:chooseContainerForBlockDeletion(83)) - Chosen 0/5000 blocks from 0 candidate containers.
2023-04-19 02:33:06,897 [BlockDeletingService#3] INFO  interfaces.ContainerDeletionChoosingPolicyTemplate (ContainerDeletionChoosingPolicyTemplate.java:chooseContainerForBlockDeletion(83)) - Chosen 0/5000 blocks from 0 candidate containers.
2023-04-19 02:33:06,905 [BlockDeletingService#7] INFO  interfaces.ContainerDeletionChoosingPolicyTemplate (ContainerDeletionChoosingPolicyTemplate.java:chooseContainerForBlockDeletion(83)) - Chosen 0/5000 blocks from 0 candidate containers.
2023-04-19 02:33:06,980 [SCMBlockDeletingService#0] DEBUG block.SCMBlockDeletingService (SCMBlockDeletingService.java:shouldRun(251)) - Check scm block delete run: true serviceStatus: RUNNING safemodeExitRunDelayMillis: 3000 alreadyWaitTimeInMillis: 16974
2023-04-19 02:33:06,980 [SCMBlockDeletingService#0] DEBUG block.SCMBlockDeletingService (SCMBlockDeletingService.java:call(154)) - Running DeletedBlockTransactionScanner
2023-04-19 02:33:06,997 [BlockDeletingService#2] INFO  interfaces.ContainerDeletionChoosingPolicyTemplate (ContainerDeletionChoosingPolicyTemplate.java:chooseContainerForBlockDeletion(83)) - Chosen 0/5000 blocks from 0 candidate containers.
2023-04-19 02:33:06,997 [BlockDeletingService#3] INFO  interfaces.ContainerDeletionChoosingPolicyTemplate (ContainerDeletionChoosingPolicyTemplate.java:chooseContainerForBlockDeletion(83)) - Chosen 0/5000 blocks from 0 candidate containers.
2023-04-19 02:33:07,005 [BlockDeletingService#7] INFO  interfaces.ContainerDeletionChoosingPolicyTemplate (ContainerDeletionChoosingPolicyTemplate.java:chooseContainerForBlockDeletion(83)) - Chosen 0/5000 blocks from 0 candidate containers.
2023-04-19 02:33:07,080 [SCMBlockDeletingService#0] DEBUG block.SCMBlockDeletingService (SCMBlockDeletingService.java:shouldRun(251)) - Check scm block delete run: true serviceStatus: RUNNING safemodeExitRunDelayMillis: 3000 alreadyWaitTimeInMillis: 17074
2023-04-19 02:33:07,080 [SCMBlockDeletingService#0] DEBUG block.SCMBlockDeletingService (SCMBlockDeletingService.java:call(154)) - Running DeletedBlockTransactionScanner
2023-04-19 02:33:07,097 [BlockDeletingService#2] INFO  interfaces.ContainerDeletionChoosingPolicyTemplate (ContainerDeletionChoosingPolicyTemplate.java:chooseContainerForBlockDeletion(83)) - Chosen 0/5000 blocks from 0 candidate containers.
2023-04-19 02:33:07,097 [BlockDeletingService#3] INFO  interfaces.ContainerDeletionChoosingPolicyTemplate (ContainerDeletionChoosingPolicyTemplate.java:chooseContainerForBlockDeletion(83)) - Chosen 0/5000 blocks from 0 candidate containers.
2023-04-19 02:33:07,105 [BlockDeletingService#7] INFO  interfaces.ContainerDeletionChoosingPolicyTemplate (ContainerDeletionChoosingPolicyTemplate.java:chooseContainerForBlockDeletion(83)) - Chosen 0/5000 blocks from 0 candidate containers.
2023-04-19 02:33:07,180 [SCMBlockDeletingService#0] DEBUG block.SCMBlockDeletingService (SCMBlockDeletingService.java:shouldRun(251)) - Check scm block delete run: true serviceStatus: RUNNING safemodeExitRunDelayMillis: 3000 alreadyWaitTimeInMillis: 17174
2023-04-19 02:33:07,181 [SCMBlockDeletingService#0] DEBUG block.SCMBlockDeletingService (SCMBlockDeletingService.java:call(154)) - Running DeletedBlockTransactionScanner
2023-04-19 02:33:07,198 [BlockDeletingService#2] INFO  interfaces.ContainerDeletionChoosingPolicyTemplate (ContainerDeletionChoosingPolicyTemplate.java:chooseContainerForBlockDeletion(83)) - Chosen 0/5000 blocks from 0 candidate containers.
2023-04-19 02:33:07,198 [BlockDeletingService#3] INFO  interfaces.ContainerDeletionChoosingPolicyTemplate (ContainerDeletionChoosingPolicyTemplate.java:chooseContainerForBlockDeletion(83)) - Chosen 0/5000 blocks from 0 candidate containers.
2023-04-19 02:33:07,206 [BlockDeletingService#7] INFO  interfaces.ContainerDeletionChoosingPolicyTemplate (ContainerDeletionChoosingPolicyTemplate.java:chooseContainerForBlockDeletion(83)) - Chosen 0/5000 blocks from 0 candidate containers.
2023-04-19 02:33:07,280 [SCMBlockDeletingService#0] DEBUG block.SCMBlockDeletingService (SCMBlockDeletingService.java:shouldRun(251)) - Check scm block delete run: true serviceStatus: RUNNING safemodeExitRunDelayMillis: 3000 alreadyWaitTimeInMillis: 17274
2023-04-19 02:33:07,281 [SCMBlockDeletingService#0] DEBUG block.SCMBlockDeletingService (SCMBlockDeletingService.java:call(154)) - Running DeletedBlockTransactionScanner
2023-04-19 02:33:07,298 [BlockDeletingService#2] INFO  interfaces.ContainerDeletionChoosingPolicyTemplate (ContainerDeletionChoosingPolicyTemplate.java:chooseContainerForBlockDeletion(83)) - Chosen 0/5000 blocks from 0 candidate containers.
2023-04-19 02:33:07,298 [BlockDeletingService#3] INFO  interfaces.ContainerDeletionChoosingPolicyTemplate (ContainerDeletionChoosingPolicyTemplate.java:chooseContainerForBlockDeletion(83)) - Chosen 0/5000 blocks from 0 candidate containers.
2023-04-19 02:33:07,306 [BlockDeletingService#7] INFO  interfaces.ContainerDeletionChoosingPolicyTemplate (ContainerDeletionChoosingPolicyTemplate.java:chooseContainerForBlockDeletion(83)) - Chosen 0/5000 blocks from 0 candidate containers.
2023-04-19 02:33:07,381 [SCMBlockDeletingService#0] DEBUG block.SCMBlockDeletingService (SCMBlockDeletingService.java:shouldRun(251)) - Check scm block delete run: true serviceStatus: RUNNING safemodeExitRunDelayMillis: 3000 alreadyWaitTimeInMillis: 17374
2023-04-19 02:33:07,381 [SCMBlockDeletingService#0] DEBUG block.SCMBlockDeletingService (SCMBlockDeletingService.java:call(154)) - Running DeletedBlockTransactionScanner
2023-04-19 02:33:07,398 [BlockDeletingService#2] INFO  interfaces.ContainerDeletionChoosingPolicyTemplate (ContainerDeletionChoosingPolicyTemplate.java:chooseContainerForBlockDeletion(83)) - Chosen 0/5000 blocks from 0 candidate containers.
2023-04-19 02:33:07,398 [BlockDeletingService#3] INFO  interfaces.ContainerDeletionChoosingPolicyTemplate (ContainerDeletionChoosingPolicyTemplate.java:chooseContainerForBlockDeletion(83)) - Chosen 0/5000 blocks from 0 candidate containers.
2023-04-19 02:33:07,406 [BlockDeletingService#7] INFO  interfaces.ContainerDeletionChoosingPolicyTemplate (ContainerDeletionChoosingPolicyTemplate.java:chooseContainerForBlockDeletion(83)) - Chosen 0/5000 blocks from 0 candidate containers.
2023-04-19 02:33:07,481 [SCMBlockDeletingService#0] DEBUG block.SCMBlockDeletingService (SCMBlockDeletingService.java:shouldRun(251)) - Check scm block delete run: true serviceStatus: RUNNING safemodeExitRunDelayMillis: 3000 alreadyWaitTimeInMillis: 17475
2023-04-19 02:33:07,481 [SCMBlockDeletingService#0] DEBUG block.SCMBlockDeletingService (SCMBlockDeletingService.java:call(154)) - Running DeletedBlockTransactionScanner
2023-04-19 02:33:07,498 [BlockDeletingService#2] INFO  interfaces.ContainerDeletionChoosingPolicyTemplate (ContainerDeletionChoosingPolicyTemplate.java:chooseContainerForBlockDeletion(83)) - Chosen 0/5000 blocks from 0 candidate containers.
2023-04-19 02:33:07,499 [BlockDeletingService#3] INFO  interfaces.ContainerDeletionChoosingPolicyTemplate (ContainerDeletionChoosingPolicyTemplate.java:chooseContainerForBlockDeletion(83)) - Chosen 0/5000 blocks from 0 candidate containers.
2023-04-19 02:33:07,506 [BlockDeletingService#7] INFO  interfaces.ContainerDeletionChoosingPolicyTemplate (ContainerDeletionChoosingPolicyTemplate.java:chooseContainerForBlockDeletion(83)) - Chosen 0/5000 blocks from 0 candidate containers.
2023-04-19 02:33:07,581 [SCMBlockDeletingService#0] DEBUG block.SCMBlockDeletingService (SCMBlockDeletingService.java:shouldRun(251)) - Check scm block delete run: true serviceStatus: RUNNING safemodeExitRunDelayMillis: 3000 alreadyWaitTimeInMillis: 17575
2023-04-19 02:33:07,581 [SCMBlockDeletingService#0] DEBUG block.SCMBlockDeletingService (SCMBlockDeletingService.java:call(154)) - Running DeletedBlockTransactionScanner
2023-04-19 02:33:07,599 [BlockDeletingService#2] INFO  interfaces.ContainerDeletionChoosingPolicyTemplate (ContainerDeletionChoosingPolicyTemplate.java:chooseContainerForBlockDeletion(83)) - Chosen 0/5000 blocks from 0 candidate containers.
2023-04-19 02:33:07,599 [BlockDeletingService#3] INFO  interfaces.ContainerDeletionChoosingPolicyTemplate (ContainerDeletionChoosingPolicyTemplate.java:chooseContainerForBlockDeletion(83)) - Chosen 0/5000 blocks from 0 candidate containers.
2023-04-19 02:33:07,606 [BlockDeletingService#7] INFO  interfaces.ContainerDeletionChoosingPolicyTemplate (ContainerDeletionChoosingPolicyTemplate.java:chooseContainerForBlockDeletion(83)) - Chosen 0/5000 blocks from 0 candidate containers.
2023-04-19 02:33:07,681 [SCMBlockDeletingService#0] DEBUG block.SCMBlockDeletingService (SCMBlockDeletingService.java:shouldRun(251)) - Check scm block delete run: true serviceStatus: RUNNING safemodeExitRunDelayMillis: 3000 alreadyWaitTimeInMillis: 17675
2023-04-19 02:33:07,681 [SCMBlockDeletingService#0] DEBUG block.SCMBlockDeletingService (SCMBlockDeletingService.java:call(154)) - Running DeletedBlockTransactionScanner
2023-04-19 02:33:07,699 [BlockDeletingService#2] INFO  interfaces.ContainerDeletionChoosingPolicyTemplate (ContainerDeletionChoosingPolicyTemplate.java:chooseContainerForBlockDeletion(83)) - Chosen 0/5000 blocks from 0 candidate containers.
2023-04-19 02:33:07,699 [BlockDeletingService#3] INFO  interfaces.ContainerDeletionChoosingPolicyTemplate (ContainerDeletionChoosingPolicyTemplate.java:chooseContainerForBlockDeletion(83)) - Chosen 0/5000 blocks from 0 candidate containers.
2023-04-19 02:33:07,707 [BlockDeletingService#7] INFO  interfaces.ContainerDeletionChoosingPolicyTemplate (ContainerDeletionChoosingPolicyTemplate.java:chooseContainerForBlockDeletion(83)) - Chosen 0/5000 blocks from 0 candidate containers.
2023-04-19 02:33:07,781 [SCMBlockDeletingService#0] DEBUG block.SCMBlockDeletingService (SCMBlockDeletingService.java:shouldRun(251)) - Check scm block delete run: true serviceStatus: RUNNING safemodeExitRunDelayMillis: 3000 alreadyWaitTimeInMillis: 17775
2023-04-19 02:33:07,781 [SCMBlockDeletingService#0] DEBUG block.SCMBlockDeletingService (SCMBlockDeletingService.java:call(154)) - Running DeletedBlockTransactionScanner
2023-04-19 02:33:07,799 [BlockDeletingService#2] INFO  interfaces.ContainerDeletionChoosingPolicyTemplate (ContainerDeletionChoosingPolicyTemplate.java:chooseContainerForBlockDeletion(83)) - Chosen 0/5000 blocks from 0 candidate containers.
2023-04-19 02:33:07,799 [BlockDeletingService#3] INFO  interfaces.ContainerDeletionChoosingPolicyTemplate (ContainerDeletionChoosingPolicyTemplate.java:chooseContainerForBlockDeletion(83)) - Chosen 0/5000 blocks from 0 candidate containers.
2023-04-19 02:33:07,807 [BlockDeletingService#7] INFO  interfaces.ContainerDeletionChoosingPolicyTemplate (ContainerDeletionChoosingPolicyTemplate.java:chooseContainerForBlockDeletion(83)) - Chosen 0/5000 blocks from 0 candidate containers.
2023-04-19 02:33:07,881 [SCMBlockDeletingService#0] DEBUG block.SCMBlockDeletingService (SCMBlockDeletingService.java:shouldRun(251)) - Check scm block delete run: true serviceStatus: RUNNING safemodeExitRunDelayMillis: 3000 alreadyWaitTimeInMillis: 17875
2023-04-19 02:33:07,881 [SCMBlockDeletingService#0] DEBUG block.SCMBlockDeletingService (SCMBlockDeletingService.java:call(154)) - Running DeletedBlockTransactionScanner
2023-04-19 02:33:07,899 [BlockDeletingService#2] INFO  interfaces.ContainerDeletionChoosingPolicyTemplate (ContainerDeletionChoosingPolicyTemplate.java:chooseContainerForBlockDeletion(83)) - Chosen 0/5000 blocks from 0 candidate containers.
2023-04-19 02:33:07,899 [BlockDeletingService#3] INFO  interfaces.ContainerDeletionChoosingPolicyTemplate (ContainerDeletionChoosingPolicyTemplate.java:chooseContainerForBlockDeletion(83)) - Chosen 0/5000 blocks from 0 candidate containers.
2023-04-19 02:33:07,907 [BlockDeletingService#7] INFO  interfaces.ContainerDeletionChoosingPolicyTemplate (ContainerDeletionChoosingPolicyTemplate.java:chooseContainerForBlockDeletion(83)) - Chosen 0/5000 blocks from 0 candidate containers.
2023-04-19 02:33:07,981 [SCMBlockDeletingService#0] DEBUG block.SCMBlockDeletingService (SCMBlockDeletingService.java:shouldRun(251)) - Check scm block delete run: true serviceStatus: RUNNING safemodeExitRunDelayMillis: 3000 alreadyWaitTimeInMillis: 17975
2023-04-19 02:33:07,981 [SCMBlockDeletingService#0] DEBUG block.SCMBlockDeletingService (SCMBlockDeletingService.java:call(154)) - Running DeletedBlockTransactionScanner
2023-04-19 02:33:08,000 [BlockDeletingService#2] INFO  interfaces.ContainerDeletionChoosingPolicyTemplate (ContainerDeletionChoosingPolicyTemplate.java:chooseContainerForBlockDeletion(83)) - Chosen 0/5000 blocks from 0 candidate containers.
2023-04-19 02:33:08,000 [BlockDeletingService#3] INFO  interfaces.ContainerDeletionChoosingPolicyTemplate (ContainerDeletionChoosingPolicyTemplate.java:chooseContainerForBlockDeletion(83)) - Chosen 0/5000 blocks from 0 candidate containers.
2023-04-19 02:33:08,007 [BlockDeletingService#7] INFO  interfaces.ContainerDeletionChoosingPolicyTemplate (ContainerDeletionChoosingPolicyTemplate.java:chooseContainerForBlockDeletion(83)) - Chosen 0/5000 blocks from 0 candidate containers.
2023-04-19 02:33:08,081 [SCMBlockDeletingService#0] DEBUG block.SCMBlockDeletingService (SCMBlockDeletingService.java:shouldRun(251)) - Check scm block delete run: true serviceStatus: RUNNING safemodeExitRunDelayMillis: 3000 alreadyWaitTimeInMillis: 18075
2023-04-19 02:33:08,081 [SCMBlockDeletingService#0] DEBUG block.SCMBlockDeletingService (SCMBlockDeletingService.java:call(154)) - Running DeletedBlockTransactionScanner
2023-04-19 02:33:08,100 [BlockDeletingService#2] INFO  interfaces.ContainerDeletionChoosingPolicyTemplate (ContainerDeletionChoosingPolicyTemplate.java:chooseContainerForBlockDeletion(83)) - Chosen 0/5000 blocks from 0 candidate containers.
2023-04-19 02:33:08,100 [BlockDeletingService#3] INFO  interfaces.ContainerDeletionChoosingPolicyTemplate (ContainerDeletionChoosingPolicyTemplate.java:chooseContainerForBlockDeletion(83)) - Chosen 0/5000 blocks from 0 candidate containers.
2023-04-19 02:33:08,108 [BlockDeletingService#7] INFO  interfaces.ContainerDeletionChoosingPolicyTemplate (ContainerDeletionChoosingPolicyTemplate.java:chooseContainerForBlockDeletion(83)) - Chosen 0/5000 blocks from 0 candidate containers.
2023-04-19 02:33:08,181 [SCMBlockDeletingService#0] DEBUG block.SCMBlockDeletingService (SCMBlockDeletingService.java:shouldRun(251)) - Check scm block delete run: true serviceStatus: RUNNING safemodeExitRunDelayMillis: 3000 alreadyWaitTimeInMillis: 18175
2023-04-19 02:33:08,181 [SCMBlockDeletingService#0] DEBUG block.SCMBlockDeletingService (SCMBlockDeletingService.java:call(154)) - Running DeletedBlockTransactionScanner
2023-04-19 02:33:08,200 [BlockDeletingService#2] INFO  interfaces.ContainerDeletionChoosingPolicyTemplate (ContainerDeletionChoosingPolicyTemplate.java:chooseContainerForBlockDeletion(83)) - Chosen 0/5000 blocks from 0 candidate containers.
2023-04-19 02:33:08,200 [BlockDeletingService#3] INFO  interfaces.ContainerDeletionChoosingPolicyTemplate (ContainerDeletionChoosingPolicyTemplate.java:chooseContainerForBlockDeletion(83)) - Chosen 0/5000 blocks from 0 candidate containers.
2023-04-19 02:33:08,208 [BlockDeletingService#7] INFO  interfaces.ContainerDeletionChoosingPolicyTemplate (ContainerDeletionChoosingPolicyTemplate.java:chooseContainerForBlockDeletion(83)) - Chosen 0/5000 blocks from 0 candidate containers.
2023-04-19 02:33:08,281 [SCMBlockDeletingService#0] DEBUG block.SCMBlockDeletingService (SCMBlockDeletingService.java:shouldRun(251)) - Check scm block delete run: true serviceStatus: RUNNING safemodeExitRunDelayMillis: 3000 alreadyWaitTimeInMillis: 18275
2023-04-19 02:33:08,281 [SCMBlockDeletingService#0] DEBUG block.SCMBlockDeletingService (SCMBlockDeletingService.java:call(154)) - Running DeletedBlockTransactionScanner
2023-04-19 02:33:08,300 [BlockDeletingService#2] INFO  interfaces.ContainerDeletionChoosingPolicyTemplate (ContainerDeletionChoosingPolicyTemplate.java:chooseContainerForBlockDeletion(83)) - Chosen 0/5000 blocks from 0 candidate containers.
2023-04-19 02:33:08,300 [BlockDeletingService#3] INFO  interfaces.ContainerDeletionChoosingPolicyTemplate (ContainerDeletionChoosingPolicyTemplate.java:chooseContainerForBlockDeletion(83)) - Chosen 0/5000 blocks from 0 candidate containers.
2023-04-19 02:33:08,308 [BlockDeletingService#7] INFO  interfaces.ContainerDeletionChoosingPolicyTemplate (ContainerDeletionChoosingPolicyTemplate.java:chooseContainerForBlockDeletion(83)) - Chosen 0/5000 blocks from 0 candidate containers.
2023-04-19 02:33:08,381 [SCMBlockDeletingService#0] DEBUG block.SCMBlockDeletingService (SCMBlockDeletingService.java:shouldRun(251)) - Check scm block delete run: true serviceStatus: RUNNING safemodeExitRunDelayMillis: 3000 alreadyWaitTimeInMillis: 18375
2023-04-19 02:33:08,381 [SCMBlockDeletingService#0] DEBUG block.SCMBlockDeletingService (SCMBlockDeletingService.java:call(154)) - Running DeletedBlockTransactionScanner
2023-04-19 02:33:08,401 [BlockDeletingService#2] INFO  interfaces.ContainerDeletionChoosingPolicyTemplate (ContainerDeletionChoosingPolicyTemplate.java:chooseContainerForBlockDeletion(83)) - Chosen 0/5000 blocks from 0 candidate containers.
2023-04-19 02:33:08,401 [BlockDeletingService#3] INFO  interfaces.ContainerDeletionChoosingPolicyTemplate (ContainerDeletionChoosingPolicyTemplate.java:chooseContainerForBlockDeletion(83)) - Chosen 0/5000 blocks from 0 candidate containers.
2023-04-19 02:33:08,408 [BlockDeletingService#7] INFO  interfaces.ContainerDeletionChoosingPolicyTemplate (ContainerDeletionChoosingPolicyTemplate.java:chooseContainerForBlockDeletion(83)) - Chosen 0/5000 blocks from 0 candidate containers.
2023-04-19 02:33:08,481 [SCMBlockDeletingService#0] DEBUG block.SCMBlockDeletingService (SCMBlockDeletingService.java:shouldRun(251)) - Check scm block delete run: true serviceStatus: RUNNING safemodeExitRunDelayMillis: 3000 alreadyWaitTimeInMillis: 18475
2023-04-19 02:33:08,482 [SCMBlockDeletingService#0] DEBUG block.SCMBlockDeletingService (SCMBlockDeletingService.java:call(154)) - Running DeletedBlockTransactionScanner
2023-04-19 02:33:08,501 [BlockDeletingService#2] INFO  interfaces.ContainerDeletionChoosingPolicyTemplate (ContainerDeletionChoosingPolicyTemplate.java:chooseContainerForBlockDeletion(83)) - Chosen 0/5000 blocks from 0 candidate containers.
2023-04-19 02:33:08,501 [BlockDeletingService#3] INFO  interfaces.ContainerDeletionChoosingPolicyTemplate (ContainerDeletionChoosingPolicyTemplate.java:chooseContainerForBlockDeletion(83)) - Chosen 0/5000 blocks from 0 candidate containers.
2023-04-19 02:33:08,508 [BlockDeletingService#7] INFO  interfaces.ContainerDeletionChoosingPolicyTemplate (ContainerDeletionChoosingPolicyTemplate.java:chooseContainerForBlockDeletion(83)) - Chosen 0/5000 blocks from 0 candidate containers.
2023-04-19 02:33:08,582 [SCMBlockDeletingService#0] DEBUG block.SCMBlockDeletingService (SCMBlockDeletingService.java:shouldRun(251)) - Check scm block delete run: true serviceStatus: RUNNING safemodeExitRunDelayMillis: 3000 alreadyWaitTimeInMillis: 18576
2023-04-19 02:33:08,582 [SCMBlockDeletingService#0] DEBUG block.SCMBlockDeletingService (SCMBlockDeletingService.java:call(154)) - Running DeletedBlockTransactionScanner
2023-04-19 02:33:08,601 [BlockDeletingService#2] INFO  interfaces.ContainerDeletionChoosingPolicyTemplate (ContainerDeletionChoosingPolicyTemplate.java:chooseContainerForBlockDeletion(83)) - Chosen 0/5000 blocks from 0 candidate containers.
2023-04-19 02:33:08,601 [BlockDeletingService#3] INFO  interfaces.ContainerDeletionChoosingPolicyTemplate (ContainerDeletionChoosingPolicyTemplate.java:chooseContainerForBlockDeletion(83)) - Chosen 0/5000 blocks from 0 candidate containers.
2023-04-19 02:33:08,609 [BlockDeletingService#7] INFO  interfaces.ContainerDeletionChoosingPolicyTemplate (ContainerDeletionChoosingPolicyTemplate.java:chooseContainerForBlockDeletion(83)) - Chosen 0/5000 blocks from 0 candidate containers.
2023-04-19 02:33:08,682 [SCMBlockDeletingService#0] DEBUG block.SCMBlockDeletingService (SCMBlockDeletingService.java:shouldRun(251)) - Check scm block delete run: true serviceStatus: RUNNING safemodeExitRunDelayMillis: 3000 alreadyWaitTimeInMillis: 18676
2023-04-19 02:33:08,682 [SCMBlockDeletingService#0] DEBUG block.SCMBlockDeletingService (SCMBlockDeletingService.java:call(154)) - Running DeletedBlockTransactionScanner
2023-04-19 02:33:08,701 [BlockDeletingService#2] INFO  interfaces.ContainerDeletionChoosingPolicyTemplate (ContainerDeletionChoosingPolicyTemplate.java:chooseContainerForBlockDeletion(83)) - Chosen 0/5000 blocks from 0 candidate containers.
2023-04-19 02:33:08,701 [BlockDeletingService#3] INFO  interfaces.ContainerDeletionChoosingPolicyTemplate (ContainerDeletionChoosingPolicyTemplate.java:chooseContainerForBlockDeletion(83)) - Chosen 0/5000 blocks from 0 candidate containers.
2023-04-19 02:33:08,709 [BlockDeletingService#7] INFO  interfaces.ContainerDeletionChoosingPolicyTemplate (ContainerDeletionChoosingPolicyTemplate.java:chooseContainerForBlockDeletion(83)) - Chosen 0/5000 blocks from 0 candidate containers.
2023-04-19 02:33:08,782 [SCMBlockDeletingService#0] DEBUG block.SCMBlockDeletingService (SCMBlockDeletingService.java:shouldRun(251)) - Check scm block delete run: true serviceStatus: RUNNING safemodeExitRunDelayMillis: 3000 alreadyWaitTimeInMillis: 18776
2023-04-19 02:33:08,782 [SCMBlockDeletingService#0] DEBUG block.SCMBlockDeletingService (SCMBlockDeletingService.java:call(154)) - Running DeletedBlockTransactionScanner
2023-04-19 02:33:08,802 [BlockDeletingService#2] INFO  interfaces.ContainerDeletionChoosingPolicyTemplate (ContainerDeletionChoosingPolicyTemplate.java:chooseContainerForBlockDeletion(83)) - Chosen 0/5000 blocks from 0 candidate containers.
2023-04-19 02:33:08,802 [BlockDeletingService#3] INFO  interfaces.ContainerDeletionChoosingPolicyTemplate (ContainerDeletionChoosingPolicyTemplate.java:chooseContainerForBlockDeletion(83)) - Chosen 0/5000 blocks from 0 candidate containers.
2023-04-19 02:33:08,809 [BlockDeletingService#7] INFO  interfaces.ContainerDeletionChoosingPolicyTemplate (ContainerDeletionChoosingPolicyTemplate.java:chooseContainerForBlockDeletion(83)) - Chosen 0/5000 blocks from 0 candidate containers.
2023-04-19 02:33:08,834 [Listener at 127.0.0.1/44187] WARN  commandhandler.TestBlockDeletion (TestBlockDeletion.java:lambda$testBlockDeletion$4(265)) - Verify blocks deletion failed
org.opentest4j.AssertionFailedError: expected: <null> but was: <[blockId=conID: 1 locID: 111677748019200001 bcsId: 16, size=4194304]>
	at org.junit.jupiter.api.AssertionUtils.fail(AssertionUtils.java:55)
	at org.junit.jupiter.api.AssertNull.failNotNull(AssertNull.java:54)
	at org.junit.jupiter.api.AssertNull.assertNull(AssertNull.java:38)
	at org.junit.jupiter.api.AssertNull.assertNull(AssertNull.java:33)
	at org.junit.jupiter.api.Assertions.assertNull(Assertions.java:275)
	at org.apache.hadoop.ozone.container.common.statemachine.commandhandler.TestBlockDeletion.lambda$verifyBlocksDeleted$17(TestBlockDeletion.java:484)
	at org.apache.hadoop.ozone.OzoneTestUtils.performOperationOnKeyContainers(OzoneTestUtils.java:140)
	at org.apache.hadoop.ozone.container.common.statemachine.commandhandler.TestBlockDeletion.verifyBlocksDeleted(TestBlockDeletion.java:474)
	at org.apache.hadoop.ozone.container.common.statemachine.commandhandler.TestBlockDeletion.lambda$testBlockDeletion$4(TestBlockDeletion.java:262)
	at org.apache.ozone.test.GenericTestUtils.waitFor(GenericTestUtils.java:225)
	at org.apache.hadoop.ozone.container.common.statemachine.commandhandler.TestBlockDeletion.testBlockDeletion(TestBlockDeletion.java:260)
	at sun.reflect.NativeMethodAccessorImpl.invoke0(Native Method)
	at sun.reflect.NativeMethodAccessorImpl.invoke(NativeMethodAccessorImpl.java:62)
	at sun.reflect.DelegatingMethodAccessorImpl.invoke(DelegatingMethodAccessorImpl.java:43)
	at java.lang.reflect.Method.invoke(Method.java:498)
	at org.junit.platform.commons.util.ReflectionUtils.invokeMethod(ReflectionUtils.java:725)
	at org.junit.jupiter.engine.execution.MethodInvocation.proceed(MethodInvocation.java:60)
	at org.junit.jupiter.engine.execution.InvocationInterceptorChain$ValidatingInvocation.proceed(InvocationInterceptorChain.java:131)
	at org.junit.jupiter.engine.extension.TimeoutExtension.intercept(TimeoutExtension.java:149)
	at org.junit.jupiter.engine.extension.TimeoutExtension.interceptTestableMethod(TimeoutExtension.java:140)
	at org.junit.jupiter.engine.extension.TimeoutExtension.interceptTestTemplateMethod(TimeoutExtension.java:92)
	at org.junit.jupiter.engine.execution.ExecutableInvoker$ReflectiveInterceptorCall.lambda$ofVoidMethod$0(ExecutableInvoker.java:115)
	at org.junit.jupiter.engine.execution.ExecutableInvoker.lambda$invoke$0(ExecutableInvoker.java:105)
	at org.junit.jupiter.engine.execution.InvocationInterceptorChain$InterceptedInvocation.proceed(InvocationInterceptorChain.java:106)
	at org.junit.jupiter.engine.execution.InvocationInterceptorChain.proceed(InvocationInterceptorChain.java:64)
	at org.junit.jupiter.engine.execution.InvocationInterceptorChain.chainAndInvoke(InvocationInterceptorChain.java:45)
	at org.junit.jupiter.engine.execution.InvocationInterceptorChain.invoke(InvocationInterceptorChain.java:37)
	at org.junit.jupiter.engine.execution.ExecutableInvoker.invoke(ExecutableInvoker.java:104)
	at org.junit.jupiter.engine.execution.ExecutableInvoker.invoke(ExecutableInvoker.java:98)
	at org.junit.jupiter.engine.descriptor.TestMethodTestDescriptor.lambda$invokeTestMethod$7(TestMethodTestDescriptor.java:214)
	at org.junit.platform.engine.support.hierarchical.ThrowableCollector.execute(ThrowableCollector.java:73)
	at org.junit.jupiter.engine.descriptor.TestMethodTestDescriptor.invokeTestMethod(TestMethodTestDescriptor.java:210)
	at org.junit.jupiter.engine.descriptor.TestMethodTestDescriptor.execute(TestMethodTestDescriptor.java:135)
	at org.junit.jupiter.engine.descriptor.TestMethodTestDescriptor.execute(TestMethodTestDescriptor.java:66)
	at org.junit.platform.engine.support.hierarchical.NodeTestTask.lambda$executeRecursively$6(NodeTestTask.java:151)
	at org.junit.platform.engine.support.hierarchical.ThrowableCollector.execute(ThrowableCollector.java:73)
	at org.junit.platform.engine.support.hierarchical.NodeTestTask.lambda$executeRecursively$8(NodeTestTask.java:141)
	at org.junit.platform.engine.support.hierarchical.Node.around(Node.java:137)
	at org.junit.platform.engine.support.hierarchical.NodeTestTask.lambda$executeRecursively$9(NodeTestTask.java:139)
	at org.junit.platform.engine.support.hierarchical.ThrowableCollector.execute(ThrowableCollector.java:73)
	at org.junit.platform.engine.support.hierarchical.NodeTestTask.executeRecursively(NodeTestTask.java:138)
	at org.junit.platform.engine.support.hierarchical.NodeTestTask.execute(NodeTestTask.java:95)
	at org.junit.platform.engine.support.hierarchical.SameThreadHierarchicalTestExecutorService.submit(SameThreadHierarchicalTestExecutorService.java:35)
	at org.junit.platform.engine.support.hierarchical.NodeTestTask$DefaultDynamicTestExecutor.execute(NodeTestTask.java:226)
	at org.junit.platform.engine.support.hierarchical.NodeTestTask$DefaultDynamicTestExecutor.execute(NodeTestTask.java:204)
	at org.junit.jupiter.engine.descriptor.TestTemplateTestDescriptor.execute(TestTemplateTestDescriptor.java:139)
	at org.junit.jupiter.engine.descriptor.TestTemplateTestDescriptor.lambda$execute$2(TestTemplateTestDescriptor.java:107)
	at java.util.stream.ForEachOps$ForEachOp$OfRef.accept(ForEachOps.java:183)
	at java.util.stream.ReferencePipeline$3$1.accept(ReferencePipeline.java:193)
	at java.util.stream.ReferencePipeline$2$1.accept(ReferencePipeline.java:175)
	at java.util.stream.ReferencePipeline$3$1.accept(ReferencePipeline.java:193)
	at java.util.stream.ForEachOps$ForEachOp$OfRef.accept(ForEachOps.java:183)
	at java.util.stream.ReferencePipeline$3$1.accept(ReferencePipeline.java:193)
	at java.util.stream.ReferencePipeline$3$1.accept(ReferencePipeline.java:193)
	at java.util.stream.ReferencePipeline$3$1.accept(ReferencePipeline.java:193)
	at java.util.stream.ForEachOps$ForEachOp$OfRef.accept(ForEachOps.java:183)
	at java.util.stream.ReferencePipeline$3$1.accept(ReferencePipeline.java:193)
	at java.util.Spliterators$ArraySpliterator.forEachRemaining(Spliterators.java:948)
	at java.util.stream.ReferencePipeline$Head.forEach(ReferencePipeline.java:647)
	at java.util.stream.ReferencePipeline$7$1.accept(ReferencePipeline.java:272)
	at java.util.stream.ReferencePipeline$3$1.accept(ReferencePipeline.java:193)
	at java.util.stream.ReferencePipeline$3$1.accept(ReferencePipeline.java:193)
	at java.util.Spliterators$ArraySpliterator.forEachRemaining(Spliterators.java:948)
	at java.util.stream.AbstractPipeline.copyInto(AbstractPipeline.java:482)
	at java.util.stream.AbstractPipeline.wrapAndCopyInto(AbstractPipeline.java:472)
	at java.util.stream.ForEachOps$ForEachOp.evaluateSequential(ForEachOps.java:150)
	at java.util.stream.ForEachOps$ForEachOp$OfRef.evaluateSequential(ForEachOps.java:173)
	at java.util.stream.AbstractPipeline.evaluate(AbstractPipeline.java:234)
	at java.util.stream.ReferencePipeline.forEach(ReferencePipeline.java:485)
	at java.util.stream.ReferencePipeline$7$1.accept(ReferencePipeline.java:272)
	at java.util.stream.ReferencePipeline$3$1.accept(ReferencePipeline.java:193)
	at java.util.stream.ReferencePipeline$3$1.accept(ReferencePipeline.java:193)
	at java.util.stream.ReferencePipeline$3$1.accept(ReferencePipeline.java:193)
	at java.util.ArrayList$ArrayListSpliterator.forEachRemaining(ArrayList.java:1384)
	at java.util.stream.AbstractPipeline.copyInto(AbstractPipeline.java:482)
	at java.util.stream.AbstractPipeline.wrapAndCopyInto(AbstractPipeline.java:472)
	at java.util.stream.ForEachOps$ForEachOp.evaluateSequential(ForEachOps.java:150)
	at java.util.stream.ForEachOps$ForEachOp$OfRef.evaluateSequential(ForEachOps.java:173)
	at java.util.stream.AbstractPipeline.evaluate(AbstractPipeline.java:234)
	at java.util.stream.ReferencePipeline.forEach(ReferencePipeline.java:485)
	at java.util.stream.ReferencePipeline$7$1.accept(ReferencePipeline.java:272)
	at java.util.ArrayList$ArrayListSpliterator.forEachRemaining(ArrayList.java:1384)
	at java.util.stream.AbstractPipeline.copyInto(AbstractPipeline.java:482)
	at java.util.stream.AbstractPipeline.wrapAndCopyInto(AbstractPipeline.java:472)
	at java.util.stream.ForEachOps$ForEachOp.evaluateSequential(ForEachOps.java:150)
	at java.util.stream.ForEachOps$ForEachOp$OfRef.evaluateSequential(ForEachOps.java:173)
	at java.util.stream.AbstractPipeline.evaluate(AbstractPipeline.java:234)
	at java.util.stream.ReferencePipeline.forEach(ReferencePipeline.java:485)
	at org.junit.jupiter.engine.descriptor.TestTemplateTestDescriptor.execute(TestTemplateTestDescriptor.java:107)
	at org.junit.jupiter.engine.descriptor.TestTemplateTestDescriptor.execute(TestTemplateTestDescriptor.java:42)
	at org.junit.platform.engine.support.hierarchical.NodeTestTask.lambda$executeRecursively$6(NodeTestTask.java:151)
	at org.junit.platform.engine.support.hierarchical.ThrowableCollector.execute(ThrowableCollector.java:73)
	at org.junit.platform.engine.support.hierarchical.NodeTestTask.lambda$executeRecursively$8(NodeTestTask.java:141)
	at org.junit.platform.engine.support.hierarchical.Node.around(Node.java:137)
	at org.junit.platform.engine.support.hierarchical.NodeTestTask.lambda$executeRecursively$9(NodeTestTask.java:139)
	at org.junit.platform.engine.support.hierarchical.ThrowableCollector.execute(ThrowableCollector.java:73)
	at org.junit.platform.engine.support.hierarchical.NodeTestTask.executeRecursively(NodeTestTask.java:138)
	at org.junit.platform.engine.support.hierarchical.NodeTestTask.execute(NodeTestTask.java:95)
	at java.util.ArrayList.forEach(ArrayList.java:1259)
	at org.junit.platform.engine.support.hierarchical.SameThreadHierarchicalTestExecutorService.invokeAll(SameThreadHierarchicalTestExecutorService.java:41)
	at org.junit.platform.engine.support.hierarchical.NodeTestTask.lambda$executeRecursively$6(NodeTestTask.java:155)
	at org.junit.platform.engine.support.hierarchical.ThrowableCollector.execute(ThrowableCollector.java:73)
	at org.junit.platform.engine.support.hierarchical.NodeTestTask.lambda$executeRecursively$8(NodeTestTask.java:141)
	at org.junit.platform.engine.support.hierarchical.Node.around(Node.java:137)
	at org.junit.platform.engine.support.hierarchical.NodeTestTask.lambda$executeRecursively$9(NodeTestTask.java:139)
	at org.junit.platform.engine.support.hierarchical.ThrowableCollector.execute(ThrowableCollector.java:73)
	at org.junit.platform.engine.support.hierarchical.NodeTestTask.executeRecursively(NodeTestTask.java:138)
	at org.junit.platform.engine.support.hierarchical.NodeTestTask.execute(NodeTestTask.java:95)
	at java.util.ArrayList.forEach(ArrayList.java:1259)
	at org.junit.platform.engine.support.hierarchical.SameThreadHierarchicalTestExecutorService.invokeAll(SameThreadHierarchicalTestExecutorService.java:41)
	at org.junit.platform.engine.support.hierarchical.NodeTestTask.lambda$executeRecursively$6(NodeTestTask.java:155)
	at org.junit.platform.engine.support.hierarchical.ThrowableCollector.execute(ThrowableCollector.java:73)
	at org.junit.platform.engine.support.hierarchical.NodeTestTask.lambda$executeRecursively$8(NodeTestTask.java:141)
	at org.junit.platform.engine.support.hierarchical.Node.around(Node.java:137)
	at org.junit.platform.engine.support.hierarchical.NodeTestTask.lambda$executeRecursively$9(NodeTestTask.java:139)
	at org.junit.platform.engine.support.hierarchical.ThrowableCollector.execute(ThrowableCollector.java:73)
	at org.junit.platform.engine.support.hierarchical.NodeTestTask.executeRecursively(NodeTestTask.java:138)
	at org.junit.platform.engine.support.hierarchical.NodeTestTask.execute(NodeTestTask.java:95)
	at org.junit.platform.engine.support.hierarchical.SameThreadHierarchicalTestExecutorService.submit(SameThreadHierarchicalTestExecutorService.java:35)
	at org.junit.platform.engine.support.hierarchical.HierarchicalTestExecutor.execute(HierarchicalTestExecutor.java:57)
	at org.junit.platform.engine.support.hierarchical.HierarchicalTestEngine.execute(HierarchicalTestEngine.java:54)
	at org.junit.platform.launcher.core.EngineExecutionOrchestrator.execute(EngineExecutionOrchestrator.java:107)
	at org.junit.platform.launcher.core.EngineExecutionOrchestrator.execute(EngineExecutionOrchestrator.java:88)
	at org.junit.platform.launcher.core.EngineExecutionOrchestrator.lambda$execute$0(EngineExecutionOrchestrator.java:54)
	at org.junit.platform.launcher.core.EngineExecutionOrchestrator.withInterceptedStreams(EngineExecutionOrchestrator.java:67)
	at org.junit.platform.launcher.core.EngineExecutionOrchestrator.execute(EngineExecutionOrchestrator.java:52)
	at org.junit.platform.launcher.core.DefaultLauncher.execute(DefaultLauncher.java:114)
	at org.junit.platform.launcher.core.DefaultLauncher.execute(DefaultLauncher.java:86)
	at org.junit.platform.launcher.core.DefaultLauncherSession$DelegatingLauncher.execute(DefaultLauncherSession.java:86)
	at org.junit.platform.launcher.core.SessionPerRequestLauncher.execute(SessionPerRequestLauncher.java:53)
	at org.apache.maven.surefire.junitplatform.JUnitPlatformProvider.execute(JUnitPlatformProvider.java:188)
	at org.apache.maven.surefire.junitplatform.JUnitPlatformProvider.invokeAllTests(JUnitPlatformProvider.java:154)
	at org.apache.maven.surefire.junitplatform.JUnitPlatformProvider.invoke(JUnitPlatformProvider.java:124)
	at org.apache.maven.surefire.booter.ForkedBooter.runSuitesInProcess(ForkedBooter.java:428)
	at org.apache.maven.surefire.booter.ForkedBooter.execute(ForkedBooter.java:162)
	at org.apache.maven.surefire.booter.ForkedBooter.run(ForkedBooter.java:562)
	at org.apache.maven.surefire.booter.ForkedBooter.main(ForkedBooter.java:548)
2023-04-19 02:33:08,882 [SCMBlockDeletingService#0] DEBUG block.SCMBlockDeletingService (SCMBlockDeletingService.java:shouldRun(251)) - Check scm block delete run: true serviceStatus: RUNNING safemodeExitRunDelayMillis: 3000 alreadyWaitTimeInMillis: 18876
2023-04-19 02:33:08,882 [SCMBlockDeletingService#0] DEBUG block.SCMBlockDeletingService (SCMBlockDeletingService.java:call(154)) - Running DeletedBlockTransactionScanner
2023-04-19 02:33:08,902 [BlockDeletingService#2] INFO  interfaces.ContainerDeletionChoosingPolicyTemplate (ContainerDeletionChoosingPolicyTemplate.java:chooseContainerForBlockDeletion(83)) - Chosen 0/5000 blocks from 0 candidate containers.
2023-04-19 02:33:08,902 [BlockDeletingService#3] INFO  interfaces.ContainerDeletionChoosingPolicyTemplate (ContainerDeletionChoosingPolicyTemplate.java:chooseContainerForBlockDeletion(83)) - Chosen 0/5000 blocks from 0 candidate containers.
2023-04-19 02:33:08,909 [BlockDeletingService#7] INFO  interfaces.ContainerDeletionChoosingPolicyTemplate (ContainerDeletionChoosingPolicyTemplate.java:chooseContainerForBlockDeletion(83)) - Chosen 0/5000 blocks from 0 candidate containers.
2023-04-19 02:33:08,982 [SCMBlockDeletingService#0] DEBUG block.SCMBlockDeletingService (SCMBlockDeletingService.java:shouldRun(251)) - Check scm block delete run: true serviceStatus: RUNNING safemodeExitRunDelayMillis: 3000 alreadyWaitTimeInMillis: 18976
2023-04-19 02:33:08,982 [SCMBlockDeletingService#0] DEBUG block.SCMBlockDeletingService (SCMBlockDeletingService.java:call(154)) - Running DeletedBlockTransactionScanner
2023-04-19 02:33:09,002 [BlockDeletingService#2] INFO  interfaces.ContainerDeletionChoosingPolicyTemplate (ContainerDeletionChoosingPolicyTemplate.java:chooseContainerForBlockDeletion(83)) - Chosen 0/5000 blocks from 0 candidate containers.
2023-04-19 02:33:09,002 [BlockDeletingService#3] INFO  interfaces.ContainerDeletionChoosingPolicyTemplate (ContainerDeletionChoosingPolicyTemplate.java:chooseContainerForBlockDeletion(83)) - Chosen 0/5000 blocks from 0 candidate containers.
2023-04-19 02:33:09,009 [BlockDeletingService#7] INFO  interfaces.ContainerDeletionChoosingPolicyTemplate (ContainerDeletionChoosingPolicyTemplate.java:chooseContainerForBlockDeletion(83)) - Chosen 0/5000 blocks from 0 candidate containers.
2023-04-19 02:33:09,082 [SCMBlockDeletingService#0] DEBUG block.SCMBlockDeletingService (SCMBlockDeletingService.java:shouldRun(251)) - Check scm block delete run: true serviceStatus: RUNNING safemodeExitRunDelayMillis: 3000 alreadyWaitTimeInMillis: 19076
2023-04-19 02:33:09,082 [SCMBlockDeletingService#0] DEBUG block.SCMBlockDeletingService (SCMBlockDeletingService.java:call(154)) - Running DeletedBlockTransactionScanner
2023-04-19 02:33:09,102 [BlockDeletingService#2] INFO  interfaces.ContainerDeletionChoosingPolicyTemplate (ContainerDeletionChoosingPolicyTemplate.java:chooseContainerForBlockDeletion(83)) - Chosen 0/5000 blocks from 0 candidate containers.
2023-04-19 02:33:09,102 [BlockDeletingService#3] INFO  interfaces.ContainerDeletionChoosingPolicyTemplate (ContainerDeletionChoosingPolicyTemplate.java:chooseContainerForBlockDeletion(83)) - Chosen 0/5000 blocks from 0 candidate containers.
2023-04-19 02:33:09,109 [BlockDeletingService#7] INFO  interfaces.ContainerDeletionChoosingPolicyTemplate (ContainerDeletionChoosingPolicyTemplate.java:chooseContainerForBlockDeletion(83)) - Chosen 0/5000 blocks from 0 candidate containers.
2023-04-19 02:33:09,182 [SCMBlockDeletingService#0] DEBUG block.SCMBlockDeletingService (SCMBlockDeletingService.java:shouldRun(251)) - Check scm block delete run: true serviceStatus: RUNNING safemodeExitRunDelayMillis: 3000 alreadyWaitTimeInMillis: 19176
2023-04-19 02:33:09,182 [SCMBlockDeletingService#0] DEBUG block.SCMBlockDeletingService (SCMBlockDeletingService.java:call(154)) - Running DeletedBlockTransactionScanner
2023-04-19 02:33:09,203 [BlockDeletingService#2] INFO  interfaces.ContainerDeletionChoosingPolicyTemplate (ContainerDeletionChoosingPolicyTemplate.java:chooseContainerForBlockDeletion(83)) - Chosen 0/5000 blocks from 0 candidate containers.
2023-04-19 02:33:09,203 [BlockDeletingService#3] INFO  interfaces.ContainerDeletionChoosingPolicyTemplate (ContainerDeletionChoosingPolicyTemplate.java:chooseContainerForBlockDeletion(83)) - Chosen 0/5000 blocks from 0 candidate containers.
2023-04-19 02:33:09,210 [BlockDeletingService#7] INFO  interfaces.ContainerDeletionChoosingPolicyTemplate (ContainerDeletionChoosingPolicyTemplate.java:chooseContainerForBlockDeletion(83)) - Chosen 0/5000 blocks from 0 candidate containers.
2023-04-19 02:33:09,282 [SCMBlockDeletingService#0] DEBUG block.SCMBlockDeletingService (SCMBlockDeletingService.java:shouldRun(251)) - Check scm block delete run: true serviceStatus: RUNNING safemodeExitRunDelayMillis: 3000 alreadyWaitTimeInMillis: 19276
2023-04-19 02:33:09,282 [SCMBlockDeletingService#0] DEBUG block.SCMBlockDeletingService (SCMBlockDeletingService.java:call(154)) - Running DeletedBlockTransactionScanner
2023-04-19 02:33:09,303 [BlockDeletingService#2] INFO  interfaces.ContainerDeletionChoosingPolicyTemplate (ContainerDeletionChoosingPolicyTemplate.java:chooseContainerForBlockDeletion(83)) - Chosen 0/5000 blocks from 0 candidate containers.
2023-04-19 02:33:09,303 [BlockDeletingService#3] INFO  interfaces.ContainerDeletionChoosingPolicyTemplate (ContainerDeletionChoosingPolicyTemplate.java:chooseContainerForBlockDeletion(83)) - Chosen 0/5000 blocks from 0 candidate containers.
2023-04-19 02:33:09,310 [BlockDeletingService#7] INFO  interfaces.ContainerDeletionChoosingPolicyTemplate (ContainerDeletionChoosingPolicyTemplate.java:chooseContainerForBlockDeletion(83)) - Chosen 0/5000 blocks from 0 candidate containers.
2023-04-19 02:33:09,382 [SCMBlockDeletingService#0] DEBUG block.SCMBlockDeletingService (SCMBlockDeletingService.java:shouldRun(251)) - Check scm block delete run: true serviceStatus: RUNNING safemodeExitRunDelayMillis: 3000 alreadyWaitTimeInMillis: 19376
2023-04-19 02:33:09,382 [SCMBlockDeletingService#0] DEBUG block.SCMBlockDeletingService (SCMBlockDeletingService.java:call(154)) - Running DeletedBlockTransactionScanner
2023-04-19 02:33:09,403 [BlockDeletingService#2] INFO  interfaces.ContainerDeletionChoosingPolicyTemplate (ContainerDeletionChoosingPolicyTemplate.java:chooseContainerForBlockDeletion(83)) - Chosen 0/5000 blocks from 0 candidate containers.
2023-04-19 02:33:09,403 [BlockDeletingService#3] INFO  interfaces.ContainerDeletionChoosingPolicyTemplate (ContainerDeletionChoosingPolicyTemplate.java:chooseContainerForBlockDeletion(83)) - Chosen 0/5000 blocks from 0 candidate containers.
2023-04-19 02:33:09,410 [BlockDeletingService#7] INFO  interfaces.ContainerDeletionChoosingPolicyTemplate (ContainerDeletionChoosingPolicyTemplate.java:chooseContainerForBlockDeletion(83)) - Chosen 0/5000 blocks from 0 candidate containers.
2023-04-19 02:33:09,482 [SCMBlockDeletingService#0] DEBUG block.SCMBlockDeletingService (SCMBlockDeletingService.java:shouldRun(251)) - Check scm block delete run: true serviceStatus: RUNNING safemodeExitRunDelayMillis: 3000 alreadyWaitTimeInMillis: 19476
2023-04-19 02:33:09,483 [SCMBlockDeletingService#0] DEBUG block.SCMBlockDeletingService (SCMBlockDeletingService.java:call(154)) - Running DeletedBlockTransactionScanner
2023-04-19 02:33:09,503 [BlockDeletingService#2] INFO  interfaces.ContainerDeletionChoosingPolicyTemplate (ContainerDeletionChoosingPolicyTemplate.java:chooseContainerForBlockDeletion(83)) - Chosen 0/5000 blocks from 0 candidate containers.
2023-04-19 02:33:09,503 [BlockDeletingService#3] INFO  interfaces.ContainerDeletionChoosingPolicyTemplate (ContainerDeletionChoosingPolicyTemplate.java:chooseContainerForBlockDeletion(83)) - Chosen 0/5000 blocks from 0 candidate containers.
2023-04-19 02:33:09,510 [BlockDeletingService#7] INFO  interfaces.ContainerDeletionChoosingPolicyTemplate (ContainerDeletionChoosingPolicyTemplate.java:chooseContainerForBlockDeletion(83)) - Chosen 0/5000 blocks from 0 candidate containers.
2023-04-19 02:33:09,582 [SCMBlockDeletingService#0] DEBUG block.SCMBlockDeletingService (SCMBlockDeletingService.java:shouldRun(251)) - Check scm block delete run: true serviceStatus: RUNNING safemodeExitRunDelayMillis: 3000 alreadyWaitTimeInMillis: 19576
2023-04-19 02:33:09,583 [SCMBlockDeletingService#0] DEBUG block.SCMBlockDeletingService (SCMBlockDeletingService.java:call(154)) - Running DeletedBlockTransactionScanner
2023-04-19 02:33:09,603 [BlockDeletingService#2] INFO  interfaces.ContainerDeletionChoosingPolicyTemplate (ContainerDeletionChoosingPolicyTemplate.java:chooseContainerForBlockDeletion(83)) - Chosen 0/5000 blocks from 0 candidate containers.
2023-04-19 02:33:09,603 [BlockDeletingService#3] INFO  interfaces.ContainerDeletionChoosingPolicyTemplate (ContainerDeletionChoosingPolicyTemplate.java:chooseContainerForBlockDeletion(83)) - Chosen 0/5000 blocks from 0 candidate containers.
2023-04-19 02:33:09,610 [BlockDeletingService#7] INFO  interfaces.ContainerDeletionChoosingPolicyTemplate (ContainerDeletionChoosingPolicyTemplate.java:chooseContainerForBlockDeletion(83)) - Chosen 0/5000 blocks from 0 candidate containers.
2023-04-19 02:33:09,683 [SCMBlockDeletingService#0] DEBUG block.SCMBlockDeletingService (SCMBlockDeletingService.java:shouldRun(251)) - Check scm block delete run: true serviceStatus: RUNNING safemodeExitRunDelayMillis: 3000 alreadyWaitTimeInMillis: 19677
2023-04-19 02:33:09,683 [SCMBlockDeletingService#0] DEBUG block.SCMBlockDeletingService (SCMBlockDeletingService.java:call(154)) - Running DeletedBlockTransactionScanner
2023-04-19 02:33:09,704 [BlockDeletingService#2] INFO  interfaces.ContainerDeletionChoosingPolicyTemplate (ContainerDeletionChoosingPolicyTemplate.java:chooseContainerForBlockDeletion(83)) - Chosen 0/5000 blocks from 0 candidate containers.
2023-04-19 02:33:09,704 [BlockDeletingService#3] INFO  interfaces.ContainerDeletionChoosingPolicyTemplate (ContainerDeletionChoosingPolicyTemplate.java:chooseContainerForBlockDeletion(83)) - Chosen 0/5000 blocks from 0 candidate containers.
2023-04-19 02:33:09,710 [BlockDeletingService#7] INFO  interfaces.ContainerDeletionChoosingPolicyTemplate (ContainerDeletionChoosingPolicyTemplate.java:chooseContainerForBlockDeletion(83)) - Chosen 0/5000 blocks from 0 candidate containers.
2023-04-19 02:33:09,783 [SCMBlockDeletingService#0] DEBUG block.SCMBlockDeletingService (SCMBlockDeletingService.java:shouldRun(251)) - Check scm block delete run: true serviceStatus: RUNNING safemodeExitRunDelayMillis: 3000 alreadyWaitTimeInMillis: 19777
2023-04-19 02:33:09,783 [SCMBlockDeletingService#0] DEBUG block.SCMBlockDeletingService (SCMBlockDeletingService.java:call(154)) - Running DeletedBlockTransactionScanner
2023-04-19 02:33:09,804 [BlockDeletingService#2] INFO  interfaces.ContainerDeletionChoosingPolicyTemplate (ContainerDeletionChoosingPolicyTemplate.java:chooseContainerForBlockDeletion(83)) - Chosen 0/5000 blocks from 0 candidate containers.
2023-04-19 02:33:09,804 [BlockDeletingService#3] INFO  interfaces.ContainerDeletionChoosingPolicyTemplate (ContainerDeletionChoosingPolicyTemplate.java:chooseContainerForBlockDeletion(83)) - Chosen 0/5000 blocks from 0 candidate containers.
2023-04-19 02:33:09,811 [BlockDeletingService#7] INFO  interfaces.ContainerDeletionChoosingPolicyTemplate (ContainerDeletionChoosingPolicyTemplate.java:chooseContainerForBlockDeletion(83)) - Chosen 0/5000 blocks from 0 candidate containers.
2023-04-19 02:33:09,883 [SCMBlockDeletingService#0] DEBUG block.SCMBlockDeletingService (SCMBlockDeletingService.java:shouldRun(251)) - Check scm block delete run: true serviceStatus: RUNNING safemodeExitRunDelayMillis: 3000 alreadyWaitTimeInMillis: 19877
2023-04-19 02:33:09,883 [SCMBlockDeletingService#0] DEBUG block.SCMBlockDeletingService (SCMBlockDeletingService.java:call(154)) - Running DeletedBlockTransactionScanner
2023-04-19 02:33:09,904 [BlockDeletingService#2] INFO  interfaces.ContainerDeletionChoosingPolicyTemplate (ContainerDeletionChoosingPolicyTemplate.java:chooseContainerForBlockDeletion(83)) - Chosen 0/5000 blocks from 0 candidate containers.
2023-04-19 02:33:09,904 [BlockDeletingService#3] INFO  interfaces.ContainerDeletionChoosingPolicyTemplate (ContainerDeletionChoosingPolicyTemplate.java:chooseContainerForBlockDeletion(83)) - Chosen 0/5000 blocks from 0 candidate containers.
2023-04-19 02:33:09,911 [BlockDeletingService#7] INFO  interfaces.ContainerDeletionChoosingPolicyTemplate (ContainerDeletionChoosingPolicyTemplate.java:chooseContainerForBlockDeletion(83)) - Chosen 0/5000 blocks from 0 candidate containers.
2023-04-19 02:33:09,983 [SCMBlockDeletingService#0] DEBUG block.SCMBlockDeletingService (SCMBlockDeletingService.java:shouldRun(251)) - Check scm block delete run: true serviceStatus: RUNNING safemodeExitRunDelayMillis: 3000 alreadyWaitTimeInMillis: 19977
2023-04-19 02:33:09,983 [SCMBlockDeletingService#0] DEBUG block.SCMBlockDeletingService (SCMBlockDeletingService.java:call(154)) - Running DeletedBlockTransactionScanner
2023-04-19 02:33:10,004 [BlockDeletingService#2] INFO  interfaces.ContainerDeletionChoosingPolicyTemplate (ContainerDeletionChoosingPolicyTemplate.java:chooseContainerForBlockDeletion(83)) - Chosen 0/5000 blocks from 0 candidate containers.
2023-04-19 02:33:10,004 [BlockDeletingService#3] INFO  interfaces.ContainerDeletionChoosingPolicyTemplate (ContainerDeletionChoosingPolicyTemplate.java:chooseContainerForBlockDeletion(83)) - Chosen 0/5000 blocks from 0 candidate containers.
2023-04-19 02:33:10,011 [BlockDeletingService#7] INFO  interfaces.ContainerDeletionChoosingPolicyTemplate (ContainerDeletionChoosingPolicyTemplate.java:chooseContainerForBlockDeletion(83)) - Chosen 0/5000 blocks from 0 candidate containers.
2023-04-19 02:33:10,083 [SCMBlockDeletingService#0] DEBUG block.SCMBlockDeletingService (SCMBlockDeletingService.java:shouldRun(251)) - Check scm block delete run: true serviceStatus: RUNNING safemodeExitRunDelayMillis: 3000 alreadyWaitTimeInMillis: 20077
2023-04-19 02:33:10,083 [SCMBlockDeletingService#0] DEBUG block.SCMBlockDeletingService (SCMBlockDeletingService.java:call(154)) - Running DeletedBlockTransactionScanner
2023-04-19 02:33:10,104 [BlockDeletingService#2] INFO  interfaces.ContainerDeletionChoosingPolicyTemplate (ContainerDeletionChoosingPolicyTemplate.java:chooseContainerForBlockDeletion(83)) - Chosen 0/5000 blocks from 0 candidate containers.
2023-04-19 02:33:10,105 [BlockDeletingService#3] INFO  interfaces.ContainerDeletionChoosingPolicyTemplate (ContainerDeletionChoosingPolicyTemplate.java:chooseContainerForBlockDeletion(83)) - Chosen 0/5000 blocks from 0 candidate containers.
2023-04-19 02:33:10,111 [BlockDeletingService#7] INFO  interfaces.ContainerDeletionChoosingPolicyTemplate (ContainerDeletionChoosingPolicyTemplate.java:chooseContainerForBlockDeletion(83)) - Chosen 0/5000 blocks from 0 candidate containers.
2023-04-19 02:33:10,183 [SCMBlockDeletingService#0] DEBUG block.SCMBlockDeletingService (SCMBlockDeletingService.java:shouldRun(251)) - Check scm block delete run: true serviceStatus: RUNNING safemodeExitRunDelayMillis: 3000 alreadyWaitTimeInMillis: 20177
2023-04-19 02:33:10,183 [SCMBlockDeletingService#0] DEBUG block.SCMBlockDeletingService (SCMBlockDeletingService.java:call(154)) - Running DeletedBlockTransactionScanner
2023-04-19 02:33:10,205 [BlockDeletingService#2] INFO  interfaces.ContainerDeletionChoosingPolicyTemplate (ContainerDeletionChoosingPolicyTemplate.java:chooseContainerForBlockDeletion(83)) - Chosen 0/5000 blocks from 0 candidate containers.
2023-04-19 02:33:10,205 [BlockDeletingService#3] INFO  interfaces.ContainerDeletionChoosingPolicyTemplate (ContainerDeletionChoosingPolicyTemplate.java:chooseContainerForBlockDeletion(83)) - Chosen 0/5000 blocks from 0 candidate containers.
2023-04-19 02:33:10,211 [BlockDeletingService#7] INFO  interfaces.ContainerDeletionChoosingPolicyTemplate (ContainerDeletionChoosingPolicyTemplate.java:chooseContainerForBlockDeletion(83)) - Chosen 0/5000 blocks from 0 candidate containers.
2023-04-19 02:33:10,283 [SCMBlockDeletingService#0] DEBUG block.SCMBlockDeletingService (SCMBlockDeletingService.java:shouldRun(251)) - Check scm block delete run: true serviceStatus: RUNNING safemodeExitRunDelayMillis: 3000 alreadyWaitTimeInMillis: 20277
2023-04-19 02:33:10,283 [SCMBlockDeletingService#0] DEBUG block.SCMBlockDeletingService (SCMBlockDeletingService.java:call(154)) - Running DeletedBlockTransactionScanner
2023-04-19 02:33:10,305 [BlockDeletingService#2] INFO  interfaces.ContainerDeletionChoosingPolicyTemplate (ContainerDeletionChoosingPolicyTemplate.java:chooseContainerForBlockDeletion(83)) - Chosen 0/5000 blocks from 0 candidate containers.
2023-04-19 02:33:10,305 [BlockDeletingService#3] INFO  interfaces.ContainerDeletionChoosingPolicyTemplate (ContainerDeletionChoosingPolicyTemplate.java:chooseContainerForBlockDeletion(83)) - Chosen 0/5000 blocks from 0 candidate containers.
2023-04-19 02:33:10,311 [BlockDeletingService#7] INFO  interfaces.ContainerDeletionChoosingPolicyTemplate (ContainerDeletionChoosingPolicyTemplate.java:chooseContainerForBlockDeletion(83)) - Chosen 0/5000 blocks from 0 candidate containers.
2023-04-19 02:33:10,383 [SCMBlockDeletingService#0] DEBUG block.SCMBlockDeletingService (SCMBlockDeletingService.java:shouldRun(251)) - Check scm block delete run: true serviceStatus: RUNNING safemodeExitRunDelayMillis: 3000 alreadyWaitTimeInMillis: 20377
2023-04-19 02:33:10,383 [SCMBlockDeletingService#0] DEBUG block.SCMBlockDeletingService (SCMBlockDeletingService.java:call(154)) - Running DeletedBlockTransactionScanner
2023-04-19 02:33:10,405 [BlockDeletingService#2] INFO  interfaces.ContainerDeletionChoosingPolicyTemplate (ContainerDeletionChoosingPolicyTemplate.java:chooseContainerForBlockDeletion(83)) - Chosen 0/5000 blocks from 0 candidate containers.
2023-04-19 02:33:10,405 [BlockDeletingService#3] INFO  interfaces.ContainerDeletionChoosingPolicyTemplate (ContainerDeletionChoosingPolicyTemplate.java:chooseContainerForBlockDeletion(83)) - Chosen 0/5000 blocks from 0 candidate containers.
2023-04-19 02:33:10,412 [BlockDeletingService#7] INFO  interfaces.ContainerDeletionChoosingPolicyTemplate (ContainerDeletionChoosingPolicyTemplate.java:chooseContainerForBlockDeletion(83)) - Chosen 0/5000 blocks from 0 candidate containers.
2023-04-19 02:33:10,483 [SCMBlockDeletingService#0] DEBUG block.SCMBlockDeletingService (SCMBlockDeletingService.java:shouldRun(251)) - Check scm block delete run: true serviceStatus: RUNNING safemodeExitRunDelayMillis: 3000 alreadyWaitTimeInMillis: 20477
2023-04-19 02:33:10,483 [SCMBlockDeletingService#0] DEBUG block.SCMBlockDeletingService (SCMBlockDeletingService.java:call(154)) - Running DeletedBlockTransactionScanner
2023-04-19 02:33:10,505 [BlockDeletingService#2] INFO  interfaces.ContainerDeletionChoosingPolicyTemplate (ContainerDeletionChoosingPolicyTemplate.java:chooseContainerForBlockDeletion(83)) - Chosen 0/5000 blocks from 0 candidate containers.
2023-04-19 02:33:10,505 [BlockDeletingService#3] INFO  interfaces.ContainerDeletionChoosingPolicyTemplate (ContainerDeletionChoosingPolicyTemplate.java:chooseContainerForBlockDeletion(83)) - Chosen 0/5000 blocks from 0 candidate containers.
2023-04-19 02:33:10,512 [BlockDeletingService#7] INFO  interfaces.ContainerDeletionChoosingPolicyTemplate (ContainerDeletionChoosingPolicyTemplate.java:chooseContainerForBlockDeletion(83)) - Chosen 0/5000 blocks from 0 candidate containers.
2023-04-19 02:33:10,583 [SCMBlockDeletingService#0] DEBUG block.SCMBlockDeletingService (SCMBlockDeletingService.java:shouldRun(251)) - Check scm block delete run: true serviceStatus: RUNNING safemodeExitRunDelayMillis: 3000 alreadyWaitTimeInMillis: 20577
2023-04-19 02:33:10,583 [SCMBlockDeletingService#0] DEBUG block.SCMBlockDeletingService (SCMBlockDeletingService.java:call(154)) - Running DeletedBlockTransactionScanner
2023-04-19 02:33:10,606 [BlockDeletingService#2] INFO  interfaces.ContainerDeletionChoosingPolicyTemplate (ContainerDeletionChoosingPolicyTemplate.java:chooseContainerForBlockDeletion(83)) - Chosen 0/5000 blocks from 0 candidate containers.
2023-04-19 02:33:10,606 [BlockDeletingService#3] INFO  interfaces.ContainerDeletionChoosingPolicyTemplate (ContainerDeletionChoosingPolicyTemplate.java:chooseContainerForBlockDeletion(83)) - Chosen 0/5000 blocks from 0 candidate containers.
2023-04-19 02:33:10,612 [BlockDeletingService#7] INFO  interfaces.ContainerDeletionChoosingPolicyTemplate (ContainerDeletionChoosingPolicyTemplate.java:chooseContainerForBlockDeletion(83)) - Chosen 0/5000 blocks from 0 candidate containers.
2023-04-19 02:33:10,683 [SCMBlockDeletingService#0] DEBUG block.SCMBlockDeletingService (SCMBlockDeletingService.java:shouldRun(251)) - Check scm block delete run: true serviceStatus: RUNNING safemodeExitRunDelayMillis: 3000 alreadyWaitTimeInMillis: 20677
2023-04-19 02:33:10,683 [SCMBlockDeletingService#0] DEBUG block.SCMBlockDeletingService (SCMBlockDeletingService.java:call(154)) - Running DeletedBlockTransactionScanner
2023-04-19 02:33:10,706 [BlockDeletingService#2] INFO  interfaces.ContainerDeletionChoosingPolicyTemplate (ContainerDeletionChoosingPolicyTemplate.java:chooseContainerForBlockDeletion(83)) - Chosen 0/5000 blocks from 0 candidate containers.
2023-04-19 02:33:10,706 [BlockDeletingService#3] INFO  interfaces.ContainerDeletionChoosingPolicyTemplate (ContainerDeletionChoosingPolicyTemplate.java:chooseContainerForBlockDeletion(83)) - Chosen 0/5000 blocks from 0 candidate containers.
2023-04-19 02:33:10,712 [BlockDeletingService#7] INFO  interfaces.ContainerDeletionChoosingPolicyTemplate (ContainerDeletionChoosingPolicyTemplate.java:chooseContainerForBlockDeletion(83)) - Chosen 0/5000 blocks from 0 candidate containers.
2023-04-19 02:33:10,783 [SCMBlockDeletingService#0] DEBUG block.SCMBlockDeletingService (SCMBlockDeletingService.java:shouldRun(251)) - Check scm block delete run: true serviceStatus: RUNNING safemodeExitRunDelayMillis: 3000 alreadyWaitTimeInMillis: 20777
2023-04-19 02:33:10,784 [SCMBlockDeletingService#0] DEBUG block.SCMBlockDeletingService (SCMBlockDeletingService.java:call(154)) - Running DeletedBlockTransactionScanner
2023-04-19 02:33:10,806 [BlockDeletingService#2] INFO  interfaces.ContainerDeletionChoosingPolicyTemplate (ContainerDeletionChoosingPolicyTemplate.java:chooseContainerForBlockDeletion(83)) - Chosen 0/5000 blocks from 0 candidate containers.
2023-04-19 02:33:10,806 [BlockDeletingService#3] INFO  interfaces.ContainerDeletionChoosingPolicyTemplate (ContainerDeletionChoosingPolicyTemplate.java:chooseContainerForBlockDeletion(83)) - Chosen 0/5000 blocks from 0 candidate containers.
2023-04-19 02:33:10,812 [BlockDeletingService#7] INFO  interfaces.ContainerDeletionChoosingPolicyTemplate (ContainerDeletionChoosingPolicyTemplate.java:chooseContainerForBlockDeletion(83)) - Chosen 0/5000 blocks from 0 candidate containers.
2023-04-19 02:33:10,836 [Listener at 127.0.0.1/44187] WARN  commandhandler.TestBlockDeletion (TestBlockDeletion.java:lambda$testBlockDeletion$4(265)) - Verify blocks deletion failed
org.opentest4j.AssertionFailedError: expected: <null> but was: <[blockId=conID: 1 locID: 111677748019200001 bcsId: 16, size=4194304]>
	at org.junit.jupiter.api.AssertionUtils.fail(AssertionUtils.java:55)
	at org.junit.jupiter.api.AssertNull.failNotNull(AssertNull.java:54)
	at org.junit.jupiter.api.AssertNull.assertNull(AssertNull.java:38)
	at org.junit.jupiter.api.AssertNull.assertNull(AssertNull.java:33)
	at org.junit.jupiter.api.Assertions.assertNull(Assertions.java:275)
	at org.apache.hadoop.ozone.container.common.statemachine.commandhandler.TestBlockDeletion.lambda$verifyBlocksDeleted$17(TestBlockDeletion.java:484)
	at org.apache.hadoop.ozone.OzoneTestUtils.performOperationOnKeyContainers(OzoneTestUtils.java:140)
	at org.apache.hadoop.ozone.container.common.statemachine.commandhandler.TestBlockDeletion.verifyBlocksDeleted(TestBlockDeletion.java:474)
	at org.apache.hadoop.ozone.container.common.statemachine.commandhandler.TestBlockDeletion.lambda$testBlockDeletion$4(TestBlockDeletion.java:262)
	at org.apache.ozone.test.GenericTestUtils.waitFor(GenericTestUtils.java:225)
	at org.apache.hadoop.ozone.container.common.statemachine.commandhandler.TestBlockDeletion.testBlockDeletion(TestBlockDeletion.java:260)
	at sun.reflect.NativeMethodAccessorImpl.invoke0(Native Method)
	at sun.reflect.NativeMethodAccessorImpl.invoke(NativeMethodAccessorImpl.java:62)
	at sun.reflect.DelegatingMethodAccessorImpl.invoke(DelegatingMethodAccessorImpl.java:43)
	at java.lang.reflect.Method.invoke(Method.java:498)
	at org.junit.platform.commons.util.ReflectionUtils.invokeMethod(ReflectionUtils.java:725)
	at org.junit.jupiter.engine.execution.MethodInvocation.proceed(MethodInvocation.java:60)
	at org.junit.jupiter.engine.execution.InvocationInterceptorChain$ValidatingInvocation.proceed(InvocationInterceptorChain.java:131)
	at org.junit.jupiter.engine.extension.TimeoutExtension.intercept(TimeoutExtension.java:149)
	at org.junit.jupiter.engine.extension.TimeoutExtension.interceptTestableMethod(TimeoutExtension.java:140)
	at org.junit.jupiter.engine.extension.TimeoutExtension.interceptTestTemplateMethod(TimeoutExtension.java:92)
	at org.junit.jupiter.engine.execution.ExecutableInvoker$ReflectiveInterceptorCall.lambda$ofVoidMethod$0(ExecutableInvoker.java:115)
	at org.junit.jupiter.engine.execution.ExecutableInvoker.lambda$invoke$0(ExecutableInvoker.java:105)
	at org.junit.jupiter.engine.execution.InvocationInterceptorChain$InterceptedInvocation.proceed(InvocationInterceptorChain.java:106)
	at org.junit.jupiter.engine.execution.InvocationInterceptorChain.proceed(InvocationInterceptorChain.java:64)
	at org.junit.jupiter.engine.execution.InvocationInterceptorChain.chainAndInvoke(InvocationInterceptorChain.java:45)
	at org.junit.jupiter.engine.execution.InvocationInterceptorChain.invoke(InvocationInterceptorChain.java:37)
	at org.junit.jupiter.engine.execution.ExecutableInvoker.invoke(ExecutableInvoker.java:104)
	at org.junit.jupiter.engine.execution.ExecutableInvoker.invoke(ExecutableInvoker.java:98)
	at org.junit.jupiter.engine.descriptor.TestMethodTestDescriptor.lambda$invokeTestMethod$7(TestMethodTestDescriptor.java:214)
	at org.junit.platform.engine.support.hierarchical.ThrowableCollector.execute(ThrowableCollector.java:73)
	at org.junit.jupiter.engine.descriptor.TestMethodTestDescriptor.invokeTestMethod(TestMethodTestDescriptor.java:210)
	at org.junit.jupiter.engine.descriptor.TestMethodTestDescriptor.execute(TestMethodTestDescriptor.java:135)
	at org.junit.jupiter.engine.descriptor.TestMethodTestDescriptor.execute(TestMethodTestDescriptor.java:66)
	at org.junit.platform.engine.support.hierarchical.NodeTestTask.lambda$executeRecursively$6(NodeTestTask.java:151)
	at org.junit.platform.engine.support.hierarchical.ThrowableCollector.execute(ThrowableCollector.java:73)
	at org.junit.platform.engine.support.hierarchical.NodeTestTask.lambda$executeRecursively$8(NodeTestTask.java:141)
	at org.junit.platform.engine.support.hierarchical.Node.around(Node.java:137)
	at org.junit.platform.engine.support.hierarchical.NodeTestTask.lambda$executeRecursively$9(NodeTestTask.java:139)
	at org.junit.platform.engine.support.hierarchical.ThrowableCollector.execute(ThrowableCollector.java:73)
	at org.junit.platform.engine.support.hierarchical.NodeTestTask.executeRecursively(NodeTestTask.java:138)
	at org.junit.platform.engine.support.hierarchical.NodeTestTask.execute(NodeTestTask.java:95)
	at org.junit.platform.engine.support.hierarchical.SameThreadHierarchicalTestExecutorService.submit(SameThreadHierarchicalTestExecutorService.java:35)
	at org.junit.platform.engine.support.hierarchical.NodeTestTask$DefaultDynamicTestExecutor.execute(NodeTestTask.java:226)
	at org.junit.platform.engine.support.hierarchical.NodeTestTask$DefaultDynamicTestExecutor.execute(NodeTestTask.java:204)
	at org.junit.jupiter.engine.descriptor.TestTemplateTestDescriptor.execute(TestTemplateTestDescriptor.java:139)
	at org.junit.jupiter.engine.descriptor.TestTemplateTestDescriptor.lambda$execute$2(TestTemplateTestDescriptor.java:107)
	at java.util.stream.ForEachOps$ForEachOp$OfRef.accept(ForEachOps.java:183)
	at java.util.stream.ReferencePipeline$3$1.accept(ReferencePipeline.java:193)
	at java.util.stream.ReferencePipeline$2$1.accept(ReferencePipeline.java:175)
	at java.util.stream.ReferencePipeline$3$1.accept(ReferencePipeline.java:193)
	at java.util.stream.ForEachOps$ForEachOp$OfRef.accept(ForEachOps.java:183)
	at java.util.stream.ReferencePipeline$3$1.accept(ReferencePipeline.java:193)
	at java.util.stream.ReferencePipeline$3$1.accept(ReferencePipeline.java:193)
	at java.util.stream.ReferencePipeline$3$1.accept(ReferencePipeline.java:193)
	at java.util.stream.ForEachOps$ForEachOp$OfRef.accept(ForEachOps.java:183)
	at java.util.stream.ReferencePipeline$3$1.accept(ReferencePipeline.java:193)
	at java.util.Spliterators$ArraySpliterator.forEachRemaining(Spliterators.java:948)
	at java.util.stream.ReferencePipeline$Head.forEach(ReferencePipeline.java:647)
	at java.util.stream.ReferencePipeline$7$1.accept(ReferencePipeline.java:272)
	at java.util.stream.ReferencePipeline$3$1.accept(ReferencePipeline.java:193)
	at java.util.stream.ReferencePipeline$3$1.accept(ReferencePipeline.java:193)
	at java.util.Spliterators$ArraySpliterator.forEachRemaining(Spliterators.java:948)
	at java.util.stream.AbstractPipeline.copyInto(AbstractPipeline.java:482)
	at java.util.stream.AbstractPipeline.wrapAndCopyInto(AbstractPipeline.java:472)
	at java.util.stream.ForEachOps$ForEachOp.evaluateSequential(ForEachOps.java:150)
	at java.util.stream.ForEachOps$ForEachOp$OfRef.evaluateSequential(ForEachOps.java:173)
	at java.util.stream.AbstractPipeline.evaluate(AbstractPipeline.java:234)
	at java.util.stream.ReferencePipeline.forEach(ReferencePipeline.java:485)
	at java.util.stream.ReferencePipeline$7$1.accept(ReferencePipeline.java:272)
	at java.util.stream.ReferencePipeline$3$1.accept(ReferencePipeline.java:193)
	at java.util.stream.ReferencePipeline$3$1.accept(ReferencePipeline.java:193)
	at java.util.stream.ReferencePipeline$3$1.accept(ReferencePipeline.java:193)
	at java.util.ArrayList$ArrayListSpliterator.forEachRemaining(ArrayList.java:1384)
	at java.util.stream.AbstractPipeline.copyInto(AbstractPipeline.java:482)
	at java.util.stream.AbstractPipeline.wrapAndCopyInto(AbstractPipeline.java:472)
	at java.util.stream.ForEachOps$ForEachOp.evaluateSequential(ForEachOps.java:150)
	at java.util.stream.ForEachOps$ForEachOp$OfRef.evaluateSequential(ForEachOps.java:173)
	at java.util.stream.AbstractPipeline.evaluate(AbstractPipeline.java:234)
	at java.util.stream.ReferencePipeline.forEach(ReferencePipeline.java:485)
	at java.util.stream.ReferencePipeline$7$1.accept(ReferencePipeline.java:272)
	at java.util.ArrayList$ArrayListSpliterator.forEachRemaining(ArrayList.java:1384)
	at java.util.stream.AbstractPipeline.copyInto(AbstractPipeline.java:482)
	at java.util.stream.AbstractPipeline.wrapAndCopyInto(AbstractPipeline.java:472)
	at java.util.stream.ForEachOps$ForEachOp.evaluateSequential(ForEachOps.java:150)
	at java.util.stream.ForEachOps$ForEachOp$OfRef.evaluateSequential(ForEachOps.java:173)
	at java.util.stream.AbstractPipeline.evaluate(AbstractPipeline.java:234)
	at java.util.stream.ReferencePipeline.forEach(ReferencePipeline.java:485)
	at org.junit.jupiter.engine.descriptor.TestTemplateTestDescriptor.execute(TestTemplateTestDescriptor.java:107)
	at org.junit.jupiter.engine.descriptor.TestTemplateTestDescriptor.execute(TestTemplateTestDescriptor.java:42)
	at org.junit.platform.engine.support.hierarchical.NodeTestTask.lambda$executeRecursively$6(NodeTestTask.java:151)
	at org.junit.platform.engine.support.hierarchical.ThrowableCollector.execute(ThrowableCollector.java:73)
	at org.junit.platform.engine.support.hierarchical.NodeTestTask.lambda$executeRecursively$8(NodeTestTask.java:141)
	at org.junit.platform.engine.support.hierarchical.Node.around(Node.java:137)
	at org.junit.platform.engine.support.hierarchical.NodeTestTask.lambda$executeRecursively$9(NodeTestTask.java:139)
	at org.junit.platform.engine.support.hierarchical.ThrowableCollector.execute(ThrowableCollector.java:73)
	at org.junit.platform.engine.support.hierarchical.NodeTestTask.executeRecursively(NodeTestTask.java:138)
	at org.junit.platform.engine.support.hierarchical.NodeTestTask.execute(NodeTestTask.java:95)
	at java.util.ArrayList.forEach(ArrayList.java:1259)
	at org.junit.platform.engine.support.hierarchical.SameThreadHierarchicalTestExecutorService.invokeAll(SameThreadHierarchicalTestExecutorService.java:41)
	at org.junit.platform.engine.support.hierarchical.NodeTestTask.lambda$executeRecursively$6(NodeTestTask.java:155)
	at org.junit.platform.engine.support.hierarchical.ThrowableCollector.execute(ThrowableCollector.java:73)
	at org.junit.platform.engine.support.hierarchical.NodeTestTask.lambda$executeRecursively$8(NodeTestTask.java:141)
	at org.junit.platform.engine.support.hierarchical.Node.around(Node.java:137)
	at org.junit.platform.engine.support.hierarchical.NodeTestTask.lambda$executeRecursively$9(NodeTestTask.java:139)
	at org.junit.platform.engine.support.hierarchical.ThrowableCollector.execute(ThrowableCollector.java:73)
	at org.junit.platform.engine.support.hierarchical.NodeTestTask.executeRecursively(NodeTestTask.java:138)
	at org.junit.platform.engine.support.hierarchical.NodeTestTask.execute(NodeTestTask.java:95)
	at java.util.ArrayList.forEach(ArrayList.java:1259)
	at org.junit.platform.engine.support.hierarchical.SameThreadHierarchicalTestExecutorService.invokeAll(SameThreadHierarchicalTestExecutorService.java:41)
	at org.junit.platform.engine.support.hierarchical.NodeTestTask.lambda$executeRecursively$6(NodeTestTask.java:155)
	at org.junit.platform.engine.support.hierarchical.ThrowableCollector.execute(ThrowableCollector.java:73)
	at org.junit.platform.engine.support.hierarchical.NodeTestTask.lambda$executeRecursively$8(NodeTestTask.java:141)
	at org.junit.platform.engine.support.hierarchical.Node.around(Node.java:137)
	at org.junit.platform.engine.support.hierarchical.NodeTestTask.lambda$executeRecursively$9(NodeTestTask.java:139)
	at org.junit.platform.engine.support.hierarchical.ThrowableCollector.execute(ThrowableCollector.java:73)
	at org.junit.platform.engine.support.hierarchical.NodeTestTask.executeRecursively(NodeTestTask.java:138)
	at org.junit.platform.engine.support.hierarchical.NodeTestTask.execute(NodeTestTask.java:95)
	at org.junit.platform.engine.support.hierarchical.SameThreadHierarchicalTestExecutorService.submit(SameThreadHierarchicalTestExecutorService.java:35)
	at org.junit.platform.engine.support.hierarchical.HierarchicalTestExecutor.execute(HierarchicalTestExecutor.java:57)
	at org.junit.platform.engine.support.hierarchical.HierarchicalTestEngine.execute(HierarchicalTestEngine.java:54)
	at org.junit.platform.launcher.core.EngineExecutionOrchestrator.execute(EngineExecutionOrchestrator.java:107)
	at org.junit.platform.launcher.core.EngineExecutionOrchestrator.execute(EngineExecutionOrchestrator.java:88)
	at org.junit.platform.launcher.core.EngineExecutionOrchestrator.lambda$execute$0(EngineExecutionOrchestrator.java:54)
	at org.junit.platform.launcher.core.EngineExecutionOrchestrator.withInterceptedStreams(EngineExecutionOrchestrator.java:67)
	at org.junit.platform.launcher.core.EngineExecutionOrchestrator.execute(EngineExecutionOrchestrator.java:52)
	at org.junit.platform.launcher.core.DefaultLauncher.execute(DefaultLauncher.java:114)
	at org.junit.platform.launcher.core.DefaultLauncher.execute(DefaultLauncher.java:86)
	at org.junit.platform.launcher.core.DefaultLauncherSession$DelegatingLauncher.execute(DefaultLauncherSession.java:86)
	at org.junit.platform.launcher.core.SessionPerRequestLauncher.execute(SessionPerRequestLauncher.java:53)
	at org.apache.maven.surefire.junitplatform.JUnitPlatformProvider.execute(JUnitPlatformProvider.java:188)
	at org.apache.maven.surefire.junitplatform.JUnitPlatformProvider.invokeAllTests(JUnitPlatformProvider.java:154)
	at org.apache.maven.surefire.junitplatform.JUnitPlatformProvider.invoke(JUnitPlatformProvider.java:124)
	at org.apache.maven.surefire.booter.ForkedBooter.runSuitesInProcess(ForkedBooter.java:428)
	at org.apache.maven.surefire.booter.ForkedBooter.execute(ForkedBooter.java:162)
	at org.apache.maven.surefire.booter.ForkedBooter.run(ForkedBooter.java:562)
	at org.apache.maven.surefire.booter.ForkedBooter.main(ForkedBooter.java:548)
2023-04-19 02:33:10,883 [SCMBlockDeletingService#0] DEBUG block.SCMBlockDeletingService (SCMBlockDeletingService.java:shouldRun(251)) - Check scm block delete run: true serviceStatus: RUNNING safemodeExitRunDelayMillis: 3000 alreadyWaitTimeInMillis: 20877
2023-04-19 02:33:10,884 [SCMBlockDeletingService#0] DEBUG block.SCMBlockDeletingService (SCMBlockDeletingService.java:call(154)) - Running DeletedBlockTransactionScanner
2023-04-19 02:33:10,906 [BlockDeletingService#2] INFO  interfaces.ContainerDeletionChoosingPolicyTemplate (ContainerDeletionChoosingPolicyTemplate.java:chooseContainerForBlockDeletion(83)) - Chosen 0/5000 blocks from 0 candidate containers.
2023-04-19 02:33:10,906 [BlockDeletingService#3] INFO  interfaces.ContainerDeletionChoosingPolicyTemplate (ContainerDeletionChoosingPolicyTemplate.java:chooseContainerForBlockDeletion(83)) - Chosen 0/5000 blocks from 0 candidate containers.
2023-04-19 02:33:10,912 [BlockDeletingService#7] INFO  interfaces.ContainerDeletionChoosingPolicyTemplate (ContainerDeletionChoosingPolicyTemplate.java:chooseContainerForBlockDeletion(83)) - Chosen 0/5000 blocks from 0 candidate containers.
2023-04-19 02:33:10,984 [SCMBlockDeletingService#0] DEBUG block.SCMBlockDeletingService (SCMBlockDeletingService.java:shouldRun(251)) - Check scm block delete run: true serviceStatus: RUNNING safemodeExitRunDelayMillis: 3000 alreadyWaitTimeInMillis: 20978
2023-04-19 02:33:10,984 [SCMBlockDeletingService#0] DEBUG block.SCMBlockDeletingService (SCMBlockDeletingService.java:call(154)) - Running DeletedBlockTransactionScanner
2023-04-19 02:33:11,006 [BlockDeletingService#2] INFO  interfaces.ContainerDeletionChoosingPolicyTemplate (ContainerDeletionChoosingPolicyTemplate.java:chooseContainerForBlockDeletion(83)) - Chosen 0/5000 blocks from 0 candidate containers.
2023-04-19 02:33:11,007 [BlockDeletingService#3] INFO  interfaces.ContainerDeletionChoosingPolicyTemplate (ContainerDeletionChoosingPolicyTemplate.java:chooseContainerForBlockDeletion(83)) - Chosen 0/5000 blocks from 0 candidate containers.
2023-04-19 02:33:11,012 [BlockDeletingService#7] INFO  interfaces.ContainerDeletionChoosingPolicyTemplate (ContainerDeletionChoosingPolicyTemplate.java:chooseContainerForBlockDeletion(83)) - Chosen 0/5000 blocks from 0 candidate containers.
2023-04-19 02:33:11,084 [SCMBlockDeletingService#0] DEBUG block.SCMBlockDeletingService (SCMBlockDeletingService.java:shouldRun(251)) - Check scm block delete run: true serviceStatus: RUNNING safemodeExitRunDelayMillis: 3000 alreadyWaitTimeInMillis: 21078
2023-04-19 02:33:11,084 [SCMBlockDeletingService#0] DEBUG block.SCMBlockDeletingService (SCMBlockDeletingService.java:call(154)) - Running DeletedBlockTransactionScanner
2023-04-19 02:33:11,107 [BlockDeletingService#2] INFO  interfaces.ContainerDeletionChoosingPolicyTemplate (ContainerDeletionChoosingPolicyTemplate.java:chooseContainerForBlockDeletion(83)) - Chosen 0/5000 blocks from 0 candidate containers.
2023-04-19 02:33:11,107 [BlockDeletingService#3] INFO  interfaces.ContainerDeletionChoosingPolicyTemplate (ContainerDeletionChoosingPolicyTemplate.java:chooseContainerForBlockDeletion(83)) - Chosen 0/5000 blocks from 0 candidate containers.
2023-04-19 02:33:11,113 [BlockDeletingService#7] INFO  interfaces.ContainerDeletionChoosingPolicyTemplate (ContainerDeletionChoosingPolicyTemplate.java:chooseContainerForBlockDeletion(83)) - Chosen 0/5000 blocks from 0 candidate containers.
2023-04-19 02:33:11,184 [SCMBlockDeletingService#0] DEBUG block.SCMBlockDeletingService (SCMBlockDeletingService.java:shouldRun(251)) - Check scm block delete run: true serviceStatus: RUNNING safemodeExitRunDelayMillis: 3000 alreadyWaitTimeInMillis: 21178
2023-04-19 02:33:11,184 [SCMBlockDeletingService#0] DEBUG block.SCMBlockDeletingService (SCMBlockDeletingService.java:call(154)) - Running DeletedBlockTransactionScanner
2023-04-19 02:33:11,207 [BlockDeletingService#2] INFO  interfaces.ContainerDeletionChoosingPolicyTemplate (ContainerDeletionChoosingPolicyTemplate.java:chooseContainerForBlockDeletion(83)) - Chosen 0/5000 blocks from 0 candidate containers.
2023-04-19 02:33:11,207 [BlockDeletingService#3] INFO  interfaces.ContainerDeletionChoosingPolicyTemplate (ContainerDeletionChoosingPolicyTemplate.java:chooseContainerForBlockDeletion(83)) - Chosen 0/5000 blocks from 0 candidate containers.
2023-04-19 02:33:11,213 [BlockDeletingService#7] INFO  interfaces.ContainerDeletionChoosingPolicyTemplate (ContainerDeletionChoosingPolicyTemplate.java:chooseContainerForBlockDeletion(83)) - Chosen 0/5000 blocks from 0 candidate containers.
2023-04-19 02:33:11,284 [SCMBlockDeletingService#0] DEBUG block.SCMBlockDeletingService (SCMBlockDeletingService.java:shouldRun(251)) - Check scm block delete run: true serviceStatus: RUNNING safemodeExitRunDelayMillis: 3000 alreadyWaitTimeInMillis: 21278
2023-04-19 02:33:11,284 [SCMBlockDeletingService#0] DEBUG block.SCMBlockDeletingService (SCMBlockDeletingService.java:call(154)) - Running DeletedBlockTransactionScanner
2023-04-19 02:33:11,307 [BlockDeletingService#2] INFO  interfaces.ContainerDeletionChoosingPolicyTemplate (ContainerDeletionChoosingPolicyTemplate.java:chooseContainerForBlockDeletion(83)) - Chosen 0/5000 blocks from 0 candidate containers.
2023-04-19 02:33:11,307 [BlockDeletingService#3] INFO  interfaces.ContainerDeletionChoosingPolicyTemplate (ContainerDeletionChoosingPolicyTemplate.java:chooseContainerForBlockDeletion(83)) - Chosen 0/5000 blocks from 0 candidate containers.
2023-04-19 02:33:11,313 [BlockDeletingService#7] INFO  interfaces.ContainerDeletionChoosingPolicyTemplate (ContainerDeletionChoosingPolicyTemplate.java:chooseContainerForBlockDeletion(83)) - Chosen 0/5000 blocks from 0 candidate containers.
2023-04-19 02:33:11,384 [SCMBlockDeletingService#0] DEBUG block.SCMBlockDeletingService (SCMBlockDeletingService.java:shouldRun(251)) - Check scm block delete run: true serviceStatus: RUNNING safemodeExitRunDelayMillis: 3000 alreadyWaitTimeInMillis: 21378
2023-04-19 02:33:11,384 [SCMBlockDeletingService#0] DEBUG block.SCMBlockDeletingService (SCMBlockDeletingService.java:call(154)) - Running DeletedBlockTransactionScanner
2023-04-19 02:33:11,408 [BlockDeletingService#2] INFO  interfaces.ContainerDeletionChoosingPolicyTemplate (ContainerDeletionChoosingPolicyTemplate.java:chooseContainerForBlockDeletion(83)) - Chosen 0/5000 blocks from 0 candidate containers.
2023-04-19 02:33:11,408 [BlockDeletingService#3] INFO  interfaces.ContainerDeletionChoosingPolicyTemplate (ContainerDeletionChoosingPolicyTemplate.java:chooseContainerForBlockDeletion(83)) - Chosen 0/5000 blocks from 0 candidate containers.
2023-04-19 02:33:11,413 [BlockDeletingService#7] INFO  interfaces.ContainerDeletionChoosingPolicyTemplate (ContainerDeletionChoosingPolicyTemplate.java:chooseContainerForBlockDeletion(83)) - Chosen 0/5000 blocks from 0 candidate containers.
2023-04-19 02:33:11,484 [SCMBlockDeletingService#0] DEBUG block.SCMBlockDeletingService (SCMBlockDeletingService.java:shouldRun(251)) - Check scm block delete run: true serviceStatus: RUNNING safemodeExitRunDelayMillis: 3000 alreadyWaitTimeInMillis: 21478
2023-04-19 02:33:11,484 [SCMBlockDeletingService#0] DEBUG block.SCMBlockDeletingService (SCMBlockDeletingService.java:call(154)) - Running DeletedBlockTransactionScanner
2023-04-19 02:33:11,508 [BlockDeletingService#2] INFO  interfaces.ContainerDeletionChoosingPolicyTemplate (ContainerDeletionChoosingPolicyTemplate.java:chooseContainerForBlockDeletion(83)) - Chosen 0/5000 blocks from 0 candidate containers.
2023-04-19 02:33:11,508 [BlockDeletingService#3] INFO  interfaces.ContainerDeletionChoosingPolicyTemplate (ContainerDeletionChoosingPolicyTemplate.java:chooseContainerForBlockDeletion(83)) - Chosen 0/5000 blocks from 0 candidate containers.
2023-04-19 02:33:11,514 [BlockDeletingService#7] INFO  interfaces.ContainerDeletionChoosingPolicyTemplate (ContainerDeletionChoosingPolicyTemplate.java:chooseContainerForBlockDeletion(83)) - Chosen 0/5000 blocks from 0 candidate containers.
2023-04-19 02:33:11,584 [SCMBlockDeletingService#0] DEBUG block.SCMBlockDeletingService (SCMBlockDeletingService.java:shouldRun(251)) - Check scm block delete run: true serviceStatus: RUNNING safemodeExitRunDelayMillis: 3000 alreadyWaitTimeInMillis: 21578
2023-04-19 02:33:11,584 [SCMBlockDeletingService#0] DEBUG block.SCMBlockDeletingService (SCMBlockDeletingService.java:call(154)) - Running DeletedBlockTransactionScanner
2023-04-19 02:33:11,608 [BlockDeletingService#2] INFO  interfaces.ContainerDeletionChoosingPolicyTemplate (ContainerDeletionChoosingPolicyTemplate.java:chooseContainerForBlockDeletion(83)) - Chosen 0/5000 blocks from 0 candidate containers.
2023-04-19 02:33:11,608 [BlockDeletingService#3] INFO  interfaces.ContainerDeletionChoosingPolicyTemplate (ContainerDeletionChoosingPolicyTemplate.java:chooseContainerForBlockDeletion(83)) - Chosen 0/5000 blocks from 0 candidate containers.
2023-04-19 02:33:11,614 [BlockDeletingService#7] INFO  interfaces.ContainerDeletionChoosingPolicyTemplate (ContainerDeletionChoosingPolicyTemplate.java:chooseContainerForBlockDeletion(83)) - Chosen 0/5000 blocks from 0 candidate containers.
2023-04-19 02:33:11,684 [SCMBlockDeletingService#0] DEBUG block.SCMBlockDeletingService (SCMBlockDeletingService.java:shouldRun(251)) - Check scm block delete run: true serviceStatus: RUNNING safemodeExitRunDelayMillis: 3000 alreadyWaitTimeInMillis: 21678
2023-04-19 02:33:11,684 [SCMBlockDeletingService#0] DEBUG block.SCMBlockDeletingService (SCMBlockDeletingService.java:call(154)) - Running DeletedBlockTransactionScanner
2023-04-19 02:33:11,708 [BlockDeletingService#2] INFO  interfaces.ContainerDeletionChoosingPolicyTemplate (ContainerDeletionChoosingPolicyTemplate.java:chooseContainerForBlockDeletion(83)) - Chosen 0/5000 blocks from 0 candidate containers.
2023-04-19 02:33:11,709 [BlockDeletingService#3] INFO  interfaces.ContainerDeletionChoosingPolicyTemplate (ContainerDeletionChoosingPolicyTemplate.java:chooseContainerForBlockDeletion(83)) - Chosen 0/5000 blocks from 0 candidate containers.
2023-04-19 02:33:11,714 [BlockDeletingService#7] INFO  interfaces.ContainerDeletionChoosingPolicyTemplate (ContainerDeletionChoosingPolicyTemplate.java:chooseContainerForBlockDeletion(83)) - Chosen 0/5000 blocks from 0 candidate containers.
2023-04-19 02:33:11,784 [SCMBlockDeletingService#0] DEBUG block.SCMBlockDeletingService (SCMBlockDeletingService.java:shouldRun(251)) - Check scm block delete run: true serviceStatus: RUNNING safemodeExitRunDelayMillis: 3000 alreadyWaitTimeInMillis: 21778
2023-04-19 02:33:11,784 [SCMBlockDeletingService#0] DEBUG block.SCMBlockDeletingService (SCMBlockDeletingService.java:call(154)) - Running DeletedBlockTransactionScanner
2023-04-19 02:33:11,809 [BlockDeletingService#2] INFO  interfaces.ContainerDeletionChoosingPolicyTemplate (ContainerDeletionChoosingPolicyTemplate.java:chooseContainerForBlockDeletion(83)) - Chosen 0/5000 blocks from 0 candidate containers.
2023-04-19 02:33:11,809 [BlockDeletingService#3] INFO  interfaces.ContainerDeletionChoosingPolicyTemplate (ContainerDeletionChoosingPolicyTemplate.java:chooseContainerForBlockDeletion(83)) - Chosen 0/5000 blocks from 0 candidate containers.
2023-04-19 02:33:11,814 [BlockDeletingService#7] INFO  interfaces.ContainerDeletionChoosingPolicyTemplate (ContainerDeletionChoosingPolicyTemplate.java:chooseContainerForBlockDeletion(83)) - Chosen 0/5000 blocks from 0 candidate containers.
2023-04-19 02:33:11,884 [SCMBlockDeletingService#0] DEBUG block.SCMBlockDeletingService (SCMBlockDeletingService.java:shouldRun(251)) - Check scm block delete run: true serviceStatus: RUNNING safemodeExitRunDelayMillis: 3000 alreadyWaitTimeInMillis: 21878
2023-04-19 02:33:11,884 [SCMBlockDeletingService#0] DEBUG block.SCMBlockDeletingService (SCMBlockDeletingService.java:call(154)) - Running DeletedBlockTransactionScanner
2023-04-19 02:33:11,909 [BlockDeletingService#2] INFO  interfaces.ContainerDeletionChoosingPolicyTemplate (ContainerDeletionChoosingPolicyTemplate.java:chooseContainerForBlockDeletion(83)) - Chosen 0/5000 blocks from 0 candidate containers.
2023-04-19 02:33:11,909 [BlockDeletingService#3] INFO  interfaces.ContainerDeletionChoosingPolicyTemplate (ContainerDeletionChoosingPolicyTemplate.java:chooseContainerForBlockDeletion(83)) - Chosen 0/5000 blocks from 0 candidate containers.
2023-04-19 02:33:11,914 [BlockDeletingService#7] INFO  interfaces.ContainerDeletionChoosingPolicyTemplate (ContainerDeletionChoosingPolicyTemplate.java:chooseContainerForBlockDeletion(83)) - Chosen 0/5000 blocks from 0 candidate containers.
2023-04-19 02:33:11,984 [SCMBlockDeletingService#0] DEBUG block.SCMBlockDeletingService (SCMBlockDeletingService.java:shouldRun(251)) - Check scm block delete run: true serviceStatus: RUNNING safemodeExitRunDelayMillis: 3000 alreadyWaitTimeInMillis: 21978
2023-04-19 02:33:11,985 [SCMBlockDeletingService#0] DEBUG block.SCMBlockDeletingService (SCMBlockDeletingService.java:call(154)) - Running DeletedBlockTransactionScanner
2023-04-19 02:33:12,009 [BlockDeletingService#2] INFO  interfaces.ContainerDeletionChoosingPolicyTemplate (ContainerDeletionChoosingPolicyTemplate.java:chooseContainerForBlockDeletion(83)) - Chosen 0/5000 blocks from 0 candidate containers.
2023-04-19 02:33:12,009 [BlockDeletingService#3] INFO  interfaces.ContainerDeletionChoosingPolicyTemplate (ContainerDeletionChoosingPolicyTemplate.java:chooseContainerForBlockDeletion(83)) - Chosen 0/5000 blocks from 0 candidate containers.
2023-04-19 02:33:12,014 [BlockDeletingService#7] INFO  interfaces.ContainerDeletionChoosingPolicyTemplate (ContainerDeletionChoosingPolicyTemplate.java:chooseContainerForBlockDeletion(83)) - Chosen 0/5000 blocks from 0 candidate containers.
2023-04-19 02:33:12,085 [SCMBlockDeletingService#0] DEBUG block.SCMBlockDeletingService (SCMBlockDeletingService.java:shouldRun(251)) - Check scm block delete run: true serviceStatus: RUNNING safemodeExitRunDelayMillis: 3000 alreadyWaitTimeInMillis: 22079
2023-04-19 02:33:12,085 [SCMBlockDeletingService#0] DEBUG block.SCMBlockDeletingService (SCMBlockDeletingService.java:call(154)) - Running DeletedBlockTransactionScanner
2023-04-19 02:33:12,110 [BlockDeletingService#2] INFO  interfaces.ContainerDeletionChoosingPolicyTemplate (ContainerDeletionChoosingPolicyTemplate.java:chooseContainerForBlockDeletion(83)) - Chosen 0/5000 blocks from 0 candidate containers.
2023-04-19 02:33:12,110 [BlockDeletingService#3] INFO  interfaces.ContainerDeletionChoosingPolicyTemplate (ContainerDeletionChoosingPolicyTemplate.java:chooseContainerForBlockDeletion(83)) - Chosen 0/5000 blocks from 0 candidate containers.
2023-04-19 02:33:12,115 [BlockDeletingService#7] INFO  interfaces.ContainerDeletionChoosingPolicyTemplate (ContainerDeletionChoosingPolicyTemplate.java:chooseContainerForBlockDeletion(83)) - Chosen 0/5000 blocks from 0 candidate containers.
2023-04-19 02:33:12,185 [SCMBlockDeletingService#0] DEBUG block.SCMBlockDeletingService (SCMBlockDeletingService.java:shouldRun(251)) - Check scm block delete run: true serviceStatus: RUNNING safemodeExitRunDelayMillis: 3000 alreadyWaitTimeInMillis: 22179
2023-04-19 02:33:12,185 [SCMBlockDeletingService#0] DEBUG block.SCMBlockDeletingService (SCMBlockDeletingService.java:call(154)) - Running DeletedBlockTransactionScanner
2023-04-19 02:33:12,210 [BlockDeletingService#2] INFO  interfaces.ContainerDeletionChoosingPolicyTemplate (ContainerDeletionChoosingPolicyTemplate.java:chooseContainerForBlockDeletion(83)) - Chosen 0/5000 blocks from 0 candidate containers.
2023-04-19 02:33:12,210 [BlockDeletingService#3] INFO  interfaces.ContainerDeletionChoosingPolicyTemplate (ContainerDeletionChoosingPolicyTemplate.java:chooseContainerForBlockDeletion(83)) - Chosen 0/5000 blocks from 0 candidate containers.
2023-04-19 02:33:12,215 [BlockDeletingService#7] INFO  interfaces.ContainerDeletionChoosingPolicyTemplate (ContainerDeletionChoosingPolicyTemplate.java:chooseContainerForBlockDeletion(83)) - Chosen 0/5000 blocks from 0 candidate containers.
2023-04-19 02:33:12,285 [SCMBlockDeletingService#0] DEBUG block.SCMBlockDeletingService (SCMBlockDeletingService.java:shouldRun(251)) - Check scm block delete run: true serviceStatus: RUNNING safemodeExitRunDelayMillis: 3000 alreadyWaitTimeInMillis: 22279
2023-04-19 02:33:12,285 [SCMBlockDeletingService#0] DEBUG block.SCMBlockDeletingService (SCMBlockDeletingService.java:call(154)) - Running DeletedBlockTransactionScanner
2023-04-19 02:33:12,310 [BlockDeletingService#2] INFO  interfaces.ContainerDeletionChoosingPolicyTemplate (ContainerDeletionChoosingPolicyTemplate.java:chooseContainerForBlockDeletion(83)) - Chosen 0/5000 blocks from 0 candidate containers.
2023-04-19 02:33:12,310 [BlockDeletingService#3] INFO  interfaces.ContainerDeletionChoosingPolicyTemplate (ContainerDeletionChoosingPolicyTemplate.java:chooseContainerForBlockDeletion(83)) - Chosen 0/5000 blocks from 0 candidate containers.
2023-04-19 02:33:12,315 [BlockDeletingService#7] INFO  interfaces.ContainerDeletionChoosingPolicyTemplate (ContainerDeletionChoosingPolicyTemplate.java:chooseContainerForBlockDeletion(83)) - Chosen 0/5000 blocks from 0 candidate containers.
2023-04-19 02:33:12,385 [SCMBlockDeletingService#0] DEBUG block.SCMBlockDeletingService (SCMBlockDeletingService.java:shouldRun(251)) - Check scm block delete run: true serviceStatus: RUNNING safemodeExitRunDelayMillis: 3000 alreadyWaitTimeInMillis: 22379
2023-04-19 02:33:12,385 [SCMBlockDeletingService#0] DEBUG block.SCMBlockDeletingService (SCMBlockDeletingService.java:call(154)) - Running DeletedBlockTransactionScanner
2023-04-19 02:33:12,410 [BlockDeletingService#2] INFO  interfaces.ContainerDeletionChoosingPolicyTemplate (ContainerDeletionChoosingPolicyTemplate.java:chooseContainerForBlockDeletion(83)) - Chosen 0/5000 blocks from 0 candidate containers.
2023-04-19 02:33:12,411 [BlockDeletingService#3] INFO  interfaces.ContainerDeletionChoosingPolicyTemplate (ContainerDeletionChoosingPolicyTemplate.java:chooseContainerForBlockDeletion(83)) - Chosen 0/5000 blocks from 0 candidate containers.
2023-04-19 02:33:12,415 [BlockDeletingService#7] INFO  interfaces.ContainerDeletionChoosingPolicyTemplate (ContainerDeletionChoosingPolicyTemplate.java:chooseContainerForBlockDeletion(83)) - Chosen 0/5000 blocks from 0 candidate containers.
2023-04-19 02:33:12,485 [SCMBlockDeletingService#0] DEBUG block.SCMBlockDeletingService (SCMBlockDeletingService.java:shouldRun(251)) - Check scm block delete run: true serviceStatus: RUNNING safemodeExitRunDelayMillis: 3000 alreadyWaitTimeInMillis: 22479
2023-04-19 02:33:12,485 [SCMBlockDeletingService#0] DEBUG block.SCMBlockDeletingService (SCMBlockDeletingService.java:call(154)) - Running DeletedBlockTransactionScanner
2023-04-19 02:33:12,511 [BlockDeletingService#2] INFO  interfaces.ContainerDeletionChoosingPolicyTemplate (ContainerDeletionChoosingPolicyTemplate.java:chooseContainerForBlockDeletion(83)) - Chosen 0/5000 blocks from 0 candidate containers.
2023-04-19 02:33:12,511 [BlockDeletingService#3] INFO  interfaces.ContainerDeletionChoosingPolicyTemplate (ContainerDeletionChoosingPolicyTemplate.java:chooseContainerForBlockDeletion(83)) - Chosen 0/5000 blocks from 0 candidate containers.
2023-04-19 02:33:12,516 [BlockDeletingService#7] INFO  interfaces.ContainerDeletionChoosingPolicyTemplate (ContainerDeletionChoosingPolicyTemplate.java:chooseContainerForBlockDeletion(83)) - Chosen 0/5000 blocks from 0 candidate containers.
2023-04-19 02:33:12,585 [SCMBlockDeletingService#0] DEBUG block.SCMBlockDeletingService (SCMBlockDeletingService.java:shouldRun(251)) - Check scm block delete run: true serviceStatus: RUNNING safemodeExitRunDelayMillis: 3000 alreadyWaitTimeInMillis: 22579
2023-04-19 02:33:12,585 [SCMBlockDeletingService#0] DEBUG block.SCMBlockDeletingService (SCMBlockDeletingService.java:call(154)) - Running DeletedBlockTransactionScanner
2023-04-19 02:33:12,611 [BlockDeletingService#2] INFO  interfaces.ContainerDeletionChoosingPolicyTemplate (ContainerDeletionChoosingPolicyTemplate.java:chooseContainerForBlockDeletion(83)) - Chosen 0/5000 blocks from 0 candidate containers.
2023-04-19 02:33:12,611 [BlockDeletingService#3] INFO  interfaces.ContainerDeletionChoosingPolicyTemplate (ContainerDeletionChoosingPolicyTemplate.java:chooseContainerForBlockDeletion(83)) - Chosen 0/5000 blocks from 0 candidate containers.
2023-04-19 02:33:12,616 [BlockDeletingService#7] INFO  interfaces.ContainerDeletionChoosingPolicyTemplate (ContainerDeletionChoosingPolicyTemplate.java:chooseContainerForBlockDeletion(83)) - Chosen 0/5000 blocks from 0 candidate containers.
2023-04-19 02:33:12,685 [SCMBlockDeletingService#0] DEBUG block.SCMBlockDeletingService (SCMBlockDeletingService.java:shouldRun(251)) - Check scm block delete run: true serviceStatus: RUNNING safemodeExitRunDelayMillis: 3000 alreadyWaitTimeInMillis: 22679
2023-04-19 02:33:12,685 [SCMBlockDeletingService#0] DEBUG block.SCMBlockDeletingService (SCMBlockDeletingService.java:call(154)) - Running DeletedBlockTransactionScanner
2023-04-19 02:33:12,711 [BlockDeletingService#2] INFO  interfaces.ContainerDeletionChoosingPolicyTemplate (ContainerDeletionChoosingPolicyTemplate.java:chooseContainerForBlockDeletion(83)) - Chosen 0/5000 blocks from 0 candidate containers.
2023-04-19 02:33:12,711 [BlockDeletingService#3] INFO  interfaces.ContainerDeletionChoosingPolicyTemplate (ContainerDeletionChoosingPolicyTemplate.java:chooseContainerForBlockDeletion(83)) - Chosen 0/5000 blocks from 0 candidate containers.
2023-04-19 02:33:12,716 [BlockDeletingService#7] INFO  interfaces.ContainerDeletionChoosingPolicyTemplate (ContainerDeletionChoosingPolicyTemplate.java:chooseContainerForBlockDeletion(83)) - Chosen 0/5000 blocks from 0 candidate containers.
2023-04-19 02:33:12,785 [SCMBlockDeletingService#0] DEBUG block.SCMBlockDeletingService (SCMBlockDeletingService.java:shouldRun(251)) - Check scm block delete run: true serviceStatus: RUNNING safemodeExitRunDelayMillis: 3000 alreadyWaitTimeInMillis: 22779
2023-04-19 02:33:12,785 [SCMBlockDeletingService#0] DEBUG block.SCMBlockDeletingService (SCMBlockDeletingService.java:call(154)) - Running DeletedBlockTransactionScanner
2023-04-19 02:33:12,811 [BlockDeletingService#2] INFO  interfaces.ContainerDeletionChoosingPolicyTemplate (ContainerDeletionChoosingPolicyTemplate.java:chooseContainerForBlockDeletion(83)) - Chosen 0/5000 blocks from 0 candidate containers.
2023-04-19 02:33:12,812 [BlockDeletingService#3] INFO  interfaces.ContainerDeletionChoosingPolicyTemplate (ContainerDeletionChoosingPolicyTemplate.java:chooseContainerForBlockDeletion(83)) - Chosen 0/5000 blocks from 0 candidate containers.
2023-04-19 02:33:12,816 [BlockDeletingService#7] INFO  interfaces.ContainerDeletionChoosingPolicyTemplate (ContainerDeletionChoosingPolicyTemplate.java:chooseContainerForBlockDeletion(83)) - Chosen 0/5000 blocks from 0 candidate containers.
2023-04-19 02:33:12,838 [Listener at 127.0.0.1/44187] WARN  commandhandler.TestBlockDeletion (TestBlockDeletion.java:lambda$testBlockDeletion$4(265)) - Verify blocks deletion failed
org.opentest4j.AssertionFailedError: expected: <null> but was: <[blockId=conID: 1 locID: 111677748019200001 bcsId: 16, size=4194304]>
	at org.junit.jupiter.api.AssertionUtils.fail(AssertionUtils.java:55)
	at org.junit.jupiter.api.AssertNull.failNotNull(AssertNull.java:54)
	at org.junit.jupiter.api.AssertNull.assertNull(AssertNull.java:38)
	at org.junit.jupiter.api.AssertNull.assertNull(AssertNull.java:33)
	at org.junit.jupiter.api.Assertions.assertNull(Assertions.java:275)
	at org.apache.hadoop.ozone.container.common.statemachine.commandhandler.TestBlockDeletion.lambda$verifyBlocksDeleted$17(TestBlockDeletion.java:484)
	at org.apache.hadoop.ozone.OzoneTestUtils.performOperationOnKeyContainers(OzoneTestUtils.java:140)
	at org.apache.hadoop.ozone.container.common.statemachine.commandhandler.TestBlockDeletion.verifyBlocksDeleted(TestBlockDeletion.java:474)
	at org.apache.hadoop.ozone.container.common.statemachine.commandhandler.TestBlockDeletion.lambda$testBlockDeletion$4(TestBlockDeletion.java:262)
	at org.apache.ozone.test.GenericTestUtils.waitFor(GenericTestUtils.java:225)
	at org.apache.hadoop.ozone.container.common.statemachine.commandhandler.TestBlockDeletion.testBlockDeletion(TestBlockDeletion.java:260)
	at sun.reflect.NativeMethodAccessorImpl.invoke0(Native Method)
	at sun.reflect.NativeMethodAccessorImpl.invoke(NativeMethodAccessorImpl.java:62)
	at sun.reflect.DelegatingMethodAccessorImpl.invoke(DelegatingMethodAccessorImpl.java:43)
	at java.lang.reflect.Method.invoke(Method.java:498)
	at org.junit.platform.commons.util.ReflectionUtils.invokeMethod(ReflectionUtils.java:725)
	at org.junit.jupiter.engine.execution.MethodInvocation.proceed(MethodInvocation.java:60)
	at org.junit.jupiter.engine.execution.InvocationInterceptorChain$ValidatingInvocation.proceed(InvocationInterceptorChain.java:131)
	at org.junit.jupiter.engine.extension.TimeoutExtension.intercept(TimeoutExtension.java:149)
	at org.junit.jupiter.engine.extension.TimeoutExtension.interceptTestableMethod(TimeoutExtension.java:140)
	at org.junit.jupiter.engine.extension.TimeoutExtension.interceptTestTemplateMethod(TimeoutExtension.java:92)
	at org.junit.jupiter.engine.execution.ExecutableInvoker$ReflectiveInterceptorCall.lambda$ofVoidMethod$0(ExecutableInvoker.java:115)
	at org.junit.jupiter.engine.execution.ExecutableInvoker.lambda$invoke$0(ExecutableInvoker.java:105)
	at org.junit.jupiter.engine.execution.InvocationInterceptorChain$InterceptedInvocation.proceed(InvocationInterceptorChain.java:106)
	at org.junit.jupiter.engine.execution.InvocationInterceptorChain.proceed(InvocationInterceptorChain.java:64)
	at org.junit.jupiter.engine.execution.InvocationInterceptorChain.chainAndInvoke(InvocationInterceptorChain.java:45)
	at org.junit.jupiter.engine.execution.InvocationInterceptorChain.invoke(InvocationInterceptorChain.java:37)
	at org.junit.jupiter.engine.execution.ExecutableInvoker.invoke(ExecutableInvoker.java:104)
	at org.junit.jupiter.engine.execution.ExecutableInvoker.invoke(ExecutableInvoker.java:98)
	at org.junit.jupiter.engine.descriptor.TestMethodTestDescriptor.lambda$invokeTestMethod$7(TestMethodTestDescriptor.java:214)
	at org.junit.platform.engine.support.hierarchical.ThrowableCollector.execute(ThrowableCollector.java:73)
	at org.junit.jupiter.engine.descriptor.TestMethodTestDescriptor.invokeTestMethod(TestMethodTestDescriptor.java:210)
	at org.junit.jupiter.engine.descriptor.TestMethodTestDescriptor.execute(TestMethodTestDescriptor.java:135)
	at org.junit.jupiter.engine.descriptor.TestMethodTestDescriptor.execute(TestMethodTestDescriptor.java:66)
	at org.junit.platform.engine.support.hierarchical.NodeTestTask.lambda$executeRecursively$6(NodeTestTask.java:151)
	at org.junit.platform.engine.support.hierarchical.ThrowableCollector.execute(ThrowableCollector.java:73)
	at org.junit.platform.engine.support.hierarchical.NodeTestTask.lambda$executeRecursively$8(NodeTestTask.java:141)
	at org.junit.platform.engine.support.hierarchical.Node.around(Node.java:137)
	at org.junit.platform.engine.support.hierarchical.NodeTestTask.lambda$executeRecursively$9(NodeTestTask.java:139)
	at org.junit.platform.engine.support.hierarchical.ThrowableCollector.execute(ThrowableCollector.java:73)
	at org.junit.platform.engine.support.hierarchical.NodeTestTask.executeRecursively(NodeTestTask.java:138)
	at org.junit.platform.engine.support.hierarchical.NodeTestTask.execute(NodeTestTask.java:95)
	at org.junit.platform.engine.support.hierarchical.SameThreadHierarchicalTestExecutorService.submit(SameThreadHierarchicalTestExecutorService.java:35)
	at org.junit.platform.engine.support.hierarchical.NodeTestTask$DefaultDynamicTestExecutor.execute(NodeTestTask.java:226)
	at org.junit.platform.engine.support.hierarchical.NodeTestTask$DefaultDynamicTestExecutor.execute(NodeTestTask.java:204)
	at org.junit.jupiter.engine.descriptor.TestTemplateTestDescriptor.execute(TestTemplateTestDescriptor.java:139)
	at org.junit.jupiter.engine.descriptor.TestTemplateTestDescriptor.lambda$execute$2(TestTemplateTestDescriptor.java:107)
	at java.util.stream.ForEachOps$ForEachOp$OfRef.accept(ForEachOps.java:183)
	at java.util.stream.ReferencePipeline$3$1.accept(ReferencePipeline.java:193)
	at java.util.stream.ReferencePipeline$2$1.accept(ReferencePipeline.java:175)
	at java.util.stream.ReferencePipeline$3$1.accept(ReferencePipeline.java:193)
	at java.util.stream.ForEachOps$ForEachOp$OfRef.accept(ForEachOps.java:183)
	at java.util.stream.ReferencePipeline$3$1.accept(ReferencePipeline.java:193)
	at java.util.stream.ReferencePipeline$3$1.accept(ReferencePipeline.java:193)
	at java.util.stream.ReferencePipeline$3$1.accept(ReferencePipeline.java:193)
	at java.util.stream.ForEachOps$ForEachOp$OfRef.accept(ForEachOps.java:183)
	at java.util.stream.ReferencePipeline$3$1.accept(ReferencePipeline.java:193)
	at java.util.Spliterators$ArraySpliterator.forEachRemaining(Spliterators.java:948)
	at java.util.stream.ReferencePipeline$Head.forEach(ReferencePipeline.java:647)
	at java.util.stream.ReferencePipeline$7$1.accept(ReferencePipeline.java:272)
	at java.util.stream.ReferencePipeline$3$1.accept(ReferencePipeline.java:193)
	at java.util.stream.ReferencePipeline$3$1.accept(ReferencePipeline.java:193)
	at java.util.Spliterators$ArraySpliterator.forEachRemaining(Spliterators.java:948)
	at java.util.stream.AbstractPipeline.copyInto(AbstractPipeline.java:482)
	at java.util.stream.AbstractPipeline.wrapAndCopyInto(AbstractPipeline.java:472)
	at java.util.stream.ForEachOps$ForEachOp.evaluateSequential(ForEachOps.java:150)
	at java.util.stream.ForEachOps$ForEachOp$OfRef.evaluateSequential(ForEachOps.java:173)
	at java.util.stream.AbstractPipeline.evaluate(AbstractPipeline.java:234)
	at java.util.stream.ReferencePipeline.forEach(ReferencePipeline.java:485)
	at java.util.stream.ReferencePipeline$7$1.accept(ReferencePipeline.java:272)
	at java.util.stream.ReferencePipeline$3$1.accept(ReferencePipeline.java:193)
	at java.util.stream.ReferencePipeline$3$1.accept(ReferencePipeline.java:193)
	at java.util.stream.ReferencePipeline$3$1.accept(ReferencePipeline.java:193)
	at java.util.ArrayList$ArrayListSpliterator.forEachRemaining(ArrayList.java:1384)
	at java.util.stream.AbstractPipeline.copyInto(AbstractPipeline.java:482)
	at java.util.stream.AbstractPipeline.wrapAndCopyInto(AbstractPipeline.java:472)
	at java.util.stream.ForEachOps$ForEachOp.evaluateSequential(ForEachOps.java:150)
	at java.util.stream.ForEachOps$ForEachOp$OfRef.evaluateSequential(ForEachOps.java:173)
	at java.util.stream.AbstractPipeline.evaluate(AbstractPipeline.java:234)
	at java.util.stream.ReferencePipeline.forEach(ReferencePipeline.java:485)
	at java.util.stream.ReferencePipeline$7$1.accept(ReferencePipeline.java:272)
	at java.util.ArrayList$ArrayListSpliterator.forEachRemaining(ArrayList.java:1384)
	at java.util.stream.AbstractPipeline.copyInto(AbstractPipeline.java:482)
	at java.util.stream.AbstractPipeline.wrapAndCopyInto(AbstractPipeline.java:472)
	at java.util.stream.ForEachOps$ForEachOp.evaluateSequential(ForEachOps.java:150)
	at java.util.stream.ForEachOps$ForEachOp$OfRef.evaluateSequential(ForEachOps.java:173)
	at java.util.stream.AbstractPipeline.evaluate(AbstractPipeline.java:234)
	at java.util.stream.ReferencePipeline.forEach(ReferencePipeline.java:485)
	at org.junit.jupiter.engine.descriptor.TestTemplateTestDescriptor.execute(TestTemplateTestDescriptor.java:107)
	at org.junit.jupiter.engine.descriptor.TestTemplateTestDescriptor.execute(TestTemplateTestDescriptor.java:42)
	at org.junit.platform.engine.support.hierarchical.NodeTestTask.lambda$executeRecursively$6(NodeTestTask.java:151)
	at org.junit.platform.engine.support.hierarchical.ThrowableCollector.execute(ThrowableCollector.java:73)
	at org.junit.platform.engine.support.hierarchical.NodeTestTask.lambda$executeRecursively$8(NodeTestTask.java:141)
	at org.junit.platform.engine.support.hierarchical.Node.around(Node.java:137)
	at org.junit.platform.engine.support.hierarchical.NodeTestTask.lambda$executeRecursively$9(NodeTestTask.java:139)
	at org.junit.platform.engine.support.hierarchical.ThrowableCollector.execute(ThrowableCollector.java:73)
	at org.junit.platform.engine.support.hierarchical.NodeTestTask.executeRecursively(NodeTestTask.java:138)
	at org.junit.platform.engine.support.hierarchical.NodeTestTask.execute(NodeTestTask.java:95)
	at java.util.ArrayList.forEach(ArrayList.java:1259)
	at org.junit.platform.engine.support.hierarchical.SameThreadHierarchicalTestExecutorService.invokeAll(SameThreadHierarchicalTestExecutorService.java:41)
	at org.junit.platform.engine.support.hierarchical.NodeTestTask.lambda$executeRecursively$6(NodeTestTask.java:155)
	at org.junit.platform.engine.support.hierarchical.ThrowableCollector.execute(ThrowableCollector.java:73)
	at org.junit.platform.engine.support.hierarchical.NodeTestTask.lambda$executeRecursively$8(NodeTestTask.java:141)
	at org.junit.platform.engine.support.hierarchical.Node.around(Node.java:137)
	at org.junit.platform.engine.support.hierarchical.NodeTestTask.lambda$executeRecursively$9(NodeTestTask.java:139)
	at org.junit.platform.engine.support.hierarchical.ThrowableCollector.execute(ThrowableCollector.java:73)
	at org.junit.platform.engine.support.hierarchical.NodeTestTask.executeRecursively(NodeTestTask.java:138)
	at org.junit.platform.engine.support.hierarchical.NodeTestTask.execute(NodeTestTask.java:95)
	at java.util.ArrayList.forEach(ArrayList.java:1259)
	at org.junit.platform.engine.support.hierarchical.SameThreadHierarchicalTestExecutorService.invokeAll(SameThreadHierarchicalTestExecutorService.java:41)
	at org.junit.platform.engine.support.hierarchical.NodeTestTask.lambda$executeRecursively$6(NodeTestTask.java:155)
	at org.junit.platform.engine.support.hierarchical.ThrowableCollector.execute(ThrowableCollector.java:73)
	at org.junit.platform.engine.support.hierarchical.NodeTestTask.lambda$executeRecursively$8(NodeTestTask.java:141)
	at org.junit.platform.engine.support.hierarchical.Node.around(Node.java:137)
	at org.junit.platform.engine.support.hierarchical.NodeTestTask.lambda$executeRecursively$9(NodeTestTask.java:139)
	at org.junit.platform.engine.support.hierarchical.ThrowableCollector.execute(ThrowableCollector.java:73)
	at org.junit.platform.engine.support.hierarchical.NodeTestTask.executeRecursively(NodeTestTask.java:138)
	at org.junit.platform.engine.support.hierarchical.NodeTestTask.execute(NodeTestTask.java:95)
	at org.junit.platform.engine.support.hierarchical.SameThreadHierarchicalTestExecutorService.submit(SameThreadHierarchicalTestExecutorService.java:35)
	at org.junit.platform.engine.support.hierarchical.HierarchicalTestExecutor.execute(HierarchicalTestExecutor.java:57)
	at org.junit.platform.engine.support.hierarchical.HierarchicalTestEngine.execute(HierarchicalTestEngine.java:54)
	at org.junit.platform.launcher.core.EngineExecutionOrchestrator.execute(EngineExecutionOrchestrator.java:107)
	at org.junit.platform.launcher.core.EngineExecutionOrchestrator.execute(EngineExecutionOrchestrator.java:88)
	at org.junit.platform.launcher.core.EngineExecutionOrchestrator.lambda$execute$0(EngineExecutionOrchestrator.java:54)
	at org.junit.platform.launcher.core.EngineExecutionOrchestrator.withInterceptedStreams(EngineExecutionOrchestrator.java:67)
	at org.junit.platform.launcher.core.EngineExecutionOrchestrator.execute(EngineExecutionOrchestrator.java:52)
	at org.junit.platform.launcher.core.DefaultLauncher.execute(DefaultLauncher.java:114)
	at org.junit.platform.launcher.core.DefaultLauncher.execute(DefaultLauncher.java:86)
	at org.junit.platform.launcher.core.DefaultLauncherSession$DelegatingLauncher.execute(DefaultLauncherSession.java:86)
	at org.junit.platform.launcher.core.SessionPerRequestLauncher.execute(SessionPerRequestLauncher.java:53)
	at org.apache.maven.surefire.junitplatform.JUnitPlatformProvider.execute(JUnitPlatformProvider.java:188)
	at org.apache.maven.surefire.junitplatform.JUnitPlatformProvider.invokeAllTests(JUnitPlatformProvider.java:154)
	at org.apache.maven.surefire.junitplatform.JUnitPlatformProvider.invoke(JUnitPlatformProvider.java:124)
	at org.apache.maven.surefire.booter.ForkedBooter.runSuitesInProcess(ForkedBooter.java:428)
	at org.apache.maven.surefire.booter.ForkedBooter.execute(ForkedBooter.java:162)
	at org.apache.maven.surefire.booter.ForkedBooter.run(ForkedBooter.java:562)
	at org.apache.maven.surefire.booter.ForkedBooter.main(ForkedBooter.java:548)
2023-04-19 02:33:12,885 [SCMBlockDeletingService#0] DEBUG block.SCMBlockDeletingService (SCMBlockDeletingService.java:shouldRun(251)) - Check scm block delete run: true serviceStatus: RUNNING safemodeExitRunDelayMillis: 3000 alreadyWaitTimeInMillis: 22879
2023-04-19 02:33:12,885 [SCMBlockDeletingService#0] DEBUG block.SCMBlockDeletingService (SCMBlockDeletingService.java:call(154)) - Running DeletedBlockTransactionScanner
2023-04-19 02:33:12,911 [BlockDeletingService#2] INFO  interfaces.ContainerDeletionChoosingPolicyTemplate (ContainerDeletionChoosingPolicyTemplate.java:chooseContainerForBlockDeletion(83)) - Chosen 0/5000 blocks from 0 candidate containers.
2023-04-19 02:33:12,912 [BlockDeletingService#3] INFO  interfaces.ContainerDeletionChoosingPolicyTemplate (ContainerDeletionChoosingPolicyTemplate.java:chooseContainerForBlockDeletion(83)) - Chosen 0/5000 blocks from 0 candidate containers.
2023-04-19 02:33:12,916 [BlockDeletingService#7] INFO  interfaces.ContainerDeletionChoosingPolicyTemplate (ContainerDeletionChoosingPolicyTemplate.java:chooseContainerForBlockDeletion(83)) - Chosen 0/5000 blocks from 0 candidate containers.
2023-04-19 02:33:12,985 [SCMBlockDeletingService#0] DEBUG block.SCMBlockDeletingService (SCMBlockDeletingService.java:shouldRun(251)) - Check scm block delete run: true serviceStatus: RUNNING safemodeExitRunDelayMillis: 3000 alreadyWaitTimeInMillis: 22979
2023-04-19 02:33:12,986 [SCMBlockDeletingService#0] DEBUG block.SCMBlockDeletingService (SCMBlockDeletingService.java:call(154)) - Running DeletedBlockTransactionScanner
2023-04-19 02:33:13,012 [BlockDeletingService#2] INFO  interfaces.ContainerDeletionChoosingPolicyTemplate (ContainerDeletionChoosingPolicyTemplate.java:chooseContainerForBlockDeletion(83)) - Chosen 0/5000 blocks from 0 candidate containers.
2023-04-19 02:33:13,012 [BlockDeletingService#3] INFO  interfaces.ContainerDeletionChoosingPolicyTemplate (ContainerDeletionChoosingPolicyTemplate.java:chooseContainerForBlockDeletion(83)) - Chosen 0/5000 blocks from 0 candidate containers.
2023-04-19 02:33:13,016 [BlockDeletingService#7] INFO  interfaces.ContainerDeletionChoosingPolicyTemplate (ContainerDeletionChoosingPolicyTemplate.java:chooseContainerForBlockDeletion(83)) - Chosen 0/5000 blocks from 0 candidate containers.
2023-04-19 02:33:13,085 [SCMBlockDeletingService#0] DEBUG block.SCMBlockDeletingService (SCMBlockDeletingService.java:shouldRun(251)) - Check scm block delete run: true serviceStatus: RUNNING safemodeExitRunDelayMillis: 3000 alreadyWaitTimeInMillis: 23079
2023-04-19 02:33:13,085 [SCMBlockDeletingService#0] DEBUG block.SCMBlockDeletingService (SCMBlockDeletingService.java:call(154)) - Running DeletedBlockTransactionScanner
2023-04-19 02:33:13,112 [BlockDeletingService#2] INFO  interfaces.ContainerDeletionChoosingPolicyTemplate (ContainerDeletionChoosingPolicyTemplate.java:chooseContainerForBlockDeletion(83)) - Chosen 0/5000 blocks from 0 candidate containers.
2023-04-19 02:33:13,112 [BlockDeletingService#3] INFO  interfaces.ContainerDeletionChoosingPolicyTemplate (ContainerDeletionChoosingPolicyTemplate.java:chooseContainerForBlockDeletion(83)) - Chosen 0/5000 blocks from 0 candidate containers.
2023-04-19 02:33:13,117 [BlockDeletingService#7] INFO  interfaces.ContainerDeletionChoosingPolicyTemplate (ContainerDeletionChoosingPolicyTemplate.java:chooseContainerForBlockDeletion(83)) - Chosen 0/5000 blocks from 0 candidate containers.
2023-04-19 02:33:13,185 [SCMBlockDeletingService#0] DEBUG block.SCMBlockDeletingService (SCMBlockDeletingService.java:shouldRun(251)) - Check scm block delete run: true serviceStatus: RUNNING safemodeExitRunDelayMillis: 3000 alreadyWaitTimeInMillis: 23179
2023-04-19 02:33:13,186 [SCMBlockDeletingService#0] DEBUG block.SCMBlockDeletingService (SCMBlockDeletingService.java:call(154)) - Running DeletedBlockTransactionScanner
2023-04-19 02:33:13,212 [BlockDeletingService#2] INFO  interfaces.ContainerDeletionChoosingPolicyTemplate (ContainerDeletionChoosingPolicyTemplate.java:chooseContainerForBlockDeletion(83)) - Chosen 0/5000 blocks from 0 candidate containers.
2023-04-19 02:33:13,213 [BlockDeletingService#3] INFO  interfaces.ContainerDeletionChoosingPolicyTemplate (ContainerDeletionChoosingPolicyTemplate.java:chooseContainerForBlockDeletion(83)) - Chosen 0/5000 blocks from 0 candidate containers.
2023-04-19 02:33:13,217 [BlockDeletingService#7] INFO  interfaces.ContainerDeletionChoosingPolicyTemplate (ContainerDeletionChoosingPolicyTemplate.java:chooseContainerForBlockDeletion(83)) - Chosen 0/5000 blocks from 0 candidate containers.
2023-04-19 02:33:13,285 [SCMBlockDeletingService#0] DEBUG block.SCMBlockDeletingService (SCMBlockDeletingService.java:shouldRun(251)) - Check scm block delete run: true serviceStatus: RUNNING safemodeExitRunDelayMillis: 3000 alreadyWaitTimeInMillis: 23279
2023-04-19 02:33:13,286 [SCMBlockDeletingService#0] DEBUG block.SCMBlockDeletingService (SCMBlockDeletingService.java:call(154)) - Running DeletedBlockTransactionScanner
2023-04-19 02:33:13,313 [BlockDeletingService#2] INFO  interfaces.ContainerDeletionChoosingPolicyTemplate (ContainerDeletionChoosingPolicyTemplate.java:chooseContainerForBlockDeletion(83)) - Chosen 0/5000 blocks from 0 candidate containers.
2023-04-19 02:33:13,313 [BlockDeletingService#3] INFO  interfaces.ContainerDeletionChoosingPolicyTemplate (ContainerDeletionChoosingPolicyTemplate.java:chooseContainerForBlockDeletion(83)) - Chosen 0/5000 blocks from 0 candidate containers.
2023-04-19 02:33:13,317 [BlockDeletingService#7] INFO  interfaces.ContainerDeletionChoosingPolicyTemplate (ContainerDeletionChoosingPolicyTemplate.java:chooseContainerForBlockDeletion(83)) - Chosen 0/5000 blocks from 0 candidate containers.
2023-04-19 02:33:13,386 [SCMBlockDeletingService#0] DEBUG block.SCMBlockDeletingService (SCMBlockDeletingService.java:shouldRun(251)) - Check scm block delete run: true serviceStatus: RUNNING safemodeExitRunDelayMillis: 3000 alreadyWaitTimeInMillis: 23380
2023-04-19 02:33:13,386 [SCMBlockDeletingService#0] DEBUG block.SCMBlockDeletingService (SCMBlockDeletingService.java:call(154)) - Running DeletedBlockTransactionScanner
2023-04-19 02:33:13,413 [BlockDeletingService#2] INFO  interfaces.ContainerDeletionChoosingPolicyTemplate (ContainerDeletionChoosingPolicyTemplate.java:chooseContainerForBlockDeletion(83)) - Chosen 0/5000 blocks from 0 candidate containers.
2023-04-19 02:33:13,413 [BlockDeletingService#3] INFO  interfaces.ContainerDeletionChoosingPolicyTemplate (ContainerDeletionChoosingPolicyTemplate.java:chooseContainerForBlockDeletion(83)) - Chosen 0/5000 blocks from 0 candidate containers.
2023-04-19 02:33:13,417 [BlockDeletingService#7] INFO  interfaces.ContainerDeletionChoosingPolicyTemplate (ContainerDeletionChoosingPolicyTemplate.java:chooseContainerForBlockDeletion(83)) - Chosen 0/5000 blocks from 0 candidate containers.
2023-04-19 02:33:13,486 [SCMBlockDeletingService#0] DEBUG block.SCMBlockDeletingService (SCMBlockDeletingService.java:shouldRun(251)) - Check scm block delete run: true serviceStatus: RUNNING safemodeExitRunDelayMillis: 3000 alreadyWaitTimeInMillis: 23480
2023-04-19 02:33:13,486 [SCMBlockDeletingService#0] DEBUG block.SCMBlockDeletingService (SCMBlockDeletingService.java:call(154)) - Running DeletedBlockTransactionScanner
2023-04-19 02:33:13,513 [BlockDeletingService#2] INFO  interfaces.ContainerDeletionChoosingPolicyTemplate (ContainerDeletionChoosingPolicyTemplate.java:chooseContainerForBlockDeletion(83)) - Chosen 0/5000 blocks from 0 candidate containers.
2023-04-19 02:33:13,513 [BlockDeletingService#3] INFO  interfaces.ContainerDeletionChoosingPolicyTemplate (ContainerDeletionChoosingPolicyTemplate.java:chooseContainerForBlockDeletion(83)) - Chosen 0/5000 blocks from 0 candidate containers.
2023-04-19 02:33:13,517 [BlockDeletingService#7] INFO  interfaces.ContainerDeletionChoosingPolicyTemplate (ContainerDeletionChoosingPolicyTemplate.java:chooseContainerForBlockDeletion(83)) - Chosen 0/5000 blocks from 0 candidate containers.
2023-04-19 02:33:13,586 [SCMBlockDeletingService#0] DEBUG block.SCMBlockDeletingService (SCMBlockDeletingService.java:shouldRun(251)) - Check scm block delete run: true serviceStatus: RUNNING safemodeExitRunDelayMillis: 3000 alreadyWaitTimeInMillis: 23580
2023-04-19 02:33:13,586 [SCMBlockDeletingService#0] DEBUG block.SCMBlockDeletingService (SCMBlockDeletingService.java:call(154)) - Running DeletedBlockTransactionScanner
2023-04-19 02:33:13,613 [BlockDeletingService#2] INFO  interfaces.ContainerDeletionChoosingPolicyTemplate (ContainerDeletionChoosingPolicyTemplate.java:chooseContainerForBlockDeletion(83)) - Chosen 0/5000 blocks from 0 candidate containers.
2023-04-19 02:33:13,614 [BlockDeletingService#3] INFO  interfaces.ContainerDeletionChoosingPolicyTemplate (ContainerDeletionChoosingPolicyTemplate.java:chooseContainerForBlockDeletion(83)) - Chosen 0/5000 blocks from 0 candidate containers.
2023-04-19 02:33:13,617 [BlockDeletingService#7] INFO  interfaces.ContainerDeletionChoosingPolicyTemplate (ContainerDeletionChoosingPolicyTemplate.java:chooseContainerForBlockDeletion(83)) - Chosen 0/5000 blocks from 0 candidate containers.
2023-04-19 02:33:13,686 [SCMBlockDeletingService#0] DEBUG block.SCMBlockDeletingService (SCMBlockDeletingService.java:shouldRun(251)) - Check scm block delete run: true serviceStatus: RUNNING safemodeExitRunDelayMillis: 3000 alreadyWaitTimeInMillis: 23680
2023-04-19 02:33:13,686 [SCMBlockDeletingService#0] DEBUG block.SCMBlockDeletingService (SCMBlockDeletingService.java:call(154)) - Running DeletedBlockTransactionScanner
2023-04-19 02:33:13,714 [BlockDeletingService#2] INFO  interfaces.ContainerDeletionChoosingPolicyTemplate (ContainerDeletionChoosingPolicyTemplate.java:chooseContainerForBlockDeletion(83)) - Chosen 0/5000 blocks from 0 candidate containers.
2023-04-19 02:33:13,714 [BlockDeletingService#3] INFO  interfaces.ContainerDeletionChoosingPolicyTemplate (ContainerDeletionChoosingPolicyTemplate.java:chooseContainerForBlockDeletion(83)) - Chosen 0/5000 blocks from 0 candidate containers.
2023-04-19 02:33:13,718 [BlockDeletingService#7] INFO  interfaces.ContainerDeletionChoosingPolicyTemplate (ContainerDeletionChoosingPolicyTemplate.java:chooseContainerForBlockDeletion(83)) - Chosen 0/5000 blocks from 0 candidate containers.
2023-04-19 02:33:13,786 [SCMBlockDeletingService#0] DEBUG block.SCMBlockDeletingService (SCMBlockDeletingService.java:shouldRun(251)) - Check scm block delete run: true serviceStatus: RUNNING safemodeExitRunDelayMillis: 3000 alreadyWaitTimeInMillis: 23780
2023-04-19 02:33:13,786 [SCMBlockDeletingService#0] DEBUG block.SCMBlockDeletingService (SCMBlockDeletingService.java:call(154)) - Running DeletedBlockTransactionScanner
2023-04-19 02:33:13,814 [BlockDeletingService#2] INFO  interfaces.ContainerDeletionChoosingPolicyTemplate (ContainerDeletionChoosingPolicyTemplate.java:chooseContainerForBlockDeletion(83)) - Chosen 0/5000 blocks from 0 candidate containers.
2023-04-19 02:33:13,814 [BlockDeletingService#3] INFO  interfaces.ContainerDeletionChoosingPolicyTemplate (ContainerDeletionChoosingPolicyTemplate.java:chooseContainerForBlockDeletion(83)) - Chosen 0/5000 blocks from 0 candidate containers.
2023-04-19 02:33:13,818 [BlockDeletingService#7] INFO  interfaces.ContainerDeletionChoosingPolicyTemplate (ContainerDeletionChoosingPolicyTemplate.java:chooseContainerForBlockDeletion(83)) - Chosen 0/5000 blocks from 0 candidate containers.
2023-04-19 02:33:13,886 [SCMBlockDeletingService#0] DEBUG block.SCMBlockDeletingService (SCMBlockDeletingService.java:shouldRun(251)) - Check scm block delete run: true serviceStatus: RUNNING safemodeExitRunDelayMillis: 3000 alreadyWaitTimeInMillis: 23880
2023-04-19 02:33:13,886 [SCMBlockDeletingService#0] DEBUG block.SCMBlockDeletingService (SCMBlockDeletingService.java:call(154)) - Running DeletedBlockTransactionScanner
2023-04-19 02:33:13,914 [BlockDeletingService#2] INFO  interfaces.ContainerDeletionChoosingPolicyTemplate (ContainerDeletionChoosingPolicyTemplate.java:chooseContainerForBlockDeletion(83)) - Chosen 0/5000 blocks from 0 candidate containers.
2023-04-19 02:33:13,914 [BlockDeletingService#3] INFO  interfaces.ContainerDeletionChoosingPolicyTemplate (ContainerDeletionChoosingPolicyTemplate.java:chooseContainerForBlockDeletion(83)) - Chosen 0/5000 blocks from 0 candidate containers.
2023-04-19 02:33:13,918 [BlockDeletingService#7] INFO  interfaces.ContainerDeletionChoosingPolicyTemplate (ContainerDeletionChoosingPolicyTemplate.java:chooseContainerForBlockDeletion(83)) - Chosen 0/5000 blocks from 0 candidate containers.
2023-04-19 02:33:13,986 [SCMBlockDeletingService#0] DEBUG block.SCMBlockDeletingService (SCMBlockDeletingService.java:shouldRun(251)) - Check scm block delete run: true serviceStatus: RUNNING safemodeExitRunDelayMillis: 3000 alreadyWaitTimeInMillis: 23980
2023-04-19 02:33:13,986 [SCMBlockDeletingService#0] DEBUG block.SCMBlockDeletingService (SCMBlockDeletingService.java:call(154)) - Running DeletedBlockTransactionScanner
2023-04-19 02:33:14,015 [BlockDeletingService#2] INFO  interfaces.ContainerDeletionChoosingPolicyTemplate (ContainerDeletionChoosingPolicyTemplate.java:chooseContainerForBlockDeletion(83)) - Chosen 0/5000 blocks from 0 candidate containers.
2023-04-19 02:33:14,015 [BlockDeletingService#3] INFO  interfaces.ContainerDeletionChoosingPolicyTemplate (ContainerDeletionChoosingPolicyTemplate.java:chooseContainerForBlockDeletion(83)) - Chosen 0/5000 blocks from 0 candidate containers.
2023-04-19 02:33:14,018 [BlockDeletingService#7] INFO  interfaces.ContainerDeletionChoosingPolicyTemplate (ContainerDeletionChoosingPolicyTemplate.java:chooseContainerForBlockDeletion(83)) - Chosen 0/5000 blocks from 0 candidate containers.
2023-04-19 02:33:14,086 [SCMBlockDeletingService#0] DEBUG block.SCMBlockDeletingService (SCMBlockDeletingService.java:shouldRun(251)) - Check scm block delete run: true serviceStatus: RUNNING safemodeExitRunDelayMillis: 3000 alreadyWaitTimeInMillis: 24080
2023-04-19 02:33:14,086 [SCMBlockDeletingService#0] DEBUG block.SCMBlockDeletingService (SCMBlockDeletingService.java:call(154)) - Running DeletedBlockTransactionScanner
2023-04-19 02:33:14,115 [BlockDeletingService#2] INFO  interfaces.ContainerDeletionChoosingPolicyTemplate (ContainerDeletionChoosingPolicyTemplate.java:chooseContainerForBlockDeletion(83)) - Chosen 0/5000 blocks from 0 candidate containers.
2023-04-19 02:33:14,115 [BlockDeletingService#3] INFO  interfaces.ContainerDeletionChoosingPolicyTemplate (ContainerDeletionChoosingPolicyTemplate.java:chooseContainerForBlockDeletion(83)) - Chosen 0/5000 blocks from 0 candidate containers.
2023-04-19 02:33:14,118 [BlockDeletingService#7] INFO  interfaces.ContainerDeletionChoosingPolicyTemplate (ContainerDeletionChoosingPolicyTemplate.java:chooseContainerForBlockDeletion(83)) - Chosen 0/5000 blocks from 0 candidate containers.
2023-04-19 02:33:14,186 [SCMBlockDeletingService#0] DEBUG block.SCMBlockDeletingService (SCMBlockDeletingService.java:shouldRun(251)) - Check scm block delete run: true serviceStatus: RUNNING safemodeExitRunDelayMillis: 3000 alreadyWaitTimeInMillis: 24180
2023-04-19 02:33:14,186 [SCMBlockDeletingService#0] DEBUG block.SCMBlockDeletingService (SCMBlockDeletingService.java:call(154)) - Running DeletedBlockTransactionScanner
2023-04-19 02:33:14,215 [BlockDeletingService#2] INFO  interfaces.ContainerDeletionChoosingPolicyTemplate (ContainerDeletionChoosingPolicyTemplate.java:chooseContainerForBlockDeletion(83)) - Chosen 0/5000 blocks from 0 candidate containers.
2023-04-19 02:33:14,215 [BlockDeletingService#3] INFO  interfaces.ContainerDeletionChoosingPolicyTemplate (ContainerDeletionChoosingPolicyTemplate.java:chooseContainerForBlockDeletion(83)) - Chosen 0/5000 blocks from 0 candidate containers.
2023-04-19 02:33:14,218 [BlockDeletingService#7] INFO  interfaces.ContainerDeletionChoosingPolicyTemplate (ContainerDeletionChoosingPolicyTemplate.java:chooseContainerForBlockDeletion(83)) - Chosen 0/5000 blocks from 0 candidate containers.
2023-04-19 02:33:14,286 [SCMBlockDeletingService#0] DEBUG block.SCMBlockDeletingService (SCMBlockDeletingService.java:shouldRun(251)) - Check scm block delete run: true serviceStatus: RUNNING safemodeExitRunDelayMillis: 3000 alreadyWaitTimeInMillis: 24280
2023-04-19 02:33:14,286 [SCMBlockDeletingService#0] DEBUG block.SCMBlockDeletingService (SCMBlockDeletingService.java:call(154)) - Running DeletedBlockTransactionScanner
2023-04-19 02:33:14,315 [BlockDeletingService#2] INFO  interfaces.ContainerDeletionChoosingPolicyTemplate (ContainerDeletionChoosingPolicyTemplate.java:chooseContainerForBlockDeletion(83)) - Chosen 0/5000 blocks from 0 candidate containers.
2023-04-19 02:33:14,316 [BlockDeletingService#3] INFO  interfaces.ContainerDeletionChoosingPolicyTemplate (ContainerDeletionChoosingPolicyTemplate.java:chooseContainerForBlockDeletion(83)) - Chosen 0/5000 blocks from 0 candidate containers.
2023-04-19 02:33:14,318 [BlockDeletingService#7] INFO  interfaces.ContainerDeletionChoosingPolicyTemplate (ContainerDeletionChoosingPolicyTemplate.java:chooseContainerForBlockDeletion(83)) - Chosen 0/5000 blocks from 0 candidate containers.
2023-04-19 02:33:14,386 [SCMBlockDeletingService#0] DEBUG block.SCMBlockDeletingService (SCMBlockDeletingService.java:shouldRun(251)) - Check scm block delete run: true serviceStatus: RUNNING safemodeExitRunDelayMillis: 3000 alreadyWaitTimeInMillis: 24380
2023-04-19 02:33:14,387 [SCMBlockDeletingService#0] DEBUG block.SCMBlockDeletingService (SCMBlockDeletingService.java:call(154)) - Running DeletedBlockTransactionScanner
2023-04-19 02:33:14,416 [BlockDeletingService#2] INFO  interfaces.ContainerDeletionChoosingPolicyTemplate (ContainerDeletionChoosingPolicyTemplate.java:chooseContainerForBlockDeletion(83)) - Chosen 0/5000 blocks from 0 candidate containers.
2023-04-19 02:33:14,416 [BlockDeletingService#3] INFO  interfaces.ContainerDeletionChoosingPolicyTemplate (ContainerDeletionChoosingPolicyTemplate.java:chooseContainerForBlockDeletion(83)) - Chosen 0/5000 blocks from 0 candidate containers.
2023-04-19 02:33:14,418 [BlockDeletingService#7] INFO  interfaces.ContainerDeletionChoosingPolicyTemplate (ContainerDeletionChoosingPolicyTemplate.java:chooseContainerForBlockDeletion(83)) - Chosen 0/5000 blocks from 0 candidate containers.
2023-04-19 02:33:14,487 [SCMBlockDeletingService#0] DEBUG block.SCMBlockDeletingService (SCMBlockDeletingService.java:shouldRun(251)) - Check scm block delete run: true serviceStatus: RUNNING safemodeExitRunDelayMillis: 3000 alreadyWaitTimeInMillis: 24481
2023-04-19 02:33:14,487 [SCMBlockDeletingService#0] DEBUG block.SCMBlockDeletingService (SCMBlockDeletingService.java:call(154)) - Running DeletedBlockTransactionScanner
2023-04-19 02:33:14,516 [BlockDeletingService#2] INFO  interfaces.ContainerDeletionChoosingPolicyTemplate (ContainerDeletionChoosingPolicyTemplate.java:chooseContainerForBlockDeletion(83)) - Chosen 0/5000 blocks from 0 candidate containers.
2023-04-19 02:33:14,516 [BlockDeletingService#3] INFO  interfaces.ContainerDeletionChoosingPolicyTemplate (ContainerDeletionChoosingPolicyTemplate.java:chooseContainerForBlockDeletion(83)) - Chosen 0/5000 blocks from 0 candidate containers.
2023-04-19 02:33:14,519 [BlockDeletingService#7] INFO  interfaces.ContainerDeletionChoosingPolicyTemplate (ContainerDeletionChoosingPolicyTemplate.java:chooseContainerForBlockDeletion(83)) - Chosen 0/5000 blocks from 0 candidate containers.
2023-04-19 02:33:14,587 [SCMBlockDeletingService#0] DEBUG block.SCMBlockDeletingService (SCMBlockDeletingService.java:shouldRun(251)) - Check scm block delete run: true serviceStatus: RUNNING safemodeExitRunDelayMillis: 3000 alreadyWaitTimeInMillis: 24581
2023-04-19 02:33:14,587 [SCMBlockDeletingService#0] DEBUG block.SCMBlockDeletingService (SCMBlockDeletingService.java:call(154)) - Running DeletedBlockTransactionScanner
2023-04-19 02:33:14,616 [BlockDeletingService#2] INFO  interfaces.ContainerDeletionChoosingPolicyTemplate (ContainerDeletionChoosingPolicyTemplate.java:chooseContainerForBlockDeletion(83)) - Chosen 0/5000 blocks from 0 candidate containers.
2023-04-19 02:33:14,616 [BlockDeletingService#3] INFO  interfaces.ContainerDeletionChoosingPolicyTemplate (ContainerDeletionChoosingPolicyTemplate.java:chooseContainerForBlockDeletion(83)) - Chosen 0/5000 blocks from 0 candidate containers.
2023-04-19 02:33:14,619 [BlockDeletingService#7] INFO  interfaces.ContainerDeletionChoosingPolicyTemplate (ContainerDeletionChoosingPolicyTemplate.java:chooseContainerForBlockDeletion(83)) - Chosen 0/5000 blocks from 0 candidate containers.
2023-04-19 02:33:14,687 [SCMBlockDeletingService#0] DEBUG block.SCMBlockDeletingService (SCMBlockDeletingService.java:shouldRun(251)) - Check scm block delete run: true serviceStatus: RUNNING safemodeExitRunDelayMillis: 3000 alreadyWaitTimeInMillis: 24681
2023-04-19 02:33:14,687 [SCMBlockDeletingService#0] DEBUG block.SCMBlockDeletingService (SCMBlockDeletingService.java:call(154)) - Running DeletedBlockTransactionScanner
2023-04-19 02:33:14,716 [BlockDeletingService#2] INFO  interfaces.ContainerDeletionChoosingPolicyTemplate (ContainerDeletionChoosingPolicyTemplate.java:chooseContainerForBlockDeletion(83)) - Chosen 0/5000 blocks from 0 candidate containers.
2023-04-19 02:33:14,716 [BlockDeletingService#3] INFO  interfaces.ContainerDeletionChoosingPolicyTemplate (ContainerDeletionChoosingPolicyTemplate.java:chooseContainerForBlockDeletion(83)) - Chosen 0/5000 blocks from 0 candidate containers.
2023-04-19 02:33:14,719 [BlockDeletingService#7] INFO  interfaces.ContainerDeletionChoosingPolicyTemplate (ContainerDeletionChoosingPolicyTemplate.java:chooseContainerForBlockDeletion(83)) - Chosen 0/5000 blocks from 0 candidate containers.
2023-04-19 02:33:14,787 [SCMBlockDeletingService#0] DEBUG block.SCMBlockDeletingService (SCMBlockDeletingService.java:shouldRun(251)) - Check scm block delete run: true serviceStatus: RUNNING safemodeExitRunDelayMillis: 3000 alreadyWaitTimeInMillis: 24781
2023-04-19 02:33:14,787 [SCMBlockDeletingService#0] DEBUG block.SCMBlockDeletingService (SCMBlockDeletingService.java:call(154)) - Running DeletedBlockTransactionScanner
2023-04-19 02:33:14,817 [BlockDeletingService#2] INFO  interfaces.ContainerDeletionChoosingPolicyTemplate (ContainerDeletionChoosingPolicyTemplate.java:chooseContainerForBlockDeletion(83)) - Chosen 0/5000 blocks from 0 candidate containers.
2023-04-19 02:33:14,817 [BlockDeletingService#3] INFO  interfaces.ContainerDeletionChoosingPolicyTemplate (ContainerDeletionChoosingPolicyTemplate.java:chooseContainerForBlockDeletion(83)) - Chosen 0/5000 blocks from 0 candidate containers.
2023-04-19 02:33:14,819 [BlockDeletingService#7] INFO  interfaces.ContainerDeletionChoosingPolicyTemplate (ContainerDeletionChoosingPolicyTemplate.java:chooseContainerForBlockDeletion(83)) - Chosen 0/5000 blocks from 0 candidate containers.
2023-04-19 02:33:14,842 [Listener at 127.0.0.1/44187] WARN  commandhandler.TestBlockDeletion (TestBlockDeletion.java:lambda$testBlockDeletion$4(265)) - Verify blocks deletion failed
org.opentest4j.AssertionFailedError: expected: <null> but was: <[blockId=conID: 1 locID: 111677748019200001 bcsId: 16, size=4194304]>
	at org.junit.jupiter.api.AssertionUtils.fail(AssertionUtils.java:55)
	at org.junit.jupiter.api.AssertNull.failNotNull(AssertNull.java:54)
	at org.junit.jupiter.api.AssertNull.assertNull(AssertNull.java:38)
	at org.junit.jupiter.api.AssertNull.assertNull(AssertNull.java:33)
	at org.junit.jupiter.api.Assertions.assertNull(Assertions.java:275)
	at org.apache.hadoop.ozone.container.common.statemachine.commandhandler.TestBlockDeletion.lambda$verifyBlocksDeleted$17(TestBlockDeletion.java:484)
	at org.apache.hadoop.ozone.OzoneTestUtils.performOperationOnKeyContainers(OzoneTestUtils.java:140)
	at org.apache.hadoop.ozone.container.common.statemachine.commandhandler.TestBlockDeletion.verifyBlocksDeleted(TestBlockDeletion.java:474)
	at org.apache.hadoop.ozone.container.common.statemachine.commandhandler.TestBlockDeletion.lambda$testBlockDeletion$4(TestBlockDeletion.java:262)
	at org.apache.ozone.test.GenericTestUtils.waitFor(GenericTestUtils.java:225)
	at org.apache.hadoop.ozone.container.common.statemachine.commandhandler.TestBlockDeletion.testBlockDeletion(TestBlockDeletion.java:260)
	at sun.reflect.NativeMethodAccessorImpl.invoke0(Native Method)
	at sun.reflect.NativeMethodAccessorImpl.invoke(NativeMethodAccessorImpl.java:62)
	at sun.reflect.DelegatingMethodAccessorImpl.invoke(DelegatingMethodAccessorImpl.java:43)
	at java.lang.reflect.Method.invoke(Method.java:498)
	at org.junit.platform.commons.util.ReflectionUtils.invokeMethod(ReflectionUtils.java:725)
	at org.junit.jupiter.engine.execution.MethodInvocation.proceed(MethodInvocation.java:60)
	at org.junit.jupiter.engine.execution.InvocationInterceptorChain$ValidatingInvocation.proceed(InvocationInterceptorChain.java:131)
	at org.junit.jupiter.engine.extension.TimeoutExtension.intercept(TimeoutExtension.java:149)
	at org.junit.jupiter.engine.extension.TimeoutExtension.interceptTestableMethod(TimeoutExtension.java:140)
	at org.junit.jupiter.engine.extension.TimeoutExtension.interceptTestTemplateMethod(TimeoutExtension.java:92)
	at org.junit.jupiter.engine.execution.ExecutableInvoker$ReflectiveInterceptorCall.lambda$ofVoidMethod$0(ExecutableInvoker.java:115)
	at org.junit.jupiter.engine.execution.ExecutableInvoker.lambda$invoke$0(ExecutableInvoker.java:105)
	at org.junit.jupiter.engine.execution.InvocationInterceptorChain$InterceptedInvocation.proceed(InvocationInterceptorChain.java:106)
	at org.junit.jupiter.engine.execution.InvocationInterceptorChain.proceed(InvocationInterceptorChain.java:64)
	at org.junit.jupiter.engine.execution.InvocationInterceptorChain.chainAndInvoke(InvocationInterceptorChain.java:45)
	at org.junit.jupiter.engine.execution.InvocationInterceptorChain.invoke(InvocationInterceptorChain.java:37)
	at org.junit.jupiter.engine.execution.ExecutableInvoker.invoke(ExecutableInvoker.java:104)
	at org.junit.jupiter.engine.execution.ExecutableInvoker.invoke(ExecutableInvoker.java:98)
	at org.junit.jupiter.engine.descriptor.TestMethodTestDescriptor.lambda$invokeTestMethod$7(TestMethodTestDescriptor.java:214)
	at org.junit.platform.engine.support.hierarchical.ThrowableCollector.execute(ThrowableCollector.java:73)
	at org.junit.jupiter.engine.descriptor.TestMethodTestDescriptor.invokeTestMethod(TestMethodTestDescriptor.java:210)
	at org.junit.jupiter.engine.descriptor.TestMethodTestDescriptor.execute(TestMethodTestDescriptor.java:135)
	at org.junit.jupiter.engine.descriptor.TestMethodTestDescriptor.execute(TestMethodTestDescriptor.java:66)
	at org.junit.platform.engine.support.hierarchical.NodeTestTask.lambda$executeRecursively$6(NodeTestTask.java:151)
	at org.junit.platform.engine.support.hierarchical.ThrowableCollector.execute(ThrowableCollector.java:73)
	at org.junit.platform.engine.support.hierarchical.NodeTestTask.lambda$executeRecursively$8(NodeTestTask.java:141)
	at org.junit.platform.engine.support.hierarchical.Node.around(Node.java:137)
	at org.junit.platform.engine.support.hierarchical.NodeTestTask.lambda$executeRecursively$9(NodeTestTask.java:139)
	at org.junit.platform.engine.support.hierarchical.ThrowableCollector.execute(ThrowableCollector.java:73)
	at org.junit.platform.engine.support.hierarchical.NodeTestTask.executeRecursively(NodeTestTask.java:138)
	at org.junit.platform.engine.support.hierarchical.NodeTestTask.execute(NodeTestTask.java:95)
	at org.junit.platform.engine.support.hierarchical.SameThreadHierarchicalTestExecutorService.submit(SameThreadHierarchicalTestExecutorService.java:35)
	at org.junit.platform.engine.support.hierarchical.NodeTestTask$DefaultDynamicTestExecutor.execute(NodeTestTask.java:226)
	at org.junit.platform.engine.support.hierarchical.NodeTestTask$DefaultDynamicTestExecutor.execute(NodeTestTask.java:204)
	at org.junit.jupiter.engine.descriptor.TestTemplateTestDescriptor.execute(TestTemplateTestDescriptor.java:139)
	at org.junit.jupiter.engine.descriptor.TestTemplateTestDescriptor.lambda$execute$2(TestTemplateTestDescriptor.java:107)
	at java.util.stream.ForEachOps$ForEachOp$OfRef.accept(ForEachOps.java:183)
	at java.util.stream.ReferencePipeline$3$1.accept(ReferencePipeline.java:193)
	at java.util.stream.ReferencePipeline$2$1.accept(ReferencePipeline.java:175)
	at java.util.stream.ReferencePipeline$3$1.accept(ReferencePipeline.java:193)
	at java.util.stream.ForEachOps$ForEachOp$OfRef.accept(ForEachOps.java:183)
	at java.util.stream.ReferencePipeline$3$1.accept(ReferencePipeline.java:193)
	at java.util.stream.ReferencePipeline$3$1.accept(ReferencePipeline.java:193)
	at java.util.stream.ReferencePipeline$3$1.accept(ReferencePipeline.java:193)
	at java.util.stream.ForEachOps$ForEachOp$OfRef.accept(ForEachOps.java:183)
	at java.util.stream.ReferencePipeline$3$1.accept(ReferencePipeline.java:193)
	at java.util.Spliterators$ArraySpliterator.forEachRemaining(Spliterators.java:948)
	at java.util.stream.ReferencePipeline$Head.forEach(ReferencePipeline.java:647)
	at java.util.stream.ReferencePipeline$7$1.accept(ReferencePipeline.java:272)
	at java.util.stream.ReferencePipeline$3$1.accept(ReferencePipeline.java:193)
	at java.util.stream.ReferencePipeline$3$1.accept(ReferencePipeline.java:193)
	at java.util.Spliterators$ArraySpliterator.forEachRemaining(Spliterators.java:948)
	at java.util.stream.AbstractPipeline.copyInto(AbstractPipeline.java:482)
	at java.util.stream.AbstractPipeline.wrapAndCopyInto(AbstractPipeline.java:472)
	at java.util.stream.ForEachOps$ForEachOp.evaluateSequential(ForEachOps.java:150)
	at java.util.stream.ForEachOps$ForEachOp$OfRef.evaluateSequential(ForEachOps.java:173)
	at java.util.stream.AbstractPipeline.evaluate(AbstractPipeline.java:234)
	at java.util.stream.ReferencePipeline.forEach(ReferencePipeline.java:485)
	at java.util.stream.ReferencePipeline$7$1.accept(ReferencePipeline.java:272)
	at java.util.stream.ReferencePipeline$3$1.accept(ReferencePipeline.java:193)
	at java.util.stream.ReferencePipeline$3$1.accept(ReferencePipeline.java:193)
	at java.util.stream.ReferencePipeline$3$1.accept(ReferencePipeline.java:193)
	at java.util.ArrayList$ArrayListSpliterator.forEachRemaining(ArrayList.java:1384)
	at java.util.stream.AbstractPipeline.copyInto(AbstractPipeline.java:482)
	at java.util.stream.AbstractPipeline.wrapAndCopyInto(AbstractPipeline.java:472)
	at java.util.stream.ForEachOps$ForEachOp.evaluateSequential(ForEachOps.java:150)
	at java.util.stream.ForEachOps$ForEachOp$OfRef.evaluateSequential(ForEachOps.java:173)
	at java.util.stream.AbstractPipeline.evaluate(AbstractPipeline.java:234)
	at java.util.stream.ReferencePipeline.forEach(ReferencePipeline.java:485)
	at java.util.stream.ReferencePipeline$7$1.accept(ReferencePipeline.java:272)
	at java.util.ArrayList$ArrayListSpliterator.forEachRemaining(ArrayList.java:1384)
	at java.util.stream.AbstractPipeline.copyInto(AbstractPipeline.java:482)
	at java.util.stream.AbstractPipeline.wrapAndCopyInto(AbstractPipeline.java:472)
	at java.util.stream.ForEachOps$ForEachOp.evaluateSequential(ForEachOps.java:150)
	at java.util.stream.ForEachOps$ForEachOp$OfRef.evaluateSequential(ForEachOps.java:173)
	at java.util.stream.AbstractPipeline.evaluate(AbstractPipeline.java:234)
	at java.util.stream.ReferencePipeline.forEach(ReferencePipeline.java:485)
	at org.junit.jupiter.engine.descriptor.TestTemplateTestDescriptor.execute(TestTemplateTestDescriptor.java:107)
	at org.junit.jupiter.engine.descriptor.TestTemplateTestDescriptor.execute(TestTemplateTestDescriptor.java:42)
	at org.junit.platform.engine.support.hierarchical.NodeTestTask.lambda$executeRecursively$6(NodeTestTask.java:151)
	at org.junit.platform.engine.support.hierarchical.ThrowableCollector.execute(ThrowableCollector.java:73)
	at org.junit.platform.engine.support.hierarchical.NodeTestTask.lambda$executeRecursively$8(NodeTestTask.java:141)
	at org.junit.platform.engine.support.hierarchical.Node.around(Node.java:137)
	at org.junit.platform.engine.support.hierarchical.NodeTestTask.lambda$executeRecursively$9(NodeTestTask.java:139)
	at org.junit.platform.engine.support.hierarchical.ThrowableCollector.execute(ThrowableCollector.java:73)
	at org.junit.platform.engine.support.hierarchical.NodeTestTask.executeRecursively(NodeTestTask.java:138)
	at org.junit.platform.engine.support.hierarchical.NodeTestTask.execute(NodeTestTask.java:95)
	at java.util.ArrayList.forEach(ArrayList.java:1259)
	at org.junit.platform.engine.support.hierarchical.SameThreadHierarchicalTestExecutorService.invokeAll(SameThreadHierarchicalTestExecutorService.java:41)
	at org.junit.platform.engine.support.hierarchical.NodeTestTask.lambda$executeRecursively$6(NodeTestTask.java:155)
	at org.junit.platform.engine.support.hierarchical.ThrowableCollector.execute(ThrowableCollector.java:73)
	at org.junit.platform.engine.support.hierarchical.NodeTestTask.lambda$executeRecursively$8(NodeTestTask.java:141)
	at org.junit.platform.engine.support.hierarchical.Node.around(Node.java:137)
	at org.junit.platform.engine.support.hierarchical.NodeTestTask.lambda$executeRecursively$9(NodeTestTask.java:139)
	at org.junit.platform.engine.support.hierarchical.ThrowableCollector.execute(ThrowableCollector.java:73)
	at org.junit.platform.engine.support.hierarchical.NodeTestTask.executeRecursively(NodeTestTask.java:138)
	at org.junit.platform.engine.support.hierarchical.NodeTestTask.execute(NodeTestTask.java:95)
	at java.util.ArrayList.forEach(ArrayList.java:1259)
	at org.junit.platform.engine.support.hierarchical.SameThreadHierarchicalTestExecutorService.invokeAll(SameThreadHierarchicalTestExecutorService.java:41)
	at org.junit.platform.engine.support.hierarchical.NodeTestTask.lambda$executeRecursively$6(NodeTestTask.java:155)
	at org.junit.platform.engine.support.hierarchical.ThrowableCollector.execute(ThrowableCollector.java:73)
	at org.junit.platform.engine.support.hierarchical.NodeTestTask.lambda$executeRecursively$8(NodeTestTask.java:141)
	at org.junit.platform.engine.support.hierarchical.Node.around(Node.java:137)
	at org.junit.platform.engine.support.hierarchical.NodeTestTask.lambda$executeRecursively$9(NodeTestTask.java:139)
	at org.junit.platform.engine.support.hierarchical.ThrowableCollector.execute(ThrowableCollector.java:73)
	at org.junit.platform.engine.support.hierarchical.NodeTestTask.executeRecursively(NodeTestTask.java:138)
	at org.junit.platform.engine.support.hierarchical.NodeTestTask.execute(NodeTestTask.java:95)
	at org.junit.platform.engine.support.hierarchical.SameThreadHierarchicalTestExecutorService.submit(SameThreadHierarchicalTestExecutorService.java:35)
	at org.junit.platform.engine.support.hierarchical.HierarchicalTestExecutor.execute(HierarchicalTestExecutor.java:57)
	at org.junit.platform.engine.support.hierarchical.HierarchicalTestEngine.execute(HierarchicalTestEngine.java:54)
	at org.junit.platform.launcher.core.EngineExecutionOrchestrator.execute(EngineExecutionOrchestrator.java:107)
	at org.junit.platform.launcher.core.EngineExecutionOrchestrator.execute(EngineExecutionOrchestrator.java:88)
	at org.junit.platform.launcher.core.EngineExecutionOrchestrator.lambda$execute$0(EngineExecutionOrchestrator.java:54)
	at org.junit.platform.launcher.core.EngineExecutionOrchestrator.withInterceptedStreams(EngineExecutionOrchestrator.java:67)
	at org.junit.platform.launcher.core.EngineExecutionOrchestrator.execute(EngineExecutionOrchestrator.java:52)
	at org.junit.platform.launcher.core.DefaultLauncher.execute(DefaultLauncher.java:114)
	at org.junit.platform.launcher.core.DefaultLauncher.execute(DefaultLauncher.java:86)
	at org.junit.platform.launcher.core.DefaultLauncherSession$DelegatingLauncher.execute(DefaultLauncherSession.java:86)
	at org.junit.platform.launcher.core.SessionPerRequestLauncher.execute(SessionPerRequestLauncher.java:53)
	at org.apache.maven.surefire.junitplatform.JUnitPlatformProvider.execute(JUnitPlatformProvider.java:188)
	at org.apache.maven.surefire.junitplatform.JUnitPlatformProvider.invokeAllTests(JUnitPlatformProvider.java:154)
	at org.apache.maven.surefire.junitplatform.JUnitPlatformProvider.invoke(JUnitPlatformProvider.java:124)
	at org.apache.maven.surefire.booter.ForkedBooter.runSuitesInProcess(ForkedBooter.java:428)
	at org.apache.maven.surefire.booter.ForkedBooter.execute(ForkedBooter.java:162)
	at org.apache.maven.surefire.booter.ForkedBooter.run(ForkedBooter.java:562)
	at org.apache.maven.surefire.booter.ForkedBooter.main(ForkedBooter.java:548)
2023-04-19 02:33:14,887 [SCMBlockDeletingService#0] DEBUG block.SCMBlockDeletingService (SCMBlockDeletingService.java:shouldRun(251)) - Check scm block delete run: true serviceStatus: RUNNING safemodeExitRunDelayMillis: 3000 alreadyWaitTimeInMillis: 24881
2023-04-19 02:33:14,887 [SCMBlockDeletingService#0] DEBUG block.SCMBlockDeletingService (SCMBlockDeletingService.java:call(154)) - Running DeletedBlockTransactionScanner
2023-04-19 02:33:14,917 [BlockDeletingService#2] INFO  interfaces.ContainerDeletionChoosingPolicyTemplate (ContainerDeletionChoosingPolicyTemplate.java:chooseContainerForBlockDeletion(83)) - Chosen 0/5000 blocks from 0 candidate containers.
2023-04-19 02:33:14,917 [BlockDeletingService#3] INFO  interfaces.ContainerDeletionChoosingPolicyTemplate (ContainerDeletionChoosingPolicyTemplate.java:chooseContainerForBlockDeletion(83)) - Chosen 0/5000 blocks from 0 candidate containers.
2023-04-19 02:33:14,919 [BlockDeletingService#7] INFO  interfaces.ContainerDeletionChoosingPolicyTemplate (ContainerDeletionChoosingPolicyTemplate.java:chooseContainerForBlockDeletion(83)) - Chosen 0/5000 blocks from 0 candidate containers.
2023-04-19 02:33:14,987 [SCMBlockDeletingService#0] DEBUG block.SCMBlockDeletingService (SCMBlockDeletingService.java:shouldRun(251)) - Check scm block delete run: true serviceStatus: RUNNING safemodeExitRunDelayMillis: 3000 alreadyWaitTimeInMillis: 24981
2023-04-19 02:33:14,987 [SCMBlockDeletingService#0] DEBUG block.SCMBlockDeletingService (SCMBlockDeletingService.java:call(154)) - Running DeletedBlockTransactionScanner
2023-04-19 02:33:15,017 [BlockDeletingService#2] INFO  interfaces.ContainerDeletionChoosingPolicyTemplate (ContainerDeletionChoosingPolicyTemplate.java:chooseContainerForBlockDeletion(83)) - Chosen 0/5000 blocks from 0 candidate containers.
2023-04-19 02:33:15,017 [BlockDeletingService#3] INFO  interfaces.ContainerDeletionChoosingPolicyTemplate (ContainerDeletionChoosingPolicyTemplate.java:chooseContainerForBlockDeletion(83)) - Chosen 0/5000 blocks from 0 candidate containers.
2023-04-19 02:33:15,020 [BlockDeletingService#7] INFO  interfaces.ContainerDeletionChoosingPolicyTemplate (ContainerDeletionChoosingPolicyTemplate.java:chooseContainerForBlockDeletion(83)) - Chosen 0/5000 blocks from 0 candidate containers.
2023-04-19 02:33:15,087 [SCMBlockDeletingService#0] DEBUG block.SCMBlockDeletingService (SCMBlockDeletingService.java:shouldRun(251)) - Check scm block delete run: true serviceStatus: RUNNING safemodeExitRunDelayMillis: 3000 alreadyWaitTimeInMillis: 25081
2023-04-19 02:33:15,087 [SCMBlockDeletingService#0] DEBUG block.SCMBlockDeletingService (SCMBlockDeletingService.java:call(154)) - Running DeletedBlockTransactionScanner
2023-04-19 02:33:15,117 [BlockDeletingService#2] INFO  interfaces.ContainerDeletionChoosingPolicyTemplate (ContainerDeletionChoosingPolicyTemplate.java:chooseContainerForBlockDeletion(83)) - Chosen 0/5000 blocks from 0 candidate containers.
2023-04-19 02:33:15,117 [BlockDeletingService#3] INFO  interfaces.ContainerDeletionChoosingPolicyTemplate (ContainerDeletionChoosingPolicyTemplate.java:chooseContainerForBlockDeletion(83)) - Chosen 0/5000 blocks from 0 candidate containers.
2023-04-19 02:33:15,120 [BlockDeletingService#7] INFO  interfaces.ContainerDeletionChoosingPolicyTemplate (ContainerDeletionChoosingPolicyTemplate.java:chooseContainerForBlockDeletion(83)) - Chosen 0/5000 blocks from 0 candidate containers.
2023-04-19 02:33:15,187 [SCMBlockDeletingService#0] DEBUG block.SCMBlockDeletingService (SCMBlockDeletingService.java:shouldRun(251)) - Check scm block delete run: true serviceStatus: RUNNING safemodeExitRunDelayMillis: 3000 alreadyWaitTimeInMillis: 25181
2023-04-19 02:33:15,187 [SCMBlockDeletingService#0] DEBUG block.SCMBlockDeletingService (SCMBlockDeletingService.java:call(154)) - Running DeletedBlockTransactionScanner
2023-04-19 02:33:15,218 [BlockDeletingService#2] INFO  interfaces.ContainerDeletionChoosingPolicyTemplate (ContainerDeletionChoosingPolicyTemplate.java:chooseContainerForBlockDeletion(83)) - Chosen 0/5000 blocks from 0 candidate containers.
2023-04-19 02:33:15,218 [BlockDeletingService#3] INFO  interfaces.ContainerDeletionChoosingPolicyTemplate (ContainerDeletionChoosingPolicyTemplate.java:chooseContainerForBlockDeletion(83)) - Chosen 0/5000 blocks from 0 candidate containers.
2023-04-19 02:33:15,220 [BlockDeletingService#7] INFO  interfaces.ContainerDeletionChoosingPolicyTemplate (ContainerDeletionChoosingPolicyTemplate.java:chooseContainerForBlockDeletion(83)) - Chosen 0/5000 blocks from 0 candidate containers.
2023-04-19 02:33:15,287 [SCMBlockDeletingService#0] DEBUG block.SCMBlockDeletingService (SCMBlockDeletingService.java:shouldRun(251)) - Check scm block delete run: true serviceStatus: RUNNING safemodeExitRunDelayMillis: 3000 alreadyWaitTimeInMillis: 25281
2023-04-19 02:33:15,287 [SCMBlockDeletingService#0] DEBUG block.SCMBlockDeletingService (SCMBlockDeletingService.java:call(154)) - Running DeletedBlockTransactionScanner
2023-04-19 02:33:15,318 [BlockDeletingService#2] INFO  interfaces.ContainerDeletionChoosingPolicyTemplate (ContainerDeletionChoosingPolicyTemplate.java:chooseContainerForBlockDeletion(83)) - Chosen 0/5000 blocks from 0 candidate containers.
2023-04-19 02:33:15,318 [BlockDeletingService#3] INFO  interfaces.ContainerDeletionChoosingPolicyTemplate (ContainerDeletionChoosingPolicyTemplate.java:chooseContainerForBlockDeletion(83)) - Chosen 0/5000 blocks from 0 candidate containers.
2023-04-19 02:33:15,320 [BlockDeletingService#7] INFO  interfaces.ContainerDeletionChoosingPolicyTemplate (ContainerDeletionChoosingPolicyTemplate.java:chooseContainerForBlockDeletion(83)) - Chosen 0/5000 blocks from 0 candidate containers.
2023-04-19 02:33:15,387 [SCMBlockDeletingService#0] DEBUG block.SCMBlockDeletingService (SCMBlockDeletingService.java:shouldRun(251)) - Check scm block delete run: true serviceStatus: RUNNING safemodeExitRunDelayMillis: 3000 alreadyWaitTimeInMillis: 25381
2023-04-19 02:33:15,388 [SCMBlockDeletingService#0] DEBUG block.SCMBlockDeletingService (SCMBlockDeletingService.java:call(154)) - Running DeletedBlockTransactionScanner
2023-04-19 02:33:15,418 [BlockDeletingService#2] INFO  interfaces.ContainerDeletionChoosingPolicyTemplate (ContainerDeletionChoosingPolicyTemplate.java:chooseContainerForBlockDeletion(83)) - Chosen 0/5000 blocks from 0 candidate containers.
2023-04-19 02:33:15,419 [BlockDeletingService#3] INFO  interfaces.ContainerDeletionChoosingPolicyTemplate (ContainerDeletionChoosingPolicyTemplate.java:chooseContainerForBlockDeletion(83)) - Chosen 0/5000 blocks from 0 candidate containers.
2023-04-19 02:33:15,420 [BlockDeletingService#7] INFO  interfaces.ContainerDeletionChoosingPolicyTemplate (ContainerDeletionChoosingPolicyTemplate.java:chooseContainerForBlockDeletion(83)) - Chosen 0/5000 blocks from 0 candidate containers.
2023-04-19 02:33:15,487 [SCMBlockDeletingService#0] DEBUG block.SCMBlockDeletingService (SCMBlockDeletingService.java:shouldRun(251)) - Check scm block delete run: true serviceStatus: RUNNING safemodeExitRunDelayMillis: 3000 alreadyWaitTimeInMillis: 25481
2023-04-19 02:33:15,487 [SCMBlockDeletingService#0] DEBUG block.SCMBlockDeletingService (SCMBlockDeletingService.java:call(154)) - Running DeletedBlockTransactionScanner
2023-04-19 02:33:15,519 [BlockDeletingService#2] INFO  interfaces.ContainerDeletionChoosingPolicyTemplate (ContainerDeletionChoosingPolicyTemplate.java:chooseContainerForBlockDeletion(83)) - Chosen 0/5000 blocks from 0 candidate containers.
2023-04-19 02:33:15,519 [BlockDeletingService#3] INFO  interfaces.ContainerDeletionChoosingPolicyTemplate (ContainerDeletionChoosingPolicyTemplate.java:chooseContainerForBlockDeletion(83)) - Chosen 0/5000 blocks from 0 candidate containers.
2023-04-19 02:33:15,520 [BlockDeletingService#7] INFO  interfaces.ContainerDeletionChoosingPolicyTemplate (ContainerDeletionChoosingPolicyTemplate.java:chooseContainerForBlockDeletion(83)) - Chosen 0/5000 blocks from 0 candidate containers.
2023-04-19 02:33:15,587 [SCMBlockDeletingService#0] DEBUG block.SCMBlockDeletingService (SCMBlockDeletingService.java:shouldRun(251)) - Check scm block delete run: true serviceStatus: RUNNING safemodeExitRunDelayMillis: 3000 alreadyWaitTimeInMillis: 25581
2023-04-19 02:33:15,587 [SCMBlockDeletingService#0] DEBUG block.SCMBlockDeletingService (SCMBlockDeletingService.java:call(154)) - Running DeletedBlockTransactionScanner
2023-04-19 02:33:15,619 [BlockDeletingService#2] INFO  interfaces.ContainerDeletionChoosingPolicyTemplate (ContainerDeletionChoosingPolicyTemplate.java:chooseContainerForBlockDeletion(83)) - Chosen 0/5000 blocks from 0 candidate containers.
2023-04-19 02:33:15,619 [BlockDeletingService#3] INFO  interfaces.ContainerDeletionChoosingPolicyTemplate (ContainerDeletionChoosingPolicyTemplate.java:chooseContainerForBlockDeletion(83)) - Chosen 0/5000 blocks from 0 candidate containers.
2023-04-19 02:33:15,621 [BlockDeletingService#7] INFO  interfaces.ContainerDeletionChoosingPolicyTemplate (ContainerDeletionChoosingPolicyTemplate.java:chooseContainerForBlockDeletion(83)) - Chosen 0/5000 blocks from 0 candidate containers.
2023-04-19 02:33:15,687 [SCMBlockDeletingService#0] DEBUG block.SCMBlockDeletingService (SCMBlockDeletingService.java:shouldRun(251)) - Check scm block delete run: true serviceStatus: RUNNING safemodeExitRunDelayMillis: 3000 alreadyWaitTimeInMillis: 25681
2023-04-19 02:33:15,688 [SCMBlockDeletingService#0] DEBUG block.SCMBlockDeletingService (SCMBlockDeletingService.java:call(154)) - Running DeletedBlockTransactionScanner
2023-04-19 02:33:15,719 [BlockDeletingService#2] INFO  interfaces.ContainerDeletionChoosingPolicyTemplate (ContainerDeletionChoosingPolicyTemplate.java:chooseContainerForBlockDeletion(83)) - Chosen 0/5000 blocks from 0 candidate containers.
2023-04-19 02:33:15,719 [BlockDeletingService#3] INFO  interfaces.ContainerDeletionChoosingPolicyTemplate (ContainerDeletionChoosingPolicyTemplate.java:chooseContainerForBlockDeletion(83)) - Chosen 0/5000 blocks from 0 candidate containers.
2023-04-19 02:33:15,721 [BlockDeletingService#7] INFO  interfaces.ContainerDeletionChoosingPolicyTemplate (ContainerDeletionChoosingPolicyTemplate.java:chooseContainerForBlockDeletion(83)) - Chosen 0/5000 blocks from 0 candidate containers.
2023-04-19 02:33:15,788 [SCMBlockDeletingService#0] DEBUG block.SCMBlockDeletingService (SCMBlockDeletingService.java:shouldRun(251)) - Check scm block delete run: true serviceStatus: RUNNING safemodeExitRunDelayMillis: 3000 alreadyWaitTimeInMillis: 25782
2023-04-19 02:33:15,788 [SCMBlockDeletingService#0] DEBUG block.SCMBlockDeletingService (SCMBlockDeletingService.java:call(154)) - Running DeletedBlockTransactionScanner
2023-04-19 02:33:15,820 [BlockDeletingService#2] INFO  interfaces.ContainerDeletionChoosingPolicyTemplate (ContainerDeletionChoosingPolicyTemplate.java:chooseContainerForBlockDeletion(83)) - Chosen 0/5000 blocks from 0 candidate containers.
2023-04-19 02:33:15,820 [BlockDeletingService#3] INFO  interfaces.ContainerDeletionChoosingPolicyTemplate (ContainerDeletionChoosingPolicyTemplate.java:chooseContainerForBlockDeletion(83)) - Chosen 0/5000 blocks from 0 candidate containers.
2023-04-19 02:33:15,821 [BlockDeletingService#7] INFO  interfaces.ContainerDeletionChoosingPolicyTemplate (ContainerDeletionChoosingPolicyTemplate.java:chooseContainerForBlockDeletion(83)) - Chosen 0/5000 blocks from 0 candidate containers.
2023-04-19 02:33:15,888 [SCMBlockDeletingService#0] DEBUG block.SCMBlockDeletingService (SCMBlockDeletingService.java:shouldRun(251)) - Check scm block delete run: true serviceStatus: RUNNING safemodeExitRunDelayMillis: 3000 alreadyWaitTimeInMillis: 25882
2023-04-19 02:33:15,888 [SCMBlockDeletingService#0] DEBUG block.SCMBlockDeletingService (SCMBlockDeletingService.java:call(154)) - Running DeletedBlockTransactionScanner
2023-04-19 02:33:15,920 [BlockDeletingService#2] INFO  interfaces.ContainerDeletionChoosingPolicyTemplate (ContainerDeletionChoosingPolicyTemplate.java:chooseContainerForBlockDeletion(83)) - Chosen 0/5000 blocks from 0 candidate containers.
2023-04-19 02:33:15,920 [BlockDeletingService#3] INFO  interfaces.ContainerDeletionChoosingPolicyTemplate (ContainerDeletionChoosingPolicyTemplate.java:chooseContainerForBlockDeletion(83)) - Chosen 0/5000 blocks from 0 candidate containers.
2023-04-19 02:33:15,921 [BlockDeletingService#7] INFO  interfaces.ContainerDeletionChoosingPolicyTemplate (ContainerDeletionChoosingPolicyTemplate.java:chooseContainerForBlockDeletion(83)) - Chosen 0/5000 blocks from 0 candidate containers.
2023-04-19 02:33:15,988 [SCMBlockDeletingService#0] DEBUG block.SCMBlockDeletingService (SCMBlockDeletingService.java:shouldRun(251)) - Check scm block delete run: true serviceStatus: RUNNING safemodeExitRunDelayMillis: 3000 alreadyWaitTimeInMillis: 25982
2023-04-19 02:33:15,988 [SCMBlockDeletingService#0] DEBUG block.SCMBlockDeletingService (SCMBlockDeletingService.java:call(154)) - Running DeletedBlockTransactionScanner
2023-04-19 02:33:16,020 [BlockDeletingService#2] INFO  interfaces.ContainerDeletionChoosingPolicyTemplate (ContainerDeletionChoosingPolicyTemplate.java:chooseContainerForBlockDeletion(83)) - Chosen 0/5000 blocks from 0 candidate containers.
2023-04-19 02:33:16,020 [BlockDeletingService#3] INFO  interfaces.ContainerDeletionChoosingPolicyTemplate (ContainerDeletionChoosingPolicyTemplate.java:chooseContainerForBlockDeletion(83)) - Chosen 0/5000 blocks from 0 candidate containers.
2023-04-19 02:33:16,021 [BlockDeletingService#7] INFO  interfaces.ContainerDeletionChoosingPolicyTemplate (ContainerDeletionChoosingPolicyTemplate.java:chooseContainerForBlockDeletion(83)) - Chosen 0/5000 blocks from 0 candidate containers.
2023-04-19 02:33:16,088 [SCMBlockDeletingService#0] DEBUG block.SCMBlockDeletingService (SCMBlockDeletingService.java:shouldRun(251)) - Check scm block delete run: true serviceStatus: RUNNING safemodeExitRunDelayMillis: 3000 alreadyWaitTimeInMillis: 26082
2023-04-19 02:33:16,088 [SCMBlockDeletingService#0] DEBUG block.SCMBlockDeletingService (SCMBlockDeletingService.java:call(154)) - Running DeletedBlockTransactionScanner
2023-04-19 02:33:16,120 [BlockDeletingService#2] INFO  interfaces.ContainerDeletionChoosingPolicyTemplate (ContainerDeletionChoosingPolicyTemplate.java:chooseContainerForBlockDeletion(83)) - Chosen 0/5000 blocks from 0 candidate containers.
2023-04-19 02:33:16,120 [BlockDeletingService#3] INFO  interfaces.ContainerDeletionChoosingPolicyTemplate (ContainerDeletionChoosingPolicyTemplate.java:chooseContainerForBlockDeletion(83)) - Chosen 0/5000 blocks from 0 candidate containers.
2023-04-19 02:33:16,121 [BlockDeletingService#7] INFO  interfaces.ContainerDeletionChoosingPolicyTemplate (ContainerDeletionChoosingPolicyTemplate.java:chooseContainerForBlockDeletion(83)) - Chosen 0/5000 blocks from 0 candidate containers.
2023-04-19 02:33:16,188 [SCMBlockDeletingService#0] DEBUG block.SCMBlockDeletingService (SCMBlockDeletingService.java:shouldRun(251)) - Check scm block delete run: true serviceStatus: RUNNING safemodeExitRunDelayMillis: 3000 alreadyWaitTimeInMillis: 26182
2023-04-19 02:33:16,188 [SCMBlockDeletingService#0] DEBUG block.SCMBlockDeletingService (SCMBlockDeletingService.java:call(154)) - Running DeletedBlockTransactionScanner
2023-04-19 02:33:16,220 [BlockDeletingService#2] INFO  interfaces.ContainerDeletionChoosingPolicyTemplate (ContainerDeletionChoosingPolicyTemplate.java:chooseContainerForBlockDeletion(83)) - Chosen 0/5000 blocks from 0 candidate containers.
2023-04-19 02:33:16,220 [BlockDeletingService#3] INFO  interfaces.ContainerDeletionChoosingPolicyTemplate (ContainerDeletionChoosingPolicyTemplate.java:chooseContainerForBlockDeletion(83)) - Chosen 0/5000 blocks from 0 candidate containers.
2023-04-19 02:33:16,222 [BlockDeletingService#7] INFO  interfaces.ContainerDeletionChoosingPolicyTemplate (ContainerDeletionChoosingPolicyTemplate.java:chooseContainerForBlockDeletion(83)) - Chosen 0/5000 blocks from 0 candidate containers.
2023-04-19 02:33:16,288 [SCMBlockDeletingService#0] DEBUG block.SCMBlockDeletingService (SCMBlockDeletingService.java:shouldRun(251)) - Check scm block delete run: true serviceStatus: RUNNING safemodeExitRunDelayMillis: 3000 alreadyWaitTimeInMillis: 26282
2023-04-19 02:33:16,288 [SCMBlockDeletingService#0] DEBUG block.SCMBlockDeletingService (SCMBlockDeletingService.java:call(154)) - Running DeletedBlockTransactionScanner
2023-04-19 02:33:16,321 [BlockDeletingService#2] INFO  interfaces.ContainerDeletionChoosingPolicyTemplate (ContainerDeletionChoosingPolicyTemplate.java:chooseContainerForBlockDeletion(83)) - Chosen 0/5000 blocks from 0 candidate containers.
2023-04-19 02:33:16,321 [BlockDeletingService#3] INFO  interfaces.ContainerDeletionChoosingPolicyTemplate (ContainerDeletionChoosingPolicyTemplate.java:chooseContainerForBlockDeletion(83)) - Chosen 0/5000 blocks from 0 candidate containers.
2023-04-19 02:33:16,322 [BlockDeletingService#7] INFO  interfaces.ContainerDeletionChoosingPolicyTemplate (ContainerDeletionChoosingPolicyTemplate.java:chooseContainerForBlockDeletion(83)) - Chosen 0/5000 blocks from 0 candidate containers.
2023-04-19 02:33:16,388 [SCMBlockDeletingService#0] DEBUG block.SCMBlockDeletingService (SCMBlockDeletingService.java:shouldRun(251)) - Check scm block delete run: true serviceStatus: RUNNING safemodeExitRunDelayMillis: 3000 alreadyWaitTimeInMillis: 26382
2023-04-19 02:33:16,388 [SCMBlockDeletingService#0] DEBUG block.SCMBlockDeletingService (SCMBlockDeletingService.java:call(154)) - Running DeletedBlockTransactionScanner
2023-04-19 02:33:16,421 [BlockDeletingService#2] INFO  interfaces.ContainerDeletionChoosingPolicyTemplate (ContainerDeletionChoosingPolicyTemplate.java:chooseContainerForBlockDeletion(83)) - Chosen 0/5000 blocks from 0 candidate containers.
2023-04-19 02:33:16,421 [BlockDeletingService#3] INFO  interfaces.ContainerDeletionChoosingPolicyTemplate (ContainerDeletionChoosingPolicyTemplate.java:chooseContainerForBlockDeletion(83)) - Chosen 0/5000 blocks from 0 candidate containers.
2023-04-19 02:33:16,422 [BlockDeletingService#7] INFO  interfaces.ContainerDeletionChoosingPolicyTemplate (ContainerDeletionChoosingPolicyTemplate.java:chooseContainerForBlockDeletion(83)) - Chosen 0/5000 blocks from 0 candidate containers.
2023-04-19 02:33:16,488 [SCMBlockDeletingService#0] DEBUG block.SCMBlockDeletingService (SCMBlockDeletingService.java:shouldRun(251)) - Check scm block delete run: true serviceStatus: RUNNING safemodeExitRunDelayMillis: 3000 alreadyWaitTimeInMillis: 26482
2023-04-19 02:33:16,488 [SCMBlockDeletingService#0] DEBUG block.SCMBlockDeletingService (SCMBlockDeletingService.java:call(154)) - Running DeletedBlockTransactionScanner
2023-04-19 02:33:16,521 [BlockDeletingService#2] INFO  interfaces.ContainerDeletionChoosingPolicyTemplate (ContainerDeletionChoosingPolicyTemplate.java:chooseContainerForBlockDeletion(83)) - Chosen 0/5000 blocks from 0 candidate containers.
2023-04-19 02:33:16,521 [BlockDeletingService#3] INFO  interfaces.ContainerDeletionChoosingPolicyTemplate (ContainerDeletionChoosingPolicyTemplate.java:chooseContainerForBlockDeletion(83)) - Chosen 0/5000 blocks from 0 candidate containers.
2023-04-19 02:33:16,522 [BlockDeletingService#7] INFO  interfaces.ContainerDeletionChoosingPolicyTemplate (ContainerDeletionChoosingPolicyTemplate.java:chooseContainerForBlockDeletion(83)) - Chosen 0/5000 blocks from 0 candidate containers.
2023-04-19 02:33:16,588 [SCMBlockDeletingService#0] DEBUG block.SCMBlockDeletingService (SCMBlockDeletingService.java:shouldRun(251)) - Check scm block delete run: true serviceStatus: RUNNING safemodeExitRunDelayMillis: 3000 alreadyWaitTimeInMillis: 26582
2023-04-19 02:33:16,588 [SCMBlockDeletingService#0] DEBUG block.SCMBlockDeletingService (SCMBlockDeletingService.java:call(154)) - Running DeletedBlockTransactionScanner
2023-04-19 02:33:16,621 [BlockDeletingService#2] INFO  interfaces.ContainerDeletionChoosingPolicyTemplate (ContainerDeletionChoosingPolicyTemplate.java:chooseContainerForBlockDeletion(83)) - Chosen 0/5000 blocks from 0 candidate containers.
2023-04-19 02:33:16,621 [BlockDeletingService#3] INFO  interfaces.ContainerDeletionChoosingPolicyTemplate (ContainerDeletionChoosingPolicyTemplate.java:chooseContainerForBlockDeletion(83)) - Chosen 0/5000 blocks from 0 candidate containers.
2023-04-19 02:33:16,622 [BlockDeletingService#7] INFO  interfaces.ContainerDeletionChoosingPolicyTemplate (ContainerDeletionChoosingPolicyTemplate.java:chooseContainerForBlockDeletion(83)) - Chosen 0/5000 blocks from 0 candidate containers.
2023-04-19 02:33:16,688 [SCMBlockDeletingService#0] DEBUG block.SCMBlockDeletingService (SCMBlockDeletingService.java:shouldRun(251)) - Check scm block delete run: true serviceStatus: RUNNING safemodeExitRunDelayMillis: 3000 alreadyWaitTimeInMillis: 26682
2023-04-19 02:33:16,688 [SCMBlockDeletingService#0] DEBUG block.SCMBlockDeletingService (SCMBlockDeletingService.java:call(154)) - Running DeletedBlockTransactionScanner
2023-04-19 02:33:16,722 [BlockDeletingService#2] INFO  interfaces.ContainerDeletionChoosingPolicyTemplate (ContainerDeletionChoosingPolicyTemplate.java:chooseContainerForBlockDeletion(83)) - Chosen 0/5000 blocks from 0 candidate containers.
2023-04-19 02:33:16,722 [BlockDeletingService#3] INFO  interfaces.ContainerDeletionChoosingPolicyTemplate (ContainerDeletionChoosingPolicyTemplate.java:chooseContainerForBlockDeletion(83)) - Chosen 0/5000 blocks from 0 candidate containers.
2023-04-19 02:33:16,722 [BlockDeletingService#7] INFO  interfaces.ContainerDeletionChoosingPolicyTemplate (ContainerDeletionChoosingPolicyTemplate.java:chooseContainerForBlockDeletion(83)) - Chosen 0/5000 blocks from 0 candidate containers.
2023-04-19 02:33:16,788 [SCMBlockDeletingService#0] DEBUG block.SCMBlockDeletingService (SCMBlockDeletingService.java:shouldRun(251)) - Check scm block delete run: true serviceStatus: RUNNING safemodeExitRunDelayMillis: 3000 alreadyWaitTimeInMillis: 26782
2023-04-19 02:33:16,788 [SCMBlockDeletingService#0] DEBUG block.SCMBlockDeletingService (SCMBlockDeletingService.java:call(154)) - Running DeletedBlockTransactionScanner
2023-04-19 02:33:16,822 [BlockDeletingService#2] INFO  interfaces.ContainerDeletionChoosingPolicyTemplate (ContainerDeletionChoosingPolicyTemplate.java:chooseContainerForBlockDeletion(83)) - Chosen 0/5000 blocks from 0 candidate containers.
2023-04-19 02:33:16,822 [BlockDeletingService#3] INFO  interfaces.ContainerDeletionChoosingPolicyTemplate (ContainerDeletionChoosingPolicyTemplate.java:chooseContainerForBlockDeletion(83)) - Chosen 0/5000 blocks from 0 candidate containers.
2023-04-19 02:33:16,823 [BlockDeletingService#7] INFO  interfaces.ContainerDeletionChoosingPolicyTemplate (ContainerDeletionChoosingPolicyTemplate.java:chooseContainerForBlockDeletion(83)) - Chosen 0/5000 blocks from 0 candidate containers.
2023-04-19 02:33:16,844 [Listener at 127.0.0.1/44187] WARN  commandhandler.TestBlockDeletion (TestBlockDeletion.java:lambda$testBlockDeletion$4(265)) - Verify blocks deletion failed
org.opentest4j.AssertionFailedError: expected: <null> but was: <[blockId=conID: 1 locID: 111677748019200001 bcsId: 16, size=4194304]>
	at org.junit.jupiter.api.AssertionUtils.fail(AssertionUtils.java:55)
	at org.junit.jupiter.api.AssertNull.failNotNull(AssertNull.java:54)
	at org.junit.jupiter.api.AssertNull.assertNull(AssertNull.java:38)
	at org.junit.jupiter.api.AssertNull.assertNull(AssertNull.java:33)
	at org.junit.jupiter.api.Assertions.assertNull(Assertions.java:275)
	at org.apache.hadoop.ozone.container.common.statemachine.commandhandler.TestBlockDeletion.lambda$verifyBlocksDeleted$17(TestBlockDeletion.java:484)
	at org.apache.hadoop.ozone.OzoneTestUtils.performOperationOnKeyContainers(OzoneTestUtils.java:140)
	at org.apache.hadoop.ozone.container.common.statemachine.commandhandler.TestBlockDeletion.verifyBlocksDeleted(TestBlockDeletion.java:474)
	at org.apache.hadoop.ozone.container.common.statemachine.commandhandler.TestBlockDeletion.lambda$testBlockDeletion$4(TestBlockDeletion.java:262)
	at org.apache.ozone.test.GenericTestUtils.waitFor(GenericTestUtils.java:225)
	at org.apache.hadoop.ozone.container.common.statemachine.commandhandler.TestBlockDeletion.testBlockDeletion(TestBlockDeletion.java:260)
	at sun.reflect.NativeMethodAccessorImpl.invoke0(Native Method)
	at sun.reflect.NativeMethodAccessorImpl.invoke(NativeMethodAccessorImpl.java:62)
	at sun.reflect.DelegatingMethodAccessorImpl.invoke(DelegatingMethodAccessorImpl.java:43)
	at java.lang.reflect.Method.invoke(Method.java:498)
	at org.junit.platform.commons.util.ReflectionUtils.invokeMethod(ReflectionUtils.java:725)
	at org.junit.jupiter.engine.execution.MethodInvocation.proceed(MethodInvocation.java:60)
	at org.junit.jupiter.engine.execution.InvocationInterceptorChain$ValidatingInvocation.proceed(InvocationInterceptorChain.java:131)
	at org.junit.jupiter.engine.extension.TimeoutExtension.intercept(TimeoutExtension.java:149)
	at org.junit.jupiter.engine.extension.TimeoutExtension.interceptTestableMethod(TimeoutExtension.java:140)
	at org.junit.jupiter.engine.extension.TimeoutExtension.interceptTestTemplateMethod(TimeoutExtension.java:92)
	at org.junit.jupiter.engine.execution.ExecutableInvoker$ReflectiveInterceptorCall.lambda$ofVoidMethod$0(ExecutableInvoker.java:115)
	at org.junit.jupiter.engine.execution.ExecutableInvoker.lambda$invoke$0(ExecutableInvoker.java:105)
	at org.junit.jupiter.engine.execution.InvocationInterceptorChain$InterceptedInvocation.proceed(InvocationInterceptorChain.java:106)
	at org.junit.jupiter.engine.execution.InvocationInterceptorChain.proceed(InvocationInterceptorChain.java:64)
	at org.junit.jupiter.engine.execution.InvocationInterceptorChain.chainAndInvoke(InvocationInterceptorChain.java:45)
	at org.junit.jupiter.engine.execution.InvocationInterceptorChain.invoke(InvocationInterceptorChain.java:37)
	at org.junit.jupiter.engine.execution.ExecutableInvoker.invoke(ExecutableInvoker.java:104)
	at org.junit.jupiter.engine.execution.ExecutableInvoker.invoke(ExecutableInvoker.java:98)
	at org.junit.jupiter.engine.descriptor.TestMethodTestDescriptor.lambda$invokeTestMethod$7(TestMethodTestDescriptor.java:214)
	at org.junit.platform.engine.support.hierarchical.ThrowableCollector.execute(ThrowableCollector.java:73)
	at org.junit.jupiter.engine.descriptor.TestMethodTestDescriptor.invokeTestMethod(TestMethodTestDescriptor.java:210)
	at org.junit.jupiter.engine.descriptor.TestMethodTestDescriptor.execute(TestMethodTestDescriptor.java:135)
	at org.junit.jupiter.engine.descriptor.TestMethodTestDescriptor.execute(TestMethodTestDescriptor.java:66)
	at org.junit.platform.engine.support.hierarchical.NodeTestTask.lambda$executeRecursively$6(NodeTestTask.java:151)
	at org.junit.platform.engine.support.hierarchical.ThrowableCollector.execute(ThrowableCollector.java:73)
	at org.junit.platform.engine.support.hierarchical.NodeTestTask.lambda$executeRecursively$8(NodeTestTask.java:141)
	at org.junit.platform.engine.support.hierarchical.Node.around(Node.java:137)
	at org.junit.platform.engine.support.hierarchical.NodeTestTask.lambda$executeRecursively$9(NodeTestTask.java:139)
	at org.junit.platform.engine.support.hierarchical.ThrowableCollector.execute(ThrowableCollector.java:73)
	at org.junit.platform.engine.support.hierarchical.NodeTestTask.executeRecursively(NodeTestTask.java:138)
	at org.junit.platform.engine.support.hierarchical.NodeTestTask.execute(NodeTestTask.java:95)
	at org.junit.platform.engine.support.hierarchical.SameThreadHierarchicalTestExecutorService.submit(SameThreadHierarchicalTestExecutorService.java:35)
	at org.junit.platform.engine.support.hierarchical.NodeTestTask$DefaultDynamicTestExecutor.execute(NodeTestTask.java:226)
	at org.junit.platform.engine.support.hierarchical.NodeTestTask$DefaultDynamicTestExecutor.execute(NodeTestTask.java:204)
	at org.junit.jupiter.engine.descriptor.TestTemplateTestDescriptor.execute(TestTemplateTestDescriptor.java:139)
	at org.junit.jupiter.engine.descriptor.TestTemplateTestDescriptor.lambda$execute$2(TestTemplateTestDescriptor.java:107)
	at java.util.stream.ForEachOps$ForEachOp$OfRef.accept(ForEachOps.java:183)
	at java.util.stream.ReferencePipeline$3$1.accept(ReferencePipeline.java:193)
	at java.util.stream.ReferencePipeline$2$1.accept(ReferencePipeline.java:175)
	at java.util.stream.ReferencePipeline$3$1.accept(ReferencePipeline.java:193)
	at java.util.stream.ForEachOps$ForEachOp$OfRef.accept(ForEachOps.java:183)
	at java.util.stream.ReferencePipeline$3$1.accept(ReferencePipeline.java:193)
	at java.util.stream.ReferencePipeline$3$1.accept(ReferencePipeline.java:193)
	at java.util.stream.ReferencePipeline$3$1.accept(ReferencePipeline.java:193)
	at java.util.stream.ForEachOps$ForEachOp$OfRef.accept(ForEachOps.java:183)
	at java.util.stream.ReferencePipeline$3$1.accept(ReferencePipeline.java:193)
	at java.util.Spliterators$ArraySpliterator.forEachRemaining(Spliterators.java:948)
	at java.util.stream.ReferencePipeline$Head.forEach(ReferencePipeline.java:647)
	at java.util.stream.ReferencePipeline$7$1.accept(ReferencePipeline.java:272)
	at java.util.stream.ReferencePipeline$3$1.accept(ReferencePipeline.java:193)
	at java.util.stream.ReferencePipeline$3$1.accept(ReferencePipeline.java:193)
	at java.util.Spliterators$ArraySpliterator.forEachRemaining(Spliterators.java:948)
	at java.util.stream.AbstractPipeline.copyInto(AbstractPipeline.java:482)
	at java.util.stream.AbstractPipeline.wrapAndCopyInto(AbstractPipeline.java:472)
	at java.util.stream.ForEachOps$ForEachOp.evaluateSequential(ForEachOps.java:150)
	at java.util.stream.ForEachOps$ForEachOp$OfRef.evaluateSequential(ForEachOps.java:173)
	at java.util.stream.AbstractPipeline.evaluate(AbstractPipeline.java:234)
	at java.util.stream.ReferencePipeline.forEach(ReferencePipeline.java:485)
	at java.util.stream.ReferencePipeline$7$1.accept(ReferencePipeline.java:272)
	at java.util.stream.ReferencePipeline$3$1.accept(ReferencePipeline.java:193)
	at java.util.stream.ReferencePipeline$3$1.accept(ReferencePipeline.java:193)
	at java.util.stream.ReferencePipeline$3$1.accept(ReferencePipeline.java:193)
	at java.util.ArrayList$ArrayListSpliterator.forEachRemaining(ArrayList.java:1384)
	at java.util.stream.AbstractPipeline.copyInto(AbstractPipeline.java:482)
	at java.util.stream.AbstractPipeline.wrapAndCopyInto(AbstractPipeline.java:472)
	at java.util.stream.ForEachOps$ForEachOp.evaluateSequential(ForEachOps.java:150)
	at java.util.stream.ForEachOps$ForEachOp$OfRef.evaluateSequential(ForEachOps.java:173)
	at java.util.stream.AbstractPipeline.evaluate(AbstractPipeline.java:234)
	at java.util.stream.ReferencePipeline.forEach(ReferencePipeline.java:485)
	at java.util.stream.ReferencePipeline$7$1.accept(ReferencePipeline.java:272)
	at java.util.ArrayList$ArrayListSpliterator.forEachRemaining(ArrayList.java:1384)
	at java.util.stream.AbstractPipeline.copyInto(AbstractPipeline.java:482)
	at java.util.stream.AbstractPipeline.wrapAndCopyInto(AbstractPipeline.java:472)
	at java.util.stream.ForEachOps$ForEachOp.evaluateSequential(ForEachOps.java:150)
	at java.util.stream.ForEachOps$ForEachOp$OfRef.evaluateSequential(ForEachOps.java:173)
	at java.util.stream.AbstractPipeline.evaluate(AbstractPipeline.java:234)
	at java.util.stream.ReferencePipeline.forEach(ReferencePipeline.java:485)
	at org.junit.jupiter.engine.descriptor.TestTemplateTestDescriptor.execute(TestTemplateTestDescriptor.java:107)
	at org.junit.jupiter.engine.descriptor.TestTemplateTestDescriptor.execute(TestTemplateTestDescriptor.java:42)
	at org.junit.platform.engine.support.hierarchical.NodeTestTask.lambda$executeRecursively$6(NodeTestTask.java:151)
	at org.junit.platform.engine.support.hierarchical.ThrowableCollector.execute(ThrowableCollector.java:73)
	at org.junit.platform.engine.support.hierarchical.NodeTestTask.lambda$executeRecursively$8(NodeTestTask.java:141)
	at org.junit.platform.engine.support.hierarchical.Node.around(Node.java:137)
	at org.junit.platform.engine.support.hierarchical.NodeTestTask.lambda$executeRecursively$9(NodeTestTask.java:139)
	at org.junit.platform.engine.support.hierarchical.ThrowableCollector.execute(ThrowableCollector.java:73)
	at org.junit.platform.engine.support.hierarchical.NodeTestTask.executeRecursively(NodeTestTask.java:138)
	at org.junit.platform.engine.support.hierarchical.NodeTestTask.execute(NodeTestTask.java:95)
	at java.util.ArrayList.forEach(ArrayList.java:1259)
	at org.junit.platform.engine.support.hierarchical.SameThreadHierarchicalTestExecutorService.invokeAll(SameThreadHierarchicalTestExecutorService.java:41)
	at org.junit.platform.engine.support.hierarchical.NodeTestTask.lambda$executeRecursively$6(NodeTestTask.java:155)
	at org.junit.platform.engine.support.hierarchical.ThrowableCollector.execute(ThrowableCollector.java:73)
	at org.junit.platform.engine.support.hierarchical.NodeTestTask.lambda$executeRecursively$8(NodeTestTask.java:141)
	at org.junit.platform.engine.support.hierarchical.Node.around(Node.java:137)
	at org.junit.platform.engine.support.hierarchical.NodeTestTask.lambda$executeRecursively$9(NodeTestTask.java:139)
	at org.junit.platform.engine.support.hierarchical.ThrowableCollector.execute(ThrowableCollector.java:73)
	at org.junit.platform.engine.support.hierarchical.NodeTestTask.executeRecursively(NodeTestTask.java:138)
	at org.junit.platform.engine.support.hierarchical.NodeTestTask.execute(NodeTestTask.java:95)
	at java.util.ArrayList.forEach(ArrayList.java:1259)
	at org.junit.platform.engine.support.hierarchical.SameThreadHierarchicalTestExecutorService.invokeAll(SameThreadHierarchicalTestExecutorService.java:41)
	at org.junit.platform.engine.support.hierarchical.NodeTestTask.lambda$executeRecursively$6(NodeTestTask.java:155)
	at org.junit.platform.engine.support.hierarchical.ThrowableCollector.execute(ThrowableCollector.java:73)
	at org.junit.platform.engine.support.hierarchical.NodeTestTask.lambda$executeRecursively$8(NodeTestTask.java:141)
	at org.junit.platform.engine.support.hierarchical.Node.around(Node.java:137)
	at org.junit.platform.engine.support.hierarchical.NodeTestTask.lambda$executeRecursively$9(NodeTestTask.java:139)
	at org.junit.platform.engine.support.hierarchical.ThrowableCollector.execute(ThrowableCollector.java:73)
	at org.junit.platform.engine.support.hierarchical.NodeTestTask.executeRecursively(NodeTestTask.java:138)
	at org.junit.platform.engine.support.hierarchical.NodeTestTask.execute(NodeTestTask.java:95)
	at org.junit.platform.engine.support.hierarchical.SameThreadHierarchicalTestExecutorService.submit(SameThreadHierarchicalTestExecutorService.java:35)
	at org.junit.platform.engine.support.hierarchical.HierarchicalTestExecutor.execute(HierarchicalTestExecutor.java:57)
	at org.junit.platform.engine.support.hierarchical.HierarchicalTestEngine.execute(HierarchicalTestEngine.java:54)
	at org.junit.platform.launcher.core.EngineExecutionOrchestrator.execute(EngineExecutionOrchestrator.java:107)
	at org.junit.platform.launcher.core.EngineExecutionOrchestrator.execute(EngineExecutionOrchestrator.java:88)
	at org.junit.platform.launcher.core.EngineExecutionOrchestrator.lambda$execute$0(EngineExecutionOrchestrator.java:54)
	at org.junit.platform.launcher.core.EngineExecutionOrchestrator.withInterceptedStreams(EngineExecutionOrchestrator.java:67)
	at org.junit.platform.launcher.core.EngineExecutionOrchestrator.execute(EngineExecutionOrchestrator.java:52)
	at org.junit.platform.launcher.core.DefaultLauncher.execute(DefaultLauncher.java:114)
	at org.junit.platform.launcher.core.DefaultLauncher.execute(DefaultLauncher.java:86)
	at org.junit.platform.launcher.core.DefaultLauncherSession$DelegatingLauncher.execute(DefaultLauncherSession.java:86)
	at org.junit.platform.launcher.core.SessionPerRequestLauncher.execute(SessionPerRequestLauncher.java:53)
	at org.apache.maven.surefire.junitplatform.JUnitPlatformProvider.execute(JUnitPlatformProvider.java:188)
	at org.apache.maven.surefire.junitplatform.JUnitPlatformProvider.invokeAllTests(JUnitPlatformProvider.java:154)
	at org.apache.maven.surefire.junitplatform.JUnitPlatformProvider.invoke(JUnitPlatformProvider.java:124)
	at org.apache.maven.surefire.booter.ForkedBooter.runSuitesInProcess(ForkedBooter.java:428)
	at org.apache.maven.surefire.booter.ForkedBooter.execute(ForkedBooter.java:162)
	at org.apache.maven.surefire.booter.ForkedBooter.run(ForkedBooter.java:562)
	at org.apache.maven.surefire.booter.ForkedBooter.main(ForkedBooter.java:548)
2023-04-19 02:33:16,888 [SCMBlockDeletingService#0] DEBUG block.SCMBlockDeletingService (SCMBlockDeletingService.java:shouldRun(251)) - Check scm block delete run: true serviceStatus: RUNNING safemodeExitRunDelayMillis: 3000 alreadyWaitTimeInMillis: 26882
2023-04-19 02:33:16,888 [SCMBlockDeletingService#0] DEBUG block.SCMBlockDeletingService (SCMBlockDeletingService.java:call(154)) - Running DeletedBlockTransactionScanner
2023-04-19 02:33:16,922 [BlockDeletingService#2] INFO  interfaces.ContainerDeletionChoosingPolicyTemplate (ContainerDeletionChoosingPolicyTemplate.java:chooseContainerForBlockDeletion(83)) - Chosen 0/5000 blocks from 0 candidate containers.
2023-04-19 02:33:16,922 [BlockDeletingService#3] INFO  interfaces.ContainerDeletionChoosingPolicyTemplate (ContainerDeletionChoosingPolicyTemplate.java:chooseContainerForBlockDeletion(83)) - Chosen 0/5000 blocks from 0 candidate containers.
2023-04-19 02:33:16,923 [BlockDeletingService#7] INFO  interfaces.ContainerDeletionChoosingPolicyTemplate (ContainerDeletionChoosingPolicyTemplate.java:chooseContainerForBlockDeletion(83)) - Chosen 0/5000 blocks from 0 candidate containers.
2023-04-19 02:33:16,988 [SCMBlockDeletingService#0] DEBUG block.SCMBlockDeletingService (SCMBlockDeletingService.java:shouldRun(251)) - Check scm block delete run: true serviceStatus: RUNNING safemodeExitRunDelayMillis: 3000 alreadyWaitTimeInMillis: 26982
2023-04-19 02:33:16,989 [SCMBlockDeletingService#0] DEBUG block.SCMBlockDeletingService (SCMBlockDeletingService.java:call(154)) - Running DeletedBlockTransactionScanner
2023-04-19 02:33:17,023 [BlockDeletingService#2] INFO  interfaces.ContainerDeletionChoosingPolicyTemplate (ContainerDeletionChoosingPolicyTemplate.java:chooseContainerForBlockDeletion(83)) - Chosen 0/5000 blocks from 0 candidate containers.
2023-04-19 02:33:17,023 [BlockDeletingService#3] INFO  interfaces.ContainerDeletionChoosingPolicyTemplate (ContainerDeletionChoosingPolicyTemplate.java:chooseContainerForBlockDeletion(83)) - Chosen 0/5000 blocks from 0 candidate containers.
2023-04-19 02:33:17,023 [BlockDeletingService#7] INFO  interfaces.ContainerDeletionChoosingPolicyTemplate (ContainerDeletionChoosingPolicyTemplate.java:chooseContainerForBlockDeletion(83)) - Chosen 0/5000 blocks from 0 candidate containers.
2023-04-19 02:33:17,089 [SCMBlockDeletingService#0] DEBUG block.SCMBlockDeletingService (SCMBlockDeletingService.java:shouldRun(251)) - Check scm block delete run: true serviceStatus: RUNNING safemodeExitRunDelayMillis: 3000 alreadyWaitTimeInMillis: 27083
2023-04-19 02:33:17,089 [SCMBlockDeletingService#0] DEBUG block.SCMBlockDeletingService (SCMBlockDeletingService.java:call(154)) - Running DeletedBlockTransactionScanner
2023-04-19 02:33:17,123 [BlockDeletingService#2] INFO  interfaces.ContainerDeletionChoosingPolicyTemplate (ContainerDeletionChoosingPolicyTemplate.java:chooseContainerForBlockDeletion(83)) - Chosen 0/5000 blocks from 0 candidate containers.
2023-04-19 02:33:17,123 [BlockDeletingService#3] INFO  interfaces.ContainerDeletionChoosingPolicyTemplate (ContainerDeletionChoosingPolicyTemplate.java:chooseContainerForBlockDeletion(83)) - Chosen 0/5000 blocks from 0 candidate containers.
2023-04-19 02:33:17,123 [BlockDeletingService#7] INFO  interfaces.ContainerDeletionChoosingPolicyTemplate (ContainerDeletionChoosingPolicyTemplate.java:chooseContainerForBlockDeletion(83)) - Chosen 0/5000 blocks from 0 candidate containers.
2023-04-19 02:33:17,189 [SCMBlockDeletingService#0] DEBUG block.SCMBlockDeletingService (SCMBlockDeletingService.java:shouldRun(251)) - Check scm block delete run: true serviceStatus: RUNNING safemodeExitRunDelayMillis: 3000 alreadyWaitTimeInMillis: 27183
2023-04-19 02:33:17,189 [SCMBlockDeletingService#0] DEBUG block.SCMBlockDeletingService (SCMBlockDeletingService.java:call(154)) - Running DeletedBlockTransactionScanner
2023-04-19 02:33:17,223 [BlockDeletingService#2] INFO  interfaces.ContainerDeletionChoosingPolicyTemplate (ContainerDeletionChoosingPolicyTemplate.java:chooseContainerForBlockDeletion(83)) - Chosen 0/5000 blocks from 0 candidate containers.
2023-04-19 02:33:17,223 [BlockDeletingService#3] INFO  interfaces.ContainerDeletionChoosingPolicyTemplate (ContainerDeletionChoosingPolicyTemplate.java:chooseContainerForBlockDeletion(83)) - Chosen 0/5000 blocks from 0 candidate containers.
2023-04-19 02:33:17,223 [BlockDeletingService#7] INFO  interfaces.ContainerDeletionChoosingPolicyTemplate (ContainerDeletionChoosingPolicyTemplate.java:chooseContainerForBlockDeletion(83)) - Chosen 0/5000 blocks from 0 candidate containers.
2023-04-19 02:33:17,289 [SCMBlockDeletingService#0] DEBUG block.SCMBlockDeletingService (SCMBlockDeletingService.java:shouldRun(251)) - Check scm block delete run: true serviceStatus: RUNNING safemodeExitRunDelayMillis: 3000 alreadyWaitTimeInMillis: 27283
2023-04-19 02:33:17,289 [SCMBlockDeletingService#0] DEBUG block.SCMBlockDeletingService (SCMBlockDeletingService.java:call(154)) - Running DeletedBlockTransactionScanner
2023-04-19 02:33:17,323 [BlockDeletingService#2] INFO  interfaces.ContainerDeletionChoosingPolicyTemplate (ContainerDeletionChoosingPolicyTemplate.java:chooseContainerForBlockDeletion(83)) - Chosen 0/5000 blocks from 0 candidate containers.
2023-04-19 02:33:17,324 [BlockDeletingService#7] INFO  interfaces.ContainerDeletionChoosingPolicyTemplate (ContainerDeletionChoosingPolicyTemplate.java:chooseContainerForBlockDeletion(83)) - Chosen 0/5000 blocks from 0 candidate containers.
2023-04-19 02:33:17,324 [BlockDeletingService#3] INFO  interfaces.ContainerDeletionChoosingPolicyTemplate (ContainerDeletionChoosingPolicyTemplate.java:chooseContainerForBlockDeletion(83)) - Chosen 0/5000 blocks from 0 candidate containers.
2023-04-19 02:33:17,389 [SCMBlockDeletingService#0] DEBUG block.SCMBlockDeletingService (SCMBlockDeletingService.java:shouldRun(251)) - Check scm block delete run: true serviceStatus: RUNNING safemodeExitRunDelayMillis: 3000 alreadyWaitTimeInMillis: 27383
2023-04-19 02:33:17,389 [SCMBlockDeletingService#0] DEBUG block.SCMBlockDeletingService (SCMBlockDeletingService.java:call(154)) - Running DeletedBlockTransactionScanner
2023-04-19 02:33:17,424 [BlockDeletingService#2] INFO  interfaces.ContainerDeletionChoosingPolicyTemplate (ContainerDeletionChoosingPolicyTemplate.java:chooseContainerForBlockDeletion(83)) - Chosen 0/5000 blocks from 0 candidate containers.
2023-04-19 02:33:17,424 [BlockDeletingService#3] INFO  interfaces.ContainerDeletionChoosingPolicyTemplate (ContainerDeletionChoosingPolicyTemplate.java:chooseContainerForBlockDeletion(83)) - Chosen 0/5000 blocks from 0 candidate containers.
2023-04-19 02:33:17,424 [BlockDeletingService#7] INFO  interfaces.ContainerDeletionChoosingPolicyTemplate (ContainerDeletionChoosingPolicyTemplate.java:chooseContainerForBlockDeletion(83)) - Chosen 0/5000 blocks from 0 candidate containers.
2023-04-19 02:33:17,489 [SCMBlockDeletingService#0] DEBUG block.SCMBlockDeletingService (SCMBlockDeletingService.java:shouldRun(251)) - Check scm block delete run: true serviceStatus: RUNNING safemodeExitRunDelayMillis: 3000 alreadyWaitTimeInMillis: 27483
2023-04-19 02:33:17,489 [SCMBlockDeletingService#0] DEBUG block.SCMBlockDeletingService (SCMBlockDeletingService.java:call(154)) - Running DeletedBlockTransactionScanner
2023-04-19 02:33:17,524 [BlockDeletingService#2] INFO  interfaces.ContainerDeletionChoosingPolicyTemplate (ContainerDeletionChoosingPolicyTemplate.java:chooseContainerForBlockDeletion(83)) - Chosen 0/5000 blocks from 0 candidate containers.
2023-04-19 02:33:17,524 [BlockDeletingService#3] INFO  interfaces.ContainerDeletionChoosingPolicyTemplate (ContainerDeletionChoosingPolicyTemplate.java:chooseContainerForBlockDeletion(83)) - Chosen 0/5000 blocks from 0 candidate containers.
2023-04-19 02:33:17,524 [BlockDeletingService#7] INFO  interfaces.ContainerDeletionChoosingPolicyTemplate (ContainerDeletionChoosingPolicyTemplate.java:chooseContainerForBlockDeletion(83)) - Chosen 0/5000 blocks from 0 candidate containers.
2023-04-19 02:33:17,589 [SCMBlockDeletingService#0] DEBUG block.SCMBlockDeletingService (SCMBlockDeletingService.java:shouldRun(251)) - Check scm block delete run: true serviceStatus: RUNNING safemodeExitRunDelayMillis: 3000 alreadyWaitTimeInMillis: 27583
2023-04-19 02:33:17,589 [SCMBlockDeletingService#0] DEBUG block.SCMBlockDeletingService (SCMBlockDeletingService.java:call(154)) - Running DeletedBlockTransactionScanner
2023-04-19 02:33:17,624 [BlockDeletingService#2] INFO  interfaces.ContainerDeletionChoosingPolicyTemplate (ContainerDeletionChoosingPolicyTemplate.java:chooseContainerForBlockDeletion(83)) - Chosen 0/5000 blocks from 0 candidate containers.
2023-04-19 02:33:17,625 [BlockDeletingService#3] INFO  interfaces.ContainerDeletionChoosingPolicyTemplate (ContainerDeletionChoosingPolicyTemplate.java:chooseContainerForBlockDeletion(83)) - Chosen 0/5000 blocks from 0 candidate containers.
2023-04-19 02:33:17,625 [BlockDeletingService#7] INFO  interfaces.ContainerDeletionChoosingPolicyTemplate (ContainerDeletionChoosingPolicyTemplate.java:chooseContainerForBlockDeletion(83)) - Chosen 0/5000 blocks from 0 candidate containers.
2023-04-19 02:33:17,689 [SCMBlockDeletingService#0] DEBUG block.SCMBlockDeletingService (SCMBlockDeletingService.java:shouldRun(251)) - Check scm block delete run: true serviceStatus: RUNNING safemodeExitRunDelayMillis: 3000 alreadyWaitTimeInMillis: 27683
2023-04-19 02:33:17,689 [SCMBlockDeletingService#0] DEBUG block.SCMBlockDeletingService (SCMBlockDeletingService.java:call(154)) - Running DeletedBlockTransactionScanner
2023-04-19 02:33:17,725 [BlockDeletingService#2] INFO  interfaces.ContainerDeletionChoosingPolicyTemplate (ContainerDeletionChoosingPolicyTemplate.java:chooseContainerForBlockDeletion(83)) - Chosen 0/5000 blocks from 0 candidate containers.
2023-04-19 02:33:17,725 [BlockDeletingService#3] INFO  interfaces.ContainerDeletionChoosingPolicyTemplate (ContainerDeletionChoosingPolicyTemplate.java:chooseContainerForBlockDeletion(83)) - Chosen 0/5000 blocks from 0 candidate containers.
2023-04-19 02:33:17,725 [BlockDeletingService#7] INFO  interfaces.ContainerDeletionChoosingPolicyTemplate (ContainerDeletionChoosingPolicyTemplate.java:chooseContainerForBlockDeletion(83)) - Chosen 0/5000 blocks from 0 candidate containers.
2023-04-19 02:33:17,789 [SCMBlockDeletingService#0] DEBUG block.SCMBlockDeletingService (SCMBlockDeletingService.java:shouldRun(251)) - Check scm block delete run: true serviceStatus: RUNNING safemodeExitRunDelayMillis: 3000 alreadyWaitTimeInMillis: 27783
2023-04-19 02:33:17,789 [SCMBlockDeletingService#0] DEBUG block.SCMBlockDeletingService (SCMBlockDeletingService.java:call(154)) - Running DeletedBlockTransactionScanner
2023-04-19 02:33:17,825 [BlockDeletingService#2] INFO  interfaces.ContainerDeletionChoosingPolicyTemplate (ContainerDeletionChoosingPolicyTemplate.java:chooseContainerForBlockDeletion(83)) - Chosen 0/5000 blocks from 0 candidate containers.
2023-04-19 02:33:17,825 [BlockDeletingService#3] INFO  interfaces.ContainerDeletionChoosingPolicyTemplate (ContainerDeletionChoosingPolicyTemplate.java:chooseContainerForBlockDeletion(83)) - Chosen 0/5000 blocks from 0 candidate containers.
2023-04-19 02:33:17,825 [BlockDeletingService#7] INFO  interfaces.ContainerDeletionChoosingPolicyTemplate (ContainerDeletionChoosingPolicyTemplate.java:chooseContainerForBlockDeletion(83)) - Chosen 0/5000 blocks from 0 candidate containers.
2023-04-19 02:33:17,889 [SCMBlockDeletingService#0] DEBUG block.SCMBlockDeletingService (SCMBlockDeletingService.java:shouldRun(251)) - Check scm block delete run: true serviceStatus: RUNNING safemodeExitRunDelayMillis: 3000 alreadyWaitTimeInMillis: 27883
2023-04-19 02:33:17,889 [SCMBlockDeletingService#0] DEBUG block.SCMBlockDeletingService (SCMBlockDeletingService.java:call(154)) - Running DeletedBlockTransactionScanner
2023-04-19 02:33:17,925 [BlockDeletingService#2] INFO  interfaces.ContainerDeletionChoosingPolicyTemplate (ContainerDeletionChoosingPolicyTemplate.java:chooseContainerForBlockDeletion(83)) - Chosen 0/5000 blocks from 0 candidate containers.
2023-04-19 02:33:17,926 [BlockDeletingService#3] INFO  interfaces.ContainerDeletionChoosingPolicyTemplate (ContainerDeletionChoosingPolicyTemplate.java:chooseContainerForBlockDeletion(83)) - Chosen 0/5000 blocks from 0 candidate containers.
2023-04-19 02:33:17,926 [BlockDeletingService#7] INFO  interfaces.ContainerDeletionChoosingPolicyTemplate (ContainerDeletionChoosingPolicyTemplate.java:chooseContainerForBlockDeletion(83)) - Chosen 0/5000 blocks from 0 candidate containers.
2023-04-19 02:33:17,989 [SCMBlockDeletingService#0] DEBUG block.SCMBlockDeletingService (SCMBlockDeletingService.java:shouldRun(251)) - Check scm block delete run: true serviceStatus: RUNNING safemodeExitRunDelayMillis: 3000 alreadyWaitTimeInMillis: 27983
2023-04-19 02:33:17,989 [SCMBlockDeletingService#0] DEBUG block.SCMBlockDeletingService (SCMBlockDeletingService.java:call(154)) - Running DeletedBlockTransactionScanner
2023-04-19 02:33:18,026 [BlockDeletingService#2] INFO  interfaces.ContainerDeletionChoosingPolicyTemplate (ContainerDeletionChoosingPolicyTemplate.java:chooseContainerForBlockDeletion(83)) - Chosen 0/5000 blocks from 0 candidate containers.
2023-04-19 02:33:18,026 [BlockDeletingService#3] INFO  interfaces.ContainerDeletionChoosingPolicyTemplate (ContainerDeletionChoosingPolicyTemplate.java:chooseContainerForBlockDeletion(83)) - Chosen 0/5000 blocks from 0 candidate containers.
2023-04-19 02:33:18,026 [BlockDeletingService#7] INFO  interfaces.ContainerDeletionChoosingPolicyTemplate (ContainerDeletionChoosingPolicyTemplate.java:chooseContainerForBlockDeletion(83)) - Chosen 0/5000 blocks from 0 candidate containers.
2023-04-19 02:33:18,089 [SCMBlockDeletingService#0] DEBUG block.SCMBlockDeletingService (SCMBlockDeletingService.java:shouldRun(251)) - Check scm block delete run: true serviceStatus: RUNNING safemodeExitRunDelayMillis: 3000 alreadyWaitTimeInMillis: 28083
2023-04-19 02:33:18,090 [SCMBlockDeletingService#0] DEBUG block.SCMBlockDeletingService (SCMBlockDeletingService.java:call(154)) - Running DeletedBlockTransactionScanner
2023-04-19 02:33:18,126 [BlockDeletingService#2] INFO  interfaces.ContainerDeletionChoosingPolicyTemplate (ContainerDeletionChoosingPolicyTemplate.java:chooseContainerForBlockDeletion(83)) - Chosen 0/5000 blocks from 0 candidate containers.
2023-04-19 02:33:18,126 [BlockDeletingService#3] INFO  interfaces.ContainerDeletionChoosingPolicyTemplate (ContainerDeletionChoosingPolicyTemplate.java:chooseContainerForBlockDeletion(83)) - Chosen 0/5000 blocks from 0 candidate containers.
2023-04-19 02:33:18,126 [BlockDeletingService#7] INFO  interfaces.ContainerDeletionChoosingPolicyTemplate (ContainerDeletionChoosingPolicyTemplate.java:chooseContainerForBlockDeletion(83)) - Chosen 0/5000 blocks from 0 candidate containers.
2023-04-19 02:33:18,189 [SCMBlockDeletingService#0] DEBUG block.SCMBlockDeletingService (SCMBlockDeletingService.java:shouldRun(251)) - Check scm block delete run: true serviceStatus: RUNNING safemodeExitRunDelayMillis: 3000 alreadyWaitTimeInMillis: 28183
2023-04-19 02:33:18,190 [SCMBlockDeletingService#0] DEBUG block.SCMBlockDeletingService (SCMBlockDeletingService.java:call(154)) - Running DeletedBlockTransactionScanner
2023-04-19 02:33:18,226 [BlockDeletingService#2] INFO  interfaces.ContainerDeletionChoosingPolicyTemplate (ContainerDeletionChoosingPolicyTemplate.java:chooseContainerForBlockDeletion(83)) - Chosen 0/5000 blocks from 0 candidate containers.
2023-04-19 02:33:18,226 [BlockDeletingService#7] INFO  interfaces.ContainerDeletionChoosingPolicyTemplate (ContainerDeletionChoosingPolicyTemplate.java:chooseContainerForBlockDeletion(83)) - Chosen 0/5000 blocks from 0 candidate containers.
2023-04-19 02:33:18,226 [BlockDeletingService#3] INFO  interfaces.ContainerDeletionChoosingPolicyTemplate (ContainerDeletionChoosingPolicyTemplate.java:chooseContainerForBlockDeletion(83)) - Chosen 0/5000 blocks from 0 candidate containers.
2023-04-19 02:33:18,290 [SCMBlockDeletingService#0] DEBUG block.SCMBlockDeletingService (SCMBlockDeletingService.java:shouldRun(251)) - Check scm block delete run: true serviceStatus: RUNNING safemodeExitRunDelayMillis: 3000 alreadyWaitTimeInMillis: 28284
2023-04-19 02:33:18,290 [SCMBlockDeletingService#0] DEBUG block.SCMBlockDeletingService (SCMBlockDeletingService.java:call(154)) - Running DeletedBlockTransactionScanner
2023-04-19 02:33:18,326 [BlockDeletingService#2] INFO  interfaces.ContainerDeletionChoosingPolicyTemplate (ContainerDeletionChoosingPolicyTemplate.java:chooseContainerForBlockDeletion(83)) - Chosen 0/5000 blocks from 0 candidate containers.
2023-04-19 02:33:18,327 [BlockDeletingService#7] INFO  interfaces.ContainerDeletionChoosingPolicyTemplate (ContainerDeletionChoosingPolicyTemplate.java:chooseContainerForBlockDeletion(83)) - Chosen 0/5000 blocks from 0 candidate containers.
2023-04-19 02:33:18,327 [BlockDeletingService#3] INFO  interfaces.ContainerDeletionChoosingPolicyTemplate (ContainerDeletionChoosingPolicyTemplate.java:chooseContainerForBlockDeletion(83)) - Chosen 0/5000 blocks from 0 candidate containers.
2023-04-19 02:33:18,390 [SCMBlockDeletingService#0] DEBUG block.SCMBlockDeletingService (SCMBlockDeletingService.java:shouldRun(251)) - Check scm block delete run: true serviceStatus: RUNNING safemodeExitRunDelayMillis: 3000 alreadyWaitTimeInMillis: 28384
2023-04-19 02:33:18,390 [SCMBlockDeletingService#0] DEBUG block.SCMBlockDeletingService (SCMBlockDeletingService.java:call(154)) - Running DeletedBlockTransactionScanner
2023-04-19 02:33:18,427 [BlockDeletingService#2] INFO  interfaces.ContainerDeletionChoosingPolicyTemplate (ContainerDeletionChoosingPolicyTemplate.java:chooseContainerForBlockDeletion(83)) - Chosen 0/5000 blocks from 0 candidate containers.
2023-04-19 02:33:18,427 [BlockDeletingService#7] INFO  interfaces.ContainerDeletionChoosingPolicyTemplate (ContainerDeletionChoosingPolicyTemplate.java:chooseContainerForBlockDeletion(83)) - Chosen 0/5000 blocks from 0 candidate containers.
2023-04-19 02:33:18,427 [BlockDeletingService#3] INFO  interfaces.ContainerDeletionChoosingPolicyTemplate (ContainerDeletionChoosingPolicyTemplate.java:chooseContainerForBlockDeletion(83)) - Chosen 0/5000 blocks from 0 candidate containers.
2023-04-19 02:33:18,490 [SCMBlockDeletingService#0] DEBUG block.SCMBlockDeletingService (SCMBlockDeletingService.java:shouldRun(251)) - Check scm block delete run: true serviceStatus: RUNNING safemodeExitRunDelayMillis: 3000 alreadyWaitTimeInMillis: 28484
2023-04-19 02:33:18,490 [SCMBlockDeletingService#0] DEBUG block.SCMBlockDeletingService (SCMBlockDeletingService.java:call(154)) - Running DeletedBlockTransactionScanner
2023-04-19 02:33:18,527 [BlockDeletingService#2] INFO  interfaces.ContainerDeletionChoosingPolicyTemplate (ContainerDeletionChoosingPolicyTemplate.java:chooseContainerForBlockDeletion(83)) - Chosen 0/5000 blocks from 0 candidate containers.
2023-04-19 02:33:18,527 [BlockDeletingService#7] INFO  interfaces.ContainerDeletionChoosingPolicyTemplate (ContainerDeletionChoosingPolicyTemplate.java:chooseContainerForBlockDeletion(83)) - Chosen 0/5000 blocks from 0 candidate containers.
2023-04-19 02:33:18,527 [BlockDeletingService#3] INFO  interfaces.ContainerDeletionChoosingPolicyTemplate (ContainerDeletionChoosingPolicyTemplate.java:chooseContainerForBlockDeletion(83)) - Chosen 0/5000 blocks from 0 candidate containers.
2023-04-19 02:33:18,590 [SCMBlockDeletingService#0] DEBUG block.SCMBlockDeletingService (SCMBlockDeletingService.java:shouldRun(251)) - Check scm block delete run: true serviceStatus: RUNNING safemodeExitRunDelayMillis: 3000 alreadyWaitTimeInMillis: 28584
2023-04-19 02:33:18,590 [SCMBlockDeletingService#0] DEBUG block.SCMBlockDeletingService (SCMBlockDeletingService.java:call(154)) - Running DeletedBlockTransactionScanner
2023-04-19 02:33:18,627 [BlockDeletingService#2] INFO  interfaces.ContainerDeletionChoosingPolicyTemplate (ContainerDeletionChoosingPolicyTemplate.java:chooseContainerForBlockDeletion(83)) - Chosen 0/5000 blocks from 0 candidate containers.
2023-04-19 02:33:18,627 [BlockDeletingService#7] INFO  interfaces.ContainerDeletionChoosingPolicyTemplate (ContainerDeletionChoosingPolicyTemplate.java:chooseContainerForBlockDeletion(83)) - Chosen 0/5000 blocks from 0 candidate containers.
2023-04-19 02:33:18,628 [BlockDeletingService#3] INFO  interfaces.ContainerDeletionChoosingPolicyTemplate (ContainerDeletionChoosingPolicyTemplate.java:chooseContainerForBlockDeletion(83)) - Chosen 0/5000 blocks from 0 candidate containers.
2023-04-19 02:33:18,690 [SCMBlockDeletingService#0] DEBUG block.SCMBlockDeletingService (SCMBlockDeletingService.java:shouldRun(251)) - Check scm block delete run: true serviceStatus: RUNNING safemodeExitRunDelayMillis: 3000 alreadyWaitTimeInMillis: 28684
2023-04-19 02:33:18,690 [SCMBlockDeletingService#0] DEBUG block.SCMBlockDeletingService (SCMBlockDeletingService.java:call(154)) - Running DeletedBlockTransactionScanner
2023-04-19 02:33:18,727 [BlockDeletingService#2] INFO  interfaces.ContainerDeletionChoosingPolicyTemplate (ContainerDeletionChoosingPolicyTemplate.java:chooseContainerForBlockDeletion(83)) - Chosen 0/5000 blocks from 0 candidate containers.
2023-04-19 02:33:18,727 [BlockDeletingService#7] INFO  interfaces.ContainerDeletionChoosingPolicyTemplate (ContainerDeletionChoosingPolicyTemplate.java:chooseContainerForBlockDeletion(83)) - Chosen 0/5000 blocks from 0 candidate containers.
2023-04-19 02:33:18,728 [BlockDeletingService#3] INFO  interfaces.ContainerDeletionChoosingPolicyTemplate (ContainerDeletionChoosingPolicyTemplate.java:chooseContainerForBlockDeletion(83)) - Chosen 0/5000 blocks from 0 candidate containers.
2023-04-19 02:33:18,790 [SCMBlockDeletingService#0] DEBUG block.SCMBlockDeletingService (SCMBlockDeletingService.java:shouldRun(251)) - Check scm block delete run: true serviceStatus: RUNNING safemodeExitRunDelayMillis: 3000 alreadyWaitTimeInMillis: 28784
2023-04-19 02:33:18,790 [SCMBlockDeletingService#0] DEBUG block.SCMBlockDeletingService (SCMBlockDeletingService.java:call(154)) - Running DeletedBlockTransactionScanner
2023-04-19 02:33:18,828 [BlockDeletingService#2] INFO  interfaces.ContainerDeletionChoosingPolicyTemplate (ContainerDeletionChoosingPolicyTemplate.java:chooseContainerForBlockDeletion(83)) - Chosen 0/5000 blocks from 0 candidate containers.
2023-04-19 02:33:18,828 [BlockDeletingService#7] INFO  interfaces.ContainerDeletionChoosingPolicyTemplate (ContainerDeletionChoosingPolicyTemplate.java:chooseContainerForBlockDeletion(83)) - Chosen 0/5000 blocks from 0 candidate containers.
2023-04-19 02:33:18,828 [BlockDeletingService#3] INFO  interfaces.ContainerDeletionChoosingPolicyTemplate (ContainerDeletionChoosingPolicyTemplate.java:chooseContainerForBlockDeletion(83)) - Chosen 0/5000 blocks from 0 candidate containers.
2023-04-19 02:33:18,848 [Listener at 127.0.0.1/44187] WARN  commandhandler.TestBlockDeletion (TestBlockDeletion.java:lambda$testBlockDeletion$4(265)) - Verify blocks deletion failed
org.opentest4j.AssertionFailedError: expected: <null> but was: <[blockId=conID: 1 locID: 111677748019200001 bcsId: 16, size=4194304]>
	at org.junit.jupiter.api.AssertionUtils.fail(AssertionUtils.java:55)
	at org.junit.jupiter.api.AssertNull.failNotNull(AssertNull.java:54)
	at org.junit.jupiter.api.AssertNull.assertNull(AssertNull.java:38)
	at org.junit.jupiter.api.AssertNull.assertNull(AssertNull.java:33)
	at org.junit.jupiter.api.Assertions.assertNull(Assertions.java:275)
	at org.apache.hadoop.ozone.container.common.statemachine.commandhandler.TestBlockDeletion.lambda$verifyBlocksDeleted$17(TestBlockDeletion.java:484)
	at org.apache.hadoop.ozone.OzoneTestUtils.performOperationOnKeyContainers(OzoneTestUtils.java:140)
	at org.apache.hadoop.ozone.container.common.statemachine.commandhandler.TestBlockDeletion.verifyBlocksDeleted(TestBlockDeletion.java:474)
	at org.apache.hadoop.ozone.container.common.statemachine.commandhandler.TestBlockDeletion.lambda$testBlockDeletion$4(TestBlockDeletion.java:262)
	at org.apache.ozone.test.GenericTestUtils.waitFor(GenericTestUtils.java:225)
	at org.apache.hadoop.ozone.container.common.statemachine.commandhandler.TestBlockDeletion.testBlockDeletion(TestBlockDeletion.java:260)
	at sun.reflect.NativeMethodAccessorImpl.invoke0(Native Method)
	at sun.reflect.NativeMethodAccessorImpl.invoke(NativeMethodAccessorImpl.java:62)
	at sun.reflect.DelegatingMethodAccessorImpl.invoke(DelegatingMethodAccessorImpl.java:43)
	at java.lang.reflect.Method.invoke(Method.java:498)
	at org.junit.platform.commons.util.ReflectionUtils.invokeMethod(ReflectionUtils.java:725)
	at org.junit.jupiter.engine.execution.MethodInvocation.proceed(MethodInvocation.java:60)
	at org.junit.jupiter.engine.execution.InvocationInterceptorChain$ValidatingInvocation.proceed(InvocationInterceptorChain.java:131)
	at org.junit.jupiter.engine.extension.TimeoutExtension.intercept(TimeoutExtension.java:149)
	at org.junit.jupiter.engine.extension.TimeoutExtension.interceptTestableMethod(TimeoutExtension.java:140)
	at org.junit.jupiter.engine.extension.TimeoutExtension.interceptTestTemplateMethod(TimeoutExtension.java:92)
	at org.junit.jupiter.engine.execution.ExecutableInvoker$ReflectiveInterceptorCall.lambda$ofVoidMethod$0(ExecutableInvoker.java:115)
	at org.junit.jupiter.engine.execution.ExecutableInvoker.lambda$invoke$0(ExecutableInvoker.java:105)
	at org.junit.jupiter.engine.execution.InvocationInterceptorChain$InterceptedInvocation.proceed(InvocationInterceptorChain.java:106)
	at org.junit.jupiter.engine.execution.InvocationInterceptorChain.proceed(InvocationInterceptorChain.java:64)
	at org.junit.jupiter.engine.execution.InvocationInterceptorChain.chainAndInvoke(InvocationInterceptorChain.java:45)
	at org.junit.jupiter.engine.execution.InvocationInterceptorChain.invoke(InvocationInterceptorChain.java:37)
	at org.junit.jupiter.engine.execution.ExecutableInvoker.invoke(ExecutableInvoker.java:104)
	at org.junit.jupiter.engine.execution.ExecutableInvoker.invoke(ExecutableInvoker.java:98)
	at org.junit.jupiter.engine.descriptor.TestMethodTestDescriptor.lambda$invokeTestMethod$7(TestMethodTestDescriptor.java:214)
	at org.junit.platform.engine.support.hierarchical.ThrowableCollector.execute(ThrowableCollector.java:73)
	at org.junit.jupiter.engine.descriptor.TestMethodTestDescriptor.invokeTestMethod(TestMethodTestDescriptor.java:210)
	at org.junit.jupiter.engine.descriptor.TestMethodTestDescriptor.execute(TestMethodTestDescriptor.java:135)
	at org.junit.jupiter.engine.descriptor.TestMethodTestDescriptor.execute(TestMethodTestDescriptor.java:66)
	at org.junit.platform.engine.support.hierarchical.NodeTestTask.lambda$executeRecursively$6(NodeTestTask.java:151)
	at org.junit.platform.engine.support.hierarchical.ThrowableCollector.execute(ThrowableCollector.java:73)
	at org.junit.platform.engine.support.hierarchical.NodeTestTask.lambda$executeRecursively$8(NodeTestTask.java:141)
	at org.junit.platform.engine.support.hierarchical.Node.around(Node.java:137)
	at org.junit.platform.engine.support.hierarchical.NodeTestTask.lambda$executeRecursively$9(NodeTestTask.java:139)
	at org.junit.platform.engine.support.hierarchical.ThrowableCollector.execute(ThrowableCollector.java:73)
	at org.junit.platform.engine.support.hierarchical.NodeTestTask.executeRecursively(NodeTestTask.java:138)
	at org.junit.platform.engine.support.hierarchical.NodeTestTask.execute(NodeTestTask.java:95)
	at org.junit.platform.engine.support.hierarchical.SameThreadHierarchicalTestExecutorService.submit(SameThreadHierarchicalTestExecutorService.java:35)
	at org.junit.platform.engine.support.hierarchical.NodeTestTask$DefaultDynamicTestExecutor.execute(NodeTestTask.java:226)
	at org.junit.platform.engine.support.hierarchical.NodeTestTask$DefaultDynamicTestExecutor.execute(NodeTestTask.java:204)
	at org.junit.jupiter.engine.descriptor.TestTemplateTestDescriptor.execute(TestTemplateTestDescriptor.java:139)
	at org.junit.jupiter.engine.descriptor.TestTemplateTestDescriptor.lambda$execute$2(TestTemplateTestDescriptor.java:107)
	at java.util.stream.ForEachOps$ForEachOp$OfRef.accept(ForEachOps.java:183)
	at java.util.stream.ReferencePipeline$3$1.accept(ReferencePipeline.java:193)
	at java.util.stream.ReferencePipeline$2$1.accept(ReferencePipeline.java:175)
	at java.util.stream.ReferencePipeline$3$1.accept(ReferencePipeline.java:193)
	at java.util.stream.ForEachOps$ForEachOp$OfRef.accept(ForEachOps.java:183)
	at java.util.stream.ReferencePipeline$3$1.accept(ReferencePipeline.java:193)
	at java.util.stream.ReferencePipeline$3$1.accept(ReferencePipeline.java:193)
	at java.util.stream.ReferencePipeline$3$1.accept(ReferencePipeline.java:193)
	at java.util.stream.ForEachOps$ForEachOp$OfRef.accept(ForEachOps.java:183)
	at java.util.stream.ReferencePipeline$3$1.accept(ReferencePipeline.java:193)
	at java.util.Spliterators$ArraySpliterator.forEachRemaining(Spliterators.java:948)
	at java.util.stream.ReferencePipeline$Head.forEach(ReferencePipeline.java:647)
	at java.util.stream.ReferencePipeline$7$1.accept(ReferencePipeline.java:272)
	at java.util.stream.ReferencePipeline$3$1.accept(ReferencePipeline.java:193)
	at java.util.stream.ReferencePipeline$3$1.accept(ReferencePipeline.java:193)
	at java.util.Spliterators$ArraySpliterator.forEachRemaining(Spliterators.java:948)
	at java.util.stream.AbstractPipeline.copyInto(AbstractPipeline.java:482)
	at java.util.stream.AbstractPipeline.wrapAndCopyInto(AbstractPipeline.java:472)
	at java.util.stream.ForEachOps$ForEachOp.evaluateSequential(ForEachOps.java:150)
	at java.util.stream.ForEachOps$ForEachOp$OfRef.evaluateSequential(ForEachOps.java:173)
	at java.util.stream.AbstractPipeline.evaluate(AbstractPipeline.java:234)
	at java.util.stream.ReferencePipeline.forEach(ReferencePipeline.java:485)
	at java.util.stream.ReferencePipeline$7$1.accept(ReferencePipeline.java:272)
	at java.util.stream.ReferencePipeline$3$1.accept(ReferencePipeline.java:193)
	at java.util.stream.ReferencePipeline$3$1.accept(ReferencePipeline.java:193)
	at java.util.stream.ReferencePipeline$3$1.accept(ReferencePipeline.java:193)
	at java.util.ArrayList$ArrayListSpliterator.forEachRemaining(ArrayList.java:1384)
	at java.util.stream.AbstractPipeline.copyInto(AbstractPipeline.java:482)
	at java.util.stream.AbstractPipeline.wrapAndCopyInto(AbstractPipeline.java:472)
	at java.util.stream.ForEachOps$ForEachOp.evaluateSequential(ForEachOps.java:150)
	at java.util.stream.ForEachOps$ForEachOp$OfRef.evaluateSequential(ForEachOps.java:173)
	at java.util.stream.AbstractPipeline.evaluate(AbstractPipeline.java:234)
	at java.util.stream.ReferencePipeline.forEach(ReferencePipeline.java:485)
	at java.util.stream.ReferencePipeline$7$1.accept(ReferencePipeline.java:272)
	at java.util.ArrayList$ArrayListSpliterator.forEachRemaining(ArrayList.java:1384)
	at java.util.stream.AbstractPipeline.copyInto(AbstractPipeline.java:482)
	at java.util.stream.AbstractPipeline.wrapAndCopyInto(AbstractPipeline.java:472)
	at java.util.stream.ForEachOps$ForEachOp.evaluateSequential(ForEachOps.java:150)
	at java.util.stream.ForEachOps$ForEachOp$OfRef.evaluateSequential(ForEachOps.java:173)
	at java.util.stream.AbstractPipeline.evaluate(AbstractPipeline.java:234)
	at java.util.stream.ReferencePipeline.forEach(ReferencePipeline.java:485)
	at org.junit.jupiter.engine.descriptor.TestTemplateTestDescriptor.execute(TestTemplateTestDescriptor.java:107)
	at org.junit.jupiter.engine.descriptor.TestTemplateTestDescriptor.execute(TestTemplateTestDescriptor.java:42)
	at org.junit.platform.engine.support.hierarchical.NodeTestTask.lambda$executeRecursively$6(NodeTestTask.java:151)
	at org.junit.platform.engine.support.hierarchical.ThrowableCollector.execute(ThrowableCollector.java:73)
	at org.junit.platform.engine.support.hierarchical.NodeTestTask.lambda$executeRecursively$8(NodeTestTask.java:141)
	at org.junit.platform.engine.support.hierarchical.Node.around(Node.java:137)
	at org.junit.platform.engine.support.hierarchical.NodeTestTask.lambda$executeRecursively$9(NodeTestTask.java:139)
	at org.junit.platform.engine.support.hierarchical.ThrowableCollector.execute(ThrowableCollector.java:73)
	at org.junit.platform.engine.support.hierarchical.NodeTestTask.executeRecursively(NodeTestTask.java:138)
	at org.junit.platform.engine.support.hierarchical.NodeTestTask.execute(NodeTestTask.java:95)
	at java.util.ArrayList.forEach(ArrayList.java:1259)
	at org.junit.platform.engine.support.hierarchical.SameThreadHierarchicalTestExecutorService.invokeAll(SameThreadHierarchicalTestExecutorService.java:41)
	at org.junit.platform.engine.support.hierarchical.NodeTestTask.lambda$executeRecursively$6(NodeTestTask.java:155)
	at org.junit.platform.engine.support.hierarchical.ThrowableCollector.execute(ThrowableCollector.java:73)
	at org.junit.platform.engine.support.hierarchical.NodeTestTask.lambda$executeRecursively$8(NodeTestTask.java:141)
	at org.junit.platform.engine.support.hierarchical.Node.around(Node.java:137)
	at org.junit.platform.engine.support.hierarchical.NodeTestTask.lambda$executeRecursively$9(NodeTestTask.java:139)
	at org.junit.platform.engine.support.hierarchical.ThrowableCollector.execute(ThrowableCollector.java:73)
	at org.junit.platform.engine.support.hierarchical.NodeTestTask.executeRecursively(NodeTestTask.java:138)
	at org.junit.platform.engine.support.hierarchical.NodeTestTask.execute(NodeTestTask.java:95)
	at java.util.ArrayList.forEach(ArrayList.java:1259)
	at org.junit.platform.engine.support.hierarchical.SameThreadHierarchicalTestExecutorService.invokeAll(SameThreadHierarchicalTestExecutorService.java:41)
	at org.junit.platform.engine.support.hierarchical.NodeTestTask.lambda$executeRecursively$6(NodeTestTask.java:155)
	at org.junit.platform.engine.support.hierarchical.ThrowableCollector.execute(ThrowableCollector.java:73)
	at org.junit.platform.engine.support.hierarchical.NodeTestTask.lambda$executeRecursively$8(NodeTestTask.java:141)
	at org.junit.platform.engine.support.hierarchical.Node.around(Node.java:137)
	at org.junit.platform.engine.support.hierarchical.NodeTestTask.lambda$executeRecursively$9(NodeTestTask.java:139)
	at org.junit.platform.engine.support.hierarchical.ThrowableCollector.execute(ThrowableCollector.java:73)
	at org.junit.platform.engine.support.hierarchical.NodeTestTask.executeRecursively(NodeTestTask.java:138)
	at org.junit.platform.engine.support.hierarchical.NodeTestTask.execute(NodeTestTask.java:95)
	at org.junit.platform.engine.support.hierarchical.SameThreadHierarchicalTestExecutorService.submit(SameThreadHierarchicalTestExecutorService.java:35)
	at org.junit.platform.engine.support.hierarchical.HierarchicalTestExecutor.execute(HierarchicalTestExecutor.java:57)
	at org.junit.platform.engine.support.hierarchical.HierarchicalTestEngine.execute(HierarchicalTestEngine.java:54)
	at org.junit.platform.launcher.core.EngineExecutionOrchestrator.execute(EngineExecutionOrchestrator.java:107)
	at org.junit.platform.launcher.core.EngineExecutionOrchestrator.execute(EngineExecutionOrchestrator.java:88)
	at org.junit.platform.launcher.core.EngineExecutionOrchestrator.lambda$execute$0(EngineExecutionOrchestrator.java:54)
	at org.junit.platform.launcher.core.EngineExecutionOrchestrator.withInterceptedStreams(EngineExecutionOrchestrator.java:67)
	at org.junit.platform.launcher.core.EngineExecutionOrchestrator.execute(EngineExecutionOrchestrator.java:52)
	at org.junit.platform.launcher.core.DefaultLauncher.execute(DefaultLauncher.java:114)
	at org.junit.platform.launcher.core.DefaultLauncher.execute(DefaultLauncher.java:86)
	at org.junit.platform.launcher.core.DefaultLauncherSession$DelegatingLauncher.execute(DefaultLauncherSession.java:86)
	at org.junit.platform.launcher.core.SessionPerRequestLauncher.execute(SessionPerRequestLauncher.java:53)
	at org.apache.maven.surefire.junitplatform.JUnitPlatformProvider.execute(JUnitPlatformProvider.java:188)
	at org.apache.maven.surefire.junitplatform.JUnitPlatformProvider.invokeAllTests(JUnitPlatformProvider.java:154)
	at org.apache.maven.surefire.junitplatform.JUnitPlatformProvider.invoke(JUnitPlatformProvider.java:124)
	at org.apache.maven.surefire.booter.ForkedBooter.runSuitesInProcess(ForkedBooter.java:428)
	at org.apache.maven.surefire.booter.ForkedBooter.execute(ForkedBooter.java:162)
	at org.apache.maven.surefire.booter.ForkedBooter.run(ForkedBooter.java:562)
	at org.apache.maven.surefire.booter.ForkedBooter.main(ForkedBooter.java:548)
2023-04-19 02:33:18,890 [SCMBlockDeletingService#0] DEBUG block.SCMBlockDeletingService (SCMBlockDeletingService.java:shouldRun(251)) - Check scm block delete run: true serviceStatus: RUNNING safemodeExitRunDelayMillis: 3000 alreadyWaitTimeInMillis: 28884
2023-04-19 02:33:18,890 [SCMBlockDeletingService#0] DEBUG block.SCMBlockDeletingService (SCMBlockDeletingService.java:call(154)) - Running DeletedBlockTransactionScanner
2023-04-19 02:33:18,928 [BlockDeletingService#2] INFO  interfaces.ContainerDeletionChoosingPolicyTemplate (ContainerDeletionChoosingPolicyTemplate.java:chooseContainerForBlockDeletion(83)) - Chosen 0/5000 blocks from 0 candidate containers.
2023-04-19 02:33:18,928 [BlockDeletingService#3] INFO  interfaces.ContainerDeletionChoosingPolicyTemplate (ContainerDeletionChoosingPolicyTemplate.java:chooseContainerForBlockDeletion(83)) - Chosen 0/5000 blocks from 0 candidate containers.
2023-04-19 02:33:18,928 [BlockDeletingService#7] INFO  interfaces.ContainerDeletionChoosingPolicyTemplate (ContainerDeletionChoosingPolicyTemplate.java:chooseContainerForBlockDeletion(83)) - Chosen 0/5000 blocks from 0 candidate containers.
2023-04-19 02:33:18,990 [SCMBlockDeletingService#0] DEBUG block.SCMBlockDeletingService (SCMBlockDeletingService.java:shouldRun(251)) - Check scm block delete run: true serviceStatus: RUNNING safemodeExitRunDelayMillis: 3000 alreadyWaitTimeInMillis: 28984
2023-04-19 02:33:18,990 [SCMBlockDeletingService#0] DEBUG block.SCMBlockDeletingService (SCMBlockDeletingService.java:call(154)) - Running DeletedBlockTransactionScanner
2023-04-19 02:33:19,028 [BlockDeletingService#2] INFO  interfaces.ContainerDeletionChoosingPolicyTemplate (ContainerDeletionChoosingPolicyTemplate.java:chooseContainerForBlockDeletion(83)) - Chosen 0/5000 blocks from 0 candidate containers.
2023-04-19 02:33:19,029 [BlockDeletingService#3] INFO  interfaces.ContainerDeletionChoosingPolicyTemplate (ContainerDeletionChoosingPolicyTemplate.java:chooseContainerForBlockDeletion(83)) - Chosen 0/5000 blocks from 0 candidate containers.
2023-04-19 02:33:19,029 [BlockDeletingService#7] INFO  interfaces.ContainerDeletionChoosingPolicyTemplate (ContainerDeletionChoosingPolicyTemplate.java:chooseContainerForBlockDeletion(83)) - Chosen 0/5000 blocks from 0 candidate containers.
2023-04-19 02:33:19,090 [SCMBlockDeletingService#0] DEBUG block.SCMBlockDeletingService (SCMBlockDeletingService.java:shouldRun(251)) - Check scm block delete run: true serviceStatus: RUNNING safemodeExitRunDelayMillis: 3000 alreadyWaitTimeInMillis: 29084
2023-04-19 02:33:19,090 [SCMBlockDeletingService#0] DEBUG block.SCMBlockDeletingService (SCMBlockDeletingService.java:call(154)) - Running DeletedBlockTransactionScanner
2023-04-19 02:33:19,129 [BlockDeletingService#2] INFO  interfaces.ContainerDeletionChoosingPolicyTemplate (ContainerDeletionChoosingPolicyTemplate.java:chooseContainerForBlockDeletion(83)) - Chosen 0/5000 blocks from 0 candidate containers.
2023-04-19 02:33:19,129 [BlockDeletingService#3] INFO  interfaces.ContainerDeletionChoosingPolicyTemplate (ContainerDeletionChoosingPolicyTemplate.java:chooseContainerForBlockDeletion(83)) - Chosen 0/5000 blocks from 0 candidate containers.
2023-04-19 02:33:19,129 [BlockDeletingService#7] INFO  interfaces.ContainerDeletionChoosingPolicyTemplate (ContainerDeletionChoosingPolicyTemplate.java:chooseContainerForBlockDeletion(83)) - Chosen 0/5000 blocks from 0 candidate containers.
2023-04-19 02:33:19,190 [SCMBlockDeletingService#0] DEBUG block.SCMBlockDeletingService (SCMBlockDeletingService.java:shouldRun(251)) - Check scm block delete run: true serviceStatus: RUNNING safemodeExitRunDelayMillis: 3000 alreadyWaitTimeInMillis: 29184
2023-04-19 02:33:19,190 [SCMBlockDeletingService#0] DEBUG block.SCMBlockDeletingService (SCMBlockDeletingService.java:call(154)) - Running DeletedBlockTransactionScanner
2023-04-19 02:33:19,229 [BlockDeletingService#2] INFO  interfaces.ContainerDeletionChoosingPolicyTemplate (ContainerDeletionChoosingPolicyTemplate.java:chooseContainerForBlockDeletion(83)) - Chosen 0/5000 blocks from 0 candidate containers.
2023-04-19 02:33:19,229 [BlockDeletingService#3] INFO  interfaces.ContainerDeletionChoosingPolicyTemplate (ContainerDeletionChoosingPolicyTemplate.java:chooseContainerForBlockDeletion(83)) - Chosen 0/5000 blocks from 0 candidate containers.
2023-04-19 02:33:19,229 [BlockDeletingService#7] INFO  interfaces.ContainerDeletionChoosingPolicyTemplate (ContainerDeletionChoosingPolicyTemplate.java:chooseContainerForBlockDeletion(83)) - Chosen 0/5000 blocks from 0 candidate containers.
2023-04-19 02:33:19,290 [SCMBlockDeletingService#0] DEBUG block.SCMBlockDeletingService (SCMBlockDeletingService.java:shouldRun(251)) - Check scm block delete run: true serviceStatus: RUNNING safemodeExitRunDelayMillis: 3000 alreadyWaitTimeInMillis: 29284
2023-04-19 02:33:19,290 [SCMBlockDeletingService#0] DEBUG block.SCMBlockDeletingService (SCMBlockDeletingService.java:call(154)) - Running DeletedBlockTransactionScanner
2023-04-19 02:33:19,329 [BlockDeletingService#2] INFO  interfaces.ContainerDeletionChoosingPolicyTemplate (ContainerDeletionChoosingPolicyTemplate.java:chooseContainerForBlockDeletion(83)) - Chosen 0/5000 blocks from 0 candidate containers.
2023-04-19 02:33:19,330 [BlockDeletingService#7] INFO  interfaces.ContainerDeletionChoosingPolicyTemplate (ContainerDeletionChoosingPolicyTemplate.java:chooseContainerForBlockDeletion(83)) - Chosen 0/5000 blocks from 0 candidate containers.
2023-04-19 02:33:19,330 [BlockDeletingService#3] INFO  interfaces.ContainerDeletionChoosingPolicyTemplate (ContainerDeletionChoosingPolicyTemplate.java:chooseContainerForBlockDeletion(83)) - Chosen 0/5000 blocks from 0 candidate containers.
2023-04-19 02:33:19,390 [SCMBlockDeletingService#0] DEBUG block.SCMBlockDeletingService (SCMBlockDeletingService.java:shouldRun(251)) - Check scm block delete run: true serviceStatus: RUNNING safemodeExitRunDelayMillis: 3000 alreadyWaitTimeInMillis: 29384
2023-04-19 02:33:19,391 [SCMBlockDeletingService#0] DEBUG block.SCMBlockDeletingService (SCMBlockDeletingService.java:call(154)) - Running DeletedBlockTransactionScanner
2023-04-19 02:33:19,430 [BlockDeletingService#2] INFO  interfaces.ContainerDeletionChoosingPolicyTemplate (ContainerDeletionChoosingPolicyTemplate.java:chooseContainerForBlockDeletion(83)) - Chosen 0/5000 blocks from 0 candidate containers.
2023-04-19 02:33:19,430 [BlockDeletingService#7] INFO  interfaces.ContainerDeletionChoosingPolicyTemplate (ContainerDeletionChoosingPolicyTemplate.java:chooseContainerForBlockDeletion(83)) - Chosen 0/5000 blocks from 0 candidate containers.
2023-04-19 02:33:19,430 [BlockDeletingService#3] INFO  interfaces.ContainerDeletionChoosingPolicyTemplate (ContainerDeletionChoosingPolicyTemplate.java:chooseContainerForBlockDeletion(83)) - Chosen 0/5000 blocks from 0 candidate containers.
2023-04-19 02:33:19,491 [SCMBlockDeletingService#0] DEBUG block.SCMBlockDeletingService (SCMBlockDeletingService.java:shouldRun(251)) - Check scm block delete run: true serviceStatus: RUNNING safemodeExitRunDelayMillis: 3000 alreadyWaitTimeInMillis: 29485
2023-04-19 02:33:19,491 [SCMBlockDeletingService#0] DEBUG block.SCMBlockDeletingService (SCMBlockDeletingService.java:call(154)) - Running DeletedBlockTransactionScanner
2023-04-19 02:33:19,530 [BlockDeletingService#2] INFO  interfaces.ContainerDeletionChoosingPolicyTemplate (ContainerDeletionChoosingPolicyTemplate.java:chooseContainerForBlockDeletion(83)) - Chosen 0/5000 blocks from 0 candidate containers.
2023-04-19 02:33:19,530 [BlockDeletingService#7] INFO  interfaces.ContainerDeletionChoosingPolicyTemplate (ContainerDeletionChoosingPolicyTemplate.java:chooseContainerForBlockDeletion(83)) - Chosen 0/5000 blocks from 0 candidate containers.
2023-04-19 02:33:19,531 [BlockDeletingService#3] INFO  interfaces.ContainerDeletionChoosingPolicyTemplate (ContainerDeletionChoosingPolicyTemplate.java:chooseContainerForBlockDeletion(83)) - Chosen 0/5000 blocks from 0 candidate containers.
2023-04-19 02:33:19,591 [SCMBlockDeletingService#0] DEBUG block.SCMBlockDeletingService (SCMBlockDeletingService.java:shouldRun(251)) - Check scm block delete run: true serviceStatus: RUNNING safemodeExitRunDelayMillis: 3000 alreadyWaitTimeInMillis: 29585
2023-04-19 02:33:19,591 [SCMBlockDeletingService#0] DEBUG block.SCMBlockDeletingService (SCMBlockDeletingService.java:call(154)) - Running DeletedBlockTransactionScanner
2023-04-19 02:33:19,631 [BlockDeletingService#2] INFO  interfaces.ContainerDeletionChoosingPolicyTemplate (ContainerDeletionChoosingPolicyTemplate.java:chooseContainerForBlockDeletion(83)) - Chosen 0/5000 blocks from 0 candidate containers.
2023-04-19 02:33:19,631 [BlockDeletingService#7] INFO  interfaces.ContainerDeletionChoosingPolicyTemplate (ContainerDeletionChoosingPolicyTemplate.java:chooseContainerForBlockDeletion(83)) - Chosen 0/5000 blocks from 0 candidate containers.
2023-04-19 02:33:19,631 [BlockDeletingService#3] INFO  interfaces.ContainerDeletionChoosingPolicyTemplate (ContainerDeletionChoosingPolicyTemplate.java:chooseContainerForBlockDeletion(83)) - Chosen 0/5000 blocks from 0 candidate containers.
2023-04-19 02:33:19,691 [SCMBlockDeletingService#0] DEBUG block.SCMBlockDeletingService (SCMBlockDeletingService.java:shouldRun(251)) - Check scm block delete run: true serviceStatus: RUNNING safemodeExitRunDelayMillis: 3000 alreadyWaitTimeInMillis: 29685
2023-04-19 02:33:19,691 [SCMBlockDeletingService#0] DEBUG block.SCMBlockDeletingService (SCMBlockDeletingService.java:call(154)) - Running DeletedBlockTransactionScanner
2023-04-19 02:33:19,731 [BlockDeletingService#2] INFO  interfaces.ContainerDeletionChoosingPolicyTemplate (ContainerDeletionChoosingPolicyTemplate.java:chooseContainerForBlockDeletion(83)) - Chosen 0/5000 blocks from 0 candidate containers.
2023-04-19 02:33:19,731 [BlockDeletingService#3] INFO  interfaces.ContainerDeletionChoosingPolicyTemplate (ContainerDeletionChoosingPolicyTemplate.java:chooseContainerForBlockDeletion(83)) - Chosen 0/5000 blocks from 0 candidate containers.
2023-04-19 02:33:19,731 [BlockDeletingService#7] INFO  interfaces.ContainerDeletionChoosingPolicyTemplate (ContainerDeletionChoosingPolicyTemplate.java:chooseContainerForBlockDeletion(83)) - Chosen 0/5000 blocks from 0 candidate containers.
2023-04-19 02:33:19,791 [SCMBlockDeletingService#0] DEBUG block.SCMBlockDeletingService (SCMBlockDeletingService.java:shouldRun(251)) - Check scm block delete run: true serviceStatus: RUNNING safemodeExitRunDelayMillis: 3000 alreadyWaitTimeInMillis: 29785
2023-04-19 02:33:19,791 [SCMBlockDeletingService#0] DEBUG block.SCMBlockDeletingService (SCMBlockDeletingService.java:call(154)) - Running DeletedBlockTransactionScanner
2023-04-19 02:33:19,831 [BlockDeletingService#2] INFO  interfaces.ContainerDeletionChoosingPolicyTemplate (ContainerDeletionChoosingPolicyTemplate.java:chooseContainerForBlockDeletion(83)) - Chosen 0/5000 blocks from 0 candidate containers.
2023-04-19 02:33:19,831 [BlockDeletingService#3] INFO  interfaces.ContainerDeletionChoosingPolicyTemplate (ContainerDeletionChoosingPolicyTemplate.java:chooseContainerForBlockDeletion(83)) - Chosen 0/5000 blocks from 0 candidate containers.
2023-04-19 02:33:19,832 [BlockDeletingService#7] INFO  interfaces.ContainerDeletionChoosingPolicyTemplate (ContainerDeletionChoosingPolicyTemplate.java:chooseContainerForBlockDeletion(83)) - Chosen 0/5000 blocks from 0 candidate containers.
2023-04-19 02:33:19,891 [SCMBlockDeletingService#0] DEBUG block.SCMBlockDeletingService (SCMBlockDeletingService.java:shouldRun(251)) - Check scm block delete run: true serviceStatus: RUNNING safemodeExitRunDelayMillis: 3000 alreadyWaitTimeInMillis: 29885
2023-04-19 02:33:19,891 [SCMBlockDeletingService#0] DEBUG block.SCMBlockDeletingService (SCMBlockDeletingService.java:call(154)) - Running DeletedBlockTransactionScanner
2023-04-19 02:33:19,931 [BlockDeletingService#2] INFO  interfaces.ContainerDeletionChoosingPolicyTemplate (ContainerDeletionChoosingPolicyTemplate.java:chooseContainerForBlockDeletion(83)) - Chosen 0/5000 blocks from 0 candidate containers.
2023-04-19 02:33:19,932 [BlockDeletingService#3] INFO  interfaces.ContainerDeletionChoosingPolicyTemplate (ContainerDeletionChoosingPolicyTemplate.java:chooseContainerForBlockDeletion(83)) - Chosen 0/5000 blocks from 0 candidate containers.
2023-04-19 02:33:19,932 [BlockDeletingService#7] INFO  interfaces.ContainerDeletionChoosingPolicyTemplate (ContainerDeletionChoosingPolicyTemplate.java:chooseContainerForBlockDeletion(83)) - Chosen 0/5000 blocks from 0 candidate containers.
2023-04-19 02:33:19,991 [SCMBlockDeletingService#0] DEBUG block.SCMBlockDeletingService (SCMBlockDeletingService.java:shouldRun(251)) - Check scm block delete run: true serviceStatus: RUNNING safemodeExitRunDelayMillis: 3000 alreadyWaitTimeInMillis: 29985
2023-04-19 02:33:19,991 [SCMBlockDeletingService#0] DEBUG block.SCMBlockDeletingService (SCMBlockDeletingService.java:call(154)) - Running DeletedBlockTransactionScanner
2023-04-19 02:33:20,032 [BlockDeletingService#2] INFO  interfaces.ContainerDeletionChoosingPolicyTemplate (ContainerDeletionChoosingPolicyTemplate.java:chooseContainerForBlockDeletion(83)) - Chosen 0/5000 blocks from 0 candidate containers.
2023-04-19 02:33:20,032 [BlockDeletingService#3] INFO  interfaces.ContainerDeletionChoosingPolicyTemplate (ContainerDeletionChoosingPolicyTemplate.java:chooseContainerForBlockDeletion(83)) - Chosen 0/5000 blocks from 0 candidate containers.
2023-04-19 02:33:20,032 [BlockDeletingService#7] INFO  interfaces.ContainerDeletionChoosingPolicyTemplate (ContainerDeletionChoosingPolicyTemplate.java:chooseContainerForBlockDeletion(83)) - Chosen 0/5000 blocks from 0 candidate containers.
2023-04-19 02:33:20,091 [SCMBlockDeletingService#0] DEBUG block.SCMBlockDeletingService (SCMBlockDeletingService.java:shouldRun(251)) - Check scm block delete run: true serviceStatus: RUNNING safemodeExitRunDelayMillis: 3000 alreadyWaitTimeInMillis: 30085
2023-04-19 02:33:20,091 [SCMBlockDeletingService#0] DEBUG block.SCMBlockDeletingService (SCMBlockDeletingService.java:call(154)) - Running DeletedBlockTransactionScanner
2023-04-19 02:33:20,132 [BlockDeletingService#2] INFO  interfaces.ContainerDeletionChoosingPolicyTemplate (ContainerDeletionChoosingPolicyTemplate.java:chooseContainerForBlockDeletion(83)) - Chosen 0/5000 blocks from 0 candidate containers.
2023-04-19 02:33:20,132 [BlockDeletingService#7] INFO  interfaces.ContainerDeletionChoosingPolicyTemplate (ContainerDeletionChoosingPolicyTemplate.java:chooseContainerForBlockDeletion(83)) - Chosen 0/5000 blocks from 0 candidate containers.
2023-04-19 02:33:20,132 [BlockDeletingService#3] INFO  interfaces.ContainerDeletionChoosingPolicyTemplate (ContainerDeletionChoosingPolicyTemplate.java:chooseContainerForBlockDeletion(83)) - Chosen 0/5000 blocks from 0 candidate containers.
2023-04-19 02:33:20,191 [SCMBlockDeletingService#0] DEBUG block.SCMBlockDeletingService (SCMBlockDeletingService.java:shouldRun(251)) - Check scm block delete run: true serviceStatus: RUNNING safemodeExitRunDelayMillis: 3000 alreadyWaitTimeInMillis: 30185
2023-04-19 02:33:20,191 [SCMBlockDeletingService#0] DEBUG block.SCMBlockDeletingService (SCMBlockDeletingService.java:call(154)) - Running DeletedBlockTransactionScanner
2023-04-19 02:33:20,232 [BlockDeletingService#2] INFO  interfaces.ContainerDeletionChoosingPolicyTemplate (ContainerDeletionChoosingPolicyTemplate.java:chooseContainerForBlockDeletion(83)) - Chosen 0/5000 blocks from 0 candidate containers.
2023-04-19 02:33:20,232 [BlockDeletingService#7] INFO  interfaces.ContainerDeletionChoosingPolicyTemplate (ContainerDeletionChoosingPolicyTemplate.java:chooseContainerForBlockDeletion(83)) - Chosen 0/5000 blocks from 0 candidate containers.
2023-04-19 02:33:20,232 [BlockDeletingService#3] INFO  interfaces.ContainerDeletionChoosingPolicyTemplate (ContainerDeletionChoosingPolicyTemplate.java:chooseContainerForBlockDeletion(83)) - Chosen 0/5000 blocks from 0 candidate containers.
2023-04-19 02:33:20,291 [SCMBlockDeletingService#0] DEBUG block.SCMBlockDeletingService (SCMBlockDeletingService.java:shouldRun(251)) - Check scm block delete run: true serviceStatus: RUNNING safemodeExitRunDelayMillis: 3000 alreadyWaitTimeInMillis: 30285
2023-04-19 02:33:20,291 [SCMBlockDeletingService#0] DEBUG block.SCMBlockDeletingService (SCMBlockDeletingService.java:call(154)) - Running DeletedBlockTransactionScanner
2023-04-19 02:33:20,332 [BlockDeletingService#2] INFO  interfaces.ContainerDeletionChoosingPolicyTemplate (ContainerDeletionChoosingPolicyTemplate.java:chooseContainerForBlockDeletion(83)) - Chosen 0/5000 blocks from 0 candidate containers.
2023-04-19 02:33:20,332 [BlockDeletingService#7] INFO  interfaces.ContainerDeletionChoosingPolicyTemplate (ContainerDeletionChoosingPolicyTemplate.java:chooseContainerForBlockDeletion(83)) - Chosen 0/5000 blocks from 0 candidate containers.
2023-04-19 02:33:20,333 [BlockDeletingService#3] INFO  interfaces.ContainerDeletionChoosingPolicyTemplate (ContainerDeletionChoosingPolicyTemplate.java:chooseContainerForBlockDeletion(83)) - Chosen 0/5000 blocks from 0 candidate containers.
2023-04-19 02:33:20,391 [SCMBlockDeletingService#0] DEBUG block.SCMBlockDeletingService (SCMBlockDeletingService.java:shouldRun(251)) - Check scm block delete run: true serviceStatus: RUNNING safemodeExitRunDelayMillis: 3000 alreadyWaitTimeInMillis: 30385
2023-04-19 02:33:20,391 [SCMBlockDeletingService#0] DEBUG block.SCMBlockDeletingService (SCMBlockDeletingService.java:call(154)) - Running DeletedBlockTransactionScanner
2023-04-19 02:33:20,433 [BlockDeletingService#2] INFO  interfaces.ContainerDeletionChoosingPolicyTemplate (ContainerDeletionChoosingPolicyTemplate.java:chooseContainerForBlockDeletion(83)) - Chosen 0/5000 blocks from 0 candidate containers.
2023-04-19 02:33:20,433 [BlockDeletingService#7] INFO  interfaces.ContainerDeletionChoosingPolicyTemplate (ContainerDeletionChoosingPolicyTemplate.java:chooseContainerForBlockDeletion(83)) - Chosen 0/5000 blocks from 0 candidate containers.
2023-04-19 02:33:20,433 [BlockDeletingService#3] INFO  interfaces.ContainerDeletionChoosingPolicyTemplate (ContainerDeletionChoosingPolicyTemplate.java:chooseContainerForBlockDeletion(83)) - Chosen 0/5000 blocks from 0 candidate containers.
2023-04-19 02:33:20,491 [SCMBlockDeletingService#0] DEBUG block.SCMBlockDeletingService (SCMBlockDeletingService.java:shouldRun(251)) - Check scm block delete run: true serviceStatus: RUNNING safemodeExitRunDelayMillis: 3000 alreadyWaitTimeInMillis: 30485
2023-04-19 02:33:20,491 [SCMBlockDeletingService#0] DEBUG block.SCMBlockDeletingService (SCMBlockDeletingService.java:call(154)) - Running DeletedBlockTransactionScanner
2023-04-19 02:33:20,533 [BlockDeletingService#2] INFO  interfaces.ContainerDeletionChoosingPolicyTemplate (ContainerDeletionChoosingPolicyTemplate.java:chooseContainerForBlockDeletion(83)) - Chosen 0/5000 blocks from 0 candidate containers.
2023-04-19 02:33:20,533 [BlockDeletingService#7] INFO  interfaces.ContainerDeletionChoosingPolicyTemplate (ContainerDeletionChoosingPolicyTemplate.java:chooseContainerForBlockDeletion(83)) - Chosen 0/5000 blocks from 0 candidate containers.
2023-04-19 02:33:20,533 [BlockDeletingService#3] INFO  interfaces.ContainerDeletionChoosingPolicyTemplate (ContainerDeletionChoosingPolicyTemplate.java:chooseContainerForBlockDeletion(83)) - Chosen 0/5000 blocks from 0 candidate containers.
2023-04-19 02:33:20,591 [SCMBlockDeletingService#0] DEBUG block.SCMBlockDeletingService (SCMBlockDeletingService.java:shouldRun(251)) - Check scm block delete run: true serviceStatus: RUNNING safemodeExitRunDelayMillis: 3000 alreadyWaitTimeInMillis: 30585
2023-04-19 02:33:20,592 [SCMBlockDeletingService#0] DEBUG block.SCMBlockDeletingService (SCMBlockDeletingService.java:call(154)) - Running DeletedBlockTransactionScanner
2023-04-19 02:33:20,633 [BlockDeletingService#2] INFO  interfaces.ContainerDeletionChoosingPolicyTemplate (ContainerDeletionChoosingPolicyTemplate.java:chooseContainerForBlockDeletion(83)) - Chosen 0/5000 blocks from 0 candidate containers.
2023-04-19 02:33:20,633 [BlockDeletingService#7] INFO  interfaces.ContainerDeletionChoosingPolicyTemplate (ContainerDeletionChoosingPolicyTemplate.java:chooseContainerForBlockDeletion(83)) - Chosen 0/5000 blocks from 0 candidate containers.
2023-04-19 02:33:20,634 [BlockDeletingService#3] INFO  interfaces.ContainerDeletionChoosingPolicyTemplate (ContainerDeletionChoosingPolicyTemplate.java:chooseContainerForBlockDeletion(83)) - Chosen 0/5000 blocks from 0 candidate containers.
2023-04-19 02:33:20,691 [SCMBlockDeletingService#0] DEBUG block.SCMBlockDeletingService (SCMBlockDeletingService.java:shouldRun(251)) - Check scm block delete run: true serviceStatus: RUNNING safemodeExitRunDelayMillis: 3000 alreadyWaitTimeInMillis: 30685
2023-04-19 02:33:20,692 [SCMBlockDeletingService#0] DEBUG block.SCMBlockDeletingService (SCMBlockDeletingService.java:call(154)) - Running DeletedBlockTransactionScanner
2023-04-19 02:33:20,734 [BlockDeletingService#2] INFO  interfaces.ContainerDeletionChoosingPolicyTemplate (ContainerDeletionChoosingPolicyTemplate.java:chooseContainerForBlockDeletion(83)) - Chosen 0/5000 blocks from 0 candidate containers.
2023-04-19 02:33:20,734 [BlockDeletingService#7] INFO  interfaces.ContainerDeletionChoosingPolicyTemplate (ContainerDeletionChoosingPolicyTemplate.java:chooseContainerForBlockDeletion(83)) - Chosen 0/5000 blocks from 0 candidate containers.
2023-04-19 02:33:20,734 [BlockDeletingService#3] INFO  interfaces.ContainerDeletionChoosingPolicyTemplate (ContainerDeletionChoosingPolicyTemplate.java:chooseContainerForBlockDeletion(83)) - Chosen 0/5000 blocks from 0 candidate containers.
2023-04-19 02:33:20,792 [SCMBlockDeletingService#0] DEBUG block.SCMBlockDeletingService (SCMBlockDeletingService.java:shouldRun(251)) - Check scm block delete run: true serviceStatus: RUNNING safemodeExitRunDelayMillis: 3000 alreadyWaitTimeInMillis: 30786
2023-04-19 02:33:20,792 [SCMBlockDeletingService#0] DEBUG block.SCMBlockDeletingService (SCMBlockDeletingService.java:call(154)) - Running DeletedBlockTransactionScanner
2023-04-19 02:33:20,834 [BlockDeletingService#2] INFO  interfaces.ContainerDeletionChoosingPolicyTemplate (ContainerDeletionChoosingPolicyTemplate.java:chooseContainerForBlockDeletion(83)) - Chosen 0/5000 blocks from 0 candidate containers.
2023-04-19 02:33:20,834 [BlockDeletingService#7] INFO  interfaces.ContainerDeletionChoosingPolicyTemplate (ContainerDeletionChoosingPolicyTemplate.java:chooseContainerForBlockDeletion(83)) - Chosen 0/5000 blocks from 0 candidate containers.
2023-04-19 02:33:20,834 [BlockDeletingService#3] INFO  interfaces.ContainerDeletionChoosingPolicyTemplate (ContainerDeletionChoosingPolicyTemplate.java:chooseContainerForBlockDeletion(83)) - Chosen 0/5000 blocks from 0 candidate containers.
2023-04-19 02:33:20,850 [Listener at 127.0.0.1/44187] WARN  commandhandler.TestBlockDeletion (TestBlockDeletion.java:lambda$testBlockDeletion$4(265)) - Verify blocks deletion failed
org.opentest4j.AssertionFailedError: expected: <null> but was: <[blockId=conID: 1 locID: 111677748019200001 bcsId: 16, size=4194304]>
	at org.junit.jupiter.api.AssertionUtils.fail(AssertionUtils.java:55)
	at org.junit.jupiter.api.AssertNull.failNotNull(AssertNull.java:54)
	at org.junit.jupiter.api.AssertNull.assertNull(AssertNull.java:38)
	at org.junit.jupiter.api.AssertNull.assertNull(AssertNull.java:33)
	at org.junit.jupiter.api.Assertions.assertNull(Assertions.java:275)
	at org.apache.hadoop.ozone.container.common.statemachine.commandhandler.TestBlockDeletion.lambda$verifyBlocksDeleted$17(TestBlockDeletion.java:484)
	at org.apache.hadoop.ozone.OzoneTestUtils.performOperationOnKeyContainers(OzoneTestUtils.java:140)
	at org.apache.hadoop.ozone.container.common.statemachine.commandhandler.TestBlockDeletion.verifyBlocksDeleted(TestBlockDeletion.java:474)
	at org.apache.hadoop.ozone.container.common.statemachine.commandhandler.TestBlockDeletion.lambda$testBlockDeletion$4(TestBlockDeletion.java:262)
	at org.apache.ozone.test.GenericTestUtils.waitFor(GenericTestUtils.java:225)
	at org.apache.hadoop.ozone.container.common.statemachine.commandhandler.TestBlockDeletion.testBlockDeletion(TestBlockDeletion.java:260)
	at sun.reflect.NativeMethodAccessorImpl.invoke0(Native Method)
	at sun.reflect.NativeMethodAccessorImpl.invoke(NativeMethodAccessorImpl.java:62)
	at sun.reflect.DelegatingMethodAccessorImpl.invoke(DelegatingMethodAccessorImpl.java:43)
	at java.lang.reflect.Method.invoke(Method.java:498)
	at org.junit.platform.commons.util.ReflectionUtils.invokeMethod(ReflectionUtils.java:725)
	at org.junit.jupiter.engine.execution.MethodInvocation.proceed(MethodInvocation.java:60)
	at org.junit.jupiter.engine.execution.InvocationInterceptorChain$ValidatingInvocation.proceed(InvocationInterceptorChain.java:131)
	at org.junit.jupiter.engine.extension.TimeoutExtension.intercept(TimeoutExtension.java:149)
	at org.junit.jupiter.engine.extension.TimeoutExtension.interceptTestableMethod(TimeoutExtension.java:140)
	at org.junit.jupiter.engine.extension.TimeoutExtension.interceptTestTemplateMethod(TimeoutExtension.java:92)
	at org.junit.jupiter.engine.execution.ExecutableInvoker$ReflectiveInterceptorCall.lambda$ofVoidMethod$0(ExecutableInvoker.java:115)
	at org.junit.jupiter.engine.execution.ExecutableInvoker.lambda$invoke$0(ExecutableInvoker.java:105)
	at org.junit.jupiter.engine.execution.InvocationInterceptorChain$InterceptedInvocation.proceed(InvocationInterceptorChain.java:106)
	at org.junit.jupiter.engine.execution.InvocationInterceptorChain.proceed(InvocationInterceptorChain.java:64)
	at org.junit.jupiter.engine.execution.InvocationInterceptorChain.chainAndInvoke(InvocationInterceptorChain.java:45)
	at org.junit.jupiter.engine.execution.InvocationInterceptorChain.invoke(InvocationInterceptorChain.java:37)
	at org.junit.jupiter.engine.execution.ExecutableInvoker.invoke(ExecutableInvoker.java:104)
	at org.junit.jupiter.engine.execution.ExecutableInvoker.invoke(ExecutableInvoker.java:98)
	at org.junit.jupiter.engine.descriptor.TestMethodTestDescriptor.lambda$invokeTestMethod$7(TestMethodTestDescriptor.java:214)
	at org.junit.platform.engine.support.hierarchical.ThrowableCollector.execute(ThrowableCollector.java:73)
	at org.junit.jupiter.engine.descriptor.TestMethodTestDescriptor.invokeTestMethod(TestMethodTestDescriptor.java:210)
	at org.junit.jupiter.engine.descriptor.TestMethodTestDescriptor.execute(TestMethodTestDescriptor.java:135)
	at org.junit.jupiter.engine.descriptor.TestMethodTestDescriptor.execute(TestMethodTestDescriptor.java:66)
	at org.junit.platform.engine.support.hierarchical.NodeTestTask.lambda$executeRecursively$6(NodeTestTask.java:151)
	at org.junit.platform.engine.support.hierarchical.ThrowableCollector.execute(ThrowableCollector.java:73)
	at org.junit.platform.engine.support.hierarchical.NodeTestTask.lambda$executeRecursively$8(NodeTestTask.java:141)
	at org.junit.platform.engine.support.hierarchical.Node.around(Node.java:137)
	at org.junit.platform.engine.support.hierarchical.NodeTestTask.lambda$executeRecursively$9(NodeTestTask.java:139)
	at org.junit.platform.engine.support.hierarchical.ThrowableCollector.execute(ThrowableCollector.java:73)
	at org.junit.platform.engine.support.hierarchical.NodeTestTask.executeRecursively(NodeTestTask.java:138)
	at org.junit.platform.engine.support.hierarchical.NodeTestTask.execute(NodeTestTask.java:95)
	at org.junit.platform.engine.support.hierarchical.SameThreadHierarchicalTestExecutorService.submit(SameThreadHierarchicalTestExecutorService.java:35)
	at org.junit.platform.engine.support.hierarchical.NodeTestTask$DefaultDynamicTestExecutor.execute(NodeTestTask.java:226)
	at org.junit.platform.engine.support.hierarchical.NodeTestTask$DefaultDynamicTestExecutor.execute(NodeTestTask.java:204)
	at org.junit.jupiter.engine.descriptor.TestTemplateTestDescriptor.execute(TestTemplateTestDescriptor.java:139)
	at org.junit.jupiter.engine.descriptor.TestTemplateTestDescriptor.lambda$execute$2(TestTemplateTestDescriptor.java:107)
	at java.util.stream.ForEachOps$ForEachOp$OfRef.accept(ForEachOps.java:183)
	at java.util.stream.ReferencePipeline$3$1.accept(ReferencePipeline.java:193)
	at java.util.stream.ReferencePipeline$2$1.accept(ReferencePipeline.java:175)
	at java.util.stream.ReferencePipeline$3$1.accept(ReferencePipeline.java:193)
	at java.util.stream.ForEachOps$ForEachOp$OfRef.accept(ForEachOps.java:183)
	at java.util.stream.ReferencePipeline$3$1.accept(ReferencePipeline.java:193)
	at java.util.stream.ReferencePipeline$3$1.accept(ReferencePipeline.java:193)
	at java.util.stream.ReferencePipeline$3$1.accept(ReferencePipeline.java:193)
	at java.util.stream.ForEachOps$ForEachOp$OfRef.accept(ForEachOps.java:183)
	at java.util.stream.ReferencePipeline$3$1.accept(ReferencePipeline.java:193)
	at java.util.Spliterators$ArraySpliterator.forEachRemaining(Spliterators.java:948)
	at java.util.stream.ReferencePipeline$Head.forEach(ReferencePipeline.java:647)
	at java.util.stream.ReferencePipeline$7$1.accept(ReferencePipeline.java:272)
	at java.util.stream.ReferencePipeline$3$1.accept(ReferencePipeline.java:193)
	at java.util.stream.ReferencePipeline$3$1.accept(ReferencePipeline.java:193)
	at java.util.Spliterators$ArraySpliterator.forEachRemaining(Spliterators.java:948)
	at java.util.stream.AbstractPipeline.copyInto(AbstractPipeline.java:482)
	at java.util.stream.AbstractPipeline.wrapAndCopyInto(AbstractPipeline.java:472)
	at java.util.stream.ForEachOps$ForEachOp.evaluateSequential(ForEachOps.java:150)
	at java.util.stream.ForEachOps$ForEachOp$OfRef.evaluateSequential(ForEachOps.java:173)
	at java.util.stream.AbstractPipeline.evaluate(AbstractPipeline.java:234)
	at java.util.stream.ReferencePipeline.forEach(ReferencePipeline.java:485)
	at java.util.stream.ReferencePipeline$7$1.accept(ReferencePipeline.java:272)
	at java.util.stream.ReferencePipeline$3$1.accept(ReferencePipeline.java:193)
	at java.util.stream.ReferencePipeline$3$1.accept(ReferencePipeline.java:193)
	at java.util.stream.ReferencePipeline$3$1.accept(ReferencePipeline.java:193)
	at java.util.ArrayList$ArrayListSpliterator.forEachRemaining(ArrayList.java:1384)
	at java.util.stream.AbstractPipeline.copyInto(AbstractPipeline.java:482)
	at java.util.stream.AbstractPipeline.wrapAndCopyInto(AbstractPipeline.java:472)
	at java.util.stream.ForEachOps$ForEachOp.evaluateSequential(ForEachOps.java:150)
	at java.util.stream.ForEachOps$ForEachOp$OfRef.evaluateSequential(ForEachOps.java:173)
	at java.util.stream.AbstractPipeline.evaluate(AbstractPipeline.java:234)
	at java.util.stream.ReferencePipeline.forEach(ReferencePipeline.java:485)
	at java.util.stream.ReferencePipeline$7$1.accept(ReferencePipeline.java:272)
	at java.util.ArrayList$ArrayListSpliterator.forEachRemaining(ArrayList.java:1384)
	at java.util.stream.AbstractPipeline.copyInto(AbstractPipeline.java:482)
	at java.util.stream.AbstractPipeline.wrapAndCopyInto(AbstractPipeline.java:472)
	at java.util.stream.ForEachOps$ForEachOp.evaluateSequential(ForEachOps.java:150)
	at java.util.stream.ForEachOps$ForEachOp$OfRef.evaluateSequential(ForEachOps.java:173)
	at java.util.stream.AbstractPipeline.evaluate(AbstractPipeline.java:234)
	at java.util.stream.ReferencePipeline.forEach(ReferencePipeline.java:485)
	at org.junit.jupiter.engine.descriptor.TestTemplateTestDescriptor.execute(TestTemplateTestDescriptor.java:107)
	at org.junit.jupiter.engine.descriptor.TestTemplateTestDescriptor.execute(TestTemplateTestDescriptor.java:42)
	at org.junit.platform.engine.support.hierarchical.NodeTestTask.lambda$executeRecursively$6(NodeTestTask.java:151)
	at org.junit.platform.engine.support.hierarchical.ThrowableCollector.execute(ThrowableCollector.java:73)
	at org.junit.platform.engine.support.hierarchical.NodeTestTask.lambda$executeRecursively$8(NodeTestTask.java:141)
	at org.junit.platform.engine.support.hierarchical.Node.around(Node.java:137)
	at org.junit.platform.engine.support.hierarchical.NodeTestTask.lambda$executeRecursively$9(NodeTestTask.java:139)
	at org.junit.platform.engine.support.hierarchical.ThrowableCollector.execute(ThrowableCollector.java:73)
	at org.junit.platform.engine.support.hierarchical.NodeTestTask.executeRecursively(NodeTestTask.java:138)
	at org.junit.platform.engine.support.hierarchical.NodeTestTask.execute(NodeTestTask.java:95)
	at java.util.ArrayList.forEach(ArrayList.java:1259)
	at org.junit.platform.engine.support.hierarchical.SameThreadHierarchicalTestExecutorService.invokeAll(SameThreadHierarchicalTestExecutorService.java:41)
	at org.junit.platform.engine.support.hierarchical.NodeTestTask.lambda$executeRecursively$6(NodeTestTask.java:155)
	at org.junit.platform.engine.support.hierarchical.ThrowableCollector.execute(ThrowableCollector.java:73)
	at org.junit.platform.engine.support.hierarchical.NodeTestTask.lambda$executeRecursively$8(NodeTestTask.java:141)
	at org.junit.platform.engine.support.hierarchical.Node.around(Node.java:137)
	at org.junit.platform.engine.support.hierarchical.NodeTestTask.lambda$executeRecursively$9(NodeTestTask.java:139)
	at org.junit.platform.engine.support.hierarchical.ThrowableCollector.execute(ThrowableCollector.java:73)
	at org.junit.platform.engine.support.hierarchical.NodeTestTask.executeRecursively(NodeTestTask.java:138)
	at org.junit.platform.engine.support.hierarchical.NodeTestTask.execute(NodeTestTask.java:95)
	at java.util.ArrayList.forEach(ArrayList.java:1259)
	at org.junit.platform.engine.support.hierarchical.SameThreadHierarchicalTestExecutorService.invokeAll(SameThreadHierarchicalTestExecutorService.java:41)
	at org.junit.platform.engine.support.hierarchical.NodeTestTask.lambda$executeRecursively$6(NodeTestTask.java:155)
	at org.junit.platform.engine.support.hierarchical.ThrowableCollector.execute(ThrowableCollector.java:73)
	at org.junit.platform.engine.support.hierarchical.NodeTestTask.lambda$executeRecursively$8(NodeTestTask.java:141)
	at org.junit.platform.engine.support.hierarchical.Node.around(Node.java:137)
	at org.junit.platform.engine.support.hierarchical.NodeTestTask.lambda$executeRecursively$9(NodeTestTask.java:139)
	at org.junit.platform.engine.support.hierarchical.ThrowableCollector.execute(ThrowableCollector.java:73)
	at org.junit.platform.engine.support.hierarchical.NodeTestTask.executeRecursively(NodeTestTask.java:138)
	at org.junit.platform.engine.support.hierarchical.NodeTestTask.execute(NodeTestTask.java:95)
	at org.junit.platform.engine.support.hierarchical.SameThreadHierarchicalTestExecutorService.submit(SameThreadHierarchicalTestExecutorService.java:35)
	at org.junit.platform.engine.support.hierarchical.HierarchicalTestExecutor.execute(HierarchicalTestExecutor.java:57)
	at org.junit.platform.engine.support.hierarchical.HierarchicalTestEngine.execute(HierarchicalTestEngine.java:54)
	at org.junit.platform.launcher.core.EngineExecutionOrchestrator.execute(EngineExecutionOrchestrator.java:107)
	at org.junit.platform.launcher.core.EngineExecutionOrchestrator.execute(EngineExecutionOrchestrator.java:88)
	at org.junit.platform.launcher.core.EngineExecutionOrchestrator.lambda$execute$0(EngineExecutionOrchestrator.java:54)
	at org.junit.platform.launcher.core.EngineExecutionOrchestrator.withInterceptedStreams(EngineExecutionOrchestrator.java:67)
	at org.junit.platform.launcher.core.EngineExecutionOrchestrator.execute(EngineExecutionOrchestrator.java:52)
	at org.junit.platform.launcher.core.DefaultLauncher.execute(DefaultLauncher.java:114)
	at org.junit.platform.launcher.core.DefaultLauncher.execute(DefaultLauncher.java:86)
	at org.junit.platform.launcher.core.DefaultLauncherSession$DelegatingLauncher.execute(DefaultLauncherSession.java:86)
	at org.junit.platform.launcher.core.SessionPerRequestLauncher.execute(SessionPerRequestLauncher.java:53)
	at org.apache.maven.surefire.junitplatform.JUnitPlatformProvider.execute(JUnitPlatformProvider.java:188)
	at org.apache.maven.surefire.junitplatform.JUnitPlatformProvider.invokeAllTests(JUnitPlatformProvider.java:154)
	at org.apache.maven.surefire.junitplatform.JUnitPlatformProvider.invoke(JUnitPlatformProvider.java:124)
	at org.apache.maven.surefire.booter.ForkedBooter.runSuitesInProcess(ForkedBooter.java:428)
	at org.apache.maven.surefire.booter.ForkedBooter.execute(ForkedBooter.java:162)
	at org.apache.maven.surefire.booter.ForkedBooter.run(ForkedBooter.java:562)
	at org.apache.maven.surefire.booter.ForkedBooter.main(ForkedBooter.java:548)
2023-04-19 02:33:20,892 [SCMBlockDeletingService#0] DEBUG block.SCMBlockDeletingService (SCMBlockDeletingService.java:shouldRun(251)) - Check scm block delete run: true serviceStatus: RUNNING safemodeExitRunDelayMillis: 3000 alreadyWaitTimeInMillis: 30886
2023-04-19 02:33:20,892 [SCMBlockDeletingService#0] DEBUG block.SCMBlockDeletingService (SCMBlockDeletingService.java:call(154)) - Running DeletedBlockTransactionScanner
2023-04-19 02:33:20,934 [BlockDeletingService#2] INFO  interfaces.ContainerDeletionChoosingPolicyTemplate (ContainerDeletionChoosingPolicyTemplate.java:chooseContainerForBlockDeletion(83)) - Chosen 0/5000 blocks from 0 candidate containers.
2023-04-19 02:33:20,934 [BlockDeletingService#7] INFO  interfaces.ContainerDeletionChoosingPolicyTemplate (ContainerDeletionChoosingPolicyTemplate.java:chooseContainerForBlockDeletion(83)) - Chosen 0/5000 blocks from 0 candidate containers.
2023-04-19 02:33:20,935 [BlockDeletingService#3] INFO  interfaces.ContainerDeletionChoosingPolicyTemplate (ContainerDeletionChoosingPolicyTemplate.java:chooseContainerForBlockDeletion(83)) - Chosen 0/5000 blocks from 0 candidate containers.
2023-04-19 02:33:20,992 [SCMBlockDeletingService#0] DEBUG block.SCMBlockDeletingService (SCMBlockDeletingService.java:shouldRun(251)) - Check scm block delete run: true serviceStatus: RUNNING safemodeExitRunDelayMillis: 3000 alreadyWaitTimeInMillis: 30986
2023-04-19 02:33:20,992 [SCMBlockDeletingService#0] DEBUG block.SCMBlockDeletingService (SCMBlockDeletingService.java:call(154)) - Running DeletedBlockTransactionScanner
2023-04-19 02:33:21,035 [BlockDeletingService#2] INFO  interfaces.ContainerDeletionChoosingPolicyTemplate (ContainerDeletionChoosingPolicyTemplate.java:chooseContainerForBlockDeletion(83)) - Chosen 0/5000 blocks from 0 candidate containers.
2023-04-19 02:33:21,035 [BlockDeletingService#3] INFO  interfaces.ContainerDeletionChoosingPolicyTemplate (ContainerDeletionChoosingPolicyTemplate.java:chooseContainerForBlockDeletion(83)) - Chosen 0/5000 blocks from 0 candidate containers.
2023-04-19 02:33:21,035 [BlockDeletingService#7] INFO  interfaces.ContainerDeletionChoosingPolicyTemplate (ContainerDeletionChoosingPolicyTemplate.java:chooseContainerForBlockDeletion(83)) - Chosen 0/5000 blocks from 0 candidate containers.
2023-04-19 02:33:21,092 [SCMBlockDeletingService#0] DEBUG block.SCMBlockDeletingService (SCMBlockDeletingService.java:shouldRun(251)) - Check scm block delete run: true serviceStatus: RUNNING safemodeExitRunDelayMillis: 3000 alreadyWaitTimeInMillis: 31086
2023-04-19 02:33:21,092 [SCMBlockDeletingService#0] DEBUG block.SCMBlockDeletingService (SCMBlockDeletingService.java:call(154)) - Running DeletedBlockTransactionScanner
2023-04-19 02:33:21,135 [BlockDeletingService#2] INFO  interfaces.ContainerDeletionChoosingPolicyTemplate (ContainerDeletionChoosingPolicyTemplate.java:chooseContainerForBlockDeletion(83)) - Chosen 0/5000 blocks from 0 candidate containers.
2023-04-19 02:33:21,135 [BlockDeletingService#3] INFO  interfaces.ContainerDeletionChoosingPolicyTemplate (ContainerDeletionChoosingPolicyTemplate.java:chooseContainerForBlockDeletion(83)) - Chosen 0/5000 blocks from 0 candidate containers.
2023-04-19 02:33:21,135 [BlockDeletingService#7] INFO  interfaces.ContainerDeletionChoosingPolicyTemplate (ContainerDeletionChoosingPolicyTemplate.java:chooseContainerForBlockDeletion(83)) - Chosen 0/5000 blocks from 0 candidate containers.
2023-04-19 02:33:21,192 [SCMBlockDeletingService#0] DEBUG block.SCMBlockDeletingService (SCMBlockDeletingService.java:shouldRun(251)) - Check scm block delete run: true serviceStatus: RUNNING safemodeExitRunDelayMillis: 3000 alreadyWaitTimeInMillis: 31186
2023-04-19 02:33:21,192 [SCMBlockDeletingService#0] DEBUG block.SCMBlockDeletingService (SCMBlockDeletingService.java:call(154)) - Running DeletedBlockTransactionScanner
2023-04-19 02:33:21,235 [BlockDeletingService#2] INFO  interfaces.ContainerDeletionChoosingPolicyTemplate (ContainerDeletionChoosingPolicyTemplate.java:chooseContainerForBlockDeletion(83)) - Chosen 0/5000 blocks from 0 candidate containers.
2023-04-19 02:33:21,236 [BlockDeletingService#3] INFO  interfaces.ContainerDeletionChoosingPolicyTemplate (ContainerDeletionChoosingPolicyTemplate.java:chooseContainerForBlockDeletion(83)) - Chosen 0/5000 blocks from 0 candidate containers.
2023-04-19 02:33:21,236 [BlockDeletingService#7] INFO  interfaces.ContainerDeletionChoosingPolicyTemplate (ContainerDeletionChoosingPolicyTemplate.java:chooseContainerForBlockDeletion(83)) - Chosen 0/5000 blocks from 0 candidate containers.
2023-04-19 02:33:21,292 [SCMBlockDeletingService#0] DEBUG block.SCMBlockDeletingService (SCMBlockDeletingService.java:shouldRun(251)) - Check scm block delete run: true serviceStatus: RUNNING safemodeExitRunDelayMillis: 3000 alreadyWaitTimeInMillis: 31286
2023-04-19 02:33:21,292 [SCMBlockDeletingService#0] DEBUG block.SCMBlockDeletingService (SCMBlockDeletingService.java:call(154)) - Running DeletedBlockTransactionScanner
2023-04-19 02:33:21,336 [BlockDeletingService#2] INFO  interfaces.ContainerDeletionChoosingPolicyTemplate (ContainerDeletionChoosingPolicyTemplate.java:chooseContainerForBlockDeletion(83)) - Chosen 0/5000 blocks from 0 candidate containers.
2023-04-19 02:33:21,336 [BlockDeletingService#3] INFO  interfaces.ContainerDeletionChoosingPolicyTemplate (ContainerDeletionChoosingPolicyTemplate.java:chooseContainerForBlockDeletion(83)) - Chosen 0/5000 blocks from 0 candidate containers.
2023-04-19 02:33:21,336 [BlockDeletingService#7] INFO  interfaces.ContainerDeletionChoosingPolicyTemplate (ContainerDeletionChoosingPolicyTemplate.java:chooseContainerForBlockDeletion(83)) - Chosen 0/5000 blocks from 0 candidate containers.
2023-04-19 02:33:21,392 [SCMBlockDeletingService#0] DEBUG block.SCMBlockDeletingService (SCMBlockDeletingService.java:shouldRun(251)) - Check scm block delete run: true serviceStatus: RUNNING safemodeExitRunDelayMillis: 3000 alreadyWaitTimeInMillis: 31386
2023-04-19 02:33:21,392 [SCMBlockDeletingService#0] DEBUG block.SCMBlockDeletingService (SCMBlockDeletingService.java:call(154)) - Running DeletedBlockTransactionScanner
2023-04-19 02:33:21,436 [BlockDeletingService#2] INFO  interfaces.ContainerDeletionChoosingPolicyTemplate (ContainerDeletionChoosingPolicyTemplate.java:chooseContainerForBlockDeletion(83)) - Chosen 0/5000 blocks from 0 candidate containers.
2023-04-19 02:33:21,436 [BlockDeletingService#3] INFO  interfaces.ContainerDeletionChoosingPolicyTemplate (ContainerDeletionChoosingPolicyTemplate.java:chooseContainerForBlockDeletion(83)) - Chosen 0/5000 blocks from 0 candidate containers.
2023-04-19 02:33:21,436 [BlockDeletingService#7] INFO  interfaces.ContainerDeletionChoosingPolicyTemplate (ContainerDeletionChoosingPolicyTemplate.java:chooseContainerForBlockDeletion(83)) - Chosen 0/5000 blocks from 0 candidate containers.
2023-04-19 02:33:21,492 [SCMBlockDeletingService#0] DEBUG block.SCMBlockDeletingService (SCMBlockDeletingService.java:shouldRun(251)) - Check scm block delete run: true serviceStatus: RUNNING safemodeExitRunDelayMillis: 3000 alreadyWaitTimeInMillis: 31486
2023-04-19 02:33:21,492 [SCMBlockDeletingService#0] DEBUG block.SCMBlockDeletingService (SCMBlockDeletingService.java:call(154)) - Running DeletedBlockTransactionScanner
2023-04-19 02:33:21,536 [BlockDeletingService#2] INFO  interfaces.ContainerDeletionChoosingPolicyTemplate (ContainerDeletionChoosingPolicyTemplate.java:chooseContainerForBlockDeletion(83)) - Chosen 0/5000 blocks from 0 candidate containers.
2023-04-19 02:33:21,536 [BlockDeletingService#3] INFO  interfaces.ContainerDeletionChoosingPolicyTemplate (ContainerDeletionChoosingPolicyTemplate.java:chooseContainerForBlockDeletion(83)) - Chosen 0/5000 blocks from 0 candidate containers.
2023-04-19 02:33:21,536 [BlockDeletingService#7] INFO  interfaces.ContainerDeletionChoosingPolicyTemplate (ContainerDeletionChoosingPolicyTemplate.java:chooseContainerForBlockDeletion(83)) - Chosen 0/5000 blocks from 0 candidate containers.
2023-04-19 02:33:21,592 [SCMBlockDeletingService#0] DEBUG block.SCMBlockDeletingService (SCMBlockDeletingService.java:shouldRun(251)) - Check scm block delete run: true serviceStatus: RUNNING safemodeExitRunDelayMillis: 3000 alreadyWaitTimeInMillis: 31586
2023-04-19 02:33:21,592 [SCMBlockDeletingService#0] DEBUG block.SCMBlockDeletingService (SCMBlockDeletingService.java:call(154)) - Running DeletedBlockTransactionScanner
2023-04-19 02:33:21,636 [BlockDeletingService#2] INFO  interfaces.ContainerDeletionChoosingPolicyTemplate (ContainerDeletionChoosingPolicyTemplate.java:chooseContainerForBlockDeletion(83)) - Chosen 0/5000 blocks from 0 candidate containers.
2023-04-19 02:33:21,637 [BlockDeletingService#3] INFO  interfaces.ContainerDeletionChoosingPolicyTemplate (ContainerDeletionChoosingPolicyTemplate.java:chooseContainerForBlockDeletion(83)) - Chosen 0/5000 blocks from 0 candidate containers.
2023-04-19 02:33:21,637 [BlockDeletingService#7] INFO  interfaces.ContainerDeletionChoosingPolicyTemplate (ContainerDeletionChoosingPolicyTemplate.java:chooseContainerForBlockDeletion(83)) - Chosen 0/5000 blocks from 0 candidate containers.
2023-04-19 02:33:21,692 [SCMBlockDeletingService#0] DEBUG block.SCMBlockDeletingService (SCMBlockDeletingService.java:shouldRun(251)) - Check scm block delete run: true serviceStatus: RUNNING safemodeExitRunDelayMillis: 3000 alreadyWaitTimeInMillis: 31686
2023-04-19 02:33:21,692 [SCMBlockDeletingService#0] DEBUG block.SCMBlockDeletingService (SCMBlockDeletingService.java:call(154)) - Running DeletedBlockTransactionScanner
2023-04-19 02:33:21,737 [BlockDeletingService#2] INFO  interfaces.ContainerDeletionChoosingPolicyTemplate (ContainerDeletionChoosingPolicyTemplate.java:chooseContainerForBlockDeletion(83)) - Chosen 0/5000 blocks from 0 candidate containers.
2023-04-19 02:33:21,737 [BlockDeletingService#3] INFO  interfaces.ContainerDeletionChoosingPolicyTemplate (ContainerDeletionChoosingPolicyTemplate.java:chooseContainerForBlockDeletion(83)) - Chosen 0/5000 blocks from 0 candidate containers.
2023-04-19 02:33:21,737 [BlockDeletingService#7] INFO  interfaces.ContainerDeletionChoosingPolicyTemplate (ContainerDeletionChoosingPolicyTemplate.java:chooseContainerForBlockDeletion(83)) - Chosen 0/5000 blocks from 0 candidate containers.
2023-04-19 02:33:21,792 [SCMBlockDeletingService#0] DEBUG block.SCMBlockDeletingService (SCMBlockDeletingService.java:shouldRun(251)) - Check scm block delete run: true serviceStatus: RUNNING safemodeExitRunDelayMillis: 3000 alreadyWaitTimeInMillis: 31786
2023-04-19 02:33:21,793 [SCMBlockDeletingService#0] DEBUG block.SCMBlockDeletingService (SCMBlockDeletingService.java:call(154)) - Running DeletedBlockTransactionScanner
2023-04-19 02:33:21,837 [BlockDeletingService#2] INFO  interfaces.ContainerDeletionChoosingPolicyTemplate (ContainerDeletionChoosingPolicyTemplate.java:chooseContainerForBlockDeletion(83)) - Chosen 0/5000 blocks from 0 candidate containers.
2023-04-19 02:33:21,837 [BlockDeletingService#3] INFO  interfaces.ContainerDeletionChoosingPolicyTemplate (ContainerDeletionChoosingPolicyTemplate.java:chooseContainerForBlockDeletion(83)) - Chosen 0/5000 blocks from 0 candidate containers.
2023-04-19 02:33:21,837 [BlockDeletingService#7] INFO  interfaces.ContainerDeletionChoosingPolicyTemplate (ContainerDeletionChoosingPolicyTemplate.java:chooseContainerForBlockDeletion(83)) - Chosen 0/5000 blocks from 0 candidate containers.
2023-04-19 02:33:21,892 [SCMBlockDeletingService#0] DEBUG block.SCMBlockDeletingService (SCMBlockDeletingService.java:shouldRun(251)) - Check scm block delete run: true serviceStatus: RUNNING safemodeExitRunDelayMillis: 3000 alreadyWaitTimeInMillis: 31886
2023-04-19 02:33:21,893 [SCMBlockDeletingService#0] DEBUG block.SCMBlockDeletingService (SCMBlockDeletingService.java:call(154)) - Running DeletedBlockTransactionScanner
2023-04-19 02:33:21,937 [BlockDeletingService#2] INFO  interfaces.ContainerDeletionChoosingPolicyTemplate (ContainerDeletionChoosingPolicyTemplate.java:chooseContainerForBlockDeletion(83)) - Chosen 0/5000 blocks from 0 candidate containers.
2023-04-19 02:33:21,937 [BlockDeletingService#3] INFO  interfaces.ContainerDeletionChoosingPolicyTemplate (ContainerDeletionChoosingPolicyTemplate.java:chooseContainerForBlockDeletion(83)) - Chosen 0/5000 blocks from 0 candidate containers.
2023-04-19 02:33:21,937 [BlockDeletingService#7] INFO  interfaces.ContainerDeletionChoosingPolicyTemplate (ContainerDeletionChoosingPolicyTemplate.java:chooseContainerForBlockDeletion(83)) - Chosen 0/5000 blocks from 0 candidate containers.
2023-04-19 02:33:21,993 [SCMBlockDeletingService#0] DEBUG block.SCMBlockDeletingService (SCMBlockDeletingService.java:shouldRun(251)) - Check scm block delete run: true serviceStatus: RUNNING safemodeExitRunDelayMillis: 3000 alreadyWaitTimeInMillis: 31987
2023-04-19 02:33:21,993 [SCMBlockDeletingService#0] DEBUG block.SCMBlockDeletingService (SCMBlockDeletingService.java:call(154)) - Running DeletedBlockTransactionScanner
2023-04-19 02:33:22,037 [BlockDeletingService#2] INFO  interfaces.ContainerDeletionChoosingPolicyTemplate (ContainerDeletionChoosingPolicyTemplate.java:chooseContainerForBlockDeletion(83)) - Chosen 0/5000 blocks from 0 candidate containers.
2023-04-19 02:33:22,037 [BlockDeletingService#3] INFO  interfaces.ContainerDeletionChoosingPolicyTemplate (ContainerDeletionChoosingPolicyTemplate.java:chooseContainerForBlockDeletion(83)) - Chosen 0/5000 blocks from 0 candidate containers.
2023-04-19 02:33:22,038 [BlockDeletingService#7] INFO  interfaces.ContainerDeletionChoosingPolicyTemplate (ContainerDeletionChoosingPolicyTemplate.java:chooseContainerForBlockDeletion(83)) - Chosen 0/5000 blocks from 0 candidate containers.
2023-04-19 02:33:22,093 [SCMBlockDeletingService#0] DEBUG block.SCMBlockDeletingService (SCMBlockDeletingService.java:shouldRun(251)) - Check scm block delete run: true serviceStatus: RUNNING safemodeExitRunDelayMillis: 3000 alreadyWaitTimeInMillis: 32087
2023-04-19 02:33:22,093 [SCMBlockDeletingService#0] DEBUG block.SCMBlockDeletingService (SCMBlockDeletingService.java:call(154)) - Running DeletedBlockTransactionScanner
2023-04-19 02:33:22,138 [BlockDeletingService#2] INFO  interfaces.ContainerDeletionChoosingPolicyTemplate (ContainerDeletionChoosingPolicyTemplate.java:chooseContainerForBlockDeletion(83)) - Chosen 0/5000 blocks from 0 candidate containers.
2023-04-19 02:33:22,138 [BlockDeletingService#3] INFO  interfaces.ContainerDeletionChoosingPolicyTemplate (ContainerDeletionChoosingPolicyTemplate.java:chooseContainerForBlockDeletion(83)) - Chosen 0/5000 blocks from 0 candidate containers.
2023-04-19 02:33:22,138 [BlockDeletingService#7] INFO  interfaces.ContainerDeletionChoosingPolicyTemplate (ContainerDeletionChoosingPolicyTemplate.java:chooseContainerForBlockDeletion(83)) - Chosen 0/5000 blocks from 0 candidate containers.
2023-04-19 02:33:22,193 [SCMBlockDeletingService#0] DEBUG block.SCMBlockDeletingService (SCMBlockDeletingService.java:shouldRun(251)) - Check scm block delete run: true serviceStatus: RUNNING safemodeExitRunDelayMillis: 3000 alreadyWaitTimeInMillis: 32187
2023-04-19 02:33:22,193 [SCMBlockDeletingService#0] DEBUG block.SCMBlockDeletingService (SCMBlockDeletingService.java:call(154)) - Running DeletedBlockTransactionScanner
2023-04-19 02:33:22,238 [BlockDeletingService#2] INFO  interfaces.ContainerDeletionChoosingPolicyTemplate (ContainerDeletionChoosingPolicyTemplate.java:chooseContainerForBlockDeletion(83)) - Chosen 0/5000 blocks from 0 candidate containers.
2023-04-19 02:33:22,238 [BlockDeletingService#3] INFO  interfaces.ContainerDeletionChoosingPolicyTemplate (ContainerDeletionChoosingPolicyTemplate.java:chooseContainerForBlockDeletion(83)) - Chosen 0/5000 blocks from 0 candidate containers.
2023-04-19 02:33:22,238 [BlockDeletingService#7] INFO  interfaces.ContainerDeletionChoosingPolicyTemplate (ContainerDeletionChoosingPolicyTemplate.java:chooseContainerForBlockDeletion(83)) - Chosen 0/5000 blocks from 0 candidate containers.
2023-04-19 02:33:22,293 [SCMBlockDeletingService#0] DEBUG block.SCMBlockDeletingService (SCMBlockDeletingService.java:shouldRun(251)) - Check scm block delete run: true serviceStatus: RUNNING safemodeExitRunDelayMillis: 3000 alreadyWaitTimeInMillis: 32287
2023-04-19 02:33:22,293 [SCMBlockDeletingService#0] DEBUG block.SCMBlockDeletingService (SCMBlockDeletingService.java:call(154)) - Running DeletedBlockTransactionScanner
2023-04-19 02:33:22,338 [BlockDeletingService#2] INFO  interfaces.ContainerDeletionChoosingPolicyTemplate (ContainerDeletionChoosingPolicyTemplate.java:chooseContainerForBlockDeletion(83)) - Chosen 0/5000 blocks from 0 candidate containers.
2023-04-19 02:33:22,338 [BlockDeletingService#3] INFO  interfaces.ContainerDeletionChoosingPolicyTemplate (ContainerDeletionChoosingPolicyTemplate.java:chooseContainerForBlockDeletion(83)) - Chosen 0/5000 blocks from 0 candidate containers.
2023-04-19 02:33:22,338 [BlockDeletingService#7] INFO  interfaces.ContainerDeletionChoosingPolicyTemplate (ContainerDeletionChoosingPolicyTemplate.java:chooseContainerForBlockDeletion(83)) - Chosen 0/5000 blocks from 0 candidate containers.
2023-04-19 02:33:22,393 [SCMBlockDeletingService#0] DEBUG block.SCMBlockDeletingService (SCMBlockDeletingService.java:shouldRun(251)) - Check scm block delete run: true serviceStatus: RUNNING safemodeExitRunDelayMillis: 3000 alreadyWaitTimeInMillis: 32387
2023-04-19 02:33:22,393 [SCMBlockDeletingService#0] DEBUG block.SCMBlockDeletingService (SCMBlockDeletingService.java:call(154)) - Running DeletedBlockTransactionScanner
2023-04-19 02:33:22,438 [BlockDeletingService#2] INFO  interfaces.ContainerDeletionChoosingPolicyTemplate (ContainerDeletionChoosingPolicyTemplate.java:chooseContainerForBlockDeletion(83)) - Chosen 0/5000 blocks from 0 candidate containers.
2023-04-19 02:33:22,439 [BlockDeletingService#3] INFO  interfaces.ContainerDeletionChoosingPolicyTemplate (ContainerDeletionChoosingPolicyTemplate.java:chooseContainerForBlockDeletion(83)) - Chosen 0/5000 blocks from 0 candidate containers.
2023-04-19 02:33:22,439 [BlockDeletingService#7] INFO  interfaces.ContainerDeletionChoosingPolicyTemplate (ContainerDeletionChoosingPolicyTemplate.java:chooseContainerForBlockDeletion(83)) - Chosen 0/5000 blocks from 0 candidate containers.
2023-04-19 02:33:22,493 [SCMBlockDeletingService#0] DEBUG block.SCMBlockDeletingService (SCMBlockDeletingService.java:shouldRun(251)) - Check scm block delete run: true serviceStatus: RUNNING safemodeExitRunDelayMillis: 3000 alreadyWaitTimeInMillis: 32487
2023-04-19 02:33:22,493 [SCMBlockDeletingService#0] DEBUG block.SCMBlockDeletingService (SCMBlockDeletingService.java:call(154)) - Running DeletedBlockTransactionScanner
2023-04-19 02:33:22,539 [BlockDeletingService#2] INFO  interfaces.ContainerDeletionChoosingPolicyTemplate (ContainerDeletionChoosingPolicyTemplate.java:chooseContainerForBlockDeletion(83)) - Chosen 0/5000 blocks from 0 candidate containers.
2023-04-19 02:33:22,539 [BlockDeletingService#3] INFO  interfaces.ContainerDeletionChoosingPolicyTemplate (ContainerDeletionChoosingPolicyTemplate.java:chooseContainerForBlockDeletion(83)) - Chosen 0/5000 blocks from 0 candidate containers.
2023-04-19 02:33:22,539 [BlockDeletingService#7] INFO  interfaces.ContainerDeletionChoosingPolicyTemplate (ContainerDeletionChoosingPolicyTemplate.java:chooseContainerForBlockDeletion(83)) - Chosen 0/5000 blocks from 0 candidate containers.
2023-04-19 02:33:22,593 [SCMBlockDeletingService#0] DEBUG block.SCMBlockDeletingService (SCMBlockDeletingService.java:shouldRun(251)) - Check scm block delete run: true serviceStatus: RUNNING safemodeExitRunDelayMillis: 3000 alreadyWaitTimeInMillis: 32587
2023-04-19 02:33:22,593 [SCMBlockDeletingService#0] DEBUG block.SCMBlockDeletingService (SCMBlockDeletingService.java:call(154)) - Running DeletedBlockTransactionScanner
2023-04-19 02:33:22,639 [BlockDeletingService#2] INFO  interfaces.ContainerDeletionChoosingPolicyTemplate (ContainerDeletionChoosingPolicyTemplate.java:chooseContainerForBlockDeletion(83)) - Chosen 0/5000 blocks from 0 candidate containers.
2023-04-19 02:33:22,639 [BlockDeletingService#3] INFO  interfaces.ContainerDeletionChoosingPolicyTemplate (ContainerDeletionChoosingPolicyTemplate.java:chooseContainerForBlockDeletion(83)) - Chosen 0/5000 blocks from 0 candidate containers.
2023-04-19 02:33:22,639 [BlockDeletingService#7] INFO  interfaces.ContainerDeletionChoosingPolicyTemplate (ContainerDeletionChoosingPolicyTemplate.java:chooseContainerForBlockDeletion(83)) - Chosen 0/5000 blocks from 0 candidate containers.
2023-04-19 02:33:22,693 [SCMBlockDeletingService#0] DEBUG block.SCMBlockDeletingService (SCMBlockDeletingService.java:shouldRun(251)) - Check scm block delete run: true serviceStatus: RUNNING safemodeExitRunDelayMillis: 3000 alreadyWaitTimeInMillis: 32687
2023-04-19 02:33:22,693 [SCMBlockDeletingService#0] DEBUG block.SCMBlockDeletingService (SCMBlockDeletingService.java:call(154)) - Running DeletedBlockTransactionScanner
2023-04-19 02:33:22,739 [BlockDeletingService#2] INFO  interfaces.ContainerDeletionChoosingPolicyTemplate (ContainerDeletionChoosingPolicyTemplate.java:chooseContainerForBlockDeletion(83)) - Chosen 0/5000 blocks from 0 candidate containers.
2023-04-19 02:33:22,740 [BlockDeletingService#7] INFO  interfaces.ContainerDeletionChoosingPolicyTemplate (ContainerDeletionChoosingPolicyTemplate.java:chooseContainerForBlockDeletion(83)) - Chosen 0/5000 blocks from 0 candidate containers.
2023-04-19 02:33:22,740 [BlockDeletingService#3] INFO  interfaces.ContainerDeletionChoosingPolicyTemplate (ContainerDeletionChoosingPolicyTemplate.java:chooseContainerForBlockDeletion(83)) - Chosen 0/5000 blocks from 0 candidate containers.
2023-04-19 02:33:22,793 [SCMBlockDeletingService#0] DEBUG block.SCMBlockDeletingService (SCMBlockDeletingService.java:shouldRun(251)) - Check scm block delete run: true serviceStatus: RUNNING safemodeExitRunDelayMillis: 3000 alreadyWaitTimeInMillis: 32787
2023-04-19 02:33:22,793 [SCMBlockDeletingService#0] DEBUG block.SCMBlockDeletingService (SCMBlockDeletingService.java:call(154)) - Running DeletedBlockTransactionScanner
2023-04-19 02:33:22,840 [BlockDeletingService#2] INFO  interfaces.ContainerDeletionChoosingPolicyTemplate (ContainerDeletionChoosingPolicyTemplate.java:chooseContainerForBlockDeletion(83)) - Chosen 0/5000 blocks from 0 candidate containers.
2023-04-19 02:33:22,840 [BlockDeletingService#3] INFO  interfaces.ContainerDeletionChoosingPolicyTemplate (ContainerDeletionChoosingPolicyTemplate.java:chooseContainerForBlockDeletion(83)) - Chosen 0/5000 blocks from 0 candidate containers.
2023-04-19 02:33:22,840 [BlockDeletingService#7] INFO  interfaces.ContainerDeletionChoosingPolicyTemplate (ContainerDeletionChoosingPolicyTemplate.java:chooseContainerForBlockDeletion(83)) - Chosen 0/5000 blocks from 0 candidate containers.
2023-04-19 02:33:22,852 [Listener at 127.0.0.1/44187] WARN  commandhandler.TestBlockDeletion (TestBlockDeletion.java:lambda$testBlockDeletion$4(265)) - Verify blocks deletion failed
org.opentest4j.AssertionFailedError: expected: <null> but was: <[blockId=conID: 1 locID: 111677748019200001 bcsId: 16, size=4194304]>
	at org.junit.jupiter.api.AssertionUtils.fail(AssertionUtils.java:55)
	at org.junit.jupiter.api.AssertNull.failNotNull(AssertNull.java:54)
	at org.junit.jupiter.api.AssertNull.assertNull(AssertNull.java:38)
	at org.junit.jupiter.api.AssertNull.assertNull(AssertNull.java:33)
	at org.junit.jupiter.api.Assertions.assertNull(Assertions.java:275)
	at org.apache.hadoop.ozone.container.common.statemachine.commandhandler.TestBlockDeletion.lambda$verifyBlocksDeleted$17(TestBlockDeletion.java:484)
	at org.apache.hadoop.ozone.OzoneTestUtils.performOperationOnKeyContainers(OzoneTestUtils.java:140)
	at org.apache.hadoop.ozone.container.common.statemachine.commandhandler.TestBlockDeletion.verifyBlocksDeleted(TestBlockDeletion.java:474)
	at org.apache.hadoop.ozone.container.common.statemachine.commandhandler.TestBlockDeletion.lambda$testBlockDeletion$4(TestBlockDeletion.java:262)
	at org.apache.ozone.test.GenericTestUtils.waitFor(GenericTestUtils.java:225)
	at org.apache.hadoop.ozone.container.common.statemachine.commandhandler.TestBlockDeletion.testBlockDeletion(TestBlockDeletion.java:260)
	at sun.reflect.NativeMethodAccessorImpl.invoke0(Native Method)
	at sun.reflect.NativeMethodAccessorImpl.invoke(NativeMethodAccessorImpl.java:62)
	at sun.reflect.DelegatingMethodAccessorImpl.invoke(DelegatingMethodAccessorImpl.java:43)
	at java.lang.reflect.Method.invoke(Method.java:498)
	at org.junit.platform.commons.util.ReflectionUtils.invokeMethod(ReflectionUtils.java:725)
	at org.junit.jupiter.engine.execution.MethodInvocation.proceed(MethodInvocation.java:60)
	at org.junit.jupiter.engine.execution.InvocationInterceptorChain$ValidatingInvocation.proceed(InvocationInterceptorChain.java:131)
	at org.junit.jupiter.engine.extension.TimeoutExtension.intercept(TimeoutExtension.java:149)
	at org.junit.jupiter.engine.extension.TimeoutExtension.interceptTestableMethod(TimeoutExtension.java:140)
	at org.junit.jupiter.engine.extension.TimeoutExtension.interceptTestTemplateMethod(TimeoutExtension.java:92)
	at org.junit.jupiter.engine.execution.ExecutableInvoker$ReflectiveInterceptorCall.lambda$ofVoidMethod$0(ExecutableInvoker.java:115)
	at org.junit.jupiter.engine.execution.ExecutableInvoker.lambda$invoke$0(ExecutableInvoker.java:105)
	at org.junit.jupiter.engine.execution.InvocationInterceptorChain$InterceptedInvocation.proceed(InvocationInterceptorChain.java:106)
	at org.junit.jupiter.engine.execution.InvocationInterceptorChain.proceed(InvocationInterceptorChain.java:64)
	at org.junit.jupiter.engine.execution.InvocationInterceptorChain.chainAndInvoke(InvocationInterceptorChain.java:45)
	at org.junit.jupiter.engine.execution.InvocationInterceptorChain.invoke(InvocationInterceptorChain.java:37)
	at org.junit.jupiter.engine.execution.ExecutableInvoker.invoke(ExecutableInvoker.java:104)
	at org.junit.jupiter.engine.execution.ExecutableInvoker.invoke(ExecutableInvoker.java:98)
	at org.junit.jupiter.engine.descriptor.TestMethodTestDescriptor.lambda$invokeTestMethod$7(TestMethodTestDescriptor.java:214)
	at org.junit.platform.engine.support.hierarchical.ThrowableCollector.execute(ThrowableCollector.java:73)
	at org.junit.jupiter.engine.descriptor.TestMethodTestDescriptor.invokeTestMethod(TestMethodTestDescriptor.java:210)
	at org.junit.jupiter.engine.descriptor.TestMethodTestDescriptor.execute(TestMethodTestDescriptor.java:135)
	at org.junit.jupiter.engine.descriptor.TestMethodTestDescriptor.execute(TestMethodTestDescriptor.java:66)
	at org.junit.platform.engine.support.hierarchical.NodeTestTask.lambda$executeRecursively$6(NodeTestTask.java:151)
	at org.junit.platform.engine.support.hierarchical.ThrowableCollector.execute(ThrowableCollector.java:73)
	at org.junit.platform.engine.support.hierarchical.NodeTestTask.lambda$executeRecursively$8(NodeTestTask.java:141)
	at org.junit.platform.engine.support.hierarchical.Node.around(Node.java:137)
	at org.junit.platform.engine.support.hierarchical.NodeTestTask.lambda$executeRecursively$9(NodeTestTask.java:139)
	at org.junit.platform.engine.support.hierarchical.ThrowableCollector.execute(ThrowableCollector.java:73)
	at org.junit.platform.engine.support.hierarchical.NodeTestTask.executeRecursively(NodeTestTask.java:138)
	at org.junit.platform.engine.support.hierarchical.NodeTestTask.execute(NodeTestTask.java:95)
	at org.junit.platform.engine.support.hierarchical.SameThreadHierarchicalTestExecutorService.submit(SameThreadHierarchicalTestExecutorService.java:35)
	at org.junit.platform.engine.support.hierarchical.NodeTestTask$DefaultDynamicTestExecutor.execute(NodeTestTask.java:226)
	at org.junit.platform.engine.support.hierarchical.NodeTestTask$DefaultDynamicTestExecutor.execute(NodeTestTask.java:204)
	at org.junit.jupiter.engine.descriptor.TestTemplateTestDescriptor.execute(TestTemplateTestDescriptor.java:139)
	at org.junit.jupiter.engine.descriptor.TestTemplateTestDescriptor.lambda$execute$2(TestTemplateTestDescriptor.java:107)
	at java.util.stream.ForEachOps$ForEachOp$OfRef.accept(ForEachOps.java:183)
	at java.util.stream.ReferencePipeline$3$1.accept(ReferencePipeline.java:193)
	at java.util.stream.ReferencePipeline$2$1.accept(ReferencePipeline.java:175)
	at java.util.stream.ReferencePipeline$3$1.accept(ReferencePipeline.java:193)
	at java.util.stream.ForEachOps$ForEachOp$OfRef.accept(ForEachOps.java:183)
	at java.util.stream.ReferencePipeline$3$1.accept(ReferencePipeline.java:193)
	at java.util.stream.ReferencePipeline$3$1.accept(ReferencePipeline.java:193)
	at java.util.stream.ReferencePipeline$3$1.accept(ReferencePipeline.java:193)
	at java.util.stream.ForEachOps$ForEachOp$OfRef.accept(ForEachOps.java:183)
	at java.util.stream.ReferencePipeline$3$1.accept(ReferencePipeline.java:193)
	at java.util.Spliterators$ArraySpliterator.forEachRemaining(Spliterators.java:948)
	at java.util.stream.ReferencePipeline$Head.forEach(ReferencePipeline.java:647)
	at java.util.stream.ReferencePipeline$7$1.accept(ReferencePipeline.java:272)
	at java.util.stream.ReferencePipeline$3$1.accept(ReferencePipeline.java:193)
	at java.util.stream.ReferencePipeline$3$1.accept(ReferencePipeline.java:193)
	at java.util.Spliterators$ArraySpliterator.forEachRemaining(Spliterators.java:948)
	at java.util.stream.AbstractPipeline.copyInto(AbstractPipeline.java:482)
	at java.util.stream.AbstractPipeline.wrapAndCopyInto(AbstractPipeline.java:472)
	at java.util.stream.ForEachOps$ForEachOp.evaluateSequential(ForEachOps.java:150)
	at java.util.stream.ForEachOps$ForEachOp$OfRef.evaluateSequential(ForEachOps.java:173)
	at java.util.stream.AbstractPipeline.evaluate(AbstractPipeline.java:234)
	at java.util.stream.ReferencePipeline.forEach(ReferencePipeline.java:485)
	at java.util.stream.ReferencePipeline$7$1.accept(ReferencePipeline.java:272)
	at java.util.stream.ReferencePipeline$3$1.accept(ReferencePipeline.java:193)
	at java.util.stream.ReferencePipeline$3$1.accept(ReferencePipeline.java:193)
	at java.util.stream.ReferencePipeline$3$1.accept(ReferencePipeline.java:193)
	at java.util.ArrayList$ArrayListSpliterator.forEachRemaining(ArrayList.java:1384)
	at java.util.stream.AbstractPipeline.copyInto(AbstractPipeline.java:482)
	at java.util.stream.AbstractPipeline.wrapAndCopyInto(AbstractPipeline.java:472)
	at java.util.stream.ForEachOps$ForEachOp.evaluateSequential(ForEachOps.java:150)
	at java.util.stream.ForEachOps$ForEachOp$OfRef.evaluateSequential(ForEachOps.java:173)
	at java.util.stream.AbstractPipeline.evaluate(AbstractPipeline.java:234)
	at java.util.stream.ReferencePipeline.forEach(ReferencePipeline.java:485)
	at java.util.stream.ReferencePipeline$7$1.accept(ReferencePipeline.java:272)
	at java.util.ArrayList$ArrayListSpliterator.forEachRemaining(ArrayList.java:1384)
	at java.util.stream.AbstractPipeline.copyInto(AbstractPipeline.java:482)
	at java.util.stream.AbstractPipeline.wrapAndCopyInto(AbstractPipeline.java:472)
	at java.util.stream.ForEachOps$ForEachOp.evaluateSequential(ForEachOps.java:150)
	at java.util.stream.ForEachOps$ForEachOp$OfRef.evaluateSequential(ForEachOps.java:173)
	at java.util.stream.AbstractPipeline.evaluate(AbstractPipeline.java:234)
	at java.util.stream.ReferencePipeline.forEach(ReferencePipeline.java:485)
	at org.junit.jupiter.engine.descriptor.TestTemplateTestDescriptor.execute(TestTemplateTestDescriptor.java:107)
	at org.junit.jupiter.engine.descriptor.TestTemplateTestDescriptor.execute(TestTemplateTestDescriptor.java:42)
	at org.junit.platform.engine.support.hierarchical.NodeTestTask.lambda$executeRecursively$6(NodeTestTask.java:151)
	at org.junit.platform.engine.support.hierarchical.ThrowableCollector.execute(ThrowableCollector.java:73)
	at org.junit.platform.engine.support.hierarchical.NodeTestTask.lambda$executeRecursively$8(NodeTestTask.java:141)
	at org.junit.platform.engine.support.hierarchical.Node.around(Node.java:137)
	at org.junit.platform.engine.support.hierarchical.NodeTestTask.lambda$executeRecursively$9(NodeTestTask.java:139)
	at org.junit.platform.engine.support.hierarchical.ThrowableCollector.execute(ThrowableCollector.java:73)
	at org.junit.platform.engine.support.hierarchical.NodeTestTask.executeRecursively(NodeTestTask.java:138)
	at org.junit.platform.engine.support.hierarchical.NodeTestTask.execute(NodeTestTask.java:95)
	at java.util.ArrayList.forEach(ArrayList.java:1259)
	at org.junit.platform.engine.support.hierarchical.SameThreadHierarchicalTestExecutorService.invokeAll(SameThreadHierarchicalTestExecutorService.java:41)
	at org.junit.platform.engine.support.hierarchical.NodeTestTask.lambda$executeRecursively$6(NodeTestTask.java:155)
	at org.junit.platform.engine.support.hierarchical.ThrowableCollector.execute(ThrowableCollector.java:73)
	at org.junit.platform.engine.support.hierarchical.NodeTestTask.lambda$executeRecursively$8(NodeTestTask.java:141)
	at org.junit.platform.engine.support.hierarchical.Node.around(Node.java:137)
	at org.junit.platform.engine.support.hierarchical.NodeTestTask.lambda$executeRecursively$9(NodeTestTask.java:139)
	at org.junit.platform.engine.support.hierarchical.ThrowableCollector.execute(ThrowableCollector.java:73)
	at org.junit.platform.engine.support.hierarchical.NodeTestTask.executeRecursively(NodeTestTask.java:138)
	at org.junit.platform.engine.support.hierarchical.NodeTestTask.execute(NodeTestTask.java:95)
	at java.util.ArrayList.forEach(ArrayList.java:1259)
	at org.junit.platform.engine.support.hierarchical.SameThreadHierarchicalTestExecutorService.invokeAll(SameThreadHierarchicalTestExecutorService.java:41)
	at org.junit.platform.engine.support.hierarchical.NodeTestTask.lambda$executeRecursively$6(NodeTestTask.java:155)
	at org.junit.platform.engine.support.hierarchical.ThrowableCollector.execute(ThrowableCollector.java:73)
	at org.junit.platform.engine.support.hierarchical.NodeTestTask.lambda$executeRecursively$8(NodeTestTask.java:141)
	at org.junit.platform.engine.support.hierarchical.Node.around(Node.java:137)
	at org.junit.platform.engine.support.hierarchical.NodeTestTask.lambda$executeRecursively$9(NodeTestTask.java:139)
	at org.junit.platform.engine.support.hierarchical.ThrowableCollector.execute(ThrowableCollector.java:73)
	at org.junit.platform.engine.support.hierarchical.NodeTestTask.executeRecursively(NodeTestTask.java:138)
	at org.junit.platform.engine.support.hierarchical.NodeTestTask.execute(NodeTestTask.java:95)
	at org.junit.platform.engine.support.hierarchical.SameThreadHierarchicalTestExecutorService.submit(SameThreadHierarchicalTestExecutorService.java:35)
	at org.junit.platform.engine.support.hierarchical.HierarchicalTestExecutor.execute(HierarchicalTestExecutor.java:57)
	at org.junit.platform.engine.support.hierarchical.HierarchicalTestEngine.execute(HierarchicalTestEngine.java:54)
	at org.junit.platform.launcher.core.EngineExecutionOrchestrator.execute(EngineExecutionOrchestrator.java:107)
	at org.junit.platform.launcher.core.EngineExecutionOrchestrator.execute(EngineExecutionOrchestrator.java:88)
	at org.junit.platform.launcher.core.EngineExecutionOrchestrator.lambda$execute$0(EngineExecutionOrchestrator.java:54)
	at org.junit.platform.launcher.core.EngineExecutionOrchestrator.withInterceptedStreams(EngineExecutionOrchestrator.java:67)
	at org.junit.platform.launcher.core.EngineExecutionOrchestrator.execute(EngineExecutionOrchestrator.java:52)
	at org.junit.platform.launcher.core.DefaultLauncher.execute(DefaultLauncher.java:114)
	at org.junit.platform.launcher.core.DefaultLauncher.execute(DefaultLauncher.java:86)
	at org.junit.platform.launcher.core.DefaultLauncherSession$DelegatingLauncher.execute(DefaultLauncherSession.java:86)
	at org.junit.platform.launcher.core.SessionPerRequestLauncher.execute(SessionPerRequestLauncher.java:53)
	at org.apache.maven.surefire.junitplatform.JUnitPlatformProvider.execute(JUnitPlatformProvider.java:188)
	at org.apache.maven.surefire.junitplatform.JUnitPlatformProvider.invokeAllTests(JUnitPlatformProvider.java:154)
	at org.apache.maven.surefire.junitplatform.JUnitPlatformProvider.invoke(JUnitPlatformProvider.java:124)
	at org.apache.maven.surefire.booter.ForkedBooter.runSuitesInProcess(ForkedBooter.java:428)
	at org.apache.maven.surefire.booter.ForkedBooter.execute(ForkedBooter.java:162)
	at org.apache.maven.surefire.booter.ForkedBooter.run(ForkedBooter.java:562)
	at org.apache.maven.surefire.booter.ForkedBooter.main(ForkedBooter.java:548)
2023-04-19 02:33:22,893 [SCMBlockDeletingService#0] DEBUG block.SCMBlockDeletingService (SCMBlockDeletingService.java:shouldRun(251)) - Check scm block delete run: true serviceStatus: RUNNING safemodeExitRunDelayMillis: 3000 alreadyWaitTimeInMillis: 32887
2023-04-19 02:33:22,894 [SCMBlockDeletingService#0] DEBUG block.SCMBlockDeletingService (SCMBlockDeletingService.java:call(154)) - Running DeletedBlockTransactionScanner
2023-04-19 02:33:22,940 [BlockDeletingService#2] INFO  interfaces.ContainerDeletionChoosingPolicyTemplate (ContainerDeletionChoosingPolicyTemplate.java:chooseContainerForBlockDeletion(83)) - Chosen 0/5000 blocks from 0 candidate containers.
2023-04-19 02:33:22,940 [BlockDeletingService#3] INFO  interfaces.ContainerDeletionChoosingPolicyTemplate (ContainerDeletionChoosingPolicyTemplate.java:chooseContainerForBlockDeletion(83)) - Chosen 0/5000 blocks from 0 candidate containers.
2023-04-19 02:33:22,940 [BlockDeletingService#7] INFO  interfaces.ContainerDeletionChoosingPolicyTemplate (ContainerDeletionChoosingPolicyTemplate.java:chooseContainerForBlockDeletion(83)) - Chosen 0/5000 blocks from 0 candidate containers.
2023-04-19 02:33:22,993 [SCMBlockDeletingService#0] DEBUG block.SCMBlockDeletingService (SCMBlockDeletingService.java:shouldRun(251)) - Check scm block delete run: true serviceStatus: RUNNING safemodeExitRunDelayMillis: 3000 alreadyWaitTimeInMillis: 32987
2023-04-19 02:33:22,993 [SCMBlockDeletingService#0] DEBUG block.SCMBlockDeletingService (SCMBlockDeletingService.java:call(154)) - Running DeletedBlockTransactionScanner
2023-04-19 02:33:23,040 [BlockDeletingService#2] INFO  interfaces.ContainerDeletionChoosingPolicyTemplate (ContainerDeletionChoosingPolicyTemplate.java:chooseContainerForBlockDeletion(83)) - Chosen 0/5000 blocks from 0 candidate containers.
2023-04-19 02:33:23,040 [BlockDeletingService#7] INFO  interfaces.ContainerDeletionChoosingPolicyTemplate (ContainerDeletionChoosingPolicyTemplate.java:chooseContainerForBlockDeletion(83)) - Chosen 0/5000 blocks from 0 candidate containers.
2023-04-19 02:33:23,040 [BlockDeletingService#3] INFO  interfaces.ContainerDeletionChoosingPolicyTemplate (ContainerDeletionChoosingPolicyTemplate.java:chooseContainerForBlockDeletion(83)) - Chosen 0/5000 blocks from 0 candidate containers.
2023-04-19 02:33:23,093 [SCMBlockDeletingService#0] DEBUG block.SCMBlockDeletingService (SCMBlockDeletingService.java:shouldRun(251)) - Check scm block delete run: true serviceStatus: RUNNING safemodeExitRunDelayMillis: 3000 alreadyWaitTimeInMillis: 33087
2023-04-19 02:33:23,094 [SCMBlockDeletingService#0] DEBUG block.SCMBlockDeletingService (SCMBlockDeletingService.java:call(154)) - Running DeletedBlockTransactionScanner
2023-04-19 02:33:23,141 [BlockDeletingService#2] INFO  interfaces.ContainerDeletionChoosingPolicyTemplate (ContainerDeletionChoosingPolicyTemplate.java:chooseContainerForBlockDeletion(83)) - Chosen 0/5000 blocks from 0 candidate containers.
2023-04-19 02:33:23,141 [BlockDeletingService#7] INFO  interfaces.ContainerDeletionChoosingPolicyTemplate (ContainerDeletionChoosingPolicyTemplate.java:chooseContainerForBlockDeletion(83)) - Chosen 0/5000 blocks from 0 candidate containers.
2023-04-19 02:33:23,141 [BlockDeletingService#3] INFO  interfaces.ContainerDeletionChoosingPolicyTemplate (ContainerDeletionChoosingPolicyTemplate.java:chooseContainerForBlockDeletion(83)) - Chosen 0/5000 blocks from 0 candidate containers.
2023-04-19 02:33:23,193 [SCMBlockDeletingService#0] DEBUG block.SCMBlockDeletingService (SCMBlockDeletingService.java:shouldRun(251)) - Check scm block delete run: true serviceStatus: RUNNING safemodeExitRunDelayMillis: 3000 alreadyWaitTimeInMillis: 33187
2023-04-19 02:33:23,194 [SCMBlockDeletingService#0] DEBUG block.SCMBlockDeletingService (SCMBlockDeletingService.java:call(154)) - Running DeletedBlockTransactionScanner
2023-04-19 02:33:23,241 [BlockDeletingService#2] INFO  interfaces.ContainerDeletionChoosingPolicyTemplate (ContainerDeletionChoosingPolicyTemplate.java:chooseContainerForBlockDeletion(83)) - Chosen 0/5000 blocks from 0 candidate containers.
2023-04-19 02:33:23,241 [BlockDeletingService#7] INFO  interfaces.ContainerDeletionChoosingPolicyTemplate (ContainerDeletionChoosingPolicyTemplate.java:chooseContainerForBlockDeletion(83)) - Chosen 0/5000 blocks from 0 candidate containers.
2023-04-19 02:33:23,241 [BlockDeletingService#3] INFO  interfaces.ContainerDeletionChoosingPolicyTemplate (ContainerDeletionChoosingPolicyTemplate.java:chooseContainerForBlockDeletion(83)) - Chosen 0/5000 blocks from 0 candidate containers.
2023-04-19 02:33:23,294 [SCMBlockDeletingService#0] DEBUG block.SCMBlockDeletingService (SCMBlockDeletingService.java:shouldRun(251)) - Check scm block delete run: true serviceStatus: RUNNING safemodeExitRunDelayMillis: 3000 alreadyWaitTimeInMillis: 33288
2023-04-19 02:33:23,294 [SCMBlockDeletingService#0] DEBUG block.SCMBlockDeletingService (SCMBlockDeletingService.java:call(154)) - Running DeletedBlockTransactionScanner
2023-04-19 02:33:23,341 [BlockDeletingService#2] INFO  interfaces.ContainerDeletionChoosingPolicyTemplate (ContainerDeletionChoosingPolicyTemplate.java:chooseContainerForBlockDeletion(83)) - Chosen 0/5000 blocks from 0 candidate containers.
2023-04-19 02:33:23,341 [BlockDeletingService#7] INFO  interfaces.ContainerDeletionChoosingPolicyTemplate (ContainerDeletionChoosingPolicyTemplate.java:chooseContainerForBlockDeletion(83)) - Chosen 0/5000 blocks from 0 candidate containers.
2023-04-19 02:33:23,341 [BlockDeletingService#3] INFO  interfaces.ContainerDeletionChoosingPolicyTemplate (ContainerDeletionChoosingPolicyTemplate.java:chooseContainerForBlockDeletion(83)) - Chosen 0/5000 blocks from 0 candidate containers.
2023-04-19 02:33:23,394 [SCMBlockDeletingService#0] DEBUG block.SCMBlockDeletingService (SCMBlockDeletingService.java:shouldRun(251)) - Check scm block delete run: true serviceStatus: RUNNING safemodeExitRunDelayMillis: 3000 alreadyWaitTimeInMillis: 33388
2023-04-19 02:33:23,394 [SCMBlockDeletingService#0] DEBUG block.SCMBlockDeletingService (SCMBlockDeletingService.java:call(154)) - Running DeletedBlockTransactionScanner
2023-04-19 02:33:23,441 [BlockDeletingService#2] INFO  interfaces.ContainerDeletionChoosingPolicyTemplate (ContainerDeletionChoosingPolicyTemplate.java:chooseContainerForBlockDeletion(83)) - Chosen 0/5000 blocks from 0 candidate containers.
2023-04-19 02:33:23,441 [BlockDeletingService#7] INFO  interfaces.ContainerDeletionChoosingPolicyTemplate (ContainerDeletionChoosingPolicyTemplate.java:chooseContainerForBlockDeletion(83)) - Chosen 0/5000 blocks from 0 candidate containers.
2023-04-19 02:33:23,442 [BlockDeletingService#3] INFO  interfaces.ContainerDeletionChoosingPolicyTemplate (ContainerDeletionChoosingPolicyTemplate.java:chooseContainerForBlockDeletion(83)) - Chosen 0/5000 blocks from 0 candidate containers.
2023-04-19 02:33:23,494 [SCMBlockDeletingService#0] DEBUG block.SCMBlockDeletingService (SCMBlockDeletingService.java:shouldRun(251)) - Check scm block delete run: true serviceStatus: RUNNING safemodeExitRunDelayMillis: 3000 alreadyWaitTimeInMillis: 33488
2023-04-19 02:33:23,494 [SCMBlockDeletingService#0] DEBUG block.SCMBlockDeletingService (SCMBlockDeletingService.java:call(154)) - Running DeletedBlockTransactionScanner
2023-04-19 02:33:23,542 [BlockDeletingService#2] INFO  interfaces.ContainerDeletionChoosingPolicyTemplate (ContainerDeletionChoosingPolicyTemplate.java:chooseContainerForBlockDeletion(83)) - Chosen 0/5000 blocks from 0 candidate containers.
2023-04-19 02:33:23,542 [BlockDeletingService#7] INFO  interfaces.ContainerDeletionChoosingPolicyTemplate (ContainerDeletionChoosingPolicyTemplate.java:chooseContainerForBlockDeletion(83)) - Chosen 0/5000 blocks from 0 candidate containers.
2023-04-19 02:33:23,542 [BlockDeletingService#3] INFO  interfaces.ContainerDeletionChoosingPolicyTemplate (ContainerDeletionChoosingPolicyTemplate.java:chooseContainerForBlockDeletion(83)) - Chosen 0/5000 blocks from 0 candidate containers.
2023-04-19 02:33:23,594 [SCMBlockDeletingService#0] DEBUG block.SCMBlockDeletingService (SCMBlockDeletingService.java:shouldRun(251)) - Check scm block delete run: true serviceStatus: RUNNING safemodeExitRunDelayMillis: 3000 alreadyWaitTimeInMillis: 33588
2023-04-19 02:33:23,594 [SCMBlockDeletingService#0] DEBUG block.SCMBlockDeletingService (SCMBlockDeletingService.java:call(154)) - Running DeletedBlockTransactionScanner
2023-04-19 02:33:23,642 [BlockDeletingService#2] INFO  interfaces.ContainerDeletionChoosingPolicyTemplate (ContainerDeletionChoosingPolicyTemplate.java:chooseContainerForBlockDeletion(83)) - Chosen 0/5000 blocks from 0 candidate containers.
2023-04-19 02:33:23,642 [BlockDeletingService#7] INFO  interfaces.ContainerDeletionChoosingPolicyTemplate (ContainerDeletionChoosingPolicyTemplate.java:chooseContainerForBlockDeletion(83)) - Chosen 0/5000 blocks from 0 candidate containers.
2023-04-19 02:33:23,642 [BlockDeletingService#3] INFO  interfaces.ContainerDeletionChoosingPolicyTemplate (ContainerDeletionChoosingPolicyTemplate.java:chooseContainerForBlockDeletion(83)) - Chosen 0/5000 blocks from 0 candidate containers.
2023-04-19 02:33:23,694 [SCMBlockDeletingService#0] DEBUG block.SCMBlockDeletingService (SCMBlockDeletingService.java:shouldRun(251)) - Check scm block delete run: true serviceStatus: RUNNING safemodeExitRunDelayMillis: 3000 alreadyWaitTimeInMillis: 33688
2023-04-19 02:33:23,694 [SCMBlockDeletingService#0] DEBUG block.SCMBlockDeletingService (SCMBlockDeletingService.java:call(154)) - Running DeletedBlockTransactionScanner
2023-04-19 02:33:23,742 [BlockDeletingService#2] INFO  interfaces.ContainerDeletionChoosingPolicyTemplate (ContainerDeletionChoosingPolicyTemplate.java:chooseContainerForBlockDeletion(83)) - Chosen 0/5000 blocks from 0 candidate containers.
2023-04-19 02:33:23,742 [BlockDeletingService#3] INFO  interfaces.ContainerDeletionChoosingPolicyTemplate (ContainerDeletionChoosingPolicyTemplate.java:chooseContainerForBlockDeletion(83)) - Chosen 0/5000 blocks from 0 candidate containers.
2023-04-19 02:33:23,742 [BlockDeletingService#7] INFO  interfaces.ContainerDeletionChoosingPolicyTemplate (ContainerDeletionChoosingPolicyTemplate.java:chooseContainerForBlockDeletion(83)) - Chosen 0/5000 blocks from 0 candidate containers.
2023-04-19 02:33:23,794 [SCMBlockDeletingService#0] DEBUG block.SCMBlockDeletingService (SCMBlockDeletingService.java:shouldRun(251)) - Check scm block delete run: true serviceStatus: RUNNING safemodeExitRunDelayMillis: 3000 alreadyWaitTimeInMillis: 33788
2023-04-19 02:33:23,794 [SCMBlockDeletingService#0] DEBUG block.SCMBlockDeletingService (SCMBlockDeletingService.java:call(154)) - Running DeletedBlockTransactionScanner
2023-04-19 02:33:23,842 [BlockDeletingService#2] INFO  interfaces.ContainerDeletionChoosingPolicyTemplate (ContainerDeletionChoosingPolicyTemplate.java:chooseContainerForBlockDeletion(83)) - Chosen 0/5000 blocks from 0 candidate containers.
2023-04-19 02:33:23,842 [BlockDeletingService#3] INFO  interfaces.ContainerDeletionChoosingPolicyTemplate (ContainerDeletionChoosingPolicyTemplate.java:chooseContainerForBlockDeletion(83)) - Chosen 0/5000 blocks from 0 candidate containers.
2023-04-19 02:33:23,842 [BlockDeletingService#7] INFO  interfaces.ContainerDeletionChoosingPolicyTemplate (ContainerDeletionChoosingPolicyTemplate.java:chooseContainerForBlockDeletion(83)) - Chosen 0/5000 blocks from 0 candidate containers.
2023-04-19 02:33:23,894 [SCMBlockDeletingService#0] DEBUG block.SCMBlockDeletingService (SCMBlockDeletingService.java:shouldRun(251)) - Check scm block delete run: true serviceStatus: RUNNING safemodeExitRunDelayMillis: 3000 alreadyWaitTimeInMillis: 33888
2023-04-19 02:33:23,894 [SCMBlockDeletingService#0] DEBUG block.SCMBlockDeletingService (SCMBlockDeletingService.java:call(154)) - Running DeletedBlockTransactionScanner
2023-04-19 02:33:23,943 [BlockDeletingService#2] INFO  interfaces.ContainerDeletionChoosingPolicyTemplate (ContainerDeletionChoosingPolicyTemplate.java:chooseContainerForBlockDeletion(83)) - Chosen 0/5000 blocks from 0 candidate containers.
2023-04-19 02:33:23,943 [BlockDeletingService#3] INFO  interfaces.ContainerDeletionChoosingPolicyTemplate (ContainerDeletionChoosingPolicyTemplate.java:chooseContainerForBlockDeletion(83)) - Chosen 0/5000 blocks from 0 candidate containers.
2023-04-19 02:33:23,943 [BlockDeletingService#7] INFO  interfaces.ContainerDeletionChoosingPolicyTemplate (ContainerDeletionChoosingPolicyTemplate.java:chooseContainerForBlockDeletion(83)) - Chosen 0/5000 blocks from 0 candidate containers.
2023-04-19 02:33:23,994 [SCMBlockDeletingService#0] DEBUG block.SCMBlockDeletingService (SCMBlockDeletingService.java:shouldRun(251)) - Check scm block delete run: true serviceStatus: RUNNING safemodeExitRunDelayMillis: 3000 alreadyWaitTimeInMillis: 33988
2023-04-19 02:33:23,994 [SCMBlockDeletingService#0] DEBUG block.SCMBlockDeletingService (SCMBlockDeletingService.java:call(154)) - Running DeletedBlockTransactionScanner
2023-04-19 02:33:24,043 [BlockDeletingService#2] INFO  interfaces.ContainerDeletionChoosingPolicyTemplate (ContainerDeletionChoosingPolicyTemplate.java:chooseContainerForBlockDeletion(83)) - Chosen 0/5000 blocks from 0 candidate containers.
2023-04-19 02:33:24,043 [BlockDeletingService#3] INFO  interfaces.ContainerDeletionChoosingPolicyTemplate (ContainerDeletionChoosingPolicyTemplate.java:chooseContainerForBlockDeletion(83)) - Chosen 0/5000 blocks from 0 candidate containers.
2023-04-19 02:33:24,043 [BlockDeletingService#7] INFO  interfaces.ContainerDeletionChoosingPolicyTemplate (ContainerDeletionChoosingPolicyTemplate.java:chooseContainerForBlockDeletion(83)) - Chosen 0/5000 blocks from 0 candidate containers.
2023-04-19 02:33:24,094 [SCMBlockDeletingService#0] DEBUG block.SCMBlockDeletingService (SCMBlockDeletingService.java:shouldRun(251)) - Check scm block delete run: true serviceStatus: RUNNING safemodeExitRunDelayMillis: 3000 alreadyWaitTimeInMillis: 34088
2023-04-19 02:33:24,094 [SCMBlockDeletingService#0] DEBUG block.SCMBlockDeletingService (SCMBlockDeletingService.java:call(154)) - Running DeletedBlockTransactionScanner
2023-04-19 02:33:24,143 [BlockDeletingService#2] INFO  interfaces.ContainerDeletionChoosingPolicyTemplate (ContainerDeletionChoosingPolicyTemplate.java:chooseContainerForBlockDeletion(83)) - Chosen 0/5000 blocks from 0 candidate containers.
2023-04-19 02:33:24,143 [BlockDeletingService#3] INFO  interfaces.ContainerDeletionChoosingPolicyTemplate (ContainerDeletionChoosingPolicyTemplate.java:chooseContainerForBlockDeletion(83)) - Chosen 0/5000 blocks from 0 candidate containers.
2023-04-19 02:33:24,143 [BlockDeletingService#7] INFO  interfaces.ContainerDeletionChoosingPolicyTemplate (ContainerDeletionChoosingPolicyTemplate.java:chooseContainerForBlockDeletion(83)) - Chosen 0/5000 blocks from 0 candidate containers.
2023-04-19 02:33:24,194 [SCMBlockDeletingService#0] DEBUG block.SCMBlockDeletingService (SCMBlockDeletingService.java:shouldRun(251)) - Check scm block delete run: true serviceStatus: RUNNING safemodeExitRunDelayMillis: 3000 alreadyWaitTimeInMillis: 34188
2023-04-19 02:33:24,194 [SCMBlockDeletingService#0] DEBUG block.SCMBlockDeletingService (SCMBlockDeletingService.java:call(154)) - Running DeletedBlockTransactionScanner
2023-04-19 02:33:24,243 [BlockDeletingService#2] INFO  interfaces.ContainerDeletionChoosingPolicyTemplate (ContainerDeletionChoosingPolicyTemplate.java:chooseContainerForBlockDeletion(83)) - Chosen 0/5000 blocks from 0 candidate containers.
2023-04-19 02:33:24,243 [BlockDeletingService#3] INFO  interfaces.ContainerDeletionChoosingPolicyTemplate (ContainerDeletionChoosingPolicyTemplate.java:chooseContainerForBlockDeletion(83)) - Chosen 0/5000 blocks from 0 candidate containers.
2023-04-19 02:33:24,243 [BlockDeletingService#7] INFO  interfaces.ContainerDeletionChoosingPolicyTemplate (ContainerDeletionChoosingPolicyTemplate.java:chooseContainerForBlockDeletion(83)) - Chosen 0/5000 blocks from 0 candidate containers.
2023-04-19 02:33:24,294 [SCMBlockDeletingService#0] DEBUG block.SCMBlockDeletingService (SCMBlockDeletingService.java:shouldRun(251)) - Check scm block delete run: true serviceStatus: RUNNING safemodeExitRunDelayMillis: 3000 alreadyWaitTimeInMillis: 34288
2023-04-19 02:33:24,294 [SCMBlockDeletingService#0] DEBUG block.SCMBlockDeletingService (SCMBlockDeletingService.java:call(154)) - Running DeletedBlockTransactionScanner
2023-04-19 02:33:24,343 [BlockDeletingService#2] INFO  interfaces.ContainerDeletionChoosingPolicyTemplate (ContainerDeletionChoosingPolicyTemplate.java:chooseContainerForBlockDeletion(83)) - Chosen 0/5000 blocks from 0 candidate containers.
2023-04-19 02:33:24,344 [BlockDeletingService#7] INFO  interfaces.ContainerDeletionChoosingPolicyTemplate (ContainerDeletionChoosingPolicyTemplate.java:chooseContainerForBlockDeletion(83)) - Chosen 0/5000 blocks from 0 candidate containers.
2023-04-19 02:33:24,343 [BlockDeletingService#3] INFO  interfaces.ContainerDeletionChoosingPolicyTemplate (ContainerDeletionChoosingPolicyTemplate.java:chooseContainerForBlockDeletion(83)) - Chosen 0/5000 blocks from 0 candidate containers.
2023-04-19 02:33:24,394 [SCMBlockDeletingService#0] DEBUG block.SCMBlockDeletingService (SCMBlockDeletingService.java:shouldRun(251)) - Check scm block delete run: true serviceStatus: RUNNING safemodeExitRunDelayMillis: 3000 alreadyWaitTimeInMillis: 34388
2023-04-19 02:33:24,394 [SCMBlockDeletingService#0] DEBUG block.SCMBlockDeletingService (SCMBlockDeletingService.java:call(154)) - Running DeletedBlockTransactionScanner
2023-04-19 02:33:24,444 [BlockDeletingService#2] INFO  interfaces.ContainerDeletionChoosingPolicyTemplate (ContainerDeletionChoosingPolicyTemplate.java:chooseContainerForBlockDeletion(83)) - Chosen 0/5000 blocks from 0 candidate containers.
2023-04-19 02:33:24,444 [BlockDeletingService#3] INFO  interfaces.ContainerDeletionChoosingPolicyTemplate (ContainerDeletionChoosingPolicyTemplate.java:chooseContainerForBlockDeletion(83)) - Chosen 0/5000 blocks from 0 candidate containers.
2023-04-19 02:33:24,444 [BlockDeletingService#7] INFO  interfaces.ContainerDeletionChoosingPolicyTemplate (ContainerDeletionChoosingPolicyTemplate.java:chooseContainerForBlockDeletion(83)) - Chosen 0/5000 blocks from 0 candidate containers.
2023-04-19 02:33:24,494 [SCMBlockDeletingService#0] DEBUG block.SCMBlockDeletingService (SCMBlockDeletingService.java:shouldRun(251)) - Check scm block delete run: true serviceStatus: RUNNING safemodeExitRunDelayMillis: 3000 alreadyWaitTimeInMillis: 34488
2023-04-19 02:33:24,495 [SCMBlockDeletingService#0] DEBUG block.SCMBlockDeletingService (SCMBlockDeletingService.java:call(154)) - Running DeletedBlockTransactionScanner
2023-04-19 02:33:24,544 [BlockDeletingService#2] INFO  interfaces.ContainerDeletionChoosingPolicyTemplate (ContainerDeletionChoosingPolicyTemplate.java:chooseContainerForBlockDeletion(83)) - Chosen 0/5000 blocks from 0 candidate containers.
2023-04-19 02:33:24,544 [BlockDeletingService#3] INFO  interfaces.ContainerDeletionChoosingPolicyTemplate (ContainerDeletionChoosingPolicyTemplate.java:chooseContainerForBlockDeletion(83)) - Chosen 0/5000 blocks from 0 candidate containers.
2023-04-19 02:33:24,544 [BlockDeletingService#7] INFO  interfaces.ContainerDeletionChoosingPolicyTemplate (ContainerDeletionChoosingPolicyTemplate.java:chooseContainerForBlockDeletion(83)) - Chosen 0/5000 blocks from 0 candidate containers.
2023-04-19 02:33:24,594 [SCMBlockDeletingService#0] DEBUG block.SCMBlockDeletingService (SCMBlockDeletingService.java:shouldRun(251)) - Check scm block delete run: true serviceStatus: RUNNING safemodeExitRunDelayMillis: 3000 alreadyWaitTimeInMillis: 34588
2023-04-19 02:33:24,595 [SCMBlockDeletingService#0] DEBUG block.SCMBlockDeletingService (SCMBlockDeletingService.java:call(154)) - Running DeletedBlockTransactionScanner
2023-04-19 02:33:24,644 [BlockDeletingService#2] INFO  interfaces.ContainerDeletionChoosingPolicyTemplate (ContainerDeletionChoosingPolicyTemplate.java:chooseContainerForBlockDeletion(83)) - Chosen 0/5000 blocks from 0 candidate containers.
2023-04-19 02:33:24,644 [BlockDeletingService#3] INFO  interfaces.ContainerDeletionChoosingPolicyTemplate (ContainerDeletionChoosingPolicyTemplate.java:chooseContainerForBlockDeletion(83)) - Chosen 0/5000 blocks from 0 candidate containers.
2023-04-19 02:33:24,644 [BlockDeletingService#7] INFO  interfaces.ContainerDeletionChoosingPolicyTemplate (ContainerDeletionChoosingPolicyTemplate.java:chooseContainerForBlockDeletion(83)) - Chosen 0/5000 blocks from 0 candidate containers.
2023-04-19 02:33:24,695 [SCMBlockDeletingService#0] DEBUG block.SCMBlockDeletingService (SCMBlockDeletingService.java:shouldRun(251)) - Check scm block delete run: true serviceStatus: RUNNING safemodeExitRunDelayMillis: 3000 alreadyWaitTimeInMillis: 34689
2023-04-19 02:33:24,695 [SCMBlockDeletingService#0] DEBUG block.SCMBlockDeletingService (SCMBlockDeletingService.java:call(154)) - Running DeletedBlockTransactionScanner
2023-04-19 02:33:24,744 [BlockDeletingService#2] INFO  interfaces.ContainerDeletionChoosingPolicyTemplate (ContainerDeletionChoosingPolicyTemplate.java:chooseContainerForBlockDeletion(83)) - Chosen 0/5000 blocks from 0 candidate containers.
2023-04-19 02:33:24,744 [BlockDeletingService#7] INFO  interfaces.ContainerDeletionChoosingPolicyTemplate (ContainerDeletionChoosingPolicyTemplate.java:chooseContainerForBlockDeletion(83)) - Chosen 0/5000 blocks from 0 candidate containers.
2023-04-19 02:33:24,744 [BlockDeletingService#3] INFO  interfaces.ContainerDeletionChoosingPolicyTemplate (ContainerDeletionChoosingPolicyTemplate.java:chooseContainerForBlockDeletion(83)) - Chosen 0/5000 blocks from 0 candidate containers.
2023-04-19 02:33:24,795 [SCMBlockDeletingService#0] DEBUG block.SCMBlockDeletingService (SCMBlockDeletingService.java:shouldRun(251)) - Check scm block delete run: true serviceStatus: RUNNING safemodeExitRunDelayMillis: 3000 alreadyWaitTimeInMillis: 34789
2023-04-19 02:33:24,795 [SCMBlockDeletingService#0] DEBUG block.SCMBlockDeletingService (SCMBlockDeletingService.java:call(154)) - Running DeletedBlockTransactionScanner
2023-04-19 02:33:24,845 [BlockDeletingService#2] INFO  interfaces.ContainerDeletionChoosingPolicyTemplate (ContainerDeletionChoosingPolicyTemplate.java:chooseContainerForBlockDeletion(83)) - Chosen 0/5000 blocks from 0 candidate containers.
2023-04-19 02:33:24,845 [BlockDeletingService#7] INFO  interfaces.ContainerDeletionChoosingPolicyTemplate (ContainerDeletionChoosingPolicyTemplate.java:chooseContainerForBlockDeletion(83)) - Chosen 0/5000 blocks from 0 candidate containers.
2023-04-19 02:33:24,845 [BlockDeletingService#3] INFO  interfaces.ContainerDeletionChoosingPolicyTemplate (ContainerDeletionChoosingPolicyTemplate.java:chooseContainerForBlockDeletion(83)) - Chosen 0/5000 blocks from 0 candidate containers.
2023-04-19 02:33:24,854 [Listener at 127.0.0.1/44187] WARN  commandhandler.TestBlockDeletion (TestBlockDeletion.java:lambda$testBlockDeletion$4(265)) - Verify blocks deletion failed
org.opentest4j.AssertionFailedError: expected: <null> but was: <[blockId=conID: 1 locID: 111677748019200001 bcsId: 16, size=4194304]>
	at org.junit.jupiter.api.AssertionUtils.fail(AssertionUtils.java:55)
	at org.junit.jupiter.api.AssertNull.failNotNull(AssertNull.java:54)
	at org.junit.jupiter.api.AssertNull.assertNull(AssertNull.java:38)
	at org.junit.jupiter.api.AssertNull.assertNull(AssertNull.java:33)
	at org.junit.jupiter.api.Assertions.assertNull(Assertions.java:275)
	at org.apache.hadoop.ozone.container.common.statemachine.commandhandler.TestBlockDeletion.lambda$verifyBlocksDeleted$17(TestBlockDeletion.java:484)
	at org.apache.hadoop.ozone.OzoneTestUtils.performOperationOnKeyContainers(OzoneTestUtils.java:140)
	at org.apache.hadoop.ozone.container.common.statemachine.commandhandler.TestBlockDeletion.verifyBlocksDeleted(TestBlockDeletion.java:474)
	at org.apache.hadoop.ozone.container.common.statemachine.commandhandler.TestBlockDeletion.lambda$testBlockDeletion$4(TestBlockDeletion.java:262)
	at org.apache.ozone.test.GenericTestUtils.waitFor(GenericTestUtils.java:225)
	at org.apache.hadoop.ozone.container.common.statemachine.commandhandler.TestBlockDeletion.testBlockDeletion(TestBlockDeletion.java:260)
	at sun.reflect.NativeMethodAccessorImpl.invoke0(Native Method)
	at sun.reflect.NativeMethodAccessorImpl.invoke(NativeMethodAccessorImpl.java:62)
	at sun.reflect.DelegatingMethodAccessorImpl.invoke(DelegatingMethodAccessorImpl.java:43)
	at java.lang.reflect.Method.invoke(Method.java:498)
	at org.junit.platform.commons.util.ReflectionUtils.invokeMethod(ReflectionUtils.java:725)
	at org.junit.jupiter.engine.execution.MethodInvocation.proceed(MethodInvocation.java:60)
	at org.junit.jupiter.engine.execution.InvocationInterceptorChain$ValidatingInvocation.proceed(InvocationInterceptorChain.java:131)
	at org.junit.jupiter.engine.extension.TimeoutExtension.intercept(TimeoutExtension.java:149)
	at org.junit.jupiter.engine.extension.TimeoutExtension.interceptTestableMethod(TimeoutExtension.java:140)
	at org.junit.jupiter.engine.extension.TimeoutExtension.interceptTestTemplateMethod(TimeoutExtension.java:92)
	at org.junit.jupiter.engine.execution.ExecutableInvoker$ReflectiveInterceptorCall.lambda$ofVoidMethod$0(ExecutableInvoker.java:115)
	at org.junit.jupiter.engine.execution.ExecutableInvoker.lambda$invoke$0(ExecutableInvoker.java:105)
	at org.junit.jupiter.engine.execution.InvocationInterceptorChain$InterceptedInvocation.proceed(InvocationInterceptorChain.java:106)
	at org.junit.jupiter.engine.execution.InvocationInterceptorChain.proceed(InvocationInterceptorChain.java:64)
	at org.junit.jupiter.engine.execution.InvocationInterceptorChain.chainAndInvoke(InvocationInterceptorChain.java:45)
	at org.junit.jupiter.engine.execution.InvocationInterceptorChain.invoke(InvocationInterceptorChain.java:37)
	at org.junit.jupiter.engine.execution.ExecutableInvoker.invoke(ExecutableInvoker.java:104)
	at org.junit.jupiter.engine.execution.ExecutableInvoker.invoke(ExecutableInvoker.java:98)
	at org.junit.jupiter.engine.descriptor.TestMethodTestDescriptor.lambda$invokeTestMethod$7(TestMethodTestDescriptor.java:214)
	at org.junit.platform.engine.support.hierarchical.ThrowableCollector.execute(ThrowableCollector.java:73)
	at org.junit.jupiter.engine.descriptor.TestMethodTestDescriptor.invokeTestMethod(TestMethodTestDescriptor.java:210)
	at org.junit.jupiter.engine.descriptor.TestMethodTestDescriptor.execute(TestMethodTestDescriptor.java:135)
	at org.junit.jupiter.engine.descriptor.TestMethodTestDescriptor.execute(TestMethodTestDescriptor.java:66)
	at org.junit.platform.engine.support.hierarchical.NodeTestTask.lambda$executeRecursively$6(NodeTestTask.java:151)
	at org.junit.platform.engine.support.hierarchical.ThrowableCollector.execute(ThrowableCollector.java:73)
	at org.junit.platform.engine.support.hierarchical.NodeTestTask.lambda$executeRecursively$8(NodeTestTask.java:141)
	at org.junit.platform.engine.support.hierarchical.Node.around(Node.java:137)
	at org.junit.platform.engine.support.hierarchical.NodeTestTask.lambda$executeRecursively$9(NodeTestTask.java:139)
	at org.junit.platform.engine.support.hierarchical.ThrowableCollector.execute(ThrowableCollector.java:73)
	at org.junit.platform.engine.support.hierarchical.NodeTestTask.executeRecursively(NodeTestTask.java:138)
	at org.junit.platform.engine.support.hierarchical.NodeTestTask.execute(NodeTestTask.java:95)
	at org.junit.platform.engine.support.hierarchical.SameThreadHierarchicalTestExecutorService.submit(SameThreadHierarchicalTestExecutorService.java:35)
	at org.junit.platform.engine.support.hierarchical.NodeTestTask$DefaultDynamicTestExecutor.execute(NodeTestTask.java:226)
	at org.junit.platform.engine.support.hierarchical.NodeTestTask$DefaultDynamicTestExecutor.execute(NodeTestTask.java:204)
	at org.junit.jupiter.engine.descriptor.TestTemplateTestDescriptor.execute(TestTemplateTestDescriptor.java:139)
	at org.junit.jupiter.engine.descriptor.TestTemplateTestDescriptor.lambda$execute$2(TestTemplateTestDescriptor.java:107)
	at java.util.stream.ForEachOps$ForEachOp$OfRef.accept(ForEachOps.java:183)
	at java.util.stream.ReferencePipeline$3$1.accept(ReferencePipeline.java:193)
	at java.util.stream.ReferencePipeline$2$1.accept(ReferencePipeline.java:175)
	at java.util.stream.ReferencePipeline$3$1.accept(ReferencePipeline.java:193)
	at java.util.stream.ForEachOps$ForEachOp$OfRef.accept(ForEachOps.java:183)
	at java.util.stream.ReferencePipeline$3$1.accept(ReferencePipeline.java:193)
	at java.util.stream.ReferencePipeline$3$1.accept(ReferencePipeline.java:193)
	at java.util.stream.ReferencePipeline$3$1.accept(ReferencePipeline.java:193)
	at java.util.stream.ForEachOps$ForEachOp$OfRef.accept(ForEachOps.java:183)
	at java.util.stream.ReferencePipeline$3$1.accept(ReferencePipeline.java:193)
	at java.util.Spliterators$ArraySpliterator.forEachRemaining(Spliterators.java:948)
	at java.util.stream.ReferencePipeline$Head.forEach(ReferencePipeline.java:647)
	at java.util.stream.ReferencePipeline$7$1.accept(ReferencePipeline.java:272)
	at java.util.stream.ReferencePipeline$3$1.accept(ReferencePipeline.java:193)
	at java.util.stream.ReferencePipeline$3$1.accept(ReferencePipeline.java:193)
	at java.util.Spliterators$ArraySpliterator.forEachRemaining(Spliterators.java:948)
	at java.util.stream.AbstractPipeline.copyInto(AbstractPipeline.java:482)
	at java.util.stream.AbstractPipeline.wrapAndCopyInto(AbstractPipeline.java:472)
	at java.util.stream.ForEachOps$ForEachOp.evaluateSequential(ForEachOps.java:150)
	at java.util.stream.ForEachOps$ForEachOp$OfRef.evaluateSequential(ForEachOps.java:173)
	at java.util.stream.AbstractPipeline.evaluate(AbstractPipeline.java:234)
	at java.util.stream.ReferencePipeline.forEach(ReferencePipeline.java:485)
	at java.util.stream.ReferencePipeline$7$1.accept(ReferencePipeline.java:272)
	at java.util.stream.ReferencePipeline$3$1.accept(ReferencePipeline.java:193)
	at java.util.stream.ReferencePipeline$3$1.accept(ReferencePipeline.java:193)
	at java.util.stream.ReferencePipeline$3$1.accept(ReferencePipeline.java:193)
	at java.util.ArrayList$ArrayListSpliterator.forEachRemaining(ArrayList.java:1384)
	at java.util.stream.AbstractPipeline.copyInto(AbstractPipeline.java:482)
	at java.util.stream.AbstractPipeline.wrapAndCopyInto(AbstractPipeline.java:472)
	at java.util.stream.ForEachOps$ForEachOp.evaluateSequential(ForEachOps.java:150)
	at java.util.stream.ForEachOps$ForEachOp$OfRef.evaluateSequential(ForEachOps.java:173)
	at java.util.stream.AbstractPipeline.evaluate(AbstractPipeline.java:234)
	at java.util.stream.ReferencePipeline.forEach(ReferencePipeline.java:485)
	at java.util.stream.ReferencePipeline$7$1.accept(ReferencePipeline.java:272)
	at java.util.ArrayList$ArrayListSpliterator.forEachRemaining(ArrayList.java:1384)
	at java.util.stream.AbstractPipeline.copyInto(AbstractPipeline.java:482)
	at java.util.stream.AbstractPipeline.wrapAndCopyInto(AbstractPipeline.java:472)
	at java.util.stream.ForEachOps$ForEachOp.evaluateSequential(ForEachOps.java:150)
	at java.util.stream.ForEachOps$ForEachOp$OfRef.evaluateSequential(ForEachOps.java:173)
	at java.util.stream.AbstractPipeline.evaluate(AbstractPipeline.java:234)
	at java.util.stream.ReferencePipeline.forEach(ReferencePipeline.java:485)
	at org.junit.jupiter.engine.descriptor.TestTemplateTestDescriptor.execute(TestTemplateTestDescriptor.java:107)
	at org.junit.jupiter.engine.descriptor.TestTemplateTestDescriptor.execute(TestTemplateTestDescriptor.java:42)
	at org.junit.platform.engine.support.hierarchical.NodeTestTask.lambda$executeRecursively$6(NodeTestTask.java:151)
	at org.junit.platform.engine.support.hierarchical.ThrowableCollector.execute(ThrowableCollector.java:73)
	at org.junit.platform.engine.support.hierarchical.NodeTestTask.lambda$executeRecursively$8(NodeTestTask.java:141)
	at org.junit.platform.engine.support.hierarchical.Node.around(Node.java:137)
	at org.junit.platform.engine.support.hierarchical.NodeTestTask.lambda$executeRecursively$9(NodeTestTask.java:139)
	at org.junit.platform.engine.support.hierarchical.ThrowableCollector.execute(ThrowableCollector.java:73)
	at org.junit.platform.engine.support.hierarchical.NodeTestTask.executeRecursively(NodeTestTask.java:138)
	at org.junit.platform.engine.support.hierarchical.NodeTestTask.execute(NodeTestTask.java:95)
	at java.util.ArrayList.forEach(ArrayList.java:1259)
	at org.junit.platform.engine.support.hierarchical.SameThreadHierarchicalTestExecutorService.invokeAll(SameThreadHierarchicalTestExecutorService.java:41)
	at org.junit.platform.engine.support.hierarchical.NodeTestTask.lambda$executeRecursively$6(NodeTestTask.java:155)
	at org.junit.platform.engine.support.hierarchical.ThrowableCollector.execute(ThrowableCollector.java:73)
	at org.junit.platform.engine.support.hierarchical.NodeTestTask.lambda$executeRecursively$8(NodeTestTask.java:141)
	at org.junit.platform.engine.support.hierarchical.Node.around(Node.java:137)
	at org.junit.platform.engine.support.hierarchical.NodeTestTask.lambda$executeRecursively$9(NodeTestTask.java:139)
	at org.junit.platform.engine.support.hierarchical.ThrowableCollector.execute(ThrowableCollector.java:73)
	at org.junit.platform.engine.support.hierarchical.NodeTestTask.executeRecursively(NodeTestTask.java:138)
	at org.junit.platform.engine.support.hierarchical.NodeTestTask.execute(NodeTestTask.java:95)
	at java.util.ArrayList.forEach(ArrayList.java:1259)
	at org.junit.platform.engine.support.hierarchical.SameThreadHierarchicalTestExecutorService.invokeAll(SameThreadHierarchicalTestExecutorService.java:41)
	at org.junit.platform.engine.support.hierarchical.NodeTestTask.lambda$executeRecursively$6(NodeTestTask.java:155)
	at org.junit.platform.engine.support.hierarchical.ThrowableCollector.execute(ThrowableCollector.java:73)
	at org.junit.platform.engine.support.hierarchical.NodeTestTask.lambda$executeRecursively$8(NodeTestTask.java:141)
	at org.junit.platform.engine.support.hierarchical.Node.around(Node.java:137)
	at org.junit.platform.engine.support.hierarchical.NodeTestTask.lambda$executeRecursively$9(NodeTestTask.java:139)
	at org.junit.platform.engine.support.hierarchical.ThrowableCollector.execute(ThrowableCollector.java:73)
	at org.junit.platform.engine.support.hierarchical.NodeTestTask.executeRecursively(NodeTestTask.java:138)
	at org.junit.platform.engine.support.hierarchical.NodeTestTask.execute(NodeTestTask.java:95)
	at org.junit.platform.engine.support.hierarchical.SameThreadHierarchicalTestExecutorService.submit(SameThreadHierarchicalTestExecutorService.java:35)
	at org.junit.platform.engine.support.hierarchical.HierarchicalTestExecutor.execute(HierarchicalTestExecutor.java:57)
	at org.junit.platform.engine.support.hierarchical.HierarchicalTestEngine.execute(HierarchicalTestEngine.java:54)
	at org.junit.platform.launcher.core.EngineExecutionOrchestrator.execute(EngineExecutionOrchestrator.java:107)
	at org.junit.platform.launcher.core.EngineExecutionOrchestrator.execute(EngineExecutionOrchestrator.java:88)
	at org.junit.platform.launcher.core.EngineExecutionOrchestrator.lambda$execute$0(EngineExecutionOrchestrator.java:54)
	at org.junit.platform.launcher.core.EngineExecutionOrchestrator.withInterceptedStreams(EngineExecutionOrchestrator.java:67)
	at org.junit.platform.launcher.core.EngineExecutionOrchestrator.execute(EngineExecutionOrchestrator.java:52)
	at org.junit.platform.launcher.core.DefaultLauncher.execute(DefaultLauncher.java:114)
	at org.junit.platform.launcher.core.DefaultLauncher.execute(DefaultLauncher.java:86)
	at org.junit.platform.launcher.core.DefaultLauncherSession$DelegatingLauncher.execute(DefaultLauncherSession.java:86)
	at org.junit.platform.launcher.core.SessionPerRequestLauncher.execute(SessionPerRequestLauncher.java:53)
	at org.apache.maven.surefire.junitplatform.JUnitPlatformProvider.execute(JUnitPlatformProvider.java:188)
	at org.apache.maven.surefire.junitplatform.JUnitPlatformProvider.invokeAllTests(JUnitPlatformProvider.java:154)
	at org.apache.maven.surefire.junitplatform.JUnitPlatformProvider.invoke(JUnitPlatformProvider.java:124)
	at org.apache.maven.surefire.booter.ForkedBooter.runSuitesInProcess(ForkedBooter.java:428)
	at org.apache.maven.surefire.booter.ForkedBooter.execute(ForkedBooter.java:162)
	at org.apache.maven.surefire.booter.ForkedBooter.run(ForkedBooter.java:562)
	at org.apache.maven.surefire.booter.ForkedBooter.main(ForkedBooter.java:548)
2023-04-19 02:33:24,895 [SCMBlockDeletingService#0] DEBUG block.SCMBlockDeletingService (SCMBlockDeletingService.java:shouldRun(251)) - Check scm block delete run: true serviceStatus: RUNNING safemodeExitRunDelayMillis: 3000 alreadyWaitTimeInMillis: 34889
2023-04-19 02:33:24,895 [SCMBlockDeletingService#0] DEBUG block.SCMBlockDeletingService (SCMBlockDeletingService.java:call(154)) - Running DeletedBlockTransactionScanner
2023-04-19 02:33:24,945 [BlockDeletingService#2] INFO  interfaces.ContainerDeletionChoosingPolicyTemplate (ContainerDeletionChoosingPolicyTemplate.java:chooseContainerForBlockDeletion(83)) - Chosen 0/5000 blocks from 0 candidate containers.
2023-04-19 02:33:24,945 [BlockDeletingService#7] INFO  interfaces.ContainerDeletionChoosingPolicyTemplate (ContainerDeletionChoosingPolicyTemplate.java:chooseContainerForBlockDeletion(83)) - Chosen 0/5000 blocks from 0 candidate containers.
2023-04-19 02:33:24,945 [BlockDeletingService#3] INFO  interfaces.ContainerDeletionChoosingPolicyTemplate (ContainerDeletionChoosingPolicyTemplate.java:chooseContainerForBlockDeletion(83)) - Chosen 0/5000 blocks from 0 candidate containers.
2023-04-19 02:33:24,995 [SCMBlockDeletingService#0] DEBUG block.SCMBlockDeletingService (SCMBlockDeletingService.java:shouldRun(251)) - Check scm block delete run: true serviceStatus: RUNNING safemodeExitRunDelayMillis: 3000 alreadyWaitTimeInMillis: 34989
2023-04-19 02:33:24,995 [SCMBlockDeletingService#0] DEBUG block.SCMBlockDeletingService (SCMBlockDeletingService.java:call(154)) - Running DeletedBlockTransactionScanner
2023-04-19 02:33:25,045 [BlockDeletingService#2] INFO  interfaces.ContainerDeletionChoosingPolicyTemplate (ContainerDeletionChoosingPolicyTemplate.java:chooseContainerForBlockDeletion(83)) - Chosen 0/5000 blocks from 0 candidate containers.
2023-04-19 02:33:25,045 [BlockDeletingService#7] INFO  interfaces.ContainerDeletionChoosingPolicyTemplate (ContainerDeletionChoosingPolicyTemplate.java:chooseContainerForBlockDeletion(83)) - Chosen 0/5000 blocks from 0 candidate containers.
2023-04-19 02:33:25,045 [BlockDeletingService#3] INFO  interfaces.ContainerDeletionChoosingPolicyTemplate (ContainerDeletionChoosingPolicyTemplate.java:chooseContainerForBlockDeletion(83)) - Chosen 0/5000 blocks from 0 candidate containers.
2023-04-19 02:33:25,095 [SCMBlockDeletingService#0] DEBUG block.SCMBlockDeletingService (SCMBlockDeletingService.java:shouldRun(251)) - Check scm block delete run: true serviceStatus: RUNNING safemodeExitRunDelayMillis: 3000 alreadyWaitTimeInMillis: 35089
2023-04-19 02:33:25,095 [SCMBlockDeletingService#0] DEBUG block.SCMBlockDeletingService (SCMBlockDeletingService.java:call(154)) - Running DeletedBlockTransactionScanner
2023-04-19 02:33:25,145 [BlockDeletingService#2] INFO  interfaces.ContainerDeletionChoosingPolicyTemplate (ContainerDeletionChoosingPolicyTemplate.java:chooseContainerForBlockDeletion(83)) - Chosen 0/5000 blocks from 0 candidate containers.
2023-04-19 02:33:25,145 [BlockDeletingService#7] INFO  interfaces.ContainerDeletionChoosingPolicyTemplate (ContainerDeletionChoosingPolicyTemplate.java:chooseContainerForBlockDeletion(83)) - Chosen 0/5000 blocks from 0 candidate containers.
2023-04-19 02:33:25,145 [BlockDeletingService#3] INFO  interfaces.ContainerDeletionChoosingPolicyTemplate (ContainerDeletionChoosingPolicyTemplate.java:chooseContainerForBlockDeletion(83)) - Chosen 0/5000 blocks from 0 candidate containers.
2023-04-19 02:33:25,195 [SCMBlockDeletingService#0] DEBUG block.SCMBlockDeletingService (SCMBlockDeletingService.java:shouldRun(251)) - Check scm block delete run: true serviceStatus: RUNNING safemodeExitRunDelayMillis: 3000 alreadyWaitTimeInMillis: 35189
2023-04-19 02:33:25,195 [SCMBlockDeletingService#0] DEBUG block.SCMBlockDeletingService (SCMBlockDeletingService.java:call(154)) - Running DeletedBlockTransactionScanner
2023-04-19 02:33:25,246 [BlockDeletingService#2] INFO  interfaces.ContainerDeletionChoosingPolicyTemplate (ContainerDeletionChoosingPolicyTemplate.java:chooseContainerForBlockDeletion(83)) - Chosen 0/5000 blocks from 0 candidate containers.
2023-04-19 02:33:25,246 [BlockDeletingService#7] INFO  interfaces.ContainerDeletionChoosingPolicyTemplate (ContainerDeletionChoosingPolicyTemplate.java:chooseContainerForBlockDeletion(83)) - Chosen 0/5000 blocks from 0 candidate containers.
2023-04-19 02:33:25,246 [BlockDeletingService#3] INFO  interfaces.ContainerDeletionChoosingPolicyTemplate (ContainerDeletionChoosingPolicyTemplate.java:chooseContainerForBlockDeletion(83)) - Chosen 0/5000 blocks from 0 candidate containers.
2023-04-19 02:33:25,295 [SCMBlockDeletingService#0] DEBUG block.SCMBlockDeletingService (SCMBlockDeletingService.java:shouldRun(251)) - Check scm block delete run: true serviceStatus: RUNNING safemodeExitRunDelayMillis: 3000 alreadyWaitTimeInMillis: 35289
2023-04-19 02:33:25,295 [SCMBlockDeletingService#0] DEBUG block.SCMBlockDeletingService (SCMBlockDeletingService.java:call(154)) - Running DeletedBlockTransactionScanner
2023-04-19 02:33:25,346 [BlockDeletingService#2] INFO  interfaces.ContainerDeletionChoosingPolicyTemplate (ContainerDeletionChoosingPolicyTemplate.java:chooseContainerForBlockDeletion(83)) - Chosen 0/5000 blocks from 0 candidate containers.
2023-04-19 02:33:25,346 [BlockDeletingService#7] INFO  interfaces.ContainerDeletionChoosingPolicyTemplate (ContainerDeletionChoosingPolicyTemplate.java:chooseContainerForBlockDeletion(83)) - Chosen 0/5000 blocks from 0 candidate containers.
2023-04-19 02:33:25,346 [BlockDeletingService#3] INFO  interfaces.ContainerDeletionChoosingPolicyTemplate (ContainerDeletionChoosingPolicyTemplate.java:chooseContainerForBlockDeletion(83)) - Chosen 0/5000 blocks from 0 candidate containers.
2023-04-19 02:33:25,395 [SCMBlockDeletingService#0] DEBUG block.SCMBlockDeletingService (SCMBlockDeletingService.java:shouldRun(251)) - Check scm block delete run: true serviceStatus: RUNNING safemodeExitRunDelayMillis: 3000 alreadyWaitTimeInMillis: 35389
2023-04-19 02:33:25,395 [SCMBlockDeletingService#0] DEBUG block.SCMBlockDeletingService (SCMBlockDeletingService.java:call(154)) - Running DeletedBlockTransactionScanner
2023-04-19 02:33:25,446 [BlockDeletingService#2] INFO  interfaces.ContainerDeletionChoosingPolicyTemplate (ContainerDeletionChoosingPolicyTemplate.java:chooseContainerForBlockDeletion(83)) - Chosen 0/5000 blocks from 0 candidate containers.
2023-04-19 02:33:25,446 [BlockDeletingService#7] INFO  interfaces.ContainerDeletionChoosingPolicyTemplate (ContainerDeletionChoosingPolicyTemplate.java:chooseContainerForBlockDeletion(83)) - Chosen 0/5000 blocks from 0 candidate containers.
2023-04-19 02:33:25,446 [BlockDeletingService#3] INFO  interfaces.ContainerDeletionChoosingPolicyTemplate (ContainerDeletionChoosingPolicyTemplate.java:chooseContainerForBlockDeletion(83)) - Chosen 0/5000 blocks from 0 candidate containers.
2023-04-19 02:33:25,495 [SCMBlockDeletingService#0] DEBUG block.SCMBlockDeletingService (SCMBlockDeletingService.java:shouldRun(251)) - Check scm block delete run: true serviceStatus: RUNNING safemodeExitRunDelayMillis: 3000 alreadyWaitTimeInMillis: 35489
2023-04-19 02:33:25,495 [SCMBlockDeletingService#0] DEBUG block.SCMBlockDeletingService (SCMBlockDeletingService.java:call(154)) - Running DeletedBlockTransactionScanner
2023-04-19 02:33:25,546 [BlockDeletingService#2] INFO  interfaces.ContainerDeletionChoosingPolicyTemplate (ContainerDeletionChoosingPolicyTemplate.java:chooseContainerForBlockDeletion(83)) - Chosen 0/5000 blocks from 0 candidate containers.
2023-04-19 02:33:25,546 [BlockDeletingService#7] INFO  interfaces.ContainerDeletionChoosingPolicyTemplate (ContainerDeletionChoosingPolicyTemplate.java:chooseContainerForBlockDeletion(83)) - Chosen 0/5000 blocks from 0 candidate containers.
2023-04-19 02:33:25,546 [BlockDeletingService#3] INFO  interfaces.ContainerDeletionChoosingPolicyTemplate (ContainerDeletionChoosingPolicyTemplate.java:chooseContainerForBlockDeletion(83)) - Chosen 0/5000 blocks from 0 candidate containers.
2023-04-19 02:33:25,595 [SCMBlockDeletingService#0] DEBUG block.SCMBlockDeletingService (SCMBlockDeletingService.java:shouldRun(251)) - Check scm block delete run: true serviceStatus: RUNNING safemodeExitRunDelayMillis: 3000 alreadyWaitTimeInMillis: 35589
2023-04-19 02:33:25,595 [SCMBlockDeletingService#0] DEBUG block.SCMBlockDeletingService (SCMBlockDeletingService.java:call(154)) - Running DeletedBlockTransactionScanner
2023-04-19 02:33:25,646 [BlockDeletingService#2] INFO  interfaces.ContainerDeletionChoosingPolicyTemplate (ContainerDeletionChoosingPolicyTemplate.java:chooseContainerForBlockDeletion(83)) - Chosen 0/5000 blocks from 0 candidate containers.
2023-04-19 02:33:25,646 [BlockDeletingService#7] INFO  interfaces.ContainerDeletionChoosingPolicyTemplate (ContainerDeletionChoosingPolicyTemplate.java:chooseContainerForBlockDeletion(83)) - Chosen 0/5000 blocks from 0 candidate containers.
2023-04-19 02:33:25,646 [BlockDeletingService#3] INFO  interfaces.ContainerDeletionChoosingPolicyTemplate (ContainerDeletionChoosingPolicyTemplate.java:chooseContainerForBlockDeletion(83)) - Chosen 0/5000 blocks from 0 candidate containers.
2023-04-19 02:33:25,695 [SCMBlockDeletingService#0] DEBUG block.SCMBlockDeletingService (SCMBlockDeletingService.java:shouldRun(251)) - Check scm block delete run: true serviceStatus: RUNNING safemodeExitRunDelayMillis: 3000 alreadyWaitTimeInMillis: 35689
2023-04-19 02:33:25,696 [SCMBlockDeletingService#0] DEBUG block.SCMBlockDeletingService (SCMBlockDeletingService.java:call(154)) - Running DeletedBlockTransactionScanner
2023-04-19 02:33:25,746 [BlockDeletingService#2] INFO  interfaces.ContainerDeletionChoosingPolicyTemplate (ContainerDeletionChoosingPolicyTemplate.java:chooseContainerForBlockDeletion(83)) - Chosen 0/5000 blocks from 0 candidate containers.
2023-04-19 02:33:25,747 [BlockDeletingService#7] INFO  interfaces.ContainerDeletionChoosingPolicyTemplate (ContainerDeletionChoosingPolicyTemplate.java:chooseContainerForBlockDeletion(83)) - Chosen 0/5000 blocks from 0 candidate containers.
2023-04-19 02:33:25,747 [BlockDeletingService#3] INFO  interfaces.ContainerDeletionChoosingPolicyTemplate (ContainerDeletionChoosingPolicyTemplate.java:chooseContainerForBlockDeletion(83)) - Chosen 0/5000 blocks from 0 candidate containers.
2023-04-19 02:33:25,796 [SCMBlockDeletingService#0] DEBUG block.SCMBlockDeletingService (SCMBlockDeletingService.java:shouldRun(251)) - Check scm block delete run: true serviceStatus: RUNNING safemodeExitRunDelayMillis: 3000 alreadyWaitTimeInMillis: 35789
2023-04-19 02:33:25,796 [SCMBlockDeletingService#0] DEBUG block.SCMBlockDeletingService (SCMBlockDeletingService.java:call(154)) - Running DeletedBlockTransactionScanner
2023-04-19 02:33:25,847 [BlockDeletingService#2] INFO  interfaces.ContainerDeletionChoosingPolicyTemplate (ContainerDeletionChoosingPolicyTemplate.java:chooseContainerForBlockDeletion(83)) - Chosen 0/5000 blocks from 0 candidate containers.
2023-04-19 02:33:25,847 [BlockDeletingService#7] INFO  interfaces.ContainerDeletionChoosingPolicyTemplate (ContainerDeletionChoosingPolicyTemplate.java:chooseContainerForBlockDeletion(83)) - Chosen 0/5000 blocks from 0 candidate containers.
2023-04-19 02:33:25,847 [BlockDeletingService#3] INFO  interfaces.ContainerDeletionChoosingPolicyTemplate (ContainerDeletionChoosingPolicyTemplate.java:chooseContainerForBlockDeletion(83)) - Chosen 0/5000 blocks from 0 candidate containers.
2023-04-19 02:33:25,896 [SCMBlockDeletingService#0] DEBUG block.SCMBlockDeletingService (SCMBlockDeletingService.java:shouldRun(251)) - Check scm block delete run: true serviceStatus: RUNNING safemodeExitRunDelayMillis: 3000 alreadyWaitTimeInMillis: 35890
2023-04-19 02:33:25,896 [SCMBlockDeletingService#0] DEBUG block.SCMBlockDeletingService (SCMBlockDeletingService.java:call(154)) - Running DeletedBlockTransactionScanner
2023-04-19 02:33:25,947 [BlockDeletingService#2] INFO  interfaces.ContainerDeletionChoosingPolicyTemplate (ContainerDeletionChoosingPolicyTemplate.java:chooseContainerForBlockDeletion(83)) - Chosen 0/5000 blocks from 0 candidate containers.
2023-04-19 02:33:25,947 [BlockDeletingService#7] INFO  interfaces.ContainerDeletionChoosingPolicyTemplate (ContainerDeletionChoosingPolicyTemplate.java:chooseContainerForBlockDeletion(83)) - Chosen 0/5000 blocks from 0 candidate containers.
2023-04-19 02:33:25,947 [BlockDeletingService#3] INFO  interfaces.ContainerDeletionChoosingPolicyTemplate (ContainerDeletionChoosingPolicyTemplate.java:chooseContainerForBlockDeletion(83)) - Chosen 0/5000 blocks from 0 candidate containers.
2023-04-19 02:33:25,996 [SCMBlockDeletingService#0] DEBUG block.SCMBlockDeletingService (SCMBlockDeletingService.java:shouldRun(251)) - Check scm block delete run: true serviceStatus: RUNNING safemodeExitRunDelayMillis: 3000 alreadyWaitTimeInMillis: 35990
2023-04-19 02:33:25,996 [SCMBlockDeletingService#0] DEBUG block.SCMBlockDeletingService (SCMBlockDeletingService.java:call(154)) - Running DeletedBlockTransactionScanner
2023-04-19 02:33:26,047 [BlockDeletingService#2] INFO  interfaces.ContainerDeletionChoosingPolicyTemplate (ContainerDeletionChoosingPolicyTemplate.java:chooseContainerForBlockDeletion(83)) - Chosen 0/5000 blocks from 0 candidate containers.
2023-04-19 02:33:26,047 [BlockDeletingService#3] INFO  interfaces.ContainerDeletionChoosingPolicyTemplate (ContainerDeletionChoosingPolicyTemplate.java:chooseContainerForBlockDeletion(83)) - Chosen 0/5000 blocks from 0 candidate containers.
2023-04-19 02:33:26,047 [BlockDeletingService#7] INFO  interfaces.ContainerDeletionChoosingPolicyTemplate (ContainerDeletionChoosingPolicyTemplate.java:chooseContainerForBlockDeletion(83)) - Chosen 0/5000 blocks from 0 candidate containers.
2023-04-19 02:33:26,096 [SCMBlockDeletingService#0] DEBUG block.SCMBlockDeletingService (SCMBlockDeletingService.java:shouldRun(251)) - Check scm block delete run: true serviceStatus: RUNNING safemodeExitRunDelayMillis: 3000 alreadyWaitTimeInMillis: 36090
2023-04-19 02:33:26,096 [SCMBlockDeletingService#0] DEBUG block.SCMBlockDeletingService (SCMBlockDeletingService.java:call(154)) - Running DeletedBlockTransactionScanner
2023-04-19 02:33:26,147 [BlockDeletingService#2] INFO  interfaces.ContainerDeletionChoosingPolicyTemplate (ContainerDeletionChoosingPolicyTemplate.java:chooseContainerForBlockDeletion(83)) - Chosen 0/5000 blocks from 0 candidate containers.
2023-04-19 02:33:26,147 [BlockDeletingService#3] INFO  interfaces.ContainerDeletionChoosingPolicyTemplate (ContainerDeletionChoosingPolicyTemplate.java:chooseContainerForBlockDeletion(83)) - Chosen 0/5000 blocks from 0 candidate containers.
2023-04-19 02:33:26,147 [BlockDeletingService#7] INFO  interfaces.ContainerDeletionChoosingPolicyTemplate (ContainerDeletionChoosingPolicyTemplate.java:chooseContainerForBlockDeletion(83)) - Chosen 0/5000 blocks from 0 candidate containers.
2023-04-19 02:33:26,196 [SCMBlockDeletingService#0] DEBUG block.SCMBlockDeletingService (SCMBlockDeletingService.java:shouldRun(251)) - Check scm block delete run: true serviceStatus: RUNNING safemodeExitRunDelayMillis: 3000 alreadyWaitTimeInMillis: 36190
2023-04-19 02:33:26,196 [SCMBlockDeletingService#0] DEBUG block.SCMBlockDeletingService (SCMBlockDeletingService.java:call(154)) - Running DeletedBlockTransactionScanner
2023-04-19 02:33:26,248 [BlockDeletingService#2] INFO  interfaces.ContainerDeletionChoosingPolicyTemplate (ContainerDeletionChoosingPolicyTemplate.java:chooseContainerForBlockDeletion(83)) - Chosen 0/5000 blocks from 0 candidate containers.
2023-04-19 02:33:26,248 [BlockDeletingService#3] INFO  interfaces.ContainerDeletionChoosingPolicyTemplate (ContainerDeletionChoosingPolicyTemplate.java:chooseContainerForBlockDeletion(83)) - Chosen 0/5000 blocks from 0 candidate containers.
2023-04-19 02:33:26,248 [BlockDeletingService#7] INFO  interfaces.ContainerDeletionChoosingPolicyTemplate (ContainerDeletionChoosingPolicyTemplate.java:chooseContainerForBlockDeletion(83)) - Chosen 0/5000 blocks from 0 candidate containers.
2023-04-19 02:33:26,296 [SCMBlockDeletingService#0] DEBUG block.SCMBlockDeletingService (SCMBlockDeletingService.java:shouldRun(251)) - Check scm block delete run: true serviceStatus: RUNNING safemodeExitRunDelayMillis: 3000 alreadyWaitTimeInMillis: 36290
2023-04-19 02:33:26,296 [SCMBlockDeletingService#0] DEBUG block.SCMBlockDeletingService (SCMBlockDeletingService.java:call(154)) - Running DeletedBlockTransactionScanner
2023-04-19 02:33:26,348 [BlockDeletingService#2] INFO  interfaces.ContainerDeletionChoosingPolicyTemplate (ContainerDeletionChoosingPolicyTemplate.java:chooseContainerForBlockDeletion(83)) - Chosen 0/5000 blocks from 0 candidate containers.
2023-04-19 02:33:26,348 [BlockDeletingService#3] INFO  interfaces.ContainerDeletionChoosingPolicyTemplate (ContainerDeletionChoosingPolicyTemplate.java:chooseContainerForBlockDeletion(83)) - Chosen 0/5000 blocks from 0 candidate containers.
2023-04-19 02:33:26,348 [BlockDeletingService#7] INFO  interfaces.ContainerDeletionChoosingPolicyTemplate (ContainerDeletionChoosingPolicyTemplate.java:chooseContainerForBlockDeletion(83)) - Chosen 0/5000 blocks from 0 candidate containers.
2023-04-19 02:33:26,396 [SCMBlockDeletingService#0] DEBUG block.SCMBlockDeletingService (SCMBlockDeletingService.java:shouldRun(251)) - Check scm block delete run: true serviceStatus: RUNNING safemodeExitRunDelayMillis: 3000 alreadyWaitTimeInMillis: 36390
2023-04-19 02:33:26,396 [SCMBlockDeletingService#0] DEBUG block.SCMBlockDeletingService (SCMBlockDeletingService.java:call(154)) - Running DeletedBlockTransactionScanner
2023-04-19 02:33:26,448 [BlockDeletingService#2] INFO  interfaces.ContainerDeletionChoosingPolicyTemplate (ContainerDeletionChoosingPolicyTemplate.java:chooseContainerForBlockDeletion(83)) - Chosen 0/5000 blocks from 0 candidate containers.
2023-04-19 02:33:26,448 [BlockDeletingService#7] INFO  interfaces.ContainerDeletionChoosingPolicyTemplate (ContainerDeletionChoosingPolicyTemplate.java:chooseContainerForBlockDeletion(83)) - Chosen 0/5000 blocks from 0 candidate containers.
2023-04-19 02:33:26,448 [BlockDeletingService#3] INFO  interfaces.ContainerDeletionChoosingPolicyTemplate (ContainerDeletionChoosingPolicyTemplate.java:chooseContainerForBlockDeletion(83)) - Chosen 0/5000 blocks from 0 candidate containers.
2023-04-19 02:33:26,496 [SCMBlockDeletingService#0] DEBUG block.SCMBlockDeletingService (SCMBlockDeletingService.java:shouldRun(251)) - Check scm block delete run: true serviceStatus: RUNNING safemodeExitRunDelayMillis: 3000 alreadyWaitTimeInMillis: 36490
2023-04-19 02:33:26,496 [SCMBlockDeletingService#0] DEBUG block.SCMBlockDeletingService (SCMBlockDeletingService.java:call(154)) - Running DeletedBlockTransactionScanner
2023-04-19 02:33:26,548 [BlockDeletingService#2] INFO  interfaces.ContainerDeletionChoosingPolicyTemplate (ContainerDeletionChoosingPolicyTemplate.java:chooseContainerForBlockDeletion(83)) - Chosen 0/5000 blocks from 0 candidate containers.
2023-04-19 02:33:26,548 [BlockDeletingService#7] INFO  interfaces.ContainerDeletionChoosingPolicyTemplate (ContainerDeletionChoosingPolicyTemplate.java:chooseContainerForBlockDeletion(83)) - Chosen 0/5000 blocks from 0 candidate containers.
2023-04-19 02:33:26,548 [BlockDeletingService#3] INFO  interfaces.ContainerDeletionChoosingPolicyTemplate (ContainerDeletionChoosingPolicyTemplate.java:chooseContainerForBlockDeletion(83)) - Chosen 0/5000 blocks from 0 candidate containers.
2023-04-19 02:33:26,596 [SCMBlockDeletingService#0] DEBUG block.SCMBlockDeletingService (SCMBlockDeletingService.java:shouldRun(251)) - Check scm block delete run: true serviceStatus: RUNNING safemodeExitRunDelayMillis: 3000 alreadyWaitTimeInMillis: 36590
2023-04-19 02:33:26,596 [SCMBlockDeletingService#0] DEBUG block.SCMBlockDeletingService (SCMBlockDeletingService.java:call(154)) - Running DeletedBlockTransactionScanner
2023-04-19 02:33:26,649 [BlockDeletingService#2] INFO  interfaces.ContainerDeletionChoosingPolicyTemplate (ContainerDeletionChoosingPolicyTemplate.java:chooseContainerForBlockDeletion(83)) - Chosen 0/5000 blocks from 0 candidate containers.
2023-04-19 02:33:26,649 [BlockDeletingService#7] INFO  interfaces.ContainerDeletionChoosingPolicyTemplate (ContainerDeletionChoosingPolicyTemplate.java:chooseContainerForBlockDeletion(83)) - Chosen 0/5000 blocks from 0 candidate containers.
2023-04-19 02:33:26,650 [BlockDeletingService#3] INFO  interfaces.ContainerDeletionChoosingPolicyTemplate (ContainerDeletionChoosingPolicyTemplate.java:chooseContainerForBlockDeletion(83)) - Chosen 0/5000 blocks from 0 candidate containers.
2023-04-19 02:33:26,696 [SCMBlockDeletingService#0] DEBUG block.SCMBlockDeletingService (SCMBlockDeletingService.java:shouldRun(251)) - Check scm block delete run: true serviceStatus: RUNNING safemodeExitRunDelayMillis: 3000 alreadyWaitTimeInMillis: 36690
2023-04-19 02:33:26,697 [SCMBlockDeletingService#0] DEBUG block.SCMBlockDeletingService (SCMBlockDeletingService.java:call(154)) - Running DeletedBlockTransactionScanner
2023-04-19 02:33:26,749 [BlockDeletingService#2] INFO  interfaces.ContainerDeletionChoosingPolicyTemplate (ContainerDeletionChoosingPolicyTemplate.java:chooseContainerForBlockDeletion(83)) - Chosen 0/5000 blocks from 0 candidate containers.
2023-04-19 02:33:26,749 [BlockDeletingService#7] INFO  interfaces.ContainerDeletionChoosingPolicyTemplate (ContainerDeletionChoosingPolicyTemplate.java:chooseContainerForBlockDeletion(83)) - Chosen 0/5000 blocks from 0 candidate containers.
2023-04-19 02:33:26,750 [BlockDeletingService#3] INFO  interfaces.ContainerDeletionChoosingPolicyTemplate (ContainerDeletionChoosingPolicyTemplate.java:chooseContainerForBlockDeletion(83)) - Chosen 0/5000 blocks from 0 candidate containers.
2023-04-19 02:33:26,796 [SCMBlockDeletingService#0] DEBUG block.SCMBlockDeletingService (SCMBlockDeletingService.java:shouldRun(251)) - Check scm block delete run: true serviceStatus: RUNNING safemodeExitRunDelayMillis: 3000 alreadyWaitTimeInMillis: 36790
2023-04-19 02:33:26,797 [SCMBlockDeletingService#0] DEBUG block.SCMBlockDeletingService (SCMBlockDeletingService.java:call(154)) - Running DeletedBlockTransactionScanner
2023-04-19 02:33:26,849 [BlockDeletingService#2] INFO  interfaces.ContainerDeletionChoosingPolicyTemplate (ContainerDeletionChoosingPolicyTemplate.java:chooseContainerForBlockDeletion(83)) - Chosen 0/5000 blocks from 0 candidate containers.
2023-04-19 02:33:26,849 [BlockDeletingService#7] INFO  interfaces.ContainerDeletionChoosingPolicyTemplate (ContainerDeletionChoosingPolicyTemplate.java:chooseContainerForBlockDeletion(83)) - Chosen 0/5000 blocks from 0 candidate containers.
2023-04-19 02:33:26,850 [BlockDeletingService#3] INFO  interfaces.ContainerDeletionChoosingPolicyTemplate (ContainerDeletionChoosingPolicyTemplate.java:chooseContainerForBlockDeletion(83)) - Chosen 0/5000 blocks from 0 candidate containers.
2023-04-19 02:33:26,856 [Listener at 127.0.0.1/44187] WARN  commandhandler.TestBlockDeletion (TestBlockDeletion.java:lambda$testBlockDeletion$4(265)) - Verify blocks deletion failed
org.opentest4j.AssertionFailedError: expected: <null> but was: <[blockId=conID: 1 locID: 111677748019200001 bcsId: 16, size=4194304]>
	at org.junit.jupiter.api.AssertionUtils.fail(AssertionUtils.java:55)
	at org.junit.jupiter.api.AssertNull.failNotNull(AssertNull.java:54)
	at org.junit.jupiter.api.AssertNull.assertNull(AssertNull.java:38)
	at org.junit.jupiter.api.AssertNull.assertNull(AssertNull.java:33)
	at org.junit.jupiter.api.Assertions.assertNull(Assertions.java:275)
	at org.apache.hadoop.ozone.container.common.statemachine.commandhandler.TestBlockDeletion.lambda$verifyBlocksDeleted$17(TestBlockDeletion.java:484)
	at org.apache.hadoop.ozone.OzoneTestUtils.performOperationOnKeyContainers(OzoneTestUtils.java:140)
	at org.apache.hadoop.ozone.container.common.statemachine.commandhandler.TestBlockDeletion.verifyBlocksDeleted(TestBlockDeletion.java:474)
	at org.apache.hadoop.ozone.container.common.statemachine.commandhandler.TestBlockDeletion.lambda$testBlockDeletion$4(TestBlockDeletion.java:262)
	at org.apache.ozone.test.GenericTestUtils.waitFor(GenericTestUtils.java:225)
	at org.apache.hadoop.ozone.container.common.statemachine.commandhandler.TestBlockDeletion.testBlockDeletion(TestBlockDeletion.java:260)
	at sun.reflect.NativeMethodAccessorImpl.invoke0(Native Method)
	at sun.reflect.NativeMethodAccessorImpl.invoke(NativeMethodAccessorImpl.java:62)
	at sun.reflect.DelegatingMethodAccessorImpl.invoke(DelegatingMethodAccessorImpl.java:43)
	at java.lang.reflect.Method.invoke(Method.java:498)
	at org.junit.platform.commons.util.ReflectionUtils.invokeMethod(ReflectionUtils.java:725)
	at org.junit.jupiter.engine.execution.MethodInvocation.proceed(MethodInvocation.java:60)
	at org.junit.jupiter.engine.execution.InvocationInterceptorChain$ValidatingInvocation.proceed(InvocationInterceptorChain.java:131)
	at org.junit.jupiter.engine.extension.TimeoutExtension.intercept(TimeoutExtension.java:149)
	at org.junit.jupiter.engine.extension.TimeoutExtension.interceptTestableMethod(TimeoutExtension.java:140)
	at org.junit.jupiter.engine.extension.TimeoutExtension.interceptTestTemplateMethod(TimeoutExtension.java:92)
	at org.junit.jupiter.engine.execution.ExecutableInvoker$ReflectiveInterceptorCall.lambda$ofVoidMethod$0(ExecutableInvoker.java:115)
	at org.junit.jupiter.engine.execution.ExecutableInvoker.lambda$invoke$0(ExecutableInvoker.java:105)
	at org.junit.jupiter.engine.execution.InvocationInterceptorChain$InterceptedInvocation.proceed(InvocationInterceptorChain.java:106)
	at org.junit.jupiter.engine.execution.InvocationInterceptorChain.proceed(InvocationInterceptorChain.java:64)
	at org.junit.jupiter.engine.execution.InvocationInterceptorChain.chainAndInvoke(InvocationInterceptorChain.java:45)
	at org.junit.jupiter.engine.execution.InvocationInterceptorChain.invoke(InvocationInterceptorChain.java:37)
	at org.junit.jupiter.engine.execution.ExecutableInvoker.invoke(ExecutableInvoker.java:104)
	at org.junit.jupiter.engine.execution.ExecutableInvoker.invoke(ExecutableInvoker.java:98)
	at org.junit.jupiter.engine.descriptor.TestMethodTestDescriptor.lambda$invokeTestMethod$7(TestMethodTestDescriptor.java:214)
	at org.junit.platform.engine.support.hierarchical.ThrowableCollector.execute(ThrowableCollector.java:73)
	at org.junit.jupiter.engine.descriptor.TestMethodTestDescriptor.invokeTestMethod(TestMethodTestDescriptor.java:210)
	at org.junit.jupiter.engine.descriptor.TestMethodTestDescriptor.execute(TestMethodTestDescriptor.java:135)
	at org.junit.jupiter.engine.descriptor.TestMethodTestDescriptor.execute(TestMethodTestDescriptor.java:66)
	at org.junit.platform.engine.support.hierarchical.NodeTestTask.lambda$executeRecursively$6(NodeTestTask.java:151)
	at org.junit.platform.engine.support.hierarchical.ThrowableCollector.execute(ThrowableCollector.java:73)
	at org.junit.platform.engine.support.hierarchical.NodeTestTask.lambda$executeRecursively$8(NodeTestTask.java:141)
	at org.junit.platform.engine.support.hierarchical.Node.around(Node.java:137)
	at org.junit.platform.engine.support.hierarchical.NodeTestTask.lambda$executeRecursively$9(NodeTestTask.java:139)
	at org.junit.platform.engine.support.hierarchical.ThrowableCollector.execute(ThrowableCollector.java:73)
	at org.junit.platform.engine.support.hierarchical.NodeTestTask.executeRecursively(NodeTestTask.java:138)
	at org.junit.platform.engine.support.hierarchical.NodeTestTask.execute(NodeTestTask.java:95)
	at org.junit.platform.engine.support.hierarchical.SameThreadHierarchicalTestExecutorService.submit(SameThreadHierarchicalTestExecutorService.java:35)
	at org.junit.platform.engine.support.hierarchical.NodeTestTask$DefaultDynamicTestExecutor.execute(NodeTestTask.java:226)
	at org.junit.platform.engine.support.hierarchical.NodeTestTask$DefaultDynamicTestExecutor.execute(NodeTestTask.java:204)
	at org.junit.jupiter.engine.descriptor.TestTemplateTestDescriptor.execute(TestTemplateTestDescriptor.java:139)
	at org.junit.jupiter.engine.descriptor.TestTemplateTestDescriptor.lambda$execute$2(TestTemplateTestDescriptor.java:107)
	at java.util.stream.ForEachOps$ForEachOp$OfRef.accept(ForEachOps.java:183)
	at java.util.stream.ReferencePipeline$3$1.accept(ReferencePipeline.java:193)
	at java.util.stream.ReferencePipeline$2$1.accept(ReferencePipeline.java:175)
	at java.util.stream.ReferencePipeline$3$1.accept(ReferencePipeline.java:193)
	at java.util.stream.ForEachOps$ForEachOp$OfRef.accept(ForEachOps.java:183)
	at java.util.stream.ReferencePipeline$3$1.accept(ReferencePipeline.java:193)
	at java.util.stream.ReferencePipeline$3$1.accept(ReferencePipeline.java:193)
	at java.util.stream.ReferencePipeline$3$1.accept(ReferencePipeline.java:193)
	at java.util.stream.ForEachOps$ForEachOp$OfRef.accept(ForEachOps.java:183)
	at java.util.stream.ReferencePipeline$3$1.accept(ReferencePipeline.java:193)
	at java.util.Spliterators$ArraySpliterator.forEachRemaining(Spliterators.java:948)
	at java.util.stream.ReferencePipeline$Head.forEach(ReferencePipeline.java:647)
	at java.util.stream.ReferencePipeline$7$1.accept(ReferencePipeline.java:272)
	at java.util.stream.ReferencePipeline$3$1.accept(ReferencePipeline.java:193)
	at java.util.stream.ReferencePipeline$3$1.accept(ReferencePipeline.java:193)
	at java.util.Spliterators$ArraySpliterator.forEachRemaining(Spliterators.java:948)
	at java.util.stream.AbstractPipeline.copyInto(AbstractPipeline.java:482)
	at java.util.stream.AbstractPipeline.wrapAndCopyInto(AbstractPipeline.java:472)
	at java.util.stream.ForEachOps$ForEachOp.evaluateSequential(ForEachOps.java:150)
	at java.util.stream.ForEachOps$ForEachOp$OfRef.evaluateSequential(ForEachOps.java:173)
	at java.util.stream.AbstractPipeline.evaluate(AbstractPipeline.java:234)
	at java.util.stream.ReferencePipeline.forEach(ReferencePipeline.java:485)
	at java.util.stream.ReferencePipeline$7$1.accept(ReferencePipeline.java:272)
	at java.util.stream.ReferencePipeline$3$1.accept(ReferencePipeline.java:193)
	at java.util.stream.ReferencePipeline$3$1.accept(ReferencePipeline.java:193)
	at java.util.stream.ReferencePipeline$3$1.accept(ReferencePipeline.java:193)
	at java.util.ArrayList$ArrayListSpliterator.forEachRemaining(ArrayList.java:1384)
	at java.util.stream.AbstractPipeline.copyInto(AbstractPipeline.java:482)
	at java.util.stream.AbstractPipeline.wrapAndCopyInto(AbstractPipeline.java:472)
	at java.util.stream.ForEachOps$ForEachOp.evaluateSequential(ForEachOps.java:150)
	at java.util.stream.ForEachOps$ForEachOp$OfRef.evaluateSequential(ForEachOps.java:173)
	at java.util.stream.AbstractPipeline.evaluate(AbstractPipeline.java:234)
	at java.util.stream.ReferencePipeline.forEach(ReferencePipeline.java:485)
	at java.util.stream.ReferencePipeline$7$1.accept(ReferencePipeline.java:272)
	at java.util.ArrayList$ArrayListSpliterator.forEachRemaining(ArrayList.java:1384)
	at java.util.stream.AbstractPipeline.copyInto(AbstractPipeline.java:482)
	at java.util.stream.AbstractPipeline.wrapAndCopyInto(AbstractPipeline.java:472)
	at java.util.stream.ForEachOps$ForEachOp.evaluateSequential(ForEachOps.java:150)
	at java.util.stream.ForEachOps$ForEachOp$OfRef.evaluateSequential(ForEachOps.java:173)
	at java.util.stream.AbstractPipeline.evaluate(AbstractPipeline.java:234)
	at java.util.stream.ReferencePipeline.forEach(ReferencePipeline.java:485)
	at org.junit.jupiter.engine.descriptor.TestTemplateTestDescriptor.execute(TestTemplateTestDescriptor.java:107)
	at org.junit.jupiter.engine.descriptor.TestTemplateTestDescriptor.execute(TestTemplateTestDescriptor.java:42)
	at org.junit.platform.engine.support.hierarchical.NodeTestTask.lambda$executeRecursively$6(NodeTestTask.java:151)
	at org.junit.platform.engine.support.hierarchical.ThrowableCollector.execute(ThrowableCollector.java:73)
	at org.junit.platform.engine.support.hierarchical.NodeTestTask.lambda$executeRecursively$8(NodeTestTask.java:141)
	at org.junit.platform.engine.support.hierarchical.Node.around(Node.java:137)
	at org.junit.platform.engine.support.hierarchical.NodeTestTask.lambda$executeRecursively$9(NodeTestTask.java:139)
	at org.junit.platform.engine.support.hierarchical.ThrowableCollector.execute(ThrowableCollector.java:73)
	at org.junit.platform.engine.support.hierarchical.NodeTestTask.executeRecursively(NodeTestTask.java:138)
	at org.junit.platform.engine.support.hierarchical.NodeTestTask.execute(NodeTestTask.java:95)
	at java.util.ArrayList.forEach(ArrayList.java:1259)
	at org.junit.platform.engine.support.hierarchical.SameThreadHierarchicalTestExecutorService.invokeAll(SameThreadHierarchicalTestExecutorService.java:41)
	at org.junit.platform.engine.support.hierarchical.NodeTestTask.lambda$executeRecursively$6(NodeTestTask.java:155)
	at org.junit.platform.engine.support.hierarchical.ThrowableCollector.execute(ThrowableCollector.java:73)
	at org.junit.platform.engine.support.hierarchical.NodeTestTask.lambda$executeRecursively$8(NodeTestTask.java:141)
	at org.junit.platform.engine.support.hierarchical.Node.around(Node.java:137)
	at org.junit.platform.engine.support.hierarchical.NodeTestTask.lambda$executeRecursively$9(NodeTestTask.java:139)
	at org.junit.platform.engine.support.hierarchical.ThrowableCollector.execute(ThrowableCollector.java:73)
	at org.junit.platform.engine.support.hierarchical.NodeTestTask.executeRecursively(NodeTestTask.java:138)
	at org.junit.platform.engine.support.hierarchical.NodeTestTask.execute(NodeTestTask.java:95)
	at java.util.ArrayList.forEach(ArrayList.java:1259)
	at org.junit.platform.engine.support.hierarchical.SameThreadHierarchicalTestExecutorService.invokeAll(SameThreadHierarchicalTestExecutorService.java:41)
	at org.junit.platform.engine.support.hierarchical.NodeTestTask.lambda$executeRecursively$6(NodeTestTask.java:155)
	at org.junit.platform.engine.support.hierarchical.ThrowableCollector.execute(ThrowableCollector.java:73)
	at org.junit.platform.engine.support.hierarchical.NodeTestTask.lambda$executeRecursively$8(NodeTestTask.java:141)
	at org.junit.platform.engine.support.hierarchical.Node.around(Node.java:137)
	at org.junit.platform.engine.support.hierarchical.NodeTestTask.lambda$executeRecursively$9(NodeTestTask.java:139)
	at org.junit.platform.engine.support.hierarchical.ThrowableCollector.execute(ThrowableCollector.java:73)
	at org.junit.platform.engine.support.hierarchical.NodeTestTask.executeRecursively(NodeTestTask.java:138)
	at org.junit.platform.engine.support.hierarchical.NodeTestTask.execute(NodeTestTask.java:95)
	at org.junit.platform.engine.support.hierarchical.SameThreadHierarchicalTestExecutorService.submit(SameThreadHierarchicalTestExecutorService.java:35)
	at org.junit.platform.engine.support.hierarchical.HierarchicalTestExecutor.execute(HierarchicalTestExecutor.java:57)
	at org.junit.platform.engine.support.hierarchical.HierarchicalTestEngine.execute(HierarchicalTestEngine.java:54)
	at org.junit.platform.launcher.core.EngineExecutionOrchestrator.execute(EngineExecutionOrchestrator.java:107)
	at org.junit.platform.launcher.core.EngineExecutionOrchestrator.execute(EngineExecutionOrchestrator.java:88)
	at org.junit.platform.launcher.core.EngineExecutionOrchestrator.lambda$execute$0(EngineExecutionOrchestrator.java:54)
	at org.junit.platform.launcher.core.EngineExecutionOrchestrator.withInterceptedStreams(EngineExecutionOrchestrator.java:67)
	at org.junit.platform.launcher.core.EngineExecutionOrchestrator.execute(EngineExecutionOrchestrator.java:52)
	at org.junit.platform.launcher.core.DefaultLauncher.execute(DefaultLauncher.java:114)
	at org.junit.platform.launcher.core.DefaultLauncher.execute(DefaultLauncher.java:86)
	at org.junit.platform.launcher.core.DefaultLauncherSession$DelegatingLauncher.execute(DefaultLauncherSession.java:86)
	at org.junit.platform.launcher.core.SessionPerRequestLauncher.execute(SessionPerRequestLauncher.java:53)
	at org.apache.maven.surefire.junitplatform.JUnitPlatformProvider.execute(JUnitPlatformProvider.java:188)
	at org.apache.maven.surefire.junitplatform.JUnitPlatformProvider.invokeAllTests(JUnitPlatformProvider.java:154)
	at org.apache.maven.surefire.junitplatform.JUnitPlatformProvider.invoke(JUnitPlatformProvider.java:124)
	at org.apache.maven.surefire.booter.ForkedBooter.runSuitesInProcess(ForkedBooter.java:428)
	at org.apache.maven.surefire.booter.ForkedBooter.execute(ForkedBooter.java:162)
	at org.apache.maven.surefire.booter.ForkedBooter.run(ForkedBooter.java:562)
	at org.apache.maven.surefire.booter.ForkedBooter.main(ForkedBooter.java:548)
2023-04-19 02:33:26,897 [SCMBlockDeletingService#0] DEBUG block.SCMBlockDeletingService (SCMBlockDeletingService.java:shouldRun(251)) - Check scm block delete run: true serviceStatus: RUNNING safemodeExitRunDelayMillis: 3000 alreadyWaitTimeInMillis: 36891
2023-04-19 02:33:26,897 [SCMBlockDeletingService#0] DEBUG block.SCMBlockDeletingService (SCMBlockDeletingService.java:call(154)) - Running DeletedBlockTransactionScanner
2023-04-19 02:33:26,949 [BlockDeletingService#2] INFO  interfaces.ContainerDeletionChoosingPolicyTemplate (ContainerDeletionChoosingPolicyTemplate.java:chooseContainerForBlockDeletion(83)) - Chosen 0/5000 blocks from 0 candidate containers.
2023-04-19 02:33:26,949 [BlockDeletingService#7] INFO  interfaces.ContainerDeletionChoosingPolicyTemplate (ContainerDeletionChoosingPolicyTemplate.java:chooseContainerForBlockDeletion(83)) - Chosen 0/5000 blocks from 0 candidate containers.
2023-04-19 02:33:26,950 [BlockDeletingService#3] INFO  interfaces.ContainerDeletionChoosingPolicyTemplate (ContainerDeletionChoosingPolicyTemplate.java:chooseContainerForBlockDeletion(83)) - Chosen 0/5000 blocks from 0 candidate containers.
2023-04-19 02:33:26,997 [SCMBlockDeletingService#0] DEBUG block.SCMBlockDeletingService (SCMBlockDeletingService.java:shouldRun(251)) - Check scm block delete run: true serviceStatus: RUNNING safemodeExitRunDelayMillis: 3000 alreadyWaitTimeInMillis: 36991
2023-04-19 02:33:26,997 [SCMBlockDeletingService#0] DEBUG block.SCMBlockDeletingService (SCMBlockDeletingService.java:call(154)) - Running DeletedBlockTransactionScanner
2023-04-19 02:33:27,050 [BlockDeletingService#2] INFO  interfaces.ContainerDeletionChoosingPolicyTemplate (ContainerDeletionChoosingPolicyTemplate.java:chooseContainerForBlockDeletion(83)) - Chosen 0/5000 blocks from 0 candidate containers.
2023-04-19 02:33:27,050 [BlockDeletingService#7] INFO  interfaces.ContainerDeletionChoosingPolicyTemplate (ContainerDeletionChoosingPolicyTemplate.java:chooseContainerForBlockDeletion(83)) - Chosen 0/5000 blocks from 0 candidate containers.
2023-04-19 02:33:27,050 [BlockDeletingService#3] INFO  interfaces.ContainerDeletionChoosingPolicyTemplate (ContainerDeletionChoosingPolicyTemplate.java:chooseContainerForBlockDeletion(83)) - Chosen 0/5000 blocks from 0 candidate containers.
2023-04-19 02:33:27,097 [SCMBlockDeletingService#0] DEBUG block.SCMBlockDeletingService (SCMBlockDeletingService.java:shouldRun(251)) - Check scm block delete run: true serviceStatus: RUNNING safemodeExitRunDelayMillis: 3000 alreadyWaitTimeInMillis: 37091
2023-04-19 02:33:27,097 [SCMBlockDeletingService#0] DEBUG block.SCMBlockDeletingService (SCMBlockDeletingService.java:call(154)) - Running DeletedBlockTransactionScanner
2023-04-19 02:33:27,150 [BlockDeletingService#2] INFO  interfaces.ContainerDeletionChoosingPolicyTemplate (ContainerDeletionChoosingPolicyTemplate.java:chooseContainerForBlockDeletion(83)) - Chosen 0/5000 blocks from 0 candidate containers.
2023-04-19 02:33:27,150 [BlockDeletingService#7] INFO  interfaces.ContainerDeletionChoosingPolicyTemplate (ContainerDeletionChoosingPolicyTemplate.java:chooseContainerForBlockDeletion(83)) - Chosen 0/5000 blocks from 0 candidate containers.
2023-04-19 02:33:27,150 [BlockDeletingService#3] INFO  interfaces.ContainerDeletionChoosingPolicyTemplate (ContainerDeletionChoosingPolicyTemplate.java:chooseContainerForBlockDeletion(83)) - Chosen 0/5000 blocks from 0 candidate containers.
2023-04-19 02:33:27,197 [SCMBlockDeletingService#0] DEBUG block.SCMBlockDeletingService (SCMBlockDeletingService.java:shouldRun(251)) - Check scm block delete run: true serviceStatus: RUNNING safemodeExitRunDelayMillis: 3000 alreadyWaitTimeInMillis: 37191
2023-04-19 02:33:27,197 [SCMBlockDeletingService#0] DEBUG block.SCMBlockDeletingService (SCMBlockDeletingService.java:call(154)) - Running DeletedBlockTransactionScanner
2023-04-19 02:33:27,250 [BlockDeletingService#2] INFO  interfaces.ContainerDeletionChoosingPolicyTemplate (ContainerDeletionChoosingPolicyTemplate.java:chooseContainerForBlockDeletion(83)) - Chosen 0/5000 blocks from 0 candidate containers.
2023-04-19 02:33:27,250 [BlockDeletingService#7] INFO  interfaces.ContainerDeletionChoosingPolicyTemplate (ContainerDeletionChoosingPolicyTemplate.java:chooseContainerForBlockDeletion(83)) - Chosen 0/5000 blocks from 0 candidate containers.
2023-04-19 02:33:27,250 [BlockDeletingService#3] INFO  interfaces.ContainerDeletionChoosingPolicyTemplate (ContainerDeletionChoosingPolicyTemplate.java:chooseContainerForBlockDeletion(83)) - Chosen 0/5000 blocks from 0 candidate containers.
2023-04-19 02:33:27,297 [SCMBlockDeletingService#0] DEBUG block.SCMBlockDeletingService (SCMBlockDeletingService.java:shouldRun(251)) - Check scm block delete run: true serviceStatus: RUNNING safemodeExitRunDelayMillis: 3000 alreadyWaitTimeInMillis: 37291
2023-04-19 02:33:27,297 [SCMBlockDeletingService#0] DEBUG block.SCMBlockDeletingService (SCMBlockDeletingService.java:call(154)) - Running DeletedBlockTransactionScanner
2023-04-19 02:33:27,350 [BlockDeletingService#2] INFO  interfaces.ContainerDeletionChoosingPolicyTemplate (ContainerDeletionChoosingPolicyTemplate.java:chooseContainerForBlockDeletion(83)) - Chosen 0/5000 blocks from 0 candidate containers.
2023-04-19 02:33:27,350 [BlockDeletingService#7] INFO  interfaces.ContainerDeletionChoosingPolicyTemplate (ContainerDeletionChoosingPolicyTemplate.java:chooseContainerForBlockDeletion(83)) - Chosen 0/5000 blocks from 0 candidate containers.
2023-04-19 02:33:27,350 [BlockDeletingService#3] INFO  interfaces.ContainerDeletionChoosingPolicyTemplate (ContainerDeletionChoosingPolicyTemplate.java:chooseContainerForBlockDeletion(83)) - Chosen 0/5000 blocks from 0 candidate containers.
2023-04-19 02:33:27,397 [SCMBlockDeletingService#0] DEBUG block.SCMBlockDeletingService (SCMBlockDeletingService.java:shouldRun(251)) - Check scm block delete run: true serviceStatus: RUNNING safemodeExitRunDelayMillis: 3000 alreadyWaitTimeInMillis: 37391
2023-04-19 02:33:27,397 [SCMBlockDeletingService#0] DEBUG block.SCMBlockDeletingService (SCMBlockDeletingService.java:call(154)) - Running DeletedBlockTransactionScanner
2023-04-19 02:33:27,450 [BlockDeletingService#2] INFO  interfaces.ContainerDeletionChoosingPolicyTemplate (ContainerDeletionChoosingPolicyTemplate.java:chooseContainerForBlockDeletion(83)) - Chosen 0/5000 blocks from 0 candidate containers.
2023-04-19 02:33:27,450 [BlockDeletingService#7] INFO  interfaces.ContainerDeletionChoosingPolicyTemplate (ContainerDeletionChoosingPolicyTemplate.java:chooseContainerForBlockDeletion(83)) - Chosen 0/5000 blocks from 0 candidate containers.
2023-04-19 02:33:27,451 [BlockDeletingService#3] INFO  interfaces.ContainerDeletionChoosingPolicyTemplate (ContainerDeletionChoosingPolicyTemplate.java:chooseContainerForBlockDeletion(83)) - Chosen 0/5000 blocks from 0 candidate containers.
2023-04-19 02:33:27,497 [SCMBlockDeletingService#0] DEBUG block.SCMBlockDeletingService (SCMBlockDeletingService.java:shouldRun(251)) - Check scm block delete run: true serviceStatus: RUNNING safemodeExitRunDelayMillis: 3000 alreadyWaitTimeInMillis: 37491
2023-04-19 02:33:27,497 [SCMBlockDeletingService#0] DEBUG block.SCMBlockDeletingService (SCMBlockDeletingService.java:call(154)) - Running DeletedBlockTransactionScanner
2023-04-19 02:33:27,551 [BlockDeletingService#2] INFO  interfaces.ContainerDeletionChoosingPolicyTemplate (ContainerDeletionChoosingPolicyTemplate.java:chooseContainerForBlockDeletion(83)) - Chosen 0/5000 blocks from 0 candidate containers.
2023-04-19 02:33:27,551 [BlockDeletingService#7] INFO  interfaces.ContainerDeletionChoosingPolicyTemplate (ContainerDeletionChoosingPolicyTemplate.java:chooseContainerForBlockDeletion(83)) - Chosen 0/5000 blocks from 0 candidate containers.
2023-04-19 02:33:27,551 [BlockDeletingService#3] INFO  interfaces.ContainerDeletionChoosingPolicyTemplate (ContainerDeletionChoosingPolicyTemplate.java:chooseContainerForBlockDeletion(83)) - Chosen 0/5000 blocks from 0 candidate containers.
2023-04-19 02:33:27,597 [SCMBlockDeletingService#0] DEBUG block.SCMBlockDeletingService (SCMBlockDeletingService.java:shouldRun(251)) - Check scm block delete run: true serviceStatus: RUNNING safemodeExitRunDelayMillis: 3000 alreadyWaitTimeInMillis: 37591
2023-04-19 02:33:27,597 [SCMBlockDeletingService#0] DEBUG block.SCMBlockDeletingService (SCMBlockDeletingService.java:call(154)) - Running DeletedBlockTransactionScanner
2023-04-19 02:33:27,651 [BlockDeletingService#2] INFO  interfaces.ContainerDeletionChoosingPolicyTemplate (ContainerDeletionChoosingPolicyTemplate.java:chooseContainerForBlockDeletion(83)) - Chosen 0/5000 blocks from 0 candidate containers.
2023-04-19 02:33:27,651 [BlockDeletingService#7] INFO  interfaces.ContainerDeletionChoosingPolicyTemplate (ContainerDeletionChoosingPolicyTemplate.java:chooseContainerForBlockDeletion(83)) - Chosen 0/5000 blocks from 0 candidate containers.
2023-04-19 02:33:27,651 [BlockDeletingService#3] INFO  interfaces.ContainerDeletionChoosingPolicyTemplate (ContainerDeletionChoosingPolicyTemplate.java:chooseContainerForBlockDeletion(83)) - Chosen 0/5000 blocks from 0 candidate containers.
2023-04-19 02:33:27,697 [SCMBlockDeletingService#0] DEBUG block.SCMBlockDeletingService (SCMBlockDeletingService.java:shouldRun(251)) - Check scm block delete run: true serviceStatus: RUNNING safemodeExitRunDelayMillis: 3000 alreadyWaitTimeInMillis: 37691
2023-04-19 02:33:27,697 [SCMBlockDeletingService#0] DEBUG block.SCMBlockDeletingService (SCMBlockDeletingService.java:call(154)) - Running DeletedBlockTransactionScanner
2023-04-19 02:33:27,751 [BlockDeletingService#2] INFO  interfaces.ContainerDeletionChoosingPolicyTemplate (ContainerDeletionChoosingPolicyTemplate.java:chooseContainerForBlockDeletion(83)) - Chosen 0/5000 blocks from 0 candidate containers.
2023-04-19 02:33:27,751 [BlockDeletingService#7] INFO  interfaces.ContainerDeletionChoosingPolicyTemplate (ContainerDeletionChoosingPolicyTemplate.java:chooseContainerForBlockDeletion(83)) - Chosen 0/5000 blocks from 0 candidate containers.
2023-04-19 02:33:27,751 [BlockDeletingService#3] INFO  interfaces.ContainerDeletionChoosingPolicyTemplate (ContainerDeletionChoosingPolicyTemplate.java:chooseContainerForBlockDeletion(83)) - Chosen 0/5000 blocks from 0 candidate containers.
2023-04-19 02:33:27,797 [SCMBlockDeletingService#0] DEBUG block.SCMBlockDeletingService (SCMBlockDeletingService.java:shouldRun(251)) - Check scm block delete run: true serviceStatus: RUNNING safemodeExitRunDelayMillis: 3000 alreadyWaitTimeInMillis: 37791
2023-04-19 02:33:27,797 [SCMBlockDeletingService#0] DEBUG block.SCMBlockDeletingService (SCMBlockDeletingService.java:call(154)) - Running DeletedBlockTransactionScanner
2023-04-19 02:33:27,851 [BlockDeletingService#2] INFO  interfaces.ContainerDeletionChoosingPolicyTemplate (ContainerDeletionChoosingPolicyTemplate.java:chooseContainerForBlockDeletion(83)) - Chosen 0/5000 blocks from 0 candidate containers.
2023-04-19 02:33:27,851 [BlockDeletingService#7] INFO  interfaces.ContainerDeletionChoosingPolicyTemplate (ContainerDeletionChoosingPolicyTemplate.java:chooseContainerForBlockDeletion(83)) - Chosen 0/5000 blocks from 0 candidate containers.
2023-04-19 02:33:27,851 [BlockDeletingService#3] INFO  interfaces.ContainerDeletionChoosingPolicyTemplate (ContainerDeletionChoosingPolicyTemplate.java:chooseContainerForBlockDeletion(83)) - Chosen 0/5000 blocks from 0 candidate containers.
2023-04-19 02:33:27,897 [SCMBlockDeletingService#0] DEBUG block.SCMBlockDeletingService (SCMBlockDeletingService.java:shouldRun(251)) - Check scm block delete run: true serviceStatus: RUNNING safemodeExitRunDelayMillis: 3000 alreadyWaitTimeInMillis: 37891
2023-04-19 02:33:27,897 [SCMBlockDeletingService#0] DEBUG block.SCMBlockDeletingService (SCMBlockDeletingService.java:call(154)) - Running DeletedBlockTransactionScanner
2023-04-19 02:33:27,951 [BlockDeletingService#2] INFO  interfaces.ContainerDeletionChoosingPolicyTemplate (ContainerDeletionChoosingPolicyTemplate.java:chooseContainerForBlockDeletion(83)) - Chosen 0/5000 blocks from 0 candidate containers.
2023-04-19 02:33:27,952 [BlockDeletingService#3] INFO  interfaces.ContainerDeletionChoosingPolicyTemplate (ContainerDeletionChoosingPolicyTemplate.java:chooseContainerForBlockDeletion(83)) - Chosen 0/5000 blocks from 0 candidate containers.
2023-04-19 02:33:27,952 [BlockDeletingService#7] INFO  interfaces.ContainerDeletionChoosingPolicyTemplate (ContainerDeletionChoosingPolicyTemplate.java:chooseContainerForBlockDeletion(83)) - Chosen 0/5000 blocks from 0 candidate containers.
2023-04-19 02:33:27,997 [SCMBlockDeletingService#0] DEBUG block.SCMBlockDeletingService (SCMBlockDeletingService.java:shouldRun(251)) - Check scm block delete run: true serviceStatus: RUNNING safemodeExitRunDelayMillis: 3000 alreadyWaitTimeInMillis: 37991
2023-04-19 02:33:27,998 [SCMBlockDeletingService#0] DEBUG block.SCMBlockDeletingService (SCMBlockDeletingService.java:call(154)) - Running DeletedBlockTransactionScanner
2023-04-19 02:33:28,052 [BlockDeletingService#2] INFO  interfaces.ContainerDeletionChoosingPolicyTemplate (ContainerDeletionChoosingPolicyTemplate.java:chooseContainerForBlockDeletion(83)) - Chosen 0/5000 blocks from 0 candidate containers.
2023-04-19 02:33:28,052 [BlockDeletingService#3] INFO  interfaces.ContainerDeletionChoosingPolicyTemplate (ContainerDeletionChoosingPolicyTemplate.java:chooseContainerForBlockDeletion(83)) - Chosen 0/5000 blocks from 0 candidate containers.
2023-04-19 02:33:28,052 [BlockDeletingService#7] INFO  interfaces.ContainerDeletionChoosingPolicyTemplate (ContainerDeletionChoosingPolicyTemplate.java:chooseContainerForBlockDeletion(83)) - Chosen 0/5000 blocks from 0 candidate containers.
2023-04-19 02:33:28,097 [SCMBlockDeletingService#0] DEBUG block.SCMBlockDeletingService (SCMBlockDeletingService.java:shouldRun(251)) - Check scm block delete run: true serviceStatus: RUNNING safemodeExitRunDelayMillis: 3000 alreadyWaitTimeInMillis: 38091
2023-04-19 02:33:28,098 [SCMBlockDeletingService#0] DEBUG block.SCMBlockDeletingService (SCMBlockDeletingService.java:call(154)) - Running DeletedBlockTransactionScanner
2023-04-19 02:33:28,152 [BlockDeletingService#2] INFO  interfaces.ContainerDeletionChoosingPolicyTemplate (ContainerDeletionChoosingPolicyTemplate.java:chooseContainerForBlockDeletion(83)) - Chosen 0/5000 blocks from 0 candidate containers.
2023-04-19 02:33:28,152 [BlockDeletingService#3] INFO  interfaces.ContainerDeletionChoosingPolicyTemplate (ContainerDeletionChoosingPolicyTemplate.java:chooseContainerForBlockDeletion(83)) - Chosen 0/5000 blocks from 0 candidate containers.
2023-04-19 02:33:28,152 [BlockDeletingService#7] INFO  interfaces.ContainerDeletionChoosingPolicyTemplate (ContainerDeletionChoosingPolicyTemplate.java:chooseContainerForBlockDeletion(83)) - Chosen 0/5000 blocks from 0 candidate containers.
2023-04-19 02:33:28,198 [SCMBlockDeletingService#0] DEBUG block.SCMBlockDeletingService (SCMBlockDeletingService.java:shouldRun(251)) - Check scm block delete run: true serviceStatus: RUNNING safemodeExitRunDelayMillis: 3000 alreadyWaitTimeInMillis: 38192
2023-04-19 02:33:28,198 [SCMBlockDeletingService#0] DEBUG block.SCMBlockDeletingService (SCMBlockDeletingService.java:call(154)) - Running DeletedBlockTransactionScanner
2023-04-19 02:33:28,252 [BlockDeletingService#2] INFO  interfaces.ContainerDeletionChoosingPolicyTemplate (ContainerDeletionChoosingPolicyTemplate.java:chooseContainerForBlockDeletion(83)) - Chosen 0/5000 blocks from 0 candidate containers.
2023-04-19 02:33:28,252 [BlockDeletingService#3] INFO  interfaces.ContainerDeletionChoosingPolicyTemplate (ContainerDeletionChoosingPolicyTemplate.java:chooseContainerForBlockDeletion(83)) - Chosen 0/5000 blocks from 0 candidate containers.
2023-04-19 02:33:28,252 [BlockDeletingService#7] INFO  interfaces.ContainerDeletionChoosingPolicyTemplate (ContainerDeletionChoosingPolicyTemplate.java:chooseContainerForBlockDeletion(83)) - Chosen 0/5000 blocks from 0 candidate containers.
2023-04-19 02:33:28,298 [SCMBlockDeletingService#0] DEBUG block.SCMBlockDeletingService (SCMBlockDeletingService.java:shouldRun(251)) - Check scm block delete run: true serviceStatus: RUNNING safemodeExitRunDelayMillis: 3000 alreadyWaitTimeInMillis: 38292
2023-04-19 02:33:28,298 [SCMBlockDeletingService#0] DEBUG block.SCMBlockDeletingService (SCMBlockDeletingService.java:call(154)) - Running DeletedBlockTransactionScanner
2023-04-19 02:33:28,352 [BlockDeletingService#2] INFO  interfaces.ContainerDeletionChoosingPolicyTemplate (ContainerDeletionChoosingPolicyTemplate.java:chooseContainerForBlockDeletion(83)) - Chosen 0/5000 blocks from 0 candidate containers.
2023-04-19 02:33:28,353 [BlockDeletingService#7] INFO  interfaces.ContainerDeletionChoosingPolicyTemplate (ContainerDeletionChoosingPolicyTemplate.java:chooseContainerForBlockDeletion(83)) - Chosen 0/5000 blocks from 0 candidate containers.
2023-04-19 02:33:28,352 [BlockDeletingService#3] INFO  interfaces.ContainerDeletionChoosingPolicyTemplate (ContainerDeletionChoosingPolicyTemplate.java:chooseContainerForBlockDeletion(83)) - Chosen 0/5000 blocks from 0 candidate containers.
2023-04-19 02:33:28,398 [SCMBlockDeletingService#0] DEBUG block.SCMBlockDeletingService (SCMBlockDeletingService.java:shouldRun(251)) - Check scm block delete run: true serviceStatus: RUNNING safemodeExitRunDelayMillis: 3000 alreadyWaitTimeInMillis: 38392
2023-04-19 02:33:28,398 [SCMBlockDeletingService#0] DEBUG block.SCMBlockDeletingService (SCMBlockDeletingService.java:call(154)) - Running DeletedBlockTransactionScanner
2023-04-19 02:33:28,453 [BlockDeletingService#2] INFO  interfaces.ContainerDeletionChoosingPolicyTemplate (ContainerDeletionChoosingPolicyTemplate.java:chooseContainerForBlockDeletion(83)) - Chosen 0/5000 blocks from 0 candidate containers.
2023-04-19 02:33:28,453 [BlockDeletingService#7] INFO  interfaces.ContainerDeletionChoosingPolicyTemplate (ContainerDeletionChoosingPolicyTemplate.java:chooseContainerForBlockDeletion(83)) - Chosen 0/5000 blocks from 0 candidate containers.
2023-04-19 02:33:28,453 [BlockDeletingService#3] INFO  interfaces.ContainerDeletionChoosingPolicyTemplate (ContainerDeletionChoosingPolicyTemplate.java:chooseContainerForBlockDeletion(83)) - Chosen 0/5000 blocks from 0 candidate containers.
2023-04-19 02:33:28,498 [SCMBlockDeletingService#0] DEBUG block.SCMBlockDeletingService (SCMBlockDeletingService.java:shouldRun(251)) - Check scm block delete run: true serviceStatus: RUNNING safemodeExitRunDelayMillis: 3000 alreadyWaitTimeInMillis: 38492
2023-04-19 02:33:28,498 [SCMBlockDeletingService#0] DEBUG block.SCMBlockDeletingService (SCMBlockDeletingService.java:call(154)) - Running DeletedBlockTransactionScanner
2023-04-19 02:33:28,553 [BlockDeletingService#2] INFO  interfaces.ContainerDeletionChoosingPolicyTemplate (ContainerDeletionChoosingPolicyTemplate.java:chooseContainerForBlockDeletion(83)) - Chosen 0/5000 blocks from 0 candidate containers.
2023-04-19 02:33:28,553 [BlockDeletingService#7] INFO  interfaces.ContainerDeletionChoosingPolicyTemplate (ContainerDeletionChoosingPolicyTemplate.java:chooseContainerForBlockDeletion(83)) - Chosen 0/5000 blocks from 0 candidate containers.
2023-04-19 02:33:28,553 [BlockDeletingService#3] INFO  interfaces.ContainerDeletionChoosingPolicyTemplate (ContainerDeletionChoosingPolicyTemplate.java:chooseContainerForBlockDeletion(83)) - Chosen 0/5000 blocks from 0 candidate containers.
2023-04-19 02:33:28,598 [SCMBlockDeletingService#0] DEBUG block.SCMBlockDeletingService (SCMBlockDeletingService.java:shouldRun(251)) - Check scm block delete run: true serviceStatus: RUNNING safemodeExitRunDelayMillis: 3000 alreadyWaitTimeInMillis: 38592
2023-04-19 02:33:28,598 [SCMBlockDeletingService#0] DEBUG block.SCMBlockDeletingService (SCMBlockDeletingService.java:call(154)) - Running DeletedBlockTransactionScanner
2023-04-19 02:33:28,653 [BlockDeletingService#2] INFO  interfaces.ContainerDeletionChoosingPolicyTemplate (ContainerDeletionChoosingPolicyTemplate.java:chooseContainerForBlockDeletion(83)) - Chosen 0/5000 blocks from 0 candidate containers.
2023-04-19 02:33:28,653 [BlockDeletingService#7] INFO  interfaces.ContainerDeletionChoosingPolicyTemplate (ContainerDeletionChoosingPolicyTemplate.java:chooseContainerForBlockDeletion(83)) - Chosen 0/5000 blocks from 0 candidate containers.
2023-04-19 02:33:28,653 [BlockDeletingService#3] INFO  interfaces.ContainerDeletionChoosingPolicyTemplate (ContainerDeletionChoosingPolicyTemplate.java:chooseContainerForBlockDeletion(83)) - Chosen 0/5000 blocks from 0 candidate containers.
2023-04-19 02:33:28,698 [SCMBlockDeletingService#0] DEBUG block.SCMBlockDeletingService (SCMBlockDeletingService.java:shouldRun(251)) - Check scm block delete run: true serviceStatus: RUNNING safemodeExitRunDelayMillis: 3000 alreadyWaitTimeInMillis: 38692
2023-04-19 02:33:28,698 [SCMBlockDeletingService#0] DEBUG block.SCMBlockDeletingService (SCMBlockDeletingService.java:call(154)) - Running DeletedBlockTransactionScanner
2023-04-19 02:33:28,753 [BlockDeletingService#2] INFO  interfaces.ContainerDeletionChoosingPolicyTemplate (ContainerDeletionChoosingPolicyTemplate.java:chooseContainerForBlockDeletion(83)) - Chosen 0/5000 blocks from 0 candidate containers.
2023-04-19 02:33:28,753 [BlockDeletingService#7] INFO  interfaces.ContainerDeletionChoosingPolicyTemplate (ContainerDeletionChoosingPolicyTemplate.java:chooseContainerForBlockDeletion(83)) - Chosen 0/5000 blocks from 0 candidate containers.
2023-04-19 02:33:28,754 [BlockDeletingService#3] INFO  interfaces.ContainerDeletionChoosingPolicyTemplate (ContainerDeletionChoosingPolicyTemplate.java:chooseContainerForBlockDeletion(83)) - Chosen 0/5000 blocks from 0 candidate containers.
2023-04-19 02:33:28,798 [SCMBlockDeletingService#0] DEBUG block.SCMBlockDeletingService (SCMBlockDeletingService.java:shouldRun(251)) - Check scm block delete run: true serviceStatus: RUNNING safemodeExitRunDelayMillis: 3000 alreadyWaitTimeInMillis: 38792
2023-04-19 02:33:28,798 [SCMBlockDeletingService#0] DEBUG block.SCMBlockDeletingService (SCMBlockDeletingService.java:call(154)) - Running DeletedBlockTransactionScanner
2023-04-19 02:33:28,854 [BlockDeletingService#2] INFO  interfaces.ContainerDeletionChoosingPolicyTemplate (ContainerDeletionChoosingPolicyTemplate.java:chooseContainerForBlockDeletion(83)) - Chosen 0/5000 blocks from 0 candidate containers.
2023-04-19 02:33:28,854 [BlockDeletingService#7] INFO  interfaces.ContainerDeletionChoosingPolicyTemplate (ContainerDeletionChoosingPolicyTemplate.java:chooseContainerForBlockDeletion(83)) - Chosen 0/5000 blocks from 0 candidate containers.
2023-04-19 02:33:28,854 [BlockDeletingService#3] INFO  interfaces.ContainerDeletionChoosingPolicyTemplate (ContainerDeletionChoosingPolicyTemplate.java:chooseContainerForBlockDeletion(83)) - Chosen 0/5000 blocks from 0 candidate containers.
2023-04-19 02:33:28,858 [Listener at 127.0.0.1/44187] WARN  commandhandler.TestBlockDeletion (TestBlockDeletion.java:lambda$testBlockDeletion$4(265)) - Verify blocks deletion failed
org.opentest4j.AssertionFailedError: expected: <null> but was: <[blockId=conID: 1 locID: 111677748019200001 bcsId: 16, size=4194304]>
	at org.junit.jupiter.api.AssertionUtils.fail(AssertionUtils.java:55)
	at org.junit.jupiter.api.AssertNull.failNotNull(AssertNull.java:54)
	at org.junit.jupiter.api.AssertNull.assertNull(AssertNull.java:38)
	at org.junit.jupiter.api.AssertNull.assertNull(AssertNull.java:33)
	at org.junit.jupiter.api.Assertions.assertNull(Assertions.java:275)
	at org.apache.hadoop.ozone.container.common.statemachine.commandhandler.TestBlockDeletion.lambda$verifyBlocksDeleted$17(TestBlockDeletion.java:484)
	at org.apache.hadoop.ozone.OzoneTestUtils.performOperationOnKeyContainers(OzoneTestUtils.java:140)
	at org.apache.hadoop.ozone.container.common.statemachine.commandhandler.TestBlockDeletion.verifyBlocksDeleted(TestBlockDeletion.java:474)
	at org.apache.hadoop.ozone.container.common.statemachine.commandhandler.TestBlockDeletion.lambda$testBlockDeletion$4(TestBlockDeletion.java:262)
	at org.apache.ozone.test.GenericTestUtils.waitFor(GenericTestUtils.java:225)
	at org.apache.hadoop.ozone.container.common.statemachine.commandhandler.TestBlockDeletion.testBlockDeletion(TestBlockDeletion.java:260)
	at sun.reflect.NativeMethodAccessorImpl.invoke0(Native Method)
	at sun.reflect.NativeMethodAccessorImpl.invoke(NativeMethodAccessorImpl.java:62)
	at sun.reflect.DelegatingMethodAccessorImpl.invoke(DelegatingMethodAccessorImpl.java:43)
	at java.lang.reflect.Method.invoke(Method.java:498)
	at org.junit.platform.commons.util.ReflectionUtils.invokeMethod(ReflectionUtils.java:725)
	at org.junit.jupiter.engine.execution.MethodInvocation.proceed(MethodInvocation.java:60)
	at org.junit.jupiter.engine.execution.InvocationInterceptorChain$ValidatingInvocation.proceed(InvocationInterceptorChain.java:131)
	at org.junit.jupiter.engine.extension.TimeoutExtension.intercept(TimeoutExtension.java:149)
	at org.junit.jupiter.engine.extension.TimeoutExtension.interceptTestableMethod(TimeoutExtension.java:140)
	at org.junit.jupiter.engine.extension.TimeoutExtension.interceptTestTemplateMethod(TimeoutExtension.java:92)
	at org.junit.jupiter.engine.execution.ExecutableInvoker$ReflectiveInterceptorCall.lambda$ofVoidMethod$0(ExecutableInvoker.java:115)
	at org.junit.jupiter.engine.execution.ExecutableInvoker.lambda$invoke$0(ExecutableInvoker.java:105)
	at org.junit.jupiter.engine.execution.InvocationInterceptorChain$InterceptedInvocation.proceed(InvocationInterceptorChain.java:106)
	at org.junit.jupiter.engine.execution.InvocationInterceptorChain.proceed(InvocationInterceptorChain.java:64)
	at org.junit.jupiter.engine.execution.InvocationInterceptorChain.chainAndInvoke(InvocationInterceptorChain.java:45)
	at org.junit.jupiter.engine.execution.InvocationInterceptorChain.invoke(InvocationInterceptorChain.java:37)
	at org.junit.jupiter.engine.execution.ExecutableInvoker.invoke(ExecutableInvoker.java:104)
	at org.junit.jupiter.engine.execution.ExecutableInvoker.invoke(ExecutableInvoker.java:98)
	at org.junit.jupiter.engine.descriptor.TestMethodTestDescriptor.lambda$invokeTestMethod$7(TestMethodTestDescriptor.java:214)
	at org.junit.platform.engine.support.hierarchical.ThrowableCollector.execute(ThrowableCollector.java:73)
	at org.junit.jupiter.engine.descriptor.TestMethodTestDescriptor.invokeTestMethod(TestMethodTestDescriptor.java:210)
	at org.junit.jupiter.engine.descriptor.TestMethodTestDescriptor.execute(TestMethodTestDescriptor.java:135)
	at org.junit.jupiter.engine.descriptor.TestMethodTestDescriptor.execute(TestMethodTestDescriptor.java:66)
	at org.junit.platform.engine.support.hierarchical.NodeTestTask.lambda$executeRecursively$6(NodeTestTask.java:151)
	at org.junit.platform.engine.support.hierarchical.ThrowableCollector.execute(ThrowableCollector.java:73)
	at org.junit.platform.engine.support.hierarchical.NodeTestTask.lambda$executeRecursively$8(NodeTestTask.java:141)
	at org.junit.platform.engine.support.hierarchical.Node.around(Node.java:137)
	at org.junit.platform.engine.support.hierarchical.NodeTestTask.lambda$executeRecursively$9(NodeTestTask.java:139)
	at org.junit.platform.engine.support.hierarchical.ThrowableCollector.execute(ThrowableCollector.java:73)
	at org.junit.platform.engine.support.hierarchical.NodeTestTask.executeRecursively(NodeTestTask.java:138)
	at org.junit.platform.engine.support.hierarchical.NodeTestTask.execute(NodeTestTask.java:95)
	at org.junit.platform.engine.support.hierarchical.SameThreadHierarchicalTestExecutorService.submit(SameThreadHierarchicalTestExecutorService.java:35)
	at org.junit.platform.engine.support.hierarchical.NodeTestTask$DefaultDynamicTestExecutor.execute(NodeTestTask.java:226)
	at org.junit.platform.engine.support.hierarchical.NodeTestTask$DefaultDynamicTestExecutor.execute(NodeTestTask.java:204)
	at org.junit.jupiter.engine.descriptor.TestTemplateTestDescriptor.execute(TestTemplateTestDescriptor.java:139)
	at org.junit.jupiter.engine.descriptor.TestTemplateTestDescriptor.lambda$execute$2(TestTemplateTestDescriptor.java:107)
	at java.util.stream.ForEachOps$ForEachOp$OfRef.accept(ForEachOps.java:183)
	at java.util.stream.ReferencePipeline$3$1.accept(ReferencePipeline.java:193)
	at java.util.stream.ReferencePipeline$2$1.accept(ReferencePipeline.java:175)
	at java.util.stream.ReferencePipeline$3$1.accept(ReferencePipeline.java:193)
	at java.util.stream.ForEachOps$ForEachOp$OfRef.accept(ForEachOps.java:183)
	at java.util.stream.ReferencePipeline$3$1.accept(ReferencePipeline.java:193)
	at java.util.stream.ReferencePipeline$3$1.accept(ReferencePipeline.java:193)
	at java.util.stream.ReferencePipeline$3$1.accept(ReferencePipeline.java:193)
	at java.util.stream.ForEachOps$ForEachOp$OfRef.accept(ForEachOps.java:183)
	at java.util.stream.ReferencePipeline$3$1.accept(ReferencePipeline.java:193)
	at java.util.Spliterators$ArraySpliterator.forEachRemaining(Spliterators.java:948)
	at java.util.stream.ReferencePipeline$Head.forEach(ReferencePipeline.java:647)
	at java.util.stream.ReferencePipeline$7$1.accept(ReferencePipeline.java:272)
	at java.util.stream.ReferencePipeline$3$1.accept(ReferencePipeline.java:193)
	at java.util.stream.ReferencePipeline$3$1.accept(ReferencePipeline.java:193)
	at java.util.Spliterators$ArraySpliterator.forEachRemaining(Spliterators.java:948)
	at java.util.stream.AbstractPipeline.copyInto(AbstractPipeline.java:482)
	at java.util.stream.AbstractPipeline.wrapAndCopyInto(AbstractPipeline.java:472)
	at java.util.stream.ForEachOps$ForEachOp.evaluateSequential(ForEachOps.java:150)
	at java.util.stream.ForEachOps$ForEachOp$OfRef.evaluateSequential(ForEachOps.java:173)
	at java.util.stream.AbstractPipeline.evaluate(AbstractPipeline.java:234)
	at java.util.stream.ReferencePipeline.forEach(ReferencePipeline.java:485)
	at java.util.stream.ReferencePipeline$7$1.accept(ReferencePipeline.java:272)
	at java.util.stream.ReferencePipeline$3$1.accept(ReferencePipeline.java:193)
	at java.util.stream.ReferencePipeline$3$1.accept(ReferencePipeline.java:193)
	at java.util.stream.ReferencePipeline$3$1.accept(ReferencePipeline.java:193)
	at java.util.ArrayList$ArrayListSpliterator.forEachRemaining(ArrayList.java:1384)
	at java.util.stream.AbstractPipeline.copyInto(AbstractPipeline.java:482)
	at java.util.stream.AbstractPipeline.wrapAndCopyInto(AbstractPipeline.java:472)
	at java.util.stream.ForEachOps$ForEachOp.evaluateSequential(ForEachOps.java:150)
	at java.util.stream.ForEachOps$ForEachOp$OfRef.evaluateSequential(ForEachOps.java:173)
	at java.util.stream.AbstractPipeline.evaluate(AbstractPipeline.java:234)
	at java.util.stream.ReferencePipeline.forEach(ReferencePipeline.java:485)
	at java.util.stream.ReferencePipeline$7$1.accept(ReferencePipeline.java:272)
	at java.util.ArrayList$ArrayListSpliterator.forEachRemaining(ArrayList.java:1384)
	at java.util.stream.AbstractPipeline.copyInto(AbstractPipeline.java:482)
	at java.util.stream.AbstractPipeline.wrapAndCopyInto(AbstractPipeline.java:472)
	at java.util.stream.ForEachOps$ForEachOp.evaluateSequential(ForEachOps.java:150)
	at java.util.stream.ForEachOps$ForEachOp$OfRef.evaluateSequential(ForEachOps.java:173)
	at java.util.stream.AbstractPipeline.evaluate(AbstractPipeline.java:234)
	at java.util.stream.ReferencePipeline.forEach(ReferencePipeline.java:485)
	at org.junit.jupiter.engine.descriptor.TestTemplateTestDescriptor.execute(TestTemplateTestDescriptor.java:107)
	at org.junit.jupiter.engine.descriptor.TestTemplateTestDescriptor.execute(TestTemplateTestDescriptor.java:42)
	at org.junit.platform.engine.support.hierarchical.NodeTestTask.lambda$executeRecursively$6(NodeTestTask.java:151)
	at org.junit.platform.engine.support.hierarchical.ThrowableCollector.execute(ThrowableCollector.java:73)
	at org.junit.platform.engine.support.hierarchical.NodeTestTask.lambda$executeRecursively$8(NodeTestTask.java:141)
	at org.junit.platform.engine.support.hierarchical.Node.around(Node.java:137)
	at org.junit.platform.engine.support.hierarchical.NodeTestTask.lambda$executeRecursively$9(NodeTestTask.java:139)
	at org.junit.platform.engine.support.hierarchical.ThrowableCollector.execute(ThrowableCollector.java:73)
	at org.junit.platform.engine.support.hierarchical.NodeTestTask.executeRecursively(NodeTestTask.java:138)
	at org.junit.platform.engine.support.hierarchical.NodeTestTask.execute(NodeTestTask.java:95)
	at java.util.ArrayList.forEach(ArrayList.java:1259)
	at org.junit.platform.engine.support.hierarchical.SameThreadHierarchicalTestExecutorService.invokeAll(SameThreadHierarchicalTestExecutorService.java:41)
	at org.junit.platform.engine.support.hierarchical.NodeTestTask.lambda$executeRecursively$6(NodeTestTask.java:155)
	at org.junit.platform.engine.support.hierarchical.ThrowableCollector.execute(ThrowableCollector.java:73)
	at org.junit.platform.engine.support.hierarchical.NodeTestTask.lambda$executeRecursively$8(NodeTestTask.java:141)
	at org.junit.platform.engine.support.hierarchical.Node.around(Node.java:137)
	at org.junit.platform.engine.support.hierarchical.NodeTestTask.lambda$executeRecursively$9(NodeTestTask.java:139)
	at org.junit.platform.engine.support.hierarchical.ThrowableCollector.execute(ThrowableCollector.java:73)
	at org.junit.platform.engine.support.hierarchical.NodeTestTask.executeRecursively(NodeTestTask.java:138)
	at org.junit.platform.engine.support.hierarchical.NodeTestTask.execute(NodeTestTask.java:95)
	at java.util.ArrayList.forEach(ArrayList.java:1259)
	at org.junit.platform.engine.support.hierarchical.SameThreadHierarchicalTestExecutorService.invokeAll(SameThreadHierarchicalTestExecutorService.java:41)
	at org.junit.platform.engine.support.hierarchical.NodeTestTask.lambda$executeRecursively$6(NodeTestTask.java:155)
	at org.junit.platform.engine.support.hierarchical.ThrowableCollector.execute(ThrowableCollector.java:73)
	at org.junit.platform.engine.support.hierarchical.NodeTestTask.lambda$executeRecursively$8(NodeTestTask.java:141)
	at org.junit.platform.engine.support.hierarchical.Node.around(Node.java:137)
	at org.junit.platform.engine.support.hierarchical.NodeTestTask.lambda$executeRecursively$9(NodeTestTask.java:139)
	at org.junit.platform.engine.support.hierarchical.ThrowableCollector.execute(ThrowableCollector.java:73)
	at org.junit.platform.engine.support.hierarchical.NodeTestTask.executeRecursively(NodeTestTask.java:138)
	at org.junit.platform.engine.support.hierarchical.NodeTestTask.execute(NodeTestTask.java:95)
	at org.junit.platform.engine.support.hierarchical.SameThreadHierarchicalTestExecutorService.submit(SameThreadHierarchicalTestExecutorService.java:35)
	at org.junit.platform.engine.support.hierarchical.HierarchicalTestExecutor.execute(HierarchicalTestExecutor.java:57)
	at org.junit.platform.engine.support.hierarchical.HierarchicalTestEngine.execute(HierarchicalTestEngine.java:54)
	at org.junit.platform.launcher.core.EngineExecutionOrchestrator.execute(EngineExecutionOrchestrator.java:107)
	at org.junit.platform.launcher.core.EngineExecutionOrchestrator.execute(EngineExecutionOrchestrator.java:88)
	at org.junit.platform.launcher.core.EngineExecutionOrchestrator.lambda$execute$0(EngineExecutionOrchestrator.java:54)
	at org.junit.platform.launcher.core.EngineExecutionOrchestrator.withInterceptedStreams(EngineExecutionOrchestrator.java:67)
	at org.junit.platform.launcher.core.EngineExecutionOrchestrator.execute(EngineExecutionOrchestrator.java:52)
	at org.junit.platform.launcher.core.DefaultLauncher.execute(DefaultLauncher.java:114)
	at org.junit.platform.launcher.core.DefaultLauncher.execute(DefaultLauncher.java:86)
	at org.junit.platform.launcher.core.DefaultLauncherSession$DelegatingLauncher.execute(DefaultLauncherSession.java:86)
	at org.junit.platform.launcher.core.SessionPerRequestLauncher.execute(SessionPerRequestLauncher.java:53)
	at org.apache.maven.surefire.junitplatform.JUnitPlatformProvider.execute(JUnitPlatformProvider.java:188)
	at org.apache.maven.surefire.junitplatform.JUnitPlatformProvider.invokeAllTests(JUnitPlatformProvider.java:154)
	at org.apache.maven.surefire.junitplatform.JUnitPlatformProvider.invoke(JUnitPlatformProvider.java:124)
	at org.apache.maven.surefire.booter.ForkedBooter.runSuitesInProcess(ForkedBooter.java:428)
	at org.apache.maven.surefire.booter.ForkedBooter.execute(ForkedBooter.java:162)
	at org.apache.maven.surefire.booter.ForkedBooter.run(ForkedBooter.java:562)
	at org.apache.maven.surefire.booter.ForkedBooter.main(ForkedBooter.java:548)
2023-04-19 02:33:28,899 [SCMBlockDeletingService#0] DEBUG block.SCMBlockDeletingService (SCMBlockDeletingService.java:shouldRun(251)) - Check scm block delete run: true serviceStatus: RUNNING safemodeExitRunDelayMillis: 3000 alreadyWaitTimeInMillis: 38893
2023-04-19 02:33:28,899 [SCMBlockDeletingService#0] DEBUG block.SCMBlockDeletingService (SCMBlockDeletingService.java:call(154)) - Running DeletedBlockTransactionScanner
2023-04-19 02:33:28,903 [Listener at 127.0.0.1/44187] INFO  ozone.MiniOzoneClusterImpl (MiniOzoneClusterImpl.java:shutdown(455)) - Shutting down the Mini Ozone Cluster
2023-04-19 02:33:28,903 [Listener at 127.0.0.1/44187] INFO  ozone.MiniOzoneClusterImpl (MiniOzoneClusterImpl.java:stop(471)) - Stopping the Mini Ozone Cluster
2023-04-19 02:33:28,903 [Listener at 127.0.0.1/44187] INFO  ozone.MiniOzoneClusterImpl (MiniOzoneClusterImpl.java:stopOM(557)) - Stopping the OzoneManager
2023-04-19 02:33:28,903 [Listener at 127.0.0.1/44187] INFO  om.OzoneManager (OzoneManager.java:stop(2154)) - om1[localhost:0]: Stopping Ozone Manager
2023-04-19 02:33:28,904 [Listener at 127.0.0.1/44187] INFO  ipc.Server (Server.java:stop(3501)) - Stopping server on 44187
2023-04-19 02:33:28,906 [IPC Server Responder] INFO  ipc.Server (Server.java:run(1563)) - Stopping IPC Server Responder
2023-04-19 02:33:28,906 [IPC Server listener on 0] INFO  ipc.Server (Server.java:run(1430)) - Stopping IPC Server listener on 0
2023-04-19 02:33:28,906 [Listener at 127.0.0.1/44187] INFO  server.RaftServer (RaftServerProxy.java:lambda$close$6(409)) - om1: close
2023-04-19 02:33:28,907 [om1-impl-thread1] INFO  server.RaftServer$Division (RaftServerImpl.java:lambda$close$4(458)) - om1@group-C5BA1605619E: shutdown
2023-04-19 02:33:28,907 [Listener at 127.0.0.1/44187] INFO  server.GrpcService (GrpcService.java:closeImpl(271)) - om1: shutdown server GrpcServerProtocolService now
2023-04-19 02:33:28,907 [Listener at 127.0.0.1/44187] INFO  server.GrpcService (GrpcService.java:closeImpl(280)) - om1: shutdown server GrpcServerProtocolService successfully
2023-04-19 02:33:28,907 [om1-impl-thread1] INFO  util.JmxRegister (JmxRegister.java:unregister(73)) - Successfully un-registered JMX Bean with object name Ratis:service=RaftServer,group=group-C5BA1605619E,id=om1
2023-04-19 02:33:28,908 [om1-impl-thread1] INFO  impl.RoleInfo (RoleInfo.java:shutdownLeaderState(93)) - om1: shutdown om1@group-C5BA1605619E-LeaderStateImpl
2023-04-19 02:33:28,908 [om1-impl-thread1] INFO  impl.PendingRequests (PendingRequests.java:sendNotLeaderResponses(282)) - om1@group-C5BA1605619E-PendingRequests: sendNotLeaderResponses
2023-04-19 02:33:28,910 [om1-impl-thread1] INFO  impl.StateMachineUpdater (StateMachineUpdater.java:stopAndJoin(153)) - om1@group-C5BA1605619E-StateMachineUpdater: set stopIndex = 22
2023-04-19 02:33:28,910 [om1@group-C5BA1605619E-StateMachineUpdater] INFO  ratis.OzoneManagerStateMachine (OzoneManagerStateMachine.java:takeSnapshot(453)) - Current Snapshot Index (t:1, i:22)
2023-04-19 02:33:28,927 [om1@group-C5BA1605619E-StateMachineUpdater] INFO  impl.StateMachineUpdater (StateMachineUpdater.java:takeSnapshot(287)) - om1@group-C5BA1605619E-StateMachineUpdater: Took a snapshot at index 22
2023-04-19 02:33:28,927 [om1@group-C5BA1605619E-StateMachineUpdater] INFO  impl.StateMachineUpdater (StateMachineUpdater.java:lambda$new$0(92)) - om1@group-C5BA1605619E-StateMachineUpdater: snapshotIndex: updateIncreasingly -1 -> 22
2023-04-19 02:33:28,928 [om1@group-C5BA1605619E-StateMachineUpdater] INFO  ratis.OzoneManagerStateMachine (OzoneManagerStateMachine.java:close(507)) - StateMachine has shutdown. Shutdown OzoneManager if not already shutdown.
2023-04-19 02:33:28,928 [om1@group-C5BA1605619E-StateMachineUpdater] INFO  ratis.OzoneManagerDoubleBuffer (OzoneManagerDoubleBuffer.java:stopDaemon(540)) - Stopping OMDoubleBuffer flush thread
2023-04-19 02:33:28,928 [OMDoubleBufferFlushThread] INFO  ratis.OzoneManagerDoubleBuffer (OzoneManagerDoubleBuffer.java:canFlush(625)) - OMDoubleBuffer flush thread OMDoubleBufferFlushThread is interrupted and will exit.
2023-04-19 02:33:28,928 [om1-impl-thread1] INFO  server.RaftServer$Division (ServerState.java:close(466)) - om1@group-C5BA1605619E: closes. applyIndex: 22
2023-04-19 02:33:28,928 [om1@group-C5BA1605619E-SegmentedRaftLogWorker] INFO  segmented.SegmentedRaftLogWorker (SegmentedRaftLogWorker.java:run(347)) - om1@group-C5BA1605619E-SegmentedRaftLogWorker was interrupted, exiting. There are 0 tasks remaining in the queue.
2023-04-19 02:33:28,930 [om1-impl-thread1] INFO  segmented.SegmentedRaftLogWorker (SegmentedRaftLogWorker.java:close(257)) - om1@group-C5BA1605619E-SegmentedRaftLogWorker close()
2023-04-19 02:33:28,930 [JvmPauseMonitor4] INFO  util.JvmPauseMonitor (JvmPauseMonitor.java:run(111)) - JvmPauseMonitor-om1: Stopped
2023-04-19 02:33:28,930 [Listener at 127.0.0.1/44187] INFO  ratis.OzoneManagerStateMachine (OzoneManagerStateMachine.java:close(507)) - StateMachine has shutdown. Shutdown OzoneManager if not already shutdown.
2023-04-19 02:33:28,930 [Listener at 127.0.0.1/44187] INFO  ratis.OzoneManagerDoubleBuffer (OzoneManagerDoubleBuffer.java:stopDaemon(549)) - OMDoubleBuffer flush thread is not running.
2023-04-19 02:33:28,931 [Listener at 127.0.0.1/44187] INFO  utils.BackgroundService (BackgroundService.java:shutdown(141)) - Shutting down service KeyDeletingService
2023-04-19 02:33:28,931 [Listener at 127.0.0.1/44187] INFO  utils.BackgroundService (BackgroundService.java:shutdown(141)) - Shutting down service KeyDeletingService
2023-04-19 02:33:28,932 [Listener at 127.0.0.1/44187] INFO  utils.BackgroundService (BackgroundService.java:shutdown(141)) - Shutting down service OpenKeyCleanupService
2023-04-19 02:33:28,932 [Listener at 127.0.0.1/44187] INFO  utils.BackgroundService (BackgroundService.java:shutdown(141)) - Shutting down service SstFilteringService
2023-04-19 02:33:28,932 [Listener at 127.0.0.1/44187] INFO  utils.BackgroundService (BackgroundService.java:shutdown(141)) - Shutting down service SnapshotDeletingService
2023-04-19 02:33:28,933 [Listener at 127.0.0.1/44187] INFO  handler.ContextHandler (ContextHandler.java:doStop(1159)) - Stopped o.e.j.w.WebAppContext@588dcc2d{ozoneManager,/,null,STOPPED}{file:/home/runner/work/ozone/ozone/hadoop-ozone/integration-test/target/test-classes/webapps/ozoneManager}
2023-04-19 02:33:28,934 [Listener at 127.0.0.1/44187] INFO  server.AbstractConnector (AbstractConnector.java:doStop(383)) - Stopped ServerConnector@2b999312{HTTP/1.1, (http/1.1)}{0.0.0.0:0}
2023-04-19 02:33:28,934 [Listener at 127.0.0.1/44187] INFO  server.session (HouseKeeper.java:stopScavenging(149)) - node0 Stopped scavenging
2023-04-19 02:33:28,934 [Listener at 127.0.0.1/44187] INFO  handler.ContextHandler (ContextHandler.java:doStop(1159)) - Stopped o.e.j.s.ServletContextHandler@5d1ad273{static,/static,file:///home/runner/work/ozone/ozone/hadoop-ozone/integration-test/target/test-classes/webapps/static,STOPPED}
2023-04-19 02:33:28,934 [Listener at 127.0.0.1/44187] INFO  handler.ContextHandler (ContextHandler.java:doStop(1159)) - Stopped o.e.j.s.ServletContextHandler@31bba872{logs,/logs,file:///home/runner/work/ozone/ozone/hadoop-ozone/integration-test/target/log,STOPPED}
2023-04-19 02:33:28,937 [Listener at 127.0.0.1/44187] INFO  ozone.MiniOzoneClusterImpl (MiniOzoneClusterImpl.java:stopDatanodes(534)) - Stopping the HddsDatanodes
2023-04-19 02:33:28,942 [ForkJoinPool.commonPool-worker-1] INFO  ozoneimpl.OzoneContainer (OzoneContainer.java:stop(419)) - Attempting to stop container services.
2023-04-19 02:33:28,942 [ForkJoinPool.commonPool-worker-1] INFO  server.RaftServer (RaftServerProxy.java:lambda$close$6(409)) - 15488c1c-ff1a-49f6-9596-cf663845e1ec: close
2023-04-19 02:33:28,943 [ForkJoinPool.commonPool-worker-1] INFO  server.GrpcService (GrpcService.java:closeImpl(271)) - 15488c1c-ff1a-49f6-9596-cf663845e1ec: shutdown server GrpcServerProtocolService now
2023-04-19 02:33:28,943 [15488c1c-ff1a-49f6-9596-cf663845e1ec-impl-thread1] INFO  server.RaftServer$Division (RaftServerImpl.java:lambda$close$4(458)) - 15488c1c-ff1a-49f6-9596-cf663845e1ec@group-7A7BEC77320F: shutdown
2023-04-19 02:33:28,943 [15488c1c-ff1a-49f6-9596-cf663845e1ec-impl-thread1] INFO  util.JmxRegister (JmxRegister.java:unregister(73)) - Successfully un-registered JMX Bean with object name Ratis:service=RaftServer,group=group-7A7BEC77320F,id=15488c1c-ff1a-49f6-9596-cf663845e1ec
2023-04-19 02:33:28,943 [15488c1c-ff1a-49f6-9596-cf663845e1ec-impl-thread1] INFO  impl.RoleInfo (RoleInfo.java:shutdownLeaderState(93)) - 15488c1c-ff1a-49f6-9596-cf663845e1ec: shutdown 15488c1c-ff1a-49f6-9596-cf663845e1ec@group-7A7BEC77320F-LeaderStateImpl
2023-04-19 02:33:28,943 [15488c1c-ff1a-49f6-9596-cf663845e1ec-impl-thread1] INFO  impl.PendingRequests (PendingRequests.java:sendNotLeaderResponses(282)) - 15488c1c-ff1a-49f6-9596-cf663845e1ec@group-7A7BEC77320F-PendingRequests: sendNotLeaderResponses
2023-04-19 02:33:28,943 [15488c1c-ff1a-49f6-9596-cf663845e1ec@group-7A7BEC77320F->4b35ffa0-8f73-49c2-95c0-d3e82f30c132-GrpcLogAppender-LogAppenderDaemon] WARN  server.GrpcLogAppender (GrpcLogAppender.java:mayWait(200)) - 15488c1c-ff1a-49f6-9596-cf663845e1ec@group-7A7BEC77320F->4b35ffa0-8f73-49c2-95c0-d3e82f30c132-GrpcLogAppender: Wait interrupted by java.lang.InterruptedException
2023-04-19 02:33:28,943 [Listener at 127.0.0.1/44187] INFO  ozoneimpl.OzoneContainer (OzoneContainer.java:stop(419)) - Attempting to stop container services.
2023-04-19 02:33:28,944 [grpc-default-executor-5] INFO  server.GrpcServerProtocolService (GrpcServerProtocolService.java:onCompleted(143)) - 4b35ffa0-8f73-49c2-95c0-d3e82f30c132: Completed APPEND_ENTRIES, lastRequest: 15488c1c-ff1a-49f6-9596-cf663845e1ec->4b35ffa0-8f73-49c2-95c0-d3e82f30c132#264-t1,previous=(t:1, i:101),leaderCommit=100,initializing? true,entries: size=1, first=(t:1, i:102), METADATAENTRY(c:100)
2023-04-19 02:33:28,944 [grpc-default-executor-7] INFO  server.GrpcServerProtocolService (GrpcServerProtocolService.java:onCompleted(143)) - 4b35ffa0-8f73-49c2-95c0-d3e82f30c132: Completed APPEND_ENTRIES, lastRequest: null
2023-04-19 02:33:28,943 [15488c1c-ff1a-49f6-9596-cf663845e1ec@group-7A7BEC77320F->bc0378cf-3bdb-433c-bc8f-db90f0932c02-GrpcLogAppender-LogAppenderDaemon] WARN  server.GrpcLogAppender (GrpcLogAppender.java:mayWait(200)) - 15488c1c-ff1a-49f6-9596-cf663845e1ec@group-7A7BEC77320F->bc0378cf-3bdb-433c-bc8f-db90f0932c02-GrpcLogAppender: Wait interrupted by java.lang.InterruptedException
2023-04-19 02:33:28,944 [grpc-default-executor-4] INFO  server.GrpcLogAppender (GrpcLogAppender.java:onCompleted(415)) - 15488c1c-ff1a-49f6-9596-cf663845e1ec@group-7A7BEC77320F->4b35ffa0-8f73-49c2-95c0-d3e82f30c132-AppendLogResponseHandler: follower responses appendEntries COMPLETED
2023-04-19 02:33:28,944 [grpc-default-executor-4] INFO  leader.FollowerInfo (FollowerInfoImpl.java:lambda$new$0(48)) - 15488c1c-ff1a-49f6-9596-cf663845e1ec@group-7A7BEC77320F->4b35ffa0-8f73-49c2-95c0-d3e82f30c132: nextIndex: updateUnconditionally 103 -> 102
2023-04-19 02:33:28,944 [grpc-default-executor-0] INFO  server.GrpcLogAppender (GrpcLogAppender.java:onCompleted(415)) - 15488c1c-ff1a-49f6-9596-cf663845e1ec@group-7A7BEC77320F->4b35ffa0-8f73-49c2-95c0-d3e82f30c132-AppendLogResponseHandler: follower responses appendEntries COMPLETED
2023-04-19 02:33:28,945 [grpc-default-executor-0] INFO  leader.FollowerInfo (FollowerInfoImpl.java:lambda$new$0(48)) - 15488c1c-ff1a-49f6-9596-cf663845e1ec@group-7A7BEC77320F->4b35ffa0-8f73-49c2-95c0-d3e82f30c132: nextIndex: updateUnconditionally 102 -> 101
2023-04-19 02:33:28,945 [grpc-default-executor-6] INFO  server.GrpcServerProtocolService (GrpcServerProtocolService.java:onCompleted(143)) - bc0378cf-3bdb-433c-bc8f-db90f0932c02: Completed APPEND_ENTRIES, lastRequest: 15488c1c-ff1a-49f6-9596-cf663845e1ec->bc0378cf-3bdb-433c-bc8f-db90f0932c02#282-t1,previous=(t:1, i:101),leaderCommit=100,initializing? true,entries: size=1, first=(t:1, i:102), METADATAENTRY(c:100)
2023-04-19 02:33:28,945 [grpc-default-executor-4] INFO  server.GrpcServerProtocolService (GrpcServerProtocolService.java:onCompleted(143)) - bc0378cf-3bdb-433c-bc8f-db90f0932c02: Completed APPEND_ENTRIES, lastRequest: null
2023-04-19 02:33:28,945 [grpc-default-executor-0] INFO  server.GrpcLogAppender (GrpcLogAppender.java:onCompleted(415)) - 15488c1c-ff1a-49f6-9596-cf663845e1ec@group-7A7BEC77320F->bc0378cf-3bdb-433c-bc8f-db90f0932c02-AppendLogResponseHandler: follower responses appendEntries COMPLETED
2023-04-19 02:33:28,948 [grpc-default-executor-5] INFO  server.GrpcLogAppender (GrpcLogAppender.java:onCompleted(415)) - 15488c1c-ff1a-49f6-9596-cf663845e1ec@group-7A7BEC77320F->bc0378cf-3bdb-433c-bc8f-db90f0932c02-AppendLogResponseHandler: follower responses appendEntries COMPLETED
2023-04-19 02:33:28,948 [grpc-default-executor-5] INFO  leader.FollowerInfo (FollowerInfoImpl.java:lambda$new$0(48)) - 15488c1c-ff1a-49f6-9596-cf663845e1ec@group-7A7BEC77320F->bc0378cf-3bdb-433c-bc8f-db90f0932c02: nextIndex: updateUnconditionally 103 -> 102
2023-04-19 02:33:28,948 [grpc-default-executor-0] INFO  leader.FollowerInfo (FollowerInfoImpl.java:lambda$new$0(48)) - 15488c1c-ff1a-49f6-9596-cf663845e1ec@group-7A7BEC77320F->bc0378cf-3bdb-433c-bc8f-db90f0932c02: nextIndex: updateUnconditionally 102 -> 101
2023-04-19 02:33:28,948 [ForkJoinPool.commonPool-worker-1] INFO  server.GrpcServerProtocolClient (GrpcServerProtocolClient.java:close(101)) - 4b35ffa0-8f73-49c2-95c0-d3e82f30c132 Close channels
2023-04-19 02:33:28,949 [15488c1c-ff1a-49f6-9596-cf663845e1ec-impl-thread1] INFO  impl.StateMachineUpdater (StateMachineUpdater.java:stopAndJoin(153)) - 15488c1c-ff1a-49f6-9596-cf663845e1ec@group-7A7BEC77320F-StateMachineUpdater: set stopIndex = 102
2023-04-19 02:33:28,949 [15488c1c-ff1a-49f6-9596-cf663845e1ec@group-7A7BEC77320F-StateMachineUpdater] INFO  ratis.ContainerStateMachine (ContainerStateMachine.java:takeSnapshot(330)) - group-7A7BEC77320F: Taking a snapshot at:(t:1, i:102) file /home/runner/work/ozone/ozone/hadoop-ozone/integration-test/target/test-dir/MiniOzoneClusterImpl-07705c7f-5198-484a-bec5-3444dac2a9ed/datanode-0/data/ratis/47ca2eb6-cbc1-4dd0-8b98-7a7bec77320f/sm/snapshot.1_102
2023-04-19 02:33:28,950 [15488c1c-ff1a-49f6-9596-cf663845e1ec@group-7A7BEC77320F-StateMachineUpdater] INFO  ratis.ContainerStateMachine (ContainerStateMachine.java:takeSnapshot(341)) - group-7A7BEC77320F: Finished taking a snapshot at:(t:1, i:102) file:/home/runner/work/ozone/ozone/hadoop-ozone/integration-test/target/test-dir/MiniOzoneClusterImpl-07705c7f-5198-484a-bec5-3444dac2a9ed/datanode-0/data/ratis/47ca2eb6-cbc1-4dd0-8b98-7a7bec77320f/sm/snapshot.1_102 took: 1 ms
2023-04-19 02:33:28,950 [15488c1c-ff1a-49f6-9596-cf663845e1ec@group-7A7BEC77320F-StateMachineUpdater] INFO  impl.StateMachineUpdater (StateMachineUpdater.java:takeSnapshot(287)) - 15488c1c-ff1a-49f6-9596-cf663845e1ec@group-7A7BEC77320F-StateMachineUpdater: Took a snapshot at index 102
2023-04-19 02:33:28,950 [15488c1c-ff1a-49f6-9596-cf663845e1ec@group-7A7BEC77320F-StateMachineUpdater] INFO  impl.StateMachineUpdater (StateMachineUpdater.java:lambda$new$0(92)) - 15488c1c-ff1a-49f6-9596-cf663845e1ec@group-7A7BEC77320F-StateMachineUpdater: snapshotIndex: updateIncreasingly -1 -> 102
2023-04-19 02:33:28,953 [ForkJoinPool.commonPool-worker-1] INFO  server.GrpcServerProtocolClient (GrpcServerProtocolClient.java:close(101)) - bc0378cf-3bdb-433c-bc8f-db90f0932c02 Close channels
2023-04-19 02:33:28,953 [15488c1c-ff1a-49f6-9596-cf663845e1ec-impl-thread1] INFO  server.RaftServer$Division (ServerState.java:close(466)) - 15488c1c-ff1a-49f6-9596-cf663845e1ec@group-7A7BEC77320F: closes. applyIndex: 102
2023-04-19 02:33:28,954 [BlockDeletingService#3] INFO  interfaces.ContainerDeletionChoosingPolicyTemplate (ContainerDeletionChoosingPolicyTemplate.java:chooseContainerForBlockDeletion(83)) - Chosen 0/5000 blocks from 0 candidate containers.
2023-04-19 02:33:28,954 [BlockDeletingService#2] INFO  interfaces.ContainerDeletionChoosingPolicyTemplate (ContainerDeletionChoosingPolicyTemplate.java:chooseContainerForBlockDeletion(83)) - Chosen 0/5000 blocks from 0 candidate containers.
2023-04-19 02:33:28,954 [BlockDeletingService#7] INFO  interfaces.ContainerDeletionChoosingPolicyTemplate (ContainerDeletionChoosingPolicyTemplate.java:chooseContainerForBlockDeletion(83)) - Chosen 0/5000 blocks from 0 candidate containers.
2023-04-19 02:33:28,956 [15488c1c-ff1a-49f6-9596-cf663845e1ec@group-7A7BEC77320F-SegmentedRaftLogWorker] INFO  segmented.SegmentedRaftLogWorker (SegmentedRaftLogWorker.java:run(347)) - 15488c1c-ff1a-49f6-9596-cf663845e1ec@group-7A7BEC77320F-SegmentedRaftLogWorker was interrupted, exiting. There are 0 tasks remaining in the queue.
2023-04-19 02:33:28,956 [15488c1c-ff1a-49f6-9596-cf663845e1ec-impl-thread1] INFO  segmented.SegmentedRaftLogWorker (SegmentedRaftLogWorker.java:close(257)) - 15488c1c-ff1a-49f6-9596-cf663845e1ec@group-7A7BEC77320F-SegmentedRaftLogWorker close()
2023-04-19 02:33:28,957 [ForkJoinPool.commonPool-worker-1] INFO  server.GrpcService (GrpcService.java:closeImpl(280)) - 15488c1c-ff1a-49f6-9596-cf663845e1ec: shutdown server GrpcServerProtocolService successfully
2023-04-19 02:33:28,957 [15488c1c-ff1a-49f6-9596-cf663845e1ec-NettyServerStreamRpc-bossGroup--thread1] INFO  logging.LoggingHandler (AbstractInternalLogger.java:log(148)) - [id: 0x6a064a1a, L:/0:0:0:0:0:0:0:0:35537] CLOSE
2023-04-19 02:33:28,957 [15488c1c-ff1a-49f6-9596-cf663845e1ec-NettyServerStreamRpc-bossGroup--thread1] INFO  logging.LoggingHandler (AbstractInternalLogger.java:log(148)) - [id: 0x6a064a1a, L:/0:0:0:0:0:0:0:0:35537] INACTIVE
2023-04-19 02:33:28,957 [15488c1c-ff1a-49f6-9596-cf663845e1ec-NettyServerStreamRpc-bossGroup--thread1] INFO  logging.LoggingHandler (AbstractInternalLogger.java:log(148)) - [id: 0x6a064a1a, L:/0:0:0:0:0:0:0:0:35537] UNREGISTERED
2023-04-19 02:33:28,992 [Listener at 127.0.0.1/44187] INFO  server.RaftServer (RaftServerProxy.java:lambda$close$6(409)) - 4b35ffa0-8f73-49c2-95c0-d3e82f30c132: close
2023-04-19 02:33:28,993 [Listener at 127.0.0.1/44187] INFO  server.GrpcService (GrpcService.java:closeImpl(271)) - 4b35ffa0-8f73-49c2-95c0-d3e82f30c132: shutdown server GrpcServerProtocolService now
2023-04-19 02:33:28,993 [4b35ffa0-8f73-49c2-95c0-d3e82f30c132-impl-thread1] INFO  server.RaftServer$Division (RaftServerImpl.java:lambda$close$4(458)) - 4b35ffa0-8f73-49c2-95c0-d3e82f30c132@group-7A7BEC77320F: shutdown
2023-04-19 02:33:28,993 [4b35ffa0-8f73-49c2-95c0-d3e82f30c132-impl-thread1] INFO  util.JmxRegister (JmxRegister.java:unregister(73)) - Successfully un-registered JMX Bean with object name Ratis:service=RaftServer,group=group-7A7BEC77320F,id=4b35ffa0-8f73-49c2-95c0-d3e82f30c132
2023-04-19 02:33:28,993 [4b35ffa0-8f73-49c2-95c0-d3e82f30c132-impl-thread1] INFO  impl.RoleInfo (RoleInfo.java:shutdownFollowerState(110)) - 4b35ffa0-8f73-49c2-95c0-d3e82f30c132: shutdown 4b35ffa0-8f73-49c2-95c0-d3e82f30c132@group-7A7BEC77320F-FollowerState
2023-04-19 02:33:28,993 [4b35ffa0-8f73-49c2-95c0-d3e82f30c132-impl-thread1] INFO  impl.StateMachineUpdater (StateMachineUpdater.java:stopAndJoin(153)) - 4b35ffa0-8f73-49c2-95c0-d3e82f30c132@group-7A7BEC77320F-StateMachineUpdater: set stopIndex = 102
2023-04-19 02:33:29,000 [Listener at 127.0.0.1/44187] INFO  server.GrpcService (GrpcService.java:closeImpl(280)) - 4b35ffa0-8f73-49c2-95c0-d3e82f30c132: shutdown server GrpcServerProtocolService successfully
2023-04-19 02:33:29,000 [4b35ffa0-8f73-49c2-95c0-d3e82f30c132-NettyServerStreamRpc-bossGroup--thread1] INFO  logging.LoggingHandler (AbstractInternalLogger.java:log(148)) - [id: 0x25d145c0, L:/0:0:0:0:0:0:0:0:45657] CLOSE
2023-04-19 02:33:29,000 [4b35ffa0-8f73-49c2-95c0-d3e82f30c132-NettyServerStreamRpc-bossGroup--thread1] INFO  logging.LoggingHandler (AbstractInternalLogger.java:log(148)) - [id: 0x25d145c0, L:/0:0:0:0:0:0:0:0:45657] INACTIVE
2023-04-19 02:33:29,000 [4b35ffa0-8f73-49c2-95c0-d3e82f30c132-NettyServerStreamRpc-bossGroup--thread1] INFO  logging.LoggingHandler (AbstractInternalLogger.java:log(148)) - [id: 0x25d145c0, L:/0:0:0:0:0:0:0:0:45657] UNREGISTERED
2023-04-19 02:33:29,006 [SCMBlockDeletingService#0] DEBUG block.SCMBlockDeletingService (SCMBlockDeletingService.java:shouldRun(251)) - Check scm block delete run: true serviceStatus: RUNNING safemodeExitRunDelayMillis: 3000 alreadyWaitTimeInMillis: 39000
2023-04-19 02:33:29,006 [SCMBlockDeletingService#0] DEBUG block.SCMBlockDeletingService (SCMBlockDeletingService.java:call(154)) - Running DeletedBlockTransactionScanner
2023-04-19 02:33:29,013 [4b35ffa0-8f73-49c2-95c0-d3e82f30c132@group-7A7BEC77320F-FollowerState] INFO  impl.FollowerState (FollowerState.java:run(152)) - 4b35ffa0-8f73-49c2-95c0-d3e82f30c132@group-7A7BEC77320F-FollowerState was interrupted
2023-04-19 02:33:29,014 [4b35ffa0-8f73-49c2-95c0-d3e82f30c132@group-7A7BEC77320F-StateMachineUpdater] INFO  ratis.ContainerStateMachine (ContainerStateMachine.java:takeSnapshot(330)) - group-7A7BEC77320F: Taking a snapshot at:(t:1, i:102) file /home/runner/work/ozone/ozone/hadoop-ozone/integration-test/target/test-dir/MiniOzoneClusterImpl-07705c7f-5198-484a-bec5-3444dac2a9ed/datanode-1/data/ratis/47ca2eb6-cbc1-4dd0-8b98-7a7bec77320f/sm/snapshot.1_102
2023-04-19 02:33:29,014 [JvmPauseMonitor5] INFO  util.JvmPauseMonitor (JvmPauseMonitor.java:run(111)) - JvmPauseMonitor-15488c1c-ff1a-49f6-9596-cf663845e1ec: Stopped
2023-04-19 02:33:29,015 [4b35ffa0-8f73-49c2-95c0-d3e82f30c132@group-7A7BEC77320F-StateMachineUpdater] INFO  ratis.ContainerStateMachine (ContainerStateMachine.java:takeSnapshot(341)) - group-7A7BEC77320F: Finished taking a snapshot at:(t:1, i:102) file:/home/runner/work/ozone/ozone/hadoop-ozone/integration-test/target/test-dir/MiniOzoneClusterImpl-07705c7f-5198-484a-bec5-3444dac2a9ed/datanode-1/data/ratis/47ca2eb6-cbc1-4dd0-8b98-7a7bec77320f/sm/snapshot.1_102 took: 2 ms
2023-04-19 02:33:29,016 [4b35ffa0-8f73-49c2-95c0-d3e82f30c132@group-7A7BEC77320F-StateMachineUpdater] INFO  impl.StateMachineUpdater (StateMachineUpdater.java:takeSnapshot(287)) - 4b35ffa0-8f73-49c2-95c0-d3e82f30c132@group-7A7BEC77320F-StateMachineUpdater: Took a snapshot at index 102
2023-04-19 02:33:29,016 [4b35ffa0-8f73-49c2-95c0-d3e82f30c132@group-7A7BEC77320F-StateMachineUpdater] INFO  impl.StateMachineUpdater (StateMachineUpdater.java:lambda$new$0(92)) - 4b35ffa0-8f73-49c2-95c0-d3e82f30c132@group-7A7BEC77320F-StateMachineUpdater: snapshotIndex: updateIncreasingly -1 -> 102
2023-04-19 02:33:29,016 [4b35ffa0-8f73-49c2-95c0-d3e82f30c132-impl-thread1] INFO  server.RaftServer$Division (ServerState.java:close(466)) - 4b35ffa0-8f73-49c2-95c0-d3e82f30c132@group-7A7BEC77320F: closes. applyIndex: 102
2023-04-19 02:33:29,016 [4b35ffa0-8f73-49c2-95c0-d3e82f30c132@group-7A7BEC77320F-SegmentedRaftLogWorker] INFO  segmented.SegmentedRaftLogWorker (SegmentedRaftLogWorker.java:run(347)) - 4b35ffa0-8f73-49c2-95c0-d3e82f30c132@group-7A7BEC77320F-SegmentedRaftLogWorker was interrupted, exiting. There are 0 tasks remaining in the queue.
2023-04-19 02:33:29,017 [4b35ffa0-8f73-49c2-95c0-d3e82f30c132-impl-thread1] INFO  segmented.SegmentedRaftLogWorker (SegmentedRaftLogWorker.java:close(257)) - 4b35ffa0-8f73-49c2-95c0-d3e82f30c132@group-7A7BEC77320F-SegmentedRaftLogWorker close()
2023-04-19 02:33:29,019 [JvmPauseMonitor6] INFO  util.JvmPauseMonitor (JvmPauseMonitor.java:run(111)) - JvmPauseMonitor-4b35ffa0-8f73-49c2-95c0-d3e82f30c132: Stopped
2023-04-19 02:33:29,055 [BlockDeletingService#3] INFO  interfaces.ContainerDeletionChoosingPolicyTemplate (ContainerDeletionChoosingPolicyTemplate.java:chooseContainerForBlockDeletion(83)) - Chosen 0/5000 blocks from 0 candidate containers.
2023-04-19 02:33:29,055 [BlockDeletingService#2] INFO  interfaces.ContainerDeletionChoosingPolicyTemplate (ContainerDeletionChoosingPolicyTemplate.java:chooseContainerForBlockDeletion(83)) - Chosen 0/5000 blocks from 0 candidate containers.
2023-04-19 02:33:29,055 [BlockDeletingService#7] INFO  interfaces.ContainerDeletionChoosingPolicyTemplate (ContainerDeletionChoosingPolicyTemplate.java:chooseContainerForBlockDeletion(83)) - Chosen 0/5000 blocks from 0 candidate containers.
2023-04-19 02:33:29,106 [SCMBlockDeletingService#0] DEBUG block.SCMBlockDeletingService (SCMBlockDeletingService.java:shouldRun(251)) - Check scm block delete run: true serviceStatus: RUNNING safemodeExitRunDelayMillis: 3000 alreadyWaitTimeInMillis: 39100
2023-04-19 02:33:29,106 [SCMBlockDeletingService#0] DEBUG block.SCMBlockDeletingService (SCMBlockDeletingService.java:call(154)) - Running DeletedBlockTransactionScanner
2023-04-19 02:33:29,155 [BlockDeletingService#3] INFO  interfaces.ContainerDeletionChoosingPolicyTemplate (ContainerDeletionChoosingPolicyTemplate.java:chooseContainerForBlockDeletion(83)) - Chosen 0/5000 blocks from 0 candidate containers.
2023-04-19 02:33:29,155 [BlockDeletingService#7] INFO  interfaces.ContainerDeletionChoosingPolicyTemplate (ContainerDeletionChoosingPolicyTemplate.java:chooseContainerForBlockDeletion(83)) - Chosen 0/5000 blocks from 0 candidate containers.
2023-04-19 02:33:29,155 [BlockDeletingService#2] INFO  interfaces.ContainerDeletionChoosingPolicyTemplate (ContainerDeletionChoosingPolicyTemplate.java:chooseContainerForBlockDeletion(83)) - Chosen 0/5000 blocks from 0 candidate containers.
2023-04-19 02:33:29,206 [SCMBlockDeletingService#0] DEBUG block.SCMBlockDeletingService (SCMBlockDeletingService.java:shouldRun(251)) - Check scm block delete run: true serviceStatus: RUNNING safemodeExitRunDelayMillis: 3000 alreadyWaitTimeInMillis: 39200
2023-04-19 02:33:29,206 [SCMBlockDeletingService#0] DEBUG block.SCMBlockDeletingService (SCMBlockDeletingService.java:call(154)) - Running DeletedBlockTransactionScanner
2023-04-19 02:33:29,255 [BlockDeletingService#3] INFO  interfaces.ContainerDeletionChoosingPolicyTemplate (ContainerDeletionChoosingPolicyTemplate.java:chooseContainerForBlockDeletion(83)) - Chosen 0/5000 blocks from 0 candidate containers.
2023-04-19 02:33:29,255 [BlockDeletingService#7] INFO  interfaces.ContainerDeletionChoosingPolicyTemplate (ContainerDeletionChoosingPolicyTemplate.java:chooseContainerForBlockDeletion(83)) - Chosen 0/5000 blocks from 0 candidate containers.
2023-04-19 02:33:29,255 [BlockDeletingService#2] INFO  interfaces.ContainerDeletionChoosingPolicyTemplate (ContainerDeletionChoosingPolicyTemplate.java:chooseContainerForBlockDeletion(83)) - Chosen 0/5000 blocks from 0 candidate containers.
2023-04-19 02:33:29,306 [SCMBlockDeletingService#0] DEBUG block.SCMBlockDeletingService (SCMBlockDeletingService.java:shouldRun(251)) - Check scm block delete run: true serviceStatus: RUNNING safemodeExitRunDelayMillis: 3000 alreadyWaitTimeInMillis: 39300
2023-04-19 02:33:29,306 [SCMBlockDeletingService#0] DEBUG block.SCMBlockDeletingService (SCMBlockDeletingService.java:call(154)) - Running DeletedBlockTransactionScanner
2023-04-19 02:33:29,355 [BlockDeletingService#3] INFO  interfaces.ContainerDeletionChoosingPolicyTemplate (ContainerDeletionChoosingPolicyTemplate.java:chooseContainerForBlockDeletion(83)) - Chosen 0/5000 blocks from 0 candidate containers.
2023-04-19 02:33:29,355 [BlockDeletingService#7] INFO  interfaces.ContainerDeletionChoosingPolicyTemplate (ContainerDeletionChoosingPolicyTemplate.java:chooseContainerForBlockDeletion(83)) - Chosen 0/5000 blocks from 0 candidate containers.
2023-04-19 02:33:29,355 [BlockDeletingService#2] INFO  interfaces.ContainerDeletionChoosingPolicyTemplate (ContainerDeletionChoosingPolicyTemplate.java:chooseContainerForBlockDeletion(83)) - Chosen 0/5000 blocks from 0 candidate containers.
2023-04-19 02:33:29,406 [SCMBlockDeletingService#0] DEBUG block.SCMBlockDeletingService (SCMBlockDeletingService.java:shouldRun(251)) - Check scm block delete run: true serviceStatus: RUNNING safemodeExitRunDelayMillis: 3000 alreadyWaitTimeInMillis: 39400
2023-04-19 02:33:29,407 [SCMBlockDeletingService#0] DEBUG block.SCMBlockDeletingService (SCMBlockDeletingService.java:call(154)) - Running DeletedBlockTransactionScanner
2023-04-19 02:33:29,456 [BlockDeletingService#3] INFO  interfaces.ContainerDeletionChoosingPolicyTemplate (ContainerDeletionChoosingPolicyTemplate.java:chooseContainerForBlockDeletion(83)) - Chosen 0/5000 blocks from 0 candidate containers.
2023-04-19 02:33:29,456 [BlockDeletingService#7] INFO  interfaces.ContainerDeletionChoosingPolicyTemplate (ContainerDeletionChoosingPolicyTemplate.java:chooseContainerForBlockDeletion(83)) - Chosen 0/5000 blocks from 0 candidate containers.
2023-04-19 02:33:29,456 [BlockDeletingService#2] INFO  interfaces.ContainerDeletionChoosingPolicyTemplate (ContainerDeletionChoosingPolicyTemplate.java:chooseContainerForBlockDeletion(83)) - Chosen 0/5000 blocks from 0 candidate containers.
2023-04-19 02:33:29,506 [SCMBlockDeletingService#0] DEBUG block.SCMBlockDeletingService (SCMBlockDeletingService.java:shouldRun(251)) - Check scm block delete run: true serviceStatus: RUNNING safemodeExitRunDelayMillis: 3000 alreadyWaitTimeInMillis: 39500
2023-04-19 02:33:29,507 [SCMBlockDeletingService#0] DEBUG block.SCMBlockDeletingService (SCMBlockDeletingService.java:call(154)) - Running DeletedBlockTransactionScanner
2023-04-19 02:33:29,556 [BlockDeletingService#3] INFO  interfaces.ContainerDeletionChoosingPolicyTemplate (ContainerDeletionChoosingPolicyTemplate.java:chooseContainerForBlockDeletion(83)) - Chosen 0/5000 blocks from 0 candidate containers.
2023-04-19 02:33:29,556 [BlockDeletingService#7] INFO  interfaces.ContainerDeletionChoosingPolicyTemplate (ContainerDeletionChoosingPolicyTemplate.java:chooseContainerForBlockDeletion(83)) - Chosen 0/5000 blocks from 0 candidate containers.
2023-04-19 02:33:29,556 [BlockDeletingService#2] INFO  interfaces.ContainerDeletionChoosingPolicyTemplate (ContainerDeletionChoosingPolicyTemplate.java:chooseContainerForBlockDeletion(83)) - Chosen 0/5000 blocks from 0 candidate containers.
2023-04-19 02:33:29,607 [SCMBlockDeletingService#0] DEBUG block.SCMBlockDeletingService (SCMBlockDeletingService.java:shouldRun(251)) - Check scm block delete run: true serviceStatus: RUNNING safemodeExitRunDelayMillis: 3000 alreadyWaitTimeInMillis: 39601
2023-04-19 02:33:29,607 [SCMBlockDeletingService#0] DEBUG block.SCMBlockDeletingService (SCMBlockDeletingService.java:call(154)) - Running DeletedBlockTransactionScanner
2023-04-19 02:33:29,656 [BlockDeletingService#3] INFO  interfaces.ContainerDeletionChoosingPolicyTemplate (ContainerDeletionChoosingPolicyTemplate.java:chooseContainerForBlockDeletion(83)) - Chosen 0/5000 blocks from 0 candidate containers.
2023-04-19 02:33:29,656 [BlockDeletingService#7] INFO  interfaces.ContainerDeletionChoosingPolicyTemplate (ContainerDeletionChoosingPolicyTemplate.java:chooseContainerForBlockDeletion(83)) - Chosen 0/5000 blocks from 0 candidate containers.
2023-04-19 02:33:29,656 [BlockDeletingService#2] INFO  interfaces.ContainerDeletionChoosingPolicyTemplate (ContainerDeletionChoosingPolicyTemplate.java:chooseContainerForBlockDeletion(83)) - Chosen 0/5000 blocks from 0 candidate containers.
2023-04-19 02:33:29,707 [SCMBlockDeletingService#0] DEBUG block.SCMBlockDeletingService (SCMBlockDeletingService.java:shouldRun(251)) - Check scm block delete run: true serviceStatus: RUNNING safemodeExitRunDelayMillis: 3000 alreadyWaitTimeInMillis: 39701
2023-04-19 02:33:29,707 [SCMBlockDeletingService#0] DEBUG block.SCMBlockDeletingService (SCMBlockDeletingService.java:call(154)) - Running DeletedBlockTransactionScanner
2023-04-19 02:33:29,756 [BlockDeletingService#3] INFO  interfaces.ContainerDeletionChoosingPolicyTemplate (ContainerDeletionChoosingPolicyTemplate.java:chooseContainerForBlockDeletion(83)) - Chosen 0/5000 blocks from 0 candidate containers.
2023-04-19 02:33:29,756 [BlockDeletingService#7] INFO  interfaces.ContainerDeletionChoosingPolicyTemplate (ContainerDeletionChoosingPolicyTemplate.java:chooseContainerForBlockDeletion(83)) - Chosen 0/5000 blocks from 0 candidate containers.
2023-04-19 02:33:29,756 [BlockDeletingService#2] INFO  interfaces.ContainerDeletionChoosingPolicyTemplate (ContainerDeletionChoosingPolicyTemplate.java:chooseContainerForBlockDeletion(83)) - Chosen 0/5000 blocks from 0 candidate containers.
2023-04-19 02:33:29,807 [SCMBlockDeletingService#0] DEBUG block.SCMBlockDeletingService (SCMBlockDeletingService.java:shouldRun(251)) - Check scm block delete run: true serviceStatus: RUNNING safemodeExitRunDelayMillis: 3000 alreadyWaitTimeInMillis: 39801
2023-04-19 02:33:29,807 [SCMBlockDeletingService#0] DEBUG block.SCMBlockDeletingService (SCMBlockDeletingService.java:call(154)) - Running DeletedBlockTransactionScanner
2023-04-19 02:33:29,856 [BlockDeletingService#3] INFO  interfaces.ContainerDeletionChoosingPolicyTemplate (ContainerDeletionChoosingPolicyTemplate.java:chooseContainerForBlockDeletion(83)) - Chosen 0/5000 blocks from 0 candidate containers.
2023-04-19 02:33:29,856 [BlockDeletingService#7] INFO  interfaces.ContainerDeletionChoosingPolicyTemplate (ContainerDeletionChoosingPolicyTemplate.java:chooseContainerForBlockDeletion(83)) - Chosen 0/5000 blocks from 0 candidate containers.
2023-04-19 02:33:29,857 [BlockDeletingService#2] INFO  interfaces.ContainerDeletionChoosingPolicyTemplate (ContainerDeletionChoosingPolicyTemplate.java:chooseContainerForBlockDeletion(83)) - Chosen 0/5000 blocks from 0 candidate containers.
2023-04-19 02:33:29,907 [SCMBlockDeletingService#0] DEBUG block.SCMBlockDeletingService (SCMBlockDeletingService.java:shouldRun(251)) - Check scm block delete run: true serviceStatus: RUNNING safemodeExitRunDelayMillis: 3000 alreadyWaitTimeInMillis: 39901
2023-04-19 02:33:29,907 [SCMBlockDeletingService#0] DEBUG block.SCMBlockDeletingService (SCMBlockDeletingService.java:call(154)) - Running DeletedBlockTransactionScanner
2023-04-19 02:33:29,957 [BlockDeletingService#3] INFO  interfaces.ContainerDeletionChoosingPolicyTemplate (ContainerDeletionChoosingPolicyTemplate.java:chooseContainerForBlockDeletion(83)) - Chosen 0/5000 blocks from 0 candidate containers.
2023-04-19 02:33:29,957 [BlockDeletingService#7] INFO  interfaces.ContainerDeletionChoosingPolicyTemplate (ContainerDeletionChoosingPolicyTemplate.java:chooseContainerForBlockDeletion(83)) - Chosen 0/5000 blocks from 0 candidate containers.
2023-04-19 02:33:29,957 [BlockDeletingService#2] INFO  interfaces.ContainerDeletionChoosingPolicyTemplate (ContainerDeletionChoosingPolicyTemplate.java:chooseContainerForBlockDeletion(83)) - Chosen 0/5000 blocks from 0 candidate containers.
2023-04-19 02:33:30,007 [SCMBlockDeletingService#0] DEBUG block.SCMBlockDeletingService (SCMBlockDeletingService.java:shouldRun(251)) - Check scm block delete run: true serviceStatus: RUNNING safemodeExitRunDelayMillis: 3000 alreadyWaitTimeInMillis: 40001
2023-04-19 02:33:30,007 [SCMBlockDeletingService#0] DEBUG block.SCMBlockDeletingService (SCMBlockDeletingService.java:call(154)) - Running DeletedBlockTransactionScanner
2023-04-19 02:33:30,057 [BlockDeletingService#3] INFO  interfaces.ContainerDeletionChoosingPolicyTemplate (ContainerDeletionChoosingPolicyTemplate.java:chooseContainerForBlockDeletion(83)) - Chosen 0/5000 blocks from 0 candidate containers.
2023-04-19 02:33:30,057 [BlockDeletingService#7] INFO  interfaces.ContainerDeletionChoosingPolicyTemplate (ContainerDeletionChoosingPolicyTemplate.java:chooseContainerForBlockDeletion(83)) - Chosen 0/5000 blocks from 0 candidate containers.
2023-04-19 02:33:30,057 [BlockDeletingService#2] INFO  interfaces.ContainerDeletionChoosingPolicyTemplate (ContainerDeletionChoosingPolicyTemplate.java:chooseContainerForBlockDeletion(83)) - Chosen 0/5000 blocks from 0 candidate containers.
2023-04-19 02:33:30,107 [SCMBlockDeletingService#0] DEBUG block.SCMBlockDeletingService (SCMBlockDeletingService.java:shouldRun(251)) - Check scm block delete run: true serviceStatus: RUNNING safemodeExitRunDelayMillis: 3000 alreadyWaitTimeInMillis: 40101
2023-04-19 02:33:30,107 [SCMBlockDeletingService#0] DEBUG block.SCMBlockDeletingService (SCMBlockDeletingService.java:call(154)) - Running DeletedBlockTransactionScanner
2023-04-19 02:33:30,157 [BlockDeletingService#3] INFO  interfaces.ContainerDeletionChoosingPolicyTemplate (ContainerDeletionChoosingPolicyTemplate.java:chooseContainerForBlockDeletion(83)) - Chosen 0/5000 blocks from 0 candidate containers.
2023-04-19 02:33:30,157 [BlockDeletingService#7] INFO  interfaces.ContainerDeletionChoosingPolicyTemplate (ContainerDeletionChoosingPolicyTemplate.java:chooseContainerForBlockDeletion(83)) - Chosen 0/5000 blocks from 0 candidate containers.
2023-04-19 02:33:30,157 [BlockDeletingService#2] INFO  interfaces.ContainerDeletionChoosingPolicyTemplate (ContainerDeletionChoosingPolicyTemplate.java:chooseContainerForBlockDeletion(83)) - Chosen 0/5000 blocks from 0 candidate containers.
2023-04-19 02:33:30,207 [SCMBlockDeletingService#0] DEBUG block.SCMBlockDeletingService (SCMBlockDeletingService.java:shouldRun(251)) - Check scm block delete run: true serviceStatus: RUNNING safemodeExitRunDelayMillis: 3000 alreadyWaitTimeInMillis: 40201
2023-04-19 02:33:30,207 [SCMBlockDeletingService#0] DEBUG block.SCMBlockDeletingService (SCMBlockDeletingService.java:call(154)) - Running DeletedBlockTransactionScanner
2023-04-19 02:33:30,257 [BlockDeletingService#3] INFO  interfaces.ContainerDeletionChoosingPolicyTemplate (ContainerDeletionChoosingPolicyTemplate.java:chooseContainerForBlockDeletion(83)) - Chosen 0/5000 blocks from 0 candidate containers.
2023-04-19 02:33:30,257 [BlockDeletingService#7] INFO  interfaces.ContainerDeletionChoosingPolicyTemplate (ContainerDeletionChoosingPolicyTemplate.java:chooseContainerForBlockDeletion(83)) - Chosen 0/5000 blocks from 0 candidate containers.
2023-04-19 02:33:30,258 [BlockDeletingService#2] INFO  interfaces.ContainerDeletionChoosingPolicyTemplate (ContainerDeletionChoosingPolicyTemplate.java:chooseContainerForBlockDeletion(83)) - Chosen 0/5000 blocks from 0 candidate containers.
2023-04-19 02:33:30,307 [SCMBlockDeletingService#0] DEBUG block.SCMBlockDeletingService (SCMBlockDeletingService.java:shouldRun(251)) - Check scm block delete run: true serviceStatus: RUNNING safemodeExitRunDelayMillis: 3000 alreadyWaitTimeInMillis: 40301
2023-04-19 02:33:30,307 [SCMBlockDeletingService#0] DEBUG block.SCMBlockDeletingService (SCMBlockDeletingService.java:call(154)) - Running DeletedBlockTransactionScanner
2023-04-19 02:33:30,358 [BlockDeletingService#3] INFO  interfaces.ContainerDeletionChoosingPolicyTemplate (ContainerDeletionChoosingPolicyTemplate.java:chooseContainerForBlockDeletion(83)) - Chosen 0/5000 blocks from 0 candidate containers.
2023-04-19 02:33:30,358 [BlockDeletingService#7] INFO  interfaces.ContainerDeletionChoosingPolicyTemplate (ContainerDeletionChoosingPolicyTemplate.java:chooseContainerForBlockDeletion(83)) - Chosen 0/5000 blocks from 0 candidate containers.
2023-04-19 02:33:30,359 [BlockDeletingService#2] INFO  interfaces.ContainerDeletionChoosingPolicyTemplate (ContainerDeletionChoosingPolicyTemplate.java:chooseContainerForBlockDeletion(83)) - Chosen 0/5000 blocks from 0 candidate containers.
2023-04-19 02:33:30,407 [SCMBlockDeletingService#0] DEBUG block.SCMBlockDeletingService (SCMBlockDeletingService.java:shouldRun(251)) - Check scm block delete run: true serviceStatus: RUNNING safemodeExitRunDelayMillis: 3000 alreadyWaitTimeInMillis: 40401
2023-04-19 02:33:30,408 [SCMBlockDeletingService#0] DEBUG block.SCMBlockDeletingService (SCMBlockDeletingService.java:call(154)) - Running DeletedBlockTransactionScanner
2023-04-19 02:33:30,458 [BlockDeletingService#3] INFO  interfaces.ContainerDeletionChoosingPolicyTemplate (ContainerDeletionChoosingPolicyTemplate.java:chooseContainerForBlockDeletion(83)) - Chosen 0/5000 blocks from 0 candidate containers.
2023-04-19 02:33:30,459 [BlockDeletingService#7] INFO  interfaces.ContainerDeletionChoosingPolicyTemplate (ContainerDeletionChoosingPolicyTemplate.java:chooseContainerForBlockDeletion(83)) - Chosen 0/5000 blocks from 0 candidate containers.
2023-04-19 02:33:30,459 [BlockDeletingService#2] INFO  interfaces.ContainerDeletionChoosingPolicyTemplate (ContainerDeletionChoosingPolicyTemplate.java:chooseContainerForBlockDeletion(83)) - Chosen 0/5000 blocks from 0 candidate containers.
2023-04-19 02:33:30,507 [SCMBlockDeletingService#0] DEBUG block.SCMBlockDeletingService (SCMBlockDeletingService.java:shouldRun(251)) - Check scm block delete run: true serviceStatus: RUNNING safemodeExitRunDelayMillis: 3000 alreadyWaitTimeInMillis: 40501
2023-04-19 02:33:30,508 [SCMBlockDeletingService#0] DEBUG block.SCMBlockDeletingService (SCMBlockDeletingService.java:call(154)) - Running DeletedBlockTransactionScanner
2023-04-19 02:33:30,558 [BlockDeletingService#3] INFO  interfaces.ContainerDeletionChoosingPolicyTemplate (ContainerDeletionChoosingPolicyTemplate.java:chooseContainerForBlockDeletion(83)) - Chosen 0/5000 blocks from 0 candidate containers.
2023-04-19 02:33:30,559 [BlockDeletingService#7] INFO  interfaces.ContainerDeletionChoosingPolicyTemplate (ContainerDeletionChoosingPolicyTemplate.java:chooseContainerForBlockDeletion(83)) - Chosen 0/5000 blocks from 0 candidate containers.
2023-04-19 02:33:30,559 [BlockDeletingService#2] INFO  interfaces.ContainerDeletionChoosingPolicyTemplate (ContainerDeletionChoosingPolicyTemplate.java:chooseContainerForBlockDeletion(83)) - Chosen 0/5000 blocks from 0 candidate containers.
2023-04-19 02:33:30,607 [SCMBlockDeletingService#0] DEBUG block.SCMBlockDeletingService (SCMBlockDeletingService.java:shouldRun(251)) - Check scm block delete run: true serviceStatus: RUNNING safemodeExitRunDelayMillis: 3000 alreadyWaitTimeInMillis: 40601
2023-04-19 02:33:30,608 [SCMBlockDeletingService#0] DEBUG block.SCMBlockDeletingService (SCMBlockDeletingService.java:call(154)) - Running DeletedBlockTransactionScanner
2023-04-19 02:33:30,658 [BlockDeletingService#3] INFO  interfaces.ContainerDeletionChoosingPolicyTemplate (ContainerDeletionChoosingPolicyTemplate.java:chooseContainerForBlockDeletion(83)) - Chosen 0/5000 blocks from 0 candidate containers.
2023-04-19 02:33:30,659 [BlockDeletingService#7] INFO  interfaces.ContainerDeletionChoosingPolicyTemplate (ContainerDeletionChoosingPolicyTemplate.java:chooseContainerForBlockDeletion(83)) - Chosen 0/5000 blocks from 0 candidate containers.
2023-04-19 02:33:30,659 [BlockDeletingService#2] INFO  interfaces.ContainerDeletionChoosingPolicyTemplate (ContainerDeletionChoosingPolicyTemplate.java:chooseContainerForBlockDeletion(83)) - Chosen 0/5000 blocks from 0 candidate containers.
2023-04-19 02:33:30,708 [SCMBlockDeletingService#0] DEBUG block.SCMBlockDeletingService (SCMBlockDeletingService.java:shouldRun(251)) - Check scm block delete run: true serviceStatus: RUNNING safemodeExitRunDelayMillis: 3000 alreadyWaitTimeInMillis: 40702
2023-04-19 02:33:30,708 [SCMBlockDeletingService#0] DEBUG block.SCMBlockDeletingService (SCMBlockDeletingService.java:call(154)) - Running DeletedBlockTransactionScanner
2023-04-19 02:33:30,759 [BlockDeletingService#3] INFO  interfaces.ContainerDeletionChoosingPolicyTemplate (ContainerDeletionChoosingPolicyTemplate.java:chooseContainerForBlockDeletion(83)) - Chosen 0/5000 blocks from 0 candidate containers.
2023-04-19 02:33:30,759 [BlockDeletingService#7] INFO  interfaces.ContainerDeletionChoosingPolicyTemplate (ContainerDeletionChoosingPolicyTemplate.java:chooseContainerForBlockDeletion(83)) - Chosen 0/5000 blocks from 0 candidate containers.
2023-04-19 02:33:30,759 [BlockDeletingService#2] INFO  interfaces.ContainerDeletionChoosingPolicyTemplate (ContainerDeletionChoosingPolicyTemplate.java:chooseContainerForBlockDeletion(83)) - Chosen 0/5000 blocks from 0 candidate containers.
2023-04-19 02:33:30,808 [SCMBlockDeletingService#0] DEBUG block.SCMBlockDeletingService (SCMBlockDeletingService.java:shouldRun(251)) - Check scm block delete run: true serviceStatus: RUNNING safemodeExitRunDelayMillis: 3000 alreadyWaitTimeInMillis: 40802
2023-04-19 02:33:30,808 [SCMBlockDeletingService#0] DEBUG block.SCMBlockDeletingService (SCMBlockDeletingService.java:call(154)) - Running DeletedBlockTransactionScanner
2023-04-19 02:33:30,859 [BlockDeletingService#3] INFO  interfaces.ContainerDeletionChoosingPolicyTemplate (ContainerDeletionChoosingPolicyTemplate.java:chooseContainerForBlockDeletion(83)) - Chosen 0/5000 blocks from 0 candidate containers.
2023-04-19 02:33:30,859 [BlockDeletingService#7] INFO  interfaces.ContainerDeletionChoosingPolicyTemplate (ContainerDeletionChoosingPolicyTemplate.java:chooseContainerForBlockDeletion(83)) - Chosen 0/5000 blocks from 0 candidate containers.
2023-04-19 02:33:30,859 [BlockDeletingService#2] INFO  interfaces.ContainerDeletionChoosingPolicyTemplate (ContainerDeletionChoosingPolicyTemplate.java:chooseContainerForBlockDeletion(83)) - Chosen 0/5000 blocks from 0 candidate containers.
2023-04-19 02:33:30,908 [SCMBlockDeletingService#0] DEBUG block.SCMBlockDeletingService (SCMBlockDeletingService.java:shouldRun(251)) - Check scm block delete run: true serviceStatus: RUNNING safemodeExitRunDelayMillis: 3000 alreadyWaitTimeInMillis: 40902
2023-04-19 02:33:30,908 [SCMBlockDeletingService#0] DEBUG block.SCMBlockDeletingService (SCMBlockDeletingService.java:call(154)) - Running DeletedBlockTransactionScanner
2023-04-19 02:33:30,959 [BlockDeletingService#3] INFO  interfaces.ContainerDeletionChoosingPolicyTemplate (ContainerDeletionChoosingPolicyTemplate.java:chooseContainerForBlockDeletion(83)) - Chosen 0/5000 blocks from 0 candidate containers.
2023-04-19 02:33:30,959 [BlockDeletingService#7] INFO  interfaces.ContainerDeletionChoosingPolicyTemplate (ContainerDeletionChoosingPolicyTemplate.java:chooseContainerForBlockDeletion(83)) - Chosen 0/5000 blocks from 0 candidate containers.
2023-04-19 02:33:30,960 [BlockDeletingService#2] INFO  interfaces.ContainerDeletionChoosingPolicyTemplate (ContainerDeletionChoosingPolicyTemplate.java:chooseContainerForBlockDeletion(83)) - Chosen 0/5000 blocks from 0 candidate containers.
2023-04-19 02:33:31,008 [SCMBlockDeletingService#0] DEBUG block.SCMBlockDeletingService (SCMBlockDeletingService.java:shouldRun(251)) - Check scm block delete run: true serviceStatus: RUNNING safemodeExitRunDelayMillis: 3000 alreadyWaitTimeInMillis: 41002
2023-04-19 02:33:31,008 [SCMBlockDeletingService#0] DEBUG block.SCMBlockDeletingService (SCMBlockDeletingService.java:call(154)) - Running DeletedBlockTransactionScanner
2023-04-19 02:33:31,027 [Listener at 127.0.0.1/44187] INFO  volume.HddsVolume (HddsVolume.java:closeDbStore(437)) - SchemaV3 db is stopped at /home/runner/work/ozone/ozone/hadoop-ozone/integration-test/target/test-dir/MiniOzoneClusterImpl-07705c7f-5198-484a-bec5-3444dac2a9ed/datanode-1/data-0/containers/hdds/07705c7f-5198-484a-bec5-3444dac2a9ed/DS-f3e1b936-650d-4f5b-b062-06cc78705729/container.db for volume DS-f3e1b936-650d-4f5b-b062-06cc78705729
2023-04-19 02:33:31,028 [Listener at 127.0.0.1/44187] INFO  utils.BackgroundService (BackgroundService.java:shutdown(141)) - Shutting down service BlockDeletingService
2023-04-19 02:33:31,034 [ForkJoinPool.commonPool-worker-1] INFO  volume.HddsVolume (HddsVolume.java:closeDbStore(437)) - SchemaV3 db is stopped at /home/runner/work/ozone/ozone/hadoop-ozone/integration-test/target/test-dir/MiniOzoneClusterImpl-07705c7f-5198-484a-bec5-3444dac2a9ed/datanode-0/data-0/containers/hdds/07705c7f-5198-484a-bec5-3444dac2a9ed/DS-aa60553e-bd27-48b6-aba9-ee67be972fe8/container.db for volume DS-aa60553e-bd27-48b6-aba9-ee67be972fe8
2023-04-19 02:33:31,034 [ForkJoinPool.commonPool-worker-1] INFO  utils.BackgroundService (BackgroundService.java:shutdown(141)) - Shutting down service BlockDeletingService
2023-04-19 02:33:31,035 [Listener at 127.0.0.1/44187] INFO  utils.BackgroundService (BackgroundService.java:shutdown(141)) - Shutting down service StaleRecoveringContainerScrubbingService
2023-04-19 02:33:31,036 [ForkJoinPool.commonPool-worker-1] INFO  utils.BackgroundService (BackgroundService.java:shutdown(141)) - Shutting down service StaleRecoveringContainerScrubbingService
2023-04-19 02:33:31,039 [ForkJoinPool.commonPool-worker-1] INFO  statemachine.DatanodeStateMachine (DatanodeStateMachine.java:stopDaemon(601)) - Ozone container server stopped.
2023-04-19 02:33:31,039 [Listener at 127.0.0.1/44187] INFO  statemachine.DatanodeStateMachine (DatanodeStateMachine.java:stopDaemon(601)) - Ozone container server stopped.
2023-04-19 02:33:31,052 [Listener at 127.0.0.1/44187] INFO  handler.ContextHandler (ContextHandler.java:doStop(1159)) - Stopped o.e.j.w.WebAppContext@36a750d4{hddsDatanode,/,null,STOPPED}{jar:file:/home/runner/.m2/repository/org/apache/ozone/hdds-container-service/1.4.0-SNAPSHOT/hdds-container-service-1.4.0-SNAPSHOT.jar!/webapps/hddsDatanode}
2023-04-19 02:33:31,053 [Listener at 127.0.0.1/44187] INFO  server.AbstractConnector (AbstractConnector.java:doStop(383)) - Stopped ServerConnector@5e741bad{HTTP/1.1, (http/1.1)}{0.0.0.0:0}
2023-04-19 02:33:31,056 [Listener at 127.0.0.1/44187] INFO  server.session (HouseKeeper.java:stopScavenging(149)) - node0 Stopped scavenging
2023-04-19 02:33:31,056 [ForkJoinPool.commonPool-worker-1] INFO  handler.ContextHandler (ContextHandler.java:doStop(1159)) - Stopped o.e.j.w.WebAppContext@51edd0d{hddsDatanode,/,null,STOPPED}{jar:file:/home/runner/.m2/repository/org/apache/ozone/hdds-container-service/1.4.0-SNAPSHOT/hdds-container-service-1.4.0-SNAPSHOT.jar!/webapps/hddsDatanode}
2023-04-19 02:33:31,056 [Listener at 127.0.0.1/44187] INFO  handler.ContextHandler (ContextHandler.java:doStop(1159)) - Stopped o.e.j.s.ServletContextHandler@7b14cac6{static,/static,jar:file:/home/runner/.m2/repository/org/apache/ozone/hdds-container-service/1.4.0-SNAPSHOT/hdds-container-service-1.4.0-SNAPSHOT.jar!/webapps/static,STOPPED}
2023-04-19 02:33:31,057 [Listener at 127.0.0.1/44187] INFO  handler.ContextHandler (ContextHandler.java:doStop(1159)) - Stopped o.e.j.s.ServletContextHandler@288af9bf{logs,/logs,file:///home/runner/work/ozone/ozone/hadoop-ozone/integration-test/target/log,STOPPED}
2023-04-19 02:33:31,060 [BlockDeletingService#2] INFO  interfaces.ContainerDeletionChoosingPolicyTemplate (ContainerDeletionChoosingPolicyTemplate.java:chooseContainerForBlockDeletion(83)) - Chosen 0/5000 blocks from 0 candidate containers.
2023-04-19 02:33:31,060 [ForkJoinPool.commonPool-worker-1] INFO  server.AbstractConnector (AbstractConnector.java:doStop(383)) - Stopped ServerConnector@51b0fd9f{HTTP/1.1, (http/1.1)}{0.0.0.0:0}
2023-04-19 02:33:31,061 [ForkJoinPool.commonPool-worker-1] INFO  server.session (HouseKeeper.java:stopScavenging(149)) - node0 Stopped scavenging
2023-04-19 02:33:31,062 [Listener at 127.0.0.1/44187] INFO  ozoneimpl.OzoneContainer (OzoneContainer.java:stop(419)) - Attempting to stop container services.
2023-04-19 02:33:31,065 [ForkJoinPool.commonPool-worker-1] INFO  handler.ContextHandler (ContextHandler.java:doStop(1159)) - Stopped o.e.j.s.ServletContextHandler@7e61ac31{static,/static,jar:file:/home/runner/.m2/repository/org/apache/ozone/hdds-container-service/1.4.0-SNAPSHOT/hdds-container-service-1.4.0-SNAPSHOT.jar!/webapps/static,STOPPED}
2023-04-19 02:33:31,065 [Listener at 127.0.0.1/44187] INFO  server.RaftServer (RaftServerProxy.java:lambda$close$6(409)) - bc0378cf-3bdb-433c-bc8f-db90f0932c02: close
2023-04-19 02:33:31,066 [bc0378cf-3bdb-433c-bc8f-db90f0932c02-impl-thread1] INFO  server.RaftServer$Division (RaftServerImpl.java:lambda$close$4(458)) - bc0378cf-3bdb-433c-bc8f-db90f0932c02@group-7A7BEC77320F: shutdown
2023-04-19 02:33:31,066 [bc0378cf-3bdb-433c-bc8f-db90f0932c02-impl-thread1] INFO  util.JmxRegister (JmxRegister.java:unregister(73)) - Successfully un-registered JMX Bean with object name Ratis:service=RaftServer,group=group-7A7BEC77320F,id=bc0378cf-3bdb-433c-bc8f-db90f0932c02
2023-04-19 02:33:31,066 [bc0378cf-3bdb-433c-bc8f-db90f0932c02-impl-thread1] INFO  impl.RoleInfo (RoleInfo.java:shutdownFollowerState(110)) - bc0378cf-3bdb-433c-bc8f-db90f0932c02: shutdown bc0378cf-3bdb-433c-bc8f-db90f0932c02@group-7A7BEC77320F-FollowerState
2023-04-19 02:33:31,066 [bc0378cf-3bdb-433c-bc8f-db90f0932c02-impl-thread1] INFO  impl.StateMachineUpdater (StateMachineUpdater.java:stopAndJoin(153)) - bc0378cf-3bdb-433c-bc8f-db90f0932c02@group-7A7BEC77320F-StateMachineUpdater: set stopIndex = 102
2023-04-19 02:33:31,066 [bc0378cf-3bdb-433c-bc8f-db90f0932c02@group-7A7BEC77320F-FollowerState] INFO  impl.FollowerState (FollowerState.java:run(152)) - bc0378cf-3bdb-433c-bc8f-db90f0932c02@group-7A7BEC77320F-FollowerState was interrupted
2023-04-19 02:33:31,067 [bc0378cf-3bdb-433c-bc8f-db90f0932c02@group-7A7BEC77320F-StateMachineUpdater] INFO  ratis.ContainerStateMachine (ContainerStateMachine.java:takeSnapshot(330)) - group-7A7BEC77320F: Taking a snapshot at:(t:1, i:102) file /home/runner/work/ozone/ozone/hadoop-ozone/integration-test/target/test-dir/MiniOzoneClusterImpl-07705c7f-5198-484a-bec5-3444dac2a9ed/datanode-2/data/ratis/47ca2eb6-cbc1-4dd0-8b98-7a7bec77320f/sm/snapshot.1_102
2023-04-19 02:33:31,066 [ForkJoinPool.commonPool-worker-1] INFO  handler.ContextHandler (ContextHandler.java:doStop(1159)) - Stopped o.e.j.s.ServletContextHandler@5af11725{logs,/logs,file:///home/runner/work/ozone/ozone/hadoop-ozone/integration-test/target/log,STOPPED}
2023-04-19 02:33:31,067 [Listener at 127.0.0.1/44187] INFO  server.GrpcService (GrpcService.java:closeImpl(271)) - bc0378cf-3bdb-433c-bc8f-db90f0932c02: shutdown server GrpcServerProtocolService now
2023-04-19 02:33:31,068 [bc0378cf-3bdb-433c-bc8f-db90f0932c02@group-7A7BEC77320F-StateMachineUpdater] INFO  ratis.ContainerStateMachine (ContainerStateMachine.java:takeSnapshot(341)) - group-7A7BEC77320F: Finished taking a snapshot at:(t:1, i:102) file:/home/runner/work/ozone/ozone/hadoop-ozone/integration-test/target/test-dir/MiniOzoneClusterImpl-07705c7f-5198-484a-bec5-3444dac2a9ed/datanode-2/data/ratis/47ca2eb6-cbc1-4dd0-8b98-7a7bec77320f/sm/snapshot.1_102 took: 2 ms
2023-04-19 02:33:31,069 [bc0378cf-3bdb-433c-bc8f-db90f0932c02@group-7A7BEC77320F-StateMachineUpdater] INFO  impl.StateMachineUpdater (StateMachineUpdater.java:takeSnapshot(287)) - bc0378cf-3bdb-433c-bc8f-db90f0932c02@group-7A7BEC77320F-StateMachineUpdater: Took a snapshot at index 102
2023-04-19 02:33:31,069 [bc0378cf-3bdb-433c-bc8f-db90f0932c02@group-7A7BEC77320F-StateMachineUpdater] INFO  impl.StateMachineUpdater (StateMachineUpdater.java:lambda$new$0(92)) - bc0378cf-3bdb-433c-bc8f-db90f0932c02@group-7A7BEC77320F-StateMachineUpdater: snapshotIndex: updateIncreasingly -1 -> 102
2023-04-19 02:33:31,069 [bc0378cf-3bdb-433c-bc8f-db90f0932c02-impl-thread1] INFO  server.RaftServer$Division (ServerState.java:close(466)) - bc0378cf-3bdb-433c-bc8f-db90f0932c02@group-7A7BEC77320F: closes. applyIndex: 102
2023-04-19 02:33:31,075 [bc0378cf-3bdb-433c-bc8f-db90f0932c02@group-7A7BEC77320F-SegmentedRaftLogWorker] INFO  segmented.SegmentedRaftLogWorker (SegmentedRaftLogWorker.java:run(347)) - bc0378cf-3bdb-433c-bc8f-db90f0932c02@group-7A7BEC77320F-SegmentedRaftLogWorker was interrupted, exiting. There are 0 tasks remaining in the queue.
2023-04-19 02:33:31,075 [bc0378cf-3bdb-433c-bc8f-db90f0932c02-impl-thread1] INFO  segmented.SegmentedRaftLogWorker (SegmentedRaftLogWorker.java:close(257)) - bc0378cf-3bdb-433c-bc8f-db90f0932c02@group-7A7BEC77320F-SegmentedRaftLogWorker close()
2023-04-19 02:33:31,074 [Listener at 127.0.0.1/44187] INFO  server.GrpcService (GrpcService.java:closeImpl(280)) - bc0378cf-3bdb-433c-bc8f-db90f0932c02: shutdown server GrpcServerProtocolService successfully
2023-04-19 02:33:31,076 [bc0378cf-3bdb-433c-bc8f-db90f0932c02-NettyServerStreamRpc-bossGroup--thread1] INFO  logging.LoggingHandler (AbstractInternalLogger.java:log(148)) - [id: 0xc2aef06f, L:/0:0:0:0:0:0:0:0:44687] CLOSE
2023-04-19 02:33:31,076 [bc0378cf-3bdb-433c-bc8f-db90f0932c02-NettyServerStreamRpc-bossGroup--thread1] INFO  logging.LoggingHandler (AbstractInternalLogger.java:log(148)) - [id: 0xc2aef06f, L:/0:0:0:0:0:0:0:0:44687] INACTIVE
2023-04-19 02:33:31,076 [bc0378cf-3bdb-433c-bc8f-db90f0932c02-NettyServerStreamRpc-bossGroup--thread1] INFO  logging.LoggingHandler (AbstractInternalLogger.java:log(148)) - [id: 0xc2aef06f, L:/0:0:0:0:0:0:0:0:44687] UNREGISTERED
2023-04-19 02:33:31,099 [JvmPauseMonitor7] INFO  util.JvmPauseMonitor (JvmPauseMonitor.java:run(111)) - JvmPauseMonitor-bc0378cf-3bdb-433c-bc8f-db90f0932c02: Stopped
2023-04-19 02:33:31,108 [SCMBlockDeletingService#0] DEBUG block.SCMBlockDeletingService (SCMBlockDeletingService.java:shouldRun(251)) - Check scm block delete run: true serviceStatus: RUNNING safemodeExitRunDelayMillis: 3000 alreadyWaitTimeInMillis: 41102
2023-04-19 02:33:31,108 [SCMBlockDeletingService#0] DEBUG block.SCMBlockDeletingService (SCMBlockDeletingService.java:call(154)) - Running DeletedBlockTransactionScanner
2023-04-19 02:33:31,160 [BlockDeletingService#2] INFO  interfaces.ContainerDeletionChoosingPolicyTemplate (ContainerDeletionChoosingPolicyTemplate.java:chooseContainerForBlockDeletion(83)) - Chosen 0/5000 blocks from 0 candidate containers.
2023-04-19 02:33:31,208 [SCMBlockDeletingService#0] DEBUG block.SCMBlockDeletingService (SCMBlockDeletingService.java:shouldRun(251)) - Check scm block delete run: true serviceStatus: RUNNING safemodeExitRunDelayMillis: 3000 alreadyWaitTimeInMillis: 41202
2023-04-19 02:33:31,208 [SCMBlockDeletingService#0] DEBUG block.SCMBlockDeletingService (SCMBlockDeletingService.java:call(154)) - Running DeletedBlockTransactionScanner
2023-04-19 02:33:31,260 [BlockDeletingService#2] INFO  interfaces.ContainerDeletionChoosingPolicyTemplate (ContainerDeletionChoosingPolicyTemplate.java:chooseContainerForBlockDeletion(83)) - Chosen 0/5000 blocks from 0 candidate containers.
2023-04-19 02:33:31,308 [SCMBlockDeletingService#0] DEBUG block.SCMBlockDeletingService (SCMBlockDeletingService.java:shouldRun(251)) - Check scm block delete run: true serviceStatus: RUNNING safemodeExitRunDelayMillis: 3000 alreadyWaitTimeInMillis: 41302
2023-04-19 02:33:31,308 [SCMBlockDeletingService#0] DEBUG block.SCMBlockDeletingService (SCMBlockDeletingService.java:call(154)) - Running DeletedBlockTransactionScanner
2023-04-19 02:33:31,360 [BlockDeletingService#2] INFO  interfaces.ContainerDeletionChoosingPolicyTemplate (ContainerDeletionChoosingPolicyTemplate.java:chooseContainerForBlockDeletion(83)) - Chosen 0/5000 blocks from 0 candidate containers.
2023-04-19 02:33:31,408 [SCMBlockDeletingService#0] DEBUG block.SCMBlockDeletingService (SCMBlockDeletingService.java:shouldRun(251)) - Check scm block delete run: true serviceStatus: RUNNING safemodeExitRunDelayMillis: 3000 alreadyWaitTimeInMillis: 41402
2023-04-19 02:33:31,408 [SCMBlockDeletingService#0] DEBUG block.SCMBlockDeletingService (SCMBlockDeletingService.java:call(154)) - Running DeletedBlockTransactionScanner
2023-04-19 02:33:31,461 [BlockDeletingService#2] INFO  interfaces.ContainerDeletionChoosingPolicyTemplate (ContainerDeletionChoosingPolicyTemplate.java:chooseContainerForBlockDeletion(83)) - Chosen 0/5000 blocks from 0 candidate containers.
2023-04-19 02:33:31,508 [SCMBlockDeletingService#0] DEBUG block.SCMBlockDeletingService (SCMBlockDeletingService.java:shouldRun(251)) - Check scm block delete run: true serviceStatus: RUNNING safemodeExitRunDelayMillis: 3000 alreadyWaitTimeInMillis: 41502
2023-04-19 02:33:31,508 [SCMBlockDeletingService#0] DEBUG block.SCMBlockDeletingService (SCMBlockDeletingService.java:call(154)) - Running DeletedBlockTransactionScanner
2023-04-19 02:33:31,561 [BlockDeletingService#2] INFO  interfaces.ContainerDeletionChoosingPolicyTemplate (ContainerDeletionChoosingPolicyTemplate.java:chooseContainerForBlockDeletion(83)) - Chosen 0/5000 blocks from 0 candidate containers.
2023-04-19 02:33:31,608 [SCMBlockDeletingService#0] DEBUG block.SCMBlockDeletingService (SCMBlockDeletingService.java:shouldRun(251)) - Check scm block delete run: true serviceStatus: RUNNING safemodeExitRunDelayMillis: 3000 alreadyWaitTimeInMillis: 41602
2023-04-19 02:33:31,609 [SCMBlockDeletingService#0] DEBUG block.SCMBlockDeletingService (SCMBlockDeletingService.java:call(154)) - Running DeletedBlockTransactionScanner
2023-04-19 02:33:31,661 [BlockDeletingService#2] INFO  interfaces.ContainerDeletionChoosingPolicyTemplate (ContainerDeletionChoosingPolicyTemplate.java:chooseContainerForBlockDeletion(83)) - Chosen 0/5000 blocks from 0 candidate containers.
2023-04-19 02:33:31,709 [SCMBlockDeletingService#0] DEBUG block.SCMBlockDeletingService (SCMBlockDeletingService.java:shouldRun(251)) - Check scm block delete run: true serviceStatus: RUNNING safemodeExitRunDelayMillis: 3000 alreadyWaitTimeInMillis: 41703
2023-04-19 02:33:31,709 [SCMBlockDeletingService#0] DEBUG block.SCMBlockDeletingService (SCMBlockDeletingService.java:call(154)) - Running DeletedBlockTransactionScanner
2023-04-19 02:33:31,761 [BlockDeletingService#2] INFO  interfaces.ContainerDeletionChoosingPolicyTemplate (ContainerDeletionChoosingPolicyTemplate.java:chooseContainerForBlockDeletion(83)) - Chosen 0/5000 blocks from 0 candidate containers.
2023-04-19 02:33:31,809 [SCMBlockDeletingService#0] DEBUG block.SCMBlockDeletingService (SCMBlockDeletingService.java:shouldRun(251)) - Check scm block delete run: true serviceStatus: RUNNING safemodeExitRunDelayMillis: 3000 alreadyWaitTimeInMillis: 41803
2023-04-19 02:33:31,809 [SCMBlockDeletingService#0] DEBUG block.SCMBlockDeletingService (SCMBlockDeletingService.java:call(154)) - Running DeletedBlockTransactionScanner
2023-04-19 02:33:31,814 [EventQueue-StaleNodeForStaleNodeHandler] INFO  node.StaleNodeHandler (StaleNodeHandler.java:onMessage(59)) - Datanode 15488c1c-ff1a-49f6-9596-cf663845e1ec(fv-az127-56.h3uyzbqov44edfyrgkjongjtha.bx.internal.cloudapp.net/10.1.164.0) moved to stale state. Finalizing its pipelines [PipelineID=47ca2eb6-cbc1-4dd0-8b98-7a7bec77320f]
2023-04-19 02:33:31,815 [EventQueue-StaleNodeForStaleNodeHandler] INFO  pipeline.PipelineManagerImpl (PipelineManagerImpl.java:closePipeline(442)) - Pipeline Pipeline[ Id: 47ca2eb6-cbc1-4dd0-8b98-7a7bec77320f, Nodes: bc0378cf-3bdb-433c-bc8f-db90f0932c02(fv-az127-56.h3uyzbqov44edfyrgkjongjtha.bx.internal.cloudapp.net/10.1.164.0)15488c1c-ff1a-49f6-9596-cf663845e1ec(fv-az127-56.h3uyzbqov44edfyrgkjongjtha.bx.internal.cloudapp.net/10.1.164.0)4b35ffa0-8f73-49c2-95c0-d3e82f30c132(fv-az127-56.h3uyzbqov44edfyrgkjongjtha.bx.internal.cloudapp.net/10.1.164.0), ReplicationConfig: RATIS/THREE, State:OPEN, leaderId:15488c1c-ff1a-49f6-9596-cf663845e1ec, CreationTimestamp2023-04-19T02:32:42.478Z[Etc/UTC]] moved to CLOSED state
2023-04-19 02:33:31,815 [EventQueue-StaleNodeForStaleNodeHandler] INFO  node.StaleNodeHandler (StaleNodeHandler.java:onMessage(59)) - Datanode 4b35ffa0-8f73-49c2-95c0-d3e82f30c132(fv-az127-56.h3uyzbqov44edfyrgkjongjtha.bx.internal.cloudapp.net/10.1.164.0) moved to stale state. Finalizing its pipelines [PipelineID=47ca2eb6-cbc1-4dd0-8b98-7a7bec77320f]
2023-04-19 02:33:31,862 [BlockDeletingService#2] INFO  interfaces.ContainerDeletionChoosingPolicyTemplate (ContainerDeletionChoosingPolicyTemplate.java:chooseContainerForBlockDeletion(83)) - Chosen 0/5000 blocks from 0 candidate containers.
2023-04-19 02:33:31,909 [SCMBlockDeletingService#0] DEBUG block.SCMBlockDeletingService (SCMBlockDeletingService.java:shouldRun(251)) - Check scm block delete run: true serviceStatus: RUNNING safemodeExitRunDelayMillis: 3000 alreadyWaitTimeInMillis: 41903
2023-04-19 02:33:31,909 [SCMBlockDeletingService#0] DEBUG block.SCMBlockDeletingService (SCMBlockDeletingService.java:call(154)) - Running DeletedBlockTransactionScanner
2023-04-19 02:33:31,962 [BlockDeletingService#2] INFO  interfaces.ContainerDeletionChoosingPolicyTemplate (ContainerDeletionChoosingPolicyTemplate.java:chooseContainerForBlockDeletion(83)) - Chosen 0/5000 blocks from 0 candidate containers.
2023-04-19 02:33:32,009 [SCMBlockDeletingService#0] DEBUG block.SCMBlockDeletingService (SCMBlockDeletingService.java:shouldRun(251)) - Check scm block delete run: true serviceStatus: RUNNING safemodeExitRunDelayMillis: 3000 alreadyWaitTimeInMillis: 42003
2023-04-19 02:33:32,009 [SCMBlockDeletingService#0] DEBUG block.SCMBlockDeletingService (SCMBlockDeletingService.java:call(154)) - Running DeletedBlockTransactionScanner
2023-04-19 02:33:32,063 [BlockDeletingService#2] INFO  interfaces.ContainerDeletionChoosingPolicyTemplate (ContainerDeletionChoosingPolicyTemplate.java:chooseContainerForBlockDeletion(83)) - Chosen 0/5000 blocks from 0 candidate containers.
2023-04-19 02:33:32,109 [SCMBlockDeletingService#0] DEBUG block.SCMBlockDeletingService (SCMBlockDeletingService.java:shouldRun(251)) - Check scm block delete run: true serviceStatus: RUNNING safemodeExitRunDelayMillis: 3000 alreadyWaitTimeInMillis: 42103
2023-04-19 02:33:32,109 [SCMBlockDeletingService#0] DEBUG block.SCMBlockDeletingService (SCMBlockDeletingService.java:call(154)) - Running DeletedBlockTransactionScanner
2023-04-19 02:33:32,163 [BlockDeletingService#2] INFO  interfaces.ContainerDeletionChoosingPolicyTemplate (ContainerDeletionChoosingPolicyTemplate.java:chooseContainerForBlockDeletion(83)) - Chosen 0/5000 blocks from 0 candidate containers.
2023-04-19 02:33:32,209 [SCMBlockDeletingService#0] DEBUG block.SCMBlockDeletingService (SCMBlockDeletingService.java:shouldRun(251)) - Check scm block delete run: true serviceStatus: RUNNING safemodeExitRunDelayMillis: 3000 alreadyWaitTimeInMillis: 42203
2023-04-19 02:33:32,209 [SCMBlockDeletingService#0] DEBUG block.SCMBlockDeletingService (SCMBlockDeletingService.java:call(154)) - Running DeletedBlockTransactionScanner
2023-04-19 02:33:32,263 [BlockDeletingService#2] INFO  interfaces.ContainerDeletionChoosingPolicyTemplate (ContainerDeletionChoosingPolicyTemplate.java:chooseContainerForBlockDeletion(83)) - Chosen 0/5000 blocks from 0 candidate containers.
2023-04-19 02:33:32,309 [SCMBlockDeletingService#0] DEBUG block.SCMBlockDeletingService (SCMBlockDeletingService.java:shouldRun(251)) - Check scm block delete run: true serviceStatus: RUNNING safemodeExitRunDelayMillis: 3000 alreadyWaitTimeInMillis: 42303
2023-04-19 02:33:32,309 [SCMBlockDeletingService#0] DEBUG block.SCMBlockDeletingService (SCMBlockDeletingService.java:call(154)) - Running DeletedBlockTransactionScanner
2023-04-19 02:33:32,363 [BlockDeletingService#2] INFO  interfaces.ContainerDeletionChoosingPolicyTemplate (ContainerDeletionChoosingPolicyTemplate.java:chooseContainerForBlockDeletion(83)) - Chosen 0/5000 blocks from 0 candidate containers.
2023-04-19 02:33:32,409 [SCMBlockDeletingService#0] DEBUG block.SCMBlockDeletingService (SCMBlockDeletingService.java:shouldRun(251)) - Check scm block delete run: true serviceStatus: RUNNING safemodeExitRunDelayMillis: 3000 alreadyWaitTimeInMillis: 42403
2023-04-19 02:33:32,409 [SCMBlockDeletingService#0] DEBUG block.SCMBlockDeletingService (SCMBlockDeletingService.java:call(154)) - Running DeletedBlockTransactionScanner
2023-04-19 02:33:32,464 [BlockDeletingService#2] INFO  interfaces.ContainerDeletionChoosingPolicyTemplate (ContainerDeletionChoosingPolicyTemplate.java:chooseContainerForBlockDeletion(83)) - Chosen 0/5000 blocks from 0 candidate containers.
2023-04-19 02:33:32,509 [SCMBlockDeletingService#0] DEBUG block.SCMBlockDeletingService (SCMBlockDeletingService.java:shouldRun(251)) - Check scm block delete run: true serviceStatus: RUNNING safemodeExitRunDelayMillis: 3000 alreadyWaitTimeInMillis: 42503
2023-04-19 02:33:32,509 [SCMBlockDeletingService#0] DEBUG block.SCMBlockDeletingService (SCMBlockDeletingService.java:call(154)) - Running DeletedBlockTransactionScanner
2023-04-19 02:33:32,564 [BlockDeletingService#2] INFO  interfaces.ContainerDeletionChoosingPolicyTemplate (ContainerDeletionChoosingPolicyTemplate.java:chooseContainerForBlockDeletion(83)) - Chosen 0/5000 blocks from 0 candidate containers.
2023-04-19 02:33:32,609 [SCMBlockDeletingService#0] DEBUG block.SCMBlockDeletingService (SCMBlockDeletingService.java:shouldRun(251)) - Check scm block delete run: true serviceStatus: RUNNING safemodeExitRunDelayMillis: 3000 alreadyWaitTimeInMillis: 42603
2023-04-19 02:33:32,610 [SCMBlockDeletingService#0] DEBUG block.SCMBlockDeletingService (SCMBlockDeletingService.java:call(154)) - Running DeletedBlockTransactionScanner
2023-04-19 02:33:32,664 [BlockDeletingService#2] INFO  interfaces.ContainerDeletionChoosingPolicyTemplate (ContainerDeletionChoosingPolicyTemplate.java:chooseContainerForBlockDeletion(83)) - Chosen 0/5000 blocks from 0 candidate containers.
2023-04-19 02:33:32,709 [SCMBlockDeletingService#0] DEBUG block.SCMBlockDeletingService (SCMBlockDeletingService.java:shouldRun(251)) - Check scm block delete run: true serviceStatus: RUNNING safemodeExitRunDelayMillis: 3000 alreadyWaitTimeInMillis: 42703
2023-04-19 02:33:32,710 [SCMBlockDeletingService#0] DEBUG block.SCMBlockDeletingService (SCMBlockDeletingService.java:call(154)) - Running DeletedBlockTransactionScanner
2023-04-19 02:33:32,764 [BlockDeletingService#2] INFO  interfaces.ContainerDeletionChoosingPolicyTemplate (ContainerDeletionChoosingPolicyTemplate.java:chooseContainerForBlockDeletion(83)) - Chosen 0/5000 blocks from 0 candidate containers.
2023-04-19 02:33:32,810 [SCMBlockDeletingService#0] DEBUG block.SCMBlockDeletingService (SCMBlockDeletingService.java:shouldRun(251)) - Check scm block delete run: true serviceStatus: RUNNING safemodeExitRunDelayMillis: 3000 alreadyWaitTimeInMillis: 42804
2023-04-19 02:33:32,810 [SCMBlockDeletingService#0] DEBUG block.SCMBlockDeletingService (SCMBlockDeletingService.java:call(154)) - Running DeletedBlockTransactionScanner
2023-04-19 02:33:32,864 [BlockDeletingService#2] INFO  interfaces.ContainerDeletionChoosingPolicyTemplate (ContainerDeletionChoosingPolicyTemplate.java:chooseContainerForBlockDeletion(83)) - Chosen 0/5000 blocks from 0 candidate containers.
2023-04-19 02:33:32,910 [SCMBlockDeletingService#0] DEBUG block.SCMBlockDeletingService (SCMBlockDeletingService.java:shouldRun(251)) - Check scm block delete run: true serviceStatus: RUNNING safemodeExitRunDelayMillis: 3000 alreadyWaitTimeInMillis: 42904
2023-04-19 02:33:32,910 [SCMBlockDeletingService#0] DEBUG block.SCMBlockDeletingService (SCMBlockDeletingService.java:call(154)) - Running DeletedBlockTransactionScanner
2023-04-19 02:33:32,965 [BlockDeletingService#2] INFO  interfaces.ContainerDeletionChoosingPolicyTemplate (ContainerDeletionChoosingPolicyTemplate.java:chooseContainerForBlockDeletion(83)) - Chosen 0/5000 blocks from 0 candidate containers.
2023-04-19 02:33:33,010 [SCMBlockDeletingService#0] DEBUG block.SCMBlockDeletingService (SCMBlockDeletingService.java:shouldRun(251)) - Check scm block delete run: true serviceStatus: RUNNING safemodeExitRunDelayMillis: 3000 alreadyWaitTimeInMillis: 43004
2023-04-19 02:33:33,010 [SCMBlockDeletingService#0] DEBUG block.SCMBlockDeletingService (SCMBlockDeletingService.java:call(154)) - Running DeletedBlockTransactionScanner
2023-04-19 02:33:33,065 [BlockDeletingService#2] INFO  interfaces.ContainerDeletionChoosingPolicyTemplate (ContainerDeletionChoosingPolicyTemplate.java:chooseContainerForBlockDeletion(83)) - Chosen 0/5000 blocks from 0 candidate containers.
2023-04-19 02:33:33,104 [Listener at 127.0.0.1/44187] INFO  volume.HddsVolume (HddsVolume.java:closeDbStore(437)) - SchemaV3 db is stopped at /home/runner/work/ozone/ozone/hadoop-ozone/integration-test/target/test-dir/MiniOzoneClusterImpl-07705c7f-5198-484a-bec5-3444dac2a9ed/datanode-2/data-0/containers/hdds/07705c7f-5198-484a-bec5-3444dac2a9ed/DS-317296e9-20c9-41d6-a183-44adb7fbefac/container.db for volume DS-317296e9-20c9-41d6-a183-44adb7fbefac
2023-04-19 02:33:33,104 [Listener at 127.0.0.1/44187] INFO  utils.BackgroundService (BackgroundService.java:shutdown(141)) - Shutting down service BlockDeletingService
2023-04-19 02:33:33,107 [Listener at 127.0.0.1/44187] INFO  utils.BackgroundService (BackgroundService.java:shutdown(141)) - Shutting down service StaleRecoveringContainerScrubbingService
2023-04-19 02:33:33,109 [Listener at 127.0.0.1/44187] INFO  statemachine.DatanodeStateMachine (DatanodeStateMachine.java:stopDaemon(601)) - Ozone container server stopped.
2023-04-19 02:33:33,112 [SCMBlockDeletingService#0] DEBUG block.SCMBlockDeletingService (SCMBlockDeletingService.java:shouldRun(251)) - Check scm block delete run: true serviceStatus: RUNNING safemodeExitRunDelayMillis: 3000 alreadyWaitTimeInMillis: 43106
2023-04-19 02:33:33,112 [SCMBlockDeletingService#0] DEBUG block.SCMBlockDeletingService (SCMBlockDeletingService.java:call(154)) - Running DeletedBlockTransactionScanner
2023-04-19 02:33:33,120 [Listener at 127.0.0.1/44187] INFO  handler.ContextHandler (ContextHandler.java:doStop(1159)) - Stopped o.e.j.w.WebAppContext@48ff452{hddsDatanode,/,null,STOPPED}{jar:file:/home/runner/.m2/repository/org/apache/ozone/hdds-container-service/1.4.0-SNAPSHOT/hdds-container-service-1.4.0-SNAPSHOT.jar!/webapps/hddsDatanode}
2023-04-19 02:33:33,121 [Listener at 127.0.0.1/44187] INFO  server.AbstractConnector (AbstractConnector.java:doStop(383)) - Stopped ServerConnector@61af54da{HTTP/1.1, (http/1.1)}{0.0.0.0:0}
2023-04-19 02:33:33,121 [Listener at 127.0.0.1/44187] INFO  server.session (HouseKeeper.java:stopScavenging(149)) - node0 Stopped scavenging
2023-04-19 02:33:33,121 [Listener at 127.0.0.1/44187] INFO  handler.ContextHandler (ContextHandler.java:doStop(1159)) - Stopped o.e.j.s.ServletContextHandler@17de104d{static,/static,jar:file:/home/runner/.m2/repository/org/apache/ozone/hdds-container-service/1.4.0-SNAPSHOT/hdds-container-service-1.4.0-SNAPSHOT.jar!/webapps/static,STOPPED}
2023-04-19 02:33:33,122 [Listener at 127.0.0.1/44187] INFO  handler.ContextHandler (ContextHandler.java:doStop(1159)) - Stopped o.e.j.s.ServletContextHandler@13eca161{logs,/logs,file:///home/runner/work/ozone/ozone/hadoop-ozone/integration-test/target/log,STOPPED}
2023-04-19 02:33:33,123 [Listener at 127.0.0.1/44187] INFO  ozone.MiniOzoneClusterImpl (MiniOzoneClusterImpl.java:stopSCM(549)) - Stopping the StorageContainerManager
2023-04-19 02:33:33,123 [Listener at 127.0.0.1/44187] INFO  server.StorageContainerManager (StorageContainerManager.java:stop(1578)) - Container Balancer is not running.
2023-04-19 02:33:33,123 [Listener at 127.0.0.1/44187] INFO  server.StorageContainerManager (StorageContainerManager.java:stopReplicationManager(1709)) - Stopping Replication Manager Service.
2023-04-19 02:33:33,123 [Listener at 127.0.0.1/44187] INFO  replication.ReplicationManager (ReplicationManager.java:stop(321)) - Stopping Replication Monitor Thread.
2023-04-19 02:33:33,124 [Under Replicated Processor] WARN  replication.UnhealthyReplicationProcessor (UnhealthyReplicationProcessor.java:run(146)) - Under Replicated Processor interrupted. Exiting...
2023-04-19 02:33:33,124 [Listener at 127.0.0.1/44187] INFO  server.StorageContainerManager (StorageContainerManager.java:stop(1587)) - Stopping the Datanode Admin Monitor.
2023-04-19 02:33:33,124 [Over Replicated Processor] WARN  replication.UnhealthyReplicationProcessor (UnhealthyReplicationProcessor.java:run(146)) - Over Replicated Processor interrupted. Exiting...
2023-04-19 02:33:33,124 [Listener at 127.0.0.1/44187] INFO  server.StorageContainerManager (StorageContainerManager.java:stop(1594)) - Stopping datanode service RPC server
2023-04-19 02:33:33,124 [Listener at 127.0.0.1/44187] INFO  server.SCMDatanodeProtocolServer (SCMDatanodeProtocolServer.java:stop(424)) - Stopping the RPC server for DataNodes
2023-04-19 02:33:33,124 [ReplicationMonitor] INFO  replication.ReplicationManager (ReplicationManager.java:run(975)) - Replication Monitor Thread is stopped
2023-04-19 02:33:33,124 [Listener at 127.0.0.1/44187] INFO  ipc.Server (Server.java:stop(3501)) - Stopping server on 40595
2023-04-19 02:33:33,127 [IPC Server listener on 0] INFO  ipc.Server (Server.java:run(1430)) - Stopping IPC Server listener on 0
2023-04-19 02:33:33,127 [IPC Server Responder] INFO  ipc.Server (Server.java:run(1563)) - Stopping IPC Server Responder
2023-04-19 02:33:33,212 [SCMBlockDeletingService#0] DEBUG block.SCMBlockDeletingService (SCMBlockDeletingService.java:shouldRun(251)) - Check scm block delete run: true serviceStatus: RUNNING safemodeExitRunDelayMillis: 3000 alreadyWaitTimeInMillis: 43206
2023-04-19 02:33:33,212 [SCMBlockDeletingService#0] DEBUG block.SCMBlockDeletingService (SCMBlockDeletingService.java:call(154)) - Running DeletedBlockTransactionScanner
2023-04-19 02:33:33,216 [SCM Heartbeat Processing Thread - 0] WARN  node.NodeStateManager (NodeStateManager.java:scheduleNextHealthCheck(870)) - Current Thread is interrupted, shutting down HB processing thread for Node Manager.
2023-04-19 02:33:33,216 [Listener at 127.0.0.1/44187] INFO  server.StorageContainerManager (StorageContainerManager.java:stop(1602)) - Stopping block service RPC server
2023-04-19 02:33:33,216 [Listener at 127.0.0.1/44187] INFO  server.SCMBlockProtocolServer (SCMBlockProtocolServer.java:stop(161)) - Stopping the RPC server for Block Protocol
2023-04-19 02:33:33,216 [Listener at 127.0.0.1/44187] INFO  ipc.Server (Server.java:stop(3501)) - Stopping server on 46503
2023-04-19 02:33:33,219 [IPC Server listener on 0] INFO  ipc.Server (Server.java:run(1430)) - Stopping IPC Server listener on 0
2023-04-19 02:33:33,219 [IPC Server Responder] INFO  ipc.Server (Server.java:run(1563)) - Stopping IPC Server Responder
2023-04-19 02:33:33,219 [Listener at 127.0.0.1/44187] INFO  server.StorageContainerManager (StorageContainerManager.java:stop(1609)) - Stopping the StorageContainerLocationProtocol RPC server
2023-04-19 02:33:33,220 [Listener at 127.0.0.1/44187] INFO  server.SCMClientProtocolServer (SCMClientProtocolServer.java:stop(206)) - Stopping the RPC server for Client Protocol
2023-04-19 02:33:33,220 [Listener at 127.0.0.1/44187] INFO  ipc.Server (Server.java:stop(3501)) - Stopping server on 41211
2023-04-19 02:33:33,221 [IPC Server listener on 0] INFO  ipc.Server (Server.java:run(1430)) - Stopping IPC Server listener on 0
2023-04-19 02:33:33,222 [IPC Server Responder] INFO  ipc.Server (Server.java:run(1563)) - Stopping IPC Server Responder
2023-04-19 02:33:33,222 [Listener at 127.0.0.1/44187] INFO  server.StorageContainerManager (StorageContainerManager.java:stop(1616)) - Stopping Storage Container Manager HTTP server.
2023-04-19 02:33:33,224 [Listener at 127.0.0.1/44187] INFO  handler.ContextHandler (ContextHandler.java:doStop(1159)) - Stopped o.e.j.w.WebAppContext@8d91042{scm,/,null,STOPPED}{file:/home/runner/work/ozone/ozone/hadoop-ozone/integration-test/target/test-classes/webapps/scm}
2023-04-19 02:33:33,225 [Listener at 127.0.0.1/44187] INFO  server.AbstractConnector (AbstractConnector.java:doStop(383)) - Stopped ServerConnector@4a05adf4{HTTP/1.1, (http/1.1)}{0.0.0.0:0}
2023-04-19 02:33:33,226 [Listener at 127.0.0.1/44187] INFO  server.session (HouseKeeper.java:stopScavenging(149)) - node0 Stopped scavenging
2023-04-19 02:33:33,226 [Listener at 127.0.0.1/44187] INFO  handler.ContextHandler (ContextHandler.java:doStop(1159)) - Stopped o.e.j.s.ServletContextHandler@168d1004{static,/static,file:///home/runner/work/ozone/ozone/hadoop-ozone/integration-test/target/test-classes/webapps/static,STOPPED}
2023-04-19 02:33:33,226 [Listener at 127.0.0.1/44187] INFO  handler.ContextHandler (ContextHandler.java:doStop(1159)) - Stopped o.e.j.s.ServletContextHandler@97acc9c{logs,/logs,file:///home/runner/work/ozone/ozone/hadoop-ozone/integration-test/target/log,STOPPED}
2023-04-19 02:33:33,227 [Listener at 127.0.0.1/44187] INFO  server.StorageContainerManager (StorageContainerManager.java:stop(1624)) - Stopping SCM LayoutVersionManager Service.
2023-04-19 02:33:33,228 [Listener at 127.0.0.1/44187] INFO  server.StorageContainerManager (StorageContainerManager.java:stop(1632)) - Stopping Block Manager Service.
2023-04-19 02:33:33,228 [Listener at 127.0.0.1/44187] INFO  utils.BackgroundService (BackgroundService.java:shutdown(141)) - Shutting down service SCMBlockDeletingService
2023-04-19 02:33:33,228 [Listener at 127.0.0.1/44187] INFO  utils.BackgroundService (BackgroundService.java:shutdown(141)) - Shutting down service SCMBlockDeletingService
2023-04-19 02:33:33,229 [Listener at 127.0.0.1/44187] INFO  server.StorageContainerManager (StorageContainerManager.java:stop(1654)) - Stopping SCM Event Queue.
2023-04-19 02:33:33,231 [Listener at 127.0.0.1/44187] INFO  server.StorageContainerManager (StorageContainerManager.java:stop(1665)) - Stopping SCM HA services.
2023-04-19 02:33:33,231 [Listener at 127.0.0.1/44187] INFO  pipeline.BackgroundPipelineCreator (BackgroundPipelineCreator.java:stop(149)) - Stopping RatisPipelineUtilsThread.
2023-04-19 02:33:33,231 [RatisPipelineUtilsThread - 0] WARN  pipeline.BackgroundPipelineCreator (BackgroundPipelineCreator.java:run(180)) - RatisPipelineUtilsThread is interrupted.
2023-04-19 02:33:33,231 [Listener at 127.0.0.1/44187] INFO  BackgroundPipelineScrubber (BackgroundSCMService.java:stop(131)) - Stopping BackgroundPipelineScrubber Service.
2023-04-19 02:33:33,231 [BackgroundPipelineScrubberThread] WARN  BackgroundPipelineScrubber (BackgroundSCMService.java:run(115)) - BackgroundPipelineScrubber is interrupted, exit
2023-04-19 02:33:33,232 [Listener at 127.0.0.1/44187] INFO  impl.MetricsSystemImpl (MetricsSystemImpl.java:stop(210)) - Stopping HddsDatanode metrics system...
2023-04-19 02:33:33,236 [prometheus] INFO  impl.MetricsSinkAdapter (MetricsSinkAdapter.java:publishMetricsFromQueue(141)) - prometheus thread interrupted.
2023-04-19 02:33:33,236 [Listener at 127.0.0.1/44187] INFO  impl.MetricsSystemImpl (MetricsSystemImpl.java:stop(216)) - HddsDatanode metrics system stopped.
2023-04-19 02:33:33,236 [Listener at 127.0.0.1/44187] WARN  pipeline.BackgroundPipelineCreator (BackgroundPipelineCreator.java:stop(145)) - RatisPipelineUtilsThread is not running, just ignore.
2023-04-19 02:33:33,236 [Listener at 127.0.0.1/44187] INFO  BackgroundPipelineScrubber (BackgroundSCMService.java:stop(126)) - BackgroundPipelineScrubber Service is not running, skip stop.
2023-04-19 02:33:33,237 [ExpiredContainerReplicaOpScrubberThread] WARN  ExpiredContainerReplicaOpScrubber (BackgroundSCMService.java:run(115)) - ExpiredContainerReplicaOpScrubber is interrupted, exit
2023-04-19 02:33:33,237 [Listener at 127.0.0.1/44187] INFO  ExpiredContainerReplicaOpScrubber (BackgroundSCMService.java:stop(131)) - Stopping ExpiredContainerReplicaOpScrubber Service.
2023-04-19 02:33:33,237 [Listener at 127.0.0.1/44187] INFO  utils.BackgroundService (BackgroundService.java:shutdown(141)) - Shutting down service SCMBlockDeletingService
2023-04-19 02:33:33,237 [Listener at 127.0.0.1/44187] INFO  replication.ReplicationManager (ReplicationManager.java:stop(331)) - Replication Monitor Thread is not running.
2023-04-19 02:33:33,237 [Listener at 127.0.0.1/44187] WARN  balancer.ContainerBalancer (ContainerBalancer.java:stop(324)) - Cannot stop Container Balancer because it's not running or stopping
2023-04-19 02:33:33,237 [Listener at 127.0.0.1/44187] INFO  server.StorageContainerManager (StorageContainerManager.java:stop(1700)) - Stopping SCM MetadataStore.
]]></system-out>
  </testcase>
  <testcase name="testBlockDeletion(ReplicationConfig)[2]" classname="org.apache.hadoop.ozone.container.common.statemachine.commandhandler.TestBlockDeletion" time="39.507">
    <system-out><![CDATA[2023-04-19 02:33:33,349 [Listener at 127.0.0.1/44187] WARN  server.ServerUtils (ServerUtils.java:getScmDbDir(148)) - ozone.scm.db.dirs is not configured. We recommend adding this setting. Falling back to ozone.metadata.dirs instead.
2023-04-19 02:33:33,351 [Listener at 127.0.0.1/44187] WARN  server.ServerUtils (ServerUtils.java:getScmDbDir(148)) - ozone.scm.db.dirs is not configured. We recommend adding this setting. Falling back to ozone.metadata.dirs instead.
2023-04-19 02:33:33,352 [Listener at 127.0.0.1/44187] INFO  ha.SCMHANodeDetails (SCMHANodeDetails.java:loadSCMHAConfig(209)) - ServiceID for StorageContainerManager is null
2023-04-19 02:33:33,352 [Listener at 127.0.0.1/44187] INFO  ha.SCMHANodeDetails (SCMHANodeDetails.java:loadSCMHAConfig(214)) - ozone.scm.default.service.id is not defined, falling back to ozone.scm.service.ids to find serviceID for StorageContainerManager if it is HA enabled cluster
2023-04-19 02:33:33,353 [Listener at 127.0.0.1/44187] WARN  utils.HAUtils (HAUtils.java:getMetaDir(342)) - ozone.scm.db.dirs is not configured. We recommend adding this setting. Falling back to ozone.metadata.dirs instead.
2023-04-19 02:33:33,353 [Listener at 127.0.0.1/44187] WARN  db.DBStoreBuilder (DBStoreBuilder.java:applyDBDefinition(182)) - ozone.scm.db.dirs is not configured. We recommend adding this setting. Falling back to ozone.metadata.dirs instead.
2023-04-19 02:33:33,453 [Listener at 127.0.0.1/44187] INFO  net.NodeSchemaLoader (NodeSchemaLoader.java:loadSchemaFromFile(129)) - Loading schema from [jar:file:/home/runner/.m2/repository/org/apache/ozone/hdds-common/1.4.0-SNAPSHOT/hdds-common-1.4.0-SNAPSHOT.jar!/network-topology-default.xml]
2023-04-19 02:33:33,454 [Listener at 127.0.0.1/44187] INFO  net.NodeSchemaLoader (NodeSchemaLoader.java:loadSchema(176)) - Loading network topology layer schema file
2023-04-19 02:33:33,456 [Listener at 127.0.0.1/44187] INFO  upgrade.AbstractLayoutVersionManager (AbstractLayoutVersionManager.java:init(83)) - Initializing Layout version manager with metadata layout = WEBUI_PORTS_IN_DATANODEDETAILS (version = 6), software layout = WEBUI_PORTS_IN_DATANODEDETAILS (version = 6)
2023-04-19 02:33:33,501 [Listener at 127.0.0.1/44187] INFO  reflections.Reflections (Reflections.java:scan(232)) - Reflections took 44 ms to scan 7 urls, producing 156 keys and 369 values 
2023-04-19 02:33:33,503 [Listener at 127.0.0.1/44187] INFO  ha.SequenceIdGenerator (SequenceIdGenerator.java:upgradeToSequenceId(349)) - upgrade localId to 111677748019200000
2023-04-19 02:33:33,503 [Listener at 127.0.0.1/44187] INFO  ha.SequenceIdGenerator (SequenceIdGenerator.java:upgradeToSequenceId(359)) - upgrade delTxnId to 0
2023-04-19 02:33:33,503 [Listener at 127.0.0.1/44187] INFO  ha.SequenceIdGenerator (SequenceIdGenerator.java:upgradeToSequenceId(376)) - upgrade containerId to 0
2023-04-19 02:33:33,504 [Listener at 127.0.0.1/44187] INFO  ha.SequenceIdGenerator (SequenceIdGenerator.java:<init>(220)) - Init the HA SequenceIdGenerator.
2023-04-19 02:33:33,505 [Listener at 127.0.0.1/44187] INFO  node.SCMNodeManager (SCMNodeManager.java:<init>(156)) - Entering startup safe mode.
2023-04-19 02:33:33,505 [Listener at 127.0.0.1/44187] INFO  algorithms.ContainerPlacementPolicyFactory (ContainerPlacementPolicyFactory.java:getPolicyInternal(86)) - Create container placement policy of type org.apache.hadoop.hdds.scm.container.placement.algorithms.SCMContainerPlacementRackAware
2023-04-19 02:33:33,506 [Listener at 127.0.0.1/44187] INFO  algorithms.ContainerPlacementPolicyFactory (ContainerPlacementPolicyFactory.java:getPolicyInternal(86)) - Create container placement policy of type org.apache.hadoop.hdds.scm.container.placement.algorithms.SCMContainerPlacementRackScatter
2023-04-19 02:33:33,506 [Listener at 127.0.0.1/44187] INFO  pipeline.PipelineStateManagerImpl (PipelineStateManagerImpl.java:initialize(78)) - No pipeline exists in current db
2023-04-19 02:33:33,506 [Listener at 127.0.0.1/44187] INFO  algorithms.LeaderChoosePolicyFactory (LeaderChoosePolicyFactory.java:getPolicy(57)) - Create leader choose policy of type org.apache.hadoop.hdds.scm.pipeline.leader.choose.algorithms.MinLeaderCountChoosePolicy
2023-04-19 02:33:33,506 [Listener at 127.0.0.1/44187] INFO  algorithms.ContainerPlacementPolicyFactory (ContainerPlacementPolicyFactory.java:getPolicyInternal(86)) - Create container placement policy of type org.apache.hadoop.hdds.scm.container.placement.algorithms.SCMContainerPlacementRackScatter
2023-04-19 02:33:33,507 [Listener at 127.0.0.1/44187] INFO  ha.SCMServiceManager (SCMServiceManager.java:register(42)) - Registering service BackgroundPipelineCreator.
2023-04-19 02:33:33,507 [Listener at 127.0.0.1/44187] INFO  pipeline.BackgroundPipelineCreator (BackgroundPipelineCreator.java:start(124)) - Starting RatisPipelineUtilsThread.
2023-04-19 02:33:33,509 [Listener at 127.0.0.1/44187] INFO  BackgroundPipelineScrubber (BackgroundSCMService.java:start(68)) - Starting BackgroundPipelineScrubber Service.
2023-04-19 02:33:33,509 [Listener at 127.0.0.1/44187] INFO  ha.SCMServiceManager (SCMServiceManager.java:register(42)) - Registering service BackgroundPipelineScrubber.
2023-04-19 02:33:33,510 [Listener at 127.0.0.1/44187] INFO  ExpiredContainerReplicaOpScrubber (BackgroundSCMService.java:start(68)) - Starting ExpiredContainerReplicaOpScrubber Service.
2023-04-19 02:33:33,510 [Listener at 127.0.0.1/44187] INFO  ha.SCMServiceManager (SCMServiceManager.java:register(42)) - Registering service ExpiredContainerReplicaOpScrubber.
2023-04-19 02:33:33,512 [Listener at 127.0.0.1/44187] INFO  algorithms.PipelineChoosePolicyFactory (PipelineChoosePolicyFactory.java:createPipelineChoosePolicyFromClass(73)) - Create pipeline choose policy of type org.apache.hadoop.hdds.scm.pipeline.choose.algorithms.RandomPipelineChoosePolicy
2023-04-19 02:33:33,512 [Listener at 127.0.0.1/44187] INFO  ha.SCMServiceManager (SCMServiceManager.java:register(42)) - Registering service SCMBlockDeletingService.
2023-04-19 02:33:33,513 [Listener at 127.0.0.1/44187] INFO  replication.ReplicationManager (ReplicationManager.java:start(288)) - Starting Replication Monitor Thread.
2023-04-19 02:33:33,515 [Listener at 127.0.0.1/44187] INFO  ha.SCMServiceManager (SCMServiceManager.java:register(42)) - Registering service ReplicationManager.
2023-04-19 02:33:33,515 [ReplicationMonitor] INFO  replication.ReplicationManager (ReplicationManager.java:processAll(363)) - Replication Manager is not ready to run until 3000ms after safemode exit
2023-04-19 02:33:33,515 [Listener at 127.0.0.1/44187] INFO  safemode.ContainerSafeModeRule (ContainerSafeModeRule.java:<init>(89)) - containers with one replica threshold count 0
2023-04-19 02:33:33,516 [Listener at 127.0.0.1/44187] INFO  safemode.HealthyPipelineSafeModeRule (HealthyPipelineSafeModeRule.java:initializeRule(169)) - Total pipeline count is 0, healthy pipeline threshold count is 1
2023-04-19 02:33:33,517 [Listener at 127.0.0.1/44187] INFO  safemode.OneReplicaPipelineSafeModeRule (OneReplicaPipelineSafeModeRule.java:initializeRule(180)) - Total pipeline count is 0, pipeline's with at least one datanode reported threshold count is 0
2023-04-19 02:33:33,517 [Listener at 127.0.0.1/44187] INFO  server.StorageContainerManager (StorageContainerManager.java:<init>(403)) - SCM start with adminUsers: [runner]
2023-04-19 02:33:33,518 [Listener at 127.0.0.1/44187] INFO  ipc.CallQueueManager (CallQueueManager.java:<init>(90)) - Using callQueue: class java.util.concurrent.LinkedBlockingQueue, queueCapacity: 2000, scheduler: class org.apache.hadoop.ipc.DefaultRpcScheduler, ipcBackoff: false.
2023-04-19 02:33:33,518 [Socket Reader #1 for port 0] INFO  ipc.Server (Server.java:run(1319)) - Starting Socket Reader #1 for port 0
2023-04-19 02:33:33,521 [Listener at 0.0.0.0/42103] INFO  ipc.CallQueueManager (CallQueueManager.java:<init>(90)) - Using callQueue: class java.util.concurrent.LinkedBlockingQueue, queueCapacity: 2000, scheduler: class org.apache.hadoop.ipc.DefaultRpcScheduler, ipcBackoff: false.
2023-04-19 02:33:33,522 [Socket Reader #1 for port 0] INFO  ipc.Server (Server.java:run(1319)) - Starting Socket Reader #1 for port 0
2023-04-19 02:33:33,523 [Listener at 0.0.0.0/38111] INFO  ipc.CallQueueManager (CallQueueManager.java:<init>(90)) - Using callQueue: class java.util.concurrent.LinkedBlockingQueue, queueCapacity: 2000, scheduler: class org.apache.hadoop.ipc.DefaultRpcScheduler, ipcBackoff: false.
2023-04-19 02:33:33,528 [Listener at 0.0.0.0/40261] INFO  ha.SCMServiceManager (SCMServiceManager.java:register(42)) - Registering service ContainerBalancer.
2023-04-19 02:33:33,528 [Listener at 0.0.0.0/40261] INFO  server.StorageContainerManager (StorageContainerManager.java:<init>(420)) - 
Container Balancer status:
Key                            Value
Running                        false
Container Balancer Configuration values:
Key                                                Value
Threshold                                          10
Max Datanodes to Involve per Iteration(percent)    20
Max Size to Move per Iteration                     500GB
Max Size Entering Target per Iteration             26GB
Max Size Leaving Source per Iteration              26GB

2023-04-19 02:33:33,528 [Listener at 0.0.0.0/40261] INFO  ha.SCMContext (SCMContext.java:updateSafeModeStatus(228)) - Update SafeModeStatus from SafeModeStatus{safeModeStatus=true, preCheckPassed=false} to SafeModeStatus{safeModeStatus=true, preCheckPassed=false}.
2023-04-19 02:33:33,529 [Listener at 0.0.0.0/40261] INFO  server.StorageContainerManager (StorageContainerManager.java:start(1477)) - StorageContainerLocationProtocol RPC server is listening at /0.0.0.0:40261
2023-04-19 02:33:33,530 [Listener at 0.0.0.0/40261] WARN  impl.MetricsConfig (MetricsConfig.java:loadFirst(136)) - Cannot locate configuration: tried hadoop-metrics2-storagecontainermanager.properties,hadoop-metrics2.properties
2023-04-19 02:33:33,535 [Socket Reader #1 for port 0] INFO  ipc.Server (Server.java:run(1319)) - Starting Socket Reader #1 for port 0
2023-04-19 02:33:33,536 [Listener at 0.0.0.0/40261] INFO  impl.MetricsSystemImpl (MetricsSystemImpl.java:startTimer(378)) - Scheduled Metric snapshot period at 10 second(s).
2023-04-19 02:33:33,536 [Listener at 0.0.0.0/40261] INFO  impl.MetricsSystemImpl (MetricsSystemImpl.java:start(191)) - StorageContainerManager metrics system started
2023-04-19 02:33:33,560 [Listener at 0.0.0.0/40261] INFO  impl.MetricsSinkAdapter (MetricsSinkAdapter.java:start(204)) - Sink prometheus started
2023-04-19 02:33:33,560 [Listener at 0.0.0.0/40261] INFO  impl.MetricsSystemImpl (MetricsSystemImpl.java:registerSink(305)) - Registered sink prometheus
2023-04-19 02:33:33,573 [Listener at 0.0.0.0/40261] INFO  server.SCMClientProtocolServer (SCMClientProtocolServer.java:start(197)) - RPC server for Client  is listening at /0.0.0.0:40261
2023-04-19 02:33:33,573 [IPC Server Responder] INFO  ipc.Server (Server.java:run(1558)) - IPC Server Responder: starting
2023-04-19 02:33:33,576 [IPC Server listener on 0] INFO  ipc.Server (Server.java:run(1398)) - IPC Server listener on 0: starting
2023-04-19 02:33:33,579 [Listener at 0.0.0.0/40261] INFO  server.StorageContainerManager (StorageContainerManager.java:start(1491)) - ScmBlockLocationProtocol RPC server is listening at /0.0.0.0:38111
2023-04-19 02:33:33,580 [Listener at 0.0.0.0/40261] INFO  server.SCMBlockProtocolServer (SCMBlockProtocolServer.java:start(152)) - RPC server for Block Protocol is listening at /0.0.0.0:38111
2023-04-19 02:33:33,581 [IPC Server Responder] INFO  ipc.Server (Server.java:run(1558)) - IPC Server Responder: starting
2023-04-19 02:33:33,582 [IPC Server listener on 0] INFO  ipc.Server (Server.java:run(1398)) - IPC Server listener on 0: starting
2023-04-19 02:33:33,584 [Listener at 0.0.0.0/40261] INFO  server.SCMDatanodeProtocolServer (SCMDatanodeProtocolServer.java:start(193)) - ScmDatanodeProtocol RPC server for DataNodes is listening at /0.0.0.0:42103
2023-04-19 02:33:33,589 [IPC Server Responder] INFO  ipc.Server (Server.java:run(1558)) - IPC Server Responder: starting
2023-04-19 02:33:33,590 [IPC Server listener on 0] INFO  ipc.Server (Server.java:run(1398)) - IPC Server listener on 0: starting
2023-04-19 02:33:33,592 [SCMBlockDeletingService#0] DEBUG block.SCMBlockDeletingService (SCMBlockDeletingService.java:shouldRun(251)) - Check scm block delete run: false serviceStatus: PAUSING safemodeExitRunDelayMillis: 3000 alreadyWaitTimeInMillis: 1681871613592
2023-04-19 02:33:33,592 [org.apache.hadoop.util.JvmPauseMonitor$Monitor@4442de89] INFO  util.JvmPauseMonitor (JvmPauseMonitor.java:run(188)) - Starting JVM pause monitor
2023-04-19 02:33:33,593 [Listener at 0.0.0.0/40261] INFO  http.BaseHttpServer (BaseHttpServer.java:newHttpServer2BuilderForOzone(224)) - Starting Web-server for scm at: http://0.0.0.0:0
2023-04-19 02:33:33,593 [Listener at 0.0.0.0/40261] INFO  http.BaseHttpServer (BaseHttpServer.java:<init>(111)) - Hadoop Security Enabled: false Ozone Security Enabled: false Ozone HTTP Security Enabled: false 
2023-04-19 02:33:33,595 [Listener at 0.0.0.0/40261] WARN  server.AuthenticationFilter (AuthenticationFilter.java:constructSecretProvider(240)) - Unable to initialize FileSignerSecretProvider, falling back to use random secrets. Reason: Could not read signature secret file: /home/runner/hadoop-http-auth-signature-secret
2023-04-19 02:33:33,595 [Listener at 0.0.0.0/40261] INFO  http.HttpRequestLog (HttpRequestLog.java:getRequestLog(86)) - Http request log for http.requests.scm is not defined
2023-04-19 02:33:33,597 [Listener at 0.0.0.0/40261] INFO  http.HttpServer2 (HttpServer2.java:addGlobalFilter(1031)) - Added global filter 'safety' (class=org.apache.hadoop.hdds.server.http.HttpServer2$QuotingInputFilter)
2023-04-19 02:33:33,598 [Listener at 0.0.0.0/40261] INFO  http.HttpServer2 (HttpServer2.java:addFilter(1007)) - Added filter static_user_filter (class=org.apache.hadoop.http.lib.StaticUserWebFilter$StaticUserFilter) to context scm
2023-04-19 02:33:33,598 [Listener at 0.0.0.0/40261] INFO  http.HttpServer2 (HttpServer2.java:addFilter(1015)) - Added filter static_user_filter (class=org.apache.hadoop.http.lib.StaticUserWebFilter$StaticUserFilter) to context static
2023-04-19 02:33:33,598 [Listener at 0.0.0.0/40261] INFO  http.HttpServer2 (HttpServer2.java:addFilter(1015)) - Added filter static_user_filter (class=org.apache.hadoop.http.lib.StaticUserWebFilter$StaticUserFilter) to context logs
2023-04-19 02:33:33,599 [Listener at 0.0.0.0/40261] INFO  http.BaseHttpServer (BaseHttpServer.java:<init>(190)) - HTTP server of scm uses base directory /home/runner/work/ozone/ozone/hadoop-ozone/integration-test/target/test-dir/MiniOzoneClusterImpl-fac7741a-db88-4542-9ed6-27af914485a4/ozone-meta/webserver
2023-04-19 02:33:33,599 [Listener at 0.0.0.0/40261] INFO  http.HttpServer2 (HttpServer2.java:bindListener(1250)) - Jetty bound to port 41057
2023-04-19 02:33:33,599 [Listener at 0.0.0.0/40261] INFO  server.Server (Server.java:doStart(375)) - jetty-9.4.49.v20220914; built: 2022-09-14T01:07:36.601Z; git: 4231a3b2e4cb8548a412a789936d640a97b1aa0a; jvm 1.8.0_362-b09
2023-04-19 02:33:33,601 [Listener at 0.0.0.0/40261] INFO  server.session (DefaultSessionIdManager.java:doStart(334)) - DefaultSessionIdManager workerName=node0
2023-04-19 02:33:33,601 [Listener at 0.0.0.0/40261] INFO  server.session (DefaultSessionIdManager.java:doStart(339)) - No SessionScavenger set, using defaults
2023-04-19 02:33:33,601 [Listener at 0.0.0.0/40261] INFO  server.session (HouseKeeper.java:startScavenging(132)) - node0 Scavenging every 600000ms
2023-04-19 02:33:33,602 [Listener at 0.0.0.0/40261] INFO  handler.ContextHandler (ContextHandler.java:doStart(921)) - Started o.e.j.s.ServletContextHandler@55e91013{logs,/logs,file:///home/runner/work/ozone/ozone/hadoop-ozone/integration-test/target/log,AVAILABLE}
2023-04-19 02:33:33,602 [Listener at 0.0.0.0/40261] INFO  handler.ContextHandler (ContextHandler.java:doStart(921)) - Started o.e.j.s.ServletContextHandler@e013456{static,/static,file:///home/runner/work/ozone/ozone/hadoop-ozone/integration-test/target/test-classes/webapps/static,AVAILABLE}
2023-04-19 02:33:33,606 [Listener at 0.0.0.0/40261] INFO  handler.ContextHandler (ContextHandler.java:doStart(921)) - Started o.e.j.w.WebAppContext@3b48a6b1{scm,/,file:///home/runner/work/ozone/ozone/hadoop-ozone/integration-test/target/test-classes/webapps/scm/,AVAILABLE}{file:/home/runner/work/ozone/ozone/hadoop-ozone/integration-test/target/test-classes/webapps/scm}
2023-04-19 02:33:33,608 [Listener at 0.0.0.0/40261] INFO  server.AbstractConnector (AbstractConnector.java:doStart(333)) - Started ServerConnector@49e1826f{HTTP/1.1, (http/1.1)}{0.0.0.0:41057}
2023-04-19 02:33:33,608 [Listener at 0.0.0.0/40261] INFO  server.Server (Server.java:doStart(415)) - Started @89616ms
2023-04-19 02:33:33,608 [Listener at 0.0.0.0/40261] WARN  impl.MetricsSystemImpl (MetricsSystemImpl.java:register(279)) - Sink prometheus already exists!
2023-04-19 02:33:33,609 [Listener at 0.0.0.0/40261] INFO  http.BaseHttpServer (BaseHttpServer.java:updateConnectorAddress(344)) - HTTP server of scm listening at http://0.0.0.0:41057
2023-04-19 02:33:33,609 [Listener at 0.0.0.0/40261] WARN  server.ServerUtils (ServerUtils.java:getDBPath(225)) - ozone.om.db.dirs is not configured. We recommend adding this setting. Falling back to ozone.metadata.dirs instead.
2023-04-19 02:33:33,611 [Listener at 0.0.0.0/40261] INFO  ha.OMHANodeDetails (OMHANodeDetails.java:loadOMHAConfig(115)) - ozone.om.internal.service.id is not defined, falling back to ozone.om.service.ids to find serviceID for OzoneManager if it is HA enabled cluster
2023-04-19 02:33:33,611 [Listener at 0.0.0.0/40261] INFO  ha.OMHANodeDetails (OMHANodeDetails.java:loadOMHAConfig(226)) - Configuration does not have ozone.om.address set. Falling back to the default OM address /127.0.0.1:0
2023-04-19 02:33:33,611 [Listener at 0.0.0.0/40261] INFO  ha.OMHANodeDetails (OMHANodeDetails.java:getOMNodeDetailsForNonHA(254)) - OM Service ID is not set. Setting it to the default ID: omServiceIdDefault
2023-04-19 02:33:33,611 [Listener at 0.0.0.0/40261] INFO  ha.OMHANodeDetails (OMHANodeDetails.java:getOMNodeDetailsForNonHA(261)) - OM Node ID is not set. Setting it to the default ID: om1
2023-04-19 02:33:33,611 [Listener at 0.0.0.0/40261] WARN  server.ServerUtils (ServerUtils.java:getDBPath(225)) - ozone.om.db.dirs is not configured. We recommend adding this setting. Falling back to ozone.metadata.dirs instead.
2023-04-19 02:33:33,613 [Listener at 0.0.0.0/40261] INFO  upgrade.AbstractLayoutVersionManager (AbstractLayoutVersionManager.java:init(83)) - Initializing Layout version manager with metadata layout = HSYNC (version = 4), software layout = HSYNC (version = 4)
2023-04-19 02:33:33,676 [Listener at 0.0.0.0/40261] INFO  reflections.Reflections (Reflections.java:scan(232)) - Reflections took 63 ms to scan 2 urls, producing 171 keys and 475 values [using 2 cores]
2023-04-19 02:33:33,677 [Listener at 0.0.0.0/40261] INFO  upgrade.OMLayoutVersionManager (OMLayoutVersionManager.java:lambda$0(115)) - Skipping Upgrade Action MockOmUpgradeAction since it has been finalized.
2023-04-19 02:33:33,678 [Listener at 0.0.0.0/40261] WARN  server.ServerUtils (ServerUtils.java:getDBPath(225)) - ozone.om.db.dirs is not configured. We recommend adding this setting. Falling back to ozone.metadata.dirs instead.
2023-04-19 02:33:33,679 [Listener at 0.0.0.0/40261] INFO  proxy.SCMBlockLocationFailoverProxyProvider (SCMBlockLocationFailoverProxyProvider.java:<init>(114)) - Created block location fail-over proxy with 1 nodes: [nodeId=scmNodeId,nodeAddress=/0.0.0.0:38111]
2023-04-19 02:33:33,681 [Listener at 0.0.0.0/40261] INFO  proxy.SCMBlockLocationFailoverProxyProvider (SCMBlockLocationFailoverProxyProvider.java:<init>(114)) - Created block location fail-over proxy with 1 nodes: [nodeId=scmNodeId,nodeAddress=/0.0.0.0:38111]
2023-04-19 02:33:33,688 [Listener at 0.0.0.0/40261] INFO  om.OzoneManager (OzoneManager.java:<init>(627)) - OM start with adminUsers: [runner]
2023-04-19 02:33:33,689 [Listener at 0.0.0.0/40261] WARN  server.ServerUtils (ServerUtils.java:getDBPath(225)) - ozone.om.db.dirs is not configured. We recommend adding this setting. Falling back to ozone.metadata.dirs instead.
2023-04-19 02:33:33,690 [Listener at 0.0.0.0/40261] INFO  codec.OmKeyInfoCodec (OmKeyInfoCodec.java:<init>(49)) - OmKeyInfoCodec ignorePipeline = true
2023-04-19 02:33:33,690 [Listener at 0.0.0.0/40261] INFO  codec.RepeatedOmKeyInfoCodec (RepeatedOmKeyInfoCodec.java:<init>(41)) - RepeatedOmKeyInfoCodec ignorePipeline = true
2023-04-19 02:33:33,692 [SCMBlockDeletingService#0] DEBUG block.SCMBlockDeletingService (SCMBlockDeletingService.java:shouldRun(251)) - Check scm block delete run: false serviceStatus: PAUSING safemodeExitRunDelayMillis: 3000 alreadyWaitTimeInMillis: 1681871613692
2023-04-19 02:33:33,792 [SCMBlockDeletingService#0] DEBUG block.SCMBlockDeletingService (SCMBlockDeletingService.java:shouldRun(251)) - Check scm block delete run: false serviceStatus: PAUSING safemodeExitRunDelayMillis: 3000 alreadyWaitTimeInMillis: 1681871613792
2023-04-19 02:33:33,850 [Listener at 0.0.0.0/40261] INFO  om.OzoneManager (OzoneManager.java:instantiateServices(757)) - S3 Multi-Tenancy is disabled
2023-04-19 02:33:33,851 [Listener at 0.0.0.0/40261] WARN  server.ServerUtils (ServerUtils.java:getDBPath(225)) - ozone.om.snapshot.diff.db.dir is not configured. We recommend adding this setting. Falling back to ozone.metadata.dirs instead.
2023-04-19 02:33:33,869 [Listener at 0.0.0.0/40261] INFO  om.OzoneManager (OzoneManager.java:addS3GVolumeToDB(4257)) - Created Volume s3v With Owner runner required for S3Gateway operations.
2023-04-19 02:33:33,870 [Listener at 0.0.0.0/40261] WARN  server.ServerUtils (ServerUtils.java:getDefaultRatisDirectory(237)) - Storage directory for Ratis is not configured. It is a good idea to map this to an SSD disk. Falling back to ozone.metadata.dirs
2023-04-19 02:33:33,870 [Listener at 0.0.0.0/40261] WARN  utils.OzoneManagerRatisUtils (OzoneManagerRatisUtils.java:getOMRatisSnapshotDirectory(459)) - ozone.om.ratis.snapshot.dir is not configured. Falling back to ozone.metadata.dirs config
2023-04-19 02:33:33,870 [Listener at 0.0.0.0/40261] WARN  server.ServerUtils (ServerUtils.java:getDefaultRatisDirectory(237)) - Storage directory for Ratis is not configured. It is a good idea to map this to an SSD disk. Falling back to ozone.metadata.dirs
2023-04-19 02:33:33,872 [Listener at 0.0.0.0/40261] INFO  ratis.OzoneManagerRatisServer (OzoneManagerRatisServer.java:<init>(163)) - Instantiating OM Ratis server with groupID: omServiceIdDefault and peers: localhost:9872
2023-04-19 02:33:33,872 [Listener at 0.0.0.0/40261] INFO  ratis.OzoneManagerStateMachine (OzoneManagerStateMachine.java:loadSnapshotInfoFromDB(644)) - LastAppliedIndex is set from TransactionInfo from OM DB as (t:0, i:~)
2023-04-19 02:33:33,876 [Listener at 0.0.0.0/40261] INFO  server.RaftServer (ConfUtils.java:logGet(46)) - raft.rpc.type = GRPC (default)
2023-04-19 02:33:33,876 [Listener at 0.0.0.0/40261] INFO  grpc.GrpcConfigKeys (ConfUtils.java:logFallback(53)) - raft.grpc.admin.host = null (fallback to raft.grpc.server.host)
2023-04-19 02:33:33,876 [Listener at 0.0.0.0/40261] INFO  grpc.GrpcConfigKeys (ConfUtils.java:logFallback(53)) - raft.grpc.admin.port = 9872 (fallback to raft.grpc.server.port)
2023-04-19 02:33:33,876 [Listener at 0.0.0.0/40261] INFO  grpc.GrpcConfigKeys (ConfUtils.java:logFallback(53)) - raft.grpc.client.host = null (fallback to raft.grpc.server.host)
2023-04-19 02:33:33,877 [Listener at 0.0.0.0/40261] INFO  grpc.GrpcConfigKeys (ConfUtils.java:logFallback(53)) - raft.grpc.client.port = 9872 (fallback to raft.grpc.server.port)
2023-04-19 02:33:33,877 [Listener at 0.0.0.0/40261] INFO  grpc.GrpcConfigKeys (ConfUtils.java:logGet(46)) - raft.grpc.server.host = null (default)
2023-04-19 02:33:33,877 [Listener at 0.0.0.0/40261] INFO  grpc.GrpcConfigKeys (ConfUtils.java:logGet(46)) - raft.grpc.server.port = 9872 (custom)
2023-04-19 02:33:33,877 [Listener at 0.0.0.0/40261] INFO  server.GrpcService (ConfUtils.java:logGet(46)) - raft.grpc.message.size.max = 33554432 (custom)
2023-04-19 02:33:33,877 [Listener at 0.0.0.0/40261] INFO  server.RaftServerConfigKeys (ConfUtils.java:logGet(46)) - raft.server.log.appender.buffer.byte-limit = 33554432 (custom)
2023-04-19 02:33:33,877 [Listener at 0.0.0.0/40261] INFO  server.GrpcService (ConfUtils.java:logGet(46)) - raft.grpc.flow.control.window = 1MB (=1048576) (default)
2023-04-19 02:33:33,878 [Listener at 0.0.0.0/40261] INFO  server.RaftServerConfigKeys (ConfUtils.java:logGet(46)) - raft.server.rpc.request.timeout = 3000ms (default)
2023-04-19 02:33:33,878 [Listener at 0.0.0.0/40261] INFO  grpc.GrpcConfigKeys (ConfUtils.java:logGet(46)) - raft.grpc.server.heartbeat.channel = true (default)
2023-04-19 02:33:33,878 [Listener at 0.0.0.0/40261] INFO  grpc.GrpcConfigKeys (ConfUtils.java:logGet(46)) - raft.grpc.server.async.request.thread.pool.cached = true (default)
2023-04-19 02:33:33,878 [Listener at 0.0.0.0/40261] INFO  grpc.GrpcConfigKeys (ConfUtils.java:logGet(46)) - raft.grpc.server.async.request.thread.pool.size = 32 (default)
2023-04-19 02:33:33,880 [Listener at 0.0.0.0/40261] INFO  impl.DataStreamServerImpl (ConfUtils.java:logGet(46)) - raft.datastream.type = DISABLED (default)
2023-04-19 02:33:33,880 [Listener at 0.0.0.0/40261] INFO  server.RaftServerConfigKeys (ConfUtils.java:logGet(46)) - raft.server.threadpool.proxy.cached = true (default)
2023-04-19 02:33:33,880 [Listener at 0.0.0.0/40261] INFO  server.RaftServerConfigKeys (ConfUtils.java:logGet(46)) - raft.server.threadpool.proxy.size = 0 (default)
2023-04-19 02:33:33,880 [Listener at 0.0.0.0/40261] INFO  server.RaftServerConfigKeys (ConfUtils.java:logGet(46)) - raft.server.rpc.slowness.timeout = 120s (custom)
2023-04-19 02:33:33,881 [Listener at 0.0.0.0/40261] INFO  server.RaftServerConfigKeys (ConfUtils.java:logGet(46)) - raft.server.leaderelection.leader.step-down.wait-time = 10s (default)
2023-04-19 02:33:33,881 [Listener at 0.0.0.0/40261] INFO  server.RaftServerConfigKeys (ConfUtils.java:logGet(46)) - raft.server.storage.dir = [/home/runner/work/ozone/ozone/hadoop-ozone/integration-test/target/test-dir/MiniOzoneClusterImpl-fac7741a-db88-4542-9ed6-27af914485a4/ozone-meta/ratis] (custom)
2023-04-19 02:33:33,882 [Listener at 0.0.0.0/40261] INFO  server.RaftServer (RaftServerProxy.java:addNew(96)) - om1: addNew group-C5BA1605619E:[om1|rpc:localhost:9872|priority:0|startupRole:FOLLOWER] returns group-C5BA1605619E:java.util.concurrent.CompletableFuture@1749d67a[Not completed]
2023-04-19 02:33:33,882 [pool-369-thread-1] INFO  server.RaftServer$Division (RaftServerImpl.java:<init>(195)) - om1: new RaftServerImpl for group-C5BA1605619E:[om1|rpc:localhost:9872|priority:0|startupRole:FOLLOWER] with OzoneManagerStateMachine:uninitialized
2023-04-19 02:33:33,882 [Listener at 0.0.0.0/40261] INFO  om.OzoneManager (OzoneManager.java:initializeRatisServer(2095)) - OzoneManager Ratis server initialized at port 9872
2023-04-19 02:33:33,882 [pool-369-thread-1] INFO  server.RaftServerConfigKeys (ConfUtils.java:logGet(46)) - raft.server.rpc.timeout.min = 1s (custom)
2023-04-19 02:33:33,882 [Listener at 0.0.0.0/40261] INFO  om.OzoneManager (OzoneManager.java:getRpcServer(1142)) - Creating RPC Server
2023-04-19 02:33:33,882 [pool-369-thread-1] INFO  server.RaftServerConfigKeys (ConfUtils.java:logGet(46)) - raft.server.rpc.timeout.max = 1200ms (custom)
2023-04-19 02:33:33,882 [pool-369-thread-1] INFO  server.RaftServerConfigKeys (ConfUtils.java:logGet(46)) - raft.server.rpc.sleep.time = 25ms (default)
2023-04-19 02:33:33,882 [pool-369-thread-1] INFO  server.RaftServerConfigKeys (ConfUtils.java:logGet(46)) - raft.server.rpc.slowness.timeout = 120s (custom)
2023-04-19 02:33:33,883 [pool-369-thread-1] INFO  server.RaftServerConfigKeys (ConfUtils.java:logGet(46)) - raft.server.leaderelection.leader.step-down.wait-time = 10s (default)
2023-04-19 02:33:33,883 [pool-369-thread-1] INFO  server.RaftServerConfigKeys (ConfUtils.java:logGet(46)) - raft.server.sleep.deviation.threshold = 300ms (default)
2023-04-19 02:33:33,883 [pool-369-thread-1] INFO  server.RaftServer$Division (ServerState.java:<init>(118)) - om1@group-C5BA1605619E: ConfigurationManager, init=-1: peers:[om1|rpc:localhost:9872|priority:0|startupRole:FOLLOWER]|listeners:[], old=null, confs=<EMPTY_MAP>
2023-04-19 02:33:33,884 [pool-369-thread-1] INFO  server.RaftServerConfigKeys (ConfUtils.java:logGet(46)) - raft.server.storage.dir = [/home/runner/work/ozone/ozone/hadoop-ozone/integration-test/target/test-dir/MiniOzoneClusterImpl-fac7741a-db88-4542-9ed6-27af914485a4/ozone-meta/ratis] (custom)
2023-04-19 02:33:33,884 [pool-369-thread-1] INFO  server.RaftServerConfigKeys (ConfUtils.java:logGet(46)) - raft.server.log.corruption.policy = EXCEPTION (default)
2023-04-19 02:33:33,884 [pool-369-thread-1] INFO  server.RaftServerConfigKeys (ConfUtils.java:logGet(46)) - raft.server.storage.free-space.min = 0MB (=0) (default)
2023-04-19 02:33:33,884 [pool-369-thread-1] INFO  server.RaftServerConfigKeys (ConfUtils.java:logGet(46)) - raft.server.notification.no-leader.timeout = 120s (custom)
2023-04-19 02:33:33,884 [pool-369-thread-1] INFO  server.RaftServerConfigKeys (ConfUtils.java:logGet(46)) - raft.server.retrycache.expirytime = 300s (custom)
2023-04-19 02:33:33,884 [pool-369-thread-1] INFO  server.RaftServerConfigKeys (ConfUtils.java:logGet(46)) - raft.server.retrycache.statistics.expirytime = 100μs (default)
2023-04-19 02:33:33,885 [pool-369-thread-1] INFO  server.RaftServerConfigKeys (ConfUtils.java:logGet(46)) - raft.server.log.appender.install.snapshot.enabled = false (custom)
2023-04-19 02:33:33,885 [pool-369-thread-1] INFO  server.RaftServerConfigKeys (ConfUtils.java:logGet(46)) - raft.server.threadpool.server.cached = true (default)
2023-04-19 02:33:33,885 [pool-369-thread-1] INFO  server.RaftServerConfigKeys (ConfUtils.java:logGet(46)) - raft.server.threadpool.server.size = 0 (default)
2023-04-19 02:33:33,885 [pool-369-thread-1] INFO  server.RaftServerConfigKeys (ConfUtils.java:logGet(46)) - raft.server.threadpool.client.cached = true (default)
2023-04-19 02:33:33,885 [pool-369-thread-1] INFO  server.RaftServerConfigKeys (ConfUtils.java:logGet(46)) - raft.server.threadpool.client.size = 0 (default)
2023-04-19 02:33:33,892 [SCMBlockDeletingService#0] DEBUG block.SCMBlockDeletingService (SCMBlockDeletingService.java:shouldRun(251)) - Check scm block delete run: false serviceStatus: PAUSING safemodeExitRunDelayMillis: 3000 alreadyWaitTimeInMillis: 1681871613892
2023-04-19 02:33:33,993 [SCMBlockDeletingService#0] DEBUG block.SCMBlockDeletingService (SCMBlockDeletingService.java:shouldRun(251)) - Check scm block delete run: false serviceStatus: PAUSING safemodeExitRunDelayMillis: 3000 alreadyWaitTimeInMillis: 1681871613993
2023-04-19 02:33:34,093 [SCMBlockDeletingService#0] DEBUG block.SCMBlockDeletingService (SCMBlockDeletingService.java:shouldRun(251)) - Check scm block delete run: false serviceStatus: PAUSING safemodeExitRunDelayMillis: 3000 alreadyWaitTimeInMillis: 1681871614093
2023-04-19 02:33:34,193 [SCMBlockDeletingService#0] DEBUG block.SCMBlockDeletingService (SCMBlockDeletingService.java:shouldRun(251)) - Check scm block delete run: false serviceStatus: PAUSING safemodeExitRunDelayMillis: 3000 alreadyWaitTimeInMillis: 1681871614193
2023-04-19 02:33:34,231 [Listener at 0.0.0.0/40261] INFO  reflections.Reflections (Reflections.java:scan(232)) - Reflections took 348 ms to scan 19 urls, producing 68 keys and 5058 values [using 2 cores]
2023-04-19 02:33:34,233 [Listener at 0.0.0.0/40261] INFO  ipc.CallQueueManager (CallQueueManager.java:<init>(90)) - Using callQueue: class java.util.concurrent.LinkedBlockingQueue, queueCapacity: 2000, scheduler: class org.apache.hadoop.ipc.DefaultRpcScheduler, ipcBackoff: false.
2023-04-19 02:33:34,234 [Socket Reader #1 for port 0] INFO  ipc.Server (Server.java:run(1319)) - Starting Socket Reader #1 for port 0
2023-04-19 02:33:34,252 [Listener at 127.0.0.1/39891] INFO  impl.MetricsSystemImpl (MetricsSystemImpl.java:init(158)) - OzoneManager metrics system started (again)
2023-04-19 02:33:34,262 [Listener at 127.0.0.1/39891] INFO  om.OzoneManager (OzoneManager.java:start(1563)) - OzoneManager RPC server is listening at localhost/127.0.0.1:39891
2023-04-19 02:33:34,262 [Listener at 127.0.0.1/39891] INFO  ratis.OzoneManagerRatisServer (OzoneManagerRatisServer.java:start(558)) - Starting OzoneManagerRatisServer om1 at port 9872
2023-04-19 02:33:34,262 [om1-impl-thread1] INFO  storage.RaftStorageDirectory (RaftStorageDirectoryImpl.java:analyzeStorage(137)) - The storage directory /home/runner/work/ozone/ozone/hadoop-ozone/integration-test/target/test-dir/MiniOzoneClusterImpl-fac7741a-db88-4542-9ed6-27af914485a4/ozone-meta/ratis/bf265839-605b-3f16-9796-c5ba1605619e does not exist. Creating ...
2023-04-19 02:33:34,264 [om1-impl-thread1] INFO  storage.RaftStorageDirectory (RaftStorageDirectoryImpl.java:tryLock(231)) - Lock on /home/runner/work/ozone/ozone/hadoop-ozone/integration-test/target/test-dir/MiniOzoneClusterImpl-fac7741a-db88-4542-9ed6-27af914485a4/ozone-meta/ratis/bf265839-605b-3f16-9796-c5ba1605619e/in_use.lock acquired by nodename 42788@fv-az127-56
2023-04-19 02:33:34,265 [om1-impl-thread1] INFO  storage.RaftStorage (RaftStorageImpl.java:format(96)) - Storage directory /home/runner/work/ozone/ozone/hadoop-ozone/integration-test/target/test-dir/MiniOzoneClusterImpl-fac7741a-db88-4542-9ed6-27af914485a4/ozone-meta/ratis/bf265839-605b-3f16-9796-c5ba1605619e has been successfully formatted.
2023-04-19 02:33:34,265 [om1-impl-thread1] INFO  server.RaftServerConfigKeys (ConfUtils.java:logGet(46)) - raft.server.log.use.memory = false (default)
2023-04-19 02:33:34,265 [om1-impl-thread1] INFO  server.RaftServerConfigKeys (ConfUtils.java:logGet(46)) - raft.server.log.purge.gap = 1000000 (custom)
2023-04-19 02:33:34,265 [om1-impl-thread1] INFO  server.RaftServerConfigKeys (ConfUtils.java:logGet(46)) - raft.server.log.appender.buffer.byte-limit = 33554432 (custom)
2023-04-19 02:33:34,265 [om1-impl-thread1] INFO  server.RaftServerConfigKeys (ConfUtils.java:logGet(46)) - raft.server.log.statemachine.data.read.timeout = 1000ms (default)
2023-04-19 02:33:34,265 [om1-impl-thread1] INFO  server.RaftServerConfigKeys (ConfUtils.java:logGet(46)) - raft.server.log.purge.preservation.log.num = 0 (default)
2023-04-19 02:33:34,265 [om1-impl-thread1] INFO  server.RaftServerConfigKeys (ConfUtils.java:logGet(46)) - raft.server.log.segment.size.max = 4194304 (custom)
2023-04-19 02:33:34,265 [om1-impl-thread1] INFO  server.RaftServerConfigKeys (ConfUtils.java:logGet(46)) - raft.server.log.segment.cache.num.max = 2 (custom)
2023-04-19 02:33:34,265 [om1-impl-thread1] INFO  server.RaftServerConfigKeys (ConfUtils.java:logGet(46)) - raft.server.log.segment.cache.size.max = 200MB (=209715200) (default)
2023-04-19 02:33:34,265 [om1-impl-thread1] INFO  segmented.SegmentedRaftLogWorker (SegmentedRaftLogWorker.java:<init>(189)) - new om1@group-C5BA1605619E-SegmentedRaftLogWorker for RaftStorageImpl:Storage Directory /home/runner/work/ozone/ozone/hadoop-ozone/integration-test/target/test-dir/MiniOzoneClusterImpl-fac7741a-db88-4542-9ed6-27af914485a4/ozone-meta/ratis/bf265839-605b-3f16-9796-c5ba1605619e
2023-04-19 02:33:34,266 [om1-impl-thread1] INFO  server.RaftServerConfigKeys (ConfUtils.java:logGet(46)) - raft.server.log.queue.byte-limit = 64MB (=67108864) (default)
2023-04-19 02:33:34,266 [om1-impl-thread1] INFO  server.RaftServerConfigKeys (ConfUtils.java:logGet(46)) - raft.server.log.queue.element-limit = 4096 (default)
2023-04-19 02:33:34,266 [om1-impl-thread1] INFO  server.RaftServerConfigKeys (ConfUtils.java:logGet(46)) - raft.server.log.segment.size.max = 4194304 (custom)
2023-04-19 02:33:34,266 [om1-impl-thread1] INFO  server.RaftServerConfigKeys (ConfUtils.java:logGet(46)) - raft.server.log.preallocated.size = 4194304 (custom)
2023-04-19 02:33:34,266 [om1-impl-thread1] INFO  server.RaftServerConfigKeys (ConfUtils.java:logGet(46)) - raft.server.log.force.sync.num = 128 (default)
2023-04-19 02:33:34,266 [om1-impl-thread1] INFO  server.RaftServerConfigKeys (ConfUtils.java:logGet(46)) - raft.server.log.statemachine.data.sync = true (default)
2023-04-19 02:33:34,266 [om1-impl-thread1] INFO  server.RaftServerConfigKeys (ConfUtils.java:logGet(46)) - raft.server.log.statemachine.data.sync.timeout = 10s (default)
2023-04-19 02:33:34,266 [om1-impl-thread1] INFO  server.RaftServerConfigKeys (ConfUtils.java:logGet(46)) - raft.server.log.statemachine.data.sync.timeout.retry = -1 (default)
2023-04-19 02:33:34,266 [om1-impl-thread1] INFO  server.RaftServerConfigKeys (ConfUtils.java:logGet(46)) - raft.server.log.write.buffer.size = 64KB (=65536) (default)
2023-04-19 02:33:34,266 [om1-impl-thread1] INFO  server.RaftServerConfigKeys (ConfUtils.java:logGet(46)) - raft.server.log.appender.buffer.byte-limit = 33554432 (custom)
2023-04-19 02:33:34,271 [om1-impl-thread1] INFO  server.RaftServerConfigKeys (ConfUtils.java:logGet(46)) - raft.server.log.unsafe-flush.enabled = false (default)
2023-04-19 02:33:34,271 [om1-impl-thread1] INFO  server.RaftServerConfigKeys (ConfUtils.java:logGet(46)) - raft.server.log.async-flush.enabled = false (default)
2023-04-19 02:33:34,271 [om1-impl-thread1] INFO  server.RaftServerConfigKeys (ConfUtils.java:logGet(46)) - raft.server.log.statemachine.data.caching.enabled = false (default)
2023-04-19 02:33:34,271 [om1-impl-thread1] INFO  segmented.SegmentedRaftLogWorker (SegmentedRaftLogWorker.java:lambda$new$0(135)) - om1@group-C5BA1605619E-SegmentedRaftLogWorker: flushIndex: setUnconditionally 0 -> -1
2023-04-19 02:33:34,271 [om1-impl-thread1] INFO  segmented.SegmentedRaftLogWorker (SegmentedRaftLogWorker.java:lambda$new$0(135)) - om1@group-C5BA1605619E-SegmentedRaftLogWorker: safeCacheEvictIndex: setUnconditionally 0 -> -1
2023-04-19 02:33:34,272 [om1-impl-thread1] INFO  server.RaftServer$Division (RaftServerImpl.java:start(334)) - om1@group-C5BA1605619E: start as a follower, conf=-1: peers:[om1|rpc:localhost:9872|priority:0|startupRole:FOLLOWER]|listeners:[], old=null
2023-04-19 02:33:34,272 [om1-impl-thread1] INFO  server.RaftServer$Division (RaftServerImpl.java:setRole(321)) - om1@group-C5BA1605619E: changes role from      null to FOLLOWER at term 0 for startAsFollower
2023-04-19 02:33:34,272 [om1-impl-thread1] INFO  impl.RoleInfo (RoleInfo.java:updateAndGet(139)) - om1: start om1@group-C5BA1605619E-FollowerState
2023-04-19 02:33:34,272 [om1-impl-thread1] INFO  util.JmxRegister (JmxRegister.java:tryRegister(44)) - Successfully registered JMX Bean with object name Ratis:service=RaftServer,group=group-C5BA1605619E,id=om1
2023-04-19 02:33:34,272 [om1@group-C5BA1605619E-FollowerState] INFO  server.RaftServerConfigKeys (ConfUtils.java:logFallback(53)) - raft.server.rpc.first-election.timeout.min = 1s (fallback to raft.server.rpc.timeout.min)
2023-04-19 02:33:34,272 [om1-impl-thread1] INFO  server.RaftServerConfigKeys (ConfUtils.java:logGet(46)) - raft.server.snapshot.auto.trigger.enabled = true (custom)
2023-04-19 02:33:34,272 [om1@group-C5BA1605619E-FollowerState] INFO  server.RaftServerConfigKeys (ConfUtils.java:logFallback(53)) - raft.server.rpc.first-election.timeout.max = 1200ms (fallback to raft.server.rpc.timeout.max)
2023-04-19 02:33:34,272 [om1-impl-thread1] INFO  server.RaftServerConfigKeys (ConfUtils.java:logGet(46)) - raft.server.snapshot.auto.trigger.threshold = 400000 (default)
2023-04-19 02:33:34,272 [om1-impl-thread1] INFO  server.RaftServerConfigKeys (ConfUtils.java:logGet(46)) - raft.server.snapshot.retention.file.num = -1 (default)
2023-04-19 02:33:34,272 [om1-impl-thread1] INFO  server.RaftServerConfigKeys (ConfUtils.java:logGet(46)) - raft.server.log.purge.upto.snapshot.index = true (custom)
2023-04-19 02:33:34,273 [Listener at 127.0.0.1/39891] INFO  server.RaftServer (RaftServerProxy.java:startImpl(393)) - om1: start RPC server
2023-04-19 02:33:34,283 [Listener at 127.0.0.1/39891] INFO  server.GrpcService (GrpcService.java:startImpl(262)) - om1: GrpcService started, listening on 9872
2023-04-19 02:33:34,284 [Listener at 127.0.0.1/39891] INFO  om.OzoneManager (OzoneManager.java:start(1579)) - Version File has different layout version (4) than OM DB (null). That is expected if this OM has never been finalized to a newer layout version.
2023-04-19 02:33:34,285 [JvmPauseMonitor8] INFO  util.JvmPauseMonitor (JvmPauseMonitor.java:run(105)) - JvmPauseMonitor-om1: Started
2023-04-19 02:33:34,293 [SCMBlockDeletingService#0] DEBUG block.SCMBlockDeletingService (SCMBlockDeletingService.java:shouldRun(251)) - Check scm block delete run: false serviceStatus: PAUSING safemodeExitRunDelayMillis: 3000 alreadyWaitTimeInMillis: 1681871614293
2023-04-19 02:33:34,295 [Listener at 127.0.0.1/39891] INFO  http.BaseHttpServer (BaseHttpServer.java:newHttpServer2BuilderForOzone(224)) - Starting Web-server for ozoneManager at: http://0.0.0.0:0
2023-04-19 02:33:34,295 [Listener at 127.0.0.1/39891] INFO  http.BaseHttpServer (BaseHttpServer.java:<init>(111)) - Hadoop Security Enabled: false Ozone Security Enabled: false Ozone HTTP Security Enabled: false 
2023-04-19 02:33:34,297 [Listener at 127.0.0.1/39891] WARN  server.AuthenticationFilter (AuthenticationFilter.java:constructSecretProvider(240)) - Unable to initialize FileSignerSecretProvider, falling back to use random secrets. Reason: Could not read signature secret file: /home/runner/hadoop-http-auth-signature-secret
2023-04-19 02:33:34,300 [Listener at 127.0.0.1/39891] INFO  http.HttpRequestLog (HttpRequestLog.java:getRequestLog(86)) - Http request log for http.requests.ozoneManager is not defined
2023-04-19 02:33:34,301 [Listener at 127.0.0.1/39891] INFO  http.HttpServer2 (HttpServer2.java:addGlobalFilter(1031)) - Added global filter 'safety' (class=org.apache.hadoop.hdds.server.http.HttpServer2$QuotingInputFilter)
2023-04-19 02:33:34,302 [Listener at 127.0.0.1/39891] INFO  http.HttpServer2 (HttpServer2.java:addFilter(1007)) - Added filter static_user_filter (class=org.apache.hadoop.http.lib.StaticUserWebFilter$StaticUserFilter) to context ozoneManager
2023-04-19 02:33:34,302 [Listener at 127.0.0.1/39891] INFO  http.HttpServer2 (HttpServer2.java:addFilter(1015)) - Added filter static_user_filter (class=org.apache.hadoop.http.lib.StaticUserWebFilter$StaticUserFilter) to context static
2023-04-19 02:33:34,302 [Listener at 127.0.0.1/39891] INFO  http.HttpServer2 (HttpServer2.java:addFilter(1015)) - Added filter static_user_filter (class=org.apache.hadoop.http.lib.StaticUserWebFilter$StaticUserFilter) to context logs
2023-04-19 02:33:34,303 [Listener at 127.0.0.1/39891] INFO  http.BaseHttpServer (BaseHttpServer.java:<init>(190)) - HTTP server of ozoneManager uses base directory /home/runner/work/ozone/ozone/hadoop-ozone/integration-test/target/test-dir/MiniOzoneClusterImpl-fac7741a-db88-4542-9ed6-27af914485a4/ozone-meta/webserver
2023-04-19 02:33:34,303 [Listener at 127.0.0.1/39891] INFO  http.HttpServer2 (HttpServer2.java:bindListener(1250)) - Jetty bound to port 34495
2023-04-19 02:33:34,303 [Listener at 127.0.0.1/39891] INFO  server.Server (Server.java:doStart(375)) - jetty-9.4.49.v20220914; built: 2022-09-14T01:07:36.601Z; git: 4231a3b2e4cb8548a412a789936d640a97b1aa0a; jvm 1.8.0_362-b09
2023-04-19 02:33:34,306 [Listener at 127.0.0.1/39891] INFO  server.session (DefaultSessionIdManager.java:doStart(334)) - DefaultSessionIdManager workerName=node0
2023-04-19 02:33:34,306 [Listener at 127.0.0.1/39891] INFO  server.session (DefaultSessionIdManager.java:doStart(339)) - No SessionScavenger set, using defaults
2023-04-19 02:33:34,306 [Listener at 127.0.0.1/39891] INFO  server.session (HouseKeeper.java:startScavenging(132)) - node0 Scavenging every 660000ms
2023-04-19 02:33:34,307 [Listener at 127.0.0.1/39891] INFO  handler.ContextHandler (ContextHandler.java:doStart(921)) - Started o.e.j.s.ServletContextHandler@60e870d6{logs,/logs,file:///home/runner/work/ozone/ozone/hadoop-ozone/integration-test/target/log,AVAILABLE}
2023-04-19 02:33:34,308 [Listener at 127.0.0.1/39891] INFO  handler.ContextHandler (ContextHandler.java:doStart(921)) - Started o.e.j.s.ServletContextHandler@7c23c193{static,/static,file:///home/runner/work/ozone/ozone/hadoop-ozone/integration-test/target/test-classes/webapps/static,AVAILABLE}
2023-04-19 02:33:34,315 [Listener at 127.0.0.1/39891] INFO  handler.ContextHandler (ContextHandler.java:doStart(921)) - Started o.e.j.w.WebAppContext@6b38255b{ozoneManager,/,file:///home/runner/work/ozone/ozone/hadoop-ozone/integration-test/target/test-classes/webapps/ozoneManager/,AVAILABLE}{file:/home/runner/work/ozone/ozone/hadoop-ozone/integration-test/target/test-classes/webapps/ozoneManager}
2023-04-19 02:33:34,317 [Listener at 127.0.0.1/39891] INFO  server.AbstractConnector (AbstractConnector.java:doStart(333)) - Started ServerConnector@58d7fb91{HTTP/1.1, (http/1.1)}{0.0.0.0:34495}
2023-04-19 02:33:34,317 [Listener at 127.0.0.1/39891] INFO  server.Server (Server.java:doStart(415)) - Started @90325ms
2023-04-19 02:33:34,318 [Listener at 127.0.0.1/39891] WARN  impl.MetricsSystemImpl (MetricsSystemImpl.java:register(279)) - Sink prometheus already exists!
2023-04-19 02:33:34,318 [Listener at 127.0.0.1/39891] INFO  http.BaseHttpServer (BaseHttpServer.java:updateConnectorAddress(344)) - HTTP server of ozoneManager listening at http://0.0.0.0:34495
2023-04-19 02:33:34,319 [IPC Server Responder] INFO  ipc.Server (Server.java:run(1558)) - IPC Server Responder: starting
2023-04-19 02:33:34,328 [Listener at 127.0.0.1/39891] INFO  om.OzoneManager (OzoneManager.java:startTrashEmptier(2039)) - Trash Interval set to 0. Files deleted won't move to trash
2023-04-19 02:33:34,335 [IPC Server listener on 0] INFO  ipc.Server (Server.java:run(1398)) - IPC Server listener on 0: starting
2023-04-19 02:33:34,345 [org.apache.hadoop.util.JvmPauseMonitor$Monitor@175d681] INFO  util.JvmPauseMonitor (JvmPauseMonitor.java:run(188)) - Starting JVM pause monitor
2023-04-19 02:33:34,350 [Listener at 127.0.0.1/39891] WARN  impl.MetricRegistriesImpl (MetricRegistriesImpl.java:addReporterRegistration(111)) - New reporters are added after registries were created. Some metrics will be missing from the reporter. Please add reporter before adding any new registry.
2023-04-19 02:33:34,351 [Listener at 127.0.0.1/39891] WARN  impl.MetricRegistriesImpl (MetricRegistriesImpl.java:addReporterRegistration(111)) - New reporters are added after registries were created. Some metrics will be missing from the reporter. Please add reporter before adding any new registry.
2023-04-19 02:33:34,351 [Listener at 127.0.0.1/39891] INFO  impl.MetricsSystemImpl (MetricsSystemImpl.java:init(158)) - HddsDatanode metrics system started (again)
2023-04-19 02:33:34,365 [Listener at 127.0.0.1/39891] INFO  ozone.HddsDatanodeService (HddsDatanodeService.java:start(252)) - HddsDatanodeService host:fv-az127-56.h3uyzbqov44edfyrgkjongjtha.bx.internal.cloudapp.net ip:10.1.164.0
2023-04-19 02:33:34,386 [Listener at 127.0.0.1/39891] INFO  upgrade.AbstractLayoutVersionManager (AbstractLayoutVersionManager.java:init(83)) - Initializing Layout version manager with metadata layout = WEBUI_PORTS_IN_DATANODEDETAILS (version = 6), software layout = WEBUI_PORTS_IN_DATANODEDETAILS (version = 6)
2023-04-19 02:33:34,393 [SCMBlockDeletingService#0] DEBUG block.SCMBlockDeletingService (SCMBlockDeletingService.java:shouldRun(251)) - Check scm block delete run: false serviceStatus: PAUSING safemodeExitRunDelayMillis: 3000 alreadyWaitTimeInMillis: 1681871614393
2023-04-19 02:33:34,434 [Listener at 127.0.0.1/39891] INFO  reflections.Reflections (Reflections.java:scan(232)) - Reflections took 46 ms to scan 7 urls, producing 156 keys and 369 values 
2023-04-19 02:33:34,436 [Listener at 127.0.0.1/39891] INFO  statemachine.DatanodeStateMachine (DatanodeStateMachine.java:getEndPointTaskThreadPoolSize(260)) - Datanode State Machine Task Thread Pool size 2
2023-04-19 02:33:34,438 [Listener at 127.0.0.1/39891] INFO  volume.HddsVolume (HddsVolume.java:<init>(130)) - Creating HddsVolume: /home/runner/work/ozone/ozone/hadoop-ozone/integration-test/target/test-dir/MiniOzoneClusterImpl-fac7741a-db88-4542-9ed6-27af914485a4/datanode-0/data-0/containers/hdds of storage type : DISK capacity : 9223372036854775807
2023-04-19 02:33:34,438 [Listener at 127.0.0.1/39891] INFO  volume.MutableVolumeSet (MutableVolumeSet.java:initializeVolumeSet(175)) - Added Volume : /home/runner/work/ozone/ozone/hadoop-ozone/integration-test/target/test-dir/MiniOzoneClusterImpl-fac7741a-db88-4542-9ed6-27af914485a4/datanode-0/data-0/containers/hdds to VolumeSet
2023-04-19 02:33:34,439 [Listener at 127.0.0.1/39891] INFO  volume.ThrottledAsyncChecker (ThrottledAsyncChecker.java:schedule(141)) - Scheduling a check for /home/runner/work/ozone/ozone/hadoop-ozone/integration-test/target/test-dir/MiniOzoneClusterImpl-fac7741a-db88-4542-9ed6-27af914485a4/datanode-0/data-0/containers/hdds
2023-04-19 02:33:34,439 [Listener at 127.0.0.1/39891] INFO  volume.StorageVolumeChecker (StorageVolumeChecker.java:checkAllVolumes(202)) - Scheduled health check for volume /home/runner/work/ozone/ozone/hadoop-ozone/integration-test/target/test-dir/MiniOzoneClusterImpl-fac7741a-db88-4542-9ed6-27af914485a4/datanode-0/data-0/containers/hdds
2023-04-19 02:33:34,450 [Listener at 127.0.0.1/39891] INFO  volume.MutableVolumeSet (MutableVolumeSet.java:initializeVolumeSet(175)) - Added Volume : /home/runner/work/ozone/ozone/hadoop-ozone/integration-test/target/test-dir/MiniOzoneClusterImpl-fac7741a-db88-4542-9ed6-27af914485a4/datanode-0/data/ratis to VolumeSet
2023-04-19 02:33:34,450 [Listener at 127.0.0.1/39891] INFO  volume.ThrottledAsyncChecker (ThrottledAsyncChecker.java:schedule(141)) - Scheduling a check for /home/runner/work/ozone/ozone/hadoop-ozone/integration-test/target/test-dir/MiniOzoneClusterImpl-fac7741a-db88-4542-9ed6-27af914485a4/datanode-0/data/ratis
2023-04-19 02:33:34,450 [Listener at 127.0.0.1/39891] INFO  volume.StorageVolumeChecker (StorageVolumeChecker.java:checkAllVolumes(202)) - Scheduled health check for volume /home/runner/work/ozone/ozone/hadoop-ozone/integration-test/target/test-dir/MiniOzoneClusterImpl-fac7741a-db88-4542-9ed6-27af914485a4/datanode-0/data/ratis
2023-04-19 02:33:34,461 [Thread-1031] INFO  ozoneimpl.ContainerReader (ContainerReader.java:readVolume(175)) - Finish verifying containers on volume /home/runner/work/ozone/ozone/hadoop-ozone/integration-test/target/test-dir/MiniOzoneClusterImpl-fac7741a-db88-4542-9ed6-27af914485a4/datanode-0/data-0/containers/hdds
2023-04-19 02:33:34,461 [Listener at 127.0.0.1/39891] INFO  ozoneimpl.OzoneContainer (OzoneContainer.java:buildContainerSet(303)) - Build ContainerSet costs 0s
2023-04-19 02:33:34,463 [Listener at 127.0.0.1/39891] INFO  server.RaftServer (ConfUtils.java:logGet(46)) - raft.rpc.type = GRPC (default)
2023-04-19 02:33:34,463 [Listener at 127.0.0.1/39891] INFO  grpc.GrpcConfigKeys (ConfUtils.java:logFallback(53)) - raft.grpc.admin.host = null (fallback to raft.grpc.server.host)
2023-04-19 02:33:34,464 [Listener at 127.0.0.1/39891] INFO  grpc.GrpcConfigKeys (ConfUtils.java:logGet(46)) - raft.grpc.admin.port = 0 (custom)
2023-04-19 02:33:34,464 [Listener at 127.0.0.1/39891] INFO  grpc.GrpcConfigKeys (ConfUtils.java:logFallback(53)) - raft.grpc.client.host = null (fallback to raft.grpc.server.host)
2023-04-19 02:33:34,464 [Listener at 127.0.0.1/39891] INFO  grpc.GrpcConfigKeys (ConfUtils.java:logGet(46)) - raft.grpc.client.port = 0 (custom)
2023-04-19 02:33:34,464 [Listener at 127.0.0.1/39891] INFO  grpc.GrpcConfigKeys (ConfUtils.java:logGet(46)) - raft.grpc.server.host = null (default)
2023-04-19 02:33:34,464 [Listener at 127.0.0.1/39891] INFO  grpc.GrpcConfigKeys (ConfUtils.java:logGet(46)) - raft.grpc.server.port = 0 (default)
2023-04-19 02:33:34,464 [Listener at 127.0.0.1/39891] INFO  server.GrpcService (ConfUtils.java:logGet(46)) - raft.grpc.message.size.max = 32MB (=33554432) (custom)
2023-04-19 02:33:34,465 [Listener at 127.0.0.1/39891] INFO  server.RaftServerConfigKeys (ConfUtils.java:logGet(46)) - raft.server.log.appender.buffer.byte-limit = 33554432 (custom)
2023-04-19 02:33:34,465 [Listener at 127.0.0.1/39891] INFO  server.GrpcService (ConfUtils.java:logGet(46)) - raft.grpc.flow.control.window = 5MB (=5242880) (custom)
2023-04-19 02:33:34,465 [Listener at 127.0.0.1/39891] INFO  server.RaftServerConfigKeys (ConfUtils.java:logGet(46)) - raft.server.rpc.request.timeout = 60s (custom)
2023-04-19 02:33:34,465 [Listener at 127.0.0.1/39891] INFO  grpc.GrpcConfigKeys (ConfUtils.java:logGet(46)) - raft.grpc.server.heartbeat.channel = true (default)
2023-04-19 02:33:34,465 [Listener at 127.0.0.1/39891] INFO  grpc.GrpcConfigKeys (ConfUtils.java:logGet(46)) - raft.grpc.server.async.request.thread.pool.cached = true (default)
2023-04-19 02:33:34,465 [Listener at 127.0.0.1/39891] INFO  grpc.GrpcConfigKeys (ConfUtils.java:logGet(46)) - raft.grpc.server.async.request.thread.pool.size = 32 (default)
2023-04-19 02:33:34,467 [Listener at 127.0.0.1/39891] INFO  impl.DataStreamServerImpl (ConfUtils.java:logGet(46)) - raft.datastream.type = NETTY (custom)
2023-04-19 02:33:34,467 [Listener at 127.0.0.1/39891] INFO  server.RaftServerConfigKeys (ConfUtils.java:logGet(46)) - raft.server.data-stream.async.request.thread.pool.cached = false (default)
2023-04-19 02:33:34,467 [Listener at 127.0.0.1/39891] INFO  server.RaftServerConfigKeys (ConfUtils.java:logGet(46)) - raft.server.data-stream.async.request.thread.pool.size = 20 (custom)
2023-04-19 02:33:34,467 [Listener at 127.0.0.1/39891] INFO  server.RaftServerConfigKeys (ConfUtils.java:logGet(46)) - raft.server.data-stream.async.write.thread.pool.size = 16 (default)
2023-04-19 02:33:34,467 [Listener at 127.0.0.1/39891] INFO  server.RaftServerConfigKeys (ConfUtils.java:logGet(46)) - raft.server.data-stream.client.pool.size = 10 (default)
2023-04-19 02:33:34,468 [Listener at 127.0.0.1/39891] INFO  netty.NettyConfigKeys$DataStream (ConfUtils.java:logGet(46)) - raft.netty.dataStream.server.use-epoll = false (default)
2023-04-19 02:33:34,468 [Listener at 127.0.0.1/39891] INFO  netty.NettyConfigKeys$DataStream (ConfUtils.java:logGet(46)) - raft.netty.dataStream.server.boss-group.size = 0 (default)
2023-04-19 02:33:34,468 [Listener at 127.0.0.1/39891] INFO  netty.NettyConfigKeys$DataStream (ConfUtils.java:logGet(46)) - raft.netty.dataStream.server.worker-group.size = 0 (default)
2023-04-19 02:33:34,469 [Listener at 127.0.0.1/39891] INFO  netty.NettyConfigKeys$DataStream (ConfUtils.java:logGet(46)) - raft.netty.dataStream.server.tls.conf = null (default)
2023-04-19 02:33:34,469 [Listener at 127.0.0.1/39891] INFO  netty.NettyConfigKeys$DataStream (ConfUtils.java:logGet(46)) - raft.netty.dataStream.host = null (default)
2023-04-19 02:33:34,469 [Listener at 127.0.0.1/39891] INFO  netty.NettyConfigKeys$DataStream (ConfUtils.java:logGet(46)) - raft.netty.dataStream.port = 0 (default)
2023-04-19 02:33:34,470 [Listener at 127.0.0.1/39891] INFO  server.RaftServerConfigKeys (ConfUtils.java:logGet(46)) - raft.server.threadpool.proxy.cached = true (default)
2023-04-19 02:33:34,470 [Listener at 127.0.0.1/39891] INFO  server.RaftServerConfigKeys (ConfUtils.java:logGet(46)) - raft.server.threadpool.proxy.size = 0 (default)
2023-04-19 02:33:34,470 [Listener at 127.0.0.1/39891] INFO  server.RaftServerConfigKeys (ConfUtils.java:logGet(46)) - raft.server.rpc.slowness.timeout = 300s (custom)
2023-04-19 02:33:34,470 [Listener at 127.0.0.1/39891] INFO  server.RaftServerConfigKeys (ConfUtils.java:logGet(46)) - raft.server.leaderelection.leader.step-down.wait-time = 10s (default)
2023-04-19 02:33:34,470 [Listener at 127.0.0.1/39891] INFO  server.RaftServerConfigKeys (ConfUtils.java:logGet(46)) - raft.server.storage.dir = [/home/runner/work/ozone/ozone/hadoop-ozone/integration-test/target/test-dir/MiniOzoneClusterImpl-fac7741a-db88-4542-9ed6-27af914485a4/datanode-0/data/ratis] (custom)
2023-04-19 02:33:34,472 [Listener at 127.0.0.1/39891] INFO  server.XceiverServerGrpc (XceiverServerGrpc.java:<init>(132)) - GrpcServer channel type EpollServerSocketChannel
2023-04-19 02:33:34,475 [457148a9-726e-4dee-b9dd-7b4b55ffa2f6-NettyServerStreamRpc-bossGroup--thread1] INFO  logging.LoggingHandler (AbstractInternalLogger.java:log(148)) - [id: 0x3f432a6d] REGISTERED
2023-04-19 02:33:34,475 [457148a9-726e-4dee-b9dd-7b4b55ffa2f6-NettyServerStreamRpc-bossGroup--thread1] INFO  logging.LoggingHandler (AbstractInternalLogger.java:log(148)) - [id: 0x3f432a6d] BIND: 0.0.0.0/0.0.0.0:0
2023-04-19 02:33:34,475 [457148a9-726e-4dee-b9dd-7b4b55ffa2f6-NettyServerStreamRpc-bossGroup--thread1] INFO  logging.LoggingHandler (AbstractInternalLogger.java:log(148)) - [id: 0x3f432a6d, L:/0:0:0:0:0:0:0:0:34975] ACTIVE
2023-04-19 02:33:34,476 [Listener at 127.0.0.1/39891] INFO  http.BaseHttpServer (BaseHttpServer.java:newHttpServer2BuilderForOzone(224)) - Starting Web-server for hddsDatanode at: http://0.0.0.0:0
2023-04-19 02:33:34,476 [Listener at 127.0.0.1/39891] INFO  http.BaseHttpServer (BaseHttpServer.java:<init>(111)) - Hadoop Security Enabled: false Ozone Security Enabled: false Ozone HTTP Security Enabled: false 
2023-04-19 02:33:34,477 [Listener at 127.0.0.1/39891] WARN  server.AuthenticationFilter (AuthenticationFilter.java:constructSecretProvider(240)) - Unable to initialize FileSignerSecretProvider, falling back to use random secrets. Reason: Could not read signature secret file: /home/runner/hadoop-http-auth-signature-secret
2023-04-19 02:33:34,480 [Listener at 127.0.0.1/39891] INFO  http.HttpRequestLog (HttpRequestLog.java:getRequestLog(86)) - Http request log for http.requests.hddsDatanode is not defined
2023-04-19 02:33:34,482 [Listener at 127.0.0.1/39891] INFO  http.HttpServer2 (HttpServer2.java:addGlobalFilter(1031)) - Added global filter 'safety' (class=org.apache.hadoop.hdds.server.http.HttpServer2$QuotingInputFilter)
2023-04-19 02:33:34,482 [Listener at 127.0.0.1/39891] INFO  http.HttpServer2 (HttpServer2.java:addFilter(1007)) - Added filter static_user_filter (class=org.apache.hadoop.http.lib.StaticUserWebFilter$StaticUserFilter) to context hddsDatanode
2023-04-19 02:33:34,482 [Listener at 127.0.0.1/39891] INFO  http.HttpServer2 (HttpServer2.java:addFilter(1015)) - Added filter static_user_filter (class=org.apache.hadoop.http.lib.StaticUserWebFilter$StaticUserFilter) to context logs
2023-04-19 02:33:34,483 [Listener at 127.0.0.1/39891] INFO  http.HttpServer2 (HttpServer2.java:addFilter(1015)) - Added filter static_user_filter (class=org.apache.hadoop.http.lib.StaticUserWebFilter$StaticUserFilter) to context static
2023-04-19 02:33:34,483 [Listener at 127.0.0.1/39891] INFO  http.BaseHttpServer (BaseHttpServer.java:<init>(190)) - HTTP server of hddsDatanode uses base directory /home/runner/work/ozone/ozone/hadoop-ozone/integration-test/target/test-dir/MiniOzoneClusterImpl-fac7741a-db88-4542-9ed6-27af914485a4/datanode-0/meta/webserver
2023-04-19 02:33:34,483 [Listener at 127.0.0.1/39891] INFO  http.HttpServer2 (HttpServer2.java:bindListener(1250)) - Jetty bound to port 35673
2023-04-19 02:33:34,484 [Listener at 127.0.0.1/39891] INFO  server.Server (Server.java:doStart(375)) - jetty-9.4.49.v20220914; built: 2022-09-14T01:07:36.601Z; git: 4231a3b2e4cb8548a412a789936d640a97b1aa0a; jvm 1.8.0_362-b09
2023-04-19 02:33:34,489 [Listener at 127.0.0.1/39891] INFO  server.session (DefaultSessionIdManager.java:doStart(334)) - DefaultSessionIdManager workerName=node0
2023-04-19 02:33:34,489 [Listener at 127.0.0.1/39891] INFO  server.session (DefaultSessionIdManager.java:doStart(339)) - No SessionScavenger set, using defaults
2023-04-19 02:33:34,490 [Listener at 127.0.0.1/39891] INFO  server.session (HouseKeeper.java:startScavenging(132)) - node0 Scavenging every 660000ms
2023-04-19 02:33:34,490 [Listener at 127.0.0.1/39891] INFO  handler.ContextHandler (ContextHandler.java:doStart(921)) - Started o.e.j.s.ServletContextHandler@31dc1f9e{logs,/logs,file:///home/runner/work/ozone/ozone/hadoop-ozone/integration-test/target/log,AVAILABLE}
2023-04-19 02:33:34,491 [Listener at 127.0.0.1/39891] INFO  handler.ContextHandler (ContextHandler.java:doStart(921)) - Started o.e.j.s.ServletContextHandler@4fbe2001{static,/static,jar:file:/home/runner/.m2/repository/org/apache/ozone/hdds-container-service/1.4.0-SNAPSHOT/hdds-container-service-1.4.0-SNAPSHOT.jar!/webapps/static,AVAILABLE}
2023-04-19 02:33:34,493 [SCMBlockDeletingService#0] DEBUG block.SCMBlockDeletingService (SCMBlockDeletingService.java:shouldRun(251)) - Check scm block delete run: false serviceStatus: PAUSING safemodeExitRunDelayMillis: 3000 alreadyWaitTimeInMillis: 1681871614493
2023-04-19 02:33:34,593 [SCMBlockDeletingService#0] DEBUG block.SCMBlockDeletingService (SCMBlockDeletingService.java:shouldRun(251)) - Check scm block delete run: false serviceStatus: PAUSING safemodeExitRunDelayMillis: 3000 alreadyWaitTimeInMillis: 1681871614593
2023-04-19 02:33:34,685 [Listener at 127.0.0.1/39891] INFO  handler.ContextHandler (ContextHandler.java:doStart(921)) - Started o.e.j.w.WebAppContext@6bde588{hddsDatanode,/,file:///home/runner/work/ozone/ozone/hadoop-ozone/integration-test/target/test-dir/MiniOzoneClusterImpl-fac7741a-db88-4542-9ed6-27af914485a4/datanode-0/meta/webserver/jetty-0_0_0_0-35673-hdds-container-service-1_4_0-SNAPSHOT_jar-_-any-5840684726060181214/webapp/,AVAILABLE}{jar:file:/home/runner/.m2/repository/org/apache/ozone/hdds-container-service/1.4.0-SNAPSHOT/hdds-container-service-1.4.0-SNAPSHOT.jar!/webapps/hddsDatanode}
2023-04-19 02:33:34,686 [Listener at 127.0.0.1/39891] INFO  server.AbstractConnector (AbstractConnector.java:doStart(333)) - Started ServerConnector@3c93c327{HTTP/1.1, (http/1.1)}{0.0.0.0:35673}
2023-04-19 02:33:34,687 [Listener at 127.0.0.1/39891] INFO  server.Server (Server.java:doStart(415)) - Started @90694ms
2023-04-19 02:33:34,687 [Listener at 127.0.0.1/39891] WARN  impl.MetricsSystemImpl (MetricsSystemImpl.java:register(279)) - Sink prometheus already exists!
2023-04-19 02:33:34,688 [Listener at 127.0.0.1/39891] INFO  http.BaseHttpServer (BaseHttpServer.java:updateConnectorAddress(344)) - HTTP server of hddsDatanode listening at http://0.0.0.0:35673
2023-04-19 02:33:34,688 [Datanode State Machine Daemon Thread] INFO  statemachine.DatanodeStateMachine (DatanodeStateMachine.java:lambda$startDaemon$0(517)) - Ozone container server started.
2023-04-19 02:33:34,693 [Listener at 127.0.0.1/39891] WARN  impl.MetricRegistriesImpl (MetricRegistriesImpl.java:addReporterRegistration(111)) - New reporters are added after registries were created. Some metrics will be missing from the reporter. Please add reporter before adding any new registry.
2023-04-19 02:33:34,693 [Listener at 127.0.0.1/39891] WARN  impl.MetricRegistriesImpl (MetricRegistriesImpl.java:addReporterRegistration(111)) - New reporters are added after registries were created. Some metrics will be missing from the reporter. Please add reporter before adding any new registry.
2023-04-19 02:33:34,693 [Listener at 127.0.0.1/39891] INFO  impl.MetricsSystemImpl (MetricsSystemImpl.java:init(158)) - HddsDatanode metrics system started (again)
2023-04-19 02:33:34,693 [SCMBlockDeletingService#0] DEBUG block.SCMBlockDeletingService (SCMBlockDeletingService.java:shouldRun(251)) - Check scm block delete run: false serviceStatus: PAUSING safemodeExitRunDelayMillis: 3000 alreadyWaitTimeInMillis: 1681871614693
2023-04-19 02:33:34,699 [org.apache.hadoop.util.JvmPauseMonitor$Monitor@1eab4c52] INFO  util.JvmPauseMonitor (JvmPauseMonitor.java:run(188)) - Starting JVM pause monitor
2023-04-19 02:33:34,706 [Listener at 127.0.0.1/39891] INFO  ozone.HddsDatanodeService (HddsDatanodeService.java:start(252)) - HddsDatanodeService host:fv-az127-56.h3uyzbqov44edfyrgkjongjtha.bx.internal.cloudapp.net ip:10.1.164.0
2023-04-19 02:33:34,707 [Datanode State Machine Task Thread - 0] INFO  datanode.InitDatanodeState (InitDatanodeState.java:persistContainerDatanodeDetails(138)) - DatanodeDetails is persisted to /home/runner/work/ozone/ozone/hadoop-ozone/integration-test/target/test-dir/MiniOzoneClusterImpl-fac7741a-db88-4542-9ed6-27af914485a4/datanode-0/meta/datanode.id
2023-04-19 02:33:34,724 [Listener at 127.0.0.1/39891] INFO  upgrade.AbstractLayoutVersionManager (AbstractLayoutVersionManager.java:init(83)) - Initializing Layout version manager with metadata layout = WEBUI_PORTS_IN_DATANODEDETAILS (version = 6), software layout = WEBUI_PORTS_IN_DATANODEDETAILS (version = 6)
2023-04-19 02:33:34,774 [Listener at 127.0.0.1/39891] INFO  reflections.Reflections (Reflections.java:scan(232)) - Reflections took 49 ms to scan 7 urls, producing 156 keys and 369 values 
2023-04-19 02:33:34,776 [Listener at 127.0.0.1/39891] INFO  statemachine.DatanodeStateMachine (DatanodeStateMachine.java:getEndPointTaskThreadPoolSize(260)) - Datanode State Machine Task Thread Pool size 2
2023-04-19 02:33:34,781 [Listener at 127.0.0.1/39891] INFO  volume.HddsVolume (HddsVolume.java:<init>(130)) - Creating HddsVolume: /home/runner/work/ozone/ozone/hadoop-ozone/integration-test/target/test-dir/MiniOzoneClusterImpl-fac7741a-db88-4542-9ed6-27af914485a4/datanode-1/data-0/containers/hdds of storage type : DISK capacity : 9223372036854775807
2023-04-19 02:33:34,782 [Listener at 127.0.0.1/39891] INFO  volume.MutableVolumeSet (MutableVolumeSet.java:initializeVolumeSet(175)) - Added Volume : /home/runner/work/ozone/ozone/hadoop-ozone/integration-test/target/test-dir/MiniOzoneClusterImpl-fac7741a-db88-4542-9ed6-27af914485a4/datanode-1/data-0/containers/hdds to VolumeSet
2023-04-19 02:33:34,782 [Listener at 127.0.0.1/39891] INFO  volume.ThrottledAsyncChecker (ThrottledAsyncChecker.java:schedule(141)) - Scheduling a check for /home/runner/work/ozone/ozone/hadoop-ozone/integration-test/target/test-dir/MiniOzoneClusterImpl-fac7741a-db88-4542-9ed6-27af914485a4/datanode-1/data-0/containers/hdds
2023-04-19 02:33:34,789 [Listener at 127.0.0.1/39891] INFO  volume.StorageVolumeChecker (StorageVolumeChecker.java:checkAllVolumes(202)) - Scheduled health check for volume /home/runner/work/ozone/ozone/hadoop-ozone/integration-test/target/test-dir/MiniOzoneClusterImpl-fac7741a-db88-4542-9ed6-27af914485a4/datanode-1/data-0/containers/hdds
2023-04-19 02:33:34,793 [SCMBlockDeletingService#0] DEBUG block.SCMBlockDeletingService (SCMBlockDeletingService.java:shouldRun(251)) - Check scm block delete run: false serviceStatus: PAUSING safemodeExitRunDelayMillis: 3000 alreadyWaitTimeInMillis: 1681871614793
2023-04-19 02:33:34,802 [Listener at 127.0.0.1/39891] INFO  volume.MutableVolumeSet (MutableVolumeSet.java:initializeVolumeSet(175)) - Added Volume : /home/runner/work/ozone/ozone/hadoop-ozone/integration-test/target/test-dir/MiniOzoneClusterImpl-fac7741a-db88-4542-9ed6-27af914485a4/datanode-1/data/ratis to VolumeSet
2023-04-19 02:33:34,802 [Listener at 127.0.0.1/39891] INFO  volume.ThrottledAsyncChecker (ThrottledAsyncChecker.java:schedule(141)) - Scheduling a check for /home/runner/work/ozone/ozone/hadoop-ozone/integration-test/target/test-dir/MiniOzoneClusterImpl-fac7741a-db88-4542-9ed6-27af914485a4/datanode-1/data/ratis
2023-04-19 02:33:34,802 [Listener at 127.0.0.1/39891] INFO  volume.StorageVolumeChecker (StorageVolumeChecker.java:checkAllVolumes(202)) - Scheduled health check for volume /home/runner/work/ozone/ozone/hadoop-ozone/integration-test/target/test-dir/MiniOzoneClusterImpl-fac7741a-db88-4542-9ed6-27af914485a4/datanode-1/data/ratis
2023-04-19 02:33:34,818 [Thread-1045] INFO  ozoneimpl.ContainerReader (ContainerReader.java:readVolume(175)) - Finish verifying containers on volume /home/runner/work/ozone/ozone/hadoop-ozone/integration-test/target/test-dir/MiniOzoneClusterImpl-fac7741a-db88-4542-9ed6-27af914485a4/datanode-1/data-0/containers/hdds
2023-04-19 02:33:34,818 [Listener at 127.0.0.1/39891] INFO  ozoneimpl.OzoneContainer (OzoneContainer.java:buildContainerSet(303)) - Build ContainerSet costs 0s
2023-04-19 02:33:34,821 [Listener at 127.0.0.1/39891] INFO  server.RaftServer (ConfUtils.java:logGet(46)) - raft.rpc.type = GRPC (default)
2023-04-19 02:33:34,821 [Listener at 127.0.0.1/39891] INFO  grpc.GrpcConfigKeys (ConfUtils.java:logFallback(53)) - raft.grpc.admin.host = null (fallback to raft.grpc.server.host)
2023-04-19 02:33:34,821 [Listener at 127.0.0.1/39891] INFO  grpc.GrpcConfigKeys (ConfUtils.java:logGet(46)) - raft.grpc.admin.port = 0 (custom)
2023-04-19 02:33:34,821 [Listener at 127.0.0.1/39891] INFO  grpc.GrpcConfigKeys (ConfUtils.java:logFallback(53)) - raft.grpc.client.host = null (fallback to raft.grpc.server.host)
2023-04-19 02:33:34,822 [Listener at 127.0.0.1/39891] INFO  grpc.GrpcConfigKeys (ConfUtils.java:logGet(46)) - raft.grpc.client.port = 0 (custom)
2023-04-19 02:33:34,822 [Listener at 127.0.0.1/39891] INFO  grpc.GrpcConfigKeys (ConfUtils.java:logGet(46)) - raft.grpc.server.host = null (default)
2023-04-19 02:33:34,822 [Listener at 127.0.0.1/39891] INFO  grpc.GrpcConfigKeys (ConfUtils.java:logGet(46)) - raft.grpc.server.port = 0 (default)
2023-04-19 02:33:34,822 [Listener at 127.0.0.1/39891] INFO  server.GrpcService (ConfUtils.java:logGet(46)) - raft.grpc.message.size.max = 32MB (=33554432) (custom)
2023-04-19 02:33:34,822 [Listener at 127.0.0.1/39891] INFO  server.RaftServerConfigKeys (ConfUtils.java:logGet(46)) - raft.server.log.appender.buffer.byte-limit = 33554432 (custom)
2023-04-19 02:33:34,822 [Listener at 127.0.0.1/39891] INFO  server.GrpcService (ConfUtils.java:logGet(46)) - raft.grpc.flow.control.window = 5MB (=5242880) (custom)
2023-04-19 02:33:34,823 [Listener at 127.0.0.1/39891] INFO  server.RaftServerConfigKeys (ConfUtils.java:logGet(46)) - raft.server.rpc.request.timeout = 60s (custom)
2023-04-19 02:33:34,823 [Listener at 127.0.0.1/39891] INFO  grpc.GrpcConfigKeys (ConfUtils.java:logGet(46)) - raft.grpc.server.heartbeat.channel = true (default)
2023-04-19 02:33:34,823 [Listener at 127.0.0.1/39891] INFO  grpc.GrpcConfigKeys (ConfUtils.java:logGet(46)) - raft.grpc.server.async.request.thread.pool.cached = true (default)
2023-04-19 02:33:34,823 [Listener at 127.0.0.1/39891] INFO  grpc.GrpcConfigKeys (ConfUtils.java:logGet(46)) - raft.grpc.server.async.request.thread.pool.size = 32 (default)
2023-04-19 02:33:34,824 [Listener at 127.0.0.1/39891] INFO  impl.DataStreamServerImpl (ConfUtils.java:logGet(46)) - raft.datastream.type = NETTY (custom)
2023-04-19 02:33:34,825 [Listener at 127.0.0.1/39891] INFO  server.RaftServerConfigKeys (ConfUtils.java:logGet(46)) - raft.server.data-stream.async.request.thread.pool.cached = false (default)
2023-04-19 02:33:34,825 [Listener at 127.0.0.1/39891] INFO  server.RaftServerConfigKeys (ConfUtils.java:logGet(46)) - raft.server.data-stream.async.request.thread.pool.size = 20 (custom)
2023-04-19 02:33:34,825 [Listener at 127.0.0.1/39891] INFO  server.RaftServerConfigKeys (ConfUtils.java:logGet(46)) - raft.server.data-stream.async.write.thread.pool.size = 16 (default)
2023-04-19 02:33:34,826 [Listener at 127.0.0.1/39891] INFO  server.RaftServerConfigKeys (ConfUtils.java:logGet(46)) - raft.server.data-stream.client.pool.size = 10 (default)
2023-04-19 02:33:34,826 [Listener at 127.0.0.1/39891] INFO  netty.NettyConfigKeys$DataStream (ConfUtils.java:logGet(46)) - raft.netty.dataStream.server.use-epoll = false (default)
2023-04-19 02:33:34,826 [Listener at 127.0.0.1/39891] INFO  netty.NettyConfigKeys$DataStream (ConfUtils.java:logGet(46)) - raft.netty.dataStream.server.boss-group.size = 0 (default)
2023-04-19 02:33:34,826 [Listener at 127.0.0.1/39891] INFO  netty.NettyConfigKeys$DataStream (ConfUtils.java:logGet(46)) - raft.netty.dataStream.server.worker-group.size = 0 (default)
2023-04-19 02:33:34,827 [Listener at 127.0.0.1/39891] INFO  netty.NettyConfigKeys$DataStream (ConfUtils.java:logGet(46)) - raft.netty.dataStream.server.tls.conf = null (default)
2023-04-19 02:33:34,827 [Listener at 127.0.0.1/39891] INFO  netty.NettyConfigKeys$DataStream (ConfUtils.java:logGet(46)) - raft.netty.dataStream.host = null (default)
2023-04-19 02:33:34,827 [Listener at 127.0.0.1/39891] INFO  netty.NettyConfigKeys$DataStream (ConfUtils.java:logGet(46)) - raft.netty.dataStream.port = 0 (default)
2023-04-19 02:33:34,828 [Listener at 127.0.0.1/39891] INFO  server.RaftServerConfigKeys (ConfUtils.java:logGet(46)) - raft.server.threadpool.proxy.cached = true (default)
2023-04-19 02:33:34,828 [Listener at 127.0.0.1/39891] INFO  server.RaftServerConfigKeys (ConfUtils.java:logGet(46)) - raft.server.threadpool.proxy.size = 0 (default)
2023-04-19 02:33:34,828 [Listener at 127.0.0.1/39891] INFO  server.RaftServerConfigKeys (ConfUtils.java:logGet(46)) - raft.server.rpc.slowness.timeout = 300s (custom)
2023-04-19 02:33:34,828 [Listener at 127.0.0.1/39891] INFO  server.RaftServerConfigKeys (ConfUtils.java:logGet(46)) - raft.server.leaderelection.leader.step-down.wait-time = 10s (default)
2023-04-19 02:33:34,828 [Listener at 127.0.0.1/39891] INFO  server.RaftServerConfigKeys (ConfUtils.java:logGet(46)) - raft.server.storage.dir = [/home/runner/work/ozone/ozone/hadoop-ozone/integration-test/target/test-dir/MiniOzoneClusterImpl-fac7741a-db88-4542-9ed6-27af914485a4/datanode-1/data/ratis] (custom)
2023-04-19 02:33:34,833 [2fc7e044-034b-4d4d-85e4-65e0422d519b-NettyServerStreamRpc-bossGroup--thread1] INFO  logging.LoggingHandler (AbstractInternalLogger.java:log(148)) - [id: 0xcad68b60] REGISTERED
2023-04-19 02:33:34,833 [2fc7e044-034b-4d4d-85e4-65e0422d519b-NettyServerStreamRpc-bossGroup--thread1] INFO  logging.LoggingHandler (AbstractInternalLogger.java:log(148)) - [id: 0xcad68b60] BIND: 0.0.0.0/0.0.0.0:0
2023-04-19 02:33:34,833 [2fc7e044-034b-4d4d-85e4-65e0422d519b-NettyServerStreamRpc-bossGroup--thread1] INFO  logging.LoggingHandler (AbstractInternalLogger.java:log(148)) - [id: 0xcad68b60, L:/0:0:0:0:0:0:0:0:34951] ACTIVE
2023-04-19 02:33:34,834 [Listener at 127.0.0.1/39891] INFO  server.XceiverServerGrpc (XceiverServerGrpc.java:<init>(132)) - GrpcServer channel type EpollServerSocketChannel
2023-04-19 02:33:34,838 [Listener at 127.0.0.1/39891] INFO  http.BaseHttpServer (BaseHttpServer.java:newHttpServer2BuilderForOzone(224)) - Starting Web-server for hddsDatanode at: http://0.0.0.0:0
2023-04-19 02:33:34,839 [Listener at 127.0.0.1/39891] INFO  http.BaseHttpServer (BaseHttpServer.java:<init>(111)) - Hadoop Security Enabled: false Ozone Security Enabled: false Ozone HTTP Security Enabled: false 
2023-04-19 02:33:34,840 [Listener at 127.0.0.1/39891] WARN  server.AuthenticationFilter (AuthenticationFilter.java:constructSecretProvider(240)) - Unable to initialize FileSignerSecretProvider, falling back to use random secrets. Reason: Could not read signature secret file: /home/runner/hadoop-http-auth-signature-secret
2023-04-19 02:33:34,841 [Listener at 127.0.0.1/39891] INFO  http.HttpRequestLog (HttpRequestLog.java:getRequestLog(86)) - Http request log for http.requests.hddsDatanode is not defined
2023-04-19 02:33:34,842 [Listener at 127.0.0.1/39891] INFO  http.HttpServer2 (HttpServer2.java:addGlobalFilter(1031)) - Added global filter 'safety' (class=org.apache.hadoop.hdds.server.http.HttpServer2$QuotingInputFilter)
2023-04-19 02:33:34,844 [Listener at 127.0.0.1/39891] INFO  http.HttpServer2 (HttpServer2.java:addFilter(1007)) - Added filter static_user_filter (class=org.apache.hadoop.http.lib.StaticUserWebFilter$StaticUserFilter) to context hddsDatanode
2023-04-19 02:33:34,845 [Listener at 127.0.0.1/39891] INFO  http.HttpServer2 (HttpServer2.java:addFilter(1015)) - Added filter static_user_filter (class=org.apache.hadoop.http.lib.StaticUserWebFilter$StaticUserFilter) to context logs
2023-04-19 02:33:34,845 [Listener at 127.0.0.1/39891] INFO  http.HttpServer2 (HttpServer2.java:addFilter(1015)) - Added filter static_user_filter (class=org.apache.hadoop.http.lib.StaticUserWebFilter$StaticUserFilter) to context static
2023-04-19 02:33:34,845 [Listener at 127.0.0.1/39891] INFO  http.BaseHttpServer (BaseHttpServer.java:<init>(190)) - HTTP server of hddsDatanode uses base directory /home/runner/work/ozone/ozone/hadoop-ozone/integration-test/target/test-dir/MiniOzoneClusterImpl-fac7741a-db88-4542-9ed6-27af914485a4/datanode-1/meta/webserver
2023-04-19 02:33:34,846 [Listener at 127.0.0.1/39891] INFO  http.HttpServer2 (HttpServer2.java:bindListener(1250)) - Jetty bound to port 40283
2023-04-19 02:33:34,846 [Listener at 127.0.0.1/39891] INFO  server.Server (Server.java:doStart(375)) - jetty-9.4.49.v20220914; built: 2022-09-14T01:07:36.601Z; git: 4231a3b2e4cb8548a412a789936d640a97b1aa0a; jvm 1.8.0_362-b09
2023-04-19 02:33:34,847 [Listener at 127.0.0.1/39891] INFO  server.session (DefaultSessionIdManager.java:doStart(334)) - DefaultSessionIdManager workerName=node0
2023-04-19 02:33:34,847 [Listener at 127.0.0.1/39891] INFO  server.session (DefaultSessionIdManager.java:doStart(339)) - No SessionScavenger set, using defaults
2023-04-19 02:33:34,848 [Listener at 127.0.0.1/39891] INFO  server.session (HouseKeeper.java:startScavenging(132)) - node0 Scavenging every 660000ms
2023-04-19 02:33:34,848 [Listener at 127.0.0.1/39891] INFO  handler.ContextHandler (ContextHandler.java:doStart(921)) - Started o.e.j.s.ServletContextHandler@14d1938b{logs,/logs,file:///home/runner/work/ozone/ozone/hadoop-ozone/integration-test/target/log,AVAILABLE}
2023-04-19 02:33:34,849 [Listener at 127.0.0.1/39891] INFO  handler.ContextHandler (ContextHandler.java:doStart(921)) - Started o.e.j.s.ServletContextHandler@326b6c85{static,/static,jar:file:/home/runner/.m2/repository/org/apache/ozone/hdds-container-service/1.4.0-SNAPSHOT/hdds-container-service-1.4.0-SNAPSHOT.jar!/webapps/static,AVAILABLE}
2023-04-19 02:33:34,894 [SCMBlockDeletingService#0] DEBUG block.SCMBlockDeletingService (SCMBlockDeletingService.java:shouldRun(251)) - Check scm block delete run: false serviceStatus: PAUSING safemodeExitRunDelayMillis: 3000 alreadyWaitTimeInMillis: 1681871614894
2023-04-19 02:33:34,994 [SCMBlockDeletingService#0] DEBUG block.SCMBlockDeletingService (SCMBlockDeletingService.java:shouldRun(251)) - Check scm block delete run: false serviceStatus: PAUSING safemodeExitRunDelayMillis: 3000 alreadyWaitTimeInMillis: 1681871614994
2023-04-19 02:33:35,094 [SCMBlockDeletingService#0] DEBUG block.SCMBlockDeletingService (SCMBlockDeletingService.java:shouldRun(251)) - Check scm block delete run: false serviceStatus: PAUSING safemodeExitRunDelayMillis: 3000 alreadyWaitTimeInMillis: 1681871615094
2023-04-19 02:33:35,104 [Listener at 127.0.0.1/39891] INFO  handler.ContextHandler (ContextHandler.java:doStart(921)) - Started o.e.j.w.WebAppContext@3714962f{hddsDatanode,/,file:///home/runner/work/ozone/ozone/hadoop-ozone/integration-test/target/test-dir/MiniOzoneClusterImpl-fac7741a-db88-4542-9ed6-27af914485a4/datanode-1/meta/webserver/jetty-0_0_0_0-40283-hdds-container-service-1_4_0-SNAPSHOT_jar-_-any-1116519150478499243/webapp/,AVAILABLE}{jar:file:/home/runner/.m2/repository/org/apache/ozone/hdds-container-service/1.4.0-SNAPSHOT/hdds-container-service-1.4.0-SNAPSHOT.jar!/webapps/hddsDatanode}
2023-04-19 02:33:35,105 [Listener at 127.0.0.1/39891] INFO  server.AbstractConnector (AbstractConnector.java:doStart(333)) - Started ServerConnector@59f4a57e{HTTP/1.1, (http/1.1)}{0.0.0.0:40283}
2023-04-19 02:33:35,105 [Listener at 127.0.0.1/39891] INFO  server.Server (Server.java:doStart(415)) - Started @91113ms
2023-04-19 02:33:35,105 [Listener at 127.0.0.1/39891] WARN  impl.MetricsSystemImpl (MetricsSystemImpl.java:register(279)) - Sink prometheus already exists!
2023-04-19 02:33:35,106 [Listener at 127.0.0.1/39891] INFO  http.BaseHttpServer (BaseHttpServer.java:updateConnectorAddress(344)) - HTTP server of hddsDatanode listening at http://0.0.0.0:40283
2023-04-19 02:33:35,107 [Listener at 127.0.0.1/39891] WARN  impl.MetricRegistriesImpl (MetricRegistriesImpl.java:addReporterRegistration(111)) - New reporters are added after registries were created. Some metrics will be missing from the reporter. Please add reporter before adding any new registry.
2023-04-19 02:33:35,108 [Listener at 127.0.0.1/39891] WARN  impl.MetricRegistriesImpl (MetricRegistriesImpl.java:addReporterRegistration(111)) - New reporters are added after registries were created. Some metrics will be missing from the reporter. Please add reporter before adding any new registry.
2023-04-19 02:33:35,108 [Listener at 127.0.0.1/39891] INFO  impl.MetricsSystemImpl (MetricsSystemImpl.java:init(158)) - HddsDatanode metrics system started (again)
2023-04-19 02:33:35,116 [Datanode State Machine Daemon Thread] INFO  statemachine.DatanodeStateMachine (DatanodeStateMachine.java:lambda$startDaemon$0(517)) - Ozone container server started.
2023-04-19 02:33:35,120 [Listener at 127.0.0.1/39891] INFO  ozone.HddsDatanodeService (HddsDatanodeService.java:start(252)) - HddsDatanodeService host:fv-az127-56.h3uyzbqov44edfyrgkjongjtha.bx.internal.cloudapp.net ip:10.1.164.0
2023-04-19 02:33:35,127 [org.apache.hadoop.util.JvmPauseMonitor$Monitor@1a5e603b] INFO  util.JvmPauseMonitor (JvmPauseMonitor.java:run(188)) - Starting JVM pause monitor
2023-04-19 02:33:35,132 [Datanode State Machine Task Thread - 0] INFO  datanode.InitDatanodeState (InitDatanodeState.java:persistContainerDatanodeDetails(138)) - DatanodeDetails is persisted to /home/runner/work/ozone/ozone/hadoop-ozone/integration-test/target/test-dir/MiniOzoneClusterImpl-fac7741a-db88-4542-9ed6-27af914485a4/datanode-1/meta/datanode.id
2023-04-19 02:33:35,148 [Listener at 127.0.0.1/39891] INFO  upgrade.AbstractLayoutVersionManager (AbstractLayoutVersionManager.java:init(83)) - Initializing Layout version manager with metadata layout = WEBUI_PORTS_IN_DATANODEDETAILS (version = 6), software layout = WEBUI_PORTS_IN_DATANODEDETAILS (version = 6)
2023-04-19 02:33:35,194 [SCMBlockDeletingService#0] DEBUG block.SCMBlockDeletingService (SCMBlockDeletingService.java:shouldRun(251)) - Check scm block delete run: false serviceStatus: PAUSING safemodeExitRunDelayMillis: 3000 alreadyWaitTimeInMillis: 1681871615194
2023-04-19 02:33:35,196 [Listener at 127.0.0.1/39891] INFO  reflections.Reflections (Reflections.java:scan(232)) - Reflections took 46 ms to scan 7 urls, producing 156 keys and 369 values 
2023-04-19 02:33:35,197 [Listener at 127.0.0.1/39891] INFO  statemachine.DatanodeStateMachine (DatanodeStateMachine.java:getEndPointTaskThreadPoolSize(260)) - Datanode State Machine Task Thread Pool size 2
2023-04-19 02:33:35,201 [Listener at 127.0.0.1/39891] INFO  volume.HddsVolume (HddsVolume.java:<init>(130)) - Creating HddsVolume: /home/runner/work/ozone/ozone/hadoop-ozone/integration-test/target/test-dir/MiniOzoneClusterImpl-fac7741a-db88-4542-9ed6-27af914485a4/datanode-2/data-0/containers/hdds of storage type : DISK capacity : 9223372036854775807
2023-04-19 02:33:35,201 [Listener at 127.0.0.1/39891] INFO  volume.MutableVolumeSet (MutableVolumeSet.java:initializeVolumeSet(175)) - Added Volume : /home/runner/work/ozone/ozone/hadoop-ozone/integration-test/target/test-dir/MiniOzoneClusterImpl-fac7741a-db88-4542-9ed6-27af914485a4/datanode-2/data-0/containers/hdds to VolumeSet
2023-04-19 02:33:35,201 [Listener at 127.0.0.1/39891] INFO  volume.ThrottledAsyncChecker (ThrottledAsyncChecker.java:schedule(141)) - Scheduling a check for /home/runner/work/ozone/ozone/hadoop-ozone/integration-test/target/test-dir/MiniOzoneClusterImpl-fac7741a-db88-4542-9ed6-27af914485a4/datanode-2/data-0/containers/hdds
2023-04-19 02:33:35,203 [Listener at 127.0.0.1/39891] INFO  volume.StorageVolumeChecker (StorageVolumeChecker.java:checkAllVolumes(202)) - Scheduled health check for volume /home/runner/work/ozone/ozone/hadoop-ozone/integration-test/target/test-dir/MiniOzoneClusterImpl-fac7741a-db88-4542-9ed6-27af914485a4/datanode-2/data-0/containers/hdds
2023-04-19 02:33:35,215 [Listener at 127.0.0.1/39891] INFO  volume.MutableVolumeSet (MutableVolumeSet.java:initializeVolumeSet(175)) - Added Volume : /home/runner/work/ozone/ozone/hadoop-ozone/integration-test/target/test-dir/MiniOzoneClusterImpl-fac7741a-db88-4542-9ed6-27af914485a4/datanode-2/data/ratis to VolumeSet
2023-04-19 02:33:35,215 [Listener at 127.0.0.1/39891] INFO  volume.ThrottledAsyncChecker (ThrottledAsyncChecker.java:schedule(141)) - Scheduling a check for /home/runner/work/ozone/ozone/hadoop-ozone/integration-test/target/test-dir/MiniOzoneClusterImpl-fac7741a-db88-4542-9ed6-27af914485a4/datanode-2/data/ratis
2023-04-19 02:33:35,215 [Listener at 127.0.0.1/39891] INFO  volume.StorageVolumeChecker (StorageVolumeChecker.java:checkAllVolumes(202)) - Scheduled health check for volume /home/runner/work/ozone/ozone/hadoop-ozone/integration-test/target/test-dir/MiniOzoneClusterImpl-fac7741a-db88-4542-9ed6-27af914485a4/datanode-2/data/ratis
2023-04-19 02:33:35,227 [Thread-1059] INFO  ozoneimpl.ContainerReader (ContainerReader.java:readVolume(175)) - Finish verifying containers on volume /home/runner/work/ozone/ozone/hadoop-ozone/integration-test/target/test-dir/MiniOzoneClusterImpl-fac7741a-db88-4542-9ed6-27af914485a4/datanode-2/data-0/containers/hdds
2023-04-19 02:33:35,227 [Listener at 127.0.0.1/39891] INFO  ozoneimpl.OzoneContainer (OzoneContainer.java:buildContainerSet(303)) - Build ContainerSet costs 0s
2023-04-19 02:33:35,231 [Listener at 127.0.0.1/39891] INFO  server.RaftServer (ConfUtils.java:logGet(46)) - raft.rpc.type = GRPC (default)
2023-04-19 02:33:35,231 [Listener at 127.0.0.1/39891] INFO  grpc.GrpcConfigKeys (ConfUtils.java:logFallback(53)) - raft.grpc.admin.host = null (fallback to raft.grpc.server.host)
2023-04-19 02:33:35,232 [Listener at 127.0.0.1/39891] INFO  grpc.GrpcConfigKeys (ConfUtils.java:logGet(46)) - raft.grpc.admin.port = 0 (custom)
2023-04-19 02:33:35,232 [Listener at 127.0.0.1/39891] INFO  grpc.GrpcConfigKeys (ConfUtils.java:logFallback(53)) - raft.grpc.client.host = null (fallback to raft.grpc.server.host)
2023-04-19 02:33:35,234 [Listener at 127.0.0.1/39891] INFO  grpc.GrpcConfigKeys (ConfUtils.java:logGet(46)) - raft.grpc.client.port = 0 (custom)
2023-04-19 02:33:35,234 [Listener at 127.0.0.1/39891] INFO  grpc.GrpcConfigKeys (ConfUtils.java:logGet(46)) - raft.grpc.server.host = null (default)
2023-04-19 02:33:35,234 [Listener at 127.0.0.1/39891] INFO  grpc.GrpcConfigKeys (ConfUtils.java:logGet(46)) - raft.grpc.server.port = 0 (default)
2023-04-19 02:33:35,234 [Listener at 127.0.0.1/39891] INFO  server.GrpcService (ConfUtils.java:logGet(46)) - raft.grpc.message.size.max = 32MB (=33554432) (custom)
2023-04-19 02:33:35,235 [Listener at 127.0.0.1/39891] INFO  server.RaftServerConfigKeys (ConfUtils.java:logGet(46)) - raft.server.log.appender.buffer.byte-limit = 33554432 (custom)
2023-04-19 02:33:35,235 [Listener at 127.0.0.1/39891] INFO  server.GrpcService (ConfUtils.java:logGet(46)) - raft.grpc.flow.control.window = 5MB (=5242880) (custom)
2023-04-19 02:33:35,235 [Listener at 127.0.0.1/39891] INFO  server.RaftServerConfigKeys (ConfUtils.java:logGet(46)) - raft.server.rpc.request.timeout = 60s (custom)
2023-04-19 02:33:35,235 [Listener at 127.0.0.1/39891] INFO  grpc.GrpcConfigKeys (ConfUtils.java:logGet(46)) - raft.grpc.server.heartbeat.channel = true (default)
2023-04-19 02:33:35,235 [Listener at 127.0.0.1/39891] INFO  grpc.GrpcConfigKeys (ConfUtils.java:logGet(46)) - raft.grpc.server.async.request.thread.pool.cached = true (default)
2023-04-19 02:33:35,236 [Listener at 127.0.0.1/39891] INFO  grpc.GrpcConfigKeys (ConfUtils.java:logGet(46)) - raft.grpc.server.async.request.thread.pool.size = 32 (default)
2023-04-19 02:33:35,238 [Listener at 127.0.0.1/39891] INFO  impl.DataStreamServerImpl (ConfUtils.java:logGet(46)) - raft.datastream.type = NETTY (custom)
2023-04-19 02:33:35,238 [Listener at 127.0.0.1/39891] INFO  server.RaftServerConfigKeys (ConfUtils.java:logGet(46)) - raft.server.data-stream.async.request.thread.pool.cached = false (default)
2023-04-19 02:33:35,238 [Listener at 127.0.0.1/39891] INFO  server.RaftServerConfigKeys (ConfUtils.java:logGet(46)) - raft.server.data-stream.async.request.thread.pool.size = 20 (custom)
2023-04-19 02:33:35,238 [Listener at 127.0.0.1/39891] INFO  server.RaftServerConfigKeys (ConfUtils.java:logGet(46)) - raft.server.data-stream.async.write.thread.pool.size = 16 (default)
2023-04-19 02:33:35,239 [Listener at 127.0.0.1/39891] INFO  server.RaftServerConfigKeys (ConfUtils.java:logGet(46)) - raft.server.data-stream.client.pool.size = 10 (default)
2023-04-19 02:33:35,239 [Listener at 127.0.0.1/39891] INFO  netty.NettyConfigKeys$DataStream (ConfUtils.java:logGet(46)) - raft.netty.dataStream.server.use-epoll = false (default)
2023-04-19 02:33:35,239 [Listener at 127.0.0.1/39891] INFO  netty.NettyConfigKeys$DataStream (ConfUtils.java:logGet(46)) - raft.netty.dataStream.server.boss-group.size = 0 (default)
2023-04-19 02:33:35,239 [Listener at 127.0.0.1/39891] INFO  netty.NettyConfigKeys$DataStream (ConfUtils.java:logGet(46)) - raft.netty.dataStream.server.worker-group.size = 0 (default)
2023-04-19 02:33:35,240 [Listener at 127.0.0.1/39891] INFO  netty.NettyConfigKeys$DataStream (ConfUtils.java:logGet(46)) - raft.netty.dataStream.server.tls.conf = null (default)
2023-04-19 02:33:35,240 [Listener at 127.0.0.1/39891] INFO  netty.NettyConfigKeys$DataStream (ConfUtils.java:logGet(46)) - raft.netty.dataStream.host = null (default)
2023-04-19 02:33:35,240 [Listener at 127.0.0.1/39891] INFO  netty.NettyConfigKeys$DataStream (ConfUtils.java:logGet(46)) - raft.netty.dataStream.port = 0 (default)
2023-04-19 02:33:35,241 [Listener at 127.0.0.1/39891] INFO  server.RaftServerConfigKeys (ConfUtils.java:logGet(46)) - raft.server.threadpool.proxy.cached = true (default)
2023-04-19 02:33:35,242 [Listener at 127.0.0.1/39891] INFO  server.RaftServerConfigKeys (ConfUtils.java:logGet(46)) - raft.server.threadpool.proxy.size = 0 (default)
2023-04-19 02:33:35,242 [a2f76bd1-2c73-4f6b-ae37-53a5930131fe-NettyServerStreamRpc-bossGroup--thread1] INFO  logging.LoggingHandler (AbstractInternalLogger.java:log(148)) - [id: 0x6ab97ad7] REGISTERED
2023-04-19 02:33:35,242 [Listener at 127.0.0.1/39891] INFO  server.RaftServerConfigKeys (ConfUtils.java:logGet(46)) - raft.server.rpc.slowness.timeout = 300s (custom)
2023-04-19 02:33:35,242 [a2f76bd1-2c73-4f6b-ae37-53a5930131fe-NettyServerStreamRpc-bossGroup--thread1] INFO  logging.LoggingHandler (AbstractInternalLogger.java:log(148)) - [id: 0x6ab97ad7] BIND: 0.0.0.0/0.0.0.0:0
2023-04-19 02:33:35,242 [Listener at 127.0.0.1/39891] INFO  server.RaftServerConfigKeys (ConfUtils.java:logGet(46)) - raft.server.leaderelection.leader.step-down.wait-time = 10s (default)
2023-04-19 02:33:35,242 [a2f76bd1-2c73-4f6b-ae37-53a5930131fe-NettyServerStreamRpc-bossGroup--thread1] INFO  logging.LoggingHandler (AbstractInternalLogger.java:log(148)) - [id: 0x6ab97ad7, L:/0:0:0:0:0:0:0:0:36907] ACTIVE
2023-04-19 02:33:35,242 [Listener at 127.0.0.1/39891] INFO  server.RaftServerConfigKeys (ConfUtils.java:logGet(46)) - raft.server.storage.dir = [/home/runner/work/ozone/ozone/hadoop-ozone/integration-test/target/test-dir/MiniOzoneClusterImpl-fac7741a-db88-4542-9ed6-27af914485a4/datanode-2/data/ratis] (custom)
2023-04-19 02:33:35,244 [Listener at 127.0.0.1/39891] INFO  server.XceiverServerGrpc (XceiverServerGrpc.java:<init>(132)) - GrpcServer channel type EpollServerSocketChannel
2023-04-19 02:33:35,255 [Listener at 127.0.0.1/39891] INFO  http.BaseHttpServer (BaseHttpServer.java:newHttpServer2BuilderForOzone(224)) - Starting Web-server for hddsDatanode at: http://0.0.0.0:0
2023-04-19 02:33:35,255 [Listener at 127.0.0.1/39891] INFO  http.BaseHttpServer (BaseHttpServer.java:<init>(111)) - Hadoop Security Enabled: false Ozone Security Enabled: false Ozone HTTP Security Enabled: false 
2023-04-19 02:33:35,256 [Listener at 127.0.0.1/39891] WARN  server.AuthenticationFilter (AuthenticationFilter.java:constructSecretProvider(240)) - Unable to initialize FileSignerSecretProvider, falling back to use random secrets. Reason: Could not read signature secret file: /home/runner/hadoop-http-auth-signature-secret
2023-04-19 02:33:35,257 [Listener at 127.0.0.1/39891] INFO  http.HttpRequestLog (HttpRequestLog.java:getRequestLog(86)) - Http request log for http.requests.hddsDatanode is not defined
2023-04-19 02:33:35,259 [Listener at 127.0.0.1/39891] INFO  http.HttpServer2 (HttpServer2.java:addGlobalFilter(1031)) - Added global filter 'safety' (class=org.apache.hadoop.hdds.server.http.HttpServer2$QuotingInputFilter)
2023-04-19 02:33:35,259 [Listener at 127.0.0.1/39891] INFO  http.HttpServer2 (HttpServer2.java:addFilter(1007)) - Added filter static_user_filter (class=org.apache.hadoop.http.lib.StaticUserWebFilter$StaticUserFilter) to context hddsDatanode
2023-04-19 02:33:35,259 [Listener at 127.0.0.1/39891] INFO  http.HttpServer2 (HttpServer2.java:addFilter(1015)) - Added filter static_user_filter (class=org.apache.hadoop.http.lib.StaticUserWebFilter$StaticUserFilter) to context logs
2023-04-19 02:33:35,260 [Listener at 127.0.0.1/39891] INFO  http.HttpServer2 (HttpServer2.java:addFilter(1015)) - Added filter static_user_filter (class=org.apache.hadoop.http.lib.StaticUserWebFilter$StaticUserFilter) to context static
2023-04-19 02:33:35,260 [Listener at 127.0.0.1/39891] INFO  http.BaseHttpServer (BaseHttpServer.java:<init>(190)) - HTTP server of hddsDatanode uses base directory /home/runner/work/ozone/ozone/hadoop-ozone/integration-test/target/test-dir/MiniOzoneClusterImpl-fac7741a-db88-4542-9ed6-27af914485a4/datanode-2/meta/webserver
2023-04-19 02:33:35,261 [Listener at 127.0.0.1/39891] INFO  http.HttpServer2 (HttpServer2.java:bindListener(1250)) - Jetty bound to port 45105
2023-04-19 02:33:35,261 [Listener at 127.0.0.1/39891] INFO  server.Server (Server.java:doStart(375)) - jetty-9.4.49.v20220914; built: 2022-09-14T01:07:36.601Z; git: 4231a3b2e4cb8548a412a789936d640a97b1aa0a; jvm 1.8.0_362-b09
2023-04-19 02:33:35,262 [Listener at 127.0.0.1/39891] INFO  server.session (DefaultSessionIdManager.java:doStart(334)) - DefaultSessionIdManager workerName=node0
2023-04-19 02:33:35,263 [Listener at 127.0.0.1/39891] INFO  server.session (DefaultSessionIdManager.java:doStart(339)) - No SessionScavenger set, using defaults
2023-04-19 02:33:35,263 [Listener at 127.0.0.1/39891] INFO  server.session (HouseKeeper.java:startScavenging(132)) - node0 Scavenging every 600000ms
2023-04-19 02:33:35,265 [Listener at 127.0.0.1/39891] INFO  handler.ContextHandler (ContextHandler.java:doStart(921)) - Started o.e.j.s.ServletContextHandler@7077b9f1{logs,/logs,file:///home/runner/work/ozone/ozone/hadoop-ozone/integration-test/target/log,AVAILABLE}
2023-04-19 02:33:35,266 [Listener at 127.0.0.1/39891] INFO  handler.ContextHandler (ContextHandler.java:doStart(921)) - Started o.e.j.s.ServletContextHandler@5e585461{static,/static,jar:file:/home/runner/.m2/repository/org/apache/ozone/hdds-container-service/1.4.0-SNAPSHOT/hdds-container-service-1.4.0-SNAPSHOT.jar!/webapps/static,AVAILABLE}
2023-04-19 02:33:35,294 [SCMBlockDeletingService#0] DEBUG block.SCMBlockDeletingService (SCMBlockDeletingService.java:shouldRun(251)) - Check scm block delete run: false serviceStatus: PAUSING safemodeExitRunDelayMillis: 3000 alreadyWaitTimeInMillis: 1681871615294
2023-04-19 02:33:35,335 [om1@group-C5BA1605619E-FollowerState] INFO  impl.FollowerState (FollowerState.java:run(143)) - om1@group-C5BA1605619E-FollowerState: change to CANDIDATE, lastRpcElapsedTime:1063573494ns, electionTimeout:1063ms
2023-04-19 02:33:35,335 [om1@group-C5BA1605619E-FollowerState] INFO  impl.RoleInfo (RoleInfo.java:shutdownFollowerState(110)) - om1: shutdown om1@group-C5BA1605619E-FollowerState
2023-04-19 02:33:35,335 [om1@group-C5BA1605619E-FollowerState] INFO  server.RaftServer$Division (RaftServerImpl.java:setRole(321)) - om1@group-C5BA1605619E: changes role from  FOLLOWER to CANDIDATE at term 0 for changeToCandidate
2023-04-19 02:33:35,336 [om1@group-C5BA1605619E-FollowerState] INFO  server.RaftServerConfigKeys (ConfUtils.java:logGet(46)) - raft.server.leaderelection.pre-vote = true (default)
2023-04-19 02:33:35,336 [om1@group-C5BA1605619E-FollowerState] INFO  impl.RoleInfo (RoleInfo.java:updateAndGet(139)) - om1: start om1@group-C5BA1605619E-LeaderElection5
2023-04-19 02:33:35,337 [om1@group-C5BA1605619E-LeaderElection5] INFO  impl.LeaderElection (LeaderElection.java:askForVotes(312)) - om1@group-C5BA1605619E-LeaderElection5 PRE_VOTE round 0: submit vote requests at term 0 for -1: peers:[om1|rpc:localhost:9872|priority:0|startupRole:FOLLOWER]|listeners:[], old=null
2023-04-19 02:33:35,337 [om1@group-C5BA1605619E-LeaderElection5] INFO  impl.LeaderElection (LeaderElection.java:askForVotes(314)) - om1@group-C5BA1605619E-LeaderElection5 PRE_VOTE round 0: result PASSED (term=0)
2023-04-19 02:33:35,339 [om1@group-C5BA1605619E-LeaderElection5] INFO  impl.LeaderElection (LeaderElection.java:askForVotes(312)) - om1@group-C5BA1605619E-LeaderElection5 ELECTION round 0: submit vote requests at term 1 for -1: peers:[om1|rpc:localhost:9872|priority:0|startupRole:FOLLOWER]|listeners:[], old=null
2023-04-19 02:33:35,339 [om1@group-C5BA1605619E-LeaderElection5] INFO  impl.LeaderElection (LeaderElection.java:askForVotes(314)) - om1@group-C5BA1605619E-LeaderElection5 ELECTION round 0: result PASSED (term=1)
2023-04-19 02:33:35,339 [om1@group-C5BA1605619E-LeaderElection5] INFO  impl.RoleInfo (RoleInfo.java:shutdownLeaderElection(130)) - om1: shutdown om1@group-C5BA1605619E-LeaderElection5
2023-04-19 02:33:35,339 [om1@group-C5BA1605619E-LeaderElection5] INFO  server.RaftServer$Division (RaftServerImpl.java:setRole(321)) - om1@group-C5BA1605619E: changes role from CANDIDATE to LEADER at term 1 for changeToLeader
2023-04-19 02:33:35,345 [om1@group-C5BA1605619E-LeaderElection5] INFO  server.RaftServer$Division (ServerState.java:setLeader(313)) - om1@group-C5BA1605619E: change Leader from null to om1 at term 1 for becomeLeader, leader elected after 1460ms
2023-04-19 02:33:35,345 [om1@group-C5BA1605619E-LeaderElection5] INFO  server.RaftServerConfigKeys (ConfUtils.java:logGet(46)) - raft.server.staging.catchup.gap = 1000 (default)
2023-04-19 02:33:35,345 [om1@group-C5BA1605619E-LeaderElection5] INFO  server.RaftServerConfigKeys (ConfUtils.java:logGet(46)) - raft.server.write.element-limit = 4096 (default)
2023-04-19 02:33:35,345 [om1@group-C5BA1605619E-LeaderElection5] INFO  server.RaftServerConfigKeys (ConfUtils.java:logGet(46)) - raft.server.write.byte-limit = 64MB (=67108864) (default)
2023-04-19 02:33:35,347 [om1@group-C5BA1605619E-LeaderElection5] INFO  server.RaftServerConfigKeys (ConfUtils.java:logGet(46)) - raft.server.watch.timeout = 10s (default)
2023-04-19 02:33:35,347 [om1@group-C5BA1605619E-LeaderElection5] INFO  server.RaftServerConfigKeys (ConfUtils.java:logGet(46)) - raft.server.watch.timeout.denomination = 1s (default)
2023-04-19 02:33:35,347 [om1@group-C5BA1605619E-LeaderElection5] INFO  server.RaftServerConfigKeys (ConfUtils.java:logGet(46)) - raft.server.watch.element-limit = 65536 (default)
2023-04-19 02:33:35,347 [om1@group-C5BA1605619E-LeaderElection5] INFO  server.RaftServerConfigKeys (ConfUtils.java:logGet(46)) - raft.server.write.element-limit = 4096 (default)
2023-04-19 02:33:35,347 [om1@group-C5BA1605619E-LeaderElection5] INFO  server.RaftServerConfigKeys (ConfUtils.java:logGet(46)) - raft.server.write.follower.gap.ratio.max = -1.0 (default)
2023-04-19 02:33:35,347 [om1@group-C5BA1605619E-LeaderElection5] INFO  impl.RoleInfo (RoleInfo.java:updateAndGet(139)) - om1: start om1@group-C5BA1605619E-LeaderStateImpl
2023-04-19 02:33:35,347 [om1@group-C5BA1605619E-LeaderElection5] INFO  segmented.SegmentedRaftLogWorker (SegmentedRaftLogWorker.java:startLogSegment(452)) - om1@group-C5BA1605619E-SegmentedRaftLogWorker: Starting segment from index:0
2023-04-19 02:33:35,358 [om1@group-C5BA1605619E-SegmentedRaftLogWorker] INFO  segmented.SegmentedRaftLogWorker (SegmentedRaftLogWorker.java:execute(656)) - om1@group-C5BA1605619E-SegmentedRaftLogWorker: created new log segment /home/runner/work/ozone/ozone/hadoop-ozone/integration-test/target/test-dir/MiniOzoneClusterImpl-fac7741a-db88-4542-9ed6-27af914485a4/ozone-meta/ratis/bf265839-605b-3f16-9796-c5ba1605619e/current/log_inprogress_0
2023-04-19 02:33:35,358 [om1@group-C5BA1605619E-LeaderElection5] INFO  server.RaftServer$Division (ServerState.java:setRaftConf(430)) - om1@group-C5BA1605619E: set configuration 0: peers:[om1|rpc:localhost:9872|admin:|client:|dataStream:|priority:0|startupRole:FOLLOWER]|listeners:[], old=null
2023-04-19 02:33:35,359 [om1@group-C5BA1605619E-StateMachineUpdater] INFO  ratis.OzoneManagerStateMachine (OzoneManagerStateMachine.java:notifyConfigurationChanged(200)) - Received Configuration change notification from Ratis. New Peer list:
[id: "om1"
address: "localhost:9872"
startupRole: FOLLOWER
]
2023-04-19 02:33:35,394 [SCMBlockDeletingService#0] DEBUG block.SCMBlockDeletingService (SCMBlockDeletingService.java:shouldRun(251)) - Check scm block delete run: false serviceStatus: PAUSING safemodeExitRunDelayMillis: 3000 alreadyWaitTimeInMillis: 1681871615394
2023-04-19 02:33:35,462 [Listener at 127.0.0.1/39891] INFO  handler.ContextHandler (ContextHandler.java:doStart(921)) - Started o.e.j.w.WebAppContext@3ecaace2{hddsDatanode,/,file:///home/runner/work/ozone/ozone/hadoop-ozone/integration-test/target/test-dir/MiniOzoneClusterImpl-fac7741a-db88-4542-9ed6-27af914485a4/datanode-2/meta/webserver/jetty-0_0_0_0-45105-hdds-container-service-1_4_0-SNAPSHOT_jar-_-any-8406772139573127573/webapp/,AVAILABLE}{jar:file:/home/runner/.m2/repository/org/apache/ozone/hdds-container-service/1.4.0-SNAPSHOT/hdds-container-service-1.4.0-SNAPSHOT.jar!/webapps/hddsDatanode}
2023-04-19 02:33:35,464 [Listener at 127.0.0.1/39891] INFO  server.AbstractConnector (AbstractConnector.java:doStart(333)) - Started ServerConnector@401bd1b9{HTTP/1.1, (http/1.1)}{0.0.0.0:45105}
2023-04-19 02:33:35,464 [Listener at 127.0.0.1/39891] INFO  server.Server (Server.java:doStart(415)) - Started @91472ms
2023-04-19 02:33:35,465 [Listener at 127.0.0.1/39891] WARN  impl.MetricsSystemImpl (MetricsSystemImpl.java:register(279)) - Sink prometheus already exists!
2023-04-19 02:33:35,465 [Listener at 127.0.0.1/39891] INFO  http.BaseHttpServer (BaseHttpServer.java:updateConnectorAddress(344)) - HTTP server of hddsDatanode listening at http://0.0.0.0:45105
2023-04-19 02:33:35,466 [Datanode State Machine Daemon Thread] INFO  statemachine.DatanodeStateMachine (DatanodeStateMachine.java:lambda$startDaemon$0(517)) - Ozone container server started.
2023-04-19 02:33:35,469 [Listener at 127.0.0.1/39891] INFO  ozone.MiniOzoneClusterImpl (MiniOzoneClusterImpl.java:lambda$waitForClusterToBeReady$0(222)) - Waiting for nodes to be ready. Got 0 of 3 DN Heartbeats.
2023-04-19 02:33:35,469 [Listener at 127.0.0.1/39891] INFO  ozone.MiniOzoneClusterImpl (MiniOzoneClusterImpl.java:lambda$waitForClusterToBeReady$0(225)) - Waiting for cluster to exit safe mode
2023-04-19 02:33:35,469 [Listener at 127.0.0.1/39891] INFO  ozone.MiniOzoneClusterImpl (MiniOzoneClusterImpl.java:lambda$waitForClusterToBeReady$0(227)) - SCM became leader
2023-04-19 02:33:35,472 [org.apache.hadoop.util.JvmPauseMonitor$Monitor@19d65721] INFO  util.JvmPauseMonitor (JvmPauseMonitor.java:run(188)) - Starting JVM pause monitor
2023-04-19 02:33:35,474 [Datanode State Machine Task Thread - 0] INFO  datanode.InitDatanodeState (InitDatanodeState.java:persistContainerDatanodeDetails(138)) - DatanodeDetails is persisted to /home/runner/work/ozone/ozone/hadoop-ozone/integration-test/target/test-dir/MiniOzoneClusterImpl-fac7741a-db88-4542-9ed6-27af914485a4/datanode-2/meta/datanode.id
2023-04-19 02:33:35,494 [SCMBlockDeletingService#0] DEBUG block.SCMBlockDeletingService (SCMBlockDeletingService.java:shouldRun(251)) - Check scm block delete run: false serviceStatus: PAUSING safemodeExitRunDelayMillis: 3000 alreadyWaitTimeInMillis: 1681871615494
2023-04-19 02:33:35,594 [SCMBlockDeletingService#0] DEBUG block.SCMBlockDeletingService (SCMBlockDeletingService.java:shouldRun(251)) - Check scm block delete run: false serviceStatus: PAUSING safemodeExitRunDelayMillis: 3000 alreadyWaitTimeInMillis: 1681871615594
2023-04-19 02:33:35,694 [SCMBlockDeletingService#0] DEBUG block.SCMBlockDeletingService (SCMBlockDeletingService.java:shouldRun(251)) - Check scm block delete run: false serviceStatus: PAUSING safemodeExitRunDelayMillis: 3000 alreadyWaitTimeInMillis: 1681871615694
2023-04-19 02:33:35,794 [SCMBlockDeletingService#0] DEBUG block.SCMBlockDeletingService (SCMBlockDeletingService.java:shouldRun(251)) - Check scm block delete run: false serviceStatus: PAUSING safemodeExitRunDelayMillis: 3000 alreadyWaitTimeInMillis: 1681871615794
2023-04-19 02:33:35,894 [SCMBlockDeletingService#0] DEBUG block.SCMBlockDeletingService (SCMBlockDeletingService.java:shouldRun(251)) - Check scm block delete run: false serviceStatus: PAUSING safemodeExitRunDelayMillis: 3000 alreadyWaitTimeInMillis: 1681871615894
2023-04-19 02:33:35,995 [SCMBlockDeletingService#0] DEBUG block.SCMBlockDeletingService (SCMBlockDeletingService.java:shouldRun(251)) - Check scm block delete run: false serviceStatus: PAUSING safemodeExitRunDelayMillis: 3000 alreadyWaitTimeInMillis: 1681871615995
2023-04-19 02:33:36,096 [SCMBlockDeletingService#0] DEBUG block.SCMBlockDeletingService (SCMBlockDeletingService.java:shouldRun(251)) - Check scm block delete run: false serviceStatus: PAUSING safemodeExitRunDelayMillis: 3000 alreadyWaitTimeInMillis: 1681871616096
2023-04-19 02:33:36,196 [SCMBlockDeletingService#0] DEBUG block.SCMBlockDeletingService (SCMBlockDeletingService.java:shouldRun(251)) - Check scm block delete run: false serviceStatus: PAUSING safemodeExitRunDelayMillis: 3000 alreadyWaitTimeInMillis: 1681871616196
2023-04-19 02:33:36,296 [SCMBlockDeletingService#0] DEBUG block.SCMBlockDeletingService (SCMBlockDeletingService.java:shouldRun(251)) - Check scm block delete run: false serviceStatus: PAUSING safemodeExitRunDelayMillis: 3000 alreadyWaitTimeInMillis: 1681871616296
2023-04-19 02:33:36,396 [SCMBlockDeletingService#0] DEBUG block.SCMBlockDeletingService (SCMBlockDeletingService.java:shouldRun(251)) - Check scm block delete run: false serviceStatus: PAUSING safemodeExitRunDelayMillis: 3000 alreadyWaitTimeInMillis: 1681871616396
2023-04-19 02:33:36,469 [Listener at 127.0.0.1/39891] INFO  ozone.MiniOzoneClusterImpl (MiniOzoneClusterImpl.java:lambda$waitForClusterToBeReady$0(222)) - Waiting for nodes to be ready. Got 0 of 3 DN Heartbeats.
2023-04-19 02:33:36,470 [Listener at 127.0.0.1/39891] INFO  ozone.MiniOzoneClusterImpl (MiniOzoneClusterImpl.java:lambda$waitForClusterToBeReady$0(225)) - Waiting for cluster to exit safe mode
2023-04-19 02:33:36,470 [Listener at 127.0.0.1/39891] INFO  ozone.MiniOzoneClusterImpl (MiniOzoneClusterImpl.java:lambda$waitForClusterToBeReady$0(227)) - SCM became leader
2023-04-19 02:33:36,496 [SCMBlockDeletingService#0] DEBUG block.SCMBlockDeletingService (SCMBlockDeletingService.java:shouldRun(251)) - Check scm block delete run: false serviceStatus: PAUSING safemodeExitRunDelayMillis: 3000 alreadyWaitTimeInMillis: 1681871616496
2023-04-19 02:33:36,596 [SCMBlockDeletingService#0] DEBUG block.SCMBlockDeletingService (SCMBlockDeletingService.java:shouldRun(251)) - Check scm block delete run: false serviceStatus: PAUSING safemodeExitRunDelayMillis: 3000 alreadyWaitTimeInMillis: 1681871616596
2023-04-19 02:33:36,696 [SCMBlockDeletingService#0] DEBUG block.SCMBlockDeletingService (SCMBlockDeletingService.java:shouldRun(251)) - Check scm block delete run: false serviceStatus: PAUSING safemodeExitRunDelayMillis: 3000 alreadyWaitTimeInMillis: 1681871616696
2023-04-19 02:33:36,733 [EndpointStateMachine task thread for /0.0.0.0:42103 - 0 ] INFO  utils.DatanodeStoreCache (DatanodeStoreCache.java:addDB(58)) - Added db /home/runner/work/ozone/ozone/hadoop-ozone/integration-test/target/test-dir/MiniOzoneClusterImpl-fac7741a-db88-4542-9ed6-27af914485a4/datanode-0/data-0/containers/hdds/fac7741a-db88-4542-9ed6-27af914485a4/DS-507d496f-36f0-4589-b848-444f8e9b0efd/container.db to cache
2023-04-19 02:33:36,734 [EndpointStateMachine task thread for /0.0.0.0:42103 - 0 ] INFO  volume.HddsVolume (HddsVolume.java:createDbStore(350)) - SchemaV3 db is created and loaded at /home/runner/work/ozone/ozone/hadoop-ozone/integration-test/target/test-dir/MiniOzoneClusterImpl-fac7741a-db88-4542-9ed6-27af914485a4/datanode-0/data-0/containers/hdds/fac7741a-db88-4542-9ed6-27af914485a4/DS-507d496f-36f0-4589-b848-444f8e9b0efd/container.db for volume DS-507d496f-36f0-4589-b848-444f8e9b0efd
2023-04-19 02:33:36,734 [EndpointStateMachine task thread for /0.0.0.0:42103 - 0 ] INFO  ozoneimpl.OzoneContainer (OzoneContainer.java:start(397)) - Attempting to start container services.
2023-04-19 02:33:36,734 [EndpointStateMachine task thread for /0.0.0.0:42103 - 0 ] INFO  ozoneimpl.OzoneContainer (OzoneContainer.java:startContainerScrub(314)) - Scheduled background container scanners and the on-demand container scanner have been disabled.
2023-04-19 02:33:36,735 [EndpointStateMachine task thread for /0.0.0.0:42103 - 0 ] INFO  replication.ReplicationServer (ReplicationServer.java:start(109)) - ReplicationServer is started using port 38345
2023-04-19 02:33:36,736 [EndpointStateMachine task thread for /0.0.0.0:42103 - 0 ] INFO  ratis.XceiverServerRatis (XceiverServerRatis.java:start(517)) - Starting XceiverServerRatis 457148a9-726e-4dee-b9dd-7b4b55ffa2f6
2023-04-19 02:33:36,736 [EndpointStateMachine task thread for /0.0.0.0:42103 - 0 ] INFO  server.RaftServer (RaftServerProxy.java:startImpl(393)) - 457148a9-726e-4dee-b9dd-7b4b55ffa2f6: start RPC server
2023-04-19 02:33:36,737 [EndpointStateMachine task thread for /0.0.0.0:42103 - 0 ] INFO  server.GrpcService (GrpcService.java:startImpl(262)) - 457148a9-726e-4dee-b9dd-7b4b55ffa2f6: GrpcService started, listening on 41073
2023-04-19 02:33:36,738 [EndpointStateMachine task thread for /0.0.0.0:42103 - 0 ] INFO  ratis.XceiverServerRatis (XceiverServerRatis.java:getRealPort(543)) - XceiverServerRatis 457148a9-726e-4dee-b9dd-7b4b55ffa2f6 is started using port 41073 for RATIS
2023-04-19 02:33:36,738 [EndpointStateMachine task thread for /0.0.0.0:42103 - 0 ] INFO  ratis.XceiverServerRatis (XceiverServerRatis.java:getRealPort(543)) - XceiverServerRatis 457148a9-726e-4dee-b9dd-7b4b55ffa2f6 is started using port 41073 for RATIS_ADMIN
2023-04-19 02:33:36,738 [EndpointStateMachine task thread for /0.0.0.0:42103 - 0 ] INFO  ratis.XceiverServerRatis (XceiverServerRatis.java:getRealPort(543)) - XceiverServerRatis 457148a9-726e-4dee-b9dd-7b4b55ffa2f6 is started using port 41073 for RATIS_SERVER
2023-04-19 02:33:36,738 [EndpointStateMachine task thread for /0.0.0.0:42103 - 0 ] INFO  ratis.XceiverServerRatis (XceiverServerRatis.java:getRealPort(543)) - XceiverServerRatis 457148a9-726e-4dee-b9dd-7b4b55ffa2f6 is started using port 34975 for RATIS_DATASTREAM
2023-04-19 02:33:36,738 [JvmPauseMonitor9] INFO  util.JvmPauseMonitor (JvmPauseMonitor.java:run(105)) - JvmPauseMonitor-457148a9-726e-4dee-b9dd-7b4b55ffa2f6: Started
2023-04-19 02:33:36,745 [EndpointStateMachine task thread for /0.0.0.0:42103 - 0 ] INFO  server.XceiverServerGrpc (XceiverServerGrpc.java:start(180)) - XceiverServerGrpc 457148a9-726e-4dee-b9dd-7b4b55ffa2f6 is started using port 39941
2023-04-19 02:33:36,745 [BlockDeletingService#0] INFO  interfaces.ContainerDeletionChoosingPolicyTemplate (ContainerDeletionChoosingPolicyTemplate.java:chooseContainerForBlockDeletion(83)) - Chosen 0/5000 blocks from 0 candidate containers.
2023-04-19 02:33:36,796 [SCMBlockDeletingService#0] DEBUG block.SCMBlockDeletingService (SCMBlockDeletingService.java:shouldRun(251)) - Check scm block delete run: false serviceStatus: PAUSING safemodeExitRunDelayMillis: 3000 alreadyWaitTimeInMillis: 1681871616796
2023-04-19 02:33:36,845 [BlockDeletingService#0] INFO  interfaces.ContainerDeletionChoosingPolicyTemplate (ContainerDeletionChoosingPolicyTemplate.java:chooseContainerForBlockDeletion(83)) - Chosen 0/5000 blocks from 0 candidate containers.
2023-04-19 02:33:36,896 [SCMBlockDeletingService#0] DEBUG block.SCMBlockDeletingService (SCMBlockDeletingService.java:shouldRun(251)) - Check scm block delete run: false serviceStatus: PAUSING safemodeExitRunDelayMillis: 3000 alreadyWaitTimeInMillis: 1681871616896
2023-04-19 02:33:36,946 [BlockDeletingService#1] INFO  interfaces.ContainerDeletionChoosingPolicyTemplate (ContainerDeletionChoosingPolicyTemplate.java:chooseContainerForBlockDeletion(83)) - Chosen 0/5000 blocks from 0 candidate containers.
2023-04-19 02:33:36,996 [SCMBlockDeletingService#0] DEBUG block.SCMBlockDeletingService (SCMBlockDeletingService.java:shouldRun(251)) - Check scm block delete run: false serviceStatus: PAUSING safemodeExitRunDelayMillis: 3000 alreadyWaitTimeInMillis: 1681871616996
2023-04-19 02:33:37,047 [BlockDeletingService#0] INFO  interfaces.ContainerDeletionChoosingPolicyTemplate (ContainerDeletionChoosingPolicyTemplate.java:chooseContainerForBlockDeletion(83)) - Chosen 0/5000 blocks from 0 candidate containers.
2023-04-19 02:33:37,096 [SCMBlockDeletingService#0] DEBUG block.SCMBlockDeletingService (SCMBlockDeletingService.java:shouldRun(251)) - Check scm block delete run: false serviceStatus: PAUSING safemodeExitRunDelayMillis: 3000 alreadyWaitTimeInMillis: 1681871617096
2023-04-19 02:33:37,147 [BlockDeletingService#2] INFO  interfaces.ContainerDeletionChoosingPolicyTemplate (ContainerDeletionChoosingPolicyTemplate.java:chooseContainerForBlockDeletion(83)) - Chosen 0/5000 blocks from 0 candidate containers.
2023-04-19 02:33:37,158 [EndpointStateMachine task thread for /0.0.0.0:42103 - 0 ] INFO  utils.DatanodeStoreCache (DatanodeStoreCache.java:addDB(58)) - Added db /home/runner/work/ozone/ozone/hadoop-ozone/integration-test/target/test-dir/MiniOzoneClusterImpl-fac7741a-db88-4542-9ed6-27af914485a4/datanode-1/data-0/containers/hdds/fac7741a-db88-4542-9ed6-27af914485a4/DS-0acbdb59-40bf-4954-8337-a775a13d3050/container.db to cache
2023-04-19 02:33:37,158 [EndpointStateMachine task thread for /0.0.0.0:42103 - 0 ] INFO  volume.HddsVolume (HddsVolume.java:createDbStore(350)) - SchemaV3 db is created and loaded at /home/runner/work/ozone/ozone/hadoop-ozone/integration-test/target/test-dir/MiniOzoneClusterImpl-fac7741a-db88-4542-9ed6-27af914485a4/datanode-1/data-0/containers/hdds/fac7741a-db88-4542-9ed6-27af914485a4/DS-0acbdb59-40bf-4954-8337-a775a13d3050/container.db for volume DS-0acbdb59-40bf-4954-8337-a775a13d3050
2023-04-19 02:33:37,158 [EndpointStateMachine task thread for /0.0.0.0:42103 - 0 ] INFO  ozoneimpl.OzoneContainer (OzoneContainer.java:start(397)) - Attempting to start container services.
2023-04-19 02:33:37,159 [EndpointStateMachine task thread for /0.0.0.0:42103 - 0 ] INFO  ozoneimpl.OzoneContainer (OzoneContainer.java:startContainerScrub(314)) - Scheduled background container scanners and the on-demand container scanner have been disabled.
2023-04-19 02:33:37,160 [EndpointStateMachine task thread for /0.0.0.0:42103 - 0 ] INFO  replication.ReplicationServer (ReplicationServer.java:start(109)) - ReplicationServer is started using port 46111
2023-04-19 02:33:37,160 [EndpointStateMachine task thread for /0.0.0.0:42103 - 0 ] INFO  ratis.XceiverServerRatis (XceiverServerRatis.java:start(517)) - Starting XceiverServerRatis 2fc7e044-034b-4d4d-85e4-65e0422d519b
2023-04-19 02:33:37,161 [EndpointStateMachine task thread for /0.0.0.0:42103 - 0 ] INFO  server.RaftServer (RaftServerProxy.java:startImpl(393)) - 2fc7e044-034b-4d4d-85e4-65e0422d519b: start RPC server
2023-04-19 02:33:37,173 [EndpointStateMachine task thread for /0.0.0.0:42103 - 0 ] INFO  server.GrpcService (GrpcService.java:startImpl(262)) - 2fc7e044-034b-4d4d-85e4-65e0422d519b: GrpcService started, listening on 42467
2023-04-19 02:33:37,173 [EndpointStateMachine task thread for /0.0.0.0:42103 - 0 ] INFO  ratis.XceiverServerRatis (XceiverServerRatis.java:getRealPort(543)) - XceiverServerRatis 2fc7e044-034b-4d4d-85e4-65e0422d519b is started using port 42467 for RATIS
2023-04-19 02:33:37,173 [EndpointStateMachine task thread for /0.0.0.0:42103 - 0 ] INFO  ratis.XceiverServerRatis (XceiverServerRatis.java:getRealPort(543)) - XceiverServerRatis 2fc7e044-034b-4d4d-85e4-65e0422d519b is started using port 42467 for RATIS_ADMIN
2023-04-19 02:33:37,173 [EndpointStateMachine task thread for /0.0.0.0:42103 - 0 ] INFO  ratis.XceiverServerRatis (XceiverServerRatis.java:getRealPort(543)) - XceiverServerRatis 2fc7e044-034b-4d4d-85e4-65e0422d519b is started using port 42467 for RATIS_SERVER
2023-04-19 02:33:37,173 [EndpointStateMachine task thread for /0.0.0.0:42103 - 0 ] INFO  ratis.XceiverServerRatis (XceiverServerRatis.java:getRealPort(543)) - XceiverServerRatis 2fc7e044-034b-4d4d-85e4-65e0422d519b is started using port 34951 for RATIS_DATASTREAM
2023-04-19 02:33:37,174 [JvmPauseMonitor10] INFO  util.JvmPauseMonitor (JvmPauseMonitor.java:run(105)) - JvmPauseMonitor-2fc7e044-034b-4d4d-85e4-65e0422d519b: Started
2023-04-19 02:33:37,182 [EndpointStateMachine task thread for /0.0.0.0:42103 - 0 ] INFO  server.XceiverServerGrpc (XceiverServerGrpc.java:start(180)) - XceiverServerGrpc 2fc7e044-034b-4d4d-85e4-65e0422d519b is started using port 33453
2023-04-19 02:33:37,183 [BlockDeletingService#0] INFO  interfaces.ContainerDeletionChoosingPolicyTemplate (ContainerDeletionChoosingPolicyTemplate.java:chooseContainerForBlockDeletion(83)) - Chosen 0/5000 blocks from 0 candidate containers.
2023-04-19 02:33:37,197 [SCMBlockDeletingService#0] DEBUG block.SCMBlockDeletingService (SCMBlockDeletingService.java:shouldRun(251)) - Check scm block delete run: false serviceStatus: PAUSING safemodeExitRunDelayMillis: 3000 alreadyWaitTimeInMillis: 1681871617197
2023-04-19 02:33:37,247 [BlockDeletingService#1] INFO  interfaces.ContainerDeletionChoosingPolicyTemplate (ContainerDeletionChoosingPolicyTemplate.java:chooseContainerForBlockDeletion(83)) - Chosen 0/5000 blocks from 0 candidate containers.
2023-04-19 02:33:37,283 [BlockDeletingService#0] INFO  interfaces.ContainerDeletionChoosingPolicyTemplate (ContainerDeletionChoosingPolicyTemplate.java:chooseContainerForBlockDeletion(83)) - Chosen 0/5000 blocks from 0 candidate containers.
2023-04-19 02:33:37,297 [SCMBlockDeletingService#0] DEBUG block.SCMBlockDeletingService (SCMBlockDeletingService.java:shouldRun(251)) - Check scm block delete run: false serviceStatus: PAUSING safemodeExitRunDelayMillis: 3000 alreadyWaitTimeInMillis: 1681871617297
2023-04-19 02:33:37,347 [BlockDeletingService#3] INFO  interfaces.ContainerDeletionChoosingPolicyTemplate (ContainerDeletionChoosingPolicyTemplate.java:chooseContainerForBlockDeletion(83)) - Chosen 0/5000 blocks from 0 candidate containers.
2023-04-19 02:33:37,384 [BlockDeletingService#1] INFO  interfaces.ContainerDeletionChoosingPolicyTemplate (ContainerDeletionChoosingPolicyTemplate.java:chooseContainerForBlockDeletion(83)) - Chosen 0/5000 blocks from 0 candidate containers.
2023-04-19 02:33:37,397 [SCMBlockDeletingService#0] DEBUG block.SCMBlockDeletingService (SCMBlockDeletingService.java:shouldRun(251)) - Check scm block delete run: false serviceStatus: PAUSING safemodeExitRunDelayMillis: 3000 alreadyWaitTimeInMillis: 1681871617397
2023-04-19 02:33:37,448 [BlockDeletingService#0] INFO  interfaces.ContainerDeletionChoosingPolicyTemplate (ContainerDeletionChoosingPolicyTemplate.java:chooseContainerForBlockDeletion(83)) - Chosen 0/5000 blocks from 0 candidate containers.
2023-04-19 02:33:37,470 [Listener at 127.0.0.1/39891] INFO  ozone.MiniOzoneClusterImpl (MiniOzoneClusterImpl.java:lambda$waitForClusterToBeReady$0(222)) - Waiting for nodes to be ready. Got 0 of 3 DN Heartbeats.
2023-04-19 02:33:37,471 [Listener at 127.0.0.1/39891] INFO  ozone.MiniOzoneClusterImpl (MiniOzoneClusterImpl.java:lambda$waitForClusterToBeReady$0(225)) - Waiting for cluster to exit safe mode
2023-04-19 02:33:37,471 [Listener at 127.0.0.1/39891] INFO  ozone.MiniOzoneClusterImpl (MiniOzoneClusterImpl.java:lambda$waitForClusterToBeReady$0(227)) - SCM became leader
2023-04-19 02:33:37,484 [BlockDeletingService#0] INFO  interfaces.ContainerDeletionChoosingPolicyTemplate (ContainerDeletionChoosingPolicyTemplate.java:chooseContainerForBlockDeletion(83)) - Chosen 0/5000 blocks from 0 candidate containers.
2023-04-19 02:33:37,497 [SCMBlockDeletingService#0] DEBUG block.SCMBlockDeletingService (SCMBlockDeletingService.java:shouldRun(251)) - Check scm block delete run: false serviceStatus: PAUSING safemodeExitRunDelayMillis: 3000 alreadyWaitTimeInMillis: 1681871617497
2023-04-19 02:33:37,509 [EndpointStateMachine task thread for /0.0.0.0:42103 - 0 ] INFO  utils.DatanodeStoreCache (DatanodeStoreCache.java:addDB(58)) - Added db /home/runner/work/ozone/ozone/hadoop-ozone/integration-test/target/test-dir/MiniOzoneClusterImpl-fac7741a-db88-4542-9ed6-27af914485a4/datanode-2/data-0/containers/hdds/fac7741a-db88-4542-9ed6-27af914485a4/DS-9c6fa266-f186-4399-8703-d7031bdd9b1f/container.db to cache
2023-04-19 02:33:37,509 [EndpointStateMachine task thread for /0.0.0.0:42103 - 0 ] INFO  volume.HddsVolume (HddsVolume.java:createDbStore(350)) - SchemaV3 db is created and loaded at /home/runner/work/ozone/ozone/hadoop-ozone/integration-test/target/test-dir/MiniOzoneClusterImpl-fac7741a-db88-4542-9ed6-27af914485a4/datanode-2/data-0/containers/hdds/fac7741a-db88-4542-9ed6-27af914485a4/DS-9c6fa266-f186-4399-8703-d7031bdd9b1f/container.db for volume DS-9c6fa266-f186-4399-8703-d7031bdd9b1f
2023-04-19 02:33:37,509 [EndpointStateMachine task thread for /0.0.0.0:42103 - 0 ] INFO  ozoneimpl.OzoneContainer (OzoneContainer.java:start(397)) - Attempting to start container services.
2023-04-19 02:33:37,509 [EndpointStateMachine task thread for /0.0.0.0:42103 - 0 ] INFO  ozoneimpl.OzoneContainer (OzoneContainer.java:startContainerScrub(314)) - Scheduled background container scanners and the on-demand container scanner have been disabled.
2023-04-19 02:33:37,511 [EndpointStateMachine task thread for /0.0.0.0:42103 - 0 ] INFO  replication.ReplicationServer (ReplicationServer.java:start(109)) - ReplicationServer is started using port 43871
2023-04-19 02:33:37,511 [EndpointStateMachine task thread for /0.0.0.0:42103 - 0 ] INFO  ratis.XceiverServerRatis (XceiverServerRatis.java:start(517)) - Starting XceiverServerRatis a2f76bd1-2c73-4f6b-ae37-53a5930131fe
2023-04-19 02:33:37,512 [EndpointStateMachine task thread for /0.0.0.0:42103 - 0 ] INFO  server.RaftServer (RaftServerProxy.java:startImpl(393)) - a2f76bd1-2c73-4f6b-ae37-53a5930131fe: start RPC server
2023-04-19 02:33:37,513 [EndpointStateMachine task thread for /0.0.0.0:42103 - 0 ] INFO  server.GrpcService (GrpcService.java:startImpl(262)) - a2f76bd1-2c73-4f6b-ae37-53a5930131fe: GrpcService started, listening on 34109
2023-04-19 02:33:37,515 [EndpointStateMachine task thread for /0.0.0.0:42103 - 0 ] INFO  ratis.XceiverServerRatis (XceiverServerRatis.java:getRealPort(543)) - XceiverServerRatis a2f76bd1-2c73-4f6b-ae37-53a5930131fe is started using port 34109 for RATIS
2023-04-19 02:33:37,515 [JvmPauseMonitor11] INFO  util.JvmPauseMonitor (JvmPauseMonitor.java:run(105)) - JvmPauseMonitor-a2f76bd1-2c73-4f6b-ae37-53a5930131fe: Started
2023-04-19 02:33:37,515 [EndpointStateMachine task thread for /0.0.0.0:42103 - 0 ] INFO  ratis.XceiverServerRatis (XceiverServerRatis.java:getRealPort(543)) - XceiverServerRatis a2f76bd1-2c73-4f6b-ae37-53a5930131fe is started using port 34109 for RATIS_ADMIN
2023-04-19 02:33:37,515 [EndpointStateMachine task thread for /0.0.0.0:42103 - 0 ] INFO  ratis.XceiverServerRatis (XceiverServerRatis.java:getRealPort(543)) - XceiverServerRatis a2f76bd1-2c73-4f6b-ae37-53a5930131fe is started using port 34109 for RATIS_SERVER
2023-04-19 02:33:37,515 [EndpointStateMachine task thread for /0.0.0.0:42103 - 0 ] INFO  ratis.XceiverServerRatis (XceiverServerRatis.java:getRealPort(543)) - XceiverServerRatis a2f76bd1-2c73-4f6b-ae37-53a5930131fe is started using port 36907 for RATIS_DATASTREAM
2023-04-19 02:33:37,517 [EndpointStateMachine task thread for /0.0.0.0:42103 - 0 ] INFO  server.XceiverServerGrpc (XceiverServerGrpc.java:start(180)) - XceiverServerGrpc a2f76bd1-2c73-4f6b-ae37-53a5930131fe is started using port 39345
2023-04-19 02:33:37,518 [BlockDeletingService#0] INFO  interfaces.ContainerDeletionChoosingPolicyTemplate (ContainerDeletionChoosingPolicyTemplate.java:chooseContainerForBlockDeletion(83)) - Chosen 0/5000 blocks from 0 candidate containers.
2023-04-19 02:33:37,548 [BlockDeletingService#4] INFO  interfaces.ContainerDeletionChoosingPolicyTemplate (ContainerDeletionChoosingPolicyTemplate.java:chooseContainerForBlockDeletion(83)) - Chosen 0/5000 blocks from 0 candidate containers.
2023-04-19 02:33:37,584 [BlockDeletingService#2] INFO  interfaces.ContainerDeletionChoosingPolicyTemplate (ContainerDeletionChoosingPolicyTemplate.java:chooseContainerForBlockDeletion(83)) - Chosen 0/5000 blocks from 0 candidate containers.
2023-04-19 02:33:37,597 [SCMBlockDeletingService#0] DEBUG block.SCMBlockDeletingService (SCMBlockDeletingService.java:shouldRun(251)) - Check scm block delete run: false serviceStatus: PAUSING safemodeExitRunDelayMillis: 3000 alreadyWaitTimeInMillis: 1681871617597
2023-04-19 02:33:37,618 [BlockDeletingService#0] INFO  interfaces.ContainerDeletionChoosingPolicyTemplate (ContainerDeletionChoosingPolicyTemplate.java:chooseContainerForBlockDeletion(83)) - Chosen 0/5000 blocks from 0 candidate containers.
2023-04-19 02:33:37,648 [BlockDeletingService#2] INFO  interfaces.ContainerDeletionChoosingPolicyTemplate (ContainerDeletionChoosingPolicyTemplate.java:chooseContainerForBlockDeletion(83)) - Chosen 0/5000 blocks from 0 candidate containers.
2023-04-19 02:33:37,684 [BlockDeletingService#1] INFO  interfaces.ContainerDeletionChoosingPolicyTemplate (ContainerDeletionChoosingPolicyTemplate.java:chooseContainerForBlockDeletion(83)) - Chosen 0/5000 blocks from 0 candidate containers.
2023-04-19 02:33:37,697 [SCMBlockDeletingService#0] DEBUG block.SCMBlockDeletingService (SCMBlockDeletingService.java:shouldRun(251)) - Check scm block delete run: false serviceStatus: PAUSING safemodeExitRunDelayMillis: 3000 alreadyWaitTimeInMillis: 1681871617697
2023-04-19 02:33:37,719 [BlockDeletingService#1] INFO  interfaces.ContainerDeletionChoosingPolicyTemplate (ContainerDeletionChoosingPolicyTemplate.java:chooseContainerForBlockDeletion(83)) - Chosen 0/5000 blocks from 0 candidate containers.
2023-04-19 02:33:37,748 [BlockDeletingService#2] INFO  interfaces.ContainerDeletionChoosingPolicyTemplate (ContainerDeletionChoosingPolicyTemplate.java:chooseContainerForBlockDeletion(83)) - Chosen 0/5000 blocks from 0 candidate containers.
2023-04-19 02:33:37,785 [BlockDeletingService#3] INFO  interfaces.ContainerDeletionChoosingPolicyTemplate (ContainerDeletionChoosingPolicyTemplate.java:chooseContainerForBlockDeletion(83)) - Chosen 0/5000 blocks from 0 candidate containers.
2023-04-19 02:33:37,797 [SCMBlockDeletingService#0] DEBUG block.SCMBlockDeletingService (SCMBlockDeletingService.java:shouldRun(251)) - Check scm block delete run: false serviceStatus: PAUSING safemodeExitRunDelayMillis: 3000 alreadyWaitTimeInMillis: 1681871617797
2023-04-19 02:33:37,819 [BlockDeletingService#0] INFO  interfaces.ContainerDeletionChoosingPolicyTemplate (ContainerDeletionChoosingPolicyTemplate.java:chooseContainerForBlockDeletion(83)) - Chosen 0/5000 blocks from 0 candidate containers.
2023-04-19 02:33:37,848 [BlockDeletingService#2] INFO  interfaces.ContainerDeletionChoosingPolicyTemplate (ContainerDeletionChoosingPolicyTemplate.java:chooseContainerForBlockDeletion(83)) - Chosen 0/5000 blocks from 0 candidate containers.
2023-04-19 02:33:37,885 [BlockDeletingService#0] INFO  interfaces.ContainerDeletionChoosingPolicyTemplate (ContainerDeletionChoosingPolicyTemplate.java:chooseContainerForBlockDeletion(83)) - Chosen 0/5000 blocks from 0 candidate containers.
2023-04-19 02:33:37,897 [SCMBlockDeletingService#0] DEBUG block.SCMBlockDeletingService (SCMBlockDeletingService.java:shouldRun(251)) - Check scm block delete run: false serviceStatus: PAUSING safemodeExitRunDelayMillis: 3000 alreadyWaitTimeInMillis: 1681871617897
2023-04-19 02:33:37,919 [BlockDeletingService#2] INFO  interfaces.ContainerDeletionChoosingPolicyTemplate (ContainerDeletionChoosingPolicyTemplate.java:chooseContainerForBlockDeletion(83)) - Chosen 0/5000 blocks from 0 candidate containers.
2023-04-19 02:33:37,948 [BlockDeletingService#2] INFO  interfaces.ContainerDeletionChoosingPolicyTemplate (ContainerDeletionChoosingPolicyTemplate.java:chooseContainerForBlockDeletion(83)) - Chosen 0/5000 blocks from 0 candidate containers.
2023-04-19 02:33:37,985 [BlockDeletingService#4] INFO  interfaces.ContainerDeletionChoosingPolicyTemplate (ContainerDeletionChoosingPolicyTemplate.java:chooseContainerForBlockDeletion(83)) - Chosen 0/5000 blocks from 0 candidate containers.
2023-04-19 02:33:37,997 [SCMBlockDeletingService#0] DEBUG block.SCMBlockDeletingService (SCMBlockDeletingService.java:shouldRun(251)) - Check scm block delete run: false serviceStatus: PAUSING safemodeExitRunDelayMillis: 3000 alreadyWaitTimeInMillis: 1681871617997
2023-04-19 02:33:38,020 [BlockDeletingService#1] INFO  interfaces.ContainerDeletionChoosingPolicyTemplate (ContainerDeletionChoosingPolicyTemplate.java:chooseContainerForBlockDeletion(83)) - Chosen 0/5000 blocks from 0 candidate containers.
2023-04-19 02:33:38,049 [BlockDeletingService#2] INFO  interfaces.ContainerDeletionChoosingPolicyTemplate (ContainerDeletionChoosingPolicyTemplate.java:chooseContainerForBlockDeletion(83)) - Chosen 0/5000 blocks from 0 candidate containers.
2023-04-19 02:33:38,085 [BlockDeletingService#2] INFO  interfaces.ContainerDeletionChoosingPolicyTemplate (ContainerDeletionChoosingPolicyTemplate.java:chooseContainerForBlockDeletion(83)) - Chosen 0/5000 blocks from 0 candidate containers.
2023-04-19 02:33:38,097 [SCMBlockDeletingService#0] DEBUG block.SCMBlockDeletingService (SCMBlockDeletingService.java:shouldRun(251)) - Check scm block delete run: false serviceStatus: PAUSING safemodeExitRunDelayMillis: 3000 alreadyWaitTimeInMillis: 1681871618097
2023-04-19 02:33:38,120 [BlockDeletingService#3] INFO  interfaces.ContainerDeletionChoosingPolicyTemplate (ContainerDeletionChoosingPolicyTemplate.java:chooseContainerForBlockDeletion(83)) - Chosen 0/5000 blocks from 0 candidate containers.
2023-04-19 02:33:38,149 [BlockDeletingService#2] INFO  interfaces.ContainerDeletionChoosingPolicyTemplate (ContainerDeletionChoosingPolicyTemplate.java:chooseContainerForBlockDeletion(83)) - Chosen 0/5000 blocks from 0 candidate containers.
2023-04-19 02:33:38,186 [BlockDeletingService#2] INFO  interfaces.ContainerDeletionChoosingPolicyTemplate (ContainerDeletionChoosingPolicyTemplate.java:chooseContainerForBlockDeletion(83)) - Chosen 0/5000 blocks from 0 candidate containers.
2023-04-19 02:33:38,197 [SCMBlockDeletingService#0] DEBUG block.SCMBlockDeletingService (SCMBlockDeletingService.java:shouldRun(251)) - Check scm block delete run: false serviceStatus: PAUSING safemodeExitRunDelayMillis: 3000 alreadyWaitTimeInMillis: 1681871618197
2023-04-19 02:33:38,220 [BlockDeletingService#0] INFO  interfaces.ContainerDeletionChoosingPolicyTemplate (ContainerDeletionChoosingPolicyTemplate.java:chooseContainerForBlockDeletion(83)) - Chosen 0/5000 blocks from 0 candidate containers.
2023-04-19 02:33:38,249 [BlockDeletingService#2] INFO  interfaces.ContainerDeletionChoosingPolicyTemplate (ContainerDeletionChoosingPolicyTemplate.java:chooseContainerForBlockDeletion(83)) - Chosen 0/5000 blocks from 0 candidate containers.
2023-04-19 02:33:38,286 [BlockDeletingService#2] INFO  interfaces.ContainerDeletionChoosingPolicyTemplate (ContainerDeletionChoosingPolicyTemplate.java:chooseContainerForBlockDeletion(83)) - Chosen 0/5000 blocks from 0 candidate containers.
2023-04-19 02:33:38,297 [SCMBlockDeletingService#0] DEBUG block.SCMBlockDeletingService (SCMBlockDeletingService.java:shouldRun(251)) - Check scm block delete run: false serviceStatus: PAUSING safemodeExitRunDelayMillis: 3000 alreadyWaitTimeInMillis: 1681871618297
2023-04-19 02:33:38,320 [BlockDeletingService#4] INFO  interfaces.ContainerDeletionChoosingPolicyTemplate (ContainerDeletionChoosingPolicyTemplate.java:chooseContainerForBlockDeletion(83)) - Chosen 0/5000 blocks from 0 candidate containers.
2023-04-19 02:33:38,349 [BlockDeletingService#2] INFO  interfaces.ContainerDeletionChoosingPolicyTemplate (ContainerDeletionChoosingPolicyTemplate.java:chooseContainerForBlockDeletion(83)) - Chosen 0/5000 blocks from 0 candidate containers.
2023-04-19 02:33:38,386 [BlockDeletingService#2] INFO  interfaces.ContainerDeletionChoosingPolicyTemplate (ContainerDeletionChoosingPolicyTemplate.java:chooseContainerForBlockDeletion(83)) - Chosen 0/5000 blocks from 0 candidate containers.
2023-04-19 02:33:38,398 [SCMBlockDeletingService#0] DEBUG block.SCMBlockDeletingService (SCMBlockDeletingService.java:shouldRun(251)) - Check scm block delete run: false serviceStatus: PAUSING safemodeExitRunDelayMillis: 3000 alreadyWaitTimeInMillis: 1681871618398
2023-04-19 02:33:38,420 [BlockDeletingService#2] INFO  interfaces.ContainerDeletionChoosingPolicyTemplate (ContainerDeletionChoosingPolicyTemplate.java:chooseContainerForBlockDeletion(83)) - Chosen 0/5000 blocks from 0 candidate containers.
2023-04-19 02:33:38,449 [BlockDeletingService#2] INFO  interfaces.ContainerDeletionChoosingPolicyTemplate (ContainerDeletionChoosingPolicyTemplate.java:chooseContainerForBlockDeletion(83)) - Chosen 0/5000 blocks from 0 candidate containers.
2023-04-19 02:33:38,471 [Listener at 127.0.0.1/39891] INFO  ozone.MiniOzoneClusterImpl (MiniOzoneClusterImpl.java:lambda$waitForClusterToBeReady$0(222)) - Waiting for nodes to be ready. Got 0 of 3 DN Heartbeats.
2023-04-19 02:33:38,472 [Listener at 127.0.0.1/39891] INFO  ozone.MiniOzoneClusterImpl (MiniOzoneClusterImpl.java:lambda$waitForClusterToBeReady$0(225)) - Waiting for cluster to exit safe mode
2023-04-19 02:33:38,472 [Listener at 127.0.0.1/39891] INFO  ozone.MiniOzoneClusterImpl (MiniOzoneClusterImpl.java:lambda$waitForClusterToBeReady$0(227)) - SCM became leader
2023-04-19 02:33:38,486 [BlockDeletingService#2] INFO  interfaces.ContainerDeletionChoosingPolicyTemplate (ContainerDeletionChoosingPolicyTemplate.java:chooseContainerForBlockDeletion(83)) - Chosen 0/5000 blocks from 0 candidate containers.
2023-04-19 02:33:38,498 [SCMBlockDeletingService#0] DEBUG block.SCMBlockDeletingService (SCMBlockDeletingService.java:shouldRun(251)) - Check scm block delete run: false serviceStatus: PAUSING safemodeExitRunDelayMillis: 3000 alreadyWaitTimeInMillis: 1681871618498
2023-04-19 02:33:38,521 [BlockDeletingService#2] INFO  interfaces.ContainerDeletionChoosingPolicyTemplate (ContainerDeletionChoosingPolicyTemplate.java:chooseContainerForBlockDeletion(83)) - Chosen 0/5000 blocks from 0 candidate containers.
2023-04-19 02:33:38,549 [BlockDeletingService#2] INFO  interfaces.ContainerDeletionChoosingPolicyTemplate (ContainerDeletionChoosingPolicyTemplate.java:chooseContainerForBlockDeletion(83)) - Chosen 0/5000 blocks from 0 candidate containers.
2023-04-19 02:33:38,586 [BlockDeletingService#2] INFO  interfaces.ContainerDeletionChoosingPolicyTemplate (ContainerDeletionChoosingPolicyTemplate.java:chooseContainerForBlockDeletion(83)) - Chosen 0/5000 blocks from 0 candidate containers.
2023-04-19 02:33:38,598 [SCMBlockDeletingService#0] DEBUG block.SCMBlockDeletingService (SCMBlockDeletingService.java:shouldRun(251)) - Check scm block delete run: false serviceStatus: PAUSING safemodeExitRunDelayMillis: 3000 alreadyWaitTimeInMillis: 1681871618598
2023-04-19 02:33:38,621 [BlockDeletingService#2] INFO  interfaces.ContainerDeletionChoosingPolicyTemplate (ContainerDeletionChoosingPolicyTemplate.java:chooseContainerForBlockDeletion(83)) - Chosen 0/5000 blocks from 0 candidate containers.
2023-04-19 02:33:38,650 [BlockDeletingService#2] INFO  interfaces.ContainerDeletionChoosingPolicyTemplate (ContainerDeletionChoosingPolicyTemplate.java:chooseContainerForBlockDeletion(83)) - Chosen 0/5000 blocks from 0 candidate containers.
2023-04-19 02:33:38,687 [BlockDeletingService#2] INFO  interfaces.ContainerDeletionChoosingPolicyTemplate (ContainerDeletionChoosingPolicyTemplate.java:chooseContainerForBlockDeletion(83)) - Chosen 0/5000 blocks from 0 candidate containers.
2023-04-19 02:33:38,698 [SCMBlockDeletingService#0] DEBUG block.SCMBlockDeletingService (SCMBlockDeletingService.java:shouldRun(251)) - Check scm block delete run: false serviceStatus: PAUSING safemodeExitRunDelayMillis: 3000 alreadyWaitTimeInMillis: 1681871618698
2023-04-19 02:33:38,702 [IPC Server handler 1 on default port 42103] INFO  net.NetworkTopologyImpl (NetworkTopologyImpl.java:add(112)) - Added a new node: /default-rack/457148a9-726e-4dee-b9dd-7b4b55ffa2f6
2023-04-19 02:33:38,702 [IPC Server handler 1 on default port 42103] INFO  node.SCMNodeManager (SCMNodeManager.java:register(404)) - Registered Data node : 457148a9-726e-4dee-b9dd-7b4b55ffa2f6{ip: 10.1.164.0, host: fv-az127-56.h3uyzbqov44edfyrgkjongjtha.bx.internal.cloudapp.net, ports: [HTTP=35673, REPLICATION=38345, RATIS=41073, RATIS_ADMIN=41073, RATIS_SERVER=41073, RATIS_DATASTREAM=34975, STANDALONE=39941], networkLocation: /default-rack, certSerialId: null, persistedOpState: null, persistedOpStateExpiryEpochSec: 0}
2023-04-19 02:33:38,705 [EventQueue-NodeRegistrationContainerReportForDataNodeSafeModeRule] INFO  safemode.SCMSafeModeManager (DataNodeSafeModeRule.java:process(71)) - SCM in safe mode. 1 DataNodes registered, 3 required.
2023-04-19 02:33:38,705 [EventQueue-NodeRegistrationContainerReportForContainerSafeModeRule] INFO  safemode.SCMSafeModeManager (SCMSafeModeManager.java:validateSafeModeExitRules(200)) - ContainerSafeModeRule rule is successfully validated
2023-04-19 02:33:38,709 [EventQueue-NewNodeForNewNodeHandler] INFO  pipeline.BackgroundPipelineCreator (BackgroundPipelineCreator.java:notifyEventTriggered(276)) - trigger a one-shot run on RatisPipelineUtilsThread.
2023-04-19 02:33:38,710 [EventQueue-PipelineReportForOneReplicaPipelineSafeModeRule] INFO  safemode.SCMSafeModeManager (SCMSafeModeManager.java:validateSafeModeExitRules(200)) - AtleastOneDatanodeReportedRule rule is successfully validated
2023-04-19 02:33:38,721 [BlockDeletingService#2] INFO  interfaces.ContainerDeletionChoosingPolicyTemplate (ContainerDeletionChoosingPolicyTemplate.java:chooseContainerForBlockDeletion(83)) - Chosen 0/5000 blocks from 0 candidate containers.
2023-04-19 02:33:38,750 [BlockDeletingService#2] INFO  interfaces.ContainerDeletionChoosingPolicyTemplate (ContainerDeletionChoosingPolicyTemplate.java:chooseContainerForBlockDeletion(83)) - Chosen 0/5000 blocks from 0 candidate containers.
2023-04-19 02:33:38,787 [BlockDeletingService#2] INFO  interfaces.ContainerDeletionChoosingPolicyTemplate (ContainerDeletionChoosingPolicyTemplate.java:chooseContainerForBlockDeletion(83)) - Chosen 0/5000 blocks from 0 candidate containers.
2023-04-19 02:33:38,798 [SCMBlockDeletingService#0] DEBUG block.SCMBlockDeletingService (SCMBlockDeletingService.java:shouldRun(251)) - Check scm block delete run: false serviceStatus: PAUSING safemodeExitRunDelayMillis: 3000 alreadyWaitTimeInMillis: 1681871618798
2023-04-19 02:33:38,821 [BlockDeletingService#2] INFO  interfaces.ContainerDeletionChoosingPolicyTemplate (ContainerDeletionChoosingPolicyTemplate.java:chooseContainerForBlockDeletion(83)) - Chosen 0/5000 blocks from 0 candidate containers.
2023-04-19 02:33:38,850 [BlockDeletingService#2] INFO  interfaces.ContainerDeletionChoosingPolicyTemplate (ContainerDeletionChoosingPolicyTemplate.java:chooseContainerForBlockDeletion(83)) - Chosen 0/5000 blocks from 0 candidate containers.
2023-04-19 02:33:38,887 [BlockDeletingService#2] INFO  interfaces.ContainerDeletionChoosingPolicyTemplate (ContainerDeletionChoosingPolicyTemplate.java:chooseContainerForBlockDeletion(83)) - Chosen 0/5000 blocks from 0 candidate containers.
2023-04-19 02:33:38,898 [SCMBlockDeletingService#0] DEBUG block.SCMBlockDeletingService (SCMBlockDeletingService.java:shouldRun(251)) - Check scm block delete run: false serviceStatus: PAUSING safemodeExitRunDelayMillis: 3000 alreadyWaitTimeInMillis: 1681871618898
2023-04-19 02:33:38,921 [BlockDeletingService#2] INFO  interfaces.ContainerDeletionChoosingPolicyTemplate (ContainerDeletionChoosingPolicyTemplate.java:chooseContainerForBlockDeletion(83)) - Chosen 0/5000 blocks from 0 candidate containers.
2023-04-19 02:33:38,950 [BlockDeletingService#2] INFO  interfaces.ContainerDeletionChoosingPolicyTemplate (ContainerDeletionChoosingPolicyTemplate.java:chooseContainerForBlockDeletion(83)) - Chosen 0/5000 blocks from 0 candidate containers.
2023-04-19 02:33:38,988 [BlockDeletingService#2] INFO  interfaces.ContainerDeletionChoosingPolicyTemplate (ContainerDeletionChoosingPolicyTemplate.java:chooseContainerForBlockDeletion(83)) - Chosen 0/5000 blocks from 0 candidate containers.
2023-04-19 02:33:38,998 [SCMBlockDeletingService#0] DEBUG block.SCMBlockDeletingService (SCMBlockDeletingService.java:shouldRun(251)) - Check scm block delete run: false serviceStatus: PAUSING safemodeExitRunDelayMillis: 3000 alreadyWaitTimeInMillis: 1681871618998
2023-04-19 02:33:39,022 [BlockDeletingService#2] INFO  interfaces.ContainerDeletionChoosingPolicyTemplate (ContainerDeletionChoosingPolicyTemplate.java:chooseContainerForBlockDeletion(83)) - Chosen 0/5000 blocks from 0 candidate containers.
2023-04-19 02:33:39,050 [BlockDeletingService#2] INFO  interfaces.ContainerDeletionChoosingPolicyTemplate (ContainerDeletionChoosingPolicyTemplate.java:chooseContainerForBlockDeletion(83)) - Chosen 0/5000 blocks from 0 candidate containers.
2023-04-19 02:33:39,088 [BlockDeletingService#2] INFO  interfaces.ContainerDeletionChoosingPolicyTemplate (ContainerDeletionChoosingPolicyTemplate.java:chooseContainerForBlockDeletion(83)) - Chosen 0/5000 blocks from 0 candidate containers.
2023-04-19 02:33:39,098 [SCMBlockDeletingService#0] DEBUG block.SCMBlockDeletingService (SCMBlockDeletingService.java:shouldRun(251)) - Check scm block delete run: false serviceStatus: PAUSING safemodeExitRunDelayMillis: 3000 alreadyWaitTimeInMillis: 1681871619098
2023-04-19 02:33:39,122 [BlockDeletingService#2] INFO  interfaces.ContainerDeletionChoosingPolicyTemplate (ContainerDeletionChoosingPolicyTemplate.java:chooseContainerForBlockDeletion(83)) - Chosen 0/5000 blocks from 0 candidate containers.
2023-04-19 02:33:39,128 [IPC Server handler 3 on default port 42103] INFO  net.NetworkTopologyImpl (NetworkTopologyImpl.java:add(112)) - Added a new node: /default-rack/2fc7e044-034b-4d4d-85e4-65e0422d519b
2023-04-19 02:33:39,128 [IPC Server handler 3 on default port 42103] INFO  node.SCMNodeManager (SCMNodeManager.java:register(404)) - Registered Data node : 2fc7e044-034b-4d4d-85e4-65e0422d519b{ip: 10.1.164.0, host: fv-az127-56.h3uyzbqov44edfyrgkjongjtha.bx.internal.cloudapp.net, ports: [HTTP=40283, REPLICATION=46111, RATIS=42467, RATIS_ADMIN=42467, RATIS_SERVER=42467, RATIS_DATASTREAM=34951, STANDALONE=33453], networkLocation: /default-rack, certSerialId: null, persistedOpState: null, persistedOpStateExpiryEpochSec: 0}
2023-04-19 02:33:39,130 [EventQueue-NodeRegistrationContainerReportForDataNodeSafeModeRule] INFO  safemode.SCMSafeModeManager (DataNodeSafeModeRule.java:process(71)) - SCM in safe mode. 2 DataNodes registered, 3 required.
2023-04-19 02:33:39,130 [EventQueue-NewNodeForNewNodeHandler] INFO  pipeline.BackgroundPipelineCreator (BackgroundPipelineCreator.java:notifyEventTriggered(276)) - trigger a one-shot run on RatisPipelineUtilsThread.
2023-04-19 02:33:39,151 [BlockDeletingService#2] INFO  interfaces.ContainerDeletionChoosingPolicyTemplate (ContainerDeletionChoosingPolicyTemplate.java:chooseContainerForBlockDeletion(83)) - Chosen 0/5000 blocks from 0 candidate containers.
2023-04-19 02:33:39,188 [BlockDeletingService#2] INFO  interfaces.ContainerDeletionChoosingPolicyTemplate (ContainerDeletionChoosingPolicyTemplate.java:chooseContainerForBlockDeletion(83)) - Chosen 0/5000 blocks from 0 candidate containers.
2023-04-19 02:33:39,198 [SCMBlockDeletingService#0] DEBUG block.SCMBlockDeletingService (SCMBlockDeletingService.java:shouldRun(251)) - Check scm block delete run: false serviceStatus: PAUSING safemodeExitRunDelayMillis: 3000 alreadyWaitTimeInMillis: 1681871619198
2023-04-19 02:33:39,222 [BlockDeletingService#2] INFO  interfaces.ContainerDeletionChoosingPolicyTemplate (ContainerDeletionChoosingPolicyTemplate.java:chooseContainerForBlockDeletion(83)) - Chosen 0/5000 blocks from 0 candidate containers.
2023-04-19 02:33:39,251 [BlockDeletingService#2] INFO  interfaces.ContainerDeletionChoosingPolicyTemplate (ContainerDeletionChoosingPolicyTemplate.java:chooseContainerForBlockDeletion(83)) - Chosen 0/5000 blocks from 0 candidate containers.
2023-04-19 02:33:39,288 [BlockDeletingService#2] INFO  interfaces.ContainerDeletionChoosingPolicyTemplate (ContainerDeletionChoosingPolicyTemplate.java:chooseContainerForBlockDeletion(83)) - Chosen 0/5000 blocks from 0 candidate containers.
2023-04-19 02:33:39,298 [SCMBlockDeletingService#0] DEBUG block.SCMBlockDeletingService (SCMBlockDeletingService.java:shouldRun(251)) - Check scm block delete run: false serviceStatus: PAUSING safemodeExitRunDelayMillis: 3000 alreadyWaitTimeInMillis: 1681871619298
2023-04-19 02:33:39,323 [BlockDeletingService#2] INFO  interfaces.ContainerDeletionChoosingPolicyTemplate (ContainerDeletionChoosingPolicyTemplate.java:chooseContainerForBlockDeletion(83)) - Chosen 0/5000 blocks from 0 candidate containers.
2023-04-19 02:33:39,351 [BlockDeletingService#2] INFO  interfaces.ContainerDeletionChoosingPolicyTemplate (ContainerDeletionChoosingPolicyTemplate.java:chooseContainerForBlockDeletion(83)) - Chosen 0/5000 blocks from 0 candidate containers.
2023-04-19 02:33:39,389 [BlockDeletingService#2] INFO  interfaces.ContainerDeletionChoosingPolicyTemplate (ContainerDeletionChoosingPolicyTemplate.java:chooseContainerForBlockDeletion(83)) - Chosen 0/5000 blocks from 0 candidate containers.
2023-04-19 02:33:39,399 [SCMBlockDeletingService#0] DEBUG block.SCMBlockDeletingService (SCMBlockDeletingService.java:shouldRun(251)) - Check scm block delete run: false serviceStatus: PAUSING safemodeExitRunDelayMillis: 3000 alreadyWaitTimeInMillis: 1681871619399
2023-04-19 02:33:39,423 [BlockDeletingService#2] INFO  interfaces.ContainerDeletionChoosingPolicyTemplate (ContainerDeletionChoosingPolicyTemplate.java:chooseContainerForBlockDeletion(83)) - Chosen 0/5000 blocks from 0 candidate containers.
2023-04-19 02:33:39,451 [BlockDeletingService#2] INFO  interfaces.ContainerDeletionChoosingPolicyTemplate (ContainerDeletionChoosingPolicyTemplate.java:chooseContainerForBlockDeletion(83)) - Chosen 0/5000 blocks from 0 candidate containers.
2023-04-19 02:33:39,472 [Listener at 127.0.0.1/39891] INFO  ozone.MiniOzoneClusterImpl (MiniOzoneClusterImpl.java:lambda$waitForClusterToBeReady$0(222)) - Waiting for nodes to be ready. Got 2 of 3 DN Heartbeats.
2023-04-19 02:33:39,473 [Listener at 127.0.0.1/39891] INFO  ozone.MiniOzoneClusterImpl (MiniOzoneClusterImpl.java:lambda$waitForClusterToBeReady$0(225)) - Waiting for cluster to exit safe mode
2023-04-19 02:33:39,473 [Listener at 127.0.0.1/39891] INFO  ozone.MiniOzoneClusterImpl (MiniOzoneClusterImpl.java:lambda$waitForClusterToBeReady$0(227)) - SCM became leader
2023-04-19 02:33:39,474 [IPC Server handler 4 on default port 42103] INFO  net.NetworkTopologyImpl (NetworkTopologyImpl.java:add(112)) - Added a new node: /default-rack/a2f76bd1-2c73-4f6b-ae37-53a5930131fe
2023-04-19 02:33:39,474 [IPC Server handler 4 on default port 42103] INFO  node.SCMNodeManager (SCMNodeManager.java:register(404)) - Registered Data node : a2f76bd1-2c73-4f6b-ae37-53a5930131fe{ip: 10.1.164.0, host: fv-az127-56.h3uyzbqov44edfyrgkjongjtha.bx.internal.cloudapp.net, ports: [HTTP=45105, REPLICATION=43871, RATIS=34109, RATIS_ADMIN=34109, RATIS_SERVER=34109, RATIS_DATASTREAM=36907, STANDALONE=39345], networkLocation: /default-rack, certSerialId: null, persistedOpState: null, persistedOpStateExpiryEpochSec: 0}
2023-04-19 02:33:39,474 [EventQueue-NewNodeForNewNodeHandler] INFO  pipeline.BackgroundPipelineCreator (BackgroundPipelineCreator.java:notifyEventTriggered(276)) - trigger a one-shot run on RatisPipelineUtilsThread.
2023-04-19 02:33:39,476 [EventQueue-NodeRegistrationContainerReportForDataNodeSafeModeRule] INFO  safemode.SCMSafeModeManager (DataNodeSafeModeRule.java:process(71)) - SCM in safe mode. 3 DataNodes registered, 3 required.
2023-04-19 02:33:39,476 [EventQueue-NodeRegistrationContainerReportForDataNodeSafeModeRule] INFO  safemode.SCMSafeModeManager (SCMSafeModeManager.java:validateSafeModeExitRules(200)) - DataNodeSafeModeRule rule is successfully validated
2023-04-19 02:33:39,476 [EventQueue-NodeRegistrationContainerReportForDataNodeSafeModeRule] INFO  safemode.SCMSafeModeManager (SCMSafeModeManager.java:completePreCheck(229)) - All SCM safe mode pre check rules have passed
2023-04-19 02:33:39,476 [EventQueue-NodeRegistrationContainerReportForDataNodeSafeModeRule] INFO  ha.SCMContext (SCMContext.java:updateSafeModeStatus(228)) - Update SafeModeStatus from SafeModeStatus{safeModeStatus=true, preCheckPassed=false} to SafeModeStatus{safeModeStatus=true, preCheckPassed=true}.
2023-04-19 02:33:39,476 [EventQueue-NodeRegistrationContainerReportForDataNodeSafeModeRule] INFO  pipeline.BackgroundPipelineCreator (BackgroundPipelineCreator.java:notifyEventTriggered(276)) - trigger a one-shot run on RatisPipelineUtilsThread.
2023-04-19 02:33:39,477 [RatisPipelineUtilsThread - 0] INFO  pipeline.RatisPipelineProvider (RatisPipelineProvider.java:lambda$create$0(206)) - Sending CreatePipelineCommand for pipeline:PipelineID=6c88f487-c9ba-46ea-aed9-8474c413378f to datanode:2fc7e044-034b-4d4d-85e4-65e0422d519b
2023-04-19 02:33:39,477 [RatisPipelineUtilsThread - 0] INFO  pipeline.RatisPipelineProvider (RatisPipelineProvider.java:lambda$create$0(206)) - Sending CreatePipelineCommand for pipeline:PipelineID=6c88f487-c9ba-46ea-aed9-8474c413378f to datanode:a2f76bd1-2c73-4f6b-ae37-53a5930131fe
2023-04-19 02:33:39,477 [RatisPipelineUtilsThread - 0] INFO  pipeline.RatisPipelineProvider (RatisPipelineProvider.java:lambda$create$0(206)) - Sending CreatePipelineCommand for pipeline:PipelineID=6c88f487-c9ba-46ea-aed9-8474c413378f to datanode:457148a9-726e-4dee-b9dd-7b4b55ffa2f6
2023-04-19 02:33:39,478 [RatisPipelineUtilsThread - 0] INFO  pipeline.PipelineStateManagerImpl (PipelineStateManagerImpl.java:addPipeline(103)) - Created pipeline Pipeline[ Id: 6c88f487-c9ba-46ea-aed9-8474c413378f, Nodes: 2fc7e044-034b-4d4d-85e4-65e0422d519b(fv-az127-56.h3uyzbqov44edfyrgkjongjtha.bx.internal.cloudapp.net/10.1.164.0)a2f76bd1-2c73-4f6b-ae37-53a5930131fe(fv-az127-56.h3uyzbqov44edfyrgkjongjtha.bx.internal.cloudapp.net/10.1.164.0)457148a9-726e-4dee-b9dd-7b4b55ffa2f6(fv-az127-56.h3uyzbqov44edfyrgkjongjtha.bx.internal.cloudapp.net/10.1.164.0), ReplicationConfig: RATIS/THREE, State:ALLOCATED, leaderId:, CreationTimestamp2023-04-19T02:33:39.477Z[Etc/UTC]].
2023-04-19 02:33:39,478 [RatisPipelineUtilsThread - 0] WARN  pipeline.PipelinePlacementPolicy (PipelinePlacementPolicy.java:filterViableNodes(160)) - Pipeline creation failed due to no sufficient healthy datanodes. Required 3. Found 0. Excluded 3.
2023-04-19 02:33:39,489 [BlockDeletingService#2] INFO  interfaces.ContainerDeletionChoosingPolicyTemplate (ContainerDeletionChoosingPolicyTemplate.java:chooseContainerForBlockDeletion(83)) - Chosen 0/5000 blocks from 0 candidate containers.
2023-04-19 02:33:39,499 [SCMBlockDeletingService#0] DEBUG block.SCMBlockDeletingService (SCMBlockDeletingService.java:shouldRun(251)) - Check scm block delete run: false serviceStatus: PAUSING safemodeExitRunDelayMillis: 3000 alreadyWaitTimeInMillis: 1681871619499
2023-04-19 02:33:39,523 [BlockDeletingService#2] INFO  interfaces.ContainerDeletionChoosingPolicyTemplate (ContainerDeletionChoosingPolicyTemplate.java:chooseContainerForBlockDeletion(83)) - Chosen 0/5000 blocks from 0 candidate containers.
2023-04-19 02:33:39,551 [BlockDeletingService#2] INFO  interfaces.ContainerDeletionChoosingPolicyTemplate (ContainerDeletionChoosingPolicyTemplate.java:chooseContainerForBlockDeletion(83)) - Chosen 0/5000 blocks from 0 candidate containers.
2023-04-19 02:33:39,590 [BlockDeletingService#2] INFO  interfaces.ContainerDeletionChoosingPolicyTemplate (ContainerDeletionChoosingPolicyTemplate.java:chooseContainerForBlockDeletion(83)) - Chosen 0/5000 blocks from 0 candidate containers.
2023-04-19 02:33:39,599 [SCMBlockDeletingService#0] DEBUG block.SCMBlockDeletingService (SCMBlockDeletingService.java:shouldRun(251)) - Check scm block delete run: false serviceStatus: PAUSING safemodeExitRunDelayMillis: 3000 alreadyWaitTimeInMillis: 1681871619599
2023-04-19 02:33:39,623 [BlockDeletingService#2] INFO  interfaces.ContainerDeletionChoosingPolicyTemplate (ContainerDeletionChoosingPolicyTemplate.java:chooseContainerForBlockDeletion(83)) - Chosen 0/5000 blocks from 0 candidate containers.
2023-04-19 02:33:39,651 [BlockDeletingService#2] INFO  interfaces.ContainerDeletionChoosingPolicyTemplate (ContainerDeletionChoosingPolicyTemplate.java:chooseContainerForBlockDeletion(83)) - Chosen 0/5000 blocks from 0 candidate containers.
2023-04-19 02:33:39,690 [BlockDeletingService#2] INFO  interfaces.ContainerDeletionChoosingPolicyTemplate (ContainerDeletionChoosingPolicyTemplate.java:chooseContainerForBlockDeletion(83)) - Chosen 0/5000 blocks from 0 candidate containers.
2023-04-19 02:33:39,699 [SCMBlockDeletingService#0] DEBUG block.SCMBlockDeletingService (SCMBlockDeletingService.java:shouldRun(251)) - Check scm block delete run: false serviceStatus: PAUSING safemodeExitRunDelayMillis: 3000 alreadyWaitTimeInMillis: 1681871619699
2023-04-19 02:33:39,723 [BlockDeletingService#2] INFO  interfaces.ContainerDeletionChoosingPolicyTemplate (ContainerDeletionChoosingPolicyTemplate.java:chooseContainerForBlockDeletion(83)) - Chosen 0/5000 blocks from 0 candidate containers.
2023-04-19 02:33:39,752 [BlockDeletingService#2] INFO  interfaces.ContainerDeletionChoosingPolicyTemplate (ContainerDeletionChoosingPolicyTemplate.java:chooseContainerForBlockDeletion(83)) - Chosen 0/5000 blocks from 0 candidate containers.
2023-04-19 02:33:39,790 [BlockDeletingService#2] INFO  interfaces.ContainerDeletionChoosingPolicyTemplate (ContainerDeletionChoosingPolicyTemplate.java:chooseContainerForBlockDeletion(83)) - Chosen 0/5000 blocks from 0 candidate containers.
2023-04-19 02:33:39,799 [SCMBlockDeletingService#0] DEBUG block.SCMBlockDeletingService (SCMBlockDeletingService.java:shouldRun(251)) - Check scm block delete run: false serviceStatus: PAUSING safemodeExitRunDelayMillis: 3000 alreadyWaitTimeInMillis: 1681871619799
2023-04-19 02:33:39,824 [BlockDeletingService#2] INFO  interfaces.ContainerDeletionChoosingPolicyTemplate (ContainerDeletionChoosingPolicyTemplate.java:chooseContainerForBlockDeletion(83)) - Chosen 0/5000 blocks from 0 candidate containers.
2023-04-19 02:33:39,852 [BlockDeletingService#2] INFO  interfaces.ContainerDeletionChoosingPolicyTemplate (ContainerDeletionChoosingPolicyTemplate.java:chooseContainerForBlockDeletion(83)) - Chosen 0/5000 blocks from 0 candidate containers.
2023-04-19 02:33:39,890 [BlockDeletingService#2] INFO  interfaces.ContainerDeletionChoosingPolicyTemplate (ContainerDeletionChoosingPolicyTemplate.java:chooseContainerForBlockDeletion(83)) - Chosen 0/5000 blocks from 0 candidate containers.
2023-04-19 02:33:39,899 [SCMBlockDeletingService#0] DEBUG block.SCMBlockDeletingService (SCMBlockDeletingService.java:shouldRun(251)) - Check scm block delete run: false serviceStatus: PAUSING safemodeExitRunDelayMillis: 3000 alreadyWaitTimeInMillis: 1681871619899
2023-04-19 02:33:39,924 [BlockDeletingService#2] INFO  interfaces.ContainerDeletionChoosingPolicyTemplate (ContainerDeletionChoosingPolicyTemplate.java:chooseContainerForBlockDeletion(83)) - Chosen 0/5000 blocks from 0 candidate containers.
2023-04-19 02:33:39,952 [BlockDeletingService#2] INFO  interfaces.ContainerDeletionChoosingPolicyTemplate (ContainerDeletionChoosingPolicyTemplate.java:chooseContainerForBlockDeletion(83)) - Chosen 0/5000 blocks from 0 candidate containers.
2023-04-19 02:33:39,990 [BlockDeletingService#2] INFO  interfaces.ContainerDeletionChoosingPolicyTemplate (ContainerDeletionChoosingPolicyTemplate.java:chooseContainerForBlockDeletion(83)) - Chosen 0/5000 blocks from 0 candidate containers.
2023-04-19 02:33:39,999 [SCMBlockDeletingService#0] DEBUG block.SCMBlockDeletingService (SCMBlockDeletingService.java:shouldRun(251)) - Check scm block delete run: false serviceStatus: PAUSING safemodeExitRunDelayMillis: 3000 alreadyWaitTimeInMillis: 1681871619999
2023-04-19 02:33:40,024 [BlockDeletingService#2] INFO  interfaces.ContainerDeletionChoosingPolicyTemplate (ContainerDeletionChoosingPolicyTemplate.java:chooseContainerForBlockDeletion(83)) - Chosen 0/5000 blocks from 0 candidate containers.
2023-04-19 02:33:40,052 [BlockDeletingService#2] INFO  interfaces.ContainerDeletionChoosingPolicyTemplate (ContainerDeletionChoosingPolicyTemplate.java:chooseContainerForBlockDeletion(83)) - Chosen 0/5000 blocks from 0 candidate containers.
2023-04-19 02:33:40,091 [BlockDeletingService#2] INFO  interfaces.ContainerDeletionChoosingPolicyTemplate (ContainerDeletionChoosingPolicyTemplate.java:chooseContainerForBlockDeletion(83)) - Chosen 0/5000 blocks from 0 candidate containers.
2023-04-19 02:33:40,099 [SCMBlockDeletingService#0] DEBUG block.SCMBlockDeletingService (SCMBlockDeletingService.java:shouldRun(251)) - Check scm block delete run: false serviceStatus: PAUSING safemodeExitRunDelayMillis: 3000 alreadyWaitTimeInMillis: 1681871620099
2023-04-19 02:33:40,124 [BlockDeletingService#2] INFO  interfaces.ContainerDeletionChoosingPolicyTemplate (ContainerDeletionChoosingPolicyTemplate.java:chooseContainerForBlockDeletion(83)) - Chosen 0/5000 blocks from 0 candidate containers.
2023-04-19 02:33:40,152 [BlockDeletingService#2] INFO  interfaces.ContainerDeletionChoosingPolicyTemplate (ContainerDeletionChoosingPolicyTemplate.java:chooseContainerForBlockDeletion(83)) - Chosen 0/5000 blocks from 0 candidate containers.
2023-04-19 02:33:40,191 [BlockDeletingService#2] INFO  interfaces.ContainerDeletionChoosingPolicyTemplate (ContainerDeletionChoosingPolicyTemplate.java:chooseContainerForBlockDeletion(83)) - Chosen 0/5000 blocks from 0 candidate containers.
2023-04-19 02:33:40,199 [SCMBlockDeletingService#0] DEBUG block.SCMBlockDeletingService (SCMBlockDeletingService.java:shouldRun(251)) - Check scm block delete run: false serviceStatus: PAUSING safemodeExitRunDelayMillis: 3000 alreadyWaitTimeInMillis: 1681871620199
2023-04-19 02:33:40,224 [BlockDeletingService#2] INFO  interfaces.ContainerDeletionChoosingPolicyTemplate (ContainerDeletionChoosingPolicyTemplate.java:chooseContainerForBlockDeletion(83)) - Chosen 0/5000 blocks from 0 candidate containers.
2023-04-19 02:33:40,252 [BlockDeletingService#2] INFO  interfaces.ContainerDeletionChoosingPolicyTemplate (ContainerDeletionChoosingPolicyTemplate.java:chooseContainerForBlockDeletion(83)) - Chosen 0/5000 blocks from 0 candidate containers.
2023-04-19 02:33:40,291 [BlockDeletingService#2] INFO  interfaces.ContainerDeletionChoosingPolicyTemplate (ContainerDeletionChoosingPolicyTemplate.java:chooseContainerForBlockDeletion(83)) - Chosen 0/5000 blocks from 0 candidate containers.
2023-04-19 02:33:40,299 [SCMBlockDeletingService#0] DEBUG block.SCMBlockDeletingService (SCMBlockDeletingService.java:shouldRun(251)) - Check scm block delete run: false serviceStatus: PAUSING safemodeExitRunDelayMillis: 3000 alreadyWaitTimeInMillis: 1681871620299
2023-04-19 02:33:40,325 [BlockDeletingService#2] INFO  interfaces.ContainerDeletionChoosingPolicyTemplate (ContainerDeletionChoosingPolicyTemplate.java:chooseContainerForBlockDeletion(83)) - Chosen 0/5000 blocks from 0 candidate containers.
2023-04-19 02:33:40,353 [BlockDeletingService#2] INFO  interfaces.ContainerDeletionChoosingPolicyTemplate (ContainerDeletionChoosingPolicyTemplate.java:chooseContainerForBlockDeletion(83)) - Chosen 0/5000 blocks from 0 candidate containers.
2023-04-19 02:33:40,391 [BlockDeletingService#2] INFO  interfaces.ContainerDeletionChoosingPolicyTemplate (ContainerDeletionChoosingPolicyTemplate.java:chooseContainerForBlockDeletion(83)) - Chosen 0/5000 blocks from 0 candidate containers.
2023-04-19 02:33:40,399 [SCMBlockDeletingService#0] DEBUG block.SCMBlockDeletingService (SCMBlockDeletingService.java:shouldRun(251)) - Check scm block delete run: false serviceStatus: PAUSING safemodeExitRunDelayMillis: 3000 alreadyWaitTimeInMillis: 1681871620399
2023-04-19 02:33:40,425 [BlockDeletingService#2] INFO  interfaces.ContainerDeletionChoosingPolicyTemplate (ContainerDeletionChoosingPolicyTemplate.java:chooseContainerForBlockDeletion(83)) - Chosen 0/5000 blocks from 0 candidate containers.
2023-04-19 02:33:40,453 [BlockDeletingService#2] INFO  interfaces.ContainerDeletionChoosingPolicyTemplate (ContainerDeletionChoosingPolicyTemplate.java:chooseContainerForBlockDeletion(83)) - Chosen 0/5000 blocks from 0 candidate containers.
2023-04-19 02:33:40,473 [Listener at 127.0.0.1/39891] INFO  ozone.MiniOzoneClusterImpl (MiniOzoneClusterImpl.java:lambda$waitForClusterToBeReady$0(222)) - Nodes are ready. Got 3 of 3 DN Heartbeats.
2023-04-19 02:33:40,473 [Listener at 127.0.0.1/39891] INFO  ozone.MiniOzoneClusterImpl (MiniOzoneClusterImpl.java:lambda$waitForClusterToBeReady$0(225)) - Waiting for cluster to exit safe mode
2023-04-19 02:33:40,473 [Listener at 127.0.0.1/39891] INFO  ozone.MiniOzoneClusterImpl (MiniOzoneClusterImpl.java:lambda$waitForClusterToBeReady$0(227)) - SCM became leader
2023-04-19 02:33:40,491 [BlockDeletingService#2] INFO  interfaces.ContainerDeletionChoosingPolicyTemplate (ContainerDeletionChoosingPolicyTemplate.java:chooseContainerForBlockDeletion(83)) - Chosen 0/5000 blocks from 0 candidate containers.
2023-04-19 02:33:40,500 [SCMBlockDeletingService#0] DEBUG block.SCMBlockDeletingService (SCMBlockDeletingService.java:shouldRun(251)) - Check scm block delete run: false serviceStatus: PAUSING safemodeExitRunDelayMillis: 3000 alreadyWaitTimeInMillis: 1681871620500
2023-04-19 02:33:40,525 [BlockDeletingService#2] INFO  interfaces.ContainerDeletionChoosingPolicyTemplate (ContainerDeletionChoosingPolicyTemplate.java:chooseContainerForBlockDeletion(83)) - Chosen 0/5000 blocks from 0 candidate containers.
2023-04-19 02:33:40,553 [BlockDeletingService#2] INFO  interfaces.ContainerDeletionChoosingPolicyTemplate (ContainerDeletionChoosingPolicyTemplate.java:chooseContainerForBlockDeletion(83)) - Chosen 0/5000 blocks from 0 candidate containers.
2023-04-19 02:33:40,592 [BlockDeletingService#2] INFO  interfaces.ContainerDeletionChoosingPolicyTemplate (ContainerDeletionChoosingPolicyTemplate.java:chooseContainerForBlockDeletion(83)) - Chosen 0/5000 blocks from 0 candidate containers.
2023-04-19 02:33:40,600 [SCMBlockDeletingService#0] DEBUG block.SCMBlockDeletingService (SCMBlockDeletingService.java:shouldRun(251)) - Check scm block delete run: false serviceStatus: PAUSING safemodeExitRunDelayMillis: 3000 alreadyWaitTimeInMillis: 1681871620600
2023-04-19 02:33:40,625 [BlockDeletingService#2] INFO  interfaces.ContainerDeletionChoosingPolicyTemplate (ContainerDeletionChoosingPolicyTemplate.java:chooseContainerForBlockDeletion(83)) - Chosen 0/5000 blocks from 0 candidate containers.
2023-04-19 02:33:40,653 [BlockDeletingService#2] INFO  interfaces.ContainerDeletionChoosingPolicyTemplate (ContainerDeletionChoosingPolicyTemplate.java:chooseContainerForBlockDeletion(83)) - Chosen 0/5000 blocks from 0 candidate containers.
2023-04-19 02:33:40,692 [BlockDeletingService#2] INFO  interfaces.ContainerDeletionChoosingPolicyTemplate (ContainerDeletionChoosingPolicyTemplate.java:chooseContainerForBlockDeletion(83)) - Chosen 0/5000 blocks from 0 candidate containers.
2023-04-19 02:33:40,700 [SCMBlockDeletingService#0] DEBUG block.SCMBlockDeletingService (SCMBlockDeletingService.java:shouldRun(251)) - Check scm block delete run: false serviceStatus: PAUSING safemodeExitRunDelayMillis: 3000 alreadyWaitTimeInMillis: 1681871620700
2023-04-19 02:33:40,725 [BlockDeletingService#2] INFO  interfaces.ContainerDeletionChoosingPolicyTemplate (ContainerDeletionChoosingPolicyTemplate.java:chooseContainerForBlockDeletion(83)) - Chosen 0/5000 blocks from 0 candidate containers.
2023-04-19 02:33:40,753 [BlockDeletingService#2] INFO  interfaces.ContainerDeletionChoosingPolicyTemplate (ContainerDeletionChoosingPolicyTemplate.java:chooseContainerForBlockDeletion(83)) - Chosen 0/5000 blocks from 0 candidate containers.
2023-04-19 02:33:40,792 [BlockDeletingService#2] INFO  interfaces.ContainerDeletionChoosingPolicyTemplate (ContainerDeletionChoosingPolicyTemplate.java:chooseContainerForBlockDeletion(83)) - Chosen 0/5000 blocks from 0 candidate containers.
2023-04-19 02:33:40,800 [SCMBlockDeletingService#0] DEBUG block.SCMBlockDeletingService (SCMBlockDeletingService.java:shouldRun(251)) - Check scm block delete run: false serviceStatus: PAUSING safemodeExitRunDelayMillis: 3000 alreadyWaitTimeInMillis: 1681871620800
2023-04-19 02:33:40,826 [BlockDeletingService#2] INFO  interfaces.ContainerDeletionChoosingPolicyTemplate (ContainerDeletionChoosingPolicyTemplate.java:chooseContainerForBlockDeletion(83)) - Chosen 0/5000 blocks from 0 candidate containers.
2023-04-19 02:33:40,853 [BlockDeletingService#2] INFO  interfaces.ContainerDeletionChoosingPolicyTemplate (ContainerDeletionChoosingPolicyTemplate.java:chooseContainerForBlockDeletion(83)) - Chosen 0/5000 blocks from 0 candidate containers.
2023-04-19 02:33:40,892 [BlockDeletingService#2] INFO  interfaces.ContainerDeletionChoosingPolicyTemplate (ContainerDeletionChoosingPolicyTemplate.java:chooseContainerForBlockDeletion(83)) - Chosen 0/5000 blocks from 0 candidate containers.
2023-04-19 02:33:40,900 [SCMBlockDeletingService#0] DEBUG block.SCMBlockDeletingService (SCMBlockDeletingService.java:shouldRun(251)) - Check scm block delete run: false serviceStatus: PAUSING safemodeExitRunDelayMillis: 3000 alreadyWaitTimeInMillis: 1681871620900
2023-04-19 02:33:40,926 [BlockDeletingService#2] INFO  interfaces.ContainerDeletionChoosingPolicyTemplate (ContainerDeletionChoosingPolicyTemplate.java:chooseContainerForBlockDeletion(83)) - Chosen 0/5000 blocks from 0 candidate containers.
2023-04-19 02:33:40,954 [BlockDeletingService#2] INFO  interfaces.ContainerDeletionChoosingPolicyTemplate (ContainerDeletionChoosingPolicyTemplate.java:chooseContainerForBlockDeletion(83)) - Chosen 0/5000 blocks from 0 candidate containers.
2023-04-19 02:33:40,993 [BlockDeletingService#2] INFO  interfaces.ContainerDeletionChoosingPolicyTemplate (ContainerDeletionChoosingPolicyTemplate.java:chooseContainerForBlockDeletion(83)) - Chosen 0/5000 blocks from 0 candidate containers.
2023-04-19 02:33:41,000 [SCMBlockDeletingService#0] DEBUG block.SCMBlockDeletingService (SCMBlockDeletingService.java:shouldRun(251)) - Check scm block delete run: false serviceStatus: PAUSING safemodeExitRunDelayMillis: 3000 alreadyWaitTimeInMillis: 1681871621000
2023-04-19 02:33:41,026 [BlockDeletingService#2] INFO  interfaces.ContainerDeletionChoosingPolicyTemplate (ContainerDeletionChoosingPolicyTemplate.java:chooseContainerForBlockDeletion(83)) - Chosen 0/5000 blocks from 0 candidate containers.
2023-04-19 02:33:41,054 [BlockDeletingService#2] INFO  interfaces.ContainerDeletionChoosingPolicyTemplate (ContainerDeletionChoosingPolicyTemplate.java:chooseContainerForBlockDeletion(83)) - Chosen 0/5000 blocks from 0 candidate containers.
2023-04-19 02:33:41,093 [BlockDeletingService#2] INFO  interfaces.ContainerDeletionChoosingPolicyTemplate (ContainerDeletionChoosingPolicyTemplate.java:chooseContainerForBlockDeletion(83)) - Chosen 0/5000 blocks from 0 candidate containers.
2023-04-19 02:33:41,100 [SCMBlockDeletingService#0] DEBUG block.SCMBlockDeletingService (SCMBlockDeletingService.java:shouldRun(251)) - Check scm block delete run: false serviceStatus: PAUSING safemodeExitRunDelayMillis: 3000 alreadyWaitTimeInMillis: 1681871621100
2023-04-19 02:33:41,127 [BlockDeletingService#2] INFO  interfaces.ContainerDeletionChoosingPolicyTemplate (ContainerDeletionChoosingPolicyTemplate.java:chooseContainerForBlockDeletion(83)) - Chosen 0/5000 blocks from 0 candidate containers.
2023-04-19 02:33:41,154 [BlockDeletingService#2] INFO  interfaces.ContainerDeletionChoosingPolicyTemplate (ContainerDeletionChoosingPolicyTemplate.java:chooseContainerForBlockDeletion(83)) - Chosen 0/5000 blocks from 0 candidate containers.
2023-04-19 02:33:41,193 [BlockDeletingService#2] INFO  interfaces.ContainerDeletionChoosingPolicyTemplate (ContainerDeletionChoosingPolicyTemplate.java:chooseContainerForBlockDeletion(83)) - Chosen 0/5000 blocks from 0 candidate containers.
2023-04-19 02:33:41,200 [SCMBlockDeletingService#0] DEBUG block.SCMBlockDeletingService (SCMBlockDeletingService.java:shouldRun(251)) - Check scm block delete run: false serviceStatus: PAUSING safemodeExitRunDelayMillis: 3000 alreadyWaitTimeInMillis: 1681871621200
2023-04-19 02:33:41,227 [BlockDeletingService#2] INFO  interfaces.ContainerDeletionChoosingPolicyTemplate (ContainerDeletionChoosingPolicyTemplate.java:chooseContainerForBlockDeletion(83)) - Chosen 0/5000 blocks from 0 candidate containers.
2023-04-19 02:33:41,254 [BlockDeletingService#2] INFO  interfaces.ContainerDeletionChoosingPolicyTemplate (ContainerDeletionChoosingPolicyTemplate.java:chooseContainerForBlockDeletion(83)) - Chosen 0/5000 blocks from 0 candidate containers.
2023-04-19 02:33:41,294 [BlockDeletingService#2] INFO  interfaces.ContainerDeletionChoosingPolicyTemplate (ContainerDeletionChoosingPolicyTemplate.java:chooseContainerForBlockDeletion(83)) - Chosen 0/5000 blocks from 0 candidate containers.
2023-04-19 02:33:41,300 [SCMBlockDeletingService#0] DEBUG block.SCMBlockDeletingService (SCMBlockDeletingService.java:shouldRun(251)) - Check scm block delete run: false serviceStatus: PAUSING safemodeExitRunDelayMillis: 3000 alreadyWaitTimeInMillis: 1681871621300
2023-04-19 02:33:41,327 [BlockDeletingService#2] INFO  interfaces.ContainerDeletionChoosingPolicyTemplate (ContainerDeletionChoosingPolicyTemplate.java:chooseContainerForBlockDeletion(83)) - Chosen 0/5000 blocks from 0 candidate containers.
2023-04-19 02:33:41,354 [BlockDeletingService#2] INFO  interfaces.ContainerDeletionChoosingPolicyTemplate (ContainerDeletionChoosingPolicyTemplate.java:chooseContainerForBlockDeletion(83)) - Chosen 0/5000 blocks from 0 candidate containers.
2023-04-19 02:33:41,394 [BlockDeletingService#2] INFO  interfaces.ContainerDeletionChoosingPolicyTemplate (ContainerDeletionChoosingPolicyTemplate.java:chooseContainerForBlockDeletion(83)) - Chosen 0/5000 blocks from 0 candidate containers.
2023-04-19 02:33:41,400 [SCMBlockDeletingService#0] DEBUG block.SCMBlockDeletingService (SCMBlockDeletingService.java:shouldRun(251)) - Check scm block delete run: false serviceStatus: PAUSING safemodeExitRunDelayMillis: 3000 alreadyWaitTimeInMillis: 1681871621400
2023-04-19 02:33:41,427 [BlockDeletingService#2] INFO  interfaces.ContainerDeletionChoosingPolicyTemplate (ContainerDeletionChoosingPolicyTemplate.java:chooseContainerForBlockDeletion(83)) - Chosen 0/5000 blocks from 0 candidate containers.
2023-04-19 02:33:41,454 [BlockDeletingService#2] INFO  interfaces.ContainerDeletionChoosingPolicyTemplate (ContainerDeletionChoosingPolicyTemplate.java:chooseContainerForBlockDeletion(83)) - Chosen 0/5000 blocks from 0 candidate containers.
2023-04-19 02:33:41,474 [Listener at 127.0.0.1/39891] INFO  ozone.MiniOzoneClusterImpl (MiniOzoneClusterImpl.java:lambda$waitForClusterToBeReady$0(222)) - Nodes are ready. Got 3 of 3 DN Heartbeats.
2023-04-19 02:33:41,474 [Listener at 127.0.0.1/39891] INFO  ozone.MiniOzoneClusterImpl (MiniOzoneClusterImpl.java:lambda$waitForClusterToBeReady$0(225)) - Waiting for cluster to exit safe mode
2023-04-19 02:33:41,474 [Listener at 127.0.0.1/39891] INFO  ozone.MiniOzoneClusterImpl (MiniOzoneClusterImpl.java:lambda$waitForClusterToBeReady$0(227)) - SCM became leader
2023-04-19 02:33:41,494 [BlockDeletingService#2] INFO  interfaces.ContainerDeletionChoosingPolicyTemplate (ContainerDeletionChoosingPolicyTemplate.java:chooseContainerForBlockDeletion(83)) - Chosen 0/5000 blocks from 0 candidate containers.
2023-04-19 02:33:41,500 [SCMBlockDeletingService#0] DEBUG block.SCMBlockDeletingService (SCMBlockDeletingService.java:shouldRun(251)) - Check scm block delete run: false serviceStatus: PAUSING safemodeExitRunDelayMillis: 3000 alreadyWaitTimeInMillis: 1681871621500
2023-04-19 02:33:41,528 [BlockDeletingService#2] INFO  interfaces.ContainerDeletionChoosingPolicyTemplate (ContainerDeletionChoosingPolicyTemplate.java:chooseContainerForBlockDeletion(83)) - Chosen 0/5000 blocks from 0 candidate containers.
2023-04-19 02:33:41,555 [BlockDeletingService#2] INFO  interfaces.ContainerDeletionChoosingPolicyTemplate (ContainerDeletionChoosingPolicyTemplate.java:chooseContainerForBlockDeletion(83)) - Chosen 0/5000 blocks from 0 candidate containers.
2023-04-19 02:33:41,594 [BlockDeletingService#2] INFO  interfaces.ContainerDeletionChoosingPolicyTemplate (ContainerDeletionChoosingPolicyTemplate.java:chooseContainerForBlockDeletion(83)) - Chosen 0/5000 blocks from 0 candidate containers.
2023-04-19 02:33:41,601 [SCMBlockDeletingService#0] DEBUG block.SCMBlockDeletingService (SCMBlockDeletingService.java:shouldRun(251)) - Check scm block delete run: false serviceStatus: PAUSING safemodeExitRunDelayMillis: 3000 alreadyWaitTimeInMillis: 1681871621601
2023-04-19 02:33:41,628 [BlockDeletingService#2] INFO  interfaces.ContainerDeletionChoosingPolicyTemplate (ContainerDeletionChoosingPolicyTemplate.java:chooseContainerForBlockDeletion(83)) - Chosen 0/5000 blocks from 0 candidate containers.
2023-04-19 02:33:41,655 [BlockDeletingService#2] INFO  interfaces.ContainerDeletionChoosingPolicyTemplate (ContainerDeletionChoosingPolicyTemplate.java:chooseContainerForBlockDeletion(83)) - Chosen 0/5000 blocks from 0 candidate containers.
2023-04-19 02:33:41,694 [BlockDeletingService#2] INFO  interfaces.ContainerDeletionChoosingPolicyTemplate (ContainerDeletionChoosingPolicyTemplate.java:chooseContainerForBlockDeletion(83)) - Chosen 0/5000 blocks from 0 candidate containers.
2023-04-19 02:33:41,701 [SCMBlockDeletingService#0] DEBUG block.SCMBlockDeletingService (SCMBlockDeletingService.java:shouldRun(251)) - Check scm block delete run: false serviceStatus: PAUSING safemodeExitRunDelayMillis: 3000 alreadyWaitTimeInMillis: 1681871621701
2023-04-19 02:33:41,702 [Command processor thread] INFO  server.RaftServer (RaftServerProxy.java:addNew(96)) - 457148a9-726e-4dee-b9dd-7b4b55ffa2f6: addNew group-8474C413378F:[a2f76bd1-2c73-4f6b-ae37-53a5930131fe|rpc:10.1.164.0:34109|dataStream:10.1.164.0:36907|priority:1|startupRole:FOLLOWER, 2fc7e044-034b-4d4d-85e4-65e0422d519b|rpc:10.1.164.0:42467|dataStream:10.1.164.0:34951|priority:0|startupRole:FOLLOWER, 457148a9-726e-4dee-b9dd-7b4b55ffa2f6|rpc:10.1.164.0:41073|dataStream:10.1.164.0:34975|priority:0|startupRole:FOLLOWER] returns group-8474C413378F:java.util.concurrent.CompletableFuture@17a91c39[Not completed]
2023-04-19 02:33:41,703 [pool-385-thread-1] INFO  server.RaftServer$Division (RaftServerImpl.java:<init>(195)) - 457148a9-726e-4dee-b9dd-7b4b55ffa2f6: new RaftServerImpl for group-8474C413378F:[a2f76bd1-2c73-4f6b-ae37-53a5930131fe|rpc:10.1.164.0:34109|dataStream:10.1.164.0:36907|priority:1|startupRole:FOLLOWER, 2fc7e044-034b-4d4d-85e4-65e0422d519b|rpc:10.1.164.0:42467|dataStream:10.1.164.0:34951|priority:0|startupRole:FOLLOWER, 457148a9-726e-4dee-b9dd-7b4b55ffa2f6|rpc:10.1.164.0:41073|dataStream:10.1.164.0:34975|priority:0|startupRole:FOLLOWER] with ContainerStateMachine:uninitialized
2023-04-19 02:33:41,704 [pool-385-thread-1] INFO  server.RaftServerConfigKeys (ConfUtils.java:logGet(46)) - raft.server.rpc.timeout.min = 5s (custom)
2023-04-19 02:33:41,704 [pool-385-thread-1] INFO  server.RaftServerConfigKeys (ConfUtils.java:logGet(46)) - raft.server.rpc.timeout.max = 5200ms (custom)
2023-04-19 02:33:41,704 [pool-385-thread-1] INFO  server.RaftServerConfigKeys (ConfUtils.java:logGet(46)) - raft.server.rpc.sleep.time = 25ms (default)
2023-04-19 02:33:41,704 [pool-385-thread-1] INFO  server.RaftServerConfigKeys (ConfUtils.java:logGet(46)) - raft.server.rpc.slowness.timeout = 300s (custom)
2023-04-19 02:33:41,704 [pool-385-thread-1] INFO  server.RaftServerConfigKeys (ConfUtils.java:logGet(46)) - raft.server.leaderelection.leader.step-down.wait-time = 10s (default)
2023-04-19 02:33:41,704 [pool-385-thread-1] INFO  server.RaftServerConfigKeys (ConfUtils.java:logGet(46)) - raft.server.sleep.deviation.threshold = 300ms (default)
2023-04-19 02:33:41,704 [pool-385-thread-1] INFO  server.RaftServer$Division (ServerState.java:<init>(118)) - 457148a9-726e-4dee-b9dd-7b4b55ffa2f6@group-8474C413378F: ConfigurationManager, init=-1: peers:[a2f76bd1-2c73-4f6b-ae37-53a5930131fe|rpc:10.1.164.0:34109|dataStream:10.1.164.0:36907|priority:1|startupRole:FOLLOWER, 2fc7e044-034b-4d4d-85e4-65e0422d519b|rpc:10.1.164.0:42467|dataStream:10.1.164.0:34951|priority:0|startupRole:FOLLOWER, 457148a9-726e-4dee-b9dd-7b4b55ffa2f6|rpc:10.1.164.0:41073|dataStream:10.1.164.0:34975|priority:0|startupRole:FOLLOWER]|listeners:[], old=null, confs=<EMPTY_MAP>
2023-04-19 02:33:41,704 [pool-385-thread-1] INFO  server.RaftServerConfigKeys (ConfUtils.java:logGet(46)) - raft.server.storage.dir = [/home/runner/work/ozone/ozone/hadoop-ozone/integration-test/target/test-dir/MiniOzoneClusterImpl-fac7741a-db88-4542-9ed6-27af914485a4/datanode-0/data/ratis] (custom)
2023-04-19 02:33:41,704 [pool-385-thread-1] INFO  server.RaftServerConfigKeys (ConfUtils.java:logGet(46)) - raft.server.log.corruption.policy = EXCEPTION (default)
2023-04-19 02:33:41,704 [pool-385-thread-1] INFO  server.RaftServerConfigKeys (ConfUtils.java:logGet(46)) - raft.server.storage.free-space.min = 0MB (=0) (default)
2023-04-19 02:33:41,704 [pool-385-thread-1] INFO  server.RaftServerConfigKeys (ConfUtils.java:logGet(46)) - raft.server.notification.no-leader.timeout = 300s (custom)
2023-04-19 02:33:41,704 [pool-385-thread-1] INFO  server.RaftServerConfigKeys (ConfUtils.java:logGet(46)) - raft.server.retrycache.expirytime = 600000ms (custom)
2023-04-19 02:33:41,704 [pool-385-thread-1] INFO  server.RaftServerConfigKeys (ConfUtils.java:logGet(46)) - raft.server.retrycache.statistics.expirytime = 100μs (default)
2023-04-19 02:33:41,705 [pool-385-thread-1] INFO  server.RaftServerConfigKeys (ConfUtils.java:logGet(46)) - raft.server.log.appender.install.snapshot.enabled = false (custom)
2023-04-19 02:33:41,705 [pool-385-thread-1] INFO  server.RaftServerConfigKeys (ConfUtils.java:logGet(46)) - raft.server.threadpool.server.cached = true (default)
2023-04-19 02:33:41,705 [pool-385-thread-1] INFO  server.RaftServerConfigKeys (ConfUtils.java:logGet(46)) - raft.server.threadpool.server.size = 0 (default)
2023-04-19 02:33:41,705 [pool-385-thread-1] INFO  server.RaftServerConfigKeys (ConfUtils.java:logGet(46)) - raft.server.threadpool.client.cached = true (default)
2023-04-19 02:33:41,705 [pool-385-thread-1] INFO  server.RaftServerConfigKeys (ConfUtils.java:logGet(46)) - raft.server.threadpool.client.size = 0 (default)
2023-04-19 02:33:41,705 [pool-385-thread-1] INFO  storage.RaftStorageDirectory (RaftStorageDirectoryImpl.java:analyzeStorage(137)) - The storage directory /home/runner/work/ozone/ozone/hadoop-ozone/integration-test/target/test-dir/MiniOzoneClusterImpl-fac7741a-db88-4542-9ed6-27af914485a4/datanode-0/data/ratis/6c88f487-c9ba-46ea-aed9-8474c413378f does not exist. Creating ...
2023-04-19 02:33:41,706 [pool-385-thread-1] INFO  storage.RaftStorageDirectory (RaftStorageDirectoryImpl.java:tryLock(231)) - Lock on /home/runner/work/ozone/ozone/hadoop-ozone/integration-test/target/test-dir/MiniOzoneClusterImpl-fac7741a-db88-4542-9ed6-27af914485a4/datanode-0/data/ratis/6c88f487-c9ba-46ea-aed9-8474c413378f/in_use.lock acquired by nodename 42788@fv-az127-56
2023-04-19 02:33:41,707 [pool-385-thread-1] INFO  storage.RaftStorage (RaftStorageImpl.java:format(96)) - Storage directory /home/runner/work/ozone/ozone/hadoop-ozone/integration-test/target/test-dir/MiniOzoneClusterImpl-fac7741a-db88-4542-9ed6-27af914485a4/datanode-0/data/ratis/6c88f487-c9ba-46ea-aed9-8474c413378f has been successfully formatted.
2023-04-19 02:33:41,708 [pool-385-thread-1] INFO  ratis.ContainerStateMachine (ContainerStateMachine.java:loadSnapshot(262)) - group-8474C413378F: The snapshot info is null. Setting the last applied indexto:(t:0, i:~)
2023-04-19 02:33:41,708 [pool-385-thread-1] INFO  server.RaftServerConfigKeys (ConfUtils.java:logGet(46)) - raft.server.log.use.memory = false (default)
2023-04-19 02:33:41,708 [pool-385-thread-1] INFO  server.RaftServerConfigKeys (ConfUtils.java:logGet(46)) - raft.server.log.purge.gap = 1000000 (custom)
2023-04-19 02:33:41,708 [pool-385-thread-1] INFO  server.RaftServerConfigKeys (ConfUtils.java:logGet(46)) - raft.server.log.appender.buffer.byte-limit = 33554432 (custom)
2023-04-19 02:33:41,708 [pool-385-thread-1] INFO  server.RaftServerConfigKeys (ConfUtils.java:logGet(46)) - raft.server.log.statemachine.data.read.timeout = 1000ms (default)
2023-04-19 02:33:41,708 [pool-385-thread-1] INFO  server.RaftServerConfigKeys (ConfUtils.java:logGet(46)) - raft.server.log.purge.preservation.log.num = 0 (default)
2023-04-19 02:33:41,708 [pool-385-thread-1] INFO  server.RaftServerConfigKeys (ConfUtils.java:logGet(46)) - raft.server.log.segment.size.max = 1048576 (custom)
2023-04-19 02:33:41,708 [pool-385-thread-1] INFO  server.RaftServerConfigKeys (ConfUtils.java:logGet(46)) - raft.server.log.segment.cache.num.max = 2 (custom)
2023-04-19 02:33:41,708 [pool-385-thread-1] INFO  server.RaftServerConfigKeys (ConfUtils.java:logGet(46)) - raft.server.log.segment.cache.size.max = 200MB (=209715200) (default)
2023-04-19 02:33:41,708 [pool-385-thread-1] INFO  segmented.SegmentedRaftLogWorker (SegmentedRaftLogWorker.java:<init>(189)) - new 457148a9-726e-4dee-b9dd-7b4b55ffa2f6@group-8474C413378F-SegmentedRaftLogWorker for RaftStorageImpl:Storage Directory /home/runner/work/ozone/ozone/hadoop-ozone/integration-test/target/test-dir/MiniOzoneClusterImpl-fac7741a-db88-4542-9ed6-27af914485a4/datanode-0/data/ratis/6c88f487-c9ba-46ea-aed9-8474c413378f
2023-04-19 02:33:41,709 [pool-385-thread-1] INFO  server.RaftServerConfigKeys (ConfUtils.java:logGet(46)) - raft.server.log.queue.byte-limit = 4294967296 (custom)
2023-04-19 02:33:41,709 [pool-385-thread-1] INFO  server.RaftServerConfigKeys (ConfUtils.java:logGet(46)) - raft.server.log.queue.element-limit = 1024 (custom)
2023-04-19 02:33:41,709 [pool-385-thread-1] INFO  server.RaftServerConfigKeys (ConfUtils.java:logGet(46)) - raft.server.log.segment.size.max = 1048576 (custom)
2023-04-19 02:33:41,709 [pool-385-thread-1] INFO  server.RaftServerConfigKeys (ConfUtils.java:logGet(46)) - raft.server.log.preallocated.size = 16384 (custom)
2023-04-19 02:33:41,709 [pool-385-thread-1] INFO  server.RaftServerConfigKeys (ConfUtils.java:logGet(46)) - raft.server.log.force.sync.num = 128 (default)
2023-04-19 02:33:41,709 [pool-385-thread-1] INFO  server.RaftServerConfigKeys (ConfUtils.java:logGet(46)) - raft.server.log.statemachine.data.sync = true (default)
2023-04-19 02:33:41,709 [pool-385-thread-1] INFO  server.RaftServerConfigKeys (ConfUtils.java:logGet(46)) - raft.server.log.statemachine.data.sync.timeout = 10s (default)
2023-04-19 02:33:41,709 [pool-385-thread-1] INFO  server.RaftServerConfigKeys (ConfUtils.java:logGet(46)) - raft.server.log.statemachine.data.sync.timeout.retry = -1 (default)
2023-04-19 02:33:41,709 [pool-385-thread-1] INFO  server.RaftServerConfigKeys (ConfUtils.java:logGet(46)) - raft.server.log.write.buffer.size = 1048576 (custom)
2023-04-19 02:33:41,710 [pool-385-thread-1] INFO  server.RaftServerConfigKeys (ConfUtils.java:logGet(46)) - raft.server.log.appender.buffer.byte-limit = 33554432 (custom)
2023-04-19 02:33:41,714 [pool-385-thread-1] INFO  server.RaftServerConfigKeys (ConfUtils.java:logGet(46)) - raft.server.log.unsafe-flush.enabled = false (default)
2023-04-19 02:33:41,714 [pool-385-thread-1] INFO  server.RaftServerConfigKeys (ConfUtils.java:logGet(46)) - raft.server.log.async-flush.enabled = false (default)
2023-04-19 02:33:41,715 [pool-385-thread-1] INFO  server.RaftServerConfigKeys (ConfUtils.java:logGet(46)) - raft.server.log.statemachine.data.caching.enabled = true (custom)
2023-04-19 02:33:41,715 [pool-385-thread-1] INFO  segmented.SegmentedRaftLogWorker (SegmentedRaftLogWorker.java:lambda$new$0(135)) - 457148a9-726e-4dee-b9dd-7b4b55ffa2f6@group-8474C413378F-SegmentedRaftLogWorker: flushIndex: setUnconditionally 0 -> -1
2023-04-19 02:33:41,715 [pool-385-thread-1] INFO  segmented.SegmentedRaftLogWorker (SegmentedRaftLogWorker.java:lambda$new$0(135)) - 457148a9-726e-4dee-b9dd-7b4b55ffa2f6@group-8474C413378F-SegmentedRaftLogWorker: safeCacheEvictIndex: setUnconditionally 0 -> -1
2023-04-19 02:33:41,715 [pool-385-thread-1] INFO  server.RaftServer$Division (RaftServerImpl.java:start(334)) - 457148a9-726e-4dee-b9dd-7b4b55ffa2f6@group-8474C413378F: start as a follower, conf=-1: peers:[a2f76bd1-2c73-4f6b-ae37-53a5930131fe|rpc:10.1.164.0:34109|dataStream:10.1.164.0:36907|priority:1|startupRole:FOLLOWER, 2fc7e044-034b-4d4d-85e4-65e0422d519b|rpc:10.1.164.0:42467|dataStream:10.1.164.0:34951|priority:0|startupRole:FOLLOWER, 457148a9-726e-4dee-b9dd-7b4b55ffa2f6|rpc:10.1.164.0:41073|dataStream:10.1.164.0:34975|priority:0|startupRole:FOLLOWER]|listeners:[], old=null
2023-04-19 02:33:41,715 [pool-385-thread-1] INFO  server.RaftServer$Division (RaftServerImpl.java:setRole(321)) - 457148a9-726e-4dee-b9dd-7b4b55ffa2f6@group-8474C413378F: changes role from      null to FOLLOWER at term 0 for startAsFollower
2023-04-19 02:33:41,715 [pool-385-thread-1] INFO  impl.RoleInfo (RoleInfo.java:updateAndGet(139)) - 457148a9-726e-4dee-b9dd-7b4b55ffa2f6: start 457148a9-726e-4dee-b9dd-7b4b55ffa2f6@group-8474C413378F-FollowerState
2023-04-19 02:33:41,715 [pool-385-thread-1] INFO  util.JmxRegister (JmxRegister.java:tryRegister(44)) - Successfully registered JMX Bean with object name Ratis:service=RaftServer,group=group-8474C413378F,id=457148a9-726e-4dee-b9dd-7b4b55ffa2f6
2023-04-19 02:33:41,715 [pool-385-thread-1] INFO  server.RaftServerConfigKeys (ConfUtils.java:logGet(46)) - raft.server.snapshot.auto.trigger.enabled = true (custom)
2023-04-19 02:33:41,715 [pool-385-thread-1] INFO  server.RaftServerConfigKeys (ConfUtils.java:logGet(46)) - raft.server.snapshot.auto.trigger.threshold = 10000 (custom)
2023-04-19 02:33:41,715 [pool-385-thread-1] INFO  server.RaftServerConfigKeys (ConfUtils.java:logGet(46)) - raft.server.snapshot.retention.file.num = 5 (custom)
2023-04-19 02:33:41,715 [pool-385-thread-1] INFO  server.RaftServerConfigKeys (ConfUtils.java:logGet(46)) - raft.server.log.purge.upto.snapshot.index = false (default)
2023-04-19 02:33:41,716 [457148a9-726e-4dee-b9dd-7b4b55ffa2f6@group-8474C413378F-FollowerState] INFO  server.RaftServerConfigKeys (ConfUtils.java:logFallback(53)) - raft.server.rpc.first-election.timeout.min = 5s (fallback to raft.server.rpc.timeout.min)
2023-04-19 02:33:41,718 [Command processor thread] INFO  ratis.XceiverServerRatis (XceiverServerRatis.java:addGroup(806)) - Created group PipelineID=6c88f487-c9ba-46ea-aed9-8474c413378f
2023-04-19 02:33:41,719 [457148a9-726e-4dee-b9dd-7b4b55ffa2f6@group-8474C413378F-FollowerState] INFO  server.RaftServerConfigKeys (ConfUtils.java:logFallback(53)) - raft.server.rpc.first-election.timeout.max = 5200ms (fallback to raft.server.rpc.timeout.max)
2023-04-19 02:33:41,734 [BlockDeletingService#2] INFO  interfaces.ContainerDeletionChoosingPolicyTemplate (ContainerDeletionChoosingPolicyTemplate.java:chooseContainerForBlockDeletion(83)) - Chosen 0/5000 blocks from 0 candidate containers.
2023-04-19 02:33:41,738 [grpc-default-executor-0] INFO  server.RaftServer (RaftServerProxy.java:addNew(96)) - 2fc7e044-034b-4d4d-85e4-65e0422d519b: addNew group-8474C413378F:[a2f76bd1-2c73-4f6b-ae37-53a5930131fe|rpc:10.1.164.0:34109|dataStream:10.1.164.0:36907|priority:1|startupRole:FOLLOWER, 2fc7e044-034b-4d4d-85e4-65e0422d519b|rpc:10.1.164.0:42467|dataStream:10.1.164.0:34951|priority:0|startupRole:FOLLOWER, 457148a9-726e-4dee-b9dd-7b4b55ffa2f6|rpc:10.1.164.0:41073|dataStream:10.1.164.0:34975|priority:0|startupRole:FOLLOWER] returns group-8474C413378F:java.util.concurrent.CompletableFuture@72d82c3f[Not completed]
2023-04-19 02:33:41,741 [pool-407-thread-1] INFO  server.RaftServer$Division (RaftServerImpl.java:<init>(195)) - 2fc7e044-034b-4d4d-85e4-65e0422d519b: new RaftServerImpl for group-8474C413378F:[a2f76bd1-2c73-4f6b-ae37-53a5930131fe|rpc:10.1.164.0:34109|dataStream:10.1.164.0:36907|priority:1|startupRole:FOLLOWER, 2fc7e044-034b-4d4d-85e4-65e0422d519b|rpc:10.1.164.0:42467|dataStream:10.1.164.0:34951|priority:0|startupRole:FOLLOWER, 457148a9-726e-4dee-b9dd-7b4b55ffa2f6|rpc:10.1.164.0:41073|dataStream:10.1.164.0:34975|priority:0|startupRole:FOLLOWER] with ContainerStateMachine:uninitialized
2023-04-19 02:33:41,741 [pool-407-thread-1] INFO  server.RaftServerConfigKeys (ConfUtils.java:logGet(46)) - raft.server.rpc.timeout.min = 5s (custom)
2023-04-19 02:33:41,741 [pool-407-thread-1] INFO  server.RaftServerConfigKeys (ConfUtils.java:logGet(46)) - raft.server.rpc.timeout.max = 5200ms (custom)
2023-04-19 02:33:41,741 [pool-407-thread-1] INFO  server.RaftServerConfigKeys (ConfUtils.java:logGet(46)) - raft.server.rpc.sleep.time = 25ms (default)
2023-04-19 02:33:41,741 [pool-407-thread-1] INFO  server.RaftServerConfigKeys (ConfUtils.java:logGet(46)) - raft.server.rpc.slowness.timeout = 300s (custom)
2023-04-19 02:33:41,741 [pool-407-thread-1] INFO  server.RaftServerConfigKeys (ConfUtils.java:logGet(46)) - raft.server.leaderelection.leader.step-down.wait-time = 10s (default)
2023-04-19 02:33:41,741 [pool-407-thread-1] INFO  server.RaftServerConfigKeys (ConfUtils.java:logGet(46)) - raft.server.sleep.deviation.threshold = 300ms (default)
2023-04-19 02:33:41,742 [pool-407-thread-1] INFO  server.RaftServer$Division (ServerState.java:<init>(118)) - 2fc7e044-034b-4d4d-85e4-65e0422d519b@group-8474C413378F: ConfigurationManager, init=-1: peers:[a2f76bd1-2c73-4f6b-ae37-53a5930131fe|rpc:10.1.164.0:34109|dataStream:10.1.164.0:36907|priority:1|startupRole:FOLLOWER, 2fc7e044-034b-4d4d-85e4-65e0422d519b|rpc:10.1.164.0:42467|dataStream:10.1.164.0:34951|priority:0|startupRole:FOLLOWER, 457148a9-726e-4dee-b9dd-7b4b55ffa2f6|rpc:10.1.164.0:41073|dataStream:10.1.164.0:34975|priority:0|startupRole:FOLLOWER]|listeners:[], old=null, confs=<EMPTY_MAP>
2023-04-19 02:33:41,742 [pool-407-thread-1] INFO  server.RaftServerConfigKeys (ConfUtils.java:logGet(46)) - raft.server.storage.dir = [/home/runner/work/ozone/ozone/hadoop-ozone/integration-test/target/test-dir/MiniOzoneClusterImpl-fac7741a-db88-4542-9ed6-27af914485a4/datanode-1/data/ratis] (custom)
2023-04-19 02:33:41,742 [pool-407-thread-1] INFO  server.RaftServerConfigKeys (ConfUtils.java:logGet(46)) - raft.server.log.corruption.policy = EXCEPTION (default)
2023-04-19 02:33:41,742 [pool-407-thread-1] INFO  server.RaftServerConfigKeys (ConfUtils.java:logGet(46)) - raft.server.storage.free-space.min = 0MB (=0) (default)
2023-04-19 02:33:41,742 [pool-407-thread-1] INFO  server.RaftServerConfigKeys (ConfUtils.java:logGet(46)) - raft.server.notification.no-leader.timeout = 300s (custom)
2023-04-19 02:33:41,742 [pool-407-thread-1] INFO  server.RaftServerConfigKeys (ConfUtils.java:logGet(46)) - raft.server.retrycache.expirytime = 600000ms (custom)
2023-04-19 02:33:41,742 [pool-407-thread-1] INFO  server.RaftServerConfigKeys (ConfUtils.java:logGet(46)) - raft.server.retrycache.statistics.expirytime = 100μs (default)
2023-04-19 02:33:41,743 [pool-407-thread-1] INFO  server.RaftServerConfigKeys (ConfUtils.java:logGet(46)) - raft.server.log.appender.install.snapshot.enabled = false (custom)
2023-04-19 02:33:41,743 [pool-407-thread-1] INFO  server.RaftServerConfigKeys (ConfUtils.java:logGet(46)) - raft.server.threadpool.server.cached = true (default)
2023-04-19 02:33:41,743 [pool-407-thread-1] INFO  server.RaftServerConfigKeys (ConfUtils.java:logGet(46)) - raft.server.threadpool.server.size = 0 (default)
2023-04-19 02:33:41,743 [pool-407-thread-1] INFO  server.RaftServerConfigKeys (ConfUtils.java:logGet(46)) - raft.server.threadpool.client.cached = true (default)
2023-04-19 02:33:41,743 [pool-407-thread-1] INFO  server.RaftServerConfigKeys (ConfUtils.java:logGet(46)) - raft.server.threadpool.client.size = 0 (default)
2023-04-19 02:33:41,743 [pool-407-thread-1] INFO  storage.RaftStorageDirectory (RaftStorageDirectoryImpl.java:analyzeStorage(137)) - The storage directory /home/runner/work/ozone/ozone/hadoop-ozone/integration-test/target/test-dir/MiniOzoneClusterImpl-fac7741a-db88-4542-9ed6-27af914485a4/datanode-1/data/ratis/6c88f487-c9ba-46ea-aed9-8474c413378f does not exist. Creating ...
2023-04-19 02:33:41,744 [pool-407-thread-1] INFO  storage.RaftStorageDirectory (RaftStorageDirectoryImpl.java:tryLock(231)) - Lock on /home/runner/work/ozone/ozone/hadoop-ozone/integration-test/target/test-dir/MiniOzoneClusterImpl-fac7741a-db88-4542-9ed6-27af914485a4/datanode-1/data/ratis/6c88f487-c9ba-46ea-aed9-8474c413378f/in_use.lock acquired by nodename 42788@fv-az127-56
2023-04-19 02:33:41,745 [pool-407-thread-1] INFO  storage.RaftStorage (RaftStorageImpl.java:format(96)) - Storage directory /home/runner/work/ozone/ozone/hadoop-ozone/integration-test/target/test-dir/MiniOzoneClusterImpl-fac7741a-db88-4542-9ed6-27af914485a4/datanode-1/data/ratis/6c88f487-c9ba-46ea-aed9-8474c413378f has been successfully formatted.
2023-04-19 02:33:41,745 [pool-407-thread-1] INFO  ratis.ContainerStateMachine (ContainerStateMachine.java:loadSnapshot(262)) - group-8474C413378F: The snapshot info is null. Setting the last applied indexto:(t:0, i:~)
2023-04-19 02:33:41,745 [pool-407-thread-1] INFO  server.RaftServerConfigKeys (ConfUtils.java:logGet(46)) - raft.server.log.use.memory = false (default)
2023-04-19 02:33:41,745 [pool-407-thread-1] INFO  server.RaftServerConfigKeys (ConfUtils.java:logGet(46)) - raft.server.log.purge.gap = 1000000 (custom)
2023-04-19 02:33:41,745 [pool-407-thread-1] INFO  server.RaftServerConfigKeys (ConfUtils.java:logGet(46)) - raft.server.log.appender.buffer.byte-limit = 33554432 (custom)
2023-04-19 02:33:41,746 [pool-407-thread-1] INFO  server.RaftServerConfigKeys (ConfUtils.java:logGet(46)) - raft.server.log.statemachine.data.read.timeout = 1000ms (default)
2023-04-19 02:33:41,746 [pool-407-thread-1] INFO  server.RaftServerConfigKeys (ConfUtils.java:logGet(46)) - raft.server.log.purge.preservation.log.num = 0 (default)
2023-04-19 02:33:41,749 [pool-407-thread-1] INFO  server.RaftServerConfigKeys (ConfUtils.java:logGet(46)) - raft.server.log.segment.size.max = 1048576 (custom)
2023-04-19 02:33:41,749 [pool-407-thread-1] INFO  server.RaftServerConfigKeys (ConfUtils.java:logGet(46)) - raft.server.log.segment.cache.num.max = 2 (custom)
2023-04-19 02:33:41,749 [pool-407-thread-1] INFO  server.RaftServerConfigKeys (ConfUtils.java:logGet(46)) - raft.server.log.segment.cache.size.max = 200MB (=209715200) (default)
2023-04-19 02:33:41,749 [pool-407-thread-1] INFO  segmented.SegmentedRaftLogWorker (SegmentedRaftLogWorker.java:<init>(189)) - new 2fc7e044-034b-4d4d-85e4-65e0422d519b@group-8474C413378F-SegmentedRaftLogWorker for RaftStorageImpl:Storage Directory /home/runner/work/ozone/ozone/hadoop-ozone/integration-test/target/test-dir/MiniOzoneClusterImpl-fac7741a-db88-4542-9ed6-27af914485a4/datanode-1/data/ratis/6c88f487-c9ba-46ea-aed9-8474c413378f
2023-04-19 02:33:41,749 [pool-407-thread-1] INFO  server.RaftServerConfigKeys (ConfUtils.java:logGet(46)) - raft.server.log.queue.byte-limit = 4294967296 (custom)
2023-04-19 02:33:41,749 [pool-407-thread-1] INFO  server.RaftServerConfigKeys (ConfUtils.java:logGet(46)) - raft.server.log.queue.element-limit = 1024 (custom)
2023-04-19 02:33:41,749 [pool-407-thread-1] INFO  server.RaftServerConfigKeys (ConfUtils.java:logGet(46)) - raft.server.log.segment.size.max = 1048576 (custom)
2023-04-19 02:33:41,749 [pool-407-thread-1] INFO  server.RaftServerConfigKeys (ConfUtils.java:logGet(46)) - raft.server.log.preallocated.size = 16384 (custom)
2023-04-19 02:33:41,749 [pool-407-thread-1] INFO  server.RaftServerConfigKeys (ConfUtils.java:logGet(46)) - raft.server.log.force.sync.num = 128 (default)
2023-04-19 02:33:41,749 [pool-407-thread-1] INFO  server.RaftServerConfigKeys (ConfUtils.java:logGet(46)) - raft.server.log.statemachine.data.sync = true (default)
2023-04-19 02:33:41,749 [pool-407-thread-1] INFO  server.RaftServerConfigKeys (ConfUtils.java:logGet(46)) - raft.server.log.statemachine.data.sync.timeout = 10s (default)
2023-04-19 02:33:41,749 [pool-407-thread-1] INFO  server.RaftServerConfigKeys (ConfUtils.java:logGet(46)) - raft.server.log.statemachine.data.sync.timeout.retry = -1 (default)
2023-04-19 02:33:41,750 [pool-407-thread-1] INFO  server.RaftServerConfigKeys (ConfUtils.java:logGet(46)) - raft.server.log.write.buffer.size = 1048576 (custom)
2023-04-19 02:33:41,750 [pool-407-thread-1] INFO  server.RaftServerConfigKeys (ConfUtils.java:logGet(46)) - raft.server.log.appender.buffer.byte-limit = 33554432 (custom)
2023-04-19 02:33:41,755 [BlockDeletingService#2] INFO  interfaces.ContainerDeletionChoosingPolicyTemplate (ContainerDeletionChoosingPolicyTemplate.java:chooseContainerForBlockDeletion(83)) - Chosen 0/5000 blocks from 0 candidate containers.
2023-04-19 02:33:41,756 [pool-407-thread-1] INFO  server.RaftServerConfigKeys (ConfUtils.java:logGet(46)) - raft.server.log.unsafe-flush.enabled = false (default)
2023-04-19 02:33:41,756 [pool-407-thread-1] INFO  server.RaftServerConfigKeys (ConfUtils.java:logGet(46)) - raft.server.log.async-flush.enabled = false (default)
2023-04-19 02:33:41,756 [pool-407-thread-1] INFO  server.RaftServerConfigKeys (ConfUtils.java:logGet(46)) - raft.server.log.statemachine.data.caching.enabled = true (custom)
2023-04-19 02:33:41,756 [pool-407-thread-1] INFO  segmented.SegmentedRaftLogWorker (SegmentedRaftLogWorker.java:lambda$new$0(135)) - 2fc7e044-034b-4d4d-85e4-65e0422d519b@group-8474C413378F-SegmentedRaftLogWorker: flushIndex: setUnconditionally 0 -> -1
2023-04-19 02:33:41,756 [pool-407-thread-1] INFO  segmented.SegmentedRaftLogWorker (SegmentedRaftLogWorker.java:lambda$new$0(135)) - 2fc7e044-034b-4d4d-85e4-65e0422d519b@group-8474C413378F-SegmentedRaftLogWorker: safeCacheEvictIndex: setUnconditionally 0 -> -1
2023-04-19 02:33:41,758 [pool-407-thread-1] INFO  server.RaftServer$Division (RaftServerImpl.java:start(334)) - 2fc7e044-034b-4d4d-85e4-65e0422d519b@group-8474C413378F: start as a follower, conf=-1: peers:[a2f76bd1-2c73-4f6b-ae37-53a5930131fe|rpc:10.1.164.0:34109|dataStream:10.1.164.0:36907|priority:1|startupRole:FOLLOWER, 2fc7e044-034b-4d4d-85e4-65e0422d519b|rpc:10.1.164.0:42467|dataStream:10.1.164.0:34951|priority:0|startupRole:FOLLOWER, 457148a9-726e-4dee-b9dd-7b4b55ffa2f6|rpc:10.1.164.0:41073|dataStream:10.1.164.0:34975|priority:0|startupRole:FOLLOWER]|listeners:[], old=null
2023-04-19 02:33:41,758 [pool-407-thread-1] INFO  server.RaftServer$Division (RaftServerImpl.java:setRole(321)) - 2fc7e044-034b-4d4d-85e4-65e0422d519b@group-8474C413378F: changes role from      null to FOLLOWER at term 0 for startAsFollower
2023-04-19 02:33:41,758 [pool-407-thread-1] INFO  impl.RoleInfo (RoleInfo.java:updateAndGet(139)) - 2fc7e044-034b-4d4d-85e4-65e0422d519b: start 2fc7e044-034b-4d4d-85e4-65e0422d519b@group-8474C413378F-FollowerState
2023-04-19 02:33:41,759 [pool-407-thread-1] INFO  util.JmxRegister (JmxRegister.java:tryRegister(44)) - Successfully registered JMX Bean with object name Ratis:service=RaftServer,group=group-8474C413378F,id=2fc7e044-034b-4d4d-85e4-65e0422d519b
2023-04-19 02:33:41,759 [pool-407-thread-1] INFO  server.RaftServerConfigKeys (ConfUtils.java:logGet(46)) - raft.server.snapshot.auto.trigger.enabled = true (custom)
2023-04-19 02:33:41,759 [pool-407-thread-1] INFO  server.RaftServerConfigKeys (ConfUtils.java:logGet(46)) - raft.server.snapshot.auto.trigger.threshold = 10000 (custom)
2023-04-19 02:33:41,759 [pool-407-thread-1] INFO  server.RaftServerConfigKeys (ConfUtils.java:logGet(46)) - raft.server.snapshot.retention.file.num = 5 (custom)
2023-04-19 02:33:41,759 [pool-407-thread-1] INFO  server.RaftServerConfigKeys (ConfUtils.java:logGet(46)) - raft.server.log.purge.upto.snapshot.index = false (default)
2023-04-19 02:33:41,760 [2fc7e044-034b-4d4d-85e4-65e0422d519b@group-8474C413378F-FollowerState] INFO  server.RaftServerConfigKeys (ConfUtils.java:logFallback(53)) - raft.server.rpc.first-election.timeout.min = 5s (fallback to raft.server.rpc.timeout.min)
2023-04-19 02:33:41,763 [2fc7e044-034b-4d4d-85e4-65e0422d519b@group-8474C413378F-FollowerState] INFO  server.RaftServerConfigKeys (ConfUtils.java:logFallback(53)) - raft.server.rpc.first-election.timeout.max = 5200ms (fallback to raft.server.rpc.timeout.max)
2023-04-19 02:33:41,777 [grpc-default-executor-0] INFO  server.RaftServer (RaftServerProxy.java:addNew(96)) - a2f76bd1-2c73-4f6b-ae37-53a5930131fe: addNew group-8474C413378F:[a2f76bd1-2c73-4f6b-ae37-53a5930131fe|rpc:10.1.164.0:34109|dataStream:10.1.164.0:36907|priority:1|startupRole:FOLLOWER, 2fc7e044-034b-4d4d-85e4-65e0422d519b|rpc:10.1.164.0:42467|dataStream:10.1.164.0:34951|priority:0|startupRole:FOLLOWER, 457148a9-726e-4dee-b9dd-7b4b55ffa2f6|rpc:10.1.164.0:41073|dataStream:10.1.164.0:34975|priority:0|startupRole:FOLLOWER] returns group-8474C413378F:java.util.concurrent.CompletableFuture@18b3dd40[Not completed]
2023-04-19 02:33:41,778 [pool-429-thread-1] INFO  server.RaftServer$Division (RaftServerImpl.java:<init>(195)) - a2f76bd1-2c73-4f6b-ae37-53a5930131fe: new RaftServerImpl for group-8474C413378F:[a2f76bd1-2c73-4f6b-ae37-53a5930131fe|rpc:10.1.164.0:34109|dataStream:10.1.164.0:36907|priority:1|startupRole:FOLLOWER, 2fc7e044-034b-4d4d-85e4-65e0422d519b|rpc:10.1.164.0:42467|dataStream:10.1.164.0:34951|priority:0|startupRole:FOLLOWER, 457148a9-726e-4dee-b9dd-7b4b55ffa2f6|rpc:10.1.164.0:41073|dataStream:10.1.164.0:34975|priority:0|startupRole:FOLLOWER] with ContainerStateMachine:uninitialized
2023-04-19 02:33:41,778 [pool-429-thread-1] INFO  server.RaftServerConfigKeys (ConfUtils.java:logGet(46)) - raft.server.rpc.timeout.min = 5s (custom)
2023-04-19 02:33:41,778 [pool-429-thread-1] INFO  server.RaftServerConfigKeys (ConfUtils.java:logGet(46)) - raft.server.rpc.timeout.max = 5200ms (custom)
2023-04-19 02:33:41,778 [pool-429-thread-1] INFO  server.RaftServerConfigKeys (ConfUtils.java:logGet(46)) - raft.server.rpc.sleep.time = 25ms (default)
2023-04-19 02:33:41,778 [pool-429-thread-1] INFO  server.RaftServerConfigKeys (ConfUtils.java:logGet(46)) - raft.server.rpc.slowness.timeout = 300s (custom)
2023-04-19 02:33:41,778 [pool-429-thread-1] INFO  server.RaftServerConfigKeys (ConfUtils.java:logGet(46)) - raft.server.leaderelection.leader.step-down.wait-time = 10s (default)
2023-04-19 02:33:41,778 [pool-429-thread-1] INFO  server.RaftServerConfigKeys (ConfUtils.java:logGet(46)) - raft.server.sleep.deviation.threshold = 300ms (default)
2023-04-19 02:33:41,778 [pool-429-thread-1] INFO  server.RaftServer$Division (ServerState.java:<init>(118)) - a2f76bd1-2c73-4f6b-ae37-53a5930131fe@group-8474C413378F: ConfigurationManager, init=-1: peers:[a2f76bd1-2c73-4f6b-ae37-53a5930131fe|rpc:10.1.164.0:34109|dataStream:10.1.164.0:36907|priority:1|startupRole:FOLLOWER, 2fc7e044-034b-4d4d-85e4-65e0422d519b|rpc:10.1.164.0:42467|dataStream:10.1.164.0:34951|priority:0|startupRole:FOLLOWER, 457148a9-726e-4dee-b9dd-7b4b55ffa2f6|rpc:10.1.164.0:41073|dataStream:10.1.164.0:34975|priority:0|startupRole:FOLLOWER]|listeners:[], old=null, confs=<EMPTY_MAP>
2023-04-19 02:33:41,778 [pool-429-thread-1] INFO  server.RaftServerConfigKeys (ConfUtils.java:logGet(46)) - raft.server.storage.dir = [/home/runner/work/ozone/ozone/hadoop-ozone/integration-test/target/test-dir/MiniOzoneClusterImpl-fac7741a-db88-4542-9ed6-27af914485a4/datanode-2/data/ratis] (custom)
2023-04-19 02:33:41,779 [pool-429-thread-1] INFO  server.RaftServerConfigKeys (ConfUtils.java:logGet(46)) - raft.server.log.corruption.policy = EXCEPTION (default)
2023-04-19 02:33:41,779 [pool-429-thread-1] INFO  server.RaftServerConfigKeys (ConfUtils.java:logGet(46)) - raft.server.storage.free-space.min = 0MB (=0) (default)
2023-04-19 02:33:41,779 [pool-429-thread-1] INFO  server.RaftServerConfigKeys (ConfUtils.java:logGet(46)) - raft.server.notification.no-leader.timeout = 300s (custom)
2023-04-19 02:33:41,779 [pool-429-thread-1] INFO  server.RaftServerConfigKeys (ConfUtils.java:logGet(46)) - raft.server.retrycache.expirytime = 600000ms (custom)
2023-04-19 02:33:41,779 [pool-429-thread-1] INFO  server.RaftServerConfigKeys (ConfUtils.java:logGet(46)) - raft.server.retrycache.statistics.expirytime = 100μs (default)
2023-04-19 02:33:41,779 [pool-429-thread-1] INFO  server.RaftServerConfigKeys (ConfUtils.java:logGet(46)) - raft.server.log.appender.install.snapshot.enabled = false (custom)
2023-04-19 02:33:41,779 [pool-429-thread-1] INFO  server.RaftServerConfigKeys (ConfUtils.java:logGet(46)) - raft.server.threadpool.server.cached = true (default)
2023-04-19 02:33:41,781 [pool-429-thread-1] INFO  server.RaftServerConfigKeys (ConfUtils.java:logGet(46)) - raft.server.threadpool.server.size = 0 (default)
2023-04-19 02:33:41,781 [pool-429-thread-1] INFO  server.RaftServerConfigKeys (ConfUtils.java:logGet(46)) - raft.server.threadpool.client.cached = true (default)
2023-04-19 02:33:41,783 [pool-429-thread-1] INFO  server.RaftServerConfigKeys (ConfUtils.java:logGet(46)) - raft.server.threadpool.client.size = 0 (default)
2023-04-19 02:33:41,783 [pool-429-thread-1] INFO  storage.RaftStorageDirectory (RaftStorageDirectoryImpl.java:analyzeStorage(137)) - The storage directory /home/runner/work/ozone/ozone/hadoop-ozone/integration-test/target/test-dir/MiniOzoneClusterImpl-fac7741a-db88-4542-9ed6-27af914485a4/datanode-2/data/ratis/6c88f487-c9ba-46ea-aed9-8474c413378f does not exist. Creating ...
2023-04-19 02:33:41,784 [pool-429-thread-1] INFO  storage.RaftStorageDirectory (RaftStorageDirectoryImpl.java:tryLock(231)) - Lock on /home/runner/work/ozone/ozone/hadoop-ozone/integration-test/target/test-dir/MiniOzoneClusterImpl-fac7741a-db88-4542-9ed6-27af914485a4/datanode-2/data/ratis/6c88f487-c9ba-46ea-aed9-8474c413378f/in_use.lock acquired by nodename 42788@fv-az127-56
2023-04-19 02:33:41,785 [pool-429-thread-1] INFO  storage.RaftStorage (RaftStorageImpl.java:format(96)) - Storage directory /home/runner/work/ozone/ozone/hadoop-ozone/integration-test/target/test-dir/MiniOzoneClusterImpl-fac7741a-db88-4542-9ed6-27af914485a4/datanode-2/data/ratis/6c88f487-c9ba-46ea-aed9-8474c413378f has been successfully formatted.
2023-04-19 02:33:41,785 [pool-429-thread-1] INFO  ratis.ContainerStateMachine (ContainerStateMachine.java:loadSnapshot(262)) - group-8474C413378F: The snapshot info is null. Setting the last applied indexto:(t:0, i:~)
2023-04-19 02:33:41,785 [pool-429-thread-1] INFO  server.RaftServerConfigKeys (ConfUtils.java:logGet(46)) - raft.server.log.use.memory = false (default)
2023-04-19 02:33:41,786 [pool-429-thread-1] INFO  server.RaftServerConfigKeys (ConfUtils.java:logGet(46)) - raft.server.log.purge.gap = 1000000 (custom)
2023-04-19 02:33:41,786 [pool-429-thread-1] INFO  server.RaftServerConfigKeys (ConfUtils.java:logGet(46)) - raft.server.log.appender.buffer.byte-limit = 33554432 (custom)
2023-04-19 02:33:41,786 [pool-429-thread-1] INFO  server.RaftServerConfigKeys (ConfUtils.java:logGet(46)) - raft.server.log.statemachine.data.read.timeout = 1000ms (default)
2023-04-19 02:33:41,786 [pool-429-thread-1] INFO  server.RaftServerConfigKeys (ConfUtils.java:logGet(46)) - raft.server.log.purge.preservation.log.num = 0 (default)
2023-04-19 02:33:41,786 [pool-429-thread-1] INFO  server.RaftServerConfigKeys (ConfUtils.java:logGet(46)) - raft.server.log.segment.size.max = 1048576 (custom)
2023-04-19 02:33:41,787 [pool-429-thread-1] INFO  server.RaftServerConfigKeys (ConfUtils.java:logGet(46)) - raft.server.log.segment.cache.num.max = 2 (custom)
2023-04-19 02:33:41,787 [pool-429-thread-1] INFO  server.RaftServerConfigKeys (ConfUtils.java:logGet(46)) - raft.server.log.segment.cache.size.max = 200MB (=209715200) (default)
2023-04-19 02:33:41,787 [pool-429-thread-1] INFO  segmented.SegmentedRaftLogWorker (SegmentedRaftLogWorker.java:<init>(189)) - new a2f76bd1-2c73-4f6b-ae37-53a5930131fe@group-8474C413378F-SegmentedRaftLogWorker for RaftStorageImpl:Storage Directory /home/runner/work/ozone/ozone/hadoop-ozone/integration-test/target/test-dir/MiniOzoneClusterImpl-fac7741a-db88-4542-9ed6-27af914485a4/datanode-2/data/ratis/6c88f487-c9ba-46ea-aed9-8474c413378f
2023-04-19 02:33:41,787 [pool-429-thread-1] INFO  server.RaftServerConfigKeys (ConfUtils.java:logGet(46)) - raft.server.log.queue.byte-limit = 4294967296 (custom)
2023-04-19 02:33:41,787 [pool-429-thread-1] INFO  server.RaftServerConfigKeys (ConfUtils.java:logGet(46)) - raft.server.log.queue.element-limit = 1024 (custom)
2023-04-19 02:33:41,787 [pool-429-thread-1] INFO  server.RaftServerConfigKeys (ConfUtils.java:logGet(46)) - raft.server.log.segment.size.max = 1048576 (custom)
2023-04-19 02:33:41,787 [pool-429-thread-1] INFO  server.RaftServerConfigKeys (ConfUtils.java:logGet(46)) - raft.server.log.preallocated.size = 16384 (custom)
2023-04-19 02:33:41,787 [pool-429-thread-1] INFO  server.RaftServerConfigKeys (ConfUtils.java:logGet(46)) - raft.server.log.force.sync.num = 128 (default)
2023-04-19 02:33:41,787 [pool-429-thread-1] INFO  server.RaftServerConfigKeys (ConfUtils.java:logGet(46)) - raft.server.log.statemachine.data.sync = true (default)
2023-04-19 02:33:41,787 [pool-429-thread-1] INFO  server.RaftServerConfigKeys (ConfUtils.java:logGet(46)) - raft.server.log.statemachine.data.sync.timeout = 10s (default)
2023-04-19 02:33:41,787 [pool-429-thread-1] INFO  server.RaftServerConfigKeys (ConfUtils.java:logGet(46)) - raft.server.log.statemachine.data.sync.timeout.retry = -1 (default)
2023-04-19 02:33:41,788 [pool-429-thread-1] INFO  server.RaftServerConfigKeys (ConfUtils.java:logGet(46)) - raft.server.log.write.buffer.size = 1048576 (custom)
2023-04-19 02:33:41,788 [pool-429-thread-1] INFO  server.RaftServerConfigKeys (ConfUtils.java:logGet(46)) - raft.server.log.appender.buffer.byte-limit = 33554432 (custom)
2023-04-19 02:33:41,793 [pool-429-thread-1] INFO  server.RaftServerConfigKeys (ConfUtils.java:logGet(46)) - raft.server.log.unsafe-flush.enabled = false (default)
2023-04-19 02:33:41,793 [pool-429-thread-1] INFO  server.RaftServerConfigKeys (ConfUtils.java:logGet(46)) - raft.server.log.async-flush.enabled = false (default)
2023-04-19 02:33:41,793 [pool-429-thread-1] INFO  server.RaftServerConfigKeys (ConfUtils.java:logGet(46)) - raft.server.log.statemachine.data.caching.enabled = true (custom)
2023-04-19 02:33:41,793 [pool-429-thread-1] INFO  segmented.SegmentedRaftLogWorker (SegmentedRaftLogWorker.java:lambda$new$0(135)) - a2f76bd1-2c73-4f6b-ae37-53a5930131fe@group-8474C413378F-SegmentedRaftLogWorker: flushIndex: setUnconditionally 0 -> -1
2023-04-19 02:33:41,793 [pool-429-thread-1] INFO  segmented.SegmentedRaftLogWorker (SegmentedRaftLogWorker.java:lambda$new$0(135)) - a2f76bd1-2c73-4f6b-ae37-53a5930131fe@group-8474C413378F-SegmentedRaftLogWorker: safeCacheEvictIndex: setUnconditionally 0 -> -1
2023-04-19 02:33:41,793 [pool-429-thread-1] INFO  server.RaftServer$Division (RaftServerImpl.java:start(334)) - a2f76bd1-2c73-4f6b-ae37-53a5930131fe@group-8474C413378F: start as a follower, conf=-1: peers:[a2f76bd1-2c73-4f6b-ae37-53a5930131fe|rpc:10.1.164.0:34109|dataStream:10.1.164.0:36907|priority:1|startupRole:FOLLOWER, 2fc7e044-034b-4d4d-85e4-65e0422d519b|rpc:10.1.164.0:42467|dataStream:10.1.164.0:34951|priority:0|startupRole:FOLLOWER, 457148a9-726e-4dee-b9dd-7b4b55ffa2f6|rpc:10.1.164.0:41073|dataStream:10.1.164.0:34975|priority:0|startupRole:FOLLOWER]|listeners:[], old=null
2023-04-19 02:33:41,793 [pool-429-thread-1] INFO  server.RaftServer$Division (RaftServerImpl.java:setRole(321)) - a2f76bd1-2c73-4f6b-ae37-53a5930131fe@group-8474C413378F: changes role from      null to FOLLOWER at term 0 for startAsFollower
2023-04-19 02:33:41,794 [pool-429-thread-1] INFO  impl.RoleInfo (RoleInfo.java:updateAndGet(139)) - a2f76bd1-2c73-4f6b-ae37-53a5930131fe: start a2f76bd1-2c73-4f6b-ae37-53a5930131fe@group-8474C413378F-FollowerState
2023-04-19 02:33:41,794 [a2f76bd1-2c73-4f6b-ae37-53a5930131fe@group-8474C413378F-FollowerState] INFO  server.RaftServerConfigKeys (ConfUtils.java:logFallback(53)) - raft.server.rpc.first-election.timeout.min = 5s (fallback to raft.server.rpc.timeout.min)
2023-04-19 02:33:41,797 [a2f76bd1-2c73-4f6b-ae37-53a5930131fe@group-8474C413378F-FollowerState] INFO  server.RaftServerConfigKeys (ConfUtils.java:logFallback(53)) - raft.server.rpc.first-election.timeout.max = 5200ms (fallback to raft.server.rpc.timeout.max)
2023-04-19 02:33:41,797 [pool-429-thread-1] INFO  util.JmxRegister (JmxRegister.java:tryRegister(44)) - Successfully registered JMX Bean with object name Ratis:service=RaftServer,group=group-8474C413378F,id=a2f76bd1-2c73-4f6b-ae37-53a5930131fe
2023-04-19 02:33:41,797 [BlockDeletingService#2] INFO  interfaces.ContainerDeletionChoosingPolicyTemplate (ContainerDeletionChoosingPolicyTemplate.java:chooseContainerForBlockDeletion(83)) - Chosen 0/5000 blocks from 0 candidate containers.
2023-04-19 02:33:41,797 [pool-429-thread-1] INFO  server.RaftServerConfigKeys (ConfUtils.java:logGet(46)) - raft.server.snapshot.auto.trigger.enabled = true (custom)
2023-04-19 02:33:41,797 [pool-429-thread-1] INFO  server.RaftServerConfigKeys (ConfUtils.java:logGet(46)) - raft.server.snapshot.auto.trigger.threshold = 10000 (custom)
2023-04-19 02:33:41,797 [pool-429-thread-1] INFO  server.RaftServerConfigKeys (ConfUtils.java:logGet(46)) - raft.server.snapshot.retention.file.num = 5 (custom)
2023-04-19 02:33:41,800 [pool-429-thread-1] INFO  server.RaftServerConfigKeys (ConfUtils.java:logGet(46)) - raft.server.log.purge.upto.snapshot.index = false (default)
2023-04-19 02:33:41,801 [SCMBlockDeletingService#0] DEBUG block.SCMBlockDeletingService (SCMBlockDeletingService.java:shouldRun(251)) - Check scm block delete run: false serviceStatus: PAUSING safemodeExitRunDelayMillis: 3000 alreadyWaitTimeInMillis: 1681871621801
2023-04-19 02:33:41,809 [Command processor thread] INFO  commandhandler.CreatePipelineCommandHandler (CreatePipelineCommandHandler.java:handle(113)) - Created Pipeline RATIS THREE PipelineID=6c88f487-c9ba-46ea-aed9-8474c413378f.
2023-04-19 02:33:41,834 [BlockDeletingService#2] INFO  interfaces.ContainerDeletionChoosingPolicyTemplate (ContainerDeletionChoosingPolicyTemplate.java:chooseContainerForBlockDeletion(83)) - Chosen 0/5000 blocks from 0 candidate containers.
2023-04-19 02:33:41,856 [BlockDeletingService#2] INFO  interfaces.ContainerDeletionChoosingPolicyTemplate (ContainerDeletionChoosingPolicyTemplate.java:chooseContainerForBlockDeletion(83)) - Chosen 0/5000 blocks from 0 candidate containers.
2023-04-19 02:33:41,897 [BlockDeletingService#2] INFO  interfaces.ContainerDeletionChoosingPolicyTemplate (ContainerDeletionChoosingPolicyTemplate.java:chooseContainerForBlockDeletion(83)) - Chosen 0/5000 blocks from 0 candidate containers.
2023-04-19 02:33:41,901 [SCMBlockDeletingService#0] DEBUG block.SCMBlockDeletingService (SCMBlockDeletingService.java:shouldRun(251)) - Check scm block delete run: false serviceStatus: PAUSING safemodeExitRunDelayMillis: 3000 alreadyWaitTimeInMillis: 1681871621901
2023-04-19 02:33:41,935 [BlockDeletingService#2] INFO  interfaces.ContainerDeletionChoosingPolicyTemplate (ContainerDeletionChoosingPolicyTemplate.java:chooseContainerForBlockDeletion(83)) - Chosen 0/5000 blocks from 0 candidate containers.
2023-04-19 02:33:41,956 [BlockDeletingService#2] INFO  interfaces.ContainerDeletionChoosingPolicyTemplate (ContainerDeletionChoosingPolicyTemplate.java:chooseContainerForBlockDeletion(83)) - Chosen 0/5000 blocks from 0 candidate containers.
2023-04-19 02:33:41,997 [BlockDeletingService#2] INFO  interfaces.ContainerDeletionChoosingPolicyTemplate (ContainerDeletionChoosingPolicyTemplate.java:chooseContainerForBlockDeletion(83)) - Chosen 0/5000 blocks from 0 candidate containers.
2023-04-19 02:33:42,001 [SCMBlockDeletingService#0] DEBUG block.SCMBlockDeletingService (SCMBlockDeletingService.java:shouldRun(251)) - Check scm block delete run: false serviceStatus: PAUSING safemodeExitRunDelayMillis: 3000 alreadyWaitTimeInMillis: 1681871622001
2023-04-19 02:33:42,035 [BlockDeletingService#2] INFO  interfaces.ContainerDeletionChoosingPolicyTemplate (ContainerDeletionChoosingPolicyTemplate.java:chooseContainerForBlockDeletion(83)) - Chosen 0/5000 blocks from 0 candidate containers.
2023-04-19 02:33:42,056 [BlockDeletingService#2] INFO  interfaces.ContainerDeletionChoosingPolicyTemplate (ContainerDeletionChoosingPolicyTemplate.java:chooseContainerForBlockDeletion(83)) - Chosen 0/5000 blocks from 0 candidate containers.
2023-04-19 02:33:42,098 [BlockDeletingService#2] INFO  interfaces.ContainerDeletionChoosingPolicyTemplate (ContainerDeletionChoosingPolicyTemplate.java:chooseContainerForBlockDeletion(83)) - Chosen 0/5000 blocks from 0 candidate containers.
2023-04-19 02:33:42,101 [SCMBlockDeletingService#0] DEBUG block.SCMBlockDeletingService (SCMBlockDeletingService.java:shouldRun(251)) - Check scm block delete run: false serviceStatus: PAUSING safemodeExitRunDelayMillis: 3000 alreadyWaitTimeInMillis: 1681871622101
2023-04-19 02:33:42,135 [BlockDeletingService#2] INFO  interfaces.ContainerDeletionChoosingPolicyTemplate (ContainerDeletionChoosingPolicyTemplate.java:chooseContainerForBlockDeletion(83)) - Chosen 0/5000 blocks from 0 candidate containers.
2023-04-19 02:33:42,157 [BlockDeletingService#2] INFO  interfaces.ContainerDeletionChoosingPolicyTemplate (ContainerDeletionChoosingPolicyTemplate.java:chooseContainerForBlockDeletion(83)) - Chosen 0/5000 blocks from 0 candidate containers.
2023-04-19 02:33:42,198 [BlockDeletingService#2] INFO  interfaces.ContainerDeletionChoosingPolicyTemplate (ContainerDeletionChoosingPolicyTemplate.java:chooseContainerForBlockDeletion(83)) - Chosen 0/5000 blocks from 0 candidate containers.
2023-04-19 02:33:42,202 [SCMBlockDeletingService#0] DEBUG block.SCMBlockDeletingService (SCMBlockDeletingService.java:shouldRun(251)) - Check scm block delete run: false serviceStatus: PAUSING safemodeExitRunDelayMillis: 3000 alreadyWaitTimeInMillis: 1681871622202
2023-04-19 02:33:42,235 [BlockDeletingService#2] INFO  interfaces.ContainerDeletionChoosingPolicyTemplate (ContainerDeletionChoosingPolicyTemplate.java:chooseContainerForBlockDeletion(83)) - Chosen 0/5000 blocks from 0 candidate containers.
2023-04-19 02:33:42,257 [BlockDeletingService#2] INFO  interfaces.ContainerDeletionChoosingPolicyTemplate (ContainerDeletionChoosingPolicyTemplate.java:chooseContainerForBlockDeletion(83)) - Chosen 0/5000 blocks from 0 candidate containers.
2023-04-19 02:33:42,298 [BlockDeletingService#2] INFO  interfaces.ContainerDeletionChoosingPolicyTemplate (ContainerDeletionChoosingPolicyTemplate.java:chooseContainerForBlockDeletion(83)) - Chosen 0/5000 blocks from 0 candidate containers.
2023-04-19 02:33:42,302 [SCMBlockDeletingService#0] DEBUG block.SCMBlockDeletingService (SCMBlockDeletingService.java:shouldRun(251)) - Check scm block delete run: false serviceStatus: PAUSING safemodeExitRunDelayMillis: 3000 alreadyWaitTimeInMillis: 1681871622302
2023-04-19 02:33:42,336 [BlockDeletingService#2] INFO  interfaces.ContainerDeletionChoosingPolicyTemplate (ContainerDeletionChoosingPolicyTemplate.java:chooseContainerForBlockDeletion(83)) - Chosen 0/5000 blocks from 0 candidate containers.
2023-04-19 02:33:42,357 [BlockDeletingService#2] INFO  interfaces.ContainerDeletionChoosingPolicyTemplate (ContainerDeletionChoosingPolicyTemplate.java:chooseContainerForBlockDeletion(83)) - Chosen 0/5000 blocks from 0 candidate containers.
2023-04-19 02:33:42,398 [BlockDeletingService#2] INFO  interfaces.ContainerDeletionChoosingPolicyTemplate (ContainerDeletionChoosingPolicyTemplate.java:chooseContainerForBlockDeletion(83)) - Chosen 0/5000 blocks from 0 candidate containers.
2023-04-19 02:33:42,402 [SCMBlockDeletingService#0] DEBUG block.SCMBlockDeletingService (SCMBlockDeletingService.java:shouldRun(251)) - Check scm block delete run: false serviceStatus: PAUSING safemodeExitRunDelayMillis: 3000 alreadyWaitTimeInMillis: 1681871622402
2023-04-19 02:33:42,436 [BlockDeletingService#2] INFO  interfaces.ContainerDeletionChoosingPolicyTemplate (ContainerDeletionChoosingPolicyTemplate.java:chooseContainerForBlockDeletion(83)) - Chosen 0/5000 blocks from 0 candidate containers.
2023-04-19 02:33:42,457 [BlockDeletingService#2] INFO  interfaces.ContainerDeletionChoosingPolicyTemplate (ContainerDeletionChoosingPolicyTemplate.java:chooseContainerForBlockDeletion(83)) - Chosen 0/5000 blocks from 0 candidate containers.
2023-04-19 02:33:42,475 [Listener at 127.0.0.1/39891] INFO  ozone.MiniOzoneClusterImpl (MiniOzoneClusterImpl.java:lambda$waitForClusterToBeReady$0(222)) - Nodes are ready. Got 3 of 3 DN Heartbeats.
2023-04-19 02:33:42,475 [Listener at 127.0.0.1/39891] INFO  ozone.MiniOzoneClusterImpl (MiniOzoneClusterImpl.java:lambda$waitForClusterToBeReady$0(225)) - Waiting for cluster to exit safe mode
2023-04-19 02:33:42,475 [Listener at 127.0.0.1/39891] INFO  ozone.MiniOzoneClusterImpl (MiniOzoneClusterImpl.java:lambda$waitForClusterToBeReady$0(227)) - SCM became leader
2023-04-19 02:33:42,499 [BlockDeletingService#2] INFO  interfaces.ContainerDeletionChoosingPolicyTemplate (ContainerDeletionChoosingPolicyTemplate.java:chooseContainerForBlockDeletion(83)) - Chosen 0/5000 blocks from 0 candidate containers.
2023-04-19 02:33:42,502 [SCMBlockDeletingService#0] DEBUG block.SCMBlockDeletingService (SCMBlockDeletingService.java:shouldRun(251)) - Check scm block delete run: false serviceStatus: PAUSING safemodeExitRunDelayMillis: 3000 alreadyWaitTimeInMillis: 1681871622502
2023-04-19 02:33:42,536 [BlockDeletingService#2] INFO  interfaces.ContainerDeletionChoosingPolicyTemplate (ContainerDeletionChoosingPolicyTemplate.java:chooseContainerForBlockDeletion(83)) - Chosen 0/5000 blocks from 0 candidate containers.
2023-04-19 02:33:42,557 [BlockDeletingService#2] INFO  interfaces.ContainerDeletionChoosingPolicyTemplate (ContainerDeletionChoosingPolicyTemplate.java:chooseContainerForBlockDeletion(83)) - Chosen 0/5000 blocks from 0 candidate containers.
2023-04-19 02:33:42,599 [BlockDeletingService#2] INFO  interfaces.ContainerDeletionChoosingPolicyTemplate (ContainerDeletionChoosingPolicyTemplate.java:chooseContainerForBlockDeletion(83)) - Chosen 0/5000 blocks from 0 candidate containers.
2023-04-19 02:33:42,602 [SCMBlockDeletingService#0] DEBUG block.SCMBlockDeletingService (SCMBlockDeletingService.java:shouldRun(251)) - Check scm block delete run: false serviceStatus: PAUSING safemodeExitRunDelayMillis: 3000 alreadyWaitTimeInMillis: 1681871622602
2023-04-19 02:33:42,636 [BlockDeletingService#2] INFO  interfaces.ContainerDeletionChoosingPolicyTemplate (ContainerDeletionChoosingPolicyTemplate.java:chooseContainerForBlockDeletion(83)) - Chosen 0/5000 blocks from 0 candidate containers.
2023-04-19 02:33:42,657 [BlockDeletingService#2] INFO  interfaces.ContainerDeletionChoosingPolicyTemplate (ContainerDeletionChoosingPolicyTemplate.java:chooseContainerForBlockDeletion(83)) - Chosen 0/5000 blocks from 0 candidate containers.
2023-04-19 02:33:42,699 [BlockDeletingService#2] INFO  interfaces.ContainerDeletionChoosingPolicyTemplate (ContainerDeletionChoosingPolicyTemplate.java:chooseContainerForBlockDeletion(83)) - Chosen 0/5000 blocks from 0 candidate containers.
2023-04-19 02:33:42,702 [SCMBlockDeletingService#0] DEBUG block.SCMBlockDeletingService (SCMBlockDeletingService.java:shouldRun(251)) - Check scm block delete run: false serviceStatus: PAUSING safemodeExitRunDelayMillis: 3000 alreadyWaitTimeInMillis: 1681871622702
2023-04-19 02:33:42,736 [BlockDeletingService#2] INFO  interfaces.ContainerDeletionChoosingPolicyTemplate (ContainerDeletionChoosingPolicyTemplate.java:chooseContainerForBlockDeletion(83)) - Chosen 0/5000 blocks from 0 candidate containers.
2023-04-19 02:33:42,757 [BlockDeletingService#2] INFO  interfaces.ContainerDeletionChoosingPolicyTemplate (ContainerDeletionChoosingPolicyTemplate.java:chooseContainerForBlockDeletion(83)) - Chosen 0/5000 blocks from 0 candidate containers.
2023-04-19 02:33:42,800 [BlockDeletingService#2] INFO  interfaces.ContainerDeletionChoosingPolicyTemplate (ContainerDeletionChoosingPolicyTemplate.java:chooseContainerForBlockDeletion(83)) - Chosen 0/5000 blocks from 0 candidate containers.
2023-04-19 02:33:42,802 [SCMBlockDeletingService#0] DEBUG block.SCMBlockDeletingService (SCMBlockDeletingService.java:shouldRun(251)) - Check scm block delete run: false serviceStatus: PAUSING safemodeExitRunDelayMillis: 3000 alreadyWaitTimeInMillis: 1681871622802
2023-04-19 02:33:42,837 [BlockDeletingService#2] INFO  interfaces.ContainerDeletionChoosingPolicyTemplate (ContainerDeletionChoosingPolicyTemplate.java:chooseContainerForBlockDeletion(83)) - Chosen 0/5000 blocks from 0 candidate containers.
2023-04-19 02:33:42,858 [BlockDeletingService#2] INFO  interfaces.ContainerDeletionChoosingPolicyTemplate (ContainerDeletionChoosingPolicyTemplate.java:chooseContainerForBlockDeletion(83)) - Chosen 0/5000 blocks from 0 candidate containers.
2023-04-19 02:33:42,900 [BlockDeletingService#2] INFO  interfaces.ContainerDeletionChoosingPolicyTemplate (ContainerDeletionChoosingPolicyTemplate.java:chooseContainerForBlockDeletion(83)) - Chosen 0/5000 blocks from 0 candidate containers.
2023-04-19 02:33:42,902 [SCMBlockDeletingService#0] DEBUG block.SCMBlockDeletingService (SCMBlockDeletingService.java:shouldRun(251)) - Check scm block delete run: false serviceStatus: PAUSING safemodeExitRunDelayMillis: 3000 alreadyWaitTimeInMillis: 1681871622902
2023-04-19 02:33:42,937 [BlockDeletingService#2] INFO  interfaces.ContainerDeletionChoosingPolicyTemplate (ContainerDeletionChoosingPolicyTemplate.java:chooseContainerForBlockDeletion(83)) - Chosen 0/5000 blocks from 0 candidate containers.
2023-04-19 02:33:42,958 [BlockDeletingService#2] INFO  interfaces.ContainerDeletionChoosingPolicyTemplate (ContainerDeletionChoosingPolicyTemplate.java:chooseContainerForBlockDeletion(83)) - Chosen 0/5000 blocks from 0 candidate containers.
2023-04-19 02:33:43,000 [BlockDeletingService#2] INFO  interfaces.ContainerDeletionChoosingPolicyTemplate (ContainerDeletionChoosingPolicyTemplate.java:chooseContainerForBlockDeletion(83)) - Chosen 0/5000 blocks from 0 candidate containers.
2023-04-19 02:33:43,002 [SCMBlockDeletingService#0] DEBUG block.SCMBlockDeletingService (SCMBlockDeletingService.java:shouldRun(251)) - Check scm block delete run: false serviceStatus: PAUSING safemodeExitRunDelayMillis: 3000 alreadyWaitTimeInMillis: 1681871623002
2023-04-19 02:33:43,037 [BlockDeletingService#2] INFO  interfaces.ContainerDeletionChoosingPolicyTemplate (ContainerDeletionChoosingPolicyTemplate.java:chooseContainerForBlockDeletion(83)) - Chosen 0/5000 blocks from 0 candidate containers.
2023-04-19 02:33:43,058 [BlockDeletingService#2] INFO  interfaces.ContainerDeletionChoosingPolicyTemplate (ContainerDeletionChoosingPolicyTemplate.java:chooseContainerForBlockDeletion(83)) - Chosen 0/5000 blocks from 0 candidate containers.
2023-04-19 02:33:43,100 [BlockDeletingService#2] INFO  interfaces.ContainerDeletionChoosingPolicyTemplate (ContainerDeletionChoosingPolicyTemplate.java:chooseContainerForBlockDeletion(83)) - Chosen 0/5000 blocks from 0 candidate containers.
2023-04-19 02:33:43,102 [SCMBlockDeletingService#0] DEBUG block.SCMBlockDeletingService (SCMBlockDeletingService.java:shouldRun(251)) - Check scm block delete run: false serviceStatus: PAUSING safemodeExitRunDelayMillis: 3000 alreadyWaitTimeInMillis: 1681871623102
2023-04-19 02:33:43,137 [BlockDeletingService#2] INFO  interfaces.ContainerDeletionChoosingPolicyTemplate (ContainerDeletionChoosingPolicyTemplate.java:chooseContainerForBlockDeletion(83)) - Chosen 0/5000 blocks from 0 candidate containers.
2023-04-19 02:33:43,158 [BlockDeletingService#2] INFO  interfaces.ContainerDeletionChoosingPolicyTemplate (ContainerDeletionChoosingPolicyTemplate.java:chooseContainerForBlockDeletion(83)) - Chosen 0/5000 blocks from 0 candidate containers.
2023-04-19 02:33:43,201 [BlockDeletingService#2] INFO  interfaces.ContainerDeletionChoosingPolicyTemplate (ContainerDeletionChoosingPolicyTemplate.java:chooseContainerForBlockDeletion(83)) - Chosen 0/5000 blocks from 0 candidate containers.
2023-04-19 02:33:43,202 [SCMBlockDeletingService#0] DEBUG block.SCMBlockDeletingService (SCMBlockDeletingService.java:shouldRun(251)) - Check scm block delete run: false serviceStatus: PAUSING safemodeExitRunDelayMillis: 3000 alreadyWaitTimeInMillis: 1681871623202
2023-04-19 02:33:43,238 [BlockDeletingService#2] INFO  interfaces.ContainerDeletionChoosingPolicyTemplate (ContainerDeletionChoosingPolicyTemplate.java:chooseContainerForBlockDeletion(83)) - Chosen 0/5000 blocks from 0 candidate containers.
2023-04-19 02:33:43,258 [BlockDeletingService#2] INFO  interfaces.ContainerDeletionChoosingPolicyTemplate (ContainerDeletionChoosingPolicyTemplate.java:chooseContainerForBlockDeletion(83)) - Chosen 0/5000 blocks from 0 candidate containers.
2023-04-19 02:33:43,301 [BlockDeletingService#2] INFO  interfaces.ContainerDeletionChoosingPolicyTemplate (ContainerDeletionChoosingPolicyTemplate.java:chooseContainerForBlockDeletion(83)) - Chosen 0/5000 blocks from 0 candidate containers.
2023-04-19 02:33:43,302 [SCMBlockDeletingService#0] DEBUG block.SCMBlockDeletingService (SCMBlockDeletingService.java:shouldRun(251)) - Check scm block delete run: false serviceStatus: PAUSING safemodeExitRunDelayMillis: 3000 alreadyWaitTimeInMillis: 1681871623302
2023-04-19 02:33:43,338 [BlockDeletingService#2] INFO  interfaces.ContainerDeletionChoosingPolicyTemplate (ContainerDeletionChoosingPolicyTemplate.java:chooseContainerForBlockDeletion(83)) - Chosen 0/5000 blocks from 0 candidate containers.
2023-04-19 02:33:43,358 [BlockDeletingService#2] INFO  interfaces.ContainerDeletionChoosingPolicyTemplate (ContainerDeletionChoosingPolicyTemplate.java:chooseContainerForBlockDeletion(83)) - Chosen 0/5000 blocks from 0 candidate containers.
2023-04-19 02:33:43,401 [BlockDeletingService#2] INFO  interfaces.ContainerDeletionChoosingPolicyTemplate (ContainerDeletionChoosingPolicyTemplate.java:chooseContainerForBlockDeletion(83)) - Chosen 0/5000 blocks from 0 candidate containers.
2023-04-19 02:33:43,402 [SCMBlockDeletingService#0] DEBUG block.SCMBlockDeletingService (SCMBlockDeletingService.java:shouldRun(251)) - Check scm block delete run: false serviceStatus: PAUSING safemodeExitRunDelayMillis: 3000 alreadyWaitTimeInMillis: 1681871623402
2023-04-19 02:33:43,438 [BlockDeletingService#2] INFO  interfaces.ContainerDeletionChoosingPolicyTemplate (ContainerDeletionChoosingPolicyTemplate.java:chooseContainerForBlockDeletion(83)) - Chosen 0/5000 blocks from 0 candidate containers.
2023-04-19 02:33:43,459 [BlockDeletingService#2] INFO  interfaces.ContainerDeletionChoosingPolicyTemplate (ContainerDeletionChoosingPolicyTemplate.java:chooseContainerForBlockDeletion(83)) - Chosen 0/5000 blocks from 0 candidate containers.
2023-04-19 02:33:43,475 [Listener at 127.0.0.1/39891] INFO  ozone.MiniOzoneClusterImpl (MiniOzoneClusterImpl.java:lambda$waitForClusterToBeReady$0(222)) - Nodes are ready. Got 3 of 3 DN Heartbeats.
2023-04-19 02:33:43,476 [Listener at 127.0.0.1/39891] INFO  ozone.MiniOzoneClusterImpl (MiniOzoneClusterImpl.java:lambda$waitForClusterToBeReady$0(225)) - Waiting for cluster to exit safe mode
2023-04-19 02:33:43,476 [Listener at 127.0.0.1/39891] INFO  ozone.MiniOzoneClusterImpl (MiniOzoneClusterImpl.java:lambda$waitForClusterToBeReady$0(227)) - SCM became leader
2023-04-19 02:33:43,501 [BlockDeletingService#2] INFO  interfaces.ContainerDeletionChoosingPolicyTemplate (ContainerDeletionChoosingPolicyTemplate.java:chooseContainerForBlockDeletion(83)) - Chosen 0/5000 blocks from 0 candidate containers.
2023-04-19 02:33:43,502 [SCMBlockDeletingService#0] DEBUG block.SCMBlockDeletingService (SCMBlockDeletingService.java:shouldRun(251)) - Check scm block delete run: false serviceStatus: PAUSING safemodeExitRunDelayMillis: 3000 alreadyWaitTimeInMillis: 1681871623502
2023-04-19 02:33:43,538 [BlockDeletingService#2] INFO  interfaces.ContainerDeletionChoosingPolicyTemplate (ContainerDeletionChoosingPolicyTemplate.java:chooseContainerForBlockDeletion(83)) - Chosen 0/5000 blocks from 0 candidate containers.
2023-04-19 02:33:43,560 [BlockDeletingService#2] INFO  interfaces.ContainerDeletionChoosingPolicyTemplate (ContainerDeletionChoosingPolicyTemplate.java:chooseContainerForBlockDeletion(83)) - Chosen 0/5000 blocks from 0 candidate containers.
2023-04-19 02:33:43,602 [BlockDeletingService#2] INFO  interfaces.ContainerDeletionChoosingPolicyTemplate (ContainerDeletionChoosingPolicyTemplate.java:chooseContainerForBlockDeletion(83)) - Chosen 0/5000 blocks from 0 candidate containers.
2023-04-19 02:33:43,603 [SCMBlockDeletingService#0] DEBUG block.SCMBlockDeletingService (SCMBlockDeletingService.java:shouldRun(251)) - Check scm block delete run: false serviceStatus: PAUSING safemodeExitRunDelayMillis: 3000 alreadyWaitTimeInMillis: 1681871623603
2023-04-19 02:33:43,639 [BlockDeletingService#2] INFO  interfaces.ContainerDeletionChoosingPolicyTemplate (ContainerDeletionChoosingPolicyTemplate.java:chooseContainerForBlockDeletion(83)) - Chosen 0/5000 blocks from 0 candidate containers.
2023-04-19 02:33:43,660 [BlockDeletingService#2] INFO  interfaces.ContainerDeletionChoosingPolicyTemplate (ContainerDeletionChoosingPolicyTemplate.java:chooseContainerForBlockDeletion(83)) - Chosen 0/5000 blocks from 0 candidate containers.
2023-04-19 02:33:43,702 [BlockDeletingService#2] INFO  interfaces.ContainerDeletionChoosingPolicyTemplate (ContainerDeletionChoosingPolicyTemplate.java:chooseContainerForBlockDeletion(83)) - Chosen 0/5000 blocks from 0 candidate containers.
2023-04-19 02:33:43,703 [SCMBlockDeletingService#0] DEBUG block.SCMBlockDeletingService (SCMBlockDeletingService.java:shouldRun(251)) - Check scm block delete run: false serviceStatus: PAUSING safemodeExitRunDelayMillis: 3000 alreadyWaitTimeInMillis: 1681871623703
2023-04-19 02:33:43,739 [BlockDeletingService#2] INFO  interfaces.ContainerDeletionChoosingPolicyTemplate (ContainerDeletionChoosingPolicyTemplate.java:chooseContainerForBlockDeletion(83)) - Chosen 0/5000 blocks from 0 candidate containers.
2023-04-19 02:33:43,761 [BlockDeletingService#2] INFO  interfaces.ContainerDeletionChoosingPolicyTemplate (ContainerDeletionChoosingPolicyTemplate.java:chooseContainerForBlockDeletion(83)) - Chosen 0/5000 blocks from 0 candidate containers.
2023-04-19 02:33:43,802 [BlockDeletingService#2] INFO  interfaces.ContainerDeletionChoosingPolicyTemplate (ContainerDeletionChoosingPolicyTemplate.java:chooseContainerForBlockDeletion(83)) - Chosen 0/5000 blocks from 0 candidate containers.
2023-04-19 02:33:43,803 [SCMBlockDeletingService#0] DEBUG block.SCMBlockDeletingService (SCMBlockDeletingService.java:shouldRun(251)) - Check scm block delete run: false serviceStatus: PAUSING safemodeExitRunDelayMillis: 3000 alreadyWaitTimeInMillis: 1681871623803
2023-04-19 02:33:43,839 [BlockDeletingService#2] INFO  interfaces.ContainerDeletionChoosingPolicyTemplate (ContainerDeletionChoosingPolicyTemplate.java:chooseContainerForBlockDeletion(83)) - Chosen 0/5000 blocks from 0 candidate containers.
2023-04-19 02:33:43,861 [BlockDeletingService#2] INFO  interfaces.ContainerDeletionChoosingPolicyTemplate (ContainerDeletionChoosingPolicyTemplate.java:chooseContainerForBlockDeletion(83)) - Chosen 0/5000 blocks from 0 candidate containers.
2023-04-19 02:33:43,902 [BlockDeletingService#2] INFO  interfaces.ContainerDeletionChoosingPolicyTemplate (ContainerDeletionChoosingPolicyTemplate.java:chooseContainerForBlockDeletion(83)) - Chosen 0/5000 blocks from 0 candidate containers.
2023-04-19 02:33:43,903 [SCMBlockDeletingService#0] DEBUG block.SCMBlockDeletingService (SCMBlockDeletingService.java:shouldRun(251)) - Check scm block delete run: false serviceStatus: PAUSING safemodeExitRunDelayMillis: 3000 alreadyWaitTimeInMillis: 1681871623903
2023-04-19 02:33:43,939 [BlockDeletingService#2] INFO  interfaces.ContainerDeletionChoosingPolicyTemplate (ContainerDeletionChoosingPolicyTemplate.java:chooseContainerForBlockDeletion(83)) - Chosen 0/5000 blocks from 0 candidate containers.
2023-04-19 02:33:43,961 [BlockDeletingService#2] INFO  interfaces.ContainerDeletionChoosingPolicyTemplate (ContainerDeletionChoosingPolicyTemplate.java:chooseContainerForBlockDeletion(83)) - Chosen 0/5000 blocks from 0 candidate containers.
2023-04-19 02:33:44,002 [BlockDeletingService#2] INFO  interfaces.ContainerDeletionChoosingPolicyTemplate (ContainerDeletionChoosingPolicyTemplate.java:chooseContainerForBlockDeletion(83)) - Chosen 0/5000 blocks from 0 candidate containers.
2023-04-19 02:33:44,003 [SCMBlockDeletingService#0] DEBUG block.SCMBlockDeletingService (SCMBlockDeletingService.java:shouldRun(251)) - Check scm block delete run: false serviceStatus: PAUSING safemodeExitRunDelayMillis: 3000 alreadyWaitTimeInMillis: 1681871624003
2023-04-19 02:33:44,040 [BlockDeletingService#2] INFO  interfaces.ContainerDeletionChoosingPolicyTemplate (ContainerDeletionChoosingPolicyTemplate.java:chooseContainerForBlockDeletion(83)) - Chosen 0/5000 blocks from 0 candidate containers.
2023-04-19 02:33:44,061 [BlockDeletingService#2] INFO  interfaces.ContainerDeletionChoosingPolicyTemplate (ContainerDeletionChoosingPolicyTemplate.java:chooseContainerForBlockDeletion(83)) - Chosen 0/5000 blocks from 0 candidate containers.
2023-04-19 02:33:44,103 [BlockDeletingService#2] INFO  interfaces.ContainerDeletionChoosingPolicyTemplate (ContainerDeletionChoosingPolicyTemplate.java:chooseContainerForBlockDeletion(83)) - Chosen 0/5000 blocks from 0 candidate containers.
2023-04-19 02:33:44,103 [SCMBlockDeletingService#0] DEBUG block.SCMBlockDeletingService (SCMBlockDeletingService.java:shouldRun(251)) - Check scm block delete run: false serviceStatus: PAUSING safemodeExitRunDelayMillis: 3000 alreadyWaitTimeInMillis: 1681871624103
2023-04-19 02:33:44,140 [BlockDeletingService#2] INFO  interfaces.ContainerDeletionChoosingPolicyTemplate (ContainerDeletionChoosingPolicyTemplate.java:chooseContainerForBlockDeletion(83)) - Chosen 0/5000 blocks from 0 candidate containers.
2023-04-19 02:33:44,161 [BlockDeletingService#2] INFO  interfaces.ContainerDeletionChoosingPolicyTemplate (ContainerDeletionChoosingPolicyTemplate.java:chooseContainerForBlockDeletion(83)) - Chosen 0/5000 blocks from 0 candidate containers.
2023-04-19 02:33:44,203 [BlockDeletingService#2] INFO  interfaces.ContainerDeletionChoosingPolicyTemplate (ContainerDeletionChoosingPolicyTemplate.java:chooseContainerForBlockDeletion(83)) - Chosen 0/5000 blocks from 0 candidate containers.
2023-04-19 02:33:44,203 [SCMBlockDeletingService#0] DEBUG block.SCMBlockDeletingService (SCMBlockDeletingService.java:shouldRun(251)) - Check scm block delete run: false serviceStatus: PAUSING safemodeExitRunDelayMillis: 3000 alreadyWaitTimeInMillis: 1681871624203
2023-04-19 02:33:44,240 [BlockDeletingService#2] INFO  interfaces.ContainerDeletionChoosingPolicyTemplate (ContainerDeletionChoosingPolicyTemplate.java:chooseContainerForBlockDeletion(83)) - Chosen 0/5000 blocks from 0 candidate containers.
2023-04-19 02:33:44,261 [BlockDeletingService#2] INFO  interfaces.ContainerDeletionChoosingPolicyTemplate (ContainerDeletionChoosingPolicyTemplate.java:chooseContainerForBlockDeletion(83)) - Chosen 0/5000 blocks from 0 candidate containers.
2023-04-19 02:33:44,303 [SCMBlockDeletingService#0] DEBUG block.SCMBlockDeletingService (SCMBlockDeletingService.java:shouldRun(251)) - Check scm block delete run: false serviceStatus: PAUSING safemodeExitRunDelayMillis: 3000 alreadyWaitTimeInMillis: 1681871624303
2023-04-19 02:33:44,303 [BlockDeletingService#2] INFO  interfaces.ContainerDeletionChoosingPolicyTemplate (ContainerDeletionChoosingPolicyTemplate.java:chooseContainerForBlockDeletion(83)) - Chosen 0/5000 blocks from 0 candidate containers.
2023-04-19 02:33:44,340 [BlockDeletingService#2] INFO  interfaces.ContainerDeletionChoosingPolicyTemplate (ContainerDeletionChoosingPolicyTemplate.java:chooseContainerForBlockDeletion(83)) - Chosen 0/5000 blocks from 0 candidate containers.
2023-04-19 02:33:44,361 [BlockDeletingService#2] INFO  interfaces.ContainerDeletionChoosingPolicyTemplate (ContainerDeletionChoosingPolicyTemplate.java:chooseContainerForBlockDeletion(83)) - Chosen 0/5000 blocks from 0 candidate containers.
2023-04-19 02:33:44,403 [SCMBlockDeletingService#0] DEBUG block.SCMBlockDeletingService (SCMBlockDeletingService.java:shouldRun(251)) - Check scm block delete run: false serviceStatus: PAUSING safemodeExitRunDelayMillis: 3000 alreadyWaitTimeInMillis: 1681871624403
2023-04-19 02:33:44,404 [BlockDeletingService#2] INFO  interfaces.ContainerDeletionChoosingPolicyTemplate (ContainerDeletionChoosingPolicyTemplate.java:chooseContainerForBlockDeletion(83)) - Chosen 0/5000 blocks from 0 candidate containers.
2023-04-19 02:33:44,440 [BlockDeletingService#2] INFO  interfaces.ContainerDeletionChoosingPolicyTemplate (ContainerDeletionChoosingPolicyTemplate.java:chooseContainerForBlockDeletion(83)) - Chosen 0/5000 blocks from 0 candidate containers.
2023-04-19 02:33:44,462 [BlockDeletingService#2] INFO  interfaces.ContainerDeletionChoosingPolicyTemplate (ContainerDeletionChoosingPolicyTemplate.java:chooseContainerForBlockDeletion(83)) - Chosen 0/5000 blocks from 0 candidate containers.
2023-04-19 02:33:44,476 [Listener at 127.0.0.1/39891] INFO  ozone.MiniOzoneClusterImpl (MiniOzoneClusterImpl.java:lambda$waitForClusterToBeReady$0(222)) - Nodes are ready. Got 3 of 3 DN Heartbeats.
2023-04-19 02:33:44,476 [Listener at 127.0.0.1/39891] INFO  ozone.MiniOzoneClusterImpl (MiniOzoneClusterImpl.java:lambda$waitForClusterToBeReady$0(225)) - Waiting for cluster to exit safe mode
2023-04-19 02:33:44,477 [Listener at 127.0.0.1/39891] INFO  ozone.MiniOzoneClusterImpl (MiniOzoneClusterImpl.java:lambda$waitForClusterToBeReady$0(227)) - SCM became leader
2023-04-19 02:33:44,503 [SCMBlockDeletingService#0] DEBUG block.SCMBlockDeletingService (SCMBlockDeletingService.java:shouldRun(251)) - Check scm block delete run: false serviceStatus: PAUSING safemodeExitRunDelayMillis: 3000 alreadyWaitTimeInMillis: 1681871624503
2023-04-19 02:33:44,504 [BlockDeletingService#2] INFO  interfaces.ContainerDeletionChoosingPolicyTemplate (ContainerDeletionChoosingPolicyTemplate.java:chooseContainerForBlockDeletion(83)) - Chosen 0/5000 blocks from 0 candidate containers.
2023-04-19 02:33:44,541 [BlockDeletingService#2] INFO  interfaces.ContainerDeletionChoosingPolicyTemplate (ContainerDeletionChoosingPolicyTemplate.java:chooseContainerForBlockDeletion(83)) - Chosen 0/5000 blocks from 0 candidate containers.
2023-04-19 02:33:44,562 [BlockDeletingService#2] INFO  interfaces.ContainerDeletionChoosingPolicyTemplate (ContainerDeletionChoosingPolicyTemplate.java:chooseContainerForBlockDeletion(83)) - Chosen 0/5000 blocks from 0 candidate containers.
2023-04-19 02:33:44,603 [SCMBlockDeletingService#0] DEBUG block.SCMBlockDeletingService (SCMBlockDeletingService.java:shouldRun(251)) - Check scm block delete run: false serviceStatus: PAUSING safemodeExitRunDelayMillis: 3000 alreadyWaitTimeInMillis: 1681871624603
2023-04-19 02:33:44,604 [BlockDeletingService#2] INFO  interfaces.ContainerDeletionChoosingPolicyTemplate (ContainerDeletionChoosingPolicyTemplate.java:chooseContainerForBlockDeletion(83)) - Chosen 0/5000 blocks from 0 candidate containers.
2023-04-19 02:33:44,641 [BlockDeletingService#2] INFO  interfaces.ContainerDeletionChoosingPolicyTemplate (ContainerDeletionChoosingPolicyTemplate.java:chooseContainerForBlockDeletion(83)) - Chosen 0/5000 blocks from 0 candidate containers.
2023-04-19 02:33:44,662 [BlockDeletingService#2] INFO  interfaces.ContainerDeletionChoosingPolicyTemplate (ContainerDeletionChoosingPolicyTemplate.java:chooseContainerForBlockDeletion(83)) - Chosen 0/5000 blocks from 0 candidate containers.
2023-04-19 02:33:44,703 [SCMBlockDeletingService#0] DEBUG block.SCMBlockDeletingService (SCMBlockDeletingService.java:shouldRun(251)) - Check scm block delete run: false serviceStatus: PAUSING safemodeExitRunDelayMillis: 3000 alreadyWaitTimeInMillis: 1681871624703
2023-04-19 02:33:44,704 [BlockDeletingService#2] INFO  interfaces.ContainerDeletionChoosingPolicyTemplate (ContainerDeletionChoosingPolicyTemplate.java:chooseContainerForBlockDeletion(83)) - Chosen 0/5000 blocks from 0 candidate containers.
2023-04-19 02:33:44,741 [BlockDeletingService#2] INFO  interfaces.ContainerDeletionChoosingPolicyTemplate (ContainerDeletionChoosingPolicyTemplate.java:chooseContainerForBlockDeletion(83)) - Chosen 0/5000 blocks from 0 candidate containers.
2023-04-19 02:33:44,762 [BlockDeletingService#2] INFO  interfaces.ContainerDeletionChoosingPolicyTemplate (ContainerDeletionChoosingPolicyTemplate.java:chooseContainerForBlockDeletion(83)) - Chosen 0/5000 blocks from 0 candidate containers.
2023-04-19 02:33:44,804 [SCMBlockDeletingService#0] DEBUG block.SCMBlockDeletingService (SCMBlockDeletingService.java:shouldRun(251)) - Check scm block delete run: false serviceStatus: PAUSING safemodeExitRunDelayMillis: 3000 alreadyWaitTimeInMillis: 1681871624804
2023-04-19 02:33:44,805 [BlockDeletingService#2] INFO  interfaces.ContainerDeletionChoosingPolicyTemplate (ContainerDeletionChoosingPolicyTemplate.java:chooseContainerForBlockDeletion(83)) - Chosen 0/5000 blocks from 0 candidate containers.
2023-04-19 02:33:44,841 [BlockDeletingService#2] INFO  interfaces.ContainerDeletionChoosingPolicyTemplate (ContainerDeletionChoosingPolicyTemplate.java:chooseContainerForBlockDeletion(83)) - Chosen 0/5000 blocks from 0 candidate containers.
2023-04-19 02:33:44,862 [BlockDeletingService#2] INFO  interfaces.ContainerDeletionChoosingPolicyTemplate (ContainerDeletionChoosingPolicyTemplate.java:chooseContainerForBlockDeletion(83)) - Chosen 0/5000 blocks from 0 candidate containers.
2023-04-19 02:33:44,904 [SCMBlockDeletingService#0] DEBUG block.SCMBlockDeletingService (SCMBlockDeletingService.java:shouldRun(251)) - Check scm block delete run: false serviceStatus: PAUSING safemodeExitRunDelayMillis: 3000 alreadyWaitTimeInMillis: 1681871624904
2023-04-19 02:33:44,905 [BlockDeletingService#2] INFO  interfaces.ContainerDeletionChoosingPolicyTemplate (ContainerDeletionChoosingPolicyTemplate.java:chooseContainerForBlockDeletion(83)) - Chosen 0/5000 blocks from 0 candidate containers.
2023-04-19 02:33:44,942 [BlockDeletingService#2] INFO  interfaces.ContainerDeletionChoosingPolicyTemplate (ContainerDeletionChoosingPolicyTemplate.java:chooseContainerForBlockDeletion(83)) - Chosen 0/5000 blocks from 0 candidate containers.
2023-04-19 02:33:44,962 [BlockDeletingService#2] INFO  interfaces.ContainerDeletionChoosingPolicyTemplate (ContainerDeletionChoosingPolicyTemplate.java:chooseContainerForBlockDeletion(83)) - Chosen 0/5000 blocks from 0 candidate containers.
2023-04-19 02:33:45,004 [SCMBlockDeletingService#0] DEBUG block.SCMBlockDeletingService (SCMBlockDeletingService.java:shouldRun(251)) - Check scm block delete run: false serviceStatus: PAUSING safemodeExitRunDelayMillis: 3000 alreadyWaitTimeInMillis: 1681871625004
2023-04-19 02:33:45,005 [BlockDeletingService#2] INFO  interfaces.ContainerDeletionChoosingPolicyTemplate (ContainerDeletionChoosingPolicyTemplate.java:chooseContainerForBlockDeletion(83)) - Chosen 0/5000 blocks from 0 candidate containers.
2023-04-19 02:33:45,042 [BlockDeletingService#2] INFO  interfaces.ContainerDeletionChoosingPolicyTemplate (ContainerDeletionChoosingPolicyTemplate.java:chooseContainerForBlockDeletion(83)) - Chosen 0/5000 blocks from 0 candidate containers.
2023-04-19 02:33:45,062 [BlockDeletingService#2] INFO  interfaces.ContainerDeletionChoosingPolicyTemplate (ContainerDeletionChoosingPolicyTemplate.java:chooseContainerForBlockDeletion(83)) - Chosen 0/5000 blocks from 0 candidate containers.
2023-04-19 02:33:45,104 [SCMBlockDeletingService#0] DEBUG block.SCMBlockDeletingService (SCMBlockDeletingService.java:shouldRun(251)) - Check scm block delete run: false serviceStatus: PAUSING safemodeExitRunDelayMillis: 3000 alreadyWaitTimeInMillis: 1681871625104
2023-04-19 02:33:45,105 [BlockDeletingService#2] INFO  interfaces.ContainerDeletionChoosingPolicyTemplate (ContainerDeletionChoosingPolicyTemplate.java:chooseContainerForBlockDeletion(83)) - Chosen 0/5000 blocks from 0 candidate containers.
2023-04-19 02:33:45,142 [BlockDeletingService#2] INFO  interfaces.ContainerDeletionChoosingPolicyTemplate (ContainerDeletionChoosingPolicyTemplate.java:chooseContainerForBlockDeletion(83)) - Chosen 0/5000 blocks from 0 candidate containers.
2023-04-19 02:33:45,163 [BlockDeletingService#2] INFO  interfaces.ContainerDeletionChoosingPolicyTemplate (ContainerDeletionChoosingPolicyTemplate.java:chooseContainerForBlockDeletion(83)) - Chosen 0/5000 blocks from 0 candidate containers.
2023-04-19 02:33:45,204 [SCMBlockDeletingService#0] DEBUG block.SCMBlockDeletingService (SCMBlockDeletingService.java:shouldRun(251)) - Check scm block delete run: false serviceStatus: PAUSING safemodeExitRunDelayMillis: 3000 alreadyWaitTimeInMillis: 1681871625204
2023-04-19 02:33:45,205 [BlockDeletingService#2] INFO  interfaces.ContainerDeletionChoosingPolicyTemplate (ContainerDeletionChoosingPolicyTemplate.java:chooseContainerForBlockDeletion(83)) - Chosen 0/5000 blocks from 0 candidate containers.
2023-04-19 02:33:45,242 [BlockDeletingService#2] INFO  interfaces.ContainerDeletionChoosingPolicyTemplate (ContainerDeletionChoosingPolicyTemplate.java:chooseContainerForBlockDeletion(83)) - Chosen 0/5000 blocks from 0 candidate containers.
2023-04-19 02:33:45,263 [BlockDeletingService#2] INFO  interfaces.ContainerDeletionChoosingPolicyTemplate (ContainerDeletionChoosingPolicyTemplate.java:chooseContainerForBlockDeletion(83)) - Chosen 0/5000 blocks from 0 candidate containers.
2023-04-19 02:33:45,304 [SCMBlockDeletingService#0] DEBUG block.SCMBlockDeletingService (SCMBlockDeletingService.java:shouldRun(251)) - Check scm block delete run: false serviceStatus: PAUSING safemodeExitRunDelayMillis: 3000 alreadyWaitTimeInMillis: 1681871625304
2023-04-19 02:33:45,305 [BlockDeletingService#2] INFO  interfaces.ContainerDeletionChoosingPolicyTemplate (ContainerDeletionChoosingPolicyTemplate.java:chooseContainerForBlockDeletion(83)) - Chosen 0/5000 blocks from 0 candidate containers.
2023-04-19 02:33:45,343 [BlockDeletingService#2] INFO  interfaces.ContainerDeletionChoosingPolicyTemplate (ContainerDeletionChoosingPolicyTemplate.java:chooseContainerForBlockDeletion(83)) - Chosen 0/5000 blocks from 0 candidate containers.
2023-04-19 02:33:45,363 [BlockDeletingService#2] INFO  interfaces.ContainerDeletionChoosingPolicyTemplate (ContainerDeletionChoosingPolicyTemplate.java:chooseContainerForBlockDeletion(83)) - Chosen 0/5000 blocks from 0 candidate containers.
2023-04-19 02:33:45,404 [SCMBlockDeletingService#0] DEBUG block.SCMBlockDeletingService (SCMBlockDeletingService.java:shouldRun(251)) - Check scm block delete run: false serviceStatus: PAUSING safemodeExitRunDelayMillis: 3000 alreadyWaitTimeInMillis: 1681871625404
2023-04-19 02:33:45,406 [BlockDeletingService#2] INFO  interfaces.ContainerDeletionChoosingPolicyTemplate (ContainerDeletionChoosingPolicyTemplate.java:chooseContainerForBlockDeletion(83)) - Chosen 0/5000 blocks from 0 candidate containers.
2023-04-19 02:33:45,443 [BlockDeletingService#2] INFO  interfaces.ContainerDeletionChoosingPolicyTemplate (ContainerDeletionChoosingPolicyTemplate.java:chooseContainerForBlockDeletion(83)) - Chosen 0/5000 blocks from 0 candidate containers.
2023-04-19 02:33:45,463 [BlockDeletingService#2] INFO  interfaces.ContainerDeletionChoosingPolicyTemplate (ContainerDeletionChoosingPolicyTemplate.java:chooseContainerForBlockDeletion(83)) - Chosen 0/5000 blocks from 0 candidate containers.
2023-04-19 02:33:45,477 [Listener at 127.0.0.1/39891] INFO  ozone.MiniOzoneClusterImpl (MiniOzoneClusterImpl.java:lambda$waitForClusterToBeReady$0(222)) - Nodes are ready. Got 3 of 3 DN Heartbeats.
2023-04-19 02:33:45,477 [Listener at 127.0.0.1/39891] INFO  ozone.MiniOzoneClusterImpl (MiniOzoneClusterImpl.java:lambda$waitForClusterToBeReady$0(225)) - Waiting for cluster to exit safe mode
2023-04-19 02:33:45,478 [Listener at 127.0.0.1/39891] INFO  ozone.MiniOzoneClusterImpl (MiniOzoneClusterImpl.java:lambda$waitForClusterToBeReady$0(227)) - SCM became leader
2023-04-19 02:33:45,504 [SCMBlockDeletingService#0] DEBUG block.SCMBlockDeletingService (SCMBlockDeletingService.java:shouldRun(251)) - Check scm block delete run: false serviceStatus: PAUSING safemodeExitRunDelayMillis: 3000 alreadyWaitTimeInMillis: 1681871625504
2023-04-19 02:33:45,506 [BlockDeletingService#2] INFO  interfaces.ContainerDeletionChoosingPolicyTemplate (ContainerDeletionChoosingPolicyTemplate.java:chooseContainerForBlockDeletion(83)) - Chosen 0/5000 blocks from 0 candidate containers.
2023-04-19 02:33:45,543 [BlockDeletingService#2] INFO  interfaces.ContainerDeletionChoosingPolicyTemplate (ContainerDeletionChoosingPolicyTemplate.java:chooseContainerForBlockDeletion(83)) - Chosen 0/5000 blocks from 0 candidate containers.
2023-04-19 02:33:45,563 [BlockDeletingService#2] INFO  interfaces.ContainerDeletionChoosingPolicyTemplate (ContainerDeletionChoosingPolicyTemplate.java:chooseContainerForBlockDeletion(83)) - Chosen 0/5000 blocks from 0 candidate containers.
2023-04-19 02:33:45,604 [SCMBlockDeletingService#0] DEBUG block.SCMBlockDeletingService (SCMBlockDeletingService.java:shouldRun(251)) - Check scm block delete run: false serviceStatus: PAUSING safemodeExitRunDelayMillis: 3000 alreadyWaitTimeInMillis: 1681871625604
2023-04-19 02:33:45,606 [BlockDeletingService#2] INFO  interfaces.ContainerDeletionChoosingPolicyTemplate (ContainerDeletionChoosingPolicyTemplate.java:chooseContainerForBlockDeletion(83)) - Chosen 0/5000 blocks from 0 candidate containers.
2023-04-19 02:33:45,643 [BlockDeletingService#2] INFO  interfaces.ContainerDeletionChoosingPolicyTemplate (ContainerDeletionChoosingPolicyTemplate.java:chooseContainerForBlockDeletion(83)) - Chosen 0/5000 blocks from 0 candidate containers.
2023-04-19 02:33:45,663 [BlockDeletingService#2] INFO  interfaces.ContainerDeletionChoosingPolicyTemplate (ContainerDeletionChoosingPolicyTemplate.java:chooseContainerForBlockDeletion(83)) - Chosen 0/5000 blocks from 0 candidate containers.
2023-04-19 02:33:45,704 [SCMBlockDeletingService#0] DEBUG block.SCMBlockDeletingService (SCMBlockDeletingService.java:shouldRun(251)) - Check scm block delete run: false serviceStatus: PAUSING safemodeExitRunDelayMillis: 3000 alreadyWaitTimeInMillis: 1681871625704
2023-04-19 02:33:45,706 [BlockDeletingService#2] INFO  interfaces.ContainerDeletionChoosingPolicyTemplate (ContainerDeletionChoosingPolicyTemplate.java:chooseContainerForBlockDeletion(83)) - Chosen 0/5000 blocks from 0 candidate containers.
2023-04-19 02:33:45,743 [BlockDeletingService#2] INFO  interfaces.ContainerDeletionChoosingPolicyTemplate (ContainerDeletionChoosingPolicyTemplate.java:chooseContainerForBlockDeletion(83)) - Chosen 0/5000 blocks from 0 candidate containers.
2023-04-19 02:33:45,763 [BlockDeletingService#2] INFO  interfaces.ContainerDeletionChoosingPolicyTemplate (ContainerDeletionChoosingPolicyTemplate.java:chooseContainerForBlockDeletion(83)) - Chosen 0/5000 blocks from 0 candidate containers.
2023-04-19 02:33:45,804 [SCMBlockDeletingService#0] DEBUG block.SCMBlockDeletingService (SCMBlockDeletingService.java:shouldRun(251)) - Check scm block delete run: false serviceStatus: PAUSING safemodeExitRunDelayMillis: 3000 alreadyWaitTimeInMillis: 1681871625804
2023-04-19 02:33:45,806 [BlockDeletingService#2] INFO  interfaces.ContainerDeletionChoosingPolicyTemplate (ContainerDeletionChoosingPolicyTemplate.java:chooseContainerForBlockDeletion(83)) - Chosen 0/5000 blocks from 0 candidate containers.
2023-04-19 02:33:45,844 [BlockDeletingService#2] INFO  interfaces.ContainerDeletionChoosingPolicyTemplate (ContainerDeletionChoosingPolicyTemplate.java:chooseContainerForBlockDeletion(83)) - Chosen 0/5000 blocks from 0 candidate containers.
2023-04-19 02:33:45,864 [BlockDeletingService#2] INFO  interfaces.ContainerDeletionChoosingPolicyTemplate (ContainerDeletionChoosingPolicyTemplate.java:chooseContainerForBlockDeletion(83)) - Chosen 0/5000 blocks from 0 candidate containers.
2023-04-19 02:33:45,904 [SCMBlockDeletingService#0] DEBUG block.SCMBlockDeletingService (SCMBlockDeletingService.java:shouldRun(251)) - Check scm block delete run: false serviceStatus: PAUSING safemodeExitRunDelayMillis: 3000 alreadyWaitTimeInMillis: 1681871625904
2023-04-19 02:33:45,906 [BlockDeletingService#2] INFO  interfaces.ContainerDeletionChoosingPolicyTemplate (ContainerDeletionChoosingPolicyTemplate.java:chooseContainerForBlockDeletion(83)) - Chosen 0/5000 blocks from 0 candidate containers.
2023-04-19 02:33:45,944 [BlockDeletingService#2] INFO  interfaces.ContainerDeletionChoosingPolicyTemplate (ContainerDeletionChoosingPolicyTemplate.java:chooseContainerForBlockDeletion(83)) - Chosen 0/5000 blocks from 0 candidate containers.
2023-04-19 02:33:45,964 [BlockDeletingService#2] INFO  interfaces.ContainerDeletionChoosingPolicyTemplate (ContainerDeletionChoosingPolicyTemplate.java:chooseContainerForBlockDeletion(83)) - Chosen 0/5000 blocks from 0 candidate containers.
2023-04-19 02:33:46,004 [SCMBlockDeletingService#0] DEBUG block.SCMBlockDeletingService (SCMBlockDeletingService.java:shouldRun(251)) - Check scm block delete run: false serviceStatus: PAUSING safemodeExitRunDelayMillis: 3000 alreadyWaitTimeInMillis: 1681871626004
2023-04-19 02:33:46,007 [BlockDeletingService#2] INFO  interfaces.ContainerDeletionChoosingPolicyTemplate (ContainerDeletionChoosingPolicyTemplate.java:chooseContainerForBlockDeletion(83)) - Chosen 0/5000 blocks from 0 candidate containers.
2023-04-19 02:33:46,044 [BlockDeletingService#2] INFO  interfaces.ContainerDeletionChoosingPolicyTemplate (ContainerDeletionChoosingPolicyTemplate.java:chooseContainerForBlockDeletion(83)) - Chosen 0/5000 blocks from 0 candidate containers.
2023-04-19 02:33:46,064 [BlockDeletingService#2] INFO  interfaces.ContainerDeletionChoosingPolicyTemplate (ContainerDeletionChoosingPolicyTemplate.java:chooseContainerForBlockDeletion(83)) - Chosen 0/5000 blocks from 0 candidate containers.
2023-04-19 02:33:46,105 [SCMBlockDeletingService#0] DEBUG block.SCMBlockDeletingService (SCMBlockDeletingService.java:shouldRun(251)) - Check scm block delete run: false serviceStatus: PAUSING safemodeExitRunDelayMillis: 3000 alreadyWaitTimeInMillis: 1681871626105
2023-04-19 02:33:46,107 [BlockDeletingService#2] INFO  interfaces.ContainerDeletionChoosingPolicyTemplate (ContainerDeletionChoosingPolicyTemplate.java:chooseContainerForBlockDeletion(83)) - Chosen 0/5000 blocks from 0 candidate containers.
2023-04-19 02:33:46,144 [BlockDeletingService#2] INFO  interfaces.ContainerDeletionChoosingPolicyTemplate (ContainerDeletionChoosingPolicyTemplate.java:chooseContainerForBlockDeletion(83)) - Chosen 0/5000 blocks from 0 candidate containers.
2023-04-19 02:33:46,164 [BlockDeletingService#2] INFO  interfaces.ContainerDeletionChoosingPolicyTemplate (ContainerDeletionChoosingPolicyTemplate.java:chooseContainerForBlockDeletion(83)) - Chosen 0/5000 blocks from 0 candidate containers.
2023-04-19 02:33:46,205 [SCMBlockDeletingService#0] DEBUG block.SCMBlockDeletingService (SCMBlockDeletingService.java:shouldRun(251)) - Check scm block delete run: false serviceStatus: PAUSING safemodeExitRunDelayMillis: 3000 alreadyWaitTimeInMillis: 1681871626205
2023-04-19 02:33:46,207 [BlockDeletingService#2] INFO  interfaces.ContainerDeletionChoosingPolicyTemplate (ContainerDeletionChoosingPolicyTemplate.java:chooseContainerForBlockDeletion(83)) - Chosen 0/5000 blocks from 0 candidate containers.
2023-04-19 02:33:46,245 [BlockDeletingService#2] INFO  interfaces.ContainerDeletionChoosingPolicyTemplate (ContainerDeletionChoosingPolicyTemplate.java:chooseContainerForBlockDeletion(83)) - Chosen 0/5000 blocks from 0 candidate containers.
2023-04-19 02:33:46,264 [BlockDeletingService#2] INFO  interfaces.ContainerDeletionChoosingPolicyTemplate (ContainerDeletionChoosingPolicyTemplate.java:chooseContainerForBlockDeletion(83)) - Chosen 0/5000 blocks from 0 candidate containers.
2023-04-19 02:33:46,305 [SCMBlockDeletingService#0] DEBUG block.SCMBlockDeletingService (SCMBlockDeletingService.java:shouldRun(251)) - Check scm block delete run: false serviceStatus: PAUSING safemodeExitRunDelayMillis: 3000 alreadyWaitTimeInMillis: 1681871626305
2023-04-19 02:33:46,307 [BlockDeletingService#2] INFO  interfaces.ContainerDeletionChoosingPolicyTemplate (ContainerDeletionChoosingPolicyTemplate.java:chooseContainerForBlockDeletion(83)) - Chosen 0/5000 blocks from 0 candidate containers.
2023-04-19 02:33:46,345 [BlockDeletingService#2] INFO  interfaces.ContainerDeletionChoosingPolicyTemplate (ContainerDeletionChoosingPolicyTemplate.java:chooseContainerForBlockDeletion(83)) - Chosen 0/5000 blocks from 0 candidate containers.
2023-04-19 02:33:46,364 [BlockDeletingService#2] INFO  interfaces.ContainerDeletionChoosingPolicyTemplate (ContainerDeletionChoosingPolicyTemplate.java:chooseContainerForBlockDeletion(83)) - Chosen 0/5000 blocks from 0 candidate containers.
2023-04-19 02:33:46,405 [SCMBlockDeletingService#0] DEBUG block.SCMBlockDeletingService (SCMBlockDeletingService.java:shouldRun(251)) - Check scm block delete run: false serviceStatus: PAUSING safemodeExitRunDelayMillis: 3000 alreadyWaitTimeInMillis: 1681871626405
2023-04-19 02:33:46,407 [BlockDeletingService#2] INFO  interfaces.ContainerDeletionChoosingPolicyTemplate (ContainerDeletionChoosingPolicyTemplate.java:chooseContainerForBlockDeletion(83)) - Chosen 0/5000 blocks from 0 candidate containers.
2023-04-19 02:33:46,445 [BlockDeletingService#2] INFO  interfaces.ContainerDeletionChoosingPolicyTemplate (ContainerDeletionChoosingPolicyTemplate.java:chooseContainerForBlockDeletion(83)) - Chosen 0/5000 blocks from 0 candidate containers.
2023-04-19 02:33:46,464 [BlockDeletingService#2] INFO  interfaces.ContainerDeletionChoosingPolicyTemplate (ContainerDeletionChoosingPolicyTemplate.java:chooseContainerForBlockDeletion(83)) - Chosen 0/5000 blocks from 0 candidate containers.
2023-04-19 02:33:46,478 [Listener at 127.0.0.1/39891] INFO  ozone.MiniOzoneClusterImpl (MiniOzoneClusterImpl.java:lambda$waitForClusterToBeReady$0(222)) - Nodes are ready. Got 3 of 3 DN Heartbeats.
2023-04-19 02:33:46,478 [Listener at 127.0.0.1/39891] INFO  ozone.MiniOzoneClusterImpl (MiniOzoneClusterImpl.java:lambda$waitForClusterToBeReady$0(225)) - Waiting for cluster to exit safe mode
2023-04-19 02:33:46,478 [Listener at 127.0.0.1/39891] INFO  ozone.MiniOzoneClusterImpl (MiniOzoneClusterImpl.java:lambda$waitForClusterToBeReady$0(227)) - SCM became leader
2023-04-19 02:33:46,505 [SCMBlockDeletingService#0] DEBUG block.SCMBlockDeletingService (SCMBlockDeletingService.java:shouldRun(251)) - Check scm block delete run: false serviceStatus: PAUSING safemodeExitRunDelayMillis: 3000 alreadyWaitTimeInMillis: 1681871626505
2023-04-19 02:33:46,508 [BlockDeletingService#2] INFO  interfaces.ContainerDeletionChoosingPolicyTemplate (ContainerDeletionChoosingPolicyTemplate.java:chooseContainerForBlockDeletion(83)) - Chosen 0/5000 blocks from 0 candidate containers.
2023-04-19 02:33:46,545 [BlockDeletingService#2] INFO  interfaces.ContainerDeletionChoosingPolicyTemplate (ContainerDeletionChoosingPolicyTemplate.java:chooseContainerForBlockDeletion(83)) - Chosen 0/5000 blocks from 0 candidate containers.
2023-04-19 02:33:46,565 [BlockDeletingService#2] INFO  interfaces.ContainerDeletionChoosingPolicyTemplate (ContainerDeletionChoosingPolicyTemplate.java:chooseContainerForBlockDeletion(83)) - Chosen 0/5000 blocks from 0 candidate containers.
2023-04-19 02:33:46,605 [SCMBlockDeletingService#0] DEBUG block.SCMBlockDeletingService (SCMBlockDeletingService.java:shouldRun(251)) - Check scm block delete run: false serviceStatus: PAUSING safemodeExitRunDelayMillis: 3000 alreadyWaitTimeInMillis: 1681871626605
2023-04-19 02:33:46,608 [BlockDeletingService#2] INFO  interfaces.ContainerDeletionChoosingPolicyTemplate (ContainerDeletionChoosingPolicyTemplate.java:chooseContainerForBlockDeletion(83)) - Chosen 0/5000 blocks from 0 candidate containers.
2023-04-19 02:33:46,646 [BlockDeletingService#2] INFO  interfaces.ContainerDeletionChoosingPolicyTemplate (ContainerDeletionChoosingPolicyTemplate.java:chooseContainerForBlockDeletion(83)) - Chosen 0/5000 blocks from 0 candidate containers.
2023-04-19 02:33:46,665 [BlockDeletingService#2] INFO  interfaces.ContainerDeletionChoosingPolicyTemplate (ContainerDeletionChoosingPolicyTemplate.java:chooseContainerForBlockDeletion(83)) - Chosen 0/5000 blocks from 0 candidate containers.
2023-04-19 02:33:46,705 [SCMBlockDeletingService#0] DEBUG block.SCMBlockDeletingService (SCMBlockDeletingService.java:shouldRun(251)) - Check scm block delete run: false serviceStatus: PAUSING safemodeExitRunDelayMillis: 3000 alreadyWaitTimeInMillis: 1681871626705
2023-04-19 02:33:46,708 [BlockDeletingService#2] INFO  interfaces.ContainerDeletionChoosingPolicyTemplate (ContainerDeletionChoosingPolicyTemplate.java:chooseContainerForBlockDeletion(83)) - Chosen 0/5000 blocks from 0 candidate containers.
2023-04-19 02:33:46,734 [457148a9-726e-4dee-b9dd-7b4b55ffa2f6@group-8474C413378F-FollowerState] INFO  impl.FollowerState (FollowerState.java:run(143)) - 457148a9-726e-4dee-b9dd-7b4b55ffa2f6@group-8474C413378F-FollowerState: change to CANDIDATE, lastRpcElapsedTime:5019114316ns, electionTimeout:5015ms
2023-04-19 02:33:46,734 [457148a9-726e-4dee-b9dd-7b4b55ffa2f6@group-8474C413378F-FollowerState] INFO  impl.RoleInfo (RoleInfo.java:shutdownFollowerState(110)) - 457148a9-726e-4dee-b9dd-7b4b55ffa2f6: shutdown 457148a9-726e-4dee-b9dd-7b4b55ffa2f6@group-8474C413378F-FollowerState
2023-04-19 02:33:46,734 [457148a9-726e-4dee-b9dd-7b4b55ffa2f6@group-8474C413378F-FollowerState] INFO  server.RaftServer$Division (RaftServerImpl.java:setRole(321)) - 457148a9-726e-4dee-b9dd-7b4b55ffa2f6@group-8474C413378F: changes role from  FOLLOWER to CANDIDATE at term 0 for changeToCandidate
2023-04-19 02:33:46,735 [457148a9-726e-4dee-b9dd-7b4b55ffa2f6@group-8474C413378F-FollowerState] INFO  server.RaftServerConfigKeys (ConfUtils.java:logGet(46)) - raft.server.leaderelection.pre-vote = true (default)
2023-04-19 02:33:46,735 [457148a9-726e-4dee-b9dd-7b4b55ffa2f6@group-8474C413378F-FollowerState] INFO  impl.RoleInfo (RoleInfo.java:updateAndGet(139)) - 457148a9-726e-4dee-b9dd-7b4b55ffa2f6: start 457148a9-726e-4dee-b9dd-7b4b55ffa2f6@group-8474C413378F-LeaderElection6
2023-04-19 02:33:46,738 [457148a9-726e-4dee-b9dd-7b4b55ffa2f6@group-8474C413378F-LeaderElection6] INFO  impl.LeaderElection (LeaderElection.java:askForVotes(312)) - 457148a9-726e-4dee-b9dd-7b4b55ffa2f6@group-8474C413378F-LeaderElection6 PRE_VOTE round 0: submit vote requests at term 0 for -1: peers:[a2f76bd1-2c73-4f6b-ae37-53a5930131fe|rpc:10.1.164.0:34109|dataStream:10.1.164.0:36907|priority:1|startupRole:FOLLOWER, 2fc7e044-034b-4d4d-85e4-65e0422d519b|rpc:10.1.164.0:42467|dataStream:10.1.164.0:34951|priority:0|startupRole:FOLLOWER, 457148a9-726e-4dee-b9dd-7b4b55ffa2f6|rpc:10.1.164.0:41073|dataStream:10.1.164.0:34975|priority:0|startupRole:FOLLOWER]|listeners:[], old=null
2023-04-19 02:33:46,738 [457148a9-726e-4dee-b9dd-7b4b55ffa2f6@group-8474C413378F-LeaderElection6] INFO  server.RaftServerConfigKeys (ConfUtils.java:logFallback(53)) - raft.server.rpc.first-election.timeout.min = 5s (fallback to raft.server.rpc.timeout.min)
2023-04-19 02:33:46,738 [457148a9-726e-4dee-b9dd-7b4b55ffa2f6@group-8474C413378F-LeaderElection6-1] INFO  server.GrpcServerProtocolClient (GrpcServerProtocolClient.java:<init>(63)) - Build channel for a2f76bd1-2c73-4f6b-ae37-53a5930131fe
2023-04-19 02:33:46,739 [457148a9-726e-4dee-b9dd-7b4b55ffa2f6@group-8474C413378F-LeaderElection6-2] INFO  server.GrpcServerProtocolClient (GrpcServerProtocolClient.java:<init>(63)) - Build channel for 2fc7e044-034b-4d4d-85e4-65e0422d519b
2023-04-19 02:33:46,738 [457148a9-726e-4dee-b9dd-7b4b55ffa2f6@group-8474C413378F-LeaderElection6] INFO  server.RaftServerConfigKeys (ConfUtils.java:logFallback(53)) - raft.server.rpc.first-election.timeout.max = 5200ms (fallback to raft.server.rpc.timeout.max)
2023-04-19 02:33:46,746 [BlockDeletingService#2] INFO  interfaces.ContainerDeletionChoosingPolicyTemplate (ContainerDeletionChoosingPolicyTemplate.java:chooseContainerForBlockDeletion(83)) - Chosen 0/5000 blocks from 0 candidate containers.
2023-04-19 02:33:46,753 [grpc-default-executor-0] INFO  server.RaftServer$Division (RaftServerImpl.java:requestVote(1218)) - 2fc7e044-034b-4d4d-85e4-65e0422d519b@group-8474C413378F: receive requestVote(PRE_VOTE, 457148a9-726e-4dee-b9dd-7b4b55ffa2f6, group-8474C413378F, 0, (t:0, i:0))
2023-04-19 02:33:46,753 [grpc-default-executor-0] INFO  impl.VoteContext (VoteContext.java:log(49)) - 2fc7e044-034b-4d4d-85e4-65e0422d519b@group-8474C413378F-FOLLOWER: accept PRE_VOTE from 457148a9-726e-4dee-b9dd-7b4b55ffa2f6: our priority 0 <= candidate's priority 0
2023-04-19 02:33:46,753 [grpc-default-executor-0] INFO  server.RaftServer$Division (RaftServerImpl.java:requestVote(1251)) - 2fc7e044-034b-4d4d-85e4-65e0422d519b@group-8474C413378F replies to PRE_VOTE vote request: 457148a9-726e-4dee-b9dd-7b4b55ffa2f6<-2fc7e044-034b-4d4d-85e4-65e0422d519b#0:OK-t0. Peer's state: 2fc7e044-034b-4d4d-85e4-65e0422d519b@group-8474C413378F:t0, leader=null, voted=, raftlog=Memoized:2fc7e044-034b-4d4d-85e4-65e0422d519b@group-8474C413378F-SegmentedRaftLog:OPENED:c-1, conf=-1: peers:[a2f76bd1-2c73-4f6b-ae37-53a5930131fe|rpc:10.1.164.0:34109|dataStream:10.1.164.0:36907|priority:1|startupRole:FOLLOWER, 2fc7e044-034b-4d4d-85e4-65e0422d519b|rpc:10.1.164.0:42467|dataStream:10.1.164.0:34951|priority:0|startupRole:FOLLOWER, 457148a9-726e-4dee-b9dd-7b4b55ffa2f6|rpc:10.1.164.0:41073|dataStream:10.1.164.0:34975|priority:0|startupRole:FOLLOWER]|listeners:[], old=null
2023-04-19 02:33:46,760 [grpc-default-executor-0] INFO  server.RaftServer$Division (RaftServerImpl.java:requestVote(1218)) - a2f76bd1-2c73-4f6b-ae37-53a5930131fe@group-8474C413378F: receive requestVote(PRE_VOTE, 457148a9-726e-4dee-b9dd-7b4b55ffa2f6, group-8474C413378F, 0, (t:0, i:0))
2023-04-19 02:33:46,760 [grpc-default-executor-0] INFO  impl.VoteContext (VoteContext.java:log(49)) - a2f76bd1-2c73-4f6b-ae37-53a5930131fe@group-8474C413378F-FOLLOWER: reject PRE_VOTE from 457148a9-726e-4dee-b9dd-7b4b55ffa2f6: our priority 1 > candidate's priority 0
2023-04-19 02:33:46,760 [grpc-default-executor-0] INFO  server.RaftServer$Division (RaftServerImpl.java:requestVote(1251)) - a2f76bd1-2c73-4f6b-ae37-53a5930131fe@group-8474C413378F replies to PRE_VOTE vote request: 457148a9-726e-4dee-b9dd-7b4b55ffa2f6<-a2f76bd1-2c73-4f6b-ae37-53a5930131fe#0:FAIL-t0. Peer's state: a2f76bd1-2c73-4f6b-ae37-53a5930131fe@group-8474C413378F:t0, leader=null, voted=, raftlog=Memoized:a2f76bd1-2c73-4f6b-ae37-53a5930131fe@group-8474C413378F-SegmentedRaftLog:OPENED:c-1, conf=-1: peers:[a2f76bd1-2c73-4f6b-ae37-53a5930131fe|rpc:10.1.164.0:34109|dataStream:10.1.164.0:36907|priority:1|startupRole:FOLLOWER, 2fc7e044-034b-4d4d-85e4-65e0422d519b|rpc:10.1.164.0:42467|dataStream:10.1.164.0:34951|priority:0|startupRole:FOLLOWER, 457148a9-726e-4dee-b9dd-7b4b55ffa2f6|rpc:10.1.164.0:41073|dataStream:10.1.164.0:34975|priority:0|startupRole:FOLLOWER]|listeners:[], old=null
2023-04-19 02:33:46,761 [457148a9-726e-4dee-b9dd-7b4b55ffa2f6@group-8474C413378F-LeaderElection6] INFO  impl.LeaderElection (LeaderElection.java:logAndReturn(90)) - 457148a9-726e-4dee-b9dd-7b4b55ffa2f6@group-8474C413378F-LeaderElection6: PRE_VOTE REJECTED received 1 response(s) and 0 exception(s):
2023-04-19 02:33:46,762 [457148a9-726e-4dee-b9dd-7b4b55ffa2f6@group-8474C413378F-LeaderElection6] INFO  impl.LeaderElection (LeaderElection.java:logAndReturn(94)) -   Response 0: 457148a9-726e-4dee-b9dd-7b4b55ffa2f6<-a2f76bd1-2c73-4f6b-ae37-53a5930131fe#0:FAIL-t0
2023-04-19 02:33:46,762 [457148a9-726e-4dee-b9dd-7b4b55ffa2f6@group-8474C413378F-LeaderElection6] INFO  impl.LeaderElection (LeaderElection.java:askForVotes(314)) - 457148a9-726e-4dee-b9dd-7b4b55ffa2f6@group-8474C413378F-LeaderElection6 PRE_VOTE round 0: result REJECTED
2023-04-19 02:33:46,762 [457148a9-726e-4dee-b9dd-7b4b55ffa2f6@group-8474C413378F-LeaderElection6] INFO  server.RaftServer$Division (RaftServerImpl.java:setRole(321)) - 457148a9-726e-4dee-b9dd-7b4b55ffa2f6@group-8474C413378F: changes role from CANDIDATE to FOLLOWER at term 0 for REJECTED
2023-04-19 02:33:46,762 [457148a9-726e-4dee-b9dd-7b4b55ffa2f6@group-8474C413378F-LeaderElection6] INFO  impl.RoleInfo (RoleInfo.java:shutdownLeaderElection(130)) - 457148a9-726e-4dee-b9dd-7b4b55ffa2f6: shutdown 457148a9-726e-4dee-b9dd-7b4b55ffa2f6@group-8474C413378F-LeaderElection6
2023-04-19 02:33:46,762 [457148a9-726e-4dee-b9dd-7b4b55ffa2f6@group-8474C413378F-LeaderElection6] INFO  impl.RoleInfo (RoleInfo.java:updateAndGet(139)) - 457148a9-726e-4dee-b9dd-7b4b55ffa2f6: start 457148a9-726e-4dee-b9dd-7b4b55ffa2f6@group-8474C413378F-FollowerState
2023-04-19 02:33:46,763 [457148a9-726e-4dee-b9dd-7b4b55ffa2f6@group-8474C413378F-FollowerState] INFO  server.RaftServerConfigKeys (ConfUtils.java:logFallback(53)) - raft.server.rpc.first-election.timeout.min = 5s (fallback to raft.server.rpc.timeout.min)
2023-04-19 02:33:46,764 [457148a9-726e-4dee-b9dd-7b4b55ffa2f6@group-8474C413378F-FollowerState] INFO  server.RaftServerConfigKeys (ConfUtils.java:logFallback(53)) - raft.server.rpc.first-election.timeout.max = 5200ms (fallback to raft.server.rpc.timeout.max)
2023-04-19 02:33:46,765 [BlockDeletingService#2] INFO  interfaces.ContainerDeletionChoosingPolicyTemplate (ContainerDeletionChoosingPolicyTemplate.java:chooseContainerForBlockDeletion(83)) - Chosen 0/5000 blocks from 0 candidate containers.
2023-04-19 02:33:46,805 [SCMBlockDeletingService#0] DEBUG block.SCMBlockDeletingService (SCMBlockDeletingService.java:shouldRun(251)) - Check scm block delete run: false serviceStatus: PAUSING safemodeExitRunDelayMillis: 3000 alreadyWaitTimeInMillis: 1681871626805
2023-04-19 02:33:46,808 [BlockDeletingService#2] INFO  interfaces.ContainerDeletionChoosingPolicyTemplate (ContainerDeletionChoosingPolicyTemplate.java:chooseContainerForBlockDeletion(83)) - Chosen 0/5000 blocks from 0 candidate containers.
2023-04-19 02:33:46,846 [BlockDeletingService#2] INFO  interfaces.ContainerDeletionChoosingPolicyTemplate (ContainerDeletionChoosingPolicyTemplate.java:chooseContainerForBlockDeletion(83)) - Chosen 0/5000 blocks from 0 candidate containers.
2023-04-19 02:33:46,865 [BlockDeletingService#2] INFO  interfaces.ContainerDeletionChoosingPolicyTemplate (ContainerDeletionChoosingPolicyTemplate.java:chooseContainerForBlockDeletion(83)) - Chosen 0/5000 blocks from 0 candidate containers.
2023-04-19 02:33:46,905 [2fc7e044-034b-4d4d-85e4-65e0422d519b@group-8474C413378F-FollowerState] INFO  server.RaftServerConfigKeys (ConfUtils.java:logFallback(53)) - raft.server.rpc.first-election.timeout.min = 5s (fallback to raft.server.rpc.timeout.min)
2023-04-19 02:33:46,905 [2fc7e044-034b-4d4d-85e4-65e0422d519b@group-8474C413378F-FollowerState] INFO  server.RaftServerConfigKeys (ConfUtils.java:logFallback(53)) - raft.server.rpc.first-election.timeout.max = 5200ms (fallback to raft.server.rpc.timeout.max)
2023-04-19 02:33:46,905 [SCMBlockDeletingService#0] DEBUG block.SCMBlockDeletingService (SCMBlockDeletingService.java:shouldRun(251)) - Check scm block delete run: false serviceStatus: PAUSING safemodeExitRunDelayMillis: 3000 alreadyWaitTimeInMillis: 1681871626905
2023-04-19 02:33:46,908 [BlockDeletingService#2] INFO  interfaces.ContainerDeletionChoosingPolicyTemplate (ContainerDeletionChoosingPolicyTemplate.java:chooseContainerForBlockDeletion(83)) - Chosen 0/5000 blocks from 0 candidate containers.
2023-04-19 02:33:46,937 [a2f76bd1-2c73-4f6b-ae37-53a5930131fe@group-8474C413378F-FollowerState] INFO  impl.FollowerState (FollowerState.java:run(143)) - a2f76bd1-2c73-4f6b-ae37-53a5930131fe@group-8474C413378F-FollowerState: change to CANDIDATE, lastRpcElapsedTime:5143233557ns, electionTimeout:5139ms
2023-04-19 02:33:46,937 [a2f76bd1-2c73-4f6b-ae37-53a5930131fe@group-8474C413378F-FollowerState] INFO  impl.RoleInfo (RoleInfo.java:shutdownFollowerState(110)) - a2f76bd1-2c73-4f6b-ae37-53a5930131fe: shutdown a2f76bd1-2c73-4f6b-ae37-53a5930131fe@group-8474C413378F-FollowerState
2023-04-19 02:33:46,937 [a2f76bd1-2c73-4f6b-ae37-53a5930131fe@group-8474C413378F-FollowerState] INFO  server.RaftServer$Division (RaftServerImpl.java:setRole(321)) - a2f76bd1-2c73-4f6b-ae37-53a5930131fe@group-8474C413378F: changes role from  FOLLOWER to CANDIDATE at term 0 for changeToCandidate
2023-04-19 02:33:46,937 [a2f76bd1-2c73-4f6b-ae37-53a5930131fe@group-8474C413378F-FollowerState] INFO  server.RaftServerConfigKeys (ConfUtils.java:logGet(46)) - raft.server.leaderelection.pre-vote = true (default)
2023-04-19 02:33:46,937 [a2f76bd1-2c73-4f6b-ae37-53a5930131fe@group-8474C413378F-FollowerState] INFO  impl.RoleInfo (RoleInfo.java:updateAndGet(139)) - a2f76bd1-2c73-4f6b-ae37-53a5930131fe: start a2f76bd1-2c73-4f6b-ae37-53a5930131fe@group-8474C413378F-LeaderElection7
2023-04-19 02:33:46,945 [a2f76bd1-2c73-4f6b-ae37-53a5930131fe@group-8474C413378F-LeaderElection7] INFO  impl.LeaderElection (LeaderElection.java:askForVotes(312)) - a2f76bd1-2c73-4f6b-ae37-53a5930131fe@group-8474C413378F-LeaderElection7 PRE_VOTE round 0: submit vote requests at term 0 for -1: peers:[a2f76bd1-2c73-4f6b-ae37-53a5930131fe|rpc:10.1.164.0:34109|dataStream:10.1.164.0:36907|priority:1|startupRole:FOLLOWER, 2fc7e044-034b-4d4d-85e4-65e0422d519b|rpc:10.1.164.0:42467|dataStream:10.1.164.0:34951|priority:0|startupRole:FOLLOWER, 457148a9-726e-4dee-b9dd-7b4b55ffa2f6|rpc:10.1.164.0:41073|dataStream:10.1.164.0:34975|priority:0|startupRole:FOLLOWER]|listeners:[], old=null
2023-04-19 02:33:46,946 [a2f76bd1-2c73-4f6b-ae37-53a5930131fe@group-8474C413378F-LeaderElection7-1] INFO  server.GrpcServerProtocolClient (GrpcServerProtocolClient.java:<init>(63)) - Build channel for 2fc7e044-034b-4d4d-85e4-65e0422d519b
2023-04-19 02:33:46,946 [BlockDeletingService#2] INFO  interfaces.ContainerDeletionChoosingPolicyTemplate (ContainerDeletionChoosingPolicyTemplate.java:chooseContainerForBlockDeletion(83)) - Chosen 0/5000 blocks from 0 candidate containers.
2023-04-19 02:33:46,959 [a2f76bd1-2c73-4f6b-ae37-53a5930131fe@group-8474C413378F-LeaderElection7] INFO  server.RaftServerConfigKeys (ConfUtils.java:logFallback(53)) - raft.server.rpc.first-election.timeout.min = 5s (fallback to raft.server.rpc.timeout.min)
2023-04-19 02:33:46,959 [a2f76bd1-2c73-4f6b-ae37-53a5930131fe@group-8474C413378F-LeaderElection7] INFO  server.RaftServerConfigKeys (ConfUtils.java:logFallback(53)) - raft.server.rpc.first-election.timeout.max = 5200ms (fallback to raft.server.rpc.timeout.max)
2023-04-19 02:33:46,961 [a2f76bd1-2c73-4f6b-ae37-53a5930131fe@group-8474C413378F-LeaderElection7-2] INFO  server.GrpcServerProtocolClient (GrpcServerProtocolClient.java:<init>(63)) - Build channel for 457148a9-726e-4dee-b9dd-7b4b55ffa2f6
2023-04-19 02:33:46,965 [BlockDeletingService#2] INFO  interfaces.ContainerDeletionChoosingPolicyTemplate (ContainerDeletionChoosingPolicyTemplate.java:chooseContainerForBlockDeletion(83)) - Chosen 0/5000 blocks from 0 candidate containers.
2023-04-19 02:33:46,992 [grpc-default-executor-0] INFO  server.RaftServer$Division (RaftServerImpl.java:requestVote(1218)) - 2fc7e044-034b-4d4d-85e4-65e0422d519b@group-8474C413378F: receive requestVote(PRE_VOTE, a2f76bd1-2c73-4f6b-ae37-53a5930131fe, group-8474C413378F, 0, (t:0, i:0))
2023-04-19 02:33:46,992 [grpc-default-executor-0] INFO  impl.VoteContext (VoteContext.java:log(49)) - 2fc7e044-034b-4d4d-85e4-65e0422d519b@group-8474C413378F-FOLLOWER: accept PRE_VOTE from a2f76bd1-2c73-4f6b-ae37-53a5930131fe: our priority 0 <= candidate's priority 1
2023-04-19 02:33:46,993 [grpc-default-executor-0] INFO  server.RaftServer$Division (RaftServerImpl.java:requestVote(1251)) - 2fc7e044-034b-4d4d-85e4-65e0422d519b@group-8474C413378F replies to PRE_VOTE vote request: a2f76bd1-2c73-4f6b-ae37-53a5930131fe<-2fc7e044-034b-4d4d-85e4-65e0422d519b#0:OK-t0. Peer's state: 2fc7e044-034b-4d4d-85e4-65e0422d519b@group-8474C413378F:t0, leader=null, voted=, raftlog=Memoized:2fc7e044-034b-4d4d-85e4-65e0422d519b@group-8474C413378F-SegmentedRaftLog:OPENED:c-1, conf=-1: peers:[a2f76bd1-2c73-4f6b-ae37-53a5930131fe|rpc:10.1.164.0:34109|dataStream:10.1.164.0:36907|priority:1|startupRole:FOLLOWER, 2fc7e044-034b-4d4d-85e4-65e0422d519b|rpc:10.1.164.0:42467|dataStream:10.1.164.0:34951|priority:0|startupRole:FOLLOWER, 457148a9-726e-4dee-b9dd-7b4b55ffa2f6|rpc:10.1.164.0:41073|dataStream:10.1.164.0:34975|priority:0|startupRole:FOLLOWER]|listeners:[], old=null
2023-04-19 02:33:46,994 [a2f76bd1-2c73-4f6b-ae37-53a5930131fe@group-8474C413378F-LeaderElection7] INFO  impl.LeaderElection (LeaderElection.java:logAndReturn(90)) - a2f76bd1-2c73-4f6b-ae37-53a5930131fe@group-8474C413378F-LeaderElection7: PRE_VOTE PASSED received 1 response(s) and 0 exception(s):
2023-04-19 02:33:46,994 [a2f76bd1-2c73-4f6b-ae37-53a5930131fe@group-8474C413378F-LeaderElection7] INFO  impl.LeaderElection (LeaderElection.java:logAndReturn(94)) -   Response 0: a2f76bd1-2c73-4f6b-ae37-53a5930131fe<-2fc7e044-034b-4d4d-85e4-65e0422d519b#0:OK-t0
2023-04-19 02:33:46,994 [a2f76bd1-2c73-4f6b-ae37-53a5930131fe@group-8474C413378F-LeaderElection7] INFO  impl.LeaderElection (LeaderElection.java:askForVotes(314)) - a2f76bd1-2c73-4f6b-ae37-53a5930131fe@group-8474C413378F-LeaderElection7 PRE_VOTE round 0: result PASSED
2023-04-19 02:33:46,994 [grpc-default-executor-1] INFO  server.RaftServer$Division (RaftServerImpl.java:requestVote(1218)) - 457148a9-726e-4dee-b9dd-7b4b55ffa2f6@group-8474C413378F: receive requestVote(PRE_VOTE, a2f76bd1-2c73-4f6b-ae37-53a5930131fe, group-8474C413378F, 0, (t:0, i:0))
2023-04-19 02:33:46,995 [grpc-default-executor-1] INFO  impl.VoteContext (VoteContext.java:log(49)) - 457148a9-726e-4dee-b9dd-7b4b55ffa2f6@group-8474C413378F-FOLLOWER: accept PRE_VOTE from a2f76bd1-2c73-4f6b-ae37-53a5930131fe: our priority 0 <= candidate's priority 1
2023-04-19 02:33:46,995 [grpc-default-executor-1] INFO  server.RaftServer$Division (RaftServerImpl.java:requestVote(1251)) - 457148a9-726e-4dee-b9dd-7b4b55ffa2f6@group-8474C413378F replies to PRE_VOTE vote request: a2f76bd1-2c73-4f6b-ae37-53a5930131fe<-457148a9-726e-4dee-b9dd-7b4b55ffa2f6#0:OK-t0. Peer's state: 457148a9-726e-4dee-b9dd-7b4b55ffa2f6@group-8474C413378F:t0, leader=null, voted=, raftlog=Memoized:457148a9-726e-4dee-b9dd-7b4b55ffa2f6@group-8474C413378F-SegmentedRaftLog:OPENED:c-1, conf=-1: peers:[a2f76bd1-2c73-4f6b-ae37-53a5930131fe|rpc:10.1.164.0:34109|dataStream:10.1.164.0:36907|priority:1|startupRole:FOLLOWER, 2fc7e044-034b-4d4d-85e4-65e0422d519b|rpc:10.1.164.0:42467|dataStream:10.1.164.0:34951|priority:0|startupRole:FOLLOWER, 457148a9-726e-4dee-b9dd-7b4b55ffa2f6|rpc:10.1.164.0:41073|dataStream:10.1.164.0:34975|priority:0|startupRole:FOLLOWER]|listeners:[], old=null
2023-04-19 02:33:46,996 [a2f76bd1-2c73-4f6b-ae37-53a5930131fe@group-8474C413378F-LeaderElection7] INFO  impl.LeaderElection (LeaderElection.java:askForVotes(312)) - a2f76bd1-2c73-4f6b-ae37-53a5930131fe@group-8474C413378F-LeaderElection7 ELECTION round 0: submit vote requests at term 1 for -1: peers:[a2f76bd1-2c73-4f6b-ae37-53a5930131fe|rpc:10.1.164.0:34109|dataStream:10.1.164.0:36907|priority:1|startupRole:FOLLOWER, 2fc7e044-034b-4d4d-85e4-65e0422d519b|rpc:10.1.164.0:42467|dataStream:10.1.164.0:34951|priority:0|startupRole:FOLLOWER, 457148a9-726e-4dee-b9dd-7b4b55ffa2f6|rpc:10.1.164.0:41073|dataStream:10.1.164.0:34975|priority:0|startupRole:FOLLOWER]|listeners:[], old=null
2023-04-19 02:33:46,999 [a2f76bd1-2c73-4f6b-ae37-53a5930131fe@group-8474C413378F-LeaderElection7] INFO  server.RaftServerConfigKeys (ConfUtils.java:logFallback(53)) - raft.server.rpc.first-election.timeout.min = 5s (fallback to raft.server.rpc.timeout.min)
2023-04-19 02:33:46,999 [a2f76bd1-2c73-4f6b-ae37-53a5930131fe@group-8474C413378F-LeaderElection7] INFO  server.RaftServerConfigKeys (ConfUtils.java:logFallback(53)) - raft.server.rpc.first-election.timeout.max = 5200ms (fallback to raft.server.rpc.timeout.max)
2023-04-19 02:33:47,005 [SCMBlockDeletingService#0] DEBUG block.SCMBlockDeletingService (SCMBlockDeletingService.java:shouldRun(251)) - Check scm block delete run: false serviceStatus: PAUSING safemodeExitRunDelayMillis: 3000 alreadyWaitTimeInMillis: 1681871627005
2023-04-19 02:33:47,008 [grpc-default-executor-1] INFO  server.RaftServer$Division (RaftServerImpl.java:requestVote(1218)) - 2fc7e044-034b-4d4d-85e4-65e0422d519b@group-8474C413378F: receive requestVote(ELECTION, a2f76bd1-2c73-4f6b-ae37-53a5930131fe, group-8474C413378F, 1, (t:0, i:0))
2023-04-19 02:33:47,008 [grpc-default-executor-1] INFO  impl.VoteContext (VoteContext.java:log(49)) - 2fc7e044-034b-4d4d-85e4-65e0422d519b@group-8474C413378F-FOLLOWER: accept ELECTION from a2f76bd1-2c73-4f6b-ae37-53a5930131fe: our priority 0 <= candidate's priority 1
2023-04-19 02:33:47,008 [grpc-default-executor-1] INFO  server.RaftServer$Division (RaftServerImpl.java:setRole(321)) - 2fc7e044-034b-4d4d-85e4-65e0422d519b@group-8474C413378F: changes role from  FOLLOWER to FOLLOWER at term 1 for candidate:a2f76bd1-2c73-4f6b-ae37-53a5930131fe
2023-04-19 02:33:47,008 [grpc-default-executor-1] INFO  impl.RoleInfo (RoleInfo.java:shutdownFollowerState(110)) - 2fc7e044-034b-4d4d-85e4-65e0422d519b: shutdown 2fc7e044-034b-4d4d-85e4-65e0422d519b@group-8474C413378F-FollowerState
2023-04-19 02:33:47,008 [grpc-default-executor-1] INFO  impl.RoleInfo (RoleInfo.java:updateAndGet(139)) - 2fc7e044-034b-4d4d-85e4-65e0422d519b: start 2fc7e044-034b-4d4d-85e4-65e0422d519b@group-8474C413378F-FollowerState
2023-04-19 02:33:47,008 [grpc-default-executor-0] INFO  server.RaftServer$Division (RaftServerImpl.java:requestVote(1218)) - 457148a9-726e-4dee-b9dd-7b4b55ffa2f6@group-8474C413378F: receive requestVote(ELECTION, a2f76bd1-2c73-4f6b-ae37-53a5930131fe, group-8474C413378F, 1, (t:0, i:0))
2023-04-19 02:33:47,008 [grpc-default-executor-0] INFO  impl.VoteContext (VoteContext.java:log(49)) - 457148a9-726e-4dee-b9dd-7b4b55ffa2f6@group-8474C413378F-FOLLOWER: accept ELECTION from a2f76bd1-2c73-4f6b-ae37-53a5930131fe: our priority 0 <= candidate's priority 1
2023-04-19 02:33:47,008 [grpc-default-executor-0] INFO  server.RaftServer$Division (RaftServerImpl.java:setRole(321)) - 457148a9-726e-4dee-b9dd-7b4b55ffa2f6@group-8474C413378F: changes role from  FOLLOWER to FOLLOWER at term 1 for candidate:a2f76bd1-2c73-4f6b-ae37-53a5930131fe
2023-04-19 02:33:47,008 [grpc-default-executor-0] INFO  impl.RoleInfo (RoleInfo.java:shutdownFollowerState(110)) - 457148a9-726e-4dee-b9dd-7b4b55ffa2f6: shutdown 457148a9-726e-4dee-b9dd-7b4b55ffa2f6@group-8474C413378F-FollowerState
2023-04-19 02:33:47,008 [2fc7e044-034b-4d4d-85e4-65e0422d519b@group-8474C413378F-FollowerState] INFO  impl.FollowerState (FollowerState.java:run(152)) - 2fc7e044-034b-4d4d-85e4-65e0422d519b@group-8474C413378F-FollowerState was interrupted
2023-04-19 02:33:47,009 [BlockDeletingService#2] INFO  interfaces.ContainerDeletionChoosingPolicyTemplate (ContainerDeletionChoosingPolicyTemplate.java:chooseContainerForBlockDeletion(83)) - Chosen 0/5000 blocks from 0 candidate containers.
2023-04-19 02:33:47,012 [grpc-default-executor-0] INFO  impl.RoleInfo (RoleInfo.java:updateAndGet(139)) - 457148a9-726e-4dee-b9dd-7b4b55ffa2f6: start 457148a9-726e-4dee-b9dd-7b4b55ffa2f6@group-8474C413378F-FollowerState
2023-04-19 02:33:47,012 [457148a9-726e-4dee-b9dd-7b4b55ffa2f6@group-8474C413378F-FollowerState] INFO  impl.FollowerState (FollowerState.java:run(152)) - 457148a9-726e-4dee-b9dd-7b4b55ffa2f6@group-8474C413378F-FollowerState was interrupted
2023-04-19 02:33:47,013 [grpc-default-executor-1] INFO  server.RaftServer$Division (RaftServerImpl.java:requestVote(1251)) - 2fc7e044-034b-4d4d-85e4-65e0422d519b@group-8474C413378F replies to ELECTION vote request: a2f76bd1-2c73-4f6b-ae37-53a5930131fe<-2fc7e044-034b-4d4d-85e4-65e0422d519b#0:OK-t1. Peer's state: 2fc7e044-034b-4d4d-85e4-65e0422d519b@group-8474C413378F:t1, leader=null, voted=a2f76bd1-2c73-4f6b-ae37-53a5930131fe, raftlog=Memoized:2fc7e044-034b-4d4d-85e4-65e0422d519b@group-8474C413378F-SegmentedRaftLog:OPENED:c-1, conf=-1: peers:[a2f76bd1-2c73-4f6b-ae37-53a5930131fe|rpc:10.1.164.0:34109|dataStream:10.1.164.0:36907|priority:1|startupRole:FOLLOWER, 2fc7e044-034b-4d4d-85e4-65e0422d519b|rpc:10.1.164.0:42467|dataStream:10.1.164.0:34951|priority:0|startupRole:FOLLOWER, 457148a9-726e-4dee-b9dd-7b4b55ffa2f6|rpc:10.1.164.0:41073|dataStream:10.1.164.0:34975|priority:0|startupRole:FOLLOWER]|listeners:[], old=null
2023-04-19 02:33:47,016 [a2f76bd1-2c73-4f6b-ae37-53a5930131fe@group-8474C413378F-LeaderElection7] INFO  impl.LeaderElection (LeaderElection.java:logAndReturn(90)) - a2f76bd1-2c73-4f6b-ae37-53a5930131fe@group-8474C413378F-LeaderElection7: ELECTION PASSED received 1 response(s) and 0 exception(s):
2023-04-19 02:33:47,016 [a2f76bd1-2c73-4f6b-ae37-53a5930131fe@group-8474C413378F-LeaderElection7] INFO  impl.LeaderElection (LeaderElection.java:logAndReturn(94)) -   Response 0: a2f76bd1-2c73-4f6b-ae37-53a5930131fe<-2fc7e044-034b-4d4d-85e4-65e0422d519b#0:OK-t1
2023-04-19 02:33:47,016 [a2f76bd1-2c73-4f6b-ae37-53a5930131fe@group-8474C413378F-LeaderElection7] INFO  impl.LeaderElection (LeaderElection.java:askForVotes(314)) - a2f76bd1-2c73-4f6b-ae37-53a5930131fe@group-8474C413378F-LeaderElection7 ELECTION round 0: result PASSED
2023-04-19 02:33:47,016 [a2f76bd1-2c73-4f6b-ae37-53a5930131fe@group-8474C413378F-LeaderElection7] INFO  impl.RoleInfo (RoleInfo.java:shutdownLeaderElection(130)) - a2f76bd1-2c73-4f6b-ae37-53a5930131fe: shutdown a2f76bd1-2c73-4f6b-ae37-53a5930131fe@group-8474C413378F-LeaderElection7
2023-04-19 02:33:47,016 [a2f76bd1-2c73-4f6b-ae37-53a5930131fe@group-8474C413378F-LeaderElection7] INFO  server.RaftServer$Division (RaftServerImpl.java:setRole(321)) - a2f76bd1-2c73-4f6b-ae37-53a5930131fe@group-8474C413378F: changes role from CANDIDATE to LEADER at term 1 for changeToLeader
2023-04-19 02:33:47,016 [a2f76bd1-2c73-4f6b-ae37-53a5930131fe@group-8474C413378F-LeaderElection7] INFO  ratis.XceiverServerRatis (XceiverServerRatis.java:handleLeaderChangedNotification(904)) - Leader change notification received for group: group-8474C413378F with new leaderId: a2f76bd1-2c73-4f6b-ae37-53a5930131fe
2023-04-19 02:33:47,016 [a2f76bd1-2c73-4f6b-ae37-53a5930131fe@group-8474C413378F-LeaderElection7] INFO  server.RaftServer$Division (ServerState.java:setLeader(313)) - a2f76bd1-2c73-4f6b-ae37-53a5930131fe@group-8474C413378F: change Leader from null to a2f76bd1-2c73-4f6b-ae37-53a5930131fe at term 1 for becomeLeader, leader elected after 5237ms
2023-04-19 02:33:47,016 [a2f76bd1-2c73-4f6b-ae37-53a5930131fe@group-8474C413378F-LeaderElection7] INFO  server.RaftServerConfigKeys (ConfUtils.java:logGet(46)) - raft.server.staging.catchup.gap = 1000 (default)
2023-04-19 02:33:47,017 [EventQueue-PipelineReportForPipelineReportHandler] INFO  pipeline.PipelineManagerImpl (PipelineManagerImpl.java:openPipeline(367)) - Pipeline Pipeline[ Id: 6c88f487-c9ba-46ea-aed9-8474c413378f, Nodes: 2fc7e044-034b-4d4d-85e4-65e0422d519b(fv-az127-56.h3uyzbqov44edfyrgkjongjtha.bx.internal.cloudapp.net/10.1.164.0)a2f76bd1-2c73-4f6b-ae37-53a5930131fe(fv-az127-56.h3uyzbqov44edfyrgkjongjtha.bx.internal.cloudapp.net/10.1.164.0)457148a9-726e-4dee-b9dd-7b4b55ffa2f6(fv-az127-56.h3uyzbqov44edfyrgkjongjtha.bx.internal.cloudapp.net/10.1.164.0), ReplicationConfig: RATIS/THREE, State:ALLOCATED, leaderId:a2f76bd1-2c73-4f6b-ae37-53a5930131fe, CreationTimestamp2023-04-19T02:33:39.477Z[Etc/UTC]] moved to OPEN state
2023-04-19 02:33:47,023 [457148a9-726e-4dee-b9dd-7b4b55ffa2f6@group-8474C413378F-FollowerState] INFO  server.RaftServerConfigKeys (ConfUtils.java:logFallback(53)) - raft.server.rpc.first-election.timeout.min = 5s (fallback to raft.server.rpc.timeout.min)
2023-04-19 02:33:47,018 [2fc7e044-034b-4d4d-85e4-65e0422d519b@group-8474C413378F-FollowerState] INFO  server.RaftServerConfigKeys (ConfUtils.java:logFallback(53)) - raft.server.rpc.first-election.timeout.min = 5s (fallback to raft.server.rpc.timeout.min)
2023-04-19 02:33:47,024 [2fc7e044-034b-4d4d-85e4-65e0422d519b@group-8474C413378F-FollowerState] INFO  server.RaftServerConfigKeys (ConfUtils.java:logFallback(53)) - raft.server.rpc.first-election.timeout.max = 5200ms (fallback to raft.server.rpc.timeout.max)
2023-04-19 02:33:47,018 [grpc-default-executor-0] INFO  server.RaftServer$Division (RaftServerImpl.java:requestVote(1251)) - 457148a9-726e-4dee-b9dd-7b4b55ffa2f6@group-8474C413378F replies to ELECTION vote request: a2f76bd1-2c73-4f6b-ae37-53a5930131fe<-457148a9-726e-4dee-b9dd-7b4b55ffa2f6#0:OK-t1. Peer's state: 457148a9-726e-4dee-b9dd-7b4b55ffa2f6@group-8474C413378F:t1, leader=null, voted=a2f76bd1-2c73-4f6b-ae37-53a5930131fe, raftlog=Memoized:457148a9-726e-4dee-b9dd-7b4b55ffa2f6@group-8474C413378F-SegmentedRaftLog:OPENED:c-1, conf=-1: peers:[a2f76bd1-2c73-4f6b-ae37-53a5930131fe|rpc:10.1.164.0:34109|dataStream:10.1.164.0:36907|priority:1|startupRole:FOLLOWER, 2fc7e044-034b-4d4d-85e4-65e0422d519b|rpc:10.1.164.0:42467|dataStream:10.1.164.0:34951|priority:0|startupRole:FOLLOWER, 457148a9-726e-4dee-b9dd-7b4b55ffa2f6|rpc:10.1.164.0:41073|dataStream:10.1.164.0:34975|priority:0|startupRole:FOLLOWER]|listeners:[], old=null
2023-04-19 02:33:47,017 [a2f76bd1-2c73-4f6b-ae37-53a5930131fe@group-8474C413378F-LeaderElection7] INFO  server.RaftServerConfigKeys (ConfUtils.java:logGet(46)) - raft.server.write.element-limit = 1024 (custom)
2023-04-19 02:33:47,025 [a2f76bd1-2c73-4f6b-ae37-53a5930131fe@group-8474C413378F-LeaderElection7] INFO  server.RaftServerConfigKeys (ConfUtils.java:logGet(46)) - raft.server.write.byte-limit = 1024 M (=1073741824) (custom)
2023-04-19 02:33:47,025 [a2f76bd1-2c73-4f6b-ae37-53a5930131fe@group-8474C413378F-LeaderElection7] INFO  server.RaftServerConfigKeys (ConfUtils.java:logGet(46)) - raft.server.watch.timeout = 180s (custom)
2023-04-19 02:33:47,025 [a2f76bd1-2c73-4f6b-ae37-53a5930131fe@group-8474C413378F-LeaderElection7] INFO  server.RaftServerConfigKeys (ConfUtils.java:logGet(46)) - raft.server.watch.timeout.denomination = 1s (default)
2023-04-19 02:33:47,025 [a2f76bd1-2c73-4f6b-ae37-53a5930131fe@group-8474C413378F-LeaderElection7] INFO  server.RaftServerConfigKeys (ConfUtils.java:logGet(46)) - raft.server.watch.element-limit = 65536 (default)
2023-04-19 02:33:47,026 [a2f76bd1-2c73-4f6b-ae37-53a5930131fe@group-8474C413378F-LeaderElection7] INFO  server.RaftServerConfigKeys (ConfUtils.java:logGet(46)) - raft.server.write.element-limit = 1024 (custom)
2023-04-19 02:33:47,026 [a2f76bd1-2c73-4f6b-ae37-53a5930131fe@group-8474C413378F-LeaderElection7] INFO  server.RaftServerConfigKeys (ConfUtils.java:logGet(46)) - raft.server.write.follower.gap.ratio.max = -1.0 (default)
2023-04-19 02:33:47,026 [a2f76bd1-2c73-4f6b-ae37-53a5930131fe@group-8474C413378F-LeaderElection7] INFO  server.RaftServerConfigKeys (ConfUtils.java:logGet(46)) - raft.server.log.appender.snapshot.chunk.size.max = 16MB (=16777216) (default)
2023-04-19 02:33:47,026 [a2f76bd1-2c73-4f6b-ae37-53a5930131fe@group-8474C413378F-LeaderElection7] INFO  server.RaftServerConfigKeys (ConfUtils.java:logGet(46)) - raft.server.log.appender.buffer.byte-limit = 33554432 (custom)
2023-04-19 02:33:47,026 [a2f76bd1-2c73-4f6b-ae37-53a5930131fe@group-8474C413378F-LeaderElection7] INFO  server.RaftServerConfigKeys (ConfUtils.java:logGet(46)) - raft.server.log.appender.buffer.element-limit = 1 (custom)
2023-04-19 02:33:47,026 [a2f76bd1-2c73-4f6b-ae37-53a5930131fe@group-8474C413378F-LeaderElection7] INFO  grpc.GrpcConfigKeys (ConfUtils.java:logGet(46)) - raft.grpc.server.leader.outstanding.appends.max = 128 (default)
2023-04-19 02:33:47,026 [a2f76bd1-2c73-4f6b-ae37-53a5930131fe@group-8474C413378F-LeaderElection7] INFO  server.RaftServerConfigKeys (ConfUtils.java:logGet(46)) - raft.server.rpc.request.timeout = 60s (custom)
2023-04-19 02:33:47,026 [a2f76bd1-2c73-4f6b-ae37-53a5930131fe@group-8474C413378F-LeaderElection7] INFO  server.RaftServerConfigKeys (ConfUtils.java:logGet(46)) - raft.server.log.appender.install.snapshot.enabled = false (custom)
2023-04-19 02:33:47,026 [a2f76bd1-2c73-4f6b-ae37-53a5930131fe@group-8474C413378F-LeaderElection7] INFO  grpc.GrpcConfigKeys (ConfUtils.java:logGet(46)) - raft.grpc.server.heartbeat.channel = true (default)
2023-04-19 02:33:47,026 [a2f76bd1-2c73-4f6b-ae37-53a5930131fe@group-8474C413378F-LeaderElection7] INFO  server.RaftServerConfigKeys (ConfUtils.java:logGet(46)) - raft.server.log.appender.wait-time.min = 10ms (default)
2023-04-19 02:33:47,027 [a2f76bd1-2c73-4f6b-ae37-53a5930131fe@group-8474C413378F-LeaderElection7] INFO  server.RaftServerConfigKeys (ConfUtils.java:logGet(46)) - raft.server.log.appender.snapshot.chunk.size.max = 16MB (=16777216) (default)
2023-04-19 02:33:47,027 [a2f76bd1-2c73-4f6b-ae37-53a5930131fe@group-8474C413378F-LeaderElection7] INFO  server.RaftServerConfigKeys (ConfUtils.java:logGet(46)) - raft.server.log.appender.buffer.byte-limit = 33554432 (custom)
2023-04-19 02:33:47,027 [a2f76bd1-2c73-4f6b-ae37-53a5930131fe@group-8474C413378F-LeaderElection7] INFO  server.RaftServerConfigKeys (ConfUtils.java:logGet(46)) - raft.server.log.appender.buffer.element-limit = 1 (custom)
2023-04-19 02:33:47,027 [a2f76bd1-2c73-4f6b-ae37-53a5930131fe@group-8474C413378F-LeaderElection7] INFO  grpc.GrpcConfigKeys (ConfUtils.java:logGet(46)) - raft.grpc.server.leader.outstanding.appends.max = 128 (default)
2023-04-19 02:33:47,027 [a2f76bd1-2c73-4f6b-ae37-53a5930131fe@group-8474C413378F-LeaderElection7] INFO  server.RaftServerConfigKeys (ConfUtils.java:logGet(46)) - raft.server.rpc.request.timeout = 60s (custom)
2023-04-19 02:33:47,027 [a2f76bd1-2c73-4f6b-ae37-53a5930131fe@group-8474C413378F-LeaderElection7] INFO  server.RaftServerConfigKeys (ConfUtils.java:logGet(46)) - raft.server.log.appender.install.snapshot.enabled = false (custom)
2023-04-19 02:33:47,027 [a2f76bd1-2c73-4f6b-ae37-53a5930131fe@group-8474C413378F-LeaderElection7] INFO  grpc.GrpcConfigKeys (ConfUtils.java:logGet(46)) - raft.grpc.server.heartbeat.channel = true (default)
2023-04-19 02:33:47,027 [a2f76bd1-2c73-4f6b-ae37-53a5930131fe@group-8474C413378F-LeaderElection7] INFO  server.RaftServerConfigKeys (ConfUtils.java:logGet(46)) - raft.server.log.appender.wait-time.min = 10ms (default)
2023-04-19 02:33:47,027 [a2f76bd1-2c73-4f6b-ae37-53a5930131fe@group-8474C413378F-LeaderElection7] INFO  impl.RoleInfo (RoleInfo.java:updateAndGet(139)) - a2f76bd1-2c73-4f6b-ae37-53a5930131fe: start a2f76bd1-2c73-4f6b-ae37-53a5930131fe@group-8474C413378F-LeaderStateImpl
2023-04-19 02:33:47,028 [a2f76bd1-2c73-4f6b-ae37-53a5930131fe@group-8474C413378F-LeaderElection7] INFO  segmented.SegmentedRaftLogWorker (SegmentedRaftLogWorker.java:startLogSegment(452)) - a2f76bd1-2c73-4f6b-ae37-53a5930131fe@group-8474C413378F-SegmentedRaftLogWorker: Starting segment from index:0
2023-04-19 02:33:47,023 [457148a9-726e-4dee-b9dd-7b4b55ffa2f6@group-8474C413378F-FollowerState] INFO  server.RaftServerConfigKeys (ConfUtils.java:logFallback(53)) - raft.server.rpc.first-election.timeout.max = 5200ms (fallback to raft.server.rpc.timeout.max)
2023-04-19 02:33:47,030 [a2f76bd1-2c73-4f6b-ae37-53a5930131fe@group-8474C413378F-SegmentedRaftLogWorker] INFO  segmented.SegmentedRaftLogWorker (SegmentedRaftLogWorker.java:execute(656)) - a2f76bd1-2c73-4f6b-ae37-53a5930131fe@group-8474C413378F-SegmentedRaftLogWorker: created new log segment /home/runner/work/ozone/ozone/hadoop-ozone/integration-test/target/test-dir/MiniOzoneClusterImpl-fac7741a-db88-4542-9ed6-27af914485a4/datanode-2/data/ratis/6c88f487-c9ba-46ea-aed9-8474c413378f/current/log_inprogress_0
2023-04-19 02:33:47,050 [a2f76bd1-2c73-4f6b-ae37-53a5930131fe@group-8474C413378F-LeaderElection7] INFO  server.RaftServer$Division (ServerState.java:setRaftConf(430)) - a2f76bd1-2c73-4f6b-ae37-53a5930131fe@group-8474C413378F: set configuration 0: peers:[a2f76bd1-2c73-4f6b-ae37-53a5930131fe|rpc:10.1.164.0:34109|dataStream:10.1.164.0:36907|priority:1|startupRole:FOLLOWER, 2fc7e044-034b-4d4d-85e4-65e0422d519b|rpc:10.1.164.0:42467|dataStream:10.1.164.0:34951|priority:0|startupRole:FOLLOWER, 457148a9-726e-4dee-b9dd-7b4b55ffa2f6|rpc:10.1.164.0:41073|dataStream:10.1.164.0:34975|priority:0|startupRole:FOLLOWER]|listeners:[], old=null
2023-04-19 02:33:47,060 [BlockDeletingService#2] INFO  interfaces.ContainerDeletionChoosingPolicyTemplate (ContainerDeletionChoosingPolicyTemplate.java:chooseContainerForBlockDeletion(83)) - Chosen 0/5000 blocks from 0 candidate containers.
2023-04-19 02:33:47,060 [2fc7e044-034b-4d4d-85e4-65e0422d519b-server-thread1] INFO  ratis.XceiverServerRatis (XceiverServerRatis.java:handleLeaderChangedNotification(904)) - Leader change notification received for group: group-8474C413378F with new leaderId: a2f76bd1-2c73-4f6b-ae37-53a5930131fe
2023-04-19 02:33:47,067 [2fc7e044-034b-4d4d-85e4-65e0422d519b-server-thread1] INFO  server.RaftServer$Division (ServerState.java:setLeader(313)) - 2fc7e044-034b-4d4d-85e4-65e0422d519b@group-8474C413378F: change Leader from null to a2f76bd1-2c73-4f6b-ae37-53a5930131fe at term 1 for appendEntries, leader elected after 5318ms
2023-04-19 02:33:47,066 [457148a9-726e-4dee-b9dd-7b4b55ffa2f6-server-thread1] INFO  ratis.XceiverServerRatis (XceiverServerRatis.java:handleLeaderChangedNotification(904)) - Leader change notification received for group: group-8474C413378F with new leaderId: a2f76bd1-2c73-4f6b-ae37-53a5930131fe
2023-04-19 02:33:47,066 [BlockDeletingService#2] INFO  interfaces.ContainerDeletionChoosingPolicyTemplate (ContainerDeletionChoosingPolicyTemplate.java:chooseContainerForBlockDeletion(83)) - Chosen 0/5000 blocks from 0 candidate containers.
2023-04-19 02:33:47,060 [EventQueue-OpenPipelineForHealthyPipelineSafeModeRule] INFO  safemode.SCMSafeModeManager (HealthyPipelineSafeModeRule.java:process(137)) - SCM in safe mode. Healthy pipelines reported count is 1, required healthy pipeline reported count is 1
2023-04-19 02:33:47,069 [EventQueue-OpenPipelineForHealthyPipelineSafeModeRule] INFO  safemode.SCMSafeModeManager (SCMSafeModeManager.java:validateSafeModeExitRules(200)) - HealthyPipelineSafeModeRule rule is successfully validated
2023-04-19 02:33:47,069 [EventQueue-OpenPipelineForHealthyPipelineSafeModeRule] INFO  safemode.SCMSafeModeManager (SCMSafeModeManager.java:validateSafeModeExitRules(215)) - ScmSafeModeManager, all rules are successfully validated
2023-04-19 02:33:47,069 [EventQueue-OpenPipelineForHealthyPipelineSafeModeRule] INFO  safemode.SCMSafeModeManager (SCMSafeModeManager.java:exitSafeMode(244)) - SCM exiting safe mode.
2023-04-19 02:33:47,069 [EventQueue-OpenPipelineForHealthyPipelineSafeModeRule] INFO  ha.SCMContext (SCMContext.java:updateSafeModeStatus(228)) - Update SafeModeStatus from SafeModeStatus{safeModeStatus=true, preCheckPassed=true} to SafeModeStatus{safeModeStatus=false, preCheckPassed=true}.
2023-04-19 02:33:47,069 [EventQueue-OpenPipelineForHealthyPipelineSafeModeRule] INFO  pipeline.BackgroundPipelineCreator (BackgroundPipelineCreator.java:notifyStatusChanged(254)) - Service BackgroundPipelineCreator transitions to RUNNING.
2023-04-19 02:33:47,069 [EventQueue-OpenPipelineForHealthyPipelineSafeModeRule] INFO  BackgroundPipelineScrubber (BackgroundSCMService.java:notifyStatusChanged(82)) - Service BackgroundPipelineScrubber transitions to RUNNING.
2023-04-19 02:33:47,069 [EventQueue-OpenPipelineForHealthyPipelineSafeModeRule] INFO  ExpiredContainerReplicaOpScrubber (BackgroundSCMService.java:notifyStatusChanged(82)) - Service ExpiredContainerReplicaOpScrubber transitions to RUNNING.
2023-04-19 02:33:47,069 [EventQueue-OpenPipelineForHealthyPipelineSafeModeRule] INFO  replication.ReplicationManager (ReplicationManager.java:notifyStatusChanged(1371)) - Service ReplicationManager transitions to RUNNING.
2023-04-19 02:33:47,069 [EventQueue-OpenPipelineForHealthyPipelineSafeModeRule] WARN  balancer.ContainerBalancer (ContainerBalancer.java:shouldRun(132)) - Could not find persisted configuration for ContainerBalancer when checking if ContainerBalancer should run. ContainerBalancer should not run now.
2023-04-19 02:33:47,069 [457148a9-726e-4dee-b9dd-7b4b55ffa2f6-server-thread1] INFO  server.RaftServer$Division (ServerState.java:setLeader(313)) - 457148a9-726e-4dee-b9dd-7b4b55ffa2f6@group-8474C413378F: change Leader from null to a2f76bd1-2c73-4f6b-ae37-53a5930131fe at term 1 for appendEntries, leader elected after 5362ms
2023-04-19 02:33:47,080 [2fc7e044-034b-4d4d-85e4-65e0422d519b-server-thread1] INFO  server.RaftServer$Division (ServerState.java:setRaftConf(430)) - 2fc7e044-034b-4d4d-85e4-65e0422d519b@group-8474C413378F: set configuration 0: peers:[a2f76bd1-2c73-4f6b-ae37-53a5930131fe|rpc:10.1.164.0:34109|dataStream:10.1.164.0:36907|priority:1|startupRole:FOLLOWER, 2fc7e044-034b-4d4d-85e4-65e0422d519b|rpc:10.1.164.0:42467|dataStream:10.1.164.0:34951|priority:0|startupRole:FOLLOWER, 457148a9-726e-4dee-b9dd-7b4b55ffa2f6|rpc:10.1.164.0:41073|dataStream:10.1.164.0:34975|priority:0|startupRole:FOLLOWER]|listeners:[], old=null
2023-04-19 02:33:47,080 [457148a9-726e-4dee-b9dd-7b4b55ffa2f6-server-thread1] INFO  server.RaftServer$Division (ServerState.java:setRaftConf(430)) - 457148a9-726e-4dee-b9dd-7b4b55ffa2f6@group-8474C413378F: set configuration 0: peers:[a2f76bd1-2c73-4f6b-ae37-53a5930131fe|rpc:10.1.164.0:34109|dataStream:10.1.164.0:36907|priority:1|startupRole:FOLLOWER, 2fc7e044-034b-4d4d-85e4-65e0422d519b|rpc:10.1.164.0:42467|dataStream:10.1.164.0:34951|priority:0|startupRole:FOLLOWER, 457148a9-726e-4dee-b9dd-7b4b55ffa2f6|rpc:10.1.164.0:41073|dataStream:10.1.164.0:34975|priority:0|startupRole:FOLLOWER]|listeners:[], old=null
2023-04-19 02:33:47,081 [2fc7e044-034b-4d4d-85e4-65e0422d519b-server-thread1] INFO  segmented.SegmentedRaftLogWorker (SegmentedRaftLogWorker.java:startLogSegment(452)) - 2fc7e044-034b-4d4d-85e4-65e0422d519b@group-8474C413378F-SegmentedRaftLogWorker: Starting segment from index:0
2023-04-19 02:33:47,088 [457148a9-726e-4dee-b9dd-7b4b55ffa2f6-server-thread1] INFO  segmented.SegmentedRaftLogWorker (SegmentedRaftLogWorker.java:startLogSegment(452)) - 457148a9-726e-4dee-b9dd-7b4b55ffa2f6@group-8474C413378F-SegmentedRaftLogWorker: Starting segment from index:0
2023-04-19 02:33:47,090 [2fc7e044-034b-4d4d-85e4-65e0422d519b@group-8474C413378F-SegmentedRaftLogWorker] INFO  segmented.SegmentedRaftLogWorker (SegmentedRaftLogWorker.java:execute(656)) - 2fc7e044-034b-4d4d-85e4-65e0422d519b@group-8474C413378F-SegmentedRaftLogWorker: created new log segment /home/runner/work/ozone/ozone/hadoop-ozone/integration-test/target/test-dir/MiniOzoneClusterImpl-fac7741a-db88-4542-9ed6-27af914485a4/datanode-1/data/ratis/6c88f487-c9ba-46ea-aed9-8474c413378f/current/log_inprogress_0
2023-04-19 02:33:47,096 [457148a9-726e-4dee-b9dd-7b4b55ffa2f6@group-8474C413378F-SegmentedRaftLogWorker] INFO  segmented.SegmentedRaftLogWorker (SegmentedRaftLogWorker.java:execute(656)) - 457148a9-726e-4dee-b9dd-7b4b55ffa2f6@group-8474C413378F-SegmentedRaftLogWorker: created new log segment /home/runner/work/ozone/ozone/hadoop-ozone/integration-test/target/test-dir/MiniOzoneClusterImpl-fac7741a-db88-4542-9ed6-27af914485a4/datanode-0/data/ratis/6c88f487-c9ba-46ea-aed9-8474c413378f/current/log_inprogress_0
2023-04-19 02:33:47,109 [BlockDeletingService#2] INFO  interfaces.ContainerDeletionChoosingPolicyTemplate (ContainerDeletionChoosingPolicyTemplate.java:chooseContainerForBlockDeletion(83)) - Chosen 0/5000 blocks from 0 candidate containers.
2023-04-19 02:33:47,110 [SCMBlockDeletingService#0] DEBUG block.SCMBlockDeletingService (SCMBlockDeletingService.java:shouldRun(251)) - Check scm block delete run: false serviceStatus: RUNNING safemodeExitRunDelayMillis: 3000 alreadyWaitTimeInMillis: 41
2023-04-19 02:33:47,160 [BlockDeletingService#2] INFO  interfaces.ContainerDeletionChoosingPolicyTemplate (ContainerDeletionChoosingPolicyTemplate.java:chooseContainerForBlockDeletion(83)) - Chosen 0/5000 blocks from 0 candidate containers.
2023-04-19 02:33:47,169 [BlockDeletingService#2] INFO  interfaces.ContainerDeletionChoosingPolicyTemplate (ContainerDeletionChoosingPolicyTemplate.java:chooseContainerForBlockDeletion(83)) - Chosen 0/5000 blocks from 0 candidate containers.
2023-04-19 02:33:47,209 [BlockDeletingService#2] INFO  interfaces.ContainerDeletionChoosingPolicyTemplate (ContainerDeletionChoosingPolicyTemplate.java:chooseContainerForBlockDeletion(83)) - Chosen 0/5000 blocks from 0 candidate containers.
2023-04-19 02:33:47,210 [SCMBlockDeletingService#0] DEBUG block.SCMBlockDeletingService (SCMBlockDeletingService.java:shouldRun(251)) - Check scm block delete run: false serviceStatus: RUNNING safemodeExitRunDelayMillis: 3000 alreadyWaitTimeInMillis: 141
2023-04-19 02:33:47,260 [BlockDeletingService#2] INFO  interfaces.ContainerDeletionChoosingPolicyTemplate (ContainerDeletionChoosingPolicyTemplate.java:chooseContainerForBlockDeletion(83)) - Chosen 0/5000 blocks from 0 candidate containers.
2023-04-19 02:33:47,269 [BlockDeletingService#2] INFO  interfaces.ContainerDeletionChoosingPolicyTemplate (ContainerDeletionChoosingPolicyTemplate.java:chooseContainerForBlockDeletion(83)) - Chosen 0/5000 blocks from 0 candidate containers.
2023-04-19 02:33:47,309 [BlockDeletingService#2] INFO  interfaces.ContainerDeletionChoosingPolicyTemplate (ContainerDeletionChoosingPolicyTemplate.java:chooseContainerForBlockDeletion(83)) - Chosen 0/5000 blocks from 0 candidate containers.
2023-04-19 02:33:47,310 [SCMBlockDeletingService#0] DEBUG block.SCMBlockDeletingService (SCMBlockDeletingService.java:shouldRun(251)) - Check scm block delete run: false serviceStatus: RUNNING safemodeExitRunDelayMillis: 3000 alreadyWaitTimeInMillis: 241
2023-04-19 02:33:47,360 [BlockDeletingService#2] INFO  interfaces.ContainerDeletionChoosingPolicyTemplate (ContainerDeletionChoosingPolicyTemplate.java:chooseContainerForBlockDeletion(83)) - Chosen 0/5000 blocks from 0 candidate containers.
2023-04-19 02:33:47,369 [BlockDeletingService#2] INFO  interfaces.ContainerDeletionChoosingPolicyTemplate (ContainerDeletionChoosingPolicyTemplate.java:chooseContainerForBlockDeletion(83)) - Chosen 0/5000 blocks from 0 candidate containers.
2023-04-19 02:33:47,409 [BlockDeletingService#2] INFO  interfaces.ContainerDeletionChoosingPolicyTemplate (ContainerDeletionChoosingPolicyTemplate.java:chooseContainerForBlockDeletion(83)) - Chosen 0/5000 blocks from 0 candidate containers.
2023-04-19 02:33:47,410 [SCMBlockDeletingService#0] DEBUG block.SCMBlockDeletingService (SCMBlockDeletingService.java:shouldRun(251)) - Check scm block delete run: false serviceStatus: RUNNING safemodeExitRunDelayMillis: 3000 alreadyWaitTimeInMillis: 341
2023-04-19 02:33:47,461 [BlockDeletingService#2] INFO  interfaces.ContainerDeletionChoosingPolicyTemplate (ContainerDeletionChoosingPolicyTemplate.java:chooseContainerForBlockDeletion(83)) - Chosen 0/5000 blocks from 0 candidate containers.
2023-04-19 02:33:47,469 [BlockDeletingService#2] INFO  interfaces.ContainerDeletionChoosingPolicyTemplate (ContainerDeletionChoosingPolicyTemplate.java:chooseContainerForBlockDeletion(83)) - Chosen 0/5000 blocks from 0 candidate containers.
2023-04-19 02:33:47,479 [Listener at 127.0.0.1/39891] INFO  ozone.MiniOzoneClusterImpl (MiniOzoneClusterImpl.java:lambda$waitForClusterToBeReady$0(222)) - Nodes are ready. Got 3 of 3 DN Heartbeats.
2023-04-19 02:33:47,479 [Listener at 127.0.0.1/39891] INFO  ozone.MiniOzoneClusterImpl (MiniOzoneClusterImpl.java:lambda$waitForClusterToBeReady$0(225)) - Cluster exits safe mode
2023-04-19 02:33:47,479 [Listener at 127.0.0.1/39891] INFO  ozone.MiniOzoneClusterImpl (MiniOzoneClusterImpl.java:lambda$waitForClusterToBeReady$0(227)) - SCM became leader
2023-04-19 02:33:47,509 [BlockDeletingService#2] INFO  interfaces.ContainerDeletionChoosingPolicyTemplate (ContainerDeletionChoosingPolicyTemplate.java:chooseContainerForBlockDeletion(83)) - Chosen 0/5000 blocks from 0 candidate containers.
2023-04-19 02:33:47,510 [SCMBlockDeletingService#0] DEBUG block.SCMBlockDeletingService (SCMBlockDeletingService.java:shouldRun(251)) - Check scm block delete run: false serviceStatus: RUNNING safemodeExitRunDelayMillis: 3000 alreadyWaitTimeInMillis: 441
2023-04-19 02:33:47,561 [BlockDeletingService#2] INFO  interfaces.ContainerDeletionChoosingPolicyTemplate (ContainerDeletionChoosingPolicyTemplate.java:chooseContainerForBlockDeletion(83)) - Chosen 0/5000 blocks from 0 candidate containers.
2023-04-19 02:33:47,570 [BlockDeletingService#2] INFO  interfaces.ContainerDeletionChoosingPolicyTemplate (ContainerDeletionChoosingPolicyTemplate.java:chooseContainerForBlockDeletion(83)) - Chosen 0/5000 blocks from 0 candidate containers.
2023-04-19 02:33:47,610 [BlockDeletingService#2] INFO  interfaces.ContainerDeletionChoosingPolicyTemplate (ContainerDeletionChoosingPolicyTemplate.java:chooseContainerForBlockDeletion(83)) - Chosen 0/5000 blocks from 0 candidate containers.
2023-04-19 02:33:47,610 [SCMBlockDeletingService#0] DEBUG block.SCMBlockDeletingService (SCMBlockDeletingService.java:shouldRun(251)) - Check scm block delete run: false serviceStatus: RUNNING safemodeExitRunDelayMillis: 3000 alreadyWaitTimeInMillis: 541
2023-04-19 02:33:47,661 [BlockDeletingService#2] INFO  interfaces.ContainerDeletionChoosingPolicyTemplate (ContainerDeletionChoosingPolicyTemplate.java:chooseContainerForBlockDeletion(83)) - Chosen 0/5000 blocks from 0 candidate containers.
2023-04-19 02:33:47,670 [BlockDeletingService#2] INFO  interfaces.ContainerDeletionChoosingPolicyTemplate (ContainerDeletionChoosingPolicyTemplate.java:chooseContainerForBlockDeletion(83)) - Chosen 0/5000 blocks from 0 candidate containers.
2023-04-19 02:33:47,684 [Listener at 127.0.0.1/39891] INFO  rpc.RpcClient (RpcClient.java:createVolume(476)) - Creating Volume: e79fd6ac-f6b9-4b2a-97d1-035bdc841768, with runner as owner and space quota set to -1 bytes, counts quota set to -1
2023-04-19 02:33:47,693 [OM StateMachine ApplyTransaction Thread - 0] INFO  volume.OMVolumeCreateRequest (OMVolumeCreateRequest.java:validateAndUpdateCache(195)) - created volume:e79fd6ac-f6b9-4b2a-97d1-035bdc841768 for user:runner
2023-04-19 02:33:47,700 [Listener at 127.0.0.1/39891] INFO  rpc.RpcClient (RpcClient.java:createBucket(698)) - Creating Bucket: e79fd6ac-f6b9-4b2a-97d1-035bdc841768/37d8ff3d-ccb9-4ac8-8e4f-aad53aefef65, with server-side default bucket layout, runner as owner, Versioning false, Storage Type set to DISK and Encryption set to false, Replication Type set to server-side default replication type, Namespace Quota set to -1, Space Quota set to -1 
2023-04-19 02:33:47,703 [OM StateMachine ApplyTransaction Thread - 0] INFO  bucket.OMBucketCreateRequest (OMBucketCreateRequest.java:validateAndUpdateCache(269)) - created bucket: 37d8ff3d-ccb9-4ac8-8e4f-aad53aefef65 of layout FILE_SYSTEM_OPTIMIZED in volume: e79fd6ac-f6b9-4b2a-97d1-035bdc841768
2023-04-19 02:33:47,710 [BlockDeletingService#2] INFO  interfaces.ContainerDeletionChoosingPolicyTemplate (ContainerDeletionChoosingPolicyTemplate.java:chooseContainerForBlockDeletion(83)) - Chosen 0/5000 blocks from 0 candidate containers.
2023-04-19 02:33:47,710 [SCMBlockDeletingService#0] DEBUG block.SCMBlockDeletingService (SCMBlockDeletingService.java:shouldRun(251)) - Check scm block delete run: false serviceStatus: RUNNING safemodeExitRunDelayMillis: 3000 alreadyWaitTimeInMillis: 641
2023-04-19 02:33:47,729 [IPC Server handler 1 on default port 38111] INFO  pipeline.PipelineStateManagerImpl (PipelineStateManagerImpl.java:addPipeline(103)) - Created pipeline Pipeline[ Id: 31121653-d323-4bbf-a472-97a3278ebfda, Nodes: 457148a9-726e-4dee-b9dd-7b4b55ffa2f6(fv-az127-56.h3uyzbqov44edfyrgkjongjtha.bx.internal.cloudapp.net/10.1.164.0)2fc7e044-034b-4d4d-85e4-65e0422d519b(fv-az127-56.h3uyzbqov44edfyrgkjongjtha.bx.internal.cloudapp.net/10.1.164.0)a2f76bd1-2c73-4f6b-ae37-53a5930131fe(fv-az127-56.h3uyzbqov44edfyrgkjongjtha.bx.internal.cloudapp.net/10.1.164.0), ReplicationConfig: EC{rs-2-1-256k}, State:ALLOCATED, leaderId:, CreationTimestamp2023-04-19T02:33:47.728Z[Etc/UTC]].
2023-04-19 02:33:47,729 [IPC Server handler 1 on default port 38111] INFO  ha.SequenceIdGenerator (SequenceIdGenerator.java:getNextId(128)) - Allocate a batch for containerId, change lastId from 0 to 1000.
2023-04-19 02:33:47,730 [IPC Server handler 1 on default port 38111] INFO  pipeline.PipelineManagerImpl (PipelineManagerImpl.java:openPipeline(367)) - Pipeline Pipeline[ Id: 31121653-d323-4bbf-a472-97a3278ebfda, Nodes: 457148a9-726e-4dee-b9dd-7b4b55ffa2f6(fv-az127-56.h3uyzbqov44edfyrgkjongjtha.bx.internal.cloudapp.net/10.1.164.0)2fc7e044-034b-4d4d-85e4-65e0422d519b(fv-az127-56.h3uyzbqov44edfyrgkjongjtha.bx.internal.cloudapp.net/10.1.164.0)a2f76bd1-2c73-4f6b-ae37-53a5930131fe(fv-az127-56.h3uyzbqov44edfyrgkjongjtha.bx.internal.cloudapp.net/10.1.164.0), ReplicationConfig: EC{rs-2-1-256k}, State:ALLOCATED, leaderId:, CreationTimestamp2023-04-19T02:33:47.728Z[Etc/UTC]] moved to OPEN state
2023-04-19 02:33:47,730 [IPC Server handler 1 on default port 38111] WARN  ha.SequenceIdGenerator (SequenceIdGenerator.java:allocateBatch(237)) - Failed to allocate a batch for localId, expected lastId is 0, actual lastId is 111677748019200000.
2023-04-19 02:33:47,731 [IPC Server handler 1 on default port 38111] INFO  ha.SequenceIdGenerator (SequenceIdGenerator.java:getNextId(128)) - Allocate a batch for localId, change lastId from 111677748019200000 to 111677748019201000.
2023-04-19 02:33:47,761 [BlockDeletingService#2] INFO  interfaces.ContainerDeletionChoosingPolicyTemplate (ContainerDeletionChoosingPolicyTemplate.java:chooseContainerForBlockDeletion(83)) - Chosen 0/5000 blocks from 0 candidate containers.
2023-04-19 02:33:47,770 [BlockDeletingService#2] INFO  interfaces.ContainerDeletionChoosingPolicyTemplate (ContainerDeletionChoosingPolicyTemplate.java:chooseContainerForBlockDeletion(83)) - Chosen 0/5000 blocks from 0 candidate containers.
2023-04-19 02:33:47,785 [Listener at 127.0.0.1/39891] WARN  erasurecode.ErasureCodeNative (ErasureCodeNative.java:<clinit>(55)) - ISA-L support is not available in your platform... using builtin-java codec where applicable
2023-04-19 02:33:47,810 [BlockDeletingService#2] INFO  interfaces.ContainerDeletionChoosingPolicyTemplate (ContainerDeletionChoosingPolicyTemplate.java:chooseContainerForBlockDeletion(83)) - Chosen 0/5000 blocks from 0 candidate containers.
2023-04-19 02:33:47,810 [SCMBlockDeletingService#0] DEBUG block.SCMBlockDeletingService (SCMBlockDeletingService.java:shouldRun(251)) - Check scm block delete run: false serviceStatus: RUNNING safemodeExitRunDelayMillis: 3000 alreadyWaitTimeInMillis: 741
2023-04-19 02:33:47,865 [BlockDeletingService#2] INFO  interfaces.ContainerDeletionChoosingPolicyTemplate (ContainerDeletionChoosingPolicyTemplate.java:chooseContainerForBlockDeletion(83)) - Chosen 0/5000 blocks from 0 candidate containers.
2023-04-19 02:33:47,870 [BlockDeletingService#2] INFO  interfaces.ContainerDeletionChoosingPolicyTemplate (ContainerDeletionChoosingPolicyTemplate.java:chooseContainerForBlockDeletion(83)) - Chosen 0/5000 blocks from 0 candidate containers.
2023-04-19 02:33:47,910 [BlockDeletingService#2] INFO  interfaces.ContainerDeletionChoosingPolicyTemplate (ContainerDeletionChoosingPolicyTemplate.java:chooseContainerForBlockDeletion(83)) - Chosen 0/5000 blocks from 0 candidate containers.
2023-04-19 02:33:47,911 [SCMBlockDeletingService#0] DEBUG block.SCMBlockDeletingService (SCMBlockDeletingService.java:shouldRun(251)) - Check scm block delete run: false serviceStatus: RUNNING safemodeExitRunDelayMillis: 3000 alreadyWaitTimeInMillis: 842
2023-04-19 02:33:47,965 [BlockDeletingService#2] INFO  interfaces.ContainerDeletionChoosingPolicyTemplate (ContainerDeletionChoosingPolicyTemplate.java:chooseContainerForBlockDeletion(83)) - Chosen 0/5000 blocks from 0 candidate containers.
2023-04-19 02:33:47,971 [BlockDeletingService#2] INFO  interfaces.ContainerDeletionChoosingPolicyTemplate (ContainerDeletionChoosingPolicyTemplate.java:chooseContainerForBlockDeletion(83)) - Chosen 0/5000 blocks from 0 candidate containers.
2023-04-19 02:33:48,010 [BlockDeletingService#2] INFO  interfaces.ContainerDeletionChoosingPolicyTemplate (ContainerDeletionChoosingPolicyTemplate.java:chooseContainerForBlockDeletion(83)) - Chosen 0/5000 blocks from 0 candidate containers.
2023-04-19 02:33:48,011 [SCMBlockDeletingService#0] DEBUG block.SCMBlockDeletingService (SCMBlockDeletingService.java:shouldRun(251)) - Check scm block delete run: false serviceStatus: RUNNING safemodeExitRunDelayMillis: 3000 alreadyWaitTimeInMillis: 942
2023-04-19 02:33:48,067 [BlockDeletingService#2] INFO  interfaces.ContainerDeletionChoosingPolicyTemplate (ContainerDeletionChoosingPolicyTemplate.java:chooseContainerForBlockDeletion(83)) - Chosen 0/5000 blocks from 0 candidate containers.
2023-04-19 02:33:48,071 [BlockDeletingService#2] INFO  interfaces.ContainerDeletionChoosingPolicyTemplate (ContainerDeletionChoosingPolicyTemplate.java:chooseContainerForBlockDeletion(83)) - Chosen 0/5000 blocks from 0 candidate containers.
2023-04-19 02:33:48,111 [BlockDeletingService#2] INFO  interfaces.ContainerDeletionChoosingPolicyTemplate (ContainerDeletionChoosingPolicyTemplate.java:chooseContainerForBlockDeletion(83)) - Chosen 0/5000 blocks from 0 candidate containers.
2023-04-19 02:33:48,111 [SCMBlockDeletingService#0] DEBUG block.SCMBlockDeletingService (SCMBlockDeletingService.java:shouldRun(251)) - Check scm block delete run: false serviceStatus: RUNNING safemodeExitRunDelayMillis: 3000 alreadyWaitTimeInMillis: 1042
2023-04-19 02:33:48,167 [BlockDeletingService#2] INFO  interfaces.ContainerDeletionChoosingPolicyTemplate (ContainerDeletionChoosingPolicyTemplate.java:chooseContainerForBlockDeletion(83)) - Chosen 0/5000 blocks from 0 candidate containers.
2023-04-19 02:33:48,171 [BlockDeletingService#2] INFO  interfaces.ContainerDeletionChoosingPolicyTemplate (ContainerDeletionChoosingPolicyTemplate.java:chooseContainerForBlockDeletion(83)) - Chosen 0/5000 blocks from 0 candidate containers.
2023-04-19 02:33:48,212 [BlockDeletingService#2] INFO  interfaces.ContainerDeletionChoosingPolicyTemplate (ContainerDeletionChoosingPolicyTemplate.java:chooseContainerForBlockDeletion(83)) - Chosen 0/5000 blocks from 0 candidate containers.
2023-04-19 02:33:48,212 [SCMBlockDeletingService#0] DEBUG block.SCMBlockDeletingService (SCMBlockDeletingService.java:shouldRun(251)) - Check scm block delete run: false serviceStatus: RUNNING safemodeExitRunDelayMillis: 3000 alreadyWaitTimeInMillis: 1143
2023-04-19 02:33:48,268 [BlockDeletingService#2] INFO  interfaces.ContainerDeletionChoosingPolicyTemplate (ContainerDeletionChoosingPolicyTemplate.java:chooseContainerForBlockDeletion(83)) - Chosen 0/5000 blocks from 0 candidate containers.
2023-04-19 02:33:48,271 [BlockDeletingService#2] INFO  interfaces.ContainerDeletionChoosingPolicyTemplate (ContainerDeletionChoosingPolicyTemplate.java:chooseContainerForBlockDeletion(83)) - Chosen 0/5000 blocks from 0 candidate containers.
2023-04-19 02:33:48,291 [IPC Server handler 2 on default port 38111] INFO  pipeline.PipelineStateManagerImpl (PipelineStateManagerImpl.java:addPipeline(103)) - Created pipeline Pipeline[ Id: c451b338-8c47-48a8-90fa-697db1a608ee, Nodes: 457148a9-726e-4dee-b9dd-7b4b55ffa2f6(fv-az127-56.h3uyzbqov44edfyrgkjongjtha.bx.internal.cloudapp.net/10.1.164.0)2fc7e044-034b-4d4d-85e4-65e0422d519b(fv-az127-56.h3uyzbqov44edfyrgkjongjtha.bx.internal.cloudapp.net/10.1.164.0)a2f76bd1-2c73-4f6b-ae37-53a5930131fe(fv-az127-56.h3uyzbqov44edfyrgkjongjtha.bx.internal.cloudapp.net/10.1.164.0), ReplicationConfig: EC{rs-2-1-256k}, State:ALLOCATED, leaderId:, CreationTimestamp2023-04-19T02:33:48.291Z[Etc/UTC]].
2023-04-19 02:33:48,292 [IPC Server handler 2 on default port 38111] INFO  pipeline.PipelineManagerImpl (PipelineManagerImpl.java:openPipeline(367)) - Pipeline Pipeline[ Id: c451b338-8c47-48a8-90fa-697db1a608ee, Nodes: 457148a9-726e-4dee-b9dd-7b4b55ffa2f6(fv-az127-56.h3uyzbqov44edfyrgkjongjtha.bx.internal.cloudapp.net/10.1.164.0)2fc7e044-034b-4d4d-85e4-65e0422d519b(fv-az127-56.h3uyzbqov44edfyrgkjongjtha.bx.internal.cloudapp.net/10.1.164.0)a2f76bd1-2c73-4f6b-ae37-53a5930131fe(fv-az127-56.h3uyzbqov44edfyrgkjongjtha.bx.internal.cloudapp.net/10.1.164.0), ReplicationConfig: EC{rs-2-1-256k}, State:ALLOCATED, leaderId:, CreationTimestamp2023-04-19T02:33:48.291Z[Etc/UTC]] moved to OPEN state
2023-04-19 02:33:48,312 [BlockDeletingService#2] INFO  interfaces.ContainerDeletionChoosingPolicyTemplate (ContainerDeletionChoosingPolicyTemplate.java:chooseContainerForBlockDeletion(83)) - Chosen 0/5000 blocks from 0 candidate containers.
2023-04-19 02:33:48,312 [SCMBlockDeletingService#0] DEBUG block.SCMBlockDeletingService (SCMBlockDeletingService.java:shouldRun(251)) - Check scm block delete run: false serviceStatus: RUNNING safemodeExitRunDelayMillis: 3000 alreadyWaitTimeInMillis: 1243
2023-04-19 02:33:48,368 [BlockDeletingService#2] INFO  interfaces.ContainerDeletionChoosingPolicyTemplate (ContainerDeletionChoosingPolicyTemplate.java:chooseContainerForBlockDeletion(83)) - Chosen 0/5000 blocks from 0 candidate containers.
2023-04-19 02:33:48,373 [BlockDeletingService#2] INFO  interfaces.ContainerDeletionChoosingPolicyTemplate (ContainerDeletionChoosingPolicyTemplate.java:chooseContainerForBlockDeletion(83)) - Chosen 0/5000 blocks from 0 candidate containers.
2023-04-19 02:33:48,412 [SCMBlockDeletingService#0] DEBUG block.SCMBlockDeletingService (SCMBlockDeletingService.java:shouldRun(251)) - Check scm block delete run: false serviceStatus: RUNNING safemodeExitRunDelayMillis: 3000 alreadyWaitTimeInMillis: 1343
2023-04-19 02:33:48,421 [BlockDeletingService#2] INFO  interfaces.ContainerDeletionChoosingPolicyTemplate (ContainerDeletionChoosingPolicyTemplate.java:chooseContainerForBlockDeletion(83)) - Chosen 0/5000 blocks from 0 candidate containers.
2023-04-19 02:33:48,469 [BlockDeletingService#2] INFO  interfaces.ContainerDeletionChoosingPolicyTemplate (ContainerDeletionChoosingPolicyTemplate.java:chooseContainerForBlockDeletion(83)) - Chosen 0/5000 blocks from 0 candidate containers.
2023-04-19 02:33:48,473 [BlockDeletingService#2] INFO  interfaces.ContainerDeletionChoosingPolicyTemplate (ContainerDeletionChoosingPolicyTemplate.java:chooseContainerForBlockDeletion(83)) - Chosen 0/5000 blocks from 0 candidate containers.
2023-04-19 02:33:48,512 [SCMBlockDeletingService#0] DEBUG block.SCMBlockDeletingService (SCMBlockDeletingService.java:shouldRun(251)) - Check scm block delete run: false serviceStatus: RUNNING safemodeExitRunDelayMillis: 3000 alreadyWaitTimeInMillis: 1443
2023-04-19 02:33:48,521 [BlockDeletingService#2] INFO  interfaces.ContainerDeletionChoosingPolicyTemplate (ContainerDeletionChoosingPolicyTemplate.java:chooseContainerForBlockDeletion(83)) - Chosen 0/5000 blocks from 0 candidate containers.
2023-04-19 02:33:48,540 [IPC Server handler 3 on default port 38111] INFO  pipeline.PipelineStateManagerImpl (PipelineStateManagerImpl.java:addPipeline(103)) - Created pipeline Pipeline[ Id: e905c187-d44e-4d4f-943a-7551bbbf90f3, Nodes: 457148a9-726e-4dee-b9dd-7b4b55ffa2f6(fv-az127-56.h3uyzbqov44edfyrgkjongjtha.bx.internal.cloudapp.net/10.1.164.0)2fc7e044-034b-4d4d-85e4-65e0422d519b(fv-az127-56.h3uyzbqov44edfyrgkjongjtha.bx.internal.cloudapp.net/10.1.164.0)a2f76bd1-2c73-4f6b-ae37-53a5930131fe(fv-az127-56.h3uyzbqov44edfyrgkjongjtha.bx.internal.cloudapp.net/10.1.164.0), ReplicationConfig: EC{rs-2-1-256k}, State:ALLOCATED, leaderId:, CreationTimestamp2023-04-19T02:33:48.539Z[Etc/UTC]].
2023-04-19 02:33:48,540 [IPC Server handler 3 on default port 38111] INFO  pipeline.PipelineManagerImpl (PipelineManagerImpl.java:openPipeline(367)) - Pipeline Pipeline[ Id: e905c187-d44e-4d4f-943a-7551bbbf90f3, Nodes: 457148a9-726e-4dee-b9dd-7b4b55ffa2f6(fv-az127-56.h3uyzbqov44edfyrgkjongjtha.bx.internal.cloudapp.net/10.1.164.0)2fc7e044-034b-4d4d-85e4-65e0422d519b(fv-az127-56.h3uyzbqov44edfyrgkjongjtha.bx.internal.cloudapp.net/10.1.164.0)a2f76bd1-2c73-4f6b-ae37-53a5930131fe(fv-az127-56.h3uyzbqov44edfyrgkjongjtha.bx.internal.cloudapp.net/10.1.164.0), ReplicationConfig: EC{rs-2-1-256k}, State:ALLOCATED, leaderId:, CreationTimestamp2023-04-19T02:33:48.539Z[Etc/UTC]] moved to OPEN state
2023-04-19 02:33:48,569 [BlockDeletingService#2] INFO  interfaces.ContainerDeletionChoosingPolicyTemplate (ContainerDeletionChoosingPolicyTemplate.java:chooseContainerForBlockDeletion(83)) - Chosen 0/5000 blocks from 0 candidate containers.
2023-04-19 02:33:48,573 [BlockDeletingService#2] INFO  interfaces.ContainerDeletionChoosingPolicyTemplate (ContainerDeletionChoosingPolicyTemplate.java:chooseContainerForBlockDeletion(83)) - Chosen 0/5000 blocks from 0 candidate containers.
2023-04-19 02:33:48,612 [SCMBlockDeletingService#0] DEBUG block.SCMBlockDeletingService (SCMBlockDeletingService.java:shouldRun(251)) - Check scm block delete run: false serviceStatus: RUNNING safemodeExitRunDelayMillis: 3000 alreadyWaitTimeInMillis: 1543
2023-04-19 02:33:48,622 [BlockDeletingService#2] INFO  interfaces.ContainerDeletionChoosingPolicyTemplate (ContainerDeletionChoosingPolicyTemplate.java:chooseContainerForBlockDeletion(83)) - Chosen 0/5000 blocks from 0 candidate containers.
2023-04-19 02:33:48,680 [BlockDeletingService#2] INFO  interfaces.ContainerDeletionChoosingPolicyTemplate (ContainerDeletionChoosingPolicyTemplate.java:chooseContainerForBlockDeletion(83)) - Chosen 0/5000 blocks from 0 candidate containers.
2023-04-19 02:33:48,680 [BlockDeletingService#2] INFO  interfaces.ContainerDeletionChoosingPolicyTemplate (ContainerDeletionChoosingPolicyTemplate.java:chooseContainerForBlockDeletion(83)) - Chosen 0/5000 blocks from 0 candidate containers.
2023-04-19 02:33:48,713 [SCMBlockDeletingService#0] DEBUG block.SCMBlockDeletingService (SCMBlockDeletingService.java:shouldRun(251)) - Check scm block delete run: false serviceStatus: RUNNING safemodeExitRunDelayMillis: 3000 alreadyWaitTimeInMillis: 1644
2023-04-19 02:33:48,722 [BlockDeletingService#2] INFO  interfaces.ContainerDeletionChoosingPolicyTemplate (ContainerDeletionChoosingPolicyTemplate.java:chooseContainerForBlockDeletion(83)) - Chosen 0/5000 blocks from 0 candidate containers.
2023-04-19 02:33:48,780 [BlockDeletingService#2] INFO  interfaces.ContainerDeletionChoosingPolicyTemplate (ContainerDeletionChoosingPolicyTemplate.java:chooseContainerForBlockDeletion(83)) - Chosen 0/5000 blocks from 0 candidate containers.
2023-04-19 02:33:48,780 [BlockDeletingService#2] INFO  interfaces.ContainerDeletionChoosingPolicyTemplate (ContainerDeletionChoosingPolicyTemplate.java:chooseContainerForBlockDeletion(83)) - Chosen 0/5000 blocks from 0 candidate containers.
2023-04-19 02:33:48,813 [SCMBlockDeletingService#0] DEBUG block.SCMBlockDeletingService (SCMBlockDeletingService.java:shouldRun(251)) - Check scm block delete run: false serviceStatus: RUNNING safemodeExitRunDelayMillis: 3000 alreadyWaitTimeInMillis: 1744
2023-04-19 02:33:48,815 [IPC Server handler 2 on default port 38111] INFO  ha.SequenceIdGenerator (SequenceIdGenerator.java:getNextId(128)) - Allocate a batch for delTxnId, change lastId from 0 to 1000.
2023-04-19 02:33:48,822 [BlockDeletingService#2] INFO  interfaces.ContainerDeletionChoosingPolicyTemplate (ContainerDeletionChoosingPolicyTemplate.java:chooseContainerForBlockDeletion(83)) - Chosen 0/5000 blocks from 0 candidate containers.
2023-04-19 02:33:48,880 [BlockDeletingService#2] INFO  interfaces.ContainerDeletionChoosingPolicyTemplate (ContainerDeletionChoosingPolicyTemplate.java:chooseContainerForBlockDeletion(83)) - Chosen 0/5000 blocks from 0 candidate containers.
2023-04-19 02:33:48,880 [BlockDeletingService#2] INFO  interfaces.ContainerDeletionChoosingPolicyTemplate (ContainerDeletionChoosingPolicyTemplate.java:chooseContainerForBlockDeletion(83)) - Chosen 0/5000 blocks from 0 candidate containers.
2023-04-19 02:33:48,913 [SCMBlockDeletingService#0] DEBUG block.SCMBlockDeletingService (SCMBlockDeletingService.java:shouldRun(251)) - Check scm block delete run: false serviceStatus: RUNNING safemodeExitRunDelayMillis: 3000 alreadyWaitTimeInMillis: 1844
2023-04-19 02:33:48,922 [BlockDeletingService#2] INFO  interfaces.ContainerDeletionChoosingPolicyTemplate (ContainerDeletionChoosingPolicyTemplate.java:chooseContainerForBlockDeletion(83)) - Chosen 0/5000 blocks from 0 candidate containers.
2023-04-19 02:33:48,980 [BlockDeletingService#2] INFO  interfaces.ContainerDeletionChoosingPolicyTemplate (ContainerDeletionChoosingPolicyTemplate.java:chooseContainerForBlockDeletion(83)) - Chosen 0/5000 blocks from 0 candidate containers.
2023-04-19 02:33:48,980 [BlockDeletingService#2] INFO  interfaces.ContainerDeletionChoosingPolicyTemplate (ContainerDeletionChoosingPolicyTemplate.java:chooseContainerForBlockDeletion(83)) - Chosen 0/5000 blocks from 0 candidate containers.
2023-04-19 02:33:49,013 [SCMBlockDeletingService#0] DEBUG block.SCMBlockDeletingService (SCMBlockDeletingService.java:shouldRun(251)) - Check scm block delete run: false serviceStatus: RUNNING safemodeExitRunDelayMillis: 3000 alreadyWaitTimeInMillis: 1944
2023-04-19 02:33:49,023 [BlockDeletingService#2] INFO  interfaces.ContainerDeletionChoosingPolicyTemplate (ContainerDeletionChoosingPolicyTemplate.java:chooseContainerForBlockDeletion(83)) - Chosen 0/5000 blocks from 0 candidate containers.
2023-04-19 02:33:49,080 [BlockDeletingService#2] INFO  interfaces.ContainerDeletionChoosingPolicyTemplate (ContainerDeletionChoosingPolicyTemplate.java:chooseContainerForBlockDeletion(83)) - Chosen 0/5000 blocks from 0 candidate containers.
2023-04-19 02:33:49,081 [BlockDeletingService#2] INFO  interfaces.ContainerDeletionChoosingPolicyTemplate (ContainerDeletionChoosingPolicyTemplate.java:chooseContainerForBlockDeletion(83)) - Chosen 0/5000 blocks from 0 candidate containers.
2023-04-19 02:33:49,113 [SCMBlockDeletingService#0] DEBUG block.SCMBlockDeletingService (SCMBlockDeletingService.java:shouldRun(251)) - Check scm block delete run: false serviceStatus: RUNNING safemodeExitRunDelayMillis: 3000 alreadyWaitTimeInMillis: 2044
2023-04-19 02:33:49,123 [BlockDeletingService#2] INFO  interfaces.ContainerDeletionChoosingPolicyTemplate (ContainerDeletionChoosingPolicyTemplate.java:chooseContainerForBlockDeletion(83)) - Chosen 0/5000 blocks from 0 candidate containers.
2023-04-19 02:33:49,181 [BlockDeletingService#2] INFO  interfaces.ContainerDeletionChoosingPolicyTemplate (ContainerDeletionChoosingPolicyTemplate.java:chooseContainerForBlockDeletion(83)) - Chosen 0/5000 blocks from 0 candidate containers.
2023-04-19 02:33:49,181 [BlockDeletingService#2] INFO  interfaces.ContainerDeletionChoosingPolicyTemplate (ContainerDeletionChoosingPolicyTemplate.java:chooseContainerForBlockDeletion(83)) - Chosen 0/5000 blocks from 0 candidate containers.
2023-04-19 02:33:49,213 [SCMBlockDeletingService#0] DEBUG block.SCMBlockDeletingService (SCMBlockDeletingService.java:shouldRun(251)) - Check scm block delete run: false serviceStatus: RUNNING safemodeExitRunDelayMillis: 3000 alreadyWaitTimeInMillis: 2144
2023-04-19 02:33:49,223 [BlockDeletingService#2] INFO  interfaces.ContainerDeletionChoosingPolicyTemplate (ContainerDeletionChoosingPolicyTemplate.java:chooseContainerForBlockDeletion(83)) - Chosen 0/5000 blocks from 0 candidate containers.
2023-04-19 02:33:49,281 [BlockDeletingService#2] INFO  interfaces.ContainerDeletionChoosingPolicyTemplate (ContainerDeletionChoosingPolicyTemplate.java:chooseContainerForBlockDeletion(83)) - Chosen 0/5000 blocks from 0 candidate containers.
2023-04-19 02:33:49,281 [BlockDeletingService#2] INFO  interfaces.ContainerDeletionChoosingPolicyTemplate (ContainerDeletionChoosingPolicyTemplate.java:chooseContainerForBlockDeletion(83)) - Chosen 0/5000 blocks from 0 candidate containers.
2023-04-19 02:33:49,313 [SCMBlockDeletingService#0] DEBUG block.SCMBlockDeletingService (SCMBlockDeletingService.java:shouldRun(251)) - Check scm block delete run: false serviceStatus: RUNNING safemodeExitRunDelayMillis: 3000 alreadyWaitTimeInMillis: 2244
2023-04-19 02:33:49,323 [BlockDeletingService#2] INFO  interfaces.ContainerDeletionChoosingPolicyTemplate (ContainerDeletionChoosingPolicyTemplate.java:chooseContainerForBlockDeletion(83)) - Chosen 0/5000 blocks from 0 candidate containers.
2023-04-19 02:33:49,381 [BlockDeletingService#2] INFO  interfaces.ContainerDeletionChoosingPolicyTemplate (ContainerDeletionChoosingPolicyTemplate.java:chooseContainerForBlockDeletion(83)) - Chosen 0/5000 blocks from 0 candidate containers.
2023-04-19 02:33:49,381 [BlockDeletingService#2] INFO  interfaces.ContainerDeletionChoosingPolicyTemplate (ContainerDeletionChoosingPolicyTemplate.java:chooseContainerForBlockDeletion(83)) - Chosen 0/5000 blocks from 0 candidate containers.
2023-04-19 02:33:49,413 [SCMBlockDeletingService#0] DEBUG block.SCMBlockDeletingService (SCMBlockDeletingService.java:shouldRun(251)) - Check scm block delete run: false serviceStatus: RUNNING safemodeExitRunDelayMillis: 3000 alreadyWaitTimeInMillis: 2344
2023-04-19 02:33:49,424 [BlockDeletingService#2] INFO  interfaces.ContainerDeletionChoosingPolicyTemplate (ContainerDeletionChoosingPolicyTemplate.java:chooseContainerForBlockDeletion(83)) - Chosen 0/5000 blocks from 0 candidate containers.
2023-04-19 02:33:49,481 [BlockDeletingService#2] INFO  interfaces.ContainerDeletionChoosingPolicyTemplate (ContainerDeletionChoosingPolicyTemplate.java:chooseContainerForBlockDeletion(83)) - Chosen 0/5000 blocks from 0 candidate containers.
2023-04-19 02:33:49,481 [BlockDeletingService#2] INFO  interfaces.ContainerDeletionChoosingPolicyTemplate (ContainerDeletionChoosingPolicyTemplate.java:chooseContainerForBlockDeletion(83)) - Chosen 0/5000 blocks from 0 candidate containers.
2023-04-19 02:33:49,513 [SCMBlockDeletingService#0] DEBUG block.SCMBlockDeletingService (SCMBlockDeletingService.java:shouldRun(251)) - Check scm block delete run: false serviceStatus: RUNNING safemodeExitRunDelayMillis: 3000 alreadyWaitTimeInMillis: 2444
2023-04-19 02:33:49,524 [BlockDeletingService#2] INFO  interfaces.ContainerDeletionChoosingPolicyTemplate (ContainerDeletionChoosingPolicyTemplate.java:chooseContainerForBlockDeletion(83)) - Chosen 0/5000 blocks from 0 candidate containers.
2023-04-19 02:33:49,582 [BlockDeletingService#2] INFO  interfaces.ContainerDeletionChoosingPolicyTemplate (ContainerDeletionChoosingPolicyTemplate.java:chooseContainerForBlockDeletion(83)) - Chosen 0/5000 blocks from 0 candidate containers.
2023-04-19 02:33:49,582 [BlockDeletingService#2] INFO  interfaces.ContainerDeletionChoosingPolicyTemplate (ContainerDeletionChoosingPolicyTemplate.java:chooseContainerForBlockDeletion(83)) - Chosen 0/5000 blocks from 0 candidate containers.
2023-04-19 02:33:49,613 [SCMBlockDeletingService#0] DEBUG block.SCMBlockDeletingService (SCMBlockDeletingService.java:shouldRun(251)) - Check scm block delete run: false serviceStatus: RUNNING safemodeExitRunDelayMillis: 3000 alreadyWaitTimeInMillis: 2544
2023-04-19 02:33:49,624 [BlockDeletingService#2] INFO  interfaces.ContainerDeletionChoosingPolicyTemplate (ContainerDeletionChoosingPolicyTemplate.java:chooseContainerForBlockDeletion(83)) - Chosen 0/5000 blocks from 0 candidate containers.
2023-04-19 02:33:49,682 [BlockDeletingService#2] INFO  interfaces.ContainerDeletionChoosingPolicyTemplate (ContainerDeletionChoosingPolicyTemplate.java:chooseContainerForBlockDeletion(83)) - Chosen 0/5000 blocks from 0 candidate containers.
2023-04-19 02:33:49,682 [BlockDeletingService#2] INFO  interfaces.ContainerDeletionChoosingPolicyTemplate (ContainerDeletionChoosingPolicyTemplate.java:chooseContainerForBlockDeletion(83)) - Chosen 0/5000 blocks from 0 candidate containers.
2023-04-19 02:33:49,713 [SCMBlockDeletingService#0] DEBUG block.SCMBlockDeletingService (SCMBlockDeletingService.java:shouldRun(251)) - Check scm block delete run: false serviceStatus: RUNNING safemodeExitRunDelayMillis: 3000 alreadyWaitTimeInMillis: 2644
2023-04-19 02:33:49,724 [BlockDeletingService#4] INFO  interfaces.ContainerDeletionChoosingPolicyTemplate (ContainerDeletionChoosingPolicyTemplate.java:chooseContainerForBlockDeletion(83)) - Chosen 0/5000 blocks from 0 candidate containers.
2023-04-19 02:33:49,782 [BlockDeletingService#2] INFO  interfaces.ContainerDeletionChoosingPolicyTemplate (ContainerDeletionChoosingPolicyTemplate.java:chooseContainerForBlockDeletion(83)) - Chosen 0/5000 blocks from 0 candidate containers.
2023-04-19 02:33:49,782 [BlockDeletingService#2] INFO  interfaces.ContainerDeletionChoosingPolicyTemplate (ContainerDeletionChoosingPolicyTemplate.java:chooseContainerForBlockDeletion(83)) - Chosen 0/5000 blocks from 0 candidate containers.
2023-04-19 02:33:49,813 [SCMBlockDeletingService#0] DEBUG block.SCMBlockDeletingService (SCMBlockDeletingService.java:shouldRun(251)) - Check scm block delete run: false serviceStatus: RUNNING safemodeExitRunDelayMillis: 3000 alreadyWaitTimeInMillis: 2744
2023-04-19 02:33:49,824 [BlockDeletingService#4] INFO  interfaces.ContainerDeletionChoosingPolicyTemplate (ContainerDeletionChoosingPolicyTemplate.java:chooseContainerForBlockDeletion(83)) - Chosen 0/5000 blocks from 0 candidate containers.
2023-04-19 02:33:49,882 [BlockDeletingService#2] INFO  interfaces.ContainerDeletionChoosingPolicyTemplate (ContainerDeletionChoosingPolicyTemplate.java:chooseContainerForBlockDeletion(83)) - Chosen 0/5000 blocks from 0 candidate containers.
2023-04-19 02:33:49,883 [BlockDeletingService#2] INFO  interfaces.ContainerDeletionChoosingPolicyTemplate (ContainerDeletionChoosingPolicyTemplate.java:chooseContainerForBlockDeletion(83)) - Chosen 0/5000 blocks from 0 candidate containers.
2023-04-19 02:33:49,914 [SCMBlockDeletingService#0] DEBUG block.SCMBlockDeletingService (SCMBlockDeletingService.java:shouldRun(251)) - Check scm block delete run: false serviceStatus: RUNNING safemodeExitRunDelayMillis: 3000 alreadyWaitTimeInMillis: 2845
2023-04-19 02:33:49,924 [BlockDeletingService#4] INFO  interfaces.ContainerDeletionChoosingPolicyTemplate (ContainerDeletionChoosingPolicyTemplate.java:chooseContainerForBlockDeletion(83)) - Chosen 0/5000 blocks from 0 candidate containers.
2023-04-19 02:33:49,983 [BlockDeletingService#2] INFO  interfaces.ContainerDeletionChoosingPolicyTemplate (ContainerDeletionChoosingPolicyTemplate.java:chooseContainerForBlockDeletion(83)) - Chosen 0/5000 blocks from 0 candidate containers.
2023-04-19 02:33:49,983 [BlockDeletingService#2] INFO  interfaces.ContainerDeletionChoosingPolicyTemplate (ContainerDeletionChoosingPolicyTemplate.java:chooseContainerForBlockDeletion(83)) - Chosen 0/5000 blocks from 0 candidate containers.
2023-04-19 02:33:50,014 [SCMBlockDeletingService#0] DEBUG block.SCMBlockDeletingService (SCMBlockDeletingService.java:shouldRun(251)) - Check scm block delete run: false serviceStatus: RUNNING safemodeExitRunDelayMillis: 3000 alreadyWaitTimeInMillis: 2945
2023-04-19 02:33:50,025 [BlockDeletingService#4] INFO  interfaces.ContainerDeletionChoosingPolicyTemplate (ContainerDeletionChoosingPolicyTemplate.java:chooseContainerForBlockDeletion(83)) - Chosen 0/5000 blocks from 0 candidate containers.
2023-04-19 02:33:50,083 [BlockDeletingService#2] INFO  interfaces.ContainerDeletionChoosingPolicyTemplate (ContainerDeletionChoosingPolicyTemplate.java:chooseContainerForBlockDeletion(83)) - Chosen 0/5000 blocks from 0 candidate containers.
2023-04-19 02:33:50,083 [BlockDeletingService#2] INFO  interfaces.ContainerDeletionChoosingPolicyTemplate (ContainerDeletionChoosingPolicyTemplate.java:chooseContainerForBlockDeletion(83)) - Chosen 0/5000 blocks from 0 candidate containers.
2023-04-19 02:33:50,114 [SCMBlockDeletingService#0] DEBUG block.SCMBlockDeletingService (SCMBlockDeletingService.java:shouldRun(251)) - Check scm block delete run: true serviceStatus: RUNNING safemodeExitRunDelayMillis: 3000 alreadyWaitTimeInMillis: 3045
2023-04-19 02:33:50,114 [SCMBlockDeletingService#0] DEBUG block.SCMBlockDeletingService (SCMBlockDeletingService.java:call(154)) - Running DeletedBlockTransactionScanner
2023-04-19 02:33:50,125 [BlockDeletingService#4] INFO  interfaces.ContainerDeletionChoosingPolicyTemplate (ContainerDeletionChoosingPolicyTemplate.java:chooseContainerForBlockDeletion(83)) - Chosen 0/5000 blocks from 0 candidate containers.
2023-04-19 02:33:50,183 [BlockDeletingService#2] INFO  interfaces.ContainerDeletionChoosingPolicyTemplate (ContainerDeletionChoosingPolicyTemplate.java:chooseContainerForBlockDeletion(83)) - Chosen 0/5000 blocks from 0 candidate containers.
2023-04-19 02:33:50,183 [BlockDeletingService#2] INFO  interfaces.ContainerDeletionChoosingPolicyTemplate (ContainerDeletionChoosingPolicyTemplate.java:chooseContainerForBlockDeletion(83)) - Chosen 0/5000 blocks from 0 candidate containers.
2023-04-19 02:33:50,214 [SCMBlockDeletingService#0] DEBUG block.SCMBlockDeletingService (SCMBlockDeletingService.java:shouldRun(251)) - Check scm block delete run: true serviceStatus: RUNNING safemodeExitRunDelayMillis: 3000 alreadyWaitTimeInMillis: 3145
2023-04-19 02:33:50,214 [SCMBlockDeletingService#0] DEBUG block.SCMBlockDeletingService (SCMBlockDeletingService.java:call(154)) - Running DeletedBlockTransactionScanner
2023-04-19 02:33:50,225 [BlockDeletingService#4] INFO  interfaces.ContainerDeletionChoosingPolicyTemplate (ContainerDeletionChoosingPolicyTemplate.java:chooseContainerForBlockDeletion(83)) - Chosen 0/5000 blocks from 0 candidate containers.
2023-04-19 02:33:50,283 [BlockDeletingService#2] INFO  interfaces.ContainerDeletionChoosingPolicyTemplate (ContainerDeletionChoosingPolicyTemplate.java:chooseContainerForBlockDeletion(83)) - Chosen 0/5000 blocks from 0 candidate containers.
2023-04-19 02:33:50,283 [BlockDeletingService#2] INFO  interfaces.ContainerDeletionChoosingPolicyTemplate (ContainerDeletionChoosingPolicyTemplate.java:chooseContainerForBlockDeletion(83)) - Chosen 0/5000 blocks from 0 candidate containers.
2023-04-19 02:33:50,314 [SCMBlockDeletingService#0] DEBUG block.SCMBlockDeletingService (SCMBlockDeletingService.java:shouldRun(251)) - Check scm block delete run: true serviceStatus: RUNNING safemodeExitRunDelayMillis: 3000 alreadyWaitTimeInMillis: 3245
2023-04-19 02:33:50,314 [SCMBlockDeletingService#0] DEBUG block.SCMBlockDeletingService (SCMBlockDeletingService.java:call(154)) - Running DeletedBlockTransactionScanner
2023-04-19 02:33:50,325 [BlockDeletingService#4] INFO  interfaces.ContainerDeletionChoosingPolicyTemplate (ContainerDeletionChoosingPolicyTemplate.java:chooseContainerForBlockDeletion(83)) - Chosen 0/5000 blocks from 0 candidate containers.
2023-04-19 02:33:50,384 [BlockDeletingService#2] INFO  interfaces.ContainerDeletionChoosingPolicyTemplate (ContainerDeletionChoosingPolicyTemplate.java:chooseContainerForBlockDeletion(83)) - Chosen 0/5000 blocks from 0 candidate containers.
2023-04-19 02:33:50,384 [BlockDeletingService#2] INFO  interfaces.ContainerDeletionChoosingPolicyTemplate (ContainerDeletionChoosingPolicyTemplate.java:chooseContainerForBlockDeletion(83)) - Chosen 0/5000 blocks from 0 candidate containers.
2023-04-19 02:33:50,414 [SCMBlockDeletingService#0] DEBUG block.SCMBlockDeletingService (SCMBlockDeletingService.java:shouldRun(251)) - Check scm block delete run: true serviceStatus: RUNNING safemodeExitRunDelayMillis: 3000 alreadyWaitTimeInMillis: 3345
2023-04-19 02:33:50,414 [SCMBlockDeletingService#0] DEBUG block.SCMBlockDeletingService (SCMBlockDeletingService.java:call(154)) - Running DeletedBlockTransactionScanner
2023-04-19 02:33:50,426 [BlockDeletingService#4] INFO  interfaces.ContainerDeletionChoosingPolicyTemplate (ContainerDeletionChoosingPolicyTemplate.java:chooseContainerForBlockDeletion(83)) - Chosen 0/5000 blocks from 0 candidate containers.
2023-04-19 02:33:50,484 [BlockDeletingService#2] INFO  interfaces.ContainerDeletionChoosingPolicyTemplate (ContainerDeletionChoosingPolicyTemplate.java:chooseContainerForBlockDeletion(83)) - Chosen 0/5000 blocks from 0 candidate containers.
2023-04-19 02:33:50,484 [BlockDeletingService#2] INFO  interfaces.ContainerDeletionChoosingPolicyTemplate (ContainerDeletionChoosingPolicyTemplate.java:chooseContainerForBlockDeletion(83)) - Chosen 0/5000 blocks from 0 candidate containers.
2023-04-19 02:33:50,514 [SCMBlockDeletingService#0] DEBUG block.SCMBlockDeletingService (SCMBlockDeletingService.java:shouldRun(251)) - Check scm block delete run: true serviceStatus: RUNNING safemodeExitRunDelayMillis: 3000 alreadyWaitTimeInMillis: 3445
2023-04-19 02:33:50,514 [SCMBlockDeletingService#0] DEBUG block.SCMBlockDeletingService (SCMBlockDeletingService.java:call(154)) - Running DeletedBlockTransactionScanner
2023-04-19 02:33:50,526 [BlockDeletingService#4] INFO  interfaces.ContainerDeletionChoosingPolicyTemplate (ContainerDeletionChoosingPolicyTemplate.java:chooseContainerForBlockDeletion(83)) - Chosen 0/5000 blocks from 0 candidate containers.
2023-04-19 02:33:50,584 [BlockDeletingService#2] INFO  interfaces.ContainerDeletionChoosingPolicyTemplate (ContainerDeletionChoosingPolicyTemplate.java:chooseContainerForBlockDeletion(83)) - Chosen 0/5000 blocks from 0 candidate containers.
2023-04-19 02:33:50,584 [BlockDeletingService#2] INFO  interfaces.ContainerDeletionChoosingPolicyTemplate (ContainerDeletionChoosingPolicyTemplate.java:chooseContainerForBlockDeletion(83)) - Chosen 0/5000 blocks from 0 candidate containers.
2023-04-19 02:33:50,614 [SCMBlockDeletingService#0] DEBUG block.SCMBlockDeletingService (SCMBlockDeletingService.java:shouldRun(251)) - Check scm block delete run: true serviceStatus: RUNNING safemodeExitRunDelayMillis: 3000 alreadyWaitTimeInMillis: 3545
2023-04-19 02:33:50,614 [SCMBlockDeletingService#0] DEBUG block.SCMBlockDeletingService (SCMBlockDeletingService.java:call(154)) - Running DeletedBlockTransactionScanner
2023-04-19 02:33:50,626 [BlockDeletingService#4] INFO  interfaces.ContainerDeletionChoosingPolicyTemplate (ContainerDeletionChoosingPolicyTemplate.java:chooseContainerForBlockDeletion(83)) - Chosen 0/5000 blocks from 0 candidate containers.
2023-04-19 02:33:50,684 [BlockDeletingService#2] INFO  interfaces.ContainerDeletionChoosingPolicyTemplate (ContainerDeletionChoosingPolicyTemplate.java:chooseContainerForBlockDeletion(83)) - Chosen 0/5000 blocks from 0 candidate containers.
2023-04-19 02:33:50,684 [BlockDeletingService#2] INFO  interfaces.ContainerDeletionChoosingPolicyTemplate (ContainerDeletionChoosingPolicyTemplate.java:chooseContainerForBlockDeletion(83)) - Chosen 0/5000 blocks from 0 candidate containers.
2023-04-19 02:33:50,714 [SCMBlockDeletingService#0] DEBUG block.SCMBlockDeletingService (SCMBlockDeletingService.java:shouldRun(251)) - Check scm block delete run: true serviceStatus: RUNNING safemodeExitRunDelayMillis: 3000 alreadyWaitTimeInMillis: 3645
2023-04-19 02:33:50,714 [SCMBlockDeletingService#0] DEBUG block.SCMBlockDeletingService (SCMBlockDeletingService.java:call(154)) - Running DeletedBlockTransactionScanner
2023-04-19 02:33:50,726 [BlockDeletingService#4] INFO  interfaces.ContainerDeletionChoosingPolicyTemplate (ContainerDeletionChoosingPolicyTemplate.java:chooseContainerForBlockDeletion(83)) - Chosen 0/5000 blocks from 0 candidate containers.
2023-04-19 02:33:50,784 [BlockDeletingService#2] INFO  interfaces.ContainerDeletionChoosingPolicyTemplate (ContainerDeletionChoosingPolicyTemplate.java:chooseContainerForBlockDeletion(83)) - Chosen 0/5000 blocks from 0 candidate containers.
2023-04-19 02:33:50,785 [BlockDeletingService#2] INFO  interfaces.ContainerDeletionChoosingPolicyTemplate (ContainerDeletionChoosingPolicyTemplate.java:chooseContainerForBlockDeletion(83)) - Chosen 0/5000 blocks from 0 candidate containers.
2023-04-19 02:33:50,814 [SCMBlockDeletingService#0] DEBUG block.SCMBlockDeletingService (SCMBlockDeletingService.java:shouldRun(251)) - Check scm block delete run: true serviceStatus: RUNNING safemodeExitRunDelayMillis: 3000 alreadyWaitTimeInMillis: 3745
2023-04-19 02:33:50,814 [SCMBlockDeletingService#0] DEBUG block.SCMBlockDeletingService (SCMBlockDeletingService.java:call(154)) - Running DeletedBlockTransactionScanner
2023-04-19 02:33:50,827 [BlockDeletingService#4] INFO  interfaces.ContainerDeletionChoosingPolicyTemplate (ContainerDeletionChoosingPolicyTemplate.java:chooseContainerForBlockDeletion(83)) - Chosen 0/5000 blocks from 0 candidate containers.
2023-04-19 02:33:50,885 [BlockDeletingService#2] INFO  interfaces.ContainerDeletionChoosingPolicyTemplate (ContainerDeletionChoosingPolicyTemplate.java:chooseContainerForBlockDeletion(83)) - Chosen 0/5000 blocks from 0 candidate containers.
2023-04-19 02:33:50,885 [BlockDeletingService#2] INFO  interfaces.ContainerDeletionChoosingPolicyTemplate (ContainerDeletionChoosingPolicyTemplate.java:chooseContainerForBlockDeletion(83)) - Chosen 0/5000 blocks from 0 candidate containers.
2023-04-19 02:33:50,914 [SCMBlockDeletingService#0] DEBUG block.SCMBlockDeletingService (SCMBlockDeletingService.java:shouldRun(251)) - Check scm block delete run: true serviceStatus: RUNNING safemodeExitRunDelayMillis: 3000 alreadyWaitTimeInMillis: 3845
2023-04-19 02:33:50,915 [SCMBlockDeletingService#0] DEBUG block.SCMBlockDeletingService (SCMBlockDeletingService.java:call(154)) - Running DeletedBlockTransactionScanner
2023-04-19 02:33:50,927 [BlockDeletingService#4] INFO  interfaces.ContainerDeletionChoosingPolicyTemplate (ContainerDeletionChoosingPolicyTemplate.java:chooseContainerForBlockDeletion(83)) - Chosen 0/5000 blocks from 0 candidate containers.
2023-04-19 02:33:50,985 [BlockDeletingService#2] INFO  interfaces.ContainerDeletionChoosingPolicyTemplate (ContainerDeletionChoosingPolicyTemplate.java:chooseContainerForBlockDeletion(83)) - Chosen 0/5000 blocks from 0 candidate containers.
2023-04-19 02:33:50,985 [BlockDeletingService#2] INFO  interfaces.ContainerDeletionChoosingPolicyTemplate (ContainerDeletionChoosingPolicyTemplate.java:chooseContainerForBlockDeletion(83)) - Chosen 0/5000 blocks from 0 candidate containers.
2023-04-19 02:33:51,015 [SCMBlockDeletingService#0] DEBUG block.SCMBlockDeletingService (SCMBlockDeletingService.java:shouldRun(251)) - Check scm block delete run: true serviceStatus: RUNNING safemodeExitRunDelayMillis: 3000 alreadyWaitTimeInMillis: 3946
2023-04-19 02:33:51,015 [SCMBlockDeletingService#0] DEBUG block.SCMBlockDeletingService (SCMBlockDeletingService.java:call(154)) - Running DeletedBlockTransactionScanner
2023-04-19 02:33:51,027 [BlockDeletingService#4] INFO  interfaces.ContainerDeletionChoosingPolicyTemplate (ContainerDeletionChoosingPolicyTemplate.java:chooseContainerForBlockDeletion(83)) - Chosen 0/5000 blocks from 0 candidate containers.
2023-04-19 02:33:51,085 [BlockDeletingService#2] INFO  interfaces.ContainerDeletionChoosingPolicyTemplate (ContainerDeletionChoosingPolicyTemplate.java:chooseContainerForBlockDeletion(83)) - Chosen 0/5000 blocks from 0 candidate containers.
2023-04-19 02:33:51,085 [BlockDeletingService#2] INFO  interfaces.ContainerDeletionChoosingPolicyTemplate (ContainerDeletionChoosingPolicyTemplate.java:chooseContainerForBlockDeletion(83)) - Chosen 0/5000 blocks from 0 candidate containers.
2023-04-19 02:33:51,115 [SCMBlockDeletingService#0] DEBUG block.SCMBlockDeletingService (SCMBlockDeletingService.java:shouldRun(251)) - Check scm block delete run: true serviceStatus: RUNNING safemodeExitRunDelayMillis: 3000 alreadyWaitTimeInMillis: 4046
2023-04-19 02:33:51,115 [SCMBlockDeletingService#0] DEBUG block.SCMBlockDeletingService (SCMBlockDeletingService.java:call(154)) - Running DeletedBlockTransactionScanner
2023-04-19 02:33:51,127 [BlockDeletingService#4] INFO  interfaces.ContainerDeletionChoosingPolicyTemplate (ContainerDeletionChoosingPolicyTemplate.java:chooseContainerForBlockDeletion(83)) - Chosen 0/5000 blocks from 0 candidate containers.
2023-04-19 02:33:51,186 [BlockDeletingService#2] INFO  interfaces.ContainerDeletionChoosingPolicyTemplate (ContainerDeletionChoosingPolicyTemplate.java:chooseContainerForBlockDeletion(83)) - Chosen 0/5000 blocks from 0 candidate containers.
2023-04-19 02:33:51,186 [BlockDeletingService#2] INFO  interfaces.ContainerDeletionChoosingPolicyTemplate (ContainerDeletionChoosingPolicyTemplate.java:chooseContainerForBlockDeletion(83)) - Chosen 0/5000 blocks from 0 candidate containers.
2023-04-19 02:33:51,215 [SCMBlockDeletingService#0] DEBUG block.SCMBlockDeletingService (SCMBlockDeletingService.java:shouldRun(251)) - Check scm block delete run: true serviceStatus: RUNNING safemodeExitRunDelayMillis: 3000 alreadyWaitTimeInMillis: 4146
2023-04-19 02:33:51,215 [SCMBlockDeletingService#0] DEBUG block.SCMBlockDeletingService (SCMBlockDeletingService.java:call(154)) - Running DeletedBlockTransactionScanner
2023-04-19 02:33:51,227 [BlockDeletingService#4] INFO  interfaces.ContainerDeletionChoosingPolicyTemplate (ContainerDeletionChoosingPolicyTemplate.java:chooseContainerForBlockDeletion(83)) - Chosen 0/5000 blocks from 0 candidate containers.
2023-04-19 02:33:51,286 [BlockDeletingService#2] INFO  interfaces.ContainerDeletionChoosingPolicyTemplate (ContainerDeletionChoosingPolicyTemplate.java:chooseContainerForBlockDeletion(83)) - Chosen 0/5000 blocks from 0 candidate containers.
2023-04-19 02:33:51,286 [BlockDeletingService#2] INFO  interfaces.ContainerDeletionChoosingPolicyTemplate (ContainerDeletionChoosingPolicyTemplate.java:chooseContainerForBlockDeletion(83)) - Chosen 0/5000 blocks from 0 candidate containers.
2023-04-19 02:33:51,315 [SCMBlockDeletingService#0] DEBUG block.SCMBlockDeletingService (SCMBlockDeletingService.java:shouldRun(251)) - Check scm block delete run: true serviceStatus: RUNNING safemodeExitRunDelayMillis: 3000 alreadyWaitTimeInMillis: 4246
2023-04-19 02:33:51,315 [SCMBlockDeletingService#0] DEBUG block.SCMBlockDeletingService (SCMBlockDeletingService.java:call(154)) - Running DeletedBlockTransactionScanner
2023-04-19 02:33:51,328 [BlockDeletingService#4] INFO  interfaces.ContainerDeletionChoosingPolicyTemplate (ContainerDeletionChoosingPolicyTemplate.java:chooseContainerForBlockDeletion(83)) - Chosen 0/5000 blocks from 0 candidate containers.
2023-04-19 02:33:51,386 [BlockDeletingService#2] INFO  interfaces.ContainerDeletionChoosingPolicyTemplate (ContainerDeletionChoosingPolicyTemplate.java:chooseContainerForBlockDeletion(83)) - Chosen 0/5000 blocks from 0 candidate containers.
2023-04-19 02:33:51,386 [BlockDeletingService#2] INFO  interfaces.ContainerDeletionChoosingPolicyTemplate (ContainerDeletionChoosingPolicyTemplate.java:chooseContainerForBlockDeletion(83)) - Chosen 0/5000 blocks from 0 candidate containers.
2023-04-19 02:33:51,415 [SCMBlockDeletingService#0] DEBUG block.SCMBlockDeletingService (SCMBlockDeletingService.java:shouldRun(251)) - Check scm block delete run: true serviceStatus: RUNNING safemodeExitRunDelayMillis: 3000 alreadyWaitTimeInMillis: 4346
2023-04-19 02:33:51,415 [SCMBlockDeletingService#0] DEBUG block.SCMBlockDeletingService (SCMBlockDeletingService.java:call(154)) - Running DeletedBlockTransactionScanner
2023-04-19 02:33:51,428 [BlockDeletingService#4] INFO  interfaces.ContainerDeletionChoosingPolicyTemplate (ContainerDeletionChoosingPolicyTemplate.java:chooseContainerForBlockDeletion(83)) - Chosen 0/5000 blocks from 0 candidate containers.
2023-04-19 02:33:51,486 [BlockDeletingService#2] INFO  interfaces.ContainerDeletionChoosingPolicyTemplate (ContainerDeletionChoosingPolicyTemplate.java:chooseContainerForBlockDeletion(83)) - Chosen 0/5000 blocks from 0 candidate containers.
2023-04-19 02:33:51,486 [BlockDeletingService#2] INFO  interfaces.ContainerDeletionChoosingPolicyTemplate (ContainerDeletionChoosingPolicyTemplate.java:chooseContainerForBlockDeletion(83)) - Chosen 0/5000 blocks from 0 candidate containers.
2023-04-19 02:33:51,515 [SCMBlockDeletingService#0] DEBUG block.SCMBlockDeletingService (SCMBlockDeletingService.java:shouldRun(251)) - Check scm block delete run: true serviceStatus: RUNNING safemodeExitRunDelayMillis: 3000 alreadyWaitTimeInMillis: 4446
2023-04-19 02:33:51,515 [SCMBlockDeletingService#0] DEBUG block.SCMBlockDeletingService (SCMBlockDeletingService.java:call(154)) - Running DeletedBlockTransactionScanner
2023-04-19 02:33:51,528 [BlockDeletingService#4] INFO  interfaces.ContainerDeletionChoosingPolicyTemplate (ContainerDeletionChoosingPolicyTemplate.java:chooseContainerForBlockDeletion(83)) - Chosen 0/5000 blocks from 0 candidate containers.
2023-04-19 02:33:51,586 [BlockDeletingService#2] INFO  interfaces.ContainerDeletionChoosingPolicyTemplate (ContainerDeletionChoosingPolicyTemplate.java:chooseContainerForBlockDeletion(83)) - Chosen 0/5000 blocks from 0 candidate containers.
2023-04-19 02:33:51,587 [BlockDeletingService#2] INFO  interfaces.ContainerDeletionChoosingPolicyTemplate (ContainerDeletionChoosingPolicyTemplate.java:chooseContainerForBlockDeletion(83)) - Chosen 0/5000 blocks from 0 candidate containers.
2023-04-19 02:33:51,615 [SCMBlockDeletingService#0] DEBUG block.SCMBlockDeletingService (SCMBlockDeletingService.java:shouldRun(251)) - Check scm block delete run: true serviceStatus: RUNNING safemodeExitRunDelayMillis: 3000 alreadyWaitTimeInMillis: 4546
2023-04-19 02:33:51,616 [SCMBlockDeletingService#0] DEBUG block.SCMBlockDeletingService (SCMBlockDeletingService.java:call(154)) - Running DeletedBlockTransactionScanner
2023-04-19 02:33:51,628 [BlockDeletingService#4] INFO  interfaces.ContainerDeletionChoosingPolicyTemplate (ContainerDeletionChoosingPolicyTemplate.java:chooseContainerForBlockDeletion(83)) - Chosen 0/5000 blocks from 0 candidate containers.
2023-04-19 02:33:51,687 [BlockDeletingService#2] INFO  interfaces.ContainerDeletionChoosingPolicyTemplate (ContainerDeletionChoosingPolicyTemplate.java:chooseContainerForBlockDeletion(83)) - Chosen 0/5000 blocks from 0 candidate containers.
2023-04-19 02:33:51,687 [BlockDeletingService#2] INFO  interfaces.ContainerDeletionChoosingPolicyTemplate (ContainerDeletionChoosingPolicyTemplate.java:chooseContainerForBlockDeletion(83)) - Chosen 0/5000 blocks from 0 candidate containers.
2023-04-19 02:33:51,715 [SCMBlockDeletingService#0] DEBUG block.SCMBlockDeletingService (SCMBlockDeletingService.java:shouldRun(251)) - Check scm block delete run: true serviceStatus: RUNNING safemodeExitRunDelayMillis: 3000 alreadyWaitTimeInMillis: 4646
2023-04-19 02:33:51,715 [SCMBlockDeletingService#0] DEBUG block.SCMBlockDeletingService (SCMBlockDeletingService.java:call(154)) - Running DeletedBlockTransactionScanner
2023-04-19 02:33:51,729 [BlockDeletingService#4] INFO  interfaces.ContainerDeletionChoosingPolicyTemplate (ContainerDeletionChoosingPolicyTemplate.java:chooseContainerForBlockDeletion(83)) - Chosen 0/5000 blocks from 0 candidate containers.
2023-04-19 02:33:51,787 [BlockDeletingService#2] INFO  interfaces.ContainerDeletionChoosingPolicyTemplate (ContainerDeletionChoosingPolicyTemplate.java:chooseContainerForBlockDeletion(83)) - Chosen 0/5000 blocks from 0 candidate containers.
2023-04-19 02:33:51,787 [BlockDeletingService#2] INFO  interfaces.ContainerDeletionChoosingPolicyTemplate (ContainerDeletionChoosingPolicyTemplate.java:chooseContainerForBlockDeletion(83)) - Chosen 0/5000 blocks from 0 candidate containers.
2023-04-19 02:33:51,816 [SCMBlockDeletingService#0] DEBUG block.SCMBlockDeletingService (SCMBlockDeletingService.java:shouldRun(251)) - Check scm block delete run: true serviceStatus: RUNNING safemodeExitRunDelayMillis: 3000 alreadyWaitTimeInMillis: 4747
2023-04-19 02:33:51,816 [SCMBlockDeletingService#0] DEBUG block.SCMBlockDeletingService (SCMBlockDeletingService.java:call(154)) - Running DeletedBlockTransactionScanner
2023-04-19 02:33:51,829 [BlockDeletingService#4] INFO  interfaces.ContainerDeletionChoosingPolicyTemplate (ContainerDeletionChoosingPolicyTemplate.java:chooseContainerForBlockDeletion(83)) - Chosen 0/5000 blocks from 0 candidate containers.
2023-04-19 02:33:51,887 [BlockDeletingService#2] INFO  interfaces.ContainerDeletionChoosingPolicyTemplate (ContainerDeletionChoosingPolicyTemplate.java:chooseContainerForBlockDeletion(83)) - Chosen 0/5000 blocks from 0 candidate containers.
2023-04-19 02:33:51,887 [BlockDeletingService#2] INFO  interfaces.ContainerDeletionChoosingPolicyTemplate (ContainerDeletionChoosingPolicyTemplate.java:chooseContainerForBlockDeletion(83)) - Chosen 0/5000 blocks from 0 candidate containers.
2023-04-19 02:33:51,916 [SCMBlockDeletingService#0] DEBUG block.SCMBlockDeletingService (SCMBlockDeletingService.java:shouldRun(251)) - Check scm block delete run: true serviceStatus: RUNNING safemodeExitRunDelayMillis: 3000 alreadyWaitTimeInMillis: 4847
2023-04-19 02:33:51,916 [SCMBlockDeletingService#0] DEBUG block.SCMBlockDeletingService (SCMBlockDeletingService.java:call(154)) - Running DeletedBlockTransactionScanner
2023-04-19 02:33:51,929 [BlockDeletingService#4] INFO  interfaces.ContainerDeletionChoosingPolicyTemplate (ContainerDeletionChoosingPolicyTemplate.java:chooseContainerForBlockDeletion(83)) - Chosen 0/5000 blocks from 0 candidate containers.
2023-04-19 02:33:51,987 [BlockDeletingService#2] INFO  interfaces.ContainerDeletionChoosingPolicyTemplate (ContainerDeletionChoosingPolicyTemplate.java:chooseContainerForBlockDeletion(83)) - Chosen 0/5000 blocks from 0 candidate containers.
2023-04-19 02:33:51,987 [BlockDeletingService#2] INFO  interfaces.ContainerDeletionChoosingPolicyTemplate (ContainerDeletionChoosingPolicyTemplate.java:chooseContainerForBlockDeletion(83)) - Chosen 0/5000 blocks from 0 candidate containers.
2023-04-19 02:33:52,016 [SCMBlockDeletingService#0] DEBUG block.SCMBlockDeletingService (SCMBlockDeletingService.java:shouldRun(251)) - Check scm block delete run: true serviceStatus: RUNNING safemodeExitRunDelayMillis: 3000 alreadyWaitTimeInMillis: 4947
2023-04-19 02:33:52,016 [SCMBlockDeletingService#0] DEBUG block.SCMBlockDeletingService (SCMBlockDeletingService.java:call(154)) - Running DeletedBlockTransactionScanner
2023-04-19 02:33:52,029 [BlockDeletingService#4] INFO  interfaces.ContainerDeletionChoosingPolicyTemplate (ContainerDeletionChoosingPolicyTemplate.java:chooseContainerForBlockDeletion(83)) - Chosen 0/5000 blocks from 0 candidate containers.
2023-04-19 02:33:52,088 [BlockDeletingService#2] INFO  interfaces.ContainerDeletionChoosingPolicyTemplate (ContainerDeletionChoosingPolicyTemplate.java:chooseContainerForBlockDeletion(83)) - Chosen 0/5000 blocks from 0 candidate containers.
2023-04-19 02:33:52,088 [BlockDeletingService#2] INFO  interfaces.ContainerDeletionChoosingPolicyTemplate (ContainerDeletionChoosingPolicyTemplate.java:chooseContainerForBlockDeletion(83)) - Chosen 0/5000 blocks from 0 candidate containers.
2023-04-19 02:33:52,116 [SCMBlockDeletingService#0] DEBUG block.SCMBlockDeletingService (SCMBlockDeletingService.java:shouldRun(251)) - Check scm block delete run: true serviceStatus: RUNNING safemodeExitRunDelayMillis: 3000 alreadyWaitTimeInMillis: 5047
2023-04-19 02:33:52,116 [SCMBlockDeletingService#0] DEBUG block.SCMBlockDeletingService (SCMBlockDeletingService.java:call(154)) - Running DeletedBlockTransactionScanner
2023-04-19 02:33:52,129 [BlockDeletingService#4] INFO  interfaces.ContainerDeletionChoosingPolicyTemplate (ContainerDeletionChoosingPolicyTemplate.java:chooseContainerForBlockDeletion(83)) - Chosen 0/5000 blocks from 0 candidate containers.
2023-04-19 02:33:52,188 [BlockDeletingService#2] INFO  interfaces.ContainerDeletionChoosingPolicyTemplate (ContainerDeletionChoosingPolicyTemplate.java:chooseContainerForBlockDeletion(83)) - Chosen 0/5000 blocks from 0 candidate containers.
2023-04-19 02:33:52,188 [BlockDeletingService#2] INFO  interfaces.ContainerDeletionChoosingPolicyTemplate (ContainerDeletionChoosingPolicyTemplate.java:chooseContainerForBlockDeletion(83)) - Chosen 0/5000 blocks from 0 candidate containers.
2023-04-19 02:33:52,216 [SCMBlockDeletingService#0] DEBUG block.SCMBlockDeletingService (SCMBlockDeletingService.java:shouldRun(251)) - Check scm block delete run: true serviceStatus: RUNNING safemodeExitRunDelayMillis: 3000 alreadyWaitTimeInMillis: 5147
2023-04-19 02:33:52,216 [SCMBlockDeletingService#0] DEBUG block.SCMBlockDeletingService (SCMBlockDeletingService.java:call(154)) - Running DeletedBlockTransactionScanner
2023-04-19 02:33:52,230 [BlockDeletingService#4] INFO  interfaces.ContainerDeletionChoosingPolicyTemplate (ContainerDeletionChoosingPolicyTemplate.java:chooseContainerForBlockDeletion(83)) - Chosen 0/5000 blocks from 0 candidate containers.
2023-04-19 02:33:52,288 [BlockDeletingService#2] INFO  interfaces.ContainerDeletionChoosingPolicyTemplate (ContainerDeletionChoosingPolicyTemplate.java:chooseContainerForBlockDeletion(83)) - Chosen 0/5000 blocks from 0 candidate containers.
2023-04-19 02:33:52,288 [BlockDeletingService#2] INFO  interfaces.ContainerDeletionChoosingPolicyTemplate (ContainerDeletionChoosingPolicyTemplate.java:chooseContainerForBlockDeletion(83)) - Chosen 0/5000 blocks from 0 candidate containers.
2023-04-19 02:33:52,316 [SCMBlockDeletingService#0] DEBUG block.SCMBlockDeletingService (SCMBlockDeletingService.java:shouldRun(251)) - Check scm block delete run: true serviceStatus: RUNNING safemodeExitRunDelayMillis: 3000 alreadyWaitTimeInMillis: 5247
2023-04-19 02:33:52,316 [SCMBlockDeletingService#0] DEBUG block.SCMBlockDeletingService (SCMBlockDeletingService.java:call(154)) - Running DeletedBlockTransactionScanner
2023-04-19 02:33:52,330 [BlockDeletingService#4] INFO  interfaces.ContainerDeletionChoosingPolicyTemplate (ContainerDeletionChoosingPolicyTemplate.java:chooseContainerForBlockDeletion(83)) - Chosen 0/5000 blocks from 0 candidate containers.
2023-04-19 02:33:52,388 [BlockDeletingService#2] INFO  interfaces.ContainerDeletionChoosingPolicyTemplate (ContainerDeletionChoosingPolicyTemplate.java:chooseContainerForBlockDeletion(83)) - Chosen 0/5000 blocks from 0 candidate containers.
2023-04-19 02:33:52,388 [BlockDeletingService#2] INFO  interfaces.ContainerDeletionChoosingPolicyTemplate (ContainerDeletionChoosingPolicyTemplate.java:chooseContainerForBlockDeletion(83)) - Chosen 0/5000 blocks from 0 candidate containers.
2023-04-19 02:33:52,416 [SCMBlockDeletingService#0] DEBUG block.SCMBlockDeletingService (SCMBlockDeletingService.java:shouldRun(251)) - Check scm block delete run: true serviceStatus: RUNNING safemodeExitRunDelayMillis: 3000 alreadyWaitTimeInMillis: 5347
2023-04-19 02:33:52,416 [SCMBlockDeletingService#0] DEBUG block.SCMBlockDeletingService (SCMBlockDeletingService.java:call(154)) - Running DeletedBlockTransactionScanner
2023-04-19 02:33:52,430 [BlockDeletingService#4] INFO  interfaces.ContainerDeletionChoosingPolicyTemplate (ContainerDeletionChoosingPolicyTemplate.java:chooseContainerForBlockDeletion(83)) - Chosen 0/5000 blocks from 0 candidate containers.
2023-04-19 02:33:52,489 [BlockDeletingService#2] INFO  interfaces.ContainerDeletionChoosingPolicyTemplate (ContainerDeletionChoosingPolicyTemplate.java:chooseContainerForBlockDeletion(83)) - Chosen 0/5000 blocks from 0 candidate containers.
2023-04-19 02:33:52,489 [BlockDeletingService#2] INFO  interfaces.ContainerDeletionChoosingPolicyTemplate (ContainerDeletionChoosingPolicyTemplate.java:chooseContainerForBlockDeletion(83)) - Chosen 0/5000 blocks from 0 candidate containers.
2023-04-19 02:33:52,516 [SCMBlockDeletingService#0] DEBUG block.SCMBlockDeletingService (SCMBlockDeletingService.java:shouldRun(251)) - Check scm block delete run: true serviceStatus: RUNNING safemodeExitRunDelayMillis: 3000 alreadyWaitTimeInMillis: 5447
2023-04-19 02:33:52,516 [SCMBlockDeletingService#0] DEBUG block.SCMBlockDeletingService (SCMBlockDeletingService.java:call(154)) - Running DeletedBlockTransactionScanner
2023-04-19 02:33:52,530 [BlockDeletingService#4] INFO  interfaces.ContainerDeletionChoosingPolicyTemplate (ContainerDeletionChoosingPolicyTemplate.java:chooseContainerForBlockDeletion(83)) - Chosen 0/5000 blocks from 0 candidate containers.
2023-04-19 02:33:52,589 [BlockDeletingService#2] INFO  interfaces.ContainerDeletionChoosingPolicyTemplate (ContainerDeletionChoosingPolicyTemplate.java:chooseContainerForBlockDeletion(83)) - Chosen 0/5000 blocks from 0 candidate containers.
2023-04-19 02:33:52,589 [BlockDeletingService#2] INFO  interfaces.ContainerDeletionChoosingPolicyTemplate (ContainerDeletionChoosingPolicyTemplate.java:chooseContainerForBlockDeletion(83)) - Chosen 0/5000 blocks from 0 candidate containers.
2023-04-19 02:33:52,616 [SCMBlockDeletingService#0] DEBUG block.SCMBlockDeletingService (SCMBlockDeletingService.java:shouldRun(251)) - Check scm block delete run: true serviceStatus: RUNNING safemodeExitRunDelayMillis: 3000 alreadyWaitTimeInMillis: 5547
2023-04-19 02:33:52,616 [SCMBlockDeletingService#0] DEBUG block.SCMBlockDeletingService (SCMBlockDeletingService.java:call(154)) - Running DeletedBlockTransactionScanner
2023-04-19 02:33:52,630 [BlockDeletingService#4] INFO  interfaces.ContainerDeletionChoosingPolicyTemplate (ContainerDeletionChoosingPolicyTemplate.java:chooseContainerForBlockDeletion(83)) - Chosen 0/5000 blocks from 0 candidate containers.
2023-04-19 02:33:52,689 [BlockDeletingService#2] INFO  interfaces.ContainerDeletionChoosingPolicyTemplate (ContainerDeletionChoosingPolicyTemplate.java:chooseContainerForBlockDeletion(83)) - Chosen 0/5000 blocks from 0 candidate containers.
2023-04-19 02:33:52,689 [BlockDeletingService#2] INFO  interfaces.ContainerDeletionChoosingPolicyTemplate (ContainerDeletionChoosingPolicyTemplate.java:chooseContainerForBlockDeletion(83)) - Chosen 0/5000 blocks from 0 candidate containers.
2023-04-19 02:33:52,716 [SCMBlockDeletingService#0] DEBUG block.SCMBlockDeletingService (SCMBlockDeletingService.java:shouldRun(251)) - Check scm block delete run: true serviceStatus: RUNNING safemodeExitRunDelayMillis: 3000 alreadyWaitTimeInMillis: 5647
2023-04-19 02:33:52,716 [SCMBlockDeletingService#0] DEBUG block.SCMBlockDeletingService (SCMBlockDeletingService.java:call(154)) - Running DeletedBlockTransactionScanner
2023-04-19 02:33:52,731 [BlockDeletingService#4] INFO  interfaces.ContainerDeletionChoosingPolicyTemplate (ContainerDeletionChoosingPolicyTemplate.java:chooseContainerForBlockDeletion(83)) - Chosen 0/5000 blocks from 0 candidate containers.
2023-04-19 02:33:52,789 [BlockDeletingService#2] INFO  interfaces.ContainerDeletionChoosingPolicyTemplate (ContainerDeletionChoosingPolicyTemplate.java:chooseContainerForBlockDeletion(83)) - Chosen 0/5000 blocks from 0 candidate containers.
2023-04-19 02:33:52,790 [BlockDeletingService#2] INFO  interfaces.ContainerDeletionChoosingPolicyTemplate (ContainerDeletionChoosingPolicyTemplate.java:chooseContainerForBlockDeletion(83)) - Chosen 0/5000 blocks from 0 candidate containers.
2023-04-19 02:33:52,816 [SCMBlockDeletingService#0] DEBUG block.SCMBlockDeletingService (SCMBlockDeletingService.java:shouldRun(251)) - Check scm block delete run: true serviceStatus: RUNNING safemodeExitRunDelayMillis: 3000 alreadyWaitTimeInMillis: 5747
2023-04-19 02:33:52,817 [SCMBlockDeletingService#0] DEBUG block.SCMBlockDeletingService (SCMBlockDeletingService.java:call(154)) - Running DeletedBlockTransactionScanner
2023-04-19 02:33:52,831 [BlockDeletingService#4] INFO  interfaces.ContainerDeletionChoosingPolicyTemplate (ContainerDeletionChoosingPolicyTemplate.java:chooseContainerForBlockDeletion(83)) - Chosen 0/5000 blocks from 0 candidate containers.
2023-04-19 02:33:52,890 [BlockDeletingService#2] INFO  interfaces.ContainerDeletionChoosingPolicyTemplate (ContainerDeletionChoosingPolicyTemplate.java:chooseContainerForBlockDeletion(83)) - Chosen 0/5000 blocks from 0 candidate containers.
2023-04-19 02:33:52,890 [BlockDeletingService#2] INFO  interfaces.ContainerDeletionChoosingPolicyTemplate (ContainerDeletionChoosingPolicyTemplate.java:chooseContainerForBlockDeletion(83)) - Chosen 0/5000 blocks from 0 candidate containers.
2023-04-19 02:33:52,917 [SCMBlockDeletingService#0] DEBUG block.SCMBlockDeletingService (SCMBlockDeletingService.java:shouldRun(251)) - Check scm block delete run: true serviceStatus: RUNNING safemodeExitRunDelayMillis: 3000 alreadyWaitTimeInMillis: 5848
2023-04-19 02:33:52,917 [SCMBlockDeletingService#0] DEBUG block.SCMBlockDeletingService (SCMBlockDeletingService.java:call(154)) - Running DeletedBlockTransactionScanner
2023-04-19 02:33:52,931 [BlockDeletingService#4] INFO  interfaces.ContainerDeletionChoosingPolicyTemplate (ContainerDeletionChoosingPolicyTemplate.java:chooseContainerForBlockDeletion(83)) - Chosen 0/5000 blocks from 0 candidate containers.
2023-04-19 02:33:52,990 [BlockDeletingService#2] INFO  interfaces.ContainerDeletionChoosingPolicyTemplate (ContainerDeletionChoosingPolicyTemplate.java:chooseContainerForBlockDeletion(83)) - Chosen 0/5000 blocks from 0 candidate containers.
2023-04-19 02:33:52,990 [BlockDeletingService#2] INFO  interfaces.ContainerDeletionChoosingPolicyTemplate (ContainerDeletionChoosingPolicyTemplate.java:chooseContainerForBlockDeletion(83)) - Chosen 0/5000 blocks from 0 candidate containers.
2023-04-19 02:33:53,017 [SCMBlockDeletingService#0] DEBUG block.SCMBlockDeletingService (SCMBlockDeletingService.java:shouldRun(251)) - Check scm block delete run: true serviceStatus: RUNNING safemodeExitRunDelayMillis: 3000 alreadyWaitTimeInMillis: 5948
2023-04-19 02:33:53,017 [SCMBlockDeletingService#0] DEBUG block.SCMBlockDeletingService (SCMBlockDeletingService.java:call(154)) - Running DeletedBlockTransactionScanner
2023-04-19 02:33:53,032 [BlockDeletingService#4] INFO  interfaces.ContainerDeletionChoosingPolicyTemplate (ContainerDeletionChoosingPolicyTemplate.java:chooseContainerForBlockDeletion(83)) - Chosen 0/5000 blocks from 0 candidate containers.
2023-04-19 02:33:53,090 [BlockDeletingService#2] INFO  interfaces.ContainerDeletionChoosingPolicyTemplate (ContainerDeletionChoosingPolicyTemplate.java:chooseContainerForBlockDeletion(83)) - Chosen 0/5000 blocks from 0 candidate containers.
2023-04-19 02:33:53,090 [BlockDeletingService#2] INFO  interfaces.ContainerDeletionChoosingPolicyTemplate (ContainerDeletionChoosingPolicyTemplate.java:chooseContainerForBlockDeletion(83)) - Chosen 0/5000 blocks from 0 candidate containers.
2023-04-19 02:33:53,117 [SCMBlockDeletingService#0] DEBUG block.SCMBlockDeletingService (SCMBlockDeletingService.java:shouldRun(251)) - Check scm block delete run: true serviceStatus: RUNNING safemodeExitRunDelayMillis: 3000 alreadyWaitTimeInMillis: 6048
2023-04-19 02:33:53,117 [SCMBlockDeletingService#0] DEBUG block.SCMBlockDeletingService (SCMBlockDeletingService.java:call(154)) - Running DeletedBlockTransactionScanner
2023-04-19 02:33:53,132 [BlockDeletingService#4] INFO  interfaces.ContainerDeletionChoosingPolicyTemplate (ContainerDeletionChoosingPolicyTemplate.java:chooseContainerForBlockDeletion(83)) - Chosen 0/5000 blocks from 0 candidate containers.
2023-04-19 02:33:53,190 [BlockDeletingService#2] INFO  interfaces.ContainerDeletionChoosingPolicyTemplate (ContainerDeletionChoosingPolicyTemplate.java:chooseContainerForBlockDeletion(83)) - Chosen 0/5000 blocks from 0 candidate containers.
2023-04-19 02:33:53,191 [BlockDeletingService#2] INFO  interfaces.ContainerDeletionChoosingPolicyTemplate (ContainerDeletionChoosingPolicyTemplate.java:chooseContainerForBlockDeletion(83)) - Chosen 0/5000 blocks from 0 candidate containers.
2023-04-19 02:33:53,217 [SCMBlockDeletingService#0] DEBUG block.SCMBlockDeletingService (SCMBlockDeletingService.java:shouldRun(251)) - Check scm block delete run: true serviceStatus: RUNNING safemodeExitRunDelayMillis: 3000 alreadyWaitTimeInMillis: 6148
2023-04-19 02:33:53,217 [SCMBlockDeletingService#0] DEBUG block.SCMBlockDeletingService (SCMBlockDeletingService.java:call(154)) - Running DeletedBlockTransactionScanner
2023-04-19 02:33:53,232 [BlockDeletingService#4] INFO  interfaces.ContainerDeletionChoosingPolicyTemplate (ContainerDeletionChoosingPolicyTemplate.java:chooseContainerForBlockDeletion(83)) - Chosen 0/5000 blocks from 0 candidate containers.
2023-04-19 02:33:53,291 [BlockDeletingService#2] INFO  interfaces.ContainerDeletionChoosingPolicyTemplate (ContainerDeletionChoosingPolicyTemplate.java:chooseContainerForBlockDeletion(83)) - Chosen 0/5000 blocks from 0 candidate containers.
2023-04-19 02:33:53,291 [BlockDeletingService#2] INFO  interfaces.ContainerDeletionChoosingPolicyTemplate (ContainerDeletionChoosingPolicyTemplate.java:chooseContainerForBlockDeletion(83)) - Chosen 0/5000 blocks from 0 candidate containers.
2023-04-19 02:33:53,317 [SCMBlockDeletingService#0] DEBUG block.SCMBlockDeletingService (SCMBlockDeletingService.java:shouldRun(251)) - Check scm block delete run: true serviceStatus: RUNNING safemodeExitRunDelayMillis: 3000 alreadyWaitTimeInMillis: 6248
2023-04-19 02:33:53,317 [SCMBlockDeletingService#0] DEBUG block.SCMBlockDeletingService (SCMBlockDeletingService.java:call(154)) - Running DeletedBlockTransactionScanner
2023-04-19 02:33:53,332 [BlockDeletingService#4] INFO  interfaces.ContainerDeletionChoosingPolicyTemplate (ContainerDeletionChoosingPolicyTemplate.java:chooseContainerForBlockDeletion(83)) - Chosen 0/5000 blocks from 0 candidate containers.
2023-04-19 02:33:53,391 [BlockDeletingService#2] INFO  interfaces.ContainerDeletionChoosingPolicyTemplate (ContainerDeletionChoosingPolicyTemplate.java:chooseContainerForBlockDeletion(83)) - Chosen 0/5000 blocks from 0 candidate containers.
2023-04-19 02:33:53,391 [BlockDeletingService#2] INFO  interfaces.ContainerDeletionChoosingPolicyTemplate (ContainerDeletionChoosingPolicyTemplate.java:chooseContainerForBlockDeletion(83)) - Chosen 0/5000 blocks from 0 candidate containers.
2023-04-19 02:33:53,417 [SCMBlockDeletingService#0] DEBUG block.SCMBlockDeletingService (SCMBlockDeletingService.java:shouldRun(251)) - Check scm block delete run: true serviceStatus: RUNNING safemodeExitRunDelayMillis: 3000 alreadyWaitTimeInMillis: 6348
2023-04-19 02:33:53,417 [SCMBlockDeletingService#0] DEBUG block.SCMBlockDeletingService (SCMBlockDeletingService.java:call(154)) - Running DeletedBlockTransactionScanner
2023-04-19 02:33:53,432 [BlockDeletingService#4] INFO  interfaces.ContainerDeletionChoosingPolicyTemplate (ContainerDeletionChoosingPolicyTemplate.java:chooseContainerForBlockDeletion(83)) - Chosen 0/5000 blocks from 0 candidate containers.
2023-04-19 02:33:53,491 [BlockDeletingService#2] INFO  interfaces.ContainerDeletionChoosingPolicyTemplate (ContainerDeletionChoosingPolicyTemplate.java:chooseContainerForBlockDeletion(83)) - Chosen 0/5000 blocks from 0 candidate containers.
2023-04-19 02:33:53,491 [BlockDeletingService#2] INFO  interfaces.ContainerDeletionChoosingPolicyTemplate (ContainerDeletionChoosingPolicyTemplate.java:chooseContainerForBlockDeletion(83)) - Chosen 0/5000 blocks from 0 candidate containers.
2023-04-19 02:33:53,517 [SCMBlockDeletingService#0] DEBUG block.SCMBlockDeletingService (SCMBlockDeletingService.java:shouldRun(251)) - Check scm block delete run: true serviceStatus: RUNNING safemodeExitRunDelayMillis: 3000 alreadyWaitTimeInMillis: 6448
2023-04-19 02:33:53,517 [SCMBlockDeletingService#0] DEBUG block.SCMBlockDeletingService (SCMBlockDeletingService.java:call(154)) - Running DeletedBlockTransactionScanner
2023-04-19 02:33:53,533 [BlockDeletingService#4] INFO  interfaces.ContainerDeletionChoosingPolicyTemplate (ContainerDeletionChoosingPolicyTemplate.java:chooseContainerForBlockDeletion(83)) - Chosen 0/5000 blocks from 0 candidate containers.
2023-04-19 02:33:53,591 [BlockDeletingService#2] INFO  interfaces.ContainerDeletionChoosingPolicyTemplate (ContainerDeletionChoosingPolicyTemplate.java:chooseContainerForBlockDeletion(83)) - Chosen 0/5000 blocks from 0 candidate containers.
2023-04-19 02:33:53,591 [BlockDeletingService#2] INFO  interfaces.ContainerDeletionChoosingPolicyTemplate (ContainerDeletionChoosingPolicyTemplate.java:chooseContainerForBlockDeletion(83)) - Chosen 0/5000 blocks from 0 candidate containers.
2023-04-19 02:33:53,617 [SCMBlockDeletingService#0] DEBUG block.SCMBlockDeletingService (SCMBlockDeletingService.java:shouldRun(251)) - Check scm block delete run: true serviceStatus: RUNNING safemodeExitRunDelayMillis: 3000 alreadyWaitTimeInMillis: 6548
2023-04-19 02:33:53,617 [SCMBlockDeletingService#0] DEBUG block.SCMBlockDeletingService (SCMBlockDeletingService.java:call(154)) - Running DeletedBlockTransactionScanner
2023-04-19 02:33:53,633 [BlockDeletingService#4] INFO  interfaces.ContainerDeletionChoosingPolicyTemplate (ContainerDeletionChoosingPolicyTemplate.java:chooseContainerForBlockDeletion(83)) - Chosen 0/5000 blocks from 0 candidate containers.
2023-04-19 02:33:53,691 [BlockDeletingService#2] INFO  interfaces.ContainerDeletionChoosingPolicyTemplate (ContainerDeletionChoosingPolicyTemplate.java:chooseContainerForBlockDeletion(83)) - Chosen 0/5000 blocks from 0 candidate containers.
2023-04-19 02:33:53,691 [BlockDeletingService#2] INFO  interfaces.ContainerDeletionChoosingPolicyTemplate (ContainerDeletionChoosingPolicyTemplate.java:chooseContainerForBlockDeletion(83)) - Chosen 0/5000 blocks from 0 candidate containers.
2023-04-19 02:33:53,717 [SCMBlockDeletingService#0] DEBUG block.SCMBlockDeletingService (SCMBlockDeletingService.java:shouldRun(251)) - Check scm block delete run: true serviceStatus: RUNNING safemodeExitRunDelayMillis: 3000 alreadyWaitTimeInMillis: 6648
2023-04-19 02:33:53,717 [SCMBlockDeletingService#0] DEBUG block.SCMBlockDeletingService (SCMBlockDeletingService.java:call(154)) - Running DeletedBlockTransactionScanner
2023-04-19 02:33:53,733 [BlockDeletingService#4] INFO  interfaces.ContainerDeletionChoosingPolicyTemplate (ContainerDeletionChoosingPolicyTemplate.java:chooseContainerForBlockDeletion(83)) - Chosen 0/5000 blocks from 0 candidate containers.
2023-04-19 02:33:53,782 [EventQueue-CloseContainerForCloseContainerEventHandler] INFO  container.CloseContainerEventHandler (CloseContainerEventHandler.java:onMessage(89)) - Close container Event triggered for container : #1, current state: OPEN
2023-04-19 02:33:53,783 [EventQueue-CloseContainerForCloseContainerEventHandler] INFO  container.CloseContainerEventHandler (CloseContainerEventHandler.java:onMessage(89)) - Close container Event triggered for container : #2, current state: OPEN
2023-04-19 02:33:53,783 [EventQueue-CloseContainerForCloseContainerEventHandler] INFO  container.CloseContainerEventHandler (CloseContainerEventHandler.java:onMessage(89)) - Close container Event triggered for container : #3, current state: OPEN
2023-04-19 02:33:53,792 [BlockDeletingService#2] INFO  interfaces.ContainerDeletionChoosingPolicyTemplate (ContainerDeletionChoosingPolicyTemplate.java:chooseContainerForBlockDeletion(83)) - Chosen 0/5000 blocks from 0 candidate containers.
2023-04-19 02:33:53,792 [BlockDeletingService#2] INFO  interfaces.ContainerDeletionChoosingPolicyTemplate (ContainerDeletionChoosingPolicyTemplate.java:chooseContainerForBlockDeletion(83)) - Chosen 0/5000 blocks from 0 candidate containers.
2023-04-19 02:33:53,817 [SCMBlockDeletingService#0] DEBUG block.SCMBlockDeletingService (SCMBlockDeletingService.java:shouldRun(251)) - Check scm block delete run: true serviceStatus: RUNNING safemodeExitRunDelayMillis: 3000 alreadyWaitTimeInMillis: 6748
2023-04-19 02:33:53,817 [SCMBlockDeletingService#0] DEBUG block.SCMBlockDeletingService (SCMBlockDeletingService.java:call(154)) - Running DeletedBlockTransactionScanner
2023-04-19 02:33:53,833 [BlockDeletingService#4] INFO  interfaces.ContainerDeletionChoosingPolicyTemplate (ContainerDeletionChoosingPolicyTemplate.java:chooseContainerForBlockDeletion(83)) - Chosen 0/5000 blocks from 0 candidate containers.
2023-04-19 02:33:53,892 [BlockDeletingService#2] INFO  interfaces.ContainerDeletionChoosingPolicyTemplate (ContainerDeletionChoosingPolicyTemplate.java:chooseContainerForBlockDeletion(83)) - Chosen 0/5000 blocks from 0 candidate containers.
2023-04-19 02:33:53,892 [BlockDeletingService#2] INFO  interfaces.ContainerDeletionChoosingPolicyTemplate (ContainerDeletionChoosingPolicyTemplate.java:chooseContainerForBlockDeletion(83)) - Chosen 0/5000 blocks from 0 candidate containers.
2023-04-19 02:33:53,917 [SCMBlockDeletingService#0] DEBUG block.SCMBlockDeletingService (SCMBlockDeletingService.java:shouldRun(251)) - Check scm block delete run: true serviceStatus: RUNNING safemodeExitRunDelayMillis: 3000 alreadyWaitTimeInMillis: 6848
2023-04-19 02:33:53,917 [SCMBlockDeletingService#0] DEBUG block.SCMBlockDeletingService (SCMBlockDeletingService.java:call(154)) - Running DeletedBlockTransactionScanner
2023-04-19 02:33:53,933 [BlockDeletingService#4] INFO  interfaces.ContainerDeletionChoosingPolicyTemplate (ContainerDeletionChoosingPolicyTemplate.java:chooseContainerForBlockDeletion(83)) - Chosen 0/5000 blocks from 0 candidate containers.
2023-04-19 02:33:53,992 [BlockDeletingService#2] INFO  interfaces.ContainerDeletionChoosingPolicyTemplate (ContainerDeletionChoosingPolicyTemplate.java:chooseContainerForBlockDeletion(83)) - Chosen 0/5000 blocks from 0 candidate containers.
2023-04-19 02:33:53,992 [BlockDeletingService#2] INFO  interfaces.ContainerDeletionChoosingPolicyTemplate (ContainerDeletionChoosingPolicyTemplate.java:chooseContainerForBlockDeletion(83)) - Chosen 0/5000 blocks from 0 candidate containers.
2023-04-19 02:33:54,017 [SCMBlockDeletingService#0] DEBUG block.SCMBlockDeletingService (SCMBlockDeletingService.java:shouldRun(251)) - Check scm block delete run: true serviceStatus: RUNNING safemodeExitRunDelayMillis: 3000 alreadyWaitTimeInMillis: 6948
2023-04-19 02:33:54,018 [SCMBlockDeletingService#0] DEBUG block.SCMBlockDeletingService (SCMBlockDeletingService.java:call(154)) - Running DeletedBlockTransactionScanner
2023-04-19 02:33:54,033 [BlockDeletingService#4] INFO  interfaces.ContainerDeletionChoosingPolicyTemplate (ContainerDeletionChoosingPolicyTemplate.java:chooseContainerForBlockDeletion(83)) - Chosen 0/5000 blocks from 0 candidate containers.
2023-04-19 02:33:54,092 [BlockDeletingService#2] INFO  interfaces.ContainerDeletionChoosingPolicyTemplate (ContainerDeletionChoosingPolicyTemplate.java:chooseContainerForBlockDeletion(83)) - Chosen 0/5000 blocks from 0 candidate containers.
2023-04-19 02:33:54,093 [BlockDeletingService#2] INFO  interfaces.ContainerDeletionChoosingPolicyTemplate (ContainerDeletionChoosingPolicyTemplate.java:chooseContainerForBlockDeletion(83)) - Chosen 0/5000 blocks from 0 candidate containers.
2023-04-19 02:33:54,118 [SCMBlockDeletingService#0] DEBUG block.SCMBlockDeletingService (SCMBlockDeletingService.java:shouldRun(251)) - Check scm block delete run: true serviceStatus: RUNNING safemodeExitRunDelayMillis: 3000 alreadyWaitTimeInMillis: 7049
2023-04-19 02:33:54,118 [SCMBlockDeletingService#0] DEBUG block.SCMBlockDeletingService (SCMBlockDeletingService.java:call(154)) - Running DeletedBlockTransactionScanner
2023-04-19 02:33:54,134 [BlockDeletingService#4] INFO  interfaces.ContainerDeletionChoosingPolicyTemplate (ContainerDeletionChoosingPolicyTemplate.java:chooseContainerForBlockDeletion(83)) - Chosen 0/5000 blocks from 0 candidate containers.
2023-04-19 02:33:54,193 [BlockDeletingService#2] INFO  interfaces.ContainerDeletionChoosingPolicyTemplate (ContainerDeletionChoosingPolicyTemplate.java:chooseContainerForBlockDeletion(83)) - Chosen 0/5000 blocks from 0 candidate containers.
2023-04-19 02:33:54,193 [BlockDeletingService#2] INFO  interfaces.ContainerDeletionChoosingPolicyTemplate (ContainerDeletionChoosingPolicyTemplate.java:chooseContainerForBlockDeletion(83)) - Chosen 0/5000 blocks from 0 candidate containers.
2023-04-19 02:33:54,218 [SCMBlockDeletingService#0] DEBUG block.SCMBlockDeletingService (SCMBlockDeletingService.java:shouldRun(251)) - Check scm block delete run: true serviceStatus: RUNNING safemodeExitRunDelayMillis: 3000 alreadyWaitTimeInMillis: 7149
2023-04-19 02:33:54,218 [SCMBlockDeletingService#0] DEBUG block.SCMBlockDeletingService (SCMBlockDeletingService.java:call(154)) - Running DeletedBlockTransactionScanner
2023-04-19 02:33:54,234 [BlockDeletingService#4] INFO  interfaces.ContainerDeletionChoosingPolicyTemplate (ContainerDeletionChoosingPolicyTemplate.java:chooseContainerForBlockDeletion(83)) - Chosen 0/5000 blocks from 0 candidate containers.
2023-04-19 02:33:54,293 [BlockDeletingService#2] INFO  interfaces.ContainerDeletionChoosingPolicyTemplate (ContainerDeletionChoosingPolicyTemplate.java:chooseContainerForBlockDeletion(83)) - Chosen 0/5000 blocks from 0 candidate containers.
2023-04-19 02:33:54,293 [BlockDeletingService#2] INFO  interfaces.ContainerDeletionChoosingPolicyTemplate (ContainerDeletionChoosingPolicyTemplate.java:chooseContainerForBlockDeletion(83)) - Chosen 0/5000 blocks from 0 candidate containers.
2023-04-19 02:33:54,318 [SCMBlockDeletingService#0] DEBUG block.SCMBlockDeletingService (SCMBlockDeletingService.java:shouldRun(251)) - Check scm block delete run: true serviceStatus: RUNNING safemodeExitRunDelayMillis: 3000 alreadyWaitTimeInMillis: 7249
2023-04-19 02:33:54,318 [SCMBlockDeletingService#0] DEBUG block.SCMBlockDeletingService (SCMBlockDeletingService.java:call(154)) - Running DeletedBlockTransactionScanner
2023-04-19 02:33:54,334 [BlockDeletingService#4] INFO  interfaces.ContainerDeletionChoosingPolicyTemplate (ContainerDeletionChoosingPolicyTemplate.java:chooseContainerForBlockDeletion(83)) - Chosen 0/5000 blocks from 0 candidate containers.
2023-04-19 02:33:54,393 [BlockDeletingService#2] INFO  interfaces.ContainerDeletionChoosingPolicyTemplate (ContainerDeletionChoosingPolicyTemplate.java:chooseContainerForBlockDeletion(83)) - Chosen 0/5000 blocks from 0 candidate containers.
2023-04-19 02:33:54,393 [BlockDeletingService#2] INFO  interfaces.ContainerDeletionChoosingPolicyTemplate (ContainerDeletionChoosingPolicyTemplate.java:chooseContainerForBlockDeletion(83)) - Chosen 0/5000 blocks from 0 candidate containers.
2023-04-19 02:33:54,418 [SCMBlockDeletingService#0] DEBUG block.SCMBlockDeletingService (SCMBlockDeletingService.java:shouldRun(251)) - Check scm block delete run: true serviceStatus: RUNNING safemodeExitRunDelayMillis: 3000 alreadyWaitTimeInMillis: 7349
2023-04-19 02:33:54,418 [SCMBlockDeletingService#0] DEBUG block.SCMBlockDeletingService (SCMBlockDeletingService.java:call(154)) - Running DeletedBlockTransactionScanner
2023-04-19 02:33:54,434 [BlockDeletingService#4] INFO  interfaces.ContainerDeletionChoosingPolicyTemplate (ContainerDeletionChoosingPolicyTemplate.java:chooseContainerForBlockDeletion(83)) - Chosen 0/5000 blocks from 0 candidate containers.
2023-04-19 02:33:54,494 [BlockDeletingService#2] INFO  interfaces.ContainerDeletionChoosingPolicyTemplate (ContainerDeletionChoosingPolicyTemplate.java:chooseContainerForBlockDeletion(83)) - Chosen 0/5000 blocks from 0 candidate containers.
2023-04-19 02:33:54,494 [BlockDeletingService#2] INFO  interfaces.ContainerDeletionChoosingPolicyTemplate (ContainerDeletionChoosingPolicyTemplate.java:chooseContainerForBlockDeletion(83)) - Chosen 0/5000 blocks from 0 candidate containers.
2023-04-19 02:33:54,518 [SCMBlockDeletingService#0] DEBUG block.SCMBlockDeletingService (SCMBlockDeletingService.java:shouldRun(251)) - Check scm block delete run: true serviceStatus: RUNNING safemodeExitRunDelayMillis: 3000 alreadyWaitTimeInMillis: 7449
2023-04-19 02:33:54,518 [SCMBlockDeletingService#0] DEBUG block.SCMBlockDeletingService (SCMBlockDeletingService.java:call(154)) - Running DeletedBlockTransactionScanner
2023-04-19 02:33:54,535 [BlockDeletingService#4] INFO  interfaces.ContainerDeletionChoosingPolicyTemplate (ContainerDeletionChoosingPolicyTemplate.java:chooseContainerForBlockDeletion(83)) - Chosen 0/5000 blocks from 0 candidate containers.
2023-04-19 02:33:54,594 [BlockDeletingService#2] INFO  interfaces.ContainerDeletionChoosingPolicyTemplate (ContainerDeletionChoosingPolicyTemplate.java:chooseContainerForBlockDeletion(83)) - Chosen 0/5000 blocks from 0 candidate containers.
2023-04-19 02:33:54,594 [BlockDeletingService#2] INFO  interfaces.ContainerDeletionChoosingPolicyTemplate (ContainerDeletionChoosingPolicyTemplate.java:chooseContainerForBlockDeletion(83)) - Chosen 0/5000 blocks from 0 candidate containers.
2023-04-19 02:33:54,618 [SCMBlockDeletingService#0] DEBUG block.SCMBlockDeletingService (SCMBlockDeletingService.java:shouldRun(251)) - Check scm block delete run: true serviceStatus: RUNNING safemodeExitRunDelayMillis: 3000 alreadyWaitTimeInMillis: 7549
2023-04-19 02:33:54,618 [SCMBlockDeletingService#0] DEBUG block.SCMBlockDeletingService (SCMBlockDeletingService.java:call(154)) - Running DeletedBlockTransactionScanner
2023-04-19 02:33:54,635 [BlockDeletingService#4] INFO  interfaces.ContainerDeletionChoosingPolicyTemplate (ContainerDeletionChoosingPolicyTemplate.java:chooseContainerForBlockDeletion(83)) - Chosen 0/5000 blocks from 0 candidate containers.
2023-04-19 02:33:54,694 [BlockDeletingService#2] INFO  interfaces.ContainerDeletionChoosingPolicyTemplate (ContainerDeletionChoosingPolicyTemplate.java:chooseContainerForBlockDeletion(83)) - Chosen 0/5000 blocks from 0 candidate containers.
2023-04-19 02:33:54,694 [BlockDeletingService#2] INFO  interfaces.ContainerDeletionChoosingPolicyTemplate (ContainerDeletionChoosingPolicyTemplate.java:chooseContainerForBlockDeletion(83)) - Chosen 0/5000 blocks from 0 candidate containers.
2023-04-19 02:33:54,718 [SCMBlockDeletingService#0] DEBUG block.SCMBlockDeletingService (SCMBlockDeletingService.java:shouldRun(251)) - Check scm block delete run: true serviceStatus: RUNNING safemodeExitRunDelayMillis: 3000 alreadyWaitTimeInMillis: 7649
2023-04-19 02:33:54,718 [SCMBlockDeletingService#0] DEBUG block.SCMBlockDeletingService (SCMBlockDeletingService.java:call(154)) - Running DeletedBlockTransactionScanner
2023-04-19 02:33:54,735 [BlockDeletingService#4] INFO  interfaces.ContainerDeletionChoosingPolicyTemplate (ContainerDeletionChoosingPolicyTemplate.java:chooseContainerForBlockDeletion(83)) - Chosen 0/5000 blocks from 0 candidate containers.
2023-04-19 02:33:54,794 [BlockDeletingService#2] INFO  interfaces.ContainerDeletionChoosingPolicyTemplate (ContainerDeletionChoosingPolicyTemplate.java:chooseContainerForBlockDeletion(83)) - Chosen 0/5000 blocks from 0 candidate containers.
2023-04-19 02:33:54,795 [BlockDeletingService#2] INFO  interfaces.ContainerDeletionChoosingPolicyTemplate (ContainerDeletionChoosingPolicyTemplate.java:chooseContainerForBlockDeletion(83)) - Chosen 0/5000 blocks from 0 candidate containers.
2023-04-19 02:33:54,818 [SCMBlockDeletingService#0] DEBUG block.SCMBlockDeletingService (SCMBlockDeletingService.java:shouldRun(251)) - Check scm block delete run: true serviceStatus: RUNNING safemodeExitRunDelayMillis: 3000 alreadyWaitTimeInMillis: 7749
2023-04-19 02:33:54,818 [SCMBlockDeletingService#0] DEBUG block.SCMBlockDeletingService (SCMBlockDeletingService.java:call(154)) - Running DeletedBlockTransactionScanner
2023-04-19 02:33:54,835 [BlockDeletingService#4] INFO  interfaces.ContainerDeletionChoosingPolicyTemplate (ContainerDeletionChoosingPolicyTemplate.java:chooseContainerForBlockDeletion(83)) - Chosen 0/5000 blocks from 0 candidate containers.
2023-04-19 02:33:54,895 [BlockDeletingService#2] INFO  interfaces.ContainerDeletionChoosingPolicyTemplate (ContainerDeletionChoosingPolicyTemplate.java:chooseContainerForBlockDeletion(83)) - Chosen 0/5000 blocks from 0 candidate containers.
2023-04-19 02:33:54,895 [BlockDeletingService#2] INFO  interfaces.ContainerDeletionChoosingPolicyTemplate (ContainerDeletionChoosingPolicyTemplate.java:chooseContainerForBlockDeletion(83)) - Chosen 0/5000 blocks from 0 candidate containers.
2023-04-19 02:33:54,918 [SCMBlockDeletingService#0] DEBUG block.SCMBlockDeletingService (SCMBlockDeletingService.java:shouldRun(251)) - Check scm block delete run: true serviceStatus: RUNNING safemodeExitRunDelayMillis: 3000 alreadyWaitTimeInMillis: 7849
2023-04-19 02:33:54,918 [SCMBlockDeletingService#0] DEBUG block.SCMBlockDeletingService (SCMBlockDeletingService.java:call(154)) - Running DeletedBlockTransactionScanner
2023-04-19 02:33:54,935 [BlockDeletingService#4] INFO  interfaces.ContainerDeletionChoosingPolicyTemplate (ContainerDeletionChoosingPolicyTemplate.java:chooseContainerForBlockDeletion(83)) - Chosen 0/5000 blocks from 0 candidate containers.
2023-04-19 02:33:54,995 [BlockDeletingService#2] INFO  interfaces.ContainerDeletionChoosingPolicyTemplate (ContainerDeletionChoosingPolicyTemplate.java:chooseContainerForBlockDeletion(83)) - Chosen 0/5000 blocks from 0 candidate containers.
2023-04-19 02:33:54,995 [BlockDeletingService#2] INFO  interfaces.ContainerDeletionChoosingPolicyTemplate (ContainerDeletionChoosingPolicyTemplate.java:chooseContainerForBlockDeletion(83)) - Chosen 0/5000 blocks from 0 candidate containers.
2023-04-19 02:33:55,018 [SCMBlockDeletingService#0] DEBUG block.SCMBlockDeletingService (SCMBlockDeletingService.java:shouldRun(251)) - Check scm block delete run: true serviceStatus: RUNNING safemodeExitRunDelayMillis: 3000 alreadyWaitTimeInMillis: 7949
2023-04-19 02:33:55,018 [SCMBlockDeletingService#0] DEBUG block.SCMBlockDeletingService (SCMBlockDeletingService.java:call(154)) - Running DeletedBlockTransactionScanner
2023-04-19 02:33:55,036 [BlockDeletingService#4] INFO  interfaces.ContainerDeletionChoosingPolicyTemplate (ContainerDeletionChoosingPolicyTemplate.java:chooseContainerForBlockDeletion(83)) - Chosen 0/5000 blocks from 0 candidate containers.
2023-04-19 02:33:55,095 [BlockDeletingService#2] INFO  interfaces.ContainerDeletionChoosingPolicyTemplate (ContainerDeletionChoosingPolicyTemplate.java:chooseContainerForBlockDeletion(83)) - Chosen 0/5000 blocks from 0 candidate containers.
2023-04-19 02:33:55,095 [BlockDeletingService#2] INFO  interfaces.ContainerDeletionChoosingPolicyTemplate (ContainerDeletionChoosingPolicyTemplate.java:chooseContainerForBlockDeletion(83)) - Chosen 0/5000 blocks from 0 candidate containers.
2023-04-19 02:33:55,118 [SCMBlockDeletingService#0] DEBUG block.SCMBlockDeletingService (SCMBlockDeletingService.java:shouldRun(251)) - Check scm block delete run: true serviceStatus: RUNNING safemodeExitRunDelayMillis: 3000 alreadyWaitTimeInMillis: 8049
2023-04-19 02:33:55,118 [SCMBlockDeletingService#0] DEBUG block.SCMBlockDeletingService (SCMBlockDeletingService.java:call(154)) - Running DeletedBlockTransactionScanner
2023-04-19 02:33:55,136 [BlockDeletingService#4] INFO  interfaces.ContainerDeletionChoosingPolicyTemplate (ContainerDeletionChoosingPolicyTemplate.java:chooseContainerForBlockDeletion(83)) - Chosen 0/5000 blocks from 0 candidate containers.
2023-04-19 02:33:55,161 [Command processor thread] INFO  keyvalue.KeyValueContainer (KeyValueContainer.java:flushAndSyncDB(446)) - Container 1 is synced with bcsId 0.
2023-04-19 02:33:55,162 [Command processor thread] INFO  keyvalue.KeyValueContainer (KeyValueContainer.java:flushAndSyncDB(446)) - Container 1 is synced with bcsId 0.
2023-04-19 02:33:55,163 [Command processor thread] INFO  keyvalue.KeyValueContainer (KeyValueContainer.java:close(361)) - Container 1 is closed with bcsId 0.
2023-04-19 02:33:55,164 [FixedThreadPoolWithAffinityExecutor-8-0] INFO  container.IncrementalContainerReportHandler (AbstractContainerReportHandler.java:updateContainerState(292)) - Moving container #1 to CLOSED state, datanode 457148a9-726e-4dee-b9dd-7b4b55ffa2f6(fv-az127-56.h3uyzbqov44edfyrgkjongjtha.bx.internal.cloudapp.net/10.1.164.0) reported CLOSED replica.
2023-04-19 02:33:55,165 [Command processor thread] INFO  keyvalue.KeyValueContainer (KeyValueContainer.java:flushAndSyncDB(446)) - Container 3 is synced with bcsId 0.
2023-04-19 02:33:55,165 [Command processor thread] INFO  keyvalue.KeyValueContainer (KeyValueContainer.java:flushAndSyncDB(446)) - Container 3 is synced with bcsId 0.
2023-04-19 02:33:55,169 [Command processor thread] INFO  keyvalue.KeyValueContainer (KeyValueContainer.java:close(361)) - Container 3 is closed with bcsId 0.
2023-04-19 02:33:55,170 [FixedThreadPoolWithAffinityExecutor-8-0] INFO  container.IncrementalContainerReportHandler (AbstractContainerReportHandler.java:updateContainerState(292)) - Moving container #3 to CLOSED state, datanode 457148a9-726e-4dee-b9dd-7b4b55ffa2f6(fv-az127-56.h3uyzbqov44edfyrgkjongjtha.bx.internal.cloudapp.net/10.1.164.0) reported CLOSED replica.
2023-04-19 02:33:55,172 [Command processor thread] INFO  keyvalue.KeyValueContainer (KeyValueContainer.java:flushAndSyncDB(446)) - Container 2 is synced with bcsId 0.
2023-04-19 02:33:55,172 [Command processor thread] INFO  keyvalue.KeyValueContainer (KeyValueContainer.java:flushAndSyncDB(446)) - Container 2 is synced with bcsId 0.
2023-04-19 02:33:55,174 [Command processor thread] INFO  keyvalue.KeyValueContainer (KeyValueContainer.java:close(361)) - Container 2 is closed with bcsId 0.
2023-04-19 02:33:55,175 [FixedThreadPoolWithAffinityExecutor-8-0] INFO  container.IncrementalContainerReportHandler (AbstractContainerReportHandler.java:updateContainerState(292)) - Moving container #2 to CLOSED state, datanode 457148a9-726e-4dee-b9dd-7b4b55ffa2f6(fv-az127-56.h3uyzbqov44edfyrgkjongjtha.bx.internal.cloudapp.net/10.1.164.0) reported CLOSED replica.
2023-04-19 02:33:55,195 [BlockDeletingService#2] INFO  interfaces.ContainerDeletionChoosingPolicyTemplate (ContainerDeletionChoosingPolicyTemplate.java:chooseContainerForBlockDeletion(83)) - Chosen 0/5000 blocks from 0 candidate containers.
2023-04-19 02:33:55,195 [BlockDeletingService#2] INFO  interfaces.ContainerDeletionChoosingPolicyTemplate (ContainerDeletionChoosingPolicyTemplate.java:chooseContainerForBlockDeletion(83)) - Chosen 0/5000 blocks from 0 candidate containers.
2023-04-19 02:33:55,218 [SCMBlockDeletingService#0] DEBUG block.SCMBlockDeletingService (SCMBlockDeletingService.java:shouldRun(251)) - Check scm block delete run: true serviceStatus: RUNNING safemodeExitRunDelayMillis: 3000 alreadyWaitTimeInMillis: 8149
2023-04-19 02:33:55,219 [SCMBlockDeletingService#0] DEBUG block.SCMBlockDeletingService (SCMBlockDeletingService.java:call(154)) - Running DeletedBlockTransactionScanner
2023-04-19 02:33:55,219 [SCMBlockDeletingService#0] DEBUG block.SCMBlockDeletingService (DatanodeDeletedBlockTransactions.java:addTransactionToDN(50)) - Transaction added: a2f76bd1-2c73-4f6b-ae37-53a5930131fe <- TX(1)
2023-04-19 02:33:55,219 [SCMBlockDeletingService#0] DEBUG block.SCMBlockDeletingService (DatanodeDeletedBlockTransactions.java:addTransactionToDN(50)) - Transaction added: 457148a9-726e-4dee-b9dd-7b4b55ffa2f6 <- TX(1)
2023-04-19 02:33:55,219 [SCMBlockDeletingService#0] DEBUG block.SCMBlockDeletingService (DatanodeDeletedBlockTransactions.java:addTransactionToDN(50)) - Transaction added: 2fc7e044-034b-4d4d-85e4-65e0422d519b <- TX(1)
2023-04-19 02:33:55,219 [SCMBlockDeletingService#0] DEBUG block.SCMBlockDeletingService (DatanodeDeletedBlockTransactions.java:addTransactionToDN(50)) - Transaction added: a2f76bd1-2c73-4f6b-ae37-53a5930131fe <- TX(2)
2023-04-19 02:33:55,219 [SCMBlockDeletingService#0] DEBUG block.SCMBlockDeletingService (DatanodeDeletedBlockTransactions.java:addTransactionToDN(50)) - Transaction added: 2fc7e044-034b-4d4d-85e4-65e0422d519b <- TX(2)
2023-04-19 02:33:55,219 [SCMBlockDeletingService#0] DEBUG block.SCMBlockDeletingService (DatanodeDeletedBlockTransactions.java:addTransactionToDN(50)) - Transaction added: 457148a9-726e-4dee-b9dd-7b4b55ffa2f6 <- TX(2)
2023-04-19 02:33:55,219 [SCMBlockDeletingService#0] DEBUG block.SCMBlockDeletingService (DatanodeDeletedBlockTransactions.java:addTransactionToDN(50)) - Transaction added: a2f76bd1-2c73-4f6b-ae37-53a5930131fe <- TX(3)
2023-04-19 02:33:55,219 [SCMBlockDeletingService#0] DEBUG block.SCMBlockDeletingService (DatanodeDeletedBlockTransactions.java:addTransactionToDN(50)) - Transaction added: 457148a9-726e-4dee-b9dd-7b4b55ffa2f6 <- TX(3)
2023-04-19 02:33:55,219 [SCMBlockDeletingService#0] DEBUG block.SCMBlockDeletingService (DatanodeDeletedBlockTransactions.java:addTransactionToDN(50)) - Transaction added: 2fc7e044-034b-4d4d-85e4-65e0422d519b <- TX(3)
2023-04-19 02:33:55,219 [SCMBlockDeletingService#0] DEBUG block.SCMBlockDeletingService (SCMBlockDeletingService.java:call(189)) - Added delete block command for datanode a2f76bd1-2c73-4f6b-ae37-53a5930131fe in the queue, number of delete block transactions: 3
2023-04-19 02:33:55,219 [SCMBlockDeletingService#0] DEBUG block.SCMBlockDeletingService (SCMBlockDeletingService.java:call(189)) - Added delete block command for datanode 2fc7e044-034b-4d4d-85e4-65e0422d519b in the queue, number of delete block transactions: 3
2023-04-19 02:33:55,219 [SCMBlockDeletingService#0] DEBUG block.SCMBlockDeletingService (SCMBlockDeletingService.java:call(189)) - Added delete block command for datanode 457148a9-726e-4dee-b9dd-7b4b55ffa2f6 in the queue, number of delete block transactions: 3
2023-04-19 02:33:55,219 [SCMBlockDeletingService#0] INFO  block.SCMBlockDeletingService (SCMBlockDeletingService.java:call(198)) - Totally added 9 blocks to be deleted for 3 datanodes, task elapsed time: 1ms
2023-04-19 02:33:55,236 [BlockDeletingService#4] INFO  interfaces.ContainerDeletionChoosingPolicyTemplate (ContainerDeletionChoosingPolicyTemplate.java:chooseContainerForBlockDeletion(83)) - Chosen 0/5000 blocks from 0 candidate containers.
2023-04-19 02:33:55,295 [BlockDeletingService#2] INFO  interfaces.ContainerDeletionChoosingPolicyTemplate (ContainerDeletionChoosingPolicyTemplate.java:chooseContainerForBlockDeletion(83)) - Chosen 0/5000 blocks from 0 candidate containers.
2023-04-19 02:33:55,296 [BlockDeletingService#2] INFO  interfaces.ContainerDeletionChoosingPolicyTemplate (ContainerDeletionChoosingPolicyTemplate.java:chooseContainerForBlockDeletion(83)) - Chosen 0/5000 blocks from 0 candidate containers.
2023-04-19 02:33:55,319 [SCMBlockDeletingService#0] DEBUG block.SCMBlockDeletingService (SCMBlockDeletingService.java:shouldRun(251)) - Check scm block delete run: true serviceStatus: RUNNING safemodeExitRunDelayMillis: 3000 alreadyWaitTimeInMillis: 8250
2023-04-19 02:33:55,319 [SCMBlockDeletingService#0] DEBUG block.SCMBlockDeletingService (SCMBlockDeletingService.java:call(154)) - Running DeletedBlockTransactionScanner
2023-04-19 02:33:55,336 [BlockDeletingService#4] INFO  interfaces.ContainerDeletionChoosingPolicyTemplate (ContainerDeletionChoosingPolicyTemplate.java:chooseContainerForBlockDeletion(83)) - Chosen 0/5000 blocks from 0 candidate containers.
2023-04-19 02:33:55,396 [BlockDeletingService#2] INFO  interfaces.ContainerDeletionChoosingPolicyTemplate (ContainerDeletionChoosingPolicyTemplate.java:chooseContainerForBlockDeletion(83)) - Chosen 0/5000 blocks from 0 candidate containers.
2023-04-19 02:33:55,396 [BlockDeletingService#2] INFO  interfaces.ContainerDeletionChoosingPolicyTemplate (ContainerDeletionChoosingPolicyTemplate.java:chooseContainerForBlockDeletion(83)) - Chosen 0/5000 blocks from 0 candidate containers.
2023-04-19 02:33:55,419 [SCMBlockDeletingService#0] DEBUG block.SCMBlockDeletingService (SCMBlockDeletingService.java:shouldRun(251)) - Check scm block delete run: true serviceStatus: RUNNING safemodeExitRunDelayMillis: 3000 alreadyWaitTimeInMillis: 8350
2023-04-19 02:33:55,419 [SCMBlockDeletingService#0] DEBUG block.SCMBlockDeletingService (SCMBlockDeletingService.java:call(154)) - Running DeletedBlockTransactionScanner
2023-04-19 02:33:55,419 [SCMBlockDeletingService#0] DEBUG block.SCMBlockDeletingService (DatanodeDeletedBlockTransactions.java:addTransactionToDN(50)) - Transaction added: a2f76bd1-2c73-4f6b-ae37-53a5930131fe <- TX(1)
2023-04-19 02:33:55,419 [SCMBlockDeletingService#0] DEBUG block.SCMBlockDeletingService (DatanodeDeletedBlockTransactions.java:addTransactionToDN(50)) - Transaction added: 457148a9-726e-4dee-b9dd-7b4b55ffa2f6 <- TX(1)
2023-04-19 02:33:55,419 [SCMBlockDeletingService#0] DEBUG block.SCMBlockDeletingService (DatanodeDeletedBlockTransactions.java:addTransactionToDN(50)) - Transaction added: 2fc7e044-034b-4d4d-85e4-65e0422d519b <- TX(1)
2023-04-19 02:33:55,419 [SCMBlockDeletingService#0] DEBUG block.SCMBlockDeletingService (DatanodeDeletedBlockTransactions.java:addTransactionToDN(50)) - Transaction added: a2f76bd1-2c73-4f6b-ae37-53a5930131fe <- TX(2)
2023-04-19 02:33:55,419 [SCMBlockDeletingService#0] DEBUG block.SCMBlockDeletingService (DatanodeDeletedBlockTransactions.java:addTransactionToDN(50)) - Transaction added: 2fc7e044-034b-4d4d-85e4-65e0422d519b <- TX(2)
2023-04-19 02:33:55,419 [SCMBlockDeletingService#0] DEBUG block.SCMBlockDeletingService (DatanodeDeletedBlockTransactions.java:addTransactionToDN(50)) - Transaction added: 457148a9-726e-4dee-b9dd-7b4b55ffa2f6 <- TX(2)
2023-04-19 02:33:55,419 [SCMBlockDeletingService#0] DEBUG block.SCMBlockDeletingService (DatanodeDeletedBlockTransactions.java:addTransactionToDN(50)) - Transaction added: a2f76bd1-2c73-4f6b-ae37-53a5930131fe <- TX(3)
2023-04-19 02:33:55,419 [SCMBlockDeletingService#0] DEBUG block.SCMBlockDeletingService (DatanodeDeletedBlockTransactions.java:addTransactionToDN(50)) - Transaction added: 457148a9-726e-4dee-b9dd-7b4b55ffa2f6 <- TX(3)
2023-04-19 02:33:55,419 [SCMBlockDeletingService#0] DEBUG block.SCMBlockDeletingService (DatanodeDeletedBlockTransactions.java:addTransactionToDN(50)) - Transaction added: 2fc7e044-034b-4d4d-85e4-65e0422d519b <- TX(3)
2023-04-19 02:33:55,419 [SCMBlockDeletingService#0] DEBUG block.SCMBlockDeletingService (SCMBlockDeletingService.java:call(189)) - Added delete block command for datanode a2f76bd1-2c73-4f6b-ae37-53a5930131fe in the queue, number of delete block transactions: 3
2023-04-19 02:33:55,419 [SCMBlockDeletingService#0] DEBUG block.SCMBlockDeletingService (SCMBlockDeletingService.java:call(189)) - Added delete block command for datanode 2fc7e044-034b-4d4d-85e4-65e0422d519b in the queue, number of delete block transactions: 3
2023-04-19 02:33:55,420 [SCMBlockDeletingService#0] DEBUG block.SCMBlockDeletingService (SCMBlockDeletingService.java:call(189)) - Added delete block command for datanode 457148a9-726e-4dee-b9dd-7b4b55ffa2f6 in the queue, number of delete block transactions: 3
2023-04-19 02:33:55,420 [SCMBlockDeletingService#0] INFO  block.SCMBlockDeletingService (SCMBlockDeletingService.java:call(198)) - Totally added 9 blocks to be deleted for 3 datanodes, task elapsed time: 1ms
2023-04-19 02:33:55,436 [BlockDeletingService#4] INFO  interfaces.ContainerDeletionChoosingPolicyTemplate (ContainerDeletionChoosingPolicyTemplate.java:chooseContainerForBlockDeletion(83)) - Chosen 0/5000 blocks from 0 candidate containers.
2023-04-19 02:33:55,496 [BlockDeletingService#2] INFO  interfaces.ContainerDeletionChoosingPolicyTemplate (ContainerDeletionChoosingPolicyTemplate.java:chooseContainerForBlockDeletion(83)) - Chosen 0/5000 blocks from 0 candidate containers.
2023-04-19 02:33:55,496 [BlockDeletingService#2] INFO  interfaces.ContainerDeletionChoosingPolicyTemplate (ContainerDeletionChoosingPolicyTemplate.java:chooseContainerForBlockDeletion(83)) - Chosen 0/5000 blocks from 0 candidate containers.
2023-04-19 02:33:55,519 [SCMBlockDeletingService#0] DEBUG block.SCMBlockDeletingService (SCMBlockDeletingService.java:shouldRun(251)) - Check scm block delete run: true serviceStatus: RUNNING safemodeExitRunDelayMillis: 3000 alreadyWaitTimeInMillis: 8450
2023-04-19 02:33:55,519 [SCMBlockDeletingService#0] DEBUG block.SCMBlockDeletingService (SCMBlockDeletingService.java:call(154)) - Running DeletedBlockTransactionScanner
2023-04-19 02:33:55,537 [BlockDeletingService#4] INFO  interfaces.ContainerDeletionChoosingPolicyTemplate (ContainerDeletionChoosingPolicyTemplate.java:chooseContainerForBlockDeletion(83)) - Chosen 0/5000 blocks from 0 candidate containers.
2023-04-19 02:33:55,596 [BlockDeletingService#2] INFO  interfaces.ContainerDeletionChoosingPolicyTemplate (ContainerDeletionChoosingPolicyTemplate.java:chooseContainerForBlockDeletion(83)) - Chosen 0/5000 blocks from 0 candidate containers.
2023-04-19 02:33:55,597 [BlockDeletingService#2] INFO  interfaces.ContainerDeletionChoosingPolicyTemplate (ContainerDeletionChoosingPolicyTemplate.java:chooseContainerForBlockDeletion(83)) - Chosen 0/5000 blocks from 0 candidate containers.
2023-04-19 02:33:55,619 [SCMBlockDeletingService#0] DEBUG block.SCMBlockDeletingService (SCMBlockDeletingService.java:shouldRun(251)) - Check scm block delete run: true serviceStatus: RUNNING safemodeExitRunDelayMillis: 3000 alreadyWaitTimeInMillis: 8550
2023-04-19 02:33:55,619 [SCMBlockDeletingService#0] DEBUG block.SCMBlockDeletingService (SCMBlockDeletingService.java:call(154)) - Running DeletedBlockTransactionScanner
2023-04-19 02:33:55,619 [SCMBlockDeletingService#0] DEBUG block.SCMBlockDeletingService (DatanodeDeletedBlockTransactions.java:addTransactionToDN(50)) - Transaction added: a2f76bd1-2c73-4f6b-ae37-53a5930131fe <- TX(1)
2023-04-19 02:33:55,619 [SCMBlockDeletingService#0] DEBUG block.SCMBlockDeletingService (DatanodeDeletedBlockTransactions.java:addTransactionToDN(50)) - Transaction added: 457148a9-726e-4dee-b9dd-7b4b55ffa2f6 <- TX(1)
2023-04-19 02:33:55,619 [SCMBlockDeletingService#0] DEBUG block.SCMBlockDeletingService (DatanodeDeletedBlockTransactions.java:addTransactionToDN(50)) - Transaction added: 2fc7e044-034b-4d4d-85e4-65e0422d519b <- TX(1)
2023-04-19 02:33:55,619 [SCMBlockDeletingService#0] DEBUG block.SCMBlockDeletingService (DatanodeDeletedBlockTransactions.java:addTransactionToDN(50)) - Transaction added: a2f76bd1-2c73-4f6b-ae37-53a5930131fe <- TX(2)
2023-04-19 02:33:55,619 [SCMBlockDeletingService#0] DEBUG block.SCMBlockDeletingService (DatanodeDeletedBlockTransactions.java:addTransactionToDN(50)) - Transaction added: 2fc7e044-034b-4d4d-85e4-65e0422d519b <- TX(2)
2023-04-19 02:33:55,619 [SCMBlockDeletingService#0] DEBUG block.SCMBlockDeletingService (DatanodeDeletedBlockTransactions.java:addTransactionToDN(50)) - Transaction added: 457148a9-726e-4dee-b9dd-7b4b55ffa2f6 <- TX(2)
2023-04-19 02:33:55,619 [SCMBlockDeletingService#0] DEBUG block.SCMBlockDeletingService (DatanodeDeletedBlockTransactions.java:addTransactionToDN(50)) - Transaction added: a2f76bd1-2c73-4f6b-ae37-53a5930131fe <- TX(3)
2023-04-19 02:33:55,619 [SCMBlockDeletingService#0] DEBUG block.SCMBlockDeletingService (DatanodeDeletedBlockTransactions.java:addTransactionToDN(50)) - Transaction added: 457148a9-726e-4dee-b9dd-7b4b55ffa2f6 <- TX(3)
2023-04-19 02:33:55,619 [SCMBlockDeletingService#0] DEBUG block.SCMBlockDeletingService (DatanodeDeletedBlockTransactions.java:addTransactionToDN(50)) - Transaction added: 2fc7e044-034b-4d4d-85e4-65e0422d519b <- TX(3)
2023-04-19 02:33:55,620 [SCMBlockDeletingService#0] DEBUG block.SCMBlockDeletingService (SCMBlockDeletingService.java:call(189)) - Added delete block command for datanode a2f76bd1-2c73-4f6b-ae37-53a5930131fe in the queue, number of delete block transactions: 3
2023-04-19 02:33:55,620 [SCMBlockDeletingService#0] DEBUG block.SCMBlockDeletingService (SCMBlockDeletingService.java:call(189)) - Added delete block command for datanode 2fc7e044-034b-4d4d-85e4-65e0422d519b in the queue, number of delete block transactions: 3
2023-04-19 02:33:55,620 [SCMBlockDeletingService#0] DEBUG block.SCMBlockDeletingService (SCMBlockDeletingService.java:call(189)) - Added delete block command for datanode 457148a9-726e-4dee-b9dd-7b4b55ffa2f6 in the queue, number of delete block transactions: 3
2023-04-19 02:33:55,620 [SCMBlockDeletingService#0] INFO  block.SCMBlockDeletingService (SCMBlockDeletingService.java:call(198)) - Totally added 9 blocks to be deleted for 3 datanodes, task elapsed time: 1ms
2023-04-19 02:33:55,637 [BlockDeletingService#4] INFO  interfaces.ContainerDeletionChoosingPolicyTemplate (ContainerDeletionChoosingPolicyTemplate.java:chooseContainerForBlockDeletion(83)) - Chosen 0/5000 blocks from 0 candidate containers.
2023-04-19 02:33:55,696 [BlockDeletingService#2] INFO  interfaces.ContainerDeletionChoosingPolicyTemplate (ContainerDeletionChoosingPolicyTemplate.java:chooseContainerForBlockDeletion(83)) - Chosen 0/5000 blocks from 0 candidate containers.
2023-04-19 02:33:55,697 [BlockDeletingService#2] INFO  interfaces.ContainerDeletionChoosingPolicyTemplate (ContainerDeletionChoosingPolicyTemplate.java:chooseContainerForBlockDeletion(83)) - Chosen 0/5000 blocks from 0 candidate containers.
2023-04-19 02:33:55,719 [SCMBlockDeletingService#0] DEBUG block.SCMBlockDeletingService (SCMBlockDeletingService.java:shouldRun(251)) - Check scm block delete run: true serviceStatus: RUNNING safemodeExitRunDelayMillis: 3000 alreadyWaitTimeInMillis: 8650
2023-04-19 02:33:55,719 [SCMBlockDeletingService#0] DEBUG block.SCMBlockDeletingService (SCMBlockDeletingService.java:call(154)) - Running DeletedBlockTransactionScanner
2023-04-19 02:33:55,737 [BlockDeletingService#4] INFO  interfaces.ContainerDeletionChoosingPolicyTemplate (ContainerDeletionChoosingPolicyTemplate.java:chooseContainerForBlockDeletion(83)) - Chosen 0/5000 blocks from 0 candidate containers.
2023-04-19 02:33:55,774 [Command processor thread] INFO  keyvalue.KeyValueContainer (KeyValueContainer.java:flushAndSyncDB(446)) - Container 3 is synced with bcsId 0.
2023-04-19 02:33:55,774 [Command processor thread] INFO  keyvalue.KeyValueContainer (KeyValueContainer.java:flushAndSyncDB(446)) - Container 3 is synced with bcsId 0.
2023-04-19 02:33:55,776 [Command processor thread] INFO  keyvalue.KeyValueContainer (KeyValueContainer.java:close(361)) - Container 3 is closed with bcsId 0.
2023-04-19 02:33:55,778 [Command processor thread] INFO  keyvalue.KeyValueContainer (KeyValueContainer.java:flushAndSyncDB(446)) - Container 2 is synced with bcsId 0.
2023-04-19 02:33:55,778 [Command processor thread] INFO  keyvalue.KeyValueContainer (KeyValueContainer.java:flushAndSyncDB(446)) - Container 2 is synced with bcsId 0.
2023-04-19 02:33:55,780 [Command processor thread] INFO  keyvalue.KeyValueContainer (KeyValueContainer.java:close(361)) - Container 2 is closed with bcsId 0.
2023-04-19 02:33:55,782 [Command processor thread] INFO  keyvalue.KeyValueContainer (KeyValueContainer.java:flushAndSyncDB(446)) - Container 1 is synced with bcsId 0.
2023-04-19 02:33:55,782 [Command processor thread] INFO  keyvalue.KeyValueContainer (KeyValueContainer.java:flushAndSyncDB(446)) - Container 1 is synced with bcsId 0.
2023-04-19 02:33:55,783 [Listener at 127.0.0.1/39891] WARN  commandhandler.TestBlockDeletion (TestBlockDeletion.java:lambda$testBlockDeletion$4(265)) - Verify blocks deletion failed
org.opentest4j.AssertionFailedError: expected: <null> but was: <[blockId=conID: 1 locID: 111677748019200001 bcsId: 0, size=4194304]>
	at org.junit.jupiter.api.AssertionUtils.fail(AssertionUtils.java:55)
	at org.junit.jupiter.api.AssertNull.failNotNull(AssertNull.java:54)
	at org.junit.jupiter.api.AssertNull.assertNull(AssertNull.java:38)
	at org.junit.jupiter.api.AssertNull.assertNull(AssertNull.java:33)
	at org.junit.jupiter.api.Assertions.assertNull(Assertions.java:275)
	at org.apache.hadoop.ozone.container.common.statemachine.commandhandler.TestBlockDeletion.lambda$verifyBlocksDeleted$17(TestBlockDeletion.java:484)
	at org.apache.hadoop.ozone.OzoneTestUtils.performOperationOnKeyContainers(OzoneTestUtils.java:140)
	at org.apache.hadoop.ozone.container.common.statemachine.commandhandler.TestBlockDeletion.verifyBlocksDeleted(TestBlockDeletion.java:474)
	at org.apache.hadoop.ozone.container.common.statemachine.commandhandler.TestBlockDeletion.lambda$testBlockDeletion$4(TestBlockDeletion.java:262)
	at org.apache.ozone.test.GenericTestUtils.waitFor(GenericTestUtils.java:221)
	at org.apache.hadoop.ozone.container.common.statemachine.commandhandler.TestBlockDeletion.testBlockDeletion(TestBlockDeletion.java:260)
	at sun.reflect.NativeMethodAccessorImpl.invoke0(Native Method)
	at sun.reflect.NativeMethodAccessorImpl.invoke(NativeMethodAccessorImpl.java:62)
	at sun.reflect.DelegatingMethodAccessorImpl.invoke(DelegatingMethodAccessorImpl.java:43)
	at java.lang.reflect.Method.invoke(Method.java:498)
	at org.junit.platform.commons.util.ReflectionUtils.invokeMethod(ReflectionUtils.java:725)
	at org.junit.jupiter.engine.execution.MethodInvocation.proceed(MethodInvocation.java:60)
	at org.junit.jupiter.engine.execution.InvocationInterceptorChain$ValidatingInvocation.proceed(InvocationInterceptorChain.java:131)
	at org.junit.jupiter.engine.extension.TimeoutExtension.intercept(TimeoutExtension.java:149)
	at org.junit.jupiter.engine.extension.TimeoutExtension.interceptTestableMethod(TimeoutExtension.java:140)
	at org.junit.jupiter.engine.extension.TimeoutExtension.interceptTestTemplateMethod(TimeoutExtension.java:92)
	at org.junit.jupiter.engine.execution.ExecutableInvoker$ReflectiveInterceptorCall.lambda$ofVoidMethod$0(ExecutableInvoker.java:115)
	at org.junit.jupiter.engine.execution.ExecutableInvoker.lambda$invoke$0(ExecutableInvoker.java:105)
	at org.junit.jupiter.engine.execution.InvocationInterceptorChain$InterceptedInvocation.proceed(InvocationInterceptorChain.java:106)
	at org.junit.jupiter.engine.execution.InvocationInterceptorChain.proceed(InvocationInterceptorChain.java:64)
	at org.junit.jupiter.engine.execution.InvocationInterceptorChain.chainAndInvoke(InvocationInterceptorChain.java:45)
	at org.junit.jupiter.engine.execution.InvocationInterceptorChain.invoke(InvocationInterceptorChain.java:37)
	at org.junit.jupiter.engine.execution.ExecutableInvoker.invoke(ExecutableInvoker.java:104)
	at org.junit.jupiter.engine.execution.ExecutableInvoker.invoke(ExecutableInvoker.java:98)
	at org.junit.jupiter.engine.descriptor.TestMethodTestDescriptor.lambda$invokeTestMethod$7(TestMethodTestDescriptor.java:214)
	at org.junit.platform.engine.support.hierarchical.ThrowableCollector.execute(ThrowableCollector.java:73)
	at org.junit.jupiter.engine.descriptor.TestMethodTestDescriptor.invokeTestMethod(TestMethodTestDescriptor.java:210)
	at org.junit.jupiter.engine.descriptor.TestMethodTestDescriptor.execute(TestMethodTestDescriptor.java:135)
	at org.junit.jupiter.engine.descriptor.TestMethodTestDescriptor.execute(TestMethodTestDescriptor.java:66)
	at org.junit.platform.engine.support.hierarchical.NodeTestTask.lambda$executeRecursively$6(NodeTestTask.java:151)
	at org.junit.platform.engine.support.hierarchical.ThrowableCollector.execute(ThrowableCollector.java:73)
	at org.junit.platform.engine.support.hierarchical.NodeTestTask.lambda$executeRecursively$8(NodeTestTask.java:141)
	at org.junit.platform.engine.support.hierarchical.Node.around(Node.java:137)
	at org.junit.platform.engine.support.hierarchical.NodeTestTask.lambda$executeRecursively$9(NodeTestTask.java:139)
	at org.junit.platform.engine.support.hierarchical.ThrowableCollector.execute(ThrowableCollector.java:73)
	at org.junit.platform.engine.support.hierarchical.NodeTestTask.executeRecursively(NodeTestTask.java:138)
	at org.junit.platform.engine.support.hierarchical.NodeTestTask.execute(NodeTestTask.java:95)
	at org.junit.platform.engine.support.hierarchical.SameThreadHierarchicalTestExecutorService.submit(SameThreadHierarchicalTestExecutorService.java:35)
	at org.junit.platform.engine.support.hierarchical.NodeTestTask$DefaultDynamicTestExecutor.execute(NodeTestTask.java:226)
	at org.junit.platform.engine.support.hierarchical.NodeTestTask$DefaultDynamicTestExecutor.execute(NodeTestTask.java:204)
	at org.junit.jupiter.engine.descriptor.TestTemplateTestDescriptor.execute(TestTemplateTestDescriptor.java:139)
	at org.junit.jupiter.engine.descriptor.TestTemplateTestDescriptor.lambda$execute$2(TestTemplateTestDescriptor.java:107)
	at java.util.stream.ForEachOps$ForEachOp$OfRef.accept(ForEachOps.java:183)
	at java.util.stream.ReferencePipeline$3$1.accept(ReferencePipeline.java:193)
	at java.util.stream.ReferencePipeline$2$1.accept(ReferencePipeline.java:175)
	at java.util.stream.ReferencePipeline$3$1.accept(ReferencePipeline.java:193)
	at java.util.stream.ForEachOps$ForEachOp$OfRef.accept(ForEachOps.java:183)
	at java.util.stream.ReferencePipeline$3$1.accept(ReferencePipeline.java:193)
	at java.util.stream.ReferencePipeline$3$1.accept(ReferencePipeline.java:193)
	at java.util.stream.ReferencePipeline$3$1.accept(ReferencePipeline.java:193)
	at java.util.stream.ForEachOps$ForEachOp$OfRef.accept(ForEachOps.java:183)
	at java.util.stream.ReferencePipeline$3$1.accept(ReferencePipeline.java:193)
	at java.util.Spliterators$ArraySpliterator.forEachRemaining(Spliterators.java:948)
	at java.util.stream.ReferencePipeline$Head.forEach(ReferencePipeline.java:647)
	at java.util.stream.ReferencePipeline$7$1.accept(ReferencePipeline.java:272)
	at java.util.stream.ReferencePipeline$3$1.accept(ReferencePipeline.java:193)
	at java.util.stream.ReferencePipeline$3$1.accept(ReferencePipeline.java:193)
	at java.util.Spliterators$ArraySpliterator.forEachRemaining(Spliterators.java:948)
	at java.util.stream.AbstractPipeline.copyInto(AbstractPipeline.java:482)
	at java.util.stream.AbstractPipeline.wrapAndCopyInto(AbstractPipeline.java:472)
	at java.util.stream.ForEachOps$ForEachOp.evaluateSequential(ForEachOps.java:150)
	at java.util.stream.ForEachOps$ForEachOp$OfRef.evaluateSequential(ForEachOps.java:173)
	at java.util.stream.AbstractPipeline.evaluate(AbstractPipeline.java:234)
	at java.util.stream.ReferencePipeline.forEach(ReferencePipeline.java:485)
	at java.util.stream.ReferencePipeline$7$1.accept(ReferencePipeline.java:272)
	at java.util.stream.ReferencePipeline$3$1.accept(ReferencePipeline.java:193)
	at java.util.stream.ReferencePipeline$3$1.accept(ReferencePipeline.java:193)
	at java.util.stream.ReferencePipeline$3$1.accept(ReferencePipeline.java:193)
	at java.util.ArrayList$ArrayListSpliterator.forEachRemaining(ArrayList.java:1384)
	at java.util.stream.AbstractPipeline.copyInto(AbstractPipeline.java:482)
	at java.util.stream.AbstractPipeline.wrapAndCopyInto(AbstractPipeline.java:472)
	at java.util.stream.ForEachOps$ForEachOp.evaluateSequential(ForEachOps.java:150)
	at java.util.stream.ForEachOps$ForEachOp$OfRef.evaluateSequential(ForEachOps.java:173)
	at java.util.stream.AbstractPipeline.evaluate(AbstractPipeline.java:234)
	at java.util.stream.ReferencePipeline.forEach(ReferencePipeline.java:485)
	at java.util.stream.ReferencePipeline$7$1.accept(ReferencePipeline.java:272)
	at java.util.ArrayList$ArrayListSpliterator.forEachRemaining(ArrayList.java:1384)
	at java.util.stream.AbstractPipeline.copyInto(AbstractPipeline.java:482)
	at java.util.stream.AbstractPipeline.wrapAndCopyInto(AbstractPipeline.java:472)
	at java.util.stream.ForEachOps$ForEachOp.evaluateSequential(ForEachOps.java:150)
	at java.util.stream.ForEachOps$ForEachOp$OfRef.evaluateSequential(ForEachOps.java:173)
	at java.util.stream.AbstractPipeline.evaluate(AbstractPipeline.java:234)
	at java.util.stream.ReferencePipeline.forEach(ReferencePipeline.java:485)
	at org.junit.jupiter.engine.descriptor.TestTemplateTestDescriptor.execute(TestTemplateTestDescriptor.java:107)
	at org.junit.jupiter.engine.descriptor.TestTemplateTestDescriptor.execute(TestTemplateTestDescriptor.java:42)
	at org.junit.platform.engine.support.hierarchical.NodeTestTask.lambda$executeRecursively$6(NodeTestTask.java:151)
	at org.junit.platform.engine.support.hierarchical.ThrowableCollector.execute(ThrowableCollector.java:73)
	at org.junit.platform.engine.support.hierarchical.NodeTestTask.lambda$executeRecursively$8(NodeTestTask.java:141)
	at org.junit.platform.engine.support.hierarchical.Node.around(Node.java:137)
	at org.junit.platform.engine.support.hierarchical.NodeTestTask.lambda$executeRecursively$9(NodeTestTask.java:139)
	at org.junit.platform.engine.support.hierarchical.ThrowableCollector.execute(ThrowableCollector.java:73)
	at org.junit.platform.engine.support.hierarchical.NodeTestTask.executeRecursively(NodeTestTask.java:138)
	at org.junit.platform.engine.support.hierarchical.NodeTestTask.execute(NodeTestTask.java:95)
	at java.util.ArrayList.forEach(ArrayList.java:1259)
	at org.junit.platform.engine.support.hierarchical.SameThreadHierarchicalTestExecutorService.invokeAll(SameThreadHierarchicalTestExecutorService.java:41)
	at org.junit.platform.engine.support.hierarchical.NodeTestTask.lambda$executeRecursively$6(NodeTestTask.java:155)
	at org.junit.platform.engine.support.hierarchical.ThrowableCollector.execute(ThrowableCollector.java:73)
	at org.junit.platform.engine.support.hierarchical.NodeTestTask.lambda$executeRecursively$8(NodeTestTask.java:141)
	at org.junit.platform.engine.support.hierarchical.Node.around(Node.java:137)
	at org.junit.platform.engine.support.hierarchical.NodeTestTask.lambda$executeRecursively$9(NodeTestTask.java:139)
	at org.junit.platform.engine.support.hierarchical.ThrowableCollector.execute(ThrowableCollector.java:73)
	at org.junit.platform.engine.support.hierarchical.NodeTestTask.executeRecursively(NodeTestTask.java:138)
	at org.junit.platform.engine.support.hierarchical.NodeTestTask.execute(NodeTestTask.java:95)
	at java.util.ArrayList.forEach(ArrayList.java:1259)
	at org.junit.platform.engine.support.hierarchical.SameThreadHierarchicalTestExecutorService.invokeAll(SameThreadHierarchicalTestExecutorService.java:41)
	at org.junit.platform.engine.support.hierarchical.NodeTestTask.lambda$executeRecursively$6(NodeTestTask.java:155)
	at org.junit.platform.engine.support.hierarchical.ThrowableCollector.execute(ThrowableCollector.java:73)
	at org.junit.platform.engine.support.hierarchical.NodeTestTask.lambda$executeRecursively$8(NodeTestTask.java:141)
	at org.junit.platform.engine.support.hierarchical.Node.around(Node.java:137)
	at org.junit.platform.engine.support.hierarchical.NodeTestTask.lambda$executeRecursively$9(NodeTestTask.java:139)
	at org.junit.platform.engine.support.hierarchical.ThrowableCollector.execute(ThrowableCollector.java:73)
	at org.junit.platform.engine.support.hierarchical.NodeTestTask.executeRecursively(NodeTestTask.java:138)
	at org.junit.platform.engine.support.hierarchical.NodeTestTask.execute(NodeTestTask.java:95)
	at org.junit.platform.engine.support.hierarchical.SameThreadHierarchicalTestExecutorService.submit(SameThreadHierarchicalTestExecutorService.java:35)
	at org.junit.platform.engine.support.hierarchical.HierarchicalTestExecutor.execute(HierarchicalTestExecutor.java:57)
	at org.junit.platform.engine.support.hierarchical.HierarchicalTestEngine.execute(HierarchicalTestEngine.java:54)
	at org.junit.platform.launcher.core.EngineExecutionOrchestrator.execute(EngineExecutionOrchestrator.java:107)
	at org.junit.platform.launcher.core.EngineExecutionOrchestrator.execute(EngineExecutionOrchestrator.java:88)
	at org.junit.platform.launcher.core.EngineExecutionOrchestrator.lambda$execute$0(EngineExecutionOrchestrator.java:54)
	at org.junit.platform.launcher.core.EngineExecutionOrchestrator.withInterceptedStreams(EngineExecutionOrchestrator.java:67)
	at org.junit.platform.launcher.core.EngineExecutionOrchestrator.execute(EngineExecutionOrchestrator.java:52)
	at org.junit.platform.launcher.core.DefaultLauncher.execute(DefaultLauncher.java:114)
	at org.junit.platform.launcher.core.DefaultLauncher.execute(DefaultLauncher.java:86)
	at org.junit.platform.launcher.core.DefaultLauncherSession$DelegatingLauncher.execute(DefaultLauncherSession.java:86)
	at org.junit.platform.launcher.core.SessionPerRequestLauncher.execute(SessionPerRequestLauncher.java:53)
	at org.apache.maven.surefire.junitplatform.JUnitPlatformProvider.execute(JUnitPlatformProvider.java:188)
	at org.apache.maven.surefire.junitplatform.JUnitPlatformProvider.invokeAllTests(JUnitPlatformProvider.java:154)
	at org.apache.maven.surefire.junitplatform.JUnitPlatformProvider.invoke(JUnitPlatformProvider.java:124)
	at org.apache.maven.surefire.booter.ForkedBooter.runSuitesInProcess(ForkedBooter.java:428)
	at org.apache.maven.surefire.booter.ForkedBooter.execute(ForkedBooter.java:162)
	at org.apache.maven.surefire.booter.ForkedBooter.run(ForkedBooter.java:562)
	at org.apache.maven.surefire.booter.ForkedBooter.main(ForkedBooter.java:548)
2023-04-19 02:33:55,786 [Command processor thread] INFO  keyvalue.KeyValueContainer (KeyValueContainer.java:close(361)) - Container 1 is closed with bcsId 0.
2023-04-19 02:33:55,797 [BlockDeletingService#2] INFO  interfaces.ContainerDeletionChoosingPolicyTemplate (ContainerDeletionChoosingPolicyTemplate.java:chooseContainerForBlockDeletion(83)) - Chosen 0/5000 blocks from 0 candidate containers.
2023-04-19 02:33:55,797 [BlockDeletingService#2] INFO  interfaces.ContainerDeletionChoosingPolicyTemplate (ContainerDeletionChoosingPolicyTemplate.java:chooseContainerForBlockDeletion(83)) - Chosen 0/5000 blocks from 0 candidate containers.
2023-04-19 02:33:55,819 [SCMBlockDeletingService#0] DEBUG block.SCMBlockDeletingService (SCMBlockDeletingService.java:shouldRun(251)) - Check scm block delete run: true serviceStatus: RUNNING safemodeExitRunDelayMillis: 3000 alreadyWaitTimeInMillis: 8750
2023-04-19 02:33:55,819 [SCMBlockDeletingService#0] DEBUG block.SCMBlockDeletingService (SCMBlockDeletingService.java:call(154)) - Running DeletedBlockTransactionScanner
2023-04-19 02:33:55,819 [SCMBlockDeletingService#0] DEBUG block.SCMBlockDeletingService (DatanodeDeletedBlockTransactions.java:addTransactionToDN(50)) - Transaction added: a2f76bd1-2c73-4f6b-ae37-53a5930131fe <- TX(1)
2023-04-19 02:33:55,819 [SCMBlockDeletingService#0] DEBUG block.SCMBlockDeletingService (DatanodeDeletedBlockTransactions.java:addTransactionToDN(50)) - Transaction added: 457148a9-726e-4dee-b9dd-7b4b55ffa2f6 <- TX(1)
2023-04-19 02:33:55,819 [SCMBlockDeletingService#0] DEBUG block.SCMBlockDeletingService (DatanodeDeletedBlockTransactions.java:addTransactionToDN(50)) - Transaction added: 2fc7e044-034b-4d4d-85e4-65e0422d519b <- TX(1)
2023-04-19 02:33:55,819 [SCMBlockDeletingService#0] DEBUG block.SCMBlockDeletingService (DatanodeDeletedBlockTransactions.java:addTransactionToDN(50)) - Transaction added: a2f76bd1-2c73-4f6b-ae37-53a5930131fe <- TX(2)
2023-04-19 02:33:55,819 [SCMBlockDeletingService#0] DEBUG block.SCMBlockDeletingService (DatanodeDeletedBlockTransactions.java:addTransactionToDN(50)) - Transaction added: 2fc7e044-034b-4d4d-85e4-65e0422d519b <- TX(2)
2023-04-19 02:33:55,819 [SCMBlockDeletingService#0] DEBUG block.SCMBlockDeletingService (DatanodeDeletedBlockTransactions.java:addTransactionToDN(50)) - Transaction added: 457148a9-726e-4dee-b9dd-7b4b55ffa2f6 <- TX(2)
2023-04-19 02:33:55,819 [SCMBlockDeletingService#0] DEBUG block.SCMBlockDeletingService (DatanodeDeletedBlockTransactions.java:addTransactionToDN(50)) - Transaction added: a2f76bd1-2c73-4f6b-ae37-53a5930131fe <- TX(3)
2023-04-19 02:33:55,819 [SCMBlockDeletingService#0] DEBUG block.SCMBlockDeletingService (DatanodeDeletedBlockTransactions.java:addTransactionToDN(50)) - Transaction added: 457148a9-726e-4dee-b9dd-7b4b55ffa2f6 <- TX(3)
2023-04-19 02:33:55,820 [SCMBlockDeletingService#0] DEBUG block.SCMBlockDeletingService (DatanodeDeletedBlockTransactions.java:addTransactionToDN(50)) - Transaction added: 2fc7e044-034b-4d4d-85e4-65e0422d519b <- TX(3)
2023-04-19 02:33:55,820 [SCMBlockDeletingService#0] DEBUG block.SCMBlockDeletingService (SCMBlockDeletingService.java:call(189)) - Added delete block command for datanode a2f76bd1-2c73-4f6b-ae37-53a5930131fe in the queue, number of delete block transactions: 3
2023-04-19 02:33:55,820 [SCMBlockDeletingService#0] DEBUG block.SCMBlockDeletingService (SCMBlockDeletingService.java:call(189)) - Added delete block command for datanode 2fc7e044-034b-4d4d-85e4-65e0422d519b in the queue, number of delete block transactions: 3
2023-04-19 02:33:55,820 [SCMBlockDeletingService#0] DEBUG block.SCMBlockDeletingService (SCMBlockDeletingService.java:call(189)) - Added delete block command for datanode 457148a9-726e-4dee-b9dd-7b4b55ffa2f6 in the queue, number of delete block transactions: 3
2023-04-19 02:33:55,820 [SCMBlockDeletingService#0] INFO  block.SCMBlockDeletingService (SCMBlockDeletingService.java:call(198)) - Totally added 9 blocks to be deleted for 3 datanodes, task elapsed time: 1ms
2023-04-19 02:33:55,837 [BlockDeletingService#4] INFO  interfaces.ContainerDeletionChoosingPolicyTemplate (ContainerDeletionChoosingPolicyTemplate.java:chooseContainerForBlockDeletion(83)) - Chosen 0/5000 blocks from 0 candidate containers.
2023-04-19 02:33:55,897 [BlockDeletingService#2] INFO  interfaces.ContainerDeletionChoosingPolicyTemplate (ContainerDeletionChoosingPolicyTemplate.java:chooseContainerForBlockDeletion(83)) - Chosen 0/5000 blocks from 0 candidate containers.
2023-04-19 02:33:55,897 [BlockDeletingService#2] INFO  interfaces.ContainerDeletionChoosingPolicyTemplate (ContainerDeletionChoosingPolicyTemplate.java:chooseContainerForBlockDeletion(83)) - Chosen 0/5000 blocks from 0 candidate containers.
2023-04-19 02:33:55,919 [SCMBlockDeletingService#0] DEBUG block.SCMBlockDeletingService (SCMBlockDeletingService.java:shouldRun(251)) - Check scm block delete run: true serviceStatus: RUNNING safemodeExitRunDelayMillis: 3000 alreadyWaitTimeInMillis: 8850
2023-04-19 02:33:55,919 [SCMBlockDeletingService#0] DEBUG block.SCMBlockDeletingService (SCMBlockDeletingService.java:call(154)) - Running DeletedBlockTransactionScanner
2023-04-19 02:33:55,938 [BlockDeletingService#4] INFO  interfaces.ContainerDeletionChoosingPolicyTemplate (ContainerDeletionChoosingPolicyTemplate.java:chooseContainerForBlockDeletion(83)) - Chosen 0/5000 blocks from 0 candidate containers.
2023-04-19 02:33:55,985 [Command processor thread] INFO  keyvalue.KeyValueContainer (KeyValueContainer.java:flushAndSyncDB(446)) - Container 3 is synced with bcsId 0.
2023-04-19 02:33:55,985 [Command processor thread] INFO  keyvalue.KeyValueContainer (KeyValueContainer.java:flushAndSyncDB(446)) - Container 3 is synced with bcsId 0.
2023-04-19 02:33:55,986 [Command processor thread] INFO  keyvalue.KeyValueContainer (KeyValueContainer.java:close(361)) - Container 3 is closed with bcsId 0.
2023-04-19 02:33:55,989 [Command processor thread] INFO  keyvalue.KeyValueContainer (KeyValueContainer.java:flushAndSyncDB(446)) - Container 2 is synced with bcsId 0.
2023-04-19 02:33:55,989 [Command processor thread] INFO  keyvalue.KeyValueContainer (KeyValueContainer.java:flushAndSyncDB(446)) - Container 2 is synced with bcsId 0.
2023-04-19 02:33:55,991 [Command processor thread] INFO  keyvalue.KeyValueContainer (KeyValueContainer.java:close(361)) - Container 2 is closed with bcsId 0.
2023-04-19 02:33:55,992 [Command processor thread] INFO  keyvalue.KeyValueContainer (KeyValueContainer.java:flushAndSyncDB(446)) - Container 1 is synced with bcsId 0.
2023-04-19 02:33:55,992 [Command processor thread] INFO  keyvalue.KeyValueContainer (KeyValueContainer.java:flushAndSyncDB(446)) - Container 1 is synced with bcsId 0.
2023-04-19 02:33:55,994 [Command processor thread] INFO  keyvalue.KeyValueContainer (KeyValueContainer.java:close(361)) - Container 1 is closed with bcsId 0.
2023-04-19 02:33:55,997 [BlockDeletingService#2] INFO  interfaces.ContainerDeletionChoosingPolicyTemplate (ContainerDeletionChoosingPolicyTemplate.java:chooseContainerForBlockDeletion(83)) - Chosen 0/5000 blocks from 0 candidate containers.
2023-04-19 02:33:55,997 [BlockDeletingService#2] INFO  interfaces.ContainerDeletionChoosingPolicyTemplate (ContainerDeletionChoosingPolicyTemplate.java:chooseContainerForBlockDeletion(83)) - Chosen 0/5000 blocks from 0 candidate containers.
2023-04-19 02:33:56,019 [SCMBlockDeletingService#0] DEBUG block.SCMBlockDeletingService (SCMBlockDeletingService.java:shouldRun(251)) - Check scm block delete run: true serviceStatus: RUNNING safemodeExitRunDelayMillis: 3000 alreadyWaitTimeInMillis: 8950
2023-04-19 02:33:56,019 [SCMBlockDeletingService#0] DEBUG block.SCMBlockDeletingService (SCMBlockDeletingService.java:call(154)) - Running DeletedBlockTransactionScanner
2023-04-19 02:33:56,020 [SCMBlockDeletingService#0] DEBUG block.SCMBlockDeletingService (DatanodeDeletedBlockTransactions.java:addTransactionToDN(50)) - Transaction added: a2f76bd1-2c73-4f6b-ae37-53a5930131fe <- TX(1)
2023-04-19 02:33:56,020 [SCMBlockDeletingService#0] DEBUG block.SCMBlockDeletingService (DatanodeDeletedBlockTransactions.java:addTransactionToDN(50)) - Transaction added: 457148a9-726e-4dee-b9dd-7b4b55ffa2f6 <- TX(1)
2023-04-19 02:33:56,020 [SCMBlockDeletingService#0] DEBUG block.SCMBlockDeletingService (DatanodeDeletedBlockTransactions.java:addTransactionToDN(50)) - Transaction added: 2fc7e044-034b-4d4d-85e4-65e0422d519b <- TX(1)
2023-04-19 02:33:56,020 [SCMBlockDeletingService#0] DEBUG block.SCMBlockDeletingService (DatanodeDeletedBlockTransactions.java:addTransactionToDN(50)) - Transaction added: a2f76bd1-2c73-4f6b-ae37-53a5930131fe <- TX(2)
2023-04-19 02:33:56,020 [SCMBlockDeletingService#0] DEBUG block.SCMBlockDeletingService (DatanodeDeletedBlockTransactions.java:addTransactionToDN(50)) - Transaction added: 2fc7e044-034b-4d4d-85e4-65e0422d519b <- TX(2)
2023-04-19 02:33:56,020 [SCMBlockDeletingService#0] DEBUG block.SCMBlockDeletingService (DatanodeDeletedBlockTransactions.java:addTransactionToDN(50)) - Transaction added: 457148a9-726e-4dee-b9dd-7b4b55ffa2f6 <- TX(2)
2023-04-19 02:33:56,020 [SCMBlockDeletingService#0] DEBUG block.SCMBlockDeletingService (DatanodeDeletedBlockTransactions.java:addTransactionToDN(50)) - Transaction added: a2f76bd1-2c73-4f6b-ae37-53a5930131fe <- TX(3)
2023-04-19 02:33:56,020 [SCMBlockDeletingService#0] DEBUG block.SCMBlockDeletingService (DatanodeDeletedBlockTransactions.java:addTransactionToDN(50)) - Transaction added: 457148a9-726e-4dee-b9dd-7b4b55ffa2f6 <- TX(3)
2023-04-19 02:33:56,020 [SCMBlockDeletingService#0] DEBUG block.SCMBlockDeletingService (DatanodeDeletedBlockTransactions.java:addTransactionToDN(50)) - Transaction added: 2fc7e044-034b-4d4d-85e4-65e0422d519b <- TX(3)
2023-04-19 02:33:56,020 [SCMBlockDeletingService#0] DEBUG block.SCMBlockDeletingService (SCMBlockDeletingService.java:call(189)) - Added delete block command for datanode a2f76bd1-2c73-4f6b-ae37-53a5930131fe in the queue, number of delete block transactions: 3
2023-04-19 02:33:56,020 [SCMBlockDeletingService#0] DEBUG block.SCMBlockDeletingService (SCMBlockDeletingService.java:call(189)) - Added delete block command for datanode 2fc7e044-034b-4d4d-85e4-65e0422d519b in the queue, number of delete block transactions: 3
2023-04-19 02:33:56,020 [SCMBlockDeletingService#0] DEBUG block.SCMBlockDeletingService (SCMBlockDeletingService.java:call(189)) - Added delete block command for datanode 457148a9-726e-4dee-b9dd-7b4b55ffa2f6 in the queue, number of delete block transactions: 3
2023-04-19 02:33:56,020 [SCMBlockDeletingService#0] INFO  block.SCMBlockDeletingService (SCMBlockDeletingService.java:call(198)) - Totally added 9 blocks to be deleted for 3 datanodes, task elapsed time: 0ms
2023-04-19 02:33:56,038 [BlockDeletingService#4] INFO  interfaces.ContainerDeletionChoosingPolicyTemplate (ContainerDeletionChoosingPolicyTemplate.java:chooseContainerForBlockDeletion(83)) - Chosen 0/5000 blocks from 0 candidate containers.
2023-04-19 02:33:56,097 [BlockDeletingService#2] INFO  interfaces.ContainerDeletionChoosingPolicyTemplate (ContainerDeletionChoosingPolicyTemplate.java:chooseContainerForBlockDeletion(83)) - Chosen 0/5000 blocks from 0 candidate containers.
2023-04-19 02:33:56,097 [BlockDeletingService#2] INFO  interfaces.ContainerDeletionChoosingPolicyTemplate (ContainerDeletionChoosingPolicyTemplate.java:chooseContainerForBlockDeletion(83)) - Chosen 0/5000 blocks from 0 candidate containers.
2023-04-19 02:33:56,119 [SCMBlockDeletingService#0] DEBUG block.SCMBlockDeletingService (SCMBlockDeletingService.java:shouldRun(251)) - Check scm block delete run: true serviceStatus: RUNNING safemodeExitRunDelayMillis: 3000 alreadyWaitTimeInMillis: 9050
2023-04-19 02:33:56,119 [SCMBlockDeletingService#0] DEBUG block.SCMBlockDeletingService (SCMBlockDeletingService.java:call(154)) - Running DeletedBlockTransactionScanner
2023-04-19 02:33:56,138 [BlockDeletingService#4] INFO  interfaces.ContainerDeletionChoosingPolicyTemplate (ContainerDeletionChoosingPolicyTemplate.java:chooseContainerForBlockDeletion(83)) - Chosen 0/5000 blocks from 0 candidate containers.
2023-04-19 02:33:56,198 [BlockDeletingService#2] INFO  interfaces.ContainerDeletionChoosingPolicyTemplate (ContainerDeletionChoosingPolicyTemplate.java:chooseContainerForBlockDeletion(83)) - Chosen 0/5000 blocks from 0 candidate containers.
2023-04-19 02:33:56,198 [BlockDeletingService#2] INFO  interfaces.ContainerDeletionChoosingPolicyTemplate (ContainerDeletionChoosingPolicyTemplate.java:chooseContainerForBlockDeletion(83)) - Chosen 0/5000 blocks from 0 candidate containers.
2023-04-19 02:33:56,219 [SCMBlockDeletingService#0] DEBUG block.SCMBlockDeletingService (SCMBlockDeletingService.java:shouldRun(251)) - Check scm block delete run: true serviceStatus: RUNNING safemodeExitRunDelayMillis: 3000 alreadyWaitTimeInMillis: 9150
2023-04-19 02:33:56,219 [SCMBlockDeletingService#0] DEBUG block.SCMBlockDeletingService (SCMBlockDeletingService.java:call(154)) - Running DeletedBlockTransactionScanner
2023-04-19 02:33:56,220 [SCMBlockDeletingService#0] DEBUG block.SCMBlockDeletingService (DatanodeDeletedBlockTransactions.java:addTransactionToDN(50)) - Transaction added: a2f76bd1-2c73-4f6b-ae37-53a5930131fe <- TX(1)
2023-04-19 02:33:56,220 [SCMBlockDeletingService#0] DEBUG block.SCMBlockDeletingService (DatanodeDeletedBlockTransactions.java:addTransactionToDN(50)) - Transaction added: 457148a9-726e-4dee-b9dd-7b4b55ffa2f6 <- TX(1)
2023-04-19 02:33:56,220 [SCMBlockDeletingService#0] DEBUG block.SCMBlockDeletingService (DatanodeDeletedBlockTransactions.java:addTransactionToDN(50)) - Transaction added: 2fc7e044-034b-4d4d-85e4-65e0422d519b <- TX(1)
2023-04-19 02:33:56,220 [SCMBlockDeletingService#0] DEBUG block.SCMBlockDeletingService (DatanodeDeletedBlockTransactions.java:addTransactionToDN(50)) - Transaction added: a2f76bd1-2c73-4f6b-ae37-53a5930131fe <- TX(2)
2023-04-19 02:33:56,220 [SCMBlockDeletingService#0] DEBUG block.SCMBlockDeletingService (DatanodeDeletedBlockTransactions.java:addTransactionToDN(50)) - Transaction added: 2fc7e044-034b-4d4d-85e4-65e0422d519b <- TX(2)
2023-04-19 02:33:56,220 [SCMBlockDeletingService#0] DEBUG block.SCMBlockDeletingService (DatanodeDeletedBlockTransactions.java:addTransactionToDN(50)) - Transaction added: 457148a9-726e-4dee-b9dd-7b4b55ffa2f6 <- TX(2)
2023-04-19 02:33:56,220 [SCMBlockDeletingService#0] DEBUG block.SCMBlockDeletingService (DatanodeDeletedBlockTransactions.java:addTransactionToDN(50)) - Transaction added: a2f76bd1-2c73-4f6b-ae37-53a5930131fe <- TX(3)
2023-04-19 02:33:56,220 [SCMBlockDeletingService#0] DEBUG block.SCMBlockDeletingService (DatanodeDeletedBlockTransactions.java:addTransactionToDN(50)) - Transaction added: 457148a9-726e-4dee-b9dd-7b4b55ffa2f6 <- TX(3)
2023-04-19 02:33:56,220 [SCMBlockDeletingService#0] DEBUG block.SCMBlockDeletingService (DatanodeDeletedBlockTransactions.java:addTransactionToDN(50)) - Transaction added: 2fc7e044-034b-4d4d-85e4-65e0422d519b <- TX(3)
2023-04-19 02:33:56,220 [SCMBlockDeletingService#0] DEBUG block.SCMBlockDeletingService (SCMBlockDeletingService.java:call(189)) - Added delete block command for datanode a2f76bd1-2c73-4f6b-ae37-53a5930131fe in the queue, number of delete block transactions: 3
2023-04-19 02:33:56,220 [SCMBlockDeletingService#0] DEBUG block.SCMBlockDeletingService (SCMBlockDeletingService.java:call(189)) - Added delete block command for datanode 2fc7e044-034b-4d4d-85e4-65e0422d519b in the queue, number of delete block transactions: 3
2023-04-19 02:33:56,220 [SCMBlockDeletingService#0] DEBUG block.SCMBlockDeletingService (SCMBlockDeletingService.java:call(189)) - Added delete block command for datanode 457148a9-726e-4dee-b9dd-7b4b55ffa2f6 in the queue, number of delete block transactions: 3
2023-04-19 02:33:56,220 [SCMBlockDeletingService#0] INFO  block.SCMBlockDeletingService (SCMBlockDeletingService.java:call(198)) - Totally added 9 blocks to be deleted for 3 datanodes, task elapsed time: 0ms
2023-04-19 02:33:56,238 [BlockDeletingService#4] INFO  interfaces.ContainerDeletionChoosingPolicyTemplate (ContainerDeletionChoosingPolicyTemplate.java:chooseContainerForBlockDeletion(83)) - Chosen 0/5000 blocks from 0 candidate containers.
2023-04-19 02:33:56,298 [BlockDeletingService#2] INFO  interfaces.ContainerDeletionChoosingPolicyTemplate (ContainerDeletionChoosingPolicyTemplate.java:chooseContainerForBlockDeletion(83)) - Chosen 0/5000 blocks from 0 candidate containers.
2023-04-19 02:33:56,298 [BlockDeletingService#2] INFO  interfaces.ContainerDeletionChoosingPolicyTemplate (ContainerDeletionChoosingPolicyTemplate.java:chooseContainerForBlockDeletion(83)) - Chosen 0/5000 blocks from 0 candidate containers.
2023-04-19 02:33:56,319 [SCMBlockDeletingService#0] DEBUG block.SCMBlockDeletingService (SCMBlockDeletingService.java:shouldRun(251)) - Check scm block delete run: true serviceStatus: RUNNING safemodeExitRunDelayMillis: 3000 alreadyWaitTimeInMillis: 9250
2023-04-19 02:33:56,319 [SCMBlockDeletingService#0] DEBUG block.SCMBlockDeletingService (SCMBlockDeletingService.java:call(154)) - Running DeletedBlockTransactionScanner
2023-04-19 02:33:56,338 [BlockDeletingService#4] INFO  interfaces.ContainerDeletionChoosingPolicyTemplate (ContainerDeletionChoosingPolicyTemplate.java:chooseContainerForBlockDeletion(83)) - Chosen 0/5000 blocks from 0 candidate containers.
2023-04-19 02:33:56,398 [BlockDeletingService#2] INFO  interfaces.ContainerDeletionChoosingPolicyTemplate (ContainerDeletionChoosingPolicyTemplate.java:chooseContainerForBlockDeletion(83)) - Chosen 0/5000 blocks from 0 candidate containers.
2023-04-19 02:33:56,398 [BlockDeletingService#2] INFO  interfaces.ContainerDeletionChoosingPolicyTemplate (ContainerDeletionChoosingPolicyTemplate.java:chooseContainerForBlockDeletion(83)) - Chosen 0/5000 blocks from 0 candidate containers.
2023-04-19 02:33:56,419 [SCMBlockDeletingService#0] DEBUG block.SCMBlockDeletingService (SCMBlockDeletingService.java:shouldRun(251)) - Check scm block delete run: true serviceStatus: RUNNING safemodeExitRunDelayMillis: 3000 alreadyWaitTimeInMillis: 9350
2023-04-19 02:33:56,420 [SCMBlockDeletingService#0] DEBUG block.SCMBlockDeletingService (SCMBlockDeletingService.java:call(154)) - Running DeletedBlockTransactionScanner
2023-04-19 02:33:56,420 [SCMBlockDeletingService#0] DEBUG block.SCMBlockDeletingService (DatanodeDeletedBlockTransactions.java:addTransactionToDN(50)) - Transaction added: a2f76bd1-2c73-4f6b-ae37-53a5930131fe <- TX(1)
2023-04-19 02:33:56,420 [SCMBlockDeletingService#0] DEBUG block.SCMBlockDeletingService (DatanodeDeletedBlockTransactions.java:addTransactionToDN(50)) - Transaction added: 457148a9-726e-4dee-b9dd-7b4b55ffa2f6 <- TX(1)
2023-04-19 02:33:56,420 [SCMBlockDeletingService#0] DEBUG block.SCMBlockDeletingService (DatanodeDeletedBlockTransactions.java:addTransactionToDN(50)) - Transaction added: 2fc7e044-034b-4d4d-85e4-65e0422d519b <- TX(1)
2023-04-19 02:33:56,420 [SCMBlockDeletingService#0] DEBUG block.SCMBlockDeletingService (DatanodeDeletedBlockTransactions.java:addTransactionToDN(50)) - Transaction added: a2f76bd1-2c73-4f6b-ae37-53a5930131fe <- TX(2)
2023-04-19 02:33:56,420 [SCMBlockDeletingService#0] DEBUG block.SCMBlockDeletingService (DatanodeDeletedBlockTransactions.java:addTransactionToDN(50)) - Transaction added: 2fc7e044-034b-4d4d-85e4-65e0422d519b <- TX(2)
2023-04-19 02:33:56,420 [SCMBlockDeletingService#0] DEBUG block.SCMBlockDeletingService (DatanodeDeletedBlockTransactions.java:addTransactionToDN(50)) - Transaction added: 457148a9-726e-4dee-b9dd-7b4b55ffa2f6 <- TX(2)
2023-04-19 02:33:56,420 [SCMBlockDeletingService#0] DEBUG block.SCMBlockDeletingService (DatanodeDeletedBlockTransactions.java:addTransactionToDN(50)) - Transaction added: a2f76bd1-2c73-4f6b-ae37-53a5930131fe <- TX(3)
2023-04-19 02:33:56,420 [SCMBlockDeletingService#0] DEBUG block.SCMBlockDeletingService (DatanodeDeletedBlockTransactions.java:addTransactionToDN(50)) - Transaction added: 457148a9-726e-4dee-b9dd-7b4b55ffa2f6 <- TX(3)
2023-04-19 02:33:56,420 [SCMBlockDeletingService#0] DEBUG block.SCMBlockDeletingService (DatanodeDeletedBlockTransactions.java:addTransactionToDN(50)) - Transaction added: 2fc7e044-034b-4d4d-85e4-65e0422d519b <- TX(3)
2023-04-19 02:33:56,420 [SCMBlockDeletingService#0] DEBUG block.SCMBlockDeletingService (SCMBlockDeletingService.java:call(189)) - Added delete block command for datanode a2f76bd1-2c73-4f6b-ae37-53a5930131fe in the queue, number of delete block transactions: 3
2023-04-19 02:33:56,420 [SCMBlockDeletingService#0] DEBUG block.SCMBlockDeletingService (SCMBlockDeletingService.java:call(189)) - Added delete block command for datanode 2fc7e044-034b-4d4d-85e4-65e0422d519b in the queue, number of delete block transactions: 3
2023-04-19 02:33:56,420 [SCMBlockDeletingService#0] DEBUG block.SCMBlockDeletingService (SCMBlockDeletingService.java:call(189)) - Added delete block command for datanode 457148a9-726e-4dee-b9dd-7b4b55ffa2f6 in the queue, number of delete block transactions: 3
2023-04-19 02:33:56,420 [SCMBlockDeletingService#0] INFO  block.SCMBlockDeletingService (SCMBlockDeletingService.java:call(198)) - Totally added 9 blocks to be deleted for 3 datanodes, task elapsed time: 1ms
2023-04-19 02:33:56,439 [BlockDeletingService#4] INFO  interfaces.ContainerDeletionChoosingPolicyTemplate (ContainerDeletionChoosingPolicyTemplate.java:chooseContainerForBlockDeletion(83)) - Chosen 0/5000 blocks from 0 candidate containers.
2023-04-19 02:33:56,479 [org.apache.hadoop.ozone.container.common.statemachine.commandhandler.DeleteBlocksCommandHandler$DeleteCmdWorker@67d33cfb] INFO  commandhandler.DeleteBlocksCommandHandler (DeleteBlocksCommandHandler.java:processCmd(275)) - Start to delete container blocks, TXIDs=[1(0),2(0),3(0)], numOfContainers=3, numOfBlocks=3
2023-04-19 02:33:56,481 [org.apache.hadoop.ozone.container.common.statemachine.commandhandler.DeleteBlocksCommandHandler$DeleteCmdWorker@67d33cfb] INFO  commandhandler.DeleteBlocksCommandHandler (DeleteBlocksCommandHandler.java:processCmd(275)) - Start to delete container blocks, TXIDs=[1(1),2(1),3(1)], numOfContainers=3, numOfBlocks=3
2023-04-19 02:33:56,482 [DeleteBlocksCommandHandlerThread-3] INFO  commandhandler.DeleteBlocksCommandHandler (DeleteBlocksCommandHandler.java:logDeleteTransaction(493)) - Delete blocks for containerId: 1 is either received out of order or retried, 1 <= 1
2023-04-19 02:33:56,482 [DeleteBlocksCommandHandlerThread-4] INFO  commandhandler.DeleteBlocksCommandHandler (DeleteBlocksCommandHandler.java:logDeleteTransaction(493)) - Delete blocks for containerId: 2 is either received out of order or retried, 2 <= 2
2023-04-19 02:33:56,482 [DeleteBlocksCommandHandlerThread-0] INFO  commandhandler.DeleteBlocksCommandHandler (DeleteBlocksCommandHandler.java:logDeleteTransaction(493)) - Delete blocks for containerId: 3 is either received out of order or retried, 3 <= 3
2023-04-19 02:33:56,482 [org.apache.hadoop.ozone.container.common.statemachine.commandhandler.DeleteBlocksCommandHandler$DeleteCmdWorker@67d33cfb] INFO  commandhandler.DeleteBlocksCommandHandler (DeleteBlocksCommandHandler.java:processCmd(275)) - Start to delete container blocks, TXIDs=[1(2),2(2),3(2)], numOfContainers=3, numOfBlocks=3
2023-04-19 02:33:56,482 [DeleteBlocksCommandHandlerThread-1] INFO  commandhandler.DeleteBlocksCommandHandler (DeleteBlocksCommandHandler.java:logDeleteTransaction(493)) - Delete blocks for containerId: 1 is either received out of order or retried, 1 <= 1
2023-04-19 02:33:56,482 [DeleteBlocksCommandHandlerThread-2] INFO  commandhandler.DeleteBlocksCommandHandler (DeleteBlocksCommandHandler.java:logDeleteTransaction(493)) - Delete blocks for containerId: 2 is either received out of order or retried, 2 <= 2
2023-04-19 02:33:56,482 [DeleteBlocksCommandHandlerThread-1] INFO  commandhandler.DeleteBlocksCommandHandler (DeleteBlocksCommandHandler.java:logDeleteTransaction(493)) - Delete blocks for containerId: 3 is either received out of order or retried, 3 <= 3
2023-04-19 02:33:56,482 [org.apache.hadoop.ozone.container.common.statemachine.commandhandler.DeleteBlocksCommandHandler$DeleteCmdWorker@67d33cfb] INFO  commandhandler.DeleteBlocksCommandHandler (DeleteBlocksCommandHandler.java:processCmd(275)) - Start to delete container blocks, TXIDs=[1(3),2(3),3(3)], numOfContainers=3, numOfBlocks=3
2023-04-19 02:33:56,482 [DeleteBlocksCommandHandlerThread-2] INFO  commandhandler.DeleteBlocksCommandHandler (DeleteBlocksCommandHandler.java:logDeleteTransaction(493)) - Delete blocks for containerId: 3 is either received out of order or retried, 3 <= 3
2023-04-19 02:33:56,483 [DeleteBlocksCommandHandlerThread-3] INFO  commandhandler.DeleteBlocksCommandHandler (DeleteBlocksCommandHandler.java:logDeleteTransaction(493)) - Delete blocks for containerId: 2 is either received out of order or retried, 2 <= 2
2023-04-19 02:33:56,483 [DeleteBlocksCommandHandlerThread-0] INFO  commandhandler.DeleteBlocksCommandHandler (DeleteBlocksCommandHandler.java:logDeleteTransaction(493)) - Delete blocks for containerId: 1 is either received out of order or retried, 1 <= 1
2023-04-19 02:33:56,484 [org.apache.hadoop.ozone.container.common.statemachine.commandhandler.DeleteBlocksCommandHandler$DeleteCmdWorker@67d33cfb] INFO  commandhandler.DeleteBlocksCommandHandler (DeleteBlocksCommandHandler.java:processCmd(275)) - Start to delete container blocks, TXIDs=[1(4),2(4),3(4)], numOfContainers=3, numOfBlocks=3
2023-04-19 02:33:56,484 [DeleteBlocksCommandHandlerThread-4] INFO  commandhandler.DeleteBlocksCommandHandler (DeleteBlocksCommandHandler.java:logDeleteTransaction(493)) - Delete blocks for containerId: 1 is either received out of order or retried, 1 <= 1
2023-04-19 02:33:56,484 [DeleteBlocksCommandHandlerThread-2] INFO  commandhandler.DeleteBlocksCommandHandler (DeleteBlocksCommandHandler.java:logDeleteTransaction(493)) - Delete blocks for containerId: 3 is either received out of order or retried, 3 <= 3
2023-04-19 02:33:56,484 [DeleteBlocksCommandHandlerThread-1] INFO  commandhandler.DeleteBlocksCommandHandler (DeleteBlocksCommandHandler.java:logDeleteTransaction(493)) - Delete blocks for containerId: 2 is either received out of order or retried, 2 <= 2
2023-04-19 02:33:56,498 [BlockDeletingService#2] INFO  interfaces.ContainerDeletionChoosingPolicyTemplate (ContainerDeletionChoosingPolicyTemplate.java:chooseContainerForBlockDeletion(83)) - Chosen 0/5000 blocks from 0 candidate containers.
2023-04-19 02:33:56,499 [BlockDeletingService#2] INFO  interfaces.ContainerDeletionChoosingPolicyTemplate (ContainerDeletionChoosingPolicyTemplate.java:chooseContainerForBlockDeletion(83)) - Chosen 15/4985 blocks from 3 candidate containers.
2023-04-19 02:33:56,500 [BlockDeletingService#9] INFO  impl.FilePerBlockStrategy (FilePerBlockStrategy.java:deleteChunk(252)) - Deleted block file: /home/runner/work/ozone/ozone/hadoop-ozone/integration-test/target/test-dir/MiniOzoneClusterImpl-fac7741a-db88-4542-9ed6-27af914485a4/datanode-0/data-0/containers/hdds/fac7741a-db88-4542-9ed6-27af914485a4/current/containerDir0/3/chunks/111677748019200003.block
2023-04-19 02:33:56,501 [BlockDeletingService#5] INFO  impl.FilePerBlockStrategy (FilePerBlockStrategy.java:deleteChunk(252)) - Deleted block file: /home/runner/work/ozone/ozone/hadoop-ozone/integration-test/target/test-dir/MiniOzoneClusterImpl-fac7741a-db88-4542-9ed6-27af914485a4/datanode-0/data-0/containers/hdds/fac7741a-db88-4542-9ed6-27af914485a4/current/containerDir0/2/chunks/111677748019200002.block
2023-04-19 02:33:56,500 [BlockDeletingService#2] INFO  impl.FilePerBlockStrategy (FilePerBlockStrategy.java:deleteChunk(252)) - Deleted block file: /home/runner/work/ozone/ozone/hadoop-ozone/integration-test/target/test-dir/MiniOzoneClusterImpl-fac7741a-db88-4542-9ed6-27af914485a4/datanode-0/data-0/containers/hdds/fac7741a-db88-4542-9ed6-27af914485a4/current/containerDir0/1/chunks/111677748019200001.block
2023-04-19 02:33:56,520 [SCMBlockDeletingService#0] DEBUG block.SCMBlockDeletingService (SCMBlockDeletingService.java:shouldRun(251)) - Check scm block delete run: true serviceStatus: RUNNING safemodeExitRunDelayMillis: 3000 alreadyWaitTimeInMillis: 9451
2023-04-19 02:33:56,520 [SCMBlockDeletingService#0] DEBUG block.SCMBlockDeletingService (SCMBlockDeletingService.java:call(154)) - Running DeletedBlockTransactionScanner
2023-04-19 02:33:56,539 [BlockDeletingService#4] INFO  interfaces.ContainerDeletionChoosingPolicyTemplate (ContainerDeletionChoosingPolicyTemplate.java:chooseContainerForBlockDeletion(83)) - Chosen 0/5000 blocks from 0 candidate containers.
2023-04-19 02:33:56,581 [EventQueue-DeleteBlockStatusForDeletedBlockLogImpl] DEBUG block.DeletedBlockLogImpl (DeletedBlockLogImpl.java:isTransactionFailed(314)) - Got block deletion ACK from datanode, TXIDs=1, success=true
2023-04-19 02:33:56,581 [EventQueue-DeleteBlockStatusForDeletedBlockLogImpl] DEBUG block.DeletedBlockLogImpl (DeletedBlockLogImpl.java:commitTransactions(292)) - Datanode txId=1 containerId=#1 committed by dnId=457148a9-726e-4dee-b9dd-7b4b55ffa2f6
2023-04-19 02:33:56,581 [EventQueue-DeleteBlockStatusForDeletedBlockLogImpl] DEBUG block.DeletedBlockLogImpl (DeletedBlockLogImpl.java:isTransactionFailed(314)) - Got block deletion ACK from datanode, TXIDs=2, success=true
2023-04-19 02:33:56,582 [EventQueue-DeleteBlockStatusForDeletedBlockLogImpl] DEBUG block.DeletedBlockLogImpl (DeletedBlockLogImpl.java:commitTransactions(292)) - Datanode txId=2 containerId=#2 committed by dnId=457148a9-726e-4dee-b9dd-7b4b55ffa2f6
2023-04-19 02:33:56,582 [EventQueue-DeleteBlockStatusForDeletedBlockLogImpl] DEBUG block.DeletedBlockLogImpl (DeletedBlockLogImpl.java:isTransactionFailed(314)) - Got block deletion ACK from datanode, TXIDs=3, success=true
2023-04-19 02:33:56,582 [EventQueue-DeleteBlockStatusForDeletedBlockLogImpl] DEBUG block.DeletedBlockLogImpl (DeletedBlockLogImpl.java:commitTransactions(292)) - Datanode txId=3 containerId=#3 committed by dnId=457148a9-726e-4dee-b9dd-7b4b55ffa2f6
2023-04-19 02:33:56,582 [EventQueue-DeleteBlockStatusForDeletedBlockLogImpl] DEBUG block.DeletedBlockLogImpl (DeletedBlockLogImpl.java:isTransactionFailed(314)) - Got block deletion ACK from datanode, TXIDs=1, success=true
2023-04-19 02:33:56,582 [EventQueue-DeleteBlockStatusForDeletedBlockLogImpl] DEBUG block.DeletedBlockLogImpl (DeletedBlockLogImpl.java:commitTransactions(292)) - Datanode txId=1 containerId=#1 committed by dnId=457148a9-726e-4dee-b9dd-7b4b55ffa2f6
2023-04-19 02:33:56,582 [EventQueue-DeleteBlockStatusForDeletedBlockLogImpl] DEBUG block.DeletedBlockLogImpl (DeletedBlockLogImpl.java:isTransactionFailed(314)) - Got block deletion ACK from datanode, TXIDs=2, success=true
2023-04-19 02:33:56,582 [EventQueue-DeleteBlockStatusForDeletedBlockLogImpl] DEBUG block.DeletedBlockLogImpl (DeletedBlockLogImpl.java:commitTransactions(292)) - Datanode txId=2 containerId=#2 committed by dnId=457148a9-726e-4dee-b9dd-7b4b55ffa2f6
2023-04-19 02:33:56,582 [EventQueue-DeleteBlockStatusForDeletedBlockLogImpl] DEBUG block.DeletedBlockLogImpl (DeletedBlockLogImpl.java:isTransactionFailed(314)) - Got block deletion ACK from datanode, TXIDs=3, success=true
2023-04-19 02:33:56,582 [EventQueue-DeleteBlockStatusForDeletedBlockLogImpl] DEBUG block.DeletedBlockLogImpl (DeletedBlockLogImpl.java:commitTransactions(292)) - Datanode txId=3 containerId=#3 committed by dnId=457148a9-726e-4dee-b9dd-7b4b55ffa2f6
2023-04-19 02:33:56,582 [EventQueue-DeleteBlockStatusForDeletedBlockLogImpl] DEBUG block.DeletedBlockLogImpl (DeletedBlockLogImpl.java:isTransactionFailed(314)) - Got block deletion ACK from datanode, TXIDs=1, success=true
2023-04-19 02:33:56,582 [EventQueue-DeleteBlockStatusForDeletedBlockLogImpl] DEBUG block.DeletedBlockLogImpl (DeletedBlockLogImpl.java:commitTransactions(292)) - Datanode txId=1 containerId=#1 committed by dnId=457148a9-726e-4dee-b9dd-7b4b55ffa2f6
2023-04-19 02:33:56,582 [EventQueue-DeleteBlockStatusForDeletedBlockLogImpl] DEBUG block.DeletedBlockLogImpl (DeletedBlockLogImpl.java:isTransactionFailed(314)) - Got block deletion ACK from datanode, TXIDs=2, success=true
2023-04-19 02:33:56,582 [EventQueue-DeleteBlockStatusForDeletedBlockLogImpl] DEBUG block.DeletedBlockLogImpl (DeletedBlockLogImpl.java:commitTransactions(292)) - Datanode txId=2 containerId=#2 committed by dnId=457148a9-726e-4dee-b9dd-7b4b55ffa2f6
2023-04-19 02:33:56,582 [EventQueue-DeleteBlockStatusForDeletedBlockLogImpl] DEBUG block.DeletedBlockLogImpl (DeletedBlockLogImpl.java:isTransactionFailed(314)) - Got block deletion ACK from datanode, TXIDs=3, success=true
2023-04-19 02:33:56,582 [EventQueue-DeleteBlockStatusForDeletedBlockLogImpl] DEBUG block.DeletedBlockLogImpl (DeletedBlockLogImpl.java:commitTransactions(292)) - Datanode txId=3 containerId=#3 committed by dnId=457148a9-726e-4dee-b9dd-7b4b55ffa2f6
2023-04-19 02:33:56,582 [EventQueue-DeleteBlockStatusForDeletedBlockLogImpl] DEBUG block.DeletedBlockLogImpl (DeletedBlockLogImpl.java:isTransactionFailed(314)) - Got block deletion ACK from datanode, TXIDs=1, success=true
2023-04-19 02:33:56,582 [EventQueue-DeleteBlockStatusForDeletedBlockLogImpl] DEBUG block.DeletedBlockLogImpl (DeletedBlockLogImpl.java:commitTransactions(292)) - Datanode txId=1 containerId=#1 committed by dnId=457148a9-726e-4dee-b9dd-7b4b55ffa2f6
2023-04-19 02:33:56,582 [EventQueue-DeleteBlockStatusForDeletedBlockLogImpl] DEBUG block.DeletedBlockLogImpl (DeletedBlockLogImpl.java:isTransactionFailed(314)) - Got block deletion ACK from datanode, TXIDs=2, success=true
2023-04-19 02:33:56,582 [EventQueue-DeleteBlockStatusForDeletedBlockLogImpl] DEBUG block.DeletedBlockLogImpl (DeletedBlockLogImpl.java:commitTransactions(292)) - Datanode txId=2 containerId=#2 committed by dnId=457148a9-726e-4dee-b9dd-7b4b55ffa2f6
2023-04-19 02:33:56,582 [EventQueue-DeleteBlockStatusForDeletedBlockLogImpl] DEBUG block.DeletedBlockLogImpl (DeletedBlockLogImpl.java:isTransactionFailed(314)) - Got block deletion ACK from datanode, TXIDs=3, success=true
2023-04-19 02:33:56,582 [EventQueue-DeleteBlockStatusForDeletedBlockLogImpl] DEBUG block.DeletedBlockLogImpl (DeletedBlockLogImpl.java:commitTransactions(292)) - Datanode txId=3 containerId=#3 committed by dnId=457148a9-726e-4dee-b9dd-7b4b55ffa2f6
2023-04-19 02:33:56,582 [EventQueue-DeleteBlockStatusForDeletedBlockLogImpl] DEBUG block.DeletedBlockLogImpl (DeletedBlockLogImpl.java:isTransactionFailed(314)) - Got block deletion ACK from datanode, TXIDs=1, success=true
2023-04-19 02:33:56,582 [EventQueue-DeleteBlockStatusForDeletedBlockLogImpl] DEBUG block.DeletedBlockLogImpl (DeletedBlockLogImpl.java:commitTransactions(292)) - Datanode txId=1 containerId=#1 committed by dnId=457148a9-726e-4dee-b9dd-7b4b55ffa2f6
2023-04-19 02:33:56,582 [EventQueue-DeleteBlockStatusForDeletedBlockLogImpl] DEBUG block.DeletedBlockLogImpl (DeletedBlockLogImpl.java:isTransactionFailed(314)) - Got block deletion ACK from datanode, TXIDs=2, success=true
2023-04-19 02:33:56,582 [EventQueue-DeleteBlockStatusForDeletedBlockLogImpl] DEBUG block.DeletedBlockLogImpl (DeletedBlockLogImpl.java:commitTransactions(292)) - Datanode txId=2 containerId=#2 committed by dnId=457148a9-726e-4dee-b9dd-7b4b55ffa2f6
2023-04-19 02:33:56,582 [EventQueue-DeleteBlockStatusForDeletedBlockLogImpl] DEBUG block.DeletedBlockLogImpl (DeletedBlockLogImpl.java:isTransactionFailed(314)) - Got block deletion ACK from datanode, TXIDs=3, success=true
2023-04-19 02:33:56,582 [EventQueue-DeleteBlockStatusForDeletedBlockLogImpl] DEBUG block.DeletedBlockLogImpl (DeletedBlockLogImpl.java:commitTransactions(292)) - Datanode txId=3 containerId=#3 committed by dnId=457148a9-726e-4dee-b9dd-7b4b55ffa2f6
2023-04-19 02:33:56,599 [BlockDeletingService#2] INFO  interfaces.ContainerDeletionChoosingPolicyTemplate (ContainerDeletionChoosingPolicyTemplate.java:chooseContainerForBlockDeletion(83)) - Chosen 0/5000 blocks from 0 candidate containers.
2023-04-19 02:33:56,599 [BlockDeletingService#9] INFO  interfaces.ContainerDeletionChoosingPolicyTemplate (ContainerDeletionChoosingPolicyTemplate.java:chooseContainerForBlockDeletion(83)) - Chosen 12/4988 blocks from 3 candidate containers.
2023-04-19 02:33:56,599 [BlockDeletingService#9] INFO  background.BlockDeletingService (BlockDeletingService.java:deleteViaTransactionStore(483)) - No transaction found in container 1 with pending delete block count 4
2023-04-19 02:33:56,599 [BlockDeletingService#7] INFO  background.BlockDeletingService (BlockDeletingService.java:deleteViaTransactionStore(483)) - No transaction found in container 2 with pending delete block count 4
2023-04-19 02:33:56,599 [BlockDeletingService#3] INFO  background.BlockDeletingService (BlockDeletingService.java:deleteViaTransactionStore(483)) - No transaction found in container 3 with pending delete block count 4
2023-04-19 02:33:56,620 [SCMBlockDeletingService#0] DEBUG block.SCMBlockDeletingService (SCMBlockDeletingService.java:shouldRun(251)) - Check scm block delete run: true serviceStatus: RUNNING safemodeExitRunDelayMillis: 3000 alreadyWaitTimeInMillis: 9551
2023-04-19 02:33:56,620 [SCMBlockDeletingService#0] DEBUG block.SCMBlockDeletingService (SCMBlockDeletingService.java:call(154)) - Running DeletedBlockTransactionScanner
2023-04-19 02:33:56,620 [SCMBlockDeletingService#0] DEBUG block.SCMBlockDeletingService (DatanodeDeletedBlockTransactions.java:addTransactionToDN(50)) - Transaction added: a2f76bd1-2c73-4f6b-ae37-53a5930131fe <- TX(1)
2023-04-19 02:33:56,620 [SCMBlockDeletingService#0] DEBUG block.SCMBlockDeletingService (DatanodeDeletedBlockTransactions.java:addTransactionToDN(50)) - Transaction added: 2fc7e044-034b-4d4d-85e4-65e0422d519b <- TX(1)
2023-04-19 02:33:56,620 [SCMBlockDeletingService#0] DEBUG block.SCMBlockDeletingService (DatanodeDeletedBlockTransactions.java:addTransactionToDN(50)) - Transaction added: a2f76bd1-2c73-4f6b-ae37-53a5930131fe <- TX(2)
2023-04-19 02:33:56,620 [SCMBlockDeletingService#0] DEBUG block.SCMBlockDeletingService (DatanodeDeletedBlockTransactions.java:addTransactionToDN(50)) - Transaction added: 2fc7e044-034b-4d4d-85e4-65e0422d519b <- TX(2)
2023-04-19 02:33:56,620 [SCMBlockDeletingService#0] DEBUG block.SCMBlockDeletingService (DatanodeDeletedBlockTransactions.java:addTransactionToDN(50)) - Transaction added: a2f76bd1-2c73-4f6b-ae37-53a5930131fe <- TX(3)
2023-04-19 02:33:56,620 [SCMBlockDeletingService#0] DEBUG block.SCMBlockDeletingService (DatanodeDeletedBlockTransactions.java:addTransactionToDN(50)) - Transaction added: 2fc7e044-034b-4d4d-85e4-65e0422d519b <- TX(3)
2023-04-19 02:33:56,620 [SCMBlockDeletingService#0] DEBUG block.SCMBlockDeletingService (SCMBlockDeletingService.java:call(189)) - Added delete block command for datanode a2f76bd1-2c73-4f6b-ae37-53a5930131fe in the queue, number of delete block transactions: 3
2023-04-19 02:33:56,620 [SCMBlockDeletingService#0] DEBUG block.SCMBlockDeletingService (SCMBlockDeletingService.java:call(189)) - Added delete block command for datanode 2fc7e044-034b-4d4d-85e4-65e0422d519b in the queue, number of delete block transactions: 3
2023-04-19 02:33:56,620 [SCMBlockDeletingService#0] INFO  block.SCMBlockDeletingService (SCMBlockDeletingService.java:call(198)) - Totally added 6 blocks to be deleted for 2 datanodes, task elapsed time: 1ms
2023-04-19 02:33:56,639 [BlockDeletingService#4] INFO  interfaces.ContainerDeletionChoosingPolicyTemplate (ContainerDeletionChoosingPolicyTemplate.java:chooseContainerForBlockDeletion(83)) - Chosen 0/5000 blocks from 0 candidate containers.
2023-04-19 02:33:56,699 [BlockDeletingService#2] INFO  interfaces.ContainerDeletionChoosingPolicyTemplate (ContainerDeletionChoosingPolicyTemplate.java:chooseContainerForBlockDeletion(83)) - Chosen 0/5000 blocks from 0 candidate containers.
2023-04-19 02:33:56,699 [BlockDeletingService#9] INFO  interfaces.ContainerDeletionChoosingPolicyTemplate (ContainerDeletionChoosingPolicyTemplate.java:chooseContainerForBlockDeletion(83)) - Chosen 0/5000 blocks from 0 candidate containers.
2023-04-19 02:33:56,720 [SCMBlockDeletingService#0] DEBUG block.SCMBlockDeletingService (SCMBlockDeletingService.java:shouldRun(251)) - Check scm block delete run: true serviceStatus: RUNNING safemodeExitRunDelayMillis: 3000 alreadyWaitTimeInMillis: 9651
2023-04-19 02:33:56,720 [SCMBlockDeletingService#0] DEBUG block.SCMBlockDeletingService (SCMBlockDeletingService.java:call(154)) - Running DeletedBlockTransactionScanner
2023-04-19 02:33:56,739 [BlockDeletingService#4] INFO  interfaces.ContainerDeletionChoosingPolicyTemplate (ContainerDeletionChoosingPolicyTemplate.java:chooseContainerForBlockDeletion(83)) - Chosen 0/5000 blocks from 0 candidate containers.
2023-04-19 02:33:56,799 [BlockDeletingService#2] INFO  interfaces.ContainerDeletionChoosingPolicyTemplate (ContainerDeletionChoosingPolicyTemplate.java:chooseContainerForBlockDeletion(83)) - Chosen 0/5000 blocks from 0 candidate containers.
2023-04-19 02:33:56,799 [BlockDeletingService#9] INFO  interfaces.ContainerDeletionChoosingPolicyTemplate (ContainerDeletionChoosingPolicyTemplate.java:chooseContainerForBlockDeletion(83)) - Chosen 0/5000 blocks from 0 candidate containers.
2023-04-19 02:33:56,820 [SCMBlockDeletingService#0] DEBUG block.SCMBlockDeletingService (SCMBlockDeletingService.java:shouldRun(251)) - Check scm block delete run: true serviceStatus: RUNNING safemodeExitRunDelayMillis: 3000 alreadyWaitTimeInMillis: 9751
2023-04-19 02:33:56,820 [SCMBlockDeletingService#0] DEBUG block.SCMBlockDeletingService (SCMBlockDeletingService.java:call(154)) - Running DeletedBlockTransactionScanner
2023-04-19 02:33:56,820 [SCMBlockDeletingService#0] DEBUG block.SCMBlockDeletingService (DatanodeDeletedBlockTransactions.java:addTransactionToDN(50)) - Transaction added: a2f76bd1-2c73-4f6b-ae37-53a5930131fe <- TX(1)
2023-04-19 02:33:56,820 [SCMBlockDeletingService#0] DEBUG block.SCMBlockDeletingService (DatanodeDeletedBlockTransactions.java:addTransactionToDN(50)) - Transaction added: 2fc7e044-034b-4d4d-85e4-65e0422d519b <- TX(1)
2023-04-19 02:33:56,820 [SCMBlockDeletingService#0] DEBUG block.SCMBlockDeletingService (DatanodeDeletedBlockTransactions.java:addTransactionToDN(50)) - Transaction added: a2f76bd1-2c73-4f6b-ae37-53a5930131fe <- TX(2)
2023-04-19 02:33:56,820 [SCMBlockDeletingService#0] DEBUG block.SCMBlockDeletingService (DatanodeDeletedBlockTransactions.java:addTransactionToDN(50)) - Transaction added: 2fc7e044-034b-4d4d-85e4-65e0422d519b <- TX(2)
2023-04-19 02:33:56,820 [SCMBlockDeletingService#0] DEBUG block.SCMBlockDeletingService (DatanodeDeletedBlockTransactions.java:addTransactionToDN(50)) - Transaction added: a2f76bd1-2c73-4f6b-ae37-53a5930131fe <- TX(3)
2023-04-19 02:33:56,820 [SCMBlockDeletingService#0] DEBUG block.SCMBlockDeletingService (DatanodeDeletedBlockTransactions.java:addTransactionToDN(50)) - Transaction added: 2fc7e044-034b-4d4d-85e4-65e0422d519b <- TX(3)
2023-04-19 02:33:56,820 [SCMBlockDeletingService#0] DEBUG block.SCMBlockDeletingService (SCMBlockDeletingService.java:call(189)) - Added delete block command for datanode a2f76bd1-2c73-4f6b-ae37-53a5930131fe in the queue, number of delete block transactions: 3
2023-04-19 02:33:56,820 [SCMBlockDeletingService#0] DEBUG block.SCMBlockDeletingService (SCMBlockDeletingService.java:call(189)) - Added delete block command for datanode 2fc7e044-034b-4d4d-85e4-65e0422d519b in the queue, number of delete block transactions: 3
2023-04-19 02:33:56,820 [SCMBlockDeletingService#0] INFO  block.SCMBlockDeletingService (SCMBlockDeletingService.java:call(198)) - Totally added 6 blocks to be deleted for 2 datanodes, task elapsed time: 1ms
2023-04-19 02:33:56,840 [BlockDeletingService#4] INFO  interfaces.ContainerDeletionChoosingPolicyTemplate (ContainerDeletionChoosingPolicyTemplate.java:chooseContainerForBlockDeletion(83)) - Chosen 0/5000 blocks from 0 candidate containers.
2023-04-19 02:33:56,842 [org.apache.hadoop.ozone.container.common.statemachine.commandhandler.DeleteBlocksCommandHandler$DeleteCmdWorker@25f5eb5f] INFO  commandhandler.DeleteBlocksCommandHandler (DeleteBlocksCommandHandler.java:processCmd(275)) - Start to delete container blocks, TXIDs=[1(0),2(0),3(0)], numOfContainers=3, numOfBlocks=3
2023-04-19 02:33:56,845 [org.apache.hadoop.ozone.container.common.statemachine.commandhandler.DeleteBlocksCommandHandler$DeleteCmdWorker@25f5eb5f] INFO  commandhandler.DeleteBlocksCommandHandler (DeleteBlocksCommandHandler.java:processCmd(275)) - Start to delete container blocks, TXIDs=[1(1),2(1),3(1)], numOfContainers=3, numOfBlocks=3
2023-04-19 02:33:56,845 [DeleteBlocksCommandHandlerThread-3] INFO  commandhandler.DeleteBlocksCommandHandler (DeleteBlocksCommandHandler.java:logDeleteTransaction(493)) - Delete blocks for containerId: 1 is either received out of order or retried, 1 <= 1
2023-04-19 02:33:56,851 [DeleteBlocksCommandHandlerThread-0] INFO  commandhandler.DeleteBlocksCommandHandler (DeleteBlocksCommandHandler.java:logDeleteTransaction(493)) - Delete blocks for containerId: 3 is either received out of order or retried, 3 <= 3
2023-04-19 02:33:56,851 [DeleteBlocksCommandHandlerThread-4] INFO  commandhandler.DeleteBlocksCommandHandler (DeleteBlocksCommandHandler.java:logDeleteTransaction(493)) - Delete blocks for containerId: 2 is either received out of order or retried, 2 <= 2
2023-04-19 02:33:56,852 [org.apache.hadoop.ozone.container.common.statemachine.commandhandler.DeleteBlocksCommandHandler$DeleteCmdWorker@25f5eb5f] INFO  commandhandler.DeleteBlocksCommandHandler (DeleteBlocksCommandHandler.java:processCmd(275)) - Start to delete container blocks, TXIDs=[1(2),2(2),3(2)], numOfContainers=3, numOfBlocks=3
2023-04-19 02:33:56,852 [DeleteBlocksCommandHandlerThread-1] INFO  commandhandler.DeleteBlocksCommandHandler (DeleteBlocksCommandHandler.java:logDeleteTransaction(493)) - Delete blocks for containerId: 1 is either received out of order or retried, 1 <= 1
2023-04-19 02:33:56,852 [DeleteBlocksCommandHandlerThread-1] INFO  commandhandler.DeleteBlocksCommandHandler (DeleteBlocksCommandHandler.java:logDeleteTransaction(493)) - Delete blocks for containerId: 3 is either received out of order or retried, 3 <= 3
2023-04-19 02:33:56,852 [DeleteBlocksCommandHandlerThread-4] INFO  commandhandler.DeleteBlocksCommandHandler (DeleteBlocksCommandHandler.java:logDeleteTransaction(493)) - Delete blocks for containerId: 2 is either received out of order or retried, 2 <= 2
2023-04-19 02:33:56,899 [BlockDeletingService#2] INFO  interfaces.ContainerDeletionChoosingPolicyTemplate (ContainerDeletionChoosingPolicyTemplate.java:chooseContainerForBlockDeletion(83)) - Chosen 0/5000 blocks from 0 candidate containers.
2023-04-19 02:33:56,899 [BlockDeletingService#9] INFO  interfaces.ContainerDeletionChoosingPolicyTemplate (ContainerDeletionChoosingPolicyTemplate.java:chooseContainerForBlockDeletion(83)) - Chosen 0/5000 blocks from 0 candidate containers.
2023-04-19 02:33:56,920 [SCMBlockDeletingService#0] DEBUG block.SCMBlockDeletingService (SCMBlockDeletingService.java:shouldRun(251)) - Check scm block delete run: true serviceStatus: RUNNING safemodeExitRunDelayMillis: 3000 alreadyWaitTimeInMillis: 9851
2023-04-19 02:33:56,920 [SCMBlockDeletingService#0] DEBUG block.SCMBlockDeletingService (SCMBlockDeletingService.java:call(154)) - Running DeletedBlockTransactionScanner
2023-04-19 02:33:56,940 [BlockDeletingService#4] INFO  interfaces.ContainerDeletionChoosingPolicyTemplate (ContainerDeletionChoosingPolicyTemplate.java:chooseContainerForBlockDeletion(83)) - Chosen 9/4991 blocks from 3 candidate containers.
2023-04-19 02:33:56,941 [BlockDeletingService#4] INFO  impl.FilePerBlockStrategy (FilePerBlockStrategy.java:deleteChunk(252)) - Deleted block file: /home/runner/work/ozone/ozone/hadoop-ozone/integration-test/target/test-dir/MiniOzoneClusterImpl-fac7741a-db88-4542-9ed6-27af914485a4/datanode-1/data-0/containers/hdds/fac7741a-db88-4542-9ed6-27af914485a4/current/containerDir0/1/chunks/111677748019200001.block
2023-04-19 02:33:56,943 [BlockDeletingService#4] INFO  impl.FilePerBlockStrategy (FilePerBlockStrategy.java:deleteChunk(252)) - Deleted block file: /home/runner/work/ozone/ozone/hadoop-ozone/integration-test/target/test-dir/MiniOzoneClusterImpl-fac7741a-db88-4542-9ed6-27af914485a4/datanode-1/data-0/containers/hdds/fac7741a-db88-4542-9ed6-27af914485a4/current/containerDir0/3/chunks/111677748019200003.block
2023-04-19 02:33:56,944 [BlockDeletingService#4] INFO  impl.FilePerBlockStrategy (FilePerBlockStrategy.java:deleteChunk(252)) - Deleted block file: /home/runner/work/ozone/ozone/hadoop-ozone/integration-test/target/test-dir/MiniOzoneClusterImpl-fac7741a-db88-4542-9ed6-27af914485a4/datanode-1/data-0/containers/hdds/fac7741a-db88-4542-9ed6-27af914485a4/current/containerDir0/2/chunks/111677748019200002.block
2023-04-19 02:33:56,989 [EventQueue-DeleteBlockStatusForDeletedBlockLogImpl] DEBUG block.DeletedBlockLogImpl (DeletedBlockLogImpl.java:isTransactionFailed(314)) - Got block deletion ACK from datanode, TXIDs=1, success=true
2023-04-19 02:33:56,989 [EventQueue-DeleteBlockStatusForDeletedBlockLogImpl] DEBUG block.DeletedBlockLogImpl (DeletedBlockLogImpl.java:commitTransactions(292)) - Datanode txId=1 containerId=#1 committed by dnId=2fc7e044-034b-4d4d-85e4-65e0422d519b
2023-04-19 02:33:56,989 [EventQueue-DeleteBlockStatusForDeletedBlockLogImpl] DEBUG block.DeletedBlockLogImpl (DeletedBlockLogImpl.java:isTransactionFailed(314)) - Got block deletion ACK from datanode, TXIDs=2, success=true
2023-04-19 02:33:56,989 [EventQueue-DeleteBlockStatusForDeletedBlockLogImpl] DEBUG block.DeletedBlockLogImpl (DeletedBlockLogImpl.java:commitTransactions(292)) - Datanode txId=2 containerId=#2 committed by dnId=2fc7e044-034b-4d4d-85e4-65e0422d519b
2023-04-19 02:33:56,989 [EventQueue-DeleteBlockStatusForDeletedBlockLogImpl] DEBUG block.DeletedBlockLogImpl (DeletedBlockLogImpl.java:isTransactionFailed(314)) - Got block deletion ACK from datanode, TXIDs=3, success=true
2023-04-19 02:33:56,989 [EventQueue-DeleteBlockStatusForDeletedBlockLogImpl] DEBUG block.DeletedBlockLogImpl (DeletedBlockLogImpl.java:commitTransactions(292)) - Datanode txId=3 containerId=#3 committed by dnId=2fc7e044-034b-4d4d-85e4-65e0422d519b
2023-04-19 02:33:56,989 [EventQueue-DeleteBlockStatusForDeletedBlockLogImpl] DEBUG block.DeletedBlockLogImpl (DeletedBlockLogImpl.java:isTransactionFailed(314)) - Got block deletion ACK from datanode, TXIDs=1, success=true
2023-04-19 02:33:56,989 [EventQueue-DeleteBlockStatusForDeletedBlockLogImpl] DEBUG block.DeletedBlockLogImpl (DeletedBlockLogImpl.java:commitTransactions(292)) - Datanode txId=1 containerId=#1 committed by dnId=2fc7e044-034b-4d4d-85e4-65e0422d519b
2023-04-19 02:33:56,990 [EventQueue-DeleteBlockStatusForDeletedBlockLogImpl] DEBUG block.DeletedBlockLogImpl (DeletedBlockLogImpl.java:isTransactionFailed(314)) - Got block deletion ACK from datanode, TXIDs=2, success=true
2023-04-19 02:33:56,990 [EventQueue-DeleteBlockStatusForDeletedBlockLogImpl] DEBUG block.DeletedBlockLogImpl (DeletedBlockLogImpl.java:commitTransactions(292)) - Datanode txId=2 containerId=#2 committed by dnId=2fc7e044-034b-4d4d-85e4-65e0422d519b
2023-04-19 02:33:56,990 [EventQueue-DeleteBlockStatusForDeletedBlockLogImpl] DEBUG block.DeletedBlockLogImpl (DeletedBlockLogImpl.java:isTransactionFailed(314)) - Got block deletion ACK from datanode, TXIDs=3, success=true
2023-04-19 02:33:56,990 [EventQueue-DeleteBlockStatusForDeletedBlockLogImpl] DEBUG block.DeletedBlockLogImpl (DeletedBlockLogImpl.java:commitTransactions(292)) - Datanode txId=3 containerId=#3 committed by dnId=2fc7e044-034b-4d4d-85e4-65e0422d519b
2023-04-19 02:33:56,990 [EventQueue-DeleteBlockStatusForDeletedBlockLogImpl] DEBUG block.DeletedBlockLogImpl (DeletedBlockLogImpl.java:isTransactionFailed(314)) - Got block deletion ACK from datanode, TXIDs=1, success=true
2023-04-19 02:33:56,990 [EventQueue-DeleteBlockStatusForDeletedBlockLogImpl] DEBUG block.DeletedBlockLogImpl (DeletedBlockLogImpl.java:commitTransactions(292)) - Datanode txId=1 containerId=#1 committed by dnId=2fc7e044-034b-4d4d-85e4-65e0422d519b
2023-04-19 02:33:56,990 [EventQueue-DeleteBlockStatusForDeletedBlockLogImpl] DEBUG block.DeletedBlockLogImpl (DeletedBlockLogImpl.java:isTransactionFailed(314)) - Got block deletion ACK from datanode, TXIDs=2, success=true
2023-04-19 02:33:56,990 [EventQueue-DeleteBlockStatusForDeletedBlockLogImpl] DEBUG block.DeletedBlockLogImpl (DeletedBlockLogImpl.java:commitTransactions(292)) - Datanode txId=2 containerId=#2 committed by dnId=2fc7e044-034b-4d4d-85e4-65e0422d519b
2023-04-19 02:33:56,990 [EventQueue-DeleteBlockStatusForDeletedBlockLogImpl] DEBUG block.DeletedBlockLogImpl (DeletedBlockLogImpl.java:isTransactionFailed(314)) - Got block deletion ACK from datanode, TXIDs=3, success=true
2023-04-19 02:33:56,990 [EventQueue-DeleteBlockStatusForDeletedBlockLogImpl] DEBUG block.DeletedBlockLogImpl (DeletedBlockLogImpl.java:commitTransactions(292)) - Datanode txId=3 containerId=#3 committed by dnId=2fc7e044-034b-4d4d-85e4-65e0422d519b
2023-04-19 02:33:56,999 [BlockDeletingService#2] INFO  interfaces.ContainerDeletionChoosingPolicyTemplate (ContainerDeletionChoosingPolicyTemplate.java:chooseContainerForBlockDeletion(83)) - Chosen 0/5000 blocks from 0 candidate containers.
2023-04-19 02:33:56,999 [BlockDeletingService#9] INFO  interfaces.ContainerDeletionChoosingPolicyTemplate (ContainerDeletionChoosingPolicyTemplate.java:chooseContainerForBlockDeletion(83)) - Chosen 0/5000 blocks from 0 candidate containers.
2023-04-19 02:33:57,020 [SCMBlockDeletingService#0] DEBUG block.SCMBlockDeletingService (SCMBlockDeletingService.java:shouldRun(251)) - Check scm block delete run: true serviceStatus: RUNNING safemodeExitRunDelayMillis: 3000 alreadyWaitTimeInMillis: 9951
2023-04-19 02:33:57,020 [SCMBlockDeletingService#0] DEBUG block.SCMBlockDeletingService (SCMBlockDeletingService.java:call(154)) - Running DeletedBlockTransactionScanner
2023-04-19 02:33:57,021 [SCMBlockDeletingService#0] DEBUG block.SCMBlockDeletingService (DatanodeDeletedBlockTransactions.java:addTransactionToDN(50)) - Transaction added: a2f76bd1-2c73-4f6b-ae37-53a5930131fe <- TX(1)
2023-04-19 02:33:57,021 [SCMBlockDeletingService#0] DEBUG block.SCMBlockDeletingService (DatanodeDeletedBlockTransactions.java:addTransactionToDN(50)) - Transaction added: a2f76bd1-2c73-4f6b-ae37-53a5930131fe <- TX(2)
2023-04-19 02:33:57,021 [SCMBlockDeletingService#0] DEBUG block.SCMBlockDeletingService (DatanodeDeletedBlockTransactions.java:addTransactionToDN(50)) - Transaction added: a2f76bd1-2c73-4f6b-ae37-53a5930131fe <- TX(3)
2023-04-19 02:33:57,021 [SCMBlockDeletingService#0] DEBUG block.SCMBlockDeletingService (SCMBlockDeletingService.java:call(189)) - Added delete block command for datanode a2f76bd1-2c73-4f6b-ae37-53a5930131fe in the queue, number of delete block transactions: 3
2023-04-19 02:33:57,021 [SCMBlockDeletingService#0] INFO  block.SCMBlockDeletingService (SCMBlockDeletingService.java:call(198)) - Totally added 3 blocks to be deleted for 1 datanodes, task elapsed time: 0ms
2023-04-19 02:33:57,040 [BlockDeletingService#9] INFO  interfaces.ContainerDeletionChoosingPolicyTemplate (ContainerDeletionChoosingPolicyTemplate.java:chooseContainerForBlockDeletion(83)) - Chosen 6/4994 blocks from 3 candidate containers.
2023-04-19 02:33:57,041 [BlockDeletingService#9] INFO  background.BlockDeletingService (BlockDeletingService.java:deleteViaTransactionStore(483)) - No transaction found in container 1 with pending delete block count 2
2023-04-19 02:33:57,041 [BlockDeletingService#3] INFO  background.BlockDeletingService (BlockDeletingService.java:deleteViaTransactionStore(483)) - No transaction found in container 3 with pending delete block count 2
2023-04-19 02:33:57,041 [BlockDeletingService#9] INFO  background.BlockDeletingService (BlockDeletingService.java:deleteViaTransactionStore(483)) - No transaction found in container 2 with pending delete block count 2
2023-04-19 02:33:57,100 [BlockDeletingService#2] INFO  interfaces.ContainerDeletionChoosingPolicyTemplate (ContainerDeletionChoosingPolicyTemplate.java:chooseContainerForBlockDeletion(83)) - Chosen 0/5000 blocks from 0 candidate containers.
2023-04-19 02:33:57,100 [BlockDeletingService#9] INFO  interfaces.ContainerDeletionChoosingPolicyTemplate (ContainerDeletionChoosingPolicyTemplate.java:chooseContainerForBlockDeletion(83)) - Chosen 0/5000 blocks from 0 candidate containers.
2023-04-19 02:33:57,120 [SCMBlockDeletingService#0] DEBUG block.SCMBlockDeletingService (SCMBlockDeletingService.java:shouldRun(251)) - Check scm block delete run: true serviceStatus: RUNNING safemodeExitRunDelayMillis: 3000 alreadyWaitTimeInMillis: 10051
2023-04-19 02:33:57,120 [SCMBlockDeletingService#0] DEBUG block.SCMBlockDeletingService (SCMBlockDeletingService.java:call(154)) - Running DeletedBlockTransactionScanner
2023-04-19 02:33:57,141 [BlockDeletingService#3] INFO  interfaces.ContainerDeletionChoosingPolicyTemplate (ContainerDeletionChoosingPolicyTemplate.java:chooseContainerForBlockDeletion(83)) - Chosen 0/5000 blocks from 0 candidate containers.
2023-04-19 02:33:57,200 [BlockDeletingService#2] INFO  interfaces.ContainerDeletionChoosingPolicyTemplate (ContainerDeletionChoosingPolicyTemplate.java:chooseContainerForBlockDeletion(83)) - Chosen 0/5000 blocks from 0 candidate containers.
2023-04-19 02:33:57,200 [BlockDeletingService#9] INFO  interfaces.ContainerDeletionChoosingPolicyTemplate (ContainerDeletionChoosingPolicyTemplate.java:chooseContainerForBlockDeletion(83)) - Chosen 0/5000 blocks from 0 candidate containers.
2023-04-19 02:33:57,220 [SCMBlockDeletingService#0] DEBUG block.SCMBlockDeletingService (SCMBlockDeletingService.java:shouldRun(251)) - Check scm block delete run: true serviceStatus: RUNNING safemodeExitRunDelayMillis: 3000 alreadyWaitTimeInMillis: 10151
2023-04-19 02:33:57,220 [SCMBlockDeletingService#0] DEBUG block.SCMBlockDeletingService (SCMBlockDeletingService.java:call(154)) - Running DeletedBlockTransactionScanner
2023-04-19 02:33:57,220 [SCMBlockDeletingService#0] DEBUG block.SCMBlockDeletingService (DatanodeDeletedBlockTransactions.java:addTransactionToDN(50)) - Transaction added: a2f76bd1-2c73-4f6b-ae37-53a5930131fe <- TX(1)
2023-04-19 02:33:57,221 [SCMBlockDeletingService#0] DEBUG block.SCMBlockDeletingService (DatanodeDeletedBlockTransactions.java:addTransactionToDN(50)) - Transaction added: a2f76bd1-2c73-4f6b-ae37-53a5930131fe <- TX(2)
2023-04-19 02:33:57,221 [SCMBlockDeletingService#0] DEBUG block.SCMBlockDeletingService (DatanodeDeletedBlockTransactions.java:addTransactionToDN(50)) - Transaction added: a2f76bd1-2c73-4f6b-ae37-53a5930131fe <- TX(3)
2023-04-19 02:33:57,221 [SCMBlockDeletingService#0] DEBUG block.SCMBlockDeletingService (SCMBlockDeletingService.java:call(189)) - Added delete block command for datanode a2f76bd1-2c73-4f6b-ae37-53a5930131fe in the queue, number of delete block transactions: 3
2023-04-19 02:33:57,221 [SCMBlockDeletingService#0] INFO  block.SCMBlockDeletingService (SCMBlockDeletingService.java:call(198)) - Totally added 3 blocks to be deleted for 1 datanodes, task elapsed time: 0ms
2023-04-19 02:33:57,241 [BlockDeletingService#3] INFO  interfaces.ContainerDeletionChoosingPolicyTemplate (ContainerDeletionChoosingPolicyTemplate.java:chooseContainerForBlockDeletion(83)) - Chosen 0/5000 blocks from 0 candidate containers.
2023-04-19 02:33:57,258 [org.apache.hadoop.ozone.container.common.statemachine.commandhandler.DeleteBlocksCommandHandler$DeleteCmdWorker@6ca0ea47] INFO  commandhandler.DeleteBlocksCommandHandler (DeleteBlocksCommandHandler.java:processCmd(275)) - Start to delete container blocks, TXIDs=[1(0),2(0),3(0)], numOfContainers=3, numOfBlocks=3
2023-04-19 02:33:57,260 [org.apache.hadoop.ozone.container.common.statemachine.commandhandler.DeleteBlocksCommandHandler$DeleteCmdWorker@6ca0ea47] INFO  commandhandler.DeleteBlocksCommandHandler (DeleteBlocksCommandHandler.java:processCmd(275)) - Start to delete container blocks, TXIDs=[1(1),2(1),3(1)], numOfContainers=3, numOfBlocks=3
2023-04-19 02:33:57,260 [DeleteBlocksCommandHandlerThread-3] INFO  commandhandler.DeleteBlocksCommandHandler (DeleteBlocksCommandHandler.java:logDeleteTransaction(493)) - Delete blocks for containerId: 1 is either received out of order or retried, 1 <= 1
2023-04-19 02:33:57,264 [DeleteBlocksCommandHandlerThread-0] INFO  commandhandler.DeleteBlocksCommandHandler (DeleteBlocksCommandHandler.java:logDeleteTransaction(493)) - Delete blocks for containerId: 3 is either received out of order or retried, 3 <= 3
2023-04-19 02:33:57,264 [DeleteBlocksCommandHandlerThread-4] INFO  commandhandler.DeleteBlocksCommandHandler (DeleteBlocksCommandHandler.java:logDeleteTransaction(493)) - Delete blocks for containerId: 2 is either received out of order or retried, 2 <= 2
2023-04-19 02:33:57,264 [org.apache.hadoop.ozone.container.common.statemachine.commandhandler.DeleteBlocksCommandHandler$DeleteCmdWorker@6ca0ea47] INFO  commandhandler.DeleteBlocksCommandHandler (DeleteBlocksCommandHandler.java:processCmd(275)) - Start to delete container blocks, TXIDs=[1(2),2(2),3(2)], numOfContainers=3, numOfBlocks=3
2023-04-19 02:33:57,264 [DeleteBlocksCommandHandlerThread-1] INFO  commandhandler.DeleteBlocksCommandHandler (DeleteBlocksCommandHandler.java:logDeleteTransaction(493)) - Delete blocks for containerId: 1 is either received out of order or retried, 1 <= 1
2023-04-19 02:33:57,264 [DeleteBlocksCommandHandlerThread-2] INFO  commandhandler.DeleteBlocksCommandHandler (DeleteBlocksCommandHandler.java:logDeleteTransaction(493)) - Delete blocks for containerId: 2 is either received out of order or retried, 2 <= 2
2023-04-19 02:33:57,264 [DeleteBlocksCommandHandlerThread-1] INFO  commandhandler.DeleteBlocksCommandHandler (DeleteBlocksCommandHandler.java:logDeleteTransaction(493)) - Delete blocks for containerId: 3 is either received out of order or retried, 3 <= 3
2023-04-19 02:33:57,265 [org.apache.hadoop.ozone.container.common.statemachine.commandhandler.DeleteBlocksCommandHandler$DeleteCmdWorker@6ca0ea47] INFO  commandhandler.DeleteBlocksCommandHandler (DeleteBlocksCommandHandler.java:processCmd(275)) - Start to delete container blocks, TXIDs=[1(3),2(3),3(3)], numOfContainers=3, numOfBlocks=3
2023-04-19 02:33:57,266 [DeleteBlocksCommandHandlerThread-3] INFO  commandhandler.DeleteBlocksCommandHandler (DeleteBlocksCommandHandler.java:logDeleteTransaction(493)) - Delete blocks for containerId: 1 is either received out of order or retried, 1 <= 1
2023-04-19 02:33:57,267 [DeleteBlocksCommandHandlerThread-3] INFO  commandhandler.DeleteBlocksCommandHandler (DeleteBlocksCommandHandler.java:logDeleteTransaction(493)) - Delete blocks for containerId: 2 is either received out of order or retried, 2 <= 2
2023-04-19 02:33:57,267 [DeleteBlocksCommandHandlerThread-0] INFO  commandhandler.DeleteBlocksCommandHandler (DeleteBlocksCommandHandler.java:logDeleteTransaction(493)) - Delete blocks for containerId: 3 is either received out of order or retried, 3 <= 3
2023-04-19 02:33:57,267 [org.apache.hadoop.ozone.container.common.statemachine.commandhandler.DeleteBlocksCommandHandler$DeleteCmdWorker@6ca0ea47] INFO  commandhandler.DeleteBlocksCommandHandler (DeleteBlocksCommandHandler.java:processCmd(275)) - Start to delete container blocks, TXIDs=[1(4),2(4),3(4)], numOfContainers=3, numOfBlocks=3
2023-04-19 02:33:57,267 [DeleteBlocksCommandHandlerThread-2] INFO  commandhandler.DeleteBlocksCommandHandler (DeleteBlocksCommandHandler.java:logDeleteTransaction(493)) - Delete blocks for containerId: 1 is either received out of order or retried, 1 <= 1
2023-04-19 02:33:57,267 [DeleteBlocksCommandHandlerThread-1] INFO  commandhandler.DeleteBlocksCommandHandler (DeleteBlocksCommandHandler.java:logDeleteTransaction(493)) - Delete blocks for containerId: 2 is either received out of order or retried, 2 <= 2
2023-04-19 02:33:57,268 [DeleteBlocksCommandHandlerThread-2] INFO  commandhandler.DeleteBlocksCommandHandler (DeleteBlocksCommandHandler.java:logDeleteTransaction(493)) - Delete blocks for containerId: 3 is either received out of order or retried, 3 <= 3
2023-04-19 02:33:57,268 [org.apache.hadoop.ozone.container.common.statemachine.commandhandler.DeleteBlocksCommandHandler$DeleteCmdWorker@6ca0ea47] INFO  commandhandler.DeleteBlocksCommandHandler (DeleteBlocksCommandHandler.java:processCmd(275)) - Start to delete container blocks, TXIDs=[1(5),2(5),3(5)], numOfContainers=3, numOfBlocks=3
2023-04-19 02:33:57,268 [DeleteBlocksCommandHandlerThread-3] INFO  commandhandler.DeleteBlocksCommandHandler (DeleteBlocksCommandHandler.java:logDeleteTransaction(493)) - Delete blocks for containerId: 1 is either received out of order or retried, 1 <= 1
2023-04-19 02:33:57,268 [DeleteBlocksCommandHandlerThread-0] INFO  commandhandler.DeleteBlocksCommandHandler (DeleteBlocksCommandHandler.java:logDeleteTransaction(493)) - Delete blocks for containerId: 2 is either received out of order or retried, 2 <= 2
2023-04-19 02:33:57,268 [DeleteBlocksCommandHandlerThread-4] INFO  commandhandler.DeleteBlocksCommandHandler (DeleteBlocksCommandHandler.java:logDeleteTransaction(493)) - Delete blocks for containerId: 3 is either received out of order or retried, 3 <= 3
2023-04-19 02:33:57,268 [org.apache.hadoop.ozone.container.common.statemachine.commandhandler.DeleteBlocksCommandHandler$DeleteCmdWorker@6ca0ea47] INFO  commandhandler.DeleteBlocksCommandHandler (DeleteBlocksCommandHandler.java:processCmd(275)) - Start to delete container blocks, TXIDs=[1(6),2(6),3(6)], numOfContainers=3, numOfBlocks=3
2023-04-19 02:33:57,268 [DeleteBlocksCommandHandlerThread-3] INFO  commandhandler.DeleteBlocksCommandHandler (DeleteBlocksCommandHandler.java:logDeleteTransaction(493)) - Delete blocks for containerId: 1 is either received out of order or retried, 1 <= 1
2023-04-19 02:33:57,268 [DeleteBlocksCommandHandlerThread-0] INFO  commandhandler.DeleteBlocksCommandHandler (DeleteBlocksCommandHandler.java:logDeleteTransaction(493)) - Delete blocks for containerId: 2 is either received out of order or retried, 2 <= 2
2023-04-19 02:33:57,268 [DeleteBlocksCommandHandlerThread-3] INFO  commandhandler.DeleteBlocksCommandHandler (DeleteBlocksCommandHandler.java:logDeleteTransaction(493)) - Delete blocks for containerId: 3 is either received out of order or retried, 3 <= 3
2023-04-19 02:33:57,268 [org.apache.hadoop.ozone.container.common.statemachine.commandhandler.DeleteBlocksCommandHandler$DeleteCmdWorker@6ca0ea47] INFO  commandhandler.DeleteBlocksCommandHandler (DeleteBlocksCommandHandler.java:processCmd(275)) - Start to delete container blocks, TXIDs=[1(7),2(7),3(7)], numOfContainers=3, numOfBlocks=3
2023-04-19 02:33:57,269 [DeleteBlocksCommandHandlerThread-2] INFO  commandhandler.DeleteBlocksCommandHandler (DeleteBlocksCommandHandler.java:logDeleteTransaction(493)) - Delete blocks for containerId: 1 is either received out of order or retried, 1 <= 1
2023-04-19 02:33:57,269 [DeleteBlocksCommandHandlerThread-1] INFO  commandhandler.DeleteBlocksCommandHandler (DeleteBlocksCommandHandler.java:logDeleteTransaction(493)) - Delete blocks for containerId: 3 is either received out of order or retried, 3 <= 3
2023-04-19 02:33:57,269 [DeleteBlocksCommandHandlerThread-4] INFO  commandhandler.DeleteBlocksCommandHandler (DeleteBlocksCommandHandler.java:logDeleteTransaction(493)) - Delete blocks for containerId: 2 is either received out of order or retried, 2 <= 2
2023-04-19 02:33:57,269 [org.apache.hadoop.ozone.container.common.statemachine.commandhandler.DeleteBlocksCommandHandler$DeleteCmdWorker@6ca0ea47] INFO  commandhandler.DeleteBlocksCommandHandler (DeleteBlocksCommandHandler.java:processCmd(275)) - Start to delete container blocks, TXIDs=[1(8),2(8),3(8)], numOfContainers=3, numOfBlocks=3
2023-04-19 02:33:57,269 [DeleteBlocksCommandHandlerThread-0] INFO  commandhandler.DeleteBlocksCommandHandler (DeleteBlocksCommandHandler.java:logDeleteTransaction(493)) - Delete blocks for containerId: 1 is either received out of order or retried, 1 <= 1
2023-04-19 02:33:57,269 [DeleteBlocksCommandHandlerThread-0] INFO  commandhandler.DeleteBlocksCommandHandler (DeleteBlocksCommandHandler.java:logDeleteTransaction(493)) - Delete blocks for containerId: 3 is either received out of order or retried, 3 <= 3
2023-04-19 02:33:57,272 [DeleteBlocksCommandHandlerThread-3] INFO  commandhandler.DeleteBlocksCommandHandler (DeleteBlocksCommandHandler.java:logDeleteTransaction(493)) - Delete blocks for containerId: 2 is either received out of order or retried, 2 <= 2
2023-04-19 02:33:57,300 [BlockDeletingService#2] INFO  interfaces.ContainerDeletionChoosingPolicyTemplate (ContainerDeletionChoosingPolicyTemplate.java:chooseContainerForBlockDeletion(83)) - Chosen 27/4973 blocks from 3 candidate containers.
2023-04-19 02:33:57,300 [BlockDeletingService#9] INFO  interfaces.ContainerDeletionChoosingPolicyTemplate (ContainerDeletionChoosingPolicyTemplate.java:chooseContainerForBlockDeletion(83)) - Chosen 0/5000 blocks from 0 candidate containers.
2023-04-19 02:33:57,302 [BlockDeletingService#2] INFO  impl.FilePerBlockStrategy (FilePerBlockStrategy.java:deleteChunk(252)) - Deleted block file: /home/runner/work/ozone/ozone/hadoop-ozone/integration-test/target/test-dir/MiniOzoneClusterImpl-fac7741a-db88-4542-9ed6-27af914485a4/datanode-2/data-0/containers/hdds/fac7741a-db88-4542-9ed6-27af914485a4/current/containerDir0/1/chunks/111677748019200001.block
2023-04-19 02:33:57,302 [BlockDeletingService#9] INFO  impl.FilePerBlockStrategy (FilePerBlockStrategy.java:deleteChunk(252)) - Deleted block file: /home/runner/work/ozone/ozone/hadoop-ozone/integration-test/target/test-dir/MiniOzoneClusterImpl-fac7741a-db88-4542-9ed6-27af914485a4/datanode-2/data-0/containers/hdds/fac7741a-db88-4542-9ed6-27af914485a4/current/containerDir0/3/chunks/111677748019200003.block
2023-04-19 02:33:57,303 [BlockDeletingService#5] INFO  impl.FilePerBlockStrategy (FilePerBlockStrategy.java:deleteChunk(252)) - Deleted block file: /home/runner/work/ozone/ozone/hadoop-ozone/integration-test/target/test-dir/MiniOzoneClusterImpl-fac7741a-db88-4542-9ed6-27af914485a4/datanode-2/data-0/containers/hdds/fac7741a-db88-4542-9ed6-27af914485a4/current/containerDir0/2/chunks/111677748019200002.block
2023-04-19 02:33:57,320 [SCMBlockDeletingService#0] DEBUG block.SCMBlockDeletingService (SCMBlockDeletingService.java:shouldRun(251)) - Check scm block delete run: true serviceStatus: RUNNING safemodeExitRunDelayMillis: 3000 alreadyWaitTimeInMillis: 10251
2023-04-19 02:33:57,320 [SCMBlockDeletingService#0] DEBUG block.SCMBlockDeletingService (SCMBlockDeletingService.java:call(154)) - Running DeletedBlockTransactionScanner
2023-04-19 02:33:57,341 [BlockDeletingService#3] INFO  interfaces.ContainerDeletionChoosingPolicyTemplate (ContainerDeletionChoosingPolicyTemplate.java:chooseContainerForBlockDeletion(83)) - Chosen 0/5000 blocks from 0 candidate containers.
2023-04-19 02:33:57,396 [EventQueue-DeleteBlockStatusForDeletedBlockLogImpl] DEBUG block.DeletedBlockLogImpl (DeletedBlockLogImpl.java:isTransactionFailed(314)) - Got block deletion ACK from datanode, TXIDs=1, success=true
2023-04-19 02:33:57,396 [EventQueue-DeleteBlockStatusForDeletedBlockLogImpl] DEBUG block.DeletedBlockLogImpl (DeletedBlockLogImpl.java:commitTransactions(286)) - Purging txId=1 from block deletion log
2023-04-19 02:33:57,396 [EventQueue-DeleteBlockStatusForDeletedBlockLogImpl] DEBUG block.DeletedBlockLogImpl (DeletedBlockLogImpl.java:commitTransactions(292)) - Datanode txId=1 containerId=#1 committed by dnId=a2f76bd1-2c73-4f6b-ae37-53a5930131fe
2023-04-19 02:33:57,396 [EventQueue-DeleteBlockStatusForDeletedBlockLogImpl] DEBUG block.DeletedBlockLogImpl (DeletedBlockLogImpl.java:isTransactionFailed(314)) - Got block deletion ACK from datanode, TXIDs=2, success=true
2023-04-19 02:33:57,396 [EventQueue-DeleteBlockStatusForDeletedBlockLogImpl] DEBUG block.DeletedBlockLogImpl (DeletedBlockLogImpl.java:commitTransactions(286)) - Purging txId=2 from block deletion log
2023-04-19 02:33:57,396 [EventQueue-DeleteBlockStatusForDeletedBlockLogImpl] DEBUG block.DeletedBlockLogImpl (DeletedBlockLogImpl.java:commitTransactions(292)) - Datanode txId=2 containerId=#2 committed by dnId=a2f76bd1-2c73-4f6b-ae37-53a5930131fe
2023-04-19 02:33:57,396 [EventQueue-DeleteBlockStatusForDeletedBlockLogImpl] DEBUG block.DeletedBlockLogImpl (DeletedBlockLogImpl.java:isTransactionFailed(314)) - Got block deletion ACK from datanode, TXIDs=3, success=true
2023-04-19 02:33:57,396 [EventQueue-DeleteBlockStatusForDeletedBlockLogImpl] DEBUG block.DeletedBlockLogImpl (DeletedBlockLogImpl.java:commitTransactions(286)) - Purging txId=3 from block deletion log
2023-04-19 02:33:57,396 [EventQueue-DeleteBlockStatusForDeletedBlockLogImpl] DEBUG block.DeletedBlockLogImpl (DeletedBlockLogImpl.java:commitTransactions(292)) - Datanode txId=3 containerId=#3 committed by dnId=a2f76bd1-2c73-4f6b-ae37-53a5930131fe
2023-04-19 02:33:57,396 [EventQueue-DeleteBlockStatusForDeletedBlockLogImpl] DEBUG block.DeletedBlockLogImpl (DeletedBlockLogImpl.java:isTransactionFailed(314)) - Got block deletion ACK from datanode, TXIDs=1, success=true
2023-04-19 02:33:57,396 [EventQueue-DeleteBlockStatusForDeletedBlockLogImpl] DEBUG block.DeletedBlockLogImpl (DeletedBlockLogImpl.java:commitTransactions(260)) - Transaction txId=1 commit by dnId=a2f76bd1-2c73-4f6b-ae37-53a5930131fe for containerID=#1 failed. Corresponding entry not found.
2023-04-19 02:33:57,396 [EventQueue-DeleteBlockStatusForDeletedBlockLogImpl] DEBUG block.DeletedBlockLogImpl (DeletedBlockLogImpl.java:isTransactionFailed(314)) - Got block deletion ACK from datanode, TXIDs=2, success=true
2023-04-19 02:33:57,396 [EventQueue-DeleteBlockStatusForDeletedBlockLogImpl] DEBUG block.DeletedBlockLogImpl (DeletedBlockLogImpl.java:commitTransactions(260)) - Transaction txId=2 commit by dnId=a2f76bd1-2c73-4f6b-ae37-53a5930131fe for containerID=#2 failed. Corresponding entry not found.
2023-04-19 02:33:57,397 [EventQueue-DeleteBlockStatusForDeletedBlockLogImpl] DEBUG block.DeletedBlockLogImpl (DeletedBlockLogImpl.java:isTransactionFailed(314)) - Got block deletion ACK from datanode, TXIDs=3, success=true
2023-04-19 02:33:57,397 [EventQueue-DeleteBlockStatusForDeletedBlockLogImpl] DEBUG block.DeletedBlockLogImpl (DeletedBlockLogImpl.java:commitTransactions(260)) - Transaction txId=3 commit by dnId=a2f76bd1-2c73-4f6b-ae37-53a5930131fe for containerID=#3 failed. Corresponding entry not found.
2023-04-19 02:33:57,397 [EventQueue-DeleteBlockStatusForDeletedBlockLogImpl] DEBUG block.DeletedBlockLogImpl (DeletedBlockLogImpl.java:isTransactionFailed(314)) - Got block deletion ACK from datanode, TXIDs=1, success=true
2023-04-19 02:33:57,397 [EventQueue-DeleteBlockStatusForDeletedBlockLogImpl] DEBUG block.DeletedBlockLogImpl (DeletedBlockLogImpl.java:commitTransactions(260)) - Transaction txId=1 commit by dnId=a2f76bd1-2c73-4f6b-ae37-53a5930131fe for containerID=#1 failed. Corresponding entry not found.
2023-04-19 02:33:57,397 [EventQueue-DeleteBlockStatusForDeletedBlockLogImpl] DEBUG block.DeletedBlockLogImpl (DeletedBlockLogImpl.java:isTransactionFailed(314)) - Got block deletion ACK from datanode, TXIDs=2, success=true
2023-04-19 02:33:57,397 [EventQueue-DeleteBlockStatusForDeletedBlockLogImpl] DEBUG block.DeletedBlockLogImpl (DeletedBlockLogImpl.java:commitTransactions(260)) - Transaction txId=2 commit by dnId=a2f76bd1-2c73-4f6b-ae37-53a5930131fe for containerID=#2 failed. Corresponding entry not found.
2023-04-19 02:33:57,397 [EventQueue-DeleteBlockStatusForDeletedBlockLogImpl] DEBUG block.DeletedBlockLogImpl (DeletedBlockLogImpl.java:isTransactionFailed(314)) - Got block deletion ACK from datanode, TXIDs=3, success=true
2023-04-19 02:33:57,397 [EventQueue-DeleteBlockStatusForDeletedBlockLogImpl] DEBUG block.DeletedBlockLogImpl (DeletedBlockLogImpl.java:commitTransactions(260)) - Transaction txId=3 commit by dnId=a2f76bd1-2c73-4f6b-ae37-53a5930131fe for containerID=#3 failed. Corresponding entry not found.
2023-04-19 02:33:57,397 [EventQueue-DeleteBlockStatusForDeletedBlockLogImpl] DEBUG block.DeletedBlockLogImpl (DeletedBlockLogImpl.java:isTransactionFailed(314)) - Got block deletion ACK from datanode, TXIDs=1, success=true
2023-04-19 02:33:57,397 [EventQueue-DeleteBlockStatusForDeletedBlockLogImpl] DEBUG block.DeletedBlockLogImpl (DeletedBlockLogImpl.java:commitTransactions(260)) - Transaction txId=1 commit by dnId=a2f76bd1-2c73-4f6b-ae37-53a5930131fe for containerID=#1 failed. Corresponding entry not found.
2023-04-19 02:33:57,397 [EventQueue-DeleteBlockStatusForDeletedBlockLogImpl] DEBUG block.DeletedBlockLogImpl (DeletedBlockLogImpl.java:isTransactionFailed(314)) - Got block deletion ACK from datanode, TXIDs=2, success=true
2023-04-19 02:33:57,397 [EventQueue-DeleteBlockStatusForDeletedBlockLogImpl] DEBUG block.DeletedBlockLogImpl (DeletedBlockLogImpl.java:commitTransactions(260)) - Transaction txId=2 commit by dnId=a2f76bd1-2c73-4f6b-ae37-53a5930131fe for containerID=#2 failed. Corresponding entry not found.
2023-04-19 02:33:57,397 [EventQueue-DeleteBlockStatusForDeletedBlockLogImpl] DEBUG block.DeletedBlockLogImpl (DeletedBlockLogImpl.java:isTransactionFailed(314)) - Got block deletion ACK from datanode, TXIDs=3, success=true
2023-04-19 02:33:57,397 [EventQueue-DeleteBlockStatusForDeletedBlockLogImpl] DEBUG block.DeletedBlockLogImpl (DeletedBlockLogImpl.java:commitTransactions(260)) - Transaction txId=3 commit by dnId=a2f76bd1-2c73-4f6b-ae37-53a5930131fe for containerID=#3 failed. Corresponding entry not found.
2023-04-19 02:33:57,397 [EventQueue-DeleteBlockStatusForDeletedBlockLogImpl] DEBUG block.DeletedBlockLogImpl (DeletedBlockLogImpl.java:isTransactionFailed(314)) - Got block deletion ACK from datanode, TXIDs=1, success=true
2023-04-19 02:33:57,397 [EventQueue-DeleteBlockStatusForDeletedBlockLogImpl] DEBUG block.DeletedBlockLogImpl (DeletedBlockLogImpl.java:commitTransactions(260)) - Transaction txId=1 commit by dnId=a2f76bd1-2c73-4f6b-ae37-53a5930131fe for containerID=#1 failed. Corresponding entry not found.
2023-04-19 02:33:57,397 [EventQueue-DeleteBlockStatusForDeletedBlockLogImpl] DEBUG block.DeletedBlockLogImpl (DeletedBlockLogImpl.java:isTransactionFailed(314)) - Got block deletion ACK from datanode, TXIDs=2, success=true
2023-04-19 02:33:57,397 [EventQueue-DeleteBlockStatusForDeletedBlockLogImpl] DEBUG block.DeletedBlockLogImpl (DeletedBlockLogImpl.java:commitTransactions(260)) - Transaction txId=2 commit by dnId=a2f76bd1-2c73-4f6b-ae37-53a5930131fe for containerID=#2 failed. Corresponding entry not found.
2023-04-19 02:33:57,397 [EventQueue-DeleteBlockStatusForDeletedBlockLogImpl] DEBUG block.DeletedBlockLogImpl (DeletedBlockLogImpl.java:isTransactionFailed(314)) - Got block deletion ACK from datanode, TXIDs=3, success=true
2023-04-19 02:33:57,397 [EventQueue-DeleteBlockStatusForDeletedBlockLogImpl] DEBUG block.DeletedBlockLogImpl (DeletedBlockLogImpl.java:commitTransactions(260)) - Transaction txId=3 commit by dnId=a2f76bd1-2c73-4f6b-ae37-53a5930131fe for containerID=#3 failed. Corresponding entry not found.
2023-04-19 02:33:57,397 [EventQueue-DeleteBlockStatusForDeletedBlockLogImpl] DEBUG block.DeletedBlockLogImpl (DeletedBlockLogImpl.java:isTransactionFailed(314)) - Got block deletion ACK from datanode, TXIDs=1, success=true
2023-04-19 02:33:57,397 [EventQueue-DeleteBlockStatusForDeletedBlockLogImpl] DEBUG block.DeletedBlockLogImpl (DeletedBlockLogImpl.java:commitTransactions(260)) - Transaction txId=1 commit by dnId=a2f76bd1-2c73-4f6b-ae37-53a5930131fe for containerID=#1 failed. Corresponding entry not found.
2023-04-19 02:33:57,397 [EventQueue-DeleteBlockStatusForDeletedBlockLogImpl] DEBUG block.DeletedBlockLogImpl (DeletedBlockLogImpl.java:isTransactionFailed(314)) - Got block deletion ACK from datanode, TXIDs=2, success=true
2023-04-19 02:33:57,397 [EventQueue-DeleteBlockStatusForDeletedBlockLogImpl] DEBUG block.DeletedBlockLogImpl (DeletedBlockLogImpl.java:commitTransactions(260)) - Transaction txId=2 commit by dnId=a2f76bd1-2c73-4f6b-ae37-53a5930131fe for containerID=#2 failed. Corresponding entry not found.
2023-04-19 02:33:57,397 [EventQueue-DeleteBlockStatusForDeletedBlockLogImpl] DEBUG block.DeletedBlockLogImpl (DeletedBlockLogImpl.java:isTransactionFailed(314)) - Got block deletion ACK from datanode, TXIDs=3, success=true
2023-04-19 02:33:57,397 [EventQueue-DeleteBlockStatusForDeletedBlockLogImpl] DEBUG block.DeletedBlockLogImpl (DeletedBlockLogImpl.java:commitTransactions(260)) - Transaction txId=3 commit by dnId=a2f76bd1-2c73-4f6b-ae37-53a5930131fe for containerID=#3 failed. Corresponding entry not found.
2023-04-19 02:33:57,397 [EventQueue-DeleteBlockStatusForDeletedBlockLogImpl] DEBUG block.DeletedBlockLogImpl (DeletedBlockLogImpl.java:isTransactionFailed(314)) - Got block deletion ACK from datanode, TXIDs=1, success=true
2023-04-19 02:33:57,397 [EventQueue-DeleteBlockStatusForDeletedBlockLogImpl] DEBUG block.DeletedBlockLogImpl (DeletedBlockLogImpl.java:commitTransactions(260)) - Transaction txId=1 commit by dnId=a2f76bd1-2c73-4f6b-ae37-53a5930131fe for containerID=#1 failed. Corresponding entry not found.
2023-04-19 02:33:57,397 [EventQueue-DeleteBlockStatusForDeletedBlockLogImpl] DEBUG block.DeletedBlockLogImpl (DeletedBlockLogImpl.java:isTransactionFailed(314)) - Got block deletion ACK from datanode, TXIDs=2, success=true
2023-04-19 02:33:57,397 [EventQueue-DeleteBlockStatusForDeletedBlockLogImpl] DEBUG block.DeletedBlockLogImpl (DeletedBlockLogImpl.java:commitTransactions(260)) - Transaction txId=2 commit by dnId=a2f76bd1-2c73-4f6b-ae37-53a5930131fe for containerID=#2 failed. Corresponding entry not found.
2023-04-19 02:33:57,397 [EventQueue-DeleteBlockStatusForDeletedBlockLogImpl] DEBUG block.DeletedBlockLogImpl (DeletedBlockLogImpl.java:isTransactionFailed(314)) - Got block deletion ACK from datanode, TXIDs=3, success=true
2023-04-19 02:33:57,397 [EventQueue-DeleteBlockStatusForDeletedBlockLogImpl] DEBUG block.DeletedBlockLogImpl (DeletedBlockLogImpl.java:commitTransactions(260)) - Transaction txId=3 commit by dnId=a2f76bd1-2c73-4f6b-ae37-53a5930131fe for containerID=#3 failed. Corresponding entry not found.
2023-04-19 02:33:57,397 [EventQueue-DeleteBlockStatusForDeletedBlockLogImpl] DEBUG block.DeletedBlockLogImpl (DeletedBlockLogImpl.java:isTransactionFailed(314)) - Got block deletion ACK from datanode, TXIDs=1, success=true
2023-04-19 02:33:57,397 [EventQueue-DeleteBlockStatusForDeletedBlockLogImpl] DEBUG block.DeletedBlockLogImpl (DeletedBlockLogImpl.java:commitTransactions(260)) - Transaction txId=1 commit by dnId=a2f76bd1-2c73-4f6b-ae37-53a5930131fe for containerID=#1 failed. Corresponding entry not found.
2023-04-19 02:33:57,397 [EventQueue-DeleteBlockStatusForDeletedBlockLogImpl] DEBUG block.DeletedBlockLogImpl (DeletedBlockLogImpl.java:isTransactionFailed(314)) - Got block deletion ACK from datanode, TXIDs=2, success=true
2023-04-19 02:33:57,398 [EventQueue-DeleteBlockStatusForDeletedBlockLogImpl] DEBUG block.DeletedBlockLogImpl (DeletedBlockLogImpl.java:commitTransactions(260)) - Transaction txId=2 commit by dnId=a2f76bd1-2c73-4f6b-ae37-53a5930131fe for containerID=#2 failed. Corresponding entry not found.
2023-04-19 02:33:57,398 [EventQueue-DeleteBlockStatusForDeletedBlockLogImpl] DEBUG block.DeletedBlockLogImpl (DeletedBlockLogImpl.java:isTransactionFailed(314)) - Got block deletion ACK from datanode, TXIDs=3, success=true
2023-04-19 02:33:57,398 [EventQueue-DeleteBlockStatusForDeletedBlockLogImpl] DEBUG block.DeletedBlockLogImpl (DeletedBlockLogImpl.java:commitTransactions(260)) - Transaction txId=3 commit by dnId=a2f76bd1-2c73-4f6b-ae37-53a5930131fe for containerID=#3 failed. Corresponding entry not found.
2023-04-19 02:33:57,401 [BlockDeletingService#2] INFO  interfaces.ContainerDeletionChoosingPolicyTemplate (ContainerDeletionChoosingPolicyTemplate.java:chooseContainerForBlockDeletion(83)) - Chosen 24/4976 blocks from 3 candidate containers.
2023-04-19 02:33:57,401 [BlockDeletingService#9] INFO  interfaces.ContainerDeletionChoosingPolicyTemplate (ContainerDeletionChoosingPolicyTemplate.java:chooseContainerForBlockDeletion(83)) - Chosen 0/5000 blocks from 0 candidate containers.
2023-04-19 02:33:57,401 [BlockDeletingService#2] INFO  background.BlockDeletingService (BlockDeletingService.java:deleteViaTransactionStore(483)) - No transaction found in container 1 with pending delete block count 8
2023-04-19 02:33:57,401 [BlockDeletingService#2] INFO  background.BlockDeletingService (BlockDeletingService.java:deleteViaTransactionStore(483)) - No transaction found in container 3 with pending delete block count 8
2023-04-19 02:33:57,401 [BlockDeletingService#2] INFO  background.BlockDeletingService (BlockDeletingService.java:deleteViaTransactionStore(483)) - No transaction found in container 2 with pending delete block count 8
2023-04-19 02:33:57,420 [SCMBlockDeletingService#0] DEBUG block.SCMBlockDeletingService (SCMBlockDeletingService.java:shouldRun(251)) - Check scm block delete run: true serviceStatus: RUNNING safemodeExitRunDelayMillis: 3000 alreadyWaitTimeInMillis: 10351
2023-04-19 02:33:57,420 [SCMBlockDeletingService#0] DEBUG block.SCMBlockDeletingService (SCMBlockDeletingService.java:call(154)) - Running DeletedBlockTransactionScanner
2023-04-19 02:33:57,441 [BlockDeletingService#3] INFO  interfaces.ContainerDeletionChoosingPolicyTemplate (ContainerDeletionChoosingPolicyTemplate.java:chooseContainerForBlockDeletion(83)) - Chosen 0/5000 blocks from 0 candidate containers.
2023-04-19 02:33:57,501 [BlockDeletingService#2] INFO  interfaces.ContainerDeletionChoosingPolicyTemplate (ContainerDeletionChoosingPolicyTemplate.java:chooseContainerForBlockDeletion(83)) - Chosen 0/5000 blocks from 0 candidate containers.
2023-04-19 02:33:57,501 [BlockDeletingService#9] INFO  interfaces.ContainerDeletionChoosingPolicyTemplate (ContainerDeletionChoosingPolicyTemplate.java:chooseContainerForBlockDeletion(83)) - Chosen 0/5000 blocks from 0 candidate containers.
2023-04-19 02:33:57,520 [SCMBlockDeletingService#0] DEBUG block.SCMBlockDeletingService (SCMBlockDeletingService.java:shouldRun(251)) - Check scm block delete run: true serviceStatus: RUNNING safemodeExitRunDelayMillis: 3000 alreadyWaitTimeInMillis: 10451
2023-04-19 02:33:57,520 [SCMBlockDeletingService#0] DEBUG block.SCMBlockDeletingService (SCMBlockDeletingService.java:call(154)) - Running DeletedBlockTransactionScanner
2023-04-19 02:33:57,542 [BlockDeletingService#3] INFO  interfaces.ContainerDeletionChoosingPolicyTemplate (ContainerDeletionChoosingPolicyTemplate.java:chooseContainerForBlockDeletion(83)) - Chosen 0/5000 blocks from 0 candidate containers.
2023-04-19 02:33:57,596 [EventQueue-DeleteBlockStatusForDeletedBlockLogImpl] DEBUG block.DeletedBlockLogImpl (DeletedBlockLogImpl.java:isTransactionFailed(314)) - Got block deletion ACK from datanode, TXIDs=1, success=true
2023-04-19 02:33:57,596 [EventQueue-DeleteBlockStatusForDeletedBlockLogImpl] DEBUG block.DeletedBlockLogImpl (DeletedBlockLogImpl.java:commitTransactions(260)) - Transaction txId=1 commit by dnId=a2f76bd1-2c73-4f6b-ae37-53a5930131fe for containerID=#1 failed. Corresponding entry not found.
2023-04-19 02:33:57,596 [EventQueue-DeleteBlockStatusForDeletedBlockLogImpl] DEBUG block.DeletedBlockLogImpl (DeletedBlockLogImpl.java:isTransactionFailed(314)) - Got block deletion ACK from datanode, TXIDs=2, success=true
2023-04-19 02:33:57,596 [EventQueue-DeleteBlockStatusForDeletedBlockLogImpl] DEBUG block.DeletedBlockLogImpl (DeletedBlockLogImpl.java:commitTransactions(260)) - Transaction txId=2 commit by dnId=a2f76bd1-2c73-4f6b-ae37-53a5930131fe for containerID=#2 failed. Corresponding entry not found.
2023-04-19 02:33:57,596 [EventQueue-DeleteBlockStatusForDeletedBlockLogImpl] DEBUG block.DeletedBlockLogImpl (DeletedBlockLogImpl.java:isTransactionFailed(314)) - Got block deletion ACK from datanode, TXIDs=3, success=true
2023-04-19 02:33:57,596 [EventQueue-DeleteBlockStatusForDeletedBlockLogImpl] DEBUG block.DeletedBlockLogImpl (DeletedBlockLogImpl.java:commitTransactions(260)) - Transaction txId=3 commit by dnId=a2f76bd1-2c73-4f6b-ae37-53a5930131fe for containerID=#3 failed. Corresponding entry not found.
2023-04-19 02:33:57,601 [BlockDeletingService#2] INFO  interfaces.ContainerDeletionChoosingPolicyTemplate (ContainerDeletionChoosingPolicyTemplate.java:chooseContainerForBlockDeletion(83)) - Chosen 0/5000 blocks from 0 candidate containers.
2023-04-19 02:33:57,601 [BlockDeletingService#9] INFO  interfaces.ContainerDeletionChoosingPolicyTemplate (ContainerDeletionChoosingPolicyTemplate.java:chooseContainerForBlockDeletion(83)) - Chosen 0/5000 blocks from 0 candidate containers.
2023-04-19 02:33:57,620 [SCMBlockDeletingService#0] DEBUG block.SCMBlockDeletingService (SCMBlockDeletingService.java:shouldRun(251)) - Check scm block delete run: true serviceStatus: RUNNING safemodeExitRunDelayMillis: 3000 alreadyWaitTimeInMillis: 10551
2023-04-19 02:33:57,621 [SCMBlockDeletingService#0] DEBUG block.SCMBlockDeletingService (SCMBlockDeletingService.java:call(154)) - Running DeletedBlockTransactionScanner
2023-04-19 02:33:57,642 [BlockDeletingService#3] INFO  interfaces.ContainerDeletionChoosingPolicyTemplate (ContainerDeletionChoosingPolicyTemplate.java:chooseContainerForBlockDeletion(83)) - Chosen 0/5000 blocks from 0 candidate containers.
2023-04-19 02:33:57,701 [BlockDeletingService#2] INFO  interfaces.ContainerDeletionChoosingPolicyTemplate (ContainerDeletionChoosingPolicyTemplate.java:chooseContainerForBlockDeletion(83)) - Chosen 0/5000 blocks from 0 candidate containers.
2023-04-19 02:33:57,702 [BlockDeletingService#9] INFO  interfaces.ContainerDeletionChoosingPolicyTemplate (ContainerDeletionChoosingPolicyTemplate.java:chooseContainerForBlockDeletion(83)) - Chosen 0/5000 blocks from 0 candidate containers.
2023-04-19 02:33:57,721 [SCMBlockDeletingService#0] DEBUG block.SCMBlockDeletingService (SCMBlockDeletingService.java:shouldRun(251)) - Check scm block delete run: true serviceStatus: RUNNING safemodeExitRunDelayMillis: 3000 alreadyWaitTimeInMillis: 10652
2023-04-19 02:33:57,721 [SCMBlockDeletingService#0] DEBUG block.SCMBlockDeletingService (SCMBlockDeletingService.java:call(154)) - Running DeletedBlockTransactionScanner
2023-04-19 02:33:57,742 [BlockDeletingService#3] INFO  interfaces.ContainerDeletionChoosingPolicyTemplate (ContainerDeletionChoosingPolicyTemplate.java:chooseContainerForBlockDeletion(83)) - Chosen 0/5000 blocks from 0 candidate containers.
2023-04-19 02:33:57,788 [Listener at 127.0.0.1/39891] INFO  ozoneimpl.OzoneContainer (OzoneContainer.java:stop(419)) - Attempting to stop container services.
2023-04-19 02:33:57,788 [Listener at 127.0.0.1/39891] INFO  server.RaftServer (RaftServerProxy.java:lambda$close$6(409)) - 457148a9-726e-4dee-b9dd-7b4b55ffa2f6: close
2023-04-19 02:33:57,789 [Listener at 127.0.0.1/39891] INFO  server.GrpcService (GrpcService.java:closeImpl(271)) - 457148a9-726e-4dee-b9dd-7b4b55ffa2f6: shutdown server GrpcServerProtocolService now
2023-04-19 02:33:57,789 [457148a9-726e-4dee-b9dd-7b4b55ffa2f6-impl-thread1] INFO  server.RaftServer$Division (RaftServerImpl.java:lambda$close$4(458)) - 457148a9-726e-4dee-b9dd-7b4b55ffa2f6@group-8474C413378F: shutdown
2023-04-19 02:33:57,789 [457148a9-726e-4dee-b9dd-7b4b55ffa2f6-impl-thread1] INFO  util.JmxRegister (JmxRegister.java:unregister(73)) - Successfully un-registered JMX Bean with object name Ratis:service=RaftServer,group=group-8474C413378F,id=457148a9-726e-4dee-b9dd-7b4b55ffa2f6
2023-04-19 02:33:57,789 [457148a9-726e-4dee-b9dd-7b4b55ffa2f6-impl-thread1] INFO  impl.RoleInfo (RoleInfo.java:shutdownFollowerState(110)) - 457148a9-726e-4dee-b9dd-7b4b55ffa2f6: shutdown 457148a9-726e-4dee-b9dd-7b4b55ffa2f6@group-8474C413378F-FollowerState
2023-04-19 02:33:57,789 [457148a9-726e-4dee-b9dd-7b4b55ffa2f6-impl-thread1] INFO  impl.StateMachineUpdater (StateMachineUpdater.java:stopAndJoin(153)) - 457148a9-726e-4dee-b9dd-7b4b55ffa2f6@group-8474C413378F-StateMachineUpdater: set stopIndex = 0
2023-04-19 02:33:57,789 [457148a9-726e-4dee-b9dd-7b4b55ffa2f6@group-8474C413378F-FollowerState] INFO  impl.FollowerState (FollowerState.java:run(152)) - 457148a9-726e-4dee-b9dd-7b4b55ffa2f6@group-8474C413378F-FollowerState was interrupted
2023-04-19 02:33:57,789 [457148a9-726e-4dee-b9dd-7b4b55ffa2f6@group-8474C413378F-StateMachineUpdater] INFO  ratis.ContainerStateMachine (ContainerStateMachine.java:takeSnapshot(330)) - group-8474C413378F: Taking a snapshot at:(t:1, i:0) file /home/runner/work/ozone/ozone/hadoop-ozone/integration-test/target/test-dir/MiniOzoneClusterImpl-fac7741a-db88-4542-9ed6-27af914485a4/datanode-0/data/ratis/6c88f487-c9ba-46ea-aed9-8474c413378f/sm/snapshot.1_0
2023-04-19 02:33:57,791 [457148a9-726e-4dee-b9dd-7b4b55ffa2f6@group-8474C413378F-StateMachineUpdater] INFO  ratis.ContainerStateMachine (ContainerStateMachine.java:takeSnapshot(341)) - group-8474C413378F: Finished taking a snapshot at:(t:1, i:0) file:/home/runner/work/ozone/ozone/hadoop-ozone/integration-test/target/test-dir/MiniOzoneClusterImpl-fac7741a-db88-4542-9ed6-27af914485a4/datanode-0/data/ratis/6c88f487-c9ba-46ea-aed9-8474c413378f/sm/snapshot.1_0 took: 1 ms
2023-04-19 02:33:57,791 [457148a9-726e-4dee-b9dd-7b4b55ffa2f6@group-8474C413378F-StateMachineUpdater] INFO  impl.StateMachineUpdater (StateMachineUpdater.java:takeSnapshot(287)) - 457148a9-726e-4dee-b9dd-7b4b55ffa2f6@group-8474C413378F-StateMachineUpdater: Took a snapshot at index 0
2023-04-19 02:33:57,791 [457148a9-726e-4dee-b9dd-7b4b55ffa2f6@group-8474C413378F-StateMachineUpdater] INFO  impl.StateMachineUpdater (StateMachineUpdater.java:lambda$new$0(92)) - 457148a9-726e-4dee-b9dd-7b4b55ffa2f6@group-8474C413378F-StateMachineUpdater: snapshotIndex: updateIncreasingly -1 -> 0
2023-04-19 02:33:57,791 [457148a9-726e-4dee-b9dd-7b4b55ffa2f6-impl-thread1] INFO  server.RaftServer$Division (ServerState.java:close(466)) - 457148a9-726e-4dee-b9dd-7b4b55ffa2f6@group-8474C413378F: closes. applyIndex: 0
2023-04-19 02:33:57,791 [457148a9-726e-4dee-b9dd-7b4b55ffa2f6@group-8474C413378F-SegmentedRaftLogWorker] INFO  segmented.SegmentedRaftLogWorker (SegmentedRaftLogWorker.java:run(347)) - 457148a9-726e-4dee-b9dd-7b4b55ffa2f6@group-8474C413378F-SegmentedRaftLogWorker was interrupted, exiting. There are 0 tasks remaining in the queue.
2023-04-19 02:33:57,792 [Listener at 127.0.0.1/39891] INFO  server.GrpcServerProtocolClient (GrpcServerProtocolClient.java:close(101)) - a2f76bd1-2c73-4f6b-ae37-53a5930131fe Close channels
2023-04-19 02:33:57,796 [457148a9-726e-4dee-b9dd-7b4b55ffa2f6-impl-thread1] INFO  segmented.SegmentedRaftLogWorker (SegmentedRaftLogWorker.java:close(257)) - 457148a9-726e-4dee-b9dd-7b4b55ffa2f6@group-8474C413378F-SegmentedRaftLogWorker close()
2023-04-19 02:33:57,802 [BlockDeletingService#2] INFO  interfaces.ContainerDeletionChoosingPolicyTemplate (ContainerDeletionChoosingPolicyTemplate.java:chooseContainerForBlockDeletion(83)) - Chosen 0/5000 blocks from 0 candidate containers.
2023-04-19 02:33:57,802 [grpc-default-executor-4] WARN  server.GrpcServerProtocolService (LogUtils.java:warn(122)) - 457148a9-726e-4dee-b9dd-7b4b55ffa2f6: installSnapshot onError, lastRequest: null: org.apache.ratis.thirdparty.io.grpc.StatusRuntimeException: CANCELLED: client cancelled
2023-04-19 02:33:57,802 [BlockDeletingService#9] INFO  interfaces.ContainerDeletionChoosingPolicyTemplate (ContainerDeletionChoosingPolicyTemplate.java:chooseContainerForBlockDeletion(83)) - Chosen 0/5000 blocks from 0 candidate containers.
2023-04-19 02:33:57,807 [Listener at 127.0.0.1/39891] INFO  server.GrpcServerProtocolClient (GrpcServerProtocolClient.java:close(101)) - 2fc7e044-034b-4d4d-85e4-65e0422d519b Close channels
2023-04-19 02:33:57,808 [grpc-default-executor-1] WARN  server.GrpcServerProtocolService (LogUtils.java:warn(122)) - 457148a9-726e-4dee-b9dd-7b4b55ffa2f6: installSnapshot onError, lastRequest: a2f76bd1-2c73-4f6b-ae37-53a5930131fe->457148a9-726e-4dee-b9dd-7b4b55ffa2f6#1-t1,previous=(t:0, i:0),leaderCommit=0,initializing? true,entries: size=1, first=(t:1, i:0), CONFIGURATIONENTRY(current:id: "a2f76bd1-2c73-4f6b-ae37-53a5930131fe"
address: "10.1.164.0:34109"
priority: 1
dataStreamAddress: "10.1.164.0:36907"
clientAddress: "10.1.164.0:34109"
adminAddress: "10.1.164.0:34109"
startupRole: FOLLOWER
,id: "2fc7e044-034b-4d4d-85e4-65e0422d519b"
address: "10.1.164.0:42467"
dataStreamAddress: "10.1.164.0:34951"
clientAddress: "10.1.164.0:42467"
adminAddress: "10.1.164.0:42467"
startupRole: FOLLOWER
,id: "457148a9-726e-4dee-b9dd-7b4b55ffa2f6"
address: "10.1.164.0:41073"
dataStreamAddress: "10.1.164.0:34975"
clientAddress: "10.1.164.0:41073"
adminAddress: "10.1.164.0:41073"
startupRole: FOLLOWER
, old:): org.apache.ratis.thirdparty.io.grpc.StatusRuntimeException: CANCELLED: client cancelled
2023-04-19 02:33:57,808 [grpc-default-executor-1] WARN  server.GrpcLogAppender (LogUtils.java:warn(122)) - a2f76bd1-2c73-4f6b-ae37-53a5930131fe@group-8474C413378F->457148a9-726e-4dee-b9dd-7b4b55ffa2f6-AppendLogResponseHandler: Failed appendEntries: org.apache.ratis.thirdparty.io.grpc.StatusRuntimeException: CANCELLED: RST_STREAM closed stream. HTTP/2 error code: CANCEL
2023-04-19 02:33:57,808 [grpc-default-executor-1] WARN  server.GrpcLogAppender (GrpcLogAppender.java:resetClient(131)) - a2f76bd1-2c73-4f6b-ae37-53a5930131fe@group-8474C413378F->457148a9-726e-4dee-b9dd-7b4b55ffa2f6-GrpcLogAppender: Leader has not got in touch with Follower a2f76bd1-2c73-4f6b-ae37-53a5930131fe@group-8474C413378F->457148a9-726e-4dee-b9dd-7b4b55ffa2f6(c0,m0,n1, attendVote=true, lastRpcSendTime=690, lastRpcResponseTime=688) yet, just keep nextIndex unchanged and retry.
2023-04-19 02:33:57,809 [grpc-default-executor-1] WARN  server.GrpcLogAppender (LogUtils.java:warn(122)) - a2f76bd1-2c73-4f6b-ae37-53a5930131fe@group-8474C413378F->457148a9-726e-4dee-b9dd-7b4b55ffa2f6-AppendLogResponseHandler: Failed appendEntries: org.apache.ratis.thirdparty.io.grpc.StatusRuntimeException: CANCELLED: RST_STREAM closed stream. HTTP/2 error code: CANCEL
2023-04-19 02:33:57,809 [grpc-default-executor-1] WARN  server.GrpcLogAppender (GrpcLogAppender.java:resetClient(131)) - a2f76bd1-2c73-4f6b-ae37-53a5930131fe@group-8474C413378F->457148a9-726e-4dee-b9dd-7b4b55ffa2f6-GrpcLogAppender: Leader has not got in touch with Follower a2f76bd1-2c73-4f6b-ae37-53a5930131fe@group-8474C413378F->457148a9-726e-4dee-b9dd-7b4b55ffa2f6(c0,m0,n1, attendVote=true, lastRpcSendTime=691, lastRpcResponseTime=689) yet, just keep nextIndex unchanged and retry.
2023-04-19 02:33:57,810 [Listener at 127.0.0.1/39891] INFO  server.GrpcService (GrpcService.java:closeImpl(280)) - 457148a9-726e-4dee-b9dd-7b4b55ffa2f6: shutdown server GrpcServerProtocolService successfully
2023-04-19 02:33:57,810 [457148a9-726e-4dee-b9dd-7b4b55ffa2f6-NettyServerStreamRpc-bossGroup--thread1] INFO  logging.LoggingHandler (AbstractInternalLogger.java:log(148)) - [id: 0x3f432a6d, L:/0:0:0:0:0:0:0:0:34975] CLOSE
2023-04-19 02:33:57,810 [457148a9-726e-4dee-b9dd-7b4b55ffa2f6-NettyServerStreamRpc-bossGroup--thread1] INFO  logging.LoggingHandler (AbstractInternalLogger.java:log(148)) - [id: 0x3f432a6d, L:/0:0:0:0:0:0:0:0:34975] INACTIVE
2023-04-19 02:33:57,810 [457148a9-726e-4dee-b9dd-7b4b55ffa2f6-NettyServerStreamRpc-bossGroup--thread1] INFO  logging.LoggingHandler (AbstractInternalLogger.java:log(148)) - [id: 0x3f432a6d, L:/0:0:0:0:0:0:0:0:34975] UNREGISTERED
2023-04-19 02:33:57,821 [SCMBlockDeletingService#0] DEBUG block.SCMBlockDeletingService (SCMBlockDeletingService.java:shouldRun(251)) - Check scm block delete run: true serviceStatus: RUNNING safemodeExitRunDelayMillis: 3000 alreadyWaitTimeInMillis: 10752
2023-04-19 02:33:57,821 [SCMBlockDeletingService#0] DEBUG block.SCMBlockDeletingService (SCMBlockDeletingService.java:call(154)) - Running DeletedBlockTransactionScanner
2023-04-19 02:33:57,837 [JvmPauseMonitor9] INFO  util.JvmPauseMonitor (JvmPauseMonitor.java:run(111)) - JvmPauseMonitor-457148a9-726e-4dee-b9dd-7b4b55ffa2f6: Stopped
2023-04-19 02:33:57,842 [BlockDeletingService#3] INFO  interfaces.ContainerDeletionChoosingPolicyTemplate (ContainerDeletionChoosingPolicyTemplate.java:chooseContainerForBlockDeletion(83)) - Chosen 0/5000 blocks from 0 candidate containers.
2023-04-19 02:33:57,902 [BlockDeletingService#2] INFO  interfaces.ContainerDeletionChoosingPolicyTemplate (ContainerDeletionChoosingPolicyTemplate.java:chooseContainerForBlockDeletion(83)) - Chosen 0/5000 blocks from 0 candidate containers.
2023-04-19 02:33:57,902 [BlockDeletingService#9] INFO  interfaces.ContainerDeletionChoosingPolicyTemplate (ContainerDeletionChoosingPolicyTemplate.java:chooseContainerForBlockDeletion(83)) - Chosen 0/5000 blocks from 0 candidate containers.
2023-04-19 02:33:57,921 [SCMBlockDeletingService#0] DEBUG block.SCMBlockDeletingService (SCMBlockDeletingService.java:shouldRun(251)) - Check scm block delete run: true serviceStatus: RUNNING safemodeExitRunDelayMillis: 3000 alreadyWaitTimeInMillis: 10852
2023-04-19 02:33:57,921 [SCMBlockDeletingService#0] DEBUG block.SCMBlockDeletingService (SCMBlockDeletingService.java:call(154)) - Running DeletedBlockTransactionScanner
2023-04-19 02:33:57,943 [BlockDeletingService#0] INFO  interfaces.ContainerDeletionChoosingPolicyTemplate (ContainerDeletionChoosingPolicyTemplate.java:chooseContainerForBlockDeletion(83)) - Chosen 0/5000 blocks from 0 candidate containers.
2023-04-19 02:33:58,002 [BlockDeletingService#2] INFO  interfaces.ContainerDeletionChoosingPolicyTemplate (ContainerDeletionChoosingPolicyTemplate.java:chooseContainerForBlockDeletion(83)) - Chosen 0/5000 blocks from 0 candidate containers.
2023-04-19 02:33:58,002 [BlockDeletingService#9] INFO  interfaces.ContainerDeletionChoosingPolicyTemplate (ContainerDeletionChoosingPolicyTemplate.java:chooseContainerForBlockDeletion(83)) - Chosen 0/5000 blocks from 0 candidate containers.
2023-04-19 02:33:58,021 [SCMBlockDeletingService#0] DEBUG block.SCMBlockDeletingService (SCMBlockDeletingService.java:shouldRun(251)) - Check scm block delete run: true serviceStatus: RUNNING safemodeExitRunDelayMillis: 3000 alreadyWaitTimeInMillis: 10952
2023-04-19 02:33:58,021 [SCMBlockDeletingService#0] DEBUG block.SCMBlockDeletingService (SCMBlockDeletingService.java:call(154)) - Running DeletedBlockTransactionScanner
2023-04-19 02:33:58,043 [BlockDeletingService#0] INFO  interfaces.ContainerDeletionChoosingPolicyTemplate (ContainerDeletionChoosingPolicyTemplate.java:chooseContainerForBlockDeletion(83)) - Chosen 0/5000 blocks from 0 candidate containers.
2023-04-19 02:33:58,102 [BlockDeletingService#2] INFO  interfaces.ContainerDeletionChoosingPolicyTemplate (ContainerDeletionChoosingPolicyTemplate.java:chooseContainerForBlockDeletion(83)) - Chosen 0/5000 blocks from 0 candidate containers.
2023-04-19 02:33:58,102 [BlockDeletingService#9] INFO  interfaces.ContainerDeletionChoosingPolicyTemplate (ContainerDeletionChoosingPolicyTemplate.java:chooseContainerForBlockDeletion(83)) - Chosen 0/5000 blocks from 0 candidate containers.
2023-04-19 02:33:58,350 [BlockDeletingService#9] INFO  interfaces.ContainerDeletionChoosingPolicyTemplate (ContainerDeletionChoosingPolicyTemplate.java:chooseContainerForBlockDeletion(83)) - Chosen 0/5000 blocks from 0 candidate containers.
2023-04-19 02:33:58,350 [BlockDeletingService#2] INFO  interfaces.ContainerDeletionChoosingPolicyTemplate (ContainerDeletionChoosingPolicyTemplate.java:chooseContainerForBlockDeletion(83)) - Chosen 0/5000 blocks from 0 candidate containers.
2023-04-19 02:33:58,351 [JvmPauseMonitor10] WARN  util.JvmPauseMonitor (JvmPauseMonitor.java:detectPause(126)) - JvmPauseMonitor-2fc7e044-034b-4d4d-85e4-65e0422d519b: Detected pause in JVM or host machine (eg GC): pause of approximately 171655604ns.
GC pool 'PS MarkSweep' had collection(s): count=1 time=195ms
GC pool 'PS Scavenge' had collection(s): count=1 time=44ms
2023-04-19 02:33:58,351 [BlockDeletingService#0] INFO  interfaces.ContainerDeletionChoosingPolicyTemplate (ContainerDeletionChoosingPolicyTemplate.java:chooseContainerForBlockDeletion(83)) - Chosen 0/5000 blocks from 0 candidate containers.
2023-04-19 02:33:58,353 [SCMBlockDeletingService#0] DEBUG block.SCMBlockDeletingService (SCMBlockDeletingService.java:shouldRun(251)) - Check scm block delete run: true serviceStatus: RUNNING safemodeExitRunDelayMillis: 3000 alreadyWaitTimeInMillis: 11284
2023-04-19 02:33:58,353 [SCMBlockDeletingService#0] DEBUG block.SCMBlockDeletingService (SCMBlockDeletingService.java:call(154)) - Running DeletedBlockTransactionScanner
2023-04-19 02:33:58,450 [BlockDeletingService#9] INFO  interfaces.ContainerDeletionChoosingPolicyTemplate (ContainerDeletionChoosingPolicyTemplate.java:chooseContainerForBlockDeletion(83)) - Chosen 0/5000 blocks from 0 candidate containers.
2023-04-19 02:33:58,450 [BlockDeletingService#2] INFO  interfaces.ContainerDeletionChoosingPolicyTemplate (ContainerDeletionChoosingPolicyTemplate.java:chooseContainerForBlockDeletion(83)) - Chosen 0/5000 blocks from 0 candidate containers.
2023-04-19 02:33:58,451 [BlockDeletingService#0] INFO  interfaces.ContainerDeletionChoosingPolicyTemplate (ContainerDeletionChoosingPolicyTemplate.java:chooseContainerForBlockDeletion(83)) - Chosen 0/5000 blocks from 0 candidate containers.
2023-04-19 02:33:58,453 [SCMBlockDeletingService#0] DEBUG block.SCMBlockDeletingService (SCMBlockDeletingService.java:shouldRun(251)) - Check scm block delete run: true serviceStatus: RUNNING safemodeExitRunDelayMillis: 3000 alreadyWaitTimeInMillis: 11384
2023-04-19 02:33:58,453 [SCMBlockDeletingService#0] DEBUG block.SCMBlockDeletingService (SCMBlockDeletingService.java:call(154)) - Running DeletedBlockTransactionScanner
2023-04-19 02:33:58,484 [org.apache.hadoop.ozone.container.common.statemachine.commandhandler.DeleteBlocksCommandHandler$DeleteCmdWorker@67d33cfb] INFO  commandhandler.DeleteBlocksCommandHandler (DeleteBlocksCommandHandler.java:processCmd(275)) - Start to delete container blocks, TXIDs=[1(5),2(5),3(5)], numOfContainers=3, numOfBlocks=3
2023-04-19 02:33:58,484 [DeleteBlocksCommandHandlerThread-0] INFO  commandhandler.DeleteBlocksCommandHandler (DeleteBlocksCommandHandler.java:logDeleteTransaction(493)) - Delete blocks for containerId: 2 is either received out of order or retried, 2 <= 2
2023-04-19 02:33:58,485 [DeleteBlocksCommandHandlerThread-3] INFO  commandhandler.DeleteBlocksCommandHandler (DeleteBlocksCommandHandler.java:logDeleteTransaction(493)) - Delete blocks for containerId: 1 is either received out of order or retried, 1 <= 1
2023-04-19 02:33:58,485 [DeleteBlocksCommandHandlerThread-4] INFO  commandhandler.DeleteBlocksCommandHandler (DeleteBlocksCommandHandler.java:logDeleteTransaction(493)) - Delete blocks for containerId: 3 is either received out of order or retried, 3 <= 3
2023-04-19 02:33:58,485 [org.apache.hadoop.ozone.container.common.statemachine.commandhandler.DeleteBlocksCommandHandler$DeleteCmdWorker@67d33cfb] INFO  commandhandler.DeleteBlocksCommandHandler (DeleteBlocksCommandHandler.java:processCmd(275)) - Start to delete container blocks, TXIDs=[1(6),2(6),3(6)], numOfContainers=3, numOfBlocks=3
2023-04-19 02:33:58,485 [DeleteBlocksCommandHandlerThread-2] INFO  commandhandler.DeleteBlocksCommandHandler (DeleteBlocksCommandHandler.java:logDeleteTransaction(493)) - Delete blocks for containerId: 1 is either received out of order or retried, 1 <= 1
2023-04-19 02:33:58,485 [DeleteBlocksCommandHandlerThread-2] INFO  commandhandler.DeleteBlocksCommandHandler (DeleteBlocksCommandHandler.java:logDeleteTransaction(493)) - Delete blocks for containerId: 2 is either received out of order or retried, 2 <= 2
2023-04-19 02:33:58,485 [DeleteBlocksCommandHandlerThread-2] INFO  commandhandler.DeleteBlocksCommandHandler (DeleteBlocksCommandHandler.java:logDeleteTransaction(493)) - Delete blocks for containerId: 3 is either received out of order or retried, 3 <= 3
2023-04-19 02:33:58,550 [BlockDeletingService#9] INFO  interfaces.ContainerDeletionChoosingPolicyTemplate (ContainerDeletionChoosingPolicyTemplate.java:chooseContainerForBlockDeletion(83)) - Chosen 6/4994 blocks from 3 candidate containers.
2023-04-19 02:33:58,551 [BlockDeletingService#9] WARN  keyvalue.KeyValueHandler (KeyValueHandler.java:deleteUnreferenced(1211)) - Missing delete block(Container = 1, Block = 111677748019200001
2023-04-19 02:33:58,551 [BlockDeletingService#9] WARN  keyvalue.KeyValueHandler (KeyValueHandler.java:deleteUnreferenced(1211)) - Missing delete block(Container = 3, Block = 111677748019200003
2023-04-19 02:33:58,552 [BlockDeletingService#9] WARN  keyvalue.KeyValueHandler (KeyValueHandler.java:deleteUnreferenced(1211)) - Missing delete block(Container = 2, Block = 111677748019200002
2023-04-19 02:33:58,552 [BlockDeletingService#2] INFO  interfaces.ContainerDeletionChoosingPolicyTemplate (ContainerDeletionChoosingPolicyTemplate.java:chooseContainerForBlockDeletion(83)) - Chosen 0/5000 blocks from 0 candidate containers.
2023-04-19 02:33:58,552 [BlockDeletingService#0] INFO  interfaces.ContainerDeletionChoosingPolicyTemplate (ContainerDeletionChoosingPolicyTemplate.java:chooseContainerForBlockDeletion(83)) - Chosen 0/5000 blocks from 0 candidate containers.
2023-04-19 02:33:58,553 [SCMBlockDeletingService#0] DEBUG block.SCMBlockDeletingService (SCMBlockDeletingService.java:shouldRun(251)) - Check scm block delete run: true serviceStatus: RUNNING safemodeExitRunDelayMillis: 3000 alreadyWaitTimeInMillis: 11484
2023-04-19 02:33:58,553 [SCMBlockDeletingService#0] DEBUG block.SCMBlockDeletingService (SCMBlockDeletingService.java:call(154)) - Running DeletedBlockTransactionScanner
2023-04-19 02:33:58,651 [BlockDeletingService#9] INFO  interfaces.ContainerDeletionChoosingPolicyTemplate (ContainerDeletionChoosingPolicyTemplate.java:chooseContainerForBlockDeletion(83)) - Chosen 3/4997 blocks from 3 candidate containers.
2023-04-19 02:33:58,651 [BlockDeletingService#9] INFO  background.BlockDeletingService (BlockDeletingService.java:deleteViaTransactionStore(483)) - No transaction found in container 1 with pending delete block count 1
2023-04-19 02:33:58,651 [BlockDeletingService#9] INFO  background.BlockDeletingService (BlockDeletingService.java:deleteViaTransactionStore(483)) - No transaction found in container 3 with pending delete block count 1
2023-04-19 02:33:58,651 [BlockDeletingService#9] INFO  background.BlockDeletingService (BlockDeletingService.java:deleteViaTransactionStore(483)) - No transaction found in container 2 with pending delete block count 1
2023-04-19 02:33:58,652 [BlockDeletingService#2] INFO  interfaces.ContainerDeletionChoosingPolicyTemplate (ContainerDeletionChoosingPolicyTemplate.java:chooseContainerForBlockDeletion(83)) - Chosen 0/5000 blocks from 0 candidate containers.
2023-04-19 02:33:58,653 [BlockDeletingService#0] INFO  interfaces.ContainerDeletionChoosingPolicyTemplate (ContainerDeletionChoosingPolicyTemplate.java:chooseContainerForBlockDeletion(83)) - Chosen 0/5000 blocks from 0 candidate containers.
2023-04-19 02:33:58,653 [SCMBlockDeletingService#0] DEBUG block.SCMBlockDeletingService (SCMBlockDeletingService.java:shouldRun(251)) - Check scm block delete run: true serviceStatus: RUNNING safemodeExitRunDelayMillis: 3000 alreadyWaitTimeInMillis: 11584
2023-04-19 02:33:58,653 [SCMBlockDeletingService#0] DEBUG block.SCMBlockDeletingService (SCMBlockDeletingService.java:call(154)) - Running DeletedBlockTransactionScanner
2023-04-19 02:33:58,751 [BlockDeletingService#9] INFO  interfaces.ContainerDeletionChoosingPolicyTemplate (ContainerDeletionChoosingPolicyTemplate.java:chooseContainerForBlockDeletion(83)) - Chosen 0/5000 blocks from 0 candidate containers.
2023-04-19 02:33:58,752 [BlockDeletingService#2] INFO  interfaces.ContainerDeletionChoosingPolicyTemplate (ContainerDeletionChoosingPolicyTemplate.java:chooseContainerForBlockDeletion(83)) - Chosen 0/5000 blocks from 0 candidate containers.
2023-04-19 02:33:58,753 [BlockDeletingService#0] INFO  interfaces.ContainerDeletionChoosingPolicyTemplate (ContainerDeletionChoosingPolicyTemplate.java:chooseContainerForBlockDeletion(83)) - Chosen 0/5000 blocks from 0 candidate containers.
2023-04-19 02:33:58,753 [SCMBlockDeletingService#0] DEBUG block.SCMBlockDeletingService (SCMBlockDeletingService.java:shouldRun(251)) - Check scm block delete run: true serviceStatus: RUNNING safemodeExitRunDelayMillis: 3000 alreadyWaitTimeInMillis: 11684
2023-04-19 02:33:58,753 [SCMBlockDeletingService#0] DEBUG block.SCMBlockDeletingService (SCMBlockDeletingService.java:call(154)) - Running DeletedBlockTransactionScanner
2023-04-19 02:33:58,851 [BlockDeletingService#9] INFO  interfaces.ContainerDeletionChoosingPolicyTemplate (ContainerDeletionChoosingPolicyTemplate.java:chooseContainerForBlockDeletion(83)) - Chosen 0/5000 blocks from 0 candidate containers.
2023-04-19 02:33:58,852 [BlockDeletingService#2] INFO  interfaces.ContainerDeletionChoosingPolicyTemplate (ContainerDeletionChoosingPolicyTemplate.java:chooseContainerForBlockDeletion(83)) - Chosen 0/5000 blocks from 0 candidate containers.
2023-04-19 02:33:58,853 [BlockDeletingService#0] INFO  interfaces.ContainerDeletionChoosingPolicyTemplate (ContainerDeletionChoosingPolicyTemplate.java:chooseContainerForBlockDeletion(83)) - Chosen 0/5000 blocks from 0 candidate containers.
2023-04-19 02:33:58,853 [org.apache.hadoop.ozone.container.common.statemachine.commandhandler.DeleteBlocksCommandHandler$DeleteCmdWorker@25f5eb5f] INFO  commandhandler.DeleteBlocksCommandHandler (DeleteBlocksCommandHandler.java:processCmd(275)) - Start to delete container blocks, TXIDs=[1(3),2(3),3(3)], numOfContainers=3, numOfBlocks=3
SCMBlockDeletingService.java:shouldRun(251)) - Check scm block delete run: true serviceStatus: RUNNING safemodeExitRunDelayMillis: 3000 alreadyWaitTimeInMillis: 11784
2023-04-19 02:33:58,853 [org.apache.hadoop.ozone.container.common.statemachine.commandhandler.DeleteBlocksCommandHandler$DeleteCmdWorker@25f5eb5f] INFO  commandhandler.DeleteBlocksCommandHandler (DeleteBlocksCommandHandler.java:processCmd(275)) - Start to delete container blocks, TXIDs=[1(3),2(3),3(3)], numOfContainers=3, numOfBlocks=3
2023-04-19 02:33:58,853 [SCMBlockDeletingService#0] DEBUG block.SCMBlockDeletingService (SCMBlockDeletingService.java:call(154)) - Running DeletedBlockTransactionScanner
2023-04-19 02:33:58,853 [DeleteBlocksCommandHandlerThread-0] INFO  commandhandler.DeleteBlocksCommandHandler (DeleteBlocksCommandHandler.java:logDeleteTransaction(493)) - Delete blocks for containerId: 1 is either received out of order or retried, 1 <= 1
2023-04-19 02:33:58,854 [DeleteBlocksCommandHandlerThread-0] INFO  commandhandler.DeleteBlocksCommandHandler (DeleteBlocksCommandHandler.java:logDeleteTransaction(493)) - Delete blocks for containerId: 2 is either received out of order or retried, 2 <= 2
2023-04-19 02:33:58,854 [DeleteBlocksCommandHandlerThread-0] INFO  commandhandler.DeleteBlocksCommandHandler (DeleteBlocksCommandHandler.java:logDeleteTransaction(493)) - Delete blocks for containerId: 3 is either received out of order or retried, 3 <= 3
2023-04-19 02:33:58,854 [org.apache.hadoop.ozone.container.common.statemachine.commandhandler.DeleteBlocksCommandHandler$DeleteCmdWorker@25f5eb5f] INFO  commandhandler.DeleteBlocksCommandHandler (DeleteBlocksCommandHandler.java:processCmd(275)) - Start to delete container blocks, TXIDs=[1(4),2(4),3(4)], numOfContainers=3, numOfBlocks=3
)) - Delete blocks for containerId: 1 is either received out of order or retried, 1 <= 12023-04-19 02:33:58,854 [DeleteBlocksCommandHandlerThread-4] INFO
2023-04-19 02:33:58,854 [DeleteBlocksCommandHandlerThread-4] INFO  commandhandler.DeleteBlocksCommandHandler (DeleteBlocksCommandHandler.java:logDeleteTransaction(493)) - Delete blocks for containerId: 2 is either received out of order or retried, 2 <= 2
2023-04-19 02:33:58,854 [DeleteBlocksCommandHandlerThread-3] INFO  commandhandler.DeleteBlocksCommandHandler (DeleteBlocksCommandHandler.java:logDeleteTransaction(493)) - Delete blocks for containerId: 3 is either received out of order or retried, 3 <= 3
2023-04-19 02:33:58,854 [org.apache.hadoop.ozone.container.common.statemachine.commandhandler.DeleteBlocksCommandHandler$DeleteCmdWorker@25f5eb5f] INFO  commandhandler.DeleteBlocksCommandHandler (DeleteBlocksCommandHandler.java:processCmd(275)) - Start to delete container blocks, TXIDs=[1(5),2(5),3(5)], numOfContainers=3, numOfBlocks=3
2023-04-19 02:33:58,854 [DeleteBlocksCommandHandlerThread-0] INFO  commandhandler.DeleteBlocksCommandHandler (DeleteBlocksCommandHandler.java:logDeleteTransaction(493)) - Delete blocks for containerId: 1 is either received out of order or retried, 1 <= 1
2023-04-19 02:33:58,854 [DeleteBlocksCommandHandlerThread-0] INFO  commandhandler.DeleteBlocksCommandHandler (DeleteBlocksCommandHandler.java:logDeleteTransaction(493)) - Delete blocks for containerId: 2 is either received out of order or retried, 2 <= 2
2023-04-19 02:33:58,855 [DeleteBlocksCommandHandlerThread-0] INFO  commandhandler.DeleteBlocksCommandHandler (DeleteBlocksCommandHandler.java:logDeleteTransaction(493)) - Delete blocks for containerId: 3 is either received out of order or retried, 3 <= 3
2023-04-19 02:33:58,855 [org.apache.hadoop.ozone.container.common.statemachine.commandhandler.DeleteBlocksCommandHandler$DeleteCmdWorker@25f5eb5f] INFO  commandhandler.DeleteBlocksCommandHandler (DeleteBlocksCommandHandler.java:processCmd(275)) - Start to delete container blocks, TXIDs=[1(6),2(6),3(6)], numOfContainers=3, numOfBlocks=3
2023-04-19 02:33:58,855 [DeleteBlocksCommandHandlerThread-3] INFO  commandhandler.DeleteBlocksCommandHandler (DeleteBlocksCommandHandler.java:logDeleteTransaction(493)) - Delete blocks for containerId: 1 is either received out of order or retried, 1 <= 1
2023-04-19 02:33:58,855 [DeleteBlocksCommandHandlerThread-3] INFO  commandhandler.DeleteBlocksCommandHandler (DeleteBlocksCommandHandler.java:logDeleteTransaction(493)) - Delete blocks for containerId: 2 is either received out of order or retried, 2 <= 2
2023-04-19 02:33:58,855 [DeleteBlocksCommandHandlerThread-3] INFO  commandhandler.DeleteBlocksCommandHandler (DeleteBlocksCommandHandler.java:logDeleteTransaction(493)) - Delete blocks for containerId: 3 is either received out of order or retried, 3 <= 3
2023-04-19 02:33:58,855 [org.apache.hadoop.ozone.container.common.statemachine.commandhandler.DeleteBlocksCommandHandler$DeleteCmdWorker@25f5eb5f] INFO  commandhandler.DeleteBlocksCommandHandler (DeleteBlocksCommandHandler.java:processCmd(275)) - Start to delete container blocks, TXIDs=[1(7),2(7),3(7)], numOfContainers=3, numOfBlocks=3
2023-04-19 02:33:58,855 [DeleteBlocksCommandHandlerThread-0] INFO  commandhandler.DeleteBlocksCommandHandler (DeleteBlocksCommandHandler.java:logDeleteTransaction(493)) - Delete blocks for containerId: 1 is either received out of order or retried, 1 <= 1
2023-04-19 02:33:58,855 [DeleteBlocksCommandHandlerThread-0] INFO  commandhandler.DeleteBlocksCommandHandler (DeleteBlocksCommandHandler.java:logDeleteTransaction(493)) - Delete blocks for containerId: 2 is either received out of order or retried, 2 <= 2
2023-04-19 02:33:58,855 [DeleteBlocksCommandHandlerThread-0] INFO  commandhandler.DeleteBlocksCommandHandler (DeleteBlocksCommandHandler.java:logDeleteTransaction(493)) - Delete blocks for containerId: 3 is either received out of order or retried, 3 <= 3
2023-04-19 02:33:58,856 [org.apache.hadoop.ozone.container.common.statemachine.commandhandler.DeleteBlocksCommandHandler$DeleteCmdWorker@25f5eb5f] INFO  commandhandler.DeleteBlocksCommandHandler (DeleteBlocksCommandHandler.java:processCmd(275)) - Start to delete container blocks, TXIDs=[1(8),2(8),3(8)], numOfContainers=3, numOfBlocks=3
2023-04-19 02:33:58,856 [DeleteBlocksCommandHandlerThread-0] INFO  commandhandler.DeleteBlocksCommandHandler (DeleteBlocksCommandHandler.java:logDeleteTransaction(493)) - Delete blocks for containerId: 1 is either received out of order or retried, 1 <= 1
2023-04-19 02:33:58,856 [DeleteBlocksCommandHandlerThread-0] INFO  commandhandler.DeleteBlocksCommandHandler (DeleteBlocksCommandHandler.java:logDeleteTransaction(493)) - Delete blocks for containerId: 2 is either received out of order or retried, 2 <= 2
2023-04-19 02:33:58,856 [DeleteBlocksCommandHandlerThread-0] INFO  commandhandler.DeleteBlocksCommandHandler (DeleteBlocksCommandHandler.java:logDeleteTransaction(493)) - Delete blocks for containerId: 3 is either received out of order or retried, 3 <= 3
2023-04-19 02:33:58,952 [EventQueue-DeleteBlockStatusForDeletedBlockLogImpl] DEBUG block.DeletedBlockLogImpl (DeletedBlockLogImpl.java:isTransactionFailed(314)) - Got block deletion ACK from datanode, TXIDs=1, success=true
2023-04-19 02:33:58,952 [EventQueue-DeleteBlockStatusForDeletedBlockLogImpl] DEBUG block.DeletedBlockLogImpl (DeletedBlockLogImpl.java:commitTransactions(260)) - Transaction txId=1 commit by dnId=2fc7e044-034b-4d4d-85e4-65e0422d519b for containerID=#1 failed. Corresponding entry not found.
2023-04-19 02:33:58,952 [EventQueue-DeleteBlockStatusForDeletedBlockLogImpl] DEBUG block.DeletedBlockLogImpl (DeletedBlockLogImpl.java:isTransactionFailed(314)) - Got block deletion ACK from datanode, TXIDs=2, success=true
2023-04-19 02:33:58,952 [EventQueue-DeleteBlockStatusForDeletedBlockLogImpl] DEBUG block.DeletedBlockLogImpl (DeletedBlockLogImpl.java:commitTransactions(260)) - Transaction txId=2 commit by dnId=2fc7e044-034b-4d4d-85e4-65e0422d519b for containerID=#2 failed. Corresponding entry not found.
2023-04-19 02:33:58,952 [EventQueue-DeleteBlockStatusForDeletedBlockLogImpl] DEBUG block.DeletedBlockLogImpl (DeletedBlockLogImpl.java:isTransactionFailed(314)) - Got block deletion ACK from datanode, TXIDs=3, success=true
2023-04-19 02:33:58,952 [EventQueue-DeleteBlockStatusForDeletedBlockLogImpl] DEBUG block.DeletedBlockLogImpl (DeletedBlockLogImpl.java:commitTransactions(260)) - Transaction txId=3 commit by dnId=2fc7e044-034b-4d4d-85e4-65e0422d519b for containerID=#3 failed. Corresponding entry not found.
2023-04-19 02:33:58,952 [EventQueue-DeleteBlockStatusForDeletedBlockLogImpl] DEBUG block.DeletedBlockLogImpl (DeletedBlockLogImpl.java:isTransactionFailed(314)) - Got block deletion ACK from datanode, TXIDs=1, success=true
2023-04-19 02:33:58,952 [EventQueue-DeleteBlockStatusForDeletedBlockLogImpl] DEBUG block.DeletedBlockLogImpl (DeletedBlockLogImpl.java:commitTransactions(260)) - Transaction txId=1 commit by dnId=2fc7e044-034b-4d4d-85e4-65e0422d519b for containerID=#1 failed. Corresponding entry not found.
2023-04-19 02:33:58,952 [BlockDeletingService#9] INFO  interfaces.ContainerDeletionChoosingPolicyTemplate (ContainerDeletionChoosingPolicyTemplate.java:chooseContainerForBlockDeletion(83)) - Chosen 0/5000 blocks from 0 candidate containers.
2023-04-19 02:33:58,952 [EventQueue-DeleteBlockStatusForDeletedBlockLogImpl] DEBUG block.DeletedBlockLogImpl (DeletedBlockLogImpl.java:isTransactionFailed(314)) - Got block deletion ACK from datanode, TXIDs=2, success=true
2023-04-19 02:33:58,952 [EventQueue-DeleteBlockStatusForDeletedBlockLogImpl] DEBUG block.DeletedBlockLogImpl (DeletedBlockLogImpl.java:commitTransactions(260)) - Transaction txId=2 commit by dnId=2fc7e044-034b-4d4d-85e4-65e0422d519b for containerID=#2 failed. Corresponding entry not found.
2023-04-19 02:33:58,953 [EventQueue-DeleteBlockStatusForDeletedBlockLogImpl] DEBUG block.DeletedBlockLogImpl (DeletedBlockLogImpl.java:isTransactionFailed(314)) - Got block deletion ACK from datanode, TXIDs=3, success=true
2023-04-19 02:33:58,953 [EventQueue-DeleteBlockStatusForDeletedBlockLogImpl] DEBUG block.DeletedBlockLogImpl (DeletedBlockLogImpl.java:commitTransactions(260)) - Transaction txId=3 commit by dnId=2fc7e044-034b-4d4d-85e4-65e0422d519b for containerID=#3 failed. Corresponding entry not found.
2023-04-19 02:33:58,953 [EventQueue-DeleteBlockStatusForDeletedBlockLogImpl] DEBUG block.DeletedBlockLogImpl (DeletedBlockLogImpl.java:isTransactionFailed(314)) - Got block deletion ACK from datanode, TXIDs=1, success=true
2023-04-19 02:33:58,953 [EventQueue-DeleteBlockStatusForDeletedBlockLogImpl] DEBUG block.DeletedBlockLogImpl (DeletedBlockLogImpl.java:commitTransactions(260)) - Transaction txId=1 commit by dnId=2fc7e044-034b-4d4d-85e4-65e0422d519b for containerID=#1 failed. Corresponding entry not found.
2023-04-19 02:33:58,953 [EventQueue-DeleteBlockStatusForDeletedBlockLogImpl] DEBUG block.DeletedBlockLogImpl (DeletedBlockLogImpl.java:isTransactionFailed(314)) - Got block deletion ACK from datanode, TXIDs=2, success=true
2023-04-19 02:33:58,953 [EventQueue-DeleteBlockStatusForDeletedBlockLogImpl] DEBUG block.DeletedBlockLogImpl (DeletedBlockLogImpl.java:commitTransactions(260)) - Transaction txId=2 commit by dnId=2fc7e044-034b-4d4d-85e4-65e0422d519b for containerID=#2 failed. Corresponding entry not found.
2023-04-19 02:33:58,953 [EventQueue-DeleteBlockStatusForDeletedBlockLogImpl] DEBUG block.DeletedBlockLogImpl (DeletedBlockLogImpl.java:isTransactionFailed(314)) - Got block deletion ACK from datanode, TXIDs=3, success=true
2023-04-19 02:33:58,953 [EventQueue-DeleteBlockStatusForDeletedBlockLogImpl] DEBUG block.DeletedBlockLogImpl (DeletedBlockLogImpl.java:commitTransactions(260)) - Transaction txId=3 commit by dnId=2fc7e044-034b-4d4d-85e4-65e0422d519b for containerID=#3 failed. Corresponding entry not found.
2023-04-19 02:33:58,953 [EventQueue-DeleteBlockStatusForDeletedBlockLogImpl] DEBUG block.DeletedBlockLogImpl (DeletedBlockLogImpl.java:isTransactionFailed(314)) - Got block deletion ACK from datanode, TXIDs=1, success=true
2023-04-19 02:33:58,953 [EventQueue-DeleteBlockStatusForDeletedBlockLogImpl] DEBUG block.DeletedBlockLogImpl (DeletedBlockLogImpl.java:commitTransactions(260)) - Transaction txId=1 commit by dnId=2fc7e044-034b-4d4d-85e4-65e0422d519b for containerID=#1 failed. Corresponding entry not found.
2023-04-19 02:33:58,952 [BlockDeletingService#2] INFO  interfaces.ContainerDeletionChoosingPolicyTemplate (ContainerDeletionChoosingPolicyTemplate.java:chooseContainerForBlockDeletion(83)) - Chosen 0/5000 blocks from 0 candidate containers.
2023-04-19 02:33:58,953 [EventQueue-DeleteBlockStatusForDeletedBlockLogImpl] DEBUG block.DeletedBlockLogImpl (DeletedBlockLogImpl.java:isTransactionFailed(314)) - Got block deletion ACK from datanode, TXIDs=2, success=true
2023-04-19 02:33:58,953 [EventQueue-DeleteBlockStatusForDeletedBlockLogImpl] DEBUG block.DeletedBlockLogImpl (DeletedBlockLogImpl.java:commitTransactions(260)) - Transaction txId=2 commit by dnId=2fc7e044-034b-4d4d-85e4-65e0422d519b for containerID=#2 failed. Corresponding entry not found.
2023-04-19 02:33:58,953 [EventQueue-DeleteBlockStatusForDeletedBlockLogImpl] DEBUG block.DeletedBlockLogImpl (DeletedBlockLogImpl.java:isTransactionFailed(314)) - Got block deletion ACK from datanode, TXIDs=3, success=true
2023-04-19 02:33:58,953 [EventQueue-DeleteBlockStatusForDeletedBlockLogImpl] DEBUG block.DeletedBlockLogImpl (DeletedBlockLogImpl.java:commitTransactions(260)) - Transaction txId=3 commit by dnId=2fc7e044-034b-4d4d-85e4-65e0422d519b for containerID=#3 failed. Corresponding entry not found.
2023-04-19 02:33:58,953 [EventQueue-DeleteBlockStatusForDeletedBlockLogImpl] DEBUG block.DeletedBlockLogImpl (DeletedBlockLogImpl.java:isTransactionFailed(314)) - Got block deletion ACK from datanode, TXIDs=1, success=true
2023-04-19 02:33:58,953 [EventQueue-DeleteBlockStatusForDeletedBlockLogImpl] DEBUG block.DeletedBlockLogImpl (DeletedBlockLogImpl.java:commitTransactions(260)) - Transaction txId=1 commit by dnId=2fc7e044-034b-4d4d-85e4-65e0422d519b for containerID=#1 failed. Corresponding entry not found.
2023-04-19 02:33:58,953 [EventQueue-DeleteBlockStatusForDeletedBlockLogImpl] DEBUG block.DeletedBlockLogImpl (DeletedBlockLogImpl.java:isTransactionFailed(314)) - Got block deletion ACK from datanode, TXIDs=2, success=true
2023-04-19 02:33:58,953 [EventQueue-DeleteBlockStatusForDeletedBlockLogImpl] DEBUG block.DeletedBlockLogImpl (DeletedBlockLogImpl.java:commitTransactions(260)) - Transaction txId=2 commit by dnId=2fc7e044-034b-4d4d-85e4-65e0422d519b for containerID=#2 failed. Corresponding entry not found.
2023-04-19 02:33:58,953 [BlockDeletingService#0] INFO  interfaces.ContainerDeletionChoosingPolicyTemplate (ContainerDeletionChoosingPolicyTemplate.java:chooseContainerForBlockDeletion(83)) - Chosen 18/4982 blocks from 3 candidate containers.
2023-04-19 02:33:58,953 [SCMBlockDeletingService#0] DEBUG block.SCMBlockDeletingService (SCMBlockDeletingService.java:shouldRun(251)) - Check scm block delete run: true serviceStatus: RUNNING safemodeExitRunDelayMillis: 3000 alreadyWaitTimeInMillis: 11884
2023-04-19 02:33:58,953 [SCMBlockDeletingService#0] DEBUG block.SCMBlockDeletingService (SCMBlockDeletingService.java:call(154)) - Running DeletedBlockTransactionScanner
2023-04-19 02:33:58,953 [EventQueue-DeleteBlockStatusForDeletedBlockLogImpl] DEBUG block.DeletedBlockLogImpl (DeletedBlockLogImpl.java:isTransactionFailed(314)) - Got block deletion ACK from datanode, TXIDs=3, success=true
2023-04-19 02:33:58,953 [EventQueue-DeleteBlockStatusForDeletedBlockLogImpl] DEBUG block.DeletedBlockLogImpl (DeletedBlockLogImpl.java:commitTransactions(260)) - Transaction txId=3 commit by dnId=2fc7e044-034b-4d4d-85e4-65e0422d519b for containerID=#3 failed. Corresponding entry not found.
2023-04-19 02:33:58,953 [EventQueue-DeleteBlockStatusForDeletedBlockLogImpl] DEBUG block.DeletedBlockLogImpl (DeletedBlockLogImpl.java:isTransactionFailed(314)) - Got block deletion ACK from datanode, TXIDs=1, success=true
2023-04-19 02:33:58,953 [EventQueue-DeleteBlockStatusForDeletedBlockLogImpl] DEBUG block.DeletedBlockLogImpl (DeletedBlockLogImpl.java:commitTransactions(260)) - Transaction txId=1 commit by dnId=2fc7e044-034b-4d4d-85e4-65e0422d519b for containerID=#1 failed. Corresponding entry not found.
2023-04-19 02:33:58,953 [EventQueue-DeleteBlockStatusForDeletedBlockLogImpl] DEBUG block.DeletedBlockLogImpl (DeletedBlockLogImpl.java:isTransactionFailed(314)) - Got block deletion ACK from datanode, TXIDs=2, success=true
2023-04-19 02:33:58,954 [EventQueue-DeleteBlockStatusForDeletedBlockLogImpl] DEBUG block.DeletedBlockLogImpl (DeletedBlockLogImpl.java:commitTransactions(260)) - Transaction txId=2 commit by dnId=2fc7e044-034b-4d4d-85e4-65e0422d519b for containerID=#2 failed. Corresponding entry not found.
2023-04-19 02:33:58,954 [EventQueue-DeleteBlockStatusForDeletedBlockLogImpl] DEBUG block.DeletedBlockLogImpl (DeletedBlockLogImpl.java:isTransactionFailed(314)) - Got block deletion ACK from datanode, TXIDs=3, success=true
2023-04-19 02:33:58,954 [EventQueue-DeleteBlockStatusForDeletedBlockLogImpl] DEBUG block.DeletedBlockLogImpl (DeletedBlockLogImpl.java:commitTransactions(260)) - Transaction txId=3 commit by dnId=2fc7e044-034b-4d4d-85e4-65e0422d519b for containerID=#3 failed. Corresponding entry not found.
2023-04-19 02:33:58,954 [BlockDeletingService#8] WARN  keyvalue.KeyValueHandler (KeyValueHandler.java:deleteUnreferenced(1211)) - Missing delete block(Container = 2, Block = 111677748019200002
2023-04-19 02:33:58,954 [BlockDeletingService#3] WARN  keyvalue.KeyValueHandler (KeyValueHandler.java:deleteUnreferenced(1211)) - Missing delete block(Container = 3, Block = 111677748019200003
2023-04-19 02:33:58,953 [BlockDeletingService#0] WARN  keyvalue.KeyValueHandler (KeyValueHandler.java:deleteUnreferenced(1211)) - Missing delete block(Container = 1, Block = 111677748019200001
2023-04-19 02:33:59,053 [BlockDeletingService#9] INFO  interfaces.ContainerDeletionChoosingPolicyTemplate (ContainerDeletionChoosingPolicyTemplate.java:chooseContainerForBlockDeletion(83)) - Chosen 0/5000 blocks from 0 candidate containers.
2023-04-19 02:33:59,053 [BlockDeletingService#2] INFO  interfaces.ContainerDeletionChoosingPolicyTemplate (ContainerDeletionChoosingPolicyTemplate.java:chooseContainerForBlockDeletion(83)) - Chosen 0/5000 blocks from 0 candidate containers.
2023-04-19 02:33:59,053 [SCMBlockDeletingService#0] DEBUG block.SCMBlockDeletingService (SCMBlockDeletingService.java:shouldRun(251)) - Check scm block delete run: true serviceStatus: RUNNING safemodeExitRunDelayMillis: 3000 alreadyWaitTimeInMillis: 11984
2023-04-19 02:33:59,053 [SCMBlockDeletingService#0] DEBUG block.SCMBlockDeletingService (SCMBlockDeletingService.java:call(154)) - Running DeletedBlockTransactionScanner
2023-04-19 02:33:59,053 [BlockDeletingService#8] INFO  interfaces.ContainerDeletionChoosingPolicyTemplate (ContainerDeletionChoosingPolicyTemplate.java:chooseContainerForBlockDeletion(83)) - Chosen 15/4985 blocks from 3 candidate containers.
2023-04-19 02:33:59,054 [BlockDeletingService#8] INFO  background.BlockDeletingService (BlockDeletingService.java:deleteViaTransactionStore(483)) - No transaction found in container 1 with pending delete block count 5
2023-04-19 02:33:59,054 [BlockDeletingService#8] INFO  background.BlockDeletingService (BlockDeletingService.java:deleteViaTransactionStore(483)) - No transaction found in container 3 with pending delete block count 5
2023-04-19 02:33:59,054 [BlockDeletingService#8] INFO  background.BlockDeletingService (BlockDeletingService.java:deleteViaTransactionStore(483)) - No transaction found in container 2 with pending delete block count 5
2023-04-19 02:33:59,153 [BlockDeletingService#9] INFO  interfaces.ContainerDeletionChoosingPolicyTemplate (ContainerDeletionChoosingPolicyTemplate.java:chooseContainerForBlockDeletion(83)) - Chosen 0/5000 blocks from 0 candidate containers.
2023-04-19 02:33:59,153 [BlockDeletingService#2] INFO  interfaces.ContainerDeletionChoosingPolicyTemplate (ContainerDeletionChoosingPolicyTemplate.java:chooseContainerForBlockDeletion(83)) - Chosen 0/5000 blocks from 0 candidate containers.
2023-04-19 02:33:59,153 [SCMBlockDeletingService#0] DEBUG block.SCMBlockDeletingService (SCMBlockDeletingService.java:shouldRun(251)) - Check scm block delete run: true serviceStatus: RUNNING safemodeExitRunDelayMillis: 3000 alreadyWaitTimeInMillis: 12084
2023-04-19 02:33:59,153 [SCMBlockDeletingService#0] DEBUG block.SCMBlockDeletingService (SCMBlockDeletingService.java:call(154)) - Running DeletedBlockTransactionScanner
2023-04-19 02:33:59,154 [BlockDeletingService#8] INFO  interfaces.ContainerDeletionChoosingPolicyTemplate (ContainerDeletionChoosingPolicyTemplate.java:chooseContainerForBlockDeletion(83)) - Chosen 0/5000 blocks from 0 candidate containers.
2023-04-19 02:33:59,253 [BlockDeletingService#9] INFO  interfaces.ContainerDeletionChoosingPolicyTemplate (ContainerDeletionChoosingPolicyTemplate.java:chooseContainerForBlockDeletion(83)) - Chosen 0/5000 blocks from 0 candidate containers.
2023-04-19 02:33:59,253 [BlockDeletingService#2] INFO  interfaces.ContainerDeletionChoosingPolicyTemplate (ContainerDeletionChoosingPolicyTemplate.java:chooseContainerForBlockDeletion(83)) - Chosen 0/5000 blocks from 0 candidate containers.
2023-04-19 02:33:59,253 [SCMBlockDeletingService#0] DEBUG block.SCMBlockDeletingService (SCMBlockDeletingService.java:shouldRun(251)) - Check scm block delete run: true serviceStatus: RUNNING safemodeExitRunDelayMillis: 3000 alreadyWaitTimeInMillis: 12184
2023-04-19 02:33:59,254 [SCMBlockDeletingService#0] DEBUG block.SCMBlockDeletingService (SCMBlockDeletingService.java:call(154)) - Running DeletedBlockTransactionScanner
2023-04-19 02:33:59,254 [BlockDeletingService#8] INFO  interfaces.ContainerDeletionChoosingPolicyTemplate (ContainerDeletionChoosingPolicyTemplate.java:chooseContainerForBlockDeletion(83)) - Chosen 0/5000 blocks from 0 candidate containers.
2023-04-19 02:33:59,272 [org.apache.hadoop.ozone.container.common.statemachine.commandhandler.DeleteBlocksCommandHandler$DeleteCmdWorker@6ca0ea47] INFO  commandhandler.DeleteBlocksCommandHandler (DeleteBlocksCommandHandler.java:processCmd(275)) - Start to delete container blocks, TXIDs=[1(9),2(9),3(9)], numOfContainers=3, numOfBlocks=3
2023-04-19 02:33:59,273 [DeleteBlocksCommandHandlerThread-1] INFO  commandhandler.DeleteBlocksCommandHandler (DeleteBlocksCommandHandler.java:logDeleteTransaction(493)) - Delete blocks for containerId: 1 is either received out of order or retried, 1 <= 1
2023-04-19 02:33:59,273 [DeleteBlocksCommandHandlerThread-1] INFO  commandhandler.DeleteBlocksCommandHandler (DeleteBlocksCommandHandler.java:logDeleteTransaction(493)) - Delete blocks for containerId: 2 is either received out of order or retried, 2 <= 2
2023-04-19 02:33:59,273 [DeleteBlocksCommandHandlerThread-1] INFO  commandhandler.DeleteBlocksCommandHandler (DeleteBlocksCommandHandler.java:logDeleteTransaction(493)) - Delete blocks for containerId: 3 is either received out of order or retried, 3 <= 3
2023-04-19 02:33:59,273 [org.apache.hadoop.ozone.container.common.statemachine.commandhandler.DeleteBlocksCommandHandler$DeleteCmdWorker@6ca0ea47] INFO  commandhandler.DeleteBlocksCommandHandler (DeleteBlocksCommandHandler.java:processCmd(275)) - Start to delete container blocks, TXIDs=[1(10),2(10),3(10)], numOfContainers=3, numOfBlocks=3
2023-04-19 02:33:59,273 [DeleteBlocksCommandHandlerThread-1] INFO  commandhandler.DeleteBlocksCommandHandler (] INFO  commandhandler.DeleteBlocksCommandHandler (DeleteBlocksCommandHandler.java:logDeleteTransaction(493)) - Delete blocks for containerId: 1 is either received out of order or retried, 1 <= 1
2023-04-19 02:33:59,273 [DeleteBlocksCommandHandlerThread-1] INFO  commandhandler.DeleteBlocksCommandHandler (DeleteBlocksCommandHandler.java:logDeleteTransaction(493)) - Delete blocks for containerId: 3 is either received out of order or retried, 3 <= 3
2023-04-19 02:33:59,273 [DeleteBlocksCommandHandlerThread-3] INFO  commandhandler.DeleteBlocksCommandHandler (DeleteBlocksCommandHandler.java:logDeleteTransaction(493)) - Delete blocks for containerId: 2 is either received out of order or retried, 2 <= 2
2023-04-19 02:33:59,353 [BlockDeletingService#9] INFO  interfaces.ContainerDeletionChoosingPolicyTemplate (ContainerDeletionChoosingPolicyTemplate.java:chooseContainerForBlockDeletion(83)) - Chosen 0/5000 blocks from 0 candidate containers.
2023-04-19 02:33:59,354 [SCMBlockDeletingService#0] DEBUG block.SCMBlockDeletingService (SCMBlockDeletingService.java:shouldRun(251)) - Check scm block delete run: true serviceStatus: RUNNING safemodeExitRunDelayMillis: 3000 alreadyWaitTimeInMillis: 12285
2023-04-19 02:33:59,354 [BlockDeletingService#2] INFO  interfaces.ContainerDeletionChoosingPolicyTemplate (ContainerDeletionChoosingPolicyTemplate.java:chooseContainerForBlockDeletion(83)) - Chosen 6/4994 blocks from 3 candidate containers.
2023-04-19 02:33:59,354 [BlockDeletingService#2] WARN  keyvalue.KeyValueHandler (KeyValueHandler.java:deleteUnreferenced(1211)) - Missing delete block(Container = 1, Block = 111677748019200001
2023-04-19 02:33:59,354 [BlockDeletingService#4] WARN  keyvalue.KeyValueHandler (KeyValueHandler.java:deleteUnreferenced(1211)) - Missing delete block(Container = 2, Block = 111677748019200002
2023-04-19 02:33:59,354 [SCMBlockDeletingService#0] DEBUG block.SCMBlockDeletingService (SCMBlockDeletingService.java:call(154)) - Running DeletedBlockTransactionScanner
2023-04-19 02:33:59,354 [BlockDeletingService#8] WARN  keyvalue.KeyValueHandler (KeyValueHandler.java:deleteUnreferenced(1211)) - Missing delete block(Container = 3, Block = 111677748019200003
2023-04-19 02:33:59,354 [BlockDeletingService#8] INFO  interfaces.ContainerDeletionChoosingPolicyTemplate (ContainerDeletionChoosingPolicyTemplate.java:chooseContainerForBlockDeletion(83)) - Chosen 0/5000 blocks from 0 candidate containers.
2023-04-19 02:33:59,454 [SCMBlockDeletingService#0] DEBUG block.SCMBlockDeletingService (SCMBlockDeletingService.java:shouldRun(251)) - Check scm block delete run: true serviceStatus: RUNNING safemodeExitRunDelayMillis: 3000 alreadyWaitTimeInMillis: 12385
2023-04-19 02:33:59,454 [SCMBlockDeletingService#0] DEBUG block.SCMBlockDeletingService (SCMBlockDeletingService.java:call(154)) - Running DeletedBlockTransactionScanner
2023-04-19 02:33:59,454 [BlockDeletingService#9] INFO  interfaces.ContainerDeletionChoosingPolicyTemplate (ContainerDeletionChoosingPolicyTemplate.java:chooseContainerForBlockDeletion(83)) - Chosen 0/5000 blocks from 0 candidate containers.
2023-04-19 02:33:59,454 [BlockDeletingService#2] INFO  interfaces.ContainerDeletionChoosingPolicyTemplate (ContainerDeletionChoosingPolicyTemplate.java:chooseContainerForBlockDeletion(83)) - Chosen 3/4997 blocks from 3 candidate containers.
2023-04-19 02:33:59,454 [BlockDeletingService#2] INFO  background.BlockDeletingService (BlockDeletingService.java:deleteViaTransactionStore(483)) - No transaction found in container 1 with pending delete block count 1
2023-04-19 02:33:59,454 [BlockDeletingService#2] INFO  background.BlockDeletingService (BlockDeletingService.java:deleteViaTransactionStore(483)) - No transaction found in container 3 with pending delete block count 1
2023-04-19 02:33:59,455 [BlockDeletingService#2] INFO  background.BlockDeletingService (BlockDeletingService.java:deleteViaTransactionStore(483)) - No transaction found in container 2 with pending delete block count 1
2023-04-19 02:33:59,455 [BlockDeletingService#8] INFO  interfaces.ContainerDeletionChoosingPolicyTemplate (ContainerDeletionChoosingPolicyTemplate.java:chooseContainerForBlockDeletion(83)) - Chosen 0/5000 blocks from 0 candidate containers.
2023-04-19 02:33:59,552 [EventQueue-DeleteBlockStatusForDeletedBlockLogImpl] DEBUG block.DeletedBlockLogImpl (DeletedBlockLogImpl.java:isTransactionFailed(314)) - Got block deletion ACK from datanode, TXIDs=1, success=true
2023-04-19 02:33:59,552 [EventQueue-DeleteBlockStatusForDeletedBlockLogImpl] DEBUG block.DeletedBlockLogImpl (DeletedBlockLogImpl.java:commitTransactions(260)) - Transaction txId=1 commit by dnId=a2f76bd1-2c73-4f6b-ae37-53a5930131fe for containerID=#1 failed. Corresponding entry not found.
2023-04-19 02:33:59,552 [EventQueue-DeleteBlockStatusForDeletedBlockLogImpl] DEBUG block.DeletedBlockLogImpl (DeletedBlockLogImpl.java:isTransactionFailed(314)) - Got block deletion ACK from datanode, TXIDs=2, success=true
2023-04-19 02:33:59,552 [EventQueue-DeleteBlockStatusForDeletedBlockLogImpl] DEBUG block.DeletedBlockLogImpl (DeletedBlockLogImpl.java:commitTransactions(260)) - Transaction txId=2 commit by dnId=a2f76bd1-2c73-4f6b-ae37-53a5930131fe for containerID=#2 failed. Corresponding entry not found.
2023-04-19 02:33:59,552 [EventQueue-DeleteBlockStatusForDeletedBlockLogImpl] DEBUG block.DeletedBlockLogImpl (DeletedBlockLogImpl.java:isTransactionFailed(314)) - Got block deletion ACK from datanode, TXIDs=3, success=true
2023-04-19 02:33:59,552 [EventQueue-DeleteBlockStatusForDeletedBlockLogImpl] DEBUG block.DeletedBlockLogImpl (DeletedBlockLogImpl.java:commitTransactions(260)) - Transaction txId=3 commit by dnId=a2f76bd1-2c73-4f6b-ae37-53a5930131fe for containerID=#3 failed. Corresponding entry not found.
2023-04-19 02:33:59,552 [EventQueue-DeleteBlockStatusForDeletedBlockLogImpl] DEBUG block.DeletedBlockLogImpl (DeletedBlockLogImpl.java:isTransactionFailed(314)) - Got block deletion ACK from datanode, TXIDs=1, success=true
2023-04-19 02:33:59,552 [EventQueue-DeleteBlockStatusForDeletedBlockLogImpl] DEBUG block.DeletedBlockLogImpl (DeletedBlockLogImpl.java:commitTransactions(260)) - Transaction txId=1 commit by dnId=a2f76bd1-2c73-4f6b-ae37-53a5930131fe for containerID=#1 failed. Corresponding entry not found.
2023-04-19 02:33:59,552 [EventQueue-DeleteBlockStatusForDeletedBlockLogImpl] DEBUG block.DeletedBlockLogImpl (DeletedBlockLogImpl.java:isTransactionFailed(314)) - Got block deletion ACK from datanode, TXIDs=2, success=true
2023-04-19 02:33:59,552 [EventQueue-DeleteBlockStatusForDeletedBlockLogImpl] DEBUG block.DeletedBlockLogImpl (DeletedBlockLogImpl.java:commitTransactions(260)) - Transaction txId=2 commit by dnId=a2f76bd1-2c73-4f6b-ae37-53a5930131fe for containerID=#2 failed. Corresponding entry not found.
2023-04-19 02:33:59,552 [EventQueue-DeleteBlockStatusForDeletedBlockLogImpl] DEBUG block.DeletedBlockLogImpl (DeletedBlockLogImpl.java:isTransactionFailed(314)) - Got block deletion ACK from datanode, TXIDs=3, success=true
2023-04-19 02:33:59,552 [EventQueue-DeleteBlockStatusForDeletedBlockLogImpl] DEBUG block.DeletedBlockLogImpl (DeletedBlockLogImpl.java:commitTransactions(260)) - Transaction txId=3 commit by dnId=a2f76bd1-2c73-4f6b-ae37-53a5930131fe for containerID=#3 failed. Corresponding entry not found.
2023-04-19 02:33:59,554 [SCMBlockDeletingService#0] DEBUG block.SCMBlockDeletingService (SCMBlockDeletingService.java:shouldRun(251)) - Check scm block delete run: true serviceStatus: RUNNING safemodeExitRunDelayMillis: 3000 alreadyWaitTimeInMillis: 12485
2023-04-19 02:33:59,554 [SCMBlockDeletingService#0] DEBUG block.SCMBlockDeletingService (SCMBlockDeletingService.java:call(154)) - Running DeletedBlockTransactionScanner
2023-04-19 02:33:59,554 [BlockDeletingService#9] INFO  interfaces.ContainerDeletionChoosingPolicyTemplate (ContainerDeletionChoosingPolicyTemplate.java:chooseContainerForBlockDeletion(83)) - Chosen 0/5000 blocks from 0 candidate containers.
2023-04-19 02:33:59,554 [BlockDeletingService#2] INFO  interfaces.ContainerDeletionChoosingPolicyTemplate (ContainerDeletionChoosingPolicyTemplate.java:chooseContainerForBlockDeletion(83)) - Chosen 0/5000 blocks from 0 candidate containers.
2023-04-19 02:33:59,555 [BlockDeletingService#8] INFO  interfaces.ContainerDeletionChoosingPolicyTemplate (ContainerDeletionChoosingPolicyTemplate.java:chooseContainerForBlockDeletion(83)) - Chosen 0/5000 blocks from 0 candidate containers.
2023-04-19 02:33:59,629 [grpc-default-executor-5] WARN  server.GrpcLogAppender (LogUtils.java:warn(122)) - a2f76bd1-2c73-4f6b-ae37-53a5930131fe@group-8474C413378F->457148a9-726e-4dee-b9dd-7b4b55ffa2f6-AppendLogResponseHandler: Failed appendEntries: org.apache.ratis.thirdparty.io.grpc.StatusRuntimeException: UNAVAILABLE: io exception
2023-04-19 02:33:59,630 [grpc-default-executor-5] WARN  server.GrpcLogAppender (GrpcLogAppender.java:resetClient(131)) - a2f76bd1-2c73-4f6b-ae37-53a5930131fe@group-8474C413378F->457148a9-726e-4dee-b9dd-7b4b55ffa2f6-GrpcLogAppender: Leader has not got in touch with Follower a2f76bd1-2c73-4f6b-ae37-53a5930131fe@group-8474C413378F->457148a9-726e-4dee-b9dd-7b4b55ffa2f6(c0,m0,n1, attendVote=true, lastRpcSendTime=6, lastRpcResponseTime=2510) yet, just keep nextIndex unchanged and retry.
2023-04-19 02:33:59,629 [grpc-default-executor-1] WARN  server.GrpcLogAppender (LogUtils.java:warn(122)) - a2f76bd1-2c73-4f6b-ae37-53a5930131fe@group-8474C413378F->457148a9-726e-4dee-b9dd-7b4b55ffa2f6-AppendLogResponseHandler: Failed appendEntries: org.apache.ratis.thirdparty.io.grpc.StatusRuntimeException: UNAVAILABLE: io exception
2023-04-19 02:33:59,631 [grpc-default-executor-1] WARN  server.GrpcLogAppender (GrpcLogAppender.java:resetClient(131)) - a2f76bd1-2c73-4f6b-ae37-53a5930131fe@group-8474C413378F->457148a9-726e-4dee-b9dd-7b4b55ffa2f6-GrpcLogAppender: Leader has not got in touch with Follower a2f76bd1-2c73-4f6b-ae37-53a5930131fe@group-8474C413378F->457148a9-726e-4dee-b9dd-7b4b55ffa2f6(c0,m0,n1, attendVote=true, lastRpcSendTime=7, lastRpcResponseTime=2511) yet, just keep nextIndex unchanged and retry.
2023-04-19 02:33:59,654 [SCMBlockDeletingService#0] DEBUG block.SCMBlockDeletingService (SCMBlockDeletingService.java:shouldRun(251)) - Check scm block delete run: true serviceStatus: RUNNING safemodeExitRunDelayMillis: 3000 alreadyWaitTimeInMillis: 12585
2023-04-19 02:33:59,654 [SCMBlockDeletingService#0] DEBUG block.SCMBlockDeletingService (SCMBlockDeletingService.java:call(154)) - Running DeletedBlockTransactionScanner
2023-04-19 02:33:59,654 [BlockDeletingService#9] INFO  interfaces.ContainerDeletionChoosingPolicyTemplate (ContainerDeletionChoosingPolicyTemplate.java:chooseContainerForBlockDeletion(83)) - Chosen 0/5000 blocks from 0 candidate containers.
2023-04-19 02:33:59,654 [BlockDeletingService#2] INFO  interfaces.ContainerDeletionChoosingPolicyTemplate (ContainerDeletionChoosingPolicyTemplate.java:chooseContainerForBlockDeletion(83)) - Chosen 0/5000 blocks from 0 candidate containers.
2023-04-19 02:33:59,655 [BlockDeletingService#8] INFO  interfaces.ContainerDeletionChoosingPolicyTemplate (ContainerDeletionChoosingPolicyTemplate.java:chooseContainerForBlockDeletion(83)) - Chosen 0/5000 blocks from 0 candidate containers.
2023-04-19 02:33:59,754 [SCMBlockDeletingService#0] DEBUG block.SCMBlockDeletingService (SCMBlockDeletingService.java:shouldRun(251)) - Check scm block delete run: true serviceStatus: RUNNING safemodeExitRunDelayMillis: 3000 alreadyWaitTimeInMillis: 12685
2023-04-19 02:33:59,754 [SCMBlockDeletingService#0] DEBUG block.SCMBlockDeletingService (SCMBlockDeletingService.java:call(154)) - Running DeletedBlockTransactionScanner
2023-04-19 02:33:59,754 [BlockDeletingService#9] INFO  interfaces.ContainerDeletionChoosingPolicyTemplate (ContainerDeletionChoosingPolicyTemplate.java:chooseContainerForBlockDeletion(83)) - Chosen 0/5000 blocks from 0 candidate containers.
2023-04-19 02:33:59,755 [BlockDeletingService#2] INFO  interfaces.ContainerDeletionChoosingPolicyTemplate (ContainerDeletionChoosingPolicyTemplate.java:chooseContainerForBlockDeletion(83)) - Chosen 0/5000 blocks from 0 candidate containers.
2023-04-19 02:33:59,755 [BlockDeletingService#8] INFO  interfaces.ContainerDeletionChoosingPolicyTemplate (ContainerDeletionChoosingPolicyTemplate.java:chooseContainerForBlockDeletion(83)) - Chosen 0/5000 blocks from 0 candidate containers.
2023-04-19 02:33:59,854 [SCMBlockDeletingService#0] DEBUG block.SCMBlockDeletingService (SCMBlockDeletingService.java:shouldRun(251)) - Check scm block delete run: true serviceStatus: RUNNING safemodeExitRunDelayMillis: 3000 alreadyWaitTimeInMillis: 12785
2023-04-19 02:33:59,854 [SCMBlockDeletingService#0] DEBUG block.SCMBlockDeletingService (SCMBlockDeletingService.java:call(154)) - Running DeletedBlockTransactionScanner
2023-04-19 02:33:59,855 [BlockDeletingService#8] INFO  interfaces.ContainerDeletionChoosingPolicyTemplate (ContainerDeletionChoosingPolicyTemplate.java:chooseContainerForBlockDeletion(83)) - Chosen 0/5000 blocks from 0 candidate containers.
2023-04-19 02:33:59,856 [BlockDeletingService#9] INFO  interfaces.ContainerDeletionChoosingPolicyTemplate (ContainerDeletionChoosingPolicyTemplate.java:chooseContainerForBlockDeletion(83)) - Chosen 0/5000 blocks from 0 candidate containers.
2023-04-19 02:33:59,856 [BlockDeletingService#2] INFO  interfaces.ContainerDeletionChoosingPolicyTemplate (ContainerDeletionChoosingPolicyTemplate.java:chooseContainerForBlockDeletion(83)) - Chosen 0/5000 blocks from 0 candidate containers.
2023-04-19 02:33:59,862 [Listener at 127.0.0.1/39891] INFO  volume.HddsVolume (HddsVolume.java:closeDbStore(437)) - SchemaV3 db is stopped at /home/runner/work/ozone/ozone/hadoop-ozone/integration-test/target/test-dir/MiniOzoneClusterImpl-fac7741a-db88-4542-9ed6-27af914485a4/datanode-0/data-0/containers/hdds/fac7741a-db88-4542-9ed6-27af914485a4/DS-507d496f-36f0-4589-b848-444f8e9b0efd/container.db for volume DS-507d496f-36f0-4589-b848-444f8e9b0efd
2023-04-19 02:33:59,862 [Listener at 127.0.0.1/39891] INFO  utils.BackgroundService (BackgroundService.java:shutdown(141)) - Shutting down service BlockDeletingService
2023-04-19 02:33:59,863 [Listener at 127.0.0.1/39891] INFO  utils.BackgroundService (BackgroundService.java:shutdown(141)) - Shutting down service StaleRecoveringContainerScrubbingService
2023-04-19 02:33:59,866 [Listener at 127.0.0.1/39891] INFO  statemachine.DatanodeStateMachine (DatanodeStateMachine.java:stopDaemon(601)) - Ozone container server stopped.
2023-04-19 02:33:59,875 [Listener at 127.0.0.1/39891] INFO  handler.ContextHandler (ContextHandler.java:doStop(1159)) - Stopped o.e.j.w.WebAppContext@6bde588{hddsDatanode,/,null,STOPPED}{jar:file:/home/runner/.m2/repository/org/apache/ozone/hdds-container-service/1.4.0-SNAPSHOT/hdds-container-service-1.4.0-SNAPSHOT.jar!/webapps/hddsDatanode}
2023-04-19 02:33:59,876 [Listener at 127.0.0.1/39891] INFO  server.AbstractConnector (AbstractConnector.java:doStop(383)) - Stopped ServerConnector@3c93c327{HTTP/1.1, (http/1.1)}{0.0.0.0:0}
2023-04-19 02:33:59,876 [Listener at 127.0.0.1/39891] INFO  server.session (HouseKeeper.java:stopScavenging(149)) - node0 Stopped scavenging
2023-04-19 02:33:59,877 [Listener at 127.0.0.1/39891] INFO  handler.ContextHandler (ContextHandler.java:doStop(1159)) - Stopped o.e.j.s.ServletContextHandler@4fbe2001{static,/static,jar:file:/home/runner/.m2/repository/org/apache/ozone/hdds-container-service/1.4.0-SNAPSHOT/hdds-container-service-1.4.0-SNAPSHOT.jar!/webapps/static,STOPPED}
2023-04-19 02:33:59,877 [Listener at 127.0.0.1/39891] INFO  handler.ContextHandler (ContextHandler.java:doStop(1159)) - Stopped o.e.j.s.ServletContextHandler@31dc1f9e{logs,/logs,file:///home/runner/work/ozone/ozone/hadoop-ozone/integration-test/target/log,STOPPED}
2023-04-19 02:33:59,879 [Listener at 127.0.0.1/39891] INFO  ozone.MiniOzoneClusterImpl (MiniOzoneClusterImpl.java:lambda$waitForHddsDatanodeToStop$3(388)) - Waiting on datanode to be marked stale.
2023-04-19 02:33:59,954 [SCMBlockDeletingService#0] DEBUG block.SCMBlockDeletingService (SCMBlockDeletingService.java:shouldRun(251)) - Check scm block delete run: true serviceStatus: RUNNING safemodeExitRunDelayMillis: 3000 alreadyWaitTimeInMillis: 12885
2023-04-19 02:33:59,954 [SCMBlockDeletingService#0] DEBUG block.SCMBlockDeletingService (SCMBlockDeletingService.java:call(154)) - Running DeletedBlockTransactionScanner
2023-04-19 02:33:59,956 [BlockDeletingService#8] INFO  interfaces.ContainerDeletionChoosingPolicyTemplate (ContainerDeletionChoosingPolicyTemplate.java:chooseContainerForBlockDeletion(83)) - Chosen 0/5000 blocks from 0 candidate containers.
2023-04-19 02:33:59,956 [BlockDeletingService#2] INFO  interfaces.ContainerDeletionChoosingPolicyTemplate (ContainerDeletionChoosingPolicyTemplate.java:chooseContainerForBlockDeletion(83)) - Chosen 0/5000 blocks from 0 candidate containers.
2023-04-19 02:34:00,054 [SCMBlockDeletingService#0] DEBUG block.SCMBlockDeletingService (SCMBlockDeletingService.java:shouldRun(251)) - Check scm block delete run: true serviceStatus: RUNNING safemodeExitRunDelayMillis: 3000 alreadyWaitTimeInMillis: 12985
2023-04-19 02:34:00,054 [SCMBlockDeletingService#0] DEBUG block.SCMBlockDeletingService (SCMBlockDeletingService.java:call(154)) - Running DeletedBlockTransactionScanner
2023-04-19 02:34:00,056 [BlockDeletingService#8] INFO  interfaces.ContainerDeletionChoosingPolicyTemplate (ContainerDeletionChoosingPolicyTemplate.java:chooseContainerForBlockDeletion(83)) - Chosen 0/5000 blocks from 0 candidate containers.
2023-04-19 02:34:00,056 [BlockDeletingService#2] INFO  interfaces.ContainerDeletionChoosingPolicyTemplate (ContainerDeletionChoosingPolicyTemplate.java:chooseContainerForBlockDeletion(83)) - Chosen 0/5000 blocks from 0 candidate containers.
2023-04-19 02:34:00,154 [SCMBlockDeletingService#0] DEBUG block.SCMBlockDeletingService (SCMBlockDeletingService.java:shouldRun(251)) - Check scm block delete run: true serviceStatus: RUNNING safemodeExitRunDelayMillis: 3000 alreadyWaitTimeInMillis: 13085
2023-04-19 02:34:00,154 [SCMBlockDeletingService#0] DEBUG block.SCMBlockDeletingService (SCMBlockDeletingService.java:call(154)) - Running DeletedBlockTransactionScanner
2023-04-19 02:34:00,156 [BlockDeletingService#8] INFO  interfaces.ContainerDeletionChoosingPolicyTemplate (ContainerDeletionChoosingPolicyTemplate.java:chooseContainerForBlockDeletion(83)) - Chosen 0/5000 blocks from 0 candidate containers.
2023-04-19 02:34:00,156 [BlockDeletingService#2] INFO  interfaces.ContainerDeletionChoosingPolicyTemplate (ContainerDeletionChoosingPolicyTemplate.java:chooseContainerForBlockDeletion(83)) - Chosen 0/5000 blocks from 0 candidate containers.
2023-04-19 02:34:00,254 [SCMBlockDeletingService#0] DEBUG block.SCMBlockDeletingService (SCMBlockDeletingService.java:shouldRun(251)) - Check scm block delete run: true serviceStatus: RUNNING safemodeExitRunDelayMillis: 3000 alreadyWaitTimeInMillis: 13185
2023-04-19 02:34:00,254 [SCMBlockDeletingService#0] DEBUG block.SCMBlockDeletingService (SCMBlockDeletingService.java:call(154)) - Running DeletedBlockTransactionScanner
2023-04-19 02:34:00,256 [BlockDeletingService#8] INFO  interfaces.ContainerDeletionChoosingPolicyTemplate (ContainerDeletionChoosingPolicyTemplate.java:chooseContainerForBlockDeletion(83)) - Chosen 0/5000 blocks from 0 candidate containers.
2023-04-19 02:34:00,257 [BlockDeletingService#2] INFO  interfaces.ContainerDeletionChoosingPolicyTemplate (ContainerDeletionChoosingPolicyTemplate.java:chooseContainerForBlockDeletion(83)) - Chosen 0/5000 blocks from 0 candidate containers.
2023-04-19 02:34:00,356 [SCMBlockDeletingService#0] DEBUG block.SCMBlockDeletingService (SCMBlockDeletingService.java:shouldRun(251)) - Check scm block delete run: true serviceStatus: RUNNING safemodeExitRunDelayMillis: 3000 alreadyWaitTimeInMillis: 13287
2023-04-19 02:34:00,356 [SCMBlockDeletingService#0] DEBUG block.SCMBlockDeletingService (SCMBlockDeletingService.java:call(154)) - Running DeletedBlockTransactionScanner
2023-04-19 02:34:00,356 [BlockDeletingService#8] INFO  interfaces.ContainerDeletionChoosingPolicyTemplate (ContainerDeletionChoosingPolicyTemplate.java:chooseContainerForBlockDeletion(83)) - Chosen 0/5000 blocks from 0 candidate containers.
2023-04-19 02:34:00,357 [BlockDeletingService#2] INFO  interfaces.ContainerDeletionChoosingPolicyTemplate (ContainerDeletionChoosingPolicyTemplate.java:chooseContainerForBlockDeletion(83)) - Chosen 0/5000 blocks from 0 candidate containers.
2023-04-19 02:34:00,456 [SCMBlockDeletingService#0] DEBUG block.SCMBlockDeletingService (SCMBlockDeletingService.java:shouldRun(251)) - Check scm block delete run: true serviceStatus: RUNNING safemodeExitRunDelayMillis: 3000 alreadyWaitTimeInMillis: 13387
2023-04-19 02:34:00,456 [SCMBlockDeletingService#0] DEBUG block.SCMBlockDeletingService (SCMBlockDeletingService.java:call(154)) - Running DeletedBlockTransactionScanner
2023-04-19 02:34:00,457 [BlockDeletingService#8] INFO  interfaces.ContainerDeletionChoosingPolicyTemplate (ContainerDeletionChoosingPolicyTemplate.java:chooseContainerForBlockDeletion(83)) - Chosen 0/5000 blocks from 0 candidate containers.
2023-04-19 02:34:00,457 [BlockDeletingService#2] INFO  interfaces.ContainerDeletionChoosingPolicyTemplate (ContainerDeletionChoosingPolicyTemplate.java:chooseContainerForBlockDeletion(83)) - Chosen 0/5000 blocks from 0 candidate containers.
2023-04-19 02:34:00,556 [SCMBlockDeletingService#0] DEBUG block.SCMBlockDeletingService (SCMBlockDeletingService.java:shouldRun(251)) - Check scm block delete run: true serviceStatus: RUNNING safemodeExitRunDelayMillis: 3000 alreadyWaitTimeInMillis: 13487
2023-04-19 02:34:00,556 [SCMBlockDeletingService#0] DEBUG block.SCMBlockDeletingService (SCMBlockDeletingService.java:call(154)) - Running DeletedBlockTransactionScanner
2023-04-19 02:34:00,557 [BlockDeletingService#8] INFO  interfaces.ContainerDeletionChoosingPolicyTemplate (ContainerDeletionChoosingPolicyTemplate.java:chooseContainerForBlockDeletion(83)) - Chosen 0/5000 blocks from 0 candidate containers.
2023-04-19 02:34:00,557 [BlockDeletingService#2] INFO  interfaces.ContainerDeletionChoosingPolicyTemplate (ContainerDeletionChoosingPolicyTemplate.java:chooseContainerForBlockDeletion(83)) - Chosen 0/5000 blocks from 0 candidate containers.
2023-04-19 02:34:00,656 [SCMBlockDeletingService#0] DEBUG block.SCMBlockDeletingService (SCMBlockDeletingService.java:shouldRun(251)) - Check scm block delete run: true serviceStatus: RUNNING safemodeExitRunDelayMillis: 3000 alreadyWaitTimeInMillis: 13587
2023-04-19 02:34:00,656 [SCMBlockDeletingService#0] DEBUG block.SCMBlockDeletingService (SCMBlockDeletingService.java:call(154)) - Running DeletedBlockTransactionScanner
2023-04-19 02:34:00,657 [BlockDeletingService#8] INFO  interfaces.ContainerDeletionChoosingPolicyTemplate (ContainerDeletionChoosingPolicyTemplate.java:chooseContainerForBlockDeletion(83)) - Chosen 0/5000 blocks from 0 candidate containers.
2023-04-19 02:34:00,657 [BlockDeletingService#2] INFO  interfaces.ContainerDeletionChoosingPolicyTemplate (ContainerDeletionChoosingPolicyTemplate.java:chooseContainerForBlockDeletion(83)) - Chosen 0/5000 blocks from 0 candidate containers.
2023-04-19 02:34:00,756 [SCMBlockDeletingService#0] DEBUG block.SCMBlockDeletingService (SCMBlockDeletingService.java:shouldRun(251)) - Check scm block delete run: true serviceStatus: RUNNING safemodeExitRunDelayMillis: 3000 alreadyWaitTimeInMillis: 13687
2023-04-19 02:34:00,757 [SCMBlockDeletingService#0] DEBUG block.SCMBlockDeletingService (SCMBlockDeletingService.java:call(154)) - Running DeletedBlockTransactionScanner
2023-04-19 02:34:00,757 [BlockDeletingService#8] INFO  interfaces.ContainerDeletionChoosingPolicyTemplate (ContainerDeletionChoosingPolicyTemplate.java:chooseContainerForBlockDeletion(83)) - Chosen 0/5000 blocks from 0 candidate containers.
2023-04-19 02:34:00,757 [BlockDeletingService#2] INFO  interfaces.ContainerDeletionChoosingPolicyTemplate (ContainerDeletionChoosingPolicyTemplate.java:chooseContainerForBlockDeletion(83)) - Chosen 0/5000 blocks from 0 candidate containers.
2023-04-19 02:34:00,855 [EventQueue-StaleNodeForStaleNodeHandler] INFO  node.StaleNodeHandler (StaleNodeHandler.java:onMessage(59)) - Datanode 457148a9-726e-4dee-b9dd-7b4b55ffa2f6(fv-az127-56.h3uyzbqov44edfyrgkjongjtha.bx.internal.cloudapp.net/10.1.164.0) moved to stale state. Finalizing its pipelines [PipelineID=e905c187-d44e-4d4f-943a-7551bbbf90f3, PipelineID=31121653-d323-4bbf-a472-97a3278ebfda, PipelineID=c451b338-8c47-48a8-90fa-697db1a608ee, PipelineID=6c88f487-c9ba-46ea-aed9-8474c413378f]
2023-04-19 02:34:00,856 [EventQueue-StaleNodeForStaleNodeHandler] INFO  pipeline.PipelineManagerImpl (PipelineManagerImpl.java:closePipeline(442)) - Pipeline Pipeline[ Id: e905c187-d44e-4d4f-943a-7551bbbf90f3, Nodes: 457148a9-726e-4dee-b9dd-7b4b55ffa2f6(fv-az127-56.h3uyzbqov44edfyrgkjongjtha.bx.internal.cloudapp.net/10.1.164.0)2fc7e044-034b-4d4d-85e4-65e0422d519b(fv-az127-56.h3uyzbqov44edfyrgkjongjtha.bx.internal.cloudapp.net/10.1.164.0)a2f76bd1-2c73-4f6b-ae37-53a5930131fe(fv-az127-56.h3uyzbqov44edfyrgkjongjtha.bx.internal.cloudapp.net/10.1.164.0), ReplicationConfig: EC{rs-2-1-256k}, State:OPEN, leaderId:, CreationTimestamp2023-04-19T02:33:48.539Z[Etc/UTC]] moved to CLOSED state
2023-04-19 02:34:00,856 [EventQueue-StaleNodeForStaleNodeHandler] INFO  pipeline.PipelineManagerImpl (PipelineManagerImpl.java:closePipeline(442)) - Pipeline Pipeline[ Id: 31121653-d323-4bbf-a472-97a3278ebfda, Nodes: 457148a9-726e-4dee-b9dd-7b4b55ffa2f6(fv-az127-56.h3uyzbqov44edfyrgkjongjtha.bx.internal.cloudapp.net/10.1.164.0)2fc7e044-034b-4d4d-85e4-65e0422d519b(fv-az127-56.h3uyzbqov44edfyrgkjongjtha.bx.internal.cloudapp.net/10.1.164.0)a2f76bd1-2c73-4f6b-ae37-53a5930131fe(fv-az127-56.h3uyzbqov44edfyrgkjongjtha.bx.internal.cloudapp.net/10.1.164.0), ReplicationConfig: EC{rs-2-1-256k}, State:OPEN, leaderId:, CreationTimestamp2023-04-19T02:33:47.728Z[Etc/UTC]] moved to CLOSED state
2023-04-19 02:34:00,857 [SCMBlockDeletingService#0] DEBUG block.SCMBlockDeletingService (SCMBlockDeletingService.java:shouldRun(251)) - Check scm block delete run: true serviceStatus: RUNNING safemodeExitRunDelayMillis: 3000 alreadyWaitTimeInMillis: 13787
2023-04-19 02:34:00,857 [SCMBlockDeletingService#0] DEBUG block.SCMBlockDeletingService (SCMBlockDeletingService.java:call(154)) - Running DeletedBlockTransactionScanner
2023-04-19 02:34:00,857 [EventQueue-StaleNodeForStaleNodeHandler] INFO  pipeline.PipelineManagerImpl (PipelineManagerImpl.java:closePipeline(442)) - Pipeline Pipeline[ Id: c451b338-8c47-48a8-90fa-697db1a608ee, Nodes: 457148a9-726e-4dee-b9dd-7b4b55ffa2f6(fv-az127-56.h3uyzbqov44edfyrgkjongjtha.bx.internal.cloudapp.net/10.1.164.0)2fc7e044-034b-4d4d-85e4-65e0422d519b(fv-az127-56.h3uyzbqov44edfyrgkjongjtha.bx.internal.cloudapp.net/10.1.164.0)a2f76bd1-2c73-4f6b-ae37-53a5930131fe(fv-az127-56.h3uyzbqov44edfyrgkjongjtha.bx.internal.cloudapp.net/10.1.164.0), ReplicationConfig: EC{rs-2-1-256k}, State:OPEN, leaderId:, CreationTimestamp2023-04-19T02:33:48.291Z[Etc/UTC]] moved to CLOSED state
2023-04-19 02:34:00,857 [BlockDeletingService#8] INFO  interfaces.ContainerDeletionChoosingPolicyTemplate (ContainerDeletionChoosingPolicyTemplate.java:chooseContainerForBlockDeletion(83)) - Chosen 0/5000 blocks from 0 candidate containers.
2023-04-19 02:34:00,857 [BlockDeletingService#2] INFO  interfaces.ContainerDeletionChoosingPolicyTemplate (ContainerDeletionChoosingPolicyTemplate.java:chooseContainerForBlockDeletion(83)) - Chosen 0/5000 blocks from 0 candidate containers.
2023-04-19 02:34:00,857 [EventQueue-StaleNodeForStaleNodeHandler] INFO  pipeline.PipelineManagerImpl (PipelineManagerImpl.java:closePipeline(442)) - Pipeline Pipeline[ Id: 6c88f487-c9ba-46ea-aed9-8474c413378f, Nodes: 2fc7e044-034b-4d4d-85e4-65e0422d519b(fv-az127-56.h3uyzbqov44edfyrgkjongjtha.bx.internal.cloudapp.net/10.1.164.0)a2f76bd1-2c73-4f6b-ae37-53a5930131fe(fv-az127-56.h3uyzbqov44edfyrgkjongjtha.bx.internal.cloudapp.net/10.1.164.0)457148a9-726e-4dee-b9dd-7b4b55ffa2f6(fv-az127-56.h3uyzbqov44edfyrgkjongjtha.bx.internal.cloudapp.net/10.1.164.0), ReplicationConfig: RATIS/THREE, State:OPEN, leaderId:a2f76bd1-2c73-4f6b-ae37-53a5930131fe, CreationTimestamp2023-04-19T02:33:39.477Z[Etc/UTC]] moved to CLOSED state
2023-04-19 02:34:00,874 [grpc-default-executor-1] WARN  server.GrpcLogAppender (LogUtils.java:warn(122)) - a2f76bd1-2c73-4f6b-ae37-53a5930131fe@group-8474C413378F->457148a9-726e-4dee-b9dd-7b4b55ffa2f6-AppendLogResponseHandler: Failed appendEntries: org.apache.ratis.thirdparty.io.grpc.StatusRuntimeException: UNAVAILABLE: io exception
2023-04-19 02:34:00,875 [grpc-default-executor-5] WARN  server.GrpcLogAppender (LogUtils.java:warn(122)) - a2f76bd1-2c73-4f6b-ae37-53a5930131fe@group-8474C413378F->457148a9-726e-4dee-b9dd-7b4b55ffa2f6-AppendLogResponseHandler: Failed appendEntries: org.apache.ratis.thirdparty.io.grpc.StatusRuntimeException: UNAVAILABLE: io exception
2023-04-19 02:34:00,877 [grpc-default-executor-1] WARN  server.GrpcLogAppender (GrpcLogAppender.java:resetClient(131)) - a2f76bd1-2c73-4f6b-ae37-53a5930131fe@group-8474C413378F->457148a9-726e-4dee-b9dd-7b4b55ffa2f6-GrpcLogAppender: Leader has not got in touch with Follower a2f76bd1-2c73-4f6b-ae37-53a5930131fe@group-8474C413378F->457148a9-726e-4dee-b9dd-7b4b55ffa2f6(c0,m0,n1, attendVote=true, lastRpcSendTime=1, lastRpcResponseTime=3757) yet, just keep nextIndex unchanged and retry.
2023-04-19 02:34:00,878 [grpc-default-executor-5] WARN  server.GrpcLogAppender (GrpcLogAppender.java:resetClient(131)) - a2f76bd1-2c73-4f6b-ae37-53a5930131fe@group-8474C413378F->457148a9-726e-4dee-b9dd-7b4b55ffa2f6-GrpcLogAppender: Leader has not got in touch with Follower a2f76bd1-2c73-4f6b-ae37-53a5930131fe@group-8474C413378F->457148a9-726e-4dee-b9dd-7b4b55ffa2f6(c0,m0,n1, attendVote=true, lastRpcSendTime=2, lastRpcResponseTime=3758) yet, just keep nextIndex unchanged and retry.
2023-04-19 02:34:00,883 [Listener at 127.0.0.1/39891] INFO  impl.MetricsSystemImpl (MetricsSystemImpl.java:init(158)) - HddsDatanode metrics system started (again)
2023-04-19 02:34:00,927 [Listener at 127.0.0.1/39891] INFO  ozone.HddsDatanodeService (HddsDatanodeService.java:start(252)) - HddsDatanodeService host:fv-az127-56.h3uyzbqov44edfyrgkjongjtha.bx.internal.cloudapp.net ip:10.1.164.0
2023-04-19 02:34:00,963 [BlockDeletingService#2] INFO  interfaces.ContainerDeletionChoosingPolicyTemplate (ContainerDeletionChoosingPolicyTemplate.java:chooseContainerForBlockDeletion(83)) - Chosen 0/5000 blocks from 0 candidate containers.
2023-04-19 02:34:00,963 [BlockDeletingService#8] INFO  interfaces.ContainerDeletionChoosingPolicyTemplate (ContainerDeletionChoosingPolicyTemplate.java:chooseContainerForBlockDeletion(83)) - Chosen 0/5000 blocks from 0 candidate containers.
2023-04-19 02:34:00,964 [SCMBlockDeletingService#0] DEBUG block.SCMBlockDeletingService (SCMBlockDeletingService.java:shouldRun(251)) - Check scm block delete run: true serviceStatus: RUNNING safemodeExitRunDelayMillis: 3000 alreadyWaitTimeInMillis: 13895
2023-04-19 02:34:00,964 [SCMBlockDeletingService#0] DEBUG block.SCMBlockDeletingService (SCMBlockDeletingService.java:call(154)) - Running DeletedBlockTransactionScanner
2023-04-19 02:34:00,964 [Listener at 127.0.0.1/39891] INFO  upgrade.AbstractLayoutVersionManager (AbstractLayoutVersionManager.java:init(83)) - Initializing Layout version manager with metadata layout = WEBUI_PORTS_IN_DATANODEDETAILS (version = 6), software layout = WEBUI_PORTS_IN_DATANODEDETAILS (version = 6)
2023-04-19 02:34:01,061 [Listener at 127.0.0.1/39891] INFO  reflections.Reflections (Reflections.java:scan(232)) - Reflections took 94 ms to scan 7 urls, producing 156 keys and 369 values 
2023-04-19 02:34:01,064 [BlockDeletingService#2] INFO  interfaces.ContainerDeletionChoosingPolicyTemplate (ContainerDeletionChoosingPolicyTemplate.java:chooseContainerForBlockDeletion(83)) - Chosen 0/5000 blocks from 0 candidate containers.
2023-04-19 02:34:01,064 [BlockDeletingService#8] INFO  interfaces.ContainerDeletionChoosingPolicyTemplate (ContainerDeletionChoosingPolicyTemplate.java:chooseContainerForBlockDeletion(83)) - Chosen 0/5000 blocks from 0 candidate containers.
2023-04-19 02:34:01,064 [SCMBlockDeletingService#0] DEBUG block.SCMBlockDeletingService (SCMBlockDeletingService.java:shouldRun(251)) - Check scm block delete run: true serviceStatus: RUNNING safemodeExitRunDelayMillis: 3000 alreadyWaitTimeInMillis: 13995
2023-04-19 02:34:01,064 [SCMBlockDeletingService#0] DEBUG block.SCMBlockDeletingService (SCMBlockDeletingService.java:call(154)) - Running DeletedBlockTransactionScanner
2023-04-19 02:34:01,065 [Listener at 127.0.0.1/39891] INFO  statemachine.DatanodeStateMachine (DatanodeStateMachine.java:getEndPointTaskThreadPoolSize(260)) - Datanode State Machine Task Thread Pool size 2
2023-04-19 02:34:01,067 [Listener at 127.0.0.1/39891] INFO  volume.HddsVolume (HddsVolume.java:<init>(130)) - Creating HddsVolume: /home/runner/work/ozone/ozone/hadoop-ozone/integration-test/target/test-dir/MiniOzoneClusterImpl-fac7741a-db88-4542-9ed6-27af914485a4/datanode-0/data-0/containers/hdds of storage type : DISK capacity : 9223372036854775807
2023-04-19 02:34:01,067 [Listener at 127.0.0.1/39891] INFO  volume.MutableVolumeSet (MutableVolumeSet.java:initializeVolumeSet(175)) - Added Volume : /home/runner/work/ozone/ozone/hadoop-ozone/integration-test/target/test-dir/MiniOzoneClusterImpl-fac7741a-db88-4542-9ed6-27af914485a4/datanode-0/data-0/containers/hdds to VolumeSet
2023-04-19 02:34:01,068 [Listener at 127.0.0.1/39891] INFO  volume.ThrottledAsyncChecker (ThrottledAsyncChecker.java:schedule(141)) - Scheduling a check for /home/runner/work/ozone/ozone/hadoop-ozone/integration-test/target/test-dir/MiniOzoneClusterImpl-fac7741a-db88-4542-9ed6-27af914485a4/datanode-0/data-0/containers/hdds
2023-04-19 02:34:01,068 [Listener at 127.0.0.1/39891] INFO  volume.StorageVolumeChecker (StorageVolumeChecker.java:checkAllVolumes(202)) - Scheduled health check for volume /home/runner/work/ozone/ozone/hadoop-ozone/integration-test/target/test-dir/MiniOzoneClusterImpl-fac7741a-db88-4542-9ed6-27af914485a4/datanode-0/data-0/containers/hdds
2023-04-19 02:34:01,080 [Listener at 127.0.0.1/39891] INFO  volume.MutableVolumeSet (MutableVolumeSet.java:initializeVolumeSet(175)) - Added Volume : /home/runner/work/ozone/ozone/hadoop-ozone/integration-test/target/test-dir/MiniOzoneClusterImpl-fac7741a-db88-4542-9ed6-27af914485a4/datanode-0/data/ratis to VolumeSet
2023-04-19 02:34:01,080 [Listener at 127.0.0.1/39891] INFO  volume.ThrottledAsyncChecker (ThrottledAsyncChecker.java:schedule(141)) - Scheduling a check for /home/runner/work/ozone/ozone/hadoop-ozone/integration-test/target/test-dir/MiniOzoneClusterImpl-fac7741a-db88-4542-9ed6-27af914485a4/datanode-0/data/ratis
2023-04-19 02:34:01,080 [Listener at 127.0.0.1/39891] INFO  volume.StorageVolumeChecker (StorageVolumeChecker.java:checkAllVolumes(202)) - Scheduled health check for volume /home/runner/work/ozone/ozone/hadoop-ozone/integration-test/target/test-dir/MiniOzoneClusterImpl-fac7741a-db88-4542-9ed6-27af914485a4/datanode-0/data/ratis
2023-04-19 02:34:01,129 [Listener at 127.0.0.1/39891] INFO  utils.DatanodeStoreCache (DatanodeStoreCache.java:addDB(58)) - Added db /home/runner/work/ozone/ozone/hadoop-ozone/integration-test/target/test-dir/MiniOzoneClusterImpl-fac7741a-db88-4542-9ed6-27af914485a4/datanode-0/data-0/containers/hdds/fac7741a-db88-4542-9ed6-27af914485a4/DS-507d496f-36f0-4589-b848-444f8e9b0efd/container.db to cache
2023-04-19 02:34:01,129 [Listener at 127.0.0.1/39891] INFO  volume.HddsVolume (HddsVolume.java:loadDbStore(303)) - SchemaV3 db is loaded at /home/runner/work/ozone/ozone/hadoop-ozone/integration-test/target/test-dir/MiniOzoneClusterImpl-fac7741a-db88-4542-9ed6-27af914485a4/datanode-0/data-0/containers/hdds/fac7741a-db88-4542-9ed6-27af914485a4/DS-507d496f-36f0-4589-b848-444f8e9b0efd/container.db for volume DS-507d496f-36f0-4589-b848-444f8e9b0efd
2023-04-19 02:34:01,130 [Thread-1165] INFO  ozoneimpl.ContainerReader (ContainerReader.java:readVolume(145)) - Start to verify containers on volume /home/runner/work/ozone/ozone/hadoop-ozone/integration-test/target/test-dir/MiniOzoneClusterImpl-fac7741a-db88-4542-9ed6-27af914485a4/datanode-0/data-0/containers/hdds
2023-04-19 02:34:01,144 [Thread-1165] INFO  ozoneimpl.ContainerReader (ContainerReader.java:readVolume(175)) - Finish verifying containers on volume /home/runner/work/ozone/ozone/hadoop-ozone/integration-test/target/test-dir/MiniOzoneClusterImpl-fac7741a-db88-4542-9ed6-27af914485a4/datanode-0/data-0/containers/hdds
2023-04-19 02:34:01,144 [Listener at 127.0.0.1/39891] INFO  ozoneimpl.OzoneContainer (OzoneContainer.java:buildContainerSet(303)) - Build ContainerSet costs 0s
2023-04-19 02:34:01,146 [Listener at 127.0.0.1/39891] INFO  server.RaftServer (ConfUtils.java:logGet(46)) - raft.rpc.type = GRPC (default)
2023-04-19 02:34:01,147 [Listener at 127.0.0.1/39891] INFO  grpc.GrpcConfigKeys (ConfUtils.java:logFallback(53)) - raft.grpc.admin.host = null (fallback to raft.grpc.server.host)
2023-04-19 02:34:01,147 [Listener at 127.0.0.1/39891] INFO  grpc.GrpcConfigKeys (ConfUtils.java:logGet(46)) - raft.grpc.admin.port = 41073 (custom)
2023-04-19 02:34:01,147 [Listener at 127.0.0.1/39891] INFO  grpc.GrpcConfigKeys (ConfUtils.java:logFallback(53)) - raft.grpc.client.host = null (fallback to raft.grpc.server.host)
2023-04-19 02:34:01,147 [Listener at 127.0.0.1/39891] INFO  grpc.GrpcConfigKeys (ConfUtils.java:logGet(46)) - raft.grpc.client.port = 41073 (custom)
2023-04-19 02:34:01,147 [Listener at 127.0.0.1/39891] INFO  grpc.GrpcConfigKeys (ConfUtils.java:logGet(46)) - raft.grpc.server.host = null (default)
2023-04-19 02:34:01,147 [Listener at 127.0.0.1/39891] INFO  grpc.GrpcConfigKeys (ConfUtils.java:logGet(46)) - raft.grpc.server.port = 41073 (custom)
2023-04-19 02:34:01,148 [Listener at 127.0.0.1/39891] INFO  server.GrpcService (ConfUtils.java:logGet(46)) - raft.grpc.message.size.max = 32MB (=33554432) (custom)
2023-04-19 02:34:01,148 [Listener at 127.0.0.1/39891] INFO  server.RaftServerConfigKeys (ConfUtils.java:logGet(46)) - raft.server.log.appender.buffer.byte-limit = 33554432 (custom)
2023-04-19 02:34:01,148 [Listener at 127.0.0.1/39891] INFO  server.GrpcService (ConfUtils.java:logGet(46)) - raft.grpc.flow.control.window = 5MB (=5242880) (custom)
2023-04-19 02:34:01,148 [Listener at 127.0.0.1/39891] INFO  server.RaftServerConfigKeys (ConfUtils.java:logGet(46)) - raft.server.rpc.request.timeout = 60s (custom)
2023-04-19 02:34:01,149 [Listener at 127.0.0.1/39891] INFO  grpc.GrpcConfigKeys (ConfUtils.java:logGet(46)) - raft.grpc.server.heartbeat.channel = true (default)
2023-04-19 02:34:01,149 [Listener at 127.0.0.1/39891] INFO  grpc.GrpcConfigKeys (ConfUtils.java:logGet(46)) - raft.grpc.server.async.request.thread.pool.cached = true (default)
2023-04-19 02:34:01,150 [Listener at 127.0.0.1/39891] INFO  grpc.GrpcConfigKeys (ConfUtils.java:logGet(46)) - raft.grpc.server.async.request.thread.pool.size = 32 (default)
2023-04-19 02:34:01,151 [Listener at 127.0.0.1/39891] INFO  impl.DataStreamServerImpl (ConfUtils.java:logGet(46)) - raft.datastream.type = NETTY (custom)
2023-04-19 02:34:01,151 [Listener at 127.0.0.1/39891] INFO  server.RaftServerConfigKeys (ConfUtils.java:logGet(46)) - raft.server.data-stream.async.request.thread.pool.cached = false (default)
2023-04-19 02:34:01,152 [Listener at 127.0.0.1/39891] INFO  server.RaftServerConfigKeys (ConfUtils.java:logGet(46)) - raft.server.data-stream.async.request.thread.pool.size = 20 (custom)
2023-04-19 02:34:01,152 [Listener at 127.0.0.1/39891] INFO  server.RaftServerConfigKeys (ConfUtils.java:logGet(46)) - raft.server.data-stream.async.write.thread.pool.size = 16 (default)
2023-04-19 02:34:01,152 [Listener at 127.0.0.1/39891] INFO  server.RaftServerConfigKeys (ConfUtils.java:logGet(46)) - raft.server.data-stream.client.pool.size = 10 (default)
2023-04-19 02:34:01,152 [Listener at 127.0.0.1/39891] INFO  netty.NettyConfigKeys$DataStream (ConfUtils.java:logGet(46)) - raft.netty.dataStream.server.use-epoll = false (default)
2023-04-19 02:34:01,153 [Listener at 127.0.0.1/39891] INFO  netty.NettyConfigKeys$DataStream (ConfUtils.java:logGet(46)) - raft.netty.dataStream.server.boss-group.size = 0 (default)
2023-04-19 02:34:01,155 [Listener at 127.0.0.1/39891] INFO  netty.NettyConfigKeys$DataStream (ConfUtils.java:logGet(46)) - raft.netty.dataStream.server.worker-group.size = 0 (default)
2023-04-19 02:34:01,156 [Listener at 127.0.0.1/39891] INFO  netty.NettyConfigKeys$DataStream (ConfUtils.java:logGet(46)) - raft.netty.dataStream.server.tls.conf = null (default)
2023-04-19 02:34:01,156 [Listener at 127.0.0.1/39891] INFO  netty.NettyConfigKeys$DataStream (ConfUtils.java:logGet(46)) - raft.netty.dataStream.host = null (default)
2023-04-19 02:34:01,156 [Listener at 127.0.0.1/39891] INFO  netty.NettyConfigKeys$DataStream (ConfUtils.java:logGet(46)) - raft.netty.dataStream.port = 0 (default)
2023-04-19 02:34:01,157 [Listener at 127.0.0.1/39891] INFO  server.RaftServerConfigKeys (ConfUtils.java:logGet(46)) - raft.server.threadpool.proxy.cached = true (default)
2023-04-19 02:34:01,157 [Listener at 127.0.0.1/39891] INFO  server.RaftServerConfigKeys (ConfUtils.java:logGet(46)) - raft.server.threadpool.proxy.size = 0 (default)
2023-04-19 02:34:01,157 [Listener at 127.0.0.1/39891] INFO  server.RaftServerConfigKeys (ConfUtils.java:logGet(46)) - raft.server.rpc.slowness.timeout = 300s (custom)
2023-04-19 02:34:01,157 [Listener at 127.0.0.1/39891] INFO  server.RaftServerConfigKeys (ConfUtils.java:logGet(46)) - raft.server.leaderelection.leader.step-down.wait-time = 10s (default)
2023-04-19 02:34:01,157 [Listener at 127.0.0.1/39891] INFO  server.RaftServerConfigKeys (ConfUtils.java:logGet(46)) - raft.server.storage.dir = [/home/runner/work/ozone/ozone/hadoop-ozone/integration-test/target/test-dir/MiniOzoneClusterImpl-fac7741a-db88-4542-9ed6-27af914485a4/datanode-0/data/ratis] (custom)
2023-04-19 02:34:01,167 [457148a9-726e-4dee-b9dd-7b4b55ffa2f6-NettyServerStreamRpc-bossGroup--thread1] INFO  logging.LoggingHandler (AbstractInternalLogger.java:log(148)) - [id: 0x247371ba] REGISTERED
2023-04-19 02:34:01,167 [457148a9-726e-4dee-b9dd-7b4b55ffa2f6-NettyServerStreamRpc-bossGroup--thread1] INFO  logging.LoggingHandler (AbstractInternalLogger.java:log(148)) - [id: 0x247371ba] BIND: 0.0.0.0/0.0.0.0:0
2023-04-19 02:34:01,167 [457148a9-726e-4dee-b9dd-7b4b55ffa2f6-NettyServerStreamRpc-bossGroup--thread1] INFO  logging.LoggingHandler (AbstractInternalLogger.java:log(148)) - [id: 0x247371ba, L:/0:0:0:0:0:0:0:0:38275] ACTIVE
2023-04-19 02:34:01,167 [SCMBlockDeletingService#0] DEBUG block.SCMBlockDeletingService (SCMBlockDeletingService.java:shouldRun(251)) - Check scm block delete run: true serviceStatus: RUNNING safemodeExitRunDelayMillis: 3000 alreadyWaitTimeInMillis: 14098
2023-04-19 02:34:01,167 [SCMBlockDeletingService#0] DEBUG block.SCMBlockDeletingService (SCMBlockDeletingService.java:call(154)) - Running DeletedBlockTransactionScanner
2023-04-19 02:34:01,168 [BlockDeletingService#8] INFO  interfaces.ContainerDeletionChoosingPolicyTemplate (ContainerDeletionChoosingPolicyTemplate.java:chooseContainerForBlockDeletion(83)) - Chosen 0/5000 blocks from 0 candidate containers.
2023-04-19 02:34:01,168 [BlockDeletingService#2] INFO  interfaces.ContainerDeletionChoosingPolicyTemplate (ContainerDeletionChoosingPolicyTemplate.java:chooseContainerForBlockDeletion(83)) - Chosen 0/5000 blocks from 0 candidate containers.
2023-04-19 02:34:01,168 [457148a9-726e-4dee-b9dd-7b4b55ffa2f6-impl-thread1] INFO  server.RaftServer (RaftServerProxy.java:initGroupDir(251)) - 457148a9-726e-4dee-b9dd-7b4b55ffa2f6: found a subdirectory /home/runner/work/ozone/ozone/hadoop-ozone/integration-test/target/test-dir/MiniOzoneClusterImpl-fac7741a-db88-4542-9ed6-27af914485a4/datanode-0/data/ratis/6c88f487-c9ba-46ea-aed9-8474c413378f
2023-04-19 02:34:01,168 [457148a9-726e-4dee-b9dd-7b4b55ffa2f6-impl-thread1] INFO  server.RaftServer (RaftServerProxy.java:addNew(96)) - 457148a9-726e-4dee-b9dd-7b4b55ffa2f6: addNew group-8474C413378F:[] returns group-8474C413378F:java.util.concurrent.CompletableFuture@178d93b0[Not completed]
2023-04-19 02:34:01,169 [Listener at 127.0.0.1/39891] INFO  server.XceiverServerGrpc (XceiverServerGrpc.java:<init>(132)) - GrpcServer channel type EpollServerSocketChannel
2023-04-19 02:34:01,172 [pool-480-thread-1] INFO  server.RaftServer$Division (RaftServerImpl.java:<init>(195)) - 457148a9-726e-4dee-b9dd-7b4b55ffa2f6: new RaftServerImpl for group-8474C413378F:[] with ContainerStateMachine:uninitialized
2023-04-19 02:34:01,172 [pool-480-thread-1] INFO  server.RaftServerConfigKeys (ConfUtils.java:logGet(46)) - raft.server.rpc.timeout.min = 5s (custom)
2023-04-19 02:34:01,172 [pool-480-thread-1] INFO  server.RaftServerConfigKeys (ConfUtils.java:logGet(46)) - raft.server.rpc.timeout.max = 5200ms (custom)
2023-04-19 02:34:01,172 [pool-480-thread-1] INFO  server.RaftServerConfigKeys (ConfUtils.java:logGet(46)) - raft.server.rpc.sleep.time = 25ms (default)
2023-04-19 02:34:01,173 [pool-480-thread-1] INFO  server.RaftServerConfigKeys (ConfUtils.java:logGet(46)) - raft.server.rpc.slowness.timeout = 300s (custom)
2023-04-19 02:34:01,173 [pool-480-thread-1] INFO  server.RaftServerConfigKeys (ConfUtils.java:logGet(46)) - raft.server.leaderelection.leader.step-down.wait-time = 10s (default)
2023-04-19 02:34:01,173 [pool-480-thread-1] INFO  server.RaftServerConfigKeys (ConfUtils.java:logGet(46)) - raft.server.sleep.deviation.threshold = 300ms (default)
2023-04-19 02:34:01,173 [pool-480-thread-1] INFO  server.RaftServer$Division (ServerState.java:<init>(118)) - 457148a9-726e-4dee-b9dd-7b4b55ffa2f6@group-8474C413378F: ConfigurationManager, init=-1: peers:[]|listeners:[], old=null, confs=<EMPTY_MAP>
2023-04-19 02:34:01,173 [pool-480-thread-1] INFO  server.RaftServerConfigKeys (ConfUtils.java:logGet(46)) - raft.server.storage.dir = [/home/runner/work/ozone/ozone/hadoop-ozone/integration-test/target/test-dir/MiniOzoneClusterImpl-fac7741a-db88-4542-9ed6-27af914485a4/datanode-0/data/ratis] (custom)
2023-04-19 02:34:01,173 [pool-480-thread-1] INFO  server.RaftServerConfigKeys (ConfUtils.java:logGet(46)) - raft.server.log.corruption.policy = EXCEPTION (default)
2023-04-19 02:34:01,173 [pool-480-thread-1] INFO  server.RaftServerConfigKeys (ConfUtils.java:logGet(46)) - raft.server.storage.free-space.min = 0MB (=0) (default)
2023-04-19 02:34:01,173 [pool-480-thread-1] INFO  server.RaftServerConfigKeys (ConfUtils.java:logGet(46)) - raft.server.notification.no-leader.timeout = 300s (custom)
2023-04-19 02:34:01,173 [pool-480-thread-1] INFO  server.RaftServerConfigKeys (ConfUtils.java:logGet(46)) - raft.server.retrycache.expirytime = 600000ms (custom)
2023-04-19 02:34:01,173 [pool-480-thread-1] INFO  server.RaftServerConfigKeys (ConfUtils.java:logGet(46)) - raft.server.retrycache.statistics.expirytime = 100μs (default)
2023-04-19 02:34:01,174 [Listener at 127.0.0.1/39891] INFO  http.BaseHttpServer (BaseHttpServer.java:newHttpServer2BuilderForOzone(224)) - Starting Web-server for hddsDatanode at: http://0.0.0.0:35673
2023-04-19 02:34:01,175 [Listener at 127.0.0.1/39891] INFO  http.BaseHttpServer (BaseHttpServer.java:<init>(111)) - Hadoop Security Enabled: false Ozone Security Enabled: false Ozone HTTP Security Enabled: false 
2023-04-19 02:34:01,177 [Listener at 127.0.0.1/39891] WARN  server.AuthenticationFilter (AuthenticationFilter.java:constructSecretProvider(240)) - Unable to initialize FileSignerSecretProvider, falling back to use random secrets. Reason: Could not read signature secret file: /home/runner/hadoop-http-auth-signature-secret
2023-04-19 02:34:01,177 [pool-480-thread-1] INFO  server.RaftServerConfigKeys (ConfUtils.java:logGet(46)) - raft.server.log.appender.install.snapshot.enabled = false (custom)
2023-04-19 02:34:01,177 [pool-480-thread-1] INFO  server.RaftServerConfigKeys (ConfUtils.java:logGet(46)) - raft.server.threadpool.server.cached = true (default)
2023-04-19 02:34:01,178 [pool-480-thread-1] INFO  server.RaftServerConfigKeys (ConfUtils.java:logGet(46)) - raft.server.threadpool.server.size = 0 (default)
2023-04-19 02:34:01,178 [pool-480-thread-1] INFO  server.RaftServerConfigKeys (ConfUtils.java:logGet(46)) - raft.server.threadpool.client.cached = true (default)
2023-04-19 02:34:01,178 [pool-480-thread-1] INFO  server.RaftServerConfigKeys (ConfUtils.java:logGet(46)) - raft.server.threadpool.client.size = 0 (default)
2023-04-19 02:34:01,178 [Listener at 127.0.0.1/39891] INFO  http.HttpRequestLog (HttpRequestLog.java:getRequestLog(86)) - Http request log for http.requests.hddsDatanode is not defined
2023-04-19 02:34:01,179 [Listener at 127.0.0.1/39891] INFO  http.HttpServer2 (HttpServer2.java:addGlobalFilter(1031)) - Added global filter 'safety' (class=org.apache.hadoop.hdds.server.http.HttpServer2$QuotingInputFilter)
2023-04-19 02:34:01,180 [Listener at 127.0.0.1/39891] INFO  http.HttpServer2 (HttpServer2.java:addFilter(1007)) - Added filter static_user_filter (class=org.apache.hadoop.http.lib.StaticUserWebFilter$StaticUserFilter) to context hddsDatanode
2023-04-19 02:34:01,180 [Listener at 127.0.0.1/39891] INFO  http.HttpServer2 (HttpServer2.java:addFilter(1015)) - Added filter static_user_filter (class=org.apache.hadoop.http.lib.StaticUserWebFilter$StaticUserFilter) to context static
2023-04-19 02:34:01,181 [Listener at 127.0.0.1/39891] INFO  http.HttpServer2 (HttpServer2.java:addFilter(1015)) - Added filter static_user_filter (class=org.apache.hadoop.http.lib.StaticUserWebFilter$StaticUserFilter) to context logs
2023-04-19 02:34:01,181 [Listener at 127.0.0.1/39891] INFO  http.BaseHttpServer (BaseHttpServer.java:<init>(190)) - HTTP server of hddsDatanode uses base directory /home/runner/work/ozone/ozone/hadoop-ozone/integration-test/target/test-dir/MiniOzoneClusterImpl-fac7741a-db88-4542-9ed6-27af914485a4/datanode-0/meta/webserver
2023-04-19 02:34:01,182 [Listener at 127.0.0.1/39891] INFO  http.HttpServer2 (HttpServer2.java:bindListener(1250)) - Jetty bound to port 35673
2023-04-19 02:34:01,184 [Listener at 127.0.0.1/39891] INFO  server.Server (Server.java:doStart(375)) - jetty-9.4.49.v20220914; built: 2022-09-14T01:07:36.601Z; git: 4231a3b2e4cb8548a412a789936d640a97b1aa0a; jvm 1.8.0_362-b09
2023-04-19 02:34:01,220 [Listener at 127.0.0.1/39891] INFO  server.session (DefaultSessionIdManager.java:doStart(334)) - DefaultSessionIdManager workerName=node0
2023-04-19 02:34:01,220 [Listener at 127.0.0.1/39891] INFO  server.session (DefaultSessionIdManager.java:doStart(339)) - No SessionScavenger set, using defaults
2023-04-19 02:34:01,220 [Listener at 127.0.0.1/39891] INFO  server.session (HouseKeeper.java:startScavenging(132)) - node0 Scavenging every 660000ms
2023-04-19 02:34:01,226 [Listener at 127.0.0.1/39891] INFO  handler.ContextHandler (ContextHandler.java:doStart(921)) - Started o.e.j.s.ServletContextHandler@d7ac2f7{logs,/logs,file:///home/runner/work/ozone/ozone/hadoop-ozone/integration-test/target/log,AVAILABLE}
2023-04-19 02:34:01,227 [Listener at 127.0.0.1/39891] INFO  handler.ContextHandler (ContextHandler.java:doStart(921)) - Started o.e.j.s.ServletContextHandler@46222027{static,/static,jar:file:/home/runner/.m2/repository/org/apache/ozone/hdds-container-service/1.4.0-SNAPSHOT/hdds-container-service-1.4.0-SNAPSHOT.jar!/webapps/static,AVAILABLE}
2023-04-19 02:34:01,267 [SCMBlockDeletingService#0] DEBUG block.SCMBlockDeletingService (SCMBlockDeletingService.java:shouldRun(251)) - Check scm block delete run: true serviceStatus: RUNNING safemodeExitRunDelayMillis: 3000 alreadyWaitTimeInMillis: 14198
2023-04-19 02:34:01,268 [SCMBlockDeletingService#0] DEBUG block.SCMBlockDeletingService (SCMBlockDeletingService.java:call(154)) - Running DeletedBlockTransactionScanner
2023-04-19 02:34:01,268 [BlockDeletingService#8] INFO  interfaces.ContainerDeletionChoosingPolicyTemplate (ContainerDeletionChoosingPolicyTemplate.java:chooseContainerForBlockDeletion(83)) - Chosen 0/5000 blocks from 0 candidate containers.
2023-04-19 02:34:01,268 [BlockDeletingService#2] INFO  interfaces.ContainerDeletionChoosingPolicyTemplate (ContainerDeletionChoosingPolicyTemplate.java:chooseContainerForBlockDeletion(83)) - Chosen 0/5000 blocks from 0 candidate containers.
2023-04-19 02:34:01,367 [SCMBlockDeletingService#0] DEBUG block.SCMBlockDeletingService (SCMBlockDeletingService.java:shouldRun(251)) - Check scm block delete run: true serviceStatus: RUNNING safemodeExitRunDelayMillis: 3000 alreadyWaitTimeInMillis: 14298
2023-04-19 02:34:01,368 [SCMBlockDeletingService#0] DEBUG block.SCMBlockDeletingService (SCMBlockDeletingService.java:call(154)) - Running DeletedBlockTransactionScanner
2023-04-19 02:34:01,368 [BlockDeletingService#8] INFO  interfaces.ContainerDeletionChoosingPolicyTemplate (ContainerDeletionChoosingPolicyTemplate.java:chooseContainerForBlockDeletion(83)) - Chosen 0/5000 blocks from 0 candidate containers.
2023-04-19 02:34:01,368 [BlockDeletingService#2] INFO  interfaces.ContainerDeletionChoosingPolicyTemplate (ContainerDeletionChoosingPolicyTemplate.java:chooseContainerForBlockDeletion(83)) - Chosen 0/5000 blocks from 0 candidate containers.
2023-04-19 02:34:01,442 [Listener at 127.0.0.1/39891] INFO  handler.ContextHandler (ContextHandler.java:doStart(921)) - Started o.e.j.w.WebAppContext@451506cf{hddsDatanode,/,file:///home/runner/work/ozone/ozone/hadoop-ozone/integration-test/target/test-dir/MiniOzoneClusterImpl-fac7741a-db88-4542-9ed6-27af914485a4/datanode-0/meta/webserver/jetty-0_0_0_0-35673-hdds-container-service-1_4_0-SNAPSHOT_jar-_-any-5914923132114810036/webapp/,AVAILABLE}{jar:file:/home/runner/.m2/repository/org/apache/ozone/hdds-container-service/1.4.0-SNAPSHOT/hdds-container-service-1.4.0-SNAPSHOT.jar!/webapps/hddsDatanode}
2023-04-19 02:34:01,445 [Listener at 127.0.0.1/39891] INFO  server.AbstractConnector (AbstractConnector.java:doStart(333)) - Started ServerConnector@3eea2600{HTTP/1.1, (http/1.1)}{0.0.0.0:35673}
2023-04-19 02:34:01,446 [Listener at 127.0.0.1/39891] INFO  server.Server (Server.java:doStart(415)) - Started @117453ms
2023-04-19 02:34:01,446 [Listener at 127.0.0.1/39891] WARN  impl.MetricsSystemImpl (MetricsSystemImpl.java:register(279)) - Sink prometheus already exists!
2023-04-19 02:34:01,446 [Listener at 127.0.0.1/39891] INFO  http.BaseHttpServer (BaseHttpServer.java:updateConnectorAddress(344)) - HTTP server of hddsDatanode listening at http://0.0.0.0:35673
2023-04-19 02:34:01,447 [Listener at 127.0.0.1/39891] INFO  ozone.MiniOzoneClusterImpl (MiniOzoneClusterImpl.java:lambda$waitForClusterToBeReady$0(222)) - Waiting for nodes to be ready. Got 2 of 3 DN Heartbeats.
2023-04-19 02:34:01,448 [Listener at 127.0.0.1/39891] INFO  ozone.MiniOzoneClusterImpl (MiniOzoneClusterImpl.java:lambda$waitForClusterToBeReady$0(225)) - Cluster exits safe mode
2023-04-19 02:34:01,448 [Listener at 127.0.0.1/39891] INFO  ozone.MiniOzoneClusterImpl (MiniOzoneClusterImpl.java:lambda$waitForClusterToBeReady$0(227)) - SCM became leader
2023-04-19 02:34:01,448 [Datanode State Machine Daemon Thread] INFO  statemachine.DatanodeStateMachine (DatanodeStateMachine.java:lambda$startDaemon$0(517)) - Ozone container server started.
2023-04-19 02:34:01,456 [org.apache.hadoop.util.JvmPauseMonitor$Monitor@72bf681e] INFO  util.JvmPauseMonitor (JvmPauseMonitor.java:run(188)) - Starting JVM pause monitor
2023-04-19 02:34:01,459 [Datanode State Machine Task Thread - 0] INFO  datanode.InitDatanodeState (InitDatanodeState.java:persistContainerDatanodeDetails(138)) - DatanodeDetails is persisted to /home/runner/work/ozone/ozone/hadoop-ozone/integration-test/target/test-dir/MiniOzoneClusterImpl-fac7741a-db88-4542-9ed6-27af914485a4/datanode-0/meta/datanode.id
2023-04-19 02:34:01,468 [SCMBlockDeletingService#0] DEBUG block.SCMBlockDeletingService (SCMBlockDeletingService.java:shouldRun(251)) - Check scm block delete run: true serviceStatus: RUNNING safemodeExitRunDelayMillis: 3000 alreadyWaitTimeInMillis: 14399
2023-04-19 02:34:01,468 [SCMBlockDeletingService#0] DEBUG block.SCMBlockDeletingService (SCMBlockDeletingService.java:call(154)) - Running DeletedBlockTransactionScanner
2023-04-19 02:34:01,468 [BlockDeletingService#8] INFO  interfaces.ContainerDeletionChoosingPolicyTemplate (ContainerDeletionChoosingPolicyTemplate.java:chooseContainerForBlockDeletion(83)) - Chosen 0/5000 blocks from 0 candidate containers.
2023-04-19 02:34:01,468 [BlockDeletingService#2] INFO  interfaces.ContainerDeletionChoosingPolicyTemplate (ContainerDeletionChoosingPolicyTemplate.java:chooseContainerForBlockDeletion(83)) - Chosen 0/5000 blocks from 0 candidate containers.
2023-04-19 02:34:01,568 [SCMBlockDeletingService#0] DEBUG block.SCMBlockDeletingService (SCMBlockDeletingService.java:shouldRun(251)) - Check scm block delete run: true serviceStatus: RUNNING safemodeExitRunDelayMillis: 3000 alreadyWaitTimeInMillis: 14499
2023-04-19 02:34:01,568 [SCMBlockDeletingService#0] DEBUG block.SCMBlockDeletingService (SCMBlockDeletingService.java:call(154)) - Running DeletedBlockTransactionScanner
2023-04-19 02:34:01,568 [BlockDeletingService#8] INFO  interfaces.ContainerDeletionChoosingPolicyTemplate (ContainerDeletionChoosingPolicyTemplate.java:chooseContainerForBlockDeletion(83)) - Chosen 0/5000 blocks from 0 candidate containers.
2023-04-19 02:34:01,568 [BlockDeletingService#2] INFO  interfaces.ContainerDeletionChoosingPolicyTemplate (ContainerDeletionChoosingPolicyTemplate.java:chooseContainerForBlockDeletion(83)) - Chosen 0/5000 blocks from 0 candidate containers.
2023-04-19 02:34:01,668 [SCMBlockDeletingService#0] DEBUG block.SCMBlockDeletingService (SCMBlockDeletingService.java:shouldRun(251)) - Check scm block delete run: true serviceStatus: RUNNING safemodeExitRunDelayMillis: 3000 alreadyWaitTimeInMillis: 14599
2023-04-19 02:34:01,668 [SCMBlockDeletingService#0] DEBUG block.SCMBlockDeletingService (SCMBlockDeletingService.java:call(154)) - Running DeletedBlockTransactionScanner
2023-04-19 02:34:01,668 [BlockDeletingService#8] INFO  interfaces.ContainerDeletionChoosingPolicyTemplate (ContainerDeletionChoosingPolicyTemplate.java:chooseContainerForBlockDeletion(83)) - Chosen 0/5000 blocks from 0 candidate containers.
2023-04-19 02:34:01,669 [BlockDeletingService#2] INFO  interfaces.ContainerDeletionChoosingPolicyTemplate (ContainerDeletionChoosingPolicyTemplate.java:chooseContainerForBlockDeletion(83)) - Chosen 0/5000 blocks from 0 candidate containers.
2023-04-19 02:34:01,768 [SCMBlockDeletingService#0] DEBUG block.SCMBlockDeletingService (SCMBlockDeletingService.java:shouldRun(251)) - Check scm block delete run: true serviceStatus: RUNNING safemodeExitRunDelayMillis: 3000 alreadyWaitTimeInMillis: 14699
2023-04-19 02:34:01,768 [SCMBlockDeletingService#0] DEBUG block.SCMBlockDeletingService (SCMBlockDeletingService.java:call(154)) - Running DeletedBlockTransactionScanner
2023-04-19 02:34:01,769 [BlockDeletingService#8] INFO  interfaces.ContainerDeletionChoosingPolicyTemplate (ContainerDeletionChoosingPolicyTemplate.java:chooseContainerForBlockDeletion(83)) - Chosen 0/5000 blocks from 0 candidate containers.
2023-04-19 02:34:01,769 [BlockDeletingService#2] INFO  interfaces.ContainerDeletionChoosingPolicyTemplate (ContainerDeletionChoosingPolicyTemplate.java:chooseContainerForBlockDeletion(83)) - Chosen 0/5000 blocks from 0 candidate containers.
2023-04-19 02:34:01,868 [SCMBlockDeletingService#0] DEBUG block.SCMBlockDeletingService (SCMBlockDeletingService.java:shouldRun(251)) - Check scm block delete run: true serviceStatus: RUNNING safemodeExitRunDelayMillis: 3000 alreadyWaitTimeInMillis: 14799
2023-04-19 02:34:01,868 [SCMBlockDeletingService#0] DEBUG block.SCMBlockDeletingService (SCMBlockDeletingService.java:call(154)) - Running DeletedBlockTransactionScanner
2023-04-19 02:34:01,869 [BlockDeletingService#8] INFO  interfaces.ContainerDeletionChoosingPolicyTemplate (ContainerDeletionChoosingPolicyTemplate.java:chooseContainerForBlockDeletion(83)) - Chosen 0/5000 blocks from 0 candidate containers.
2023-04-19 02:34:01,869 [BlockDeletingService#2] INFO  interfaces.ContainerDeletionChoosingPolicyTemplate (ContainerDeletionChoosingPolicyTemplate.java:chooseContainerForBlockDeletion(83)) - Chosen 0/5000 blocks from 0 candidate containers.
2023-04-19 02:34:01,968 [SCMBlockDeletingService#0] DEBUG block.SCMBlockDeletingService (SCMBlockDeletingService.java:shouldRun(251)) - Check scm block delete run: true serviceStatus: RUNNING safemodeExitRunDelayMillis: 3000 alreadyWaitTimeInMillis: 14899
2023-04-19 02:34:01,968 [SCMBlockDeletingService#0] DEBUG block.SCMBlockDeletingService (SCMBlockDeletingService.java:call(154)) - Running DeletedBlockTransactionScanner
2023-04-19 02:34:01,969 [BlockDeletingService#8] INFO  interfaces.ContainerDeletionChoosingPolicyTemplate (ContainerDeletionChoosingPolicyTemplate.java:chooseContainerForBlockDeletion(83)) - Chosen 0/5000 blocks from 0 candidate containers.
2023-04-19 02:34:01,969 [BlockDeletingService#2] INFO  interfaces.ContainerDeletionChoosingPolicyTemplate (ContainerDeletionChoosingPolicyTemplate.java:chooseContainerForBlockDeletion(83)) - Chosen 0/5000 blocks from 0 candidate containers.
2023-04-19 02:34:02,068 [SCMBlockDeletingService#0] DEBUG block.SCMBlockDeletingService (SCMBlockDeletingService.java:shouldRun(251)) - Check scm block delete run: true serviceStatus: RUNNING safemodeExitRunDelayMillis: 3000 alreadyWaitTimeInMillis: 14999
2023-04-19 02:34:02,068 [SCMBlockDeletingService#0] DEBUG block.SCMBlockDeletingService (SCMBlockDeletingService.java:call(154)) - Running DeletedBlockTransactionScanner
2023-04-19 02:34:02,069 [BlockDeletingService#8] INFO  interfaces.ContainerDeletionChoosingPolicyTemplate (ContainerDeletionChoosingPolicyTemplate.java:chooseContainerForBlockDeletion(83)) - Chosen 0/5000 blocks from 0 candidate containers.
2023-04-19 02:34:02,069 [BlockDeletingService#2] INFO  interfaces.ContainerDeletionChoosingPolicyTemplate (ContainerDeletionChoosingPolicyTemplate.java:chooseContainerForBlockDeletion(83)) - Chosen 0/5000 blocks from 0 candidate containers.
2023-04-19 02:34:02,126 [grpc-default-executor-5] WARN  server.GrpcLogAppender (LogUtils.java:warn(122)) - a2f76bd1-2c73-4f6b-ae37-53a5930131fe@group-8474C413378F->457148a9-726e-4dee-b9dd-7b4b55ffa2f6-AppendLogResponseHandler: Failed appendEntries: org.apache.ratis.thirdparty.io.grpc.StatusRuntimeException: UNAVAILABLE: io exception
2023-04-19 02:34:02,127 [grpc-default-executor-5] WARN  server.GrpcLogAppender (GrpcLogAppender.java:resetClient(131)) - a2f76bd1-2c73-4f6b-ae37-53a5930131fe@group-8474C413378F->457148a9-726e-4dee-b9dd-7b4b55ffa2f6-GrpcLogAppender: Leader has not got in touch with Follower a2f76bd1-2c73-4f6b-ae37-53a5930131fe@group-8474C413378F->457148a9-726e-4dee-b9dd-7b4b55ffa2f6(c0,m0,n1, attendVote=true, lastRpcSendTime=0, lastRpcResponseTime=5007) yet, just keep nextIndex unchanged and retry.
2023-04-19 02:34:02,127 [grpc-default-executor-1] WARN  server.GrpcLogAppender (LogUtils.java:warn(122)) - a2f76bd1-2c73-4f6b-ae37-53a5930131fe@group-8474C413378F->457148a9-726e-4dee-b9dd-7b4b55ffa2f6-AppendLogResponseHandler: Failed appendEntries: org.apache.ratis.thirdparty.io.grpc.StatusRuntimeException: UNAVAILABLE: io exception
2023-04-19 02:34:02,127 [grpc-default-executor-1] WARN  server.GrpcLogAppender (GrpcLogAppender.java:resetClient(131)) - a2f76bd1-2c73-4f6b-ae37-53a5930131fe@group-8474C413378F->457148a9-726e-4dee-b9dd-7b4b55ffa2f6-GrpcLogAppender: Leader has not got in touch with Follower a2f76bd1-2c73-4f6b-ae37-53a5930131fe@group-8474C413378F->457148a9-726e-4dee-b9dd-7b4b55ffa2f6(c0,m0,n1, attendVote=true, lastRpcSendTime=1, lastRpcResponseTime=5007) yet, just keep nextIndex unchanged and retry.
2023-04-19 02:34:02,168 [SCMBlockDeletingService#0] DEBUG block.SCMBlockDeletingService (SCMBlockDeletingService.java:shouldRun(251)) - Check scm block delete run: true serviceStatus: RUNNING safemodeExitRunDelayMillis: 3000 alreadyWaitTimeInMillis: 15099
2023-04-19 02:34:02,168 [SCMBlockDeletingService#0] DEBUG block.SCMBlockDeletingService (SCMBlockDeletingService.java:call(154)) - Running DeletedBlockTransactionScanner
2023-04-19 02:34:02,169 [BlockDeletingService#8] INFO  interfaces.ContainerDeletionChoosingPolicyTemplate (ContainerDeletionChoosingPolicyTemplate.java:chooseContainerForBlockDeletion(83)) - Chosen 0/5000 blocks from 0 candidate containers.
2023-04-19 02:34:02,169 [BlockDeletingService#2] INFO  interfaces.ContainerDeletionChoosingPolicyTemplate (ContainerDeletionChoosingPolicyTemplate.java:chooseContainerForBlockDeletion(83)) - Chosen 0/5000 blocks from 0 candidate containers.
2023-04-19 02:34:02,268 [SCMBlockDeletingService#0] DEBUG block.SCMBlockDeletingService (SCMBlockDeletingService.java:shouldRun(251)) - Check scm block delete run: true serviceStatus: RUNNING safemodeExitRunDelayMillis: 3000 alreadyWaitTimeInMillis: 15199
2023-04-19 02:34:02,268 [SCMBlockDeletingService#0] DEBUG block.SCMBlockDeletingService (SCMBlockDeletingService.java:call(154)) - Running DeletedBlockTransactionScanner
2023-04-19 02:34:02,269 [BlockDeletingService#8] INFO  interfaces.ContainerDeletionChoosingPolicyTemplate (ContainerDeletionChoosingPolicyTemplate.java:chooseContainerForBlockDeletion(83)) - Chosen 0/5000 blocks from 0 candidate containers.
2023-04-19 02:34:02,269 [BlockDeletingService#2] INFO  interfaces.ContainerDeletionChoosingPolicyTemplate (ContainerDeletionChoosingPolicyTemplate.java:chooseContainerForBlockDeletion(83)) - Chosen 0/5000 blocks from 0 candidate containers.
2023-04-19 02:34:02,368 [SCMBlockDeletingService#0] DEBUG block.SCMBlockDeletingService (SCMBlockDeletingService.java:shouldRun(251)) - Check scm block delete run: true serviceStatus: RUNNING safemodeExitRunDelayMillis: 3000 alreadyWaitTimeInMillis: 15299
2023-04-19 02:34:02,368 [SCMBlockDeletingService#0] DEBUG block.SCMBlockDeletingService (SCMBlockDeletingService.java:call(154)) - Running DeletedBlockTransactionScanner
2023-04-19 02:34:02,370 [BlockDeletingService#8] INFO  interfaces.ContainerDeletionChoosingPolicyTemplate (ContainerDeletionChoosingPolicyTemplate.java:chooseContainerForBlockDeletion(83)) - Chosen 0/5000 blocks from 0 candidate containers.
2023-04-19 02:34:02,370 [BlockDeletingService#2] INFO  interfaces.ContainerDeletionChoosingPolicyTemplate (ContainerDeletionChoosingPolicyTemplate.java:chooseContainerForBlockDeletion(83)) - Chosen 0/5000 blocks from 0 candidate containers.
2023-04-19 02:34:02,448 [Listener at 127.0.0.1/39891] INFO  ozone.MiniOzoneClusterImpl (MiniOzoneClusterImpl.java:lambda$waitForClusterToBeReady$0(222)) - Waiting for nodes to be ready. Got 2 of 3 DN Heartbeats.
2023-04-19 02:34:02,448 [Listener at 127.0.0.1/39891] INFO  ozone.MiniOzoneClusterImpl (MiniOzoneClusterImpl.java:lambda$waitForClusterToBeReady$0(225)) - Cluster exits safe mode
2023-04-19 02:34:02,448 [Listener at 127.0.0.1/39891] INFO  ozone.MiniOzoneClusterImpl (MiniOzoneClusterImpl.java:lambda$waitForClusterToBeReady$0(227)) - SCM became leader
2023-04-19 02:34:02,468 [SCMBlockDeletingService#0] DEBUG block.SCMBlockDeletingService (SCMBlockDeletingService.java:shouldRun(251)) - Check scm block delete run: true serviceStatus: RUNNING safemodeExitRunDelayMillis: 3000 alreadyWaitTimeInMillis: 15399
2023-04-19 02:34:02,468 [SCMBlockDeletingService#0] DEBUG block.SCMBlockDeletingService (SCMBlockDeletingService.java:call(154)) - Running DeletedBlockTransactionScanner
2023-04-19 02:34:02,470 [BlockDeletingService#8] INFO  interfaces.ContainerDeletionChoosingPolicyTemplate (ContainerDeletionChoosingPolicyTemplate.java:chooseContainerForBlockDeletion(83)) - Chosen 0/5000 blocks from 0 candidate containers.
2023-04-19 02:34:02,470 [BlockDeletingService#2] INFO  interfaces.ContainerDeletionChoosingPolicyTemplate (ContainerDeletionChoosingPolicyTemplate.java:chooseContainerForBlockDeletion(83)) - Chosen 0/5000 blocks from 0 candidate containers.
2023-04-19 02:34:02,568 [SCMBlockDeletingService#0] DEBUG block.SCMBlockDeletingService (SCMBlockDeletingService.java:shouldRun(251)) - Check scm block delete run: true serviceStatus: RUNNING safemodeExitRunDelayMillis: 3000 alreadyWaitTimeInMillis: 15499
2023-04-19 02:34:02,568 [SCMBlockDeletingService#0] DEBUG block.SCMBlockDeletingService (SCMBlockDeletingService.java:call(154)) - Running DeletedBlockTransactionScanner
2023-04-19 02:34:02,570 [BlockDeletingService#8] INFO  interfaces.ContainerDeletionChoosingPolicyTemplate (ContainerDeletionChoosingPolicyTemplate.java:chooseContainerForBlockDeletion(83)) - Chosen 0/5000 blocks from 0 candidate containers.
2023-04-19 02:34:02,570 [BlockDeletingService#2] INFO  interfaces.ContainerDeletionChoosingPolicyTemplate (ContainerDeletionChoosingPolicyTemplate.java:chooseContainerForBlockDeletion(83)) - Chosen 0/5000 blocks from 0 candidate containers.
2023-04-19 02:34:02,668 [SCMBlockDeletingService#0] DEBUG block.SCMBlockDeletingService (SCMBlockDeletingService.java:shouldRun(251)) - Check scm block delete run: true serviceStatus: RUNNING safemodeExitRunDelayMillis: 3000 alreadyWaitTimeInMillis: 15599
2023-04-19 02:34:02,668 [SCMBlockDeletingService#0] DEBUG block.SCMBlockDeletingService (SCMBlockDeletingService.java:call(154)) - Running DeletedBlockTransactionScanner
2023-04-19 02:34:02,670 [BlockDeletingService#8] INFO  interfaces.ContainerDeletionChoosingPolicyTemplate (ContainerDeletionChoosingPolicyTemplate.java:chooseContainerForBlockDeletion(83)) - Chosen 0/5000 blocks from 0 candidate containers.
2023-04-19 02:34:02,670 [BlockDeletingService#2] INFO  interfaces.ContainerDeletionChoosingPolicyTemplate (ContainerDeletionChoosingPolicyTemplate.java:chooseContainerForBlockDeletion(83)) - Chosen 0/5000 blocks from 0 candidate containers.
2023-04-19 02:34:02,768 [SCMBlockDeletingService#0] DEBUG block.SCMBlockDeletingService (SCMBlockDeletingService.java:shouldRun(251)) - Check scm block delete run: true serviceStatus: RUNNING safemodeExitRunDelayMillis: 3000 alreadyWaitTimeInMillis: 15699
2023-04-19 02:34:02,769 [SCMBlockDeletingService#0] DEBUG block.SCMBlockDeletingService (SCMBlockDeletingService.java:call(154)) - Running DeletedBlockTransactionScanner
2023-04-19 02:34:02,770 [BlockDeletingService#8] INFO  interfaces.ContainerDeletionChoosingPolicyTemplate (ContainerDeletionChoosingPolicyTemplate.java:chooseContainerForBlockDeletion(83)) - Chosen 0/5000 blocks from 0 candidate containers.
2023-04-19 02:34:02,770 [BlockDeletingService#2] INFO  interfaces.ContainerDeletionChoosingPolicyTemplate (ContainerDeletionChoosingPolicyTemplate.java:chooseContainerForBlockDeletion(83)) - Chosen 0/5000 blocks from 0 candidate containers.
2023-04-19 02:34:02,868 [SCMBlockDeletingService#0] DEBUG block.SCMBlockDeletingService (SCMBlockDeletingService.java:shouldRun(251)) - Check scm block delete run: true serviceStatus: RUNNING safemodeExitRunDelayMillis: 3000 alreadyWaitTimeInMillis: 15799
2023-04-19 02:34:02,869 [SCMBlockDeletingService#0] DEBUG block.SCMBlockDeletingService (SCMBlockDeletingService.java:call(154)) - Running DeletedBlockTransactionScanner
2023-04-19 02:34:02,870 [BlockDeletingService#8] INFO  interfaces.ContainerDeletionChoosingPolicyTemplate (ContainerDeletionChoosingPolicyTemplate.java:chooseContainerForBlockDeletion(83)) - Chosen 0/5000 blocks from 0 candidate containers.
2023-04-19 02:34:02,870 [BlockDeletingService#2] INFO  interfaces.ContainerDeletionChoosingPolicyTemplate (ContainerDeletionChoosingPolicyTemplate.java:chooseContainerForBlockDeletion(83)) - Chosen 0/5000 blocks from 0 candidate containers.
2023-04-19 02:34:02,969 [SCMBlockDeletingService#0] DEBUG block.SCMBlockDeletingService (SCMBlockDeletingService.java:shouldRun(251)) - Check scm block delete run: true serviceStatus: RUNNING safemodeExitRunDelayMillis: 3000 alreadyWaitTimeInMillis: 15900
2023-04-19 02:34:02,969 [SCMBlockDeletingService#0] DEBUG block.SCMBlockDeletingService (SCMBlockDeletingService.java:call(154)) - Running DeletedBlockTransactionScanner
2023-04-19 02:34:02,970 [BlockDeletingService#8] INFO  interfaces.ContainerDeletionChoosingPolicyTemplate (ContainerDeletionChoosingPolicyTemplate.java:chooseContainerForBlockDeletion(83)) - Chosen 0/5000 blocks from 0 candidate containers.
2023-04-19 02:34:02,971 [BlockDeletingService#2] INFO  interfaces.ContainerDeletionChoosingPolicyTemplate (ContainerDeletionChoosingPolicyTemplate.java:chooseContainerForBlockDeletion(83)) - Chosen 0/5000 blocks from 0 candidate containers.
2023-04-19 02:34:03,069 [SCMBlockDeletingService#0] DEBUG block.SCMBlockDeletingService (SCMBlockDeletingService.java:shouldRun(251)) - Check scm block delete run: true serviceStatus: RUNNING safemodeExitRunDelayMillis: 3000 alreadyWaitTimeInMillis: 16000
2023-04-19 02:34:03,069 [SCMBlockDeletingService#0] DEBUG block.SCMBlockDeletingService (SCMBlockDeletingService.java:call(154)) - Running DeletedBlockTransactionScanner
2023-04-19 02:34:03,071 [BlockDeletingService#8] INFO  interfaces.ContainerDeletionChoosingPolicyTemplate (ContainerDeletionChoosingPolicyTemplate.java:chooseContainerForBlockDeletion(83)) - Chosen 0/5000 blocks from 0 candidate containers.
2023-04-19 02:34:03,071 [BlockDeletingService#2] INFO  interfaces.ContainerDeletionChoosingPolicyTemplate (ContainerDeletionChoosingPolicyTemplate.java:chooseContainerForBlockDeletion(83)) - Chosen 0/5000 blocks from 0 candidate containers.
2023-04-19 02:34:03,169 [SCMBlockDeletingService#0] DEBUG block.SCMBlockDeletingService (SCMBlockDeletingService.java:shouldRun(251)) - Check scm block delete run: true serviceStatus: RUNNING safemodeExitRunDelayMillis: 3000 alreadyWaitTimeInMillis: 16100
2023-04-19 02:34:03,169 [SCMBlockDeletingService#0] DEBUG block.SCMBlockDeletingService (SCMBlockDeletingService.java:call(154)) - Running DeletedBlockTransactionScanner
2023-04-19 02:34:03,171 [BlockDeletingService#8] INFO  interfaces.ContainerDeletionChoosingPolicyTemplate (ContainerDeletionChoosingPolicyTemplate.java:chooseContainerForBlockDeletion(83)) - Chosen 0/5000 blocks from 0 candidate containers.
2023-04-19 02:34:03,171 [BlockDeletingService#2] INFO  interfaces.ContainerDeletionChoosingPolicyTemplate (ContainerDeletionChoosingPolicyTemplate.java:chooseContainerForBlockDeletion(83)) - Chosen 0/5000 blocks from 0 candidate containers.
2023-04-19 02:34:03,269 [SCMBlockDeletingService#0] DEBUG block.SCMBlockDeletingService (SCMBlockDeletingService.java:shouldRun(251)) - Check scm block delete run: true serviceStatus: RUNNING safemodeExitRunDelayMillis: 3000 alreadyWaitTimeInMillis: 16200
2023-04-19 02:34:03,269 [SCMBlockDeletingService#0] DEBUG block.SCMBlockDeletingService (SCMBlockDeletingService.java:call(154)) - Running DeletedBlockTransactionScanner
2023-04-19 02:34:03,271 [BlockDeletingService#8] INFO  interfaces.ContainerDeletionChoosingPolicyTemplate (ContainerDeletionChoosingPolicyTemplate.java:chooseContainerForBlockDeletion(83)) - Chosen 0/5000 blocks from 0 candidate containers.
2023-04-19 02:34:03,271 [BlockDeletingService#2] INFO  interfaces.ContainerDeletionChoosingPolicyTemplate (ContainerDeletionChoosingPolicyTemplate.java:chooseContainerForBlockDeletion(83)) - Chosen 0/5000 blocks from 0 candidate containers.
2023-04-19 02:34:03,369 [SCMBlockDeletingService#0] DEBUG block.SCMBlockDeletingService (SCMBlockDeletingService.java:shouldRun(251)) - Check scm block delete run: true serviceStatus: RUNNING safemodeExitRunDelayMillis: 3000 alreadyWaitTimeInMillis: 16300
2023-04-19 02:34:03,369 [SCMBlockDeletingService#0] DEBUG block.SCMBlockDeletingService (SCMBlockDeletingService.java:call(154)) - Running DeletedBlockTransactionScanner
2023-04-19 02:34:03,371 [BlockDeletingService#2] INFO  interfaces.ContainerDeletionChoosingPolicyTemplate (ContainerDeletionChoosingPolicyTemplate.java:chooseContainerForBlockDeletion(83)) - Chosen 0/5000 blocks from 0 candidate containers.
2023-04-19 02:34:03,371 [BlockDeletingService#8] INFO  interfaces.ContainerDeletionChoosingPolicyTemplate (ContainerDeletionChoosingPolicyTemplate.java:chooseContainerForBlockDeletion(83)) - Chosen 0/5000 blocks from 0 candidate containers.
2023-04-19 02:34:03,376 [grpc-default-executor-1] WARN  server.GrpcLogAppender (LogUtils.java:warn(122)) - a2f76bd1-2c73-4f6b-ae37-53a5930131fe@group-8474C413378F->457148a9-726e-4dee-b9dd-7b4b55ffa2f6-AppendLogResponseHandler: Failed appendEntries: org.apache.ratis.thirdparty.io.grpc.StatusRuntimeException: UNAVAILABLE: io exception
2023-04-19 02:34:03,376 [grpc-default-executor-5] WARN  server.GrpcLogAppender (LogUtils.java:warn(122)) - a2f76bd1-2c73-4f6b-ae37-53a5930131fe@group-8474C413378F->457148a9-726e-4dee-b9dd-7b4b55ffa2f6-AppendLogResponseHandler: Failed appendEntries: org.apache.ratis.thirdparty.io.grpc.StatusRuntimeException: UNAVAILABLE: io exception
2023-04-19 02:34:03,377 [grpc-default-executor-1] WARN  server.GrpcLogAppender (GrpcLogAppender.java:resetClient(131)) - a2f76bd1-2c73-4f6b-ae37-53a5930131fe@group-8474C413378F->457148a9-726e-4dee-b9dd-7b4b55ffa2f6-GrpcLogAppender: Leader has not got in touch with Follower a2f76bd1-2c73-4f6b-ae37-53a5930131fe@group-8474C413378F->457148a9-726e-4dee-b9dd-7b4b55ffa2f6(c0,m0,n1, attendVote=true, lastRpcSendTime=0, lastRpcResponseTime=6258) yet, just keep nextIndex unchanged and retry.
2023-04-19 02:34:03,377 [grpc-default-executor-5] WARN  server.GrpcLogAppender (GrpcLogAppender.java:resetClient(131)) - a2f76bd1-2c73-4f6b-ae37-53a5930131fe@group-8474C413378F->457148a9-726e-4dee-b9dd-7b4b55ffa2f6-GrpcLogAppender: Leader has not got in touch with Follower a2f76bd1-2c73-4f6b-ae37-53a5930131fe@group-8474C413378F->457148a9-726e-4dee-b9dd-7b4b55ffa2f6(c0,m0,n1, attendVote=true, lastRpcSendTime=0, lastRpcResponseTime=6258) yet, just keep nextIndex unchanged and retry.
2023-04-19 02:34:03,449 [Listener at 127.0.0.1/39891] INFO  ozone.MiniOzoneClusterImpl (MiniOzoneClusterImpl.java:lambda$waitForClusterToBeReady$0(222)) - Waiting for nodes to be ready. Got 2 of 3 DN Heartbeats.
2023-04-19 02:34:03,449 [Listener at 127.0.0.1/39891] INFO  ozone.MiniOzoneClusterImpl (MiniOzoneClusterImpl.java:lambda$waitForClusterToBeReady$0(225)) - Cluster exits safe mode
2023-04-19 02:34:03,449 [Listener at 127.0.0.1/39891] INFO  ozone.MiniOzoneClusterImpl (MiniOzoneClusterImpl.java:lambda$waitForClusterToBeReady$0(227)) - SCM became leader
2023-04-19 02:34:03,457 [EndpointStateMachine task thread for /0.0.0.0:42103 - 0 ] INFO  ozoneimpl.OzoneContainer (OzoneContainer.java:start(397)) - Attempting to start container services.
2023-04-19 02:34:03,458 [EndpointStateMachine task thread for /0.0.0.0:42103 - 0 ] INFO  ozoneimpl.OzoneContainer (OzoneContainer.java:startContainerScrub(314)) - Scheduled background container scanners and the on-demand container scanner have been disabled.
2023-04-19 02:34:03,464 [EndpointStateMachine task thread for /0.0.0.0:42103 - 0 ] INFO  replication.ReplicationServer (ReplicationServer.java:start(109)) - ReplicationServer is started using port 38345
2023-04-19 02:34:03,464 [EndpointStateMachine task thread for /0.0.0.0:42103 - 0 ] INFO  ratis.XceiverServerRatis (XceiverServerRatis.java:start(517)) - Starting XceiverServerRatis 457148a9-726e-4dee-b9dd-7b4b55ffa2f6
2023-04-19 02:34:03,469 [SCMBlockDeletingService#0] DEBUG block.SCMBlockDeletingService (SCMBlockDeletingService.java:shouldRun(251)) - Check scm block delete run: true serviceStatus: RUNNING safemodeExitRunDelayMillis: 3000 alreadyWaitTimeInMillis: 16400
2023-04-19 02:34:03,469 [SCMBlockDeletingService#0] DEBUG block.SCMBlockDeletingService (SCMBlockDeletingService.java:call(154)) - Running DeletedBlockTransactionScanner
2023-04-19 02:34:03,470 [457148a9-726e-4dee-b9dd-7b4b55ffa2f6-impl-thread1] INFO  storage.RaftStorageDirectory (RaftStorageDirectoryImpl.java:tryLock(231)) - Lock on /home/runner/work/ozone/ozone/hadoop-ozone/integration-test/target/test-dir/MiniOzoneClusterImpl-fac7741a-db88-4542-9ed6-27af914485a4/datanode-0/data/ratis/6c88f487-c9ba-46ea-aed9-8474c413378f/in_use.lock acquired by nodename 42788@fv-az127-56
2023-04-19 02:34:03,471 [457148a9-726e-4dee-b9dd-7b4b55ffa2f6-impl-thread1] INFO  storage.RaftStorage (RaftStorageImpl.java:analyzeAndRecoverStorage(117)) - Read RaftStorageMetadata{term=1, votedFor=a2f76bd1-2c73-4f6b-ae37-53a5930131fe} from /home/runner/work/ozone/ozone/hadoop-ozone/integration-test/target/test-dir/MiniOzoneClusterImpl-fac7741a-db88-4542-9ed6-27af914485a4/datanode-0/data/ratis/6c88f487-c9ba-46ea-aed9-8474c413378f/current/raft-meta
2023-04-19 02:34:03,471 [BlockDeletingService#2] INFO  interfaces.ContainerDeletionChoosingPolicyTemplate (ContainerDeletionChoosingPolicyTemplate.java:chooseContainerForBlockDeletion(83)) - Chosen 0/5000 blocks from 0 candidate containers.
2023-04-19 02:34:03,471 [BlockDeletingService#8] INFO  interfaces.ContainerDeletionChoosingPolicyTemplate (ContainerDeletionChoosingPolicyTemplate.java:chooseContainerForBlockDeletion(83)) - Chosen 0/5000 blocks from 0 candidate containers.
2023-04-19 02:34:03,473 [457148a9-726e-4dee-b9dd-7b4b55ffa2f6-impl-thread1] INFO  server.RaftServer$Division (ServerState.java:setRaftConf(430)) - 457148a9-726e-4dee-b9dd-7b4b55ffa2f6@group-8474C413378F: set configuration 0: peers:[a2f76bd1-2c73-4f6b-ae37-53a5930131fe|rpc:10.1.164.0:34109|dataStream:10.1.164.0:36907|priority:1|startupRole:FOLLOWER, 2fc7e044-034b-4d4d-85e4-65e0422d519b|rpc:10.1.164.0:42467|dataStream:10.1.164.0:34951|priority:0|startupRole:FOLLOWER, 457148a9-726e-4dee-b9dd-7b4b55ffa2f6|rpc:10.1.164.0:41073|dataStream:10.1.164.0:34975|priority:0|startupRole:FOLLOWER]|listeners:[], old=null
2023-04-19 02:34:03,476 [457148a9-726e-4dee-b9dd-7b4b55ffa2f6-impl-thread1] INFO  ratis.ContainerStateMachine (ContainerStateMachine.java:loadSnapshot(271)) - group-8474C413378F: Setting the last applied index to (t:1, i:0)
2023-04-19 02:34:03,477 [457148a9-726e-4dee-b9dd-7b4b55ffa2f6-impl-thread1] INFO  server.RaftServerConfigKeys (ConfUtils.java:logGet(46)) - raft.server.log.use.memory = false (default)
2023-04-19 02:34:03,477 [457148a9-726e-4dee-b9dd-7b4b55ffa2f6-impl-thread1] INFO  server.RaftServerConfigKeys (ConfUtils.java:logGet(46)) - raft.server.log.purge.gap = 1000000 (custom)
2023-04-19 02:34:03,477 [457148a9-726e-4dee-b9dd-7b4b55ffa2f6-impl-thread1] INFO  server.RaftServerConfigKeys (ConfUtils.java:logGet(46)) - raft.server.log.appender.buffer.byte-limit = 33554432 (custom)
2023-04-19 02:34:03,477 [457148a9-726e-4dee-b9dd-7b4b55ffa2f6-impl-thread1] INFO  server.RaftServerConfigKeys (ConfUtils.java:logGet(46)) - raft.server.log.statemachine.data.read.timeout = 1000ms (default)
2023-04-19 02:34:03,477 [457148a9-726e-4dee-b9dd-7b4b55ffa2f6-impl-thread1] INFO  server.RaftServerConfigKeys (ConfUtils.java:logGet(46)) - raft.server.log.purge.preservation.log.num = 0 (default)
2023-04-19 02:34:03,482 [457148a9-726e-4dee-b9dd-7b4b55ffa2f6-impl-thread1] INFO  server.RaftServerConfigKeys (ConfUtils.java:logGet(46)) - raft.server.log.segment.size.max = 1048576 (custom)
2023-04-19 02:34:03,482 [457148a9-726e-4dee-b9dd-7b4b55ffa2f6-impl-thread1] INFO  server.RaftServerConfigKeys (ConfUtils.java:logGet(46)) - raft.server.log.segment.cache.num.max = 2 (custom)
2023-04-19 02:34:03,482 [457148a9-726e-4dee-b9dd-7b4b55ffa2f6-impl-thread1] INFO  server.RaftServerConfigKeys (ConfUtils.java:logGet(46)) - raft.server.log.segment.cache.size.max = 200MB (=209715200) (default)
2023-04-19 02:34:03,482 [457148a9-726e-4dee-b9dd-7b4b55ffa2f6-impl-thread1] INFO  segmented.SegmentedRaftLogWorker (SegmentedRaftLogWorker.java:<init>(189)) - new 457148a9-726e-4dee-b9dd-7b4b55ffa2f6@group-8474C413378F-SegmentedRaftLogWorker for RaftStorageImpl:Storage Directory /home/runner/work/ozone/ozone/hadoop-ozone/integration-test/target/test-dir/MiniOzoneClusterImpl-fac7741a-db88-4542-9ed6-27af914485a4/datanode-0/data/ratis/6c88f487-c9ba-46ea-aed9-8474c413378f
2023-04-19 02:34:03,482 [457148a9-726e-4dee-b9dd-7b4b55ffa2f6-impl-thread1] INFO  server.RaftServerConfigKeys (ConfUtils.java:logGet(46)) - raft.server.log.queue.byte-limit = 4294967296 (custom)
2023-04-19 02:34:03,482 [457148a9-726e-4dee-b9dd-7b4b55ffa2f6-impl-thread1] INFO  server.RaftServerConfigKeys (ConfUtils.java:logGet(46)) - raft.server.log.queue.element-limit = 1024 (custom)
2023-04-19 02:34:03,482 [457148a9-726e-4dee-b9dd-7b4b55ffa2f6-impl-thread1] INFO  server.RaftServerConfigKeys (ConfUtils.java:logGet(46)) - raft.server.log.segment.size.max = 1048576 (custom)
2023-04-19 02:34:03,484 [457148a9-726e-4dee-b9dd-7b4b55ffa2f6-impl-thread1] INFO  server.RaftServerConfigKeys (ConfUtils.java:logGet(46)) - raft.server.log.preallocated.size = 16384 (custom)
2023-04-19 02:34:03,484 [457148a9-726e-4dee-b9dd-7b4b55ffa2f6-impl-thread1] INFO  server.RaftServerConfigKeys (ConfUtils.java:logGet(46)) - raft.server.log.force.sync.num = 128 (default)
2023-04-19 02:34:03,484 [457148a9-726e-4dee-b9dd-7b4b55ffa2f6-impl-thread1] INFO  server.RaftServerConfigKeys (ConfUtils.java:logGet(46)) - raft.server.log.statemachine.data.sync = true (default)
2023-04-19 02:34:03,484 [457148a9-726e-4dee-b9dd-7b4b55ffa2f6-impl-thread1] INFO  server.RaftServerConfigKeys (ConfUtils.java:logGet(46)) - raft.server.log.statemachine.data.sync.timeout = 10s (default)
2023-04-19 02:34:03,484 [457148a9-726e-4dee-b9dd-7b4b55ffa2f6-impl-thread1] INFO  server.RaftServerConfigKeys (ConfUtils.java:logGet(46)) - raft.server.log.statemachine.data.sync.timeout.retry = -1 (default)
2023-04-19 02:34:03,492 [457148a9-726e-4dee-b9dd-7b4b55ffa2f6-impl-thread1] INFO  server.RaftServerConfigKeys (ConfUtils.java:logGet(46)) - raft.server.log.write.buffer.size = 1048576 (custom)
2023-04-19 02:34:03,492 [457148a9-726e-4dee-b9dd-7b4b55ffa2f6-impl-thread1] INFO  server.RaftServerConfigKeys (ConfUtils.java:logGet(46)) - raft.server.log.appender.buffer.byte-limit = 33554432 (custom)
2023-04-19 02:34:03,502 [457148a9-726e-4dee-b9dd-7b4b55ffa2f6-impl-thread1] INFO  server.RaftServerConfigKeys (ConfUtils.java:logGet(46)) - raft.server.log.unsafe-flush.enabled = false (default)
2023-04-19 02:34:03,502 [457148a9-726e-4dee-b9dd-7b4b55ffa2f6-impl-thread1] INFO  server.RaftServerConfigKeys (ConfUtils.java:logGet(46)) - raft.server.log.async-flush.enabled = false (default)
2023-04-19 02:34:03,502 [457148a9-726e-4dee-b9dd-7b4b55ffa2f6-impl-thread1] INFO  server.RaftServerConfigKeys (ConfUtils.java:logGet(46)) - raft.server.log.statemachine.data.caching.enabled = true (custom)
2023-04-19 02:34:03,509 [457148a9-726e-4dee-b9dd-7b4b55ffa2f6-impl-thread1] INFO  server.RaftServer$Division (ServerState.java:setRaftConf(430)) - 457148a9-726e-4dee-b9dd-7b4b55ffa2f6@group-8474C413378F: set configuration 0: peers:[a2f76bd1-2c73-4f6b-ae37-53a5930131fe|rpc:10.1.164.0:34109|dataStream:10.1.164.0:36907|priority:1|startupRole:FOLLOWER, 2fc7e044-034b-4d4d-85e4-65e0422d519b|rpc:10.1.164.0:42467|dataStream:10.1.164.0:34951|priority:0|startupRole:FOLLOWER, 457148a9-726e-4dee-b9dd-7b4b55ffa2f6|rpc:10.1.164.0:41073|dataStream:10.1.164.0:34975|priority:0|startupRole:FOLLOWER]|listeners:[], old=null
2023-04-19 02:34:03,509 [457148a9-726e-4dee-b9dd-7b4b55ffa2f6-impl-thread1] INFO  segmented.LogSegment (LogSegment.java:loadSegment(173)) - Successfully read 1 entries from segment file /home/runner/work/ozone/ozone/hadoop-ozone/integration-test/target/test-dir/MiniOzoneClusterImpl-fac7741a-db88-4542-9ed6-27af914485a4/datanode-0/data/ratis/6c88f487-c9ba-46ea-aed9-8474c413378f/current/log_inprogress_0
2023-04-19 02:34:03,509 [457148a9-726e-4dee-b9dd-7b4b55ffa2f6-impl-thread1] INFO  segmented.SegmentedRaftLogWorker (SegmentedRaftLogWorker.java:lambda$new$0(135)) - 457148a9-726e-4dee-b9dd-7b4b55ffa2f6@group-8474C413378F-SegmentedRaftLogWorker: flushIndex: setUnconditionally 0 -> 0
2023-04-19 02:34:03,509 [457148a9-726e-4dee-b9dd-7b4b55ffa2f6-impl-thread1] INFO  segmented.SegmentedRaftLogWorker (SegmentedRaftLogWorker.java:lambda$new$0(135)) - 457148a9-726e-4dee-b9dd-7b4b55ffa2f6@group-8474C413378F-SegmentedRaftLogWorker: safeCacheEvictIndex: setUnconditionally 0 -> -1
2023-04-19 02:34:03,510 [457148a9-726e-4dee-b9dd-7b4b55ffa2f6-impl-thread1] INFO  server.RaftServer$Division (RaftServerImpl.java:start(334)) - 457148a9-726e-4dee-b9dd-7b4b55ffa2f6@group-8474C413378F: start as a follower, conf=0: peers:[a2f76bd1-2c73-4f6b-ae37-53a5930131fe|rpc:10.1.164.0:34109|dataStream:10.1.164.0:36907|priority:1|startupRole:FOLLOWER, 2fc7e044-034b-4d4d-85e4-65e0422d519b|rpc:10.1.164.0:42467|dataStream:10.1.164.0:34951|priority:0|startupRole:FOLLOWER, 457148a9-726e-4dee-b9dd-7b4b55ffa2f6|rpc:10.1.164.0:41073|dataStream:10.1.164.0:34975|priority:0|startupRole:FOLLOWER]|listeners:[], old=null
2023-04-19 02:34:03,510 [457148a9-726e-4dee-b9dd-7b4b55ffa2f6-impl-thread1] INFO  server.RaftServer$Division (RaftServerImpl.java:setRole(321)) - 457148a9-726e-4dee-b9dd-7b4b55ffa2f6@group-8474C413378F: changes role from      null to FOLLOWER at term 1 for startAsFollower
2023-04-19 02:34:03,510 [457148a9-726e-4dee-b9dd-7b4b55ffa2f6-impl-thread1] INFO  impl.RoleInfo (RoleInfo.java:updateAndGet(139)) - 457148a9-726e-4dee-b9dd-7b4b55ffa2f6: start 457148a9-726e-4dee-b9dd-7b4b55ffa2f6@group-8474C413378F-FollowerState
2023-04-19 02:34:03,512 [457148a9-726e-4dee-b9dd-7b4b55ffa2f6-impl-thread1] INFO  util.JmxRegister (JmxRegister.java:tryRegister(44)) - Successfully registered JMX Bean with object name Ratis:service=RaftServer,group=group-8474C413378F,id=457148a9-726e-4dee-b9dd-7b4b55ffa2f6
2023-04-19 02:34:03,512 [457148a9-726e-4dee-b9dd-7b4b55ffa2f6-impl-thread1] INFO  server.RaftServerConfigKeys (ConfUtils.java:logGet(46)) - raft.server.snapshot.auto.trigger.enabled = true (custom)
2023-04-19 02:34:03,512 [457148a9-726e-4dee-b9dd-7b4b55ffa2f6-impl-thread1] INFO  server.RaftServerConfigKeys (ConfUtils.java:logGet(46)) - raft.server.snapshot.auto.trigger.threshold = 10000 (custom)
2023-04-19 02:34:03,512 [457148a9-726e-4dee-b9dd-7b4b55ffa2f6-impl-thread1] INFO  server.RaftServerConfigKeys (ConfUtils.java:logGet(46)) - raft.server.snapshot.retention.file.num = 5 (custom)
2023-04-19 02:34:03,512 [457148a9-726e-4dee-b9dd-7b4b55ffa2f6-impl-thread1] INFO  server.RaftServerConfigKeys (ConfUtils.java:logGet(46)) - raft.server.log.purge.upto.snapshot.index = false (default)
2023-04-19 02:34:03,515 [457148a9-726e-4dee-b9dd-7b4b55ffa2f6@group-8474C413378F-FollowerState] INFO  server.RaftServerConfigKeys (ConfUtils.java:logFallback(53)) - raft.server.rpc.first-election.timeout.min = 5s (fallback to raft.server.rpc.timeout.min)
2023-04-19 02:34:03,515 [457148a9-726e-4dee-b9dd-7b4b55ffa2f6@group-8474C413378F-FollowerState] INFO  server.RaftServerConfigKeys (ConfUtils.java:logFallback(53)) - raft.server.rpc.first-election.timeout.max = 5200ms (fallback to raft.server.rpc.timeout.max)
2023-04-19 02:34:03,516 [EndpointStateMachine task thread for /0.0.0.0:42103 - 0 ] INFO  server.RaftServer (RaftServerProxy.java:startImpl(393)) - 457148a9-726e-4dee-b9dd-7b4b55ffa2f6: start RPC server
2023-04-19 02:34:03,519 [EndpointStateMachine task thread for /0.0.0.0:42103 - 0 ] INFO  server.GrpcService (GrpcService.java:startImpl(262)) - 457148a9-726e-4dee-b9dd-7b4b55ffa2f6: GrpcService started, listening on 41073
2023-04-19 02:34:03,519 [EndpointStateMachine task thread for /0.0.0.0:42103 - 0 ] INFO  ratis.XceiverServerRatis (XceiverServerRatis.java:getRealPort(543)) - XceiverServerRatis 457148a9-726e-4dee-b9dd-7b4b55ffa2f6 is started using port 41073 for RATIS
2023-04-19 02:34:03,520 [EndpointStateMachine task thread for /0.0.0.0:42103 - 0 ] INFO  ratis.XceiverServerRatis (XceiverServerRatis.java:getRealPort(543)) - XceiverServerRatis 457148a9-726e-4dee-b9dd-7b4b55ffa2f6 is started using port 41073 for RATIS_ADMIN
2023-04-19 02:34:03,520 [EndpointStateMachine task thread for /0.0.0.0:42103 - 0 ] INFO  ratis.XceiverServerRatis (XceiverServerRatis.java:getRealPort(543)) - XceiverServerRatis 457148a9-726e-4dee-b9dd-7b4b55ffa2f6 is started using port 41073 for RATIS_SERVER
2023-04-19 02:34:03,520 [EndpointStateMachine task thread for /0.0.0.0:42103 - 0 ] INFO  ratis.XceiverServerRatis (XceiverServerRatis.java:getRealPort(543)) - XceiverServerRatis 457148a9-726e-4dee-b9dd-7b4b55ffa2f6 is started using port 38275 for RATIS_DATASTREAM
2023-04-19 02:34:03,520 [JvmPauseMonitor12] INFO  util.JvmPauseMonitor (JvmPauseMonitor.java:run(105)) - JvmPauseMonitor-457148a9-726e-4dee-b9dd-7b4b55ffa2f6: Started
2023-04-19 02:34:03,526 [BlockDeletingService#0] INFO  interfaces.ContainerDeletionChoosingPolicyTemplate (ContainerDeletionChoosingPolicyTemplate.java:chooseContainerForBlockDeletion(83)) - Chosen 0/5000 blocks from 0 candidate containers.
2023-04-19 02:34:03,569 [SCMBlockDeletingService#0] DEBUG block.SCMBlockDeletingService (SCMBlockDeletingService.java:shouldRun(251)) - Check scm block delete run: true serviceStatus: RUNNING safemodeExitRunDelayMillis: 3000 alreadyWaitTimeInMillis: 16500
2023-04-19 02:34:03,569 [SCMBlockDeletingService#0] DEBUG block.SCMBlockDeletingService (SCMBlockDeletingService.java:call(154)) - Running DeletedBlockTransactionScanner
2023-04-19 02:34:03,572 [BlockDeletingService#2] INFO  interfaces.ContainerDeletionChoosingPolicyTemplate (ContainerDeletionChoosingPolicyTemplate.java:chooseContainerForBlockDeletion(83)) - Chosen 0/5000 blocks from 0 candidate containers.
2023-04-19 02:34:03,572 [BlockDeletingService#8] INFO  interfaces.ContainerDeletionChoosingPolicyTemplate (ContainerDeletionChoosingPolicyTemplate.java:chooseContainerForBlockDeletion(83)) - Chosen 0/5000 blocks from 0 candidate containers.
2023-04-19 02:34:03,627 [BlockDeletingService#0] INFO  interfaces.ContainerDeletionChoosingPolicyTemplate (ContainerDeletionChoosingPolicyTemplate.java:chooseContainerForBlockDeletion(83)) - Chosen 0/5000 blocks from 0 candidate containers.
2023-04-19 02:34:03,669 [SCMBlockDeletingService#0] DEBUG block.SCMBlockDeletingService (SCMBlockDeletingService.java:shouldRun(251)) - Check scm block delete run: true serviceStatus: RUNNING safemodeExitRunDelayMillis: 3000 alreadyWaitTimeInMillis: 16600
2023-04-19 02:34:03,669 [SCMBlockDeletingService#0] DEBUG block.SCMBlockDeletingService (SCMBlockDeletingService.java:call(154)) - Running DeletedBlockTransactionScanner
2023-04-19 02:34:03,672 [BlockDeletingService#2] INFO  interfaces.ContainerDeletionChoosingPolicyTemplate (ContainerDeletionChoosingPolicyTemplate.java:chooseContainerForBlockDeletion(83)) - Chosen 0/5000 blocks from 0 candidate containers.
2023-04-19 02:34:03,672 [BlockDeletingService#8] INFO  interfaces.ContainerDeletionChoosingPolicyTemplate (ContainerDeletionChoosingPolicyTemplate.java:chooseContainerForBlockDeletion(83)) - Chosen 0/5000 blocks from 0 candidate containers.
2023-04-19 02:34:03,728 [BlockDeletingService#1] INFO  interfaces.ContainerDeletionChoosingPolicyTemplate (ContainerDeletionChoosingPolicyTemplate.java:chooseContainerForBlockDeletion(83)) - Chosen 0/5000 blocks from 0 candidate containers.
2023-04-19 02:34:03,769 [SCMBlockDeletingService#0] DEBUG block.SCMBlockDeletingService (SCMBlockDeletingService.java:shouldRun(251)) - Check scm block delete run: true serviceStatus: RUNNING safemodeExitRunDelayMillis: 3000 alreadyWaitTimeInMillis: 16700
2023-04-19 02:34:03,769 [SCMBlockDeletingService#0] DEBUG block.SCMBlockDeletingService (SCMBlockDeletingService.java:call(154)) - Running DeletedBlockTransactionScanner
2023-04-19 02:34:03,772 [BlockDeletingService#2] INFO  interfaces.ContainerDeletionChoosingPolicyTemplate (ContainerDeletionChoosingPolicyTemplate.java:chooseContainerForBlockDeletion(83)) - Chosen 0/5000 blocks from 0 candidate containers.
2023-04-19 02:34:03,772 [BlockDeletingService#8] INFO  interfaces.ContainerDeletionChoosingPolicyTemplate (ContainerDeletionChoosingPolicyTemplate.java:chooseContainerForBlockDeletion(83)) - Chosen 0/5000 blocks from 0 candidate containers.
2023-04-19 02:34:03,828 [BlockDeletingService#0] INFO  interfaces.ContainerDeletionChoosingPolicyTemplate (ContainerDeletionChoosingPolicyTemplate.java:chooseContainerForBlockDeletion(83)) - Chosen 0/5000 blocks from 0 candidate containers.
2023-04-19 02:34:03,869 [SCMBlockDeletingService#0] DEBUG block.SCMBlockDeletingService (SCMBlockDeletingService.java:shouldRun(251)) - Check scm block delete run: true serviceStatus: RUNNING safemodeExitRunDelayMillis: 3000 alreadyWaitTimeInMillis: 16800
2023-04-19 02:34:03,869 [SCMBlockDeletingService#0] DEBUG block.SCMBlockDeletingService (SCMBlockDeletingService.java:call(154)) - Running DeletedBlockTransactionScanner
2023-04-19 02:34:03,872 [BlockDeletingService#2] INFO  interfaces.ContainerDeletionChoosingPolicyTemplate (ContainerDeletionChoosingPolicyTemplate.java:chooseContainerForBlockDeletion(83)) - Chosen 0/5000 blocks from 0 candidate containers.
2023-04-19 02:34:03,872 [BlockDeletingService#8] INFO  interfaces.ContainerDeletionChoosingPolicyTemplate (ContainerDeletionChoosingPolicyTemplate.java:chooseContainerForBlockDeletion(83)) - Chosen 0/5000 blocks from 0 candidate containers.
2023-04-19 02:34:03,928 [BlockDeletingService#2] INFO  interfaces.ContainerDeletionChoosingPolicyTemplate (ContainerDeletionChoosingPolicyTemplate.java:chooseContainerForBlockDeletion(83)) - Chosen 0/5000 blocks from 0 candidate containers.
2023-04-19 02:34:03,970 [SCMBlockDeletingService#0] DEBUG block.SCMBlockDeletingService (SCMBlockDeletingService.java:shouldRun(251)) - Check scm block delete run: true serviceStatus: RUNNING safemodeExitRunDelayMillis: 3000 alreadyWaitTimeInMillis: 16901
2023-04-19 02:34:03,970 [SCMBlockDeletingService#0] DEBUG block.SCMBlockDeletingService (SCMBlockDeletingService.java:call(154)) - Running DeletedBlockTransactionScanner
2023-04-19 02:34:03,972 [BlockDeletingService#2] INFO  interfaces.ContainerDeletionChoosingPolicyTemplate (ContainerDeletionChoosingPolicyTemplate.java:chooseContainerForBlockDeletion(83)) - Chosen 0/5000 blocks from 0 candidate containers.
2023-04-19 02:34:03,976 [BlockDeletingService#8] INFO  interfaces.ContainerDeletionChoosingPolicyTemplate (ContainerDeletionChoosingPolicyTemplate.java:chooseContainerForBlockDeletion(83)) - Chosen 0/5000 blocks from 0 candidate containers.
2023-04-19 02:34:04,029 [BlockDeletingService#1] INFO  interfaces.ContainerDeletionChoosingPolicyTemplate (ContainerDeletionChoosingPolicyTemplate.java:chooseContainerForBlockDeletion(83)) - Chosen 0/5000 blocks from 0 candidate containers.
2023-04-19 02:34:04,070 [SCMBlockDeletingService#0] DEBUG block.SCMBlockDeletingService (SCMBlockDeletingService.java:shouldRun(251)) - Check scm block delete run: true serviceStatus: RUNNING safemodeExitRunDelayMillis: 3000 alreadyWaitTimeInMillis: 17001
2023-04-19 02:34:04,070 [SCMBlockDeletingService#0] DEBUG block.SCMBlockDeletingService (SCMBlockDeletingService.java:call(154)) - Running DeletedBlockTransactionScanner
2023-04-19 02:34:04,072 [BlockDeletingService#2] INFO  interfaces.ContainerDeletionChoosingPolicyTemplate (ContainerDeletionChoosingPolicyTemplate.java:chooseContainerForBlockDeletion(83)) - Chosen 0/5000 blocks from 0 candidate containers.
2023-04-19 02:34:04,076 [BlockDeletingService#8] INFO  interfaces.ContainerDeletionChoosingPolicyTemplate (ContainerDeletionChoosingPolicyTemplate.java:chooseContainerForBlockDeletion(83)) - Chosen 0/5000 blocks from 0 candidate containers.
2023-04-19 02:34:04,129 [BlockDeletingService#3] INFO  interfaces.ContainerDeletionChoosingPolicyTemplate (ContainerDeletionChoosingPolicyTemplate.java:chooseContainerForBlockDeletion(83)) - Chosen 0/5000 blocks from 0 candidate containers.
2023-04-19 02:34:04,170 [SCMBlockDeletingService#0] DEBUG block.SCMBlockDeletingService (SCMBlockDeletingService.java:shouldRun(251)) - Check scm block delete run: true serviceStatus: RUNNING safemodeExitRunDelayMillis: 3000 alreadyWaitTimeInMillis: 17101
2023-04-19 02:34:04,170 [SCMBlockDeletingService#0] DEBUG block.SCMBlockDeletingService (SCMBlockDeletingService.java:call(154)) - Running DeletedBlockTransactionScanner
2023-04-19 02:34:04,173 [BlockDeletingService#2] INFO  interfaces.ContainerDeletionChoosingPolicyTemplate (ContainerDeletionChoosingPolicyTemplate.java:chooseContainerForBlockDeletion(83)) - Chosen 0/5000 blocks from 0 candidate containers.
2023-04-19 02:34:04,176 [BlockDeletingService#8] INFO  interfaces.ContainerDeletionChoosingPolicyTemplate (ContainerDeletionChoosingPolicyTemplate.java:chooseContainerForBlockDeletion(83)) - Chosen 0/5000 blocks from 0 candidate containers.
2023-04-19 02:34:04,229 [BlockDeletingService#0] INFO  interfaces.ContainerDeletionChoosingPolicyTemplate (ContainerDeletionChoosingPolicyTemplate.java:chooseContainerForBlockDeletion(83)) - Chosen 0/5000 blocks from 0 candidate containers.
2023-04-19 02:34:04,270 [SCMBlockDeletingService#0] DEBUG block.SCMBlockDeletingService (SCMBlockDeletingService.java:shouldRun(251)) - Check scm block delete run: true serviceStatus: RUNNING safemodeExitRunDelayMillis: 3000 alreadyWaitTimeInMillis: 17201
2023-04-19 02:34:04,271 [SCMBlockDeletingService#0] DEBUG block.SCMBlockDeletingService (SCMBlockDeletingService.java:call(154)) - Running DeletedBlockTransactionScanner
2023-04-19 02:34:04,273 [BlockDeletingService#2] INFO  interfaces.ContainerDeletionChoosingPolicyTemplate (ContainerDeletionChoosingPolicyTemplate.java:chooseContainerForBlockDeletion(83)) - Chosen 0/5000 blocks from 0 candidate containers.
2023-04-19 02:34:04,277 [BlockDeletingService#8] INFO  interfaces.ContainerDeletionChoosingPolicyTemplate (ContainerDeletionChoosingPolicyTemplate.java:chooseContainerForBlockDeletion(83)) - Chosen 0/5000 blocks from 0 candidate containers.
2023-04-19 02:34:04,329 [BlockDeletingService#4] INFO  interfaces.ContainerDeletionChoosingPolicyTemplate (ContainerDeletionChoosingPolicyTemplate.java:chooseContainerForBlockDeletion(83)) - Chosen 0/5000 blocks from 0 candidate containers.
2023-04-19 02:34:04,371 [SCMBlockDeletingService#0] DEBUG block.SCMBlockDeletingService (SCMBlockDeletingService.java:shouldRun(251)) - Check scm block delete run: true serviceStatus: RUNNING safemodeExitRunDelayMillis: 3000 alreadyWaitTimeInMillis: 17302
2023-04-19 02:34:04,371 [SCMBlockDeletingService#0] DEBUG block.SCMBlockDeletingService (SCMBlockDeletingService.java:call(154)) - Running DeletedBlockTransactionScanner
2023-04-19 02:34:04,375 [BlockDeletingService#2] INFO  interfaces.ContainerDeletionChoosingPolicyTemplate (ContainerDeletionChoosingPolicyTemplate.java:chooseContainerForBlockDeletion(83)) - Chosen 0/5000 blocks from 0 candidate containers.
2023-04-19 02:34:04,377 [BlockDeletingService#8] INFO  interfaces.ContainerDeletionChoosingPolicyTemplate (ContainerDeletionChoosingPolicyTemplate.java:chooseContainerForBlockDeletion(83)) - Chosen 0/5000 blocks from 0 candidate containers.
2023-04-19 02:34:04,429 [BlockDeletingService#2] INFO  interfaces.ContainerDeletionChoosingPolicyTemplate (ContainerDeletionChoosingPolicyTemplate.java:chooseContainerForBlockDeletion(83)) - Chosen 0/5000 blocks from 0 candidate containers.
2023-04-19 02:34:04,449 [Listener at 127.0.0.1/39891] INFO  ozone.MiniOzoneClusterImpl (MiniOzoneClusterImpl.java:lambda$waitForClusterToBeReady$0(222)) - Waiting for nodes to be ready. Got 2 of 3 DN Heartbeats.
2023-04-19 02:34:04,450 [Listener at 127.0.0.1/39891] INFO  ozone.MiniOzoneClusterImpl (MiniOzoneClusterImpl.java:lambda$waitForClusterToBeReady$0(225)) - Cluster exits safe mode
2023-04-19 02:34:04,450 [Listener at 127.0.0.1/39891] INFO  ozone.MiniOzoneClusterImpl (MiniOzoneClusterImpl.java:lambda$waitForClusterToBeReady$0(227)) - SCM became leader
2023-04-19 02:34:04,471 [SCMBlockDeletingService#0] DEBUG block.SCMBlockDeletingService (SCMBlockDeletingService.java:shouldRun(251)) - Check scm block delete run: true serviceStatus: RUNNING safemodeExitRunDelayMillis: 3000 alreadyWaitTimeInMillis: 17402
2023-04-19 02:34:04,471 [SCMBlockDeletingService#0] DEBUG block.SCMBlockDeletingService (SCMBlockDeletingService.java:call(154)) - Running DeletedBlockTransactionScanner
2023-04-19 02:34:04,475 [BlockDeletingService#2] INFO  interfaces.ContainerDeletionChoosingPolicyTemplate (ContainerDeletionChoosingPolicyTemplate.java:chooseContainerForBlockDeletion(83)) - Chosen 0/5000 blocks from 0 candidate containers.
2023-04-19 02:34:04,477 [BlockDeletingService#8] INFO  interfaces.ContainerDeletionChoosingPolicyTemplate (ContainerDeletionChoosingPolicyTemplate.java:chooseContainerForBlockDeletion(83)) - Chosen 0/5000 blocks from 0 candidate containers.
2023-04-19 02:34:04,529 [BlockDeletingService#2] INFO  interfaces.ContainerDeletionChoosingPolicyTemplate (ContainerDeletionChoosingPolicyTemplate.java:chooseContainerForBlockDeletion(83)) - Chosen 0/5000 blocks from 0 candidate containers.
2023-04-19 02:34:04,571 [SCMBlockDeletingService#0] DEBUG block.SCMBlockDeletingService (SCMBlockDeletingService.java:shouldRun(251)) - Check scm block delete run: true serviceStatus: RUNNING safemodeExitRunDelayMillis: 3000 alreadyWaitTimeInMillis: 17502
2023-04-19 02:34:04,571 [SCMBlockDeletingService#0] DEBUG block.SCMBlockDeletingService (SCMBlockDeletingService.java:call(154)) - Running DeletedBlockTransactionScanner
2023-04-19 02:34:04,575 [BlockDeletingService#2] INFO  interfaces.ContainerDeletionChoosingPolicyTemplate (ContainerDeletionChoosingPolicyTemplate.java:chooseContainerForBlockDeletion(83)) - Chosen 0/5000 blocks from 0 candidate containers.
2023-04-19 02:34:04,577 [BlockDeletingService#8] INFO  interfaces.ContainerDeletionChoosingPolicyTemplate (ContainerDeletionChoosingPolicyTemplate.java:chooseContainerForBlockDeletion(83)) - Chosen 0/5000 blocks from 0 candidate containers.
2023-04-19 02:34:04,630 [BlockDeletingService#2] INFO  interfaces.ContainerDeletionChoosingPolicyTemplate (ContainerDeletionChoosingPolicyTemplate.java:chooseContainerForBlockDeletion(83)) - Chosen 0/5000 blocks from 0 candidate containers.
2023-04-19 02:34:04,632 [457148a9-726e-4dee-b9dd-7b4b55ffa2f6-server-thread1] INFO  ratis.XceiverServerRatis (XceiverServerRatis.java:handleLeaderChangedNotification(904)) - Leader change notification received for group: group-8474C413378F with new leaderId: a2f76bd1-2c73-4f6b-ae37-53a5930131fe
2023-04-19 02:34:04,633 [457148a9-726e-4dee-b9dd-7b4b55ffa2f6-server-thread1] INFO  server.RaftServer$Division (ServerState.java:setLeader(313)) - 457148a9-726e-4dee-b9dd-7b4b55ffa2f6@group-8474C413378F: change Leader from null to a2f76bd1-2c73-4f6b-ae37-53a5930131fe at term 1 for appendEntries, leader elected after 3459ms
2023-04-19 02:34:04,671 [SCMBlockDeletingService#0] DEBUG block.SCMBlockDeletingService (SCMBlockDeletingService.java:shouldRun(251)) - Check scm block delete run: true serviceStatus: RUNNING safemodeExitRunDelayMillis: 3000 alreadyWaitTimeInMillis: 17602
2023-04-19 02:34:04,671 [SCMBlockDeletingService#0] DEBUG block.SCMBlockDeletingService (SCMBlockDeletingService.java:call(154)) - Running DeletedBlockTransactionScanner
2023-04-19 02:34:04,675 [BlockDeletingService#2] INFO  interfaces.ContainerDeletionChoosingPolicyTemplate (ContainerDeletionChoosingPolicyTemplate.java:chooseContainerForBlockDeletion(83)) - Chosen 0/5000 blocks from 0 candidate containers.
2023-04-19 02:34:04,677 [BlockDeletingService#8] INFO  interfaces.ContainerDeletionChoosingPolicyTemplate (ContainerDeletionChoosingPolicyTemplate.java:chooseContainerForBlockDeletion(83)) - Chosen 0/5000 blocks from 0 candidate containers.
2023-04-19 02:34:04,730 [BlockDeletingService#2] INFO  interfaces.ContainerDeletionChoosingPolicyTemplate (ContainerDeletionChoosingPolicyTemplate.java:chooseContainerForBlockDeletion(83)) - Chosen 0/5000 blocks from 0 candidate containers.
2023-04-19 02:34:04,771 [SCMBlockDeletingService#0] DEBUG block.SCMBlockDeletingService (SCMBlockDeletingService.java:shouldRun(251)) - Check scm block delete run: true serviceStatus: RUNNING safemodeExitRunDelayMillis: 3000 alreadyWaitTimeInMillis: 17702
2023-04-19 02:34:04,771 [SCMBlockDeletingService#0] DEBUG block.SCMBlockDeletingService (SCMBlockDeletingService.java:call(154)) - Running DeletedBlockTransactionScanner
2023-04-19 02:34:04,775 [BlockDeletingService#2] INFO  interfaces.ContainerDeletionChoosingPolicyTemplate (ContainerDeletionChoosingPolicyTemplate.java:chooseContainerForBlockDeletion(83)) - Chosen 0/5000 blocks from 0 candidate containers.
2023-04-19 02:34:04,777 [BlockDeletingService#8] INFO  interfaces.ContainerDeletionChoosingPolicyTemplate (ContainerDeletionChoosingPolicyTemplate.java:chooseContainerForBlockDeletion(83)) - Chosen 0/5000 blocks from 0 candidate containers.
2023-04-19 02:34:04,830 [BlockDeletingService#2] INFO  interfaces.ContainerDeletionChoosingPolicyTemplate (ContainerDeletionChoosingPolicyTemplate.java:chooseContainerForBlockDeletion(83)) - Chosen 0/5000 blocks from 0 candidate containers.
2023-04-19 02:34:04,871 [SCMBlockDeletingService#0] DEBUG block.SCMBlockDeletingService (SCMBlockDeletingService.java:shouldRun(251)) - Check scm block delete run: true serviceStatus: RUNNING safemodeExitRunDelayMillis: 3000 alreadyWaitTimeInMillis: 17802
2023-04-19 02:34:04,871 [SCMBlockDeletingService#0] DEBUG block.SCMBlockDeletingService (SCMBlockDeletingService.java:call(154)) - Running DeletedBlockTransactionScanner
2023-04-19 02:34:04,876 [BlockDeletingService#2] INFO  interfaces.ContainerDeletionChoosingPolicyTemplate (ContainerDeletionChoosingPolicyTemplate.java:chooseContainerForBlockDeletion(83)) - Chosen 0/5000 blocks from 0 candidate containers.
2023-04-19 02:34:04,877 [BlockDeletingService#8] INFO  interfaces.ContainerDeletionChoosingPolicyTemplate (ContainerDeletionChoosingPolicyTemplate.java:chooseContainerForBlockDeletion(83)) - Chosen 0/5000 blocks from 0 candidate containers.
2023-04-19 02:34:04,930 [BlockDeletingService#2] INFO  interfaces.ContainerDeletionChoosingPolicyTemplate (ContainerDeletionChoosingPolicyTemplate.java:chooseContainerForBlockDeletion(83)) - Chosen 0/5000 blocks from 0 candidate containers.
2023-04-19 02:34:04,971 [SCMBlockDeletingService#0] DEBUG block.SCMBlockDeletingService (SCMBlockDeletingService.java:shouldRun(251)) - Check scm block delete run: true serviceStatus: RUNNING safemodeExitRunDelayMillis: 3000 alreadyWaitTimeInMillis: 17902
2023-04-19 02:34:04,971 [SCMBlockDeletingService#0] DEBUG block.SCMBlockDeletingService (SCMBlockDeletingService.java:call(154)) - Running DeletedBlockTransactionScanner
2023-04-19 02:34:04,976 [BlockDeletingService#2] INFO  interfaces.ContainerDeletionChoosingPolicyTemplate (ContainerDeletionChoosingPolicyTemplate.java:chooseContainerForBlockDeletion(83)) - Chosen 0/5000 blocks from 0 candidate containers.
2023-04-19 02:34:04,978 [BlockDeletingService#8] INFO  interfaces.ContainerDeletionChoosingPolicyTemplate (ContainerDeletionChoosingPolicyTemplate.java:chooseContainerForBlockDeletion(83)) - Chosen 0/5000 blocks from 0 candidate containers.
2023-04-19 02:34:05,031 [BlockDeletingService#2] INFO  interfaces.ContainerDeletionChoosingPolicyTemplate (ContainerDeletionChoosingPolicyTemplate.java:chooseContainerForBlockDeletion(83)) - Chosen 0/5000 blocks from 0 candidate containers.
2023-04-19 02:34:05,071 [SCMBlockDeletingService#0] DEBUG block.SCMBlockDeletingService (SCMBlockDeletingService.java:shouldRun(251)) - Check scm block delete run: true serviceStatus: RUNNING safemodeExitRunDelayMillis: 3000 alreadyWaitTimeInMillis: 18002
2023-04-19 02:34:05,071 [SCMBlockDeletingService#0] DEBUG block.SCMBlockDeletingService (SCMBlockDeletingService.java:call(154)) - Running DeletedBlockTransactionScanner
2023-04-19 02:34:05,076 [BlockDeletingService#2] INFO  interfaces.ContainerDeletionChoosingPolicyTemplate (ContainerDeletionChoosingPolicyTemplate.java:chooseContainerForBlockDeletion(83)) - Chosen 0/5000 blocks from 0 candidate containers.
2023-04-19 02:34:05,078 [BlockDeletingService#8] INFO  interfaces.ContainerDeletionChoosingPolicyTemplate (ContainerDeletionChoosingPolicyTemplate.java:chooseContainerForBlockDeletion(83)) - Chosen 0/5000 blocks from 0 candidate containers.
2023-04-19 02:34:05,131 [BlockDeletingService#2] INFO  interfaces.ContainerDeletionChoosingPolicyTemplate (ContainerDeletionChoosingPolicyTemplate.java:chooseContainerForBlockDeletion(83)) - Chosen 0/5000 blocks from 0 candidate containers.
2023-04-19 02:34:05,171 [SCMBlockDeletingService#0] DEBUG block.SCMBlockDeletingService (SCMBlockDeletingService.java:shouldRun(251)) - Check scm block delete run: true serviceStatus: RUNNING safemodeExitRunDelayMillis: 3000 alreadyWaitTimeInMillis: 18102
2023-04-19 02:34:05,171 [SCMBlockDeletingService#0] DEBUG block.SCMBlockDeletingService (SCMBlockDeletingService.java:call(154)) - Running DeletedBlockTransactionScanner
2023-04-19 02:34:05,176 [BlockDeletingService#2] INFO  interfaces.ContainerDeletionChoosingPolicyTemplate (ContainerDeletionChoosingPolicyTemplate.java:chooseContainerForBlockDeletion(83)) - Chosen 0/5000 blocks from 0 candidate containers.
2023-04-19 02:34:05,178 [BlockDeletingService#8] INFO  interfaces.ContainerDeletionChoosingPolicyTemplate (ContainerDeletionChoosingPolicyTemplate.java:chooseContainerForBlockDeletion(83)) - Chosen 0/5000 blocks from 0 candidate containers.
2023-04-19 02:34:05,231 [BlockDeletingService#2] INFO  interfaces.ContainerDeletionChoosingPolicyTemplate (ContainerDeletionChoosingPolicyTemplate.java:chooseContainerForBlockDeletion(83)) - Chosen 0/5000 blocks from 0 candidate containers.
2023-04-19 02:34:05,271 [SCMBlockDeletingService#0] DEBUG block.SCMBlockDeletingService (SCMBlockDeletingService.java:shouldRun(251)) - Check scm block delete run: true serviceStatus: RUNNING safemodeExitRunDelayMillis: 3000 alreadyWaitTimeInMillis: 18202
2023-04-19 02:34:05,271 [SCMBlockDeletingService#0] DEBUG block.SCMBlockDeletingService (SCMBlockDeletingService.java:call(154)) - Running DeletedBlockTransactionScanner
2023-04-19 02:34:05,276 [BlockDeletingService#2] INFO  interfaces.ContainerDeletionChoosingPolicyTemplate (ContainerDeletionChoosingPolicyTemplate.java:chooseContainerForBlockDeletion(83)) - Chosen 0/5000 blocks from 0 candidate containers.
2023-04-19 02:34:05,278 [BlockDeletingService#8] INFO  interfaces.ContainerDeletionChoosingPolicyTemplate (ContainerDeletionChoosingPolicyTemplate.java:chooseContainerForBlockDeletion(83)) - Chosen 0/5000 blocks from 0 candidate containers.
2023-04-19 02:34:05,331 [BlockDeletingService#2] INFO  interfaces.ContainerDeletionChoosingPolicyTemplate (ContainerDeletionChoosingPolicyTemplate.java:chooseContainerForBlockDeletion(83)) - Chosen 0/5000 blocks from 0 candidate containers.
2023-04-19 02:34:05,371 [SCMBlockDeletingService#0] DEBUG block.SCMBlockDeletingService (SCMBlockDeletingService.java:shouldRun(251)) - Check scm block delete run: true serviceStatus: RUNNING safemodeExitRunDelayMillis: 3000 alreadyWaitTimeInMillis: 18302
2023-04-19 02:34:05,371 [SCMBlockDeletingService#0] DEBUG block.SCMBlockDeletingService (SCMBlockDeletingService.java:call(154)) - Running DeletedBlockTransactionScanner
2023-04-19 02:34:05,377 [BlockDeletingService#2] INFO  interfaces.ContainerDeletionChoosingPolicyTemplate (ContainerDeletionChoosingPolicyTemplate.java:chooseContainerForBlockDeletion(83)) - Chosen 0/5000 blocks from 0 candidate containers.
2023-04-19 02:34:05,378 [BlockDeletingService#8] INFO  interfaces.ContainerDeletionChoosingPolicyTemplate (ContainerDeletionChoosingPolicyTemplate.java:chooseContainerForBlockDeletion(83)) - Chosen 0/5000 blocks from 0 candidate containers.
2023-04-19 02:34:05,432 [BlockDeletingService#2] INFO  interfaces.ContainerDeletionChoosingPolicyTemplate (ContainerDeletionChoosingPolicyTemplate.java:chooseContainerForBlockDeletion(83)) - Chosen 0/5000 blocks from 0 candidate containers.
2023-04-19 02:34:05,450 [Listener at 127.0.0.1/39891] INFO  ozone.MiniOzoneClusterImpl (MiniOzoneClusterImpl.java:lambda$waitForClusterToBeReady$0(222)) - Waiting for nodes to be ready. Got 2 of 3 DN Heartbeats.
2023-04-19 02:34:05,450 [Listener at 127.0.0.1/39891] INFO  ozone.MiniOzoneClusterImpl (MiniOzoneClusterImpl.java:lambda$waitForClusterToBeReady$0(225)) - Cluster exits safe mode
2023-04-19 02:34:05,450 [Listener at 127.0.0.1/39891] INFO  ozone.MiniOzoneClusterImpl (MiniOzoneClusterImpl.java:lambda$waitForClusterToBeReady$0(227)) - SCM became leader
2023-04-19 02:34:05,471 [SCMBlockDeletingService#0] DEBUG block.SCMBlockDeletingService (SCMBlockDeletingService.java:shouldRun(251)) - Check scm block delete run: true serviceStatus: RUNNING safemodeExitRunDelayMillis: 3000 alreadyWaitTimeInMillis: 18402
2023-04-19 02:34:05,472 [SCMBlockDeletingService#0] DEBUG block.SCMBlockDeletingService (SCMBlockDeletingService.java:call(154)) - Running DeletedBlockTransactionScanner
2023-04-19 02:34:05,477 [BlockDeletingService#2] INFO  interfaces.ContainerDeletionChoosingPolicyTemplate (ContainerDeletionChoosingPolicyTemplate.java:chooseContainerForBlockDeletion(83)) - Chosen 0/5000 blocks from 0 candidate containers.
2023-04-19 02:34:05,479 [BlockDeletingService#8] INFO  interfaces.ContainerDeletionChoosingPolicyTemplate (ContainerDeletionChoosingPolicyTemplate.java:chooseContainerForBlockDeletion(83)) - Chosen 0/5000 blocks from 0 candidate containers.
2023-04-19 02:34:05,532 [BlockDeletingService#2] INFO  interfaces.ContainerDeletionChoosingPolicyTemplate (ContainerDeletionChoosingPolicyTemplate.java:chooseContainerForBlockDeletion(83)) - Chosen 0/5000 blocks from 0 candidate containers.
2023-04-19 02:34:05,572 [SCMBlockDeletingService#0] DEBUG block.SCMBlockDeletingService (SCMBlockDeletingService.java:shouldRun(251)) - Check scm block delete run: true serviceStatus: RUNNING safemodeExitRunDelayMillis: 3000 alreadyWaitTimeInMillis: 18503
2023-04-19 02:34:05,572 [SCMBlockDeletingService#0] DEBUG block.SCMBlockDeletingService (SCMBlockDeletingService.java:call(154)) - Running DeletedBlockTransactionScanner
2023-04-19 02:34:05,577 [BlockDeletingService#2] INFO  interfaces.ContainerDeletionChoosingPolicyTemplate (ContainerDeletionChoosingPolicyTemplate.java:chooseContainerForBlockDeletion(83)) - Chosen 0/5000 blocks from 0 candidate containers.
2023-04-19 02:34:05,579 [BlockDeletingService#8] INFO  interfaces.ContainerDeletionChoosingPolicyTemplate (ContainerDeletionChoosingPolicyTemplate.java:chooseContainerForBlockDeletion(83)) - Chosen 0/5000 blocks from 0 candidate containers.
2023-04-19 02:34:05,632 [BlockDeletingService#2] INFO  interfaces.ContainerDeletionChoosingPolicyTemplate (ContainerDeletionChoosingPolicyTemplate.java:chooseContainerForBlockDeletion(83)) - Chosen 0/5000 blocks from 0 candidate containers.
2023-04-19 02:34:05,672 [SCMBlockDeletingService#0] DEBUG block.SCMBlockDeletingService (SCMBlockDeletingService.java:shouldRun(251)) - Check scm block delete run: true serviceStatus: RUNNING safemodeExitRunDelayMillis: 3000 alreadyWaitTimeInMillis: 18603
2023-04-19 02:34:05,672 [SCMBlockDeletingService#0] DEBUG block.SCMBlockDeletingService (SCMBlockDeletingService.java:call(154)) - Running DeletedBlockTransactionScanner
2023-04-19 02:34:05,677 [BlockDeletingService#2] INFO  interfaces.ContainerDeletionChoosingPolicyTemplate (ContainerDeletionChoosingPolicyTemplate.java:chooseContainerForBlockDeletion(83)) - Chosen 0/5000 blocks from 0 candidate containers.
2023-04-19 02:34:05,679 [BlockDeletingService#8] INFO  interfaces.ContainerDeletionChoosingPolicyTemplate (ContainerDeletionChoosingPolicyTemplate.java:chooseContainerForBlockDeletion(83)) - Chosen 0/5000 blocks from 0 candidate containers.
2023-04-19 02:34:05,732 [BlockDeletingService#2] INFO  interfaces.ContainerDeletionChoosingPolicyTemplate (ContainerDeletionChoosingPolicyTemplate.java:chooseContainerForBlockDeletion(83)) - Chosen 0/5000 blocks from 0 candidate containers.
2023-04-19 02:34:05,772 [SCMBlockDeletingService#0] DEBUG block.SCMBlockDeletingService (SCMBlockDeletingService.java:shouldRun(251)) - Check scm block delete run: true serviceStatus: RUNNING safemodeExitRunDelayMillis: 3000 alreadyWaitTimeInMillis: 18703
2023-04-19 02:34:05,772 [SCMBlockDeletingService#0] DEBUG block.SCMBlockDeletingService (SCMBlockDeletingService.java:call(154)) - Running DeletedBlockTransactionScanner
2023-04-19 02:34:05,778 [BlockDeletingService#2] INFO  interfaces.ContainerDeletionChoosingPolicyTemplate (ContainerDeletionChoosingPolicyTemplate.java:chooseContainerForBlockDeletion(83)) - Chosen 0/5000 blocks from 0 candidate containers.
2023-04-19 02:34:05,779 [BlockDeletingService#8] INFO  interfaces.ContainerDeletionChoosingPolicyTemplate (ContainerDeletionChoosingPolicyTemplate.java:chooseContainerForBlockDeletion(83)) - Chosen 0/5000 blocks from 0 candidate containers.
2023-04-19 02:34:05,832 [BlockDeletingService#2] INFO  interfaces.ContainerDeletionChoosingPolicyTemplate (ContainerDeletionChoosingPolicyTemplate.java:chooseContainerForBlockDeletion(83)) - Chosen 0/5000 blocks from 0 candidate containers.
2023-04-19 02:34:05,872 [SCMBlockDeletingService#0] DEBUG block.SCMBlockDeletingService (SCMBlockDeletingService.java:shouldRun(251)) - Check scm block delete run: true serviceStatus: RUNNING safemodeExitRunDelayMillis: 3000 alreadyWaitTimeInMillis: 18803
2023-04-19 02:34:05,872 [SCMBlockDeletingService#0] DEBUG block.SCMBlockDeletingService (SCMBlockDeletingService.java:call(154)) - Running DeletedBlockTransactionScanner
2023-04-19 02:34:05,878 [BlockDeletingService#2] INFO  interfaces.ContainerDeletionChoosingPolicyTemplate (ContainerDeletionChoosingPolicyTemplate.java:chooseContainerForBlockDeletion(83)) - Chosen 0/5000 blocks from 0 candidate containers.
2023-04-19 02:34:05,879 [BlockDeletingService#8] INFO  interfaces.ContainerDeletionChoosingPolicyTemplate (ContainerDeletionChoosingPolicyTemplate.java:chooseContainerForBlockDeletion(83)) - Chosen 0/5000 blocks from 0 candidate containers.
2023-04-19 02:34:05,933 [BlockDeletingService#2] INFO  interfaces.ContainerDeletionChoosingPolicyTemplate (ContainerDeletionChoosingPolicyTemplate.java:chooseContainerForBlockDeletion(83)) - Chosen 0/5000 blocks from 0 candidate containers.
2023-04-19 02:34:05,972 [SCMBlockDeletingService#0] DEBUG block.SCMBlockDeletingService (SCMBlockDeletingService.java:shouldRun(251)) - Check scm block delete run: true serviceStatus: RUNNING safemodeExitRunDelayMillis: 3000 alreadyWaitTimeInMillis: 18903
2023-04-19 02:34:05,972 [SCMBlockDeletingService#0] DEBUG block.SCMBlockDeletingService (SCMBlockDeletingService.java:call(154)) - Running DeletedBlockTransactionScanner
2023-04-19 02:34:05,978 [BlockDeletingService#2] INFO  interfaces.ContainerDeletionChoosingPolicyTemplate (ContainerDeletionChoosingPolicyTemplate.java:chooseContainerForBlockDeletion(83)) - Chosen 0/5000 blocks from 0 candidate containers.
2023-04-19 02:34:05,980 [BlockDeletingService#8] INFO  interfaces.ContainerDeletionChoosingPolicyTemplate (ContainerDeletionChoosingPolicyTemplate.java:chooseContainerForBlockDeletion(83)) - Chosen 0/5000 blocks from 0 candidate containers.
2023-04-19 02:34:06,033 [BlockDeletingService#2] INFO  interfaces.ContainerDeletionChoosingPolicyTemplate (ContainerDeletionChoosingPolicyTemplate.java:chooseContainerForBlockDeletion(83)) - Chosen 0/5000 blocks from 0 candidate containers.
2023-04-19 02:34:06,072 [SCMBlockDeletingService#0] DEBUG block.SCMBlockDeletingService (SCMBlockDeletingService.java:shouldRun(251)) - Check scm block delete run: true serviceStatus: RUNNING safemodeExitRunDelayMillis: 3000 alreadyWaitTimeInMillis: 19003
2023-04-19 02:34:06,072 [SCMBlockDeletingService#0] DEBUG block.SCMBlockDeletingService (SCMBlockDeletingService.java:call(154)) - Running DeletedBlockTransactionScanner
2023-04-19 02:34:06,078 [BlockDeletingService#2] INFO  interfaces.ContainerDeletionChoosingPolicyTemplate (ContainerDeletionChoosingPolicyTemplate.java:chooseContainerForBlockDeletion(83)) - Chosen 0/5000 blocks from 0 candidate containers.
2023-04-19 02:34:06,080 [BlockDeletingService#8] INFO  interfaces.ContainerDeletionChoosingPolicyTemplate (ContainerDeletionChoosingPolicyTemplate.java:chooseContainerForBlockDeletion(83)) - Chosen 0/5000 blocks from 0 candidate containers.
2023-04-19 02:34:06,133 [BlockDeletingService#2] INFO  interfaces.ContainerDeletionChoosingPolicyTemplate (ContainerDeletionChoosingPolicyTemplate.java:chooseContainerForBlockDeletion(83)) - Chosen 0/5000 blocks from 0 candidate containers.
2023-04-19 02:34:06,172 [SCMBlockDeletingService#0] DEBUG block.SCMBlockDeletingService (SCMBlockDeletingService.java:shouldRun(251)) - Check scm block delete run: true serviceStatus: RUNNING safemodeExitRunDelayMillis: 3000 alreadyWaitTimeInMillis: 19103
2023-04-19 02:34:06,172 [SCMBlockDeletingService#0] DEBUG block.SCMBlockDeletingService (SCMBlockDeletingService.java:call(154)) - Running DeletedBlockTransactionScanner
2023-04-19 02:34:06,178 [BlockDeletingService#2] INFO  interfaces.ContainerDeletionChoosingPolicyTemplate (ContainerDeletionChoosingPolicyTemplate.java:chooseContainerForBlockDeletion(83)) - Chosen 0/5000 blocks from 0 candidate containers.
2023-04-19 02:34:06,180 [BlockDeletingService#8] INFO  interfaces.ContainerDeletionChoosingPolicyTemplate (ContainerDeletionChoosingPolicyTemplate.java:chooseContainerForBlockDeletion(83)) - Chosen 0/5000 blocks from 0 candidate containers.
2023-04-19 02:34:06,233 [BlockDeletingService#2] INFO  interfaces.ContainerDeletionChoosingPolicyTemplate (ContainerDeletionChoosingPolicyTemplate.java:chooseContainerForBlockDeletion(83)) - Chosen 0/5000 blocks from 0 candidate containers.
2023-04-19 02:34:06,272 [SCMBlockDeletingService#0] DEBUG block.SCMBlockDeletingService (SCMBlockDeletingService.java:shouldRun(251)) - Check scm block delete run: true serviceStatus: RUNNING safemodeExitRunDelayMillis: 3000 alreadyWaitTimeInMillis: 19203
2023-04-19 02:34:06,272 [SCMBlockDeletingService#0] DEBUG block.SCMBlockDeletingService (SCMBlockDeletingService.java:call(154)) - Running DeletedBlockTransactionScanner
2023-04-19 02:34:06,279 [BlockDeletingService#2] INFO  interfaces.ContainerDeletionChoosingPolicyTemplate (ContainerDeletionChoosingPolicyTemplate.java:chooseContainerForBlockDeletion(83)) - Chosen 0/5000 blocks from 0 candidate containers.
2023-04-19 02:34:06,280 [BlockDeletingService#8] INFO  interfaces.ContainerDeletionChoosingPolicyTemplate (ContainerDeletionChoosingPolicyTemplate.java:chooseContainerForBlockDeletion(83)) - Chosen 0/5000 blocks from 0 candidate containers.
2023-04-19 02:34:06,334 [BlockDeletingService#2] INFO  interfaces.ContainerDeletionChoosingPolicyTemplate (ContainerDeletionChoosingPolicyTemplate.java:chooseContainerForBlockDeletion(83)) - Chosen 0/5000 blocks from 0 candidate containers.
2023-04-19 02:34:06,372 [SCMBlockDeletingService#0] DEBUG block.SCMBlockDeletingService (SCMBlockDeletingService.java:shouldRun(251)) - Check scm block delete run: true serviceStatus: RUNNING safemodeExitRunDelayMillis: 3000 alreadyWaitTimeInMillis: 19303
2023-04-19 02:34:06,372 [SCMBlockDeletingService#0] DEBUG block.SCMBlockDeletingService (SCMBlockDeletingService.java:call(154)) - Running DeletedBlockTransactionScanner
2023-04-19 02:34:06,379 [BlockDeletingService#2] INFO  interfaces.ContainerDeletionChoosingPolicyTemplate (ContainerDeletionChoosingPolicyTemplate.java:chooseContainerForBlockDeletion(83)) - Chosen 0/5000 blocks from 0 candidate containers.
2023-04-19 02:34:06,380 [BlockDeletingService#8] INFO  interfaces.ContainerDeletionChoosingPolicyTemplate (ContainerDeletionChoosingPolicyTemplate.java:chooseContainerForBlockDeletion(83)) - Chosen 0/5000 blocks from 0 candidate containers.
2023-04-19 02:34:06,434 [BlockDeletingService#2] INFO  interfaces.ContainerDeletionChoosingPolicyTemplate (ContainerDeletionChoosingPolicyTemplate.java:chooseContainerForBlockDeletion(83)) - Chosen 0/5000 blocks from 0 candidate containers.
2023-04-19 02:34:06,451 [Listener at 127.0.0.1/39891] INFO  ozone.MiniOzoneClusterImpl (MiniOzoneClusterImpl.java:lambda$waitForClusterToBeReady$0(222)) - Waiting for nodes to be ready. Got 2 of 3 DN Heartbeats.
2023-04-19 02:34:06,451 [Listener at 127.0.0.1/39891] INFO  ozone.MiniOzoneClusterImpl (MiniOzoneClusterImpl.java:lambda$waitForClusterToBeReady$0(225)) - Cluster exits safe mode
2023-04-19 02:34:06,451 [Listener at 127.0.0.1/39891] INFO  ozone.MiniOzoneClusterImpl (MiniOzoneClusterImpl.java:lambda$waitForClusterToBeReady$0(227)) - SCM became leader
2023-04-19 02:34:06,472 [SCMBlockDeletingService#0] DEBUG block.SCMBlockDeletingService (SCMBlockDeletingService.java:shouldRun(251)) - Check scm block delete run: true serviceStatus: RUNNING safemodeExitRunDelayMillis: 3000 alreadyWaitTimeInMillis: 19403
2023-04-19 02:34:06,472 [SCMBlockDeletingService#0] DEBUG block.SCMBlockDeletingService (SCMBlockDeletingService.java:call(154)) - Running DeletedBlockTransactionScanner
2023-04-19 02:34:06,479 [BlockDeletingService#2] INFO  interfaces.ContainerDeletionChoosingPolicyTemplate (ContainerDeletionChoosingPolicyTemplate.java:chooseContainerForBlockDeletion(83)) - Chosen 0/5000 blocks from 0 candidate containers.
2023-04-19 02:34:06,480 [BlockDeletingService#8] INFO  interfaces.ContainerDeletionChoosingPolicyTemplate (ContainerDeletionChoosingPolicyTemplate.java:chooseContainerForBlockDeletion(83)) - Chosen 0/5000 blocks from 0 candidate containers.
2023-04-19 02:34:06,534 [BlockDeletingService#2] INFO  interfaces.ContainerDeletionChoosingPolicyTemplate (ContainerDeletionChoosingPolicyTemplate.java:chooseContainerForBlockDeletion(83)) - Chosen 0/5000 blocks from 0 candidate containers.
2023-04-19 02:34:06,572 [SCMBlockDeletingService#0] DEBUG block.SCMBlockDeletingService (SCMBlockDeletingService.java:shouldRun(251)) - Check scm block delete run: true serviceStatus: RUNNING safemodeExitRunDelayMillis: 3000 alreadyWaitTimeInMillis: 19503
2023-04-19 02:34:06,573 [SCMBlockDeletingService#0] DEBUG block.SCMBlockDeletingService (SCMBlockDeletingService.java:call(154)) - Running DeletedBlockTransactionScanner
2023-04-19 02:34:06,579 [BlockDeletingService#2] INFO  interfaces.ContainerDeletionChoosingPolicyTemplate (ContainerDeletionChoosingPolicyTemplate.java:chooseContainerForBlockDeletion(83)) - Chosen 0/5000 blocks from 0 candidate containers.
2023-04-19 02:34:06,581 [BlockDeletingService#8] INFO  interfaces.ContainerDeletionChoosingPolicyTemplate (ContainerDeletionChoosingPolicyTemplate.java:chooseContainerForBlockDeletion(83)) - Chosen 0/5000 blocks from 0 candidate containers.
2023-04-19 02:34:06,634 [BlockDeletingService#2] INFO  interfaces.ContainerDeletionChoosingPolicyTemplate (ContainerDeletionChoosingPolicyTemplate.java:chooseContainerForBlockDeletion(83)) - Chosen 0/5000 blocks from 0 candidate containers.
2023-04-19 02:34:06,673 [SCMBlockDeletingService#0] DEBUG block.SCMBlockDeletingService (SCMBlockDeletingService.java:shouldRun(251)) - Check scm block delete run: true serviceStatus: RUNNING safemodeExitRunDelayMillis: 3000 alreadyWaitTimeInMillis: 19604
2023-04-19 02:34:06,673 [SCMBlockDeletingService#0] DEBUG block.SCMBlockDeletingService (SCMBlockDeletingService.java:call(154)) - Running DeletedBlockTransactionScanner
2023-04-19 02:34:06,679 [BlockDeletingService#2] INFO  interfaces.ContainerDeletionChoosingPolicyTemplate (ContainerDeletionChoosingPolicyTemplate.java:chooseContainerForBlockDeletion(83)) - Chosen 0/5000 blocks from 0 candidate containers.
2023-04-19 02:34:06,681 [BlockDeletingService#8] INFO  interfaces.ContainerDeletionChoosingPolicyTemplate (ContainerDeletionChoosingPolicyTemplate.java:chooseContainerForBlockDeletion(83)) - Chosen 0/5000 blocks from 0 candidate containers.
2023-04-19 02:34:06,734 [BlockDeletingService#2] INFO  interfaces.ContainerDeletionChoosingPolicyTemplate (ContainerDeletionChoosingPolicyTemplate.java:chooseContainerForBlockDeletion(83)) - Chosen 0/5000 blocks from 0 candidate containers.
2023-04-19 02:34:06,773 [SCMBlockDeletingService#0] DEBUG block.SCMBlockDeletingService (SCMBlockDeletingService.java:shouldRun(251)) - Check scm block delete run: true serviceStatus: RUNNING safemodeExitRunDelayMillis: 3000 alreadyWaitTimeInMillis: 19704
2023-04-19 02:34:06,773 [SCMBlockDeletingService#0] DEBUG block.SCMBlockDeletingService (SCMBlockDeletingService.java:call(154)) - Running DeletedBlockTransactionScanner
2023-04-19 02:34:06,779 [BlockDeletingService#2] INFO  interfaces.ContainerDeletionChoosingPolicyTemplate (ContainerDeletionChoosingPolicyTemplate.java:chooseContainerForBlockDeletion(83)) - Chosen 0/5000 blocks from 0 candidate containers.
2023-04-19 02:34:06,781 [BlockDeletingService#8] INFO  interfaces.ContainerDeletionChoosingPolicyTemplate (ContainerDeletionChoosingPolicyTemplate.java:chooseContainerForBlockDeletion(83)) - Chosen 0/5000 blocks from 0 candidate containers.
2023-04-19 02:34:06,835 [BlockDeletingService#2] INFO  interfaces.ContainerDeletionChoosingPolicyTemplate (ContainerDeletionChoosingPolicyTemplate.java:chooseContainerForBlockDeletion(83)) - Chosen 0/5000 blocks from 0 candidate containers.
2023-04-19 02:34:06,873 [SCMBlockDeletingService#0] DEBUG block.SCMBlockDeletingService (SCMBlockDeletingService.java:shouldRun(251)) - Check scm block delete run: true serviceStatus: RUNNING safemodeExitRunDelayMillis: 3000 alreadyWaitTimeInMillis: 19804
2023-04-19 02:34:06,873 [SCMBlockDeletingService#0] DEBUG block.SCMBlockDeletingService (SCMBlockDeletingService.java:call(154)) - Running DeletedBlockTransactionScanner
2023-04-19 02:34:06,880 [BlockDeletingService#2] INFO  interfaces.ContainerDeletionChoosingPolicyTemplate (ContainerDeletionChoosingPolicyTemplate.java:chooseContainerForBlockDeletion(83)) - Chosen 0/5000 blocks from 0 candidate containers.
2023-04-19 02:34:06,881 [BlockDeletingService#8] INFO  interfaces.ContainerDeletionChoosingPolicyTemplate (ContainerDeletionChoosingPolicyTemplate.java:chooseContainerForBlockDeletion(83)) - Chosen 0/5000 blocks from 0 candidate containers.
2023-04-19 02:34:06,935 [BlockDeletingService#2] INFO  interfaces.ContainerDeletionChoosingPolicyTemplate (ContainerDeletionChoosingPolicyTemplate.java:chooseContainerForBlockDeletion(83)) - Chosen 0/5000 blocks from 0 candidate containers.
2023-04-19 02:34:06,973 [SCMBlockDeletingService#0] DEBUG block.SCMBlockDeletingService (SCMBlockDeletingService.java:shouldRun(251)) - Check scm block delete run: true serviceStatus: RUNNING safemodeExitRunDelayMillis: 3000 alreadyWaitTimeInMillis: 19904
2023-04-19 02:34:06,973 [SCMBlockDeletingService#0] DEBUG block.SCMBlockDeletingService (SCMBlockDeletingService.java:call(154)) - Running DeletedBlockTransactionScanner
2023-04-19 02:34:06,980 [BlockDeletingService#2] INFO  interfaces.ContainerDeletionChoosingPolicyTemplate (ContainerDeletionChoosingPolicyTemplate.java:chooseContainerForBlockDeletion(83)) - Chosen 0/5000 blocks from 0 candidate containers.
2023-04-19 02:34:06,981 [BlockDeletingService#8] INFO  interfaces.ContainerDeletionChoosingPolicyTemplate (ContainerDeletionChoosingPolicyTemplate.java:chooseContainerForBlockDeletion(83)) - Chosen 0/5000 blocks from 0 candidate containers.
2023-04-19 02:34:07,035 [BlockDeletingService#2] INFO  interfaces.ContainerDeletionChoosingPolicyTemplate (ContainerDeletionChoosingPolicyTemplate.java:chooseContainerForBlockDeletion(83)) - Chosen 0/5000 blocks from 0 candidate containers.
2023-04-19 02:34:07,073 [SCMBlockDeletingService#0] DEBUG block.SCMBlockDeletingService (SCMBlockDeletingService.java:shouldRun(251)) - Check scm block delete run: true serviceStatus: RUNNING safemodeExitRunDelayMillis: 3000 alreadyWaitTimeInMillis: 20004
2023-04-19 02:34:07,073 [SCMBlockDeletingService#0] DEBUG block.SCMBlockDeletingService (SCMBlockDeletingService.java:call(154)) - Running DeletedBlockTransactionScanner
2023-04-19 02:34:07,080 [BlockDeletingService#2] INFO  interfaces.ContainerDeletionChoosingPolicyTemplate (ContainerDeletionChoosingPolicyTemplate.java:chooseContainerForBlockDeletion(83)) - Chosen 0/5000 blocks from 0 candidate containers.
2023-04-19 02:34:07,081 [BlockDeletingService#8] INFO  interfaces.ContainerDeletionChoosingPolicyTemplate (ContainerDeletionChoosingPolicyTemplate.java:chooseContainerForBlockDeletion(83)) - Chosen 0/5000 blocks from 0 candidate containers.
2023-04-19 02:34:07,135 [BlockDeletingService#2] INFO  interfaces.ContainerDeletionChoosingPolicyTemplate (ContainerDeletionChoosingPolicyTemplate.java:chooseContainerForBlockDeletion(83)) - Chosen 0/5000 blocks from 0 candidate containers.
2023-04-19 02:34:07,173 [SCMBlockDeletingService#0] DEBUG block.SCMBlockDeletingService (SCMBlockDeletingService.java:shouldRun(251)) - Check scm block delete run: true serviceStatus: RUNNING safemodeExitRunDelayMillis: 3000 alreadyWaitTimeInMillis: 20104
2023-04-19 02:34:07,173 [SCMBlockDeletingService#0] DEBUG block.SCMBlockDeletingService (SCMBlockDeletingService.java:call(154)) - Running DeletedBlockTransactionScanner
2023-04-19 02:34:07,180 [BlockDeletingService#2] INFO  interfaces.ContainerDeletionChoosingPolicyTemplate (ContainerDeletionChoosingPolicyTemplate.java:chooseContainerForBlockDeletion(83)) - Chosen 0/5000 blocks from 0 candidate containers.
2023-04-19 02:34:07,182 [BlockDeletingService#8] INFO  interfaces.ContainerDeletionChoosingPolicyTemplate (ContainerDeletionChoosingPolicyTemplate.java:chooseContainerForBlockDeletion(83)) - Chosen 0/5000 blocks from 0 candidate containers.
2023-04-19 02:34:07,236 [BlockDeletingService#2] INFO  interfaces.ContainerDeletionChoosingPolicyTemplate (ContainerDeletionChoosingPolicyTemplate.java:chooseContainerForBlockDeletion(83)) - Chosen 0/5000 blocks from 0 candidate containers.
2023-04-19 02:34:07,273 [SCMBlockDeletingService#0] DEBUG block.SCMBlockDeletingService (SCMBlockDeletingService.java:shouldRun(251)) - Check scm block delete run: true serviceStatus: RUNNING safemodeExitRunDelayMillis: 3000 alreadyWaitTimeInMillis: 20204
2023-04-19 02:34:07,273 [SCMBlockDeletingService#0] DEBUG block.SCMBlockDeletingService (SCMBlockDeletingService.java:call(154)) - Running DeletedBlockTransactionScanner
2023-04-19 02:34:07,281 [BlockDeletingService#2] INFO  interfaces.ContainerDeletionChoosingPolicyTemplate (ContainerDeletionChoosingPolicyTemplate.java:chooseContainerForBlockDeletion(83)) - Chosen 0/5000 blocks from 0 candidate containers.
2023-04-19 02:34:07,282 [BlockDeletingService#8] INFO  interfaces.ContainerDeletionChoosingPolicyTemplate (ContainerDeletionChoosingPolicyTemplate.java:chooseContainerForBlockDeletion(83)) - Chosen 0/5000 blocks from 0 candidate containers.
2023-04-19 02:34:07,336 [BlockDeletingService#2] INFO  interfaces.ContainerDeletionChoosingPolicyTemplate (ContainerDeletionChoosingPolicyTemplate.java:chooseContainerForBlockDeletion(83)) - Chosen 0/5000 blocks from 0 candidate containers.
2023-04-19 02:34:07,373 [SCMBlockDeletingService#0] DEBUG block.SCMBlockDeletingService (SCMBlockDeletingService.java:shouldRun(251)) - Check scm block delete run: true serviceStatus: RUNNING safemodeExitRunDelayMillis: 3000 alreadyWaitTimeInMillis: 20304
2023-04-19 02:34:07,373 [SCMBlockDeletingService#0] DEBUG block.SCMBlockDeletingService (SCMBlockDeletingService.java:call(154)) - Running DeletedBlockTransactionScanner
2023-04-19 02:34:07,381 [BlockDeletingService#2] INFO  interfaces.ContainerDeletionChoosingPolicyTemplate (ContainerDeletionChoosingPolicyTemplate.java:chooseContainerForBlockDeletion(83)) - Chosen 0/5000 blocks from 0 candidate containers.
2023-04-19 02:34:07,382 [BlockDeletingService#8] INFO  interfaces.ContainerDeletionChoosingPolicyTemplate (ContainerDeletionChoosingPolicyTemplate.java:chooseContainerForBlockDeletion(83)) - Chosen 0/5000 blocks from 0 candidate containers.
2023-04-19 02:34:07,436 [BlockDeletingService#2] INFO  interfaces.ContainerDeletionChoosingPolicyTemplate (ContainerDeletionChoosingPolicyTemplate.java:chooseContainerForBlockDeletion(83)) - Chosen 0/5000 blocks from 0 candidate containers.
2023-04-19 02:34:07,451 [Listener at 127.0.0.1/39891] INFO  ozone.MiniOzoneClusterImpl (MiniOzoneClusterImpl.java:lambda$waitForClusterToBeReady$0(222)) - Waiting for nodes to be ready. Got 2 of 3 DN Heartbeats.
2023-04-19 02:34:07,452 [Listener at 127.0.0.1/39891] INFO  ozone.MiniOzoneClusterImpl (MiniOzoneClusterImpl.java:lambda$waitForClusterToBeReady$0(225)) - Cluster exits safe mode
2023-04-19 02:34:07,452 [Listener at 127.0.0.1/39891] INFO  ozone.MiniOzoneClusterImpl (MiniOzoneClusterImpl.java:lambda$waitForClusterToBeReady$0(227)) - SCM became leader
2023-04-19 02:34:07,473 [SCMBlockDeletingService#0] DEBUG block.SCMBlockDeletingService (SCMBlockDeletingService.java:shouldRun(251)) - Check scm block delete run: true serviceStatus: RUNNING safemodeExitRunDelayMillis: 3000 alreadyWaitTimeInMillis: 20404
2023-04-19 02:34:07,474 [SCMBlockDeletingService#0] DEBUG block.SCMBlockDeletingService (SCMBlockDeletingService.java:call(154)) - Running DeletedBlockTransactionScanner
2023-04-19 02:34:07,481 [BlockDeletingService#2] INFO  interfaces.ContainerDeletionChoosingPolicyTemplate (ContainerDeletionChoosingPolicyTemplate.java:chooseContainerForBlockDeletion(83)) - Chosen 0/5000 blocks from 0 candidate containers.
2023-04-19 02:34:07,482 [BlockDeletingService#8] INFO  interfaces.ContainerDeletionChoosingPolicyTemplate (ContainerDeletionChoosingPolicyTemplate.java:chooseContainerForBlockDeletion(83)) - Chosen 0/5000 blocks from 0 candidate containers.
2023-04-19 02:34:07,536 [BlockDeletingService#2] INFO  interfaces.ContainerDeletionChoosingPolicyTemplate (ContainerDeletionChoosingPolicyTemplate.java:chooseContainerForBlockDeletion(83)) - Chosen 0/5000 blocks from 0 candidate containers.
2023-04-19 02:34:07,573 [SCMBlockDeletingService#0] DEBUG block.SCMBlockDeletingService (SCMBlockDeletingService.java:shouldRun(251)) - Check scm block delete run: true serviceStatus: RUNNING safemodeExitRunDelayMillis: 3000 alreadyWaitTimeInMillis: 20504
2023-04-19 02:34:07,574 [SCMBlockDeletingService#0] DEBUG block.SCMBlockDeletingService (SCMBlockDeletingService.java:call(154)) - Running DeletedBlockTransactionScanner
2023-04-19 02:34:07,577 [EventQueue-HealthyReadonlyNodeForHealthyReadOnlyNodeHandler] INFO  node.HealthyReadOnlyNodeHandler (HealthyReadOnlyNodeHandler.java:onMessage(56)) - Datanode 457148a9-726e-4dee-b9dd-7b4b55ffa2f6(fv-az127-56.h3uyzbqov44edfyrgkjongjtha.bx.internal.cloudapp.net/10.1.164.0) moved to HEALTHY READONLY state.
2023-04-19 02:34:07,577 [EventQueue-HealthyReadonlyNodeForHealthyReadOnlyNodeHandler] INFO  node.HealthyReadOnlyNodeHandler (HealthyReadOnlyNodeHandler.java:onMessage(88)) - Sending close command for pipeline PipelineID=e905c187-d44e-4d4f-943a-7551bbbf90f3 in state CLOSED which uses HEALTHY_READONLY datanode 457148a9-726e-4dee-b9dd-7b4b55ffa2f6. This will send close commands for its containers.
2023-04-19 02:34:07,577 [EventQueue-HealthyReadonlyNodeForHealthyReadOnlyNodeHandler] INFO  node.HealthyReadOnlyNodeHandler (HealthyReadOnlyNodeHandler.java:onMessage(88)) - Sending close command for pipeline PipelineID=31121653-d323-4bbf-a472-97a3278ebfda in state CLOSED which uses HEALTHY_READONLY datanode 457148a9-726e-4dee-b9dd-7b4b55ffa2f6. This will send close commands for its containers.
2023-04-19 02:34:07,577 [EventQueue-HealthyReadonlyNodeForHealthyReadOnlyNodeHandler] INFO  node.HealthyReadOnlyNodeHandler (HealthyReadOnlyNodeHandler.java:onMessage(88)) - Sending close command for pipeline PipelineID=c451b338-8c47-48a8-90fa-697db1a608ee in state CLOSED which uses HEALTHY_READONLY datanode 457148a9-726e-4dee-b9dd-7b4b55ffa2f6. This will send close commands for its containers.
2023-04-19 02:34:07,577 [EventQueue-HealthyReadonlyNodeForHealthyReadOnlyNodeHandler] INFO  node.HealthyReadOnlyNodeHandler (HealthyReadOnlyNodeHandler.java:onMessage(88)) - Sending close command for pipeline PipelineID=6c88f487-c9ba-46ea-aed9-8474c413378f in state CLOSED which uses HEALTHY_READONLY datanode 457148a9-726e-4dee-b9dd-7b4b55ffa2f6. This will send close commands for its containers.
2023-04-19 02:34:07,581 [BlockDeletingService#2] INFO  interfaces.ContainerDeletionChoosingPolicyTemplate (ContainerDeletionChoosingPolicyTemplate.java:chooseContainerForBlockDeletion(83)) - Chosen 0/5000 blocks from 0 candidate containers.
2023-04-19 02:34:07,582 [BlockDeletingService#8] INFO  interfaces.ContainerDeletionChoosingPolicyTemplate (ContainerDeletionChoosingPolicyTemplate.java:chooseContainerForBlockDeletion(83)) - Chosen 0/5000 blocks from 0 candidate containers.
2023-04-19 02:34:07,637 [BlockDeletingService#2] INFO  interfaces.ContainerDeletionChoosingPolicyTemplate (ContainerDeletionChoosingPolicyTemplate.java:chooseContainerForBlockDeletion(83)) - Chosen 0/5000 blocks from 0 candidate containers.
2023-04-19 02:34:07,674 [SCMBlockDeletingService#0] DEBUG block.SCMBlockDeletingService (SCMBlockDeletingService.java:shouldRun(251)) - Check scm block delete run: true serviceStatus: RUNNING safemodeExitRunDelayMillis: 3000 alreadyWaitTimeInMillis: 20605
2023-04-19 02:34:07,674 [SCMBlockDeletingService#0] DEBUG block.SCMBlockDeletingService (SCMBlockDeletingService.java:call(154)) - Running DeletedBlockTransactionScanner
2023-04-19 02:34:07,677 [EventQueue-HealthyReadonlyToHealthyNodeForReadOnlyHealthyToHealthyNodeHandler] INFO  node.ReadOnlyHealthyToHealthyNodeHandler (ReadOnlyHealthyToHealthyNodeHandler.java:onMessage(51)) - Datanode 457148a9-726e-4dee-b9dd-7b4b55ffa2f6(fv-az127-56.h3uyzbqov44edfyrgkjongjtha.bx.internal.cloudapp.net/10.1.164.0) moved to HEALTHY state.
2023-04-19 02:34:07,677 [EventQueue-HealthyReadonlyToHealthyNodeForReadOnlyHealthyToHealthyNodeHandler] INFO  pipeline.BackgroundPipelineCreator (BackgroundPipelineCreator.java:notifyEventTriggered(276)) - trigger a one-shot run on RatisPipelineUtilsThread.
2023-04-19 02:34:07,678 [RatisPipelineUtilsThread - 0] INFO  pipeline.RatisPipelineProvider (RatisPipelineProvider.java:lambda$create$0(206)) - Sending CreatePipelineCommand for pipeline:PipelineID=1b37f983-dacd-4db2-9bcc-6a09df08c44d to datanode:2fc7e044-034b-4d4d-85e4-65e0422d519b
2023-04-19 02:34:07,678 [RatisPipelineUtilsThread - 0] INFO  pipeline.RatisPipelineProvider (RatisPipelineProvider.java:lambda$create$0(206)) - Sending CreatePipelineCommand for pipeline:PipelineID=1b37f983-dacd-4db2-9bcc-6a09df08c44d to datanode:457148a9-726e-4dee-b9dd-7b4b55ffa2f6
2023-04-19 02:34:07,678 [RatisPipelineUtilsThread - 0] INFO  pipeline.RatisPipelineProvider (RatisPipelineProvider.java:lambda$create$0(206)) - Sending CreatePipelineCommand for pipeline:PipelineID=1b37f983-dacd-4db2-9bcc-6a09df08c44d to datanode:a2f76bd1-2c73-4f6b-ae37-53a5930131fe
2023-04-19 02:34:07,678 [RatisPipelineUtilsThread - 0] INFO  pipeline.PipelineStateManagerImpl (PipelineStateManagerImpl.java:addPipeline(103)) - Created pipeline Pipeline[ Id: 1b37f983-dacd-4db2-9bcc-6a09df08c44d, Nodes: 2fc7e044-034b-4d4d-85e4-65e0422d519b(fv-az127-56.h3uyzbqov44edfyrgkjongjtha.bx.internal.cloudapp.net/10.1.164.0)457148a9-726e-4dee-b9dd-7b4b55ffa2f6(fv-az127-56.h3uyzbqov44edfyrgkjongjtha.bx.internal.cloudapp.net/10.1.164.0)a2f76bd1-2c73-4f6b-ae37-53a5930131fe(fv-az127-56.h3uyzbqov44edfyrgkjongjtha.bx.internal.cloudapp.net/10.1.164.0), ReplicationConfig: RATIS/THREE, State:ALLOCATED, leaderId:, CreationTimestamp2023-04-19T02:34:07.678Z[Etc/UTC]].
2023-04-19 02:34:07,679 [RatisPipelineUtilsThread - 0] WARN  pipeline.PipelinePlacementPolicy (PipelinePlacementPolicy.java:filterViableNodes(160)) - Pipeline creation failed due to no sufficient healthy datanodes. Required 3. Found 0. Excluded 3.
2023-04-19 02:34:07,681 [BlockDeletingService#2] INFO  interfaces.ContainerDeletionChoosingPolicyTemplate (ContainerDeletionChoosingPolicyTemplate.java:chooseContainerForBlockDeletion(83)) - Chosen 0/5000 blocks from 0 candidate containers.
2023-04-19 02:34:07,682 [BlockDeletingService#8] INFO  interfaces.ContainerDeletionChoosingPolicyTemplate (ContainerDeletionChoosingPolicyTemplate.java:chooseContainerForBlockDeletion(83)) - Chosen 0/5000 blocks from 0 candidate containers.
2023-04-19 02:34:07,737 [BlockDeletingService#2] INFO  interfaces.ContainerDeletionChoosingPolicyTemplate (ContainerDeletionChoosingPolicyTemplate.java:chooseContainerForBlockDeletion(83)) - Chosen 0/5000 blocks from 0 candidate containers.
2023-04-19 02:34:07,774 [SCMBlockDeletingService#0] DEBUG block.SCMBlockDeletingService (SCMBlockDeletingService.java:shouldRun(251)) - Check scm block delete run: true serviceStatus: RUNNING safemodeExitRunDelayMillis: 3000 alreadyWaitTimeInMillis: 20705
2023-04-19 02:34:07,774 [SCMBlockDeletingService#0] DEBUG block.SCMBlockDeletingService (SCMBlockDeletingService.java:call(154)) - Running DeletedBlockTransactionScanner
2023-04-19 02:34:07,781 [BlockDeletingService#2] INFO  interfaces.ContainerDeletionChoosingPolicyTemplate (ContainerDeletionChoosingPolicyTemplate.java:chooseContainerForBlockDeletion(83)) - Chosen 0/5000 blocks from 0 candidate containers.
2023-04-19 02:34:07,782 [BlockDeletingService#8] INFO  interfaces.ContainerDeletionChoosingPolicyTemplate (ContainerDeletionChoosingPolicyTemplate.java:chooseContainerForBlockDeletion(83)) - Chosen 0/5000 blocks from 0 candidate containers.
2023-04-19 02:34:07,837 [BlockDeletingService#2] INFO  interfaces.ContainerDeletionChoosingPolicyTemplate (ContainerDeletionChoosingPolicyTemplate.java:chooseContainerForBlockDeletion(83)) - Chosen 0/5000 blocks from 0 candidate containers.
2023-04-19 02:34:07,874 [SCMBlockDeletingService#0] DEBUG block.SCMBlockDeletingService (SCMBlockDeletingService.java:shouldRun(251)) - Check scm block delete run: true serviceStatus: RUNNING safemodeExitRunDelayMillis: 3000 alreadyWaitTimeInMillis: 20805
2023-04-19 02:34:07,874 [SCMBlockDeletingService#0] DEBUG block.SCMBlockDeletingService (SCMBlockDeletingService.java:call(154)) - Running DeletedBlockTransactionScanner
2023-04-19 02:34:07,882 [BlockDeletingService#2] INFO  interfaces.ContainerDeletionChoosingPolicyTemplate (ContainerDeletionChoosingPolicyTemplate.java:chooseContainerForBlockDeletion(83)) - Chosen 0/5000 blocks from 0 candidate containers.
2023-04-19 02:34:07,883 [BlockDeletingService#8] INFO  interfaces.ContainerDeletionChoosingPolicyTemplate (ContainerDeletionChoosingPolicyTemplate.java:chooseContainerForBlockDeletion(83)) - Chosen 0/5000 blocks from 0 candidate containers.
2023-04-19 02:34:07,937 [BlockDeletingService#2] INFO  interfaces.ContainerDeletionChoosingPolicyTemplate (ContainerDeletionChoosingPolicyTemplate.java:chooseContainerForBlockDeletion(83)) - Chosen 0/5000 blocks from 0 candidate containers.
2023-04-19 02:34:07,972 [Command processor thread] INFO  server.RaftServer (RaftServerProxy.java:addNew(96)) - 2fc7e044-034b-4d4d-85e4-65e0422d519b: addNew group-6A09DF08C44D:[a2f76bd1-2c73-4f6b-ae37-53a5930131fe|rpc:10.1.164.0:34109|dataStream:10.1.164.0:36907|priority:1|startupRole:FOLLOWER, 2fc7e044-034b-4d4d-85e4-65e0422d519b|rpc:10.1.164.0:42467|dataStream:10.1.164.0:34951|priority:0|startupRole:FOLLOWER, 457148a9-726e-4dee-b9dd-7b4b55ffa2f6|rpc:10.1.164.0:41073|dataStream:10.1.164.0:34975|priority:0|startupRole:FOLLOWER] returns group-6A09DF08C44D:java.util.concurrent.CompletableFuture@278cf26c[Not completed]
2023-04-19 02:34:07,973 [pool-407-thread-1] INFO  server.RaftServer$Division (RaftServerImpl.java:<init>(195)) - 2fc7e044-034b-4d4d-85e4-65e0422d519b: new RaftServerImpl for group-6A09DF08C44D:[a2f76bd1-2c73-4f6b-ae37-53a5930131fe|rpc:10.1.164.0:34109|dataStream:10.1.164.0:36907|priority:1|startupRole:FOLLOWER, 2fc7e044-034b-4d4d-85e4-65e0422d519b|rpc:10.1.164.0:42467|dataStream:10.1.164.0:34951|priority:0|startupRole:FOLLOWER, 457148a9-726e-4dee-b9dd-7b4b55ffa2f6|rpc:10.1.164.0:41073|dataStream:10.1.164.0:34975|priority:0|startupRole:FOLLOWER] with ContainerStateMachine:uninitialized
2023-04-19 02:34:07,973 [pool-407-thread-1] INFO  server.RaftServerConfigKeys (ConfUtils.java:logGet(46)) - raft.server.rpc.timeout.min = 5s (custom)
2023-04-19 02:34:07,973 [pool-407-thread-1] INFO  server.RaftServerConfigKeys (ConfUtils.java:logGet(46)) - raft.server.rpc.timeout.max = 5200ms (custom)
2023-04-19 02:34:07,973 [pool-407-thread-1] INFO  server.RaftServerConfigKeys (ConfUtils.java:logGet(46)) - raft.server.rpc.sleep.time = 25ms (default)
2023-04-19 02:34:07,973 [pool-407-thread-1] INFO  server.RaftServerConfigKeys (ConfUtils.java:logGet(46)) - raft.server.rpc.slowness.timeout = 300s (custom)
2023-04-19 02:34:07,973 [pool-407-thread-1] INFO  server.RaftServerConfigKeys (ConfUtils.java:logGet(46)) - raft.server.leaderelection.leader.step-down.wait-time = 10s (default)
2023-04-19 02:34:07,973 [pool-407-thread-1] INFO  server.RaftServerConfigKeys (ConfUtils.java:logGet(46)) - raft.server.sleep.deviation.threshold = 300ms (default)
2023-04-19 02:34:07,974 [pool-407-thread-1] INFO  server.RaftServer$Division (ServerState.java:<init>(118)) - 2fc7e044-034b-4d4d-85e4-65e0422d519b@group-6A09DF08C44D: ConfigurationManager, init=-1: peers:[a2f76bd1-2c73-4f6b-ae37-53a5930131fe|rpc:10.1.164.0:34109|dataStream:10.1.164.0:36907|priority:1|startupRole:FOLLOWER, 2fc7e044-034b-4d4d-85e4-65e0422d519b|rpc:10.1.164.0:42467|dataStream:10.1.164.0:34951|priority:0|startupRole:FOLLOWER, 457148a9-726e-4dee-b9dd-7b4b55ffa2f6|rpc:10.1.164.0:41073|dataStream:10.1.164.0:34975|priority:0|startupRole:FOLLOWER]|listeners:[], old=null, confs=<EMPTY_MAP>
2023-04-19 02:34:07,974 [pool-407-thread-1] INFO  server.RaftServerConfigKeys (ConfUtils.java:logGet(46)) - raft.server.storage.dir = [/home/runner/work/ozone/ozone/hadoop-ozone/integration-test/target/test-dir/MiniOzoneClusterImpl-fac7741a-db88-4542-9ed6-27af914485a4/datanode-1/data/ratis] (custom)
2023-04-19 02:34:07,974 [pool-407-thread-1] INFO  server.RaftServerConfigKeys (ConfUtils.java:logGet(46)) - raft.server.log.corruption.policy = EXCEPTION (default)
2023-04-19 02:34:07,974 [SCMBlockDeletingService#0] DEBUG block.SCMBlockDeletingService (SCMBlockDeletingService.java:shouldRun(251)) - Check scm block delete run: true serviceStatus: RUNNING safemodeExitRunDelayMillis: 3000 alreadyWaitTimeInMillis: 20905
2023-04-19 02:34:07,974 [SCMBlockDeletingService#0] DEBUG block.SCMBlockDeletingService (SCMBlockDeletingService.java:call(154)) - Running DeletedBlockTransactionScanner
2023-04-19 02:34:07,974 [pool-407-thread-1] INFO  server.RaftServerConfigKeys (ConfUtils.java:logGet(46)) - raft.server.storage.free-space.min = 0MB (=0) (default)
2023-04-19 02:34:07,974 [pool-407-thread-1] INFO  server.RaftServerConfigKeys (ConfUtils.java:logGet(46)) - raft.server.notification.no-leader.timeout = 300s (custom)
2023-04-19 02:34:07,974 [pool-407-thread-1] INFO  server.RaftServerConfigKeys (ConfUtils.java:logGet(46)) - raft.server.retrycache.expirytime = 600000ms (custom)
2023-04-19 02:34:07,974 [pool-407-thread-1] INFO  server.RaftServerConfigKeys (ConfUtils.java:logGet(46)) - raft.server.retrycache.statistics.expirytime = 100μs (default)
2023-04-19 02:34:07,975 [pool-407-thread-1] INFO  server.RaftServerConfigKeys (ConfUtils.java:logGet(46)) - raft.server.log.appender.install.snapshot.enabled = false (custom)
2023-04-19 02:34:07,975 [pool-407-thread-1] INFO  server.RaftServerConfigKeys (ConfUtils.java:logGet(46)) - raft.server.threadpool.server.cached = true (default)
2023-04-19 02:34:07,975 [pool-407-thread-1] INFO  server.RaftServerConfigKeys (ConfUtils.java:logGet(46)) - raft.server.threadpool.server.size = 0 (default)
2023-04-19 02:34:07,976 [pool-407-thread-1] INFO  server.RaftServerConfigKeys (ConfUtils.java:logGet(46)) - raft.server.threadpool.client.cached = true (default)
2023-04-19 02:34:07,976 [pool-407-thread-1] INFO  server.RaftServerConfigKeys (ConfUtils.java:logGet(46)) - raft.server.threadpool.client.size = 0 (default)
2023-04-19 02:34:07,976 [pool-407-thread-1] INFO  storage.RaftStorageDirectory (RaftStorageDirectoryImpl.java:analyzeStorage(137)) - The storage directory /home/runner/work/ozone/ozone/hadoop-ozone/integration-test/target/test-dir/MiniOzoneClusterImpl-fac7741a-db88-4542-9ed6-27af914485a4/datanode-1/data/ratis/1b37f983-dacd-4db2-9bcc-6a09df08c44d does not exist. Creating ...
2023-04-19 02:34:07,977 [pool-407-thread-1] INFO  storage.RaftStorageDirectory (RaftStorageDirectoryImpl.java:tryLock(231)) - Lock on /home/runner/work/ozone/ozone/hadoop-ozone/integration-test/target/test-dir/MiniOzoneClusterImpl-fac7741a-db88-4542-9ed6-27af914485a4/datanode-1/data/ratis/1b37f983-dacd-4db2-9bcc-6a09df08c44d/in_use.lock acquired by nodename 42788@fv-az127-56
2023-04-19 02:34:07,978 [pool-407-thread-1] INFO  storage.RaftStorage (RaftStorageImpl.java:format(96)) - Storage directory /home/runner/work/ozone/ozone/hadoop-ozone/integration-test/target/test-dir/MiniOzoneClusterImpl-fac7741a-db88-4542-9ed6-27af914485a4/datanode-1/data/ratis/1b37f983-dacd-4db2-9bcc-6a09df08c44d has been successfully formatted.
2023-04-19 02:34:07,979 [pool-407-thread-1] INFO  ratis.ContainerStateMachine (ContainerStateMachine.java:loadSnapshot(262)) - group-6A09DF08C44D: The snapshot info is null. Setting the last applied indexto:(t:0, i:~)
2023-04-19 02:34:07,979 [pool-407-thread-1] INFO  server.RaftServerConfigKeys (ConfUtils.java:logGet(46)) - raft.server.log.use.memory = false (default)
2023-04-19 02:34:07,979 [pool-407-thread-1] INFO  server.RaftServerConfigKeys (ConfUtils.java:logGet(46)) - raft.server.log.purge.gap = 1000000 (custom)
2023-04-19 02:34:07,979 [pool-407-thread-1] INFO  server.RaftServerConfigKeys (ConfUtils.java:logGet(46)) - raft.server.log.appender.buffer.byte-limit = 33554432 (custom)
2023-04-19 02:34:07,979 [pool-407-thread-1] INFO  server.RaftServerConfigKeys (ConfUtils.java:logGet(46)) - raft.server.log.statemachine.data.read.timeout = 1000ms (default)
2023-04-19 02:34:07,979 [pool-407-thread-1] INFO  server.RaftServerConfigKeys (ConfUtils.java:logGet(46)) - raft.server.log.purge.preservation.log.num = 0 (default)
2023-04-19 02:34:07,979 [pool-407-thread-1] INFO  server.RaftServerConfigKeys (ConfUtils.java:logGet(46)) - raft.server.log.segment.size.max = 1048576 (custom)
2023-04-19 02:34:07,979 [pool-407-thread-1] INFO  server.RaftServerConfigKeys (ConfUtils.java:logGet(46)) - raft.server.log.segment.cache.num.max = 2 (custom)
2023-04-19 02:34:07,979 [pool-407-thread-1] INFO  server.RaftServerConfigKeys (ConfUtils.java:logGet(46)) - raft.server.log.segment.cache.size.max = 200MB (=209715200) (default)
2023-04-19 02:34:07,980 [pool-407-thread-1] INFO  segmented.SegmentedRaftLogWorker (SegmentedRaftLogWorker.java:<init>(189)) - new 2fc7e044-034b-4d4d-85e4-65e0422d519b@group-6A09DF08C44D-SegmentedRaftLogWorker for RaftStorageImpl:Storage Directory /home/runner/work/ozone/ozone/hadoop-ozone/integration-test/target/test-dir/MiniOzoneClusterImpl-fac7741a-db88-4542-9ed6-27af914485a4/datanode-1/data/ratis/1b37f983-dacd-4db2-9bcc-6a09df08c44d
2023-04-19 02:34:07,980 [pool-407-thread-1] INFO  server.RaftServerConfigKeys (ConfUtils.java:logGet(46)) - raft.server.log.queue.byte-limit = 4294967296 (custom)
2023-04-19 02:34:07,980 [pool-407-thread-1] INFO  server.RaftServerConfigKeys (ConfUtils.java:logGet(46)) - raft.server.log.queue.element-limit = 1024 (custom)
2023-04-19 02:34:07,980 [pool-407-thread-1] INFO  server.RaftServerConfigKeys (ConfUtils.java:logGet(46)) - raft.server.log.segment.size.max = 1048576 (custom)
2023-04-19 02:34:07,980 [pool-407-thread-1] INFO  server.RaftServerConfigKeys (ConfUtils.java:logGet(46)) - raft.server.log.preallocated.size = 16384 (custom)
2023-04-19 02:34:07,980 [pool-407-thread-1] INFO  server.RaftServerConfigKeys (ConfUtils.java:logGet(46)) - raft.server.log.force.sync.num = 128 (default)
2023-04-19 02:34:07,980 [pool-407-thread-1] INFO  server.RaftServerConfigKeys (ConfUtils.java:logGet(46)) - raft.server.log.statemachine.data.sync = true (default)
2023-04-19 02:34:07,980 [pool-407-thread-1] INFO  server.RaftServerConfigKeys (ConfUtils.java:logGet(46)) - raft.server.log.statemachine.data.sync.timeout = 10s (default)
2023-04-19 02:34:07,980 [pool-407-thread-1] INFO  server.RaftServerConfigKeys (ConfUtils.java:logGet(46)) - raft.server.log.statemachine.data.sync.timeout.retry = -1 (default)
2023-04-19 02:34:07,980 [pool-407-thread-1] INFO  server.RaftServerConfigKeys (ConfUtils.java:logGet(46)) - raft.server.log.write.buffer.size = 1048576 (custom)
2023-04-19 02:34:07,981 [pool-407-thread-1] INFO  server.RaftServerConfigKeys (ConfUtils.java:logGet(46)) - raft.server.log.appender.buffer.byte-limit = 33554432 (custom)
2023-04-19 02:34:07,982 [BlockDeletingService#2] INFO  interfaces.ContainerDeletionChoosingPolicyTemplate (ContainerDeletionChoosingPolicyTemplate.java:chooseContainerForBlockDeletion(83)) - Chosen 0/5000 blocks from 0 candidate containers.
2023-04-19 02:34:07,983 [BlockDeletingService#8] INFO  interfaces.ContainerDeletionChoosingPolicyTemplate (ContainerDeletionChoosingPolicyTemplate.java:chooseContainerForBlockDeletion(83)) - Chosen 0/5000 blocks from 0 candidate containers.
2023-04-19 02:34:07,986 [pool-407-thread-1] INFO  server.RaftServerConfigKeys (ConfUtils.java:logGet(46)) - raft.server.log.unsafe-flush.enabled = false (default)
2023-04-19 02:34:07,986 [pool-407-thread-1] INFO  server.RaftServerConfigKeys (ConfUtils.java:logGet(46)) - raft.server.log.async-flush.enabled = false (default)
2023-04-19 02:34:07,986 [pool-407-thread-1] INFO  server.RaftServerConfigKeys (ConfUtils.java:logGet(46)) - raft.server.log.statemachine.data.caching.enabled = true (custom)
2023-04-19 02:34:07,986 [pool-407-thread-1] INFO  segmented.SegmentedRaftLogWorker (SegmentedRaftLogWorker.java:lambda$new$0(135)) - 2fc7e044-034b-4d4d-85e4-65e0422d519b@group-6A09DF08C44D-SegmentedRaftLogWorker: flushIndex: setUnconditionally 0 -> -1
2023-04-19 02:34:07,986 [pool-407-thread-1] INFO  segmented.SegmentedRaftLogWorker (SegmentedRaftLogWorker.java:lambda$new$0(135)) - 2fc7e044-034b-4d4d-85e4-65e0422d519b@group-6A09DF08C44D-SegmentedRaftLogWorker: safeCacheEvictIndex: setUnconditionally 0 -> -1
2023-04-19 02:34:07,986 [pool-407-thread-1] INFO  server.RaftServer$Division (RaftServerImpl.java:start(334)) - 2fc7e044-034b-4d4d-85e4-65e0422d519b@group-6A09DF08C44D: start as a follower, conf=-1: peers:[a2f76bd1-2c73-4f6b-ae37-53a5930131fe|rpc:10.1.164.0:34109|dataStream:10.1.164.0:36907|priority:1|startupRole:FOLLOWER, 2fc7e044-034b-4d4d-85e4-65e0422d519b|rpc:10.1.164.0:42467|dataStream:10.1.164.0:34951|priority:0|startupRole:FOLLOWER, 457148a9-726e-4dee-b9dd-7b4b55ffa2f6|rpc:10.1.164.0:41073|dataStream:10.1.164.0:34975|priority:0|startupRole:FOLLOWER]|listeners:[], old=null
2023-04-19 02:34:07,986 [pool-407-thread-1] INFO  server.RaftServer$Division (RaftServerImpl.java:setRole(321)) - 2fc7e044-034b-4d4d-85e4-65e0422d519b@group-6A09DF08C44D: changes role from      null to FOLLOWER at term 0 for startAsFollower
2023-04-19 02:34:07,986 [pool-407-thread-1] INFO  impl.RoleInfo (RoleInfo.java:updateAndGet(139)) - 2fc7e044-034b-4d4d-85e4-65e0422d519b: start 2fc7e044-034b-4d4d-85e4-65e0422d519b@group-6A09DF08C44D-FollowerState
2023-04-19 02:34:07,987 [pool-407-thread-1] INFO  util.JmxRegister (JmxRegister.java:tryRegister(44)) - Successfully registered JMX Bean with object name Ratis:service=RaftServer,group=group-6A09DF08C44D,id=2fc7e044-034b-4d4d-85e4-65e0422d519b
2023-04-19 02:34:07,987 [2fc7e044-034b-4d4d-85e4-65e0422d519b@group-6A09DF08C44D-FollowerState] INFO  server.RaftServerConfigKeys (ConfUtils.java:logFallback(53)) - raft.server.rpc.first-election.timeout.min = 5s (fallback to raft.server.rpc.timeout.min)
2023-04-19 02:34:07,987 [pool-407-thread-1] INFO  server.RaftServerConfigKeys (ConfUtils.java:logGet(46)) - raft.server.snapshot.auto.trigger.enabled = true (custom)
2023-04-19 02:34:07,987 [2fc7e044-034b-4d4d-85e4-65e0422d519b@group-6A09DF08C44D-FollowerState] INFO  server.RaftServerConfigKeys (ConfUtils.java:logFallback(53)) - raft.server.rpc.first-election.timeout.max = 5200ms (fallback to raft.server.rpc.timeout.max)
2023-04-19 02:34:07,987 [pool-407-thread-1] INFO  server.RaftServerConfigKeys (ConfUtils.java:logGet(46)) - raft.server.snapshot.auto.trigger.threshold = 10000 (custom)
2023-04-19 02:34:07,987 [pool-407-thread-1] INFO  server.RaftServerConfigKeys (ConfUtils.java:logGet(46)) - raft.server.snapshot.retention.file.num = 5 (custom)
2023-04-19 02:34:07,987 [pool-407-thread-1] INFO  server.RaftServerConfigKeys (ConfUtils.java:logGet(46)) - raft.server.log.purge.upto.snapshot.index = false (default)
2023-04-19 02:34:07,987 [Command processor thread] INFO  ratis.XceiverServerRatis (XceiverServerRatis.java:addGroup(806)) - Created group PipelineID=1b37f983-dacd-4db2-9bcc-6a09df08c44d
2023-04-19 02:34:07,997 [grpc-default-executor-5] INFO  server.RaftServer (RaftServerProxy.java:addNew(96)) - 457148a9-726e-4dee-b9dd-7b4b55ffa2f6: addNew group-6A09DF08C44D:[a2f76bd1-2c73-4f6b-ae37-53a5930131fe|rpc:10.1.164.0:34109|dataStream:10.1.164.0:36907|priority:1|startupRole:FOLLOWER, 2fc7e044-034b-4d4d-85e4-65e0422d519b|rpc:10.1.164.0:42467|dataStream:10.1.164.0:34951|priority:0|startupRole:FOLLOWER, 457148a9-726e-4dee-b9dd-7b4b55ffa2f6|rpc:10.1.164.0:41073|dataStream:10.1.164.0:34975|priority:0|startupRole:FOLLOWER] returns group-6A09DF08C44D:java.util.concurrent.CompletableFuture@734b9b14[Not completed]
2023-04-19 02:34:07,998 [pool-480-thread-1] INFO  server.RaftServer$Division (RaftServerImpl.java:<init>(195)) - 457148a9-726e-4dee-b9dd-7b4b55ffa2f6: new RaftServerImpl for group-6A09DF08C44D:[a2f76bd1-2c73-4f6b-ae37-53a5930131fe|rpc:10.1.164.0:34109|dataStream:10.1.164.0:36907|priority:1|startupRole:FOLLOWER, 2fc7e044-034b-4d4d-85e4-65e0422d519b|rpc:10.1.164.0:42467|dataStream:10.1.164.0:34951|priority:0|startupRole:FOLLOWER, 457148a9-726e-4dee-b9dd-7b4b55ffa2f6|rpc:10.1.164.0:41073|dataStream:10.1.164.0:34975|priority:0|startupRole:FOLLOWER] with ContainerStateMachine:uninitialized
2023-04-19 02:34:07,998 [pool-480-thread-1] INFO  server.RaftServerConfigKeys (ConfUtils.java:logGet(46)) - raft.server.rpc.timeout.min = 5s (custom)
2023-04-19 02:34:07,998 [pool-480-thread-1] INFO  server.RaftServerConfigKeys (ConfUtils.java:logGet(46)) - raft.server.rpc.timeout.max = 5200ms (custom)
2023-04-19 02:34:07,998 [pool-480-thread-1] INFO  server.RaftServerConfigKeys (ConfUtils.java:logGet(46)) - raft.server.rpc.sleep.time = 25ms (default)
2023-04-19 02:34:07,998 [pool-480-thread-1] INFO  server.RaftServerConfigKeys (ConfUtils.java:logGet(46)) - raft.server.rpc.slowness.timeout = 300s (custom)
2023-04-19 02:34:07,998 [pool-480-thread-1] INFO  server.RaftServerConfigKeys (ConfUtils.java:logGet(46)) - raft.server.leaderelection.leader.step-down.wait-time = 10s (default)
2023-04-19 02:34:07,998 [pool-480-thread-1] INFO  server.RaftServerConfigKeys (ConfUtils.java:logGet(46)) - raft.server.sleep.deviation.threshold = 300ms (default)
2023-04-19 02:34:07,998 [pool-480-thread-1] INFO  server.RaftServer$Division (ServerState.java:<init>(118)) - 457148a9-726e-4dee-b9dd-7b4b55ffa2f6@group-6A09DF08C44D: ConfigurationManager, init=-1: peers:[a2f76bd1-2c73-4f6b-ae37-53a5930131fe|rpc:10.1.164.0:34109|dataStream:10.1.164.0:36907|priority:1|startupRole:FOLLOWER, 2fc7e044-034b-4d4d-85e4-65e0422d519b|rpc:10.1.164.0:42467|dataStream:10.1.164.0:34951|priority:0|startupRole:FOLLOWER, 457148a9-726e-4dee-b9dd-7b4b55ffa2f6|rpc:10.1.164.0:41073|dataStream:10.1.164.0:34975|priority:0|startupRole:FOLLOWER]|listeners:[], old=null, confs=<EMPTY_MAP>
2023-04-19 02:34:07,998 [pool-480-thread-1] INFO  server.RaftServerConfigKeys (ConfUtils.java:logGet(46)) - raft.server.storage.dir = [/home/runner/work/ozone/ozone/hadoop-ozone/integration-test/target/test-dir/MiniOzoneClusterImpl-fac7741a-db88-4542-9ed6-27af914485a4/datanode-0/data/ratis] (custom)
2023-04-19 02:34:07,998 [pool-480-thread-1] INFO  server.RaftServerConfigKeys (ConfUtils.java:logGet(46)) - raft.server.log.corruption.policy = EXCEPTION (default)
2023-04-19 02:34:07,999 [pool-480-thread-1] INFO  server.RaftServerConfigKeys (ConfUtils.java:logGet(46)) - raft.server.storage.free-space.min = 0MB (=0) (default)
2023-04-19 02:34:07,999 [pool-480-thread-1] INFO  server.RaftServerConfigKeys (ConfUtils.java:logGet(46)) - raft.server.notification.no-leader.timeout = 300s (custom)
2023-04-19 02:34:07,999 [pool-480-thread-1] INFO  server.RaftServerConfigKeys (ConfUtils.java:logGet(46)) - raft.server.retrycache.expirytime = 600000ms (custom)
2023-04-19 02:34:07,999 [pool-480-thread-1] INFO  server.RaftServerConfigKeys (ConfUtils.java:logGet(46)) - raft.server.retrycache.statistics.expirytime = 100μs (default)
2023-04-19 02:34:07,999 [pool-480-thread-1] INFO  server.RaftServerConfigKeys (ConfUtils.java:logGet(46)) - raft.server.log.appender.install.snapshot.enabled = false (custom)
2023-04-19 02:34:07,999 [pool-480-thread-1] INFO  server.RaftServerConfigKeys (ConfUtils.java:logGet(46)) - raft.server.threadpool.server.cached = true (default)
2023-04-19 02:34:07,999 [pool-480-thread-1] INFO  server.RaftServerConfigKeys (ConfUtils.java:logGet(46)) - raft.server.threadpool.server.size = 0 (default)
2023-04-19 02:34:07,999 [pool-480-thread-1] INFO  server.RaftServerConfigKeys (ConfUtils.java:logGet(46)) - raft.server.threadpool.client.cached = true (default)
2023-04-19 02:34:07,999 [pool-480-thread-1] INFO  server.RaftServerConfigKeys (ConfUtils.java:logGet(46)) - raft.server.threadpool.client.size = 0 (default)
2023-04-19 02:34:07,999 [pool-480-thread-1] INFO  storage.RaftStorageDirectory (RaftStorageDirectoryImpl.java:analyzeStorage(137)) - The storage directory /home/runner/work/ozone/ozone/hadoop-ozone/integration-test/target/test-dir/MiniOzoneClusterImpl-fac7741a-db88-4542-9ed6-27af914485a4/datanode-0/data/ratis/1b37f983-dacd-4db2-9bcc-6a09df08c44d does not exist. Creating ...
2023-04-19 02:34:08,004 [pool-480-thread-1] INFO  storage.RaftStorageDirectory (RaftStorageDirectoryImpl.java:tryLock(231)) - Lock on /home/runner/work/ozone/ozone/hadoop-ozone/integration-test/target/test-dir/MiniOzoneClusterImpl-fac7741a-db88-4542-9ed6-27af914485a4/datanode-0/data/ratis/1b37f983-dacd-4db2-9bcc-6a09df08c44d/in_use.lock acquired by nodename 42788@fv-az127-56
2023-04-19 02:34:08,005 [pool-480-thread-1] INFO  storage.RaftStorage (RaftStorageImpl.java:format(96)) - Storage directory /home/runner/work/ozone/ozone/hadoop-ozone/integration-test/target/test-dir/MiniOzoneClusterImpl-fac7741a-db88-4542-9ed6-27af914485a4/datanode-0/data/ratis/1b37f983-dacd-4db2-9bcc-6a09df08c44d has been successfully formatted.
2023-04-19 02:34:08,006 [pool-480-thread-1] INFO  ratis.ContainerStateMachine (ContainerStateMachine.java:loadSnapshot(262)) - group-6A09DF08C44D: The snapshot info is null. Setting the last applied indexto:(t:0, i:~)
2023-04-19 02:34:08,008 [pool-480-thread-1] INFO  server.RaftServerConfigKeys (ConfUtils.java:logGet(46)) - raft.server.log.use.memory = false (default)
2023-04-19 02:34:08,008 [pool-480-thread-1] INFO  server.RaftServerConfigKeys (ConfUtils.java:logGet(46)) - raft.server.log.purge.gap = 1000000 (custom)
2023-04-19 02:34:08,008 [pool-480-thread-1] INFO  server.RaftServerConfigKeys (ConfUtils.java:logGet(46)) - raft.server.log.appender.buffer.byte-limit = 33554432 (custom)
2023-04-19 02:34:08,008 [pool-480-thread-1] INFO  server.RaftServerConfigKeys (ConfUtils.java:logGet(46)) - raft.server.log.statemachine.data.read.timeout = 1000ms (default)
2023-04-19 02:34:08,008 [pool-480-thread-1] INFO  server.RaftServerConfigKeys (ConfUtils.java:logGet(46)) - raft.server.log.purge.preservation.log.num = 0 (default)
2023-04-19 02:34:08,008 [pool-480-thread-1] INFO  server.RaftServerConfigKeys (ConfUtils.java:logGet(46)) - raft.server.log.segment.size.max = 1048576 (custom)
2023-04-19 02:34:08,009 [pool-480-thread-1] INFO  server.RaftServerConfigKeys (ConfUtils.java:logGet(46)) - raft.server.log.segment.cache.num.max = 2 (custom)
2023-04-19 02:34:08,009 [pool-480-thread-1] INFO  server.RaftServerConfigKeys (ConfUtils.java:logGet(46)) - raft.server.log.segment.cache.size.max = 200MB (=209715200) (default)
2023-04-19 02:34:08,009 [pool-480-thread-1] INFO  segmented.SegmentedRaftLogWorker (SegmentedRaftLogWorker.java:<init>(189)) - new 457148a9-726e-4dee-b9dd-7b4b55ffa2f6@group-6A09DF08C44D-SegmentedRaftLogWorker for RaftStorageImpl:Storage Directory /home/runner/work/ozone/ozone/hadoop-ozone/integration-test/target/test-dir/MiniOzoneClusterImpl-fac7741a-db88-4542-9ed6-27af914485a4/datanode-0/data/ratis/1b37f983-dacd-4db2-9bcc-6a09df08c44d
2023-04-19 02:34:08,009 [pool-480-thread-1] INFO  server.RaftServerConfigKeys (ConfUtils.java:logGet(46)) - raft.server.log.queue.byte-limit = 4294967296 (custom)
2023-04-19 02:34:08,009 [pool-480-thread-1] INFO  server.RaftServerConfigKeys (ConfUtils.java:logGet(46)) - raft.server.log.queue.element-limit = 1024 (custom)
2023-04-19 02:34:08,009 [pool-480-thread-1] INFO  server.RaftServerConfigKeys (ConfUtils.java:logGet(46)) - raft.server.log.segment.size.max = 1048576 (custom)
2023-04-19 02:34:08,009 [pool-480-thread-1] INFO  server.RaftServerConfigKeys (ConfUtils.java:logGet(46)) - raft.server.log.preallocated.size = 16384 (custom)
2023-04-19 02:34:08,009 [pool-480-thread-1] INFO  server.RaftServerConfigKeys (ConfUtils.java:logGet(46)) - raft.server.log.force.sync.num = 128 (default)
2023-04-19 02:34:08,009 [pool-480-thread-1] INFO  server.RaftServerConfigKeys (ConfUtils.java:logGet(46)) - raft.server.log.statemachine.data.sync = true (default)
2023-04-19 02:34:08,009 [pool-480-thread-1] INFO  server.RaftServerConfigKeys (ConfUtils.java:logGet(46)) - raft.server.log.statemachine.data.sync.timeout = 10s (default)
2023-04-19 02:34:08,009 [pool-480-thread-1] INFO  server.RaftServerConfigKeys (ConfUtils.java:logGet(46)) - raft.server.log.statemachine.data.sync.timeout.retry = -1 (default)
2023-04-19 02:34:08,010 [pool-480-thread-1] INFO  server.RaftServerConfigKeys (ConfUtils.java:logGet(46)) - raft.server.log.write.buffer.size = 1048576 (custom)
2023-04-19 02:34:08,010 [pool-480-thread-1] INFO  server.RaftServerConfigKeys (ConfUtils.java:logGet(46)) - raft.server.log.appender.buffer.byte-limit = 33554432 (custom)
2023-04-19 02:34:08,015 [pool-480-thread-1] INFO  server.RaftServerConfigKeys (ConfUtils.java:logGet(46)) - raft.server.log.unsafe-flush.enabled = false (default)
2023-04-19 02:34:08,015 [pool-480-thread-1] INFO  server.RaftServerConfigKeys (ConfUtils.java:logGet(46)) - raft.server.log.async-flush.enabled = false (default)
2023-04-19 02:34:08,016 [pool-480-thread-1] INFO  server.RaftServerConfigKeys (ConfUtils.java:logGet(46)) - raft.server.log.statemachine.data.caching.enabled = true (custom)
2023-04-19 02:34:08,018 [pool-480-thread-1] INFO  segmented.SegmentedRaftLogWorker (SegmentedRaftLogWorker.java:lambda$new$0(135)) - 457148a9-726e-4dee-b9dd-7b4b55ffa2f6@group-6A09DF08C44D-SegmentedRaftLogWorker: flushIndex: setUnconditionally 0 -> -1
2023-04-19 02:34:08,018 [pool-480-thread-1] INFO  segmented.SegmentedRaftLogWorker (SegmentedRaftLogWorker.java:lambda$new$0(135)) - 457148a9-726e-4dee-b9dd-7b4b55ffa2f6@group-6A09DF08C44D-SegmentedRaftLogWorker: safeCacheEvictIndex: setUnconditionally 0 -> -1
2023-04-19 02:34:08,019 [pool-480-thread-1] INFO  server.RaftServer$Division (RaftServerImpl.java:start(334)) - 457148a9-726e-4dee-b9dd-7b4b55ffa2f6@group-6A09DF08C44D: start as a follower, conf=-1: peers:[a2f76bd1-2c73-4f6b-ae37-53a5930131fe|rpc:10.1.164.0:34109|dataStream:10.1.164.0:36907|priority:1|startupRole:FOLLOWER, 2fc7e044-034b-4d4d-85e4-65e0422d519b|rpc:10.1.164.0:42467|dataStream:10.1.164.0:34951|priority:0|startupRole:FOLLOWER, 457148a9-726e-4dee-b9dd-7b4b55ffa2f6|rpc:10.1.164.0:41073|dataStream:10.1.164.0:34975|priority:0|startupRole:FOLLOWER]|listeners:[], old=null
2023-04-19 02:34:08,019 [pool-480-thread-1] INFO  server.RaftServer$Division (RaftServerImpl.java:setRole(321)) - 457148a9-726e-4dee-b9dd-7b4b55ffa2f6@group-6A09DF08C44D: changes role from      null to FOLLOWER at term 0 for startAsFollower
2023-04-19 02:34:08,020 [pool-480-thread-1] INFO  impl.RoleInfo (RoleInfo.java:updateAndGet(139)) - 457148a9-726e-4dee-b9dd-7b4b55ffa2f6: start 457148a9-726e-4dee-b9dd-7b4b55ffa2f6@group-6A09DF08C44D-FollowerState
2023-04-19 02:34:08,020 [457148a9-726e-4dee-b9dd-7b4b55ffa2f6@group-6A09DF08C44D-FollowerState] INFO  server.RaftServerConfigKeys (ConfUtils.java:logFallback(53)) - raft.server.rpc.first-election.timeout.min = 5s (fallback to raft.server.rpc.timeout.min)
2023-04-19 02:34:08,020 [457148a9-726e-4dee-b9dd-7b4b55ffa2f6@group-6A09DF08C44D-FollowerState] INFO  server.RaftServerConfigKeys (ConfUtils.java:logFallback(53)) - raft.server.rpc.first-election.timeout.max = 5200ms (fallback to raft.server.rpc.timeout.max)
2023-04-19 02:34:08,020 [pool-480-thread-1] INFO  util.JmxRegister (JmxRegister.java:tryRegister(44)) - Successfully registered JMX Bean with object name Ratis:service=RaftServer,group=group-6A09DF08C44D,id=457148a9-726e-4dee-b9dd-7b4b55ffa2f6
2023-04-19 02:34:08,021 [pool-480-thread-1] INFO  server.RaftServerConfigKeys (ConfUtils.java:logGet(46)) - raft.server.snapshot.auto.trigger.enabled = true (custom)
2023-04-19 02:34:08,021 [pool-480-thread-1] INFO  server.RaftServerConfigKeys (ConfUtils.java:logGet(46)) - raft.server.snapshot.auto.trigger.threshold = 10000 (custom)
2023-04-19 02:34:08,021 [pool-480-thread-1] INFO  server.RaftServerConfigKeys (ConfUtils.java:logGet(46)) - raft.server.snapshot.retention.file.num = 5 (custom)
2023-04-19 02:34:08,021 [pool-480-thread-1] INFO  server.RaftServerConfigKeys (ConfUtils.java:logGet(46)) - raft.server.log.purge.upto.snapshot.index = false (default)
2023-04-19 02:34:08,032 [grpc-default-executor-5] INFO  server.RaftServer (RaftServerProxy.java:addNew(96)) - a2f76bd1-2c73-4f6b-ae37-53a5930131fe: addNew group-6A09DF08C44D:[a2f76bd1-2c73-4f6b-ae37-53a5930131fe|rpc:10.1.164.0:34109|dataStream:10.1.164.0:36907|priority:1|startupRole:FOLLOWER, 2fc7e044-034b-4d4d-85e4-65e0422d519b|rpc:10.1.164.0:42467|dataStream:10.1.164.0:34951|priority:0|startupRole:FOLLOWER, 457148a9-726e-4dee-b9dd-7b4b55ffa2f6|rpc:10.1.164.0:41073|dataStream:10.1.164.0:34975|priority:0|startupRole:FOLLOWER] returns group-6A09DF08C44D:java.util.concurrent.CompletableFuture@7a3c6edc[Not completed]
2023-04-19 02:34:08,033 [pool-429-thread-1] INFO  server.RaftServer$Division (RaftServerImpl.java:<init>(195)) - a2f76bd1-2c73-4f6b-ae37-53a5930131fe: new RaftServerImpl for group-6A09DF08C44D:[a2f76bd1-2c73-4f6b-ae37-53a5930131fe|rpc:10.1.164.0:34109|dataStream:10.1.164.0:36907|priority:1|startupRole:FOLLOWER, 2fc7e044-034b-4d4d-85e4-65e0422d519b|rpc:10.1.164.0:42467|dataStream:10.1.164.0:34951|priority:0|startupRole:FOLLOWER, 457148a9-726e-4dee-b9dd-7b4b55ffa2f6|rpc:10.1.164.0:41073|dataStream:10.1.164.0:34975|priority:0|startupRole:FOLLOWER] with ContainerStateMachine:uninitialized
2023-04-19 02:34:08,034 [pool-429-thread-1] INFO  server.RaftServerConfigKeys (ConfUtils.java:logGet(46)) - raft.server.rpc.timeout.min = 5s (custom)
2023-04-19 02:34:08,034 [pool-429-thread-1] INFO  server.RaftServerConfigKeys (ConfUtils.java:logGet(46)) - raft.server.rpc.timeout.max = 5200ms (custom)
2023-04-19 02:34:08,034 [pool-429-thread-1] INFO  server.RaftServerConfigKeys (ConfUtils.java:logGet(46)) - raft.server.rpc.sleep.time = 25ms (default)
2023-04-19 02:34:08,034 [pool-429-thread-1] INFO  server.RaftServerConfigKeys (ConfUtils.java:logGet(46)) - raft.server.rpc.slowness.timeout = 300s (custom)
2023-04-19 02:34:08,034 [pool-429-thread-1] INFO  server.RaftServerConfigKeys (ConfUtils.java:logGet(46)) - raft.server.leaderelection.leader.step-down.wait-time = 10s (default)
2023-04-19 02:34:08,034 [pool-429-thread-1] INFO  server.RaftServerConfigKeys (ConfUtils.java:logGet(46)) - raft.server.sleep.deviation.threshold = 300ms (default)
2023-04-19 02:34:08,034 [pool-429-thread-1] INFO  server.RaftServer$Division (ServerState.java:<init>(118)) - a2f76bd1-2c73-4f6b-ae37-53a5930131fe@group-6A09DF08C44D: ConfigurationManager, init=-1: peers:[a2f76bd1-2c73-4f6b-ae37-53a5930131fe|rpc:10.1.164.0:34109|dataStream:10.1.164.0:36907|priority:1|startupRole:FOLLOWER, 2fc7e044-034b-4d4d-85e4-65e0422d519b|rpc:10.1.164.0:42467|dataStream:10.1.164.0:34951|priority:0|startupRole:FOLLOWER, 457148a9-726e-4dee-b9dd-7b4b55ffa2f6|rpc:10.1.164.0:41073|dataStream:10.1.164.0:34975|priority:0|startupRole:FOLLOWER]|listeners:[], old=null, confs=<EMPTY_MAP>
2023-04-19 02:34:08,034 [pool-429-thread-1] INFO  server.RaftServerConfigKeys (ConfUtils.java:logGet(46)) - raft.server.storage.dir = [/home/runner/work/ozone/ozone/hadoop-ozone/integration-test/target/test-dir/MiniOzoneClusterImpl-fac7741a-db88-4542-9ed6-27af914485a4/datanode-2/data/ratis] (custom)
2023-04-19 02:34:08,034 [pool-429-thread-1] INFO  server.RaftServerConfigKeys (ConfUtils.java:logGet(46)) - raft.server.log.corruption.policy = EXCEPTION (default)
2023-04-19 02:34:08,034 [pool-429-thread-1] INFO  server.RaftServerConfigKeys (ConfUtils.java:logGet(46)) - raft.server.storage.free-space.min = 0MB (=0) (default)
2023-04-19 02:34:08,035 [pool-429-thread-1] INFO  server.RaftServerConfigKeys (ConfUtils.java:logGet(46)) - raft.server.notification.no-leader.timeout = 300s (custom)
2023-04-19 02:34:08,035 [pool-429-thread-1] INFO  server.RaftServerConfigKeys (ConfUtils.java:logGet(46)) - raft.server.retrycache.expirytime = 600000ms (custom)
2023-04-19 02:34:08,035 [pool-429-thread-1] INFO  server.RaftServerConfigKeys (ConfUtils.java:logGet(46)) - raft.server.retrycache.statistics.expirytime = 100μs (default)
2023-04-19 02:34:08,035 [pool-429-thread-1] INFO  server.RaftServerConfigKeys (ConfUtils.java:logGet(46)) - raft.server.log.appender.install.snapshot.enabled = false (custom)
2023-04-19 02:34:08,035 [pool-429-thread-1] INFO  server.RaftServerConfigKeys (ConfUtils.java:logGet(46)) - raft.server.threadpool.server.cached = true (default)
2023-04-19 02:34:08,035 [pool-429-thread-1] INFO  server.RaftServerConfigKeys (ConfUtils.java:logGet(46)) - raft.server.threadpool.server.size = 0 (default)
2023-04-19 02:34:08,035 [pool-429-thread-1] INFO  server.RaftServerConfigKeys (ConfUtils.java:logGet(46)) - raft.server.threadpool.client.cached = true (default)
2023-04-19 02:34:08,035 [pool-429-thread-1] INFO  server.RaftServerConfigKeys (ConfUtils.java:logGet(46)) - raft.server.threadpool.client.size = 0 (default)
2023-04-19 02:34:08,035 [pool-429-thread-1] INFO  storage.RaftStorageDirectory (RaftStorageDirectoryImpl.java:analyzeStorage(137)) - The storage directory /home/runner/work/ozone/ozone/hadoop-ozone/integration-test/target/test-dir/MiniOzoneClusterImpl-fac7741a-db88-4542-9ed6-27af914485a4/datanode-2/data/ratis/1b37f983-dacd-4db2-9bcc-6a09df08c44d does not exist. Creating ...
2023-04-19 02:34:08,037 [pool-429-thread-1] INFO  storage.RaftStorageDirectory (RaftStorageDirectoryImpl.java:tryLock(231)) - Lock on /home/runner/work/ozone/ozone/hadoop-ozone/integration-test/target/test-dir/MiniOzoneClusterImpl-fac7741a-db88-4542-9ed6-27af914485a4/datanode-2/data/ratis/1b37f983-dacd-4db2-9bcc-6a09df08c44d/in_use.lock acquired by nodename 42788@fv-az127-56
2023-04-19 02:34:08,038 [BlockDeletingService#2] INFO  interfaces.ContainerDeletionChoosingPolicyTemplate (ContainerDeletionChoosingPolicyTemplate.java:chooseContainerForBlockDeletion(83)) - Chosen 0/5000 blocks from 0 candidate containers.
2023-04-19 02:34:08,038 [pool-429-thread-1] INFO  storage.RaftStorage (RaftStorageImpl.java:format(96)) - Storage directory /home/runner/work/ozone/ozone/hadoop-ozone/integration-test/target/test-dir/MiniOzoneClusterImpl-fac7741a-db88-4542-9ed6-27af914485a4/datanode-2/data/ratis/1b37f983-dacd-4db2-9bcc-6a09df08c44d has been successfully formatted.
2023-04-19 02:34:08,038 [pool-429-thread-1] INFO  ratis.ContainerStateMachine (ContainerStateMachine.java:loadSnapshot(262)) - group-6A09DF08C44D: The snapshot info is null. Setting the last applied indexto:(t:0, i:~)
2023-04-19 02:34:08,038 [pool-429-thread-1] INFO  server.RaftServerConfigKeys (ConfUtils.java:logGet(46)) - raft.server.log.use.memory = false (default)
2023-04-19 02:34:08,038 [pool-429-thread-1] INFO  server.RaftServerConfigKeys (ConfUtils.java:logGet(46)) - raft.server.log.purge.gap = 1000000 (custom)
2023-04-19 02:34:08,038 [pool-429-thread-1] INFO  server.RaftServerConfigKeys (ConfUtils.java:logGet(46)) - raft.server.log.appender.buffer.byte-limit = 33554432 (custom)
2023-04-19 02:34:08,038 [pool-429-thread-1] INFO  server.RaftServerConfigKeys (ConfUtils.java:logGet(46)) - raft.server.log.statemachine.data.read.timeout = 1000ms (default)
2023-04-19 02:34:08,039 [pool-429-thread-1] INFO  server.RaftServerConfigKeys (ConfUtils.java:logGet(46)) - raft.server.log.purge.preservation.log.num = 0 (default)
2023-04-19 02:34:08,039 [pool-429-thread-1] INFO  server.RaftServerConfigKeys (ConfUtils.java:logGet(46)) - raft.server.log.segment.size.max = 1048576 (custom)
2023-04-19 02:34:08,040 [pool-429-thread-1] INFO  server.RaftServerConfigKeys (ConfUtils.java:logGet(46)) - raft.server.log.segment.cache.num.max = 2 (custom)
2023-04-19 02:34:08,040 [pool-429-thread-1] INFO  server.RaftServerConfigKeys (ConfUtils.java:logGet(46)) - raft.server.log.segment.cache.size.max = 200MB (=209715200) (default)
2023-04-19 02:34:08,040 [pool-429-thread-1] INFO  segmented.SegmentedRaftLogWorker (SegmentedRaftLogWorker.java:<init>(189)) - new a2f76bd1-2c73-4f6b-ae37-53a5930131fe@group-6A09DF08C44D-SegmentedRaftLogWorker for RaftStorageImpl:Storage Directory /home/runner/work/ozone/ozone/hadoop-ozone/integration-test/target/test-dir/MiniOzoneClusterImpl-fac7741a-db88-4542-9ed6-27af914485a4/datanode-2/data/ratis/1b37f983-dacd-4db2-9bcc-6a09df08c44d
2023-04-19 02:34:08,040 [pool-429-thread-1] INFO  server.RaftServerConfigKeys (ConfUtils.java:logGet(46)) - raft.server.log.queue.byte-limit = 4294967296 (custom)
2023-04-19 02:34:08,040 [pool-429-thread-1] INFO  server.RaftServerConfigKeys (ConfUtils.java:logGet(46)) - raft.server.log.queue.element-limit = 1024 (custom)
2023-04-19 02:34:08,040 [pool-429-thread-1] INFO  server.RaftServerConfigKeys (ConfUtils.java:logGet(46)) - raft.server.log.segment.size.max = 1048576 (custom)
2023-04-19 02:34:08,040 [pool-429-thread-1] INFO  server.RaftServerConfigKeys (ConfUtils.java:logGet(46)) - raft.server.log.preallocated.size = 16384 (custom)
2023-04-19 02:34:08,040 [pool-429-thread-1] INFO  server.RaftServerConfigKeys (ConfUtils.java:logGet(46)) - raft.server.log.force.sync.num = 128 (default)
2023-04-19 02:34:08,040 [pool-429-thread-1] INFO  server.RaftServerConfigKeys (ConfUtils.java:logGet(46)) - raft.server.log.statemachine.data.sync = true (default)
2023-04-19 02:34:08,040 [pool-429-thread-1] INFO  server.RaftServerConfigKeys (ConfUtils.java:logGet(46)) - raft.server.log.statemachine.data.sync.timeout = 10s (default)
2023-04-19 02:34:08,040 [pool-429-thread-1] INFO  server.RaftServerConfigKeys (ConfUtils.java:logGet(46)) - raft.server.log.statemachine.data.sync.timeout.retry = -1 (default)
2023-04-19 02:34:08,040 [pool-429-thread-1] INFO  server.RaftServerConfigKeys (ConfUtils.java:logGet(46)) - raft.server.log.write.buffer.size = 1048576 (custom)
2023-04-19 02:34:08,042 [pool-429-thread-1] INFO  server.RaftServerConfigKeys (ConfUtils.java:logGet(46)) - raft.server.log.appender.buffer.byte-limit = 33554432 (custom)
2023-04-19 02:34:08,047 [pool-429-thread-1] INFO  server.RaftServerConfigKeys (ConfUtils.java:logGet(46)) - raft.server.log.unsafe-flush.enabled = false (default)
2023-04-19 02:34:08,047 [pool-429-thread-1] INFO  server.RaftServerConfigKeys (ConfUtils.java:logGet(46)) - raft.server.log.async-flush.enabled = false (default)
2023-04-19 02:34:08,047 [pool-429-thread-1] INFO  server.RaftServerConfigKeys (ConfUtils.java:logGet(46)) - raft.server.log.statemachine.data.caching.enabled = true (custom)
2023-04-19 02:34:08,047 [pool-429-thread-1] INFO  segmented.SegmentedRaftLogWorker (SegmentedRaftLogWorker.java:lambda$new$0(135)) - a2f76bd1-2c73-4f6b-ae37-53a5930131fe@group-6A09DF08C44D-SegmentedRaftLogWorker: flushIndex: setUnconditionally 0 -> -1
2023-04-19 02:34:08,047 [pool-429-thread-1] INFO  segmented.SegmentedRaftLogWorker (SegmentedRaftLogWorker.java:lambda$new$0(135)) - a2f76bd1-2c73-4f6b-ae37-53a5930131fe@group-6A09DF08C44D-SegmentedRaftLogWorker: safeCacheEvictIndex: setUnconditionally 0 -> -1
2023-04-19 02:34:08,048 [pool-429-thread-1] INFO  server.RaftServer$Division (RaftServerImpl.java:start(334)) - a2f76bd1-2c73-4f6b-ae37-53a5930131fe@group-6A09DF08C44D: start as a follower, conf=-1: peers:[a2f76bd1-2c73-4f6b-ae37-53a5930131fe|rpc:10.1.164.0:34109|dataStream:10.1.164.0:36907|priority:1|startupRole:FOLLOWER, 2fc7e044-034b-4d4d-85e4-65e0422d519b|rpc:10.1.164.0:42467|dataStream:10.1.164.0:34951|priority:0|startupRole:FOLLOWER, 457148a9-726e-4dee-b9dd-7b4b55ffa2f6|rpc:10.1.164.0:41073|dataStream:10.1.164.0:34975|priority:0|startupRole:FOLLOWER]|listeners:[], old=null
2023-04-19 02:34:08,048 [pool-429-thread-1] INFO  server.RaftServer$Division (RaftServerImpl.java:setRole(321)) - a2f76bd1-2c73-4f6b-ae37-53a5930131fe@group-6A09DF08C44D: changes role from      null to FOLLOWER at term 0 for startAsFollower
2023-04-19 02:34:08,048 [pool-429-thread-1] INFO  impl.RoleInfo (RoleInfo.java:updateAndGet(139)) - a2f76bd1-2c73-4f6b-ae37-53a5930131fe: start a2f76bd1-2c73-4f6b-ae37-53a5930131fe@group-6A09DF08C44D-FollowerState
2023-04-19 02:34:08,053 [pool-429-thread-1] INFO  util.JmxRegister (JmxRegister.java:tryRegister(44)) - Successfully registered JMX Bean with object name Ratis:service=RaftServer,group=group-6A09DF08C44D,id=a2f76bd1-2c73-4f6b-ae37-53a5930131fe
2023-04-19 02:34:08,053 [pool-429-thread-1] INFO  server.RaftServerConfigKeys (ConfUtils.java:logGet(46)) - raft.server.snapshot.auto.trigger.enabled = true (custom)
2023-04-19 02:34:08,053 [pool-429-thread-1] INFO  server.RaftServerConfigKeys (ConfUtils.java:logGet(46)) - raft.server.snapshot.auto.trigger.threshold = 10000 (custom)
2023-04-19 02:34:08,053 [pool-429-thread-1] INFO  server.RaftServerConfigKeys (ConfUtils.java:logGet(46)) - raft.server.snapshot.retention.file.num = 5 (custom)
2023-04-19 02:34:08,053 [pool-429-thread-1] INFO  server.RaftServerConfigKeys (ConfUtils.java:logGet(46)) - raft.server.log.purge.upto.snapshot.index = false (default)
2023-04-19 02:34:08,054 [a2f76bd1-2c73-4f6b-ae37-53a5930131fe@group-6A09DF08C44D-FollowerState] INFO  server.RaftServerConfigKeys (ConfUtils.java:logFallback(53)) - raft.server.rpc.first-election.timeout.min = 5s (fallback to raft.server.rpc.timeout.min)
2023-04-19 02:34:08,054 [a2f76bd1-2c73-4f6b-ae37-53a5930131fe@group-6A09DF08C44D-FollowerState] INFO  server.RaftServerConfigKeys (ConfUtils.java:logFallback(53)) - raft.server.rpc.first-election.timeout.max = 5200ms (fallback to raft.server.rpc.timeout.max)
2023-04-19 02:34:08,061 [Command processor thread] INFO  commandhandler.CreatePipelineCommandHandler (CreatePipelineCommandHandler.java:handle(113)) - Created Pipeline RATIS THREE PipelineID=1b37f983-dacd-4db2-9bcc-6a09df08c44d.
2023-04-19 02:34:08,074 [SCMBlockDeletingService#0] DEBUG block.SCMBlockDeletingService (SCMBlockDeletingService.java:shouldRun(251)) - Check scm block delete run: true serviceStatus: RUNNING safemodeExitRunDelayMillis: 3000 alreadyWaitTimeInMillis: 21005
2023-04-19 02:34:08,074 [SCMBlockDeletingService#0] DEBUG block.SCMBlockDeletingService (SCMBlockDeletingService.java:call(154)) - Running DeletedBlockTransactionScanner
2023-04-19 02:34:08,082 [BlockDeletingService#2] INFO  interfaces.ContainerDeletionChoosingPolicyTemplate (ContainerDeletionChoosingPolicyTemplate.java:chooseContainerForBlockDeletion(83)) - Chosen 0/5000 blocks from 0 candidate containers.
2023-04-19 02:34:08,083 [BlockDeletingService#8] INFO  interfaces.ContainerDeletionChoosingPolicyTemplate (ContainerDeletionChoosingPolicyTemplate.java:chooseContainerForBlockDeletion(83)) - Chosen 0/5000 blocks from 0 candidate containers.
2023-04-19 02:34:08,138 [BlockDeletingService#2] INFO  interfaces.ContainerDeletionChoosingPolicyTemplate (ContainerDeletionChoosingPolicyTemplate.java:chooseContainerForBlockDeletion(83)) - Chosen 0/5000 blocks from 0 candidate containers.
2023-04-19 02:34:08,174 [SCMBlockDeletingService#0] DEBUG block.SCMBlockDeletingService (SCMBlockDeletingService.java:shouldRun(251)) - Check scm block delete run: true serviceStatus: RUNNING safemodeExitRunDelayMillis: 3000 alreadyWaitTimeInMillis: 21105
2023-04-19 02:34:08,174 [SCMBlockDeletingService#0] DEBUG block.SCMBlockDeletingService (SCMBlockDeletingService.java:call(154)) - Running DeletedBlockTransactionScanner
2023-04-19 02:34:08,182 [BlockDeletingService#2] INFO  interfaces.ContainerDeletionChoosingPolicyTemplate (ContainerDeletionChoosingPolicyTemplate.java:chooseContainerForBlockDeletion(83)) - Chosen 0/5000 blocks from 0 candidate containers.
2023-04-19 02:34:08,183 [BlockDeletingService#8] INFO  interfaces.ContainerDeletionChoosingPolicyTemplate (ContainerDeletionChoosingPolicyTemplate.java:chooseContainerForBlockDeletion(83)) - Chosen 0/5000 blocks from 0 candidate containers.
2023-04-19 02:34:08,238 [BlockDeletingService#2] INFO  interfaces.ContainerDeletionChoosingPolicyTemplate (ContainerDeletionChoosingPolicyTemplate.java:chooseContainerForBlockDeletion(83)) - Chosen 0/5000 blocks from 0 candidate containers.
2023-04-19 02:34:08,274 [SCMBlockDeletingService#0] DEBUG block.SCMBlockDeletingService (SCMBlockDeletingService.java:shouldRun(251)) - Check scm block delete run: true serviceStatus: RUNNING safemodeExitRunDelayMillis: 3000 alreadyWaitTimeInMillis: 21205
2023-04-19 02:34:08,274 [SCMBlockDeletingService#0] DEBUG block.SCMBlockDeletingService (SCMBlockDeletingService.java:call(154)) - Running DeletedBlockTransactionScanner
2023-04-19 02:34:08,282 [BlockDeletingService#2] INFO  interfaces.ContainerDeletionChoosingPolicyTemplate (ContainerDeletionChoosingPolicyTemplate.java:chooseContainerForBlockDeletion(83)) - Chosen 0/5000 blocks from 0 candidate containers.
2023-04-19 02:34:08,283 [BlockDeletingService#8] INFO  interfaces.ContainerDeletionChoosingPolicyTemplate (ContainerDeletionChoosingPolicyTemplate.java:chooseContainerForBlockDeletion(83)) - Chosen 0/5000 blocks from 0 candidate containers.
2023-04-19 02:34:08,338 [BlockDeletingService#2] INFO  interfaces.ContainerDeletionChoosingPolicyTemplate (ContainerDeletionChoosingPolicyTemplate.java:chooseContainerForBlockDeletion(83)) - Chosen 0/5000 blocks from 0 candidate containers.
2023-04-19 02:34:08,374 [SCMBlockDeletingService#0] DEBUG block.SCMBlockDeletingService (SCMBlockDeletingService.java:shouldRun(251)) - Check scm block delete run: true serviceStatus: RUNNING safemodeExitRunDelayMillis: 3000 alreadyWaitTimeInMillis: 21305
2023-04-19 02:34:08,374 [SCMBlockDeletingService#0] DEBUG block.SCMBlockDeletingService (SCMBlockDeletingService.java:call(154)) - Running DeletedBlockTransactionScanner
2023-04-19 02:34:08,383 [BlockDeletingService#2] INFO  interfaces.ContainerDeletionChoosingPolicyTemplate (ContainerDeletionChoosingPolicyTemplate.java:chooseContainerForBlockDeletion(83)) - Chosen 0/5000 blocks from 0 candidate containers.
2023-04-19 02:34:08,383 [BlockDeletingService#8] INFO  interfaces.ContainerDeletionChoosingPolicyTemplate (ContainerDeletionChoosingPolicyTemplate.java:chooseContainerForBlockDeletion(83)) - Chosen 0/5000 blocks from 0 candidate containers.
2023-04-19 02:34:08,439 [BlockDeletingService#2] INFO  interfaces.ContainerDeletionChoosingPolicyTemplate (ContainerDeletionChoosingPolicyTemplate.java:chooseContainerForBlockDeletion(83)) - Chosen 0/5000 blocks from 0 candidate containers.
2023-04-19 02:34:08,452 [Listener at 127.0.0.1/39891] INFO  ozone.MiniOzoneClusterImpl (MiniOzoneClusterImpl.java:lambda$waitForClusterToBeReady$0(222)) - Nodes are ready. Got 3 of 3 DN Heartbeats.
2023-04-19 02:34:08,452 [Listener at 127.0.0.1/39891] INFO  ozone.MiniOzoneClusterImpl (MiniOzoneClusterImpl.java:lambda$waitForClusterToBeReady$0(225)) - Cluster exits safe mode
2023-04-19 02:34:08,453 [Listener at 127.0.0.1/39891] INFO  ozone.MiniOzoneClusterImpl (MiniOzoneClusterImpl.java:lambda$waitForClusterToBeReady$0(227)) - SCM became leader
2023-04-19 02:34:08,453 [Listener at 127.0.0.1/39891] INFO  commandhandler.TestBlockDeletion (TestBlockDeletion.java:testBlockDeletion(298)) - numBlockDeletionTransactionCreated = 3	numBlockDeletionTransactionCompleted = 3	numBlockDeletionCommandSent = 27	numBlockDeletionCommandSuccess = 25	numBlockDeletionCommandFailure = 0	numBlockDeletionTransactionSent = 81	numBlockDeletionTransactionSuccess = 75	numBlockDeletionTransactionFailure = 0
2023-04-19 02:34:08,467 [Listener at 127.0.0.1/39891] INFO  ozone.MiniOzoneClusterImpl (MiniOzoneClusterImpl.java:shutdown(455)) - Shutting down the Mini Ozone Cluster
2023-04-19 02:34:08,467 [Listener at 127.0.0.1/39891] INFO  ozone.MiniOzoneClusterImpl (MiniOzoneClusterImpl.java:stop(471)) - Stopping the Mini Ozone Cluster
2023-04-19 02:34:08,467 [Listener at 127.0.0.1/39891] INFO  ozone.MiniOzoneClusterImpl (MiniOzoneClusterImpl.java:stopOM(557)) - Stopping the OzoneManager
2023-04-19 02:34:08,468 [Listener at 127.0.0.1/39891] INFO  om.OzoneManager (OzoneManager.java:stop(2154)) - om1[localhost:0]: Stopping Ozone Manager
2023-04-19 02:34:08,468 [Listener at 127.0.0.1/39891] INFO  ipc.Server (Server.java:stop(3501)) - Stopping server on 39891
2023-04-19 02:34:08,473 [IPC Server listener on 0] INFO  ipc.Server (Server.java:run(1430)) - Stopping IPC Server listener on 0
2023-04-19 02:34:08,474 [IPC Server Responder] INFO  ipc.Server (Server.java:run(1563)) - Stopping IPC Server Responder
2023-04-19 02:34:08,474 [Listener at 127.0.0.1/39891] INFO  server.RaftServer (RaftServerProxy.java:lambda$close$6(409)) - om1: close
2023-04-19 02:34:08,474 [SCMBlockDeletingService#0] DEBUG block.SCMBlockDeletingService (SCMBlockDeletingService.java:shouldRun(251)) - Check scm block delete run: true serviceStatus: RUNNING safemodeExitRunDelayMillis: 3000 alreadyWaitTimeInMillis: 21405
2023-04-19 02:34:08,474 [Listener at 127.0.0.1/39891] INFO  server.GrpcService (GrpcService.java:closeImpl(271)) - om1: shutdown server GrpcServerProtocolService now
2023-04-19 02:34:08,475 [om1-impl-thread1] INFO  server.RaftServer$Division (RaftServerImpl.java:lambda$close$4(458)) - om1@group-C5BA1605619E: shutdown
2023-04-19 02:34:08,475 [om1-impl-thread1] INFO  util.JmxRegister (JmxRegister.java:unregister(73)) - Successfully un-registered JMX Bean with object name Ratis:service=RaftServer,group=group-C5BA1605619E,id=om1
2023-04-19 02:34:08,475 [om1-impl-thread1] INFO  impl.RoleInfo (RoleInfo.java:shutdownLeaderState(93)) - om1: shutdown om1@group-C5BA1605619E-LeaderStateImpl
2023-04-19 02:34:08,475 [om1-impl-thread1] INFO  impl.PendingRequests (PendingRequests.java:sendNotLeaderResponses(282)) - om1@group-C5BA1605619E-PendingRequests: sendNotLeaderResponses
2023-04-19 02:34:08,474 [SCMBlockDeletingService#0] DEBUG block.SCMBlockDeletingService (SCMBlockDeletingService.java:call(154)) - Running DeletedBlockTransactionScanner
2023-04-19 02:34:08,475 [Listener at 127.0.0.1/39891] INFO  server.GrpcService (GrpcService.java:closeImpl(280)) - om1: shutdown server GrpcServerProtocolService successfully
2023-04-19 02:34:08,479 [om1-impl-thread1] INFO  impl.StateMachineUpdater (StateMachineUpdater.java:stopAndJoin(153)) - om1@group-C5BA1605619E-StateMachineUpdater: set stopIndex = 16
2023-04-19 02:34:08,479 [om1@group-C5BA1605619E-StateMachineUpdater] INFO  ratis.OzoneManagerStateMachine (OzoneManagerStateMachine.java:takeSnapshot(453)) - Current Snapshot Index (t:1, i:16)
2023-04-19 02:34:08,483 [BlockDeletingService#2] INFO  interfaces.ContainerDeletionChoosingPolicyTemplate (ContainerDeletionChoosingPolicyTemplate.java:chooseContainerForBlockDeletion(83)) - Chosen 0/5000 blocks from 0 candidate containers.
2023-04-19 02:34:08,484 [BlockDeletingService#8] INFO  interfaces.ContainerDeletionChoosingPolicyTemplate (ContainerDeletionChoosingPolicyTemplate.java:chooseContainerForBlockDeletion(83)) - Chosen 0/5000 blocks from 0 candidate containers.
2023-04-19 02:34:08,495 [om1@group-C5BA1605619E-StateMachineUpdater] INFO  impl.StateMachineUpdater (StateMachineUpdater.java:takeSnapshot(287)) - om1@group-C5BA1605619E-StateMachineUpdater: Took a snapshot at index 16
2023-04-19 02:34:08,495 [om1@group-C5BA1605619E-StateMachineUpdater] INFO  impl.StateMachineUpdater (StateMachineUpdater.java:lambda$new$0(92)) - om1@group-C5BA1605619E-StateMachineUpdater: snapshotIndex: updateIncreasingly -1 -> 16
2023-04-19 02:34:08,495 [om1@group-C5BA1605619E-StateMachineUpdater] INFO  ratis.OzoneManagerStateMachine (OzoneManagerStateMachine.java:close(507)) - StateMachine has shutdown. Shutdown OzoneManager if not already shutdown.
2023-04-19 02:34:08,495 [om1@group-C5BA1605619E-StateMachineUpdater] INFO  ratis.OzoneManagerDoubleBuffer (OzoneManagerDoubleBuffer.java:stopDaemon(540)) - Stopping OMDoubleBuffer flush thread
2023-04-19 02:34:08,495 [OMDoubleBufferFlushThread] INFO  ratis.OzoneManagerDoubleBuffer (OzoneManagerDoubleBuffer.java:canFlush(625)) - OMDoubleBuffer flush thread OMDoubleBufferFlushThread is interrupted and will exit.
2023-04-19 02:34:08,496 [om1-impl-thread1] INFO  server.RaftServer$Division (ServerState.java:close(466)) - om1@group-C5BA1605619E: closes. applyIndex: 16
2023-04-19 02:34:08,496 [om1@group-C5BA1605619E-SegmentedRaftLogWorker] INFO  segmented.SegmentedRaftLogWorker (SegmentedRaftLogWorker.java:run(347)) - om1@group-C5BA1605619E-SegmentedRaftLogWorker was interrupted, exiting. There are 0 tasks remaining in the queue.
2023-04-19 02:34:08,497 [om1-impl-thread1] INFO  segmented.SegmentedRaftLogWorker (SegmentedRaftLogWorker.java:close(257)) - om1@group-C5BA1605619E-SegmentedRaftLogWorker close()
2023-04-19 02:34:08,497 [JvmPauseMonitor8] INFO  util.JvmPauseMonitor (JvmPauseMonitor.java:run(111)) - JvmPauseMonitor-om1: Stopped
2023-04-19 02:34:08,497 [Listener at 127.0.0.1/39891] INFO  ratis.OzoneManagerStateMachine (OzoneManagerStateMachine.java:close(507)) - StateMachine has shutdown. Shutdown OzoneManager if not already shutdown.
2023-04-19 02:34:08,498 [Listener at 127.0.0.1/39891] INFO  ratis.OzoneManagerDoubleBuffer (OzoneManagerDoubleBuffer.java:stopDaemon(549)) - OMDoubleBuffer flush thread is not running.
2023-04-19 02:34:08,500 [Listener at 127.0.0.1/39891] INFO  utils.BackgroundService (BackgroundService.java:shutdown(141)) - Shutting down service KeyDeletingService
2023-04-19 02:34:08,500 [Listener at 127.0.0.1/39891] INFO  utils.BackgroundService (BackgroundService.java:shutdown(141)) - Shutting down service KeyDeletingService
2023-04-19 02:34:08,500 [Listener at 127.0.0.1/39891] INFO  utils.BackgroundService (BackgroundService.java:shutdown(141)) - Shutting down service OpenKeyCleanupService
2023-04-19 02:34:08,501 [Listener at 127.0.0.1/39891] INFO  utils.BackgroundService (BackgroundService.java:shutdown(141)) - Shutting down service SstFilteringService
2023-04-19 02:34:08,501 [Listener at 127.0.0.1/39891] INFO  utils.BackgroundService (BackgroundService.java:shutdown(141)) - Shutting down service SnapshotDeletingService
2023-04-19 02:34:08,502 [Listener at 127.0.0.1/39891] INFO  handler.ContextHandler (ContextHandler.java:doStop(1159)) - Stopped o.e.j.w.WebAppContext@6b38255b{ozoneManager,/,null,STOPPED}{file:/home/runner/work/ozone/ozone/hadoop-ozone/integration-test/target/test-classes/webapps/ozoneManager}
2023-04-19 02:34:08,502 [Listener at 127.0.0.1/39891] INFO  server.AbstractConnector (AbstractConnector.java:doStop(383)) - Stopped ServerConnector@58d7fb91{HTTP/1.1, (http/1.1)}{0.0.0.0:0}
2023-04-19 02:34:08,503 [Listener at 127.0.0.1/39891] INFO  server.session (HouseKeeper.java:stopScavenging(149)) - node0 Stopped scavenging
2023-04-19 02:34:08,503 [Listener at 127.0.0.1/39891] INFO  handler.ContextHandler (ContextHandler.java:doStop(1159)) - Stopped o.e.j.s.ServletContextHandler@7c23c193{static,/static,file:///home/runner/work/ozone/ozone/hadoop-ozone/integration-test/target/test-classes/webapps/static,STOPPED}
2023-04-19 02:34:08,503 [Listener at 127.0.0.1/39891] INFO  handler.ContextHandler (ContextHandler.java:doStop(1159)) - Stopped o.e.j.s.ServletContextHandler@60e870d6{logs,/logs,file:///home/runner/work/ozone/ozone/hadoop-ozone/integration-test/target/log,STOPPED}
2023-04-19 02:34:08,506 [Listener at 127.0.0.1/39891] INFO  ozone.MiniOzoneClusterImpl (MiniOzoneClusterImpl.java:stopDatanodes(534)) - Stopping the HddsDatanodes
2023-04-19 02:34:08,508 [ForkJoinPool.commonPool-worker-0] INFO  ozoneimpl.OzoneContainer (OzoneContainer.java:stop(419)) - Attempting to stop container services.
2023-04-19 02:34:08,509 [ForkJoinPool.commonPool-worker-0] INFO  server.RaftServer (RaftServerProxy.java:lambda$close$6(409)) - 457148a9-726e-4dee-b9dd-7b4b55ffa2f6: close
2023-04-19 02:34:08,509 [Listener at 127.0.0.1/39891] INFO  ozoneimpl.OzoneContainer (OzoneContainer.java:stop(419)) - Attempting to stop container services.
2023-04-19 02:34:08,509 [457148a9-726e-4dee-b9dd-7b4b55ffa2f6-impl-thread1] INFO  server.RaftServer$Division (RaftServerImpl.java:lambda$close$4(458)) - 457148a9-726e-4dee-b9dd-7b4b55ffa2f6@group-6A09DF08C44D: shutdown
2023-04-19 02:34:08,509 [457148a9-726e-4dee-b9dd-7b4b55ffa2f6-impl-thread1] INFO  util.JmxRegister (JmxRegister.java:unregister(73)) - Successfully un-registered JMX Bean with object name Ratis:service=RaftServer,group=group-6A09DF08C44D,id=457148a9-726e-4dee-b9dd-7b4b55ffa2f6
2023-04-19 02:34:08,509 [457148a9-726e-4dee-b9dd-7b4b55ffa2f6-impl-thread1] INFO  impl.RoleInfo (RoleInfo.java:shutdownFollowerState(110)) - 457148a9-726e-4dee-b9dd-7b4b55ffa2f6: shutdown 457148a9-726e-4dee-b9dd-7b4b55ffa2f6@group-6A09DF08C44D-FollowerState
2023-04-19 02:34:08,512 [ForkJoinPool.commonPool-worker-0] INFO  server.GrpcService (GrpcService.java:closeImpl(271)) - 457148a9-726e-4dee-b9dd-7b4b55ffa2f6: shutdown server GrpcServerProtocolService now
2023-04-19 02:34:08,512 [Listener at 127.0.0.1/39891] INFO  server.RaftServer (RaftServerProxy.java:lambda$close$6(409)) - 2fc7e044-034b-4d4d-85e4-65e0422d519b: close
2023-04-19 02:34:08,513 [457148a9-726e-4dee-b9dd-7b4b55ffa2f6@group-6A09DF08C44D-FollowerState] INFO  impl.FollowerState (FollowerState.java:run(152)) - 457148a9-726e-4dee-b9dd-7b4b55ffa2f6@group-6A09DF08C44D-FollowerState was interrupted
2023-04-19 02:34:08,513 [457148a9-726e-4dee-b9dd-7b4b55ffa2f6-impl-thread2] INFO  server.RaftServer$Division (RaftServerImpl.java:lambda$close$4(458)) - 457148a9-726e-4dee-b9dd-7b4b55ffa2f6@group-8474C413378F: shutdown
2023-04-19 02:34:08,512 [457148a9-726e-4dee-b9dd-7b4b55ffa2f6-impl-thread1] INFO  impl.StateMachineUpdater (StateMachineUpdater.java:stopAndJoin(153)) - 457148a9-726e-4dee-b9dd-7b4b55ffa2f6@group-6A09DF08C44D-StateMachineUpdater: set stopIndex = -1
2023-04-19 02:34:08,513 [2fc7e044-034b-4d4d-85e4-65e0422d519b-impl-thread1] INFO  server.RaftServer$Division (RaftServerImpl.java:lambda$close$4(458)) - 2fc7e044-034b-4d4d-85e4-65e0422d519b@group-6A09DF08C44D: shutdown
2023-04-19 02:34:08,513 [457148a9-726e-4dee-b9dd-7b4b55ffa2f6-impl-thread1] INFO  server.RaftServer$Division (ServerState.java:close(466)) - 457148a9-726e-4dee-b9dd-7b4b55ffa2f6@group-6A09DF08C44D: closes. applyIndex: -1
2023-04-19 02:34:08,513 [2fc7e044-034b-4d4d-85e4-65e0422d519b-impl-thread1] INFO  util.JmxRegister (JmxRegister.java:unregister(73)) - Successfully un-registered JMX Bean with object name Ratis:service=RaftServer,group=group-6A09DF08C44D,id=2fc7e044-034b-4d4d-85e4-65e0422d519b
2023-04-19 02:34:08,514 [2fc7e044-034b-4d4d-85e4-65e0422d519b-impl-thread1] INFO  impl.RoleInfo (RoleInfo.java:shutdownFollowerState(110)) - 2fc7e044-034b-4d4d-85e4-65e0422d519b: shutdown 2fc7e044-034b-4d4d-85e4-65e0422d519b@group-6A09DF08C44D-FollowerState
2023-04-19 02:34:08,514 [2fc7e044-034b-4d4d-85e4-65e0422d519b-impl-thread1] INFO  impl.StateMachineUpdater (StateMachineUpdater.java:stopAndJoin(153)) - 2fc7e044-034b-4d4d-85e4-65e0422d519b@group-6A09DF08C44D-StateMachineUpdater: set stopIndex = -1
2023-04-19 02:34:08,513 [457148a9-726e-4dee-b9dd-7b4b55ffa2f6-impl-thread2] INFO  util.JmxRegister (JmxRegister.java:unregister(73)) - Successfully un-registered JMX Bean with object name Ratis:service=RaftServer,group=group-8474C413378F,id=457148a9-726e-4dee-b9dd-7b4b55ffa2f6
2023-04-19 02:34:08,516 [2fc7e044-034b-4d4d-85e4-65e0422d519b-impl-thread1] INFO  server.RaftServer$Division (ServerState.java:close(466)) - 2fc7e044-034b-4d4d-85e4-65e0422d519b@group-6A09DF08C44D: closes. applyIndex: -1
2023-04-19 02:34:08,516 [grpc-default-executor-3] WARN  server.GrpcLogAppender (LogUtils.java:warn(122)) - a2f76bd1-2c73-4f6b-ae37-53a5930131fe@group-8474C413378F->457148a9-726e-4dee-b9dd-7b4b55ffa2f6-AppendLogResponseHandler: Failed appendEntries: org.apache.ratis.thirdparty.io.grpc.StatusRuntimeException: CANCELLED: RST_STREAM closed stream. HTTP/2 error code: CANCEL
2023-04-19 02:34:08,517 [grpc-default-executor-3] WARN  server.GrpcLogAppender (GrpcLogAppender.java:resetClient(131)) - a2f76bd1-2c73-4f6b-ae37-53a5930131fe@group-8474C413378F->457148a9-726e-4dee-b9dd-7b4b55ffa2f6-GrpcLogAppender: Leader has not got in touch with Follower a2f76bd1-2c73-4f6b-ae37-53a5930131fe@group-8474C413378F->457148a9-726e-4dee-b9dd-7b4b55ffa2f6(c0,m0,n1, attendVote=true, lastRpcSendTime=1379, lastRpcResponseTime=1377) yet, just keep nextIndex unchanged and retry.
2023-04-19 02:34:08,516 [grpc-default-executor-2] WARN  server.GrpcLogAppender (LogUtils.java:warn(122)) - a2f76bd1-2c73-4f6b-ae37-53a5930131fe@group-8474C413378F->457148a9-726e-4dee-b9dd-7b4b55ffa2f6-AppendLogResponseHandler: Failed appendEntries: org.apache.ratis.thirdparty.io.grpc.StatusRuntimeException: CANCELLED: RST_STREAM closed stream. HTTP/2 error code: CANCEL
2023-04-19 02:34:08,517 [grpc-default-executor-2] WARN  server.GrpcLogAppender (GrpcLogAppender.java:resetClient(131)) - a2f76bd1-2c73-4f6b-ae37-53a5930131fe@group-8474C413378F->457148a9-726e-4dee-b9dd-7b4b55ffa2f6-GrpcLogAppender: Leader has not got in touch with Follower a2f76bd1-2c73-4f6b-ae37-53a5930131fe@group-8474C413378F->457148a9-726e-4dee-b9dd-7b4b55ffa2f6(c0,m0,n1, attendVote=true, lastRpcSendTime=1379, lastRpcResponseTime=1377) yet, just keep nextIndex unchanged and retry.
2023-04-19 02:34:08,516 [grpc-default-executor-0] WARN  server.GrpcServerProtocolService (LogUtils.java:warn(122)) - 457148a9-726e-4dee-b9dd-7b4b55ffa2f6: installSnapshot onError, lastRequest: null: org.apache.ratis.thirdparty.io.grpc.StatusRuntimeException: CANCELLED: client cancelled
2023-04-19 02:34:08,517 [457148a9-726e-4dee-b9dd-7b4b55ffa2f6-impl-thread2] INFO  impl.RoleInfo (RoleInfo.java:shutdownFollowerState(110)) - 457148a9-726e-4dee-b9dd-7b4b55ffa2f6: shutdown 457148a9-726e-4dee-b9dd-7b4b55ffa2f6@group-8474C413378F-FollowerState
2023-04-19 02:34:08,517 [Listener at 127.0.0.1/39891] INFO  server.GrpcService (GrpcService.java:closeImpl(271)) - 2fc7e044-034b-4d4d-85e4-65e0422d519b: shutdown server GrpcServerProtocolService now
2023-04-19 02:34:08,518 [2fc7e044-034b-4d4d-85e4-65e0422d519b-impl-thread2] INFO  server.RaftServer$Division (RaftServerImpl.java:lambda$close$4(458)) - 2fc7e044-034b-4d4d-85e4-65e0422d519b@group-8474C413378F: shutdown
2023-04-19 02:34:08,518 [2fc7e044-034b-4d4d-85e4-65e0422d519b-impl-thread2] INFO  util.JmxRegister (JmxRegister.java:unregister(73)) - Successfully un-registered JMX Bean with object name Ratis:service=RaftServer,group=group-8474C413378F,id=2fc7e044-034b-4d4d-85e4-65e0422d519b
2023-04-19 02:34:08,518 [2fc7e044-034b-4d4d-85e4-65e0422d519b-impl-thread2] INFO  impl.RoleInfo (RoleInfo.java:shutdownFollowerState(110)) - 2fc7e044-034b-4d4d-85e4-65e0422d519b: shutdown 2fc7e044-034b-4d4d-85e4-65e0422d519b@group-8474C413378F-FollowerState
2023-04-19 02:34:08,518 [2fc7e044-034b-4d4d-85e4-65e0422d519b@group-8474C413378F-FollowerState] INFO  impl.FollowerState (FollowerState.java:run(152)) - 2fc7e044-034b-4d4d-85e4-65e0422d519b@group-8474C413378F-FollowerState was interrupted
2023-04-19 02:34:08,518 [2fc7e044-034b-4d4d-85e4-65e0422d519b-impl-thread2] INFO  impl.StateMachineUpdater (StateMachineUpdater.java:stopAndJoin(153)) - 2fc7e044-034b-4d4d-85e4-65e0422d519b@group-8474C413378F-StateMachineUpdater: set stopIndex = 0
2023-04-19 02:34:08,515 [457148a9-726e-4dee-b9dd-7b4b55ffa2f6@group-6A09DF08C44D-SegmentedRaftLogWorker] INFO  segmented.SegmentedRaftLogWorker (SegmentedRaftLogWorker.java:run(347)) - 457148a9-726e-4dee-b9dd-7b4b55ffa2f6@group-6A09DF08C44D-SegmentedRaftLogWorker was interrupted, exiting. There are 0 tasks remaining in the queue.
2023-04-19 02:34:08,518 [457148a9-726e-4dee-b9dd-7b4b55ffa2f6-impl-thread1] INFO  segmented.SegmentedRaftLogWorker (SegmentedRaftLogWorker.java:close(257)) - 457148a9-726e-4dee-b9dd-7b4b55ffa2f6@group-6A09DF08C44D-SegmentedRaftLogWorker close()
2023-04-19 02:34:08,515 [ForkJoinPool.commonPool-worker-0] INFO  server.GrpcService (GrpcService.java:closeImpl(280)) - 457148a9-726e-4dee-b9dd-7b4b55ffa2f6: shutdown server GrpcServerProtocolService successfully
2023-04-19 02:34:08,515 [grpc-default-executor-1] WARN  server.GrpcServerProtocolService (LogUtils.java:warn(122)) - 457148a9-726e-4dee-b9dd-7b4b55ffa2f6: installSnapshot onError, lastRequest: null: org.apache.ratis.thirdparty.io.grpc.StatusRuntimeException: CANCELLED: client cancelled
2023-04-19 02:34:08,518 [457148a9-726e-4dee-b9dd-7b4b55ffa2f6-NettyServerStreamRpc-bossGroup--thread1] INFO  logging.LoggingHandler (AbstractInternalLogger.java:log(148)) - [id: 0x247371ba, L:/0:0:0:0:0:0:0:0:38275] CLOSE
2023-04-19 02:34:08,519 [grpc-default-executor-1] WARN  server.GrpcLogAppender (LogUtils.java:warn(122)) - a2f76bd1-2c73-4f6b-ae37-53a5930131fe@group-8474C413378F->2fc7e044-034b-4d4d-85e4-65e0422d519b-AppendLogResponseHandler: Failed appendEntries: org.apache.ratis.thirdparty.io.grpc.StatusRuntimeException: CANCELLED: RST_STREAM closed stream. HTTP/2 error code: CANCEL
2023-04-19 02:34:08,519 [grpc-default-executor-1] WARN  server.GrpcLogAppender (GrpcLogAppender.java:resetClient(131)) - a2f76bd1-2c73-4f6b-ae37-53a5930131fe@group-8474C413378F->2fc7e044-034b-4d4d-85e4-65e0422d519b-GrpcLogAppender: Leader has not got in touch with Follower a2f76bd1-2c73-4f6b-ae37-53a5930131fe@group-8474C413378F->2fc7e044-034b-4d4d-85e4-65e0422d519b(c0,m0,n1, attendVote=true, lastRpcSendTime=1377, lastRpcResponseTime=1370) yet, just keep nextIndex unchanged and retry.
2023-04-19 02:34:08,519 [grpc-default-executor-2] WARN  server.GrpcServerProtocolService (LogUtils.java:warn(122)) - 2fc7e044-034b-4d4d-85e4-65e0422d519b: installSnapshot onError, lastRequest: null: org.apache.ratis.thirdparty.io.grpc.StatusRuntimeException: CANCELLED: client cancelled
2023-04-19 02:34:08,519 [2fc7e044-034b-4d4d-85e4-65e0422d519b@group-6A09DF08C44D-FollowerState] INFO  impl.FollowerState (FollowerState.java:run(152)) - 2fc7e044-034b-4d4d-85e4-65e0422d519b@group-6A09DF08C44D-FollowerState was interrupted
2023-04-19 02:34:08,520 [457148a9-726e-4dee-b9dd-7b4b55ffa2f6-impl-thread2] INFO  impl.StateMachineUpdater (StateMachineUpdater.java:stopAndJoin(153)) - 457148a9-726e-4dee-b9dd-7b4b55ffa2f6@group-8474C413378F-StateMachineUpdater: set stopIndex = 0
2023-04-19 02:34:08,520 [457148a9-726e-4dee-b9dd-7b4b55ffa2f6@group-8474C413378F-FollowerState] INFO  impl.FollowerState (FollowerState.java:run(152)) - 457148a9-726e-4dee-b9dd-7b4b55ffa2f6@group-8474C413378F-FollowerState was interrupted
2023-04-19 02:34:08,520 [Listener at 127.0.0.1/39891] INFO  server.GrpcService (GrpcService.java:closeImpl(280)) - 2fc7e044-034b-4d4d-85e4-65e0422d519b: shutdown server GrpcServerProtocolService successfully
2023-04-19 02:34:08,520 [2fc7e044-034b-4d4d-85e4-65e0422d519b@group-6A09DF08C44D-SegmentedRaftLogWorker] INFO  segmented.SegmentedRaftLogWorker (SegmentedRaftLogWorker.java:run(347)) - 2fc7e044-034b-4d4d-85e4-65e0422d519b@group-6A09DF08C44D-SegmentedRaftLogWorker was interrupted, exiting. There are 0 tasks remaining in the queue.
2023-04-19 02:34:08,520 [2fc7e044-034b-4d4d-85e4-65e0422d519b-impl-thread1] INFO  segmented.SegmentedRaftLogWorker (SegmentedRaftLogWorker.java:close(257)) - 2fc7e044-034b-4d4d-85e4-65e0422d519b@group-6A09DF08C44D-SegmentedRaftLogWorker close()
2023-04-19 02:34:08,520 [2fc7e044-034b-4d4d-85e4-65e0422d519b-NettyServerStreamRpc-bossGroup--thread1] INFO  logging.LoggingHandler (AbstractInternalLogger.java:log(148)) - [id: 0xcad68b60, L:/0:0:0:0:0:0:0:0:34951] CLOSE
2023-04-19 02:34:08,528 [457148a9-726e-4dee-b9dd-7b4b55ffa2f6-impl-thread2] INFO  server.RaftServer$Division (ServerState.java:close(466)) - 457148a9-726e-4dee-b9dd-7b4b55ffa2f6@group-8474C413378F: closes. applyIndex: 0
2023-04-19 02:34:08,528 [457148a9-726e-4dee-b9dd-7b4b55ffa2f6@group-8474C413378F-SegmentedRaftLogWorker] INFO  segmented.SegmentedRaftLogWorker (SegmentedRaftLogWorker.java:run(347)) - 457148a9-726e-4dee-b9dd-7b4b55ffa2f6@group-8474C413378F-SegmentedRaftLogWorker was interrupted, exiting. There are 0 tasks remaining in the queue.
2023-04-19 02:34:08,537 [2fc7e044-034b-4d4d-85e4-65e0422d519b-NettyServerStreamRpc-bossGroup--thread1] INFO  logging.LoggingHandler (AbstractInternalLogger.java:log(148)) - [id: 0xcad68b60, L:/0:0:0:0:0:0:0:0:34951] INACTIVE
2023-04-19 02:34:08,537 [2fc7e044-034b-4d4d-85e4-65e0422d519b-NettyServerStreamRpc-bossGroup--thread1] INFO  logging.LoggingHandler (AbstractInternalLogger.java:log(148)) - [id: 0xcad68b60, L:/0:0:0:0:0:0:0:0:34951] UNREGISTERED
2023-04-19 02:34:08,537 [457148a9-726e-4dee-b9dd-7b4b55ffa2f6-NettyServerStreamRpc-bossGroup--thread1] INFO  logging.LoggingHandler (AbstractInternalLogger.java:log(148)) - [id: 0x247371ba, L:/0:0:0:0:0:0:0:0:38275] INACTIVE
2023-04-19 02:34:08,537 [457148a9-726e-4dee-b9dd-7b4b55ffa2f6-NettyServerStreamRpc-bossGroup--thread1] INFO  logging.LoggingHandler (AbstractInternalLogger.java:log(148)) - [id: 0x247371ba, L:/0:0:0:0:0:0:0:0:38275] UNREGISTERED
2023-04-19 02:34:08,537 [2fc7e044-034b-4d4d-85e4-65e0422d519b@group-8474C413378F-StateMachineUpdater] INFO  ratis.ContainerStateMachine (ContainerStateMachine.java:takeSnapshot(330)) - group-8474C413378F: Taking a snapshot at:(t:1, i:0) file /home/runner/work/ozone/ozone/hadoop-ozone/integration-test/target/test-dir/MiniOzoneClusterImpl-fac7741a-db88-4542-9ed6-27af914485a4/datanode-1/data/ratis/6c88f487-c9ba-46ea-aed9-8474c413378f/sm/snapshot.1_0
2023-04-19 02:34:08,538 [grpc-default-executor-1] WARN  server.GrpcLogAppender (LogUtils.java:warn(122)) - a2f76bd1-2c73-4f6b-ae37-53a5930131fe@group-8474C413378F->2fc7e044-034b-4d4d-85e4-65e0422d519b-AppendLogResponseHandler: Failed appendEntries: org.apache.ratis.thirdparty.io.grpc.StatusRuntimeException: CANCELLED: RST_STREAM closed stream. HTTP/2 error code: CANCEL
2023-04-19 02:34:08,538 [grpc-default-executor-1] WARN  server.GrpcLogAppender (GrpcLogAppender.java:resetClient(131)) - a2f76bd1-2c73-4f6b-ae37-53a5930131fe@group-8474C413378F->2fc7e044-034b-4d4d-85e4-65e0422d519b-GrpcLogAppender: Leader has not got in touch with Follower a2f76bd1-2c73-4f6b-ae37-53a5930131fe@group-8474C413378F->2fc7e044-034b-4d4d-85e4-65e0422d519b(c0,m0,n1, attendVote=true, lastRpcSendTime=1396, lastRpcResponseTime=1389) yet, just keep nextIndex unchanged and retry.
2023-04-19 02:34:08,538 [2fc7e044-034b-4d4d-85e4-65e0422d519b@group-8474C413378F-StateMachineUpdater] INFO  ratis.ContainerStateMachine (ContainerStateMachine.java:takeSnapshot(341)) - group-8474C413378F: Finished taking a snapshot at:(t:1, i:0) file:/home/runner/work/ozone/ozone/hadoop-ozone/integration-test/target/test-dir/MiniOzoneClusterImpl-fac7741a-db88-4542-9ed6-27af914485a4/datanode-1/data/ratis/6c88f487-c9ba-46ea-aed9-8474c413378f/sm/snapshot.1_0 took: 20 ms
2023-04-19 02:34:08,538 [457148a9-726e-4dee-b9dd-7b4b55ffa2f6-impl-thread2] INFO  segmented.SegmentedRaftLogWorker (SegmentedRaftLogWorker.java:close(257)) - 457148a9-726e-4dee-b9dd-7b4b55ffa2f6@group-8474C413378F-SegmentedRaftLogWorker close()
2023-04-19 02:34:08,538 [2fc7e044-034b-4d4d-85e4-65e0422d519b@group-8474C413378F-StateMachineUpdater] INFO  impl.StateMachineUpdater (StateMachineUpdater.java:takeSnapshot(287)) - 2fc7e044-034b-4d4d-85e4-65e0422d519b@group-8474C413378F-StateMachineUpdater: Took a snapshot at index 0
2023-04-19 02:34:08,538 [2fc7e044-034b-4d4d-85e4-65e0422d519b@group-8474C413378F-StateMachineUpdater] INFO  impl.StateMachineUpdater (StateMachineUpdater.java:lambda$new$0(92)) - 2fc7e044-034b-4d4d-85e4-65e0422d519b@group-8474C413378F-StateMachineUpdater: snapshotIndex: updateIncreasingly -1 -> 0
2023-04-19 02:34:08,539 [grpc-default-executor-0] WARN  server.GrpcServerProtocolService (LogUtils.java:warn(122)) - 2fc7e044-034b-4d4d-85e4-65e0422d519b: installSnapshot onError, lastRequest: a2f76bd1-2c73-4f6b-ae37-53a5930131fe->2fc7e044-034b-4d4d-85e4-65e0422d519b#1-t1,previous=(t:0, i:0),leaderCommit=-1,initializing? true,entries: size=1, first=(t:1, i:0), CONFIGURATIONENTRY(current:id: "a2f76bd1-2c73-4f6b-ae37-53a5930131fe"
address: "10.1.164.0:34109"
priority: 1
dataStreamAddress: "10.1.164.0:36907"
clientAddress: "10.1.164.0:34109"
adminAddress: "10.1.164.0:34109"
startupRole: FOLLOWER
,id: "2fc7e044-034b-4d4d-85e4-65e0422d519b"
address: "10.1.164.0:42467"
dataStreamAddress: "10.1.164.0:34951"
clientAddress: "10.1.164.0:42467"
adminAddress: "10.1.164.0:42467"
startupRole: FOLLOWER
,id: "457148a9-726e-4dee-b9dd-7b4b55ffa2f6"
address: "10.1.164.0:41073"
dataStreamAddress: "10.1.164.0:34975"
clientAddress: "10.1.164.0:41073"
adminAddress: "10.1.164.0:41073"
startupRole: FOLLOWER
, old:): org.apache.ratis.thirdparty.io.grpc.StatusRuntimeException: CANCELLED: client cancelled
2023-04-19 02:34:08,539 [BlockDeletingService#2] INFO  interfaces.ContainerDeletionChoosingPolicyTemplate (ContainerDeletionChoosingPolicyTemplate.java:chooseContainerForBlockDeletion(83)) - Chosen 0/5000 blocks from 0 candidate containers.
2023-04-19 02:34:08,544 [2fc7e044-034b-4d4d-85e4-65e0422d519b-impl-thread2] INFO  server.RaftServer$Division (ServerState.java:close(466)) - 2fc7e044-034b-4d4d-85e4-65e0422d519b@group-8474C413378F: closes. applyIndex: 0
2023-04-19 02:34:08,574 [SCMBlockDeletingService#0] DEBUG block.SCMBlockDeletingService (SCMBlockDeletingService.java:shouldRun(251)) - Check scm block delete run: true serviceStatus: RUNNING safemodeExitRunDelayMillis: 3000 alreadyWaitTimeInMillis: 21505
2023-04-19 02:34:08,574 [SCMBlockDeletingService#0] DEBUG block.SCMBlockDeletingService (SCMBlockDeletingService.java:call(154)) - Running DeletedBlockTransactionScanner
2023-04-19 02:34:08,584 [2fc7e044-034b-4d4d-85e4-65e0422d519b@group-8474C413378F-SegmentedRaftLogWorker] INFO  segmented.SegmentedRaftLogWorker (SegmentedRaftLogWorker.java:run(347)) - 2fc7e044-034b-4d4d-85e4-65e0422d519b@group-8474C413378F-SegmentedRaftLogWorker was interrupted, exiting. There are 0 tasks remaining in the queue.
2023-04-19 02:34:08,584 [BlockDeletingService#8] INFO  interfaces.ContainerDeletionChoosingPolicyTemplate (ContainerDeletionChoosingPolicyTemplate.java:chooseContainerForBlockDeletion(83)) - Chosen 0/5000 blocks from 0 candidate containers.
2023-04-19 02:34:08,584 [2fc7e044-034b-4d4d-85e4-65e0422d519b-impl-thread2] INFO  segmented.SegmentedRaftLogWorker (SegmentedRaftLogWorker.java:close(257)) - 2fc7e044-034b-4d4d-85e4-65e0422d519b@group-8474C413378F-SegmentedRaftLogWorker close()
2023-04-19 02:34:08,590 [JvmPauseMonitor12] INFO  util.JvmPauseMonitor (JvmPauseMonitor.java:run(111)) - JvmPauseMonitor-457148a9-726e-4dee-b9dd-7b4b55ffa2f6: Stopped
2023-04-19 02:34:08,592 [BlockDeletingService#2] INFO  interfaces.ContainerDeletionChoosingPolicyTemplate (ContainerDeletionChoosingPolicyTemplate.java:chooseContainerForBlockDeletion(83)) - Chosen 0/5000 blocks from 0 candidate containers.
2023-04-19 02:34:08,595 [JvmPauseMonitor10] INFO  util.JvmPauseMonitor (JvmPauseMonitor.java:run(111)) - JvmPauseMonitor-2fc7e044-034b-4d4d-85e4-65e0422d519b: Stopped
2023-04-19 02:34:08,639 [BlockDeletingService#2] INFO  interfaces.ContainerDeletionChoosingPolicyTemplate (ContainerDeletionChoosingPolicyTemplate.java:chooseContainerForBlockDeletion(83)) - Chosen 0/5000 blocks from 0 candidate containers.
2023-04-19 02:34:08,674 [SCMBlockDeletingService#0] DEBUG block.SCMBlockDeletingService (SCMBlockDeletingService.java:shouldRun(251)) - Check scm block delete run: true serviceStatus: RUNNING safemodeExitRunDelayMillis: 3000 alreadyWaitTimeInMillis: 21605
2023-04-19 02:34:08,674 [SCMBlockDeletingService#0] DEBUG block.SCMBlockDeletingService (SCMBlockDeletingService.java:call(154)) - Running DeletedBlockTransactionScanner
2023-04-19 02:34:08,684 [BlockDeletingService#8] INFO  interfaces.ContainerDeletionChoosingPolicyTemplate (ContainerDeletionChoosingPolicyTemplate.java:chooseContainerForBlockDeletion(83)) - Chosen 0/5000 blocks from 0 candidate containers.
2023-04-19 02:34:08,692 [BlockDeletingService#2] INFO  interfaces.ContainerDeletionChoosingPolicyTemplate (ContainerDeletionChoosingPolicyTemplate.java:chooseContainerForBlockDeletion(83)) - Chosen 0/5000 blocks from 0 candidate containers.
2023-04-19 02:34:08,739 [BlockDeletingService#2] INFO  interfaces.ContainerDeletionChoosingPolicyTemplate (ContainerDeletionChoosingPolicyTemplate.java:chooseContainerForBlockDeletion(83)) - Chosen 0/5000 blocks from 0 candidate containers.
2023-04-19 02:34:08,774 [SCMBlockDeletingService#0] DEBUG block.SCMBlockDeletingService (SCMBlockDeletingService.java:shouldRun(251)) - Check scm block delete run: true serviceStatus: RUNNING safemodeExitRunDelayMillis: 3000 alreadyWaitTimeInMillis: 21705
2023-04-19 02:34:08,775 [SCMBlockDeletingService#0] DEBUG block.SCMBlockDeletingService (SCMBlockDeletingService.java:call(154)) - Running DeletedBlockTransactionScanner
2023-04-19 02:34:08,784 [BlockDeletingService#8] INFO  interfaces.ContainerDeletionChoosingPolicyTemplate (ContainerDeletionChoosingPolicyTemplate.java:chooseContainerForBlockDeletion(83)) - Chosen 0/5000 blocks from 0 candidate containers.
2023-04-19 02:34:08,793 [BlockDeletingService#2] INFO  interfaces.ContainerDeletionChoosingPolicyTemplate (ContainerDeletionChoosingPolicyTemplate.java:chooseContainerForBlockDeletion(83)) - Chosen 0/5000 blocks from 0 candidate containers.
2023-04-19 02:34:08,840 [BlockDeletingService#2] INFO  interfaces.ContainerDeletionChoosingPolicyTemplate (ContainerDeletionChoosingPolicyTemplate.java:chooseContainerForBlockDeletion(83)) - Chosen 0/5000 blocks from 0 candidate containers.
2023-04-19 02:34:08,875 [SCMBlockDeletingService#0] DEBUG block.SCMBlockDeletingService (SCMBlockDeletingService.java:shouldRun(251)) - Check scm block delete run: true serviceStatus: RUNNING safemodeExitRunDelayMillis: 3000 alreadyWaitTimeInMillis: 21806
2023-04-19 02:34:08,875 [SCMBlockDeletingService#0] DEBUG block.SCMBlockDeletingService (SCMBlockDeletingService.java:call(154)) - Running DeletedBlockTransactionScanner
2023-04-19 02:34:08,885 [BlockDeletingService#8] INFO  interfaces.ContainerDeletionChoosingPolicyTemplate (ContainerDeletionChoosingPolicyTemplate.java:chooseContainerForBlockDeletion(83)) - Chosen 0/5000 blocks from 0 candidate containers.
2023-04-19 02:34:08,893 [BlockDeletingService#2] INFO  interfaces.ContainerDeletionChoosingPolicyTemplate (ContainerDeletionChoosingPolicyTemplate.java:chooseContainerForBlockDeletion(83)) - Chosen 0/5000 blocks from 0 candidate containers.
2023-04-19 02:34:08,940 [BlockDeletingService#2] INFO  interfaces.ContainerDeletionChoosingPolicyTemplate (ContainerDeletionChoosingPolicyTemplate.java:chooseContainerForBlockDeletion(83)) - Chosen 0/5000 blocks from 0 candidate containers.
2023-04-19 02:34:08,975 [SCMBlockDeletingService#0] DEBUG block.SCMBlockDeletingService (SCMBlockDeletingService.java:shouldRun(251)) - Check scm block delete run: true serviceStatus: RUNNING safemodeExitRunDelayMillis: 3000 alreadyWaitTimeInMillis: 21906
2023-04-19 02:34:08,975 [SCMBlockDeletingService#0] DEBUG block.SCMBlockDeletingService (SCMBlockDeletingService.java:call(154)) - Running DeletedBlockTransactionScanner
2023-04-19 02:34:08,985 [BlockDeletingService#8] INFO  interfaces.ContainerDeletionChoosingPolicyTemplate (ContainerDeletionChoosingPolicyTemplate.java:chooseContainerForBlockDeletion(83)) - Chosen 0/5000 blocks from 0 candidate containers.
2023-04-19 02:34:08,993 [BlockDeletingService#2] INFO  interfaces.ContainerDeletionChoosingPolicyTemplate (ContainerDeletionChoosingPolicyTemplate.java:chooseContainerForBlockDeletion(83)) - Chosen 0/5000 blocks from 0 candidate containers.
2023-04-19 02:34:09,040 [BlockDeletingService#2] INFO  interfaces.ContainerDeletionChoosingPolicyTemplate (ContainerDeletionChoosingPolicyTemplate.java:chooseContainerForBlockDeletion(83)) - Chosen 0/5000 blocks from 0 candidate containers.
2023-04-19 02:34:09,075 [SCMBlockDeletingService#0] DEBUG block.SCMBlockDeletingService (SCMBlockDeletingService.java:shouldRun(251)) - Check scm block delete run: true serviceStatus: RUNNING safemodeExitRunDelayMillis: 3000 alreadyWaitTimeInMillis: 22006
2023-04-19 02:34:09,075 [SCMBlockDeletingService#0] DEBUG block.SCMBlockDeletingService (SCMBlockDeletingService.java:call(154)) - Running DeletedBlockTransactionScanner
2023-04-19 02:34:09,085 [BlockDeletingService#8] INFO  interfaces.ContainerDeletionChoosingPolicyTemplate (ContainerDeletionChoosingPolicyTemplate.java:chooseContainerForBlockDeletion(83)) - Chosen 0/5000 blocks from 0 candidate containers.
2023-04-19 02:34:09,093 [BlockDeletingService#2] INFO  interfaces.ContainerDeletionChoosingPolicyTemplate (ContainerDeletionChoosingPolicyTemplate.java:chooseContainerForBlockDeletion(83)) - Chosen 0/5000 blocks from 0 candidate containers.
2023-04-19 02:34:09,140 [BlockDeletingService#2] INFO  interfaces.ContainerDeletionChoosingPolicyTemplate (ContainerDeletionChoosingPolicyTemplate.java:chooseContainerForBlockDeletion(83)) - Chosen 0/5000 blocks from 0 candidate containers.
2023-04-19 02:34:09,175 [SCMBlockDeletingService#0] DEBUG block.SCMBlockDeletingService (SCMBlockDeletingService.java:shouldRun(251)) - Check scm block delete run: true serviceStatus: RUNNING safemodeExitRunDelayMillis: 3000 alreadyWaitTimeInMillis: 22106
2023-04-19 02:34:09,175 [SCMBlockDeletingService#0] DEBUG block.SCMBlockDeletingService (SCMBlockDeletingService.java:call(154)) - Running DeletedBlockTransactionScanner
2023-04-19 02:34:09,185 [BlockDeletingService#8] INFO  interfaces.ContainerDeletionChoosingPolicyTemplate (ContainerDeletionChoosingPolicyTemplate.java:chooseContainerForBlockDeletion(83)) - Chosen 0/5000 blocks from 0 candidate containers.
2023-04-19 02:34:09,194 [BlockDeletingService#2] INFO  interfaces.ContainerDeletionChoosingPolicyTemplate (ContainerDeletionChoosingPolicyTemplate.java:chooseContainerForBlockDeletion(83)) - Chosen 0/5000 blocks from 0 candidate containers.
2023-04-19 02:34:09,241 [BlockDeletingService#2] INFO  interfaces.ContainerDeletionChoosingPolicyTemplate (ContainerDeletionChoosingPolicyTemplate.java:chooseContainerForBlockDeletion(83)) - Chosen 0/5000 blocks from 0 candidate containers.
2023-04-19 02:34:09,275 [SCMBlockDeletingService#0] DEBUG block.SCMBlockDeletingService (SCMBlockDeletingService.java:shouldRun(251)) - Check scm block delete run: true serviceStatus: RUNNING safemodeExitRunDelayMillis: 3000 alreadyWaitTimeInMillis: 22206
2023-04-19 02:34:09,275 [SCMBlockDeletingService#0] DEBUG block.SCMBlockDeletingService (SCMBlockDeletingService.java:call(154)) - Running DeletedBlockTransactionScanner
2023-04-19 02:34:09,285 [BlockDeletingService#8] INFO  interfaces.ContainerDeletionChoosingPolicyTemplate (ContainerDeletionChoosingPolicyTemplate.java:chooseContainerForBlockDeletion(83)) - Chosen 0/5000 blocks from 0 candidate containers.
2023-04-19 02:34:09,294 [BlockDeletingService#2] INFO  interfaces.ContainerDeletionChoosingPolicyTemplate (ContainerDeletionChoosingPolicyTemplate.java:chooseContainerForBlockDeletion(83)) - Chosen 0/5000 blocks from 0 candidate containers.
2023-04-19 02:34:09,341 [BlockDeletingService#2] INFO  interfaces.ContainerDeletionChoosingPolicyTemplate (ContainerDeletionChoosingPolicyTemplate.java:chooseContainerForBlockDeletion(83)) - Chosen 0/5000 blocks from 0 candidate containers.
2023-04-19 02:34:09,375 [SCMBlockDeletingService#0] DEBUG block.SCMBlockDeletingService (SCMBlockDeletingService.java:shouldRun(251)) - Check scm block delete run: true serviceStatus: RUNNING safemodeExitRunDelayMillis: 3000 alreadyWaitTimeInMillis: 22306
2023-04-19 02:34:09,375 [SCMBlockDeletingService#0] DEBUG block.SCMBlockDeletingService (SCMBlockDeletingService.java:call(154)) - Running DeletedBlockTransactionScanner
2023-04-19 02:34:09,386 [BlockDeletingService#8] INFO  interfaces.ContainerDeletionChoosingPolicyTemplate (ContainerDeletionChoosingPolicyTemplate.java:chooseContainerForBlockDeletion(83)) - Chosen 0/5000 blocks from 0 candidate containers.
2023-04-19 02:34:09,394 [BlockDeletingService#2] INFO  interfaces.ContainerDeletionChoosingPolicyTemplate (ContainerDeletionChoosingPolicyTemplate.java:chooseContainerForBlockDeletion(83)) - Chosen 0/5000 blocks from 0 candidate containers.
2023-04-19 02:34:09,441 [BlockDeletingService#2] INFO  interfaces.ContainerDeletionChoosingPolicyTemplate (ContainerDeletionChoosingPolicyTemplate.java:chooseContainerForBlockDeletion(83)) - Chosen 0/5000 blocks from 0 candidate containers.
2023-04-19 02:34:09,475 [SCMBlockDeletingService#0] DEBUG block.SCMBlockDeletingService (SCMBlockDeletingService.java:shouldRun(251)) - Check scm block delete run: true serviceStatus: RUNNING safemodeExitRunDelayMillis: 3000 alreadyWaitTimeInMillis: 22406
2023-04-19 02:34:09,475 [SCMBlockDeletingService#0] DEBUG block.SCMBlockDeletingService (SCMBlockDeletingService.java:call(154)) - Running DeletedBlockTransactionScanner
2023-04-19 02:34:09,486 [BlockDeletingService#8] INFO  interfaces.ContainerDeletionChoosingPolicyTemplate (ContainerDeletionChoosingPolicyTemplate.java:chooseContainerForBlockDeletion(83)) - Chosen 0/5000 blocks from 0 candidate containers.
2023-04-19 02:34:09,494 [BlockDeletingService#2] INFO  interfaces.ContainerDeletionChoosingPolicyTemplate (ContainerDeletionChoosingPolicyTemplate.java:chooseContainerForBlockDeletion(83)) - Chosen 0/5000 blocks from 0 candidate containers.
2023-04-19 02:34:09,541 [BlockDeletingService#2] INFO  interfaces.ContainerDeletionChoosingPolicyTemplate (ContainerDeletionChoosingPolicyTemplate.java:chooseContainerForBlockDeletion(83)) - Chosen 0/5000 blocks from 0 candidate containers.
2023-04-19 02:34:09,575 [SCMBlockDeletingService#0] DEBUG block.SCMBlockDeletingService (SCMBlockDeletingService.java:shouldRun(251)) - Check scm block delete run: true serviceStatus: RUNNING safemodeExitRunDelayMillis: 3000 alreadyWaitTimeInMillis: 22506
2023-04-19 02:34:09,575 [SCMBlockDeletingService#0] DEBUG block.SCMBlockDeletingService (SCMBlockDeletingService.java:call(154)) - Running DeletedBlockTransactionScanner
2023-04-19 02:34:09,586 [BlockDeletingService#8] INFO  interfaces.ContainerDeletionChoosingPolicyTemplate (ContainerDeletionChoosingPolicyTemplate.java:chooseContainerForBlockDeletion(83)) - Chosen 0/5000 blocks from 0 candidate containers.
2023-04-19 02:34:09,594 [BlockDeletingService#2] INFO  interfaces.ContainerDeletionChoosingPolicyTemplate (ContainerDeletionChoosingPolicyTemplate.java:chooseContainerForBlockDeletion(83)) - Chosen 0/5000 blocks from 0 candidate containers.
2023-04-19 02:34:09,645 [grpc-default-executor-2] WARN  server.GrpcLogAppender (LogUtils.java:warn(122)) - a2f76bd1-2c73-4f6b-ae37-53a5930131fe@group-8474C413378F->457148a9-726e-4dee-b9dd-7b4b55ffa2f6-AppendLogResponseHandler: Failed appendEntries: org.apache.ratis.thirdparty.io.grpc.StatusRuntimeException: UNAVAILABLE: io exception
2023-04-19 02:34:09,645 [BlockDeletingService#2] INFO  interfaces.ContainerDeletionChoosingPolicyTemplate (ContainerDeletionChoosingPolicyTemplate.java:chooseContainerForBlockDeletion(83)) - Chosen 0/5000 blocks from 0 candidate containers.
2023-04-19 02:34:09,646 [grpc-default-executor-2] WARN  server.GrpcLogAppender (GrpcLogAppender.java:resetClient(131)) - a2f76bd1-2c73-4f6b-ae37-53a5930131fe@group-8474C413378F->457148a9-726e-4dee-b9dd-7b4b55ffa2f6-GrpcLogAppender: Leader has not got in touch with Follower a2f76bd1-2c73-4f6b-ae37-53a5930131fe@group-8474C413378F->457148a9-726e-4dee-b9dd-7b4b55ffa2f6(c0,m0,n1, attendVote=true, lastRpcSendTime=4, lastRpcResponseTime=2506) yet, just keep nextIndex unchanged and retry.
2023-04-19 02:34:09,648 [grpc-default-executor-2] WARN  server.GrpcLogAppender (LogUtils.java:warn(122)) - a2f76bd1-2c73-4f6b-ae37-53a5930131fe@group-8474C413378F->457148a9-726e-4dee-b9dd-7b4b55ffa2f6-AppendLogResponseHandler: Failed appendEntries: org.apache.ratis.thirdparty.io.grpc.StatusRuntimeException: UNAVAILABLE: io exception
2023-04-19 02:34:09,652 [grpc-default-executor-2] WARN  server.GrpcLogAppender (GrpcLogAppender.java:resetClient(131)) - a2f76bd1-2c73-4f6b-ae37-53a5930131fe@group-8474C413378F->457148a9-726e-4dee-b9dd-7b4b55ffa2f6-GrpcLogAppender: Leader has not got in touch with Follower a2f76bd1-2c73-4f6b-ae37-53a5930131fe@group-8474C413378F->457148a9-726e-4dee-b9dd-7b4b55ffa2f6(c0,m0,n1, attendVote=true, lastRpcSendTime=11, lastRpcResponseTime=2512) yet, just keep nextIndex unchanged and retry.
2023-04-19 02:34:09,653 [grpc-default-executor-2] WARN  server.GrpcLogAppender (LogUtils.java:warn(122)) - a2f76bd1-2c73-4f6b-ae37-53a5930131fe@group-8474C413378F->2fc7e044-034b-4d4d-85e4-65e0422d519b-AppendLogResponseHandler: Failed appendEntries: org.apache.ratis.thirdparty.io.grpc.StatusRuntimeException: UNAVAILABLE: io exception
2023-04-19 02:34:09,661 [grpc-default-executor-0] WARN  server.GrpcLogAppender (LogUtils.java:warn(122)) - a2f76bd1-2c73-4f6b-ae37-53a5930131fe@group-8474C413378F->2fc7e044-034b-4d4d-85e4-65e0422d519b-AppendLogResponseHandler: Failed appendEntries: org.apache.ratis.thirdparty.io.grpc.StatusRuntimeException: UNAVAILABLE: io exception
2023-04-19 02:34:09,661 [grpc-default-executor-2] WARN  server.GrpcLogAppender (GrpcLogAppender.java:resetClient(131)) - a2f76bd1-2c73-4f6b-ae37-53a5930131fe@group-8474C413378F->2fc7e044-034b-4d4d-85e4-65e0422d519b-GrpcLogAppender: Leader has not got in touch with Follower a2f76bd1-2c73-4f6b-ae37-53a5930131fe@group-8474C413378F->2fc7e044-034b-4d4d-85e4-65e0422d519b(c0,m0,n1, attendVote=true, lastRpcSendTime=0, lastRpcResponseTime=2512) yet, just keep nextIndex unchanged and retry.
2023-04-19 02:34:09,664 [grpc-default-executor-0] WARN  server.GrpcLogAppender (GrpcLogAppender.java:resetClient(131)) - a2f76bd1-2c73-4f6b-ae37-53a5930131fe@group-8474C413378F->2fc7e044-034b-4d4d-85e4-65e0422d519b-GrpcLogAppender: Leader has not got in touch with Follower a2f76bd1-2c73-4f6b-ae37-53a5930131fe@group-8474C413378F->2fc7e044-034b-4d4d-85e4-65e0422d519b(c0,m0,n1, attendVote=true, lastRpcSendTime=3, lastRpcResponseTime=2515) yet, just keep nextIndex unchanged and retry.
2023-04-19 02:34:09,675 [SCMBlockDeletingService#0] DEBUG block.SCMBlockDeletingService (SCMBlockDeletingService.java:shouldRun(251)) - Check scm block delete run: true serviceStatus: RUNNING safemodeExitRunDelayMillis: 3000 alreadyWaitTimeInMillis: 22606
2023-04-19 02:34:09,675 [SCMBlockDeletingService#0] DEBUG block.SCMBlockDeletingService (SCMBlockDeletingService.java:call(154)) - Running DeletedBlockTransactionScanner
2023-04-19 02:34:09,686 [BlockDeletingService#8] INFO  interfaces.ContainerDeletionChoosingPolicyTemplate (ContainerDeletionChoosingPolicyTemplate.java:chooseContainerForBlockDeletion(83)) - Chosen 0/5000 blocks from 0 candidate containers.
2023-04-19 02:34:09,695 [BlockDeletingService#2] INFO  interfaces.ContainerDeletionChoosingPolicyTemplate (ContainerDeletionChoosingPolicyTemplate.java:chooseContainerForBlockDeletion(83)) - Chosen 0/5000 blocks from 0 candidate containers.
2023-04-19 02:34:09,745 [BlockDeletingService#2] INFO  interfaces.ContainerDeletionChoosingPolicyTemplate (ContainerDeletionChoosingPolicyTemplate.java:chooseContainerForBlockDeletion(83)) - Chosen 0/5000 blocks from 0 candidate containers.
2023-04-19 02:34:09,775 [SCMBlockDeletingService#0] DEBUG block.SCMBlockDeletingService (SCMBlockDeletingService.java:shouldRun(251)) - Check scm block delete run: true serviceStatus: RUNNING safemodeExitRunDelayMillis: 3000 alreadyWaitTimeInMillis: 22706
2023-04-19 02:34:09,775 [SCMBlockDeletingService#0] DEBUG block.SCMBlockDeletingService (SCMBlockDeletingService.java:call(154)) - Running DeletedBlockTransactionScanner
2023-04-19 02:34:09,786 [BlockDeletingService#8] INFO  interfaces.ContainerDeletionChoosingPolicyTemplate (ContainerDeletionChoosingPolicyTemplate.java:chooseContainerForBlockDeletion(83)) - Chosen 0/5000 blocks from 0 candidate containers.
2023-04-19 02:34:09,795 [BlockDeletingService#2] INFO  interfaces.ContainerDeletionChoosingPolicyTemplate (ContainerDeletionChoosingPolicyTemplate.java:chooseContainerForBlockDeletion(83)) - Chosen 0/5000 blocks from 0 candidate containers.
2023-04-19 02:34:09,846 [BlockDeletingService#2] INFO  interfaces.ContainerDeletionChoosingPolicyTemplate (ContainerDeletionChoosingPolicyTemplate.java:chooseContainerForBlockDeletion(83)) - Chosen 0/5000 blocks from 0 candidate containers.
2023-04-19 02:34:09,875 [SCMBlockDeletingService#0] DEBUG block.SCMBlockDeletingService (SCMBlockDeletingService.java:shouldRun(251)) - Check scm block delete run: true serviceStatus: RUNNING safemodeExitRunDelayMillis: 3000 alreadyWaitTimeInMillis: 22806
2023-04-19 02:34:09,875 [SCMBlockDeletingService#0] DEBUG block.SCMBlockDeletingService (SCMBlockDeletingService.java:call(154)) - Running DeletedBlockTransactionScanner
2023-04-19 02:34:09,887 [BlockDeletingService#8] INFO  interfaces.ContainerDeletionChoosingPolicyTemplate (ContainerDeletionChoosingPolicyTemplate.java:chooseContainerForBlockDeletion(83)) - Chosen 0/5000 blocks from 0 candidate containers.
2023-04-19 02:34:09,895 [BlockDeletingService#2] INFO  interfaces.ContainerDeletionChoosingPolicyTemplate (ContainerDeletionChoosingPolicyTemplate.java:chooseContainerForBlockDeletion(83)) - Chosen 0/5000 blocks from 0 candidate containers.
2023-04-19 02:34:09,946 [BlockDeletingService#2] INFO  interfaces.ContainerDeletionChoosingPolicyTemplate (ContainerDeletionChoosingPolicyTemplate.java:chooseContainerForBlockDeletion(83)) - Chosen 0/5000 blocks from 0 candidate containers.
2023-04-19 02:34:09,976 [SCMBlockDeletingService#0] DEBUG block.SCMBlockDeletingService (SCMBlockDeletingService.java:shouldRun(251)) - Check scm block delete run: true serviceStatus: RUNNING safemodeExitRunDelayMillis: 3000 alreadyWaitTimeInMillis: 22907
2023-04-19 02:34:09,976 [SCMBlockDeletingService#0] DEBUG block.SCMBlockDeletingService (SCMBlockDeletingService.java:call(154)) - Running DeletedBlockTransactionScanner
2023-04-19 02:34:09,987 [BlockDeletingService#8] INFO  interfaces.ContainerDeletionChoosingPolicyTemplate (ContainerDeletionChoosingPolicyTemplate.java:chooseContainerForBlockDeletion(83)) - Chosen 0/5000 blocks from 0 candidate containers.
2023-04-19 02:34:09,995 [BlockDeletingService#2] INFO  interfaces.ContainerDeletionChoosingPolicyTemplate (ContainerDeletionChoosingPolicyTemplate.java:chooseContainerForBlockDeletion(83)) - Chosen 0/5000 blocks from 0 candidate containers.
2023-04-19 02:34:10,046 [BlockDeletingService#2] INFO  interfaces.ContainerDeletionChoosingPolicyTemplate (ContainerDeletionChoosingPolicyTemplate.java:chooseContainerForBlockDeletion(83)) - Chosen 0/5000 blocks from 0 candidate containers.
2023-04-19 02:34:10,076 [SCMBlockDeletingService#0] DEBUG block.SCMBlockDeletingService (SCMBlockDeletingService.java:shouldRun(251)) - Check scm block delete run: true serviceStatus: RUNNING safemodeExitRunDelayMillis: 3000 alreadyWaitTimeInMillis: 23007
2023-04-19 02:34:10,076 [SCMBlockDeletingService#0] DEBUG block.SCMBlockDeletingService (SCMBlockDeletingService.java:call(154)) - Running DeletedBlockTransactionScanner
2023-04-19 02:34:10,087 [BlockDeletingService#8] INFO  interfaces.ContainerDeletionChoosingPolicyTemplate (ContainerDeletionChoosingPolicyTemplate.java:chooseContainerForBlockDeletion(83)) - Chosen 0/5000 blocks from 0 candidate containers.
2023-04-19 02:34:10,096 [BlockDeletingService#2] INFO  interfaces.ContainerDeletionChoosingPolicyTemplate (ContainerDeletionChoosingPolicyTemplate.java:chooseContainerForBlockDeletion(83)) - Chosen 0/5000 blocks from 0 candidate containers.
2023-04-19 02:34:10,146 [BlockDeletingService#2] INFO  interfaces.ContainerDeletionChoosingPolicyTemplate (ContainerDeletionChoosingPolicyTemplate.java:chooseContainerForBlockDeletion(83)) - Chosen 0/5000 blocks from 0 candidate containers.
2023-04-19 02:34:10,176 [SCMBlockDeletingService#0] DEBUG block.SCMBlockDeletingService (SCMBlockDeletingService.java:shouldRun(251)) - Check scm block delete run: true serviceStatus: RUNNING safemodeExitRunDelayMillis: 3000 alreadyWaitTimeInMillis: 23107
2023-04-19 02:34:10,176 [SCMBlockDeletingService#0] DEBUG block.SCMBlockDeletingService (SCMBlockDeletingService.java:call(154)) - Running DeletedBlockTransactionScanner
2023-04-19 02:34:10,187 [BlockDeletingService#8] INFO  interfaces.ContainerDeletionChoosingPolicyTemplate (ContainerDeletionChoosingPolicyTemplate.java:chooseContainerForBlockDeletion(83)) - Chosen 0/5000 blocks from 0 candidate containers.
2023-04-19 02:34:10,196 [BlockDeletingService#2] INFO  interfaces.ContainerDeletionChoosingPolicyTemplate (ContainerDeletionChoosingPolicyTemplate.java:chooseContainerForBlockDeletion(83)) - Chosen 0/5000 blocks from 0 candidate containers.
2023-04-19 02:34:10,247 [BlockDeletingService#2] INFO  interfaces.ContainerDeletionChoosingPolicyTemplate (ContainerDeletionChoosingPolicyTemplate.java:chooseContainerForBlockDeletion(83)) - Chosen 0/5000 blocks from 0 candidate containers.
2023-04-19 02:34:10,276 [SCMBlockDeletingService#0] DEBUG block.SCMBlockDeletingService (SCMBlockDeletingService.java:shouldRun(251)) - Check scm block delete run: true serviceStatus: RUNNING safemodeExitRunDelayMillis: 3000 alreadyWaitTimeInMillis: 23207
2023-04-19 02:34:10,276 [SCMBlockDeletingService#0] DEBUG block.SCMBlockDeletingService (SCMBlockDeletingService.java:call(154)) - Running DeletedBlockTransactionScanner
2023-04-19 02:34:10,287 [BlockDeletingService#8] INFO  interfaces.ContainerDeletionChoosingPolicyTemplate (ContainerDeletionChoosingPolicyTemplate.java:chooseContainerForBlockDeletion(83)) - Chosen 0/5000 blocks from 0 candidate containers.
2023-04-19 02:34:10,296 [BlockDeletingService#2] INFO  interfaces.ContainerDeletionChoosingPolicyTemplate (ContainerDeletionChoosingPolicyTemplate.java:chooseContainerForBlockDeletion(83)) - Chosen 0/5000 blocks from 0 candidate containers.
2023-04-19 02:34:10,347 [BlockDeletingService#2] INFO  interfaces.ContainerDeletionChoosingPolicyTemplate (ContainerDeletionChoosingPolicyTemplate.java:chooseContainerForBlockDeletion(83)) - Chosen 0/5000 blocks from 0 candidate containers.
2023-04-19 02:34:10,376 [SCMBlockDeletingService#0] DEBUG block.SCMBlockDeletingService (SCMBlockDeletingService.java:shouldRun(251)) - Check scm block delete run: true serviceStatus: RUNNING safemodeExitRunDelayMillis: 3000 alreadyWaitTimeInMillis: 23307
2023-04-19 02:34:10,376 [SCMBlockDeletingService#0] DEBUG block.SCMBlockDeletingService (SCMBlockDeletingService.java:call(154)) - Running DeletedBlockTransactionScanner
2023-04-19 02:34:10,388 [BlockDeletingService#8] INFO  interfaces.ContainerDeletionChoosingPolicyTemplate (ContainerDeletionChoosingPolicyTemplate.java:chooseContainerForBlockDeletion(83)) - Chosen 0/5000 blocks from 0 candidate containers.
2023-04-19 02:34:10,396 [BlockDeletingService#2] INFO  interfaces.ContainerDeletionChoosingPolicyTemplate (ContainerDeletionChoosingPolicyTemplate.java:chooseContainerForBlockDeletion(83)) - Chosen 0/5000 blocks from 0 candidate containers.
2023-04-19 02:34:10,447 [BlockDeletingService#2] INFO  interfaces.ContainerDeletionChoosingPolicyTemplate (ContainerDeletionChoosingPolicyTemplate.java:chooseContainerForBlockDeletion(83)) - Chosen 0/5000 blocks from 0 candidate containers.
2023-04-19 02:34:10,476 [SCMBlockDeletingService#0] DEBUG block.SCMBlockDeletingService (SCMBlockDeletingService.java:shouldRun(251)) - Check scm block delete run: true serviceStatus: RUNNING safemodeExitRunDelayMillis: 3000 alreadyWaitTimeInMillis: 23407
2023-04-19 02:34:10,476 [SCMBlockDeletingService#0] DEBUG block.SCMBlockDeletingService (SCMBlockDeletingService.java:call(154)) - Running DeletedBlockTransactionScanner
2023-04-19 02:34:10,489 [BlockDeletingService#8] INFO  interfaces.ContainerDeletionChoosingPolicyTemplate (ContainerDeletionChoosingPolicyTemplate.java:chooseContainerForBlockDeletion(83)) - Chosen 0/5000 blocks from 0 candidate containers.
2023-04-19 02:34:10,496 [BlockDeletingService#2] INFO  interfaces.ContainerDeletionChoosingPolicyTemplate (ContainerDeletionChoosingPolicyTemplate.java:chooseContainerForBlockDeletion(83)) - Chosen 0/5000 blocks from 0 candidate containers.
2023-04-19 02:34:10,547 [BlockDeletingService#2] INFO  interfaces.ContainerDeletionChoosingPolicyTemplate (ContainerDeletionChoosingPolicyTemplate.java:chooseContainerForBlockDeletion(83)) - Chosen 0/5000 blocks from 0 candidate containers.
2023-04-19 02:34:10,576 [SCMBlockDeletingService#0] DEBUG block.SCMBlockDeletingService (SCMBlockDeletingService.java:shouldRun(251)) - Check scm block delete run: true serviceStatus: RUNNING safemodeExitRunDelayMillis: 3000 alreadyWaitTimeInMillis: 23507
2023-04-19 02:34:10,576 [SCMBlockDeletingService#0] DEBUG block.SCMBlockDeletingService (SCMBlockDeletingService.java:call(154)) - Running DeletedBlockTransactionScanner
2023-04-19 02:34:10,589 [BlockDeletingService#8] INFO  interfaces.ContainerDeletionChoosingPolicyTemplate (ContainerDeletionChoosingPolicyTemplate.java:chooseContainerForBlockDeletion(83)) - Chosen 0/5000 blocks from 0 candidate containers.
2023-04-19 02:34:10,597 [BlockDeletingService#2] INFO  interfaces.ContainerDeletionChoosingPolicyTemplate (ContainerDeletionChoosingPolicyTemplate.java:chooseContainerForBlockDeletion(83)) - Chosen 0/5000 blocks from 0 candidate containers.
2023-04-19 02:34:10,622 [ForkJoinPool.commonPool-worker-0] INFO  volume.HddsVolume (HddsVolume.java:closeDbStore(437)) - SchemaV3 db is stopped at /home/runner/work/ozone/ozone/hadoop-ozone/integration-test/target/test-dir/MiniOzoneClusterImpl-fac7741a-db88-4542-9ed6-27af914485a4/datanode-0/data-0/containers/hdds/fac7741a-db88-4542-9ed6-27af914485a4/DS-507d496f-36f0-4589-b848-444f8e9b0efd/container.db for volume DS-507d496f-36f0-4589-b848-444f8e9b0efd
2023-04-19 02:34:10,625 [ForkJoinPool.commonPool-worker-0] INFO  utils.BackgroundService (BackgroundService.java:shutdown(141)) - Shutting down service BlockDeletingService
2023-04-19 02:34:10,626 [ForkJoinPool.commonPool-worker-0] INFO  utils.BackgroundService (BackgroundService.java:shutdown(141)) - Shutting down service StaleRecoveringContainerScrubbingService
2023-04-19 02:34:10,628 [Listener at 127.0.0.1/39891] INFO  volume.HddsVolume (HddsVolume.java:closeDbStore(437)) - SchemaV3 db is stopped at /home/runner/work/ozone/ozone/hadoop-ozone/integration-test/target/test-dir/MiniOzoneClusterImpl-fac7741a-db88-4542-9ed6-27af914485a4/datanode-1/data-0/containers/hdds/fac7741a-db88-4542-9ed6-27af914485a4/DS-0acbdb59-40bf-4954-8337-a775a13d3050/container.db for volume DS-0acbdb59-40bf-4954-8337-a775a13d3050
2023-04-19 02:34:10,628 [Listener at 127.0.0.1/39891] INFO  utils.BackgroundService (BackgroundService.java:shutdown(141)) - Shutting down service BlockDeletingService
2023-04-19 02:34:10,629 [Listener at 127.0.0.1/39891] INFO  utils.BackgroundService (BackgroundService.java:shutdown(141)) - Shutting down service StaleRecoveringContainerScrubbingService
2023-04-19 02:34:10,632 [ForkJoinPool.commonPool-worker-0] INFO  statemachine.DatanodeStateMachine (DatanodeStateMachine.java:stopDaemon(601)) - Ozone container server stopped.
2023-04-19 02:34:10,635 [Listener at 127.0.0.1/39891] INFO  statemachine.DatanodeStateMachine (DatanodeStateMachine.java:stopDaemon(601)) - Ozone container server stopped.
2023-04-19 02:34:10,655 [ForkJoinPool.commonPool-worker-0] INFO  handler.ContextHandler (ContextHandler.java:doStop(1159)) - Stopped o.e.j.w.WebAppContext@451506cf{hddsDatanode,/,null,STOPPED}{jar:file:/home/runner/.m2/repository/org/apache/ozone/hdds-container-service/1.4.0-SNAPSHOT/hdds-container-service-1.4.0-SNAPSHOT.jar!/webapps/hddsDatanode}
2023-04-19 02:34:10,656 [ForkJoinPool.commonPool-worker-0] INFO  server.AbstractConnector (AbstractConnector.java:doStop(383)) - Stopped ServerConnector@3eea2600{HTTP/1.1, (http/1.1)}{0.0.0.0:35673}
2023-04-19 02:34:10,656 [ForkJoinPool.commonPool-worker-0] INFO  server.session (HouseKeeper.java:stopScavenging(149)) - node0 Stopped scavenging
2023-04-19 02:34:10,658 [ForkJoinPool.commonPool-worker-0] INFO  handler.ContextHandler (ContextHandler.java:doStop(1159)) - Stopped o.e.j.s.ServletContextHandler@46222027{static,/static,jar:file:/home/runner/.m2/repository/org/apache/ozone/hdds-container-service/1.4.0-SNAPSHOT/hdds-container-service-1.4.0-SNAPSHOT.jar!/webapps/static,STOPPED}
2023-04-19 02:34:10,659 [ForkJoinPool.commonPool-worker-0] INFO  handler.ContextHandler (ContextHandler.java:doStop(1159)) - Stopped o.e.j.s.ServletContextHandler@d7ac2f7{logs,/logs,file:///home/runner/work/ozone/ozone/hadoop-ozone/integration-test/target/log,STOPPED}
2023-04-19 02:34:10,665 [ForkJoinPool.commonPool-worker-0] INFO  ozoneimpl.OzoneContainer (OzoneContainer.java:stop(419)) - Attempting to stop container services.
2023-04-19 02:34:10,669 [ForkJoinPool.commonPool-worker-0] INFO  server.RaftServer (RaftServerProxy.java:lambda$close$6(409)) - a2f76bd1-2c73-4f6b-ae37-53a5930131fe: close
2023-04-19 02:34:10,669 [a2f76bd1-2c73-4f6b-ae37-53a5930131fe-impl-thread1] INFO  server.RaftServer$Division (RaftServerImpl.java:lambda$close$4(458)) - a2f76bd1-2c73-4f6b-ae37-53a5930131fe@group-6A09DF08C44D: shutdown
2023-04-19 02:34:10,669 [ForkJoinPool.commonPool-worker-0] INFO  server.GrpcService (GrpcService.java:closeImpl(271)) - a2f76bd1-2c73-4f6b-ae37-53a5930131fe: shutdown server GrpcServerProtocolService now
2023-04-19 02:34:10,669 [a2f76bd1-2c73-4f6b-ae37-53a5930131fe-impl-thread1] INFO  util.JmxRegister (JmxRegister.java:unregister(73)) - Successfully un-registered JMX Bean with object name Ratis:service=RaftServer,group=group-6A09DF08C44D,id=a2f76bd1-2c73-4f6b-ae37-53a5930131fe
2023-04-19 02:34:10,669 [a2f76bd1-2c73-4f6b-ae37-53a5930131fe-impl-thread1] INFO  impl.RoleInfo (RoleInfo.java:shutdownFollowerState(110)) - a2f76bd1-2c73-4f6b-ae37-53a5930131fe: shutdown a2f76bd1-2c73-4f6b-ae37-53a5930131fe@group-6A09DF08C44D-FollowerState
2023-04-19 02:34:10,669 [a2f76bd1-2c73-4f6b-ae37-53a5930131fe-impl-thread1] INFO  impl.StateMachineUpdater (StateMachineUpdater.java:stopAndJoin(153)) - a2f76bd1-2c73-4f6b-ae37-53a5930131fe@group-6A09DF08C44D-StateMachineUpdater: set stopIndex = -1
2023-04-19 02:34:10,676 [SCMBlockDeletingService#0] DEBUG block.SCMBlockDeletingService (SCMBlockDeletingService.java:shouldRun(251)) - Check scm block delete run: true serviceStatus: RUNNING safemodeExitRunDelayMillis: 3000 alreadyWaitTimeInMillis: 23607
2023-04-19 02:34:10,676 [SCMBlockDeletingService#0] DEBUG block.SCMBlockDeletingService (SCMBlockDeletingService.java:call(154)) - Running DeletedBlockTransactionScanner
2023-04-19 02:34:10,676 [a2f76bd1-2c73-4f6b-ae37-53a5930131fe-impl-thread1] INFO  server.RaftServer$Division (ServerState.java:close(466)) - a2f76bd1-2c73-4f6b-ae37-53a5930131fe@group-6A09DF08C44D: closes. applyIndex: -1
2023-04-19 02:34:10,676 [a2f76bd1-2c73-4f6b-ae37-53a5930131fe@group-6A09DF08C44D-SegmentedRaftLogWorker] INFO  segmented.SegmentedRaftLogWorker (SegmentedRaftLogWorker.java:run(347)) - a2f76bd1-2c73-4f6b-ae37-53a5930131fe@group-6A09DF08C44D-SegmentedRaftLogWorker was interrupted, exiting. There are 0 tasks remaining in the queue.
2023-04-19 02:34:10,676 [a2f76bd1-2c73-4f6b-ae37-53a5930131fe@group-6A09DF08C44D-FollowerState] INFO  impl.FollowerState (FollowerState.java:run(152)) - a2f76bd1-2c73-4f6b-ae37-53a5930131fe@group-6A09DF08C44D-FollowerState was interrupted
2023-04-19 02:34:10,677 [a2f76bd1-2c73-4f6b-ae37-53a5930131fe-impl-thread1] INFO  segmented.SegmentedRaftLogWorker (SegmentedRaftLogWorker.java:close(257)) - a2f76bd1-2c73-4f6b-ae37-53a5930131fe@group-6A09DF08C44D-SegmentedRaftLogWorker close()
2023-04-19 02:34:10,677 [Listener at 127.0.0.1/39891] INFO  handler.ContextHandler (ContextHandler.java:doStop(1159)) - Stopped o.e.j.w.WebAppContext@3714962f{hddsDatanode,/,null,STOPPED}{jar:file:/home/runner/.m2/repository/org/apache/ozone/hdds-container-service/1.4.0-SNAPSHOT/hdds-container-service-1.4.0-SNAPSHOT.jar!/webapps/hddsDatanode}
2023-04-19 02:34:10,679 [Listener at 127.0.0.1/39891] INFO  server.AbstractConnector (AbstractConnector.java:doStop(383)) - Stopped ServerConnector@59f4a57e{HTTP/1.1, (http/1.1)}{0.0.0.0:0}
2023-04-19 02:34:10,680 [Listener at 127.0.0.1/39891] INFO  server.session (HouseKeeper.java:stopScavenging(149)) - node0 Stopped scavenging
2023-04-19 02:34:10,680 [Listener at 127.0.0.1/39891] INFO  handler.ContextHandler (ContextHandler.java:doStop(1159)) - Stopped o.e.j.s.ServletContextHandler@326b6c85{static,/static,jar:file:/home/runner/.m2/repository/org/apache/ozone/hdds-container-service/1.4.0-SNAPSHOT/hdds-container-service-1.4.0-SNAPSHOT.jar!/webapps/static,STOPPED}
2023-04-19 02:34:10,680 [Listener at 127.0.0.1/39891] INFO  handler.ContextHandler (ContextHandler.java:doStop(1159)) - Stopped o.e.j.s.ServletContextHandler@14d1938b{logs,/logs,file:///home/runner/work/ozone/ozone/hadoop-ozone/integration-test/target/log,STOPPED}
2023-04-19 02:34:10,683 [a2f76bd1-2c73-4f6b-ae37-53a5930131fe-impl-thread2] INFO  server.RaftServer$Division (RaftServerImpl.java:lambda$close$4(458)) - a2f76bd1-2c73-4f6b-ae37-53a5930131fe@group-8474C413378F: shutdown
2023-04-19 02:34:10,689 [a2f76bd1-2c73-4f6b-ae37-53a5930131fe-impl-thread2] INFO  util.JmxRegister (JmxRegister.java:unregister(73)) - Successfully un-registered JMX Bean with object name Ratis:service=RaftServer,group=group-8474C413378F,id=a2f76bd1-2c73-4f6b-ae37-53a5930131fe
2023-04-19 02:34:10,689 [a2f76bd1-2c73-4f6b-ae37-53a5930131fe-impl-thread2] INFO  impl.RoleInfo (RoleInfo.java:shutdownLeaderState(93)) - a2f76bd1-2c73-4f6b-ae37-53a5930131fe: shutdown a2f76bd1-2c73-4f6b-ae37-53a5930131fe@group-8474C413378F-LeaderStateImpl
2023-04-19 02:34:10,689 [a2f76bd1-2c73-4f6b-ae37-53a5930131fe-impl-thread2] INFO  impl.PendingRequests (PendingRequests.java:sendNotLeaderResponses(282)) - a2f76bd1-2c73-4f6b-ae37-53a5930131fe@group-8474C413378F-PendingRequests: sendNotLeaderResponses
2023-04-19 02:34:10,690 [a2f76bd1-2c73-4f6b-ae37-53a5930131fe@group-8474C413378F-StateMachineUpdater] INFO  ratis.ContainerStateMachine (ContainerStateMachine.java:takeSnapshot(330)) - group-8474C413378F: Taking a snapshot at:(t:1, i:0) file /home/runner/work/ozone/ozone/hadoop-ozone/integration-test/target/test-dir/MiniOzoneClusterImpl-fac7741a-db88-4542-9ed6-27af914485a4/datanode-2/data/ratis/6c88f487-c9ba-46ea-aed9-8474c413378f/sm/snapshot.1_0
2023-04-19 02:34:10,690 [a2f76bd1-2c73-4f6b-ae37-53a5930131fe-impl-thread2] INFO  impl.StateMachineUpdater (StateMachineUpdater.java:stopAndJoin(153)) - a2f76bd1-2c73-4f6b-ae37-53a5930131fe@group-8474C413378F-StateMachineUpdater: set stopIndex = 0
2023-04-19 02:34:10,695 [ForkJoinPool.commonPool-worker-0] INFO  server.GrpcServerProtocolClient (GrpcServerProtocolClient.java:close(101)) - 2fc7e044-034b-4d4d-85e4-65e0422d519b Close channels
2023-04-19 02:34:10,696 [ForkJoinPool.commonPool-worker-0] INFO  server.GrpcServerProtocolClient (GrpcServerProtocolClient.java:close(101)) - 457148a9-726e-4dee-b9dd-7b4b55ffa2f6 Close channels
2023-04-19 02:34:10,696 [a2f76bd1-2c73-4f6b-ae37-53a5930131fe@group-8474C413378F-StateMachineUpdater] INFO  ratis.ContainerStateMachine (ContainerStateMachine.java:takeSnapshot(341)) - group-8474C413378F: Finished taking a snapshot at:(t:1, i:0) file:/home/runner/work/ozone/ozone/hadoop-ozone/integration-test/target/test-dir/MiniOzoneClusterImpl-fac7741a-db88-4542-9ed6-27af914485a4/datanode-2/data/ratis/6c88f487-c9ba-46ea-aed9-8474c413378f/sm/snapshot.1_0 took: 7 ms
2023-04-19 02:34:10,696 [ForkJoinPool.commonPool-worker-0] INFO  server.GrpcService (GrpcService.java:closeImpl(280)) - a2f76bd1-2c73-4f6b-ae37-53a5930131fe: shutdown server GrpcServerProtocolService successfully
2023-04-19 02:34:10,696 [a2f76bd1-2c73-4f6b-ae37-53a5930131fe@group-8474C413378F-StateMachineUpdater] INFO  impl.StateMachineUpdater (StateMachineUpdater.java:takeSnapshot(287)) - a2f76bd1-2c73-4f6b-ae37-53a5930131fe@group-8474C413378F-StateMachineUpdater: Took a snapshot at index 0
2023-04-19 02:34:10,696 [a2f76bd1-2c73-4f6b-ae37-53a5930131fe@group-8474C413378F-StateMachineUpdater] INFO  impl.StateMachineUpdater (StateMachineUpdater.java:lambda$new$0(92)) - a2f76bd1-2c73-4f6b-ae37-53a5930131fe@group-8474C413378F-StateMachineUpdater: snapshotIndex: updateIncreasingly -1 -> 0
2023-04-19 02:34:10,697 [BlockDeletingService#2] INFO  interfaces.ContainerDeletionChoosingPolicyTemplate (ContainerDeletionChoosingPolicyTemplate.java:chooseContainerForBlockDeletion(83)) - Chosen 0/5000 blocks from 0 candidate containers.
2023-04-19 02:34:10,697 [a2f76bd1-2c73-4f6b-ae37-53a5930131fe-NettyServerStreamRpc-bossGroup--thread1] INFO  logging.LoggingHandler (AbstractInternalLogger.java:log(148)) - [id: 0x6ab97ad7, L:/0:0:0:0:0:0:0:0:36907] CLOSE
2023-04-19 02:34:10,697 [a2f76bd1-2c73-4f6b-ae37-53a5930131fe-NettyServerStreamRpc-bossGroup--thread1] INFO  logging.LoggingHandler (AbstractInternalLogger.java:log(148)) - [id: 0x6ab97ad7, L:/0:0:0:0:0:0:0:0:36907] INACTIVE
2023-04-19 02:34:10,697 [a2f76bd1-2c73-4f6b-ae37-53a5930131fe-NettyServerStreamRpc-bossGroup--thread1] INFO  logging.LoggingHandler (AbstractInternalLogger.java:log(148)) - [id: 0x6ab97ad7, L:/0:0:0:0:0:0:0:0:36907] UNREGISTERED
2023-04-19 02:34:10,697 [a2f76bd1-2c73-4f6b-ae37-53a5930131fe-impl-thread2] INFO  server.RaftServer$Division (ServerState.java:close(466)) - a2f76bd1-2c73-4f6b-ae37-53a5930131fe@group-8474C413378F: closes. applyIndex: 0
2023-04-19 02:34:10,704 [a2f76bd1-2c73-4f6b-ae37-53a5930131fe@group-8474C413378F-SegmentedRaftLogWorker] INFO  segmented.SegmentedRaftLogWorker (SegmentedRaftLogWorker.java:run(347)) - a2f76bd1-2c73-4f6b-ae37-53a5930131fe@group-8474C413378F-SegmentedRaftLogWorker was interrupted, exiting. There are 0 tasks remaining in the queue.
2023-04-19 02:34:10,704 [a2f76bd1-2c73-4f6b-ae37-53a5930131fe-impl-thread2] INFO  segmented.SegmentedRaftLogWorker (SegmentedRaftLogWorker.java:close(257)) - a2f76bd1-2c73-4f6b-ae37-53a5930131fe@group-8474C413378F-SegmentedRaftLogWorker close()
2023-04-19 02:34:10,714 [JvmPauseMonitor11] INFO  util.JvmPauseMonitor (JvmPauseMonitor.java:run(111)) - JvmPauseMonitor-a2f76bd1-2c73-4f6b-ae37-53a5930131fe: Stopped
2023-04-19 02:34:10,776 [SCMBlockDeletingService#0] DEBUG block.SCMBlockDeletingService (SCMBlockDeletingService.java:shouldRun(251)) - Check scm block delete run: true serviceStatus: RUNNING safemodeExitRunDelayMillis: 3000 alreadyWaitTimeInMillis: 23707
2023-04-19 02:34:10,776 [SCMBlockDeletingService#0] DEBUG block.SCMBlockDeletingService (SCMBlockDeletingService.java:call(154)) - Running DeletedBlockTransactionScanner
2023-04-19 02:34:10,797 [BlockDeletingService#2] INFO  interfaces.ContainerDeletionChoosingPolicyTemplate (ContainerDeletionChoosingPolicyTemplate.java:chooseContainerForBlockDeletion(83)) - Chosen 0/5000 blocks from 0 candidate containers.
2023-04-19 02:34:10,876 [SCMBlockDeletingService#0] DEBUG block.SCMBlockDeletingService (SCMBlockDeletingService.java:shouldRun(251)) - Check scm block delete run: true serviceStatus: RUNNING safemodeExitRunDelayMillis: 3000 alreadyWaitTimeInMillis: 23807
2023-04-19 02:34:10,876 [SCMBlockDeletingService#0] DEBUG block.SCMBlockDeletingService (SCMBlockDeletingService.java:call(154)) - Running DeletedBlockTransactionScanner
2023-04-19 02:34:10,897 [BlockDeletingService#2] INFO  interfaces.ContainerDeletionChoosingPolicyTemplate (ContainerDeletionChoosingPolicyTemplate.java:chooseContainerForBlockDeletion(83)) - Chosen 0/5000 blocks from 0 candidate containers.
2023-04-19 02:34:10,976 [SCMBlockDeletingService#0] DEBUG block.SCMBlockDeletingService (SCMBlockDeletingService.java:shouldRun(251)) - Check scm block delete run: true serviceStatus: RUNNING safemodeExitRunDelayMillis: 3000 alreadyWaitTimeInMillis: 23907
2023-04-19 02:34:10,977 [SCMBlockDeletingService#0] DEBUG block.SCMBlockDeletingService (SCMBlockDeletingService.java:call(154)) - Running DeletedBlockTransactionScanner
2023-04-19 02:34:10,997 [BlockDeletingService#2] INFO  interfaces.ContainerDeletionChoosingPolicyTemplate (ContainerDeletionChoosingPolicyTemplate.java:chooseContainerForBlockDeletion(83)) - Chosen 0/5000 blocks from 0 candidate containers.
2023-04-19 02:34:11,076 [SCMBlockDeletingService#0] DEBUG block.SCMBlockDeletingService (SCMBlockDeletingService.java:shouldRun(251)) - Check scm block delete run: true serviceStatus: RUNNING safemodeExitRunDelayMillis: 3000 alreadyWaitTimeInMillis: 24007
2023-04-19 02:34:11,077 [SCMBlockDeletingService#0] DEBUG block.SCMBlockDeletingService (SCMBlockDeletingService.java:call(154)) - Running DeletedBlockTransactionScanner
2023-04-19 02:34:11,098 [BlockDeletingService#2] INFO  interfaces.ContainerDeletionChoosingPolicyTemplate (ContainerDeletionChoosingPolicyTemplate.java:chooseContainerForBlockDeletion(83)) - Chosen 0/5000 blocks from 0 candidate containers.
2023-04-19 02:34:11,176 [SCMBlockDeletingService#0] DEBUG block.SCMBlockDeletingService (SCMBlockDeletingService.java:shouldRun(251)) - Check scm block delete run: true serviceStatus: RUNNING safemodeExitRunDelayMillis: 3000 alreadyWaitTimeInMillis: 24107
2023-04-19 02:34:11,177 [SCMBlockDeletingService#0] DEBUG block.SCMBlockDeletingService (SCMBlockDeletingService.java:call(154)) - Running DeletedBlockTransactionScanner
2023-04-19 02:34:11,198 [BlockDeletingService#2] INFO  interfaces.ContainerDeletionChoosingPolicyTemplate (ContainerDeletionChoosingPolicyTemplate.java:chooseContainerForBlockDeletion(83)) - Chosen 0/5000 blocks from 0 candidate containers.
2023-04-19 02:34:11,277 [SCMBlockDeletingService#0] DEBUG block.SCMBlockDeletingService (SCMBlockDeletingService.java:shouldRun(251)) - Check scm block delete run: true serviceStatus: RUNNING safemodeExitRunDelayMillis: 3000 alreadyWaitTimeInMillis: 24208
2023-04-19 02:34:11,277 [SCMBlockDeletingService#0] DEBUG block.SCMBlockDeletingService (SCMBlockDeletingService.java:call(154)) - Running DeletedBlockTransactionScanner
2023-04-19 02:34:11,298 [BlockDeletingService#2] INFO  interfaces.ContainerDeletionChoosingPolicyTemplate (ContainerDeletionChoosingPolicyTemplate.java:chooseContainerForBlockDeletion(83)) - Chosen 0/5000 blocks from 0 candidate containers.
2023-04-19 02:34:11,377 [SCMBlockDeletingService#0] DEBUG block.SCMBlockDeletingService (SCMBlockDeletingService.java:shouldRun(251)) - Check scm block delete run: true serviceStatus: RUNNING safemodeExitRunDelayMillis: 3000 alreadyWaitTimeInMillis: 24308
2023-04-19 02:34:11,377 [SCMBlockDeletingService#0] DEBUG block.SCMBlockDeletingService (SCMBlockDeletingService.java:call(154)) - Running DeletedBlockTransactionScanner
2023-04-19 02:34:11,385 [EventQueue-StaleNodeForStaleNodeHandler] INFO  node.StaleNodeHandler (StaleNodeHandler.java:onMessage(59)) - Datanode 2fc7e044-034b-4d4d-85e4-65e0422d519b(fv-az127-56.h3uyzbqov44edfyrgkjongjtha.bx.internal.cloudapp.net/10.1.164.0) moved to stale state. Finalizing its pipelines [PipelineID=e905c187-d44e-4d4f-943a-7551bbbf90f3, PipelineID=31121653-d323-4bbf-a472-97a3278ebfda, PipelineID=c451b338-8c47-48a8-90fa-697db1a608ee, PipelineID=1b37f983-dacd-4db2-9bcc-6a09df08c44d, PipelineID=6c88f487-c9ba-46ea-aed9-8474c413378f]
2023-04-19 02:34:11,386 [EventQueue-StaleNodeForStaleNodeHandler] INFO  pipeline.PipelineManagerImpl (PipelineManagerImpl.java:closePipeline(442)) - Pipeline Pipeline[ Id: 1b37f983-dacd-4db2-9bcc-6a09df08c44d, Nodes: 2fc7e044-034b-4d4d-85e4-65e0422d519b(fv-az127-56.h3uyzbqov44edfyrgkjongjtha.bx.internal.cloudapp.net/10.1.164.0)457148a9-726e-4dee-b9dd-7b4b55ffa2f6(fv-az127-56.h3uyzbqov44edfyrgkjongjtha.bx.internal.cloudapp.net/10.1.164.0)a2f76bd1-2c73-4f6b-ae37-53a5930131fe(fv-az127-56.h3uyzbqov44edfyrgkjongjtha.bx.internal.cloudapp.net/10.1.164.0), ReplicationConfig: RATIS/THREE, State:ALLOCATED, leaderId:, CreationTimestamp2023-04-19T02:34:07.678Z[Etc/UTC]] moved to CLOSED state
2023-04-19 02:34:11,399 [BlockDeletingService#0] INFO  interfaces.ContainerDeletionChoosingPolicyTemplate (ContainerDeletionChoosingPolicyTemplate.java:chooseContainerForBlockDeletion(83)) - Chosen 0/5000 blocks from 0 candidate containers.
2023-04-19 02:34:11,477 [SCMBlockDeletingService#0] DEBUG block.SCMBlockDeletingService (SCMBlockDeletingService.java:shouldRun(251)) - Check scm block delete run: true serviceStatus: RUNNING safemodeExitRunDelayMillis: 3000 alreadyWaitTimeInMillis: 24408
2023-04-19 02:34:11,477 [SCMBlockDeletingService#0] DEBUG block.SCMBlockDeletingService (SCMBlockDeletingService.java:call(154)) - Running DeletedBlockTransactionScanner
2023-04-19 02:34:11,485 [EventQueue-StaleNodeForStaleNodeHandler] INFO  node.StaleNodeHandler (StaleNodeHandler.java:onMessage(59)) - Datanode 457148a9-726e-4dee-b9dd-7b4b55ffa2f6(fv-az127-56.h3uyzbqov44edfyrgkjongjtha.bx.internal.cloudapp.net/10.1.164.0) moved to stale state. Finalizing its pipelines [PipelineID=e905c187-d44e-4d4f-943a-7551bbbf90f3, PipelineID=31121653-d323-4bbf-a472-97a3278ebfda, PipelineID=c451b338-8c47-48a8-90fa-697db1a608ee, PipelineID=1b37f983-dacd-4db2-9bcc-6a09df08c44d, PipelineID=6c88f487-c9ba-46ea-aed9-8474c413378f]
2023-04-19 02:34:11,499 [BlockDeletingService#0] INFO  interfaces.ContainerDeletionChoosingPolicyTemplate (ContainerDeletionChoosingPolicyTemplate.java:chooseContainerForBlockDeletion(83)) - Chosen 0/5000 blocks from 0 candidate containers.
2023-04-19 02:34:11,577 [SCMBlockDeletingService#0] DEBUG block.SCMBlockDeletingService (SCMBlockDeletingService.java:shouldRun(251)) - Check scm block delete run: true serviceStatus: RUNNING safemodeExitRunDelayMillis: 3000 alreadyWaitTimeInMillis: 24508
2023-04-19 02:34:11,577 [SCMBlockDeletingService#0] DEBUG block.SCMBlockDeletingService (SCMBlockDeletingService.java:call(154)) - Running DeletedBlockTransactionScanner
2023-04-19 02:34:11,599 [BlockDeletingService#0] INFO  interfaces.ContainerDeletionChoosingPolicyTemplate (ContainerDeletionChoosingPolicyTemplate.java:chooseContainerForBlockDeletion(83)) - Chosen 0/5000 blocks from 0 candidate containers.
2023-04-19 02:34:11,677 [SCMBlockDeletingService#0] DEBUG block.SCMBlockDeletingService (SCMBlockDeletingService.java:shouldRun(251)) - Check scm block delete run: true serviceStatus: RUNNING safemodeExitRunDelayMillis: 3000 alreadyWaitTimeInMillis: 24608
2023-04-19 02:34:11,677 [SCMBlockDeletingService#0] DEBUG block.SCMBlockDeletingService (SCMBlockDeletingService.java:call(154)) - Running DeletedBlockTransactionScanner
2023-04-19 02:34:11,699 [BlockDeletingService#0] INFO  interfaces.ContainerDeletionChoosingPolicyTemplate (ContainerDeletionChoosingPolicyTemplate.java:chooseContainerForBlockDeletion(83)) - Chosen 0/5000 blocks from 0 candidate containers.
2023-04-19 02:34:11,777 [SCMBlockDeletingService#0] DEBUG block.SCMBlockDeletingService (SCMBlockDeletingService.java:shouldRun(251)) - Check scm block delete run: true serviceStatus: RUNNING safemodeExitRunDelayMillis: 3000 alreadyWaitTimeInMillis: 24708
2023-04-19 02:34:11,777 [SCMBlockDeletingService#0] DEBUG block.SCMBlockDeletingService (SCMBlockDeletingService.java:call(154)) - Running DeletedBlockTransactionScanner
2023-04-19 02:34:11,800 [BlockDeletingService#0] INFO  interfaces.ContainerDeletionChoosingPolicyTemplate (ContainerDeletionChoosingPolicyTemplate.java:chooseContainerForBlockDeletion(83)) - Chosen 0/5000 blocks from 0 candidate containers.
2023-04-19 02:34:11,877 [SCMBlockDeletingService#0] DEBUG block.SCMBlockDeletingService (SCMBlockDeletingService.java:shouldRun(251)) - Check scm block delete run: true serviceStatus: RUNNING safemodeExitRunDelayMillis: 3000 alreadyWaitTimeInMillis: 24808
2023-04-19 02:34:11,877 [SCMBlockDeletingService#0] DEBUG block.SCMBlockDeletingService (SCMBlockDeletingService.java:call(154)) - Running DeletedBlockTransactionScanner
2023-04-19 02:34:11,900 [BlockDeletingService#0] INFO  interfaces.ContainerDeletionChoosingPolicyTemplate (ContainerDeletionChoosingPolicyTemplate.java:chooseContainerForBlockDeletion(83)) - Chosen 0/5000 blocks from 0 candidate containers.
2023-04-19 02:34:11,977 [SCMBlockDeletingService#0] DEBUG block.SCMBlockDeletingService (SCMBlockDeletingService.java:shouldRun(251)) - Check scm block delete run: true serviceStatus: RUNNING safemodeExitRunDelayMillis: 3000 alreadyWaitTimeInMillis: 24908
2023-04-19 02:34:11,977 [SCMBlockDeletingService#0] DEBUG block.SCMBlockDeletingService (SCMBlockDeletingService.java:call(154)) - Running DeletedBlockTransactionScanner
2023-04-19 02:34:12,000 [BlockDeletingService#0] INFO  interfaces.ContainerDeletionChoosingPolicyTemplate (ContainerDeletionChoosingPolicyTemplate.java:chooseContainerForBlockDeletion(83)) - Chosen 0/5000 blocks from 0 candidate containers.
2023-04-19 02:34:12,077 [SCMBlockDeletingService#0] DEBUG block.SCMBlockDeletingService (SCMBlockDeletingService.java:shouldRun(251)) - Check scm block delete run: true serviceStatus: RUNNING safemodeExitRunDelayMillis: 3000 alreadyWaitTimeInMillis: 25008
2023-04-19 02:34:12,077 [SCMBlockDeletingService#0] DEBUG block.SCMBlockDeletingService (SCMBlockDeletingService.java:call(154)) - Running DeletedBlockTransactionScanner
2023-04-19 02:34:12,101 [BlockDeletingService#0] INFO  interfaces.ContainerDeletionChoosingPolicyTemplate (ContainerDeletionChoosingPolicyTemplate.java:chooseContainerForBlockDeletion(83)) - Chosen 0/5000 blocks from 0 candidate containers.
2023-04-19 02:34:12,177 [SCMBlockDeletingService#0] DEBUG block.SCMBlockDeletingService (SCMBlockDeletingService.java:shouldRun(251)) - Check scm block delete run: true serviceStatus: RUNNING safemodeExitRunDelayMillis: 3000 alreadyWaitTimeInMillis: 25108
2023-04-19 02:34:12,177 [SCMBlockDeletingService#0] DEBUG block.SCMBlockDeletingService (SCMBlockDeletingService.java:call(154)) - Running DeletedBlockTransactionScanner
2023-04-19 02:34:12,201 [BlockDeletingService#0] INFO  interfaces.ContainerDeletionChoosingPolicyTemplate (ContainerDeletionChoosingPolicyTemplate.java:chooseContainerForBlockDeletion(83)) - Chosen 0/5000 blocks from 0 candidate containers.
2023-04-19 02:34:12,277 [SCMBlockDeletingService#0] DEBUG block.SCMBlockDeletingService (SCMBlockDeletingService.java:shouldRun(251)) - Check scm block delete run: true serviceStatus: RUNNING safemodeExitRunDelayMillis: 3000 alreadyWaitTimeInMillis: 25208
2023-04-19 02:34:12,278 [SCMBlockDeletingService#0] DEBUG block.SCMBlockDeletingService (SCMBlockDeletingService.java:call(154)) - Running DeletedBlockTransactionScanner
2023-04-19 02:34:12,301 [BlockDeletingService#0] INFO  interfaces.ContainerDeletionChoosingPolicyTemplate (ContainerDeletionChoosingPolicyTemplate.java:chooseContainerForBlockDeletion(83)) - Chosen 0/5000 blocks from 0 candidate containers.
2023-04-19 02:34:12,378 [SCMBlockDeletingService#0] DEBUG block.SCMBlockDeletingService (SCMBlockDeletingService.java:shouldRun(251)) - Check scm block delete run: true serviceStatus: RUNNING safemodeExitRunDelayMillis: 3000 alreadyWaitTimeInMillis: 25309
2023-04-19 02:34:12,378 [SCMBlockDeletingService#0] DEBUG block.SCMBlockDeletingService (SCMBlockDeletingService.java:call(154)) - Running DeletedBlockTransactionScanner
2023-04-19 02:34:12,401 [BlockDeletingService#0] INFO  interfaces.ContainerDeletionChoosingPolicyTemplate (ContainerDeletionChoosingPolicyTemplate.java:chooseContainerForBlockDeletion(83)) - Chosen 0/5000 blocks from 0 candidate containers.
2023-04-19 02:34:12,478 [SCMBlockDeletingService#0] DEBUG block.SCMBlockDeletingService (SCMBlockDeletingService.java:shouldRun(251)) - Check scm block delete run: true serviceStatus: RUNNING safemodeExitRunDelayMillis: 3000 alreadyWaitTimeInMillis: 25409
2023-04-19 02:34:12,478 [SCMBlockDeletingService#0] DEBUG block.SCMBlockDeletingService (SCMBlockDeletingService.java:call(154)) - Running DeletedBlockTransactionScanner
2023-04-19 02:34:12,502 [BlockDeletingService#0] INFO  interfaces.ContainerDeletionChoosingPolicyTemplate (ContainerDeletionChoosingPolicyTemplate.java:chooseContainerForBlockDeletion(83)) - Chosen 0/5000 blocks from 0 candidate containers.
2023-04-19 02:34:12,578 [SCMBlockDeletingService#0] DEBUG block.SCMBlockDeletingService (SCMBlockDeletingService.java:shouldRun(251)) - Check scm block delete run: true serviceStatus: RUNNING safemodeExitRunDelayMillis: 3000 alreadyWaitTimeInMillis: 25509
2023-04-19 02:34:12,578 [SCMBlockDeletingService#0] DEBUG block.SCMBlockDeletingService (SCMBlockDeletingService.java:call(154)) - Running DeletedBlockTransactionScanner
2023-04-19 02:34:12,602 [BlockDeletingService#0] INFO  interfaces.ContainerDeletionChoosingPolicyTemplate (ContainerDeletionChoosingPolicyTemplate.java:chooseContainerForBlockDeletion(83)) - Chosen 0/5000 blocks from 0 candidate containers.
2023-04-19 02:34:12,678 [SCMBlockDeletingService#0] DEBUG block.SCMBlockDeletingService (SCMBlockDeletingService.java:shouldRun(251)) - Check scm block delete run: true serviceStatus: RUNNING safemodeExitRunDelayMillis: 3000 alreadyWaitTimeInMillis: 25609
2023-04-19 02:34:12,678 [SCMBlockDeletingService#0] DEBUG block.SCMBlockDeletingService (SCMBlockDeletingService.java:call(154)) - Running DeletedBlockTransactionScanner
2023-04-19 02:34:12,702 [BlockDeletingService#0] INFO  interfaces.ContainerDeletionChoosingPolicyTemplate (ContainerDeletionChoosingPolicyTemplate.java:chooseContainerForBlockDeletion(83)) - Chosen 0/5000 blocks from 0 candidate containers.
2023-04-19 02:34:12,722 [ForkJoinPool.commonPool-worker-0] INFO  volume.HddsVolume (HddsVolume.java:closeDbStore(437)) - SchemaV3 db is stopped at /home/runner/work/ozone/ozone/hadoop-ozone/integration-test/target/test-dir/MiniOzoneClusterImpl-fac7741a-db88-4542-9ed6-27af914485a4/datanode-2/data-0/containers/hdds/fac7741a-db88-4542-9ed6-27af914485a4/DS-9c6fa266-f186-4399-8703-d7031bdd9b1f/container.db for volume DS-9c6fa266-f186-4399-8703-d7031bdd9b1f
2023-04-19 02:34:12,722 [ForkJoinPool.commonPool-worker-0] INFO  utils.BackgroundService (BackgroundService.java:shutdown(141)) - Shutting down service BlockDeletingService
2023-04-19 02:34:12,723 [ForkJoinPool.commonPool-worker-0] INFO  utils.BackgroundService (BackgroundService.java:shutdown(141)) - Shutting down service StaleRecoveringContainerScrubbingService
2023-04-19 02:34:12,725 [ForkJoinPool.commonPool-worker-0] INFO  statemachine.DatanodeStateMachine (DatanodeStateMachine.java:stopDaemon(601)) - Ozone container server stopped.
2023-04-19 02:34:12,736 [ForkJoinPool.commonPool-worker-0] INFO  handler.ContextHandler (ContextHandler.java:doStop(1159)) - Stopped o.e.j.w.WebAppContext@3ecaace2{hddsDatanode,/,null,STOPPED}{jar:file:/home/runner/.m2/repository/org/apache/ozone/hdds-container-service/1.4.0-SNAPSHOT/hdds-container-service-1.4.0-SNAPSHOT.jar!/webapps/hddsDatanode}
2023-04-19 02:34:12,737 [ForkJoinPool.commonPool-worker-0] INFO  server.AbstractConnector (AbstractConnector.java:doStop(383)) - Stopped ServerConnector@401bd1b9{HTTP/1.1, (http/1.1)}{0.0.0.0:0}
2023-04-19 02:34:12,737 [ForkJoinPool.commonPool-worker-0] INFO  server.session (HouseKeeper.java:stopScavenging(149)) - node0 Stopped scavenging
2023-04-19 02:34:12,737 [ForkJoinPool.commonPool-worker-0] INFO  handler.ContextHandler (ContextHandler.java:doStop(1159)) - Stopped o.e.j.s.ServletContextHandler@5e585461{static,/static,jar:file:/home/runner/.m2/repository/org/apache/ozone/hdds-container-service/1.4.0-SNAPSHOT/hdds-container-service-1.4.0-SNAPSHOT.jar!/webapps/static,STOPPED}
2023-04-19 02:34:12,738 [ForkJoinPool.commonPool-worker-0] INFO  handler.ContextHandler (ContextHandler.java:doStop(1159)) - Stopped o.e.j.s.ServletContextHandler@7077b9f1{logs,/logs,file:///home/runner/work/ozone/ozone/hadoop-ozone/integration-test/target/log,STOPPED}
2023-04-19 02:34:12,740 [Listener at 127.0.0.1/39891] INFO  ozone.MiniOzoneClusterImpl (MiniOzoneClusterImpl.java:stopSCM(549)) - Stopping the StorageContainerManager
2023-04-19 02:34:12,740 [Listener at 127.0.0.1/39891] INFO  server.StorageContainerManager (StorageContainerManager.java:stop(1578)) - Container Balancer is not running.
2023-04-19 02:34:12,740 [Listener at 127.0.0.1/39891] INFO  server.StorageContainerManager (StorageContainerManager.java:stopReplicationManager(1709)) - Stopping Replication Manager Service.
2023-04-19 02:34:12,740 [Listener at 127.0.0.1/39891] INFO  replication.ReplicationManager (ReplicationManager.java:stop(321)) - Stopping Replication Monitor Thread.
2023-04-19 02:34:12,740 [Listener at 127.0.0.1/39891] INFO  server.StorageContainerManager (StorageContainerManager.java:stop(1587)) - Stopping the Datanode Admin Monitor.
2023-04-19 02:34:12,740 [Under Replicated Processor] WARN  replication.UnhealthyReplicationProcessor (UnhealthyReplicationProcessor.java:run(146)) - Under Replicated Processor interrupted. Exiting...
2023-04-19 02:34:12,741 [Over Replicated Processor] WARN  replication.UnhealthyReplicationProcessor (UnhealthyReplicationProcessor.java:run(146)) - Over Replicated Processor interrupted. Exiting...
2023-04-19 02:34:12,741 [Listener at 127.0.0.1/39891] INFO  server.StorageContainerManager (StorageContainerManager.java:stop(1594)) - Stopping datanode service RPC server
2023-04-19 02:34:12,741 [Listener at 127.0.0.1/39891] INFO  server.SCMDatanodeProtocolServer (SCMDatanodeProtocolServer.java:stop(424)) - Stopping the RPC server for DataNodes
2023-04-19 02:34:12,741 [Listener at 127.0.0.1/39891] INFO  ipc.Server (Server.java:stop(3501)) - Stopping server on 42103
2023-04-19 02:34:12,741 [ReplicationMonitor] INFO  replication.ReplicationManager (ReplicationManager.java:run(975)) - Replication Monitor Thread is stopped
2023-04-19 02:34:12,743 [IPC Server Responder] INFO  ipc.Server (Server.java:run(1563)) - Stopping IPC Server Responder
2023-04-19 02:34:12,743 [IPC Server listener on 0] INFO  ipc.Server (Server.java:run(1430)) - Stopping IPC Server listener on 0
2023-04-19 02:34:12,778 [SCMBlockDeletingService#0] DEBUG block.SCMBlockDeletingService (SCMBlockDeletingService.java:shouldRun(251)) - Check scm block delete run: true serviceStatus: RUNNING safemodeExitRunDelayMillis: 3000 alreadyWaitTimeInMillis: 25709
2023-04-19 02:34:12,778 [SCMBlockDeletingService#0] DEBUG block.SCMBlockDeletingService (SCMBlockDeletingService.java:call(154)) - Running DeletedBlockTransactionScanner
2023-04-19 02:34:12,787 [SCM Heartbeat Processing Thread - 0] WARN  node.NodeStateManager (NodeStateManager.java:scheduleNextHealthCheck(870)) - Current Thread is interrupted, shutting down HB processing thread for Node Manager.
2023-04-19 02:34:12,787 [Listener at 127.0.0.1/39891] INFO  server.StorageContainerManager (StorageContainerManager.java:stop(1602)) - Stopping block service RPC server
2023-04-19 02:34:12,787 [Listener at 127.0.0.1/39891] INFO  server.SCMBlockProtocolServer (SCMBlockProtocolServer.java:stop(161)) - Stopping the RPC server for Block Protocol
2023-04-19 02:34:12,788 [Listener at 127.0.0.1/39891] INFO  ipc.Server (Server.java:stop(3501)) - Stopping server on 38111
2023-04-19 02:34:12,789 [IPC Server listener on 0] INFO  ipc.Server (Server.java:run(1430)) - Stopping IPC Server listener on 0
2023-04-19 02:34:12,791 [IPC Server Responder] INFO  ipc.Server (Server.java:run(1563)) - Stopping IPC Server Responder
2023-04-19 02:34:12,791 [Listener at 127.0.0.1/39891] INFO  server.StorageContainerManager (StorageContainerManager.java:stop(1609)) - Stopping the StorageContainerLocationProtocol RPC server
2023-04-19 02:34:12,791 [Listener at 127.0.0.1/39891] INFO  server.SCMClientProtocolServer (SCMClientProtocolServer.java:stop(206)) - Stopping the RPC server for Client Protocol
2023-04-19 02:34:12,791 [Listener at 127.0.0.1/39891] INFO  ipc.Server (Server.java:stop(3501)) - Stopping server on 40261
2023-04-19 02:34:12,792 [IPC Server listener on 0] INFO  ipc.Server (Server.java:run(1430)) - Stopping IPC Server listener on 0
2023-04-19 02:34:12,793 [IPC Server Responder] INFO  ipc.Server (Server.java:run(1563)) - Stopping IPC Server Responder
2023-04-19 02:34:12,793 [Listener at 127.0.0.1/39891] INFO  server.StorageContainerManager (StorageContainerManager.java:stop(1616)) - Stopping Storage Container Manager HTTP server.
2023-04-19 02:34:12,797 [Listener at 127.0.0.1/39891] INFO  handler.ContextHandler (ContextHandler.java:doStop(1159)) - Stopped o.e.j.w.WebAppContext@3b48a6b1{scm,/,null,STOPPED}{file:/home/runner/work/ozone/ozone/hadoop-ozone/integration-test/target/test-classes/webapps/scm}
2023-04-19 02:34:12,800 [Listener at 127.0.0.1/39891] INFO  server.AbstractConnector (AbstractConnector.java:doStop(383)) - Stopped ServerConnector@49e1826f{HTTP/1.1, (http/1.1)}{0.0.0.0:0}
2023-04-19 02:34:12,801 [Listener at 127.0.0.1/39891] INFO  server.session (HouseKeeper.java:stopScavenging(149)) - node0 Stopped scavenging
2023-04-19 02:34:12,801 [Listener at 127.0.0.1/39891] INFO  handler.ContextHandler (ContextHandler.java:doStop(1159)) - Stopped o.e.j.s.ServletContextHandler@e013456{static,/static,file:///home/runner/work/ozone/ozone/hadoop-ozone/integration-test/target/test-classes/webapps/static,STOPPED}
2023-04-19 02:34:12,801 [Listener at 127.0.0.1/39891] INFO  handler.ContextHandler (ContextHandler.java:doStop(1159)) - Stopped o.e.j.s.ServletContextHandler@55e91013{logs,/logs,file:///home/runner/work/ozone/ozone/hadoop-ozone/integration-test/target/log,STOPPED}
2023-04-19 02:34:12,804 [Listener at 127.0.0.1/39891] INFO  server.StorageContainerManager (StorageContainerManager.java:stop(1624)) - Stopping SCM LayoutVersionManager Service.
2023-04-19 02:34:12,804 [Listener at 127.0.0.1/39891] INFO  server.StorageContainerManager (StorageContainerManager.java:stop(1632)) - Stopping Block Manager Service.
2023-04-19 02:34:12,804 [Listener at 127.0.0.1/39891] INFO  utils.BackgroundService (BackgroundService.java:shutdown(141)) - Shutting down service SCMBlockDeletingService
2023-04-19 02:34:12,804 [Listener at 127.0.0.1/39891] INFO  utils.BackgroundService (BackgroundService.java:shutdown(141)) - Shutting down service SCMBlockDeletingService
2023-04-19 02:34:12,805 [Listener at 127.0.0.1/39891] INFO  server.StorageContainerManager (StorageContainerManager.java:stop(1654)) - Stopping SCM Event Queue.
2023-04-19 02:34:12,807 [Listener at 127.0.0.1/39891] INFO  server.StorageContainerManager (StorageContainerManager.java:stop(1665)) - Stopping SCM HA services.
2023-04-19 02:34:12,808 [Listener at 127.0.0.1/39891] INFO  pipeline.BackgroundPipelineCreator (BackgroundPipelineCreator.java:stop(149)) - Stopping RatisPipelineUtilsThread.
2023-04-19 02:34:12,808 [RatisPipelineUtilsThread - 0] WARN  pipeline.BackgroundPipelineCreator (BackgroundPipelineCreator.java:run(180)) - RatisPipelineUtilsThread is interrupted.
2023-04-19 02:34:12,808 [Listener at 127.0.0.1/39891] INFO  BackgroundPipelineScrubber (BackgroundSCMService.java:stop(131)) - Stopping BackgroundPipelineScrubber Service.
2023-04-19 02:34:12,808 [BackgroundPipelineScrubberThread] WARN  BackgroundPipelineScrubber (BackgroundSCMService.java:run(115)) - BackgroundPipelineScrubber is interrupted, exit
2023-04-19 02:34:12,808 [Listener at 127.0.0.1/39891] INFO  impl.MetricsSystemImpl (MetricsSystemImpl.java:stop(210)) - Stopping HddsDatanode metrics system...
2023-04-19 02:34:12,809 [prometheus] INFO  impl.MetricsSinkAdapter (MetricsSinkAdapter.java:publishMetricsFromQueue(141)) - prometheus thread interrupted.
2023-04-19 02:34:12,811 [Listener at 127.0.0.1/39891] INFO  impl.MetricsSystemImpl (MetricsSystemImpl.java:stop(216)) - HddsDatanode metrics system stopped.
2023-04-19 02:34:12,811 [Listener at 127.0.0.1/39891] WARN  pipeline.BackgroundPipelineCreator (BackgroundPipelineCreator.java:stop(145)) - RatisPipelineUtilsThread is not running, just ignore.
2023-04-19 02:34:12,812 [Listener at 127.0.0.1/39891] INFO  BackgroundPipelineScrubber (BackgroundSCMService.java:stop(126)) - BackgroundPipelineScrubber Service is not running, skip stop.
2023-04-19 02:34:12,812 [Listener at 127.0.0.1/39891] INFO  ExpiredContainerReplicaOpScrubber (BackgroundSCMService.java:stop(131)) - Stopping ExpiredContainerReplicaOpScrubber Service.
2023-04-19 02:34:12,812 [Listener at 127.0.0.1/39891] INFO  utils.BackgroundService (BackgroundService.java:shutdown(141)) - Shutting down service SCMBlockDeletingService
2023-04-19 02:34:12,812 [ExpiredContainerReplicaOpScrubberThread] WARN  ExpiredContainerReplicaOpScrubber (BackgroundSCMService.java:run(115)) - ExpiredContainerReplicaOpScrubber is interrupted, exit
2023-04-19 02:34:12,812 [Listener at 127.0.0.1/39891] INFO  replication.ReplicationManager (ReplicationManager.java:stop(331)) - Replication Monitor Thread is not running.
2023-04-19 02:34:12,812 [Listener at 127.0.0.1/39891] WARN  balancer.ContainerBalancer (ContainerBalancer.java:stop(324)) - Cannot stop Container Balancer because it's not running or stopping
2023-04-19 02:34:12,812 [Listener at 127.0.0.1/39891] INFO  server.StorageContainerManager (StorageContainerManager.java:stop(1700)) - Stopping SCM MetadataStore.
]]></system-out>
  </testcase>
</testsuite>