<?xml version="1.0" encoding="UTF-8"?>
<testsuite xmlns:xsi="http://www.w3.org/2001/XMLSchema-instance" xsi:noNamespaceSchemaLocation="https://maven.apache.org/surefire/maven-surefire-plugin/xsd/surefire-test-report.xsd" name="org.apache.hadoop.ozone.om.TestOzoneManagerHAMetadataOnly" time="200.474" tests="10" errors="0" skipped="2" failures="1">
  <properties>
    <property name="awt.toolkit" value="sun.awt.X11.XToolkit"/>
    <property name="file.encoding.pkg" value="sun.io"/>
    <property name="java.specification.version" value="1.8"/>
    <property name="sun.cpu.isalist" value=""/>
    <property name="sun.jnu.encoding" value="ANSI_X3.4-1968"/>
    <property name="java.class.path" value="/github/workspace/mnt/ozone/hadoop-ozone/integration-test/target/test-classes:/github/workspace/mnt/ozone/hadoop-ozone/integration-test/target/classes:/home/user/.m2/repository/org/apache/hadoop/hadoop-ozone-common/1.1.0-SNAPSHOT/hadoop-ozone-common-1.1.0-SNAPSHOT.jar:/home/user/.m2/repository/org/apache/commons/commons-compress/1.4.1/commons-compress-1.4.1.jar:/home/user/.m2/repository/org/tukaani/xz/1.0/xz-1.0.jar:/home/user/.m2/repository/org/apache/hadoop/hadoop-hdds-common/1.1.0-SNAPSHOT/hadoop-hdds-common-1.1.0-SNAPSHOT.jar:/home/user/.m2/repository/org/apache/hadoop/hadoop-hdds-hadoop-dependency-client/1.1.0-SNAPSHOT/hadoop-hdds-hadoop-dependency-client-1.1.0-SNAPSHOT.jar:/home/user/.m2/repository/info/picocli/picocli/4.4.0/picocli-4.4.0.jar:/home/user/.m2/repository/com/fasterxml/jackson/core/jackson-annotations/2.10.3/jackson-annotations-2.10.3.jar:/home/user/.m2/repository/javax/annotation/javax.annotation-api/1.2/javax.annotation-api-1.2.jar:/home/user/.m2/repository/org/apache/ratis/ratis-server/1.1.0-11689cd-SNAPSHOT/ratis-server-1.1.0-11689cd-SNAPSHOT.jar:/home/user/.m2/repository/org/apache/ratis/ratis-client/1.1.0-11689cd-SNAPSHOT/ratis-client-1.1.0-11689cd-SNAPSHOT.jar:/home/user/.m2/repository/org/apache/ratis/ratis-metrics/1.1.0-11689cd-SNAPSHOT/ratis-metrics-1.1.0-11689cd-SNAPSHOT.jar:/home/user/.m2/repository/org/apache/ratis/ratis-netty/1.1.0-11689cd-SNAPSHOT/ratis-netty-1.1.0-11689cd-SNAPSHOT.jar:/home/user/.m2/repository/org/apache/ratis/ratis-grpc/1.1.0-11689cd-SNAPSHOT/ratis-grpc-1.1.0-11689cd-SNAPSHOT.jar:/home/user/.m2/repository/org/apache/logging/log4j/log4j-api/2.13.3/log4j-api-2.13.3.jar:/home/user/.m2/repository/org/apache/logging/log4j/log4j-core/2.13.3/log4j-core-2.13.3.jar:/home/user/.m2/repository/com/lmax/disruptor/3.4.2/disruptor-3.4.2.jar:/home/user/.m2/repository/org/apache/commons/commons-pool2/2.6.0/commons-pool2-2.6.0.jar:/home/user/.m2/repository/org/bouncycastle/bcpkix-jdk15on/1.60/bcpkix-jdk15on-1.60.jar:/home/user/.m2/repository/commons-validator/commons-validator/1.6/commons-validator-1.6.jar:/home/user/.m2/repository/commons-digester/commons-digester/1.8.1/commons-digester-1.8.1.jar:/home/user/.m2/repository/io/jaegertracing/jaeger-client/1.2.0/jaeger-client-1.2.0.jar:/home/user/.m2/repository/io/jaegertracing/jaeger-thrift/1.2.0/jaeger-thrift-1.2.0.jar:/home/user/.m2/repository/org/apache/thrift/libthrift/0.13.0/libthrift-0.13.0.jar:/home/user/.m2/repository/com/squareup/okhttp3/okhttp/4.2.2/okhttp-4.2.2.jar:/home/user/.m2/repository/com/squareup/okio/okio/2.2.2/okio-2.2.2.jar:/home/user/.m2/repository/org/jetbrains/kotlin/kotlin-stdlib/1.3.50/kotlin-stdlib-1.3.50.jar:/home/user/.m2/repository/org/jetbrains/kotlin/kotlin-stdlib-common/1.3.50/kotlin-stdlib-common-1.3.50.jar:/home/user/.m2/repository/org/jetbrains/annotations/13.0/annotations-13.0.jar:/home/user/.m2/repository/io/jaegertracing/jaeger-core/1.2.0/jaeger-core-1.2.0.jar:/home/user/.m2/repository/io/jaegertracing/jaeger-tracerresolver/1.2.0/jaeger-tracerresolver-1.2.0.jar:/home/user/.m2/repository/io/opentracing/contrib/opentracing-tracerresolver/0.1.8/opentracing-tracerresolver-0.1.8.jar:/home/user/.m2/repository/io/opentracing/opentracing-util/0.33.0/opentracing-util-0.33.0.jar:/home/user/.m2/repository/io/opentracing/opentracing-api/0.33.0/opentracing-api-0.33.0.jar:/home/user/.m2/repository/io/opentracing/opentracing-noop/0.33.0/opentracing-noop-0.33.0.jar:/home/user/.m2/repository/org/apache/hadoop/hadoop-hdds-client/1.1.0-SNAPSHOT/hadoop-hdds-client-1.1.0-SNAPSHOT.jar:/home/user/.m2/repository/org/apache/hadoop/hadoop-ozone-interface-client/1.1.0-SNAPSHOT/hadoop-ozone-interface-client-1.1.0-SNAPSHOT.jar:/home/user/.m2/repository/org/apache/hadoop/hadoop-hdds-test-utils/1.1.0-SNAPSHOT/hadoop-hdds-test-utils-1.1.0-SNAPSHOT.jar:/home/user/.m2/repository/com/google/guava/guava/28.2-jre/guava-28.2-jre.jar:/home/user/.m2/repository/com/google/guava/failureaccess/1.0.1/failureaccess-1.0.1.jar:/home/user/.m2/repository/com/google/guava/listenablefuture/9999.0-empty-to-avoid-conflict-with-guava/listenablefuture-9999.0-empty-to-avoid-conflict-with-guava.jar:/home/user/.m2/repository/com/google/code/findbugs/jsr305/3.0.0/jsr305-3.0.0.jar:/home/user/.m2/repository/org/checkerframework/checker-qual/2.10.0/checker-qual-2.10.0.jar:/home/user/.m2/repository/com/google/errorprone/error_prone_annotations/2.2.0/error_prone_annotations-2.2.0.jar:/home/user/.m2/repository/com/google/j2objc/j2objc-annotations/1.3/j2objc-annotations-1.3.jar:/home/user/.m2/repository/commons-io/commons-io/2.5/commons-io-2.5.jar:/home/user/.m2/repository/commons-logging/commons-logging/1.2/commons-logging-1.2.jar:/home/user/.m2/repository/log4j/log4j/1.2.17/log4j-1.2.17.jar:/home/user/.m2/repository/org/slf4j/slf4j-api/1.7.25/slf4j-api-1.7.25.jar:/home/user/.m2/repository/org/apache/hadoop/hadoop-hdds-server-scm/1.1.0-SNAPSHOT/hadoop-hdds-server-scm-1.1.0-SNAPSHOT.jar:/home/user/.m2/repository/org/apache/hadoop/hadoop-hdds-container-service/1.1.0-SNAPSHOT/hadoop-hdds-container-service-1.1.0-SNAPSHOT.jar:/home/user/.m2/repository/org/apache/hadoop/hadoop-hdds-hadoop-dependency-server/1.1.0-SNAPSHOT/hadoop-hdds-hadoop-dependency-server-1.1.0-SNAPSHOT.jar:/home/user/.m2/repository/org/apache/hadoop/hadoop-hdds-server-framework/1.1.0-SNAPSHOT/hadoop-hdds-server-framework-1.1.0-SNAPSHOT.jar:/home/user/.m2/repository/org/apache/hadoop/hadoop-hdds-interface-server/1.1.0-SNAPSHOT/hadoop-hdds-interface-server-1.1.0-SNAPSHOT.jar:/home/user/.m2/repository/org/apache/hadoop/hadoop-hdds-interface-admin/1.1.0-SNAPSHOT/hadoop-hdds-interface-admin-1.1.0-SNAPSHOT.jar:/home/user/.m2/repository/org/rocksdb/rocksdbjni/6.8.1/rocksdbjni-6.8.1.jar:/home/user/.m2/repository/io/prometheus/simpleclient_dropwizard/0.7.0/simpleclient_dropwizard-0.7.0.jar:/home/user/.m2/repository/io/prometheus/simpleclient/0.7.0/simpleclient-0.7.0.jar:/home/user/.m2/repository/io/prometheus/simpleclient_common/0.7.0/simpleclient_common-0.7.0.jar:/home/user/.m2/repository/com/fasterxml/jackson/datatype/jackson-datatype-jsr310/2.10.3/jackson-datatype-jsr310-2.10.3.jar:/home/user/.m2/repository/io/dropwizard/metrics/metrics-core/3.2.4/metrics-core-3.2.4.jar:/home/user/.m2/repository/org/apache/hadoop/hadoop-hdfs-client/3.2.1/hadoop-hdfs-client-3.2.1.jar:/home/user/.m2/repository/org/bouncycastle/bcprov-jdk15on/1.60/bcprov-jdk15on-1.60.jar:/home/user/.m2/repository/org/apache/hadoop/hadoop-ozone-ozone-manager/1.1.0-SNAPSHOT/hadoop-ozone-ozone-manager-1.1.0-SNAPSHOT.jar:/home/user/.m2/repository/org/apache/hadoop/hadoop-hdds-interface-client/1.1.0-SNAPSHOT/hadoop-hdds-interface-client-1.1.0-SNAPSHOT.jar:/home/user/.m2/repository/org/apache/ratis/ratis-thirdparty-misc/0.6.0-SNAPSHOT/ratis-thirdparty-misc-0.6.0-SNAPSHOT.jar:/home/user/.m2/repository/org/apache/hadoop/hadoop-ozone-interface-storage/1.1.0-SNAPSHOT/hadoop-ozone-interface-storage-1.1.0-SNAPSHOT.jar:/home/user/.m2/repository/org/apache/hadoop/hadoop-minikdc/3.2.1/hadoop-minikdc-3.2.1.jar:/home/user/.m2/repository/org/apache/kerby/kerb-simplekdc/1.0.1/kerb-simplekdc-1.0.1.jar:/home/user/.m2/repository/org/apache/kerby/kerb-client/1.0.1/kerb-client-1.0.1.jar:/home/user/.m2/repository/org/apache/kerby/kerby-config/1.0.1/kerby-config-1.0.1.jar:/home/user/.m2/repository/org/apache/kerby/kerb-core/1.0.1/kerb-core-1.0.1.jar:/home/user/.m2/repository/org/apache/kerby/kerby-pkix/1.0.1/kerby-pkix-1.0.1.jar:/home/user/.m2/repository/org/apache/kerby/kerby-asn1/1.0.1/kerby-asn1-1.0.1.jar:/home/user/.m2/repository/org/apache/kerby/kerby-util/1.0.1/kerby-util-1.0.1.jar:/home/user/.m2/repository/org/apache/kerby/kerb-common/1.0.1/kerb-common-1.0.1.jar:/home/user/.m2/repository/org/apache/kerby/kerb-crypto/1.0.1/kerb-crypto-1.0.1.jar:/home/user/.m2/repository/org/apache/kerby/kerb-util/1.0.1/kerb-util-1.0.1.jar:/home/user/.m2/repository/org/apache/kerby/token-provider/1.0.1/token-provider-1.0.1.jar:/home/user/.m2/repository/org/apache/kerby/kerb-admin/1.0.1/kerb-admin-1.0.1.jar:/home/user/.m2/repository/org/apache/kerby/kerb-server/1.0.1/kerb-server-1.0.1.jar:/home/user/.m2/repository/org/apache/kerby/kerb-identity/1.0.1/kerb-identity-1.0.1.jar:/home/user/.m2/repository/org/apache/kerby/kerby-xdr/1.0.1/kerby-xdr-1.0.1.jar:/home/user/.m2/repository/org/slf4j/slf4j-log4j12/1.7.25/slf4j-log4j12-1.7.25.jar:/home/user/.m2/repository/org/apache/hadoop/hadoop-ozone-s3gateway/1.1.0-SNAPSHOT/hadoop-ozone-s3gateway-1.1.0-SNAPSHOT.jar:/home/user/.m2/repository/org/jboss/weld/servlet/weld-servlet/2.4.7.Final/weld-servlet-2.4.7.Final.jar:/home/user/.m2/repository/org/glassfish/jersey/containers/jersey-container-servlet-core/2.27/jersey-container-servlet-core-2.27.jar:/home/user/.m2/repository/org/glassfish/hk2/external/javax.inject/2.5.0-b42/javax.inject-2.5.0-b42.jar:/home/user/.m2/repository/org/glassfish/jersey/core/jersey-common/2.27/jersey-common-2.27.jar:/home/user/.m2/repository/org/glassfish/hk2/osgi-resource-locator/1.0.1/osgi-resource-locator-1.0.1.jar:/home/user/.m2/repository/javax/ws/rs/javax.ws.rs-api/2.1/javax.ws.rs-api-2.1.jar:/home/user/.m2/repository/org/glassfish/jersey/ext/cdi/jersey-cdi1x/2.27/jersey-cdi1x-2.27.jar:/home/user/.m2/repository/org/glassfish/jersey/inject/jersey-hk2/2.27/jersey-hk2-2.27.jar:/home/user/.m2/repository/org/glassfish/hk2/hk2-locator/2.5.0-b42/hk2-locator-2.5.0-b42.jar:/home/user/.m2/repository/org/javassist/javassist/3.22.0-CR2/javassist-3.22.0-CR2.jar:/home/user/.m2/repository/org/glassfish/hk2/hk2-api/2.5.0/hk2-api-2.5.0.jar:/home/user/.m2/repository/org/glassfish/hk2/external/jakarta.inject/2.5.0/jakarta.inject-2.5.0.jar:/home/user/.m2/repository/org/glassfish/hk2/hk2-utils/2.5.0/hk2-utils-2.5.0.jar:/home/user/.m2/repository/jakarta/annotation/jakarta.annotation-api/1.3.4/jakarta.annotation-api-1.3.4.jar:/home/user/.m2/repository/org/glassfish/hk2/external/aopalliance-repackaged/2.5.0/aopalliance-repackaged-2.5.0.jar:/home/user/.m2/repository/com/fasterxml/jackson/dataformat/jackson-dataformat-xml/2.10.3/jackson-dataformat-xml-2.10.3.jar:/home/user/.m2/repository/com/fasterxml/jackson/core/jackson-core/2.10.3/jackson-core-2.10.3.jar:/home/user/.m2/repository/com/fasterxml/jackson/module/jackson-module-jaxb-annotations/2.10.3/jackson-module-jaxb-annotations-2.10.3.jar:/home/user/.m2/repository/jakarta/xml/bind/jakarta.xml.bind-api/2.3.2/jakarta.xml.bind-api-2.3.2.jar:/home/user/.m2/repository/jakarta/activation/jakarta.activation-api/1.2.1/jakarta.activation-api-1.2.1.jar:/home/user/.m2/repository/org/codehaus/woodstox/stax2-api/3.1.4/stax2-api-3.1.4.jar:/home/user/.m2/repository/com/fasterxml/woodstox/woodstox-core/5.0.3/woodstox-core-5.0.3.jar:/home/user/.m2/repository/javax/enterprise/cdi-api/1.2/cdi-api-1.2.jar:/home/user/.m2/repository/javax/el/javax.el-api/3.0.0/javax.el-api-3.0.0.jar:/home/user/.m2/repository/javax/interceptor/javax.interceptor-api/1.2/javax.interceptor-api-1.2.jar:/home/user/.m2/repository/javax/inject/javax.inject/1/javax.inject-1.jar:/home/user/.m2/repository/com/sun/xml/bind/jaxb-impl/2.3.0.1/jaxb-impl-2.3.0.1.jar:/home/user/.m2/repository/com/sun/xml/bind/jaxb-core/2.3.0.1/jaxb-core-2.3.0.1.jar:/home/user/.m2/repository/javax/xml/bind/jaxb-api/2.3.0/jaxb-api-2.3.0.jar:/home/user/.m2/repository/javax/activation/activation/1.1.1/activation-1.1.1.jar:/home/user/.m2/repository/org/apache/hadoop/hadoop-ozone-csi/1.1.0-SNAPSHOT/hadoop-ozone-csi-1.1.0-SNAPSHOT.jar:/home/user/.m2/repository/com/google/protobuf/protobuf-java-util/3.11.0/protobuf-java-util-3.11.0.jar:/home/user/.m2/repository/com/google/code/gson/gson/2.2.4/gson-2.2.4.jar:/home/user/.m2/repository/org/apache/hadoop/hadoop-hdds-config/1.1.0-SNAPSHOT/hadoop-hdds-config-1.1.0-SNAPSHOT.jar:/home/user/.m2/repository/com/google/protobuf/protobuf-java/2.5.0/protobuf-java-2.5.0.jar:/home/user/.m2/repository/io/grpc/grpc-netty/1.29.0/grpc-netty-1.29.0.jar:/home/user/.m2/repository/io/grpc/grpc-core/1.29.0/grpc-core-1.29.0.jar:/home/user/.m2/repository/com/google/android/annotations/4.1.1.4/annotations-4.1.1.4.jar:/home/user/.m2/repository/io/perfmark/perfmark-api/0.19.0/perfmark-api-0.19.0.jar:/home/user/.m2/repository/io/netty/netty-codec-http2/4.1.48.Final/netty-codec-http2-4.1.48.Final.jar:/home/user/.m2/repository/io/netty/netty-codec/4.1.48.Final/netty-codec-4.1.48.Final.jar:/home/user/.m2/repository/io/netty/netty-handler/4.1.48.Final/netty-handler-4.1.48.Final.jar:/home/user/.m2/repository/io/netty/netty-codec-http/4.1.48.Final/netty-codec-http-4.1.48.Final.jar:/home/user/.m2/repository/io/netty/netty-handler-proxy/4.1.48.Final/netty-handler-proxy-4.1.48.Final.jar:/home/user/.m2/repository/io/netty/netty-codec-socks/4.1.48.Final/netty-codec-socks-4.1.48.Final.jar:/home/user/.m2/repository/io/netty/netty-transport-native-epoll/4.1.48.Final/netty-transport-native-epoll-4.1.48.Final.jar:/home/user/.m2/repository/io/netty/netty-common/4.1.48.Final/netty-common-4.1.48.Final.jar:/home/user/.m2/repository/io/netty/netty-buffer/4.1.48.Final/netty-buffer-4.1.48.Final.jar:/home/user/.m2/repository/io/netty/netty-transport/4.1.48.Final/netty-transport-4.1.48.Final.jar:/home/user/.m2/repository/io/netty/netty-resolver/4.1.48.Final/netty-resolver-4.1.48.Final.jar:/home/user/.m2/repository/io/netty/netty-transport-native-unix-common/4.1.48.Final/netty-transport-native-unix-common-4.1.48.Final.jar:/home/user/.m2/repository/io/grpc/grpc-protobuf/1.29.0/grpc-protobuf-1.29.0.jar:/home/user/.m2/repository/io/grpc/grpc-api/1.29.0/grpc-api-1.29.0.jar:/home/user/.m2/repository/io/grpc/grpc-context/1.29.0/grpc-context-1.29.0.jar:/home/user/.m2/repository/org/codehaus/mojo/animal-sniffer-annotations/1.18/animal-sniffer-annotations-1.18.jar:/home/user/.m2/repository/com/google/api/grpc/proto-google-common-protos/1.17.0/proto-google-common-protos-1.17.0.jar:/home/user/.m2/repository/io/grpc/grpc-protobuf-lite/1.29.0/grpc-protobuf-lite-1.29.0.jar:/home/user/.m2/repository/io/grpc/grpc-stub/1.29.0/grpc-stub-1.29.0.jar:/home/user/.m2/repository/org/apache/hadoop/hadoop-ozone-recon/1.1.0-SNAPSHOT/hadoop-ozone-recon-1.1.0-SNAPSHOT.jar:/home/user/.m2/repository/org/apache/hadoop/hadoop-ozone-reconcodegen/1.1.0-SNAPSHOT/hadoop-ozone-reconcodegen-1.1.0-SNAPSHOT.jar:/home/user/.m2/repository/com/google/inject/extensions/guice-multibindings/4.0/guice-multibindings-4.0.jar:/home/user/.m2/repository/com/google/inject/guice/4.0/guice-4.0.jar:/home/user/.m2/repository/aopalliance/aopalliance/1.0/aopalliance-1.0.jar:/home/user/.m2/repository/com/google/inject/extensions/guice-assistedinject/4.0/guice-assistedinject-4.0.jar:/home/user/.m2/repository/com/google/inject/extensions/guice-servlet/4.0/guice-servlet-4.0.jar:/home/user/.m2/repository/org/glassfish/jersey/containers/jersey-container-servlet/2.27/jersey-container-servlet-2.27.jar:/home/user/.m2/repository/org/glassfish/hk2/guice-bridge/2.5.0/guice-bridge-2.5.0.jar:/home/user/.m2/repository/org/glassfish/jersey/core/jersey-server/2.27/jersey-server-2.27.jar:/home/user/.m2/repository/org/glassfish/jersey/core/jersey-client/2.27/jersey-client-2.27.jar:/home/user/.m2/repository/org/glassfish/jersey/media/jersey-media-jaxb/2.27/jersey-media-jaxb-2.27.jar:/home/user/.m2/repository/javax/validation/validation-api/1.1.0.Final/validation-api-1.1.0.Final.jar:/home/user/.m2/repository/org/glassfish/jersey/media/jersey-media-json-jackson/2.27/jersey-media-json-jackson-2.27.jar:/home/user/.m2/repository/org/glassfish/jersey/ext/jersey-entity-filtering/2.27/jersey-entity-filtering-2.27.jar:/home/user/.m2/repository/org/jooq/jooq/3.11.10/jooq-3.11.10.jar:/home/user/.m2/repository/org/jooq/jooq-meta/3.11.10/jooq-meta-3.11.10.jar:/home/user/.m2/repository/org/jooq/jooq-codegen/3.11.10/jooq-codegen-3.11.10.jar:/home/user/.m2/repository/com/jolbox/bonecp/0.8.0.RELEASE/bonecp-0.8.0.RELEASE.jar:/home/user/.m2/repository/org/apache/derby/derby/10.14.2.0/derby-10.14.2.0.jar:/home/user/.m2/repository/org/xerial/sqlite-jdbc/3.25.2/sqlite-jdbc-3.25.2.jar:/home/user/.m2/repository/org/springframework/spring-jdbc/5.2.5.RELEASE/spring-jdbc-5.2.5.RELEASE.jar:/home/user/.m2/repository/org/springframework/spring-beans/5.2.5.RELEASE/spring-beans-5.2.5.RELEASE.jar:/home/user/.m2/repository/org/springframework/spring-core/5.2.5.RELEASE/spring-core-5.2.5.RELEASE.jar:/home/user/.m2/repository/org/springframework/spring-jcl/5.2.5.RELEASE/spring-jcl-5.2.5.RELEASE.jar:/home/user/.m2/repository/org/springframework/spring-tx/5.2.5.RELEASE/spring-tx-5.2.5.RELEASE.jar:/home/user/.m2/repository/org/apache/hadoop/hadoop-ozone-client/1.1.0-SNAPSHOT/hadoop-ozone-client-1.1.0-SNAPSHOT.jar:/home/user/.m2/repository/org/apache/hadoop/hadoop-ozone-filesystem/1.1.0-SNAPSHOT/hadoop-ozone-filesystem-1.1.0-SNAPSHOT.jar:/home/user/.m2/repository/org/apache/hadoop/hadoop-ozone-filesystem-common/1.1.0-SNAPSHOT/hadoop-ozone-filesystem-common-1.1.0-SNAPSHOT.jar:/home/user/.m2/repository/org/apache/hadoop/hadoop-ozone-tools/1.1.0-SNAPSHOT/hadoop-ozone-tools-1.1.0-SNAPSHOT.jar:/home/user/.m2/repository/org/apache/hadoop/hadoop-hdfs/3.2.1/hadoop-hdfs-3.2.1.jar:/home/user/.m2/repository/org/apache/ratis/ratis-tools/1.1.0-11689cd-SNAPSHOT/ratis-tools-1.1.0-11689cd-SNAPSHOT.jar:/home/user/.m2/repository/org/apache/ratis/ratis-proto/1.1.0-11689cd-SNAPSHOT/ratis-proto-1.1.0-11689cd-SNAPSHOT.jar:/home/user/.m2/repository/org/apache/ratis/ratis-common/1.1.0-11689cd-SNAPSHOT/ratis-common-1.1.0-11689cd-SNAPSHOT.jar:/home/user/.m2/repository/com/amazonaws/aws-java-sdk-core/1.11.615/aws-java-sdk-core-1.11.615.jar:/home/user/.m2/repository/org/apache/httpcomponents/httpclient/4.5.2/httpclient-4.5.2.jar:/home/user/.m2/repository/org/apache/httpcomponents/httpcore/4.4.4/httpcore-4.4.4.jar:/home/user/.m2/repository/software/amazon/ion/ion-java/1.0.2/ion-java-1.0.2.jar:/home/user/.m2/repository/com/fasterxml/jackson/dataformat/jackson-dataformat-cbor/2.10.3/jackson-dataformat-cbor-2.10.3.jar:/home/user/.m2/repository/joda-time/joda-time/2.8.1/joda-time-2.8.1.jar:/home/user/.m2/repository/com/amazonaws/aws-java-sdk-s3/1.11.615/aws-java-sdk-s3-1.11.615.jar:/home/user/.m2/repository/com/amazonaws/aws-java-sdk-kms/1.11.615/aws-java-sdk-kms-1.11.615.jar:/home/user/.m2/repository/com/amazonaws/jmespath-java/1.11.615/jmespath-java-1.11.615.jar:/home/user/.m2/repository/org/kohsuke/metainf-services/metainf-services/1.8/metainf-services-1.8.jar:/home/user/.m2/repository/org/apache/hadoop/hadoop-hdds-tools/1.1.0-SNAPSHOT/hadoop-hdds-tools-1.1.0-SNAPSHOT.jar:/home/user/.m2/repository/commons-cli/commons-cli/1.2/commons-cli-1.2.jar:/home/user/.m2/repository/org/apache/commons/commons-lang3/3.7/commons-lang3-3.7.jar:/home/user/.m2/repository/org/apache/hadoop/hadoop-ozone-ozone-manager/1.1.0-SNAPSHOT/hadoop-ozone-ozone-manager-1.1.0-SNAPSHOT-tests.jar:/home/user/.m2/repository/junit/junit/4.11/junit-4.11.jar:/home/user/.m2/repository/org/hamcrest/hamcrest-core/1.3/hamcrest-core-1.3.jar:/home/user/.m2/repository/org/openjdk/jmh/jmh-core/1.19/jmh-core-1.19.jar:/home/user/.m2/repository/net/sf/jopt-simple/jopt-simple/4.6/jopt-simple-4.6.jar:/home/user/.m2/repository/org/apache/commons/commons-math3/3.1.1/commons-math3-3.1.1.jar:/home/user/.m2/repository/org/openjdk/jmh/jmh-generator-annprocess/1.19/jmh-generator-annprocess-1.19.jar:/home/user/.m2/repository/org/mockito/mockito-all/1.8.5/mockito-all-1.8.5.jar:/home/user/.m2/repository/org/apache/hadoop/hadoop-kms/3.2.1/hadoop-kms-3.2.1.jar:/home/user/.m2/repository/org/apache/hadoop/hadoop-auth/3.2.1/hadoop-auth-3.2.1.jar:/home/user/.m2/repository/com/nimbusds/nimbus-jose-jwt/7.9/nimbus-jose-jwt-7.9.jar:/home/user/.m2/repository/com/github/stephenc/jcip/jcip-annotations/1.0-1/jcip-annotations-1.0-1.jar:/home/user/.m2/repository/net/minidev/json-smart/2.3/json-smart-2.3.jar:/home/user/.m2/repository/net/minidev/accessors-smart/1.2/accessors-smart-1.2.jar:/home/user/.m2/repository/org/ow2/asm/asm/5.0.4/asm-5.0.4.jar:/home/user/.m2/repository/org/apache/zookeeper/zookeeper/3.4.13/zookeeper-3.4.13.jar:/home/user/.m2/repository/org/apache/yetus/audience-annotations/0.5.0/audience-annotations-0.5.0.jar:/home/user/.m2/repository/org/apache/curator/curator-framework/2.13.0/curator-framework-2.13.0.jar:/home/user/.m2/repository/com/sun/jersey/jersey-core/1.19/jersey-core-1.19.jar:/home/user/.m2/repository/javax/ws/rs/jsr311-api/1.1.1/jsr311-api-1.1.1.jar:/home/user/.m2/repository/com/sun/jersey/jersey-server/1.19/jersey-server-1.19.jar:/home/user/.m2/repository/javax/servlet/javax.servlet-api/3.1.0/javax.servlet-api-3.1.0.jar:/home/user/.m2/repository/org/eclipse/jetty/jetty-server/9.4.26.v20200117/jetty-server-9.4.26.v20200117.jar:/home/user/.m2/repository/org/eclipse/jetty/jetty-http/9.4.26.v20200117/jetty-http-9.4.26.v20200117.jar:/home/user/.m2/repository/org/eclipse/jetty/jetty-io/9.4.26.v20200117/jetty-io-9.4.26.v20200117.jar:/home/user/.m2/repository/org/eclipse/jetty/jetty-webapp/9.4.26.v20200117/jetty-webapp-9.4.26.v20200117.jar:/home/user/.m2/repository/org/eclipse/jetty/jetty-xml/9.4.26.v20200117/jetty-xml-9.4.26.v20200117.jar:/home/user/.m2/repository/org/eclipse/jetty/jetty-servlet/9.4.26.v20200117/jetty-servlet-9.4.26.v20200117.jar:/home/user/.m2/repository/org/eclipse/jetty/jetty-security/9.4.26.v20200117/jetty-security-9.4.26.v20200117.jar:/home/user/.m2/repository/org/apache/hadoop/hadoop-common/3.2.1/hadoop-common-3.2.1.jar:/home/user/.m2/repository/commons-net/commons-net/3.6/commons-net-3.6.jar:/home/user/.m2/repository/commons-collections/commons-collections/3.2.2/commons-collections-3.2.2.jar:/home/user/.m2/repository/com/sun/jersey/jersey-servlet/1.19/jersey-servlet-1.19.jar:/home/user/.m2/repository/com/sun/jersey/jersey-json/1.19/jersey-json-1.19.jar:/home/user/.m2/repository/org/codehaus/jettison/jettison/1.1/jettison-1.1.jar:/home/user/.m2/repository/org/codehaus/jackson/jackson-jaxrs/1.9.2/jackson-jaxrs-1.9.2.jar:/home/user/.m2/repository/org/codehaus/jackson/jackson-xc/1.9.2/jackson-xc-1.9.2.jar:/home/user/.m2/repository/commons-beanutils/commons-beanutils/1.9.4/commons-beanutils-1.9.4.jar:/home/user/.m2/repository/org/apache/commons/commons-configuration2/2.1.1/commons-configuration2-2.1.1.jar:/home/user/.m2/repository/org/apache/commons/commons-text/1.4/commons-text-1.4.jar:/home/user/.m2/repository/com/google/re2j/re2j/1.1/re2j-1.1.jar:/home/user/.m2/repository/com/jcraft/jsch/0.1.54/jsch-0.1.54.jar:/home/user/.m2/repository/org/apache/curator/curator-client/2.13.0/curator-client-2.13.0.jar:/home/user/.m2/repository/org/apache/curator/curator-recipes/2.13.0/curator-recipes-2.13.0.jar:/home/user/.m2/repository/dnsjava/dnsjava/2.1.7/dnsjava-2.1.7.jar:/home/user/.m2/repository/org/slf4j/jul-to-slf4j/1.7.25/jul-to-slf4j-1.7.25.jar:/home/user/.m2/repository/org/eclipse/jetty/jetty-util/9.4.26.v20200117/jetty-util-9.4.26.v20200117.jar:/home/user/.m2/repository/com/fasterxml/jackson/core/jackson-databind/2.10.3/jackson-databind-2.10.3.jar:/home/user/.m2/repository/org/apache/hadoop/hadoop-kms/3.2.1/hadoop-kms-3.2.1-tests.jar:/home/user/.m2/repository/org/apache/hadoop/hadoop-hdds-server-scm/1.1.0-SNAPSHOT/hadoop-hdds-server-scm-1.1.0-SNAPSHOT-tests.jar:/home/user/.m2/repository/org/apache/hadoop/hadoop-hdds-container-service/1.1.0-SNAPSHOT/hadoop-hdds-container-service-1.1.0-SNAPSHOT-tests.jar:/home/user/.m2/repository/org/apache/hadoop/hadoop-hdds-common/1.1.0-SNAPSHOT/hadoop-hdds-common-1.1.0-SNAPSHOT-tests.jar:/home/user/.m2/repository/org/yaml/snakeyaml/1.16/snakeyaml-1.16.jar:/home/user/.m2/repository/org/apache/hadoop/hadoop-hdds-hadoop-dependency-test/1.1.0-SNAPSHOT/hadoop-hdds-hadoop-dependency-test-1.1.0-SNAPSHOT.jar:/home/user/.m2/repository/org/apache/hadoop/hadoop-common/3.2.1/hadoop-common-3.2.1-tests.jar:/home/user/.m2/repository/javax/servlet/jsp/jsp-api/2.1/jsp-api-2.1.jar:/home/user/.m2/repository/org/apache/hadoop/hadoop-hdfs/3.2.1/hadoop-hdfs-3.2.1-tests.jar:/home/user/.m2/repository/org/eclipse/jetty/jetty-util-ajax/9.4.26.v20200117/jetty-util-ajax-9.4.26.v20200117.jar:/home/user/.m2/repository/commons-codec/commons-codec/1.11/commons-codec-1.11.jar:/home/user/.m2/repository/commons-daemon/commons-daemon/1.0.13/commons-daemon-1.0.13.jar:/home/user/.m2/repository/io/netty/netty/3.10.5.Final/netty-3.10.5.Final.jar:/home/user/.m2/repository/io/netty/netty-all/4.1.48.Final/netty-all-4.1.48.Final.jar:/home/user/.m2/repository/org/apache/htrace/htrace-core4/4.1.0-incubating/htrace-core4-4.1.0-incubating.jar:/home/user/.m2/repository/org/fusesource/leveldbjni/leveldbjni-all/1.8/leveldbjni-all-1.8.jar:/home/user/.m2/repository/org/apache/hadoop/hadoop-distcp/3.2.1/hadoop-distcp-3.2.1.jar:/home/user/.m2/repository/org/apache/hadoop/hadoop-mapreduce-client-jobclient/3.2.1/hadoop-mapreduce-client-jobclient-3.2.1.jar:/home/user/.m2/repository/org/apache/hadoop/hadoop-mapreduce-client-common/3.2.1/hadoop-mapreduce-client-common-3.2.1.jar:/home/user/.m2/repository/org/apache/hadoop/hadoop-yarn-common/3.2.1/hadoop-yarn-common-3.2.1.jar:/home/user/.m2/repository/org/apache/hadoop/hadoop-yarn-api/3.2.1/hadoop-yarn-api-3.2.1.jar:/home/user/.m2/repository/com/sun/jersey/jersey-client/1.19/jersey-client-1.19.jar:/home/user/.m2/repository/com/sun/jersey/contribs/jersey-guice/1.19/jersey-guice-1.19.jar:/home/user/.m2/repository/com/fasterxml/jackson/jaxrs/jackson-jaxrs-json-provider/2.10.3/jackson-jaxrs-json-provider-2.10.3.jar:/home/user/.m2/repository/com/fasterxml/jackson/jaxrs/jackson-jaxrs-base/2.10.3/jackson-jaxrs-base-2.10.3.jar:/home/user/.m2/repository/org/apache/hadoop/hadoop-yarn-client/3.2.1/hadoop-yarn-client-3.2.1.jar:/home/user/.m2/repository/org/apache/hadoop/hadoop-mapreduce-client-core/3.2.1/hadoop-mapreduce-client-core-3.2.1.jar:/home/user/.m2/repository/org/apache/avro/avro/1.7.7/avro-1.7.7.jar:/home/user/.m2/repository/org/codehaus/jackson/jackson-core-asl/1.9.13/jackson-core-asl-1.9.13.jar:/home/user/.m2/repository/org/codehaus/jackson/jackson-mapper-asl/1.9.13/jackson-mapper-asl-1.9.13.jar:/home/user/.m2/repository/com/thoughtworks/paranamer/paranamer/2.3/paranamer-2.3.jar:/home/user/.m2/repository/org/xerial/snappy/snappy-java/1.0.5/snappy-java-1.0.5.jar:/home/user/.m2/repository/org/apache/hadoop/hadoop-annotations/3.2.1/hadoop-annotations-3.2.1.jar:/usr/lib/jvm/java-1.8.0-openjdk-1.8.0.232.b09-0.el7_7.x86_64/jre/../lib/tools.jar:/home/user/.m2/repository/org/apache/hadoop/hadoop-distcp/3.2.1/hadoop-distcp-3.2.1-tests.jar:"/>
    <property name="java.vm.vendor" value="Oracle Corporation"/>
    <property name="sun.arch.data.model" value="64"/>
    <property name="test.build.dir" value="/github/workspace/mnt/ozone/hadoop-ozone/integration-test/target/test-dir"/>
    <property name="test.cache.data" value=""/>
    <property name="java.vendor.url" value="http://java.oracle.com/"/>
    <property name="user.timezone" value=""/>
    <property name="java.vm.specification.version" value="1.8"/>
    <property name="os.name" value="Linux"/>
    <property name="test.build.data" value="/github/workspace/mnt/ozone/hadoop-ozone/integration-test/target/test-dir"/>
    <property name="user.country" value="US"/>
    <property name="sun.java.launcher" value="SUN_STANDARD"/>
    <property name="sun.boot.library.path" value="/usr/lib/jvm/java-1.8.0-openjdk-1.8.0.232.b09-0.el7_7.x86_64/jre/lib/amd64"/>
    <property name="sun.java.command" value="/github/workspace/mnt/ozone/hadoop-ozone/integration-test/target/surefire/surefirebooter1908206474355957168.jar /github/workspace/mnt/ozone/hadoop-ozone/integration-test/target/surefire 2020-11-01T01-02-23_019-jvmRun1 surefire6764884886574405437tmp surefire_53640075165243513890tmp"/>
    <property name="surefire.test.class.path" value="/github/workspace/mnt/ozone/hadoop-ozone/integration-test/target/test-classes:/github/workspace/mnt/ozone/hadoop-ozone/integration-test/target/classes:/home/user/.m2/repository/org/apache/hadoop/hadoop-ozone-common/1.1.0-SNAPSHOT/hadoop-ozone-common-1.1.0-SNAPSHOT.jar:/home/user/.m2/repository/org/apache/commons/commons-compress/1.4.1/commons-compress-1.4.1.jar:/home/user/.m2/repository/org/tukaani/xz/1.0/xz-1.0.jar:/home/user/.m2/repository/org/apache/hadoop/hadoop-hdds-common/1.1.0-SNAPSHOT/hadoop-hdds-common-1.1.0-SNAPSHOT.jar:/home/user/.m2/repository/org/apache/hadoop/hadoop-hdds-hadoop-dependency-client/1.1.0-SNAPSHOT/hadoop-hdds-hadoop-dependency-client-1.1.0-SNAPSHOT.jar:/home/user/.m2/repository/info/picocli/picocli/4.4.0/picocli-4.4.0.jar:/home/user/.m2/repository/com/fasterxml/jackson/core/jackson-annotations/2.10.3/jackson-annotations-2.10.3.jar:/home/user/.m2/repository/javax/annotation/javax.annotation-api/1.2/javax.annotation-api-1.2.jar:/home/user/.m2/repository/org/apache/ratis/ratis-server/1.1.0-11689cd-SNAPSHOT/ratis-server-1.1.0-11689cd-SNAPSHOT.jar:/home/user/.m2/repository/org/apache/ratis/ratis-client/1.1.0-11689cd-SNAPSHOT/ratis-client-1.1.0-11689cd-SNAPSHOT.jar:/home/user/.m2/repository/org/apache/ratis/ratis-metrics/1.1.0-11689cd-SNAPSHOT/ratis-metrics-1.1.0-11689cd-SNAPSHOT.jar:/home/user/.m2/repository/org/apache/ratis/ratis-netty/1.1.0-11689cd-SNAPSHOT/ratis-netty-1.1.0-11689cd-SNAPSHOT.jar:/home/user/.m2/repository/org/apache/ratis/ratis-grpc/1.1.0-11689cd-SNAPSHOT/ratis-grpc-1.1.0-11689cd-SNAPSHOT.jar:/home/user/.m2/repository/org/apache/logging/log4j/log4j-api/2.13.3/log4j-api-2.13.3.jar:/home/user/.m2/repository/org/apache/logging/log4j/log4j-core/2.13.3/log4j-core-2.13.3.jar:/home/user/.m2/repository/com/lmax/disruptor/3.4.2/disruptor-3.4.2.jar:/home/user/.m2/repository/org/apache/commons/commons-pool2/2.6.0/commons-pool2-2.6.0.jar:/home/user/.m2/repository/org/bouncycastle/bcpkix-jdk15on/1.60/bcpkix-jdk15on-1.60.jar:/home/user/.m2/repository/commons-validator/commons-validator/1.6/commons-validator-1.6.jar:/home/user/.m2/repository/commons-digester/commons-digester/1.8.1/commons-digester-1.8.1.jar:/home/user/.m2/repository/io/jaegertracing/jaeger-client/1.2.0/jaeger-client-1.2.0.jar:/home/user/.m2/repository/io/jaegertracing/jaeger-thrift/1.2.0/jaeger-thrift-1.2.0.jar:/home/user/.m2/repository/org/apache/thrift/libthrift/0.13.0/libthrift-0.13.0.jar:/home/user/.m2/repository/com/squareup/okhttp3/okhttp/4.2.2/okhttp-4.2.2.jar:/home/user/.m2/repository/com/squareup/okio/okio/2.2.2/okio-2.2.2.jar:/home/user/.m2/repository/org/jetbrains/kotlin/kotlin-stdlib/1.3.50/kotlin-stdlib-1.3.50.jar:/home/user/.m2/repository/org/jetbrains/kotlin/kotlin-stdlib-common/1.3.50/kotlin-stdlib-common-1.3.50.jar:/home/user/.m2/repository/org/jetbrains/annotations/13.0/annotations-13.0.jar:/home/user/.m2/repository/io/jaegertracing/jaeger-core/1.2.0/jaeger-core-1.2.0.jar:/home/user/.m2/repository/io/jaegertracing/jaeger-tracerresolver/1.2.0/jaeger-tracerresolver-1.2.0.jar:/home/user/.m2/repository/io/opentracing/contrib/opentracing-tracerresolver/0.1.8/opentracing-tracerresolver-0.1.8.jar:/home/user/.m2/repository/io/opentracing/opentracing-util/0.33.0/opentracing-util-0.33.0.jar:/home/user/.m2/repository/io/opentracing/opentracing-api/0.33.0/opentracing-api-0.33.0.jar:/home/user/.m2/repository/io/opentracing/opentracing-noop/0.33.0/opentracing-noop-0.33.0.jar:/home/user/.m2/repository/org/apache/hadoop/hadoop-hdds-client/1.1.0-SNAPSHOT/hadoop-hdds-client-1.1.0-SNAPSHOT.jar:/home/user/.m2/repository/org/apache/hadoop/hadoop-ozone-interface-client/1.1.0-SNAPSHOT/hadoop-ozone-interface-client-1.1.0-SNAPSHOT.jar:/home/user/.m2/repository/org/apache/hadoop/hadoop-hdds-test-utils/1.1.0-SNAPSHOT/hadoop-hdds-test-utils-1.1.0-SNAPSHOT.jar:/home/user/.m2/repository/com/google/guava/guava/28.2-jre/guava-28.2-jre.jar:/home/user/.m2/repository/com/google/guava/failureaccess/1.0.1/failureaccess-1.0.1.jar:/home/user/.m2/repository/com/google/guava/listenablefuture/9999.0-empty-to-avoid-conflict-with-guava/listenablefuture-9999.0-empty-to-avoid-conflict-with-guava.jar:/home/user/.m2/repository/com/google/code/findbugs/jsr305/3.0.0/jsr305-3.0.0.jar:/home/user/.m2/repository/org/checkerframework/checker-qual/2.10.0/checker-qual-2.10.0.jar:/home/user/.m2/repository/com/google/errorprone/error_prone_annotations/2.2.0/error_prone_annotations-2.2.0.jar:/home/user/.m2/repository/com/google/j2objc/j2objc-annotations/1.3/j2objc-annotations-1.3.jar:/home/user/.m2/repository/commons-io/commons-io/2.5/commons-io-2.5.jar:/home/user/.m2/repository/commons-logging/commons-logging/1.2/commons-logging-1.2.jar:/home/user/.m2/repository/log4j/log4j/1.2.17/log4j-1.2.17.jar:/home/user/.m2/repository/org/slf4j/slf4j-api/1.7.25/slf4j-api-1.7.25.jar:/home/user/.m2/repository/org/apache/hadoop/hadoop-hdds-server-scm/1.1.0-SNAPSHOT/hadoop-hdds-server-scm-1.1.0-SNAPSHOT.jar:/home/user/.m2/repository/org/apache/hadoop/hadoop-hdds-container-service/1.1.0-SNAPSHOT/hadoop-hdds-container-service-1.1.0-SNAPSHOT.jar:/home/user/.m2/repository/org/apache/hadoop/hadoop-hdds-hadoop-dependency-server/1.1.0-SNAPSHOT/hadoop-hdds-hadoop-dependency-server-1.1.0-SNAPSHOT.jar:/home/user/.m2/repository/org/apache/hadoop/hadoop-hdds-server-framework/1.1.0-SNAPSHOT/hadoop-hdds-server-framework-1.1.0-SNAPSHOT.jar:/home/user/.m2/repository/org/apache/hadoop/hadoop-hdds-interface-server/1.1.0-SNAPSHOT/hadoop-hdds-interface-server-1.1.0-SNAPSHOT.jar:/home/user/.m2/repository/org/apache/hadoop/hadoop-hdds-interface-admin/1.1.0-SNAPSHOT/hadoop-hdds-interface-admin-1.1.0-SNAPSHOT.jar:/home/user/.m2/repository/org/rocksdb/rocksdbjni/6.8.1/rocksdbjni-6.8.1.jar:/home/user/.m2/repository/io/prometheus/simpleclient_dropwizard/0.7.0/simpleclient_dropwizard-0.7.0.jar:/home/user/.m2/repository/io/prometheus/simpleclient/0.7.0/simpleclient-0.7.0.jar:/home/user/.m2/repository/io/prometheus/simpleclient_common/0.7.0/simpleclient_common-0.7.0.jar:/home/user/.m2/repository/com/fasterxml/jackson/datatype/jackson-datatype-jsr310/2.10.3/jackson-datatype-jsr310-2.10.3.jar:/home/user/.m2/repository/io/dropwizard/metrics/metrics-core/3.2.4/metrics-core-3.2.4.jar:/home/user/.m2/repository/org/apache/hadoop/hadoop-hdfs-client/3.2.1/hadoop-hdfs-client-3.2.1.jar:/home/user/.m2/repository/org/bouncycastle/bcprov-jdk15on/1.60/bcprov-jdk15on-1.60.jar:/home/user/.m2/repository/org/apache/hadoop/hadoop-ozone-ozone-manager/1.1.0-SNAPSHOT/hadoop-ozone-ozone-manager-1.1.0-SNAPSHOT.jar:/home/user/.m2/repository/org/apache/hadoop/hadoop-hdds-interface-client/1.1.0-SNAPSHOT/hadoop-hdds-interface-client-1.1.0-SNAPSHOT.jar:/home/user/.m2/repository/org/apache/ratis/ratis-thirdparty-misc/0.6.0-SNAPSHOT/ratis-thirdparty-misc-0.6.0-SNAPSHOT.jar:/home/user/.m2/repository/org/apache/hadoop/hadoop-ozone-interface-storage/1.1.0-SNAPSHOT/hadoop-ozone-interface-storage-1.1.0-SNAPSHOT.jar:/home/user/.m2/repository/org/apache/hadoop/hadoop-minikdc/3.2.1/hadoop-minikdc-3.2.1.jar:/home/user/.m2/repository/org/apache/kerby/kerb-simplekdc/1.0.1/kerb-simplekdc-1.0.1.jar:/home/user/.m2/repository/org/apache/kerby/kerb-client/1.0.1/kerb-client-1.0.1.jar:/home/user/.m2/repository/org/apache/kerby/kerby-config/1.0.1/kerby-config-1.0.1.jar:/home/user/.m2/repository/org/apache/kerby/kerb-core/1.0.1/kerb-core-1.0.1.jar:/home/user/.m2/repository/org/apache/kerby/kerby-pkix/1.0.1/kerby-pkix-1.0.1.jar:/home/user/.m2/repository/org/apache/kerby/kerby-asn1/1.0.1/kerby-asn1-1.0.1.jar:/home/user/.m2/repository/org/apache/kerby/kerby-util/1.0.1/kerby-util-1.0.1.jar:/home/user/.m2/repository/org/apache/kerby/kerb-common/1.0.1/kerb-common-1.0.1.jar:/home/user/.m2/repository/org/apache/kerby/kerb-crypto/1.0.1/kerb-crypto-1.0.1.jar:/home/user/.m2/repository/org/apache/kerby/kerb-util/1.0.1/kerb-util-1.0.1.jar:/home/user/.m2/repository/org/apache/kerby/token-provider/1.0.1/token-provider-1.0.1.jar:/home/user/.m2/repository/org/apache/kerby/kerb-admin/1.0.1/kerb-admin-1.0.1.jar:/home/user/.m2/repository/org/apache/kerby/kerb-server/1.0.1/kerb-server-1.0.1.jar:/home/user/.m2/repository/org/apache/kerby/kerb-identity/1.0.1/kerb-identity-1.0.1.jar:/home/user/.m2/repository/org/apache/kerby/kerby-xdr/1.0.1/kerby-xdr-1.0.1.jar:/home/user/.m2/repository/org/slf4j/slf4j-log4j12/1.7.25/slf4j-log4j12-1.7.25.jar:/home/user/.m2/repository/org/apache/hadoop/hadoop-ozone-s3gateway/1.1.0-SNAPSHOT/hadoop-ozone-s3gateway-1.1.0-SNAPSHOT.jar:/home/user/.m2/repository/org/jboss/weld/servlet/weld-servlet/2.4.7.Final/weld-servlet-2.4.7.Final.jar:/home/user/.m2/repository/org/glassfish/jersey/containers/jersey-container-servlet-core/2.27/jersey-container-servlet-core-2.27.jar:/home/user/.m2/repository/org/glassfish/hk2/external/javax.inject/2.5.0-b42/javax.inject-2.5.0-b42.jar:/home/user/.m2/repository/org/glassfish/jersey/core/jersey-common/2.27/jersey-common-2.27.jar:/home/user/.m2/repository/org/glassfish/hk2/osgi-resource-locator/1.0.1/osgi-resource-locator-1.0.1.jar:/home/user/.m2/repository/javax/ws/rs/javax.ws.rs-api/2.1/javax.ws.rs-api-2.1.jar:/home/user/.m2/repository/org/glassfish/jersey/ext/cdi/jersey-cdi1x/2.27/jersey-cdi1x-2.27.jar:/home/user/.m2/repository/org/glassfish/jersey/inject/jersey-hk2/2.27/jersey-hk2-2.27.jar:/home/user/.m2/repository/org/glassfish/hk2/hk2-locator/2.5.0-b42/hk2-locator-2.5.0-b42.jar:/home/user/.m2/repository/org/javassist/javassist/3.22.0-CR2/javassist-3.22.0-CR2.jar:/home/user/.m2/repository/org/glassfish/hk2/hk2-api/2.5.0/hk2-api-2.5.0.jar:/home/user/.m2/repository/org/glassfish/hk2/external/jakarta.inject/2.5.0/jakarta.inject-2.5.0.jar:/home/user/.m2/repository/org/glassfish/hk2/hk2-utils/2.5.0/hk2-utils-2.5.0.jar:/home/user/.m2/repository/jakarta/annotation/jakarta.annotation-api/1.3.4/jakarta.annotation-api-1.3.4.jar:/home/user/.m2/repository/org/glassfish/hk2/external/aopalliance-repackaged/2.5.0/aopalliance-repackaged-2.5.0.jar:/home/user/.m2/repository/com/fasterxml/jackson/dataformat/jackson-dataformat-xml/2.10.3/jackson-dataformat-xml-2.10.3.jar:/home/user/.m2/repository/com/fasterxml/jackson/core/jackson-core/2.10.3/jackson-core-2.10.3.jar:/home/user/.m2/repository/com/fasterxml/jackson/module/jackson-module-jaxb-annotations/2.10.3/jackson-module-jaxb-annotations-2.10.3.jar:/home/user/.m2/repository/jakarta/xml/bind/jakarta.xml.bind-api/2.3.2/jakarta.xml.bind-api-2.3.2.jar:/home/user/.m2/repository/jakarta/activation/jakarta.activation-api/1.2.1/jakarta.activation-api-1.2.1.jar:/home/user/.m2/repository/org/codehaus/woodstox/stax2-api/3.1.4/stax2-api-3.1.4.jar:/home/user/.m2/repository/com/fasterxml/woodstox/woodstox-core/5.0.3/woodstox-core-5.0.3.jar:/home/user/.m2/repository/javax/enterprise/cdi-api/1.2/cdi-api-1.2.jar:/home/user/.m2/repository/javax/el/javax.el-api/3.0.0/javax.el-api-3.0.0.jar:/home/user/.m2/repository/javax/interceptor/javax.interceptor-api/1.2/javax.interceptor-api-1.2.jar:/home/user/.m2/repository/javax/inject/javax.inject/1/javax.inject-1.jar:/home/user/.m2/repository/com/sun/xml/bind/jaxb-impl/2.3.0.1/jaxb-impl-2.3.0.1.jar:/home/user/.m2/repository/com/sun/xml/bind/jaxb-core/2.3.0.1/jaxb-core-2.3.0.1.jar:/home/user/.m2/repository/javax/xml/bind/jaxb-api/2.3.0/jaxb-api-2.3.0.jar:/home/user/.m2/repository/javax/activation/activation/1.1.1/activation-1.1.1.jar:/home/user/.m2/repository/org/apache/hadoop/hadoop-ozone-csi/1.1.0-SNAPSHOT/hadoop-ozone-csi-1.1.0-SNAPSHOT.jar:/home/user/.m2/repository/com/google/protobuf/protobuf-java-util/3.11.0/protobuf-java-util-3.11.0.jar:/home/user/.m2/repository/com/google/code/gson/gson/2.2.4/gson-2.2.4.jar:/home/user/.m2/repository/org/apache/hadoop/hadoop-hdds-config/1.1.0-SNAPSHOT/hadoop-hdds-config-1.1.0-SNAPSHOT.jar:/home/user/.m2/repository/com/google/protobuf/protobuf-java/2.5.0/protobuf-java-2.5.0.jar:/home/user/.m2/repository/io/grpc/grpc-netty/1.29.0/grpc-netty-1.29.0.jar:/home/user/.m2/repository/io/grpc/grpc-core/1.29.0/grpc-core-1.29.0.jar:/home/user/.m2/repository/com/google/android/annotations/4.1.1.4/annotations-4.1.1.4.jar:/home/user/.m2/repository/io/perfmark/perfmark-api/0.19.0/perfmark-api-0.19.0.jar:/home/user/.m2/repository/io/netty/netty-codec-http2/4.1.48.Final/netty-codec-http2-4.1.48.Final.jar:/home/user/.m2/repository/io/netty/netty-codec/4.1.48.Final/netty-codec-4.1.48.Final.jar:/home/user/.m2/repository/io/netty/netty-handler/4.1.48.Final/netty-handler-4.1.48.Final.jar:/home/user/.m2/repository/io/netty/netty-codec-http/4.1.48.Final/netty-codec-http-4.1.48.Final.jar:/home/user/.m2/repository/io/netty/netty-handler-proxy/4.1.48.Final/netty-handler-proxy-4.1.48.Final.jar:/home/user/.m2/repository/io/netty/netty-codec-socks/4.1.48.Final/netty-codec-socks-4.1.48.Final.jar:/home/user/.m2/repository/io/netty/netty-transport-native-epoll/4.1.48.Final/netty-transport-native-epoll-4.1.48.Final.jar:/home/user/.m2/repository/io/netty/netty-common/4.1.48.Final/netty-common-4.1.48.Final.jar:/home/user/.m2/repository/io/netty/netty-buffer/4.1.48.Final/netty-buffer-4.1.48.Final.jar:/home/user/.m2/repository/io/netty/netty-transport/4.1.48.Final/netty-transport-4.1.48.Final.jar:/home/user/.m2/repository/io/netty/netty-resolver/4.1.48.Final/netty-resolver-4.1.48.Final.jar:/home/user/.m2/repository/io/netty/netty-transport-native-unix-common/4.1.48.Final/netty-transport-native-unix-common-4.1.48.Final.jar:/home/user/.m2/repository/io/grpc/grpc-protobuf/1.29.0/grpc-protobuf-1.29.0.jar:/home/user/.m2/repository/io/grpc/grpc-api/1.29.0/grpc-api-1.29.0.jar:/home/user/.m2/repository/io/grpc/grpc-context/1.29.0/grpc-context-1.29.0.jar:/home/user/.m2/repository/org/codehaus/mojo/animal-sniffer-annotations/1.18/animal-sniffer-annotations-1.18.jar:/home/user/.m2/repository/com/google/api/grpc/proto-google-common-protos/1.17.0/proto-google-common-protos-1.17.0.jar:/home/user/.m2/repository/io/grpc/grpc-protobuf-lite/1.29.0/grpc-protobuf-lite-1.29.0.jar:/home/user/.m2/repository/io/grpc/grpc-stub/1.29.0/grpc-stub-1.29.0.jar:/home/user/.m2/repository/org/apache/hadoop/hadoop-ozone-recon/1.1.0-SNAPSHOT/hadoop-ozone-recon-1.1.0-SNAPSHOT.jar:/home/user/.m2/repository/org/apache/hadoop/hadoop-ozone-reconcodegen/1.1.0-SNAPSHOT/hadoop-ozone-reconcodegen-1.1.0-SNAPSHOT.jar:/home/user/.m2/repository/com/google/inject/extensions/guice-multibindings/4.0/guice-multibindings-4.0.jar:/home/user/.m2/repository/com/google/inject/guice/4.0/guice-4.0.jar:/home/user/.m2/repository/aopalliance/aopalliance/1.0/aopalliance-1.0.jar:/home/user/.m2/repository/com/google/inject/extensions/guice-assistedinject/4.0/guice-assistedinject-4.0.jar:/home/user/.m2/repository/com/google/inject/extensions/guice-servlet/4.0/guice-servlet-4.0.jar:/home/user/.m2/repository/org/glassfish/jersey/containers/jersey-container-servlet/2.27/jersey-container-servlet-2.27.jar:/home/user/.m2/repository/org/glassfish/hk2/guice-bridge/2.5.0/guice-bridge-2.5.0.jar:/home/user/.m2/repository/org/glassfish/jersey/core/jersey-server/2.27/jersey-server-2.27.jar:/home/user/.m2/repository/org/glassfish/jersey/core/jersey-client/2.27/jersey-client-2.27.jar:/home/user/.m2/repository/org/glassfish/jersey/media/jersey-media-jaxb/2.27/jersey-media-jaxb-2.27.jar:/home/user/.m2/repository/javax/validation/validation-api/1.1.0.Final/validation-api-1.1.0.Final.jar:/home/user/.m2/repository/org/glassfish/jersey/media/jersey-media-json-jackson/2.27/jersey-media-json-jackson-2.27.jar:/home/user/.m2/repository/org/glassfish/jersey/ext/jersey-entity-filtering/2.27/jersey-entity-filtering-2.27.jar:/home/user/.m2/repository/org/jooq/jooq/3.11.10/jooq-3.11.10.jar:/home/user/.m2/repository/org/jooq/jooq-meta/3.11.10/jooq-meta-3.11.10.jar:/home/user/.m2/repository/org/jooq/jooq-codegen/3.11.10/jooq-codegen-3.11.10.jar:/home/user/.m2/repository/com/jolbox/bonecp/0.8.0.RELEASE/bonecp-0.8.0.RELEASE.jar:/home/user/.m2/repository/org/apache/derby/derby/10.14.2.0/derby-10.14.2.0.jar:/home/user/.m2/repository/org/xerial/sqlite-jdbc/3.25.2/sqlite-jdbc-3.25.2.jar:/home/user/.m2/repository/org/springframework/spring-jdbc/5.2.5.RELEASE/spring-jdbc-5.2.5.RELEASE.jar:/home/user/.m2/repository/org/springframework/spring-beans/5.2.5.RELEASE/spring-beans-5.2.5.RELEASE.jar:/home/user/.m2/repository/org/springframework/spring-core/5.2.5.RELEASE/spring-core-5.2.5.RELEASE.jar:/home/user/.m2/repository/org/springframework/spring-jcl/5.2.5.RELEASE/spring-jcl-5.2.5.RELEASE.jar:/home/user/.m2/repository/org/springframework/spring-tx/5.2.5.RELEASE/spring-tx-5.2.5.RELEASE.jar:/home/user/.m2/repository/org/apache/hadoop/hadoop-ozone-client/1.1.0-SNAPSHOT/hadoop-ozone-client-1.1.0-SNAPSHOT.jar:/home/user/.m2/repository/org/apache/hadoop/hadoop-ozone-filesystem/1.1.0-SNAPSHOT/hadoop-ozone-filesystem-1.1.0-SNAPSHOT.jar:/home/user/.m2/repository/org/apache/hadoop/hadoop-ozone-filesystem-common/1.1.0-SNAPSHOT/hadoop-ozone-filesystem-common-1.1.0-SNAPSHOT.jar:/home/user/.m2/repository/org/apache/hadoop/hadoop-ozone-tools/1.1.0-SNAPSHOT/hadoop-ozone-tools-1.1.0-SNAPSHOT.jar:/home/user/.m2/repository/org/apache/hadoop/hadoop-hdfs/3.2.1/hadoop-hdfs-3.2.1.jar:/home/user/.m2/repository/org/apache/ratis/ratis-tools/1.1.0-11689cd-SNAPSHOT/ratis-tools-1.1.0-11689cd-SNAPSHOT.jar:/home/user/.m2/repository/org/apache/ratis/ratis-proto/1.1.0-11689cd-SNAPSHOT/ratis-proto-1.1.0-11689cd-SNAPSHOT.jar:/home/user/.m2/repository/org/apache/ratis/ratis-common/1.1.0-11689cd-SNAPSHOT/ratis-common-1.1.0-11689cd-SNAPSHOT.jar:/home/user/.m2/repository/com/amazonaws/aws-java-sdk-core/1.11.615/aws-java-sdk-core-1.11.615.jar:/home/user/.m2/repository/org/apache/httpcomponents/httpclient/4.5.2/httpclient-4.5.2.jar:/home/user/.m2/repository/org/apache/httpcomponents/httpcore/4.4.4/httpcore-4.4.4.jar:/home/user/.m2/repository/software/amazon/ion/ion-java/1.0.2/ion-java-1.0.2.jar:/home/user/.m2/repository/com/fasterxml/jackson/dataformat/jackson-dataformat-cbor/2.10.3/jackson-dataformat-cbor-2.10.3.jar:/home/user/.m2/repository/joda-time/joda-time/2.8.1/joda-time-2.8.1.jar:/home/user/.m2/repository/com/amazonaws/aws-java-sdk-s3/1.11.615/aws-java-sdk-s3-1.11.615.jar:/home/user/.m2/repository/com/amazonaws/aws-java-sdk-kms/1.11.615/aws-java-sdk-kms-1.11.615.jar:/home/user/.m2/repository/com/amazonaws/jmespath-java/1.11.615/jmespath-java-1.11.615.jar:/home/user/.m2/repository/org/kohsuke/metainf-services/metainf-services/1.8/metainf-services-1.8.jar:/home/user/.m2/repository/org/apache/hadoop/hadoop-hdds-tools/1.1.0-SNAPSHOT/hadoop-hdds-tools-1.1.0-SNAPSHOT.jar:/home/user/.m2/repository/commons-cli/commons-cli/1.2/commons-cli-1.2.jar:/home/user/.m2/repository/org/apache/commons/commons-lang3/3.7/commons-lang3-3.7.jar:/home/user/.m2/repository/org/apache/hadoop/hadoop-ozone-ozone-manager/1.1.0-SNAPSHOT/hadoop-ozone-ozone-manager-1.1.0-SNAPSHOT-tests.jar:/home/user/.m2/repository/junit/junit/4.11/junit-4.11.jar:/home/user/.m2/repository/org/hamcrest/hamcrest-core/1.3/hamcrest-core-1.3.jar:/home/user/.m2/repository/org/openjdk/jmh/jmh-core/1.19/jmh-core-1.19.jar:/home/user/.m2/repository/net/sf/jopt-simple/jopt-simple/4.6/jopt-simple-4.6.jar:/home/user/.m2/repository/org/apache/commons/commons-math3/3.1.1/commons-math3-3.1.1.jar:/home/user/.m2/repository/org/openjdk/jmh/jmh-generator-annprocess/1.19/jmh-generator-annprocess-1.19.jar:/home/user/.m2/repository/org/mockito/mockito-all/1.8.5/mockito-all-1.8.5.jar:/home/user/.m2/repository/org/apache/hadoop/hadoop-kms/3.2.1/hadoop-kms-3.2.1.jar:/home/user/.m2/repository/org/apache/hadoop/hadoop-auth/3.2.1/hadoop-auth-3.2.1.jar:/home/user/.m2/repository/com/nimbusds/nimbus-jose-jwt/7.9/nimbus-jose-jwt-7.9.jar:/home/user/.m2/repository/com/github/stephenc/jcip/jcip-annotations/1.0-1/jcip-annotations-1.0-1.jar:/home/user/.m2/repository/net/minidev/json-smart/2.3/json-smart-2.3.jar:/home/user/.m2/repository/net/minidev/accessors-smart/1.2/accessors-smart-1.2.jar:/home/user/.m2/repository/org/ow2/asm/asm/5.0.4/asm-5.0.4.jar:/home/user/.m2/repository/org/apache/zookeeper/zookeeper/3.4.13/zookeeper-3.4.13.jar:/home/user/.m2/repository/org/apache/yetus/audience-annotations/0.5.0/audience-annotations-0.5.0.jar:/home/user/.m2/repository/org/apache/curator/curator-framework/2.13.0/curator-framework-2.13.0.jar:/home/user/.m2/repository/com/sun/jersey/jersey-core/1.19/jersey-core-1.19.jar:/home/user/.m2/repository/javax/ws/rs/jsr311-api/1.1.1/jsr311-api-1.1.1.jar:/home/user/.m2/repository/com/sun/jersey/jersey-server/1.19/jersey-server-1.19.jar:/home/user/.m2/repository/javax/servlet/javax.servlet-api/3.1.0/javax.servlet-api-3.1.0.jar:/home/user/.m2/repository/org/eclipse/jetty/jetty-server/9.4.26.v20200117/jetty-server-9.4.26.v20200117.jar:/home/user/.m2/repository/org/eclipse/jetty/jetty-http/9.4.26.v20200117/jetty-http-9.4.26.v20200117.jar:/home/user/.m2/repository/org/eclipse/jetty/jetty-io/9.4.26.v20200117/jetty-io-9.4.26.v20200117.jar:/home/user/.m2/repository/org/eclipse/jetty/jetty-webapp/9.4.26.v20200117/jetty-webapp-9.4.26.v20200117.jar:/home/user/.m2/repository/org/eclipse/jetty/jetty-xml/9.4.26.v20200117/jetty-xml-9.4.26.v20200117.jar:/home/user/.m2/repository/org/eclipse/jetty/jetty-servlet/9.4.26.v20200117/jetty-servlet-9.4.26.v20200117.jar:/home/user/.m2/repository/org/eclipse/jetty/jetty-security/9.4.26.v20200117/jetty-security-9.4.26.v20200117.jar:/home/user/.m2/repository/org/apache/hadoop/hadoop-common/3.2.1/hadoop-common-3.2.1.jar:/home/user/.m2/repository/commons-net/commons-net/3.6/commons-net-3.6.jar:/home/user/.m2/repository/commons-collections/commons-collections/3.2.2/commons-collections-3.2.2.jar:/home/user/.m2/repository/com/sun/jersey/jersey-servlet/1.19/jersey-servlet-1.19.jar:/home/user/.m2/repository/com/sun/jersey/jersey-json/1.19/jersey-json-1.19.jar:/home/user/.m2/repository/org/codehaus/jettison/jettison/1.1/jettison-1.1.jar:/home/user/.m2/repository/org/codehaus/jackson/jackson-jaxrs/1.9.2/jackson-jaxrs-1.9.2.jar:/home/user/.m2/repository/org/codehaus/jackson/jackson-xc/1.9.2/jackson-xc-1.9.2.jar:/home/user/.m2/repository/commons-beanutils/commons-beanutils/1.9.4/commons-beanutils-1.9.4.jar:/home/user/.m2/repository/org/apache/commons/commons-configuration2/2.1.1/commons-configuration2-2.1.1.jar:/home/user/.m2/repository/org/apache/commons/commons-text/1.4/commons-text-1.4.jar:/home/user/.m2/repository/com/google/re2j/re2j/1.1/re2j-1.1.jar:/home/user/.m2/repository/com/jcraft/jsch/0.1.54/jsch-0.1.54.jar:/home/user/.m2/repository/org/apache/curator/curator-client/2.13.0/curator-client-2.13.0.jar:/home/user/.m2/repository/org/apache/curator/curator-recipes/2.13.0/curator-recipes-2.13.0.jar:/home/user/.m2/repository/dnsjava/dnsjava/2.1.7/dnsjava-2.1.7.jar:/home/user/.m2/repository/org/slf4j/jul-to-slf4j/1.7.25/jul-to-slf4j-1.7.25.jar:/home/user/.m2/repository/org/eclipse/jetty/jetty-util/9.4.26.v20200117/jetty-util-9.4.26.v20200117.jar:/home/user/.m2/repository/com/fasterxml/jackson/core/jackson-databind/2.10.3/jackson-databind-2.10.3.jar:/home/user/.m2/repository/org/apache/hadoop/hadoop-kms/3.2.1/hadoop-kms-3.2.1-tests.jar:/home/user/.m2/repository/org/apache/hadoop/hadoop-hdds-server-scm/1.1.0-SNAPSHOT/hadoop-hdds-server-scm-1.1.0-SNAPSHOT-tests.jar:/home/user/.m2/repository/org/apache/hadoop/hadoop-hdds-container-service/1.1.0-SNAPSHOT/hadoop-hdds-container-service-1.1.0-SNAPSHOT-tests.jar:/home/user/.m2/repository/org/apache/hadoop/hadoop-hdds-common/1.1.0-SNAPSHOT/hadoop-hdds-common-1.1.0-SNAPSHOT-tests.jar:/home/user/.m2/repository/org/yaml/snakeyaml/1.16/snakeyaml-1.16.jar:/home/user/.m2/repository/org/apache/hadoop/hadoop-hdds-hadoop-dependency-test/1.1.0-SNAPSHOT/hadoop-hdds-hadoop-dependency-test-1.1.0-SNAPSHOT.jar:/home/user/.m2/repository/org/apache/hadoop/hadoop-common/3.2.1/hadoop-common-3.2.1-tests.jar:/home/user/.m2/repository/javax/servlet/jsp/jsp-api/2.1/jsp-api-2.1.jar:/home/user/.m2/repository/org/apache/hadoop/hadoop-hdfs/3.2.1/hadoop-hdfs-3.2.1-tests.jar:/home/user/.m2/repository/org/eclipse/jetty/jetty-util-ajax/9.4.26.v20200117/jetty-util-ajax-9.4.26.v20200117.jar:/home/user/.m2/repository/commons-codec/commons-codec/1.11/commons-codec-1.11.jar:/home/user/.m2/repository/commons-daemon/commons-daemon/1.0.13/commons-daemon-1.0.13.jar:/home/user/.m2/repository/io/netty/netty/3.10.5.Final/netty-3.10.5.Final.jar:/home/user/.m2/repository/io/netty/netty-all/4.1.48.Final/netty-all-4.1.48.Final.jar:/home/user/.m2/repository/org/apache/htrace/htrace-core4/4.1.0-incubating/htrace-core4-4.1.0-incubating.jar:/home/user/.m2/repository/org/fusesource/leveldbjni/leveldbjni-all/1.8/leveldbjni-all-1.8.jar:/home/user/.m2/repository/org/apache/hadoop/hadoop-distcp/3.2.1/hadoop-distcp-3.2.1.jar:/home/user/.m2/repository/org/apache/hadoop/hadoop-mapreduce-client-jobclient/3.2.1/hadoop-mapreduce-client-jobclient-3.2.1.jar:/home/user/.m2/repository/org/apache/hadoop/hadoop-mapreduce-client-common/3.2.1/hadoop-mapreduce-client-common-3.2.1.jar:/home/user/.m2/repository/org/apache/hadoop/hadoop-yarn-common/3.2.1/hadoop-yarn-common-3.2.1.jar:/home/user/.m2/repository/org/apache/hadoop/hadoop-yarn-api/3.2.1/hadoop-yarn-api-3.2.1.jar:/home/user/.m2/repository/com/sun/jersey/jersey-client/1.19/jersey-client-1.19.jar:/home/user/.m2/repository/com/sun/jersey/contribs/jersey-guice/1.19/jersey-guice-1.19.jar:/home/user/.m2/repository/com/fasterxml/jackson/jaxrs/jackson-jaxrs-json-provider/2.10.3/jackson-jaxrs-json-provider-2.10.3.jar:/home/user/.m2/repository/com/fasterxml/jackson/jaxrs/jackson-jaxrs-base/2.10.3/jackson-jaxrs-base-2.10.3.jar:/home/user/.m2/repository/org/apache/hadoop/hadoop-yarn-client/3.2.1/hadoop-yarn-client-3.2.1.jar:/home/user/.m2/repository/org/apache/hadoop/hadoop-mapreduce-client-core/3.2.1/hadoop-mapreduce-client-core-3.2.1.jar:/home/user/.m2/repository/org/apache/avro/avro/1.7.7/avro-1.7.7.jar:/home/user/.m2/repository/org/codehaus/jackson/jackson-core-asl/1.9.13/jackson-core-asl-1.9.13.jar:/home/user/.m2/repository/org/codehaus/jackson/jackson-mapper-asl/1.9.13/jackson-mapper-asl-1.9.13.jar:/home/user/.m2/repository/com/thoughtworks/paranamer/paranamer/2.3/paranamer-2.3.jar:/home/user/.m2/repository/org/xerial/snappy/snappy-java/1.0.5/snappy-java-1.0.5.jar:/home/user/.m2/repository/org/apache/hadoop/hadoop-annotations/3.2.1/hadoop-annotations-3.2.1.jar:/usr/lib/jvm/java-1.8.0-openjdk-1.8.0.232.b09-0.el7_7.x86_64/jre/../lib/tools.jar:/home/user/.m2/repository/org/apache/hadoop/hadoop-distcp/3.2.1/hadoop-distcp-3.2.1-tests.jar:"/>
    <property name="sun.cpu.endian" value="little"/>
    <property name="user.home" value="/home/user"/>
    <property name="user.language" value="en"/>
    <property name="java.specification.vendor" value="Oracle Corporation"/>
    <property name="java.home" value="/usr/lib/jvm/java-1.8.0-openjdk-1.8.0.232.b09-0.el7_7.x86_64/jre"/>
    <property name="java.security.krb5.conf" value="/github/workspace/mnt/ozone/hadoop-ozone/integration-test/target/test-classes/krb5.conf"/>
    <property name="basedir" value="/github/workspace/mnt/ozone/hadoop-ozone/integration-test"/>
    <property name="file.separator" value="/"/>
    <property name="line.separator" value="&#10;"/>
    <property name="java.vm.specification.vendor" value="Oracle Corporation"/>
    <property name="java.specification.name" value="Java Platform API Specification"/>
    <property name="java.awt.graphicsenv" value="sun.awt.X11GraphicsEnvironment"/>
    <property name="skip.installnpx" value="true"/>
    <property name="surefire.real.class.path" value="/github/workspace/mnt/ozone/hadoop-ozone/integration-test/target/surefire/surefirebooter1908206474355957168.jar:/home/user/.m2/repository/org/jacoco/org.jacoco.agent/0.8.5/org.jacoco.agent-0.8.5-runtime.jar"/>
    <property name="hadoop.log.dir" value="/github/workspace/mnt/ozone/hadoop-ozone/integration-test/target/log"/>
    <property name="sun.boot.class.path" value="/usr/lib/jvm/java-1.8.0-openjdk-1.8.0.232.b09-0.el7_7.x86_64/jre/lib/resources.jar:/usr/lib/jvm/java-1.8.0-openjdk-1.8.0.232.b09-0.el7_7.x86_64/jre/lib/rt.jar:/usr/lib/jvm/java-1.8.0-openjdk-1.8.0.232.b09-0.el7_7.x86_64/jre/lib/sunrsasign.jar:/usr/lib/jvm/java-1.8.0-openjdk-1.8.0.232.b09-0.el7_7.x86_64/jre/lib/jsse.jar:/usr/lib/jvm/java-1.8.0-openjdk-1.8.0.232.b09-0.el7_7.x86_64/jre/lib/jce.jar:/usr/lib/jvm/java-1.8.0-openjdk-1.8.0.232.b09-0.el7_7.x86_64/jre/lib/charsets.jar:/usr/lib/jvm/java-1.8.0-openjdk-1.8.0.232.b09-0.el7_7.x86_64/jre/lib/jfr.jar:/usr/lib/jvm/java-1.8.0-openjdk-1.8.0.232.b09-0.el7_7.x86_64/jre/classes"/>
    <property name="sun.management.compiler" value="HotSpot 64-Bit Tiered Compilers"/>
    <property name="skip.npx" value="true"/>
    <property name="java.runtime.version" value="1.8.0_232-b09"/>
    <property name="java.net.preferIPv4Stack" value="true"/>
    <property name="user.name" value="jenkins1001"/>
    <property name="path.separator" value=":"/>
    <property name="java.security.egd" value="file:///dev/urandom"/>
    <property name="os.version" value="5.4.0-1031-azure"/>
    <property name="java.endorsed.dirs" value="/usr/lib/jvm/java-1.8.0-openjdk-1.8.0.232.b09-0.el7_7.x86_64/jre/lib/endorsed"/>
    <property name="java.runtime.name" value="OpenJDK Runtime Environment"/>
    <property name="file.encoding" value="ANSI_X3.4-1968"/>
    <property name="java.vm.name" value="OpenJDK 64-Bit Server VM"/>
    <property name="test.build.webapps" value=""/>
    <property name="localRepository" value="/home/user/.m2/repository"/>
    <property name="java.vendor.url.bug" value="http://bugreport.sun.com/bugreport/"/>
    <property name="java.io.tmpdir" value="/tmp"/>
    <property name="require.test.libhadoop" value=""/>
    <property name="java.version" value="1.8.0_232"/>
    <property name="user.dir" value="/github/workspace/mnt/ozone/hadoop-ozone/integration-test"/>
    <property name="os.arch" value="amd64"/>
    <property name="java.vm.specification.name" value="Java Virtual Machine Specification"/>
    <property name="test.build.classes" value="/github/workspace/mnt/ozone/hadoop-ozone/integration-test/target/test-classes"/>
    <property name="java.awt.printerjob" value="sun.print.PSPrinterJob"/>
    <property name="sun.os.patch.level" value="unknown"/>
    <property name="hadoop.tmp.dir" value="/github/workspace/mnt/ozone/hadoop-ozone/integration-test/target/tmp"/>
    <property name="java.library.path" value="/usr/lib:/usr/java/packages/lib/amd64:/usr/lib64:/lib64:/lib:/usr/lib"/>
    <property name="java.vm.info" value="mixed mode"/>
    <property name="java.vendor" value="Oracle Corporation"/>
    <property name="java.vm.version" value="25.232-b09"/>
    <property name="java.ext.dirs" value="/usr/lib/jvm/java-1.8.0-openjdk-1.8.0.232.b09-0.el7_7.x86_64/jre/lib/ext:/usr/java/packages/lib/ext"/>
    <property name="sun.io.unicode.encoding" value="UnicodeLittle"/>
    <property name="java.class.version" value="52.0"/>
  </properties>
  <testcase name="testOMRetryCache" classname="org.apache.hadoop.ozone.om.TestOzoneManagerHAMetadataOnly" time="29.619">
    <failure type="java.lang.AssertionError">java.lang.AssertionError
	at org.junit.Assert.fail(Assert.java:86)
	at org.junit.Assert.assertTrue(Assert.java:41)
	at org.junit.Assert.assertFalse(Assert.java:64)
	at org.junit.Assert.assertFalse(Assert.java:74)
	at org.apache.hadoop.ozone.om.TestOzoneManagerHAMetadataOnly.testOMRetryCache(TestOzoneManagerHAMetadataOnly.java:422)
	at sun.reflect.NativeMethodAccessorImpl.invoke0(Native Method)
	at sun.reflect.NativeMethodAccessorImpl.invoke(NativeMethodAccessorImpl.java:62)
	at sun.reflect.DelegatingMethodAccessorImpl.invoke(DelegatingMethodAccessorImpl.java:43)
	at java.lang.reflect.Method.invoke(Method.java:498)
	at org.junit.runners.model.FrameworkMethod$1.runReflectiveCall(FrameworkMethod.java:47)
	at org.junit.internal.runners.model.ReflectiveCallable.run(ReflectiveCallable.java:12)
	at org.junit.runners.model.FrameworkMethod.invokeExplosively(FrameworkMethod.java:44)
	at org.junit.internal.runners.statements.InvokeMethod.evaluate(InvokeMethod.java:17)
	at org.junit.internal.runners.statements.RunBefores.evaluate(RunBefores.java:26)
	at org.junit.internal.runners.statements.RunAfters.evaluate(RunAfters.java:27)
	at org.junit.rules.ExpectedException$ExpectedExceptionStatement.evaluate(ExpectedException.java:168)
	at org.junit.internal.runners.statements.FailOnTimeout$StatementThread.run(FailOnTimeout.java:74)
</failure>
    <system-out><![CDATA[2020-11-01 01:34:47,153 [Thread-1] WARN  server.ServerUtils (ServerUtils.java:getScmDbDir(148)) - ozone.scm.db.dirs is not configured. We recommend adding this setting. Falling back to ozone.metadata.dirs instead.
2020-11-01 01:34:47,257 [Thread-1] WARN  server.ServerUtils (ServerUtils.java:getScmDbDir(148)) - ozone.scm.db.dirs is not configured. We recommend adding this setting. Falling back to ozone.metadata.dirs instead.
2020-11-01 01:34:47,427 [Thread-1] WARN  db.DBStoreBuilder (DBStoreBuilder.java:createDBStoreBuilder(283)) - ozone.scm.db.dirs is not configured. We recommend adding this setting. Falling back to ozone.metadata.dirs instead.
2020-11-01 01:34:47,590 [Thread-1] INFO  net.NodeSchemaLoader (NodeSchemaLoader.java:loadSchemaFromFile(126)) - Loading file from sun.misc.CompoundEnumeration@1d46a5f5
2020-11-01 01:34:47,591 [Thread-1] INFO  net.NodeSchemaLoader (NodeSchemaLoader.java:loadSchema(172)) - Loading network topology layer schema file
2020-11-01 01:34:47,676 [Thread-1] WARN  server.ServerUtils (ServerUtils.java:sanitizeUserArgs(73)) - ozone.scm.stale.node.interval value = 300000 is larger than max = 100000 based on the key value of ozone.scm.heartbeat.thread.interval, reset to the max value 100000.
2020-11-01 01:34:47,677 [Thread-1] WARN  server.ServerUtils (ServerUtils.java:sanitizeUserArgs(73)) - ozone.scm.stale.node.interval value = 300000 is larger than max = 100000 based on the key value of ozone.scm.heartbeat.thread.interval, reset to the max value 100000.
2020-11-01 01:34:47,679 [Thread-1] INFO  node.SCMNodeManager (SCMNodeManager.java:<init>(120)) - Entering startup safe mode.
2020-11-01 01:34:47,804 [Thread-1] INFO  algorithms.ContainerPlacementPolicyFactory (ContainerPlacementPolicyFactory.java:getPolicy(60)) - Create container placement policy of type org.apache.hadoop.hdds.scm.container.placement.algorithms.SCMContainerPlacementRandom
2020-11-01 01:34:47,836 [Thread-1] INFO  algorithms.LeaderChoosePolicyFactory (LeaderChoosePolicyFactory.java:getPolicy(57)) - Create leader choose policy of type org.apache.hadoop.hdds.scm.pipeline.leader.choose.algorithms.DefaultLeaderChoosePolicy
2020-11-01 01:34:47,837 [Thread-1] INFO  pipeline.SCMPipelineManager (SCMPipelineManager.java:initializePipelineState(161)) - No pipeline exists in current db
2020-11-01 01:34:47,861 [Thread-1] INFO  algorithms.PipelineChoosePolicyFactory (PipelineChoosePolicyFactory.java:createPipelineChoosePolicyFromClass(75)) - Create pipeline choose policy of type org.apache.hadoop.hdds.scm.pipeline.choose.algorithms.RandomPipelineChoosePolicy
2020-11-01 01:34:47,914 [Thread-1] INFO  safemode.HealthyPipelineSafeModeRule (HealthyPipelineSafeModeRule.java:<init>(89)) - Total pipeline count is 0, healthy pipeline threshold count is 0
2020-11-01 01:34:47,917 [Thread-1] INFO  safemode.OneReplicaPipelineSafeModeRule (OneReplicaPipelineSafeModeRule.java:<init>(79)) - Total pipeline count is 0, pipeline's with at least one datanode reported threshold count is 0
2020-11-01 01:34:48,366 [Thread-1] INFO  ipc.CallQueueManager (CallQueueManager.java:<init>(84)) - Using callQueue: class java.util.concurrent.LinkedBlockingQueue, queueCapacity: 2000, scheduler: class org.apache.hadoop.ipc.DefaultRpcScheduler, ipcBackoff: false.
2020-11-01 01:34:48,395 [Socket Reader #1 for port 0] INFO  ipc.Server (Server.java:run(1219)) - Starting Socket Reader #1 for port 0
2020-11-01 01:34:48,424 [Listener at 0.0.0.0/32893] INFO  ipc.CallQueueManager (CallQueueManager.java:<init>(84)) - Using callQueue: class java.util.concurrent.LinkedBlockingQueue, queueCapacity: 2000, scheduler: class org.apache.hadoop.ipc.DefaultRpcScheduler, ipcBackoff: false.
2020-11-01 01:34:48,429 [Socket Reader #1 for port 0] INFO  ipc.Server (Server.java:run(1219)) - Starting Socket Reader #1 for port 0
2020-11-01 01:34:48,442 [Listener at 0.0.0.0/35217] INFO  ipc.CallQueueManager (CallQueueManager.java:<init>(84)) - Using callQueue: class java.util.concurrent.LinkedBlockingQueue, queueCapacity: 2000, scheduler: class org.apache.hadoop.ipc.DefaultRpcScheduler, ipcBackoff: false.
2020-11-01 01:34:48,443 [Socket Reader #1 for port 0] INFO  ipc.Server (Server.java:run(1219)) - Starting Socket Reader #1 for port 0
2020-11-01 01:34:48,465 [Listener at 0.0.0.0/40115] INFO  http.BaseHttpServer (BaseHttpServer.java:newHttpServer2BuilderForOzone(207)) - Starting Web-server for scm at: http://0.0.0.0:0
2020-11-01 01:34:48,466 [Listener at 0.0.0.0/40115] INFO  http.BaseHttpServer (BaseHttpServer.java:<init>(106)) - Hadoop Security Enabled: false Ozone Security Enabled: false Ozone HTTP Security Enabled: false 
2020-11-01 01:34:48,494 [Listener at 0.0.0.0/40115] INFO  util.log (Log.java:initialized(169)) - Logging initialized @2424ms to org.eclipse.jetty.util.log.Slf4jLog
2020-11-01 01:34:48,639 [Listener at 0.0.0.0/40115] INFO  server.AuthenticationFilter (AuthenticationFilter.java:constructSecretProvider(240)) - Unable to initialize FileSignerSecretProvider, falling back to use random secrets.
2020-11-01 01:34:48,655 [Listener at 0.0.0.0/40115] WARN  http.HttpRequestLog (HttpRequestLog.java:getRequestLog(103)) - Jetty request log can only be enabled using Log4j
2020-11-01 01:34:48,661 [Listener at 0.0.0.0/40115] INFO  http.HttpServer2 (HttpServer2.java:addGlobalFilter(1019)) - Added global filter 'safety' (class=org.apache.hadoop.hdds.server.http.HttpServer2$QuotingInputFilter)
2020-11-01 01:34:48,663 [Listener at 0.0.0.0/40115] INFO  http.HttpServer2 (HttpServer2.java:addFilter(995)) - Added filter static_user_filter (class=org.apache.hadoop.http.lib.StaticUserWebFilter$StaticUserFilter) to context scm
2020-11-01 01:34:48,664 [Listener at 0.0.0.0/40115] INFO  http.HttpServer2 (HttpServer2.java:addFilter(1003)) - Added filter static_user_filter (class=org.apache.hadoop.http.lib.StaticUserWebFilter$StaticUserFilter) to context logs
2020-11-01 01:34:48,664 [Listener at 0.0.0.0/40115] INFO  http.HttpServer2 (HttpServer2.java:addFilter(1003)) - Added filter static_user_filter (class=org.apache.hadoop.http.lib.StaticUserWebFilter$StaticUserFilter) to context static
2020-11-01 01:34:48,709 [Listener at 0.0.0.0/40115] INFO  server.StorageContainerManager (StorageContainerManager.java:start(789)) - StorageContainerLocationProtocol RPC server is listening at /0.0.0.0:40115
2020-11-01 01:34:48,769 [Listener at 0.0.0.0/40115] WARN  impl.MetricsConfig (MetricsConfig.java:loadFirst(134)) - Cannot locate configuration: tried hadoop-metrics2-storagecontainermanager.properties,hadoop-metrics2.properties
2020-11-01 01:34:48,784 [Listener at 0.0.0.0/40115] INFO  impl.MetricsSystemImpl (MetricsSystemImpl.java:startTimer(374)) - Scheduled Metric snapshot period at 10 second(s).
2020-11-01 01:34:48,784 [Listener at 0.0.0.0/40115] INFO  impl.MetricsSystemImpl (MetricsSystemImpl.java:start(191)) - StorageContainerManager metrics system started
2020-11-01 01:34:49,023 [Listener at 0.0.0.0/40115] INFO  server.SCMClientProtocolServer (SCMClientProtocolServer.java:start(156)) - RPC server for Client  is listening at /0.0.0.0:40115
2020-11-01 01:34:49,024 [IPC Server Responder] INFO  ipc.Server (Server.java:run(1460)) - IPC Server Responder: starting
2020-11-01 01:34:49,025 [IPC Server listener on 0] INFO  ipc.Server (Server.java:run(1298)) - IPC Server listener on 0: starting
2020-11-01 01:34:49,030 [Listener at 0.0.0.0/40115] INFO  server.StorageContainerManager (StorageContainerManager.java:start(801)) - ScmBlockLocationProtocol RPC server is listening at /0.0.0.0:35217
2020-11-01 01:34:49,031 [Listener at 0.0.0.0/40115] INFO  server.SCMBlockProtocolServer (SCMBlockProtocolServer.java:start(149)) - RPC server for Block Protocol is listening at /0.0.0.0:35217
2020-11-01 01:34:49,032 [IPC Server Responder] INFO  ipc.Server (Server.java:run(1460)) - IPC Server Responder: starting
2020-11-01 01:34:49,032 [IPC Server listener on 0] INFO  ipc.Server (Server.java:run(1298)) - IPC Server listener on 0: starting
2020-11-01 01:34:49,035 [Listener at 0.0.0.0/40115] INFO  server.StorageContainerManager (StorageContainerManager.java:start(807)) - ScmDatanodeProtocl RPC server is listening at /0.0.0.0:32893
2020-11-01 01:34:49,036 [Listener at 0.0.0.0/40115] INFO  server.SCMDatanodeProtocolServer (SCMDatanodeProtocolServer.java:start(172)) - RPC server for DataNodes is listening at /0.0.0.0:32893
2020-11-01 01:34:49,037 [IPC Server Responder] INFO  ipc.Server (Server.java:run(1460)) - IPC Server Responder: starting
2020-11-01 01:34:49,037 [IPC Server listener on 0] INFO  ipc.Server (Server.java:run(1298)) - IPC Server listener on 0: starting
2020-11-01 01:34:49,043 [Listener at 0.0.0.0/40115] INFO  http.HttpServer2 (HttpServer2.java:bindListener(1237)) - Jetty bound to port 34917
2020-11-01 01:34:49,045 [Listener at 0.0.0.0/40115] INFO  server.Server (Server.java:doStart(359)) - jetty-9.4.26.v20200117; built: 2020-01-17T12:35:33.676Z; git: 7b38981d25d14afb4a12ff1f2596756144edf695; jvm 1.8.0_232-b09
2020-11-01 01:34:49,078 [Listener at 0.0.0.0/40115] INFO  server.session (DefaultSessionIdManager.java:doStart(333)) - DefaultSessionIdManager workerName=node0
2020-11-01 01:34:49,079 [Listener at 0.0.0.0/40115] INFO  server.session (DefaultSessionIdManager.java:doStart(338)) - No SessionScavenger set, using defaults
2020-11-01 01:34:49,081 [Listener at 0.0.0.0/40115] INFO  server.session (HouseKeeper.java:startScavenging(140)) - node0 Scavenging every 660000ms
2020-11-01 01:34:49,096 [Listener at 0.0.0.0/40115] INFO  handler.ContextHandler (ContextHandler.java:doStart(825)) - Started o.e.j.s.ServletContextHandler@7ec39b92{logs,/logs,file:///github/workspace/mnt/ozone/hadoop-ozone/integration-test/target/log,AVAILABLE}
2020-11-01 01:34:49,096 [Listener at 0.0.0.0/40115] INFO  handler.ContextHandler (ContextHandler.java:doStart(825)) - Started o.e.j.s.ServletContextHandler@266a5ed9{static,/static,file:///github/workspace/mnt/ozone/hadoop-ozone/integration-test/target/test-classes/webapps/static,AVAILABLE}
2020-11-01 01:34:49,137 [Listener at 0.0.0.0/40115] INFO  handler.ContextHandler (ContextHandler.java:doStart(825)) - Started o.e.j.w.WebAppContext@4c0ee7c4{scm,/,file:///github/workspace/mnt/ozone/hadoop-ozone/integration-test/target/test-classes/webapps/scm/,AVAILABLE}{file:/github/workspace/mnt/ozone/hadoop-ozone/integration-test/target/test-classes/webapps/scm}
2020-11-01 01:34:49,145 [Listener at 0.0.0.0/40115] INFO  server.AbstractConnector (AbstractConnector.java:doStart(330)) - Started ServerConnector@33a4810a{HTTP/1.1,[http/1.1]}{0.0.0.0:34917}
2020-11-01 01:34:49,145 [Listener at 0.0.0.0/40115] INFO  server.Server (Server.java:doStart(399)) - Started @3074ms
2020-11-01 01:34:49,150 [Listener at 0.0.0.0/40115] INFO  impl.MetricsSinkAdapter (MetricsSinkAdapter.java:start(204)) - Sink prometheus started
2020-11-01 01:34:49,150 [Listener at 0.0.0.0/40115] INFO  impl.MetricsSystemImpl (MetricsSystemImpl.java:registerSink(301)) - Registered sink prometheus
2020-11-01 01:34:49,157 [Listener at 0.0.0.0/40115] INFO  http.BaseHttpServer (BaseHttpServer.java:updateConnectorAddress(327)) - HTTP server of scm listening at http://0.0.0.0:34917
2020-11-01 01:34:49,176 [Listener at 0.0.0.0/40115] WARN  server.ServerUtils (ServerUtils.java:getDBPath(225)) - ozone.om.db.dirs is not configured. We recommend adding this setting. Falling back to ozone.metadata.dirs instead.
2020-11-01 01:34:49,179 [org.apache.hadoop.util.JvmPauseMonitor$Monitor@561223d9] INFO  util.JvmPauseMonitor (JvmPauseMonitor.java:run(188)) - Starting JVM pause monitor
2020-11-01 01:34:49,296 [Listener at 0.0.0.0/40115] INFO  ha.OMHANodeDetails (OMHANodeDetails.java:loadOMHAConfig(110)) - ServiceID for OzoneManager is om-service-test1
2020-11-01 01:34:49,299 [Listener at 0.0.0.0/40115] INFO  ha.OMHANodeDetails (OMHANodeDetails.java:loadOMHAConfig(188)) - Found matching OM address with OMServiceId: om-service-test1, OMNodeId: omNode-1, RPC Address: localhost:11316 and Ratis port: 11320
2020-11-01 01:34:49,301 [Listener at 0.0.0.0/40115] INFO  ha.OMHANodeDetails (OMHANodeDetails.java:setOMNodeSpecificConfigs(314)) - Setting configuration key ozone.om.http-address with value of key ozone.om.http-address.omNode-1: 127.0.0.1:11318
2020-11-01 01:34:49,303 [Listener at 0.0.0.0/40115] INFO  ha.OMHANodeDetails (OMHANodeDetails.java:setOMNodeSpecificConfigs(314)) - Setting configuration key ozone.om.https-address with value of key ozone.om.https-address.omNode-1: 127.0.0.1:11319
2020-11-01 01:34:49,303 [Listener at 0.0.0.0/40115] INFO  ha.OMHANodeDetails (OMHANodeDetails.java:setOMNodeSpecificConfigs(314)) - Setting configuration key ozone.om.address with value of key ozone.om.address.omNode-1: 127.0.0.1:11316
2020-11-01 01:34:49,304 [Listener at 0.0.0.0/40115] WARN  server.ServerUtils (ServerUtils.java:getDBPath(225)) - ozone.om.db.dirs is not configured. We recommend adding this setting. Falling back to ozone.metadata.dirs instead.
2020-11-01 01:34:49,305 [Listener at 0.0.0.0/40115] WARN  server.ServerUtils (ServerUtils.java:getDBPath(225)) - ozone.om.db.dirs is not configured. We recommend adding this setting. Falling back to ozone.metadata.dirs instead.
2020-11-01 01:34:50,061 [Listener at 0.0.0.0/40115] WARN  server.ServerUtils (ServerUtils.java:getDBPath(225)) - ozone.om.db.dirs is not configured. We recommend adding this setting. Falling back to ozone.metadata.dirs instead.
2020-11-01 01:34:50,069 [Listener at 0.0.0.0/40115] INFO  codec.OmKeyInfoCodec (OmKeyInfoCodec.java:<init>(41)) - OmKeyInfoCodec ignorePipeline = true
2020-11-01 01:34:50,070 [Listener at 0.0.0.0/40115] INFO  codec.RepeatedOmKeyInfoCodec (RepeatedOmKeyInfoCodec.java:<init>(40)) - RepeatedOmKeyInfoCodec ignorePipeline = true
2020-11-01 01:34:50,257 [Listener at 0.0.0.0/40115] INFO  om.OzoneManager (OzoneManager.java:addS3GVolumeToDB(3650)) - Created Volume s3v With Owner jenkins1001 required for S3Gateway operations.
2020-11-01 01:34:50,272 [Listener at 0.0.0.0/40115] INFO  metrics.MetricRegistries (MetricRegistriesLoader.java:load(64)) - Loaded MetricRegistries class org.apache.ratis.metrics.impl.MetricRegistriesImpl
2020-11-01 01:34:50,311 [Listener at 0.0.0.0/40115] WARN  server.ServerUtils (ServerUtils.java:getDefaultRatisDirectory(237)) - Storage directory for Ratis is not configured. It is a good idea to map this to an SSD disk. Falling back to ozone.metadata.dirs
2020-11-01 01:34:50,347 [Listener at 0.0.0.0/40115] INFO  ratis.OzoneManagerRatisServer (OzoneManagerRatisServer.java:<init>(270)) - Instantiating OM Ratis server with GroupID: om-service-test1 and Raft Peers: localhost:11320, localhost:11326, localhost:11332
2020-11-01 01:34:50,360 [Listener at 0.0.0.0/40115] INFO  ratis.OzoneManagerStateMachine (OzoneManagerStateMachine.java:loadSnapshotInfoFromDB(519)) - LastAppliedIndex is set from TransactionInfo from OM DB as (t:0, i:~)
2020-11-01 01:34:50,394 [Listener at 0.0.0.0/40115] INFO  impl.RaftServerProxy (ConfUtils.java:logGet(44)) - raft.rpc.type = GRPC (default)
2020-11-01 01:34:50,468 [Listener at 0.0.0.0/40115] INFO  grpc.GrpcFactory (GrpcFactory.java:checkPooledByteBufAllocatorUseCacheForAllThreads(45)) - PERFORMANCE WARNING: useCacheForAllThreads is true that may cause Netty to create a lot garbage objects and, as a result, trigger GC.
	It is recommended to disable useCacheForAllThreads by setting -Dorg.apache.ratis.thirdparty.io.netty.allocator.useCacheForAllThreads=false in command line.
2020-11-01 01:34:50,473 [Listener at 0.0.0.0/40115] INFO  grpc.GrpcConfigKeys (ConfUtils.java:logGet(44)) - raft.grpc.server.port = 11320 (custom)
2020-11-01 01:34:50,476 [Listener at 0.0.0.0/40115] INFO  server.GrpcService (ConfUtils.java:logGet(44)) - raft.grpc.message.size.max = 33554432 (custom)
2020-11-01 01:34:50,478 [Listener at 0.0.0.0/40115] INFO  server.RaftServerConfigKeys (ConfUtils.java:logGet(44)) - raft.server.log.appender.buffer.byte-limit = 33554432 (custom)
2020-11-01 01:34:50,479 [Listener at 0.0.0.0/40115] INFO  server.GrpcService (ConfUtils.java:logGet(44)) - raft.grpc.flow.control.window = 1MB (=1048576) (default)
2020-11-01 01:34:50,480 [Listener at 0.0.0.0/40115] INFO  server.RaftServerConfigKeys (ConfUtils.java:logGet(44)) - raft.server.rpc.request.timeout = 3000ms (default)
2020-11-01 01:34:50,675 [Listener at 0.0.0.0/40115] INFO  server.RaftServerConfigKeys (ConfUtils.java:logGet(44)) - raft.server.storage.dir = [/github/workspace/mnt/ozone/hadoop-ozone/integration-test/target/test-dir/MiniOzoneClusterImpl-ecf2639c-de0d-4ab3-a94d-e94508b7a11d/omNode-1/ratis] (custom)
2020-11-01 01:34:50,682 [Listener at 0.0.0.0/40115] INFO  impl.RaftServerProxy (RaftServerProxy.java:addNew(92)) - omNode-1: addNew group-523986131536:[omNode-3:localhost:11332:0, omNode-1:localhost:11320:0, omNode-2:localhost:11326:0] returns group-523986131536:java.util.concurrent.CompletableFuture@6d0455b3[Not completed]
2020-11-01 01:34:50,693 [Listener at 0.0.0.0/40115] INFO  om.OzoneManager (OzoneManager.java:initializeRatisServer(1281)) - OzoneManager Ratis server initialized at port 11320
2020-11-01 01:34:50,693 [Listener at 0.0.0.0/40115] WARN  server.ServerUtils (ServerUtils.java:getDefaultRatisDirectory(237)) - Storage directory for Ratis is not configured. It is a good idea to map this to an SSD disk. Falling back to ozone.metadata.dirs
2020-11-01 01:34:50,693 [Listener at 0.0.0.0/40115] WARN  server.ServerUtils (ServerUtils.java:getDefaultRatisDirectory(237)) - Storage directory for Ratis is not configured. It is a good idea to map this to an SSD disk. Falling back to ozone.metadata.dirs
2020-11-01 01:34:50,696 [Listener at 0.0.0.0/40115] INFO  snapshot.OzoneManagerSnapshotProvider (OzoneManagerSnapshotProvider.java:<init>(77)) - Initializing OM Snapshot Provider
2020-11-01 01:34:50,706 [pool-24-thread-1] INFO  impl.RaftServerImpl (RaftServerImpl.java:<init>(120)) - omNode-1: new RaftServerImpl for group-523986131536:[omNode-3:localhost:11332:0, omNode-1:localhost:11320:0, omNode-2:localhost:11326:0] with OzoneManagerStateMachine:uninitialized
2020-11-01 01:34:50,708 [pool-24-thread-1] INFO  server.RaftServerConfigKeys (ConfUtils.java:logGet(44)) - raft.server.rpc.timeout.min = 1s (custom)
2020-11-01 01:34:50,708 [pool-24-thread-1] INFO  server.RaftServerConfigKeys (ConfUtils.java:logGet(44)) - raft.server.rpc.timeout.max = 1200ms (custom)
2020-11-01 01:34:50,708 [pool-24-thread-1] INFO  server.RaftServerConfigKeys (ConfUtils.java:logGet(44)) - raft.server.rpcslowness.timeout = 2s (custom)
2020-11-01 01:34:50,708 [pool-24-thread-1] INFO  server.RaftServerConfigKeys (ConfUtils.java:logGet(44)) - raft.server.sleep.deviation.threshold = 300 (default)
2020-11-01 01:34:50,709 [pool-24-thread-1] INFO  server.RaftServerConfigKeys (ConfUtils.java:logGet(44)) - raft.server.log.appender.install.snapshot.enabled = false (custom)
2020-11-01 01:34:50,722 [pool-24-thread-1] INFO  impl.RaftServerImpl (ServerState.java:<init>(104)) - omNode-1@group-523986131536: ConfigurationManager, init=-1: [omNode-3:localhost:11332:0, omNode-1:localhost:11320:0, omNode-2:localhost:11326:0], old=null, confs=<EMPTY_MAP>
2020-11-01 01:34:50,723 [pool-24-thread-1] INFO  server.RaftServerConfigKeys (ConfUtils.java:logGet(44)) - raft.server.storage.dir = [/github/workspace/mnt/ozone/hadoop-ozone/integration-test/target/test-dir/MiniOzoneClusterImpl-ecf2639c-de0d-4ab3-a94d-e94508b7a11d/omNode-1/ratis] (custom)
2020-11-01 01:34:50,741 [pool-24-thread-1] INFO  server.RaftServerConfigKeys (ConfUtils.java:logGet(44)) - raft.server.log.corruption.policy = EXCEPTION (default)
2020-11-01 01:34:50,742 [pool-24-thread-1] INFO  storage.RaftStorageDirectory (RaftStorageDirectory.java:analyzeStorage(261)) - The storage directory /github/workspace/mnt/ozone/hadoop-ozone/integration-test/target/test-dir/MiniOzoneClusterImpl-ecf2639c-de0d-4ab3-a94d-e94508b7a11d/omNode-1/ratis/c9bc4cf4-3bc3-3c60-a66b-523986131536 does not exist. Creating ...
2020-11-01 01:34:50,754 [pool-24-thread-1] INFO  storage.RaftStorageDirectory (RaftStorageDirectory.java:tryLock(343)) - Lock on /github/workspace/mnt/ozone/hadoop-ozone/integration-test/target/test-dir/MiniOzoneClusterImpl-ecf2639c-de0d-4ab3-a94d-e94508b7a11d/omNode-1/ratis/c9bc4cf4-3bc3-3c60-a66b-523986131536/in_use.lock acquired by nodename 17732@6eaeb98a1ebc
2020-11-01 01:34:50,763 [pool-24-thread-1] INFO  storage.RaftStorage (RaftStorage.java:format(84)) - Storage directory /github/workspace/mnt/ozone/hadoop-ozone/integration-test/target/test-dir/MiniOzoneClusterImpl-ecf2639c-de0d-4ab3-a94d-e94508b7a11d/omNode-1/ratis/c9bc4cf4-3bc3-3c60-a66b-523986131536 has been successfully formatted.
2020-11-01 01:34:50,770 [pool-24-thread-1] INFO  server.RaftServerConfigKeys (ConfUtils.java:logGet(44)) - raft.server.notification.no-leader.timeout = 2s (custom)
2020-11-01 01:34:50,772 [pool-24-thread-1] INFO  server.RaftServerConfigKeys (ConfUtils.java:logGet(44)) - raft.server.log.use.memory = false (default)
2020-11-01 01:34:50,782 [pool-24-thread-1] INFO  server.RaftServerConfigKeys (ConfUtils.java:logGet(44)) - raft.server.log.purge.gap = 50 (custom)
2020-11-01 01:34:50,785 [pool-24-thread-1] INFO  metrics.RatisMetrics (RatisMetrics.java:lambda$create$0(36)) - Creating Metrics Registry : ratis.log_worker.omNode-1@group-523986131536
2020-11-01 01:34:50,800 [pool-24-thread-1] INFO  server.RaftServerConfigKeys (ConfUtils.java:logGet(44)) - raft.server.log.appender.buffer.byte-limit = 33554432 (custom)
2020-11-01 01:34:50,803 [pool-24-thread-1] INFO  server.RaftServerConfigKeys (ConfUtils.java:logGet(44)) - raft.server.log.segment.size.max = 4194304 (custom)
2020-11-01 01:34:50,820 [pool-24-thread-1] INFO  server.RaftServerConfigKeys (ConfUtils.java:logGet(44)) - raft.server.log.segment.cache.num.max = 2 (custom)
2020-11-01 01:34:50,832 [pool-24-thread-1] INFO  segmented.SegmentedRaftLogWorker (SegmentedRaftLogWorker.java:<init>(180)) - new omNode-1@group-523986131536-SegmentedRaftLogWorker for RaftStorage:Storage Directory /github/workspace/mnt/ozone/hadoop-ozone/integration-test/target/test-dir/MiniOzoneClusterImpl-ecf2639c-de0d-4ab3-a94d-e94508b7a11d/omNode-1/ratis/c9bc4cf4-3bc3-3c60-a66b-523986131536
2020-11-01 01:34:50,845 [pool-24-thread-1] INFO  server.RaftServerConfigKeys (ConfUtils.java:logGet(44)) - raft.server.log.queue.byte-limit = 64MB (=67108864) (default)
2020-11-01 01:34:50,845 [pool-24-thread-1] INFO  server.RaftServerConfigKeys (ConfUtils.java:logGet(44)) - raft.server.log.queue.element-limit = 4096 (default)
2020-11-01 01:34:50,846 [pool-24-thread-1] INFO  server.RaftServerConfigKeys (ConfUtils.java:logGet(44)) - raft.server.log.segment.size.max = 4194304 (custom)
2020-11-01 01:34:50,847 [pool-24-thread-1] INFO  server.RaftServerConfigKeys (ConfUtils.java:logGet(44)) - raft.server.log.preallocated.size = 4194304 (custom)
2020-11-01 01:34:50,847 [pool-24-thread-1] INFO  server.RaftServerConfigKeys (ConfUtils.java:logGet(44)) - raft.server.log.write.buffer.size = 64KB (=65536) (default)
2020-11-01 01:34:50,847 [pool-24-thread-1] INFO  server.RaftServerConfigKeys (ConfUtils.java:logGet(44)) - raft.server.log.force.sync.num = 128 (default)
2020-11-01 01:34:50,849 [pool-24-thread-1] INFO  server.RaftServerConfigKeys (ConfUtils.java:logGet(44)) - raft.server.log.statemachine.data.sync = true (default)
2020-11-01 01:34:50,857 [pool-24-thread-1] INFO  server.RaftServerConfigKeys (ConfUtils.java:logGet(44)) - raft.server.log.statemachine.data.sync.timeout = 10s (default)
2020-11-01 01:34:50,857 [pool-24-thread-1] INFO  server.RaftServerConfigKeys (ConfUtils.java:logGet(44)) - raft.server.log.statemachine.data.sync.timeout.retry = -1 (default)
2020-11-01 01:34:50,886 [pool-24-thread-1] INFO  server.RaftServerConfigKeys (ConfUtils.java:logGet(44)) - raft.server.log.statemachine.data.caching.enabled = false (default)
2020-11-01 01:34:50,891 [pool-24-thread-1] INFO  segmented.SegmentedRaftLogWorker (SegmentedRaftLogWorker.java:lambda$new$0(129)) - omNode-1@group-523986131536-SegmentedRaftLogWorker: flushIndex: setUnconditionally 0 -> -1
2020-11-01 01:34:50,901 [pool-24-thread-1] INFO  segmented.SegmentedRaftLogWorker (SegmentedRaftLogWorker.java:lambda$new$0(129)) - omNode-1@group-523986131536-SegmentedRaftLogWorker: safeCacheEvictIndex: setUnconditionally 0 -> -1
2020-11-01 01:34:50,913 [pool-24-thread-1] INFO  server.RaftServerConfigKeys (ConfUtils.java:logGet(44)) - raft.server.snapshot.auto.trigger.enabled = true (custom)
2020-11-01 01:34:50,916 [pool-24-thread-1] INFO  server.RaftServerConfigKeys (ConfUtils.java:logGet(44)) - raft.server.snapshot.auto.trigger.threshold = 50 (custom)
2020-11-01 01:34:50,918 [pool-24-thread-1] INFO  server.RaftServerConfigKeys (ConfUtils.java:logGet(44)) - raft.server.snapshot.retention.file.num = -1 (default)
2020-11-01 01:34:50,927 [pool-24-thread-1] INFO  server.RaftServerConfigKeys (ConfUtils.java:logGet(44)) - raft.server.log.purge.upto.snapshot.index = true (custom)
2020-11-01 01:34:50,927 [pool-24-thread-1] INFO  server.RaftServerConfigKeys (ConfUtils.java:logGet(44)) - raft.server.retrycache.expirytime = 600000ms (custom)
2020-11-01 01:34:50,940 [Listener at 0.0.0.0/40115] INFO  ipc.CallQueueManager (CallQueueManager.java:<init>(84)) - Using callQueue: class java.util.concurrent.LinkedBlockingQueue, queueCapacity: 2000, scheduler: class org.apache.hadoop.ipc.DefaultRpcScheduler, ipcBackoff: false.
2020-11-01 01:34:50,953 [Socket Reader #1 for port 11316] INFO  ipc.Server (Server.java:run(1219)) - Starting Socket Reader #1 for port 11316
2020-11-01 01:34:50,957 [pool-24-thread-1] INFO  metrics.RatisMetrics (RatisMetrics.java:lambda$create$0(36)) - Creating Metrics Registry : ratis.leader_election.omNode-1@group-523986131536
2020-11-01 01:34:50,972 [pool-24-thread-1] INFO  metrics.RatisMetrics (RatisMetrics.java:lambda$create$0(36)) - Creating Metrics Registry : ratis.server.omNode-1@group-523986131536
2020-11-01 01:34:51,002 [Listener at 127.0.0.1/11316] INFO  impl.MetricsSystemImpl (MetricsSystemImpl.java:init(158)) - OzoneManager metrics system started (again)
2020-11-01 01:34:51,004 [Listener at 127.0.0.1/11316] INFO  om.OzoneManager (OzoneManager.java:start(1135)) - OzoneManager RPC server is listening at localhost/127.0.0.1:11316
2020-11-01 01:34:51,005 [Listener at 127.0.0.1/11316] INFO  ratis.OzoneManagerRatisServer (OzoneManagerRatisServer.java:start(372)) - Starting OzoneManagerRatisServer omNode-1 at port 11320
2020-11-01 01:34:51,007 [Listener at 127.0.0.1/11316] INFO  impl.RaftServerImpl (RaftServerImpl.java:start(209)) - omNode-1@group-523986131536: start as a follower, conf=-1: [omNode-3:localhost:11332:0, omNode-1:localhost:11320:0, omNode-2:localhost:11326:0], old=null
2020-11-01 01:34:51,010 [Listener at 127.0.0.1/11316] INFO  impl.RaftServerImpl (RaftServerImpl.java:setRole(198)) - omNode-1@group-523986131536: changes role from      null to FOLLOWER at term 0 for startAsFollower
2020-11-01 01:34:51,011 [Listener at 127.0.0.1/11316] INFO  impl.RoleInfo (RoleInfo.java:updateAndGet(143)) - omNode-1: start FollowerState
2020-11-01 01:34:51,013 [Listener at 127.0.0.1/11316] INFO  util.JmxRegister (JmxRegister.java:tryRegister(44)) - Successfully registered JMX Bean with object name Ratis:service=RaftServer,group=group-523986131536,id=omNode-1
2020-11-01 01:34:51,014 [Listener at 127.0.0.1/11316] INFO  metrics.RatisMetrics (RatisMetrics.java:lambda$create$0(36)) - Creating Metrics Registry : ratis.state_machine.omNode-1@group-523986131536
2020-11-01 01:34:51,021 [Listener at 127.0.0.1/11316] INFO  impl.RaftServerProxy (RaftServerProxy.java:lambda$start$3(307)) - omNode-1: start RPC server
2020-11-01 01:34:51,110 [Listener at 127.0.0.1/11316] INFO  server.GrpcService (GrpcService.java:startImpl(177)) - omNode-1: GrpcService started, listening on 0.0.0.0/0.0.0.0:11320
2020-11-01 01:34:51,126 [Listener at 127.0.0.1/11316] INFO  http.BaseHttpServer (BaseHttpServer.java:newHttpServer2BuilderForOzone(207)) - Starting Web-server for ozoneManager at: http://0.0.0.0:11318
2020-11-01 01:34:51,127 [Listener at 127.0.0.1/11316] INFO  http.BaseHttpServer (BaseHttpServer.java:<init>(106)) - Hadoop Security Enabled: false Ozone Security Enabled: false Ozone HTTP Security Enabled: false 
2020-11-01 01:34:51,128 [Listener at 127.0.0.1/11316] INFO  server.AuthenticationFilter (AuthenticationFilter.java:constructSecretProvider(240)) - Unable to initialize FileSignerSecretProvider, falling back to use random secrets.
2020-11-01 01:34:51,137 [Listener at 127.0.0.1/11316] WARN  http.HttpRequestLog (HttpRequestLog.java:getRequestLog(103)) - Jetty request log can only be enabled using Log4j
2020-11-01 01:34:51,138 [Listener at 127.0.0.1/11316] INFO  http.HttpServer2 (HttpServer2.java:addGlobalFilter(1019)) - Added global filter 'safety' (class=org.apache.hadoop.hdds.server.http.HttpServer2$QuotingInputFilter)
2020-11-01 01:34:51,139 [Listener at 127.0.0.1/11316] INFO  http.HttpServer2 (HttpServer2.java:addFilter(995)) - Added filter static_user_filter (class=org.apache.hadoop.http.lib.StaticUserWebFilter$StaticUserFilter) to context ozoneManager
2020-11-01 01:34:51,139 [Listener at 127.0.0.1/11316] INFO  http.HttpServer2 (HttpServer2.java:addFilter(1003)) - Added filter static_user_filter (class=org.apache.hadoop.http.lib.StaticUserWebFilter$StaticUserFilter) to context logs
2020-11-01 01:34:51,139 [Listener at 127.0.0.1/11316] INFO  http.HttpServer2 (HttpServer2.java:addFilter(1003)) - Added filter static_user_filter (class=org.apache.hadoop.http.lib.StaticUserWebFilter$StaticUserFilter) to context static
2020-11-01 01:34:51,146 [Listener at 127.0.0.1/11316] INFO  http.HttpServer2 (HttpServer2.java:bindListener(1237)) - Jetty bound to port 11318
2020-11-01 01:34:51,146 [Listener at 127.0.0.1/11316] INFO  server.Server (Server.java:doStart(359)) - jetty-9.4.26.v20200117; built: 2020-01-17T12:35:33.676Z; git: 7b38981d25d14afb4a12ff1f2596756144edf695; jvm 1.8.0_232-b09
2020-11-01 01:34:51,157 [Listener at 127.0.0.1/11316] INFO  server.session (DefaultSessionIdManager.java:doStart(333)) - DefaultSessionIdManager workerName=node0
2020-11-01 01:34:51,157 [Listener at 127.0.0.1/11316] INFO  server.session (DefaultSessionIdManager.java:doStart(338)) - No SessionScavenger set, using defaults
2020-11-01 01:34:51,157 [Listener at 127.0.0.1/11316] INFO  server.session (HouseKeeper.java:startScavenging(140)) - node0 Scavenging every 600000ms
2020-11-01 01:34:51,167 [Listener at 127.0.0.1/11316] INFO  handler.ContextHandler (ContextHandler.java:doStart(825)) - Started o.e.j.s.ServletContextHandler@5c987f1b{logs,/logs,file:///github/workspace/mnt/ozone/hadoop-ozone/integration-test/target/log,AVAILABLE}
2020-11-01 01:34:51,168 [Listener at 127.0.0.1/11316] INFO  handler.ContextHandler (ContextHandler.java:doStart(825)) - Started o.e.j.s.ServletContextHandler@394ebdaa{static,/static,file:///github/workspace/mnt/ozone/hadoop-ozone/integration-test/target/test-classes/webapps/static,AVAILABLE}
2020-11-01 01:34:51,172 [Listener at 127.0.0.1/11316] INFO  handler.ContextHandler (ContextHandler.java:doStart(825)) - Started o.e.j.w.WebAppContext@3e227dd8{ozoneManager,/,file:///github/workspace/mnt/ozone/hadoop-ozone/integration-test/target/test-classes/webapps/ozoneManager/,AVAILABLE}{file:/github/workspace/mnt/ozone/hadoop-ozone/integration-test/target/test-classes/webapps/ozoneManager}
2020-11-01 01:34:51,174 [Listener at 127.0.0.1/11316] INFO  server.AbstractConnector (AbstractConnector.java:doStart(330)) - Started ServerConnector@28f1cb1d{HTTP/1.1,[http/1.1]}{0.0.0.0:11318}
2020-11-01 01:34:51,175 [Listener at 127.0.0.1/11316] INFO  server.Server (Server.java:doStart(399)) - Started @5104ms
2020-11-01 01:34:51,175 [Listener at 127.0.0.1/11316] WARN  impl.MetricsSystemImpl (MetricsSystemImpl.java:register(276)) - Sink prometheus already exists!
2020-11-01 01:34:51,180 [Listener at 127.0.0.1/11316] INFO  http.BaseHttpServer (BaseHttpServer.java:updateConnectorAddress(327)) - HTTP server of ozoneManager listening at http://0.0.0.0:11318
2020-11-01 01:34:51,189 [IPC Server Responder] INFO  ipc.Server (Server.java:run(1460)) - IPC Server Responder: starting
2020-11-01 01:34:51,201 [IPC Server listener on 11316] INFO  ipc.Server (Server.java:run(1298)) - IPC Server listener on 11316: starting
2020-11-01 01:34:51,210 [Listener at 127.0.0.1/11316] INFO  ozone.MiniOzoneHAClusterImpl (MiniOzoneHAClusterImpl.java:createOMService(380)) - Started OzoneManager RPC server at localhost/127.0.0.1:11316
2020-11-01 01:34:51,211 [Listener at 127.0.0.1/11316] WARN  server.ServerUtils (ServerUtils.java:getDBPath(225)) - ozone.om.db.dirs is not configured. We recommend adding this setting. Falling back to ozone.metadata.dirs instead.
2020-11-01 01:34:51,217 [org.apache.hadoop.util.JvmPauseMonitor$Monitor@64d085c0] INFO  util.JvmPauseMonitor (JvmPauseMonitor.java:run(188)) - Starting JVM pause monitor
2020-11-01 01:34:51,217 [Listener at 127.0.0.1/11316] INFO  ha.OMHANodeDetails (OMHANodeDetails.java:loadOMHAConfig(110)) - ServiceID for OzoneManager is om-service-test1
2020-11-01 01:34:51,219 [Listener at 127.0.0.1/11316] INFO  ha.OMHANodeDetails (OMHANodeDetails.java:loadOMHAConfig(188)) - Found matching OM address with OMServiceId: om-service-test1, OMNodeId: omNode-2, RPC Address: localhost:11322 and Ratis port: 11326
2020-11-01 01:34:51,219 [Listener at 127.0.0.1/11316] INFO  ha.OMHANodeDetails (OMHANodeDetails.java:setOMNodeSpecificConfigs(314)) - Setting configuration key ozone.om.http-address with value of key ozone.om.http-address.omNode-2: 127.0.0.1:11324
2020-11-01 01:34:51,220 [Listener at 127.0.0.1/11316] INFO  ha.OMHANodeDetails (OMHANodeDetails.java:setOMNodeSpecificConfigs(314)) - Setting configuration key ozone.om.https-address with value of key ozone.om.https-address.omNode-2: 127.0.0.1:11325
2020-11-01 01:34:51,220 [Listener at 127.0.0.1/11316] INFO  ha.OMHANodeDetails (OMHANodeDetails.java:setOMNodeSpecificConfigs(314)) - Setting configuration key ozone.om.address with value of key ozone.om.address.omNode-2: 127.0.0.1:11322
2020-11-01 01:34:51,220 [Listener at 127.0.0.1/11316] WARN  server.ServerUtils (ServerUtils.java:getDBPath(225)) - ozone.om.db.dirs is not configured. We recommend adding this setting. Falling back to ozone.metadata.dirs instead.
2020-11-01 01:34:51,220 [Listener at 127.0.0.1/11316] WARN  server.ServerUtils (ServerUtils.java:getDBPath(225)) - ozone.om.db.dirs is not configured. We recommend adding this setting. Falling back to ozone.metadata.dirs instead.
2020-11-01 01:34:51,225 [Listener at 127.0.0.1/11316] WARN  server.ServerUtils (ServerUtils.java:getDBPath(225)) - ozone.om.db.dirs is not configured. We recommend adding this setting. Falling back to ozone.metadata.dirs instead.
2020-11-01 01:34:51,226 [Listener at 127.0.0.1/11316] INFO  codec.OmKeyInfoCodec (OmKeyInfoCodec.java:<init>(41)) - OmKeyInfoCodec ignorePipeline = true
2020-11-01 01:34:51,226 [Listener at 127.0.0.1/11316] INFO  codec.RepeatedOmKeyInfoCodec (RepeatedOmKeyInfoCodec.java:<init>(40)) - RepeatedOmKeyInfoCodec ignorePipeline = true
2020-11-01 01:34:51,291 [Listener at 127.0.0.1/11316] INFO  om.OzoneManager (OzoneManager.java:addS3GVolumeToDB(3650)) - Created Volume s3v With Owner jenkins1001 required for S3Gateway operations.
2020-11-01 01:34:51,291 [Listener at 127.0.0.1/11316] WARN  server.ServerUtils (ServerUtils.java:getDefaultRatisDirectory(237)) - Storage directory for Ratis is not configured. It is a good idea to map this to an SSD disk. Falling back to ozone.metadata.dirs
2020-11-01 01:34:51,292 [Listener at 127.0.0.1/11316] INFO  ratis.OzoneManagerRatisServer (OzoneManagerRatisServer.java:<init>(270)) - Instantiating OM Ratis server with GroupID: om-service-test1 and Raft Peers: localhost:11326, localhost:11320, localhost:11332
2020-11-01 01:34:51,292 [Listener at 127.0.0.1/11316] INFO  ratis.OzoneManagerStateMachine (OzoneManagerStateMachine.java:loadSnapshotInfoFromDB(519)) - LastAppliedIndex is set from TransactionInfo from OM DB as (t:0, i:~)
2020-11-01 01:34:51,293 [Listener at 127.0.0.1/11316] INFO  impl.RaftServerProxy (ConfUtils.java:logGet(44)) - raft.rpc.type = GRPC (default)
2020-11-01 01:34:51,293 [Listener at 127.0.0.1/11316] INFO  grpc.GrpcFactory (GrpcFactory.java:checkPooledByteBufAllocatorUseCacheForAllThreads(45)) - PERFORMANCE WARNING: useCacheForAllThreads is true that may cause Netty to create a lot garbage objects and, as a result, trigger GC.
	It is recommended to disable useCacheForAllThreads by setting -Dorg.apache.ratis.thirdparty.io.netty.allocator.useCacheForAllThreads=false in command line.
2020-11-01 01:34:51,293 [Listener at 127.0.0.1/11316] INFO  grpc.GrpcConfigKeys (ConfUtils.java:logGet(44)) - raft.grpc.server.port = 11326 (custom)
2020-11-01 01:34:51,293 [Listener at 127.0.0.1/11316] INFO  server.GrpcService (ConfUtils.java:logGet(44)) - raft.grpc.message.size.max = 33554432 (custom)
2020-11-01 01:34:51,294 [Listener at 127.0.0.1/11316] INFO  server.RaftServerConfigKeys (ConfUtils.java:logGet(44)) - raft.server.log.appender.buffer.byte-limit = 33554432 (custom)
2020-11-01 01:34:51,294 [Listener at 127.0.0.1/11316] INFO  server.GrpcService (ConfUtils.java:logGet(44)) - raft.grpc.flow.control.window = 1MB (=1048576) (default)
2020-11-01 01:34:51,294 [Listener at 127.0.0.1/11316] INFO  server.RaftServerConfigKeys (ConfUtils.java:logGet(44)) - raft.server.rpc.request.timeout = 3000ms (default)
2020-11-01 01:34:51,295 [Listener at 127.0.0.1/11316] INFO  server.RaftServerConfigKeys (ConfUtils.java:logGet(44)) - raft.server.storage.dir = [/github/workspace/mnt/ozone/hadoop-ozone/integration-test/target/test-dir/MiniOzoneClusterImpl-ecf2639c-de0d-4ab3-a94d-e94508b7a11d/omNode-2/ratis] (custom)
2020-11-01 01:34:51,297 [Listener at 127.0.0.1/11316] INFO  impl.RaftServerProxy (RaftServerProxy.java:addNew(92)) - omNode-2: addNew group-523986131536:[omNode-3:localhost:11332:0, omNode-1:localhost:11320:0, omNode-2:localhost:11326:0] returns group-523986131536:java.util.concurrent.CompletableFuture@6d9ccac5[Not completed]
2020-11-01 01:34:51,297 [pool-42-thread-1] INFO  impl.RaftServerImpl (RaftServerImpl.java:<init>(120)) - omNode-2: new RaftServerImpl for group-523986131536:[omNode-3:localhost:11332:0, omNode-1:localhost:11320:0, omNode-2:localhost:11326:0] with OzoneManagerStateMachine:uninitialized
2020-11-01 01:34:51,301 [Listener at 127.0.0.1/11316] INFO  om.OzoneManager (OzoneManager.java:initializeRatisServer(1281)) - OzoneManager Ratis server initialized at port 11326
2020-11-01 01:34:51,301 [Listener at 127.0.0.1/11316] WARN  server.ServerUtils (ServerUtils.java:getDefaultRatisDirectory(237)) - Storage directory for Ratis is not configured. It is a good idea to map this to an SSD disk. Falling back to ozone.metadata.dirs
2020-11-01 01:34:51,301 [Listener at 127.0.0.1/11316] WARN  server.ServerUtils (ServerUtils.java:getDefaultRatisDirectory(237)) - Storage directory for Ratis is not configured. It is a good idea to map this to an SSD disk. Falling back to ozone.metadata.dirs
2020-11-01 01:34:51,301 [Listener at 127.0.0.1/11316] INFO  snapshot.OzoneManagerSnapshotProvider (OzoneManagerSnapshotProvider.java:<init>(77)) - Initializing OM Snapshot Provider
2020-11-01 01:34:51,309 [pool-42-thread-1] INFO  server.RaftServerConfigKeys (ConfUtils.java:logGet(44)) - raft.server.rpc.timeout.min = 1s (custom)
2020-11-01 01:34:51,309 [pool-42-thread-1] INFO  server.RaftServerConfigKeys (ConfUtils.java:logGet(44)) - raft.server.rpc.timeout.max = 1200ms (custom)
2020-11-01 01:34:51,309 [pool-42-thread-1] INFO  server.RaftServerConfigKeys (ConfUtils.java:logGet(44)) - raft.server.rpcslowness.timeout = 2s (custom)
2020-11-01 01:34:51,309 [pool-42-thread-1] INFO  server.RaftServerConfigKeys (ConfUtils.java:logGet(44)) - raft.server.sleep.deviation.threshold = 300 (default)
2020-11-01 01:34:51,309 [pool-42-thread-1] INFO  server.RaftServerConfigKeys (ConfUtils.java:logGet(44)) - raft.server.log.appender.install.snapshot.enabled = false (custom)
2020-11-01 01:34:51,310 [pool-42-thread-1] INFO  impl.RaftServerImpl (ServerState.java:<init>(104)) - omNode-2@group-523986131536: ConfigurationManager, init=-1: [omNode-3:localhost:11332:0, omNode-1:localhost:11320:0, omNode-2:localhost:11326:0], old=null, confs=<EMPTY_MAP>
2020-11-01 01:34:51,310 [pool-42-thread-1] INFO  server.RaftServerConfigKeys (ConfUtils.java:logGet(44)) - raft.server.storage.dir = [/github/workspace/mnt/ozone/hadoop-ozone/integration-test/target/test-dir/MiniOzoneClusterImpl-ecf2639c-de0d-4ab3-a94d-e94508b7a11d/omNode-2/ratis] (custom)
2020-11-01 01:34:51,310 [pool-42-thread-1] INFO  server.RaftServerConfigKeys (ConfUtils.java:logGet(44)) - raft.server.log.corruption.policy = EXCEPTION (default)
2020-11-01 01:34:51,310 [Listener at 127.0.0.1/11316] INFO  ipc.CallQueueManager (CallQueueManager.java:<init>(84)) - Using callQueue: class java.util.concurrent.LinkedBlockingQueue, queueCapacity: 2000, scheduler: class org.apache.hadoop.ipc.DefaultRpcScheduler, ipcBackoff: false.
2020-11-01 01:34:51,311 [Socket Reader #1 for port 11322] INFO  ipc.Server (Server.java:run(1219)) - Starting Socket Reader #1 for port 11322
2020-11-01 01:34:51,310 [pool-42-thread-1] INFO  storage.RaftStorageDirectory (RaftStorageDirectory.java:analyzeStorage(261)) - The storage directory /github/workspace/mnt/ozone/hadoop-ozone/integration-test/target/test-dir/MiniOzoneClusterImpl-ecf2639c-de0d-4ab3-a94d-e94508b7a11d/omNode-2/ratis/c9bc4cf4-3bc3-3c60-a66b-523986131536 does not exist. Creating ...
2020-11-01 01:34:51,322 [pool-42-thread-1] INFO  storage.RaftStorageDirectory (RaftStorageDirectory.java:tryLock(343)) - Lock on /github/workspace/mnt/ozone/hadoop-ozone/integration-test/target/test-dir/MiniOzoneClusterImpl-ecf2639c-de0d-4ab3-a94d-e94508b7a11d/omNode-2/ratis/c9bc4cf4-3bc3-3c60-a66b-523986131536/in_use.lock acquired by nodename 17732@6eaeb98a1ebc
2020-11-01 01:34:51,323 [pool-42-thread-1] INFO  storage.RaftStorage (RaftStorage.java:format(84)) - Storage directory /github/workspace/mnt/ozone/hadoop-ozone/integration-test/target/test-dir/MiniOzoneClusterImpl-ecf2639c-de0d-4ab3-a94d-e94508b7a11d/omNode-2/ratis/c9bc4cf4-3bc3-3c60-a66b-523986131536 has been successfully formatted.
2020-11-01 01:34:51,325 [pool-42-thread-1] INFO  server.RaftServerConfigKeys (ConfUtils.java:logGet(44)) - raft.server.notification.no-leader.timeout = 2s (custom)
2020-11-01 01:34:51,325 [pool-42-thread-1] INFO  server.RaftServerConfigKeys (ConfUtils.java:logGet(44)) - raft.server.log.use.memory = false (default)
2020-11-01 01:34:51,325 [pool-42-thread-1] INFO  server.RaftServerConfigKeys (ConfUtils.java:logGet(44)) - raft.server.log.purge.gap = 50 (custom)
2020-11-01 01:34:51,325 [pool-42-thread-1] INFO  metrics.RatisMetrics (RatisMetrics.java:lambda$create$0(36)) - Creating Metrics Registry : ratis.log_worker.omNode-2@group-523986131536
2020-11-01 01:34:51,326 [pool-42-thread-1] INFO  server.RaftServerConfigKeys (ConfUtils.java:logGet(44)) - raft.server.log.appender.buffer.byte-limit = 33554432 (custom)
2020-11-01 01:34:51,326 [pool-42-thread-1] INFO  server.RaftServerConfigKeys (ConfUtils.java:logGet(44)) - raft.server.log.segment.size.max = 4194304 (custom)
2020-11-01 01:34:51,326 [pool-42-thread-1] INFO  server.RaftServerConfigKeys (ConfUtils.java:logGet(44)) - raft.server.log.segment.cache.num.max = 2 (custom)
2020-11-01 01:34:51,327 [pool-42-thread-1] INFO  segmented.SegmentedRaftLogWorker (SegmentedRaftLogWorker.java:<init>(180)) - new omNode-2@group-523986131536-SegmentedRaftLogWorker for RaftStorage:Storage Directory /github/workspace/mnt/ozone/hadoop-ozone/integration-test/target/test-dir/MiniOzoneClusterImpl-ecf2639c-de0d-4ab3-a94d-e94508b7a11d/omNode-2/ratis/c9bc4cf4-3bc3-3c60-a66b-523986131536
2020-11-01 01:34:51,327 [pool-42-thread-1] INFO  server.RaftServerConfigKeys (ConfUtils.java:logGet(44)) - raft.server.log.queue.byte-limit = 64MB (=67108864) (default)
2020-11-01 01:34:51,329 [pool-42-thread-1] INFO  server.RaftServerConfigKeys (ConfUtils.java:logGet(44)) - raft.server.log.queue.element-limit = 4096 (default)
2020-11-01 01:34:51,329 [pool-42-thread-1] INFO  server.RaftServerConfigKeys (ConfUtils.java:logGet(44)) - raft.server.log.segment.size.max = 4194304 (custom)
2020-11-01 01:34:51,329 [pool-42-thread-1] INFO  server.RaftServerConfigKeys (ConfUtils.java:logGet(44)) - raft.server.log.preallocated.size = 4194304 (custom)
2020-11-01 01:34:51,329 [pool-42-thread-1] INFO  server.RaftServerConfigKeys (ConfUtils.java:logGet(44)) - raft.server.log.write.buffer.size = 64KB (=65536) (default)
2020-11-01 01:34:51,329 [pool-42-thread-1] INFO  server.RaftServerConfigKeys (ConfUtils.java:logGet(44)) - raft.server.log.force.sync.num = 128 (default)
2020-11-01 01:34:51,329 [pool-42-thread-1] INFO  server.RaftServerConfigKeys (ConfUtils.java:logGet(44)) - raft.server.log.statemachine.data.sync = true (default)
2020-11-01 01:34:51,330 [pool-42-thread-1] INFO  server.RaftServerConfigKeys (ConfUtils.java:logGet(44)) - raft.server.log.statemachine.data.sync.timeout = 10s (default)
2020-11-01 01:34:51,330 [pool-42-thread-1] INFO  server.RaftServerConfigKeys (ConfUtils.java:logGet(44)) - raft.server.log.statemachine.data.sync.timeout.retry = -1 (default)
2020-11-01 01:34:51,331 [pool-42-thread-1] INFO  server.RaftServerConfigKeys (ConfUtils.java:logGet(44)) - raft.server.log.statemachine.data.caching.enabled = false (default)
2020-11-01 01:34:51,331 [pool-42-thread-1] INFO  segmented.SegmentedRaftLogWorker (SegmentedRaftLogWorker.java:lambda$new$0(129)) - omNode-2@group-523986131536-SegmentedRaftLogWorker: flushIndex: setUnconditionally 0 -> -1
2020-11-01 01:34:51,331 [pool-42-thread-1] INFO  segmented.SegmentedRaftLogWorker (SegmentedRaftLogWorker.java:lambda$new$0(129)) - omNode-2@group-523986131536-SegmentedRaftLogWorker: safeCacheEvictIndex: setUnconditionally 0 -> -1
2020-11-01 01:34:51,341 [pool-42-thread-1] INFO  server.RaftServerConfigKeys (ConfUtils.java:logGet(44)) - raft.server.snapshot.auto.trigger.enabled = true (custom)
2020-11-01 01:34:51,341 [pool-42-thread-1] INFO  server.RaftServerConfigKeys (ConfUtils.java:logGet(44)) - raft.server.snapshot.auto.trigger.threshold = 50 (custom)
2020-11-01 01:34:51,341 [pool-42-thread-1] INFO  server.RaftServerConfigKeys (ConfUtils.java:logGet(44)) - raft.server.snapshot.retention.file.num = -1 (default)
2020-11-01 01:34:51,341 [Listener at 127.0.0.1/11322] INFO  impl.MetricsSystemImpl (MetricsSystemImpl.java:init(158)) - OzoneManager metrics system started (again)
2020-11-01 01:34:51,341 [pool-42-thread-1] INFO  server.RaftServerConfigKeys (ConfUtils.java:logGet(44)) - raft.server.log.purge.upto.snapshot.index = true (custom)
2020-11-01 01:34:51,341 [pool-42-thread-1] INFO  server.RaftServerConfigKeys (ConfUtils.java:logGet(44)) - raft.server.retrycache.expirytime = 600000ms (custom)
2020-11-01 01:34:51,342 [pool-42-thread-1] INFO  metrics.RatisMetrics (RatisMetrics.java:lambda$create$0(36)) - Creating Metrics Registry : ratis.leader_election.omNode-2@group-523986131536
2020-11-01 01:34:51,342 [pool-42-thread-1] INFO  metrics.RatisMetrics (RatisMetrics.java:lambda$create$0(36)) - Creating Metrics Registry : ratis.server.omNode-2@group-523986131536
2020-11-01 01:34:51,344 [Listener at 127.0.0.1/11322] INFO  om.OzoneManager (OzoneManager.java:start(1135)) - OzoneManager RPC server is listening at localhost/127.0.0.1:11322
2020-11-01 01:34:51,344 [Listener at 127.0.0.1/11322] INFO  ratis.OzoneManagerRatisServer (OzoneManagerRatisServer.java:start(372)) - Starting OzoneManagerRatisServer omNode-2 at port 11326
2020-11-01 01:34:51,345 [Listener at 127.0.0.1/11322] INFO  impl.RaftServerImpl (RaftServerImpl.java:start(209)) - omNode-2@group-523986131536: start as a follower, conf=-1: [omNode-3:localhost:11332:0, omNode-1:localhost:11320:0, omNode-2:localhost:11326:0], old=null
2020-11-01 01:34:51,345 [Listener at 127.0.0.1/11322] INFO  impl.RaftServerImpl (RaftServerImpl.java:setRole(198)) - omNode-2@group-523986131536: changes role from      null to FOLLOWER at term 0 for startAsFollower
2020-11-01 01:34:51,345 [Listener at 127.0.0.1/11322] INFO  impl.RoleInfo (RoleInfo.java:updateAndGet(143)) - omNode-2: start FollowerState
2020-11-01 01:34:51,349 [Listener at 127.0.0.1/11322] INFO  util.JmxRegister (JmxRegister.java:tryRegister(44)) - Successfully registered JMX Bean with object name Ratis:service=RaftServer,group=group-523986131536,id=omNode-2
2020-11-01 01:34:51,349 [Listener at 127.0.0.1/11322] INFO  metrics.RatisMetrics (RatisMetrics.java:lambda$create$0(36)) - Creating Metrics Registry : ratis.state_machine.omNode-2@group-523986131536
2020-11-01 01:34:51,353 [Listener at 127.0.0.1/11322] INFO  impl.RaftServerProxy (RaftServerProxy.java:lambda$start$3(307)) - omNode-2: start RPC server
2020-11-01 01:34:51,355 [Listener at 127.0.0.1/11322] INFO  server.GrpcService (GrpcService.java:startImpl(177)) - omNode-2: GrpcService started, listening on 0.0.0.0/0.0.0.0:11326
2020-11-01 01:34:51,425 [Listener at 127.0.0.1/11322] INFO  http.BaseHttpServer (BaseHttpServer.java:newHttpServer2BuilderForOzone(207)) - Starting Web-server for ozoneManager at: http://0.0.0.0:11324
2020-11-01 01:34:51,425 [Listener at 127.0.0.1/11322] INFO  http.BaseHttpServer (BaseHttpServer.java:<init>(106)) - Hadoop Security Enabled: false Ozone Security Enabled: false Ozone HTTP Security Enabled: false 
2020-11-01 01:34:51,426 [Listener at 127.0.0.1/11322] INFO  server.AuthenticationFilter (AuthenticationFilter.java:constructSecretProvider(240)) - Unable to initialize FileSignerSecretProvider, falling back to use random secrets.
2020-11-01 01:34:51,427 [Listener at 127.0.0.1/11322] WARN  http.HttpRequestLog (HttpRequestLog.java:getRequestLog(103)) - Jetty request log can only be enabled using Log4j
2020-11-01 01:34:51,428 [Listener at 127.0.0.1/11322] INFO  http.HttpServer2 (HttpServer2.java:addGlobalFilter(1019)) - Added global filter 'safety' (class=org.apache.hadoop.hdds.server.http.HttpServer2$QuotingInputFilter)
2020-11-01 01:34:51,428 [Listener at 127.0.0.1/11322] INFO  http.HttpServer2 (HttpServer2.java:addFilter(995)) - Added filter static_user_filter (class=org.apache.hadoop.http.lib.StaticUserWebFilter$StaticUserFilter) to context ozoneManager
2020-11-01 01:34:51,429 [Listener at 127.0.0.1/11322] INFO  http.HttpServer2 (HttpServer2.java:addFilter(1003)) - Added filter static_user_filter (class=org.apache.hadoop.http.lib.StaticUserWebFilter$StaticUserFilter) to context static
2020-11-01 01:34:51,429 [Listener at 127.0.0.1/11322] INFO  http.HttpServer2 (HttpServer2.java:addFilter(1003)) - Added filter static_user_filter (class=org.apache.hadoop.http.lib.StaticUserWebFilter$StaticUserFilter) to context logs
2020-11-01 01:34:51,429 [Listener at 127.0.0.1/11322] INFO  http.HttpServer2 (HttpServer2.java:bindListener(1237)) - Jetty bound to port 11324
2020-11-01 01:34:51,430 [Listener at 127.0.0.1/11322] INFO  server.Server (Server.java:doStart(359)) - jetty-9.4.26.v20200117; built: 2020-01-17T12:35:33.676Z; git: 7b38981d25d14afb4a12ff1f2596756144edf695; jvm 1.8.0_232-b09
2020-11-01 01:34:51,434 [Listener at 127.0.0.1/11322] INFO  server.session (DefaultSessionIdManager.java:doStart(333)) - DefaultSessionIdManager workerName=node0
2020-11-01 01:34:51,434 [Listener at 127.0.0.1/11322] INFO  server.session (DefaultSessionIdManager.java:doStart(338)) - No SessionScavenger set, using defaults
2020-11-01 01:34:51,434 [Listener at 127.0.0.1/11322] INFO  server.session (HouseKeeper.java:startScavenging(140)) - node0 Scavenging every 660000ms
2020-11-01 01:34:51,435 [Listener at 127.0.0.1/11322] INFO  handler.ContextHandler (ContextHandler.java:doStart(825)) - Started o.e.j.s.ServletContextHandler@67b8406b{logs,/logs,file:///github/workspace/mnt/ozone/hadoop-ozone/integration-test/target/log,AVAILABLE}
2020-11-01 01:34:51,436 [Listener at 127.0.0.1/11322] INFO  handler.ContextHandler (ContextHandler.java:doStart(825)) - Started o.e.j.s.ServletContextHandler@16a7dad6{static,/static,file:///github/workspace/mnt/ozone/hadoop-ozone/integration-test/target/test-classes/webapps/static,AVAILABLE}
2020-11-01 01:34:51,440 [Listener at 127.0.0.1/11322] INFO  handler.ContextHandler (ContextHandler.java:doStart(825)) - Started o.e.j.w.WebAppContext@91ff39b{ozoneManager,/,file:///github/workspace/mnt/ozone/hadoop-ozone/integration-test/target/test-classes/webapps/ozoneManager/,AVAILABLE}{file:/github/workspace/mnt/ozone/hadoop-ozone/integration-test/target/test-classes/webapps/ozoneManager}
2020-11-01 01:34:51,442 [Listener at 127.0.0.1/11322] INFO  server.AbstractConnector (AbstractConnector.java:doStart(330)) - Started ServerConnector@799422dd{HTTP/1.1,[http/1.1]}{0.0.0.0:11324}
2020-11-01 01:34:51,443 [Listener at 127.0.0.1/11322] INFO  server.Server (Server.java:doStart(399)) - Started @5373ms
2020-11-01 01:34:51,444 [Listener at 127.0.0.1/11322] WARN  impl.MetricsSystemImpl (MetricsSystemImpl.java:register(276)) - Sink prometheus already exists!
2020-11-01 01:34:51,512 [Listener at 127.0.0.1/11322] INFO  http.BaseHttpServer (BaseHttpServer.java:updateConnectorAddress(327)) - HTTP server of ozoneManager listening at http://0.0.0.0:11324
2020-11-01 01:34:51,512 [IPC Server Responder] INFO  ipc.Server (Server.java:run(1460)) - IPC Server Responder: starting
2020-11-01 01:34:51,513 [IPC Server listener on 11322] INFO  ipc.Server (Server.java:run(1298)) - IPC Server listener on 11322: starting
2020-11-01 01:34:51,520 [Listener at 127.0.0.1/11322] INFO  ozone.MiniOzoneHAClusterImpl (MiniOzoneHAClusterImpl.java:createOMService(380)) - Started OzoneManager RPC server at localhost/127.0.0.1:11322
2020-11-01 01:34:51,520 [org.apache.hadoop.util.JvmPauseMonitor$Monitor@3d6bc748] INFO  util.JvmPauseMonitor (JvmPauseMonitor.java:run(188)) - Starting JVM pause monitor
2020-11-01 01:34:51,521 [Listener at 127.0.0.1/11322] WARN  server.ServerUtils (ServerUtils.java:getDBPath(225)) - ozone.om.db.dirs is not configured. We recommend adding this setting. Falling back to ozone.metadata.dirs instead.
2020-11-01 01:34:51,523 [Listener at 127.0.0.1/11322] INFO  ha.OMHANodeDetails (OMHANodeDetails.java:loadOMHAConfig(110)) - ServiceID for OzoneManager is om-service-test1
2020-11-01 01:34:51,523 [Listener at 127.0.0.1/11322] INFO  ha.OMHANodeDetails (OMHANodeDetails.java:loadOMHAConfig(188)) - Found matching OM address with OMServiceId: om-service-test1, OMNodeId: omNode-3, RPC Address: localhost:11328 and Ratis port: 11332
2020-11-01 01:34:51,524 [Listener at 127.0.0.1/11322] INFO  ha.OMHANodeDetails (OMHANodeDetails.java:setOMNodeSpecificConfigs(314)) - Setting configuration key ozone.om.http-address with value of key ozone.om.http-address.omNode-3: 127.0.0.1:11330
2020-11-01 01:34:51,524 [Listener at 127.0.0.1/11322] INFO  ha.OMHANodeDetails (OMHANodeDetails.java:setOMNodeSpecificConfigs(314)) - Setting configuration key ozone.om.https-address with value of key ozone.om.https-address.omNode-3: 127.0.0.1:11331
2020-11-01 01:34:51,524 [Listener at 127.0.0.1/11322] INFO  ha.OMHANodeDetails (OMHANodeDetails.java:setOMNodeSpecificConfigs(314)) - Setting configuration key ozone.om.address with value of key ozone.om.address.omNode-3: 127.0.0.1:11328
2020-11-01 01:34:51,524 [Listener at 127.0.0.1/11322] WARN  server.ServerUtils (ServerUtils.java:getDBPath(225)) - ozone.om.db.dirs is not configured. We recommend adding this setting. Falling back to ozone.metadata.dirs instead.
2020-11-01 01:34:51,524 [Listener at 127.0.0.1/11322] WARN  server.ServerUtils (ServerUtils.java:getDBPath(225)) - ozone.om.db.dirs is not configured. We recommend adding this setting. Falling back to ozone.metadata.dirs instead.
2020-11-01 01:34:51,532 [Listener at 127.0.0.1/11322] WARN  server.ServerUtils (ServerUtils.java:getDBPath(225)) - ozone.om.db.dirs is not configured. We recommend adding this setting. Falling back to ozone.metadata.dirs instead.
2020-11-01 01:34:51,532 [Listener at 127.0.0.1/11322] INFO  codec.OmKeyInfoCodec (OmKeyInfoCodec.java:<init>(41)) - OmKeyInfoCodec ignorePipeline = true
2020-11-01 01:34:51,532 [Listener at 127.0.0.1/11322] INFO  codec.RepeatedOmKeyInfoCodec (RepeatedOmKeyInfoCodec.java:<init>(40)) - RepeatedOmKeyInfoCodec ignorePipeline = true
2020-11-01 01:34:51,594 [Listener at 127.0.0.1/11322] INFO  om.OzoneManager (OzoneManager.java:addS3GVolumeToDB(3650)) - Created Volume s3v With Owner jenkins1001 required for S3Gateway operations.
2020-11-01 01:34:51,595 [Listener at 127.0.0.1/11322] WARN  server.ServerUtils (ServerUtils.java:getDefaultRatisDirectory(237)) - Storage directory for Ratis is not configured. It is a good idea to map this to an SSD disk. Falling back to ozone.metadata.dirs
2020-11-01 01:34:51,595 [Listener at 127.0.0.1/11322] INFO  ratis.OzoneManagerRatisServer (OzoneManagerRatisServer.java:<init>(270)) - Instantiating OM Ratis server with GroupID: om-service-test1 and Raft Peers: localhost:11332, localhost:11320, localhost:11326
2020-11-01 01:34:51,595 [Listener at 127.0.0.1/11322] INFO  ratis.OzoneManagerStateMachine (OzoneManagerStateMachine.java:loadSnapshotInfoFromDB(519)) - LastAppliedIndex is set from TransactionInfo from OM DB as (t:0, i:~)
2020-11-01 01:34:51,598 [Listener at 127.0.0.1/11322] INFO  impl.RaftServerProxy (ConfUtils.java:logGet(44)) - raft.rpc.type = GRPC (default)
2020-11-01 01:34:51,598 [Listener at 127.0.0.1/11322] INFO  grpc.GrpcFactory (GrpcFactory.java:checkPooledByteBufAllocatorUseCacheForAllThreads(45)) - PERFORMANCE WARNING: useCacheForAllThreads is true that may cause Netty to create a lot garbage objects and, as a result, trigger GC.
	It is recommended to disable useCacheForAllThreads by setting -Dorg.apache.ratis.thirdparty.io.netty.allocator.useCacheForAllThreads=false in command line.
2020-11-01 01:34:51,598 [Listener at 127.0.0.1/11322] INFO  grpc.GrpcConfigKeys (ConfUtils.java:logGet(44)) - raft.grpc.server.port = 11332 (custom)
2020-11-01 01:34:51,598 [Listener at 127.0.0.1/11322] INFO  server.GrpcService (ConfUtils.java:logGet(44)) - raft.grpc.message.size.max = 33554432 (custom)
2020-11-01 01:34:51,599 [Listener at 127.0.0.1/11322] INFO  server.RaftServerConfigKeys (ConfUtils.java:logGet(44)) - raft.server.log.appender.buffer.byte-limit = 33554432 (custom)
2020-11-01 01:34:51,599 [Listener at 127.0.0.1/11322] INFO  server.GrpcService (ConfUtils.java:logGet(44)) - raft.grpc.flow.control.window = 1MB (=1048576) (default)
2020-11-01 01:34:51,599 [Listener at 127.0.0.1/11322] INFO  server.RaftServerConfigKeys (ConfUtils.java:logGet(44)) - raft.server.rpc.request.timeout = 3000ms (default)
2020-11-01 01:34:51,601 [Listener at 127.0.0.1/11322] INFO  server.RaftServerConfigKeys (ConfUtils.java:logGet(44)) - raft.server.storage.dir = [/github/workspace/mnt/ozone/hadoop-ozone/integration-test/target/test-dir/MiniOzoneClusterImpl-ecf2639c-de0d-4ab3-a94d-e94508b7a11d/omNode-3/ratis] (custom)
2020-11-01 01:34:51,601 [Listener at 127.0.0.1/11322] INFO  impl.RaftServerProxy (RaftServerProxy.java:addNew(92)) - omNode-3: addNew group-523986131536:[omNode-3:localhost:11332:0, omNode-1:localhost:11320:0, omNode-2:localhost:11326:0] returns group-523986131536:java.util.concurrent.CompletableFuture@60436450[Not completed]
2020-11-01 01:34:51,601 [pool-58-thread-1] INFO  impl.RaftServerImpl (RaftServerImpl.java:<init>(120)) - omNode-3: new RaftServerImpl for group-523986131536:[omNode-3:localhost:11332:0, omNode-1:localhost:11320:0, omNode-2:localhost:11326:0] with OzoneManagerStateMachine:uninitialized
2020-11-01 01:34:51,602 [Listener at 127.0.0.1/11322] INFO  om.OzoneManager (OzoneManager.java:initializeRatisServer(1281)) - OzoneManager Ratis server initialized at port 11332
2020-11-01 01:34:51,602 [Listener at 127.0.0.1/11322] WARN  server.ServerUtils (ServerUtils.java:getDefaultRatisDirectory(237)) - Storage directory for Ratis is not configured. It is a good idea to map this to an SSD disk. Falling back to ozone.metadata.dirs
2020-11-01 01:34:51,602 [Listener at 127.0.0.1/11322] WARN  server.ServerUtils (ServerUtils.java:getDefaultRatisDirectory(237)) - Storage directory for Ratis is not configured. It is a good idea to map this to an SSD disk. Falling back to ozone.metadata.dirs
2020-11-01 01:34:51,602 [Listener at 127.0.0.1/11322] INFO  snapshot.OzoneManagerSnapshotProvider (OzoneManagerSnapshotProvider.java:<init>(77)) - Initializing OM Snapshot Provider
2020-11-01 01:34:51,604 [Listener at 127.0.0.1/11322] INFO  ipc.CallQueueManager (CallQueueManager.java:<init>(84)) - Using callQueue: class java.util.concurrent.LinkedBlockingQueue, queueCapacity: 2000, scheduler: class org.apache.hadoop.ipc.DefaultRpcScheduler, ipcBackoff: false.
2020-11-01 01:34:51,617 [pool-58-thread-1] INFO  server.RaftServerConfigKeys (ConfUtils.java:logGet(44)) - raft.server.rpc.timeout.min = 1s (custom)
2020-11-01 01:34:51,617 [pool-58-thread-1] INFO  server.RaftServerConfigKeys (ConfUtils.java:logGet(44)) - raft.server.rpc.timeout.max = 1200ms (custom)
2020-11-01 01:34:51,617 [pool-58-thread-1] INFO  server.RaftServerConfigKeys (ConfUtils.java:logGet(44)) - raft.server.rpcslowness.timeout = 2s (custom)
2020-11-01 01:34:51,618 [pool-58-thread-1] INFO  server.RaftServerConfigKeys (ConfUtils.java:logGet(44)) - raft.server.sleep.deviation.threshold = 300 (default)
2020-11-01 01:34:51,618 [pool-58-thread-1] INFO  server.RaftServerConfigKeys (ConfUtils.java:logGet(44)) - raft.server.log.appender.install.snapshot.enabled = false (custom)
2020-11-01 01:34:51,618 [pool-58-thread-1] INFO  impl.RaftServerImpl (ServerState.java:<init>(104)) - omNode-3@group-523986131536: ConfigurationManager, init=-1: [omNode-3:localhost:11332:0, omNode-1:localhost:11320:0, omNode-2:localhost:11326:0], old=null, confs=<EMPTY_MAP>
2020-11-01 01:34:51,618 [pool-58-thread-1] INFO  server.RaftServerConfigKeys (ConfUtils.java:logGet(44)) - raft.server.storage.dir = [/github/workspace/mnt/ozone/hadoop-ozone/integration-test/target/test-dir/MiniOzoneClusterImpl-ecf2639c-de0d-4ab3-a94d-e94508b7a11d/omNode-3/ratis] (custom)
2020-11-01 01:34:51,618 [Socket Reader #1 for port 11328] INFO  ipc.Server (Server.java:run(1219)) - Starting Socket Reader #1 for port 11328
2020-11-01 01:34:51,618 [pool-58-thread-1] INFO  server.RaftServerConfigKeys (ConfUtils.java:logGet(44)) - raft.server.log.corruption.policy = EXCEPTION (default)
2020-11-01 01:34:51,619 [pool-58-thread-1] INFO  storage.RaftStorageDirectory (RaftStorageDirectory.java:analyzeStorage(261)) - The storage directory /github/workspace/mnt/ozone/hadoop-ozone/integration-test/target/test-dir/MiniOzoneClusterImpl-ecf2639c-de0d-4ab3-a94d-e94508b7a11d/omNode-3/ratis/c9bc4cf4-3bc3-3c60-a66b-523986131536 does not exist. Creating ...
2020-11-01 01:34:51,622 [pool-58-thread-1] INFO  storage.RaftStorageDirectory (RaftStorageDirectory.java:tryLock(343)) - Lock on /github/workspace/mnt/ozone/hadoop-ozone/integration-test/target/test-dir/MiniOzoneClusterImpl-ecf2639c-de0d-4ab3-a94d-e94508b7a11d/omNode-3/ratis/c9bc4cf4-3bc3-3c60-a66b-523986131536/in_use.lock acquired by nodename 17732@6eaeb98a1ebc
2020-11-01 01:34:51,623 [pool-58-thread-1] INFO  storage.RaftStorage (RaftStorage.java:format(84)) - Storage directory /github/workspace/mnt/ozone/hadoop-ozone/integration-test/target/test-dir/MiniOzoneClusterImpl-ecf2639c-de0d-4ab3-a94d-e94508b7a11d/omNode-3/ratis/c9bc4cf4-3bc3-3c60-a66b-523986131536 has been successfully formatted.
2020-11-01 01:34:51,623 [pool-58-thread-1] INFO  server.RaftServerConfigKeys (ConfUtils.java:logGet(44)) - raft.server.notification.no-leader.timeout = 2s (custom)
2020-11-01 01:34:51,624 [pool-58-thread-1] INFO  server.RaftServerConfigKeys (ConfUtils.java:logGet(44)) - raft.server.log.use.memory = false (default)
2020-11-01 01:34:51,624 [pool-58-thread-1] INFO  server.RaftServerConfigKeys (ConfUtils.java:logGet(44)) - raft.server.log.purge.gap = 50 (custom)
2020-11-01 01:34:51,624 [pool-58-thread-1] INFO  metrics.RatisMetrics (RatisMetrics.java:lambda$create$0(36)) - Creating Metrics Registry : ratis.log_worker.omNode-3@group-523986131536
2020-11-01 01:34:51,624 [pool-58-thread-1] INFO  server.RaftServerConfigKeys (ConfUtils.java:logGet(44)) - raft.server.log.appender.buffer.byte-limit = 33554432 (custom)
2020-11-01 01:34:51,624 [pool-58-thread-1] INFO  server.RaftServerConfigKeys (ConfUtils.java:logGet(44)) - raft.server.log.segment.size.max = 4194304 (custom)
2020-11-01 01:34:51,625 [pool-58-thread-1] INFO  server.RaftServerConfigKeys (ConfUtils.java:logGet(44)) - raft.server.log.segment.cache.num.max = 2 (custom)
2020-11-01 01:34:51,625 [pool-58-thread-1] INFO  segmented.SegmentedRaftLogWorker (SegmentedRaftLogWorker.java:<init>(180)) - new omNode-3@group-523986131536-SegmentedRaftLogWorker for RaftStorage:Storage Directory /github/workspace/mnt/ozone/hadoop-ozone/integration-test/target/test-dir/MiniOzoneClusterImpl-ecf2639c-de0d-4ab3-a94d-e94508b7a11d/omNode-3/ratis/c9bc4cf4-3bc3-3c60-a66b-523986131536
2020-11-01 01:34:51,625 [pool-58-thread-1] INFO  server.RaftServerConfigKeys (ConfUtils.java:logGet(44)) - raft.server.log.queue.byte-limit = 64MB (=67108864) (default)
2020-11-01 01:34:51,625 [pool-58-thread-1] INFO  server.RaftServerConfigKeys (ConfUtils.java:logGet(44)) - raft.server.log.queue.element-limit = 4096 (default)
2020-11-01 01:34:51,625 [pool-58-thread-1] INFO  server.RaftServerConfigKeys (ConfUtils.java:logGet(44)) - raft.server.log.segment.size.max = 4194304 (custom)
2020-11-01 01:34:51,625 [pool-58-thread-1] INFO  server.RaftServerConfigKeys (ConfUtils.java:logGet(44)) - raft.server.log.preallocated.size = 4194304 (custom)
2020-11-01 01:34:51,626 [pool-58-thread-1] INFO  server.RaftServerConfigKeys (ConfUtils.java:logGet(44)) - raft.server.log.write.buffer.size = 64KB (=65536) (default)
2020-11-01 01:34:51,626 [pool-58-thread-1] INFO  server.RaftServerConfigKeys (ConfUtils.java:logGet(44)) - raft.server.log.force.sync.num = 128 (default)
2020-11-01 01:34:51,626 [pool-58-thread-1] INFO  server.RaftServerConfigKeys (ConfUtils.java:logGet(44)) - raft.server.log.statemachine.data.sync = true (default)
2020-11-01 01:34:51,626 [pool-58-thread-1] INFO  server.RaftServerConfigKeys (ConfUtils.java:logGet(44)) - raft.server.log.statemachine.data.sync.timeout = 10s (default)
2020-11-01 01:34:51,626 [pool-58-thread-1] INFO  server.RaftServerConfigKeys (ConfUtils.java:logGet(44)) - raft.server.log.statemachine.data.sync.timeout.retry = -1 (default)
2020-11-01 01:34:51,627 [pool-58-thread-1] INFO  server.RaftServerConfigKeys (ConfUtils.java:logGet(44)) - raft.server.log.statemachine.data.caching.enabled = false (default)
2020-11-01 01:34:51,629 [pool-58-thread-1] INFO  segmented.SegmentedRaftLogWorker (SegmentedRaftLogWorker.java:lambda$new$0(129)) - omNode-3@group-523986131536-SegmentedRaftLogWorker: flushIndex: setUnconditionally 0 -> -1
2020-11-01 01:34:51,629 [pool-58-thread-1] INFO  segmented.SegmentedRaftLogWorker (SegmentedRaftLogWorker.java:lambda$new$0(129)) - omNode-3@group-523986131536-SegmentedRaftLogWorker: safeCacheEvictIndex: setUnconditionally 0 -> -1
2020-11-01 01:34:51,632 [pool-58-thread-1] INFO  server.RaftServerConfigKeys (ConfUtils.java:logGet(44)) - raft.server.snapshot.auto.trigger.enabled = true (custom)
2020-11-01 01:34:51,632 [pool-58-thread-1] INFO  server.RaftServerConfigKeys (ConfUtils.java:logGet(44)) - raft.server.snapshot.auto.trigger.threshold = 50 (custom)
2020-11-01 01:34:51,632 [pool-58-thread-1] INFO  server.RaftServerConfigKeys (ConfUtils.java:logGet(44)) - raft.server.snapshot.retention.file.num = -1 (default)
2020-11-01 01:34:51,632 [pool-58-thread-1] INFO  server.RaftServerConfigKeys (ConfUtils.java:logGet(44)) - raft.server.log.purge.upto.snapshot.index = true (custom)
2020-11-01 01:34:51,633 [pool-58-thread-1] INFO  server.RaftServerConfigKeys (ConfUtils.java:logGet(44)) - raft.server.retrycache.expirytime = 600000ms (custom)
2020-11-01 01:34:51,633 [pool-58-thread-1] INFO  metrics.RatisMetrics (RatisMetrics.java:lambda$create$0(36)) - Creating Metrics Registry : ratis.leader_election.omNode-3@group-523986131536
2020-11-01 01:34:51,633 [pool-58-thread-1] INFO  metrics.RatisMetrics (RatisMetrics.java:lambda$create$0(36)) - Creating Metrics Registry : ratis.server.omNode-3@group-523986131536
2020-11-01 01:34:51,643 [Listener at 127.0.0.1/11328] INFO  impl.MetricsSystemImpl (MetricsSystemImpl.java:init(158)) - OzoneManager metrics system started (again)
2020-11-01 01:34:51,645 [Listener at 127.0.0.1/11328] INFO  om.OzoneManager (OzoneManager.java:start(1135)) - OzoneManager RPC server is listening at localhost/127.0.0.1:11328
2020-11-01 01:34:51,645 [Listener at 127.0.0.1/11328] INFO  ratis.OzoneManagerRatisServer (OzoneManagerRatisServer.java:start(372)) - Starting OzoneManagerRatisServer omNode-3 at port 11332
2020-11-01 01:34:51,646 [Listener at 127.0.0.1/11328] INFO  impl.RaftServerImpl (RaftServerImpl.java:start(209)) - omNode-3@group-523986131536: start as a follower, conf=-1: [omNode-3:localhost:11332:0, omNode-1:localhost:11320:0, omNode-2:localhost:11326:0], old=null
2020-11-01 01:34:51,646 [Listener at 127.0.0.1/11328] INFO  impl.RaftServerImpl (RaftServerImpl.java:setRole(198)) - omNode-3@group-523986131536: changes role from      null to FOLLOWER at term 0 for startAsFollower
2020-11-01 01:34:51,646 [Listener at 127.0.0.1/11328] INFO  impl.RoleInfo (RoleInfo.java:updateAndGet(143)) - omNode-3: start FollowerState
2020-11-01 01:34:51,647 [Listener at 127.0.0.1/11328] INFO  util.JmxRegister (JmxRegister.java:tryRegister(44)) - Successfully registered JMX Bean with object name Ratis:service=RaftServer,group=group-523986131536,id=omNode-3
2020-11-01 01:34:51,647 [Listener at 127.0.0.1/11328] INFO  metrics.RatisMetrics (RatisMetrics.java:lambda$create$0(36)) - Creating Metrics Registry : ratis.state_machine.omNode-3@group-523986131536
2020-11-01 01:34:51,654 [Listener at 127.0.0.1/11328] INFO  impl.RaftServerProxy (RaftServerProxy.java:lambda$start$3(307)) - omNode-3: start RPC server
2020-11-01 01:34:51,662 [Listener at 127.0.0.1/11328] INFO  server.GrpcService (GrpcService.java:startImpl(177)) - omNode-3: GrpcService started, listening on 0.0.0.0/0.0.0.0:11332
2020-11-01 01:34:51,669 [Listener at 127.0.0.1/11328] INFO  http.BaseHttpServer (BaseHttpServer.java:newHttpServer2BuilderForOzone(207)) - Starting Web-server for ozoneManager at: http://0.0.0.0:11330
2020-11-01 01:34:51,669 [Listener at 127.0.0.1/11328] INFO  http.BaseHttpServer (BaseHttpServer.java:<init>(106)) - Hadoop Security Enabled: false Ozone Security Enabled: false Ozone HTTP Security Enabled: false 
2020-11-01 01:34:51,671 [Listener at 127.0.0.1/11328] INFO  server.AuthenticationFilter (AuthenticationFilter.java:constructSecretProvider(240)) - Unable to initialize FileSignerSecretProvider, falling back to use random secrets.
2020-11-01 01:34:51,673 [Listener at 127.0.0.1/11328] WARN  http.HttpRequestLog (HttpRequestLog.java:getRequestLog(103)) - Jetty request log can only be enabled using Log4j
2020-11-01 01:34:51,673 [Listener at 127.0.0.1/11328] INFO  http.HttpServer2 (HttpServer2.java:addGlobalFilter(1019)) - Added global filter 'safety' (class=org.apache.hadoop.hdds.server.http.HttpServer2$QuotingInputFilter)
2020-11-01 01:34:51,674 [Listener at 127.0.0.1/11328] INFO  http.HttpServer2 (HttpServer2.java:addFilter(995)) - Added filter static_user_filter (class=org.apache.hadoop.http.lib.StaticUserWebFilter$StaticUserFilter) to context ozoneManager
2020-11-01 01:34:51,674 [Listener at 127.0.0.1/11328] INFO  http.HttpServer2 (HttpServer2.java:addFilter(1003)) - Added filter static_user_filter (class=org.apache.hadoop.http.lib.StaticUserWebFilter$StaticUserFilter) to context logs
2020-11-01 01:34:51,675 [Listener at 127.0.0.1/11328] INFO  http.HttpServer2 (HttpServer2.java:addFilter(1003)) - Added filter static_user_filter (class=org.apache.hadoop.http.lib.StaticUserWebFilter$StaticUserFilter) to context static
2020-11-01 01:34:51,675 [Listener at 127.0.0.1/11328] INFO  http.HttpServer2 (HttpServer2.java:bindListener(1237)) - Jetty bound to port 11330
2020-11-01 01:34:51,675 [Listener at 127.0.0.1/11328] INFO  server.Server (Server.java:doStart(359)) - jetty-9.4.26.v20200117; built: 2020-01-17T12:35:33.676Z; git: 7b38981d25d14afb4a12ff1f2596756144edf695; jvm 1.8.0_232-b09
2020-11-01 01:34:51,679 [Listener at 127.0.0.1/11328] INFO  server.session (DefaultSessionIdManager.java:doStart(333)) - DefaultSessionIdManager workerName=node0
2020-11-01 01:34:51,679 [Listener at 127.0.0.1/11328] INFO  server.session (DefaultSessionIdManager.java:doStart(338)) - No SessionScavenger set, using defaults
2020-11-01 01:34:51,680 [Listener at 127.0.0.1/11328] INFO  server.session (HouseKeeper.java:startScavenging(140)) - node0 Scavenging every 660000ms
2020-11-01 01:34:51,681 [Listener at 127.0.0.1/11328] INFO  handler.ContextHandler (ContextHandler.java:doStart(825)) - Started o.e.j.s.ServletContextHandler@205ef4f3{logs,/logs,file:///github/workspace/mnt/ozone/hadoop-ozone/integration-test/target/log,AVAILABLE}
2020-11-01 01:34:51,681 [Listener at 127.0.0.1/11328] INFO  handler.ContextHandler (ContextHandler.java:doStart(825)) - Started o.e.j.s.ServletContextHandler@26d9dc44{static,/static,file:///github/workspace/mnt/ozone/hadoop-ozone/integration-test/target/test-classes/webapps/static,AVAILABLE}
2020-11-01 01:34:51,685 [Listener at 127.0.0.1/11328] INFO  handler.ContextHandler (ContextHandler.java:doStart(825)) - Started o.e.j.w.WebAppContext@1e866823{ozoneManager,/,file:///github/workspace/mnt/ozone/hadoop-ozone/integration-test/target/test-classes/webapps/ozoneManager/,AVAILABLE}{file:/github/workspace/mnt/ozone/hadoop-ozone/integration-test/target/test-classes/webapps/ozoneManager}
2020-11-01 01:34:51,688 [Listener at 127.0.0.1/11328] INFO  server.AbstractConnector (AbstractConnector.java:doStart(330)) - Started ServerConnector@4acdd1bb{HTTP/1.1,[http/1.1]}{0.0.0.0:11330}
2020-11-01 01:34:51,688 [Listener at 127.0.0.1/11328] INFO  server.Server (Server.java:doStart(399)) - Started @5618ms
2020-11-01 01:34:51,689 [Listener at 127.0.0.1/11328] WARN  impl.MetricsSystemImpl (MetricsSystemImpl.java:register(276)) - Sink prometheus already exists!
2020-11-01 01:34:51,693 [Listener at 127.0.0.1/11328] INFO  http.BaseHttpServer (BaseHttpServer.java:updateConnectorAddress(327)) - HTTP server of ozoneManager listening at http://0.0.0.0:11330
2020-11-01 01:34:51,694 [IPC Server listener on 11328] INFO  ipc.Server (Server.java:run(1298)) - IPC Server listener on 11328: starting
2020-11-01 01:34:51,694 [IPC Server Responder] INFO  ipc.Server (Server.java:run(1460)) - IPC Server Responder: starting
2020-11-01 01:34:51,701 [Listener at 127.0.0.1/11328] INFO  ozone.MiniOzoneHAClusterImpl (MiniOzoneHAClusterImpl.java:createOMService(380)) - Started OzoneManager RPC server at localhost/127.0.0.1:11328
2020-11-01 01:34:51,715 [org.apache.hadoop.util.JvmPauseMonitor$Monitor@2971163e] INFO  util.JvmPauseMonitor (JvmPauseMonitor.java:run(188)) - Starting JVM pause monitor
2020-11-01 01:34:51,832 [Listener at 127.0.0.1/11328] INFO  impl.MetricsSystemImpl (MetricsSystemImpl.java:init(158)) - HddsDatanode metrics system started (again)
2020-11-01 01:34:51,837 [Listener at 127.0.0.1/11328] INFO  ozone.HddsDatanodeService (HddsDatanodeService.java:start(217)) - HddsDatanodeService host:6eaeb98a1ebc ip:172.17.0.2
2020-11-01 01:34:51,881 [Listener at 127.0.0.1/11328] INFO  volume.HddsVolume (HddsVolume.java:<init>(176)) - Creating Volume: /github/workspace/mnt/ozone/hadoop-ozone/integration-test/target/test-dir/MiniOzoneClusterImpl-ecf2639c-de0d-4ab3-a94d-e94508b7a11d/datanode-0/data-0/containers/hdds of storage type : DISK and capacity : 9223372036854775807
2020-11-01 01:34:51,884 [Listener at 127.0.0.1/11328] INFO  volume.MutableVolumeSet (MutableVolumeSet.java:initializeVolumeSet(179)) - Added Volume : /github/workspace/mnt/ozone/hadoop-ozone/integration-test/target/test-dir/MiniOzoneClusterImpl-ecf2639c-de0d-4ab3-a94d-e94508b7a11d/datanode-0/data-0/containers/hdds to VolumeSet
2020-11-01 01:34:51,885 [Listener at 127.0.0.1/11328] INFO  volume.ThrottledAsyncChecker (ThrottledAsyncChecker.java:schedule(141)) - Scheduling a check for /github/workspace/mnt/ozone/hadoop-ozone/integration-test/target/test-dir/MiniOzoneClusterImpl-ecf2639c-de0d-4ab3-a94d-e94508b7a11d/datanode-0/data-0/containers/hdds
2020-11-01 01:34:51,922 [Listener at 127.0.0.1/11328] INFO  volume.HddsVolumeChecker (HddsVolumeChecker.java:checkAllVolumes(200)) - Scheduled health check for volume /github/workspace/mnt/ozone/hadoop-ozone/integration-test/target/test-dir/MiniOzoneClusterImpl-ecf2639c-de0d-4ab3-a94d-e94508b7a11d/datanode-0/data-0/containers/hdds
2020-11-01 01:34:51,951 [Thread-208] INFO  ozoneimpl.ContainerReader (ContainerReader.java:readVolume(123)) - Start to verify containers on volume /github/workspace/mnt/ozone/hadoop-ozone/integration-test/target/test-dir/MiniOzoneClusterImpl-ecf2639c-de0d-4ab3-a94d-e94508b7a11d/datanode-0/data-0/containers/hdds
2020-11-01 01:34:51,951 [Thread-208] INFO  ozoneimpl.ContainerReader (ContainerReader.java:readVolume(148)) - Finish verifying containers on volume /github/workspace/mnt/ozone/hadoop-ozone/integration-test/target/test-dir/MiniOzoneClusterImpl-ecf2639c-de0d-4ab3-a94d-e94508b7a11d/datanode-0/data-0/containers/hdds
2020-11-01 01:34:51,951 [Listener at 127.0.0.1/11328] INFO  ozoneimpl.OzoneContainer (OzoneContainer.java:buildContainerSet(196)) - Build ContainerSet costs 0s
2020-11-01 01:34:52,032 [Listener at 127.0.0.1/11328] INFO  impl.RaftServerProxy (ConfUtils.java:logGet(44)) - raft.rpc.type = GRPC (default)
2020-11-01 01:34:52,032 [Listener at 127.0.0.1/11328] INFO  grpc.GrpcFactory (GrpcFactory.java:checkPooledByteBufAllocatorUseCacheForAllThreads(45)) - PERFORMANCE WARNING: useCacheForAllThreads is true that may cause Netty to create a lot garbage objects and, as a result, trigger GC.
	It is recommended to disable useCacheForAllThreads by setting -Dorg.apache.ratis.thirdparty.io.netty.allocator.useCacheForAllThreads=false in command line.
2020-11-01 01:34:52,032 [Listener at 127.0.0.1/11328] INFO  grpc.GrpcConfigKeys (ConfUtils.java:logGet(44)) - raft.grpc.server.port = 0 (default)
2020-11-01 01:34:52,032 [Listener at 127.0.0.1/11328] INFO  server.GrpcService (ConfUtils.java:logGet(44)) - raft.grpc.message.size.max = 32MB (=33554432) (custom)
2020-11-01 01:34:52,033 [Listener at 127.0.0.1/11328] INFO  server.RaftServerConfigKeys (ConfUtils.java:logGet(44)) - raft.server.log.appender.buffer.byte-limit = 33554432 (custom)
2020-11-01 01:34:52,033 [Listener at 127.0.0.1/11328] INFO  server.GrpcService (ConfUtils.java:logGet(44)) - raft.grpc.flow.control.window = 5MB (=5242880) (custom)
2020-11-01 01:34:52,033 [Listener at 127.0.0.1/11328] INFO  server.RaftServerConfigKeys (ConfUtils.java:logGet(44)) - raft.server.rpc.request.timeout = 60s (custom)
2020-11-01 01:34:52,034 [Listener at 127.0.0.1/11328] INFO  server.RaftServerConfigKeys (ConfUtils.java:logGet(44)) - raft.server.storage.dir = [/github/workspace/mnt/ozone/hadoop-ozone/integration-test/target/test-dir/MiniOzoneClusterImpl-ecf2639c-de0d-4ab3-a94d-e94508b7a11d/datanode-0/data/ratis] (custom)
2020-11-01 01:34:52,099 [Thread-99] INFO  impl.FollowerState (FollowerState.java:run(108)) - omNode-1@group-523986131536-FollowerState: change to CANDIDATE, lastRpcTime:1088ms, electionTimeout:1074ms
2020-11-01 01:34:52,118 [Thread-99] INFO  impl.RoleInfo (RoleInfo.java:shutdownFollowerState(121)) - omNode-1: shutdown FollowerState
2020-11-01 01:34:52,118 [Thread-99] INFO  impl.RaftServerImpl (RaftServerImpl.java:setRole(198)) - omNode-1@group-523986131536: changes role from  FOLLOWER to CANDIDATE at term 0 for changeToCandidate
2020-11-01 01:34:52,121 [Thread-99] INFO  impl.RoleInfo (RoleInfo.java:updateAndGet(143)) - omNode-1: start LeaderElection
2020-11-01 01:34:52,129 [Listener at 127.0.0.1/11328] INFO  http.BaseHttpServer (BaseHttpServer.java:newHttpServer2BuilderForOzone(207)) - Starting Web-server for hddsDatanode at: http://0.0.0.0:0
2020-11-01 01:34:52,129 [Listener at 127.0.0.1/11328] INFO  http.BaseHttpServer (BaseHttpServer.java:<init>(106)) - Hadoop Security Enabled: false Ozone Security Enabled: false Ozone HTTP Security Enabled: false 
2020-11-01 01:34:52,130 [Listener at 127.0.0.1/11328] INFO  server.AuthenticationFilter (AuthenticationFilter.java:constructSecretProvider(240)) - Unable to initialize FileSignerSecretProvider, falling back to use random secrets.
2020-11-01 01:34:52,132 [Listener at 127.0.0.1/11328] WARN  http.HttpRequestLog (HttpRequestLog.java:getRequestLog(103)) - Jetty request log can only be enabled using Log4j
2020-11-01 01:34:52,133 [Listener at 127.0.0.1/11328] INFO  http.HttpServer2 (HttpServer2.java:addGlobalFilter(1019)) - Added global filter 'safety' (class=org.apache.hadoop.hdds.server.http.HttpServer2$QuotingInputFilter)
2020-11-01 01:34:52,134 [Listener at 127.0.0.1/11328] INFO  http.HttpServer2 (HttpServer2.java:addFilter(995)) - Added filter static_user_filter (class=org.apache.hadoop.http.lib.StaticUserWebFilter$StaticUserFilter) to context hddsDatanode
2020-11-01 01:34:52,134 [Listener at 127.0.0.1/11328] INFO  http.HttpServer2 (HttpServer2.java:addFilter(1003)) - Added filter static_user_filter (class=org.apache.hadoop.http.lib.StaticUserWebFilter$StaticUserFilter) to context static
2020-11-01 01:34:52,134 [Listener at 127.0.0.1/11328] INFO  http.HttpServer2 (HttpServer2.java:addFilter(1003)) - Added filter static_user_filter (class=org.apache.hadoop.http.lib.StaticUserWebFilter$StaticUserFilter) to context logs
2020-11-01 01:34:52,135 [Listener at 127.0.0.1/11328] INFO  http.HttpServer2 (HttpServer2.java:bindListener(1237)) - Jetty bound to port 35177
2020-11-01 01:34:52,135 [Listener at 127.0.0.1/11328] INFO  server.Server (Server.java:doStart(359)) - jetty-9.4.26.v20200117; built: 2020-01-17T12:35:33.676Z; git: 7b38981d25d14afb4a12ff1f2596756144edf695; jvm 1.8.0_232-b09
2020-11-01 01:34:52,146 [omNode-1@group-523986131536-LeaderElection1] INFO  impl.LeaderElection (LeaderElection.java:askForVotes(210)) - omNode-1@group-523986131536-LeaderElection1: begin an election at term 1 for -1: [omNode-3:localhost:11332:0, omNode-1:localhost:11320:0, omNode-2:localhost:11326:0], old=null
2020-11-01 01:34:52,172 [Listener at 127.0.0.1/11328] INFO  server.session (DefaultSessionIdManager.java:doStart(333)) - DefaultSessionIdManager workerName=node0
2020-11-01 01:34:52,172 [Listener at 127.0.0.1/11328] INFO  server.session (DefaultSessionIdManager.java:doStart(338)) - No SessionScavenger set, using defaults
2020-11-01 01:34:52,172 [Listener at 127.0.0.1/11328] INFO  server.session (HouseKeeper.java:startScavenging(140)) - node0 Scavenging every 660000ms
2020-11-01 01:34:52,180 [Listener at 127.0.0.1/11328] INFO  handler.ContextHandler (ContextHandler.java:doStart(825)) - Started o.e.j.s.ServletContextHandler@71e8fa57{logs,/logs,file:///github/workspace/mnt/ozone/hadoop-ozone/integration-test/target/log,AVAILABLE}
2020-11-01 01:34:52,181 [Listener at 127.0.0.1/11328] INFO  handler.ContextHandler (ContextHandler.java:doStart(825)) - Started o.e.j.s.ServletContextHandler@12c04b09{static,/static,jar:file:/home/user/.m2/repository/org/apache/hadoop/hadoop-hdds-container-service/1.1.0-SNAPSHOT/hadoop-hdds-container-service-1.1.0-SNAPSHOT.jar!/webapps/static,AVAILABLE}
2020-11-01 01:34:52,527 [Thread-137] INFO  impl.FollowerState (FollowerState.java:run(108)) - omNode-2@group-523986131536-FollowerState: change to CANDIDATE, lastRpcTime:1181ms, electionTimeout:1174ms
2020-11-01 01:34:52,528 [Thread-137] INFO  impl.RoleInfo (RoleInfo.java:shutdownFollowerState(121)) - omNode-2: shutdown FollowerState
2020-11-01 01:34:52,528 [Thread-137] INFO  impl.RaftServerImpl (RaftServerImpl.java:setRole(198)) - omNode-2@group-523986131536: changes role from  FOLLOWER to CANDIDATE at term 0 for changeToCandidate
2020-11-01 01:34:52,528 [Thread-137] INFO  impl.RoleInfo (RoleInfo.java:updateAndGet(143)) - omNode-2: start LeaderElection
2020-11-01 01:34:52,546 [omNode-2@group-523986131536-LeaderElection2] INFO  impl.LeaderElection (LeaderElection.java:askForVotes(210)) - omNode-2@group-523986131536-LeaderElection2: begin an election at term 1 for -1: [omNode-3:localhost:11332:0, omNode-1:localhost:11320:0, omNode-2:localhost:11326:0], old=null
2020-11-01 01:34:52,579 [Listener at 127.0.0.1/11328] INFO  handler.ContextHandler (ContextHandler.java:doStart(825)) - Started o.e.j.w.WebAppContext@3724bbc3{hddsDatanode,/,file:///tmp/jetty-0_0_0_0-35177-hadoop-hdds-container-service-1_1_0-SNAPSHOT_jar-_-any-2888732643120124799.dir/webapp/,AVAILABLE}{jar:file:/home/user/.m2/repository/org/apache/hadoop/hadoop-hdds-container-service/1.1.0-SNAPSHOT/hadoop-hdds-container-service-1.1.0-SNAPSHOT.jar!/webapps/hddsDatanode}
2020-11-01 01:34:52,587 [Listener at 127.0.0.1/11328] INFO  server.AbstractConnector (AbstractConnector.java:doStart(330)) - Started ServerConnector@5d60a497{HTTP/1.1,[http/1.1]}{0.0.0.0:35177}
2020-11-01 01:34:52,588 [Listener at 127.0.0.1/11328] INFO  server.Server (Server.java:doStart(399)) - Started @6517ms
2020-11-01 01:34:52,588 [Listener at 127.0.0.1/11328] WARN  impl.MetricsSystemImpl (MetricsSystemImpl.java:register(276)) - Sink prometheus already exists!
2020-11-01 01:34:52,593 [Listener at 127.0.0.1/11328] INFO  http.BaseHttpServer (BaseHttpServer.java:updateConnectorAddress(327)) - HTTP server of hddsDatanode listening at http://0.0.0.0:35177
2020-11-01 01:34:52,606 [Listener at 127.0.0.1/11328] INFO  impl.MetricsSystemImpl (MetricsSystemImpl.java:init(158)) - HddsDatanode metrics system started (again)
2020-11-01 01:34:52,608 [Listener at 127.0.0.1/11328] INFO  ozone.HddsDatanodeService (HddsDatanodeService.java:start(217)) - HddsDatanodeService host:6eaeb98a1ebc ip:172.17.0.2
2020-11-01 01:34:52,618 [Listener at 127.0.0.1/11328] INFO  volume.HddsVolume (HddsVolume.java:<init>(176)) - Creating Volume: /github/workspace/mnt/ozone/hadoop-ozone/integration-test/target/test-dir/MiniOzoneClusterImpl-ecf2639c-de0d-4ab3-a94d-e94508b7a11d/datanode-1/data-0/containers/hdds of storage type : DISK and capacity : 9223372036854775807
2020-11-01 01:34:52,618 [Listener at 127.0.0.1/11328] INFO  volume.MutableVolumeSet (MutableVolumeSet.java:initializeVolumeSet(179)) - Added Volume : /github/workspace/mnt/ozone/hadoop-ozone/integration-test/target/test-dir/MiniOzoneClusterImpl-ecf2639c-de0d-4ab3-a94d-e94508b7a11d/datanode-1/data-0/containers/hdds to VolumeSet
2020-11-01 01:34:52,618 [Listener at 127.0.0.1/11328] INFO  volume.ThrottledAsyncChecker (ThrottledAsyncChecker.java:schedule(141)) - Scheduling a check for /github/workspace/mnt/ozone/hadoop-ozone/integration-test/target/test-dir/MiniOzoneClusterImpl-ecf2639c-de0d-4ab3-a94d-e94508b7a11d/datanode-1/data-0/containers/hdds
2020-11-01 01:34:52,641 [Listener at 127.0.0.1/11328] INFO  volume.HddsVolumeChecker (HddsVolumeChecker.java:checkAllVolumes(200)) - Scheduled health check for volume /github/workspace/mnt/ozone/hadoop-ozone/integration-test/target/test-dir/MiniOzoneClusterImpl-ecf2639c-de0d-4ab3-a94d-e94508b7a11d/datanode-1/data-0/containers/hdds
2020-11-01 01:34:52,666 [org.apache.hadoop.util.JvmPauseMonitor$Monitor@7c71c5b2] INFO  util.JvmPauseMonitor (JvmPauseMonitor.java:run(188)) - Starting JVM pause monitor
2020-11-01 01:34:52,675 [Thread-225] INFO  ozoneimpl.ContainerReader (ContainerReader.java:readVolume(123)) - Start to verify containers on volume /github/workspace/mnt/ozone/hadoop-ozone/integration-test/target/test-dir/MiniOzoneClusterImpl-ecf2639c-de0d-4ab3-a94d-e94508b7a11d/datanode-1/data-0/containers/hdds
2020-11-01 01:34:52,686 [Thread-225] INFO  ozoneimpl.ContainerReader (ContainerReader.java:readVolume(148)) - Finish verifying containers on volume /github/workspace/mnt/ozone/hadoop-ozone/integration-test/target/test-dir/MiniOzoneClusterImpl-ecf2639c-de0d-4ab3-a94d-e94508b7a11d/datanode-1/data-0/containers/hdds
2020-11-01 01:34:52,686 [Listener at 127.0.0.1/11328] INFO  ozoneimpl.OzoneContainer (OzoneContainer.java:buildContainerSet(196)) - Build ContainerSet costs 0s
2020-11-01 01:34:52,694 [Listener at 127.0.0.1/11328] INFO  impl.RaftServerProxy (ConfUtils.java:logGet(44)) - raft.rpc.type = GRPC (default)
2020-11-01 01:34:52,695 [Listener at 127.0.0.1/11328] INFO  grpc.GrpcFactory (GrpcFactory.java:checkPooledByteBufAllocatorUseCacheForAllThreads(45)) - PERFORMANCE WARNING: useCacheForAllThreads is true that may cause Netty to create a lot garbage objects and, as a result, trigger GC.
	It is recommended to disable useCacheForAllThreads by setting -Dorg.apache.ratis.thirdparty.io.netty.allocator.useCacheForAllThreads=false in command line.
2020-11-01 01:34:52,695 [Listener at 127.0.0.1/11328] INFO  grpc.GrpcConfigKeys (ConfUtils.java:logGet(44)) - raft.grpc.server.port = 0 (default)
2020-11-01 01:34:52,695 [Listener at 127.0.0.1/11328] INFO  server.GrpcService (ConfUtils.java:logGet(44)) - raft.grpc.message.size.max = 32MB (=33554432) (custom)
2020-11-01 01:34:52,695 [Listener at 127.0.0.1/11328] INFO  server.RaftServerConfigKeys (ConfUtils.java:logGet(44)) - raft.server.log.appender.buffer.byte-limit = 33554432 (custom)
2020-11-01 01:34:52,695 [Listener at 127.0.0.1/11328] INFO  server.GrpcService (ConfUtils.java:logGet(44)) - raft.grpc.flow.control.window = 5MB (=5242880) (custom)
2020-11-01 01:34:52,696 [Listener at 127.0.0.1/11328] INFO  server.RaftServerConfigKeys (ConfUtils.java:logGet(44)) - raft.server.rpc.request.timeout = 60s (custom)
2020-11-01 01:34:52,697 [Listener at 127.0.0.1/11328] INFO  server.RaftServerConfigKeys (ConfUtils.java:logGet(44)) - raft.server.storage.dir = [/github/workspace/mnt/ozone/hadoop-ozone/integration-test/target/test-dir/MiniOzoneClusterImpl-ecf2639c-de0d-4ab3-a94d-e94508b7a11d/datanode-1/data/ratis] (custom)
2020-11-01 01:34:52,731 [Listener at 127.0.0.1/11328] INFO  http.BaseHttpServer (BaseHttpServer.java:newHttpServer2BuilderForOzone(207)) - Starting Web-server for hddsDatanode at: http://0.0.0.0:0
2020-11-01 01:34:52,731 [Listener at 127.0.0.1/11328] INFO  http.BaseHttpServer (BaseHttpServer.java:<init>(106)) - Hadoop Security Enabled: false Ozone Security Enabled: false Ozone HTTP Security Enabled: false 
2020-11-01 01:34:52,733 [Listener at 127.0.0.1/11328] INFO  server.AuthenticationFilter (AuthenticationFilter.java:constructSecretProvider(240)) - Unable to initialize FileSignerSecretProvider, falling back to use random secrets.
2020-11-01 01:34:52,768 [Listener at 127.0.0.1/11328] WARN  http.HttpRequestLog (HttpRequestLog.java:getRequestLog(103)) - Jetty request log can only be enabled using Log4j
2020-11-01 01:34:52,769 [Listener at 127.0.0.1/11328] INFO  http.HttpServer2 (HttpServer2.java:addGlobalFilter(1019)) - Added global filter 'safety' (class=org.apache.hadoop.hdds.server.http.HttpServer2$QuotingInputFilter)
2020-11-01 01:34:52,770 [Listener at 127.0.0.1/11328] INFO  http.HttpServer2 (HttpServer2.java:addFilter(995)) - Added filter static_user_filter (class=org.apache.hadoop.http.lib.StaticUserWebFilter$StaticUserFilter) to context hddsDatanode
2020-11-01 01:34:52,770 [Listener at 127.0.0.1/11328] INFO  http.HttpServer2 (HttpServer2.java:addFilter(1003)) - Added filter static_user_filter (class=org.apache.hadoop.http.lib.StaticUserWebFilter$StaticUserFilter) to context static
2020-11-01 01:34:52,771 [Listener at 127.0.0.1/11328] INFO  http.HttpServer2 (HttpServer2.java:addFilter(1003)) - Added filter static_user_filter (class=org.apache.hadoop.http.lib.StaticUserWebFilter$StaticUserFilter) to context logs
2020-11-01 01:34:52,771 [Listener at 127.0.0.1/11328] INFO  http.HttpServer2 (HttpServer2.java:bindListener(1237)) - Jetty bound to port 34683
2020-11-01 01:34:52,772 [Listener at 127.0.0.1/11328] INFO  server.Server (Server.java:doStart(359)) - jetty-9.4.26.v20200117; built: 2020-01-17T12:35:33.676Z; git: 7b38981d25d14afb4a12ff1f2596756144edf695; jvm 1.8.0_232-b09
2020-11-01 01:34:52,779 [grpc-default-executor-3] INFO  metrics.RatisMetrics (RatisMetrics.java:lambda$create$0(36)) - Creating Metrics Registry : ratis.server_message_metrics.omNode-3
2020-11-01 01:34:52,781 [Listener at 127.0.0.1/11328] INFO  server.session (DefaultSessionIdManager.java:doStart(333)) - DefaultSessionIdManager workerName=node0
2020-11-01 01:34:52,781 [Listener at 127.0.0.1/11328] INFO  server.session (DefaultSessionIdManager.java:doStart(338)) - No SessionScavenger set, using defaults
2020-11-01 01:34:52,781 [Listener at 127.0.0.1/11328] INFO  server.session (HouseKeeper.java:startScavenging(140)) - node0 Scavenging every 600000ms
2020-11-01 01:34:52,795 [Thread-175] INFO  impl.FollowerState (FollowerState.java:run(108)) - omNode-3@group-523986131536-FollowerState: change to CANDIDATE, lastRpcTime:1148ms, electionTimeout:1142ms
2020-11-01 01:34:52,795 [Thread-175] INFO  impl.RoleInfo (RoleInfo.java:shutdownFollowerState(121)) - omNode-3: shutdown FollowerState
2020-11-01 01:34:52,795 [Thread-175] INFO  impl.RaftServerImpl (RaftServerImpl.java:setRole(198)) - omNode-3@group-523986131536: changes role from  FOLLOWER to CANDIDATE at term 0 for changeToCandidate
2020-11-01 01:34:52,796 [Listener at 127.0.0.1/11328] INFO  handler.ContextHandler (ContextHandler.java:doStart(825)) - Started o.e.j.s.ServletContextHandler@45eaba5{logs,/logs,file:///github/workspace/mnt/ozone/hadoop-ozone/integration-test/target/log,AVAILABLE}
2020-11-01 01:34:52,796 [Listener at 127.0.0.1/11328] INFO  handler.ContextHandler (ContextHandler.java:doStart(825)) - Started o.e.j.s.ServletContextHandler@4077512d{static,/static,jar:file:/home/user/.m2/repository/org/apache/hadoop/hadoop-hdds-container-service/1.1.0-SNAPSHOT/hadoop-hdds-container-service-1.1.0-SNAPSHOT.jar!/webapps/static,AVAILABLE}
2020-11-01 01:34:52,797 [Thread-175] INFO  impl.RoleInfo (RoleInfo.java:updateAndGet(143)) - omNode-3: start LeaderElection
2020-11-01 01:34:52,821 [omNode-3@group-523986131536-LeaderElection3] INFO  impl.LeaderElection (LeaderElection.java:askForVotes(210)) - omNode-3@group-523986131536-LeaderElection3: begin an election at term 1 for -1: [omNode-3:localhost:11332:0, omNode-1:localhost:11320:0, omNode-2:localhost:11326:0], old=null
2020-11-01 01:34:52,838 [grpc-default-executor-1] INFO  metrics.RatisMetrics (RatisMetrics.java:lambda$create$0(36)) - Creating Metrics Registry : ratis.server_message_metrics.omNode-2
2020-11-01 01:34:52,838 [grpc-default-executor-2] INFO  metrics.RatisMetrics (RatisMetrics.java:lambda$create$0(36)) - Creating Metrics Registry : ratis.server_message_metrics.omNode-1
2020-11-01 01:34:52,924 [omNode-2@group-523986131536-LeaderElection2] INFO  impl.LeaderElection (LeaderElection.java:logAndReturn(62)) - omNode-2@group-523986131536-LeaderElection2: Election REJECTED; received 2 response(s) [omNode-2<-omNode-3#0:FAIL-t1, omNode-2<-omNode-1#0:FAIL-t1] and 0 exception(s); omNode-2@group-523986131536:t1, leader=null, voted=omNode-2, raftlog=omNode-2@group-523986131536-SegmentedRaftLog:OPENED:c-1,f-1,i0, conf=-1: [omNode-3:localhost:11332:0, omNode-1:localhost:11320:0, omNode-2:localhost:11326:0], old=null
2020-11-01 01:34:52,927 [omNode-1@group-523986131536-LeaderElection1] INFO  impl.LeaderElection (LeaderElection.java:logAndReturn(62)) - omNode-1@group-523986131536-LeaderElection1: Election REJECTED; received 2 response(s) [omNode-1<-omNode-3#0:FAIL-t1, omNode-1<-omNode-2#0:FAIL-t1] and 0 exception(s); omNode-1@group-523986131536:t1, leader=null, voted=omNode-1, raftlog=omNode-1@group-523986131536-SegmentedRaftLog:OPENED:c-1,f-1,i0, conf=-1: [omNode-3:localhost:11332:0, omNode-1:localhost:11320:0, omNode-2:localhost:11326:0], old=null
2020-11-01 01:34:52,941 [omNode-1@group-523986131536-LeaderElection1] INFO  impl.RaftServerImpl (RaftServerImpl.java:setRole(198)) - omNode-1@group-523986131536: changes role from CANDIDATE to FOLLOWER at term 1 for DISCOVERED_A_NEW_TERM
2020-11-01 01:34:52,941 [omNode-1@group-523986131536-LeaderElection1] INFO  impl.RoleInfo (RoleInfo.java:shutdownLeaderElection(134)) - omNode-1: shutdown LeaderElection
2020-11-01 01:34:52,941 [omNode-1@group-523986131536-LeaderElection1] INFO  impl.RoleInfo (RoleInfo.java:updateAndGet(143)) - omNode-1: start FollowerState
2020-11-01 01:34:52,938 [omNode-2@group-523986131536-LeaderElection2] INFO  impl.RaftServerImpl (RaftServerImpl.java:setRole(198)) - omNode-2@group-523986131536: changes role from CANDIDATE to FOLLOWER at term 1 for DISCOVERED_A_NEW_TERM
2020-11-01 01:34:52,961 [omNode-2@group-523986131536-LeaderElection2] INFO  impl.RoleInfo (RoleInfo.java:shutdownLeaderElection(134)) - omNode-2: shutdown LeaderElection
2020-11-01 01:34:52,961 [omNode-2@group-523986131536-LeaderElection2] INFO  impl.RoleInfo (RoleInfo.java:updateAndGet(143)) - omNode-2: start FollowerState
2020-11-01 01:34:52,970 [Datanode State Machine Task Thread - 0] INFO  datanode.InitDatanodeState (InitDatanodeState.java:persistContainerDatanodeDetails(145)) - DatanodeDetails is persisted to /github/workspace/mnt/ozone/hadoop-ozone/integration-test/target/test-dir/MiniOzoneClusterImpl-ecf2639c-de0d-4ab3-a94d-e94508b7a11d/datanode-0/meta/datanode.id
2020-11-01 01:34:52,986 [omNode-3@group-523986131536-LeaderElection3] INFO  impl.LeaderElection (LeaderElection.java:logAndReturn(62)) - omNode-3@group-523986131536-LeaderElection3: Election REJECTED; received 2 response(s) [omNode-3<-omNode-1#0:FAIL-t1, omNode-3<-omNode-2#0:FAIL-t1] and 0 exception(s); omNode-3@group-523986131536:t1, leader=null, voted=omNode-3, raftlog=omNode-3@group-523986131536-SegmentedRaftLog:OPENED:c-1,f-1,i0, conf=-1: [omNode-3:localhost:11332:0, omNode-1:localhost:11320:0, omNode-2:localhost:11326:0], old=null
2020-11-01 01:34:52,986 [omNode-3@group-523986131536-LeaderElection3] INFO  impl.RaftServerImpl (RaftServerImpl.java:setRole(198)) - omNode-3@group-523986131536: changes role from CANDIDATE to FOLLOWER at term 1 for DISCOVERED_A_NEW_TERM
2020-11-01 01:34:52,987 [omNode-3@group-523986131536-LeaderElection3] INFO  impl.RoleInfo (RoleInfo.java:shutdownLeaderElection(134)) - omNode-3: shutdown LeaderElection
2020-11-01 01:34:52,987 [omNode-3@group-523986131536-LeaderElection3] INFO  impl.RoleInfo (RoleInfo.java:updateAndGet(143)) - omNode-3: start FollowerState
2020-11-01 01:34:53,059 [Listener at 127.0.0.1/11328] INFO  handler.ContextHandler (ContextHandler.java:doStart(825)) - Started o.e.j.w.WebAppContext@763d5c1e{hddsDatanode,/,file:///tmp/jetty-0_0_0_0-34683-hadoop-hdds-container-service-1_1_0-SNAPSHOT_jar-_-any-7604844279954933428.dir/webapp/,AVAILABLE}{jar:file:/home/user/.m2/repository/org/apache/hadoop/hadoop-hdds-container-service/1.1.0-SNAPSHOT/hadoop-hdds-container-service-1.1.0-SNAPSHOT.jar!/webapps/hddsDatanode}
2020-11-01 01:34:53,062 [Listener at 127.0.0.1/11328] INFO  server.AbstractConnector (AbstractConnector.java:doStart(330)) - Started ServerConnector@5b29c34b{HTTP/1.1,[http/1.1]}{0.0.0.0:34683}
2020-11-01 01:34:53,062 [Listener at 127.0.0.1/11328] INFO  server.Server (Server.java:doStart(399)) - Started @6991ms
2020-11-01 01:34:53,062 [Listener at 127.0.0.1/11328] WARN  impl.MetricsSystemImpl (MetricsSystemImpl.java:register(276)) - Sink prometheus already exists!
2020-11-01 01:34:53,130 [Listener at 127.0.0.1/11328] INFO  http.BaseHttpServer (BaseHttpServer.java:updateConnectorAddress(327)) - HTTP server of hddsDatanode listening at http://0.0.0.0:34683
2020-11-01 01:34:53,131 [Listener at 127.0.0.1/11328] INFO  impl.MetricsSystemImpl (MetricsSystemImpl.java:init(158)) - HddsDatanode metrics system started (again)
2020-11-01 01:34:53,133 [Listener at 127.0.0.1/11328] INFO  ozone.HddsDatanodeService (HddsDatanodeService.java:start(217)) - HddsDatanodeService host:6eaeb98a1ebc ip:172.17.0.2
2020-11-01 01:34:53,135 [Listener at 127.0.0.1/11328] INFO  volume.HddsVolume (HddsVolume.java:<init>(176)) - Creating Volume: /github/workspace/mnt/ozone/hadoop-ozone/integration-test/target/test-dir/MiniOzoneClusterImpl-ecf2639c-de0d-4ab3-a94d-e94508b7a11d/datanode-2/data-0/containers/hdds of storage type : DISK and capacity : 9223372036854775807
2020-11-01 01:34:53,135 [Listener at 127.0.0.1/11328] INFO  volume.MutableVolumeSet (MutableVolumeSet.java:initializeVolumeSet(179)) - Added Volume : /github/workspace/mnt/ozone/hadoop-ozone/integration-test/target/test-dir/MiniOzoneClusterImpl-ecf2639c-de0d-4ab3-a94d-e94508b7a11d/datanode-2/data-0/containers/hdds to VolumeSet
2020-11-01 01:34:53,135 [Listener at 127.0.0.1/11328] INFO  volume.ThrottledAsyncChecker (ThrottledAsyncChecker.java:schedule(141)) - Scheduling a check for /github/workspace/mnt/ozone/hadoop-ozone/integration-test/target/test-dir/MiniOzoneClusterImpl-ecf2639c-de0d-4ab3-a94d-e94508b7a11d/datanode-2/data-0/containers/hdds
2020-11-01 01:34:53,136 [Listener at 127.0.0.1/11328] INFO  volume.HddsVolumeChecker (HddsVolumeChecker.java:checkAllVolumes(200)) - Scheduled health check for volume /github/workspace/mnt/ozone/hadoop-ozone/integration-test/target/test-dir/MiniOzoneClusterImpl-ecf2639c-de0d-4ab3-a94d-e94508b7a11d/datanode-2/data-0/containers/hdds
2020-11-01 01:34:53,159 [Thread-240] INFO  ozoneimpl.ContainerReader (ContainerReader.java:readVolume(123)) - Start to verify containers on volume /github/workspace/mnt/ozone/hadoop-ozone/integration-test/target/test-dir/MiniOzoneClusterImpl-ecf2639c-de0d-4ab3-a94d-e94508b7a11d/datanode-2/data-0/containers/hdds
2020-11-01 01:34:53,160 [Thread-240] INFO  ozoneimpl.ContainerReader (ContainerReader.java:readVolume(148)) - Finish verifying containers on volume /github/workspace/mnt/ozone/hadoop-ozone/integration-test/target/test-dir/MiniOzoneClusterImpl-ecf2639c-de0d-4ab3-a94d-e94508b7a11d/datanode-2/data-0/containers/hdds
2020-11-01 01:34:53,160 [Listener at 127.0.0.1/11328] INFO  ozoneimpl.OzoneContainer (OzoneContainer.java:buildContainerSet(196)) - Build ContainerSet costs 0s
2020-11-01 01:34:53,162 [Listener at 127.0.0.1/11328] INFO  impl.RaftServerProxy (ConfUtils.java:logGet(44)) - raft.rpc.type = GRPC (default)
2020-11-01 01:34:53,163 [Listener at 127.0.0.1/11328] INFO  grpc.GrpcFactory (GrpcFactory.java:checkPooledByteBufAllocatorUseCacheForAllThreads(45)) - PERFORMANCE WARNING: useCacheForAllThreads is true that may cause Netty to create a lot garbage objects and, as a result, trigger GC.
	It is recommended to disable useCacheForAllThreads by setting -Dorg.apache.ratis.thirdparty.io.netty.allocator.useCacheForAllThreads=false in command line.
2020-11-01 01:34:53,163 [Listener at 127.0.0.1/11328] INFO  grpc.GrpcConfigKeys (ConfUtils.java:logGet(44)) - raft.grpc.server.port = 0 (default)
2020-11-01 01:34:53,163 [Listener at 127.0.0.1/11328] INFO  server.GrpcService (ConfUtils.java:logGet(44)) - raft.grpc.message.size.max = 32MB (=33554432) (custom)
2020-11-01 01:34:53,163 [Listener at 127.0.0.1/11328] INFO  server.RaftServerConfigKeys (ConfUtils.java:logGet(44)) - raft.server.log.appender.buffer.byte-limit = 33554432 (custom)
2020-11-01 01:34:53,163 [Listener at 127.0.0.1/11328] INFO  server.GrpcService (ConfUtils.java:logGet(44)) - raft.grpc.flow.control.window = 5MB (=5242880) (custom)
2020-11-01 01:34:53,163 [Listener at 127.0.0.1/11328] INFO  server.RaftServerConfigKeys (ConfUtils.java:logGet(44)) - raft.server.rpc.request.timeout = 60s (custom)
2020-11-01 01:34:53,170 [Listener at 127.0.0.1/11328] INFO  server.RaftServerConfigKeys (ConfUtils.java:logGet(44)) - raft.server.storage.dir = [/github/workspace/mnt/ozone/hadoop-ozone/integration-test/target/test-dir/MiniOzoneClusterImpl-ecf2639c-de0d-4ab3-a94d-e94508b7a11d/datanode-2/data/ratis] (custom)
2020-11-01 01:34:53,181 [org.apache.hadoop.util.JvmPauseMonitor$Monitor@1084663] INFO  util.JvmPauseMonitor (JvmPauseMonitor.java:run(188)) - Starting JVM pause monitor
2020-11-01 01:34:53,186 [Datanode State Machine Task Thread - 0] INFO  datanode.InitDatanodeState (InitDatanodeState.java:persistContainerDatanodeDetails(145)) - DatanodeDetails is persisted to /github/workspace/mnt/ozone/hadoop-ozone/integration-test/target/test-dir/MiniOzoneClusterImpl-ecf2639c-de0d-4ab3-a94d-e94508b7a11d/datanode-1/meta/datanode.id
2020-11-01 01:34:53,241 [Listener at 127.0.0.1/11328] INFO  http.BaseHttpServer (BaseHttpServer.java:newHttpServer2BuilderForOzone(207)) - Starting Web-server for hddsDatanode at: http://0.0.0.0:0
2020-11-01 01:34:53,242 [Listener at 127.0.0.1/11328] INFO  http.BaseHttpServer (BaseHttpServer.java:<init>(106)) - Hadoop Security Enabled: false Ozone Security Enabled: false Ozone HTTP Security Enabled: false 
2020-11-01 01:34:53,243 [Listener at 127.0.0.1/11328] INFO  server.AuthenticationFilter (AuthenticationFilter.java:constructSecretProvider(240)) - Unable to initialize FileSignerSecretProvider, falling back to use random secrets.
2020-11-01 01:34:53,244 [Listener at 127.0.0.1/11328] WARN  http.HttpRequestLog (HttpRequestLog.java:getRequestLog(103)) - Jetty request log can only be enabled using Log4j
2020-11-01 01:34:53,245 [Listener at 127.0.0.1/11328] INFO  http.HttpServer2 (HttpServer2.java:addGlobalFilter(1019)) - Added global filter 'safety' (class=org.apache.hadoop.hdds.server.http.HttpServer2$QuotingInputFilter)
2020-11-01 01:34:53,246 [Listener at 127.0.0.1/11328] INFO  http.HttpServer2 (HttpServer2.java:addFilter(995)) - Added filter static_user_filter (class=org.apache.hadoop.http.lib.StaticUserWebFilter$StaticUserFilter) to context hddsDatanode
2020-11-01 01:34:53,246 [Listener at 127.0.0.1/11328] INFO  http.HttpServer2 (HttpServer2.java:addFilter(1003)) - Added filter static_user_filter (class=org.apache.hadoop.http.lib.StaticUserWebFilter$StaticUserFilter) to context static
2020-11-01 01:34:53,246 [Listener at 127.0.0.1/11328] INFO  http.HttpServer2 (HttpServer2.java:addFilter(1003)) - Added filter static_user_filter (class=org.apache.hadoop.http.lib.StaticUserWebFilter$StaticUserFilter) to context logs
2020-11-01 01:34:53,246 [Listener at 127.0.0.1/11328] INFO  http.HttpServer2 (HttpServer2.java:bindListener(1237)) - Jetty bound to port 35647
2020-11-01 01:34:53,247 [Listener at 127.0.0.1/11328] INFO  server.Server (Server.java:doStart(359)) - jetty-9.4.26.v20200117; built: 2020-01-17T12:35:33.676Z; git: 7b38981d25d14afb4a12ff1f2596756144edf695; jvm 1.8.0_232-b09
2020-11-01 01:34:53,249 [Listener at 127.0.0.1/11328] INFO  server.session (DefaultSessionIdManager.java:doStart(333)) - DefaultSessionIdManager workerName=node0
2020-11-01 01:34:53,249 [Listener at 127.0.0.1/11328] INFO  server.session (DefaultSessionIdManager.java:doStart(338)) - No SessionScavenger set, using defaults
2020-11-01 01:34:53,250 [Listener at 127.0.0.1/11328] INFO  server.session (HouseKeeper.java:startScavenging(140)) - node0 Scavenging every 600000ms
2020-11-01 01:34:53,252 [Listener at 127.0.0.1/11328] INFO  handler.ContextHandler (ContextHandler.java:doStart(825)) - Started o.e.j.s.ServletContextHandler@34cc2db5{logs,/logs,file:///github/workspace/mnt/ozone/hadoop-ozone/integration-test/target/log,AVAILABLE}
2020-11-01 01:34:53,252 [Listener at 127.0.0.1/11328] INFO  handler.ContextHandler (ContextHandler.java:doStart(825)) - Started o.e.j.s.ServletContextHandler@1a36db64{static,/static,jar:file:/home/user/.m2/repository/org/apache/hadoop/hadoop-hdds-container-service/1.1.0-SNAPSHOT/hadoop-hdds-container-service-1.1.0-SNAPSHOT.jar!/webapps/static,AVAILABLE}
2020-11-01 01:34:53,386 [Listener at 127.0.0.1/11328] INFO  handler.ContextHandler (ContextHandler.java:doStart(825)) - Started o.e.j.w.WebAppContext@665c46ba{hddsDatanode,/,file:///tmp/jetty-0_0_0_0-35647-hadoop-hdds-container-service-1_1_0-SNAPSHOT_jar-_-any-7349912093791845774.dir/webapp/,AVAILABLE}{jar:file:/home/user/.m2/repository/org/apache/hadoop/hadoop-hdds-container-service/1.1.0-SNAPSHOT/hadoop-hdds-container-service-1.1.0-SNAPSHOT.jar!/webapps/hddsDatanode}
2020-11-01 01:34:53,387 [Listener at 127.0.0.1/11328] INFO  server.AbstractConnector (AbstractConnector.java:doStart(330)) - Started ServerConnector@a840109{HTTP/1.1,[http/1.1]}{0.0.0.0:35647}
2020-11-01 01:34:53,387 [Listener at 127.0.0.1/11328] INFO  server.Server (Server.java:doStart(399)) - Started @7317ms
2020-11-01 01:34:53,387 [Listener at 127.0.0.1/11328] WARN  impl.MetricsSystemImpl (MetricsSystemImpl.java:register(276)) - Sink prometheus already exists!
2020-11-01 01:34:53,391 [Listener at 127.0.0.1/11328] INFO  http.BaseHttpServer (BaseHttpServer.java:updateConnectorAddress(327)) - HTTP server of hddsDatanode listening at http://0.0.0.0:35647
2020-11-01 01:34:53,392 [Listener at 127.0.0.1/11328] INFO  ozone.MiniOzoneClusterImpl (MiniOzoneClusterImpl.java:lambda$waitForClusterToBeReady$0(177)) - Waiting for nodes to be ready. Got 0 of 3 DN Heartbeats.
2020-11-01 01:34:53,392 [Listener at 127.0.0.1/11328] INFO  ozone.MiniOzoneClusterImpl (MiniOzoneClusterImpl.java:lambda$waitForClusterToBeReady$0(180)) - Waiting for cluster to exit safe mode
2020-11-01 01:34:53,395 [org.apache.hadoop.util.JvmPauseMonitor$Monitor@3cfe4bcf] INFO  util.JvmPauseMonitor (JvmPauseMonitor.java:run(188)) - Starting JVM pause monitor
2020-11-01 01:34:53,400 [Datanode State Machine Task Thread - 0] INFO  datanode.InitDatanodeState (InitDatanodeState.java:persistContainerDatanodeDetails(145)) - DatanodeDetails is persisted to /github/workspace/mnt/ozone/hadoop-ozone/integration-test/target/test-dir/MiniOzoneClusterImpl-ecf2639c-de0d-4ab3-a94d-e94508b7a11d/datanode-2/meta/datanode.id
2020-11-01 01:34:53,998 [Thread-237] INFO  impl.FollowerState (FollowerState.java:run(108)) - omNode-1@group-523986131536-FollowerState: change to CANDIDATE, lastRpcTime:1056ms, electionTimeout:1041ms
2020-11-01 01:34:53,998 [Thread-237] INFO  impl.RoleInfo (RoleInfo.java:shutdownFollowerState(121)) - omNode-1: shutdown FollowerState
2020-11-01 01:34:53,998 [Thread-237] INFO  impl.RaftServerImpl (RaftServerImpl.java:setRole(198)) - omNode-1@group-523986131536: changes role from  FOLLOWER to CANDIDATE at term 1 for changeToCandidate
2020-11-01 01:34:54,000 [Thread-237] INFO  impl.RoleInfo (RoleInfo.java:updateAndGet(143)) - omNode-1: start LeaderElection
2020-11-01 01:34:54,003 [omNode-1@group-523986131536-LeaderElection4] INFO  impl.LeaderElection (LeaderElection.java:askForVotes(210)) - omNode-1@group-523986131536-LeaderElection4: begin an election at term 2 for -1: [omNode-3:localhost:11332:0, omNode-1:localhost:11320:0, omNode-2:localhost:11326:0], old=null
2020-11-01 01:34:54,010 [grpc-default-executor-2] INFO  impl.RaftServerImpl (RaftServerImpl.java:setRole(198)) - omNode-2@group-523986131536: changes role from  FOLLOWER to FOLLOWER at term 2 for recognizeCandidate:omNode-1
2020-11-01 01:34:54,010 [grpc-default-executor-2] INFO  impl.RoleInfo (RoleInfo.java:shutdownFollowerState(121)) - omNode-2: shutdown FollowerState
2020-11-01 01:34:54,010 [grpc-default-executor-2] INFO  impl.RoleInfo (RoleInfo.java:updateAndGet(143)) - omNode-2: start FollowerState
2020-11-01 01:34:54,010 [Thread-238] INFO  impl.FollowerState (FollowerState.java:run(117)) - omNode-2@group-523986131536-FollowerState was interrupted: java.lang.InterruptedException: sleep interrupted
2020-11-01 01:34:54,013 [grpc-default-executor-2] INFO  impl.RaftServerImpl (RaftServerImpl.java:requestVote(923)) -  FOLLOWER omNode-2@group-523986131536:t2, leader=null, voted=null, raftlog=omNode-2@group-523986131536-SegmentedRaftLog:OPENED:c-1,f-1,i0, conf=-1: [omNode-3:localhost:11332:0, omNode-1:localhost:11320:0, omNode-2:localhost:11326:0], old=null RUNNING priority:0 candidate:omNode-1:localhost:11320:0 candidatePriority:0 compare:0
2020-11-01 01:34:54,015 [grpc-default-executor-1] INFO  impl.RaftServerImpl (RaftServerImpl.java:setRole(198)) - omNode-3@group-523986131536: changes role from  FOLLOWER to FOLLOWER at term 2 for recognizeCandidate:omNode-1
2020-11-01 01:34:54,015 [grpc-default-executor-1] INFO  impl.RoleInfo (RoleInfo.java:shutdownFollowerState(121)) - omNode-3: shutdown FollowerState
2020-11-01 01:34:54,015 [grpc-default-executor-1] INFO  impl.RoleInfo (RoleInfo.java:updateAndGet(143)) - omNode-3: start FollowerState
2020-11-01 01:34:54,015 [Thread-239] INFO  impl.FollowerState (FollowerState.java:run(117)) - omNode-3@group-523986131536-FollowerState was interrupted: java.lang.InterruptedException: sleep interrupted
2020-11-01 01:34:54,016 [grpc-default-executor-1] INFO  impl.RaftServerImpl (RaftServerImpl.java:requestVote(923)) -  FOLLOWER omNode-3@group-523986131536:t2, leader=null, voted=null, raftlog=omNode-3@group-523986131536-SegmentedRaftLog:OPENED:c-1,f-1,i0, conf=-1: [omNode-3:localhost:11332:0, omNode-1:localhost:11320:0, omNode-2:localhost:11326:0], old=null RUNNING priority:0 candidate:omNode-1:localhost:11320:0 candidatePriority:0 compare:0
2020-11-01 01:34:54,022 [omNode-1@group-523986131536-LeaderElection4] INFO  impl.LeaderElection (LeaderElection.java:logAndReturn(62)) - omNode-1@group-523986131536-LeaderElection4: Election PASSED; received 1 response(s) [omNode-1<-omNode-2#0:OK-t2] and 0 exception(s); omNode-1@group-523986131536:t2, leader=null, voted=omNode-1, raftlog=omNode-1@group-523986131536-SegmentedRaftLog:OPENED:c-1,f-1,i0, conf=-1: [omNode-3:localhost:11332:0, omNode-1:localhost:11320:0, omNode-2:localhost:11326:0], old=null
2020-11-01 01:34:54,022 [omNode-1@group-523986131536-LeaderElection4] INFO  impl.RoleInfo (RoleInfo.java:shutdownLeaderElection(134)) - omNode-1: shutdown LeaderElection
2020-11-01 01:34:54,022 [omNode-1@group-523986131536-LeaderElection4] INFO  impl.RaftServerImpl (RaftServerImpl.java:setRole(198)) - omNode-1@group-523986131536: changes role from CANDIDATE to LEADER at term 2 for changeToLeader
2020-11-01 01:34:54,022 [omNode-1@group-523986131536-LeaderElection4] INFO  impl.RaftServerImpl (ServerState.java:setLeader(256)) - omNode-1@group-523986131536: change Leader from null to omNode-1 at term 2 for becomeLeader, leader elected after 3252ms
2020-11-01 01:34:54,027 [omNode-1@group-523986131536-LeaderElection4] INFO  server.RaftServerConfigKeys (ConfUtils.java:logGet(44)) - raft.server.staging.catchup.gap = 1000 (default)
2020-11-01 01:34:54,027 [omNode-1@group-523986131536-LeaderElection4] INFO  server.RaftServerConfigKeys (ConfUtils.java:logGet(44)) - raft.server.rpc.sleep.time = 25ms (default)
2020-11-01 01:34:54,030 [omNode-1@group-523986131536-LeaderElection4] INFO  metrics.RatisMetrics (RatisMetrics.java:lambda$create$0(36)) - Creating Metrics Registry : ratis.log_appender.omNode-1@group-523986131536
2020-11-01 01:34:54,032 [omNode-1@group-523986131536-LeaderElection4] INFO  server.RaftServerConfigKeys (ConfUtils.java:logGet(44)) - raft.server.write.element-limit = 4096 (default)
2020-11-01 01:34:54,032 [omNode-1@group-523986131536-LeaderElection4] INFO  server.RaftServerConfigKeys (ConfUtils.java:logGet(44)) - raft.server.write.byte-limit = 64MB (=67108864) (default)
2020-11-01 01:34:54,046 [omNode-1@group-523986131536-LeaderElection4] INFO  server.RaftServerConfigKeys (ConfUtils.java:logGet(44)) - raft.server.watch.timeout = 10s (default)
2020-11-01 01:34:54,046 [omNode-1@group-523986131536-LeaderElection4] INFO  server.RaftServerConfigKeys (ConfUtils.java:logGet(44)) - raft.server.watch.timeout.denomination = 1s (default)
2020-11-01 01:34:54,047 [omNode-1@group-523986131536-LeaderElection4] INFO  server.RaftServerConfigKeys (ConfUtils.java:logGet(44)) - raft.server.watch.element-limit = 65536 (default)
2020-11-01 01:34:54,057 [omNode-1@group-523986131536-LeaderElection4] INFO  server.RaftServerConfigKeys (ConfUtils.java:logGet(44)) - raft.server.log.appender.snapshot.chunk.size.max = 16MB (=16777216) (default)
2020-11-01 01:34:54,058 [omNode-1@group-523986131536-LeaderElection4] INFO  server.RaftServerConfigKeys (ConfUtils.java:logGet(44)) - raft.server.log.appender.buffer.byte-limit = 33554432 (custom)
2020-11-01 01:34:54,058 [omNode-1@group-523986131536-LeaderElection4] INFO  server.RaftServerConfigKeys (ConfUtils.java:logGet(44)) - raft.server.log.appender.buffer.element-limit = 1024 (custom)
2020-11-01 01:34:54,062 [omNode-1@group-523986131536-LeaderElection4] INFO  grpc.GrpcConfigKeys (ConfUtils.java:logGet(44)) - raft.grpc.server.leader.outstanding.appends.max = 128 (default)
2020-11-01 01:34:54,062 [omNode-1@group-523986131536-LeaderElection4] INFO  server.RaftServerConfigKeys (ConfUtils.java:logGet(44)) - raft.server.rpc.request.timeout = 3000ms (default)
2020-11-01 01:34:54,062 [omNode-1@group-523986131536-LeaderElection4] INFO  server.RaftServerConfigKeys (ConfUtils.java:logGet(44)) - raft.server.log.appender.install.snapshot.enabled = false (custom)
2020-11-01 01:34:54,063 [omNode-1@group-523986131536-LeaderElection4] INFO  metrics.RatisMetrics (RatisMetrics.java:lambda$create$0(36)) - Creating Metrics Registry : ratis_grpc.log_appender.omNode-1@group-523986131536
2020-11-01 01:34:54,070 [omNode-1@group-523986131536-LeaderElection4] INFO  server.RaftServerConfigKeys (ConfUtils.java:logGet(44)) - raft.server.log.appender.snapshot.chunk.size.max = 16MB (=16777216) (default)
2020-11-01 01:34:54,070 [omNode-1@group-523986131536-LeaderElection4] INFO  server.RaftServerConfigKeys (ConfUtils.java:logGet(44)) - raft.server.log.appender.buffer.byte-limit = 33554432 (custom)
2020-11-01 01:34:54,070 [omNode-1@group-523986131536-LeaderElection4] INFO  server.RaftServerConfigKeys (ConfUtils.java:logGet(44)) - raft.server.log.appender.buffer.element-limit = 1024 (custom)
2020-11-01 01:34:54,070 [omNode-1@group-523986131536-LeaderElection4] INFO  grpc.GrpcConfigKeys (ConfUtils.java:logGet(44)) - raft.grpc.server.leader.outstanding.appends.max = 128 (default)
2020-11-01 01:34:54,070 [omNode-1@group-523986131536-LeaderElection4] INFO  server.RaftServerConfigKeys (ConfUtils.java:logGet(44)) - raft.server.rpc.request.timeout = 3000ms (default)
2020-11-01 01:34:54,071 [omNode-1@group-523986131536-LeaderElection4] INFO  server.RaftServerConfigKeys (ConfUtils.java:logGet(44)) - raft.server.log.appender.install.snapshot.enabled = false (custom)
2020-11-01 01:34:54,080 [omNode-1@group-523986131536-LeaderElection4] INFO  impl.RoleInfo (RoleInfo.java:updateAndGet(143)) - omNode-1: start LeaderState
2020-11-01 01:34:54,096 [omNode-1@group-523986131536-LeaderElection4] INFO  segmented.SegmentedRaftLogWorker (SegmentedRaftLogWorker.java:startLogSegment(397)) - omNode-1@group-523986131536-SegmentedRaftLogWorker: Starting segment from index:0
2020-11-01 01:34:54,106 [omNode-1@group-523986131536-LeaderElection4] INFO  impl.RaftServerImpl (ServerState.java:setRaftConf(374)) - omNode-1@group-523986131536: set configuration 0: [omNode-3:localhost:11332:0, omNode-1:localhost:11320:0, omNode-2:localhost:11326:0], old=null at 0
2020-11-01 01:34:54,136 [grpc-default-executor-2] INFO  impl.RaftServerImpl (ServerState.java:setLeader(256)) - omNode-3@group-523986131536: change Leader from null to omNode-1 at term 2 for appendEntries, leader elected after 2512ms
2020-11-01 01:34:54,153 [grpc-default-executor-1] INFO  impl.RaftServerImpl (ServerState.java:setLeader(256)) - omNode-2@group-523986131536: change Leader from null to omNode-1 at term 2 for appendEntries, leader elected after 2827ms
2020-11-01 01:34:54,182 [grpc-default-executor-2] INFO  impl.RaftServerImpl (ServerState.java:setRaftConf(374)) - omNode-3@group-523986131536: set configuration 0: [omNode-3:localhost:11332:0, omNode-1:localhost:11320:0, omNode-2:localhost:11326:0], old=null at 0
2020-11-01 01:34:54,182 [grpc-default-executor-2] INFO  segmented.SegmentedRaftLogWorker (SegmentedRaftLogWorker.java:startLogSegment(397)) - omNode-3@group-523986131536-SegmentedRaftLogWorker: Starting segment from index:0
2020-11-01 01:34:54,186 [grpc-default-executor-0] INFO  impl.RaftServerImpl (ServerState.java:setRaftConf(374)) - omNode-2@group-523986131536: set configuration 0: [omNode-3:localhost:11332:0, omNode-1:localhost:11320:0, omNode-2:localhost:11326:0], old=null at 0
2020-11-01 01:34:54,186 [grpc-default-executor-0] INFO  segmented.SegmentedRaftLogWorker (SegmentedRaftLogWorker.java:startLogSegment(397)) - omNode-2@group-523986131536-SegmentedRaftLogWorker: Starting segment from index:0
2020-11-01 01:34:54,385 [omNode-2@group-523986131536-SegmentedRaftLogWorker] INFO  segmented.SegmentedRaftLogWorker (SegmentedRaftLogWorker.java:execute(596)) - omNode-2@group-523986131536-SegmentedRaftLogWorker: created new log segment /github/workspace/mnt/ozone/hadoop-ozone/integration-test/target/test-dir/MiniOzoneClusterImpl-ecf2639c-de0d-4ab3-a94d-e94508b7a11d/omNode-2/ratis/c9bc4cf4-3bc3-3c60-a66b-523986131536/current/log_inprogress_0
2020-11-01 01:34:54,387 [omNode-3@group-523986131536-SegmentedRaftLogWorker] INFO  segmented.SegmentedRaftLogWorker (SegmentedRaftLogWorker.java:execute(596)) - omNode-3@group-523986131536-SegmentedRaftLogWorker: created new log segment /github/workspace/mnt/ozone/hadoop-ozone/integration-test/target/test-dir/MiniOzoneClusterImpl-ecf2639c-de0d-4ab3-a94d-e94508b7a11d/omNode-3/ratis/c9bc4cf4-3bc3-3c60-a66b-523986131536/current/log_inprogress_0
2020-11-01 01:34:54,388 [omNode-1@group-523986131536-SegmentedRaftLogWorker] INFO  segmented.SegmentedRaftLogWorker (SegmentedRaftLogWorker.java:execute(596)) - omNode-1@group-523986131536-SegmentedRaftLogWorker: created new log segment /github/workspace/mnt/ozone/hadoop-ozone/integration-test/target/test-dir/MiniOzoneClusterImpl-ecf2639c-de0d-4ab3-a94d-e94508b7a11d/omNode-1/ratis/c9bc4cf4-3bc3-3c60-a66b-523986131536/current/log_inprogress_0
2020-11-01 01:34:54,398 [Listener at 127.0.0.1/11328] INFO  ozone.MiniOzoneClusterImpl (MiniOzoneClusterImpl.java:lambda$waitForClusterToBeReady$0(177)) - Waiting for nodes to be ready. Got 0 of 3 DN Heartbeats.
2020-11-01 01:34:54,399 [Listener at 127.0.0.1/11328] INFO  ozone.MiniOzoneClusterImpl (MiniOzoneClusterImpl.java:lambda$waitForClusterToBeReady$0(180)) - Waiting for cluster to exit safe mode
2020-11-01 01:34:54,728 [EndpointStateMachine task thread for /0.0.0.0:32893 - 0 ] INFO  ozoneimpl.OzoneContainer (OzoneContainer.java:start(245)) - Attempting to start container services.
2020-11-01 01:34:54,730 [EndpointStateMachine task thread for /0.0.0.0:32893 - 0 ] INFO  ozoneimpl.OzoneContainer (OzoneContainer.java:startContainerScrub(209)) - Background container scanner has been disabled.
2020-11-01 01:34:54,730 [EndpointStateMachine task thread for /0.0.0.0:32893 - 0 ] INFO  ratis.XceiverServerRatis (XceiverServerRatis.java:start(456)) - Starting XceiverServerRatis 62e255de-43fd-4033-9a50-3f7e8b93f875 at port 0
2020-11-01 01:34:54,731 [EndpointStateMachine task thread for /0.0.0.0:32893 - 0 ] INFO  impl.RaftServerProxy (RaftServerProxy.java:lambda$start$3(307)) - 62e255de-43fd-4033-9a50-3f7e8b93f875: start RPC server
2020-11-01 01:34:54,733 [EndpointStateMachine task thread for /0.0.0.0:32893 - 0 ] INFO  server.GrpcService (GrpcService.java:startImpl(177)) - 62e255de-43fd-4033-9a50-3f7e8b93f875: GrpcService started, listening on 0.0.0.0/0.0.0.0:43717
2020-11-01 01:34:54,733 [EndpointStateMachine task thread for /0.0.0.0:32893 - 0 ] INFO  ratis.XceiverServerRatis (XceiverServerRatis.java:start(468)) - XceiverServerRatis 62e255de-43fd-4033-9a50-3f7e8b93f875 is started using port 43717
2020-11-01 01:34:54,735 [EndpointStateMachine task thread for /0.0.0.0:32893 - 0 ] INFO  server.XceiverServerGrpc (XceiverServerGrpc.java:start(145)) - XceiverServerGrpc 62e255de-43fd-4033-9a50-3f7e8b93f875 is started using port 39543
2020-11-01 01:34:55,187 [EndpointStateMachine task thread for /0.0.0.0:32893 - 0 ] INFO  ozoneimpl.OzoneContainer (OzoneContainer.java:start(245)) - Attempting to start container services.
2020-11-01 01:34:55,189 [EndpointStateMachine task thread for /0.0.0.0:32893 - 0 ] INFO  ozoneimpl.OzoneContainer (OzoneContainer.java:startContainerScrub(209)) - Background container scanner has been disabled.
2020-11-01 01:34:55,190 [EndpointStateMachine task thread for /0.0.0.0:32893 - 0 ] INFO  ratis.XceiverServerRatis (XceiverServerRatis.java:start(456)) - Starting XceiverServerRatis f6eee0b7-a520-4e1c-a247-ba4eb4f2c5fb at port 0
2020-11-01 01:34:55,191 [EndpointStateMachine task thread for /0.0.0.0:32893 - 0 ] INFO  impl.RaftServerProxy (RaftServerProxy.java:lambda$start$3(307)) - f6eee0b7-a520-4e1c-a247-ba4eb4f2c5fb: start RPC server
2020-11-01 01:34:55,205 [EndpointStateMachine task thread for /0.0.0.0:32893 - 0 ] INFO  server.GrpcService (GrpcService.java:startImpl(177)) - f6eee0b7-a520-4e1c-a247-ba4eb4f2c5fb: GrpcService started, listening on 0.0.0.0/0.0.0.0:34765
2020-11-01 01:34:55,205 [EndpointStateMachine task thread for /0.0.0.0:32893 - 0 ] INFO  ratis.XceiverServerRatis (XceiverServerRatis.java:start(468)) - XceiverServerRatis f6eee0b7-a520-4e1c-a247-ba4eb4f2c5fb is started using port 34765
2020-11-01 01:34:55,206 [EndpointStateMachine task thread for /0.0.0.0:32893 - 0 ] INFO  server.XceiverServerGrpc (XceiverServerGrpc.java:start(145)) - XceiverServerGrpc f6eee0b7-a520-4e1c-a247-ba4eb4f2c5fb is started using port 45019
2020-11-01 01:34:55,399 [Listener at 127.0.0.1/11328] INFO  ozone.MiniOzoneClusterImpl (MiniOzoneClusterImpl.java:lambda$waitForClusterToBeReady$0(177)) - Waiting for nodes to be ready. Got 0 of 3 DN Heartbeats.
2020-11-01 01:34:55,399 [Listener at 127.0.0.1/11328] INFO  ozone.MiniOzoneClusterImpl (MiniOzoneClusterImpl.java:lambda$waitForClusterToBeReady$0(180)) - Waiting for cluster to exit safe mode
2020-11-01 01:34:55,402 [EndpointStateMachine task thread for /0.0.0.0:32893 - 0 ] INFO  ozoneimpl.OzoneContainer (OzoneContainer.java:start(245)) - Attempting to start container services.
2020-11-01 01:34:55,402 [EndpointStateMachine task thread for /0.0.0.0:32893 - 0 ] INFO  ozoneimpl.OzoneContainer (OzoneContainer.java:startContainerScrub(209)) - Background container scanner has been disabled.
2020-11-01 01:34:55,402 [EndpointStateMachine task thread for /0.0.0.0:32893 - 0 ] INFO  ratis.XceiverServerRatis (XceiverServerRatis.java:start(456)) - Starting XceiverServerRatis 84989a57-0b18-4228-8d2c-881f34c13802 at port 0
2020-11-01 01:34:55,408 [EndpointStateMachine task thread for /0.0.0.0:32893 - 0 ] INFO  impl.RaftServerProxy (RaftServerProxy.java:lambda$start$3(307)) - 84989a57-0b18-4228-8d2c-881f34c13802: start RPC server
2020-11-01 01:34:55,414 [EndpointStateMachine task thread for /0.0.0.0:32893 - 0 ] INFO  server.GrpcService (GrpcService.java:startImpl(177)) - 84989a57-0b18-4228-8d2c-881f34c13802: GrpcService started, listening on 0.0.0.0/0.0.0.0:44529
2020-11-01 01:34:55,414 [EndpointStateMachine task thread for /0.0.0.0:32893 - 0 ] INFO  ratis.XceiverServerRatis (XceiverServerRatis.java:start(468)) - XceiverServerRatis 84989a57-0b18-4228-8d2c-881f34c13802 is started using port 44529
2020-11-01 01:34:55,415 [EndpointStateMachine task thread for /0.0.0.0:32893 - 0 ] INFO  server.XceiverServerGrpc (XceiverServerGrpc.java:start(145)) - XceiverServerGrpc 84989a57-0b18-4228-8d2c-881f34c13802 is started using port 34605
2020-11-01 01:34:56,400 [Listener at 127.0.0.1/11328] INFO  ozone.MiniOzoneClusterImpl (MiniOzoneClusterImpl.java:lambda$waitForClusterToBeReady$0(177)) - Waiting for nodes to be ready. Got 0 of 3 DN Heartbeats.
2020-11-01 01:34:56,400 [Listener at 127.0.0.1/11328] INFO  ozone.MiniOzoneClusterImpl (MiniOzoneClusterImpl.java:lambda$waitForClusterToBeReady$0(180)) - Waiting for cluster to exit safe mode
2020-11-01 01:34:56,692 [IPC Server handler 11 on default port 32893] INFO  net.NetworkTopologyImpl (NetworkTopologyImpl.java:add(111)) - Added a new node: /default-rack/62e255de-43fd-4033-9a50-3f7e8b93f875
2020-11-01 01:34:56,694 [IPC Server handler 11 on default port 32893] INFO  node.SCMNodeManager (SCMNodeManager.java:register(282)) - Registered Data node : 62e255de-43fd-4033-9a50-3f7e8b93f875{ip: 172.17.0.2, host: 6eaeb98a1ebc, networkLocation: /default-rack, certSerialId: null}
2020-11-01 01:34:56,700 [EventQueue-NodeRegistrationContainerReportForContainerSafeModeRule] INFO  safemode.SCMSafeModeManager (SCMSafeModeManager.java:validateSafeModeExitRules(214)) - ContainerSafeModeRule rule is successfully validated
2020-11-01 01:34:56,701 [EventQueue-NodeRegistrationContainerReportForDataNodeSafeModeRule] INFO  safemode.SCMSafeModeManager (DataNodeSafeModeRule.java:process(71)) - SCM in safe mode. 1 DataNodes registered, 1 required.
2020-11-01 01:34:56,701 [EventQueue-NodeRegistrationContainerReportForDataNodeSafeModeRule] INFO  safemode.SCMSafeModeManager (SCMSafeModeManager.java:validateSafeModeExitRules(214)) - DataNodeSafeModeRule rule is successfully validated
2020-11-01 01:34:56,701 [EventQueue-NodeRegistrationContainerReportForDataNodeSafeModeRule] INFO  safemode.SCMSafeModeManager (SCMSafeModeManager.java:completePreCheck(242)) - All SCM safe mode pre check rules have passed
2020-11-01 01:34:56,711 [RatisPipelineUtilsThread] INFO  pipeline.RatisPipelineProvider (RatisPipelineProvider.java:lambda$create$0(161)) - Sending CreatePipelineCommand for pipeline:PipelineID=9855849e-d3eb-4d34-8ebe-30aaab21101f to datanode:62e255de-43fd-4033-9a50-3f7e8b93f875
2020-11-01 01:34:56,862 [RatisPipelineUtilsThread] INFO  pipeline.PipelineStateManager (PipelineStateManager.java:addPipeline(54)) - Created pipeline Pipeline[ Id: 9855849e-d3eb-4d34-8ebe-30aaab21101f, Nodes: 62e255de-43fd-4033-9a50-3f7e8b93f875{ip: 172.17.0.2, host: 6eaeb98a1ebc, networkLocation: /default-rack, certSerialId: null}, Type:RATIS, Factor:ONE, State:ALLOCATED, leaderId:, CreationTimestamp2020-11-01T01:34:56.708Z]
2020-11-01 01:34:56,881 [RatisPipelineUtilsThread] WARN  pipeline.PipelinePlacementPolicy (PipelinePlacementPolicy.java:filterViableNodes(138)) - Pipeline creation failed due to no sufficient healthy datanodes. Required 3. Found 1.
2020-11-01 01:34:57,186 [IPC Server handler 13 on default port 32893] INFO  net.NetworkTopologyImpl (NetworkTopologyImpl.java:add(111)) - Added a new node: /default-rack/f6eee0b7-a520-4e1c-a247-ba4eb4f2c5fb
2020-11-01 01:34:57,186 [IPC Server handler 13 on default port 32893] INFO  node.SCMNodeManager (SCMNodeManager.java:register(282)) - Registered Data node : f6eee0b7-a520-4e1c-a247-ba4eb4f2c5fb{ip: 172.17.0.2, host: 6eaeb98a1ebc, networkLocation: /default-rack, certSerialId: null}
2020-11-01 01:34:57,187 [EventQueue-NodeRegistrationContainerReportForContainerSafeModeRule] INFO  safemode.SCMSafeModeManager (SCMSafeModeManager.java:validateSafeModeExitRules(214)) - ContainerSafeModeRule rule is successfully validated
2020-11-01 01:34:57,187 [EventQueue-NodeRegistrationContainerReportForDataNodeSafeModeRule] INFO  safemode.SCMSafeModeManager (SCMSafeModeManager.java:validateSafeModeExitRules(214)) - DataNodeSafeModeRule rule is successfully validated
2020-11-01 01:34:57,189 [RatisPipelineUtilsThread] INFO  pipeline.RatisPipelineProvider (RatisPipelineProvider.java:lambda$create$0(161)) - Sending CreatePipelineCommand for pipeline:PipelineID=023ee1c9-7c9d-416c-b731-c7e011419270 to datanode:f6eee0b7-a520-4e1c-a247-ba4eb4f2c5fb
2020-11-01 01:34:57,189 [RatisPipelineUtilsThread] INFO  pipeline.PipelineStateManager (PipelineStateManager.java:addPipeline(54)) - Created pipeline Pipeline[ Id: 023ee1c9-7c9d-416c-b731-c7e011419270, Nodes: f6eee0b7-a520-4e1c-a247-ba4eb4f2c5fb{ip: 172.17.0.2, host: 6eaeb98a1ebc, networkLocation: /default-rack, certSerialId: null}, Type:RATIS, Factor:ONE, State:ALLOCATED, leaderId:, CreationTimestamp2020-11-01T01:34:57.189Z]
2020-11-01 01:34:57,190 [RatisPipelineUtilsThread] WARN  pipeline.PipelinePlacementPolicy (PipelinePlacementPolicy.java:filterViableNodes(138)) - Pipeline creation failed due to no sufficient healthy datanodes. Required 3. Found 2.
2020-11-01 01:34:57,399 [IPC Server handler 11 on default port 32893] INFO  net.NetworkTopologyImpl (NetworkTopologyImpl.java:add(111)) - Added a new node: /default-rack/84989a57-0b18-4228-8d2c-881f34c13802
2020-11-01 01:34:57,399 [IPC Server handler 11 on default port 32893] INFO  node.SCMNodeManager (SCMNodeManager.java:register(282)) - Registered Data node : 84989a57-0b18-4228-8d2c-881f34c13802{ip: 172.17.0.2, host: 6eaeb98a1ebc, networkLocation: /default-rack, certSerialId: null}
2020-11-01 01:34:57,399 [EventQueue-NodeRegistrationContainerReportForDataNodeSafeModeRule] INFO  safemode.SCMSafeModeManager (SCMSafeModeManager.java:validateSafeModeExitRules(214)) - DataNodeSafeModeRule rule is successfully validated
2020-11-01 01:34:57,399 [EventQueue-NodeRegistrationContainerReportForContainerSafeModeRule] INFO  safemode.SCMSafeModeManager (SCMSafeModeManager.java:validateSafeModeExitRules(214)) - ContainerSafeModeRule rule is successfully validated
2020-11-01 01:34:57,400 [Listener at 127.0.0.1/11328] INFO  ozone.MiniOzoneClusterImpl (MiniOzoneClusterImpl.java:lambda$waitForClusterToBeReady$0(177)) - Nodes are ready. Got 3 of 3 DN Heartbeats.
2020-11-01 01:34:57,400 [RatisPipelineUtilsThread] INFO  pipeline.RatisPipelineProvider (RatisPipelineProvider.java:lambda$create$0(161)) - Sending CreatePipelineCommand for pipeline:PipelineID=cef14e7e-27df-4e46-af6d-7a91f89cb833 to datanode:84989a57-0b18-4228-8d2c-881f34c13802
2020-11-01 01:34:57,400 [Listener at 127.0.0.1/11328] INFO  ozone.MiniOzoneClusterImpl (MiniOzoneClusterImpl.java:lambda$waitForClusterToBeReady$0(180)) - Waiting for cluster to exit safe mode
2020-11-01 01:34:57,401 [RatisPipelineUtilsThread] INFO  pipeline.PipelineStateManager (PipelineStateManager.java:addPipeline(54)) - Created pipeline Pipeline[ Id: cef14e7e-27df-4e46-af6d-7a91f89cb833, Nodes: 84989a57-0b18-4228-8d2c-881f34c13802{ip: 172.17.0.2, host: 6eaeb98a1ebc, networkLocation: /default-rack, certSerialId: null}, Type:RATIS, Factor:ONE, State:ALLOCATED, leaderId:, CreationTimestamp2020-11-01T01:34:57.400Z]
2020-11-01 01:34:57,404 [RatisPipelineUtilsThread] INFO  pipeline.RatisPipelineProvider (RatisPipelineProvider.java:lambda$create$0(161)) - Sending CreatePipelineCommand for pipeline:PipelineID=f9923a9a-38f6-464c-a73a-98195f5edd6e to datanode:f6eee0b7-a520-4e1c-a247-ba4eb4f2c5fb
2020-11-01 01:34:57,404 [RatisPipelineUtilsThread] INFO  pipeline.RatisPipelineProvider (RatisPipelineProvider.java:lambda$create$0(161)) - Sending CreatePipelineCommand for pipeline:PipelineID=f9923a9a-38f6-464c-a73a-98195f5edd6e to datanode:62e255de-43fd-4033-9a50-3f7e8b93f875
2020-11-01 01:34:57,404 [RatisPipelineUtilsThread] INFO  pipeline.RatisPipelineProvider (RatisPipelineProvider.java:lambda$create$0(161)) - Sending CreatePipelineCommand for pipeline:PipelineID=f9923a9a-38f6-464c-a73a-98195f5edd6e to datanode:84989a57-0b18-4228-8d2c-881f34c13802
2020-11-01 01:34:57,405 [RatisPipelineUtilsThread] INFO  pipeline.PipelineStateManager (PipelineStateManager.java:addPipeline(54)) - Created pipeline Pipeline[ Id: f9923a9a-38f6-464c-a73a-98195f5edd6e, Nodes: f6eee0b7-a520-4e1c-a247-ba4eb4f2c5fb{ip: 172.17.0.2, host: 6eaeb98a1ebc, networkLocation: /default-rack, certSerialId: null}62e255de-43fd-4033-9a50-3f7e8b93f875{ip: 172.17.0.2, host: 6eaeb98a1ebc, networkLocation: /default-rack, certSerialId: null}84989a57-0b18-4228-8d2c-881f34c13802{ip: 172.17.0.2, host: 6eaeb98a1ebc, networkLocation: /default-rack, certSerialId: null}, Type:RATIS, Factor:THREE, State:ALLOCATED, leaderId:, CreationTimestamp2020-11-01T01:34:57.404Z]
2020-11-01 01:34:58,401 [Listener at 127.0.0.1/11328] INFO  ozone.MiniOzoneClusterImpl (MiniOzoneClusterImpl.java:lambda$waitForClusterToBeReady$0(177)) - Nodes are ready. Got 3 of 3 DN Heartbeats.
2020-11-01 01:34:58,401 [Listener at 127.0.0.1/11328] INFO  ozone.MiniOzoneClusterImpl (MiniOzoneClusterImpl.java:lambda$waitForClusterToBeReady$0(180)) - Waiting for cluster to exit safe mode
2020-11-01 01:34:59,401 [Listener at 127.0.0.1/11328] INFO  ozone.MiniOzoneClusterImpl (MiniOzoneClusterImpl.java:lambda$waitForClusterToBeReady$0(177)) - Nodes are ready. Got 3 of 3 DN Heartbeats.
2020-11-01 01:34:59,401 [Listener at 127.0.0.1/11328] INFO  ozone.MiniOzoneClusterImpl (MiniOzoneClusterImpl.java:lambda$waitForClusterToBeReady$0(180)) - Waiting for cluster to exit safe mode
2020-11-01 01:34:59,660 [Command processor thread] INFO  impl.RaftServerProxy (RaftServerProxy.java:addNew(92)) - 62e255de-43fd-4033-9a50-3f7e8b93f875: addNew group-30AAAB21101F:[62e255de-43fd-4033-9a50-3f7e8b93f875:172.17.0.2:43717:0] returns group-30AAAB21101F:java.util.concurrent.CompletableFuture@70c81fe1[Not completed]
2020-11-01 01:34:59,686 [pool-70-thread-1] INFO  impl.RaftServerImpl (RaftServerImpl.java:<init>(120)) - 62e255de-43fd-4033-9a50-3f7e8b93f875: new RaftServerImpl for group-30AAAB21101F:[62e255de-43fd-4033-9a50-3f7e8b93f875:172.17.0.2:43717:0] with ContainerStateMachine:uninitialized
2020-11-01 01:34:59,687 [pool-70-thread-1] INFO  server.RaftServerConfigKeys (ConfUtils.java:logGet(44)) - raft.server.rpc.timeout.min = 5s (custom)
2020-11-01 01:34:59,687 [pool-70-thread-1] INFO  server.RaftServerConfigKeys (ConfUtils.java:logGet(44)) - raft.server.rpc.timeout.max = 5200ms (custom)
2020-11-01 01:34:59,687 [pool-70-thread-1] INFO  server.RaftServerConfigKeys (ConfUtils.java:logGet(44)) - raft.server.rpcslowness.timeout = 300s (custom)
2020-11-01 01:34:59,687 [pool-70-thread-1] INFO  server.RaftServerConfigKeys (ConfUtils.java:logGet(44)) - raft.server.sleep.deviation.threshold = 300 (default)
2020-11-01 01:34:59,687 [pool-70-thread-1] INFO  server.RaftServerConfigKeys (ConfUtils.java:logGet(44)) - raft.server.log.appender.install.snapshot.enabled = false (custom)
2020-11-01 01:34:59,687 [pool-70-thread-1] INFO  impl.RaftServerImpl (ServerState.java:<init>(104)) - 62e255de-43fd-4033-9a50-3f7e8b93f875@group-30AAAB21101F: ConfigurationManager, init=-1: [62e255de-43fd-4033-9a50-3f7e8b93f875:172.17.0.2:43717:0], old=null, confs=<EMPTY_MAP>
2020-11-01 01:34:59,688 [pool-70-thread-1] INFO  server.RaftServerConfigKeys (ConfUtils.java:logGet(44)) - raft.server.storage.dir = [/github/workspace/mnt/ozone/hadoop-ozone/integration-test/target/test-dir/MiniOzoneClusterImpl-ecf2639c-de0d-4ab3-a94d-e94508b7a11d/datanode-0/data/ratis] (custom)
2020-11-01 01:34:59,688 [pool-70-thread-1] INFO  server.RaftServerConfigKeys (ConfUtils.java:logGet(44)) - raft.server.log.corruption.policy = EXCEPTION (default)
2020-11-01 01:34:59,688 [pool-70-thread-1] INFO  storage.RaftStorageDirectory (RaftStorageDirectory.java:analyzeStorage(261)) - The storage directory /github/workspace/mnt/ozone/hadoop-ozone/integration-test/target/test-dir/MiniOzoneClusterImpl-ecf2639c-de0d-4ab3-a94d-e94508b7a11d/datanode-0/data/ratis/9855849e-d3eb-4d34-8ebe-30aaab21101f does not exist. Creating ...
2020-11-01 01:34:59,690 [pool-70-thread-1] INFO  storage.RaftStorageDirectory (RaftStorageDirectory.java:tryLock(343)) - Lock on /github/workspace/mnt/ozone/hadoop-ozone/integration-test/target/test-dir/MiniOzoneClusterImpl-ecf2639c-de0d-4ab3-a94d-e94508b7a11d/datanode-0/data/ratis/9855849e-d3eb-4d34-8ebe-30aaab21101f/in_use.lock acquired by nodename 17732@6eaeb98a1ebc
2020-11-01 01:34:59,691 [pool-70-thread-1] INFO  storage.RaftStorage (RaftStorage.java:format(84)) - Storage directory /github/workspace/mnt/ozone/hadoop-ozone/integration-test/target/test-dir/MiniOzoneClusterImpl-ecf2639c-de0d-4ab3-a94d-e94508b7a11d/datanode-0/data/ratis/9855849e-d3eb-4d34-8ebe-30aaab21101f has been successfully formatted.
2020-11-01 01:34:59,695 [pool-70-thread-1] INFO  ratis.ContainerStateMachine (ContainerStateMachine.java:loadSnapshot(225)) - group-30AAAB21101F: The snapshot info is null. Setting the last applied indexto:(t:0, i:~)
2020-11-01 01:34:59,695 [pool-70-thread-1] INFO  server.RaftServerConfigKeys (ConfUtils.java:logGet(44)) - raft.server.notification.no-leader.timeout = 300s (custom)
2020-11-01 01:34:59,695 [pool-70-thread-1] INFO  server.RaftServerConfigKeys (ConfUtils.java:logGet(44)) - raft.server.log.use.memory = false (default)
2020-11-01 01:34:59,695 [pool-70-thread-1] INFO  server.RaftServerConfigKeys (ConfUtils.java:logGet(44)) - raft.server.log.purge.gap = 1000000 (custom)
2020-11-01 01:34:59,695 [pool-70-thread-1] INFO  metrics.RatisMetrics (RatisMetrics.java:lambda$create$0(36)) - Creating Metrics Registry : ratis.log_worker.62e255de-43fd-4033-9a50-3f7e8b93f875@group-30AAAB21101F
2020-11-01 01:34:59,696 [pool-70-thread-1] INFO  server.RaftServerConfigKeys (ConfUtils.java:logGet(44)) - raft.server.log.appender.buffer.byte-limit = 33554432 (custom)
2020-11-01 01:34:59,696 [pool-70-thread-1] INFO  server.RaftServerConfigKeys (ConfUtils.java:logGet(44)) - raft.server.log.segment.size.max = 1048576 (custom)
2020-11-01 01:34:59,697 [pool-70-thread-1] INFO  server.RaftServerConfigKeys (ConfUtils.java:logGet(44)) - raft.server.log.segment.cache.num.max = 2 (custom)
2020-11-01 01:34:59,697 [pool-70-thread-1] INFO  segmented.SegmentedRaftLogWorker (SegmentedRaftLogWorker.java:<init>(180)) - new 62e255de-43fd-4033-9a50-3f7e8b93f875@group-30AAAB21101F-SegmentedRaftLogWorker for RaftStorage:Storage Directory /github/workspace/mnt/ozone/hadoop-ozone/integration-test/target/test-dir/MiniOzoneClusterImpl-ecf2639c-de0d-4ab3-a94d-e94508b7a11d/datanode-0/data/ratis/9855849e-d3eb-4d34-8ebe-30aaab21101f
2020-11-01 01:34:59,697 [pool-70-thread-1] INFO  server.RaftServerConfigKeys (ConfUtils.java:logGet(44)) - raft.server.log.queue.byte-limit = 2147483647 (custom)
2020-11-01 01:34:59,697 [pool-70-thread-1] INFO  server.RaftServerConfigKeys (ConfUtils.java:logGet(44)) - raft.server.log.queue.element-limit = 1024 (custom)
2020-11-01 01:34:59,698 [pool-70-thread-1] INFO  server.RaftServerConfigKeys (ConfUtils.java:logGet(44)) - raft.server.log.segment.size.max = 1048576 (custom)
2020-11-01 01:34:59,698 [pool-70-thread-1] INFO  server.RaftServerConfigKeys (ConfUtils.java:logGet(44)) - raft.server.log.preallocated.size = 16384 (custom)
2020-11-01 01:34:59,698 [pool-70-thread-1] INFO  server.RaftServerConfigKeys (ConfUtils.java:logGet(44)) - raft.server.log.write.buffer.size = 1048576 (custom)
2020-11-01 01:34:59,698 [pool-70-thread-1] INFO  server.RaftServerConfigKeys (ConfUtils.java:logGet(44)) - raft.server.log.force.sync.num = 128 (default)
2020-11-01 01:34:59,698 [pool-70-thread-1] INFO  server.RaftServerConfigKeys (ConfUtils.java:logGet(44)) - raft.server.log.statemachine.data.sync = true (default)
2020-11-01 01:34:59,698 [pool-70-thread-1] INFO  server.RaftServerConfigKeys (ConfUtils.java:logGet(44)) - raft.server.log.statemachine.data.sync.timeout = 10s (default)
2020-11-01 01:34:59,699 [pool-70-thread-1] INFO  server.RaftServerConfigKeys (ConfUtils.java:logGet(44)) - raft.server.log.statemachine.data.sync.timeout.retry = -1 (default)
2020-11-01 01:34:59,701 [pool-70-thread-1] INFO  server.RaftServerConfigKeys (ConfUtils.java:logGet(44)) - raft.server.log.statemachine.data.caching.enabled = true (custom)
2020-11-01 01:34:59,701 [pool-70-thread-1] INFO  segmented.SegmentedRaftLogWorker (SegmentedRaftLogWorker.java:lambda$new$0(129)) - 62e255de-43fd-4033-9a50-3f7e8b93f875@group-30AAAB21101F-SegmentedRaftLogWorker: flushIndex: setUnconditionally 0 -> -1
2020-11-01 01:34:59,701 [pool-70-thread-1] INFO  segmented.SegmentedRaftLogWorker (SegmentedRaftLogWorker.java:lambda$new$0(129)) - 62e255de-43fd-4033-9a50-3f7e8b93f875@group-30AAAB21101F-SegmentedRaftLogWorker: safeCacheEvictIndex: setUnconditionally 0 -> -1
2020-11-01 01:34:59,702 [pool-70-thread-1] INFO  server.RaftServerConfigKeys (ConfUtils.java:logGet(44)) - raft.server.snapshot.auto.trigger.enabled = true (custom)
2020-11-01 01:34:59,702 [pool-70-thread-1] INFO  server.RaftServerConfigKeys (ConfUtils.java:logGet(44)) - raft.server.snapshot.auto.trigger.threshold = 10000 (custom)
2020-11-01 01:34:59,702 [pool-70-thread-1] INFO  server.RaftServerConfigKeys (ConfUtils.java:logGet(44)) - raft.server.snapshot.retention.file.num = 5 (custom)
2020-11-01 01:34:59,702 [pool-70-thread-1] INFO  server.RaftServerConfigKeys (ConfUtils.java:logGet(44)) - raft.server.log.purge.upto.snapshot.index = false (default)
2020-11-01 01:34:59,702 [pool-70-thread-1] INFO  server.RaftServerConfigKeys (ConfUtils.java:logGet(44)) - raft.server.retrycache.expirytime = 600000ms (custom)
2020-11-01 01:34:59,702 [pool-70-thread-1] INFO  metrics.RatisMetrics (RatisMetrics.java:lambda$create$0(36)) - Creating Metrics Registry : ratis.leader_election.62e255de-43fd-4033-9a50-3f7e8b93f875@group-30AAAB21101F
2020-11-01 01:34:59,703 [pool-70-thread-1] INFO  metrics.RatisMetrics (RatisMetrics.java:lambda$create$0(36)) - Creating Metrics Registry : ratis.server.62e255de-43fd-4033-9a50-3f7e8b93f875@group-30AAAB21101F
2020-11-01 01:34:59,704 [pool-70-thread-1] INFO  impl.RaftServerImpl (RaftServerImpl.java:start(209)) - 62e255de-43fd-4033-9a50-3f7e8b93f875@group-30AAAB21101F: start as a follower, conf=-1: [62e255de-43fd-4033-9a50-3f7e8b93f875:172.17.0.2:43717:0], old=null
2020-11-01 01:34:59,704 [pool-70-thread-1] INFO  impl.RaftServerImpl (RaftServerImpl.java:setRole(198)) - 62e255de-43fd-4033-9a50-3f7e8b93f875@group-30AAAB21101F: changes role from      null to FOLLOWER at term 0 for startAsFollower
2020-11-01 01:34:59,705 [pool-70-thread-1] INFO  impl.RoleInfo (RoleInfo.java:updateAndGet(143)) - 62e255de-43fd-4033-9a50-3f7e8b93f875: start FollowerState
2020-11-01 01:34:59,716 [pool-70-thread-1] INFO  util.JmxRegister (JmxRegister.java:tryRegister(44)) - Successfully registered JMX Bean with object name Ratis:service=RaftServer,group=group-30AAAB21101F,id=62e255de-43fd-4033-9a50-3f7e8b93f875
2020-11-01 01:34:59,717 [pool-70-thread-1] INFO  metrics.RatisMetrics (RatisMetrics.java:lambda$create$0(36)) - Creating Metrics Registry : ratis.state_machine.62e255de-43fd-4033-9a50-3f7e8b93f875@group-30AAAB21101F
2020-11-01 01:34:59,719 [Command processor thread] INFO  commandhandler.CreatePipelineCommandHandler (CreatePipelineCommandHandler.java:handle(106)) - Created Pipeline RATIS ONE PipelineID=9855849e-d3eb-4d34-8ebe-30aaab21101f.
2020-11-01 01:34:59,719 [Command processor thread] INFO  impl.RaftServerProxy (RaftServerProxy.java:addNew(92)) - 62e255de-43fd-4033-9a50-3f7e8b93f875: addNew group-98195F5EDD6E:[f6eee0b7-a520-4e1c-a247-ba4eb4f2c5fb:172.17.0.2:34765:0, 84989a57-0b18-4228-8d2c-881f34c13802:172.17.0.2:44529:0, 62e255de-43fd-4033-9a50-3f7e8b93f875:172.17.0.2:43717:0] returns group-98195F5EDD6E:java.util.concurrent.CompletableFuture@23adc6ec[Not completed]
2020-11-01 01:34:59,721 [pool-70-thread-1] INFO  impl.RaftServerImpl (RaftServerImpl.java:<init>(120)) - 62e255de-43fd-4033-9a50-3f7e8b93f875: new RaftServerImpl for group-98195F5EDD6E:[f6eee0b7-a520-4e1c-a247-ba4eb4f2c5fb:172.17.0.2:34765:0, 84989a57-0b18-4228-8d2c-881f34c13802:172.17.0.2:44529:0, 62e255de-43fd-4033-9a50-3f7e8b93f875:172.17.0.2:43717:0] with ContainerStateMachine:uninitialized
2020-11-01 01:34:59,721 [pool-70-thread-1] INFO  server.RaftServerConfigKeys (ConfUtils.java:logGet(44)) - raft.server.rpc.timeout.min = 5s (custom)
2020-11-01 01:34:59,721 [pool-70-thread-1] INFO  server.RaftServerConfigKeys (ConfUtils.java:logGet(44)) - raft.server.rpc.timeout.max = 5200ms (custom)
2020-11-01 01:34:59,721 [pool-70-thread-1] INFO  server.RaftServerConfigKeys (ConfUtils.java:logGet(44)) - raft.server.rpcslowness.timeout = 300s (custom)
2020-11-01 01:34:59,721 [pool-70-thread-1] INFO  server.RaftServerConfigKeys (ConfUtils.java:logGet(44)) - raft.server.sleep.deviation.threshold = 300 (default)
2020-11-01 01:34:59,721 [pool-70-thread-1] INFO  server.RaftServerConfigKeys (ConfUtils.java:logGet(44)) - raft.server.log.appender.install.snapshot.enabled = false (custom)
2020-11-01 01:34:59,721 [pool-70-thread-1] INFO  impl.RaftServerImpl (ServerState.java:<init>(104)) - 62e255de-43fd-4033-9a50-3f7e8b93f875@group-98195F5EDD6E: ConfigurationManager, init=-1: [f6eee0b7-a520-4e1c-a247-ba4eb4f2c5fb:172.17.0.2:34765:0, 84989a57-0b18-4228-8d2c-881f34c13802:172.17.0.2:44529:0, 62e255de-43fd-4033-9a50-3f7e8b93f875:172.17.0.2:43717:0], old=null, confs=<EMPTY_MAP>
2020-11-01 01:34:59,721 [pool-70-thread-1] INFO  server.RaftServerConfigKeys (ConfUtils.java:logGet(44)) - raft.server.storage.dir = [/github/workspace/mnt/ozone/hadoop-ozone/integration-test/target/test-dir/MiniOzoneClusterImpl-ecf2639c-de0d-4ab3-a94d-e94508b7a11d/datanode-0/data/ratis] (custom)
2020-11-01 01:34:59,722 [pool-70-thread-1] INFO  server.RaftServerConfigKeys (ConfUtils.java:logGet(44)) - raft.server.log.corruption.policy = EXCEPTION (default)
2020-11-01 01:34:59,722 [pool-70-thread-1] INFO  storage.RaftStorageDirectory (RaftStorageDirectory.java:analyzeStorage(261)) - The storage directory /github/workspace/mnt/ozone/hadoop-ozone/integration-test/target/test-dir/MiniOzoneClusterImpl-ecf2639c-de0d-4ab3-a94d-e94508b7a11d/datanode-0/data/ratis/f9923a9a-38f6-464c-a73a-98195f5edd6e does not exist. Creating ...
2020-11-01 01:34:59,723 [pool-70-thread-1] INFO  storage.RaftStorageDirectory (RaftStorageDirectory.java:tryLock(343)) - Lock on /github/workspace/mnt/ozone/hadoop-ozone/integration-test/target/test-dir/MiniOzoneClusterImpl-ecf2639c-de0d-4ab3-a94d-e94508b7a11d/datanode-0/data/ratis/f9923a9a-38f6-464c-a73a-98195f5edd6e/in_use.lock acquired by nodename 17732@6eaeb98a1ebc
2020-11-01 01:34:59,724 [pool-70-thread-1] INFO  storage.RaftStorage (RaftStorage.java:format(84)) - Storage directory /github/workspace/mnt/ozone/hadoop-ozone/integration-test/target/test-dir/MiniOzoneClusterImpl-ecf2639c-de0d-4ab3-a94d-e94508b7a11d/datanode-0/data/ratis/f9923a9a-38f6-464c-a73a-98195f5edd6e has been successfully formatted.
2020-11-01 01:34:59,724 [pool-70-thread-1] INFO  ratis.ContainerStateMachine (ContainerStateMachine.java:loadSnapshot(225)) - group-98195F5EDD6E: The snapshot info is null. Setting the last applied indexto:(t:0, i:~)
2020-11-01 01:34:59,724 [pool-70-thread-1] INFO  server.RaftServerConfigKeys (ConfUtils.java:logGet(44)) - raft.server.notification.no-leader.timeout = 300s (custom)
2020-11-01 01:34:59,724 [pool-70-thread-1] INFO  server.RaftServerConfigKeys (ConfUtils.java:logGet(44)) - raft.server.log.use.memory = false (default)
2020-11-01 01:34:59,724 [pool-70-thread-1] INFO  server.RaftServerConfigKeys (ConfUtils.java:logGet(44)) - raft.server.log.purge.gap = 1000000 (custom)
2020-11-01 01:34:59,725 [pool-70-thread-1] INFO  metrics.RatisMetrics (RatisMetrics.java:lambda$create$0(36)) - Creating Metrics Registry : ratis.log_worker.62e255de-43fd-4033-9a50-3f7e8b93f875@group-98195F5EDD6E
2020-11-01 01:34:59,725 [pool-70-thread-1] INFO  server.RaftServerConfigKeys (ConfUtils.java:logGet(44)) - raft.server.log.appender.buffer.byte-limit = 33554432 (custom)
2020-11-01 01:34:59,725 [pool-70-thread-1] INFO  server.RaftServerConfigKeys (ConfUtils.java:logGet(44)) - raft.server.log.segment.size.max = 1048576 (custom)
2020-11-01 01:34:59,725 [pool-70-thread-1] INFO  server.RaftServerConfigKeys (ConfUtils.java:logGet(44)) - raft.server.log.segment.cache.num.max = 2 (custom)
2020-11-01 01:34:59,725 [pool-70-thread-1] INFO  segmented.SegmentedRaftLogWorker (SegmentedRaftLogWorker.java:<init>(180)) - new 62e255de-43fd-4033-9a50-3f7e8b93f875@group-98195F5EDD6E-SegmentedRaftLogWorker for RaftStorage:Storage Directory /github/workspace/mnt/ozone/hadoop-ozone/integration-test/target/test-dir/MiniOzoneClusterImpl-ecf2639c-de0d-4ab3-a94d-e94508b7a11d/datanode-0/data/ratis/f9923a9a-38f6-464c-a73a-98195f5edd6e
2020-11-01 01:34:59,726 [pool-70-thread-1] INFO  server.RaftServerConfigKeys (ConfUtils.java:logGet(44)) - raft.server.log.queue.byte-limit = 2147483647 (custom)
2020-11-01 01:34:59,726 [pool-70-thread-1] INFO  server.RaftServerConfigKeys (ConfUtils.java:logGet(44)) - raft.server.log.queue.element-limit = 1024 (custom)
2020-11-01 01:34:59,726 [pool-70-thread-1] INFO  server.RaftServerConfigKeys (ConfUtils.java:logGet(44)) - raft.server.log.segment.size.max = 1048576 (custom)
2020-11-01 01:34:59,726 [pool-70-thread-1] INFO  server.RaftServerConfigKeys (ConfUtils.java:logGet(44)) - raft.server.log.preallocated.size = 16384 (custom)
2020-11-01 01:34:59,726 [pool-70-thread-1] INFO  server.RaftServerConfigKeys (ConfUtils.java:logGet(44)) - raft.server.log.write.buffer.size = 1048576 (custom)
2020-11-01 01:34:59,726 [pool-70-thread-1] INFO  server.RaftServerConfigKeys (ConfUtils.java:logGet(44)) - raft.server.log.force.sync.num = 128 (default)
2020-11-01 01:34:59,726 [pool-70-thread-1] INFO  server.RaftServerConfigKeys (ConfUtils.java:logGet(44)) - raft.server.log.statemachine.data.sync = true (default)
2020-11-01 01:34:59,726 [pool-70-thread-1] INFO  server.RaftServerConfigKeys (ConfUtils.java:logGet(44)) - raft.server.log.statemachine.data.sync.timeout = 10s (default)
2020-11-01 01:34:59,726 [pool-70-thread-1] INFO  server.RaftServerConfigKeys (ConfUtils.java:logGet(44)) - raft.server.log.statemachine.data.sync.timeout.retry = -1 (default)
2020-11-01 01:34:59,732 [pool-70-thread-1] INFO  server.RaftServerConfigKeys (ConfUtils.java:logGet(44)) - raft.server.log.statemachine.data.caching.enabled = true (custom)
2020-11-01 01:34:59,733 [pool-70-thread-1] INFO  segmented.SegmentedRaftLogWorker (SegmentedRaftLogWorker.java:lambda$new$0(129)) - 62e255de-43fd-4033-9a50-3f7e8b93f875@group-98195F5EDD6E-SegmentedRaftLogWorker: flushIndex: setUnconditionally 0 -> -1
2020-11-01 01:34:59,733 [pool-70-thread-1] INFO  segmented.SegmentedRaftLogWorker (SegmentedRaftLogWorker.java:lambda$new$0(129)) - 62e255de-43fd-4033-9a50-3f7e8b93f875@group-98195F5EDD6E-SegmentedRaftLogWorker: safeCacheEvictIndex: setUnconditionally 0 -> -1
2020-11-01 01:34:59,733 [EventQueue-PipelineReportForPipelineReportHandler] INFO  pipeline.PipelineStateManager (PipelineStateManager.java:openPipeline(132)) - Pipeline Pipeline[ Id: 9855849e-d3eb-4d34-8ebe-30aaab21101f, Nodes: 62e255de-43fd-4033-9a50-3f7e8b93f875{ip: 172.17.0.2, host: 6eaeb98a1ebc, networkLocation: /default-rack, certSerialId: null}, Type:RATIS, Factor:ONE, State:ALLOCATED, leaderId:62e255de-43fd-4033-9a50-3f7e8b93f875, CreationTimestamp2020-11-01T01:34:56.708Z] moved to OPEN state
2020-11-01 01:34:59,737 [EventQueue-OpenPipelineForHealthyPipelineSafeModeRule] INFO  safemode.SCMSafeModeManager (HealthyPipelineSafeModeRule.java:process(129)) - SCM in safe mode. Healthy pipelines reported count is 0, required healthy pipeline reported count is 1
2020-11-01 01:34:59,737 [EventQueue-OpenPipelineForOneReplicaPipelineSafeModeRule] INFO  safemode.SCMSafeModeManager (SCMSafeModeManager.java:validateSafeModeExitRules(214)) - AtleastOneDatanodeReportedRule rule is successfully validated
2020-11-01 01:34:59,737 [pool-70-thread-1] INFO  server.RaftServerConfigKeys (ConfUtils.java:logGet(44)) - raft.server.snapshot.auto.trigger.enabled = true (custom)
2020-11-01 01:34:59,737 [pool-70-thread-1] INFO  server.RaftServerConfigKeys (ConfUtils.java:logGet(44)) - raft.server.snapshot.auto.trigger.threshold = 10000 (custom)
2020-11-01 01:34:59,737 [pool-70-thread-1] INFO  server.RaftServerConfigKeys (ConfUtils.java:logGet(44)) - raft.server.snapshot.retention.file.num = 5 (custom)
2020-11-01 01:34:59,737 [pool-70-thread-1] INFO  server.RaftServerConfigKeys (ConfUtils.java:logGet(44)) - raft.server.log.purge.upto.snapshot.index = false (default)
2020-11-01 01:34:59,737 [pool-70-thread-1] INFO  server.RaftServerConfigKeys (ConfUtils.java:logGet(44)) - raft.server.retrycache.expirytime = 600000ms (custom)
2020-11-01 01:34:59,738 [pool-70-thread-1] INFO  metrics.RatisMetrics (RatisMetrics.java:lambda$create$0(36)) - Creating Metrics Registry : ratis.leader_election.62e255de-43fd-4033-9a50-3f7e8b93f875@group-98195F5EDD6E
2020-11-01 01:34:59,739 [pool-70-thread-1] INFO  metrics.RatisMetrics (RatisMetrics.java:lambda$create$0(36)) - Creating Metrics Registry : ratis.server.62e255de-43fd-4033-9a50-3f7e8b93f875@group-98195F5EDD6E
2020-11-01 01:34:59,740 [pool-70-thread-1] INFO  impl.RaftServerImpl (RaftServerImpl.java:start(209)) - 62e255de-43fd-4033-9a50-3f7e8b93f875@group-98195F5EDD6E: start as a follower, conf=-1: [f6eee0b7-a520-4e1c-a247-ba4eb4f2c5fb:172.17.0.2:34765:0, 84989a57-0b18-4228-8d2c-881f34c13802:172.17.0.2:44529:0, 62e255de-43fd-4033-9a50-3f7e8b93f875:172.17.0.2:43717:0], old=null
2020-11-01 01:34:59,740 [pool-70-thread-1] INFO  impl.RaftServerImpl (RaftServerImpl.java:setRole(198)) - 62e255de-43fd-4033-9a50-3f7e8b93f875@group-98195F5EDD6E: changes role from      null to FOLLOWER at term 0 for startAsFollower
2020-11-01 01:34:59,740 [pool-70-thread-1] INFO  impl.RoleInfo (RoleInfo.java:updateAndGet(143)) - 62e255de-43fd-4033-9a50-3f7e8b93f875: start FollowerState
2020-11-01 01:34:59,749 [pool-70-thread-1] INFO  util.JmxRegister (JmxRegister.java:tryRegister(44)) - Successfully registered JMX Bean with object name Ratis:service=RaftServer,group=group-98195F5EDD6E,id=62e255de-43fd-4033-9a50-3f7e8b93f875
2020-11-01 01:34:59,749 [pool-70-thread-1] INFO  metrics.RatisMetrics (RatisMetrics.java:lambda$create$0(36)) - Creating Metrics Registry : ratis.state_machine.62e255de-43fd-4033-9a50-3f7e8b93f875@group-98195F5EDD6E
2020-11-01 01:34:59,772 [Command processor thread] INFO  metrics.RatisMetrics (RatisMetrics.java:lambda$create$0(36)) - Creating Metrics Registry : ratis.client_message_metrics.client-41B6E277DA66->f6eee0b7-a520-4e1c-a247-ba4eb4f2c5fb
2020-11-01 01:34:59,796 [grpc-default-executor-0] INFO  metrics.RatisMetrics (RatisMetrics.java:lambda$create$0(36)) - Creating Metrics Registry : ratis.server_message_metrics.f6eee0b7-a520-4e1c-a247-ba4eb4f2c5fb
2020-11-01 01:34:59,805 [grpc-default-executor-0] INFO  impl.RaftServerProxy (RaftServerProxy.java:addNew(92)) - f6eee0b7-a520-4e1c-a247-ba4eb4f2c5fb: addNew group-98195F5EDD6E:[f6eee0b7-a520-4e1c-a247-ba4eb4f2c5fb:172.17.0.2:34765:0, 84989a57-0b18-4228-8d2c-881f34c13802:172.17.0.2:44529:0, 62e255de-43fd-4033-9a50-3f7e8b93f875:172.17.0.2:43717:0] returns group-98195F5EDD6E:java.util.concurrent.CompletableFuture@4e2564e0[Not completed]
2020-11-01 01:34:59,815 [pool-85-thread-1] INFO  impl.RaftServerImpl (RaftServerImpl.java:<init>(120)) - f6eee0b7-a520-4e1c-a247-ba4eb4f2c5fb: new RaftServerImpl for group-98195F5EDD6E:[f6eee0b7-a520-4e1c-a247-ba4eb4f2c5fb:172.17.0.2:34765:0, 84989a57-0b18-4228-8d2c-881f34c13802:172.17.0.2:44529:0, 62e255de-43fd-4033-9a50-3f7e8b93f875:172.17.0.2:43717:0] with ContainerStateMachine:uninitialized
2020-11-01 01:34:59,815 [pool-85-thread-1] INFO  server.RaftServerConfigKeys (ConfUtils.java:logGet(44)) - raft.server.rpc.timeout.min = 5s (custom)
2020-11-01 01:34:59,815 [pool-85-thread-1] INFO  server.RaftServerConfigKeys (ConfUtils.java:logGet(44)) - raft.server.rpc.timeout.max = 5200ms (custom)
2020-11-01 01:34:59,816 [pool-85-thread-1] INFO  server.RaftServerConfigKeys (ConfUtils.java:logGet(44)) - raft.server.rpcslowness.timeout = 300s (custom)
2020-11-01 01:34:59,816 [pool-85-thread-1] INFO  server.RaftServerConfigKeys (ConfUtils.java:logGet(44)) - raft.server.sleep.deviation.threshold = 300 (default)
2020-11-01 01:34:59,816 [pool-85-thread-1] INFO  server.RaftServerConfigKeys (ConfUtils.java:logGet(44)) - raft.server.log.appender.install.snapshot.enabled = false (custom)
2020-11-01 01:34:59,816 [pool-85-thread-1] INFO  impl.RaftServerImpl (ServerState.java:<init>(104)) - f6eee0b7-a520-4e1c-a247-ba4eb4f2c5fb@group-98195F5EDD6E: ConfigurationManager, init=-1: [f6eee0b7-a520-4e1c-a247-ba4eb4f2c5fb:172.17.0.2:34765:0, 84989a57-0b18-4228-8d2c-881f34c13802:172.17.0.2:44529:0, 62e255de-43fd-4033-9a50-3f7e8b93f875:172.17.0.2:43717:0], old=null, confs=<EMPTY_MAP>
2020-11-01 01:34:59,816 [pool-85-thread-1] INFO  server.RaftServerConfigKeys (ConfUtils.java:logGet(44)) - raft.server.storage.dir = [/github/workspace/mnt/ozone/hadoop-ozone/integration-test/target/test-dir/MiniOzoneClusterImpl-ecf2639c-de0d-4ab3-a94d-e94508b7a11d/datanode-1/data/ratis] (custom)
2020-11-01 01:34:59,817 [pool-85-thread-1] INFO  server.RaftServerConfigKeys (ConfUtils.java:logGet(44)) - raft.server.log.corruption.policy = EXCEPTION (default)
2020-11-01 01:34:59,817 [pool-85-thread-1] INFO  storage.RaftStorageDirectory (RaftStorageDirectory.java:analyzeStorage(261)) - The storage directory /github/workspace/mnt/ozone/hadoop-ozone/integration-test/target/test-dir/MiniOzoneClusterImpl-ecf2639c-de0d-4ab3-a94d-e94508b7a11d/datanode-1/data/ratis/f9923a9a-38f6-464c-a73a-98195f5edd6e does not exist. Creating ...
2020-11-01 01:34:59,818 [pool-85-thread-1] INFO  storage.RaftStorageDirectory (RaftStorageDirectory.java:tryLock(343)) - Lock on /github/workspace/mnt/ozone/hadoop-ozone/integration-test/target/test-dir/MiniOzoneClusterImpl-ecf2639c-de0d-4ab3-a94d-e94508b7a11d/datanode-1/data/ratis/f9923a9a-38f6-464c-a73a-98195f5edd6e/in_use.lock acquired by nodename 17732@6eaeb98a1ebc
2020-11-01 01:34:59,820 [pool-85-thread-1] INFO  storage.RaftStorage (RaftStorage.java:format(84)) - Storage directory /github/workspace/mnt/ozone/hadoop-ozone/integration-test/target/test-dir/MiniOzoneClusterImpl-ecf2639c-de0d-4ab3-a94d-e94508b7a11d/datanode-1/data/ratis/f9923a9a-38f6-464c-a73a-98195f5edd6e has been successfully formatted.
2020-11-01 01:34:59,824 [pool-85-thread-1] INFO  ratis.ContainerStateMachine (ContainerStateMachine.java:loadSnapshot(225)) - group-98195F5EDD6E: The snapshot info is null. Setting the last applied indexto:(t:0, i:~)
2020-11-01 01:34:59,826 [pool-85-thread-1] INFO  server.RaftServerConfigKeys (ConfUtils.java:logGet(44)) - raft.server.notification.no-leader.timeout = 300s (custom)
2020-11-01 01:34:59,826 [pool-85-thread-1] INFO  server.RaftServerConfigKeys (ConfUtils.java:logGet(44)) - raft.server.log.use.memory = false (default)
2020-11-01 01:34:59,827 [pool-85-thread-1] INFO  server.RaftServerConfigKeys (ConfUtils.java:logGet(44)) - raft.server.log.purge.gap = 1000000 (custom)
2020-11-01 01:34:59,827 [pool-85-thread-1] INFO  metrics.RatisMetrics (RatisMetrics.java:lambda$create$0(36)) - Creating Metrics Registry : ratis.log_worker.f6eee0b7-a520-4e1c-a247-ba4eb4f2c5fb@group-98195F5EDD6E
2020-11-01 01:34:59,829 [pool-85-thread-1] INFO  server.RaftServerConfigKeys (ConfUtils.java:logGet(44)) - raft.server.log.appender.buffer.byte-limit = 33554432 (custom)
2020-11-01 01:34:59,829 [pool-85-thread-1] INFO  server.RaftServerConfigKeys (ConfUtils.java:logGet(44)) - raft.server.log.segment.size.max = 1048576 (custom)
2020-11-01 01:34:59,829 [pool-85-thread-1] INFO  server.RaftServerConfigKeys (ConfUtils.java:logGet(44)) - raft.server.log.segment.cache.num.max = 2 (custom)
2020-11-01 01:34:59,829 [pool-85-thread-1] INFO  segmented.SegmentedRaftLogWorker (SegmentedRaftLogWorker.java:<init>(180)) - new f6eee0b7-a520-4e1c-a247-ba4eb4f2c5fb@group-98195F5EDD6E-SegmentedRaftLogWorker for RaftStorage:Storage Directory /github/workspace/mnt/ozone/hadoop-ozone/integration-test/target/test-dir/MiniOzoneClusterImpl-ecf2639c-de0d-4ab3-a94d-e94508b7a11d/datanode-1/data/ratis/f9923a9a-38f6-464c-a73a-98195f5edd6e
2020-11-01 01:34:59,829 [pool-85-thread-1] INFO  server.RaftServerConfigKeys (ConfUtils.java:logGet(44)) - raft.server.log.queue.byte-limit = 2147483647 (custom)
2020-11-01 01:34:59,830 [pool-85-thread-1] INFO  server.RaftServerConfigKeys (ConfUtils.java:logGet(44)) - raft.server.log.queue.element-limit = 1024 (custom)
2020-11-01 01:34:59,830 [pool-85-thread-1] INFO  server.RaftServerConfigKeys (ConfUtils.java:logGet(44)) - raft.server.log.segment.size.max = 1048576 (custom)
2020-11-01 01:34:59,830 [pool-85-thread-1] INFO  server.RaftServerConfigKeys (ConfUtils.java:logGet(44)) - raft.server.log.preallocated.size = 16384 (custom)
2020-11-01 01:34:59,830 [pool-85-thread-1] INFO  server.RaftServerConfigKeys (ConfUtils.java:logGet(44)) - raft.server.log.write.buffer.size = 1048576 (custom)
2020-11-01 01:34:59,830 [pool-85-thread-1] INFO  server.RaftServerConfigKeys (ConfUtils.java:logGet(44)) - raft.server.log.force.sync.num = 128 (default)
2020-11-01 01:34:59,830 [pool-85-thread-1] INFO  server.RaftServerConfigKeys (ConfUtils.java:logGet(44)) - raft.server.log.statemachine.data.sync = true (default)
2020-11-01 01:34:59,830 [pool-85-thread-1] INFO  server.RaftServerConfigKeys (ConfUtils.java:logGet(44)) - raft.server.log.statemachine.data.sync.timeout = 10s (default)
2020-11-01 01:34:59,830 [pool-85-thread-1] INFO  server.RaftServerConfigKeys (ConfUtils.java:logGet(44)) - raft.server.log.statemachine.data.sync.timeout.retry = -1 (default)
2020-11-01 01:34:59,836 [pool-85-thread-1] INFO  server.RaftServerConfigKeys (ConfUtils.java:logGet(44)) - raft.server.log.statemachine.data.caching.enabled = true (custom)
2020-11-01 01:34:59,837 [pool-85-thread-1] INFO  segmented.SegmentedRaftLogWorker (SegmentedRaftLogWorker.java:lambda$new$0(129)) - f6eee0b7-a520-4e1c-a247-ba4eb4f2c5fb@group-98195F5EDD6E-SegmentedRaftLogWorker: flushIndex: setUnconditionally 0 -> -1
2020-11-01 01:34:59,837 [pool-85-thread-1] INFO  segmented.SegmentedRaftLogWorker (SegmentedRaftLogWorker.java:lambda$new$0(129)) - f6eee0b7-a520-4e1c-a247-ba4eb4f2c5fb@group-98195F5EDD6E-SegmentedRaftLogWorker: safeCacheEvictIndex: setUnconditionally 0 -> -1
2020-11-01 01:34:59,837 [pool-85-thread-1] INFO  server.RaftServerConfigKeys (ConfUtils.java:logGet(44)) - raft.server.snapshot.auto.trigger.enabled = true (custom)
2020-11-01 01:34:59,837 [pool-85-thread-1] INFO  server.RaftServerConfigKeys (ConfUtils.java:logGet(44)) - raft.server.snapshot.auto.trigger.threshold = 10000 (custom)
2020-11-01 01:34:59,837 [pool-85-thread-1] INFO  server.RaftServerConfigKeys (ConfUtils.java:logGet(44)) - raft.server.snapshot.retention.file.num = 5 (custom)
2020-11-01 01:34:59,837 [pool-85-thread-1] INFO  server.RaftServerConfigKeys (ConfUtils.java:logGet(44)) - raft.server.log.purge.upto.snapshot.index = false (default)
2020-11-01 01:34:59,837 [pool-85-thread-1] INFO  server.RaftServerConfigKeys (ConfUtils.java:logGet(44)) - raft.server.retrycache.expirytime = 600000ms (custom)
2020-11-01 01:34:59,838 [pool-85-thread-1] INFO  metrics.RatisMetrics (RatisMetrics.java:lambda$create$0(36)) - Creating Metrics Registry : ratis.leader_election.f6eee0b7-a520-4e1c-a247-ba4eb4f2c5fb@group-98195F5EDD6E
2020-11-01 01:34:59,838 [pool-85-thread-1] INFO  metrics.RatisMetrics (RatisMetrics.java:lambda$create$0(36)) - Creating Metrics Registry : ratis.server.f6eee0b7-a520-4e1c-a247-ba4eb4f2c5fb@group-98195F5EDD6E
2020-11-01 01:34:59,839 [pool-85-thread-1] INFO  impl.RaftServerImpl (RaftServerImpl.java:start(209)) - f6eee0b7-a520-4e1c-a247-ba4eb4f2c5fb@group-98195F5EDD6E: start as a follower, conf=-1: [f6eee0b7-a520-4e1c-a247-ba4eb4f2c5fb:172.17.0.2:34765:0, 84989a57-0b18-4228-8d2c-881f34c13802:172.17.0.2:44529:0, 62e255de-43fd-4033-9a50-3f7e8b93f875:172.17.0.2:43717:0], old=null
2020-11-01 01:34:59,839 [pool-85-thread-1] INFO  impl.RaftServerImpl (RaftServerImpl.java:setRole(198)) - f6eee0b7-a520-4e1c-a247-ba4eb4f2c5fb@group-98195F5EDD6E: changes role from      null to FOLLOWER at term 0 for startAsFollower
2020-11-01 01:34:59,840 [pool-85-thread-1] INFO  impl.RoleInfo (RoleInfo.java:updateAndGet(143)) - f6eee0b7-a520-4e1c-a247-ba4eb4f2c5fb: start FollowerState
2020-11-01 01:34:59,840 [pool-85-thread-1] INFO  util.JmxRegister (JmxRegister.java:tryRegister(44)) - Successfully registered JMX Bean with object name Ratis:service=RaftServer,group=group-98195F5EDD6E,id=f6eee0b7-a520-4e1c-a247-ba4eb4f2c5fb
2020-11-01 01:34:59,840 [pool-85-thread-1] INFO  metrics.RatisMetrics (RatisMetrics.java:lambda$create$0(36)) - Creating Metrics Registry : ratis.state_machine.f6eee0b7-a520-4e1c-a247-ba4eb4f2c5fb@group-98195F5EDD6E
2020-11-01 01:34:59,860 [Command processor thread] INFO  metrics.RatisMetrics (RatisMetrics.java:lambda$create$0(36)) - Creating Metrics Registry : ratis.client_message_metrics.client-83A13BAD068C->84989a57-0b18-4228-8d2c-881f34c13802
2020-11-01 01:34:59,867 [grpc-default-executor-0] INFO  metrics.RatisMetrics (RatisMetrics.java:lambda$create$0(36)) - Creating Metrics Registry : ratis.server_message_metrics.84989a57-0b18-4228-8d2c-881f34c13802
2020-11-01 01:34:59,871 [grpc-default-executor-0] INFO  impl.RaftServerProxy (RaftServerProxy.java:addNew(92)) - 84989a57-0b18-4228-8d2c-881f34c13802: addNew group-98195F5EDD6E:[f6eee0b7-a520-4e1c-a247-ba4eb4f2c5fb:172.17.0.2:34765:0, 84989a57-0b18-4228-8d2c-881f34c13802:172.17.0.2:44529:0, 62e255de-43fd-4033-9a50-3f7e8b93f875:172.17.0.2:43717:0] returns group-98195F5EDD6E:java.util.concurrent.CompletableFuture@29825049[Not completed]
2020-11-01 01:34:59,877 [pool-101-thread-1] INFO  impl.RaftServerImpl (RaftServerImpl.java:<init>(120)) - 84989a57-0b18-4228-8d2c-881f34c13802: new RaftServerImpl for group-98195F5EDD6E:[f6eee0b7-a520-4e1c-a247-ba4eb4f2c5fb:172.17.0.2:34765:0, 84989a57-0b18-4228-8d2c-881f34c13802:172.17.0.2:44529:0, 62e255de-43fd-4033-9a50-3f7e8b93f875:172.17.0.2:43717:0] with ContainerStateMachine:uninitialized
2020-11-01 01:34:59,880 [pool-101-thread-1] INFO  server.RaftServerConfigKeys (ConfUtils.java:logGet(44)) - raft.server.rpc.timeout.min = 5s (custom)
2020-11-01 01:34:59,880 [pool-101-thread-1] INFO  server.RaftServerConfigKeys (ConfUtils.java:logGet(44)) - raft.server.rpc.timeout.max = 5200ms (custom)
2020-11-01 01:34:59,880 [pool-101-thread-1] INFO  server.RaftServerConfigKeys (ConfUtils.java:logGet(44)) - raft.server.rpcslowness.timeout = 300s (custom)
2020-11-01 01:34:59,880 [pool-101-thread-1] INFO  server.RaftServerConfigKeys (ConfUtils.java:logGet(44)) - raft.server.sleep.deviation.threshold = 300 (default)
2020-11-01 01:34:59,880 [pool-101-thread-1] INFO  server.RaftServerConfigKeys (ConfUtils.java:logGet(44)) - raft.server.log.appender.install.snapshot.enabled = false (custom)
2020-11-01 01:34:59,880 [pool-101-thread-1] INFO  impl.RaftServerImpl (ServerState.java:<init>(104)) - 84989a57-0b18-4228-8d2c-881f34c13802@group-98195F5EDD6E: ConfigurationManager, init=-1: [f6eee0b7-a520-4e1c-a247-ba4eb4f2c5fb:172.17.0.2:34765:0, 84989a57-0b18-4228-8d2c-881f34c13802:172.17.0.2:44529:0, 62e255de-43fd-4033-9a50-3f7e8b93f875:172.17.0.2:43717:0], old=null, confs=<EMPTY_MAP>
2020-11-01 01:34:59,880 [pool-101-thread-1] INFO  server.RaftServerConfigKeys (ConfUtils.java:logGet(44)) - raft.server.storage.dir = [/github/workspace/mnt/ozone/hadoop-ozone/integration-test/target/test-dir/MiniOzoneClusterImpl-ecf2639c-de0d-4ab3-a94d-e94508b7a11d/datanode-2/data/ratis] (custom)
2020-11-01 01:34:59,880 [pool-101-thread-1] INFO  server.RaftServerConfigKeys (ConfUtils.java:logGet(44)) - raft.server.log.corruption.policy = EXCEPTION (default)
2020-11-01 01:34:59,881 [pool-101-thread-1] INFO  storage.RaftStorageDirectory (RaftStorageDirectory.java:analyzeStorage(261)) - The storage directory /github/workspace/mnt/ozone/hadoop-ozone/integration-test/target/test-dir/MiniOzoneClusterImpl-ecf2639c-de0d-4ab3-a94d-e94508b7a11d/datanode-2/data/ratis/f9923a9a-38f6-464c-a73a-98195f5edd6e does not exist. Creating ...
2020-11-01 01:34:59,882 [pool-101-thread-1] INFO  storage.RaftStorageDirectory (RaftStorageDirectory.java:tryLock(343)) - Lock on /github/workspace/mnt/ozone/hadoop-ozone/integration-test/target/test-dir/MiniOzoneClusterImpl-ecf2639c-de0d-4ab3-a94d-e94508b7a11d/datanode-2/data/ratis/f9923a9a-38f6-464c-a73a-98195f5edd6e/in_use.lock acquired by nodename 17732@6eaeb98a1ebc
2020-11-01 01:34:59,890 [pool-101-thread-1] INFO  storage.RaftStorage (RaftStorage.java:format(84)) - Storage directory /github/workspace/mnt/ozone/hadoop-ozone/integration-test/target/test-dir/MiniOzoneClusterImpl-ecf2639c-de0d-4ab3-a94d-e94508b7a11d/datanode-2/data/ratis/f9923a9a-38f6-464c-a73a-98195f5edd6e has been successfully formatted.
2020-11-01 01:34:59,891 [pool-101-thread-1] INFO  ratis.ContainerStateMachine (ContainerStateMachine.java:loadSnapshot(225)) - group-98195F5EDD6E: The snapshot info is null. Setting the last applied indexto:(t:0, i:~)
2020-11-01 01:34:59,892 [pool-101-thread-1] INFO  server.RaftServerConfigKeys (ConfUtils.java:logGet(44)) - raft.server.notification.no-leader.timeout = 300s (custom)
2020-11-01 01:34:59,892 [pool-101-thread-1] INFO  server.RaftServerConfigKeys (ConfUtils.java:logGet(44)) - raft.server.log.use.memory = false (default)
2020-11-01 01:34:59,892 [pool-101-thread-1] INFO  server.RaftServerConfigKeys (ConfUtils.java:logGet(44)) - raft.server.log.purge.gap = 1000000 (custom)
2020-11-01 01:34:59,892 [pool-101-thread-1] INFO  metrics.RatisMetrics (RatisMetrics.java:lambda$create$0(36)) - Creating Metrics Registry : ratis.log_worker.84989a57-0b18-4228-8d2c-881f34c13802@group-98195F5EDD6E
2020-11-01 01:34:59,892 [pool-101-thread-1] INFO  server.RaftServerConfigKeys (ConfUtils.java:logGet(44)) - raft.server.log.appender.buffer.byte-limit = 33554432 (custom)
2020-11-01 01:34:59,893 [pool-101-thread-1] INFO  server.RaftServerConfigKeys (ConfUtils.java:logGet(44)) - raft.server.log.segment.size.max = 1048576 (custom)
2020-11-01 01:34:59,893 [pool-101-thread-1] INFO  server.RaftServerConfigKeys (ConfUtils.java:logGet(44)) - raft.server.log.segment.cache.num.max = 2 (custom)
2020-11-01 01:34:59,893 [pool-101-thread-1] INFO  segmented.SegmentedRaftLogWorker (SegmentedRaftLogWorker.java:<init>(180)) - new 84989a57-0b18-4228-8d2c-881f34c13802@group-98195F5EDD6E-SegmentedRaftLogWorker for RaftStorage:Storage Directory /github/workspace/mnt/ozone/hadoop-ozone/integration-test/target/test-dir/MiniOzoneClusterImpl-ecf2639c-de0d-4ab3-a94d-e94508b7a11d/datanode-2/data/ratis/f9923a9a-38f6-464c-a73a-98195f5edd6e
2020-11-01 01:34:59,893 [pool-101-thread-1] INFO  server.RaftServerConfigKeys (ConfUtils.java:logGet(44)) - raft.server.log.queue.byte-limit = 2147483647 (custom)
2020-11-01 01:34:59,894 [pool-101-thread-1] INFO  server.RaftServerConfigKeys (ConfUtils.java:logGet(44)) - raft.server.log.queue.element-limit = 1024 (custom)
2020-11-01 01:34:59,894 [pool-101-thread-1] INFO  server.RaftServerConfigKeys (ConfUtils.java:logGet(44)) - raft.server.log.segment.size.max = 1048576 (custom)
2020-11-01 01:34:59,894 [pool-101-thread-1] INFO  server.RaftServerConfigKeys (ConfUtils.java:logGet(44)) - raft.server.log.preallocated.size = 16384 (custom)
2020-11-01 01:34:59,894 [pool-101-thread-1] INFO  server.RaftServerConfigKeys (ConfUtils.java:logGet(44)) - raft.server.log.write.buffer.size = 1048576 (custom)
2020-11-01 01:34:59,905 [pool-101-thread-1] INFO  server.RaftServerConfigKeys (ConfUtils.java:logGet(44)) - raft.server.log.force.sync.num = 128 (default)
2020-11-01 01:34:59,905 [pool-101-thread-1] INFO  server.RaftServerConfigKeys (ConfUtils.java:logGet(44)) - raft.server.log.statemachine.data.sync = true (default)
2020-11-01 01:34:59,905 [pool-101-thread-1] INFO  server.RaftServerConfigKeys (ConfUtils.java:logGet(44)) - raft.server.log.statemachine.data.sync.timeout = 10s (default)
2020-11-01 01:34:59,905 [pool-101-thread-1] INFO  server.RaftServerConfigKeys (ConfUtils.java:logGet(44)) - raft.server.log.statemachine.data.sync.timeout.retry = -1 (default)
2020-11-01 01:34:59,909 [pool-101-thread-1] INFO  server.RaftServerConfigKeys (ConfUtils.java:logGet(44)) - raft.server.log.statemachine.data.caching.enabled = true (custom)
2020-11-01 01:34:59,913 [pool-101-thread-1] INFO  segmented.SegmentedRaftLogWorker (SegmentedRaftLogWorker.java:lambda$new$0(129)) - 84989a57-0b18-4228-8d2c-881f34c13802@group-98195F5EDD6E-SegmentedRaftLogWorker: flushIndex: setUnconditionally 0 -> -1
2020-11-01 01:34:59,913 [pool-101-thread-1] INFO  segmented.SegmentedRaftLogWorker (SegmentedRaftLogWorker.java:lambda$new$0(129)) - 84989a57-0b18-4228-8d2c-881f34c13802@group-98195F5EDD6E-SegmentedRaftLogWorker: safeCacheEvictIndex: setUnconditionally 0 -> -1
2020-11-01 01:34:59,918 [pool-101-thread-1] INFO  server.RaftServerConfigKeys (ConfUtils.java:logGet(44)) - raft.server.snapshot.auto.trigger.enabled = true (custom)
2020-11-01 01:34:59,918 [pool-101-thread-1] INFO  server.RaftServerConfigKeys (ConfUtils.java:logGet(44)) - raft.server.snapshot.auto.trigger.threshold = 10000 (custom)
2020-11-01 01:34:59,918 [pool-101-thread-1] INFO  server.RaftServerConfigKeys (ConfUtils.java:logGet(44)) - raft.server.snapshot.retention.file.num = 5 (custom)
2020-11-01 01:34:59,919 [pool-101-thread-1] INFO  server.RaftServerConfigKeys (ConfUtils.java:logGet(44)) - raft.server.log.purge.upto.snapshot.index = false (default)
2020-11-01 01:34:59,919 [pool-101-thread-1] INFO  server.RaftServerConfigKeys (ConfUtils.java:logGet(44)) - raft.server.retrycache.expirytime = 600000ms (custom)
2020-11-01 01:34:59,919 [pool-101-thread-1] INFO  metrics.RatisMetrics (RatisMetrics.java:lambda$create$0(36)) - Creating Metrics Registry : ratis.leader_election.84989a57-0b18-4228-8d2c-881f34c13802@group-98195F5EDD6E
2020-11-01 01:34:59,919 [pool-101-thread-1] INFO  metrics.RatisMetrics (RatisMetrics.java:lambda$create$0(36)) - Creating Metrics Registry : ratis.server.84989a57-0b18-4228-8d2c-881f34c13802@group-98195F5EDD6E
2020-11-01 01:34:59,920 [pool-101-thread-1] INFO  impl.RaftServerImpl (RaftServerImpl.java:start(209)) - 84989a57-0b18-4228-8d2c-881f34c13802@group-98195F5EDD6E: start as a follower, conf=-1: [f6eee0b7-a520-4e1c-a247-ba4eb4f2c5fb:172.17.0.2:34765:0, 84989a57-0b18-4228-8d2c-881f34c13802:172.17.0.2:44529:0, 62e255de-43fd-4033-9a50-3f7e8b93f875:172.17.0.2:43717:0], old=null
2020-11-01 01:34:59,920 [pool-101-thread-1] INFO  impl.RaftServerImpl (RaftServerImpl.java:setRole(198)) - 84989a57-0b18-4228-8d2c-881f34c13802@group-98195F5EDD6E: changes role from      null to FOLLOWER at term 0 for startAsFollower
2020-11-01 01:34:59,920 [pool-101-thread-1] INFO  impl.RoleInfo (RoleInfo.java:updateAndGet(143)) - 84989a57-0b18-4228-8d2c-881f34c13802: start FollowerState
2020-11-01 01:34:59,927 [pool-101-thread-1] INFO  util.JmxRegister (JmxRegister.java:tryRegister(44)) - Successfully registered JMX Bean with object name Ratis:service=RaftServer,group=group-98195F5EDD6E,id=84989a57-0b18-4228-8d2c-881f34c13802
2020-11-01 01:34:59,927 [pool-101-thread-1] INFO  metrics.RatisMetrics (RatisMetrics.java:lambda$create$0(36)) - Creating Metrics Registry : ratis.state_machine.84989a57-0b18-4228-8d2c-881f34c13802@group-98195F5EDD6E
2020-11-01 01:34:59,932 [Command processor thread] INFO  commandhandler.CreatePipelineCommandHandler (CreatePipelineCommandHandler.java:handle(106)) - Created Pipeline RATIS THREE PipelineID=f9923a9a-38f6-464c-a73a-98195f5edd6e.
2020-11-01 01:35:00,182 [Command processor thread] INFO  impl.RaftServerProxy (RaftServerProxy.java:addNew(92)) - f6eee0b7-a520-4e1c-a247-ba4eb4f2c5fb: addNew group-C7E011419270:[f6eee0b7-a520-4e1c-a247-ba4eb4f2c5fb:172.17.0.2:34765:0] returns group-C7E011419270:java.util.concurrent.CompletableFuture@cdf4b34[Not completed]
2020-11-01 01:35:00,184 [pool-85-thread-1] INFO  impl.RaftServerImpl (RaftServerImpl.java:<init>(120)) - f6eee0b7-a520-4e1c-a247-ba4eb4f2c5fb: new RaftServerImpl for group-C7E011419270:[f6eee0b7-a520-4e1c-a247-ba4eb4f2c5fb:172.17.0.2:34765:0] with ContainerStateMachine:uninitialized
2020-11-01 01:35:00,184 [pool-85-thread-1] INFO  server.RaftServerConfigKeys (ConfUtils.java:logGet(44)) - raft.server.rpc.timeout.min = 5s (custom)
2020-11-01 01:35:00,184 [pool-85-thread-1] INFO  server.RaftServerConfigKeys (ConfUtils.java:logGet(44)) - raft.server.rpc.timeout.max = 5200ms (custom)
2020-11-01 01:35:00,184 [pool-85-thread-1] INFO  server.RaftServerConfigKeys (ConfUtils.java:logGet(44)) - raft.server.rpcslowness.timeout = 300s (custom)
2020-11-01 01:35:00,184 [pool-85-thread-1] INFO  server.RaftServerConfigKeys (ConfUtils.java:logGet(44)) - raft.server.sleep.deviation.threshold = 300 (default)
2020-11-01 01:35:00,184 [pool-85-thread-1] INFO  server.RaftServerConfigKeys (ConfUtils.java:logGet(44)) - raft.server.log.appender.install.snapshot.enabled = false (custom)
2020-11-01 01:35:00,184 [pool-85-thread-1] INFO  impl.RaftServerImpl (ServerState.java:<init>(104)) - f6eee0b7-a520-4e1c-a247-ba4eb4f2c5fb@group-C7E011419270: ConfigurationManager, init=-1: [f6eee0b7-a520-4e1c-a247-ba4eb4f2c5fb:172.17.0.2:34765:0], old=null, confs=<EMPTY_MAP>
2020-11-01 01:35:00,184 [pool-85-thread-1] INFO  server.RaftServerConfigKeys (ConfUtils.java:logGet(44)) - raft.server.storage.dir = [/github/workspace/mnt/ozone/hadoop-ozone/integration-test/target/test-dir/MiniOzoneClusterImpl-ecf2639c-de0d-4ab3-a94d-e94508b7a11d/datanode-1/data/ratis] (custom)
2020-11-01 01:35:00,185 [pool-85-thread-1] INFO  server.RaftServerConfigKeys (ConfUtils.java:logGet(44)) - raft.server.log.corruption.policy = EXCEPTION (default)
2020-11-01 01:35:00,185 [pool-85-thread-1] INFO  storage.RaftStorageDirectory (RaftStorageDirectory.java:analyzeStorage(261)) - The storage directory /github/workspace/mnt/ozone/hadoop-ozone/integration-test/target/test-dir/MiniOzoneClusterImpl-ecf2639c-de0d-4ab3-a94d-e94508b7a11d/datanode-1/data/ratis/023ee1c9-7c9d-416c-b731-c7e011419270 does not exist. Creating ...
2020-11-01 01:35:00,187 [pool-85-thread-1] INFO  storage.RaftStorageDirectory (RaftStorageDirectory.java:tryLock(343)) - Lock on /github/workspace/mnt/ozone/hadoop-ozone/integration-test/target/test-dir/MiniOzoneClusterImpl-ecf2639c-de0d-4ab3-a94d-e94508b7a11d/datanode-1/data/ratis/023ee1c9-7c9d-416c-b731-c7e011419270/in_use.lock acquired by nodename 17732@6eaeb98a1ebc
2020-11-01 01:35:00,188 [pool-85-thread-1] INFO  storage.RaftStorage (RaftStorage.java:format(84)) - Storage directory /github/workspace/mnt/ozone/hadoop-ozone/integration-test/target/test-dir/MiniOzoneClusterImpl-ecf2639c-de0d-4ab3-a94d-e94508b7a11d/datanode-1/data/ratis/023ee1c9-7c9d-416c-b731-c7e011419270 has been successfully formatted.
2020-11-01 01:35:00,189 [pool-85-thread-1] INFO  ratis.ContainerStateMachine (ContainerStateMachine.java:loadSnapshot(225)) - group-C7E011419270: The snapshot info is null. Setting the last applied indexto:(t:0, i:~)
2020-11-01 01:35:00,189 [pool-85-thread-1] INFO  server.RaftServerConfigKeys (ConfUtils.java:logGet(44)) - raft.server.notification.no-leader.timeout = 300s (custom)
2020-11-01 01:35:00,192 [pool-85-thread-1] INFO  server.RaftServerConfigKeys (ConfUtils.java:logGet(44)) - raft.server.log.use.memory = false (default)
2020-11-01 01:35:00,193 [pool-85-thread-1] INFO  server.RaftServerConfigKeys (ConfUtils.java:logGet(44)) - raft.server.log.purge.gap = 1000000 (custom)
2020-11-01 01:35:00,193 [pool-85-thread-1] INFO  metrics.RatisMetrics (RatisMetrics.java:lambda$create$0(36)) - Creating Metrics Registry : ratis.log_worker.f6eee0b7-a520-4e1c-a247-ba4eb4f2c5fb@group-C7E011419270
2020-11-01 01:35:00,193 [pool-85-thread-1] INFO  server.RaftServerConfigKeys (ConfUtils.java:logGet(44)) - raft.server.log.appender.buffer.byte-limit = 33554432 (custom)
2020-11-01 01:35:00,193 [pool-85-thread-1] INFO  server.RaftServerConfigKeys (ConfUtils.java:logGet(44)) - raft.server.log.segment.size.max = 1048576 (custom)
2020-11-01 01:35:00,193 [EventQueue-PipelineReportForPipelineReportHandler] INFO  pipeline.PipelineStateManager (PipelineStateManager.java:openPipeline(132)) - Pipeline Pipeline[ Id: 023ee1c9-7c9d-416c-b731-c7e011419270, Nodes: f6eee0b7-a520-4e1c-a247-ba4eb4f2c5fb{ip: 172.17.0.2, host: 6eaeb98a1ebc, networkLocation: /default-rack, certSerialId: null}, Type:RATIS, Factor:ONE, State:ALLOCATED, leaderId:f6eee0b7-a520-4e1c-a247-ba4eb4f2c5fb, CreationTimestamp2020-11-01T01:34:57.189Z] moved to OPEN state
2020-11-01 01:35:00,193 [EventQueue-OpenPipelineForHealthyPipelineSafeModeRule] INFO  safemode.SCMSafeModeManager (HealthyPipelineSafeModeRule.java:process(129)) - SCM in safe mode. Healthy pipelines reported count is 0, required healthy pipeline reported count is 1
2020-11-01 01:35:00,195 [pool-85-thread-1] INFO  server.RaftServerConfigKeys (ConfUtils.java:logGet(44)) - raft.server.log.segment.cache.num.max = 2 (custom)
2020-11-01 01:35:00,196 [pool-85-thread-1] INFO  segmented.SegmentedRaftLogWorker (SegmentedRaftLogWorker.java:<init>(180)) - new f6eee0b7-a520-4e1c-a247-ba4eb4f2c5fb@group-C7E011419270-SegmentedRaftLogWorker for RaftStorage:Storage Directory /github/workspace/mnt/ozone/hadoop-ozone/integration-test/target/test-dir/MiniOzoneClusterImpl-ecf2639c-de0d-4ab3-a94d-e94508b7a11d/datanode-1/data/ratis/023ee1c9-7c9d-416c-b731-c7e011419270
2020-11-01 01:35:00,197 [EventQueue-OpenPipelineForOneReplicaPipelineSafeModeRule] INFO  safemode.SCMSafeModeManager (SCMSafeModeManager.java:validateSafeModeExitRules(214)) - AtleastOneDatanodeReportedRule rule is successfully validated
2020-11-01 01:35:00,197 [pool-85-thread-1] INFO  server.RaftServerConfigKeys (ConfUtils.java:logGet(44)) - raft.server.log.queue.byte-limit = 2147483647 (custom)
2020-11-01 01:35:00,197 [pool-85-thread-1] INFO  server.RaftServerConfigKeys (ConfUtils.java:logGet(44)) - raft.server.log.queue.element-limit = 1024 (custom)
2020-11-01 01:35:00,197 [pool-85-thread-1] INFO  server.RaftServerConfigKeys (ConfUtils.java:logGet(44)) - raft.server.log.segment.size.max = 1048576 (custom)
2020-11-01 01:35:00,197 [pool-85-thread-1] INFO  server.RaftServerConfigKeys (ConfUtils.java:logGet(44)) - raft.server.log.preallocated.size = 16384 (custom)
2020-11-01 01:35:00,197 [pool-85-thread-1] INFO  server.RaftServerConfigKeys (ConfUtils.java:logGet(44)) - raft.server.log.write.buffer.size = 1048576 (custom)
2020-11-01 01:35:00,197 [pool-85-thread-1] INFO  server.RaftServerConfigKeys (ConfUtils.java:logGet(44)) - raft.server.log.force.sync.num = 128 (default)
2020-11-01 01:35:00,198 [pool-85-thread-1] INFO  server.RaftServerConfigKeys (ConfUtils.java:logGet(44)) - raft.server.log.statemachine.data.sync = true (default)
2020-11-01 01:35:00,198 [pool-85-thread-1] INFO  server.RaftServerConfigKeys (ConfUtils.java:logGet(44)) - raft.server.log.statemachine.data.sync.timeout = 10s (default)
2020-11-01 01:35:00,198 [pool-85-thread-1] INFO  server.RaftServerConfigKeys (ConfUtils.java:logGet(44)) - raft.server.log.statemachine.data.sync.timeout.retry = -1 (default)
2020-11-01 01:35:00,199 [pool-85-thread-1] INFO  server.RaftServerConfigKeys (ConfUtils.java:logGet(44)) - raft.server.log.statemachine.data.caching.enabled = true (custom)
2020-11-01 01:35:00,200 [pool-85-thread-1] INFO  segmented.SegmentedRaftLogWorker (SegmentedRaftLogWorker.java:lambda$new$0(129)) - f6eee0b7-a520-4e1c-a247-ba4eb4f2c5fb@group-C7E011419270-SegmentedRaftLogWorker: flushIndex: setUnconditionally 0 -> -1
2020-11-01 01:35:00,200 [pool-85-thread-1] INFO  segmented.SegmentedRaftLogWorker (SegmentedRaftLogWorker.java:lambda$new$0(129)) - f6eee0b7-a520-4e1c-a247-ba4eb4f2c5fb@group-C7E011419270-SegmentedRaftLogWorker: safeCacheEvictIndex: setUnconditionally 0 -> -1
2020-11-01 01:35:00,200 [pool-85-thread-1] INFO  server.RaftServerConfigKeys (ConfUtils.java:logGet(44)) - raft.server.snapshot.auto.trigger.enabled = true (custom)
2020-11-01 01:35:00,200 [pool-85-thread-1] INFO  server.RaftServerConfigKeys (ConfUtils.java:logGet(44)) - raft.server.snapshot.auto.trigger.threshold = 10000 (custom)
2020-11-01 01:35:00,201 [pool-85-thread-1] INFO  server.RaftServerConfigKeys (ConfUtils.java:logGet(44)) - raft.server.snapshot.retention.file.num = 5 (custom)
2020-11-01 01:35:00,201 [pool-85-thread-1] INFO  server.RaftServerConfigKeys (ConfUtils.java:logGet(44)) - raft.server.log.purge.upto.snapshot.index = false (default)
2020-11-01 01:35:00,201 [pool-85-thread-1] INFO  server.RaftServerConfigKeys (ConfUtils.java:logGet(44)) - raft.server.retrycache.expirytime = 600000ms (custom)
2020-11-01 01:35:00,201 [pool-85-thread-1] INFO  metrics.RatisMetrics (RatisMetrics.java:lambda$create$0(36)) - Creating Metrics Registry : ratis.leader_election.f6eee0b7-a520-4e1c-a247-ba4eb4f2c5fb@group-C7E011419270
2020-11-01 01:35:00,202 [pool-85-thread-1] INFO  metrics.RatisMetrics (RatisMetrics.java:lambda$create$0(36)) - Creating Metrics Registry : ratis.server.f6eee0b7-a520-4e1c-a247-ba4eb4f2c5fb@group-C7E011419270
2020-11-01 01:35:00,203 [pool-85-thread-1] INFO  impl.RaftServerImpl (RaftServerImpl.java:start(209)) - f6eee0b7-a520-4e1c-a247-ba4eb4f2c5fb@group-C7E011419270: start as a follower, conf=-1: [f6eee0b7-a520-4e1c-a247-ba4eb4f2c5fb:172.17.0.2:34765:0], old=null
2020-11-01 01:35:00,203 [pool-85-thread-1] INFO  impl.RaftServerImpl (RaftServerImpl.java:setRole(198)) - f6eee0b7-a520-4e1c-a247-ba4eb4f2c5fb@group-C7E011419270: changes role from      null to FOLLOWER at term 0 for startAsFollower
2020-11-01 01:35:00,204 [pool-85-thread-1] INFO  impl.RoleInfo (RoleInfo.java:updateAndGet(143)) - f6eee0b7-a520-4e1c-a247-ba4eb4f2c5fb: start FollowerState
2020-11-01 01:35:00,204 [pool-85-thread-1] INFO  util.JmxRegister (JmxRegister.java:tryRegister(44)) - Successfully registered JMX Bean with object name Ratis:service=RaftServer,group=group-C7E011419270,id=f6eee0b7-a520-4e1c-a247-ba4eb4f2c5fb
2020-11-01 01:35:00,204 [pool-85-thread-1] INFO  metrics.RatisMetrics (RatisMetrics.java:lambda$create$0(36)) - Creating Metrics Registry : ratis.state_machine.f6eee0b7-a520-4e1c-a247-ba4eb4f2c5fb@group-C7E011419270
2020-11-01 01:35:00,208 [Command processor thread] INFO  commandhandler.CreatePipelineCommandHandler (CreatePipelineCommandHandler.java:handle(106)) - Created Pipeline RATIS ONE PipelineID=023ee1c9-7c9d-416c-b731-c7e011419270.
2020-11-01 01:35:00,397 [Command processor thread] INFO  impl.RaftServerProxy (RaftServerProxy.java:addNew(92)) - 84989a57-0b18-4228-8d2c-881f34c13802: addNew group-7A91F89CB833:[84989a57-0b18-4228-8d2c-881f34c13802:172.17.0.2:44529:0] returns group-7A91F89CB833:java.util.concurrent.CompletableFuture@47cc3331[Not completed]
2020-11-01 01:35:00,398 [pool-101-thread-1] INFO  impl.RaftServerImpl (RaftServerImpl.java:<init>(120)) - 84989a57-0b18-4228-8d2c-881f34c13802: new RaftServerImpl for group-7A91F89CB833:[84989a57-0b18-4228-8d2c-881f34c13802:172.17.0.2:44529:0] with ContainerStateMachine:uninitialized
2020-11-01 01:35:00,399 [pool-101-thread-1] INFO  server.RaftServerConfigKeys (ConfUtils.java:logGet(44)) - raft.server.rpc.timeout.min = 5s (custom)
2020-11-01 01:35:00,399 [pool-101-thread-1] INFO  server.RaftServerConfigKeys (ConfUtils.java:logGet(44)) - raft.server.rpc.timeout.max = 5200ms (custom)
2020-11-01 01:35:00,399 [pool-101-thread-1] INFO  server.RaftServerConfigKeys (ConfUtils.java:logGet(44)) - raft.server.rpcslowness.timeout = 300s (custom)
2020-11-01 01:35:00,399 [pool-101-thread-1] INFO  server.RaftServerConfigKeys (ConfUtils.java:logGet(44)) - raft.server.sleep.deviation.threshold = 300 (default)
2020-11-01 01:35:00,399 [pool-101-thread-1] INFO  server.RaftServerConfigKeys (ConfUtils.java:logGet(44)) - raft.server.log.appender.install.snapshot.enabled = false (custom)
2020-11-01 01:35:00,399 [pool-101-thread-1] INFO  impl.RaftServerImpl (ServerState.java:<init>(104)) - 84989a57-0b18-4228-8d2c-881f34c13802@group-7A91F89CB833: ConfigurationManager, init=-1: [84989a57-0b18-4228-8d2c-881f34c13802:172.17.0.2:44529:0], old=null, confs=<EMPTY_MAP>
2020-11-01 01:35:00,399 [pool-101-thread-1] INFO  server.RaftServerConfigKeys (ConfUtils.java:logGet(44)) - raft.server.storage.dir = [/github/workspace/mnt/ozone/hadoop-ozone/integration-test/target/test-dir/MiniOzoneClusterImpl-ecf2639c-de0d-4ab3-a94d-e94508b7a11d/datanode-2/data/ratis] (custom)
2020-11-01 01:35:00,399 [pool-101-thread-1] INFO  server.RaftServerConfigKeys (ConfUtils.java:logGet(44)) - raft.server.log.corruption.policy = EXCEPTION (default)
2020-11-01 01:35:00,400 [pool-101-thread-1] INFO  storage.RaftStorageDirectory (RaftStorageDirectory.java:analyzeStorage(261)) - The storage directory /github/workspace/mnt/ozone/hadoop-ozone/integration-test/target/test-dir/MiniOzoneClusterImpl-ecf2639c-de0d-4ab3-a94d-e94508b7a11d/datanode-2/data/ratis/cef14e7e-27df-4e46-af6d-7a91f89cb833 does not exist. Creating ...
2020-11-01 01:35:00,401 [pool-101-thread-1] INFO  storage.RaftStorageDirectory (RaftStorageDirectory.java:tryLock(343)) - Lock on /github/workspace/mnt/ozone/hadoop-ozone/integration-test/target/test-dir/MiniOzoneClusterImpl-ecf2639c-de0d-4ab3-a94d-e94508b7a11d/datanode-2/data/ratis/cef14e7e-27df-4e46-af6d-7a91f89cb833/in_use.lock acquired by nodename 17732@6eaeb98a1ebc
2020-11-01 01:35:00,401 [Listener at 127.0.0.1/11328] INFO  ozone.MiniOzoneClusterImpl (MiniOzoneClusterImpl.java:lambda$waitForClusterToBeReady$0(177)) - Nodes are ready. Got 3 of 3 DN Heartbeats.
2020-11-01 01:35:00,402 [Listener at 127.0.0.1/11328] INFO  ozone.MiniOzoneClusterImpl (MiniOzoneClusterImpl.java:lambda$waitForClusterToBeReady$0(180)) - Waiting for cluster to exit safe mode
2020-11-01 01:35:00,403 [pool-101-thread-1] INFO  storage.RaftStorage (RaftStorage.java:format(84)) - Storage directory /github/workspace/mnt/ozone/hadoop-ozone/integration-test/target/test-dir/MiniOzoneClusterImpl-ecf2639c-de0d-4ab3-a94d-e94508b7a11d/datanode-2/data/ratis/cef14e7e-27df-4e46-af6d-7a91f89cb833 has been successfully formatted.
2020-11-01 01:35:00,403 [pool-101-thread-1] INFO  ratis.ContainerStateMachine (ContainerStateMachine.java:loadSnapshot(225)) - group-7A91F89CB833: The snapshot info is null. Setting the last applied indexto:(t:0, i:~)
2020-11-01 01:35:00,404 [pool-101-thread-1] INFO  server.RaftServerConfigKeys (ConfUtils.java:logGet(44)) - raft.server.notification.no-leader.timeout = 300s (custom)
2020-11-01 01:35:00,404 [pool-101-thread-1] INFO  server.RaftServerConfigKeys (ConfUtils.java:logGet(44)) - raft.server.log.use.memory = false (default)
2020-11-01 01:35:00,404 [pool-101-thread-1] INFO  server.RaftServerConfigKeys (ConfUtils.java:logGet(44)) - raft.server.log.purge.gap = 1000000 (custom)
2020-11-01 01:35:00,404 [pool-101-thread-1] INFO  metrics.RatisMetrics (RatisMetrics.java:lambda$create$0(36)) - Creating Metrics Registry : ratis.log_worker.84989a57-0b18-4228-8d2c-881f34c13802@group-7A91F89CB833
2020-11-01 01:35:00,409 [EventQueue-PipelineReportForPipelineReportHandler] INFO  pipeline.PipelineStateManager (PipelineStateManager.java:openPipeline(132)) - Pipeline Pipeline[ Id: cef14e7e-27df-4e46-af6d-7a91f89cb833, Nodes: 84989a57-0b18-4228-8d2c-881f34c13802{ip: 172.17.0.2, host: 6eaeb98a1ebc, networkLocation: /default-rack, certSerialId: null}, Type:RATIS, Factor:ONE, State:ALLOCATED, leaderId:84989a57-0b18-4228-8d2c-881f34c13802, CreationTimestamp2020-11-01T01:34:57.400Z] moved to OPEN state
2020-11-01 01:35:00,409 [EventQueue-OpenPipelineForHealthyPipelineSafeModeRule] INFO  safemode.SCMSafeModeManager (HealthyPipelineSafeModeRule.java:process(129)) - SCM in safe mode. Healthy pipelines reported count is 0, required healthy pipeline reported count is 1
2020-11-01 01:35:00,409 [EventQueue-OpenPipelineForOneReplicaPipelineSafeModeRule] INFO  safemode.SCMSafeModeManager (SCMSafeModeManager.java:validateSafeModeExitRules(214)) - AtleastOneDatanodeReportedRule rule is successfully validated
2020-11-01 01:35:00,410 [pool-101-thread-1] INFO  server.RaftServerConfigKeys (ConfUtils.java:logGet(44)) - raft.server.log.appender.buffer.byte-limit = 33554432 (custom)
2020-11-01 01:35:00,410 [pool-101-thread-1] INFO  server.RaftServerConfigKeys (ConfUtils.java:logGet(44)) - raft.server.log.segment.size.max = 1048576 (custom)
2020-11-01 01:35:00,411 [pool-101-thread-1] INFO  server.RaftServerConfigKeys (ConfUtils.java:logGet(44)) - raft.server.log.segment.cache.num.max = 2 (custom)
2020-11-01 01:35:00,411 [pool-101-thread-1] INFO  segmented.SegmentedRaftLogWorker (SegmentedRaftLogWorker.java:<init>(180)) - new 84989a57-0b18-4228-8d2c-881f34c13802@group-7A91F89CB833-SegmentedRaftLogWorker for RaftStorage:Storage Directory /github/workspace/mnt/ozone/hadoop-ozone/integration-test/target/test-dir/MiniOzoneClusterImpl-ecf2639c-de0d-4ab3-a94d-e94508b7a11d/datanode-2/data/ratis/cef14e7e-27df-4e46-af6d-7a91f89cb833
2020-11-01 01:35:00,411 [pool-101-thread-1] INFO  server.RaftServerConfigKeys (ConfUtils.java:logGet(44)) - raft.server.log.queue.byte-limit = 2147483647 (custom)
2020-11-01 01:35:00,411 [pool-101-thread-1] INFO  server.RaftServerConfigKeys (ConfUtils.java:logGet(44)) - raft.server.log.queue.element-limit = 1024 (custom)
2020-11-01 01:35:00,411 [pool-101-thread-1] INFO  server.RaftServerConfigKeys (ConfUtils.java:logGet(44)) - raft.server.log.segment.size.max = 1048576 (custom)
2020-11-01 01:35:00,411 [pool-101-thread-1] INFO  server.RaftServerConfigKeys (ConfUtils.java:logGet(44)) - raft.server.log.preallocated.size = 16384 (custom)
2020-11-01 01:35:00,411 [pool-101-thread-1] INFO  server.RaftServerConfigKeys (ConfUtils.java:logGet(44)) - raft.server.log.write.buffer.size = 1048576 (custom)
2020-11-01 01:35:00,411 [pool-101-thread-1] INFO  server.RaftServerConfigKeys (ConfUtils.java:logGet(44)) - raft.server.log.force.sync.num = 128 (default)
2020-11-01 01:35:00,411 [pool-101-thread-1] INFO  server.RaftServerConfigKeys (ConfUtils.java:logGet(44)) - raft.server.log.statemachine.data.sync = true (default)
2020-11-01 01:35:00,412 [pool-101-thread-1] INFO  server.RaftServerConfigKeys (ConfUtils.java:logGet(44)) - raft.server.log.statemachine.data.sync.timeout = 10s (default)
2020-11-01 01:35:00,412 [pool-101-thread-1] INFO  server.RaftServerConfigKeys (ConfUtils.java:logGet(44)) - raft.server.log.statemachine.data.sync.timeout.retry = -1 (default)
2020-11-01 01:35:00,413 [pool-101-thread-1] INFO  server.RaftServerConfigKeys (ConfUtils.java:logGet(44)) - raft.server.log.statemachine.data.caching.enabled = true (custom)
2020-11-01 01:35:00,413 [pool-101-thread-1] INFO  segmented.SegmentedRaftLogWorker (SegmentedRaftLogWorker.java:lambda$new$0(129)) - 84989a57-0b18-4228-8d2c-881f34c13802@group-7A91F89CB833-SegmentedRaftLogWorker: flushIndex: setUnconditionally 0 -> -1
2020-11-01 01:35:00,413 [pool-101-thread-1] INFO  segmented.SegmentedRaftLogWorker (SegmentedRaftLogWorker.java:lambda$new$0(129)) - 84989a57-0b18-4228-8d2c-881f34c13802@group-7A91F89CB833-SegmentedRaftLogWorker: safeCacheEvictIndex: setUnconditionally 0 -> -1
2020-11-01 01:35:00,418 [pool-101-thread-1] INFO  server.RaftServerConfigKeys (ConfUtils.java:logGet(44)) - raft.server.snapshot.auto.trigger.enabled = true (custom)
2020-11-01 01:35:00,418 [pool-101-thread-1] INFO  server.RaftServerConfigKeys (ConfUtils.java:logGet(44)) - raft.server.snapshot.auto.trigger.threshold = 10000 (custom)
2020-11-01 01:35:00,418 [pool-101-thread-1] INFO  server.RaftServerConfigKeys (ConfUtils.java:logGet(44)) - raft.server.snapshot.retention.file.num = 5 (custom)
2020-11-01 01:35:00,418 [pool-101-thread-1] INFO  server.RaftServerConfigKeys (ConfUtils.java:logGet(44)) - raft.server.log.purge.upto.snapshot.index = false (default)
2020-11-01 01:35:00,418 [pool-101-thread-1] INFO  server.RaftServerConfigKeys (ConfUtils.java:logGet(44)) - raft.server.retrycache.expirytime = 600000ms (custom)
2020-11-01 01:35:00,419 [pool-101-thread-1] INFO  metrics.RatisMetrics (RatisMetrics.java:lambda$create$0(36)) - Creating Metrics Registry : ratis.leader_election.84989a57-0b18-4228-8d2c-881f34c13802@group-7A91F89CB833
2020-11-01 01:35:00,419 [pool-101-thread-1] INFO  metrics.RatisMetrics (RatisMetrics.java:lambda$create$0(36)) - Creating Metrics Registry : ratis.server.84989a57-0b18-4228-8d2c-881f34c13802@group-7A91F89CB833
2020-11-01 01:35:00,420 [pool-101-thread-1] INFO  impl.RaftServerImpl (RaftServerImpl.java:start(209)) - 84989a57-0b18-4228-8d2c-881f34c13802@group-7A91F89CB833: start as a follower, conf=-1: [84989a57-0b18-4228-8d2c-881f34c13802:172.17.0.2:44529:0], old=null
2020-11-01 01:35:00,420 [pool-101-thread-1] INFO  impl.RaftServerImpl (RaftServerImpl.java:setRole(198)) - 84989a57-0b18-4228-8d2c-881f34c13802@group-7A91F89CB833: changes role from      null to FOLLOWER at term 0 for startAsFollower
2020-11-01 01:35:00,420 [pool-101-thread-1] INFO  impl.RoleInfo (RoleInfo.java:updateAndGet(143)) - 84989a57-0b18-4228-8d2c-881f34c13802: start FollowerState
2020-11-01 01:35:00,421 [pool-101-thread-1] INFO  util.JmxRegister (JmxRegister.java:tryRegister(44)) - Successfully registered JMX Bean with object name Ratis:service=RaftServer,group=group-7A91F89CB833,id=84989a57-0b18-4228-8d2c-881f34c13802
2020-11-01 01:35:00,421 [pool-101-thread-1] INFO  metrics.RatisMetrics (RatisMetrics.java:lambda$create$0(36)) - Creating Metrics Registry : ratis.state_machine.84989a57-0b18-4228-8d2c-881f34c13802@group-7A91F89CB833
2020-11-01 01:35:00,422 [Command processor thread] INFO  commandhandler.CreatePipelineCommandHandler (CreatePipelineCommandHandler.java:handle(106)) - Created Pipeline RATIS ONE PipelineID=cef14e7e-27df-4e46-af6d-7a91f89cb833.
2020-11-01 01:35:01,402 [Listener at 127.0.0.1/11328] INFO  ozone.MiniOzoneClusterImpl (MiniOzoneClusterImpl.java:lambda$waitForClusterToBeReady$0(177)) - Nodes are ready. Got 3 of 3 DN Heartbeats.
2020-11-01 01:35:01,402 [Listener at 127.0.0.1/11328] INFO  ozone.MiniOzoneClusterImpl (MiniOzoneClusterImpl.java:lambda$waitForClusterToBeReady$0(180)) - Waiting for cluster to exit safe mode
2020-11-01 01:35:02,402 [Listener at 127.0.0.1/11328] INFO  ozone.MiniOzoneClusterImpl (MiniOzoneClusterImpl.java:lambda$waitForClusterToBeReady$0(177)) - Nodes are ready. Got 3 of 3 DN Heartbeats.
2020-11-01 01:35:02,402 [Listener at 127.0.0.1/11328] INFO  ozone.MiniOzoneClusterImpl (MiniOzoneClusterImpl.java:lambda$waitForClusterToBeReady$0(180)) - Waiting for cluster to exit safe mode
2020-11-01 01:35:03,403 [Listener at 127.0.0.1/11328] INFO  ozone.MiniOzoneClusterImpl (MiniOzoneClusterImpl.java:lambda$waitForClusterToBeReady$0(177)) - Nodes are ready. Got 3 of 3 DN Heartbeats.
2020-11-01 01:35:03,403 [Listener at 127.0.0.1/11328] INFO  ozone.MiniOzoneClusterImpl (MiniOzoneClusterImpl.java:lambda$waitForClusterToBeReady$0(180)) - Waiting for cluster to exit safe mode
2020-11-01 01:35:04,403 [Listener at 127.0.0.1/11328] INFO  ozone.MiniOzoneClusterImpl (MiniOzoneClusterImpl.java:lambda$waitForClusterToBeReady$0(177)) - Nodes are ready. Got 3 of 3 DN Heartbeats.
2020-11-01 01:35:04,403 [Listener at 127.0.0.1/11328] INFO  ozone.MiniOzoneClusterImpl (MiniOzoneClusterImpl.java:lambda$waitForClusterToBeReady$0(180)) - Waiting for cluster to exit safe mode
2020-11-01 01:35:04,806 [Thread-300] INFO  impl.FollowerState (FollowerState.java:run(108)) - 62e255de-43fd-4033-9a50-3f7e8b93f875@group-30AAAB21101F-FollowerState: change to CANDIDATE, lastRpcTime:5101ms, electionTimeout:5084ms
2020-11-01 01:35:04,807 [Thread-300] INFO  impl.RoleInfo (RoleInfo.java:shutdownFollowerState(121)) - 62e255de-43fd-4033-9a50-3f7e8b93f875: shutdown FollowerState
2020-11-01 01:35:04,807 [Thread-300] INFO  impl.RaftServerImpl (RaftServerImpl.java:setRole(198)) - 62e255de-43fd-4033-9a50-3f7e8b93f875@group-30AAAB21101F: changes role from  FOLLOWER to CANDIDATE at term 0 for changeToCandidate
2020-11-01 01:35:04,807 [Thread-300] INFO  impl.RoleInfo (RoleInfo.java:updateAndGet(143)) - 62e255de-43fd-4033-9a50-3f7e8b93f875: start LeaderElection
2020-11-01 01:35:04,811 [62e255de-43fd-4033-9a50-3f7e8b93f875@group-30AAAB21101F-LeaderElection5] INFO  impl.LeaderElection (LeaderElection.java:askForVotes(210)) - 62e255de-43fd-4033-9a50-3f7e8b93f875@group-30AAAB21101F-LeaderElection5: begin an election at term 1 for -1: [62e255de-43fd-4033-9a50-3f7e8b93f875:172.17.0.2:43717:0], old=null
2020-11-01 01:35:04,811 [62e255de-43fd-4033-9a50-3f7e8b93f875@group-30AAAB21101F-LeaderElection5] INFO  impl.RoleInfo (RoleInfo.java:shutdownLeaderElection(134)) - 62e255de-43fd-4033-9a50-3f7e8b93f875: shutdown LeaderElection
2020-11-01 01:35:04,811 [62e255de-43fd-4033-9a50-3f7e8b93f875@group-30AAAB21101F-LeaderElection5] INFO  impl.RaftServerImpl (RaftServerImpl.java:setRole(198)) - 62e255de-43fd-4033-9a50-3f7e8b93f875@group-30AAAB21101F: changes role from CANDIDATE to LEADER at term 1 for changeToLeader
2020-11-01 01:35:04,811 [62e255de-43fd-4033-9a50-3f7e8b93f875@group-30AAAB21101F-LeaderElection5] INFO  ratis.XceiverServerRatis (XceiverServerRatis.java:handleLeaderChangedNotification(854)) - Leader change notification received for group: group-30AAAB21101F with new leaderId: 62e255de-43fd-4033-9a50-3f7e8b93f875
2020-11-01 01:35:04,812 [62e255de-43fd-4033-9a50-3f7e8b93f875@group-30AAAB21101F-LeaderElection5] INFO  impl.RaftServerImpl (ServerState.java:setLeader(256)) - 62e255de-43fd-4033-9a50-3f7e8b93f875@group-30AAAB21101F: change Leader from null to 62e255de-43fd-4033-9a50-3f7e8b93f875 at term 1 for becomeLeader, leader elected after 5116ms
2020-11-01 01:35:04,812 [62e255de-43fd-4033-9a50-3f7e8b93f875@group-30AAAB21101F-LeaderElection5] INFO  server.RaftServerConfigKeys (ConfUtils.java:logGet(44)) - raft.server.staging.catchup.gap = 1000 (default)
2020-11-01 01:35:04,812 [62e255de-43fd-4033-9a50-3f7e8b93f875@group-30AAAB21101F-LeaderElection5] INFO  server.RaftServerConfigKeys (ConfUtils.java:logGet(44)) - raft.server.rpc.sleep.time = 25ms (default)
2020-11-01 01:35:04,812 [62e255de-43fd-4033-9a50-3f7e8b93f875@group-30AAAB21101F-LeaderElection5] INFO  metrics.RatisMetrics (RatisMetrics.java:lambda$create$0(36)) - Creating Metrics Registry : ratis.log_appender.62e255de-43fd-4033-9a50-3f7e8b93f875@group-30AAAB21101F
2020-11-01 01:35:04,812 [62e255de-43fd-4033-9a50-3f7e8b93f875@group-30AAAB21101F-LeaderElection5] INFO  server.RaftServerConfigKeys (ConfUtils.java:logGet(44)) - raft.server.write.element-limit = 1024 (custom)
2020-11-01 01:35:04,813 [62e255de-43fd-4033-9a50-3f7e8b93f875@group-30AAAB21101F-LeaderElection5] INFO  server.RaftServerConfigKeys (ConfUtils.java:logGet(44)) - raft.server.write.byte-limit = 1073741824 (custom)
2020-11-01 01:35:04,813 [62e255de-43fd-4033-9a50-3f7e8b93f875@group-30AAAB21101F-LeaderElection5] INFO  server.RaftServerConfigKeys (ConfUtils.java:logGet(44)) - raft.server.watch.timeout = 180s (custom)
2020-11-01 01:35:04,813 [62e255de-43fd-4033-9a50-3f7e8b93f875@group-30AAAB21101F-LeaderElection5] INFO  server.RaftServerConfigKeys (ConfUtils.java:logGet(44)) - raft.server.watch.timeout.denomination = 1s (default)
2020-11-01 01:35:04,813 [62e255de-43fd-4033-9a50-3f7e8b93f875@group-30AAAB21101F-LeaderElection5] INFO  server.RaftServerConfigKeys (ConfUtils.java:logGet(44)) - raft.server.watch.element-limit = 65536 (default)
2020-11-01 01:35:04,813 [62e255de-43fd-4033-9a50-3f7e8b93f875@group-30AAAB21101F-LeaderElection5] INFO  impl.RoleInfo (RoleInfo.java:updateAndGet(143)) - 62e255de-43fd-4033-9a50-3f7e8b93f875: start LeaderState
2020-11-01 01:35:04,814 [62e255de-43fd-4033-9a50-3f7e8b93f875@group-30AAAB21101F-LeaderElection5] INFO  segmented.SegmentedRaftLogWorker (SegmentedRaftLogWorker.java:startLogSegment(397)) - 62e255de-43fd-4033-9a50-3f7e8b93f875@group-30AAAB21101F-SegmentedRaftLogWorker: Starting segment from index:0
2020-11-01 01:35:04,817 [62e255de-43fd-4033-9a50-3f7e8b93f875@group-30AAAB21101F-SegmentedRaftLogWorker] INFO  segmented.SegmentedRaftLogWorker (SegmentedRaftLogWorker.java:execute(596)) - 62e255de-43fd-4033-9a50-3f7e8b93f875@group-30AAAB21101F-SegmentedRaftLogWorker: created new log segment /github/workspace/mnt/ozone/hadoop-ozone/integration-test/target/test-dir/MiniOzoneClusterImpl-ecf2639c-de0d-4ab3-a94d-e94508b7a11d/datanode-0/data/ratis/9855849e-d3eb-4d34-8ebe-30aaab21101f/current/log_inprogress_0
2020-11-01 01:35:04,819 [62e255de-43fd-4033-9a50-3f7e8b93f875@group-30AAAB21101F-LeaderElection5] INFO  impl.RaftServerImpl (ServerState.java:setRaftConf(374)) - 62e255de-43fd-4033-9a50-3f7e8b93f875@group-30AAAB21101F: set configuration 0: [62e255de-43fd-4033-9a50-3f7e8b93f875:172.17.0.2:43717:0], old=null at 0
2020-11-01 01:35:04,880 [Thread-304] INFO  impl.FollowerState (FollowerState.java:run(108)) - 62e255de-43fd-4033-9a50-3f7e8b93f875@group-98195F5EDD6E-FollowerState: change to CANDIDATE, lastRpcTime:5139ms, electionTimeout:5130ms
2020-11-01 01:35:04,880 [Thread-304] INFO  impl.RoleInfo (RoleInfo.java:shutdownFollowerState(121)) - 62e255de-43fd-4033-9a50-3f7e8b93f875: shutdown FollowerState
2020-11-01 01:35:04,881 [Thread-304] INFO  impl.RaftServerImpl (RaftServerImpl.java:setRole(198)) - 62e255de-43fd-4033-9a50-3f7e8b93f875@group-98195F5EDD6E: changes role from  FOLLOWER to CANDIDATE at term 0 for changeToCandidate
2020-11-01 01:35:04,881 [Thread-304] INFO  impl.RoleInfo (RoleInfo.java:updateAndGet(143)) - 62e255de-43fd-4033-9a50-3f7e8b93f875: start LeaderElection
2020-11-01 01:35:04,884 [62e255de-43fd-4033-9a50-3f7e8b93f875@group-98195F5EDD6E-LeaderElection6] INFO  impl.LeaderElection (LeaderElection.java:askForVotes(210)) - 62e255de-43fd-4033-9a50-3f7e8b93f875@group-98195F5EDD6E-LeaderElection6: begin an election at term 1 for -1: [f6eee0b7-a520-4e1c-a247-ba4eb4f2c5fb:172.17.0.2:34765:0, 84989a57-0b18-4228-8d2c-881f34c13802:172.17.0.2:44529:0, 62e255de-43fd-4033-9a50-3f7e8b93f875:172.17.0.2:43717:0], old=null
2020-11-01 01:35:04,894 [grpc-default-executor-0] INFO  impl.RaftServerImpl (RaftServerImpl.java:setRole(198)) - f6eee0b7-a520-4e1c-a247-ba4eb4f2c5fb@group-98195F5EDD6E: changes role from  FOLLOWER to FOLLOWER at term 1 for recognizeCandidate:62e255de-43fd-4033-9a50-3f7e8b93f875
2020-11-01 01:35:04,894 [grpc-default-executor-0] INFO  impl.RoleInfo (RoleInfo.java:shutdownFollowerState(121)) - f6eee0b7-a520-4e1c-a247-ba4eb4f2c5fb: shutdown FollowerState
2020-11-01 01:35:04,895 [grpc-default-executor-0] INFO  impl.RoleInfo (RoleInfo.java:updateAndGet(143)) - f6eee0b7-a520-4e1c-a247-ba4eb4f2c5fb: start FollowerState
2020-11-01 01:35:04,895 [Thread-306] INFO  impl.FollowerState (FollowerState.java:run(117)) - f6eee0b7-a520-4e1c-a247-ba4eb4f2c5fb@group-98195F5EDD6E-FollowerState was interrupted: java.lang.InterruptedException: sleep interrupted
2020-11-01 01:35:04,895 [grpc-default-executor-0] INFO  impl.RaftServerImpl (RaftServerImpl.java:requestVote(923)) -  FOLLOWER f6eee0b7-a520-4e1c-a247-ba4eb4f2c5fb@group-98195F5EDD6E:t1, leader=null, voted=null, raftlog=f6eee0b7-a520-4e1c-a247-ba4eb4f2c5fb@group-98195F5EDD6E-SegmentedRaftLog:OPENED:c-1,f-1,i0, conf=-1: [f6eee0b7-a520-4e1c-a247-ba4eb4f2c5fb:172.17.0.2:34765:0, 84989a57-0b18-4228-8d2c-881f34c13802:172.17.0.2:44529:0, 62e255de-43fd-4033-9a50-3f7e8b93f875:172.17.0.2:43717:0], old=null RUNNING priority:0 candidate:62e255de-43fd-4033-9a50-3f7e8b93f875:172.17.0.2:43717:0 candidatePriority:0 compare:0
2020-11-01 01:35:04,897 [grpc-default-executor-1] INFO  impl.RaftServerImpl (RaftServerImpl.java:setRole(198)) - 84989a57-0b18-4228-8d2c-881f34c13802@group-98195F5EDD6E: changes role from  FOLLOWER to FOLLOWER at term 1 for recognizeCandidate:62e255de-43fd-4033-9a50-3f7e8b93f875
2020-11-01 01:35:04,897 [grpc-default-executor-1] INFO  impl.RoleInfo (RoleInfo.java:shutdownFollowerState(121)) - 84989a57-0b18-4228-8d2c-881f34c13802: shutdown FollowerState
2020-11-01 01:35:04,897 [grpc-default-executor-1] INFO  impl.RoleInfo (RoleInfo.java:updateAndGet(143)) - 84989a57-0b18-4228-8d2c-881f34c13802: start FollowerState
2020-11-01 01:35:04,898 [Thread-309] INFO  impl.FollowerState (FollowerState.java:run(117)) - 84989a57-0b18-4228-8d2c-881f34c13802@group-98195F5EDD6E-FollowerState was interrupted: java.lang.InterruptedException: sleep interrupted
2020-11-01 01:35:04,899 [grpc-default-executor-1] INFO  impl.RaftServerImpl (RaftServerImpl.java:requestVote(923)) -  FOLLOWER 84989a57-0b18-4228-8d2c-881f34c13802@group-98195F5EDD6E:t1, leader=null, voted=null, raftlog=84989a57-0b18-4228-8d2c-881f34c13802@group-98195F5EDD6E-SegmentedRaftLog:OPENED:c-1,f-1,i0, conf=-1: [f6eee0b7-a520-4e1c-a247-ba4eb4f2c5fb:172.17.0.2:34765:0, 84989a57-0b18-4228-8d2c-881f34c13802:172.17.0.2:44529:0, 62e255de-43fd-4033-9a50-3f7e8b93f875:172.17.0.2:43717:0], old=null RUNNING priority:0 candidate:62e255de-43fd-4033-9a50-3f7e8b93f875:172.17.0.2:43717:0 candidatePriority:0 compare:0
2020-11-01 01:35:04,910 [62e255de-43fd-4033-9a50-3f7e8b93f875@group-98195F5EDD6E-LeaderElection6] INFO  impl.LeaderElection (LeaderElection.java:logAndReturn(62)) - 62e255de-43fd-4033-9a50-3f7e8b93f875@group-98195F5EDD6E-LeaderElection6: Election PASSED; received 1 response(s) [62e255de-43fd-4033-9a50-3f7e8b93f875<-f6eee0b7-a520-4e1c-a247-ba4eb4f2c5fb#0:OK-t1] and 0 exception(s); 62e255de-43fd-4033-9a50-3f7e8b93f875@group-98195F5EDD6E:t1, leader=null, voted=62e255de-43fd-4033-9a50-3f7e8b93f875, raftlog=62e255de-43fd-4033-9a50-3f7e8b93f875@group-98195F5EDD6E-SegmentedRaftLog:OPENED:c-1,f-1,i0, conf=-1: [f6eee0b7-a520-4e1c-a247-ba4eb4f2c5fb:172.17.0.2:34765:0, 84989a57-0b18-4228-8d2c-881f34c13802:172.17.0.2:44529:0, 62e255de-43fd-4033-9a50-3f7e8b93f875:172.17.0.2:43717:0], old=null
2020-11-01 01:35:04,910 [62e255de-43fd-4033-9a50-3f7e8b93f875@group-98195F5EDD6E-LeaderElection6] INFO  impl.RoleInfo (RoleInfo.java:shutdownLeaderElection(134)) - 62e255de-43fd-4033-9a50-3f7e8b93f875: shutdown LeaderElection
2020-11-01 01:35:04,910 [62e255de-43fd-4033-9a50-3f7e8b93f875@group-98195F5EDD6E-LeaderElection6] INFO  impl.RaftServerImpl (RaftServerImpl.java:setRole(198)) - 62e255de-43fd-4033-9a50-3f7e8b93f875@group-98195F5EDD6E: changes role from CANDIDATE to LEADER at term 1 for changeToLeader
2020-11-01 01:35:04,911 [62e255de-43fd-4033-9a50-3f7e8b93f875@group-98195F5EDD6E-LeaderElection6] INFO  ratis.XceiverServerRatis (XceiverServerRatis.java:handleLeaderChangedNotification(854)) - Leader change notification received for group: group-98195F5EDD6E with new leaderId: 62e255de-43fd-4033-9a50-3f7e8b93f875
2020-11-01 01:35:04,911 [62e255de-43fd-4033-9a50-3f7e8b93f875@group-98195F5EDD6E-LeaderElection6] INFO  impl.RaftServerImpl (ServerState.java:setLeader(256)) - 62e255de-43fd-4033-9a50-3f7e8b93f875@group-98195F5EDD6E: change Leader from null to 62e255de-43fd-4033-9a50-3f7e8b93f875 at term 1 for becomeLeader, leader elected after 5186ms
2020-11-01 01:35:04,911 [62e255de-43fd-4033-9a50-3f7e8b93f875@group-98195F5EDD6E-LeaderElection6] INFO  server.RaftServerConfigKeys (ConfUtils.java:logGet(44)) - raft.server.staging.catchup.gap = 1000 (default)
2020-11-01 01:35:04,911 [62e255de-43fd-4033-9a50-3f7e8b93f875@group-98195F5EDD6E-LeaderElection6] INFO  server.RaftServerConfigKeys (ConfUtils.java:logGet(44)) - raft.server.rpc.sleep.time = 25ms (default)
2020-11-01 01:35:04,911 [62e255de-43fd-4033-9a50-3f7e8b93f875@group-98195F5EDD6E-LeaderElection6] INFO  metrics.RatisMetrics (RatisMetrics.java:lambda$create$0(36)) - Creating Metrics Registry : ratis.log_appender.62e255de-43fd-4033-9a50-3f7e8b93f875@group-98195F5EDD6E
2020-11-01 01:35:04,911 [62e255de-43fd-4033-9a50-3f7e8b93f875@group-98195F5EDD6E-LeaderElection6] INFO  server.RaftServerConfigKeys (ConfUtils.java:logGet(44)) - raft.server.write.element-limit = 1024 (custom)
2020-11-01 01:35:04,911 [62e255de-43fd-4033-9a50-3f7e8b93f875@group-98195F5EDD6E-LeaderElection6] INFO  server.RaftServerConfigKeys (ConfUtils.java:logGet(44)) - raft.server.write.byte-limit = 1073741824 (custom)
2020-11-01 01:35:04,911 [62e255de-43fd-4033-9a50-3f7e8b93f875@group-98195F5EDD6E-LeaderElection6] INFO  server.RaftServerConfigKeys (ConfUtils.java:logGet(44)) - raft.server.watch.timeout = 180s (custom)
2020-11-01 01:35:04,912 [62e255de-43fd-4033-9a50-3f7e8b93f875@group-98195F5EDD6E-LeaderElection6] INFO  server.RaftServerConfigKeys (ConfUtils.java:logGet(44)) - raft.server.watch.timeout.denomination = 1s (default)
2020-11-01 01:35:04,912 [62e255de-43fd-4033-9a50-3f7e8b93f875@group-98195F5EDD6E-LeaderElection6] INFO  server.RaftServerConfigKeys (ConfUtils.java:logGet(44)) - raft.server.watch.element-limit = 65536 (default)
2020-11-01 01:35:04,912 [62e255de-43fd-4033-9a50-3f7e8b93f875@group-98195F5EDD6E-LeaderElection6] INFO  server.RaftServerConfigKeys (ConfUtils.java:logGet(44)) - raft.server.log.appender.snapshot.chunk.size.max = 16MB (=16777216) (default)
2020-11-01 01:35:04,912 [62e255de-43fd-4033-9a50-3f7e8b93f875@group-98195F5EDD6E-LeaderElection6] INFO  server.RaftServerConfigKeys (ConfUtils.java:logGet(44)) - raft.server.log.appender.buffer.byte-limit = 33554432 (custom)
2020-11-01 01:35:04,912 [62e255de-43fd-4033-9a50-3f7e8b93f875@group-98195F5EDD6E-LeaderElection6] INFO  server.RaftServerConfigKeys (ConfUtils.java:logGet(44)) - raft.server.log.appender.buffer.element-limit = 1 (custom)
2020-11-01 01:35:04,912 [62e255de-43fd-4033-9a50-3f7e8b93f875@group-98195F5EDD6E-LeaderElection6] INFO  grpc.GrpcConfigKeys (ConfUtils.java:logGet(44)) - raft.grpc.server.leader.outstanding.appends.max = 128 (default)
2020-11-01 01:35:04,912 [62e255de-43fd-4033-9a50-3f7e8b93f875@group-98195F5EDD6E-LeaderElection6] INFO  server.RaftServerConfigKeys (ConfUtils.java:logGet(44)) - raft.server.rpc.request.timeout = 60s (custom)
2020-11-01 01:35:04,912 [62e255de-43fd-4033-9a50-3f7e8b93f875@group-98195F5EDD6E-LeaderElection6] INFO  server.RaftServerConfigKeys (ConfUtils.java:logGet(44)) - raft.server.log.appender.install.snapshot.enabled = false (custom)
2020-11-01 01:35:04,912 [62e255de-43fd-4033-9a50-3f7e8b93f875@group-98195F5EDD6E-LeaderElection6] INFO  metrics.RatisMetrics (RatisMetrics.java:lambda$create$0(36)) - Creating Metrics Registry : ratis_grpc.log_appender.62e255de-43fd-4033-9a50-3f7e8b93f875@group-98195F5EDD6E
2020-11-01 01:35:04,913 [62e255de-43fd-4033-9a50-3f7e8b93f875@group-98195F5EDD6E-LeaderElection6] INFO  server.RaftServerConfigKeys (ConfUtils.java:logGet(44)) - raft.server.log.appender.snapshot.chunk.size.max = 16MB (=16777216) (default)
2020-11-01 01:35:04,913 [62e255de-43fd-4033-9a50-3f7e8b93f875@group-98195F5EDD6E-LeaderElection6] INFO  server.RaftServerConfigKeys (ConfUtils.java:logGet(44)) - raft.server.log.appender.buffer.byte-limit = 33554432 (custom)
2020-11-01 01:35:04,913 [62e255de-43fd-4033-9a50-3f7e8b93f875@group-98195F5EDD6E-LeaderElection6] INFO  server.RaftServerConfigKeys (ConfUtils.java:logGet(44)) - raft.server.log.appender.buffer.element-limit = 1 (custom)
2020-11-01 01:35:04,914 [62e255de-43fd-4033-9a50-3f7e8b93f875@group-98195F5EDD6E-LeaderElection6] INFO  grpc.GrpcConfigKeys (ConfUtils.java:logGet(44)) - raft.grpc.server.leader.outstanding.appends.max = 128 (default)
2020-11-01 01:35:04,914 [62e255de-43fd-4033-9a50-3f7e8b93f875@group-98195F5EDD6E-LeaderElection6] INFO  server.RaftServerConfigKeys (ConfUtils.java:logGet(44)) - raft.server.rpc.request.timeout = 60s (custom)
2020-11-01 01:35:04,914 [62e255de-43fd-4033-9a50-3f7e8b93f875@group-98195F5EDD6E-LeaderElection6] INFO  server.RaftServerConfigKeys (ConfUtils.java:logGet(44)) - raft.server.log.appender.install.snapshot.enabled = false (custom)
2020-11-01 01:35:04,917 [62e255de-43fd-4033-9a50-3f7e8b93f875@group-98195F5EDD6E-LeaderElection6] INFO  impl.RoleInfo (RoleInfo.java:updateAndGet(143)) - 62e255de-43fd-4033-9a50-3f7e8b93f875: start LeaderState
2020-11-01 01:35:04,917 [62e255de-43fd-4033-9a50-3f7e8b93f875@group-98195F5EDD6E-LeaderElection6] INFO  segmented.SegmentedRaftLogWorker (SegmentedRaftLogWorker.java:startLogSegment(397)) - 62e255de-43fd-4033-9a50-3f7e8b93f875@group-98195F5EDD6E-SegmentedRaftLogWorker: Starting segment from index:0
2020-11-01 01:35:04,918 [EventQueue-PipelineReportForPipelineReportHandler] INFO  pipeline.PipelineStateManager (PipelineStateManager.java:openPipeline(132)) - Pipeline Pipeline[ Id: f9923a9a-38f6-464c-a73a-98195f5edd6e, Nodes: f6eee0b7-a520-4e1c-a247-ba4eb4f2c5fb{ip: 172.17.0.2, host: 6eaeb98a1ebc, networkLocation: /default-rack, certSerialId: null}62e255de-43fd-4033-9a50-3f7e8b93f875{ip: 172.17.0.2, host: 6eaeb98a1ebc, networkLocation: /default-rack, certSerialId: null}84989a57-0b18-4228-8d2c-881f34c13802{ip: 172.17.0.2, host: 6eaeb98a1ebc, networkLocation: /default-rack, certSerialId: null}, Type:RATIS, Factor:THREE, State:ALLOCATED, leaderId:62e255de-43fd-4033-9a50-3f7e8b93f875, CreationTimestamp2020-11-01T01:34:57.404Z] moved to OPEN state
2020-11-01 01:35:04,919 [EventQueue-OpenPipelineForOneReplicaPipelineSafeModeRule] INFO  safemode.SCMSafeModeManager (SCMSafeModeManager.java:validateSafeModeExitRules(214)) - AtleastOneDatanodeReportedRule rule is successfully validated
2020-11-01 01:35:04,919 [EventQueue-OpenPipelineForHealthyPipelineSafeModeRule] INFO  safemode.SCMSafeModeManager (HealthyPipelineSafeModeRule.java:process(129)) - SCM in safe mode. Healthy pipelines reported count is 1, required healthy pipeline reported count is 1
2020-11-01 01:35:04,920 [EventQueue-OpenPipelineForHealthyPipelineSafeModeRule] INFO  safemode.SCMSafeModeManager (SCMSafeModeManager.java:validateSafeModeExitRules(214)) - HealthyPipelineSafeModeRule rule is successfully validated
2020-11-01 01:35:04,920 [EventQueue-OpenPipelineForHealthyPipelineSafeModeRule] INFO  safemode.SCMSafeModeManager (SCMSafeModeManager.java:validateSafeModeExitRules(228)) - ScmSafeModeManager, all rules are successfully validated
2020-11-01 01:35:04,920 [EventQueue-OpenPipelineForHealthyPipelineSafeModeRule] INFO  safemode.SCMSafeModeManager (SCMSafeModeManager.java:exitSafeMode(257)) - SCM exiting safe mode.
2020-11-01 01:35:04,922 [62e255de-43fd-4033-9a50-3f7e8b93f875@group-98195F5EDD6E-LeaderElection6] INFO  impl.RaftServerImpl (ServerState.java:setRaftConf(374)) - 62e255de-43fd-4033-9a50-3f7e8b93f875@group-98195F5EDD6E: set configuration 0: [f6eee0b7-a520-4e1c-a247-ba4eb4f2c5fb:172.17.0.2:34765:0, 84989a57-0b18-4228-8d2c-881f34c13802:172.17.0.2:44529:0, 62e255de-43fd-4033-9a50-3f7e8b93f875:172.17.0.2:43717:0], old=null at 0
2020-11-01 01:35:04,922 [62e255de-43fd-4033-9a50-3f7e8b93f875@group-98195F5EDD6E-SegmentedRaftLogWorker] INFO  segmented.SegmentedRaftLogWorker (SegmentedRaftLogWorker.java:execute(596)) - 62e255de-43fd-4033-9a50-3f7e8b93f875@group-98195F5EDD6E-SegmentedRaftLogWorker: created new log segment /github/workspace/mnt/ozone/hadoop-ozone/integration-test/target/test-dir/MiniOzoneClusterImpl-ecf2639c-de0d-4ab3-a94d-e94508b7a11d/datanode-0/data/ratis/f9923a9a-38f6-464c-a73a-98195f5edd6e/current/log_inprogress_0
2020-11-01 01:35:04,931 [grpc-default-executor-3] INFO  ratis.XceiverServerRatis (XceiverServerRatis.java:handleLeaderChangedNotification(854)) - Leader change notification received for group: group-98195F5EDD6E with new leaderId: 62e255de-43fd-4033-9a50-3f7e8b93f875
2020-11-01 01:35:04,931 [grpc-default-executor-3] INFO  impl.RaftServerImpl (ServerState.java:setLeader(256)) - f6eee0b7-a520-4e1c-a247-ba4eb4f2c5fb@group-98195F5EDD6E: change Leader from null to 62e255de-43fd-4033-9a50-3f7e8b93f875 at term 1 for appendEntries, leader elected after 5104ms
2020-11-01 01:35:04,931 [grpc-default-executor-2] INFO  ratis.XceiverServerRatis (XceiverServerRatis.java:handleLeaderChangedNotification(854)) - Leader change notification received for group: group-98195F5EDD6E with new leaderId: 62e255de-43fd-4033-9a50-3f7e8b93f875
2020-11-01 01:35:04,931 [grpc-default-executor-2] INFO  impl.RaftServerImpl (ServerState.java:setLeader(256)) - 84989a57-0b18-4228-8d2c-881f34c13802@group-98195F5EDD6E: change Leader from null to 62e255de-43fd-4033-9a50-3f7e8b93f875 at term 1 for appendEntries, leader elected after 5039ms
2020-11-01 01:35:04,945 [grpc-default-executor-2] INFO  impl.RaftServerImpl (ServerState.java:setRaftConf(374)) - 84989a57-0b18-4228-8d2c-881f34c13802@group-98195F5EDD6E: set configuration 0: [f6eee0b7-a520-4e1c-a247-ba4eb4f2c5fb:172.17.0.2:34765:0, 84989a57-0b18-4228-8d2c-881f34c13802:172.17.0.2:44529:0, 62e255de-43fd-4033-9a50-3f7e8b93f875:172.17.0.2:43717:0], old=null at 0
2020-11-01 01:35:04,946 [grpc-default-executor-2] INFO  segmented.SegmentedRaftLogWorker (SegmentedRaftLogWorker.java:startLogSegment(397)) - 84989a57-0b18-4228-8d2c-881f34c13802@group-98195F5EDD6E-SegmentedRaftLogWorker: Starting segment from index:0
2020-11-01 01:35:04,946 [grpc-default-executor-3] INFO  impl.RaftServerImpl (ServerState.java:setRaftConf(374)) - f6eee0b7-a520-4e1c-a247-ba4eb4f2c5fb@group-98195F5EDD6E: set configuration 0: [f6eee0b7-a520-4e1c-a247-ba4eb4f2c5fb:172.17.0.2:34765:0, 84989a57-0b18-4228-8d2c-881f34c13802:172.17.0.2:44529:0, 62e255de-43fd-4033-9a50-3f7e8b93f875:172.17.0.2:43717:0], old=null at 0
2020-11-01 01:35:04,946 [grpc-default-executor-3] INFO  segmented.SegmentedRaftLogWorker (SegmentedRaftLogWorker.java:startLogSegment(397)) - f6eee0b7-a520-4e1c-a247-ba4eb4f2c5fb@group-98195F5EDD6E-SegmentedRaftLogWorker: Starting segment from index:0
2020-11-01 01:35:04,948 [84989a57-0b18-4228-8d2c-881f34c13802@group-98195F5EDD6E-SegmentedRaftLogWorker] INFO  segmented.SegmentedRaftLogWorker (SegmentedRaftLogWorker.java:execute(596)) - 84989a57-0b18-4228-8d2c-881f34c13802@group-98195F5EDD6E-SegmentedRaftLogWorker: created new log segment /github/workspace/mnt/ozone/hadoop-ozone/integration-test/target/test-dir/MiniOzoneClusterImpl-ecf2639c-de0d-4ab3-a94d-e94508b7a11d/datanode-2/data/ratis/f9923a9a-38f6-464c-a73a-98195f5edd6e/current/log_inprogress_0
2020-11-01 01:35:04,949 [f6eee0b7-a520-4e1c-a247-ba4eb4f2c5fb@group-98195F5EDD6E-SegmentedRaftLogWorker] INFO  segmented.SegmentedRaftLogWorker (SegmentedRaftLogWorker.java:execute(596)) - f6eee0b7-a520-4e1c-a247-ba4eb4f2c5fb@group-98195F5EDD6E-SegmentedRaftLogWorker: created new log segment /github/workspace/mnt/ozone/hadoop-ozone/integration-test/target/test-dir/MiniOzoneClusterImpl-ecf2639c-de0d-4ab3-a94d-e94508b7a11d/datanode-1/data/ratis/f9923a9a-38f6-464c-a73a-98195f5edd6e/current/log_inprogress_0
2020-11-01 01:35:05,349 [Thread-315] INFO  impl.FollowerState (FollowerState.java:run(108)) - f6eee0b7-a520-4e1c-a247-ba4eb4f2c5fb@group-C7E011419270-FollowerState: change to CANDIDATE, lastRpcTime:5144ms, electionTimeout:5143ms
2020-11-01 01:35:05,349 [Thread-315] INFO  impl.RoleInfo (RoleInfo.java:shutdownFollowerState(121)) - f6eee0b7-a520-4e1c-a247-ba4eb4f2c5fb: shutdown FollowerState
2020-11-01 01:35:05,349 [Thread-315] INFO  impl.RaftServerImpl (RaftServerImpl.java:setRole(198)) - f6eee0b7-a520-4e1c-a247-ba4eb4f2c5fb@group-C7E011419270: changes role from  FOLLOWER to CANDIDATE at term 0 for changeToCandidate
2020-11-01 01:35:05,349 [Thread-315] INFO  impl.RoleInfo (RoleInfo.java:updateAndGet(143)) - f6eee0b7-a520-4e1c-a247-ba4eb4f2c5fb: start LeaderElection
2020-11-01 01:35:05,353 [f6eee0b7-a520-4e1c-a247-ba4eb4f2c5fb@group-C7E011419270-LeaderElection7] INFO  impl.LeaderElection (LeaderElection.java:askForVotes(210)) - f6eee0b7-a520-4e1c-a247-ba4eb4f2c5fb@group-C7E011419270-LeaderElection7: begin an election at term 1 for -1: [f6eee0b7-a520-4e1c-a247-ba4eb4f2c5fb:172.17.0.2:34765:0], old=null
2020-11-01 01:35:05,353 [f6eee0b7-a520-4e1c-a247-ba4eb4f2c5fb@group-C7E011419270-LeaderElection7] INFO  impl.RoleInfo (RoleInfo.java:shutdownLeaderElection(134)) - f6eee0b7-a520-4e1c-a247-ba4eb4f2c5fb: shutdown LeaderElection
2020-11-01 01:35:05,353 [f6eee0b7-a520-4e1c-a247-ba4eb4f2c5fb@group-C7E011419270-LeaderElection7] INFO  impl.RaftServerImpl (RaftServerImpl.java:setRole(198)) - f6eee0b7-a520-4e1c-a247-ba4eb4f2c5fb@group-C7E011419270: changes role from CANDIDATE to LEADER at term 1 for changeToLeader
2020-11-01 01:35:05,353 [f6eee0b7-a520-4e1c-a247-ba4eb4f2c5fb@group-C7E011419270-LeaderElection7] INFO  ratis.XceiverServerRatis (XceiverServerRatis.java:handleLeaderChangedNotification(854)) - Leader change notification received for group: group-C7E011419270 with new leaderId: f6eee0b7-a520-4e1c-a247-ba4eb4f2c5fb
2020-11-01 01:35:05,354 [f6eee0b7-a520-4e1c-a247-ba4eb4f2c5fb@group-C7E011419270-LeaderElection7] INFO  impl.RaftServerImpl (ServerState.java:setLeader(256)) - f6eee0b7-a520-4e1c-a247-ba4eb4f2c5fb@group-C7E011419270: change Leader from null to f6eee0b7-a520-4e1c-a247-ba4eb4f2c5fb at term 1 for becomeLeader, leader elected after 5164ms
2020-11-01 01:35:05,354 [f6eee0b7-a520-4e1c-a247-ba4eb4f2c5fb@group-C7E011419270-LeaderElection7] INFO  server.RaftServerConfigKeys (ConfUtils.java:logGet(44)) - raft.server.staging.catchup.gap = 1000 (default)
2020-11-01 01:35:05,355 [f6eee0b7-a520-4e1c-a247-ba4eb4f2c5fb@group-C7E011419270-LeaderElection7] INFO  server.RaftServerConfigKeys (ConfUtils.java:logGet(44)) - raft.server.rpc.sleep.time = 25ms (default)
2020-11-01 01:35:05,355 [f6eee0b7-a520-4e1c-a247-ba4eb4f2c5fb@group-C7E011419270-LeaderElection7] INFO  metrics.RatisMetrics (RatisMetrics.java:lambda$create$0(36)) - Creating Metrics Registry : ratis.log_appender.f6eee0b7-a520-4e1c-a247-ba4eb4f2c5fb@group-C7E011419270
2020-11-01 01:35:05,356 [f6eee0b7-a520-4e1c-a247-ba4eb4f2c5fb@group-C7E011419270-LeaderElection7] INFO  server.RaftServerConfigKeys (ConfUtils.java:logGet(44)) - raft.server.write.element-limit = 1024 (custom)
2020-11-01 01:35:05,356 [f6eee0b7-a520-4e1c-a247-ba4eb4f2c5fb@group-C7E011419270-LeaderElection7] INFO  server.RaftServerConfigKeys (ConfUtils.java:logGet(44)) - raft.server.write.byte-limit = 1073741824 (custom)
2020-11-01 01:35:05,356 [f6eee0b7-a520-4e1c-a247-ba4eb4f2c5fb@group-C7E011419270-LeaderElection7] INFO  server.RaftServerConfigKeys (ConfUtils.java:logGet(44)) - raft.server.watch.timeout = 180s (custom)
2020-11-01 01:35:05,357 [f6eee0b7-a520-4e1c-a247-ba4eb4f2c5fb@group-C7E011419270-LeaderElection7] INFO  server.RaftServerConfigKeys (ConfUtils.java:logGet(44)) - raft.server.watch.timeout.denomination = 1s (default)
2020-11-01 01:35:05,357 [f6eee0b7-a520-4e1c-a247-ba4eb4f2c5fb@group-C7E011419270-LeaderElection7] INFO  server.RaftServerConfigKeys (ConfUtils.java:logGet(44)) - raft.server.watch.element-limit = 65536 (default)
2020-11-01 01:35:05,357 [f6eee0b7-a520-4e1c-a247-ba4eb4f2c5fb@group-C7E011419270-LeaderElection7] INFO  impl.RoleInfo (RoleInfo.java:updateAndGet(143)) - f6eee0b7-a520-4e1c-a247-ba4eb4f2c5fb: start LeaderState
2020-11-01 01:35:05,357 [f6eee0b7-a520-4e1c-a247-ba4eb4f2c5fb@group-C7E011419270-LeaderElection7] INFO  segmented.SegmentedRaftLogWorker (SegmentedRaftLogWorker.java:startLogSegment(397)) - f6eee0b7-a520-4e1c-a247-ba4eb4f2c5fb@group-C7E011419270-SegmentedRaftLogWorker: Starting segment from index:0
2020-11-01 01:35:05,358 [f6eee0b7-a520-4e1c-a247-ba4eb4f2c5fb@group-C7E011419270-LeaderElection7] INFO  impl.RaftServerImpl (ServerState.java:setRaftConf(374)) - f6eee0b7-a520-4e1c-a247-ba4eb4f2c5fb@group-C7E011419270: set configuration 0: [f6eee0b7-a520-4e1c-a247-ba4eb4f2c5fb:172.17.0.2:34765:0], old=null at 0
2020-11-01 01:35:05,363 [f6eee0b7-a520-4e1c-a247-ba4eb4f2c5fb@group-C7E011419270-SegmentedRaftLogWorker] INFO  segmented.SegmentedRaftLogWorker (SegmentedRaftLogWorker.java:execute(596)) - f6eee0b7-a520-4e1c-a247-ba4eb4f2c5fb@group-C7E011419270-SegmentedRaftLogWorker: created new log segment /github/workspace/mnt/ozone/hadoop-ozone/integration-test/target/test-dir/MiniOzoneClusterImpl-ecf2639c-de0d-4ab3-a94d-e94508b7a11d/datanode-1/data/ratis/023ee1c9-7c9d-416c-b731-c7e011419270/current/log_inprogress_0
2020-11-01 01:35:05,404 [Listener at 127.0.0.1/11328] INFO  ozone.MiniOzoneClusterImpl (MiniOzoneClusterImpl.java:lambda$waitForClusterToBeReady$0(177)) - Nodes are ready. Got 3 of 3 DN Heartbeats.
2020-11-01 01:35:05,404 [Listener at 127.0.0.1/11328] INFO  ozone.MiniOzoneClusterImpl (MiniOzoneClusterImpl.java:lambda$waitForClusterToBeReady$0(180)) - Cluster exits safe mode
2020-11-01 01:35:05,505 [Thread-317] INFO  impl.FollowerState (FollowerState.java:run(108)) - 84989a57-0b18-4228-8d2c-881f34c13802@group-7A91F89CB833-FollowerState: change to CANDIDATE, lastRpcTime:5084ms, electionTimeout:5083ms
2020-11-01 01:35:05,505 [Thread-317] INFO  impl.RoleInfo (RoleInfo.java:shutdownFollowerState(121)) - 84989a57-0b18-4228-8d2c-881f34c13802: shutdown FollowerState
2020-11-01 01:35:05,506 [Thread-317] INFO  impl.RaftServerImpl (RaftServerImpl.java:setRole(198)) - 84989a57-0b18-4228-8d2c-881f34c13802@group-7A91F89CB833: changes role from  FOLLOWER to CANDIDATE at term 0 for changeToCandidate
2020-11-01 01:35:05,506 [Thread-317] INFO  impl.RoleInfo (RoleInfo.java:updateAndGet(143)) - 84989a57-0b18-4228-8d2c-881f34c13802: start LeaderElection
2020-11-01 01:35:05,525 [84989a57-0b18-4228-8d2c-881f34c13802@group-7A91F89CB833-LeaderElection8] INFO  impl.LeaderElection (LeaderElection.java:askForVotes(210)) - 84989a57-0b18-4228-8d2c-881f34c13802@group-7A91F89CB833-LeaderElection8: begin an election at term 1 for -1: [84989a57-0b18-4228-8d2c-881f34c13802:172.17.0.2:44529:0], old=null
2020-11-01 01:35:05,525 [84989a57-0b18-4228-8d2c-881f34c13802@group-7A91F89CB833-LeaderElection8] INFO  impl.RoleInfo (RoleInfo.java:shutdownLeaderElection(134)) - 84989a57-0b18-4228-8d2c-881f34c13802: shutdown LeaderElection
2020-11-01 01:35:05,525 [84989a57-0b18-4228-8d2c-881f34c13802@group-7A91F89CB833-LeaderElection8] INFO  impl.RaftServerImpl (RaftServerImpl.java:setRole(198)) - 84989a57-0b18-4228-8d2c-881f34c13802@group-7A91F89CB833: changes role from CANDIDATE to LEADER at term 1 for changeToLeader
2020-11-01 01:35:05,525 [84989a57-0b18-4228-8d2c-881f34c13802@group-7A91F89CB833-LeaderElection8] INFO  ratis.XceiverServerRatis (XceiverServerRatis.java:handleLeaderChangedNotification(854)) - Leader change notification received for group: group-7A91F89CB833 with new leaderId: 84989a57-0b18-4228-8d2c-881f34c13802
2020-11-01 01:35:05,525 [84989a57-0b18-4228-8d2c-881f34c13802@group-7A91F89CB833-LeaderElection8] INFO  impl.RaftServerImpl (ServerState.java:setLeader(256)) - 84989a57-0b18-4228-8d2c-881f34c13802@group-7A91F89CB833: change Leader from null to 84989a57-0b18-4228-8d2c-881f34c13802 at term 1 for becomeLeader, leader elected after 5121ms
2020-11-01 01:35:05,525 [84989a57-0b18-4228-8d2c-881f34c13802@group-7A91F89CB833-LeaderElection8] INFO  server.RaftServerConfigKeys (ConfUtils.java:logGet(44)) - raft.server.staging.catchup.gap = 1000 (default)
2020-11-01 01:35:05,526 [84989a57-0b18-4228-8d2c-881f34c13802@group-7A91F89CB833-LeaderElection8] INFO  server.RaftServerConfigKeys (ConfUtils.java:logGet(44)) - raft.server.rpc.sleep.time = 25ms (default)
2020-11-01 01:35:05,526 [84989a57-0b18-4228-8d2c-881f34c13802@group-7A91F89CB833-LeaderElection8] INFO  metrics.RatisMetrics (RatisMetrics.java:lambda$create$0(36)) - Creating Metrics Registry : ratis.log_appender.84989a57-0b18-4228-8d2c-881f34c13802@group-7A91F89CB833
2020-11-01 01:35:05,526 [84989a57-0b18-4228-8d2c-881f34c13802@group-7A91F89CB833-LeaderElection8] INFO  server.RaftServerConfigKeys (ConfUtils.java:logGet(44)) - raft.server.write.element-limit = 1024 (custom)
2020-11-01 01:35:05,526 [84989a57-0b18-4228-8d2c-881f34c13802@group-7A91F89CB833-LeaderElection8] INFO  server.RaftServerConfigKeys (ConfUtils.java:logGet(44)) - raft.server.write.byte-limit = 1073741824 (custom)
2020-11-01 01:35:05,526 [84989a57-0b18-4228-8d2c-881f34c13802@group-7A91F89CB833-LeaderElection8] INFO  server.RaftServerConfigKeys (ConfUtils.java:logGet(44)) - raft.server.watch.timeout = 180s (custom)
2020-11-01 01:35:05,526 [84989a57-0b18-4228-8d2c-881f34c13802@group-7A91F89CB833-LeaderElection8] INFO  server.RaftServerConfigKeys (ConfUtils.java:logGet(44)) - raft.server.watch.timeout.denomination = 1s (default)
2020-11-01 01:35:05,526 [84989a57-0b18-4228-8d2c-881f34c13802@group-7A91F89CB833-LeaderElection8] INFO  server.RaftServerConfigKeys (ConfUtils.java:logGet(44)) - raft.server.watch.element-limit = 65536 (default)
2020-11-01 01:35:05,526 [84989a57-0b18-4228-8d2c-881f34c13802@group-7A91F89CB833-LeaderElection8] INFO  impl.RoleInfo (RoleInfo.java:updateAndGet(143)) - 84989a57-0b18-4228-8d2c-881f34c13802: start LeaderState
2020-11-01 01:35:05,527 [84989a57-0b18-4228-8d2c-881f34c13802@group-7A91F89CB833-LeaderElection8] INFO  segmented.SegmentedRaftLogWorker (SegmentedRaftLogWorker.java:startLogSegment(397)) - 84989a57-0b18-4228-8d2c-881f34c13802@group-7A91F89CB833-SegmentedRaftLogWorker: Starting segment from index:0
2020-11-01 01:35:05,528 [84989a57-0b18-4228-8d2c-881f34c13802@group-7A91F89CB833-SegmentedRaftLogWorker] INFO  segmented.SegmentedRaftLogWorker (SegmentedRaftLogWorker.java:execute(596)) - 84989a57-0b18-4228-8d2c-881f34c13802@group-7A91F89CB833-SegmentedRaftLogWorker: created new log segment /github/workspace/mnt/ozone/hadoop-ozone/integration-test/target/test-dir/MiniOzoneClusterImpl-ecf2639c-de0d-4ab3-a94d-e94508b7a11d/datanode-2/data/ratis/cef14e7e-27df-4e46-af6d-7a91f89cb833/current/log_inprogress_0
2020-11-01 01:35:05,537 [84989a57-0b18-4228-8d2c-881f34c13802@group-7A91F89CB833-LeaderElection8] INFO  impl.RaftServerImpl (ServerState.java:setRaftConf(374)) - 84989a57-0b18-4228-8d2c-881f34c13802@group-7A91F89CB833: set configuration 0: [84989a57-0b18-4228-8d2c-881f34c13802:172.17.0.2:44529:0], old=null at 0
2020-11-01 01:35:05,880 [Listener at 127.0.0.1/11328] INFO  rpc.RpcClient (RpcClient.java:createVolume(321)) - Creating Volume: 28105d02-f09d-488e-9293-2bf6dd67b09d, with jenkins1001 as owner.
2020-11-01 01:35:06,060 [OM StateMachine ApplyTransaction Thread - 0] INFO  volume.OMVolumeCreateRequest (OMVolumeCreateRequest.java:validateAndUpdateCache(196)) - created volume:28105d02-f09d-488e-9293-2bf6dd67b09d for user:jenkins1001
2020-11-01 01:35:06,065 [OM StateMachine ApplyTransaction Thread - 0] INFO  volume.OMVolumeCreateRequest (OMVolumeCreateRequest.java:validateAndUpdateCache(196)) - created volume:28105d02-f09d-488e-9293-2bf6dd67b09d for user:jenkins1001
2020-11-01 01:35:06,061 [OM StateMachine ApplyTransaction Thread - 0] INFO  volume.OMVolumeCreateRequest (OMVolumeCreateRequest.java:validateAndUpdateCache(196)) - created volume:28105d02-f09d-488e-9293-2bf6dd67b09d for user:jenkins1001
2020-11-01 01:35:06,102 [OM StateMachine ApplyTransaction Thread - 0] INFO  volume.OMVolumeCreateRequest (OMVolumeCreateRequest.java:validateAndUpdateCache(196)) - created volume:f67155db-1a72-4a7a-963e-85afab7d6375 for user:jenkins1001
2020-11-01 01:35:06,083 [OM StateMachine ApplyTransaction Thread - 0] INFO  volume.OMVolumeCreateRequest (OMVolumeCreateRequest.java:validateAndUpdateCache(196)) - created volume:f67155db-1a72-4a7a-963e-85afab7d6375 for user:jenkins1001
2020-11-01 01:35:06,106 [OM StateMachine ApplyTransaction Thread - 0] INFO  volume.OMVolumeCreateRequest (OMVolumeCreateRequest.java:validateAndUpdateCache(196)) - created volume:f67155db-1a72-4a7a-963e-85afab7d6375 for user:jenkins1001
2020-11-01 01:35:06,108 [Listener at 127.0.0.1/11328] INFO  ozone.MiniOzoneClusterImpl (MiniOzoneClusterImpl.java:shutdown(387)) - Shutting down the Mini Ozone Cluster
2020-11-01 01:35:06,108 [Listener at 127.0.0.1/11328] INFO  ozone.MiniOzoneHAClusterImpl (MiniOzoneHAClusterImpl.java:stop(230)) - Stopping the OzoneManager omNode-3
2020-11-01 01:35:06,108 [Listener at 127.0.0.1/11328] INFO  ipc.Server (Server.java:stop(3359)) - Stopping server on 11328
2020-11-01 01:35:06,111 [IPC Server listener on 11328] INFO  ipc.Server (Server.java:run(1330)) - Stopping IPC Server listener on 11328
2020-11-01 01:35:06,112 [IPC Server Responder] INFO  ipc.Server (Server.java:run(1465)) - Stopping IPC Server Responder
2020-11-01 01:35:06,113 [Listener at 127.0.0.1/11328] INFO  impl.RaftServerProxy (RaftServerProxy.java:lambda$close$4(322)) - omNode-3: close
2020-11-01 01:35:06,113 [Listener at 127.0.0.1/11328] INFO  impl.RaftServerImpl (RaftServerImpl.java:lambda$shutdown$3(321)) - omNode-3@group-523986131536: shutdown
2020-11-01 01:35:06,113 [Listener at 127.0.0.1/11328] INFO  util.JmxRegister (JmxRegister.java:unregister(73)) - Successfully un-registered JMX Bean with object name Ratis:service=RaftServer,group=group-523986131536,id=omNode-3
2020-11-01 01:35:06,113 [Listener at 127.0.0.1/11328] INFO  impl.RoleInfo (RoleInfo.java:shutdownFollowerState(121)) - omNode-3: shutdown FollowerState
2020-11-01 01:35:06,114 [Thread-257] INFO  impl.FollowerState (FollowerState.java:run(117)) - omNode-3@group-523986131536-FollowerState was interrupted: java.lang.InterruptedException: sleep interrupted
2020-11-01 01:35:06,114 [omNode-3@group-523986131536-StateMachineUpdater] INFO  ratis.OzoneManagerStateMachine (OzoneManagerStateMachine.java:takeSnapshot(345)) - Current Snapshot Index (t:2, i:3)
2020-11-01 01:35:06,114 [Listener at 127.0.0.1/11328] INFO  impl.StateMachineUpdater (StateMachineUpdater.java:stopAndJoin(142)) - omNode-3@group-523986131536-StateMachineUpdater: set stopIndex = 3
2020-11-01 01:35:06,115 [omNode-3@group-523986131536-StateMachineUpdater] INFO  impl.StateMachineUpdater (StateMachineUpdater.java:takeSnapshot(277)) - omNode-3@group-523986131536-StateMachineUpdater: Took a snapshot at index 3
2020-11-01 01:35:06,115 [omNode-3@group-523986131536-StateMachineUpdater] INFO  impl.StateMachineUpdater (StateMachineUpdater.java:lambda$new$0(87)) - omNode-3@group-523986131536-StateMachineUpdater: snapshotIndex: updateIncreasingly -1 -> 3
2020-11-01 01:35:06,115 [omNode-3@group-523986131536-StateMachineUpdater] INFO  metrics.RatisMetrics (RatisMetrics.java:unregister(43)) - Unregistering Metrics Registry : ratis.state_machine.omNode-3@group-523986131536
2020-11-01 01:35:06,116 [Listener at 127.0.0.1/11328] INFO  impl.RaftServerImpl (ServerState.java:close(405)) - omNode-3@group-523986131536: closes. applyIndex: 3
2020-11-01 01:35:06,117 [omNode-3@group-523986131536-SegmentedRaftLogWorker] INFO  segmented.SegmentedRaftLogWorker (SegmentedRaftLogWorker.java:run(327)) - omNode-3@group-523986131536-SegmentedRaftLogWorker was interrupted, exiting. There are 0 tasks remaining in the queue.
2020-11-01 01:35:06,119 [Listener at 127.0.0.1/11328] INFO  segmented.SegmentedRaftLogWorker (SegmentedRaftLogWorker.java:close(234)) - omNode-3@group-523986131536-SegmentedRaftLogWorker close()
2020-11-01 01:35:06,120 [Listener at 127.0.0.1/11328] INFO  metrics.RatisMetrics (RatisMetrics.java:unregister(43)) - Unregistering Metrics Registry : ratis.log_worker.omNode-3@group-523986131536
2020-11-01 01:35:06,120 [Listener at 127.0.0.1/11328] INFO  metrics.RatisMetrics (RatisMetrics.java:unregister(43)) - Unregistering Metrics Registry : ratis.leader_election.omNode-3@group-523986131536
2020-11-01 01:35:06,120 [Listener at 127.0.0.1/11328] INFO  metrics.RatisMetrics (RatisMetrics.java:unregister(43)) - Unregistering Metrics Registry : ratis.server.omNode-3@group-523986131536
2020-11-01 01:35:06,121 [Listener at 127.0.0.1/11328] INFO  server.GrpcService (GrpcService.java:closeImpl(183)) - omNode-3: shutdown server with port 11332 now
2020-11-01 01:35:06,128 [grpc-default-executor-2] WARN  server.GrpcServerProtocolService (LogUtils.java:warn(122)) - omNode-3: installSnapshot onError, lastRequest: omNode-1->omNode-3#85-t2, previous=(t:2, i:3), leaderCommit=3, initializing? false, entries: size=1, first=(t:2, i:4), METADATAENTRY(c:3): org.apache.ratis.thirdparty.io.grpc.StatusRuntimeException: CANCELLED: cancelled before receiving half close
2020-11-01 01:35:06,129 [grpc-default-executor-0] WARN  server.GrpcLogAppender (LogUtils.java:warn(122)) - omNode-1@group-523986131536->omNode-3-AppendLogResponseHandler: Failed appendEntries: org.apache.ratis.thirdparty.io.grpc.StatusRuntimeException: CANCELLED: HTTP/2 error code: CANCEL
Received Rst Stream
2020-11-01 01:35:06,131 [grpc-default-executor-0] INFO  impl.FollowerInfo (FollowerInfo.java:lambda$new$0(51)) - omNode-1@group-523986131536->omNode-3: nextIndex: updateUnconditionally 5 -> 4
2020-11-01 01:35:06,145 [Listener at 127.0.0.1/11328] INFO  server.GrpcService (GrpcService.java:closeImpl(191)) - omNode-3: shutdown server with port 11332 successfully
2020-11-01 01:35:06,145 [Listener at 127.0.0.1/11328] INFO  ratis.OzoneManagerDoubleBuffer (OzoneManagerDoubleBuffer.java:stop(458)) - Stopping OMDoubleBuffer flush thread
2020-11-01 01:35:06,145 [grpc-default-executor-0] WARN  server.GrpcLogAppender (LogUtils.java:warn(122)) - omNode-1@group-523986131536->omNode-3-AppendLogResponseHandler: Failed appendEntries: org.apache.ratis.thirdparty.io.grpc.StatusRuntimeException: UNAVAILABLE: io exception
2020-11-01 01:35:06,146 [grpc-default-executor-0] INFO  impl.FollowerInfo (FollowerInfo.java:lambda$new$0(51)) - omNode-1@group-523986131536->omNode-3: nextIndex: updateUnconditionally 5 -> 4
2020-11-01 01:35:06,146 [OMDoubleBufferFlushThread] INFO  ratis.OzoneManagerDoubleBuffer (OzoneManagerDoubleBuffer.java:flushTransactions(357)) - OMDoubleBuffer flush thread OMDoubleBufferFlushThread is interrupted and will exit. OMDoubleBufferFlushThread
2020-11-01 01:35:06,147 [Listener at 127.0.0.1/11328] INFO  ratis.OzoneManagerStateMachine (HadoopExecutors.java:shutdown(118)) - Gracefully shutting down executor service. Waiting max 5 SECONDS
2020-11-01 01:35:06,147 [Listener at 127.0.0.1/11328] INFO  ratis.OzoneManagerStateMachine (HadoopExecutors.java:shutdown(129)) - Succesfully shutdown executor service
2020-11-01 01:35:06,147 [Listener at 127.0.0.1/11328] INFO  ratis.OzoneManagerStateMachine (HadoopExecutors.java:shutdown(118)) - Gracefully shutting down executor service. Waiting max 5 SECONDS
2020-11-01 01:35:06,147 [Listener at 127.0.0.1/11328] INFO  ratis.OzoneManagerStateMachine (HadoopExecutors.java:shutdown(129)) - Succesfully shutdown executor service
2020-11-01 01:35:06,147 [Listener at 127.0.0.1/11328] INFO  utils.BackgroundService (BackgroundService.java:shutdown(132)) - Shutting down service KeyDeletingService
2020-11-01 01:35:06,150 [Listener at 127.0.0.1/11328] INFO  handler.ContextHandler (ContextHandler.java:doStop(1016)) - Stopped o.e.j.w.WebAppContext@1e866823{ozoneManager,/,null,UNAVAILABLE}{file:/github/workspace/mnt/ozone/hadoop-ozone/integration-test/target/test-classes/webapps/ozoneManager}
2020-11-01 01:35:06,154 [Listener at 127.0.0.1/11328] INFO  server.AbstractConnector (AbstractConnector.java:doStop(380)) - Stopped ServerConnector@4acdd1bb{HTTP/1.1,[http/1.1]}{0.0.0.0:11330}
2020-11-01 01:35:06,155 [Listener at 127.0.0.1/11328] INFO  server.session (HouseKeeper.java:stopScavenging(158)) - node0 Stopped scavenging
2020-11-01 01:35:06,155 [Listener at 127.0.0.1/11328] INFO  handler.ContextHandler (ContextHandler.java:doStop(1016)) - Stopped o.e.j.s.ServletContextHandler@26d9dc44{static,/static,file:///github/workspace/mnt/ozone/hadoop-ozone/integration-test/target/test-classes/webapps/static,UNAVAILABLE}
2020-11-01 01:35:06,155 [Listener at 127.0.0.1/11328] INFO  handler.ContextHandler (ContextHandler.java:doStop(1016)) - Stopped o.e.j.s.ServletContextHandler@205ef4f3{logs,/logs,file:///github/workspace/mnt/ozone/hadoop-ozone/integration-test/target/log,UNAVAILABLE}
2020-11-01 01:35:06,158 [Listener at 127.0.0.1/11328] INFO  ozone.MiniOzoneHAClusterImpl (MiniOzoneHAClusterImpl.java:stop(230)) - Stopping the OzoneManager omNode-1
2020-11-01 01:35:06,159 [Listener at 127.0.0.1/11328] INFO  ipc.Server (Server.java:stop(3359)) - Stopping server on 11316
2020-11-01 01:35:06,160 [IPC Server listener on 11316] INFO  ipc.Server (Server.java:run(1330)) - Stopping IPC Server listener on 11316
2020-11-01 01:35:06,161 [IPC Server Responder] INFO  ipc.Server (Server.java:run(1465)) - Stopping IPC Server Responder
2020-11-01 01:35:06,162 [Listener at 127.0.0.1/11328] INFO  impl.RaftServerProxy (RaftServerProxy.java:lambda$close$4(322)) - omNode-1: close
2020-11-01 01:35:06,162 [Listener at 127.0.0.1/11328] INFO  impl.RaftServerImpl (RaftServerImpl.java:lambda$shutdown$3(321)) - omNode-1@group-523986131536: shutdown
2020-11-01 01:35:06,162 [Listener at 127.0.0.1/11328] INFO  util.JmxRegister (JmxRegister.java:unregister(73)) - Successfully un-registered JMX Bean with object name Ratis:service=RaftServer,group=group-523986131536,id=omNode-1
2020-11-01 01:35:06,162 [Listener at 127.0.0.1/11328] INFO  impl.RoleInfo (RoleInfo.java:shutdownLeaderState(104)) - omNode-1: shutdown LeaderState
2020-11-01 01:35:06,162 [Listener at 127.0.0.1/11328] INFO  metrics.RatisMetrics (RatisMetrics.java:unregister(43)) - Unregistering Metrics Registry : ratis_grpc.log_appender.omNode-1@group-523986131536
2020-11-01 01:35:06,163 [Listener at 127.0.0.1/11328] INFO  metrics.RatisMetrics (RatisMetrics.java:unregister(43)) - Unregistering Metrics Registry : ratis_grpc.log_appender.omNode-1@group-523986131536
2020-11-01 01:35:06,163 [org.apache.ratis.server.impl.LogAppender$AppenderDaemon$$Lambda$361/156015976@54d87988] WARN  server.GrpcLogAppender (GrpcLogAppender.java:mayWait(168)) - omNode-1@group-523986131536->omNode-3-GrpcLogAppender: Wait interrupted by java.lang.InterruptedException
2020-11-01 01:35:06,163 [Listener at 127.0.0.1/11328] INFO  impl.PendingRequests (PendingRequests.java:sendNotLeaderResponses(249)) - omNode-1@group-523986131536-PendingRequests: sendNotLeaderResponses
2020-11-01 01:35:06,163 [org.apache.ratis.server.impl.LogAppender$AppenderDaemon$$Lambda$361/156015976@353f2690] WARN  server.GrpcLogAppender (GrpcLogAppender.java:mayWait(168)) - omNode-1@group-523986131536->omNode-2-GrpcLogAppender: Wait interrupted by java.lang.InterruptedException
2020-11-01 01:35:06,164 [grpc-default-executor-0] INFO  server.GrpcServerProtocolService (GrpcServerProtocolService.java:onCompleted(138)) - omNode-2: Completed APPEND_ENTRIES, lastRequest: omNode-1->omNode-2#87-t2, previous=(t:2, i:3), leaderCommit=3, initializing? false, entries: size=1, first=(t:2, i:4), METADATAENTRY(c:3)
2020-11-01 01:35:06,175 [grpc-default-executor-3] INFO  server.GrpcLogAppender (GrpcLogAppender.java:onCompleted(336)) - omNode-1@group-523986131536->omNode-2-AppendLogResponseHandler: follower responses appendEntries COMPLETED
2020-11-01 01:35:06,176 [grpc-default-executor-3] INFO  impl.FollowerInfo (FollowerInfo.java:lambda$new$0(51)) - omNode-1@group-523986131536->omNode-2: nextIndex: updateUnconditionally 5 -> 4
2020-11-01 01:35:06,177 [Listener at 127.0.0.1/11328] INFO  metrics.RatisMetrics (RatisMetrics.java:unregister(43)) - Unregistering Metrics Registry : ratis.log_appender.omNode-1@group-523986131536
2020-11-01 01:35:06,177 [Listener at 127.0.0.1/11328] INFO  metrics.RatisMetrics (RatisMetrics.java:unregister(43)) - Unregistering Metrics Registry : ratis.server.omNode-1@group-523986131536
2020-11-01 01:35:06,177 [Listener at 127.0.0.1/11328] INFO  impl.StateMachineUpdater (StateMachineUpdater.java:stopAndJoin(142)) - omNode-1@group-523986131536-StateMachineUpdater: set stopIndex = 4
2020-11-01 01:35:06,178 [omNode-1@group-523986131536-StateMachineUpdater] INFO  ratis.OzoneManagerStateMachine (OzoneManagerStateMachine.java:takeSnapshot(345)) - Current Snapshot Index (t:2, i:4)
2020-11-01 01:35:06,178 [omNode-1@group-523986131536-StateMachineUpdater] INFO  impl.StateMachineUpdater (StateMachineUpdater.java:takeSnapshot(277)) - omNode-1@group-523986131536-StateMachineUpdater: Took a snapshot at index 4
2020-11-01 01:35:06,178 [omNode-1@group-523986131536-StateMachineUpdater] INFO  impl.StateMachineUpdater (StateMachineUpdater.java:lambda$new$0(87)) - omNode-1@group-523986131536-StateMachineUpdater: snapshotIndex: updateIncreasingly -1 -> 4
2020-11-01 01:35:06,178 [omNode-1@group-523986131536-StateMachineUpdater] INFO  metrics.RatisMetrics (RatisMetrics.java:unregister(43)) - Unregistering Metrics Registry : ratis.state_machine.omNode-1@group-523986131536
2020-11-01 01:35:06,178 [Listener at 127.0.0.1/11328] INFO  impl.RaftServerImpl (ServerState.java:close(405)) - omNode-1@group-523986131536: closes. applyIndex: 4
2020-11-01 01:35:06,178 [omNode-1@group-523986131536-SegmentedRaftLogWorker] INFO  segmented.SegmentedRaftLogWorker (SegmentedRaftLogWorker.java:run(327)) - omNode-1@group-523986131536-SegmentedRaftLogWorker was interrupted, exiting. There are 0 tasks remaining in the queue.
2020-11-01 01:35:06,179 [Listener at 127.0.0.1/11328] INFO  segmented.SegmentedRaftLogWorker (SegmentedRaftLogWorker.java:close(234)) - omNode-1@group-523986131536-SegmentedRaftLogWorker close()
2020-11-01 01:35:06,180 [Listener at 127.0.0.1/11328] INFO  metrics.RatisMetrics (RatisMetrics.java:unregister(43)) - Unregistering Metrics Registry : ratis.log_worker.omNode-1@group-523986131536
2020-11-01 01:35:06,181 [Listener at 127.0.0.1/11328] INFO  metrics.RatisMetrics (RatisMetrics.java:unregister(43)) - Unregistering Metrics Registry : ratis.leader_election.omNode-1@group-523986131536
2020-11-01 01:35:06,181 [Listener at 127.0.0.1/11328] INFO  metrics.RatisMetrics (RatisMetrics.java:unregister(43)) - Unregistering Metrics Registry : ratis.server.omNode-1@group-523986131536
2020-11-01 01:35:06,181 [Listener at 127.0.0.1/11328] INFO  server.GrpcService (GrpcService.java:closeImpl(183)) - omNode-1: shutdown server with port 11320 now
2020-11-01 01:35:06,186 [Listener at 127.0.0.1/11328] INFO  server.GrpcService (GrpcService.java:closeImpl(191)) - omNode-1: shutdown server with port 11320 successfully
2020-11-01 01:35:06,186 [Listener at 127.0.0.1/11328] INFO  ratis.OzoneManagerDoubleBuffer (OzoneManagerDoubleBuffer.java:stop(458)) - Stopping OMDoubleBuffer flush thread
2020-11-01 01:35:06,186 [OMDoubleBufferFlushThread] INFO  ratis.OzoneManagerDoubleBuffer (OzoneManagerDoubleBuffer.java:flushTransactions(357)) - OMDoubleBuffer flush thread OMDoubleBufferFlushThread is interrupted and will exit. OMDoubleBufferFlushThread
2020-11-01 01:35:06,186 [Listener at 127.0.0.1/11328] INFO  ratis.OzoneManagerStateMachine (HadoopExecutors.java:shutdown(118)) - Gracefully shutting down executor service. Waiting max 5 SECONDS
2020-11-01 01:35:06,187 [Listener at 127.0.0.1/11328] INFO  ratis.OzoneManagerStateMachine (HadoopExecutors.java:shutdown(129)) - Succesfully shutdown executor service
2020-11-01 01:35:06,187 [Listener at 127.0.0.1/11328] INFO  ratis.OzoneManagerStateMachine (HadoopExecutors.java:shutdown(118)) - Gracefully shutting down executor service. Waiting max 5 SECONDS
2020-11-01 01:35:06,187 [Listener at 127.0.0.1/11328] INFO  ratis.OzoneManagerStateMachine (HadoopExecutors.java:shutdown(129)) - Succesfully shutdown executor service
2020-11-01 01:35:06,187 [Listener at 127.0.0.1/11328] INFO  utils.BackgroundService (BackgroundService.java:shutdown(132)) - Shutting down service KeyDeletingService
2020-11-01 01:35:06,188 [Listener at 127.0.0.1/11328] INFO  handler.ContextHandler (ContextHandler.java:doStop(1016)) - Stopped o.e.j.w.WebAppContext@3e227dd8{ozoneManager,/,null,UNAVAILABLE}{file:/github/workspace/mnt/ozone/hadoop-ozone/integration-test/target/test-classes/webapps/ozoneManager}
2020-11-01 01:35:06,188 [Listener at 127.0.0.1/11328] INFO  server.AbstractConnector (AbstractConnector.java:doStop(380)) - Stopped ServerConnector@28f1cb1d{HTTP/1.1,[http/1.1]}{0.0.0.0:11318}
2020-11-01 01:35:06,188 [Listener at 127.0.0.1/11328] INFO  server.session (HouseKeeper.java:stopScavenging(158)) - node0 Stopped scavenging
2020-11-01 01:35:06,189 [Listener at 127.0.0.1/11328] INFO  handler.ContextHandler (ContextHandler.java:doStop(1016)) - Stopped o.e.j.s.ServletContextHandler@394ebdaa{static,/static,file:///github/workspace/mnt/ozone/hadoop-ozone/integration-test/target/test-classes/webapps/static,UNAVAILABLE}
2020-11-01 01:35:06,189 [Listener at 127.0.0.1/11328] INFO  handler.ContextHandler (ContextHandler.java:doStop(1016)) - Stopped o.e.j.s.ServletContextHandler@5c987f1b{logs,/logs,file:///github/workspace/mnt/ozone/hadoop-ozone/integration-test/target/log,UNAVAILABLE}
2020-11-01 01:35:06,191 [Listener at 127.0.0.1/11328] INFO  ozone.MiniOzoneHAClusterImpl (MiniOzoneHAClusterImpl.java:stop(230)) - Stopping the OzoneManager omNode-2
2020-11-01 01:35:06,191 [Listener at 127.0.0.1/11328] INFO  ipc.Server (Server.java:stop(3359)) - Stopping server on 11322
2020-11-01 01:35:06,199 [IPC Server listener on 11322] INFO  ipc.Server (Server.java:run(1330)) - Stopping IPC Server listener on 11322
2020-11-01 01:35:06,199 [IPC Server Responder] INFO  ipc.Server (Server.java:run(1465)) - Stopping IPC Server Responder
2020-11-01 01:35:06,200 [Listener at 127.0.0.1/11328] INFO  impl.RaftServerProxy (RaftServerProxy.java:lambda$close$4(322)) - omNode-2: close
2020-11-01 01:35:06,200 [Listener at 127.0.0.1/11328] INFO  impl.RaftServerImpl (RaftServerImpl.java:lambda$shutdown$3(321)) - omNode-2@group-523986131536: shutdown
2020-11-01 01:35:06,200 [Listener at 127.0.0.1/11328] INFO  util.JmxRegister (JmxRegister.java:unregister(73)) - Successfully un-registered JMX Bean with object name Ratis:service=RaftServer,group=group-523986131536,id=omNode-2
2020-11-01 01:35:06,200 [Listener at 127.0.0.1/11328] INFO  impl.RoleInfo (RoleInfo.java:shutdownFollowerState(121)) - omNode-2: shutdown FollowerState
2020-11-01 01:35:06,200 [Listener at 127.0.0.1/11328] INFO  impl.StateMachineUpdater (StateMachineUpdater.java:stopAndJoin(142)) - omNode-2@group-523986131536-StateMachineUpdater: set stopIndex = 3
2020-11-01 01:35:06,201 [omNode-2@group-523986131536-StateMachineUpdater] INFO  ratis.OzoneManagerStateMachine (OzoneManagerStateMachine.java:takeSnapshot(345)) - Current Snapshot Index (t:2, i:3)
2020-11-01 01:35:06,201 [omNode-2@group-523986131536-StateMachineUpdater] INFO  impl.StateMachineUpdater (StateMachineUpdater.java:takeSnapshot(277)) - omNode-2@group-523986131536-StateMachineUpdater: Took a snapshot at index 3
2020-11-01 01:35:06,201 [omNode-2@group-523986131536-StateMachineUpdater] INFO  impl.StateMachineUpdater (StateMachineUpdater.java:lambda$new$0(87)) - omNode-2@group-523986131536-StateMachineUpdater: snapshotIndex: updateIncreasingly -1 -> 3
2020-11-01 01:35:06,201 [omNode-2@group-523986131536-StateMachineUpdater] INFO  metrics.RatisMetrics (RatisMetrics.java:unregister(43)) - Unregistering Metrics Registry : ratis.state_machine.omNode-2@group-523986131536
2020-11-01 01:35:06,201 [Listener at 127.0.0.1/11328] INFO  impl.RaftServerImpl (ServerState.java:close(405)) - omNode-2@group-523986131536: closes. applyIndex: 3
2020-11-01 01:35:06,200 [Thread-256] INFO  impl.FollowerState (FollowerState.java:run(117)) - omNode-2@group-523986131536-FollowerState was interrupted: java.lang.InterruptedException: sleep interrupted
2020-11-01 01:35:06,202 [omNode-2@group-523986131536-SegmentedRaftLogWorker] INFO  segmented.SegmentedRaftLogWorker (SegmentedRaftLogWorker.java:run(327)) - omNode-2@group-523986131536-SegmentedRaftLogWorker was interrupted, exiting. There are 0 tasks remaining in the queue.
2020-11-01 01:35:06,203 [Listener at 127.0.0.1/11328] INFO  segmented.SegmentedRaftLogWorker (SegmentedRaftLogWorker.java:close(234)) - omNode-2@group-523986131536-SegmentedRaftLogWorker close()
2020-11-01 01:35:06,203 [Listener at 127.0.0.1/11328] INFO  metrics.RatisMetrics (RatisMetrics.java:unregister(43)) - Unregistering Metrics Registry : ratis.log_worker.omNode-2@group-523986131536
2020-11-01 01:35:06,203 [Listener at 127.0.0.1/11328] INFO  metrics.RatisMetrics (RatisMetrics.java:unregister(43)) - Unregistering Metrics Registry : ratis.leader_election.omNode-2@group-523986131536
2020-11-01 01:35:06,203 [Listener at 127.0.0.1/11328] INFO  metrics.RatisMetrics (RatisMetrics.java:unregister(43)) - Unregistering Metrics Registry : ratis.server.omNode-2@group-523986131536
2020-11-01 01:35:06,204 [Listener at 127.0.0.1/11328] INFO  server.GrpcService (GrpcService.java:closeImpl(183)) - omNode-2: shutdown server with port 11326 now
2020-11-01 01:35:06,205 [Listener at 127.0.0.1/11328] INFO  server.GrpcService (GrpcService.java:closeImpl(191)) - omNode-2: shutdown server with port 11326 successfully
2020-11-01 01:35:06,205 [Listener at 127.0.0.1/11328] INFO  ratis.OzoneManagerDoubleBuffer (OzoneManagerDoubleBuffer.java:stop(458)) - Stopping OMDoubleBuffer flush thread
2020-11-01 01:35:06,205 [OMDoubleBufferFlushThread] INFO  ratis.OzoneManagerDoubleBuffer (OzoneManagerDoubleBuffer.java:flushTransactions(357)) - OMDoubleBuffer flush thread OMDoubleBufferFlushThread is interrupted and will exit. OMDoubleBufferFlushThread
2020-11-01 01:35:06,206 [Listener at 127.0.0.1/11328] INFO  ratis.OzoneManagerStateMachine (HadoopExecutors.java:shutdown(118)) - Gracefully shutting down executor service. Waiting max 5 SECONDS
2020-11-01 01:35:06,206 [Listener at 127.0.0.1/11328] INFO  ratis.OzoneManagerStateMachine (HadoopExecutors.java:shutdown(129)) - Succesfully shutdown executor service
2020-11-01 01:35:06,206 [Listener at 127.0.0.1/11328] INFO  ratis.OzoneManagerStateMachine (HadoopExecutors.java:shutdown(118)) - Gracefully shutting down executor service. Waiting max 5 SECONDS
2020-11-01 01:35:06,206 [Listener at 127.0.0.1/11328] INFO  ratis.OzoneManagerStateMachine (HadoopExecutors.java:shutdown(129)) - Succesfully shutdown executor service
2020-11-01 01:35:06,206 [Listener at 127.0.0.1/11328] INFO  utils.BackgroundService (BackgroundService.java:shutdown(132)) - Shutting down service KeyDeletingService
2020-11-01 01:35:06,207 [Listener at 127.0.0.1/11328] INFO  handler.ContextHandler (ContextHandler.java:doStop(1016)) - Stopped o.e.j.w.WebAppContext@91ff39b{ozoneManager,/,null,UNAVAILABLE}{file:/github/workspace/mnt/ozone/hadoop-ozone/integration-test/target/test-classes/webapps/ozoneManager}
2020-11-01 01:35:06,207 [Listener at 127.0.0.1/11328] INFO  server.AbstractConnector (AbstractConnector.java:doStop(380)) - Stopped ServerConnector@799422dd{HTTP/1.1,[http/1.1]}{0.0.0.0:11324}
2020-11-01 01:35:06,208 [Listener at 127.0.0.1/11328] INFO  server.session (HouseKeeper.java:stopScavenging(158)) - node0 Stopped scavenging
2020-11-01 01:35:06,208 [Listener at 127.0.0.1/11328] INFO  handler.ContextHandler (ContextHandler.java:doStop(1016)) - Stopped o.e.j.s.ServletContextHandler@16a7dad6{static,/static,file:///github/workspace/mnt/ozone/hadoop-ozone/integration-test/target/test-classes/webapps/static,UNAVAILABLE}
2020-11-01 01:35:06,208 [Listener at 127.0.0.1/11328] INFO  handler.ContextHandler (ContextHandler.java:doStop(1016)) - Stopped o.e.j.s.ServletContextHandler@67b8406b{logs,/logs,file:///github/workspace/mnt/ozone/hadoop-ozone/integration-test/target/log,UNAVAILABLE}
2020-11-01 01:35:06,210 [Listener at 127.0.0.1/11328] INFO  ozone.MiniOzoneClusterImpl (MiniOzoneClusterImpl.java:stop(402)) - Stopping the Mini Ozone Cluster
2020-11-01 01:35:06,210 [Listener at 127.0.0.1/11328] INFO  ozone.MiniOzoneClusterImpl (MiniOzoneClusterImpl.java:stopDatanodes(461)) - Stopping the HddsDatanodes
2020-11-01 01:35:06,354 [Datanode State Machine Thread - 0] INFO  statemachine.DatanodeStateMachine (DatanodeStateMachine.java:lambda$startDaemon$0(405)) - Ozone container server started.
2020-11-01 01:35:06,924 [Datanode State Machine Thread - 0] INFO  statemachine.DatanodeStateMachine (DatanodeStateMachine.java:lambda$startDaemon$0(405)) - Ozone container server started.
2020-11-01 01:35:07,924 [EventQueue-Delayed safe mode statusForReplicationManager] INFO  container.ReplicationManager (ReplicationManager.java:start(178)) - Starting Replication Monitor Thread.
2020-11-01 01:35:07,925 [ReplicationMonitor] INFO  container.ReplicationManager (ReplicationManager.java:run(242)) - Replication Monitor Thread took 1 milliseconds for processing 0 containers.
2020-11-01 01:35:11,212 [Listener at 127.0.0.1/11328] INFO  ozoneimpl.OzoneContainer (OzoneContainer.java:stop(259)) - Attempting to stop container services.
2020-11-01 01:35:11,213 [ForkJoinPool.commonPool-worker-1] INFO  ozoneimpl.OzoneContainer (OzoneContainer.java:stop(259)) - Attempting to stop container services.
2020-11-01 01:35:11,213 [ForkJoinPool.commonPool-worker-1] INFO  impl.RaftServerProxy (RaftServerProxy.java:lambda$close$4(322)) - 62e255de-43fd-4033-9a50-3f7e8b93f875: close
2020-11-01 01:35:11,213 [ForkJoinPool.commonPool-worker-1] INFO  impl.RaftServerImpl (RaftServerImpl.java:lambda$shutdown$3(321)) - 62e255de-43fd-4033-9a50-3f7e8b93f875@group-98195F5EDD6E: shutdown
2020-11-01 01:35:11,213 [ForkJoinPool.commonPool-worker-1] INFO  util.JmxRegister (JmxRegister.java:unregister(73)) - Successfully un-registered JMX Bean with object name Ratis:service=RaftServer,group=group-98195F5EDD6E,id=62e255de-43fd-4033-9a50-3f7e8b93f875
2020-11-01 01:35:11,214 [ForkJoinPool.commonPool-worker-1] INFO  impl.RoleInfo (RoleInfo.java:shutdownLeaderState(104)) - 62e255de-43fd-4033-9a50-3f7e8b93f875: shutdown LeaderState
2020-11-01 01:35:11,214 [ForkJoinPool.commonPool-worker-1] INFO  metrics.RatisMetrics (RatisMetrics.java:unregister(43)) - Unregistering Metrics Registry : ratis_grpc.log_appender.62e255de-43fd-4033-9a50-3f7e8b93f875@group-98195F5EDD6E
2020-11-01 01:35:11,214 [ForkJoinPool.commonPool-worker-1] INFO  metrics.RatisMetrics (RatisMetrics.java:unregister(43)) - Unregistering Metrics Registry : ratis_grpc.log_appender.62e255de-43fd-4033-9a50-3f7e8b93f875@group-98195F5EDD6E
2020-11-01 01:35:11,214 [org.apache.ratis.server.impl.LogAppender$AppenderDaemon$$Lambda$361/156015976@1e48a466] WARN  server.GrpcLogAppender (GrpcLogAppender.java:mayWait(168)) - 62e255de-43fd-4033-9a50-3f7e8b93f875@group-98195F5EDD6E->84989a57-0b18-4228-8d2c-881f34c13802-GrpcLogAppender: Wait interrupted by java.lang.InterruptedException
2020-11-01 01:35:11,214 [Listener at 127.0.0.1/11328] INFO  impl.RaftServerProxy (RaftServerProxy.java:lambda$close$4(322)) - f6eee0b7-a520-4e1c-a247-ba4eb4f2c5fb: close
2020-11-01 01:35:11,214 [Listener at 127.0.0.1/11328] INFO  impl.RaftServerImpl (RaftServerImpl.java:lambda$shutdown$3(321)) - f6eee0b7-a520-4e1c-a247-ba4eb4f2c5fb@group-98195F5EDD6E: shutdown
2020-11-01 01:35:11,214 [Listener at 127.0.0.1/11328] INFO  util.JmxRegister (JmxRegister.java:unregister(73)) - Successfully un-registered JMX Bean with object name Ratis:service=RaftServer,group=group-98195F5EDD6E,id=f6eee0b7-a520-4e1c-a247-ba4eb4f2c5fb
2020-11-01 01:35:11,214 [Listener at 127.0.0.1/11328] INFO  impl.RoleInfo (RoleInfo.java:shutdownFollowerState(121)) - f6eee0b7-a520-4e1c-a247-ba4eb4f2c5fb: shutdown FollowerState
2020-11-01 01:35:11,215 [Listener at 127.0.0.1/11328] INFO  impl.StateMachineUpdater (StateMachineUpdater.java:stopAndJoin(142)) - f6eee0b7-a520-4e1c-a247-ba4eb4f2c5fb@group-98195F5EDD6E-StateMachineUpdater: set stopIndex = 0
2020-11-01 01:35:11,215 [Thread-341] INFO  impl.FollowerState (FollowerState.java:run(117)) - f6eee0b7-a520-4e1c-a247-ba4eb4f2c5fb@group-98195F5EDD6E-FollowerState was interrupted: java.lang.InterruptedException: sleep interrupted
2020-11-01 01:35:11,214 [org.apache.ratis.server.impl.LogAppender$AppenderDaemon$$Lambda$361/156015976@dc6fe3] WARN  server.GrpcLogAppender (GrpcLogAppender.java:mayWait(168)) - 62e255de-43fd-4033-9a50-3f7e8b93f875@group-98195F5EDD6E->f6eee0b7-a520-4e1c-a247-ba4eb4f2c5fb-GrpcLogAppender: Wait interrupted by java.lang.InterruptedException
2020-11-01 01:35:11,216 [f6eee0b7-a520-4e1c-a247-ba4eb4f2c5fb@group-98195F5EDD6E-StateMachineUpdater] INFO  ratis.ContainerStateMachine (ContainerStateMachine.java:takeSnapshot(293)) - group-98195F5EDD6E: Taking a snapshot at:(t:1, i:0) file /github/workspace/mnt/ozone/hadoop-ozone/integration-test/target/test-dir/MiniOzoneClusterImpl-ecf2639c-de0d-4ab3-a94d-e94508b7a11d/datanode-1/data/ratis/f9923a9a-38f6-464c-a73a-98195f5edd6e/sm/snapshot.1_0
2020-11-01 01:35:11,216 [grpc-default-executor-0] INFO  server.GrpcServerProtocolService (GrpcServerProtocolService.java:onCompleted(138)) - 84989a57-0b18-4228-8d2c-881f34c13802: Completed APPEND_ENTRIES, lastRequest: 62e255de-43fd-4033-9a50-3f7e8b93f875->84989a57-0b18-4228-8d2c-881f34c13802#1-t1, previous=(t:0, i:0), leaderCommit=0, initializing? false, entries: size=1, first=(t:1, i:0), CONFIGURATIONENTRY
2020-11-01 01:35:11,219 [grpc-default-executor-3] INFO  server.GrpcLogAppender (GrpcLogAppender.java:onCompleted(336)) - 62e255de-43fd-4033-9a50-3f7e8b93f875@group-98195F5EDD6E->84989a57-0b18-4228-8d2c-881f34c13802-AppendLogResponseHandler: follower responses appendEntries COMPLETED
2020-11-01 01:35:11,220 [grpc-default-executor-3] INFO  impl.FollowerInfo (FollowerInfo.java:lambda$new$0(51)) - 62e255de-43fd-4033-9a50-3f7e8b93f875@group-98195F5EDD6E->84989a57-0b18-4228-8d2c-881f34c13802: nextIndex: updateUnconditionally 1 -> 0
2020-11-01 01:35:11,214 [ForkJoinPool.commonPool-worker-1] INFO  impl.PendingRequests (PendingRequests.java:sendNotLeaderResponses(249)) - 62e255de-43fd-4033-9a50-3f7e8b93f875@group-98195F5EDD6E-PendingRequests: sendNotLeaderResponses
2020-11-01 01:35:11,220 [ForkJoinPool.commonPool-worker-1] INFO  metrics.RatisMetrics (RatisMetrics.java:unregister(43)) - Unregistering Metrics Registry : ratis.log_appender.62e255de-43fd-4033-9a50-3f7e8b93f875@group-98195F5EDD6E
2020-11-01 01:35:11,220 [ForkJoinPool.commonPool-worker-1] INFO  metrics.RatisMetrics (RatisMetrics.java:unregister(43)) - Unregistering Metrics Registry : ratis.server.62e255de-43fd-4033-9a50-3f7e8b93f875@group-98195F5EDD6E
2020-11-01 01:35:11,221 [62e255de-43fd-4033-9a50-3f7e8b93f875@group-98195F5EDD6E-StateMachineUpdater] INFO  ratis.ContainerStateMachine (ContainerStateMachine.java:takeSnapshot(293)) - group-98195F5EDD6E: Taking a snapshot at:(t:1, i:0) file /github/workspace/mnt/ozone/hadoop-ozone/integration-test/target/test-dir/MiniOzoneClusterImpl-ecf2639c-de0d-4ab3-a94d-e94508b7a11d/datanode-0/data/ratis/f9923a9a-38f6-464c-a73a-98195f5edd6e/sm/snapshot.1_0
2020-11-01 01:35:11,221 [ForkJoinPool.commonPool-worker-1] INFO  impl.StateMachineUpdater (StateMachineUpdater.java:stopAndJoin(142)) - 62e255de-43fd-4033-9a50-3f7e8b93f875@group-98195F5EDD6E-StateMachineUpdater: set stopIndex = 0
2020-11-01 01:35:11,222 [grpc-default-executor-0] INFO  server.GrpcServerProtocolService (GrpcServerProtocolService.java:onCompleted(138)) - f6eee0b7-a520-4e1c-a247-ba4eb4f2c5fb: Completed APPEND_ENTRIES, lastRequest: 62e255de-43fd-4033-9a50-3f7e8b93f875->f6eee0b7-a520-4e1c-a247-ba4eb4f2c5fb#1-t1, previous=(t:0, i:0), leaderCommit=0, initializing? false, entries: size=1, first=(t:1, i:0), CONFIGURATIONENTRY
2020-11-01 01:35:11,224 [grpc-default-executor-3] INFO  server.GrpcLogAppender (GrpcLogAppender.java:onCompleted(336)) - 62e255de-43fd-4033-9a50-3f7e8b93f875@group-98195F5EDD6E->f6eee0b7-a520-4e1c-a247-ba4eb4f2c5fb-AppendLogResponseHandler: follower responses appendEntries COMPLETED
2020-11-01 01:35:11,224 [grpc-default-executor-3] INFO  impl.FollowerInfo (FollowerInfo.java:lambda$new$0(51)) - 62e255de-43fd-4033-9a50-3f7e8b93f875@group-98195F5EDD6E->f6eee0b7-a520-4e1c-a247-ba4eb4f2c5fb: nextIndex: updateUnconditionally 1 -> 0
2020-11-01 01:35:11,288 [62e255de-43fd-4033-9a50-3f7e8b93f875@group-98195F5EDD6E-StateMachineUpdater] INFO  ratis.ContainerStateMachine (ContainerStateMachine.java:takeSnapshot(304)) - group-98195F5EDD6E: Finished taking a snapshot at:(t:1, i:0) file:/github/workspace/mnt/ozone/hadoop-ozone/integration-test/target/test-dir/MiniOzoneClusterImpl-ecf2639c-de0d-4ab3-a94d-e94508b7a11d/datanode-0/data/ratis/f9923a9a-38f6-464c-a73a-98195f5edd6e/sm/snapshot.1_0 time:67
2020-11-01 01:35:11,288 [f6eee0b7-a520-4e1c-a247-ba4eb4f2c5fb@group-98195F5EDD6E-StateMachineUpdater] INFO  ratis.ContainerStateMachine (ContainerStateMachine.java:takeSnapshot(304)) - group-98195F5EDD6E: Finished taking a snapshot at:(t:1, i:0) file:/github/workspace/mnt/ozone/hadoop-ozone/integration-test/target/test-dir/MiniOzoneClusterImpl-ecf2639c-de0d-4ab3-a94d-e94508b7a11d/datanode-1/data/ratis/f9923a9a-38f6-464c-a73a-98195f5edd6e/sm/snapshot.1_0 time:72
2020-11-01 01:35:11,289 [62e255de-43fd-4033-9a50-3f7e8b93f875@group-98195F5EDD6E-StateMachineUpdater] INFO  impl.StateMachineUpdater (StateMachineUpdater.java:takeSnapshot(277)) - 62e255de-43fd-4033-9a50-3f7e8b93f875@group-98195F5EDD6E-StateMachineUpdater: Took a snapshot at index 0
2020-11-01 01:35:11,289 [62e255de-43fd-4033-9a50-3f7e8b93f875@group-98195F5EDD6E-StateMachineUpdater] INFO  impl.StateMachineUpdater (StateMachineUpdater.java:lambda$new$0(87)) - 62e255de-43fd-4033-9a50-3f7e8b93f875@group-98195F5EDD6E-StateMachineUpdater: snapshotIndex: updateIncreasingly -1 -> 0
2020-11-01 01:35:11,289 [f6eee0b7-a520-4e1c-a247-ba4eb4f2c5fb@group-98195F5EDD6E-StateMachineUpdater] INFO  impl.StateMachineUpdater (StateMachineUpdater.java:takeSnapshot(277)) - f6eee0b7-a520-4e1c-a247-ba4eb4f2c5fb@group-98195F5EDD6E-StateMachineUpdater: Took a snapshot at index 0
2020-11-01 01:35:11,290 [f6eee0b7-a520-4e1c-a247-ba4eb4f2c5fb@group-98195F5EDD6E-StateMachineUpdater] INFO  impl.StateMachineUpdater (StateMachineUpdater.java:lambda$new$0(87)) - f6eee0b7-a520-4e1c-a247-ba4eb4f2c5fb@group-98195F5EDD6E-StateMachineUpdater: snapshotIndex: updateIncreasingly -1 -> 0
2020-11-01 01:35:11,294 [f6eee0b7-a520-4e1c-a247-ba4eb4f2c5fb@group-98195F5EDD6E-StateMachineUpdater] INFO  metrics.RatisMetrics (RatisMetrics.java:unregister(43)) - Unregistering Metrics Registry : ratis.state_machine.f6eee0b7-a520-4e1c-a247-ba4eb4f2c5fb@group-98195F5EDD6E
2020-11-01 01:35:11,294 [62e255de-43fd-4033-9a50-3f7e8b93f875@group-98195F5EDD6E-StateMachineUpdater] INFO  metrics.RatisMetrics (RatisMetrics.java:unregister(43)) - Unregistering Metrics Registry : ratis.state_machine.62e255de-43fd-4033-9a50-3f7e8b93f875@group-98195F5EDD6E
2020-11-01 01:35:11,294 [ForkJoinPool.commonPool-worker-1] INFO  impl.RaftServerImpl (ServerState.java:close(405)) - 62e255de-43fd-4033-9a50-3f7e8b93f875@group-98195F5EDD6E: closes. applyIndex: 0
2020-11-01 01:35:11,294 [Listener at 127.0.0.1/11328] INFO  impl.RaftServerImpl (ServerState.java:close(405)) - f6eee0b7-a520-4e1c-a247-ba4eb4f2c5fb@group-98195F5EDD6E: closes. applyIndex: 0
2020-11-01 01:35:11,294 [62e255de-43fd-4033-9a50-3f7e8b93f875@group-98195F5EDD6E-SegmentedRaftLogWorker] INFO  segmented.SegmentedRaftLogWorker (SegmentedRaftLogWorker.java:run(327)) - 62e255de-43fd-4033-9a50-3f7e8b93f875@group-98195F5EDD6E-SegmentedRaftLogWorker was interrupted, exiting. There are 0 tasks remaining in the queue.
2020-11-01 01:35:11,295 [f6eee0b7-a520-4e1c-a247-ba4eb4f2c5fb@group-98195F5EDD6E-SegmentedRaftLogWorker] INFO  segmented.SegmentedRaftLogWorker (SegmentedRaftLogWorker.java:run(327)) - f6eee0b7-a520-4e1c-a247-ba4eb4f2c5fb@group-98195F5EDD6E-SegmentedRaftLogWorker was interrupted, exiting. There are 0 tasks remaining in the queue.
2020-11-01 01:35:11,296 [ForkJoinPool.commonPool-worker-1] INFO  segmented.SegmentedRaftLogWorker (SegmentedRaftLogWorker.java:close(234)) - 62e255de-43fd-4033-9a50-3f7e8b93f875@group-98195F5EDD6E-SegmentedRaftLogWorker close()
2020-11-01 01:35:11,296 [ForkJoinPool.commonPool-worker-1] INFO  metrics.RatisMetrics (RatisMetrics.java:unregister(43)) - Unregistering Metrics Registry : ratis.log_worker.62e255de-43fd-4033-9a50-3f7e8b93f875@group-98195F5EDD6E
2020-11-01 01:35:11,296 [ForkJoinPool.commonPool-worker-1] INFO  metrics.RatisMetrics (RatisMetrics.java:unregister(43)) - Unregistering Metrics Registry : ratis.leader_election.62e255de-43fd-4033-9a50-3f7e8b93f875@group-98195F5EDD6E
2020-11-01 01:35:11,297 [ForkJoinPool.commonPool-worker-1] INFO  metrics.RatisMetrics (RatisMetrics.java:unregister(43)) - Unregistering Metrics Registry : ratis.server.62e255de-43fd-4033-9a50-3f7e8b93f875@group-98195F5EDD6E
2020-11-01 01:35:11,297 [ForkJoinPool.commonPool-worker-1] INFO  impl.RaftServerImpl (RaftServerImpl.java:lambda$shutdown$3(321)) - 62e255de-43fd-4033-9a50-3f7e8b93f875@group-30AAAB21101F: shutdown
2020-11-01 01:35:11,297 [ForkJoinPool.commonPool-worker-1] INFO  util.JmxRegister (JmxRegister.java:unregister(73)) - Successfully un-registered JMX Bean with object name Ratis:service=RaftServer,group=group-30AAAB21101F,id=62e255de-43fd-4033-9a50-3f7e8b93f875
2020-11-01 01:35:11,297 [ForkJoinPool.commonPool-worker-1] INFO  impl.RoleInfo (RoleInfo.java:shutdownLeaderState(104)) - 62e255de-43fd-4033-9a50-3f7e8b93f875: shutdown LeaderState
2020-11-01 01:35:11,297 [ForkJoinPool.commonPool-worker-1] INFO  impl.PendingRequests (PendingRequests.java:sendNotLeaderResponses(249)) - 62e255de-43fd-4033-9a50-3f7e8b93f875@group-30AAAB21101F-PendingRequests: sendNotLeaderResponses
2020-11-01 01:35:11,297 [ForkJoinPool.commonPool-worker-1] INFO  metrics.RatisMetrics (RatisMetrics.java:unregister(43)) - Unregistering Metrics Registry : ratis.log_appender.62e255de-43fd-4033-9a50-3f7e8b93f875@group-30AAAB21101F
2020-11-01 01:35:11,298 [ForkJoinPool.commonPool-worker-1] INFO  metrics.RatisMetrics (RatisMetrics.java:unregister(43)) - Unregistering Metrics Registry : ratis.server.62e255de-43fd-4033-9a50-3f7e8b93f875@group-30AAAB21101F
2020-11-01 01:35:11,296 [Listener at 127.0.0.1/11328] INFO  segmented.SegmentedRaftLogWorker (SegmentedRaftLogWorker.java:close(234)) - f6eee0b7-a520-4e1c-a247-ba4eb4f2c5fb@group-98195F5EDD6E-SegmentedRaftLogWorker close()
2020-11-01 01:35:11,299 [62e255de-43fd-4033-9a50-3f7e8b93f875@group-30AAAB21101F-StateMachineUpdater] INFO  ratis.ContainerStateMachine (ContainerStateMachine.java:takeSnapshot(293)) - group-30AAAB21101F: Taking a snapshot at:(t:1, i:0) file /github/workspace/mnt/ozone/hadoop-ozone/integration-test/target/test-dir/MiniOzoneClusterImpl-ecf2639c-de0d-4ab3-a94d-e94508b7a11d/datanode-0/data/ratis/9855849e-d3eb-4d34-8ebe-30aaab21101f/sm/snapshot.1_0
2020-11-01 01:35:11,299 [Listener at 127.0.0.1/11328] INFO  metrics.RatisMetrics (RatisMetrics.java:unregister(43)) - Unregistering Metrics Registry : ratis.log_worker.f6eee0b7-a520-4e1c-a247-ba4eb4f2c5fb@group-98195F5EDD6E
2020-11-01 01:35:11,299 [Listener at 127.0.0.1/11328] INFO  metrics.RatisMetrics (RatisMetrics.java:unregister(43)) - Unregistering Metrics Registry : ratis.leader_election.f6eee0b7-a520-4e1c-a247-ba4eb4f2c5fb@group-98195F5EDD6E
2020-11-01 01:35:11,300 [Listener at 127.0.0.1/11328] INFO  metrics.RatisMetrics (RatisMetrics.java:unregister(43)) - Unregistering Metrics Registry : ratis.server.f6eee0b7-a520-4e1c-a247-ba4eb4f2c5fb@group-98195F5EDD6E
2020-11-01 01:35:11,300 [Listener at 127.0.0.1/11328] INFO  impl.RaftServerImpl (RaftServerImpl.java:lambda$shutdown$3(321)) - f6eee0b7-a520-4e1c-a247-ba4eb4f2c5fb@group-C7E011419270: shutdown
2020-11-01 01:35:11,300 [Listener at 127.0.0.1/11328] INFO  util.JmxRegister (JmxRegister.java:unregister(73)) - Successfully un-registered JMX Bean with object name Ratis:service=RaftServer,group=group-C7E011419270,id=f6eee0b7-a520-4e1c-a247-ba4eb4f2c5fb
2020-11-01 01:35:11,300 [Listener at 127.0.0.1/11328] INFO  impl.RoleInfo (RoleInfo.java:shutdownLeaderState(104)) - f6eee0b7-a520-4e1c-a247-ba4eb4f2c5fb: shutdown LeaderState
2020-11-01 01:35:11,300 [62e255de-43fd-4033-9a50-3f7e8b93f875@group-30AAAB21101F-StateMachineUpdater] INFO  ratis.ContainerStateMachine (ContainerStateMachine.java:takeSnapshot(304)) - group-30AAAB21101F: Finished taking a snapshot at:(t:1, i:0) file:/github/workspace/mnt/ozone/hadoop-ozone/integration-test/target/test-dir/MiniOzoneClusterImpl-ecf2639c-de0d-4ab3-a94d-e94508b7a11d/datanode-0/data/ratis/9855849e-d3eb-4d34-8ebe-30aaab21101f/sm/snapshot.1_0 time:1
2020-11-01 01:35:11,301 [62e255de-43fd-4033-9a50-3f7e8b93f875@group-30AAAB21101F-StateMachineUpdater] INFO  impl.StateMachineUpdater (StateMachineUpdater.java:takeSnapshot(277)) - 62e255de-43fd-4033-9a50-3f7e8b93f875@group-30AAAB21101F-StateMachineUpdater: Took a snapshot at index 0
2020-11-01 01:35:11,301 [62e255de-43fd-4033-9a50-3f7e8b93f875@group-30AAAB21101F-StateMachineUpdater] INFO  impl.StateMachineUpdater (StateMachineUpdater.java:lambda$new$0(87)) - 62e255de-43fd-4033-9a50-3f7e8b93f875@group-30AAAB21101F-StateMachineUpdater: snapshotIndex: updateIncreasingly -1 -> 0
2020-11-01 01:35:11,301 [62e255de-43fd-4033-9a50-3f7e8b93f875@group-30AAAB21101F-StateMachineUpdater] INFO  metrics.RatisMetrics (RatisMetrics.java:unregister(43)) - Unregistering Metrics Registry : ratis.state_machine.62e255de-43fd-4033-9a50-3f7e8b93f875@group-30AAAB21101F
2020-11-01 01:35:11,301 [ForkJoinPool.commonPool-worker-1] INFO  impl.StateMachineUpdater (StateMachineUpdater.java:stopAndJoin(142)) - 62e255de-43fd-4033-9a50-3f7e8b93f875@group-30AAAB21101F-StateMachineUpdater: set stopIndex = 0
2020-11-01 01:35:11,301 [ForkJoinPool.commonPool-worker-1] INFO  impl.RaftServerImpl (ServerState.java:close(405)) - 62e255de-43fd-4033-9a50-3f7e8b93f875@group-30AAAB21101F: closes. applyIndex: 0
2020-11-01 01:35:11,300 [Listener at 127.0.0.1/11328] INFO  impl.PendingRequests (PendingRequests.java:sendNotLeaderResponses(249)) - f6eee0b7-a520-4e1c-a247-ba4eb4f2c5fb@group-C7E011419270-PendingRequests: sendNotLeaderResponses
2020-11-01 01:35:11,302 [Listener at 127.0.0.1/11328] INFO  metrics.RatisMetrics (RatisMetrics.java:unregister(43)) - Unregistering Metrics Registry : ratis.log_appender.f6eee0b7-a520-4e1c-a247-ba4eb4f2c5fb@group-C7E011419270
2020-11-01 01:35:11,302 [Listener at 127.0.0.1/11328] INFO  metrics.RatisMetrics (RatisMetrics.java:unregister(43)) - Unregistering Metrics Registry : ratis.server.f6eee0b7-a520-4e1c-a247-ba4eb4f2c5fb@group-C7E011419270
2020-11-01 01:35:11,302 [62e255de-43fd-4033-9a50-3f7e8b93f875@group-30AAAB21101F-SegmentedRaftLogWorker] INFO  segmented.SegmentedRaftLogWorker (SegmentedRaftLogWorker.java:run(327)) - 62e255de-43fd-4033-9a50-3f7e8b93f875@group-30AAAB21101F-SegmentedRaftLogWorker was interrupted, exiting. There are 0 tasks remaining in the queue.
2020-11-01 01:35:11,303 [f6eee0b7-a520-4e1c-a247-ba4eb4f2c5fb@group-C7E011419270-StateMachineUpdater] INFO  ratis.ContainerStateMachine (ContainerStateMachine.java:takeSnapshot(293)) - group-C7E011419270: Taking a snapshot at:(t:1, i:0) file /github/workspace/mnt/ozone/hadoop-ozone/integration-test/target/test-dir/MiniOzoneClusterImpl-ecf2639c-de0d-4ab3-a94d-e94508b7a11d/datanode-1/data/ratis/023ee1c9-7c9d-416c-b731-c7e011419270/sm/snapshot.1_0
2020-11-01 01:35:11,303 [Listener at 127.0.0.1/11328] INFO  impl.StateMachineUpdater (StateMachineUpdater.java:stopAndJoin(142)) - f6eee0b7-a520-4e1c-a247-ba4eb4f2c5fb@group-C7E011419270-StateMachineUpdater: set stopIndex = 0
2020-11-01 01:35:11,303 [f6eee0b7-a520-4e1c-a247-ba4eb4f2c5fb@group-C7E011419270-StateMachineUpdater] INFO  ratis.ContainerStateMachine (ContainerStateMachine.java:takeSnapshot(304)) - group-C7E011419270: Finished taking a snapshot at:(t:1, i:0) file:/github/workspace/mnt/ozone/hadoop-ozone/integration-test/target/test-dir/MiniOzoneClusterImpl-ecf2639c-de0d-4ab3-a94d-e94508b7a11d/datanode-1/data/ratis/023ee1c9-7c9d-416c-b731-c7e011419270/sm/snapshot.1_0 time:0
2020-11-01 01:35:11,304 [f6eee0b7-a520-4e1c-a247-ba4eb4f2c5fb@group-C7E011419270-StateMachineUpdater] INFO  impl.StateMachineUpdater (StateMachineUpdater.java:takeSnapshot(277)) - f6eee0b7-a520-4e1c-a247-ba4eb4f2c5fb@group-C7E011419270-StateMachineUpdater: Took a snapshot at index 0
2020-11-01 01:35:11,304 [f6eee0b7-a520-4e1c-a247-ba4eb4f2c5fb@group-C7E011419270-StateMachineUpdater] INFO  impl.StateMachineUpdater (StateMachineUpdater.java:lambda$new$0(87)) - f6eee0b7-a520-4e1c-a247-ba4eb4f2c5fb@group-C7E011419270-StateMachineUpdater: snapshotIndex: updateIncreasingly -1 -> 0
2020-11-01 01:35:11,304 [f6eee0b7-a520-4e1c-a247-ba4eb4f2c5fb@group-C7E011419270-StateMachineUpdater] INFO  metrics.RatisMetrics (RatisMetrics.java:unregister(43)) - Unregistering Metrics Registry : ratis.state_machine.f6eee0b7-a520-4e1c-a247-ba4eb4f2c5fb@group-C7E011419270
2020-11-01 01:35:11,304 [ForkJoinPool.commonPool-worker-1] INFO  segmented.SegmentedRaftLogWorker (SegmentedRaftLogWorker.java:close(234)) - 62e255de-43fd-4033-9a50-3f7e8b93f875@group-30AAAB21101F-SegmentedRaftLogWorker close()
2020-11-01 01:35:11,305 [Listener at 127.0.0.1/11328] INFO  impl.RaftServerImpl (ServerState.java:close(405)) - f6eee0b7-a520-4e1c-a247-ba4eb4f2c5fb@group-C7E011419270: closes. applyIndex: 0
2020-11-01 01:35:11,305 [ForkJoinPool.commonPool-worker-1] INFO  metrics.RatisMetrics (RatisMetrics.java:unregister(43)) - Unregistering Metrics Registry : ratis.log_worker.62e255de-43fd-4033-9a50-3f7e8b93f875@group-30AAAB21101F
2020-11-01 01:35:11,306 [ForkJoinPool.commonPool-worker-1] INFO  metrics.RatisMetrics (RatisMetrics.java:unregister(43)) - Unregistering Metrics Registry : ratis.leader_election.62e255de-43fd-4033-9a50-3f7e8b93f875@group-30AAAB21101F
2020-11-01 01:35:11,306 [f6eee0b7-a520-4e1c-a247-ba4eb4f2c5fb@group-C7E011419270-SegmentedRaftLogWorker] INFO  segmented.SegmentedRaftLogWorker (SegmentedRaftLogWorker.java:run(327)) - f6eee0b7-a520-4e1c-a247-ba4eb4f2c5fb@group-C7E011419270-SegmentedRaftLogWorker was interrupted, exiting. There are 0 tasks remaining in the queue.
2020-11-01 01:35:11,306 [ForkJoinPool.commonPool-worker-1] INFO  metrics.RatisMetrics (RatisMetrics.java:unregister(43)) - Unregistering Metrics Registry : ratis.server.62e255de-43fd-4033-9a50-3f7e8b93f875@group-30AAAB21101F
2020-11-01 01:35:11,307 [Listener at 127.0.0.1/11328] INFO  segmented.SegmentedRaftLogWorker (SegmentedRaftLogWorker.java:close(234)) - f6eee0b7-a520-4e1c-a247-ba4eb4f2c5fb@group-C7E011419270-SegmentedRaftLogWorker close()
2020-11-01 01:35:11,307 [ForkJoinPool.commonPool-worker-1] INFO  server.GrpcService (GrpcService.java:closeImpl(183)) - 62e255de-43fd-4033-9a50-3f7e8b93f875: shutdown server with port 43717 now
2020-11-01 01:35:11,307 [Listener at 127.0.0.1/11328] INFO  metrics.RatisMetrics (RatisMetrics.java:unregister(43)) - Unregistering Metrics Registry : ratis.log_worker.f6eee0b7-a520-4e1c-a247-ba4eb4f2c5fb@group-C7E011419270
2020-11-01 01:35:11,308 [Listener at 127.0.0.1/11328] INFO  metrics.RatisMetrics (RatisMetrics.java:unregister(43)) - Unregistering Metrics Registry : ratis.leader_election.f6eee0b7-a520-4e1c-a247-ba4eb4f2c5fb@group-C7E011419270
2020-11-01 01:35:11,309 [Listener at 127.0.0.1/11328] INFO  metrics.RatisMetrics (RatisMetrics.java:unregister(43)) - Unregistering Metrics Registry : ratis.server.f6eee0b7-a520-4e1c-a247-ba4eb4f2c5fb@group-C7E011419270
2020-11-01 01:35:11,310 [Listener at 127.0.0.1/11328] INFO  server.GrpcService (GrpcService.java:closeImpl(183)) - f6eee0b7-a520-4e1c-a247-ba4eb4f2c5fb: shutdown server with port 34765 now
2020-11-01 01:35:11,312 [ForkJoinPool.commonPool-worker-1] INFO  server.GrpcService (GrpcService.java:closeImpl(191)) - 62e255de-43fd-4033-9a50-3f7e8b93f875: shutdown server with port 43717 successfully
2020-11-01 01:35:11,312 [Listener at 127.0.0.1/11328] INFO  server.GrpcService (GrpcService.java:closeImpl(191)) - f6eee0b7-a520-4e1c-a247-ba4eb4f2c5fb: shutdown server with port 34765 successfully
2020-11-01 01:35:11,315 [Listener at 127.0.0.1/11328] INFO  utils.BackgroundService (BackgroundService.java:shutdown(132)) - Shutting down service BlockDeletingService
2020-11-01 01:35:11,316 [ForkJoinPool.commonPool-worker-1] INFO  utils.BackgroundService (BackgroundService.java:shutdown(132)) - Shutting down service BlockDeletingService
2020-11-01 01:35:11,317 [Listener at 127.0.0.1/11328] INFO  statemachine.DatanodeStateMachine (DatanodeStateMachine.java:stopDaemon(453)) - Ozone container server stopped.
2020-11-01 01:35:11,318 [ForkJoinPool.commonPool-worker-1] INFO  statemachine.DatanodeStateMachine (DatanodeStateMachine.java:stopDaemon(453)) - Ozone container server stopped.
2020-11-01 01:35:11,345 [Listener at 127.0.0.1/11328] INFO  handler.ContextHandler (ContextHandler.java:doStop(1016)) - Stopped o.e.j.w.WebAppContext@763d5c1e{hddsDatanode,/,null,UNAVAILABLE}{jar:file:/home/user/.m2/repository/org/apache/hadoop/hadoop-hdds-container-service/1.1.0-SNAPSHOT/hadoop-hdds-container-service-1.1.0-SNAPSHOT.jar!/webapps/hddsDatanode}
2020-11-01 01:35:11,346 [ForkJoinPool.commonPool-worker-1] INFO  handler.ContextHandler (ContextHandler.java:doStop(1016)) - Stopped o.e.j.w.WebAppContext@3724bbc3{hddsDatanode,/,null,UNAVAILABLE}{jar:file:/home/user/.m2/repository/org/apache/hadoop/hadoop-hdds-container-service/1.1.0-SNAPSHOT/hadoop-hdds-container-service-1.1.0-SNAPSHOT.jar!/webapps/hddsDatanode}
2020-11-01 01:35:11,347 [Listener at 127.0.0.1/11328] INFO  server.AbstractConnector (AbstractConnector.java:doStop(380)) - Stopped ServerConnector@5b29c34b{HTTP/1.1,[http/1.1]}{0.0.0.0:0}
2020-11-01 01:35:11,347 [Listener at 127.0.0.1/11328] INFO  server.session (HouseKeeper.java:stopScavenging(158)) - node0 Stopped scavenging
2020-11-01 01:35:11,348 [Listener at 127.0.0.1/11328] INFO  handler.ContextHandler (ContextHandler.java:doStop(1016)) - Stopped o.e.j.s.ServletContextHandler@4077512d{static,/static,jar:file:/home/user/.m2/repository/org/apache/hadoop/hadoop-hdds-container-service/1.1.0-SNAPSHOT/hadoop-hdds-container-service-1.1.0-SNAPSHOT.jar!/webapps/static,UNAVAILABLE}
2020-11-01 01:35:11,348 [ForkJoinPool.commonPool-worker-1] INFO  server.AbstractConnector (AbstractConnector.java:doStop(380)) - Stopped ServerConnector@5d60a497{HTTP/1.1,[http/1.1]}{0.0.0.0:0}
2020-11-01 01:35:11,348 [ForkJoinPool.commonPool-worker-1] INFO  server.session (HouseKeeper.java:stopScavenging(158)) - node0 Stopped scavenging
2020-11-01 01:35:11,349 [ForkJoinPool.commonPool-worker-1] INFO  handler.ContextHandler (ContextHandler.java:doStop(1016)) - Stopped o.e.j.s.ServletContextHandler@12c04b09{static,/static,jar:file:/home/user/.m2/repository/org/apache/hadoop/hadoop-hdds-container-service/1.1.0-SNAPSHOT/hadoop-hdds-container-service-1.1.0-SNAPSHOT.jar!/webapps/static,UNAVAILABLE}
2020-11-01 01:35:11,350 [Listener at 127.0.0.1/11328] INFO  handler.ContextHandler (ContextHandler.java:doStop(1016)) - Stopped o.e.j.s.ServletContextHandler@45eaba5{logs,/logs,file:///github/workspace/mnt/ozone/hadoop-ozone/integration-test/target/log,UNAVAILABLE}
2020-11-01 01:35:11,350 [ForkJoinPool.commonPool-worker-1] INFO  handler.ContextHandler (ContextHandler.java:doStop(1016)) - Stopped o.e.j.s.ServletContextHandler@71e8fa57{logs,/logs,file:///github/workspace/mnt/ozone/hadoop-ozone/integration-test/target/log,UNAVAILABLE}
2020-11-01 01:35:11,527 [Datanode State Machine Thread - 0] INFO  statemachine.DatanodeStateMachine (DatanodeStateMachine.java:lambda$startDaemon$0(405)) - Ozone container server started.
2020-11-01 01:35:15,068 [Thread-342] INFO  impl.FollowerState (FollowerState.java:run(108)) - 84989a57-0b18-4228-8d2c-881f34c13802@group-98195F5EDD6E-FollowerState: change to CANDIDATE, lastRpcTime:5102ms, electionTimeout:5037ms
2020-11-01 01:35:15,068 [Thread-342] INFO  impl.RoleInfo (RoleInfo.java:shutdownFollowerState(121)) - 84989a57-0b18-4228-8d2c-881f34c13802: shutdown FollowerState
2020-11-01 01:35:15,068 [Thread-342] INFO  impl.RaftServerImpl (RaftServerImpl.java:setRole(198)) - 84989a57-0b18-4228-8d2c-881f34c13802@group-98195F5EDD6E: changes role from  FOLLOWER to CANDIDATE at term 1 for changeToCandidate
2020-11-01 01:35:15,068 [Thread-342] INFO  impl.RoleInfo (RoleInfo.java:updateAndGet(143)) - 84989a57-0b18-4228-8d2c-881f34c13802: start LeaderElection
2020-11-01 01:35:15,069 [84989a57-0b18-4228-8d2c-881f34c13802@group-98195F5EDD6E-LeaderElection9] INFO  impl.RaftServerImpl (ServerState.java:setLeader(256)) - 84989a57-0b18-4228-8d2c-881f34c13802@group-98195F5EDD6E: change Leader from 62e255de-43fd-4033-9a50-3f7e8b93f875 to null at term 1 for initElection
2020-11-01 01:35:15,071 [84989a57-0b18-4228-8d2c-881f34c13802@group-98195F5EDD6E-LeaderElection9] INFO  impl.LeaderElection (LeaderElection.java:askForVotes(210)) - 84989a57-0b18-4228-8d2c-881f34c13802@group-98195F5EDD6E-LeaderElection9: begin an election at term 2 for 0: [f6eee0b7-a520-4e1c-a247-ba4eb4f2c5fb:172.17.0.2:34765:0, 84989a57-0b18-4228-8d2c-881f34c13802:172.17.0.2:44529:0, 62e255de-43fd-4033-9a50-3f7e8b93f875:172.17.0.2:43717:0], old=null
2020-11-01 01:35:15,078 [84989a57-0b18-4228-8d2c-881f34c13802@group-98195F5EDD6E-LeaderElection9] INFO  impl.LeaderElection (LogUtils.java:infoOrTrace(137)) - 84989a57-0b18-4228-8d2c-881f34c13802@group-98195F5EDD6E-LeaderElection9 got exception when requesting votes: java.util.concurrent.ExecutionException: org.apache.ratis.thirdparty.io.grpc.StatusRuntimeException: UNAVAILABLE: io exception
2020-11-01 01:35:15,078 [84989a57-0b18-4228-8d2c-881f34c13802@group-98195F5EDD6E-LeaderElection9] INFO  impl.LeaderElection (LogUtils.java:infoOrTrace(137)) - 84989a57-0b18-4228-8d2c-881f34c13802@group-98195F5EDD6E-LeaderElection9 got exception when requesting votes: java.util.concurrent.ExecutionException: org.apache.ratis.thirdparty.io.grpc.StatusRuntimeException: UNAVAILABLE: io exception
2020-11-01 01:35:15,078 [84989a57-0b18-4228-8d2c-881f34c13802@group-98195F5EDD6E-LeaderElection9] INFO  impl.LeaderElection (LeaderElection.java:logAndReturn(62)) - 84989a57-0b18-4228-8d2c-881f34c13802@group-98195F5EDD6E-LeaderElection9: Election REJECTED; received 0 response(s) [] and 2 exception(s); 84989a57-0b18-4228-8d2c-881f34c13802@group-98195F5EDD6E:t2, leader=null, voted=84989a57-0b18-4228-8d2c-881f34c13802, raftlog=84989a57-0b18-4228-8d2c-881f34c13802@group-98195F5EDD6E-SegmentedRaftLog:OPENED:c0,f0,i0, conf=0: [f6eee0b7-a520-4e1c-a247-ba4eb4f2c5fb:172.17.0.2:34765:0, 84989a57-0b18-4228-8d2c-881f34c13802:172.17.0.2:44529:0, 62e255de-43fd-4033-9a50-3f7e8b93f875:172.17.0.2:43717:0], old=null
2020-11-01 01:35:15,079 [84989a57-0b18-4228-8d2c-881f34c13802@group-98195F5EDD6E-LeaderElection9] INFO  impl.LeaderElection (LogUtils.java:infoOrTrace(137)) -   Exception 0: java.util.concurrent.ExecutionException: org.apache.ratis.thirdparty.io.grpc.StatusRuntimeException: UNAVAILABLE: io exception
2020-11-01 01:35:15,079 [84989a57-0b18-4228-8d2c-881f34c13802@group-98195F5EDD6E-LeaderElection9] INFO  impl.LeaderElection (LogUtils.java:infoOrTrace(137)) -   Exception 1: java.util.concurrent.ExecutionException: org.apache.ratis.thirdparty.io.grpc.StatusRuntimeException: UNAVAILABLE: io exception
2020-11-01 01:35:15,079 [84989a57-0b18-4228-8d2c-881f34c13802@group-98195F5EDD6E-LeaderElection9] INFO  impl.RaftServerImpl (RaftServerImpl.java:setRole(198)) - 84989a57-0b18-4228-8d2c-881f34c13802@group-98195F5EDD6E: changes role from CANDIDATE to FOLLOWER at term 2 for DISCOVERED_A_NEW_TERM
2020-11-01 01:35:15,079 [84989a57-0b18-4228-8d2c-881f34c13802@group-98195F5EDD6E-LeaderElection9] INFO  impl.RoleInfo (RoleInfo.java:shutdownLeaderElection(134)) - 84989a57-0b18-4228-8d2c-881f34c13802: shutdown LeaderElection
2020-11-01 01:35:15,079 [84989a57-0b18-4228-8d2c-881f34c13802@group-98195F5EDD6E-LeaderElection9] INFO  impl.RoleInfo (RoleInfo.java:updateAndGet(143)) - 84989a57-0b18-4228-8d2c-881f34c13802: start FollowerState
2020-11-01 01:35:16,353 [Listener at 127.0.0.1/11328] INFO  ozoneimpl.OzoneContainer (OzoneContainer.java:stop(259)) - Attempting to stop container services.
2020-11-01 01:35:16,354 [Listener at 127.0.0.1/11328] INFO  impl.RaftServerProxy (RaftServerProxy.java:lambda$close$4(322)) - 84989a57-0b18-4228-8d2c-881f34c13802: close
2020-11-01 01:35:16,354 [Listener at 127.0.0.1/11328] INFO  impl.RaftServerImpl (RaftServerImpl.java:lambda$shutdown$3(321)) - 84989a57-0b18-4228-8d2c-881f34c13802@group-98195F5EDD6E: shutdown
2020-11-01 01:35:16,354 [Listener at 127.0.0.1/11328] INFO  util.JmxRegister (JmxRegister.java:unregister(73)) - Successfully un-registered JMX Bean with object name Ratis:service=RaftServer,group=group-98195F5EDD6E,id=84989a57-0b18-4228-8d2c-881f34c13802
2020-11-01 01:35:16,354 [Listener at 127.0.0.1/11328] INFO  impl.RoleInfo (RoleInfo.java:shutdownFollowerState(121)) - 84989a57-0b18-4228-8d2c-881f34c13802: shutdown FollowerState
2020-11-01 01:35:16,355 [Listener at 127.0.0.1/11328] INFO  impl.StateMachineUpdater (StateMachineUpdater.java:stopAndJoin(142)) - 84989a57-0b18-4228-8d2c-881f34c13802@group-98195F5EDD6E-StateMachineUpdater: set stopIndex = 0
2020-11-01 01:35:16,355 [Thread-381] INFO  impl.FollowerState (FollowerState.java:run(117)) - 84989a57-0b18-4228-8d2c-881f34c13802@group-98195F5EDD6E-FollowerState was interrupted: java.lang.InterruptedException: sleep interrupted
2020-11-01 01:35:16,355 [84989a57-0b18-4228-8d2c-881f34c13802@group-98195F5EDD6E-StateMachineUpdater] INFO  ratis.ContainerStateMachine (ContainerStateMachine.java:takeSnapshot(293)) - group-98195F5EDD6E: Taking a snapshot at:(t:1, i:0) file /github/workspace/mnt/ozone/hadoop-ozone/integration-test/target/test-dir/MiniOzoneClusterImpl-ecf2639c-de0d-4ab3-a94d-e94508b7a11d/datanode-2/data/ratis/f9923a9a-38f6-464c-a73a-98195f5edd6e/sm/snapshot.1_0
2020-11-01 01:35:16,356 [84989a57-0b18-4228-8d2c-881f34c13802@group-98195F5EDD6E-StateMachineUpdater] INFO  ratis.ContainerStateMachine (ContainerStateMachine.java:takeSnapshot(304)) - group-98195F5EDD6E: Finished taking a snapshot at:(t:1, i:0) file:/github/workspace/mnt/ozone/hadoop-ozone/integration-test/target/test-dir/MiniOzoneClusterImpl-ecf2639c-de0d-4ab3-a94d-e94508b7a11d/datanode-2/data/ratis/f9923a9a-38f6-464c-a73a-98195f5edd6e/sm/snapshot.1_0 time:1
2020-11-01 01:35:16,356 [84989a57-0b18-4228-8d2c-881f34c13802@group-98195F5EDD6E-StateMachineUpdater] INFO  impl.StateMachineUpdater (StateMachineUpdater.java:takeSnapshot(277)) - 84989a57-0b18-4228-8d2c-881f34c13802@group-98195F5EDD6E-StateMachineUpdater: Took a snapshot at index 0
2020-11-01 01:35:16,356 [84989a57-0b18-4228-8d2c-881f34c13802@group-98195F5EDD6E-StateMachineUpdater] INFO  impl.StateMachineUpdater (StateMachineUpdater.java:lambda$new$0(87)) - 84989a57-0b18-4228-8d2c-881f34c13802@group-98195F5EDD6E-StateMachineUpdater: snapshotIndex: updateIncreasingly -1 -> 0
2020-11-01 01:35:16,356 [84989a57-0b18-4228-8d2c-881f34c13802@group-98195F5EDD6E-StateMachineUpdater] INFO  metrics.RatisMetrics (RatisMetrics.java:unregister(43)) - Unregistering Metrics Registry : ratis.state_machine.84989a57-0b18-4228-8d2c-881f34c13802@group-98195F5EDD6E
2020-11-01 01:35:16,356 [Listener at 127.0.0.1/11328] INFO  impl.RaftServerImpl (ServerState.java:close(405)) - 84989a57-0b18-4228-8d2c-881f34c13802@group-98195F5EDD6E: closes. applyIndex: 0
2020-11-01 01:35:16,357 [84989a57-0b18-4228-8d2c-881f34c13802@group-98195F5EDD6E-SegmentedRaftLogWorker] INFO  segmented.SegmentedRaftLogWorker (SegmentedRaftLogWorker.java:run(327)) - 84989a57-0b18-4228-8d2c-881f34c13802@group-98195F5EDD6E-SegmentedRaftLogWorker was interrupted, exiting. There are 0 tasks remaining in the queue.
2020-11-01 01:35:16,357 [Listener at 127.0.0.1/11328] INFO  segmented.SegmentedRaftLogWorker (SegmentedRaftLogWorker.java:close(234)) - 84989a57-0b18-4228-8d2c-881f34c13802@group-98195F5EDD6E-SegmentedRaftLogWorker close()
2020-11-01 01:35:16,358 [Listener at 127.0.0.1/11328] INFO  metrics.RatisMetrics (RatisMetrics.java:unregister(43)) - Unregistering Metrics Registry : ratis.log_worker.84989a57-0b18-4228-8d2c-881f34c13802@group-98195F5EDD6E
2020-11-01 01:35:16,358 [Listener at 127.0.0.1/11328] INFO  metrics.RatisMetrics (RatisMetrics.java:unregister(43)) - Unregistering Metrics Registry : ratis.leader_election.84989a57-0b18-4228-8d2c-881f34c13802@group-98195F5EDD6E
2020-11-01 01:35:16,358 [Listener at 127.0.0.1/11328] INFO  metrics.RatisMetrics (RatisMetrics.java:unregister(43)) - Unregistering Metrics Registry : ratis.server.84989a57-0b18-4228-8d2c-881f34c13802@group-98195F5EDD6E
2020-11-01 01:35:16,358 [Listener at 127.0.0.1/11328] INFO  impl.RaftServerImpl (RaftServerImpl.java:lambda$shutdown$3(321)) - 84989a57-0b18-4228-8d2c-881f34c13802@group-7A91F89CB833: shutdown
2020-11-01 01:35:16,358 [Listener at 127.0.0.1/11328] INFO  util.JmxRegister (JmxRegister.java:unregister(73)) - Successfully un-registered JMX Bean with object name Ratis:service=RaftServer,group=group-7A91F89CB833,id=84989a57-0b18-4228-8d2c-881f34c13802
2020-11-01 01:35:16,359 [Listener at 127.0.0.1/11328] INFO  impl.RoleInfo (RoleInfo.java:shutdownLeaderState(104)) - 84989a57-0b18-4228-8d2c-881f34c13802: shutdown LeaderState
2020-11-01 01:35:16,359 [Listener at 127.0.0.1/11328] INFO  impl.PendingRequests (PendingRequests.java:sendNotLeaderResponses(249)) - 84989a57-0b18-4228-8d2c-881f34c13802@group-7A91F89CB833-PendingRequests: sendNotLeaderResponses
2020-11-01 01:35:16,359 [Listener at 127.0.0.1/11328] INFO  metrics.RatisMetrics (RatisMetrics.java:unregister(43)) - Unregistering Metrics Registry : ratis.log_appender.84989a57-0b18-4228-8d2c-881f34c13802@group-7A91F89CB833
2020-11-01 01:35:16,359 [Listener at 127.0.0.1/11328] INFO  metrics.RatisMetrics (RatisMetrics.java:unregister(43)) - Unregistering Metrics Registry : ratis.server.84989a57-0b18-4228-8d2c-881f34c13802@group-7A91F89CB833
2020-11-01 01:35:16,359 [Listener at 127.0.0.1/11328] INFO  impl.StateMachineUpdater (StateMachineUpdater.java:stopAndJoin(142)) - 84989a57-0b18-4228-8d2c-881f34c13802@group-7A91F89CB833-StateMachineUpdater: set stopIndex = 0
2020-11-01 01:35:16,360 [84989a57-0b18-4228-8d2c-881f34c13802@group-7A91F89CB833-StateMachineUpdater] INFO  ratis.ContainerStateMachine (ContainerStateMachine.java:takeSnapshot(293)) - group-7A91F89CB833: Taking a snapshot at:(t:1, i:0) file /github/workspace/mnt/ozone/hadoop-ozone/integration-test/target/test-dir/MiniOzoneClusterImpl-ecf2639c-de0d-4ab3-a94d-e94508b7a11d/datanode-2/data/ratis/cef14e7e-27df-4e46-af6d-7a91f89cb833/sm/snapshot.1_0
2020-11-01 01:35:16,361 [84989a57-0b18-4228-8d2c-881f34c13802@group-7A91F89CB833-StateMachineUpdater] INFO  ratis.ContainerStateMachine (ContainerStateMachine.java:takeSnapshot(304)) - group-7A91F89CB833: Finished taking a snapshot at:(t:1, i:0) file:/github/workspace/mnt/ozone/hadoop-ozone/integration-test/target/test-dir/MiniOzoneClusterImpl-ecf2639c-de0d-4ab3-a94d-e94508b7a11d/datanode-2/data/ratis/cef14e7e-27df-4e46-af6d-7a91f89cb833/sm/snapshot.1_0 time:1
2020-11-01 01:35:16,361 [84989a57-0b18-4228-8d2c-881f34c13802@group-7A91F89CB833-StateMachineUpdater] INFO  impl.StateMachineUpdater (StateMachineUpdater.java:takeSnapshot(277)) - 84989a57-0b18-4228-8d2c-881f34c13802@group-7A91F89CB833-StateMachineUpdater: Took a snapshot at index 0
2020-11-01 01:35:16,361 [84989a57-0b18-4228-8d2c-881f34c13802@group-7A91F89CB833-StateMachineUpdater] INFO  impl.StateMachineUpdater (StateMachineUpdater.java:lambda$new$0(87)) - 84989a57-0b18-4228-8d2c-881f34c13802@group-7A91F89CB833-StateMachineUpdater: snapshotIndex: updateIncreasingly -1 -> 0
2020-11-01 01:35:16,361 [84989a57-0b18-4228-8d2c-881f34c13802@group-7A91F89CB833-StateMachineUpdater] INFO  metrics.RatisMetrics (RatisMetrics.java:unregister(43)) - Unregistering Metrics Registry : ratis.state_machine.84989a57-0b18-4228-8d2c-881f34c13802@group-7A91F89CB833
2020-11-01 01:35:16,361 [Listener at 127.0.0.1/11328] INFO  impl.RaftServerImpl (ServerState.java:close(405)) - 84989a57-0b18-4228-8d2c-881f34c13802@group-7A91F89CB833: closes. applyIndex: 0
2020-11-01 01:35:16,362 [84989a57-0b18-4228-8d2c-881f34c13802@group-7A91F89CB833-SegmentedRaftLogWorker] INFO  segmented.SegmentedRaftLogWorker (SegmentedRaftLogWorker.java:run(327)) - 84989a57-0b18-4228-8d2c-881f34c13802@group-7A91F89CB833-SegmentedRaftLogWorker was interrupted, exiting. There are 0 tasks remaining in the queue.
2020-11-01 01:35:16,362 [Listener at 127.0.0.1/11328] INFO  segmented.SegmentedRaftLogWorker (SegmentedRaftLogWorker.java:close(234)) - 84989a57-0b18-4228-8d2c-881f34c13802@group-7A91F89CB833-SegmentedRaftLogWorker close()
2020-11-01 01:35:16,362 [Listener at 127.0.0.1/11328] INFO  metrics.RatisMetrics (RatisMetrics.java:unregister(43)) - Unregistering Metrics Registry : ratis.log_worker.84989a57-0b18-4228-8d2c-881f34c13802@group-7A91F89CB833
2020-11-01 01:35:16,363 [Listener at 127.0.0.1/11328] INFO  metrics.RatisMetrics (RatisMetrics.java:unregister(43)) - Unregistering Metrics Registry : ratis.leader_election.84989a57-0b18-4228-8d2c-881f34c13802@group-7A91F89CB833
2020-11-01 01:35:16,363 [Listener at 127.0.0.1/11328] INFO  metrics.RatisMetrics (RatisMetrics.java:unregister(43)) - Unregistering Metrics Registry : ratis.server.84989a57-0b18-4228-8d2c-881f34c13802@group-7A91F89CB833
2020-11-01 01:35:16,363 [Listener at 127.0.0.1/11328] INFO  server.GrpcService (GrpcService.java:closeImpl(183)) - 84989a57-0b18-4228-8d2c-881f34c13802: shutdown server with port 44529 now
2020-11-01 01:35:16,364 [Listener at 127.0.0.1/11328] INFO  server.GrpcService (GrpcService.java:closeImpl(191)) - 84989a57-0b18-4228-8d2c-881f34c13802: shutdown server with port 44529 successfully
2020-11-01 01:35:16,366 [Listener at 127.0.0.1/11328] INFO  utils.BackgroundService (BackgroundService.java:shutdown(132)) - Shutting down service BlockDeletingService
2020-11-01 01:35:16,370 [Listener at 127.0.0.1/11328] INFO  statemachine.DatanodeStateMachine (DatanodeStateMachine.java:stopDaemon(453)) - Ozone container server stopped.
2020-11-01 01:35:16,378 [Listener at 127.0.0.1/11328] INFO  handler.ContextHandler (ContextHandler.java:doStop(1016)) - Stopped o.e.j.w.WebAppContext@665c46ba{hddsDatanode,/,null,UNAVAILABLE}{jar:file:/home/user/.m2/repository/org/apache/hadoop/hadoop-hdds-container-service/1.1.0-SNAPSHOT/hadoop-hdds-container-service-1.1.0-SNAPSHOT.jar!/webapps/hddsDatanode}
2020-11-01 01:35:16,378 [Listener at 127.0.0.1/11328] INFO  server.AbstractConnector (AbstractConnector.java:doStop(380)) - Stopped ServerConnector@a840109{HTTP/1.1,[http/1.1]}{0.0.0.0:0}
2020-11-01 01:35:16,378 [Listener at 127.0.0.1/11328] INFO  server.session (HouseKeeper.java:stopScavenging(158)) - node0 Stopped scavenging
2020-11-01 01:35:16,378 [Listener at 127.0.0.1/11328] INFO  handler.ContextHandler (ContextHandler.java:doStop(1016)) - Stopped o.e.j.s.ServletContextHandler@1a36db64{static,/static,jar:file:/home/user/.m2/repository/org/apache/hadoop/hadoop-hdds-container-service/1.1.0-SNAPSHOT/hadoop-hdds-container-service-1.1.0-SNAPSHOT.jar!/webapps/static,UNAVAILABLE}
2020-11-01 01:35:16,378 [Listener at 127.0.0.1/11328] INFO  handler.ContextHandler (ContextHandler.java:doStop(1016)) - Stopped o.e.j.s.ServletContextHandler@34cc2db5{logs,/logs,file:///github/workspace/mnt/ozone/hadoop-ozone/integration-test/target/log,UNAVAILABLE}
2020-11-01 01:35:16,379 [Listener at 127.0.0.1/11328] INFO  ozone.MiniOzoneClusterImpl (MiniOzoneClusterImpl.java:stopSCM(476)) - Stopping the StorageContainerManager
2020-11-01 01:35:16,379 [Listener at 127.0.0.1/11328] INFO  server.StorageContainerManager (StorageContainerManager.java:stop(832)) - Stopping Replication Manager Service.
2020-11-01 01:35:16,380 [Listener at 127.0.0.1/11328] INFO  container.ReplicationManager (ReplicationManager.java:stop(219)) - Stopping Replication Monitor Thread.
2020-11-01 01:35:16,380 [Listener at 127.0.0.1/11328] INFO  server.StorageContainerManager (StorageContainerManager.java:stop(839)) - Stopping Lease Manager of the command watchers
2020-11-01 01:35:16,380 [Listener at 127.0.0.1/11328] INFO  server.StorageContainerManager (StorageContainerManager.java:stop(846)) - Stopping datanode service RPC server
2020-11-01 01:35:16,380 [Listener at 127.0.0.1/11328] INFO  server.SCMDatanodeProtocolServer (SCMDatanodeProtocolServer.java:stop(361)) - Stopping the RPC server for DataNodes
2020-11-01 01:35:16,380 [Listener at 127.0.0.1/11328] INFO  ipc.Server (Server.java:stop(3359)) - Stopping server on 32893
2020-11-01 01:35:16,381 [CommandWatcher-LeaseManager#LeaseMonitor] ERROR lease.LeaseManager (LeaseManager.java:run(238)) - Execution was interrupted 
java.lang.InterruptedException: sleep interrupted
	at java.lang.Thread.sleep(Native Method)
	at org.apache.hadoop.ozone.lease.LeaseManager$LeaseMonitor.run(LeaseManager.java:234)
	at java.lang.Thread.run(Thread.java:748)
2020-11-01 01:35:16,385 [IPC Server listener on 0] INFO  ipc.Server (Server.java:run(1330)) - Stopping IPC Server listener on 0
2020-11-01 01:35:16,386 [IPC Server Responder] INFO  ipc.Server (Server.java:run(1465)) - Stopping IPC Server Responder
2020-11-01 01:35:16,422 [SCM Heartbeat Processing Thread - 0] WARN  node.NodeStateManager (NodeStateManager.java:scheduleNextHealthCheck(661)) - Current Thread is interrupted, shutting down HB processing thread for Node Manager.
2020-11-01 01:35:16,423 [Listener at 127.0.0.1/11328] INFO  server.StorageContainerManager (StorageContainerManager.java:stop(854)) - Stopping block service RPC server
2020-11-01 01:35:16,423 [Listener at 127.0.0.1/11328] INFO  server.SCMBlockProtocolServer (SCMBlockProtocolServer.java:stop(158)) - Stopping the RPC server for Block Protocol
2020-11-01 01:35:16,423 [Listener at 127.0.0.1/11328] INFO  ipc.Server (Server.java:stop(3359)) - Stopping server on 35217
2020-11-01 01:35:16,424 [IPC Server Responder] INFO  ipc.Server (Server.java:run(1465)) - Stopping IPC Server Responder
2020-11-01 01:35:16,425 [Listener at 127.0.0.1/11328] INFO  server.StorageContainerManager (StorageContainerManager.java:stop(861)) - Stopping the StorageContainerLocationProtocol RPC server
2020-11-01 01:35:16,425 [IPC Server listener on 0] INFO  ipc.Server (Server.java:run(1330)) - Stopping IPC Server listener on 0
2020-11-01 01:35:16,425 [Listener at 127.0.0.1/11328] INFO  server.SCMClientProtocolServer (SCMClientProtocolServer.java:stop(165)) - Stopping the RPC server for Client Protocol
2020-11-01 01:35:16,425 [Listener at 127.0.0.1/11328] INFO  ipc.Server (Server.java:stop(3359)) - Stopping server on 40115
2020-11-01 01:35:16,426 [IPC Server listener on 0] INFO  ipc.Server (Server.java:run(1330)) - Stopping IPC Server listener on 0
2020-11-01 01:35:16,427 [IPC Server Responder] INFO  ipc.Server (Server.java:run(1465)) - Stopping IPC Server Responder
2020-11-01 01:35:16,427 [Listener at 127.0.0.1/11328] INFO  server.StorageContainerManager (StorageContainerManager.java:stop(868)) - Stopping Storage Container Manager HTTP server.
2020-11-01 01:35:16,428 [Listener at 127.0.0.1/11328] INFO  handler.ContextHandler (ContextHandler.java:doStop(1016)) - Stopped o.e.j.w.WebAppContext@4c0ee7c4{scm,/,null,UNAVAILABLE}{file:/github/workspace/mnt/ozone/hadoop-ozone/integration-test/target/test-classes/webapps/scm}
2020-11-01 01:35:16,429 [Listener at 127.0.0.1/11328] INFO  server.AbstractConnector (AbstractConnector.java:doStop(380)) - Stopped ServerConnector@33a4810a{HTTP/1.1,[http/1.1]}{0.0.0.0:0}
2020-11-01 01:35:16,429 [Listener at 127.0.0.1/11328] INFO  server.session (HouseKeeper.java:stopScavenging(158)) - node0 Stopped scavenging
2020-11-01 01:35:16,429 [Listener at 127.0.0.1/11328] INFO  handler.ContextHandler (ContextHandler.java:doStop(1016)) - Stopped o.e.j.s.ServletContextHandler@266a5ed9{static,/static,file:///github/workspace/mnt/ozone/hadoop-ozone/integration-test/target/test-classes/webapps/static,UNAVAILABLE}
2020-11-01 01:35:16,429 [Listener at 127.0.0.1/11328] INFO  handler.ContextHandler (ContextHandler.java:doStop(1016)) - Stopped o.e.j.s.ServletContextHandler@7ec39b92{logs,/logs,file:///github/workspace/mnt/ozone/hadoop-ozone/integration-test/target/log,UNAVAILABLE}
2020-11-01 01:35:16,430 [Listener at 127.0.0.1/11328] INFO  server.StorageContainerManager (StorageContainerManager.java:stop(879)) - Stopping Block Manager Service.
2020-11-01 01:35:16,430 [Listener at 127.0.0.1/11328] INFO  utils.BackgroundService (BackgroundService.java:shutdown(132)) - Shutting down service SCMBlockDeletingService
2020-11-01 01:35:16,431 [Listener at 127.0.0.1/11328] INFO  utils.BackgroundService (BackgroundService.java:shutdown(132)) - Shutting down service SCMBlockDeletingService
2020-11-01 01:35:16,431 [Listener at 127.0.0.1/11328] INFO  server.StorageContainerManager (StorageContainerManager.java:stop(904)) - Stopping SCM Event Queue.
2020-11-01 01:35:16,436 [Listener at 127.0.0.1/11328] INFO  impl.MetricsSystemImpl (MetricsSystemImpl.java:stop(210)) - Stopping HddsDatanode metrics system...
2020-11-01 01:35:16,438 [prometheus] INFO  impl.MetricsSinkAdapter (MetricsSinkAdapter.java:publishMetricsFromQueue(141)) - prometheus thread interrupted.
2020-11-01 01:35:16,438 [Listener at 127.0.0.1/11328] INFO  impl.MetricsSystemImpl (MetricsSystemImpl.java:stop(216)) - HddsDatanode metrics system stopped.
]]></system-out>
  </testcase>
  <testcase name="testOMRetryProxy" classname="org.apache.hadoop.ozone.om.TestOzoneManagerHAMetadataOnly" time="25.855"/>
  <testcase name="testOMProxyProviderFailoverToCurrentLeader" classname="org.apache.hadoop.ozone.om.TestOzoneManagerHAMetadataOnly" time="25.874"/>
  <testcase name="testAllBucketOperations" classname="org.apache.hadoop.ozone.om.TestOzoneManagerHAMetadataOnly" time="23.846"/>
  <testcase name="testOMProxyProviderFailoverOnConnectionFailure" classname="org.apache.hadoop.ozone.om.TestOzoneManagerHAMetadataOnly" time="0">
    <skipped message="This test randomly failing. Let&apos;s enable once its fixed."/>
  </testcase>
  <testcase name="testJMXMetrics" classname="org.apache.hadoop.ozone.om.TestOzoneManagerHAMetadataOnly" time="23.731"/>
  <testcase name="testReadRequest" classname="org.apache.hadoop.ozone.om.TestOzoneManagerHAMetadataOnly" time="23.954"/>
  <testcase name="testAllVolumeOperations" classname="org.apache.hadoop.ozone.om.TestOzoneManagerHAMetadataOnly" time="23.62"/>
  <testcase name="testListVolumes" classname="org.apache.hadoop.ozone.om.TestOzoneManagerHAMetadataOnly" time="0">
    <skipped message="This test randomly failing. Let&apos;s enable once its fixed."/>
  </testcase>
  <testcase name="testOMProxyProviderInitialization" classname="org.apache.hadoop.ozone.om.TestOzoneManagerHAMetadataOnly" time="23.862"/>
</testsuite>