<?xml version="1.0" encoding="UTF-8"?>
<testsuite xmlns:xsi="http://www.w3.org/2001/XMLSchema-instance" xsi:noNamespaceSchemaLocation="https://maven.apache.org/surefire/maven-surefire-plugin/xsd/surefire-test-report.xsd" name="org.apache.hadoop.ozone.client.rpc.TestCommitWatcher" time="84.876" tests="2" errors="0" skipped="0" failures="1">
  <properties>
    <property name="awt.toolkit" value="sun.awt.X11.XToolkit"/>
    <property name="file.encoding.pkg" value="sun.io"/>
    <property name="java.specification.version" value="1.8"/>
    <property name="sun.cpu.isalist" value=""/>
    <property name="sun.jnu.encoding" value="ANSI_X3.4-1968"/>
    <property name="java.class.path" value="/github/workspace/mnt/ozone/hadoop-ozone/integration-test/target/test-classes:/github/workspace/mnt/ozone/hadoop-ozone/integration-test/target/classes:/home/user/.m2/repository/org/apache/hadoop/hadoop-ozone-common/0.6.0-SNAPSHOT/hadoop-ozone-common-0.6.0-SNAPSHOT.jar:/home/user/.m2/repository/org/apache/commons/commons-compress/1.4.1/commons-compress-1.4.1.jar:/home/user/.m2/repository/org/tukaani/xz/1.0/xz-1.0.jar:/home/user/.m2/repository/org/apache/hadoop/hadoop-hdds-common/0.6.0-SNAPSHOT/hadoop-hdds-common-0.6.0-SNAPSHOT.jar:/home/user/.m2/repository/org/apache/hadoop/hadoop-hdds-hadoop-dependency-client/0.6.0-SNAPSHOT/hadoop-hdds-hadoop-dependency-client-0.6.0-SNAPSHOT.jar:/home/user/.m2/repository/info/picocli/picocli/3.9.6/picocli-3.9.6.jar:/home/user/.m2/repository/com/fasterxml/jackson/core/jackson-annotations/2.10.3/jackson-annotations-2.10.3.jar:/home/user/.m2/repository/javax/annotation/javax.annotation-api/1.2/javax.annotation-api-1.2.jar:/home/user/.m2/repository/org/apache/ratis/ratis-server/0.6.0-6ab75ae-SNAPSHOT/ratis-server-0.6.0-6ab75ae-SNAPSHOT.jar:/home/user/.m2/repository/org/apache/ratis/ratis-client/0.6.0-6ab75ae-SNAPSHOT/ratis-client-0.6.0-6ab75ae-SNAPSHOT.jar:/home/user/.m2/repository/org/apache/ratis/ratis-metrics/0.6.0-6ab75ae-SNAPSHOT/ratis-metrics-0.6.0-6ab75ae-SNAPSHOT.jar:/home/user/.m2/repository/org/apache/ratis/ratis-netty/0.6.0-6ab75ae-SNAPSHOT/ratis-netty-0.6.0-6ab75ae-SNAPSHOT.jar:/home/user/.m2/repository/org/apache/ratis/ratis-grpc/0.6.0-6ab75ae-SNAPSHOT/ratis-grpc-0.6.0-6ab75ae-SNAPSHOT.jar:/home/user/.m2/repository/org/apache/logging/log4j/log4j-api/2.11.0/log4j-api-2.11.0.jar:/home/user/.m2/repository/org/apache/logging/log4j/log4j-core/2.11.0/log4j-core-2.11.0.jar:/home/user/.m2/repository/com/lmax/disruptor/3.4.2/disruptor-3.4.2.jar:/home/user/.m2/repository/org/apache/commons/commons-pool2/2.6.0/commons-pool2-2.6.0.jar:/home/user/.m2/repository/org/bouncycastle/bcpkix-jdk15on/1.60/bcpkix-jdk15on-1.60.jar:/home/user/.m2/repository/commons-validator/commons-validator/1.6/commons-validator-1.6.jar:/home/user/.m2/repository/commons-digester/commons-digester/1.8.1/commons-digester-1.8.1.jar:/home/user/.m2/repository/io/jaegertracing/jaeger-client/1.2.0/jaeger-client-1.2.0.jar:/home/user/.m2/repository/io/jaegertracing/jaeger-thrift/1.2.0/jaeger-thrift-1.2.0.jar:/home/user/.m2/repository/org/apache/thrift/libthrift/0.13.0/libthrift-0.13.0.jar:/home/user/.m2/repository/com/squareup/okhttp3/okhttp/4.2.2/okhttp-4.2.2.jar:/home/user/.m2/repository/com/squareup/okio/okio/2.2.2/okio-2.2.2.jar:/home/user/.m2/repository/org/jetbrains/kotlin/kotlin-stdlib/1.3.50/kotlin-stdlib-1.3.50.jar:/home/user/.m2/repository/org/jetbrains/kotlin/kotlin-stdlib-common/1.3.50/kotlin-stdlib-common-1.3.50.jar:/home/user/.m2/repository/org/jetbrains/annotations/13.0/annotations-13.0.jar:/home/user/.m2/repository/io/jaegertracing/jaeger-core/1.2.0/jaeger-core-1.2.0.jar:/home/user/.m2/repository/io/jaegertracing/jaeger-tracerresolver/1.2.0/jaeger-tracerresolver-1.2.0.jar:/home/user/.m2/repository/io/opentracing/contrib/opentracing-tracerresolver/0.1.8/opentracing-tracerresolver-0.1.8.jar:/home/user/.m2/repository/io/opentracing/opentracing-util/0.33.0/opentracing-util-0.33.0.jar:/home/user/.m2/repository/io/opentracing/opentracing-api/0.33.0/opentracing-api-0.33.0.jar:/home/user/.m2/repository/io/opentracing/opentracing-noop/0.33.0/opentracing-noop-0.33.0.jar:/home/user/.m2/repository/org/apache/hadoop/hadoop-hdds-client/0.6.0-SNAPSHOT/hadoop-hdds-client-0.6.0-SNAPSHOT.jar:/home/user/.m2/repository/org/apache/hadoop/hadoop-ozone-interface-client/0.6.0-SNAPSHOT/hadoop-ozone-interface-client-0.6.0-SNAPSHOT.jar:/home/user/.m2/repository/org/apache/hadoop/hadoop-hdds-test-utils/0.6.0-SNAPSHOT/hadoop-hdds-test-utils-0.6.0-SNAPSHOT.jar:/home/user/.m2/repository/com/google/guava/guava/28.2-jre/guava-28.2-jre.jar:/home/user/.m2/repository/com/google/guava/failureaccess/1.0.1/failureaccess-1.0.1.jar:/home/user/.m2/repository/com/google/guava/listenablefuture/9999.0-empty-to-avoid-conflict-with-guava/listenablefuture-9999.0-empty-to-avoid-conflict-with-guava.jar:/home/user/.m2/repository/com/google/code/findbugs/jsr305/3.0.0/jsr305-3.0.0.jar:/home/user/.m2/repository/org/checkerframework/checker-qual/2.10.0/checker-qual-2.10.0.jar:/home/user/.m2/repository/com/google/errorprone/error_prone_annotations/2.2.0/error_prone_annotations-2.2.0.jar:/home/user/.m2/repository/com/google/j2objc/j2objc-annotations/1.3/j2objc-annotations-1.3.jar:/home/user/.m2/repository/commons-io/commons-io/2.5/commons-io-2.5.jar:/home/user/.m2/repository/commons-logging/commons-logging/1.2/commons-logging-1.2.jar:/home/user/.m2/repository/log4j/log4j/1.2.17/log4j-1.2.17.jar:/home/user/.m2/repository/org/slf4j/slf4j-api/1.7.25/slf4j-api-1.7.25.jar:/home/user/.m2/repository/org/apache/hadoop/hadoop-hdds-server-scm/0.6.0-SNAPSHOT/hadoop-hdds-server-scm-0.6.0-SNAPSHOT.jar:/home/user/.m2/repository/org/apache/hadoop/hadoop-hdds-container-service/0.6.0-SNAPSHOT/hadoop-hdds-container-service-0.6.0-SNAPSHOT.jar:/home/user/.m2/repository/org/apache/hadoop/hadoop-hdds-hadoop-dependency-server/0.6.0-SNAPSHOT/hadoop-hdds-hadoop-dependency-server-0.6.0-SNAPSHOT.jar:/home/user/.m2/repository/org/apache/hadoop/hadoop-hdds-server-framework/0.6.0-SNAPSHOT/hadoop-hdds-server-framework-0.6.0-SNAPSHOT.jar:/home/user/.m2/repository/org/apache/hadoop/hadoop-hdds-interface-server/0.6.0-SNAPSHOT/hadoop-hdds-interface-server-0.6.0-SNAPSHOT.jar:/home/user/.m2/repository/org/apache/hadoop/hadoop-hdds-interface-admin/0.6.0-SNAPSHOT/hadoop-hdds-interface-admin-0.6.0-SNAPSHOT.jar:/home/user/.m2/repository/org/rocksdb/rocksdbjni/6.8.1/rocksdbjni-6.8.1.jar:/home/user/.m2/repository/io/prometheus/simpleclient_dropwizard/0.7.0/simpleclient_dropwizard-0.7.0.jar:/home/user/.m2/repository/io/prometheus/simpleclient/0.7.0/simpleclient-0.7.0.jar:/home/user/.m2/repository/io/prometheus/simpleclient_common/0.7.0/simpleclient_common-0.7.0.jar:/home/user/.m2/repository/com/fasterxml/jackson/datatype/jackson-datatype-jsr310/2.10.3/jackson-datatype-jsr310-2.10.3.jar:/home/user/.m2/repository/org/apache/hadoop/hadoop-hdds-docs/0.6.0-SNAPSHOT/hadoop-hdds-docs-0.6.0-SNAPSHOT.jar:/home/user/.m2/repository/io/dropwizard/metrics/metrics-core/3.2.4/metrics-core-3.2.4.jar:/home/user/.m2/repository/org/apache/hadoop/hadoop-hdfs-client/3.2.1/hadoop-hdfs-client-3.2.1.jar:/home/user/.m2/repository/org/bouncycastle/bcprov-jdk15on/1.60/bcprov-jdk15on-1.60.jar:/home/user/.m2/repository/org/apache/hadoop/hadoop-ozone-ozone-manager/0.6.0-SNAPSHOT/hadoop-ozone-ozone-manager-0.6.0-SNAPSHOT.jar:/home/user/.m2/repository/org/apache/hadoop/hadoop-hdds-interface-client/0.6.0-SNAPSHOT/hadoop-hdds-interface-client-0.6.0-SNAPSHOT.jar:/home/user/.m2/repository/org/apache/ratis/ratis-thirdparty-misc/0.4.0/ratis-thirdparty-misc-0.4.0.jar:/home/user/.m2/repository/org/apache/hadoop/hadoop-minikdc/3.2.1/hadoop-minikdc-3.2.1.jar:/home/user/.m2/repository/org/apache/kerby/kerb-simplekdc/1.0.1/kerb-simplekdc-1.0.1.jar:/home/user/.m2/repository/org/apache/kerby/kerb-client/1.0.1/kerb-client-1.0.1.jar:/home/user/.m2/repository/org/apache/kerby/kerby-config/1.0.1/kerby-config-1.0.1.jar:/home/user/.m2/repository/org/apache/kerby/kerb-core/1.0.1/kerb-core-1.0.1.jar:/home/user/.m2/repository/org/apache/kerby/kerby-pkix/1.0.1/kerby-pkix-1.0.1.jar:/home/user/.m2/repository/org/apache/kerby/kerby-asn1/1.0.1/kerby-asn1-1.0.1.jar:/home/user/.m2/repository/org/apache/kerby/kerby-util/1.0.1/kerby-util-1.0.1.jar:/home/user/.m2/repository/org/apache/kerby/kerb-common/1.0.1/kerb-common-1.0.1.jar:/home/user/.m2/repository/org/apache/kerby/kerb-crypto/1.0.1/kerb-crypto-1.0.1.jar:/home/user/.m2/repository/org/apache/kerby/kerb-util/1.0.1/kerb-util-1.0.1.jar:/home/user/.m2/repository/org/apache/kerby/token-provider/1.0.1/token-provider-1.0.1.jar:/home/user/.m2/repository/org/apache/kerby/kerb-admin/1.0.1/kerb-admin-1.0.1.jar:/home/user/.m2/repository/org/apache/kerby/kerb-server/1.0.1/kerb-server-1.0.1.jar:/home/user/.m2/repository/org/apache/kerby/kerb-identity/1.0.1/kerb-identity-1.0.1.jar:/home/user/.m2/repository/org/apache/kerby/kerby-xdr/1.0.1/kerby-xdr-1.0.1.jar:/home/user/.m2/repository/org/slf4j/slf4j-log4j12/1.7.25/slf4j-log4j12-1.7.25.jar:/home/user/.m2/repository/org/apache/hadoop/hadoop-ozone-s3gateway/0.6.0-SNAPSHOT/hadoop-ozone-s3gateway-0.6.0-SNAPSHOT.jar:/home/user/.m2/repository/org/jboss/weld/servlet/weld-servlet/2.4.7.Final/weld-servlet-2.4.7.Final.jar:/home/user/.m2/repository/org/glassfish/jersey/containers/jersey-container-servlet-core/2.27/jersey-container-servlet-core-2.27.jar:/home/user/.m2/repository/org/glassfish/hk2/external/javax.inject/2.5.0-b42/javax.inject-2.5.0-b42.jar:/home/user/.m2/repository/org/glassfish/jersey/core/jersey-common/2.27/jersey-common-2.27.jar:/home/user/.m2/repository/org/glassfish/hk2/osgi-resource-locator/1.0.1/osgi-resource-locator-1.0.1.jar:/home/user/.m2/repository/javax/ws/rs/javax.ws.rs-api/2.1/javax.ws.rs-api-2.1.jar:/home/user/.m2/repository/org/glassfish/jersey/ext/cdi/jersey-cdi1x/2.27/jersey-cdi1x-2.27.jar:/home/user/.m2/repository/org/glassfish/jersey/inject/jersey-hk2/2.27/jersey-hk2-2.27.jar:/home/user/.m2/repository/org/glassfish/hk2/hk2-locator/2.5.0-b42/hk2-locator-2.5.0-b42.jar:/home/user/.m2/repository/org/javassist/javassist/3.22.0-CR2/javassist-3.22.0-CR2.jar:/home/user/.m2/repository/org/glassfish/hk2/hk2-api/2.5.0/hk2-api-2.5.0.jar:/home/user/.m2/repository/org/glassfish/hk2/external/jakarta.inject/2.5.0/jakarta.inject-2.5.0.jar:/home/user/.m2/repository/org/glassfish/hk2/hk2-utils/2.5.0/hk2-utils-2.5.0.jar:/home/user/.m2/repository/jakarta/annotation/jakarta.annotation-api/1.3.4/jakarta.annotation-api-1.3.4.jar:/home/user/.m2/repository/org/glassfish/hk2/external/aopalliance-repackaged/2.5.0/aopalliance-repackaged-2.5.0.jar:/home/user/.m2/repository/com/fasterxml/jackson/dataformat/jackson-dataformat-xml/2.10.3/jackson-dataformat-xml-2.10.3.jar:/home/user/.m2/repository/com/fasterxml/jackson/core/jackson-core/2.10.3/jackson-core-2.10.3.jar:/home/user/.m2/repository/com/fasterxml/jackson/module/jackson-module-jaxb-annotations/2.10.3/jackson-module-jaxb-annotations-2.10.3.jar:/home/user/.m2/repository/jakarta/xml/bind/jakarta.xml.bind-api/2.3.2/jakarta.xml.bind-api-2.3.2.jar:/home/user/.m2/repository/jakarta/activation/jakarta.activation-api/1.2.1/jakarta.activation-api-1.2.1.jar:/home/user/.m2/repository/org/codehaus/woodstox/stax2-api/3.1.4/stax2-api-3.1.4.jar:/home/user/.m2/repository/com/fasterxml/woodstox/woodstox-core/5.0.3/woodstox-core-5.0.3.jar:/home/user/.m2/repository/javax/enterprise/cdi-api/1.2/cdi-api-1.2.jar:/home/user/.m2/repository/javax/el/javax.el-api/3.0.0/javax.el-api-3.0.0.jar:/home/user/.m2/repository/javax/interceptor/javax.interceptor-api/1.2/javax.interceptor-api-1.2.jar:/home/user/.m2/repository/javax/inject/javax.inject/1/javax.inject-1.jar:/home/user/.m2/repository/com/sun/xml/bind/jaxb-impl/2.3.0.1/jaxb-impl-2.3.0.1.jar:/home/user/.m2/repository/com/sun/xml/bind/jaxb-core/2.3.0.1/jaxb-core-2.3.0.1.jar:/home/user/.m2/repository/javax/xml/bind/jaxb-api/2.3.0/jaxb-api-2.3.0.jar:/home/user/.m2/repository/javax/activation/activation/1.1.1/activation-1.1.1.jar:/home/user/.m2/repository/org/apache/hadoop/hadoop-ozone-csi/0.6.0-SNAPSHOT/hadoop-ozone-csi-0.6.0-SNAPSHOT.jar:/home/user/.m2/repository/com/google/protobuf/protobuf-java-util/3.11.0/protobuf-java-util-3.11.0.jar:/home/user/.m2/repository/com/google/code/gson/gson/2.2.4/gson-2.2.4.jar:/home/user/.m2/repository/org/apache/hadoop/hadoop-hdds-config/0.6.0-SNAPSHOT/hadoop-hdds-config-0.6.0-SNAPSHOT.jar:/home/user/.m2/repository/com/google/protobuf/protobuf-java/2.5.0/protobuf-java-2.5.0.jar:/home/user/.m2/repository/io/grpc/grpc-netty/1.29.0/grpc-netty-1.29.0.jar:/home/user/.m2/repository/io/grpc/grpc-core/1.29.0/grpc-core-1.29.0.jar:/home/user/.m2/repository/com/google/android/annotations/4.1.1.4/annotations-4.1.1.4.jar:/home/user/.m2/repository/io/perfmark/perfmark-api/0.19.0/perfmark-api-0.19.0.jar:/home/user/.m2/repository/io/netty/netty-codec-http2/4.1.48.Final/netty-codec-http2-4.1.48.Final.jar:/home/user/.m2/repository/io/netty/netty-codec/4.1.48.Final/netty-codec-4.1.48.Final.jar:/home/user/.m2/repository/io/netty/netty-handler/4.1.48.Final/netty-handler-4.1.48.Final.jar:/home/user/.m2/repository/io/netty/netty-codec-http/4.1.48.Final/netty-codec-http-4.1.48.Final.jar:/home/user/.m2/repository/io/netty/netty-handler-proxy/4.1.48.Final/netty-handler-proxy-4.1.48.Final.jar:/home/user/.m2/repository/io/netty/netty-codec-socks/4.1.48.Final/netty-codec-socks-4.1.48.Final.jar:/home/user/.m2/repository/io/netty/netty-transport-native-epoll/4.1.48.Final/netty-transport-native-epoll-4.1.48.Final.jar:/home/user/.m2/repository/io/netty/netty-common/4.1.48.Final/netty-common-4.1.48.Final.jar:/home/user/.m2/repository/io/netty/netty-buffer/4.1.48.Final/netty-buffer-4.1.48.Final.jar:/home/user/.m2/repository/io/netty/netty-transport/4.1.48.Final/netty-transport-4.1.48.Final.jar:/home/user/.m2/repository/io/netty/netty-resolver/4.1.48.Final/netty-resolver-4.1.48.Final.jar:/home/user/.m2/repository/io/netty/netty-transport-native-unix-common/4.1.48.Final/netty-transport-native-unix-common-4.1.48.Final.jar:/home/user/.m2/repository/io/grpc/grpc-protobuf/1.29.0/grpc-protobuf-1.29.0.jar:/home/user/.m2/repository/io/grpc/grpc-api/1.29.0/grpc-api-1.29.0.jar:/home/user/.m2/repository/io/grpc/grpc-context/1.29.0/grpc-context-1.29.0.jar:/home/user/.m2/repository/org/codehaus/mojo/animal-sniffer-annotations/1.18/animal-sniffer-annotations-1.18.jar:/home/user/.m2/repository/com/google/api/grpc/proto-google-common-protos/1.17.0/proto-google-common-protos-1.17.0.jar:/home/user/.m2/repository/io/grpc/grpc-protobuf-lite/1.29.0/grpc-protobuf-lite-1.29.0.jar:/home/user/.m2/repository/io/grpc/grpc-stub/1.29.0/grpc-stub-1.29.0.jar:/home/user/.m2/repository/org/apache/hadoop/hadoop-ozone-recon/0.6.0-SNAPSHOT/hadoop-ozone-recon-0.6.0-SNAPSHOT.jar:/home/user/.m2/repository/org/apache/hadoop/hadoop-ozone-reconcodegen/0.6.0-SNAPSHOT/hadoop-ozone-reconcodegen-0.6.0-SNAPSHOT.jar:/home/user/.m2/repository/com/google/inject/extensions/guice-multibindings/4.0/guice-multibindings-4.0.jar:/home/user/.m2/repository/com/google/inject/guice/4.0/guice-4.0.jar:/home/user/.m2/repository/aopalliance/aopalliance/1.0/aopalliance-1.0.jar:/home/user/.m2/repository/com/google/inject/extensions/guice-assistedinject/4.0/guice-assistedinject-4.0.jar:/home/user/.m2/repository/com/google/inject/extensions/guice-servlet/4.0/guice-servlet-4.0.jar:/home/user/.m2/repository/org/glassfish/jersey/containers/jersey-container-servlet/2.27/jersey-container-servlet-2.27.jar:/home/user/.m2/repository/org/glassfish/hk2/guice-bridge/2.5.0/guice-bridge-2.5.0.jar:/home/user/.m2/repository/org/glassfish/jersey/core/jersey-server/2.27/jersey-server-2.27.jar:/home/user/.m2/repository/org/glassfish/jersey/core/jersey-client/2.27/jersey-client-2.27.jar:/home/user/.m2/repository/org/glassfish/jersey/media/jersey-media-jaxb/2.27/jersey-media-jaxb-2.27.jar:/home/user/.m2/repository/javax/validation/validation-api/1.1.0.Final/validation-api-1.1.0.Final.jar:/home/user/.m2/repository/org/glassfish/jersey/media/jersey-media-json-jackson/2.27/jersey-media-json-jackson-2.27.jar:/home/user/.m2/repository/org/glassfish/jersey/ext/jersey-entity-filtering/2.27/jersey-entity-filtering-2.27.jar:/home/user/.m2/repository/org/jooq/jooq/3.11.10/jooq-3.11.10.jar:/home/user/.m2/repository/org/jooq/jooq-meta/3.11.10/jooq-meta-3.11.10.jar:/home/user/.m2/repository/org/jooq/jooq-codegen/3.11.10/jooq-codegen-3.11.10.jar:/home/user/.m2/repository/com/jolbox/bonecp/0.8.0.RELEASE/bonecp-0.8.0.RELEASE.jar:/home/user/.m2/repository/org/apache/derby/derby/10.14.2.0/derby-10.14.2.0.jar:/home/user/.m2/repository/org/xerial/sqlite-jdbc/3.25.2/sqlite-jdbc-3.25.2.jar:/home/user/.m2/repository/org/springframework/spring-jdbc/5.2.5.RELEASE/spring-jdbc-5.2.5.RELEASE.jar:/home/user/.m2/repository/org/springframework/spring-beans/5.2.5.RELEASE/spring-beans-5.2.5.RELEASE.jar:/home/user/.m2/repository/org/springframework/spring-core/5.2.5.RELEASE/spring-core-5.2.5.RELEASE.jar:/home/user/.m2/repository/org/springframework/spring-jcl/5.2.5.RELEASE/spring-jcl-5.2.5.RELEASE.jar:/home/user/.m2/repository/org/springframework/spring-tx/5.2.5.RELEASE/spring-tx-5.2.5.RELEASE.jar:/home/user/.m2/repository/org/apache/hadoop/hadoop-ozone-client/0.6.0-SNAPSHOT/hadoop-ozone-client-0.6.0-SNAPSHOT.jar:/home/user/.m2/repository/org/apache/hadoop/hadoop-ozone-filesystem/0.6.0-SNAPSHOT/hadoop-ozone-filesystem-0.6.0-SNAPSHOT.jar:/home/user/.m2/repository/org/apache/hadoop/hadoop-ozone-filesystem-common/0.6.0-SNAPSHOT/hadoop-ozone-filesystem-common-0.6.0-SNAPSHOT.jar:/home/user/.m2/repository/org/apache/hadoop/hadoop-ozone-tools/0.6.0-SNAPSHOT/hadoop-ozone-tools-0.6.0-SNAPSHOT.jar:/home/user/.m2/repository/org/apache/hadoop/hadoop-hdfs/3.2.1/hadoop-hdfs-3.2.1.jar:/home/user/.m2/repository/org/apache/ratis/ratis-tools/0.6.0-6ab75ae-SNAPSHOT/ratis-tools-0.6.0-6ab75ae-SNAPSHOT.jar:/home/user/.m2/repository/org/apache/ratis/ratis-proto/0.6.0-6ab75ae-SNAPSHOT/ratis-proto-0.6.0-6ab75ae-SNAPSHOT.jar:/home/user/.m2/repository/org/apache/ratis/ratis-common/0.6.0-6ab75ae-SNAPSHOT/ratis-common-0.6.0-6ab75ae-SNAPSHOT.jar:/home/user/.m2/repository/com/amazonaws/aws-java-sdk-core/1.11.615/aws-java-sdk-core-1.11.615.jar:/home/user/.m2/repository/org/apache/httpcomponents/httpclient/4.5.2/httpclient-4.5.2.jar:/home/user/.m2/repository/org/apache/httpcomponents/httpcore/4.4.4/httpcore-4.4.4.jar:/home/user/.m2/repository/software/amazon/ion/ion-java/1.0.2/ion-java-1.0.2.jar:/home/user/.m2/repository/com/fasterxml/jackson/dataformat/jackson-dataformat-cbor/2.10.3/jackson-dataformat-cbor-2.10.3.jar:/home/user/.m2/repository/joda-time/joda-time/2.8.1/joda-time-2.8.1.jar:/home/user/.m2/repository/com/amazonaws/aws-java-sdk-s3/1.11.615/aws-java-sdk-s3-1.11.615.jar:/home/user/.m2/repository/com/amazonaws/aws-java-sdk-kms/1.11.615/aws-java-sdk-kms-1.11.615.jar:/home/user/.m2/repository/com/amazonaws/jmespath-java/1.11.615/jmespath-java-1.11.615.jar:/home/user/.m2/repository/org/apache/hadoop/hadoop-hdds-tools/0.6.0-SNAPSHOT/hadoop-hdds-tools-0.6.0-SNAPSHOT.jar:/home/user/.m2/repository/commons-cli/commons-cli/1.2/commons-cli-1.2.jar:/home/user/.m2/repository/org/apache/commons/commons-lang3/3.7/commons-lang3-3.7.jar:/home/user/.m2/repository/org/apache/hadoop/hadoop-ozone-ozone-manager/0.6.0-SNAPSHOT/hadoop-ozone-ozone-manager-0.6.0-SNAPSHOT-tests.jar:/home/user/.m2/repository/junit/junit/4.11/junit-4.11.jar:/home/user/.m2/repository/org/hamcrest/hamcrest-core/1.3/hamcrest-core-1.3.jar:/home/user/.m2/repository/org/openjdk/jmh/jmh-core/1.19/jmh-core-1.19.jar:/home/user/.m2/repository/net/sf/jopt-simple/jopt-simple/4.6/jopt-simple-4.6.jar:/home/user/.m2/repository/org/apache/commons/commons-math3/3.1.1/commons-math3-3.1.1.jar:/home/user/.m2/repository/org/openjdk/jmh/jmh-generator-annprocess/1.19/jmh-generator-annprocess-1.19.jar:/home/user/.m2/repository/org/mockito/mockito-all/1.8.5/mockito-all-1.8.5.jar:/home/user/.m2/repository/org/apache/hadoop/hadoop-kms/3.2.1/hadoop-kms-3.2.1.jar:/home/user/.m2/repository/org/apache/hadoop/hadoop-auth/3.2.1/hadoop-auth-3.2.1.jar:/home/user/.m2/repository/com/nimbusds/nimbus-jose-jwt/7.9/nimbus-jose-jwt-7.9.jar:/home/user/.m2/repository/com/github/stephenc/jcip/jcip-annotations/1.0-1/jcip-annotations-1.0-1.jar:/home/user/.m2/repository/net/minidev/json-smart/2.3/json-smart-2.3.jar:/home/user/.m2/repository/net/minidev/accessors-smart/1.2/accessors-smart-1.2.jar:/home/user/.m2/repository/org/ow2/asm/asm/5.0.4/asm-5.0.4.jar:/home/user/.m2/repository/org/apache/zookeeper/zookeeper/3.4.13/zookeeper-3.4.13.jar:/home/user/.m2/repository/org/apache/yetus/audience-annotations/0.5.0/audience-annotations-0.5.0.jar:/home/user/.m2/repository/org/apache/curator/curator-framework/2.13.0/curator-framework-2.13.0.jar:/home/user/.m2/repository/com/sun/jersey/jersey-core/1.19/jersey-core-1.19.jar:/home/user/.m2/repository/javax/ws/rs/jsr311-api/1.1.1/jsr311-api-1.1.1.jar:/home/user/.m2/repository/com/sun/jersey/jersey-server/1.19/jersey-server-1.19.jar:/home/user/.m2/repository/javax/servlet/javax.servlet-api/3.1.0/javax.servlet-api-3.1.0.jar:/home/user/.m2/repository/org/eclipse/jetty/jetty-server/9.4.26.v20200117/jetty-server-9.4.26.v20200117.jar:/home/user/.m2/repository/org/eclipse/jetty/jetty-http/9.4.26.v20200117/jetty-http-9.4.26.v20200117.jar:/home/user/.m2/repository/org/eclipse/jetty/jetty-io/9.4.26.v20200117/jetty-io-9.4.26.v20200117.jar:/home/user/.m2/repository/org/eclipse/jetty/jetty-webapp/9.4.26.v20200117/jetty-webapp-9.4.26.v20200117.jar:/home/user/.m2/repository/org/eclipse/jetty/jetty-xml/9.4.26.v20200117/jetty-xml-9.4.26.v20200117.jar:/home/user/.m2/repository/org/eclipse/jetty/jetty-servlet/9.4.26.v20200117/jetty-servlet-9.4.26.v20200117.jar:/home/user/.m2/repository/org/eclipse/jetty/jetty-security/9.4.26.v20200117/jetty-security-9.4.26.v20200117.jar:/home/user/.m2/repository/org/apache/hadoop/hadoop-common/3.2.1/hadoop-common-3.2.1.jar:/home/user/.m2/repository/commons-net/commons-net/3.6/commons-net-3.6.jar:/home/user/.m2/repository/commons-collections/commons-collections/3.2.2/commons-collections-3.2.2.jar:/home/user/.m2/repository/com/sun/jersey/jersey-servlet/1.19/jersey-servlet-1.19.jar:/home/user/.m2/repository/com/sun/jersey/jersey-json/1.19/jersey-json-1.19.jar:/home/user/.m2/repository/org/codehaus/jettison/jettison/1.1/jettison-1.1.jar:/home/user/.m2/repository/org/codehaus/jackson/jackson-jaxrs/1.9.2/jackson-jaxrs-1.9.2.jar:/home/user/.m2/repository/org/codehaus/jackson/jackson-xc/1.9.2/jackson-xc-1.9.2.jar:/home/user/.m2/repository/commons-beanutils/commons-beanutils/1.9.4/commons-beanutils-1.9.4.jar:/home/user/.m2/repository/org/apache/commons/commons-configuration2/2.1.1/commons-configuration2-2.1.1.jar:/home/user/.m2/repository/org/apache/commons/commons-text/1.4/commons-text-1.4.jar:/home/user/.m2/repository/com/google/re2j/re2j/1.1/re2j-1.1.jar:/home/user/.m2/repository/com/jcraft/jsch/0.1.54/jsch-0.1.54.jar:/home/user/.m2/repository/org/apache/curator/curator-client/2.13.0/curator-client-2.13.0.jar:/home/user/.m2/repository/org/apache/curator/curator-recipes/2.13.0/curator-recipes-2.13.0.jar:/home/user/.m2/repository/dnsjava/dnsjava/2.1.7/dnsjava-2.1.7.jar:/home/user/.m2/repository/org/slf4j/jul-to-slf4j/1.7.25/jul-to-slf4j-1.7.25.jar:/home/user/.m2/repository/org/eclipse/jetty/jetty-util/9.4.26.v20200117/jetty-util-9.4.26.v20200117.jar:/home/user/.m2/repository/com/fasterxml/jackson/core/jackson-databind/2.10.3/jackson-databind-2.10.3.jar:/home/user/.m2/repository/org/apache/hadoop/hadoop-kms/3.2.1/hadoop-kms-3.2.1-tests.jar:/home/user/.m2/repository/org/apache/hadoop/hadoop-hdds-server-scm/0.6.0-SNAPSHOT/hadoop-hdds-server-scm-0.6.0-SNAPSHOT-tests.jar:/home/user/.m2/repository/org/apache/hadoop/hadoop-hdds-container-service/0.6.0-SNAPSHOT/hadoop-hdds-container-service-0.6.0-SNAPSHOT-tests.jar:/home/user/.m2/repository/org/apache/hadoop/hadoop-hdds-common/0.6.0-SNAPSHOT/hadoop-hdds-common-0.6.0-SNAPSHOT-tests.jar:/home/user/.m2/repository/org/yaml/snakeyaml/1.16/snakeyaml-1.16.jar:/home/user/.m2/repository/org/apache/hadoop/hadoop-hdds-hadoop-dependency-test/0.6.0-SNAPSHOT/hadoop-hdds-hadoop-dependency-test-0.6.0-SNAPSHOT.jar:/home/user/.m2/repository/org/apache/hadoop/hadoop-common/3.2.1/hadoop-common-3.2.1-tests.jar:/home/user/.m2/repository/javax/servlet/jsp/jsp-api/2.1/jsp-api-2.1.jar:/home/user/.m2/repository/org/apache/hadoop/hadoop-hdfs/3.2.1/hadoop-hdfs-3.2.1-tests.jar:/home/user/.m2/repository/org/eclipse/jetty/jetty-util-ajax/9.4.26.v20200117/jetty-util-ajax-9.4.26.v20200117.jar:/home/user/.m2/repository/commons-codec/commons-codec/1.11/commons-codec-1.11.jar:/home/user/.m2/repository/commons-daemon/commons-daemon/1.0.13/commons-daemon-1.0.13.jar:/home/user/.m2/repository/io/netty/netty/3.10.5.Final/netty-3.10.5.Final.jar:/home/user/.m2/repository/io/netty/netty-all/4.1.48.Final/netty-all-4.1.48.Final.jar:/home/user/.m2/repository/org/apache/htrace/htrace-core4/4.1.0-incubating/htrace-core4-4.1.0-incubating.jar:/home/user/.m2/repository/org/fusesource/leveldbjni/leveldbjni-all/1.8/leveldbjni-all-1.8.jar:/home/user/.m2/repository/org/apache/hadoop/hadoop-distcp/3.2.1/hadoop-distcp-3.2.1.jar:/home/user/.m2/repository/org/apache/hadoop/hadoop-mapreduce-client-jobclient/3.2.1/hadoop-mapreduce-client-jobclient-3.2.1.jar:/home/user/.m2/repository/org/apache/hadoop/hadoop-mapreduce-client-common/3.2.1/hadoop-mapreduce-client-common-3.2.1.jar:/home/user/.m2/repository/org/apache/hadoop/hadoop-yarn-common/3.2.1/hadoop-yarn-common-3.2.1.jar:/home/user/.m2/repository/org/apache/hadoop/hadoop-yarn-api/3.2.1/hadoop-yarn-api-3.2.1.jar:/home/user/.m2/repository/com/sun/jersey/jersey-client/1.19/jersey-client-1.19.jar:/home/user/.m2/repository/com/sun/jersey/contribs/jersey-guice/1.19/jersey-guice-1.19.jar:/home/user/.m2/repository/com/fasterxml/jackson/jaxrs/jackson-jaxrs-json-provider/2.10.3/jackson-jaxrs-json-provider-2.10.3.jar:/home/user/.m2/repository/com/fasterxml/jackson/jaxrs/jackson-jaxrs-base/2.10.3/jackson-jaxrs-base-2.10.3.jar:/home/user/.m2/repository/org/apache/hadoop/hadoop-yarn-client/3.2.1/hadoop-yarn-client-3.2.1.jar:/home/user/.m2/repository/org/apache/hadoop/hadoop-mapreduce-client-core/3.2.1/hadoop-mapreduce-client-core-3.2.1.jar:/home/user/.m2/repository/org/apache/avro/avro/1.7.7/avro-1.7.7.jar:/home/user/.m2/repository/org/codehaus/jackson/jackson-core-asl/1.9.13/jackson-core-asl-1.9.13.jar:/home/user/.m2/repository/org/codehaus/jackson/jackson-mapper-asl/1.9.13/jackson-mapper-asl-1.9.13.jar:/home/user/.m2/repository/com/thoughtworks/paranamer/paranamer/2.3/paranamer-2.3.jar:/home/user/.m2/repository/org/xerial/snappy/snappy-java/1.0.5/snappy-java-1.0.5.jar:/home/user/.m2/repository/org/apache/hadoop/hadoop-annotations/3.2.1/hadoop-annotations-3.2.1.jar:/usr/lib/jvm/java-1.8.0-openjdk-1.8.0.232.b09-0.el7_7.x86_64/jre/../lib/tools.jar:/home/user/.m2/repository/org/apache/hadoop/hadoop-distcp/3.2.1/hadoop-distcp-3.2.1-tests.jar:"/>
    <property name="java.vm.vendor" value="Oracle Corporation"/>
    <property name="sun.arch.data.model" value="64"/>
    <property name="test.build.dir" value="/github/workspace/mnt/ozone/hadoop-ozone/integration-test/target/test-dir"/>
    <property name="test.cache.data" value=""/>
    <property name="java.vendor.url" value="http://java.oracle.com/"/>
    <property name="user.timezone" value=""/>
    <property name="java.vm.specification.version" value="1.8"/>
    <property name="os.name" value="Linux"/>
    <property name="test.build.data" value="/github/workspace/mnt/ozone/hadoop-ozone/integration-test/target/test-dir"/>
    <property name="user.country" value="US"/>
    <property name="sun.java.launcher" value="SUN_STANDARD"/>
    <property name="sun.boot.library.path" value="/usr/lib/jvm/java-1.8.0-openjdk-1.8.0.232.b09-0.el7_7.x86_64/jre/lib/amd64"/>
    <property name="sun.java.command" value="/github/workspace/mnt/ozone/hadoop-ozone/integration-test/target/surefire/surefirebooter464543921760519551.jar /github/workspace/mnt/ozone/hadoop-ozone/integration-test/target/surefire 2020-07-20T01-04-09_508-jvmRun1 surefire3119823672896388745tmp surefire_1110072136557053052tmp"/>
    <property name="surefire.test.class.path" value="/github/workspace/mnt/ozone/hadoop-ozone/integration-test/target/test-classes:/github/workspace/mnt/ozone/hadoop-ozone/integration-test/target/classes:/home/user/.m2/repository/org/apache/hadoop/hadoop-ozone-common/0.6.0-SNAPSHOT/hadoop-ozone-common-0.6.0-SNAPSHOT.jar:/home/user/.m2/repository/org/apache/commons/commons-compress/1.4.1/commons-compress-1.4.1.jar:/home/user/.m2/repository/org/tukaani/xz/1.0/xz-1.0.jar:/home/user/.m2/repository/org/apache/hadoop/hadoop-hdds-common/0.6.0-SNAPSHOT/hadoop-hdds-common-0.6.0-SNAPSHOT.jar:/home/user/.m2/repository/org/apache/hadoop/hadoop-hdds-hadoop-dependency-client/0.6.0-SNAPSHOT/hadoop-hdds-hadoop-dependency-client-0.6.0-SNAPSHOT.jar:/home/user/.m2/repository/info/picocli/picocli/3.9.6/picocli-3.9.6.jar:/home/user/.m2/repository/com/fasterxml/jackson/core/jackson-annotations/2.10.3/jackson-annotations-2.10.3.jar:/home/user/.m2/repository/javax/annotation/javax.annotation-api/1.2/javax.annotation-api-1.2.jar:/home/user/.m2/repository/org/apache/ratis/ratis-server/0.6.0-6ab75ae-SNAPSHOT/ratis-server-0.6.0-6ab75ae-SNAPSHOT.jar:/home/user/.m2/repository/org/apache/ratis/ratis-client/0.6.0-6ab75ae-SNAPSHOT/ratis-client-0.6.0-6ab75ae-SNAPSHOT.jar:/home/user/.m2/repository/org/apache/ratis/ratis-metrics/0.6.0-6ab75ae-SNAPSHOT/ratis-metrics-0.6.0-6ab75ae-SNAPSHOT.jar:/home/user/.m2/repository/org/apache/ratis/ratis-netty/0.6.0-6ab75ae-SNAPSHOT/ratis-netty-0.6.0-6ab75ae-SNAPSHOT.jar:/home/user/.m2/repository/org/apache/ratis/ratis-grpc/0.6.0-6ab75ae-SNAPSHOT/ratis-grpc-0.6.0-6ab75ae-SNAPSHOT.jar:/home/user/.m2/repository/org/apache/logging/log4j/log4j-api/2.11.0/log4j-api-2.11.0.jar:/home/user/.m2/repository/org/apache/logging/log4j/log4j-core/2.11.0/log4j-core-2.11.0.jar:/home/user/.m2/repository/com/lmax/disruptor/3.4.2/disruptor-3.4.2.jar:/home/user/.m2/repository/org/apache/commons/commons-pool2/2.6.0/commons-pool2-2.6.0.jar:/home/user/.m2/repository/org/bouncycastle/bcpkix-jdk15on/1.60/bcpkix-jdk15on-1.60.jar:/home/user/.m2/repository/commons-validator/commons-validator/1.6/commons-validator-1.6.jar:/home/user/.m2/repository/commons-digester/commons-digester/1.8.1/commons-digester-1.8.1.jar:/home/user/.m2/repository/io/jaegertracing/jaeger-client/1.2.0/jaeger-client-1.2.0.jar:/home/user/.m2/repository/io/jaegertracing/jaeger-thrift/1.2.0/jaeger-thrift-1.2.0.jar:/home/user/.m2/repository/org/apache/thrift/libthrift/0.13.0/libthrift-0.13.0.jar:/home/user/.m2/repository/com/squareup/okhttp3/okhttp/4.2.2/okhttp-4.2.2.jar:/home/user/.m2/repository/com/squareup/okio/okio/2.2.2/okio-2.2.2.jar:/home/user/.m2/repository/org/jetbrains/kotlin/kotlin-stdlib/1.3.50/kotlin-stdlib-1.3.50.jar:/home/user/.m2/repository/org/jetbrains/kotlin/kotlin-stdlib-common/1.3.50/kotlin-stdlib-common-1.3.50.jar:/home/user/.m2/repository/org/jetbrains/annotations/13.0/annotations-13.0.jar:/home/user/.m2/repository/io/jaegertracing/jaeger-core/1.2.0/jaeger-core-1.2.0.jar:/home/user/.m2/repository/io/jaegertracing/jaeger-tracerresolver/1.2.0/jaeger-tracerresolver-1.2.0.jar:/home/user/.m2/repository/io/opentracing/contrib/opentracing-tracerresolver/0.1.8/opentracing-tracerresolver-0.1.8.jar:/home/user/.m2/repository/io/opentracing/opentracing-util/0.33.0/opentracing-util-0.33.0.jar:/home/user/.m2/repository/io/opentracing/opentracing-api/0.33.0/opentracing-api-0.33.0.jar:/home/user/.m2/repository/io/opentracing/opentracing-noop/0.33.0/opentracing-noop-0.33.0.jar:/home/user/.m2/repository/org/apache/hadoop/hadoop-hdds-client/0.6.0-SNAPSHOT/hadoop-hdds-client-0.6.0-SNAPSHOT.jar:/home/user/.m2/repository/org/apache/hadoop/hadoop-ozone-interface-client/0.6.0-SNAPSHOT/hadoop-ozone-interface-client-0.6.0-SNAPSHOT.jar:/home/user/.m2/repository/org/apache/hadoop/hadoop-hdds-test-utils/0.6.0-SNAPSHOT/hadoop-hdds-test-utils-0.6.0-SNAPSHOT.jar:/home/user/.m2/repository/com/google/guava/guava/28.2-jre/guava-28.2-jre.jar:/home/user/.m2/repository/com/google/guava/failureaccess/1.0.1/failureaccess-1.0.1.jar:/home/user/.m2/repository/com/google/guava/listenablefuture/9999.0-empty-to-avoid-conflict-with-guava/listenablefuture-9999.0-empty-to-avoid-conflict-with-guava.jar:/home/user/.m2/repository/com/google/code/findbugs/jsr305/3.0.0/jsr305-3.0.0.jar:/home/user/.m2/repository/org/checkerframework/checker-qual/2.10.0/checker-qual-2.10.0.jar:/home/user/.m2/repository/com/google/errorprone/error_prone_annotations/2.2.0/error_prone_annotations-2.2.0.jar:/home/user/.m2/repository/com/google/j2objc/j2objc-annotations/1.3/j2objc-annotations-1.3.jar:/home/user/.m2/repository/commons-io/commons-io/2.5/commons-io-2.5.jar:/home/user/.m2/repository/commons-logging/commons-logging/1.2/commons-logging-1.2.jar:/home/user/.m2/repository/log4j/log4j/1.2.17/log4j-1.2.17.jar:/home/user/.m2/repository/org/slf4j/slf4j-api/1.7.25/slf4j-api-1.7.25.jar:/home/user/.m2/repository/org/apache/hadoop/hadoop-hdds-server-scm/0.6.0-SNAPSHOT/hadoop-hdds-server-scm-0.6.0-SNAPSHOT.jar:/home/user/.m2/repository/org/apache/hadoop/hadoop-hdds-container-service/0.6.0-SNAPSHOT/hadoop-hdds-container-service-0.6.0-SNAPSHOT.jar:/home/user/.m2/repository/org/apache/hadoop/hadoop-hdds-hadoop-dependency-server/0.6.0-SNAPSHOT/hadoop-hdds-hadoop-dependency-server-0.6.0-SNAPSHOT.jar:/home/user/.m2/repository/org/apache/hadoop/hadoop-hdds-server-framework/0.6.0-SNAPSHOT/hadoop-hdds-server-framework-0.6.0-SNAPSHOT.jar:/home/user/.m2/repository/org/apache/hadoop/hadoop-hdds-interface-server/0.6.0-SNAPSHOT/hadoop-hdds-interface-server-0.6.0-SNAPSHOT.jar:/home/user/.m2/repository/org/apache/hadoop/hadoop-hdds-interface-admin/0.6.0-SNAPSHOT/hadoop-hdds-interface-admin-0.6.0-SNAPSHOT.jar:/home/user/.m2/repository/org/rocksdb/rocksdbjni/6.8.1/rocksdbjni-6.8.1.jar:/home/user/.m2/repository/io/prometheus/simpleclient_dropwizard/0.7.0/simpleclient_dropwizard-0.7.0.jar:/home/user/.m2/repository/io/prometheus/simpleclient/0.7.0/simpleclient-0.7.0.jar:/home/user/.m2/repository/io/prometheus/simpleclient_common/0.7.0/simpleclient_common-0.7.0.jar:/home/user/.m2/repository/com/fasterxml/jackson/datatype/jackson-datatype-jsr310/2.10.3/jackson-datatype-jsr310-2.10.3.jar:/home/user/.m2/repository/org/apache/hadoop/hadoop-hdds-docs/0.6.0-SNAPSHOT/hadoop-hdds-docs-0.6.0-SNAPSHOT.jar:/home/user/.m2/repository/io/dropwizard/metrics/metrics-core/3.2.4/metrics-core-3.2.4.jar:/home/user/.m2/repository/org/apache/hadoop/hadoop-hdfs-client/3.2.1/hadoop-hdfs-client-3.2.1.jar:/home/user/.m2/repository/org/bouncycastle/bcprov-jdk15on/1.60/bcprov-jdk15on-1.60.jar:/home/user/.m2/repository/org/apache/hadoop/hadoop-ozone-ozone-manager/0.6.0-SNAPSHOT/hadoop-ozone-ozone-manager-0.6.0-SNAPSHOT.jar:/home/user/.m2/repository/org/apache/hadoop/hadoop-hdds-interface-client/0.6.0-SNAPSHOT/hadoop-hdds-interface-client-0.6.0-SNAPSHOT.jar:/home/user/.m2/repository/org/apache/ratis/ratis-thirdparty-misc/0.4.0/ratis-thirdparty-misc-0.4.0.jar:/home/user/.m2/repository/org/apache/hadoop/hadoop-minikdc/3.2.1/hadoop-minikdc-3.2.1.jar:/home/user/.m2/repository/org/apache/kerby/kerb-simplekdc/1.0.1/kerb-simplekdc-1.0.1.jar:/home/user/.m2/repository/org/apache/kerby/kerb-client/1.0.1/kerb-client-1.0.1.jar:/home/user/.m2/repository/org/apache/kerby/kerby-config/1.0.1/kerby-config-1.0.1.jar:/home/user/.m2/repository/org/apache/kerby/kerb-core/1.0.1/kerb-core-1.0.1.jar:/home/user/.m2/repository/org/apache/kerby/kerby-pkix/1.0.1/kerby-pkix-1.0.1.jar:/home/user/.m2/repository/org/apache/kerby/kerby-asn1/1.0.1/kerby-asn1-1.0.1.jar:/home/user/.m2/repository/org/apache/kerby/kerby-util/1.0.1/kerby-util-1.0.1.jar:/home/user/.m2/repository/org/apache/kerby/kerb-common/1.0.1/kerb-common-1.0.1.jar:/home/user/.m2/repository/org/apache/kerby/kerb-crypto/1.0.1/kerb-crypto-1.0.1.jar:/home/user/.m2/repository/org/apache/kerby/kerb-util/1.0.1/kerb-util-1.0.1.jar:/home/user/.m2/repository/org/apache/kerby/token-provider/1.0.1/token-provider-1.0.1.jar:/home/user/.m2/repository/org/apache/kerby/kerb-admin/1.0.1/kerb-admin-1.0.1.jar:/home/user/.m2/repository/org/apache/kerby/kerb-server/1.0.1/kerb-server-1.0.1.jar:/home/user/.m2/repository/org/apache/kerby/kerb-identity/1.0.1/kerb-identity-1.0.1.jar:/home/user/.m2/repository/org/apache/kerby/kerby-xdr/1.0.1/kerby-xdr-1.0.1.jar:/home/user/.m2/repository/org/slf4j/slf4j-log4j12/1.7.25/slf4j-log4j12-1.7.25.jar:/home/user/.m2/repository/org/apache/hadoop/hadoop-ozone-s3gateway/0.6.0-SNAPSHOT/hadoop-ozone-s3gateway-0.6.0-SNAPSHOT.jar:/home/user/.m2/repository/org/jboss/weld/servlet/weld-servlet/2.4.7.Final/weld-servlet-2.4.7.Final.jar:/home/user/.m2/repository/org/glassfish/jersey/containers/jersey-container-servlet-core/2.27/jersey-container-servlet-core-2.27.jar:/home/user/.m2/repository/org/glassfish/hk2/external/javax.inject/2.5.0-b42/javax.inject-2.5.0-b42.jar:/home/user/.m2/repository/org/glassfish/jersey/core/jersey-common/2.27/jersey-common-2.27.jar:/home/user/.m2/repository/org/glassfish/hk2/osgi-resource-locator/1.0.1/osgi-resource-locator-1.0.1.jar:/home/user/.m2/repository/javax/ws/rs/javax.ws.rs-api/2.1/javax.ws.rs-api-2.1.jar:/home/user/.m2/repository/org/glassfish/jersey/ext/cdi/jersey-cdi1x/2.27/jersey-cdi1x-2.27.jar:/home/user/.m2/repository/org/glassfish/jersey/inject/jersey-hk2/2.27/jersey-hk2-2.27.jar:/home/user/.m2/repository/org/glassfish/hk2/hk2-locator/2.5.0-b42/hk2-locator-2.5.0-b42.jar:/home/user/.m2/repository/org/javassist/javassist/3.22.0-CR2/javassist-3.22.0-CR2.jar:/home/user/.m2/repository/org/glassfish/hk2/hk2-api/2.5.0/hk2-api-2.5.0.jar:/home/user/.m2/repository/org/glassfish/hk2/external/jakarta.inject/2.5.0/jakarta.inject-2.5.0.jar:/home/user/.m2/repository/org/glassfish/hk2/hk2-utils/2.5.0/hk2-utils-2.5.0.jar:/home/user/.m2/repository/jakarta/annotation/jakarta.annotation-api/1.3.4/jakarta.annotation-api-1.3.4.jar:/home/user/.m2/repository/org/glassfish/hk2/external/aopalliance-repackaged/2.5.0/aopalliance-repackaged-2.5.0.jar:/home/user/.m2/repository/com/fasterxml/jackson/dataformat/jackson-dataformat-xml/2.10.3/jackson-dataformat-xml-2.10.3.jar:/home/user/.m2/repository/com/fasterxml/jackson/core/jackson-core/2.10.3/jackson-core-2.10.3.jar:/home/user/.m2/repository/com/fasterxml/jackson/module/jackson-module-jaxb-annotations/2.10.3/jackson-module-jaxb-annotations-2.10.3.jar:/home/user/.m2/repository/jakarta/xml/bind/jakarta.xml.bind-api/2.3.2/jakarta.xml.bind-api-2.3.2.jar:/home/user/.m2/repository/jakarta/activation/jakarta.activation-api/1.2.1/jakarta.activation-api-1.2.1.jar:/home/user/.m2/repository/org/codehaus/woodstox/stax2-api/3.1.4/stax2-api-3.1.4.jar:/home/user/.m2/repository/com/fasterxml/woodstox/woodstox-core/5.0.3/woodstox-core-5.0.3.jar:/home/user/.m2/repository/javax/enterprise/cdi-api/1.2/cdi-api-1.2.jar:/home/user/.m2/repository/javax/el/javax.el-api/3.0.0/javax.el-api-3.0.0.jar:/home/user/.m2/repository/javax/interceptor/javax.interceptor-api/1.2/javax.interceptor-api-1.2.jar:/home/user/.m2/repository/javax/inject/javax.inject/1/javax.inject-1.jar:/home/user/.m2/repository/com/sun/xml/bind/jaxb-impl/2.3.0.1/jaxb-impl-2.3.0.1.jar:/home/user/.m2/repository/com/sun/xml/bind/jaxb-core/2.3.0.1/jaxb-core-2.3.0.1.jar:/home/user/.m2/repository/javax/xml/bind/jaxb-api/2.3.0/jaxb-api-2.3.0.jar:/home/user/.m2/repository/javax/activation/activation/1.1.1/activation-1.1.1.jar:/home/user/.m2/repository/org/apache/hadoop/hadoop-ozone-csi/0.6.0-SNAPSHOT/hadoop-ozone-csi-0.6.0-SNAPSHOT.jar:/home/user/.m2/repository/com/google/protobuf/protobuf-java-util/3.11.0/protobuf-java-util-3.11.0.jar:/home/user/.m2/repository/com/google/code/gson/gson/2.2.4/gson-2.2.4.jar:/home/user/.m2/repository/org/apache/hadoop/hadoop-hdds-config/0.6.0-SNAPSHOT/hadoop-hdds-config-0.6.0-SNAPSHOT.jar:/home/user/.m2/repository/com/google/protobuf/protobuf-java/2.5.0/protobuf-java-2.5.0.jar:/home/user/.m2/repository/io/grpc/grpc-netty/1.29.0/grpc-netty-1.29.0.jar:/home/user/.m2/repository/io/grpc/grpc-core/1.29.0/grpc-core-1.29.0.jar:/home/user/.m2/repository/com/google/android/annotations/4.1.1.4/annotations-4.1.1.4.jar:/home/user/.m2/repository/io/perfmark/perfmark-api/0.19.0/perfmark-api-0.19.0.jar:/home/user/.m2/repository/io/netty/netty-codec-http2/4.1.48.Final/netty-codec-http2-4.1.48.Final.jar:/home/user/.m2/repository/io/netty/netty-codec/4.1.48.Final/netty-codec-4.1.48.Final.jar:/home/user/.m2/repository/io/netty/netty-handler/4.1.48.Final/netty-handler-4.1.48.Final.jar:/home/user/.m2/repository/io/netty/netty-codec-http/4.1.48.Final/netty-codec-http-4.1.48.Final.jar:/home/user/.m2/repository/io/netty/netty-handler-proxy/4.1.48.Final/netty-handler-proxy-4.1.48.Final.jar:/home/user/.m2/repository/io/netty/netty-codec-socks/4.1.48.Final/netty-codec-socks-4.1.48.Final.jar:/home/user/.m2/repository/io/netty/netty-transport-native-epoll/4.1.48.Final/netty-transport-native-epoll-4.1.48.Final.jar:/home/user/.m2/repository/io/netty/netty-common/4.1.48.Final/netty-common-4.1.48.Final.jar:/home/user/.m2/repository/io/netty/netty-buffer/4.1.48.Final/netty-buffer-4.1.48.Final.jar:/home/user/.m2/repository/io/netty/netty-transport/4.1.48.Final/netty-transport-4.1.48.Final.jar:/home/user/.m2/repository/io/netty/netty-resolver/4.1.48.Final/netty-resolver-4.1.48.Final.jar:/home/user/.m2/repository/io/netty/netty-transport-native-unix-common/4.1.48.Final/netty-transport-native-unix-common-4.1.48.Final.jar:/home/user/.m2/repository/io/grpc/grpc-protobuf/1.29.0/grpc-protobuf-1.29.0.jar:/home/user/.m2/repository/io/grpc/grpc-api/1.29.0/grpc-api-1.29.0.jar:/home/user/.m2/repository/io/grpc/grpc-context/1.29.0/grpc-context-1.29.0.jar:/home/user/.m2/repository/org/codehaus/mojo/animal-sniffer-annotations/1.18/animal-sniffer-annotations-1.18.jar:/home/user/.m2/repository/com/google/api/grpc/proto-google-common-protos/1.17.0/proto-google-common-protos-1.17.0.jar:/home/user/.m2/repository/io/grpc/grpc-protobuf-lite/1.29.0/grpc-protobuf-lite-1.29.0.jar:/home/user/.m2/repository/io/grpc/grpc-stub/1.29.0/grpc-stub-1.29.0.jar:/home/user/.m2/repository/org/apache/hadoop/hadoop-ozone-recon/0.6.0-SNAPSHOT/hadoop-ozone-recon-0.6.0-SNAPSHOT.jar:/home/user/.m2/repository/org/apache/hadoop/hadoop-ozone-reconcodegen/0.6.0-SNAPSHOT/hadoop-ozone-reconcodegen-0.6.0-SNAPSHOT.jar:/home/user/.m2/repository/com/google/inject/extensions/guice-multibindings/4.0/guice-multibindings-4.0.jar:/home/user/.m2/repository/com/google/inject/guice/4.0/guice-4.0.jar:/home/user/.m2/repository/aopalliance/aopalliance/1.0/aopalliance-1.0.jar:/home/user/.m2/repository/com/google/inject/extensions/guice-assistedinject/4.0/guice-assistedinject-4.0.jar:/home/user/.m2/repository/com/google/inject/extensions/guice-servlet/4.0/guice-servlet-4.0.jar:/home/user/.m2/repository/org/glassfish/jersey/containers/jersey-container-servlet/2.27/jersey-container-servlet-2.27.jar:/home/user/.m2/repository/org/glassfish/hk2/guice-bridge/2.5.0/guice-bridge-2.5.0.jar:/home/user/.m2/repository/org/glassfish/jersey/core/jersey-server/2.27/jersey-server-2.27.jar:/home/user/.m2/repository/org/glassfish/jersey/core/jersey-client/2.27/jersey-client-2.27.jar:/home/user/.m2/repository/org/glassfish/jersey/media/jersey-media-jaxb/2.27/jersey-media-jaxb-2.27.jar:/home/user/.m2/repository/javax/validation/validation-api/1.1.0.Final/validation-api-1.1.0.Final.jar:/home/user/.m2/repository/org/glassfish/jersey/media/jersey-media-json-jackson/2.27/jersey-media-json-jackson-2.27.jar:/home/user/.m2/repository/org/glassfish/jersey/ext/jersey-entity-filtering/2.27/jersey-entity-filtering-2.27.jar:/home/user/.m2/repository/org/jooq/jooq/3.11.10/jooq-3.11.10.jar:/home/user/.m2/repository/org/jooq/jooq-meta/3.11.10/jooq-meta-3.11.10.jar:/home/user/.m2/repository/org/jooq/jooq-codegen/3.11.10/jooq-codegen-3.11.10.jar:/home/user/.m2/repository/com/jolbox/bonecp/0.8.0.RELEASE/bonecp-0.8.0.RELEASE.jar:/home/user/.m2/repository/org/apache/derby/derby/10.14.2.0/derby-10.14.2.0.jar:/home/user/.m2/repository/org/xerial/sqlite-jdbc/3.25.2/sqlite-jdbc-3.25.2.jar:/home/user/.m2/repository/org/springframework/spring-jdbc/5.2.5.RELEASE/spring-jdbc-5.2.5.RELEASE.jar:/home/user/.m2/repository/org/springframework/spring-beans/5.2.5.RELEASE/spring-beans-5.2.5.RELEASE.jar:/home/user/.m2/repository/org/springframework/spring-core/5.2.5.RELEASE/spring-core-5.2.5.RELEASE.jar:/home/user/.m2/repository/org/springframework/spring-jcl/5.2.5.RELEASE/spring-jcl-5.2.5.RELEASE.jar:/home/user/.m2/repository/org/springframework/spring-tx/5.2.5.RELEASE/spring-tx-5.2.5.RELEASE.jar:/home/user/.m2/repository/org/apache/hadoop/hadoop-ozone-client/0.6.0-SNAPSHOT/hadoop-ozone-client-0.6.0-SNAPSHOT.jar:/home/user/.m2/repository/org/apache/hadoop/hadoop-ozone-filesystem/0.6.0-SNAPSHOT/hadoop-ozone-filesystem-0.6.0-SNAPSHOT.jar:/home/user/.m2/repository/org/apache/hadoop/hadoop-ozone-filesystem-common/0.6.0-SNAPSHOT/hadoop-ozone-filesystem-common-0.6.0-SNAPSHOT.jar:/home/user/.m2/repository/org/apache/hadoop/hadoop-ozone-tools/0.6.0-SNAPSHOT/hadoop-ozone-tools-0.6.0-SNAPSHOT.jar:/home/user/.m2/repository/org/apache/hadoop/hadoop-hdfs/3.2.1/hadoop-hdfs-3.2.1.jar:/home/user/.m2/repository/org/apache/ratis/ratis-tools/0.6.0-6ab75ae-SNAPSHOT/ratis-tools-0.6.0-6ab75ae-SNAPSHOT.jar:/home/user/.m2/repository/org/apache/ratis/ratis-proto/0.6.0-6ab75ae-SNAPSHOT/ratis-proto-0.6.0-6ab75ae-SNAPSHOT.jar:/home/user/.m2/repository/org/apache/ratis/ratis-common/0.6.0-6ab75ae-SNAPSHOT/ratis-common-0.6.0-6ab75ae-SNAPSHOT.jar:/home/user/.m2/repository/com/amazonaws/aws-java-sdk-core/1.11.615/aws-java-sdk-core-1.11.615.jar:/home/user/.m2/repository/org/apache/httpcomponents/httpclient/4.5.2/httpclient-4.5.2.jar:/home/user/.m2/repository/org/apache/httpcomponents/httpcore/4.4.4/httpcore-4.4.4.jar:/home/user/.m2/repository/software/amazon/ion/ion-java/1.0.2/ion-java-1.0.2.jar:/home/user/.m2/repository/com/fasterxml/jackson/dataformat/jackson-dataformat-cbor/2.10.3/jackson-dataformat-cbor-2.10.3.jar:/home/user/.m2/repository/joda-time/joda-time/2.8.1/joda-time-2.8.1.jar:/home/user/.m2/repository/com/amazonaws/aws-java-sdk-s3/1.11.615/aws-java-sdk-s3-1.11.615.jar:/home/user/.m2/repository/com/amazonaws/aws-java-sdk-kms/1.11.615/aws-java-sdk-kms-1.11.615.jar:/home/user/.m2/repository/com/amazonaws/jmespath-java/1.11.615/jmespath-java-1.11.615.jar:/home/user/.m2/repository/org/apache/hadoop/hadoop-hdds-tools/0.6.0-SNAPSHOT/hadoop-hdds-tools-0.6.0-SNAPSHOT.jar:/home/user/.m2/repository/commons-cli/commons-cli/1.2/commons-cli-1.2.jar:/home/user/.m2/repository/org/apache/commons/commons-lang3/3.7/commons-lang3-3.7.jar:/home/user/.m2/repository/org/apache/hadoop/hadoop-ozone-ozone-manager/0.6.0-SNAPSHOT/hadoop-ozone-ozone-manager-0.6.0-SNAPSHOT-tests.jar:/home/user/.m2/repository/junit/junit/4.11/junit-4.11.jar:/home/user/.m2/repository/org/hamcrest/hamcrest-core/1.3/hamcrest-core-1.3.jar:/home/user/.m2/repository/org/openjdk/jmh/jmh-core/1.19/jmh-core-1.19.jar:/home/user/.m2/repository/net/sf/jopt-simple/jopt-simple/4.6/jopt-simple-4.6.jar:/home/user/.m2/repository/org/apache/commons/commons-math3/3.1.1/commons-math3-3.1.1.jar:/home/user/.m2/repository/org/openjdk/jmh/jmh-generator-annprocess/1.19/jmh-generator-annprocess-1.19.jar:/home/user/.m2/repository/org/mockito/mockito-all/1.8.5/mockito-all-1.8.5.jar:/home/user/.m2/repository/org/apache/hadoop/hadoop-kms/3.2.1/hadoop-kms-3.2.1.jar:/home/user/.m2/repository/org/apache/hadoop/hadoop-auth/3.2.1/hadoop-auth-3.2.1.jar:/home/user/.m2/repository/com/nimbusds/nimbus-jose-jwt/7.9/nimbus-jose-jwt-7.9.jar:/home/user/.m2/repository/com/github/stephenc/jcip/jcip-annotations/1.0-1/jcip-annotations-1.0-1.jar:/home/user/.m2/repository/net/minidev/json-smart/2.3/json-smart-2.3.jar:/home/user/.m2/repository/net/minidev/accessors-smart/1.2/accessors-smart-1.2.jar:/home/user/.m2/repository/org/ow2/asm/asm/5.0.4/asm-5.0.4.jar:/home/user/.m2/repository/org/apache/zookeeper/zookeeper/3.4.13/zookeeper-3.4.13.jar:/home/user/.m2/repository/org/apache/yetus/audience-annotations/0.5.0/audience-annotations-0.5.0.jar:/home/user/.m2/repository/org/apache/curator/curator-framework/2.13.0/curator-framework-2.13.0.jar:/home/user/.m2/repository/com/sun/jersey/jersey-core/1.19/jersey-core-1.19.jar:/home/user/.m2/repository/javax/ws/rs/jsr311-api/1.1.1/jsr311-api-1.1.1.jar:/home/user/.m2/repository/com/sun/jersey/jersey-server/1.19/jersey-server-1.19.jar:/home/user/.m2/repository/javax/servlet/javax.servlet-api/3.1.0/javax.servlet-api-3.1.0.jar:/home/user/.m2/repository/org/eclipse/jetty/jetty-server/9.4.26.v20200117/jetty-server-9.4.26.v20200117.jar:/home/user/.m2/repository/org/eclipse/jetty/jetty-http/9.4.26.v20200117/jetty-http-9.4.26.v20200117.jar:/home/user/.m2/repository/org/eclipse/jetty/jetty-io/9.4.26.v20200117/jetty-io-9.4.26.v20200117.jar:/home/user/.m2/repository/org/eclipse/jetty/jetty-webapp/9.4.26.v20200117/jetty-webapp-9.4.26.v20200117.jar:/home/user/.m2/repository/org/eclipse/jetty/jetty-xml/9.4.26.v20200117/jetty-xml-9.4.26.v20200117.jar:/home/user/.m2/repository/org/eclipse/jetty/jetty-servlet/9.4.26.v20200117/jetty-servlet-9.4.26.v20200117.jar:/home/user/.m2/repository/org/eclipse/jetty/jetty-security/9.4.26.v20200117/jetty-security-9.4.26.v20200117.jar:/home/user/.m2/repository/org/apache/hadoop/hadoop-common/3.2.1/hadoop-common-3.2.1.jar:/home/user/.m2/repository/commons-net/commons-net/3.6/commons-net-3.6.jar:/home/user/.m2/repository/commons-collections/commons-collections/3.2.2/commons-collections-3.2.2.jar:/home/user/.m2/repository/com/sun/jersey/jersey-servlet/1.19/jersey-servlet-1.19.jar:/home/user/.m2/repository/com/sun/jersey/jersey-json/1.19/jersey-json-1.19.jar:/home/user/.m2/repository/org/codehaus/jettison/jettison/1.1/jettison-1.1.jar:/home/user/.m2/repository/org/codehaus/jackson/jackson-jaxrs/1.9.2/jackson-jaxrs-1.9.2.jar:/home/user/.m2/repository/org/codehaus/jackson/jackson-xc/1.9.2/jackson-xc-1.9.2.jar:/home/user/.m2/repository/commons-beanutils/commons-beanutils/1.9.4/commons-beanutils-1.9.4.jar:/home/user/.m2/repository/org/apache/commons/commons-configuration2/2.1.1/commons-configuration2-2.1.1.jar:/home/user/.m2/repository/org/apache/commons/commons-text/1.4/commons-text-1.4.jar:/home/user/.m2/repository/com/google/re2j/re2j/1.1/re2j-1.1.jar:/home/user/.m2/repository/com/jcraft/jsch/0.1.54/jsch-0.1.54.jar:/home/user/.m2/repository/org/apache/curator/curator-client/2.13.0/curator-client-2.13.0.jar:/home/user/.m2/repository/org/apache/curator/curator-recipes/2.13.0/curator-recipes-2.13.0.jar:/home/user/.m2/repository/dnsjava/dnsjava/2.1.7/dnsjava-2.1.7.jar:/home/user/.m2/repository/org/slf4j/jul-to-slf4j/1.7.25/jul-to-slf4j-1.7.25.jar:/home/user/.m2/repository/org/eclipse/jetty/jetty-util/9.4.26.v20200117/jetty-util-9.4.26.v20200117.jar:/home/user/.m2/repository/com/fasterxml/jackson/core/jackson-databind/2.10.3/jackson-databind-2.10.3.jar:/home/user/.m2/repository/org/apache/hadoop/hadoop-kms/3.2.1/hadoop-kms-3.2.1-tests.jar:/home/user/.m2/repository/org/apache/hadoop/hadoop-hdds-server-scm/0.6.0-SNAPSHOT/hadoop-hdds-server-scm-0.6.0-SNAPSHOT-tests.jar:/home/user/.m2/repository/org/apache/hadoop/hadoop-hdds-container-service/0.6.0-SNAPSHOT/hadoop-hdds-container-service-0.6.0-SNAPSHOT-tests.jar:/home/user/.m2/repository/org/apache/hadoop/hadoop-hdds-common/0.6.0-SNAPSHOT/hadoop-hdds-common-0.6.0-SNAPSHOT-tests.jar:/home/user/.m2/repository/org/yaml/snakeyaml/1.16/snakeyaml-1.16.jar:/home/user/.m2/repository/org/apache/hadoop/hadoop-hdds-hadoop-dependency-test/0.6.0-SNAPSHOT/hadoop-hdds-hadoop-dependency-test-0.6.0-SNAPSHOT.jar:/home/user/.m2/repository/org/apache/hadoop/hadoop-common/3.2.1/hadoop-common-3.2.1-tests.jar:/home/user/.m2/repository/javax/servlet/jsp/jsp-api/2.1/jsp-api-2.1.jar:/home/user/.m2/repository/org/apache/hadoop/hadoop-hdfs/3.2.1/hadoop-hdfs-3.2.1-tests.jar:/home/user/.m2/repository/org/eclipse/jetty/jetty-util-ajax/9.4.26.v20200117/jetty-util-ajax-9.4.26.v20200117.jar:/home/user/.m2/repository/commons-codec/commons-codec/1.11/commons-codec-1.11.jar:/home/user/.m2/repository/commons-daemon/commons-daemon/1.0.13/commons-daemon-1.0.13.jar:/home/user/.m2/repository/io/netty/netty/3.10.5.Final/netty-3.10.5.Final.jar:/home/user/.m2/repository/io/netty/netty-all/4.1.48.Final/netty-all-4.1.48.Final.jar:/home/user/.m2/repository/org/apache/htrace/htrace-core4/4.1.0-incubating/htrace-core4-4.1.0-incubating.jar:/home/user/.m2/repository/org/fusesource/leveldbjni/leveldbjni-all/1.8/leveldbjni-all-1.8.jar:/home/user/.m2/repository/org/apache/hadoop/hadoop-distcp/3.2.1/hadoop-distcp-3.2.1.jar:/home/user/.m2/repository/org/apache/hadoop/hadoop-mapreduce-client-jobclient/3.2.1/hadoop-mapreduce-client-jobclient-3.2.1.jar:/home/user/.m2/repository/org/apache/hadoop/hadoop-mapreduce-client-common/3.2.1/hadoop-mapreduce-client-common-3.2.1.jar:/home/user/.m2/repository/org/apache/hadoop/hadoop-yarn-common/3.2.1/hadoop-yarn-common-3.2.1.jar:/home/user/.m2/repository/org/apache/hadoop/hadoop-yarn-api/3.2.1/hadoop-yarn-api-3.2.1.jar:/home/user/.m2/repository/com/sun/jersey/jersey-client/1.19/jersey-client-1.19.jar:/home/user/.m2/repository/com/sun/jersey/contribs/jersey-guice/1.19/jersey-guice-1.19.jar:/home/user/.m2/repository/com/fasterxml/jackson/jaxrs/jackson-jaxrs-json-provider/2.10.3/jackson-jaxrs-json-provider-2.10.3.jar:/home/user/.m2/repository/com/fasterxml/jackson/jaxrs/jackson-jaxrs-base/2.10.3/jackson-jaxrs-base-2.10.3.jar:/home/user/.m2/repository/org/apache/hadoop/hadoop-yarn-client/3.2.1/hadoop-yarn-client-3.2.1.jar:/home/user/.m2/repository/org/apache/hadoop/hadoop-mapreduce-client-core/3.2.1/hadoop-mapreduce-client-core-3.2.1.jar:/home/user/.m2/repository/org/apache/avro/avro/1.7.7/avro-1.7.7.jar:/home/user/.m2/repository/org/codehaus/jackson/jackson-core-asl/1.9.13/jackson-core-asl-1.9.13.jar:/home/user/.m2/repository/org/codehaus/jackson/jackson-mapper-asl/1.9.13/jackson-mapper-asl-1.9.13.jar:/home/user/.m2/repository/com/thoughtworks/paranamer/paranamer/2.3/paranamer-2.3.jar:/home/user/.m2/repository/org/xerial/snappy/snappy-java/1.0.5/snappy-java-1.0.5.jar:/home/user/.m2/repository/org/apache/hadoop/hadoop-annotations/3.2.1/hadoop-annotations-3.2.1.jar:/usr/lib/jvm/java-1.8.0-openjdk-1.8.0.232.b09-0.el7_7.x86_64/jre/../lib/tools.jar:/home/user/.m2/repository/org/apache/hadoop/hadoop-distcp/3.2.1/hadoop-distcp-3.2.1-tests.jar:"/>
    <property name="sun.cpu.endian" value="little"/>
    <property name="user.home" value="/home/user"/>
    <property name="user.language" value="en"/>
    <property name="java.specification.vendor" value="Oracle Corporation"/>
    <property name="java.home" value="/usr/lib/jvm/java-1.8.0-openjdk-1.8.0.232.b09-0.el7_7.x86_64/jre"/>
    <property name="java.security.krb5.conf" value="/github/workspace/mnt/ozone/hadoop-ozone/integration-test/target/test-classes/krb5.conf"/>
    <property name="basedir" value="/github/workspace/mnt/ozone/hadoop-ozone/integration-test"/>
    <property name="file.separator" value="/"/>
    <property name="line.separator" value="&#10;"/>
    <property name="java.vm.specification.vendor" value="Oracle Corporation"/>
    <property name="java.specification.name" value="Java Platform API Specification"/>
    <property name="java.awt.graphicsenv" value="sun.awt.X11GraphicsEnvironment"/>
    <property name="skip.installnpx" value="true"/>
    <property name="surefire.real.class.path" value="/github/workspace/mnt/ozone/hadoop-ozone/integration-test/target/surefire/surefirebooter464543921760519551.jar:/home/user/.m2/repository/org/jacoco/org.jacoco.agent/0.8.5/org.jacoco.agent-0.8.5-runtime.jar"/>
    <property name="hadoop.log.dir" value="/github/workspace/mnt/ozone/hadoop-ozone/integration-test/target/log"/>
    <property name="sun.boot.class.path" value="/usr/lib/jvm/java-1.8.0-openjdk-1.8.0.232.b09-0.el7_7.x86_64/jre/lib/resources.jar:/usr/lib/jvm/java-1.8.0-openjdk-1.8.0.232.b09-0.el7_7.x86_64/jre/lib/rt.jar:/usr/lib/jvm/java-1.8.0-openjdk-1.8.0.232.b09-0.el7_7.x86_64/jre/lib/sunrsasign.jar:/usr/lib/jvm/java-1.8.0-openjdk-1.8.0.232.b09-0.el7_7.x86_64/jre/lib/jsse.jar:/usr/lib/jvm/java-1.8.0-openjdk-1.8.0.232.b09-0.el7_7.x86_64/jre/lib/jce.jar:/usr/lib/jvm/java-1.8.0-openjdk-1.8.0.232.b09-0.el7_7.x86_64/jre/lib/charsets.jar:/usr/lib/jvm/java-1.8.0-openjdk-1.8.0.232.b09-0.el7_7.x86_64/jre/lib/jfr.jar:/usr/lib/jvm/java-1.8.0-openjdk-1.8.0.232.b09-0.el7_7.x86_64/jre/classes"/>
    <property name="sun.management.compiler" value="HotSpot 64-Bit Tiered Compilers"/>
    <property name="skip.npx" value="true"/>
    <property name="java.runtime.version" value="1.8.0_232-b09"/>
    <property name="java.net.preferIPv4Stack" value="true"/>
    <property name="user.name" value="jenkins1001"/>
    <property name="path.separator" value=":"/>
    <property name="java.security.egd" value="file:///dev/urandom"/>
    <property name="os.version" value="5.3.0-1032-azure"/>
    <property name="java.endorsed.dirs" value="/usr/lib/jvm/java-1.8.0-openjdk-1.8.0.232.b09-0.el7_7.x86_64/jre/lib/endorsed"/>
    <property name="java.runtime.name" value="OpenJDK Runtime Environment"/>
    <property name="file.encoding" value="ANSI_X3.4-1968"/>
    <property name="java.vm.name" value="OpenJDK 64-Bit Server VM"/>
    <property name="test.build.webapps" value=""/>
    <property name="localRepository" value="/home/user/.m2/repository"/>
    <property name="java.vendor.url.bug" value="http://bugreport.sun.com/bugreport/"/>
    <property name="java.io.tmpdir" value="/tmp"/>
    <property name="require.test.libhadoop" value=""/>
    <property name="java.version" value="1.8.0_232"/>
    <property name="user.dir" value="/github/workspace/mnt/ozone/hadoop-ozone/integration-test"/>
    <property name="os.arch" value="amd64"/>
    <property name="java.vm.specification.name" value="Java Virtual Machine Specification"/>
    <property name="test.build.classes" value="/github/workspace/mnt/ozone/hadoop-ozone/integration-test/target/test-classes"/>
    <property name="java.awt.printerjob" value="sun.print.PSPrinterJob"/>
    <property name="sun.os.patch.level" value="unknown"/>
    <property name="hadoop.tmp.dir" value="/github/workspace/mnt/ozone/hadoop-ozone/integration-test/target/tmp"/>
    <property name="java.library.path" value="/usr/lib:/usr/java/packages/lib/amd64:/usr/lib64:/lib64:/lib:/usr/lib"/>
    <property name="java.vm.info" value="mixed mode"/>
    <property name="java.vendor" value="Oracle Corporation"/>
    <property name="java.vm.version" value="25.232-b09"/>
    <property name="java.ext.dirs" value="/usr/lib/jvm/java-1.8.0-openjdk-1.8.0.232.b09-0.el7_7.x86_64/jre/lib/ext:/usr/java/packages/lib/ext"/>
    <property name="sun.io.unicode.encoding" value="UnicodeLittle"/>
    <property name="java.class.version" value="52.0"/>
  </properties>
  <testcase name="testReleaseBuffers" classname="org.apache.hadoop.ozone.client.rpc.TestCommitWatcher" time="39.573"/>
  <testcase name="testReleaseBuffersOnException" classname="org.apache.hadoop.ozone.client.rpc.TestCommitWatcher" time="44.888">
    <failure type="java.lang.AssertionError">java.lang.AssertionError
	at org.junit.Assert.fail(Assert.java:86)
	at org.junit.Assert.assertTrue(Assert.java:41)
	at org.junit.Assert.assertTrue(Assert.java:52)
	at org.apache.hadoop.ozone.client.rpc.TestCommitWatcher.testReleaseBuffersOnException(TestCommitWatcher.java:320)
	at sun.reflect.NativeMethodAccessorImpl.invoke0(Native Method)
	at sun.reflect.NativeMethodAccessorImpl.invoke(NativeMethodAccessorImpl.java:62)
	at sun.reflect.DelegatingMethodAccessorImpl.invoke(DelegatingMethodAccessorImpl.java:43)
	at java.lang.reflect.Method.invoke(Method.java:498)
	at org.junit.runners.model.FrameworkMethod$1.runReflectiveCall(FrameworkMethod.java:47)
	at org.junit.internal.runners.model.ReflectiveCallable.run(ReflectiveCallable.java:12)
	at org.junit.runners.model.FrameworkMethod.invokeExplosively(FrameworkMethod.java:44)
	at org.junit.internal.runners.statements.InvokeMethod.evaluate(InvokeMethod.java:17)
	at org.junit.internal.runners.statements.RunBefores.evaluate(RunBefores.java:26)
	at org.junit.internal.runners.statements.RunAfters.evaluate(RunAfters.java:27)
	at org.junit.internal.runners.statements.FailOnTimeout$StatementThread.run(FailOnTimeout.java:74)
</failure>
    <system-out><![CDATA[2020-07-20 01:17:23,086 [Thread-351] WARN  server.ServerUtils (ServerUtils.java:getScmDbDir(148)) - ozone.scm.db.dirs is not configured. We recommend adding this setting. Falling back to ozone.metadata.dirs instead.
2020-07-20 01:17:23,088 [Thread-351] WARN  server.ServerUtils (ServerUtils.java:getScmDbDir(148)) - ozone.scm.db.dirs is not configured. We recommend adding this setting. Falling back to ozone.metadata.dirs instead.
2020-07-20 01:17:23,088 [Thread-351] WARN  db.DBStoreBuilder (DBStoreBuilder.java:createDBStoreBuilder(277)) - ozone.scm.db.dirs is not configured. We recommend adding this setting. Falling back to ozone.metadata.dirs instead.
2020-07-20 01:17:23,115 [Thread-351] INFO  net.NodeSchemaLoader (NodeSchemaLoader.java:loadSchemaFromFile(126)) - Loading file from sun.misc.CompoundEnumeration@5f739fc9
2020-07-20 01:17:23,115 [Thread-351] INFO  net.NodeSchemaLoader (NodeSchemaLoader.java:loadSchema(172)) - Loading network topology layer schema file
2020-07-20 01:17:23,120 [Thread-351] WARN  server.ServerUtils (ServerUtils.java:sanitizeUserArgs(73)) - ozone.scm.stale.node.interval value = 1000000 is larger than max = 100000 based on the key value of ozone.scm.heartbeat.thread.interval, reset to the max value 100000.
2020-07-20 01:17:23,120 [Thread-351] WARN  server.ServerUtils (ServerUtils.java:sanitizeUserArgs(73)) - ozone.scm.stale.node.interval value = 1000000 is larger than max = 100000 based on the key value of ozone.scm.heartbeat.thread.interval, reset to the max value 100000.
2020-07-20 01:17:23,120 [Thread-351] INFO  node.SCMNodeManager (SCMNodeManager.java:<init>(116)) - Entering startup safe mode.
2020-07-20 01:17:23,122 [Thread-351] INFO  algorithms.ContainerPlacementPolicyFactory (ContainerPlacementPolicyFactory.java:getPolicy(60)) - Create container placement policy of type org.apache.hadoop.hdds.scm.container.placement.algorithms.SCMContainerPlacementRandom
2020-07-20 01:17:23,122 [Thread-351] INFO  pipeline.SCMPipelineManager (SCMPipelineManager.java:initializePipelineState(158)) - No pipeline exists in current db
2020-07-20 01:17:23,126 [Thread-351] INFO  safemode.HealthyPipelineSafeModeRule (HealthyPipelineSafeModeRule.java:<init>(89)) - Total pipeline count is 0, healthy pipeline threshold count is 0
2020-07-20 01:17:23,126 [Thread-351] INFO  safemode.OneReplicaPipelineSafeModeRule (OneReplicaPipelineSafeModeRule.java:<init>(79)) - Total pipeline count is 0, pipeline's with at least one datanode reported threshold count is 0
2020-07-20 01:17:23,127 [Thread-351] INFO  ipc.CallQueueManager (CallQueueManager.java:<init>(84)) - Using callQueue: class java.util.concurrent.LinkedBlockingQueue, queueCapacity: 2000, scheduler: class org.apache.hadoop.ipc.DefaultRpcScheduler, ipcBackoff: false.
2020-07-20 01:17:23,128 [Socket Reader #1 for port 0] INFO  ipc.Server (Server.java:run(1219)) - Starting Socket Reader #1 for port 0
2020-07-20 01:17:23,130 [Listener at 0.0.0.0/41743] INFO  ipc.CallQueueManager (CallQueueManager.java:<init>(84)) - Using callQueue: class java.util.concurrent.LinkedBlockingQueue, queueCapacity: 2000, scheduler: class org.apache.hadoop.ipc.DefaultRpcScheduler, ipcBackoff: false.
2020-07-20 01:17:23,131 [Socket Reader #1 for port 0] INFO  ipc.Server (Server.java:run(1219)) - Starting Socket Reader #1 for port 0
2020-07-20 01:17:23,133 [RatisPipelineUtilsThread] ERROR pipeline.SCMPipelineManager (SCMPipelineManager.java:createPipeline(275)) - Failed to create pipeline of type RATIS and factor ONE. Exception: Cannot create pipeline of factor 1 using 0 nodes. Used 0 nodes. Healthy nodes 0
2020-07-20 01:17:23,134 [Listener at 0.0.0.0/39603] INFO  ipc.CallQueueManager (CallQueueManager.java:<init>(84)) - Using callQueue: class java.util.concurrent.LinkedBlockingQueue, queueCapacity: 2000, scheduler: class org.apache.hadoop.ipc.DefaultRpcScheduler, ipcBackoff: false.
2020-07-20 01:17:23,135 [Socket Reader #1 for port 0] INFO  ipc.Server (Server.java:run(1219)) - Starting Socket Reader #1 for port 0
2020-07-20 01:17:23,142 [Listener at 0.0.0.0/35103] INFO  http.BaseHttpServer (BaseHttpServer.java:newHttpServer2BuilderForOzone(207)) - Starting Web-server for scm at: http://0.0.0.0:0
2020-07-20 01:17:23,143 [Listener at 0.0.0.0/35103] INFO  http.BaseHttpServer (BaseHttpServer.java:<init>(106)) - Hadoop Security Enabled: false Ozone Security Enabled: false Ozone HTTP Security Enabled: false 
2020-07-20 01:17:23,145 [Listener at 0.0.0.0/35103] INFO  server.AuthenticationFilter (AuthenticationFilter.java:constructSecretProvider(240)) - Unable to initialize FileSignerSecretProvider, falling back to use random secrets.
2020-07-20 01:17:23,146 [Listener at 0.0.0.0/35103] WARN  http.HttpRequestLog (HttpRequestLog.java:getRequestLog(103)) - Jetty request log can only be enabled using Log4j
2020-07-20 01:17:23,147 [Listener at 0.0.0.0/35103] INFO  http.HttpServer2 (HttpServer2.java:addGlobalFilter(998)) - Added global filter 'safety' (class=org.apache.hadoop.hdds.server.http.HttpServer2$QuotingInputFilter)
2020-07-20 01:17:23,148 [Listener at 0.0.0.0/35103] INFO  http.HttpServer2 (HttpServer2.java:addFilter(974)) - Added filter static_user_filter (class=org.apache.hadoop.http.lib.StaticUserWebFilter$StaticUserFilter) to context scm
2020-07-20 01:17:23,148 [Listener at 0.0.0.0/35103] INFO  http.HttpServer2 (HttpServer2.java:addFilter(982)) - Added filter static_user_filter (class=org.apache.hadoop.http.lib.StaticUserWebFilter$StaticUserFilter) to context static
2020-07-20 01:17:23,148 [Listener at 0.0.0.0/35103] INFO  http.HttpServer2 (HttpServer2.java:addFilter(982)) - Added filter static_user_filter (class=org.apache.hadoop.http.lib.StaticUserWebFilter$StaticUserFilter) to context logs
2020-07-20 01:17:23,151 [Listener at 0.0.0.0/35103] INFO  server.StorageContainerManager (StorageContainerManager.java:start(784)) - StorageContainerLocationProtocol RPC server is listening at /0.0.0.0:35103
2020-07-20 01:17:23,152 [Listener at 0.0.0.0/35103] WARN  impl.MetricsConfig (MetricsConfig.java:loadFirst(134)) - Cannot locate configuration: tried hadoop-metrics2-storagecontainermanager.properties,hadoop-metrics2.properties
2020-07-20 01:17:23,153 [Listener at 0.0.0.0/35103] INFO  impl.MetricsSystemImpl (MetricsSystemImpl.java:startTimer(374)) - Scheduled Metric snapshot period at 10 second(s).
2020-07-20 01:17:23,154 [Listener at 0.0.0.0/35103] INFO  impl.MetricsSystemImpl (MetricsSystemImpl.java:start(191)) - StorageContainerManager metrics system started
2020-07-20 01:17:23,163 [Listener at 0.0.0.0/35103] WARN  impl.MetricsSystemImpl (MetricsSystemImpl.java:register(276)) - Sink prometheus already exists!
2020-07-20 01:17:23,172 [Listener at 0.0.0.0/35103] INFO  server.SCMClientProtocolServer (SCMClientProtocolServer.java:start(156)) - RPC server for Client  is listening at /0.0.0.0:35103
2020-07-20 01:17:23,173 [IPC Server Responder] INFO  ipc.Server (Server.java:run(1460)) - IPC Server Responder: starting
2020-07-20 01:17:23,177 [Listener at 0.0.0.0/35103] INFO  server.StorageContainerManager (StorageContainerManager.java:start(796)) - ScmBlockLocationProtocol RPC server is listening at /0.0.0.0:39603
2020-07-20 01:17:23,177 [Listener at 0.0.0.0/35103] INFO  server.SCMBlockProtocolServer (SCMBlockProtocolServer.java:start(149)) - RPC server for Block Protocol is listening at /0.0.0.0:39603
2020-07-20 01:17:23,179 [IPC Server Responder] INFO  ipc.Server (Server.java:run(1460)) - IPC Server Responder: starting
2020-07-20 01:17:23,179 [IPC Server listener on 0] INFO  ipc.Server (Server.java:run(1298)) - IPC Server listener on 0: starting
2020-07-20 01:17:23,179 [IPC Server listener on 0] INFO  ipc.Server (Server.java:run(1298)) - IPC Server listener on 0: starting
2020-07-20 01:17:23,186 [Listener at 0.0.0.0/35103] INFO  server.StorageContainerManager (StorageContainerManager.java:start(802)) - ScmDatanodeProtocl RPC server is listening at /0.0.0.0:41743
2020-07-20 01:17:23,187 [Listener at 0.0.0.0/35103] INFO  server.SCMDatanodeProtocolServer (SCMDatanodeProtocolServer.java:start(172)) - RPC server for DataNodes is listening at /0.0.0.0:41743
2020-07-20 01:17:23,187 [IPC Server Responder] INFO  ipc.Server (Server.java:run(1460)) - IPC Server Responder: starting
2020-07-20 01:17:23,190 [IPC Server listener on 0] INFO  ipc.Server (Server.java:run(1298)) - IPC Server listener on 0: starting
2020-07-20 01:17:23,196 [Listener at 0.0.0.0/35103] INFO  http.HttpServer2 (HttpServer2.java:bindListener(1216)) - Jetty bound to port 44623
2020-07-20 01:17:23,197 [Listener at 0.0.0.0/35103] INFO  server.Server (Server.java:doStart(359)) - jetty-9.4.26.v20200117; built: 2020-01-17T12:35:33.676Z; git: 7b38981d25d14afb4a12ff1f2596756144edf695; jvm 1.8.0_232-b09
2020-07-20 01:17:23,198 [Listener at 0.0.0.0/35103] INFO  server.session (DefaultSessionIdManager.java:doStart(333)) - DefaultSessionIdManager workerName=node0
2020-07-20 01:17:23,198 [Listener at 0.0.0.0/35103] INFO  server.session (DefaultSessionIdManager.java:doStart(338)) - No SessionScavenger set, using defaults
2020-07-20 01:17:23,199 [Listener at 0.0.0.0/35103] INFO  server.session (HouseKeeper.java:startScavenging(140)) - node0 Scavenging every 600000ms
2020-07-20 01:17:23,199 [Listener at 0.0.0.0/35103] INFO  handler.ContextHandler (ContextHandler.java:doStart(825)) - Started o.e.j.s.ServletContextHandler@23ae4ff1{logs,/logs,file:///github/workspace/mnt/ozone/hadoop-ozone/integration-test/target/log,AVAILABLE}
2020-07-20 01:17:23,200 [Listener at 0.0.0.0/35103] INFO  handler.ContextHandler (ContextHandler.java:doStart(825)) - Started o.e.j.s.ServletContextHandler@3f0d8fcf{static,/static,file:///github/workspace/mnt/ozone/hadoop-ozone/integration-test/target/test-classes/webapps/static,AVAILABLE}
2020-07-20 01:17:23,204 [Listener at 0.0.0.0/35103] INFO  handler.ContextHandler (ContextHandler.java:doStart(825)) - Started o.e.j.w.WebAppContext@7b4837e4{scm,/,file:///github/workspace/mnt/ozone/hadoop-ozone/integration-test/target/test-classes/webapps/scm/,AVAILABLE}{file:/github/workspace/mnt/ozone/hadoop-ozone/integration-test/target/test-classes/webapps/scm}
2020-07-20 01:17:23,206 [Listener at 0.0.0.0/35103] INFO  server.AbstractConnector (AbstractConnector.java:doStart(330)) - Started ServerConnector@14c696f{HTTP/1.1,[http/1.1]}{0.0.0.0:44623}
2020-07-20 01:17:23,207 [Listener at 0.0.0.0/35103] INFO  server.Server (Server.java:doStart(399)) - Started @40822ms
2020-07-20 01:17:23,207 [Listener at 0.0.0.0/35103] WARN  impl.MetricsSystemImpl (MetricsSystemImpl.java:register(276)) - Sink prometheus already exists!
2020-07-20 01:17:23,221 [Listener at 0.0.0.0/35103] INFO  http.BaseHttpServer (BaseHttpServer.java:updateConnectorAddress(327)) - HTTP server of scm listening at http://0.0.0.0:44623
2020-07-20 01:17:23,230 [Listener at 0.0.0.0/35103] WARN  server.ServerUtils (ServerUtils.java:getDBPath(225)) - ozone.om.db.dirs is not configured. We recommend adding this setting. Falling back to ozone.metadata.dirs instead.
2020-07-20 01:17:23,230 [org.apache.hadoop.util.JvmPauseMonitor$Monitor@49391cb1] INFO  util.JvmPauseMonitor (JvmPauseMonitor.java:run(188)) - Starting JVM pause monitor
2020-07-20 01:17:23,231 [Listener at 0.0.0.0/35103] INFO  ha.OMHANodeDetails (OMHANodeDetails.java:loadOMHAConfig(104)) - ozone.om.internal.service.id is not defined, falling back to ozone.om.service.ids to find serviceID for OzoneManager if it is HA enabled cluster
2020-07-20 01:17:23,231 [Listener at 0.0.0.0/35103] INFO  ha.OMHANodeDetails (OMHANodeDetails.java:loadOMHAConfig(213)) - Configuration either no ozone.om.address set. Falling back to the default OM address /127.0.0.1:0
2020-07-20 01:17:23,232 [Listener at 0.0.0.0/35103] INFO  ha.OMHANodeDetails (OMHANodeDetails.java:getOMNodeDetails(241)) - OM Service ID is not set. Setting it to the default ID: omServiceIdDefault
2020-07-20 01:17:23,232 [Listener at 0.0.0.0/35103] WARN  server.ServerUtils (ServerUtils.java:getDBPath(225)) - ozone.om.db.dirs is not configured. We recommend adding this setting. Falling back to ozone.metadata.dirs instead.
2020-07-20 01:17:23,232 [Listener at 0.0.0.0/35103] WARN  server.ServerUtils (ServerUtils.java:getDBPath(225)) - ozone.om.db.dirs is not configured. We recommend adding this setting. Falling back to ozone.metadata.dirs instead.
2020-07-20 01:17:23,240 [Listener at 0.0.0.0/35103] WARN  server.ServerUtils (ServerUtils.java:getDBPath(225)) - ozone.om.db.dirs is not configured. We recommend adding this setting. Falling back to ozone.metadata.dirs instead.
2020-07-20 01:17:23,296 [Listener at 0.0.0.0/35103] INFO  ipc.CallQueueManager (CallQueueManager.java:<init>(84)) - Using callQueue: class java.util.concurrent.LinkedBlockingQueue, queueCapacity: 2000, scheduler: class org.apache.hadoop.ipc.DefaultRpcScheduler, ipcBackoff: false.
2020-07-20 01:17:23,298 [Socket Reader #1 for port 0] INFO  ipc.Server (Server.java:run(1219)) - Starting Socket Reader #1 for port 0
2020-07-20 01:17:23,314 [Listener at 127.0.0.1/34739] INFO  impl.MetricsSystemImpl (MetricsSystemImpl.java:init(158)) - OzoneManager metrics system started (again)
2020-07-20 01:17:23,315 [Listener at 127.0.0.1/34739] INFO  om.OzoneManager (OzoneManager.java:start(1101)) - OzoneManager RPC server is listening at localhost/127.0.0.1:34739
2020-07-20 01:17:23,316 [IPC Server Responder] INFO  ipc.Server (Server.java:run(1460)) - IPC Server Responder: starting
2020-07-20 01:17:23,319 [IPC Server listener on 0] INFO  ipc.Server (Server.java:run(1298)) - IPC Server listener on 0: starting
2020-07-20 01:17:23,342 [Listener at 127.0.0.1/34739] INFO  http.BaseHttpServer (BaseHttpServer.java:newHttpServer2BuilderForOzone(207)) - Starting Web-server for ozoneManager at: http://0.0.0.0:0
2020-07-20 01:17:23,342 [Listener at 127.0.0.1/34739] INFO  http.BaseHttpServer (BaseHttpServer.java:<init>(106)) - Hadoop Security Enabled: false Ozone Security Enabled: false Ozone HTTP Security Enabled: false 
2020-07-20 01:17:23,343 [Listener at 127.0.0.1/34739] INFO  server.AuthenticationFilter (AuthenticationFilter.java:constructSecretProvider(240)) - Unable to initialize FileSignerSecretProvider, falling back to use random secrets.
2020-07-20 01:17:23,344 [Listener at 127.0.0.1/34739] WARN  http.HttpRequestLog (HttpRequestLog.java:getRequestLog(103)) - Jetty request log can only be enabled using Log4j
2020-07-20 01:17:23,345 [Listener at 127.0.0.1/34739] INFO  http.HttpServer2 (HttpServer2.java:addGlobalFilter(998)) - Added global filter 'safety' (class=org.apache.hadoop.hdds.server.http.HttpServer2$QuotingInputFilter)
2020-07-20 01:17:23,349 [Listener at 127.0.0.1/34739] INFO  http.HttpServer2 (HttpServer2.java:addFilter(974)) - Added filter static_user_filter (class=org.apache.hadoop.http.lib.StaticUserWebFilter$StaticUserFilter) to context ozoneManager
2020-07-20 01:17:23,349 [Listener at 127.0.0.1/34739] INFO  http.HttpServer2 (HttpServer2.java:addFilter(982)) - Added filter static_user_filter (class=org.apache.hadoop.http.lib.StaticUserWebFilter$StaticUserFilter) to context static
2020-07-20 01:17:23,349 [Listener at 127.0.0.1/34739] INFO  http.HttpServer2 (HttpServer2.java:addFilter(982)) - Added filter static_user_filter (class=org.apache.hadoop.http.lib.StaticUserWebFilter$StaticUserFilter) to context logs
2020-07-20 01:17:23,349 [Listener at 127.0.0.1/34739] INFO  http.HttpServer2 (HttpServer2.java:bindListener(1216)) - Jetty bound to port 38773
2020-07-20 01:17:23,350 [Listener at 127.0.0.1/34739] INFO  server.Server (Server.java:doStart(359)) - jetty-9.4.26.v20200117; built: 2020-01-17T12:35:33.676Z; git: 7b38981d25d14afb4a12ff1f2596756144edf695; jvm 1.8.0_232-b09
2020-07-20 01:17:23,352 [Listener at 127.0.0.1/34739] INFO  server.session (DefaultSessionIdManager.java:doStart(333)) - DefaultSessionIdManager workerName=node0
2020-07-20 01:17:23,352 [Listener at 127.0.0.1/34739] INFO  server.session (DefaultSessionIdManager.java:doStart(338)) - No SessionScavenger set, using defaults
2020-07-20 01:17:23,352 [Listener at 127.0.0.1/34739] INFO  server.session (HouseKeeper.java:startScavenging(140)) - node0 Scavenging every 660000ms
2020-07-20 01:17:23,353 [Listener at 127.0.0.1/34739] INFO  handler.ContextHandler (ContextHandler.java:doStart(825)) - Started o.e.j.s.ServletContextHandler@9efe947{logs,/logs,file:///github/workspace/mnt/ozone/hadoop-ozone/integration-test/target/log,AVAILABLE}
2020-07-20 01:17:23,354 [Listener at 127.0.0.1/34739] INFO  handler.ContextHandler (ContextHandler.java:doStart(825)) - Started o.e.j.s.ServletContextHandler@298584e4{static,/static,file:///github/workspace/mnt/ozone/hadoop-ozone/integration-test/target/test-classes/webapps/static,AVAILABLE}
2020-07-20 01:17:23,360 [Listener at 127.0.0.1/34739] INFO  handler.ContextHandler (ContextHandler.java:doStart(825)) - Started o.e.j.w.WebAppContext@2db7de0e{ozoneManager,/,file:///github/workspace/mnt/ozone/hadoop-ozone/integration-test/target/test-classes/webapps/ozoneManager/,AVAILABLE}{file:/github/workspace/mnt/ozone/hadoop-ozone/integration-test/target/test-classes/webapps/ozoneManager}
2020-07-20 01:17:23,365 [Listener at 127.0.0.1/34739] INFO  server.AbstractConnector (AbstractConnector.java:doStart(330)) - Started ServerConnector@5408f4c{HTTP/1.1,[http/1.1]}{0.0.0.0:38773}
2020-07-20 01:17:23,366 [Listener at 127.0.0.1/34739] INFO  server.Server (Server.java:doStart(399)) - Started @40981ms
2020-07-20 01:17:23,366 [Listener at 127.0.0.1/34739] WARN  impl.MetricsSystemImpl (MetricsSystemImpl.java:register(276)) - Sink prometheus already exists!
2020-07-20 01:17:23,369 [Listener at 127.0.0.1/34739] INFO  http.BaseHttpServer (BaseHttpServer.java:updateConnectorAddress(327)) - HTTP server of ozoneManager listening at http://0.0.0.0:38773
2020-07-20 01:17:23,376 [org.apache.hadoop.util.JvmPauseMonitor$Monitor@7cceccf] INFO  util.JvmPauseMonitor (JvmPauseMonitor.java:run(188)) - Starting JVM pause monitor
2020-07-20 01:17:23,383 [Listener at 127.0.0.1/34739] INFO  impl.MetricsSystemImpl (MetricsSystemImpl.java:init(158)) - HddsDatanode metrics system started (again)
2020-07-20 01:17:23,385 [Listener at 127.0.0.1/34739] INFO  ozone.HddsDatanodeService (HddsDatanodeService.java:start(214)) - HddsDatanodeService host:9ffb5d2b249d ip:172.17.0.2
2020-07-20 01:17:23,386 [Listener at 127.0.0.1/34739] INFO  volume.HddsVolume (HddsVolume.java:<init>(176)) - Creating Volume: /github/workspace/mnt/ozone/hadoop-ozone/integration-test/target/test-dir/MiniOzoneClusterImpl-2e7463a0-386a-4864-a70a-9a5d00050037/datanode-0/data-0/containers/hdds of storage type : DISK and capacity : 9223372036854775807
2020-07-20 01:17:23,386 [Listener at 127.0.0.1/34739] INFO  volume.MutableVolumeSet (MutableVolumeSet.java:initializeVolumeSet(179)) - Added Volume : /github/workspace/mnt/ozone/hadoop-ozone/integration-test/target/test-dir/MiniOzoneClusterImpl-2e7463a0-386a-4864-a70a-9a5d00050037/datanode-0/data-0/containers/hdds to VolumeSet
2020-07-20 01:17:23,386 [Listener at 127.0.0.1/34739] INFO  volume.ThrottledAsyncChecker (ThrottledAsyncChecker.java:schedule(141)) - Scheduling a check for /github/workspace/mnt/ozone/hadoop-ozone/integration-test/target/test-dir/MiniOzoneClusterImpl-2e7463a0-386a-4864-a70a-9a5d00050037/datanode-0/data-0/containers/hdds
2020-07-20 01:17:23,387 [Listener at 127.0.0.1/34739] INFO  volume.HddsVolumeChecker (HddsVolumeChecker.java:checkAllVolumes(200)) - Scheduled health check for volume /github/workspace/mnt/ozone/hadoop-ozone/integration-test/target/test-dir/MiniOzoneClusterImpl-2e7463a0-386a-4864-a70a-9a5d00050037/datanode-0/data-0/containers/hdds
2020-07-20 01:17:23,403 [Listener at 127.0.0.1/34739] INFO  impl.RaftServerProxy (ConfUtils.java:logGet(44)) - raft.rpc.type = GRPC (default)
2020-07-20 01:17:23,404 [Listener at 127.0.0.1/34739] INFO  grpc.GrpcFactory (GrpcFactory.java:checkPooledByteBufAllocatorUseCacheForAllThreads(45)) - PERFORMANCE WARNING: useCacheForAllThreads is true that may cause Netty to create a lot garbage objects and, as a result, trigger GC.
	It is recommended to disable useCacheForAllThreads by setting -Dorg.apache.ratis.thirdparty.io.netty.allocator.useCacheForAllThreads=false in command line.
2020-07-20 01:17:23,404 [Listener at 127.0.0.1/34739] INFO  grpc.GrpcConfigKeys (ConfUtils.java:logGet(44)) - raft.grpc.server.port = 0 (default)
2020-07-20 01:17:23,404 [Listener at 127.0.0.1/34739] INFO  server.GrpcService (ConfUtils.java:logGet(44)) - raft.grpc.message.size.max = 32MB (=33554432) (custom)
2020-07-20 01:17:23,404 [Listener at 127.0.0.1/34739] INFO  server.RaftServerConfigKeys (ConfUtils.java:logGet(44)) - raft.server.log.appender.buffer.byte-limit = 33554432 (custom)
2020-07-20 01:17:23,404 [Listener at 127.0.0.1/34739] INFO  server.GrpcService (ConfUtils.java:logGet(44)) - raft.grpc.flow.control.window = 5MB (=5242880) (custom)
2020-07-20 01:17:23,404 [Listener at 127.0.0.1/34739] INFO  server.RaftServerConfigKeys (ConfUtils.java:logGet(44)) - raft.server.rpc.request.timeout = 3000ms (default)
2020-07-20 01:17:23,406 [Listener at 127.0.0.1/34739] INFO  server.RaftServerConfigKeys (ConfUtils.java:logGet(44)) - raft.server.storage.dir = [/github/workspace/mnt/ozone/hadoop-ozone/integration-test/target/test-dir/MiniOzoneClusterImpl-2e7463a0-386a-4864-a70a-9a5d00050037/datanode-0/data/ratis] (custom)
2020-07-20 01:17:23,410 [Listener at 127.0.0.1/34739] INFO  http.BaseHttpServer (BaseHttpServer.java:newHttpServer2BuilderForOzone(207)) - Starting Web-server for hddsDatanode at: http://0.0.0.0:0
2020-07-20 01:17:23,411 [Listener at 127.0.0.1/34739] INFO  http.BaseHttpServer (BaseHttpServer.java:<init>(106)) - Hadoop Security Enabled: false Ozone Security Enabled: false Ozone HTTP Security Enabled: false 
2020-07-20 01:17:23,412 [Listener at 127.0.0.1/34739] INFO  server.AuthenticationFilter (AuthenticationFilter.java:constructSecretProvider(240)) - Unable to initialize FileSignerSecretProvider, falling back to use random secrets.
2020-07-20 01:17:23,413 [Listener at 127.0.0.1/34739] WARN  http.HttpRequestLog (HttpRequestLog.java:getRequestLog(103)) - Jetty request log can only be enabled using Log4j
2020-07-20 01:17:23,414 [Listener at 127.0.0.1/34739] INFO  http.HttpServer2 (HttpServer2.java:addGlobalFilter(998)) - Added global filter 'safety' (class=org.apache.hadoop.hdds.server.http.HttpServer2$QuotingInputFilter)
2020-07-20 01:17:23,414 [Listener at 127.0.0.1/34739] INFO  http.HttpServer2 (HttpServer2.java:addFilter(974)) - Added filter static_user_filter (class=org.apache.hadoop.http.lib.StaticUserWebFilter$StaticUserFilter) to context hddsDatanode
2020-07-20 01:17:23,414 [Listener at 127.0.0.1/34739] INFO  http.HttpServer2 (HttpServer2.java:addFilter(982)) - Added filter static_user_filter (class=org.apache.hadoop.http.lib.StaticUserWebFilter$StaticUserFilter) to context logs
2020-07-20 01:17:23,414 [Listener at 127.0.0.1/34739] INFO  http.HttpServer2 (HttpServer2.java:addFilter(982)) - Added filter static_user_filter (class=org.apache.hadoop.http.lib.StaticUserWebFilter$StaticUserFilter) to context static
2020-07-20 01:17:23,415 [Listener at 127.0.0.1/34739] INFO  http.HttpServer2 (HttpServer2.java:bindListener(1216)) - Jetty bound to port 45831
2020-07-20 01:17:23,415 [Listener at 127.0.0.1/34739] INFO  server.Server (Server.java:doStart(359)) - jetty-9.4.26.v20200117; built: 2020-01-17T12:35:33.676Z; git: 7b38981d25d14afb4a12ff1f2596756144edf695; jvm 1.8.0_232-b09
2020-07-20 01:17:23,417 [Listener at 127.0.0.1/34739] INFO  server.session (DefaultSessionIdManager.java:doStart(333)) - DefaultSessionIdManager workerName=node0
2020-07-20 01:17:23,417 [Listener at 127.0.0.1/34739] INFO  server.session (DefaultSessionIdManager.java:doStart(338)) - No SessionScavenger set, using defaults
2020-07-20 01:17:23,418 [Listener at 127.0.0.1/34739] INFO  server.session (HouseKeeper.java:startScavenging(140)) - node0 Scavenging every 660000ms
2020-07-20 01:17:23,419 [Listener at 127.0.0.1/34739] INFO  handler.ContextHandler (ContextHandler.java:doStart(825)) - Started o.e.j.s.ServletContextHandler@3e54ca3d{logs,/logs,file:///github/workspace/mnt/ozone/hadoop-ozone/integration-test/target/log,AVAILABLE}
2020-07-20 01:17:23,419 [Listener at 127.0.0.1/34739] INFO  handler.ContextHandler (ContextHandler.java:doStart(825)) - Started o.e.j.s.ServletContextHandler@292243fd{static,/static,jar:file:/home/user/.m2/repository/org/apache/hadoop/hadoop-hdds-container-service/0.6.0-SNAPSHOT/hadoop-hdds-container-service-0.6.0-SNAPSHOT.jar!/webapps/static,AVAILABLE}
2020-07-20 01:17:23,500 [Listener at 127.0.0.1/34739] INFO  handler.ContextHandler (ContextHandler.java:doStart(825)) - Started o.e.j.w.WebAppContext@71aedd1e{hddsDatanode,/,file:///tmp/jetty-0_0_0_0-45831-hadoop-hdds-container-service-0_6_0-SNAPSHOT_jar-_-any-3265862315516364000.dir/webapp/,AVAILABLE}{jar:file:/home/user/.m2/repository/org/apache/hadoop/hadoop-hdds-container-service/0.6.0-SNAPSHOT/hadoop-hdds-container-service-0.6.0-SNAPSHOT.jar!/webapps/hddsDatanode}
2020-07-20 01:17:23,501 [Listener at 127.0.0.1/34739] INFO  server.AbstractConnector (AbstractConnector.java:doStart(330)) - Started ServerConnector@4c4ecfa4{HTTP/1.1,[http/1.1]}{0.0.0.0:45831}
2020-07-20 01:17:23,501 [Listener at 127.0.0.1/34739] INFO  server.Server (Server.java:doStart(399)) - Started @41116ms
2020-07-20 01:17:23,501 [Listener at 127.0.0.1/34739] WARN  impl.MetricsSystemImpl (MetricsSystemImpl.java:register(276)) - Sink prometheus already exists!
2020-07-20 01:17:23,504 [Listener at 127.0.0.1/34739] INFO  http.BaseHttpServer (BaseHttpServer.java:updateConnectorAddress(327)) - HTTP server of hddsDatanode listening at http://0.0.0.0:45831
2020-07-20 01:17:23,514 [Listener at 127.0.0.1/34739] INFO  impl.MetricsSystemImpl (MetricsSystemImpl.java:init(158)) - HddsDatanode metrics system started (again)
2020-07-20 01:17:23,516 [Listener at 127.0.0.1/34739] INFO  ozone.HddsDatanodeService (HddsDatanodeService.java:start(214)) - HddsDatanodeService host:9ffb5d2b249d ip:172.17.0.2
2020-07-20 01:17:23,518 [Listener at 127.0.0.1/34739] INFO  volume.HddsVolume (HddsVolume.java:<init>(176)) - Creating Volume: /github/workspace/mnt/ozone/hadoop-ozone/integration-test/target/test-dir/MiniOzoneClusterImpl-2e7463a0-386a-4864-a70a-9a5d00050037/datanode-1/data-0/containers/hdds of storage type : DISK and capacity : 9223372036854775807
2020-07-20 01:17:23,518 [Listener at 127.0.0.1/34739] INFO  volume.MutableVolumeSet (MutableVolumeSet.java:initializeVolumeSet(179)) - Added Volume : /github/workspace/mnt/ozone/hadoop-ozone/integration-test/target/test-dir/MiniOzoneClusterImpl-2e7463a0-386a-4864-a70a-9a5d00050037/datanode-1/data-0/containers/hdds to VolumeSet
2020-07-20 01:17:23,518 [Listener at 127.0.0.1/34739] INFO  volume.ThrottledAsyncChecker (ThrottledAsyncChecker.java:schedule(141)) - Scheduling a check for /github/workspace/mnt/ozone/hadoop-ozone/integration-test/target/test-dir/MiniOzoneClusterImpl-2e7463a0-386a-4864-a70a-9a5d00050037/datanode-1/data-0/containers/hdds
2020-07-20 01:17:23,519 [Listener at 127.0.0.1/34739] INFO  volume.HddsVolumeChecker (HddsVolumeChecker.java:checkAllVolumes(200)) - Scheduled health check for volume /github/workspace/mnt/ozone/hadoop-ozone/integration-test/target/test-dir/MiniOzoneClusterImpl-2e7463a0-386a-4864-a70a-9a5d00050037/datanode-1/data-0/containers/hdds
2020-07-20 01:17:23,527 [org.apache.hadoop.util.JvmPauseMonitor$Monitor@de6746] INFO  util.JvmPauseMonitor (JvmPauseMonitor.java:run(188)) - Starting JVM pause monitor
2020-07-20 01:17:23,529 [Datanode State Machine Thread - 0] INFO  datanode.InitDatanodeState (InitDatanodeState.java:persistContainerDatanodeDetails(145)) - DatanodeDetails is persisted to /github/workspace/mnt/ozone/hadoop-ozone/integration-test/target/test-dir/MiniOzoneClusterImpl-2e7463a0-386a-4864-a70a-9a5d00050037/datanode-0/meta/datanode.id
2020-07-20 01:17:23,539 [Listener at 127.0.0.1/34739] INFO  impl.RaftServerProxy (ConfUtils.java:logGet(44)) - raft.rpc.type = GRPC (default)
2020-07-20 01:17:23,539 [Listener at 127.0.0.1/34739] INFO  grpc.GrpcFactory (GrpcFactory.java:checkPooledByteBufAllocatorUseCacheForAllThreads(45)) - PERFORMANCE WARNING: useCacheForAllThreads is true that may cause Netty to create a lot garbage objects and, as a result, trigger GC.
	It is recommended to disable useCacheForAllThreads by setting -Dorg.apache.ratis.thirdparty.io.netty.allocator.useCacheForAllThreads=false in command line.
2020-07-20 01:17:23,539 [Listener at 127.0.0.1/34739] INFO  grpc.GrpcConfigKeys (ConfUtils.java:logGet(44)) - raft.grpc.server.port = 0 (default)
2020-07-20 01:17:23,539 [Listener at 127.0.0.1/34739] INFO  server.GrpcService (ConfUtils.java:logGet(44)) - raft.grpc.message.size.max = 32MB (=33554432) (custom)
2020-07-20 01:17:23,539 [Listener at 127.0.0.1/34739] INFO  server.RaftServerConfigKeys (ConfUtils.java:logGet(44)) - raft.server.log.appender.buffer.byte-limit = 33554432 (custom)
2020-07-20 01:17:23,539 [Listener at 127.0.0.1/34739] INFO  server.GrpcService (ConfUtils.java:logGet(44)) - raft.grpc.flow.control.window = 5MB (=5242880) (custom)
2020-07-20 01:17:23,540 [Listener at 127.0.0.1/34739] INFO  server.RaftServerConfigKeys (ConfUtils.java:logGet(44)) - raft.server.rpc.request.timeout = 3000ms (default)
2020-07-20 01:17:23,541 [Listener at 127.0.0.1/34739] INFO  server.RaftServerConfigKeys (ConfUtils.java:logGet(44)) - raft.server.storage.dir = [/github/workspace/mnt/ozone/hadoop-ozone/integration-test/target/test-dir/MiniOzoneClusterImpl-2e7463a0-386a-4864-a70a-9a5d00050037/datanode-1/data/ratis] (custom)
2020-07-20 01:17:23,546 [Listener at 127.0.0.1/34739] INFO  http.BaseHttpServer (BaseHttpServer.java:newHttpServer2BuilderForOzone(207)) - Starting Web-server for hddsDatanode at: http://0.0.0.0:0
2020-07-20 01:17:23,546 [Listener at 127.0.0.1/34739] INFO  http.BaseHttpServer (BaseHttpServer.java:<init>(106)) - Hadoop Security Enabled: false Ozone Security Enabled: false Ozone HTTP Security Enabled: false 
2020-07-20 01:17:23,547 [Listener at 127.0.0.1/34739] INFO  server.AuthenticationFilter (AuthenticationFilter.java:constructSecretProvider(240)) - Unable to initialize FileSignerSecretProvider, falling back to use random secrets.
2020-07-20 01:17:23,547 [Listener at 127.0.0.1/34739] WARN  http.HttpRequestLog (HttpRequestLog.java:getRequestLog(103)) - Jetty request log can only be enabled using Log4j
2020-07-20 01:17:23,548 [Listener at 127.0.0.1/34739] INFO  http.HttpServer2 (HttpServer2.java:addGlobalFilter(998)) - Added global filter 'safety' (class=org.apache.hadoop.hdds.server.http.HttpServer2$QuotingInputFilter)
2020-07-20 01:17:23,549 [Listener at 127.0.0.1/34739] INFO  http.HttpServer2 (HttpServer2.java:addFilter(974)) - Added filter static_user_filter (class=org.apache.hadoop.http.lib.StaticUserWebFilter$StaticUserFilter) to context hddsDatanode
2020-07-20 01:17:23,549 [Listener at 127.0.0.1/34739] INFO  http.HttpServer2 (HttpServer2.java:addFilter(982)) - Added filter static_user_filter (class=org.apache.hadoop.http.lib.StaticUserWebFilter$StaticUserFilter) to context static
2020-07-20 01:17:23,549 [Listener at 127.0.0.1/34739] INFO  http.HttpServer2 (HttpServer2.java:addFilter(982)) - Added filter static_user_filter (class=org.apache.hadoop.http.lib.StaticUserWebFilter$StaticUserFilter) to context logs
2020-07-20 01:17:23,549 [Listener at 127.0.0.1/34739] INFO  http.HttpServer2 (HttpServer2.java:bindListener(1216)) - Jetty bound to port 32897
2020-07-20 01:17:23,549 [Listener at 127.0.0.1/34739] INFO  server.Server (Server.java:doStart(359)) - jetty-9.4.26.v20200117; built: 2020-01-17T12:35:33.676Z; git: 7b38981d25d14afb4a12ff1f2596756144edf695; jvm 1.8.0_232-b09
2020-07-20 01:17:23,551 [Listener at 127.0.0.1/34739] INFO  server.session (DefaultSessionIdManager.java:doStart(333)) - DefaultSessionIdManager workerName=node0
2020-07-20 01:17:23,551 [Listener at 127.0.0.1/34739] INFO  server.session (DefaultSessionIdManager.java:doStart(338)) - No SessionScavenger set, using defaults
2020-07-20 01:17:23,551 [Listener at 127.0.0.1/34739] INFO  server.session (HouseKeeper.java:startScavenging(140)) - node0 Scavenging every 600000ms
2020-07-20 01:17:23,552 [Listener at 127.0.0.1/34739] INFO  handler.ContextHandler (ContextHandler.java:doStart(825)) - Started o.e.j.s.ServletContextHandler@384c9720{logs,/logs,file:///github/workspace/mnt/ozone/hadoop-ozone/integration-test/target/log,AVAILABLE}
2020-07-20 01:17:23,552 [Listener at 127.0.0.1/34739] INFO  handler.ContextHandler (ContextHandler.java:doStart(825)) - Started o.e.j.s.ServletContextHandler@1ae089a3{static,/static,jar:file:/home/user/.m2/repository/org/apache/hadoop/hadoop-hdds-container-service/0.6.0-SNAPSHOT/hadoop-hdds-container-service-0.6.0-SNAPSHOT.jar!/webapps/static,AVAILABLE}
2020-07-20 01:17:23,632 [Listener at 127.0.0.1/34739] INFO  handler.ContextHandler (ContextHandler.java:doStart(825)) - Started o.e.j.w.WebAppContext@38a65021{hddsDatanode,/,file:///tmp/jetty-0_0_0_0-32897-hadoop-hdds-container-service-0_6_0-SNAPSHOT_jar-_-any-4905691165660091316.dir/webapp/,AVAILABLE}{jar:file:/home/user/.m2/repository/org/apache/hadoop/hadoop-hdds-container-service/0.6.0-SNAPSHOT/hadoop-hdds-container-service-0.6.0-SNAPSHOT.jar!/webapps/hddsDatanode}
2020-07-20 01:17:23,633 [Listener at 127.0.0.1/34739] INFO  server.AbstractConnector (AbstractConnector.java:doStart(330)) - Started ServerConnector@3229e984{HTTP/1.1,[http/1.1]}{0.0.0.0:32897}
2020-07-20 01:17:23,634 [Listener at 127.0.0.1/34739] INFO  server.Server (Server.java:doStart(399)) - Started @41249ms
2020-07-20 01:17:23,634 [Listener at 127.0.0.1/34739] WARN  impl.MetricsSystemImpl (MetricsSystemImpl.java:register(276)) - Sink prometheus already exists!
2020-07-20 01:17:23,637 [Listener at 127.0.0.1/34739] INFO  http.BaseHttpServer (BaseHttpServer.java:updateConnectorAddress(327)) - HTTP server of hddsDatanode listening at http://0.0.0.0:32897
2020-07-20 01:17:23,638 [Listener at 127.0.0.1/34739] INFO  impl.MetricsSystemImpl (MetricsSystemImpl.java:init(158)) - HddsDatanode metrics system started (again)
2020-07-20 01:17:23,640 [Listener at 127.0.0.1/34739] INFO  ozone.HddsDatanodeService (HddsDatanodeService.java:start(214)) - HddsDatanodeService host:9ffb5d2b249d ip:172.17.0.2
2020-07-20 01:17:23,642 [Listener at 127.0.0.1/34739] INFO  volume.HddsVolume (HddsVolume.java:<init>(176)) - Creating Volume: /github/workspace/mnt/ozone/hadoop-ozone/integration-test/target/test-dir/MiniOzoneClusterImpl-2e7463a0-386a-4864-a70a-9a5d00050037/datanode-2/data-0/containers/hdds of storage type : DISK and capacity : 9223372036854775807
2020-07-20 01:17:23,642 [Listener at 127.0.0.1/34739] INFO  volume.MutableVolumeSet (MutableVolumeSet.java:initializeVolumeSet(179)) - Added Volume : /github/workspace/mnt/ozone/hadoop-ozone/integration-test/target/test-dir/MiniOzoneClusterImpl-2e7463a0-386a-4864-a70a-9a5d00050037/datanode-2/data-0/containers/hdds to VolumeSet
2020-07-20 01:17:23,642 [Listener at 127.0.0.1/34739] INFO  volume.ThrottledAsyncChecker (ThrottledAsyncChecker.java:schedule(141)) - Scheduling a check for /github/workspace/mnt/ozone/hadoop-ozone/integration-test/target/test-dir/MiniOzoneClusterImpl-2e7463a0-386a-4864-a70a-9a5d00050037/datanode-2/data-0/containers/hdds
2020-07-20 01:17:23,645 [org.apache.hadoop.util.JvmPauseMonitor$Monitor@17ae3ece] INFO  util.JvmPauseMonitor (JvmPauseMonitor.java:run(188)) - Starting JVM pause monitor
2020-07-20 01:17:23,646 [Listener at 127.0.0.1/34739] INFO  volume.HddsVolumeChecker (HddsVolumeChecker.java:checkAllVolumes(200)) - Scheduled health check for volume /github/workspace/mnt/ozone/hadoop-ozone/integration-test/target/test-dir/MiniOzoneClusterImpl-2e7463a0-386a-4864-a70a-9a5d00050037/datanode-2/data-0/containers/hdds
2020-07-20 01:17:23,650 [Datanode State Machine Thread - 0] INFO  datanode.InitDatanodeState (InitDatanodeState.java:persistContainerDatanodeDetails(145)) - DatanodeDetails is persisted to /github/workspace/mnt/ozone/hadoop-ozone/integration-test/target/test-dir/MiniOzoneClusterImpl-2e7463a0-386a-4864-a70a-9a5d00050037/datanode-1/meta/datanode.id
2020-07-20 01:17:23,663 [Listener at 127.0.0.1/34739] INFO  impl.RaftServerProxy (ConfUtils.java:logGet(44)) - raft.rpc.type = GRPC (default)
2020-07-20 01:17:23,663 [Listener at 127.0.0.1/34739] INFO  grpc.GrpcFactory (GrpcFactory.java:checkPooledByteBufAllocatorUseCacheForAllThreads(45)) - PERFORMANCE WARNING: useCacheForAllThreads is true that may cause Netty to create a lot garbage objects and, as a result, trigger GC.
	It is recommended to disable useCacheForAllThreads by setting -Dorg.apache.ratis.thirdparty.io.netty.allocator.useCacheForAllThreads=false in command line.
2020-07-20 01:17:23,664 [Listener at 127.0.0.1/34739] INFO  grpc.GrpcConfigKeys (ConfUtils.java:logGet(44)) - raft.grpc.server.port = 0 (default)
2020-07-20 01:17:23,664 [Listener at 127.0.0.1/34739] INFO  server.GrpcService (ConfUtils.java:logGet(44)) - raft.grpc.message.size.max = 32MB (=33554432) (custom)
2020-07-20 01:17:23,664 [Listener at 127.0.0.1/34739] INFO  server.RaftServerConfigKeys (ConfUtils.java:logGet(44)) - raft.server.log.appender.buffer.byte-limit = 33554432 (custom)
2020-07-20 01:17:23,664 [Listener at 127.0.0.1/34739] INFO  server.GrpcService (ConfUtils.java:logGet(44)) - raft.grpc.flow.control.window = 5MB (=5242880) (custom)
2020-07-20 01:17:23,664 [Listener at 127.0.0.1/34739] INFO  server.RaftServerConfigKeys (ConfUtils.java:logGet(44)) - raft.server.rpc.request.timeout = 3000ms (default)
2020-07-20 01:17:23,665 [Listener at 127.0.0.1/34739] INFO  server.RaftServerConfigKeys (ConfUtils.java:logGet(44)) - raft.server.storage.dir = [/github/workspace/mnt/ozone/hadoop-ozone/integration-test/target/test-dir/MiniOzoneClusterImpl-2e7463a0-386a-4864-a70a-9a5d00050037/datanode-2/data/ratis] (custom)
2020-07-20 01:17:23,669 [Listener at 127.0.0.1/34739] INFO  http.BaseHttpServer (BaseHttpServer.java:newHttpServer2BuilderForOzone(207)) - Starting Web-server for hddsDatanode at: http://0.0.0.0:0
2020-07-20 01:17:23,669 [Listener at 127.0.0.1/34739] INFO  http.BaseHttpServer (BaseHttpServer.java:<init>(106)) - Hadoop Security Enabled: false Ozone Security Enabled: false Ozone HTTP Security Enabled: false 
2020-07-20 01:17:23,670 [Listener at 127.0.0.1/34739] INFO  server.AuthenticationFilter (AuthenticationFilter.java:constructSecretProvider(240)) - Unable to initialize FileSignerSecretProvider, falling back to use random secrets.
2020-07-20 01:17:23,671 [Listener at 127.0.0.1/34739] WARN  http.HttpRequestLog (HttpRequestLog.java:getRequestLog(103)) - Jetty request log can only be enabled using Log4j
2020-07-20 01:17:23,671 [Listener at 127.0.0.1/34739] INFO  http.HttpServer2 (HttpServer2.java:addGlobalFilter(998)) - Added global filter 'safety' (class=org.apache.hadoop.hdds.server.http.HttpServer2$QuotingInputFilter)
2020-07-20 01:17:23,672 [Listener at 127.0.0.1/34739] INFO  http.HttpServer2 (HttpServer2.java:addFilter(974)) - Added filter static_user_filter (class=org.apache.hadoop.http.lib.StaticUserWebFilter$StaticUserFilter) to context hddsDatanode
2020-07-20 01:17:23,672 [Listener at 127.0.0.1/34739] INFO  http.HttpServer2 (HttpServer2.java:addFilter(982)) - Added filter static_user_filter (class=org.apache.hadoop.http.lib.StaticUserWebFilter$StaticUserFilter) to context logs
2020-07-20 01:17:23,672 [Listener at 127.0.0.1/34739] INFO  http.HttpServer2 (HttpServer2.java:addFilter(982)) - Added filter static_user_filter (class=org.apache.hadoop.http.lib.StaticUserWebFilter$StaticUserFilter) to context static
2020-07-20 01:17:23,673 [Listener at 127.0.0.1/34739] INFO  http.HttpServer2 (HttpServer2.java:bindListener(1216)) - Jetty bound to port 46229
2020-07-20 01:17:23,673 [Listener at 127.0.0.1/34739] INFO  server.Server (Server.java:doStart(359)) - jetty-9.4.26.v20200117; built: 2020-01-17T12:35:33.676Z; git: 7b38981d25d14afb4a12ff1f2596756144edf695; jvm 1.8.0_232-b09
2020-07-20 01:17:23,675 [Listener at 127.0.0.1/34739] INFO  server.session (DefaultSessionIdManager.java:doStart(333)) - DefaultSessionIdManager workerName=node0
2020-07-20 01:17:23,675 [Listener at 127.0.0.1/34739] INFO  server.session (DefaultSessionIdManager.java:doStart(338)) - No SessionScavenger set, using defaults
2020-07-20 01:17:23,675 [Listener at 127.0.0.1/34739] INFO  server.session (HouseKeeper.java:startScavenging(140)) - node0 Scavenging every 600000ms
2020-07-20 01:17:23,677 [Listener at 127.0.0.1/34739] INFO  handler.ContextHandler (ContextHandler.java:doStart(825)) - Started o.e.j.s.ServletContextHandler@1f1e6ea5{logs,/logs,file:///github/workspace/mnt/ozone/hadoop-ozone/integration-test/target/log,AVAILABLE}
2020-07-20 01:17:23,678 [Listener at 127.0.0.1/34739] INFO  handler.ContextHandler (ContextHandler.java:doStart(825)) - Started o.e.j.s.ServletContextHandler@52a1e7ba{static,/static,jar:file:/home/user/.m2/repository/org/apache/hadoop/hadoop-hdds-container-service/0.6.0-SNAPSHOT/hadoop-hdds-container-service-0.6.0-SNAPSHOT.jar!/webapps/static,AVAILABLE}
2020-07-20 01:17:23,757 [Listener at 127.0.0.1/34739] INFO  handler.ContextHandler (ContextHandler.java:doStart(825)) - Started o.e.j.w.WebAppContext@cbff720{hddsDatanode,/,file:///tmp/jetty-0_0_0_0-46229-hadoop-hdds-container-service-0_6_0-SNAPSHOT_jar-_-any-1962678636275206369.dir/webapp/,AVAILABLE}{jar:file:/home/user/.m2/repository/org/apache/hadoop/hadoop-hdds-container-service/0.6.0-SNAPSHOT/hadoop-hdds-container-service-0.6.0-SNAPSHOT.jar!/webapps/hddsDatanode}
2020-07-20 01:17:23,758 [Listener at 127.0.0.1/34739] INFO  server.AbstractConnector (AbstractConnector.java:doStart(330)) - Started ServerConnector@8208e69{HTTP/1.1,[http/1.1]}{0.0.0.0:46229}
2020-07-20 01:17:23,758 [Listener at 127.0.0.1/34739] INFO  server.Server (Server.java:doStart(399)) - Started @41374ms
2020-07-20 01:17:23,758 [Listener at 127.0.0.1/34739] WARN  impl.MetricsSystemImpl (MetricsSystemImpl.java:register(276)) - Sink prometheus already exists!
2020-07-20 01:17:23,761 [Listener at 127.0.0.1/34739] INFO  http.BaseHttpServer (BaseHttpServer.java:updateConnectorAddress(327)) - HTTP server of hddsDatanode listening at http://0.0.0.0:46229
2020-07-20 01:17:23,762 [Listener at 127.0.0.1/34739] INFO  impl.MetricsSystemImpl (MetricsSystemImpl.java:init(158)) - HddsDatanode metrics system started (again)
2020-07-20 01:17:23,769 [org.apache.hadoop.util.JvmPauseMonitor$Monitor@77957e17] INFO  util.JvmPauseMonitor (JvmPauseMonitor.java:run(188)) - Starting JVM pause monitor
2020-07-20 01:17:23,771 [Listener at 127.0.0.1/34739] INFO  ozone.HddsDatanodeService (HddsDatanodeService.java:start(214)) - HddsDatanodeService host:9ffb5d2b249d ip:172.17.0.2
2020-07-20 01:17:23,772 [Datanode State Machine Thread - 0] INFO  datanode.InitDatanodeState (InitDatanodeState.java:persistContainerDatanodeDetails(145)) - DatanodeDetails is persisted to /github/workspace/mnt/ozone/hadoop-ozone/integration-test/target/test-dir/MiniOzoneClusterImpl-2e7463a0-386a-4864-a70a-9a5d00050037/datanode-2/meta/datanode.id
2020-07-20 01:17:23,773 [Listener at 127.0.0.1/34739] INFO  volume.HddsVolume (HddsVolume.java:<init>(176)) - Creating Volume: /github/workspace/mnt/ozone/hadoop-ozone/integration-test/target/test-dir/MiniOzoneClusterImpl-2e7463a0-386a-4864-a70a-9a5d00050037/datanode-3/data-0/containers/hdds of storage type : DISK and capacity : 9223372036854775807
2020-07-20 01:17:23,773 [Listener at 127.0.0.1/34739] INFO  volume.MutableVolumeSet (MutableVolumeSet.java:initializeVolumeSet(179)) - Added Volume : /github/workspace/mnt/ozone/hadoop-ozone/integration-test/target/test-dir/MiniOzoneClusterImpl-2e7463a0-386a-4864-a70a-9a5d00050037/datanode-3/data-0/containers/hdds to VolumeSet
2020-07-20 01:17:23,773 [Listener at 127.0.0.1/34739] INFO  volume.ThrottledAsyncChecker (ThrottledAsyncChecker.java:schedule(141)) - Scheduling a check for /github/workspace/mnt/ozone/hadoop-ozone/integration-test/target/test-dir/MiniOzoneClusterImpl-2e7463a0-386a-4864-a70a-9a5d00050037/datanode-3/data-0/containers/hdds
2020-07-20 01:17:23,774 [Listener at 127.0.0.1/34739] INFO  volume.HddsVolumeChecker (HddsVolumeChecker.java:checkAllVolumes(200)) - Scheduled health check for volume /github/workspace/mnt/ozone/hadoop-ozone/integration-test/target/test-dir/MiniOzoneClusterImpl-2e7463a0-386a-4864-a70a-9a5d00050037/datanode-3/data-0/containers/hdds
2020-07-20 01:17:23,790 [Listener at 127.0.0.1/34739] INFO  impl.RaftServerProxy (ConfUtils.java:logGet(44)) - raft.rpc.type = GRPC (default)
2020-07-20 01:17:23,790 [Listener at 127.0.0.1/34739] INFO  grpc.GrpcFactory (GrpcFactory.java:checkPooledByteBufAllocatorUseCacheForAllThreads(45)) - PERFORMANCE WARNING: useCacheForAllThreads is true that may cause Netty to create a lot garbage objects and, as a result, trigger GC.
	It is recommended to disable useCacheForAllThreads by setting -Dorg.apache.ratis.thirdparty.io.netty.allocator.useCacheForAllThreads=false in command line.
2020-07-20 01:17:23,790 [Listener at 127.0.0.1/34739] INFO  grpc.GrpcConfigKeys (ConfUtils.java:logGet(44)) - raft.grpc.server.port = 0 (default)
2020-07-20 01:17:23,790 [Listener at 127.0.0.1/34739] INFO  server.GrpcService (ConfUtils.java:logGet(44)) - raft.grpc.message.size.max = 32MB (=33554432) (custom)
2020-07-20 01:17:23,790 [Listener at 127.0.0.1/34739] INFO  server.RaftServerConfigKeys (ConfUtils.java:logGet(44)) - raft.server.log.appender.buffer.byte-limit = 33554432 (custom)
2020-07-20 01:17:23,790 [Listener at 127.0.0.1/34739] INFO  server.GrpcService (ConfUtils.java:logGet(44)) - raft.grpc.flow.control.window = 5MB (=5242880) (custom)
2020-07-20 01:17:23,790 [Listener at 127.0.0.1/34739] INFO  server.RaftServerConfigKeys (ConfUtils.java:logGet(44)) - raft.server.rpc.request.timeout = 3000ms (default)
2020-07-20 01:17:23,791 [Listener at 127.0.0.1/34739] INFO  server.RaftServerConfigKeys (ConfUtils.java:logGet(44)) - raft.server.storage.dir = [/github/workspace/mnt/ozone/hadoop-ozone/integration-test/target/test-dir/MiniOzoneClusterImpl-2e7463a0-386a-4864-a70a-9a5d00050037/datanode-3/data/ratis] (custom)
2020-07-20 01:17:23,796 [Listener at 127.0.0.1/34739] INFO  http.BaseHttpServer (BaseHttpServer.java:newHttpServer2BuilderForOzone(207)) - Starting Web-server for hddsDatanode at: http://0.0.0.0:0
2020-07-20 01:17:23,796 [Listener at 127.0.0.1/34739] INFO  http.BaseHttpServer (BaseHttpServer.java:<init>(106)) - Hadoop Security Enabled: false Ozone Security Enabled: false Ozone HTTP Security Enabled: false 
2020-07-20 01:17:23,797 [Listener at 127.0.0.1/34739] INFO  server.AuthenticationFilter (AuthenticationFilter.java:constructSecretProvider(240)) - Unable to initialize FileSignerSecretProvider, falling back to use random secrets.
2020-07-20 01:17:23,798 [Listener at 127.0.0.1/34739] WARN  http.HttpRequestLog (HttpRequestLog.java:getRequestLog(103)) - Jetty request log can only be enabled using Log4j
2020-07-20 01:17:23,798 [Listener at 127.0.0.1/34739] INFO  http.HttpServer2 (HttpServer2.java:addGlobalFilter(998)) - Added global filter 'safety' (class=org.apache.hadoop.hdds.server.http.HttpServer2$QuotingInputFilter)
2020-07-20 01:17:23,799 [Listener at 127.0.0.1/34739] INFO  http.HttpServer2 (HttpServer2.java:addFilter(974)) - Added filter static_user_filter (class=org.apache.hadoop.http.lib.StaticUserWebFilter$StaticUserFilter) to context hddsDatanode
2020-07-20 01:17:23,799 [Listener at 127.0.0.1/34739] INFO  http.HttpServer2 (HttpServer2.java:addFilter(982)) - Added filter static_user_filter (class=org.apache.hadoop.http.lib.StaticUserWebFilter$StaticUserFilter) to context static
2020-07-20 01:17:23,799 [Listener at 127.0.0.1/34739] INFO  http.HttpServer2 (HttpServer2.java:addFilter(982)) - Added filter static_user_filter (class=org.apache.hadoop.http.lib.StaticUserWebFilter$StaticUserFilter) to context logs
2020-07-20 01:17:23,800 [Listener at 127.0.0.1/34739] INFO  http.HttpServer2 (HttpServer2.java:bindListener(1216)) - Jetty bound to port 34641
2020-07-20 01:17:23,800 [Listener at 127.0.0.1/34739] INFO  server.Server (Server.java:doStart(359)) - jetty-9.4.26.v20200117; built: 2020-01-17T12:35:33.676Z; git: 7b38981d25d14afb4a12ff1f2596756144edf695; jvm 1.8.0_232-b09
2020-07-20 01:17:23,802 [Listener at 127.0.0.1/34739] INFO  server.session (DefaultSessionIdManager.java:doStart(333)) - DefaultSessionIdManager workerName=node0
2020-07-20 01:17:23,802 [Listener at 127.0.0.1/34739] INFO  server.session (DefaultSessionIdManager.java:doStart(338)) - No SessionScavenger set, using defaults
2020-07-20 01:17:23,802 [Listener at 127.0.0.1/34739] INFO  server.session (HouseKeeper.java:startScavenging(140)) - node0 Scavenging every 660000ms
2020-07-20 01:17:23,803 [Listener at 127.0.0.1/34739] INFO  handler.ContextHandler (ContextHandler.java:doStart(825)) - Started o.e.j.s.ServletContextHandler@1c7bbef5{logs,/logs,file:///github/workspace/mnt/ozone/hadoop-ozone/integration-test/target/log,AVAILABLE}
2020-07-20 01:17:23,803 [Listener at 127.0.0.1/34739] INFO  handler.ContextHandler (ContextHandler.java:doStart(825)) - Started o.e.j.s.ServletContextHandler@6deaba37{static,/static,jar:file:/home/user/.m2/repository/org/apache/hadoop/hadoop-hdds-container-service/0.6.0-SNAPSHOT/hadoop-hdds-container-service-0.6.0-SNAPSHOT.jar!/webapps/static,AVAILABLE}
2020-07-20 01:17:23,880 [Listener at 127.0.0.1/34739] INFO  handler.ContextHandler (ContextHandler.java:doStart(825)) - Started o.e.j.w.WebAppContext@781675f{hddsDatanode,/,file:///tmp/jetty-0_0_0_0-34641-hadoop-hdds-container-service-0_6_0-SNAPSHOT_jar-_-any-4909313105413894073.dir/webapp/,AVAILABLE}{jar:file:/home/user/.m2/repository/org/apache/hadoop/hadoop-hdds-container-service/0.6.0-SNAPSHOT/hadoop-hdds-container-service-0.6.0-SNAPSHOT.jar!/webapps/hddsDatanode}
2020-07-20 01:17:23,881 [Listener at 127.0.0.1/34739] INFO  server.AbstractConnector (AbstractConnector.java:doStart(330)) - Started ServerConnector@7733b023{HTTP/1.1,[http/1.1]}{0.0.0.0:34641}
2020-07-20 01:17:23,882 [Listener at 127.0.0.1/34739] INFO  server.Server (Server.java:doStart(399)) - Started @41497ms
2020-07-20 01:17:23,882 [Listener at 127.0.0.1/34739] WARN  impl.MetricsSystemImpl (MetricsSystemImpl.java:register(276)) - Sink prometheus already exists!
2020-07-20 01:17:23,885 [Listener at 127.0.0.1/34739] INFO  http.BaseHttpServer (BaseHttpServer.java:updateConnectorAddress(327)) - HTTP server of hddsDatanode listening at http://0.0.0.0:34641
2020-07-20 01:17:23,890 [Listener at 127.0.0.1/34739] INFO  impl.MetricsSystemImpl (MetricsSystemImpl.java:init(158)) - HddsDatanode metrics system started (again)
2020-07-20 01:17:23,892 [Listener at 127.0.0.1/34739] INFO  ozone.HddsDatanodeService (HddsDatanodeService.java:start(214)) - HddsDatanodeService host:9ffb5d2b249d ip:172.17.0.2
2020-07-20 01:17:23,894 [Listener at 127.0.0.1/34739] INFO  volume.HddsVolume (HddsVolume.java:<init>(176)) - Creating Volume: /github/workspace/mnt/ozone/hadoop-ozone/integration-test/target/test-dir/MiniOzoneClusterImpl-2e7463a0-386a-4864-a70a-9a5d00050037/datanode-4/data-0/containers/hdds of storage type : DISK and capacity : 9223372036854775807
2020-07-20 01:17:23,894 [Listener at 127.0.0.1/34739] INFO  volume.MutableVolumeSet (MutableVolumeSet.java:initializeVolumeSet(179)) - Added Volume : /github/workspace/mnt/ozone/hadoop-ozone/integration-test/target/test-dir/MiniOzoneClusterImpl-2e7463a0-386a-4864-a70a-9a5d00050037/datanode-4/data-0/containers/hdds to VolumeSet
2020-07-20 01:17:23,894 [Listener at 127.0.0.1/34739] INFO  volume.ThrottledAsyncChecker (ThrottledAsyncChecker.java:schedule(141)) - Scheduling a check for /github/workspace/mnt/ozone/hadoop-ozone/integration-test/target/test-dir/MiniOzoneClusterImpl-2e7463a0-386a-4864-a70a-9a5d00050037/datanode-4/data-0/containers/hdds
2020-07-20 01:17:23,895 [Listener at 127.0.0.1/34739] INFO  volume.HddsVolumeChecker (HddsVolumeChecker.java:checkAllVolumes(200)) - Scheduled health check for volume /github/workspace/mnt/ozone/hadoop-ozone/integration-test/target/test-dir/MiniOzoneClusterImpl-2e7463a0-386a-4864-a70a-9a5d00050037/datanode-4/data-0/containers/hdds
2020-07-20 01:17:23,905 [org.apache.hadoop.util.JvmPauseMonitor$Monitor@870191f] INFO  util.JvmPauseMonitor (JvmPauseMonitor.java:run(188)) - Starting JVM pause monitor
2020-07-20 01:17:23,909 [Datanode State Machine Thread - 0] INFO  datanode.InitDatanodeState (InitDatanodeState.java:persistContainerDatanodeDetails(145)) - DatanodeDetails is persisted to /github/workspace/mnt/ozone/hadoop-ozone/integration-test/target/test-dir/MiniOzoneClusterImpl-2e7463a0-386a-4864-a70a-9a5d00050037/datanode-3/meta/datanode.id
2020-07-20 01:17:23,913 [Listener at 127.0.0.1/34739] INFO  impl.RaftServerProxy (ConfUtils.java:logGet(44)) - raft.rpc.type = GRPC (default)
2020-07-20 01:17:23,913 [Listener at 127.0.0.1/34739] INFO  grpc.GrpcFactory (GrpcFactory.java:checkPooledByteBufAllocatorUseCacheForAllThreads(45)) - PERFORMANCE WARNING: useCacheForAllThreads is true that may cause Netty to create a lot garbage objects and, as a result, trigger GC.
	It is recommended to disable useCacheForAllThreads by setting -Dorg.apache.ratis.thirdparty.io.netty.allocator.useCacheForAllThreads=false in command line.
2020-07-20 01:17:23,913 [Listener at 127.0.0.1/34739] INFO  grpc.GrpcConfigKeys (ConfUtils.java:logGet(44)) - raft.grpc.server.port = 0 (default)
2020-07-20 01:17:23,913 [Listener at 127.0.0.1/34739] INFO  server.GrpcService (ConfUtils.java:logGet(44)) - raft.grpc.message.size.max = 32MB (=33554432) (custom)
2020-07-20 01:17:23,913 [Listener at 127.0.0.1/34739] INFO  server.RaftServerConfigKeys (ConfUtils.java:logGet(44)) - raft.server.log.appender.buffer.byte-limit = 33554432 (custom)
2020-07-20 01:17:23,913 [Listener at 127.0.0.1/34739] INFO  server.GrpcService (ConfUtils.java:logGet(44)) - raft.grpc.flow.control.window = 5MB (=5242880) (custom)
2020-07-20 01:17:23,914 [Listener at 127.0.0.1/34739] INFO  server.RaftServerConfigKeys (ConfUtils.java:logGet(44)) - raft.server.rpc.request.timeout = 3000ms (default)
2020-07-20 01:17:23,915 [Listener at 127.0.0.1/34739] INFO  server.RaftServerConfigKeys (ConfUtils.java:logGet(44)) - raft.server.storage.dir = [/github/workspace/mnt/ozone/hadoop-ozone/integration-test/target/test-dir/MiniOzoneClusterImpl-2e7463a0-386a-4864-a70a-9a5d00050037/datanode-4/data/ratis] (custom)
2020-07-20 01:17:23,931 [Listener at 127.0.0.1/34739] INFO  http.BaseHttpServer (BaseHttpServer.java:newHttpServer2BuilderForOzone(207)) - Starting Web-server for hddsDatanode at: http://0.0.0.0:0
2020-07-20 01:17:23,931 [Listener at 127.0.0.1/34739] INFO  http.BaseHttpServer (BaseHttpServer.java:<init>(106)) - Hadoop Security Enabled: false Ozone Security Enabled: false Ozone HTTP Security Enabled: false 
2020-07-20 01:17:23,932 [Listener at 127.0.0.1/34739] INFO  server.AuthenticationFilter (AuthenticationFilter.java:constructSecretProvider(240)) - Unable to initialize FileSignerSecretProvider, falling back to use random secrets.
2020-07-20 01:17:23,933 [Listener at 127.0.0.1/34739] WARN  http.HttpRequestLog (HttpRequestLog.java:getRequestLog(103)) - Jetty request log can only be enabled using Log4j
2020-07-20 01:17:23,934 [Listener at 127.0.0.1/34739] INFO  http.HttpServer2 (HttpServer2.java:addGlobalFilter(998)) - Added global filter 'safety' (class=org.apache.hadoop.hdds.server.http.HttpServer2$QuotingInputFilter)
2020-07-20 01:17:23,934 [Listener at 127.0.0.1/34739] INFO  http.HttpServer2 (HttpServer2.java:addFilter(974)) - Added filter static_user_filter (class=org.apache.hadoop.http.lib.StaticUserWebFilter$StaticUserFilter) to context hddsDatanode
2020-07-20 01:17:23,935 [Listener at 127.0.0.1/34739] INFO  http.HttpServer2 (HttpServer2.java:addFilter(982)) - Added filter static_user_filter (class=org.apache.hadoop.http.lib.StaticUserWebFilter$StaticUserFilter) to context static
2020-07-20 01:17:23,935 [Listener at 127.0.0.1/34739] INFO  http.HttpServer2 (HttpServer2.java:addFilter(982)) - Added filter static_user_filter (class=org.apache.hadoop.http.lib.StaticUserWebFilter$StaticUserFilter) to context logs
2020-07-20 01:17:23,935 [Listener at 127.0.0.1/34739] INFO  http.HttpServer2 (HttpServer2.java:bindListener(1216)) - Jetty bound to port 41991
2020-07-20 01:17:23,936 [Listener at 127.0.0.1/34739] INFO  server.Server (Server.java:doStart(359)) - jetty-9.4.26.v20200117; built: 2020-01-17T12:35:33.676Z; git: 7b38981d25d14afb4a12ff1f2596756144edf695; jvm 1.8.0_232-b09
2020-07-20 01:17:23,937 [Listener at 127.0.0.1/34739] INFO  server.session (DefaultSessionIdManager.java:doStart(333)) - DefaultSessionIdManager workerName=node0
2020-07-20 01:17:23,937 [Listener at 127.0.0.1/34739] INFO  server.session (DefaultSessionIdManager.java:doStart(338)) - No SessionScavenger set, using defaults
2020-07-20 01:17:23,938 [Listener at 127.0.0.1/34739] INFO  server.session (HouseKeeper.java:startScavenging(140)) - node0 Scavenging every 660000ms
2020-07-20 01:17:23,939 [Listener at 127.0.0.1/34739] INFO  handler.ContextHandler (ContextHandler.java:doStart(825)) - Started o.e.j.s.ServletContextHandler@23478766{logs,/logs,file:///github/workspace/mnt/ozone/hadoop-ozone/integration-test/target/log,AVAILABLE}
2020-07-20 01:17:23,939 [Listener at 127.0.0.1/34739] INFO  handler.ContextHandler (ContextHandler.java:doStart(825)) - Started o.e.j.s.ServletContextHandler@26901230{static,/static,jar:file:/home/user/.m2/repository/org/apache/hadoop/hadoop-hdds-container-service/0.6.0-SNAPSHOT/hadoop-hdds-container-service-0.6.0-SNAPSHOT.jar!/webapps/static,AVAILABLE}
2020-07-20 01:17:24,020 [Listener at 127.0.0.1/34739] INFO  handler.ContextHandler (ContextHandler.java:doStart(825)) - Started o.e.j.w.WebAppContext@1eeae352{hddsDatanode,/,file:///tmp/jetty-0_0_0_0-41991-hadoop-hdds-container-service-0_6_0-SNAPSHOT_jar-_-any-1339318477354176212.dir/webapp/,AVAILABLE}{jar:file:/home/user/.m2/repository/org/apache/hadoop/hadoop-hdds-container-service/0.6.0-SNAPSHOT/hadoop-hdds-container-service-0.6.0-SNAPSHOT.jar!/webapps/hddsDatanode}
2020-07-20 01:17:24,022 [Listener at 127.0.0.1/34739] INFO  server.AbstractConnector (AbstractConnector.java:doStart(330)) - Started ServerConnector@365867c7{HTTP/1.1,[http/1.1]}{0.0.0.0:41991}
2020-07-20 01:17:24,022 [Listener at 127.0.0.1/34739] INFO  server.Server (Server.java:doStart(399)) - Started @41637ms
2020-07-20 01:17:24,022 [Listener at 127.0.0.1/34739] WARN  impl.MetricsSystemImpl (MetricsSystemImpl.java:register(276)) - Sink prometheus already exists!
2020-07-20 01:17:24,026 [Listener at 127.0.0.1/34739] INFO  http.BaseHttpServer (BaseHttpServer.java:updateConnectorAddress(327)) - HTTP server of hddsDatanode listening at http://0.0.0.0:41991
2020-07-20 01:17:24,030 [Listener at 127.0.0.1/34739] INFO  impl.MetricsSystemImpl (MetricsSystemImpl.java:init(158)) - HddsDatanode metrics system started (again)
2020-07-20 01:17:24,030 [org.apache.hadoop.util.JvmPauseMonitor$Monitor@73956ffe] INFO  util.JvmPauseMonitor (JvmPauseMonitor.java:run(188)) - Starting JVM pause monitor
2020-07-20 01:17:24,033 [Listener at 127.0.0.1/34739] INFO  ozone.HddsDatanodeService (HddsDatanodeService.java:start(214)) - HddsDatanodeService host:9ffb5d2b249d ip:172.17.0.2
2020-07-20 01:17:24,034 [Listener at 127.0.0.1/34739] INFO  volume.HddsVolume (HddsVolume.java:<init>(176)) - Creating Volume: /github/workspace/mnt/ozone/hadoop-ozone/integration-test/target/test-dir/MiniOzoneClusterImpl-2e7463a0-386a-4864-a70a-9a5d00050037/datanode-5/data-0/containers/hdds of storage type : DISK and capacity : 9223372036854775807
2020-07-20 01:17:24,034 [Listener at 127.0.0.1/34739] INFO  volume.MutableVolumeSet (MutableVolumeSet.java:initializeVolumeSet(179)) - Added Volume : /github/workspace/mnt/ozone/hadoop-ozone/integration-test/target/test-dir/MiniOzoneClusterImpl-2e7463a0-386a-4864-a70a-9a5d00050037/datanode-5/data-0/containers/hdds to VolumeSet
2020-07-20 01:17:24,034 [Listener at 127.0.0.1/34739] INFO  volume.ThrottledAsyncChecker (ThrottledAsyncChecker.java:schedule(141)) - Scheduling a check for /github/workspace/mnt/ozone/hadoop-ozone/integration-test/target/test-dir/MiniOzoneClusterImpl-2e7463a0-386a-4864-a70a-9a5d00050037/datanode-5/data-0/containers/hdds
2020-07-20 01:17:24,034 [Datanode State Machine Thread - 0] INFO  datanode.InitDatanodeState (InitDatanodeState.java:persistContainerDatanodeDetails(145)) - DatanodeDetails is persisted to /github/workspace/mnt/ozone/hadoop-ozone/integration-test/target/test-dir/MiniOzoneClusterImpl-2e7463a0-386a-4864-a70a-9a5d00050037/datanode-4/meta/datanode.id
2020-07-20 01:17:24,035 [Listener at 127.0.0.1/34739] INFO  volume.HddsVolumeChecker (HddsVolumeChecker.java:checkAllVolumes(200)) - Scheduled health check for volume /github/workspace/mnt/ozone/hadoop-ozone/integration-test/target/test-dir/MiniOzoneClusterImpl-2e7463a0-386a-4864-a70a-9a5d00050037/datanode-5/data-0/containers/hdds
2020-07-20 01:17:24,059 [Listener at 127.0.0.1/34739] INFO  impl.RaftServerProxy (ConfUtils.java:logGet(44)) - raft.rpc.type = GRPC (default)
2020-07-20 01:17:24,059 [Listener at 127.0.0.1/34739] INFO  grpc.GrpcFactory (GrpcFactory.java:checkPooledByteBufAllocatorUseCacheForAllThreads(45)) - PERFORMANCE WARNING: useCacheForAllThreads is true that may cause Netty to create a lot garbage objects and, as a result, trigger GC.
	It is recommended to disable useCacheForAllThreads by setting -Dorg.apache.ratis.thirdparty.io.netty.allocator.useCacheForAllThreads=false in command line.
2020-07-20 01:17:24,059 [Listener at 127.0.0.1/34739] INFO  grpc.GrpcConfigKeys (ConfUtils.java:logGet(44)) - raft.grpc.server.port = 0 (default)
2020-07-20 01:17:24,060 [Listener at 127.0.0.1/34739] INFO  server.GrpcService (ConfUtils.java:logGet(44)) - raft.grpc.message.size.max = 32MB (=33554432) (custom)
2020-07-20 01:17:24,060 [Listener at 127.0.0.1/34739] INFO  server.RaftServerConfigKeys (ConfUtils.java:logGet(44)) - raft.server.log.appender.buffer.byte-limit = 33554432 (custom)
2020-07-20 01:17:24,060 [Listener at 127.0.0.1/34739] INFO  server.GrpcService (ConfUtils.java:logGet(44)) - raft.grpc.flow.control.window = 5MB (=5242880) (custom)
2020-07-20 01:17:24,060 [Listener at 127.0.0.1/34739] INFO  server.RaftServerConfigKeys (ConfUtils.java:logGet(44)) - raft.server.rpc.request.timeout = 3000ms (default)
2020-07-20 01:17:24,061 [Listener at 127.0.0.1/34739] INFO  server.RaftServerConfigKeys (ConfUtils.java:logGet(44)) - raft.server.storage.dir = [/github/workspace/mnt/ozone/hadoop-ozone/integration-test/target/test-dir/MiniOzoneClusterImpl-2e7463a0-386a-4864-a70a-9a5d00050037/datanode-5/data/ratis] (custom)
2020-07-20 01:17:24,066 [Listener at 127.0.0.1/34739] INFO  http.BaseHttpServer (BaseHttpServer.java:newHttpServer2BuilderForOzone(207)) - Starting Web-server for hddsDatanode at: http://0.0.0.0:0
2020-07-20 01:17:24,066 [Listener at 127.0.0.1/34739] INFO  http.BaseHttpServer (BaseHttpServer.java:<init>(106)) - Hadoop Security Enabled: false Ozone Security Enabled: false Ozone HTTP Security Enabled: false 
2020-07-20 01:17:24,067 [Listener at 127.0.0.1/34739] INFO  server.AuthenticationFilter (AuthenticationFilter.java:constructSecretProvider(240)) - Unable to initialize FileSignerSecretProvider, falling back to use random secrets.
2020-07-20 01:17:24,067 [Listener at 127.0.0.1/34739] WARN  http.HttpRequestLog (HttpRequestLog.java:getRequestLog(103)) - Jetty request log can only be enabled using Log4j
2020-07-20 01:17:24,068 [Listener at 127.0.0.1/34739] INFO  http.HttpServer2 (HttpServer2.java:addGlobalFilter(998)) - Added global filter 'safety' (class=org.apache.hadoop.hdds.server.http.HttpServer2$QuotingInputFilter)
2020-07-20 01:17:24,069 [Listener at 127.0.0.1/34739] INFO  http.HttpServer2 (HttpServer2.java:addFilter(974)) - Added filter static_user_filter (class=org.apache.hadoop.http.lib.StaticUserWebFilter$StaticUserFilter) to context hddsDatanode
2020-07-20 01:17:24,069 [Listener at 127.0.0.1/34739] INFO  http.HttpServer2 (HttpServer2.java:addFilter(982)) - Added filter static_user_filter (class=org.apache.hadoop.http.lib.StaticUserWebFilter$StaticUserFilter) to context logs
2020-07-20 01:17:24,069 [Listener at 127.0.0.1/34739] INFO  http.HttpServer2 (HttpServer2.java:addFilter(982)) - Added filter static_user_filter (class=org.apache.hadoop.http.lib.StaticUserWebFilter$StaticUserFilter) to context static
2020-07-20 01:17:24,071 [Listener at 127.0.0.1/34739] INFO  http.HttpServer2 (HttpServer2.java:bindListener(1216)) - Jetty bound to port 35487
2020-07-20 01:17:24,072 [Listener at 127.0.0.1/34739] INFO  server.Server (Server.java:doStart(359)) - jetty-9.4.26.v20200117; built: 2020-01-17T12:35:33.676Z; git: 7b38981d25d14afb4a12ff1f2596756144edf695; jvm 1.8.0_232-b09
2020-07-20 01:17:24,078 [Listener at 127.0.0.1/34739] INFO  server.session (DefaultSessionIdManager.java:doStart(333)) - DefaultSessionIdManager workerName=node0
2020-07-20 01:17:24,078 [Listener at 127.0.0.1/34739] INFO  server.session (DefaultSessionIdManager.java:doStart(338)) - No SessionScavenger set, using defaults
2020-07-20 01:17:24,078 [Listener at 127.0.0.1/34739] INFO  server.session (HouseKeeper.java:startScavenging(140)) - node0 Scavenging every 660000ms
2020-07-20 01:17:24,079 [Listener at 127.0.0.1/34739] INFO  handler.ContextHandler (ContextHandler.java:doStart(825)) - Started o.e.j.s.ServletContextHandler@1fc2e8b5{logs,/logs,file:///github/workspace/mnt/ozone/hadoop-ozone/integration-test/target/log,AVAILABLE}
2020-07-20 01:17:24,080 [Listener at 127.0.0.1/34739] INFO  handler.ContextHandler (ContextHandler.java:doStart(825)) - Started o.e.j.s.ServletContextHandler@2089e847{static,/static,jar:file:/home/user/.m2/repository/org/apache/hadoop/hadoop-hdds-container-service/0.6.0-SNAPSHOT/hadoop-hdds-container-service-0.6.0-SNAPSHOT.jar!/webapps/static,AVAILABLE}
2020-07-20 01:17:24,164 [Listener at 127.0.0.1/34739] INFO  handler.ContextHandler (ContextHandler.java:doStart(825)) - Started o.e.j.w.WebAppContext@324a2e5e{hddsDatanode,/,file:///tmp/jetty-0_0_0_0-35487-hadoop-hdds-container-service-0_6_0-SNAPSHOT_jar-_-any-8010659307071969694.dir/webapp/,AVAILABLE}{jar:file:/home/user/.m2/repository/org/apache/hadoop/hadoop-hdds-container-service/0.6.0-SNAPSHOT/hadoop-hdds-container-service-0.6.0-SNAPSHOT.jar!/webapps/hddsDatanode}
2020-07-20 01:17:24,166 [Listener at 127.0.0.1/34739] INFO  server.AbstractConnector (AbstractConnector.java:doStart(330)) - Started ServerConnector@1cf30ad8{HTTP/1.1,[http/1.1]}{0.0.0.0:35487}
2020-07-20 01:17:24,166 [Listener at 127.0.0.1/34739] INFO  server.Server (Server.java:doStart(399)) - Started @41781ms
2020-07-20 01:17:24,166 [Listener at 127.0.0.1/34739] WARN  impl.MetricsSystemImpl (MetricsSystemImpl.java:register(276)) - Sink prometheus already exists!
2020-07-20 01:17:24,170 [Listener at 127.0.0.1/34739] INFO  http.BaseHttpServer (BaseHttpServer.java:updateConnectorAddress(327)) - HTTP server of hddsDatanode listening at http://0.0.0.0:35487
2020-07-20 01:17:24,171 [Listener at 127.0.0.1/34739] INFO  impl.MetricsSystemImpl (MetricsSystemImpl.java:init(158)) - HddsDatanode metrics system started (again)
2020-07-20 01:17:24,173 [Listener at 127.0.0.1/34739] INFO  ozone.HddsDatanodeService (HddsDatanodeService.java:start(214)) - HddsDatanodeService host:9ffb5d2b249d ip:172.17.0.2
2020-07-20 01:17:24,175 [Listener at 127.0.0.1/34739] INFO  volume.HddsVolume (HddsVolume.java:<init>(176)) - Creating Volume: /github/workspace/mnt/ozone/hadoop-ozone/integration-test/target/test-dir/MiniOzoneClusterImpl-2e7463a0-386a-4864-a70a-9a5d00050037/datanode-6/data-0/containers/hdds of storage type : DISK and capacity : 9223372036854775807
2020-07-20 01:17:24,175 [Listener at 127.0.0.1/34739] INFO  volume.MutableVolumeSet (MutableVolumeSet.java:initializeVolumeSet(179)) - Added Volume : /github/workspace/mnt/ozone/hadoop-ozone/integration-test/target/test-dir/MiniOzoneClusterImpl-2e7463a0-386a-4864-a70a-9a5d00050037/datanode-6/data-0/containers/hdds to VolumeSet
2020-07-20 01:17:24,175 [Listener at 127.0.0.1/34739] INFO  volume.ThrottledAsyncChecker (ThrottledAsyncChecker.java:schedule(141)) - Scheduling a check for /github/workspace/mnt/ozone/hadoop-ozone/integration-test/target/test-dir/MiniOzoneClusterImpl-2e7463a0-386a-4864-a70a-9a5d00050037/datanode-6/data-0/containers/hdds
2020-07-20 01:17:24,177 [Listener at 127.0.0.1/34739] INFO  volume.HddsVolumeChecker (HddsVolumeChecker.java:checkAllVolumes(200)) - Scheduled health check for volume /github/workspace/mnt/ozone/hadoop-ozone/integration-test/target/test-dir/MiniOzoneClusterImpl-2e7463a0-386a-4864-a70a-9a5d00050037/datanode-6/data-0/containers/hdds
2020-07-20 01:17:24,217 [org.apache.hadoop.util.JvmPauseMonitor$Monitor@7f356f29] INFO  util.JvmPauseMonitor (JvmPauseMonitor.java:run(188)) - Starting JVM pause monitor
2020-07-20 01:17:24,219 [Datanode State Machine Thread - 0] INFO  datanode.InitDatanodeState (InitDatanodeState.java:persistContainerDatanodeDetails(145)) - DatanodeDetails is persisted to /github/workspace/mnt/ozone/hadoop-ozone/integration-test/target/test-dir/MiniOzoneClusterImpl-2e7463a0-386a-4864-a70a-9a5d00050037/datanode-5/meta/datanode.id
2020-07-20 01:17:24,225 [Listener at 127.0.0.1/34739] INFO  impl.RaftServerProxy (ConfUtils.java:logGet(44)) - raft.rpc.type = GRPC (default)
2020-07-20 01:17:24,225 [Listener at 127.0.0.1/34739] INFO  grpc.GrpcFactory (GrpcFactory.java:checkPooledByteBufAllocatorUseCacheForAllThreads(45)) - PERFORMANCE WARNING: useCacheForAllThreads is true that may cause Netty to create a lot garbage objects and, as a result, trigger GC.
	It is recommended to disable useCacheForAllThreads by setting -Dorg.apache.ratis.thirdparty.io.netty.allocator.useCacheForAllThreads=false in command line.
2020-07-20 01:17:24,225 [Listener at 127.0.0.1/34739] INFO  grpc.GrpcConfigKeys (ConfUtils.java:logGet(44)) - raft.grpc.server.port = 0 (default)
2020-07-20 01:17:24,226 [Listener at 127.0.0.1/34739] INFO  server.GrpcService (ConfUtils.java:logGet(44)) - raft.grpc.message.size.max = 32MB (=33554432) (custom)
2020-07-20 01:17:24,226 [Listener at 127.0.0.1/34739] INFO  server.RaftServerConfigKeys (ConfUtils.java:logGet(44)) - raft.server.log.appender.buffer.byte-limit = 33554432 (custom)
2020-07-20 01:17:24,226 [Listener at 127.0.0.1/34739] INFO  server.GrpcService (ConfUtils.java:logGet(44)) - raft.grpc.flow.control.window = 5MB (=5242880) (custom)
2020-07-20 01:17:24,226 [Listener at 127.0.0.1/34739] INFO  server.RaftServerConfigKeys (ConfUtils.java:logGet(44)) - raft.server.rpc.request.timeout = 3000ms (default)
2020-07-20 01:17:24,227 [Listener at 127.0.0.1/34739] INFO  server.RaftServerConfigKeys (ConfUtils.java:logGet(44)) - raft.server.storage.dir = [/github/workspace/mnt/ozone/hadoop-ozone/integration-test/target/test-dir/MiniOzoneClusterImpl-2e7463a0-386a-4864-a70a-9a5d00050037/datanode-6/data/ratis] (custom)
2020-07-20 01:17:24,232 [Listener at 127.0.0.1/34739] INFO  http.BaseHttpServer (BaseHttpServer.java:newHttpServer2BuilderForOzone(207)) - Starting Web-server for hddsDatanode at: http://0.0.0.0:0
2020-07-20 01:17:24,232 [Listener at 127.0.0.1/34739] INFO  http.BaseHttpServer (BaseHttpServer.java:<init>(106)) - Hadoop Security Enabled: false Ozone Security Enabled: false Ozone HTTP Security Enabled: false 
2020-07-20 01:17:24,234 [Listener at 127.0.0.1/34739] INFO  server.AuthenticationFilter (AuthenticationFilter.java:constructSecretProvider(240)) - Unable to initialize FileSignerSecretProvider, falling back to use random secrets.
2020-07-20 01:17:24,234 [Listener at 127.0.0.1/34739] WARN  http.HttpRequestLog (HttpRequestLog.java:getRequestLog(103)) - Jetty request log can only be enabled using Log4j
2020-07-20 01:17:24,235 [Listener at 127.0.0.1/34739] INFO  http.HttpServer2 (HttpServer2.java:addGlobalFilter(998)) - Added global filter 'safety' (class=org.apache.hadoop.hdds.server.http.HttpServer2$QuotingInputFilter)
2020-07-20 01:17:24,236 [Listener at 127.0.0.1/34739] INFO  http.HttpServer2 (HttpServer2.java:addFilter(974)) - Added filter static_user_filter (class=org.apache.hadoop.http.lib.StaticUserWebFilter$StaticUserFilter) to context hddsDatanode
2020-07-20 01:17:24,236 [Listener at 127.0.0.1/34739] INFO  http.HttpServer2 (HttpServer2.java:addFilter(982)) - Added filter static_user_filter (class=org.apache.hadoop.http.lib.StaticUserWebFilter$StaticUserFilter) to context static
2020-07-20 01:17:24,236 [Listener at 127.0.0.1/34739] INFO  http.HttpServer2 (HttpServer2.java:addFilter(982)) - Added filter static_user_filter (class=org.apache.hadoop.http.lib.StaticUserWebFilter$StaticUserFilter) to context logs
2020-07-20 01:17:24,236 [Listener at 127.0.0.1/34739] INFO  http.HttpServer2 (HttpServer2.java:bindListener(1216)) - Jetty bound to port 38427
2020-07-20 01:17:24,236 [Listener at 127.0.0.1/34739] INFO  server.Server (Server.java:doStart(359)) - jetty-9.4.26.v20200117; built: 2020-01-17T12:35:33.676Z; git: 7b38981d25d14afb4a12ff1f2596756144edf695; jvm 1.8.0_232-b09
2020-07-20 01:17:24,239 [Listener at 127.0.0.1/34739] INFO  server.session (DefaultSessionIdManager.java:doStart(333)) - DefaultSessionIdManager workerName=node0
2020-07-20 01:17:24,239 [Listener at 127.0.0.1/34739] INFO  server.session (DefaultSessionIdManager.java:doStart(338)) - No SessionScavenger set, using defaults
2020-07-20 01:17:24,239 [Listener at 127.0.0.1/34739] INFO  server.session (HouseKeeper.java:startScavenging(140)) - node0 Scavenging every 600000ms
2020-07-20 01:17:24,240 [Listener at 127.0.0.1/34739] INFO  handler.ContextHandler (ContextHandler.java:doStart(825)) - Started o.e.j.s.ServletContextHandler@597a102f{logs,/logs,file:///github/workspace/mnt/ozone/hadoop-ozone/integration-test/target/log,AVAILABLE}
2020-07-20 01:17:24,240 [Listener at 127.0.0.1/34739] INFO  handler.ContextHandler (ContextHandler.java:doStart(825)) - Started o.e.j.s.ServletContextHandler@7c2c36a8{static,/static,jar:file:/home/user/.m2/repository/org/apache/hadoop/hadoop-hdds-container-service/0.6.0-SNAPSHOT/hadoop-hdds-container-service-0.6.0-SNAPSHOT.jar!/webapps/static,AVAILABLE}
2020-07-20 01:17:24,322 [Listener at 127.0.0.1/34739] INFO  handler.ContextHandler (ContextHandler.java:doStart(825)) - Started o.e.j.w.WebAppContext@5ce155b{hddsDatanode,/,file:///tmp/jetty-0_0_0_0-38427-hadoop-hdds-container-service-0_6_0-SNAPSHOT_jar-_-any-8023739671515955671.dir/webapp/,AVAILABLE}{jar:file:/home/user/.m2/repository/org/apache/hadoop/hadoop-hdds-container-service/0.6.0-SNAPSHOT/hadoop-hdds-container-service-0.6.0-SNAPSHOT.jar!/webapps/hddsDatanode}
2020-07-20 01:17:24,324 [Listener at 127.0.0.1/34739] INFO  server.AbstractConnector (AbstractConnector.java:doStart(330)) - Started ServerConnector@53686aea{HTTP/1.1,[http/1.1]}{0.0.0.0:38427}
2020-07-20 01:17:24,324 [Listener at 127.0.0.1/34739] INFO  server.Server (Server.java:doStart(399)) - Started @41939ms
2020-07-20 01:17:24,324 [Listener at 127.0.0.1/34739] WARN  impl.MetricsSystemImpl (MetricsSystemImpl.java:register(276)) - Sink prometheus already exists!
2020-07-20 01:17:24,327 [Listener at 127.0.0.1/34739] INFO  http.BaseHttpServer (BaseHttpServer.java:updateConnectorAddress(327)) - HTTP server of hddsDatanode listening at http://0.0.0.0:38427
2020-07-20 01:17:24,328 [Listener at 127.0.0.1/34739] INFO  ozone.MiniOzoneClusterImpl (MiniOzoneClusterImpl.java:lambda$waitForClusterToBeReady$0(177)) - Waiting for nodes to be ready. Got 0 of 7 DN Heartbeats.
2020-07-20 01:17:24,329 [Listener at 127.0.0.1/34739] INFO  ozone.MiniOzoneClusterImpl (MiniOzoneClusterImpl.java:lambda$waitForClusterToBeReady$0(180)) - Waiting for cluster to exit safe mode
2020-07-20 01:17:24,334 [org.apache.hadoop.util.JvmPauseMonitor$Monitor@2ff2e2ea] INFO  util.JvmPauseMonitor (JvmPauseMonitor.java:run(188)) - Starting JVM pause monitor
2020-07-20 01:17:24,337 [Datanode State Machine Thread - 0] INFO  datanode.InitDatanodeState (InitDatanodeState.java:persistContainerDatanodeDetails(145)) - DatanodeDetails is persisted to /github/workspace/mnt/ozone/hadoop-ozone/integration-test/target/test-dir/MiniOzoneClusterImpl-2e7463a0-386a-4864-a70a-9a5d00050037/datanode-6/meta/datanode.id
2020-07-20 01:17:25,329 [Listener at 127.0.0.1/34739] INFO  ozone.MiniOzoneClusterImpl (MiniOzoneClusterImpl.java:lambda$waitForClusterToBeReady$0(177)) - Waiting for nodes to be ready. Got 0 of 7 DN Heartbeats.
2020-07-20 01:17:25,330 [Listener at 127.0.0.1/34739] INFO  ozone.MiniOzoneClusterImpl (MiniOzoneClusterImpl.java:lambda$waitForClusterToBeReady$0(180)) - Waiting for cluster to exit safe mode
2020-07-20 01:17:25,532 [Datanode State Machine Thread - 0] INFO  ozoneimpl.OzoneContainer (OzoneContainer.java:start(233)) - Attempting to start container services.
2020-07-20 01:17:25,532 [Datanode State Machine Thread - 0] INFO  ozoneimpl.OzoneContainer (OzoneContainer.java:startContainerScrub(197)) - Background container scanner has been disabled.
2020-07-20 01:17:25,532 [Datanode State Machine Thread - 0] INFO  ratis.XceiverServerRatis (XceiverServerRatis.java:start(438)) - Starting XceiverServerRatis 8a5e4c45-c5e6-427a-ba70-61ac25cd6fb3 at port 0
2020-07-20 01:17:25,533 [Datanode State Machine Thread - 0] INFO  impl.RaftServerProxy (RaftServerProxy.java:lambda$start$3(304)) - 8a5e4c45-c5e6-427a-ba70-61ac25cd6fb3: start RPC server
2020-07-20 01:17:25,534 [Datanode State Machine Thread - 0] INFO  server.GrpcService (GrpcService.java:startImpl(160)) - 8a5e4c45-c5e6-427a-ba70-61ac25cd6fb3: GrpcService started, listening on 0.0.0.0/0.0.0.0:39605
2020-07-20 01:17:25,534 [Datanode State Machine Thread - 0] INFO  ratis.XceiverServerRatis (XceiverServerRatis.java:start(450)) - XceiverServerRatis 8a5e4c45-c5e6-427a-ba70-61ac25cd6fb3 is started using port 39605
2020-07-20 01:17:25,536 [Datanode State Machine Thread - 0] INFO  server.XceiverServerGrpc (XceiverServerGrpc.java:start(145)) - XceiverServerGrpc 8a5e4c45-c5e6-427a-ba70-61ac25cd6fb3 is started using port 33851
2020-07-20 01:17:25,649 [Datanode State Machine Thread - 0] INFO  ozoneimpl.OzoneContainer (OzoneContainer.java:start(233)) - Attempting to start container services.
2020-07-20 01:17:25,651 [Datanode State Machine Thread - 0] INFO  ozoneimpl.OzoneContainer (OzoneContainer.java:startContainerScrub(197)) - Background container scanner has been disabled.
2020-07-20 01:17:25,651 [Datanode State Machine Thread - 0] INFO  ratis.XceiverServerRatis (XceiverServerRatis.java:start(438)) - Starting XceiverServerRatis a59d5cbb-6a4e-4b6f-8de9-1f6c3e59f3ac at port 0
2020-07-20 01:17:25,652 [Datanode State Machine Thread - 0] INFO  impl.RaftServerProxy (RaftServerProxy.java:lambda$start$3(304)) - a59d5cbb-6a4e-4b6f-8de9-1f6c3e59f3ac: start RPC server
2020-07-20 01:17:25,653 [Datanode State Machine Thread - 0] INFO  server.GrpcService (GrpcService.java:startImpl(160)) - a59d5cbb-6a4e-4b6f-8de9-1f6c3e59f3ac: GrpcService started, listening on 0.0.0.0/0.0.0.0:39811
2020-07-20 01:17:25,653 [Datanode State Machine Thread - 0] INFO  ratis.XceiverServerRatis (XceiverServerRatis.java:start(450)) - XceiverServerRatis a59d5cbb-6a4e-4b6f-8de9-1f6c3e59f3ac is started using port 39811
2020-07-20 01:17:25,654 [Datanode State Machine Thread - 0] INFO  server.XceiverServerGrpc (XceiverServerGrpc.java:start(145)) - XceiverServerGrpc a59d5cbb-6a4e-4b6f-8de9-1f6c3e59f3ac is started using port 33965
2020-07-20 01:17:25,773 [Datanode State Machine Thread - 0] INFO  ozoneimpl.OzoneContainer (OzoneContainer.java:start(233)) - Attempting to start container services.
2020-07-20 01:17:25,773 [Datanode State Machine Thread - 0] INFO  ozoneimpl.OzoneContainer (OzoneContainer.java:startContainerScrub(197)) - Background container scanner has been disabled.
2020-07-20 01:17:25,773 [Datanode State Machine Thread - 0] INFO  ratis.XceiverServerRatis (XceiverServerRatis.java:start(438)) - Starting XceiverServerRatis 7d127ae0-d954-4615-95cd-077b23f6b81f at port 0
2020-07-20 01:17:25,779 [Datanode State Machine Thread - 0] INFO  impl.RaftServerProxy (RaftServerProxy.java:lambda$start$3(304)) - 7d127ae0-d954-4615-95cd-077b23f6b81f: start RPC server
2020-07-20 01:17:25,779 [Datanode State Machine Thread - 0] INFO  server.GrpcService (GrpcService.java:startImpl(160)) - 7d127ae0-d954-4615-95cd-077b23f6b81f: GrpcService started, listening on 0.0.0.0/0.0.0.0:42865
2020-07-20 01:17:25,779 [Datanode State Machine Thread - 0] INFO  ratis.XceiverServerRatis (XceiverServerRatis.java:start(450)) - XceiverServerRatis 7d127ae0-d954-4615-95cd-077b23f6b81f is started using port 42865
2020-07-20 01:17:25,782 [Datanode State Machine Thread - 0] INFO  server.XceiverServerGrpc (XceiverServerGrpc.java:start(145)) - XceiverServerGrpc 7d127ae0-d954-4615-95cd-077b23f6b81f is started using port 33311
2020-07-20 01:17:25,908 [Datanode State Machine Thread - 0] INFO  ozoneimpl.OzoneContainer (OzoneContainer.java:start(233)) - Attempting to start container services.
2020-07-20 01:17:25,909 [Datanode State Machine Thread - 0] INFO  ozoneimpl.OzoneContainer (OzoneContainer.java:startContainerScrub(197)) - Background container scanner has been disabled.
2020-07-20 01:17:25,909 [Datanode State Machine Thread - 0] INFO  ratis.XceiverServerRatis (XceiverServerRatis.java:start(438)) - Starting XceiverServerRatis 6b9f5e7e-e9a8-47c0-a0b1-c008e4f21b31 at port 0
2020-07-20 01:17:25,910 [Datanode State Machine Thread - 0] INFO  impl.RaftServerProxy (RaftServerProxy.java:lambda$start$3(304)) - 6b9f5e7e-e9a8-47c0-a0b1-c008e4f21b31: start RPC server
2020-07-20 01:17:25,911 [Datanode State Machine Thread - 0] INFO  server.GrpcService (GrpcService.java:startImpl(160)) - 6b9f5e7e-e9a8-47c0-a0b1-c008e4f21b31: GrpcService started, listening on 0.0.0.0/0.0.0.0:42485
2020-07-20 01:17:25,911 [Datanode State Machine Thread - 0] INFO  ratis.XceiverServerRatis (XceiverServerRatis.java:start(450)) - XceiverServerRatis 6b9f5e7e-e9a8-47c0-a0b1-c008e4f21b31 is started using port 42485
2020-07-20 01:17:25,911 [Datanode State Machine Thread - 0] INFO  server.XceiverServerGrpc (XceiverServerGrpc.java:start(145)) - XceiverServerGrpc 6b9f5e7e-e9a8-47c0-a0b1-c008e4f21b31 is started using port 39509
2020-07-20 01:17:26,032 [Datanode State Machine Thread - 0] INFO  ozoneimpl.OzoneContainer (OzoneContainer.java:start(233)) - Attempting to start container services.
2020-07-20 01:17:26,032 [Datanode State Machine Thread - 0] INFO  ozoneimpl.OzoneContainer (OzoneContainer.java:startContainerScrub(197)) - Background container scanner has been disabled.
2020-07-20 01:17:26,032 [Datanode State Machine Thread - 0] INFO  ratis.XceiverServerRatis (XceiverServerRatis.java:start(438)) - Starting XceiverServerRatis 3e551ca4-b1b3-4226-8652-6024b5469bec at port 0
2020-07-20 01:17:26,033 [Datanode State Machine Thread - 0] INFO  impl.RaftServerProxy (RaftServerProxy.java:lambda$start$3(304)) - 3e551ca4-b1b3-4226-8652-6024b5469bec: start RPC server
2020-07-20 01:17:26,034 [Datanode State Machine Thread - 0] INFO  server.GrpcService (GrpcService.java:startImpl(160)) - 3e551ca4-b1b3-4226-8652-6024b5469bec: GrpcService started, listening on 0.0.0.0/0.0.0.0:46701
2020-07-20 01:17:26,034 [Datanode State Machine Thread - 0] INFO  ratis.XceiverServerRatis (XceiverServerRatis.java:start(450)) - XceiverServerRatis 3e551ca4-b1b3-4226-8652-6024b5469bec is started using port 46701
2020-07-20 01:17:26,035 [Datanode State Machine Thread - 0] INFO  server.XceiverServerGrpc (XceiverServerGrpc.java:start(145)) - XceiverServerGrpc 3e551ca4-b1b3-4226-8652-6024b5469bec is started using port 41287
2020-07-20 01:17:26,212 [Datanode State Machine Thread - 0] INFO  ozoneimpl.OzoneContainer (OzoneContainer.java:start(233)) - Attempting to start container services.
2020-07-20 01:17:26,212 [Datanode State Machine Thread - 0] INFO  ozoneimpl.OzoneContainer (OzoneContainer.java:startContainerScrub(197)) - Background container scanner has been disabled.
2020-07-20 01:17:26,212 [Datanode State Machine Thread - 0] INFO  ratis.XceiverServerRatis (XceiverServerRatis.java:start(438)) - Starting XceiverServerRatis 6ed957ef-01ec-4d4e-8aec-11bf87f7b1e1 at port 0
2020-07-20 01:17:26,213 [Datanode State Machine Thread - 0] INFO  impl.RaftServerProxy (RaftServerProxy.java:lambda$start$3(304)) - 6ed957ef-01ec-4d4e-8aec-11bf87f7b1e1: start RPC server
2020-07-20 01:17:26,214 [Datanode State Machine Thread - 0] INFO  server.GrpcService (GrpcService.java:startImpl(160)) - 6ed957ef-01ec-4d4e-8aec-11bf87f7b1e1: GrpcService started, listening on 0.0.0.0/0.0.0.0:42117
2020-07-20 01:17:26,214 [Datanode State Machine Thread - 0] INFO  ratis.XceiverServerRatis (XceiverServerRatis.java:start(450)) - XceiverServerRatis 6ed957ef-01ec-4d4e-8aec-11bf87f7b1e1 is started using port 42117
2020-07-20 01:17:26,215 [Datanode State Machine Thread - 0] INFO  server.XceiverServerGrpc (XceiverServerGrpc.java:start(145)) - XceiverServerGrpc 6ed957ef-01ec-4d4e-8aec-11bf87f7b1e1 is started using port 41795
2020-07-20 01:17:26,330 [Listener at 127.0.0.1/34739] INFO  ozone.MiniOzoneClusterImpl (MiniOzoneClusterImpl.java:lambda$waitForClusterToBeReady$0(177)) - Waiting for nodes to be ready. Got 0 of 7 DN Heartbeats.
2020-07-20 01:17:26,330 [Listener at 127.0.0.1/34739] INFO  ozone.MiniOzoneClusterImpl (MiniOzoneClusterImpl.java:lambda$waitForClusterToBeReady$0(180)) - Waiting for cluster to exit safe mode
2020-07-20 01:17:26,336 [Datanode State Machine Thread - 0] INFO  ozoneimpl.OzoneContainer (OzoneContainer.java:start(233)) - Attempting to start container services.
2020-07-20 01:17:26,336 [Datanode State Machine Thread - 0] INFO  ozoneimpl.OzoneContainer (OzoneContainer.java:startContainerScrub(197)) - Background container scanner has been disabled.
2020-07-20 01:17:26,336 [Datanode State Machine Thread - 0] INFO  ratis.XceiverServerRatis (XceiverServerRatis.java:start(438)) - Starting XceiverServerRatis b0a2088b-73e2-4e23-bf2a-0933d86a42a7 at port 0
2020-07-20 01:17:26,339 [Datanode State Machine Thread - 0] INFO  impl.RaftServerProxy (RaftServerProxy.java:lambda$start$3(304)) - b0a2088b-73e2-4e23-bf2a-0933d86a42a7: start RPC server
2020-07-20 01:17:26,341 [Datanode State Machine Thread - 0] INFO  server.GrpcService (GrpcService.java:startImpl(160)) - b0a2088b-73e2-4e23-bf2a-0933d86a42a7: GrpcService started, listening on 0.0.0.0/0.0.0.0:42595
2020-07-20 01:17:26,341 [Datanode State Machine Thread - 0] INFO  ratis.XceiverServerRatis (XceiverServerRatis.java:start(450)) - XceiverServerRatis b0a2088b-73e2-4e23-bf2a-0933d86a42a7 is started using port 42595
2020-07-20 01:17:26,342 [Datanode State Machine Thread - 0] INFO  server.XceiverServerGrpc (XceiverServerGrpc.java:start(145)) - XceiverServerGrpc b0a2088b-73e2-4e23-bf2a-0933d86a42a7 is started using port 34251
2020-07-20 01:17:27,330 [Listener at 127.0.0.1/34739] INFO  ozone.MiniOzoneClusterImpl (MiniOzoneClusterImpl.java:lambda$waitForClusterToBeReady$0(177)) - Waiting for nodes to be ready. Got 0 of 7 DN Heartbeats.
2020-07-20 01:17:27,330 [Listener at 127.0.0.1/34739] INFO  ozone.MiniOzoneClusterImpl (MiniOzoneClusterImpl.java:lambda$waitForClusterToBeReady$0(180)) - Waiting for cluster to exit safe mode
2020-07-20 01:17:27,528 [IPC Server handler 2 on default port 41743] INFO  net.NetworkTopology (NetworkTopologyImpl.java:add(111)) - Added a new node: /default-rack/8a5e4c45-c5e6-427a-ba70-61ac25cd6fb3
2020-07-20 01:17:27,529 [IPC Server handler 2 on default port 41743] INFO  node.SCMNodeManager (SCMNodeManager.java:register(273)) - Registered Data node : 8a5e4c45-c5e6-427a-ba70-61ac25cd6fb3{ip: 172.17.0.2, host: 9ffb5d2b249d, networkLocation: /default-rack, certSerialId: null}
2020-07-20 01:17:27,529 [RatisPipelineUtilsThread] INFO  pipeline.RatisPipelineProvider (RatisPipelineProvider.java:lambda$create$0(138)) - Sending CreatePipelineCommand for pipeline:PipelineID=4d7567d8-e01d-4427-afe9-dd7252967cb6 to datanode:8a5e4c45-c5e6-427a-ba70-61ac25cd6fb3
2020-07-20 01:17:27,531 [RatisPipelineUtilsThread] INFO  pipeline.PipelineStateManager (PipelineStateManager.java:addPipeline(54)) - Created pipeline Pipeline[ Id: 4d7567d8-e01d-4427-afe9-dd7252967cb6, Nodes: 8a5e4c45-c5e6-427a-ba70-61ac25cd6fb3{ip: 172.17.0.2, host: 9ffb5d2b249d, networkLocation: /default-rack, certSerialId: null}, Type:RATIS, Factor:ONE, State:ALLOCATED, leaderId:, CreationTimestamp2020-07-20T01:17:27.529Z]
2020-07-20 01:17:27,531 [RatisPipelineUtilsThread] ERROR pipeline.SCMPipelineManager (SCMPipelineManager.java:createPipeline(275)) - Failed to create pipeline of type RATIS and factor ONE. Exception: Cannot create pipeline of factor 1 using 0 nodes. Used 1 nodes. Healthy nodes 1
2020-07-20 01:17:27,532 [EventQueue-NodeRegistrationContainerReportForContainerSafeModeRule] INFO  safemode.SCMSafeModeManager (SCMSafeModeManager.java:validateSafeModeExitRules(214)) - ContainerSafeModeRule rule is successfully validated
2020-07-20 01:17:27,532 [EventQueue-NodeRegistrationContainerReportForDataNodeSafeModeRule] INFO  safemode.SCMSafeModeManager (DataNodeSafeModeRule.java:process(71)) - SCM in safe mode. 1 DataNodes registered, 1 required.
2020-07-20 01:17:27,534 [EventQueue-NodeRegistrationContainerReportForDataNodeSafeModeRule] INFO  safemode.SCMSafeModeManager (SCMSafeModeManager.java:validateSafeModeExitRules(214)) - DataNodeSafeModeRule rule is successfully validated
2020-07-20 01:17:27,534 [EventQueue-NodeRegistrationContainerReportForDataNodeSafeModeRule] INFO  safemode.SCMSafeModeManager (SCMSafeModeManager.java:completePreCheck(242)) - All SCM safe mode pre check rules have passed
2020-07-20 01:17:27,534 [RatisPipelineUtilsThread] ERROR pipeline.SCMPipelineManager (SCMPipelineManager.java:createPipeline(275)) - Failed to create pipeline of type RATIS and factor ONE. Exception: Cannot create pipeline of factor 1 using 0 nodes. Used 1 nodes. Healthy nodes 1
2020-07-20 01:17:27,535 [RatisPipelineUtilsThread] WARN  pipeline.PipelinePlacementPolicy (PipelinePlacementPolicy.java:filterViableNodes(133)) - Pipeline creation failed due to no sufficient healthy datanodes. Required 3. Found 1.
2020-07-20 01:17:27,535 [RatisPipelineUtilsThread] ERROR pipeline.SCMPipelineManager (SCMPipelineManager.java:createPipeline(275)) - Failed to create pipeline of type RATIS and factor THREE. Exception: Pipeline creation failed due to no sufficient healthy datanodes. Required 3. Found 1.
2020-07-20 01:17:27,647 [IPC Server handler 4 on default port 41743] INFO  net.NetworkTopology (NetworkTopologyImpl.java:add(111)) - Added a new node: /default-rack/a59d5cbb-6a4e-4b6f-8de9-1f6c3e59f3ac
2020-07-20 01:17:27,647 [IPC Server handler 4 on default port 41743] INFO  node.SCMNodeManager (SCMNodeManager.java:register(273)) - Registered Data node : a59d5cbb-6a4e-4b6f-8de9-1f6c3e59f3ac{ip: 172.17.0.2, host: 9ffb5d2b249d, networkLocation: /default-rack, certSerialId: null}
2020-07-20 01:17:27,648 [EventQueue-NodeRegistrationContainerReportForDataNodeSafeModeRule] INFO  safemode.SCMSafeModeManager (SCMSafeModeManager.java:validateSafeModeExitRules(214)) - DataNodeSafeModeRule rule is successfully validated
2020-07-20 01:17:27,648 [EventQueue-NodeRegistrationContainerReportForContainerSafeModeRule] INFO  safemode.SCMSafeModeManager (SCMSafeModeManager.java:validateSafeModeExitRules(214)) - ContainerSafeModeRule rule is successfully validated
2020-07-20 01:17:27,649 [RatisPipelineUtilsThread] INFO  pipeline.RatisPipelineProvider (RatisPipelineProvider.java:lambda$create$0(138)) - Sending CreatePipelineCommand for pipeline:PipelineID=ec832c96-3d5e-47aa-be76-b8c9414f6306 to datanode:a59d5cbb-6a4e-4b6f-8de9-1f6c3e59f3ac
2020-07-20 01:17:27,649 [RatisPipelineUtilsThread] INFO  pipeline.PipelineStateManager (PipelineStateManager.java:addPipeline(54)) - Created pipeline Pipeline[ Id: ec832c96-3d5e-47aa-be76-b8c9414f6306, Nodes: a59d5cbb-6a4e-4b6f-8de9-1f6c3e59f3ac{ip: 172.17.0.2, host: 9ffb5d2b249d, networkLocation: /default-rack, certSerialId: null}, Type:RATIS, Factor:ONE, State:ALLOCATED, leaderId:, CreationTimestamp2020-07-20T01:17:27.649Z]
2020-07-20 01:17:27,649 [RatisPipelineUtilsThread] ERROR pipeline.SCMPipelineManager (SCMPipelineManager.java:createPipeline(275)) - Failed to create pipeline of type RATIS and factor ONE. Exception: Cannot create pipeline of factor 1 using 0 nodes. Used 2 nodes. Healthy nodes 2
2020-07-20 01:17:27,649 [RatisPipelineUtilsThread] WARN  pipeline.PipelinePlacementPolicy (PipelinePlacementPolicy.java:filterViableNodes(133)) - Pipeline creation failed due to no sufficient healthy datanodes. Required 3. Found 2.
2020-07-20 01:17:27,650 [RatisPipelineUtilsThread] ERROR pipeline.SCMPipelineManager (SCMPipelineManager.java:createPipeline(275)) - Failed to create pipeline of type RATIS and factor THREE. Exception: Pipeline creation failed due to no sufficient healthy datanodes. Required 3. Found 2.
2020-07-20 01:17:27,772 [IPC Server handler 1 on default port 41743] INFO  net.NetworkTopology (NetworkTopologyImpl.java:add(111)) - Added a new node: /default-rack/7d127ae0-d954-4615-95cd-077b23f6b81f
2020-07-20 01:17:27,772 [IPC Server handler 1 on default port 41743] INFO  node.SCMNodeManager (SCMNodeManager.java:register(273)) - Registered Data node : 7d127ae0-d954-4615-95cd-077b23f6b81f{ip: 172.17.0.2, host: 9ffb5d2b249d, networkLocation: /default-rack, certSerialId: null}
2020-07-20 01:17:27,772 [EventQueue-NodeRegistrationContainerReportForContainerSafeModeRule] INFO  safemode.SCMSafeModeManager (SCMSafeModeManager.java:validateSafeModeExitRules(214)) - ContainerSafeModeRule rule is successfully validated
2020-07-20 01:17:27,773 [EventQueue-NodeRegistrationContainerReportForDataNodeSafeModeRule] INFO  safemode.SCMSafeModeManager (SCMSafeModeManager.java:validateSafeModeExitRules(214)) - DataNodeSafeModeRule rule is successfully validated
2020-07-20 01:17:27,773 [RatisPipelineUtilsThread] INFO  pipeline.RatisPipelineProvider (RatisPipelineProvider.java:lambda$create$0(138)) - Sending CreatePipelineCommand for pipeline:PipelineID=2067f0c7-e9ab-41bd-86a2-ca0ea9a73393 to datanode:7d127ae0-d954-4615-95cd-077b23f6b81f
2020-07-20 01:17:27,774 [RatisPipelineUtilsThread] INFO  pipeline.PipelineStateManager (PipelineStateManager.java:addPipeline(54)) - Created pipeline Pipeline[ Id: 2067f0c7-e9ab-41bd-86a2-ca0ea9a73393, Nodes: 7d127ae0-d954-4615-95cd-077b23f6b81f{ip: 172.17.0.2, host: 9ffb5d2b249d, networkLocation: /default-rack, certSerialId: null}, Type:RATIS, Factor:ONE, State:ALLOCATED, leaderId:, CreationTimestamp2020-07-20T01:17:27.773Z]
2020-07-20 01:17:27,774 [RatisPipelineUtilsThread] ERROR pipeline.SCMPipelineManager (SCMPipelineManager.java:createPipeline(275)) - Failed to create pipeline of type RATIS and factor ONE. Exception: Cannot create pipeline of factor 1 using 0 nodes. Used 3 nodes. Healthy nodes 3
2020-07-20 01:17:27,774 [RatisPipelineUtilsThread] INFO  pipeline.RatisPipelineProvider (RatisPipelineProvider.java:lambda$create$0(138)) - Sending CreatePipelineCommand for pipeline:PipelineID=6c03a006-704d-463b-bcf7-332b05dca4ef to datanode:8a5e4c45-c5e6-427a-ba70-61ac25cd6fb3
2020-07-20 01:17:27,774 [RatisPipelineUtilsThread] INFO  pipeline.RatisPipelineProvider (RatisPipelineProvider.java:lambda$create$0(138)) - Sending CreatePipelineCommand for pipeline:PipelineID=6c03a006-704d-463b-bcf7-332b05dca4ef to datanode:a59d5cbb-6a4e-4b6f-8de9-1f6c3e59f3ac
2020-07-20 01:17:27,774 [RatisPipelineUtilsThread] INFO  pipeline.RatisPipelineProvider (RatisPipelineProvider.java:lambda$create$0(138)) - Sending CreatePipelineCommand for pipeline:PipelineID=6c03a006-704d-463b-bcf7-332b05dca4ef to datanode:7d127ae0-d954-4615-95cd-077b23f6b81f
2020-07-20 01:17:27,775 [RatisPipelineUtilsThread] INFO  pipeline.PipelineStateManager (PipelineStateManager.java:addPipeline(54)) - Created pipeline Pipeline[ Id: 6c03a006-704d-463b-bcf7-332b05dca4ef, Nodes: 8a5e4c45-c5e6-427a-ba70-61ac25cd6fb3{ip: 172.17.0.2, host: 9ffb5d2b249d, networkLocation: /default-rack, certSerialId: null}a59d5cbb-6a4e-4b6f-8de9-1f6c3e59f3ac{ip: 172.17.0.2, host: 9ffb5d2b249d, networkLocation: /default-rack, certSerialId: null}7d127ae0-d954-4615-95cd-077b23f6b81f{ip: 172.17.0.2, host: 9ffb5d2b249d, networkLocation: /default-rack, certSerialId: null}, Type:RATIS, Factor:THREE, State:ALLOCATED, leaderId:, CreationTimestamp2020-07-20T01:17:27.774Z]
2020-07-20 01:17:27,775 [RatisPipelineUtilsThread] ERROR pipeline.SCMPipelineManager (SCMPipelineManager.java:createPipeline(275)) - Failed to create pipeline of type RATIS and factor THREE. Exception: Pipeline creation failed because nodes are engaged in other pipelines and every node can only be engaged in max 2 pipelines. Required 3. Found 0
2020-07-20 01:17:27,907 [IPC Server handler 5 on default port 41743] INFO  net.NetworkTopology (NetworkTopologyImpl.java:add(111)) - Added a new node: /default-rack/6b9f5e7e-e9a8-47c0-a0b1-c008e4f21b31
2020-07-20 01:17:27,908 [IPC Server handler 5 on default port 41743] INFO  node.SCMNodeManager (SCMNodeManager.java:register(273)) - Registered Data node : 6b9f5e7e-e9a8-47c0-a0b1-c008e4f21b31{ip: 172.17.0.2, host: 9ffb5d2b249d, networkLocation: /default-rack, certSerialId: null}
2020-07-20 01:17:27,908 [EventQueue-NodeRegistrationContainerReportForDataNodeSafeModeRule] INFO  safemode.SCMSafeModeManager (SCMSafeModeManager.java:validateSafeModeExitRules(214)) - DataNodeSafeModeRule rule is successfully validated
2020-07-20 01:17:27,908 [EventQueue-NodeRegistrationContainerReportForContainerSafeModeRule] INFO  safemode.SCMSafeModeManager (SCMSafeModeManager.java:validateSafeModeExitRules(214)) - ContainerSafeModeRule rule is successfully validated
2020-07-20 01:17:27,908 [RatisPipelineUtilsThread] INFO  pipeline.RatisPipelineProvider (RatisPipelineProvider.java:lambda$create$0(138)) - Sending CreatePipelineCommand for pipeline:PipelineID=642705ee-1ba1-49ca-b099-2baed6fd67b7 to datanode:6b9f5e7e-e9a8-47c0-a0b1-c008e4f21b31
2020-07-20 01:17:27,909 [RatisPipelineUtilsThread] INFO  pipeline.PipelineStateManager (PipelineStateManager.java:addPipeline(54)) - Created pipeline Pipeline[ Id: 642705ee-1ba1-49ca-b099-2baed6fd67b7, Nodes: 6b9f5e7e-e9a8-47c0-a0b1-c008e4f21b31{ip: 172.17.0.2, host: 9ffb5d2b249d, networkLocation: /default-rack, certSerialId: null}, Type:RATIS, Factor:ONE, State:ALLOCATED, leaderId:, CreationTimestamp2020-07-20T01:17:27.908Z]
2020-07-20 01:17:27,909 [RatisPipelineUtilsThread] ERROR pipeline.SCMPipelineManager (SCMPipelineManager.java:createPipeline(275)) - Failed to create pipeline of type RATIS and factor ONE. Exception: Cannot create pipeline of factor 1 using 0 nodes. Used 4 nodes. Healthy nodes 4
2020-07-20 01:17:27,910 [RatisPipelineUtilsThread] ERROR pipeline.SCMPipelineManager (SCMPipelineManager.java:createPipeline(275)) - Failed to create pipeline of type RATIS and factor THREE. Exception: Pipeline creation failed because nodes are engaged in other pipelines and every node can only be engaged in max 2 pipelines. Required 3. Found 1
2020-07-20 01:17:28,032 [IPC Server handler 6 on default port 41743] INFO  net.NetworkTopology (NetworkTopologyImpl.java:add(111)) - Added a new node: /default-rack/3e551ca4-b1b3-4226-8652-6024b5469bec
2020-07-20 01:17:28,032 [IPC Server handler 6 on default port 41743] INFO  node.SCMNodeManager (SCMNodeManager.java:register(273)) - Registered Data node : 3e551ca4-b1b3-4226-8652-6024b5469bec{ip: 172.17.0.2, host: 9ffb5d2b249d, networkLocation: /default-rack, certSerialId: null}
2020-07-20 01:17:28,032 [EventQueue-NodeRegistrationContainerReportForContainerSafeModeRule] INFO  safemode.SCMSafeModeManager (SCMSafeModeManager.java:validateSafeModeExitRules(214)) - ContainerSafeModeRule rule is successfully validated
2020-07-20 01:17:28,033 [EventQueue-NodeRegistrationContainerReportForDataNodeSafeModeRule] INFO  safemode.SCMSafeModeManager (SCMSafeModeManager.java:validateSafeModeExitRules(214)) - DataNodeSafeModeRule rule is successfully validated
2020-07-20 01:17:28,033 [RatisPipelineUtilsThread] INFO  pipeline.RatisPipelineProvider (RatisPipelineProvider.java:lambda$create$0(138)) - Sending CreatePipelineCommand for pipeline:PipelineID=28bf7c53-5199-4762-bb3b-da408df101bd to datanode:3e551ca4-b1b3-4226-8652-6024b5469bec
2020-07-20 01:17:28,034 [RatisPipelineUtilsThread] INFO  pipeline.PipelineStateManager (PipelineStateManager.java:addPipeline(54)) - Created pipeline Pipeline[ Id: 28bf7c53-5199-4762-bb3b-da408df101bd, Nodes: 3e551ca4-b1b3-4226-8652-6024b5469bec{ip: 172.17.0.2, host: 9ffb5d2b249d, networkLocation: /default-rack, certSerialId: null}, Type:RATIS, Factor:ONE, State:ALLOCATED, leaderId:, CreationTimestamp2020-07-20T01:17:28.033Z]
2020-07-20 01:17:28,034 [RatisPipelineUtilsThread] ERROR pipeline.SCMPipelineManager (SCMPipelineManager.java:createPipeline(275)) - Failed to create pipeline of type RATIS and factor ONE. Exception: Cannot create pipeline of factor 1 using 0 nodes. Used 5 nodes. Healthy nodes 5
2020-07-20 01:17:28,034 [RatisPipelineUtilsThread] ERROR pipeline.SCMPipelineManager (SCMPipelineManager.java:createPipeline(275)) - Failed to create pipeline of type RATIS and factor THREE. Exception: Pipeline creation failed because nodes are engaged in other pipelines and every node can only be engaged in max 2 pipelines. Required 3. Found 2
2020-07-20 01:17:28,211 [IPC Server handler 0 on default port 41743] INFO  net.NetworkTopology (NetworkTopologyImpl.java:add(111)) - Added a new node: /default-rack/6ed957ef-01ec-4d4e-8aec-11bf87f7b1e1
2020-07-20 01:17:28,211 [IPC Server handler 0 on default port 41743] INFO  node.SCMNodeManager (SCMNodeManager.java:register(273)) - Registered Data node : 6ed957ef-01ec-4d4e-8aec-11bf87f7b1e1{ip: 172.17.0.2, host: 9ffb5d2b249d, networkLocation: /default-rack, certSerialId: null}
2020-07-20 01:17:28,211 [EventQueue-NodeRegistrationContainerReportForContainerSafeModeRule] INFO  safemode.SCMSafeModeManager (SCMSafeModeManager.java:validateSafeModeExitRules(214)) - ContainerSafeModeRule rule is successfully validated
2020-07-20 01:17:28,211 [EventQueue-NodeRegistrationContainerReportForDataNodeSafeModeRule] INFO  safemode.SCMSafeModeManager (SCMSafeModeManager.java:validateSafeModeExitRules(214)) - DataNodeSafeModeRule rule is successfully validated
2020-07-20 01:17:28,212 [RatisPipelineUtilsThread] INFO  pipeline.RatisPipelineProvider (RatisPipelineProvider.java:lambda$create$0(138)) - Sending CreatePipelineCommand for pipeline:PipelineID=e2927ab2-e3c0-4173-845c-83c7ef91f74a to datanode:6ed957ef-01ec-4d4e-8aec-11bf87f7b1e1
2020-07-20 01:17:28,213 [RatisPipelineUtilsThread] INFO  pipeline.PipelineStateManager (PipelineStateManager.java:addPipeline(54)) - Created pipeline Pipeline[ Id: e2927ab2-e3c0-4173-845c-83c7ef91f74a, Nodes: 6ed957ef-01ec-4d4e-8aec-11bf87f7b1e1{ip: 172.17.0.2, host: 9ffb5d2b249d, networkLocation: /default-rack, certSerialId: null}, Type:RATIS, Factor:ONE, State:ALLOCATED, leaderId:, CreationTimestamp2020-07-20T01:17:28.212Z]
2020-07-20 01:17:28,213 [RatisPipelineUtilsThread] ERROR pipeline.SCMPipelineManager (SCMPipelineManager.java:createPipeline(275)) - Failed to create pipeline of type RATIS and factor ONE. Exception: Cannot create pipeline of factor 1 using 0 nodes. Used 6 nodes. Healthy nodes 6
2020-07-20 01:17:28,213 [RatisPipelineUtilsThread] INFO  pipeline.RatisPipelineProvider (RatisPipelineProvider.java:lambda$create$0(138)) - Sending CreatePipelineCommand for pipeline:PipelineID=fe06dce1-8ab3-45b4-9671-3e689f25b453 to datanode:6ed957ef-01ec-4d4e-8aec-11bf87f7b1e1
2020-07-20 01:17:28,213 [RatisPipelineUtilsThread] INFO  pipeline.RatisPipelineProvider (RatisPipelineProvider.java:lambda$create$0(138)) - Sending CreatePipelineCommand for pipeline:PipelineID=fe06dce1-8ab3-45b4-9671-3e689f25b453 to datanode:6b9f5e7e-e9a8-47c0-a0b1-c008e4f21b31
2020-07-20 01:17:28,214 [RatisPipelineUtilsThread] INFO  pipeline.RatisPipelineProvider (RatisPipelineProvider.java:lambda$create$0(138)) - Sending CreatePipelineCommand for pipeline:PipelineID=fe06dce1-8ab3-45b4-9671-3e689f25b453 to datanode:3e551ca4-b1b3-4226-8652-6024b5469bec
2020-07-20 01:17:28,214 [RatisPipelineUtilsThread] INFO  pipeline.PipelineStateManager (PipelineStateManager.java:addPipeline(54)) - Created pipeline Pipeline[ Id: fe06dce1-8ab3-45b4-9671-3e689f25b453, Nodes: 6ed957ef-01ec-4d4e-8aec-11bf87f7b1e1{ip: 172.17.0.2, host: 9ffb5d2b249d, networkLocation: /default-rack, certSerialId: null}6b9f5e7e-e9a8-47c0-a0b1-c008e4f21b31{ip: 172.17.0.2, host: 9ffb5d2b249d, networkLocation: /default-rack, certSerialId: null}3e551ca4-b1b3-4226-8652-6024b5469bec{ip: 172.17.0.2, host: 9ffb5d2b249d, networkLocation: /default-rack, certSerialId: null}, Type:RATIS, Factor:THREE, State:ALLOCATED, leaderId:, CreationTimestamp2020-07-20T01:17:28.213Z]
2020-07-20 01:17:28,214 [RatisPipelineUtilsThread] ERROR pipeline.SCMPipelineManager (SCMPipelineManager.java:createPipeline(275)) - Failed to create pipeline of type RATIS and factor THREE. Exception: Pipeline creation failed because nodes are engaged in other pipelines and every node can only be engaged in max 2 pipelines. Required 3. Found 0
2020-07-20 01:17:28,331 [Listener at 127.0.0.1/34739] INFO  ozone.MiniOzoneClusterImpl (MiniOzoneClusterImpl.java:lambda$waitForClusterToBeReady$0(177)) - Waiting for nodes to be ready. Got 6 of 7 DN Heartbeats.
2020-07-20 01:17:28,332 [Listener at 127.0.0.1/34739] INFO  ozone.MiniOzoneClusterImpl (MiniOzoneClusterImpl.java:lambda$waitForClusterToBeReady$0(180)) - Waiting for cluster to exit safe mode
2020-07-20 01:17:28,336 [IPC Server handler 2 on default port 41743] INFO  net.NetworkTopology (NetworkTopologyImpl.java:add(111)) - Added a new node: /default-rack/b0a2088b-73e2-4e23-bf2a-0933d86a42a7
2020-07-20 01:17:28,336 [IPC Server handler 2 on default port 41743] INFO  node.SCMNodeManager (SCMNodeManager.java:register(273)) - Registered Data node : b0a2088b-73e2-4e23-bf2a-0933d86a42a7{ip: 172.17.0.2, host: 9ffb5d2b249d, networkLocation: /default-rack, certSerialId: null}
2020-07-20 01:17:28,336 [EventQueue-NodeRegistrationContainerReportForContainerSafeModeRule] INFO  safemode.SCMSafeModeManager (SCMSafeModeManager.java:validateSafeModeExitRules(214)) - ContainerSafeModeRule rule is successfully validated
2020-07-20 01:17:28,336 [EventQueue-NodeRegistrationContainerReportForDataNodeSafeModeRule] INFO  safemode.SCMSafeModeManager (SCMSafeModeManager.java:validateSafeModeExitRules(214)) - DataNodeSafeModeRule rule is successfully validated
2020-07-20 01:17:28,337 [RatisPipelineUtilsThread] INFO  pipeline.RatisPipelineProvider (RatisPipelineProvider.java:lambda$create$0(138)) - Sending CreatePipelineCommand for pipeline:PipelineID=1a6c79ea-e386-4585-8e9a-55828a97b852 to datanode:b0a2088b-73e2-4e23-bf2a-0933d86a42a7
2020-07-20 01:17:28,337 [RatisPipelineUtilsThread] INFO  pipeline.PipelineStateManager (PipelineStateManager.java:addPipeline(54)) - Created pipeline Pipeline[ Id: 1a6c79ea-e386-4585-8e9a-55828a97b852, Nodes: b0a2088b-73e2-4e23-bf2a-0933d86a42a7{ip: 172.17.0.2, host: 9ffb5d2b249d, networkLocation: /default-rack, certSerialId: null}, Type:RATIS, Factor:ONE, State:ALLOCATED, leaderId:, CreationTimestamp2020-07-20T01:17:28.337Z]
2020-07-20 01:17:28,338 [RatisPipelineUtilsThread] ERROR pipeline.SCMPipelineManager (SCMPipelineManager.java:createPipeline(275)) - Failed to create pipeline of type RATIS and factor ONE. Exception: Cannot create pipeline of factor 1 using 0 nodes. Used 7 nodes. Healthy nodes 7
2020-07-20 01:17:28,338 [RatisPipelineUtilsThread] ERROR pipeline.SCMPipelineManager (SCMPipelineManager.java:createPipeline(275)) - Failed to create pipeline of type RATIS and factor THREE. Exception: Pipeline creation failed because nodes are engaged in other pipelines and every node can only be engaged in max 2 pipelines. Required 3. Found 1
2020-07-20 01:17:29,333 [Listener at 127.0.0.1/34739] INFO  ozone.MiniOzoneClusterImpl (MiniOzoneClusterImpl.java:lambda$waitForClusterToBeReady$0(177)) - Nodes are ready. Got 7 of 7 DN Heartbeats.
2020-07-20 01:17:29,333 [Listener at 127.0.0.1/34739] INFO  ozone.MiniOzoneClusterImpl (MiniOzoneClusterImpl.java:lambda$waitForClusterToBeReady$0(180)) - Waiting for cluster to exit safe mode
2020-07-20 01:17:30,333 [Listener at 127.0.0.1/34739] INFO  ozone.MiniOzoneClusterImpl (MiniOzoneClusterImpl.java:lambda$waitForClusterToBeReady$0(177)) - Nodes are ready. Got 7 of 7 DN Heartbeats.
2020-07-20 01:17:30,333 [Listener at 127.0.0.1/34739] INFO  ozone.MiniOzoneClusterImpl (MiniOzoneClusterImpl.java:lambda$waitForClusterToBeReady$0(180)) - Waiting for cluster to exit safe mode
2020-07-20 01:17:30,527 [Command processor thread] INFO  impl.RaftServerProxy (RaftServerProxy.java:addNew(89)) - 8a5e4c45-c5e6-427a-ba70-61ac25cd6fb3: addNew group-DD7252967CB6:[8a5e4c45-c5e6-427a-ba70-61ac25cd6fb3:172.17.0.2:39605] returns group-DD7252967CB6:java.util.concurrent.CompletableFuture@261393af[Not completed]
2020-07-20 01:17:30,529 [pool-160-thread-1] INFO  impl.RaftServerImpl (RaftServerImpl.java:<init>(99)) - 8a5e4c45-c5e6-427a-ba70-61ac25cd6fb3: new RaftServerImpl for group-DD7252967CB6:[8a5e4c45-c5e6-427a-ba70-61ac25cd6fb3:172.17.0.2:39605] with ContainerStateMachine:uninitialized
2020-07-20 01:17:30,529 [pool-160-thread-1] INFO  server.RaftServerConfigKeys (ConfUtils.java:logGet(44)) - raft.server.rpc.timeout.min = 5s (custom)
2020-07-20 01:17:30,530 [pool-160-thread-1] INFO  server.RaftServerConfigKeys (ConfUtils.java:logGet(44)) - raft.server.rpc.timeout.max = 5200ms (custom)
2020-07-20 01:17:30,530 [pool-160-thread-1] INFO  server.RaftServerConfigKeys (ConfUtils.java:logGet(44)) - raft.server.rpcslowness.timeout = 300000ms (custom)
2020-07-20 01:17:30,530 [pool-160-thread-1] INFO  server.RaftServerConfigKeys (ConfUtils.java:logGet(44)) - raft.server.sleep.deviation.threshold = 300 (default)
2020-07-20 01:17:30,530 [pool-160-thread-1] INFO  server.RaftServerConfigKeys (ConfUtils.java:logGet(44)) - raft.server.log.appender.install.snapshot.enabled = false (custom)
2020-07-20 01:17:30,530 [pool-160-thread-1] INFO  impl.RaftServerImpl (ServerState.java:<init>(103)) - 8a5e4c45-c5e6-427a-ba70-61ac25cd6fb3@group-DD7252967CB6: ConfigurationManager, init=-1: [8a5e4c45-c5e6-427a-ba70-61ac25cd6fb3:172.17.0.2:39605], old=null, confs=<EMPTY_MAP>
2020-07-20 01:17:30,530 [pool-160-thread-1] INFO  server.RaftServerConfigKeys (ConfUtils.java:logGet(44)) - raft.server.storage.dir = [/github/workspace/mnt/ozone/hadoop-ozone/integration-test/target/test-dir/MiniOzoneClusterImpl-2e7463a0-386a-4864-a70a-9a5d00050037/datanode-0/data/ratis] (custom)
2020-07-20 01:17:30,530 [pool-160-thread-1] INFO  server.RaftServerConfigKeys (ConfUtils.java:logGet(44)) - raft.server.log.corruption.policy = EXCEPTION (default)
2020-07-20 01:17:30,531 [pool-160-thread-1] INFO  storage.RaftStorageDirectory (RaftStorageDirectory.java:analyzeStorage(261)) - The storage directory /github/workspace/mnt/ozone/hadoop-ozone/integration-test/target/test-dir/MiniOzoneClusterImpl-2e7463a0-386a-4864-a70a-9a5d00050037/datanode-0/data/ratis/4d7567d8-e01d-4427-afe9-dd7252967cb6 does not exist. Creating ...
2020-07-20 01:17:30,532 [pool-160-thread-1] INFO  storage.RaftStorageDirectory (RaftStorageDirectory.java:tryLock(343)) - Lock on /github/workspace/mnt/ozone/hadoop-ozone/integration-test/target/test-dir/MiniOzoneClusterImpl-2e7463a0-386a-4864-a70a-9a5d00050037/datanode-0/data/ratis/4d7567d8-e01d-4427-afe9-dd7252967cb6/in_use.lock acquired by nodename 16462@9ffb5d2b249d
2020-07-20 01:17:30,533 [pool-160-thread-1] INFO  storage.RaftStorage (RaftStorage.java:format(84)) - Storage directory /github/workspace/mnt/ozone/hadoop-ozone/integration-test/target/test-dir/MiniOzoneClusterImpl-2e7463a0-386a-4864-a70a-9a5d00050037/datanode-0/data/ratis/4d7567d8-e01d-4427-afe9-dd7252967cb6 has been successfully formatted.
2020-07-20 01:17:30,534 [pool-160-thread-1] INFO  ratis.ContainerStateMachine (ContainerStateMachine.java:loadSnapshot(225)) - group-DD7252967CB6: The snapshot info is null. Setting the last applied indexto:(t:0, i:~)
2020-07-20 01:17:30,534 [pool-160-thread-1] INFO  server.RaftServerConfigKeys (ConfUtils.java:logGet(44)) - raft.server.notification.no-leader.timeout = 300000ms (custom)
2020-07-20 01:17:30,534 [pool-160-thread-1] INFO  server.RaftServerConfigKeys (ConfUtils.java:logGet(44)) - raft.server.log.use.memory = false (default)
2020-07-20 01:17:30,534 [pool-160-thread-1] INFO  server.RaftServerConfigKeys (ConfUtils.java:logGet(44)) - raft.server.log.purge.gap = 1000000 (custom)
2020-07-20 01:17:30,534 [pool-160-thread-1] INFO  server.RaftServerConfigKeys (ConfUtils.java:logGet(44)) - raft.server.log.appender.buffer.byte-limit = 33554432 (custom)
2020-07-20 01:17:30,534 [pool-160-thread-1] INFO  server.RaftServerConfigKeys (ConfUtils.java:logGet(44)) - raft.server.log.segment.size.max = 1048576 (custom)
2020-07-20 01:17:30,534 [pool-160-thread-1] INFO  metrics.RatisMetrics (RatisMetrics.java:lambda$create$0(36)) - Creating Metrics Registry : ratis.log_worker.8a5e4c45-c5e6-427a-ba70-61ac25cd6fb3@group-DD7252967CB6
2020-07-20 01:17:30,535 [pool-160-thread-1] INFO  server.RaftServerConfigKeys (ConfUtils.java:logGet(44)) - raft.server.log.segment.cache.num.max = 2 (custom)
2020-07-20 01:17:30,535 [EventQueue-PipelineReportForPipelineReportHandler] INFO  pipeline.PipelineStateManager (PipelineStateManager.java:openPipeline(131)) - Pipeline Pipeline[ Id: 4d7567d8-e01d-4427-afe9-dd7252967cb6, Nodes: 8a5e4c45-c5e6-427a-ba70-61ac25cd6fb3{ip: 172.17.0.2, host: 9ffb5d2b249d, networkLocation: /default-rack, certSerialId: null}, Type:RATIS, Factor:ONE, State:ALLOCATED, leaderId:8a5e4c45-c5e6-427a-ba70-61ac25cd6fb3, CreationTimestamp2020-07-20T01:17:27.529Z] moved to OPEN state
2020-07-20 01:17:30,535 [pool-160-thread-1] INFO  segmented.SegmentedRaftLogWorker (SegmentedRaftLogWorker.java:<init>(180)) - new 8a5e4c45-c5e6-427a-ba70-61ac25cd6fb3@group-DD7252967CB6-SegmentedRaftLogWorker for RaftStorage:Storage Directory /github/workspace/mnt/ozone/hadoop-ozone/integration-test/target/test-dir/MiniOzoneClusterImpl-2e7463a0-386a-4864-a70a-9a5d00050037/datanode-0/data/ratis/4d7567d8-e01d-4427-afe9-dd7252967cb6
2020-07-20 01:17:30,535 [pool-160-thread-1] INFO  server.RaftServerConfigKeys (ConfUtils.java:logGet(44)) - raft.server.log.queue.byte-limit = 2147483647 (custom)
2020-07-20 01:17:30,535 [pool-160-thread-1] INFO  server.RaftServerConfigKeys (ConfUtils.java:logGet(44)) - raft.server.log.queue.element-limit = 1024 (custom)
2020-07-20 01:17:30,535 [pool-160-thread-1] INFO  server.RaftServerConfigKeys (ConfUtils.java:logGet(44)) - raft.server.log.segment.size.max = 1048576 (custom)
2020-07-20 01:17:30,536 [pool-160-thread-1] INFO  server.RaftServerConfigKeys (ConfUtils.java:logGet(44)) - raft.server.log.preallocated.size = 16384 (custom)
2020-07-20 01:17:30,536 [pool-160-thread-1] INFO  server.RaftServerConfigKeys (ConfUtils.java:logGet(44)) - raft.server.log.write.buffer.size = 1048576 (custom)
2020-07-20 01:17:30,536 [EventQueue-OpenPipelineForHealthyPipelineSafeModeRule] INFO  safemode.SCMSafeModeManager (HealthyPipelineSafeModeRule.java:process(129)) - SCM in safe mode. Healthy pipelines reported count is 0, required healthy pipeline reported count is 1
2020-07-20 01:17:30,537 [EventQueue-OpenPipelineForOneReplicaPipelineSafeModeRule] INFO  safemode.SCMSafeModeManager (SCMSafeModeManager.java:validateSafeModeExitRules(214)) - AtleastOneDatanodeReportedRule rule is successfully validated
2020-07-20 01:17:30,536 [pool-160-thread-1] INFO  server.RaftServerConfigKeys (ConfUtils.java:logGet(44)) - raft.server.log.force.sync.num = 128 (default)
2020-07-20 01:17:30,539 [pool-160-thread-1] INFO  server.RaftServerConfigKeys (ConfUtils.java:logGet(44)) - raft.server.log.statemachine.data.sync = true (default)
2020-07-20 01:17:30,539 [pool-160-thread-1] INFO  server.RaftServerConfigKeys (ConfUtils.java:logGet(44)) - raft.server.log.statemachine.data.sync.timeout = 10s (default)
2020-07-20 01:17:30,539 [pool-160-thread-1] INFO  server.RaftServerConfigKeys (ConfUtils.java:logGet(44)) - raft.server.log.statemachine.data.sync.timeout.retry = -1 (default)
2020-07-20 01:17:30,541 [pool-160-thread-1] INFO  server.RaftServerConfigKeys (ConfUtils.java:logGet(44)) - raft.server.log.statemachine.data.caching.enabled = true (custom)
2020-07-20 01:17:30,541 [pool-160-thread-1] INFO  segmented.SegmentedRaftLogWorker (SegmentedRaftLogWorker.java:lambda$new$0(129)) - 8a5e4c45-c5e6-427a-ba70-61ac25cd6fb3@group-DD7252967CB6-SegmentedRaftLogWorker: flushIndex: setUnconditionally 0 -> -1
2020-07-20 01:17:30,541 [pool-160-thread-1] INFO  segmented.SegmentedRaftLogWorker (SegmentedRaftLogWorker.java:lambda$new$0(129)) - 8a5e4c45-c5e6-427a-ba70-61ac25cd6fb3@group-DD7252967CB6-SegmentedRaftLogWorker: safeCacheEvictIndex: setUnconditionally 0 -> -1
2020-07-20 01:17:30,542 [pool-160-thread-1] INFO  server.RaftServerConfigKeys (ConfUtils.java:logGet(44)) - raft.server.snapshot.auto.trigger.enabled = true (custom)
2020-07-20 01:17:30,542 [pool-160-thread-1] INFO  server.RaftServerConfigKeys (ConfUtils.java:logGet(44)) - raft.server.snapshot.auto.trigger.threshold = 10000 (custom)
2020-07-20 01:17:30,542 [pool-160-thread-1] INFO  server.RaftServerConfigKeys (ConfUtils.java:logGet(44)) - raft.server.snapshot.retention.file.num = 5 (custom)
2020-07-20 01:17:30,542 [pool-160-thread-1] INFO  server.RaftServerConfigKeys (ConfUtils.java:logGet(44)) - raft.server.log.purge.upto.snapshot.index = false (default)
2020-07-20 01:17:30,542 [pool-160-thread-1] INFO  server.RaftServerConfigKeys (ConfUtils.java:logGet(44)) - raft.server.retrycache.expirytime = 600000ms (custom)
2020-07-20 01:17:30,542 [pool-160-thread-1] INFO  metrics.RatisMetrics (RatisMetrics.java:lambda$create$0(36)) - Creating Metrics Registry : ratis.leader_election.8a5e4c45-c5e6-427a-ba70-61ac25cd6fb3@group-DD7252967CB6
2020-07-20 01:17:30,543 [pool-160-thread-1] INFO  metrics.RatisMetrics (RatisMetrics.java:lambda$create$0(36)) - Creating Metrics Registry : ratis.server.8a5e4c45-c5e6-427a-ba70-61ac25cd6fb3@group-DD7252967CB6
2020-07-20 01:17:30,544 [pool-160-thread-1] INFO  impl.RaftServerImpl (RaftServerImpl.java:start(186)) - 8a5e4c45-c5e6-427a-ba70-61ac25cd6fb3@group-DD7252967CB6: start as a follower, conf=-1: [8a5e4c45-c5e6-427a-ba70-61ac25cd6fb3:172.17.0.2:39605], old=null
2020-07-20 01:17:30,544 [pool-160-thread-1] INFO  impl.RaftServerImpl (RaftServerImpl.java:setRole(175)) - 8a5e4c45-c5e6-427a-ba70-61ac25cd6fb3@group-DD7252967CB6: changes role from      null to FOLLOWER at term 0 for startAsFollower
2020-07-20 01:17:30,545 [pool-160-thread-1] INFO  impl.RoleInfo (RoleInfo.java:updateAndGet(143)) - 8a5e4c45-c5e6-427a-ba70-61ac25cd6fb3: start FollowerState
2020-07-20 01:17:30,545 [pool-160-thread-1] INFO  util.JmxRegister (JmxRegister.java:tryRegister(44)) - Successfully registered JMX Bean with object name Ratis:service=RaftServer,group=group-DD7252967CB6,id=8a5e4c45-c5e6-427a-ba70-61ac25cd6fb3
2020-07-20 01:17:30,545 [pool-160-thread-1] INFO  metrics.RatisMetrics (RatisMetrics.java:lambda$create$0(36)) - Creating Metrics Registry : ratis.state_machine.8a5e4c45-c5e6-427a-ba70-61ac25cd6fb3@group-DD7252967CB6
2020-07-20 01:17:30,548 [Command processor thread] INFO  commandhandler.CreatePipelineCommandHandler (CreatePipelineCommandHandler.java:handle(109)) - Created Pipeline RATIS ONE #id: "4d7567d8-e01d-4427-afe9-dd7252967cb6"
uuid128 {
  mostSigBits: 5581481494366209063
  leastSigBits: -5770837964416975690
}
.
2020-07-20 01:17:30,549 [Command processor thread] INFO  impl.RaftServerProxy (RaftServerProxy.java:addNew(89)) - 8a5e4c45-c5e6-427a-ba70-61ac25cd6fb3: addNew group-332B05DCA4EF:[8a5e4c45-c5e6-427a-ba70-61ac25cd6fb3:172.17.0.2:39605, 7d127ae0-d954-4615-95cd-077b23f6b81f:172.17.0.2:42865, a59d5cbb-6a4e-4b6f-8de9-1f6c3e59f3ac:172.17.0.2:39811] returns group-332B05DCA4EF:java.util.concurrent.CompletableFuture@222c03b5[Not completed]
2020-07-20 01:17:30,550 [pool-160-thread-1] INFO  impl.RaftServerImpl (RaftServerImpl.java:<init>(99)) - 8a5e4c45-c5e6-427a-ba70-61ac25cd6fb3: new RaftServerImpl for group-332B05DCA4EF:[8a5e4c45-c5e6-427a-ba70-61ac25cd6fb3:172.17.0.2:39605, 7d127ae0-d954-4615-95cd-077b23f6b81f:172.17.0.2:42865, a59d5cbb-6a4e-4b6f-8de9-1f6c3e59f3ac:172.17.0.2:39811] with ContainerStateMachine:uninitialized
2020-07-20 01:17:30,550 [pool-160-thread-1] INFO  server.RaftServerConfigKeys (ConfUtils.java:logGet(44)) - raft.server.rpc.timeout.min = 5s (custom)
2020-07-20 01:17:30,550 [pool-160-thread-1] INFO  server.RaftServerConfigKeys (ConfUtils.java:logGet(44)) - raft.server.rpc.timeout.max = 5200ms (custom)
2020-07-20 01:17:30,550 [pool-160-thread-1] INFO  server.RaftServerConfigKeys (ConfUtils.java:logGet(44)) - raft.server.rpcslowness.timeout = 300000ms (custom)
2020-07-20 01:17:30,550 [pool-160-thread-1] INFO  server.RaftServerConfigKeys (ConfUtils.java:logGet(44)) - raft.server.sleep.deviation.threshold = 300 (default)
2020-07-20 01:17:30,550 [pool-160-thread-1] INFO  server.RaftServerConfigKeys (ConfUtils.java:logGet(44)) - raft.server.log.appender.install.snapshot.enabled = false (custom)
2020-07-20 01:17:30,550 [pool-160-thread-1] INFO  impl.RaftServerImpl (ServerState.java:<init>(103)) - 8a5e4c45-c5e6-427a-ba70-61ac25cd6fb3@group-332B05DCA4EF: ConfigurationManager, init=-1: [8a5e4c45-c5e6-427a-ba70-61ac25cd6fb3:172.17.0.2:39605, 7d127ae0-d954-4615-95cd-077b23f6b81f:172.17.0.2:42865, a59d5cbb-6a4e-4b6f-8de9-1f6c3e59f3ac:172.17.0.2:39811], old=null, confs=<EMPTY_MAP>
2020-07-20 01:17:30,550 [pool-160-thread-1] INFO  server.RaftServerConfigKeys (ConfUtils.java:logGet(44)) - raft.server.storage.dir = [/github/workspace/mnt/ozone/hadoop-ozone/integration-test/target/test-dir/MiniOzoneClusterImpl-2e7463a0-386a-4864-a70a-9a5d00050037/datanode-0/data/ratis] (custom)
2020-07-20 01:17:30,551 [pool-160-thread-1] INFO  server.RaftServerConfigKeys (ConfUtils.java:logGet(44)) - raft.server.log.corruption.policy = EXCEPTION (default)
2020-07-20 01:17:30,551 [pool-160-thread-1] INFO  storage.RaftStorageDirectory (RaftStorageDirectory.java:analyzeStorage(261)) - The storage directory /github/workspace/mnt/ozone/hadoop-ozone/integration-test/target/test-dir/MiniOzoneClusterImpl-2e7463a0-386a-4864-a70a-9a5d00050037/datanode-0/data/ratis/6c03a006-704d-463b-bcf7-332b05dca4ef does not exist. Creating ...
2020-07-20 01:17:30,556 [pool-160-thread-1] INFO  storage.RaftStorageDirectory (RaftStorageDirectory.java:tryLock(343)) - Lock on /github/workspace/mnt/ozone/hadoop-ozone/integration-test/target/test-dir/MiniOzoneClusterImpl-2e7463a0-386a-4864-a70a-9a5d00050037/datanode-0/data/ratis/6c03a006-704d-463b-bcf7-332b05dca4ef/in_use.lock acquired by nodename 16462@9ffb5d2b249d
2020-07-20 01:17:30,557 [pool-160-thread-1] INFO  storage.RaftStorage (RaftStorage.java:format(84)) - Storage directory /github/workspace/mnt/ozone/hadoop-ozone/integration-test/target/test-dir/MiniOzoneClusterImpl-2e7463a0-386a-4864-a70a-9a5d00050037/datanode-0/data/ratis/6c03a006-704d-463b-bcf7-332b05dca4ef has been successfully formatted.
2020-07-20 01:17:30,557 [pool-160-thread-1] INFO  ratis.ContainerStateMachine (ContainerStateMachine.java:loadSnapshot(225)) - group-332B05DCA4EF: The snapshot info is null. Setting the last applied indexto:(t:0, i:~)
2020-07-20 01:17:30,557 [pool-160-thread-1] INFO  server.RaftServerConfigKeys (ConfUtils.java:logGet(44)) - raft.server.notification.no-leader.timeout = 300000ms (custom)
2020-07-20 01:17:30,558 [pool-160-thread-1] INFO  server.RaftServerConfigKeys (ConfUtils.java:logGet(44)) - raft.server.log.use.memory = false (default)
2020-07-20 01:17:30,558 [pool-160-thread-1] INFO  server.RaftServerConfigKeys (ConfUtils.java:logGet(44)) - raft.server.log.purge.gap = 1000000 (custom)
2020-07-20 01:17:30,558 [pool-160-thread-1] INFO  server.RaftServerConfigKeys (ConfUtils.java:logGet(44)) - raft.server.log.appender.buffer.byte-limit = 33554432 (custom)
2020-07-20 01:17:30,558 [pool-160-thread-1] INFO  server.RaftServerConfigKeys (ConfUtils.java:logGet(44)) - raft.server.log.segment.size.max = 1048576 (custom)
2020-07-20 01:17:30,558 [pool-160-thread-1] INFO  metrics.RatisMetrics (RatisMetrics.java:lambda$create$0(36)) - Creating Metrics Registry : ratis.log_worker.8a5e4c45-c5e6-427a-ba70-61ac25cd6fb3@group-332B05DCA4EF
2020-07-20 01:17:30,559 [pool-160-thread-1] INFO  server.RaftServerConfigKeys (ConfUtils.java:logGet(44)) - raft.server.log.segment.cache.num.max = 2 (custom)
2020-07-20 01:17:30,559 [pool-160-thread-1] INFO  segmented.SegmentedRaftLogWorker (SegmentedRaftLogWorker.java:<init>(180)) - new 8a5e4c45-c5e6-427a-ba70-61ac25cd6fb3@group-332B05DCA4EF-SegmentedRaftLogWorker for RaftStorage:Storage Directory /github/workspace/mnt/ozone/hadoop-ozone/integration-test/target/test-dir/MiniOzoneClusterImpl-2e7463a0-386a-4864-a70a-9a5d00050037/datanode-0/data/ratis/6c03a006-704d-463b-bcf7-332b05dca4ef
2020-07-20 01:17:30,559 [pool-160-thread-1] INFO  server.RaftServerConfigKeys (ConfUtils.java:logGet(44)) - raft.server.log.queue.byte-limit = 2147483647 (custom)
2020-07-20 01:17:30,559 [pool-160-thread-1] INFO  server.RaftServerConfigKeys (ConfUtils.java:logGet(44)) - raft.server.log.queue.element-limit = 1024 (custom)
2020-07-20 01:17:30,559 [pool-160-thread-1] INFO  server.RaftServerConfigKeys (ConfUtils.java:logGet(44)) - raft.server.log.segment.size.max = 1048576 (custom)
2020-07-20 01:17:30,559 [pool-160-thread-1] INFO  server.RaftServerConfigKeys (ConfUtils.java:logGet(44)) - raft.server.log.preallocated.size = 16384 (custom)
2020-07-20 01:17:30,559 [pool-160-thread-1] INFO  server.RaftServerConfigKeys (ConfUtils.java:logGet(44)) - raft.server.log.write.buffer.size = 1048576 (custom)
2020-07-20 01:17:30,559 [pool-160-thread-1] INFO  server.RaftServerConfigKeys (ConfUtils.java:logGet(44)) - raft.server.log.force.sync.num = 128 (default)
2020-07-20 01:17:30,559 [pool-160-thread-1] INFO  server.RaftServerConfigKeys (ConfUtils.java:logGet(44)) - raft.server.log.statemachine.data.sync = true (default)
2020-07-20 01:17:30,560 [pool-160-thread-1] INFO  server.RaftServerConfigKeys (ConfUtils.java:logGet(44)) - raft.server.log.statemachine.data.sync.timeout = 10s (default)
2020-07-20 01:17:30,560 [pool-160-thread-1] INFO  server.RaftServerConfigKeys (ConfUtils.java:logGet(44)) - raft.server.log.statemachine.data.sync.timeout.retry = -1 (default)
2020-07-20 01:17:30,561 [pool-160-thread-1] INFO  server.RaftServerConfigKeys (ConfUtils.java:logGet(44)) - raft.server.log.statemachine.data.caching.enabled = true (custom)
2020-07-20 01:17:30,563 [pool-160-thread-1] INFO  segmented.SegmentedRaftLogWorker (SegmentedRaftLogWorker.java:lambda$new$0(129)) - 8a5e4c45-c5e6-427a-ba70-61ac25cd6fb3@group-332B05DCA4EF-SegmentedRaftLogWorker: flushIndex: setUnconditionally 0 -> -1
2020-07-20 01:17:30,563 [pool-160-thread-1] INFO  segmented.SegmentedRaftLogWorker (SegmentedRaftLogWorker.java:lambda$new$0(129)) - 8a5e4c45-c5e6-427a-ba70-61ac25cd6fb3@group-332B05DCA4EF-SegmentedRaftLogWorker: safeCacheEvictIndex: setUnconditionally 0 -> -1
2020-07-20 01:17:30,565 [pool-160-thread-1] INFO  server.RaftServerConfigKeys (ConfUtils.java:logGet(44)) - raft.server.snapshot.auto.trigger.enabled = true (custom)
2020-07-20 01:17:30,565 [pool-160-thread-1] INFO  server.RaftServerConfigKeys (ConfUtils.java:logGet(44)) - raft.server.snapshot.auto.trigger.threshold = 10000 (custom)
2020-07-20 01:17:30,565 [pool-160-thread-1] INFO  server.RaftServerConfigKeys (ConfUtils.java:logGet(44)) - raft.server.snapshot.retention.file.num = 5 (custom)
2020-07-20 01:17:30,565 [pool-160-thread-1] INFO  server.RaftServerConfigKeys (ConfUtils.java:logGet(44)) - raft.server.log.purge.upto.snapshot.index = false (default)
2020-07-20 01:17:30,566 [pool-160-thread-1] INFO  server.RaftServerConfigKeys (ConfUtils.java:logGet(44)) - raft.server.retrycache.expirytime = 600000ms (custom)
2020-07-20 01:17:30,566 [pool-160-thread-1] INFO  metrics.RatisMetrics (RatisMetrics.java:lambda$create$0(36)) - Creating Metrics Registry : ratis.leader_election.8a5e4c45-c5e6-427a-ba70-61ac25cd6fb3@group-332B05DCA4EF
2020-07-20 01:17:30,567 [pool-160-thread-1] INFO  metrics.RatisMetrics (RatisMetrics.java:lambda$create$0(36)) - Creating Metrics Registry : ratis.server.8a5e4c45-c5e6-427a-ba70-61ac25cd6fb3@group-332B05DCA4EF
2020-07-20 01:17:30,568 [pool-160-thread-1] INFO  impl.RaftServerImpl (RaftServerImpl.java:start(186)) - 8a5e4c45-c5e6-427a-ba70-61ac25cd6fb3@group-332B05DCA4EF: start as a follower, conf=-1: [8a5e4c45-c5e6-427a-ba70-61ac25cd6fb3:172.17.0.2:39605, 7d127ae0-d954-4615-95cd-077b23f6b81f:172.17.0.2:42865, a59d5cbb-6a4e-4b6f-8de9-1f6c3e59f3ac:172.17.0.2:39811], old=null
2020-07-20 01:17:30,568 [pool-160-thread-1] INFO  impl.RaftServerImpl (RaftServerImpl.java:setRole(175)) - 8a5e4c45-c5e6-427a-ba70-61ac25cd6fb3@group-332B05DCA4EF: changes role from      null to FOLLOWER at term 0 for startAsFollower
2020-07-20 01:17:30,568 [pool-160-thread-1] INFO  impl.RoleInfo (RoleInfo.java:updateAndGet(143)) - 8a5e4c45-c5e6-427a-ba70-61ac25cd6fb3: start FollowerState
2020-07-20 01:17:30,569 [pool-160-thread-1] INFO  util.JmxRegister (JmxRegister.java:tryRegister(44)) - Successfully registered JMX Bean with object name Ratis:service=RaftServer,group=group-332B05DCA4EF,id=8a5e4c45-c5e6-427a-ba70-61ac25cd6fb3
2020-07-20 01:17:30,569 [pool-160-thread-1] INFO  metrics.RatisMetrics (RatisMetrics.java:lambda$create$0(36)) - Creating Metrics Registry : ratis.state_machine.8a5e4c45-c5e6-427a-ba70-61ac25cd6fb3@group-332B05DCA4EF
2020-07-20 01:17:30,594 [grpc-default-executor-1] INFO  impl.RaftServerProxy (RaftServerProxy.java:addNew(89)) - a59d5cbb-6a4e-4b6f-8de9-1f6c3e59f3ac: addNew group-332B05DCA4EF:[8a5e4c45-c5e6-427a-ba70-61ac25cd6fb3:172.17.0.2:39605, 7d127ae0-d954-4615-95cd-077b23f6b81f:172.17.0.2:42865, a59d5cbb-6a4e-4b6f-8de9-1f6c3e59f3ac:172.17.0.2:39811] returns group-332B05DCA4EF:java.util.concurrent.CompletableFuture@59ab93a1[Not completed]
2020-07-20 01:17:30,596 [pool-175-thread-1] INFO  impl.RaftServerImpl (RaftServerImpl.java:<init>(99)) - a59d5cbb-6a4e-4b6f-8de9-1f6c3e59f3ac: new RaftServerImpl for group-332B05DCA4EF:[8a5e4c45-c5e6-427a-ba70-61ac25cd6fb3:172.17.0.2:39605, 7d127ae0-d954-4615-95cd-077b23f6b81f:172.17.0.2:42865, a59d5cbb-6a4e-4b6f-8de9-1f6c3e59f3ac:172.17.0.2:39811] with ContainerStateMachine:uninitialized
2020-07-20 01:17:30,596 [pool-175-thread-1] INFO  server.RaftServerConfigKeys (ConfUtils.java:logGet(44)) - raft.server.rpc.timeout.min = 5s (custom)
2020-07-20 01:17:30,596 [pool-175-thread-1] INFO  server.RaftServerConfigKeys (ConfUtils.java:logGet(44)) - raft.server.rpc.timeout.max = 5200ms (custom)
2020-07-20 01:17:30,597 [pool-175-thread-1] INFO  server.RaftServerConfigKeys (ConfUtils.java:logGet(44)) - raft.server.rpcslowness.timeout = 300000ms (custom)
2020-07-20 01:17:30,597 [pool-175-thread-1] INFO  server.RaftServerConfigKeys (ConfUtils.java:logGet(44)) - raft.server.sleep.deviation.threshold = 300 (default)
2020-07-20 01:17:30,597 [pool-175-thread-1] INFO  server.RaftServerConfigKeys (ConfUtils.java:logGet(44)) - raft.server.log.appender.install.snapshot.enabled = false (custom)
2020-07-20 01:17:30,597 [pool-175-thread-1] INFO  impl.RaftServerImpl (ServerState.java:<init>(103)) - a59d5cbb-6a4e-4b6f-8de9-1f6c3e59f3ac@group-332B05DCA4EF: ConfigurationManager, init=-1: [8a5e4c45-c5e6-427a-ba70-61ac25cd6fb3:172.17.0.2:39605, 7d127ae0-d954-4615-95cd-077b23f6b81f:172.17.0.2:42865, a59d5cbb-6a4e-4b6f-8de9-1f6c3e59f3ac:172.17.0.2:39811], old=null, confs=<EMPTY_MAP>
2020-07-20 01:17:30,597 [pool-175-thread-1] INFO  server.RaftServerConfigKeys (ConfUtils.java:logGet(44)) - raft.server.storage.dir = [/github/workspace/mnt/ozone/hadoop-ozone/integration-test/target/test-dir/MiniOzoneClusterImpl-2e7463a0-386a-4864-a70a-9a5d00050037/datanode-1/data/ratis] (custom)
2020-07-20 01:17:30,597 [pool-175-thread-1] INFO  server.RaftServerConfigKeys (ConfUtils.java:logGet(44)) - raft.server.log.corruption.policy = EXCEPTION (default)
2020-07-20 01:17:30,598 [pool-175-thread-1] INFO  storage.RaftStorageDirectory (RaftStorageDirectory.java:analyzeStorage(261)) - The storage directory /github/workspace/mnt/ozone/hadoop-ozone/integration-test/target/test-dir/MiniOzoneClusterImpl-2e7463a0-386a-4864-a70a-9a5d00050037/datanode-1/data/ratis/6c03a006-704d-463b-bcf7-332b05dca4ef does not exist. Creating ...
2020-07-20 01:17:30,599 [pool-175-thread-1] INFO  storage.RaftStorageDirectory (RaftStorageDirectory.java:tryLock(343)) - Lock on /github/workspace/mnt/ozone/hadoop-ozone/integration-test/target/test-dir/MiniOzoneClusterImpl-2e7463a0-386a-4864-a70a-9a5d00050037/datanode-1/data/ratis/6c03a006-704d-463b-bcf7-332b05dca4ef/in_use.lock acquired by nodename 16462@9ffb5d2b249d
2020-07-20 01:17:30,600 [pool-175-thread-1] INFO  storage.RaftStorage (RaftStorage.java:format(84)) - Storage directory /github/workspace/mnt/ozone/hadoop-ozone/integration-test/target/test-dir/MiniOzoneClusterImpl-2e7463a0-386a-4864-a70a-9a5d00050037/datanode-1/data/ratis/6c03a006-704d-463b-bcf7-332b05dca4ef has been successfully formatted.
2020-07-20 01:17:30,602 [pool-175-thread-1] INFO  ratis.ContainerStateMachine (ContainerStateMachine.java:loadSnapshot(225)) - group-332B05DCA4EF: The snapshot info is null. Setting the last applied indexto:(t:0, i:~)
2020-07-20 01:17:30,602 [pool-175-thread-1] INFO  server.RaftServerConfigKeys (ConfUtils.java:logGet(44)) - raft.server.notification.no-leader.timeout = 300000ms (custom)
2020-07-20 01:17:30,602 [pool-175-thread-1] INFO  server.RaftServerConfigKeys (ConfUtils.java:logGet(44)) - raft.server.log.use.memory = false (default)
2020-07-20 01:17:30,602 [pool-175-thread-1] INFO  server.RaftServerConfigKeys (ConfUtils.java:logGet(44)) - raft.server.log.purge.gap = 1000000 (custom)
2020-07-20 01:17:30,602 [pool-175-thread-1] INFO  server.RaftServerConfigKeys (ConfUtils.java:logGet(44)) - raft.server.log.appender.buffer.byte-limit = 33554432 (custom)
2020-07-20 01:17:30,602 [pool-175-thread-1] INFO  server.RaftServerConfigKeys (ConfUtils.java:logGet(44)) - raft.server.log.segment.size.max = 1048576 (custom)
2020-07-20 01:17:30,602 [pool-175-thread-1] INFO  metrics.RatisMetrics (RatisMetrics.java:lambda$create$0(36)) - Creating Metrics Registry : ratis.log_worker.a59d5cbb-6a4e-4b6f-8de9-1f6c3e59f3ac@group-332B05DCA4EF
2020-07-20 01:17:30,603 [pool-175-thread-1] INFO  server.RaftServerConfigKeys (ConfUtils.java:logGet(44)) - raft.server.log.segment.cache.num.max = 2 (custom)
2020-07-20 01:17:30,603 [pool-175-thread-1] INFO  segmented.SegmentedRaftLogWorker (SegmentedRaftLogWorker.java:<init>(180)) - new a59d5cbb-6a4e-4b6f-8de9-1f6c3e59f3ac@group-332B05DCA4EF-SegmentedRaftLogWorker for RaftStorage:Storage Directory /github/workspace/mnt/ozone/hadoop-ozone/integration-test/target/test-dir/MiniOzoneClusterImpl-2e7463a0-386a-4864-a70a-9a5d00050037/datanode-1/data/ratis/6c03a006-704d-463b-bcf7-332b05dca4ef
2020-07-20 01:17:30,603 [pool-175-thread-1] INFO  server.RaftServerConfigKeys (ConfUtils.java:logGet(44)) - raft.server.log.queue.byte-limit = 2147483647 (custom)
2020-07-20 01:17:30,603 [pool-175-thread-1] INFO  server.RaftServerConfigKeys (ConfUtils.java:logGet(44)) - raft.server.log.queue.element-limit = 1024 (custom)
2020-07-20 01:17:30,603 [pool-175-thread-1] INFO  server.RaftServerConfigKeys (ConfUtils.java:logGet(44)) - raft.server.log.segment.size.max = 1048576 (custom)
2020-07-20 01:17:30,604 [pool-175-thread-1] INFO  server.RaftServerConfigKeys (ConfUtils.java:logGet(44)) - raft.server.log.preallocated.size = 16384 (custom)
2020-07-20 01:17:30,604 [pool-175-thread-1] INFO  server.RaftServerConfigKeys (ConfUtils.java:logGet(44)) - raft.server.log.write.buffer.size = 1048576 (custom)
2020-07-20 01:17:30,604 [pool-175-thread-1] INFO  server.RaftServerConfigKeys (ConfUtils.java:logGet(44)) - raft.server.log.force.sync.num = 128 (default)
2020-07-20 01:17:30,604 [pool-175-thread-1] INFO  server.RaftServerConfigKeys (ConfUtils.java:logGet(44)) - raft.server.log.statemachine.data.sync = true (default)
2020-07-20 01:17:30,604 [pool-175-thread-1] INFO  server.RaftServerConfigKeys (ConfUtils.java:logGet(44)) - raft.server.log.statemachine.data.sync.timeout = 10s (default)
2020-07-20 01:17:30,604 [pool-175-thread-1] INFO  server.RaftServerConfigKeys (ConfUtils.java:logGet(44)) - raft.server.log.statemachine.data.sync.timeout.retry = -1 (default)
2020-07-20 01:17:30,607 [pool-175-thread-1] INFO  server.RaftServerConfigKeys (ConfUtils.java:logGet(44)) - raft.server.log.statemachine.data.caching.enabled = true (custom)
2020-07-20 01:17:30,607 [pool-175-thread-1] INFO  segmented.SegmentedRaftLogWorker (SegmentedRaftLogWorker.java:lambda$new$0(129)) - a59d5cbb-6a4e-4b6f-8de9-1f6c3e59f3ac@group-332B05DCA4EF-SegmentedRaftLogWorker: flushIndex: setUnconditionally 0 -> -1
2020-07-20 01:17:30,607 [pool-175-thread-1] INFO  segmented.SegmentedRaftLogWorker (SegmentedRaftLogWorker.java:lambda$new$0(129)) - a59d5cbb-6a4e-4b6f-8de9-1f6c3e59f3ac@group-332B05DCA4EF-SegmentedRaftLogWorker: safeCacheEvictIndex: setUnconditionally 0 -> -1
2020-07-20 01:17:30,607 [pool-175-thread-1] INFO  server.RaftServerConfigKeys (ConfUtils.java:logGet(44)) - raft.server.snapshot.auto.trigger.enabled = true (custom)
2020-07-20 01:17:30,607 [pool-175-thread-1] INFO  server.RaftServerConfigKeys (ConfUtils.java:logGet(44)) - raft.server.snapshot.auto.trigger.threshold = 10000 (custom)
2020-07-20 01:17:30,607 [pool-175-thread-1] INFO  server.RaftServerConfigKeys (ConfUtils.java:logGet(44)) - raft.server.snapshot.retention.file.num = 5 (custom)
2020-07-20 01:17:30,607 [pool-175-thread-1] INFO  server.RaftServerConfigKeys (ConfUtils.java:logGet(44)) - raft.server.log.purge.upto.snapshot.index = false (default)
2020-07-20 01:17:30,607 [pool-175-thread-1] INFO  server.RaftServerConfigKeys (ConfUtils.java:logGet(44)) - raft.server.retrycache.expirytime = 600000ms (custom)
2020-07-20 01:17:30,608 [pool-175-thread-1] INFO  metrics.RatisMetrics (RatisMetrics.java:lambda$create$0(36)) - Creating Metrics Registry : ratis.leader_election.a59d5cbb-6a4e-4b6f-8de9-1f6c3e59f3ac@group-332B05DCA4EF
2020-07-20 01:17:30,608 [pool-175-thread-1] INFO  metrics.RatisMetrics (RatisMetrics.java:lambda$create$0(36)) - Creating Metrics Registry : ratis.server.a59d5cbb-6a4e-4b6f-8de9-1f6c3e59f3ac@group-332B05DCA4EF
2020-07-20 01:17:30,610 [pool-175-thread-1] INFO  impl.RaftServerImpl (RaftServerImpl.java:start(186)) - a59d5cbb-6a4e-4b6f-8de9-1f6c3e59f3ac@group-332B05DCA4EF: start as a follower, conf=-1: [8a5e4c45-c5e6-427a-ba70-61ac25cd6fb3:172.17.0.2:39605, 7d127ae0-d954-4615-95cd-077b23f6b81f:172.17.0.2:42865, a59d5cbb-6a4e-4b6f-8de9-1f6c3e59f3ac:172.17.0.2:39811], old=null
2020-07-20 01:17:30,610 [pool-175-thread-1] INFO  impl.RaftServerImpl (RaftServerImpl.java:setRole(175)) - a59d5cbb-6a4e-4b6f-8de9-1f6c3e59f3ac@group-332B05DCA4EF: changes role from      null to FOLLOWER at term 0 for startAsFollower
2020-07-20 01:17:30,610 [pool-175-thread-1] INFO  impl.RoleInfo (RoleInfo.java:updateAndGet(143)) - a59d5cbb-6a4e-4b6f-8de9-1f6c3e59f3ac: start FollowerState
2020-07-20 01:17:30,611 [pool-175-thread-1] INFO  util.JmxRegister (JmxRegister.java:tryRegister(44)) - Successfully registered JMX Bean with object name Ratis:service=RaftServer,group=group-332B05DCA4EF,id=a59d5cbb-6a4e-4b6f-8de9-1f6c3e59f3ac
2020-07-20 01:17:30,611 [pool-175-thread-1] INFO  metrics.RatisMetrics (RatisMetrics.java:lambda$create$0(36)) - Creating Metrics Registry : ratis.state_machine.a59d5cbb-6a4e-4b6f-8de9-1f6c3e59f3ac@group-332B05DCA4EF
2020-07-20 01:17:30,632 [grpc-default-executor-1] INFO  impl.RaftServerProxy (RaftServerProxy.java:addNew(89)) - 7d127ae0-d954-4615-95cd-077b23f6b81f: addNew group-332B05DCA4EF:[8a5e4c45-c5e6-427a-ba70-61ac25cd6fb3:172.17.0.2:39605, 7d127ae0-d954-4615-95cd-077b23f6b81f:172.17.0.2:42865, a59d5cbb-6a4e-4b6f-8de9-1f6c3e59f3ac:172.17.0.2:39811] returns group-332B05DCA4EF:java.util.concurrent.CompletableFuture@29d4588e[Not completed]
2020-07-20 01:17:30,634 [pool-190-thread-1] INFO  impl.RaftServerImpl (RaftServerImpl.java:<init>(99)) - 7d127ae0-d954-4615-95cd-077b23f6b81f: new RaftServerImpl for group-332B05DCA4EF:[8a5e4c45-c5e6-427a-ba70-61ac25cd6fb3:172.17.0.2:39605, 7d127ae0-d954-4615-95cd-077b23f6b81f:172.17.0.2:42865, a59d5cbb-6a4e-4b6f-8de9-1f6c3e59f3ac:172.17.0.2:39811] with ContainerStateMachine:uninitialized
2020-07-20 01:17:30,636 [pool-190-thread-1] INFO  server.RaftServerConfigKeys (ConfUtils.java:logGet(44)) - raft.server.rpc.timeout.min = 5s (custom)
2020-07-20 01:17:30,636 [pool-190-thread-1] INFO  server.RaftServerConfigKeys (ConfUtils.java:logGet(44)) - raft.server.rpc.timeout.max = 5200ms (custom)
2020-07-20 01:17:30,636 [pool-190-thread-1] INFO  server.RaftServerConfigKeys (ConfUtils.java:logGet(44)) - raft.server.rpcslowness.timeout = 300000ms (custom)
2020-07-20 01:17:30,636 [pool-190-thread-1] INFO  server.RaftServerConfigKeys (ConfUtils.java:logGet(44)) - raft.server.sleep.deviation.threshold = 300 (default)
2020-07-20 01:17:30,636 [pool-190-thread-1] INFO  server.RaftServerConfigKeys (ConfUtils.java:logGet(44)) - raft.server.log.appender.install.snapshot.enabled = false (custom)
2020-07-20 01:17:30,636 [pool-190-thread-1] INFO  impl.RaftServerImpl (ServerState.java:<init>(103)) - 7d127ae0-d954-4615-95cd-077b23f6b81f@group-332B05DCA4EF: ConfigurationManager, init=-1: [8a5e4c45-c5e6-427a-ba70-61ac25cd6fb3:172.17.0.2:39605, 7d127ae0-d954-4615-95cd-077b23f6b81f:172.17.0.2:42865, a59d5cbb-6a4e-4b6f-8de9-1f6c3e59f3ac:172.17.0.2:39811], old=null, confs=<EMPTY_MAP>
2020-07-20 01:17:30,636 [pool-190-thread-1] INFO  server.RaftServerConfigKeys (ConfUtils.java:logGet(44)) - raft.server.storage.dir = [/github/workspace/mnt/ozone/hadoop-ozone/integration-test/target/test-dir/MiniOzoneClusterImpl-2e7463a0-386a-4864-a70a-9a5d00050037/datanode-2/data/ratis] (custom)
2020-07-20 01:17:30,636 [pool-190-thread-1] INFO  server.RaftServerConfigKeys (ConfUtils.java:logGet(44)) - raft.server.log.corruption.policy = EXCEPTION (default)
2020-07-20 01:17:30,637 [pool-190-thread-1] INFO  storage.RaftStorageDirectory (RaftStorageDirectory.java:analyzeStorage(261)) - The storage directory /github/workspace/mnt/ozone/hadoop-ozone/integration-test/target/test-dir/MiniOzoneClusterImpl-2e7463a0-386a-4864-a70a-9a5d00050037/datanode-2/data/ratis/6c03a006-704d-463b-bcf7-332b05dca4ef does not exist. Creating ...
2020-07-20 01:17:30,638 [pool-190-thread-1] INFO  storage.RaftStorageDirectory (RaftStorageDirectory.java:tryLock(343)) - Lock on /github/workspace/mnt/ozone/hadoop-ozone/integration-test/target/test-dir/MiniOzoneClusterImpl-2e7463a0-386a-4864-a70a-9a5d00050037/datanode-2/data/ratis/6c03a006-704d-463b-bcf7-332b05dca4ef/in_use.lock acquired by nodename 16462@9ffb5d2b249d
2020-07-20 01:17:30,640 [pool-190-thread-1] INFO  storage.RaftStorage (RaftStorage.java:format(84)) - Storage directory /github/workspace/mnt/ozone/hadoop-ozone/integration-test/target/test-dir/MiniOzoneClusterImpl-2e7463a0-386a-4864-a70a-9a5d00050037/datanode-2/data/ratis/6c03a006-704d-463b-bcf7-332b05dca4ef has been successfully formatted.
2020-07-20 01:17:30,641 [pool-190-thread-1] INFO  ratis.ContainerStateMachine (ContainerStateMachine.java:loadSnapshot(225)) - group-332B05DCA4EF: The snapshot info is null. Setting the last applied indexto:(t:0, i:~)
2020-07-20 01:17:30,641 [pool-190-thread-1] INFO  server.RaftServerConfigKeys (ConfUtils.java:logGet(44)) - raft.server.notification.no-leader.timeout = 300000ms (custom)
2020-07-20 01:17:30,641 [pool-190-thread-1] INFO  server.RaftServerConfigKeys (ConfUtils.java:logGet(44)) - raft.server.log.use.memory = false (default)
2020-07-20 01:17:30,641 [pool-190-thread-1] INFO  server.RaftServerConfigKeys (ConfUtils.java:logGet(44)) - raft.server.log.purge.gap = 1000000 (custom)
2020-07-20 01:17:30,641 [pool-190-thread-1] INFO  server.RaftServerConfigKeys (ConfUtils.java:logGet(44)) - raft.server.log.appender.buffer.byte-limit = 33554432 (custom)
2020-07-20 01:17:30,642 [pool-190-thread-1] INFO  server.RaftServerConfigKeys (ConfUtils.java:logGet(44)) - raft.server.log.segment.size.max = 1048576 (custom)
2020-07-20 01:17:30,642 [pool-190-thread-1] INFO  metrics.RatisMetrics (RatisMetrics.java:lambda$create$0(36)) - Creating Metrics Registry : ratis.log_worker.7d127ae0-d954-4615-95cd-077b23f6b81f@group-332B05DCA4EF
2020-07-20 01:17:30,642 [pool-190-thread-1] INFO  server.RaftServerConfigKeys (ConfUtils.java:logGet(44)) - raft.server.log.segment.cache.num.max = 2 (custom)
2020-07-20 01:17:30,643 [pool-190-thread-1] INFO  segmented.SegmentedRaftLogWorker (SegmentedRaftLogWorker.java:<init>(180)) - new 7d127ae0-d954-4615-95cd-077b23f6b81f@group-332B05DCA4EF-SegmentedRaftLogWorker for RaftStorage:Storage Directory /github/workspace/mnt/ozone/hadoop-ozone/integration-test/target/test-dir/MiniOzoneClusterImpl-2e7463a0-386a-4864-a70a-9a5d00050037/datanode-2/data/ratis/6c03a006-704d-463b-bcf7-332b05dca4ef
2020-07-20 01:17:30,643 [pool-190-thread-1] INFO  server.RaftServerConfigKeys (ConfUtils.java:logGet(44)) - raft.server.log.queue.byte-limit = 2147483647 (custom)
2020-07-20 01:17:30,643 [pool-190-thread-1] INFO  server.RaftServerConfigKeys (ConfUtils.java:logGet(44)) - raft.server.log.queue.element-limit = 1024 (custom)
2020-07-20 01:17:30,643 [pool-190-thread-1] INFO  server.RaftServerConfigKeys (ConfUtils.java:logGet(44)) - raft.server.log.segment.size.max = 1048576 (custom)
2020-07-20 01:17:30,643 [pool-190-thread-1] INFO  server.RaftServerConfigKeys (ConfUtils.java:logGet(44)) - raft.server.log.preallocated.size = 16384 (custom)
2020-07-20 01:17:30,643 [pool-190-thread-1] INFO  server.RaftServerConfigKeys (ConfUtils.java:logGet(44)) - raft.server.log.write.buffer.size = 1048576 (custom)
2020-07-20 01:17:30,643 [pool-190-thread-1] INFO  server.RaftServerConfigKeys (ConfUtils.java:logGet(44)) - raft.server.log.force.sync.num = 128 (default)
2020-07-20 01:17:30,643 [pool-190-thread-1] INFO  server.RaftServerConfigKeys (ConfUtils.java:logGet(44)) - raft.server.log.statemachine.data.sync = true (default)
2020-07-20 01:17:30,643 [pool-190-thread-1] INFO  server.RaftServerConfigKeys (ConfUtils.java:logGet(44)) - raft.server.log.statemachine.data.sync.timeout = 10s (default)
2020-07-20 01:17:30,643 [pool-190-thread-1] INFO  server.RaftServerConfigKeys (ConfUtils.java:logGet(44)) - raft.server.log.statemachine.data.sync.timeout.retry = -1 (default)
2020-07-20 01:17:30,646 [pool-190-thread-1] INFO  server.RaftServerConfigKeys (ConfUtils.java:logGet(44)) - raft.server.log.statemachine.data.caching.enabled = true (custom)
2020-07-20 01:17:30,646 [pool-190-thread-1] INFO  segmented.SegmentedRaftLogWorker (SegmentedRaftLogWorker.java:lambda$new$0(129)) - 7d127ae0-d954-4615-95cd-077b23f6b81f@group-332B05DCA4EF-SegmentedRaftLogWorker: flushIndex: setUnconditionally 0 -> -1
2020-07-20 01:17:30,646 [pool-190-thread-1] INFO  segmented.SegmentedRaftLogWorker (SegmentedRaftLogWorker.java:lambda$new$0(129)) - 7d127ae0-d954-4615-95cd-077b23f6b81f@group-332B05DCA4EF-SegmentedRaftLogWorker: safeCacheEvictIndex: setUnconditionally 0 -> -1
2020-07-20 01:17:30,647 [pool-190-thread-1] INFO  server.RaftServerConfigKeys (ConfUtils.java:logGet(44)) - raft.server.snapshot.auto.trigger.enabled = true (custom)
2020-07-20 01:17:30,647 [pool-190-thread-1] INFO  server.RaftServerConfigKeys (ConfUtils.java:logGet(44)) - raft.server.snapshot.auto.trigger.threshold = 10000 (custom)
2020-07-20 01:17:30,647 [pool-190-thread-1] INFO  server.RaftServerConfigKeys (ConfUtils.java:logGet(44)) - raft.server.snapshot.retention.file.num = 5 (custom)
2020-07-20 01:17:30,647 [Command processor thread] INFO  impl.RaftServerProxy (RaftServerProxy.java:addNew(89)) - a59d5cbb-6a4e-4b6f-8de9-1f6c3e59f3ac: addNew group-B8C9414F6306:[a59d5cbb-6a4e-4b6f-8de9-1f6c3e59f3ac:172.17.0.2:39811] returns group-B8C9414F6306:java.util.concurrent.CompletableFuture@5b39594[Not completed]
2020-07-20 01:17:30,647 [pool-190-thread-1] INFO  server.RaftServerConfigKeys (ConfUtils.java:logGet(44)) - raft.server.log.purge.upto.snapshot.index = false (default)
2020-07-20 01:17:30,648 [pool-190-thread-1] INFO  server.RaftServerConfigKeys (ConfUtils.java:logGet(44)) - raft.server.retrycache.expirytime = 600000ms (custom)
2020-07-20 01:17:30,648 [pool-190-thread-1] INFO  metrics.RatisMetrics (RatisMetrics.java:lambda$create$0(36)) - Creating Metrics Registry : ratis.leader_election.7d127ae0-d954-4615-95cd-077b23f6b81f@group-332B05DCA4EF
2020-07-20 01:17:30,648 [pool-175-thread-1] INFO  impl.RaftServerImpl (RaftServerImpl.java:<init>(99)) - a59d5cbb-6a4e-4b6f-8de9-1f6c3e59f3ac: new RaftServerImpl for group-B8C9414F6306:[a59d5cbb-6a4e-4b6f-8de9-1f6c3e59f3ac:172.17.0.2:39811] with ContainerStateMachine:uninitialized
2020-07-20 01:17:30,648 [pool-175-thread-1] INFO  server.RaftServerConfigKeys (ConfUtils.java:logGet(44)) - raft.server.rpc.timeout.min = 5s (custom)
2020-07-20 01:17:30,648 [pool-175-thread-1] INFO  server.RaftServerConfigKeys (ConfUtils.java:logGet(44)) - raft.server.rpc.timeout.max = 5200ms (custom)
2020-07-20 01:17:30,648 [pool-175-thread-1] INFO  server.RaftServerConfigKeys (ConfUtils.java:logGet(44)) - raft.server.rpcslowness.timeout = 300000ms (custom)
2020-07-20 01:17:30,648 [pool-175-thread-1] INFO  server.RaftServerConfigKeys (ConfUtils.java:logGet(44)) - raft.server.sleep.deviation.threshold = 300 (default)
2020-07-20 01:17:30,648 [pool-175-thread-1] INFO  server.RaftServerConfigKeys (ConfUtils.java:logGet(44)) - raft.server.log.appender.install.snapshot.enabled = false (custom)
2020-07-20 01:17:30,648 [pool-175-thread-1] INFO  impl.RaftServerImpl (ServerState.java:<init>(103)) - a59d5cbb-6a4e-4b6f-8de9-1f6c3e59f3ac@group-B8C9414F6306: ConfigurationManager, init=-1: [a59d5cbb-6a4e-4b6f-8de9-1f6c3e59f3ac:172.17.0.2:39811], old=null, confs=<EMPTY_MAP>
2020-07-20 01:17:30,648 [pool-175-thread-1] INFO  server.RaftServerConfigKeys (ConfUtils.java:logGet(44)) - raft.server.storage.dir = [/github/workspace/mnt/ozone/hadoop-ozone/integration-test/target/test-dir/MiniOzoneClusterImpl-2e7463a0-386a-4864-a70a-9a5d00050037/datanode-1/data/ratis] (custom)
2020-07-20 01:17:30,648 [pool-190-thread-1] INFO  metrics.RatisMetrics (RatisMetrics.java:lambda$create$0(36)) - Creating Metrics Registry : ratis.server.7d127ae0-d954-4615-95cd-077b23f6b81f@group-332B05DCA4EF
2020-07-20 01:17:30,648 [pool-175-thread-1] INFO  server.RaftServerConfigKeys (ConfUtils.java:logGet(44)) - raft.server.log.corruption.policy = EXCEPTION (default)
2020-07-20 01:17:30,649 [pool-175-thread-1] INFO  storage.RaftStorageDirectory (RaftStorageDirectory.java:analyzeStorage(261)) - The storage directory /github/workspace/mnt/ozone/hadoop-ozone/integration-test/target/test-dir/MiniOzoneClusterImpl-2e7463a0-386a-4864-a70a-9a5d00050037/datanode-1/data/ratis/ec832c96-3d5e-47aa-be76-b8c9414f6306 does not exist. Creating ...
2020-07-20 01:17:30,650 [pool-175-thread-1] INFO  storage.RaftStorageDirectory (RaftStorageDirectory.java:tryLock(343)) - Lock on /github/workspace/mnt/ozone/hadoop-ozone/integration-test/target/test-dir/MiniOzoneClusterImpl-2e7463a0-386a-4864-a70a-9a5d00050037/datanode-1/data/ratis/ec832c96-3d5e-47aa-be76-b8c9414f6306/in_use.lock acquired by nodename 16462@9ffb5d2b249d
2020-07-20 01:17:30,651 [pool-175-thread-1] INFO  storage.RaftStorage (RaftStorage.java:format(84)) - Storage directory /github/workspace/mnt/ozone/hadoop-ozone/integration-test/target/test-dir/MiniOzoneClusterImpl-2e7463a0-386a-4864-a70a-9a5d00050037/datanode-1/data/ratis/ec832c96-3d5e-47aa-be76-b8c9414f6306 has been successfully formatted.
2020-07-20 01:17:30,651 [pool-175-thread-1] INFO  ratis.ContainerStateMachine (ContainerStateMachine.java:loadSnapshot(225)) - group-B8C9414F6306: The snapshot info is null. Setting the last applied indexto:(t:0, i:~)
2020-07-20 01:17:30,651 [pool-175-thread-1] INFO  server.RaftServerConfigKeys (ConfUtils.java:logGet(44)) - raft.server.notification.no-leader.timeout = 300000ms (custom)
2020-07-20 01:17:30,651 [pool-175-thread-1] INFO  server.RaftServerConfigKeys (ConfUtils.java:logGet(44)) - raft.server.log.use.memory = false (default)
2020-07-20 01:17:30,651 [pool-175-thread-1] INFO  server.RaftServerConfigKeys (ConfUtils.java:logGet(44)) - raft.server.log.purge.gap = 1000000 (custom)
2020-07-20 01:17:30,651 [pool-175-thread-1] INFO  server.RaftServerConfigKeys (ConfUtils.java:logGet(44)) - raft.server.log.appender.buffer.byte-limit = 33554432 (custom)
2020-07-20 01:17:30,651 [pool-175-thread-1] INFO  server.RaftServerConfigKeys (ConfUtils.java:logGet(44)) - raft.server.log.segment.size.max = 1048576 (custom)
2020-07-20 01:17:30,651 [pool-175-thread-1] INFO  metrics.RatisMetrics (RatisMetrics.java:lambda$create$0(36)) - Creating Metrics Registry : ratis.log_worker.a59d5cbb-6a4e-4b6f-8de9-1f6c3e59f3ac@group-B8C9414F6306
2020-07-20 01:17:30,652 [EventQueue-PipelineReportForPipelineReportHandler] INFO  pipeline.PipelineStateManager (PipelineStateManager.java:openPipeline(131)) - Pipeline Pipeline[ Id: ec832c96-3d5e-47aa-be76-b8c9414f6306, Nodes: a59d5cbb-6a4e-4b6f-8de9-1f6c3e59f3ac{ip: 172.17.0.2, host: 9ffb5d2b249d, networkLocation: /default-rack, certSerialId: null}, Type:RATIS, Factor:ONE, State:ALLOCATED, leaderId:a59d5cbb-6a4e-4b6f-8de9-1f6c3e59f3ac, CreationTimestamp2020-07-20T01:17:27.649Z] moved to OPEN state
2020-07-20 01:17:30,652 [EventQueue-OpenPipelineForHealthyPipelineSafeModeRule] INFO  safemode.SCMSafeModeManager (HealthyPipelineSafeModeRule.java:process(129)) - SCM in safe mode. Healthy pipelines reported count is 0, required healthy pipeline reported count is 1
2020-07-20 01:17:30,652 [EventQueue-OpenPipelineForOneReplicaPipelineSafeModeRule] INFO  safemode.SCMSafeModeManager (SCMSafeModeManager.java:validateSafeModeExitRules(214)) - AtleastOneDatanodeReportedRule rule is successfully validated
2020-07-20 01:17:30,654 [pool-175-thread-1] INFO  server.RaftServerConfigKeys (ConfUtils.java:logGet(44)) - raft.server.log.segment.cache.num.max = 2 (custom)
2020-07-20 01:17:30,654 [pool-175-thread-1] INFO  segmented.SegmentedRaftLogWorker (SegmentedRaftLogWorker.java:<init>(180)) - new a59d5cbb-6a4e-4b6f-8de9-1f6c3e59f3ac@group-B8C9414F6306-SegmentedRaftLogWorker for RaftStorage:Storage Directory /github/workspace/mnt/ozone/hadoop-ozone/integration-test/target/test-dir/MiniOzoneClusterImpl-2e7463a0-386a-4864-a70a-9a5d00050037/datanode-1/data/ratis/ec832c96-3d5e-47aa-be76-b8c9414f6306
2020-07-20 01:17:30,654 [pool-175-thread-1] INFO  server.RaftServerConfigKeys (ConfUtils.java:logGet(44)) - raft.server.log.queue.byte-limit = 2147483647 (custom)
2020-07-20 01:17:30,654 [pool-175-thread-1] INFO  server.RaftServerConfigKeys (ConfUtils.java:logGet(44)) - raft.server.log.queue.element-limit = 1024 (custom)
2020-07-20 01:17:30,654 [pool-175-thread-1] INFO  server.RaftServerConfigKeys (ConfUtils.java:logGet(44)) - raft.server.log.segment.size.max = 1048576 (custom)
2020-07-20 01:17:30,654 [pool-175-thread-1] INFO  server.RaftServerConfigKeys (ConfUtils.java:logGet(44)) - raft.server.log.preallocated.size = 16384 (custom)
2020-07-20 01:17:30,654 [pool-175-thread-1] INFO  server.RaftServerConfigKeys (ConfUtils.java:logGet(44)) - raft.server.log.write.buffer.size = 1048576 (custom)
2020-07-20 01:17:30,654 [pool-175-thread-1] INFO  server.RaftServerConfigKeys (ConfUtils.java:logGet(44)) - raft.server.log.force.sync.num = 128 (default)
2020-07-20 01:17:30,654 [pool-175-thread-1] INFO  server.RaftServerConfigKeys (ConfUtils.java:logGet(44)) - raft.server.log.statemachine.data.sync = true (default)
2020-07-20 01:17:30,657 [pool-175-thread-1] INFO  server.RaftServerConfigKeys (ConfUtils.java:logGet(44)) - raft.server.log.statemachine.data.sync.timeout = 10s (default)
2020-07-20 01:17:30,657 [pool-175-thread-1] INFO  server.RaftServerConfigKeys (ConfUtils.java:logGet(44)) - raft.server.log.statemachine.data.sync.timeout.retry = -1 (default)
2020-07-20 01:17:30,663 [pool-190-thread-1] INFO  impl.RaftServerImpl (RaftServerImpl.java:start(186)) - 7d127ae0-d954-4615-95cd-077b23f6b81f@group-332B05DCA4EF: start as a follower, conf=-1: [8a5e4c45-c5e6-427a-ba70-61ac25cd6fb3:172.17.0.2:39605, 7d127ae0-d954-4615-95cd-077b23f6b81f:172.17.0.2:42865, a59d5cbb-6a4e-4b6f-8de9-1f6c3e59f3ac:172.17.0.2:39811], old=null
2020-07-20 01:17:30,663 [pool-190-thread-1] INFO  impl.RaftServerImpl (RaftServerImpl.java:setRole(175)) - 7d127ae0-d954-4615-95cd-077b23f6b81f@group-332B05DCA4EF: changes role from      null to FOLLOWER at term 0 for startAsFollower
2020-07-20 01:17:30,663 [pool-190-thread-1] INFO  impl.RoleInfo (RoleInfo.java:updateAndGet(143)) - 7d127ae0-d954-4615-95cd-077b23f6b81f: start FollowerState
2020-07-20 01:17:30,666 [pool-175-thread-1] INFO  server.RaftServerConfigKeys (ConfUtils.java:logGet(44)) - raft.server.log.statemachine.data.caching.enabled = true (custom)
2020-07-20 01:17:30,666 [pool-175-thread-1] INFO  segmented.SegmentedRaftLogWorker (SegmentedRaftLogWorker.java:lambda$new$0(129)) - a59d5cbb-6a4e-4b6f-8de9-1f6c3e59f3ac@group-B8C9414F6306-SegmentedRaftLogWorker: flushIndex: setUnconditionally 0 -> -1
2020-07-20 01:17:30,666 [pool-175-thread-1] INFO  segmented.SegmentedRaftLogWorker (SegmentedRaftLogWorker.java:lambda$new$0(129)) - a59d5cbb-6a4e-4b6f-8de9-1f6c3e59f3ac@group-B8C9414F6306-SegmentedRaftLogWorker: safeCacheEvictIndex: setUnconditionally 0 -> -1
2020-07-20 01:17:30,667 [pool-190-thread-1] INFO  util.JmxRegister (JmxRegister.java:tryRegister(44)) - Successfully registered JMX Bean with object name Ratis:service=RaftServer,group=group-332B05DCA4EF,id=7d127ae0-d954-4615-95cd-077b23f6b81f
2020-07-20 01:17:30,667 [pool-190-thread-1] INFO  metrics.RatisMetrics (RatisMetrics.java:lambda$create$0(36)) - Creating Metrics Registry : ratis.state_machine.7d127ae0-d954-4615-95cd-077b23f6b81f@group-332B05DCA4EF
2020-07-20 01:17:30,672 [pool-175-thread-1] INFO  server.RaftServerConfigKeys (ConfUtils.java:logGet(44)) - raft.server.snapshot.auto.trigger.enabled = true (custom)
2020-07-20 01:17:30,672 [pool-175-thread-1] INFO  server.RaftServerConfigKeys (ConfUtils.java:logGet(44)) - raft.server.snapshot.auto.trigger.threshold = 10000 (custom)
2020-07-20 01:17:30,672 [pool-175-thread-1] INFO  server.RaftServerConfigKeys (ConfUtils.java:logGet(44)) - raft.server.snapshot.retention.file.num = 5 (custom)
2020-07-20 01:17:30,672 [pool-175-thread-1] INFO  server.RaftServerConfigKeys (ConfUtils.java:logGet(44)) - raft.server.log.purge.upto.snapshot.index = false (default)
2020-07-20 01:17:30,672 [pool-175-thread-1] INFO  server.RaftServerConfigKeys (ConfUtils.java:logGet(44)) - raft.server.retrycache.expirytime = 600000ms (custom)
2020-07-20 01:17:30,672 [pool-175-thread-1] INFO  metrics.RatisMetrics (RatisMetrics.java:lambda$create$0(36)) - Creating Metrics Registry : ratis.leader_election.a59d5cbb-6a4e-4b6f-8de9-1f6c3e59f3ac@group-B8C9414F6306
2020-07-20 01:17:30,673 [pool-175-thread-1] INFO  metrics.RatisMetrics (RatisMetrics.java:lambda$create$0(36)) - Creating Metrics Registry : ratis.server.a59d5cbb-6a4e-4b6f-8de9-1f6c3e59f3ac@group-B8C9414F6306
2020-07-20 01:17:30,674 [pool-175-thread-1] INFO  impl.RaftServerImpl (RaftServerImpl.java:start(186)) - a59d5cbb-6a4e-4b6f-8de9-1f6c3e59f3ac@group-B8C9414F6306: start as a follower, conf=-1: [a59d5cbb-6a4e-4b6f-8de9-1f6c3e59f3ac:172.17.0.2:39811], old=null
2020-07-20 01:17:30,675 [pool-175-thread-1] INFO  impl.RaftServerImpl (RaftServerImpl.java:setRole(175)) - a59d5cbb-6a4e-4b6f-8de9-1f6c3e59f3ac@group-B8C9414F6306: changes role from      null to FOLLOWER at term 0 for startAsFollower
2020-07-20 01:17:30,675 [pool-175-thread-1] INFO  impl.RoleInfo (RoleInfo.java:updateAndGet(143)) - a59d5cbb-6a4e-4b6f-8de9-1f6c3e59f3ac: start FollowerState
2020-07-20 01:17:30,675 [pool-175-thread-1] INFO  util.JmxRegister (JmxRegister.java:tryRegister(44)) - Successfully registered JMX Bean with object name Ratis:service=RaftServer,group=group-B8C9414F6306,id=a59d5cbb-6a4e-4b6f-8de9-1f6c3e59f3ac
2020-07-20 01:17:30,676 [pool-175-thread-1] INFO  metrics.RatisMetrics (RatisMetrics.java:lambda$create$0(36)) - Creating Metrics Registry : ratis.state_machine.a59d5cbb-6a4e-4b6f-8de9-1f6c3e59f3ac@group-B8C9414F6306
2020-07-20 01:17:30,678 [Command processor thread] INFO  commandhandler.CreatePipelineCommandHandler (CreatePipelineCommandHandler.java:handle(109)) - Created Pipeline RATIS ONE #id: "ec832c96-3d5e-47aa-be76-b8c9414f6306"
uuid128 {
  mostSigBits: -1404229635023157334
  leastSigBits: -4722383984727727354
}
.
2020-07-20 01:17:30,681 [Command processor thread] INFO  commandhandler.CreatePipelineCommandHandler (CreatePipelineCommandHandler.java:handle(109)) - Created Pipeline RATIS THREE #id: "6c03a006-704d-463b-bcf7-332b05dca4ef"
uuid128 {
  mostSigBits: 7783240530540709435
  leastSigBits: -4830335815456611089
}
.
2020-07-20 01:17:30,771 [Command processor thread] INFO  impl.RaftServerProxy (RaftServerProxy.java:addNew(89)) - 7d127ae0-d954-4615-95cd-077b23f6b81f: addNew group-CA0EA9A73393:[7d127ae0-d954-4615-95cd-077b23f6b81f:172.17.0.2:42865] returns group-CA0EA9A73393:java.util.concurrent.CompletableFuture@2fc620ba[Not completed]
2020-07-20 01:17:30,773 [pool-190-thread-1] INFO  impl.RaftServerImpl (RaftServerImpl.java:<init>(99)) - 7d127ae0-d954-4615-95cd-077b23f6b81f: new RaftServerImpl for group-CA0EA9A73393:[7d127ae0-d954-4615-95cd-077b23f6b81f:172.17.0.2:42865] with ContainerStateMachine:uninitialized
2020-07-20 01:17:30,773 [pool-190-thread-1] INFO  server.RaftServerConfigKeys (ConfUtils.java:logGet(44)) - raft.server.rpc.timeout.min = 5s (custom)
2020-07-20 01:17:30,773 [pool-190-thread-1] INFO  server.RaftServerConfigKeys (ConfUtils.java:logGet(44)) - raft.server.rpc.timeout.max = 5200ms (custom)
2020-07-20 01:17:30,773 [pool-190-thread-1] INFO  server.RaftServerConfigKeys (ConfUtils.java:logGet(44)) - raft.server.rpcslowness.timeout = 300000ms (custom)
2020-07-20 01:17:30,773 [pool-190-thread-1] INFO  server.RaftServerConfigKeys (ConfUtils.java:logGet(44)) - raft.server.sleep.deviation.threshold = 300 (default)
2020-07-20 01:17:30,773 [pool-190-thread-1] INFO  server.RaftServerConfigKeys (ConfUtils.java:logGet(44)) - raft.server.log.appender.install.snapshot.enabled = false (custom)
2020-07-20 01:17:30,773 [pool-190-thread-1] INFO  impl.RaftServerImpl (ServerState.java:<init>(103)) - 7d127ae0-d954-4615-95cd-077b23f6b81f@group-CA0EA9A73393: ConfigurationManager, init=-1: [7d127ae0-d954-4615-95cd-077b23f6b81f:172.17.0.2:42865], old=null, confs=<EMPTY_MAP>
2020-07-20 01:17:30,773 [pool-190-thread-1] INFO  server.RaftServerConfigKeys (ConfUtils.java:logGet(44)) - raft.server.storage.dir = [/github/workspace/mnt/ozone/hadoop-ozone/integration-test/target/test-dir/MiniOzoneClusterImpl-2e7463a0-386a-4864-a70a-9a5d00050037/datanode-2/data/ratis] (custom)
2020-07-20 01:17:30,774 [pool-190-thread-1] INFO  server.RaftServerConfigKeys (ConfUtils.java:logGet(44)) - raft.server.log.corruption.policy = EXCEPTION (default)
2020-07-20 01:17:30,774 [pool-190-thread-1] INFO  storage.RaftStorageDirectory (RaftStorageDirectory.java:analyzeStorage(261)) - The storage directory /github/workspace/mnt/ozone/hadoop-ozone/integration-test/target/test-dir/MiniOzoneClusterImpl-2e7463a0-386a-4864-a70a-9a5d00050037/datanode-2/data/ratis/2067f0c7-e9ab-41bd-86a2-ca0ea9a73393 does not exist. Creating ...
2020-07-20 01:17:30,775 [pool-190-thread-1] INFO  storage.RaftStorageDirectory (RaftStorageDirectory.java:tryLock(343)) - Lock on /github/workspace/mnt/ozone/hadoop-ozone/integration-test/target/test-dir/MiniOzoneClusterImpl-2e7463a0-386a-4864-a70a-9a5d00050037/datanode-2/data/ratis/2067f0c7-e9ab-41bd-86a2-ca0ea9a73393/in_use.lock acquired by nodename 16462@9ffb5d2b249d
2020-07-20 01:17:30,777 [pool-190-thread-1] INFO  storage.RaftStorage (RaftStorage.java:format(84)) - Storage directory /github/workspace/mnt/ozone/hadoop-ozone/integration-test/target/test-dir/MiniOzoneClusterImpl-2e7463a0-386a-4864-a70a-9a5d00050037/datanode-2/data/ratis/2067f0c7-e9ab-41bd-86a2-ca0ea9a73393 has been successfully formatted.
2020-07-20 01:17:30,777 [pool-190-thread-1] INFO  ratis.ContainerStateMachine (ContainerStateMachine.java:loadSnapshot(225)) - group-CA0EA9A73393: The snapshot info is null. Setting the last applied indexto:(t:0, i:~)
2020-07-20 01:17:30,777 [pool-190-thread-1] INFO  server.RaftServerConfigKeys (ConfUtils.java:logGet(44)) - raft.server.notification.no-leader.timeout = 300000ms (custom)
2020-07-20 01:17:30,778 [pool-190-thread-1] INFO  server.RaftServerConfigKeys (ConfUtils.java:logGet(44)) - raft.server.log.use.memory = false (default)
2020-07-20 01:17:30,778 [pool-190-thread-1] INFO  server.RaftServerConfigKeys (ConfUtils.java:logGet(44)) - raft.server.log.purge.gap = 1000000 (custom)
2020-07-20 01:17:30,778 [EventQueue-PipelineReportForPipelineReportHandler] INFO  pipeline.PipelineStateManager (PipelineStateManager.java:openPipeline(131)) - Pipeline Pipeline[ Id: 2067f0c7-e9ab-41bd-86a2-ca0ea9a73393, Nodes: 7d127ae0-d954-4615-95cd-077b23f6b81f{ip: 172.17.0.2, host: 9ffb5d2b249d, networkLocation: /default-rack, certSerialId: null}, Type:RATIS, Factor:ONE, State:ALLOCATED, leaderId:7d127ae0-d954-4615-95cd-077b23f6b81f, CreationTimestamp2020-07-20T01:17:27.773Z] moved to OPEN state
2020-07-20 01:17:30,779 [EventQueue-OpenPipelineForHealthyPipelineSafeModeRule] INFO  safemode.SCMSafeModeManager (HealthyPipelineSafeModeRule.java:process(129)) - SCM in safe mode. Healthy pipelines reported count is 0, required healthy pipeline reported count is 1
2020-07-20 01:17:30,779 [EventQueue-OpenPipelineForOneReplicaPipelineSafeModeRule] INFO  safemode.SCMSafeModeManager (SCMSafeModeManager.java:validateSafeModeExitRules(214)) - AtleastOneDatanodeReportedRule rule is successfully validated
2020-07-20 01:17:30,779 [pool-190-thread-1] INFO  server.RaftServerConfigKeys (ConfUtils.java:logGet(44)) - raft.server.log.appender.buffer.byte-limit = 33554432 (custom)
2020-07-20 01:17:30,779 [pool-190-thread-1] INFO  server.RaftServerConfigKeys (ConfUtils.java:logGet(44)) - raft.server.log.segment.size.max = 1048576 (custom)
2020-07-20 01:17:30,779 [pool-190-thread-1] INFO  metrics.RatisMetrics (RatisMetrics.java:lambda$create$0(36)) - Creating Metrics Registry : ratis.log_worker.7d127ae0-d954-4615-95cd-077b23f6b81f@group-CA0EA9A73393
2020-07-20 01:17:30,779 [pool-190-thread-1] INFO  server.RaftServerConfigKeys (ConfUtils.java:logGet(44)) - raft.server.log.segment.cache.num.max = 2 (custom)
2020-07-20 01:17:30,779 [pool-190-thread-1] INFO  segmented.SegmentedRaftLogWorker (SegmentedRaftLogWorker.java:<init>(180)) - new 7d127ae0-d954-4615-95cd-077b23f6b81f@group-CA0EA9A73393-SegmentedRaftLogWorker for RaftStorage:Storage Directory /github/workspace/mnt/ozone/hadoop-ozone/integration-test/target/test-dir/MiniOzoneClusterImpl-2e7463a0-386a-4864-a70a-9a5d00050037/datanode-2/data/ratis/2067f0c7-e9ab-41bd-86a2-ca0ea9a73393
2020-07-20 01:17:30,780 [pool-190-thread-1] INFO  server.RaftServerConfigKeys (ConfUtils.java:logGet(44)) - raft.server.log.queue.byte-limit = 2147483647 (custom)
2020-07-20 01:17:30,780 [pool-190-thread-1] INFO  server.RaftServerConfigKeys (ConfUtils.java:logGet(44)) - raft.server.log.queue.element-limit = 1024 (custom)
2020-07-20 01:17:30,780 [pool-190-thread-1] INFO  server.RaftServerConfigKeys (ConfUtils.java:logGet(44)) - raft.server.log.segment.size.max = 1048576 (custom)
2020-07-20 01:17:30,780 [pool-190-thread-1] INFO  server.RaftServerConfigKeys (ConfUtils.java:logGet(44)) - raft.server.log.preallocated.size = 16384 (custom)
2020-07-20 01:17:30,780 [pool-190-thread-1] INFO  server.RaftServerConfigKeys (ConfUtils.java:logGet(44)) - raft.server.log.write.buffer.size = 1048576 (custom)
2020-07-20 01:17:30,780 [pool-190-thread-1] INFO  server.RaftServerConfigKeys (ConfUtils.java:logGet(44)) - raft.server.log.force.sync.num = 128 (default)
2020-07-20 01:17:30,780 [pool-190-thread-1] INFO  server.RaftServerConfigKeys (ConfUtils.java:logGet(44)) - raft.server.log.statemachine.data.sync = true (default)
2020-07-20 01:17:30,780 [pool-190-thread-1] INFO  server.RaftServerConfigKeys (ConfUtils.java:logGet(44)) - raft.server.log.statemachine.data.sync.timeout = 10s (default)
2020-07-20 01:17:30,781 [pool-190-thread-1] INFO  server.RaftServerConfigKeys (ConfUtils.java:logGet(44)) - raft.server.log.statemachine.data.sync.timeout.retry = -1 (default)
2020-07-20 01:17:30,783 [pool-190-thread-1] INFO  server.RaftServerConfigKeys (ConfUtils.java:logGet(44)) - raft.server.log.statemachine.data.caching.enabled = true (custom)
2020-07-20 01:17:30,783 [pool-190-thread-1] INFO  segmented.SegmentedRaftLogWorker (SegmentedRaftLogWorker.java:lambda$new$0(129)) - 7d127ae0-d954-4615-95cd-077b23f6b81f@group-CA0EA9A73393-SegmentedRaftLogWorker: flushIndex: setUnconditionally 0 -> -1
2020-07-20 01:17:30,783 [pool-190-thread-1] INFO  segmented.SegmentedRaftLogWorker (SegmentedRaftLogWorker.java:lambda$new$0(129)) - 7d127ae0-d954-4615-95cd-077b23f6b81f@group-CA0EA9A73393-SegmentedRaftLogWorker: safeCacheEvictIndex: setUnconditionally 0 -> -1
2020-07-20 01:17:30,785 [pool-190-thread-1] INFO  server.RaftServerConfigKeys (ConfUtils.java:logGet(44)) - raft.server.snapshot.auto.trigger.enabled = true (custom)
2020-07-20 01:17:30,785 [pool-190-thread-1] INFO  server.RaftServerConfigKeys (ConfUtils.java:logGet(44)) - raft.server.snapshot.auto.trigger.threshold = 10000 (custom)
2020-07-20 01:17:30,785 [pool-190-thread-1] INFO  server.RaftServerConfigKeys (ConfUtils.java:logGet(44)) - raft.server.snapshot.retention.file.num = 5 (custom)
2020-07-20 01:17:30,786 [pool-190-thread-1] INFO  server.RaftServerConfigKeys (ConfUtils.java:logGet(44)) - raft.server.log.purge.upto.snapshot.index = false (default)
2020-07-20 01:17:30,786 [pool-190-thread-1] INFO  server.RaftServerConfigKeys (ConfUtils.java:logGet(44)) - raft.server.retrycache.expirytime = 600000ms (custom)
2020-07-20 01:17:30,786 [pool-190-thread-1] INFO  metrics.RatisMetrics (RatisMetrics.java:lambda$create$0(36)) - Creating Metrics Registry : ratis.leader_election.7d127ae0-d954-4615-95cd-077b23f6b81f@group-CA0EA9A73393
2020-07-20 01:17:30,787 [pool-190-thread-1] INFO  metrics.RatisMetrics (RatisMetrics.java:lambda$create$0(36)) - Creating Metrics Registry : ratis.server.7d127ae0-d954-4615-95cd-077b23f6b81f@group-CA0EA9A73393
2020-07-20 01:17:30,788 [pool-190-thread-1] INFO  impl.RaftServerImpl (RaftServerImpl.java:start(186)) - 7d127ae0-d954-4615-95cd-077b23f6b81f@group-CA0EA9A73393: start as a follower, conf=-1: [7d127ae0-d954-4615-95cd-077b23f6b81f:172.17.0.2:42865], old=null
2020-07-20 01:17:30,788 [pool-190-thread-1] INFO  impl.RaftServerImpl (RaftServerImpl.java:setRole(175)) - 7d127ae0-d954-4615-95cd-077b23f6b81f@group-CA0EA9A73393: changes role from      null to FOLLOWER at term 0 for startAsFollower
2020-07-20 01:17:30,788 [pool-190-thread-1] INFO  impl.RoleInfo (RoleInfo.java:updateAndGet(143)) - 7d127ae0-d954-4615-95cd-077b23f6b81f: start FollowerState
2020-07-20 01:17:30,793 [pool-190-thread-1] INFO  util.JmxRegister (JmxRegister.java:tryRegister(44)) - Successfully registered JMX Bean with object name Ratis:service=RaftServer,group=group-CA0EA9A73393,id=7d127ae0-d954-4615-95cd-077b23f6b81f
2020-07-20 01:17:30,794 [pool-190-thread-1] INFO  metrics.RatisMetrics (RatisMetrics.java:lambda$create$0(36)) - Creating Metrics Registry : ratis.state_machine.7d127ae0-d954-4615-95cd-077b23f6b81f@group-CA0EA9A73393
2020-07-20 01:17:30,795 [Command processor thread] INFO  commandhandler.CreatePipelineCommandHandler (CreatePipelineCommandHandler.java:handle(109)) - Created Pipeline RATIS ONE #id: "2067f0c7-e9ab-41bd-86a2-ca0ea9a73393"
uuid128 {
  mostSigBits: 2335099673224364477
  leastSigBits: -8745205362075421805
}
.
2020-07-20 01:17:30,907 [Command processor thread] INFO  impl.RaftServerProxy (RaftServerProxy.java:addNew(89)) - 6b9f5e7e-e9a8-47c0-a0b1-c008e4f21b31: addNew group-2BAED6FD67B7:[6b9f5e7e-e9a8-47c0-a0b1-c008e4f21b31:172.17.0.2:42485] returns group-2BAED6FD67B7:java.util.concurrent.CompletableFuture@20239b9e[Not completed]
2020-07-20 01:17:30,910 [pool-205-thread-1] INFO  impl.RaftServerImpl (RaftServerImpl.java:<init>(99)) - 6b9f5e7e-e9a8-47c0-a0b1-c008e4f21b31: new RaftServerImpl for group-2BAED6FD67B7:[6b9f5e7e-e9a8-47c0-a0b1-c008e4f21b31:172.17.0.2:42485] with ContainerStateMachine:uninitialized
2020-07-20 01:17:30,910 [pool-205-thread-1] INFO  server.RaftServerConfigKeys (ConfUtils.java:logGet(44)) - raft.server.rpc.timeout.min = 5s (custom)
2020-07-20 01:17:30,910 [pool-205-thread-1] INFO  server.RaftServerConfigKeys (ConfUtils.java:logGet(44)) - raft.server.rpc.timeout.max = 5200ms (custom)
2020-07-20 01:17:30,910 [pool-205-thread-1] INFO  server.RaftServerConfigKeys (ConfUtils.java:logGet(44)) - raft.server.rpcslowness.timeout = 300000ms (custom)
2020-07-20 01:17:30,910 [pool-205-thread-1] INFO  server.RaftServerConfigKeys (ConfUtils.java:logGet(44)) - raft.server.sleep.deviation.threshold = 300 (default)
2020-07-20 01:17:30,910 [pool-205-thread-1] INFO  server.RaftServerConfigKeys (ConfUtils.java:logGet(44)) - raft.server.log.appender.install.snapshot.enabled = false (custom)
2020-07-20 01:17:30,911 [pool-205-thread-1] INFO  impl.RaftServerImpl (ServerState.java:<init>(103)) - 6b9f5e7e-e9a8-47c0-a0b1-c008e4f21b31@group-2BAED6FD67B7: ConfigurationManager, init=-1: [6b9f5e7e-e9a8-47c0-a0b1-c008e4f21b31:172.17.0.2:42485], old=null, confs=<EMPTY_MAP>
2020-07-20 01:17:30,911 [pool-205-thread-1] INFO  server.RaftServerConfigKeys (ConfUtils.java:logGet(44)) - raft.server.storage.dir = [/github/workspace/mnt/ozone/hadoop-ozone/integration-test/target/test-dir/MiniOzoneClusterImpl-2e7463a0-386a-4864-a70a-9a5d00050037/datanode-3/data/ratis] (custom)
2020-07-20 01:17:30,911 [pool-205-thread-1] INFO  server.RaftServerConfigKeys (ConfUtils.java:logGet(44)) - raft.server.log.corruption.policy = EXCEPTION (default)
2020-07-20 01:17:30,911 [pool-205-thread-1] INFO  storage.RaftStorageDirectory (RaftStorageDirectory.java:analyzeStorage(261)) - The storage directory /github/workspace/mnt/ozone/hadoop-ozone/integration-test/target/test-dir/MiniOzoneClusterImpl-2e7463a0-386a-4864-a70a-9a5d00050037/datanode-3/data/ratis/642705ee-1ba1-49ca-b099-2baed6fd67b7 does not exist. Creating ...
2020-07-20 01:17:30,912 [pool-205-thread-1] INFO  storage.RaftStorageDirectory (RaftStorageDirectory.java:tryLock(343)) - Lock on /github/workspace/mnt/ozone/hadoop-ozone/integration-test/target/test-dir/MiniOzoneClusterImpl-2e7463a0-386a-4864-a70a-9a5d00050037/datanode-3/data/ratis/642705ee-1ba1-49ca-b099-2baed6fd67b7/in_use.lock acquired by nodename 16462@9ffb5d2b249d
2020-07-20 01:17:30,914 [pool-205-thread-1] INFO  storage.RaftStorage (RaftStorage.java:format(84)) - Storage directory /github/workspace/mnt/ozone/hadoop-ozone/integration-test/target/test-dir/MiniOzoneClusterImpl-2e7463a0-386a-4864-a70a-9a5d00050037/datanode-3/data/ratis/642705ee-1ba1-49ca-b099-2baed6fd67b7 has been successfully formatted.
2020-07-20 01:17:30,914 [pool-205-thread-1] INFO  ratis.ContainerStateMachine (ContainerStateMachine.java:loadSnapshot(225)) - group-2BAED6FD67B7: The snapshot info is null. Setting the last applied indexto:(t:0, i:~)
2020-07-20 01:17:30,914 [pool-205-thread-1] INFO  server.RaftServerConfigKeys (ConfUtils.java:logGet(44)) - raft.server.notification.no-leader.timeout = 300000ms (custom)
2020-07-20 01:17:30,915 [pool-205-thread-1] INFO  server.RaftServerConfigKeys (ConfUtils.java:logGet(44)) - raft.server.log.use.memory = false (default)
2020-07-20 01:17:30,915 [pool-205-thread-1] INFO  server.RaftServerConfigKeys (ConfUtils.java:logGet(44)) - raft.server.log.purge.gap = 1000000 (custom)
2020-07-20 01:17:30,915 [pool-205-thread-1] INFO  server.RaftServerConfigKeys (ConfUtils.java:logGet(44)) - raft.server.log.appender.buffer.byte-limit = 33554432 (custom)
2020-07-20 01:17:30,915 [pool-205-thread-1] INFO  server.RaftServerConfigKeys (ConfUtils.java:logGet(44)) - raft.server.log.segment.size.max = 1048576 (custom)
2020-07-20 01:17:30,915 [pool-205-thread-1] INFO  metrics.RatisMetrics (RatisMetrics.java:lambda$create$0(36)) - Creating Metrics Registry : ratis.log_worker.6b9f5e7e-e9a8-47c0-a0b1-c008e4f21b31@group-2BAED6FD67B7
2020-07-20 01:17:30,915 [EventQueue-PipelineReportForPipelineReportHandler] INFO  pipeline.PipelineStateManager (PipelineStateManager.java:openPipeline(131)) - Pipeline Pipeline[ Id: 642705ee-1ba1-49ca-b099-2baed6fd67b7, Nodes: 6b9f5e7e-e9a8-47c0-a0b1-c008e4f21b31{ip: 172.17.0.2, host: 9ffb5d2b249d, networkLocation: /default-rack, certSerialId: null}, Type:RATIS, Factor:ONE, State:ALLOCATED, leaderId:6b9f5e7e-e9a8-47c0-a0b1-c008e4f21b31, CreationTimestamp2020-07-20T01:17:27.908Z] moved to OPEN state
2020-07-20 01:17:30,916 [pool-205-thread-1] INFO  server.RaftServerConfigKeys (ConfUtils.java:logGet(44)) - raft.server.log.segment.cache.num.max = 2 (custom)
2020-07-20 01:17:30,916 [EventQueue-OpenPipelineForHealthyPipelineSafeModeRule] INFO  safemode.SCMSafeModeManager (HealthyPipelineSafeModeRule.java:process(129)) - SCM in safe mode. Healthy pipelines reported count is 0, required healthy pipeline reported count is 1
2020-07-20 01:17:30,916 [EventQueue-OpenPipelineForOneReplicaPipelineSafeModeRule] INFO  safemode.SCMSafeModeManager (SCMSafeModeManager.java:validateSafeModeExitRules(214)) - AtleastOneDatanodeReportedRule rule is successfully validated
2020-07-20 01:17:30,916 [pool-205-thread-1] INFO  segmented.SegmentedRaftLogWorker (SegmentedRaftLogWorker.java:<init>(180)) - new 6b9f5e7e-e9a8-47c0-a0b1-c008e4f21b31@group-2BAED6FD67B7-SegmentedRaftLogWorker for RaftStorage:Storage Directory /github/workspace/mnt/ozone/hadoop-ozone/integration-test/target/test-dir/MiniOzoneClusterImpl-2e7463a0-386a-4864-a70a-9a5d00050037/datanode-3/data/ratis/642705ee-1ba1-49ca-b099-2baed6fd67b7
2020-07-20 01:17:30,916 [pool-205-thread-1] INFO  server.RaftServerConfigKeys (ConfUtils.java:logGet(44)) - raft.server.log.queue.byte-limit = 2147483647 (custom)
2020-07-20 01:17:30,916 [pool-205-thread-1] INFO  server.RaftServerConfigKeys (ConfUtils.java:logGet(44)) - raft.server.log.queue.element-limit = 1024 (custom)
2020-07-20 01:17:30,916 [pool-205-thread-1] INFO  server.RaftServerConfigKeys (ConfUtils.java:logGet(44)) - raft.server.log.segment.size.max = 1048576 (custom)
2020-07-20 01:17:30,916 [pool-205-thread-1] INFO  server.RaftServerConfigKeys (ConfUtils.java:logGet(44)) - raft.server.log.preallocated.size = 16384 (custom)
2020-07-20 01:17:30,916 [pool-205-thread-1] INFO  server.RaftServerConfigKeys (ConfUtils.java:logGet(44)) - raft.server.log.write.buffer.size = 1048576 (custom)
2020-07-20 01:17:30,917 [pool-205-thread-1] INFO  server.RaftServerConfigKeys (ConfUtils.java:logGet(44)) - raft.server.log.force.sync.num = 128 (default)
2020-07-20 01:17:30,917 [pool-205-thread-1] INFO  server.RaftServerConfigKeys (ConfUtils.java:logGet(44)) - raft.server.log.statemachine.data.sync = true (default)
2020-07-20 01:17:30,917 [pool-205-thread-1] INFO  server.RaftServerConfigKeys (ConfUtils.java:logGet(44)) - raft.server.log.statemachine.data.sync.timeout = 10s (default)
2020-07-20 01:17:30,917 [pool-205-thread-1] INFO  server.RaftServerConfigKeys (ConfUtils.java:logGet(44)) - raft.server.log.statemachine.data.sync.timeout.retry = -1 (default)
2020-07-20 01:17:30,919 [pool-205-thread-1] INFO  server.RaftServerConfigKeys (ConfUtils.java:logGet(44)) - raft.server.log.statemachine.data.caching.enabled = true (custom)
2020-07-20 01:17:30,919 [pool-205-thread-1] INFO  segmented.SegmentedRaftLogWorker (SegmentedRaftLogWorker.java:lambda$new$0(129)) - 6b9f5e7e-e9a8-47c0-a0b1-c008e4f21b31@group-2BAED6FD67B7-SegmentedRaftLogWorker: flushIndex: setUnconditionally 0 -> -1
2020-07-20 01:17:30,920 [pool-205-thread-1] INFO  segmented.SegmentedRaftLogWorker (SegmentedRaftLogWorker.java:lambda$new$0(129)) - 6b9f5e7e-e9a8-47c0-a0b1-c008e4f21b31@group-2BAED6FD67B7-SegmentedRaftLogWorker: safeCacheEvictIndex: setUnconditionally 0 -> -1
2020-07-20 01:17:30,920 [pool-205-thread-1] INFO  server.RaftServerConfigKeys (ConfUtils.java:logGet(44)) - raft.server.snapshot.auto.trigger.enabled = true (custom)
2020-07-20 01:17:30,920 [pool-205-thread-1] INFO  server.RaftServerConfigKeys (ConfUtils.java:logGet(44)) - raft.server.snapshot.auto.trigger.threshold = 10000 (custom)
2020-07-20 01:17:30,920 [pool-205-thread-1] INFO  server.RaftServerConfigKeys (ConfUtils.java:logGet(44)) - raft.server.snapshot.retention.file.num = 5 (custom)
2020-07-20 01:17:30,920 [pool-205-thread-1] INFO  server.RaftServerConfigKeys (ConfUtils.java:logGet(44)) - raft.server.log.purge.upto.snapshot.index = false (default)
2020-07-20 01:17:30,920 [pool-205-thread-1] INFO  server.RaftServerConfigKeys (ConfUtils.java:logGet(44)) - raft.server.retrycache.expirytime = 600000ms (custom)
2020-07-20 01:17:30,920 [pool-205-thread-1] INFO  metrics.RatisMetrics (RatisMetrics.java:lambda$create$0(36)) - Creating Metrics Registry : ratis.leader_election.6b9f5e7e-e9a8-47c0-a0b1-c008e4f21b31@group-2BAED6FD67B7
2020-07-20 01:17:30,921 [pool-205-thread-1] INFO  metrics.RatisMetrics (RatisMetrics.java:lambda$create$0(36)) - Creating Metrics Registry : ratis.server.6b9f5e7e-e9a8-47c0-a0b1-c008e4f21b31@group-2BAED6FD67B7
2020-07-20 01:17:30,922 [pool-205-thread-1] INFO  impl.RaftServerImpl (RaftServerImpl.java:start(186)) - 6b9f5e7e-e9a8-47c0-a0b1-c008e4f21b31@group-2BAED6FD67B7: start as a follower, conf=-1: [6b9f5e7e-e9a8-47c0-a0b1-c008e4f21b31:172.17.0.2:42485], old=null
2020-07-20 01:17:30,923 [pool-205-thread-1] INFO  impl.RaftServerImpl (RaftServerImpl.java:setRole(175)) - 6b9f5e7e-e9a8-47c0-a0b1-c008e4f21b31@group-2BAED6FD67B7: changes role from      null to FOLLOWER at term 0 for startAsFollower
2020-07-20 01:17:30,923 [pool-205-thread-1] INFO  impl.RoleInfo (RoleInfo.java:updateAndGet(143)) - 6b9f5e7e-e9a8-47c0-a0b1-c008e4f21b31: start FollowerState
2020-07-20 01:17:30,927 [pool-205-thread-1] INFO  util.JmxRegister (JmxRegister.java:tryRegister(44)) - Successfully registered JMX Bean with object name Ratis:service=RaftServer,group=group-2BAED6FD67B7,id=6b9f5e7e-e9a8-47c0-a0b1-c008e4f21b31
2020-07-20 01:17:30,927 [pool-205-thread-1] INFO  metrics.RatisMetrics (RatisMetrics.java:lambda$create$0(36)) - Creating Metrics Registry : ratis.state_machine.6b9f5e7e-e9a8-47c0-a0b1-c008e4f21b31@group-2BAED6FD67B7
2020-07-20 01:17:30,931 [Command processor thread] INFO  commandhandler.CreatePipelineCommandHandler (CreatePipelineCommandHandler.java:handle(109)) - Created Pipeline RATIS ONE #id: "642705ee-1ba1-49ca-b099-2baed6fd67b7"
uuid128 {
  mostSigBits: 7216743448108419530
  leastSigBits: -5721493821666269257
}
.
2020-07-20 01:17:30,931 [Command processor thread] INFO  impl.RaftServerProxy (RaftServerProxy.java:addNew(89)) - 6b9f5e7e-e9a8-47c0-a0b1-c008e4f21b31: addNew group-3E689F25B453:[6ed957ef-01ec-4d4e-8aec-11bf87f7b1e1:172.17.0.2:42117, 6b9f5e7e-e9a8-47c0-a0b1-c008e4f21b31:172.17.0.2:42485, 3e551ca4-b1b3-4226-8652-6024b5469bec:172.17.0.2:46701] returns group-3E689F25B453:java.util.concurrent.CompletableFuture@241c0b42[Not completed]
2020-07-20 01:17:30,933 [pool-205-thread-1] INFO  impl.RaftServerImpl (RaftServerImpl.java:<init>(99)) - 6b9f5e7e-e9a8-47c0-a0b1-c008e4f21b31: new RaftServerImpl for group-3E689F25B453:[6ed957ef-01ec-4d4e-8aec-11bf87f7b1e1:172.17.0.2:42117, 6b9f5e7e-e9a8-47c0-a0b1-c008e4f21b31:172.17.0.2:42485, 3e551ca4-b1b3-4226-8652-6024b5469bec:172.17.0.2:46701] with ContainerStateMachine:uninitialized
2020-07-20 01:17:30,933 [pool-205-thread-1] INFO  server.RaftServerConfigKeys (ConfUtils.java:logGet(44)) - raft.server.rpc.timeout.min = 5s (custom)
2020-07-20 01:17:30,933 [pool-205-thread-1] INFO  server.RaftServerConfigKeys (ConfUtils.java:logGet(44)) - raft.server.rpc.timeout.max = 5200ms (custom)
2020-07-20 01:17:30,933 [pool-205-thread-1] INFO  server.RaftServerConfigKeys (ConfUtils.java:logGet(44)) - raft.server.rpcslowness.timeout = 300000ms (custom)
2020-07-20 01:17:30,933 [pool-205-thread-1] INFO  server.RaftServerConfigKeys (ConfUtils.java:logGet(44)) - raft.server.sleep.deviation.threshold = 300 (default)
2020-07-20 01:17:30,933 [pool-205-thread-1] INFO  server.RaftServerConfigKeys (ConfUtils.java:logGet(44)) - raft.server.log.appender.install.snapshot.enabled = false (custom)
2020-07-20 01:17:30,934 [pool-205-thread-1] INFO  impl.RaftServerImpl (ServerState.java:<init>(103)) - 6b9f5e7e-e9a8-47c0-a0b1-c008e4f21b31@group-3E689F25B453: ConfigurationManager, init=-1: [6ed957ef-01ec-4d4e-8aec-11bf87f7b1e1:172.17.0.2:42117, 6b9f5e7e-e9a8-47c0-a0b1-c008e4f21b31:172.17.0.2:42485, 3e551ca4-b1b3-4226-8652-6024b5469bec:172.17.0.2:46701], old=null, confs=<EMPTY_MAP>
2020-07-20 01:17:30,934 [pool-205-thread-1] INFO  server.RaftServerConfigKeys (ConfUtils.java:logGet(44)) - raft.server.storage.dir = [/github/workspace/mnt/ozone/hadoop-ozone/integration-test/target/test-dir/MiniOzoneClusterImpl-2e7463a0-386a-4864-a70a-9a5d00050037/datanode-3/data/ratis] (custom)
2020-07-20 01:17:30,934 [pool-205-thread-1] INFO  server.RaftServerConfigKeys (ConfUtils.java:logGet(44)) - raft.server.log.corruption.policy = EXCEPTION (default)
2020-07-20 01:17:30,934 [pool-205-thread-1] INFO  storage.RaftStorageDirectory (RaftStorageDirectory.java:analyzeStorage(261)) - The storage directory /github/workspace/mnt/ozone/hadoop-ozone/integration-test/target/test-dir/MiniOzoneClusterImpl-2e7463a0-386a-4864-a70a-9a5d00050037/datanode-3/data/ratis/fe06dce1-8ab3-45b4-9671-3e689f25b453 does not exist. Creating ...
2020-07-20 01:17:30,937 [pool-205-thread-1] INFO  storage.RaftStorageDirectory (RaftStorageDirectory.java:tryLock(343)) - Lock on /github/workspace/mnt/ozone/hadoop-ozone/integration-test/target/test-dir/MiniOzoneClusterImpl-2e7463a0-386a-4864-a70a-9a5d00050037/datanode-3/data/ratis/fe06dce1-8ab3-45b4-9671-3e689f25b453/in_use.lock acquired by nodename 16462@9ffb5d2b249d
2020-07-20 01:17:30,938 [pool-205-thread-1] INFO  storage.RaftStorage (RaftStorage.java:format(84)) - Storage directory /github/workspace/mnt/ozone/hadoop-ozone/integration-test/target/test-dir/MiniOzoneClusterImpl-2e7463a0-386a-4864-a70a-9a5d00050037/datanode-3/data/ratis/fe06dce1-8ab3-45b4-9671-3e689f25b453 has been successfully formatted.
2020-07-20 01:17:30,939 [pool-205-thread-1] INFO  ratis.ContainerStateMachine (ContainerStateMachine.java:loadSnapshot(225)) - group-3E689F25B453: The snapshot info is null. Setting the last applied indexto:(t:0, i:~)
2020-07-20 01:17:30,939 [pool-205-thread-1] INFO  server.RaftServerConfigKeys (ConfUtils.java:logGet(44)) - raft.server.notification.no-leader.timeout = 300000ms (custom)
2020-07-20 01:17:30,939 [pool-205-thread-1] INFO  server.RaftServerConfigKeys (ConfUtils.java:logGet(44)) - raft.server.log.use.memory = false (default)
2020-07-20 01:17:30,939 [pool-205-thread-1] INFO  server.RaftServerConfigKeys (ConfUtils.java:logGet(44)) - raft.server.log.purge.gap = 1000000 (custom)
2020-07-20 01:17:30,939 [pool-205-thread-1] INFO  server.RaftServerConfigKeys (ConfUtils.java:logGet(44)) - raft.server.log.appender.buffer.byte-limit = 33554432 (custom)
2020-07-20 01:17:30,939 [pool-205-thread-1] INFO  server.RaftServerConfigKeys (ConfUtils.java:logGet(44)) - raft.server.log.segment.size.max = 1048576 (custom)
2020-07-20 01:17:30,939 [pool-205-thread-1] INFO  metrics.RatisMetrics (RatisMetrics.java:lambda$create$0(36)) - Creating Metrics Registry : ratis.log_worker.6b9f5e7e-e9a8-47c0-a0b1-c008e4f21b31@group-3E689F25B453
2020-07-20 01:17:30,940 [pool-205-thread-1] INFO  server.RaftServerConfigKeys (ConfUtils.java:logGet(44)) - raft.server.log.segment.cache.num.max = 2 (custom)
2020-07-20 01:17:30,940 [pool-205-thread-1] INFO  segmented.SegmentedRaftLogWorker (SegmentedRaftLogWorker.java:<init>(180)) - new 6b9f5e7e-e9a8-47c0-a0b1-c008e4f21b31@group-3E689F25B453-SegmentedRaftLogWorker for RaftStorage:Storage Directory /github/workspace/mnt/ozone/hadoop-ozone/integration-test/target/test-dir/MiniOzoneClusterImpl-2e7463a0-386a-4864-a70a-9a5d00050037/datanode-3/data/ratis/fe06dce1-8ab3-45b4-9671-3e689f25b453
2020-07-20 01:17:30,940 [pool-205-thread-1] INFO  server.RaftServerConfigKeys (ConfUtils.java:logGet(44)) - raft.server.log.queue.byte-limit = 2147483647 (custom)
2020-07-20 01:17:30,941 [pool-205-thread-1] INFO  server.RaftServerConfigKeys (ConfUtils.java:logGet(44)) - raft.server.log.queue.element-limit = 1024 (custom)
2020-07-20 01:17:30,941 [pool-205-thread-1] INFO  server.RaftServerConfigKeys (ConfUtils.java:logGet(44)) - raft.server.log.segment.size.max = 1048576 (custom)
2020-07-20 01:17:30,941 [pool-205-thread-1] INFO  server.RaftServerConfigKeys (ConfUtils.java:logGet(44)) - raft.server.log.preallocated.size = 16384 (custom)
2020-07-20 01:17:30,941 [pool-205-thread-1] INFO  server.RaftServerConfigKeys (ConfUtils.java:logGet(44)) - raft.server.log.write.buffer.size = 1048576 (custom)
2020-07-20 01:17:30,941 [pool-205-thread-1] INFO  server.RaftServerConfigKeys (ConfUtils.java:logGet(44)) - raft.server.log.force.sync.num = 128 (default)
2020-07-20 01:17:30,941 [pool-205-thread-1] INFO  server.RaftServerConfigKeys (ConfUtils.java:logGet(44)) - raft.server.log.statemachine.data.sync = true (default)
2020-07-20 01:17:30,941 [pool-205-thread-1] INFO  server.RaftServerConfigKeys (ConfUtils.java:logGet(44)) - raft.server.log.statemachine.data.sync.timeout = 10s (default)
2020-07-20 01:17:30,941 [pool-205-thread-1] INFO  server.RaftServerConfigKeys (ConfUtils.java:logGet(44)) - raft.server.log.statemachine.data.sync.timeout.retry = -1 (default)
2020-07-20 01:17:30,943 [pool-205-thread-1] INFO  server.RaftServerConfigKeys (ConfUtils.java:logGet(44)) - raft.server.log.statemachine.data.caching.enabled = true (custom)
2020-07-20 01:17:30,944 [pool-205-thread-1] INFO  segmented.SegmentedRaftLogWorker (SegmentedRaftLogWorker.java:lambda$new$0(129)) - 6b9f5e7e-e9a8-47c0-a0b1-c008e4f21b31@group-3E689F25B453-SegmentedRaftLogWorker: flushIndex: setUnconditionally 0 -> -1
2020-07-20 01:17:30,944 [pool-205-thread-1] INFO  segmented.SegmentedRaftLogWorker (SegmentedRaftLogWorker.java:lambda$new$0(129)) - 6b9f5e7e-e9a8-47c0-a0b1-c008e4f21b31@group-3E689F25B453-SegmentedRaftLogWorker: safeCacheEvictIndex: setUnconditionally 0 -> -1
2020-07-20 01:17:30,945 [pool-205-thread-1] INFO  server.RaftServerConfigKeys (ConfUtils.java:logGet(44)) - raft.server.snapshot.auto.trigger.enabled = true (custom)
2020-07-20 01:17:30,945 [pool-205-thread-1] INFO  server.RaftServerConfigKeys (ConfUtils.java:logGet(44)) - raft.server.snapshot.auto.trigger.threshold = 10000 (custom)
2020-07-20 01:17:30,945 [pool-205-thread-1] INFO  server.RaftServerConfigKeys (ConfUtils.java:logGet(44)) - raft.server.snapshot.retention.file.num = 5 (custom)
2020-07-20 01:17:30,946 [pool-205-thread-1] INFO  server.RaftServerConfigKeys (ConfUtils.java:logGet(44)) - raft.server.log.purge.upto.snapshot.index = false (default)
2020-07-20 01:17:30,946 [pool-205-thread-1] INFO  server.RaftServerConfigKeys (ConfUtils.java:logGet(44)) - raft.server.retrycache.expirytime = 600000ms (custom)
2020-07-20 01:17:30,946 [pool-205-thread-1] INFO  metrics.RatisMetrics (RatisMetrics.java:lambda$create$0(36)) - Creating Metrics Registry : ratis.leader_election.6b9f5e7e-e9a8-47c0-a0b1-c008e4f21b31@group-3E689F25B453
2020-07-20 01:17:30,946 [pool-205-thread-1] INFO  metrics.RatisMetrics (RatisMetrics.java:lambda$create$0(36)) - Creating Metrics Registry : ratis.server.6b9f5e7e-e9a8-47c0-a0b1-c008e4f21b31@group-3E689F25B453
2020-07-20 01:17:30,947 [pool-205-thread-1] INFO  impl.RaftServerImpl (RaftServerImpl.java:start(186)) - 6b9f5e7e-e9a8-47c0-a0b1-c008e4f21b31@group-3E689F25B453: start as a follower, conf=-1: [6ed957ef-01ec-4d4e-8aec-11bf87f7b1e1:172.17.0.2:42117, 6b9f5e7e-e9a8-47c0-a0b1-c008e4f21b31:172.17.0.2:42485, 3e551ca4-b1b3-4226-8652-6024b5469bec:172.17.0.2:46701], old=null
2020-07-20 01:17:30,947 [pool-205-thread-1] INFO  impl.RaftServerImpl (RaftServerImpl.java:setRole(175)) - 6b9f5e7e-e9a8-47c0-a0b1-c008e4f21b31@group-3E689F25B453: changes role from      null to FOLLOWER at term 0 for startAsFollower
2020-07-20 01:17:30,947 [pool-205-thread-1] INFO  impl.RoleInfo (RoleInfo.java:updateAndGet(143)) - 6b9f5e7e-e9a8-47c0-a0b1-c008e4f21b31: start FollowerState
2020-07-20 01:17:30,952 [pool-205-thread-1] INFO  util.JmxRegister (JmxRegister.java:tryRegister(44)) - Successfully registered JMX Bean with object name Ratis:service=RaftServer,group=group-3E689F25B453,id=6b9f5e7e-e9a8-47c0-a0b1-c008e4f21b31
2020-07-20 01:17:30,953 [pool-205-thread-1] INFO  metrics.RatisMetrics (RatisMetrics.java:lambda$create$0(36)) - Creating Metrics Registry : ratis.state_machine.6b9f5e7e-e9a8-47c0-a0b1-c008e4f21b31@group-3E689F25B453
2020-07-20 01:17:30,963 [grpc-default-executor-1] INFO  impl.RaftServerProxy (RaftServerProxy.java:addNew(89)) - 6ed957ef-01ec-4d4e-8aec-11bf87f7b1e1: addNew group-3E689F25B453:[6ed957ef-01ec-4d4e-8aec-11bf87f7b1e1:172.17.0.2:42117, 6b9f5e7e-e9a8-47c0-a0b1-c008e4f21b31:172.17.0.2:42485, 3e551ca4-b1b3-4226-8652-6024b5469bec:172.17.0.2:46701] returns group-3E689F25B453:java.util.concurrent.CompletableFuture@6389ba31[Not completed]
2020-07-20 01:17:30,965 [pool-235-thread-1] INFO  impl.RaftServerImpl (RaftServerImpl.java:<init>(99)) - 6ed957ef-01ec-4d4e-8aec-11bf87f7b1e1: new RaftServerImpl for group-3E689F25B453:[6ed957ef-01ec-4d4e-8aec-11bf87f7b1e1:172.17.0.2:42117, 6b9f5e7e-e9a8-47c0-a0b1-c008e4f21b31:172.17.0.2:42485, 3e551ca4-b1b3-4226-8652-6024b5469bec:172.17.0.2:46701] with ContainerStateMachine:uninitialized
2020-07-20 01:17:30,967 [pool-235-thread-1] INFO  server.RaftServerConfigKeys (ConfUtils.java:logGet(44)) - raft.server.rpc.timeout.min = 5s (custom)
2020-07-20 01:17:30,967 [pool-235-thread-1] INFO  server.RaftServerConfigKeys (ConfUtils.java:logGet(44)) - raft.server.rpc.timeout.max = 5200ms (custom)
2020-07-20 01:17:30,968 [pool-235-thread-1] INFO  server.RaftServerConfigKeys (ConfUtils.java:logGet(44)) - raft.server.rpcslowness.timeout = 300000ms (custom)
2020-07-20 01:17:30,968 [pool-235-thread-1] INFO  server.RaftServerConfigKeys (ConfUtils.java:logGet(44)) - raft.server.sleep.deviation.threshold = 300 (default)
2020-07-20 01:17:30,968 [pool-235-thread-1] INFO  server.RaftServerConfigKeys (ConfUtils.java:logGet(44)) - raft.server.log.appender.install.snapshot.enabled = false (custom)
2020-07-20 01:17:30,968 [pool-235-thread-1] INFO  impl.RaftServerImpl (ServerState.java:<init>(103)) - 6ed957ef-01ec-4d4e-8aec-11bf87f7b1e1@group-3E689F25B453: ConfigurationManager, init=-1: [6ed957ef-01ec-4d4e-8aec-11bf87f7b1e1:172.17.0.2:42117, 6b9f5e7e-e9a8-47c0-a0b1-c008e4f21b31:172.17.0.2:42485, 3e551ca4-b1b3-4226-8652-6024b5469bec:172.17.0.2:46701], old=null, confs=<EMPTY_MAP>
2020-07-20 01:17:30,968 [pool-235-thread-1] INFO  server.RaftServerConfigKeys (ConfUtils.java:logGet(44)) - raft.server.storage.dir = [/github/workspace/mnt/ozone/hadoop-ozone/integration-test/target/test-dir/MiniOzoneClusterImpl-2e7463a0-386a-4864-a70a-9a5d00050037/datanode-5/data/ratis] (custom)
2020-07-20 01:17:30,969 [pool-235-thread-1] INFO  server.RaftServerConfigKeys (ConfUtils.java:logGet(44)) - raft.server.log.corruption.policy = EXCEPTION (default)
2020-07-20 01:17:30,969 [pool-235-thread-1] INFO  storage.RaftStorageDirectory (RaftStorageDirectory.java:analyzeStorage(261)) - The storage directory /github/workspace/mnt/ozone/hadoop-ozone/integration-test/target/test-dir/MiniOzoneClusterImpl-2e7463a0-386a-4864-a70a-9a5d00050037/datanode-5/data/ratis/fe06dce1-8ab3-45b4-9671-3e689f25b453 does not exist. Creating ...
2020-07-20 01:17:30,970 [pool-235-thread-1] INFO  storage.RaftStorageDirectory (RaftStorageDirectory.java:tryLock(343)) - Lock on /github/workspace/mnt/ozone/hadoop-ozone/integration-test/target/test-dir/MiniOzoneClusterImpl-2e7463a0-386a-4864-a70a-9a5d00050037/datanode-5/data/ratis/fe06dce1-8ab3-45b4-9671-3e689f25b453/in_use.lock acquired by nodename 16462@9ffb5d2b249d
2020-07-20 01:17:30,971 [pool-235-thread-1] INFO  storage.RaftStorage (RaftStorage.java:format(84)) - Storage directory /github/workspace/mnt/ozone/hadoop-ozone/integration-test/target/test-dir/MiniOzoneClusterImpl-2e7463a0-386a-4864-a70a-9a5d00050037/datanode-5/data/ratis/fe06dce1-8ab3-45b4-9671-3e689f25b453 has been successfully formatted.
2020-07-20 01:17:30,972 [pool-235-thread-1] INFO  ratis.ContainerStateMachine (ContainerStateMachine.java:loadSnapshot(225)) - group-3E689F25B453: The snapshot info is null. Setting the last applied indexto:(t:0, i:~)
2020-07-20 01:17:30,972 [pool-235-thread-1] INFO  server.RaftServerConfigKeys (ConfUtils.java:logGet(44)) - raft.server.notification.no-leader.timeout = 300000ms (custom)
2020-07-20 01:17:30,972 [pool-235-thread-1] INFO  server.RaftServerConfigKeys (ConfUtils.java:logGet(44)) - raft.server.log.use.memory = false (default)
2020-07-20 01:17:30,973 [pool-235-thread-1] INFO  server.RaftServerConfigKeys (ConfUtils.java:logGet(44)) - raft.server.log.purge.gap = 1000000 (custom)
2020-07-20 01:17:30,973 [pool-235-thread-1] INFO  server.RaftServerConfigKeys (ConfUtils.java:logGet(44)) - raft.server.log.appender.buffer.byte-limit = 33554432 (custom)
2020-07-20 01:17:30,974 [pool-235-thread-1] INFO  server.RaftServerConfigKeys (ConfUtils.java:logGet(44)) - raft.server.log.segment.size.max = 1048576 (custom)
2020-07-20 01:17:30,974 [pool-235-thread-1] INFO  metrics.RatisMetrics (RatisMetrics.java:lambda$create$0(36)) - Creating Metrics Registry : ratis.log_worker.6ed957ef-01ec-4d4e-8aec-11bf87f7b1e1@group-3E689F25B453
2020-07-20 01:17:30,974 [pool-235-thread-1] INFO  server.RaftServerConfigKeys (ConfUtils.java:logGet(44)) - raft.server.log.segment.cache.num.max = 2 (custom)
2020-07-20 01:17:30,974 [pool-235-thread-1] INFO  segmented.SegmentedRaftLogWorker (SegmentedRaftLogWorker.java:<init>(180)) - new 6ed957ef-01ec-4d4e-8aec-11bf87f7b1e1@group-3E689F25B453-SegmentedRaftLogWorker for RaftStorage:Storage Directory /github/workspace/mnt/ozone/hadoop-ozone/integration-test/target/test-dir/MiniOzoneClusterImpl-2e7463a0-386a-4864-a70a-9a5d00050037/datanode-5/data/ratis/fe06dce1-8ab3-45b4-9671-3e689f25b453
2020-07-20 01:17:30,974 [pool-235-thread-1] INFO  server.RaftServerConfigKeys (ConfUtils.java:logGet(44)) - raft.server.log.queue.byte-limit = 2147483647 (custom)
2020-07-20 01:17:30,974 [pool-235-thread-1] INFO  server.RaftServerConfigKeys (ConfUtils.java:logGet(44)) - raft.server.log.queue.element-limit = 1024 (custom)
2020-07-20 01:17:30,978 [pool-235-thread-1] INFO  server.RaftServerConfigKeys (ConfUtils.java:logGet(44)) - raft.server.log.segment.size.max = 1048576 (custom)
2020-07-20 01:17:30,978 [pool-235-thread-1] INFO  server.RaftServerConfigKeys (ConfUtils.java:logGet(44)) - raft.server.log.preallocated.size = 16384 (custom)
2020-07-20 01:17:30,978 [pool-235-thread-1] INFO  server.RaftServerConfigKeys (ConfUtils.java:logGet(44)) - raft.server.log.write.buffer.size = 1048576 (custom)
2020-07-20 01:17:30,978 [pool-235-thread-1] INFO  server.RaftServerConfigKeys (ConfUtils.java:logGet(44)) - raft.server.log.force.sync.num = 128 (default)
2020-07-20 01:17:30,978 [pool-235-thread-1] INFO  server.RaftServerConfigKeys (ConfUtils.java:logGet(44)) - raft.server.log.statemachine.data.sync = true (default)
2020-07-20 01:17:30,979 [pool-235-thread-1] INFO  server.RaftServerConfigKeys (ConfUtils.java:logGet(44)) - raft.server.log.statemachine.data.sync.timeout = 10s (default)
2020-07-20 01:17:30,979 [pool-235-thread-1] INFO  server.RaftServerConfigKeys (ConfUtils.java:logGet(44)) - raft.server.log.statemachine.data.sync.timeout.retry = -1 (default)
2020-07-20 01:17:30,981 [pool-235-thread-1] INFO  server.RaftServerConfigKeys (ConfUtils.java:logGet(44)) - raft.server.log.statemachine.data.caching.enabled = true (custom)
2020-07-20 01:17:30,981 [pool-235-thread-1] INFO  segmented.SegmentedRaftLogWorker (SegmentedRaftLogWorker.java:lambda$new$0(129)) - 6ed957ef-01ec-4d4e-8aec-11bf87f7b1e1@group-3E689F25B453-SegmentedRaftLogWorker: flushIndex: setUnconditionally 0 -> -1
2020-07-20 01:17:30,981 [pool-235-thread-1] INFO  segmented.SegmentedRaftLogWorker (SegmentedRaftLogWorker.java:lambda$new$0(129)) - 6ed957ef-01ec-4d4e-8aec-11bf87f7b1e1@group-3E689F25B453-SegmentedRaftLogWorker: safeCacheEvictIndex: setUnconditionally 0 -> -1
2020-07-20 01:17:30,985 [pool-235-thread-1] INFO  server.RaftServerConfigKeys (ConfUtils.java:logGet(44)) - raft.server.snapshot.auto.trigger.enabled = true (custom)
2020-07-20 01:17:30,986 [pool-235-thread-1] INFO  server.RaftServerConfigKeys (ConfUtils.java:logGet(44)) - raft.server.snapshot.auto.trigger.threshold = 10000 (custom)
2020-07-20 01:17:30,986 [pool-235-thread-1] INFO  server.RaftServerConfigKeys (ConfUtils.java:logGet(44)) - raft.server.snapshot.retention.file.num = 5 (custom)
2020-07-20 01:17:30,986 [pool-235-thread-1] INFO  server.RaftServerConfigKeys (ConfUtils.java:logGet(44)) - raft.server.log.purge.upto.snapshot.index = false (default)
2020-07-20 01:17:30,986 [pool-235-thread-1] INFO  server.RaftServerConfigKeys (ConfUtils.java:logGet(44)) - raft.server.retrycache.expirytime = 600000ms (custom)
2020-07-20 01:17:30,986 [pool-235-thread-1] INFO  metrics.RatisMetrics (RatisMetrics.java:lambda$create$0(36)) - Creating Metrics Registry : ratis.leader_election.6ed957ef-01ec-4d4e-8aec-11bf87f7b1e1@group-3E689F25B453
2020-07-20 01:17:30,987 [pool-235-thread-1] INFO  metrics.RatisMetrics (RatisMetrics.java:lambda$create$0(36)) - Creating Metrics Registry : ratis.server.6ed957ef-01ec-4d4e-8aec-11bf87f7b1e1@group-3E689F25B453
2020-07-20 01:17:30,988 [pool-235-thread-1] INFO  impl.RaftServerImpl (RaftServerImpl.java:start(186)) - 6ed957ef-01ec-4d4e-8aec-11bf87f7b1e1@group-3E689F25B453: start as a follower, conf=-1: [6ed957ef-01ec-4d4e-8aec-11bf87f7b1e1:172.17.0.2:42117, 6b9f5e7e-e9a8-47c0-a0b1-c008e4f21b31:172.17.0.2:42485, 3e551ca4-b1b3-4226-8652-6024b5469bec:172.17.0.2:46701], old=null
2020-07-20 01:17:30,989 [pool-235-thread-1] INFO  impl.RaftServerImpl (RaftServerImpl.java:setRole(175)) - 6ed957ef-01ec-4d4e-8aec-11bf87f7b1e1@group-3E689F25B453: changes role from      null to FOLLOWER at term 0 for startAsFollower
2020-07-20 01:17:30,989 [pool-235-thread-1] INFO  impl.RoleInfo (RoleInfo.java:updateAndGet(143)) - 6ed957ef-01ec-4d4e-8aec-11bf87f7b1e1: start FollowerState
2020-07-20 01:17:30,989 [pool-235-thread-1] INFO  util.JmxRegister (JmxRegister.java:tryRegister(44)) - Successfully registered JMX Bean with object name Ratis:service=RaftServer,group=group-3E689F25B453,id=6ed957ef-01ec-4d4e-8aec-11bf87f7b1e1
2020-07-20 01:17:30,989 [pool-235-thread-1] INFO  metrics.RatisMetrics (RatisMetrics.java:lambda$create$0(36)) - Creating Metrics Registry : ratis.state_machine.6ed957ef-01ec-4d4e-8aec-11bf87f7b1e1@group-3E689F25B453
2020-07-20 01:17:31,005 [grpc-default-executor-1] INFO  impl.RaftServerProxy (RaftServerProxy.java:addNew(89)) - 3e551ca4-b1b3-4226-8652-6024b5469bec: addNew group-3E689F25B453:[6ed957ef-01ec-4d4e-8aec-11bf87f7b1e1:172.17.0.2:42117, 6b9f5e7e-e9a8-47c0-a0b1-c008e4f21b31:172.17.0.2:42485, 3e551ca4-b1b3-4226-8652-6024b5469bec:172.17.0.2:46701] returns group-3E689F25B453:java.util.concurrent.CompletableFuture@70f24c1d[Not completed]
2020-07-20 01:17:31,006 [pool-220-thread-1] INFO  impl.RaftServerImpl (RaftServerImpl.java:<init>(99)) - 3e551ca4-b1b3-4226-8652-6024b5469bec: new RaftServerImpl for group-3E689F25B453:[6ed957ef-01ec-4d4e-8aec-11bf87f7b1e1:172.17.0.2:42117, 6b9f5e7e-e9a8-47c0-a0b1-c008e4f21b31:172.17.0.2:42485, 3e551ca4-b1b3-4226-8652-6024b5469bec:172.17.0.2:46701] with ContainerStateMachine:uninitialized
2020-07-20 01:17:31,006 [pool-220-thread-1] INFO  server.RaftServerConfigKeys (ConfUtils.java:logGet(44)) - raft.server.rpc.timeout.min = 5s (custom)
2020-07-20 01:17:31,006 [pool-220-thread-1] INFO  server.RaftServerConfigKeys (ConfUtils.java:logGet(44)) - raft.server.rpc.timeout.max = 5200ms (custom)
2020-07-20 01:17:31,006 [pool-220-thread-1] INFO  server.RaftServerConfigKeys (ConfUtils.java:logGet(44)) - raft.server.rpcslowness.timeout = 300000ms (custom)
2020-07-20 01:17:31,006 [pool-220-thread-1] INFO  server.RaftServerConfigKeys (ConfUtils.java:logGet(44)) - raft.server.sleep.deviation.threshold = 300 (default)
2020-07-20 01:17:31,006 [pool-220-thread-1] INFO  server.RaftServerConfigKeys (ConfUtils.java:logGet(44)) - raft.server.log.appender.install.snapshot.enabled = false (custom)
2020-07-20 01:17:31,006 [pool-220-thread-1] INFO  impl.RaftServerImpl (ServerState.java:<init>(103)) - 3e551ca4-b1b3-4226-8652-6024b5469bec@group-3E689F25B453: ConfigurationManager, init=-1: [6ed957ef-01ec-4d4e-8aec-11bf87f7b1e1:172.17.0.2:42117, 6b9f5e7e-e9a8-47c0-a0b1-c008e4f21b31:172.17.0.2:42485, 3e551ca4-b1b3-4226-8652-6024b5469bec:172.17.0.2:46701], old=null, confs=<EMPTY_MAP>
2020-07-20 01:17:31,006 [pool-220-thread-1] INFO  server.RaftServerConfigKeys (ConfUtils.java:logGet(44)) - raft.server.storage.dir = [/github/workspace/mnt/ozone/hadoop-ozone/integration-test/target/test-dir/MiniOzoneClusterImpl-2e7463a0-386a-4864-a70a-9a5d00050037/datanode-4/data/ratis] (custom)
2020-07-20 01:17:31,006 [pool-220-thread-1] INFO  server.RaftServerConfigKeys (ConfUtils.java:logGet(44)) - raft.server.log.corruption.policy = EXCEPTION (default)
2020-07-20 01:17:31,007 [pool-220-thread-1] INFO  storage.RaftStorageDirectory (RaftStorageDirectory.java:analyzeStorage(261)) - The storage directory /github/workspace/mnt/ozone/hadoop-ozone/integration-test/target/test-dir/MiniOzoneClusterImpl-2e7463a0-386a-4864-a70a-9a5d00050037/datanode-4/data/ratis/fe06dce1-8ab3-45b4-9671-3e689f25b453 does not exist. Creating ...
2020-07-20 01:17:31,008 [pool-220-thread-1] INFO  storage.RaftStorageDirectory (RaftStorageDirectory.java:tryLock(343)) - Lock on /github/workspace/mnt/ozone/hadoop-ozone/integration-test/target/test-dir/MiniOzoneClusterImpl-2e7463a0-386a-4864-a70a-9a5d00050037/datanode-4/data/ratis/fe06dce1-8ab3-45b4-9671-3e689f25b453/in_use.lock acquired by nodename 16462@9ffb5d2b249d
2020-07-20 01:17:31,009 [pool-220-thread-1] INFO  storage.RaftStorage (RaftStorage.java:format(84)) - Storage directory /github/workspace/mnt/ozone/hadoop-ozone/integration-test/target/test-dir/MiniOzoneClusterImpl-2e7463a0-386a-4864-a70a-9a5d00050037/datanode-4/data/ratis/fe06dce1-8ab3-45b4-9671-3e689f25b453 has been successfully formatted.
2020-07-20 01:17:31,009 [pool-220-thread-1] INFO  ratis.ContainerStateMachine (ContainerStateMachine.java:loadSnapshot(225)) - group-3E689F25B453: The snapshot info is null. Setting the last applied indexto:(t:0, i:~)
2020-07-20 01:17:31,010 [pool-220-thread-1] INFO  server.RaftServerConfigKeys (ConfUtils.java:logGet(44)) - raft.server.notification.no-leader.timeout = 300000ms (custom)
2020-07-20 01:17:31,010 [pool-220-thread-1] INFO  server.RaftServerConfigKeys (ConfUtils.java:logGet(44)) - raft.server.log.use.memory = false (default)
2020-07-20 01:17:31,010 [pool-220-thread-1] INFO  server.RaftServerConfigKeys (ConfUtils.java:logGet(44)) - raft.server.log.purge.gap = 1000000 (custom)
2020-07-20 01:17:31,010 [pool-220-thread-1] INFO  server.RaftServerConfigKeys (ConfUtils.java:logGet(44)) - raft.server.log.appender.buffer.byte-limit = 33554432 (custom)
2020-07-20 01:17:31,010 [pool-220-thread-1] INFO  server.RaftServerConfigKeys (ConfUtils.java:logGet(44)) - raft.server.log.segment.size.max = 1048576 (custom)
2020-07-20 01:17:31,010 [pool-220-thread-1] INFO  metrics.RatisMetrics (RatisMetrics.java:lambda$create$0(36)) - Creating Metrics Registry : ratis.log_worker.3e551ca4-b1b3-4226-8652-6024b5469bec@group-3E689F25B453
2020-07-20 01:17:31,010 [pool-220-thread-1] INFO  server.RaftServerConfigKeys (ConfUtils.java:logGet(44)) - raft.server.log.segment.cache.num.max = 2 (custom)
2020-07-20 01:17:31,010 [pool-220-thread-1] INFO  segmented.SegmentedRaftLogWorker (SegmentedRaftLogWorker.java:<init>(180)) - new 3e551ca4-b1b3-4226-8652-6024b5469bec@group-3E689F25B453-SegmentedRaftLogWorker for RaftStorage:Storage Directory /github/workspace/mnt/ozone/hadoop-ozone/integration-test/target/test-dir/MiniOzoneClusterImpl-2e7463a0-386a-4864-a70a-9a5d00050037/datanode-4/data/ratis/fe06dce1-8ab3-45b4-9671-3e689f25b453
2020-07-20 01:17:31,010 [pool-220-thread-1] INFO  server.RaftServerConfigKeys (ConfUtils.java:logGet(44)) - raft.server.log.queue.byte-limit = 2147483647 (custom)
2020-07-20 01:17:31,011 [pool-220-thread-1] INFO  server.RaftServerConfigKeys (ConfUtils.java:logGet(44)) - raft.server.log.queue.element-limit = 1024 (custom)
2020-07-20 01:17:31,011 [pool-220-thread-1] INFO  server.RaftServerConfigKeys (ConfUtils.java:logGet(44)) - raft.server.log.segment.size.max = 1048576 (custom)
2020-07-20 01:17:31,011 [pool-220-thread-1] INFO  server.RaftServerConfigKeys (ConfUtils.java:logGet(44)) - raft.server.log.preallocated.size = 16384 (custom)
2020-07-20 01:17:31,011 [pool-220-thread-1] INFO  server.RaftServerConfigKeys (ConfUtils.java:logGet(44)) - raft.server.log.write.buffer.size = 1048576 (custom)
2020-07-20 01:17:31,011 [pool-220-thread-1] INFO  server.RaftServerConfigKeys (ConfUtils.java:logGet(44)) - raft.server.log.force.sync.num = 128 (default)
2020-07-20 01:17:31,011 [pool-220-thread-1] INFO  server.RaftServerConfigKeys (ConfUtils.java:logGet(44)) - raft.server.log.statemachine.data.sync = true (default)
2020-07-20 01:17:31,011 [pool-220-thread-1] INFO  server.RaftServerConfigKeys (ConfUtils.java:logGet(44)) - raft.server.log.statemachine.data.sync.timeout = 10s (default)
2020-07-20 01:17:31,011 [pool-220-thread-1] INFO  server.RaftServerConfigKeys (ConfUtils.java:logGet(44)) - raft.server.log.statemachine.data.sync.timeout.retry = -1 (default)
2020-07-20 01:17:31,014 [pool-220-thread-1] INFO  server.RaftServerConfigKeys (ConfUtils.java:logGet(44)) - raft.server.log.statemachine.data.caching.enabled = true (custom)
2020-07-20 01:17:31,014 [pool-220-thread-1] INFO  segmented.SegmentedRaftLogWorker (SegmentedRaftLogWorker.java:lambda$new$0(129)) - 3e551ca4-b1b3-4226-8652-6024b5469bec@group-3E689F25B453-SegmentedRaftLogWorker: flushIndex: setUnconditionally 0 -> -1
2020-07-20 01:17:31,014 [pool-220-thread-1] INFO  segmented.SegmentedRaftLogWorker (SegmentedRaftLogWorker.java:lambda$new$0(129)) - 3e551ca4-b1b3-4226-8652-6024b5469bec@group-3E689F25B453-SegmentedRaftLogWorker: safeCacheEvictIndex: setUnconditionally 0 -> -1
2020-07-20 01:17:31,015 [pool-220-thread-1] INFO  server.RaftServerConfigKeys (ConfUtils.java:logGet(44)) - raft.server.snapshot.auto.trigger.enabled = true (custom)
2020-07-20 01:17:31,015 [pool-220-thread-1] INFO  server.RaftServerConfigKeys (ConfUtils.java:logGet(44)) - raft.server.snapshot.auto.trigger.threshold = 10000 (custom)
2020-07-20 01:17:31,015 [pool-220-thread-1] INFO  server.RaftServerConfigKeys (ConfUtils.java:logGet(44)) - raft.server.snapshot.retention.file.num = 5 (custom)
2020-07-20 01:17:31,015 [pool-220-thread-1] INFO  server.RaftServerConfigKeys (ConfUtils.java:logGet(44)) - raft.server.log.purge.upto.snapshot.index = false (default)
2020-07-20 01:17:31,015 [pool-220-thread-1] INFO  server.RaftServerConfigKeys (ConfUtils.java:logGet(44)) - raft.server.retrycache.expirytime = 600000ms (custom)
2020-07-20 01:17:31,015 [pool-220-thread-1] INFO  metrics.RatisMetrics (RatisMetrics.java:lambda$create$0(36)) - Creating Metrics Registry : ratis.leader_election.3e551ca4-b1b3-4226-8652-6024b5469bec@group-3E689F25B453
2020-07-20 01:17:31,016 [pool-220-thread-1] INFO  metrics.RatisMetrics (RatisMetrics.java:lambda$create$0(36)) - Creating Metrics Registry : ratis.server.3e551ca4-b1b3-4226-8652-6024b5469bec@group-3E689F25B453
2020-07-20 01:17:31,017 [pool-220-thread-1] INFO  impl.RaftServerImpl (RaftServerImpl.java:start(186)) - 3e551ca4-b1b3-4226-8652-6024b5469bec@group-3E689F25B453: start as a follower, conf=-1: [6ed957ef-01ec-4d4e-8aec-11bf87f7b1e1:172.17.0.2:42117, 6b9f5e7e-e9a8-47c0-a0b1-c008e4f21b31:172.17.0.2:42485, 3e551ca4-b1b3-4226-8652-6024b5469bec:172.17.0.2:46701], old=null
2020-07-20 01:17:31,017 [pool-220-thread-1] INFO  impl.RaftServerImpl (RaftServerImpl.java:setRole(175)) - 3e551ca4-b1b3-4226-8652-6024b5469bec@group-3E689F25B453: changes role from      null to FOLLOWER at term 0 for startAsFollower
2020-07-20 01:17:31,017 [pool-220-thread-1] INFO  impl.RoleInfo (RoleInfo.java:updateAndGet(143)) - 3e551ca4-b1b3-4226-8652-6024b5469bec: start FollowerState
2020-07-20 01:17:31,018 [pool-220-thread-1] INFO  util.JmxRegister (JmxRegister.java:tryRegister(44)) - Successfully registered JMX Bean with object name Ratis:service=RaftServer,group=group-3E689F25B453,id=3e551ca4-b1b3-4226-8652-6024b5469bec
2020-07-20 01:17:31,018 [pool-220-thread-1] INFO  metrics.RatisMetrics (RatisMetrics.java:lambda$create$0(36)) - Creating Metrics Registry : ratis.state_machine.3e551ca4-b1b3-4226-8652-6024b5469bec@group-3E689F25B453
2020-07-20 01:17:31,032 [Command processor thread] INFO  impl.RaftServerProxy (RaftServerProxy.java:addNew(89)) - 3e551ca4-b1b3-4226-8652-6024b5469bec: addNew group-DA408DF101BD:[3e551ca4-b1b3-4226-8652-6024b5469bec:172.17.0.2:46701] returns group-DA408DF101BD:java.util.concurrent.CompletableFuture@765ccf86[Not completed]
2020-07-20 01:17:31,033 [pool-220-thread-1] INFO  impl.RaftServerImpl (RaftServerImpl.java:<init>(99)) - 3e551ca4-b1b3-4226-8652-6024b5469bec: new RaftServerImpl for group-DA408DF101BD:[3e551ca4-b1b3-4226-8652-6024b5469bec:172.17.0.2:46701] with ContainerStateMachine:uninitialized
2020-07-20 01:17:31,033 [pool-220-thread-1] INFO  server.RaftServerConfigKeys (ConfUtils.java:logGet(44)) - raft.server.rpc.timeout.min = 5s (custom)
2020-07-20 01:17:31,034 [pool-220-thread-1] INFO  server.RaftServerConfigKeys (ConfUtils.java:logGet(44)) - raft.server.rpc.timeout.max = 5200ms (custom)
2020-07-20 01:17:31,034 [pool-220-thread-1] INFO  server.RaftServerConfigKeys (ConfUtils.java:logGet(44)) - raft.server.rpcslowness.timeout = 300000ms (custom)
2020-07-20 01:17:31,034 [pool-220-thread-1] INFO  server.RaftServerConfigKeys (ConfUtils.java:logGet(44)) - raft.server.sleep.deviation.threshold = 300 (default)
2020-07-20 01:17:31,034 [pool-220-thread-1] INFO  server.RaftServerConfigKeys (ConfUtils.java:logGet(44)) - raft.server.log.appender.install.snapshot.enabled = false (custom)
2020-07-20 01:17:31,034 [pool-220-thread-1] INFO  impl.RaftServerImpl (ServerState.java:<init>(103)) - 3e551ca4-b1b3-4226-8652-6024b5469bec@group-DA408DF101BD: ConfigurationManager, init=-1: [3e551ca4-b1b3-4226-8652-6024b5469bec:172.17.0.2:46701], old=null, confs=<EMPTY_MAP>
2020-07-20 01:17:31,034 [pool-220-thread-1] INFO  server.RaftServerConfigKeys (ConfUtils.java:logGet(44)) - raft.server.storage.dir = [/github/workspace/mnt/ozone/hadoop-ozone/integration-test/target/test-dir/MiniOzoneClusterImpl-2e7463a0-386a-4864-a70a-9a5d00050037/datanode-4/data/ratis] (custom)
2020-07-20 01:17:31,034 [pool-220-thread-1] INFO  server.RaftServerConfigKeys (ConfUtils.java:logGet(44)) - raft.server.log.corruption.policy = EXCEPTION (default)
2020-07-20 01:17:31,034 [pool-220-thread-1] INFO  storage.RaftStorageDirectory (RaftStorageDirectory.java:analyzeStorage(261)) - The storage directory /github/workspace/mnt/ozone/hadoop-ozone/integration-test/target/test-dir/MiniOzoneClusterImpl-2e7463a0-386a-4864-a70a-9a5d00050037/datanode-4/data/ratis/28bf7c53-5199-4762-bb3b-da408df101bd does not exist. Creating ...
2020-07-20 01:17:31,037 [pool-220-thread-1] INFO  storage.RaftStorageDirectory (RaftStorageDirectory.java:tryLock(343)) - Lock on /github/workspace/mnt/ozone/hadoop-ozone/integration-test/target/test-dir/MiniOzoneClusterImpl-2e7463a0-386a-4864-a70a-9a5d00050037/datanode-4/data/ratis/28bf7c53-5199-4762-bb3b-da408df101bd/in_use.lock acquired by nodename 16462@9ffb5d2b249d
2020-07-20 01:17:31,037 [Command processor thread] INFO  commandhandler.CreatePipelineCommandHandler (CreatePipelineCommandHandler.java:handle(109)) - Created Pipeline RATIS THREE #id: "fe06dce1-8ab3-45b4-9671-3e689f25b453"
uuid128 {
  mostSigBits: -142183476962835020
  leastSigBits: -7606229676584487853
}
.
2020-07-20 01:17:31,038 [pool-220-thread-1] INFO  storage.RaftStorage (RaftStorage.java:format(84)) - Storage directory /github/workspace/mnt/ozone/hadoop-ozone/integration-test/target/test-dir/MiniOzoneClusterImpl-2e7463a0-386a-4864-a70a-9a5d00050037/datanode-4/data/ratis/28bf7c53-5199-4762-bb3b-da408df101bd has been successfully formatted.
2020-07-20 01:17:31,038 [pool-220-thread-1] INFO  ratis.ContainerStateMachine (ContainerStateMachine.java:loadSnapshot(225)) - group-DA408DF101BD: The snapshot info is null. Setting the last applied indexto:(t:0, i:~)
2020-07-20 01:17:31,038 [pool-220-thread-1] INFO  server.RaftServerConfigKeys (ConfUtils.java:logGet(44)) - raft.server.notification.no-leader.timeout = 300000ms (custom)
2020-07-20 01:17:31,039 [pool-220-thread-1] INFO  server.RaftServerConfigKeys (ConfUtils.java:logGet(44)) - raft.server.log.use.memory = false (default)
2020-07-20 01:17:31,039 [pool-220-thread-1] INFO  server.RaftServerConfigKeys (ConfUtils.java:logGet(44)) - raft.server.log.purge.gap = 1000000 (custom)
2020-07-20 01:17:31,039 [pool-220-thread-1] INFO  server.RaftServerConfigKeys (ConfUtils.java:logGet(44)) - raft.server.log.appender.buffer.byte-limit = 33554432 (custom)
2020-07-20 01:17:31,039 [EventQueue-PipelineReportForPipelineReportHandler] INFO  pipeline.PipelineStateManager (PipelineStateManager.java:openPipeline(131)) - Pipeline Pipeline[ Id: 28bf7c53-5199-4762-bb3b-da408df101bd, Nodes: 3e551ca4-b1b3-4226-8652-6024b5469bec{ip: 172.17.0.2, host: 9ffb5d2b249d, networkLocation: /default-rack, certSerialId: null}, Type:RATIS, Factor:ONE, State:ALLOCATED, leaderId:3e551ca4-b1b3-4226-8652-6024b5469bec, CreationTimestamp2020-07-20T01:17:28.033Z] moved to OPEN state
2020-07-20 01:17:31,040 [EventQueue-OpenPipelineForHealthyPipelineSafeModeRule] INFO  safemode.SCMSafeModeManager (HealthyPipelineSafeModeRule.java:process(129)) - SCM in safe mode. Healthy pipelines reported count is 0, required healthy pipeline reported count is 1
2020-07-20 01:17:31,040 [EventQueue-OpenPipelineForOneReplicaPipelineSafeModeRule] INFO  safemode.SCMSafeModeManager (SCMSafeModeManager.java:validateSafeModeExitRules(214)) - AtleastOneDatanodeReportedRule rule is successfully validated
2020-07-20 01:17:31,040 [pool-220-thread-1] INFO  server.RaftServerConfigKeys (ConfUtils.java:logGet(44)) - raft.server.log.segment.size.max = 1048576 (custom)
2020-07-20 01:17:31,040 [pool-220-thread-1] INFO  metrics.RatisMetrics (RatisMetrics.java:lambda$create$0(36)) - Creating Metrics Registry : ratis.log_worker.3e551ca4-b1b3-4226-8652-6024b5469bec@group-DA408DF101BD
2020-07-20 01:17:31,040 [pool-220-thread-1] INFO  server.RaftServerConfigKeys (ConfUtils.java:logGet(44)) - raft.server.log.segment.cache.num.max = 2 (custom)
2020-07-20 01:17:31,040 [pool-220-thread-1] INFO  segmented.SegmentedRaftLogWorker (SegmentedRaftLogWorker.java:<init>(180)) - new 3e551ca4-b1b3-4226-8652-6024b5469bec@group-DA408DF101BD-SegmentedRaftLogWorker for RaftStorage:Storage Directory /github/workspace/mnt/ozone/hadoop-ozone/integration-test/target/test-dir/MiniOzoneClusterImpl-2e7463a0-386a-4864-a70a-9a5d00050037/datanode-4/data/ratis/28bf7c53-5199-4762-bb3b-da408df101bd
2020-07-20 01:17:31,040 [pool-220-thread-1] INFO  server.RaftServerConfigKeys (ConfUtils.java:logGet(44)) - raft.server.log.queue.byte-limit = 2147483647 (custom)
2020-07-20 01:17:31,041 [pool-220-thread-1] INFO  server.RaftServerConfigKeys (ConfUtils.java:logGet(44)) - raft.server.log.queue.element-limit = 1024 (custom)
2020-07-20 01:17:31,041 [pool-220-thread-1] INFO  server.RaftServerConfigKeys (ConfUtils.java:logGet(44)) - raft.server.log.segment.size.max = 1048576 (custom)
2020-07-20 01:17:31,041 [pool-220-thread-1] INFO  server.RaftServerConfigKeys (ConfUtils.java:logGet(44)) - raft.server.log.preallocated.size = 16384 (custom)
2020-07-20 01:17:31,041 [pool-220-thread-1] INFO  server.RaftServerConfigKeys (ConfUtils.java:logGet(44)) - raft.server.log.write.buffer.size = 1048576 (custom)
2020-07-20 01:17:31,041 [pool-220-thread-1] INFO  server.RaftServerConfigKeys (ConfUtils.java:logGet(44)) - raft.server.log.force.sync.num = 128 (default)
2020-07-20 01:17:31,042 [pool-220-thread-1] INFO  server.RaftServerConfigKeys (ConfUtils.java:logGet(44)) - raft.server.log.statemachine.data.sync = true (default)
2020-07-20 01:17:31,042 [pool-220-thread-1] INFO  server.RaftServerConfigKeys (ConfUtils.java:logGet(44)) - raft.server.log.statemachine.data.sync.timeout = 10s (default)
2020-07-20 01:17:31,042 [pool-220-thread-1] INFO  server.RaftServerConfigKeys (ConfUtils.java:logGet(44)) - raft.server.log.statemachine.data.sync.timeout.retry = -1 (default)
2020-07-20 01:17:31,044 [pool-220-thread-1] INFO  server.RaftServerConfigKeys (ConfUtils.java:logGet(44)) - raft.server.log.statemachine.data.caching.enabled = true (custom)
2020-07-20 01:17:31,044 [pool-220-thread-1] INFO  segmented.SegmentedRaftLogWorker (SegmentedRaftLogWorker.java:lambda$new$0(129)) - 3e551ca4-b1b3-4226-8652-6024b5469bec@group-DA408DF101BD-SegmentedRaftLogWorker: flushIndex: setUnconditionally 0 -> -1
2020-07-20 01:17:31,044 [pool-220-thread-1] INFO  segmented.SegmentedRaftLogWorker (SegmentedRaftLogWorker.java:lambda$new$0(129)) - 3e551ca4-b1b3-4226-8652-6024b5469bec@group-DA408DF101BD-SegmentedRaftLogWorker: safeCacheEvictIndex: setUnconditionally 0 -> -1
2020-07-20 01:17:31,044 [pool-220-thread-1] INFO  server.RaftServerConfigKeys (ConfUtils.java:logGet(44)) - raft.server.snapshot.auto.trigger.enabled = true (custom)
2020-07-20 01:17:31,044 [pool-220-thread-1] INFO  server.RaftServerConfigKeys (ConfUtils.java:logGet(44)) - raft.server.snapshot.auto.trigger.threshold = 10000 (custom)
2020-07-20 01:17:31,044 [pool-220-thread-1] INFO  server.RaftServerConfigKeys (ConfUtils.java:logGet(44)) - raft.server.snapshot.retention.file.num = 5 (custom)
2020-07-20 01:17:31,044 [pool-220-thread-1] INFO  server.RaftServerConfigKeys (ConfUtils.java:logGet(44)) - raft.server.log.purge.upto.snapshot.index = false (default)
2020-07-20 01:17:31,045 [pool-220-thread-1] INFO  server.RaftServerConfigKeys (ConfUtils.java:logGet(44)) - raft.server.retrycache.expirytime = 600000ms (custom)
2020-07-20 01:17:31,045 [pool-220-thread-1] INFO  metrics.RatisMetrics (RatisMetrics.java:lambda$create$0(36)) - Creating Metrics Registry : ratis.leader_election.3e551ca4-b1b3-4226-8652-6024b5469bec@group-DA408DF101BD
2020-07-20 01:17:31,045 [pool-220-thread-1] INFO  metrics.RatisMetrics (RatisMetrics.java:lambda$create$0(36)) - Creating Metrics Registry : ratis.server.3e551ca4-b1b3-4226-8652-6024b5469bec@group-DA408DF101BD
2020-07-20 01:17:31,046 [pool-220-thread-1] INFO  impl.RaftServerImpl (RaftServerImpl.java:start(186)) - 3e551ca4-b1b3-4226-8652-6024b5469bec@group-DA408DF101BD: start as a follower, conf=-1: [3e551ca4-b1b3-4226-8652-6024b5469bec:172.17.0.2:46701], old=null
2020-07-20 01:17:31,046 [pool-220-thread-1] INFO  impl.RaftServerImpl (RaftServerImpl.java:setRole(175)) - 3e551ca4-b1b3-4226-8652-6024b5469bec@group-DA408DF101BD: changes role from      null to FOLLOWER at term 0 for startAsFollower
2020-07-20 01:17:31,047 [pool-220-thread-1] INFO  impl.RoleInfo (RoleInfo.java:updateAndGet(143)) - 3e551ca4-b1b3-4226-8652-6024b5469bec: start FollowerState
2020-07-20 01:17:31,049 [pool-220-thread-1] INFO  util.JmxRegister (JmxRegister.java:tryRegister(44)) - Successfully registered JMX Bean with object name Ratis:service=RaftServer,group=group-DA408DF101BD,id=3e551ca4-b1b3-4226-8652-6024b5469bec
2020-07-20 01:17:31,049 [pool-220-thread-1] INFO  metrics.RatisMetrics (RatisMetrics.java:lambda$create$0(36)) - Creating Metrics Registry : ratis.state_machine.3e551ca4-b1b3-4226-8652-6024b5469bec@group-DA408DF101BD
2020-07-20 01:17:31,053 [Command processor thread] INFO  commandhandler.CreatePipelineCommandHandler (CreatePipelineCommandHandler.java:handle(109)) - Created Pipeline RATIS ONE #id: "28bf7c53-5199-4762-bb3b-da408df101bd"
uuid128 {
  mostSigBits: 2936202179361982306
  leastSigBits: -4955126994196954691
}
.
2020-07-20 01:17:31,210 [Command processor thread] INFO  impl.RaftServerProxy (RaftServerProxy.java:addNew(89)) - 6ed957ef-01ec-4d4e-8aec-11bf87f7b1e1: addNew group-83C7EF91F74A:[6ed957ef-01ec-4d4e-8aec-11bf87f7b1e1:172.17.0.2:42117] returns group-83C7EF91F74A:java.util.concurrent.CompletableFuture@796fad31[Not completed]
2020-07-20 01:17:31,211 [pool-235-thread-1] INFO  impl.RaftServerImpl (RaftServerImpl.java:<init>(99)) - 6ed957ef-01ec-4d4e-8aec-11bf87f7b1e1: new RaftServerImpl for group-83C7EF91F74A:[6ed957ef-01ec-4d4e-8aec-11bf87f7b1e1:172.17.0.2:42117] with ContainerStateMachine:uninitialized
2020-07-20 01:17:31,211 [pool-235-thread-1] INFO  server.RaftServerConfigKeys (ConfUtils.java:logGet(44)) - raft.server.rpc.timeout.min = 5s (custom)
2020-07-20 01:17:31,211 [pool-235-thread-1] INFO  server.RaftServerConfigKeys (ConfUtils.java:logGet(44)) - raft.server.rpc.timeout.max = 5200ms (custom)
2020-07-20 01:17:31,211 [pool-235-thread-1] INFO  server.RaftServerConfigKeys (ConfUtils.java:logGet(44)) - raft.server.rpcslowness.timeout = 300000ms (custom)
2020-07-20 01:17:31,211 [pool-235-thread-1] INFO  server.RaftServerConfigKeys (ConfUtils.java:logGet(44)) - raft.server.sleep.deviation.threshold = 300 (default)
2020-07-20 01:17:31,211 [pool-235-thread-1] INFO  server.RaftServerConfigKeys (ConfUtils.java:logGet(44)) - raft.server.log.appender.install.snapshot.enabled = false (custom)
2020-07-20 01:17:31,211 [pool-235-thread-1] INFO  impl.RaftServerImpl (ServerState.java:<init>(103)) - 6ed957ef-01ec-4d4e-8aec-11bf87f7b1e1@group-83C7EF91F74A: ConfigurationManager, init=-1: [6ed957ef-01ec-4d4e-8aec-11bf87f7b1e1:172.17.0.2:42117], old=null, confs=<EMPTY_MAP>
2020-07-20 01:17:31,211 [pool-235-thread-1] INFO  server.RaftServerConfigKeys (ConfUtils.java:logGet(44)) - raft.server.storage.dir = [/github/workspace/mnt/ozone/hadoop-ozone/integration-test/target/test-dir/MiniOzoneClusterImpl-2e7463a0-386a-4864-a70a-9a5d00050037/datanode-5/data/ratis] (custom)
2020-07-20 01:17:31,212 [pool-235-thread-1] INFO  server.RaftServerConfigKeys (ConfUtils.java:logGet(44)) - raft.server.log.corruption.policy = EXCEPTION (default)
2020-07-20 01:17:31,212 [pool-235-thread-1] INFO  storage.RaftStorageDirectory (RaftStorageDirectory.java:analyzeStorage(261)) - The storage directory /github/workspace/mnt/ozone/hadoop-ozone/integration-test/target/test-dir/MiniOzoneClusterImpl-2e7463a0-386a-4864-a70a-9a5d00050037/datanode-5/data/ratis/e2927ab2-e3c0-4173-845c-83c7ef91f74a does not exist. Creating ...
2020-07-20 01:17:31,213 [pool-235-thread-1] INFO  storage.RaftStorageDirectory (RaftStorageDirectory.java:tryLock(343)) - Lock on /github/workspace/mnt/ozone/hadoop-ozone/integration-test/target/test-dir/MiniOzoneClusterImpl-2e7463a0-386a-4864-a70a-9a5d00050037/datanode-5/data/ratis/e2927ab2-e3c0-4173-845c-83c7ef91f74a/in_use.lock acquired by nodename 16462@9ffb5d2b249d
2020-07-20 01:17:31,214 [pool-235-thread-1] INFO  storage.RaftStorage (RaftStorage.java:format(84)) - Storage directory /github/workspace/mnt/ozone/hadoop-ozone/integration-test/target/test-dir/MiniOzoneClusterImpl-2e7463a0-386a-4864-a70a-9a5d00050037/datanode-5/data/ratis/e2927ab2-e3c0-4173-845c-83c7ef91f74a has been successfully formatted.
2020-07-20 01:17:31,215 [pool-235-thread-1] INFO  ratis.ContainerStateMachine (ContainerStateMachine.java:loadSnapshot(225)) - group-83C7EF91F74A: The snapshot info is null. Setting the last applied indexto:(t:0, i:~)
2020-07-20 01:17:31,215 [pool-235-thread-1] INFO  server.RaftServerConfigKeys (ConfUtils.java:logGet(44)) - raft.server.notification.no-leader.timeout = 300000ms (custom)
2020-07-20 01:17:31,215 [pool-235-thread-1] INFO  server.RaftServerConfigKeys (ConfUtils.java:logGet(44)) - raft.server.log.use.memory = false (default)
2020-07-20 01:17:31,216 [EventQueue-PipelineReportForPipelineReportHandler] INFO  pipeline.PipelineStateManager (PipelineStateManager.java:openPipeline(131)) - Pipeline Pipeline[ Id: e2927ab2-e3c0-4173-845c-83c7ef91f74a, Nodes: 6ed957ef-01ec-4d4e-8aec-11bf87f7b1e1{ip: 172.17.0.2, host: 9ffb5d2b249d, networkLocation: /default-rack, certSerialId: null}, Type:RATIS, Factor:ONE, State:ALLOCATED, leaderId:6ed957ef-01ec-4d4e-8aec-11bf87f7b1e1, CreationTimestamp2020-07-20T01:17:28.212Z] moved to OPEN state
2020-07-20 01:17:31,216 [pool-235-thread-1] INFO  server.RaftServerConfigKeys (ConfUtils.java:logGet(44)) - raft.server.log.purge.gap = 1000000 (custom)
2020-07-20 01:17:31,216 [pool-235-thread-1] INFO  server.RaftServerConfigKeys (ConfUtils.java:logGet(44)) - raft.server.log.appender.buffer.byte-limit = 33554432 (custom)
2020-07-20 01:17:31,216 [EventQueue-OpenPipelineForOneReplicaPipelineSafeModeRule] INFO  safemode.SCMSafeModeManager (SCMSafeModeManager.java:validateSafeModeExitRules(214)) - AtleastOneDatanodeReportedRule rule is successfully validated
2020-07-20 01:17:31,216 [EventQueue-OpenPipelineForHealthyPipelineSafeModeRule] INFO  safemode.SCMSafeModeManager (HealthyPipelineSafeModeRule.java:process(129)) - SCM in safe mode. Healthy pipelines reported count is 0, required healthy pipeline reported count is 1
2020-07-20 01:17:31,216 [pool-235-thread-1] INFO  server.RaftServerConfigKeys (ConfUtils.java:logGet(44)) - raft.server.log.segment.size.max = 1048576 (custom)
2020-07-20 01:17:31,217 [pool-235-thread-1] INFO  metrics.RatisMetrics (RatisMetrics.java:lambda$create$0(36)) - Creating Metrics Registry : ratis.log_worker.6ed957ef-01ec-4d4e-8aec-11bf87f7b1e1@group-83C7EF91F74A
2020-07-20 01:17:31,218 [pool-235-thread-1] INFO  server.RaftServerConfigKeys (ConfUtils.java:logGet(44)) - raft.server.log.segment.cache.num.max = 2 (custom)
2020-07-20 01:17:31,218 [pool-235-thread-1] INFO  segmented.SegmentedRaftLogWorker (SegmentedRaftLogWorker.java:<init>(180)) - new 6ed957ef-01ec-4d4e-8aec-11bf87f7b1e1@group-83C7EF91F74A-SegmentedRaftLogWorker for RaftStorage:Storage Directory /github/workspace/mnt/ozone/hadoop-ozone/integration-test/target/test-dir/MiniOzoneClusterImpl-2e7463a0-386a-4864-a70a-9a5d00050037/datanode-5/data/ratis/e2927ab2-e3c0-4173-845c-83c7ef91f74a
2020-07-20 01:17:31,218 [pool-235-thread-1] INFO  server.RaftServerConfigKeys (ConfUtils.java:logGet(44)) - raft.server.log.queue.byte-limit = 2147483647 (custom)
2020-07-20 01:17:31,218 [pool-235-thread-1] INFO  server.RaftServerConfigKeys (ConfUtils.java:logGet(44)) - raft.server.log.queue.element-limit = 1024 (custom)
2020-07-20 01:17:31,218 [pool-235-thread-1] INFO  server.RaftServerConfigKeys (ConfUtils.java:logGet(44)) - raft.server.log.segment.size.max = 1048576 (custom)
2020-07-20 01:17:31,218 [pool-235-thread-1] INFO  server.RaftServerConfigKeys (ConfUtils.java:logGet(44)) - raft.server.log.preallocated.size = 16384 (custom)
2020-07-20 01:17:31,218 [pool-235-thread-1] INFO  server.RaftServerConfigKeys (ConfUtils.java:logGet(44)) - raft.server.log.write.buffer.size = 1048576 (custom)
2020-07-20 01:17:31,218 [pool-235-thread-1] INFO  server.RaftServerConfigKeys (ConfUtils.java:logGet(44)) - raft.server.log.force.sync.num = 128 (default)
2020-07-20 01:17:31,218 [pool-235-thread-1] INFO  server.RaftServerConfigKeys (ConfUtils.java:logGet(44)) - raft.server.log.statemachine.data.sync = true (default)
2020-07-20 01:17:31,219 [pool-235-thread-1] INFO  server.RaftServerConfigKeys (ConfUtils.java:logGet(44)) - raft.server.log.statemachine.data.sync.timeout = 10s (default)
2020-07-20 01:17:31,219 [pool-235-thread-1] INFO  server.RaftServerConfigKeys (ConfUtils.java:logGet(44)) - raft.server.log.statemachine.data.sync.timeout.retry = -1 (default)
2020-07-20 01:17:31,221 [pool-235-thread-1] INFO  server.RaftServerConfigKeys (ConfUtils.java:logGet(44)) - raft.server.log.statemachine.data.caching.enabled = true (custom)
2020-07-20 01:17:31,221 [pool-235-thread-1] INFO  segmented.SegmentedRaftLogWorker (SegmentedRaftLogWorker.java:lambda$new$0(129)) - 6ed957ef-01ec-4d4e-8aec-11bf87f7b1e1@group-83C7EF91F74A-SegmentedRaftLogWorker: flushIndex: setUnconditionally 0 -> -1
2020-07-20 01:17:31,221 [pool-235-thread-1] INFO  segmented.SegmentedRaftLogWorker (SegmentedRaftLogWorker.java:lambda$new$0(129)) - 6ed957ef-01ec-4d4e-8aec-11bf87f7b1e1@group-83C7EF91F74A-SegmentedRaftLogWorker: safeCacheEvictIndex: setUnconditionally 0 -> -1
2020-07-20 01:17:31,222 [pool-235-thread-1] INFO  server.RaftServerConfigKeys (ConfUtils.java:logGet(44)) - raft.server.snapshot.auto.trigger.enabled = true (custom)
2020-07-20 01:17:31,222 [pool-235-thread-1] INFO  server.RaftServerConfigKeys (ConfUtils.java:logGet(44)) - raft.server.snapshot.auto.trigger.threshold = 10000 (custom)
2020-07-20 01:17:31,222 [pool-235-thread-1] INFO  server.RaftServerConfigKeys (ConfUtils.java:logGet(44)) - raft.server.snapshot.retention.file.num = 5 (custom)
2020-07-20 01:17:31,222 [pool-235-thread-1] INFO  server.RaftServerConfigKeys (ConfUtils.java:logGet(44)) - raft.server.log.purge.upto.snapshot.index = false (default)
2020-07-20 01:17:31,222 [pool-235-thread-1] INFO  server.RaftServerConfigKeys (ConfUtils.java:logGet(44)) - raft.server.retrycache.expirytime = 600000ms (custom)
2020-07-20 01:17:31,222 [pool-235-thread-1] INFO  metrics.RatisMetrics (RatisMetrics.java:lambda$create$0(36)) - Creating Metrics Registry : ratis.leader_election.6ed957ef-01ec-4d4e-8aec-11bf87f7b1e1@group-83C7EF91F74A
2020-07-20 01:17:31,223 [pool-235-thread-1] INFO  metrics.RatisMetrics (RatisMetrics.java:lambda$create$0(36)) - Creating Metrics Registry : ratis.server.6ed957ef-01ec-4d4e-8aec-11bf87f7b1e1@group-83C7EF91F74A
2020-07-20 01:17:31,224 [pool-235-thread-1] INFO  impl.RaftServerImpl (RaftServerImpl.java:start(186)) - 6ed957ef-01ec-4d4e-8aec-11bf87f7b1e1@group-83C7EF91F74A: start as a follower, conf=-1: [6ed957ef-01ec-4d4e-8aec-11bf87f7b1e1:172.17.0.2:42117], old=null
2020-07-20 01:17:31,224 [pool-235-thread-1] INFO  impl.RaftServerImpl (RaftServerImpl.java:setRole(175)) - 6ed957ef-01ec-4d4e-8aec-11bf87f7b1e1@group-83C7EF91F74A: changes role from      null to FOLLOWER at term 0 for startAsFollower
2020-07-20 01:17:31,224 [pool-235-thread-1] INFO  impl.RoleInfo (RoleInfo.java:updateAndGet(143)) - 6ed957ef-01ec-4d4e-8aec-11bf87f7b1e1: start FollowerState
2020-07-20 01:17:31,225 [pool-235-thread-1] INFO  util.JmxRegister (JmxRegister.java:tryRegister(44)) - Successfully registered JMX Bean with object name Ratis:service=RaftServer,group=group-83C7EF91F74A,id=6ed957ef-01ec-4d4e-8aec-11bf87f7b1e1
2020-07-20 01:17:31,225 [pool-235-thread-1] INFO  metrics.RatisMetrics (RatisMetrics.java:lambda$create$0(36)) - Creating Metrics Registry : ratis.state_machine.6ed957ef-01ec-4d4e-8aec-11bf87f7b1e1@group-83C7EF91F74A
2020-07-20 01:17:31,227 [Command processor thread] INFO  commandhandler.CreatePipelineCommandHandler (CreatePipelineCommandHandler.java:handle(109)) - Created Pipeline RATIS ONE #id: "e2927ab2-e3c0-4173-845c-83c7ef91f74a"
uuid128 {
  mostSigBits: -2120497565794287245
  leastSigBits: -8909101068104632502
}
.
2020-07-20 01:17:31,334 [Listener at 127.0.0.1/34739] INFO  ozone.MiniOzoneClusterImpl (MiniOzoneClusterImpl.java:lambda$waitForClusterToBeReady$0(177)) - Nodes are ready. Got 7 of 7 DN Heartbeats.
2020-07-20 01:17:31,334 [Listener at 127.0.0.1/34739] INFO  ozone.MiniOzoneClusterImpl (MiniOzoneClusterImpl.java:lambda$waitForClusterToBeReady$0(180)) - Waiting for cluster to exit safe mode
2020-07-20 01:17:31,335 [Command processor thread] INFO  impl.RaftServerProxy (RaftServerProxy.java:addNew(89)) - b0a2088b-73e2-4e23-bf2a-0933d86a42a7: addNew group-55828A97B852:[b0a2088b-73e2-4e23-bf2a-0933d86a42a7:172.17.0.2:42595] returns group-55828A97B852:java.util.concurrent.CompletableFuture@1a553223[Not completed]
2020-07-20 01:17:31,337 [pool-250-thread-1] INFO  impl.RaftServerImpl (RaftServerImpl.java:<init>(99)) - b0a2088b-73e2-4e23-bf2a-0933d86a42a7: new RaftServerImpl for group-55828A97B852:[b0a2088b-73e2-4e23-bf2a-0933d86a42a7:172.17.0.2:42595] with ContainerStateMachine:uninitialized
2020-07-20 01:17:31,337 [pool-250-thread-1] INFO  server.RaftServerConfigKeys (ConfUtils.java:logGet(44)) - raft.server.rpc.timeout.min = 5s (custom)
2020-07-20 01:17:31,337 [pool-250-thread-1] INFO  server.RaftServerConfigKeys (ConfUtils.java:logGet(44)) - raft.server.rpc.timeout.max = 5200ms (custom)
2020-07-20 01:17:31,337 [pool-250-thread-1] INFO  server.RaftServerConfigKeys (ConfUtils.java:logGet(44)) - raft.server.rpcslowness.timeout = 300000ms (custom)
2020-07-20 01:17:31,338 [pool-250-thread-1] INFO  server.RaftServerConfigKeys (ConfUtils.java:logGet(44)) - raft.server.sleep.deviation.threshold = 300 (default)
2020-07-20 01:17:31,338 [pool-250-thread-1] INFO  server.RaftServerConfigKeys (ConfUtils.java:logGet(44)) - raft.server.log.appender.install.snapshot.enabled = false (custom)
2020-07-20 01:17:31,338 [pool-250-thread-1] INFO  impl.RaftServerImpl (ServerState.java:<init>(103)) - b0a2088b-73e2-4e23-bf2a-0933d86a42a7@group-55828A97B852: ConfigurationManager, init=-1: [b0a2088b-73e2-4e23-bf2a-0933d86a42a7:172.17.0.2:42595], old=null, confs=<EMPTY_MAP>
2020-07-20 01:17:31,338 [pool-250-thread-1] INFO  server.RaftServerConfigKeys (ConfUtils.java:logGet(44)) - raft.server.storage.dir = [/github/workspace/mnt/ozone/hadoop-ozone/integration-test/target/test-dir/MiniOzoneClusterImpl-2e7463a0-386a-4864-a70a-9a5d00050037/datanode-6/data/ratis] (custom)
2020-07-20 01:17:31,338 [pool-250-thread-1] INFO  server.RaftServerConfigKeys (ConfUtils.java:logGet(44)) - raft.server.log.corruption.policy = EXCEPTION (default)
2020-07-20 01:17:31,338 [pool-250-thread-1] INFO  storage.RaftStorageDirectory (RaftStorageDirectory.java:analyzeStorage(261)) - The storage directory /github/workspace/mnt/ozone/hadoop-ozone/integration-test/target/test-dir/MiniOzoneClusterImpl-2e7463a0-386a-4864-a70a-9a5d00050037/datanode-6/data/ratis/1a6c79ea-e386-4585-8e9a-55828a97b852 does not exist. Creating ...
2020-07-20 01:17:31,339 [pool-250-thread-1] INFO  storage.RaftStorageDirectory (RaftStorageDirectory.java:tryLock(343)) - Lock on /github/workspace/mnt/ozone/hadoop-ozone/integration-test/target/test-dir/MiniOzoneClusterImpl-2e7463a0-386a-4864-a70a-9a5d00050037/datanode-6/data/ratis/1a6c79ea-e386-4585-8e9a-55828a97b852/in_use.lock acquired by nodename 16462@9ffb5d2b249d
2020-07-20 01:17:31,340 [pool-250-thread-1] INFO  storage.RaftStorage (RaftStorage.java:format(84)) - Storage directory /github/workspace/mnt/ozone/hadoop-ozone/integration-test/target/test-dir/MiniOzoneClusterImpl-2e7463a0-386a-4864-a70a-9a5d00050037/datanode-6/data/ratis/1a6c79ea-e386-4585-8e9a-55828a97b852 has been successfully formatted.
2020-07-20 01:17:31,341 [pool-250-thread-1] INFO  ratis.ContainerStateMachine (ContainerStateMachine.java:loadSnapshot(225)) - group-55828A97B852: The snapshot info is null. Setting the last applied indexto:(t:0, i:~)
2020-07-20 01:17:31,341 [pool-250-thread-1] INFO  server.RaftServerConfigKeys (ConfUtils.java:logGet(44)) - raft.server.notification.no-leader.timeout = 300000ms (custom)
2020-07-20 01:17:31,341 [pool-250-thread-1] INFO  server.RaftServerConfigKeys (ConfUtils.java:logGet(44)) - raft.server.log.use.memory = false (default)
2020-07-20 01:17:31,341 [pool-250-thread-1] INFO  server.RaftServerConfigKeys (ConfUtils.java:logGet(44)) - raft.server.log.purge.gap = 1000000 (custom)
2020-07-20 01:17:31,341 [pool-250-thread-1] INFO  server.RaftServerConfigKeys (ConfUtils.java:logGet(44)) - raft.server.log.appender.buffer.byte-limit = 33554432 (custom)
2020-07-20 01:17:31,342 [pool-250-thread-1] INFO  server.RaftServerConfigKeys (ConfUtils.java:logGet(44)) - raft.server.log.segment.size.max = 1048576 (custom)
2020-07-20 01:17:31,342 [pool-250-thread-1] INFO  metrics.RatisMetrics (RatisMetrics.java:lambda$create$0(36)) - Creating Metrics Registry : ratis.log_worker.b0a2088b-73e2-4e23-bf2a-0933d86a42a7@group-55828A97B852
2020-07-20 01:17:31,342 [pool-250-thread-1] INFO  server.RaftServerConfigKeys (ConfUtils.java:logGet(44)) - raft.server.log.segment.cache.num.max = 2 (custom)
2020-07-20 01:17:31,343 [pool-250-thread-1] INFO  segmented.SegmentedRaftLogWorker (SegmentedRaftLogWorker.java:<init>(180)) - new b0a2088b-73e2-4e23-bf2a-0933d86a42a7@group-55828A97B852-SegmentedRaftLogWorker for RaftStorage:Storage Directory /github/workspace/mnt/ozone/hadoop-ozone/integration-test/target/test-dir/MiniOzoneClusterImpl-2e7463a0-386a-4864-a70a-9a5d00050037/datanode-6/data/ratis/1a6c79ea-e386-4585-8e9a-55828a97b852
2020-07-20 01:17:31,343 [EventQueue-PipelineReportForPipelineReportHandler] INFO  pipeline.PipelineStateManager (PipelineStateManager.java:openPipeline(131)) - Pipeline Pipeline[ Id: 1a6c79ea-e386-4585-8e9a-55828a97b852, Nodes: b0a2088b-73e2-4e23-bf2a-0933d86a42a7{ip: 172.17.0.2, host: 9ffb5d2b249d, networkLocation: /default-rack, certSerialId: null}, Type:RATIS, Factor:ONE, State:ALLOCATED, leaderId:b0a2088b-73e2-4e23-bf2a-0933d86a42a7, CreationTimestamp2020-07-20T01:17:28.337Z] moved to OPEN state
2020-07-20 01:17:31,343 [pool-250-thread-1] INFO  server.RaftServerConfigKeys (ConfUtils.java:logGet(44)) - raft.server.log.queue.byte-limit = 2147483647 (custom)
2020-07-20 01:17:31,343 [pool-250-thread-1] INFO  server.RaftServerConfigKeys (ConfUtils.java:logGet(44)) - raft.server.log.queue.element-limit = 1024 (custom)
2020-07-20 01:17:31,343 [pool-250-thread-1] INFO  server.RaftServerConfigKeys (ConfUtils.java:logGet(44)) - raft.server.log.segment.size.max = 1048576 (custom)
2020-07-20 01:17:31,343 [pool-250-thread-1] INFO  server.RaftServerConfigKeys (ConfUtils.java:logGet(44)) - raft.server.log.preallocated.size = 16384 (custom)
2020-07-20 01:17:31,343 [EventQueue-OpenPipelineForOneReplicaPipelineSafeModeRule] INFO  safemode.SCMSafeModeManager (SCMSafeModeManager.java:validateSafeModeExitRules(214)) - AtleastOneDatanodeReportedRule rule is successfully validated
2020-07-20 01:17:31,343 [EventQueue-OpenPipelineForHealthyPipelineSafeModeRule] INFO  safemode.SCMSafeModeManager (HealthyPipelineSafeModeRule.java:process(129)) - SCM in safe mode. Healthy pipelines reported count is 0, required healthy pipeline reported count is 1
2020-07-20 01:17:31,343 [pool-250-thread-1] INFO  server.RaftServerConfigKeys (ConfUtils.java:logGet(44)) - raft.server.log.write.buffer.size = 1048576 (custom)
2020-07-20 01:17:31,343 [pool-250-thread-1] INFO  server.RaftServerConfigKeys (ConfUtils.java:logGet(44)) - raft.server.log.force.sync.num = 128 (default)
2020-07-20 01:17:31,343 [pool-250-thread-1] INFO  server.RaftServerConfigKeys (ConfUtils.java:logGet(44)) - raft.server.log.statemachine.data.sync = true (default)
2020-07-20 01:17:31,343 [pool-250-thread-1] INFO  server.RaftServerConfigKeys (ConfUtils.java:logGet(44)) - raft.server.log.statemachine.data.sync.timeout = 10s (default)
2020-07-20 01:17:31,344 [pool-250-thread-1] INFO  server.RaftServerConfigKeys (ConfUtils.java:logGet(44)) - raft.server.log.statemachine.data.sync.timeout.retry = -1 (default)
2020-07-20 01:17:31,345 [pool-250-thread-1] INFO  server.RaftServerConfigKeys (ConfUtils.java:logGet(44)) - raft.server.log.statemachine.data.caching.enabled = true (custom)
2020-07-20 01:17:31,346 [pool-250-thread-1] INFO  segmented.SegmentedRaftLogWorker (SegmentedRaftLogWorker.java:lambda$new$0(129)) - b0a2088b-73e2-4e23-bf2a-0933d86a42a7@group-55828A97B852-SegmentedRaftLogWorker: flushIndex: setUnconditionally 0 -> -1
2020-07-20 01:17:31,346 [pool-250-thread-1] INFO  segmented.SegmentedRaftLogWorker (SegmentedRaftLogWorker.java:lambda$new$0(129)) - b0a2088b-73e2-4e23-bf2a-0933d86a42a7@group-55828A97B852-SegmentedRaftLogWorker: safeCacheEvictIndex: setUnconditionally 0 -> -1
2020-07-20 01:17:31,350 [pool-250-thread-1] INFO  server.RaftServerConfigKeys (ConfUtils.java:logGet(44)) - raft.server.snapshot.auto.trigger.enabled = true (custom)
2020-07-20 01:17:31,351 [pool-250-thread-1] INFO  server.RaftServerConfigKeys (ConfUtils.java:logGet(44)) - raft.server.snapshot.auto.trigger.threshold = 10000 (custom)
2020-07-20 01:17:31,351 [pool-250-thread-1] INFO  server.RaftServerConfigKeys (ConfUtils.java:logGet(44)) - raft.server.snapshot.retention.file.num = 5 (custom)
2020-07-20 01:17:31,351 [pool-250-thread-1] INFO  server.RaftServerConfigKeys (ConfUtils.java:logGet(44)) - raft.server.log.purge.upto.snapshot.index = false (default)
2020-07-20 01:17:31,351 [pool-250-thread-1] INFO  server.RaftServerConfigKeys (ConfUtils.java:logGet(44)) - raft.server.retrycache.expirytime = 600000ms (custom)
2020-07-20 01:17:31,351 [pool-250-thread-1] INFO  metrics.RatisMetrics (RatisMetrics.java:lambda$create$0(36)) - Creating Metrics Registry : ratis.leader_election.b0a2088b-73e2-4e23-bf2a-0933d86a42a7@group-55828A97B852
2020-07-20 01:17:31,351 [pool-250-thread-1] INFO  metrics.RatisMetrics (RatisMetrics.java:lambda$create$0(36)) - Creating Metrics Registry : ratis.server.b0a2088b-73e2-4e23-bf2a-0933d86a42a7@group-55828A97B852
2020-07-20 01:17:31,352 [pool-250-thread-1] INFO  impl.RaftServerImpl (RaftServerImpl.java:start(186)) - b0a2088b-73e2-4e23-bf2a-0933d86a42a7@group-55828A97B852: start as a follower, conf=-1: [b0a2088b-73e2-4e23-bf2a-0933d86a42a7:172.17.0.2:42595], old=null
2020-07-20 01:17:31,352 [pool-250-thread-1] INFO  impl.RaftServerImpl (RaftServerImpl.java:setRole(175)) - b0a2088b-73e2-4e23-bf2a-0933d86a42a7@group-55828A97B852: changes role from      null to FOLLOWER at term 0 for startAsFollower
2020-07-20 01:17:31,353 [pool-250-thread-1] INFO  impl.RoleInfo (RoleInfo.java:updateAndGet(143)) - b0a2088b-73e2-4e23-bf2a-0933d86a42a7: start FollowerState
2020-07-20 01:17:31,353 [pool-250-thread-1] INFO  util.JmxRegister (JmxRegister.java:tryRegister(44)) - Successfully registered JMX Bean with object name Ratis:service=RaftServer,group=group-55828A97B852,id=b0a2088b-73e2-4e23-bf2a-0933d86a42a7
2020-07-20 01:17:31,353 [pool-250-thread-1] INFO  metrics.RatisMetrics (RatisMetrics.java:lambda$create$0(36)) - Creating Metrics Registry : ratis.state_machine.b0a2088b-73e2-4e23-bf2a-0933d86a42a7@group-55828A97B852
2020-07-20 01:17:31,357 [Command processor thread] INFO  commandhandler.CreatePipelineCommandHandler (CreatePipelineCommandHandler.java:handle(109)) - Created Pipeline RATIS ONE #id: "1a6c79ea-e386-4585-8e9a-55828a97b852"
uuid128 {
  mostSigBits: 1904030792217412997
  leastSigBits: -8171124554751035310
}
.
2020-07-20 01:17:32,334 [Listener at 127.0.0.1/34739] INFO  ozone.MiniOzoneClusterImpl (MiniOzoneClusterImpl.java:lambda$waitForClusterToBeReady$0(177)) - Nodes are ready. Got 7 of 7 DN Heartbeats.
2020-07-20 01:17:32,335 [Listener at 127.0.0.1/34739] INFO  ozone.MiniOzoneClusterImpl (MiniOzoneClusterImpl.java:lambda$waitForClusterToBeReady$0(180)) - Waiting for cluster to exit safe mode
2020-07-20 01:17:33,335 [Listener at 127.0.0.1/34739] INFO  ozone.MiniOzoneClusterImpl (MiniOzoneClusterImpl.java:lambda$waitForClusterToBeReady$0(177)) - Nodes are ready. Got 7 of 7 DN Heartbeats.
2020-07-20 01:17:33,335 [Listener at 127.0.0.1/34739] INFO  ozone.MiniOzoneClusterImpl (MiniOzoneClusterImpl.java:lambda$waitForClusterToBeReady$0(180)) - Waiting for cluster to exit safe mode
2020-07-20 01:17:34,335 [Listener at 127.0.0.1/34739] INFO  ozone.MiniOzoneClusterImpl (MiniOzoneClusterImpl.java:lambda$waitForClusterToBeReady$0(177)) - Nodes are ready. Got 7 of 7 DN Heartbeats.
2020-07-20 01:17:34,336 [Listener at 127.0.0.1/34739] INFO  ozone.MiniOzoneClusterImpl (MiniOzoneClusterImpl.java:lambda$waitForClusterToBeReady$0(180)) - Waiting for cluster to exit safe mode
2020-07-20 01:17:35,336 [Listener at 127.0.0.1/34739] INFO  ozone.MiniOzoneClusterImpl (MiniOzoneClusterImpl.java:lambda$waitForClusterToBeReady$0(177)) - Nodes are ready. Got 7 of 7 DN Heartbeats.
2020-07-20 01:17:35,336 [Listener at 127.0.0.1/34739] INFO  ozone.MiniOzoneClusterImpl (MiniOzoneClusterImpl.java:lambda$waitForClusterToBeReady$0(180)) - Waiting for cluster to exit safe mode
2020-07-20 01:17:35,601 [Thread-577] INFO  impl.FollowerState (FollowerState.java:run(108)) - 8a5e4c45-c5e6-427a-ba70-61ac25cd6fb3@group-DD7252967CB6-FollowerState: change to CANDIDATE, lastRpcTime:5056ms, electionTimeout:5054ms
2020-07-20 01:17:35,601 [Thread-577] INFO  impl.RoleInfo (RoleInfo.java:shutdownFollowerState(121)) - 8a5e4c45-c5e6-427a-ba70-61ac25cd6fb3: shutdown FollowerState
2020-07-20 01:17:35,601 [Thread-577] INFO  impl.RaftServerImpl (RaftServerImpl.java:setRole(175)) - 8a5e4c45-c5e6-427a-ba70-61ac25cd6fb3@group-DD7252967CB6: changes role from  FOLLOWER to CANDIDATE at term 0 for changeToCandidate
2020-07-20 01:17:35,602 [Thread-577] INFO  impl.RoleInfo (RoleInfo.java:updateAndGet(143)) - 8a5e4c45-c5e6-427a-ba70-61ac25cd6fb3: start LeaderElection
2020-07-20 01:17:35,611 [8a5e4c45-c5e6-427a-ba70-61ac25cd6fb3@group-DD7252967CB6-LeaderElection11] INFO  impl.LeaderElection (LeaderElection.java:askForVotes(206)) - 8a5e4c45-c5e6-427a-ba70-61ac25cd6fb3@group-DD7252967CB6-LeaderElection11: begin an election at term 1 for -1: [8a5e4c45-c5e6-427a-ba70-61ac25cd6fb3:172.17.0.2:39605], old=null
2020-07-20 01:17:35,611 [8a5e4c45-c5e6-427a-ba70-61ac25cd6fb3@group-DD7252967CB6-LeaderElection11] INFO  impl.RoleInfo (RoleInfo.java:shutdownLeaderElection(134)) - 8a5e4c45-c5e6-427a-ba70-61ac25cd6fb3: shutdown LeaderElection
2020-07-20 01:17:35,611 [8a5e4c45-c5e6-427a-ba70-61ac25cd6fb3@group-DD7252967CB6-LeaderElection11] INFO  impl.RaftServerImpl (RaftServerImpl.java:setRole(175)) - 8a5e4c45-c5e6-427a-ba70-61ac25cd6fb3@group-DD7252967CB6: changes role from CANDIDATE to LEADER at term 1 for changeToLeader
2020-07-20 01:17:35,612 [8a5e4c45-c5e6-427a-ba70-61ac25cd6fb3@group-DD7252967CB6-LeaderElection11] INFO  ratis.XceiverServerRatis (XceiverServerRatis.java:handleLeaderChangedNotification(820)) - Leader change notification received for group: group-DD7252967CB6 with new leaderId: 8a5e4c45-c5e6-427a-ba70-61ac25cd6fb3
2020-07-20 01:17:35,612 [8a5e4c45-c5e6-427a-ba70-61ac25cd6fb3@group-DD7252967CB6-LeaderElection11] INFO  impl.RaftServerImpl (ServerState.java:setLeader(255)) - 8a5e4c45-c5e6-427a-ba70-61ac25cd6fb3@group-DD7252967CB6: change Leader from null to 8a5e4c45-c5e6-427a-ba70-61ac25cd6fb3 at term 1 for becomeLeader, leader elected after 5077ms
2020-07-20 01:17:35,612 [8a5e4c45-c5e6-427a-ba70-61ac25cd6fb3@group-DD7252967CB6-LeaderElection11] INFO  server.RaftServerConfigKeys (ConfUtils.java:logGet(44)) - raft.server.staging.catchup.gap = 1000 (default)
2020-07-20 01:17:35,612 [8a5e4c45-c5e6-427a-ba70-61ac25cd6fb3@group-DD7252967CB6-LeaderElection11] INFO  server.RaftServerConfigKeys (ConfUtils.java:logGet(44)) - raft.server.rpc.sleep.time = 25ms (default)
2020-07-20 01:17:35,612 [8a5e4c45-c5e6-427a-ba70-61ac25cd6fb3@group-DD7252967CB6-LeaderElection11] INFO  metrics.RatisMetrics (RatisMetrics.java:lambda$create$0(36)) - Creating Metrics Registry : ratis.log_appender.8a5e4c45-c5e6-427a-ba70-61ac25cd6fb3@group-DD7252967CB6
2020-07-20 01:17:35,613 [8a5e4c45-c5e6-427a-ba70-61ac25cd6fb3@group-DD7252967CB6-LeaderElection11] INFO  server.RaftServerConfigKeys (ConfUtils.java:logGet(44)) - raft.server.write.element-limit = 1024 (custom)
2020-07-20 01:17:35,613 [8a5e4c45-c5e6-427a-ba70-61ac25cd6fb3@group-DD7252967CB6-LeaderElection11] INFO  server.RaftServerConfigKeys (ConfUtils.java:logGet(44)) - raft.server.write.byte-limit = 1073741824 (custom)
2020-07-20 01:17:35,614 [8a5e4c45-c5e6-427a-ba70-61ac25cd6fb3@group-DD7252967CB6-LeaderElection11] INFO  server.RaftServerConfigKeys (ConfUtils.java:logGet(44)) - raft.server.watch.timeout = 3000ms (custom)
2020-07-20 01:17:35,614 [8a5e4c45-c5e6-427a-ba70-61ac25cd6fb3@group-DD7252967CB6-LeaderElection11] INFO  server.RaftServerConfigKeys (ConfUtils.java:logGet(44)) - raft.server.watch.timeout.denomination = 1s (default)
2020-07-20 01:17:35,614 [8a5e4c45-c5e6-427a-ba70-61ac25cd6fb3@group-DD7252967CB6-LeaderElection11] INFO  server.RaftServerConfigKeys (ConfUtils.java:logGet(44)) - raft.server.watch.element-limit = 65536 (default)
2020-07-20 01:17:35,614 [8a5e4c45-c5e6-427a-ba70-61ac25cd6fb3@group-DD7252967CB6-LeaderElection11] INFO  impl.RoleInfo (RoleInfo.java:updateAndGet(143)) - 8a5e4c45-c5e6-427a-ba70-61ac25cd6fb3: start LeaderState
2020-07-20 01:17:35,615 [8a5e4c45-c5e6-427a-ba70-61ac25cd6fb3@group-DD7252967CB6-LeaderElection11] INFO  segmented.SegmentedRaftLogWorker (SegmentedRaftLogWorker.java:startLogSegment(397)) - 8a5e4c45-c5e6-427a-ba70-61ac25cd6fb3@group-DD7252967CB6-SegmentedRaftLogWorker: Starting segment from index:0
2020-07-20 01:17:35,616 [8a5e4c45-c5e6-427a-ba70-61ac25cd6fb3@group-DD7252967CB6-SegmentedRaftLogWorker] INFO  segmented.SegmentedRaftLogWorker (SegmentedRaftLogWorker.java:execute(596)) - 8a5e4c45-c5e6-427a-ba70-61ac25cd6fb3@group-DD7252967CB6-SegmentedRaftLogWorker: created new log segment /github/workspace/mnt/ozone/hadoop-ozone/integration-test/target/test-dir/MiniOzoneClusterImpl-2e7463a0-386a-4864-a70a-9a5d00050037/datanode-0/data/ratis/4d7567d8-e01d-4427-afe9-dd7252967cb6/current/log_inprogress_0
2020-07-20 01:17:35,621 [8a5e4c45-c5e6-427a-ba70-61ac25cd6fb3@group-DD7252967CB6-LeaderElection11] INFO  impl.RaftServerImpl (ServerState.java:setRaftConf(356)) - 8a5e4c45-c5e6-427a-ba70-61ac25cd6fb3@group-DD7252967CB6: set configuration 0: [8a5e4c45-c5e6-427a-ba70-61ac25cd6fb3:172.17.0.2:39605], old=null at 0
2020-07-20 01:17:35,672 [Thread-584] INFO  impl.FollowerState (FollowerState.java:run(108)) - 7d127ae0-d954-4615-95cd-077b23f6b81f@group-332B05DCA4EF-FollowerState: change to CANDIDATE, lastRpcTime:5008ms, electionTimeout:5004ms
2020-07-20 01:17:35,673 [Thread-584] INFO  impl.RoleInfo (RoleInfo.java:shutdownFollowerState(121)) - 7d127ae0-d954-4615-95cd-077b23f6b81f: shutdown FollowerState
2020-07-20 01:17:35,673 [Thread-584] INFO  impl.RaftServerImpl (RaftServerImpl.java:setRole(175)) - 7d127ae0-d954-4615-95cd-077b23f6b81f@group-332B05DCA4EF: changes role from  FOLLOWER to CANDIDATE at term 0 for changeToCandidate
2020-07-20 01:17:35,673 [Thread-584] INFO  impl.RoleInfo (RoleInfo.java:updateAndGet(143)) - 7d127ae0-d954-4615-95cd-077b23f6b81f: start LeaderElection
2020-07-20 01:17:35,687 [7d127ae0-d954-4615-95cd-077b23f6b81f@group-332B05DCA4EF-LeaderElection12] INFO  impl.LeaderElection (LeaderElection.java:askForVotes(206)) - 7d127ae0-d954-4615-95cd-077b23f6b81f@group-332B05DCA4EF-LeaderElection12: begin an election at term 1 for -1: [8a5e4c45-c5e6-427a-ba70-61ac25cd6fb3:172.17.0.2:39605, 7d127ae0-d954-4615-95cd-077b23f6b81f:172.17.0.2:42865, a59d5cbb-6a4e-4b6f-8de9-1f6c3e59f3ac:172.17.0.2:39811], old=null
2020-07-20 01:17:35,698 [grpc-default-executor-1] INFO  impl.RaftServerImpl (RaftServerImpl.java:setRole(175)) - 8a5e4c45-c5e6-427a-ba70-61ac25cd6fb3@group-332B05DCA4EF: changes role from  FOLLOWER to FOLLOWER at term 1 for recognizeCandidate:7d127ae0-d954-4615-95cd-077b23f6b81f
2020-07-20 01:17:35,699 [grpc-default-executor-1] INFO  impl.RoleInfo (RoleInfo.java:shutdownFollowerState(121)) - 8a5e4c45-c5e6-427a-ba70-61ac25cd6fb3: shutdown FollowerState
2020-07-20 01:17:35,699 [grpc-default-executor-1] INFO  impl.RoleInfo (RoleInfo.java:updateAndGet(143)) - 8a5e4c45-c5e6-427a-ba70-61ac25cd6fb3: start FollowerState
2020-07-20 01:17:35,699 [Thread-579] INFO  impl.FollowerState (FollowerState.java:run(117)) - 8a5e4c45-c5e6-427a-ba70-61ac25cd6fb3@group-332B05DCA4EF-FollowerState was interrupted: java.lang.InterruptedException: sleep interrupted
2020-07-20 01:17:35,702 [7d127ae0-d954-4615-95cd-077b23f6b81f@group-332B05DCA4EF-LeaderElection12] INFO  impl.LeaderElection (LeaderElection.java:logAndReturn(61)) - 7d127ae0-d954-4615-95cd-077b23f6b81f@group-332B05DCA4EF-LeaderElection12: Election PASSED; received 1 response(s) [7d127ae0-d954-4615-95cd-077b23f6b81f<-8a5e4c45-c5e6-427a-ba70-61ac25cd6fb3#0:OK-t1] and 0 exception(s); 7d127ae0-d954-4615-95cd-077b23f6b81f@group-332B05DCA4EF:t1, leader=null, voted=7d127ae0-d954-4615-95cd-077b23f6b81f, raftlog=7d127ae0-d954-4615-95cd-077b23f6b81f@group-332B05DCA4EF-SegmentedRaftLog:OPENED:c-1,f-1,i0, conf=-1: [8a5e4c45-c5e6-427a-ba70-61ac25cd6fb3:172.17.0.2:39605, 7d127ae0-d954-4615-95cd-077b23f6b81f:172.17.0.2:42865, a59d5cbb-6a4e-4b6f-8de9-1f6c3e59f3ac:172.17.0.2:39811], old=null
2020-07-20 01:17:35,702 [7d127ae0-d954-4615-95cd-077b23f6b81f@group-332B05DCA4EF-LeaderElection12] INFO  impl.RoleInfo (RoleInfo.java:shutdownLeaderElection(134)) - 7d127ae0-d954-4615-95cd-077b23f6b81f: shutdown LeaderElection
2020-07-20 01:17:35,702 [7d127ae0-d954-4615-95cd-077b23f6b81f@group-332B05DCA4EF-LeaderElection12] INFO  impl.RaftServerImpl (RaftServerImpl.java:setRole(175)) - 7d127ae0-d954-4615-95cd-077b23f6b81f@group-332B05DCA4EF: changes role from CANDIDATE to LEADER at term 1 for changeToLeader
2020-07-20 01:17:35,702 [7d127ae0-d954-4615-95cd-077b23f6b81f@group-332B05DCA4EF-LeaderElection12] INFO  ratis.XceiverServerRatis (XceiverServerRatis.java:handleLeaderChangedNotification(820)) - Leader change notification received for group: group-332B05DCA4EF with new leaderId: 7d127ae0-d954-4615-95cd-077b23f6b81f
2020-07-20 01:17:35,702 [7d127ae0-d954-4615-95cd-077b23f6b81f@group-332B05DCA4EF-LeaderElection12] INFO  impl.RaftServerImpl (ServerState.java:setLeader(255)) - 7d127ae0-d954-4615-95cd-077b23f6b81f@group-332B05DCA4EF: change Leader from null to 7d127ae0-d954-4615-95cd-077b23f6b81f at term 1 for becomeLeader, leader elected after 5061ms
2020-07-20 01:17:35,702 [7d127ae0-d954-4615-95cd-077b23f6b81f@group-332B05DCA4EF-LeaderElection12] INFO  server.RaftServerConfigKeys (ConfUtils.java:logGet(44)) - raft.server.staging.catchup.gap = 1000 (default)
2020-07-20 01:17:35,702 [7d127ae0-d954-4615-95cd-077b23f6b81f@group-332B05DCA4EF-LeaderElection12] INFO  server.RaftServerConfigKeys (ConfUtils.java:logGet(44)) - raft.server.rpc.sleep.time = 25ms (default)
2020-07-20 01:17:35,702 [7d127ae0-d954-4615-95cd-077b23f6b81f@group-332B05DCA4EF-LeaderElection12] INFO  metrics.RatisMetrics (RatisMetrics.java:lambda$create$0(36)) - Creating Metrics Registry : ratis.log_appender.7d127ae0-d954-4615-95cd-077b23f6b81f@group-332B05DCA4EF
2020-07-20 01:17:35,702 [7d127ae0-d954-4615-95cd-077b23f6b81f@group-332B05DCA4EF-LeaderElection12] INFO  server.RaftServerConfigKeys (ConfUtils.java:logGet(44)) - raft.server.write.element-limit = 1024 (custom)
2020-07-20 01:17:35,703 [7d127ae0-d954-4615-95cd-077b23f6b81f@group-332B05DCA4EF-LeaderElection12] INFO  server.RaftServerConfigKeys (ConfUtils.java:logGet(44)) - raft.server.write.byte-limit = 1073741824 (custom)
2020-07-20 01:17:35,703 [7d127ae0-d954-4615-95cd-077b23f6b81f@group-332B05DCA4EF-LeaderElection12] INFO  server.RaftServerConfigKeys (ConfUtils.java:logGet(44)) - raft.server.watch.timeout = 3000ms (custom)
2020-07-20 01:17:35,703 [7d127ae0-d954-4615-95cd-077b23f6b81f@group-332B05DCA4EF-LeaderElection12] INFO  server.RaftServerConfigKeys (ConfUtils.java:logGet(44)) - raft.server.watch.timeout.denomination = 1s (default)
2020-07-20 01:17:35,703 [7d127ae0-d954-4615-95cd-077b23f6b81f@group-332B05DCA4EF-LeaderElection12] INFO  server.RaftServerConfigKeys (ConfUtils.java:logGet(44)) - raft.server.watch.element-limit = 65536 (default)
2020-07-20 01:17:35,703 [EventQueue-PipelineReportForPipelineReportHandler] INFO  pipeline.PipelineStateManager (PipelineStateManager.java:openPipeline(131)) - Pipeline Pipeline[ Id: 6c03a006-704d-463b-bcf7-332b05dca4ef, Nodes: 8a5e4c45-c5e6-427a-ba70-61ac25cd6fb3{ip: 172.17.0.2, host: 9ffb5d2b249d, networkLocation: /default-rack, certSerialId: null}a59d5cbb-6a4e-4b6f-8de9-1f6c3e59f3ac{ip: 172.17.0.2, host: 9ffb5d2b249d, networkLocation: /default-rack, certSerialId: null}7d127ae0-d954-4615-95cd-077b23f6b81f{ip: 172.17.0.2, host: 9ffb5d2b249d, networkLocation: /default-rack, certSerialId: null}, Type:RATIS, Factor:THREE, State:ALLOCATED, leaderId:7d127ae0-d954-4615-95cd-077b23f6b81f, CreationTimestamp2020-07-20T01:17:27.774Z] moved to OPEN state
2020-07-20 01:17:35,704 [EventQueue-OpenPipelineForHealthyPipelineSafeModeRule] INFO  safemode.SCMSafeModeManager (HealthyPipelineSafeModeRule.java:process(129)) - SCM in safe mode. Healthy pipelines reported count is 1, required healthy pipeline reported count is 1
2020-07-20 01:17:35,704 [EventQueue-OpenPipelineForHealthyPipelineSafeModeRule] INFO  safemode.SCMSafeModeManager (SCMSafeModeManager.java:validateSafeModeExitRules(214)) - HealthyPipelineSafeModeRule rule is successfully validated
2020-07-20 01:17:35,704 [EventQueue-OpenPipelineForHealthyPipelineSafeModeRule] INFO  safemode.SCMSafeModeManager (SCMSafeModeManager.java:validateSafeModeExitRules(228)) - ScmSafeModeManager, all rules are successfully validated
2020-07-20 01:17:35,704 [EventQueue-OpenPipelineForHealthyPipelineSafeModeRule] INFO  safemode.SCMSafeModeManager (SCMSafeModeManager.java:exitSafeMode(257)) - SCM exiting safe mode.
2020-07-20 01:17:35,705 [7d127ae0-d954-4615-95cd-077b23f6b81f@group-332B05DCA4EF-LeaderElection12] INFO  server.RaftServerConfigKeys (ConfUtils.java:logGet(44)) - raft.server.log.appender.snapshot.chunk.size.max = 16MB (=16777216) (default)
2020-07-20 01:17:35,706 [7d127ae0-d954-4615-95cd-077b23f6b81f@group-332B05DCA4EF-LeaderElection12] INFO  server.RaftServerConfigKeys (ConfUtils.java:logGet(44)) - raft.server.log.appender.buffer.byte-limit = 33554432 (custom)
2020-07-20 01:17:35,706 [7d127ae0-d954-4615-95cd-077b23f6b81f@group-332B05DCA4EF-LeaderElection12] INFO  server.RaftServerConfigKeys (ConfUtils.java:logGet(44)) - raft.server.log.appender.buffer.element-limit = 1 (custom)
2020-07-20 01:17:35,706 [7d127ae0-d954-4615-95cd-077b23f6b81f@group-332B05DCA4EF-LeaderElection12] INFO  grpc.GrpcConfigKeys (ConfUtils.java:logGet(44)) - raft.grpc.server.leader.outstanding.appends.max = 128 (default)
2020-07-20 01:17:35,706 [7d127ae0-d954-4615-95cd-077b23f6b81f@group-332B05DCA4EF-LeaderElection12] INFO  server.RaftServerConfigKeys (ConfUtils.java:logGet(44)) - raft.server.rpc.request.timeout = 3000ms (default)
2020-07-20 01:17:35,706 [7d127ae0-d954-4615-95cd-077b23f6b81f@group-332B05DCA4EF-LeaderElection12] INFO  server.RaftServerConfigKeys (ConfUtils.java:logGet(44)) - raft.server.log.appender.install.snapshot.enabled = false (custom)
2020-07-20 01:17:35,706 [7d127ae0-d954-4615-95cd-077b23f6b81f@group-332B05DCA4EF-LeaderElection12] INFO  metrics.RatisMetrics (RatisMetrics.java:lambda$create$0(36)) - Creating Metrics Registry : ratis_grpc.log_appender.7d127ae0-d954-4615-95cd-077b23f6b81f@group-332B05DCA4EF
2020-07-20 01:17:35,707 [7d127ae0-d954-4615-95cd-077b23f6b81f@group-332B05DCA4EF-LeaderElection12] INFO  server.RaftServerConfigKeys (ConfUtils.java:logGet(44)) - raft.server.log.appender.snapshot.chunk.size.max = 16MB (=16777216) (default)
2020-07-20 01:17:35,707 [7d127ae0-d954-4615-95cd-077b23f6b81f@group-332B05DCA4EF-LeaderElection12] INFO  server.RaftServerConfigKeys (ConfUtils.java:logGet(44)) - raft.server.log.appender.buffer.byte-limit = 33554432 (custom)
2020-07-20 01:17:35,708 [7d127ae0-d954-4615-95cd-077b23f6b81f@group-332B05DCA4EF-LeaderElection12] INFO  server.RaftServerConfigKeys (ConfUtils.java:logGet(44)) - raft.server.log.appender.buffer.element-limit = 1 (custom)
2020-07-20 01:17:35,708 [7d127ae0-d954-4615-95cd-077b23f6b81f@group-332B05DCA4EF-LeaderElection12] INFO  grpc.GrpcConfigKeys (ConfUtils.java:logGet(44)) - raft.grpc.server.leader.outstanding.appends.max = 128 (default)
2020-07-20 01:17:35,708 [7d127ae0-d954-4615-95cd-077b23f6b81f@group-332B05DCA4EF-LeaderElection12] INFO  server.RaftServerConfigKeys (ConfUtils.java:logGet(44)) - raft.server.rpc.request.timeout = 3000ms (default)
2020-07-20 01:17:35,708 [7d127ae0-d954-4615-95cd-077b23f6b81f@group-332B05DCA4EF-LeaderElection12] INFO  server.RaftServerConfigKeys (ConfUtils.java:logGet(44)) - raft.server.log.appender.install.snapshot.enabled = false (custom)
2020-07-20 01:17:35,710 [7d127ae0-d954-4615-95cd-077b23f6b81f@group-332B05DCA4EF-LeaderElection12] INFO  impl.RoleInfo (RoleInfo.java:updateAndGet(143)) - 7d127ae0-d954-4615-95cd-077b23f6b81f: start LeaderState
2020-07-20 01:17:35,710 [7d127ae0-d954-4615-95cd-077b23f6b81f@group-332B05DCA4EF-LeaderElection12] INFO  segmented.SegmentedRaftLogWorker (SegmentedRaftLogWorker.java:startLogSegment(397)) - 7d127ae0-d954-4615-95cd-077b23f6b81f@group-332B05DCA4EF-SegmentedRaftLogWorker: Starting segment from index:0
2020-07-20 01:17:35,711 [7d127ae0-d954-4615-95cd-077b23f6b81f@group-332B05DCA4EF-SegmentedRaftLogWorker] INFO  segmented.SegmentedRaftLogWorker (SegmentedRaftLogWorker.java:execute(596)) - 7d127ae0-d954-4615-95cd-077b23f6b81f@group-332B05DCA4EF-SegmentedRaftLogWorker: created new log segment /github/workspace/mnt/ozone/hadoop-ozone/integration-test/target/test-dir/MiniOzoneClusterImpl-2e7463a0-386a-4864-a70a-9a5d00050037/datanode-2/data/ratis/6c03a006-704d-463b-bcf7-332b05dca4ef/current/log_inprogress_0
2020-07-20 01:17:35,714 [7d127ae0-d954-4615-95cd-077b23f6b81f@group-332B05DCA4EF-LeaderElection12] INFO  impl.RaftServerImpl (ServerState.java:setRaftConf(356)) - 7d127ae0-d954-4615-95cd-077b23f6b81f@group-332B05DCA4EF: set configuration 0: [8a5e4c45-c5e6-427a-ba70-61ac25cd6fb3:172.17.0.2:39605, 7d127ae0-d954-4615-95cd-077b23f6b81f:172.17.0.2:42865, a59d5cbb-6a4e-4b6f-8de9-1f6c3e59f3ac:172.17.0.2:39811], old=null at 0
2020-07-20 01:17:35,722 [grpc-default-executor-2] INFO  ratis.XceiverServerRatis (XceiverServerRatis.java:handleLeaderChangedNotification(820)) - Leader change notification received for group: group-332B05DCA4EF with new leaderId: 7d127ae0-d954-4615-95cd-077b23f6b81f
2020-07-20 01:17:35,722 [grpc-default-executor-2] INFO  impl.RaftServerImpl (ServerState.java:setLeader(255)) - 8a5e4c45-c5e6-427a-ba70-61ac25cd6fb3@group-332B05DCA4EF: change Leader from null to 7d127ae0-d954-4615-95cd-077b23f6b81f at term 1 for appendEntries, leader elected after 5164ms
2020-07-20 01:17:35,734 [grpc-default-executor-2] INFO  ratis.XceiverServerRatis (XceiverServerRatis.java:handleLeaderChangedNotification(820)) - Leader change notification received for group: group-332B05DCA4EF with new leaderId: 7d127ae0-d954-4615-95cd-077b23f6b81f
2020-07-20 01:17:35,734 [grpc-default-executor-2] INFO  impl.RaftServerImpl (ServerState.java:setLeader(255)) - a59d5cbb-6a4e-4b6f-8de9-1f6c3e59f3ac@group-332B05DCA4EF: change Leader from null to 7d127ae0-d954-4615-95cd-077b23f6b81f at term 1 for appendEntries, leader elected after 5132ms
2020-07-20 01:17:35,744 [grpc-default-executor-2] INFO  impl.RaftServerImpl (ServerState.java:setRaftConf(356)) - a59d5cbb-6a4e-4b6f-8de9-1f6c3e59f3ac@group-332B05DCA4EF: set configuration 0: [8a5e4c45-c5e6-427a-ba70-61ac25cd6fb3:172.17.0.2:39605, 7d127ae0-d954-4615-95cd-077b23f6b81f:172.17.0.2:42865, a59d5cbb-6a4e-4b6f-8de9-1f6c3e59f3ac:172.17.0.2:39811], old=null at 0
2020-07-20 01:17:35,745 [grpc-default-executor-0] INFO  impl.RaftServerImpl (ServerState.java:setRaftConf(356)) - 8a5e4c45-c5e6-427a-ba70-61ac25cd6fb3@group-332B05DCA4EF: set configuration 0: [8a5e4c45-c5e6-427a-ba70-61ac25cd6fb3:172.17.0.2:39605, 7d127ae0-d954-4615-95cd-077b23f6b81f:172.17.0.2:42865, a59d5cbb-6a4e-4b6f-8de9-1f6c3e59f3ac:172.17.0.2:39811], old=null at 0
2020-07-20 01:17:35,745 [grpc-default-executor-0] INFO  segmented.SegmentedRaftLogWorker (SegmentedRaftLogWorker.java:startLogSegment(397)) - 8a5e4c45-c5e6-427a-ba70-61ac25cd6fb3@group-332B05DCA4EF-SegmentedRaftLogWorker: Starting segment from index:0
2020-07-20 01:17:35,746 [grpc-default-executor-2] INFO  segmented.SegmentedRaftLogWorker (SegmentedRaftLogWorker.java:startLogSegment(397)) - a59d5cbb-6a4e-4b6f-8de9-1f6c3e59f3ac@group-332B05DCA4EF-SegmentedRaftLogWorker: Starting segment from index:0
2020-07-20 01:17:35,746 [8a5e4c45-c5e6-427a-ba70-61ac25cd6fb3@group-332B05DCA4EF-SegmentedRaftLogWorker] INFO  segmented.SegmentedRaftLogWorker (SegmentedRaftLogWorker.java:execute(596)) - 8a5e4c45-c5e6-427a-ba70-61ac25cd6fb3@group-332B05DCA4EF-SegmentedRaftLogWorker: created new log segment /github/workspace/mnt/ozone/hadoop-ozone/integration-test/target/test-dir/MiniOzoneClusterImpl-2e7463a0-386a-4864-a70a-9a5d00050037/datanode-0/data/ratis/6c03a006-704d-463b-bcf7-332b05dca4ef/current/log_inprogress_0
2020-07-20 01:17:35,748 [a59d5cbb-6a4e-4b6f-8de9-1f6c3e59f3ac@group-332B05DCA4EF-SegmentedRaftLogWorker] INFO  segmented.SegmentedRaftLogWorker (SegmentedRaftLogWorker.java:execute(596)) - a59d5cbb-6a4e-4b6f-8de9-1f6c3e59f3ac@group-332B05DCA4EF-SegmentedRaftLogWorker: created new log segment /github/workspace/mnt/ozone/hadoop-ozone/integration-test/target/test-dir/MiniOzoneClusterImpl-2e7463a0-386a-4864-a70a-9a5d00050037/datanode-1/data/ratis/6c03a006-704d-463b-bcf7-332b05dca4ef/current/log_inprogress_0
2020-07-20 01:17:35,755 [grpc-default-executor-1] INFO  impl.RaftServerImpl (RaftServerImpl.java:requestVote(832)) - a59d5cbb-6a4e-4b6f-8de9-1f6c3e59f3ac@group-332B05DCA4EF- FOLLOWER: Withhold vote from candidate 7d127ae0-d954-4615-95cd-077b23f6b81f with term 1. State: leader=7d127ae0-d954-4615-95cd-077b23f6b81f, term=1, lastRpcElapsed=0ms
2020-07-20 01:17:35,766 [grpc-default-executor-1] WARN  server.GrpcLogAppender (LogUtils.java:warn(122)) - 7d127ae0-d954-4615-95cd-077b23f6b81f@group-332B05DCA4EF->a59d5cbb-6a4e-4b6f-8de9-1f6c3e59f3ac-AppendLogResponseHandler: Failed appendEntries: org.apache.ratis.thirdparty.io.grpc.StatusRuntimeException: INTERNAL: HTTP/2 error code: INTERNAL_ERROR
Received Goaway
Stream 5 sent too many headers EOS: false
2020-07-20 01:17:35,770 [grpc-default-executor-1] INFO  impl.FollowerInfo (FollowerInfo.java:lambda$new$0(51)) - 7d127ae0-d954-4615-95cd-077b23f6b81f@group-332B05DCA4EF->a59d5cbb-6a4e-4b6f-8de9-1f6c3e59f3ac: nextIndex: updateUnconditionally 1 -> 0
2020-07-20 01:17:35,774 [grpc-default-executor-2] WARN  server.GrpcServerProtocolService (LogUtils.java:warn(122)) - a59d5cbb-6a4e-4b6f-8de9-1f6c3e59f3ac: installSnapshot onError, lastRequest: 7d127ae0-d954-4615-95cd-077b23f6b81f->a59d5cbb-6a4e-4b6f-8de9-1f6c3e59f3ac#1-t1, previous=(t:0, i:0), leaderCommit=0, initializing? false, entries: size=1, first=(t:1, i:0), CONFIGURATIONENTRY: org.apache.ratis.thirdparty.io.grpc.StatusRuntimeException: CANCELLED: cancelled before receiving half close
2020-07-20 01:17:35,832 [Thread-589] INFO  impl.FollowerState (FollowerState.java:run(108)) - 7d127ae0-d954-4615-95cd-077b23f6b81f@group-CA0EA9A73393-FollowerState: change to CANDIDATE, lastRpcTime:5043ms, electionTimeout:5037ms
2020-07-20 01:17:35,832 [Thread-589] INFO  impl.RoleInfo (RoleInfo.java:shutdownFollowerState(121)) - 7d127ae0-d954-4615-95cd-077b23f6b81f: shutdown FollowerState
2020-07-20 01:17:35,832 [Thread-589] INFO  impl.RaftServerImpl (RaftServerImpl.java:setRole(175)) - 7d127ae0-d954-4615-95cd-077b23f6b81f@group-CA0EA9A73393: changes role from  FOLLOWER to CANDIDATE at term 0 for changeToCandidate
2020-07-20 01:17:35,832 [Thread-589] INFO  impl.RoleInfo (RoleInfo.java:updateAndGet(143)) - 7d127ae0-d954-4615-95cd-077b23f6b81f: start LeaderElection
2020-07-20 01:17:35,836 [7d127ae0-d954-4615-95cd-077b23f6b81f@group-CA0EA9A73393-LeaderElection13] INFO  impl.LeaderElection (LeaderElection.java:askForVotes(206)) - 7d127ae0-d954-4615-95cd-077b23f6b81f@group-CA0EA9A73393-LeaderElection13: begin an election at term 1 for -1: [7d127ae0-d954-4615-95cd-077b23f6b81f:172.17.0.2:42865], old=null
2020-07-20 01:17:35,836 [7d127ae0-d954-4615-95cd-077b23f6b81f@group-CA0EA9A73393-LeaderElection13] INFO  impl.RoleInfo (RoleInfo.java:shutdownLeaderElection(134)) - 7d127ae0-d954-4615-95cd-077b23f6b81f: shutdown LeaderElection
2020-07-20 01:17:35,836 [7d127ae0-d954-4615-95cd-077b23f6b81f@group-CA0EA9A73393-LeaderElection13] INFO  impl.RaftServerImpl (RaftServerImpl.java:setRole(175)) - 7d127ae0-d954-4615-95cd-077b23f6b81f@group-CA0EA9A73393: changes role from CANDIDATE to LEADER at term 1 for changeToLeader
2020-07-20 01:17:35,836 [7d127ae0-d954-4615-95cd-077b23f6b81f@group-CA0EA9A73393-LeaderElection13] INFO  ratis.XceiverServerRatis (XceiverServerRatis.java:handleLeaderChangedNotification(820)) - Leader change notification received for group: group-CA0EA9A73393 with new leaderId: 7d127ae0-d954-4615-95cd-077b23f6b81f
2020-07-20 01:17:35,836 [7d127ae0-d954-4615-95cd-077b23f6b81f@group-CA0EA9A73393-LeaderElection13] INFO  impl.RaftServerImpl (ServerState.java:setLeader(255)) - 7d127ae0-d954-4615-95cd-077b23f6b81f@group-CA0EA9A73393: change Leader from null to 7d127ae0-d954-4615-95cd-077b23f6b81f at term 1 for becomeLeader, leader elected after 5058ms
2020-07-20 01:17:35,836 [7d127ae0-d954-4615-95cd-077b23f6b81f@group-CA0EA9A73393-LeaderElection13] INFO  server.RaftServerConfigKeys (ConfUtils.java:logGet(44)) - raft.server.staging.catchup.gap = 1000 (default)
2020-07-20 01:17:35,837 [7d127ae0-d954-4615-95cd-077b23f6b81f@group-CA0EA9A73393-LeaderElection13] INFO  server.RaftServerConfigKeys (ConfUtils.java:logGet(44)) - raft.server.rpc.sleep.time = 25ms (default)
2020-07-20 01:17:35,837 [7d127ae0-d954-4615-95cd-077b23f6b81f@group-CA0EA9A73393-LeaderElection13] INFO  metrics.RatisMetrics (RatisMetrics.java:lambda$create$0(36)) - Creating Metrics Registry : ratis.log_appender.7d127ae0-d954-4615-95cd-077b23f6b81f@group-CA0EA9A73393
2020-07-20 01:17:35,837 [7d127ae0-d954-4615-95cd-077b23f6b81f@group-CA0EA9A73393-LeaderElection13] INFO  server.RaftServerConfigKeys (ConfUtils.java:logGet(44)) - raft.server.write.element-limit = 1024 (custom)
2020-07-20 01:17:35,837 [7d127ae0-d954-4615-95cd-077b23f6b81f@group-CA0EA9A73393-LeaderElection13] INFO  server.RaftServerConfigKeys (ConfUtils.java:logGet(44)) - raft.server.write.byte-limit = 1073741824 (custom)
2020-07-20 01:17:35,838 [7d127ae0-d954-4615-95cd-077b23f6b81f@group-CA0EA9A73393-LeaderElection13] INFO  server.RaftServerConfigKeys (ConfUtils.java:logGet(44)) - raft.server.watch.timeout = 3000ms (custom)
2020-07-20 01:17:35,838 [7d127ae0-d954-4615-95cd-077b23f6b81f@group-CA0EA9A73393-LeaderElection13] INFO  server.RaftServerConfigKeys (ConfUtils.java:logGet(44)) - raft.server.watch.timeout.denomination = 1s (default)
2020-07-20 01:17:35,838 [7d127ae0-d954-4615-95cd-077b23f6b81f@group-CA0EA9A73393-LeaderElection13] INFO  server.RaftServerConfigKeys (ConfUtils.java:logGet(44)) - raft.server.watch.element-limit = 65536 (default)
2020-07-20 01:17:35,838 [7d127ae0-d954-4615-95cd-077b23f6b81f@group-CA0EA9A73393-LeaderElection13] INFO  impl.RoleInfo (RoleInfo.java:updateAndGet(143)) - 7d127ae0-d954-4615-95cd-077b23f6b81f: start LeaderState
2020-07-20 01:17:35,838 [7d127ae0-d954-4615-95cd-077b23f6b81f@group-CA0EA9A73393-LeaderElection13] INFO  segmented.SegmentedRaftLogWorker (SegmentedRaftLogWorker.java:startLogSegment(397)) - 7d127ae0-d954-4615-95cd-077b23f6b81f@group-CA0EA9A73393-SegmentedRaftLogWorker: Starting segment from index:0
2020-07-20 01:17:35,842 [7d127ae0-d954-4615-95cd-077b23f6b81f@group-CA0EA9A73393-LeaderElection13] INFO  impl.RaftServerImpl (ServerState.java:setRaftConf(356)) - 7d127ae0-d954-4615-95cd-077b23f6b81f@group-CA0EA9A73393: set configuration 0: [7d127ae0-d954-4615-95cd-077b23f6b81f:172.17.0.2:42865], old=null at 0
2020-07-20 01:17:35,843 [7d127ae0-d954-4615-95cd-077b23f6b81f@group-CA0EA9A73393-SegmentedRaftLogWorker] INFO  segmented.SegmentedRaftLogWorker (SegmentedRaftLogWorker.java:execute(596)) - 7d127ae0-d954-4615-95cd-077b23f6b81f@group-CA0EA9A73393-SegmentedRaftLogWorker: created new log segment /github/workspace/mnt/ozone/hadoop-ozone/integration-test/target/test-dir/MiniOzoneClusterImpl-2e7463a0-386a-4864-a70a-9a5d00050037/datanode-2/data/ratis/2067f0c7-e9ab-41bd-86a2-ca0ea9a73393/current/log_inprogress_0
2020-07-20 01:17:35,867 [Thread-587] INFO  impl.FollowerState (FollowerState.java:run(108)) - a59d5cbb-6a4e-4b6f-8de9-1f6c3e59f3ac@group-B8C9414F6306-FollowerState: change to CANDIDATE, lastRpcTime:5191ms, electionTimeout:5190ms
2020-07-20 01:17:35,867 [Thread-587] INFO  impl.RoleInfo (RoleInfo.java:shutdownFollowerState(121)) - a59d5cbb-6a4e-4b6f-8de9-1f6c3e59f3ac: shutdown FollowerState
2020-07-20 01:17:35,867 [Thread-587] INFO  impl.RaftServerImpl (RaftServerImpl.java:setRole(175)) - a59d5cbb-6a4e-4b6f-8de9-1f6c3e59f3ac@group-B8C9414F6306: changes role from  FOLLOWER to CANDIDATE at term 0 for changeToCandidate
2020-07-20 01:17:35,867 [Thread-587] INFO  impl.RoleInfo (RoleInfo.java:updateAndGet(143)) - a59d5cbb-6a4e-4b6f-8de9-1f6c3e59f3ac: start LeaderElection
2020-07-20 01:17:35,873 [a59d5cbb-6a4e-4b6f-8de9-1f6c3e59f3ac@group-B8C9414F6306-LeaderElection14] INFO  impl.LeaderElection (LeaderElection.java:askForVotes(206)) - a59d5cbb-6a4e-4b6f-8de9-1f6c3e59f3ac@group-B8C9414F6306-LeaderElection14: begin an election at term 1 for -1: [a59d5cbb-6a4e-4b6f-8de9-1f6c3e59f3ac:172.17.0.2:39811], old=null
2020-07-20 01:17:35,873 [a59d5cbb-6a4e-4b6f-8de9-1f6c3e59f3ac@group-B8C9414F6306-LeaderElection14] INFO  impl.RoleInfo (RoleInfo.java:shutdownLeaderElection(134)) - a59d5cbb-6a4e-4b6f-8de9-1f6c3e59f3ac: shutdown LeaderElection
2020-07-20 01:17:35,873 [a59d5cbb-6a4e-4b6f-8de9-1f6c3e59f3ac@group-B8C9414F6306-LeaderElection14] INFO  impl.RaftServerImpl (RaftServerImpl.java:setRole(175)) - a59d5cbb-6a4e-4b6f-8de9-1f6c3e59f3ac@group-B8C9414F6306: changes role from CANDIDATE to LEADER at term 1 for changeToLeader
2020-07-20 01:17:35,873 [a59d5cbb-6a4e-4b6f-8de9-1f6c3e59f3ac@group-B8C9414F6306-LeaderElection14] INFO  ratis.XceiverServerRatis (XceiverServerRatis.java:handleLeaderChangedNotification(820)) - Leader change notification received for group: group-B8C9414F6306 with new leaderId: a59d5cbb-6a4e-4b6f-8de9-1f6c3e59f3ac
2020-07-20 01:17:35,874 [a59d5cbb-6a4e-4b6f-8de9-1f6c3e59f3ac@group-B8C9414F6306-LeaderElection14] INFO  impl.RaftServerImpl (ServerState.java:setLeader(255)) - a59d5cbb-6a4e-4b6f-8de9-1f6c3e59f3ac@group-B8C9414F6306: change Leader from null to a59d5cbb-6a4e-4b6f-8de9-1f6c3e59f3ac at term 1 for becomeLeader, leader elected after 5222ms
2020-07-20 01:17:35,874 [a59d5cbb-6a4e-4b6f-8de9-1f6c3e59f3ac@group-B8C9414F6306-LeaderElection14] INFO  server.RaftServerConfigKeys (ConfUtils.java:logGet(44)) - raft.server.staging.catchup.gap = 1000 (default)
2020-07-20 01:17:35,874 [a59d5cbb-6a4e-4b6f-8de9-1f6c3e59f3ac@group-B8C9414F6306-LeaderElection14] INFO  server.RaftServerConfigKeys (ConfUtils.java:logGet(44)) - raft.server.rpc.sleep.time = 25ms (default)
2020-07-20 01:17:35,875 [a59d5cbb-6a4e-4b6f-8de9-1f6c3e59f3ac@group-B8C9414F6306-LeaderElection14] INFO  metrics.RatisMetrics (RatisMetrics.java:lambda$create$0(36)) - Creating Metrics Registry : ratis.log_appender.a59d5cbb-6a4e-4b6f-8de9-1f6c3e59f3ac@group-B8C9414F6306
2020-07-20 01:17:35,875 [a59d5cbb-6a4e-4b6f-8de9-1f6c3e59f3ac@group-B8C9414F6306-LeaderElection14] INFO  server.RaftServerConfigKeys (ConfUtils.java:logGet(44)) - raft.server.write.element-limit = 1024 (custom)
2020-07-20 01:17:35,875 [a59d5cbb-6a4e-4b6f-8de9-1f6c3e59f3ac@group-B8C9414F6306-LeaderElection14] INFO  server.RaftServerConfigKeys (ConfUtils.java:logGet(44)) - raft.server.write.byte-limit = 1073741824 (custom)
2020-07-20 01:17:35,876 [a59d5cbb-6a4e-4b6f-8de9-1f6c3e59f3ac@group-B8C9414F6306-LeaderElection14] INFO  server.RaftServerConfigKeys (ConfUtils.java:logGet(44)) - raft.server.watch.timeout = 3000ms (custom)
2020-07-20 01:17:35,876 [a59d5cbb-6a4e-4b6f-8de9-1f6c3e59f3ac@group-B8C9414F6306-LeaderElection14] INFO  server.RaftServerConfigKeys (ConfUtils.java:logGet(44)) - raft.server.watch.timeout.denomination = 1s (default)
2020-07-20 01:17:35,876 [a59d5cbb-6a4e-4b6f-8de9-1f6c3e59f3ac@group-B8C9414F6306-LeaderElection14] INFO  server.RaftServerConfigKeys (ConfUtils.java:logGet(44)) - raft.server.watch.element-limit = 65536 (default)
2020-07-20 01:17:35,876 [a59d5cbb-6a4e-4b6f-8de9-1f6c3e59f3ac@group-B8C9414F6306-LeaderElection14] INFO  impl.RoleInfo (RoleInfo.java:updateAndGet(143)) - a59d5cbb-6a4e-4b6f-8de9-1f6c3e59f3ac: start LeaderState
2020-07-20 01:17:35,876 [a59d5cbb-6a4e-4b6f-8de9-1f6c3e59f3ac@group-B8C9414F6306-LeaderElection14] INFO  segmented.SegmentedRaftLogWorker (SegmentedRaftLogWorker.java:startLogSegment(397)) - a59d5cbb-6a4e-4b6f-8de9-1f6c3e59f3ac@group-B8C9414F6306-SegmentedRaftLogWorker: Starting segment from index:0
2020-07-20 01:17:35,877 [a59d5cbb-6a4e-4b6f-8de9-1f6c3e59f3ac@group-B8C9414F6306-LeaderElection14] INFO  impl.RaftServerImpl (ServerState.java:setRaftConf(356)) - a59d5cbb-6a4e-4b6f-8de9-1f6c3e59f3ac@group-B8C9414F6306: set configuration 0: [a59d5cbb-6a4e-4b6f-8de9-1f6c3e59f3ac:172.17.0.2:39811], old=null at 0
2020-07-20 01:17:35,881 [a59d5cbb-6a4e-4b6f-8de9-1f6c3e59f3ac@group-B8C9414F6306-SegmentedRaftLogWorker] INFO  segmented.SegmentedRaftLogWorker (SegmentedRaftLogWorker.java:execute(596)) - a59d5cbb-6a4e-4b6f-8de9-1f6c3e59f3ac@group-B8C9414F6306-SegmentedRaftLogWorker: created new log segment /github/workspace/mnt/ozone/hadoop-ozone/integration-test/target/test-dir/MiniOzoneClusterImpl-2e7463a0-386a-4864-a70a-9a5d00050037/datanode-1/data/ratis/ec832c96-3d5e-47aa-be76-b8c9414f6306/current/log_inprogress_0
2020-07-20 01:17:35,983 [Thread-593] INFO  impl.FollowerState (FollowerState.java:run(108)) - 6b9f5e7e-e9a8-47c0-a0b1-c008e4f21b31@group-3E689F25B453-FollowerState: change to CANDIDATE, lastRpcTime:5035ms, electionTimeout:5030ms
2020-07-20 01:17:35,983 [Thread-593] INFO  impl.RoleInfo (RoleInfo.java:shutdownFollowerState(121)) - 6b9f5e7e-e9a8-47c0-a0b1-c008e4f21b31: shutdown FollowerState
2020-07-20 01:17:35,983 [Thread-593] INFO  impl.RaftServerImpl (RaftServerImpl.java:setRole(175)) - 6b9f5e7e-e9a8-47c0-a0b1-c008e4f21b31@group-3E689F25B453: changes role from  FOLLOWER to CANDIDATE at term 0 for changeToCandidate
2020-07-20 01:17:35,983 [Thread-593] INFO  impl.RoleInfo (RoleInfo.java:updateAndGet(143)) - 6b9f5e7e-e9a8-47c0-a0b1-c008e4f21b31: start LeaderElection
2020-07-20 01:17:35,988 [6b9f5e7e-e9a8-47c0-a0b1-c008e4f21b31@group-3E689F25B453-LeaderElection15] INFO  impl.LeaderElection (LeaderElection.java:askForVotes(206)) - 6b9f5e7e-e9a8-47c0-a0b1-c008e4f21b31@group-3E689F25B453-LeaderElection15: begin an election at term 1 for -1: [6ed957ef-01ec-4d4e-8aec-11bf87f7b1e1:172.17.0.2:42117, 6b9f5e7e-e9a8-47c0-a0b1-c008e4f21b31:172.17.0.2:42485, 3e551ca4-b1b3-4226-8652-6024b5469bec:172.17.0.2:46701], old=null
2020-07-20 01:17:35,998 [grpc-default-executor-1] INFO  impl.RaftServerImpl (RaftServerImpl.java:setRole(175)) - 3e551ca4-b1b3-4226-8652-6024b5469bec@group-3E689F25B453: changes role from  FOLLOWER to FOLLOWER at term 1 for recognizeCandidate:6b9f5e7e-e9a8-47c0-a0b1-c008e4f21b31
2020-07-20 01:17:35,998 [grpc-default-executor-1] INFO  impl.RoleInfo (RoleInfo.java:shutdownFollowerState(121)) - 3e551ca4-b1b3-4226-8652-6024b5469bec: shutdown FollowerState
2020-07-20 01:17:35,999 [grpc-default-executor-1] INFO  impl.RoleInfo (RoleInfo.java:updateAndGet(143)) - 3e551ca4-b1b3-4226-8652-6024b5469bec: start FollowerState
2020-07-20 01:17:35,999 [Thread-598] INFO  impl.FollowerState (FollowerState.java:run(117)) - 3e551ca4-b1b3-4226-8652-6024b5469bec@group-3E689F25B453-FollowerState was interrupted: java.lang.InterruptedException: sleep interrupted
2020-07-20 01:17:36,003 [grpc-default-executor-1] INFO  impl.RaftServerImpl (RaftServerImpl.java:setRole(175)) - 6ed957ef-01ec-4d4e-8aec-11bf87f7b1e1@group-3E689F25B453: changes role from  FOLLOWER to FOLLOWER at term 1 for recognizeCandidate:6b9f5e7e-e9a8-47c0-a0b1-c008e4f21b31
2020-07-20 01:17:36,003 [grpc-default-executor-1] INFO  impl.RoleInfo (RoleInfo.java:shutdownFollowerState(121)) - 6ed957ef-01ec-4d4e-8aec-11bf87f7b1e1: shutdown FollowerState
2020-07-20 01:17:36,003 [grpc-default-executor-1] INFO  impl.RoleInfo (RoleInfo.java:updateAndGet(143)) - 6ed957ef-01ec-4d4e-8aec-11bf87f7b1e1: start FollowerState
2020-07-20 01:17:36,003 [Thread-595] INFO  impl.FollowerState (FollowerState.java:run(117)) - 6ed957ef-01ec-4d4e-8aec-11bf87f7b1e1@group-3E689F25B453-FollowerState was interrupted: java.lang.InterruptedException: sleep interrupted
2020-07-20 01:17:36,008 [6b9f5e7e-e9a8-47c0-a0b1-c008e4f21b31@group-3E689F25B453-LeaderElection15] INFO  impl.LeaderElection (LeaderElection.java:logAndReturn(61)) - 6b9f5e7e-e9a8-47c0-a0b1-c008e4f21b31@group-3E689F25B453-LeaderElection15: Election PASSED; received 1 response(s) [6b9f5e7e-e9a8-47c0-a0b1-c008e4f21b31<-3e551ca4-b1b3-4226-8652-6024b5469bec#0:OK-t1] and 0 exception(s); 6b9f5e7e-e9a8-47c0-a0b1-c008e4f21b31@group-3E689F25B453:t1, leader=null, voted=6b9f5e7e-e9a8-47c0-a0b1-c008e4f21b31, raftlog=6b9f5e7e-e9a8-47c0-a0b1-c008e4f21b31@group-3E689F25B453-SegmentedRaftLog:OPENED:c-1,f-1,i0, conf=-1: [6ed957ef-01ec-4d4e-8aec-11bf87f7b1e1:172.17.0.2:42117, 6b9f5e7e-e9a8-47c0-a0b1-c008e4f21b31:172.17.0.2:42485, 3e551ca4-b1b3-4226-8652-6024b5469bec:172.17.0.2:46701], old=null
2020-07-20 01:17:36,009 [6b9f5e7e-e9a8-47c0-a0b1-c008e4f21b31@group-3E689F25B453-LeaderElection15] INFO  impl.RoleInfo (RoleInfo.java:shutdownLeaderElection(134)) - 6b9f5e7e-e9a8-47c0-a0b1-c008e4f21b31: shutdown LeaderElection
2020-07-20 01:17:36,009 [6b9f5e7e-e9a8-47c0-a0b1-c008e4f21b31@group-3E689F25B453-LeaderElection15] INFO  impl.RaftServerImpl (RaftServerImpl.java:setRole(175)) - 6b9f5e7e-e9a8-47c0-a0b1-c008e4f21b31@group-3E689F25B453: changes role from CANDIDATE to LEADER at term 1 for changeToLeader
2020-07-20 01:17:36,009 [6b9f5e7e-e9a8-47c0-a0b1-c008e4f21b31@group-3E689F25B453-LeaderElection15] INFO  ratis.XceiverServerRatis (XceiverServerRatis.java:handleLeaderChangedNotification(820)) - Leader change notification received for group: group-3E689F25B453 with new leaderId: 6b9f5e7e-e9a8-47c0-a0b1-c008e4f21b31
2020-07-20 01:17:36,010 [6b9f5e7e-e9a8-47c0-a0b1-c008e4f21b31@group-3E689F25B453-LeaderElection15] INFO  impl.RaftServerImpl (ServerState.java:setLeader(255)) - 6b9f5e7e-e9a8-47c0-a0b1-c008e4f21b31@group-3E689F25B453: change Leader from null to 6b9f5e7e-e9a8-47c0-a0b1-c008e4f21b31 at term 1 for becomeLeader, leader elected after 5070ms
2020-07-20 01:17:36,010 [6b9f5e7e-e9a8-47c0-a0b1-c008e4f21b31@group-3E689F25B453-LeaderElection15] INFO  server.RaftServerConfigKeys (ConfUtils.java:logGet(44)) - raft.server.staging.catchup.gap = 1000 (default)
2020-07-20 01:17:36,010 [6b9f5e7e-e9a8-47c0-a0b1-c008e4f21b31@group-3E689F25B453-LeaderElection15] INFO  server.RaftServerConfigKeys (ConfUtils.java:logGet(44)) - raft.server.rpc.sleep.time = 25ms (default)
2020-07-20 01:17:36,010 [6b9f5e7e-e9a8-47c0-a0b1-c008e4f21b31@group-3E689F25B453-LeaderElection15] INFO  metrics.RatisMetrics (RatisMetrics.java:lambda$create$0(36)) - Creating Metrics Registry : ratis.log_appender.6b9f5e7e-e9a8-47c0-a0b1-c008e4f21b31@group-3E689F25B453
2020-07-20 01:17:36,010 [6b9f5e7e-e9a8-47c0-a0b1-c008e4f21b31@group-3E689F25B453-LeaderElection15] INFO  server.RaftServerConfigKeys (ConfUtils.java:logGet(44)) - raft.server.write.element-limit = 1024 (custom)
2020-07-20 01:17:36,010 [6b9f5e7e-e9a8-47c0-a0b1-c008e4f21b31@group-3E689F25B453-LeaderElection15] INFO  server.RaftServerConfigKeys (ConfUtils.java:logGet(44)) - raft.server.write.byte-limit = 1073741824 (custom)
2020-07-20 01:17:36,011 [6b9f5e7e-e9a8-47c0-a0b1-c008e4f21b31@group-3E689F25B453-LeaderElection15] INFO  server.RaftServerConfigKeys (ConfUtils.java:logGet(44)) - raft.server.watch.timeout = 3000ms (custom)
2020-07-20 01:17:36,011 [6b9f5e7e-e9a8-47c0-a0b1-c008e4f21b31@group-3E689F25B453-LeaderElection15] INFO  server.RaftServerConfigKeys (ConfUtils.java:logGet(44)) - raft.server.watch.timeout.denomination = 1s (default)
2020-07-20 01:17:36,011 [6b9f5e7e-e9a8-47c0-a0b1-c008e4f21b31@group-3E689F25B453-LeaderElection15] INFO  server.RaftServerConfigKeys (ConfUtils.java:logGet(44)) - raft.server.watch.element-limit = 65536 (default)
2020-07-20 01:17:36,011 [EventQueue-PipelineReportForPipelineReportHandler] INFO  pipeline.PipelineStateManager (PipelineStateManager.java:openPipeline(131)) - Pipeline Pipeline[ Id: fe06dce1-8ab3-45b4-9671-3e689f25b453, Nodes: 6ed957ef-01ec-4d4e-8aec-11bf87f7b1e1{ip: 172.17.0.2, host: 9ffb5d2b249d, networkLocation: /default-rack, certSerialId: null}6b9f5e7e-e9a8-47c0-a0b1-c008e4f21b31{ip: 172.17.0.2, host: 9ffb5d2b249d, networkLocation: /default-rack, certSerialId: null}3e551ca4-b1b3-4226-8652-6024b5469bec{ip: 172.17.0.2, host: 9ffb5d2b249d, networkLocation: /default-rack, certSerialId: null}, Type:RATIS, Factor:THREE, State:ALLOCATED, leaderId:6b9f5e7e-e9a8-47c0-a0b1-c008e4f21b31, CreationTimestamp2020-07-20T01:17:28.213Z] moved to OPEN state
2020-07-20 01:17:36,011 [6b9f5e7e-e9a8-47c0-a0b1-c008e4f21b31@group-3E689F25B453-LeaderElection15] INFO  server.RaftServerConfigKeys (ConfUtils.java:logGet(44)) - raft.server.log.appender.snapshot.chunk.size.max = 16MB (=16777216) (default)
2020-07-20 01:17:36,012 [6b9f5e7e-e9a8-47c0-a0b1-c008e4f21b31@group-3E689F25B453-LeaderElection15] INFO  server.RaftServerConfigKeys (ConfUtils.java:logGet(44)) - raft.server.log.appender.buffer.byte-limit = 33554432 (custom)
2020-07-20 01:17:36,012 [6b9f5e7e-e9a8-47c0-a0b1-c008e4f21b31@group-3E689F25B453-LeaderElection15] INFO  server.RaftServerConfigKeys (ConfUtils.java:logGet(44)) - raft.server.log.appender.buffer.element-limit = 1 (custom)
2020-07-20 01:17:36,013 [6b9f5e7e-e9a8-47c0-a0b1-c008e4f21b31@group-3E689F25B453-LeaderElection15] INFO  grpc.GrpcConfigKeys (ConfUtils.java:logGet(44)) - raft.grpc.server.leader.outstanding.appends.max = 128 (default)
2020-07-20 01:17:36,013 [6b9f5e7e-e9a8-47c0-a0b1-c008e4f21b31@group-3E689F25B453-LeaderElection15] INFO  server.RaftServerConfigKeys (ConfUtils.java:logGet(44)) - raft.server.rpc.request.timeout = 3000ms (default)
2020-07-20 01:17:36,013 [6b9f5e7e-e9a8-47c0-a0b1-c008e4f21b31@group-3E689F25B453-LeaderElection15] INFO  server.RaftServerConfigKeys (ConfUtils.java:logGet(44)) - raft.server.log.appender.install.snapshot.enabled = false (custom)
2020-07-20 01:17:36,013 [6b9f5e7e-e9a8-47c0-a0b1-c008e4f21b31@group-3E689F25B453-LeaderElection15] INFO  metrics.RatisMetrics (RatisMetrics.java:lambda$create$0(36)) - Creating Metrics Registry : ratis_grpc.log_appender.6b9f5e7e-e9a8-47c0-a0b1-c008e4f21b31@group-3E689F25B453
2020-07-20 01:17:36,014 [6b9f5e7e-e9a8-47c0-a0b1-c008e4f21b31@group-3E689F25B453-LeaderElection15] INFO  server.RaftServerConfigKeys (ConfUtils.java:logGet(44)) - raft.server.log.appender.snapshot.chunk.size.max = 16MB (=16777216) (default)
2020-07-20 01:17:36,014 [6b9f5e7e-e9a8-47c0-a0b1-c008e4f21b31@group-3E689F25B453-LeaderElection15] INFO  server.RaftServerConfigKeys (ConfUtils.java:logGet(44)) - raft.server.log.appender.buffer.byte-limit = 33554432 (custom)
2020-07-20 01:17:36,014 [6b9f5e7e-e9a8-47c0-a0b1-c008e4f21b31@group-3E689F25B453-LeaderElection15] INFO  server.RaftServerConfigKeys (ConfUtils.java:logGet(44)) - raft.server.log.appender.buffer.element-limit = 1 (custom)
2020-07-20 01:17:36,014 [6b9f5e7e-e9a8-47c0-a0b1-c008e4f21b31@group-3E689F25B453-LeaderElection15] INFO  grpc.GrpcConfigKeys (ConfUtils.java:logGet(44)) - raft.grpc.server.leader.outstanding.appends.max = 128 (default)
2020-07-20 01:17:36,014 [6b9f5e7e-e9a8-47c0-a0b1-c008e4f21b31@group-3E689F25B453-LeaderElection15] INFO  server.RaftServerConfigKeys (ConfUtils.java:logGet(44)) - raft.server.rpc.request.timeout = 3000ms (default)
2020-07-20 01:17:36,015 [6b9f5e7e-e9a8-47c0-a0b1-c008e4f21b31@group-3E689F25B453-LeaderElection15] INFO  server.RaftServerConfigKeys (ConfUtils.java:logGet(44)) - raft.server.log.appender.install.snapshot.enabled = false (custom)
2020-07-20 01:17:36,016 [6b9f5e7e-e9a8-47c0-a0b1-c008e4f21b31@group-3E689F25B453-LeaderElection15] INFO  impl.RoleInfo (RoleInfo.java:updateAndGet(143)) - 6b9f5e7e-e9a8-47c0-a0b1-c008e4f21b31: start LeaderState
2020-07-20 01:17:36,017 [6b9f5e7e-e9a8-47c0-a0b1-c008e4f21b31@group-3E689F25B453-LeaderElection15] INFO  segmented.SegmentedRaftLogWorker (SegmentedRaftLogWorker.java:startLogSegment(397)) - 6b9f5e7e-e9a8-47c0-a0b1-c008e4f21b31@group-3E689F25B453-SegmentedRaftLogWorker: Starting segment from index:0
2020-07-20 01:17:36,019 [6b9f5e7e-e9a8-47c0-a0b1-c008e4f21b31@group-3E689F25B453-SegmentedRaftLogWorker] INFO  segmented.SegmentedRaftLogWorker (SegmentedRaftLogWorker.java:execute(596)) - 6b9f5e7e-e9a8-47c0-a0b1-c008e4f21b31@group-3E689F25B453-SegmentedRaftLogWorker: created new log segment /github/workspace/mnt/ozone/hadoop-ozone/integration-test/target/test-dir/MiniOzoneClusterImpl-2e7463a0-386a-4864-a70a-9a5d00050037/datanode-3/data/ratis/fe06dce1-8ab3-45b4-9671-3e689f25b453/current/log_inprogress_0
2020-07-20 01:17:36,022 [6b9f5e7e-e9a8-47c0-a0b1-c008e4f21b31@group-3E689F25B453-LeaderElection15] INFO  impl.RaftServerImpl (ServerState.java:setRaftConf(356)) - 6b9f5e7e-e9a8-47c0-a0b1-c008e4f21b31@group-3E689F25B453: set configuration 0: [6ed957ef-01ec-4d4e-8aec-11bf87f7b1e1:172.17.0.2:42117, 6b9f5e7e-e9a8-47c0-a0b1-c008e4f21b31:172.17.0.2:42485, 3e551ca4-b1b3-4226-8652-6024b5469bec:172.17.0.2:46701], old=null at 0
2020-07-20 01:17:36,021 [grpc-default-executor-1] INFO  ratis.XceiverServerRatis (XceiverServerRatis.java:handleLeaderChangedNotification(820)) - Leader change notification received for group: group-3E689F25B453 with new leaderId: 6b9f5e7e-e9a8-47c0-a0b1-c008e4f21b31
2020-07-20 01:17:36,027 [grpc-default-executor-1] INFO  impl.RaftServerImpl (ServerState.java:setLeader(255)) - 6ed957ef-01ec-4d4e-8aec-11bf87f7b1e1@group-3E689F25B453: change Leader from null to 6b9f5e7e-e9a8-47c0-a0b1-c008e4f21b31 at term 1 for appendEntries, leader elected after 5048ms
2020-07-20 01:17:36,030 [grpc-default-executor-1] INFO  impl.RaftServerImpl (ServerState.java:setRaftConf(356)) - 6ed957ef-01ec-4d4e-8aec-11bf87f7b1e1@group-3E689F25B453: set configuration 0: [6ed957ef-01ec-4d4e-8aec-11bf87f7b1e1:172.17.0.2:42117, 6b9f5e7e-e9a8-47c0-a0b1-c008e4f21b31:172.17.0.2:42485, 3e551ca4-b1b3-4226-8652-6024b5469bec:172.17.0.2:46701], old=null at 0
2020-07-20 01:17:36,031 [grpc-default-executor-1] INFO  segmented.SegmentedRaftLogWorker (SegmentedRaftLogWorker.java:startLogSegment(397)) - 6ed957ef-01ec-4d4e-8aec-11bf87f7b1e1@group-3E689F25B453-SegmentedRaftLogWorker: Starting segment from index:0
2020-07-20 01:17:36,032 [6ed957ef-01ec-4d4e-8aec-11bf87f7b1e1@group-3E689F25B453-SegmentedRaftLogWorker] INFO  segmented.SegmentedRaftLogWorker (SegmentedRaftLogWorker.java:execute(596)) - 6ed957ef-01ec-4d4e-8aec-11bf87f7b1e1@group-3E689F25B453-SegmentedRaftLogWorker: created new log segment /github/workspace/mnt/ozone/hadoop-ozone/integration-test/target/test-dir/MiniOzoneClusterImpl-2e7463a0-386a-4864-a70a-9a5d00050037/datanode-5/data/ratis/fe06dce1-8ab3-45b4-9671-3e689f25b453/current/log_inprogress_0
2020-07-20 01:17:36,046 [grpc-default-executor-2] INFO  ratis.XceiverServerRatis (XceiverServerRatis.java:handleLeaderChangedNotification(820)) - Leader change notification received for group: group-3E689F25B453 with new leaderId: 6b9f5e7e-e9a8-47c0-a0b1-c008e4f21b31
2020-07-20 01:17:36,046 [grpc-default-executor-2] INFO  impl.RaftServerImpl (ServerState.java:setLeader(255)) - 3e551ca4-b1b3-4226-8652-6024b5469bec@group-3E689F25B453: change Leader from null to 6b9f5e7e-e9a8-47c0-a0b1-c008e4f21b31 at term 1 for appendEntries, leader elected after 5036ms
2020-07-20 01:17:36,050 [grpc-default-executor-2] INFO  impl.RaftServerImpl (ServerState.java:setRaftConf(356)) - 3e551ca4-b1b3-4226-8652-6024b5469bec@group-3E689F25B453: set configuration 0: [6ed957ef-01ec-4d4e-8aec-11bf87f7b1e1:172.17.0.2:42117, 6b9f5e7e-e9a8-47c0-a0b1-c008e4f21b31:172.17.0.2:42485, 3e551ca4-b1b3-4226-8652-6024b5469bec:172.17.0.2:46701], old=null at 0
2020-07-20 01:17:36,051 [grpc-default-executor-2] INFO  segmented.SegmentedRaftLogWorker (SegmentedRaftLogWorker.java:startLogSegment(397)) - 3e551ca4-b1b3-4226-8652-6024b5469bec@group-3E689F25B453-SegmentedRaftLogWorker: Starting segment from index:0
2020-07-20 01:17:36,052 [3e551ca4-b1b3-4226-8652-6024b5469bec@group-3E689F25B453-SegmentedRaftLogWorker] INFO  segmented.SegmentedRaftLogWorker (SegmentedRaftLogWorker.java:execute(596)) - 3e551ca4-b1b3-4226-8652-6024b5469bec@group-3E689F25B453-SegmentedRaftLogWorker: created new log segment /github/workspace/mnt/ozone/hadoop-ozone/integration-test/target/test-dir/MiniOzoneClusterImpl-2e7463a0-386a-4864-a70a-9a5d00050037/datanode-4/data/ratis/fe06dce1-8ab3-45b4-9671-3e689f25b453/current/log_inprogress_0
2020-07-20 01:17:36,075 [Thread-601] INFO  impl.FollowerState (FollowerState.java:run(108)) - 3e551ca4-b1b3-4226-8652-6024b5469bec@group-DA408DF101BD-FollowerState: change to CANDIDATE, lastRpcTime:5028ms, electionTimeout:5025ms
2020-07-20 01:17:36,076 [Thread-601] INFO  impl.RoleInfo (RoleInfo.java:shutdownFollowerState(121)) - 3e551ca4-b1b3-4226-8652-6024b5469bec: shutdown FollowerState
2020-07-20 01:17:36,076 [Thread-601] INFO  impl.RaftServerImpl (RaftServerImpl.java:setRole(175)) - 3e551ca4-b1b3-4226-8652-6024b5469bec@group-DA408DF101BD: changes role from  FOLLOWER to CANDIDATE at term 0 for changeToCandidate
2020-07-20 01:17:36,076 [Thread-601] INFO  impl.RoleInfo (RoleInfo.java:updateAndGet(143)) - 3e551ca4-b1b3-4226-8652-6024b5469bec: start LeaderElection
2020-07-20 01:17:36,078 [3e551ca4-b1b3-4226-8652-6024b5469bec@group-DA408DF101BD-LeaderElection16] INFO  impl.LeaderElection (LeaderElection.java:askForVotes(206)) - 3e551ca4-b1b3-4226-8652-6024b5469bec@group-DA408DF101BD-LeaderElection16: begin an election at term 1 for -1: [3e551ca4-b1b3-4226-8652-6024b5469bec:172.17.0.2:46701], old=null
2020-07-20 01:17:36,078 [3e551ca4-b1b3-4226-8652-6024b5469bec@group-DA408DF101BD-LeaderElection16] INFO  impl.RoleInfo (RoleInfo.java:shutdownLeaderElection(134)) - 3e551ca4-b1b3-4226-8652-6024b5469bec: shutdown LeaderElection
2020-07-20 01:17:36,078 [3e551ca4-b1b3-4226-8652-6024b5469bec@group-DA408DF101BD-LeaderElection16] INFO  impl.RaftServerImpl (RaftServerImpl.java:setRole(175)) - 3e551ca4-b1b3-4226-8652-6024b5469bec@group-DA408DF101BD: changes role from CANDIDATE to LEADER at term 1 for changeToLeader
2020-07-20 01:17:36,078 [3e551ca4-b1b3-4226-8652-6024b5469bec@group-DA408DF101BD-LeaderElection16] INFO  ratis.XceiverServerRatis (XceiverServerRatis.java:handleLeaderChangedNotification(820)) - Leader change notification received for group: group-DA408DF101BD with new leaderId: 3e551ca4-b1b3-4226-8652-6024b5469bec
2020-07-20 01:17:36,080 [3e551ca4-b1b3-4226-8652-6024b5469bec@group-DA408DF101BD-LeaderElection16] INFO  impl.RaftServerImpl (ServerState.java:setLeader(255)) - 3e551ca4-b1b3-4226-8652-6024b5469bec@group-DA408DF101BD: change Leader from null to 3e551ca4-b1b3-4226-8652-6024b5469bec at term 1 for becomeLeader, leader elected after 5040ms
2020-07-20 01:17:36,081 [3e551ca4-b1b3-4226-8652-6024b5469bec@group-DA408DF101BD-LeaderElection16] INFO  server.RaftServerConfigKeys (ConfUtils.java:logGet(44)) - raft.server.staging.catchup.gap = 1000 (default)
2020-07-20 01:17:36,081 [3e551ca4-b1b3-4226-8652-6024b5469bec@group-DA408DF101BD-LeaderElection16] INFO  server.RaftServerConfigKeys (ConfUtils.java:logGet(44)) - raft.server.rpc.sleep.time = 25ms (default)
2020-07-20 01:17:36,081 [3e551ca4-b1b3-4226-8652-6024b5469bec@group-DA408DF101BD-LeaderElection16] INFO  metrics.RatisMetrics (RatisMetrics.java:lambda$create$0(36)) - Creating Metrics Registry : ratis.log_appender.3e551ca4-b1b3-4226-8652-6024b5469bec@group-DA408DF101BD
2020-07-20 01:17:36,081 [3e551ca4-b1b3-4226-8652-6024b5469bec@group-DA408DF101BD-LeaderElection16] INFO  server.RaftServerConfigKeys (ConfUtils.java:logGet(44)) - raft.server.write.element-limit = 1024 (custom)
2020-07-20 01:17:36,081 [3e551ca4-b1b3-4226-8652-6024b5469bec@group-DA408DF101BD-LeaderElection16] INFO  server.RaftServerConfigKeys (ConfUtils.java:logGet(44)) - raft.server.write.byte-limit = 1073741824 (custom)
2020-07-20 01:17:36,082 [3e551ca4-b1b3-4226-8652-6024b5469bec@group-DA408DF101BD-LeaderElection16] INFO  server.RaftServerConfigKeys (ConfUtils.java:logGet(44)) - raft.server.watch.timeout = 3000ms (custom)
2020-07-20 01:17:36,082 [3e551ca4-b1b3-4226-8652-6024b5469bec@group-DA408DF101BD-LeaderElection16] INFO  server.RaftServerConfigKeys (ConfUtils.java:logGet(44)) - raft.server.watch.timeout.denomination = 1s (default)
2020-07-20 01:17:36,082 [3e551ca4-b1b3-4226-8652-6024b5469bec@group-DA408DF101BD-LeaderElection16] INFO  server.RaftServerConfigKeys (ConfUtils.java:logGet(44)) - raft.server.watch.element-limit = 65536 (default)
2020-07-20 01:17:36,082 [3e551ca4-b1b3-4226-8652-6024b5469bec@group-DA408DF101BD-LeaderElection16] INFO  impl.RoleInfo (RoleInfo.java:updateAndGet(143)) - 3e551ca4-b1b3-4226-8652-6024b5469bec: start LeaderState
2020-07-20 01:17:36,083 [3e551ca4-b1b3-4226-8652-6024b5469bec@group-DA408DF101BD-LeaderElection16] INFO  segmented.SegmentedRaftLogWorker (SegmentedRaftLogWorker.java:startLogSegment(397)) - 3e551ca4-b1b3-4226-8652-6024b5469bec@group-DA408DF101BD-SegmentedRaftLogWorker: Starting segment from index:0
2020-07-20 01:17:36,083 [3e551ca4-b1b3-4226-8652-6024b5469bec@group-DA408DF101BD-LeaderElection16] INFO  impl.RaftServerImpl (ServerState.java:setRaftConf(356)) - 3e551ca4-b1b3-4226-8652-6024b5469bec@group-DA408DF101BD: set configuration 0: [3e551ca4-b1b3-4226-8652-6024b5469bec:172.17.0.2:46701], old=null at 0
2020-07-20 01:17:36,084 [3e551ca4-b1b3-4226-8652-6024b5469bec@group-DA408DF101BD-SegmentedRaftLogWorker] INFO  segmented.SegmentedRaftLogWorker (SegmentedRaftLogWorker.java:execute(596)) - 3e551ca4-b1b3-4226-8652-6024b5469bec@group-DA408DF101BD-SegmentedRaftLogWorker: created new log segment /github/workspace/mnt/ozone/hadoop-ozone/integration-test/target/test-dir/MiniOzoneClusterImpl-2e7463a0-386a-4864-a70a-9a5d00050037/datanode-4/data/ratis/28bf7c53-5199-4762-bb3b-da408df101bd/current/log_inprogress_0
2020-07-20 01:17:36,097 [Thread-591] INFO  impl.FollowerState (FollowerState.java:run(108)) - 6b9f5e7e-e9a8-47c0-a0b1-c008e4f21b31@group-2BAED6FD67B7-FollowerState: change to CANDIDATE, lastRpcTime:5174ms, electionTimeout:5164ms
2020-07-20 01:17:36,097 [Thread-591] INFO  impl.RoleInfo (RoleInfo.java:shutdownFollowerState(121)) - 6b9f5e7e-e9a8-47c0-a0b1-c008e4f21b31: shutdown FollowerState
2020-07-20 01:17:36,098 [Thread-591] INFO  impl.RaftServerImpl (RaftServerImpl.java:setRole(175)) - 6b9f5e7e-e9a8-47c0-a0b1-c008e4f21b31@group-2BAED6FD67B7: changes role from  FOLLOWER to CANDIDATE at term 0 for changeToCandidate
2020-07-20 01:17:36,098 [Thread-591] INFO  impl.RoleInfo (RoleInfo.java:updateAndGet(143)) - 6b9f5e7e-e9a8-47c0-a0b1-c008e4f21b31: start LeaderElection
2020-07-20 01:17:36,100 [6b9f5e7e-e9a8-47c0-a0b1-c008e4f21b31@group-2BAED6FD67B7-LeaderElection17] INFO  impl.LeaderElection (LeaderElection.java:askForVotes(206)) - 6b9f5e7e-e9a8-47c0-a0b1-c008e4f21b31@group-2BAED6FD67B7-LeaderElection17: begin an election at term 1 for -1: [6b9f5e7e-e9a8-47c0-a0b1-c008e4f21b31:172.17.0.2:42485], old=null
2020-07-20 01:17:36,100 [6b9f5e7e-e9a8-47c0-a0b1-c008e4f21b31@group-2BAED6FD67B7-LeaderElection17] INFO  impl.RoleInfo (RoleInfo.java:shutdownLeaderElection(134)) - 6b9f5e7e-e9a8-47c0-a0b1-c008e4f21b31: shutdown LeaderElection
2020-07-20 01:17:36,100 [6b9f5e7e-e9a8-47c0-a0b1-c008e4f21b31@group-2BAED6FD67B7-LeaderElection17] INFO  impl.RaftServerImpl (RaftServerImpl.java:setRole(175)) - 6b9f5e7e-e9a8-47c0-a0b1-c008e4f21b31@group-2BAED6FD67B7: changes role from CANDIDATE to LEADER at term 1 for changeToLeader
2020-07-20 01:17:36,100 [6b9f5e7e-e9a8-47c0-a0b1-c008e4f21b31@group-2BAED6FD67B7-LeaderElection17] INFO  ratis.XceiverServerRatis (XceiverServerRatis.java:handleLeaderChangedNotification(820)) - Leader change notification received for group: group-2BAED6FD67B7 with new leaderId: 6b9f5e7e-e9a8-47c0-a0b1-c008e4f21b31
2020-07-20 01:17:36,100 [6b9f5e7e-e9a8-47c0-a0b1-c008e4f21b31@group-2BAED6FD67B7-LeaderElection17] INFO  impl.RaftServerImpl (ServerState.java:setLeader(255)) - 6b9f5e7e-e9a8-47c0-a0b1-c008e4f21b31@group-2BAED6FD67B7: change Leader from null to 6b9f5e7e-e9a8-47c0-a0b1-c008e4f21b31 at term 1 for becomeLeader, leader elected after 5185ms
2020-07-20 01:17:36,101 [6b9f5e7e-e9a8-47c0-a0b1-c008e4f21b31@group-2BAED6FD67B7-LeaderElection17] INFO  server.RaftServerConfigKeys (ConfUtils.java:logGet(44)) - raft.server.staging.catchup.gap = 1000 (default)
2020-07-20 01:17:36,101 [6b9f5e7e-e9a8-47c0-a0b1-c008e4f21b31@group-2BAED6FD67B7-LeaderElection17] INFO  server.RaftServerConfigKeys (ConfUtils.java:logGet(44)) - raft.server.rpc.sleep.time = 25ms (default)
2020-07-20 01:17:36,101 [6b9f5e7e-e9a8-47c0-a0b1-c008e4f21b31@group-2BAED6FD67B7-LeaderElection17] INFO  metrics.RatisMetrics (RatisMetrics.java:lambda$create$0(36)) - Creating Metrics Registry : ratis.log_appender.6b9f5e7e-e9a8-47c0-a0b1-c008e4f21b31@group-2BAED6FD67B7
2020-07-20 01:17:36,102 [6b9f5e7e-e9a8-47c0-a0b1-c008e4f21b31@group-2BAED6FD67B7-LeaderElection17] INFO  server.RaftServerConfigKeys (ConfUtils.java:logGet(44)) - raft.server.write.element-limit = 1024 (custom)
2020-07-20 01:17:36,102 [6b9f5e7e-e9a8-47c0-a0b1-c008e4f21b31@group-2BAED6FD67B7-LeaderElection17] INFO  server.RaftServerConfigKeys (ConfUtils.java:logGet(44)) - raft.server.write.byte-limit = 1073741824 (custom)
2020-07-20 01:17:36,103 [6b9f5e7e-e9a8-47c0-a0b1-c008e4f21b31@group-2BAED6FD67B7-LeaderElection17] INFO  server.RaftServerConfigKeys (ConfUtils.java:logGet(44)) - raft.server.watch.timeout = 3000ms (custom)
2020-07-20 01:17:36,103 [6b9f5e7e-e9a8-47c0-a0b1-c008e4f21b31@group-2BAED6FD67B7-LeaderElection17] INFO  server.RaftServerConfigKeys (ConfUtils.java:logGet(44)) - raft.server.watch.timeout.denomination = 1s (default)
2020-07-20 01:17:36,104 [6b9f5e7e-e9a8-47c0-a0b1-c008e4f21b31@group-2BAED6FD67B7-LeaderElection17] INFO  server.RaftServerConfigKeys (ConfUtils.java:logGet(44)) - raft.server.watch.element-limit = 65536 (default)
2020-07-20 01:17:36,104 [6b9f5e7e-e9a8-47c0-a0b1-c008e4f21b31@group-2BAED6FD67B7-LeaderElection17] INFO  impl.RoleInfo (RoleInfo.java:updateAndGet(143)) - 6b9f5e7e-e9a8-47c0-a0b1-c008e4f21b31: start LeaderState
2020-07-20 01:17:36,104 [6b9f5e7e-e9a8-47c0-a0b1-c008e4f21b31@group-2BAED6FD67B7-LeaderElection17] INFO  segmented.SegmentedRaftLogWorker (SegmentedRaftLogWorker.java:startLogSegment(397)) - 6b9f5e7e-e9a8-47c0-a0b1-c008e4f21b31@group-2BAED6FD67B7-SegmentedRaftLogWorker: Starting segment from index:0
2020-07-20 01:17:36,105 [6b9f5e7e-e9a8-47c0-a0b1-c008e4f21b31@group-2BAED6FD67B7-LeaderElection17] INFO  impl.RaftServerImpl (ServerState.java:setRaftConf(356)) - 6b9f5e7e-e9a8-47c0-a0b1-c008e4f21b31@group-2BAED6FD67B7: set configuration 0: [6b9f5e7e-e9a8-47c0-a0b1-c008e4f21b31:172.17.0.2:42485], old=null at 0
2020-07-20 01:17:36,106 [6b9f5e7e-e9a8-47c0-a0b1-c008e4f21b31@group-2BAED6FD67B7-SegmentedRaftLogWorker] INFO  segmented.SegmentedRaftLogWorker (SegmentedRaftLogWorker.java:execute(596)) - 6b9f5e7e-e9a8-47c0-a0b1-c008e4f21b31@group-2BAED6FD67B7-SegmentedRaftLogWorker: created new log segment /github/workspace/mnt/ozone/hadoop-ozone/integration-test/target/test-dir/MiniOzoneClusterImpl-2e7463a0-386a-4864-a70a-9a5d00050037/datanode-3/data/ratis/642705ee-1ba1-49ca-b099-2baed6fd67b7/current/log_inprogress_0
2020-07-20 01:17:36,250 [Thread-603] INFO  impl.FollowerState (FollowerState.java:run(108)) - 6ed957ef-01ec-4d4e-8aec-11bf87f7b1e1@group-83C7EF91F74A-FollowerState: change to CANDIDATE, lastRpcTime:5026ms, electionTimeout:5023ms
2020-07-20 01:17:36,251 [Thread-603] INFO  impl.RoleInfo (RoleInfo.java:shutdownFollowerState(121)) - 6ed957ef-01ec-4d4e-8aec-11bf87f7b1e1: shutdown FollowerState
2020-07-20 01:17:36,251 [Thread-603] INFO  impl.RaftServerImpl (RaftServerImpl.java:setRole(175)) - 6ed957ef-01ec-4d4e-8aec-11bf87f7b1e1@group-83C7EF91F74A: changes role from  FOLLOWER to CANDIDATE at term 0 for changeToCandidate
2020-07-20 01:17:36,251 [Thread-603] INFO  impl.RoleInfo (RoleInfo.java:updateAndGet(143)) - 6ed957ef-01ec-4d4e-8aec-11bf87f7b1e1: start LeaderElection
2020-07-20 01:17:36,254 [6ed957ef-01ec-4d4e-8aec-11bf87f7b1e1@group-83C7EF91F74A-LeaderElection18] INFO  impl.LeaderElection (LeaderElection.java:askForVotes(206)) - 6ed957ef-01ec-4d4e-8aec-11bf87f7b1e1@group-83C7EF91F74A-LeaderElection18: begin an election at term 1 for -1: [6ed957ef-01ec-4d4e-8aec-11bf87f7b1e1:172.17.0.2:42117], old=null
2020-07-20 01:17:36,254 [6ed957ef-01ec-4d4e-8aec-11bf87f7b1e1@group-83C7EF91F74A-LeaderElection18] INFO  impl.RoleInfo (RoleInfo.java:shutdownLeaderElection(134)) - 6ed957ef-01ec-4d4e-8aec-11bf87f7b1e1: shutdown LeaderElection
2020-07-20 01:17:36,254 [6ed957ef-01ec-4d4e-8aec-11bf87f7b1e1@group-83C7EF91F74A-LeaderElection18] INFO  impl.RaftServerImpl (RaftServerImpl.java:setRole(175)) - 6ed957ef-01ec-4d4e-8aec-11bf87f7b1e1@group-83C7EF91F74A: changes role from CANDIDATE to LEADER at term 1 for changeToLeader
2020-07-20 01:17:36,254 [6ed957ef-01ec-4d4e-8aec-11bf87f7b1e1@group-83C7EF91F74A-LeaderElection18] INFO  ratis.XceiverServerRatis (XceiverServerRatis.java:handleLeaderChangedNotification(820)) - Leader change notification received for group: group-83C7EF91F74A with new leaderId: 6ed957ef-01ec-4d4e-8aec-11bf87f7b1e1
2020-07-20 01:17:36,254 [6ed957ef-01ec-4d4e-8aec-11bf87f7b1e1@group-83C7EF91F74A-LeaderElection18] INFO  impl.RaftServerImpl (ServerState.java:setLeader(255)) - 6ed957ef-01ec-4d4e-8aec-11bf87f7b1e1@group-83C7EF91F74A: change Leader from null to 6ed957ef-01ec-4d4e-8aec-11bf87f7b1e1 at term 1 for becomeLeader, leader elected after 5039ms
2020-07-20 01:17:36,255 [6ed957ef-01ec-4d4e-8aec-11bf87f7b1e1@group-83C7EF91F74A-LeaderElection18] INFO  server.RaftServerConfigKeys (ConfUtils.java:logGet(44)) - raft.server.staging.catchup.gap = 1000 (default)
2020-07-20 01:17:36,256 [6ed957ef-01ec-4d4e-8aec-11bf87f7b1e1@group-83C7EF91F74A-LeaderElection18] INFO  server.RaftServerConfigKeys (ConfUtils.java:logGet(44)) - raft.server.rpc.sleep.time = 25ms (default)
2020-07-20 01:17:36,256 [6ed957ef-01ec-4d4e-8aec-11bf87f7b1e1@group-83C7EF91F74A-LeaderElection18] INFO  metrics.RatisMetrics (RatisMetrics.java:lambda$create$0(36)) - Creating Metrics Registry : ratis.log_appender.6ed957ef-01ec-4d4e-8aec-11bf87f7b1e1@group-83C7EF91F74A
2020-07-20 01:17:36,256 [6ed957ef-01ec-4d4e-8aec-11bf87f7b1e1@group-83C7EF91F74A-LeaderElection18] INFO  server.RaftServerConfigKeys (ConfUtils.java:logGet(44)) - raft.server.write.element-limit = 1024 (custom)
2020-07-20 01:17:36,256 [6ed957ef-01ec-4d4e-8aec-11bf87f7b1e1@group-83C7EF91F74A-LeaderElection18] INFO  server.RaftServerConfigKeys (ConfUtils.java:logGet(44)) - raft.server.write.byte-limit = 1073741824 (custom)
2020-07-20 01:17:36,256 [6ed957ef-01ec-4d4e-8aec-11bf87f7b1e1@group-83C7EF91F74A-LeaderElection18] INFO  server.RaftServerConfigKeys (ConfUtils.java:logGet(44)) - raft.server.watch.timeout = 3000ms (custom)
2020-07-20 01:17:36,256 [6ed957ef-01ec-4d4e-8aec-11bf87f7b1e1@group-83C7EF91F74A-LeaderElection18] INFO  server.RaftServerConfigKeys (ConfUtils.java:logGet(44)) - raft.server.watch.timeout.denomination = 1s (default)
2020-07-20 01:17:36,257 [6ed957ef-01ec-4d4e-8aec-11bf87f7b1e1@group-83C7EF91F74A-LeaderElection18] INFO  server.RaftServerConfigKeys (ConfUtils.java:logGet(44)) - raft.server.watch.element-limit = 65536 (default)
2020-07-20 01:17:36,257 [6ed957ef-01ec-4d4e-8aec-11bf87f7b1e1@group-83C7EF91F74A-LeaderElection18] INFO  impl.RoleInfo (RoleInfo.java:updateAndGet(143)) - 6ed957ef-01ec-4d4e-8aec-11bf87f7b1e1: start LeaderState
2020-07-20 01:17:36,257 [6ed957ef-01ec-4d4e-8aec-11bf87f7b1e1@group-83C7EF91F74A-LeaderElection18] INFO  segmented.SegmentedRaftLogWorker (SegmentedRaftLogWorker.java:startLogSegment(397)) - 6ed957ef-01ec-4d4e-8aec-11bf87f7b1e1@group-83C7EF91F74A-SegmentedRaftLogWorker: Starting segment from index:0
2020-07-20 01:17:36,258 [6ed957ef-01ec-4d4e-8aec-11bf87f7b1e1@group-83C7EF91F74A-SegmentedRaftLogWorker] INFO  segmented.SegmentedRaftLogWorker (SegmentedRaftLogWorker.java:execute(596)) - 6ed957ef-01ec-4d4e-8aec-11bf87f7b1e1@group-83C7EF91F74A-SegmentedRaftLogWorker: created new log segment /github/workspace/mnt/ozone/hadoop-ozone/integration-test/target/test-dir/MiniOzoneClusterImpl-2e7463a0-386a-4864-a70a-9a5d00050037/datanode-5/data/ratis/e2927ab2-e3c0-4173-845c-83c7ef91f74a/current/log_inprogress_0
2020-07-20 01:17:36,259 [6ed957ef-01ec-4d4e-8aec-11bf87f7b1e1@group-83C7EF91F74A-LeaderElection18] INFO  impl.RaftServerImpl (ServerState.java:setRaftConf(356)) - 6ed957ef-01ec-4d4e-8aec-11bf87f7b1e1@group-83C7EF91F74A: set configuration 0: [6ed957ef-01ec-4d4e-8aec-11bf87f7b1e1:172.17.0.2:42117], old=null at 0
2020-07-20 01:17:36,336 [Listener at 127.0.0.1/34739] INFO  ozone.MiniOzoneClusterImpl (MiniOzoneClusterImpl.java:lambda$waitForClusterToBeReady$0(177)) - Nodes are ready. Got 7 of 7 DN Heartbeats.
2020-07-20 01:17:36,337 [Listener at 127.0.0.1/34739] INFO  ozone.MiniOzoneClusterImpl (MiniOzoneClusterImpl.java:lambda$waitForClusterToBeReady$0(180)) - Cluster exits safe mode
2020-07-20 01:17:36,360 [Listener at 127.0.0.1/34739] INFO  rpc.RpcClient (RpcClient.java:createVolume(314)) - Creating Volume: testblockoutputstream, with jenkins1001 as owner.
2020-07-20 01:17:36,361 [IPC Server handler 2 on default port 34739] INFO  volume.OMVolumeCreateRequest (OMVolumeCreateRequest.java:validateAndUpdateCache(195)) - created volume:testblockoutputstream for user:jenkins1001
2020-07-20 01:17:36,366 [Listener at 127.0.0.1/34739] INFO  rpc.RpcClient (RpcClient.java:createBucket(459)) - Creating Bucket: testblockoutputstream/testblockoutputstream, with Versioning false and Storage Type set to DISK and Encryption set to false 
2020-07-20 01:17:36,370 [Listener at 127.0.0.1/34739] INFO  ozone.MiniOzoneClusterImpl (MiniOzoneClusterImpl.java:getStorageContainerLocationClient(289)) - Creating StorageContainerLocationProtocol RPC client with address /0.0.0.0:35103
2020-07-20 01:17:36,455 [grpc-default-executor-0] INFO  impl.RaftServerImpl (ServerState.java:setRaftConf(356)) - a59d5cbb-6a4e-4b6f-8de9-1f6c3e59f3ac@group-332B05DCA4EF: set configuration 0: [8a5e4c45-c5e6-427a-ba70-61ac25cd6fb3:172.17.0.2:39605, 7d127ae0-d954-4615-95cd-077b23f6b81f:172.17.0.2:42865, a59d5cbb-6a4e-4b6f-8de9-1f6c3e59f3ac:172.17.0.2:39811], old=null at 0
2020-07-20 01:17:36,462 [ChunkWriter-0-0] WARN  helpers.ChunkUtils (ChunkUtils.java:validateChunkForOverwrite(224)) - Duplicate write chunk request. Chunk overwrite without explicit request. ChunkInfo{chunkName='1595207856384.data.0, offset=0, len=1048576}
2020-07-20 01:17:36,466 [ChunkWriter-0-0] WARN  helpers.ChunkUtils (ChunkUtils.java:validateChunkForOverwrite(224)) - Duplicate write chunk request. Chunk overwrite without explicit request. ChunkInfo{chunkName='1595207856384.data.0, offset=0, len=1048576}
2020-07-20 01:17:36,524 [Thread-605] INFO  impl.FollowerState (FollowerState.java:run(108)) - b0a2088b-73e2-4e23-bf2a-0933d86a42a7@group-55828A97B852-FollowerState: change to CANDIDATE, lastRpcTime:5171ms, electionTimeout:5170ms
2020-07-20 01:17:36,525 [Thread-605] INFO  impl.RoleInfo (RoleInfo.java:shutdownFollowerState(121)) - b0a2088b-73e2-4e23-bf2a-0933d86a42a7: shutdown FollowerState
2020-07-20 01:17:36,525 [Thread-605] INFO  impl.RaftServerImpl (RaftServerImpl.java:setRole(175)) - b0a2088b-73e2-4e23-bf2a-0933d86a42a7@group-55828A97B852: changes role from  FOLLOWER to CANDIDATE at term 0 for changeToCandidate
2020-07-20 01:17:36,530 [Thread-605] INFO  impl.RoleInfo (RoleInfo.java:updateAndGet(143)) - b0a2088b-73e2-4e23-bf2a-0933d86a42a7: start LeaderElection
2020-07-20 01:17:36,552 [b0a2088b-73e2-4e23-bf2a-0933d86a42a7@group-55828A97B852-LeaderElection19] INFO  impl.LeaderElection (LeaderElection.java:askForVotes(206)) - b0a2088b-73e2-4e23-bf2a-0933d86a42a7@group-55828A97B852-LeaderElection19: begin an election at term 1 for -1: [b0a2088b-73e2-4e23-bf2a-0933d86a42a7:172.17.0.2:42595], old=null
2020-07-20 01:17:36,552 [b0a2088b-73e2-4e23-bf2a-0933d86a42a7@group-55828A97B852-LeaderElection19] INFO  impl.RoleInfo (RoleInfo.java:shutdownLeaderElection(134)) - b0a2088b-73e2-4e23-bf2a-0933d86a42a7: shutdown LeaderElection
2020-07-20 01:17:36,552 [b0a2088b-73e2-4e23-bf2a-0933d86a42a7@group-55828A97B852-LeaderElection19] INFO  impl.RaftServerImpl (RaftServerImpl.java:setRole(175)) - b0a2088b-73e2-4e23-bf2a-0933d86a42a7@group-55828A97B852: changes role from CANDIDATE to LEADER at term 1 for changeToLeader
2020-07-20 01:17:36,552 [b0a2088b-73e2-4e23-bf2a-0933d86a42a7@group-55828A97B852-LeaderElection19] INFO  ratis.XceiverServerRatis (XceiverServerRatis.java:handleLeaderChangedNotification(820)) - Leader change notification received for group: group-55828A97B852 with new leaderId: b0a2088b-73e2-4e23-bf2a-0933d86a42a7
2020-07-20 01:17:36,553 [b0a2088b-73e2-4e23-bf2a-0933d86a42a7@group-55828A97B852-LeaderElection19] INFO  impl.RaftServerImpl (ServerState.java:setLeader(255)) - b0a2088b-73e2-4e23-bf2a-0933d86a42a7@group-55828A97B852: change Leader from null to b0a2088b-73e2-4e23-bf2a-0933d86a42a7 at term 1 for becomeLeader, leader elected after 5211ms
2020-07-20 01:17:36,556 [ChunkWriter-0-0] WARN  helpers.ChunkUtils (ChunkUtils.java:validateChunkForOverwrite(224)) - Duplicate write chunk request. Chunk overwrite without explicit request. ChunkInfo{chunkName='1595207856384.data.0, offset=0, len=1048576}
2020-07-20 01:17:36,566 [b0a2088b-73e2-4e23-bf2a-0933d86a42a7@group-55828A97B852-LeaderElection19] INFO  server.RaftServerConfigKeys (ConfUtils.java:logGet(44)) - raft.server.staging.catchup.gap = 1000 (default)
2020-07-20 01:17:36,566 [b0a2088b-73e2-4e23-bf2a-0933d86a42a7@group-55828A97B852-LeaderElection19] INFO  server.RaftServerConfigKeys (ConfUtils.java:logGet(44)) - raft.server.rpc.sleep.time = 25ms (default)
2020-07-20 01:17:36,566 [b0a2088b-73e2-4e23-bf2a-0933d86a42a7@group-55828A97B852-LeaderElection19] INFO  metrics.RatisMetrics (RatisMetrics.java:lambda$create$0(36)) - Creating Metrics Registry : ratis.log_appender.b0a2088b-73e2-4e23-bf2a-0933d86a42a7@group-55828A97B852
2020-07-20 01:17:36,567 [b0a2088b-73e2-4e23-bf2a-0933d86a42a7@group-55828A97B852-LeaderElection19] INFO  server.RaftServerConfigKeys (ConfUtils.java:logGet(44)) - raft.server.write.element-limit = 1024 (custom)
2020-07-20 01:17:36,567 [b0a2088b-73e2-4e23-bf2a-0933d86a42a7@group-55828A97B852-LeaderElection19] INFO  server.RaftServerConfigKeys (ConfUtils.java:logGet(44)) - raft.server.write.byte-limit = 1073741824 (custom)
2020-07-20 01:17:36,567 [b0a2088b-73e2-4e23-bf2a-0933d86a42a7@group-55828A97B852-LeaderElection19] INFO  server.RaftServerConfigKeys (ConfUtils.java:logGet(44)) - raft.server.watch.timeout = 3000ms (custom)
2020-07-20 01:17:36,567 [b0a2088b-73e2-4e23-bf2a-0933d86a42a7@group-55828A97B852-LeaderElection19] INFO  server.RaftServerConfigKeys (ConfUtils.java:logGet(44)) - raft.server.watch.timeout.denomination = 1s (default)
2020-07-20 01:17:36,567 [b0a2088b-73e2-4e23-bf2a-0933d86a42a7@group-55828A97B852-LeaderElection19] INFO  server.RaftServerConfigKeys (ConfUtils.java:logGet(44)) - raft.server.watch.element-limit = 65536 (default)
2020-07-20 01:17:36,567 [b0a2088b-73e2-4e23-bf2a-0933d86a42a7@group-55828A97B852-LeaderElection19] INFO  impl.RoleInfo (RoleInfo.java:updateAndGet(143)) - b0a2088b-73e2-4e23-bf2a-0933d86a42a7: start LeaderState
2020-07-20 01:17:36,568 [b0a2088b-73e2-4e23-bf2a-0933d86a42a7@group-55828A97B852-LeaderElection19] INFO  segmented.SegmentedRaftLogWorker (SegmentedRaftLogWorker.java:startLogSegment(397)) - b0a2088b-73e2-4e23-bf2a-0933d86a42a7@group-55828A97B852-SegmentedRaftLogWorker: Starting segment from index:0
2020-07-20 01:17:36,568 [b0a2088b-73e2-4e23-bf2a-0933d86a42a7@group-55828A97B852-LeaderElection19] INFO  impl.RaftServerImpl (ServerState.java:setRaftConf(356)) - b0a2088b-73e2-4e23-bf2a-0933d86a42a7@group-55828A97B852: set configuration 0: [b0a2088b-73e2-4e23-bf2a-0933d86a42a7:172.17.0.2:42595], old=null at 0
2020-07-20 01:17:36,569 [b0a2088b-73e2-4e23-bf2a-0933d86a42a7@group-55828A97B852-SegmentedRaftLogWorker] INFO  segmented.SegmentedRaftLogWorker (SegmentedRaftLogWorker.java:execute(596)) - b0a2088b-73e2-4e23-bf2a-0933d86a42a7@group-55828A97B852-SegmentedRaftLogWorker: created new log segment /github/workspace/mnt/ozone/hadoop-ozone/integration-test/target/test-dir/MiniOzoneClusterImpl-2e7463a0-386a-4864-a70a-9a5d00050037/datanode-6/data/ratis/1a6c79ea-e386-4585-8e9a-55828a97b852/current/log_inprogress_0
2020-07-20 01:17:37,454 [Datanode State Machine Thread - 0] INFO  statemachine.DatanodeStateMachine (DatanodeStateMachine.java:lambda$startDaemon$0(380)) - Ozone container server started.
2020-07-20 01:17:38,713 [EventQueue-Delayed safe mode statusForReplicationManager] INFO  container.ReplicationManager (ReplicationManager.java:start(177)) - Starting Replication Monitor Thread.
2020-07-20 01:17:38,715 [ReplicationMonitor] INFO  container.ReplicationManager (ReplicationManager.java:run(241)) - Replication Monitor Thread took 0 milliseconds for processing 1 containers.
2020-07-20 01:17:39,041 [java.util.concurrent.ThreadPoolExecutor$Worker@7ee8e2ae[State = -1, empty queue]] WARN  server.GrpcLogAppender (GrpcLogAppender.java:timeoutAppendRequest(219)) - 6b9f5e7e-e9a8-47c0-a0b1-c008e4f21b31@group-3E689F25B453->3e551ca4-b1b3-4226-8652-6024b5469bec-GrpcLogAppender:  appendEntries Timeout, request=AppendEntriesRequest:cid=1,entriesCount=1,lastEntry=(t:1, i:0)
2020-07-20 01:17:41,598 [Listener at 127.0.0.1/34739] INFO  ozoneimpl.OzoneContainer (OzoneContainer.java:stop(247)) - Attempting to stop container services.
2020-07-20 01:17:41,598 [Listener at 127.0.0.1/34739] INFO  impl.RaftServerProxy (RaftServerProxy.java:lambda$close$4(319)) - 8a5e4c45-c5e6-427a-ba70-61ac25cd6fb3: close
2020-07-20 01:17:41,598 [Listener at 127.0.0.1/34739] INFO  impl.RaftServerImpl (RaftServerImpl.java:lambda$shutdown$3(252)) - 8a5e4c45-c5e6-427a-ba70-61ac25cd6fb3@group-DD7252967CB6: shutdown
2020-07-20 01:17:41,598 [Listener at 127.0.0.1/34739] INFO  util.JmxRegister (JmxRegister.java:unregister(73)) - Successfully un-registered JMX Bean with object name Ratis:service=RaftServer,group=group-DD7252967CB6,id=8a5e4c45-c5e6-427a-ba70-61ac25cd6fb3
2020-07-20 01:17:41,599 [Listener at 127.0.0.1/34739] INFO  impl.RoleInfo (RoleInfo.java:shutdownLeaderState(104)) - 8a5e4c45-c5e6-427a-ba70-61ac25cd6fb3: shutdown LeaderState
2020-07-20 01:17:41,599 [Listener at 127.0.0.1/34739] INFO  impl.PendingRequests (PendingRequests.java:sendNotLeaderResponses(249)) - 8a5e4c45-c5e6-427a-ba70-61ac25cd6fb3@group-DD7252967CB6-PendingRequests: sendNotLeaderResponses
2020-07-20 01:17:41,599 [Listener at 127.0.0.1/34739] INFO  metrics.RatisMetrics (RatisMetrics.java:unregister(43)) - Unregistering Metrics Registry : ratis.log_appender.8a5e4c45-c5e6-427a-ba70-61ac25cd6fb3@group-DD7252967CB6
2020-07-20 01:17:41,599 [Listener at 127.0.0.1/34739] INFO  metrics.RatisMetrics (RatisMetrics.java:unregister(43)) - Unregistering Metrics Registry : ratis.server.8a5e4c45-c5e6-427a-ba70-61ac25cd6fb3@group-DD7252967CB6
2020-07-20 01:17:41,600 [8a5e4c45-c5e6-427a-ba70-61ac25cd6fb3@group-DD7252967CB6-StateMachineUpdater] INFO  ratis.ContainerStateMachine (ContainerStateMachine.java:takeSnapshot(293)) - group-DD7252967CB6: Taking a snapshot at:(t:1, i:0) file /github/workspace/mnt/ozone/hadoop-ozone/integration-test/target/test-dir/MiniOzoneClusterImpl-2e7463a0-386a-4864-a70a-9a5d00050037/datanode-0/data/ratis/4d7567d8-e01d-4427-afe9-dd7252967cb6/sm/snapshot.1_0
2020-07-20 01:17:41,600 [Listener at 127.0.0.1/34739] INFO  impl.StateMachineUpdater (StateMachineUpdater.java:stopAndJoin(142)) - 8a5e4c45-c5e6-427a-ba70-61ac25cd6fb3@group-DD7252967CB6-StateMachineUpdater: set stopIndex = 0
2020-07-20 01:17:41,601 [8a5e4c45-c5e6-427a-ba70-61ac25cd6fb3@group-DD7252967CB6-StateMachineUpdater] INFO  ratis.ContainerStateMachine (ContainerStateMachine.java:takeSnapshot(304)) - group-DD7252967CB6: Finished taking a snapshot at:(t:1, i:0) file:/github/workspace/mnt/ozone/hadoop-ozone/integration-test/target/test-dir/MiniOzoneClusterImpl-2e7463a0-386a-4864-a70a-9a5d00050037/datanode-0/data/ratis/4d7567d8-e01d-4427-afe9-dd7252967cb6/sm/snapshot.1_0 time:1
2020-07-20 01:17:41,601 [8a5e4c45-c5e6-427a-ba70-61ac25cd6fb3@group-DD7252967CB6-StateMachineUpdater] INFO  impl.StateMachineUpdater (StateMachineUpdater.java:takeSnapshot(277)) - 8a5e4c45-c5e6-427a-ba70-61ac25cd6fb3@group-DD7252967CB6-StateMachineUpdater: Took a snapshot at index 0
2020-07-20 01:17:41,601 [8a5e4c45-c5e6-427a-ba70-61ac25cd6fb3@group-DD7252967CB6-StateMachineUpdater] INFO  impl.StateMachineUpdater (StateMachineUpdater.java:lambda$new$0(87)) - 8a5e4c45-c5e6-427a-ba70-61ac25cd6fb3@group-DD7252967CB6-StateMachineUpdater: snapshotIndex: updateIncreasingly -1 -> 0
2020-07-20 01:17:41,601 [8a5e4c45-c5e6-427a-ba70-61ac25cd6fb3@group-DD7252967CB6-StateMachineUpdater] INFO  metrics.RatisMetrics (RatisMetrics.java:unregister(43)) - Unregistering Metrics Registry : ratis.state_machine.8a5e4c45-c5e6-427a-ba70-61ac25cd6fb3@group-DD7252967CB6
2020-07-20 01:17:41,602 [Listener at 127.0.0.1/34739] INFO  impl.RaftServerImpl (ServerState.java:close(387)) - 8a5e4c45-c5e6-427a-ba70-61ac25cd6fb3@group-DD7252967CB6: closes. applyIndex: 0
2020-07-20 01:17:41,602 [8a5e4c45-c5e6-427a-ba70-61ac25cd6fb3@group-DD7252967CB6-SegmentedRaftLogWorker] INFO  segmented.SegmentedRaftLogWorker (SegmentedRaftLogWorker.java:run(327)) - 8a5e4c45-c5e6-427a-ba70-61ac25cd6fb3@group-DD7252967CB6-SegmentedRaftLogWorker was interrupted, exiting. There are 0 tasks remaining in the queue.
2020-07-20 01:17:41,603 [Listener at 127.0.0.1/34739] INFO  segmented.SegmentedRaftLogWorker (SegmentedRaftLogWorker.java:close(234)) - 8a5e4c45-c5e6-427a-ba70-61ac25cd6fb3@group-DD7252967CB6-SegmentedRaftLogWorker close()
2020-07-20 01:17:41,604 [Listener at 127.0.0.1/34739] INFO  metrics.RatisMetrics (RatisMetrics.java:unregister(43)) - Unregistering Metrics Registry : ratis.log_worker.8a5e4c45-c5e6-427a-ba70-61ac25cd6fb3@group-DD7252967CB6
2020-07-20 01:17:41,605 [Listener at 127.0.0.1/34739] INFO  metrics.RatisMetrics (RatisMetrics.java:unregister(43)) - Unregistering Metrics Registry : ratis.leader_election.8a5e4c45-c5e6-427a-ba70-61ac25cd6fb3@group-DD7252967CB6
2020-07-20 01:17:41,605 [Listener at 127.0.0.1/34739] INFO  metrics.RatisMetrics (RatisMetrics.java:unregister(43)) - Unregistering Metrics Registry : ratis.server.8a5e4c45-c5e6-427a-ba70-61ac25cd6fb3@group-DD7252967CB6
2020-07-20 01:17:41,605 [Listener at 127.0.0.1/34739] INFO  impl.RaftServerImpl (RaftServerImpl.java:lambda$shutdown$3(252)) - 8a5e4c45-c5e6-427a-ba70-61ac25cd6fb3@group-332B05DCA4EF: shutdown
2020-07-20 01:17:41,605 [Listener at 127.0.0.1/34739] INFO  util.JmxRegister (JmxRegister.java:unregister(73)) - Successfully un-registered JMX Bean with object name Ratis:service=RaftServer,group=group-332B05DCA4EF,id=8a5e4c45-c5e6-427a-ba70-61ac25cd6fb3
2020-07-20 01:17:41,605 [Listener at 127.0.0.1/34739] INFO  impl.RoleInfo (RoleInfo.java:shutdownFollowerState(121)) - 8a5e4c45-c5e6-427a-ba70-61ac25cd6fb3: shutdown FollowerState
2020-07-20 01:17:41,605 [Thread-611] INFO  impl.FollowerState (FollowerState.java:run(117)) - 8a5e4c45-c5e6-427a-ba70-61ac25cd6fb3@group-332B05DCA4EF-FollowerState was interrupted: java.lang.InterruptedException: sleep interrupted
2020-07-20 01:17:41,606 [Listener at 127.0.0.1/34739] INFO  impl.StateMachineUpdater (StateMachineUpdater.java:stopAndJoin(142)) - 8a5e4c45-c5e6-427a-ba70-61ac25cd6fb3@group-332B05DCA4EF-StateMachineUpdater: set stopIndex = 6
2020-07-20 01:17:41,606 [8a5e4c45-c5e6-427a-ba70-61ac25cd6fb3@group-332B05DCA4EF-StateMachineUpdater] INFO  ratis.ContainerStateMachine (ContainerStateMachine.java:takeSnapshot(293)) - group-332B05DCA4EF: Taking a snapshot at:(t:1, i:6) file /github/workspace/mnt/ozone/hadoop-ozone/integration-test/target/test-dir/MiniOzoneClusterImpl-2e7463a0-386a-4864-a70a-9a5d00050037/datanode-0/data/ratis/6c03a006-704d-463b-bcf7-332b05dca4ef/sm/snapshot.1_6
2020-07-20 01:17:41,607 [8a5e4c45-c5e6-427a-ba70-61ac25cd6fb3@group-332B05DCA4EF-StateMachineUpdater] INFO  ratis.ContainerStateMachine (ContainerStateMachine.java:takeSnapshot(304)) - group-332B05DCA4EF: Finished taking a snapshot at:(t:1, i:6) file:/github/workspace/mnt/ozone/hadoop-ozone/integration-test/target/test-dir/MiniOzoneClusterImpl-2e7463a0-386a-4864-a70a-9a5d00050037/datanode-0/data/ratis/6c03a006-704d-463b-bcf7-332b05dca4ef/sm/snapshot.1_6 time:1
2020-07-20 01:17:41,607 [8a5e4c45-c5e6-427a-ba70-61ac25cd6fb3@group-332B05DCA4EF-StateMachineUpdater] INFO  impl.StateMachineUpdater (StateMachineUpdater.java:takeSnapshot(277)) - 8a5e4c45-c5e6-427a-ba70-61ac25cd6fb3@group-332B05DCA4EF-StateMachineUpdater: Took a snapshot at index 6
2020-07-20 01:17:41,608 [8a5e4c45-c5e6-427a-ba70-61ac25cd6fb3@group-332B05DCA4EF-StateMachineUpdater] INFO  impl.StateMachineUpdater (StateMachineUpdater.java:lambda$new$0(87)) - 8a5e4c45-c5e6-427a-ba70-61ac25cd6fb3@group-332B05DCA4EF-StateMachineUpdater: snapshotIndex: updateIncreasingly -1 -> 6
2020-07-20 01:17:41,608 [8a5e4c45-c5e6-427a-ba70-61ac25cd6fb3@group-332B05DCA4EF-StateMachineUpdater] INFO  metrics.RatisMetrics (RatisMetrics.java:unregister(43)) - Unregistering Metrics Registry : ratis.state_machine.8a5e4c45-c5e6-427a-ba70-61ac25cd6fb3@group-332B05DCA4EF
2020-07-20 01:17:41,608 [Listener at 127.0.0.1/34739] INFO  impl.RaftServerImpl (ServerState.java:close(387)) - 8a5e4c45-c5e6-427a-ba70-61ac25cd6fb3@group-332B05DCA4EF: closes. applyIndex: 6
2020-07-20 01:17:41,608 [8a5e4c45-c5e6-427a-ba70-61ac25cd6fb3@group-332B05DCA4EF-SegmentedRaftLogWorker] INFO  segmented.SegmentedRaftLogWorker (SegmentedRaftLogWorker.java:run(327)) - 8a5e4c45-c5e6-427a-ba70-61ac25cd6fb3@group-332B05DCA4EF-SegmentedRaftLogWorker was interrupted, exiting. There are 0 tasks remaining in the queue.
2020-07-20 01:17:41,609 [Listener at 127.0.0.1/34739] INFO  segmented.SegmentedRaftLogWorker (SegmentedRaftLogWorker.java:close(234)) - 8a5e4c45-c5e6-427a-ba70-61ac25cd6fb3@group-332B05DCA4EF-SegmentedRaftLogWorker close()
2020-07-20 01:17:41,610 [Listener at 127.0.0.1/34739] INFO  metrics.RatisMetrics (RatisMetrics.java:unregister(43)) - Unregistering Metrics Registry : ratis.log_worker.8a5e4c45-c5e6-427a-ba70-61ac25cd6fb3@group-332B05DCA4EF
2020-07-20 01:17:41,611 [Listener at 127.0.0.1/34739] INFO  metrics.RatisMetrics (RatisMetrics.java:unregister(43)) - Unregistering Metrics Registry : ratis.leader_election.8a5e4c45-c5e6-427a-ba70-61ac25cd6fb3@group-332B05DCA4EF
2020-07-20 01:17:41,611 [Listener at 127.0.0.1/34739] INFO  metrics.RatisMetrics (RatisMetrics.java:unregister(43)) - Unregistering Metrics Registry : ratis.server.8a5e4c45-c5e6-427a-ba70-61ac25cd6fb3@group-332B05DCA4EF
2020-07-20 01:17:41,611 [Listener at 127.0.0.1/34739] INFO  server.GrpcService (GrpcService.java:closeImpl(166)) - 8a5e4c45-c5e6-427a-ba70-61ac25cd6fb3: shutdown server with port 39605 now
2020-07-20 01:17:41,617 [Listener at 127.0.0.1/34739] INFO  server.GrpcService (GrpcService.java:closeImpl(174)) - 8a5e4c45-c5e6-427a-ba70-61ac25cd6fb3: shutdown server with port 39605 successfully
2020-07-20 01:17:41,618 [grpc-default-executor-0] WARN  server.GrpcServerProtocolService (LogUtils.java:warn(122)) - 8a5e4c45-c5e6-427a-ba70-61ac25cd6fb3: installSnapshot onError, lastRequest: 7d127ae0-d954-4615-95cd-077b23f6b81f->8a5e4c45-c5e6-427a-ba70-61ac25cd6fb3#7-t1, previous=(t:1, i:5), leaderCommit=3, initializing? false, entries: size=1, first=(t:1, i:6), METADATAENTRY(c:3): org.apache.ratis.thirdparty.io.grpc.StatusRuntimeException: CANCELLED: cancelled before receiving half close
2020-07-20 01:17:41,619 [grpc-default-executor-2] WARN  server.GrpcLogAppender (LogUtils.java:warn(122)) - 7d127ae0-d954-4615-95cd-077b23f6b81f@group-332B05DCA4EF->8a5e4c45-c5e6-427a-ba70-61ac25cd6fb3-AppendLogResponseHandler: Failed appendEntries: org.apache.ratis.thirdparty.io.grpc.StatusRuntimeException: CANCELLED: HTTP/2 error code: CANCEL
Received Rst Stream
2020-07-20 01:17:41,621 [grpc-default-executor-2] INFO  impl.FollowerInfo (FollowerInfo.java:lambda$new$0(51)) - 7d127ae0-d954-4615-95cd-077b23f6b81f@group-332B05DCA4EF->8a5e4c45-c5e6-427a-ba70-61ac25cd6fb3: nextIndex: updateUnconditionally 7 -> 6
2020-07-20 01:17:41,622 [Listener at 127.0.0.1/34739] INFO  utils.BackgroundService (BackgroundService.java:shutdown(157)) - Shutting down service BlockDeletingService
2020-07-20 01:17:41,624 [Listener at 127.0.0.1/34739] INFO  statemachine.DatanodeStateMachine (DatanodeStateMachine.java:stopDaemon(428)) - Ozone container server stopped.
2020-07-20 01:17:41,630 [Listener at 127.0.0.1/34739] INFO  handler.ContextHandler (ContextHandler.java:doStop(1016)) - Stopped o.e.j.w.WebAppContext@71aedd1e{hddsDatanode,/,null,UNAVAILABLE}{jar:file:/home/user/.m2/repository/org/apache/hadoop/hadoop-hdds-container-service/0.6.0-SNAPSHOT/hadoop-hdds-container-service-0.6.0-SNAPSHOT.jar!/webapps/hddsDatanode}
2020-07-20 01:17:41,631 [Listener at 127.0.0.1/34739] INFO  server.AbstractConnector (AbstractConnector.java:doStop(380)) - Stopped ServerConnector@4c4ecfa4{HTTP/1.1,[http/1.1]}{0.0.0.0:0}
2020-07-20 01:17:41,631 [Listener at 127.0.0.1/34739] INFO  server.session (HouseKeeper.java:stopScavenging(158)) - node0 Stopped scavenging
2020-07-20 01:17:41,632 [Listener at 127.0.0.1/34739] INFO  handler.ContextHandler (ContextHandler.java:doStop(1016)) - Stopped o.e.j.s.ServletContextHandler@292243fd{static,/static,jar:file:/home/user/.m2/repository/org/apache/hadoop/hadoop-hdds-container-service/0.6.0-SNAPSHOT/hadoop-hdds-container-service-0.6.0-SNAPSHOT.jar!/webapps/static,UNAVAILABLE}
2020-07-20 01:17:41,632 [Listener at 127.0.0.1/34739] INFO  handler.ContextHandler (ContextHandler.java:doStop(1016)) - Stopped o.e.j.s.ServletContextHandler@3e54ca3d{logs,/logs,file:///github/workspace/mnt/ozone/hadoop-ozone/integration-test/target/log,UNAVAILABLE}
2020-07-20 01:17:42,548 [Datanode State Machine Thread - 0] INFO  statemachine.DatanodeStateMachine (DatanodeStateMachine.java:lambda$startDaemon$0(380)) - Ozone container server started.
2020-07-20 01:17:44,023 [grpc-default-executor-0] WARN  server.GrpcLogAppender (LogUtils.java:warn(122)) - 7d127ae0-d954-4615-95cd-077b23f6b81f@group-332B05DCA4EF->8a5e4c45-c5e6-427a-ba70-61ac25cd6fb3-AppendLogResponseHandler: Failed appendEntries: org.apache.ratis.thirdparty.io.grpc.StatusRuntimeException: UNAVAILABLE: io exception
2020-07-20 01:17:44,024 [grpc-default-executor-0] INFO  impl.FollowerInfo (FollowerInfo.java:lambda$new$0(51)) - 7d127ae0-d954-4615-95cd-077b23f6b81f@group-332B05DCA4EF->8a5e4c45-c5e6-427a-ba70-61ac25cd6fb3: nextIndex: updateUnconditionally 7 -> 6
2020-07-20 01:17:46,563 [grpc-default-executor-2] WARN  server.GrpcLogAppender (LogUtils.java:warn(122)) - 7d127ae0-d954-4615-95cd-077b23f6b81f@group-332B05DCA4EF->8a5e4c45-c5e6-427a-ba70-61ac25cd6fb3-AppendLogResponseHandler: Failed appendEntries: org.apache.ratis.thirdparty.io.grpc.StatusRuntimeException: UNAVAILABLE: io exception
2020-07-20 01:17:46,566 [grpc-default-executor-2] INFO  impl.FollowerInfo (FollowerInfo.java:lambda$new$0(51)) - 7d127ae0-d954-4615-95cd-077b23f6b81f@group-332B05DCA4EF->8a5e4c45-c5e6-427a-ba70-61ac25cd6fb3: nextIndex: updateUnconditionally 7 -> 6
2020-07-20 01:17:46,633 [Listener at 127.0.0.1/34739] INFO  ozoneimpl.OzoneContainer (OzoneContainer.java:stop(247)) - Attempting to stop container services.
2020-07-20 01:17:46,634 [Listener at 127.0.0.1/34739] INFO  impl.RaftServerProxy (RaftServerProxy.java:lambda$close$4(319)) - a59d5cbb-6a4e-4b6f-8de9-1f6c3e59f3ac: close
2020-07-20 01:17:46,634 [Listener at 127.0.0.1/34739] INFO  impl.RaftServerImpl (RaftServerImpl.java:lambda$shutdown$3(252)) - a59d5cbb-6a4e-4b6f-8de9-1f6c3e59f3ac@group-B8C9414F6306: shutdown
2020-07-20 01:17:46,634 [ForkJoinPool.commonPool-worker-1] INFO  impl.RaftServerImpl (RaftServerImpl.java:lambda$shutdown$3(252)) - a59d5cbb-6a4e-4b6f-8de9-1f6c3e59f3ac@group-332B05DCA4EF: shutdown
2020-07-20 01:17:46,634 [Listener at 127.0.0.1/34739] INFO  util.JmxRegister (JmxRegister.java:unregister(73)) - Successfully un-registered JMX Bean with object name Ratis:service=RaftServer,group=group-B8C9414F6306,id=a59d5cbb-6a4e-4b6f-8de9-1f6c3e59f3ac
2020-07-20 01:17:46,634 [Listener at 127.0.0.1/34739] INFO  impl.RoleInfo (RoleInfo.java:shutdownLeaderState(104)) - a59d5cbb-6a4e-4b6f-8de9-1f6c3e59f3ac: shutdown LeaderState
2020-07-20 01:17:46,634 [ForkJoinPool.commonPool-worker-1] INFO  util.JmxRegister (JmxRegister.java:unregister(73)) - Successfully un-registered JMX Bean with object name Ratis:service=RaftServer,group=group-332B05DCA4EF,id=a59d5cbb-6a4e-4b6f-8de9-1f6c3e59f3ac
2020-07-20 01:17:46,634 [ForkJoinPool.commonPool-worker-1] INFO  impl.RoleInfo (RoleInfo.java:shutdownFollowerState(121)) - a59d5cbb-6a4e-4b6f-8de9-1f6c3e59f3ac: shutdown FollowerState
2020-07-20 01:17:46,635 [Thread-581] INFO  impl.FollowerState (FollowerState.java:run(117)) - a59d5cbb-6a4e-4b6f-8de9-1f6c3e59f3ac@group-332B05DCA4EF-FollowerState was interrupted: java.lang.InterruptedException: sleep interrupted
2020-07-20 01:17:46,634 [Listener at 127.0.0.1/34739] INFO  impl.PendingRequests (PendingRequests.java:sendNotLeaderResponses(249)) - a59d5cbb-6a4e-4b6f-8de9-1f6c3e59f3ac@group-B8C9414F6306-PendingRequests: sendNotLeaderResponses
2020-07-20 01:17:46,635 [ForkJoinPool.commonPool-worker-1] INFO  impl.StateMachineUpdater (StateMachineUpdater.java:stopAndJoin(142)) - a59d5cbb-6a4e-4b6f-8de9-1f6c3e59f3ac@group-332B05DCA4EF-StateMachineUpdater: set stopIndex = 6
2020-07-20 01:17:46,635 [a59d5cbb-6a4e-4b6f-8de9-1f6c3e59f3ac@group-332B05DCA4EF-StateMachineUpdater] INFO  ratis.ContainerStateMachine (ContainerStateMachine.java:takeSnapshot(293)) - group-332B05DCA4EF: Taking a snapshot at:(t:1, i:6) file /github/workspace/mnt/ozone/hadoop-ozone/integration-test/target/test-dir/MiniOzoneClusterImpl-2e7463a0-386a-4864-a70a-9a5d00050037/datanode-1/data/ratis/6c03a006-704d-463b-bcf7-332b05dca4ef/sm/snapshot.1_6
2020-07-20 01:17:46,635 [Listener at 127.0.0.1/34739] INFO  metrics.RatisMetrics (RatisMetrics.java:unregister(43)) - Unregistering Metrics Registry : ratis.log_appender.a59d5cbb-6a4e-4b6f-8de9-1f6c3e59f3ac@group-B8C9414F6306
2020-07-20 01:17:46,636 [Listener at 127.0.0.1/34739] INFO  metrics.RatisMetrics (RatisMetrics.java:unregister(43)) - Unregistering Metrics Registry : ratis.server.a59d5cbb-6a4e-4b6f-8de9-1f6c3e59f3ac@group-B8C9414F6306
2020-07-20 01:17:46,636 [a59d5cbb-6a4e-4b6f-8de9-1f6c3e59f3ac@group-332B05DCA4EF-StateMachineUpdater] INFO  ratis.ContainerStateMachine (ContainerStateMachine.java:takeSnapshot(304)) - group-332B05DCA4EF: Finished taking a snapshot at:(t:1, i:6) file:/github/workspace/mnt/ozone/hadoop-ozone/integration-test/target/test-dir/MiniOzoneClusterImpl-2e7463a0-386a-4864-a70a-9a5d00050037/datanode-1/data/ratis/6c03a006-704d-463b-bcf7-332b05dca4ef/sm/snapshot.1_6 time:2
2020-07-20 01:17:46,637 [a59d5cbb-6a4e-4b6f-8de9-1f6c3e59f3ac@group-B8C9414F6306-StateMachineUpdater] INFO  ratis.ContainerStateMachine (ContainerStateMachine.java:takeSnapshot(293)) - group-B8C9414F6306: Taking a snapshot at:(t:1, i:0) file /github/workspace/mnt/ozone/hadoop-ozone/integration-test/target/test-dir/MiniOzoneClusterImpl-2e7463a0-386a-4864-a70a-9a5d00050037/datanode-1/data/ratis/ec832c96-3d5e-47aa-be76-b8c9414f6306/sm/snapshot.1_0
2020-07-20 01:17:46,637 [a59d5cbb-6a4e-4b6f-8de9-1f6c3e59f3ac@group-332B05DCA4EF-StateMachineUpdater] INFO  impl.StateMachineUpdater (StateMachineUpdater.java:takeSnapshot(277)) - a59d5cbb-6a4e-4b6f-8de9-1f6c3e59f3ac@group-332B05DCA4EF-StateMachineUpdater: Took a snapshot at index 6
2020-07-20 01:17:46,637 [a59d5cbb-6a4e-4b6f-8de9-1f6c3e59f3ac@group-332B05DCA4EF-StateMachineUpdater] INFO  impl.StateMachineUpdater (StateMachineUpdater.java:lambda$new$0(87)) - a59d5cbb-6a4e-4b6f-8de9-1f6c3e59f3ac@group-332B05DCA4EF-StateMachineUpdater: snapshotIndex: updateIncreasingly -1 -> 6
2020-07-20 01:17:46,637 [a59d5cbb-6a4e-4b6f-8de9-1f6c3e59f3ac@group-332B05DCA4EF-StateMachineUpdater] INFO  metrics.RatisMetrics (RatisMetrics.java:unregister(43)) - Unregistering Metrics Registry : ratis.state_machine.a59d5cbb-6a4e-4b6f-8de9-1f6c3e59f3ac@group-332B05DCA4EF
2020-07-20 01:17:46,637 [a59d5cbb-6a4e-4b6f-8de9-1f6c3e59f3ac@group-B8C9414F6306-StateMachineUpdater] INFO  ratis.ContainerStateMachine (ContainerStateMachine.java:takeSnapshot(304)) - group-B8C9414F6306: Finished taking a snapshot at:(t:1, i:0) file:/github/workspace/mnt/ozone/hadoop-ozone/integration-test/target/test-dir/MiniOzoneClusterImpl-2e7463a0-386a-4864-a70a-9a5d00050037/datanode-1/data/ratis/ec832c96-3d5e-47aa-be76-b8c9414f6306/sm/snapshot.1_0 time:1
2020-07-20 01:17:46,637 [ForkJoinPool.commonPool-worker-1] INFO  impl.RaftServerImpl (ServerState.java:close(387)) - a59d5cbb-6a4e-4b6f-8de9-1f6c3e59f3ac@group-332B05DCA4EF: closes. applyIndex: 6
2020-07-20 01:17:46,637 [a59d5cbb-6a4e-4b6f-8de9-1f6c3e59f3ac@group-B8C9414F6306-StateMachineUpdater] INFO  impl.StateMachineUpdater (StateMachineUpdater.java:takeSnapshot(277)) - a59d5cbb-6a4e-4b6f-8de9-1f6c3e59f3ac@group-B8C9414F6306-StateMachineUpdater: Took a snapshot at index 0
2020-07-20 01:17:46,637 [a59d5cbb-6a4e-4b6f-8de9-1f6c3e59f3ac@group-B8C9414F6306-StateMachineUpdater] INFO  impl.StateMachineUpdater (StateMachineUpdater.java:lambda$new$0(87)) - a59d5cbb-6a4e-4b6f-8de9-1f6c3e59f3ac@group-B8C9414F6306-StateMachineUpdater: snapshotIndex: updateIncreasingly -1 -> 0
2020-07-20 01:17:46,637 [a59d5cbb-6a4e-4b6f-8de9-1f6c3e59f3ac@group-332B05DCA4EF-SegmentedRaftLogWorker] INFO  segmented.SegmentedRaftLogWorker (SegmentedRaftLogWorker.java:run(327)) - a59d5cbb-6a4e-4b6f-8de9-1f6c3e59f3ac@group-332B05DCA4EF-SegmentedRaftLogWorker was interrupted, exiting. There are 0 tasks remaining in the queue.
2020-07-20 01:17:46,638 [a59d5cbb-6a4e-4b6f-8de9-1f6c3e59f3ac@group-B8C9414F6306-StateMachineUpdater] INFO  metrics.RatisMetrics (RatisMetrics.java:unregister(43)) - Unregistering Metrics Registry : ratis.state_machine.a59d5cbb-6a4e-4b6f-8de9-1f6c3e59f3ac@group-B8C9414F6306
2020-07-20 01:17:46,637 [Listener at 127.0.0.1/34739] INFO  impl.StateMachineUpdater (StateMachineUpdater.java:stopAndJoin(142)) - a59d5cbb-6a4e-4b6f-8de9-1f6c3e59f3ac@group-B8C9414F6306-StateMachineUpdater: set stopIndex = 0
2020-07-20 01:17:46,639 [Listener at 127.0.0.1/34739] INFO  impl.RaftServerImpl (ServerState.java:close(387)) - a59d5cbb-6a4e-4b6f-8de9-1f6c3e59f3ac@group-B8C9414F6306: closes. applyIndex: 0
2020-07-20 01:17:46,639 [ForkJoinPool.commonPool-worker-1] INFO  segmented.SegmentedRaftLogWorker (SegmentedRaftLogWorker.java:close(234)) - a59d5cbb-6a4e-4b6f-8de9-1f6c3e59f3ac@group-332B05DCA4EF-SegmentedRaftLogWorker close()
2020-07-20 01:17:46,639 [a59d5cbb-6a4e-4b6f-8de9-1f6c3e59f3ac@group-B8C9414F6306-SegmentedRaftLogWorker] INFO  segmented.SegmentedRaftLogWorker (SegmentedRaftLogWorker.java:run(327)) - a59d5cbb-6a4e-4b6f-8de9-1f6c3e59f3ac@group-B8C9414F6306-SegmentedRaftLogWorker was interrupted, exiting. There are 0 tasks remaining in the queue.
2020-07-20 01:17:46,641 [Listener at 127.0.0.1/34739] INFO  segmented.SegmentedRaftLogWorker (SegmentedRaftLogWorker.java:close(234)) - a59d5cbb-6a4e-4b6f-8de9-1f6c3e59f3ac@group-B8C9414F6306-SegmentedRaftLogWorker close()
2020-07-20 01:17:46,646 [Listener at 127.0.0.1/34739] INFO  metrics.RatisMetrics (RatisMetrics.java:unregister(43)) - Unregistering Metrics Registry : ratis.log_worker.a59d5cbb-6a4e-4b6f-8de9-1f6c3e59f3ac@group-B8C9414F6306
2020-07-20 01:17:46,646 [Listener at 127.0.0.1/34739] INFO  metrics.RatisMetrics (RatisMetrics.java:unregister(43)) - Unregistering Metrics Registry : ratis.leader_election.a59d5cbb-6a4e-4b6f-8de9-1f6c3e59f3ac@group-B8C9414F6306
2020-07-20 01:17:46,646 [Listener at 127.0.0.1/34739] INFO  metrics.RatisMetrics (RatisMetrics.java:unregister(43)) - Unregistering Metrics Registry : ratis.server.a59d5cbb-6a4e-4b6f-8de9-1f6c3e59f3ac@group-B8C9414F6306
2020-07-20 01:17:46,647 [ForkJoinPool.commonPool-worker-1] INFO  metrics.RatisMetrics (RatisMetrics.java:unregister(43)) - Unregistering Metrics Registry : ratis.log_worker.a59d5cbb-6a4e-4b6f-8de9-1f6c3e59f3ac@group-332B05DCA4EF
2020-07-20 01:17:46,647 [ForkJoinPool.commonPool-worker-1] INFO  metrics.RatisMetrics (RatisMetrics.java:unregister(43)) - Unregistering Metrics Registry : ratis.leader_election.a59d5cbb-6a4e-4b6f-8de9-1f6c3e59f3ac@group-332B05DCA4EF
2020-07-20 01:17:46,647 [ForkJoinPool.commonPool-worker-1] INFO  metrics.RatisMetrics (RatisMetrics.java:unregister(43)) - Unregistering Metrics Registry : ratis.server.a59d5cbb-6a4e-4b6f-8de9-1f6c3e59f3ac@group-332B05DCA4EF
2020-07-20 01:17:46,647 [Listener at 127.0.0.1/34739] INFO  server.GrpcService (GrpcService.java:closeImpl(166)) - a59d5cbb-6a4e-4b6f-8de9-1f6c3e59f3ac: shutdown server with port 39811 now
2020-07-20 01:17:46,649 [grpc-default-executor-0] WARN  server.GrpcServerProtocolService (LogUtils.java:warn(122)) - a59d5cbb-6a4e-4b6f-8de9-1f6c3e59f3ac: installSnapshot onError, lastRequest: 7d127ae0-d954-4615-95cd-077b23f6b81f->a59d5cbb-6a4e-4b6f-8de9-1f6c3e59f3ac#8-t1, previous=(t:1, i:5), leaderCommit=3, initializing? false, entries: size=1, first=(t:1, i:6), METADATAENTRY(c:3): org.apache.ratis.thirdparty.io.grpc.StatusRuntimeException: CANCELLED: cancelled before receiving half close
2020-07-20 01:17:46,649 [Listener at 127.0.0.1/34739] INFO  server.GrpcService (GrpcService.java:closeImpl(174)) - a59d5cbb-6a4e-4b6f-8de9-1f6c3e59f3ac: shutdown server with port 39811 successfully
2020-07-20 01:17:46,649 [grpc-default-executor-1] WARN  server.GrpcLogAppender (LogUtils.java:warn(122)) - 7d127ae0-d954-4615-95cd-077b23f6b81f@group-332B05DCA4EF->a59d5cbb-6a4e-4b6f-8de9-1f6c3e59f3ac-AppendLogResponseHandler: Failed appendEntries: org.apache.ratis.thirdparty.io.grpc.StatusRuntimeException: CANCELLED: HTTP/2 error code: CANCEL
Received Rst Stream
2020-07-20 01:17:46,654 [Listener at 127.0.0.1/34739] INFO  utils.BackgroundService (BackgroundService.java:shutdown(157)) - Shutting down service BlockDeletingService
2020-07-20 01:17:46,658 [grpc-default-executor-1] INFO  impl.FollowerInfo (FollowerInfo.java:lambda$new$0(51)) - 7d127ae0-d954-4615-95cd-077b23f6b81f@group-332B05DCA4EF->a59d5cbb-6a4e-4b6f-8de9-1f6c3e59f3ac: nextIndex: updateUnconditionally 7 -> 6
2020-07-20 01:17:46,659 [Listener at 127.0.0.1/34739] INFO  statemachine.DatanodeStateMachine (DatanodeStateMachine.java:stopDaemon(428)) - Ozone container server stopped.
2020-07-20 01:17:46,666 [Listener at 127.0.0.1/34739] INFO  handler.ContextHandler (ContextHandler.java:doStop(1016)) - Stopped o.e.j.w.WebAppContext@38a65021{hddsDatanode,/,null,UNAVAILABLE}{jar:file:/home/user/.m2/repository/org/apache/hadoop/hadoop-hdds-container-service/0.6.0-SNAPSHOT/hadoop-hdds-container-service-0.6.0-SNAPSHOT.jar!/webapps/hddsDatanode}
2020-07-20 01:17:46,667 [Listener at 127.0.0.1/34739] INFO  server.AbstractConnector (AbstractConnector.java:doStop(380)) - Stopped ServerConnector@3229e984{HTTP/1.1,[http/1.1]}{0.0.0.0:0}
2020-07-20 01:17:46,667 [Listener at 127.0.0.1/34739] INFO  server.session (HouseKeeper.java:stopScavenging(158)) - node0 Stopped scavenging
2020-07-20 01:17:46,667 [Listener at 127.0.0.1/34739] INFO  handler.ContextHandler (ContextHandler.java:doStop(1016)) - Stopped o.e.j.s.ServletContextHandler@1ae089a3{static,/static,jar:file:/home/user/.m2/repository/org/apache/hadoop/hadoop-hdds-container-service/0.6.0-SNAPSHOT/hadoop-hdds-container-service-0.6.0-SNAPSHOT.jar!/webapps/static,UNAVAILABLE}
2020-07-20 01:17:46,667 [Listener at 127.0.0.1/34739] INFO  handler.ContextHandler (ContextHandler.java:doStop(1016)) - Stopped o.e.j.s.ServletContextHandler@384c9720{logs,/logs,file:///github/workspace/mnt/ozone/hadoop-ozone/integration-test/target/log,UNAVAILABLE}
2020-07-20 01:17:49,063 [grpc-default-executor-2] WARN  server.GrpcLogAppender (LogUtils.java:warn(122)) - 7d127ae0-d954-4615-95cd-077b23f6b81f@group-332B05DCA4EF->8a5e4c45-c5e6-427a-ba70-61ac25cd6fb3-AppendLogResponseHandler: Failed appendEntries: org.apache.ratis.thirdparty.io.grpc.StatusRuntimeException: UNAVAILABLE: io exception
2020-07-20 01:17:49,067 [grpc-default-executor-2] INFO  impl.FollowerInfo (FollowerInfo.java:lambda$new$0(51)) - 7d127ae0-d954-4615-95cd-077b23f6b81f@group-332B05DCA4EF->8a5e4c45-c5e6-427a-ba70-61ac25cd6fb3: nextIndex: updateUnconditionally 7 -> 6
2020-07-20 01:17:49,107 [grpc-default-executor-1] WARN  server.GrpcLogAppender (LogUtils.java:warn(122)) - 7d127ae0-d954-4615-95cd-077b23f6b81f@group-332B05DCA4EF->a59d5cbb-6a4e-4b6f-8de9-1f6c3e59f3ac-AppendLogResponseHandler: Failed appendEntries: org.apache.ratis.thirdparty.io.grpc.StatusRuntimeException: UNAVAILABLE: io exception
2020-07-20 01:17:49,113 [grpc-default-executor-1] INFO  impl.FollowerInfo (FollowerInfo.java:lambda$new$0(51)) - 7d127ae0-d954-4615-95cd-077b23f6b81f@group-332B05DCA4EF->a59d5cbb-6a4e-4b6f-8de9-1f6c3e59f3ac: nextIndex: updateUnconditionally 7 -> 6
2020-07-20 01:17:49,676 [Listener at 127.0.0.1/34739] WARN  scm.XceiverClientRatis (XceiverClientRatis.java:watchForCommit(265)) - 3 way commit failed on pipeline Pipeline[ Id: 6c03a006-704d-463b-bcf7-332b05dca4ef, Nodes: 8a5e4c45-c5e6-427a-ba70-61ac25cd6fb3{ip: 172.17.0.2, host: 9ffb5d2b249d, networkLocation: /default-rack, certSerialId: null}a59d5cbb-6a4e-4b6f-8de9-1f6c3e59f3ac{ip: 172.17.0.2, host: 9ffb5d2b249d, networkLocation: /default-rack, certSerialId: null}7d127ae0-d954-4615-95cd-077b23f6b81f{ip: 172.17.0.2, host: 9ffb5d2b249d, networkLocation: /default-rack, certSerialId: null}, Type:RATIS, Factor:THREE, State:OPEN, leaderId:7d127ae0-d954-4615-95cd-077b23f6b81f, CreationTimestamp2020-07-20T01:17:27.774Z]
java.util.concurrent.ExecutionException: org.apache.ratis.protocol.TimeoutIOException: Request #25 timeout 3000ms
	at java.util.concurrent.CompletableFuture.reportGet(CompletableFuture.java:357)
	at java.util.concurrent.CompletableFuture.get(CompletableFuture.java:1908)
	at org.apache.hadoop.hdds.scm.XceiverClientRatis.watchForCommit(XceiverClientRatis.java:262)
	at org.apache.hadoop.hdds.scm.storage.CommitWatcher.watchForCommit(CommitWatcher.java:190)
	at org.apache.hadoop.ozone.client.rpc.TestCommitWatcher.testReleaseBuffersOnException(TestCommitWatcher.java:312)
	at sun.reflect.NativeMethodAccessorImpl.invoke0(Native Method)
	at sun.reflect.NativeMethodAccessorImpl.invoke(NativeMethodAccessorImpl.java:62)
	at sun.reflect.DelegatingMethodAccessorImpl.invoke(DelegatingMethodAccessorImpl.java:43)
	at java.lang.reflect.Method.invoke(Method.java:498)
	at org.junit.runners.model.FrameworkMethod$1.runReflectiveCall(FrameworkMethod.java:47)
	at org.junit.internal.runners.model.ReflectiveCallable.run(ReflectiveCallable.java:12)
	at org.junit.runners.model.FrameworkMethod.invokeExplosively(FrameworkMethod.java:44)
	at org.junit.internal.runners.statements.InvokeMethod.evaluate(InvokeMethod.java:17)
	at org.junit.internal.runners.statements.RunBefores.evaluate(RunBefores.java:26)
	at org.junit.internal.runners.statements.RunAfters.evaluate(RunAfters.java:27)
	at org.junit.internal.runners.statements.FailOnTimeout$StatementThread.run(FailOnTimeout.java:74)
Caused by: org.apache.ratis.protocol.TimeoutIOException: Request #25 timeout 3000ms
	at org.apache.ratis.grpc.client.GrpcClientProtocolClient$AsyncStreamObservers.lambda$timeoutCheck$5(GrpcClientProtocolClient.java:337)
	at java.util.Optional.ifPresent(Optional.java:159)
	at org.apache.ratis.grpc.client.GrpcClientProtocolClient$AsyncStreamObservers.handleReplyFuture(GrpcClientProtocolClient.java:342)
	at org.apache.ratis.grpc.client.GrpcClientProtocolClient$AsyncStreamObservers.timeoutCheck(GrpcClientProtocolClient.java:337)
	at org.apache.ratis.grpc.client.GrpcClientProtocolClient$AsyncStreamObservers.lambda$onNext$1(GrpcClientProtocolClient.java:326)
	at org.apache.ratis.util.TimeoutScheduler.lambda$onTimeout$0(TimeoutScheduler.java:141)
	at org.apache.ratis.util.TimeoutScheduler.lambda$onTimeout$1(TimeoutScheduler.java:155)
	at org.apache.ratis.util.LogUtils.runAndLog(LogUtils.java:38)
	at org.apache.ratis.util.LogUtils$1.run(LogUtils.java:79)
	at java.util.concurrent.Executors$RunnableAdapter.call(Executors.java:511)
	at java.util.concurrent.FutureTask.run(FutureTask.java:266)
	at java.util.concurrent.ScheduledThreadPoolExecutor$ScheduledFutureTask.access$201(ScheduledThreadPoolExecutor.java:180)
	at java.util.concurrent.ScheduledThreadPoolExecutor$ScheduledFutureTask.run(ScheduledThreadPoolExecutor.java:293)
	at java.util.concurrent.ThreadPoolExecutor.runWorker(ThreadPoolExecutor.java:1149)
	at java.util.concurrent.ThreadPoolExecutor$Worker.run(ThreadPoolExecutor.java:624)
	at java.lang.Thread.run(Thread.java:748)
2020-07-20 01:17:50,149 [Thread-689] INFO  client.GrpcClientProtocolService (GrpcClientProtocolService.java:lambda$processClientRequest$0(283)) - Failed RaftClientRequest:client-D1346DF37EDE->7d127ae0-d954-4615-95cd-077b23f6b81f@group-332B05DCA4EF, cid=25, seq=0, Watch-ALL_COMMITTED(104), Message:<EMPTY>, reply=RaftClientReply:client-D1346DF37EDE->7d127ae0-d954-4615-95cd-077b23f6b81f@group-332B05DCA4EF, cid=25, FAILED org.apache.ratis.protocol.NotReplicatedException: Request with call Id 25 and log index 104 is not yet replicated to ALL_COMMITTED, logIndex=104, commits[7d127ae0-d954-4615-95cd-077b23f6b81f:c6, 8a5e4c45-c5e6-427a-ba70-61ac25cd6fb3:c6, a59d5cbb-6a4e-4b6f-8de9-1f6c3e59f3ac:c6]
2020-07-20 01:17:51,566 [grpc-default-executor-2] WARN  server.GrpcLogAppender (LogUtils.java:warn(122)) - 7d127ae0-d954-4615-95cd-077b23f6b81f@group-332B05DCA4EF->8a5e4c45-c5e6-427a-ba70-61ac25cd6fb3-AppendLogResponseHandler: Failed appendEntries: org.apache.ratis.thirdparty.io.grpc.StatusRuntimeException: UNAVAILABLE: io exception
2020-07-20 01:17:51,570 [grpc-default-executor-2] INFO  impl.FollowerInfo (FollowerInfo.java:lambda$new$0(51)) - 7d127ae0-d954-4615-95cd-077b23f6b81f@group-332B05DCA4EF->8a5e4c45-c5e6-427a-ba70-61ac25cd6fb3: nextIndex: updateUnconditionally 7 -> 6
2020-07-20 01:17:51,608 [grpc-default-executor-1] WARN  server.GrpcLogAppender (LogUtils.java:warn(122)) - 7d127ae0-d954-4615-95cd-077b23f6b81f@group-332B05DCA4EF->a59d5cbb-6a4e-4b6f-8de9-1f6c3e59f3ac-AppendLogResponseHandler: Failed appendEntries: org.apache.ratis.thirdparty.io.grpc.StatusRuntimeException: UNAVAILABLE: io exception
2020-07-20 01:17:51,610 [grpc-default-executor-1] INFO  impl.FollowerInfo (FollowerInfo.java:lambda$new$0(51)) - 7d127ae0-d954-4615-95cd-077b23f6b81f@group-332B05DCA4EF->a59d5cbb-6a4e-4b6f-8de9-1f6c3e59f3ac: nextIndex: updateUnconditionally 7 -> 6
2020-07-20 01:17:52,678 [Listener at 127.0.0.1/34739] WARN  storage.CommitWatcher (CommitWatcher.java:getIOExceptionForWatchForCommit(209)) - watchForCommit failed for index 104
java.util.concurrent.ExecutionException: org.apache.ratis.protocol.TimeoutIOException: Request #26 timeout 3000ms
	at java.util.concurrent.CompletableFuture.reportGet(CompletableFuture.java:357)
	at java.util.concurrent.CompletableFuture.get(CompletableFuture.java:1908)
	at org.apache.hadoop.hdds.scm.XceiverClientRatis.watchForCommit(XceiverClientRatis.java:271)
	at org.apache.hadoop.hdds.scm.storage.CommitWatcher.watchForCommit(CommitWatcher.java:190)
	at org.apache.hadoop.ozone.client.rpc.TestCommitWatcher.testReleaseBuffersOnException(TestCommitWatcher.java:312)
	at sun.reflect.NativeMethodAccessorImpl.invoke0(Native Method)
	at sun.reflect.NativeMethodAccessorImpl.invoke(NativeMethodAccessorImpl.java:62)
	at sun.reflect.DelegatingMethodAccessorImpl.invoke(DelegatingMethodAccessorImpl.java:43)
	at java.lang.reflect.Method.invoke(Method.java:498)
	at org.junit.runners.model.FrameworkMethod$1.runReflectiveCall(FrameworkMethod.java:47)
	at org.junit.internal.runners.model.ReflectiveCallable.run(ReflectiveCallable.java:12)
	at org.junit.runners.model.FrameworkMethod.invokeExplosively(FrameworkMethod.java:44)
	at org.junit.internal.runners.statements.InvokeMethod.evaluate(InvokeMethod.java:17)
	at org.junit.internal.runners.statements.RunBefores.evaluate(RunBefores.java:26)
	at org.junit.internal.runners.statements.RunAfters.evaluate(RunAfters.java:27)
	at org.junit.internal.runners.statements.FailOnTimeout$StatementThread.run(FailOnTimeout.java:74)
Caused by: org.apache.ratis.protocol.TimeoutIOException: Request #26 timeout 3000ms
	at org.apache.ratis.grpc.client.GrpcClientProtocolClient$AsyncStreamObservers.lambda$timeoutCheck$5(GrpcClientProtocolClient.java:337)
	at java.util.Optional.ifPresent(Optional.java:159)
	at org.apache.ratis.grpc.client.GrpcClientProtocolClient$AsyncStreamObservers.handleReplyFuture(GrpcClientProtocolClient.java:342)
	at org.apache.ratis.grpc.client.GrpcClientProtocolClient$AsyncStreamObservers.timeoutCheck(GrpcClientProtocolClient.java:337)
	at org.apache.ratis.grpc.client.GrpcClientProtocolClient$AsyncStreamObservers.lambda$onNext$1(GrpcClientProtocolClient.java:326)
	at org.apache.ratis.util.TimeoutScheduler.lambda$onTimeout$0(TimeoutScheduler.java:141)
	at org.apache.ratis.util.TimeoutScheduler.lambda$onTimeout$1(TimeoutScheduler.java:155)
	at org.apache.ratis.util.LogUtils.runAndLog(LogUtils.java:38)
	at org.apache.ratis.util.LogUtils$1.run(LogUtils.java:79)
	at java.util.concurrent.Executors$RunnableAdapter.call(Executors.java:511)
	at java.util.concurrent.FutureTask.run(FutureTask.java:266)
	at java.util.concurrent.ScheduledThreadPoolExecutor$ScheduledFutureTask.access$201(ScheduledThreadPoolExecutor.java:180)
	at java.util.concurrent.ScheduledThreadPoolExecutor$ScheduledFutureTask.run(ScheduledThreadPoolExecutor.java:293)
	at java.util.concurrent.ThreadPoolExecutor.runWorker(ThreadPoolExecutor.java:1149)
	at java.util.concurrent.ThreadPoolExecutor$Worker.run(ThreadPoolExecutor.java:624)
	at java.lang.Thread.run(Thread.java:748)
2020-07-20 01:17:52,680 [Listener at 127.0.0.1/34739] INFO  ozone.MiniOzoneClusterImpl (MiniOzoneClusterImpl.java:shutdown(387)) - Shutting down the Mini Ozone Cluster
2020-07-20 01:17:52,680 [Listener at 127.0.0.1/34739] INFO  ozone.MiniOzoneClusterImpl (MiniOzoneClusterImpl.java:stop(402)) - Stopping the Mini Ozone Cluster
2020-07-20 01:17:52,680 [Listener at 127.0.0.1/34739] INFO  ozone.MiniOzoneClusterImpl (MiniOzoneClusterImpl.java:stopOM(484)) - Stopping the OzoneManager
2020-07-20 01:17:52,680 [Listener at 127.0.0.1/34739] INFO  ipc.Server (Server.java:stop(3359)) - Stopping server on 34739
2020-07-20 01:17:52,683 [IPC Server Responder] INFO  ipc.Server (Server.java:run(1465)) - Stopping IPC Server Responder
2020-07-20 01:17:52,683 [Listener at 127.0.0.1/34739] INFO  ratis.OzoneManagerDoubleBuffer (OzoneManagerDoubleBuffer.java:stop(458)) - Stopping OMDoubleBuffer flush thread
2020-07-20 01:17:52,685 [IPC Server listener on 0] INFO  ipc.Server (Server.java:run(1330)) - Stopping IPC Server listener on 0
2020-07-20 01:17:52,685 [OMDoubleBufferFlushThread] INFO  ratis.OzoneManagerDoubleBuffer (OzoneManagerDoubleBuffer.java:flushTransactions(357)) - OMDoubleBuffer flush thread OMDoubleBufferFlushThread is interrupted and will exit. OMDoubleBufferFlushThread
2020-07-20 01:17:52,687 [Listener at 127.0.0.1/34739] INFO  utils.BackgroundService (BackgroundService.java:shutdown(157)) - Shutting down service KeyDeletingService
2020-07-20 01:17:52,687 [Listener at 127.0.0.1/34739] INFO  handler.ContextHandler (ContextHandler.java:doStop(1016)) - Stopped o.e.j.w.WebAppContext@2db7de0e{ozoneManager,/,null,UNAVAILABLE}{file:/github/workspace/mnt/ozone/hadoop-ozone/integration-test/target/test-classes/webapps/ozoneManager}
2020-07-20 01:17:52,688 [Listener at 127.0.0.1/34739] INFO  server.AbstractConnector (AbstractConnector.java:doStop(380)) - Stopped ServerConnector@5408f4c{HTTP/1.1,[http/1.1]}{0.0.0.0:0}
2020-07-20 01:17:52,688 [Listener at 127.0.0.1/34739] INFO  server.session (HouseKeeper.java:stopScavenging(158)) - node0 Stopped scavenging
2020-07-20 01:17:52,688 [Listener at 127.0.0.1/34739] INFO  handler.ContextHandler (ContextHandler.java:doStop(1016)) - Stopped o.e.j.s.ServletContextHandler@298584e4{static,/static,file:///github/workspace/mnt/ozone/hadoop-ozone/integration-test/target/test-classes/webapps/static,UNAVAILABLE}
2020-07-20 01:17:52,689 [Listener at 127.0.0.1/34739] INFO  handler.ContextHandler (ContextHandler.java:doStop(1016)) - Stopped o.e.j.s.ServletContextHandler@9efe947{logs,/logs,file:///github/workspace/mnt/ozone/hadoop-ozone/integration-test/target/log,UNAVAILABLE}
2020-07-20 01:17:52,692 [Listener at 127.0.0.1/34739] INFO  ozone.MiniOzoneClusterImpl (MiniOzoneClusterImpl.java:stopDatanodes(461)) - Stopping the HddsDatanodes
2020-07-20 01:17:53,084 [Datanode State Machine Thread - 0] INFO  statemachine.DatanodeStateMachine (DatanodeStateMachine.java:lambda$startDaemon$0(380)) - Ozone container server started.
2020-07-20 01:17:53,147 [Thread-693] INFO  client.GrpcClientProtocolService (GrpcClientProtocolService.java:lambda$processClientRequest$0(283)) - Failed RaftClientRequest:client-D1346DF37EDE->7d127ae0-d954-4615-95cd-077b23f6b81f@group-332B05DCA4EF, cid=26, seq=0, Watch-MAJORITY_COMMITTED(104), Message:<EMPTY>, reply=RaftClientReply:client-D1346DF37EDE->7d127ae0-d954-4615-95cd-077b23f6b81f@group-332B05DCA4EF, cid=26, FAILED org.apache.ratis.protocol.NotReplicatedException: Request with call Id 26 and log index 104 is not yet replicated to MAJORITY_COMMITTED, logIndex=104, commits[7d127ae0-d954-4615-95cd-077b23f6b81f:c6, 8a5e4c45-c5e6-427a-ba70-61ac25cd6fb3:c6, a59d5cbb-6a4e-4b6f-8de9-1f6c3e59f3ac:c6]
2020-07-20 01:17:53,464 [Datanode State Machine Thread - 0] INFO  statemachine.DatanodeStateMachine (DatanodeStateMachine.java:lambda$startDaemon$0(380)) - Ozone container server started.
2020-07-20 01:17:54,067 [grpc-default-executor-2] WARN  server.GrpcLogAppender (LogUtils.java:warn(122)) - 7d127ae0-d954-4615-95cd-077b23f6b81f@group-332B05DCA4EF->8a5e4c45-c5e6-427a-ba70-61ac25cd6fb3-AppendLogResponseHandler: Failed appendEntries: org.apache.ratis.thirdparty.io.grpc.StatusRuntimeException: UNAVAILABLE: io exception
2020-07-20 01:17:54,069 [grpc-default-executor-2] INFO  impl.FollowerInfo (FollowerInfo.java:lambda$new$0(51)) - 7d127ae0-d954-4615-95cd-077b23f6b81f@group-332B05DCA4EF->8a5e4c45-c5e6-427a-ba70-61ac25cd6fb3: nextIndex: updateUnconditionally 7 -> 6
2020-07-20 01:17:54,114 [grpc-default-executor-1] WARN  server.GrpcLogAppender (LogUtils.java:warn(122)) - 7d127ae0-d954-4615-95cd-077b23f6b81f@group-332B05DCA4EF->a59d5cbb-6a4e-4b6f-8de9-1f6c3e59f3ac-AppendLogResponseHandler: Failed appendEntries: org.apache.ratis.thirdparty.io.grpc.StatusRuntimeException: UNAVAILABLE: io exception
2020-07-20 01:17:54,115 [grpc-default-executor-1] INFO  impl.FollowerInfo (FollowerInfo.java:lambda$new$0(51)) - 7d127ae0-d954-4615-95cd-077b23f6b81f@group-332B05DCA4EF->a59d5cbb-6a4e-4b6f-8de9-1f6c3e59f3ac: nextIndex: updateUnconditionally 7 -> 6
2020-07-20 01:17:56,570 [grpc-default-executor-2] WARN  server.GrpcLogAppender (LogUtils.java:warn(122)) - 7d127ae0-d954-4615-95cd-077b23f6b81f@group-332B05DCA4EF->8a5e4c45-c5e6-427a-ba70-61ac25cd6fb3-AppendLogResponseHandler: Failed appendEntries: org.apache.ratis.thirdparty.io.grpc.StatusRuntimeException: UNAVAILABLE: io exception
2020-07-20 01:17:56,572 [grpc-default-executor-2] INFO  impl.FollowerInfo (FollowerInfo.java:lambda$new$0(51)) - 7d127ae0-d954-4615-95cd-077b23f6b81f@group-332B05DCA4EF->8a5e4c45-c5e6-427a-ba70-61ac25cd6fb3: nextIndex: updateUnconditionally 7 -> 6
2020-07-20 01:17:56,612 [grpc-default-executor-1] WARN  server.GrpcLogAppender (LogUtils.java:warn(122)) - 7d127ae0-d954-4615-95cd-077b23f6b81f@group-332B05DCA4EF->a59d5cbb-6a4e-4b6f-8de9-1f6c3e59f3ac-AppendLogResponseHandler: Failed appendEntries: org.apache.ratis.thirdparty.io.grpc.StatusRuntimeException: UNAVAILABLE: io exception
2020-07-20 01:17:56,614 [grpc-default-executor-1] INFO  impl.FollowerInfo (FollowerInfo.java:lambda$new$0(51)) - 7d127ae0-d954-4615-95cd-077b23f6b81f@group-332B05DCA4EF->a59d5cbb-6a4e-4b6f-8de9-1f6c3e59f3ac: nextIndex: updateUnconditionally 7 -> 6
2020-07-20 01:17:57,693 [ForkJoinPool.commonPool-worker-0] INFO  ozoneimpl.OzoneContainer (OzoneContainer.java:stop(247)) - Attempting to stop container services.
2020-07-20 01:17:57,693 [Listener at 127.0.0.1/34739] INFO  ozoneimpl.OzoneContainer (OzoneContainer.java:stop(247)) - Attempting to stop container services.
2020-07-20 01:17:57,693 [ForkJoinPool.commonPool-worker-0] INFO  impl.RaftServerProxy (RaftServerProxy.java:lambda$close$4(319)) - 7d127ae0-d954-4615-95cd-077b23f6b81f: close
2020-07-20 01:17:57,694 [ForkJoinPool.commonPool-worker-0] INFO  impl.RaftServerImpl (RaftServerImpl.java:lambda$shutdown$3(252)) - 7d127ae0-d954-4615-95cd-077b23f6b81f@group-332B05DCA4EF: shutdown
2020-07-20 01:17:57,694 [ForkJoinPool.commonPool-worker-0] INFO  util.JmxRegister (JmxRegister.java:unregister(73)) - Successfully un-registered JMX Bean with object name Ratis:service=RaftServer,group=group-332B05DCA4EF,id=7d127ae0-d954-4615-95cd-077b23f6b81f
2020-07-20 01:17:57,694 [ForkJoinPool.commonPool-worker-0] INFO  impl.RoleInfo (RoleInfo.java:shutdownLeaderState(104)) - 7d127ae0-d954-4615-95cd-077b23f6b81f: shutdown LeaderState
2020-07-20 01:17:57,694 [ForkJoinPool.commonPool-worker-0] INFO  metrics.RatisMetrics (RatisMetrics.java:unregister(43)) - Unregistering Metrics Registry : ratis_grpc.log_appender.7d127ae0-d954-4615-95cd-077b23f6b81f@group-332B05DCA4EF
2020-07-20 01:17:57,694 [Listener at 127.0.0.1/34739] INFO  impl.RaftServerProxy (RaftServerProxy.java:lambda$close$4(319)) - 3e551ca4-b1b3-4226-8652-6024b5469bec: close
2020-07-20 01:17:57,695 [org.apache.ratis.server.impl.LogAppender$AppenderDaemon$$Lambda$439/670925634@1e7674ce] WARN  server.GrpcLogAppender (GrpcLogAppender.java:mayWait(153)) - 7d127ae0-d954-4615-95cd-077b23f6b81f@group-332B05DCA4EF->8a5e4c45-c5e6-427a-ba70-61ac25cd6fb3-GrpcLogAppender: Wait interrupted by java.lang.InterruptedException
2020-07-20 01:17:57,695 [ForkJoinPool.commonPool-worker-0] INFO  metrics.RatisMetrics (RatisMetrics.java:unregister(43)) - Unregistering Metrics Registry : ratis_grpc.log_appender.7d127ae0-d954-4615-95cd-077b23f6b81f@group-332B05DCA4EF
2020-07-20 01:17:57,695 [Listener at 127.0.0.1/34739] INFO  impl.RaftServerImpl (RaftServerImpl.java:lambda$shutdown$3(252)) - 3e551ca4-b1b3-4226-8652-6024b5469bec@group-DA408DF101BD: shutdown
2020-07-20 01:17:57,696 [org.apache.ratis.server.impl.LogAppender$AppenderDaemon$$Lambda$439/670925634@216ce9d8] WARN  server.GrpcLogAppender (GrpcLogAppender.java:mayWait(153)) - 7d127ae0-d954-4615-95cd-077b23f6b81f@group-332B05DCA4EF->a59d5cbb-6a4e-4b6f-8de9-1f6c3e59f3ac-GrpcLogAppender: Wait interrupted by java.lang.InterruptedException
2020-07-20 01:17:57,696 [ForkJoinPool.commonPool-worker-0] INFO  impl.PendingRequests (PendingRequests.java:sendNotLeaderResponses(249)) - 7d127ae0-d954-4615-95cd-077b23f6b81f@group-332B05DCA4EF-PendingRequests: sendNotLeaderResponses
2020-07-20 01:17:57,696 [Listener at 127.0.0.1/34739] INFO  util.JmxRegister (JmxRegister.java:unregister(73)) - Successfully un-registered JMX Bean with object name Ratis:service=RaftServer,group=group-DA408DF101BD,id=3e551ca4-b1b3-4226-8652-6024b5469bec
2020-07-20 01:17:57,697 [Listener at 127.0.0.1/34739] INFO  impl.RoleInfo (RoleInfo.java:shutdownLeaderState(104)) - 3e551ca4-b1b3-4226-8652-6024b5469bec: shutdown LeaderState
2020-07-20 01:17:57,697 [ForkJoinPool.commonPool-worker-0] INFO  metrics.RatisMetrics (RatisMetrics.java:unregister(43)) - Unregistering Metrics Registry : ratis.log_appender.7d127ae0-d954-4615-95cd-077b23f6b81f@group-332B05DCA4EF
2020-07-20 01:17:57,698 [ForkJoinPool.commonPool-worker-0] INFO  metrics.RatisMetrics (RatisMetrics.java:unregister(43)) - Unregistering Metrics Registry : ratis.server.7d127ae0-d954-4615-95cd-077b23f6b81f@group-332B05DCA4EF
2020-07-20 01:17:57,698 [ForkJoinPool.commonPool-worker-0] INFO  impl.StateMachineUpdater (StateMachineUpdater.java:stopAndJoin(142)) - 7d127ae0-d954-4615-95cd-077b23f6b81f@group-332B05DCA4EF-StateMachineUpdater: set stopIndex = 6
2020-07-20 01:17:57,698 [7d127ae0-d954-4615-95cd-077b23f6b81f@group-332B05DCA4EF-StateMachineUpdater] INFO  ratis.ContainerStateMachine (ContainerStateMachine.java:takeSnapshot(293)) - group-332B05DCA4EF: Taking a snapshot at:(t:1, i:6) file /github/workspace/mnt/ozone/hadoop-ozone/integration-test/target/test-dir/MiniOzoneClusterImpl-2e7463a0-386a-4864-a70a-9a5d00050037/datanode-2/data/ratis/6c03a006-704d-463b-bcf7-332b05dca4ef/sm/snapshot.1_6
2020-07-20 01:17:57,697 [Listener at 127.0.0.1/34739] INFO  impl.PendingRequests (PendingRequests.java:sendNotLeaderResponses(249)) - 3e551ca4-b1b3-4226-8652-6024b5469bec@group-DA408DF101BD-PendingRequests: sendNotLeaderResponses
2020-07-20 01:17:57,699 [Listener at 127.0.0.1/34739] INFO  metrics.RatisMetrics (RatisMetrics.java:unregister(43)) - Unregistering Metrics Registry : ratis.log_appender.3e551ca4-b1b3-4226-8652-6024b5469bec@group-DA408DF101BD
2020-07-20 01:17:57,699 [Listener at 127.0.0.1/34739] INFO  metrics.RatisMetrics (RatisMetrics.java:unregister(43)) - Unregistering Metrics Registry : ratis.server.3e551ca4-b1b3-4226-8652-6024b5469bec@group-DA408DF101BD
2020-07-20 01:17:57,700 [7d127ae0-d954-4615-95cd-077b23f6b81f@group-332B05DCA4EF-StateMachineUpdater] INFO  ratis.ContainerStateMachine (ContainerStateMachine.java:takeSnapshot(304)) - group-332B05DCA4EF: Finished taking a snapshot at:(t:1, i:6) file:/github/workspace/mnt/ozone/hadoop-ozone/integration-test/target/test-dir/MiniOzoneClusterImpl-2e7463a0-386a-4864-a70a-9a5d00050037/datanode-2/data/ratis/6c03a006-704d-463b-bcf7-332b05dca4ef/sm/snapshot.1_6 time:1
2020-07-20 01:17:57,700 [7d127ae0-d954-4615-95cd-077b23f6b81f@group-332B05DCA4EF-StateMachineUpdater] INFO  impl.StateMachineUpdater (StateMachineUpdater.java:takeSnapshot(277)) - 7d127ae0-d954-4615-95cd-077b23f6b81f@group-332B05DCA4EF-StateMachineUpdater: Took a snapshot at index 6
2020-07-20 01:17:57,701 [Listener at 127.0.0.1/34739] INFO  impl.StateMachineUpdater (StateMachineUpdater.java:stopAndJoin(142)) - 3e551ca4-b1b3-4226-8652-6024b5469bec@group-DA408DF101BD-StateMachineUpdater: set stopIndex = 0
2020-07-20 01:17:57,701 [3e551ca4-b1b3-4226-8652-6024b5469bec@group-DA408DF101BD-StateMachineUpdater] INFO  ratis.ContainerStateMachine (ContainerStateMachine.java:takeSnapshot(293)) - group-DA408DF101BD: Taking a snapshot at:(t:1, i:0) file /github/workspace/mnt/ozone/hadoop-ozone/integration-test/target/test-dir/MiniOzoneClusterImpl-2e7463a0-386a-4864-a70a-9a5d00050037/datanode-4/data/ratis/28bf7c53-5199-4762-bb3b-da408df101bd/sm/snapshot.1_0
2020-07-20 01:17:57,701 [7d127ae0-d954-4615-95cd-077b23f6b81f@group-332B05DCA4EF-StateMachineUpdater] INFO  impl.StateMachineUpdater (StateMachineUpdater.java:lambda$new$0(87)) - 7d127ae0-d954-4615-95cd-077b23f6b81f@group-332B05DCA4EF-StateMachineUpdater: snapshotIndex: updateIncreasingly -1 -> 6
2020-07-20 01:17:57,701 [7d127ae0-d954-4615-95cd-077b23f6b81f@group-332B05DCA4EF-StateMachineUpdater] INFO  metrics.RatisMetrics (RatisMetrics.java:unregister(43)) - Unregistering Metrics Registry : ratis.state_machine.7d127ae0-d954-4615-95cd-077b23f6b81f@group-332B05DCA4EF
2020-07-20 01:17:57,705 [3e551ca4-b1b3-4226-8652-6024b5469bec@group-DA408DF101BD-StateMachineUpdater] INFO  ratis.ContainerStateMachine (ContainerStateMachine.java:takeSnapshot(304)) - group-DA408DF101BD: Finished taking a snapshot at:(t:1, i:0) file:/github/workspace/mnt/ozone/hadoop-ozone/integration-test/target/test-dir/MiniOzoneClusterImpl-2e7463a0-386a-4864-a70a-9a5d00050037/datanode-4/data/ratis/28bf7c53-5199-4762-bb3b-da408df101bd/sm/snapshot.1_0 time:5
2020-07-20 01:17:57,705 [3e551ca4-b1b3-4226-8652-6024b5469bec@group-DA408DF101BD-StateMachineUpdater] INFO  impl.StateMachineUpdater (StateMachineUpdater.java:takeSnapshot(277)) - 3e551ca4-b1b3-4226-8652-6024b5469bec@group-DA408DF101BD-StateMachineUpdater: Took a snapshot at index 0
2020-07-20 01:17:57,705 [3e551ca4-b1b3-4226-8652-6024b5469bec@group-DA408DF101BD-StateMachineUpdater] INFO  impl.StateMachineUpdater (StateMachineUpdater.java:lambda$new$0(87)) - 3e551ca4-b1b3-4226-8652-6024b5469bec@group-DA408DF101BD-StateMachineUpdater: snapshotIndex: updateIncreasingly -1 -> 0
2020-07-20 01:17:57,706 [3e551ca4-b1b3-4226-8652-6024b5469bec@group-DA408DF101BD-StateMachineUpdater] INFO  metrics.RatisMetrics (RatisMetrics.java:unregister(43)) - Unregistering Metrics Registry : ratis.state_machine.3e551ca4-b1b3-4226-8652-6024b5469bec@group-DA408DF101BD
2020-07-20 01:17:57,706 [Listener at 127.0.0.1/34739] INFO  impl.RaftServerImpl (ServerState.java:close(387)) - 3e551ca4-b1b3-4226-8652-6024b5469bec@group-DA408DF101BD: closes. applyIndex: 0
2020-07-20 01:17:57,706 [ForkJoinPool.commonPool-worker-0] INFO  impl.RaftServerImpl (ServerState.java:close(387)) - 7d127ae0-d954-4615-95cd-077b23f6b81f@group-332B05DCA4EF: closes. applyIndex: 6
2020-07-20 01:17:57,706 [3e551ca4-b1b3-4226-8652-6024b5469bec@group-DA408DF101BD-SegmentedRaftLogWorker] INFO  segmented.SegmentedRaftLogWorker (SegmentedRaftLogWorker.java:run(327)) - 3e551ca4-b1b3-4226-8652-6024b5469bec@group-DA408DF101BD-SegmentedRaftLogWorker was interrupted, exiting. There are 0 tasks remaining in the queue.
2020-07-20 01:17:57,707 [Listener at 127.0.0.1/34739] INFO  segmented.SegmentedRaftLogWorker (SegmentedRaftLogWorker.java:close(234)) - 3e551ca4-b1b3-4226-8652-6024b5469bec@group-DA408DF101BD-SegmentedRaftLogWorker close()
2020-07-20 01:17:57,707 [7d127ae0-d954-4615-95cd-077b23f6b81f@group-332B05DCA4EF-SegmentedRaftLogWorker] INFO  segmented.SegmentedRaftLogWorker (SegmentedRaftLogWorker.java:run(327)) - 7d127ae0-d954-4615-95cd-077b23f6b81f@group-332B05DCA4EF-SegmentedRaftLogWorker was interrupted, exiting. There are 0 tasks remaining in the queue.
2020-07-20 01:17:57,714 [ForkJoinPool.commonPool-worker-0] INFO  segmented.SegmentedRaftLogWorker (SegmentedRaftLogWorker.java:close(234)) - 7d127ae0-d954-4615-95cd-077b23f6b81f@group-332B05DCA4EF-SegmentedRaftLogWorker close()
2020-07-20 01:17:57,715 [Listener at 127.0.0.1/34739] INFO  metrics.RatisMetrics (RatisMetrics.java:unregister(43)) - Unregistering Metrics Registry : ratis.log_worker.3e551ca4-b1b3-4226-8652-6024b5469bec@group-DA408DF101BD
2020-07-20 01:17:57,715 [Listener at 127.0.0.1/34739] INFO  metrics.RatisMetrics (RatisMetrics.java:unregister(43)) - Unregistering Metrics Registry : ratis.leader_election.3e551ca4-b1b3-4226-8652-6024b5469bec@group-DA408DF101BD
2020-07-20 01:17:57,716 [Listener at 127.0.0.1/34739] INFO  metrics.RatisMetrics (RatisMetrics.java:unregister(43)) - Unregistering Metrics Registry : ratis.server.3e551ca4-b1b3-4226-8652-6024b5469bec@group-DA408DF101BD
2020-07-20 01:17:57,716 [Listener at 127.0.0.1/34739] INFO  impl.RaftServerImpl (RaftServerImpl.java:lambda$shutdown$3(252)) - 3e551ca4-b1b3-4226-8652-6024b5469bec@group-3E689F25B453: shutdown
2020-07-20 01:17:57,716 [Listener at 127.0.0.1/34739] INFO  util.JmxRegister (JmxRegister.java:unregister(73)) - Successfully un-registered JMX Bean with object name Ratis:service=RaftServer,group=group-3E689F25B453,id=3e551ca4-b1b3-4226-8652-6024b5469bec
2020-07-20 01:17:57,716 [Listener at 127.0.0.1/34739] INFO  impl.RoleInfo (RoleInfo.java:shutdownFollowerState(121)) - 3e551ca4-b1b3-4226-8652-6024b5469bec: shutdown FollowerState
2020-07-20 01:17:57,716 [Thread-628] INFO  impl.FollowerState (FollowerState.java:run(117)) - 3e551ca4-b1b3-4226-8652-6024b5469bec@group-3E689F25B453-FollowerState was interrupted: java.lang.InterruptedException: sleep interrupted
2020-07-20 01:17:57,715 [ForkJoinPool.commonPool-worker-0] INFO  metrics.RatisMetrics (RatisMetrics.java:unregister(43)) - Unregistering Metrics Registry : ratis.log_worker.7d127ae0-d954-4615-95cd-077b23f6b81f@group-332B05DCA4EF
2020-07-20 01:17:57,717 [3e551ca4-b1b3-4226-8652-6024b5469bec@group-3E689F25B453-StateMachineUpdater] INFO  ratis.ContainerStateMachine (ContainerStateMachine.java:takeSnapshot(293)) - group-3E689F25B453: Taking a snapshot at:(t:1, i:0) file /github/workspace/mnt/ozone/hadoop-ozone/integration-test/target/test-dir/MiniOzoneClusterImpl-2e7463a0-386a-4864-a70a-9a5d00050037/datanode-4/data/ratis/fe06dce1-8ab3-45b4-9671-3e689f25b453/sm/snapshot.1_0
2020-07-20 01:17:57,717 [Listener at 127.0.0.1/34739] INFO  impl.StateMachineUpdater (StateMachineUpdater.java:stopAndJoin(142)) - 3e551ca4-b1b3-4226-8652-6024b5469bec@group-3E689F25B453-StateMachineUpdater: set stopIndex = 0
2020-07-20 01:17:57,718 [ForkJoinPool.commonPool-worker-0] INFO  metrics.RatisMetrics (RatisMetrics.java:unregister(43)) - Unregistering Metrics Registry : ratis.leader_election.7d127ae0-d954-4615-95cd-077b23f6b81f@group-332B05DCA4EF
2020-07-20 01:17:57,718 [ForkJoinPool.commonPool-worker-0] INFO  metrics.RatisMetrics (RatisMetrics.java:unregister(43)) - Unregistering Metrics Registry : ratis.server.7d127ae0-d954-4615-95cd-077b23f6b81f@group-332B05DCA4EF
2020-07-20 01:17:57,718 [3e551ca4-b1b3-4226-8652-6024b5469bec@group-3E689F25B453-StateMachineUpdater] INFO  ratis.ContainerStateMachine (ContainerStateMachine.java:takeSnapshot(304)) - group-3E689F25B453: Finished taking a snapshot at:(t:1, i:0) file:/github/workspace/mnt/ozone/hadoop-ozone/integration-test/target/test-dir/MiniOzoneClusterImpl-2e7463a0-386a-4864-a70a-9a5d00050037/datanode-4/data/ratis/fe06dce1-8ab3-45b4-9671-3e689f25b453/sm/snapshot.1_0 time:1
2020-07-20 01:17:57,718 [3e551ca4-b1b3-4226-8652-6024b5469bec@group-3E689F25B453-StateMachineUpdater] INFO  impl.StateMachineUpdater (StateMachineUpdater.java:takeSnapshot(277)) - 3e551ca4-b1b3-4226-8652-6024b5469bec@group-3E689F25B453-StateMachineUpdater: Took a snapshot at index 0
2020-07-20 01:17:57,718 [3e551ca4-b1b3-4226-8652-6024b5469bec@group-3E689F25B453-StateMachineUpdater] INFO  impl.StateMachineUpdater (StateMachineUpdater.java:lambda$new$0(87)) - 3e551ca4-b1b3-4226-8652-6024b5469bec@group-3E689F25B453-StateMachineUpdater: snapshotIndex: updateIncreasingly -1 -> 0
2020-07-20 01:17:57,719 [3e551ca4-b1b3-4226-8652-6024b5469bec@group-3E689F25B453-StateMachineUpdater] INFO  metrics.RatisMetrics (RatisMetrics.java:unregister(43)) - Unregistering Metrics Registry : ratis.state_machine.3e551ca4-b1b3-4226-8652-6024b5469bec@group-3E689F25B453
2020-07-20 01:17:57,719 [Listener at 127.0.0.1/34739] INFO  impl.RaftServerImpl (ServerState.java:close(387)) - 3e551ca4-b1b3-4226-8652-6024b5469bec@group-3E689F25B453: closes. applyIndex: 0
2020-07-20 01:17:57,719 [ForkJoinPool.commonPool-worker-0] INFO  impl.RaftServerImpl (RaftServerImpl.java:lambda$shutdown$3(252)) - 7d127ae0-d954-4615-95cd-077b23f6b81f@group-CA0EA9A73393: shutdown
2020-07-20 01:17:57,719 [3e551ca4-b1b3-4226-8652-6024b5469bec@group-3E689F25B453-SegmentedRaftLogWorker] INFO  segmented.SegmentedRaftLogWorker (SegmentedRaftLogWorker.java:run(327)) - 3e551ca4-b1b3-4226-8652-6024b5469bec@group-3E689F25B453-SegmentedRaftLogWorker was interrupted, exiting. There are 0 tasks remaining in the queue.
2020-07-20 01:17:57,719 [ForkJoinPool.commonPool-worker-0] INFO  util.JmxRegister (JmxRegister.java:unregister(73)) - Successfully un-registered JMX Bean with object name Ratis:service=RaftServer,group=group-CA0EA9A73393,id=7d127ae0-d954-4615-95cd-077b23f6b81f
2020-07-20 01:17:57,720 [ForkJoinPool.commonPool-worker-0] INFO  impl.RoleInfo (RoleInfo.java:shutdownLeaderState(104)) - 7d127ae0-d954-4615-95cd-077b23f6b81f: shutdown LeaderState
2020-07-20 01:17:57,720 [Listener at 127.0.0.1/34739] INFO  segmented.SegmentedRaftLogWorker (SegmentedRaftLogWorker.java:close(234)) - 3e551ca4-b1b3-4226-8652-6024b5469bec@group-3E689F25B453-SegmentedRaftLogWorker close()
2020-07-20 01:17:57,720 [ForkJoinPool.commonPool-worker-0] INFO  impl.PendingRequests (PendingRequests.java:sendNotLeaderResponses(249)) - 7d127ae0-d954-4615-95cd-077b23f6b81f@group-CA0EA9A73393-PendingRequests: sendNotLeaderResponses
2020-07-20 01:17:57,720 [ForkJoinPool.commonPool-worker-0] INFO  metrics.RatisMetrics (RatisMetrics.java:unregister(43)) - Unregistering Metrics Registry : ratis.log_appender.7d127ae0-d954-4615-95cd-077b23f6b81f@group-CA0EA9A73393
2020-07-20 01:17:57,720 [ForkJoinPool.commonPool-worker-0] INFO  metrics.RatisMetrics (RatisMetrics.java:unregister(43)) - Unregistering Metrics Registry : ratis.server.7d127ae0-d954-4615-95cd-077b23f6b81f@group-CA0EA9A73393
2020-07-20 01:17:57,721 [ForkJoinPool.commonPool-worker-0] INFO  impl.StateMachineUpdater (StateMachineUpdater.java:stopAndJoin(142)) - 7d127ae0-d954-4615-95cd-077b23f6b81f@group-CA0EA9A73393-StateMachineUpdater: set stopIndex = 0
2020-07-20 01:17:57,722 [7d127ae0-d954-4615-95cd-077b23f6b81f@group-CA0EA9A73393-StateMachineUpdater] INFO  ratis.ContainerStateMachine (ContainerStateMachine.java:takeSnapshot(293)) - group-CA0EA9A73393: Taking a snapshot at:(t:1, i:0) file /github/workspace/mnt/ozone/hadoop-ozone/integration-test/target/test-dir/MiniOzoneClusterImpl-2e7463a0-386a-4864-a70a-9a5d00050037/datanode-2/data/ratis/2067f0c7-e9ab-41bd-86a2-ca0ea9a73393/sm/snapshot.1_0
2020-07-20 01:17:57,723 [7d127ae0-d954-4615-95cd-077b23f6b81f@group-CA0EA9A73393-StateMachineUpdater] INFO  ratis.ContainerStateMachine (ContainerStateMachine.java:takeSnapshot(304)) - group-CA0EA9A73393: Finished taking a snapshot at:(t:1, i:0) file:/github/workspace/mnt/ozone/hadoop-ozone/integration-test/target/test-dir/MiniOzoneClusterImpl-2e7463a0-386a-4864-a70a-9a5d00050037/datanode-2/data/ratis/2067f0c7-e9ab-41bd-86a2-ca0ea9a73393/sm/snapshot.1_0 time:2
2020-07-20 01:17:57,724 [7d127ae0-d954-4615-95cd-077b23f6b81f@group-CA0EA9A73393-StateMachineUpdater] INFO  impl.StateMachineUpdater (StateMachineUpdater.java:takeSnapshot(277)) - 7d127ae0-d954-4615-95cd-077b23f6b81f@group-CA0EA9A73393-StateMachineUpdater: Took a snapshot at index 0
2020-07-20 01:17:57,724 [7d127ae0-d954-4615-95cd-077b23f6b81f@group-CA0EA9A73393-StateMachineUpdater] INFO  impl.StateMachineUpdater (StateMachineUpdater.java:lambda$new$0(87)) - 7d127ae0-d954-4615-95cd-077b23f6b81f@group-CA0EA9A73393-StateMachineUpdater: snapshotIndex: updateIncreasingly -1 -> 0
2020-07-20 01:17:57,724 [7d127ae0-d954-4615-95cd-077b23f6b81f@group-CA0EA9A73393-StateMachineUpdater] INFO  metrics.RatisMetrics (RatisMetrics.java:unregister(43)) - Unregistering Metrics Registry : ratis.state_machine.7d127ae0-d954-4615-95cd-077b23f6b81f@group-CA0EA9A73393
2020-07-20 01:17:57,724 [Listener at 127.0.0.1/34739] INFO  metrics.RatisMetrics (RatisMetrics.java:unregister(43)) - Unregistering Metrics Registry : ratis.log_worker.3e551ca4-b1b3-4226-8652-6024b5469bec@group-3E689F25B453
2020-07-20 01:17:57,724 [Listener at 127.0.0.1/34739] INFO  metrics.RatisMetrics (RatisMetrics.java:unregister(43)) - Unregistering Metrics Registry : ratis.leader_election.3e551ca4-b1b3-4226-8652-6024b5469bec@group-3E689F25B453
2020-07-20 01:17:57,724 [Listener at 127.0.0.1/34739] INFO  metrics.RatisMetrics (RatisMetrics.java:unregister(43)) - Unregistering Metrics Registry : ratis.server.3e551ca4-b1b3-4226-8652-6024b5469bec@group-3E689F25B453
2020-07-20 01:17:57,725 [Listener at 127.0.0.1/34739] INFO  server.GrpcService (GrpcService.java:closeImpl(166)) - 3e551ca4-b1b3-4226-8652-6024b5469bec: shutdown server with port 46701 now
2020-07-20 01:17:57,725 [ForkJoinPool.commonPool-worker-0] INFO  impl.RaftServerImpl (ServerState.java:close(387)) - 7d127ae0-d954-4615-95cd-077b23f6b81f@group-CA0EA9A73393: closes. applyIndex: 0
2020-07-20 01:17:57,725 [7d127ae0-d954-4615-95cd-077b23f6b81f@group-CA0EA9A73393-SegmentedRaftLogWorker] INFO  segmented.SegmentedRaftLogWorker (SegmentedRaftLogWorker.java:run(327)) - 7d127ae0-d954-4615-95cd-077b23f6b81f@group-CA0EA9A73393-SegmentedRaftLogWorker was interrupted, exiting. There are 0 tasks remaining in the queue.
2020-07-20 01:17:57,727 [grpc-default-executor-2] WARN  server.GrpcServerProtocolService (LogUtils.java:warn(122)) - 3e551ca4-b1b3-4226-8652-6024b5469bec: installSnapshot onError, lastRequest: 6b9f5e7e-e9a8-47c0-a0b1-c008e4f21b31->3e551ca4-b1b3-4226-8652-6024b5469bec#1-t1, previous=(t:0, i:0), leaderCommit=-1, initializing? false, entries: size=1, first=(t:1, i:0), CONFIGURATIONENTRY: org.apache.ratis.thirdparty.io.grpc.StatusRuntimeException: CANCELLED: cancelled before receiving half close
2020-07-20 01:17:57,727 [grpc-default-executor-0] WARN  server.GrpcLogAppender (LogUtils.java:warn(122)) - 6b9f5e7e-e9a8-47c0-a0b1-c008e4f21b31@group-3E689F25B453->3e551ca4-b1b3-4226-8652-6024b5469bec-AppendLogResponseHandler: Failed appendEntries: org.apache.ratis.thirdparty.io.grpc.StatusRuntimeException: CANCELLED: HTTP/2 error code: CANCEL
Received Rst Stream
2020-07-20 01:17:57,728 [Listener at 127.0.0.1/34739] INFO  server.GrpcService (GrpcService.java:closeImpl(174)) - 3e551ca4-b1b3-4226-8652-6024b5469bec: shutdown server with port 46701 successfully
2020-07-20 01:17:57,730 [Listener at 127.0.0.1/34739] INFO  utils.BackgroundService (BackgroundService.java:shutdown(157)) - Shutting down service BlockDeletingService
2020-07-20 01:17:57,731 [grpc-default-executor-0] INFO  impl.FollowerInfo (FollowerInfo.java:lambda$new$0(51)) - 6b9f5e7e-e9a8-47c0-a0b1-c008e4f21b31@group-3E689F25B453->3e551ca4-b1b3-4226-8652-6024b5469bec: nextIndex: updateUnconditionally 1 -> 0
2020-07-20 01:17:57,731 [ForkJoinPool.commonPool-worker-0] INFO  segmented.SegmentedRaftLogWorker (SegmentedRaftLogWorker.java:close(234)) - 7d127ae0-d954-4615-95cd-077b23f6b81f@group-CA0EA9A73393-SegmentedRaftLogWorker close()
2020-07-20 01:17:57,732 [Listener at 127.0.0.1/34739] INFO  statemachine.DatanodeStateMachine (DatanodeStateMachine.java:stopDaemon(428)) - Ozone container server stopped.
2020-07-20 01:17:57,732 [ForkJoinPool.commonPool-worker-0] INFO  metrics.RatisMetrics (RatisMetrics.java:unregister(43)) - Unregistering Metrics Registry : ratis.log_worker.7d127ae0-d954-4615-95cd-077b23f6b81f@group-CA0EA9A73393
2020-07-20 01:17:57,732 [ForkJoinPool.commonPool-worker-0] INFO  metrics.RatisMetrics (RatisMetrics.java:unregister(43)) - Unregistering Metrics Registry : ratis.leader_election.7d127ae0-d954-4615-95cd-077b23f6b81f@group-CA0EA9A73393
2020-07-20 01:17:57,734 [ForkJoinPool.commonPool-worker-0] INFO  metrics.RatisMetrics (RatisMetrics.java:unregister(43)) - Unregistering Metrics Registry : ratis.server.7d127ae0-d954-4615-95cd-077b23f6b81f@group-CA0EA9A73393
2020-07-20 01:17:57,734 [ForkJoinPool.commonPool-worker-0] INFO  server.GrpcService (GrpcService.java:closeImpl(166)) - 7d127ae0-d954-4615-95cd-077b23f6b81f: shutdown server with port 42865 now
2020-07-20 01:17:57,738 [Listener at 127.0.0.1/34739] INFO  handler.ContextHandler (ContextHandler.java:doStop(1016)) - Stopped o.e.j.w.WebAppContext@1eeae352{hddsDatanode,/,null,UNAVAILABLE}{jar:file:/home/user/.m2/repository/org/apache/hadoop/hadoop-hdds-container-service/0.6.0-SNAPSHOT/hadoop-hdds-container-service-0.6.0-SNAPSHOT.jar!/webapps/hddsDatanode}
2020-07-20 01:17:57,739 [Listener at 127.0.0.1/34739] INFO  server.AbstractConnector (AbstractConnector.java:doStop(380)) - Stopped ServerConnector@365867c7{HTTP/1.1,[http/1.1]}{0.0.0.0:0}
2020-07-20 01:17:57,740 [Listener at 127.0.0.1/34739] INFO  server.session (HouseKeeper.java:stopScavenging(158)) - node0 Stopped scavenging
2020-07-20 01:17:57,740 [grpc-default-executor-1] WARN  client.GrpcClientProtocolService (LogUtils.java:warn(122)) - 1-UnorderedRequestStreamObserver1: onError: org.apache.ratis.thirdparty.io.grpc.StatusRuntimeException: CANCELLED: cancelled before receiving half close
2020-07-20 01:17:57,741 [Listener at 127.0.0.1/34739] INFO  handler.ContextHandler (ContextHandler.java:doStop(1016)) - Stopped o.e.j.s.ServletContextHandler@26901230{static,/static,jar:file:/home/user/.m2/repository/org/apache/hadoop/hadoop-hdds-container-service/0.6.0-SNAPSHOT/hadoop-hdds-container-service-0.6.0-SNAPSHOT.jar!/webapps/static,UNAVAILABLE}
2020-07-20 01:17:57,741 [Listener at 127.0.0.1/34739] INFO  handler.ContextHandler (ContextHandler.java:doStop(1016)) - Stopped o.e.j.s.ServletContextHandler@23478766{logs,/logs,file:///github/workspace/mnt/ozone/hadoop-ozone/integration-test/target/log,UNAVAILABLE}
2020-07-20 01:17:57,741 [ForkJoinPool.commonPool-worker-0] INFO  server.GrpcService (GrpcService.java:closeImpl(174)) - 7d127ae0-d954-4615-95cd-077b23f6b81f: shutdown server with port 42865 successfully
2020-07-20 01:17:57,743 [ForkJoinPool.commonPool-worker-0] INFO  utils.BackgroundService (BackgroundService.java:shutdown(157)) - Shutting down service BlockDeletingService
2020-07-20 01:17:57,746 [ForkJoinPool.commonPool-worker-0] INFO  statemachine.DatanodeStateMachine (DatanodeStateMachine.java:stopDaemon(428)) - Ozone container server stopped.
2020-07-20 01:17:57,754 [ForkJoinPool.commonPool-worker-0] INFO  handler.ContextHandler (ContextHandler.java:doStop(1016)) - Stopped o.e.j.w.WebAppContext@cbff720{hddsDatanode,/,null,UNAVAILABLE}{jar:file:/home/user/.m2/repository/org/apache/hadoop/hadoop-hdds-container-service/0.6.0-SNAPSHOT/hadoop-hdds-container-service-0.6.0-SNAPSHOT.jar!/webapps/hddsDatanode}
2020-07-20 01:17:57,755 [ForkJoinPool.commonPool-worker-0] INFO  server.AbstractConnector (AbstractConnector.java:doStop(380)) - Stopped ServerConnector@8208e69{HTTP/1.1,[http/1.1]}{0.0.0.0:0}
2020-07-20 01:17:57,755 [ForkJoinPool.commonPool-worker-0] INFO  server.session (HouseKeeper.java:stopScavenging(158)) - node0 Stopped scavenging
2020-07-20 01:17:57,757 [ForkJoinPool.commonPool-worker-0] INFO  handler.ContextHandler (ContextHandler.java:doStop(1016)) - Stopped o.e.j.s.ServletContextHandler@52a1e7ba{static,/static,jar:file:/home/user/.m2/repository/org/apache/hadoop/hadoop-hdds-container-service/0.6.0-SNAPSHOT/hadoop-hdds-container-service-0.6.0-SNAPSHOT.jar!/webapps/static,UNAVAILABLE}
2020-07-20 01:17:57,758 [ForkJoinPool.commonPool-worker-0] INFO  handler.ContextHandler (ContextHandler.java:doStop(1016)) - Stopped o.e.j.s.ServletContextHandler@1f1e6ea5{logs,/logs,file:///github/workspace/mnt/ozone/hadoop-ozone/integration-test/target/log,UNAVAILABLE}
2020-07-20 01:17:58,106 [Datanode State Machine Thread - 0] INFO  statemachine.DatanodeStateMachine (DatanodeStateMachine.java:lambda$startDaemon$0(380)) - Ozone container server started.
2020-07-20 01:17:58,568 [Datanode State Machine Thread - 0] INFO  statemachine.DatanodeStateMachine (DatanodeStateMachine.java:lambda$startDaemon$0(380)) - Ozone container server started.
2020-07-20 01:17:58,581 [grpc-default-executor-0] WARN  server.GrpcLogAppender (LogUtils.java:warn(122)) - 6b9f5e7e-e9a8-47c0-a0b1-c008e4f21b31@group-3E689F25B453->3e551ca4-b1b3-4226-8652-6024b5469bec-AppendLogResponseHandler: Failed appendEntries: org.apache.ratis.thirdparty.io.grpc.StatusRuntimeException: UNAVAILABLE: io exception
2020-07-20 01:17:58,582 [grpc-default-executor-0] INFO  impl.FollowerInfo (FollowerInfo.java:lambda$new$0(51)) - 6b9f5e7e-e9a8-47c0-a0b1-c008e4f21b31@group-3E689F25B453->3e551ca4-b1b3-4226-8652-6024b5469bec: nextIndex: updateUnconditionally 1 -> 0
2020-07-20 01:18:01,083 [grpc-default-executor-2] WARN  server.GrpcLogAppender (LogUtils.java:warn(122)) - 6b9f5e7e-e9a8-47c0-a0b1-c008e4f21b31@group-3E689F25B453->3e551ca4-b1b3-4226-8652-6024b5469bec-AppendLogResponseHandler: Failed appendEntries: org.apache.ratis.thirdparty.io.grpc.StatusRuntimeException: UNAVAILABLE: io exception
2020-07-20 01:18:01,084 [grpc-default-executor-2] INFO  impl.FollowerInfo (FollowerInfo.java:lambda$new$0(51)) - 6b9f5e7e-e9a8-47c0-a0b1-c008e4f21b31@group-3E689F25B453->3e551ca4-b1b3-4226-8652-6024b5469bec: nextIndex: updateUnconditionally 1 -> 0
2020-07-20 01:18:02,743 [Listener at 127.0.0.1/34739] INFO  ozoneimpl.OzoneContainer (OzoneContainer.java:stop(247)) - Attempting to stop container services.
2020-07-20 01:18:02,743 [Listener at 127.0.0.1/34739] INFO  impl.RaftServerProxy (RaftServerProxy.java:lambda$close$4(319)) - 6b9f5e7e-e9a8-47c0-a0b1-c008e4f21b31: close
2020-07-20 01:18:02,743 [Listener at 127.0.0.1/34739] INFO  impl.RaftServerImpl (RaftServerImpl.java:lambda$shutdown$3(252)) - 6b9f5e7e-e9a8-47c0-a0b1-c008e4f21b31@group-2BAED6FD67B7: shutdown
2020-07-20 01:18:02,744 [Listener at 127.0.0.1/34739] INFO  util.JmxRegister (JmxRegister.java:unregister(73)) - Successfully un-registered JMX Bean with object name Ratis:service=RaftServer,group=group-2BAED6FD67B7,id=6b9f5e7e-e9a8-47c0-a0b1-c008e4f21b31
2020-07-20 01:18:02,744 [Listener at 127.0.0.1/34739] INFO  impl.RoleInfo (RoleInfo.java:shutdownLeaderState(104)) - 6b9f5e7e-e9a8-47c0-a0b1-c008e4f21b31: shutdown LeaderState
2020-07-20 01:18:02,744 [Listener at 127.0.0.1/34739] INFO  impl.PendingRequests (PendingRequests.java:sendNotLeaderResponses(249)) - 6b9f5e7e-e9a8-47c0-a0b1-c008e4f21b31@group-2BAED6FD67B7-PendingRequests: sendNotLeaderResponses
2020-07-20 01:18:02,744 [Listener at 127.0.0.1/34739] INFO  metrics.RatisMetrics (RatisMetrics.java:unregister(43)) - Unregistering Metrics Registry : ratis.log_appender.6b9f5e7e-e9a8-47c0-a0b1-c008e4f21b31@group-2BAED6FD67B7
2020-07-20 01:18:02,744 [Listener at 127.0.0.1/34739] INFO  metrics.RatisMetrics (RatisMetrics.java:unregister(43)) - Unregistering Metrics Registry : ratis.server.6b9f5e7e-e9a8-47c0-a0b1-c008e4f21b31@group-2BAED6FD67B7
2020-07-20 01:18:02,745 [6b9f5e7e-e9a8-47c0-a0b1-c008e4f21b31@group-2BAED6FD67B7-StateMachineUpdater] INFO  ratis.ContainerStateMachine (ContainerStateMachine.java:takeSnapshot(293)) - group-2BAED6FD67B7: Taking a snapshot at:(t:1, i:0) file /github/workspace/mnt/ozone/hadoop-ozone/integration-test/target/test-dir/MiniOzoneClusterImpl-2e7463a0-386a-4864-a70a-9a5d00050037/datanode-3/data/ratis/642705ee-1ba1-49ca-b099-2baed6fd67b7/sm/snapshot.1_0
2020-07-20 01:18:02,745 [Listener at 127.0.0.1/34739] INFO  impl.StateMachineUpdater (StateMachineUpdater.java:stopAndJoin(142)) - 6b9f5e7e-e9a8-47c0-a0b1-c008e4f21b31@group-2BAED6FD67B7-StateMachineUpdater: set stopIndex = 0
2020-07-20 01:18:02,746 [6b9f5e7e-e9a8-47c0-a0b1-c008e4f21b31@group-2BAED6FD67B7-StateMachineUpdater] INFO  ratis.ContainerStateMachine (ContainerStateMachine.java:takeSnapshot(304)) - group-2BAED6FD67B7: Finished taking a snapshot at:(t:1, i:0) file:/github/workspace/mnt/ozone/hadoop-ozone/integration-test/target/test-dir/MiniOzoneClusterImpl-2e7463a0-386a-4864-a70a-9a5d00050037/datanode-3/data/ratis/642705ee-1ba1-49ca-b099-2baed6fd67b7/sm/snapshot.1_0 time:0
2020-07-20 01:18:02,746 [6b9f5e7e-e9a8-47c0-a0b1-c008e4f21b31@group-2BAED6FD67B7-StateMachineUpdater] INFO  impl.StateMachineUpdater (StateMachineUpdater.java:takeSnapshot(277)) - 6b9f5e7e-e9a8-47c0-a0b1-c008e4f21b31@group-2BAED6FD67B7-StateMachineUpdater: Took a snapshot at index 0
2020-07-20 01:18:02,746 [6b9f5e7e-e9a8-47c0-a0b1-c008e4f21b31@group-2BAED6FD67B7-StateMachineUpdater] INFO  impl.StateMachineUpdater (StateMachineUpdater.java:lambda$new$0(87)) - 6b9f5e7e-e9a8-47c0-a0b1-c008e4f21b31@group-2BAED6FD67B7-StateMachineUpdater: snapshotIndex: updateIncreasingly -1 -> 0
2020-07-20 01:18:02,746 [6b9f5e7e-e9a8-47c0-a0b1-c008e4f21b31@group-2BAED6FD67B7-StateMachineUpdater] INFO  metrics.RatisMetrics (RatisMetrics.java:unregister(43)) - Unregistering Metrics Registry : ratis.state_machine.6b9f5e7e-e9a8-47c0-a0b1-c008e4f21b31@group-2BAED6FD67B7
2020-07-20 01:18:02,747 [Listener at 127.0.0.1/34739] INFO  impl.RaftServerImpl (ServerState.java:close(387)) - 6b9f5e7e-e9a8-47c0-a0b1-c008e4f21b31@group-2BAED6FD67B7: closes. applyIndex: 0
2020-07-20 01:18:02,747 [6b9f5e7e-e9a8-47c0-a0b1-c008e4f21b31@group-2BAED6FD67B7-SegmentedRaftLogWorker] INFO  segmented.SegmentedRaftLogWorker (SegmentedRaftLogWorker.java:run(327)) - 6b9f5e7e-e9a8-47c0-a0b1-c008e4f21b31@group-2BAED6FD67B7-SegmentedRaftLogWorker was interrupted, exiting. There are 0 tasks remaining in the queue.
2020-07-20 01:18:02,748 [Listener at 127.0.0.1/34739] INFO  segmented.SegmentedRaftLogWorker (SegmentedRaftLogWorker.java:close(234)) - 6b9f5e7e-e9a8-47c0-a0b1-c008e4f21b31@group-2BAED6FD67B7-SegmentedRaftLogWorker close()
2020-07-20 01:18:02,748 [Listener at 127.0.0.1/34739] INFO  metrics.RatisMetrics (RatisMetrics.java:unregister(43)) - Unregistering Metrics Registry : ratis.log_worker.6b9f5e7e-e9a8-47c0-a0b1-c008e4f21b31@group-2BAED6FD67B7
2020-07-20 01:18:02,748 [Listener at 127.0.0.1/34739] INFO  metrics.RatisMetrics (RatisMetrics.java:unregister(43)) - Unregistering Metrics Registry : ratis.leader_election.6b9f5e7e-e9a8-47c0-a0b1-c008e4f21b31@group-2BAED6FD67B7
2020-07-20 01:18:02,749 [Listener at 127.0.0.1/34739] INFO  metrics.RatisMetrics (RatisMetrics.java:unregister(43)) - Unregistering Metrics Registry : ratis.server.6b9f5e7e-e9a8-47c0-a0b1-c008e4f21b31@group-2BAED6FD67B7
2020-07-20 01:18:02,749 [Listener at 127.0.0.1/34739] INFO  impl.RaftServerImpl (RaftServerImpl.java:lambda$shutdown$3(252)) - 6b9f5e7e-e9a8-47c0-a0b1-c008e4f21b31@group-3E689F25B453: shutdown
2020-07-20 01:18:02,749 [Listener at 127.0.0.1/34739] INFO  util.JmxRegister (JmxRegister.java:unregister(73)) - Successfully un-registered JMX Bean with object name Ratis:service=RaftServer,group=group-3E689F25B453,id=6b9f5e7e-e9a8-47c0-a0b1-c008e4f21b31
2020-07-20 01:18:02,749 [Listener at 127.0.0.1/34739] INFO  impl.RoleInfo (RoleInfo.java:shutdownLeaderState(104)) - 6b9f5e7e-e9a8-47c0-a0b1-c008e4f21b31: shutdown LeaderState
2020-07-20 01:18:02,749 [Listener at 127.0.0.1/34739] INFO  metrics.RatisMetrics (RatisMetrics.java:unregister(43)) - Unregistering Metrics Registry : ratis_grpc.log_appender.6b9f5e7e-e9a8-47c0-a0b1-c008e4f21b31@group-3E689F25B453
2020-07-20 01:18:02,750 [Listener at 127.0.0.1/34739] INFO  metrics.RatisMetrics (RatisMetrics.java:unregister(43)) - Unregistering Metrics Registry : ratis_grpc.log_appender.6b9f5e7e-e9a8-47c0-a0b1-c008e4f21b31@group-3E689F25B453
2020-07-20 01:18:02,750 [org.apache.ratis.server.impl.LogAppender$AppenderDaemon$$Lambda$439/670925634@40099bc8] WARN  server.GrpcLogAppender (GrpcLogAppender.java:mayWait(153)) - 6b9f5e7e-e9a8-47c0-a0b1-c008e4f21b31@group-3E689F25B453->6ed957ef-01ec-4d4e-8aec-11bf87f7b1e1-GrpcLogAppender: Wait interrupted by java.lang.InterruptedException
2020-07-20 01:18:02,751 [Listener at 127.0.0.1/34739] INFO  impl.PendingRequests (PendingRequests.java:sendNotLeaderResponses(249)) - 6b9f5e7e-e9a8-47c0-a0b1-c008e4f21b31@group-3E689F25B453-PendingRequests: sendNotLeaderResponses
2020-07-20 01:18:02,751 [Listener at 127.0.0.1/34739] INFO  metrics.RatisMetrics (RatisMetrics.java:unregister(43)) - Unregistering Metrics Registry : ratis.log_appender.6b9f5e7e-e9a8-47c0-a0b1-c008e4f21b31@group-3E689F25B453
2020-07-20 01:18:02,751 [Listener at 127.0.0.1/34739] INFO  metrics.RatisMetrics (RatisMetrics.java:unregister(43)) - Unregistering Metrics Registry : ratis.server.6b9f5e7e-e9a8-47c0-a0b1-c008e4f21b31@group-3E689F25B453
2020-07-20 01:18:02,751 [org.apache.ratis.server.impl.LogAppender$AppenderDaemon$$Lambda$439/670925634@21fa4d04] WARN  server.GrpcLogAppender (GrpcLogAppender.java:mayWait(153)) - 6b9f5e7e-e9a8-47c0-a0b1-c008e4f21b31@group-3E689F25B453->3e551ca4-b1b3-4226-8652-6024b5469bec-GrpcLogAppender: Wait interrupted by java.lang.InterruptedException
2020-07-20 01:18:02,751 [grpc-default-executor-2] INFO  server.GrpcServerProtocolService (GrpcServerProtocolService.java:onCompleted(138)) - 6ed957ef-01ec-4d4e-8aec-11bf87f7b1e1: Completed APPEND_ENTRIES, lastRequest: 6b9f5e7e-e9a8-47c0-a0b1-c008e4f21b31->6ed957ef-01ec-4d4e-8aec-11bf87f7b1e1#1-t1, previous=(t:0, i:0), leaderCommit=-1, initializing? false, entries: size=1, first=(t:1, i:0), CONFIGURATIONENTRY
2020-07-20 01:18:02,752 [grpc-default-executor-2] INFO  server.GrpcLogAppender (GrpcLogAppender.java:onCompleted(319)) - 6b9f5e7e-e9a8-47c0-a0b1-c008e4f21b31@group-3E689F25B453->6ed957ef-01ec-4d4e-8aec-11bf87f7b1e1-AppendLogResponseHandler: follower responses appendEntries COMPLETED
2020-07-20 01:18:02,757 [grpc-default-executor-2] INFO  impl.FollowerInfo (FollowerInfo.java:lambda$new$0(51)) - 6b9f5e7e-e9a8-47c0-a0b1-c008e4f21b31@group-3E689F25B453->6ed957ef-01ec-4d4e-8aec-11bf87f7b1e1: nextIndex: updateUnconditionally 1 -> 0
2020-07-20 01:18:02,757 [Listener at 127.0.0.1/34739] INFO  impl.StateMachineUpdater (StateMachineUpdater.java:stopAndJoin(142)) - 6b9f5e7e-e9a8-47c0-a0b1-c008e4f21b31@group-3E689F25B453-StateMachineUpdater: set stopIndex = 0
2020-07-20 01:18:02,757 [6b9f5e7e-e9a8-47c0-a0b1-c008e4f21b31@group-3E689F25B453-StateMachineUpdater] INFO  ratis.ContainerStateMachine (ContainerStateMachine.java:takeSnapshot(293)) - group-3E689F25B453: Taking a snapshot at:(t:1, i:0) file /github/workspace/mnt/ozone/hadoop-ozone/integration-test/target/test-dir/MiniOzoneClusterImpl-2e7463a0-386a-4864-a70a-9a5d00050037/datanode-3/data/ratis/fe06dce1-8ab3-45b4-9671-3e689f25b453/sm/snapshot.1_0
2020-07-20 01:18:02,760 [6b9f5e7e-e9a8-47c0-a0b1-c008e4f21b31@group-3E689F25B453-StateMachineUpdater] INFO  ratis.ContainerStateMachine (ContainerStateMachine.java:takeSnapshot(304)) - group-3E689F25B453: Finished taking a snapshot at:(t:1, i:0) file:/github/workspace/mnt/ozone/hadoop-ozone/integration-test/target/test-dir/MiniOzoneClusterImpl-2e7463a0-386a-4864-a70a-9a5d00050037/datanode-3/data/ratis/fe06dce1-8ab3-45b4-9671-3e689f25b453/sm/snapshot.1_0 time:2
2020-07-20 01:18:02,760 [6b9f5e7e-e9a8-47c0-a0b1-c008e4f21b31@group-3E689F25B453-StateMachineUpdater] INFO  impl.StateMachineUpdater (StateMachineUpdater.java:takeSnapshot(277)) - 6b9f5e7e-e9a8-47c0-a0b1-c008e4f21b31@group-3E689F25B453-StateMachineUpdater: Took a snapshot at index 0
2020-07-20 01:18:02,760 [6b9f5e7e-e9a8-47c0-a0b1-c008e4f21b31@group-3E689F25B453-StateMachineUpdater] INFO  impl.StateMachineUpdater (StateMachineUpdater.java:lambda$new$0(87)) - 6b9f5e7e-e9a8-47c0-a0b1-c008e4f21b31@group-3E689F25B453-StateMachineUpdater: snapshotIndex: updateIncreasingly -1 -> 0
2020-07-20 01:18:02,760 [6b9f5e7e-e9a8-47c0-a0b1-c008e4f21b31@group-3E689F25B453-StateMachineUpdater] INFO  metrics.RatisMetrics (RatisMetrics.java:unregister(43)) - Unregistering Metrics Registry : ratis.state_machine.6b9f5e7e-e9a8-47c0-a0b1-c008e4f21b31@group-3E689F25B453
2020-07-20 01:18:02,760 [Listener at 127.0.0.1/34739] INFO  impl.RaftServerImpl (ServerState.java:close(387)) - 6b9f5e7e-e9a8-47c0-a0b1-c008e4f21b31@group-3E689F25B453: closes. applyIndex: 0
2020-07-20 01:18:02,761 [ForkJoinPool.commonPool-worker-0] INFO  ozoneimpl.OzoneContainer (OzoneContainer.java:stop(247)) - Attempting to stop container services.
2020-07-20 01:18:02,761 [6b9f5e7e-e9a8-47c0-a0b1-c008e4f21b31@group-3E689F25B453-SegmentedRaftLogWorker] INFO  segmented.SegmentedRaftLogWorker (SegmentedRaftLogWorker.java:run(327)) - 6b9f5e7e-e9a8-47c0-a0b1-c008e4f21b31@group-3E689F25B453-SegmentedRaftLogWorker was interrupted, exiting. There are 0 tasks remaining in the queue.
2020-07-20 01:18:02,761 [ForkJoinPool.commonPool-worker-0] INFO  impl.RaftServerProxy (RaftServerProxy.java:lambda$close$4(319)) - b0a2088b-73e2-4e23-bf2a-0933d86a42a7: close
2020-07-20 01:18:02,761 [ForkJoinPool.commonPool-worker-0] INFO  impl.RaftServerImpl (RaftServerImpl.java:lambda$shutdown$3(252)) - b0a2088b-73e2-4e23-bf2a-0933d86a42a7@group-55828A97B852: shutdown
2020-07-20 01:18:02,761 [ForkJoinPool.commonPool-worker-0] INFO  util.JmxRegister (JmxRegister.java:unregister(73)) - Successfully un-registered JMX Bean with object name Ratis:service=RaftServer,group=group-55828A97B852,id=b0a2088b-73e2-4e23-bf2a-0933d86a42a7
2020-07-20 01:18:02,761 [ForkJoinPool.commonPool-worker-0] INFO  impl.RoleInfo (RoleInfo.java:shutdownLeaderState(104)) - b0a2088b-73e2-4e23-bf2a-0933d86a42a7: shutdown LeaderState
2020-07-20 01:18:02,762 [ForkJoinPool.commonPool-worker-0] INFO  impl.PendingRequests (PendingRequests.java:sendNotLeaderResponses(249)) - b0a2088b-73e2-4e23-bf2a-0933d86a42a7@group-55828A97B852-PendingRequests: sendNotLeaderResponses
2020-07-20 01:18:02,762 [ForkJoinPool.commonPool-worker-0] INFO  metrics.RatisMetrics (RatisMetrics.java:unregister(43)) - Unregistering Metrics Registry : ratis.log_appender.b0a2088b-73e2-4e23-bf2a-0933d86a42a7@group-55828A97B852
2020-07-20 01:18:02,762 [ForkJoinPool.commonPool-worker-0] INFO  metrics.RatisMetrics (RatisMetrics.java:unregister(43)) - Unregistering Metrics Registry : ratis.server.b0a2088b-73e2-4e23-bf2a-0933d86a42a7@group-55828A97B852
2020-07-20 01:18:02,762 [ForkJoinPool.commonPool-worker-0] INFO  impl.StateMachineUpdater (StateMachineUpdater.java:stopAndJoin(142)) - b0a2088b-73e2-4e23-bf2a-0933d86a42a7@group-55828A97B852-StateMachineUpdater: set stopIndex = 0
2020-07-20 01:18:02,762 [b0a2088b-73e2-4e23-bf2a-0933d86a42a7@group-55828A97B852-StateMachineUpdater] INFO  ratis.ContainerStateMachine (ContainerStateMachine.java:takeSnapshot(293)) - group-55828A97B852: Taking a snapshot at:(t:1, i:0) file /github/workspace/mnt/ozone/hadoop-ozone/integration-test/target/test-dir/MiniOzoneClusterImpl-2e7463a0-386a-4864-a70a-9a5d00050037/datanode-6/data/ratis/1a6c79ea-e386-4585-8e9a-55828a97b852/sm/snapshot.1_0
2020-07-20 01:18:02,763 [Listener at 127.0.0.1/34739] INFO  segmented.SegmentedRaftLogWorker (SegmentedRaftLogWorker.java:close(234)) - 6b9f5e7e-e9a8-47c0-a0b1-c008e4f21b31@group-3E689F25B453-SegmentedRaftLogWorker close()
2020-07-20 01:18:02,764 [b0a2088b-73e2-4e23-bf2a-0933d86a42a7@group-55828A97B852-StateMachineUpdater] INFO  ratis.ContainerStateMachine (ContainerStateMachine.java:takeSnapshot(304)) - group-55828A97B852: Finished taking a snapshot at:(t:1, i:0) file:/github/workspace/mnt/ozone/hadoop-ozone/integration-test/target/test-dir/MiniOzoneClusterImpl-2e7463a0-386a-4864-a70a-9a5d00050037/datanode-6/data/ratis/1a6c79ea-e386-4585-8e9a-55828a97b852/sm/snapshot.1_0 time:1
2020-07-20 01:18:02,764 [b0a2088b-73e2-4e23-bf2a-0933d86a42a7@group-55828A97B852-StateMachineUpdater] INFO  impl.StateMachineUpdater (StateMachineUpdater.java:takeSnapshot(277)) - b0a2088b-73e2-4e23-bf2a-0933d86a42a7@group-55828A97B852-StateMachineUpdater: Took a snapshot at index 0
2020-07-20 01:18:02,764 [b0a2088b-73e2-4e23-bf2a-0933d86a42a7@group-55828A97B852-StateMachineUpdater] INFO  impl.StateMachineUpdater (StateMachineUpdater.java:lambda$new$0(87)) - b0a2088b-73e2-4e23-bf2a-0933d86a42a7@group-55828A97B852-StateMachineUpdater: snapshotIndex: updateIncreasingly -1 -> 0
2020-07-20 01:18:02,764 [b0a2088b-73e2-4e23-bf2a-0933d86a42a7@group-55828A97B852-StateMachineUpdater] INFO  metrics.RatisMetrics (RatisMetrics.java:unregister(43)) - Unregistering Metrics Registry : ratis.state_machine.b0a2088b-73e2-4e23-bf2a-0933d86a42a7@group-55828A97B852
2020-07-20 01:18:02,764 [ForkJoinPool.commonPool-worker-0] INFO  impl.RaftServerImpl (ServerState.java:close(387)) - b0a2088b-73e2-4e23-bf2a-0933d86a42a7@group-55828A97B852: closes. applyIndex: 0
2020-07-20 01:18:02,764 [Listener at 127.0.0.1/34739] INFO  metrics.RatisMetrics (RatisMetrics.java:unregister(43)) - Unregistering Metrics Registry : ratis.log_worker.6b9f5e7e-e9a8-47c0-a0b1-c008e4f21b31@group-3E689F25B453
2020-07-20 01:18:02,764 [b0a2088b-73e2-4e23-bf2a-0933d86a42a7@group-55828A97B852-SegmentedRaftLogWorker] INFO  segmented.SegmentedRaftLogWorker (SegmentedRaftLogWorker.java:run(327)) - b0a2088b-73e2-4e23-bf2a-0933d86a42a7@group-55828A97B852-SegmentedRaftLogWorker was interrupted, exiting. There are 0 tasks remaining in the queue.
2020-07-20 01:18:02,765 [Listener at 127.0.0.1/34739] INFO  metrics.RatisMetrics (RatisMetrics.java:unregister(43)) - Unregistering Metrics Registry : ratis.leader_election.6b9f5e7e-e9a8-47c0-a0b1-c008e4f21b31@group-3E689F25B453
2020-07-20 01:18:02,765 [ForkJoinPool.commonPool-worker-0] INFO  segmented.SegmentedRaftLogWorker (SegmentedRaftLogWorker.java:close(234)) - b0a2088b-73e2-4e23-bf2a-0933d86a42a7@group-55828A97B852-SegmentedRaftLogWorker close()
2020-07-20 01:18:02,765 [Listener at 127.0.0.1/34739] INFO  metrics.RatisMetrics (RatisMetrics.java:unregister(43)) - Unregistering Metrics Registry : ratis.server.6b9f5e7e-e9a8-47c0-a0b1-c008e4f21b31@group-3E689F25B453
2020-07-20 01:18:02,766 [ForkJoinPool.commonPool-worker-0] INFO  metrics.RatisMetrics (RatisMetrics.java:unregister(43)) - Unregistering Metrics Registry : ratis.log_worker.b0a2088b-73e2-4e23-bf2a-0933d86a42a7@group-55828A97B852
2020-07-20 01:18:02,766 [ForkJoinPool.commonPool-worker-0] INFO  metrics.RatisMetrics (RatisMetrics.java:unregister(43)) - Unregistering Metrics Registry : ratis.leader_election.b0a2088b-73e2-4e23-bf2a-0933d86a42a7@group-55828A97B852
2020-07-20 01:18:02,766 [ForkJoinPool.commonPool-worker-0] INFO  metrics.RatisMetrics (RatisMetrics.java:unregister(43)) - Unregistering Metrics Registry : ratis.server.b0a2088b-73e2-4e23-bf2a-0933d86a42a7@group-55828A97B852
2020-07-20 01:18:02,766 [ForkJoinPool.commonPool-worker-0] INFO  server.GrpcService (GrpcService.java:closeImpl(166)) - b0a2088b-73e2-4e23-bf2a-0933d86a42a7: shutdown server with port 42595 now
2020-07-20 01:18:02,767 [ForkJoinPool.commonPool-worker-0] INFO  server.GrpcService (GrpcService.java:closeImpl(174)) - b0a2088b-73e2-4e23-bf2a-0933d86a42a7: shutdown server with port 42595 successfully
2020-07-20 01:18:02,766 [Listener at 127.0.0.1/34739] INFO  server.GrpcService (GrpcService.java:closeImpl(166)) - 6b9f5e7e-e9a8-47c0-a0b1-c008e4f21b31: shutdown server with port 42485 now
2020-07-20 01:18:02,768 [ForkJoinPool.commonPool-worker-0] INFO  utils.BackgroundService (BackgroundService.java:shutdown(157)) - Shutting down service BlockDeletingService
2020-07-20 01:18:02,771 [ForkJoinPool.commonPool-worker-0] INFO  statemachine.DatanodeStateMachine (DatanodeStateMachine.java:stopDaemon(428)) - Ozone container server stopped.
2020-07-20 01:18:02,778 [Listener at 127.0.0.1/34739] INFO  server.GrpcService (GrpcService.java:closeImpl(174)) - 6b9f5e7e-e9a8-47c0-a0b1-c008e4f21b31: shutdown server with port 42485 successfully
2020-07-20 01:18:02,780 [ForkJoinPool.commonPool-worker-0] INFO  handler.ContextHandler (ContextHandler.java:doStop(1016)) - Stopped o.e.j.w.WebAppContext@5ce155b{hddsDatanode,/,null,UNAVAILABLE}{jar:file:/home/user/.m2/repository/org/apache/hadoop/hadoop-hdds-container-service/0.6.0-SNAPSHOT/hadoop-hdds-container-service-0.6.0-SNAPSHOT.jar!/webapps/hddsDatanode}
2020-07-20 01:18:02,780 [Listener at 127.0.0.1/34739] INFO  utils.BackgroundService (BackgroundService.java:shutdown(157)) - Shutting down service BlockDeletingService
2020-07-20 01:18:02,783 [ForkJoinPool.commonPool-worker-0] INFO  server.AbstractConnector (AbstractConnector.java:doStop(380)) - Stopped ServerConnector@53686aea{HTTP/1.1,[http/1.1]}{0.0.0.0:0}
2020-07-20 01:18:02,783 [ForkJoinPool.commonPool-worker-0] INFO  server.session (HouseKeeper.java:stopScavenging(158)) - node0 Stopped scavenging
2020-07-20 01:18:02,783 [Listener at 127.0.0.1/34739] INFO  statemachine.DatanodeStateMachine (DatanodeStateMachine.java:stopDaemon(428)) - Ozone container server stopped.
2020-07-20 01:18:02,785 [ForkJoinPool.commonPool-worker-0] INFO  handler.ContextHandler (ContextHandler.java:doStop(1016)) - Stopped o.e.j.s.ServletContextHandler@7c2c36a8{static,/static,jar:file:/home/user/.m2/repository/org/apache/hadoop/hadoop-hdds-container-service/0.6.0-SNAPSHOT/hadoop-hdds-container-service-0.6.0-SNAPSHOT.jar!/webapps/static,UNAVAILABLE}
2020-07-20 01:18:02,786 [ForkJoinPool.commonPool-worker-0] INFO  handler.ContextHandler (ContextHandler.java:doStop(1016)) - Stopped o.e.j.s.ServletContextHandler@597a102f{logs,/logs,file:///github/workspace/mnt/ozone/hadoop-ozone/integration-test/target/log,UNAVAILABLE}
2020-07-20 01:18:02,793 [Listener at 127.0.0.1/34739] INFO  handler.ContextHandler (ContextHandler.java:doStop(1016)) - Stopped o.e.j.w.WebAppContext@781675f{hddsDatanode,/,null,UNAVAILABLE}{jar:file:/home/user/.m2/repository/org/apache/hadoop/hadoop-hdds-container-service/0.6.0-SNAPSHOT/hadoop-hdds-container-service-0.6.0-SNAPSHOT.jar!/webapps/hddsDatanode}
2020-07-20 01:18:02,794 [Listener at 127.0.0.1/34739] INFO  server.AbstractConnector (AbstractConnector.java:doStop(380)) - Stopped ServerConnector@7733b023{HTTP/1.1,[http/1.1]}{0.0.0.0:0}
2020-07-20 01:18:02,794 [Listener at 127.0.0.1/34739] INFO  server.session (HouseKeeper.java:stopScavenging(158)) - node0 Stopped scavenging
2020-07-20 01:18:02,794 [Listener at 127.0.0.1/34739] INFO  handler.ContextHandler (ContextHandler.java:doStop(1016)) - Stopped o.e.j.s.ServletContextHandler@6deaba37{static,/static,jar:file:/home/user/.m2/repository/org/apache/hadoop/hadoop-hdds-container-service/0.6.0-SNAPSHOT/hadoop-hdds-container-service-0.6.0-SNAPSHOT.jar!/webapps/static,UNAVAILABLE}
2020-07-20 01:18:02,794 [Listener at 127.0.0.1/34739] INFO  handler.ContextHandler (ContextHandler.java:doStop(1016)) - Stopped o.e.j.s.ServletContextHandler@1c7bbef5{logs,/logs,file:///github/workspace/mnt/ozone/hadoop-ozone/integration-test/target/log,UNAVAILABLE}
2020-07-20 01:18:03,257 [Datanode State Machine Thread - 0] INFO  statemachine.DatanodeStateMachine (DatanodeStateMachine.java:lambda$startDaemon$0(380)) - Ozone container server started.
2020-07-20 01:18:06,517 [Thread-629] INFO  impl.FollowerState (FollowerState.java:run(108)) - 6ed957ef-01ec-4d4e-8aec-11bf87f7b1e1@group-3E689F25B453-FollowerState: change to CANDIDATE, lastRpcTime:5444ms, electionTimeout:5021ms
2020-07-20 01:18:06,517 [Thread-629] INFO  impl.RoleInfo (RoleInfo.java:shutdownFollowerState(121)) - 6ed957ef-01ec-4d4e-8aec-11bf87f7b1e1: shutdown FollowerState
2020-07-20 01:18:06,517 [Thread-629] INFO  impl.RaftServerImpl (RaftServerImpl.java:setRole(175)) - 6ed957ef-01ec-4d4e-8aec-11bf87f7b1e1@group-3E689F25B453: changes role from  FOLLOWER to CANDIDATE at term 1 for changeToCandidate
2020-07-20 01:18:06,517 [Thread-629] INFO  impl.RoleInfo (RoleInfo.java:updateAndGet(143)) - 6ed957ef-01ec-4d4e-8aec-11bf87f7b1e1: start LeaderElection
2020-07-20 01:18:06,518 [6ed957ef-01ec-4d4e-8aec-11bf87f7b1e1@group-3E689F25B453-LeaderElection20] INFO  impl.RaftServerImpl (ServerState.java:setLeader(255)) - 6ed957ef-01ec-4d4e-8aec-11bf87f7b1e1@group-3E689F25B453: change Leader from 6b9f5e7e-e9a8-47c0-a0b1-c008e4f21b31 to null at term 1 for initElection
2020-07-20 01:18:06,520 [6ed957ef-01ec-4d4e-8aec-11bf87f7b1e1@group-3E689F25B453-LeaderElection20] INFO  impl.LeaderElection (LeaderElection.java:askForVotes(206)) - 6ed957ef-01ec-4d4e-8aec-11bf87f7b1e1@group-3E689F25B453-LeaderElection20: begin an election at term 2 for 0: [6ed957ef-01ec-4d4e-8aec-11bf87f7b1e1:172.17.0.2:42117, 6b9f5e7e-e9a8-47c0-a0b1-c008e4f21b31:172.17.0.2:42485, 3e551ca4-b1b3-4226-8652-6024b5469bec:172.17.0.2:46701], old=null
2020-07-20 01:18:06,524 [6ed957ef-01ec-4d4e-8aec-11bf87f7b1e1@group-3E689F25B453-LeaderElection20] INFO  impl.LeaderElection (LogUtils.java:infoOrTrace(137)) - 6ed957ef-01ec-4d4e-8aec-11bf87f7b1e1@group-3E689F25B453-LeaderElection20 got exception when requesting votes: java.util.concurrent.ExecutionException: org.apache.ratis.thirdparty.io.grpc.StatusRuntimeException: UNAVAILABLE: io exception
2020-07-20 01:18:06,525 [6ed957ef-01ec-4d4e-8aec-11bf87f7b1e1@group-3E689F25B453-LeaderElection20] INFO  impl.LeaderElection (LogUtils.java:infoOrTrace(137)) - 6ed957ef-01ec-4d4e-8aec-11bf87f7b1e1@group-3E689F25B453-LeaderElection20 got exception when requesting votes: java.util.concurrent.ExecutionException: org.apache.ratis.thirdparty.io.grpc.StatusRuntimeException: UNAVAILABLE: io exception
2020-07-20 01:18:06,525 [6ed957ef-01ec-4d4e-8aec-11bf87f7b1e1@group-3E689F25B453-LeaderElection20] INFO  impl.LeaderElection (LeaderElection.java:logAndReturn(61)) - 6ed957ef-01ec-4d4e-8aec-11bf87f7b1e1@group-3E689F25B453-LeaderElection20: Election REJECTED; received 0 response(s) [] and 2 exception(s); 6ed957ef-01ec-4d4e-8aec-11bf87f7b1e1@group-3E689F25B453:t2, leader=null, voted=6ed957ef-01ec-4d4e-8aec-11bf87f7b1e1, raftlog=6ed957ef-01ec-4d4e-8aec-11bf87f7b1e1@group-3E689F25B453-SegmentedRaftLog:OPENED:c0,f0,i0, conf=0: [6ed957ef-01ec-4d4e-8aec-11bf87f7b1e1:172.17.0.2:42117, 6b9f5e7e-e9a8-47c0-a0b1-c008e4f21b31:172.17.0.2:42485, 3e551ca4-b1b3-4226-8652-6024b5469bec:172.17.0.2:46701], old=null
2020-07-20 01:18:06,525 [6ed957ef-01ec-4d4e-8aec-11bf87f7b1e1@group-3E689F25B453-LeaderElection20] INFO  impl.LeaderElection (LogUtils.java:infoOrTrace(137)) -   Exception 0: java.util.concurrent.ExecutionException: org.apache.ratis.thirdparty.io.grpc.StatusRuntimeException: UNAVAILABLE: io exception
2020-07-20 01:18:06,525 [6ed957ef-01ec-4d4e-8aec-11bf87f7b1e1@group-3E689F25B453-LeaderElection20] INFO  impl.LeaderElection (LogUtils.java:infoOrTrace(137)) -   Exception 1: java.util.concurrent.ExecutionException: org.apache.ratis.thirdparty.io.grpc.StatusRuntimeException: UNAVAILABLE: io exception
2020-07-20 01:18:06,525 [6ed957ef-01ec-4d4e-8aec-11bf87f7b1e1@group-3E689F25B453-LeaderElection20] INFO  impl.RaftServerImpl (RaftServerImpl.java:setRole(175)) - 6ed957ef-01ec-4d4e-8aec-11bf87f7b1e1@group-3E689F25B453: changes role from CANDIDATE to FOLLOWER at term 2 for DISCOVERED_A_NEW_TERM
2020-07-20 01:18:06,525 [6ed957ef-01ec-4d4e-8aec-11bf87f7b1e1@group-3E689F25B453-LeaderElection20] INFO  impl.RoleInfo (RoleInfo.java:shutdownLeaderElection(134)) - 6ed957ef-01ec-4d4e-8aec-11bf87f7b1e1: shutdown LeaderElection
2020-07-20 01:18:06,526 [6ed957ef-01ec-4d4e-8aec-11bf87f7b1e1@group-3E689F25B453-LeaderElection20] INFO  impl.RoleInfo (RoleInfo.java:updateAndGet(143)) - 6ed957ef-01ec-4d4e-8aec-11bf87f7b1e1: start FollowerState
2020-07-20 01:18:07,790 [ForkJoinPool.commonPool-worker-0] INFO  ozoneimpl.OzoneContainer (OzoneContainer.java:stop(247)) - Attempting to stop container services.
2020-07-20 01:18:07,791 [ForkJoinPool.commonPool-worker-0] INFO  impl.RaftServerProxy (RaftServerProxy.java:lambda$close$4(319)) - 6ed957ef-01ec-4d4e-8aec-11bf87f7b1e1: close
2020-07-20 01:18:07,791 [ForkJoinPool.commonPool-worker-0] INFO  impl.RaftServerImpl (RaftServerImpl.java:lambda$shutdown$3(252)) - 6ed957ef-01ec-4d4e-8aec-11bf87f7b1e1@group-83C7EF91F74A: shutdown
2020-07-20 01:18:07,791 [ForkJoinPool.commonPool-worker-0] INFO  util.JmxRegister (JmxRegister.java:unregister(73)) - Successfully un-registered JMX Bean with object name Ratis:service=RaftServer,group=group-83C7EF91F74A,id=6ed957ef-01ec-4d4e-8aec-11bf87f7b1e1
2020-07-20 01:18:07,791 [ForkJoinPool.commonPool-worker-0] INFO  impl.RoleInfo (RoleInfo.java:shutdownLeaderState(104)) - 6ed957ef-01ec-4d4e-8aec-11bf87f7b1e1: shutdown LeaderState
2020-07-20 01:18:07,791 [ForkJoinPool.commonPool-worker-0] INFO  impl.PendingRequests (PendingRequests.java:sendNotLeaderResponses(249)) - 6ed957ef-01ec-4d4e-8aec-11bf87f7b1e1@group-83C7EF91F74A-PendingRequests: sendNotLeaderResponses
2020-07-20 01:18:07,791 [ForkJoinPool.commonPool-worker-0] INFO  metrics.RatisMetrics (RatisMetrics.java:unregister(43)) - Unregistering Metrics Registry : ratis.log_appender.6ed957ef-01ec-4d4e-8aec-11bf87f7b1e1@group-83C7EF91F74A
2020-07-20 01:18:07,792 [ForkJoinPool.commonPool-worker-0] INFO  metrics.RatisMetrics (RatisMetrics.java:unregister(43)) - Unregistering Metrics Registry : ratis.server.6ed957ef-01ec-4d4e-8aec-11bf87f7b1e1@group-83C7EF91F74A
2020-07-20 01:18:07,792 [ForkJoinPool.commonPool-worker-0] INFO  impl.StateMachineUpdater (StateMachineUpdater.java:stopAndJoin(142)) - 6ed957ef-01ec-4d4e-8aec-11bf87f7b1e1@group-83C7EF91F74A-StateMachineUpdater: set stopIndex = 0
2020-07-20 01:18:07,792 [6ed957ef-01ec-4d4e-8aec-11bf87f7b1e1@group-83C7EF91F74A-StateMachineUpdater] INFO  ratis.ContainerStateMachine (ContainerStateMachine.java:takeSnapshot(293)) - group-83C7EF91F74A: Taking a snapshot at:(t:1, i:0) file /github/workspace/mnt/ozone/hadoop-ozone/integration-test/target/test-dir/MiniOzoneClusterImpl-2e7463a0-386a-4864-a70a-9a5d00050037/datanode-5/data/ratis/e2927ab2-e3c0-4173-845c-83c7ef91f74a/sm/snapshot.1_0
2020-07-20 01:18:07,793 [6ed957ef-01ec-4d4e-8aec-11bf87f7b1e1@group-83C7EF91F74A-StateMachineUpdater] INFO  ratis.ContainerStateMachine (ContainerStateMachine.java:takeSnapshot(304)) - group-83C7EF91F74A: Finished taking a snapshot at:(t:1, i:0) file:/github/workspace/mnt/ozone/hadoop-ozone/integration-test/target/test-dir/MiniOzoneClusterImpl-2e7463a0-386a-4864-a70a-9a5d00050037/datanode-5/data/ratis/e2927ab2-e3c0-4173-845c-83c7ef91f74a/sm/snapshot.1_0 time:1
2020-07-20 01:18:07,793 [6ed957ef-01ec-4d4e-8aec-11bf87f7b1e1@group-83C7EF91F74A-StateMachineUpdater] INFO  impl.StateMachineUpdater (StateMachineUpdater.java:takeSnapshot(277)) - 6ed957ef-01ec-4d4e-8aec-11bf87f7b1e1@group-83C7EF91F74A-StateMachineUpdater: Took a snapshot at index 0
2020-07-20 01:18:07,794 [6ed957ef-01ec-4d4e-8aec-11bf87f7b1e1@group-83C7EF91F74A-StateMachineUpdater] INFO  impl.StateMachineUpdater (StateMachineUpdater.java:lambda$new$0(87)) - 6ed957ef-01ec-4d4e-8aec-11bf87f7b1e1@group-83C7EF91F74A-StateMachineUpdater: snapshotIndex: updateIncreasingly -1 -> 0
2020-07-20 01:18:07,794 [6ed957ef-01ec-4d4e-8aec-11bf87f7b1e1@group-83C7EF91F74A-StateMachineUpdater] INFO  metrics.RatisMetrics (RatisMetrics.java:unregister(43)) - Unregistering Metrics Registry : ratis.state_machine.6ed957ef-01ec-4d4e-8aec-11bf87f7b1e1@group-83C7EF91F74A
2020-07-20 01:18:07,794 [ForkJoinPool.commonPool-worker-0] INFO  impl.RaftServerImpl (ServerState.java:close(387)) - 6ed957ef-01ec-4d4e-8aec-11bf87f7b1e1@group-83C7EF91F74A: closes. applyIndex: 0
2020-07-20 01:18:07,794 [6ed957ef-01ec-4d4e-8aec-11bf87f7b1e1@group-83C7EF91F74A-SegmentedRaftLogWorker] INFO  segmented.SegmentedRaftLogWorker (SegmentedRaftLogWorker.java:run(327)) - 6ed957ef-01ec-4d4e-8aec-11bf87f7b1e1@group-83C7EF91F74A-SegmentedRaftLogWorker was interrupted, exiting. There are 0 tasks remaining in the queue.
2020-07-20 01:18:07,795 [ForkJoinPool.commonPool-worker-0] INFO  segmented.SegmentedRaftLogWorker (SegmentedRaftLogWorker.java:close(234)) - 6ed957ef-01ec-4d4e-8aec-11bf87f7b1e1@group-83C7EF91F74A-SegmentedRaftLogWorker close()
2020-07-20 01:18:07,796 [ForkJoinPool.commonPool-worker-0] INFO  metrics.RatisMetrics (RatisMetrics.java:unregister(43)) - Unregistering Metrics Registry : ratis.log_worker.6ed957ef-01ec-4d4e-8aec-11bf87f7b1e1@group-83C7EF91F74A
2020-07-20 01:18:07,796 [ForkJoinPool.commonPool-worker-0] INFO  metrics.RatisMetrics (RatisMetrics.java:unregister(43)) - Unregistering Metrics Registry : ratis.leader_election.6ed957ef-01ec-4d4e-8aec-11bf87f7b1e1@group-83C7EF91F74A
2020-07-20 01:18:07,797 [ForkJoinPool.commonPool-worker-0] INFO  metrics.RatisMetrics (RatisMetrics.java:unregister(43)) - Unregistering Metrics Registry : ratis.server.6ed957ef-01ec-4d4e-8aec-11bf87f7b1e1@group-83C7EF91F74A
2020-07-20 01:18:07,797 [ForkJoinPool.commonPool-worker-0] INFO  impl.RaftServerImpl (RaftServerImpl.java:lambda$shutdown$3(252)) - 6ed957ef-01ec-4d4e-8aec-11bf87f7b1e1@group-3E689F25B453: shutdown
2020-07-20 01:18:07,797 [ForkJoinPool.commonPool-worker-0] INFO  util.JmxRegister (JmxRegister.java:unregister(73)) - Successfully un-registered JMX Bean with object name Ratis:service=RaftServer,group=group-3E689F25B453,id=6ed957ef-01ec-4d4e-8aec-11bf87f7b1e1
2020-07-20 01:18:07,797 [ForkJoinPool.commonPool-worker-0] INFO  impl.RoleInfo (RoleInfo.java:shutdownFollowerState(121)) - 6ed957ef-01ec-4d4e-8aec-11bf87f7b1e1: shutdown FollowerState
2020-07-20 01:18:07,797 [Thread-703] INFO  impl.FollowerState (FollowerState.java:run(117)) - 6ed957ef-01ec-4d4e-8aec-11bf87f7b1e1@group-3E689F25B453-FollowerState was interrupted: java.lang.InterruptedException: sleep interrupted
2020-07-20 01:18:07,798 [ForkJoinPool.commonPool-worker-0] INFO  impl.StateMachineUpdater (StateMachineUpdater.java:stopAndJoin(142)) - 6ed957ef-01ec-4d4e-8aec-11bf87f7b1e1@group-3E689F25B453-StateMachineUpdater: set stopIndex = 0
2020-07-20 01:18:07,798 [6ed957ef-01ec-4d4e-8aec-11bf87f7b1e1@group-3E689F25B453-StateMachineUpdater] INFO  ratis.ContainerStateMachine (ContainerStateMachine.java:takeSnapshot(293)) - group-3E689F25B453: Taking a snapshot at:(t:1, i:0) file /github/workspace/mnt/ozone/hadoop-ozone/integration-test/target/test-dir/MiniOzoneClusterImpl-2e7463a0-386a-4864-a70a-9a5d00050037/datanode-5/data/ratis/fe06dce1-8ab3-45b4-9671-3e689f25b453/sm/snapshot.1_0
2020-07-20 01:18:07,798 [6ed957ef-01ec-4d4e-8aec-11bf87f7b1e1@group-3E689F25B453-StateMachineUpdater] INFO  ratis.ContainerStateMachine (ContainerStateMachine.java:takeSnapshot(304)) - group-3E689F25B453: Finished taking a snapshot at:(t:1, i:0) file:/github/workspace/mnt/ozone/hadoop-ozone/integration-test/target/test-dir/MiniOzoneClusterImpl-2e7463a0-386a-4864-a70a-9a5d00050037/datanode-5/data/ratis/fe06dce1-8ab3-45b4-9671-3e689f25b453/sm/snapshot.1_0 time:1
2020-07-20 01:18:07,799 [6ed957ef-01ec-4d4e-8aec-11bf87f7b1e1@group-3E689F25B453-StateMachineUpdater] INFO  impl.StateMachineUpdater (StateMachineUpdater.java:takeSnapshot(277)) - 6ed957ef-01ec-4d4e-8aec-11bf87f7b1e1@group-3E689F25B453-StateMachineUpdater: Took a snapshot at index 0
2020-07-20 01:18:07,799 [6ed957ef-01ec-4d4e-8aec-11bf87f7b1e1@group-3E689F25B453-StateMachineUpdater] INFO  impl.StateMachineUpdater (StateMachineUpdater.java:lambda$new$0(87)) - 6ed957ef-01ec-4d4e-8aec-11bf87f7b1e1@group-3E689F25B453-StateMachineUpdater: snapshotIndex: updateIncreasingly -1 -> 0
2020-07-20 01:18:07,799 [6ed957ef-01ec-4d4e-8aec-11bf87f7b1e1@group-3E689F25B453-StateMachineUpdater] INFO  metrics.RatisMetrics (RatisMetrics.java:unregister(43)) - Unregistering Metrics Registry : ratis.state_machine.6ed957ef-01ec-4d4e-8aec-11bf87f7b1e1@group-3E689F25B453
2020-07-20 01:18:07,799 [ForkJoinPool.commonPool-worker-0] INFO  impl.RaftServerImpl (ServerState.java:close(387)) - 6ed957ef-01ec-4d4e-8aec-11bf87f7b1e1@group-3E689F25B453: closes. applyIndex: 0
2020-07-20 01:18:07,799 [6ed957ef-01ec-4d4e-8aec-11bf87f7b1e1@group-3E689F25B453-SegmentedRaftLogWorker] INFO  segmented.SegmentedRaftLogWorker (SegmentedRaftLogWorker.java:run(327)) - 6ed957ef-01ec-4d4e-8aec-11bf87f7b1e1@group-3E689F25B453-SegmentedRaftLogWorker was interrupted, exiting. There are 0 tasks remaining in the queue.
2020-07-20 01:18:07,799 [ForkJoinPool.commonPool-worker-0] INFO  segmented.SegmentedRaftLogWorker (SegmentedRaftLogWorker.java:close(234)) - 6ed957ef-01ec-4d4e-8aec-11bf87f7b1e1@group-3E689F25B453-SegmentedRaftLogWorker close()
2020-07-20 01:18:07,800 [ForkJoinPool.commonPool-worker-0] INFO  metrics.RatisMetrics (RatisMetrics.java:unregister(43)) - Unregistering Metrics Registry : ratis.log_worker.6ed957ef-01ec-4d4e-8aec-11bf87f7b1e1@group-3E689F25B453
2020-07-20 01:18:07,800 [ForkJoinPool.commonPool-worker-0] INFO  metrics.RatisMetrics (RatisMetrics.java:unregister(43)) - Unregistering Metrics Registry : ratis.leader_election.6ed957ef-01ec-4d4e-8aec-11bf87f7b1e1@group-3E689F25B453
2020-07-20 01:18:07,800 [ForkJoinPool.commonPool-worker-0] INFO  metrics.RatisMetrics (RatisMetrics.java:unregister(43)) - Unregistering Metrics Registry : ratis.server.6ed957ef-01ec-4d4e-8aec-11bf87f7b1e1@group-3E689F25B453
2020-07-20 01:18:07,800 [ForkJoinPool.commonPool-worker-0] INFO  server.GrpcService (GrpcService.java:closeImpl(166)) - 6ed957ef-01ec-4d4e-8aec-11bf87f7b1e1: shutdown server with port 42117 now
2020-07-20 01:18:07,803 [ForkJoinPool.commonPool-worker-0] INFO  server.GrpcService (GrpcService.java:closeImpl(174)) - 6ed957ef-01ec-4d4e-8aec-11bf87f7b1e1: shutdown server with port 42117 successfully
2020-07-20 01:18:07,805 [ForkJoinPool.commonPool-worker-0] INFO  utils.BackgroundService (BackgroundService.java:shutdown(157)) - Shutting down service BlockDeletingService
2020-07-20 01:18:07,806 [ForkJoinPool.commonPool-worker-0] INFO  statemachine.DatanodeStateMachine (DatanodeStateMachine.java:stopDaemon(428)) - Ozone container server stopped.
2020-07-20 01:18:07,814 [ForkJoinPool.commonPool-worker-0] INFO  handler.ContextHandler (ContextHandler.java:doStop(1016)) - Stopped o.e.j.w.WebAppContext@324a2e5e{hddsDatanode,/,null,UNAVAILABLE}{jar:file:/home/user/.m2/repository/org/apache/hadoop/hadoop-hdds-container-service/0.6.0-SNAPSHOT/hadoop-hdds-container-service-0.6.0-SNAPSHOT.jar!/webapps/hddsDatanode}
2020-07-20 01:18:07,814 [ForkJoinPool.commonPool-worker-0] INFO  server.AbstractConnector (AbstractConnector.java:doStop(380)) - Stopped ServerConnector@1cf30ad8{HTTP/1.1,[http/1.1]}{0.0.0.0:0}
2020-07-20 01:18:07,814 [ForkJoinPool.commonPool-worker-0] INFO  server.session (HouseKeeper.java:stopScavenging(158)) - node0 Stopped scavenging
2020-07-20 01:18:07,815 [ForkJoinPool.commonPool-worker-0] INFO  handler.ContextHandler (ContextHandler.java:doStop(1016)) - Stopped o.e.j.s.ServletContextHandler@2089e847{static,/static,jar:file:/home/user/.m2/repository/org/apache/hadoop/hadoop-hdds-container-service/0.6.0-SNAPSHOT/hadoop-hdds-container-service-0.6.0-SNAPSHOT.jar!/webapps/static,UNAVAILABLE}
2020-07-20 01:18:07,816 [ForkJoinPool.commonPool-worker-0] INFO  handler.ContextHandler (ContextHandler.java:doStop(1016)) - Stopped o.e.j.s.ServletContextHandler@1fc2e8b5{logs,/logs,file:///github/workspace/mnt/ozone/hadoop-ozone/integration-test/target/log,UNAVAILABLE}
2020-07-20 01:18:07,817 [Listener at 127.0.0.1/34739] INFO  ozone.MiniOzoneClusterImpl (MiniOzoneClusterImpl.java:stopSCM(476)) - Stopping the StorageContainerManager
2020-07-20 01:18:07,817 [Listener at 127.0.0.1/34739] INFO  server.StorageContainerManager (StorageContainerManager.java:stop(827)) - Stopping Replication Manager Service.
2020-07-20 01:18:07,817 [Listener at 127.0.0.1/34739] INFO  container.ReplicationManager (ReplicationManager.java:stop(218)) - Stopping Replication Monitor Thread.
2020-07-20 01:18:07,818 [Listener at 127.0.0.1/34739] INFO  server.StorageContainerManager (StorageContainerManager.java:stop(834)) - Stopping Lease Manager of the command watchers
2020-07-20 01:18:07,818 [Listener at 127.0.0.1/34739] INFO  server.StorageContainerManager (StorageContainerManager.java:stop(841)) - Stopping datanode service RPC server
2020-07-20 01:18:07,819 [Listener at 127.0.0.1/34739] INFO  server.SCMDatanodeProtocolServer (SCMDatanodeProtocolServer.java:stop(361)) - Stopping the RPC server for DataNodes
2020-07-20 01:18:07,819 [Listener at 127.0.0.1/34739] INFO  ipc.Server (Server.java:stop(3359)) - Stopping server on 41743
2020-07-20 01:18:07,818 [CommandWatcher-LeaseManager#LeaseMonitor] ERROR lease.LeaseManager (LeaseManager.java:run(238)) - Execution was interrupted 
java.lang.InterruptedException: sleep interrupted
	at java.lang.Thread.sleep(Native Method)
	at org.apache.hadoop.ozone.lease.LeaseManager$LeaseMonitor.run(LeaseManager.java:234)
	at java.lang.Thread.run(Thread.java:748)
2020-07-20 01:18:07,821 [IPC Server Responder] INFO  ipc.Server (Server.java:run(1465)) - Stopping IPC Server Responder
2020-07-20 01:18:07,821 [IPC Server listener on 0] INFO  ipc.Server (Server.java:run(1330)) - Stopping IPC Server listener on 0
2020-07-20 01:18:07,917 [SCM Heartbeat Processing Thread - 0] WARN  node.NodeStateManager (NodeStateManager.java:scheduleNextHealthCheck(661)) - Current Thread is interrupted, shutting down HB processing thread for Node Manager.
2020-07-20 01:18:07,918 [Listener at 127.0.0.1/34739] INFO  server.StorageContainerManager (StorageContainerManager.java:stop(849)) - Stopping block service RPC server
2020-07-20 01:18:07,918 [Listener at 127.0.0.1/34739] INFO  server.SCMBlockProtocolServer (SCMBlockProtocolServer.java:stop(158)) - Stopping the RPC server for Block Protocol
2020-07-20 01:18:07,918 [Listener at 127.0.0.1/34739] INFO  ipc.Server (Server.java:stop(3359)) - Stopping server on 39603
2020-07-20 01:18:07,920 [IPC Server Responder] INFO  ipc.Server (Server.java:run(1465)) - Stopping IPC Server Responder
2020-07-20 01:18:07,920 [Listener at 127.0.0.1/34739] INFO  server.StorageContainerManager (StorageContainerManager.java:stop(856)) - Stopping the StorageContainerLocationProtocol RPC server
2020-07-20 01:18:07,920 [Listener at 127.0.0.1/34739] INFO  server.SCMClientProtocolServer (SCMClientProtocolServer.java:stop(165)) - Stopping the RPC server for Client Protocol
2020-07-20 01:18:07,920 [IPC Server listener on 0] INFO  ipc.Server (Server.java:run(1330)) - Stopping IPC Server listener on 0
2020-07-20 01:18:07,926 [Listener at 127.0.0.1/34739] INFO  ipc.Server (Server.java:stop(3359)) - Stopping server on 35103
2020-07-20 01:18:07,929 [IPC Server listener on 0] INFO  ipc.Server (Server.java:run(1330)) - Stopping IPC Server listener on 0
2020-07-20 01:18:07,929 [IPC Server Responder] INFO  ipc.Server (Server.java:run(1465)) - Stopping IPC Server Responder
2020-07-20 01:18:07,929 [Listener at 127.0.0.1/34739] INFO  server.StorageContainerManager (StorageContainerManager.java:stop(863)) - Stopping Storage Container Manager HTTP server.
2020-07-20 01:18:07,931 [Listener at 127.0.0.1/34739] INFO  handler.ContextHandler (ContextHandler.java:doStop(1016)) - Stopped o.e.j.w.WebAppContext@7b4837e4{scm,/,null,UNAVAILABLE}{file:/github/workspace/mnt/ozone/hadoop-ozone/integration-test/target/test-classes/webapps/scm}
2020-07-20 01:18:07,931 [Listener at 127.0.0.1/34739] INFO  server.AbstractConnector (AbstractConnector.java:doStop(380)) - Stopped ServerConnector@14c696f{HTTP/1.1,[http/1.1]}{0.0.0.0:0}
2020-07-20 01:18:07,932 [Listener at 127.0.0.1/34739] INFO  server.session (HouseKeeper.java:stopScavenging(158)) - node0 Stopped scavenging
2020-07-20 01:18:07,932 [Listener at 127.0.0.1/34739] INFO  handler.ContextHandler (ContextHandler.java:doStop(1016)) - Stopped o.e.j.s.ServletContextHandler@3f0d8fcf{static,/static,file:///github/workspace/mnt/ozone/hadoop-ozone/integration-test/target/test-classes/webapps/static,UNAVAILABLE}
2020-07-20 01:18:07,933 [Listener at 127.0.0.1/34739] INFO  handler.ContextHandler (ContextHandler.java:doStop(1016)) - Stopped o.e.j.s.ServletContextHandler@23ae4ff1{logs,/logs,file:///github/workspace/mnt/ozone/hadoop-ozone/integration-test/target/log,UNAVAILABLE}
2020-07-20 01:18:07,933 [Listener at 127.0.0.1/34739] INFO  server.StorageContainerManager (StorageContainerManager.java:stop(874)) - Stopping Block Manager Service.
2020-07-20 01:18:07,933 [Listener at 127.0.0.1/34739] INFO  utils.BackgroundService (BackgroundService.java:shutdown(157)) - Shutting down service SCMBlockDeletingService
2020-07-20 01:18:07,934 [Listener at 127.0.0.1/34739] INFO  utils.BackgroundService (BackgroundService.java:shutdown(157)) - Shutting down service SCMBlockDeletingService
2020-07-20 01:18:07,934 [Listener at 127.0.0.1/34739] INFO  server.StorageContainerManager (StorageContainerManager.java:stop(899)) - Stopping SCM Event Queue.
2020-07-20 01:18:07,937 [Listener at 127.0.0.1/34739] INFO  impl.MetricsSystemImpl (MetricsSystemImpl.java:stop(210)) - Stopping HddsDatanode metrics system...
2020-07-20 01:18:07,949 [Listener at 127.0.0.1/34739] INFO  impl.MetricsSystemImpl (MetricsSystemImpl.java:stop(216)) - HddsDatanode metrics system stopped.
]]></system-out>
    <system-err><![CDATA[Jul 20, 2020 1:17:35 AM org.apache.ratis.thirdparty.io.grpc.netty.NettyServerTransport notifyTerminated
INFO: Transport failed
java.lang.IllegalStateException: Stream 5 sent too many headers EOS: false
	at org.apache.ratis.thirdparty.io.netty.handler.codec.http2.DefaultHttp2ConnectionEncoder.validateHeadersSentState(DefaultHttp2ConnectionEncoder.java:158)
	at org.apache.ratis.thirdparty.io.netty.handler.codec.http2.DefaultHttp2ConnectionEncoder.writeHeaders0(DefaultHttp2ConnectionEncoder.java:231)
	at org.apache.ratis.thirdparty.io.netty.handler.codec.http2.DefaultHttp2ConnectionEncoder.writeHeaders(DefaultHttp2ConnectionEncoder.java:151)
	at org.apache.ratis.thirdparty.io.netty.handler.codec.http2.DecoratingHttp2FrameWriter.writeHeaders(DecoratingHttp2FrameWriter.java:45)
	at org.apache.ratis.thirdparty.io.grpc.netty.NettyServerHandler.sendResponseHeaders(NettyServerHandler.java:690)
	at org.apache.ratis.thirdparty.io.grpc.netty.NettyServerHandler.write(NettyServerHandler.java:609)
	at org.apache.ratis.thirdparty.io.netty.channel.AbstractChannelHandlerContext.invokeWrite0(AbstractChannelHandlerContext.java:717)
	at org.apache.ratis.thirdparty.io.netty.channel.AbstractChannelHandlerContext.invokeWrite(AbstractChannelHandlerContext.java:709)
	at org.apache.ratis.thirdparty.io.netty.channel.AbstractChannelHandlerContext.write(AbstractChannelHandlerContext.java:792)
	at org.apache.ratis.thirdparty.io.netty.channel.AbstractChannelHandlerContext.write(AbstractChannelHandlerContext.java:702)
	at org.apache.ratis.thirdparty.io.netty.channel.DefaultChannelPipeline.write(DefaultChannelPipeline.java:1015)
	at org.apache.ratis.thirdparty.io.netty.channel.AbstractChannel.write(AbstractChannel.java:289)
	at org.apache.ratis.thirdparty.io.grpc.netty.WriteQueue$AbstractQueuedCommand.run(WriteQueue.java:200)
	at org.apache.ratis.thirdparty.io.grpc.netty.WriteQueue.flush(WriteQueue.java:115)
	at org.apache.ratis.thirdparty.io.grpc.netty.WriteQueue.access$000(WriteQueue.java:34)
	at org.apache.ratis.thirdparty.io.grpc.netty.WriteQueue$1.run(WriteQueue.java:46)
	at org.apache.ratis.thirdparty.io.netty.util.concurrent.AbstractEventExecutor.safeExecute(AbstractEventExecutor.java:164)
	at org.apache.ratis.thirdparty.io.netty.util.concurrent.SingleThreadEventExecutor.runAllTasks(SingleThreadEventExecutor.java:472)
	at org.apache.ratis.thirdparty.io.netty.channel.nio.NioEventLoop.run(NioEventLoop.java:500)
	at org.apache.ratis.thirdparty.io.netty.util.concurrent.SingleThreadEventExecutor$4.run(SingleThreadEventExecutor.java:989)
	at org.apache.ratis.thirdparty.io.netty.util.internal.ThreadExecutorMap$2.run(ThreadExecutorMap.java:74)
	at org.apache.ratis.thirdparty.io.netty.util.concurrent.FastThreadLocalRunnable.run(FastThreadLocalRunnable.java:30)
	at java.lang.Thread.run(Thread.java:748)

]]></system-err>
  </testcase>
</testsuite>