<?xml version="1.0" encoding="UTF-8"?>
<testsuite xmlns:xsi="http://www.w3.org/2001/XMLSchema-instance" xsi:noNamespaceSchemaLocation="https://maven.apache.org/surefire/maven-surefire-plugin/xsd/surefire-test-report.xsd" name="org.apache.hadoop.ozone.om.TestOzoneManagerBootstrap" time="216.913" tests="3" errors="0" skipped="0" failures="1">
  <properties>
    <property name="awt.toolkit" value="sun.awt.X11.XToolkit"/>
    <property name="file.encoding.pkg" value="sun.io"/>
    <property name="java.specification.version" value="1.8"/>
    <property name="sun.cpu.isalist" value=""/>
    <property name="sun.jnu.encoding" value="UTF-8"/>
    <property name="java.class.path" value="/home/runner/work/ozone/ozone/hadoop-ozone/integration-test/target/test-classes:/home/runner/work/ozone/ozone/hadoop-ozone/integration-test/target/classes:/home/runner/.m2/repository/org/apache/ozone/ozone-common/1.3.0-SNAPSHOT/ozone-common-1.3.0-SNAPSHOT.jar:/home/runner/.m2/repository/org/apache/commons/commons-compress/1.21/commons-compress-1.21.jar:/home/runner/.m2/repository/org/apache/ozone/hdds-common/1.3.0-SNAPSHOT/hdds-common-1.3.0-SNAPSHOT.jar:/home/runner/.m2/repository/org/apache/ozone/hdds-client/1.3.0-SNAPSHOT/hdds-client-1.3.0-SNAPSHOT.jar:/home/runner/.m2/repository/org/apache/ozone/ozone-interface-client/1.3.0-SNAPSHOT/ozone-interface-client-1.3.0-SNAPSHOT.jar:/home/runner/.m2/repository/org/apache/ozone/hdds-test-utils/1.3.0-SNAPSHOT/hdds-test-utils-1.3.0-SNAPSHOT.jar:/home/runner/.m2/repository/com/google/guava/guava/30.1.1-jre/guava-30.1.1-jre.jar:/home/runner/.m2/repository/com/google/guava/failureaccess/1.0.1/failureaccess-1.0.1.jar:/home/runner/.m2/repository/com/google/guava/listenablefuture/9999.0-empty-to-avoid-conflict-with-guava/listenablefuture-9999.0-empty-to-avoid-conflict-with-guava.jar:/home/runner/.m2/repository/com/google/code/findbugs/jsr305/3.0.0/jsr305-3.0.0.jar:/home/runner/.m2/repository/org/checkerframework/checker-qual/3.8.0/checker-qual-3.8.0.jar:/home/runner/.m2/repository/com/google/errorprone/error_prone_annotations/2.2.0/error_prone_annotations-2.2.0.jar:/home/runner/.m2/repository/com/google/j2objc/j2objc-annotations/1.3/j2objc-annotations-1.3.jar:/home/runner/.m2/repository/commons-io/commons-io/2.11.0/commons-io-2.11.0.jar:/home/runner/.m2/repository/commons-logging/commons-logging/1.2/commons-logging-1.2.jar:/home/runner/.m2/repository/log4j/log4j/1.2.17/log4j-1.2.17.jar:/home/runner/.m2/repository/org/slf4j/slf4j-api/1.7.30/slf4j-api-1.7.30.jar:/home/runner/.m2/repository/org/apache/ozone/hdds-server-scm/1.3.0-SNAPSHOT/hdds-server-scm-1.3.0-SNAPSHOT.jar:/home/runner/.m2/repository/org/apache/ozone/hdds-container-service/1.3.0-SNAPSHOT/hdds-container-service-1.3.0-SNAPSHOT.jar:/home/runner/.m2/repository/org/apache/ozone/hdds-hadoop-dependency-server/1.3.0-SNAPSHOT/hdds-hadoop-dependency-server-1.3.0-SNAPSHOT.jar:/home/runner/.m2/repository/org/apache/hadoop/hadoop-hdfs/3.3.1/hadoop-hdfs-3.3.1.jar:/home/runner/.m2/repository/org/apache/ozone/hdds-server-framework/1.3.0-SNAPSHOT/hdds-server-framework-1.3.0-SNAPSHOT.jar:/home/runner/.m2/repository/org/apache/ozone/hdds-interface-server/1.3.0-SNAPSHOT/hdds-interface-server-1.3.0-SNAPSHOT.jar:/home/runner/.m2/repository/org/eclipse/jetty/jetty-servlet/9.4.43.v20210629/jetty-servlet-9.4.43.v20210629.jar:/home/runner/.m2/repository/org/eclipse/jetty/jetty-security/9.4.43.v20210629/jetty-security-9.4.43.v20210629.jar:/home/runner/.m2/repository/org/rocksdb/rocksdbjni/6.25.3/rocksdbjni-6.25.3.jar:/home/runner/.m2/repository/io/prometheus/simpleclient_dropwizard/0.7.0/simpleclient_dropwizard-0.7.0.jar:/home/runner/.m2/repository/io/prometheus/simpleclient/0.7.0/simpleclient-0.7.0.jar:/home/runner/.m2/repository/io/prometheus/simpleclient_common/0.7.0/simpleclient_common-0.7.0.jar:/home/runner/.m2/repository/com/fasterxml/jackson/datatype/jackson-datatype-jsr310/2.12.1/jackson-datatype-jsr310-2.12.1.jar:/home/runner/.m2/repository/io/dropwizard/metrics/metrics-core/3.2.4/metrics-core-3.2.4.jar:/home/runner/.m2/repository/org/apache/hadoop/hadoop-hdfs-client/3.3.1/hadoop-hdfs-client-3.3.1.jar:/home/runner/.m2/repository/org/bouncycastle/bcprov-jdk15on/1.67/bcprov-jdk15on-1.67.jar:/home/runner/.m2/repository/com/google/protobuf/protobuf-java/2.5.0/protobuf-java-2.5.0.jar:/home/runner/.m2/repository/org/apache/ozone/ozone-manager/1.3.0-SNAPSHOT/ozone-manager-1.3.0-SNAPSHOT.jar:/home/runner/.m2/repository/org/aspectj/aspectjrt/1.9.7/aspectjrt-1.9.7.jar:/home/runner/.m2/repository/org/aspectj/aspectjweaver/1.9.7/aspectjweaver-1.9.7.jar:/home/runner/.m2/repository/org/apache/ozone/hdds-interface-client/1.3.0-SNAPSHOT/hdds-interface-client-1.3.0-SNAPSHOT.jar:/home/runner/.m2/repository/org/apache/hadoop/thirdparty/hadoop-shaded-protobuf_3_7/1.1.1/hadoop-shaded-protobuf_3_7-1.1.1.jar:/home/runner/.m2/repository/org/apache/ozone/ozone-interface-storage/1.3.0-SNAPSHOT/ozone-interface-storage-1.3.0-SNAPSHOT.jar:/home/runner/.m2/repository/org/reflections/reflections/0.9.11/reflections-0.9.11.jar:/home/runner/.m2/repository/org/apache/hadoop/hadoop-minikdc/3.3.1/hadoop-minikdc-3.3.1.jar:/home/runner/.m2/repository/org/apache/kerby/kerb-simplekdc/1.0.1/kerb-simplekdc-1.0.1.jar:/home/runner/.m2/repository/org/apache/kerby/kerb-client/1.0.1/kerb-client-1.0.1.jar:/home/runner/.m2/repository/org/apache/kerby/kerby-config/1.0.1/kerby-config-1.0.1.jar:/home/runner/.m2/repository/org/apache/kerby/kerb-common/1.0.1/kerb-common-1.0.1.jar:/home/runner/.m2/repository/org/apache/kerby/kerb-crypto/1.0.1/kerb-crypto-1.0.1.jar:/home/runner/.m2/repository/org/apache/kerby/kerb-util/1.0.1/kerb-util-1.0.1.jar:/home/runner/.m2/repository/org/apache/kerby/token-provider/1.0.1/token-provider-1.0.1.jar:/home/runner/.m2/repository/org/apache/kerby/kerb-admin/1.0.1/kerb-admin-1.0.1.jar:/home/runner/.m2/repository/org/apache/kerby/kerb-server/1.0.1/kerb-server-1.0.1.jar:/home/runner/.m2/repository/org/apache/kerby/kerb-identity/1.0.1/kerb-identity-1.0.1.jar:/home/runner/.m2/repository/org/apache/kerby/kerby-xdr/1.0.1/kerby-xdr-1.0.1.jar:/home/runner/.m2/repository/org/slf4j/slf4j-log4j12/1.7.30/slf4j-log4j12-1.7.30.jar:/home/runner/.m2/repository/org/apache/ozone/ozone-s3gateway/1.3.0-SNAPSHOT/ozone-s3gateway-1.3.0-SNAPSHOT.jar:/home/runner/.m2/repository/org/javassist/javassist/3.21.0-GA/javassist-3.21.0-GA.jar:/home/runner/.m2/repository/org/jboss/weld/servlet/weld-servlet/2.4.7.Final/weld-servlet-2.4.7.Final.jar:/home/runner/.m2/repository/org/glassfish/jersey/containers/jersey-container-servlet-core/2.33/jersey-container-servlet-core-2.33.jar:/home/runner/.m2/repository/org/glassfish/hk2/external/jakarta.inject/2.6.1/jakarta.inject-2.6.1.jar:/home/runner/.m2/repository/org/glassfish/jersey/core/jersey-common/2.33/jersey-common-2.33.jar:/home/runner/.m2/repository/jakarta/ws/rs/jakarta.ws.rs-api/2.1.6/jakarta.ws.rs-api-2.1.6.jar:/home/runner/.m2/repository/org/glassfish/jersey/ext/cdi/jersey-cdi1x/2.33/jersey-cdi1x-2.33.jar:/home/runner/.m2/repository/org/glassfish/jersey/inject/jersey-hk2/2.33/jersey-hk2-2.33.jar:/home/runner/.m2/repository/org/glassfish/hk2/hk2-locator/2.6.1/hk2-locator-2.6.1.jar:/home/runner/.m2/repository/org/glassfish/jersey/media/jersey-media-jaxb/2.33/jersey-media-jaxb-2.33.jar:/home/runner/.m2/repository/org/glassfish/hk2/osgi-resource-locator/1.0.3/osgi-resource-locator-1.0.3.jar:/home/runner/.m2/repository/org/glassfish/hk2/hk2-api/2.5.0/hk2-api-2.5.0.jar:/home/runner/.m2/repository/org/glassfish/hk2/hk2-utils/2.5.0/hk2-utils-2.5.0.jar:/home/runner/.m2/repository/org/glassfish/hk2/external/aopalliance-repackaged/2.5.0/aopalliance-repackaged-2.5.0.jar:/home/runner/.m2/repository/com/fasterxml/jackson/dataformat/jackson-dataformat-xml/2.12.1/jackson-dataformat-xml-2.12.1.jar:/home/runner/.m2/repository/com/fasterxml/jackson/core/jackson-core/2.12.1/jackson-core-2.12.1.jar:/home/runner/.m2/repository/com/fasterxml/jackson/module/jackson-module-jaxb-annotations/2.12.1/jackson-module-jaxb-annotations-2.12.1.jar:/home/runner/.m2/repository/jakarta/xml/bind/jakarta.xml.bind-api/2.3.2/jakarta.xml.bind-api-2.3.2.jar:/home/runner/.m2/repository/org/codehaus/woodstox/stax2-api/3.1.4/stax2-api-3.1.4.jar:/home/runner/.m2/repository/com/fasterxml/woodstox/woodstox-core/5.0.3/woodstox-core-5.0.3.jar:/home/runner/.m2/repository/javax/enterprise/cdi-api/1.2/cdi-api-1.2.jar:/home/runner/.m2/repository/javax/el/javax.el-api/3.0.0/javax.el-api-3.0.0.jar:/home/runner/.m2/repository/javax/interceptor/javax.interceptor-api/1.2/javax.interceptor-api-1.2.jar:/home/runner/.m2/repository/javax/inject/javax.inject/1/javax.inject-1.jar:/home/runner/.m2/repository/javax/xml/bind/jaxb-api/2.3.0/jaxb-api-2.3.0.jar:/home/runner/.m2/repository/org/glassfish/jaxb/jaxb-runtime/2.3.0.1/jaxb-runtime-2.3.0.1.jar:/home/runner/.m2/repository/org/glassfish/jaxb/jaxb-core/2.3.0.1/jaxb-core-2.3.0.1.jar:/home/runner/.m2/repository/org/glassfish/jaxb/txw2/2.3.0.1/txw2-2.3.0.1.jar:/home/runner/.m2/repository/com/sun/istack/istack-commons-runtime/3.0.5/istack-commons-runtime-3.0.5.jar:/home/runner/.m2/repository/org/jvnet/staxex/stax-ex/1.7.8/stax-ex-1.7.8.jar:/home/runner/.m2/repository/com/sun/xml/fastinfoset/FastInfoset/1.2.13/FastInfoset-1.2.13.jar:/home/runner/.m2/repository/javax/activation/activation/1.1.1/activation-1.1.1.jar:/home/runner/.m2/repository/org/apache/ozone/ozone-csi/1.3.0-SNAPSHOT/ozone-csi-1.3.0-SNAPSHOT.jar:/home/runner/.m2/repository/com/google/protobuf/protobuf-java-util/3.12.0/protobuf-java-util-3.12.0.jar:/home/runner/.m2/repository/com/google/code/gson/gson/2.2.4/gson-2.2.4.jar:/home/runner/.m2/repository/org/apache/ozone/hdds-config/1.3.0-SNAPSHOT/hdds-config-1.3.0-SNAPSHOT.jar:/home/runner/.m2/repository/io/grpc/grpc-netty/1.33.0/grpc-netty-1.33.0.jar:/home/runner/.m2/repository/io/grpc/grpc-core/1.33.0/grpc-core-1.33.0.jar:/home/runner/.m2/repository/com/google/android/annotations/4.1.1.4/annotations-4.1.1.4.jar:/home/runner/.m2/repository/io/netty/netty-codec-http2/4.1.63.Final/netty-codec-http2-4.1.63.Final.jar:/home/runner/.m2/repository/io/netty/netty-codec-http/4.1.63.Final/netty-codec-http-4.1.63.Final.jar:/home/runner/.m2/repository/io/netty/netty-handler-proxy/4.1.63.Final/netty-handler-proxy-4.1.63.Final.jar:/home/runner/.m2/repository/io/netty/netty-codec-socks/4.1.63.Final/netty-codec-socks-4.1.63.Final.jar:/home/runner/.m2/repository/io/perfmark/perfmark-api/0.19.0/perfmark-api-0.19.0.jar:/home/runner/.m2/repository/org/codehaus/mojo/animal-sniffer-annotations/1.18/animal-sniffer-annotations-1.18.jar:/home/runner/.m2/repository/io/netty/netty-transport-native-epoll/4.1.63.Final/netty-transport-native-epoll-4.1.63.Final.jar:/home/runner/.m2/repository/io/netty/netty-common/4.1.63.Final/netty-common-4.1.63.Final.jar:/home/runner/.m2/repository/io/netty/netty-buffer/4.1.63.Final/netty-buffer-4.1.63.Final.jar:/home/runner/.m2/repository/io/netty/netty-transport-native-unix-common/4.1.63.Final/netty-transport-native-unix-common-4.1.63.Final.jar:/home/runner/.m2/repository/io/grpc/grpc-protobuf/1.33.0/grpc-protobuf-1.33.0.jar:/home/runner/.m2/repository/io/grpc/grpc-api/1.33.0/grpc-api-1.33.0.jar:/home/runner/.m2/repository/io/grpc/grpc-context/1.33.0/grpc-context-1.33.0.jar:/home/runner/.m2/repository/com/google/api/grpc/proto-google-common-protos/1.17.0/proto-google-common-protos-1.17.0.jar:/home/runner/.m2/repository/io/grpc/grpc-protobuf-lite/1.33.0/grpc-protobuf-lite-1.33.0.jar:/home/runner/.m2/repository/io/grpc/grpc-stub/1.33.0/grpc-stub-1.33.0.jar:/home/runner/.m2/repository/org/apache/ozone/ozone-recon/1.3.0-SNAPSHOT/ozone-recon-1.3.0-SNAPSHOT.jar:/home/runner/.m2/repository/org/apache/ozone/ozone-reconcodegen/1.3.0-SNAPSHOT/ozone-reconcodegen-1.3.0-SNAPSHOT.jar:/home/runner/.m2/repository/com/google/inject/extensions/guice-multibindings/4.0/guice-multibindings-4.0.jar:/home/runner/.m2/repository/com/google/inject/guice/4.0/guice-4.0.jar:/home/runner/.m2/repository/aopalliance/aopalliance/1.0/aopalliance-1.0.jar:/home/runner/.m2/repository/com/google/inject/extensions/guice-assistedinject/4.0/guice-assistedinject-4.0.jar:/home/runner/.m2/repository/com/google/inject/extensions/guice-servlet/4.0/guice-servlet-4.0.jar:/home/runner/.m2/repository/org/glassfish/jersey/containers/jersey-container-servlet/2.33/jersey-container-servlet-2.33.jar:/home/runner/.m2/repository/org/glassfish/hk2/guice-bridge/2.5.0/guice-bridge-2.5.0.jar:/home/runner/.m2/repository/org/glassfish/jersey/core/jersey-server/2.33/jersey-server-2.33.jar:/home/runner/.m2/repository/org/glassfish/jersey/core/jersey-client/2.33/jersey-client-2.33.jar:/home/runner/.m2/repository/jakarta/annotation/jakarta.annotation-api/1.3.5/jakarta.annotation-api-1.3.5.jar:/home/runner/.m2/repository/jakarta/validation/jakarta.validation-api/2.0.2/jakarta.validation-api-2.0.2.jar:/home/runner/.m2/repository/org/glassfish/jersey/media/jersey-media-json-jackson/2.33/jersey-media-json-jackson-2.33.jar:/home/runner/.m2/repository/org/glassfish/jersey/ext/jersey-entity-filtering/2.33/jersey-entity-filtering-2.33.jar:/home/runner/.m2/repository/org/jooq/jooq/3.11.10/jooq-3.11.10.jar:/home/runner/.m2/repository/org/jooq/jooq-meta/3.11.10/jooq-meta-3.11.10.jar:/home/runner/.m2/repository/org/jooq/jooq-codegen/3.11.10/jooq-codegen-3.11.10.jar:/home/runner/.m2/repository/com/jolbox/bonecp/0.8.0.RELEASE/bonecp-0.8.0.RELEASE.jar:/home/runner/.m2/repository/org/apache/derby/derby/10.14.2.0/derby-10.14.2.0.jar:/home/runner/.m2/repository/org/xerial/sqlite-jdbc/3.25.2/sqlite-jdbc-3.25.2.jar:/home/runner/.m2/repository/org/springframework/spring-jdbc/5.2.18.RELEASE/spring-jdbc-5.2.18.RELEASE.jar:/home/runner/.m2/repository/org/springframework/spring-beans/5.2.18.RELEASE/spring-beans-5.2.18.RELEASE.jar:/home/runner/.m2/repository/org/springframework/spring-core/5.2.18.RELEASE/spring-core-5.2.18.RELEASE.jar:/home/runner/.m2/repository/org/springframework/spring-jcl/5.2.18.RELEASE/spring-jcl-5.2.18.RELEASE.jar:/home/runner/.m2/repository/org/springframework/spring-tx/5.2.18.RELEASE/spring-tx-5.2.18.RELEASE.jar:/home/runner/.m2/repository/org/apache/ozone/ozone-client/1.3.0-SNAPSHOT/ozone-client-1.3.0-SNAPSHOT.jar:/home/runner/.m2/repository/org/apache/ozone/ozone-filesystem/1.3.0-SNAPSHOT/ozone-filesystem-1.3.0-SNAPSHOT.jar:/home/runner/.m2/repository/org/apache/ozone/ozone-filesystem-common/1.3.0-SNAPSHOT/ozone-filesystem-common-1.3.0-SNAPSHOT.jar:/home/runner/.m2/repository/org/apache/ozone/ozone-tools/1.3.0-SNAPSHOT/ozone-tools-1.3.0-SNAPSHOT.jar:/home/runner/.m2/repository/org/apache/ratis/ratis-tools/2.2.0/ratis-tools-2.2.0.jar:/home/runner/.m2/repository/com/amazonaws/aws-java-sdk-core/1.12.124/aws-java-sdk-core-1.12.124.jar:/home/runner/.m2/repository/org/apache/httpcomponents/httpclient/4.5.13/httpclient-4.5.13.jar:/home/runner/.m2/repository/org/apache/httpcomponents/httpcore/4.4.13/httpcore-4.4.13.jar:/home/runner/.m2/repository/software/amazon/ion/ion-java/1.0.2/ion-java-1.0.2.jar:/home/runner/.m2/repository/com/fasterxml/jackson/dataformat/jackson-dataformat-cbor/2.12.1/jackson-dataformat-cbor-2.12.1.jar:/home/runner/.m2/repository/joda-time/joda-time/2.8.1/joda-time-2.8.1.jar:/home/runner/.m2/repository/com/amazonaws/aws-java-sdk-s3/1.12.124/aws-java-sdk-s3-1.12.124.jar:/home/runner/.m2/repository/com/amazonaws/aws-java-sdk-kms/1.12.124/aws-java-sdk-kms-1.12.124.jar:/home/runner/.m2/repository/com/amazonaws/jmespath-java/1.12.124/jmespath-java-1.12.124.jar:/home/runner/.m2/repository/org/kohsuke/metainf-services/metainf-services/1.8/metainf-services-1.8.jar:/home/runner/.m2/repository/org/apache/ozone/hdds-tools/1.3.0-SNAPSHOT/hdds-tools-1.3.0-SNAPSHOT.jar:/home/runner/.m2/repository/commons-cli/commons-cli/1.2/commons-cli-1.2.jar:/home/runner/.m2/repository/org/apache/commons/commons-lang3/3.7/commons-lang3-3.7.jar:/home/runner/.m2/repository/org/apache/ozone/ozone-manager/1.3.0-SNAPSHOT/ozone-manager-1.3.0-SNAPSHOT-tests.jar:/home/runner/.m2/repository/org/apache/ozone/hdds-common/1.3.0-SNAPSHOT/hdds-common-1.3.0-SNAPSHOT-tests.jar:/home/runner/.m2/repository/org/apache/ozone/hdds-hadoop-dependency-client/1.3.0-SNAPSHOT/hdds-hadoop-dependency-client-1.3.0-SNAPSHOT.jar:/home/runner/.m2/repository/info/picocli/picocli/4.6.1/picocli-4.6.1.jar:/home/runner/.m2/repository/com/fasterxml/jackson/core/jackson-annotations/2.12.1/jackson-annotations-2.12.1.jar:/home/runner/.m2/repository/javax/annotation/javax.annotation-api/1.2/javax.annotation-api-1.2.jar:/home/runner/.m2/repository/org/apache/ratis/ratis-server/2.2.0/ratis-server-2.2.0.jar:/home/runner/.m2/repository/org/apache/ratis/ratis-client/2.2.0/ratis-client-2.2.0.jar:/home/runner/.m2/repository/org/apache/ratis/ratis-server-api/2.2.0/ratis-server-api-2.2.0.jar:/home/runner/.m2/repository/org/apache/ratis/ratis-metrics/2.2.0/ratis-metrics-2.2.0.jar:/home/runner/.m2/repository/org/apache/ratis/ratis-netty/2.2.0/ratis-netty-2.2.0.jar:/home/runner/.m2/repository/org/apache/ratis/ratis-grpc/2.2.0/ratis-grpc-2.2.0.jar:/home/runner/.m2/repository/org/apache/logging/log4j/log4j-api/2.13.3/log4j-api-2.13.3.jar:/home/runner/.m2/repository/org/apache/logging/log4j/log4j-core/2.13.3/log4j-core-2.13.3.jar:/home/runner/.m2/repository/com/lmax/disruptor/3.4.2/disruptor-3.4.2.jar:/home/runner/.m2/repository/org/apache/commons/commons-pool2/2.6.0/commons-pool2-2.6.0.jar:/home/runner/.m2/repository/org/bouncycastle/bcpkix-jdk15on/1.67/bcpkix-jdk15on-1.67.jar:/home/runner/.m2/repository/commons-validator/commons-validator/1.6/commons-validator-1.6.jar:/home/runner/.m2/repository/commons-beanutils/commons-beanutils/1.9.4/commons-beanutils-1.9.4.jar:/home/runner/.m2/repository/commons-digester/commons-digester/1.8.1/commons-digester-1.8.1.jar:/home/runner/.m2/repository/commons-collections/commons-collections/3.2.2/commons-collections-3.2.2.jar:/home/runner/.m2/repository/io/jaegertracing/jaeger-client/1.6.0/jaeger-client-1.6.0.jar:/home/runner/.m2/repository/io/jaegertracing/jaeger-thrift/1.6.0/jaeger-thrift-1.6.0.jar:/home/runner/.m2/repository/org/apache/thrift/libthrift/0.14.1/libthrift-0.14.1.jar:/home/runner/.m2/repository/com/squareup/okhttp3/okhttp/4.9.0/okhttp-4.9.0.jar:/home/runner/.m2/repository/com/squareup/okio/okio/2.8.0/okio-2.8.0.jar:/home/runner/.m2/repository/io/jaegertracing/jaeger-core/1.6.0/jaeger-core-1.6.0.jar:/home/runner/.m2/repository/io/jaegertracing/jaeger-tracerresolver/1.6.0/jaeger-tracerresolver-1.6.0.jar:/home/runner/.m2/repository/io/opentracing/contrib/opentracing-tracerresolver/0.1.8/opentracing-tracerresolver-0.1.8.jar:/home/runner/.m2/repository/org/jetbrains/kotlin/kotlin-stdlib/1.4.31/kotlin-stdlib-1.4.31.jar:/home/runner/.m2/repository/org/jetbrains/kotlin/kotlin-stdlib-common/1.4.31/kotlin-stdlib-common-1.4.31.jar:/home/runner/.m2/repository/org/jetbrains/annotations/13.0/annotations-13.0.jar:/home/runner/.m2/repository/io/opentracing/opentracing-util/0.33.0/opentracing-util-0.33.0.jar:/home/runner/.m2/repository/io/opentracing/opentracing-api/0.33.0/opentracing-api-0.33.0.jar:/home/runner/.m2/repository/io/opentracing/opentracing-noop/0.33.0/opentracing-noop-0.33.0.jar:/home/runner/.m2/repository/org/yaml/snakeyaml/1.26/snakeyaml-1.26.jar:/home/runner/.m2/repository/org/apache/ozone/hdds-interface-admin/1.3.0-SNAPSHOT/hdds-interface-admin-1.3.0-SNAPSHOT.jar:/home/runner/.m2/repository/junit/junit/4.13.1/junit-4.13.1.jar:/home/runner/.m2/repository/org/hamcrest/hamcrest-core/1.3/hamcrest-core-1.3.jar:/home/runner/.m2/repository/org/junit/jupiter/junit-jupiter-api/5.7.0/junit-jupiter-api-5.7.0.jar:/home/runner/.m2/repository/org/apiguardian/apiguardian-api/1.1.0/apiguardian-api-1.1.0.jar:/home/runner/.m2/repository/org/opentest4j/opentest4j/1.2.0/opentest4j-1.2.0.jar:/home/runner/.m2/repository/org/junit/platform/junit-platform-commons/1.7.0/junit-platform-commons-1.7.0.jar:/home/runner/.m2/repository/org/junit/jupiter/junit-jupiter-engine/5.7.0/junit-jupiter-engine-5.7.0.jar:/home/runner/.m2/repository/org/junit/platform/junit-platform-engine/1.7.0/junit-platform-engine-1.7.0.jar:/home/runner/.m2/repository/org/junit/vintage/junit-vintage-engine/5.7.0/junit-vintage-engine-5.7.0.jar:/home/runner/.m2/repository/org/junit/platform/junit-platform-launcher/1.7.0/junit-platform-launcher-1.7.0.jar:/home/runner/.m2/repository/org/openjdk/jmh/jmh-core/1.19/jmh-core-1.19.jar:/home/runner/.m2/repository/net/sf/jopt-simple/jopt-simple/4.6/jopt-simple-4.6.jar:/home/runner/.m2/repository/org/apache/commons/commons-math3/3.1.1/commons-math3-3.1.1.jar:/home/runner/.m2/repository/org/openjdk/jmh/jmh-generator-annprocess/1.19/jmh-generator-annprocess-1.19.jar:/home/runner/.m2/repository/org/mockito/mockito-core/2.28.2/mockito-core-2.28.2.jar:/home/runner/.m2/repository/net/bytebuddy/byte-buddy/1.9.10/byte-buddy-1.9.10.jar:/home/runner/.m2/repository/net/bytebuddy/byte-buddy-agent/1.9.10/byte-buddy-agent-1.9.10.jar:/home/runner/.m2/repository/org/objenesis/objenesis/1.0/objenesis-1.0.jar:/home/runner/.m2/repository/org/apache/hadoop/hadoop-kms/3.3.1/hadoop-kms-3.3.1.jar:/home/runner/.m2/repository/org/apache/hadoop/hadoop-auth/3.3.1/hadoop-auth-3.3.1.jar:/home/runner/.m2/repository/com/nimbusds/nimbus-jose-jwt/7.9/nimbus-jose-jwt-7.9.jar:/home/runner/.m2/repository/com/github/stephenc/jcip/jcip-annotations/1.0-1/jcip-annotations-1.0-1.jar:/home/runner/.m2/repository/net/minidev/json-smart/2.3.1/json-smart-2.3.1.jar:/home/runner/.m2/repository/net/minidev/accessors-smart/2.3.1/accessors-smart-2.3.1.jar:/home/runner/.m2/repository/org/ow2/asm/asm/5.0.4/asm-5.0.4.jar:/home/runner/.m2/repository/org/apache/zookeeper/zookeeper/3.5.6/zookeeper-3.5.6.jar:/home/runner/.m2/repository/org/apache/zookeeper/zookeeper-jute/3.5.6/zookeeper-jute-3.5.6.jar:/home/runner/.m2/repository/org/apache/yetus/audience-annotations/0.5.0/audience-annotations-0.5.0.jar:/home/runner/.m2/repository/org/apache/curator/curator-framework/4.2.0/curator-framework-4.2.0.jar:/home/runner/.m2/repository/org/apache/hadoop/thirdparty/hadoop-shaded-guava/1.1.1/hadoop-shaded-guava-1.1.1.jar:/home/runner/.m2/repository/com/sun/jersey/jersey-core/1.19/jersey-core-1.19.jar:/home/runner/.m2/repository/javax/ws/rs/jsr311-api/1.1.1/jsr311-api-1.1.1.jar:/home/runner/.m2/repository/com/sun/jersey/jersey-server/1.19/jersey-server-1.19.jar:/home/runner/.m2/repository/javax/servlet/javax.servlet-api/3.1.0/javax.servlet-api-3.1.0.jar:/home/runner/.m2/repository/org/eclipse/jetty/jetty-server/9.4.43.v20210629/jetty-server-9.4.43.v20210629.jar:/home/runner/.m2/repository/org/eclipse/jetty/jetty-http/9.4.43.v20210629/jetty-http-9.4.43.v20210629.jar:/home/runner/.m2/repository/org/eclipse/jetty/jetty-io/9.4.43.v20210629/jetty-io-9.4.43.v20210629.jar:/home/runner/.m2/repository/org/eclipse/jetty/jetty-webapp/9.4.43.v20210629/jetty-webapp-9.4.43.v20210629.jar:/home/runner/.m2/repository/org/eclipse/jetty/jetty-xml/9.4.43.v20210629/jetty-xml-9.4.43.v20210629.jar:/home/runner/.m2/repository/org/apache/hadoop/hadoop-common/3.3.1/hadoop-common-3.3.1.jar:/home/runner/.m2/repository/commons-net/commons-net/3.6/commons-net-3.6.jar:/home/runner/.m2/repository/jakarta/activation/jakarta.activation-api/1.2.1/jakarta.activation-api-1.2.1.jar:/home/runner/.m2/repository/com/sun/jersey/jersey-servlet/1.19/jersey-servlet-1.19.jar:/home/runner/.m2/repository/com/sun/jersey/jersey-json/1.19/jersey-json-1.19.jar:/home/runner/.m2/repository/org/codehaus/jettison/jettison/1.1/jettison-1.1.jar:/home/runner/.m2/repository/com/sun/xml/bind/jaxb-impl/2.2.3-1/jaxb-impl-2.2.3-1.jar:/home/runner/.m2/repository/org/codehaus/jackson/jackson-jaxrs/1.9.2/jackson-jaxrs-1.9.2.jar:/home/runner/.m2/repository/org/codehaus/jackson/jackson-xc/1.9.2/jackson-xc-1.9.2.jar:/home/runner/.m2/repository/org/apache/commons/commons-configuration2/2.1.1/commons-configuration2-2.1.1.jar:/home/runner/.m2/repository/org/apache/commons/commons-text/1.4/commons-text-1.4.jar:/home/runner/.m2/repository/com/google/re2j/re2j/1.1/re2j-1.1.jar:/home/runner/.m2/repository/com/jcraft/jsch/0.1.54/jsch-0.1.54.jar:/home/runner/.m2/repository/org/apache/curator/curator-client/4.2.0/curator-client-4.2.0.jar:/home/runner/.m2/repository/org/apache/curator/curator-recipes/4.2.0/curator-recipes-4.2.0.jar:/home/runner/.m2/repository/org/apache/kerby/kerb-core/1.0.1/kerb-core-1.0.1.jar:/home/runner/.m2/repository/org/apache/kerby/kerby-pkix/1.0.1/kerby-pkix-1.0.1.jar:/home/runner/.m2/repository/org/apache/kerby/kerby-asn1/1.0.1/kerby-asn1-1.0.1.jar:/home/runner/.m2/repository/org/apache/kerby/kerby-util/1.0.1/kerby-util-1.0.1.jar:/home/runner/.m2/repository/dnsjava/dnsjava/2.1.7/dnsjava-2.1.7.jar:/home/runner/.m2/repository/org/xerial/snappy/snappy-java/1.1.8.2/snappy-java-1.1.8.2.jar:/home/runner/.m2/repository/org/slf4j/jul-to-slf4j/1.7.30/jul-to-slf4j-1.7.30.jar:/home/runner/.m2/repository/org/eclipse/jetty/jetty-util/9.4.43.v20210629/jetty-util-9.4.43.v20210629.jar:/home/runner/.m2/repository/com/fasterxml/jackson/core/jackson-databind/2.12.1/jackson-databind-2.12.1.jar:/home/runner/.m2/repository/org/apache/hadoop/hadoop-kms/3.3.1/hadoop-kms-3.3.1-tests.jar:/home/runner/.m2/repository/org/apache/ozone/hdds-server-scm/1.3.0-SNAPSHOT/hdds-server-scm-1.3.0-SNAPSHOT-tests.jar:/home/runner/.m2/repository/org/apache/ozone/hdds-container-service/1.3.0-SNAPSHOT/hdds-container-service-1.3.0-SNAPSHOT-tests.jar:/home/runner/.m2/repository/commons-codec/commons-codec/1.11/commons-codec-1.11.jar:/home/runner/.m2/repository/io/netty/netty-transport/4.1.63.Final/netty-transport-4.1.63.Final.jar:/home/runner/.m2/repository/io/netty/netty-resolver/4.1.63.Final/netty-resolver-4.1.63.Final.jar:/home/runner/.m2/repository/io/netty/netty-codec/4.1.63.Final/netty-codec-4.1.63.Final.jar:/home/runner/.m2/repository/io/netty/netty-handler/4.1.63.Final/netty-handler-4.1.63.Final.jar:/home/runner/.m2/repository/org/apache/ozone/hdds-hadoop-dependency-test/1.3.0-SNAPSHOT/hdds-hadoop-dependency-test-1.3.0-SNAPSHOT.jar:/home/runner/.m2/repository/org/apache/hadoop/hadoop-common/3.3.1/hadoop-common-3.3.1-tests.jar:/home/runner/.m2/repository/org/assertj/assertj-core/3.12.2/assertj-core-3.12.2.jar:/home/runner/.m2/repository/org/apache/hadoop/hadoop-hdfs/3.3.1/hadoop-hdfs-3.3.1-tests.jar:/home/runner/.m2/repository/org/eclipse/jetty/jetty-util-ajax/9.4.43.v20210629/jetty-util-ajax-9.4.43.v20210629.jar:/home/runner/.m2/repository/commons-daemon/commons-daemon/1.0.13/commons-daemon-1.0.13.jar:/home/runner/.m2/repository/io/netty/netty/3.10.6.Final/netty-3.10.6.Final.jar:/home/runner/.m2/repository/io/netty/netty-all/4.1.63.Final/netty-all-4.1.63.Final.jar:/home/runner/.m2/repository/org/apache/htrace/htrace-core4/4.1.0-incubating/htrace-core4-4.1.0-incubating.jar:/home/runner/.m2/repository/org/fusesource/leveldbjni/leveldbjni-all/1.8/leveldbjni-all-1.8.jar:/home/runner/.m2/repository/org/apache/hadoop/hadoop-distcp/3.3.1/hadoop-distcp-3.3.1.jar:/home/runner/.m2/repository/org/apache/hadoop/hadoop-mapreduce-client-jobclient/3.3.1/hadoop-mapreduce-client-jobclient-3.3.1.jar:/home/runner/.m2/repository/org/apache/hadoop/hadoop-mapreduce-client-common/3.3.1/hadoop-mapreduce-client-common-3.3.1.jar:/home/runner/.m2/repository/org/apache/hadoop/hadoop-yarn-common/3.3.1/hadoop-yarn-common-3.3.1.jar:/home/runner/.m2/repository/org/apache/hadoop/hadoop-yarn-api/3.3.1/hadoop-yarn-api-3.3.1.jar:/home/runner/.m2/repository/com/sun/jersey/jersey-client/1.19/jersey-client-1.19.jar:/home/runner/.m2/repository/com/sun/jersey/contribs/jersey-guice/1.19/jersey-guice-1.19.jar:/home/runner/.m2/repository/com/fasterxml/jackson/jaxrs/jackson-jaxrs-json-provider/2.12.1/jackson-jaxrs-json-provider-2.12.1.jar:/home/runner/.m2/repository/com/fasterxml/jackson/jaxrs/jackson-jaxrs-base/2.12.1/jackson-jaxrs-base-2.12.1.jar:/home/runner/.m2/repository/org/apache/hadoop/hadoop-yarn-client/3.3.1/hadoop-yarn-client-3.3.1.jar:/home/runner/.m2/repository/org/eclipse/jetty/websocket/websocket-client/9.4.40.v20210413/websocket-client-9.4.40.v20210413.jar:/home/runner/.m2/repository/org/eclipse/jetty/jetty-client/9.4.40.v20210413/jetty-client-9.4.40.v20210413.jar:/home/runner/.m2/repository/org/eclipse/jetty/websocket/websocket-common/9.4.40.v20210413/websocket-common-9.4.40.v20210413.jar:/home/runner/.m2/repository/org/eclipse/jetty/websocket/websocket-api/9.4.40.v20210413/websocket-api-9.4.40.v20210413.jar:/home/runner/.m2/repository/org/jline/jline/3.9.0/jline-3.9.0.jar:/home/runner/.m2/repository/org/apache/hadoop/hadoop-mapreduce-client-core/3.3.1/hadoop-mapreduce-client-core-3.3.1.jar:/home/runner/.m2/repository/org/apache/avro/avro/1.7.7/avro-1.7.7.jar:/home/runner/.m2/repository/org/codehaus/jackson/jackson-core-asl/1.9.13/jackson-core-asl-1.9.13.jar:/home/runner/.m2/repository/org/codehaus/jackson/jackson-mapper-asl/1.9.13/jackson-mapper-asl-1.9.13.jar:/home/runner/.m2/repository/com/thoughtworks/paranamer/paranamer/2.3/paranamer-2.3.jar:/home/runner/.m2/repository/org/apache/hadoop/hadoop-annotations/3.3.1/hadoop-annotations-3.3.1.jar:/usr/lib/jvm/adoptopenjdk-8-hotspot-amd64/jre/../lib/tools.jar:/home/runner/.m2/repository/org/apache/hadoop/hadoop-distcp/3.3.1/hadoop-distcp-3.3.1-tests.jar:/home/runner/.m2/repository/org/apache/ratis/ratis-common/2.2.0/ratis-common-2.2.0.jar:/home/runner/.m2/repository/org/apache/ratis/ratis-thirdparty-misc/0.7.0/ratis-thirdparty-misc-0.7.0.jar:/home/runner/.m2/repository/org/apache/ratis/ratis-proto/2.2.0/ratis-proto-2.2.0.jar:"/>
    <property name="java.vm.vendor" value="AdoptOpenJDK"/>
    <property name="sun.arch.data.model" value="64"/>
    <property name="test.build.dir" value="/home/runner/work/ozone/ozone/hadoop-ozone/integration-test/target/test-dir"/>
    <property name="test.cache.data" value=""/>
    <property name="java.vendor.url" value="https://adoptopenjdk.net/"/>
    <property name="user.timezone" value=""/>
    <property name="java.vm.specification.version" value="1.8"/>
    <property name="os.name" value="Linux"/>
    <property name="test.build.data" value="/home/runner/work/ozone/ozone/hadoop-ozone/integration-test/target/test-dir"/>
    <property name="sun.java.launcher" value="SUN_STANDARD"/>
    <property name="sun.boot.library.path" value="/usr/lib/jvm/adoptopenjdk-8-hotspot-amd64/jre/lib/amd64"/>
    <property name="sun.java.command" value="/home/runner/work/ozone/ozone/hadoop-ozone/integration-test/target/surefire/surefirebooter8797661624534386361.jar /home/runner/work/ozone/ozone/hadoop-ozone/integration-test/target/surefire 2021-12-08T15-38-05_402-jvmRun1 surefire5612874532670341116tmp surefire_386700568527646321441tmp"/>
    <property name="surefire.test.class.path" value="/home/runner/work/ozone/ozone/hadoop-ozone/integration-test/target/test-classes:/home/runner/work/ozone/ozone/hadoop-ozone/integration-test/target/classes:/home/runner/.m2/repository/org/apache/ozone/ozone-common/1.3.0-SNAPSHOT/ozone-common-1.3.0-SNAPSHOT.jar:/home/runner/.m2/repository/org/apache/commons/commons-compress/1.21/commons-compress-1.21.jar:/home/runner/.m2/repository/org/apache/ozone/hdds-common/1.3.0-SNAPSHOT/hdds-common-1.3.0-SNAPSHOT.jar:/home/runner/.m2/repository/org/apache/ozone/hdds-client/1.3.0-SNAPSHOT/hdds-client-1.3.0-SNAPSHOT.jar:/home/runner/.m2/repository/org/apache/ozone/ozone-interface-client/1.3.0-SNAPSHOT/ozone-interface-client-1.3.0-SNAPSHOT.jar:/home/runner/.m2/repository/org/apache/ozone/hdds-test-utils/1.3.0-SNAPSHOT/hdds-test-utils-1.3.0-SNAPSHOT.jar:/home/runner/.m2/repository/com/google/guava/guava/30.1.1-jre/guava-30.1.1-jre.jar:/home/runner/.m2/repository/com/google/guava/failureaccess/1.0.1/failureaccess-1.0.1.jar:/home/runner/.m2/repository/com/google/guava/listenablefuture/9999.0-empty-to-avoid-conflict-with-guava/listenablefuture-9999.0-empty-to-avoid-conflict-with-guava.jar:/home/runner/.m2/repository/com/google/code/findbugs/jsr305/3.0.0/jsr305-3.0.0.jar:/home/runner/.m2/repository/org/checkerframework/checker-qual/3.8.0/checker-qual-3.8.0.jar:/home/runner/.m2/repository/com/google/errorprone/error_prone_annotations/2.2.0/error_prone_annotations-2.2.0.jar:/home/runner/.m2/repository/com/google/j2objc/j2objc-annotations/1.3/j2objc-annotations-1.3.jar:/home/runner/.m2/repository/commons-io/commons-io/2.11.0/commons-io-2.11.0.jar:/home/runner/.m2/repository/commons-logging/commons-logging/1.2/commons-logging-1.2.jar:/home/runner/.m2/repository/log4j/log4j/1.2.17/log4j-1.2.17.jar:/home/runner/.m2/repository/org/slf4j/slf4j-api/1.7.30/slf4j-api-1.7.30.jar:/home/runner/.m2/repository/org/apache/ozone/hdds-server-scm/1.3.0-SNAPSHOT/hdds-server-scm-1.3.0-SNAPSHOT.jar:/home/runner/.m2/repository/org/apache/ozone/hdds-container-service/1.3.0-SNAPSHOT/hdds-container-service-1.3.0-SNAPSHOT.jar:/home/runner/.m2/repository/org/apache/ozone/hdds-hadoop-dependency-server/1.3.0-SNAPSHOT/hdds-hadoop-dependency-server-1.3.0-SNAPSHOT.jar:/home/runner/.m2/repository/org/apache/hadoop/hadoop-hdfs/3.3.1/hadoop-hdfs-3.3.1.jar:/home/runner/.m2/repository/org/apache/ozone/hdds-server-framework/1.3.0-SNAPSHOT/hdds-server-framework-1.3.0-SNAPSHOT.jar:/home/runner/.m2/repository/org/apache/ozone/hdds-interface-server/1.3.0-SNAPSHOT/hdds-interface-server-1.3.0-SNAPSHOT.jar:/home/runner/.m2/repository/org/eclipse/jetty/jetty-servlet/9.4.43.v20210629/jetty-servlet-9.4.43.v20210629.jar:/home/runner/.m2/repository/org/eclipse/jetty/jetty-security/9.4.43.v20210629/jetty-security-9.4.43.v20210629.jar:/home/runner/.m2/repository/org/rocksdb/rocksdbjni/6.25.3/rocksdbjni-6.25.3.jar:/home/runner/.m2/repository/io/prometheus/simpleclient_dropwizard/0.7.0/simpleclient_dropwizard-0.7.0.jar:/home/runner/.m2/repository/io/prometheus/simpleclient/0.7.0/simpleclient-0.7.0.jar:/home/runner/.m2/repository/io/prometheus/simpleclient_common/0.7.0/simpleclient_common-0.7.0.jar:/home/runner/.m2/repository/com/fasterxml/jackson/datatype/jackson-datatype-jsr310/2.12.1/jackson-datatype-jsr310-2.12.1.jar:/home/runner/.m2/repository/io/dropwizard/metrics/metrics-core/3.2.4/metrics-core-3.2.4.jar:/home/runner/.m2/repository/org/apache/hadoop/hadoop-hdfs-client/3.3.1/hadoop-hdfs-client-3.3.1.jar:/home/runner/.m2/repository/org/bouncycastle/bcprov-jdk15on/1.67/bcprov-jdk15on-1.67.jar:/home/runner/.m2/repository/com/google/protobuf/protobuf-java/2.5.0/protobuf-java-2.5.0.jar:/home/runner/.m2/repository/org/apache/ozone/ozone-manager/1.3.0-SNAPSHOT/ozone-manager-1.3.0-SNAPSHOT.jar:/home/runner/.m2/repository/org/aspectj/aspectjrt/1.9.7/aspectjrt-1.9.7.jar:/home/runner/.m2/repository/org/aspectj/aspectjweaver/1.9.7/aspectjweaver-1.9.7.jar:/home/runner/.m2/repository/org/apache/ozone/hdds-interface-client/1.3.0-SNAPSHOT/hdds-interface-client-1.3.0-SNAPSHOT.jar:/home/runner/.m2/repository/org/apache/hadoop/thirdparty/hadoop-shaded-protobuf_3_7/1.1.1/hadoop-shaded-protobuf_3_7-1.1.1.jar:/home/runner/.m2/repository/org/apache/ozone/ozone-interface-storage/1.3.0-SNAPSHOT/ozone-interface-storage-1.3.0-SNAPSHOT.jar:/home/runner/.m2/repository/org/reflections/reflections/0.9.11/reflections-0.9.11.jar:/home/runner/.m2/repository/org/apache/hadoop/hadoop-minikdc/3.3.1/hadoop-minikdc-3.3.1.jar:/home/runner/.m2/repository/org/apache/kerby/kerb-simplekdc/1.0.1/kerb-simplekdc-1.0.1.jar:/home/runner/.m2/repository/org/apache/kerby/kerb-client/1.0.1/kerb-client-1.0.1.jar:/home/runner/.m2/repository/org/apache/kerby/kerby-config/1.0.1/kerby-config-1.0.1.jar:/home/runner/.m2/repository/org/apache/kerby/kerb-common/1.0.1/kerb-common-1.0.1.jar:/home/runner/.m2/repository/org/apache/kerby/kerb-crypto/1.0.1/kerb-crypto-1.0.1.jar:/home/runner/.m2/repository/org/apache/kerby/kerb-util/1.0.1/kerb-util-1.0.1.jar:/home/runner/.m2/repository/org/apache/kerby/token-provider/1.0.1/token-provider-1.0.1.jar:/home/runner/.m2/repository/org/apache/kerby/kerb-admin/1.0.1/kerb-admin-1.0.1.jar:/home/runner/.m2/repository/org/apache/kerby/kerb-server/1.0.1/kerb-server-1.0.1.jar:/home/runner/.m2/repository/org/apache/kerby/kerb-identity/1.0.1/kerb-identity-1.0.1.jar:/home/runner/.m2/repository/org/apache/kerby/kerby-xdr/1.0.1/kerby-xdr-1.0.1.jar:/home/runner/.m2/repository/org/slf4j/slf4j-log4j12/1.7.30/slf4j-log4j12-1.7.30.jar:/home/runner/.m2/repository/org/apache/ozone/ozone-s3gateway/1.3.0-SNAPSHOT/ozone-s3gateway-1.3.0-SNAPSHOT.jar:/home/runner/.m2/repository/org/javassist/javassist/3.21.0-GA/javassist-3.21.0-GA.jar:/home/runner/.m2/repository/org/jboss/weld/servlet/weld-servlet/2.4.7.Final/weld-servlet-2.4.7.Final.jar:/home/runner/.m2/repository/org/glassfish/jersey/containers/jersey-container-servlet-core/2.33/jersey-container-servlet-core-2.33.jar:/home/runner/.m2/repository/org/glassfish/hk2/external/jakarta.inject/2.6.1/jakarta.inject-2.6.1.jar:/home/runner/.m2/repository/org/glassfish/jersey/core/jersey-common/2.33/jersey-common-2.33.jar:/home/runner/.m2/repository/jakarta/ws/rs/jakarta.ws.rs-api/2.1.6/jakarta.ws.rs-api-2.1.6.jar:/home/runner/.m2/repository/org/glassfish/jersey/ext/cdi/jersey-cdi1x/2.33/jersey-cdi1x-2.33.jar:/home/runner/.m2/repository/org/glassfish/jersey/inject/jersey-hk2/2.33/jersey-hk2-2.33.jar:/home/runner/.m2/repository/org/glassfish/hk2/hk2-locator/2.6.1/hk2-locator-2.6.1.jar:/home/runner/.m2/repository/org/glassfish/jersey/media/jersey-media-jaxb/2.33/jersey-media-jaxb-2.33.jar:/home/runner/.m2/repository/org/glassfish/hk2/osgi-resource-locator/1.0.3/osgi-resource-locator-1.0.3.jar:/home/runner/.m2/repository/org/glassfish/hk2/hk2-api/2.5.0/hk2-api-2.5.0.jar:/home/runner/.m2/repository/org/glassfish/hk2/hk2-utils/2.5.0/hk2-utils-2.5.0.jar:/home/runner/.m2/repository/org/glassfish/hk2/external/aopalliance-repackaged/2.5.0/aopalliance-repackaged-2.5.0.jar:/home/runner/.m2/repository/com/fasterxml/jackson/dataformat/jackson-dataformat-xml/2.12.1/jackson-dataformat-xml-2.12.1.jar:/home/runner/.m2/repository/com/fasterxml/jackson/core/jackson-core/2.12.1/jackson-core-2.12.1.jar:/home/runner/.m2/repository/com/fasterxml/jackson/module/jackson-module-jaxb-annotations/2.12.1/jackson-module-jaxb-annotations-2.12.1.jar:/home/runner/.m2/repository/jakarta/xml/bind/jakarta.xml.bind-api/2.3.2/jakarta.xml.bind-api-2.3.2.jar:/home/runner/.m2/repository/org/codehaus/woodstox/stax2-api/3.1.4/stax2-api-3.1.4.jar:/home/runner/.m2/repository/com/fasterxml/woodstox/woodstox-core/5.0.3/woodstox-core-5.0.3.jar:/home/runner/.m2/repository/javax/enterprise/cdi-api/1.2/cdi-api-1.2.jar:/home/runner/.m2/repository/javax/el/javax.el-api/3.0.0/javax.el-api-3.0.0.jar:/home/runner/.m2/repository/javax/interceptor/javax.interceptor-api/1.2/javax.interceptor-api-1.2.jar:/home/runner/.m2/repository/javax/inject/javax.inject/1/javax.inject-1.jar:/home/runner/.m2/repository/javax/xml/bind/jaxb-api/2.3.0/jaxb-api-2.3.0.jar:/home/runner/.m2/repository/org/glassfish/jaxb/jaxb-runtime/2.3.0.1/jaxb-runtime-2.3.0.1.jar:/home/runner/.m2/repository/org/glassfish/jaxb/jaxb-core/2.3.0.1/jaxb-core-2.3.0.1.jar:/home/runner/.m2/repository/org/glassfish/jaxb/txw2/2.3.0.1/txw2-2.3.0.1.jar:/home/runner/.m2/repository/com/sun/istack/istack-commons-runtime/3.0.5/istack-commons-runtime-3.0.5.jar:/home/runner/.m2/repository/org/jvnet/staxex/stax-ex/1.7.8/stax-ex-1.7.8.jar:/home/runner/.m2/repository/com/sun/xml/fastinfoset/FastInfoset/1.2.13/FastInfoset-1.2.13.jar:/home/runner/.m2/repository/javax/activation/activation/1.1.1/activation-1.1.1.jar:/home/runner/.m2/repository/org/apache/ozone/ozone-csi/1.3.0-SNAPSHOT/ozone-csi-1.3.0-SNAPSHOT.jar:/home/runner/.m2/repository/com/google/protobuf/protobuf-java-util/3.12.0/protobuf-java-util-3.12.0.jar:/home/runner/.m2/repository/com/google/code/gson/gson/2.2.4/gson-2.2.4.jar:/home/runner/.m2/repository/org/apache/ozone/hdds-config/1.3.0-SNAPSHOT/hdds-config-1.3.0-SNAPSHOT.jar:/home/runner/.m2/repository/io/grpc/grpc-netty/1.33.0/grpc-netty-1.33.0.jar:/home/runner/.m2/repository/io/grpc/grpc-core/1.33.0/grpc-core-1.33.0.jar:/home/runner/.m2/repository/com/google/android/annotations/4.1.1.4/annotations-4.1.1.4.jar:/home/runner/.m2/repository/io/netty/netty-codec-http2/4.1.63.Final/netty-codec-http2-4.1.63.Final.jar:/home/runner/.m2/repository/io/netty/netty-codec-http/4.1.63.Final/netty-codec-http-4.1.63.Final.jar:/home/runner/.m2/repository/io/netty/netty-handler-proxy/4.1.63.Final/netty-handler-proxy-4.1.63.Final.jar:/home/runner/.m2/repository/io/netty/netty-codec-socks/4.1.63.Final/netty-codec-socks-4.1.63.Final.jar:/home/runner/.m2/repository/io/perfmark/perfmark-api/0.19.0/perfmark-api-0.19.0.jar:/home/runner/.m2/repository/org/codehaus/mojo/animal-sniffer-annotations/1.18/animal-sniffer-annotations-1.18.jar:/home/runner/.m2/repository/io/netty/netty-transport-native-epoll/4.1.63.Final/netty-transport-native-epoll-4.1.63.Final.jar:/home/runner/.m2/repository/io/netty/netty-common/4.1.63.Final/netty-common-4.1.63.Final.jar:/home/runner/.m2/repository/io/netty/netty-buffer/4.1.63.Final/netty-buffer-4.1.63.Final.jar:/home/runner/.m2/repository/io/netty/netty-transport-native-unix-common/4.1.63.Final/netty-transport-native-unix-common-4.1.63.Final.jar:/home/runner/.m2/repository/io/grpc/grpc-protobuf/1.33.0/grpc-protobuf-1.33.0.jar:/home/runner/.m2/repository/io/grpc/grpc-api/1.33.0/grpc-api-1.33.0.jar:/home/runner/.m2/repository/io/grpc/grpc-context/1.33.0/grpc-context-1.33.0.jar:/home/runner/.m2/repository/com/google/api/grpc/proto-google-common-protos/1.17.0/proto-google-common-protos-1.17.0.jar:/home/runner/.m2/repository/io/grpc/grpc-protobuf-lite/1.33.0/grpc-protobuf-lite-1.33.0.jar:/home/runner/.m2/repository/io/grpc/grpc-stub/1.33.0/grpc-stub-1.33.0.jar:/home/runner/.m2/repository/org/apache/ozone/ozone-recon/1.3.0-SNAPSHOT/ozone-recon-1.3.0-SNAPSHOT.jar:/home/runner/.m2/repository/org/apache/ozone/ozone-reconcodegen/1.3.0-SNAPSHOT/ozone-reconcodegen-1.3.0-SNAPSHOT.jar:/home/runner/.m2/repository/com/google/inject/extensions/guice-multibindings/4.0/guice-multibindings-4.0.jar:/home/runner/.m2/repository/com/google/inject/guice/4.0/guice-4.0.jar:/home/runner/.m2/repository/aopalliance/aopalliance/1.0/aopalliance-1.0.jar:/home/runner/.m2/repository/com/google/inject/extensions/guice-assistedinject/4.0/guice-assistedinject-4.0.jar:/home/runner/.m2/repository/com/google/inject/extensions/guice-servlet/4.0/guice-servlet-4.0.jar:/home/runner/.m2/repository/org/glassfish/jersey/containers/jersey-container-servlet/2.33/jersey-container-servlet-2.33.jar:/home/runner/.m2/repository/org/glassfish/hk2/guice-bridge/2.5.0/guice-bridge-2.5.0.jar:/home/runner/.m2/repository/org/glassfish/jersey/core/jersey-server/2.33/jersey-server-2.33.jar:/home/runner/.m2/repository/org/glassfish/jersey/core/jersey-client/2.33/jersey-client-2.33.jar:/home/runner/.m2/repository/jakarta/annotation/jakarta.annotation-api/1.3.5/jakarta.annotation-api-1.3.5.jar:/home/runner/.m2/repository/jakarta/validation/jakarta.validation-api/2.0.2/jakarta.validation-api-2.0.2.jar:/home/runner/.m2/repository/org/glassfish/jersey/media/jersey-media-json-jackson/2.33/jersey-media-json-jackson-2.33.jar:/home/runner/.m2/repository/org/glassfish/jersey/ext/jersey-entity-filtering/2.33/jersey-entity-filtering-2.33.jar:/home/runner/.m2/repository/org/jooq/jooq/3.11.10/jooq-3.11.10.jar:/home/runner/.m2/repository/org/jooq/jooq-meta/3.11.10/jooq-meta-3.11.10.jar:/home/runner/.m2/repository/org/jooq/jooq-codegen/3.11.10/jooq-codegen-3.11.10.jar:/home/runner/.m2/repository/com/jolbox/bonecp/0.8.0.RELEASE/bonecp-0.8.0.RELEASE.jar:/home/runner/.m2/repository/org/apache/derby/derby/10.14.2.0/derby-10.14.2.0.jar:/home/runner/.m2/repository/org/xerial/sqlite-jdbc/3.25.2/sqlite-jdbc-3.25.2.jar:/home/runner/.m2/repository/org/springframework/spring-jdbc/5.2.18.RELEASE/spring-jdbc-5.2.18.RELEASE.jar:/home/runner/.m2/repository/org/springframework/spring-beans/5.2.18.RELEASE/spring-beans-5.2.18.RELEASE.jar:/home/runner/.m2/repository/org/springframework/spring-core/5.2.18.RELEASE/spring-core-5.2.18.RELEASE.jar:/home/runner/.m2/repository/org/springframework/spring-jcl/5.2.18.RELEASE/spring-jcl-5.2.18.RELEASE.jar:/home/runner/.m2/repository/org/springframework/spring-tx/5.2.18.RELEASE/spring-tx-5.2.18.RELEASE.jar:/home/runner/.m2/repository/org/apache/ozone/ozone-client/1.3.0-SNAPSHOT/ozone-client-1.3.0-SNAPSHOT.jar:/home/runner/.m2/repository/org/apache/ozone/ozone-filesystem/1.3.0-SNAPSHOT/ozone-filesystem-1.3.0-SNAPSHOT.jar:/home/runner/.m2/repository/org/apache/ozone/ozone-filesystem-common/1.3.0-SNAPSHOT/ozone-filesystem-common-1.3.0-SNAPSHOT.jar:/home/runner/.m2/repository/org/apache/ozone/ozone-tools/1.3.0-SNAPSHOT/ozone-tools-1.3.0-SNAPSHOT.jar:/home/runner/.m2/repository/org/apache/ratis/ratis-tools/2.2.0/ratis-tools-2.2.0.jar:/home/runner/.m2/repository/com/amazonaws/aws-java-sdk-core/1.12.124/aws-java-sdk-core-1.12.124.jar:/home/runner/.m2/repository/org/apache/httpcomponents/httpclient/4.5.13/httpclient-4.5.13.jar:/home/runner/.m2/repository/org/apache/httpcomponents/httpcore/4.4.13/httpcore-4.4.13.jar:/home/runner/.m2/repository/software/amazon/ion/ion-java/1.0.2/ion-java-1.0.2.jar:/home/runner/.m2/repository/com/fasterxml/jackson/dataformat/jackson-dataformat-cbor/2.12.1/jackson-dataformat-cbor-2.12.1.jar:/home/runner/.m2/repository/joda-time/joda-time/2.8.1/joda-time-2.8.1.jar:/home/runner/.m2/repository/com/amazonaws/aws-java-sdk-s3/1.12.124/aws-java-sdk-s3-1.12.124.jar:/home/runner/.m2/repository/com/amazonaws/aws-java-sdk-kms/1.12.124/aws-java-sdk-kms-1.12.124.jar:/home/runner/.m2/repository/com/amazonaws/jmespath-java/1.12.124/jmespath-java-1.12.124.jar:/home/runner/.m2/repository/org/kohsuke/metainf-services/metainf-services/1.8/metainf-services-1.8.jar:/home/runner/.m2/repository/org/apache/ozone/hdds-tools/1.3.0-SNAPSHOT/hdds-tools-1.3.0-SNAPSHOT.jar:/home/runner/.m2/repository/commons-cli/commons-cli/1.2/commons-cli-1.2.jar:/home/runner/.m2/repository/org/apache/commons/commons-lang3/3.7/commons-lang3-3.7.jar:/home/runner/.m2/repository/org/apache/ozone/ozone-manager/1.3.0-SNAPSHOT/ozone-manager-1.3.0-SNAPSHOT-tests.jar:/home/runner/.m2/repository/org/apache/ozone/hdds-common/1.3.0-SNAPSHOT/hdds-common-1.3.0-SNAPSHOT-tests.jar:/home/runner/.m2/repository/org/apache/ozone/hdds-hadoop-dependency-client/1.3.0-SNAPSHOT/hdds-hadoop-dependency-client-1.3.0-SNAPSHOT.jar:/home/runner/.m2/repository/info/picocli/picocli/4.6.1/picocli-4.6.1.jar:/home/runner/.m2/repository/com/fasterxml/jackson/core/jackson-annotations/2.12.1/jackson-annotations-2.12.1.jar:/home/runner/.m2/repository/javax/annotation/javax.annotation-api/1.2/javax.annotation-api-1.2.jar:/home/runner/.m2/repository/org/apache/ratis/ratis-server/2.2.0/ratis-server-2.2.0.jar:/home/runner/.m2/repository/org/apache/ratis/ratis-client/2.2.0/ratis-client-2.2.0.jar:/home/runner/.m2/repository/org/apache/ratis/ratis-server-api/2.2.0/ratis-server-api-2.2.0.jar:/home/runner/.m2/repository/org/apache/ratis/ratis-metrics/2.2.0/ratis-metrics-2.2.0.jar:/home/runner/.m2/repository/org/apache/ratis/ratis-netty/2.2.0/ratis-netty-2.2.0.jar:/home/runner/.m2/repository/org/apache/ratis/ratis-grpc/2.2.0/ratis-grpc-2.2.0.jar:/home/runner/.m2/repository/org/apache/logging/log4j/log4j-api/2.13.3/log4j-api-2.13.3.jar:/home/runner/.m2/repository/org/apache/logging/log4j/log4j-core/2.13.3/log4j-core-2.13.3.jar:/home/runner/.m2/repository/com/lmax/disruptor/3.4.2/disruptor-3.4.2.jar:/home/runner/.m2/repository/org/apache/commons/commons-pool2/2.6.0/commons-pool2-2.6.0.jar:/home/runner/.m2/repository/org/bouncycastle/bcpkix-jdk15on/1.67/bcpkix-jdk15on-1.67.jar:/home/runner/.m2/repository/commons-validator/commons-validator/1.6/commons-validator-1.6.jar:/home/runner/.m2/repository/commons-beanutils/commons-beanutils/1.9.4/commons-beanutils-1.9.4.jar:/home/runner/.m2/repository/commons-digester/commons-digester/1.8.1/commons-digester-1.8.1.jar:/home/runner/.m2/repository/commons-collections/commons-collections/3.2.2/commons-collections-3.2.2.jar:/home/runner/.m2/repository/io/jaegertracing/jaeger-client/1.6.0/jaeger-client-1.6.0.jar:/home/runner/.m2/repository/io/jaegertracing/jaeger-thrift/1.6.0/jaeger-thrift-1.6.0.jar:/home/runner/.m2/repository/org/apache/thrift/libthrift/0.14.1/libthrift-0.14.1.jar:/home/runner/.m2/repository/com/squareup/okhttp3/okhttp/4.9.0/okhttp-4.9.0.jar:/home/runner/.m2/repository/com/squareup/okio/okio/2.8.0/okio-2.8.0.jar:/home/runner/.m2/repository/io/jaegertracing/jaeger-core/1.6.0/jaeger-core-1.6.0.jar:/home/runner/.m2/repository/io/jaegertracing/jaeger-tracerresolver/1.6.0/jaeger-tracerresolver-1.6.0.jar:/home/runner/.m2/repository/io/opentracing/contrib/opentracing-tracerresolver/0.1.8/opentracing-tracerresolver-0.1.8.jar:/home/runner/.m2/repository/org/jetbrains/kotlin/kotlin-stdlib/1.4.31/kotlin-stdlib-1.4.31.jar:/home/runner/.m2/repository/org/jetbrains/kotlin/kotlin-stdlib-common/1.4.31/kotlin-stdlib-common-1.4.31.jar:/home/runner/.m2/repository/org/jetbrains/annotations/13.0/annotations-13.0.jar:/home/runner/.m2/repository/io/opentracing/opentracing-util/0.33.0/opentracing-util-0.33.0.jar:/home/runner/.m2/repository/io/opentracing/opentracing-api/0.33.0/opentracing-api-0.33.0.jar:/home/runner/.m2/repository/io/opentracing/opentracing-noop/0.33.0/opentracing-noop-0.33.0.jar:/home/runner/.m2/repository/org/yaml/snakeyaml/1.26/snakeyaml-1.26.jar:/home/runner/.m2/repository/org/apache/ozone/hdds-interface-admin/1.3.0-SNAPSHOT/hdds-interface-admin-1.3.0-SNAPSHOT.jar:/home/runner/.m2/repository/junit/junit/4.13.1/junit-4.13.1.jar:/home/runner/.m2/repository/org/hamcrest/hamcrest-core/1.3/hamcrest-core-1.3.jar:/home/runner/.m2/repository/org/junit/jupiter/junit-jupiter-api/5.7.0/junit-jupiter-api-5.7.0.jar:/home/runner/.m2/repository/org/apiguardian/apiguardian-api/1.1.0/apiguardian-api-1.1.0.jar:/home/runner/.m2/repository/org/opentest4j/opentest4j/1.2.0/opentest4j-1.2.0.jar:/home/runner/.m2/repository/org/junit/platform/junit-platform-commons/1.7.0/junit-platform-commons-1.7.0.jar:/home/runner/.m2/repository/org/junit/jupiter/junit-jupiter-engine/5.7.0/junit-jupiter-engine-5.7.0.jar:/home/runner/.m2/repository/org/junit/platform/junit-platform-engine/1.7.0/junit-platform-engine-1.7.0.jar:/home/runner/.m2/repository/org/junit/vintage/junit-vintage-engine/5.7.0/junit-vintage-engine-5.7.0.jar:/home/runner/.m2/repository/org/junit/platform/junit-platform-launcher/1.7.0/junit-platform-launcher-1.7.0.jar:/home/runner/.m2/repository/org/openjdk/jmh/jmh-core/1.19/jmh-core-1.19.jar:/home/runner/.m2/repository/net/sf/jopt-simple/jopt-simple/4.6/jopt-simple-4.6.jar:/home/runner/.m2/repository/org/apache/commons/commons-math3/3.1.1/commons-math3-3.1.1.jar:/home/runner/.m2/repository/org/openjdk/jmh/jmh-generator-annprocess/1.19/jmh-generator-annprocess-1.19.jar:/home/runner/.m2/repository/org/mockito/mockito-core/2.28.2/mockito-core-2.28.2.jar:/home/runner/.m2/repository/net/bytebuddy/byte-buddy/1.9.10/byte-buddy-1.9.10.jar:/home/runner/.m2/repository/net/bytebuddy/byte-buddy-agent/1.9.10/byte-buddy-agent-1.9.10.jar:/home/runner/.m2/repository/org/objenesis/objenesis/1.0/objenesis-1.0.jar:/home/runner/.m2/repository/org/apache/hadoop/hadoop-kms/3.3.1/hadoop-kms-3.3.1.jar:/home/runner/.m2/repository/org/apache/hadoop/hadoop-auth/3.3.1/hadoop-auth-3.3.1.jar:/home/runner/.m2/repository/com/nimbusds/nimbus-jose-jwt/7.9/nimbus-jose-jwt-7.9.jar:/home/runner/.m2/repository/com/github/stephenc/jcip/jcip-annotations/1.0-1/jcip-annotations-1.0-1.jar:/home/runner/.m2/repository/net/minidev/json-smart/2.3.1/json-smart-2.3.1.jar:/home/runner/.m2/repository/net/minidev/accessors-smart/2.3.1/accessors-smart-2.3.1.jar:/home/runner/.m2/repository/org/ow2/asm/asm/5.0.4/asm-5.0.4.jar:/home/runner/.m2/repository/org/apache/zookeeper/zookeeper/3.5.6/zookeeper-3.5.6.jar:/home/runner/.m2/repository/org/apache/zookeeper/zookeeper-jute/3.5.6/zookeeper-jute-3.5.6.jar:/home/runner/.m2/repository/org/apache/yetus/audience-annotations/0.5.0/audience-annotations-0.5.0.jar:/home/runner/.m2/repository/org/apache/curator/curator-framework/4.2.0/curator-framework-4.2.0.jar:/home/runner/.m2/repository/org/apache/hadoop/thirdparty/hadoop-shaded-guava/1.1.1/hadoop-shaded-guava-1.1.1.jar:/home/runner/.m2/repository/com/sun/jersey/jersey-core/1.19/jersey-core-1.19.jar:/home/runner/.m2/repository/javax/ws/rs/jsr311-api/1.1.1/jsr311-api-1.1.1.jar:/home/runner/.m2/repository/com/sun/jersey/jersey-server/1.19/jersey-server-1.19.jar:/home/runner/.m2/repository/javax/servlet/javax.servlet-api/3.1.0/javax.servlet-api-3.1.0.jar:/home/runner/.m2/repository/org/eclipse/jetty/jetty-server/9.4.43.v20210629/jetty-server-9.4.43.v20210629.jar:/home/runner/.m2/repository/org/eclipse/jetty/jetty-http/9.4.43.v20210629/jetty-http-9.4.43.v20210629.jar:/home/runner/.m2/repository/org/eclipse/jetty/jetty-io/9.4.43.v20210629/jetty-io-9.4.43.v20210629.jar:/home/runner/.m2/repository/org/eclipse/jetty/jetty-webapp/9.4.43.v20210629/jetty-webapp-9.4.43.v20210629.jar:/home/runner/.m2/repository/org/eclipse/jetty/jetty-xml/9.4.43.v20210629/jetty-xml-9.4.43.v20210629.jar:/home/runner/.m2/repository/org/apache/hadoop/hadoop-common/3.3.1/hadoop-common-3.3.1.jar:/home/runner/.m2/repository/commons-net/commons-net/3.6/commons-net-3.6.jar:/home/runner/.m2/repository/jakarta/activation/jakarta.activation-api/1.2.1/jakarta.activation-api-1.2.1.jar:/home/runner/.m2/repository/com/sun/jersey/jersey-servlet/1.19/jersey-servlet-1.19.jar:/home/runner/.m2/repository/com/sun/jersey/jersey-json/1.19/jersey-json-1.19.jar:/home/runner/.m2/repository/org/codehaus/jettison/jettison/1.1/jettison-1.1.jar:/home/runner/.m2/repository/com/sun/xml/bind/jaxb-impl/2.2.3-1/jaxb-impl-2.2.3-1.jar:/home/runner/.m2/repository/org/codehaus/jackson/jackson-jaxrs/1.9.2/jackson-jaxrs-1.9.2.jar:/home/runner/.m2/repository/org/codehaus/jackson/jackson-xc/1.9.2/jackson-xc-1.9.2.jar:/home/runner/.m2/repository/org/apache/commons/commons-configuration2/2.1.1/commons-configuration2-2.1.1.jar:/home/runner/.m2/repository/org/apache/commons/commons-text/1.4/commons-text-1.4.jar:/home/runner/.m2/repository/com/google/re2j/re2j/1.1/re2j-1.1.jar:/home/runner/.m2/repository/com/jcraft/jsch/0.1.54/jsch-0.1.54.jar:/home/runner/.m2/repository/org/apache/curator/curator-client/4.2.0/curator-client-4.2.0.jar:/home/runner/.m2/repository/org/apache/curator/curator-recipes/4.2.0/curator-recipes-4.2.0.jar:/home/runner/.m2/repository/org/apache/kerby/kerb-core/1.0.1/kerb-core-1.0.1.jar:/home/runner/.m2/repository/org/apache/kerby/kerby-pkix/1.0.1/kerby-pkix-1.0.1.jar:/home/runner/.m2/repository/org/apache/kerby/kerby-asn1/1.0.1/kerby-asn1-1.0.1.jar:/home/runner/.m2/repository/org/apache/kerby/kerby-util/1.0.1/kerby-util-1.0.1.jar:/home/runner/.m2/repository/dnsjava/dnsjava/2.1.7/dnsjava-2.1.7.jar:/home/runner/.m2/repository/org/xerial/snappy/snappy-java/1.1.8.2/snappy-java-1.1.8.2.jar:/home/runner/.m2/repository/org/slf4j/jul-to-slf4j/1.7.30/jul-to-slf4j-1.7.30.jar:/home/runner/.m2/repository/org/eclipse/jetty/jetty-util/9.4.43.v20210629/jetty-util-9.4.43.v20210629.jar:/home/runner/.m2/repository/com/fasterxml/jackson/core/jackson-databind/2.12.1/jackson-databind-2.12.1.jar:/home/runner/.m2/repository/org/apache/hadoop/hadoop-kms/3.3.1/hadoop-kms-3.3.1-tests.jar:/home/runner/.m2/repository/org/apache/ozone/hdds-server-scm/1.3.0-SNAPSHOT/hdds-server-scm-1.3.0-SNAPSHOT-tests.jar:/home/runner/.m2/repository/org/apache/ozone/hdds-container-service/1.3.0-SNAPSHOT/hdds-container-service-1.3.0-SNAPSHOT-tests.jar:/home/runner/.m2/repository/commons-codec/commons-codec/1.11/commons-codec-1.11.jar:/home/runner/.m2/repository/io/netty/netty-transport/4.1.63.Final/netty-transport-4.1.63.Final.jar:/home/runner/.m2/repository/io/netty/netty-resolver/4.1.63.Final/netty-resolver-4.1.63.Final.jar:/home/runner/.m2/repository/io/netty/netty-codec/4.1.63.Final/netty-codec-4.1.63.Final.jar:/home/runner/.m2/repository/io/netty/netty-handler/4.1.63.Final/netty-handler-4.1.63.Final.jar:/home/runner/.m2/repository/org/apache/ozone/hdds-hadoop-dependency-test/1.3.0-SNAPSHOT/hdds-hadoop-dependency-test-1.3.0-SNAPSHOT.jar:/home/runner/.m2/repository/org/apache/hadoop/hadoop-common/3.3.1/hadoop-common-3.3.1-tests.jar:/home/runner/.m2/repository/org/assertj/assertj-core/3.12.2/assertj-core-3.12.2.jar:/home/runner/.m2/repository/org/apache/hadoop/hadoop-hdfs/3.3.1/hadoop-hdfs-3.3.1-tests.jar:/home/runner/.m2/repository/org/eclipse/jetty/jetty-util-ajax/9.4.43.v20210629/jetty-util-ajax-9.4.43.v20210629.jar:/home/runner/.m2/repository/commons-daemon/commons-daemon/1.0.13/commons-daemon-1.0.13.jar:/home/runner/.m2/repository/io/netty/netty/3.10.6.Final/netty-3.10.6.Final.jar:/home/runner/.m2/repository/io/netty/netty-all/4.1.63.Final/netty-all-4.1.63.Final.jar:/home/runner/.m2/repository/org/apache/htrace/htrace-core4/4.1.0-incubating/htrace-core4-4.1.0-incubating.jar:/home/runner/.m2/repository/org/fusesource/leveldbjni/leveldbjni-all/1.8/leveldbjni-all-1.8.jar:/home/runner/.m2/repository/org/apache/hadoop/hadoop-distcp/3.3.1/hadoop-distcp-3.3.1.jar:/home/runner/.m2/repository/org/apache/hadoop/hadoop-mapreduce-client-jobclient/3.3.1/hadoop-mapreduce-client-jobclient-3.3.1.jar:/home/runner/.m2/repository/org/apache/hadoop/hadoop-mapreduce-client-common/3.3.1/hadoop-mapreduce-client-common-3.3.1.jar:/home/runner/.m2/repository/org/apache/hadoop/hadoop-yarn-common/3.3.1/hadoop-yarn-common-3.3.1.jar:/home/runner/.m2/repository/org/apache/hadoop/hadoop-yarn-api/3.3.1/hadoop-yarn-api-3.3.1.jar:/home/runner/.m2/repository/com/sun/jersey/jersey-client/1.19/jersey-client-1.19.jar:/home/runner/.m2/repository/com/sun/jersey/contribs/jersey-guice/1.19/jersey-guice-1.19.jar:/home/runner/.m2/repository/com/fasterxml/jackson/jaxrs/jackson-jaxrs-json-provider/2.12.1/jackson-jaxrs-json-provider-2.12.1.jar:/home/runner/.m2/repository/com/fasterxml/jackson/jaxrs/jackson-jaxrs-base/2.12.1/jackson-jaxrs-base-2.12.1.jar:/home/runner/.m2/repository/org/apache/hadoop/hadoop-yarn-client/3.3.1/hadoop-yarn-client-3.3.1.jar:/home/runner/.m2/repository/org/eclipse/jetty/websocket/websocket-client/9.4.40.v20210413/websocket-client-9.4.40.v20210413.jar:/home/runner/.m2/repository/org/eclipse/jetty/jetty-client/9.4.40.v20210413/jetty-client-9.4.40.v20210413.jar:/home/runner/.m2/repository/org/eclipse/jetty/websocket/websocket-common/9.4.40.v20210413/websocket-common-9.4.40.v20210413.jar:/home/runner/.m2/repository/org/eclipse/jetty/websocket/websocket-api/9.4.40.v20210413/websocket-api-9.4.40.v20210413.jar:/home/runner/.m2/repository/org/jline/jline/3.9.0/jline-3.9.0.jar:/home/runner/.m2/repository/org/apache/hadoop/hadoop-mapreduce-client-core/3.3.1/hadoop-mapreduce-client-core-3.3.1.jar:/home/runner/.m2/repository/org/apache/avro/avro/1.7.7/avro-1.7.7.jar:/home/runner/.m2/repository/org/codehaus/jackson/jackson-core-asl/1.9.13/jackson-core-asl-1.9.13.jar:/home/runner/.m2/repository/org/codehaus/jackson/jackson-mapper-asl/1.9.13/jackson-mapper-asl-1.9.13.jar:/home/runner/.m2/repository/com/thoughtworks/paranamer/paranamer/2.3/paranamer-2.3.jar:/home/runner/.m2/repository/org/apache/hadoop/hadoop-annotations/3.3.1/hadoop-annotations-3.3.1.jar:/usr/lib/jvm/adoptopenjdk-8-hotspot-amd64/jre/../lib/tools.jar:/home/runner/.m2/repository/org/apache/hadoop/hadoop-distcp/3.3.1/hadoop-distcp-3.3.1-tests.jar:/home/runner/.m2/repository/org/apache/ratis/ratis-common/2.2.0/ratis-common-2.2.0.jar:/home/runner/.m2/repository/org/apache/ratis/ratis-thirdparty-misc/0.7.0/ratis-thirdparty-misc-0.7.0.jar:/home/runner/.m2/repository/org/apache/ratis/ratis-proto/2.2.0/ratis-proto-2.2.0.jar:"/>
    <property name="sun.cpu.endian" value="little"/>
    <property name="user.home" value="/home/runner"/>
    <property name="user.language" value="en"/>
    <property name="java.specification.vendor" value="Oracle Corporation"/>
    <property name="java.home" value="/usr/lib/jvm/adoptopenjdk-8-hotspot-amd64/jre"/>
    <property name="java.security.krb5.conf" value="/home/runner/work/ozone/ozone/hadoop-ozone/integration-test/target/test-classes/krb5.conf"/>
    <property name="basedir" value="/home/runner/work/ozone/ozone/hadoop-ozone/integration-test"/>
    <property name="file.separator" value="/"/>
    <property name="line.separator" value="&#10;"/>
    <property name="java.vm.specification.vendor" value="Oracle Corporation"/>
    <property name="java.specification.name" value="Java Platform API Specification"/>
    <property name="java.awt.graphicsenv" value="sun.awt.X11GraphicsEnvironment"/>
    <property name="skip.installnpx" value="true"/>
    <property name="surefire.real.class.path" value="/home/runner/work/ozone/ozone/hadoop-ozone/integration-test/target/surefire/surefirebooter8797661624534386361.jar:/home/runner/.m2/repository/org/jacoco/org.jacoco.agent/0.8.5/org.jacoco.agent-0.8.5-runtime.jar"/>
    <property name="hadoop.log.dir" value="/home/runner/work/ozone/ozone/hadoop-ozone/integration-test/target/log"/>
    <property name="sun.boot.class.path" value="/usr/lib/jvm/adoptopenjdk-8-hotspot-amd64/jre/lib/resources.jar:/usr/lib/jvm/adoptopenjdk-8-hotspot-amd64/jre/lib/rt.jar:/usr/lib/jvm/adoptopenjdk-8-hotspot-amd64/jre/lib/sunrsasign.jar:/usr/lib/jvm/adoptopenjdk-8-hotspot-amd64/jre/lib/jsse.jar:/usr/lib/jvm/adoptopenjdk-8-hotspot-amd64/jre/lib/jce.jar:/usr/lib/jvm/adoptopenjdk-8-hotspot-amd64/jre/lib/charsets.jar:/usr/lib/jvm/adoptopenjdk-8-hotspot-amd64/jre/lib/jfr.jar:/usr/lib/jvm/adoptopenjdk-8-hotspot-amd64/jre/classes"/>
    <property name="sun.management.compiler" value="HotSpot 64-Bit Tiered Compilers"/>
    <property name="skip.npx" value="true"/>
    <property name="java.runtime.version" value="1.8.0_292-b10"/>
    <property name="java.net.preferIPv4Stack" value="true"/>
    <property name="user.name" value="runner"/>
    <property name="path.separator" value=":"/>
    <property name="java.security.egd" value="file:///dev/urandom"/>
    <property name="os.version" value="5.4.0-1063-azure"/>
    <property name="java.endorsed.dirs" value="/usr/lib/jvm/adoptopenjdk-8-hotspot-amd64/jre/lib/endorsed"/>
    <property name="java.runtime.name" value="OpenJDK Runtime Environment"/>
    <property name="file.encoding" value="UTF-8"/>
    <property name="java.vm.name" value="OpenJDK 64-Bit Server VM"/>
    <property name="test.build.webapps" value=""/>
    <property name="localRepository" value="/home/runner/.m2/repository"/>
    <property name="java.vendor.url.bug" value="https://github.com/AdoptOpenJDK/openjdk-support/issues"/>
    <property name="java.io.tmpdir" value="/tmp"/>
    <property name="require.test.libhadoop" value=""/>
    <property name="java.version" value="1.8.0_292"/>
    <property name="user.dir" value="/home/runner/work/ozone/ozone/hadoop-ozone/integration-test"/>
    <property name="os.arch" value="amd64"/>
    <property name="java.vm.specification.name" value="Java Virtual Machine Specification"/>
    <property name="test.build.classes" value="/home/runner/work/ozone/ozone/hadoop-ozone/integration-test/target/test-classes"/>
    <property name="java.awt.printerjob" value="sun.print.PSPrinterJob"/>
    <property name="sun.os.patch.level" value="unknown"/>
    <property name="hadoop.tmp.dir" value="/home/runner/work/ozone/ozone/hadoop-ozone/integration-test/target/tmp"/>
    <property name="java.library.path" value="/usr/java/packages/lib/amd64:/usr/lib64:/lib64:/lib:/usr/lib"/>
    <property name="java.vm.info" value="mixed mode"/>
    <property name="java.vendor" value="AdoptOpenJDK"/>
    <property name="java.vm.version" value="25.292-b10"/>
    <property name="java.ext.dirs" value="/usr/lib/jvm/adoptopenjdk-8-hotspot-amd64/jre/lib/ext:/usr/java/packages/lib/ext"/>
    <property name="sun.io.unicode.encoding" value="UnicodeLittle"/>
    <property name="java.class.version" value="52.0"/>
  </properties>
  <testcase name="testForceBootstrap" classname="org.apache.hadoop.ozone.om.TestOzoneManagerBootstrap" time="77.534"/>
  <testcase name="testBootstrapWithoutConfigUpdate" classname="org.apache.hadoop.ozone.om.TestOzoneManagerBootstrap" time="69.718">
    <failure type="java.lang.AssertionError">java.lang.AssertionError
	at org.junit.Assert.fail(Assert.java:87)
	at org.junit.Assert.fail(Assert.java:96)
	at org.apache.hadoop.ozone.om.TestOzoneManagerBootstrap.testBootstrapWithoutConfigUpdate(TestOzoneManagerBootstrap.java:258)
	at sun.reflect.NativeMethodAccessorImpl.invoke0(Native Method)
	at sun.reflect.NativeMethodAccessorImpl.invoke(NativeMethodAccessorImpl.java:62)
	at sun.reflect.DelegatingMethodAccessorImpl.invoke(DelegatingMethodAccessorImpl.java:43)
	at java.lang.reflect.Method.invoke(Method.java:498)
	at org.junit.runners.model.FrameworkMethod$1.runReflectiveCall(FrameworkMethod.java:59)
	at org.junit.internal.runners.model.ReflectiveCallable.run(ReflectiveCallable.java:12)
	at org.junit.runners.model.FrameworkMethod.invokeExplosively(FrameworkMethod.java:56)
	at org.junit.internal.runners.statements.InvokeMethod.evaluate(InvokeMethod.java:17)
	at org.junit.internal.runners.statements.RunAfters.evaluate(RunAfters.java:27)
	at org.junit.rules.ExpectedException$ExpectedExceptionStatement.evaluate(ExpectedException.java:258)
	at org.junit.internal.runners.statements.FailOnTimeout$CallableStatement.call(FailOnTimeout.java:288)
	at org.junit.internal.runners.statements.FailOnTimeout$CallableStatement.call(FailOnTimeout.java:282)
	at java.util.concurrent.FutureTask.run(FutureTask.java:266)
	at java.lang.Thread.run(Thread.java:748)
</failure>
    <system-out><![CDATA[2021-12-08 16:22:33,561 [Time-limited test] WARN  server.ServerUtils (ServerUtils.java:getScmDbDir(148)) - ozone.scm.db.dirs is not configured. We recommend adding this setting. Falling back to ozone.metadata.dirs instead.
2021-12-08 16:22:33,579 [Time-limited test] INFO  ha.SCMHANodeDetails (SCMHANodeDetails.java:loadSCMHAConfig(157)) - ServiceID for StorageContainerManager is scmServiceId
2021-12-08 16:22:33,579 [Time-limited test] INFO  ha.SCMHANodeDetails (SCMHANodeDetails.java:loadSCMHAConfig(168)) - ServiceID for StorageContainerManager is scmServiceId
2021-12-08 16:22:33,579 [Time-limited test] INFO  ha.SCMHANodeDetails (SCMHANodeDetails.java:loadSCMHAConfig(250)) - Found matching SCM address with SCMServiceId: scmServiceId, SCMNodeId: scmNode-1, RPC Address: localhost:13472 and Ratis port: 13472
2021-12-08 16:22:33,579 [Time-limited test] INFO  ha.SCMHANodeDetails (ConfUtils.java:setNodeSpecificConfigs(108)) - Setting configuration key ozone.scm.datanode.address with value of key ozone.scm.datanode.address.scmServiceId.scmNode-1: 127.0.0.1:13473
2021-12-08 16:22:33,579 [Time-limited test] INFO  ha.SCMHANodeDetails (ConfUtils.java:setNodeSpecificConfigs(108)) - Setting configuration key ozone.scm.block.client.address with value of key ozone.scm.block.client.address.scmServiceId.scmNode-1: 127.0.0.1:13474
2021-12-08 16:22:33,579 [Time-limited test] INFO  ha.SCMHANodeDetails (ConfUtils.java:setNodeSpecificConfigs(108)) - Setting configuration key ozone.scm.client.address with value of key ozone.scm.client.address.scmServiceId.scmNode-1: 127.0.0.1:13475
2021-12-08 16:22:33,580 [Time-limited test] INFO  ha.SCMHANodeDetails (ConfUtils.java:setNodeSpecificConfigs(108)) - Setting configuration key ozone.scm.ratis.port with value of key ozone.scm.ratis.port.scmServiceId.scmNode-1: 13472
2021-12-08 16:22:33,580 [Time-limited test] INFO  ha.SCMHANodeDetails (ConfUtils.java:setNodeSpecificConfigs(108)) - Setting configuration key ozone.scm.grpc.port with value of key ozone.scm.grpc.port.scmServiceId.scmNode-1: 13476
2021-12-08 16:22:33,580 [Time-limited test] INFO  ha.SCMHANodeDetails (ConfUtils.java:setNodeSpecificConfigs(108)) - Setting configuration key ozone.scm.http-address with value of key ozone.scm.http-address.scmServiceId.scmNode-1: 127.0.0.1:13470
2021-12-08 16:22:33,580 [Time-limited test] INFO  ha.SCMHANodeDetails (ConfUtils.java:setNodeSpecificConfigs(108)) - Setting configuration key ozone.scm.https-address with value of key ozone.scm.https-address.scmServiceId.scmNode-1: 127.0.0.1:13471
2021-12-08 16:22:33,580 [Time-limited test] INFO  ha.SCMHANodeDetails (ConfUtils.java:setNodeSpecificConfigs(108)) - Setting configuration key ozone.scm.address with value of key ozone.scm.address.scmServiceId.scmNode-1: 127.0.0.1
2021-12-08 16:22:33,580 [Time-limited test] WARN  scm.ScmUtils (ScmUtils.java:logWarn(179)) - ConfigKey ozone.scm.block.client.address is deprecated, For configuring different ports for each SCM use PortConfigKey ozone.scm.block.client.port appended with serviceId and nodeId. If want to configure same port configure ozone.scm.block.client.port
2021-12-08 16:22:33,580 [Time-limited test] WARN  scm.ScmUtils (ScmUtils.java:logWarn(179)) - ConfigKey ozone.scm.client.address is deprecated, For configuring different ports for each SCM use PortConfigKey ozone.scm.client.port appended with serviceId and nodeId. If want to configure same port configure ozone.scm.client.port
2021-12-08 16:22:33,580 [Time-limited test] WARN  scm.ScmUtils (ScmUtils.java:logWarn(179)) - ConfigKey ozone.scm.datanode.address is deprecated, For configuring different ports for each SCM use PortConfigKey ozone.scm.datanode.port appended with serviceId and nodeId. If want to configure same port configure ozone.scm.datanode.port
2021-12-08 16:22:33,588 [Time-limited test] INFO  server.RaftServer (ConfUtils.java:logGet(44)) - raft.rpc.type = GRPC (default)
2021-12-08 16:22:33,588 [Time-limited test] INFO  grpc.GrpcFactory (GrpcFactory.java:checkPooledByteBufAllocatorUseCacheForAllThreads(48)) - PERFORMANCE WARNING: useCacheForAllThreads is true that may cause Netty to create a lot garbage objects and, as a result, trigger GC.
	It is recommended to disable useCacheForAllThreads by setting -Dorg.apache.ratis.thirdparty.io.netty.allocator.useCacheForAllThreads=false in command line.
2021-12-08 16:22:33,589 [Time-limited test] INFO  grpc.GrpcConfigKeys (ConfUtils.java:logGet(44)) - raft.grpc.admin.port = -1 (default)
2021-12-08 16:22:33,589 [Time-limited test] INFO  grpc.GrpcConfigKeys (ConfUtils.java:logGet(44)) - raft.grpc.server.port = 13472 (custom)
2021-12-08 16:22:33,589 [Time-limited test] INFO  grpc.GrpcConfigKeys (ConfUtils.java:logGet(44)) - raft.grpc.client.port = -1 (default)
2021-12-08 16:22:33,589 [Time-limited test] INFO  grpc.GrpcConfigKeys (ConfUtils.java:logGet(44)) - raft.grpc.server.port = 13472 (custom)
2021-12-08 16:22:33,589 [Time-limited test] INFO  grpc.GrpcConfigKeys (ConfUtils.java:logGet(44)) - raft.grpc.server.port = 13472 (custom)
2021-12-08 16:22:33,589 [Time-limited test] INFO  server.GrpcService (ConfUtils.java:logGet(44)) - raft.grpc.message.size.max = 32m (=33554432) (custom)
2021-12-08 16:22:33,590 [Time-limited test] INFO  server.RaftServerConfigKeys (ConfUtils.java:logGet(44)) - raft.server.log.appender.buffer.byte-limit = 33554432 (custom)
2021-12-08 16:22:33,590 [Time-limited test] INFO  server.GrpcService (ConfUtils.java:logGet(44)) - raft.grpc.flow.control.window = 1MB (=1048576) (default)
2021-12-08 16:22:33,590 [Time-limited test] INFO  server.RaftServerConfigKeys (ConfUtils.java:logGet(44)) - raft.server.rpc.request.timeout = 30000ms (custom)
2021-12-08 16:22:33,591 [Time-limited test] INFO  impl.DataStreamServerImpl (ConfUtils.java:logGet(44)) - raft.datastream.type = DISABLED (default)
2021-12-08 16:22:33,593 [Time-limited test] INFO  server.RaftServerConfigKeys (ConfUtils.java:logGet(44)) - raft.server.rpc.slowness.timeout = 120000ms (custom)
2021-12-08 16:22:33,593 [Time-limited test] INFO  server.RaftServerConfigKeys (ConfUtils.java:logGet(44)) - raft.server.leaderelection.leader.step-down.wait-time = 10s (default)
2021-12-08 16:22:33,594 [Time-limited test] INFO  server.RaftServerConfigKeys (ConfUtils.java:logGet(44)) - raft.server.storage.dir = [/home/runner/work/ozone/ozone/hadoop-ozone/integration-test/target/test-dir/MiniOzoneClusterImpl-871b6dc8-7d19-4806-8910-93507a544922/scmNode-1/scm-ha] (custom)
2021-12-08 16:22:33,597 [Time-limited test] INFO  server.RaftServer (RaftServerProxy.java:addNew(95)) - a1d7cd84-dd07-406f-a027-06562c9714d9: addNew group-93507A544922:[a1d7cd84-dd07-406f-a027-06562c9714d9|rpc:localhost:13472|priority:0] returns group-93507A544922:java.util.concurrent.CompletableFuture@26e8020[Not completed]
2021-12-08 16:22:33,598 [pool-226-thread-1] INFO  server.RaftServer$Division (RaftServerImpl.java:<init>(184)) - a1d7cd84-dd07-406f-a027-06562c9714d9: new RaftServerImpl for group-93507A544922:[a1d7cd84-dd07-406f-a027-06562c9714d9|rpc:localhost:13472|priority:0] with SCMStateMachine:uninitialized
2021-12-08 16:22:33,598 [pool-226-thread-1] INFO  server.RaftServerConfigKeys (ConfUtils.java:logGet(44)) - raft.server.rpc.timeout.min = 5000ms (custom)
2021-12-08 16:22:33,598 [pool-226-thread-1] INFO  server.RaftServerConfigKeys (ConfUtils.java:logGet(44)) - raft.server.rpc.timeout.max = 5200ms (custom)
2021-12-08 16:22:33,598 [pool-226-thread-1] INFO  server.RaftServerConfigKeys (ConfUtils.java:logGet(44)) - raft.server.rpc.sleep.time = 25ms (default)
2021-12-08 16:22:33,598 [pool-226-thread-1] INFO  server.RaftServerConfigKeys (ConfUtils.java:logGet(44)) - raft.server.rpc.slowness.timeout = 120000ms (custom)
2021-12-08 16:22:33,598 [pool-226-thread-1] INFO  server.RaftServerConfigKeys (ConfUtils.java:logGet(44)) - raft.server.leaderelection.leader.step-down.wait-time = 10s (default)
2021-12-08 16:22:33,598 [pool-226-thread-1] INFO  server.RaftServerConfigKeys (ConfUtils.java:logGet(44)) - raft.server.sleep.deviation.threshold = 300ms (default)
2021-12-08 16:22:33,598 [pool-226-thread-1] INFO  server.RaftServerConfigKeys (ConfUtils.java:logGet(44)) - raft.server.log.appender.install.snapshot.enabled = false (custom)
2021-12-08 16:22:33,598 [pool-226-thread-1] INFO  server.RaftServer$Division (ServerState.java:<init>(105)) - a1d7cd84-dd07-406f-a027-06562c9714d9@group-93507A544922: ConfigurationManager, init=-1: [a1d7cd84-dd07-406f-a027-06562c9714d9|rpc:localhost:13472|priority:0], old=null, confs=<EMPTY_MAP>
2021-12-08 16:22:33,599 [pool-226-thread-1] INFO  server.RaftServerConfigKeys (ConfUtils.java:logGet(44)) - raft.server.storage.dir = [/home/runner/work/ozone/ozone/hadoop-ozone/integration-test/target/test-dir/MiniOzoneClusterImpl-871b6dc8-7d19-4806-8910-93507a544922/scmNode-1/scm-ha] (custom)
2021-12-08 16:22:33,599 [pool-226-thread-1] INFO  server.RaftServerConfigKeys (ConfUtils.java:logGet(44)) - raft.server.log.corruption.policy = EXCEPTION (default)
2021-12-08 16:22:33,599 [pool-226-thread-1] INFO  server.RaftServerConfigKeys (ConfUtils.java:logGet(44)) - raft.server.storage.free-space.min = 0MB (=0) (default)
2021-12-08 16:22:33,599 [pool-226-thread-1] INFO  storage.RaftStorageDirectory (RaftStorageDirectoryImpl.java:analyzeStorage(135)) - The storage directory /home/runner/work/ozone/ozone/hadoop-ozone/integration-test/target/test-dir/MiniOzoneClusterImpl-871b6dc8-7d19-4806-8910-93507a544922/scmNode-1/scm-ha/871b6dc8-7d19-4806-8910-93507a544922 does not exist. Creating ...
2021-12-08 16:22:33,605 [pool-226-thread-1] INFO  storage.RaftStorageDirectory (RaftStorageDirectoryImpl.java:tryLock(230)) - Lock on /home/runner/work/ozone/ozone/hadoop-ozone/integration-test/target/test-dir/MiniOzoneClusterImpl-871b6dc8-7d19-4806-8910-93507a544922/scmNode-1/scm-ha/871b6dc8-7d19-4806-8910-93507a544922/in_use.lock acquired by nodename 1098@fv-az294-221
2021-12-08 16:22:33,607 [pool-226-thread-1] INFO  storage.RaftStorage (RaftStorageImpl.java:format(89)) - Storage directory /home/runner/work/ozone/ozone/hadoop-ozone/integration-test/target/test-dir/MiniOzoneClusterImpl-871b6dc8-7d19-4806-8910-93507a544922/scmNode-1/scm-ha/871b6dc8-7d19-4806-8910-93507a544922 has been successfully formatted.
2021-12-08 16:22:33,607 [pool-226-thread-1] INFO  server.RaftServerConfigKeys (ConfUtils.java:logGet(44)) - raft.server.notification.no-leader.timeout = 60s (default)
2021-12-08 16:22:33,607 [pool-226-thread-1] INFO  server.RaftServerConfigKeys (ConfUtils.java:logGet(44)) - raft.server.log.use.memory = false (default)
2021-12-08 16:22:33,607 [pool-226-thread-1] INFO  server.RaftServerConfigKeys (ConfUtils.java:logGet(44)) - raft.server.log.purge.gap = 1000000 (custom)
2021-12-08 16:22:33,607 [pool-226-thread-1] INFO  server.RaftServerConfigKeys (ConfUtils.java:logGet(44)) - raft.server.log.appender.buffer.byte-limit = 33554432 (custom)
2021-12-08 16:22:33,607 [pool-226-thread-1] INFO  server.RaftServerConfigKeys (ConfUtils.java:logGet(44)) - raft.server.log.segment.size.max = 4194304 (custom)
2021-12-08 16:22:33,608 [pool-226-thread-1] INFO  server.RaftServerConfigKeys (ConfUtils.java:logGet(44)) - raft.server.log.segment.cache.num.max = 2 (custom)
2021-12-08 16:22:33,608 [pool-226-thread-1] INFO  server.RaftServerConfigKeys (ConfUtils.java:logGet(44)) - raft.server.log.segment.cache.size.max = 200MB (=209715200) (default)
2021-12-08 16:22:33,608 [pool-226-thread-1] INFO  segmented.SegmentedRaftLogWorker (SegmentedRaftLogWorker.java:<init>(182)) - new a1d7cd84-dd07-406f-a027-06562c9714d9@group-93507A544922-SegmentedRaftLogWorker for RaftStorageImpl:Storage Directory /home/runner/work/ozone/ozone/hadoop-ozone/integration-test/target/test-dir/MiniOzoneClusterImpl-871b6dc8-7d19-4806-8910-93507a544922/scmNode-1/scm-ha/871b6dc8-7d19-4806-8910-93507a544922
2021-12-08 16:22:33,608 [pool-226-thread-1] INFO  server.RaftServerConfigKeys (ConfUtils.java:logGet(44)) - raft.server.log.queue.byte-limit = 64MB (=67108864) (default)
2021-12-08 16:22:33,608 [pool-226-thread-1] INFO  server.RaftServerConfigKeys (ConfUtils.java:logGet(44)) - raft.server.log.queue.element-limit = 4096 (default)
2021-12-08 16:22:33,608 [pool-226-thread-1] INFO  server.RaftServerConfigKeys (ConfUtils.java:logGet(44)) - raft.server.log.segment.size.max = 4194304 (custom)
2021-12-08 16:22:33,608 [pool-226-thread-1] INFO  server.RaftServerConfigKeys (ConfUtils.java:logGet(44)) - raft.server.log.preallocated.size = 4194304 (custom)
2021-12-08 16:22:33,608 [pool-226-thread-1] INFO  server.RaftServerConfigKeys (ConfUtils.java:logGet(44)) - raft.server.log.force.sync.num = 128 (default)
2021-12-08 16:22:33,608 [pool-226-thread-1] INFO  server.RaftServerConfigKeys (ConfUtils.java:logGet(44)) - raft.server.log.statemachine.data.sync = true (default)
2021-12-08 16:22:33,608 [pool-226-thread-1] INFO  server.RaftServerConfigKeys (ConfUtils.java:logGet(44)) - raft.server.log.statemachine.data.sync.timeout = 10s (default)
2021-12-08 16:22:33,608 [pool-226-thread-1] INFO  server.RaftServerConfigKeys (ConfUtils.java:logGet(44)) - raft.server.log.statemachine.data.sync.timeout.retry = -1 (default)
2021-12-08 16:22:33,609 [pool-226-thread-1] INFO  server.RaftServerConfigKeys (ConfUtils.java:logGet(44)) - raft.server.log.write.buffer.size = 64KB (=65536) (default)
2021-12-08 16:22:33,609 [pool-226-thread-1] INFO  server.RaftServerConfigKeys (ConfUtils.java:logGet(44)) - raft.server.log.statemachine.data.caching.enabled = false (default)
2021-12-08 16:22:33,610 [pool-226-thread-1] INFO  segmented.SegmentedRaftLogWorker (SegmentedRaftLogWorker.java:lambda$new$0(133)) - a1d7cd84-dd07-406f-a027-06562c9714d9@group-93507A544922-SegmentedRaftLogWorker: flushIndex: setUnconditionally 0 -> -1
2021-12-08 16:22:33,610 [pool-226-thread-1] INFO  segmented.SegmentedRaftLogWorker (SegmentedRaftLogWorker.java:lambda$new$0(133)) - a1d7cd84-dd07-406f-a027-06562c9714d9@group-93507A544922-SegmentedRaftLogWorker: safeCacheEvictIndex: setUnconditionally 0 -> -1
2021-12-08 16:22:33,614 [pool-226-thread-1] INFO  server.RaftServerConfigKeys (ConfUtils.java:logGet(44)) - raft.server.snapshot.auto.trigger.enabled = true (custom)
2021-12-08 16:22:33,614 [pool-226-thread-1] INFO  server.RaftServerConfigKeys (ConfUtils.java:logGet(44)) - raft.server.snapshot.auto.trigger.threshold = 1000 (custom)
2021-12-08 16:22:33,614 [pool-226-thread-1] INFO  server.RaftServerConfigKeys (ConfUtils.java:logGet(44)) - raft.server.snapshot.retention.file.num = -1 (default)
2021-12-08 16:22:33,614 [pool-226-thread-1] INFO  server.RaftServerConfigKeys (ConfUtils.java:logGet(44)) - raft.server.log.purge.upto.snapshot.index = false (default)
2021-12-08 16:22:33,614 [pool-226-thread-1] INFO  server.RaftServerConfigKeys (ConfUtils.java:logGet(44)) - raft.server.retrycache.expirytime = 60000ms (default)
2021-12-08 16:22:33,614 [pool-226-thread-1] INFO  server.RaftServerConfigKeys (ConfUtils.java:logGet(44)) - raft.server.retrycache.statistics.expirytime = 100μs (default)
2021-12-08 16:22:33,625 [Time-limited test] INFO  server.RaftServer$Division (RaftServerImpl.java:start(301)) - a1d7cd84-dd07-406f-a027-06562c9714d9@group-93507A544922: start as a follower, conf=-1: [a1d7cd84-dd07-406f-a027-06562c9714d9|rpc:localhost:13472|priority:0], old=null
2021-12-08 16:22:33,625 [Time-limited test] INFO  server.RaftServer$Division (RaftServerImpl.java:setRole(290)) - a1d7cd84-dd07-406f-a027-06562c9714d9@group-93507A544922: changes role from      null to FOLLOWER at term 0 for startAsFollower
2021-12-08 16:22:33,625 [Time-limited test] INFO  impl.RoleInfo (RoleInfo.java:updateAndGet(130)) - a1d7cd84-dd07-406f-a027-06562c9714d9: start a1d7cd84-dd07-406f-a027-06562c9714d9@group-93507A544922-FollowerState
2021-12-08 16:22:33,628 [Time-limited test] INFO  util.JmxRegister (JmxRegister.java:tryRegister(44)) - Successfully registered JMX Bean with object name Ratis:service=RaftServer,group=group-93507A544922,id=a1d7cd84-dd07-406f-a027-06562c9714d9
2021-12-08 16:22:33,631 [Time-limited test] INFO  server.RaftServer (RaftServerProxy.java:lambda$start$5(374)) - a1d7cd84-dd07-406f-a027-06562c9714d9: start RPC server
2021-12-08 16:22:33,631 [Time-limited test] INFO  server.GrpcService (GrpcService.java:startImpl(253)) - a1d7cd84-dd07-406f-a027-06562c9714d9: GrpcService started, listening on 13472
2021-12-08 16:22:33,635 [org.apache.ratis.util.JvmPauseMonitor$$Lambda$430/1691312302@1f03bfdf] INFO  util.JvmPauseMonitor (JvmPauseMonitor.java:run(103)) - JvmPauseMonitor-a1d7cd84-dd07-406f-a027-06562c9714d9: Started
2021-12-08 16:22:33,693 [EndpointStateMachine task thread for /127.0.0.1:15821 - 0 ] INFO  ipc.Client (Client.java:handleConnectionFailure(977)) - Retrying connect to server: localhost/127.0.0.1:15821. Already tried 1 time(s); retry policy is RetryUpToMaximumCountWithFixedSleep(maxRetries=15, sleepTime=1000 MILLISECONDS)
2021-12-08 16:22:34,693 [EndpointStateMachine task thread for /127.0.0.1:15821 - 0 ] INFO  ipc.Client (Client.java:handleConnectionFailure(977)) - Retrying connect to server: localhost/127.0.0.1:15821. Already tried 2 time(s); retry policy is RetryUpToMaximumCountWithFixedSleep(maxRetries=15, sleepTime=1000 MILLISECONDS)
2021-12-08 16:22:35,694 [EndpointStateMachine task thread for /127.0.0.1:15821 - 0 ] INFO  ipc.Client (Client.java:handleConnectionFailure(977)) - Retrying connect to server: localhost/127.0.0.1:15821. Already tried 3 time(s); retry policy is RetryUpToMaximumCountWithFixedSleep(maxRetries=15, sleepTime=1000 MILLISECONDS)
2021-12-08 16:22:36,695 [EndpointStateMachine task thread for /127.0.0.1:15821 - 0 ] INFO  ipc.Client (Client.java:handleConnectionFailure(977)) - Retrying connect to server: localhost/127.0.0.1:15821. Already tried 4 time(s); retry policy is RetryUpToMaximumCountWithFixedSleep(maxRetries=15, sleepTime=1000 MILLISECONDS)
2021-12-08 16:22:37,695 [EndpointStateMachine task thread for /127.0.0.1:15821 - 0 ] INFO  ipc.Client (Client.java:handleConnectionFailure(977)) - Retrying connect to server: localhost/127.0.0.1:15821. Already tried 5 time(s); retry policy is RetryUpToMaximumCountWithFixedSleep(maxRetries=15, sleepTime=1000 MILLISECONDS)
2021-12-08 16:22:38,696 [EndpointStateMachine task thread for /127.0.0.1:15821 - 0 ] INFO  ipc.Client (Client.java:handleConnectionFailure(977)) - Retrying connect to server: localhost/127.0.0.1:15821. Already tried 6 time(s); retry policy is RetryUpToMaximumCountWithFixedSleep(maxRetries=15, sleepTime=1000 MILLISECONDS)
2021-12-08 16:22:38,706 [a1d7cd84-dd07-406f-a027-06562c9714d9@group-93507A544922-FollowerState] INFO  impl.FollowerState (FollowerState.java:run(134)) - a1d7cd84-dd07-406f-a027-06562c9714d9@group-93507A544922-FollowerState: change to CANDIDATE, lastRpcElapsedTime:5080965959ns, electionTimeout:5077ms
2021-12-08 16:22:38,706 [a1d7cd84-dd07-406f-a027-06562c9714d9@group-93507A544922-FollowerState] INFO  impl.RoleInfo (RoleInfo.java:shutdownFollowerState(108)) - a1d7cd84-dd07-406f-a027-06562c9714d9: shutdown a1d7cd84-dd07-406f-a027-06562c9714d9@group-93507A544922-FollowerState
2021-12-08 16:22:38,706 [a1d7cd84-dd07-406f-a027-06562c9714d9@group-93507A544922-FollowerState] INFO  server.RaftServer$Division (RaftServerImpl.java:setRole(290)) - a1d7cd84-dd07-406f-a027-06562c9714d9@group-93507A544922: changes role from  FOLLOWER to CANDIDATE at term 0 for changeToCandidate
2021-12-08 16:22:38,706 [a1d7cd84-dd07-406f-a027-06562c9714d9@group-93507A544922-FollowerState] INFO  server.RaftServerConfigKeys (ConfUtils.java:logGet(44)) - raft.server.leaderelection.pre-vote = false (custom)
2021-12-08 16:22:38,707 [a1d7cd84-dd07-406f-a027-06562c9714d9@group-93507A544922-FollowerState] INFO  impl.RoleInfo (RoleInfo.java:updateAndGet(130)) - a1d7cd84-dd07-406f-a027-06562c9714d9: start a1d7cd84-dd07-406f-a027-06562c9714d9@group-93507A544922-LeaderElection19
2021-12-08 16:22:38,721 [a1d7cd84-dd07-406f-a027-06562c9714d9@group-93507A544922-LeaderElection19] INFO  impl.LeaderElection (LeaderElection.java:askForVotes(306)) - a1d7cd84-dd07-406f-a027-06562c9714d9@group-93507A544922-LeaderElection19 ELECTION round 0: submit vote requests at term 1 for -1: [a1d7cd84-dd07-406f-a027-06562c9714d9|rpc:localhost:13472|priority:0], old=null
2021-12-08 16:22:38,721 [a1d7cd84-dd07-406f-a027-06562c9714d9@group-93507A544922-LeaderElection19] INFO  impl.LeaderElection (LeaderElection.java:askForVotes(308)) - a1d7cd84-dd07-406f-a027-06562c9714d9@group-93507A544922-LeaderElection19 ELECTION round 0: result PASSED (term=1)
2021-12-08 16:22:38,721 [a1d7cd84-dd07-406f-a027-06562c9714d9@group-93507A544922-LeaderElection19] INFO  impl.RoleInfo (RoleInfo.java:shutdownLeaderElection(121)) - a1d7cd84-dd07-406f-a027-06562c9714d9: shutdown a1d7cd84-dd07-406f-a027-06562c9714d9@group-93507A544922-LeaderElection19
2021-12-08 16:22:38,721 [a1d7cd84-dd07-406f-a027-06562c9714d9@group-93507A544922-LeaderElection19] INFO  server.RaftServer$Division (RaftServerImpl.java:setRole(290)) - a1d7cd84-dd07-406f-a027-06562c9714d9@group-93507A544922: changes role from CANDIDATE to LEADER at term 1 for changeToLeader
2021-12-08 16:22:38,721 [a1d7cd84-dd07-406f-a027-06562c9714d9@group-93507A544922-LeaderElection19] INFO  server.RaftServer$Division (ServerState.java:setLeader(285)) - a1d7cd84-dd07-406f-a027-06562c9714d9@group-93507A544922: change Leader from null to a1d7cd84-dd07-406f-a027-06562c9714d9 at term 1 for becomeLeader, leader elected after 5114ms
2021-12-08 16:22:38,721 [a1d7cd84-dd07-406f-a027-06562c9714d9@group-93507A544922-LeaderElection19] INFO  server.RaftServerConfigKeys (ConfUtils.java:logGet(44)) - raft.server.staging.catchup.gap = 1000 (default)
2021-12-08 16:22:38,721 [a1d7cd84-dd07-406f-a027-06562c9714d9@group-93507A544922-LeaderElection19] INFO  server.RaftServerConfigKeys (ConfUtils.java:logGet(44)) - raft.server.write.element-limit = 4096 (default)
2021-12-08 16:22:38,721 [a1d7cd84-dd07-406f-a027-06562c9714d9@group-93507A544922-LeaderElection19] INFO  server.RaftServerConfigKeys (ConfUtils.java:logGet(44)) - raft.server.write.byte-limit = 64MB (=67108864) (default)
2021-12-08 16:22:38,722 [a1d7cd84-dd07-406f-a027-06562c9714d9@group-93507A544922-LeaderElection19] INFO  server.RaftServerConfigKeys (ConfUtils.java:logGet(44)) - raft.server.watch.timeout = 10s (default)
2021-12-08 16:22:38,722 [a1d7cd84-dd07-406f-a027-06562c9714d9@group-93507A544922-LeaderElection19] INFO  server.RaftServerConfigKeys (ConfUtils.java:logGet(44)) - raft.server.watch.timeout.denomination = 1s (default)
2021-12-08 16:22:38,722 [a1d7cd84-dd07-406f-a027-06562c9714d9@group-93507A544922-LeaderElection19] INFO  server.RaftServerConfigKeys (ConfUtils.java:logGet(44)) - raft.server.watch.element-limit = 65536 (default)
2021-12-08 16:22:38,722 [a1d7cd84-dd07-406f-a027-06562c9714d9@group-93507A544922-LeaderElection19] INFO  server.RaftServerConfigKeys (ConfUtils.java:logGet(44)) - raft.server.write.element-limit = 4096 (default)
2021-12-08 16:22:38,722 [a1d7cd84-dd07-406f-a027-06562c9714d9@group-93507A544922-LeaderElection19] INFO  server.RaftServerConfigKeys (ConfUtils.java:logGet(44)) - raft.server.write.follower.gap.ratio.max = -1.0 (default)
2021-12-08 16:22:38,722 [a1d7cd84-dd07-406f-a027-06562c9714d9@group-93507A544922-LeaderElection19] INFO  impl.RoleInfo (RoleInfo.java:updateAndGet(130)) - a1d7cd84-dd07-406f-a027-06562c9714d9: start a1d7cd84-dd07-406f-a027-06562c9714d9@group-93507A544922-LeaderStateImpl
2021-12-08 16:22:38,722 [a1d7cd84-dd07-406f-a027-06562c9714d9@group-93507A544922-LeaderElection19] INFO  segmented.SegmentedRaftLogWorker (SegmentedRaftLogWorker.java:startLogSegment(394)) - a1d7cd84-dd07-406f-a027-06562c9714d9@group-93507A544922-SegmentedRaftLogWorker: Starting segment from index:0
2021-12-08 16:22:38,731 [a1d7cd84-dd07-406f-a027-06562c9714d9@group-93507A544922-LeaderElection19] INFO  server.RaftServer$Division (ServerState.java:setRaftConf(387)) - a1d7cd84-dd07-406f-a027-06562c9714d9@group-93507A544922: set configuration 0: [a1d7cd84-dd07-406f-a027-06562c9714d9|rpc:localhost:13472|admin:|client:|dataStream:|priority:0], old=null
2021-12-08 16:22:38,732 [a1d7cd84-dd07-406f-a027-06562c9714d9@group-93507A544922-SegmentedRaftLogWorker] INFO  segmented.SegmentedRaftLogWorker (SegmentedRaftLogWorker.java:execute(601)) - a1d7cd84-dd07-406f-a027-06562c9714d9@group-93507A544922-SegmentedRaftLogWorker: created new log segment /home/runner/work/ozone/ozone/hadoop-ozone/integration-test/target/test-dir/MiniOzoneClusterImpl-871b6dc8-7d19-4806-8910-93507a544922/scmNode-1/scm-ha/871b6dc8-7d19-4806-8910-93507a544922/current/log_inprogress_0
2021-12-08 16:22:39,635 [Time-limited test] INFO  server.RaftServer (RaftServerProxy.java:lambda$close$6(391)) - a1d7cd84-dd07-406f-a027-06562c9714d9: close
2021-12-08 16:22:39,636 [Time-limited test] INFO  server.RaftServer$Division (RaftServerImpl.java:lambda$close$4(412)) - a1d7cd84-dd07-406f-a027-06562c9714d9@group-93507A544922: shutdown
2021-12-08 16:22:39,636 [Time-limited test] INFO  util.JmxRegister (JmxRegister.java:unregister(73)) - Successfully un-registered JMX Bean with object name Ratis:service=RaftServer,group=group-93507A544922,id=a1d7cd84-dd07-406f-a027-06562c9714d9
2021-12-08 16:22:39,636 [Time-limited test] INFO  impl.RoleInfo (RoleInfo.java:shutdownLeaderState(91)) - a1d7cd84-dd07-406f-a027-06562c9714d9: shutdown a1d7cd84-dd07-406f-a027-06562c9714d9@group-93507A544922-LeaderStateImpl
2021-12-08 16:22:39,636 [Time-limited test] INFO  impl.PendingRequests (PendingRequests.java:sendNotLeaderResponses(282)) - a1d7cd84-dd07-406f-a027-06562c9714d9@group-93507A544922-PendingRequests: sendNotLeaderResponses
2021-12-08 16:22:39,636 [Time-limited test] INFO  impl.StateMachineUpdater (StateMachineUpdater.java:stopAndJoin(149)) - a1d7cd84-dd07-406f-a027-06562c9714d9@group-93507A544922-StateMachineUpdater: set stopIndex = 0
2021-12-08 16:22:39,637 [a1d7cd84-dd07-406f-a027-06562c9714d9@group-93507A544922-StateMachineUpdater] INFO  impl.StateMachineUpdater (StateMachineUpdater.java:takeSnapshot(281)) - a1d7cd84-dd07-406f-a027-06562c9714d9@group-93507A544922-StateMachineUpdater: Took a snapshot at index 0
2021-12-08 16:22:39,637 [a1d7cd84-dd07-406f-a027-06562c9714d9@group-93507A544922-StateMachineUpdater] INFO  impl.StateMachineUpdater (StateMachineUpdater.java:lambda$new$0(89)) - a1d7cd84-dd07-406f-a027-06562c9714d9@group-93507A544922-StateMachineUpdater: snapshotIndex: updateIncreasingly -1 -> 0
2021-12-08 16:22:39,637 [Time-limited test] INFO  server.RaftServer$Division (ServerState.java:close(419)) - a1d7cd84-dd07-406f-a027-06562c9714d9@group-93507A544922: closes. applyIndex: 0
2021-12-08 16:22:39,638 [a1d7cd84-dd07-406f-a027-06562c9714d9@group-93507A544922-SegmentedRaftLogWorker] INFO  segmented.SegmentedRaftLogWorker (SegmentedRaftLogWorker.java:run(327)) - a1d7cd84-dd07-406f-a027-06562c9714d9@group-93507A544922-SegmentedRaftLogWorker was interrupted, exiting. There are 0 tasks remaining in the queue.
2021-12-08 16:22:39,639 [Time-limited test] INFO  segmented.SegmentedRaftLogWorker (SegmentedRaftLogWorker.java:close(237)) - a1d7cd84-dd07-406f-a027-06562c9714d9@group-93507A544922-SegmentedRaftLogWorker close()
2021-12-08 16:22:39,639 [Time-limited test] INFO  server.GrpcService (GrpcService.java:closeImpl(262)) - a1d7cd84-dd07-406f-a027-06562c9714d9: shutdown server with port 13472 now
2021-12-08 16:22:39,640 [Time-limited test] INFO  server.GrpcService (GrpcService.java:closeImpl(271)) - a1d7cd84-dd07-406f-a027-06562c9714d9: shutdown server with port 13472 successfully
2021-12-08 16:22:39,640 [org.apache.ratis.util.JvmPauseMonitor$$Lambda$430/1691312302@1f03bfdf] INFO  util.JvmPauseMonitor (JvmPauseMonitor.java:run(109)) - JvmPauseMonitor-a1d7cd84-dd07-406f-a027-06562c9714d9: Stopped
2021-12-08 16:22:39,640 [Time-limited test] WARN  server.ServerUtils (ServerUtils.java:getScmDbDir(148)) - ozone.scm.db.dirs is not configured. We recommend adding this setting. Falling back to ozone.metadata.dirs instead.
2021-12-08 16:22:39,641 [Time-limited test] INFO  server.StorageContainerManager (StorageContainerManager.java:scmInit(1083)) - SCM initialization succeeded. Current cluster id for sd=/home/runner/work/ozone/ozone/hadoop-ozone/integration-test/target/test-dir/MiniOzoneClusterImpl-871b6dc8-7d19-4806-8910-93507a544922/scmNode-1/scm; cid=871b6dc8-7d19-4806-8910-93507a544922; layoutVersion=2; scmId=a1d7cd84-dd07-406f-a027-06562c9714d9
2021-12-08 16:22:39,641 [Time-limited test] INFO  ha.SCMHANodeDetails (SCMHANodeDetails.java:loadSCMHAConfig(157)) - ServiceID for StorageContainerManager is scmServiceId
2021-12-08 16:22:39,641 [Time-limited test] INFO  ha.SCMHANodeDetails (SCMHANodeDetails.java:loadSCMHAConfig(168)) - ServiceID for StorageContainerManager is scmServiceId
2021-12-08 16:22:39,642 [Time-limited test] INFO  ha.SCMHANodeDetails (SCMHANodeDetails.java:loadSCMHAConfig(250)) - Found matching SCM address with SCMServiceId: scmServiceId, SCMNodeId: scmNode-1, RPC Address: localhost:13472 and Ratis port: 13472
2021-12-08 16:22:39,642 [Time-limited test] INFO  ha.SCMHANodeDetails (ConfUtils.java:setNodeSpecificConfigs(108)) - Setting configuration key ozone.scm.datanode.address with value of key ozone.scm.datanode.address.scmServiceId.scmNode-1: 127.0.0.1:13473
2021-12-08 16:22:39,642 [Time-limited test] INFO  ha.SCMHANodeDetails (ConfUtils.java:setNodeSpecificConfigs(108)) - Setting configuration key ozone.scm.block.client.address with value of key ozone.scm.block.client.address.scmServiceId.scmNode-1: 127.0.0.1:13474
2021-12-08 16:22:39,642 [Time-limited test] INFO  ha.SCMHANodeDetails (ConfUtils.java:setNodeSpecificConfigs(108)) - Setting configuration key ozone.scm.client.address with value of key ozone.scm.client.address.scmServiceId.scmNode-1: 127.0.0.1:13475
2021-12-08 16:22:39,642 [Time-limited test] INFO  ha.SCMHANodeDetails (ConfUtils.java:setNodeSpecificConfigs(108)) - Setting configuration key ozone.scm.ratis.port with value of key ozone.scm.ratis.port.scmServiceId.scmNode-1: 13472
2021-12-08 16:22:39,642 [Time-limited test] INFO  ha.SCMHANodeDetails (ConfUtils.java:setNodeSpecificConfigs(108)) - Setting configuration key ozone.scm.grpc.port with value of key ozone.scm.grpc.port.scmServiceId.scmNode-1: 13476
2021-12-08 16:22:39,642 [Time-limited test] INFO  ha.SCMHANodeDetails (ConfUtils.java:setNodeSpecificConfigs(108)) - Setting configuration key ozone.scm.http-address with value of key ozone.scm.http-address.scmServiceId.scmNode-1: 127.0.0.1:13470
2021-12-08 16:22:39,642 [Time-limited test] INFO  ha.SCMHANodeDetails (ConfUtils.java:setNodeSpecificConfigs(108)) - Setting configuration key ozone.scm.https-address with value of key ozone.scm.https-address.scmServiceId.scmNode-1: 127.0.0.1:13471
2021-12-08 16:22:39,642 [Time-limited test] INFO  ha.SCMHANodeDetails (ConfUtils.java:setNodeSpecificConfigs(108)) - Setting configuration key ozone.scm.address with value of key ozone.scm.address.scmServiceId.scmNode-1: 127.0.0.1
2021-12-08 16:22:39,642 [Time-limited test] WARN  scm.ScmUtils (ScmUtils.java:logWarn(179)) - ConfigKey ozone.scm.block.client.address is deprecated, For configuring different ports for each SCM use PortConfigKey ozone.scm.block.client.port appended with serviceId and nodeId. If want to configure same port configure ozone.scm.block.client.port
2021-12-08 16:22:39,642 [Time-limited test] WARN  scm.ScmUtils (ScmUtils.java:logWarn(179)) - ConfigKey ozone.scm.client.address is deprecated, For configuring different ports for each SCM use PortConfigKey ozone.scm.client.port appended with serviceId and nodeId. If want to configure same port configure ozone.scm.client.port
2021-12-08 16:22:39,642 [Time-limited test] WARN  scm.ScmUtils (ScmUtils.java:logWarn(179)) - ConfigKey ozone.scm.datanode.address is deprecated, For configuring different ports for each SCM use PortConfigKey ozone.scm.datanode.port appended with serviceId and nodeId. If want to configure same port configure ozone.scm.datanode.port
2021-12-08 16:22:39,643 [Time-limited test] WARN  server.ServerUtils (ServerUtils.java:getScmDbDir(148)) - ozone.scm.db.dirs is not configured. We recommend adding this setting. Falling back to ozone.metadata.dirs instead.
2021-12-08 16:22:39,643 [Time-limited test] INFO  upgrade.AbstractLayoutVersionManager (AbstractLayoutVersionManager.java:init(79)) - Initializing Layout version manager with metadata layout = SCM_HA (version = 2), software layout = SCM_HA (version = 2)
2021-12-08 16:22:39,696 [EndpointStateMachine task thread for /127.0.0.1:15821 - 0 ] INFO  ipc.Client (Client.java:handleConnectionFailure(977)) - Retrying connect to server: localhost/127.0.0.1:15821. Already tried 7 time(s); retry policy is RetryUpToMaximumCountWithFixedSleep(maxRetries=15, sleepTime=1000 MILLISECONDS)
2021-12-08 16:22:39,773 [Time-limited test] INFO  reflections.Reflections (Reflections.java:scan(232)) - Reflections took 128 ms to scan 7 urls, producing 119 keys and 279 values 
2021-12-08 16:22:39,788 [Time-limited test] WARN  utils.HAUtils (HAUtils.java:getMetaDir(342)) - ozone.scm.db.dirs is not configured. We recommend adding this setting. Falling back to ozone.metadata.dirs instead.
2021-12-08 16:22:39,789 [Time-limited test] WARN  db.DBStoreBuilder (DBStoreBuilder.java:applyDBDefinition(145)) - ozone.scm.db.dirs is not configured. We recommend adding this setting. Falling back to ozone.metadata.dirs instead.
2021-12-08 16:22:39,904 [Time-limited test] INFO  net.NodeSchemaLoader (NodeSchemaLoader.java:loadSchemaFromFile(129)) - Loading schema from [jar:file:/home/runner/.m2/repository/org/apache/ozone/hdds-common/1.3.0-SNAPSHOT/hdds-common-1.3.0-SNAPSHOT.jar!/network-topology-default.xml]
2021-12-08 16:22:39,904 [Time-limited test] INFO  net.NodeSchemaLoader (NodeSchemaLoader.java:loadSchema(176)) - Loading network topology layer schema file
2021-12-08 16:22:39,908 [Time-limited test] WARN  impl.MetricRegistriesImpl (MetricRegistriesImpl.java:addReporterRegistration(111)) - New reporters are added after registries were created. Some metrics will be missing from the reporter. Please add reporter before adding any new registry.
2021-12-08 16:22:39,908 [Time-limited test] WARN  impl.MetricRegistriesImpl (MetricRegistriesImpl.java:addReporterRegistration(111)) - New reporters are added after registries were created. Some metrics will be missing from the reporter. Please add reporter before adding any new registry.
2021-12-08 16:22:39,909 [Time-limited test] INFO  ha.SCMRatisServerImpl (SCMRatisServerImpl.java:<init>(87)) - starting Raft server for scm:a1d7cd84-dd07-406f-a027-06562c9714d9
2021-12-08 16:22:39,910 [Time-limited test] INFO  server.RaftServer (ConfUtils.java:logGet(44)) - raft.rpc.type = GRPC (default)
2021-12-08 16:22:39,911 [Time-limited test] INFO  grpc.GrpcFactory (GrpcFactory.java:checkPooledByteBufAllocatorUseCacheForAllThreads(48)) - PERFORMANCE WARNING: useCacheForAllThreads is true that may cause Netty to create a lot garbage objects and, as a result, trigger GC.
	It is recommended to disable useCacheForAllThreads by setting -Dorg.apache.ratis.thirdparty.io.netty.allocator.useCacheForAllThreads=false in command line.
2021-12-08 16:22:39,911 [Time-limited test] INFO  grpc.GrpcConfigKeys (ConfUtils.java:logGet(44)) - raft.grpc.admin.port = -1 (default)
2021-12-08 16:22:39,911 [Time-limited test] INFO  grpc.GrpcConfigKeys (ConfUtils.java:logGet(44)) - raft.grpc.server.port = 13472 (custom)
2021-12-08 16:22:39,911 [Time-limited test] INFO  grpc.GrpcConfigKeys (ConfUtils.java:logGet(44)) - raft.grpc.client.port = -1 (default)
2021-12-08 16:22:39,911 [Time-limited test] INFO  grpc.GrpcConfigKeys (ConfUtils.java:logGet(44)) - raft.grpc.server.port = 13472 (custom)
2021-12-08 16:22:39,911 [Time-limited test] INFO  grpc.GrpcConfigKeys (ConfUtils.java:logGet(44)) - raft.grpc.server.port = 13472 (custom)
2021-12-08 16:22:39,911 [Time-limited test] INFO  server.GrpcService (ConfUtils.java:logGet(44)) - raft.grpc.message.size.max = 32m (=33554432) (custom)
2021-12-08 16:22:39,911 [Time-limited test] INFO  server.RaftServerConfigKeys (ConfUtils.java:logGet(44)) - raft.server.log.appender.buffer.byte-limit = 33554432 (custom)
2021-12-08 16:22:39,911 [Time-limited test] INFO  server.GrpcService (ConfUtils.java:logGet(44)) - raft.grpc.flow.control.window = 1MB (=1048576) (default)
2021-12-08 16:22:39,912 [Time-limited test] INFO  server.RaftServerConfigKeys (ConfUtils.java:logGet(44)) - raft.server.rpc.request.timeout = 30000ms (custom)
2021-12-08 16:22:39,913 [Time-limited test] INFO  impl.DataStreamServerImpl (ConfUtils.java:logGet(44)) - raft.datastream.type = DISABLED (default)
2021-12-08 16:22:39,913 [Time-limited test] INFO  server.RaftServerConfigKeys (ConfUtils.java:logGet(44)) - raft.server.rpc.slowness.timeout = 120000ms (custom)
2021-12-08 16:22:39,914 [Time-limited test] INFO  server.RaftServerConfigKeys (ConfUtils.java:logGet(44)) - raft.server.leaderelection.leader.step-down.wait-time = 10s (default)
2021-12-08 16:22:39,914 [Time-limited test] INFO  server.RaftServerConfigKeys (ConfUtils.java:logGet(44)) - raft.server.storage.dir = [/home/runner/work/ozone/ozone/hadoop-ozone/integration-test/target/test-dir/MiniOzoneClusterImpl-871b6dc8-7d19-4806-8910-93507a544922/scmNode-1/scm-ha] (custom)
2021-12-08 16:22:39,915 [Time-limited test] INFO  server.RaftServer (RaftServerProxy.java:lambda$null$1(235)) - a1d7cd84-dd07-406f-a027-06562c9714d9: found a subdirectory /home/runner/work/ozone/ozone/hadoop-ozone/integration-test/target/test-dir/MiniOzoneClusterImpl-871b6dc8-7d19-4806-8910-93507a544922/scmNode-1/scm-ha/871b6dc8-7d19-4806-8910-93507a544922
2021-12-08 16:22:39,915 [Time-limited test] INFO  server.RaftServer (RaftServerProxy.java:addNew(95)) - a1d7cd84-dd07-406f-a027-06562c9714d9: addNew group-93507A544922:[] returns group-93507A544922:java.util.concurrent.CompletableFuture@2595e585[Not completed]
2021-12-08 16:22:39,915 [pool-239-thread-1] INFO  server.RaftServer$Division (RaftServerImpl.java:<init>(184)) - a1d7cd84-dd07-406f-a027-06562c9714d9: new RaftServerImpl for group-93507A544922:[] with SCMStateMachine:uninitialized
2021-12-08 16:22:39,917 [pool-239-thread-1] INFO  server.RaftServerConfigKeys (ConfUtils.java:logGet(44)) - raft.server.rpc.timeout.min = 5000ms (custom)
2021-12-08 16:22:39,917 [pool-239-thread-1] INFO  server.RaftServerConfigKeys (ConfUtils.java:logGet(44)) - raft.server.rpc.timeout.max = 5200ms (custom)
2021-12-08 16:22:39,917 [pool-239-thread-1] INFO  server.RaftServerConfigKeys (ConfUtils.java:logGet(44)) - raft.server.rpc.sleep.time = 25ms (default)
2021-12-08 16:22:39,917 [pool-239-thread-1] INFO  server.RaftServerConfigKeys (ConfUtils.java:logGet(44)) - raft.server.rpc.slowness.timeout = 120000ms (custom)
2021-12-08 16:22:39,917 [pool-239-thread-1] INFO  server.RaftServerConfigKeys (ConfUtils.java:logGet(44)) - raft.server.leaderelection.leader.step-down.wait-time = 10s (default)
2021-12-08 16:22:39,917 [pool-239-thread-1] INFO  server.RaftServerConfigKeys (ConfUtils.java:logGet(44)) - raft.server.sleep.deviation.threshold = 300ms (default)
2021-12-08 16:22:39,917 [pool-239-thread-1] INFO  server.RaftServerConfigKeys (ConfUtils.java:logGet(44)) - raft.server.log.appender.install.snapshot.enabled = false (custom)
2021-12-08 16:22:39,917 [pool-239-thread-1] INFO  server.RaftServer$Division (ServerState.java:<init>(105)) - a1d7cd84-dd07-406f-a027-06562c9714d9@group-93507A544922: ConfigurationManager, init=-1: [], old=null, confs=<EMPTY_MAP>
2021-12-08 16:22:39,917 [pool-239-thread-1] INFO  server.RaftServerConfigKeys (ConfUtils.java:logGet(44)) - raft.server.storage.dir = [/home/runner/work/ozone/ozone/hadoop-ozone/integration-test/target/test-dir/MiniOzoneClusterImpl-871b6dc8-7d19-4806-8910-93507a544922/scmNode-1/scm-ha] (custom)
2021-12-08 16:22:39,917 [pool-239-thread-1] INFO  server.RaftServerConfigKeys (ConfUtils.java:logGet(44)) - raft.server.log.corruption.policy = EXCEPTION (default)
2021-12-08 16:22:39,918 [pool-239-thread-1] INFO  server.RaftServerConfigKeys (ConfUtils.java:logGet(44)) - raft.server.storage.free-space.min = 0MB (=0) (default)
2021-12-08 16:22:39,920 [pool-239-thread-1] INFO  storage.RaftStorageDirectory (RaftStorageDirectoryImpl.java:tryLock(230)) - Lock on /home/runner/work/ozone/ozone/hadoop-ozone/integration-test/target/test-dir/MiniOzoneClusterImpl-871b6dc8-7d19-4806-8910-93507a544922/scmNode-1/scm-ha/871b6dc8-7d19-4806-8910-93507a544922/in_use.lock acquired by nodename 1098@fv-az294-221
2021-12-08 16:22:39,921 [pool-239-thread-1] INFO  storage.RaftStorage (RaftStorageImpl.java:analyzeAndRecoverStorage(110)) - Read RaftStorageMetadata{term=1, votedFor=a1d7cd84-dd07-406f-a027-06562c9714d9} from /home/runner/work/ozone/ozone/hadoop-ozone/integration-test/target/test-dir/MiniOzoneClusterImpl-871b6dc8-7d19-4806-8910-93507a544922/scmNode-1/scm-ha/871b6dc8-7d19-4806-8910-93507a544922/current/raft-meta
2021-12-08 16:22:39,921 [pool-239-thread-1] INFO  server.RaftServer$Division (ServerState.java:setRaftConf(387)) - a1d7cd84-dd07-406f-a027-06562c9714d9@group-93507A544922: set configuration 0: [a1d7cd84-dd07-406f-a027-06562c9714d9|rpc:localhost:13472|admin:|client:|dataStream:|priority:0], old=null
2021-12-08 16:22:39,921 [pool-239-thread-1] INFO  server.RaftServerConfigKeys (ConfUtils.java:logGet(44)) - raft.server.notification.no-leader.timeout = 60s (default)
2021-12-08 16:22:39,922 [pool-239-thread-1] INFO  server.RaftServerConfigKeys (ConfUtils.java:logGet(44)) - raft.server.log.use.memory = false (default)
2021-12-08 16:22:39,922 [pool-239-thread-1] INFO  server.RaftServerConfigKeys (ConfUtils.java:logGet(44)) - raft.server.log.purge.gap = 1000000 (custom)
2021-12-08 16:22:39,922 [pool-239-thread-1] INFO  server.RaftServerConfigKeys (ConfUtils.java:logGet(44)) - raft.server.log.appender.buffer.byte-limit = 33554432 (custom)
2021-12-08 16:22:39,922 [pool-239-thread-1] INFO  server.RaftServerConfigKeys (ConfUtils.java:logGet(44)) - raft.server.log.segment.size.max = 4194304 (custom)
2021-12-08 16:22:39,925 [pool-239-thread-1] INFO  server.RaftServerConfigKeys (ConfUtils.java:logGet(44)) - raft.server.log.segment.cache.num.max = 2 (custom)
2021-12-08 16:22:39,925 [pool-239-thread-1] INFO  server.RaftServerConfigKeys (ConfUtils.java:logGet(44)) - raft.server.log.segment.cache.size.max = 200MB (=209715200) (default)
2021-12-08 16:22:39,930 [pool-239-thread-1] INFO  segmented.SegmentedRaftLogWorker (SegmentedRaftLogWorker.java:<init>(182)) - new a1d7cd84-dd07-406f-a027-06562c9714d9@group-93507A544922-SegmentedRaftLogWorker for RaftStorageImpl:Storage Directory /home/runner/work/ozone/ozone/hadoop-ozone/integration-test/target/test-dir/MiniOzoneClusterImpl-871b6dc8-7d19-4806-8910-93507a544922/scmNode-1/scm-ha/871b6dc8-7d19-4806-8910-93507a544922
2021-12-08 16:22:39,930 [pool-239-thread-1] INFO  server.RaftServerConfigKeys (ConfUtils.java:logGet(44)) - raft.server.log.queue.byte-limit = 64MB (=67108864) (default)
2021-12-08 16:22:39,930 [pool-239-thread-1] INFO  server.RaftServerConfigKeys (ConfUtils.java:logGet(44)) - raft.server.log.queue.element-limit = 4096 (default)
2021-12-08 16:22:39,930 [pool-239-thread-1] INFO  server.RaftServerConfigKeys (ConfUtils.java:logGet(44)) - raft.server.log.segment.size.max = 4194304 (custom)
2021-12-08 16:22:39,930 [pool-239-thread-1] INFO  server.RaftServerConfigKeys (ConfUtils.java:logGet(44)) - raft.server.log.preallocated.size = 4194304 (custom)
2021-12-08 16:22:39,930 [pool-239-thread-1] INFO  server.RaftServerConfigKeys (ConfUtils.java:logGet(44)) - raft.server.log.force.sync.num = 128 (default)
2021-12-08 16:22:39,930 [pool-239-thread-1] INFO  server.RaftServerConfigKeys (ConfUtils.java:logGet(44)) - raft.server.log.statemachine.data.sync = true (default)
2021-12-08 16:22:39,930 [pool-239-thread-1] INFO  server.RaftServerConfigKeys (ConfUtils.java:logGet(44)) - raft.server.log.statemachine.data.sync.timeout = 10s (default)
2021-12-08 16:22:39,930 [pool-239-thread-1] INFO  server.RaftServerConfigKeys (ConfUtils.java:logGet(44)) - raft.server.log.statemachine.data.sync.timeout.retry = -1 (default)
2021-12-08 16:22:39,932 [pool-239-thread-1] INFO  server.RaftServerConfigKeys (ConfUtils.java:logGet(44)) - raft.server.log.write.buffer.size = 64KB (=65536) (default)
2021-12-08 16:22:39,932 [pool-239-thread-1] INFO  server.RaftServerConfigKeys (ConfUtils.java:logGet(44)) - raft.server.log.statemachine.data.caching.enabled = false (default)
2021-12-08 16:22:39,933 [pool-239-thread-1] INFO  server.RaftServer$Division (ServerState.java:setRaftConf(387)) - a1d7cd84-dd07-406f-a027-06562c9714d9@group-93507A544922: set configuration 0: [a1d7cd84-dd07-406f-a027-06562c9714d9|rpc:localhost:13472|admin:|client:|dataStream:|priority:0], old=null
2021-12-08 16:22:39,939 [pool-239-thread-1] INFO  segmented.LogSegment (LogSegment.java:loadSegment(173)) - Successfully read 1 entries from segment file /home/runner/work/ozone/ozone/hadoop-ozone/integration-test/target/test-dir/MiniOzoneClusterImpl-871b6dc8-7d19-4806-8910-93507a544922/scmNode-1/scm-ha/871b6dc8-7d19-4806-8910-93507a544922/current/log_inprogress_0
2021-12-08 16:22:39,939 [pool-239-thread-1] INFO  segmented.SegmentedRaftLogWorker (SegmentedRaftLogWorker.java:lambda$new$0(133)) - a1d7cd84-dd07-406f-a027-06562c9714d9@group-93507A544922-SegmentedRaftLogWorker: flushIndex: setUnconditionally 0 -> 0
2021-12-08 16:22:39,939 [pool-239-thread-1] INFO  segmented.SegmentedRaftLogWorker (SegmentedRaftLogWorker.java:lambda$new$0(133)) - a1d7cd84-dd07-406f-a027-06562c9714d9@group-93507A544922-SegmentedRaftLogWorker: safeCacheEvictIndex: setUnconditionally 0 -> -1
2021-12-08 16:22:39,940 [pool-239-thread-1] INFO  server.RaftServerConfigKeys (ConfUtils.java:logGet(44)) - raft.server.snapshot.auto.trigger.enabled = true (custom)
2021-12-08 16:22:39,940 [pool-239-thread-1] INFO  server.RaftServerConfigKeys (ConfUtils.java:logGet(44)) - raft.server.snapshot.auto.trigger.threshold = 1000 (custom)
2021-12-08 16:22:39,940 [pool-239-thread-1] INFO  server.RaftServerConfigKeys (ConfUtils.java:logGet(44)) - raft.server.snapshot.retention.file.num = -1 (default)
2021-12-08 16:22:39,940 [pool-239-thread-1] INFO  server.RaftServerConfigKeys (ConfUtils.java:logGet(44)) - raft.server.log.purge.upto.snapshot.index = false (default)
2021-12-08 16:22:39,940 [pool-239-thread-1] INFO  server.RaftServerConfigKeys (ConfUtils.java:logGet(44)) - raft.server.retrycache.expirytime = 60000ms (default)
2021-12-08 16:22:39,940 [pool-239-thread-1] INFO  server.RaftServerConfigKeys (ConfUtils.java:logGet(44)) - raft.server.retrycache.statistics.expirytime = 100μs (default)
2021-12-08 16:22:39,941 [Time-limited test] INFO  ha.SCMSnapshotProvider (SCMSnapshotProvider.java:<init>(66)) - Initializing SCM Snapshot Provider
2021-12-08 16:22:39,941 [Time-limited test] WARN  server.ServerUtils (ServerUtils.java:getDefaultRatisDirectory(237)) - Storage directory for Ratis is not configured. It is a good idea to map this to an SSD disk. Falling back to ozone.metadata.dirs
2021-12-08 16:22:39,941 [Time-limited test] WARN  ha.SCMHAUtils (SCMHAUtils.java:getSCMRatisSnapshotDirectory(146)) - SCM snapshot dir is not configured. Falling back to ozone.metadata.dirs config
2021-12-08 16:22:39,943 [Time-limited test] INFO  ha.SequenceIdGenerator (SequenceIdGenerator.java:upgradeToSequenceId(347)) - upgrade localId to 107544261427200000
2021-12-08 16:22:39,943 [Time-limited test] INFO  ha.SequenceIdGenerator (SequenceIdGenerator.java:upgradeToSequenceId(357)) - upgrade delTxnId to 0
2021-12-08 16:22:39,943 [Time-limited test] INFO  ha.SequenceIdGenerator (SequenceIdGenerator.java:upgradeToSequenceId(371)) - upgrade containerId to 0
2021-12-08 16:22:39,943 [Time-limited test] INFO  ha.SequenceIdGenerator (SequenceIdGenerator.java:<init>(218)) - Init the HA SequenceIdGenerator.
2021-12-08 16:22:39,946 [Time-limited test] INFO  node.SCMNodeManager (SCMNodeManager.java:<init>(144)) - Entering startup safe mode.
2021-12-08 16:22:39,946 [Time-limited test] INFO  algorithms.ContainerPlacementPolicyFactory (ContainerPlacementPolicyFactory.java:getPolicy(60)) - Create container placement policy of type org.apache.hadoop.hdds.scm.container.placement.algorithms.SCMContainerPlacementRandom
2021-12-08 16:22:39,947 [Time-limited test] INFO  pipeline.PipelineStateManagerImpl (PipelineStateManagerImpl.java:initialize(78)) - No pipeline exists in current db
2021-12-08 16:22:39,952 [Time-limited test] INFO  algorithms.LeaderChoosePolicyFactory (LeaderChoosePolicyFactory.java:getPolicy(57)) - Create leader choose policy of type org.apache.hadoop.hdds.scm.pipeline.leader.choose.algorithms.MinLeaderCountChoosePolicy
2021-12-08 16:22:39,952 [Time-limited test] INFO  ha.SCMServiceManager (SCMServiceManager.java:register(43)) - Registering service BackgroundPipelineCreator.
2021-12-08 16:22:39,952 [Time-limited test] INFO  pipeline.BackgroundPipelineCreator (BackgroundPipelineCreator.java:start(130)) - Starting RatisPipelineUtilsThread.
2021-12-08 16:22:39,960 [Time-limited test] INFO  algorithms.PipelineChoosePolicyFactory (PipelineChoosePolicyFactory.java:createPipelineChoosePolicyFromClass(73)) - Create pipeline choose policy of type org.apache.hadoop.hdds.scm.pipeline.choose.algorithms.RandomPipelineChoosePolicy
2021-12-08 16:22:39,960 [Time-limited test] INFO  ha.SCMServiceManager (SCMServiceManager.java:register(43)) - Registering service SCMBlockDeletingService.
2021-12-08 16:22:39,961 [Time-limited test] INFO  ha.SCMServiceManager (SCMServiceManager.java:register(43)) - Registering service ReplicationManager.
2021-12-08 16:22:39,961 [Time-limited test] INFO  container.ReplicationManager (ReplicationManager.java:start(319)) - Starting Replication Monitor Thread.
2021-12-08 16:22:39,961 [Time-limited test] INFO  safemode.ContainerSafeModeRule (ContainerSafeModeRule.java:<init>(89)) - containers with one replica threshold count 0
2021-12-08 16:22:39,961 [Time-limited test] INFO  safemode.HealthyPipelineSafeModeRule (HealthyPipelineSafeModeRule.java:initializeRule(156)) - Total pipeline count is 0, healthy pipeline threshold count is 1
2021-12-08 16:22:39,962 [Time-limited test] INFO  safemode.OneReplicaPipelineSafeModeRule (OneReplicaPipelineSafeModeRule.java:initializeRule(180)) - Total pipeline count is 0, pipeline's with at least one datanode reported threshold count is 0
2021-12-08 16:22:39,962 [Time-limited test] INFO  ipc.CallQueueManager (CallQueueManager.java:<init>(90)) - Using callQueue: class java.util.concurrent.LinkedBlockingQueue, queueCapacity: 10000, scheduler: class org.apache.hadoop.ipc.DefaultRpcScheduler, ipcBackoff: false.
2021-12-08 16:22:39,968 [ReplicationMonitor] INFO  container.ReplicationManager (ReplicationManager.java:processAll(371)) - Replication Monitor Thread took 0 milliseconds for processing 0 containers.
2021-12-08 16:22:39,971 [Socket Reader #1 for port 13473] INFO  ipc.Server (Server.java:run(1265)) - Starting Socket Reader #1 for port 13473
2021-12-08 16:22:39,972 [Listener at 0.0.0.0/13473] INFO  ipc.CallQueueManager (CallQueueManager.java:<init>(90)) - Using callQueue: class java.util.concurrent.LinkedBlockingQueue, queueCapacity: 10000, scheduler: class org.apache.hadoop.ipc.DefaultRpcScheduler, ipcBackoff: false.
2021-12-08 16:22:39,972 [Socket Reader #1 for port 13474] INFO  ipc.Server (Server.java:run(1265)) - Starting Socket Reader #1 for port 13474
2021-12-08 16:22:39,973 [Listener at 0.0.0.0/13474] INFO  ipc.CallQueueManager (CallQueueManager.java:<init>(90)) - Using callQueue: class java.util.concurrent.LinkedBlockingQueue, queueCapacity: 10000, scheduler: class org.apache.hadoop.ipc.DefaultRpcScheduler, ipcBackoff: false.
2021-12-08 16:22:39,973 [Socket Reader #1 for port 13475] INFO  ipc.Server (Server.java:run(1265)) - Starting Socket Reader #1 for port 13475
2021-12-08 16:22:40,012 [Listener at 0.0.0.0/13475] INFO  algorithms.ContainerPlacementPolicyFactory (ContainerPlacementPolicyFactory.java:getPolicy(60)) - Create container placement policy of type org.apache.hadoop.hdds.scm.container.placement.algorithms.SCMContainerPlacementRandom
2021-12-08 16:22:40,013 [Listener at 0.0.0.0/13475] INFO  server.StorageContainerManager (StorageContainerManager.java:<init>(388)) - 
Container Balancer status:
Key                            Value
Running                        false
Container Balancer Configuration values:
Key                                                Value
Threshold                                          0.1
Max Datanodes to Involve per Iteration(ratio)      0.2
Max Size to Move per Iteration                     30GB
Max Size Entering Target per Iteration             1GB
Max Size Leaving Source per Iteration              1GB

2021-12-08 16:22:40,013 [Listener at 0.0.0.0/13475] WARN  events.EventQueue (EventQueue.java:fireEvent(194)) - No event handler registered for event TypedEvent{payloadType=SafeModeStatus, name='Safe mode status'}
2021-12-08 16:22:40,013 [Listener at 0.0.0.0/13475] INFO  ha.SCMContext (SCMContext.java:updateSafeModeStatus(211)) - Update SafeModeStatus from SafeModeStatus{safeModeStatus=true, preCheckPassed=false} to SafeModeStatus{safeModeStatus=true, preCheckPassed=false}.
2021-12-08 16:22:40,013 [Listener at 0.0.0.0/13475] INFO  server.StorageContainerManager (StorageContainerManager.java:start(1303)) - StorageContainerLocationProtocol RPC server is listening at /0.0.0.0:13475
2021-12-08 16:22:40,013 [Listener at 0.0.0.0/13475] INFO  ha.SCMRatisServerImpl (SCMRatisServerImpl.java:start(177)) - starting ratis server 0.0.0.0:13472
2021-12-08 16:22:40,014 [Listener at 0.0.0.0/13475] INFO  server.RaftServer$Division (RaftServerImpl.java:start(301)) - a1d7cd84-dd07-406f-a027-06562c9714d9@group-93507A544922: start as a follower, conf=0: [a1d7cd84-dd07-406f-a027-06562c9714d9|rpc:localhost:13472|admin:|client:|dataStream:|priority:0], old=null
2021-12-08 16:22:40,014 [Listener at 0.0.0.0/13475] INFO  server.RaftServer$Division (RaftServerImpl.java:setRole(290)) - a1d7cd84-dd07-406f-a027-06562c9714d9@group-93507A544922: changes role from      null to FOLLOWER at term 1 for startAsFollower
2021-12-08 16:22:40,014 [Listener at 0.0.0.0/13475] INFO  impl.RoleInfo (RoleInfo.java:updateAndGet(130)) - a1d7cd84-dd07-406f-a027-06562c9714d9: start a1d7cd84-dd07-406f-a027-06562c9714d9@group-93507A544922-FollowerState
2021-12-08 16:22:40,014 [Listener at 0.0.0.0/13475] INFO  util.JmxRegister (JmxRegister.java:tryRegister(44)) - Successfully registered JMX Bean with object name Ratis:service=RaftServer,group=group-93507A544922,id=a1d7cd84-dd07-406f-a027-06562c9714d9
2021-12-08 16:22:40,015 [Listener at 0.0.0.0/13475] INFO  server.RaftServer (RaftServerProxy.java:lambda$start$5(374)) - a1d7cd84-dd07-406f-a027-06562c9714d9: start RPC server
2021-12-08 16:22:40,015 [Listener at 0.0.0.0/13475] INFO  server.GrpcService (GrpcService.java:startImpl(253)) - a1d7cd84-dd07-406f-a027-06562c9714d9: GrpcService started, listening on 13472
2021-12-08 16:22:40,016 [Listener at 0.0.0.0/13475] INFO  ha.SCMHAManagerImpl (SCMHAManagerImpl.java:start(120)) -  scm role is FOLLOWER peers [a1d7cd84-dd07-406f-a027-06562c9714d9|rpc:localhost:13472|admin:|client:|dataStream:|priority:0]
2021-12-08 16:22:40,016 [Listener at 0.0.0.0/13475] INFO  ha.InterSCMGrpcService (InterSCMGrpcProtocolService.java:start(94)) - Starting SCM Grpc Service at port 13476
2021-12-08 16:22:40,017 [Listener at 0.0.0.0/13475] WARN  impl.MetricsConfig (MetricsConfig.java:loadFirst(136)) - Cannot locate configuration: tried hadoop-metrics2-storagecontainermanager.properties,hadoop-metrics2.properties
2021-12-08 16:22:40,027 [org.apache.ratis.util.JvmPauseMonitor$$Lambda$430/1691312302@437b0675] INFO  util.JvmPauseMonitor (JvmPauseMonitor.java:run(103)) - JvmPauseMonitor-a1d7cd84-dd07-406f-a027-06562c9714d9: Started
2021-12-08 16:22:40,033 [Listener at 0.0.0.0/13475] INFO  impl.MetricsSystemImpl (MetricsSystemImpl.java:startTimer(378)) - Scheduled Metric snapshot period at 10 second(s).
2021-12-08 16:22:40,035 [Listener at 0.0.0.0/13475] INFO  impl.MetricsSystemImpl (MetricsSystemImpl.java:start(191)) - StorageContainerManager metrics system started
2021-12-08 16:22:40,048 [Listener at 0.0.0.0/13475] INFO  impl.MetricsSinkAdapter (MetricsSinkAdapter.java:start(204)) - Sink prometheus started
2021-12-08 16:22:40,051 [Listener at 0.0.0.0/13475] INFO  impl.MetricsSystemImpl (MetricsSystemImpl.java:registerSink(305)) - Registered sink prometheus
2021-12-08 16:22:40,098 [Listener at 0.0.0.0/13475] INFO  server.SCMClientProtocolServer (SCMClientProtocolServer.java:start(164)) - RPC server for Client  is listening at /0.0.0.0:13475
2021-12-08 16:22:40,099 [IPC Server Responder] INFO  ipc.Server (Server.java:run(1507)) - IPC Server Responder: starting
2021-12-08 16:22:40,100 [IPC Server listener on 13475] INFO  ipc.Server (Server.java:run(1344)) - IPC Server listener on 13475: starting
2021-12-08 16:22:40,187 [Listener at 0.0.0.0/13475] INFO  server.StorageContainerManager (StorageContainerManager.java:start(1318)) - ScmBlockLocationProtocol RPC server is listening at /0.0.0.0:13474
2021-12-08 16:22:40,187 [Listener at 0.0.0.0/13475] INFO  server.SCMBlockProtocolServer (SCMBlockProtocolServer.java:start(151)) - RPC server for Block Protocol is listening at /0.0.0.0:13474
2021-12-08 16:22:40,190 [IPC Server Responder] INFO  ipc.Server (Server.java:run(1507)) - IPC Server Responder: starting
2021-12-08 16:22:40,195 [IPC Server listener on 13474] INFO  ipc.Server (Server.java:run(1344)) - IPC Server listener on 13474: starting
2021-12-08 16:22:40,233 [Listener at 0.0.0.0/13475] INFO  server.StorageContainerManager (StorageContainerManager.java:start(1324)) - ScmDatanodeProtocl RPC server is listening at /0.0.0.0:13473
2021-12-08 16:22:40,235 [org.apache.hadoop.util.JvmPauseMonitor$Monitor@452cf5a6] INFO  util.JvmPauseMonitor (JvmPauseMonitor.java:run(188)) - Starting JVM pause monitor
2021-12-08 16:22:40,241 [Listener at 0.0.0.0/13475] INFO  http.BaseHttpServer (BaseHttpServer.java:newHttpServer2BuilderForOzone(209)) - Starting Web-server for scm at: http://0.0.0.0:13470
2021-12-08 16:22:40,254 [Listener at 0.0.0.0/13475] INFO  http.BaseHttpServer (BaseHttpServer.java:<init>(107)) - Hadoop Security Enabled: false Ozone Security Enabled: false Ozone HTTP Security Enabled: false 
2021-12-08 16:22:40,255 [Listener at 0.0.0.0/13475] INFO  server.AuthenticationFilter (AuthenticationFilter.java:constructSecretProvider(240)) - Unable to initialize FileSignerSecretProvider, falling back to use random secrets.
2021-12-08 16:22:40,267 [Listener at 0.0.0.0/13475] WARN  http.HttpRequestLog (HttpRequestLog.java:getRequestLog(103)) - Jetty request log can only be enabled using Log4j
2021-12-08 16:22:40,270 [Listener at 0.0.0.0/13475] INFO  http.HttpServer2 (HttpServer2.java:addGlobalFilter(1030)) - Added global filter 'safety' (class=org.apache.hadoop.hdds.server.http.HttpServer2$QuotingInputFilter)
2021-12-08 16:22:40,273 [Listener at 0.0.0.0/13475] INFO  http.HttpServer2 (HttpServer2.java:addFilter(1006)) - Added filter static_user_filter (class=org.apache.hadoop.http.lib.StaticUserWebFilter$StaticUserFilter) to context scm
2021-12-08 16:22:40,273 [Listener at 0.0.0.0/13475] INFO  http.HttpServer2 (HttpServer2.java:addFilter(1014)) - Added filter static_user_filter (class=org.apache.hadoop.http.lib.StaticUserWebFilter$StaticUserFilter) to context logs
2021-12-08 16:22:40,273 [Listener at 0.0.0.0/13475] INFO  http.HttpServer2 (HttpServer2.java:addFilter(1014)) - Added filter static_user_filter (class=org.apache.hadoop.http.lib.StaticUserWebFilter$StaticUserFilter) to context static
2021-12-08 16:22:40,273 [Listener at 0.0.0.0/13475] INFO  http.HttpServer2 (HttpServer2.java:bindListener(1249)) - Jetty bound to port 13470
2021-12-08 16:22:40,273 [Listener at 0.0.0.0/13475] INFO  server.Server (Server.java:doStart(375)) - jetty-9.4.43.v20210629; built: 2021-06-30T11:07:22.254Z; git: 526006ecfa3af7f1a27ef3a288e2bef7ea9dd7e8; jvm 1.8.0_292-b10
2021-12-08 16:22:40,285 [Listener at 0.0.0.0/13475] INFO  server.session (DefaultSessionIdManager.java:doStart(334)) - DefaultSessionIdManager workerName=node0
2021-12-08 16:22:40,286 [Listener at 0.0.0.0/13475] INFO  server.session (DefaultSessionIdManager.java:doStart(339)) - No SessionScavenger set, using defaults
2021-12-08 16:22:40,286 [Listener at 0.0.0.0/13475] INFO  server.session (HouseKeeper.java:startScavenging(132)) - node0 Scavenging every 660000ms
2021-12-08 16:22:40,288 [Listener at 0.0.0.0/13475] INFO  handler.ContextHandler (ContextHandler.java:doStart(915)) - Started o.e.j.s.ServletContextHandler@6b465402{logs,/logs,file:///home/runner/work/ozone/ozone/hadoop-ozone/integration-test/target/log,AVAILABLE}
2021-12-08 16:22:40,289 [Listener at 0.0.0.0/13475] INFO  handler.ContextHandler (ContextHandler.java:doStart(915)) - Started o.e.j.s.ServletContextHandler@2fa69db0{static,/static,file:///home/runner/work/ozone/ozone/hadoop-ozone/integration-test/target/test-classes/webapps/static,AVAILABLE}
2021-12-08 16:22:40,292 [Listener at 0.0.0.0/13475] INFO  handler.ContextHandler (ContextHandler.java:doStart(915)) - Started o.e.j.w.WebAppContext@748a60ad{scm,/,file:///home/runner/work/ozone/ozone/hadoop-ozone/integration-test/target/test-classes/webapps/scm/,AVAILABLE}{file:/home/runner/work/ozone/ozone/hadoop-ozone/integration-test/target/test-classes/webapps/scm}
2021-12-08 16:22:40,294 [Listener at 0.0.0.0/13475] INFO  server.AbstractConnector (AbstractConnector.java:doStart(331)) - Started ServerConnector@1f2ce03b{HTTP/1.1, (http/1.1)}{0.0.0.0:13470}
2021-12-08 16:22:40,294 [Listener at 0.0.0.0/13475] INFO  server.Server (Server.java:doStart(415)) - Started @85251ms
2021-12-08 16:22:40,294 [Listener at 0.0.0.0/13475] WARN  impl.MetricsSystemImpl (MetricsSystemImpl.java:register(279)) - Sink prometheus already exists!
2021-12-08 16:22:40,294 [Listener at 0.0.0.0/13475] INFO  http.BaseHttpServer (BaseHttpServer.java:updateConnectorAddress(329)) - HTTP server of scm listening at http://0.0.0.0:13470
2021-12-08 16:22:40,295 [Listener at 0.0.0.0/13475] INFO  ozone.MiniOzoneHAClusterImpl (MiniOzoneHAClusterImpl.java:createSCMService(577)) - Started SCM RPC server at org.apache.hadoop.hdds.scm.server.SCMClientProtocolServer@50c037a6
2021-12-08 16:22:40,298 [Listener at 0.0.0.0/13475] INFO  ha.OMHANodeDetails (OMHANodeDetails.java:loadOMHAConfig(118)) - ServiceID for OzoneManager is om-bootstrap
2021-12-08 16:22:40,298 [Listener at 0.0.0.0/13475] INFO  ha.OMHANodeDetails (OMHANodeDetails.java:loadOMHAConfig(192)) - Found matching OM address with OMServiceId: om-bootstrap, OMNodeId: omNode-1, RPC Address: localhost:13584 and Ratis port: 13588
2021-12-08 16:22:40,298 [Listener at 0.0.0.0/13475] INFO  ha.OMHANodeDetails (ConfUtils.java:setNodeSpecificConfigs(108)) - Setting configuration key ozone.om.http-address with value of key ozone.om.http-address.om-bootstrap.omNode-1: 127.0.0.1:13586
2021-12-08 16:22:40,298 [Listener at 0.0.0.0/13475] INFO  ha.OMHANodeDetails (ConfUtils.java:setNodeSpecificConfigs(108)) - Setting configuration key ozone.om.https-address with value of key ozone.om.https-address.om-bootstrap.omNode-1: 127.0.0.1:13587
2021-12-08 16:22:40,298 [Listener at 0.0.0.0/13475] INFO  ha.OMHANodeDetails (ConfUtils.java:setNodeSpecificConfigs(108)) - Setting configuration key ozone.om.address with value of key ozone.om.address.om-bootstrap.omNode-1: 127.0.0.1:13584
2021-12-08 16:22:40,299 [Listener at 0.0.0.0/13475] WARN  server.ServerUtils (ServerUtils.java:getDBPath(225)) - ozone.om.db.dirs is not configured. We recommend adding this setting. Falling back to ozone.metadata.dirs instead.
2021-12-08 16:22:40,299 [Listener at 0.0.0.0/13475] INFO  ha.SCMNodeInfo (SCMNodeInfo.java:getPort(197)) - ConfigKey ozone.scm.client.address is deprecated, For configuring different ports for each SCM use PortConfigKey ozone.scm.client.port appended with serviceId and nodeId
2021-12-08 16:22:40,300 [Listener at 0.0.0.0/13475] INFO  ha.SCMNodeInfo (SCMNodeInfo.java:getPort(197)) - ConfigKey ozone.scm.block.client.address is deprecated, For configuring different ports for each SCM use PortConfigKey ozone.scm.block.client.port appended with serviceId and nodeId
2021-12-08 16:22:40,300 [Listener at 0.0.0.0/13475] INFO  ha.SCMNodeInfo (SCMNodeInfo.java:getPort(197)) - ConfigKey ozone.scm.datanode.address is deprecated, For configuring different ports for each SCM use PortConfigKey ozone.scm.datanode.port appended with serviceId and nodeId
2021-12-08 16:22:40,697 [EndpointStateMachine task thread for /127.0.0.1:15821 - 0 ] INFO  ipc.Client (Client.java:handleConnectionFailure(977)) - Retrying connect to server: localhost/127.0.0.1:15821. Already tried 8 time(s); retry policy is RetryUpToMaximumCountWithFixedSleep(maxRetries=15, sleepTime=1000 MILLISECONDS)
2021-12-08 16:22:41,698 [EndpointStateMachine task thread for /127.0.0.1:15821 - 0 ] INFO  ipc.Client (Client.java:handleConnectionFailure(977)) - Retrying connect to server: localhost/127.0.0.1:15821. Already tried 9 time(s); retry policy is RetryUpToMaximumCountWithFixedSleep(maxRetries=15, sleepTime=1000 MILLISECONDS)
2021-12-08 16:22:42,319 [Listener at 0.0.0.0/13475] INFO  retry.RetryInvocationHandler (RetryInvocationHandler.java:log(411)) - com.google.protobuf.ServiceException: org.apache.hadoop.ipc.RemoteException(org.apache.hadoop.hdds.ratis.ServerNotLeaderException): Server:a1d7cd84-dd07-406f-a027-06562c9714d9 is not the leader. Could not determine the leader node.
	at org.apache.hadoop.hdds.ratis.ServerNotLeaderException.convertToNotLeaderException(ServerNotLeaderException.java:109)
	at org.apache.hadoop.hdds.scm.ha.RatisUtil.checkRatisException(RatisUtil.java:245)
	at org.apache.hadoop.hdds.scm.protocol.ScmBlockLocationProtocolServerSideTranslatorPB.send(ScmBlockLocationProtocolServerSideTranslatorPB.java:108)
	at org.apache.hadoop.hdds.protocol.proto.ScmBlockLocationProtocolProtos$ScmBlockLocationProtocolService$2.callBlockingMethod(ScmBlockLocationProtocolProtos.java:13937)
	at org.apache.hadoop.ipc.ProtobufRpcEngine$Server.processCall(ProtobufRpcEngine.java:466)
	at org.apache.hadoop.ipc.ProtobufRpcEngine2$Server$ProtoBufRpcInvoker.call(ProtobufRpcEngine2.java:574)
	at org.apache.hadoop.ipc.ProtobufRpcEngine2$Server$ProtoBufRpcInvoker.call(ProtobufRpcEngine2.java:552)
	at org.apache.hadoop.ipc.RPC$Server.call(RPC.java:1093)
	at org.apache.hadoop.ipc.Server$RpcCall.run(Server.java:1035)
	at org.apache.hadoop.ipc.Server$RpcCall.run(Server.java:963)
	at java.security.AccessController.doPrivileged(Native Method)
	at javax.security.auth.Subject.doAs(Subject.java:422)
	at org.apache.hadoop.security.UserGroupInformation.doAs(UserGroupInformation.java:1878)
	at org.apache.hadoop.ipc.Server$Handler.run(Server.java:2966)
, while invoking $Proxy40.send over nodeId=scmNode-1,nodeAddress=/127.0.0.1:13474 after 1 failover attempts. Trying to failover after sleeping for 2000ms.
2021-12-08 16:22:42,699 [EndpointStateMachine task thread for /127.0.0.1:15821 - 0 ] INFO  ipc.Client (Client.java:handleConnectionFailure(977)) - Retrying connect to server: localhost/127.0.0.1:15821. Already tried 10 time(s); retry policy is RetryUpToMaximumCountWithFixedSleep(maxRetries=15, sleepTime=1000 MILLISECONDS)
2021-12-08 16:22:43,700 [EndpointStateMachine task thread for /127.0.0.1:15821 - 0 ] INFO  ipc.Client (Client.java:handleConnectionFailure(977)) - Retrying connect to server: localhost/127.0.0.1:15821. Already tried 11 time(s); retry policy is RetryUpToMaximumCountWithFixedSleep(maxRetries=15, sleepTime=1000 MILLISECONDS)
2021-12-08 16:22:44,324 [Listener at 0.0.0.0/13475] INFO  retry.RetryInvocationHandler (RetryInvocationHandler.java:log(411)) - com.google.protobuf.ServiceException: org.apache.hadoop.ipc.RemoteException(org.apache.hadoop.hdds.ratis.ServerNotLeaderException): Server:a1d7cd84-dd07-406f-a027-06562c9714d9 is not the leader. Could not determine the leader node.
	at org.apache.hadoop.hdds.ratis.ServerNotLeaderException.convertToNotLeaderException(ServerNotLeaderException.java:109)
	at org.apache.hadoop.hdds.scm.ha.RatisUtil.checkRatisException(RatisUtil.java:245)
	at org.apache.hadoop.hdds.scm.protocol.ScmBlockLocationProtocolServerSideTranslatorPB.send(ScmBlockLocationProtocolServerSideTranslatorPB.java:108)
	at org.apache.hadoop.hdds.protocol.proto.ScmBlockLocationProtocolProtos$ScmBlockLocationProtocolService$2.callBlockingMethod(ScmBlockLocationProtocolProtos.java:13937)
	at org.apache.hadoop.ipc.ProtobufRpcEngine$Server.processCall(ProtobufRpcEngine.java:466)
	at org.apache.hadoop.ipc.ProtobufRpcEngine2$Server$ProtoBufRpcInvoker.call(ProtobufRpcEngine2.java:574)
	at org.apache.hadoop.ipc.ProtobufRpcEngine2$Server$ProtoBufRpcInvoker.call(ProtobufRpcEngine2.java:552)
	at org.apache.hadoop.ipc.RPC$Server.call(RPC.java:1093)
	at org.apache.hadoop.ipc.Server$RpcCall.run(Server.java:1035)
	at org.apache.hadoop.ipc.Server$RpcCall.run(Server.java:963)
	at java.security.AccessController.doPrivileged(Native Method)
	at javax.security.auth.Subject.doAs(Subject.java:422)
	at org.apache.hadoop.security.UserGroupInformation.doAs(UserGroupInformation.java:1878)
	at org.apache.hadoop.ipc.Server$Handler.run(Server.java:2966)
, while invoking $Proxy40.send over nodeId=scmNode-1,nodeAddress=/127.0.0.1:13474 after 2 failover attempts. Trying to failover after sleeping for 2000ms.
2021-12-08 16:22:44,701 [EndpointStateMachine task thread for /127.0.0.1:15821 - 0 ] INFO  ipc.Client (Client.java:handleConnectionFailure(977)) - Retrying connect to server: localhost/127.0.0.1:15821. Already tried 12 time(s); retry policy is RetryUpToMaximumCountWithFixedSleep(maxRetries=15, sleepTime=1000 MILLISECONDS)
2021-12-08 16:22:45,083 [a1d7cd84-dd07-406f-a027-06562c9714d9@group-93507A544922-FollowerState] INFO  impl.FollowerState (FollowerState.java:run(134)) - a1d7cd84-dd07-406f-a027-06562c9714d9@group-93507A544922-FollowerState: change to CANDIDATE, lastRpcElapsedTime:5069023884ns, electionTimeout:5068ms
2021-12-08 16:22:45,084 [a1d7cd84-dd07-406f-a027-06562c9714d9@group-93507A544922-FollowerState] INFO  impl.RoleInfo (RoleInfo.java:shutdownFollowerState(108)) - a1d7cd84-dd07-406f-a027-06562c9714d9: shutdown a1d7cd84-dd07-406f-a027-06562c9714d9@group-93507A544922-FollowerState
2021-12-08 16:22:45,084 [a1d7cd84-dd07-406f-a027-06562c9714d9@group-93507A544922-FollowerState] INFO  server.RaftServer$Division (RaftServerImpl.java:setRole(290)) - a1d7cd84-dd07-406f-a027-06562c9714d9@group-93507A544922: changes role from  FOLLOWER to CANDIDATE at term 1 for changeToCandidate
2021-12-08 16:22:45,084 [a1d7cd84-dd07-406f-a027-06562c9714d9@group-93507A544922-FollowerState] INFO  server.RaftServerConfigKeys (ConfUtils.java:logGet(44)) - raft.server.leaderelection.pre-vote = false (custom)
2021-12-08 16:22:45,084 [a1d7cd84-dd07-406f-a027-06562c9714d9@group-93507A544922-FollowerState] INFO  impl.RoleInfo (RoleInfo.java:updateAndGet(130)) - a1d7cd84-dd07-406f-a027-06562c9714d9: start a1d7cd84-dd07-406f-a027-06562c9714d9@group-93507A544922-LeaderElection20
2021-12-08 16:22:45,088 [a1d7cd84-dd07-406f-a027-06562c9714d9@group-93507A544922-LeaderElection20] INFO  impl.LeaderElection (LeaderElection.java:askForVotes(306)) - a1d7cd84-dd07-406f-a027-06562c9714d9@group-93507A544922-LeaderElection20 ELECTION round 0: submit vote requests at term 2 for 0: [a1d7cd84-dd07-406f-a027-06562c9714d9|rpc:localhost:13472|admin:|client:|dataStream:|priority:0], old=null
2021-12-08 16:22:45,093 [a1d7cd84-dd07-406f-a027-06562c9714d9@group-93507A544922-LeaderElection20] INFO  impl.LeaderElection (LeaderElection.java:askForVotes(308)) - a1d7cd84-dd07-406f-a027-06562c9714d9@group-93507A544922-LeaderElection20 ELECTION round 0: result PASSED (term=2)
2021-12-08 16:22:45,093 [a1d7cd84-dd07-406f-a027-06562c9714d9@group-93507A544922-LeaderElection20] INFO  impl.RoleInfo (RoleInfo.java:shutdownLeaderElection(121)) - a1d7cd84-dd07-406f-a027-06562c9714d9: shutdown a1d7cd84-dd07-406f-a027-06562c9714d9@group-93507A544922-LeaderElection20
2021-12-08 16:22:45,093 [a1d7cd84-dd07-406f-a027-06562c9714d9@group-93507A544922-LeaderElection20] INFO  server.RaftServer$Division (RaftServerImpl.java:setRole(290)) - a1d7cd84-dd07-406f-a027-06562c9714d9@group-93507A544922: changes role from CANDIDATE to LEADER at term 2 for changeToLeader
2021-12-08 16:22:45,093 [a1d7cd84-dd07-406f-a027-06562c9714d9@group-93507A544922-LeaderElection20] INFO  ha.SCMStateMachine (SCMStateMachine.java:notifyLeaderChanged(259)) - current SCM becomes leader of term 2.
2021-12-08 16:22:45,094 [a1d7cd84-dd07-406f-a027-06562c9714d9@group-93507A544922-LeaderElection20] INFO  ha.SCMContext (SCMContext.java:updateLeaderAndTerm(90)) - update <isLeader,term> from <false,0> to <true,2>
2021-12-08 16:22:45,094 [a1d7cd84-dd07-406f-a027-06562c9714d9@group-93507A544922-LeaderElection20] INFO  server.RaftServer$Division (ServerState.java:setLeader(285)) - a1d7cd84-dd07-406f-a027-06562c9714d9@group-93507A544922: change Leader from null to a1d7cd84-dd07-406f-a027-06562c9714d9 at term 2 for becomeLeader, leader elected after 5171ms
2021-12-08 16:22:45,094 [a1d7cd84-dd07-406f-a027-06562c9714d9@group-93507A544922-LeaderElection20] INFO  server.RaftServerConfigKeys (ConfUtils.java:logGet(44)) - raft.server.staging.catchup.gap = 1000 (default)
2021-12-08 16:22:45,094 [a1d7cd84-dd07-406f-a027-06562c9714d9@group-93507A544922-LeaderElection20] INFO  server.RaftServerConfigKeys (ConfUtils.java:logGet(44)) - raft.server.write.element-limit = 4096 (default)
2021-12-08 16:22:45,094 [a1d7cd84-dd07-406f-a027-06562c9714d9@group-93507A544922-LeaderElection20] INFO  server.RaftServerConfigKeys (ConfUtils.java:logGet(44)) - raft.server.write.byte-limit = 64MB (=67108864) (default)
2021-12-08 16:22:45,102 [a1d7cd84-dd07-406f-a027-06562c9714d9@group-93507A544922-LeaderElection20] INFO  server.RaftServerConfigKeys (ConfUtils.java:logGet(44)) - raft.server.watch.timeout = 10s (default)
2021-12-08 16:22:45,102 [a1d7cd84-dd07-406f-a027-06562c9714d9@group-93507A544922-LeaderElection20] INFO  server.RaftServerConfigKeys (ConfUtils.java:logGet(44)) - raft.server.watch.timeout.denomination = 1s (default)
2021-12-08 16:22:45,102 [a1d7cd84-dd07-406f-a027-06562c9714d9@group-93507A544922-LeaderElection20] INFO  server.RaftServerConfigKeys (ConfUtils.java:logGet(44)) - raft.server.watch.element-limit = 65536 (default)
2021-12-08 16:22:45,102 [a1d7cd84-dd07-406f-a027-06562c9714d9@group-93507A544922-LeaderElection20] INFO  server.RaftServerConfigKeys (ConfUtils.java:logGet(44)) - raft.server.write.element-limit = 4096 (default)
2021-12-08 16:22:45,102 [a1d7cd84-dd07-406f-a027-06562c9714d9@group-93507A544922-LeaderElection20] INFO  server.RaftServerConfigKeys (ConfUtils.java:logGet(44)) - raft.server.write.follower.gap.ratio.max = -1.0 (default)
2021-12-08 16:22:45,102 [a1d7cd84-dd07-406f-a027-06562c9714d9@group-93507A544922-LeaderElection20] INFO  impl.RoleInfo (RoleInfo.java:updateAndGet(130)) - a1d7cd84-dd07-406f-a027-06562c9714d9: start a1d7cd84-dd07-406f-a027-06562c9714d9@group-93507A544922-LeaderStateImpl
2021-12-08 16:22:45,102 [a1d7cd84-dd07-406f-a027-06562c9714d9@group-93507A544922-LeaderElection20] INFO  segmented.SegmentedRaftLogWorker (SegmentedRaftLogWorker.java:rollLogSegment(399)) - a1d7cd84-dd07-406f-a027-06562c9714d9@group-93507A544922-SegmentedRaftLogWorker: Rolling segment log-0_0 to index:0
2021-12-08 16:22:45,107 [a1d7cd84-dd07-406f-a027-06562c9714d9@group-93507A544922-SegmentedRaftLogWorker] INFO  segmented.SegmentedRaftLogWorker (SegmentedRaftLogWorker.java:execute(558)) - a1d7cd84-dd07-406f-a027-06562c9714d9@group-93507A544922-SegmentedRaftLogWorker: Rolled log segment from /home/runner/work/ozone/ozone/hadoop-ozone/integration-test/target/test-dir/MiniOzoneClusterImpl-871b6dc8-7d19-4806-8910-93507a544922/scmNode-1/scm-ha/871b6dc8-7d19-4806-8910-93507a544922/current/log_inprogress_0 to /home/runner/work/ozone/ozone/hadoop-ozone/integration-test/target/test-dir/MiniOzoneClusterImpl-871b6dc8-7d19-4806-8910-93507a544922/scmNode-1/scm-ha/871b6dc8-7d19-4806-8910-93507a544922/current/log_0-0
2021-12-08 16:22:45,114 [a1d7cd84-dd07-406f-a027-06562c9714d9@group-93507A544922-SegmentedRaftLogWorker] INFO  segmented.SegmentedRaftLogWorker (SegmentedRaftLogWorker.java:execute(601)) - a1d7cd84-dd07-406f-a027-06562c9714d9@group-93507A544922-SegmentedRaftLogWorker: created new log segment /home/runner/work/ozone/ozone/hadoop-ozone/integration-test/target/test-dir/MiniOzoneClusterImpl-871b6dc8-7d19-4806-8910-93507a544922/scmNode-1/scm-ha/871b6dc8-7d19-4806-8910-93507a544922/current/log_inprogress_1
2021-12-08 16:22:45,119 [a1d7cd84-dd07-406f-a027-06562c9714d9@group-93507A544922-LeaderElection20] INFO  server.RaftServer$Division (ServerState.java:setRaftConf(387)) - a1d7cd84-dd07-406f-a027-06562c9714d9@group-93507A544922: set configuration 1: [a1d7cd84-dd07-406f-a027-06562c9714d9|rpc:localhost:13472|admin:|client:|dataStream:|priority:0], old=null
2021-12-08 16:22:45,123 [a1d7cd84-dd07-406f-a027-06562c9714d9@group-93507A544922-StateMachineUpdater] INFO  ha.SCMContext (SCMContext.java:setLeaderReady(117)) - update <isLeaderReady> from <false> to <true>
2021-12-08 16:22:45,124 [a1d7cd84-dd07-406f-a027-06562c9714d9@group-93507A544922-StateMachineUpdater] INFO  pipeline.BackgroundPipelineCreator (BackgroundPipelineCreator.java:notifyStatusChanged(264)) - Service BackgroundPipelineCreator transitions to RUNNING.
2021-12-08 16:22:45,125 [a1d7cd84-dd07-406f-a027-06562c9714d9@group-93507A544922-StateMachineUpdater] INFO  safemode.HealthyPipelineSafeModeRule (HealthyPipelineSafeModeRule.java:initializeRule(152)) - Refreshed total pipeline count is 0, healthy pipeline threshold count is 1
2021-12-08 16:22:45,125 [a1d7cd84-dd07-406f-a027-06562c9714d9@group-93507A544922-StateMachineUpdater] INFO  safemode.ContainerSafeModeRule (ContainerSafeModeRule.java:reInitializeRule(177)) - Refreshed one replica container threshold 0, currentThreshold 0
2021-12-08 16:22:45,125 [a1d7cd84-dd07-406f-a027-06562c9714d9@group-93507A544922-StateMachineUpdater] INFO  safemode.OneReplicaPipelineSafeModeRule (OneReplicaPipelineSafeModeRule.java:initializeRule(176)) - Refreshed Total pipeline count is 0, pipeline's with at least one datanode reported threshold count is 0
2021-12-08 16:22:45,125 [a1d7cd84-dd07-406f-a027-06562c9714d9@group-93507A544922-StateMachineUpdater] INFO  server.SCMDatanodeProtocolServer (SCMDatanodeProtocolServer.java:start(181)) - RPC server for DataNodes is listening at /0.0.0.0:13473
2021-12-08 16:22:45,130 [IPC Server listener on 13473] INFO  ipc.Server (Server.java:run(1344)) - IPC Server listener on 13473: starting
2021-12-08 16:22:45,149 [IPC Server Responder] INFO  ipc.Server (Server.java:run(1507)) - IPC Server Responder: starting
2021-12-08 16:22:45,701 [EndpointStateMachine task thread for /127.0.0.1:15821 - 0 ] INFO  ipc.Client (Client.java:handleConnectionFailure(977)) - Retrying connect to server: localhost/127.0.0.1:15821. Already tried 13 time(s); retry policy is RetryUpToMaximumCountWithFixedSleep(maxRetries=15, sleepTime=1000 MILLISECONDS)
OM initialization succeeded.Current cluster id for sd=/home/runner/work/ozone/ozone/hadoop-ozone/integration-test/target/test-dir/MiniOzoneClusterImpl-871b6dc8-7d19-4806-8910-93507a544922/omNode-1/om;cid=871b6dc8-7d19-4806-8910-93507a544922;layoutVersion=0
2021-12-08 16:22:46,328 [Listener at 0.0.0.0/13475] INFO  ha.OMHANodeDetails (OMHANodeDetails.java:loadOMHAConfig(118)) - ServiceID for OzoneManager is om-bootstrap
2021-12-08 16:22:46,329 [Listener at 0.0.0.0/13475] INFO  ha.OMHANodeDetails (OMHANodeDetails.java:loadOMHAConfig(192)) - Found matching OM address with OMServiceId: om-bootstrap, OMNodeId: omNode-1, RPC Address: localhost:13584 and Ratis port: 13588
2021-12-08 16:22:46,329 [Listener at 0.0.0.0/13475] INFO  ha.OMHANodeDetails (ConfUtils.java:setNodeSpecificConfigs(108)) - Setting configuration key ozone.om.http-address with value of key ozone.om.http-address.om-bootstrap.omNode-1: 127.0.0.1:13586
2021-12-08 16:22:46,329 [Listener at 0.0.0.0/13475] INFO  ha.OMHANodeDetails (ConfUtils.java:setNodeSpecificConfigs(108)) - Setting configuration key ozone.om.https-address with value of key ozone.om.https-address.om-bootstrap.omNode-1: 127.0.0.1:13587
2021-12-08 16:22:46,329 [Listener at 0.0.0.0/13475] INFO  ha.OMHANodeDetails (ConfUtils.java:setNodeSpecificConfigs(108)) - Setting configuration key ozone.om.address with value of key ozone.om.address.om-bootstrap.omNode-1: 127.0.0.1:13584
2021-12-08 16:22:46,329 [Listener at 0.0.0.0/13475] WARN  server.ServerUtils (ServerUtils.java:getDBPath(225)) - ozone.om.db.dirs is not configured. We recommend adding this setting. Falling back to ozone.metadata.dirs instead.
2021-12-08 16:22:46,329 [Listener at 0.0.0.0/13475] INFO  upgrade.AbstractLayoutVersionManager (AbstractLayoutVersionManager.java:init(79)) - Initializing Layout version manager with metadata layout = INITIAL_VERSION (version = 0), software layout = INITIAL_VERSION (version = 0)
2021-12-08 16:22:46,405 [Listener at 0.0.0.0/13475] INFO  reflections.Reflections (Reflections.java:scan(232)) - Reflections took 74 ms to scan 2 urls, producing 132 keys and 344 values [using 2 cores]
2021-12-08 16:22:46,405 [Listener at 0.0.0.0/13475] INFO  upgrade.OMLayoutVersionManager (OMLayoutVersionManager.java:lambda$0(115)) - Skipping Upgrade Action MockOmUpgradeAction since it has been finalized.
2021-12-08 16:22:46,405 [Listener at 0.0.0.0/13475] WARN  server.ServerUtils (ServerUtils.java:getDBPath(225)) - ozone.om.db.dirs is not configured. We recommend adding this setting. Falling back to ozone.metadata.dirs instead.
2021-12-08 16:22:46,405 [Listener at 0.0.0.0/13475] INFO  ha.SCMNodeInfo (SCMNodeInfo.java:getPort(197)) - ConfigKey ozone.scm.client.address is deprecated, For configuring different ports for each SCM use PortConfigKey ozone.scm.client.port appended with serviceId and nodeId
2021-12-08 16:22:46,405 [Listener at 0.0.0.0/13475] INFO  ha.SCMNodeInfo (SCMNodeInfo.java:getPort(197)) - ConfigKey ozone.scm.block.client.address is deprecated, For configuring different ports for each SCM use PortConfigKey ozone.scm.block.client.port appended with serviceId and nodeId
2021-12-08 16:22:46,405 [Listener at 0.0.0.0/13475] INFO  ha.SCMNodeInfo (SCMNodeInfo.java:getPort(197)) - ConfigKey ozone.scm.datanode.address is deprecated, For configuring different ports for each SCM use PortConfigKey ozone.scm.datanode.port appended with serviceId and nodeId
2021-12-08 16:22:46,407 [Listener at 0.0.0.0/13475] INFO  ha.SCMNodeInfo (SCMNodeInfo.java:getPort(197)) - ConfigKey ozone.scm.client.address is deprecated, For configuring different ports for each SCM use PortConfigKey ozone.scm.client.port appended with serviceId and nodeId
2021-12-08 16:22:46,407 [Listener at 0.0.0.0/13475] INFO  ha.SCMNodeInfo (SCMNodeInfo.java:getPort(197)) - ConfigKey ozone.scm.block.client.address is deprecated, For configuring different ports for each SCM use PortConfigKey ozone.scm.block.client.port appended with serviceId and nodeId
2021-12-08 16:22:46,407 [Listener at 0.0.0.0/13475] INFO  ha.SCMNodeInfo (SCMNodeInfo.java:getPort(197)) - ConfigKey ozone.scm.datanode.address is deprecated, For configuring different ports for each SCM use PortConfigKey ozone.scm.datanode.port appended with serviceId and nodeId
2021-12-08 16:22:46,412 [Listener at 0.0.0.0/13475] INFO  ha.SCMNodeInfo (SCMNodeInfo.java:getPort(197)) - ConfigKey ozone.scm.client.address is deprecated, For configuring different ports for each SCM use PortConfigKey ozone.scm.client.port appended with serviceId and nodeId
2021-12-08 16:22:46,412 [Listener at 0.0.0.0/13475] INFO  ha.SCMNodeInfo (SCMNodeInfo.java:getPort(197)) - ConfigKey ozone.scm.block.client.address is deprecated, For configuring different ports for each SCM use PortConfigKey ozone.scm.block.client.port appended with serviceId and nodeId
2021-12-08 16:22:46,413 [Listener at 0.0.0.0/13475] INFO  ha.SCMNodeInfo (SCMNodeInfo.java:getPort(197)) - ConfigKey ozone.scm.datanode.address is deprecated, For configuring different ports for each SCM use PortConfigKey ozone.scm.datanode.port appended with serviceId and nodeId
2021-12-08 16:22:46,420 [Listener at 0.0.0.0/13475] WARN  server.ServerUtils (ServerUtils.java:getDBPath(225)) - ozone.om.db.dirs is not configured. We recommend adding this setting. Falling back to ozone.metadata.dirs instead.
2021-12-08 16:22:46,421 [Listener at 0.0.0.0/13475] INFO  codec.OmKeyInfoCodec (OmKeyInfoCodec.java:<init>(50)) - OmKeyInfoCodec ignorePipeline = true
2021-12-08 16:22:46,421 [Listener at 0.0.0.0/13475] INFO  codec.RepeatedOmKeyInfoCodec (RepeatedOmKeyInfoCodec.java:<init>(42)) - RepeatedOmKeyInfoCodec ignorePipeline = true
2021-12-08 16:22:46,628 [Listener at 0.0.0.0/13475] INFO  om.OzoneManager (OzoneManager.java:addS3GVolumeToDB(3660)) - Created Volume s3v With Owner runner required for S3Gateway operations.
2021-12-08 16:22:46,628 [Listener at 0.0.0.0/13475] WARN  server.ServerUtils (ServerUtils.java:getDefaultRatisDirectory(237)) - Storage directory for Ratis is not configured. It is a good idea to map this to an SSD disk. Falling back to ozone.metadata.dirs
2021-12-08 16:22:46,628 [Listener at 0.0.0.0/13475] WARN  utils.OzoneManagerRatisUtils (OzoneManagerRatisUtils.java:getOMRatisSnapshotDirectory(323)) - ozone.om.ratis.snapshot.dir is not configured. Falling back to ozone.metadata.dirs config
2021-12-08 16:22:46,628 [Listener at 0.0.0.0/13475] WARN  impl.MetricRegistriesImpl (MetricRegistriesImpl.java:addReporterRegistration(111)) - New reporters are added after registries were created. Some metrics will be missing from the reporter. Please add reporter before adding any new registry.
2021-12-08 16:22:46,628 [Listener at 0.0.0.0/13475] WARN  impl.MetricRegistriesImpl (MetricRegistriesImpl.java:addReporterRegistration(111)) - New reporters are added after registries were created. Some metrics will be missing from the reporter. Please add reporter before adding any new registry.
2021-12-08 16:22:46,629 [Listener at 0.0.0.0/13475] WARN  server.ServerUtils (ServerUtils.java:getDefaultRatisDirectory(237)) - Storage directory for Ratis is not configured. It is a good idea to map this to an SSD disk. Falling back to ozone.metadata.dirs
2021-12-08 16:22:46,638 [Listener at 0.0.0.0/13475] INFO  ratis.OzoneManagerRatisServer (OzoneManagerRatisServer.java:<init>(159)) - Instantiating OM Ratis server with groupID: om-bootstrap and peers: localhost:13588
2021-12-08 16:22:46,638 [Listener at 0.0.0.0/13475] INFO  ratis.OzoneManagerStateMachine (OzoneManagerStateMachine.java:loadSnapshotInfoFromDB(605)) - LastAppliedIndex is set from TransactionInfo from OM DB as (t:0, i:~)
2021-12-08 16:22:46,639 [Listener at 0.0.0.0/13475] INFO  server.RaftServer (ConfUtils.java:logGet(44)) - raft.rpc.type = GRPC (default)
2021-12-08 16:22:46,639 [Listener at 0.0.0.0/13475] INFO  grpc.GrpcFactory (GrpcFactory.java:checkPooledByteBufAllocatorUseCacheForAllThreads(48)) - PERFORMANCE WARNING: useCacheForAllThreads is true that may cause Netty to create a lot garbage objects and, as a result, trigger GC.
	It is recommended to disable useCacheForAllThreads by setting -Dorg.apache.ratis.thirdparty.io.netty.allocator.useCacheForAllThreads=false in command line.
2021-12-08 16:22:46,639 [Listener at 0.0.0.0/13475] INFO  grpc.GrpcConfigKeys (ConfUtils.java:logGet(44)) - raft.grpc.admin.port = -1 (default)
2021-12-08 16:22:46,640 [Listener at 0.0.0.0/13475] INFO  grpc.GrpcConfigKeys (ConfUtils.java:logGet(44)) - raft.grpc.server.port = 13588 (custom)
2021-12-08 16:22:46,640 [Listener at 0.0.0.0/13475] INFO  grpc.GrpcConfigKeys (ConfUtils.java:logGet(44)) - raft.grpc.client.port = -1 (default)
2021-12-08 16:22:46,640 [Listener at 0.0.0.0/13475] INFO  grpc.GrpcConfigKeys (ConfUtils.java:logGet(44)) - raft.grpc.server.port = 13588 (custom)
2021-12-08 16:22:46,640 [Listener at 0.0.0.0/13475] INFO  grpc.GrpcConfigKeys (ConfUtils.java:logGet(44)) - raft.grpc.server.port = 13588 (custom)
2021-12-08 16:22:46,640 [Listener at 0.0.0.0/13475] INFO  server.GrpcService (ConfUtils.java:logGet(44)) - raft.grpc.message.size.max = 33554432 (custom)
2021-12-08 16:22:46,640 [Listener at 0.0.0.0/13475] INFO  server.RaftServerConfigKeys (ConfUtils.java:logGet(44)) - raft.server.log.appender.buffer.byte-limit = 33554432 (custom)
2021-12-08 16:22:46,640 [Listener at 0.0.0.0/13475] INFO  server.GrpcService (ConfUtils.java:logGet(44)) - raft.grpc.flow.control.window = 1MB (=1048576) (default)
2021-12-08 16:22:46,640 [Listener at 0.0.0.0/13475] INFO  server.RaftServerConfigKeys (ConfUtils.java:logGet(44)) - raft.server.rpc.request.timeout = 3000ms (default)
2021-12-08 16:22:46,641 [Listener at 0.0.0.0/13475] INFO  impl.DataStreamServerImpl (ConfUtils.java:logGet(44)) - raft.datastream.type = DISABLED (default)
2021-12-08 16:22:46,641 [Listener at 0.0.0.0/13475] INFO  server.RaftServerConfigKeys (ConfUtils.java:logGet(44)) - raft.server.rpc.slowness.timeout = 2s (custom)
2021-12-08 16:22:46,642 [Listener at 0.0.0.0/13475] INFO  server.RaftServerConfigKeys (ConfUtils.java:logGet(44)) - raft.server.leaderelection.leader.step-down.wait-time = 10s (default)
2021-12-08 16:22:46,642 [Listener at 0.0.0.0/13475] INFO  server.RaftServerConfigKeys (ConfUtils.java:logGet(44)) - raft.server.storage.dir = [/home/runner/work/ozone/ozone/hadoop-ozone/integration-test/target/test-dir/MiniOzoneClusterImpl-871b6dc8-7d19-4806-8910-93507a544922/omNode-1/ratis] (custom)
2021-12-08 16:22:46,643 [Listener at 0.0.0.0/13475] INFO  server.RaftServer (RaftServerProxy.java:addNew(95)) - omNode-1: addNew group-33FC8B15A7E9:[omNode-1|rpc:localhost:13588|priority:0] returns group-33FC8B15A7E9:java.util.concurrent.CompletableFuture@2c4e9395[Not completed]
2021-12-08 16:22:46,644 [Listener at 0.0.0.0/13475] INFO  om.OzoneManager (OzoneManager.java:initializeRatisServer(1770)) - OzoneManager Ratis server initialized at port 13588
2021-12-08 16:22:46,647 [Listener at 0.0.0.0/13475] INFO  ipc.CallQueueManager (CallQueueManager.java:<init>(90)) - Using callQueue: class java.util.concurrent.LinkedBlockingQueue, queueCapacity: 2000, scheduler: class org.apache.hadoop.ipc.DefaultRpcScheduler, ipcBackoff: false.
2021-12-08 16:22:46,648 [Socket Reader #1 for port 13584] INFO  ipc.Server (Server.java:run(1265)) - Starting Socket Reader #1 for port 13584
2021-12-08 16:22:46,645 [pool-265-thread-1] INFO  server.RaftServer$Division (RaftServerImpl.java:<init>(184)) - omNode-1: new RaftServerImpl for group-33FC8B15A7E9:[omNode-1|rpc:localhost:13588|priority:0] with OzoneManagerStateMachine:uninitialized
2021-12-08 16:22:46,660 [pool-265-thread-1] INFO  server.RaftServerConfigKeys (ConfUtils.java:logGet(44)) - raft.server.rpc.timeout.min = 1s (custom)
2021-12-08 16:22:46,660 [pool-265-thread-1] INFO  server.RaftServerConfigKeys (ConfUtils.java:logGet(44)) - raft.server.rpc.timeout.max = 1200ms (custom)
2021-12-08 16:22:46,660 [pool-265-thread-1] INFO  server.RaftServerConfigKeys (ConfUtils.java:logGet(44)) - raft.server.rpc.sleep.time = 25ms (default)
2021-12-08 16:22:46,660 [pool-265-thread-1] INFO  server.RaftServerConfigKeys (ConfUtils.java:logGet(44)) - raft.server.rpc.slowness.timeout = 2s (custom)
2021-12-08 16:22:46,660 [pool-265-thread-1] INFO  server.RaftServerConfigKeys (ConfUtils.java:logGet(44)) - raft.server.leaderelection.leader.step-down.wait-time = 10s (default)
2021-12-08 16:22:46,660 [pool-265-thread-1] INFO  server.RaftServerConfigKeys (ConfUtils.java:logGet(44)) - raft.server.sleep.deviation.threshold = 300ms (default)
2021-12-08 16:22:46,660 [pool-265-thread-1] INFO  server.RaftServerConfigKeys (ConfUtils.java:logGet(44)) - raft.server.log.appender.install.snapshot.enabled = false (custom)
2021-12-08 16:22:46,661 [pool-265-thread-1] INFO  server.RaftServer$Division (ServerState.java:<init>(105)) - omNode-1@group-33FC8B15A7E9: ConfigurationManager, init=-1: [omNode-1|rpc:localhost:13588|priority:0], old=null, confs=<EMPTY_MAP>
2021-12-08 16:22:46,661 [pool-265-thread-1] INFO  server.RaftServerConfigKeys (ConfUtils.java:logGet(44)) - raft.server.storage.dir = [/home/runner/work/ozone/ozone/hadoop-ozone/integration-test/target/test-dir/MiniOzoneClusterImpl-871b6dc8-7d19-4806-8910-93507a544922/omNode-1/ratis] (custom)
2021-12-08 16:22:46,661 [pool-265-thread-1] INFO  server.RaftServerConfigKeys (ConfUtils.java:logGet(44)) - raft.server.log.corruption.policy = EXCEPTION (default)
2021-12-08 16:22:46,661 [pool-265-thread-1] INFO  server.RaftServerConfigKeys (ConfUtils.java:logGet(44)) - raft.server.storage.free-space.min = 0MB (=0) (default)
2021-12-08 16:22:46,661 [pool-265-thread-1] INFO  storage.RaftStorageDirectory (RaftStorageDirectoryImpl.java:analyzeStorage(135)) - The storage directory /home/runner/work/ozone/ozone/hadoop-ozone/integration-test/target/test-dir/MiniOzoneClusterImpl-871b6dc8-7d19-4806-8910-93507a544922/omNode-1/ratis/a5a8c63e-4922-3a03-b163-33fc8b15a7e9 does not exist. Creating ...
2021-12-08 16:22:46,662 [pool-265-thread-1] INFO  storage.RaftStorageDirectory (RaftStorageDirectoryImpl.java:tryLock(230)) - Lock on /home/runner/work/ozone/ozone/hadoop-ozone/integration-test/target/test-dir/MiniOzoneClusterImpl-871b6dc8-7d19-4806-8910-93507a544922/omNode-1/ratis/a5a8c63e-4922-3a03-b163-33fc8b15a7e9/in_use.lock acquired by nodename 1098@fv-az294-221
2021-12-08 16:22:46,664 [pool-265-thread-1] INFO  storage.RaftStorage (RaftStorageImpl.java:format(89)) - Storage directory /home/runner/work/ozone/ozone/hadoop-ozone/integration-test/target/test-dir/MiniOzoneClusterImpl-871b6dc8-7d19-4806-8910-93507a544922/omNode-1/ratis/a5a8c63e-4922-3a03-b163-33fc8b15a7e9 has been successfully formatted.
2021-12-08 16:22:46,664 [pool-265-thread-1] INFO  server.RaftServerConfigKeys (ConfUtils.java:logGet(44)) - raft.server.notification.no-leader.timeout = 2s (custom)
2021-12-08 16:22:46,664 [pool-265-thread-1] INFO  server.RaftServerConfigKeys (ConfUtils.java:logGet(44)) - raft.server.log.use.memory = false (default)
2021-12-08 16:22:46,664 [pool-265-thread-1] INFO  server.RaftServerConfigKeys (ConfUtils.java:logGet(44)) - raft.server.log.purge.gap = 1000000 (custom)
2021-12-08 16:22:46,664 [pool-265-thread-1] INFO  server.RaftServerConfigKeys (ConfUtils.java:logGet(44)) - raft.server.log.appender.buffer.byte-limit = 33554432 (custom)
2021-12-08 16:22:46,665 [pool-265-thread-1] INFO  server.RaftServerConfigKeys (ConfUtils.java:logGet(44)) - raft.server.log.segment.size.max = 4194304 (custom)
2021-12-08 16:22:46,665 [pool-265-thread-1] INFO  server.RaftServerConfigKeys (ConfUtils.java:logGet(44)) - raft.server.log.segment.cache.num.max = 2 (custom)
2021-12-08 16:22:46,665 [pool-265-thread-1] INFO  server.RaftServerConfigKeys (ConfUtils.java:logGet(44)) - raft.server.log.segment.cache.size.max = 200MB (=209715200) (default)
2021-12-08 16:22:46,665 [pool-265-thread-1] INFO  segmented.SegmentedRaftLogWorker (SegmentedRaftLogWorker.java:<init>(182)) - new omNode-1@group-33FC8B15A7E9-SegmentedRaftLogWorker for RaftStorageImpl:Storage Directory /home/runner/work/ozone/ozone/hadoop-ozone/integration-test/target/test-dir/MiniOzoneClusterImpl-871b6dc8-7d19-4806-8910-93507a544922/omNode-1/ratis/a5a8c63e-4922-3a03-b163-33fc8b15a7e9
2021-12-08 16:22:46,665 [pool-265-thread-1] INFO  server.RaftServerConfigKeys (ConfUtils.java:logGet(44)) - raft.server.log.queue.byte-limit = 64MB (=67108864) (default)
2021-12-08 16:22:46,665 [pool-265-thread-1] INFO  server.RaftServerConfigKeys (ConfUtils.java:logGet(44)) - raft.server.log.queue.element-limit = 4096 (default)
2021-12-08 16:22:46,665 [pool-265-thread-1] INFO  server.RaftServerConfigKeys (ConfUtils.java:logGet(44)) - raft.server.log.segment.size.max = 4194304 (custom)
2021-12-08 16:22:46,665 [pool-265-thread-1] INFO  server.RaftServerConfigKeys (ConfUtils.java:logGet(44)) - raft.server.log.preallocated.size = 4194304 (custom)
2021-12-08 16:22:46,665 [pool-265-thread-1] INFO  server.RaftServerConfigKeys (ConfUtils.java:logGet(44)) - raft.server.log.force.sync.num = 128 (default)
2021-12-08 16:22:46,665 [pool-265-thread-1] INFO  server.RaftServerConfigKeys (ConfUtils.java:logGet(44)) - raft.server.log.statemachine.data.sync = true (default)
2021-12-08 16:22:46,666 [pool-265-thread-1] INFO  server.RaftServerConfigKeys (ConfUtils.java:logGet(44)) - raft.server.log.statemachine.data.sync.timeout = 10s (default)
2021-12-08 16:22:46,666 [pool-265-thread-1] INFO  server.RaftServerConfigKeys (ConfUtils.java:logGet(44)) - raft.server.log.statemachine.data.sync.timeout.retry = -1 (default)
2021-12-08 16:22:46,666 [pool-265-thread-1] INFO  server.RaftServerConfigKeys (ConfUtils.java:logGet(44)) - raft.server.log.write.buffer.size = 64KB (=65536) (default)
2021-12-08 16:22:46,666 [pool-265-thread-1] INFO  server.RaftServerConfigKeys (ConfUtils.java:logGet(44)) - raft.server.log.statemachine.data.caching.enabled = false (default)
2021-12-08 16:22:46,667 [pool-265-thread-1] INFO  segmented.SegmentedRaftLogWorker (SegmentedRaftLogWorker.java:lambda$new$0(133)) - omNode-1@group-33FC8B15A7E9-SegmentedRaftLogWorker: flushIndex: setUnconditionally 0 -> -1
2021-12-08 16:22:46,667 [pool-265-thread-1] INFO  segmented.SegmentedRaftLogWorker (SegmentedRaftLogWorker.java:lambda$new$0(133)) - omNode-1@group-33FC8B15A7E9-SegmentedRaftLogWorker: safeCacheEvictIndex: setUnconditionally 0 -> -1
2021-12-08 16:22:46,675 [pool-265-thread-1] INFO  server.RaftServerConfigKeys (ConfUtils.java:logGet(44)) - raft.server.snapshot.auto.trigger.enabled = true (custom)
2021-12-08 16:22:46,675 [pool-265-thread-1] INFO  server.RaftServerConfigKeys (ConfUtils.java:logGet(44)) - raft.server.snapshot.auto.trigger.threshold = 400000 (default)
2021-12-08 16:22:46,675 [pool-265-thread-1] INFO  server.RaftServerConfigKeys (ConfUtils.java:logGet(44)) - raft.server.snapshot.retention.file.num = -1 (default)
2021-12-08 16:22:46,675 [pool-265-thread-1] INFO  server.RaftServerConfigKeys (ConfUtils.java:logGet(44)) - raft.server.log.purge.upto.snapshot.index = true (custom)
2021-12-08 16:22:46,675 [pool-265-thread-1] INFO  server.RaftServerConfigKeys (ConfUtils.java:logGet(44)) - raft.server.retrycache.expirytime = 300s (custom)
2021-12-08 16:22:46,675 [pool-265-thread-1] INFO  server.RaftServerConfigKeys (ConfUtils.java:logGet(44)) - raft.server.retrycache.statistics.expirytime = 100μs (default)
2021-12-08 16:22:46,702 [EndpointStateMachine task thread for /127.0.0.1:15821 - 0 ] INFO  ipc.Client (Client.java:handleConnectionFailure(977)) - Retrying connect to server: localhost/127.0.0.1:15821. Already tried 14 time(s); retry policy is RetryUpToMaximumCountWithFixedSleep(maxRetries=15, sleepTime=1000 MILLISECONDS)
2021-12-08 16:22:46,712 [Listener at 127.0.0.1/13584] INFO  impl.MetricsSystemImpl (MetricsSystemImpl.java:init(158)) - OzoneManager metrics system started (again)
2021-12-08 16:22:46,724 [Listener at 127.0.0.1/13584] INFO  om.OzoneManager (OzoneManager.java:start(1365)) - OzoneManager RPC server is listening at localhost/127.0.0.1:13584
2021-12-08 16:22:46,725 [Listener at 127.0.0.1/13584] INFO  ratis.OzoneManagerRatisServer (OzoneManagerRatisServer.java:start(516)) - Starting OzoneManagerRatisServer omNode-1 at port 13588
2021-12-08 16:22:46,725 [Listener at 127.0.0.1/13584] INFO  server.RaftServer$Division (RaftServerImpl.java:start(301)) - omNode-1@group-33FC8B15A7E9: start as a follower, conf=-1: [omNode-1|rpc:localhost:13588|priority:0], old=null
2021-12-08 16:22:46,725 [Listener at 127.0.0.1/13584] INFO  server.RaftServer$Division (RaftServerImpl.java:setRole(290)) - omNode-1@group-33FC8B15A7E9: changes role from      null to FOLLOWER at term 0 for startAsFollower
2021-12-08 16:22:46,725 [Listener at 127.0.0.1/13584] INFO  impl.RoleInfo (RoleInfo.java:updateAndGet(130)) - omNode-1: start omNode-1@group-33FC8B15A7E9-FollowerState
2021-12-08 16:22:46,725 [Listener at 127.0.0.1/13584] INFO  util.JmxRegister (JmxRegister.java:tryRegister(44)) - Successfully registered JMX Bean with object name Ratis:service=RaftServer,group=group-33FC8B15A7E9,id=omNode-1
2021-12-08 16:22:46,726 [Listener at 127.0.0.1/13584] INFO  server.RaftServer (RaftServerProxy.java:lambda$start$5(374)) - omNode-1: start RPC server
2021-12-08 16:22:46,727 [Listener at 127.0.0.1/13584] INFO  server.GrpcService (GrpcService.java:startImpl(253)) - omNode-1: GrpcService started, listening on 13588
2021-12-08 16:22:46,740 [Listener at 127.0.0.1/13584] INFO  om.OzoneManager (OzoneManager.java:start(1381)) - Version File has different layout version (0) than OM DB (null). That is expected if this OM has never been finalized to a newer layout version.
2021-12-08 16:22:46,740 [org.apache.ratis.util.JvmPauseMonitor$$Lambda$430/1691312302@482dce44] INFO  util.JvmPauseMonitor (JvmPauseMonitor.java:run(103)) - JvmPauseMonitor-omNode-1: Started
2021-12-08 16:22:46,766 [Listener at 127.0.0.1/13584] INFO  http.BaseHttpServer (BaseHttpServer.java:newHttpServer2BuilderForOzone(209)) - Starting Web-server for ozoneManager at: http://0.0.0.0:13586
2021-12-08 16:22:46,766 [Listener at 127.0.0.1/13584] INFO  http.BaseHttpServer (BaseHttpServer.java:<init>(107)) - Hadoop Security Enabled: false Ozone Security Enabled: false Ozone HTTP Security Enabled: false 
2021-12-08 16:22:46,768 [Listener at 127.0.0.1/13584] INFO  server.AuthenticationFilter (AuthenticationFilter.java:constructSecretProvider(240)) - Unable to initialize FileSignerSecretProvider, falling back to use random secrets.
2021-12-08 16:22:46,772 [Listener at 127.0.0.1/13584] WARN  http.HttpRequestLog (HttpRequestLog.java:getRequestLog(103)) - Jetty request log can only be enabled using Log4j
2021-12-08 16:22:46,773 [Listener at 127.0.0.1/13584] INFO  http.HttpServer2 (HttpServer2.java:addGlobalFilter(1030)) - Added global filter 'safety' (class=org.apache.hadoop.hdds.server.http.HttpServer2$QuotingInputFilter)
2021-12-08 16:22:46,774 [Listener at 127.0.0.1/13584] INFO  http.HttpServer2 (HttpServer2.java:addFilter(1006)) - Added filter static_user_filter (class=org.apache.hadoop.http.lib.StaticUserWebFilter$StaticUserFilter) to context ozoneManager
2021-12-08 16:22:46,774 [Listener at 127.0.0.1/13584] INFO  http.HttpServer2 (HttpServer2.java:addFilter(1014)) - Added filter static_user_filter (class=org.apache.hadoop.http.lib.StaticUserWebFilter$StaticUserFilter) to context static
2021-12-08 16:22:46,774 [Listener at 127.0.0.1/13584] INFO  http.HttpServer2 (HttpServer2.java:addFilter(1014)) - Added filter static_user_filter (class=org.apache.hadoop.http.lib.StaticUserWebFilter$StaticUserFilter) to context logs
2021-12-08 16:22:46,774 [Listener at 127.0.0.1/13584] INFO  http.HttpServer2 (HttpServer2.java:bindListener(1249)) - Jetty bound to port 13586
2021-12-08 16:22:46,774 [Listener at 127.0.0.1/13584] INFO  server.Server (Server.java:doStart(375)) - jetty-9.4.43.v20210629; built: 2021-06-30T11:07:22.254Z; git: 526006ecfa3af7f1a27ef3a288e2bef7ea9dd7e8; jvm 1.8.0_292-b10
2021-12-08 16:22:46,784 [Listener at 127.0.0.1/13584] INFO  server.session (DefaultSessionIdManager.java:doStart(334)) - DefaultSessionIdManager workerName=node0
2021-12-08 16:22:46,784 [Listener at 127.0.0.1/13584] INFO  server.session (DefaultSessionIdManager.java:doStart(339)) - No SessionScavenger set, using defaults
2021-12-08 16:22:46,784 [Listener at 127.0.0.1/13584] INFO  server.session (HouseKeeper.java:startScavenging(132)) - node0 Scavenging every 660000ms
2021-12-08 16:22:46,785 [Listener at 127.0.0.1/13584] INFO  handler.ContextHandler (ContextHandler.java:doStart(915)) - Started o.e.j.s.ServletContextHandler@7a0958f2{logs,/logs,file:///home/runner/work/ozone/ozone/hadoop-ozone/integration-test/target/log,AVAILABLE}
2021-12-08 16:22:46,785 [Listener at 127.0.0.1/13584] INFO  handler.ContextHandler (ContextHandler.java:doStart(915)) - Started o.e.j.s.ServletContextHandler@62d1bec6{static,/static,file:///home/runner/work/ozone/ozone/hadoop-ozone/integration-test/target/test-classes/webapps/static,AVAILABLE}
2021-12-08 16:22:46,788 [Listener at 127.0.0.1/13584] INFO  handler.ContextHandler (ContextHandler.java:doStart(915)) - Started o.e.j.w.WebAppContext@c3ae938{ozoneManager,/,file:///home/runner/work/ozone/ozone/hadoop-ozone/integration-test/target/test-classes/webapps/ozoneManager/,AVAILABLE}{file:/home/runner/work/ozone/ozone/hadoop-ozone/integration-test/target/test-classes/webapps/ozoneManager}
2021-12-08 16:22:46,796 [Listener at 127.0.0.1/13584] INFO  server.AbstractConnector (AbstractConnector.java:doStart(331)) - Started ServerConnector@166057af{HTTP/1.1, (http/1.1)}{0.0.0.0:13586}
2021-12-08 16:22:46,796 [Listener at 127.0.0.1/13584] INFO  server.Server (Server.java:doStart(415)) - Started @91753ms
2021-12-08 16:22:46,796 [Listener at 127.0.0.1/13584] WARN  impl.MetricsSystemImpl (MetricsSystemImpl.java:register(279)) - Sink prometheus already exists!
2021-12-08 16:22:46,797 [Listener at 127.0.0.1/13584] INFO  http.BaseHttpServer (BaseHttpServer.java:updateConnectorAddress(329)) - HTTP server of ozoneManager listening at http://0.0.0.0:13586
2021-12-08 16:22:46,799 [IPC Server Responder] INFO  ipc.Server (Server.java:run(1507)) - IPC Server Responder: starting
2021-12-08 16:22:46,799 [IPC Server listener on 13584] INFO  ipc.Server (Server.java:run(1344)) - IPC Server listener on 13584: starting
2021-12-08 16:22:46,806 [Listener at 127.0.0.1/13584] INFO  om.OzoneManager (OzoneManager.java:startTrashEmptier(1728)) - Trash Interval set to 0. Files deleted will not move to trash
2021-12-08 16:22:46,808 [Listener at 127.0.0.1/13584] INFO  ozone.MiniOzoneHAClusterImpl (MiniOzoneHAClusterImpl.java:createOMService(503)) - Started OzoneManager omNode-1 RPC server at localhost/127.0.0.1:13584
2021-12-08 16:22:46,816 [org.apache.hadoop.util.JvmPauseMonitor$Monitor@69c9463b] INFO  util.JvmPauseMonitor (JvmPauseMonitor.java:run(188)) - Starting JVM pause monitor
2021-12-08 16:22:46,818 [Listener at 127.0.0.1/13584] WARN  impl.MetricRegistriesImpl (MetricRegistriesImpl.java:addReporterRegistration(111)) - New reporters are added after registries were created. Some metrics will be missing from the reporter. Please add reporter before adding any new registry.
2021-12-08 16:22:46,818 [Listener at 127.0.0.1/13584] WARN  impl.MetricRegistriesImpl (MetricRegistriesImpl.java:addReporterRegistration(111)) - New reporters are added after registries were created. Some metrics will be missing from the reporter. Please add reporter before adding any new registry.
2021-12-08 16:22:46,818 [Listener at 127.0.0.1/13584] INFO  impl.MetricsSystemImpl (MetricsSystemImpl.java:init(158)) - HddsDatanode metrics system started (again)
2021-12-08 16:22:46,834 [Listener at 127.0.0.1/13584] INFO  ozone.HddsDatanodeService (HddsDatanodeService.java:start(234)) - HddsDatanodeService host:fv-az294-221.eaanfquahm5ulb5tj050gcxych.jx.internal.cloudapp.net ip:10.1.0.9
2021-12-08 16:22:46,858 [Listener at 127.0.0.1/13584] INFO  upgrade.AbstractLayoutVersionManager (AbstractLayoutVersionManager.java:init(79)) - Initializing Layout version manager with metadata layout = SCM_HA (version = 2), software layout = SCM_HA (version = 2)
2021-12-08 16:22:46,959 [Listener at 127.0.0.1/13584] INFO  reflections.Reflections (Reflections.java:scan(232)) - Reflections took 100 ms to scan 7 urls, producing 119 keys and 279 values 
2021-12-08 16:22:46,961 [Listener at 127.0.0.1/13584] INFO  ha.SCMNodeInfo (SCMNodeInfo.java:getPort(197)) - ConfigKey ozone.scm.client.address is deprecated, For configuring different ports for each SCM use PortConfigKey ozone.scm.client.port appended with serviceId and nodeId
2021-12-08 16:22:46,961 [Listener at 127.0.0.1/13584] INFO  ha.SCMNodeInfo (SCMNodeInfo.java:getPort(197)) - ConfigKey ozone.scm.block.client.address is deprecated, For configuring different ports for each SCM use PortConfigKey ozone.scm.block.client.port appended with serviceId and nodeId
2021-12-08 16:22:46,961 [Listener at 127.0.0.1/13584] INFO  ha.SCMNodeInfo (SCMNodeInfo.java:getPort(197)) - ConfigKey ozone.scm.datanode.address is deprecated, For configuring different ports for each SCM use PortConfigKey ozone.scm.datanode.port appended with serviceId and nodeId
2021-12-08 16:22:46,961 [Listener at 127.0.0.1/13584] INFO  statemachine.DatanodeStateMachine (DatanodeStateMachine.java:getEndPointTaskThreadPoolSize(219)) - Datanode State Machine Task Thread Pool size 2
2021-12-08 16:22:46,968 [Listener at 127.0.0.1/13584] INFO  volume.HddsVolume (HddsVolume.java:<init>(120)) - Creating HddsVolume: /home/runner/work/ozone/ozone/hadoop-ozone/integration-test/target/test-dir/MiniOzoneClusterImpl-871b6dc8-7d19-4806-8910-93507a544922/datanode-0/data-0/containers/hdds of storage type : DISK capacity : 9223372036854775807
2021-12-08 16:22:46,968 [Listener at 127.0.0.1/13584] INFO  volume.MutableVolumeSet (MutableVolumeSet.java:initializeVolumeSet(168)) - Added Volume : /home/runner/work/ozone/ozone/hadoop-ozone/integration-test/target/test-dir/MiniOzoneClusterImpl-871b6dc8-7d19-4806-8910-93507a544922/datanode-0/data-0/containers/hdds to VolumeSet
2021-12-08 16:22:46,968 [Listener at 127.0.0.1/13584] INFO  volume.ThrottledAsyncChecker (ThrottledAsyncChecker.java:schedule(141)) - Scheduling a check for /home/runner/work/ozone/ozone/hadoop-ozone/integration-test/target/test-dir/MiniOzoneClusterImpl-871b6dc8-7d19-4806-8910-93507a544922/datanode-0/data-0/containers/hdds
2021-12-08 16:22:46,978 [Listener at 127.0.0.1/13584] INFO  volume.StorageVolumeChecker (StorageVolumeChecker.java:checkAllVolumes(202)) - Scheduled health check for volume /home/runner/work/ozone/ozone/hadoop-ozone/integration-test/target/test-dir/MiniOzoneClusterImpl-871b6dc8-7d19-4806-8910-93507a544922/datanode-0/data-0/containers/hdds
2021-12-08 16:22:47,014 [Listener at 127.0.0.1/13584] INFO  volume.MutableVolumeSet (MutableVolumeSet.java:initializeVolumeSet(168)) - Added Volume : /home/runner/work/ozone/ozone/hadoop-ozone/integration-test/target/test-dir/MiniOzoneClusterImpl-871b6dc8-7d19-4806-8910-93507a544922/datanode-0/data/ratis to VolumeSet
2021-12-08 16:22:47,015 [Listener at 127.0.0.1/13584] INFO  volume.ThrottledAsyncChecker (ThrottledAsyncChecker.java:schedule(141)) - Scheduling a check for /home/runner/work/ozone/ozone/hadoop-ozone/integration-test/target/test-dir/MiniOzoneClusterImpl-871b6dc8-7d19-4806-8910-93507a544922/datanode-0/data/ratis
2021-12-08 16:22:47,015 [Listener at 127.0.0.1/13584] INFO  volume.StorageVolumeChecker (StorageVolumeChecker.java:checkAllVolumes(202)) - Scheduled health check for volume /home/runner/work/ozone/ozone/hadoop-ozone/integration-test/target/test-dir/MiniOzoneClusterImpl-871b6dc8-7d19-4806-8910-93507a544922/datanode-0/data/ratis
2021-12-08 16:22:47,045 [Thread-1201] INFO  ozoneimpl.ContainerReader (ContainerReader.java:readVolume(172)) - Finish verifying containers on volume /home/runner/work/ozone/ozone/hadoop-ozone/integration-test/target/test-dir/MiniOzoneClusterImpl-871b6dc8-7d19-4806-8910-93507a544922/datanode-0/data-0/containers/hdds
2021-12-08 16:22:47,045 [Listener at 127.0.0.1/13584] INFO  ozoneimpl.OzoneContainer (OzoneContainer.java:buildContainerSet(236)) - Build ContainerSet costs 0s
2021-12-08 16:22:47,048 [Listener at 127.0.0.1/13584] INFO  server.RaftServer (ConfUtils.java:logGet(44)) - raft.rpc.type = GRPC (default)
2021-12-08 16:22:47,048 [Listener at 127.0.0.1/13584] INFO  grpc.GrpcFactory (GrpcFactory.java:checkPooledByteBufAllocatorUseCacheForAllThreads(48)) - PERFORMANCE WARNING: useCacheForAllThreads is true that may cause Netty to create a lot garbage objects and, as a result, trigger GC.
	It is recommended to disable useCacheForAllThreads by setting -Dorg.apache.ratis.thirdparty.io.netty.allocator.useCacheForAllThreads=false in command line.
2021-12-08 16:22:47,048 [Listener at 127.0.0.1/13584] INFO  grpc.GrpcConfigKeys (ConfUtils.java:logGet(44)) - raft.grpc.admin.port = 0 (custom)
2021-12-08 16:22:47,048 [Listener at 127.0.0.1/13584] INFO  grpc.GrpcConfigKeys (ConfUtils.java:logGet(44)) - raft.grpc.client.port = 0 (custom)
2021-12-08 16:22:47,048 [Listener at 127.0.0.1/13584] INFO  grpc.GrpcConfigKeys (ConfUtils.java:logGet(44)) - raft.grpc.server.port = 0 (default)
2021-12-08 16:22:47,048 [Listener at 127.0.0.1/13584] INFO  server.GrpcService (ConfUtils.java:logGet(44)) - raft.grpc.message.size.max = 32MB (=33554432) (custom)
2021-12-08 16:22:47,048 [Listener at 127.0.0.1/13584] INFO  server.RaftServerConfigKeys (ConfUtils.java:logGet(44)) - raft.server.log.appender.buffer.byte-limit = 33554432 (custom)
2021-12-08 16:22:47,048 [Listener at 127.0.0.1/13584] INFO  server.GrpcService (ConfUtils.java:logGet(44)) - raft.grpc.flow.control.window = 5MB (=5242880) (custom)
2021-12-08 16:22:47,049 [Listener at 127.0.0.1/13584] INFO  server.RaftServerConfigKeys (ConfUtils.java:logGet(44)) - raft.server.rpc.request.timeout = 60s (custom)
2021-12-08 16:22:47,050 [Listener at 127.0.0.1/13584] INFO  impl.DataStreamServerImpl (ConfUtils.java:logGet(44)) - raft.datastream.type = DISABLED (default)
2021-12-08 16:22:47,050 [Listener at 127.0.0.1/13584] INFO  server.RaftServerConfigKeys (ConfUtils.java:logGet(44)) - raft.server.rpc.slowness.timeout = 300s (custom)
2021-12-08 16:22:47,050 [Listener at 127.0.0.1/13584] INFO  server.RaftServerConfigKeys (ConfUtils.java:logGet(44)) - raft.server.leaderelection.leader.step-down.wait-time = 10s (default)
2021-12-08 16:22:47,050 [Listener at 127.0.0.1/13584] INFO  server.RaftServerConfigKeys (ConfUtils.java:logGet(44)) - raft.server.storage.dir = [/home/runner/work/ozone/ozone/hadoop-ozone/integration-test/target/test-dir/MiniOzoneClusterImpl-871b6dc8-7d19-4806-8910-93507a544922/datanode-0/data/ratis] (custom)
2021-12-08 16:22:47,051 [Listener at 127.0.0.1/13584] INFO  server.XceiverServerGrpc (XceiverServerGrpc.java:<init>(132)) - GrpcServer channel type EpollServerSocketChannel
2021-12-08 16:22:47,061 [Listener at 127.0.0.1/13584] INFO  http.BaseHttpServer (BaseHttpServer.java:newHttpServer2BuilderForOzone(209)) - Starting Web-server for hddsDatanode at: http://0.0.0.0:0
2021-12-08 16:22:47,061 [Listener at 127.0.0.1/13584] INFO  http.BaseHttpServer (BaseHttpServer.java:<init>(107)) - Hadoop Security Enabled: false Ozone Security Enabled: false Ozone HTTP Security Enabled: false 
2021-12-08 16:22:47,064 [Listener at 127.0.0.1/13584] INFO  server.AuthenticationFilter (AuthenticationFilter.java:constructSecretProvider(240)) - Unable to initialize FileSignerSecretProvider, falling back to use random secrets.
2021-12-08 16:22:47,064 [Listener at 127.0.0.1/13584] WARN  http.HttpRequestLog (HttpRequestLog.java:getRequestLog(103)) - Jetty request log can only be enabled using Log4j
2021-12-08 16:22:47,065 [Listener at 127.0.0.1/13584] INFO  http.HttpServer2 (HttpServer2.java:addGlobalFilter(1030)) - Added global filter 'safety' (class=org.apache.hadoop.hdds.server.http.HttpServer2$QuotingInputFilter)
2021-12-08 16:22:47,066 [Listener at 127.0.0.1/13584] INFO  http.HttpServer2 (HttpServer2.java:addFilter(1006)) - Added filter static_user_filter (class=org.apache.hadoop.http.lib.StaticUserWebFilter$StaticUserFilter) to context hddsDatanode
2021-12-08 16:22:47,066 [Listener at 127.0.0.1/13584] INFO  http.HttpServer2 (HttpServer2.java:addFilter(1014)) - Added filter static_user_filter (class=org.apache.hadoop.http.lib.StaticUserWebFilter$StaticUserFilter) to context logs
2021-12-08 16:22:47,066 [Listener at 127.0.0.1/13584] INFO  http.HttpServer2 (HttpServer2.java:addFilter(1014)) - Added filter static_user_filter (class=org.apache.hadoop.http.lib.StaticUserWebFilter$StaticUserFilter) to context static
2021-12-08 16:22:47,067 [Listener at 127.0.0.1/13584] INFO  http.HttpServer2 (HttpServer2.java:bindListener(1249)) - Jetty bound to port 37275
2021-12-08 16:22:47,067 [Listener at 127.0.0.1/13584] INFO  server.Server (Server.java:doStart(375)) - jetty-9.4.43.v20210629; built: 2021-06-30T11:07:22.254Z; git: 526006ecfa3af7f1a27ef3a288e2bef7ea9dd7e8; jvm 1.8.0_292-b10
2021-12-08 16:22:47,072 [Listener at 127.0.0.1/13584] INFO  server.session (DefaultSessionIdManager.java:doStart(334)) - DefaultSessionIdManager workerName=node0
2021-12-08 16:22:47,072 [Listener at 127.0.0.1/13584] INFO  server.session (DefaultSessionIdManager.java:doStart(339)) - No SessionScavenger set, using defaults
2021-12-08 16:22:47,072 [Listener at 127.0.0.1/13584] INFO  server.session (HouseKeeper.java:startScavenging(132)) - node0 Scavenging every 660000ms
2021-12-08 16:22:47,073 [Listener at 127.0.0.1/13584] INFO  handler.ContextHandler (ContextHandler.java:doStart(915)) - Started o.e.j.s.ServletContextHandler@7ac6ac23{logs,/logs,file:///home/runner/work/ozone/ozone/hadoop-ozone/integration-test/target/log,AVAILABLE}
2021-12-08 16:22:47,073 [Listener at 127.0.0.1/13584] INFO  handler.ContextHandler (ContextHandler.java:doStart(915)) - Started o.e.j.s.ServletContextHandler@46812e66{static,/static,jar:file:/home/runner/.m2/repository/org/apache/ozone/hdds-container-service/1.3.0-SNAPSHOT/hdds-container-service-1.3.0-SNAPSHOT.jar!/webapps/static,AVAILABLE}
2021-12-08 16:22:47,127 [Listener at 127.0.0.1/13584] INFO  handler.ContextHandler (ContextHandler.java:doStart(915)) - Started o.e.j.w.WebAppContext@6c11bbce{hddsDatanode,/,file:///tmp/jetty-0_0_0_0-37275-hdds-container-service-1_3_0-SNAPSHOT_jar-_-any-6037004827418019128/webapp/,AVAILABLE}{jar:file:/home/runner/.m2/repository/org/apache/ozone/hdds-container-service/1.3.0-SNAPSHOT/hdds-container-service-1.3.0-SNAPSHOT.jar!/webapps/hddsDatanode}
2021-12-08 16:22:47,131 [Listener at 127.0.0.1/13584] INFO  server.AbstractConnector (AbstractConnector.java:doStart(331)) - Started ServerConnector@56a56cc6{HTTP/1.1, (http/1.1)}{0.0.0.0:37275}
2021-12-08 16:22:47,131 [Listener at 127.0.0.1/13584] INFO  server.Server (Server.java:doStart(415)) - Started @92088ms
2021-12-08 16:22:47,131 [Listener at 127.0.0.1/13584] WARN  impl.MetricsSystemImpl (MetricsSystemImpl.java:register(279)) - Sink prometheus already exists!
2021-12-08 16:22:47,132 [Listener at 127.0.0.1/13584] INFO  http.BaseHttpServer (BaseHttpServer.java:updateConnectorAddress(329)) - HTTP server of hddsDatanode listening at http://0.0.0.0:37275
2021-12-08 16:22:47,135 [Listener at 127.0.0.1/13584] WARN  impl.MetricRegistriesImpl (MetricRegistriesImpl.java:addReporterRegistration(111)) - New reporters are added after registries were created. Some metrics will be missing from the reporter. Please add reporter before adding any new registry.
2021-12-08 16:22:47,135 [Listener at 127.0.0.1/13584] WARN  impl.MetricRegistriesImpl (MetricRegistriesImpl.java:addReporterRegistration(111)) - New reporters are added after registries were created. Some metrics will be missing from the reporter. Please add reporter before adding any new registry.
2021-12-08 16:22:47,135 [Listener at 127.0.0.1/13584] INFO  impl.MetricsSystemImpl (MetricsSystemImpl.java:init(158)) - HddsDatanode metrics system started (again)
2021-12-08 16:22:47,141 [Datanode State Machine Daemon Thread] INFO  statemachine.DatanodeStateMachine (DatanodeStateMachine.java:lambda$startDaemon$0(467)) - Ozone container server started.
2021-12-08 16:22:47,185 [Listener at 127.0.0.1/13584] INFO  ozone.HddsDatanodeService (HddsDatanodeService.java:start(234)) - HddsDatanodeService host:fv-az294-221.eaanfquahm5ulb5tj050gcxych.jx.internal.cloudapp.net ip:10.1.0.9
2021-12-08 16:22:47,185 [org.apache.hadoop.util.JvmPauseMonitor$Monitor@19e70a27] INFO  util.JvmPauseMonitor (JvmPauseMonitor.java:run(188)) - Starting JVM pause monitor
2021-12-08 16:22:47,186 [Datanode State Machine Task Thread - 0] INFO  ha.SCMNodeInfo (SCMNodeInfo.java:getPort(197)) - ConfigKey ozone.scm.client.address is deprecated, For configuring different ports for each SCM use PortConfigKey ozone.scm.client.port appended with serviceId and nodeId
2021-12-08 16:22:47,187 [Datanode State Machine Task Thread - 0] INFO  ha.SCMNodeInfo (SCMNodeInfo.java:getPort(197)) - ConfigKey ozone.scm.block.client.address is deprecated, For configuring different ports for each SCM use PortConfigKey ozone.scm.block.client.port appended with serviceId and nodeId
2021-12-08 16:22:47,187 [Datanode State Machine Task Thread - 0] INFO  ha.SCMNodeInfo (SCMNodeInfo.java:getPort(197)) - ConfigKey ozone.scm.datanode.address is deprecated, For configuring different ports for each SCM use PortConfigKey ozone.scm.datanode.port appended with serviceId and nodeId
2021-12-08 16:22:47,192 [Datanode State Machine Task Thread - 0] INFO  datanode.InitDatanodeState (InitDatanodeState.java:persistContainerDatanodeDetails(145)) - DatanodeDetails is persisted to /home/runner/work/ozone/ozone/hadoop-ozone/integration-test/target/test-dir/MiniOzoneClusterImpl-871b6dc8-7d19-4806-8910-93507a544922/datanode-0/meta/datanode.id
2021-12-08 16:22:47,212 [Listener at 127.0.0.1/13584] INFO  upgrade.AbstractLayoutVersionManager (AbstractLayoutVersionManager.java:init(79)) - Initializing Layout version manager with metadata layout = SCM_HA (version = 2), software layout = SCM_HA (version = 2)
2021-12-08 16:22:47,282 [Listener at 127.0.0.1/13584] INFO  reflections.Reflections (Reflections.java:scan(232)) - Reflections took 68 ms to scan 7 urls, producing 119 keys and 279 values 
2021-12-08 16:22:47,284 [Listener at 127.0.0.1/13584] INFO  ha.SCMNodeInfo (SCMNodeInfo.java:getPort(197)) - ConfigKey ozone.scm.client.address is deprecated, For configuring different ports for each SCM use PortConfigKey ozone.scm.client.port appended with serviceId and nodeId
2021-12-08 16:22:47,287 [Listener at 127.0.0.1/13584] INFO  ha.SCMNodeInfo (SCMNodeInfo.java:getPort(197)) - ConfigKey ozone.scm.block.client.address is deprecated, For configuring different ports for each SCM use PortConfigKey ozone.scm.block.client.port appended with serviceId and nodeId
2021-12-08 16:22:47,287 [Listener at 127.0.0.1/13584] INFO  ha.SCMNodeInfo (SCMNodeInfo.java:getPort(197)) - ConfigKey ozone.scm.datanode.address is deprecated, For configuring different ports for each SCM use PortConfigKey ozone.scm.datanode.port appended with serviceId and nodeId
2021-12-08 16:22:47,287 [Listener at 127.0.0.1/13584] INFO  statemachine.DatanodeStateMachine (DatanodeStateMachine.java:getEndPointTaskThreadPoolSize(219)) - Datanode State Machine Task Thread Pool size 2
2021-12-08 16:22:47,289 [Listener at 127.0.0.1/13584] INFO  volume.HddsVolume (HddsVolume.java:<init>(120)) - Creating HddsVolume: /home/runner/work/ozone/ozone/hadoop-ozone/integration-test/target/test-dir/MiniOzoneClusterImpl-871b6dc8-7d19-4806-8910-93507a544922/datanode-1/data-0/containers/hdds of storage type : DISK capacity : 9223372036854775807
2021-12-08 16:22:47,289 [Listener at 127.0.0.1/13584] INFO  volume.MutableVolumeSet (MutableVolumeSet.java:initializeVolumeSet(168)) - Added Volume : /home/runner/work/ozone/ozone/hadoop-ozone/integration-test/target/test-dir/MiniOzoneClusterImpl-871b6dc8-7d19-4806-8910-93507a544922/datanode-1/data-0/containers/hdds to VolumeSet
2021-12-08 16:22:47,289 [Listener at 127.0.0.1/13584] INFO  volume.ThrottledAsyncChecker (ThrottledAsyncChecker.java:schedule(141)) - Scheduling a check for /home/runner/work/ozone/ozone/hadoop-ozone/integration-test/target/test-dir/MiniOzoneClusterImpl-871b6dc8-7d19-4806-8910-93507a544922/datanode-1/data-0/containers/hdds
2021-12-08 16:22:47,291 [Listener at 127.0.0.1/13584] INFO  volume.StorageVolumeChecker (StorageVolumeChecker.java:checkAllVolumes(202)) - Scheduled health check for volume /home/runner/work/ozone/ozone/hadoop-ozone/integration-test/target/test-dir/MiniOzoneClusterImpl-871b6dc8-7d19-4806-8910-93507a544922/datanode-1/data-0/containers/hdds
2021-12-08 16:22:47,318 [Listener at 127.0.0.1/13584] INFO  volume.MutableVolumeSet (MutableVolumeSet.java:initializeVolumeSet(168)) - Added Volume : /home/runner/work/ozone/ozone/hadoop-ozone/integration-test/target/test-dir/MiniOzoneClusterImpl-871b6dc8-7d19-4806-8910-93507a544922/datanode-1/data/ratis to VolumeSet
2021-12-08 16:22:47,319 [Listener at 127.0.0.1/13584] INFO  volume.ThrottledAsyncChecker (ThrottledAsyncChecker.java:schedule(141)) - Scheduling a check for /home/runner/work/ozone/ozone/hadoop-ozone/integration-test/target/test-dir/MiniOzoneClusterImpl-871b6dc8-7d19-4806-8910-93507a544922/datanode-1/data/ratis
2021-12-08 16:22:47,322 [Listener at 127.0.0.1/13584] INFO  volume.StorageVolumeChecker (StorageVolumeChecker.java:checkAllVolumes(202)) - Scheduled health check for volume /home/runner/work/ozone/ozone/hadoop-ozone/integration-test/target/test-dir/MiniOzoneClusterImpl-871b6dc8-7d19-4806-8910-93507a544922/datanode-1/data/ratis
2021-12-08 16:22:47,359 [Thread-1213] INFO  ozoneimpl.ContainerReader (ContainerReader.java:readVolume(172)) - Finish verifying containers on volume /home/runner/work/ozone/ozone/hadoop-ozone/integration-test/target/test-dir/MiniOzoneClusterImpl-871b6dc8-7d19-4806-8910-93507a544922/datanode-1/data-0/containers/hdds
2021-12-08 16:22:47,359 [Listener at 127.0.0.1/13584] INFO  ozoneimpl.OzoneContainer (OzoneContainer.java:buildContainerSet(236)) - Build ContainerSet costs 0s
2021-12-08 16:22:47,363 [Listener at 127.0.0.1/13584] INFO  server.RaftServer (ConfUtils.java:logGet(44)) - raft.rpc.type = GRPC (default)
2021-12-08 16:22:47,363 [Listener at 127.0.0.1/13584] INFO  grpc.GrpcFactory (GrpcFactory.java:checkPooledByteBufAllocatorUseCacheForAllThreads(48)) - PERFORMANCE WARNING: useCacheForAllThreads is true that may cause Netty to create a lot garbage objects and, as a result, trigger GC.
	It is recommended to disable useCacheForAllThreads by setting -Dorg.apache.ratis.thirdparty.io.netty.allocator.useCacheForAllThreads=false in command line.
2021-12-08 16:22:47,364 [Listener at 127.0.0.1/13584] INFO  grpc.GrpcConfigKeys (ConfUtils.java:logGet(44)) - raft.grpc.admin.port = 0 (custom)
2021-12-08 16:22:47,364 [Listener at 127.0.0.1/13584] INFO  grpc.GrpcConfigKeys (ConfUtils.java:logGet(44)) - raft.grpc.client.port = 0 (custom)
2021-12-08 16:22:47,364 [Listener at 127.0.0.1/13584] INFO  grpc.GrpcConfigKeys (ConfUtils.java:logGet(44)) - raft.grpc.server.port = 0 (default)
2021-12-08 16:22:47,364 [Listener at 127.0.0.1/13584] INFO  server.GrpcService (ConfUtils.java:logGet(44)) - raft.grpc.message.size.max = 32MB (=33554432) (custom)
2021-12-08 16:22:47,364 [Listener at 127.0.0.1/13584] INFO  server.RaftServerConfigKeys (ConfUtils.java:logGet(44)) - raft.server.log.appender.buffer.byte-limit = 33554432 (custom)
2021-12-08 16:22:47,364 [Listener at 127.0.0.1/13584] INFO  server.GrpcService (ConfUtils.java:logGet(44)) - raft.grpc.flow.control.window = 5MB (=5242880) (custom)
2021-12-08 16:22:47,365 [Listener at 127.0.0.1/13584] INFO  server.RaftServerConfigKeys (ConfUtils.java:logGet(44)) - raft.server.rpc.request.timeout = 60s (custom)
2021-12-08 16:22:47,366 [Listener at 127.0.0.1/13584] INFO  impl.DataStreamServerImpl (ConfUtils.java:logGet(44)) - raft.datastream.type = DISABLED (default)
2021-12-08 16:22:47,366 [Listener at 127.0.0.1/13584] INFO  server.RaftServerConfigKeys (ConfUtils.java:logGet(44)) - raft.server.rpc.slowness.timeout = 300s (custom)
2021-12-08 16:22:47,366 [Listener at 127.0.0.1/13584] INFO  server.RaftServerConfigKeys (ConfUtils.java:logGet(44)) - raft.server.leaderelection.leader.step-down.wait-time = 10s (default)
2021-12-08 16:22:47,366 [Listener at 127.0.0.1/13584] INFO  server.RaftServerConfigKeys (ConfUtils.java:logGet(44)) - raft.server.storage.dir = [/home/runner/work/ozone/ozone/hadoop-ozone/integration-test/target/test-dir/MiniOzoneClusterImpl-871b6dc8-7d19-4806-8910-93507a544922/datanode-1/data/ratis] (custom)
2021-12-08 16:22:47,372 [Listener at 127.0.0.1/13584] INFO  server.XceiverServerGrpc (XceiverServerGrpc.java:<init>(132)) - GrpcServer channel type EpollServerSocketChannel
2021-12-08 16:22:47,380 [Listener at 127.0.0.1/13584] INFO  http.BaseHttpServer (BaseHttpServer.java:newHttpServer2BuilderForOzone(209)) - Starting Web-server for hddsDatanode at: http://0.0.0.0:0
2021-12-08 16:22:47,380 [Listener at 127.0.0.1/13584] INFO  http.BaseHttpServer (BaseHttpServer.java:<init>(107)) - Hadoop Security Enabled: false Ozone Security Enabled: false Ozone HTTP Security Enabled: false 
2021-12-08 16:22:47,381 [Listener at 127.0.0.1/13584] INFO  server.AuthenticationFilter (AuthenticationFilter.java:constructSecretProvider(240)) - Unable to initialize FileSignerSecretProvider, falling back to use random secrets.
2021-12-08 16:22:47,385 [Listener at 127.0.0.1/13584] WARN  http.HttpRequestLog (HttpRequestLog.java:getRequestLog(103)) - Jetty request log can only be enabled using Log4j
2021-12-08 16:22:47,387 [Listener at 127.0.0.1/13584] INFO  http.HttpServer2 (HttpServer2.java:addGlobalFilter(1030)) - Added global filter 'safety' (class=org.apache.hadoop.hdds.server.http.HttpServer2$QuotingInputFilter)
2021-12-08 16:22:47,388 [Listener at 127.0.0.1/13584] INFO  http.HttpServer2 (HttpServer2.java:addFilter(1006)) - Added filter static_user_filter (class=org.apache.hadoop.http.lib.StaticUserWebFilter$StaticUserFilter) to context hddsDatanode
2021-12-08 16:22:47,388 [Listener at 127.0.0.1/13584] INFO  http.HttpServer2 (HttpServer2.java:addFilter(1014)) - Added filter static_user_filter (class=org.apache.hadoop.http.lib.StaticUserWebFilter$StaticUserFilter) to context logs
2021-12-08 16:22:47,388 [Listener at 127.0.0.1/13584] INFO  http.HttpServer2 (HttpServer2.java:addFilter(1014)) - Added filter static_user_filter (class=org.apache.hadoop.http.lib.StaticUserWebFilter$StaticUserFilter) to context static
2021-12-08 16:22:47,389 [Listener at 127.0.0.1/13584] INFO  http.HttpServer2 (HttpServer2.java:bindListener(1249)) - Jetty bound to port 43779
2021-12-08 16:22:47,389 [Listener at 127.0.0.1/13584] INFO  server.Server (Server.java:doStart(375)) - jetty-9.4.43.v20210629; built: 2021-06-30T11:07:22.254Z; git: 526006ecfa3af7f1a27ef3a288e2bef7ea9dd7e8; jvm 1.8.0_292-b10
2021-12-08 16:22:47,390 [Listener at 127.0.0.1/13584] INFO  server.session (DefaultSessionIdManager.java:doStart(334)) - DefaultSessionIdManager workerName=node0
2021-12-08 16:22:47,390 [Listener at 127.0.0.1/13584] INFO  server.session (DefaultSessionIdManager.java:doStart(339)) - No SessionScavenger set, using defaults
2021-12-08 16:22:47,390 [Listener at 127.0.0.1/13584] INFO  server.session (HouseKeeper.java:startScavenging(132)) - node0 Scavenging every 660000ms
2021-12-08 16:22:47,391 [Listener at 127.0.0.1/13584] INFO  handler.ContextHandler (ContextHandler.java:doStart(915)) - Started o.e.j.s.ServletContextHandler@73489491{logs,/logs,file:///home/runner/work/ozone/ozone/hadoop-ozone/integration-test/target/log,AVAILABLE}
2021-12-08 16:22:47,391 [Listener at 127.0.0.1/13584] INFO  handler.ContextHandler (ContextHandler.java:doStart(915)) - Started o.e.j.s.ServletContextHandler@145a1955{static,/static,jar:file:/home/runner/.m2/repository/org/apache/ozone/hdds-container-service/1.3.0-SNAPSHOT/hdds-container-service-1.3.0-SNAPSHOT.jar!/webapps/static,AVAILABLE}
2021-12-08 16:22:47,455 [Listener at 127.0.0.1/13584] INFO  handler.ContextHandler (ContextHandler.java:doStart(915)) - Started o.e.j.w.WebAppContext@3078e63f{hddsDatanode,/,file:///tmp/jetty-0_0_0_0-43779-hdds-container-service-1_3_0-SNAPSHOT_jar-_-any-8385463720045058811/webapp/,AVAILABLE}{jar:file:/home/runner/.m2/repository/org/apache/ozone/hdds-container-service/1.3.0-SNAPSHOT/hdds-container-service-1.3.0-SNAPSHOT.jar!/webapps/hddsDatanode}
2021-12-08 16:22:47,463 [Listener at 127.0.0.1/13584] INFO  server.AbstractConnector (AbstractConnector.java:doStart(331)) - Started ServerConnector@1ca6efd5{HTTP/1.1, (http/1.1)}{0.0.0.0:43779}
2021-12-08 16:22:47,463 [Listener at 127.0.0.1/13584] INFO  server.Server (Server.java:doStart(415)) - Started @92420ms
2021-12-08 16:22:47,463 [Listener at 127.0.0.1/13584] WARN  impl.MetricsSystemImpl (MetricsSystemImpl.java:register(279)) - Sink prometheus already exists!
2021-12-08 16:22:47,464 [Listener at 127.0.0.1/13584] INFO  http.BaseHttpServer (BaseHttpServer.java:updateConnectorAddress(329)) - HTTP server of hddsDatanode listening at http://0.0.0.0:43779
2021-12-08 16:22:47,471 [Listener at 127.0.0.1/13584] WARN  impl.MetricRegistriesImpl (MetricRegistriesImpl.java:addReporterRegistration(111)) - New reporters are added after registries were created. Some metrics will be missing from the reporter. Please add reporter before adding any new registry.
2021-12-08 16:22:47,471 [Listener at 127.0.0.1/13584] WARN  impl.MetricRegistriesImpl (MetricRegistriesImpl.java:addReporterRegistration(111)) - New reporters are added after registries were created. Some metrics will be missing from the reporter. Please add reporter before adding any new registry.
2021-12-08 16:22:47,471 [Listener at 127.0.0.1/13584] INFO  impl.MetricsSystemImpl (MetricsSystemImpl.java:init(158)) - HddsDatanode metrics system started (again)
2021-12-08 16:22:47,483 [Datanode State Machine Daemon Thread] INFO  statemachine.DatanodeStateMachine (DatanodeStateMachine.java:lambda$startDaemon$0(467)) - Ozone container server started.
2021-12-08 16:22:47,499 [org.apache.hadoop.util.JvmPauseMonitor$Monitor@1868bbc] INFO  util.JvmPauseMonitor (JvmPauseMonitor.java:run(188)) - Starting JVM pause monitor
2021-12-08 16:22:47,503 [Listener at 127.0.0.1/13584] INFO  ozone.HddsDatanodeService (HddsDatanodeService.java:start(234)) - HddsDatanodeService host:fv-az294-221.eaanfquahm5ulb5tj050gcxych.jx.internal.cloudapp.net ip:10.1.0.9
2021-12-08 16:22:47,505 [Datanode State Machine Task Thread - 0] INFO  ha.SCMNodeInfo (SCMNodeInfo.java:getPort(197)) - ConfigKey ozone.scm.client.address is deprecated, For configuring different ports for each SCM use PortConfigKey ozone.scm.client.port appended with serviceId and nodeId
2021-12-08 16:22:47,505 [Datanode State Machine Task Thread - 0] INFO  ha.SCMNodeInfo (SCMNodeInfo.java:getPort(197)) - ConfigKey ozone.scm.block.client.address is deprecated, For configuring different ports for each SCM use PortConfigKey ozone.scm.block.client.port appended with serviceId and nodeId
2021-12-08 16:22:47,505 [Datanode State Machine Task Thread - 0] INFO  ha.SCMNodeInfo (SCMNodeInfo.java:getPort(197)) - ConfigKey ozone.scm.datanode.address is deprecated, For configuring different ports for each SCM use PortConfigKey ozone.scm.datanode.port appended with serviceId and nodeId
2021-12-08 16:22:47,530 [Datanode State Machine Task Thread - 0] INFO  datanode.InitDatanodeState (InitDatanodeState.java:persistContainerDatanodeDetails(145)) - DatanodeDetails is persisted to /home/runner/work/ozone/ozone/hadoop-ozone/integration-test/target/test-dir/MiniOzoneClusterImpl-871b6dc8-7d19-4806-8910-93507a544922/datanode-1/meta/datanode.id
2021-12-08 16:22:47,539 [Listener at 127.0.0.1/13584] INFO  upgrade.AbstractLayoutVersionManager (AbstractLayoutVersionManager.java:init(79)) - Initializing Layout version manager with metadata layout = SCM_HA (version = 2), software layout = SCM_HA (version = 2)
2021-12-08 16:22:47,591 [Listener at 127.0.0.1/13584] INFO  reflections.Reflections (Reflections.java:scan(232)) - Reflections took 50 ms to scan 7 urls, producing 119 keys and 279 values 
2021-12-08 16:22:47,594 [Listener at 127.0.0.1/13584] INFO  ha.SCMNodeInfo (SCMNodeInfo.java:getPort(197)) - ConfigKey ozone.scm.client.address is deprecated, For configuring different ports for each SCM use PortConfigKey ozone.scm.client.port appended with serviceId and nodeId
2021-12-08 16:22:47,594 [Listener at 127.0.0.1/13584] INFO  ha.SCMNodeInfo (SCMNodeInfo.java:getPort(197)) - ConfigKey ozone.scm.block.client.address is deprecated, For configuring different ports for each SCM use PortConfigKey ozone.scm.block.client.port appended with serviceId and nodeId
2021-12-08 16:22:47,594 [Listener at 127.0.0.1/13584] INFO  ha.SCMNodeInfo (SCMNodeInfo.java:getPort(197)) - ConfigKey ozone.scm.datanode.address is deprecated, For configuring different ports for each SCM use PortConfigKey ozone.scm.datanode.port appended with serviceId and nodeId
2021-12-08 16:22:47,594 [Listener at 127.0.0.1/13584] INFO  statemachine.DatanodeStateMachine (DatanodeStateMachine.java:getEndPointTaskThreadPoolSize(219)) - Datanode State Machine Task Thread Pool size 2
2021-12-08 16:22:47,616 [Listener at 127.0.0.1/13584] INFO  volume.HddsVolume (HddsVolume.java:<init>(120)) - Creating HddsVolume: /home/runner/work/ozone/ozone/hadoop-ozone/integration-test/target/test-dir/MiniOzoneClusterImpl-871b6dc8-7d19-4806-8910-93507a544922/datanode-2/data-0/containers/hdds of storage type : DISK capacity : 9223372036854775807
2021-12-08 16:22:47,617 [Listener at 127.0.0.1/13584] INFO  volume.MutableVolumeSet (MutableVolumeSet.java:initializeVolumeSet(168)) - Added Volume : /home/runner/work/ozone/ozone/hadoop-ozone/integration-test/target/test-dir/MiniOzoneClusterImpl-871b6dc8-7d19-4806-8910-93507a544922/datanode-2/data-0/containers/hdds to VolumeSet
2021-12-08 16:22:47,617 [Listener at 127.0.0.1/13584] INFO  volume.ThrottledAsyncChecker (ThrottledAsyncChecker.java:schedule(141)) - Scheduling a check for /home/runner/work/ozone/ozone/hadoop-ozone/integration-test/target/test-dir/MiniOzoneClusterImpl-871b6dc8-7d19-4806-8910-93507a544922/datanode-2/data-0/containers/hdds
2021-12-08 16:22:47,619 [Listener at 127.0.0.1/13584] INFO  volume.StorageVolumeChecker (StorageVolumeChecker.java:checkAllVolumes(202)) - Scheduled health check for volume /home/runner/work/ozone/ozone/hadoop-ozone/integration-test/target/test-dir/MiniOzoneClusterImpl-871b6dc8-7d19-4806-8910-93507a544922/datanode-2/data-0/containers/hdds
2021-12-08 16:22:47,640 [Listener at 127.0.0.1/13584] INFO  volume.MutableVolumeSet (MutableVolumeSet.java:initializeVolumeSet(168)) - Added Volume : /home/runner/work/ozone/ozone/hadoop-ozone/integration-test/target/test-dir/MiniOzoneClusterImpl-871b6dc8-7d19-4806-8910-93507a544922/datanode-2/data/ratis to VolumeSet
2021-12-08 16:22:47,640 [Listener at 127.0.0.1/13584] INFO  volume.ThrottledAsyncChecker (ThrottledAsyncChecker.java:schedule(141)) - Scheduling a check for /home/runner/work/ozone/ozone/hadoop-ozone/integration-test/target/test-dir/MiniOzoneClusterImpl-871b6dc8-7d19-4806-8910-93507a544922/datanode-2/data/ratis
2021-12-08 16:22:47,640 [Listener at 127.0.0.1/13584] INFO  volume.StorageVolumeChecker (StorageVolumeChecker.java:checkAllVolumes(202)) - Scheduled health check for volume /home/runner/work/ozone/ozone/hadoop-ozone/integration-test/target/test-dir/MiniOzoneClusterImpl-871b6dc8-7d19-4806-8910-93507a544922/datanode-2/data/ratis
2021-12-08 16:22:47,671 [Thread-1225] INFO  ozoneimpl.ContainerReader (ContainerReader.java:readVolume(172)) - Finish verifying containers on volume /home/runner/work/ozone/ozone/hadoop-ozone/integration-test/target/test-dir/MiniOzoneClusterImpl-871b6dc8-7d19-4806-8910-93507a544922/datanode-2/data-0/containers/hdds
2021-12-08 16:22:47,671 [Listener at 127.0.0.1/13584] INFO  ozoneimpl.OzoneContainer (OzoneContainer.java:buildContainerSet(236)) - Build ContainerSet costs 0s
2021-12-08 16:22:47,677 [Listener at 127.0.0.1/13584] INFO  server.RaftServer (ConfUtils.java:logGet(44)) - raft.rpc.type = GRPC (default)
2021-12-08 16:22:47,677 [Listener at 127.0.0.1/13584] INFO  grpc.GrpcFactory (GrpcFactory.java:checkPooledByteBufAllocatorUseCacheForAllThreads(48)) - PERFORMANCE WARNING: useCacheForAllThreads is true that may cause Netty to create a lot garbage objects and, as a result, trigger GC.
	It is recommended to disable useCacheForAllThreads by setting -Dorg.apache.ratis.thirdparty.io.netty.allocator.useCacheForAllThreads=false in command line.
2021-12-08 16:22:47,677 [Listener at 127.0.0.1/13584] INFO  grpc.GrpcConfigKeys (ConfUtils.java:logGet(44)) - raft.grpc.admin.port = 0 (custom)
2021-12-08 16:22:47,677 [Listener at 127.0.0.1/13584] INFO  grpc.GrpcConfigKeys (ConfUtils.java:logGet(44)) - raft.grpc.client.port = 0 (custom)
2021-12-08 16:22:47,678 [Listener at 127.0.0.1/13584] INFO  grpc.GrpcConfigKeys (ConfUtils.java:logGet(44)) - raft.grpc.server.port = 0 (default)
2021-12-08 16:22:47,678 [Listener at 127.0.0.1/13584] INFO  server.GrpcService (ConfUtils.java:logGet(44)) - raft.grpc.message.size.max = 32MB (=33554432) (custom)
2021-12-08 16:22:47,678 [Listener at 127.0.0.1/13584] INFO  server.RaftServerConfigKeys (ConfUtils.java:logGet(44)) - raft.server.log.appender.buffer.byte-limit = 33554432 (custom)
2021-12-08 16:22:47,678 [Listener at 127.0.0.1/13584] INFO  server.GrpcService (ConfUtils.java:logGet(44)) - raft.grpc.flow.control.window = 5MB (=5242880) (custom)
2021-12-08 16:22:47,678 [Listener at 127.0.0.1/13584] INFO  server.RaftServerConfigKeys (ConfUtils.java:logGet(44)) - raft.server.rpc.request.timeout = 60s (custom)
2021-12-08 16:22:47,679 [Listener at 127.0.0.1/13584] INFO  impl.DataStreamServerImpl (ConfUtils.java:logGet(44)) - raft.datastream.type = DISABLED (default)
2021-12-08 16:22:47,680 [Listener at 127.0.0.1/13584] INFO  server.RaftServerConfigKeys (ConfUtils.java:logGet(44)) - raft.server.rpc.slowness.timeout = 300s (custom)
2021-12-08 16:22:47,680 [Listener at 127.0.0.1/13584] INFO  server.RaftServerConfigKeys (ConfUtils.java:logGet(44)) - raft.server.leaderelection.leader.step-down.wait-time = 10s (default)
2021-12-08 16:22:47,681 [Listener at 127.0.0.1/13584] INFO  server.RaftServerConfigKeys (ConfUtils.java:logGet(44)) - raft.server.storage.dir = [/home/runner/work/ozone/ozone/hadoop-ozone/integration-test/target/test-dir/MiniOzoneClusterImpl-871b6dc8-7d19-4806-8910-93507a544922/datanode-2/data/ratis] (custom)
2021-12-08 16:22:47,684 [Listener at 127.0.0.1/13584] INFO  server.XceiverServerGrpc (XceiverServerGrpc.java:<init>(132)) - GrpcServer channel type EpollServerSocketChannel
2021-12-08 16:22:47,696 [Listener at 127.0.0.1/13584] INFO  http.BaseHttpServer (BaseHttpServer.java:newHttpServer2BuilderForOzone(209)) - Starting Web-server for hddsDatanode at: http://0.0.0.0:0
2021-12-08 16:22:47,696 [Listener at 127.0.0.1/13584] INFO  http.BaseHttpServer (BaseHttpServer.java:<init>(107)) - Hadoop Security Enabled: false Ozone Security Enabled: false Ozone HTTP Security Enabled: false 
2021-12-08 16:22:47,697 [Listener at 127.0.0.1/13584] INFO  server.AuthenticationFilter (AuthenticationFilter.java:constructSecretProvider(240)) - Unable to initialize FileSignerSecretProvider, falling back to use random secrets.
2021-12-08 16:22:47,703 [EndpointStateMachine task thread for /127.0.0.1:15821 - 0 ] INFO  ipc.Client (Client.java:handleConnectionFailure(977)) - Retrying connect to server: localhost/127.0.0.1:15821. Already tried 0 time(s); retry policy is RetryUpToMaximumCountWithFixedSleep(maxRetries=15, sleepTime=1000 MILLISECONDS)
2021-12-08 16:22:47,705 [Listener at 127.0.0.1/13584] WARN  http.HttpRequestLog (HttpRequestLog.java:getRequestLog(103)) - Jetty request log can only be enabled using Log4j
2021-12-08 16:22:47,706 [Listener at 127.0.0.1/13584] INFO  http.HttpServer2 (HttpServer2.java:addGlobalFilter(1030)) - Added global filter 'safety' (class=org.apache.hadoop.hdds.server.http.HttpServer2$QuotingInputFilter)
2021-12-08 16:22:47,707 [Listener at 127.0.0.1/13584] INFO  http.HttpServer2 (HttpServer2.java:addFilter(1006)) - Added filter static_user_filter (class=org.apache.hadoop.http.lib.StaticUserWebFilter$StaticUserFilter) to context hddsDatanode
2021-12-08 16:22:47,707 [Listener at 127.0.0.1/13584] INFO  http.HttpServer2 (HttpServer2.java:addFilter(1014)) - Added filter static_user_filter (class=org.apache.hadoop.http.lib.StaticUserWebFilter$StaticUserFilter) to context static
2021-12-08 16:22:47,707 [Listener at 127.0.0.1/13584] INFO  http.HttpServer2 (HttpServer2.java:addFilter(1014)) - Added filter static_user_filter (class=org.apache.hadoop.http.lib.StaticUserWebFilter$StaticUserFilter) to context logs
2021-12-08 16:22:47,707 [Listener at 127.0.0.1/13584] INFO  http.HttpServer2 (HttpServer2.java:bindListener(1249)) - Jetty bound to port 45129
2021-12-08 16:22:47,707 [Listener at 127.0.0.1/13584] INFO  server.Server (Server.java:doStart(375)) - jetty-9.4.43.v20210629; built: 2021-06-30T11:07:22.254Z; git: 526006ecfa3af7f1a27ef3a288e2bef7ea9dd7e8; jvm 1.8.0_292-b10
2021-12-08 16:22:47,728 [omNode-1@group-33FC8B15A7E9-FollowerState] INFO  impl.FollowerState (FollowerState.java:run(134)) - omNode-1@group-33FC8B15A7E9-FollowerState: change to CANDIDATE, lastRpcElapsedTime:1003047080ns, electionTimeout:1002ms
2021-12-08 16:22:47,728 [omNode-1@group-33FC8B15A7E9-FollowerState] INFO  impl.RoleInfo (RoleInfo.java:shutdownFollowerState(108)) - omNode-1: shutdown omNode-1@group-33FC8B15A7E9-FollowerState
2021-12-08 16:22:47,728 [omNode-1@group-33FC8B15A7E9-FollowerState] INFO  server.RaftServer$Division (RaftServerImpl.java:setRole(290)) - omNode-1@group-33FC8B15A7E9: changes role from  FOLLOWER to CANDIDATE at term 0 for changeToCandidate
2021-12-08 16:22:47,735 [omNode-1@group-33FC8B15A7E9-FollowerState] INFO  server.RaftServerConfigKeys (ConfUtils.java:logGet(44)) - raft.server.leaderelection.pre-vote = false (custom)
2021-12-08 16:22:47,735 [omNode-1@group-33FC8B15A7E9-FollowerState] INFO  impl.RoleInfo (RoleInfo.java:updateAndGet(130)) - omNode-1: start omNode-1@group-33FC8B15A7E9-LeaderElection21
2021-12-08 16:22:47,739 [Listener at 127.0.0.1/13584] INFO  server.session (DefaultSessionIdManager.java:doStart(334)) - DefaultSessionIdManager workerName=node0
2021-12-08 16:22:47,739 [Listener at 127.0.0.1/13584] INFO  server.session (DefaultSessionIdManager.java:doStart(339)) - No SessionScavenger set, using defaults
2021-12-08 16:22:47,739 [Listener at 127.0.0.1/13584] INFO  server.session (HouseKeeper.java:startScavenging(132)) - node0 Scavenging every 600000ms
2021-12-08 16:22:47,740 [Listener at 127.0.0.1/13584] INFO  handler.ContextHandler (ContextHandler.java:doStart(915)) - Started o.e.j.s.ServletContextHandler@3d038baf{logs,/logs,file:///home/runner/work/ozone/ozone/hadoop-ozone/integration-test/target/log,AVAILABLE}
2021-12-08 16:22:47,740 [Listener at 127.0.0.1/13584] INFO  handler.ContextHandler (ContextHandler.java:doStart(915)) - Started o.e.j.s.ServletContextHandler@40e1fae3{static,/static,jar:file:/home/runner/.m2/repository/org/apache/ozone/hdds-container-service/1.3.0-SNAPSHOT/hdds-container-service-1.3.0-SNAPSHOT.jar!/webapps/static,AVAILABLE}
2021-12-08 16:22:47,751 [omNode-1@group-33FC8B15A7E9-LeaderElection21] INFO  impl.LeaderElection (LeaderElection.java:askForVotes(306)) - omNode-1@group-33FC8B15A7E9-LeaderElection21 ELECTION round 0: submit vote requests at term 1 for -1: [omNode-1|rpc:localhost:13588|priority:0], old=null
2021-12-08 16:22:47,751 [omNode-1@group-33FC8B15A7E9-LeaderElection21] INFO  impl.LeaderElection (LeaderElection.java:askForVotes(308)) - omNode-1@group-33FC8B15A7E9-LeaderElection21 ELECTION round 0: result PASSED (term=1)
2021-12-08 16:22:47,751 [omNode-1@group-33FC8B15A7E9-LeaderElection21] INFO  impl.RoleInfo (RoleInfo.java:shutdownLeaderElection(121)) - omNode-1: shutdown omNode-1@group-33FC8B15A7E9-LeaderElection21
2021-12-08 16:22:47,751 [omNode-1@group-33FC8B15A7E9-LeaderElection21] INFO  server.RaftServer$Division (RaftServerImpl.java:setRole(290)) - omNode-1@group-33FC8B15A7E9: changes role from CANDIDATE to LEADER at term 1 for changeToLeader
2021-12-08 16:22:47,751 [omNode-1@group-33FC8B15A7E9-LeaderElection21] INFO  server.RaftServer$Division (ServerState.java:setLeader(285)) - omNode-1@group-33FC8B15A7E9: change Leader from null to omNode-1 at term 1 for becomeLeader, leader elected after 1086ms
2021-12-08 16:22:47,751 [omNode-1@group-33FC8B15A7E9-LeaderElection21] INFO  server.RaftServerConfigKeys (ConfUtils.java:logGet(44)) - raft.server.staging.catchup.gap = 1000 (default)
2021-12-08 16:22:47,751 [omNode-1@group-33FC8B15A7E9-LeaderElection21] INFO  server.RaftServerConfigKeys (ConfUtils.java:logGet(44)) - raft.server.write.element-limit = 4096 (default)
2021-12-08 16:22:47,751 [omNode-1@group-33FC8B15A7E9-LeaderElection21] INFO  server.RaftServerConfigKeys (ConfUtils.java:logGet(44)) - raft.server.write.byte-limit = 64MB (=67108864) (default)
2021-12-08 16:22:47,752 [omNode-1@group-33FC8B15A7E9-LeaderElection21] INFO  server.RaftServerConfigKeys (ConfUtils.java:logGet(44)) - raft.server.watch.timeout = 10s (default)
2021-12-08 16:22:47,752 [omNode-1@group-33FC8B15A7E9-LeaderElection21] INFO  server.RaftServerConfigKeys (ConfUtils.java:logGet(44)) - raft.server.watch.timeout.denomination = 1s (default)
2021-12-08 16:22:47,752 [omNode-1@group-33FC8B15A7E9-LeaderElection21] INFO  server.RaftServerConfigKeys (ConfUtils.java:logGet(44)) - raft.server.watch.element-limit = 65536 (default)
2021-12-08 16:22:47,752 [omNode-1@group-33FC8B15A7E9-LeaderElection21] INFO  server.RaftServerConfigKeys (ConfUtils.java:logGet(44)) - raft.server.write.element-limit = 4096 (default)
2021-12-08 16:22:47,752 [omNode-1@group-33FC8B15A7E9-LeaderElection21] INFO  server.RaftServerConfigKeys (ConfUtils.java:logGet(44)) - raft.server.write.follower.gap.ratio.max = -1.0 (default)
2021-12-08 16:22:47,752 [omNode-1@group-33FC8B15A7E9-LeaderElection21] INFO  impl.RoleInfo (RoleInfo.java:updateAndGet(130)) - omNode-1: start omNode-1@group-33FC8B15A7E9-LeaderStateImpl
2021-12-08 16:22:47,752 [omNode-1@group-33FC8B15A7E9-LeaderElection21] INFO  segmented.SegmentedRaftLogWorker (SegmentedRaftLogWorker.java:startLogSegment(394)) - omNode-1@group-33FC8B15A7E9-SegmentedRaftLogWorker: Starting segment from index:0
2021-12-08 16:22:47,758 [omNode-1@group-33FC8B15A7E9-SegmentedRaftLogWorker] INFO  segmented.SegmentedRaftLogWorker (SegmentedRaftLogWorker.java:execute(601)) - omNode-1@group-33FC8B15A7E9-SegmentedRaftLogWorker: created new log segment /home/runner/work/ozone/ozone/hadoop-ozone/integration-test/target/test-dir/MiniOzoneClusterImpl-871b6dc8-7d19-4806-8910-93507a544922/omNode-1/ratis/a5a8c63e-4922-3a03-b163-33fc8b15a7e9/current/log_inprogress_0
2021-12-08 16:22:47,760 [omNode-1@group-33FC8B15A7E9-LeaderElection21] INFO  server.RaftServer$Division (ServerState.java:setRaftConf(387)) - omNode-1@group-33FC8B15A7E9: set configuration 0: [omNode-1|rpc:localhost:13588|admin:|client:|dataStream:|priority:0], old=null
2021-12-08 16:22:47,771 [omNode-1@group-33FC8B15A7E9-StateMachineUpdater] INFO  ratis.OzoneManagerStateMachine (OzoneManagerStateMachine.java:notifyConfigurationChanged(188)) - Received Configuration change notification from Ratis. New Peer list:
[id: "omNode-1"
address: "localhost:13588"
]
2021-12-08 16:22:47,825 [Listener at 127.0.0.1/13584] INFO  handler.ContextHandler (ContextHandler.java:doStart(915)) - Started o.e.j.w.WebAppContext@37a86218{hddsDatanode,/,file:///tmp/jetty-0_0_0_0-45129-hdds-container-service-1_3_0-SNAPSHOT_jar-_-any-4521442112928551737/webapp/,AVAILABLE}{jar:file:/home/runner/.m2/repository/org/apache/ozone/hdds-container-service/1.3.0-SNAPSHOT/hdds-container-service-1.3.0-SNAPSHOT.jar!/webapps/hddsDatanode}
2021-12-08 16:22:47,828 [Listener at 127.0.0.1/13584] INFO  server.AbstractConnector (AbstractConnector.java:doStart(331)) - Started ServerConnector@6012ce8e{HTTP/1.1, (http/1.1)}{0.0.0.0:45129}
2021-12-08 16:22:47,828 [Listener at 127.0.0.1/13584] INFO  server.Server (Server.java:doStart(415)) - Started @92785ms
2021-12-08 16:22:47,828 [Listener at 127.0.0.1/13584] WARN  impl.MetricsSystemImpl (MetricsSystemImpl.java:register(279)) - Sink prometheus already exists!
2021-12-08 16:22:47,831 [Listener at 127.0.0.1/13584] INFO  http.BaseHttpServer (BaseHttpServer.java:updateConnectorAddress(329)) - HTTP server of hddsDatanode listening at http://0.0.0.0:45129
2021-12-08 16:22:47,831 [Datanode State Machine Daemon Thread] INFO  statemachine.DatanodeStateMachine (DatanodeStateMachine.java:lambda$startDaemon$0(467)) - Ozone container server started.
2021-12-08 16:22:47,833 [Listener at 127.0.0.1/13584] INFO  ozone.MiniOzoneClusterImpl (MiniOzoneClusterImpl.java:lambda$waitForClusterToBeReady$0(235)) - Waiting for nodes to be ready. Got 0 of 3 DN Heartbeats.
2021-12-08 16:22:47,833 [Listener at 127.0.0.1/13584] INFO  ozone.MiniOzoneClusterImpl (MiniOzoneClusterImpl.java:lambda$waitForClusterToBeReady$0(238)) - Waiting for cluster to exit safe mode
2021-12-08 16:22:47,833 [Listener at 127.0.0.1/13584] INFO  ozone.MiniOzoneClusterImpl (MiniOzoneClusterImpl.java:lambda$waitForClusterToBeReady$0(240)) - SCM became leader
2021-12-08 16:22:47,860 [org.apache.hadoop.util.JvmPauseMonitor$Monitor@555e861] INFO  util.JvmPauseMonitor (JvmPauseMonitor.java:run(188)) - Starting JVM pause monitor
2021-12-08 16:22:47,860 [Datanode State Machine Task Thread - 0] INFO  ha.SCMNodeInfo (SCMNodeInfo.java:getPort(197)) - ConfigKey ozone.scm.client.address is deprecated, For configuring different ports for each SCM use PortConfigKey ozone.scm.client.port appended with serviceId and nodeId
2021-12-08 16:22:47,860 [Datanode State Machine Task Thread - 0] INFO  ha.SCMNodeInfo (SCMNodeInfo.java:getPort(197)) - ConfigKey ozone.scm.block.client.address is deprecated, For configuring different ports for each SCM use PortConfigKey ozone.scm.block.client.port appended with serviceId and nodeId
2021-12-08 16:22:47,860 [Datanode State Machine Task Thread - 0] INFO  ha.SCMNodeInfo (SCMNodeInfo.java:getPort(197)) - ConfigKey ozone.scm.datanode.address is deprecated, For configuring different ports for each SCM use PortConfigKey ozone.scm.datanode.port appended with serviceId and nodeId
2021-12-08 16:22:47,863 [Datanode State Machine Task Thread - 0] INFO  datanode.InitDatanodeState (InitDatanodeState.java:persistContainerDatanodeDetails(145)) - DatanodeDetails is persisted to /home/runner/work/ozone/ozone/hadoop-ozone/integration-test/target/test-dir/MiniOzoneClusterImpl-871b6dc8-7d19-4806-8910-93507a544922/datanode-2/meta/datanode.id
2021-12-08 16:22:48,704 [EndpointStateMachine task thread for /127.0.0.1:15821 - 0 ] INFO  ipc.Client (Client.java:handleConnectionFailure(977)) - Retrying connect to server: localhost/127.0.0.1:15821. Already tried 1 time(s); retry policy is RetryUpToMaximumCountWithFixedSleep(maxRetries=15, sleepTime=1000 MILLISECONDS)
2021-12-08 16:22:48,834 [Listener at 127.0.0.1/13584] INFO  ozone.MiniOzoneClusterImpl (MiniOzoneClusterImpl.java:lambda$waitForClusterToBeReady$0(235)) - Waiting for nodes to be ready. Got 0 of 3 DN Heartbeats.
2021-12-08 16:22:48,834 [Listener at 127.0.0.1/13584] INFO  ozone.MiniOzoneClusterImpl (MiniOzoneClusterImpl.java:lambda$waitForClusterToBeReady$0(238)) - Waiting for cluster to exit safe mode
2021-12-08 16:22:48,834 [Listener at 127.0.0.1/13584] INFO  ozone.MiniOzoneClusterImpl (MiniOzoneClusterImpl.java:lambda$waitForClusterToBeReady$0(240)) - SCM became leader
2021-12-08 16:22:49,200 [EndpointStateMachine task thread for /127.0.0.1:13473 - 0 ] INFO  ozoneimpl.OzoneContainer (OzoneContainer.java:start(304)) - Attempting to start container services.
2021-12-08 16:22:49,200 [EndpointStateMachine task thread for /127.0.0.1:13473 - 0 ] INFO  ozoneimpl.OzoneContainer (OzoneContainer.java:startContainerScrub(249)) - Background container scanner has been disabled.
2021-12-08 16:22:49,201 [EndpointStateMachine task thread for /127.0.0.1:13473 - 0 ] INFO  replication.ReplicationServer (ReplicationServer.java:start(107)) - ReplicationServer is started using port 34315
2021-12-08 16:22:49,202 [EndpointStateMachine task thread for /127.0.0.1:13473 - 0 ] INFO  ratis.XceiverServerRatis (XceiverServerRatis.java:start(484)) - Starting XceiverServerRatis d711cf8e-9345-4010-b204-37d4bd542fc0
2021-12-08 16:22:49,207 [EndpointStateMachine task thread for /127.0.0.1:13473 - 0 ] INFO  server.RaftServer (RaftServerProxy.java:lambda$start$5(374)) - d711cf8e-9345-4010-b204-37d4bd542fc0: start RPC server
2021-12-08 16:22:49,212 [EndpointStateMachine task thread for /127.0.0.1:13473 - 0 ] INFO  server.GrpcService (GrpcService.java:startImpl(253)) - d711cf8e-9345-4010-b204-37d4bd542fc0: GrpcService started, listening on 34071
2021-12-08 16:22:49,214 [EndpointStateMachine task thread for /127.0.0.1:13473 - 0 ] INFO  ratis.XceiverServerRatis (XceiverServerRatis.java:getRealPort(505)) - XceiverServerRatis d711cf8e-9345-4010-b204-37d4bd542fc0 is started using port 34071 for RATIS
2021-12-08 16:22:49,214 [EndpointStateMachine task thread for /127.0.0.1:13473 - 0 ] INFO  ratis.XceiverServerRatis (XceiverServerRatis.java:getRealPort(505)) - XceiverServerRatis d711cf8e-9345-4010-b204-37d4bd542fc0 is started using port 34071 for RATIS_ADMIN
2021-12-08 16:22:49,214 [EndpointStateMachine task thread for /127.0.0.1:13473 - 0 ] INFO  ratis.XceiverServerRatis (XceiverServerRatis.java:getRealPort(505)) - XceiverServerRatis d711cf8e-9345-4010-b204-37d4bd542fc0 is started using port 34071 for RATIS_SERVER
2021-12-08 16:22:49,214 [org.apache.ratis.util.JvmPauseMonitor$$Lambda$430/1691312302@7fef8a1] INFO  util.JvmPauseMonitor (JvmPauseMonitor.java:run(103)) - JvmPauseMonitor-d711cf8e-9345-4010-b204-37d4bd542fc0: Started
2021-12-08 16:22:49,223 [EndpointStateMachine task thread for /127.0.0.1:13473 - 0 ] INFO  server.XceiverServerGrpc (XceiverServerGrpc.java:start(180)) - XceiverServerGrpc d711cf8e-9345-4010-b204-37d4bd542fc0 is started using port 41733
2021-12-08 16:22:49,513 [EndpointStateMachine task thread for /127.0.0.1:13473 - 0 ] INFO  ozoneimpl.OzoneContainer (OzoneContainer.java:start(304)) - Attempting to start container services.
2021-12-08 16:22:49,514 [EndpointStateMachine task thread for /127.0.0.1:13473 - 0 ] INFO  ozoneimpl.OzoneContainer (OzoneContainer.java:startContainerScrub(249)) - Background container scanner has been disabled.
2021-12-08 16:22:49,514 [EndpointStateMachine task thread for /127.0.0.1:13473 - 0 ] INFO  replication.ReplicationServer (ReplicationServer.java:start(107)) - ReplicationServer is started using port 35303
2021-12-08 16:22:49,518 [EndpointStateMachine task thread for /127.0.0.1:13473 - 0 ] INFO  ratis.XceiverServerRatis (XceiverServerRatis.java:start(484)) - Starting XceiverServerRatis f2502c96-9954-480b-931a-1e321ebf221a
2021-12-08 16:22:49,523 [EndpointStateMachine task thread for /127.0.0.1:13473 - 0 ] INFO  server.RaftServer (RaftServerProxy.java:lambda$start$5(374)) - f2502c96-9954-480b-931a-1e321ebf221a: start RPC server
2021-12-08 16:22:49,524 [EndpointStateMachine task thread for /127.0.0.1:13473 - 0 ] INFO  server.GrpcService (GrpcService.java:startImpl(253)) - f2502c96-9954-480b-931a-1e321ebf221a: GrpcService started, listening on 40135
2021-12-08 16:22:49,526 [EndpointStateMachine task thread for /127.0.0.1:13473 - 0 ] INFO  ratis.XceiverServerRatis (XceiverServerRatis.java:getRealPort(505)) - XceiverServerRatis f2502c96-9954-480b-931a-1e321ebf221a is started using port 40135 for RATIS
2021-12-08 16:22:49,526 [EndpointStateMachine task thread for /127.0.0.1:13473 - 0 ] INFO  ratis.XceiverServerRatis (XceiverServerRatis.java:getRealPort(505)) - XceiverServerRatis f2502c96-9954-480b-931a-1e321ebf221a is started using port 40135 for RATIS_ADMIN
2021-12-08 16:22:49,526 [EndpointStateMachine task thread for /127.0.0.1:13473 - 0 ] INFO  ratis.XceiverServerRatis (XceiverServerRatis.java:getRealPort(505)) - XceiverServerRatis f2502c96-9954-480b-931a-1e321ebf221a is started using port 40135 for RATIS_SERVER
2021-12-08 16:22:49,526 [org.apache.ratis.util.JvmPauseMonitor$$Lambda$430/1691312302@7f35857f] INFO  util.JvmPauseMonitor (JvmPauseMonitor.java:run(103)) - JvmPauseMonitor-f2502c96-9954-480b-931a-1e321ebf221a: Started
2021-12-08 16:22:49,530 [EndpointStateMachine task thread for /127.0.0.1:13473 - 0 ] INFO  server.XceiverServerGrpc (XceiverServerGrpc.java:start(180)) - XceiverServerGrpc f2502c96-9954-480b-931a-1e321ebf221a is started using port 35441
2021-12-08 16:22:49,704 [EndpointStateMachine task thread for /127.0.0.1:15821 - 0 ] INFO  ipc.Client (Client.java:handleConnectionFailure(977)) - Retrying connect to server: localhost/127.0.0.1:15821. Already tried 2 time(s); retry policy is RetryUpToMaximumCountWithFixedSleep(maxRetries=15, sleepTime=1000 MILLISECONDS)
2021-12-08 16:22:49,834 [Listener at 127.0.0.1/13584] INFO  ozone.MiniOzoneClusterImpl (MiniOzoneClusterImpl.java:lambda$waitForClusterToBeReady$0(235)) - Waiting for nodes to be ready. Got 0 of 3 DN Heartbeats.
2021-12-08 16:22:49,834 [Listener at 127.0.0.1/13584] INFO  ozone.MiniOzoneClusterImpl (MiniOzoneClusterImpl.java:lambda$waitForClusterToBeReady$0(238)) - Waiting for cluster to exit safe mode
2021-12-08 16:22:49,834 [Listener at 127.0.0.1/13584] INFO  ozone.MiniOzoneClusterImpl (MiniOzoneClusterImpl.java:lambda$waitForClusterToBeReady$0(240)) - SCM became leader
2021-12-08 16:22:49,875 [EndpointStateMachine task thread for /127.0.0.1:13473 - 0 ] INFO  ozoneimpl.OzoneContainer (OzoneContainer.java:start(304)) - Attempting to start container services.
2021-12-08 16:22:49,875 [EndpointStateMachine task thread for /127.0.0.1:13473 - 0 ] INFO  ozoneimpl.OzoneContainer (OzoneContainer.java:startContainerScrub(249)) - Background container scanner has been disabled.
2021-12-08 16:22:49,876 [EndpointStateMachine task thread for /127.0.0.1:13473 - 0 ] INFO  replication.ReplicationServer (ReplicationServer.java:start(107)) - ReplicationServer is started using port 44433
2021-12-08 16:22:49,885 [EndpointStateMachine task thread for /127.0.0.1:13473 - 0 ] INFO  ratis.XceiverServerRatis (XceiverServerRatis.java:start(484)) - Starting XceiverServerRatis 21742dd4-f00f-4901-aa0f-47c4214f17a6
2021-12-08 16:22:49,898 [EndpointStateMachine task thread for /127.0.0.1:13473 - 0 ] INFO  server.RaftServer (RaftServerProxy.java:lambda$start$5(374)) - 21742dd4-f00f-4901-aa0f-47c4214f17a6: start RPC server
2021-12-08 16:22:49,898 [EndpointStateMachine task thread for /127.0.0.1:13473 - 0 ] INFO  server.GrpcService (GrpcService.java:startImpl(253)) - 21742dd4-f00f-4901-aa0f-47c4214f17a6: GrpcService started, listening on 43053
2021-12-08 16:22:49,902 [EndpointStateMachine task thread for /127.0.0.1:13473 - 0 ] INFO  ratis.XceiverServerRatis (XceiverServerRatis.java:getRealPort(505)) - XceiverServerRatis 21742dd4-f00f-4901-aa0f-47c4214f17a6 is started using port 43053 for RATIS
2021-12-08 16:22:49,902 [EndpointStateMachine task thread for /127.0.0.1:13473 - 0 ] INFO  ratis.XceiverServerRatis (XceiverServerRatis.java:getRealPort(505)) - XceiverServerRatis 21742dd4-f00f-4901-aa0f-47c4214f17a6 is started using port 43053 for RATIS_ADMIN
2021-12-08 16:22:49,902 [EndpointStateMachine task thread for /127.0.0.1:13473 - 0 ] INFO  ratis.XceiverServerRatis (XceiverServerRatis.java:getRealPort(505)) - XceiverServerRatis 21742dd4-f00f-4901-aa0f-47c4214f17a6 is started using port 43053 for RATIS_SERVER
2021-12-08 16:22:49,902 [org.apache.ratis.util.JvmPauseMonitor$$Lambda$430/1691312302@4d97dbe8] INFO  util.JvmPauseMonitor (JvmPauseMonitor.java:run(103)) - JvmPauseMonitor-21742dd4-f00f-4901-aa0f-47c4214f17a6: Started
2021-12-08 16:22:49,908 [EndpointStateMachine task thread for /127.0.0.1:13473 - 0 ] INFO  server.XceiverServerGrpc (XceiverServerGrpc.java:start(180)) - XceiverServerGrpc 21742dd4-f00f-4901-aa0f-47c4214f17a6 is started using port 34763
2021-12-08 16:22:50,705 [EndpointStateMachine task thread for /127.0.0.1:15821 - 0 ] INFO  ipc.Client (Client.java:handleConnectionFailure(977)) - Retrying connect to server: localhost/127.0.0.1:15821. Already tried 3 time(s); retry policy is RetryUpToMaximumCountWithFixedSleep(maxRetries=15, sleepTime=1000 MILLISECONDS)
2021-12-08 16:22:50,834 [Listener at 127.0.0.1/13584] INFO  ozone.MiniOzoneClusterImpl (MiniOzoneClusterImpl.java:lambda$waitForClusterToBeReady$0(235)) - Waiting for nodes to be ready. Got 0 of 3 DN Heartbeats.
2021-12-08 16:22:50,835 [Listener at 127.0.0.1/13584] INFO  ozone.MiniOzoneClusterImpl (MiniOzoneClusterImpl.java:lambda$waitForClusterToBeReady$0(238)) - Waiting for cluster to exit safe mode
2021-12-08 16:22:50,835 [Listener at 127.0.0.1/13584] INFO  ozone.MiniOzoneClusterImpl (MiniOzoneClusterImpl.java:lambda$waitForClusterToBeReady$0(240)) - SCM became leader
2021-12-08 16:22:51,189 [IPC Server handler 0 on default port 13473] INFO  net.NetworkTopologyImpl (NetworkTopologyImpl.java:add(112)) - Added a new node: /default-rack/d711cf8e-9345-4010-b204-37d4bd542fc0
2021-12-08 16:22:51,189 [IPC Server handler 0 on default port 13473] INFO  node.SCMNodeManager (SCMNodeManager.java:register(389)) - Registered Data node : d711cf8e-9345-4010-b204-37d4bd542fc0{ip: 127.0.0.1, host: localhost, ports: [REPLICATION=34315, RATIS=34071, RATIS_ADMIN=34071, RATIS_SERVER=34071, STANDALONE=41733], networkLocation: /default-rack, certSerialId: null, persistedOpState: null, persistedOpStateExpiryEpochSec: 0}
2021-12-08 16:22:51,196 [EventQueue-NewNodeForNewNodeHandler] INFO  pipeline.BackgroundPipelineCreator (BackgroundPipelineCreator.java:notifyEventTriggered(285)) - trigger a one-shot run on RatisPipelineUtilsThread.
2021-12-08 16:22:51,196 [EventQueue-NodeRegistrationContainerReportForDataNodeSafeModeRule] INFO  safemode.SCMSafeModeManager (DataNodeSafeModeRule.java:process(71)) - SCM in safe mode. 1 DataNodes registered, 3 required.
2021-12-08 16:22:51,196 [RatisPipelineUtilsThread - 0] INFO  pipeline.RatisPipelineProvider (RatisPipelineProvider.java:lambda$create$0(183)) - Sending CreatePipelineCommand for pipeline:PipelineID=0e07491a-228c-4bd1-b1e3-96755a256ad4 to datanode:d711cf8e-9345-4010-b204-37d4bd542fc0
2021-12-08 16:22:51,201 [EventQueue-NodeRegistrationContainerReportForContainerSafeModeRule] INFO  safemode.SCMSafeModeManager (SCMSafeModeManager.java:validateSafeModeExitRules(204)) - ContainerSafeModeRule rule is successfully validated
2021-12-08 16:22:51,213 [EventQueue-PipelineReportForOneReplicaPipelineSafeModeRule] INFO  safemode.SCMSafeModeManager (SCMSafeModeManager.java:validateSafeModeExitRules(204)) - AtleastOneDatanodeReportedRule rule is successfully validated
2021-12-08 16:22:51,241 [a1d7cd84-dd07-406f-a027-06562c9714d9@group-93507A544922-StateMachineUpdater] INFO  pipeline.PipelineStateManagerImpl (PipelineStateManagerImpl.java:addPipeline(101)) - Created pipeline Pipeline[ Id: 0e07491a-228c-4bd1-b1e3-96755a256ad4, Nodes: d711cf8e-9345-4010-b204-37d4bd542fc0{ip: 127.0.0.1, host: localhost, ports: [REPLICATION=34315, RATIS=34071, RATIS_ADMIN=34071, RATIS_SERVER=34071, STANDALONE=41733], networkLocation: /default-rack, certSerialId: null, persistedOpState: IN_SERVICE, persistedOpStateExpiryEpochSec: 0}, ReplicationConfig: RATIS/ONE, State:ALLOCATED, leaderId:, CreationTimestamp2021-12-08T16:22:51.196Z[Etc/UTC]].
2021-12-08 16:22:51,241 [a1d7cd84-dd07-406f-a027-06562c9714d9@group-93507A544922-StateMachineUpdater] INFO  safemode.HealthyPipelineSafeModeRule (HealthyPipelineSafeModeRule.java:initializeRule(152)) - Refreshed total pipeline count is 0, healthy pipeline threshold count is 1
2021-12-08 16:22:51,243 [RatisPipelineUtilsThread - 0] INFO  ha.SCMHAInvocationHandler (SCMHAInvocationHandler.java:invokeRatis(113)) - Invoking method public abstract void org.apache.hadoop.hdds.scm.pipeline.PipelineStateManager.addPipeline(org.apache.hadoop.hdds.protocol.proto.HddsProtos$Pipeline) throws java.io.IOException on target org.apache.hadoop.hdds.scm.ha.SCMRatisServerImpl@272c22c8, cost 39206.898us
2021-12-08 16:22:51,501 [IPC Server handler 1 on default port 13473] INFO  net.NetworkTopologyImpl (NetworkTopologyImpl.java:add(112)) - Added a new node: /default-rack/f2502c96-9954-480b-931a-1e321ebf221a
2021-12-08 16:22:51,501 [IPC Server handler 1 on default port 13473] INFO  node.SCMNodeManager (SCMNodeManager.java:register(389)) - Registered Data node : f2502c96-9954-480b-931a-1e321ebf221a{ip: 127.0.0.1, host: localhost, ports: [REPLICATION=35303, RATIS=40135, RATIS_ADMIN=40135, RATIS_SERVER=40135, STANDALONE=35441], networkLocation: /default-rack, certSerialId: null, persistedOpState: null, persistedOpStateExpiryEpochSec: 0}
2021-12-08 16:22:51,501 [EventQueue-NewNodeForNewNodeHandler] INFO  pipeline.BackgroundPipelineCreator (BackgroundPipelineCreator.java:notifyEventTriggered(285)) - trigger a one-shot run on RatisPipelineUtilsThread.
2021-12-08 16:22:51,506 [RatisPipelineUtilsThread - 0] INFO  pipeline.RatisPipelineProvider (RatisPipelineProvider.java:lambda$create$0(183)) - Sending CreatePipelineCommand for pipeline:PipelineID=85f685ce-e9a2-414a-a4a8-e9f20a775357 to datanode:f2502c96-9954-480b-931a-1e321ebf221a
2021-12-08 16:22:51,506 [EventQueue-NodeRegistrationContainerReportForDataNodeSafeModeRule] INFO  safemode.SCMSafeModeManager (DataNodeSafeModeRule.java:process(71)) - SCM in safe mode. 2 DataNodes registered, 3 required.
2021-12-08 16:22:51,508 [a1d7cd84-dd07-406f-a027-06562c9714d9@group-93507A544922-StateMachineUpdater] INFO  pipeline.PipelineStateManagerImpl (PipelineStateManagerImpl.java:addPipeline(101)) - Created pipeline Pipeline[ Id: 85f685ce-e9a2-414a-a4a8-e9f20a775357, Nodes: f2502c96-9954-480b-931a-1e321ebf221a{ip: 127.0.0.1, host: localhost, ports: [REPLICATION=35303, RATIS=40135, RATIS_ADMIN=40135, RATIS_SERVER=40135, STANDALONE=35441], networkLocation: /default-rack, certSerialId: null, persistedOpState: IN_SERVICE, persistedOpStateExpiryEpochSec: 0}, ReplicationConfig: RATIS/ONE, State:ALLOCATED, leaderId:, CreationTimestamp2021-12-08T16:22:51.506Z[Etc/UTC]].
2021-12-08 16:22:51,508 [a1d7cd84-dd07-406f-a027-06562c9714d9@group-93507A544922-StateMachineUpdater] INFO  safemode.HealthyPipelineSafeModeRule (HealthyPipelineSafeModeRule.java:initializeRule(152)) - Refreshed total pipeline count is 0, healthy pipeline threshold count is 1
2021-12-08 16:22:51,508 [RatisPipelineUtilsThread - 0] INFO  ha.SCMHAInvocationHandler (SCMHAInvocationHandler.java:invokeRatis(113)) - Invoking method public abstract void org.apache.hadoop.hdds.scm.pipeline.PipelineStateManager.addPipeline(org.apache.hadoop.hdds.protocol.proto.HddsProtos$Pipeline) throws java.io.IOException on target org.apache.hadoop.hdds.scm.ha.SCMRatisServerImpl@272c22c8, cost 2426.513us
2021-12-08 16:22:51,706 [EndpointStateMachine task thread for /127.0.0.1:15821 - 0 ] INFO  ipc.Client (Client.java:handleConnectionFailure(977)) - Retrying connect to server: localhost/127.0.0.1:15821. Already tried 4 time(s); retry policy is RetryUpToMaximumCountWithFixedSleep(maxRetries=15, sleepTime=1000 MILLISECONDS)
2021-12-08 16:22:51,835 [Listener at 127.0.0.1/13584] INFO  ozone.MiniOzoneClusterImpl (MiniOzoneClusterImpl.java:lambda$waitForClusterToBeReady$0(235)) - Waiting for nodes to be ready. Got 2 of 3 DN Heartbeats.
2021-12-08 16:22:51,835 [Listener at 127.0.0.1/13584] INFO  ozone.MiniOzoneClusterImpl (MiniOzoneClusterImpl.java:lambda$waitForClusterToBeReady$0(238)) - Waiting for cluster to exit safe mode
2021-12-08 16:22:51,835 [Listener at 127.0.0.1/13584] INFO  ozone.MiniOzoneClusterImpl (MiniOzoneClusterImpl.java:lambda$waitForClusterToBeReady$0(240)) - SCM became leader
2021-12-08 16:22:51,862 [IPC Server handler 2 on default port 13473] INFO  net.NetworkTopologyImpl (NetworkTopologyImpl.java:add(112)) - Added a new node: /default-rack/21742dd4-f00f-4901-aa0f-47c4214f17a6
2021-12-08 16:22:51,863 [IPC Server handler 2 on default port 13473] INFO  node.SCMNodeManager (SCMNodeManager.java:register(389)) - Registered Data node : 21742dd4-f00f-4901-aa0f-47c4214f17a6{ip: 127.0.0.1, host: localhost, ports: [REPLICATION=44433, RATIS=43053, RATIS_ADMIN=43053, RATIS_SERVER=43053, STANDALONE=34763], networkLocation: /default-rack, certSerialId: null, persistedOpState: null, persistedOpStateExpiryEpochSec: 0}
2021-12-08 16:22:51,863 [EventQueue-NewNodeForNewNodeHandler] INFO  pipeline.BackgroundPipelineCreator (BackgroundPipelineCreator.java:notifyEventTriggered(285)) - trigger a one-shot run on RatisPipelineUtilsThread.
2021-12-08 16:22:51,865 [RatisPipelineUtilsThread - 0] INFO  pipeline.RatisPipelineProvider (RatisPipelineProvider.java:lambda$create$0(183)) - Sending CreatePipelineCommand for pipeline:PipelineID=4253f09f-a425-4633-8815-fa843695d7c2 to datanode:21742dd4-f00f-4901-aa0f-47c4214f17a6
2021-12-08 16:22:51,866 [EventQueue-NodeRegistrationContainerReportForDataNodeSafeModeRule] INFO  safemode.SCMSafeModeManager (DataNodeSafeModeRule.java:process(71)) - SCM in safe mode. 3 DataNodes registered, 3 required.
2021-12-08 16:22:51,866 [EventQueue-NodeRegistrationContainerReportForDataNodeSafeModeRule] INFO  safemode.SCMSafeModeManager (SCMSafeModeManager.java:validateSafeModeExitRules(204)) - DataNodeSafeModeRule rule is successfully validated
2021-12-08 16:22:51,866 [EventQueue-NodeRegistrationContainerReportForDataNodeSafeModeRule] INFO  safemode.SCMSafeModeManager (SCMSafeModeManager.java:completePreCheck(233)) - All SCM safe mode pre check rules have passed
2021-12-08 16:22:51,866 [EventQueue-NodeRegistrationContainerReportForDataNodeSafeModeRule] WARN  events.EventQueue (EventQueue.java:fireEvent(194)) - No event handler registered for event TypedEvent{payloadType=SafeModeStatus, name='Safe mode status'}
2021-12-08 16:22:51,866 [EventQueue-NodeRegistrationContainerReportForDataNodeSafeModeRule] INFO  ha.SCMContext (SCMContext.java:updateSafeModeStatus(211)) - Update SafeModeStatus from SafeModeStatus{safeModeStatus=true, preCheckPassed=false} to SafeModeStatus{safeModeStatus=true, preCheckPassed=true}.
2021-12-08 16:22:51,866 [EventQueue-NodeRegistrationContainerReportForDataNodeSafeModeRule] INFO  pipeline.BackgroundPipelineCreator (BackgroundPipelineCreator.java:notifyEventTriggered(285)) - trigger a one-shot run on RatisPipelineUtilsThread.
2021-12-08 16:22:51,869 [a1d7cd84-dd07-406f-a027-06562c9714d9@group-93507A544922-StateMachineUpdater] INFO  pipeline.PipelineStateManagerImpl (PipelineStateManagerImpl.java:addPipeline(101)) - Created pipeline Pipeline[ Id: 4253f09f-a425-4633-8815-fa843695d7c2, Nodes: 21742dd4-f00f-4901-aa0f-47c4214f17a6{ip: 127.0.0.1, host: localhost, ports: [REPLICATION=44433, RATIS=43053, RATIS_ADMIN=43053, RATIS_SERVER=43053, STANDALONE=34763], networkLocation: /default-rack, certSerialId: null, persistedOpState: IN_SERVICE, persistedOpStateExpiryEpochSec: 0}, ReplicationConfig: RATIS/ONE, State:ALLOCATED, leaderId:, CreationTimestamp2021-12-08T16:22:51.865Z[Etc/UTC]].
2021-12-08 16:22:51,869 [a1d7cd84-dd07-406f-a027-06562c9714d9@group-93507A544922-StateMachineUpdater] INFO  safemode.HealthyPipelineSafeModeRule (HealthyPipelineSafeModeRule.java:initializeRule(152)) - Refreshed total pipeline count is 0, healthy pipeline threshold count is 1
2021-12-08 16:22:51,870 [RatisPipelineUtilsThread - 0] INFO  ha.SCMHAInvocationHandler (SCMHAInvocationHandler.java:invokeRatis(113)) - Invoking method public abstract void org.apache.hadoop.hdds.scm.pipeline.PipelineStateManager.addPipeline(org.apache.hadoop.hdds.protocol.proto.HddsProtos$Pipeline) throws java.io.IOException on target org.apache.hadoop.hdds.scm.ha.SCMRatisServerImpl@272c22c8, cost 3876.719us
2021-12-08 16:22:51,871 [RatisPipelineUtilsThread - 0] INFO  pipeline.RatisPipelineProvider (RatisPipelineProvider.java:lambda$create$0(183)) - Sending CreatePipelineCommand for pipeline:PipelineID=96802253-8d0b-4ccf-bb32-46db46a971f0 to datanode:d711cf8e-9345-4010-b204-37d4bd542fc0
2021-12-08 16:22:51,871 [RatisPipelineUtilsThread - 0] INFO  pipeline.RatisPipelineProvider (RatisPipelineProvider.java:lambda$create$0(183)) - Sending CreatePipelineCommand for pipeline:PipelineID=96802253-8d0b-4ccf-bb32-46db46a971f0 to datanode:21742dd4-f00f-4901-aa0f-47c4214f17a6
2021-12-08 16:22:51,871 [RatisPipelineUtilsThread - 0] INFO  pipeline.RatisPipelineProvider (RatisPipelineProvider.java:lambda$create$0(183)) - Sending CreatePipelineCommand for pipeline:PipelineID=96802253-8d0b-4ccf-bb32-46db46a971f0 to datanode:f2502c96-9954-480b-931a-1e321ebf221a
2021-12-08 16:22:51,875 [a1d7cd84-dd07-406f-a027-06562c9714d9@group-93507A544922-StateMachineUpdater] INFO  pipeline.PipelineStateManagerImpl (PipelineStateManagerImpl.java:addPipeline(101)) - Created pipeline Pipeline[ Id: 96802253-8d0b-4ccf-bb32-46db46a971f0, Nodes: d711cf8e-9345-4010-b204-37d4bd542fc0{ip: 127.0.0.1, host: localhost, ports: [REPLICATION=34315, RATIS=34071, RATIS_ADMIN=34071, RATIS_SERVER=34071, STANDALONE=41733], networkLocation: /default-rack, certSerialId: null, persistedOpState: IN_SERVICE, persistedOpStateExpiryEpochSec: 0}21742dd4-f00f-4901-aa0f-47c4214f17a6{ip: 127.0.0.1, host: localhost, ports: [REPLICATION=44433, RATIS=43053, RATIS_ADMIN=43053, RATIS_SERVER=43053, STANDALONE=34763], networkLocation: /default-rack, certSerialId: null, persistedOpState: IN_SERVICE, persistedOpStateExpiryEpochSec: 0}f2502c96-9954-480b-931a-1e321ebf221a{ip: 127.0.0.1, host: localhost, ports: [REPLICATION=35303, RATIS=40135, RATIS_ADMIN=40135, RATIS_SERVER=40135, STANDALONE=35441], networkLocation: /default-rack, certSerialId: null, persistedOpState: IN_SERVICE, persistedOpStateExpiryEpochSec: 0}, ReplicationConfig: RATIS/THREE, State:ALLOCATED, leaderId:, CreationTimestamp2021-12-08T16:22:51.871Z[Etc/UTC]].
2021-12-08 16:22:51,875 [a1d7cd84-dd07-406f-a027-06562c9714d9@group-93507A544922-StateMachineUpdater] INFO  safemode.HealthyPipelineSafeModeRule (HealthyPipelineSafeModeRule.java:initializeRule(152)) - Refreshed total pipeline count is 0, healthy pipeline threshold count is 1
2021-12-08 16:22:51,875 [RatisPipelineUtilsThread - 0] INFO  ha.SCMHAInvocationHandler (SCMHAInvocationHandler.java:invokeRatis(113)) - Invoking method public abstract void org.apache.hadoop.hdds.scm.pipeline.PipelineStateManager.addPipeline(org.apache.hadoop.hdds.protocol.proto.HddsProtos$Pipeline) throws java.io.IOException on target org.apache.hadoop.hdds.scm.ha.SCMRatisServerImpl@272c22c8, cost 4231.121us
2021-12-08 16:22:51,880 [RatisPipelineUtilsThread - 0] INFO  pipeline.RatisPipelineProvider (RatisPipelineProvider.java:lambda$create$0(183)) - Sending CreatePipelineCommand for pipeline:PipelineID=6645bf4e-6893-4079-b731-aefa5f9df58d to datanode:21742dd4-f00f-4901-aa0f-47c4214f17a6
2021-12-08 16:22:51,880 [RatisPipelineUtilsThread - 0] INFO  pipeline.RatisPipelineProvider (RatisPipelineProvider.java:lambda$create$0(183)) - Sending CreatePipelineCommand for pipeline:PipelineID=6645bf4e-6893-4079-b731-aefa5f9df58d to datanode:f2502c96-9954-480b-931a-1e321ebf221a
2021-12-08 16:22:51,880 [RatisPipelineUtilsThread - 0] INFO  pipeline.RatisPipelineProvider (RatisPipelineProvider.java:lambda$create$0(183)) - Sending CreatePipelineCommand for pipeline:PipelineID=6645bf4e-6893-4079-b731-aefa5f9df58d to datanode:d711cf8e-9345-4010-b204-37d4bd542fc0
2021-12-08 16:22:51,883 [a1d7cd84-dd07-406f-a027-06562c9714d9@group-93507A544922-StateMachineUpdater] INFO  pipeline.PipelineStateManagerImpl (PipelineStateManagerImpl.java:addPipeline(101)) - Created pipeline Pipeline[ Id: 6645bf4e-6893-4079-b731-aefa5f9df58d, Nodes: 21742dd4-f00f-4901-aa0f-47c4214f17a6{ip: 127.0.0.1, host: localhost, ports: [REPLICATION=44433, RATIS=43053, RATIS_ADMIN=43053, RATIS_SERVER=43053, STANDALONE=34763], networkLocation: /default-rack, certSerialId: null, persistedOpState: IN_SERVICE, persistedOpStateExpiryEpochSec: 0}f2502c96-9954-480b-931a-1e321ebf221a{ip: 127.0.0.1, host: localhost, ports: [REPLICATION=35303, RATIS=40135, RATIS_ADMIN=40135, RATIS_SERVER=40135, STANDALONE=35441], networkLocation: /default-rack, certSerialId: null, persistedOpState: IN_SERVICE, persistedOpStateExpiryEpochSec: 0}d711cf8e-9345-4010-b204-37d4bd542fc0{ip: 127.0.0.1, host: localhost, ports: [REPLICATION=34315, RATIS=34071, RATIS_ADMIN=34071, RATIS_SERVER=34071, STANDALONE=41733], networkLocation: /default-rack, certSerialId: null, persistedOpState: IN_SERVICE, persistedOpStateExpiryEpochSec: 0}, ReplicationConfig: RATIS/THREE, State:ALLOCATED, leaderId:, CreationTimestamp2021-12-08T16:22:51.880Z[Etc/UTC]].
2021-12-08 16:22:51,883 [a1d7cd84-dd07-406f-a027-06562c9714d9@group-93507A544922-StateMachineUpdater] INFO  safemode.HealthyPipelineSafeModeRule (HealthyPipelineSafeModeRule.java:initializeRule(152)) - Refreshed total pipeline count is 0, healthy pipeline threshold count is 1
2021-12-08 16:22:51,884 [RatisPipelineUtilsThread - 0] INFO  ha.SCMHAInvocationHandler (SCMHAInvocationHandler.java:invokeRatis(113)) - Invoking method public abstract void org.apache.hadoop.hdds.scm.pipeline.PipelineStateManager.addPipeline(org.apache.hadoop.hdds.protocol.proto.HddsProtos$Pipeline) throws java.io.IOException on target org.apache.hadoop.hdds.scm.ha.SCMRatisServerImpl@272c22c8, cost 4022.32us
2021-12-08 16:22:51,886 [RatisPipelineUtilsThread - 0] INFO  pipeline.PipelineManagerImpl (PipelineManagerImpl.java:recordMetricsForPipeline(639)) - Pipeline: PipelineID=6645bf4e-6893-4079-b731-aefa5f9df58d contains same datanodes as previous pipelines: PipelineID=96802253-8d0b-4ccf-bb32-46db46a971f0 nodeIds: 21742dd4-f00f-4901-aa0f-47c4214f17a6, f2502c96-9954-480b-931a-1e321ebf221a, d711cf8e-9345-4010-b204-37d4bd542fc0
2021-12-08 16:22:52,706 [EndpointStateMachine task thread for /127.0.0.1:15821 - 0 ] INFO  ipc.Client (Client.java:handleConnectionFailure(977)) - Retrying connect to server: localhost/127.0.0.1:15821. Already tried 5 time(s); retry policy is RetryUpToMaximumCountWithFixedSleep(maxRetries=15, sleepTime=1000 MILLISECONDS)
2021-12-08 16:22:52,835 [Listener at 127.0.0.1/13584] INFO  ozone.MiniOzoneClusterImpl (MiniOzoneClusterImpl.java:lambda$waitForClusterToBeReady$0(235)) - Nodes are ready. Got 3 of 3 DN Heartbeats.
2021-12-08 16:22:52,835 [Listener at 127.0.0.1/13584] INFO  ozone.MiniOzoneClusterImpl (MiniOzoneClusterImpl.java:lambda$waitForClusterToBeReady$0(238)) - Waiting for cluster to exit safe mode
2021-12-08 16:22:52,836 [Listener at 127.0.0.1/13584] INFO  ozone.MiniOzoneClusterImpl (MiniOzoneClusterImpl.java:lambda$waitForClusterToBeReady$0(240)) - SCM became leader
2021-12-08 16:22:53,707 [EndpointStateMachine task thread for /127.0.0.1:15821 - 0 ] INFO  ipc.Client (Client.java:handleConnectionFailure(977)) - Retrying connect to server: localhost/127.0.0.1:15821. Already tried 6 time(s); retry policy is RetryUpToMaximumCountWithFixedSleep(maxRetries=15, sleepTime=1000 MILLISECONDS)
2021-12-08 16:22:53,836 [Listener at 127.0.0.1/13584] INFO  ozone.MiniOzoneClusterImpl (MiniOzoneClusterImpl.java:lambda$waitForClusterToBeReady$0(235)) - Nodes are ready. Got 3 of 3 DN Heartbeats.
2021-12-08 16:22:53,836 [Listener at 127.0.0.1/13584] INFO  ozone.MiniOzoneClusterImpl (MiniOzoneClusterImpl.java:lambda$waitForClusterToBeReady$0(238)) - Waiting for cluster to exit safe mode
2021-12-08 16:22:53,836 [Listener at 127.0.0.1/13584] INFO  ozone.MiniOzoneClusterImpl (MiniOzoneClusterImpl.java:lambda$waitForClusterToBeReady$0(240)) - SCM became leader
2021-12-08 16:22:54,189 [Command processor thread] INFO  server.RaftServer (RaftServerProxy.java:addNew(95)) - d711cf8e-9345-4010-b204-37d4bd542fc0: addNew group-96755A256AD4:[d711cf8e-9345-4010-b204-37d4bd542fc0|rpc:127.0.0.1:34071|priority:1] returns group-96755A256AD4:java.util.concurrent.CompletableFuture@5c1d53b0[Not completed]
2021-12-08 16:22:54,193 [pool-278-thread-1] INFO  server.RaftServer$Division (RaftServerImpl.java:<init>(184)) - d711cf8e-9345-4010-b204-37d4bd542fc0: new RaftServerImpl for group-96755A256AD4:[d711cf8e-9345-4010-b204-37d4bd542fc0|rpc:127.0.0.1:34071|priority:1] with ContainerStateMachine:uninitialized
2021-12-08 16:22:54,199 [pool-278-thread-1] INFO  server.RaftServerConfigKeys (ConfUtils.java:logGet(44)) - raft.server.rpc.timeout.min = 5s (custom)
2021-12-08 16:22:54,201 [pool-278-thread-1] INFO  server.RaftServerConfigKeys (ConfUtils.java:logGet(44)) - raft.server.rpc.timeout.max = 5200ms (custom)
2021-12-08 16:22:54,201 [pool-278-thread-1] INFO  server.RaftServerConfigKeys (ConfUtils.java:logGet(44)) - raft.server.rpc.sleep.time = 25ms (default)
2021-12-08 16:22:54,201 [pool-278-thread-1] INFO  server.RaftServerConfigKeys (ConfUtils.java:logGet(44)) - raft.server.rpc.slowness.timeout = 300s (custom)
2021-12-08 16:22:54,201 [pool-278-thread-1] INFO  server.RaftServerConfigKeys (ConfUtils.java:logGet(44)) - raft.server.leaderelection.leader.step-down.wait-time = 10s (default)
2021-12-08 16:22:54,201 [pool-278-thread-1] INFO  server.RaftServerConfigKeys (ConfUtils.java:logGet(44)) - raft.server.sleep.deviation.threshold = 300ms (default)
2021-12-08 16:22:54,201 [pool-278-thread-1] INFO  server.RaftServerConfigKeys (ConfUtils.java:logGet(44)) - raft.server.log.appender.install.snapshot.enabled = false (custom)
2021-12-08 16:22:54,202 [pool-278-thread-1] INFO  server.RaftServer$Division (ServerState.java:<init>(105)) - d711cf8e-9345-4010-b204-37d4bd542fc0@group-96755A256AD4: ConfigurationManager, init=-1: [d711cf8e-9345-4010-b204-37d4bd542fc0|rpc:127.0.0.1:34071|priority:1], old=null, confs=<EMPTY_MAP>
2021-12-08 16:22:54,202 [pool-278-thread-1] INFO  server.RaftServerConfigKeys (ConfUtils.java:logGet(44)) - raft.server.storage.dir = [/home/runner/work/ozone/ozone/hadoop-ozone/integration-test/target/test-dir/MiniOzoneClusterImpl-871b6dc8-7d19-4806-8910-93507a544922/datanode-0/data/ratis] (custom)
2021-12-08 16:22:54,202 [pool-278-thread-1] INFO  server.RaftServerConfigKeys (ConfUtils.java:logGet(44)) - raft.server.log.corruption.policy = EXCEPTION (default)
2021-12-08 16:22:54,202 [pool-278-thread-1] INFO  server.RaftServerConfigKeys (ConfUtils.java:logGet(44)) - raft.server.storage.free-space.min = 0MB (=0) (default)
2021-12-08 16:22:54,202 [pool-278-thread-1] INFO  storage.RaftStorageDirectory (RaftStorageDirectoryImpl.java:analyzeStorage(135)) - The storage directory /home/runner/work/ozone/ozone/hadoop-ozone/integration-test/target/test-dir/MiniOzoneClusterImpl-871b6dc8-7d19-4806-8910-93507a544922/datanode-0/data/ratis/0e07491a-228c-4bd1-b1e3-96755a256ad4 does not exist. Creating ...
2021-12-08 16:22:54,204 [pool-278-thread-1] INFO  storage.RaftStorageDirectory (RaftStorageDirectoryImpl.java:tryLock(230)) - Lock on /home/runner/work/ozone/ozone/hadoop-ozone/integration-test/target/test-dir/MiniOzoneClusterImpl-871b6dc8-7d19-4806-8910-93507a544922/datanode-0/data/ratis/0e07491a-228c-4bd1-b1e3-96755a256ad4/in_use.lock acquired by nodename 1098@fv-az294-221
2021-12-08 16:22:54,206 [pool-278-thread-1] INFO  storage.RaftStorage (RaftStorageImpl.java:format(89)) - Storage directory /home/runner/work/ozone/ozone/hadoop-ozone/integration-test/target/test-dir/MiniOzoneClusterImpl-871b6dc8-7d19-4806-8910-93507a544922/datanode-0/data/ratis/0e07491a-228c-4bd1-b1e3-96755a256ad4 has been successfully formatted.
2021-12-08 16:22:54,211 [EventQueue-PipelineReportForPipelineReportHandler] INFO  pipeline.PipelineManagerImpl (PipelineManagerImpl.java:openPipeline(291)) - Pipeline Pipeline[ Id: 0e07491a-228c-4bd1-b1e3-96755a256ad4, Nodes: d711cf8e-9345-4010-b204-37d4bd542fc0{ip: 127.0.0.1, host: localhost, ports: [REPLICATION=34315, RATIS=34071, RATIS_ADMIN=34071, RATIS_SERVER=34071, STANDALONE=41733], networkLocation: /default-rack, certSerialId: null, persistedOpState: IN_SERVICE, persistedOpStateExpiryEpochSec: 0}, ReplicationConfig: RATIS/ONE, State:ALLOCATED, leaderId:d711cf8e-9345-4010-b204-37d4bd542fc0, CreationTimestamp2021-12-08T16:22:51.196Z[Etc/UTC]] moved to OPEN state
2021-12-08 16:22:54,216 [a1d7cd84-dd07-406f-a027-06562c9714d9@group-93507A544922-StateMachineUpdater] INFO  safemode.HealthyPipelineSafeModeRule (HealthyPipelineSafeModeRule.java:initializeRule(152)) - Refreshed total pipeline count is 0, healthy pipeline threshold count is 1
2021-12-08 16:22:54,217 [EventQueue-PipelineReportForPipelineReportHandler] INFO  ha.SCMHAInvocationHandler (SCMHAInvocationHandler.java:invokeRatis(113)) - Invoking method public abstract void org.apache.hadoop.hdds.scm.pipeline.PipelineStateManager.updatePipelineState(org.apache.hadoop.hdds.protocol.proto.HddsProtos$PipelineID,org.apache.hadoop.hdds.protocol.proto.HddsProtos$PipelineState) throws java.io.IOException on target org.apache.hadoop.hdds.scm.ha.SCMRatisServerImpl@272c22c8, cost 5247.826us
2021-12-08 16:22:54,219 [pool-278-thread-1] INFO  ratis.ContainerStateMachine (ContainerStateMachine.java:loadSnapshot(231)) - group-96755A256AD4: The snapshot info is null. Setting the last applied indexto:(t:0, i:~)
2021-12-08 16:22:54,222 [pool-278-thread-1] INFO  server.RaftServerConfigKeys (ConfUtils.java:logGet(44)) - raft.server.notification.no-leader.timeout = 300s (custom)
2021-12-08 16:22:54,222 [pool-278-thread-1] INFO  server.RaftServerConfigKeys (ConfUtils.java:logGet(44)) - raft.server.log.use.memory = false (default)
2021-12-08 16:22:54,224 [pool-278-thread-1] INFO  server.RaftServerConfigKeys (ConfUtils.java:logGet(44)) - raft.server.log.purge.gap = 1000000 (custom)
2021-12-08 16:22:54,224 [pool-278-thread-1] INFO  server.RaftServerConfigKeys (ConfUtils.java:logGet(44)) - raft.server.log.appender.buffer.byte-limit = 33554432 (custom)
2021-12-08 16:22:54,224 [pool-278-thread-1] INFO  server.RaftServerConfigKeys (ConfUtils.java:logGet(44)) - raft.server.log.segment.size.max = 1048576 (custom)
2021-12-08 16:22:54,224 [EventQueue-OpenPipelineForHealthyPipelineSafeModeRule] INFO  safemode.SCMSafeModeManager (HealthyPipelineSafeModeRule.java:process(124)) - SCM in safe mode. Healthy pipelines reported count is 0, required healthy pipeline reported count is 1
2021-12-08 16:22:54,225 [pool-278-thread-1] INFO  server.RaftServerConfigKeys (ConfUtils.java:logGet(44)) - raft.server.log.segment.cache.num.max = 2 (custom)
2021-12-08 16:22:54,225 [pool-278-thread-1] INFO  server.RaftServerConfigKeys (ConfUtils.java:logGet(44)) - raft.server.log.segment.cache.size.max = 200MB (=209715200) (default)
2021-12-08 16:22:54,225 [pool-278-thread-1] INFO  segmented.SegmentedRaftLogWorker (SegmentedRaftLogWorker.java:<init>(182)) - new d711cf8e-9345-4010-b204-37d4bd542fc0@group-96755A256AD4-SegmentedRaftLogWorker for RaftStorageImpl:Storage Directory /home/runner/work/ozone/ozone/hadoop-ozone/integration-test/target/test-dir/MiniOzoneClusterImpl-871b6dc8-7d19-4806-8910-93507a544922/datanode-0/data/ratis/0e07491a-228c-4bd1-b1e3-96755a256ad4
2021-12-08 16:22:54,225 [pool-278-thread-1] INFO  server.RaftServerConfigKeys (ConfUtils.java:logGet(44)) - raft.server.log.queue.byte-limit = 2147483647 (custom)
2021-12-08 16:22:54,225 [pool-278-thread-1] INFO  server.RaftServerConfigKeys (ConfUtils.java:logGet(44)) - raft.server.log.queue.element-limit = 1024 (custom)
2021-12-08 16:22:54,225 [pool-278-thread-1] INFO  server.RaftServerConfigKeys (ConfUtils.java:logGet(44)) - raft.server.log.segment.size.max = 1048576 (custom)
2021-12-08 16:22:54,225 [pool-278-thread-1] INFO  server.RaftServerConfigKeys (ConfUtils.java:logGet(44)) - raft.server.log.preallocated.size = 16384 (custom)
2021-12-08 16:22:54,225 [pool-278-thread-1] INFO  server.RaftServerConfigKeys (ConfUtils.java:logGet(44)) - raft.server.log.force.sync.num = 128 (default)
2021-12-08 16:22:54,225 [pool-278-thread-1] INFO  server.RaftServerConfigKeys (ConfUtils.java:logGet(44)) - raft.server.log.statemachine.data.sync = true (default)
2021-12-08 16:22:54,225 [pool-278-thread-1] INFO  server.RaftServerConfigKeys (ConfUtils.java:logGet(44)) - raft.server.log.statemachine.data.sync.timeout = 10s (default)
2021-12-08 16:22:54,225 [pool-278-thread-1] INFO  server.RaftServerConfigKeys (ConfUtils.java:logGet(44)) - raft.server.log.statemachine.data.sync.timeout.retry = -1 (default)
2021-12-08 16:22:54,227 [pool-278-thread-1] INFO  server.RaftServerConfigKeys (ConfUtils.java:logGet(44)) - raft.server.log.write.buffer.size = 1048576 (custom)
2021-12-08 16:22:54,231 [pool-278-thread-1] INFO  server.RaftServerConfigKeys (ConfUtils.java:logGet(44)) - raft.server.log.statemachine.data.caching.enabled = true (custom)
2021-12-08 16:22:54,234 [pool-278-thread-1] INFO  segmented.SegmentedRaftLogWorker (SegmentedRaftLogWorker.java:lambda$new$0(133)) - d711cf8e-9345-4010-b204-37d4bd542fc0@group-96755A256AD4-SegmentedRaftLogWorker: flushIndex: setUnconditionally 0 -> -1
2021-12-08 16:22:54,234 [pool-278-thread-1] INFO  segmented.SegmentedRaftLogWorker (SegmentedRaftLogWorker.java:lambda$new$0(133)) - d711cf8e-9345-4010-b204-37d4bd542fc0@group-96755A256AD4-SegmentedRaftLogWorker: safeCacheEvictIndex: setUnconditionally 0 -> -1
2021-12-08 16:22:54,236 [pool-278-thread-1] INFO  server.RaftServerConfigKeys (ConfUtils.java:logGet(44)) - raft.server.snapshot.auto.trigger.enabled = true (custom)
2021-12-08 16:22:54,236 [pool-278-thread-1] INFO  server.RaftServerConfigKeys (ConfUtils.java:logGet(44)) - raft.server.snapshot.auto.trigger.threshold = 10000 (custom)
2021-12-08 16:22:54,236 [pool-278-thread-1] INFO  server.RaftServerConfigKeys (ConfUtils.java:logGet(44)) - raft.server.snapshot.retention.file.num = 5 (custom)
2021-12-08 16:22:54,236 [pool-278-thread-1] INFO  server.RaftServerConfigKeys (ConfUtils.java:logGet(44)) - raft.server.log.purge.upto.snapshot.index = false (default)
2021-12-08 16:22:54,236 [pool-278-thread-1] INFO  server.RaftServerConfigKeys (ConfUtils.java:logGet(44)) - raft.server.retrycache.expirytime = 600000ms (custom)
2021-12-08 16:22:54,236 [pool-278-thread-1] INFO  server.RaftServerConfigKeys (ConfUtils.java:logGet(44)) - raft.server.retrycache.statistics.expirytime = 100μs (default)
2021-12-08 16:22:54,237 [pool-278-thread-1] INFO  server.RaftServer$Division (RaftServerImpl.java:start(301)) - d711cf8e-9345-4010-b204-37d4bd542fc0@group-96755A256AD4: start as a follower, conf=-1: [d711cf8e-9345-4010-b204-37d4bd542fc0|rpc:127.0.0.1:34071|priority:1], old=null
2021-12-08 16:22:54,243 [pool-278-thread-1] INFO  server.RaftServer$Division (RaftServerImpl.java:setRole(290)) - d711cf8e-9345-4010-b204-37d4bd542fc0@group-96755A256AD4: changes role from      null to FOLLOWER at term 0 for startAsFollower
2021-12-08 16:22:54,243 [pool-278-thread-1] INFO  impl.RoleInfo (RoleInfo.java:updateAndGet(130)) - d711cf8e-9345-4010-b204-37d4bd542fc0: start d711cf8e-9345-4010-b204-37d4bd542fc0@group-96755A256AD4-FollowerState
2021-12-08 16:22:54,245 [pool-278-thread-1] INFO  util.JmxRegister (JmxRegister.java:tryRegister(44)) - Successfully registered JMX Bean with object name Ratis:service=RaftServer,group=group-96755A256AD4,id=d711cf8e-9345-4010-b204-37d4bd542fc0
2021-12-08 16:22:54,255 [Command processor thread] INFO  ratis.XceiverServerRatis (XceiverServerRatis.java:addGroup(768)) - Created group PipelineID=0e07491a-228c-4bd1-b1e3-96755a256ad4
2021-12-08 16:22:54,255 [Command processor thread] INFO  commandhandler.CreatePipelineCommandHandler (CreatePipelineCommandHandler.java:handle(106)) - Created Pipeline RATIS ONE PipelineID=0e07491a-228c-4bd1-b1e3-96755a256ad4.
2021-12-08 16:22:54,255 [Command processor thread] INFO  server.RaftServer (RaftServerProxy.java:addNew(95)) - d711cf8e-9345-4010-b204-37d4bd542fc0: addNew group-46DB46A971F0:[d711cf8e-9345-4010-b204-37d4bd542fc0|rpc:127.0.0.1:34071|priority:0, f2502c96-9954-480b-931a-1e321ebf221a|rpc:127.0.0.1:40135|priority:1, 21742dd4-f00f-4901-aa0f-47c4214f17a6|rpc:127.0.0.1:43053|priority:0] returns group-46DB46A971F0:java.util.concurrent.CompletableFuture@5822cceb[Not completed]
2021-12-08 16:22:54,256 [pool-278-thread-1] INFO  server.RaftServer$Division (RaftServerImpl.java:<init>(184)) - d711cf8e-9345-4010-b204-37d4bd542fc0: new RaftServerImpl for group-46DB46A971F0:[d711cf8e-9345-4010-b204-37d4bd542fc0|rpc:127.0.0.1:34071|priority:0, f2502c96-9954-480b-931a-1e321ebf221a|rpc:127.0.0.1:40135|priority:1, 21742dd4-f00f-4901-aa0f-47c4214f17a6|rpc:127.0.0.1:43053|priority:0] with ContainerStateMachine:uninitialized
2021-12-08 16:22:54,256 [pool-278-thread-1] INFO  server.RaftServerConfigKeys (ConfUtils.java:logGet(44)) - raft.server.rpc.timeout.min = 5s (custom)
2021-12-08 16:22:54,256 [pool-278-thread-1] INFO  server.RaftServerConfigKeys (ConfUtils.java:logGet(44)) - raft.server.rpc.timeout.max = 5200ms (custom)
2021-12-08 16:22:54,256 [pool-278-thread-1] INFO  server.RaftServerConfigKeys (ConfUtils.java:logGet(44)) - raft.server.rpc.sleep.time = 25ms (default)
2021-12-08 16:22:54,256 [pool-278-thread-1] INFO  server.RaftServerConfigKeys (ConfUtils.java:logGet(44)) - raft.server.rpc.slowness.timeout = 300s (custom)
2021-12-08 16:22:54,256 [pool-278-thread-1] INFO  server.RaftServerConfigKeys (ConfUtils.java:logGet(44)) - raft.server.leaderelection.leader.step-down.wait-time = 10s (default)
2021-12-08 16:22:54,256 [pool-278-thread-1] INFO  server.RaftServerConfigKeys (ConfUtils.java:logGet(44)) - raft.server.sleep.deviation.threshold = 300ms (default)
2021-12-08 16:22:54,257 [pool-278-thread-1] INFO  server.RaftServerConfigKeys (ConfUtils.java:logGet(44)) - raft.server.log.appender.install.snapshot.enabled = false (custom)
2021-12-08 16:22:54,257 [pool-278-thread-1] INFO  server.RaftServer$Division (ServerState.java:<init>(105)) - d711cf8e-9345-4010-b204-37d4bd542fc0@group-46DB46A971F0: ConfigurationManager, init=-1: [d711cf8e-9345-4010-b204-37d4bd542fc0|rpc:127.0.0.1:34071|priority:0, f2502c96-9954-480b-931a-1e321ebf221a|rpc:127.0.0.1:40135|priority:1, 21742dd4-f00f-4901-aa0f-47c4214f17a6|rpc:127.0.0.1:43053|priority:0], old=null, confs=<EMPTY_MAP>
2021-12-08 16:22:54,257 [pool-278-thread-1] INFO  server.RaftServerConfigKeys (ConfUtils.java:logGet(44)) - raft.server.storage.dir = [/home/runner/work/ozone/ozone/hadoop-ozone/integration-test/target/test-dir/MiniOzoneClusterImpl-871b6dc8-7d19-4806-8910-93507a544922/datanode-0/data/ratis] (custom)
2021-12-08 16:22:54,257 [pool-278-thread-1] INFO  server.RaftServerConfigKeys (ConfUtils.java:logGet(44)) - raft.server.log.corruption.policy = EXCEPTION (default)
2021-12-08 16:22:54,257 [pool-278-thread-1] INFO  server.RaftServerConfigKeys (ConfUtils.java:logGet(44)) - raft.server.storage.free-space.min = 0MB (=0) (default)
2021-12-08 16:22:54,257 [pool-278-thread-1] INFO  storage.RaftStorageDirectory (RaftStorageDirectoryImpl.java:analyzeStorage(135)) - The storage directory /home/runner/work/ozone/ozone/hadoop-ozone/integration-test/target/test-dir/MiniOzoneClusterImpl-871b6dc8-7d19-4806-8910-93507a544922/datanode-0/data/ratis/96802253-8d0b-4ccf-bb32-46db46a971f0 does not exist. Creating ...
2021-12-08 16:22:54,258 [pool-278-thread-1] INFO  storage.RaftStorageDirectory (RaftStorageDirectoryImpl.java:tryLock(230)) - Lock on /home/runner/work/ozone/ozone/hadoop-ozone/integration-test/target/test-dir/MiniOzoneClusterImpl-871b6dc8-7d19-4806-8910-93507a544922/datanode-0/data/ratis/96802253-8d0b-4ccf-bb32-46db46a971f0/in_use.lock acquired by nodename 1098@fv-az294-221
2021-12-08 16:22:54,261 [pool-278-thread-1] INFO  storage.RaftStorage (RaftStorageImpl.java:format(89)) - Storage directory /home/runner/work/ozone/ozone/hadoop-ozone/integration-test/target/test-dir/MiniOzoneClusterImpl-871b6dc8-7d19-4806-8910-93507a544922/datanode-0/data/ratis/96802253-8d0b-4ccf-bb32-46db46a971f0 has been successfully formatted.
2021-12-08 16:22:54,262 [pool-278-thread-1] INFO  ratis.ContainerStateMachine (ContainerStateMachine.java:loadSnapshot(231)) - group-46DB46A971F0: The snapshot info is null. Setting the last applied indexto:(t:0, i:~)
2021-12-08 16:22:54,262 [pool-278-thread-1] INFO  server.RaftServerConfigKeys (ConfUtils.java:logGet(44)) - raft.server.notification.no-leader.timeout = 300s (custom)
2021-12-08 16:22:54,262 [pool-278-thread-1] INFO  server.RaftServerConfigKeys (ConfUtils.java:logGet(44)) - raft.server.log.use.memory = false (default)
2021-12-08 16:22:54,262 [pool-278-thread-1] INFO  server.RaftServerConfigKeys (ConfUtils.java:logGet(44)) - raft.server.log.purge.gap = 1000000 (custom)
2021-12-08 16:22:54,262 [pool-278-thread-1] INFO  server.RaftServerConfigKeys (ConfUtils.java:logGet(44)) - raft.server.log.appender.buffer.byte-limit = 33554432 (custom)
2021-12-08 16:22:54,262 [pool-278-thread-1] INFO  server.RaftServerConfigKeys (ConfUtils.java:logGet(44)) - raft.server.log.segment.size.max = 1048576 (custom)
2021-12-08 16:22:54,263 [pool-278-thread-1] INFO  server.RaftServerConfigKeys (ConfUtils.java:logGet(44)) - raft.server.log.segment.cache.num.max = 2 (custom)
2021-12-08 16:22:54,263 [pool-278-thread-1] INFO  server.RaftServerConfigKeys (ConfUtils.java:logGet(44)) - raft.server.log.segment.cache.size.max = 200MB (=209715200) (default)
2021-12-08 16:22:54,263 [pool-278-thread-1] INFO  segmented.SegmentedRaftLogWorker (SegmentedRaftLogWorker.java:<init>(182)) - new d711cf8e-9345-4010-b204-37d4bd542fc0@group-46DB46A971F0-SegmentedRaftLogWorker for RaftStorageImpl:Storage Directory /home/runner/work/ozone/ozone/hadoop-ozone/integration-test/target/test-dir/MiniOzoneClusterImpl-871b6dc8-7d19-4806-8910-93507a544922/datanode-0/data/ratis/96802253-8d0b-4ccf-bb32-46db46a971f0
2021-12-08 16:22:54,263 [pool-278-thread-1] INFO  server.RaftServerConfigKeys (ConfUtils.java:logGet(44)) - raft.server.log.queue.byte-limit = 2147483647 (custom)
2021-12-08 16:22:54,263 [pool-278-thread-1] INFO  server.RaftServerConfigKeys (ConfUtils.java:logGet(44)) - raft.server.log.queue.element-limit = 1024 (custom)
2021-12-08 16:22:54,263 [pool-278-thread-1] INFO  server.RaftServerConfigKeys (ConfUtils.java:logGet(44)) - raft.server.log.segment.size.max = 1048576 (custom)
2021-12-08 16:22:54,263 [pool-278-thread-1] INFO  server.RaftServerConfigKeys (ConfUtils.java:logGet(44)) - raft.server.log.preallocated.size = 16384 (custom)
2021-12-08 16:22:54,263 [pool-278-thread-1] INFO  server.RaftServerConfigKeys (ConfUtils.java:logGet(44)) - raft.server.log.force.sync.num = 128 (default)
2021-12-08 16:22:54,263 [pool-278-thread-1] INFO  server.RaftServerConfigKeys (ConfUtils.java:logGet(44)) - raft.server.log.statemachine.data.sync = true (default)
2021-12-08 16:22:54,263 [pool-278-thread-1] INFO  server.RaftServerConfigKeys (ConfUtils.java:logGet(44)) - raft.server.log.statemachine.data.sync.timeout = 10s (default)
2021-12-08 16:22:54,263 [pool-278-thread-1] INFO  server.RaftServerConfigKeys (ConfUtils.java:logGet(44)) - raft.server.log.statemachine.data.sync.timeout.retry = -1 (default)
2021-12-08 16:22:54,264 [pool-278-thread-1] INFO  server.RaftServerConfigKeys (ConfUtils.java:logGet(44)) - raft.server.log.write.buffer.size = 1048576 (custom)
2021-12-08 16:22:54,264 [pool-278-thread-1] INFO  server.RaftServerConfigKeys (ConfUtils.java:logGet(44)) - raft.server.log.statemachine.data.caching.enabled = true (custom)
2021-12-08 16:22:54,265 [pool-278-thread-1] INFO  segmented.SegmentedRaftLogWorker (SegmentedRaftLogWorker.java:lambda$new$0(133)) - d711cf8e-9345-4010-b204-37d4bd542fc0@group-46DB46A971F0-SegmentedRaftLogWorker: flushIndex: setUnconditionally 0 -> -1
2021-12-08 16:22:54,265 [pool-278-thread-1] INFO  segmented.SegmentedRaftLogWorker (SegmentedRaftLogWorker.java:lambda$new$0(133)) - d711cf8e-9345-4010-b204-37d4bd542fc0@group-46DB46A971F0-SegmentedRaftLogWorker: safeCacheEvictIndex: setUnconditionally 0 -> -1
2021-12-08 16:22:54,273 [pool-278-thread-1] INFO  server.RaftServerConfigKeys (ConfUtils.java:logGet(44)) - raft.server.snapshot.auto.trigger.enabled = true (custom)
2021-12-08 16:22:54,273 [pool-278-thread-1] INFO  server.RaftServerConfigKeys (ConfUtils.java:logGet(44)) - raft.server.snapshot.auto.trigger.threshold = 10000 (custom)
2021-12-08 16:22:54,273 [pool-278-thread-1] INFO  server.RaftServerConfigKeys (ConfUtils.java:logGet(44)) - raft.server.snapshot.retention.file.num = 5 (custom)
2021-12-08 16:22:54,273 [pool-278-thread-1] INFO  server.RaftServerConfigKeys (ConfUtils.java:logGet(44)) - raft.server.log.purge.upto.snapshot.index = false (default)
2021-12-08 16:22:54,273 [pool-278-thread-1] INFO  server.RaftServerConfigKeys (ConfUtils.java:logGet(44)) - raft.server.retrycache.expirytime = 600000ms (custom)
2021-12-08 16:22:54,273 [pool-278-thread-1] INFO  server.RaftServerConfigKeys (ConfUtils.java:logGet(44)) - raft.server.retrycache.statistics.expirytime = 100μs (default)
2021-12-08 16:22:54,273 [EventQueue-OpenPipelineForHealthyPipelineSafeModeRule] INFO  safemode.SCMSafeModeManager (HealthyPipelineSafeModeRule.java:process(124)) - SCM in safe mode. Healthy pipelines reported count is 0, required healthy pipeline reported count is 1
2021-12-08 16:22:54,274 [pool-278-thread-1] INFO  server.RaftServer$Division (RaftServerImpl.java:start(301)) - d711cf8e-9345-4010-b204-37d4bd542fc0@group-46DB46A971F0: start as a follower, conf=-1: [d711cf8e-9345-4010-b204-37d4bd542fc0|rpc:127.0.0.1:34071|priority:0, f2502c96-9954-480b-931a-1e321ebf221a|rpc:127.0.0.1:40135|priority:1, 21742dd4-f00f-4901-aa0f-47c4214f17a6|rpc:127.0.0.1:43053|priority:0], old=null
2021-12-08 16:22:54,274 [pool-278-thread-1] INFO  server.RaftServer$Division (RaftServerImpl.java:setRole(290)) - d711cf8e-9345-4010-b204-37d4bd542fc0@group-46DB46A971F0: changes role from      null to FOLLOWER at term 0 for startAsFollower
2021-12-08 16:22:54,274 [pool-278-thread-1] INFO  impl.RoleInfo (RoleInfo.java:updateAndGet(130)) - d711cf8e-9345-4010-b204-37d4bd542fc0: start d711cf8e-9345-4010-b204-37d4bd542fc0@group-46DB46A971F0-FollowerState
2021-12-08 16:22:54,283 [pool-278-thread-1] INFO  util.JmxRegister (JmxRegister.java:tryRegister(44)) - Successfully registered JMX Bean with object name Ratis:service=RaftServer,group=group-46DB46A971F0,id=d711cf8e-9345-4010-b204-37d4bd542fc0
2021-12-08 16:22:54,295 [Command processor thread] INFO  ratis.XceiverServerRatis (XceiverServerRatis.java:addGroup(768)) - Created group PipelineID=96802253-8d0b-4ccf-bb32-46db46a971f0
2021-12-08 16:22:54,324 [grpc-default-executor-0] INFO  server.RaftServer (RaftServerProxy.java:addNew(95)) - 21742dd4-f00f-4901-aa0f-47c4214f17a6: addNew group-46DB46A971F0:[d711cf8e-9345-4010-b204-37d4bd542fc0|rpc:127.0.0.1:34071|dataStream:|priority:0, f2502c96-9954-480b-931a-1e321ebf221a|rpc:127.0.0.1:40135|dataStream:|priority:1, 21742dd4-f00f-4901-aa0f-47c4214f17a6|rpc:127.0.0.1:43053|dataStream:|priority:0] returns group-46DB46A971F0:java.util.concurrent.CompletableFuture@5842ba09[Not completed]
2021-12-08 16:22:54,340 [pool-320-thread-1] INFO  server.RaftServer$Division (RaftServerImpl.java:<init>(184)) - 21742dd4-f00f-4901-aa0f-47c4214f17a6: new RaftServerImpl for group-46DB46A971F0:[d711cf8e-9345-4010-b204-37d4bd542fc0|rpc:127.0.0.1:34071|dataStream:|priority:0, f2502c96-9954-480b-931a-1e321ebf221a|rpc:127.0.0.1:40135|dataStream:|priority:1, 21742dd4-f00f-4901-aa0f-47c4214f17a6|rpc:127.0.0.1:43053|dataStream:|priority:0] with ContainerStateMachine:uninitialized
2021-12-08 16:22:54,341 [pool-320-thread-1] INFO  server.RaftServerConfigKeys (ConfUtils.java:logGet(44)) - raft.server.rpc.timeout.min = 5s (custom)
2021-12-08 16:22:54,341 [pool-320-thread-1] INFO  server.RaftServerConfigKeys (ConfUtils.java:logGet(44)) - raft.server.rpc.timeout.max = 5200ms (custom)
2021-12-08 16:22:54,342 [pool-320-thread-1] INFO  server.RaftServerConfigKeys (ConfUtils.java:logGet(44)) - raft.server.rpc.sleep.time = 25ms (default)
2021-12-08 16:22:54,342 [pool-320-thread-1] INFO  server.RaftServerConfigKeys (ConfUtils.java:logGet(44)) - raft.server.rpc.slowness.timeout = 300s (custom)
2021-12-08 16:22:54,342 [pool-320-thread-1] INFO  server.RaftServerConfigKeys (ConfUtils.java:logGet(44)) - raft.server.leaderelection.leader.step-down.wait-time = 10s (default)
2021-12-08 16:22:54,342 [pool-320-thread-1] INFO  server.RaftServerConfigKeys (ConfUtils.java:logGet(44)) - raft.server.sleep.deviation.threshold = 300ms (default)
2021-12-08 16:22:54,342 [pool-320-thread-1] INFO  server.RaftServerConfigKeys (ConfUtils.java:logGet(44)) - raft.server.log.appender.install.snapshot.enabled = false (custom)
2021-12-08 16:22:54,342 [pool-320-thread-1] INFO  server.RaftServer$Division (ServerState.java:<init>(105)) - 21742dd4-f00f-4901-aa0f-47c4214f17a6@group-46DB46A971F0: ConfigurationManager, init=-1: [d711cf8e-9345-4010-b204-37d4bd542fc0|rpc:127.0.0.1:34071|dataStream:|priority:0, f2502c96-9954-480b-931a-1e321ebf221a|rpc:127.0.0.1:40135|dataStream:|priority:1, 21742dd4-f00f-4901-aa0f-47c4214f17a6|rpc:127.0.0.1:43053|dataStream:|priority:0], old=null, confs=<EMPTY_MAP>
2021-12-08 16:22:54,342 [pool-320-thread-1] INFO  server.RaftServerConfigKeys (ConfUtils.java:logGet(44)) - raft.server.storage.dir = [/home/runner/work/ozone/ozone/hadoop-ozone/integration-test/target/test-dir/MiniOzoneClusterImpl-871b6dc8-7d19-4806-8910-93507a544922/datanode-2/data/ratis] (custom)
2021-12-08 16:22:54,342 [pool-320-thread-1] INFO  server.RaftServerConfigKeys (ConfUtils.java:logGet(44)) - raft.server.log.corruption.policy = EXCEPTION (default)
2021-12-08 16:22:54,342 [pool-320-thread-1] INFO  server.RaftServerConfigKeys (ConfUtils.java:logGet(44)) - raft.server.storage.free-space.min = 0MB (=0) (default)
2021-12-08 16:22:54,342 [pool-320-thread-1] INFO  storage.RaftStorageDirectory (RaftStorageDirectoryImpl.java:analyzeStorage(135)) - The storage directory /home/runner/work/ozone/ozone/hadoop-ozone/integration-test/target/test-dir/MiniOzoneClusterImpl-871b6dc8-7d19-4806-8910-93507a544922/datanode-2/data/ratis/96802253-8d0b-4ccf-bb32-46db46a971f0 does not exist. Creating ...
2021-12-08 16:22:54,344 [pool-320-thread-1] INFO  storage.RaftStorageDirectory (RaftStorageDirectoryImpl.java:tryLock(230)) - Lock on /home/runner/work/ozone/ozone/hadoop-ozone/integration-test/target/test-dir/MiniOzoneClusterImpl-871b6dc8-7d19-4806-8910-93507a544922/datanode-2/data/ratis/96802253-8d0b-4ccf-bb32-46db46a971f0/in_use.lock acquired by nodename 1098@fv-az294-221
2021-12-08 16:22:54,345 [pool-320-thread-1] INFO  storage.RaftStorage (RaftStorageImpl.java:format(89)) - Storage directory /home/runner/work/ozone/ozone/hadoop-ozone/integration-test/target/test-dir/MiniOzoneClusterImpl-871b6dc8-7d19-4806-8910-93507a544922/datanode-2/data/ratis/96802253-8d0b-4ccf-bb32-46db46a971f0 has been successfully formatted.
2021-12-08 16:22:54,347 [pool-320-thread-1] INFO  ratis.ContainerStateMachine (ContainerStateMachine.java:loadSnapshot(231)) - group-46DB46A971F0: The snapshot info is null. Setting the last applied indexto:(t:0, i:~)
2021-12-08 16:22:54,347 [pool-320-thread-1] INFO  server.RaftServerConfigKeys (ConfUtils.java:logGet(44)) - raft.server.notification.no-leader.timeout = 300s (custom)
2021-12-08 16:22:54,347 [pool-320-thread-1] INFO  server.RaftServerConfigKeys (ConfUtils.java:logGet(44)) - raft.server.log.use.memory = false (default)
2021-12-08 16:22:54,347 [pool-320-thread-1] INFO  server.RaftServerConfigKeys (ConfUtils.java:logGet(44)) - raft.server.log.purge.gap = 1000000 (custom)
2021-12-08 16:22:54,348 [pool-320-thread-1] INFO  server.RaftServerConfigKeys (ConfUtils.java:logGet(44)) - raft.server.log.appender.buffer.byte-limit = 33554432 (custom)
2021-12-08 16:22:54,348 [pool-320-thread-1] INFO  server.RaftServerConfigKeys (ConfUtils.java:logGet(44)) - raft.server.log.segment.size.max = 1048576 (custom)
2021-12-08 16:22:54,348 [pool-320-thread-1] INFO  server.RaftServerConfigKeys (ConfUtils.java:logGet(44)) - raft.server.log.segment.cache.num.max = 2 (custom)
2021-12-08 16:22:54,348 [pool-320-thread-1] INFO  server.RaftServerConfigKeys (ConfUtils.java:logGet(44)) - raft.server.log.segment.cache.size.max = 200MB (=209715200) (default)
2021-12-08 16:22:54,348 [pool-320-thread-1] INFO  segmented.SegmentedRaftLogWorker (SegmentedRaftLogWorker.java:<init>(182)) - new 21742dd4-f00f-4901-aa0f-47c4214f17a6@group-46DB46A971F0-SegmentedRaftLogWorker for RaftStorageImpl:Storage Directory /home/runner/work/ozone/ozone/hadoop-ozone/integration-test/target/test-dir/MiniOzoneClusterImpl-871b6dc8-7d19-4806-8910-93507a544922/datanode-2/data/ratis/96802253-8d0b-4ccf-bb32-46db46a971f0
2021-12-08 16:22:54,348 [pool-320-thread-1] INFO  server.RaftServerConfigKeys (ConfUtils.java:logGet(44)) - raft.server.log.queue.byte-limit = 2147483647 (custom)
2021-12-08 16:22:54,349 [pool-320-thread-1] INFO  server.RaftServerConfigKeys (ConfUtils.java:logGet(44)) - raft.server.log.queue.element-limit = 1024 (custom)
2021-12-08 16:22:54,349 [pool-320-thread-1] INFO  server.RaftServerConfigKeys (ConfUtils.java:logGet(44)) - raft.server.log.segment.size.max = 1048576 (custom)
2021-12-08 16:22:54,349 [pool-320-thread-1] INFO  server.RaftServerConfigKeys (ConfUtils.java:logGet(44)) - raft.server.log.preallocated.size = 16384 (custom)
2021-12-08 16:22:54,350 [pool-320-thread-1] INFO  server.RaftServerConfigKeys (ConfUtils.java:logGet(44)) - raft.server.log.force.sync.num = 128 (default)
2021-12-08 16:22:54,350 [pool-320-thread-1] INFO  server.RaftServerConfigKeys (ConfUtils.java:logGet(44)) - raft.server.log.statemachine.data.sync = true (default)
2021-12-08 16:22:54,350 [pool-320-thread-1] INFO  server.RaftServerConfigKeys (ConfUtils.java:logGet(44)) - raft.server.log.statemachine.data.sync.timeout = 10s (default)
2021-12-08 16:22:54,350 [pool-320-thread-1] INFO  server.RaftServerConfigKeys (ConfUtils.java:logGet(44)) - raft.server.log.statemachine.data.sync.timeout.retry = -1 (default)
2021-12-08 16:22:54,363 [pool-320-thread-1] INFO  server.RaftServerConfigKeys (ConfUtils.java:logGet(44)) - raft.server.log.write.buffer.size = 1048576 (custom)
2021-12-08 16:22:54,367 [pool-320-thread-1] INFO  server.RaftServerConfigKeys (ConfUtils.java:logGet(44)) - raft.server.log.statemachine.data.caching.enabled = true (custom)
2021-12-08 16:22:54,367 [pool-320-thread-1] INFO  segmented.SegmentedRaftLogWorker (SegmentedRaftLogWorker.java:lambda$new$0(133)) - 21742dd4-f00f-4901-aa0f-47c4214f17a6@group-46DB46A971F0-SegmentedRaftLogWorker: flushIndex: setUnconditionally 0 -> -1
2021-12-08 16:22:54,367 [pool-320-thread-1] INFO  segmented.SegmentedRaftLogWorker (SegmentedRaftLogWorker.java:lambda$new$0(133)) - 21742dd4-f00f-4901-aa0f-47c4214f17a6@group-46DB46A971F0-SegmentedRaftLogWorker: safeCacheEvictIndex: setUnconditionally 0 -> -1
2021-12-08 16:22:54,369 [pool-320-thread-1] INFO  server.RaftServerConfigKeys (ConfUtils.java:logGet(44)) - raft.server.snapshot.auto.trigger.enabled = true (custom)
2021-12-08 16:22:54,369 [pool-320-thread-1] INFO  server.RaftServerConfigKeys (ConfUtils.java:logGet(44)) - raft.server.snapshot.auto.trigger.threshold = 10000 (custom)
2021-12-08 16:22:54,369 [pool-320-thread-1] INFO  server.RaftServerConfigKeys (ConfUtils.java:logGet(44)) - raft.server.snapshot.retention.file.num = 5 (custom)
2021-12-08 16:22:54,369 [pool-320-thread-1] INFO  server.RaftServerConfigKeys (ConfUtils.java:logGet(44)) - raft.server.log.purge.upto.snapshot.index = false (default)
2021-12-08 16:22:54,369 [pool-320-thread-1] INFO  server.RaftServerConfigKeys (ConfUtils.java:logGet(44)) - raft.server.retrycache.expirytime = 600000ms (custom)
2021-12-08 16:22:54,369 [pool-320-thread-1] INFO  server.RaftServerConfigKeys (ConfUtils.java:logGet(44)) - raft.server.retrycache.statistics.expirytime = 100μs (default)
2021-12-08 16:22:54,370 [pool-320-thread-1] INFO  server.RaftServer$Division (RaftServerImpl.java:start(301)) - 21742dd4-f00f-4901-aa0f-47c4214f17a6@group-46DB46A971F0: start as a follower, conf=-1: [d711cf8e-9345-4010-b204-37d4bd542fc0|rpc:127.0.0.1:34071|dataStream:|priority:0, f2502c96-9954-480b-931a-1e321ebf221a|rpc:127.0.0.1:40135|dataStream:|priority:1, 21742dd4-f00f-4901-aa0f-47c4214f17a6|rpc:127.0.0.1:43053|dataStream:|priority:0], old=null
2021-12-08 16:22:54,370 [pool-320-thread-1] INFO  server.RaftServer$Division (RaftServerImpl.java:setRole(290)) - 21742dd4-f00f-4901-aa0f-47c4214f17a6@group-46DB46A971F0: changes role from      null to FOLLOWER at term 0 for startAsFollower
2021-12-08 16:22:54,370 [pool-320-thread-1] INFO  impl.RoleInfo (RoleInfo.java:updateAndGet(130)) - 21742dd4-f00f-4901-aa0f-47c4214f17a6: start 21742dd4-f00f-4901-aa0f-47c4214f17a6@group-46DB46A971F0-FollowerState
2021-12-08 16:22:54,386 [pool-320-thread-1] INFO  util.JmxRegister (JmxRegister.java:tryRegister(44)) - Successfully registered JMX Bean with object name Ratis:service=RaftServer,group=group-46DB46A971F0,id=21742dd4-f00f-4901-aa0f-47c4214f17a6
2021-12-08 16:22:54,425 [grpc-default-executor-0] INFO  server.RaftServer (RaftServerProxy.java:addNew(95)) - f2502c96-9954-480b-931a-1e321ebf221a: addNew group-46DB46A971F0:[d711cf8e-9345-4010-b204-37d4bd542fc0|rpc:127.0.0.1:34071|dataStream:|priority:0, f2502c96-9954-480b-931a-1e321ebf221a|rpc:127.0.0.1:40135|dataStream:|priority:1, 21742dd4-f00f-4901-aa0f-47c4214f17a6|rpc:127.0.0.1:43053|dataStream:|priority:0] returns group-46DB46A971F0:java.util.concurrent.CompletableFuture@42cfe9cf[Not completed]
2021-12-08 16:22:54,426 [pool-299-thread-1] INFO  server.RaftServer$Division (RaftServerImpl.java:<init>(184)) - f2502c96-9954-480b-931a-1e321ebf221a: new RaftServerImpl for group-46DB46A971F0:[d711cf8e-9345-4010-b204-37d4bd542fc0|rpc:127.0.0.1:34071|dataStream:|priority:0, f2502c96-9954-480b-931a-1e321ebf221a|rpc:127.0.0.1:40135|dataStream:|priority:1, 21742dd4-f00f-4901-aa0f-47c4214f17a6|rpc:127.0.0.1:43053|dataStream:|priority:0] with ContainerStateMachine:uninitialized
2021-12-08 16:22:54,431 [pool-299-thread-1] INFO  server.RaftServerConfigKeys (ConfUtils.java:logGet(44)) - raft.server.rpc.timeout.min = 5s (custom)
2021-12-08 16:22:54,431 [pool-299-thread-1] INFO  server.RaftServerConfigKeys (ConfUtils.java:logGet(44)) - raft.server.rpc.timeout.max = 5200ms (custom)
2021-12-08 16:22:54,431 [pool-299-thread-1] INFO  server.RaftServerConfigKeys (ConfUtils.java:logGet(44)) - raft.server.rpc.sleep.time = 25ms (default)
2021-12-08 16:22:54,432 [pool-299-thread-1] INFO  server.RaftServerConfigKeys (ConfUtils.java:logGet(44)) - raft.server.rpc.slowness.timeout = 300s (custom)
2021-12-08 16:22:54,432 [pool-299-thread-1] INFO  server.RaftServerConfigKeys (ConfUtils.java:logGet(44)) - raft.server.leaderelection.leader.step-down.wait-time = 10s (default)
2021-12-08 16:22:54,432 [pool-299-thread-1] INFO  server.RaftServerConfigKeys (ConfUtils.java:logGet(44)) - raft.server.sleep.deviation.threshold = 300ms (default)
2021-12-08 16:22:54,432 [pool-299-thread-1] INFO  server.RaftServerConfigKeys (ConfUtils.java:logGet(44)) - raft.server.log.appender.install.snapshot.enabled = false (custom)
2021-12-08 16:22:54,432 [pool-299-thread-1] INFO  server.RaftServer$Division (ServerState.java:<init>(105)) - f2502c96-9954-480b-931a-1e321ebf221a@group-46DB46A971F0: ConfigurationManager, init=-1: [d711cf8e-9345-4010-b204-37d4bd542fc0|rpc:127.0.0.1:34071|dataStream:|priority:0, f2502c96-9954-480b-931a-1e321ebf221a|rpc:127.0.0.1:40135|dataStream:|priority:1, 21742dd4-f00f-4901-aa0f-47c4214f17a6|rpc:127.0.0.1:43053|dataStream:|priority:0], old=null, confs=<EMPTY_MAP>
2021-12-08 16:22:54,432 [pool-299-thread-1] INFO  server.RaftServerConfigKeys (ConfUtils.java:logGet(44)) - raft.server.storage.dir = [/home/runner/work/ozone/ozone/hadoop-ozone/integration-test/target/test-dir/MiniOzoneClusterImpl-871b6dc8-7d19-4806-8910-93507a544922/datanode-1/data/ratis] (custom)
2021-12-08 16:22:54,432 [pool-299-thread-1] INFO  server.RaftServerConfigKeys (ConfUtils.java:logGet(44)) - raft.server.log.corruption.policy = EXCEPTION (default)
2021-12-08 16:22:54,432 [pool-299-thread-1] INFO  server.RaftServerConfigKeys (ConfUtils.java:logGet(44)) - raft.server.storage.free-space.min = 0MB (=0) (default)
2021-12-08 16:22:54,432 [pool-299-thread-1] INFO  storage.RaftStorageDirectory (RaftStorageDirectoryImpl.java:analyzeStorage(135)) - The storage directory /home/runner/work/ozone/ozone/hadoop-ozone/integration-test/target/test-dir/MiniOzoneClusterImpl-871b6dc8-7d19-4806-8910-93507a544922/datanode-1/data/ratis/96802253-8d0b-4ccf-bb32-46db46a971f0 does not exist. Creating ...
2021-12-08 16:22:54,433 [pool-299-thread-1] INFO  storage.RaftStorageDirectory (RaftStorageDirectoryImpl.java:tryLock(230)) - Lock on /home/runner/work/ozone/ozone/hadoop-ozone/integration-test/target/test-dir/MiniOzoneClusterImpl-871b6dc8-7d19-4806-8910-93507a544922/datanode-1/data/ratis/96802253-8d0b-4ccf-bb32-46db46a971f0/in_use.lock acquired by nodename 1098@fv-az294-221
2021-12-08 16:22:54,436 [pool-299-thread-1] INFO  storage.RaftStorage (RaftStorageImpl.java:format(89)) - Storage directory /home/runner/work/ozone/ozone/hadoop-ozone/integration-test/target/test-dir/MiniOzoneClusterImpl-871b6dc8-7d19-4806-8910-93507a544922/datanode-1/data/ratis/96802253-8d0b-4ccf-bb32-46db46a971f0 has been successfully formatted.
2021-12-08 16:22:54,437 [pool-299-thread-1] INFO  ratis.ContainerStateMachine (ContainerStateMachine.java:loadSnapshot(231)) - group-46DB46A971F0: The snapshot info is null. Setting the last applied indexto:(t:0, i:~)
2021-12-08 16:22:54,437 [pool-299-thread-1] INFO  server.RaftServerConfigKeys (ConfUtils.java:logGet(44)) - raft.server.notification.no-leader.timeout = 300s (custom)
2021-12-08 16:22:54,437 [pool-299-thread-1] INFO  server.RaftServerConfigKeys (ConfUtils.java:logGet(44)) - raft.server.log.use.memory = false (default)
2021-12-08 16:22:54,438 [pool-299-thread-1] INFO  server.RaftServerConfigKeys (ConfUtils.java:logGet(44)) - raft.server.log.purge.gap = 1000000 (custom)
2021-12-08 16:22:54,438 [pool-299-thread-1] INFO  server.RaftServerConfigKeys (ConfUtils.java:logGet(44)) - raft.server.log.appender.buffer.byte-limit = 33554432 (custom)
2021-12-08 16:22:54,439 [pool-299-thread-1] INFO  server.RaftServerConfigKeys (ConfUtils.java:logGet(44)) - raft.server.log.segment.size.max = 1048576 (custom)
2021-12-08 16:22:54,440 [pool-299-thread-1] INFO  server.RaftServerConfigKeys (ConfUtils.java:logGet(44)) - raft.server.log.segment.cache.num.max = 2 (custom)
2021-12-08 16:22:54,440 [pool-299-thread-1] INFO  server.RaftServerConfigKeys (ConfUtils.java:logGet(44)) - raft.server.log.segment.cache.size.max = 200MB (=209715200) (default)
2021-12-08 16:22:54,440 [pool-299-thread-1] INFO  segmented.SegmentedRaftLogWorker (SegmentedRaftLogWorker.java:<init>(182)) - new f2502c96-9954-480b-931a-1e321ebf221a@group-46DB46A971F0-SegmentedRaftLogWorker for RaftStorageImpl:Storage Directory /home/runner/work/ozone/ozone/hadoop-ozone/integration-test/target/test-dir/MiniOzoneClusterImpl-871b6dc8-7d19-4806-8910-93507a544922/datanode-1/data/ratis/96802253-8d0b-4ccf-bb32-46db46a971f0
2021-12-08 16:22:54,440 [pool-299-thread-1] INFO  server.RaftServerConfigKeys (ConfUtils.java:logGet(44)) - raft.server.log.queue.byte-limit = 2147483647 (custom)
2021-12-08 16:22:54,440 [pool-299-thread-1] INFO  server.RaftServerConfigKeys (ConfUtils.java:logGet(44)) - raft.server.log.queue.element-limit = 1024 (custom)
2021-12-08 16:22:54,441 [pool-299-thread-1] INFO  server.RaftServerConfigKeys (ConfUtils.java:logGet(44)) - raft.server.log.segment.size.max = 1048576 (custom)
2021-12-08 16:22:54,441 [pool-299-thread-1] INFO  server.RaftServerConfigKeys (ConfUtils.java:logGet(44)) - raft.server.log.preallocated.size = 16384 (custom)
2021-12-08 16:22:54,441 [pool-299-thread-1] INFO  server.RaftServerConfigKeys (ConfUtils.java:logGet(44)) - raft.server.log.force.sync.num = 128 (default)
2021-12-08 16:22:54,441 [pool-299-thread-1] INFO  server.RaftServerConfigKeys (ConfUtils.java:logGet(44)) - raft.server.log.statemachine.data.sync = true (default)
2021-12-08 16:22:54,441 [pool-299-thread-1] INFO  server.RaftServerConfigKeys (ConfUtils.java:logGet(44)) - raft.server.log.statemachine.data.sync.timeout = 10s (default)
2021-12-08 16:22:54,441 [pool-299-thread-1] INFO  server.RaftServerConfigKeys (ConfUtils.java:logGet(44)) - raft.server.log.statemachine.data.sync.timeout.retry = -1 (default)
2021-12-08 16:22:54,442 [pool-299-thread-1] INFO  server.RaftServerConfigKeys (ConfUtils.java:logGet(44)) - raft.server.log.write.buffer.size = 1048576 (custom)
2021-12-08 16:22:54,442 [pool-299-thread-1] INFO  server.RaftServerConfigKeys (ConfUtils.java:logGet(44)) - raft.server.log.statemachine.data.caching.enabled = true (custom)
2021-12-08 16:22:54,442 [pool-299-thread-1] INFO  segmented.SegmentedRaftLogWorker (SegmentedRaftLogWorker.java:lambda$new$0(133)) - f2502c96-9954-480b-931a-1e321ebf221a@group-46DB46A971F0-SegmentedRaftLogWorker: flushIndex: setUnconditionally 0 -> -1
2021-12-08 16:22:54,442 [pool-299-thread-1] INFO  segmented.SegmentedRaftLogWorker (SegmentedRaftLogWorker.java:lambda$new$0(133)) - f2502c96-9954-480b-931a-1e321ebf221a@group-46DB46A971F0-SegmentedRaftLogWorker: safeCacheEvictIndex: setUnconditionally 0 -> -1
2021-12-08 16:22:54,443 [pool-299-thread-1] INFO  server.RaftServerConfigKeys (ConfUtils.java:logGet(44)) - raft.server.snapshot.auto.trigger.enabled = true (custom)
2021-12-08 16:22:54,443 [pool-299-thread-1] INFO  server.RaftServerConfigKeys (ConfUtils.java:logGet(44)) - raft.server.snapshot.auto.trigger.threshold = 10000 (custom)
2021-12-08 16:22:54,443 [pool-299-thread-1] INFO  server.RaftServerConfigKeys (ConfUtils.java:logGet(44)) - raft.server.snapshot.retention.file.num = 5 (custom)
2021-12-08 16:22:54,443 [pool-299-thread-1] INFO  server.RaftServerConfigKeys (ConfUtils.java:logGet(44)) - raft.server.log.purge.upto.snapshot.index = false (default)
2021-12-08 16:22:54,443 [pool-299-thread-1] INFO  server.RaftServerConfigKeys (ConfUtils.java:logGet(44)) - raft.server.retrycache.expirytime = 600000ms (custom)
2021-12-08 16:22:54,443 [pool-299-thread-1] INFO  server.RaftServerConfigKeys (ConfUtils.java:logGet(44)) - raft.server.retrycache.statistics.expirytime = 100μs (default)
2021-12-08 16:22:54,444 [pool-299-thread-1] INFO  server.RaftServer$Division (RaftServerImpl.java:start(301)) - f2502c96-9954-480b-931a-1e321ebf221a@group-46DB46A971F0: start as a follower, conf=-1: [d711cf8e-9345-4010-b204-37d4bd542fc0|rpc:127.0.0.1:34071|dataStream:|priority:0, f2502c96-9954-480b-931a-1e321ebf221a|rpc:127.0.0.1:40135|dataStream:|priority:1, 21742dd4-f00f-4901-aa0f-47c4214f17a6|rpc:127.0.0.1:43053|dataStream:|priority:0], old=null
2021-12-08 16:22:54,444 [pool-299-thread-1] INFO  server.RaftServer$Division (RaftServerImpl.java:setRole(290)) - f2502c96-9954-480b-931a-1e321ebf221a@group-46DB46A971F0: changes role from      null to FOLLOWER at term 0 for startAsFollower
2021-12-08 16:22:54,444 [pool-299-thread-1] INFO  impl.RoleInfo (RoleInfo.java:updateAndGet(130)) - f2502c96-9954-480b-931a-1e321ebf221a: start f2502c96-9954-480b-931a-1e321ebf221a@group-46DB46A971F0-FollowerState
2021-12-08 16:22:54,444 [pool-299-thread-1] INFO  util.JmxRegister (JmxRegister.java:tryRegister(44)) - Successfully registered JMX Bean with object name Ratis:service=RaftServer,group=group-46DB46A971F0,id=f2502c96-9954-480b-931a-1e321ebf221a
2021-12-08 16:22:54,459 [Command processor thread] INFO  commandhandler.CreatePipelineCommandHandler (CreatePipelineCommandHandler.java:handle(106)) - Created Pipeline RATIS THREE PipelineID=96802253-8d0b-4ccf-bb32-46db46a971f0.
2021-12-08 16:22:54,460 [Command processor thread] INFO  server.RaftServer (RaftServerProxy.java:addNew(95)) - d711cf8e-9345-4010-b204-37d4bd542fc0: addNew group-AEFA5F9DF58D:[d711cf8e-9345-4010-b204-37d4bd542fc0|rpc:127.0.0.1:34071|priority:0, f2502c96-9954-480b-931a-1e321ebf221a|rpc:127.0.0.1:40135|priority:0, 21742dd4-f00f-4901-aa0f-47c4214f17a6|rpc:127.0.0.1:43053|priority:1] returns group-AEFA5F9DF58D:java.util.concurrent.CompletableFuture@17dcd5ce[Not completed]
2021-12-08 16:22:54,461 [pool-278-thread-1] INFO  server.RaftServer$Division (RaftServerImpl.java:<init>(184)) - d711cf8e-9345-4010-b204-37d4bd542fc0: new RaftServerImpl for group-AEFA5F9DF58D:[d711cf8e-9345-4010-b204-37d4bd542fc0|rpc:127.0.0.1:34071|priority:0, f2502c96-9954-480b-931a-1e321ebf221a|rpc:127.0.0.1:40135|priority:0, 21742dd4-f00f-4901-aa0f-47c4214f17a6|rpc:127.0.0.1:43053|priority:1] with ContainerStateMachine:uninitialized
2021-12-08 16:22:54,461 [pool-278-thread-1] INFO  server.RaftServerConfigKeys (ConfUtils.java:logGet(44)) - raft.server.rpc.timeout.min = 5s (custom)
2021-12-08 16:22:54,461 [pool-278-thread-1] INFO  server.RaftServerConfigKeys (ConfUtils.java:logGet(44)) - raft.server.rpc.timeout.max = 5200ms (custom)
2021-12-08 16:22:54,461 [pool-278-thread-1] INFO  server.RaftServerConfigKeys (ConfUtils.java:logGet(44)) - raft.server.rpc.sleep.time = 25ms (default)
2021-12-08 16:22:54,461 [pool-278-thread-1] INFO  server.RaftServerConfigKeys (ConfUtils.java:logGet(44)) - raft.server.rpc.slowness.timeout = 300s (custom)
2021-12-08 16:22:54,461 [pool-278-thread-1] INFO  server.RaftServerConfigKeys (ConfUtils.java:logGet(44)) - raft.server.leaderelection.leader.step-down.wait-time = 10s (default)
2021-12-08 16:22:54,461 [pool-278-thread-1] INFO  server.RaftServerConfigKeys (ConfUtils.java:logGet(44)) - raft.server.sleep.deviation.threshold = 300ms (default)
2021-12-08 16:22:54,461 [pool-278-thread-1] INFO  server.RaftServerConfigKeys (ConfUtils.java:logGet(44)) - raft.server.log.appender.install.snapshot.enabled = false (custom)
2021-12-08 16:22:54,461 [pool-278-thread-1] INFO  server.RaftServer$Division (ServerState.java:<init>(105)) - d711cf8e-9345-4010-b204-37d4bd542fc0@group-AEFA5F9DF58D: ConfigurationManager, init=-1: [d711cf8e-9345-4010-b204-37d4bd542fc0|rpc:127.0.0.1:34071|priority:0, f2502c96-9954-480b-931a-1e321ebf221a|rpc:127.0.0.1:40135|priority:0, 21742dd4-f00f-4901-aa0f-47c4214f17a6|rpc:127.0.0.1:43053|priority:1], old=null, confs=<EMPTY_MAP>
2021-12-08 16:22:54,461 [pool-278-thread-1] INFO  server.RaftServerConfigKeys (ConfUtils.java:logGet(44)) - raft.server.storage.dir = [/home/runner/work/ozone/ozone/hadoop-ozone/integration-test/target/test-dir/MiniOzoneClusterImpl-871b6dc8-7d19-4806-8910-93507a544922/datanode-0/data/ratis] (custom)
2021-12-08 16:22:54,461 [pool-278-thread-1] INFO  server.RaftServerConfigKeys (ConfUtils.java:logGet(44)) - raft.server.log.corruption.policy = EXCEPTION (default)
2021-12-08 16:22:54,461 [pool-278-thread-1] INFO  server.RaftServerConfigKeys (ConfUtils.java:logGet(44)) - raft.server.storage.free-space.min = 0MB (=0) (default)
2021-12-08 16:22:54,461 [pool-278-thread-1] INFO  storage.RaftStorageDirectory (RaftStorageDirectoryImpl.java:analyzeStorage(135)) - The storage directory /home/runner/work/ozone/ozone/hadoop-ozone/integration-test/target/test-dir/MiniOzoneClusterImpl-871b6dc8-7d19-4806-8910-93507a544922/datanode-0/data/ratis/6645bf4e-6893-4079-b731-aefa5f9df58d does not exist. Creating ...
2021-12-08 16:22:54,463 [pool-278-thread-1] INFO  storage.RaftStorageDirectory (RaftStorageDirectoryImpl.java:tryLock(230)) - Lock on /home/runner/work/ozone/ozone/hadoop-ozone/integration-test/target/test-dir/MiniOzoneClusterImpl-871b6dc8-7d19-4806-8910-93507a544922/datanode-0/data/ratis/6645bf4e-6893-4079-b731-aefa5f9df58d/in_use.lock acquired by nodename 1098@fv-az294-221
2021-12-08 16:22:54,464 [pool-278-thread-1] INFO  storage.RaftStorage (RaftStorageImpl.java:format(89)) - Storage directory /home/runner/work/ozone/ozone/hadoop-ozone/integration-test/target/test-dir/MiniOzoneClusterImpl-871b6dc8-7d19-4806-8910-93507a544922/datanode-0/data/ratis/6645bf4e-6893-4079-b731-aefa5f9df58d has been successfully formatted.
2021-12-08 16:22:54,464 [pool-278-thread-1] INFO  ratis.ContainerStateMachine (ContainerStateMachine.java:loadSnapshot(231)) - group-AEFA5F9DF58D: The snapshot info is null. Setting the last applied indexto:(t:0, i:~)
2021-12-08 16:22:54,465 [pool-278-thread-1] INFO  server.RaftServerConfigKeys (ConfUtils.java:logGet(44)) - raft.server.notification.no-leader.timeout = 300s (custom)
2021-12-08 16:22:54,465 [pool-278-thread-1] INFO  server.RaftServerConfigKeys (ConfUtils.java:logGet(44)) - raft.server.log.use.memory = false (default)
2021-12-08 16:22:54,465 [pool-278-thread-1] INFO  server.RaftServerConfigKeys (ConfUtils.java:logGet(44)) - raft.server.log.purge.gap = 1000000 (custom)
2021-12-08 16:22:54,465 [pool-278-thread-1] INFO  server.RaftServerConfigKeys (ConfUtils.java:logGet(44)) - raft.server.log.appender.buffer.byte-limit = 33554432 (custom)
2021-12-08 16:22:54,465 [pool-278-thread-1] INFO  server.RaftServerConfigKeys (ConfUtils.java:logGet(44)) - raft.server.log.segment.size.max = 1048576 (custom)
2021-12-08 16:22:54,465 [pool-278-thread-1] INFO  server.RaftServerConfigKeys (ConfUtils.java:logGet(44)) - raft.server.log.segment.cache.num.max = 2 (custom)
2021-12-08 16:22:54,465 [pool-278-thread-1] INFO  server.RaftServerConfigKeys (ConfUtils.java:logGet(44)) - raft.server.log.segment.cache.size.max = 200MB (=209715200) (default)
2021-12-08 16:22:54,465 [pool-278-thread-1] INFO  segmented.SegmentedRaftLogWorker (SegmentedRaftLogWorker.java:<init>(182)) - new d711cf8e-9345-4010-b204-37d4bd542fc0@group-AEFA5F9DF58D-SegmentedRaftLogWorker for RaftStorageImpl:Storage Directory /home/runner/work/ozone/ozone/hadoop-ozone/integration-test/target/test-dir/MiniOzoneClusterImpl-871b6dc8-7d19-4806-8910-93507a544922/datanode-0/data/ratis/6645bf4e-6893-4079-b731-aefa5f9df58d
2021-12-08 16:22:54,465 [pool-278-thread-1] INFO  server.RaftServerConfigKeys (ConfUtils.java:logGet(44)) - raft.server.log.queue.byte-limit = 2147483647 (custom)
2021-12-08 16:22:54,465 [pool-278-thread-1] INFO  server.RaftServerConfigKeys (ConfUtils.java:logGet(44)) - raft.server.log.queue.element-limit = 1024 (custom)
2021-12-08 16:22:54,465 [pool-278-thread-1] INFO  server.RaftServerConfigKeys (ConfUtils.java:logGet(44)) - raft.server.log.segment.size.max = 1048576 (custom)
2021-12-08 16:22:54,465 [pool-278-thread-1] INFO  server.RaftServerConfigKeys (ConfUtils.java:logGet(44)) - raft.server.log.preallocated.size = 16384 (custom)
2021-12-08 16:22:54,465 [pool-278-thread-1] INFO  server.RaftServerConfigKeys (ConfUtils.java:logGet(44)) - raft.server.log.force.sync.num = 128 (default)
2021-12-08 16:22:54,465 [pool-278-thread-1] INFO  server.RaftServerConfigKeys (ConfUtils.java:logGet(44)) - raft.server.log.statemachine.data.sync = true (default)
2021-12-08 16:22:54,465 [pool-278-thread-1] INFO  server.RaftServerConfigKeys (ConfUtils.java:logGet(44)) - raft.server.log.statemachine.data.sync.timeout = 10s (default)
2021-12-08 16:22:54,466 [pool-278-thread-1] INFO  server.RaftServerConfigKeys (ConfUtils.java:logGet(44)) - raft.server.log.statemachine.data.sync.timeout.retry = -1 (default)
2021-12-08 16:22:54,466 [pool-278-thread-1] INFO  server.RaftServerConfigKeys (ConfUtils.java:logGet(44)) - raft.server.log.write.buffer.size = 1048576 (custom)
2021-12-08 16:22:54,469 [EventQueue-OpenPipelineForHealthyPipelineSafeModeRule] INFO  safemode.SCMSafeModeManager (HealthyPipelineSafeModeRule.java:process(124)) - SCM in safe mode. Healthy pipelines reported count is 0, required healthy pipeline reported count is 1
2021-12-08 16:22:54,469 [pool-278-thread-1] INFO  server.RaftServerConfigKeys (ConfUtils.java:logGet(44)) - raft.server.log.statemachine.data.caching.enabled = true (custom)
2021-12-08 16:22:54,470 [pool-278-thread-1] INFO  segmented.SegmentedRaftLogWorker (SegmentedRaftLogWorker.java:lambda$new$0(133)) - d711cf8e-9345-4010-b204-37d4bd542fc0@group-AEFA5F9DF58D-SegmentedRaftLogWorker: flushIndex: setUnconditionally 0 -> -1
2021-12-08 16:22:54,470 [pool-278-thread-1] INFO  segmented.SegmentedRaftLogWorker (SegmentedRaftLogWorker.java:lambda$new$0(133)) - d711cf8e-9345-4010-b204-37d4bd542fc0@group-AEFA5F9DF58D-SegmentedRaftLogWorker: safeCacheEvictIndex: setUnconditionally 0 -> -1
2021-12-08 16:22:54,478 [pool-278-thread-1] INFO  server.RaftServerConfigKeys (ConfUtils.java:logGet(44)) - raft.server.snapshot.auto.trigger.enabled = true (custom)
2021-12-08 16:22:54,478 [pool-278-thread-1] INFO  server.RaftServerConfigKeys (ConfUtils.java:logGet(44)) - raft.server.snapshot.auto.trigger.threshold = 10000 (custom)
2021-12-08 16:22:54,478 [pool-278-thread-1] INFO  server.RaftServerConfigKeys (ConfUtils.java:logGet(44)) - raft.server.snapshot.retention.file.num = 5 (custom)
2021-12-08 16:22:54,478 [pool-278-thread-1] INFO  server.RaftServerConfigKeys (ConfUtils.java:logGet(44)) - raft.server.log.purge.upto.snapshot.index = false (default)
2021-12-08 16:22:54,478 [pool-278-thread-1] INFO  server.RaftServerConfigKeys (ConfUtils.java:logGet(44)) - raft.server.retrycache.expirytime = 600000ms (custom)
2021-12-08 16:22:54,478 [pool-278-thread-1] INFO  server.RaftServerConfigKeys (ConfUtils.java:logGet(44)) - raft.server.retrycache.statistics.expirytime = 100μs (default)
2021-12-08 16:22:54,479 [pool-278-thread-1] INFO  server.RaftServer$Division (RaftServerImpl.java:start(301)) - d711cf8e-9345-4010-b204-37d4bd542fc0@group-AEFA5F9DF58D: start as a follower, conf=-1: [d711cf8e-9345-4010-b204-37d4bd542fc0|rpc:127.0.0.1:34071|priority:0, f2502c96-9954-480b-931a-1e321ebf221a|rpc:127.0.0.1:40135|priority:0, 21742dd4-f00f-4901-aa0f-47c4214f17a6|rpc:127.0.0.1:43053|priority:1], old=null
2021-12-08 16:22:54,479 [pool-278-thread-1] INFO  server.RaftServer$Division (RaftServerImpl.java:setRole(290)) - d711cf8e-9345-4010-b204-37d4bd542fc0@group-AEFA5F9DF58D: changes role from      null to FOLLOWER at term 0 for startAsFollower
2021-12-08 16:22:54,479 [pool-278-thread-1] INFO  impl.RoleInfo (RoleInfo.java:updateAndGet(130)) - d711cf8e-9345-4010-b204-37d4bd542fc0: start d711cf8e-9345-4010-b204-37d4bd542fc0@group-AEFA5F9DF58D-FollowerState
2021-12-08 16:22:54,480 [pool-278-thread-1] INFO  util.JmxRegister (JmxRegister.java:tryRegister(44)) - Successfully registered JMX Bean with object name Ratis:service=RaftServer,group=group-AEFA5F9DF58D,id=d711cf8e-9345-4010-b204-37d4bd542fc0
2021-12-08 16:22:54,483 [Command processor thread] INFO  ratis.XceiverServerRatis (XceiverServerRatis.java:addGroup(768)) - Created group PipelineID=6645bf4e-6893-4079-b731-aefa5f9df58d
2021-12-08 16:22:54,491 [grpc-default-executor-0] INFO  server.RaftServer (RaftServerProxy.java:addNew(95)) - 21742dd4-f00f-4901-aa0f-47c4214f17a6: addNew group-AEFA5F9DF58D:[d711cf8e-9345-4010-b204-37d4bd542fc0|rpc:127.0.0.1:34071|dataStream:|priority:0, f2502c96-9954-480b-931a-1e321ebf221a|rpc:127.0.0.1:40135|dataStream:|priority:0, 21742dd4-f00f-4901-aa0f-47c4214f17a6|rpc:127.0.0.1:43053|dataStream:|priority:1] returns group-AEFA5F9DF58D:java.util.concurrent.CompletableFuture@57009c0b[Not completed]
2021-12-08 16:22:54,492 [pool-320-thread-1] INFO  server.RaftServer$Division (RaftServerImpl.java:<init>(184)) - 21742dd4-f00f-4901-aa0f-47c4214f17a6: new RaftServerImpl for group-AEFA5F9DF58D:[d711cf8e-9345-4010-b204-37d4bd542fc0|rpc:127.0.0.1:34071|dataStream:|priority:0, f2502c96-9954-480b-931a-1e321ebf221a|rpc:127.0.0.1:40135|dataStream:|priority:0, 21742dd4-f00f-4901-aa0f-47c4214f17a6|rpc:127.0.0.1:43053|dataStream:|priority:1] with ContainerStateMachine:uninitialized
2021-12-08 16:22:54,492 [pool-320-thread-1] INFO  server.RaftServerConfigKeys (ConfUtils.java:logGet(44)) - raft.server.rpc.timeout.min = 5s (custom)
2021-12-08 16:22:54,492 [pool-320-thread-1] INFO  server.RaftServerConfigKeys (ConfUtils.java:logGet(44)) - raft.server.rpc.timeout.max = 5200ms (custom)
2021-12-08 16:22:54,492 [pool-320-thread-1] INFO  server.RaftServerConfigKeys (ConfUtils.java:logGet(44)) - raft.server.rpc.sleep.time = 25ms (default)
2021-12-08 16:22:54,492 [pool-320-thread-1] INFO  server.RaftServerConfigKeys (ConfUtils.java:logGet(44)) - raft.server.rpc.slowness.timeout = 300s (custom)
2021-12-08 16:22:54,492 [pool-320-thread-1] INFO  server.RaftServerConfigKeys (ConfUtils.java:logGet(44)) - raft.server.leaderelection.leader.step-down.wait-time = 10s (default)
2021-12-08 16:22:54,492 [pool-320-thread-1] INFO  server.RaftServerConfigKeys (ConfUtils.java:logGet(44)) - raft.server.sleep.deviation.threshold = 300ms (default)
2021-12-08 16:22:54,492 [pool-320-thread-1] INFO  server.RaftServerConfigKeys (ConfUtils.java:logGet(44)) - raft.server.log.appender.install.snapshot.enabled = false (custom)
2021-12-08 16:22:54,493 [pool-320-thread-1] INFO  server.RaftServer$Division (ServerState.java:<init>(105)) - 21742dd4-f00f-4901-aa0f-47c4214f17a6@group-AEFA5F9DF58D: ConfigurationManager, init=-1: [d711cf8e-9345-4010-b204-37d4bd542fc0|rpc:127.0.0.1:34071|dataStream:|priority:0, f2502c96-9954-480b-931a-1e321ebf221a|rpc:127.0.0.1:40135|dataStream:|priority:0, 21742dd4-f00f-4901-aa0f-47c4214f17a6|rpc:127.0.0.1:43053|dataStream:|priority:1], old=null, confs=<EMPTY_MAP>
2021-12-08 16:22:54,493 [pool-320-thread-1] INFO  server.RaftServerConfigKeys (ConfUtils.java:logGet(44)) - raft.server.storage.dir = [/home/runner/work/ozone/ozone/hadoop-ozone/integration-test/target/test-dir/MiniOzoneClusterImpl-871b6dc8-7d19-4806-8910-93507a544922/datanode-2/data/ratis] (custom)
2021-12-08 16:22:54,493 [pool-320-thread-1] INFO  server.RaftServerConfigKeys (ConfUtils.java:logGet(44)) - raft.server.log.corruption.policy = EXCEPTION (default)
2021-12-08 16:22:54,493 [pool-320-thread-1] INFO  server.RaftServerConfigKeys (ConfUtils.java:logGet(44)) - raft.server.storage.free-space.min = 0MB (=0) (default)
2021-12-08 16:22:54,493 [pool-320-thread-1] INFO  storage.RaftStorageDirectory (RaftStorageDirectoryImpl.java:analyzeStorage(135)) - The storage directory /home/runner/work/ozone/ozone/hadoop-ozone/integration-test/target/test-dir/MiniOzoneClusterImpl-871b6dc8-7d19-4806-8910-93507a544922/datanode-2/data/ratis/6645bf4e-6893-4079-b731-aefa5f9df58d does not exist. Creating ...
2021-12-08 16:22:54,494 [pool-320-thread-1] INFO  storage.RaftStorageDirectory (RaftStorageDirectoryImpl.java:tryLock(230)) - Lock on /home/runner/work/ozone/ozone/hadoop-ozone/integration-test/target/test-dir/MiniOzoneClusterImpl-871b6dc8-7d19-4806-8910-93507a544922/datanode-2/data/ratis/6645bf4e-6893-4079-b731-aefa5f9df58d/in_use.lock acquired by nodename 1098@fv-az294-221
2021-12-08 16:22:54,495 [pool-320-thread-1] INFO  storage.RaftStorage (RaftStorageImpl.java:format(89)) - Storage directory /home/runner/work/ozone/ozone/hadoop-ozone/integration-test/target/test-dir/MiniOzoneClusterImpl-871b6dc8-7d19-4806-8910-93507a544922/datanode-2/data/ratis/6645bf4e-6893-4079-b731-aefa5f9df58d has been successfully formatted.
2021-12-08 16:22:54,496 [pool-320-thread-1] INFO  ratis.ContainerStateMachine (ContainerStateMachine.java:loadSnapshot(231)) - group-AEFA5F9DF58D: The snapshot info is null. Setting the last applied indexto:(t:0, i:~)
2021-12-08 16:22:54,496 [pool-320-thread-1] INFO  server.RaftServerConfigKeys (ConfUtils.java:logGet(44)) - raft.server.notification.no-leader.timeout = 300s (custom)
2021-12-08 16:22:54,496 [pool-320-thread-1] INFO  server.RaftServerConfigKeys (ConfUtils.java:logGet(44)) - raft.server.log.use.memory = false (default)
2021-12-08 16:22:54,496 [pool-320-thread-1] INFO  server.RaftServerConfigKeys (ConfUtils.java:logGet(44)) - raft.server.log.purge.gap = 1000000 (custom)
2021-12-08 16:22:54,496 [pool-320-thread-1] INFO  server.RaftServerConfigKeys (ConfUtils.java:logGet(44)) - raft.server.log.appender.buffer.byte-limit = 33554432 (custom)
2021-12-08 16:22:54,496 [pool-320-thread-1] INFO  server.RaftServerConfigKeys (ConfUtils.java:logGet(44)) - raft.server.log.segment.size.max = 1048576 (custom)
2021-12-08 16:22:54,497 [pool-320-thread-1] INFO  server.RaftServerConfigKeys (ConfUtils.java:logGet(44)) - raft.server.log.segment.cache.num.max = 2 (custom)
2021-12-08 16:22:54,497 [pool-320-thread-1] INFO  server.RaftServerConfigKeys (ConfUtils.java:logGet(44)) - raft.server.log.segment.cache.size.max = 200MB (=209715200) (default)
2021-12-08 16:22:54,497 [pool-320-thread-1] INFO  segmented.SegmentedRaftLogWorker (SegmentedRaftLogWorker.java:<init>(182)) - new 21742dd4-f00f-4901-aa0f-47c4214f17a6@group-AEFA5F9DF58D-SegmentedRaftLogWorker for RaftStorageImpl:Storage Directory /home/runner/work/ozone/ozone/hadoop-ozone/integration-test/target/test-dir/MiniOzoneClusterImpl-871b6dc8-7d19-4806-8910-93507a544922/datanode-2/data/ratis/6645bf4e-6893-4079-b731-aefa5f9df58d
2021-12-08 16:22:54,497 [pool-320-thread-1] INFO  server.RaftServerConfigKeys (ConfUtils.java:logGet(44)) - raft.server.log.queue.byte-limit = 2147483647 (custom)
2021-12-08 16:22:54,497 [pool-320-thread-1] INFO  server.RaftServerConfigKeys (ConfUtils.java:logGet(44)) - raft.server.log.queue.element-limit = 1024 (custom)
2021-12-08 16:22:54,497 [pool-320-thread-1] INFO  server.RaftServerConfigKeys (ConfUtils.java:logGet(44)) - raft.server.log.segment.size.max = 1048576 (custom)
2021-12-08 16:22:54,497 [pool-320-thread-1] INFO  server.RaftServerConfigKeys (ConfUtils.java:logGet(44)) - raft.server.log.preallocated.size = 16384 (custom)
2021-12-08 16:22:54,497 [pool-320-thread-1] INFO  server.RaftServerConfigKeys (ConfUtils.java:logGet(44)) - raft.server.log.force.sync.num = 128 (default)
2021-12-08 16:22:54,498 [pool-320-thread-1] INFO  server.RaftServerConfigKeys (ConfUtils.java:logGet(44)) - raft.server.log.statemachine.data.sync = true (default)
2021-12-08 16:22:54,498 [pool-320-thread-1] INFO  server.RaftServerConfigKeys (ConfUtils.java:logGet(44)) - raft.server.log.statemachine.data.sync.timeout = 10s (default)
2021-12-08 16:22:54,498 [pool-320-thread-1] INFO  server.RaftServerConfigKeys (ConfUtils.java:logGet(44)) - raft.server.log.statemachine.data.sync.timeout.retry = -1 (default)
2021-12-08 16:22:54,498 [pool-320-thread-1] INFO  server.RaftServerConfigKeys (ConfUtils.java:logGet(44)) - raft.server.log.write.buffer.size = 1048576 (custom)
2021-12-08 16:22:54,499 [pool-320-thread-1] INFO  server.RaftServerConfigKeys (ConfUtils.java:logGet(44)) - raft.server.log.statemachine.data.caching.enabled = true (custom)
2021-12-08 16:22:54,499 [pool-320-thread-1] INFO  segmented.SegmentedRaftLogWorker (SegmentedRaftLogWorker.java:lambda$new$0(133)) - 21742dd4-f00f-4901-aa0f-47c4214f17a6@group-AEFA5F9DF58D-SegmentedRaftLogWorker: flushIndex: setUnconditionally 0 -> -1
2021-12-08 16:22:54,500 [pool-320-thread-1] INFO  segmented.SegmentedRaftLogWorker (SegmentedRaftLogWorker.java:lambda$new$0(133)) - 21742dd4-f00f-4901-aa0f-47c4214f17a6@group-AEFA5F9DF58D-SegmentedRaftLogWorker: safeCacheEvictIndex: setUnconditionally 0 -> -1
2021-12-08 16:22:54,506 [Command processor thread] INFO  server.RaftServer (RaftServerProxy.java:addNew(95)) - f2502c96-9954-480b-931a-1e321ebf221a: addNew group-E9F20A775357:[f2502c96-9954-480b-931a-1e321ebf221a|rpc:127.0.0.1:40135|priority:1] returns group-E9F20A775357:java.util.concurrent.CompletableFuture@43cab58d[Not completed]
2021-12-08 16:22:54,507 [pool-299-thread-1] INFO  server.RaftServer$Division (RaftServerImpl.java:<init>(184)) - f2502c96-9954-480b-931a-1e321ebf221a: new RaftServerImpl for group-E9F20A775357:[f2502c96-9954-480b-931a-1e321ebf221a|rpc:127.0.0.1:40135|priority:1] with ContainerStateMachine:uninitialized
2021-12-08 16:22:54,507 [pool-299-thread-1] INFO  server.RaftServerConfigKeys (ConfUtils.java:logGet(44)) - raft.server.rpc.timeout.min = 5s (custom)
2021-12-08 16:22:54,507 [pool-299-thread-1] INFO  server.RaftServerConfigKeys (ConfUtils.java:logGet(44)) - raft.server.rpc.timeout.max = 5200ms (custom)
2021-12-08 16:22:54,507 [pool-299-thread-1] INFO  server.RaftServerConfigKeys (ConfUtils.java:logGet(44)) - raft.server.rpc.sleep.time = 25ms (default)
2021-12-08 16:22:54,507 [pool-299-thread-1] INFO  server.RaftServerConfigKeys (ConfUtils.java:logGet(44)) - raft.server.rpc.slowness.timeout = 300s (custom)
2021-12-08 16:22:54,507 [pool-299-thread-1] INFO  server.RaftServerConfigKeys (ConfUtils.java:logGet(44)) - raft.server.leaderelection.leader.step-down.wait-time = 10s (default)
2021-12-08 16:22:54,507 [pool-299-thread-1] INFO  server.RaftServerConfigKeys (ConfUtils.java:logGet(44)) - raft.server.sleep.deviation.threshold = 300ms (default)
2021-12-08 16:22:54,508 [pool-299-thread-1] INFO  server.RaftServerConfigKeys (ConfUtils.java:logGet(44)) - raft.server.log.appender.install.snapshot.enabled = false (custom)
2021-12-08 16:22:54,508 [pool-299-thread-1] INFO  server.RaftServer$Division (ServerState.java:<init>(105)) - f2502c96-9954-480b-931a-1e321ebf221a@group-E9F20A775357: ConfigurationManager, init=-1: [f2502c96-9954-480b-931a-1e321ebf221a|rpc:127.0.0.1:40135|priority:1], old=null, confs=<EMPTY_MAP>
2021-12-08 16:22:54,508 [pool-299-thread-1] INFO  server.RaftServerConfigKeys (ConfUtils.java:logGet(44)) - raft.server.storage.dir = [/home/runner/work/ozone/ozone/hadoop-ozone/integration-test/target/test-dir/MiniOzoneClusterImpl-871b6dc8-7d19-4806-8910-93507a544922/datanode-1/data/ratis] (custom)
2021-12-08 16:22:54,508 [pool-299-thread-1] INFO  server.RaftServerConfigKeys (ConfUtils.java:logGet(44)) - raft.server.log.corruption.policy = EXCEPTION (default)
2021-12-08 16:22:54,508 [pool-299-thread-1] INFO  server.RaftServerConfigKeys (ConfUtils.java:logGet(44)) - raft.server.storage.free-space.min = 0MB (=0) (default)
2021-12-08 16:22:54,508 [pool-299-thread-1] INFO  storage.RaftStorageDirectory (RaftStorageDirectoryImpl.java:analyzeStorage(135)) - The storage directory /home/runner/work/ozone/ozone/hadoop-ozone/integration-test/target/test-dir/MiniOzoneClusterImpl-871b6dc8-7d19-4806-8910-93507a544922/datanode-1/data/ratis/85f685ce-e9a2-414a-a4a8-e9f20a775357 does not exist. Creating ...
2021-12-08 16:22:54,508 [pool-320-thread-1] INFO  server.RaftServerConfigKeys (ConfUtils.java:logGet(44)) - raft.server.snapshot.auto.trigger.enabled = true (custom)
2021-12-08 16:22:54,509 [pool-320-thread-1] INFO  server.RaftServerConfigKeys (ConfUtils.java:logGet(44)) - raft.server.snapshot.auto.trigger.threshold = 10000 (custom)
2021-12-08 16:22:54,509 [pool-320-thread-1] INFO  server.RaftServerConfigKeys (ConfUtils.java:logGet(44)) - raft.server.snapshot.retention.file.num = 5 (custom)
2021-12-08 16:22:54,509 [pool-320-thread-1] INFO  server.RaftServerConfigKeys (ConfUtils.java:logGet(44)) - raft.server.log.purge.upto.snapshot.index = false (default)
2021-12-08 16:22:54,509 [pool-320-thread-1] INFO  server.RaftServerConfigKeys (ConfUtils.java:logGet(44)) - raft.server.retrycache.expirytime = 600000ms (custom)
2021-12-08 16:22:54,509 [pool-299-thread-1] INFO  storage.RaftStorageDirectory (RaftStorageDirectoryImpl.java:tryLock(230)) - Lock on /home/runner/work/ozone/ozone/hadoop-ozone/integration-test/target/test-dir/MiniOzoneClusterImpl-871b6dc8-7d19-4806-8910-93507a544922/datanode-1/data/ratis/85f685ce-e9a2-414a-a4a8-e9f20a775357/in_use.lock acquired by nodename 1098@fv-az294-221
2021-12-08 16:22:54,509 [pool-320-thread-1] INFO  server.RaftServerConfigKeys (ConfUtils.java:logGet(44)) - raft.server.retrycache.statistics.expirytime = 100μs (default)
2021-12-08 16:22:54,511 [pool-320-thread-1] INFO  server.RaftServer$Division (RaftServerImpl.java:start(301)) - 21742dd4-f00f-4901-aa0f-47c4214f17a6@group-AEFA5F9DF58D: start as a follower, conf=-1: [d711cf8e-9345-4010-b204-37d4bd542fc0|rpc:127.0.0.1:34071|dataStream:|priority:0, f2502c96-9954-480b-931a-1e321ebf221a|rpc:127.0.0.1:40135|dataStream:|priority:0, 21742dd4-f00f-4901-aa0f-47c4214f17a6|rpc:127.0.0.1:43053|dataStream:|priority:1], old=null
2021-12-08 16:22:54,511 [pool-320-thread-1] INFO  server.RaftServer$Division (RaftServerImpl.java:setRole(290)) - 21742dd4-f00f-4901-aa0f-47c4214f17a6@group-AEFA5F9DF58D: changes role from      null to FOLLOWER at term 0 for startAsFollower
2021-12-08 16:22:54,511 [pool-320-thread-1] INFO  impl.RoleInfo (RoleInfo.java:updateAndGet(130)) - 21742dd4-f00f-4901-aa0f-47c4214f17a6: start 21742dd4-f00f-4901-aa0f-47c4214f17a6@group-AEFA5F9DF58D-FollowerState
2021-12-08 16:22:54,512 [pool-299-thread-1] INFO  storage.RaftStorage (RaftStorageImpl.java:format(89)) - Storage directory /home/runner/work/ozone/ozone/hadoop-ozone/integration-test/target/test-dir/MiniOzoneClusterImpl-871b6dc8-7d19-4806-8910-93507a544922/datanode-1/data/ratis/85f685ce-e9a2-414a-a4a8-e9f20a775357 has been successfully formatted.
2021-12-08 16:22:54,516 [pool-320-thread-1] INFO  util.JmxRegister (JmxRegister.java:tryRegister(44)) - Successfully registered JMX Bean with object name Ratis:service=RaftServer,group=group-AEFA5F9DF58D,id=21742dd4-f00f-4901-aa0f-47c4214f17a6
2021-12-08 16:22:54,518 [EventQueue-PipelineReportForPipelineReportHandler] INFO  pipeline.PipelineManagerImpl (PipelineManagerImpl.java:openPipeline(291)) - Pipeline Pipeline[ Id: 85f685ce-e9a2-414a-a4a8-e9f20a775357, Nodes: f2502c96-9954-480b-931a-1e321ebf221a{ip: 127.0.0.1, host: localhost, ports: [REPLICATION=35303, RATIS=40135, RATIS_ADMIN=40135, RATIS_SERVER=40135, STANDALONE=35441], networkLocation: /default-rack, certSerialId: null, persistedOpState: IN_SERVICE, persistedOpStateExpiryEpochSec: 0}, ReplicationConfig: RATIS/ONE, State:ALLOCATED, leaderId:f2502c96-9954-480b-931a-1e321ebf221a, CreationTimestamp2021-12-08T16:22:51.506Z[Etc/UTC]] moved to OPEN state
2021-12-08 16:22:54,516 [pool-299-thread-1] INFO  ratis.ContainerStateMachine (ContainerStateMachine.java:loadSnapshot(231)) - group-E9F20A775357: The snapshot info is null. Setting the last applied indexto:(t:0, i:~)
2021-12-08 16:22:54,519 [pool-299-thread-1] INFO  server.RaftServerConfigKeys (ConfUtils.java:logGet(44)) - raft.server.notification.no-leader.timeout = 300s (custom)
2021-12-08 16:22:54,519 [pool-299-thread-1] INFO  server.RaftServerConfigKeys (ConfUtils.java:logGet(44)) - raft.server.log.use.memory = false (default)
2021-12-08 16:22:54,519 [pool-299-thread-1] INFO  server.RaftServerConfigKeys (ConfUtils.java:logGet(44)) - raft.server.log.purge.gap = 1000000 (custom)
2021-12-08 16:22:54,519 [pool-299-thread-1] INFO  server.RaftServerConfigKeys (ConfUtils.java:logGet(44)) - raft.server.log.appender.buffer.byte-limit = 33554432 (custom)
2021-12-08 16:22:54,519 [pool-299-thread-1] INFO  server.RaftServerConfigKeys (ConfUtils.java:logGet(44)) - raft.server.log.segment.size.max = 1048576 (custom)
2021-12-08 16:22:54,520 [pool-299-thread-1] INFO  server.RaftServerConfigKeys (ConfUtils.java:logGet(44)) - raft.server.log.segment.cache.num.max = 2 (custom)
2021-12-08 16:22:54,520 [pool-299-thread-1] INFO  server.RaftServerConfigKeys (ConfUtils.java:logGet(44)) - raft.server.log.segment.cache.size.max = 200MB (=209715200) (default)
2021-12-08 16:22:54,520 [pool-299-thread-1] INFO  segmented.SegmentedRaftLogWorker (SegmentedRaftLogWorker.java:<init>(182)) - new f2502c96-9954-480b-931a-1e321ebf221a@group-E9F20A775357-SegmentedRaftLogWorker for RaftStorageImpl:Storage Directory /home/runner/work/ozone/ozone/hadoop-ozone/integration-test/target/test-dir/MiniOzoneClusterImpl-871b6dc8-7d19-4806-8910-93507a544922/datanode-1/data/ratis/85f685ce-e9a2-414a-a4a8-e9f20a775357
2021-12-08 16:22:54,521 [pool-299-thread-1] INFO  server.RaftServerConfigKeys (ConfUtils.java:logGet(44)) - raft.server.log.queue.byte-limit = 2147483647 (custom)
2021-12-08 16:22:54,521 [pool-299-thread-1] INFO  server.RaftServerConfigKeys (ConfUtils.java:logGet(44)) - raft.server.log.queue.element-limit = 1024 (custom)
2021-12-08 16:22:54,521 [pool-299-thread-1] INFO  server.RaftServerConfigKeys (ConfUtils.java:logGet(44)) - raft.server.log.segment.size.max = 1048576 (custom)
2021-12-08 16:22:54,521 [pool-299-thread-1] INFO  server.RaftServerConfigKeys (ConfUtils.java:logGet(44)) - raft.server.log.preallocated.size = 16384 (custom)
2021-12-08 16:22:54,521 [pool-299-thread-1] INFO  server.RaftServerConfigKeys (ConfUtils.java:logGet(44)) - raft.server.log.force.sync.num = 128 (default)
2021-12-08 16:22:54,521 [pool-299-thread-1] INFO  server.RaftServerConfigKeys (ConfUtils.java:logGet(44)) - raft.server.log.statemachine.data.sync = true (default)
2021-12-08 16:22:54,521 [pool-299-thread-1] INFO  server.RaftServerConfigKeys (ConfUtils.java:logGet(44)) - raft.server.log.statemachine.data.sync.timeout = 10s (default)
2021-12-08 16:22:54,521 [pool-299-thread-1] INFO  server.RaftServerConfigKeys (ConfUtils.java:logGet(44)) - raft.server.log.statemachine.data.sync.timeout.retry = -1 (default)
2021-12-08 16:22:54,522 [pool-299-thread-1] INFO  server.RaftServerConfigKeys (ConfUtils.java:logGet(44)) - raft.server.log.write.buffer.size = 1048576 (custom)
2021-12-08 16:22:54,523 [pool-299-thread-1] INFO  server.RaftServerConfigKeys (ConfUtils.java:logGet(44)) - raft.server.log.statemachine.data.caching.enabled = true (custom)
2021-12-08 16:22:54,523 [pool-299-thread-1] INFO  segmented.SegmentedRaftLogWorker (SegmentedRaftLogWorker.java:lambda$new$0(133)) - f2502c96-9954-480b-931a-1e321ebf221a@group-E9F20A775357-SegmentedRaftLogWorker: flushIndex: setUnconditionally 0 -> -1
2021-12-08 16:22:54,523 [pool-299-thread-1] INFO  segmented.SegmentedRaftLogWorker (SegmentedRaftLogWorker.java:lambda$new$0(133)) - f2502c96-9954-480b-931a-1e321ebf221a@group-E9F20A775357-SegmentedRaftLogWorker: safeCacheEvictIndex: setUnconditionally 0 -> -1
2021-12-08 16:22:54,524 [a1d7cd84-dd07-406f-a027-06562c9714d9@group-93507A544922-StateMachineUpdater] INFO  safemode.HealthyPipelineSafeModeRule (HealthyPipelineSafeModeRule.java:initializeRule(152)) - Refreshed total pipeline count is 0, healthy pipeline threshold count is 1
2021-12-08 16:22:54,540 [pool-299-thread-1] INFO  server.RaftServerConfigKeys (ConfUtils.java:logGet(44)) - raft.server.snapshot.auto.trigger.enabled = true (custom)
2021-12-08 16:22:54,541 [EventQueue-PipelineReportForPipelineReportHandler] INFO  ha.SCMHAInvocationHandler (SCMHAInvocationHandler.java:invokeRatis(113)) - Invoking method public abstract void org.apache.hadoop.hdds.scm.pipeline.PipelineStateManager.updatePipelineState(org.apache.hadoop.hdds.protocol.proto.HddsProtos$PipelineID,org.apache.hadoop.hdds.protocol.proto.HddsProtos$PipelineState) throws java.io.IOException on target org.apache.hadoop.hdds.scm.ha.SCMRatisServerImpl@272c22c8, cost 22358.413us
2021-12-08 16:22:54,541 [pool-299-thread-1] INFO  server.RaftServerConfigKeys (ConfUtils.java:logGet(44)) - raft.server.snapshot.auto.trigger.threshold = 10000 (custom)
2021-12-08 16:22:54,541 [pool-299-thread-1] INFO  server.RaftServerConfigKeys (ConfUtils.java:logGet(44)) - raft.server.snapshot.retention.file.num = 5 (custom)
2021-12-08 16:22:54,541 [pool-299-thread-1] INFO  server.RaftServerConfigKeys (ConfUtils.java:logGet(44)) - raft.server.log.purge.upto.snapshot.index = false (default)
2021-12-08 16:22:54,541 [EventQueue-OpenPipelineForHealthyPipelineSafeModeRule] INFO  safemode.SCMSafeModeManager (HealthyPipelineSafeModeRule.java:process(124)) - SCM in safe mode. Healthy pipelines reported count is 0, required healthy pipeline reported count is 1
2021-12-08 16:22:54,544 [pool-299-thread-1] INFO  server.RaftServerConfigKeys (ConfUtils.java:logGet(44)) - raft.server.retrycache.expirytime = 600000ms (custom)
2021-12-08 16:22:54,544 [pool-299-thread-1] INFO  server.RaftServerConfigKeys (ConfUtils.java:logGet(44)) - raft.server.retrycache.statistics.expirytime = 100μs (default)
2021-12-08 16:22:54,547 [pool-299-thread-1] INFO  server.RaftServer$Division (RaftServerImpl.java:start(301)) - f2502c96-9954-480b-931a-1e321ebf221a@group-E9F20A775357: start as a follower, conf=-1: [f2502c96-9954-480b-931a-1e321ebf221a|rpc:127.0.0.1:40135|priority:1], old=null
2021-12-08 16:22:54,547 [pool-299-thread-1] INFO  server.RaftServer$Division (RaftServerImpl.java:setRole(290)) - f2502c96-9954-480b-931a-1e321ebf221a@group-E9F20A775357: changes role from      null to FOLLOWER at term 0 for startAsFollower
2021-12-08 16:22:54,547 [pool-299-thread-1] INFO  impl.RoleInfo (RoleInfo.java:updateAndGet(130)) - f2502c96-9954-480b-931a-1e321ebf221a: start f2502c96-9954-480b-931a-1e321ebf221a@group-E9F20A775357-FollowerState
2021-12-08 16:22:54,548 [pool-299-thread-1] INFO  util.JmxRegister (JmxRegister.java:tryRegister(44)) - Successfully registered JMX Bean with object name Ratis:service=RaftServer,group=group-E9F20A775357,id=f2502c96-9954-480b-931a-1e321ebf221a
2021-12-08 16:22:54,549 [Command processor thread] INFO  ratis.XceiverServerRatis (XceiverServerRatis.java:addGroup(768)) - Created group PipelineID=85f685ce-e9a2-414a-a4a8-e9f20a775357
2021-12-08 16:22:54,549 [Command processor thread] INFO  commandhandler.CreatePipelineCommandHandler (CreatePipelineCommandHandler.java:handle(106)) - Created Pipeline RATIS ONE PipelineID=85f685ce-e9a2-414a-a4a8-e9f20a775357.
2021-12-08 16:22:54,549 [Command processor thread] INFO  server.RaftServer (RaftServerProxy.java:addNew(95)) - f2502c96-9954-480b-931a-1e321ebf221a: addNew group-AEFA5F9DF58D:[d711cf8e-9345-4010-b204-37d4bd542fc0|rpc:127.0.0.1:34071|priority:0, f2502c96-9954-480b-931a-1e321ebf221a|rpc:127.0.0.1:40135|priority:0, 21742dd4-f00f-4901-aa0f-47c4214f17a6|rpc:127.0.0.1:43053|priority:1] returns group-AEFA5F9DF58D:java.util.concurrent.CompletableFuture@4d0d5384[Not completed]
2021-12-08 16:22:54,550 [pool-299-thread-1] INFO  server.RaftServer$Division (RaftServerImpl.java:<init>(184)) - f2502c96-9954-480b-931a-1e321ebf221a: new RaftServerImpl for group-AEFA5F9DF58D:[d711cf8e-9345-4010-b204-37d4bd542fc0|rpc:127.0.0.1:34071|priority:0, f2502c96-9954-480b-931a-1e321ebf221a|rpc:127.0.0.1:40135|priority:0, 21742dd4-f00f-4901-aa0f-47c4214f17a6|rpc:127.0.0.1:43053|priority:1] with ContainerStateMachine:uninitialized
2021-12-08 16:22:54,550 [pool-299-thread-1] INFO  server.RaftServerConfigKeys (ConfUtils.java:logGet(44)) - raft.server.rpc.timeout.min = 5s (custom)
2021-12-08 16:22:54,550 [pool-299-thread-1] INFO  server.RaftServerConfigKeys (ConfUtils.java:logGet(44)) - raft.server.rpc.timeout.max = 5200ms (custom)
2021-12-08 16:22:54,550 [pool-299-thread-1] INFO  server.RaftServerConfigKeys (ConfUtils.java:logGet(44)) - raft.server.rpc.sleep.time = 25ms (default)
2021-12-08 16:22:54,550 [pool-299-thread-1] INFO  server.RaftServerConfigKeys (ConfUtils.java:logGet(44)) - raft.server.rpc.slowness.timeout = 300s (custom)
2021-12-08 16:22:54,550 [pool-299-thread-1] INFO  server.RaftServerConfigKeys (ConfUtils.java:logGet(44)) - raft.server.leaderelection.leader.step-down.wait-time = 10s (default)
2021-12-08 16:22:54,550 [pool-299-thread-1] INFO  server.RaftServerConfigKeys (ConfUtils.java:logGet(44)) - raft.server.sleep.deviation.threshold = 300ms (default)
2021-12-08 16:22:54,550 [pool-299-thread-1] INFO  server.RaftServerConfigKeys (ConfUtils.java:logGet(44)) - raft.server.log.appender.install.snapshot.enabled = false (custom)
2021-12-08 16:22:54,551 [pool-299-thread-1] INFO  server.RaftServer$Division (ServerState.java:<init>(105)) - f2502c96-9954-480b-931a-1e321ebf221a@group-AEFA5F9DF58D: ConfigurationManager, init=-1: [d711cf8e-9345-4010-b204-37d4bd542fc0|rpc:127.0.0.1:34071|priority:0, f2502c96-9954-480b-931a-1e321ebf221a|rpc:127.0.0.1:40135|priority:0, 21742dd4-f00f-4901-aa0f-47c4214f17a6|rpc:127.0.0.1:43053|priority:1], old=null, confs=<EMPTY_MAP>
2021-12-08 16:22:54,551 [pool-299-thread-1] INFO  server.RaftServerConfigKeys (ConfUtils.java:logGet(44)) - raft.server.storage.dir = [/home/runner/work/ozone/ozone/hadoop-ozone/integration-test/target/test-dir/MiniOzoneClusterImpl-871b6dc8-7d19-4806-8910-93507a544922/datanode-1/data/ratis] (custom)
2021-12-08 16:22:54,551 [pool-299-thread-1] INFO  server.RaftServerConfigKeys (ConfUtils.java:logGet(44)) - raft.server.log.corruption.policy = EXCEPTION (default)
2021-12-08 16:22:54,551 [pool-299-thread-1] INFO  server.RaftServerConfigKeys (ConfUtils.java:logGet(44)) - raft.server.storage.free-space.min = 0MB (=0) (default)
2021-12-08 16:22:54,551 [pool-299-thread-1] INFO  storage.RaftStorageDirectory (RaftStorageDirectoryImpl.java:analyzeStorage(135)) - The storage directory /home/runner/work/ozone/ozone/hadoop-ozone/integration-test/target/test-dir/MiniOzoneClusterImpl-871b6dc8-7d19-4806-8910-93507a544922/datanode-1/data/ratis/6645bf4e-6893-4079-b731-aefa5f9df58d does not exist. Creating ...
2021-12-08 16:22:54,560 [pool-299-thread-1] INFO  storage.RaftStorageDirectory (RaftStorageDirectoryImpl.java:tryLock(230)) - Lock on /home/runner/work/ozone/ozone/hadoop-ozone/integration-test/target/test-dir/MiniOzoneClusterImpl-871b6dc8-7d19-4806-8910-93507a544922/datanode-1/data/ratis/6645bf4e-6893-4079-b731-aefa5f9df58d/in_use.lock acquired by nodename 1098@fv-az294-221
2021-12-08 16:22:54,561 [pool-299-thread-1] INFO  storage.RaftStorage (RaftStorageImpl.java:format(89)) - Storage directory /home/runner/work/ozone/ozone/hadoop-ozone/integration-test/target/test-dir/MiniOzoneClusterImpl-871b6dc8-7d19-4806-8910-93507a544922/datanode-1/data/ratis/6645bf4e-6893-4079-b731-aefa5f9df58d has been successfully formatted.
2021-12-08 16:22:54,562 [pool-299-thread-1] INFO  ratis.ContainerStateMachine (ContainerStateMachine.java:loadSnapshot(231)) - group-AEFA5F9DF58D: The snapshot info is null. Setting the last applied indexto:(t:0, i:~)
2021-12-08 16:22:54,564 [EventQueue-OpenPipelineForHealthyPipelineSafeModeRule] INFO  safemode.SCMSafeModeManager (HealthyPipelineSafeModeRule.java:process(124)) - SCM in safe mode. Healthy pipelines reported count is 0, required healthy pipeline reported count is 1
2021-12-08 16:22:54,565 [pool-299-thread-1] INFO  server.RaftServerConfigKeys (ConfUtils.java:logGet(44)) - raft.server.notification.no-leader.timeout = 300s (custom)
2021-12-08 16:22:54,565 [pool-299-thread-1] INFO  server.RaftServerConfigKeys (ConfUtils.java:logGet(44)) - raft.server.log.use.memory = false (default)
2021-12-08 16:22:54,565 [pool-299-thread-1] INFO  server.RaftServerConfigKeys (ConfUtils.java:logGet(44)) - raft.server.log.purge.gap = 1000000 (custom)
2021-12-08 16:22:54,566 [pool-299-thread-1] INFO  server.RaftServerConfigKeys (ConfUtils.java:logGet(44)) - raft.server.log.appender.buffer.byte-limit = 33554432 (custom)
2021-12-08 16:22:54,566 [pool-299-thread-1] INFO  server.RaftServerConfigKeys (ConfUtils.java:logGet(44)) - raft.server.log.segment.size.max = 1048576 (custom)
2021-12-08 16:22:54,566 [pool-299-thread-1] INFO  server.RaftServerConfigKeys (ConfUtils.java:logGet(44)) - raft.server.log.segment.cache.num.max = 2 (custom)
2021-12-08 16:22:54,566 [pool-299-thread-1] INFO  server.RaftServerConfigKeys (ConfUtils.java:logGet(44)) - raft.server.log.segment.cache.size.max = 200MB (=209715200) (default)
2021-12-08 16:22:54,566 [pool-299-thread-1] INFO  segmented.SegmentedRaftLogWorker (SegmentedRaftLogWorker.java:<init>(182)) - new f2502c96-9954-480b-931a-1e321ebf221a@group-AEFA5F9DF58D-SegmentedRaftLogWorker for RaftStorageImpl:Storage Directory /home/runner/work/ozone/ozone/hadoop-ozone/integration-test/target/test-dir/MiniOzoneClusterImpl-871b6dc8-7d19-4806-8910-93507a544922/datanode-1/data/ratis/6645bf4e-6893-4079-b731-aefa5f9df58d
2021-12-08 16:22:54,566 [pool-299-thread-1] INFO  server.RaftServerConfigKeys (ConfUtils.java:logGet(44)) - raft.server.log.queue.byte-limit = 2147483647 (custom)
2021-12-08 16:22:54,566 [pool-299-thread-1] INFO  server.RaftServerConfigKeys (ConfUtils.java:logGet(44)) - raft.server.log.queue.element-limit = 1024 (custom)
2021-12-08 16:22:54,566 [pool-299-thread-1] INFO  server.RaftServerConfigKeys (ConfUtils.java:logGet(44)) - raft.server.log.segment.size.max = 1048576 (custom)
2021-12-08 16:22:54,566 [pool-299-thread-1] INFO  server.RaftServerConfigKeys (ConfUtils.java:logGet(44)) - raft.server.log.preallocated.size = 16384 (custom)
2021-12-08 16:22:54,567 [pool-299-thread-1] INFO  server.RaftServerConfigKeys (ConfUtils.java:logGet(44)) - raft.server.log.force.sync.num = 128 (default)
2021-12-08 16:22:54,567 [pool-299-thread-1] INFO  server.RaftServerConfigKeys (ConfUtils.java:logGet(44)) - raft.server.log.statemachine.data.sync = true (default)
2021-12-08 16:22:54,567 [pool-299-thread-1] INFO  server.RaftServerConfigKeys (ConfUtils.java:logGet(44)) - raft.server.log.statemachine.data.sync.timeout = 10s (default)
2021-12-08 16:22:54,567 [pool-299-thread-1] INFO  server.RaftServerConfigKeys (ConfUtils.java:logGet(44)) - raft.server.log.statemachine.data.sync.timeout.retry = -1 (default)
2021-12-08 16:22:54,567 [pool-299-thread-1] INFO  server.RaftServerConfigKeys (ConfUtils.java:logGet(44)) - raft.server.log.write.buffer.size = 1048576 (custom)
2021-12-08 16:22:54,568 [pool-299-thread-1] INFO  server.RaftServerConfigKeys (ConfUtils.java:logGet(44)) - raft.server.log.statemachine.data.caching.enabled = true (custom)
2021-12-08 16:22:54,568 [pool-299-thread-1] INFO  segmented.SegmentedRaftLogWorker (SegmentedRaftLogWorker.java:lambda$new$0(133)) - f2502c96-9954-480b-931a-1e321ebf221a@group-AEFA5F9DF58D-SegmentedRaftLogWorker: flushIndex: setUnconditionally 0 -> -1
2021-12-08 16:22:54,569 [pool-299-thread-1] INFO  segmented.SegmentedRaftLogWorker (SegmentedRaftLogWorker.java:lambda$new$0(133)) - f2502c96-9954-480b-931a-1e321ebf221a@group-AEFA5F9DF58D-SegmentedRaftLogWorker: safeCacheEvictIndex: setUnconditionally 0 -> -1
2021-12-08 16:22:54,569 [pool-299-thread-1] INFO  server.RaftServerConfigKeys (ConfUtils.java:logGet(44)) - raft.server.snapshot.auto.trigger.enabled = true (custom)
2021-12-08 16:22:54,569 [pool-299-thread-1] INFO  server.RaftServerConfigKeys (ConfUtils.java:logGet(44)) - raft.server.snapshot.auto.trigger.threshold = 10000 (custom)
2021-12-08 16:22:54,569 [pool-299-thread-1] INFO  server.RaftServerConfigKeys (ConfUtils.java:logGet(44)) - raft.server.snapshot.retention.file.num = 5 (custom)
2021-12-08 16:22:54,569 [pool-299-thread-1] INFO  server.RaftServerConfigKeys (ConfUtils.java:logGet(44)) - raft.server.log.purge.upto.snapshot.index = false (default)
2021-12-08 16:22:54,569 [pool-299-thread-1] INFO  server.RaftServerConfigKeys (ConfUtils.java:logGet(44)) - raft.server.retrycache.expirytime = 600000ms (custom)
2021-12-08 16:22:54,569 [pool-299-thread-1] INFO  server.RaftServerConfigKeys (ConfUtils.java:logGet(44)) - raft.server.retrycache.statistics.expirytime = 100μs (default)
2021-12-08 16:22:54,570 [pool-299-thread-1] INFO  server.RaftServer$Division (RaftServerImpl.java:start(301)) - f2502c96-9954-480b-931a-1e321ebf221a@group-AEFA5F9DF58D: start as a follower, conf=-1: [d711cf8e-9345-4010-b204-37d4bd542fc0|rpc:127.0.0.1:34071|priority:0, f2502c96-9954-480b-931a-1e321ebf221a|rpc:127.0.0.1:40135|priority:0, 21742dd4-f00f-4901-aa0f-47c4214f17a6|rpc:127.0.0.1:43053|priority:1], old=null
2021-12-08 16:22:54,570 [pool-299-thread-1] INFO  server.RaftServer$Division (RaftServerImpl.java:setRole(290)) - f2502c96-9954-480b-931a-1e321ebf221a@group-AEFA5F9DF58D: changes role from      null to FOLLOWER at term 0 for startAsFollower
2021-12-08 16:22:54,570 [pool-299-thread-1] INFO  impl.RoleInfo (RoleInfo.java:updateAndGet(130)) - f2502c96-9954-480b-931a-1e321ebf221a: start f2502c96-9954-480b-931a-1e321ebf221a@group-AEFA5F9DF58D-FollowerState
2021-12-08 16:22:54,571 [pool-299-thread-1] INFO  util.JmxRegister (JmxRegister.java:tryRegister(44)) - Successfully registered JMX Bean with object name Ratis:service=RaftServer,group=group-AEFA5F9DF58D,id=f2502c96-9954-480b-931a-1e321ebf221a
2021-12-08 16:22:54,575 [Command processor thread] INFO  ratis.XceiverServerRatis (XceiverServerRatis.java:addGroup(768)) - Created group PipelineID=6645bf4e-6893-4079-b731-aefa5f9df58d
2021-12-08 16:22:54,671 [Command processor thread] INFO  commandhandler.CreatePipelineCommandHandler (CreatePipelineCommandHandler.java:handle(106)) - Created Pipeline RATIS THREE PipelineID=6645bf4e-6893-4079-b731-aefa5f9df58d.
2021-12-08 16:22:54,708 [Command processor thread] INFO  commandhandler.CreatePipelineCommandHandler (CreatePipelineCommandHandler.java:handle(106)) - Created Pipeline RATIS THREE PipelineID=6645bf4e-6893-4079-b731-aefa5f9df58d.
2021-12-08 16:22:54,708 [EndpointStateMachine task thread for /127.0.0.1:15821 - 0 ] INFO  ipc.Client (Client.java:handleConnectionFailure(977)) - Retrying connect to server: localhost/127.0.0.1:15821. Already tried 7 time(s); retry policy is RetryUpToMaximumCountWithFixedSleep(maxRetries=15, sleepTime=1000 MILLISECONDS)
2021-12-08 16:22:54,836 [Listener at 127.0.0.1/13584] INFO  ozone.MiniOzoneClusterImpl (MiniOzoneClusterImpl.java:lambda$waitForClusterToBeReady$0(235)) - Nodes are ready. Got 3 of 3 DN Heartbeats.
2021-12-08 16:22:54,836 [Listener at 127.0.0.1/13584] INFO  ozone.MiniOzoneClusterImpl (MiniOzoneClusterImpl.java:lambda$waitForClusterToBeReady$0(238)) - Waiting for cluster to exit safe mode
2021-12-08 16:22:54,836 [Listener at 127.0.0.1/13584] INFO  ozone.MiniOzoneClusterImpl (MiniOzoneClusterImpl.java:lambda$waitForClusterToBeReady$0(240)) - SCM became leader
2021-12-08 16:22:54,860 [Command processor thread] INFO  server.RaftServer (RaftServerProxy.java:addNew(95)) - 21742dd4-f00f-4901-aa0f-47c4214f17a6: addNew group-FA843695D7C2:[21742dd4-f00f-4901-aa0f-47c4214f17a6|rpc:127.0.0.1:43053|priority:1] returns group-FA843695D7C2:java.util.concurrent.CompletableFuture@999f7e6[Not completed]
2021-12-08 16:22:54,862 [pool-320-thread-1] INFO  server.RaftServer$Division (RaftServerImpl.java:<init>(184)) - 21742dd4-f00f-4901-aa0f-47c4214f17a6: new RaftServerImpl for group-FA843695D7C2:[21742dd4-f00f-4901-aa0f-47c4214f17a6|rpc:127.0.0.1:43053|priority:1] with ContainerStateMachine:uninitialized
2021-12-08 16:22:54,862 [pool-320-thread-1] INFO  server.RaftServerConfigKeys (ConfUtils.java:logGet(44)) - raft.server.rpc.timeout.min = 5s (custom)
2021-12-08 16:22:54,863 [pool-320-thread-1] INFO  server.RaftServerConfigKeys (ConfUtils.java:logGet(44)) - raft.server.rpc.timeout.max = 5200ms (custom)
2021-12-08 16:22:54,863 [pool-320-thread-1] INFO  server.RaftServerConfigKeys (ConfUtils.java:logGet(44)) - raft.server.rpc.sleep.time = 25ms (default)
2021-12-08 16:22:54,863 [pool-320-thread-1] INFO  server.RaftServerConfigKeys (ConfUtils.java:logGet(44)) - raft.server.rpc.slowness.timeout = 300s (custom)
2021-12-08 16:22:54,863 [pool-320-thread-1] INFO  server.RaftServerConfigKeys (ConfUtils.java:logGet(44)) - raft.server.leaderelection.leader.step-down.wait-time = 10s (default)
2021-12-08 16:22:54,863 [pool-320-thread-1] INFO  server.RaftServerConfigKeys (ConfUtils.java:logGet(44)) - raft.server.sleep.deviation.threshold = 300ms (default)
2021-12-08 16:22:54,863 [pool-320-thread-1] INFO  server.RaftServerConfigKeys (ConfUtils.java:logGet(44)) - raft.server.log.appender.install.snapshot.enabled = false (custom)
2021-12-08 16:22:54,863 [pool-320-thread-1] INFO  server.RaftServer$Division (ServerState.java:<init>(105)) - 21742dd4-f00f-4901-aa0f-47c4214f17a6@group-FA843695D7C2: ConfigurationManager, init=-1: [21742dd4-f00f-4901-aa0f-47c4214f17a6|rpc:127.0.0.1:43053|priority:1], old=null, confs=<EMPTY_MAP>
2021-12-08 16:22:54,863 [pool-320-thread-1] INFO  server.RaftServerConfigKeys (ConfUtils.java:logGet(44)) - raft.server.storage.dir = [/home/runner/work/ozone/ozone/hadoop-ozone/integration-test/target/test-dir/MiniOzoneClusterImpl-871b6dc8-7d19-4806-8910-93507a544922/datanode-2/data/ratis] (custom)
2021-12-08 16:22:54,863 [pool-320-thread-1] INFO  server.RaftServerConfigKeys (ConfUtils.java:logGet(44)) - raft.server.log.corruption.policy = EXCEPTION (default)
2021-12-08 16:22:54,863 [pool-320-thread-1] INFO  server.RaftServerConfigKeys (ConfUtils.java:logGet(44)) - raft.server.storage.free-space.min = 0MB (=0) (default)
2021-12-08 16:22:54,863 [pool-320-thread-1] INFO  storage.RaftStorageDirectory (RaftStorageDirectoryImpl.java:analyzeStorage(135)) - The storage directory /home/runner/work/ozone/ozone/hadoop-ozone/integration-test/target/test-dir/MiniOzoneClusterImpl-871b6dc8-7d19-4806-8910-93507a544922/datanode-2/data/ratis/4253f09f-a425-4633-8815-fa843695d7c2 does not exist. Creating ...
2021-12-08 16:22:54,866 [pool-320-thread-1] INFO  storage.RaftStorageDirectory (RaftStorageDirectoryImpl.java:tryLock(230)) - Lock on /home/runner/work/ozone/ozone/hadoop-ozone/integration-test/target/test-dir/MiniOzoneClusterImpl-871b6dc8-7d19-4806-8910-93507a544922/datanode-2/data/ratis/4253f09f-a425-4633-8815-fa843695d7c2/in_use.lock acquired by nodename 1098@fv-az294-221
2021-12-08 16:22:54,867 [pool-320-thread-1] INFO  storage.RaftStorage (RaftStorageImpl.java:format(89)) - Storage directory /home/runner/work/ozone/ozone/hadoop-ozone/integration-test/target/test-dir/MiniOzoneClusterImpl-871b6dc8-7d19-4806-8910-93507a544922/datanode-2/data/ratis/4253f09f-a425-4633-8815-fa843695d7c2 has been successfully formatted.
2021-12-08 16:22:54,867 [pool-320-thread-1] INFO  ratis.ContainerStateMachine (ContainerStateMachine.java:loadSnapshot(231)) - group-FA843695D7C2: The snapshot info is null. Setting the last applied indexto:(t:0, i:~)
2021-12-08 16:22:54,870 [pool-320-thread-1] INFO  server.RaftServerConfigKeys (ConfUtils.java:logGet(44)) - raft.server.notification.no-leader.timeout = 300s (custom)
2021-12-08 16:22:54,871 [EventQueue-PipelineReportForPipelineReportHandler] INFO  pipeline.PipelineManagerImpl (PipelineManagerImpl.java:openPipeline(291)) - Pipeline Pipeline[ Id: 4253f09f-a425-4633-8815-fa843695d7c2, Nodes: 21742dd4-f00f-4901-aa0f-47c4214f17a6{ip: 127.0.0.1, host: localhost, ports: [REPLICATION=44433, RATIS=43053, RATIS_ADMIN=43053, RATIS_SERVER=43053, STANDALONE=34763], networkLocation: /default-rack, certSerialId: null, persistedOpState: IN_SERVICE, persistedOpStateExpiryEpochSec: 0}, ReplicationConfig: RATIS/ONE, State:ALLOCATED, leaderId:21742dd4-f00f-4901-aa0f-47c4214f17a6, CreationTimestamp2021-12-08T16:22:51.865Z[Etc/UTC]] moved to OPEN state
2021-12-08 16:22:54,874 [pool-320-thread-1] INFO  server.RaftServerConfigKeys (ConfUtils.java:logGet(44)) - raft.server.log.use.memory = false (default)
2021-12-08 16:22:54,874 [pool-320-thread-1] INFO  server.RaftServerConfigKeys (ConfUtils.java:logGet(44)) - raft.server.log.purge.gap = 1000000 (custom)
2021-12-08 16:22:54,874 [pool-320-thread-1] INFO  server.RaftServerConfigKeys (ConfUtils.java:logGet(44)) - raft.server.log.appender.buffer.byte-limit = 33554432 (custom)
2021-12-08 16:22:54,875 [a1d7cd84-dd07-406f-a027-06562c9714d9@group-93507A544922-StateMachineUpdater] INFO  safemode.HealthyPipelineSafeModeRule (HealthyPipelineSafeModeRule.java:initializeRule(152)) - Refreshed total pipeline count is 0, healthy pipeline threshold count is 1
2021-12-08 16:22:54,876 [EventQueue-PipelineReportForPipelineReportHandler] INFO  ha.SCMHAInvocationHandler (SCMHAInvocationHandler.java:invokeRatis(113)) - Invoking method public abstract void org.apache.hadoop.hdds.scm.pipeline.PipelineStateManager.updatePipelineState(org.apache.hadoop.hdds.protocol.proto.HddsProtos$PipelineID,org.apache.hadoop.hdds.protocol.proto.HddsProtos$PipelineState) throws java.io.IOException on target org.apache.hadoop.hdds.scm.ha.SCMRatisServerImpl@272c22c8, cost 3264.417us
2021-12-08 16:22:54,876 [EventQueue-OpenPipelineForHealthyPipelineSafeModeRule] INFO  safemode.SCMSafeModeManager (HealthyPipelineSafeModeRule.java:process(124)) - SCM in safe mode. Healthy pipelines reported count is 0, required healthy pipeline reported count is 1
2021-12-08 16:22:54,878 [pool-320-thread-1] INFO  server.RaftServerConfigKeys (ConfUtils.java:logGet(44)) - raft.server.log.segment.size.max = 1048576 (custom)
2021-12-08 16:22:54,883 [pool-320-thread-1] INFO  server.RaftServerConfigKeys (ConfUtils.java:logGet(44)) - raft.server.log.segment.cache.num.max = 2 (custom)
2021-12-08 16:22:54,885 [pool-320-thread-1] INFO  server.RaftServerConfigKeys (ConfUtils.java:logGet(44)) - raft.server.log.segment.cache.size.max = 200MB (=209715200) (default)
2021-12-08 16:22:54,885 [pool-320-thread-1] INFO  segmented.SegmentedRaftLogWorker (SegmentedRaftLogWorker.java:<init>(182)) - new 21742dd4-f00f-4901-aa0f-47c4214f17a6@group-FA843695D7C2-SegmentedRaftLogWorker for RaftStorageImpl:Storage Directory /home/runner/work/ozone/ozone/hadoop-ozone/integration-test/target/test-dir/MiniOzoneClusterImpl-871b6dc8-7d19-4806-8910-93507a544922/datanode-2/data/ratis/4253f09f-a425-4633-8815-fa843695d7c2
2021-12-08 16:22:54,885 [pool-320-thread-1] INFO  server.RaftServerConfigKeys (ConfUtils.java:logGet(44)) - raft.server.log.queue.byte-limit = 2147483647 (custom)
2021-12-08 16:22:54,885 [pool-320-thread-1] INFO  server.RaftServerConfigKeys (ConfUtils.java:logGet(44)) - raft.server.log.queue.element-limit = 1024 (custom)
2021-12-08 16:22:54,885 [pool-320-thread-1] INFO  server.RaftServerConfigKeys (ConfUtils.java:logGet(44)) - raft.server.log.segment.size.max = 1048576 (custom)
2021-12-08 16:22:54,885 [pool-320-thread-1] INFO  server.RaftServerConfigKeys (ConfUtils.java:logGet(44)) - raft.server.log.preallocated.size = 16384 (custom)
2021-12-08 16:22:54,885 [pool-320-thread-1] INFO  server.RaftServerConfigKeys (ConfUtils.java:logGet(44)) - raft.server.log.force.sync.num = 128 (default)
2021-12-08 16:22:54,885 [pool-320-thread-1] INFO  server.RaftServerConfigKeys (ConfUtils.java:logGet(44)) - raft.server.log.statemachine.data.sync = true (default)
2021-12-08 16:22:54,885 [pool-320-thread-1] INFO  server.RaftServerConfigKeys (ConfUtils.java:logGet(44)) - raft.server.log.statemachine.data.sync.timeout = 10s (default)
2021-12-08 16:22:54,885 [pool-320-thread-1] INFO  server.RaftServerConfigKeys (ConfUtils.java:logGet(44)) - raft.server.log.statemachine.data.sync.timeout.retry = -1 (default)
2021-12-08 16:22:54,886 [pool-320-thread-1] INFO  server.RaftServerConfigKeys (ConfUtils.java:logGet(44)) - raft.server.log.write.buffer.size = 1048576 (custom)
2021-12-08 16:22:54,887 [pool-320-thread-1] INFO  server.RaftServerConfigKeys (ConfUtils.java:logGet(44)) - raft.server.log.statemachine.data.caching.enabled = true (custom)
2021-12-08 16:22:54,887 [pool-320-thread-1] INFO  segmented.SegmentedRaftLogWorker (SegmentedRaftLogWorker.java:lambda$new$0(133)) - 21742dd4-f00f-4901-aa0f-47c4214f17a6@group-FA843695D7C2-SegmentedRaftLogWorker: flushIndex: setUnconditionally 0 -> -1
2021-12-08 16:22:54,891 [pool-320-thread-1] INFO  segmented.SegmentedRaftLogWorker (SegmentedRaftLogWorker.java:lambda$new$0(133)) - 21742dd4-f00f-4901-aa0f-47c4214f17a6@group-FA843695D7C2-SegmentedRaftLogWorker: safeCacheEvictIndex: setUnconditionally 0 -> -1
2021-12-08 16:22:54,895 [pool-320-thread-1] INFO  server.RaftServerConfigKeys (ConfUtils.java:logGet(44)) - raft.server.snapshot.auto.trigger.enabled = true (custom)
2021-12-08 16:22:54,895 [pool-320-thread-1] INFO  server.RaftServerConfigKeys (ConfUtils.java:logGet(44)) - raft.server.snapshot.auto.trigger.threshold = 10000 (custom)
2021-12-08 16:22:54,895 [pool-320-thread-1] INFO  server.RaftServerConfigKeys (ConfUtils.java:logGet(44)) - raft.server.snapshot.retention.file.num = 5 (custom)
2021-12-08 16:22:54,895 [pool-320-thread-1] INFO  server.RaftServerConfigKeys (ConfUtils.java:logGet(44)) - raft.server.log.purge.upto.snapshot.index = false (default)
2021-12-08 16:22:54,895 [pool-320-thread-1] INFO  server.RaftServerConfigKeys (ConfUtils.java:logGet(44)) - raft.server.retrycache.expirytime = 600000ms (custom)
2021-12-08 16:22:54,895 [pool-320-thread-1] INFO  server.RaftServerConfigKeys (ConfUtils.java:logGet(44)) - raft.server.retrycache.statistics.expirytime = 100μs (default)
2021-12-08 16:22:54,896 [pool-320-thread-1] INFO  server.RaftServer$Division (RaftServerImpl.java:start(301)) - 21742dd4-f00f-4901-aa0f-47c4214f17a6@group-FA843695D7C2: start as a follower, conf=-1: [21742dd4-f00f-4901-aa0f-47c4214f17a6|rpc:127.0.0.1:43053|priority:1], old=null
2021-12-08 16:22:54,896 [pool-320-thread-1] INFO  server.RaftServer$Division (RaftServerImpl.java:setRole(290)) - 21742dd4-f00f-4901-aa0f-47c4214f17a6@group-FA843695D7C2: changes role from      null to FOLLOWER at term 0 for startAsFollower
2021-12-08 16:22:54,896 [pool-320-thread-1] INFO  impl.RoleInfo (RoleInfo.java:updateAndGet(130)) - 21742dd4-f00f-4901-aa0f-47c4214f17a6: start 21742dd4-f00f-4901-aa0f-47c4214f17a6@group-FA843695D7C2-FollowerState
2021-12-08 16:22:54,899 [pool-320-thread-1] INFO  util.JmxRegister (JmxRegister.java:tryRegister(44)) - Successfully registered JMX Bean with object name Ratis:service=RaftServer,group=group-FA843695D7C2,id=21742dd4-f00f-4901-aa0f-47c4214f17a6
2021-12-08 16:22:54,901 [Command processor thread] INFO  ratis.XceiverServerRatis (XceiverServerRatis.java:addGroup(768)) - Created group PipelineID=4253f09f-a425-4633-8815-fa843695d7c2
2021-12-08 16:22:54,901 [Command processor thread] INFO  commandhandler.CreatePipelineCommandHandler (CreatePipelineCommandHandler.java:handle(106)) - Created Pipeline RATIS ONE PipelineID=4253f09f-a425-4633-8815-fa843695d7c2.
2021-12-08 16:22:55,708 [EndpointStateMachine task thread for /127.0.0.1:15821 - 0 ] INFO  ipc.Client (Client.java:handleConnectionFailure(977)) - Retrying connect to server: localhost/127.0.0.1:15821. Already tried 8 time(s); retry policy is RetryUpToMaximumCountWithFixedSleep(maxRetries=15, sleepTime=1000 MILLISECONDS)
2021-12-08 16:22:55,837 [Listener at 127.0.0.1/13584] INFO  ozone.MiniOzoneClusterImpl (MiniOzoneClusterImpl.java:lambda$waitForClusterToBeReady$0(235)) - Nodes are ready. Got 3 of 3 DN Heartbeats.
2021-12-08 16:22:55,837 [Listener at 127.0.0.1/13584] INFO  ozone.MiniOzoneClusterImpl (MiniOzoneClusterImpl.java:lambda$waitForClusterToBeReady$0(238)) - Waiting for cluster to exit safe mode
2021-12-08 16:22:55,837 [Listener at 127.0.0.1/13584] INFO  ozone.MiniOzoneClusterImpl (MiniOzoneClusterImpl.java:lambda$waitForClusterToBeReady$0(240)) - SCM became leader
2021-12-08 16:22:56,709 [EndpointStateMachine task thread for /127.0.0.1:15821 - 0 ] INFO  ipc.Client (Client.java:handleConnectionFailure(977)) - Retrying connect to server: localhost/127.0.0.1:15821. Already tried 9 time(s); retry policy is RetryUpToMaximumCountWithFixedSleep(maxRetries=15, sleepTime=1000 MILLISECONDS)
2021-12-08 16:22:56,837 [Listener at 127.0.0.1/13584] INFO  ozone.MiniOzoneClusterImpl (MiniOzoneClusterImpl.java:lambda$waitForClusterToBeReady$0(235)) - Nodes are ready. Got 3 of 3 DN Heartbeats.
2021-12-08 16:22:56,837 [Listener at 127.0.0.1/13584] INFO  ozone.MiniOzoneClusterImpl (MiniOzoneClusterImpl.java:lambda$waitForClusterToBeReady$0(238)) - Waiting for cluster to exit safe mode
2021-12-08 16:22:56,837 [Listener at 127.0.0.1/13584] INFO  ozone.MiniOzoneClusterImpl (MiniOzoneClusterImpl.java:lambda$waitForClusterToBeReady$0(240)) - SCM became leader
2021-12-08 16:22:57,709 [EndpointStateMachine task thread for /127.0.0.1:15821 - 0 ] INFO  ipc.Client (Client.java:handleConnectionFailure(977)) - Retrying connect to server: localhost/127.0.0.1:15821. Already tried 10 time(s); retry policy is RetryUpToMaximumCountWithFixedSleep(maxRetries=15, sleepTime=1000 MILLISECONDS)
2021-12-08 16:22:57,838 [Listener at 127.0.0.1/13584] INFO  ozone.MiniOzoneClusterImpl (MiniOzoneClusterImpl.java:lambda$waitForClusterToBeReady$0(235)) - Nodes are ready. Got 3 of 3 DN Heartbeats.
2021-12-08 16:22:57,838 [Listener at 127.0.0.1/13584] INFO  ozone.MiniOzoneClusterImpl (MiniOzoneClusterImpl.java:lambda$waitForClusterToBeReady$0(238)) - Waiting for cluster to exit safe mode
2021-12-08 16:22:57,838 [Listener at 127.0.0.1/13584] INFO  ozone.MiniOzoneClusterImpl (MiniOzoneClusterImpl.java:lambda$waitForClusterToBeReady$0(240)) - SCM became leader
2021-12-08 16:22:58,710 [EndpointStateMachine task thread for /127.0.0.1:15821 - 0 ] INFO  ipc.Client (Client.java:handleConnectionFailure(977)) - Retrying connect to server: localhost/127.0.0.1:15821. Already tried 11 time(s); retry policy is RetryUpToMaximumCountWithFixedSleep(maxRetries=15, sleepTime=1000 MILLISECONDS)
2021-12-08 16:22:58,838 [Listener at 127.0.0.1/13584] INFO  ozone.MiniOzoneClusterImpl (MiniOzoneClusterImpl.java:lambda$waitForClusterToBeReady$0(235)) - Nodes are ready. Got 3 of 3 DN Heartbeats.
2021-12-08 16:22:58,838 [Listener at 127.0.0.1/13584] INFO  ozone.MiniOzoneClusterImpl (MiniOzoneClusterImpl.java:lambda$waitForClusterToBeReady$0(238)) - Waiting for cluster to exit safe mode
2021-12-08 16:22:58,838 [Listener at 127.0.0.1/13584] INFO  ozone.MiniOzoneClusterImpl (MiniOzoneClusterImpl.java:lambda$waitForClusterToBeReady$0(240)) - SCM became leader
2021-12-08 16:22:59,417 [d711cf8e-9345-4010-b204-37d4bd542fc0@group-96755A256AD4-FollowerState] INFO  impl.FollowerState (FollowerState.java:run(134)) - d711cf8e-9345-4010-b204-37d4bd542fc0@group-96755A256AD4-FollowerState: change to CANDIDATE, lastRpcElapsedTime:5174221283ns, electionTimeout:5172ms
2021-12-08 16:22:59,417 [d711cf8e-9345-4010-b204-37d4bd542fc0@group-96755A256AD4-FollowerState] INFO  impl.RoleInfo (RoleInfo.java:shutdownFollowerState(108)) - d711cf8e-9345-4010-b204-37d4bd542fc0: shutdown d711cf8e-9345-4010-b204-37d4bd542fc0@group-96755A256AD4-FollowerState
2021-12-08 16:22:59,418 [d711cf8e-9345-4010-b204-37d4bd542fc0@group-96755A256AD4-FollowerState] INFO  server.RaftServer$Division (RaftServerImpl.java:setRole(290)) - d711cf8e-9345-4010-b204-37d4bd542fc0@group-96755A256AD4: changes role from  FOLLOWER to CANDIDATE at term 0 for changeToCandidate
2021-12-08 16:22:59,418 [d711cf8e-9345-4010-b204-37d4bd542fc0@group-96755A256AD4-FollowerState] INFO  server.RaftServerConfigKeys (ConfUtils.java:logGet(44)) - raft.server.leaderelection.pre-vote = false (custom)
2021-12-08 16:22:59,418 [d711cf8e-9345-4010-b204-37d4bd542fc0@group-96755A256AD4-FollowerState] INFO  impl.RoleInfo (RoleInfo.java:updateAndGet(130)) - d711cf8e-9345-4010-b204-37d4bd542fc0: start d711cf8e-9345-4010-b204-37d4bd542fc0@group-96755A256AD4-LeaderElection22
2021-12-08 16:22:59,430 [d711cf8e-9345-4010-b204-37d4bd542fc0@group-96755A256AD4-LeaderElection22] INFO  impl.LeaderElection (LeaderElection.java:askForVotes(306)) - d711cf8e-9345-4010-b204-37d4bd542fc0@group-96755A256AD4-LeaderElection22 ELECTION round 0: submit vote requests at term 1 for -1: [d711cf8e-9345-4010-b204-37d4bd542fc0|rpc:127.0.0.1:34071|priority:1], old=null
2021-12-08 16:22:59,430 [d711cf8e-9345-4010-b204-37d4bd542fc0@group-96755A256AD4-LeaderElection22] INFO  impl.LeaderElection (LeaderElection.java:askForVotes(308)) - d711cf8e-9345-4010-b204-37d4bd542fc0@group-96755A256AD4-LeaderElection22 ELECTION round 0: result PASSED (term=1)
2021-12-08 16:22:59,430 [d711cf8e-9345-4010-b204-37d4bd542fc0@group-96755A256AD4-LeaderElection22] INFO  impl.RoleInfo (RoleInfo.java:shutdownLeaderElection(121)) - d711cf8e-9345-4010-b204-37d4bd542fc0: shutdown d711cf8e-9345-4010-b204-37d4bd542fc0@group-96755A256AD4-LeaderElection22
2021-12-08 16:22:59,430 [d711cf8e-9345-4010-b204-37d4bd542fc0@group-96755A256AD4-LeaderElection22] INFO  server.RaftServer$Division (RaftServerImpl.java:setRole(290)) - d711cf8e-9345-4010-b204-37d4bd542fc0@group-96755A256AD4: changes role from CANDIDATE to LEADER at term 1 for changeToLeader
2021-12-08 16:22:59,430 [d711cf8e-9345-4010-b204-37d4bd542fc0@group-96755A256AD4-LeaderElection22] INFO  ratis.XceiverServerRatis (XceiverServerRatis.java:handleLeaderChangedNotification(866)) - Leader change notification received for group: group-96755A256AD4 with new leaderId: d711cf8e-9345-4010-b204-37d4bd542fc0
2021-12-08 16:22:59,430 [d711cf8e-9345-4010-b204-37d4bd542fc0@group-96755A256AD4-LeaderElection22] INFO  server.RaftServer$Division (ServerState.java:setLeader(285)) - d711cf8e-9345-4010-b204-37d4bd542fc0@group-96755A256AD4: change Leader from null to d711cf8e-9345-4010-b204-37d4bd542fc0 at term 1 for becomeLeader, leader elected after 5207ms
2021-12-08 16:22:59,431 [d711cf8e-9345-4010-b204-37d4bd542fc0@group-96755A256AD4-LeaderElection22] INFO  server.RaftServerConfigKeys (ConfUtils.java:logGet(44)) - raft.server.staging.catchup.gap = 1000 (default)
2021-12-08 16:22:59,432 [EventQueue-OpenPipelineForHealthyPipelineSafeModeRule] INFO  safemode.SCMSafeModeManager (HealthyPipelineSafeModeRule.java:process(124)) - SCM in safe mode. Healthy pipelines reported count is 0, required healthy pipeline reported count is 1
2021-12-08 16:22:59,434 [d711cf8e-9345-4010-b204-37d4bd542fc0@group-96755A256AD4-LeaderElection22] INFO  server.RaftServerConfigKeys (ConfUtils.java:logGet(44)) - raft.server.write.element-limit = 1024 (custom)
2021-12-08 16:22:59,434 [d711cf8e-9345-4010-b204-37d4bd542fc0@group-96755A256AD4-LeaderElection22] INFO  server.RaftServerConfigKeys (ConfUtils.java:logGet(44)) - raft.server.write.byte-limit = 1024 M (=1073741824) (custom)
2021-12-08 16:22:59,435 [d711cf8e-9345-4010-b204-37d4bd542fc0@group-96755A256AD4-LeaderElection22] INFO  server.RaftServerConfigKeys (ConfUtils.java:logGet(44)) - raft.server.watch.timeout = 180s (custom)
2021-12-08 16:22:59,435 [d711cf8e-9345-4010-b204-37d4bd542fc0@group-96755A256AD4-LeaderElection22] INFO  server.RaftServerConfigKeys (ConfUtils.java:logGet(44)) - raft.server.watch.timeout.denomination = 1s (default)
2021-12-08 16:22:59,435 [d711cf8e-9345-4010-b204-37d4bd542fc0@group-96755A256AD4-LeaderElection22] INFO  server.RaftServerConfigKeys (ConfUtils.java:logGet(44)) - raft.server.watch.element-limit = 65536 (default)
2021-12-08 16:22:59,435 [d711cf8e-9345-4010-b204-37d4bd542fc0@group-96755A256AD4-LeaderElection22] INFO  server.RaftServerConfigKeys (ConfUtils.java:logGet(44)) - raft.server.write.element-limit = 1024 (custom)
2021-12-08 16:22:59,435 [d711cf8e-9345-4010-b204-37d4bd542fc0@group-96755A256AD4-LeaderElection22] INFO  server.RaftServerConfigKeys (ConfUtils.java:logGet(44)) - raft.server.write.follower.gap.ratio.max = -1.0 (default)
2021-12-08 16:22:59,436 [d711cf8e-9345-4010-b204-37d4bd542fc0@group-96755A256AD4-LeaderElection22] INFO  impl.RoleInfo (RoleInfo.java:updateAndGet(130)) - d711cf8e-9345-4010-b204-37d4bd542fc0: start d711cf8e-9345-4010-b204-37d4bd542fc0@group-96755A256AD4-LeaderStateImpl
2021-12-08 16:22:59,443 [d711cf8e-9345-4010-b204-37d4bd542fc0@group-96755A256AD4-LeaderElection22] INFO  segmented.SegmentedRaftLogWorker (SegmentedRaftLogWorker.java:startLogSegment(394)) - d711cf8e-9345-4010-b204-37d4bd542fc0@group-96755A256AD4-SegmentedRaftLogWorker: Starting segment from index:0
2021-12-08 16:22:59,445 [d711cf8e-9345-4010-b204-37d4bd542fc0@group-96755A256AD4-SegmentedRaftLogWorker] INFO  segmented.SegmentedRaftLogWorker (SegmentedRaftLogWorker.java:execute(601)) - d711cf8e-9345-4010-b204-37d4bd542fc0@group-96755A256AD4-SegmentedRaftLogWorker: created new log segment /home/runner/work/ozone/ozone/hadoop-ozone/integration-test/target/test-dir/MiniOzoneClusterImpl-871b6dc8-7d19-4806-8910-93507a544922/datanode-0/data/ratis/0e07491a-228c-4bd1-b1e3-96755a256ad4/current/log_inprogress_0
2021-12-08 16:22:59,445 [d711cf8e-9345-4010-b204-37d4bd542fc0@group-96755A256AD4-LeaderElection22] INFO  server.RaftServer$Division (ServerState.java:setRaftConf(387)) - d711cf8e-9345-4010-b204-37d4bd542fc0@group-96755A256AD4: set configuration 0: [d711cf8e-9345-4010-b204-37d4bd542fc0|rpc:127.0.0.1:34071|dataStream:|priority:1], old=null
2021-12-08 16:22:59,445 [d711cf8e-9345-4010-b204-37d4bd542fc0@group-46DB46A971F0-FollowerState] INFO  impl.FollowerState (FollowerState.java:run(134)) - d711cf8e-9345-4010-b204-37d4bd542fc0@group-46DB46A971F0-FollowerState: change to CANDIDATE, lastRpcElapsedTime:5170959567ns, electionTimeout:5161ms
2021-12-08 16:22:59,446 [d711cf8e-9345-4010-b204-37d4bd542fc0@group-46DB46A971F0-FollowerState] INFO  impl.RoleInfo (RoleInfo.java:shutdownFollowerState(108)) - d711cf8e-9345-4010-b204-37d4bd542fc0: shutdown d711cf8e-9345-4010-b204-37d4bd542fc0@group-46DB46A971F0-FollowerState
2021-12-08 16:22:59,446 [d711cf8e-9345-4010-b204-37d4bd542fc0@group-46DB46A971F0-FollowerState] INFO  server.RaftServer$Division (RaftServerImpl.java:setRole(290)) - d711cf8e-9345-4010-b204-37d4bd542fc0@group-46DB46A971F0: changes role from  FOLLOWER to CANDIDATE at term 0 for changeToCandidate
2021-12-08 16:22:59,446 [d711cf8e-9345-4010-b204-37d4bd542fc0@group-46DB46A971F0-FollowerState] INFO  server.RaftServerConfigKeys (ConfUtils.java:logGet(44)) - raft.server.leaderelection.pre-vote = false (custom)
2021-12-08 16:22:59,446 [d711cf8e-9345-4010-b204-37d4bd542fc0@group-46DB46A971F0-FollowerState] INFO  impl.RoleInfo (RoleInfo.java:updateAndGet(130)) - d711cf8e-9345-4010-b204-37d4bd542fc0: start d711cf8e-9345-4010-b204-37d4bd542fc0@group-46DB46A971F0-LeaderElection23
2021-12-08 16:22:59,470 [d711cf8e-9345-4010-b204-37d4bd542fc0@group-46DB46A971F0-LeaderElection23] INFO  impl.LeaderElection (LeaderElection.java:askForVotes(306)) - d711cf8e-9345-4010-b204-37d4bd542fc0@group-46DB46A971F0-LeaderElection23 ELECTION round 0: submit vote requests at term 1 for -1: [d711cf8e-9345-4010-b204-37d4bd542fc0|rpc:127.0.0.1:34071|priority:0, f2502c96-9954-480b-931a-1e321ebf221a|rpc:127.0.0.1:40135|priority:1, 21742dd4-f00f-4901-aa0f-47c4214f17a6|rpc:127.0.0.1:43053|priority:0], old=null
2021-12-08 16:22:59,476 [21742dd4-f00f-4901-aa0f-47c4214f17a6@group-46DB46A971F0-FollowerState] INFO  impl.FollowerState (FollowerState.java:run(134)) - 21742dd4-f00f-4901-aa0f-47c4214f17a6@group-46DB46A971F0-FollowerState: change to CANDIDATE, lastRpcElapsedTime:5105472235ns, electionTimeout:5085ms
2021-12-08 16:22:59,476 [21742dd4-f00f-4901-aa0f-47c4214f17a6@group-46DB46A971F0-FollowerState] INFO  impl.RoleInfo (RoleInfo.java:shutdownFollowerState(108)) - 21742dd4-f00f-4901-aa0f-47c4214f17a6: shutdown 21742dd4-f00f-4901-aa0f-47c4214f17a6@group-46DB46A971F0-FollowerState
2021-12-08 16:22:59,476 [21742dd4-f00f-4901-aa0f-47c4214f17a6@group-46DB46A971F0-FollowerState] INFO  server.RaftServer$Division (RaftServerImpl.java:setRole(290)) - 21742dd4-f00f-4901-aa0f-47c4214f17a6@group-46DB46A971F0: changes role from  FOLLOWER to CANDIDATE at term 0 for changeToCandidate
2021-12-08 16:22:59,483 [d711cf8e-9345-4010-b204-37d4bd542fc0@group-AEFA5F9DF58D-FollowerState] INFO  impl.FollowerState (FollowerState.java:run(134)) - d711cf8e-9345-4010-b204-37d4bd542fc0@group-AEFA5F9DF58D-FollowerState: change to CANDIDATE, lastRpcElapsedTime:5003456419ns, electionTimeout:5002ms
2021-12-08 16:22:59,483 [d711cf8e-9345-4010-b204-37d4bd542fc0@group-AEFA5F9DF58D-FollowerState] INFO  impl.RoleInfo (RoleInfo.java:shutdownFollowerState(108)) - d711cf8e-9345-4010-b204-37d4bd542fc0: shutdown d711cf8e-9345-4010-b204-37d4bd542fc0@group-AEFA5F9DF58D-FollowerState
2021-12-08 16:22:59,483 [d711cf8e-9345-4010-b204-37d4bd542fc0@group-AEFA5F9DF58D-FollowerState] INFO  server.RaftServer$Division (RaftServerImpl.java:setRole(290)) - d711cf8e-9345-4010-b204-37d4bd542fc0@group-AEFA5F9DF58D: changes role from  FOLLOWER to CANDIDATE at term 0 for changeToCandidate
2021-12-08 16:22:59,501 [d711cf8e-9345-4010-b204-37d4bd542fc0@group-AEFA5F9DF58D-FollowerState] INFO  server.RaftServerConfigKeys (ConfUtils.java:logGet(44)) - raft.server.leaderelection.pre-vote = false (custom)
2021-12-08 16:22:59,502 [d711cf8e-9345-4010-b204-37d4bd542fc0@group-AEFA5F9DF58D-FollowerState] INFO  impl.RoleInfo (RoleInfo.java:updateAndGet(130)) - d711cf8e-9345-4010-b204-37d4bd542fc0: start d711cf8e-9345-4010-b204-37d4bd542fc0@group-AEFA5F9DF58D-LeaderElection25
2021-12-08 16:22:59,510 [21742dd4-f00f-4901-aa0f-47c4214f17a6@group-46DB46A971F0-FollowerState] INFO  server.RaftServerConfigKeys (ConfUtils.java:logGet(44)) - raft.server.leaderelection.pre-vote = false (custom)
2021-12-08 16:22:59,511 [21742dd4-f00f-4901-aa0f-47c4214f17a6@group-46DB46A971F0-FollowerState] INFO  impl.RoleInfo (RoleInfo.java:updateAndGet(130)) - 21742dd4-f00f-4901-aa0f-47c4214f17a6: start 21742dd4-f00f-4901-aa0f-47c4214f17a6@group-46DB46A971F0-LeaderElection24
2021-12-08 16:22:59,521 [d711cf8e-9345-4010-b204-37d4bd542fc0@group-AEFA5F9DF58D-LeaderElection25] INFO  impl.LeaderElection (LeaderElection.java:askForVotes(306)) - d711cf8e-9345-4010-b204-37d4bd542fc0@group-AEFA5F9DF58D-LeaderElection25 ELECTION round 0: submit vote requests at term 1 for -1: [d711cf8e-9345-4010-b204-37d4bd542fc0|rpc:127.0.0.1:34071|priority:0, f2502c96-9954-480b-931a-1e321ebf221a|rpc:127.0.0.1:40135|priority:0, 21742dd4-f00f-4901-aa0f-47c4214f17a6|rpc:127.0.0.1:43053|priority:1], old=null
2021-12-08 16:22:59,523 [21742dd4-f00f-4901-aa0f-47c4214f17a6@group-46DB46A971F0-LeaderElection24] INFO  impl.LeaderElection (LeaderElection.java:askForVotes(306)) - 21742dd4-f00f-4901-aa0f-47c4214f17a6@group-46DB46A971F0-LeaderElection24 ELECTION round 0: submit vote requests at term 1 for -1: [d711cf8e-9345-4010-b204-37d4bd542fc0|rpc:127.0.0.1:34071|dataStream:|priority:0, f2502c96-9954-480b-931a-1e321ebf221a|rpc:127.0.0.1:40135|dataStream:|priority:1, 21742dd4-f00f-4901-aa0f-47c4214f17a6|rpc:127.0.0.1:43053|dataStream:|priority:0], old=null
2021-12-08 16:22:59,535 [21742dd4-f00f-4901-aa0f-47c4214f17a6@group-AEFA5F9DF58D-FollowerState] INFO  impl.FollowerState (FollowerState.java:run(134)) - 21742dd4-f00f-4901-aa0f-47c4214f17a6@group-AEFA5F9DF58D-FollowerState: change to CANDIDATE, lastRpcElapsedTime:5023941122ns, electionTimeout:5009ms
2021-12-08 16:22:59,535 [21742dd4-f00f-4901-aa0f-47c4214f17a6@group-AEFA5F9DF58D-FollowerState] INFO  impl.RoleInfo (RoleInfo.java:shutdownFollowerState(108)) - 21742dd4-f00f-4901-aa0f-47c4214f17a6: shutdown 21742dd4-f00f-4901-aa0f-47c4214f17a6@group-AEFA5F9DF58D-FollowerState
2021-12-08 16:22:59,535 [21742dd4-f00f-4901-aa0f-47c4214f17a6@group-AEFA5F9DF58D-FollowerState] INFO  server.RaftServer$Division (RaftServerImpl.java:setRole(290)) - 21742dd4-f00f-4901-aa0f-47c4214f17a6@group-AEFA5F9DF58D: changes role from  FOLLOWER to CANDIDATE at term 0 for changeToCandidate
2021-12-08 16:22:59,545 [grpc-default-executor-0] INFO  server.RaftServer$Division (RaftServerImpl.java:requestVote(1046)) - f2502c96-9954-480b-931a-1e321ebf221a@group-46DB46A971F0: receive requestVote(ELECTION, d711cf8e-9345-4010-b204-37d4bd542fc0, group-46DB46A971F0, 1, (t:0, i:0))
2021-12-08 16:22:59,562 [grpc-default-executor-0] INFO  impl.VoteContext (VoteContext.java:log(48)) - f2502c96-9954-480b-931a-1e321ebf221a@group-46DB46A971F0-FOLLOWER: reject ELECTION from d711cf8e-9345-4010-b204-37d4bd542fc0: our priority 1 > candidate's priority 0
2021-12-08 16:22:59,562 [grpc-default-executor-0] INFO  server.RaftServer$Division (RaftServerImpl.java:setRole(290)) - f2502c96-9954-480b-931a-1e321ebf221a@group-46DB46A971F0: changes role from  FOLLOWER to FOLLOWER at term 1 for candidate:d711cf8e-9345-4010-b204-37d4bd542fc0
2021-12-08 16:22:59,562 [grpc-default-executor-0] INFO  impl.RoleInfo (RoleInfo.java:shutdownFollowerState(108)) - f2502c96-9954-480b-931a-1e321ebf221a: shutdown f2502c96-9954-480b-931a-1e321ebf221a@group-46DB46A971F0-FollowerState
2021-12-08 16:22:59,562 [grpc-default-executor-0] INFO  impl.RoleInfo (RoleInfo.java:updateAndGet(130)) - f2502c96-9954-480b-931a-1e321ebf221a: start f2502c96-9954-480b-931a-1e321ebf221a@group-46DB46A971F0-FollowerState
2021-12-08 16:22:59,562 [grpc-default-executor-1] INFO  server.RaftServer$Division (RaftServerImpl.java:requestVote(1046)) - 21742dd4-f00f-4901-aa0f-47c4214f17a6@group-AEFA5F9DF58D: receive requestVote(ELECTION, d711cf8e-9345-4010-b204-37d4bd542fc0, group-AEFA5F9DF58D, 1, (t:0, i:0))
2021-12-08 16:22:59,562 [f2502c96-9954-480b-931a-1e321ebf221a@group-46DB46A971F0-FollowerState] INFO  impl.FollowerState (FollowerState.java:run(143)) - f2502c96-9954-480b-931a-1e321ebf221a@group-46DB46A971F0-FollowerState was interrupted: {}
java.lang.InterruptedException: sleep interrupted
	at java.lang.Thread.sleep(Native Method)
	at java.lang.Thread.sleep(Thread.java:340)
	at java.util.concurrent.TimeUnit.sleep(TimeUnit.java:386)
	at org.apache.ratis.util.TimeDuration.sleep(TimeDuration.java:324)
	at org.apache.ratis.util.TimeDuration.sleep(TimeDuration.java:309)
	at org.apache.ratis.server.impl.FollowerState.run(FollowerState.java:118)
2021-12-08 16:22:59,547 [grpc-default-executor-2] INFO  server.RaftServer$Division (RaftServerImpl.java:requestVote(1046)) - f2502c96-9954-480b-931a-1e321ebf221a@group-AEFA5F9DF58D: receive requestVote(ELECTION, d711cf8e-9345-4010-b204-37d4bd542fc0, group-AEFA5F9DF58D, 1, (t:0, i:0))
2021-12-08 16:22:59,563 [grpc-default-executor-2] INFO  impl.VoteContext (VoteContext.java:log(48)) - f2502c96-9954-480b-931a-1e321ebf221a@group-AEFA5F9DF58D-FOLLOWER: accept ELECTION from d711cf8e-9345-4010-b204-37d4bd542fc0: our priority 0 <= candidate's priority 0
2021-12-08 16:22:59,563 [grpc-default-executor-2] INFO  server.RaftServer$Division (RaftServerImpl.java:setRole(290)) - f2502c96-9954-480b-931a-1e321ebf221a@group-AEFA5F9DF58D: changes role from  FOLLOWER to FOLLOWER at term 1 for candidate:d711cf8e-9345-4010-b204-37d4bd542fc0
2021-12-08 16:22:59,563 [grpc-default-executor-2] INFO  impl.RoleInfo (RoleInfo.java:shutdownFollowerState(108)) - f2502c96-9954-480b-931a-1e321ebf221a: shutdown f2502c96-9954-480b-931a-1e321ebf221a@group-AEFA5F9DF58D-FollowerState
2021-12-08 16:22:59,563 [grpc-default-executor-2] INFO  impl.RoleInfo (RoleInfo.java:updateAndGet(130)) - f2502c96-9954-480b-931a-1e321ebf221a: start f2502c96-9954-480b-931a-1e321ebf221a@group-AEFA5F9DF58D-FollowerState
2021-12-08 16:22:59,563 [grpc-default-executor-5] INFO  server.RaftServer$Division (RaftServerImpl.java:requestVote(1046)) - d711cf8e-9345-4010-b204-37d4bd542fc0@group-46DB46A971F0: receive requestVote(ELECTION, 21742dd4-f00f-4901-aa0f-47c4214f17a6, group-46DB46A971F0, 1, (t:0, i:0))
2021-12-08 16:22:59,563 [grpc-default-executor-5] INFO  impl.VoteContext (VoteContext.java:log(48)) - d711cf8e-9345-4010-b204-37d4bd542fc0@group-46DB46A971F0-CANDIDATE: reject ELECTION from 21742dd4-f00f-4901-aa0f-47c4214f17a6: already has voted for d711cf8e-9345-4010-b204-37d4bd542fc0 at current term 1
2021-12-08 16:22:59,563 [grpc-default-executor-5] INFO  server.RaftServer$Division (RaftServerImpl.java:requestVote(1078)) - d711cf8e-9345-4010-b204-37d4bd542fc0@group-46DB46A971F0 replies to ELECTION vote request: 21742dd4-f00f-4901-aa0f-47c4214f17a6<-d711cf8e-9345-4010-b204-37d4bd542fc0#0:FAIL-t1. Peer's state: d711cf8e-9345-4010-b204-37d4bd542fc0@group-46DB46A971F0:t1, leader=null, voted=d711cf8e-9345-4010-b204-37d4bd542fc0, raftlog=d711cf8e-9345-4010-b204-37d4bd542fc0@group-46DB46A971F0-SegmentedRaftLog:OPENED:c-1, conf=-1: [d711cf8e-9345-4010-b204-37d4bd542fc0|rpc:127.0.0.1:34071|priority:0, f2502c96-9954-480b-931a-1e321ebf221a|rpc:127.0.0.1:40135|priority:1, 21742dd4-f00f-4901-aa0f-47c4214f17a6|rpc:127.0.0.1:43053|priority:0], old=null
2021-12-08 16:22:59,563 [f2502c96-9954-480b-931a-1e321ebf221a@group-AEFA5F9DF58D-FollowerState] INFO  impl.FollowerState (FollowerState.java:run(143)) - f2502c96-9954-480b-931a-1e321ebf221a@group-AEFA5F9DF58D-FollowerState was interrupted: {}
java.lang.InterruptedException: sleep interrupted
	at java.lang.Thread.sleep(Native Method)
	at java.lang.Thread.sleep(Thread.java:340)
	at java.util.concurrent.TimeUnit.sleep(TimeUnit.java:386)
	at org.apache.ratis.util.TimeDuration.sleep(TimeDuration.java:324)
	at org.apache.ratis.util.TimeDuration.sleep(TimeDuration.java:309)
	at org.apache.ratis.server.impl.FollowerState.run(FollowerState.java:118)
2021-12-08 16:22:59,562 [grpc-default-executor-4] INFO  server.RaftServer$Division (RaftServerImpl.java:requestVote(1046)) - 21742dd4-f00f-4901-aa0f-47c4214f17a6@group-46DB46A971F0: receive requestVote(ELECTION, d711cf8e-9345-4010-b204-37d4bd542fc0, group-46DB46A971F0, 1, (t:0, i:0))
2021-12-08 16:22:59,571 [grpc-default-executor-4] INFO  impl.VoteContext (VoteContext.java:log(48)) - 21742dd4-f00f-4901-aa0f-47c4214f17a6@group-46DB46A971F0-CANDIDATE: reject ELECTION from d711cf8e-9345-4010-b204-37d4bd542fc0: already has voted for 21742dd4-f00f-4901-aa0f-47c4214f17a6 at current term 1
2021-12-08 16:22:59,571 [grpc-default-executor-4] INFO  server.RaftServer$Division (RaftServerImpl.java:requestVote(1078)) - 21742dd4-f00f-4901-aa0f-47c4214f17a6@group-46DB46A971F0 replies to ELECTION vote request: d711cf8e-9345-4010-b204-37d4bd542fc0<-21742dd4-f00f-4901-aa0f-47c4214f17a6#0:FAIL-t1. Peer's state: 21742dd4-f00f-4901-aa0f-47c4214f17a6@group-46DB46A971F0:t1, leader=null, voted=21742dd4-f00f-4901-aa0f-47c4214f17a6, raftlog=21742dd4-f00f-4901-aa0f-47c4214f17a6@group-46DB46A971F0-SegmentedRaftLog:OPENED:c-1, conf=-1: [d711cf8e-9345-4010-b204-37d4bd542fc0|rpc:127.0.0.1:34071|dataStream:|priority:0, f2502c96-9954-480b-931a-1e321ebf221a|rpc:127.0.0.1:40135|dataStream:|priority:1, 21742dd4-f00f-4901-aa0f-47c4214f17a6|rpc:127.0.0.1:43053|dataStream:|priority:0], old=null
2021-12-08 16:22:59,566 [21742dd4-f00f-4901-aa0f-47c4214f17a6@group-AEFA5F9DF58D-FollowerState] INFO  server.RaftServerConfigKeys (ConfUtils.java:logGet(44)) - raft.server.leaderelection.pre-vote = false (custom)
2021-12-08 16:22:59,571 [21742dd4-f00f-4901-aa0f-47c4214f17a6@group-AEFA5F9DF58D-FollowerState] INFO  impl.RoleInfo (RoleInfo.java:updateAndGet(130)) - 21742dd4-f00f-4901-aa0f-47c4214f17a6: start 21742dd4-f00f-4901-aa0f-47c4214f17a6@group-AEFA5F9DF58D-LeaderElection26
2021-12-08 16:22:59,564 [grpc-default-executor-2] INFO  server.RaftServer$Division (RaftServerImpl.java:requestVote(1078)) - f2502c96-9954-480b-931a-1e321ebf221a@group-AEFA5F9DF58D replies to ELECTION vote request: d711cf8e-9345-4010-b204-37d4bd542fc0<-f2502c96-9954-480b-931a-1e321ebf221a#0:OK-t1. Peer's state: f2502c96-9954-480b-931a-1e321ebf221a@group-AEFA5F9DF58D:t1, leader=null, voted=d711cf8e-9345-4010-b204-37d4bd542fc0, raftlog=f2502c96-9954-480b-931a-1e321ebf221a@group-AEFA5F9DF58D-SegmentedRaftLog:OPENED:c-1, conf=-1: [d711cf8e-9345-4010-b204-37d4bd542fc0|rpc:127.0.0.1:34071|priority:0, f2502c96-9954-480b-931a-1e321ebf221a|rpc:127.0.0.1:40135|priority:0, 21742dd4-f00f-4901-aa0f-47c4214f17a6|rpc:127.0.0.1:43053|priority:1], old=null
2021-12-08 16:22:59,564 [grpc-default-executor-0] INFO  server.RaftServer$Division (RaftServerImpl.java:requestVote(1078)) - f2502c96-9954-480b-931a-1e321ebf221a@group-46DB46A971F0 replies to ELECTION vote request: d711cf8e-9345-4010-b204-37d4bd542fc0<-f2502c96-9954-480b-931a-1e321ebf221a#0:FAIL-t1. Peer's state: f2502c96-9954-480b-931a-1e321ebf221a@group-46DB46A971F0:t1, leader=null, voted=null, raftlog=f2502c96-9954-480b-931a-1e321ebf221a@group-46DB46A971F0-SegmentedRaftLog:OPENED:c-1, conf=-1: [d711cf8e-9345-4010-b204-37d4bd542fc0|rpc:127.0.0.1:34071|dataStream:|priority:0, f2502c96-9954-480b-931a-1e321ebf221a|rpc:127.0.0.1:40135|dataStream:|priority:1, 21742dd4-f00f-4901-aa0f-47c4214f17a6|rpc:127.0.0.1:43053|dataStream:|priority:0], old=null
2021-12-08 16:22:59,571 [grpc-default-executor-1] INFO  impl.VoteContext (VoteContext.java:log(48)) - 21742dd4-f00f-4901-aa0f-47c4214f17a6@group-AEFA5F9DF58D-CANDIDATE: reject ELECTION from d711cf8e-9345-4010-b204-37d4bd542fc0: our priority 1 > candidate's priority 0
2021-12-08 16:22:59,577 [grpc-default-executor-1] INFO  server.RaftServer$Division (RaftServerImpl.java:setRole(290)) - 21742dd4-f00f-4901-aa0f-47c4214f17a6@group-AEFA5F9DF58D: changes role from CANDIDATE to FOLLOWER at term 1 for candidate:d711cf8e-9345-4010-b204-37d4bd542fc0
2021-12-08 16:22:59,577 [grpc-default-executor-1] INFO  impl.RoleInfo (RoleInfo.java:shutdownLeaderElection(121)) - 21742dd4-f00f-4901-aa0f-47c4214f17a6: shutdown 21742dd4-f00f-4901-aa0f-47c4214f17a6@group-AEFA5F9DF58D-LeaderElection26
2021-12-08 16:22:59,577 [grpc-default-executor-1] INFO  impl.RoleInfo (RoleInfo.java:updateAndGet(130)) - 21742dd4-f00f-4901-aa0f-47c4214f17a6: start 21742dd4-f00f-4901-aa0f-47c4214f17a6@group-AEFA5F9DF58D-FollowerState
2021-12-08 16:22:59,584 [grpc-default-executor-1] INFO  server.RaftServer$Division (RaftServerImpl.java:requestVote(1078)) - 21742dd4-f00f-4901-aa0f-47c4214f17a6@group-AEFA5F9DF58D replies to ELECTION vote request: d711cf8e-9345-4010-b204-37d4bd542fc0<-21742dd4-f00f-4901-aa0f-47c4214f17a6#0:FAIL-t1. Peer's state: 21742dd4-f00f-4901-aa0f-47c4214f17a6@group-AEFA5F9DF58D:t1, leader=null, voted=null, raftlog=21742dd4-f00f-4901-aa0f-47c4214f17a6@group-AEFA5F9DF58D-SegmentedRaftLog:OPENED:c-1, conf=-1: [d711cf8e-9345-4010-b204-37d4bd542fc0|rpc:127.0.0.1:34071|dataStream:|priority:0, f2502c96-9954-480b-931a-1e321ebf221a|rpc:127.0.0.1:40135|dataStream:|priority:0, 21742dd4-f00f-4901-aa0f-47c4214f17a6|rpc:127.0.0.1:43053|dataStream:|priority:1], old=null
2021-12-08 16:22:59,591 [d711cf8e-9345-4010-b204-37d4bd542fc0@group-46DB46A971F0-LeaderElection23] INFO  impl.LeaderElection (LeaderElection.java:logAndReturn(89)) - d711cf8e-9345-4010-b204-37d4bd542fc0@group-46DB46A971F0-LeaderElection23: ELECTION REJECTED received 1 response(s) and 0 exception(s):
2021-12-08 16:22:59,596 [d711cf8e-9345-4010-b204-37d4bd542fc0@group-46DB46A971F0-LeaderElection23] INFO  impl.LeaderElection (LeaderElection.java:logAndReturn(93)) -   Response 0: d711cf8e-9345-4010-b204-37d4bd542fc0<-f2502c96-9954-480b-931a-1e321ebf221a#0:FAIL-t1
2021-12-08 16:22:59,596 [d711cf8e-9345-4010-b204-37d4bd542fc0@group-46DB46A971F0-LeaderElection23] INFO  impl.LeaderElection (LeaderElection.java:askForVotes(308)) - d711cf8e-9345-4010-b204-37d4bd542fc0@group-46DB46A971F0-LeaderElection23 ELECTION round 0: result REJECTED
2021-12-08 16:22:59,596 [d711cf8e-9345-4010-b204-37d4bd542fc0@group-46DB46A971F0-LeaderElection23] INFO  server.RaftServer$Division (RaftServerImpl.java:setRole(290)) - d711cf8e-9345-4010-b204-37d4bd542fc0@group-46DB46A971F0: changes role from CANDIDATE to FOLLOWER at term 1 for REJECTED
2021-12-08 16:22:59,596 [d711cf8e-9345-4010-b204-37d4bd542fc0@group-46DB46A971F0-LeaderElection23] INFO  impl.RoleInfo (RoleInfo.java:shutdownLeaderElection(121)) - d711cf8e-9345-4010-b204-37d4bd542fc0: shutdown d711cf8e-9345-4010-b204-37d4bd542fc0@group-46DB46A971F0-LeaderElection23
2021-12-08 16:22:59,596 [d711cf8e-9345-4010-b204-37d4bd542fc0@group-46DB46A971F0-LeaderElection23] INFO  impl.RoleInfo (RoleInfo.java:updateAndGet(130)) - d711cf8e-9345-4010-b204-37d4bd542fc0: start d711cf8e-9345-4010-b204-37d4bd542fc0@group-46DB46A971F0-FollowerState
2021-12-08 16:22:59,598 [d711cf8e-9345-4010-b204-37d4bd542fc0@group-AEFA5F9DF58D-LeaderElection25] INFO  impl.LeaderElection (LeaderElection.java:logAndReturn(89)) - d711cf8e-9345-4010-b204-37d4bd542fc0@group-AEFA5F9DF58D-LeaderElection25: ELECTION REJECTED received 2 response(s) and 0 exception(s):
2021-12-08 16:22:59,604 [d711cf8e-9345-4010-b204-37d4bd542fc0@group-AEFA5F9DF58D-LeaderElection25] INFO  impl.LeaderElection (LeaderElection.java:logAndReturn(93)) -   Response 0: d711cf8e-9345-4010-b204-37d4bd542fc0<-f2502c96-9954-480b-931a-1e321ebf221a#0:OK-t1
2021-12-08 16:22:59,604 [d711cf8e-9345-4010-b204-37d4bd542fc0@group-AEFA5F9DF58D-LeaderElection25] INFO  impl.LeaderElection (LeaderElection.java:logAndReturn(93)) -   Response 1: d711cf8e-9345-4010-b204-37d4bd542fc0<-21742dd4-f00f-4901-aa0f-47c4214f17a6#0:FAIL-t1
2021-12-08 16:22:59,604 [grpc-default-executor-4] INFO  server.RaftServer$Division (RaftServerImpl.java:requestVote(1046)) - f2502c96-9954-480b-931a-1e321ebf221a@group-46DB46A971F0: receive requestVote(ELECTION, 21742dd4-f00f-4901-aa0f-47c4214f17a6, group-46DB46A971F0, 1, (t:0, i:0))
2021-12-08 16:22:59,604 [d711cf8e-9345-4010-b204-37d4bd542fc0@group-AEFA5F9DF58D-LeaderElection25] INFO  impl.LeaderElection (LeaderElection.java:askForVotes(308)) - d711cf8e-9345-4010-b204-37d4bd542fc0@group-AEFA5F9DF58D-LeaderElection25 ELECTION round 0: result REJECTED
2021-12-08 16:22:59,604 [d711cf8e-9345-4010-b204-37d4bd542fc0@group-AEFA5F9DF58D-LeaderElection25] INFO  server.RaftServer$Division (RaftServerImpl.java:setRole(290)) - d711cf8e-9345-4010-b204-37d4bd542fc0@group-AEFA5F9DF58D: changes role from CANDIDATE to FOLLOWER at term 1 for REJECTED
2021-12-08 16:22:59,604 [d711cf8e-9345-4010-b204-37d4bd542fc0@group-AEFA5F9DF58D-LeaderElection25] INFO  impl.RoleInfo (RoleInfo.java:shutdownLeaderElection(121)) - d711cf8e-9345-4010-b204-37d4bd542fc0: shutdown d711cf8e-9345-4010-b204-37d4bd542fc0@group-AEFA5F9DF58D-LeaderElection25
2021-12-08 16:22:59,604 [d711cf8e-9345-4010-b204-37d4bd542fc0@group-AEFA5F9DF58D-LeaderElection25] INFO  impl.RoleInfo (RoleInfo.java:updateAndGet(130)) - d711cf8e-9345-4010-b204-37d4bd542fc0: start d711cf8e-9345-4010-b204-37d4bd542fc0@group-AEFA5F9DF58D-FollowerState
2021-12-08 16:22:59,604 [21742dd4-f00f-4901-aa0f-47c4214f17a6@group-AEFA5F9DF58D-LeaderElection26] INFO  impl.LeaderElection (LeaderElection.java:run(230)) - 21742dd4-f00f-4901-aa0f-47c4214f17a6@group-AEFA5F9DF58D-LeaderElection26: skip running since this is already CLOSING
2021-12-08 16:22:59,605 [grpc-default-executor-4] INFO  impl.VoteContext (VoteContext.java:log(48)) - f2502c96-9954-480b-931a-1e321ebf221a@group-46DB46A971F0-FOLLOWER: reject ELECTION from 21742dd4-f00f-4901-aa0f-47c4214f17a6: our priority 1 > candidate's priority 0
2021-12-08 16:22:59,606 [grpc-default-executor-4] INFO  server.RaftServer$Division (RaftServerImpl.java:setRole(290)) - f2502c96-9954-480b-931a-1e321ebf221a@group-46DB46A971F0: changes role from  FOLLOWER to FOLLOWER at term 1 for candidate:21742dd4-f00f-4901-aa0f-47c4214f17a6
2021-12-08 16:22:59,606 [grpc-default-executor-4] INFO  impl.RoleInfo (RoleInfo.java:shutdownFollowerState(108)) - f2502c96-9954-480b-931a-1e321ebf221a: shutdown f2502c96-9954-480b-931a-1e321ebf221a@group-46DB46A971F0-FollowerState
2021-12-08 16:22:59,606 [grpc-default-executor-4] INFO  impl.RoleInfo (RoleInfo.java:updateAndGet(130)) - f2502c96-9954-480b-931a-1e321ebf221a: start f2502c96-9954-480b-931a-1e321ebf221a@group-46DB46A971F0-FollowerState
2021-12-08 16:22:59,606 [f2502c96-9954-480b-931a-1e321ebf221a@group-46DB46A971F0-FollowerState] INFO  impl.FollowerState (FollowerState.java:run(143)) - f2502c96-9954-480b-931a-1e321ebf221a@group-46DB46A971F0-FollowerState was interrupted: {}
java.lang.InterruptedException: sleep interrupted
	at java.lang.Thread.sleep(Native Method)
	at java.lang.Thread.sleep(Thread.java:340)
	at java.util.concurrent.TimeUnit.sleep(TimeUnit.java:386)
	at org.apache.ratis.util.TimeDuration.sleep(TimeDuration.java:324)
	at org.apache.ratis.util.TimeDuration.sleep(TimeDuration.java:309)
	at org.apache.ratis.server.impl.FollowerState.run(FollowerState.java:118)
2021-12-08 16:22:59,606 [grpc-default-executor-4] INFO  server.RaftServer$Division (RaftServerImpl.java:requestVote(1078)) - f2502c96-9954-480b-931a-1e321ebf221a@group-46DB46A971F0 replies to ELECTION vote request: 21742dd4-f00f-4901-aa0f-47c4214f17a6<-f2502c96-9954-480b-931a-1e321ebf221a#0:FAIL-t1. Peer's state: f2502c96-9954-480b-931a-1e321ebf221a@group-46DB46A971F0:t1, leader=null, voted=null, raftlog=f2502c96-9954-480b-931a-1e321ebf221a@group-46DB46A971F0-SegmentedRaftLog:OPENED:c-1, conf=-1: [d711cf8e-9345-4010-b204-37d4bd542fc0|rpc:127.0.0.1:34071|dataStream:|priority:0, f2502c96-9954-480b-931a-1e321ebf221a|rpc:127.0.0.1:40135|dataStream:|priority:1, 21742dd4-f00f-4901-aa0f-47c4214f17a6|rpc:127.0.0.1:43053|dataStream:|priority:0], old=null
2021-12-08 16:22:59,632 [21742dd4-f00f-4901-aa0f-47c4214f17a6@group-46DB46A971F0-LeaderElection24] INFO  impl.LeaderElection (LeaderElection.java:logAndReturn(89)) - 21742dd4-f00f-4901-aa0f-47c4214f17a6@group-46DB46A971F0-LeaderElection24: ELECTION REJECTED received 2 response(s) and 0 exception(s):
2021-12-08 16:22:59,632 [21742dd4-f00f-4901-aa0f-47c4214f17a6@group-46DB46A971F0-LeaderElection24] INFO  impl.LeaderElection (LeaderElection.java:logAndReturn(93)) -   Response 0: 21742dd4-f00f-4901-aa0f-47c4214f17a6<-d711cf8e-9345-4010-b204-37d4bd542fc0#0:FAIL-t1
2021-12-08 16:22:59,632 [21742dd4-f00f-4901-aa0f-47c4214f17a6@group-46DB46A971F0-LeaderElection24] INFO  impl.LeaderElection (LeaderElection.java:logAndReturn(93)) -   Response 1: 21742dd4-f00f-4901-aa0f-47c4214f17a6<-f2502c96-9954-480b-931a-1e321ebf221a#0:FAIL-t1
2021-12-08 16:22:59,632 [21742dd4-f00f-4901-aa0f-47c4214f17a6@group-46DB46A971F0-LeaderElection24] INFO  impl.LeaderElection (LeaderElection.java:askForVotes(308)) - 21742dd4-f00f-4901-aa0f-47c4214f17a6@group-46DB46A971F0-LeaderElection24 ELECTION round 0: result REJECTED
2021-12-08 16:22:59,633 [21742dd4-f00f-4901-aa0f-47c4214f17a6@group-46DB46A971F0-LeaderElection24] INFO  server.RaftServer$Division (RaftServerImpl.java:setRole(290)) - 21742dd4-f00f-4901-aa0f-47c4214f17a6@group-46DB46A971F0: changes role from CANDIDATE to FOLLOWER at term 1 for REJECTED
2021-12-08 16:22:59,633 [21742dd4-f00f-4901-aa0f-47c4214f17a6@group-46DB46A971F0-LeaderElection24] INFO  impl.RoleInfo (RoleInfo.java:shutdownLeaderElection(121)) - 21742dd4-f00f-4901-aa0f-47c4214f17a6: shutdown 21742dd4-f00f-4901-aa0f-47c4214f17a6@group-46DB46A971F0-LeaderElection24
2021-12-08 16:22:59,633 [21742dd4-f00f-4901-aa0f-47c4214f17a6@group-46DB46A971F0-LeaderElection24] INFO  impl.RoleInfo (RoleInfo.java:updateAndGet(130)) - 21742dd4-f00f-4901-aa0f-47c4214f17a6: start 21742dd4-f00f-4901-aa0f-47c4214f17a6@group-46DB46A971F0-FollowerState
2021-12-08 16:22:59,704 [f2502c96-9954-480b-931a-1e321ebf221a@group-E9F20A775357-FollowerState] INFO  impl.FollowerState (FollowerState.java:run(134)) - f2502c96-9954-480b-931a-1e321ebf221a@group-E9F20A775357-FollowerState: change to CANDIDATE, lastRpcElapsedTime:5157140296ns, electionTimeout:5155ms
2021-12-08 16:22:59,706 [f2502c96-9954-480b-931a-1e321ebf221a@group-E9F20A775357-FollowerState] INFO  impl.RoleInfo (RoleInfo.java:shutdownFollowerState(108)) - f2502c96-9954-480b-931a-1e321ebf221a: shutdown f2502c96-9954-480b-931a-1e321ebf221a@group-E9F20A775357-FollowerState
2021-12-08 16:22:59,706 [f2502c96-9954-480b-931a-1e321ebf221a@group-E9F20A775357-FollowerState] INFO  server.RaftServer$Division (RaftServerImpl.java:setRole(290)) - f2502c96-9954-480b-931a-1e321ebf221a@group-E9F20A775357: changes role from  FOLLOWER to CANDIDATE at term 0 for changeToCandidate
2021-12-08 16:22:59,706 [f2502c96-9954-480b-931a-1e321ebf221a@group-E9F20A775357-FollowerState] INFO  server.RaftServerConfigKeys (ConfUtils.java:logGet(44)) - raft.server.leaderelection.pre-vote = false (custom)
2021-12-08 16:22:59,706 [f2502c96-9954-480b-931a-1e321ebf221a@group-E9F20A775357-FollowerState] INFO  impl.RoleInfo (RoleInfo.java:updateAndGet(130)) - f2502c96-9954-480b-931a-1e321ebf221a: start f2502c96-9954-480b-931a-1e321ebf221a@group-E9F20A775357-LeaderElection27
2021-12-08 16:22:59,715 [EndpointStateMachine task thread for /127.0.0.1:15821 - 0 ] INFO  ipc.Client (Client.java:handleConnectionFailure(977)) - Retrying connect to server: localhost/127.0.0.1:15821. Already tried 12 time(s); retry policy is RetryUpToMaximumCountWithFixedSleep(maxRetries=15, sleepTime=1000 MILLISECONDS)
2021-12-08 16:22:59,718 [f2502c96-9954-480b-931a-1e321ebf221a@group-E9F20A775357-LeaderElection27] INFO  impl.LeaderElection (LeaderElection.java:askForVotes(306)) - f2502c96-9954-480b-931a-1e321ebf221a@group-E9F20A775357-LeaderElection27 ELECTION round 0: submit vote requests at term 1 for -1: [f2502c96-9954-480b-931a-1e321ebf221a|rpc:127.0.0.1:40135|priority:1], old=null
2021-12-08 16:22:59,718 [f2502c96-9954-480b-931a-1e321ebf221a@group-E9F20A775357-LeaderElection27] INFO  impl.LeaderElection (LeaderElection.java:askForVotes(308)) - f2502c96-9954-480b-931a-1e321ebf221a@group-E9F20A775357-LeaderElection27 ELECTION round 0: result PASSED (term=1)
2021-12-08 16:22:59,718 [f2502c96-9954-480b-931a-1e321ebf221a@group-E9F20A775357-LeaderElection27] INFO  impl.RoleInfo (RoleInfo.java:shutdownLeaderElection(121)) - f2502c96-9954-480b-931a-1e321ebf221a: shutdown f2502c96-9954-480b-931a-1e321ebf221a@group-E9F20A775357-LeaderElection27
2021-12-08 16:22:59,719 [f2502c96-9954-480b-931a-1e321ebf221a@group-E9F20A775357-LeaderElection27] INFO  server.RaftServer$Division (RaftServerImpl.java:setRole(290)) - f2502c96-9954-480b-931a-1e321ebf221a@group-E9F20A775357: changes role from CANDIDATE to LEADER at term 1 for changeToLeader
2021-12-08 16:22:59,723 [f2502c96-9954-480b-931a-1e321ebf221a@group-E9F20A775357-LeaderElection27] INFO  ratis.XceiverServerRatis (XceiverServerRatis.java:handleLeaderChangedNotification(866)) - Leader change notification received for group: group-E9F20A775357 with new leaderId: f2502c96-9954-480b-931a-1e321ebf221a
2021-12-08 16:22:59,727 [f2502c96-9954-480b-931a-1e321ebf221a@group-E9F20A775357-LeaderElection27] INFO  server.RaftServer$Division (ServerState.java:setLeader(285)) - f2502c96-9954-480b-931a-1e321ebf221a@group-E9F20A775357: change Leader from null to f2502c96-9954-480b-931a-1e321ebf221a at term 1 for becomeLeader, leader elected after 5204ms
2021-12-08 16:22:59,730 [f2502c96-9954-480b-931a-1e321ebf221a@group-E9F20A775357-LeaderElection27] INFO  server.RaftServerConfigKeys (ConfUtils.java:logGet(44)) - raft.server.staging.catchup.gap = 1000 (default)
2021-12-08 16:22:59,731 [f2502c96-9954-480b-931a-1e321ebf221a@group-E9F20A775357-LeaderElection27] INFO  server.RaftServerConfigKeys (ConfUtils.java:logGet(44)) - raft.server.write.element-limit = 1024 (custom)
2021-12-08 16:22:59,730 [EventQueue-OpenPipelineForHealthyPipelineSafeModeRule] INFO  safemode.SCMSafeModeManager (HealthyPipelineSafeModeRule.java:process(124)) - SCM in safe mode. Healthy pipelines reported count is 0, required healthy pipeline reported count is 1
2021-12-08 16:22:59,731 [f2502c96-9954-480b-931a-1e321ebf221a@group-E9F20A775357-LeaderElection27] INFO  server.RaftServerConfigKeys (ConfUtils.java:logGet(44)) - raft.server.write.byte-limit = 1024 M (=1073741824) (custom)
2021-12-08 16:22:59,732 [f2502c96-9954-480b-931a-1e321ebf221a@group-E9F20A775357-LeaderElection27] INFO  server.RaftServerConfigKeys (ConfUtils.java:logGet(44)) - raft.server.watch.timeout = 180s (custom)
2021-12-08 16:22:59,732 [f2502c96-9954-480b-931a-1e321ebf221a@group-E9F20A775357-LeaderElection27] INFO  server.RaftServerConfigKeys (ConfUtils.java:logGet(44)) - raft.server.watch.timeout.denomination = 1s (default)
2021-12-08 16:22:59,732 [f2502c96-9954-480b-931a-1e321ebf221a@group-E9F20A775357-LeaderElection27] INFO  server.RaftServerConfigKeys (ConfUtils.java:logGet(44)) - raft.server.watch.element-limit = 65536 (default)
2021-12-08 16:22:59,732 [f2502c96-9954-480b-931a-1e321ebf221a@group-E9F20A775357-LeaderElection27] INFO  server.RaftServerConfigKeys (ConfUtils.java:logGet(44)) - raft.server.write.element-limit = 1024 (custom)
2021-12-08 16:22:59,732 [f2502c96-9954-480b-931a-1e321ebf221a@group-E9F20A775357-LeaderElection27] INFO  server.RaftServerConfigKeys (ConfUtils.java:logGet(44)) - raft.server.write.follower.gap.ratio.max = -1.0 (default)
2021-12-08 16:22:59,733 [f2502c96-9954-480b-931a-1e321ebf221a@group-E9F20A775357-LeaderElection27] INFO  impl.RoleInfo (RoleInfo.java:updateAndGet(130)) - f2502c96-9954-480b-931a-1e321ebf221a: start f2502c96-9954-480b-931a-1e321ebf221a@group-E9F20A775357-LeaderStateImpl
2021-12-08 16:22:59,733 [f2502c96-9954-480b-931a-1e321ebf221a@group-E9F20A775357-LeaderElection27] INFO  segmented.SegmentedRaftLogWorker (SegmentedRaftLogWorker.java:startLogSegment(394)) - f2502c96-9954-480b-931a-1e321ebf221a@group-E9F20A775357-SegmentedRaftLogWorker: Starting segment from index:0
2021-12-08 16:22:59,734 [f2502c96-9954-480b-931a-1e321ebf221a@group-E9F20A775357-SegmentedRaftLogWorker] INFO  segmented.SegmentedRaftLogWorker (SegmentedRaftLogWorker.java:execute(601)) - f2502c96-9954-480b-931a-1e321ebf221a@group-E9F20A775357-SegmentedRaftLogWorker: created new log segment /home/runner/work/ozone/ozone/hadoop-ozone/integration-test/target/test-dir/MiniOzoneClusterImpl-871b6dc8-7d19-4806-8910-93507a544922/datanode-1/data/ratis/85f685ce-e9a2-414a-a4a8-e9f20a775357/current/log_inprogress_0
2021-12-08 16:22:59,737 [f2502c96-9954-480b-931a-1e321ebf221a@group-E9F20A775357-LeaderElection27] INFO  server.RaftServer$Division (ServerState.java:setRaftConf(387)) - f2502c96-9954-480b-931a-1e321ebf221a@group-E9F20A775357: set configuration 0: [f2502c96-9954-480b-931a-1e321ebf221a|rpc:127.0.0.1:40135|dataStream:|priority:1], old=null
2021-12-08 16:22:59,838 [Listener at 127.0.0.1/13584] INFO  ozone.MiniOzoneClusterImpl (MiniOzoneClusterImpl.java:lambda$waitForClusterToBeReady$0(235)) - Nodes are ready. Got 3 of 3 DN Heartbeats.
2021-12-08 16:22:59,839 [Listener at 127.0.0.1/13584] INFO  ozone.MiniOzoneClusterImpl (MiniOzoneClusterImpl.java:lambda$waitForClusterToBeReady$0(238)) - Waiting for cluster to exit safe mode
2021-12-08 16:22:59,839 [Listener at 127.0.0.1/13584] INFO  ozone.MiniOzoneClusterImpl (MiniOzoneClusterImpl.java:lambda$waitForClusterToBeReady$0(240)) - SCM became leader
2021-12-08 16:23:00,052 [21742dd4-f00f-4901-aa0f-47c4214f17a6@group-FA843695D7C2-FollowerState] INFO  impl.FollowerState (FollowerState.java:run(134)) - 21742dd4-f00f-4901-aa0f-47c4214f17a6@group-FA843695D7C2-FollowerState: change to CANDIDATE, lastRpcElapsedTime:5156232691ns, electionTimeout:5153ms
2021-12-08 16:23:00,053 [21742dd4-f00f-4901-aa0f-47c4214f17a6@group-FA843695D7C2-FollowerState] INFO  impl.RoleInfo (RoleInfo.java:shutdownFollowerState(108)) - 21742dd4-f00f-4901-aa0f-47c4214f17a6: shutdown 21742dd4-f00f-4901-aa0f-47c4214f17a6@group-FA843695D7C2-FollowerState
2021-12-08 16:23:00,053 [21742dd4-f00f-4901-aa0f-47c4214f17a6@group-FA843695D7C2-FollowerState] INFO  server.RaftServer$Division (RaftServerImpl.java:setRole(290)) - 21742dd4-f00f-4901-aa0f-47c4214f17a6@group-FA843695D7C2: changes role from  FOLLOWER to CANDIDATE at term 0 for changeToCandidate
2021-12-08 16:23:00,053 [21742dd4-f00f-4901-aa0f-47c4214f17a6@group-FA843695D7C2-FollowerState] INFO  server.RaftServerConfigKeys (ConfUtils.java:logGet(44)) - raft.server.leaderelection.pre-vote = false (custom)
2021-12-08 16:23:00,053 [21742dd4-f00f-4901-aa0f-47c4214f17a6@group-FA843695D7C2-FollowerState] INFO  impl.RoleInfo (RoleInfo.java:updateAndGet(130)) - 21742dd4-f00f-4901-aa0f-47c4214f17a6: start 21742dd4-f00f-4901-aa0f-47c4214f17a6@group-FA843695D7C2-LeaderElection28
2021-12-08 16:23:00,066 [21742dd4-f00f-4901-aa0f-47c4214f17a6@group-FA843695D7C2-LeaderElection28] INFO  impl.LeaderElection (LeaderElection.java:askForVotes(306)) - 21742dd4-f00f-4901-aa0f-47c4214f17a6@group-FA843695D7C2-LeaderElection28 ELECTION round 0: submit vote requests at term 1 for -1: [21742dd4-f00f-4901-aa0f-47c4214f17a6|rpc:127.0.0.1:43053|priority:1], old=null
2021-12-08 16:23:00,066 [21742dd4-f00f-4901-aa0f-47c4214f17a6@group-FA843695D7C2-LeaderElection28] INFO  impl.LeaderElection (LeaderElection.java:askForVotes(308)) - 21742dd4-f00f-4901-aa0f-47c4214f17a6@group-FA843695D7C2-LeaderElection28 ELECTION round 0: result PASSED (term=1)
2021-12-08 16:23:00,066 [21742dd4-f00f-4901-aa0f-47c4214f17a6@group-FA843695D7C2-LeaderElection28] INFO  impl.RoleInfo (RoleInfo.java:shutdownLeaderElection(121)) - 21742dd4-f00f-4901-aa0f-47c4214f17a6: shutdown 21742dd4-f00f-4901-aa0f-47c4214f17a6@group-FA843695D7C2-LeaderElection28
2021-12-08 16:23:00,066 [21742dd4-f00f-4901-aa0f-47c4214f17a6@group-FA843695D7C2-LeaderElection28] INFO  server.RaftServer$Division (RaftServerImpl.java:setRole(290)) - 21742dd4-f00f-4901-aa0f-47c4214f17a6@group-FA843695D7C2: changes role from CANDIDATE to LEADER at term 1 for changeToLeader
2021-12-08 16:23:00,066 [21742dd4-f00f-4901-aa0f-47c4214f17a6@group-FA843695D7C2-LeaderElection28] INFO  ratis.XceiverServerRatis (XceiverServerRatis.java:handleLeaderChangedNotification(866)) - Leader change notification received for group: group-FA843695D7C2 with new leaderId: 21742dd4-f00f-4901-aa0f-47c4214f17a6
2021-12-08 16:23:00,066 [21742dd4-f00f-4901-aa0f-47c4214f17a6@group-FA843695D7C2-LeaderElection28] INFO  server.RaftServer$Division (ServerState.java:setLeader(285)) - 21742dd4-f00f-4901-aa0f-47c4214f17a6@group-FA843695D7C2: change Leader from null to 21742dd4-f00f-4901-aa0f-47c4214f17a6 at term 1 for becomeLeader, leader elected after 5198ms
2021-12-08 16:23:00,066 [21742dd4-f00f-4901-aa0f-47c4214f17a6@group-FA843695D7C2-LeaderElection28] INFO  server.RaftServerConfigKeys (ConfUtils.java:logGet(44)) - raft.server.staging.catchup.gap = 1000 (default)
2021-12-08 16:23:00,066 [21742dd4-f00f-4901-aa0f-47c4214f17a6@group-FA843695D7C2-LeaderElection28] INFO  server.RaftServerConfigKeys (ConfUtils.java:logGet(44)) - raft.server.write.element-limit = 1024 (custom)
2021-12-08 16:23:00,066 [21742dd4-f00f-4901-aa0f-47c4214f17a6@group-FA843695D7C2-LeaderElection28] INFO  server.RaftServerConfigKeys (ConfUtils.java:logGet(44)) - raft.server.write.byte-limit = 1024 M (=1073741824) (custom)
2021-12-08 16:23:00,067 [21742dd4-f00f-4901-aa0f-47c4214f17a6@group-FA843695D7C2-LeaderElection28] INFO  server.RaftServerConfigKeys (ConfUtils.java:logGet(44)) - raft.server.watch.timeout = 180s (custom)
2021-12-08 16:23:00,067 [21742dd4-f00f-4901-aa0f-47c4214f17a6@group-FA843695D7C2-LeaderElection28] INFO  server.RaftServerConfigKeys (ConfUtils.java:logGet(44)) - raft.server.watch.timeout.denomination = 1s (default)
2021-12-08 16:23:00,067 [21742dd4-f00f-4901-aa0f-47c4214f17a6@group-FA843695D7C2-LeaderElection28] INFO  server.RaftServerConfigKeys (ConfUtils.java:logGet(44)) - raft.server.watch.element-limit = 65536 (default)
2021-12-08 16:23:00,067 [21742dd4-f00f-4901-aa0f-47c4214f17a6@group-FA843695D7C2-LeaderElection28] INFO  server.RaftServerConfigKeys (ConfUtils.java:logGet(44)) - raft.server.write.element-limit = 1024 (custom)
2021-12-08 16:23:00,067 [21742dd4-f00f-4901-aa0f-47c4214f17a6@group-FA843695D7C2-LeaderElection28] INFO  server.RaftServerConfigKeys (ConfUtils.java:logGet(44)) - raft.server.write.follower.gap.ratio.max = -1.0 (default)
2021-12-08 16:23:00,067 [21742dd4-f00f-4901-aa0f-47c4214f17a6@group-FA843695D7C2-LeaderElection28] INFO  impl.RoleInfo (RoleInfo.java:updateAndGet(130)) - 21742dd4-f00f-4901-aa0f-47c4214f17a6: start 21742dd4-f00f-4901-aa0f-47c4214f17a6@group-FA843695D7C2-LeaderStateImpl
2021-12-08 16:23:00,067 [21742dd4-f00f-4901-aa0f-47c4214f17a6@group-FA843695D7C2-LeaderElection28] INFO  segmented.SegmentedRaftLogWorker (SegmentedRaftLogWorker.java:startLogSegment(394)) - 21742dd4-f00f-4901-aa0f-47c4214f17a6@group-FA843695D7C2-SegmentedRaftLogWorker: Starting segment from index:0
2021-12-08 16:23:00,068 [21742dd4-f00f-4901-aa0f-47c4214f17a6@group-FA843695D7C2-SegmentedRaftLogWorker] INFO  segmented.SegmentedRaftLogWorker (SegmentedRaftLogWorker.java:execute(601)) - 21742dd4-f00f-4901-aa0f-47c4214f17a6@group-FA843695D7C2-SegmentedRaftLogWorker: created new log segment /home/runner/work/ozone/ozone/hadoop-ozone/integration-test/target/test-dir/MiniOzoneClusterImpl-871b6dc8-7d19-4806-8910-93507a544922/datanode-2/data/ratis/4253f09f-a425-4633-8815-fa843695d7c2/current/log_inprogress_0
2021-12-08 16:23:00,102 [21742dd4-f00f-4901-aa0f-47c4214f17a6@group-FA843695D7C2-LeaderElection28] INFO  server.RaftServer$Division (ServerState.java:setRaftConf(387)) - 21742dd4-f00f-4901-aa0f-47c4214f17a6@group-FA843695D7C2: set configuration 0: [21742dd4-f00f-4901-aa0f-47c4214f17a6|rpc:127.0.0.1:43053|dataStream:|priority:1], old=null
2021-12-08 16:23:00,117 [EventQueue-OpenPipelineForHealthyPipelineSafeModeRule] INFO  safemode.SCMSafeModeManager (HealthyPipelineSafeModeRule.java:process(124)) - SCM in safe mode. Healthy pipelines reported count is 0, required healthy pipeline reported count is 1
2021-12-08 16:23:00,716 [EndpointStateMachine task thread for /127.0.0.1:15821 - 0 ] INFO  ipc.Client (Client.java:handleConnectionFailure(977)) - Retrying connect to server: localhost/127.0.0.1:15821. Already tried 13 time(s); retry policy is RetryUpToMaximumCountWithFixedSleep(maxRetries=15, sleepTime=1000 MILLISECONDS)
2021-12-08 16:23:00,839 [Listener at 127.0.0.1/13584] INFO  ozone.MiniOzoneClusterImpl (MiniOzoneClusterImpl.java:lambda$waitForClusterToBeReady$0(235)) - Nodes are ready. Got 3 of 3 DN Heartbeats.
2021-12-08 16:23:00,839 [Listener at 127.0.0.1/13584] INFO  ozone.MiniOzoneClusterImpl (MiniOzoneClusterImpl.java:lambda$waitForClusterToBeReady$0(238)) - Waiting for cluster to exit safe mode
2021-12-08 16:23:00,839 [Listener at 127.0.0.1/13584] INFO  ozone.MiniOzoneClusterImpl (MiniOzoneClusterImpl.java:lambda$waitForClusterToBeReady$0(240)) - SCM became leader
2021-12-08 16:23:01,716 [EndpointStateMachine task thread for /127.0.0.1:15821 - 0 ] INFO  ipc.Client (Client.java:handleConnectionFailure(977)) - Retrying connect to server: localhost/127.0.0.1:15821. Already tried 14 time(s); retry policy is RetryUpToMaximumCountWithFixedSleep(maxRetries=15, sleepTime=1000 MILLISECONDS)
2021-12-08 16:23:01,717 [EndpointStateMachine task thread for /127.0.0.1:15821 - 0 ] WARN  statemachine.EndpointStateMachine (EndpointStateMachine.java:logIfNeeded(236)) - Unable to communicate to SCM server at localhost:15821 for past 0 seconds.
java.net.ConnectException: Call From fv-az294-221/10.1.0.9 to localhost:15821 failed on connection exception: java.net.ConnectException: Connection refused; For more details see:  http://wiki.apache.org/hadoop/ConnectionRefused
	at sun.reflect.NativeConstructorAccessorImpl.newInstance0(Native Method)
	at sun.reflect.NativeConstructorAccessorImpl.newInstance(NativeConstructorAccessorImpl.java:62)
	at sun.reflect.DelegatingConstructorAccessorImpl.newInstance(DelegatingConstructorAccessorImpl.java:45)
	at java.lang.reflect.Constructor.newInstance(Constructor.java:423)
	at org.apache.hadoop.net.NetUtils.wrapWithMessage(NetUtils.java:913)
	at org.apache.hadoop.net.NetUtils.wrapException(NetUtils.java:828)
	at org.apache.hadoop.ipc.Client.getRpcResponse(Client.java:1577)
	at org.apache.hadoop.ipc.Client.call(Client.java:1519)
	at org.apache.hadoop.ipc.Client.call(Client.java:1416)
	at org.apache.hadoop.ipc.ProtobufRpcEngine$Invoker.invoke(ProtobufRpcEngine.java:236)
	at org.apache.hadoop.ipc.ProtobufRpcEngine$Invoker.invoke(ProtobufRpcEngine.java:123)
	at com.sun.proxy.$Proxy47.submitRequest(Unknown Source)
	at org.apache.hadoop.ozone.protocolPB.StorageContainerDatanodeProtocolClientSideTranslatorPB.submitRequest(StorageContainerDatanodeProtocolClientSideTranslatorPB.java:117)
	at org.apache.hadoop.ozone.protocolPB.StorageContainerDatanodeProtocolClientSideTranslatorPB.sendHeartbeat(StorageContainerDatanodeProtocolClientSideTranslatorPB.java:149)
	at org.apache.hadoop.ozone.container.common.states.endpoint.HeartbeatEndpointTask.call(HeartbeatEndpointTask.java:179)
	at org.apache.hadoop.ozone.container.common.states.endpoint.HeartbeatEndpointTask.call(HeartbeatEndpointTask.java:82)
	at java.util.concurrent.FutureTask.run(FutureTask.java:266)
	at java.util.concurrent.ThreadPoolExecutor.runWorker(ThreadPoolExecutor.java:1149)
	at java.util.concurrent.ThreadPoolExecutor$Worker.run(ThreadPoolExecutor.java:624)
	at java.lang.Thread.run(Thread.java:748)
Caused by: java.net.ConnectException: Connection refused
	at sun.nio.ch.SocketChannelImpl.checkConnect(Native Method)
	at sun.nio.ch.SocketChannelImpl.finishConnect(SocketChannelImpl.java:716)
	at org.apache.hadoop.net.SocketIOWithTimeout.connect(SocketIOWithTimeout.java:206)
	at org.apache.hadoop.net.NetUtils.connect(NetUtils.java:586)
	at org.apache.hadoop.ipc.Client$Connection.setupConnection(Client.java:701)
	at org.apache.hadoop.ipc.Client$Connection.setupIOstreams(Client.java:822)
	at org.apache.hadoop.ipc.Client$Connection.access$3800(Client.java:414)
	at org.apache.hadoop.ipc.Client.getConnection(Client.java:1647)
	at org.apache.hadoop.ipc.Client.call(Client.java:1463)
	... 12 more
2021-12-08 16:23:01,839 [Listener at 127.0.0.1/13584] INFO  ozone.MiniOzoneClusterImpl (MiniOzoneClusterImpl.java:lambda$waitForClusterToBeReady$0(235)) - Nodes are ready. Got 3 of 3 DN Heartbeats.
2021-12-08 16:23:01,840 [Listener at 127.0.0.1/13584] INFO  ozone.MiniOzoneClusterImpl (MiniOzoneClusterImpl.java:lambda$waitForClusterToBeReady$0(238)) - Waiting for cluster to exit safe mode
2021-12-08 16:23:01,840 [Listener at 127.0.0.1/13584] INFO  ozone.MiniOzoneClusterImpl (MiniOzoneClusterImpl.java:lambda$waitForClusterToBeReady$0(240)) - SCM became leader
2021-12-08 16:23:02,718 [EndpointStateMachine task thread for /127.0.0.1:15821 - 0 ] INFO  ipc.Client (Client.java:handleConnectionFailure(977)) - Retrying connect to server: localhost/127.0.0.1:15821. Already tried 0 time(s); retry policy is RetryUpToMaximumCountWithFixedSleep(maxRetries=15, sleepTime=1000 MILLISECONDS)
2021-12-08 16:23:02,840 [Listener at 127.0.0.1/13584] INFO  ozone.MiniOzoneClusterImpl (MiniOzoneClusterImpl.java:lambda$waitForClusterToBeReady$0(235)) - Nodes are ready. Got 3 of 3 DN Heartbeats.
2021-12-08 16:23:02,840 [Listener at 127.0.0.1/13584] INFO  ozone.MiniOzoneClusterImpl (MiniOzoneClusterImpl.java:lambda$waitForClusterToBeReady$0(238)) - Waiting for cluster to exit safe mode
2021-12-08 16:23:02,840 [Listener at 127.0.0.1/13584] INFO  ozone.MiniOzoneClusterImpl (MiniOzoneClusterImpl.java:lambda$waitForClusterToBeReady$0(240)) - SCM became leader
2021-12-08 16:23:03,719 [EndpointStateMachine task thread for /127.0.0.1:15821 - 0 ] INFO  ipc.Client (Client.java:handleConnectionFailure(977)) - Retrying connect to server: localhost/127.0.0.1:15821. Already tried 1 time(s); retry policy is RetryUpToMaximumCountWithFixedSleep(maxRetries=15, sleepTime=1000 MILLISECONDS)
2021-12-08 16:23:03,840 [Listener at 127.0.0.1/13584] INFO  ozone.MiniOzoneClusterImpl (MiniOzoneClusterImpl.java:lambda$waitForClusterToBeReady$0(235)) - Nodes are ready. Got 3 of 3 DN Heartbeats.
2021-12-08 16:23:03,840 [Listener at 127.0.0.1/13584] INFO  ozone.MiniOzoneClusterImpl (MiniOzoneClusterImpl.java:lambda$waitForClusterToBeReady$0(238)) - Waiting for cluster to exit safe mode
2021-12-08 16:23:03,841 [Listener at 127.0.0.1/13584] INFO  ozone.MiniOzoneClusterImpl (MiniOzoneClusterImpl.java:lambda$waitForClusterToBeReady$0(240)) - SCM became leader
2021-12-08 16:23:04,612 [d711cf8e-9345-4010-b204-37d4bd542fc0@group-46DB46A971F0-FollowerState] INFO  impl.FollowerState (FollowerState.java:run(134)) - d711cf8e-9345-4010-b204-37d4bd542fc0@group-46DB46A971F0-FollowerState: change to CANDIDATE, lastRpcElapsedTime:5015986271ns, electionTimeout:5002ms
2021-12-08 16:23:04,612 [d711cf8e-9345-4010-b204-37d4bd542fc0@group-46DB46A971F0-FollowerState] INFO  impl.RoleInfo (RoleInfo.java:shutdownFollowerState(108)) - d711cf8e-9345-4010-b204-37d4bd542fc0: shutdown d711cf8e-9345-4010-b204-37d4bd542fc0@group-46DB46A971F0-FollowerState
2021-12-08 16:23:04,612 [d711cf8e-9345-4010-b204-37d4bd542fc0@group-46DB46A971F0-FollowerState] INFO  server.RaftServer$Division (RaftServerImpl.java:setRole(290)) - d711cf8e-9345-4010-b204-37d4bd542fc0@group-46DB46A971F0: changes role from  FOLLOWER to CANDIDATE at term 1 for changeToCandidate
2021-12-08 16:23:04,612 [d711cf8e-9345-4010-b204-37d4bd542fc0@group-46DB46A971F0-FollowerState] INFO  server.RaftServerConfigKeys (ConfUtils.java:logGet(44)) - raft.server.leaderelection.pre-vote = false (custom)
2021-12-08 16:23:04,613 [d711cf8e-9345-4010-b204-37d4bd542fc0@group-46DB46A971F0-FollowerState] INFO  impl.RoleInfo (RoleInfo.java:updateAndGet(130)) - d711cf8e-9345-4010-b204-37d4bd542fc0: start d711cf8e-9345-4010-b204-37d4bd542fc0@group-46DB46A971F0-LeaderElection29
2021-12-08 16:23:04,627 [d711cf8e-9345-4010-b204-37d4bd542fc0@group-46DB46A971F0-LeaderElection29] INFO  impl.LeaderElection (LeaderElection.java:askForVotes(306)) - d711cf8e-9345-4010-b204-37d4bd542fc0@group-46DB46A971F0-LeaderElection29 ELECTION round 0: submit vote requests at term 2 for -1: [d711cf8e-9345-4010-b204-37d4bd542fc0|rpc:127.0.0.1:34071|priority:0, f2502c96-9954-480b-931a-1e321ebf221a|rpc:127.0.0.1:40135|priority:1, 21742dd4-f00f-4901-aa0f-47c4214f17a6|rpc:127.0.0.1:43053|priority:0], old=null
2021-12-08 16:23:04,632 [grpc-default-executor-4] INFO  server.RaftServer$Division (RaftServerImpl.java:requestVote(1046)) - f2502c96-9954-480b-931a-1e321ebf221a@group-46DB46A971F0: receive requestVote(ELECTION, d711cf8e-9345-4010-b204-37d4bd542fc0, group-46DB46A971F0, 2, (t:0, i:0))
2021-12-08 16:23:04,633 [grpc-default-executor-4] INFO  impl.VoteContext (VoteContext.java:log(48)) - f2502c96-9954-480b-931a-1e321ebf221a@group-46DB46A971F0-FOLLOWER: reject ELECTION from d711cf8e-9345-4010-b204-37d4bd542fc0: our priority 1 > candidate's priority 0
2021-12-08 16:23:04,633 [grpc-default-executor-4] INFO  server.RaftServer$Division (RaftServerImpl.java:setRole(290)) - f2502c96-9954-480b-931a-1e321ebf221a@group-46DB46A971F0: changes role from  FOLLOWER to FOLLOWER at term 2 for candidate:d711cf8e-9345-4010-b204-37d4bd542fc0
2021-12-08 16:23:04,633 [grpc-default-executor-4] INFO  impl.RoleInfo (RoleInfo.java:shutdownFollowerState(108)) - f2502c96-9954-480b-931a-1e321ebf221a: shutdown f2502c96-9954-480b-931a-1e321ebf221a@group-46DB46A971F0-FollowerState
2021-12-08 16:23:04,633 [grpc-default-executor-4] INFO  impl.RoleInfo (RoleInfo.java:updateAndGet(130)) - f2502c96-9954-480b-931a-1e321ebf221a: start f2502c96-9954-480b-931a-1e321ebf221a@group-46DB46A971F0-FollowerState
2021-12-08 16:23:04,633 [f2502c96-9954-480b-931a-1e321ebf221a@group-46DB46A971F0-FollowerState] INFO  impl.FollowerState (FollowerState.java:run(143)) - f2502c96-9954-480b-931a-1e321ebf221a@group-46DB46A971F0-FollowerState was interrupted: {}
java.lang.InterruptedException: sleep interrupted
	at java.lang.Thread.sleep(Native Method)
	at java.lang.Thread.sleep(Thread.java:340)
	at java.util.concurrent.TimeUnit.sleep(TimeUnit.java:386)
	at org.apache.ratis.util.TimeDuration.sleep(TimeDuration.java:324)
	at org.apache.ratis.util.TimeDuration.sleep(TimeDuration.java:309)
	at org.apache.ratis.server.impl.FollowerState.run(FollowerState.java:118)
2021-12-08 16:23:04,634 [grpc-default-executor-4] INFO  server.RaftServer$Division (RaftServerImpl.java:requestVote(1078)) - f2502c96-9954-480b-931a-1e321ebf221a@group-46DB46A971F0 replies to ELECTION vote request: d711cf8e-9345-4010-b204-37d4bd542fc0<-f2502c96-9954-480b-931a-1e321ebf221a#0:FAIL-t2. Peer's state: f2502c96-9954-480b-931a-1e321ebf221a@group-46DB46A971F0:t2, leader=null, voted=null, raftlog=f2502c96-9954-480b-931a-1e321ebf221a@group-46DB46A971F0-SegmentedRaftLog:OPENED:c-1, conf=-1: [d711cf8e-9345-4010-b204-37d4bd542fc0|rpc:127.0.0.1:34071|dataStream:|priority:0, f2502c96-9954-480b-931a-1e321ebf221a|rpc:127.0.0.1:40135|dataStream:|priority:1, 21742dd4-f00f-4901-aa0f-47c4214f17a6|rpc:127.0.0.1:43053|dataStream:|priority:0], old=null
2021-12-08 16:23:04,640 [grpc-default-executor-4] INFO  server.RaftServer$Division (RaftServerImpl.java:requestVote(1046)) - 21742dd4-f00f-4901-aa0f-47c4214f17a6@group-46DB46A971F0: receive requestVote(ELECTION, d711cf8e-9345-4010-b204-37d4bd542fc0, group-46DB46A971F0, 2, (t:0, i:0))
2021-12-08 16:23:04,640 [grpc-default-executor-4] INFO  impl.VoteContext (VoteContext.java:log(48)) - 21742dd4-f00f-4901-aa0f-47c4214f17a6@group-46DB46A971F0-FOLLOWER: accept ELECTION from d711cf8e-9345-4010-b204-37d4bd542fc0: our priority 0 <= candidate's priority 0
2021-12-08 16:23:04,640 [grpc-default-executor-4] INFO  server.RaftServer$Division (RaftServerImpl.java:setRole(290)) - 21742dd4-f00f-4901-aa0f-47c4214f17a6@group-46DB46A971F0: changes role from  FOLLOWER to FOLLOWER at term 2 for candidate:d711cf8e-9345-4010-b204-37d4bd542fc0
2021-12-08 16:23:04,640 [grpc-default-executor-4] INFO  impl.RoleInfo (RoleInfo.java:shutdownFollowerState(108)) - 21742dd4-f00f-4901-aa0f-47c4214f17a6: shutdown 21742dd4-f00f-4901-aa0f-47c4214f17a6@group-46DB46A971F0-FollowerState
2021-12-08 16:23:04,641 [grpc-default-executor-4] INFO  impl.RoleInfo (RoleInfo.java:updateAndGet(130)) - 21742dd4-f00f-4901-aa0f-47c4214f17a6: start 21742dd4-f00f-4901-aa0f-47c4214f17a6@group-46DB46A971F0-FollowerState
2021-12-08 16:23:04,641 [21742dd4-f00f-4901-aa0f-47c4214f17a6@group-46DB46A971F0-FollowerState] INFO  impl.FollowerState (FollowerState.java:run(143)) - 21742dd4-f00f-4901-aa0f-47c4214f17a6@group-46DB46A971F0-FollowerState was interrupted: {}
java.lang.InterruptedException: sleep interrupted
	at java.lang.Thread.sleep(Native Method)
	at java.lang.Thread.sleep(Thread.java:340)
	at java.util.concurrent.TimeUnit.sleep(TimeUnit.java:386)
	at org.apache.ratis.util.TimeDuration.sleep(TimeDuration.java:324)
	at org.apache.ratis.util.TimeDuration.sleep(TimeDuration.java:309)
	at org.apache.ratis.server.impl.FollowerState.run(FollowerState.java:118)
2021-12-08 16:23:04,645 [d711cf8e-9345-4010-b204-37d4bd542fc0@group-46DB46A971F0-LeaderElection29] INFO  impl.LeaderElection (LeaderElection.java:logAndReturn(89)) - d711cf8e-9345-4010-b204-37d4bd542fc0@group-46DB46A971F0-LeaderElection29: ELECTION REJECTED received 1 response(s) and 0 exception(s):
2021-12-08 16:23:04,646 [d711cf8e-9345-4010-b204-37d4bd542fc0@group-46DB46A971F0-LeaderElection29] INFO  impl.LeaderElection (LeaderElection.java:logAndReturn(93)) -   Response 0: d711cf8e-9345-4010-b204-37d4bd542fc0<-f2502c96-9954-480b-931a-1e321ebf221a#0:FAIL-t2
2021-12-08 16:23:04,646 [d711cf8e-9345-4010-b204-37d4bd542fc0@group-46DB46A971F0-LeaderElection29] INFO  impl.LeaderElection (LeaderElection.java:askForVotes(308)) - d711cf8e-9345-4010-b204-37d4bd542fc0@group-46DB46A971F0-LeaderElection29 ELECTION round 0: result REJECTED
2021-12-08 16:23:04,646 [d711cf8e-9345-4010-b204-37d4bd542fc0@group-46DB46A971F0-LeaderElection29] INFO  server.RaftServer$Division (RaftServerImpl.java:setRole(290)) - d711cf8e-9345-4010-b204-37d4bd542fc0@group-46DB46A971F0: changes role from CANDIDATE to FOLLOWER at term 2 for REJECTED
2021-12-08 16:23:04,646 [d711cf8e-9345-4010-b204-37d4bd542fc0@group-46DB46A971F0-LeaderElection29] INFO  impl.RoleInfo (RoleInfo.java:shutdownLeaderElection(121)) - d711cf8e-9345-4010-b204-37d4bd542fc0: shutdown d711cf8e-9345-4010-b204-37d4bd542fc0@group-46DB46A971F0-LeaderElection29
2021-12-08 16:23:04,646 [d711cf8e-9345-4010-b204-37d4bd542fc0@group-46DB46A971F0-LeaderElection29] INFO  impl.RoleInfo (RoleInfo.java:updateAndGet(130)) - d711cf8e-9345-4010-b204-37d4bd542fc0: start d711cf8e-9345-4010-b204-37d4bd542fc0@group-46DB46A971F0-FollowerState
2021-12-08 16:23:04,642 [grpc-default-executor-4] INFO  server.RaftServer$Division (RaftServerImpl.java:requestVote(1078)) - 21742dd4-f00f-4901-aa0f-47c4214f17a6@group-46DB46A971F0 replies to ELECTION vote request: d711cf8e-9345-4010-b204-37d4bd542fc0<-21742dd4-f00f-4901-aa0f-47c4214f17a6#0:OK-t2. Peer's state: 21742dd4-f00f-4901-aa0f-47c4214f17a6@group-46DB46A971F0:t2, leader=null, voted=d711cf8e-9345-4010-b204-37d4bd542fc0, raftlog=21742dd4-f00f-4901-aa0f-47c4214f17a6@group-46DB46A971F0-SegmentedRaftLog:OPENED:c-1, conf=-1: [d711cf8e-9345-4010-b204-37d4bd542fc0|rpc:127.0.0.1:34071|dataStream:|priority:0, f2502c96-9954-480b-931a-1e321ebf221a|rpc:127.0.0.1:40135|dataStream:|priority:1, 21742dd4-f00f-4901-aa0f-47c4214f17a6|rpc:127.0.0.1:43053|dataStream:|priority:0], old=null
2021-12-08 16:23:04,651 [d711cf8e-9345-4010-b204-37d4bd542fc0@group-AEFA5F9DF58D-FollowerState] INFO  impl.FollowerState (FollowerState.java:run(134)) - d711cf8e-9345-4010-b204-37d4bd542fc0@group-AEFA5F9DF58D-FollowerState: change to CANDIDATE, lastRpcElapsedTime:5047241129ns, electionTimeout:5046ms
2021-12-08 16:23:04,651 [d711cf8e-9345-4010-b204-37d4bd542fc0@group-AEFA5F9DF58D-FollowerState] INFO  impl.RoleInfo (RoleInfo.java:shutdownFollowerState(108)) - d711cf8e-9345-4010-b204-37d4bd542fc0: shutdown d711cf8e-9345-4010-b204-37d4bd542fc0@group-AEFA5F9DF58D-FollowerState
2021-12-08 16:23:04,652 [d711cf8e-9345-4010-b204-37d4bd542fc0@group-AEFA5F9DF58D-FollowerState] INFO  server.RaftServer$Division (RaftServerImpl.java:setRole(290)) - d711cf8e-9345-4010-b204-37d4bd542fc0@group-AEFA5F9DF58D: changes role from  FOLLOWER to CANDIDATE at term 1 for changeToCandidate
2021-12-08 16:23:04,652 [d711cf8e-9345-4010-b204-37d4bd542fc0@group-AEFA5F9DF58D-FollowerState] INFO  server.RaftServerConfigKeys (ConfUtils.java:logGet(44)) - raft.server.leaderelection.pre-vote = false (custom)
2021-12-08 16:23:04,652 [d711cf8e-9345-4010-b204-37d4bd542fc0@group-AEFA5F9DF58D-FollowerState] INFO  impl.RoleInfo (RoleInfo.java:updateAndGet(130)) - d711cf8e-9345-4010-b204-37d4bd542fc0: start d711cf8e-9345-4010-b204-37d4bd542fc0@group-AEFA5F9DF58D-LeaderElection30
2021-12-08 16:23:04,659 [d711cf8e-9345-4010-b204-37d4bd542fc0@group-AEFA5F9DF58D-LeaderElection30] INFO  impl.LeaderElection (LeaderElection.java:askForVotes(306)) - d711cf8e-9345-4010-b204-37d4bd542fc0@group-AEFA5F9DF58D-LeaderElection30 ELECTION round 0: submit vote requests at term 2 for -1: [d711cf8e-9345-4010-b204-37d4bd542fc0|rpc:127.0.0.1:34071|priority:0, f2502c96-9954-480b-931a-1e321ebf221a|rpc:127.0.0.1:40135|priority:0, 21742dd4-f00f-4901-aa0f-47c4214f17a6|rpc:127.0.0.1:43053|priority:1], old=null
2021-12-08 16:23:04,667 [grpc-default-executor-4] INFO  server.RaftServer$Division (RaftServerImpl.java:requestVote(1046)) - f2502c96-9954-480b-931a-1e321ebf221a@group-AEFA5F9DF58D: receive requestVote(ELECTION, d711cf8e-9345-4010-b204-37d4bd542fc0, group-AEFA5F9DF58D, 2, (t:0, i:0))
2021-12-08 16:23:04,668 [grpc-default-executor-4] INFO  impl.VoteContext (VoteContext.java:log(48)) - f2502c96-9954-480b-931a-1e321ebf221a@group-AEFA5F9DF58D-FOLLOWER: accept ELECTION from d711cf8e-9345-4010-b204-37d4bd542fc0: our priority 0 <= candidate's priority 0
2021-12-08 16:23:04,668 [grpc-default-executor-4] INFO  server.RaftServer$Division (RaftServerImpl.java:setRole(290)) - f2502c96-9954-480b-931a-1e321ebf221a@group-AEFA5F9DF58D: changes role from  FOLLOWER to FOLLOWER at term 2 for candidate:d711cf8e-9345-4010-b204-37d4bd542fc0
2021-12-08 16:23:04,668 [grpc-default-executor-4] INFO  impl.RoleInfo (RoleInfo.java:shutdownFollowerState(108)) - f2502c96-9954-480b-931a-1e321ebf221a: shutdown f2502c96-9954-480b-931a-1e321ebf221a@group-AEFA5F9DF58D-FollowerState
2021-12-08 16:23:04,668 [grpc-default-executor-4] INFO  impl.RoleInfo (RoleInfo.java:updateAndGet(130)) - f2502c96-9954-480b-931a-1e321ebf221a: start f2502c96-9954-480b-931a-1e321ebf221a@group-AEFA5F9DF58D-FollowerState
2021-12-08 16:23:04,668 [f2502c96-9954-480b-931a-1e321ebf221a@group-AEFA5F9DF58D-FollowerState] INFO  impl.FollowerState (FollowerState.java:run(143)) - f2502c96-9954-480b-931a-1e321ebf221a@group-AEFA5F9DF58D-FollowerState was interrupted: {}
java.lang.InterruptedException: sleep interrupted
	at java.lang.Thread.sleep(Native Method)
	at java.lang.Thread.sleep(Thread.java:340)
	at java.util.concurrent.TimeUnit.sleep(TimeUnit.java:386)
	at org.apache.ratis.util.TimeDuration.sleep(TimeDuration.java:324)
	at org.apache.ratis.util.TimeDuration.sleep(TimeDuration.java:309)
	at org.apache.ratis.server.impl.FollowerState.run(FollowerState.java:118)
2021-12-08 16:23:04,669 [grpc-default-executor-4] INFO  server.RaftServer$Division (RaftServerImpl.java:requestVote(1078)) - f2502c96-9954-480b-931a-1e321ebf221a@group-AEFA5F9DF58D replies to ELECTION vote request: d711cf8e-9345-4010-b204-37d4bd542fc0<-f2502c96-9954-480b-931a-1e321ebf221a#0:OK-t2. Peer's state: f2502c96-9954-480b-931a-1e321ebf221a@group-AEFA5F9DF58D:t2, leader=null, voted=d711cf8e-9345-4010-b204-37d4bd542fc0, raftlog=f2502c96-9954-480b-931a-1e321ebf221a@group-AEFA5F9DF58D-SegmentedRaftLog:OPENED:c-1, conf=-1: [d711cf8e-9345-4010-b204-37d4bd542fc0|rpc:127.0.0.1:34071|priority:0, f2502c96-9954-480b-931a-1e321ebf221a|rpc:127.0.0.1:40135|priority:0, 21742dd4-f00f-4901-aa0f-47c4214f17a6|rpc:127.0.0.1:43053|priority:1], old=null
2021-12-08 16:23:04,678 [grpc-default-executor-4] INFO  server.RaftServer$Division (RaftServerImpl.java:requestVote(1046)) - 21742dd4-f00f-4901-aa0f-47c4214f17a6@group-AEFA5F9DF58D: receive requestVote(ELECTION, d711cf8e-9345-4010-b204-37d4bd542fc0, group-AEFA5F9DF58D, 2, (t:0, i:0))
2021-12-08 16:23:04,678 [grpc-default-executor-4] INFO  impl.VoteContext (VoteContext.java:log(48)) - 21742dd4-f00f-4901-aa0f-47c4214f17a6@group-AEFA5F9DF58D-FOLLOWER: reject ELECTION from d711cf8e-9345-4010-b204-37d4bd542fc0: our priority 1 > candidate's priority 0
2021-12-08 16:23:04,678 [grpc-default-executor-4] INFO  server.RaftServer$Division (RaftServerImpl.java:setRole(290)) - 21742dd4-f00f-4901-aa0f-47c4214f17a6@group-AEFA5F9DF58D: changes role from  FOLLOWER to FOLLOWER at term 2 for candidate:d711cf8e-9345-4010-b204-37d4bd542fc0
2021-12-08 16:23:04,678 [grpc-default-executor-4] INFO  impl.RoleInfo (RoleInfo.java:shutdownFollowerState(108)) - 21742dd4-f00f-4901-aa0f-47c4214f17a6: shutdown 21742dd4-f00f-4901-aa0f-47c4214f17a6@group-AEFA5F9DF58D-FollowerState
2021-12-08 16:23:04,678 [grpc-default-executor-4] INFO  impl.RoleInfo (RoleInfo.java:updateAndGet(130)) - 21742dd4-f00f-4901-aa0f-47c4214f17a6: start 21742dd4-f00f-4901-aa0f-47c4214f17a6@group-AEFA5F9DF58D-FollowerState
2021-12-08 16:23:04,678 [21742dd4-f00f-4901-aa0f-47c4214f17a6@group-AEFA5F9DF58D-FollowerState] INFO  impl.FollowerState (FollowerState.java:run(143)) - 21742dd4-f00f-4901-aa0f-47c4214f17a6@group-AEFA5F9DF58D-FollowerState was interrupted: {}
java.lang.InterruptedException: sleep interrupted
	at java.lang.Thread.sleep(Native Method)
	at java.lang.Thread.sleep(Thread.java:340)
	at java.util.concurrent.TimeUnit.sleep(TimeUnit.java:386)
	at org.apache.ratis.util.TimeDuration.sleep(TimeDuration.java:324)
	at org.apache.ratis.util.TimeDuration.sleep(TimeDuration.java:309)
	at org.apache.ratis.server.impl.FollowerState.run(FollowerState.java:118)
2021-12-08 16:23:04,690 [grpc-default-executor-4] INFO  server.RaftServer$Division (RaftServerImpl.java:requestVote(1078)) - 21742dd4-f00f-4901-aa0f-47c4214f17a6@group-AEFA5F9DF58D replies to ELECTION vote request: d711cf8e-9345-4010-b204-37d4bd542fc0<-21742dd4-f00f-4901-aa0f-47c4214f17a6#0:FAIL-t2. Peer's state: 21742dd4-f00f-4901-aa0f-47c4214f17a6@group-AEFA5F9DF58D:t2, leader=null, voted=null, raftlog=21742dd4-f00f-4901-aa0f-47c4214f17a6@group-AEFA5F9DF58D-SegmentedRaftLog:OPENED:c-1, conf=-1: [d711cf8e-9345-4010-b204-37d4bd542fc0|rpc:127.0.0.1:34071|dataStream:|priority:0, f2502c96-9954-480b-931a-1e321ebf221a|rpc:127.0.0.1:40135|dataStream:|priority:0, 21742dd4-f00f-4901-aa0f-47c4214f17a6|rpc:127.0.0.1:43053|dataStream:|priority:1], old=null
2021-12-08 16:23:04,693 [d711cf8e-9345-4010-b204-37d4bd542fc0@group-AEFA5F9DF58D-LeaderElection30] INFO  impl.LeaderElection (LeaderElection.java:logAndReturn(89)) - d711cf8e-9345-4010-b204-37d4bd542fc0@group-AEFA5F9DF58D-LeaderElection30: ELECTION REJECTED received 2 response(s) and 0 exception(s):
2021-12-08 16:23:04,693 [d711cf8e-9345-4010-b204-37d4bd542fc0@group-AEFA5F9DF58D-LeaderElection30] INFO  impl.LeaderElection (LeaderElection.java:logAndReturn(93)) -   Response 0: d711cf8e-9345-4010-b204-37d4bd542fc0<-f2502c96-9954-480b-931a-1e321ebf221a#0:OK-t2
2021-12-08 16:23:04,693 [d711cf8e-9345-4010-b204-37d4bd542fc0@group-AEFA5F9DF58D-LeaderElection30] INFO  impl.LeaderElection (LeaderElection.java:logAndReturn(93)) -   Response 1: d711cf8e-9345-4010-b204-37d4bd542fc0<-21742dd4-f00f-4901-aa0f-47c4214f17a6#0:FAIL-t2
2021-12-08 16:23:04,693 [d711cf8e-9345-4010-b204-37d4bd542fc0@group-AEFA5F9DF58D-LeaderElection30] INFO  impl.LeaderElection (LeaderElection.java:askForVotes(308)) - d711cf8e-9345-4010-b204-37d4bd542fc0@group-AEFA5F9DF58D-LeaderElection30 ELECTION round 0: result REJECTED
2021-12-08 16:23:04,694 [d711cf8e-9345-4010-b204-37d4bd542fc0@group-AEFA5F9DF58D-LeaderElection30] INFO  server.RaftServer$Division (RaftServerImpl.java:setRole(290)) - d711cf8e-9345-4010-b204-37d4bd542fc0@group-AEFA5F9DF58D: changes role from CANDIDATE to FOLLOWER at term 2 for REJECTED
2021-12-08 16:23:04,694 [d711cf8e-9345-4010-b204-37d4bd542fc0@group-AEFA5F9DF58D-LeaderElection30] INFO  impl.RoleInfo (RoleInfo.java:shutdownLeaderElection(121)) - d711cf8e-9345-4010-b204-37d4bd542fc0: shutdown d711cf8e-9345-4010-b204-37d4bd542fc0@group-AEFA5F9DF58D-LeaderElection30
2021-12-08 16:23:04,694 [d711cf8e-9345-4010-b204-37d4bd542fc0@group-AEFA5F9DF58D-LeaderElection30] INFO  impl.RoleInfo (RoleInfo.java:updateAndGet(130)) - d711cf8e-9345-4010-b204-37d4bd542fc0: start d711cf8e-9345-4010-b204-37d4bd542fc0@group-AEFA5F9DF58D-FollowerState
2021-12-08 16:23:04,719 [EndpointStateMachine task thread for /127.0.0.1:15821 - 0 ] INFO  ipc.Client (Client.java:handleConnectionFailure(977)) - Retrying connect to server: localhost/127.0.0.1:15821. Already tried 2 time(s); retry policy is RetryUpToMaximumCountWithFixedSleep(maxRetries=15, sleepTime=1000 MILLISECONDS)
2021-12-08 16:23:04,841 [Listener at 127.0.0.1/13584] INFO  ozone.MiniOzoneClusterImpl (MiniOzoneClusterImpl.java:lambda$waitForClusterToBeReady$0(235)) - Nodes are ready. Got 3 of 3 DN Heartbeats.
2021-12-08 16:23:04,841 [Listener at 127.0.0.1/13584] INFO  ozone.MiniOzoneClusterImpl (MiniOzoneClusterImpl.java:lambda$waitForClusterToBeReady$0(238)) - Waiting for cluster to exit safe mode
2021-12-08 16:23:04,841 [Listener at 127.0.0.1/13584] INFO  ozone.MiniOzoneClusterImpl (MiniOzoneClusterImpl.java:lambda$waitForClusterToBeReady$0(240)) - SCM became leader
2021-12-08 16:23:05,721 [EndpointStateMachine task thread for /127.0.0.1:15821 - 0 ] INFO  ipc.Client (Client.java:handleConnectionFailure(977)) - Retrying connect to server: localhost/127.0.0.1:15821. Already tried 3 time(s); retry policy is RetryUpToMaximumCountWithFixedSleep(maxRetries=15, sleepTime=1000 MILLISECONDS)
2021-12-08 16:23:05,841 [Listener at 127.0.0.1/13584] INFO  ozone.MiniOzoneClusterImpl (MiniOzoneClusterImpl.java:lambda$waitForClusterToBeReady$0(235)) - Nodes are ready. Got 3 of 3 DN Heartbeats.
2021-12-08 16:23:05,841 [Listener at 127.0.0.1/13584] INFO  ozone.MiniOzoneClusterImpl (MiniOzoneClusterImpl.java:lambda$waitForClusterToBeReady$0(238)) - Waiting for cluster to exit safe mode
2021-12-08 16:23:05,841 [Listener at 127.0.0.1/13584] INFO  ozone.MiniOzoneClusterImpl (MiniOzoneClusterImpl.java:lambda$waitForClusterToBeReady$0(240)) - SCM became leader
2021-12-08 16:23:06,722 [EndpointStateMachine task thread for /127.0.0.1:15821 - 0 ] INFO  ipc.Client (Client.java:handleConnectionFailure(977)) - Retrying connect to server: localhost/127.0.0.1:15821. Already tried 4 time(s); retry policy is RetryUpToMaximumCountWithFixedSleep(maxRetries=15, sleepTime=1000 MILLISECONDS)
2021-12-08 16:23:06,842 [Listener at 127.0.0.1/13584] INFO  ozone.MiniOzoneClusterImpl (MiniOzoneClusterImpl.java:lambda$waitForClusterToBeReady$0(235)) - Nodes are ready. Got 3 of 3 DN Heartbeats.
2021-12-08 16:23:06,842 [Listener at 127.0.0.1/13584] INFO  ozone.MiniOzoneClusterImpl (MiniOzoneClusterImpl.java:lambda$waitForClusterToBeReady$0(238)) - Waiting for cluster to exit safe mode
2021-12-08 16:23:06,842 [Listener at 127.0.0.1/13584] INFO  ozone.MiniOzoneClusterImpl (MiniOzoneClusterImpl.java:lambda$waitForClusterToBeReady$0(240)) - SCM became leader
2021-12-08 16:23:07,722 [EndpointStateMachine task thread for /127.0.0.1:15821 - 0 ] INFO  ipc.Client (Client.java:handleConnectionFailure(977)) - Retrying connect to server: localhost/127.0.0.1:15821. Already tried 5 time(s); retry policy is RetryUpToMaximumCountWithFixedSleep(maxRetries=15, sleepTime=1000 MILLISECONDS)
2021-12-08 16:23:07,842 [Listener at 127.0.0.1/13584] INFO  ozone.MiniOzoneClusterImpl (MiniOzoneClusterImpl.java:lambda$waitForClusterToBeReady$0(235)) - Nodes are ready. Got 3 of 3 DN Heartbeats.
2021-12-08 16:23:07,842 [Listener at 127.0.0.1/13584] INFO  ozone.MiniOzoneClusterImpl (MiniOzoneClusterImpl.java:lambda$waitForClusterToBeReady$0(238)) - Waiting for cluster to exit safe mode
2021-12-08 16:23:07,842 [Listener at 127.0.0.1/13584] INFO  ozone.MiniOzoneClusterImpl (MiniOzoneClusterImpl.java:lambda$waitForClusterToBeReady$0(240)) - SCM became leader
2021-12-08 16:23:08,724 [EndpointStateMachine task thread for /127.0.0.1:15821 - 0 ] INFO  ipc.Client (Client.java:handleConnectionFailure(977)) - Retrying connect to server: localhost/127.0.0.1:15821. Already tried 6 time(s); retry policy is RetryUpToMaximumCountWithFixedSleep(maxRetries=15, sleepTime=1000 MILLISECONDS)
2021-12-08 16:23:08,843 [Listener at 127.0.0.1/13584] INFO  ozone.MiniOzoneClusterImpl (MiniOzoneClusterImpl.java:lambda$waitForClusterToBeReady$0(235)) - Nodes are ready. Got 3 of 3 DN Heartbeats.
2021-12-08 16:23:08,843 [Listener at 127.0.0.1/13584] INFO  ozone.MiniOzoneClusterImpl (MiniOzoneClusterImpl.java:lambda$waitForClusterToBeReady$0(238)) - Waiting for cluster to exit safe mode
2021-12-08 16:23:08,843 [Listener at 127.0.0.1/13584] INFO  ozone.MiniOzoneClusterImpl (MiniOzoneClusterImpl.java:lambda$waitForClusterToBeReady$0(240)) - SCM became leader
2021-12-08 16:23:09,724 [EndpointStateMachine task thread for /127.0.0.1:15821 - 0 ] INFO  ipc.Client (Client.java:handleConnectionFailure(977)) - Retrying connect to server: localhost/127.0.0.1:15821. Already tried 7 time(s); retry policy is RetryUpToMaximumCountWithFixedSleep(maxRetries=15, sleepTime=1000 MILLISECONDS)
2021-12-08 16:23:09,803 [f2502c96-9954-480b-931a-1e321ebf221a@group-46DB46A971F0-FollowerState] INFO  impl.FollowerState (FollowerState.java:run(134)) - f2502c96-9954-480b-931a-1e321ebf221a@group-46DB46A971F0-FollowerState: change to CANDIDATE, lastRpcElapsedTime:5169830937ns, electionTimeout:5169ms
2021-12-08 16:23:09,803 [f2502c96-9954-480b-931a-1e321ebf221a@group-46DB46A971F0-FollowerState] INFO  impl.RoleInfo (RoleInfo.java:shutdownFollowerState(108)) - f2502c96-9954-480b-931a-1e321ebf221a: shutdown f2502c96-9954-480b-931a-1e321ebf221a@group-46DB46A971F0-FollowerState
2021-12-08 16:23:09,803 [f2502c96-9954-480b-931a-1e321ebf221a@group-46DB46A971F0-FollowerState] INFO  server.RaftServer$Division (RaftServerImpl.java:setRole(290)) - f2502c96-9954-480b-931a-1e321ebf221a@group-46DB46A971F0: changes role from  FOLLOWER to CANDIDATE at term 2 for changeToCandidate
2021-12-08 16:23:09,803 [f2502c96-9954-480b-931a-1e321ebf221a@group-46DB46A971F0-FollowerState] INFO  server.RaftServerConfigKeys (ConfUtils.java:logGet(44)) - raft.server.leaderelection.pre-vote = false (custom)
2021-12-08 16:23:09,803 [d711cf8e-9345-4010-b204-37d4bd542fc0@group-AEFA5F9DF58D-FollowerState] INFO  impl.FollowerState (FollowerState.java:run(134)) - d711cf8e-9345-4010-b204-37d4bd542fc0@group-AEFA5F9DF58D-FollowerState: change to CANDIDATE, lastRpcElapsedTime:5109325731ns, electionTimeout:5105ms
2021-12-08 16:23:09,803 [d711cf8e-9345-4010-b204-37d4bd542fc0@group-AEFA5F9DF58D-FollowerState] INFO  impl.RoleInfo (RoleInfo.java:shutdownFollowerState(108)) - d711cf8e-9345-4010-b204-37d4bd542fc0: shutdown d711cf8e-9345-4010-b204-37d4bd542fc0@group-AEFA5F9DF58D-FollowerState
2021-12-08 16:23:09,803 [f2502c96-9954-480b-931a-1e321ebf221a@group-46DB46A971F0-FollowerState] INFO  impl.RoleInfo (RoleInfo.java:updateAndGet(130)) - f2502c96-9954-480b-931a-1e321ebf221a: start f2502c96-9954-480b-931a-1e321ebf221a@group-46DB46A971F0-LeaderElection31
2021-12-08 16:23:09,803 [d711cf8e-9345-4010-b204-37d4bd542fc0@group-AEFA5F9DF58D-FollowerState] INFO  server.RaftServer$Division (RaftServerImpl.java:setRole(290)) - d711cf8e-9345-4010-b204-37d4bd542fc0@group-AEFA5F9DF58D: changes role from  FOLLOWER to CANDIDATE at term 2 for changeToCandidate
2021-12-08 16:23:09,803 [d711cf8e-9345-4010-b204-37d4bd542fc0@group-AEFA5F9DF58D-FollowerState] INFO  server.RaftServerConfigKeys (ConfUtils.java:logGet(44)) - raft.server.leaderelection.pre-vote = false (custom)
2021-12-08 16:23:09,807 [d711cf8e-9345-4010-b204-37d4bd542fc0@group-AEFA5F9DF58D-FollowerState] INFO  impl.RoleInfo (RoleInfo.java:updateAndGet(130)) - d711cf8e-9345-4010-b204-37d4bd542fc0: start d711cf8e-9345-4010-b204-37d4bd542fc0@group-AEFA5F9DF58D-LeaderElection32
2021-12-08 16:23:09,820 [f2502c96-9954-480b-931a-1e321ebf221a@group-46DB46A971F0-LeaderElection31] INFO  impl.LeaderElection (LeaderElection.java:askForVotes(306)) - f2502c96-9954-480b-931a-1e321ebf221a@group-46DB46A971F0-LeaderElection31 ELECTION round 0: submit vote requests at term 3 for -1: [d711cf8e-9345-4010-b204-37d4bd542fc0|rpc:127.0.0.1:34071|dataStream:|priority:0, f2502c96-9954-480b-931a-1e321ebf221a|rpc:127.0.0.1:40135|dataStream:|priority:1, 21742dd4-f00f-4901-aa0f-47c4214f17a6|rpc:127.0.0.1:43053|dataStream:|priority:0], old=null
2021-12-08 16:23:09,830 [d711cf8e-9345-4010-b204-37d4bd542fc0@group-46DB46A971F0-FollowerState] INFO  impl.FollowerState (FollowerState.java:run(134)) - d711cf8e-9345-4010-b204-37d4bd542fc0@group-46DB46A971F0-FollowerState: change to CANDIDATE, lastRpcElapsedTime:5183585907ns, electionTimeout:5177ms
2021-12-08 16:23:09,830 [d711cf8e-9345-4010-b204-37d4bd542fc0@group-46DB46A971F0-FollowerState] INFO  impl.RoleInfo (RoleInfo.java:shutdownFollowerState(108)) - d711cf8e-9345-4010-b204-37d4bd542fc0: shutdown d711cf8e-9345-4010-b204-37d4bd542fc0@group-46DB46A971F0-FollowerState
2021-12-08 16:23:09,830 [d711cf8e-9345-4010-b204-37d4bd542fc0@group-46DB46A971F0-FollowerState] INFO  server.RaftServer$Division (RaftServerImpl.java:setRole(290)) - d711cf8e-9345-4010-b204-37d4bd542fc0@group-46DB46A971F0: changes role from  FOLLOWER to CANDIDATE at term 2 for changeToCandidate
2021-12-08 16:23:09,830 [d711cf8e-9345-4010-b204-37d4bd542fc0@group-46DB46A971F0-FollowerState] INFO  server.RaftServerConfigKeys (ConfUtils.java:logGet(44)) - raft.server.leaderelection.pre-vote = false (custom)
2021-12-08 16:23:09,830 [d711cf8e-9345-4010-b204-37d4bd542fc0@group-46DB46A971F0-FollowerState] INFO  impl.RoleInfo (RoleInfo.java:updateAndGet(130)) - d711cf8e-9345-4010-b204-37d4bd542fc0: start d711cf8e-9345-4010-b204-37d4bd542fc0@group-46DB46A971F0-LeaderElection33
2021-12-08 16:23:09,830 [d711cf8e-9345-4010-b204-37d4bd542fc0@group-AEFA5F9DF58D-LeaderElection32] INFO  impl.LeaderElection (LeaderElection.java:askForVotes(306)) - d711cf8e-9345-4010-b204-37d4bd542fc0@group-AEFA5F9DF58D-LeaderElection32 ELECTION round 0: submit vote requests at term 3 for -1: [d711cf8e-9345-4010-b204-37d4bd542fc0|rpc:127.0.0.1:34071|priority:0, f2502c96-9954-480b-931a-1e321ebf221a|rpc:127.0.0.1:40135|priority:0, 21742dd4-f00f-4901-aa0f-47c4214f17a6|rpc:127.0.0.1:43053|priority:1], old=null
2021-12-08 16:23:09,836 [21742dd4-f00f-4901-aa0f-47c4214f17a6@group-AEFA5F9DF58D-FollowerState] INFO  impl.FollowerState (FollowerState.java:run(134)) - 21742dd4-f00f-4901-aa0f-47c4214f17a6@group-AEFA5F9DF58D-FollowerState: change to CANDIDATE, lastRpcElapsedTime:5157937077ns, electionTimeout:5142ms
2021-12-08 16:23:09,836 [21742dd4-f00f-4901-aa0f-47c4214f17a6@group-AEFA5F9DF58D-FollowerState] INFO  impl.RoleInfo (RoleInfo.java:shutdownFollowerState(108)) - 21742dd4-f00f-4901-aa0f-47c4214f17a6: shutdown 21742dd4-f00f-4901-aa0f-47c4214f17a6@group-AEFA5F9DF58D-FollowerState
2021-12-08 16:23:09,836 [grpc-default-executor-4] INFO  server.RaftServer$Division (RaftServerImpl.java:requestVote(1046)) - d711cf8e-9345-4010-b204-37d4bd542fc0@group-46DB46A971F0: receive requestVote(ELECTION, f2502c96-9954-480b-931a-1e321ebf221a, group-46DB46A971F0, 3, (t:0, i:0))
2021-12-08 16:23:09,836 [21742dd4-f00f-4901-aa0f-47c4214f17a6@group-AEFA5F9DF58D-FollowerState] INFO  server.RaftServer$Division (RaftServerImpl.java:setRole(290)) - 21742dd4-f00f-4901-aa0f-47c4214f17a6@group-AEFA5F9DF58D: changes role from  FOLLOWER to CANDIDATE at term 2 for changeToCandidate
2021-12-08 16:23:09,836 [grpc-default-executor-4] INFO  impl.VoteContext (VoteContext.java:log(48)) - d711cf8e-9345-4010-b204-37d4bd542fc0@group-46DB46A971F0-CANDIDATE: accept ELECTION from f2502c96-9954-480b-931a-1e321ebf221a: our priority 0 <= candidate's priority 1
2021-12-08 16:23:09,836 [grpc-default-executor-4] INFO  server.RaftServer$Division (RaftServerImpl.java:setRole(290)) - d711cf8e-9345-4010-b204-37d4bd542fc0@group-46DB46A971F0: changes role from CANDIDATE to FOLLOWER at term 3 for candidate:f2502c96-9954-480b-931a-1e321ebf221a
2021-12-08 16:23:09,836 [grpc-default-executor-4] INFO  impl.RoleInfo (RoleInfo.java:shutdownLeaderElection(121)) - d711cf8e-9345-4010-b204-37d4bd542fc0: shutdown d711cf8e-9345-4010-b204-37d4bd542fc0@group-46DB46A971F0-LeaderElection33
2021-12-08 16:23:09,847 [Listener at 127.0.0.1/13584] INFO  ozone.MiniOzoneClusterImpl (MiniOzoneClusterImpl.java:lambda$waitForClusterToBeReady$0(235)) - Nodes are ready. Got 3 of 3 DN Heartbeats.
2021-12-08 16:23:09,847 [Listener at 127.0.0.1/13584] INFO  ozone.MiniOzoneClusterImpl (MiniOzoneClusterImpl.java:lambda$waitForClusterToBeReady$0(238)) - Waiting for cluster to exit safe mode
2021-12-08 16:23:09,847 [Listener at 127.0.0.1/13584] INFO  ozone.MiniOzoneClusterImpl (MiniOzoneClusterImpl.java:lambda$waitForClusterToBeReady$0(240)) - SCM became leader
2021-12-08 16:23:09,851 [f2502c96-9954-480b-931a-1e321ebf221a@group-AEFA5F9DF58D-FollowerState] INFO  impl.FollowerState (FollowerState.java:run(134)) - f2502c96-9954-480b-931a-1e321ebf221a@group-AEFA5F9DF58D-FollowerState: change to CANDIDATE, lastRpcElapsedTime:5181347196ns, electionTimeout:5168ms
2021-12-08 16:23:09,851 [f2502c96-9954-480b-931a-1e321ebf221a@group-AEFA5F9DF58D-FollowerState] INFO  impl.RoleInfo (RoleInfo.java:shutdownFollowerState(108)) - f2502c96-9954-480b-931a-1e321ebf221a: shutdown f2502c96-9954-480b-931a-1e321ebf221a@group-AEFA5F9DF58D-FollowerState
2021-12-08 16:23:09,851 [f2502c96-9954-480b-931a-1e321ebf221a@group-AEFA5F9DF58D-FollowerState] INFO  server.RaftServer$Division (RaftServerImpl.java:setRole(290)) - f2502c96-9954-480b-931a-1e321ebf221a@group-AEFA5F9DF58D: changes role from  FOLLOWER to CANDIDATE at term 2 for changeToCandidate
2021-12-08 16:23:09,851 [f2502c96-9954-480b-931a-1e321ebf221a@group-AEFA5F9DF58D-FollowerState] INFO  server.RaftServerConfigKeys (ConfUtils.java:logGet(44)) - raft.server.leaderelection.pre-vote = false (custom)
2021-12-08 16:23:09,851 [f2502c96-9954-480b-931a-1e321ebf221a@group-AEFA5F9DF58D-FollowerState] INFO  impl.RoleInfo (RoleInfo.java:updateAndGet(130)) - f2502c96-9954-480b-931a-1e321ebf221a: start f2502c96-9954-480b-931a-1e321ebf221a@group-AEFA5F9DF58D-LeaderElection35
2021-12-08 16:23:09,860 [d711cf8e-9345-4010-b204-37d4bd542fc0@group-46DB46A971F0-LeaderElection33] INFO  impl.LeaderElection (LeaderElection.java:run(230)) - d711cf8e-9345-4010-b204-37d4bd542fc0@group-46DB46A971F0-LeaderElection33: skip running since this is already CLOSING
2021-12-08 16:23:09,862 [grpc-default-executor-4] INFO  impl.RoleInfo (RoleInfo.java:updateAndGet(130)) - d711cf8e-9345-4010-b204-37d4bd542fc0: start d711cf8e-9345-4010-b204-37d4bd542fc0@group-46DB46A971F0-FollowerState
2021-12-08 16:23:09,862 [grpc-default-executor-1] INFO  server.RaftServer$Division (RaftServerImpl.java:requestVote(1046)) - f2502c96-9954-480b-931a-1e321ebf221a@group-AEFA5F9DF58D: receive requestVote(ELECTION, d711cf8e-9345-4010-b204-37d4bd542fc0, group-AEFA5F9DF58D, 3, (t:0, i:0))
2021-12-08 16:23:09,863 [grpc-default-executor-2] INFO  server.RaftServer$Division (RaftServerImpl.java:requestVote(1046)) - 21742dd4-f00f-4901-aa0f-47c4214f17a6@group-AEFA5F9DF58D: receive requestVote(ELECTION, d711cf8e-9345-4010-b204-37d4bd542fc0, group-AEFA5F9DF58D, 3, (t:0, i:0))
2021-12-08 16:23:09,863 [21742dd4-f00f-4901-aa0f-47c4214f17a6@group-AEFA5F9DF58D-FollowerState] INFO  server.RaftServerConfigKeys (ConfUtils.java:logGet(44)) - raft.server.leaderelection.pre-vote = false (custom)
2021-12-08 16:23:09,863 [21742dd4-f00f-4901-aa0f-47c4214f17a6@group-AEFA5F9DF58D-FollowerState] INFO  impl.RoleInfo (RoleInfo.java:updateAndGet(130)) - 21742dd4-f00f-4901-aa0f-47c4214f17a6: start 21742dd4-f00f-4901-aa0f-47c4214f17a6@group-AEFA5F9DF58D-LeaderElection34
2021-12-08 16:23:09,863 [grpc-default-executor-2] INFO  impl.VoteContext (VoteContext.java:log(48)) - 21742dd4-f00f-4901-aa0f-47c4214f17a6@group-AEFA5F9DF58D-CANDIDATE: reject ELECTION from d711cf8e-9345-4010-b204-37d4bd542fc0: our priority 1 > candidate's priority 0
2021-12-08 16:23:09,863 [grpc-default-executor-2] INFO  server.RaftServer$Division (RaftServerImpl.java:setRole(290)) - 21742dd4-f00f-4901-aa0f-47c4214f17a6@group-AEFA5F9DF58D: changes role from CANDIDATE to FOLLOWER at term 3 for candidate:d711cf8e-9345-4010-b204-37d4bd542fc0
2021-12-08 16:23:09,863 [grpc-default-executor-2] INFO  impl.RoleInfo (RoleInfo.java:shutdownLeaderElection(121)) - 21742dd4-f00f-4901-aa0f-47c4214f17a6: shutdown 21742dd4-f00f-4901-aa0f-47c4214f17a6@group-AEFA5F9DF58D-LeaderElection34
2021-12-08 16:23:09,863 [grpc-default-executor-2] INFO  impl.RoleInfo (RoleInfo.java:updateAndGet(130)) - 21742dd4-f00f-4901-aa0f-47c4214f17a6: start 21742dd4-f00f-4901-aa0f-47c4214f17a6@group-AEFA5F9DF58D-FollowerState
2021-12-08 16:23:09,864 [grpc-default-executor-4] INFO  server.RaftServer$Division (RaftServerImpl.java:requestVote(1078)) - d711cf8e-9345-4010-b204-37d4bd542fc0@group-46DB46A971F0 replies to ELECTION vote request: f2502c96-9954-480b-931a-1e321ebf221a<-d711cf8e-9345-4010-b204-37d4bd542fc0#0:OK-t3. Peer's state: d711cf8e-9345-4010-b204-37d4bd542fc0@group-46DB46A971F0:t3, leader=null, voted=f2502c96-9954-480b-931a-1e321ebf221a, raftlog=d711cf8e-9345-4010-b204-37d4bd542fc0@group-46DB46A971F0-SegmentedRaftLog:OPENED:c-1, conf=-1: [d711cf8e-9345-4010-b204-37d4bd542fc0|rpc:127.0.0.1:34071|priority:0, f2502c96-9954-480b-931a-1e321ebf221a|rpc:127.0.0.1:40135|priority:1, 21742dd4-f00f-4901-aa0f-47c4214f17a6|rpc:127.0.0.1:43053|priority:0], old=null
2021-12-08 16:23:09,875 [21742dd4-f00f-4901-aa0f-47c4214f17a6@group-AEFA5F9DF58D-LeaderElection34] INFO  impl.LeaderElection (LeaderElection.java:run(230)) - 21742dd4-f00f-4901-aa0f-47c4214f17a6@group-AEFA5F9DF58D-LeaderElection34: skip running since this is already CLOSING
2021-12-08 16:23:09,876 [grpc-default-executor-2] INFO  server.RaftServer$Division (RaftServerImpl.java:requestVote(1078)) - 21742dd4-f00f-4901-aa0f-47c4214f17a6@group-AEFA5F9DF58D replies to ELECTION vote request: d711cf8e-9345-4010-b204-37d4bd542fc0<-21742dd4-f00f-4901-aa0f-47c4214f17a6#0:FAIL-t3. Peer's state: 21742dd4-f00f-4901-aa0f-47c4214f17a6@group-AEFA5F9DF58D:t3, leader=null, voted=null, raftlog=21742dd4-f00f-4901-aa0f-47c4214f17a6@group-AEFA5F9DF58D-SegmentedRaftLog:OPENED:c-1, conf=-1: [d711cf8e-9345-4010-b204-37d4bd542fc0|rpc:127.0.0.1:34071|dataStream:|priority:0, f2502c96-9954-480b-931a-1e321ebf221a|rpc:127.0.0.1:40135|dataStream:|priority:0, 21742dd4-f00f-4901-aa0f-47c4214f17a6|rpc:127.0.0.1:43053|dataStream:|priority:1], old=null
2021-12-08 16:23:09,880 [f2502c96-9954-480b-931a-1e321ebf221a@group-46DB46A971F0-LeaderElection31] INFO  impl.LeaderElection (LeaderElection.java:logAndReturn(89)) - f2502c96-9954-480b-931a-1e321ebf221a@group-46DB46A971F0-LeaderElection31: ELECTION PASSED received 1 response(s) and 0 exception(s):
2021-12-08 16:23:09,881 [f2502c96-9954-480b-931a-1e321ebf221a@group-46DB46A971F0-LeaderElection31] INFO  impl.LeaderElection (LeaderElection.java:logAndReturn(93)) -   Response 0: f2502c96-9954-480b-931a-1e321ebf221a<-d711cf8e-9345-4010-b204-37d4bd542fc0#0:OK-t3
2021-12-08 16:23:09,881 [f2502c96-9954-480b-931a-1e321ebf221a@group-46DB46A971F0-LeaderElection31] INFO  impl.LeaderElection (LeaderElection.java:askForVotes(308)) - f2502c96-9954-480b-931a-1e321ebf221a@group-46DB46A971F0-LeaderElection31 ELECTION round 0: result PASSED
2021-12-08 16:23:09,881 [f2502c96-9954-480b-931a-1e321ebf221a@group-46DB46A971F0-LeaderElection31] INFO  impl.RoleInfo (RoleInfo.java:shutdownLeaderElection(121)) - f2502c96-9954-480b-931a-1e321ebf221a: shutdown f2502c96-9954-480b-931a-1e321ebf221a@group-46DB46A971F0-LeaderElection31
2021-12-08 16:23:09,881 [f2502c96-9954-480b-931a-1e321ebf221a@group-46DB46A971F0-LeaderElection31] INFO  server.RaftServer$Division (RaftServerImpl.java:setRole(290)) - f2502c96-9954-480b-931a-1e321ebf221a@group-46DB46A971F0: changes role from CANDIDATE to LEADER at term 3 for changeToLeader
2021-12-08 16:23:09,881 [f2502c96-9954-480b-931a-1e321ebf221a@group-46DB46A971F0-LeaderElection31] INFO  ratis.XceiverServerRatis (XceiverServerRatis.java:handleLeaderChangedNotification(866)) - Leader change notification received for group: group-46DB46A971F0 with new leaderId: f2502c96-9954-480b-931a-1e321ebf221a
2021-12-08 16:23:09,882 [f2502c96-9954-480b-931a-1e321ebf221a@group-46DB46A971F0-LeaderElection31] INFO  server.RaftServer$Division (ServerState.java:setLeader(285)) - f2502c96-9954-480b-931a-1e321ebf221a@group-46DB46A971F0: change Leader from null to f2502c96-9954-480b-931a-1e321ebf221a at term 3 for becomeLeader, leader elected after 15444ms
2021-12-08 16:23:09,882 [f2502c96-9954-480b-931a-1e321ebf221a@group-46DB46A971F0-LeaderElection31] INFO  server.RaftServerConfigKeys (ConfUtils.java:logGet(44)) - raft.server.staging.catchup.gap = 1000 (default)
2021-12-08 16:23:09,882 [f2502c96-9954-480b-931a-1e321ebf221a@group-46DB46A971F0-LeaderElection31] INFO  server.RaftServerConfigKeys (ConfUtils.java:logGet(44)) - raft.server.write.element-limit = 1024 (custom)
2021-12-08 16:23:09,882 [f2502c96-9954-480b-931a-1e321ebf221a@group-46DB46A971F0-LeaderElection31] INFO  server.RaftServerConfigKeys (ConfUtils.java:logGet(44)) - raft.server.write.byte-limit = 1024 M (=1073741824) (custom)
2021-12-08 16:23:09,882 [f2502c96-9954-480b-931a-1e321ebf221a@group-46DB46A971F0-LeaderElection31] INFO  server.RaftServerConfigKeys (ConfUtils.java:logGet(44)) - raft.server.watch.timeout = 180s (custom)
2021-12-08 16:23:09,882 [f2502c96-9954-480b-931a-1e321ebf221a@group-46DB46A971F0-LeaderElection31] INFO  server.RaftServerConfigKeys (ConfUtils.java:logGet(44)) - raft.server.watch.timeout.denomination = 1s (default)
2021-12-08 16:23:09,882 [f2502c96-9954-480b-931a-1e321ebf221a@group-46DB46A971F0-LeaderElection31] INFO  server.RaftServerConfigKeys (ConfUtils.java:logGet(44)) - raft.server.watch.element-limit = 65536 (default)
2021-12-08 16:23:09,882 [f2502c96-9954-480b-931a-1e321ebf221a@group-46DB46A971F0-LeaderElection31] INFO  server.RaftServerConfigKeys (ConfUtils.java:logGet(44)) - raft.server.write.element-limit = 1024 (custom)
2021-12-08 16:23:09,882 [f2502c96-9954-480b-931a-1e321ebf221a@group-46DB46A971F0-LeaderElection31] INFO  server.RaftServerConfigKeys (ConfUtils.java:logGet(44)) - raft.server.write.follower.gap.ratio.max = -1.0 (default)
2021-12-08 16:23:09,883 [f2502c96-9954-480b-931a-1e321ebf221a@group-46DB46A971F0-LeaderElection31] INFO  server.RaftServerConfigKeys (ConfUtils.java:logGet(44)) - raft.server.log.appender.snapshot.chunk.size.max = 16MB (=16777216) (default)
2021-12-08 16:23:09,883 [f2502c96-9954-480b-931a-1e321ebf221a@group-46DB46A971F0-LeaderElection31] INFO  server.RaftServerConfigKeys (ConfUtils.java:logGet(44)) - raft.server.log.appender.buffer.byte-limit = 33554432 (custom)
2021-12-08 16:23:09,883 [f2502c96-9954-480b-931a-1e321ebf221a@group-46DB46A971F0-LeaderElection31] INFO  server.RaftServerConfigKeys (ConfUtils.java:logGet(44)) - raft.server.log.appender.buffer.element-limit = 1 (custom)
2021-12-08 16:23:09,888 [f2502c96-9954-480b-931a-1e321ebf221a@group-46DB46A971F0-LeaderElection31] INFO  grpc.GrpcConfigKeys (ConfUtils.java:logGet(44)) - raft.grpc.server.leader.outstanding.appends.max = 128 (default)
2021-12-08 16:23:09,888 [f2502c96-9954-480b-931a-1e321ebf221a@group-46DB46A971F0-LeaderElection31] INFO  server.RaftServerConfigKeys (ConfUtils.java:logGet(44)) - raft.server.rpc.request.timeout = 60s (custom)
2021-12-08 16:23:09,889 [f2502c96-9954-480b-931a-1e321ebf221a@group-46DB46A971F0-LeaderElection31] INFO  server.RaftServerConfigKeys (ConfUtils.java:logGet(44)) - raft.server.log.appender.install.snapshot.enabled = false (custom)
2021-12-08 16:23:09,889 [f2502c96-9954-480b-931a-1e321ebf221a@group-46DB46A971F0-LeaderElection31] INFO  server.RaftServerConfigKeys (ConfUtils.java:logGet(44)) - raft.server.log.appender.snapshot.chunk.size.max = 16MB (=16777216) (default)
2021-12-08 16:23:09,889 [f2502c96-9954-480b-931a-1e321ebf221a@group-46DB46A971F0-LeaderElection31] INFO  server.RaftServerConfigKeys (ConfUtils.java:logGet(44)) - raft.server.log.appender.buffer.byte-limit = 33554432 (custom)
2021-12-08 16:23:09,889 [f2502c96-9954-480b-931a-1e321ebf221a@group-46DB46A971F0-LeaderElection31] INFO  server.RaftServerConfigKeys (ConfUtils.java:logGet(44)) - raft.server.log.appender.buffer.element-limit = 1 (custom)
2021-12-08 16:23:09,889 [f2502c96-9954-480b-931a-1e321ebf221a@group-46DB46A971F0-LeaderElection31] INFO  grpc.GrpcConfigKeys (ConfUtils.java:logGet(44)) - raft.grpc.server.leader.outstanding.appends.max = 128 (default)
2021-12-08 16:23:09,890 [f2502c96-9954-480b-931a-1e321ebf221a@group-46DB46A971F0-LeaderElection31] INFO  server.RaftServerConfigKeys (ConfUtils.java:logGet(44)) - raft.server.rpc.request.timeout = 60s (custom)
2021-12-08 16:23:09,890 [f2502c96-9954-480b-931a-1e321ebf221a@group-46DB46A971F0-LeaderElection31] INFO  server.RaftServerConfigKeys (ConfUtils.java:logGet(44)) - raft.server.log.appender.install.snapshot.enabled = false (custom)
2021-12-08 16:23:09,890 [f2502c96-9954-480b-931a-1e321ebf221a@group-46DB46A971F0-LeaderElection31] INFO  impl.RoleInfo (RoleInfo.java:updateAndGet(130)) - f2502c96-9954-480b-931a-1e321ebf221a: start f2502c96-9954-480b-931a-1e321ebf221a@group-46DB46A971F0-LeaderStateImpl
2021-12-08 16:23:09,890 [f2502c96-9954-480b-931a-1e321ebf221a@group-46DB46A971F0-LeaderElection31] INFO  segmented.SegmentedRaftLogWorker (SegmentedRaftLogWorker.java:startLogSegment(394)) - f2502c96-9954-480b-931a-1e321ebf221a@group-46DB46A971F0-SegmentedRaftLogWorker: Starting segment from index:0
2021-12-08 16:23:09,887 [EventQueue-PipelineReportForPipelineReportHandler] INFO  pipeline.PipelineManagerImpl (PipelineManagerImpl.java:openPipeline(291)) - Pipeline Pipeline[ Id: 96802253-8d0b-4ccf-bb32-46db46a971f0, Nodes: d711cf8e-9345-4010-b204-37d4bd542fc0{ip: 127.0.0.1, host: localhost, ports: [REPLICATION=34315, RATIS=34071, RATIS_ADMIN=34071, RATIS_SERVER=34071, STANDALONE=41733], networkLocation: /default-rack, certSerialId: null, persistedOpState: IN_SERVICE, persistedOpStateExpiryEpochSec: 0}21742dd4-f00f-4901-aa0f-47c4214f17a6{ip: 127.0.0.1, host: localhost, ports: [REPLICATION=44433, RATIS=43053, RATIS_ADMIN=43053, RATIS_SERVER=43053, STANDALONE=34763], networkLocation: /default-rack, certSerialId: null, persistedOpState: IN_SERVICE, persistedOpStateExpiryEpochSec: 0}f2502c96-9954-480b-931a-1e321ebf221a{ip: 127.0.0.1, host: localhost, ports: [REPLICATION=35303, RATIS=40135, RATIS_ADMIN=40135, RATIS_SERVER=40135, STANDALONE=35441], networkLocation: /default-rack, certSerialId: null, persistedOpState: IN_SERVICE, persistedOpStateExpiryEpochSec: 0}, ReplicationConfig: RATIS/THREE, State:ALLOCATED, leaderId:f2502c96-9954-480b-931a-1e321ebf221a, CreationTimestamp2021-12-08T16:22:51.871Z[Etc/UTC]] moved to OPEN state
2021-12-08 16:23:09,886 [d711cf8e-9345-4010-b204-37d4bd542fc0@group-AEFA5F9DF58D-LeaderElection32] INFO  impl.LeaderElection (LeaderElection.java:logAndReturn(89)) - d711cf8e-9345-4010-b204-37d4bd542fc0@group-AEFA5F9DF58D-LeaderElection32: ELECTION REJECTED received 1 response(s) and 0 exception(s):
2021-12-08 16:23:09,892 [d711cf8e-9345-4010-b204-37d4bd542fc0@group-AEFA5F9DF58D-LeaderElection32] INFO  impl.LeaderElection (LeaderElection.java:logAndReturn(93)) -   Response 0: d711cf8e-9345-4010-b204-37d4bd542fc0<-21742dd4-f00f-4901-aa0f-47c4214f17a6#0:FAIL-t3
2021-12-08 16:23:09,892 [d711cf8e-9345-4010-b204-37d4bd542fc0@group-AEFA5F9DF58D-LeaderElection32] INFO  impl.LeaderElection (LeaderElection.java:askForVotes(308)) - d711cf8e-9345-4010-b204-37d4bd542fc0@group-AEFA5F9DF58D-LeaderElection32 ELECTION round 0: result REJECTED
2021-12-08 16:23:09,892 [d711cf8e-9345-4010-b204-37d4bd542fc0@group-AEFA5F9DF58D-LeaderElection32] INFO  server.RaftServer$Division (RaftServerImpl.java:setRole(290)) - d711cf8e-9345-4010-b204-37d4bd542fc0@group-AEFA5F9DF58D: changes role from CANDIDATE to FOLLOWER at term 3 for REJECTED
2021-12-08 16:23:09,892 [d711cf8e-9345-4010-b204-37d4bd542fc0@group-AEFA5F9DF58D-LeaderElection32] INFO  impl.RoleInfo (RoleInfo.java:shutdownLeaderElection(121)) - d711cf8e-9345-4010-b204-37d4bd542fc0: shutdown d711cf8e-9345-4010-b204-37d4bd542fc0@group-AEFA5F9DF58D-LeaderElection32
2021-12-08 16:23:09,892 [d711cf8e-9345-4010-b204-37d4bd542fc0@group-AEFA5F9DF58D-LeaderElection32] INFO  impl.RoleInfo (RoleInfo.java:updateAndGet(130)) - d711cf8e-9345-4010-b204-37d4bd542fc0: start d711cf8e-9345-4010-b204-37d4bd542fc0@group-AEFA5F9DF58D-FollowerState
2021-12-08 16:23:09,885 [grpc-default-executor-1] INFO  impl.VoteContext (VoteContext.java:log(48)) - f2502c96-9954-480b-931a-1e321ebf221a@group-AEFA5F9DF58D-CANDIDATE: reject ELECTION from d711cf8e-9345-4010-b204-37d4bd542fc0: already has voted for f2502c96-9954-480b-931a-1e321ebf221a at current term 3
2021-12-08 16:23:09,920 [grpc-default-executor-1] INFO  server.RaftServer$Division (RaftServerImpl.java:requestVote(1078)) - f2502c96-9954-480b-931a-1e321ebf221a@group-AEFA5F9DF58D replies to ELECTION vote request: d711cf8e-9345-4010-b204-37d4bd542fc0<-f2502c96-9954-480b-931a-1e321ebf221a#0:FAIL-t3. Peer's state: f2502c96-9954-480b-931a-1e321ebf221a@group-AEFA5F9DF58D:t3, leader=null, voted=f2502c96-9954-480b-931a-1e321ebf221a, raftlog=f2502c96-9954-480b-931a-1e321ebf221a@group-AEFA5F9DF58D-SegmentedRaftLog:OPENED:c-1, conf=-1: [d711cf8e-9345-4010-b204-37d4bd542fc0|rpc:127.0.0.1:34071|priority:0, f2502c96-9954-480b-931a-1e321ebf221a|rpc:127.0.0.1:40135|priority:0, 21742dd4-f00f-4901-aa0f-47c4214f17a6|rpc:127.0.0.1:43053|priority:1], old=null
2021-12-08 16:23:09,920 [grpc-default-executor-2] INFO  server.RaftServer$Division (RaftServerImpl.java:requestVote(1046)) - 21742dd4-f00f-4901-aa0f-47c4214f17a6@group-46DB46A971F0: receive requestVote(ELECTION, f2502c96-9954-480b-931a-1e321ebf221a, group-46DB46A971F0, 3, (t:0, i:0))
2021-12-08 16:23:09,885 [f2502c96-9954-480b-931a-1e321ebf221a@group-AEFA5F9DF58D-LeaderElection35] INFO  impl.LeaderElection (LeaderElection.java:askForVotes(306)) - f2502c96-9954-480b-931a-1e321ebf221a@group-AEFA5F9DF58D-LeaderElection35 ELECTION round 0: submit vote requests at term 3 for -1: [d711cf8e-9345-4010-b204-37d4bd542fc0|rpc:127.0.0.1:34071|priority:0, f2502c96-9954-480b-931a-1e321ebf221a|rpc:127.0.0.1:40135|priority:0, 21742dd4-f00f-4901-aa0f-47c4214f17a6|rpc:127.0.0.1:43053|priority:1], old=null
2021-12-08 16:23:09,919 [grpc-default-executor-0] INFO  ratis.XceiverServerRatis (XceiverServerRatis.java:handleLeaderChangedNotification(866)) - Leader change notification received for group: group-46DB46A971F0 with new leaderId: f2502c96-9954-480b-931a-1e321ebf221a
2021-12-08 16:23:09,923 [grpc-default-executor-0] INFO  server.RaftServer$Division (ServerState.java:setLeader(285)) - d711cf8e-9345-4010-b204-37d4bd542fc0@group-46DB46A971F0: change Leader from null to f2502c96-9954-480b-931a-1e321ebf221a at term 3 for appendEntries, leader elected after 15657ms
2021-12-08 16:23:09,903 [f2502c96-9954-480b-931a-1e321ebf221a@group-46DB46A971F0-LeaderElection31] INFO  server.RaftServer$Division (ServerState.java:setRaftConf(387)) - f2502c96-9954-480b-931a-1e321ebf221a@group-46DB46A971F0: set configuration 0: [d711cf8e-9345-4010-b204-37d4bd542fc0|rpc:127.0.0.1:34071|dataStream:|priority:0, f2502c96-9954-480b-931a-1e321ebf221a|rpc:127.0.0.1:40135|dataStream:|priority:1, 21742dd4-f00f-4901-aa0f-47c4214f17a6|rpc:127.0.0.1:43053|dataStream:|priority:0], old=null
2021-12-08 16:23:09,899 [a1d7cd84-dd07-406f-a027-06562c9714d9@group-93507A544922-StateMachineUpdater] INFO  safemode.HealthyPipelineSafeModeRule (HealthyPipelineSafeModeRule.java:initializeRule(152)) - Refreshed total pipeline count is 1, healthy pipeline threshold count is 1
2021-12-08 16:23:09,898 [grpc-default-executor-6] INFO  ratis.XceiverServerRatis (XceiverServerRatis.java:handleLeaderChangedNotification(866)) - Leader change notification received for group: group-46DB46A971F0 with new leaderId: f2502c96-9954-480b-931a-1e321ebf221a
2021-12-08 16:23:09,923 [grpc-default-executor-6] INFO  server.RaftServer$Division (ServerState.java:setLeader(285)) - 21742dd4-f00f-4901-aa0f-47c4214f17a6@group-46DB46A971F0: change Leader from null to f2502c96-9954-480b-931a-1e321ebf221a at term 3 for appendEntries, leader elected after 15551ms
2021-12-08 16:23:09,895 [f2502c96-9954-480b-931a-1e321ebf221a@group-46DB46A971F0-SegmentedRaftLogWorker] INFO  segmented.SegmentedRaftLogWorker (SegmentedRaftLogWorker.java:execute(601)) - f2502c96-9954-480b-931a-1e321ebf221a@group-46DB46A971F0-SegmentedRaftLogWorker: created new log segment /home/runner/work/ozone/ozone/hadoop-ozone/integration-test/target/test-dir/MiniOzoneClusterImpl-871b6dc8-7d19-4806-8910-93507a544922/datanode-1/data/ratis/96802253-8d0b-4ccf-bb32-46db46a971f0/current/log_inprogress_0
2021-12-08 16:23:09,923 [EventQueue-PipelineReportForPipelineReportHandler] INFO  ha.SCMHAInvocationHandler (SCMHAInvocationHandler.java:invokeRatis(113)) - Invoking method public abstract void org.apache.hadoop.hdds.scm.pipeline.PipelineStateManager.updatePipelineState(org.apache.hadoop.hdds.protocol.proto.HddsProtos$PipelineID,org.apache.hadoop.hdds.protocol.proto.HddsProtos$PipelineState) throws java.io.IOException on target org.apache.hadoop.hdds.scm.ha.SCMRatisServerImpl@272c22c8, cost 31392.859us
2021-12-08 16:23:09,924 [EventQueue-OpenPipelineForHealthyPipelineSafeModeRule] INFO  safemode.SCMSafeModeManager (HealthyPipelineSafeModeRule.java:process(124)) - SCM in safe mode. Healthy pipelines reported count is 1, required healthy pipeline reported count is 1
2021-12-08 16:23:09,924 [EventQueue-OpenPipelineForHealthyPipelineSafeModeRule] INFO  safemode.SCMSafeModeManager (SCMSafeModeManager.java:validateSafeModeExitRules(204)) - HealthyPipelineSafeModeRule rule is successfully validated
2021-12-08 16:23:09,924 [EventQueue-OpenPipelineForHealthyPipelineSafeModeRule] INFO  safemode.SCMSafeModeManager (SCMSafeModeManager.java:validateSafeModeExitRules(219)) - ScmSafeModeManager, all rules are successfully validated
2021-12-08 16:23:09,924 [EventQueue-OpenPipelineForHealthyPipelineSafeModeRule] INFO  safemode.SCMSafeModeManager (SCMSafeModeManager.java:exitSafeMode(248)) - SCM exiting safe mode.
2021-12-08 16:23:09,924 [EventQueue-OpenPipelineForHealthyPipelineSafeModeRule] WARN  events.EventQueue (EventQueue.java:fireEvent(194)) - No event handler registered for event TypedEvent{payloadType=SafeModeStatus, name='Safe mode status'}
2021-12-08 16:23:09,924 [EventQueue-OpenPipelineForHealthyPipelineSafeModeRule] INFO  ha.SCMContext (SCMContext.java:updateSafeModeStatus(211)) - Update SafeModeStatus from SafeModeStatus{safeModeStatus=true, preCheckPassed=true} to SafeModeStatus{safeModeStatus=false, preCheckPassed=true}.
2021-12-08 16:23:09,924 [EventQueue-OpenPipelineForHealthyPipelineSafeModeRule] INFO  container.ReplicationManager (ReplicationManager.java:notifyStatusChanged(1758)) - Service ReplicationManager transitions to RUNNING.
2021-12-08 16:23:09,924 [grpc-default-executor-2] INFO  impl.VoteContext (VoteContext.java:log(48)) - 21742dd4-f00f-4901-aa0f-47c4214f17a6@group-46DB46A971F0-FOLLOWER: reject ELECTION from f2502c96-9954-480b-931a-1e321ebf221a: this server is a follower and still has a valid leader f2502c96-9954-480b-931a-1e321ebf221a
2021-12-08 16:23:09,925 [grpc-default-executor-2] INFO  server.RaftServer$Division (RaftServerImpl.java:requestVote(1078)) - 21742dd4-f00f-4901-aa0f-47c4214f17a6@group-46DB46A971F0 replies to ELECTION vote request: f2502c96-9954-480b-931a-1e321ebf221a<-21742dd4-f00f-4901-aa0f-47c4214f17a6#0:FAIL-t3. Peer's state: 21742dd4-f00f-4901-aa0f-47c4214f17a6@group-46DB46A971F0:t3, leader=f2502c96-9954-480b-931a-1e321ebf221a, voted=null, raftlog=21742dd4-f00f-4901-aa0f-47c4214f17a6@group-46DB46A971F0-SegmentedRaftLog:OPENED:c-1, conf=-1: [d711cf8e-9345-4010-b204-37d4bd542fc0|rpc:127.0.0.1:34071|dataStream:|priority:0, f2502c96-9954-480b-931a-1e321ebf221a|rpc:127.0.0.1:40135|dataStream:|priority:1, 21742dd4-f00f-4901-aa0f-47c4214f17a6|rpc:127.0.0.1:43053|dataStream:|priority:0], old=null
2021-12-08 16:23:09,940 [grpc-default-executor-2] INFO  server.RaftServer$Division (RaftServerImpl.java:requestVote(1046)) - d711cf8e-9345-4010-b204-37d4bd542fc0@group-AEFA5F9DF58D: receive requestVote(ELECTION, f2502c96-9954-480b-931a-1e321ebf221a, group-AEFA5F9DF58D, 3, (t:0, i:0))
2021-12-08 16:23:09,940 [grpc-default-executor-2] INFO  impl.VoteContext (VoteContext.java:log(48)) - d711cf8e-9345-4010-b204-37d4bd542fc0@group-AEFA5F9DF58D-FOLLOWER: reject ELECTION from f2502c96-9954-480b-931a-1e321ebf221a: already has voted for d711cf8e-9345-4010-b204-37d4bd542fc0 at current term 3
2021-12-08 16:23:09,940 [grpc-default-executor-2] INFO  server.RaftServer$Division (RaftServerImpl.java:requestVote(1078)) - d711cf8e-9345-4010-b204-37d4bd542fc0@group-AEFA5F9DF58D replies to ELECTION vote request: f2502c96-9954-480b-931a-1e321ebf221a<-d711cf8e-9345-4010-b204-37d4bd542fc0#0:FAIL-t3. Peer's state: d711cf8e-9345-4010-b204-37d4bd542fc0@group-AEFA5F9DF58D:t3, leader=null, voted=d711cf8e-9345-4010-b204-37d4bd542fc0, raftlog=d711cf8e-9345-4010-b204-37d4bd542fc0@group-AEFA5F9DF58D-SegmentedRaftLog:OPENED:c-1, conf=-1: [d711cf8e-9345-4010-b204-37d4bd542fc0|rpc:127.0.0.1:34071|priority:0, f2502c96-9954-480b-931a-1e321ebf221a|rpc:127.0.0.1:40135|priority:0, 21742dd4-f00f-4901-aa0f-47c4214f17a6|rpc:127.0.0.1:43053|priority:1], old=null
2021-12-08 16:23:09,942 [grpc-default-executor-2] INFO  server.RaftServer$Division (ServerState.java:setRaftConf(387)) - 21742dd4-f00f-4901-aa0f-47c4214f17a6@group-46DB46A971F0: set configuration 0: [d711cf8e-9345-4010-b204-37d4bd542fc0|rpc:127.0.0.1:34071|dataStream:|priority:0, f2502c96-9954-480b-931a-1e321ebf221a|rpc:127.0.0.1:40135|dataStream:|priority:1, 21742dd4-f00f-4901-aa0f-47c4214f17a6|rpc:127.0.0.1:43053|dataStream:|priority:0], old=null
2021-12-08 16:23:09,942 [grpc-default-executor-2] INFO  segmented.SegmentedRaftLogWorker (SegmentedRaftLogWorker.java:startLogSegment(394)) - 21742dd4-f00f-4901-aa0f-47c4214f17a6@group-46DB46A971F0-SegmentedRaftLogWorker: Starting segment from index:0
2021-12-08 16:23:09,943 [grpc-default-executor-0] INFO  server.RaftServer$Division (ServerState.java:setRaftConf(387)) - d711cf8e-9345-4010-b204-37d4bd542fc0@group-46DB46A971F0: set configuration 0: [d711cf8e-9345-4010-b204-37d4bd542fc0|rpc:127.0.0.1:34071|dataStream:|priority:0, f2502c96-9954-480b-931a-1e321ebf221a|rpc:127.0.0.1:40135|dataStream:|priority:1, 21742dd4-f00f-4901-aa0f-47c4214f17a6|rpc:127.0.0.1:43053|dataStream:|priority:0], old=null
2021-12-08 16:23:09,957 [grpc-default-executor-0] INFO  segmented.SegmentedRaftLogWorker (SegmentedRaftLogWorker.java:startLogSegment(394)) - d711cf8e-9345-4010-b204-37d4bd542fc0@group-46DB46A971F0-SegmentedRaftLogWorker: Starting segment from index:0
2021-12-08 16:23:09,964 [21742dd4-f00f-4901-aa0f-47c4214f17a6@group-46DB46A971F0-SegmentedRaftLogWorker] INFO  segmented.SegmentedRaftLogWorker (SegmentedRaftLogWorker.java:execute(601)) - 21742dd4-f00f-4901-aa0f-47c4214f17a6@group-46DB46A971F0-SegmentedRaftLogWorker: created new log segment /home/runner/work/ozone/ozone/hadoop-ozone/integration-test/target/test-dir/MiniOzoneClusterImpl-871b6dc8-7d19-4806-8910-93507a544922/datanode-2/data/ratis/96802253-8d0b-4ccf-bb32-46db46a971f0/current/log_inprogress_0
2021-12-08 16:23:09,967 [d711cf8e-9345-4010-b204-37d4bd542fc0@group-46DB46A971F0-SegmentedRaftLogWorker] INFO  segmented.SegmentedRaftLogWorker (SegmentedRaftLogWorker.java:execute(601)) - d711cf8e-9345-4010-b204-37d4bd542fc0@group-46DB46A971F0-SegmentedRaftLogWorker: created new log segment /home/runner/work/ozone/ozone/hadoop-ozone/integration-test/target/test-dir/MiniOzoneClusterImpl-871b6dc8-7d19-4806-8910-93507a544922/datanode-0/data/ratis/96802253-8d0b-4ccf-bb32-46db46a971f0/current/log_inprogress_0
2021-12-08 16:23:09,967 [grpc-default-executor-0] INFO  server.RaftServer$Division (RaftServerImpl.java:requestVote(1046)) - 21742dd4-f00f-4901-aa0f-47c4214f17a6@group-AEFA5F9DF58D: receive requestVote(ELECTION, f2502c96-9954-480b-931a-1e321ebf221a, group-AEFA5F9DF58D, 3, (t:0, i:0))
2021-12-08 16:23:09,967 [grpc-default-executor-0] INFO  impl.VoteContext (VoteContext.java:log(48)) - 21742dd4-f00f-4901-aa0f-47c4214f17a6@group-AEFA5F9DF58D-FOLLOWER: reject ELECTION from f2502c96-9954-480b-931a-1e321ebf221a: our priority 1 > candidate's priority 0
2021-12-08 16:23:09,967 [grpc-default-executor-0] INFO  server.RaftServer$Division (RaftServerImpl.java:setRole(290)) - 21742dd4-f00f-4901-aa0f-47c4214f17a6@group-AEFA5F9DF58D: changes role from  FOLLOWER to FOLLOWER at term 3 for candidate:f2502c96-9954-480b-931a-1e321ebf221a
2021-12-08 16:23:09,967 [grpc-default-executor-0] INFO  impl.RoleInfo (RoleInfo.java:shutdownFollowerState(108)) - 21742dd4-f00f-4901-aa0f-47c4214f17a6: shutdown 21742dd4-f00f-4901-aa0f-47c4214f17a6@group-AEFA5F9DF58D-FollowerState
2021-12-08 16:23:09,972 [grpc-default-executor-0] INFO  impl.RoleInfo (RoleInfo.java:updateAndGet(130)) - 21742dd4-f00f-4901-aa0f-47c4214f17a6: start 21742dd4-f00f-4901-aa0f-47c4214f17a6@group-AEFA5F9DF58D-FollowerState
2021-12-08 16:23:09,972 [21742dd4-f00f-4901-aa0f-47c4214f17a6@group-AEFA5F9DF58D-FollowerState] INFO  impl.FollowerState (FollowerState.java:run(143)) - 21742dd4-f00f-4901-aa0f-47c4214f17a6@group-AEFA5F9DF58D-FollowerState was interrupted: {}
java.lang.InterruptedException: sleep interrupted
	at java.lang.Thread.sleep(Native Method)
	at java.lang.Thread.sleep(Thread.java:340)
	at java.util.concurrent.TimeUnit.sleep(TimeUnit.java:386)
	at org.apache.ratis.util.TimeDuration.sleep(TimeDuration.java:324)
	at org.apache.ratis.util.TimeDuration.sleep(TimeDuration.java:309)
	at org.apache.ratis.server.impl.FollowerState.run(FollowerState.java:118)
2021-12-08 16:23:09,972 [grpc-default-executor-0] INFO  server.RaftServer$Division (RaftServerImpl.java:requestVote(1078)) - 21742dd4-f00f-4901-aa0f-47c4214f17a6@group-AEFA5F9DF58D replies to ELECTION vote request: f2502c96-9954-480b-931a-1e321ebf221a<-21742dd4-f00f-4901-aa0f-47c4214f17a6#0:FAIL-t3. Peer's state: 21742dd4-f00f-4901-aa0f-47c4214f17a6@group-AEFA5F9DF58D:t3, leader=null, voted=null, raftlog=21742dd4-f00f-4901-aa0f-47c4214f17a6@group-AEFA5F9DF58D-SegmentedRaftLog:OPENED:c-1, conf=-1: [d711cf8e-9345-4010-b204-37d4bd542fc0|rpc:127.0.0.1:34071|dataStream:|priority:0, f2502c96-9954-480b-931a-1e321ebf221a|rpc:127.0.0.1:40135|dataStream:|priority:0, 21742dd4-f00f-4901-aa0f-47c4214f17a6|rpc:127.0.0.1:43053|dataStream:|priority:1], old=null
2021-12-08 16:23:09,987 [f2502c96-9954-480b-931a-1e321ebf221a@group-AEFA5F9DF58D-LeaderElection35] INFO  impl.LeaderElection (LeaderElection.java:logAndReturn(89)) - f2502c96-9954-480b-931a-1e321ebf221a@group-AEFA5F9DF58D-LeaderElection35: ELECTION REJECTED received 2 response(s) and 0 exception(s):
2021-12-08 16:23:09,988 [f2502c96-9954-480b-931a-1e321ebf221a@group-AEFA5F9DF58D-LeaderElection35] INFO  impl.LeaderElection (LeaderElection.java:logAndReturn(93)) -   Response 0: f2502c96-9954-480b-931a-1e321ebf221a<-d711cf8e-9345-4010-b204-37d4bd542fc0#0:FAIL-t3
2021-12-08 16:23:09,988 [f2502c96-9954-480b-931a-1e321ebf221a@group-AEFA5F9DF58D-LeaderElection35] INFO  impl.LeaderElection (LeaderElection.java:logAndReturn(93)) -   Response 1: f2502c96-9954-480b-931a-1e321ebf221a<-21742dd4-f00f-4901-aa0f-47c4214f17a6#0:FAIL-t3
2021-12-08 16:23:09,988 [f2502c96-9954-480b-931a-1e321ebf221a@group-AEFA5F9DF58D-LeaderElection35] INFO  impl.LeaderElection (LeaderElection.java:askForVotes(308)) - f2502c96-9954-480b-931a-1e321ebf221a@group-AEFA5F9DF58D-LeaderElection35 ELECTION round 0: result REJECTED
2021-12-08 16:23:09,988 [f2502c96-9954-480b-931a-1e321ebf221a@group-AEFA5F9DF58D-LeaderElection35] INFO  server.RaftServer$Division (RaftServerImpl.java:setRole(290)) - f2502c96-9954-480b-931a-1e321ebf221a@group-AEFA5F9DF58D: changes role from CANDIDATE to FOLLOWER at term 3 for REJECTED
2021-12-08 16:23:09,988 [f2502c96-9954-480b-931a-1e321ebf221a@group-AEFA5F9DF58D-LeaderElection35] INFO  impl.RoleInfo (RoleInfo.java:shutdownLeaderElection(121)) - f2502c96-9954-480b-931a-1e321ebf221a: shutdown f2502c96-9954-480b-931a-1e321ebf221a@group-AEFA5F9DF58D-LeaderElection35
2021-12-08 16:23:09,988 [f2502c96-9954-480b-931a-1e321ebf221a@group-AEFA5F9DF58D-LeaderElection35] INFO  impl.RoleInfo (RoleInfo.java:updateAndGet(130)) - f2502c96-9954-480b-931a-1e321ebf221a: start f2502c96-9954-480b-931a-1e321ebf221a@group-AEFA5F9DF58D-FollowerState
2021-12-08 16:23:10,725 [EndpointStateMachine task thread for /127.0.0.1:15821 - 0 ] INFO  ipc.Client (Client.java:handleConnectionFailure(977)) - Retrying connect to server: localhost/127.0.0.1:15821. Already tried 8 time(s); retry policy is RetryUpToMaximumCountWithFixedSleep(maxRetries=15, sleepTime=1000 MILLISECONDS)
2021-12-08 16:23:10,847 [Listener at 127.0.0.1/13584] INFO  ozone.MiniOzoneClusterImpl (MiniOzoneClusterImpl.java:lambda$waitForClusterToBeReady$0(235)) - Nodes are ready. Got 3 of 3 DN Heartbeats.
2021-12-08 16:23:10,847 [Listener at 127.0.0.1/13584] INFO  ozone.MiniOzoneClusterImpl (MiniOzoneClusterImpl.java:lambda$waitForClusterToBeReady$0(238)) - Cluster exits safe mode
2021-12-08 16:23:10,847 [Listener at 127.0.0.1/13584] INFO  ozone.MiniOzoneClusterImpl (MiniOzoneClusterImpl.java:lambda$waitForClusterToBeReady$0(240)) - SCM became leader
2021-12-08 16:23:10,849 [Listener at 127.0.0.1/13584] INFO  rpc.RpcClient (RpcClient.java:createVolume(389)) - Creating Volume: volume55963, with runner as owner and space quota set to -1 bytes, counts quota set to -1
2021-12-08 16:23:10,865 [OM StateMachine ApplyTransaction Thread - 0] INFO  volume.OMVolumeCreateRequest (OMVolumeCreateRequest.java:validateAndUpdateCache(195)) - created volume:volume55963 for user:runner
2021-12-08 16:23:10,878 [Listener at 127.0.0.1/13584] INFO  rpc.RpcClient (RpcClient.java:createBucket(552)) - Creating Bucket: volume55963/bucket82951, with runner as owner and Versioning false and Storage Type set to DISK and Encryption set to false 
2021-12-08 16:23:10,915 [a1d7cd84-dd07-406f-a027-06562c9714d9@group-93507A544922-StateMachineUpdater] INFO  pipeline.PipelineStateManagerImpl (PipelineStateManagerImpl.java:addPipeline(101)) - Created pipeline Pipeline[ Id: ce5e39d4-b537-4cda-bf7b-00dbfb8d026d, Nodes: f2502c96-9954-480b-931a-1e321ebf221a{ip: 127.0.0.1, host: localhost, ports: [REPLICATION=35303, RATIS=40135, RATIS_ADMIN=40135, RATIS_SERVER=40135, STANDALONE=35441], networkLocation: /default-rack, certSerialId: null, persistedOpState: IN_SERVICE, persistedOpStateExpiryEpochSec: 0}, ReplicationConfig: STANDALONE/ONE, State:OPEN, leaderId:, CreationTimestamp2021-12-08T16:23:10.913Z[Etc/UTC]].
2021-12-08 16:23:10,915 [IPC Server handler 7 on default port 13474] INFO  ha.SCMHAInvocationHandler (SCMHAInvocationHandler.java:invokeRatis(113)) - Invoking method public abstract void org.apache.hadoop.hdds.scm.pipeline.PipelineStateManager.addPipeline(org.apache.hadoop.hdds.protocol.proto.HddsProtos$Pipeline) throws java.io.IOException on target org.apache.hadoop.hdds.scm.ha.SCMRatisServerImpl@272c22c8, cost 2353.412us
2021-12-08 16:23:10,917 [IPC Server handler 7 on default port 13474] INFO  ha.SCMHAInvocationHandler (SCMHAInvocationHandler.java:invokeRatis(113)) - Invoking method public abstract java.lang.Boolean org.apache.hadoop.hdds.scm.ha.SequenceIdGenerator$StateManager.allocateBatch(java.lang.String,java.lang.Long,java.lang.Long) on target org.apache.hadoop.hdds.scm.ha.SCMRatisServerImpl@272c22c8, cost 1505.307us
2021-12-08 16:23:10,917 [IPC Server handler 7 on default port 13474] INFO  ha.SequenceIdGenerator (SequenceIdGenerator.java:getNextId(127)) - Allocate a batch for containerId, change lastId from 0 to 1000.
2021-12-08 16:23:10,919 [IPC Server handler 7 on default port 13474] INFO  ha.SCMHAInvocationHandler (SCMHAInvocationHandler.java:invokeRatis(113)) - Invoking method public abstract void org.apache.hadoop.hdds.scm.container.ContainerStateManager.addContainer(org.apache.hadoop.hdds.protocol.proto.HddsProtos$ContainerInfoProto) throws java.io.IOException on target org.apache.hadoop.hdds.scm.ha.SCMRatisServerImpl@272c22c8, cost 1337.106us
2021-12-08 16:23:10,926 [a1d7cd84-dd07-406f-a027-06562c9714d9@group-93507A544922-StateMachineUpdater] WARN  ha.SequenceIdGenerator (SequenceIdGenerator.java:allocateBatch(235)) - Failed to allocate a batch for localId, expected lastId is 0, actual lastId is 107544261427200000.
2021-12-08 16:23:10,928 [IPC Server handler 7 on default port 13474] INFO  ha.SCMHAInvocationHandler (SCMHAInvocationHandler.java:invokeRatis(113)) - Invoking method public abstract java.lang.Boolean org.apache.hadoop.hdds.scm.ha.SequenceIdGenerator$StateManager.allocateBatch(java.lang.String,java.lang.Long,java.lang.Long) on target org.apache.hadoop.hdds.scm.ha.SCMRatisServerImpl@272c22c8, cost 8784.844us
2021-12-08 16:23:10,930 [IPC Server handler 7 on default port 13474] INFO  ha.SCMHAInvocationHandler (SCMHAInvocationHandler.java:invokeRatis(113)) - Invoking method public abstract java.lang.Boolean org.apache.hadoop.hdds.scm.ha.SequenceIdGenerator$StateManager.allocateBatch(java.lang.String,java.lang.Long,java.lang.Long) on target org.apache.hadoop.hdds.scm.ha.SCMRatisServerImpl@272c22c8, cost 1830.909us
2021-12-08 16:23:10,930 [IPC Server handler 7 on default port 13474] INFO  ha.SequenceIdGenerator (SequenceIdGenerator.java:getNextId(127)) - Allocate a batch for localId, change lastId from 107544261427200000 to 107544261427201000.
2021-12-08 16:23:11,073 [Listener at 127.0.0.1/13584] INFO  ha.OMHANodeDetails (OMHANodeDetails.java:loadOMHAConfig(118)) - ServiceID for OzoneManager is om-bootstrap
2021-12-08 16:23:11,074 [Listener at 127.0.0.1/13584] INFO  ha.OMHANodeDetails (OMHANodeDetails.java:loadOMHAConfig(192)) - Found matching OM address with OMServiceId: om-bootstrap, OMNodeId: omNode-bootstrap-1, RPC Address: localhost:34079 and Ratis port: 46319
2021-12-08 16:23:11,074 [Listener at 127.0.0.1/13584] INFO  ha.OMHANodeDetails (ConfUtils.java:setNodeSpecificConfigs(108)) - Setting configuration key ozone.om.http-address with value of key ozone.om.http-address.om-bootstrap.omNode-bootstrap-1: 127.0.0.1:33191
2021-12-08 16:23:11,074 [Listener at 127.0.0.1/13584] INFO  ha.OMHANodeDetails (ConfUtils.java:setNodeSpecificConfigs(108)) - Setting configuration key ozone.om.https-address with value of key ozone.om.https-address.om-bootstrap.omNode-bootstrap-1: 127.0.0.1:41435
2021-12-08 16:23:11,074 [Listener at 127.0.0.1/13584] INFO  ha.OMHANodeDetails (ConfUtils.java:setNodeSpecificConfigs(108)) - Setting configuration key ozone.om.address with value of key ozone.om.address.om-bootstrap.omNode-bootstrap-1: 127.0.0.1:34079
2021-12-08 16:23:11,074 [Listener at 127.0.0.1/13584] WARN  server.ServerUtils (ServerUtils.java:getDBPath(225)) - ozone.om.db.dirs is not configured. We recommend adding this setting. Falling back to ozone.metadata.dirs instead.
2021-12-08 16:23:11,076 [Listener at 127.0.0.1/13584] INFO  ha.SCMNodeInfo (SCMNodeInfo.java:getPort(197)) - ConfigKey ozone.scm.client.address is deprecated, For configuring different ports for each SCM use PortConfigKey ozone.scm.client.port appended with serviceId and nodeId
2021-12-08 16:23:11,076 [Listener at 127.0.0.1/13584] INFO  ha.SCMNodeInfo (SCMNodeInfo.java:getPort(197)) - ConfigKey ozone.scm.block.client.address is deprecated, For configuring different ports for each SCM use PortConfigKey ozone.scm.block.client.port appended with serviceId and nodeId
2021-12-08 16:23:11,076 [Listener at 127.0.0.1/13584] INFO  ha.SCMNodeInfo (SCMNodeInfo.java:getPort(197)) - ConfigKey ozone.scm.datanode.address is deprecated, For configuring different ports for each SCM use PortConfigKey ozone.scm.datanode.port appended with serviceId and nodeId
OM initialization succeeded.Current cluster id for sd=/home/runner/work/ozone/ozone/hadoop-ozone/integration-test/target/test-dir/MiniOzoneClusterImpl-871b6dc8-7d19-4806-8910-93507a544922/omNode-bootstrap-1/om;cid=871b6dc8-7d19-4806-8910-93507a544922;layoutVersion=0
2021-12-08 16:23:11,104 [Listener at 127.0.0.1/13584] INFO  ha.OMHANodeDetails (OMHANodeDetails.java:loadOMHAConfig(118)) - ServiceID for OzoneManager is om-bootstrap
2021-12-08 16:23:11,104 [Listener at 127.0.0.1/13584] INFO  ha.OMHANodeDetails (OMHANodeDetails.java:loadOMHAConfig(192)) - Found matching OM address with OMServiceId: om-bootstrap, OMNodeId: omNode-bootstrap-1, RPC Address: localhost:34079 and Ratis port: 46319
2021-12-08 16:23:11,104 [Listener at 127.0.0.1/13584] INFO  ha.OMHANodeDetails (ConfUtils.java:setNodeSpecificConfigs(108)) - Setting configuration key ozone.om.http-address with value of key ozone.om.http-address.om-bootstrap.omNode-bootstrap-1: 127.0.0.1:33191
2021-12-08 16:23:11,104 [Listener at 127.0.0.1/13584] INFO  ha.OMHANodeDetails (ConfUtils.java:setNodeSpecificConfigs(108)) - Setting configuration key ozone.om.https-address with value of key ozone.om.https-address.om-bootstrap.omNode-bootstrap-1: 127.0.0.1:41435
2021-12-08 16:23:11,105 [Listener at 127.0.0.1/13584] INFO  ha.OMHANodeDetails (ConfUtils.java:setNodeSpecificConfigs(108)) - Setting configuration key ozone.om.address with value of key ozone.om.address.om-bootstrap.omNode-bootstrap-1: 127.0.0.1:34079
2021-12-08 16:23:11,105 [Listener at 127.0.0.1/13584] WARN  server.ServerUtils (ServerUtils.java:getDBPath(225)) - ozone.om.db.dirs is not configured. We recommend adding this setting. Falling back to ozone.metadata.dirs instead.
2021-12-08 16:23:11,105 [Listener at 127.0.0.1/13584] INFO  upgrade.AbstractLayoutVersionManager (AbstractLayoutVersionManager.java:init(79)) - Initializing Layout version manager with metadata layout = INITIAL_VERSION (version = 0), software layout = INITIAL_VERSION (version = 0)
2021-12-08 16:23:11,204 [Listener at 127.0.0.1/13584] INFO  reflections.Reflections (Reflections.java:scan(232)) - Reflections took 98 ms to scan 2 urls, producing 132 keys and 344 values [using 2 cores]
2021-12-08 16:23:11,205 [Listener at 127.0.0.1/13584] INFO  upgrade.OMLayoutVersionManager (OMLayoutVersionManager.java:lambda$0(115)) - Skipping Upgrade Action MockOmUpgradeAction since it has been finalized.
2021-12-08 16:23:11,205 [Listener at 127.0.0.1/13584] WARN  server.ServerUtils (ServerUtils.java:getDBPath(225)) - ozone.om.db.dirs is not configured. We recommend adding this setting. Falling back to ozone.metadata.dirs instead.
2021-12-08 16:23:11,205 [Listener at 127.0.0.1/13584] INFO  ha.SCMNodeInfo (SCMNodeInfo.java:getPort(197)) - ConfigKey ozone.scm.client.address is deprecated, For configuring different ports for each SCM use PortConfigKey ozone.scm.client.port appended with serviceId and nodeId
2021-12-08 16:23:11,205 [Listener at 127.0.0.1/13584] INFO  ha.SCMNodeInfo (SCMNodeInfo.java:getPort(197)) - ConfigKey ozone.scm.block.client.address is deprecated, For configuring different ports for each SCM use PortConfigKey ozone.scm.block.client.port appended with serviceId and nodeId
2021-12-08 16:23:11,205 [Listener at 127.0.0.1/13584] INFO  ha.SCMNodeInfo (SCMNodeInfo.java:getPort(197)) - ConfigKey ozone.scm.datanode.address is deprecated, For configuring different ports for each SCM use PortConfigKey ozone.scm.datanode.port appended with serviceId and nodeId
2021-12-08 16:23:11,206 [Listener at 127.0.0.1/13584] INFO  ha.SCMNodeInfo (SCMNodeInfo.java:getPort(197)) - ConfigKey ozone.scm.client.address is deprecated, For configuring different ports for each SCM use PortConfigKey ozone.scm.client.port appended with serviceId and nodeId
2021-12-08 16:23:11,206 [Listener at 127.0.0.1/13584] INFO  ha.SCMNodeInfo (SCMNodeInfo.java:getPort(197)) - ConfigKey ozone.scm.block.client.address is deprecated, For configuring different ports for each SCM use PortConfigKey ozone.scm.block.client.port appended with serviceId and nodeId
2021-12-08 16:23:11,206 [Listener at 127.0.0.1/13584] INFO  ha.SCMNodeInfo (SCMNodeInfo.java:getPort(197)) - ConfigKey ozone.scm.datanode.address is deprecated, For configuring different ports for each SCM use PortConfigKey ozone.scm.datanode.port appended with serviceId and nodeId
2021-12-08 16:23:11,206 [Listener at 127.0.0.1/13584] INFO  ha.SCMNodeInfo (SCMNodeInfo.java:getPort(197)) - ConfigKey ozone.scm.client.address is deprecated, For configuring different ports for each SCM use PortConfigKey ozone.scm.client.port appended with serviceId and nodeId
2021-12-08 16:23:11,207 [Listener at 127.0.0.1/13584] INFO  ha.SCMNodeInfo (SCMNodeInfo.java:getPort(197)) - ConfigKey ozone.scm.block.client.address is deprecated, For configuring different ports for each SCM use PortConfigKey ozone.scm.block.client.port appended with serviceId and nodeId
2021-12-08 16:23:11,207 [Listener at 127.0.0.1/13584] INFO  ha.SCMNodeInfo (SCMNodeInfo.java:getPort(197)) - ConfigKey ozone.scm.datanode.address is deprecated, For configuring different ports for each SCM use PortConfigKey ozone.scm.datanode.port appended with serviceId and nodeId
2021-12-08 16:23:11,237 [Listener at 127.0.0.1/13584] WARN  server.ServerUtils (ServerUtils.java:getDBPath(225)) - ozone.om.db.dirs is not configured. We recommend adding this setting. Falling back to ozone.metadata.dirs instead.
2021-12-08 16:23:11,239 [Listener at 127.0.0.1/13584] INFO  codec.OmKeyInfoCodec (OmKeyInfoCodec.java:<init>(50)) - OmKeyInfoCodec ignorePipeline = true
2021-12-08 16:23:11,239 [Listener at 127.0.0.1/13584] INFO  codec.RepeatedOmKeyInfoCodec (RepeatedOmKeyInfoCodec.java:<init>(42)) - RepeatedOmKeyInfoCodec ignorePipeline = true
2021-12-08 16:23:11,410 [Listener at 127.0.0.1/13584] INFO  om.OzoneManager (OzoneManager.java:addS3GVolumeToDB(3660)) - Created Volume s3v With Owner runner required for S3Gateway operations.
2021-12-08 16:23:11,410 [Listener at 127.0.0.1/13584] WARN  server.ServerUtils (ServerUtils.java:getDefaultRatisDirectory(237)) - Storage directory for Ratis is not configured. It is a good idea to map this to an SSD disk. Falling back to ozone.metadata.dirs
2021-12-08 16:23:11,412 [Listener at 127.0.0.1/13584] WARN  utils.OzoneManagerRatisUtils (OzoneManagerRatisUtils.java:getOMRatisSnapshotDirectory(323)) - ozone.om.ratis.snapshot.dir is not configured. Falling back to ozone.metadata.dirs config
2021-12-08 16:23:11,413 [Listener at 127.0.0.1/13584] INFO  snapshot.OzoneManagerSnapshotProvider (OzoneManagerSnapshotProvider.java:<init>(76)) - Initializing OM Snapshot Provider
2021-12-08 16:23:11,419 [Listener at 127.0.0.1/13584] WARN  impl.MetricRegistriesImpl (MetricRegistriesImpl.java:addReporterRegistration(111)) - New reporters are added after registries were created. Some metrics will be missing from the reporter. Please add reporter before adding any new registry.
2021-12-08 16:23:11,419 [Listener at 127.0.0.1/13584] WARN  impl.MetricRegistriesImpl (MetricRegistriesImpl.java:addReporterRegistration(111)) - New reporters are added after registries were created. Some metrics will be missing from the reporter. Please add reporter before adding any new registry.
2021-12-08 16:23:11,419 [Listener at 127.0.0.1/13584] WARN  server.ServerUtils (ServerUtils.java:getDefaultRatisDirectory(237)) - Storage directory for Ratis is not configured. It is a good idea to map this to an SSD disk. Falling back to ozone.metadata.dirs
2021-12-08 16:23:11,423 [Listener at 127.0.0.1/13584] INFO  ratis.OzoneManagerRatisServer (OzoneManagerRatisServer.java:<init>(152)) - OM started in Bootstrap mode. Instantiating OM Ratis server with groupID: om-bootstrap
2021-12-08 16:23:11,424 [Listener at 127.0.0.1/13584] INFO  ratis.OzoneManagerStateMachine (OzoneManagerStateMachine.java:loadSnapshotInfoFromDB(605)) - LastAppliedIndex is set from TransactionInfo from OM DB as (t:0, i:~)
2021-12-08 16:23:11,424 [Listener at 127.0.0.1/13584] INFO  server.RaftServer (ConfUtils.java:logGet(44)) - raft.rpc.type = GRPC (default)
2021-12-08 16:23:11,424 [Listener at 127.0.0.1/13584] INFO  grpc.GrpcFactory (GrpcFactory.java:checkPooledByteBufAllocatorUseCacheForAllThreads(48)) - PERFORMANCE WARNING: useCacheForAllThreads is true that may cause Netty to create a lot garbage objects and, as a result, trigger GC.
	It is recommended to disable useCacheForAllThreads by setting -Dorg.apache.ratis.thirdparty.io.netty.allocator.useCacheForAllThreads=false in command line.
2021-12-08 16:23:11,424 [Listener at 127.0.0.1/13584] INFO  grpc.GrpcConfigKeys (ConfUtils.java:logGet(44)) - raft.grpc.admin.port = -1 (default)
2021-12-08 16:23:11,424 [Listener at 127.0.0.1/13584] INFO  grpc.GrpcConfigKeys (ConfUtils.java:logGet(44)) - raft.grpc.server.port = 46319 (custom)
2021-12-08 16:23:11,424 [Listener at 127.0.0.1/13584] INFO  grpc.GrpcConfigKeys (ConfUtils.java:logGet(44)) - raft.grpc.client.port = -1 (default)
2021-12-08 16:23:11,424 [Listener at 127.0.0.1/13584] INFO  grpc.GrpcConfigKeys (ConfUtils.java:logGet(44)) - raft.grpc.server.port = 46319 (custom)
2021-12-08 16:23:11,424 [Listener at 127.0.0.1/13584] INFO  grpc.GrpcConfigKeys (ConfUtils.java:logGet(44)) - raft.grpc.server.port = 46319 (custom)
2021-12-08 16:23:11,424 [Listener at 127.0.0.1/13584] INFO  server.GrpcService (ConfUtils.java:logGet(44)) - raft.grpc.message.size.max = 33554432 (custom)
2021-12-08 16:23:11,425 [Listener at 127.0.0.1/13584] INFO  server.RaftServerConfigKeys (ConfUtils.java:logGet(44)) - raft.server.log.appender.buffer.byte-limit = 33554432 (custom)
2021-12-08 16:23:11,425 [Listener at 127.0.0.1/13584] INFO  server.GrpcService (ConfUtils.java:logGet(44)) - raft.grpc.flow.control.window = 1MB (=1048576) (default)
2021-12-08 16:23:11,425 [Listener at 127.0.0.1/13584] INFO  server.RaftServerConfigKeys (ConfUtils.java:logGet(44)) - raft.server.rpc.request.timeout = 3000ms (default)
2021-12-08 16:23:11,426 [Listener at 127.0.0.1/13584] INFO  impl.DataStreamServerImpl (ConfUtils.java:logGet(44)) - raft.datastream.type = DISABLED (default)
2021-12-08 16:23:11,426 [Listener at 127.0.0.1/13584] INFO  server.RaftServerConfigKeys (ConfUtils.java:logGet(44)) - raft.server.rpc.slowness.timeout = 2s (custom)
2021-12-08 16:23:11,426 [Listener at 127.0.0.1/13584] INFO  server.RaftServerConfigKeys (ConfUtils.java:logGet(44)) - raft.server.leaderelection.leader.step-down.wait-time = 10s (default)
2021-12-08 16:23:11,426 [Listener at 127.0.0.1/13584] INFO  server.RaftServerConfigKeys (ConfUtils.java:logGet(44)) - raft.server.storage.dir = [/home/runner/work/ozone/ozone/hadoop-ozone/integration-test/target/test-dir/MiniOzoneClusterImpl-871b6dc8-7d19-4806-8910-93507a544922/omNode-bootstrap-1/ratis] (custom)
2021-12-08 16:23:11,429 [Listener at 127.0.0.1/13584] INFO  server.RaftServer (RaftServerProxy.java:addNew(95)) - omNode-bootstrap-1: addNew group-33FC8B15A7E9:[] returns group-33FC8B15A7E9:java.util.concurrent.CompletableFuture@29bf22af[Not completed]
2021-12-08 16:23:11,429 [Listener at 127.0.0.1/13584] INFO  om.OzoneManager (OzoneManager.java:initializeRatisServer(1770)) - OzoneManager Ratis server initialized at port 46319
2021-12-08 16:23:11,430 [Listener at 127.0.0.1/13584] INFO  ipc.CallQueueManager (CallQueueManager.java:<init>(90)) - Using callQueue: class java.util.concurrent.LinkedBlockingQueue, queueCapacity: 2000, scheduler: class org.apache.hadoop.ipc.DefaultRpcScheduler, ipcBackoff: false.
2021-12-08 16:23:11,434 [pool-363-thread-1] INFO  server.RaftServer$Division (RaftServerImpl.java:<init>(184)) - omNode-bootstrap-1: new RaftServerImpl for group-33FC8B15A7E9:[] with OzoneManagerStateMachine:uninitialized
2021-12-08 16:23:11,435 [Socket Reader #1 for port 34079] INFO  ipc.Server (Server.java:run(1265)) - Starting Socket Reader #1 for port 34079
2021-12-08 16:23:11,448 [pool-363-thread-1] INFO  server.RaftServerConfigKeys (ConfUtils.java:logGet(44)) - raft.server.rpc.timeout.min = 1s (custom)
2021-12-08 16:23:11,448 [pool-363-thread-1] INFO  server.RaftServerConfigKeys (ConfUtils.java:logGet(44)) - raft.server.rpc.timeout.max = 1200ms (custom)
2021-12-08 16:23:11,449 [pool-363-thread-1] INFO  server.RaftServerConfigKeys (ConfUtils.java:logGet(44)) - raft.server.rpc.sleep.time = 25ms (default)
2021-12-08 16:23:11,449 [pool-363-thread-1] INFO  server.RaftServerConfigKeys (ConfUtils.java:logGet(44)) - raft.server.rpc.slowness.timeout = 2s (custom)
2021-12-08 16:23:11,449 [pool-363-thread-1] INFO  server.RaftServerConfigKeys (ConfUtils.java:logGet(44)) - raft.server.leaderelection.leader.step-down.wait-time = 10s (default)
2021-12-08 16:23:11,449 [pool-363-thread-1] INFO  server.RaftServerConfigKeys (ConfUtils.java:logGet(44)) - raft.server.sleep.deviation.threshold = 300ms (default)
2021-12-08 16:23:11,449 [pool-363-thread-1] INFO  server.RaftServerConfigKeys (ConfUtils.java:logGet(44)) - raft.server.log.appender.install.snapshot.enabled = false (custom)
2021-12-08 16:23:11,449 [pool-363-thread-1] INFO  server.RaftServer$Division (ServerState.java:<init>(105)) - omNode-bootstrap-1@group-33FC8B15A7E9: ConfigurationManager, init=-1: [], old=null, confs=<EMPTY_MAP>
2021-12-08 16:23:11,449 [pool-363-thread-1] INFO  server.RaftServerConfigKeys (ConfUtils.java:logGet(44)) - raft.server.storage.dir = [/home/runner/work/ozone/ozone/hadoop-ozone/integration-test/target/test-dir/MiniOzoneClusterImpl-871b6dc8-7d19-4806-8910-93507a544922/omNode-bootstrap-1/ratis] (custom)
2021-12-08 16:23:11,449 [pool-363-thread-1] INFO  server.RaftServerConfigKeys (ConfUtils.java:logGet(44)) - raft.server.log.corruption.policy = EXCEPTION (default)
2021-12-08 16:23:11,449 [pool-363-thread-1] INFO  server.RaftServerConfigKeys (ConfUtils.java:logGet(44)) - raft.server.storage.free-space.min = 0MB (=0) (default)
2021-12-08 16:23:11,449 [pool-363-thread-1] INFO  storage.RaftStorageDirectory (RaftStorageDirectoryImpl.java:analyzeStorage(135)) - The storage directory /home/runner/work/ozone/ozone/hadoop-ozone/integration-test/target/test-dir/MiniOzoneClusterImpl-871b6dc8-7d19-4806-8910-93507a544922/omNode-bootstrap-1/ratis/a5a8c63e-4922-3a03-b163-33fc8b15a7e9 does not exist. Creating ...
2021-12-08 16:23:11,451 [pool-363-thread-1] INFO  storage.RaftStorageDirectory (RaftStorageDirectoryImpl.java:tryLock(230)) - Lock on /home/runner/work/ozone/ozone/hadoop-ozone/integration-test/target/test-dir/MiniOzoneClusterImpl-871b6dc8-7d19-4806-8910-93507a544922/omNode-bootstrap-1/ratis/a5a8c63e-4922-3a03-b163-33fc8b15a7e9/in_use.lock acquired by nodename 1098@fv-az294-221
2021-12-08 16:23:11,452 [pool-363-thread-1] INFO  storage.RaftStorage (RaftStorageImpl.java:format(89)) - Storage directory /home/runner/work/ozone/ozone/hadoop-ozone/integration-test/target/test-dir/MiniOzoneClusterImpl-871b6dc8-7d19-4806-8910-93507a544922/omNode-bootstrap-1/ratis/a5a8c63e-4922-3a03-b163-33fc8b15a7e9 has been successfully formatted.
2021-12-08 16:23:11,452 [pool-363-thread-1] INFO  server.RaftServerConfigKeys (ConfUtils.java:logGet(44)) - raft.server.notification.no-leader.timeout = 2s (custom)
2021-12-08 16:23:11,452 [pool-363-thread-1] INFO  server.RaftServerConfigKeys (ConfUtils.java:logGet(44)) - raft.server.log.use.memory = false (default)
2021-12-08 16:23:11,453 [pool-363-thread-1] INFO  server.RaftServerConfigKeys (ConfUtils.java:logGet(44)) - raft.server.log.purge.gap = 1000000 (custom)
2021-12-08 16:23:11,453 [pool-363-thread-1] INFO  server.RaftServerConfigKeys (ConfUtils.java:logGet(44)) - raft.server.log.appender.buffer.byte-limit = 33554432 (custom)
2021-12-08 16:23:11,453 [pool-363-thread-1] INFO  server.RaftServerConfigKeys (ConfUtils.java:logGet(44)) - raft.server.log.segment.size.max = 4194304 (custom)
2021-12-08 16:23:11,454 [pool-363-thread-1] INFO  server.RaftServerConfigKeys (ConfUtils.java:logGet(44)) - raft.server.log.segment.cache.num.max = 2 (custom)
2021-12-08 16:23:11,454 [pool-363-thread-1] INFO  server.RaftServerConfigKeys (ConfUtils.java:logGet(44)) - raft.server.log.segment.cache.size.max = 200MB (=209715200) (default)
2021-12-08 16:23:11,454 [pool-363-thread-1] INFO  segmented.SegmentedRaftLogWorker (SegmentedRaftLogWorker.java:<init>(182)) - new omNode-bootstrap-1@group-33FC8B15A7E9-SegmentedRaftLogWorker for RaftStorageImpl:Storage Directory /home/runner/work/ozone/ozone/hadoop-ozone/integration-test/target/test-dir/MiniOzoneClusterImpl-871b6dc8-7d19-4806-8910-93507a544922/omNode-bootstrap-1/ratis/a5a8c63e-4922-3a03-b163-33fc8b15a7e9
2021-12-08 16:23:11,455 [pool-363-thread-1] INFO  server.RaftServerConfigKeys (ConfUtils.java:logGet(44)) - raft.server.log.queue.byte-limit = 64MB (=67108864) (default)
2021-12-08 16:23:11,455 [pool-363-thread-1] INFO  server.RaftServerConfigKeys (ConfUtils.java:logGet(44)) - raft.server.log.queue.element-limit = 4096 (default)
2021-12-08 16:23:11,455 [pool-363-thread-1] INFO  server.RaftServerConfigKeys (ConfUtils.java:logGet(44)) - raft.server.log.segment.size.max = 4194304 (custom)
2021-12-08 16:23:11,455 [pool-363-thread-1] INFO  server.RaftServerConfigKeys (ConfUtils.java:logGet(44)) - raft.server.log.preallocated.size = 4194304 (custom)
2021-12-08 16:23:11,455 [pool-363-thread-1] INFO  server.RaftServerConfigKeys (ConfUtils.java:logGet(44)) - raft.server.log.force.sync.num = 128 (default)
2021-12-08 16:23:11,455 [pool-363-thread-1] INFO  server.RaftServerConfigKeys (ConfUtils.java:logGet(44)) - raft.server.log.statemachine.data.sync = true (default)
2021-12-08 16:23:11,455 [pool-363-thread-1] INFO  server.RaftServerConfigKeys (ConfUtils.java:logGet(44)) - raft.server.log.statemachine.data.sync.timeout = 10s (default)
2021-12-08 16:23:11,455 [pool-363-thread-1] INFO  server.RaftServerConfigKeys (ConfUtils.java:logGet(44)) - raft.server.log.statemachine.data.sync.timeout.retry = -1 (default)
2021-12-08 16:23:11,455 [pool-363-thread-1] INFO  server.RaftServerConfigKeys (ConfUtils.java:logGet(44)) - raft.server.log.write.buffer.size = 64KB (=65536) (default)
2021-12-08 16:23:11,455 [pool-363-thread-1] INFO  server.RaftServerConfigKeys (ConfUtils.java:logGet(44)) - raft.server.log.statemachine.data.caching.enabled = false (default)
2021-12-08 16:23:11,455 [pool-363-thread-1] INFO  segmented.SegmentedRaftLogWorker (SegmentedRaftLogWorker.java:lambda$new$0(133)) - omNode-bootstrap-1@group-33FC8B15A7E9-SegmentedRaftLogWorker: flushIndex: setUnconditionally 0 -> -1
2021-12-08 16:23:11,455 [pool-363-thread-1] INFO  segmented.SegmentedRaftLogWorker (SegmentedRaftLogWorker.java:lambda$new$0(133)) - omNode-bootstrap-1@group-33FC8B15A7E9-SegmentedRaftLogWorker: safeCacheEvictIndex: setUnconditionally 0 -> -1
2021-12-08 16:23:11,461 [pool-363-thread-1] INFO  server.RaftServerConfigKeys (ConfUtils.java:logGet(44)) - raft.server.snapshot.auto.trigger.enabled = true (custom)
2021-12-08 16:23:11,461 [pool-363-thread-1] INFO  server.RaftServerConfigKeys (ConfUtils.java:logGet(44)) - raft.server.snapshot.auto.trigger.threshold = 400000 (default)
2021-12-08 16:23:11,461 [pool-363-thread-1] INFO  server.RaftServerConfigKeys (ConfUtils.java:logGet(44)) - raft.server.snapshot.retention.file.num = -1 (default)
2021-12-08 16:23:11,461 [pool-363-thread-1] INFO  server.RaftServerConfigKeys (ConfUtils.java:logGet(44)) - raft.server.log.purge.upto.snapshot.index = true (custom)
2021-12-08 16:23:11,461 [pool-363-thread-1] INFO  server.RaftServerConfigKeys (ConfUtils.java:logGet(44)) - raft.server.retrycache.expirytime = 300s (custom)
2021-12-08 16:23:11,461 [pool-363-thread-1] INFO  server.RaftServerConfigKeys (ConfUtils.java:logGet(44)) - raft.server.retrycache.statistics.expirytime = 100μs (default)
2021-12-08 16:23:11,478 [Listener at 127.0.0.1/34079] ERROR om.OzoneManager (OzoneManager.java:checkConfigBeforeBootstrap(1522)) - Remote OM config check failed on OM omNode-1
java.io.IOException: Remote OM omNode-1 does not have the bootstrapping OM(omNode-bootstrap-1) information on reloading configs or it could not resolve the address.
	at org.apache.hadoop.ozone.om.OzoneManager.checkRemoteOMConfig(OzoneManager.java:1554)
	at org.apache.hadoop.ozone.om.OzoneManager.checkConfigBeforeBootstrap(OzoneManager.java:1520)
	at org.apache.hadoop.ozone.om.OzoneManager.start(OzoneManager.java:1355)
	at org.apache.hadoop.ozone.MiniOzoneHAClusterImpl.bootstrapNewOM(MiniOzoneHAClusterImpl.java:842)
	at org.apache.hadoop.ozone.MiniOzoneHAClusterImpl.bootstrapOzoneManager(MiniOzoneHAClusterImpl.java:740)
	at org.apache.hadoop.ozone.om.TestOzoneManagerBootstrap.testBootstrapWithoutConfigUpdate(TestOzoneManagerBootstrap.java:230)
	at sun.reflect.NativeMethodAccessorImpl.invoke0(Native Method)
	at sun.reflect.NativeMethodAccessorImpl.invoke(NativeMethodAccessorImpl.java:62)
	at sun.reflect.DelegatingMethodAccessorImpl.invoke(DelegatingMethodAccessorImpl.java:43)
	at java.lang.reflect.Method.invoke(Method.java:498)
	at org.junit.runners.model.FrameworkMethod$1.runReflectiveCall(FrameworkMethod.java:59)
	at org.junit.internal.runners.model.ReflectiveCallable.run(ReflectiveCallable.java:12)
	at org.junit.runners.model.FrameworkMethod.invokeExplosively(FrameworkMethod.java:56)
	at org.junit.internal.runners.statements.InvokeMethod.evaluate(InvokeMethod.java:17)
	at org.junit.internal.runners.statements.RunAfters.evaluate(RunAfters.java:27)
	at org.junit.rules.ExpectedException$ExpectedExceptionStatement.evaluate(ExpectedException.java:258)
	at org.junit.internal.runners.statements.FailOnTimeout$CallableStatement.call(FailOnTimeout.java:288)
	at org.junit.internal.runners.statements.FailOnTimeout$CallableStatement.call(FailOnTimeout.java:282)
	at java.util.concurrent.FutureTask.run(FutureTask.java:266)
	at java.lang.Thread.run(Thread.java:748)
2021-12-08 16:23:11,478 [Listener at 127.0.0.1/34079] ERROR ozone.MiniOzoneHAClusterImpl (MiniOzoneHAClusterImpl.java:exitSystem(1053)) - omNode-bootstrap-1 - System Exit: OM [omNode-1[localhost:13584]] do not have or have incorrect information of the bootstrapping OM. Update their ozone-site.xml before proceeding.
2021-12-08 16:23:11,478 [Listener at 127.0.0.1/34079] INFO  om.OzoneManager (OzoneManager.java:stop(1829)) - omNode-bootstrap-1[localhost:34079]: Stopping Ozone Manager
2021-12-08 16:23:11,478 [Listener at 127.0.0.1/34079] INFO  ipc.Server (Server.java:stop(3414)) - Stopping server on 34079
2021-12-08 16:23:11,479 [Listener at 127.0.0.1/34079] INFO  ratis.OzoneManagerDoubleBuffer (OzoneManagerDoubleBuffer.java:stop(437)) - Stopping OMDoubleBuffer flush thread
2021-12-08 16:23:11,479 [OMDoubleBufferFlushThread] INFO  ratis.OzoneManagerDoubleBuffer (OzoneManagerDoubleBuffer.java:flushTransactions(356)) - OMDoubleBuffer flush thread OMDoubleBufferFlushThread is interrupted and will exit. OMDoubleBufferFlushThread
2021-12-08 16:23:11,480 [Listener at 127.0.0.1/34079] INFO  ha.OMHANodeDetails (OMHANodeDetails.java:loadOMHAConfig(118)) - ServiceID for OzoneManager is om-bootstrap
2021-12-08 16:23:11,481 [Listener at 127.0.0.1/34079] INFO  ha.OMHANodeDetails (OMHANodeDetails.java:loadOMHAConfig(192)) - Found matching OM address with OMServiceId: om-bootstrap, OMNodeId: omNode-bootstrap-2, RPC Address: localhost:42281 and Ratis port: 39543
2021-12-08 16:23:11,481 [Listener at 127.0.0.1/34079] INFO  ha.OMHANodeDetails (ConfUtils.java:setNodeSpecificConfigs(108)) - Setting configuration key ozone.om.http-address with value of key ozone.om.http-address.om-bootstrap.omNode-bootstrap-2: 127.0.0.1:44739
2021-12-08 16:23:11,483 [Listener at 127.0.0.1/34079] INFO  ha.OMHANodeDetails (ConfUtils.java:setNodeSpecificConfigs(108)) - Setting configuration key ozone.om.https-address with value of key ozone.om.https-address.om-bootstrap.omNode-bootstrap-2: 127.0.0.1:39347
2021-12-08 16:23:11,483 [Listener at 127.0.0.1/34079] INFO  ha.OMHANodeDetails (ConfUtils.java:setNodeSpecificConfigs(108)) - Setting configuration key ozone.om.address with value of key ozone.om.address.om-bootstrap.omNode-bootstrap-2: 127.0.0.1:42281
2021-12-08 16:23:11,484 [Listener at 127.0.0.1/34079] WARN  server.ServerUtils (ServerUtils.java:getDBPath(225)) - ozone.om.db.dirs is not configured. We recommend adding this setting. Falling back to ozone.metadata.dirs instead.
2021-12-08 16:23:11,493 [Listener at 127.0.0.1/34079] INFO  ha.SCMNodeInfo (SCMNodeInfo.java:getPort(197)) - ConfigKey ozone.scm.client.address is deprecated, For configuring different ports for each SCM use PortConfigKey ozone.scm.client.port appended with serviceId and nodeId
2021-12-08 16:23:11,494 [Listener at 127.0.0.1/34079] INFO  ha.SCMNodeInfo (SCMNodeInfo.java:getPort(197)) - ConfigKey ozone.scm.block.client.address is deprecated, For configuring different ports for each SCM use PortConfigKey ozone.scm.block.client.port appended with serviceId and nodeId
2021-12-08 16:23:11,494 [Listener at 127.0.0.1/34079] INFO  ha.SCMNodeInfo (SCMNodeInfo.java:getPort(197)) - ConfigKey ozone.scm.datanode.address is deprecated, For configuring different ports for each SCM use PortConfigKey ozone.scm.datanode.port appended with serviceId and nodeId
OM initialization succeeded.Current cluster id for sd=/home/runner/work/ozone/ozone/hadoop-ozone/integration-test/target/test-dir/MiniOzoneClusterImpl-871b6dc8-7d19-4806-8910-93507a544922/omNode-bootstrap-2/om;cid=871b6dc8-7d19-4806-8910-93507a544922;layoutVersion=0
2021-12-08 16:23:11,508 [Listener at 127.0.0.1/34079] INFO  ha.OMHANodeDetails (OMHANodeDetails.java:loadOMHAConfig(118)) - ServiceID for OzoneManager is om-bootstrap
2021-12-08 16:23:11,508 [Listener at 127.0.0.1/34079] INFO  ha.OMHANodeDetails (OMHANodeDetails.java:loadOMHAConfig(192)) - Found matching OM address with OMServiceId: om-bootstrap, OMNodeId: omNode-bootstrap-2, RPC Address: localhost:42281 and Ratis port: 39543
2021-12-08 16:23:11,508 [Listener at 127.0.0.1/34079] INFO  ha.OMHANodeDetails (ConfUtils.java:setNodeSpecificConfigs(108)) - Setting configuration key ozone.om.http-address with value of key ozone.om.http-address.om-bootstrap.omNode-bootstrap-2: 127.0.0.1:44739
2021-12-08 16:23:11,508 [Listener at 127.0.0.1/34079] INFO  ha.OMHANodeDetails (ConfUtils.java:setNodeSpecificConfigs(108)) - Setting configuration key ozone.om.https-address with value of key ozone.om.https-address.om-bootstrap.omNode-bootstrap-2: 127.0.0.1:39347
2021-12-08 16:23:11,508 [Listener at 127.0.0.1/34079] INFO  ha.OMHANodeDetails (ConfUtils.java:setNodeSpecificConfigs(108)) - Setting configuration key ozone.om.address with value of key ozone.om.address.om-bootstrap.omNode-bootstrap-2: 127.0.0.1:42281
2021-12-08 16:23:11,508 [Listener at 127.0.0.1/34079] WARN  server.ServerUtils (ServerUtils.java:getDBPath(225)) - ozone.om.db.dirs is not configured. We recommend adding this setting. Falling back to ozone.metadata.dirs instead.
2021-12-08 16:23:11,508 [Listener at 127.0.0.1/34079] INFO  upgrade.AbstractLayoutVersionManager (AbstractLayoutVersionManager.java:init(79)) - Initializing Layout version manager with metadata layout = INITIAL_VERSION (version = 0), software layout = INITIAL_VERSION (version = 0)
2021-12-08 16:23:11,566 [Listener at 127.0.0.1/34079] INFO  reflections.Reflections (Reflections.java:scan(232)) - Reflections took 57 ms to scan 2 urls, producing 132 keys and 344 values [using 2 cores]
2021-12-08 16:23:11,567 [Listener at 127.0.0.1/34079] INFO  upgrade.OMLayoutVersionManager (OMLayoutVersionManager.java:lambda$0(115)) - Skipping Upgrade Action MockOmUpgradeAction since it has been finalized.
2021-12-08 16:23:11,567 [Listener at 127.0.0.1/34079] WARN  server.ServerUtils (ServerUtils.java:getDBPath(225)) - ozone.om.db.dirs is not configured. We recommend adding this setting. Falling back to ozone.metadata.dirs instead.
2021-12-08 16:23:11,567 [Listener at 127.0.0.1/34079] INFO  ha.SCMNodeInfo (SCMNodeInfo.java:getPort(197)) - ConfigKey ozone.scm.client.address is deprecated, For configuring different ports for each SCM use PortConfigKey ozone.scm.client.port appended with serviceId and nodeId
2021-12-08 16:23:11,567 [Listener at 127.0.0.1/34079] INFO  ha.SCMNodeInfo (SCMNodeInfo.java:getPort(197)) - ConfigKey ozone.scm.block.client.address is deprecated, For configuring different ports for each SCM use PortConfigKey ozone.scm.block.client.port appended with serviceId and nodeId
2021-12-08 16:23:11,567 [Listener at 127.0.0.1/34079] INFO  ha.SCMNodeInfo (SCMNodeInfo.java:getPort(197)) - ConfigKey ozone.scm.datanode.address is deprecated, For configuring different ports for each SCM use PortConfigKey ozone.scm.datanode.port appended with serviceId and nodeId
2021-12-08 16:23:11,568 [Listener at 127.0.0.1/34079] INFO  ha.SCMNodeInfo (SCMNodeInfo.java:getPort(197)) - ConfigKey ozone.scm.client.address is deprecated, For configuring different ports for each SCM use PortConfigKey ozone.scm.client.port appended with serviceId and nodeId
2021-12-08 16:23:11,568 [Listener at 127.0.0.1/34079] INFO  ha.SCMNodeInfo (SCMNodeInfo.java:getPort(197)) - ConfigKey ozone.scm.block.client.address is deprecated, For configuring different ports for each SCM use PortConfigKey ozone.scm.block.client.port appended with serviceId and nodeId
2021-12-08 16:23:11,568 [Listener at 127.0.0.1/34079] INFO  ha.SCMNodeInfo (SCMNodeInfo.java:getPort(197)) - ConfigKey ozone.scm.datanode.address is deprecated, For configuring different ports for each SCM use PortConfigKey ozone.scm.datanode.port appended with serviceId and nodeId
2021-12-08 16:23:11,569 [Listener at 127.0.0.1/34079] INFO  ha.SCMNodeInfo (SCMNodeInfo.java:getPort(197)) - ConfigKey ozone.scm.client.address is deprecated, For configuring different ports for each SCM use PortConfigKey ozone.scm.client.port appended with serviceId and nodeId
2021-12-08 16:23:11,569 [Listener at 127.0.0.1/34079] INFO  ha.SCMNodeInfo (SCMNodeInfo.java:getPort(197)) - ConfigKey ozone.scm.block.client.address is deprecated, For configuring different ports for each SCM use PortConfigKey ozone.scm.block.client.port appended with serviceId and nodeId
2021-12-08 16:23:11,569 [Listener at 127.0.0.1/34079] INFO  ha.SCMNodeInfo (SCMNodeInfo.java:getPort(197)) - ConfigKey ozone.scm.datanode.address is deprecated, For configuring different ports for each SCM use PortConfigKey ozone.scm.datanode.port appended with serviceId and nodeId
2021-12-08 16:23:11,583 [Listener at 127.0.0.1/34079] WARN  server.ServerUtils (ServerUtils.java:getDBPath(225)) - ozone.om.db.dirs is not configured. We recommend adding this setting. Falling back to ozone.metadata.dirs instead.
2021-12-08 16:23:11,584 [Listener at 127.0.0.1/34079] INFO  codec.OmKeyInfoCodec (OmKeyInfoCodec.java:<init>(50)) - OmKeyInfoCodec ignorePipeline = true
2021-12-08 16:23:11,584 [Listener at 127.0.0.1/34079] INFO  codec.RepeatedOmKeyInfoCodec (RepeatedOmKeyInfoCodec.java:<init>(42)) - RepeatedOmKeyInfoCodec ignorePipeline = true
2021-12-08 16:23:11,728 [EndpointStateMachine task thread for /127.0.0.1:15821 - 0 ] INFO  ipc.Client (Client.java:handleConnectionFailure(977)) - Retrying connect to server: localhost/127.0.0.1:15821. Already tried 9 time(s); retry policy is RetryUpToMaximumCountWithFixedSleep(maxRetries=15, sleepTime=1000 MILLISECONDS)
2021-12-08 16:23:11,742 [Listener at 127.0.0.1/34079] INFO  om.OzoneManager (OzoneManager.java:addS3GVolumeToDB(3660)) - Created Volume s3v With Owner runner required for S3Gateway operations.
2021-12-08 16:23:11,742 [Listener at 127.0.0.1/34079] WARN  server.ServerUtils (ServerUtils.java:getDefaultRatisDirectory(237)) - Storage directory for Ratis is not configured. It is a good idea to map this to an SSD disk. Falling back to ozone.metadata.dirs
2021-12-08 16:23:11,742 [Listener at 127.0.0.1/34079] WARN  utils.OzoneManagerRatisUtils (OzoneManagerRatisUtils.java:getOMRatisSnapshotDirectory(323)) - ozone.om.ratis.snapshot.dir is not configured. Falling back to ozone.metadata.dirs config
2021-12-08 16:23:11,743 [Listener at 127.0.0.1/34079] INFO  snapshot.OzoneManagerSnapshotProvider (OzoneManagerSnapshotProvider.java:<init>(76)) - Initializing OM Snapshot Provider
2021-12-08 16:23:11,754 [Listener at 127.0.0.1/34079] WARN  impl.MetricRegistriesImpl (MetricRegistriesImpl.java:addReporterRegistration(111)) - New reporters are added after registries were created. Some metrics will be missing from the reporter. Please add reporter before adding any new registry.
2021-12-08 16:23:11,754 [Listener at 127.0.0.1/34079] WARN  impl.MetricRegistriesImpl (MetricRegistriesImpl.java:addReporterRegistration(111)) - New reporters are added after registries were created. Some metrics will be missing from the reporter. Please add reporter before adding any new registry.
2021-12-08 16:23:11,754 [Listener at 127.0.0.1/34079] WARN  server.ServerUtils (ServerUtils.java:getDefaultRatisDirectory(237)) - Storage directory for Ratis is not configured. It is a good idea to map this to an SSD disk. Falling back to ozone.metadata.dirs
2021-12-08 16:23:11,755 [Listener at 127.0.0.1/34079] INFO  ratis.OzoneManagerRatisServer (OzoneManagerRatisServer.java:<init>(152)) - OM started in Bootstrap mode. Instantiating OM Ratis server with groupID: om-bootstrap
2021-12-08 16:23:11,755 [Listener at 127.0.0.1/34079] INFO  ratis.OzoneManagerStateMachine (OzoneManagerStateMachine.java:loadSnapshotInfoFromDB(605)) - LastAppliedIndex is set from TransactionInfo from OM DB as (t:0, i:~)
2021-12-08 16:23:11,758 [Listener at 127.0.0.1/34079] INFO  server.RaftServer (ConfUtils.java:logGet(44)) - raft.rpc.type = GRPC (default)
2021-12-08 16:23:11,758 [Listener at 127.0.0.1/34079] INFO  grpc.GrpcFactory (GrpcFactory.java:checkPooledByteBufAllocatorUseCacheForAllThreads(48)) - PERFORMANCE WARNING: useCacheForAllThreads is true that may cause Netty to create a lot garbage objects and, as a result, trigger GC.
	It is recommended to disable useCacheForAllThreads by setting -Dorg.apache.ratis.thirdparty.io.netty.allocator.useCacheForAllThreads=false in command line.
2021-12-08 16:23:11,758 [Listener at 127.0.0.1/34079] INFO  grpc.GrpcConfigKeys (ConfUtils.java:logGet(44)) - raft.grpc.admin.port = -1 (default)
2021-12-08 16:23:11,759 [Listener at 127.0.0.1/34079] INFO  grpc.GrpcConfigKeys (ConfUtils.java:logGet(44)) - raft.grpc.server.port = 39543 (custom)
2021-12-08 16:23:11,759 [Listener at 127.0.0.1/34079] INFO  grpc.GrpcConfigKeys (ConfUtils.java:logGet(44)) - raft.grpc.client.port = -1 (default)
2021-12-08 16:23:11,759 [Listener at 127.0.0.1/34079] INFO  grpc.GrpcConfigKeys (ConfUtils.java:logGet(44)) - raft.grpc.server.port = 39543 (custom)
2021-12-08 16:23:11,759 [Listener at 127.0.0.1/34079] INFO  grpc.GrpcConfigKeys (ConfUtils.java:logGet(44)) - raft.grpc.server.port = 39543 (custom)
2021-12-08 16:23:11,759 [Listener at 127.0.0.1/34079] INFO  server.GrpcService (ConfUtils.java:logGet(44)) - raft.grpc.message.size.max = 33554432 (custom)
2021-12-08 16:23:11,759 [Listener at 127.0.0.1/34079] INFO  server.RaftServerConfigKeys (ConfUtils.java:logGet(44)) - raft.server.log.appender.buffer.byte-limit = 33554432 (custom)
2021-12-08 16:23:11,759 [Listener at 127.0.0.1/34079] INFO  server.GrpcService (ConfUtils.java:logGet(44)) - raft.grpc.flow.control.window = 1MB (=1048576) (default)
2021-12-08 16:23:11,759 [Listener at 127.0.0.1/34079] INFO  server.RaftServerConfigKeys (ConfUtils.java:logGet(44)) - raft.server.rpc.request.timeout = 3000ms (default)
2021-12-08 16:23:11,760 [Listener at 127.0.0.1/34079] INFO  impl.DataStreamServerImpl (ConfUtils.java:logGet(44)) - raft.datastream.type = DISABLED (default)
2021-12-08 16:23:11,760 [Listener at 127.0.0.1/34079] INFO  server.RaftServerConfigKeys (ConfUtils.java:logGet(44)) - raft.server.rpc.slowness.timeout = 2s (custom)
2021-12-08 16:23:11,760 [Listener at 127.0.0.1/34079] INFO  server.RaftServerConfigKeys (ConfUtils.java:logGet(44)) - raft.server.leaderelection.leader.step-down.wait-time = 10s (default)
2021-12-08 16:23:11,760 [Listener at 127.0.0.1/34079] INFO  server.RaftServerConfigKeys (ConfUtils.java:logGet(44)) - raft.server.storage.dir = [/home/runner/work/ozone/ozone/hadoop-ozone/integration-test/target/test-dir/MiniOzoneClusterImpl-871b6dc8-7d19-4806-8910-93507a544922/omNode-bootstrap-2/ratis] (custom)
2021-12-08 16:23:11,764 [Listener at 127.0.0.1/34079] INFO  server.RaftServer (RaftServerProxy.java:addNew(95)) - omNode-bootstrap-2: addNew group-33FC8B15A7E9:[] returns group-33FC8B15A7E9:java.util.concurrent.CompletableFuture@3708c96f[Not completed]
2021-12-08 16:23:11,764 [Listener at 127.0.0.1/34079] INFO  om.OzoneManager (OzoneManager.java:initializeRatisServer(1770)) - OzoneManager Ratis server initialized at port 39543
2021-12-08 16:23:11,765 [Listener at 127.0.0.1/34079] INFO  ipc.CallQueueManager (CallQueueManager.java:<init>(90)) - Using callQueue: class java.util.concurrent.LinkedBlockingQueue, queueCapacity: 2000, scheduler: class org.apache.hadoop.ipc.DefaultRpcScheduler, ipcBackoff: false.
2021-12-08 16:23:11,765 [pool-383-thread-1] INFO  server.RaftServer$Division (RaftServerImpl.java:<init>(184)) - omNode-bootstrap-2: new RaftServerImpl for group-33FC8B15A7E9:[] with OzoneManagerStateMachine:uninitialized
2021-12-08 16:23:11,768 [pool-383-thread-1] INFO  server.RaftServerConfigKeys (ConfUtils.java:logGet(44)) - raft.server.rpc.timeout.min = 1s (custom)
2021-12-08 16:23:11,769 [pool-383-thread-1] INFO  server.RaftServerConfigKeys (ConfUtils.java:logGet(44)) - raft.server.rpc.timeout.max = 1200ms (custom)
2021-12-08 16:23:11,769 [pool-383-thread-1] INFO  server.RaftServerConfigKeys (ConfUtils.java:logGet(44)) - raft.server.rpc.sleep.time = 25ms (default)
2021-12-08 16:23:11,769 [pool-383-thread-1] INFO  server.RaftServerConfigKeys (ConfUtils.java:logGet(44)) - raft.server.rpc.slowness.timeout = 2s (custom)
2021-12-08 16:23:11,769 [pool-383-thread-1] INFO  server.RaftServerConfigKeys (ConfUtils.java:logGet(44)) - raft.server.leaderelection.leader.step-down.wait-time = 10s (default)
2021-12-08 16:23:11,769 [pool-383-thread-1] INFO  server.RaftServerConfigKeys (ConfUtils.java:logGet(44)) - raft.server.sleep.deviation.threshold = 300ms (default)
2021-12-08 16:23:11,769 [pool-383-thread-1] INFO  server.RaftServerConfigKeys (ConfUtils.java:logGet(44)) - raft.server.log.appender.install.snapshot.enabled = false (custom)
2021-12-08 16:23:11,769 [pool-383-thread-1] INFO  server.RaftServer$Division (ServerState.java:<init>(105)) - omNode-bootstrap-2@group-33FC8B15A7E9: ConfigurationManager, init=-1: [], old=null, confs=<EMPTY_MAP>
2021-12-08 16:23:11,769 [pool-383-thread-1] INFO  server.RaftServerConfigKeys (ConfUtils.java:logGet(44)) - raft.server.storage.dir = [/home/runner/work/ozone/ozone/hadoop-ozone/integration-test/target/test-dir/MiniOzoneClusterImpl-871b6dc8-7d19-4806-8910-93507a544922/omNode-bootstrap-2/ratis] (custom)
2021-12-08 16:23:11,769 [pool-383-thread-1] INFO  server.RaftServerConfigKeys (ConfUtils.java:logGet(44)) - raft.server.log.corruption.policy = EXCEPTION (default)
2021-12-08 16:23:11,769 [pool-383-thread-1] INFO  server.RaftServerConfigKeys (ConfUtils.java:logGet(44)) - raft.server.storage.free-space.min = 0MB (=0) (default)
2021-12-08 16:23:11,769 [pool-383-thread-1] INFO  storage.RaftStorageDirectory (RaftStorageDirectoryImpl.java:analyzeStorage(135)) - The storage directory /home/runner/work/ozone/ozone/hadoop-ozone/integration-test/target/test-dir/MiniOzoneClusterImpl-871b6dc8-7d19-4806-8910-93507a544922/omNode-bootstrap-2/ratis/a5a8c63e-4922-3a03-b163-33fc8b15a7e9 does not exist. Creating ...
2021-12-08 16:23:11,770 [Socket Reader #1 for port 42281] INFO  ipc.Server (Server.java:run(1265)) - Starting Socket Reader #1 for port 42281
2021-12-08 16:23:11,770 [pool-383-thread-1] INFO  storage.RaftStorageDirectory (RaftStorageDirectoryImpl.java:tryLock(230)) - Lock on /home/runner/work/ozone/ozone/hadoop-ozone/integration-test/target/test-dir/MiniOzoneClusterImpl-871b6dc8-7d19-4806-8910-93507a544922/omNode-bootstrap-2/ratis/a5a8c63e-4922-3a03-b163-33fc8b15a7e9/in_use.lock acquired by nodename 1098@fv-az294-221
2021-12-08 16:23:11,793 [pool-383-thread-1] INFO  storage.RaftStorage (RaftStorageImpl.java:format(89)) - Storage directory /home/runner/work/ozone/ozone/hadoop-ozone/integration-test/target/test-dir/MiniOzoneClusterImpl-871b6dc8-7d19-4806-8910-93507a544922/omNode-bootstrap-2/ratis/a5a8c63e-4922-3a03-b163-33fc8b15a7e9 has been successfully formatted.
2021-12-08 16:23:11,793 [pool-383-thread-1] INFO  server.RaftServerConfigKeys (ConfUtils.java:logGet(44)) - raft.server.notification.no-leader.timeout = 2s (custom)
2021-12-08 16:23:11,793 [pool-383-thread-1] INFO  server.RaftServerConfigKeys (ConfUtils.java:logGet(44)) - raft.server.log.use.memory = false (default)
2021-12-08 16:23:11,793 [pool-383-thread-1] INFO  server.RaftServerConfigKeys (ConfUtils.java:logGet(44)) - raft.server.log.purge.gap = 1000000 (custom)
2021-12-08 16:23:11,793 [pool-383-thread-1] INFO  server.RaftServerConfigKeys (ConfUtils.java:logGet(44)) - raft.server.log.appender.buffer.byte-limit = 33554432 (custom)
2021-12-08 16:23:11,793 [pool-383-thread-1] INFO  server.RaftServerConfigKeys (ConfUtils.java:logGet(44)) - raft.server.log.segment.size.max = 4194304 (custom)
2021-12-08 16:23:11,794 [pool-383-thread-1] INFO  server.RaftServerConfigKeys (ConfUtils.java:logGet(44)) - raft.server.log.segment.cache.num.max = 2 (custom)
2021-12-08 16:23:11,794 [pool-383-thread-1] INFO  server.RaftServerConfigKeys (ConfUtils.java:logGet(44)) - raft.server.log.segment.cache.size.max = 200MB (=209715200) (default)
2021-12-08 16:23:11,794 [pool-383-thread-1] INFO  segmented.SegmentedRaftLogWorker (SegmentedRaftLogWorker.java:<init>(182)) - new omNode-bootstrap-2@group-33FC8B15A7E9-SegmentedRaftLogWorker for RaftStorageImpl:Storage Directory /home/runner/work/ozone/ozone/hadoop-ozone/integration-test/target/test-dir/MiniOzoneClusterImpl-871b6dc8-7d19-4806-8910-93507a544922/omNode-bootstrap-2/ratis/a5a8c63e-4922-3a03-b163-33fc8b15a7e9
2021-12-08 16:23:11,794 [pool-383-thread-1] INFO  server.RaftServerConfigKeys (ConfUtils.java:logGet(44)) - raft.server.log.queue.byte-limit = 64MB (=67108864) (default)
2021-12-08 16:23:11,794 [pool-383-thread-1] INFO  server.RaftServerConfigKeys (ConfUtils.java:logGet(44)) - raft.server.log.queue.element-limit = 4096 (default)
2021-12-08 16:23:11,794 [pool-383-thread-1] INFO  server.RaftServerConfigKeys (ConfUtils.java:logGet(44)) - raft.server.log.segment.size.max = 4194304 (custom)
2021-12-08 16:23:11,794 [pool-383-thread-1] INFO  server.RaftServerConfigKeys (ConfUtils.java:logGet(44)) - raft.server.log.preallocated.size = 4194304 (custom)
2021-12-08 16:23:11,794 [pool-383-thread-1] INFO  server.RaftServerConfigKeys (ConfUtils.java:logGet(44)) - raft.server.log.force.sync.num = 128 (default)
2021-12-08 16:23:11,794 [pool-383-thread-1] INFO  server.RaftServerConfigKeys (ConfUtils.java:logGet(44)) - raft.server.log.statemachine.data.sync = true (default)
2021-12-08 16:23:11,794 [pool-383-thread-1] INFO  server.RaftServerConfigKeys (ConfUtils.java:logGet(44)) - raft.server.log.statemachine.data.sync.timeout = 10s (default)
2021-12-08 16:23:11,794 [pool-383-thread-1] INFO  server.RaftServerConfigKeys (ConfUtils.java:logGet(44)) - raft.server.log.statemachine.data.sync.timeout.retry = -1 (default)
2021-12-08 16:23:11,795 [pool-383-thread-1] INFO  server.RaftServerConfigKeys (ConfUtils.java:logGet(44)) - raft.server.log.write.buffer.size = 64KB (=65536) (default)
2021-12-08 16:23:11,795 [pool-383-thread-1] INFO  server.RaftServerConfigKeys (ConfUtils.java:logGet(44)) - raft.server.log.statemachine.data.caching.enabled = false (default)
2021-12-08 16:23:11,795 [pool-383-thread-1] INFO  segmented.SegmentedRaftLogWorker (SegmentedRaftLogWorker.java:lambda$new$0(133)) - omNode-bootstrap-2@group-33FC8B15A7E9-SegmentedRaftLogWorker: flushIndex: setUnconditionally 0 -> -1
2021-12-08 16:23:11,795 [pool-383-thread-1] INFO  segmented.SegmentedRaftLogWorker (SegmentedRaftLogWorker.java:lambda$new$0(133)) - omNode-bootstrap-2@group-33FC8B15A7E9-SegmentedRaftLogWorker: safeCacheEvictIndex: setUnconditionally 0 -> -1
2021-12-08 16:23:11,807 [pool-383-thread-1] INFO  server.RaftServerConfigKeys (ConfUtils.java:logGet(44)) - raft.server.snapshot.auto.trigger.enabled = true (custom)
2021-12-08 16:23:11,807 [pool-383-thread-1] INFO  server.RaftServerConfigKeys (ConfUtils.java:logGet(44)) - raft.server.snapshot.auto.trigger.threshold = 400000 (default)
2021-12-08 16:23:11,808 [pool-383-thread-1] INFO  server.RaftServerConfigKeys (ConfUtils.java:logGet(44)) - raft.server.snapshot.retention.file.num = -1 (default)
2021-12-08 16:23:11,808 [pool-383-thread-1] INFO  server.RaftServerConfigKeys (ConfUtils.java:logGet(44)) - raft.server.log.purge.upto.snapshot.index = true (custom)
2021-12-08 16:23:11,808 [pool-383-thread-1] INFO  server.RaftServerConfigKeys (ConfUtils.java:logGet(44)) - raft.server.retrycache.expirytime = 300s (custom)
2021-12-08 16:23:11,808 [pool-383-thread-1] INFO  server.RaftServerConfigKeys (ConfUtils.java:logGet(44)) - raft.server.retrycache.statistics.expirytime = 100μs (default)
2021-12-08 16:23:11,832 [Listener at 127.0.0.1/42281] WARN  om.OzoneManager (OzoneManager.java:start(1357)) - Skipped checking whether existing OM configs have been updated with this OM information as force bootstrap is called.
2021-12-08 16:23:11,834 [Listener at 127.0.0.1/42281] INFO  impl.MetricsSystemImpl (MetricsSystemImpl.java:init(158)) - OzoneManager metrics system started (again)
2021-12-08 16:23:11,873 [Listener at 127.0.0.1/42281] INFO  om.OzoneManager (OzoneManager.java:start(1365)) - OzoneManager RPC server is listening at localhost/127.0.0.1:42281
2021-12-08 16:23:11,873 [Listener at 127.0.0.1/42281] INFO  ratis.OzoneManagerRatisServer (OzoneManagerRatisServer.java:start(516)) - Starting OzoneManagerRatisServer omNode-bootstrap-2 at port 39543
2021-12-08 16:23:11,873 [Listener at 127.0.0.1/42281] INFO  server.RaftServer$Division (RaftServerImpl.java:start(304)) - omNode-bootstrap-2@group-33FC8B15A7E9: start with initializing state, conf=-1: [], old=null
2021-12-08 16:23:11,873 [Listener at 127.0.0.1/42281] INFO  server.RaftServer$Division (RaftServerImpl.java:setRole(290)) - omNode-bootstrap-2@group-33FC8B15A7E9: changes role from      null to FOLLOWER at term 0 for startInitializing
2021-12-08 16:23:11,874 [Listener at 127.0.0.1/42281] INFO  util.JmxRegister (JmxRegister.java:tryRegister(44)) - Successfully registered JMX Bean with object name Ratis:service=RaftServer,group=group-33FC8B15A7E9,id=omNode-bootstrap-2
2021-12-08 16:23:11,875 [Listener at 127.0.0.1/42281] INFO  server.RaftServer (RaftServerProxy.java:lambda$start$5(374)) - omNode-bootstrap-2: start RPC server
2021-12-08 16:23:11,875 [Listener at 127.0.0.1/42281] INFO  server.GrpcService (GrpcService.java:startImpl(253)) - omNode-bootstrap-2: GrpcService started, listening on 39543
2021-12-08 16:23:11,888 [Listener at 127.0.0.1/42281] INFO  om.OzoneManager (OzoneManager.java:start(1381)) - Version File has different layout version (0) than OM DB (null). That is expected if this OM has never been finalized to a newer layout version.
2021-12-08 16:23:11,892 [org.apache.ratis.util.JvmPauseMonitor$$Lambda$430/1691312302@cadac5b] INFO  util.JvmPauseMonitor (JvmPauseMonitor.java:run(103)) - JvmPauseMonitor-omNode-bootstrap-2: Started
2021-12-08 16:23:11,894 [Listener at 127.0.0.1/42281] INFO  http.BaseHttpServer (BaseHttpServer.java:newHttpServer2BuilderForOzone(209)) - Starting Web-server for ozoneManager at: http://0.0.0.0:44739
2021-12-08 16:23:11,894 [Listener at 127.0.0.1/42281] INFO  http.BaseHttpServer (BaseHttpServer.java:<init>(107)) - Hadoop Security Enabled: false Ozone Security Enabled: false Ozone HTTP Security Enabled: false 
2021-12-08 16:23:11,895 [Listener at 127.0.0.1/42281] INFO  server.AuthenticationFilter (AuthenticationFilter.java:constructSecretProvider(240)) - Unable to initialize FileSignerSecretProvider, falling back to use random secrets.
2021-12-08 16:23:11,907 [Listener at 127.0.0.1/42281] WARN  http.HttpRequestLog (HttpRequestLog.java:getRequestLog(103)) - Jetty request log can only be enabled using Log4j
2021-12-08 16:23:11,908 [Listener at 127.0.0.1/42281] INFO  http.HttpServer2 (HttpServer2.java:addGlobalFilter(1030)) - Added global filter 'safety' (class=org.apache.hadoop.hdds.server.http.HttpServer2$QuotingInputFilter)
2021-12-08 16:23:11,909 [Listener at 127.0.0.1/42281] INFO  http.HttpServer2 (HttpServer2.java:addFilter(1006)) - Added filter static_user_filter (class=org.apache.hadoop.http.lib.StaticUserWebFilter$StaticUserFilter) to context ozoneManager
2021-12-08 16:23:11,909 [Listener at 127.0.0.1/42281] INFO  http.HttpServer2 (HttpServer2.java:addFilter(1014)) - Added filter static_user_filter (class=org.apache.hadoop.http.lib.StaticUserWebFilter$StaticUserFilter) to context static
2021-12-08 16:23:11,909 [Listener at 127.0.0.1/42281] INFO  http.HttpServer2 (HttpServer2.java:addFilter(1014)) - Added filter static_user_filter (class=org.apache.hadoop.http.lib.StaticUserWebFilter$StaticUserFilter) to context logs
2021-12-08 16:23:11,909 [Listener at 127.0.0.1/42281] INFO  http.HttpServer2 (HttpServer2.java:bindListener(1249)) - Jetty bound to port 44739
2021-12-08 16:23:11,909 [Listener at 127.0.0.1/42281] INFO  server.Server (Server.java:doStart(375)) - jetty-9.4.43.v20210629; built: 2021-06-30T11:07:22.254Z; git: 526006ecfa3af7f1a27ef3a288e2bef7ea9dd7e8; jvm 1.8.0_292-b10
2021-12-08 16:23:11,943 [Listener at 127.0.0.1/42281] INFO  server.session (DefaultSessionIdManager.java:doStart(334)) - DefaultSessionIdManager workerName=node0
2021-12-08 16:23:11,943 [Listener at 127.0.0.1/42281] INFO  server.session (DefaultSessionIdManager.java:doStart(339)) - No SessionScavenger set, using defaults
2021-12-08 16:23:11,943 [Listener at 127.0.0.1/42281] INFO  server.session (HouseKeeper.java:startScavenging(132)) - node0 Scavenging every 600000ms
2021-12-08 16:23:11,944 [Listener at 127.0.0.1/42281] INFO  handler.ContextHandler (ContextHandler.java:doStart(915)) - Started o.e.j.s.ServletContextHandler@3167d69{logs,/logs,file:///home/runner/work/ozone/ozone/hadoop-ozone/integration-test/target/log,AVAILABLE}
2021-12-08 16:23:11,944 [Listener at 127.0.0.1/42281] INFO  handler.ContextHandler (ContextHandler.java:doStart(915)) - Started o.e.j.s.ServletContextHandler@7ef0ff3c{static,/static,file:///home/runner/work/ozone/ozone/hadoop-ozone/integration-test/target/test-classes/webapps/static,AVAILABLE}
2021-12-08 16:23:11,948 [Listener at 127.0.0.1/42281] INFO  handler.ContextHandler (ContextHandler.java:doStart(915)) - Started o.e.j.w.WebAppContext@4b84c5e5{ozoneManager,/,file:///home/runner/work/ozone/ozone/hadoop-ozone/integration-test/target/test-classes/webapps/ozoneManager/,AVAILABLE}{file:/home/runner/work/ozone/ozone/hadoop-ozone/integration-test/target/test-classes/webapps/ozoneManager}
2021-12-08 16:23:11,949 [Listener at 127.0.0.1/42281] INFO  server.AbstractConnector (AbstractConnector.java:doStart(331)) - Started ServerConnector@3af6b9d1{HTTP/1.1, (http/1.1)}{0.0.0.0:44739}
2021-12-08 16:23:11,950 [Listener at 127.0.0.1/42281] INFO  server.Server (Server.java:doStart(415)) - Started @116907ms
2021-12-08 16:23:11,950 [Listener at 127.0.0.1/42281] WARN  impl.MetricsSystemImpl (MetricsSystemImpl.java:register(279)) - Sink prometheus already exists!
2021-12-08 16:23:11,952 [Listener at 127.0.0.1/42281] INFO  http.BaseHttpServer (BaseHttpServer.java:updateConnectorAddress(329)) - HTTP server of ozoneManager listening at http://0.0.0.0:44739
2021-12-08 16:23:11,960 [IPC Server Responder] INFO  ipc.Server (Server.java:run(1507)) - IPC Server Responder: starting
2021-12-08 16:23:11,960 [IPC Server listener on 42281] INFO  ipc.Server (Server.java:run(1344)) - IPC Server listener on 42281: starting
2021-12-08 16:23:11,961 [Listener at 127.0.0.1/42281] INFO  om.OzoneManager (OzoneManager.java:startTrashEmptier(1728)) - Trash Interval set to 0. Files deleted will not move to trash
2021-12-08 16:23:11,972 [org.apache.hadoop.util.JvmPauseMonitor$Monitor@68601d66] INFO  util.JvmPauseMonitor (JvmPauseMonitor.java:run(188)) - Starting JVM pause monitor
2021-12-08 16:23:11,983 [IPC Server handler 6 on default port 13584] INFO  ratis.OzoneManagerRatisServer (OzoneManagerRatisServer.java:addOMToRatisRing(309)) - omNode-1: Submitting SetConfiguration request to Ratis server to add new OM peer omNode-bootstrap-2|rpc:localhost:39543|priority:0 to the Ratis group group-33FC8B15A7E9:[omNode-1|rpc:localhost:13588|priority:0]
2021-12-08 16:23:11,983 [IPC Server handler 6 on default port 13584] INFO  server.RaftServer$Division (RaftServerImpl.java:setConfigurationAsync(974)) - omNode-1@group-33FC8B15A7E9: receive setConfiguration SetConfigurationRequest:client-4B093D07E82A->omNode-1@group-33FC8B15A7E9, cid=1, seq=0, RW, null, peers:[omNode-1|rpc:localhost:13588|priority:0, omNode-bootstrap-2|rpc:localhost:39543|priority:0]
2021-12-08 16:23:11,983 [IPC Server handler 6 on default port 13584] INFO  server.RaftServer$Division (LeaderStateImpl.java:startSetConfiguration(358)) - omNode-1@group-33FC8B15A7E9-LeaderStateImpl: startSetConfiguration SetConfigurationRequest:client-4B093D07E82A->omNode-1@group-33FC8B15A7E9, cid=1, seq=0, RW, null, peers:[omNode-1|rpc:localhost:13588|priority:0, omNode-bootstrap-2|rpc:localhost:39543|priority:0]
2021-12-08 16:23:11,983 [IPC Server handler 6 on default port 13584] INFO  server.RaftServerConfigKeys (ConfUtils.java:logGet(44)) - raft.server.log.appender.snapshot.chunk.size.max = 16MB (=16777216) (default)
2021-12-08 16:23:11,983 [IPC Server handler 6 on default port 13584] INFO  server.RaftServerConfigKeys (ConfUtils.java:logGet(44)) - raft.server.log.appender.buffer.byte-limit = 33554432 (custom)
2021-12-08 16:23:11,983 [IPC Server handler 6 on default port 13584] INFO  server.RaftServerConfigKeys (ConfUtils.java:logGet(44)) - raft.server.log.appender.buffer.element-limit = 1024 (custom)
2021-12-08 16:23:11,987 [IPC Server handler 6 on default port 13584] INFO  grpc.GrpcConfigKeys (ConfUtils.java:logGet(44)) - raft.grpc.server.leader.outstanding.appends.max = 128 (default)
2021-12-08 16:23:11,987 [IPC Server handler 6 on default port 13584] INFO  server.RaftServerConfigKeys (ConfUtils.java:logGet(44)) - raft.server.rpc.request.timeout = 3000ms (default)
2021-12-08 16:23:11,988 [IPC Server handler 6 on default port 13584] INFO  server.RaftServerConfigKeys (ConfUtils.java:logGet(44)) - raft.server.log.appender.install.snapshot.enabled = false (custom)
2021-12-08 16:23:12,001 [grpc-default-executor-1] INFO  server.RaftServer$Division (RaftServerImpl.java:installSnapshot(1332)) - omNode-bootstrap-2@group-33FC8B15A7E9: receive installSnapshot: omNode-1->omNode-bootstrap-2#0-t1,notify:(t:1, i:8)
2021-12-08 16:23:12,002 [grpc-default-executor-1] INFO  server.RaftServer$Division (ServerState.java:setLeader(285)) - omNode-bootstrap-2@group-33FC8B15A7E9: change Leader from null to omNode-1 at term 1 for installSnapshot, leader elected after 209ms
2021-12-08 16:23:12,002 [grpc-default-executor-1] INFO  server.RaftServer$Division (RaftServerImpl.java:notifyStateMachineToInstallSnapshot(1551)) - omNode-bootstrap-2@group-33FC8B15A7E9: Received notification to install snapshot at index 8
2021-12-08 16:23:12,002 [grpc-default-executor-1] INFO  server.RaftServer$Division (RaftServerImpl.java:notifyStateMachineToInstallSnapshot(1582)) - omNode-bootstrap-2@group-33FC8B15A7E9: notifyInstallSnapshot: nextIndex is 0 but the leader's first available index is 8.
2021-12-08 16:23:12,003 [grpc-default-executor-1] INFO  ratis.OzoneManagerStateMachine (OzoneManagerStateMachine.java:notifyInstallSnapshotFromLeader(446)) - Received install snapshot notification from OM leader: omNode-1 with term index: (t:1, i:8)
2021-12-08 16:23:12,006 [pool-382-thread-1] INFO  om.OzoneManager (OzoneManager.java:getDBCheckpointFromLeader(3212)) - Downloading checkpoint from leader OM omNode-1 and reloading state from the checkpoint.
2021-12-08 16:23:12,019 [pool-382-thread-1] INFO  snapshot.OzoneManagerSnapshotProvider (OzoneManagerSnapshotProvider.java:getOzoneManagerDBSnapshot(122)) - Downloading latest checkpoint from Leader OM omNode-1. Checkpoint URL: http://127.0.0.1:13586/dbCheckpoint?flushBeforeCheckpoint=true
2021-12-08 16:23:12,033 [qtp425267965-1369] INFO  utils.DBCheckpointServlet (DBCheckpointServlet.java:doGet(110)) - Received request to obtain DB checkpoint snapshot
2021-12-08 16:23:12,050 [qtp425267965-1369] INFO  db.RDBCheckpointManager (RDBCheckpointManager.java:createCheckpoint(86)) - Created checkpoint at /home/runner/work/ozone/ozone/hadoop-ozone/integration-test/target/test-dir/MiniOzoneClusterImpl-871b6dc8-7d19-4806-8910-93507a544922/omNode-1/db.checkpoints/om.db_checkpoint_1638980592033 in 17 milliseconds
2021-12-08 16:23:12,061 [qtp425267965-1369] INFO  utils.DBCheckpointServlet (DBCheckpointServlet.java:doGet(183)) - Time taken to write the checkpoint to response output stream: 11 milliseconds
2021-12-08 16:23:12,062 [qtp425267965-1369] INFO  db.RocksDBCheckpoint (RocksDBCheckpoint.java:cleanupCheckpoint(78)) - Cleaning up RocksDB checkpoint at /home/runner/work/ozone/ozone/hadoop-ozone/integration-test/target/test-dir/MiniOzoneClusterImpl-871b6dc8-7d19-4806-8910-93507a544922/omNode-1/db.checkpoints/om.db_checkpoint_1638980592033
2021-12-08 16:23:12,081 [pool-382-thread-1] INFO  snapshot.OzoneManagerSnapshotProvider (OzoneManagerSnapshotProvider.java:getOzoneManagerDBSnapshot(147)) - Successfully downloaded latest checkpoint from leader OM: omNode-1
2021-12-08 16:23:12,081 [pool-382-thread-1] INFO  om.OzoneManager (OzoneManager.java:installSnapshotFromLeader(3087)) - Downloaded checkpoint from Leader omNode-1 to the location /home/runner/work/ozone/ozone/hadoop-ozone/integration-test/target/test-dir/MiniOzoneClusterImpl-871b6dc8-7d19-4806-8910-93507a544922/omNode-bootstrap-2/snapshot/om.db-omNode-1-1638980592019
2021-12-08 16:23:12,120 [pool-382-thread-1] INFO  om.OzoneManager (OzoneManager.java:installCheckpoint(3112)) - Installing checkpoint with OMTransactionInfo 1#7
2021-12-08 16:23:12,121 [pool-382-thread-1] INFO  utils.BackgroundService (BackgroundService.java:shutdown(132)) - Shutting down service KeyDeletingService
2021-12-08 16:23:12,122 [pool-382-thread-1] INFO  utils.BackgroundService (BackgroundService.java:shutdown(132)) - Shutting down service DirectoryDeletingService
2021-12-08 16:23:12,128 [pool-382-thread-1] INFO  ratis.OzoneManagerDoubleBuffer (OzoneManagerDoubleBuffer.java:stop(437)) - Stopping OMDoubleBuffer flush thread
2021-12-08 16:23:12,128 [OMDoubleBufferFlushThread] INFO  ratis.OzoneManagerDoubleBuffer (OzoneManagerDoubleBuffer.java:flushTransactions(356)) - OMDoubleBuffer flush thread OMDoubleBufferFlushThread is interrupted and will exit. OMDoubleBufferFlushThread
2021-12-08 16:23:12,129 [pool-382-thread-1] INFO  om.OzoneManager (OzoneManager.java:installCheckpoint(3158)) - Replaced DB with checkpoint from OM: omNode-1, term: 1, index: 7
2021-12-08 16:23:12,130 [pool-382-thread-1] WARN  server.ServerUtils (ServerUtils.java:getDBPath(225)) - ozone.om.db.dirs is not configured. We recommend adding this setting. Falling back to ozone.metadata.dirs instead.
2021-12-08 16:23:12,131 [pool-382-thread-1] INFO  codec.OmKeyInfoCodec (OmKeyInfoCodec.java:<init>(50)) - OmKeyInfoCodec ignorePipeline = true
2021-12-08 16:23:12,131 [pool-382-thread-1] INFO  codec.RepeatedOmKeyInfoCodec (RepeatedOmKeyInfoCodec.java:<init>(42)) - RepeatedOmKeyInfoCodec ignorePipeline = true
2021-12-08 16:23:12,244 [pool-382-thread-1] INFO  om.OzoneManager (OzoneManager.java:startTrashEmptier(1728)) - Trash Interval set to 0. Files deleted will not move to trash
2021-12-08 16:23:12,247 [pool-382-thread-1] INFO  om.OzoneManager (OzoneManager.java:installCheckpoint(3176)) - Reloaded OM state with Term: 1 and Index: 7
2021-12-08 16:23:12,247 [pool-382-thread-1] INFO  server.RaftServer$Division (RaftServerImpl.java:lambda$notifyStateMachineToInstallSnapshot$30(1595)) - omNode-bootstrap-2@group-33FC8B15A7E9: StateMachine successfully installed snapshot index 7. Reloading the StateMachine.
2021-12-08 16:23:12,247 [pool-382-thread-1] INFO  ratis.OzoneManagerDoubleBuffer (OzoneManagerDoubleBuffer.java:stop(437)) - Stopping OMDoubleBuffer flush thread
2021-12-08 16:23:12,251 [pool-382-thread-1] INFO  segmented.SegmentedRaftLogWorker (SegmentedRaftLogWorker.java:lambda$new$0(133)) - omNode-bootstrap-2@group-33FC8B15A7E9-SegmentedRaftLogWorker: flushIndex: setUnconditionally -1 -> 7
2021-12-08 16:23:12,251 [pool-382-thread-1] INFO  segmented.SegmentedRaftLogWorker (SegmentedRaftLogWorker.java:lambda$new$0(133)) - omNode-bootstrap-2@group-33FC8B15A7E9-SegmentedRaftLogWorker: safeCacheEvictIndex: setUnconditionally -1 -> 7
2021-12-08 16:23:12,251 [pool-382-thread-1] INFO  raftlog.RaftLog (RaftLogBase.java:lambda$new$0(53)) - omNode-bootstrap-2@group-33FC8B15A7E9-SegmentedRaftLog: snapshotIndex: updateIncreasingly -1 -> 7
2021-12-08 16:23:12,251 [omNode-bootstrap-2@group-33FC8B15A7E9-StateMachineUpdater] INFO  ratis.OzoneManagerStateMachine (OzoneManagerStateMachine.java:loadSnapshotInfoFromDB(605)) - LastAppliedIndex is set from TransactionInfo from OM DB as (t:1, i:7)
2021-12-08 16:23:12,251 [grpc-default-executor-1] INFO  server.RaftServer$Division (RaftServerImpl.java:notifyStateMachineToInstallSnapshot(1638)) - omNode-bootstrap-2@group-33FC8B15A7E9: InstallSnapshot notification result: SNAPSHOT_INSTALLED, at index: 7
2021-12-08 16:23:12,252 [grpc-default-executor-1] INFO  server.RaftServer$Division (RaftServerImpl.java:installSnapshotImpl(1462)) - omNode-bootstrap-2@group-33FC8B15A7E9: set new configuration configurationEntry {
  peers {
    id: "omNode-1"
    address: "localhost:13588"
  }
}
 from snapshot
2021-12-08 16:23:12,253 [omNode-bootstrap-2@group-33FC8B15A7E9-StateMachineUpdater] INFO  impl.StateMachineUpdater (StateMachineUpdater.java:lambda$new$0(89)) - omNode-bootstrap-2@group-33FC8B15A7E9-StateMachineUpdater: snapshotIndex: setUnconditionally -1 -> 7
2021-12-08 16:23:12,253 [omNode-bootstrap-2@group-33FC8B15A7E9-StateMachineUpdater] INFO  impl.StateMachineUpdater (StateMachineUpdater.java:lambda$new$0(89)) - omNode-bootstrap-2@group-33FC8B15A7E9-StateMachineUpdater: appliedIndex: setUnconditionally -1 -> 7
2021-12-08 16:23:12,256 [grpc-default-executor-1] INFO  server.RaftServer$Division (ServerState.java:setRaftConf(387)) - omNode-bootstrap-2@group-33FC8B15A7E9: set configuration 0: [omNode-1|rpc:localhost:13588|admin:|client:|dataStream:|priority:0], old=null
2021-12-08 16:23:12,256 [grpc-default-executor-1] INFO  ratis.OzoneManagerStateMachine (OzoneManagerStateMachine.java:notifyConfigurationChanged(188)) - Received Configuration change notification from Ratis. New Peer list:
[id: "omNode-1"
address: "localhost:13588"
]
2021-12-08 16:23:12,256 [grpc-default-executor-1] INFO  ratis.OzoneManagerRatisServer (OzoneManagerRatisServer.java:addRaftPeer(371)) - Added OM omNode-1 to Ratis Peers list.
2021-12-08 16:23:12,256 [grpc-default-executor-1] INFO  server.RaftServer$Division (RaftServerImpl.java:installSnapshot(1343)) - omNode-bootstrap-2@group-33FC8B15A7E9: reply installSnapshot: omNode-1<-omNode-bootstrap-2#0:FAIL-t0,SNAPSHOT_INSTALLED,snapshotIndex=7
2021-12-08 16:23:12,256 [grpc-default-executor-1] INFO  server.GrpcServerProtocolService (GrpcServerProtocolService.java:onCompleted(140)) - omNode-bootstrap-2: Completed INSTALL_SNAPSHOT, lastRequest: omNode-1->omNode-bootstrap-2#0-t1,notify:(t:1, i:8)
2021-12-08 16:23:12,263 [grpc-default-executor-2] INFO  impl.RoleInfo (RoleInfo.java:updateAndGet(130)) - omNode-bootstrap-2: start omNode-bootstrap-2@group-33FC8B15A7E9-FollowerState
2021-12-08 16:23:12,267 [grpc-default-executor-2] INFO  segmented.SegmentedRaftLogWorker (SegmentedRaftLogWorker.java:startLogSegment(394)) - omNode-bootstrap-2@group-33FC8B15A7E9-SegmentedRaftLogWorker: Starting segment from index:8
2021-12-08 16:23:12,272 [omNode-1@group-33FC8B15A7E9-LeaderStateImpl] INFO  server.RaftServer$Division (ServerState.java:setRaftConf(387)) - omNode-1@group-33FC8B15A7E9: set configuration 9: [omNode-bootstrap-2|rpc:localhost:39543|priority:0, omNode-1|rpc:localhost:13588|priority:0], old=[omNode-1|rpc:localhost:13588|admin:|client:|dataStream:|priority:0]
2021-12-08 16:23:12,274 [grpc-default-executor-2] INFO  server.RaftServer$Division (ServerState.java:setRaftConf(387)) - omNode-bootstrap-2@group-33FC8B15A7E9: set configuration 9: [omNode-bootstrap-2|rpc:localhost:39543|admin:|client:|dataStream:|priority:0, omNode-1|rpc:localhost:13588|admin:|client:|dataStream:|priority:0], old=[omNode-1|rpc:localhost:13588|admin:|client:|dataStream:|priority:0]
2021-12-08 16:23:12,278 [omNode-bootstrap-2@group-33FC8B15A7E9-SegmentedRaftLogWorker] INFO  segmented.SegmentedRaftLogWorker (SegmentedRaftLogWorker.java:execute(601)) - omNode-bootstrap-2@group-33FC8B15A7E9-SegmentedRaftLogWorker: created new log segment /home/runner/work/ozone/ozone/hadoop-ozone/integration-test/target/test-dir/MiniOzoneClusterImpl-871b6dc8-7d19-4806-8910-93507a544922/omNode-bootstrap-2/ratis/a5a8c63e-4922-3a03-b163-33fc8b15a7e9/current/log_inprogress_8
2021-12-08 16:23:12,291 [omNode-1@group-33FC8B15A7E9-LeaderStateImpl] INFO  server.RaftServer$Division (ServerState.java:setRaftConf(387)) - omNode-1@group-33FC8B15A7E9: set configuration 11: [omNode-bootstrap-2|rpc:localhost:39543|priority:0, omNode-1|rpc:localhost:13588|priority:0], old=null
2021-12-08 16:23:12,291 [omNode-1@group-33FC8B15A7E9-StateMachineUpdater] INFO  ratis.OzoneManagerStateMachine (OzoneManagerStateMachine.java:notifyConfigurationChanged(188)) - Received Configuration change notification from Ratis. New Peer list:
[id: "omNode-bootstrap-2"
address: "localhost:39543"
, id: "omNode-1"
address: "localhost:13588"
]
2021-12-08 16:23:12,291 [omNode-1@group-33FC8B15A7E9-StateMachineUpdater] ERROR om.OzoneManager (OzoneManager.java:addOMNodeToPeers(1660)) - omNode-1: Couldn't add OM omNode-bootstrap-2 to peer list.
2021-12-08 16:23:12,292 [grpc-default-executor-2] INFO  server.RaftServer$Division (ServerState.java:setRaftConf(387)) - omNode-bootstrap-2@group-33FC8B15A7E9: set configuration 11: [omNode-bootstrap-2|rpc:localhost:39543|admin:|client:|dataStream:|priority:0, omNode-1|rpc:localhost:13588|admin:|client:|dataStream:|priority:0], old=null
2021-12-08 16:23:12,296 [omNode-bootstrap-2@group-33FC8B15A7E9-StateMachineUpdater] INFO  ratis.OzoneManagerStateMachine (OzoneManagerStateMachine.java:notifyConfigurationChanged(188)) - Received Configuration change notification from Ratis. New Peer list:
[id: "omNode-bootstrap-2"
address: "localhost:39543"
, id: "omNode-1"
address: "localhost:13588"
]
2021-12-08 16:23:12,296 [omNode-bootstrap-2@group-33FC8B15A7E9-StateMachineUpdater] INFO  ratis.OzoneManagerRatisServer (OzoneManagerRatisServer.java:addRaftPeer(371)) - Added OM omNode-bootstrap-2 to Ratis Peers list.
2021-12-08 16:23:12,292 [omNode-1@group-33FC8B15A7E9-StateMachineUpdater] ERROR ozone.MiniOzoneHAClusterImpl (MiniOzoneHAClusterImpl.java:exitSystem(1045)) - omNode-1 - System Exit: There is no OM configuration for node ID omNode-bootstrap-2 in ozone-site.xml.
java.io.IOException: There is no OM configuration for node ID omNode-bootstrap-2 in ozone-site.xml.
	at org.apache.hadoop.ozone.om.OzoneManager.addOMNodeToPeers(OzoneManager.java:1655)
	at org.apache.hadoop.ozone.om.OzoneManager.updatePeerList(OzoneManager.java:1602)
	at org.apache.hadoop.ozone.om.ratis.OzoneManagerStateMachine.notifyConfigurationChanged(OzoneManagerStateMachine.java:196)
	at org.apache.ratis.server.impl.RaftServerImpl.applyLogToStateMachine(RaftServerImpl.java:1708)
	at org.apache.ratis.server.impl.StateMachineUpdater.applyLog(StateMachineUpdater.java:234)
	at org.apache.ratis.server.impl.StateMachineUpdater.run(StateMachineUpdater.java:179)
	at java.lang.Thread.run(Thread.java:748)
2021-12-08 16:23:12,302 [omNode-1@group-33FC8B15A7E9-StateMachineUpdater] INFO  om.OzoneManager (OzoneManager.java:stop(1829)) - omNode-1[localhost:13584]: Stopping Ozone Manager
2021-12-08 16:23:12,303 [IPC Server handler 6 on default port 13584] INFO  ratis.OzoneManagerRatisServer (OzoneManagerRatisServer.java:addOMToRatisRing(323)) - Added OM omNode-bootstrap-2 to Ratis group group-33FC8B15A7E9.
2021-12-08 16:23:12,304 [omNode-1@group-33FC8B15A7E9-StateMachineUpdater] INFO  ipc.Server (Server.java:stop(3414)) - Stopping server on 13584
2021-12-08 16:23:12,308 [Listener at 127.0.0.1/42281] INFO  om.OzoneManager (OzoneManager.java:bootstrap(1578)) - Successfully bootstrapped OM omNode-bootstrap-2 and joined the Ratis group group-33FC8B15A7E9:[]
2021-12-08 16:23:12,308 [Listener at 127.0.0.1/42281] INFO  ozone.MiniOzoneHAClusterImpl (MiniOzoneHAClusterImpl.java:bootstrapOzoneManager(742)) - Bootstrapped OzoneManager omNode-bootstrap-2 RPC server at localhost/127.0.0.1:42281
2021-12-08 16:23:12,309 [Listener at 127.0.0.1/42281] INFO  ozone.MiniOzoneClusterImpl (MiniOzoneClusterImpl.java:shutdown(453)) - Shutting down the Mini Ozone Cluster
2021-12-08 16:23:12,309 [Listener at 127.0.0.1/42281] INFO  ozone.MiniOzoneHAClusterImpl (MiniOzoneHAClusterImpl.java:stop(316)) - Stopping the OzoneManager omNode-1
2021-12-08 16:23:12,309 [Listener at 127.0.0.1/42281] INFO  om.OzoneManager (OzoneManager.java:stop(1829)) - omNode-1[localhost:13584]: Stopping Ozone Manager
2021-12-08 16:23:12,314 [IPC Server listener on 13584] INFO  ipc.Server (Server.java:run(1376)) - Stopping IPC Server listener on 13584
2021-12-08 16:23:12,315 [IPC Server Responder] INFO  ipc.Server (Server.java:run(1512)) - Stopping IPC Server Responder
2021-12-08 16:23:12,316 [omNode-bootstrap-2@group-33FC8B15A7E9-StateMachineUpdater] INFO  ratis.OzoneManagerStateMachine (OzoneManagerStateMachine.java:notifyConfigurationChanged(188)) - Received Configuration change notification from Ratis. New Peer list:
[id: "omNode-bootstrap-2"
address: "localhost:39543"
, id: "omNode-1"
address: "localhost:13588"
]
2021-12-08 16:23:12,317 [Listener at 127.0.0.1/42281] INFO  ipc.Server (Server.java:stop(3414)) - Stopping server on 13584
2021-12-08 16:23:12,317 [omNode-1@group-33FC8B15A7E9-StateMachineUpdater] INFO  server.RaftServer (RaftServerProxy.java:lambda$close$6(391)) - omNode-1: close
2021-12-08 16:23:12,317 [org.apache.ratis.util.JvmPauseMonitor$$Lambda$430/1691312302@482dce44] INFO  util.JvmPauseMonitor (JvmPauseMonitor.java:run(109)) - JvmPauseMonitor-omNode-1: Stopped
2021-12-08 16:23:12,318 [Listener at 127.0.0.1/42281] INFO  ratis.OzoneManagerDoubleBuffer (OzoneManagerDoubleBuffer.java:stop(437)) - Stopping OMDoubleBuffer flush thread
2021-12-08 16:23:12,318 [OMDoubleBufferFlushThread] INFO  ratis.OzoneManagerDoubleBuffer (OzoneManagerDoubleBuffer.java:flushTransactions(356)) - OMDoubleBuffer flush thread OMDoubleBufferFlushThread is interrupted and will exit. OMDoubleBufferFlushThread
2021-12-08 16:23:12,319 [omNode-1@group-33FC8B15A7E9-StateMachineUpdater] INFO  server.RaftServer$Division (RaftServerImpl.java:lambda$close$4(412)) - omNode-1@group-33FC8B15A7E9: shutdown
2021-12-08 16:23:12,319 [omNode-1@group-33FC8B15A7E9-StateMachineUpdater] INFO  util.JmxRegister (JmxRegister.java:unregister(73)) - Successfully un-registered JMX Bean with object name Ratis:service=RaftServer,group=group-33FC8B15A7E9,id=omNode-1
2021-12-08 16:23:12,319 [omNode-1@group-33FC8B15A7E9-StateMachineUpdater] INFO  impl.RoleInfo (RoleInfo.java:shutdownLeaderState(91)) - omNode-1: shutdown omNode-1@group-33FC8B15A7E9-LeaderStateImpl
2021-12-08 16:23:12,319 [omNode-1@group-33FC8B15A7E9-StateMachineUpdater] INFO  impl.PendingRequests (PendingRequests.java:sendNotLeaderResponses(282)) - omNode-1@group-33FC8B15A7E9-PendingRequests: sendNotLeaderResponses
2021-12-08 16:23:12,321 [Listener at 127.0.0.1/42281] INFO  utils.BackgroundService (BackgroundService.java:shutdown(132)) - Shutting down service KeyDeletingService
2021-12-08 16:23:12,328 [grpc-default-executor-2] INFO  server.GrpcServerProtocolService (GrpcServerProtocolService.java:onCompleted(140)) - omNode-bootstrap-2: Completed APPEND_ENTRIES, lastRequest: omNode-1->omNode-bootstrap-2#6-t1,previous=(t:1, i:11),leaderCommit=11,initializing? true,entries: size=1, first=(t:1, i:12), METADATAENTRY(c:11)
2021-12-08 16:23:12,330 [Listener at 127.0.0.1/42281] INFO  utils.BackgroundService (BackgroundService.java:shutdown(132)) - Shutting down service DirectoryDeletingService
2021-12-08 16:23:12,331 [omNode-1@group-33FC8B15A7E9-StateMachineUpdater] INFO  impl.StateMachineUpdater (StateMachineUpdater.java:stopAndJoin(149)) - omNode-1@group-33FC8B15A7E9-StateMachineUpdater: set stopIndex = 11
2021-12-08 16:23:12,331 [Listener at 127.0.0.1/42281] INFO  handler.ContextHandler (ContextHandler.java:doStop(1153)) - Stopped o.e.j.w.WebAppContext@c3ae938{ozoneManager,/,null,STOPPED}{file:/home/runner/work/ozone/ozone/hadoop-ozone/integration-test/target/test-classes/webapps/ozoneManager}
2021-12-08 16:23:12,332 [Listener at 127.0.0.1/42281] INFO  server.AbstractConnector (AbstractConnector.java:doStop(381)) - Stopped ServerConnector@166057af{HTTP/1.1, (http/1.1)}{0.0.0.0:13586}
2021-12-08 16:23:12,332 [Listener at 127.0.0.1/42281] INFO  server.session (HouseKeeper.java:stopScavenging(149)) - node0 Stopped scavenging
2021-12-08 16:23:12,332 [Listener at 127.0.0.1/42281] INFO  handler.ContextHandler (ContextHandler.java:doStop(1153)) - Stopped o.e.j.s.ServletContextHandler@62d1bec6{static,/static,file:///home/runner/work/ozone/ozone/hadoop-ozone/integration-test/target/test-classes/webapps/static,STOPPED}
2021-12-08 16:23:12,332 [Listener at 127.0.0.1/42281] INFO  handler.ContextHandler (ContextHandler.java:doStop(1153)) - Stopped o.e.j.s.ServletContextHandler@7a0958f2{logs,/logs,file:///home/runner/work/ozone/ozone/hadoop-ozone/integration-test/target/log,STOPPED}
2021-12-08 16:23:12,348 [Listener at 127.0.0.1/42281] INFO  ozone.MiniOzoneHAClusterImpl (MiniOzoneHAClusterImpl.java:stop(316)) - Stopping the OzoneManager omNode-bootstrap-1
2021-12-08 16:23:12,348 [Listener at 127.0.0.1/42281] INFO  om.OzoneManager (OzoneManager.java:stop(1829)) - omNode-bootstrap-1[localhost:34079]: Stopping Ozone Manager
2021-12-08 16:23:12,348 [Listener at 127.0.0.1/42281] INFO  ipc.Server (Server.java:stop(3414)) - Stopping server on 34079
2021-12-08 16:23:12,348 [Listener at 127.0.0.1/42281] INFO  ozone.MiniOzoneHAClusterImpl (MiniOzoneHAClusterImpl.java:stop(316)) - Stopping the OzoneManager omNode-bootstrap-2
2021-12-08 16:23:12,348 [Listener at 127.0.0.1/42281] INFO  om.OzoneManager (OzoneManager.java:stop(1829)) - omNode-bootstrap-2[localhost:42281]: Stopping Ozone Manager
2021-12-08 16:23:12,348 [Listener at 127.0.0.1/42281] INFO  ipc.Server (Server.java:stop(3414)) - Stopping server on 42281
2021-12-08 16:23:12,352 [IPC Server Responder] INFO  ipc.Server (Server.java:run(1512)) - Stopping IPC Server Responder
2021-12-08 16:23:12,354 [IPC Server listener on 42281] INFO  ipc.Server (Server.java:run(1376)) - Stopping IPC Server listener on 42281
2021-12-08 16:23:12,363 [Listener at 127.0.0.1/42281] INFO  server.RaftServer (RaftServerProxy.java:lambda$close$6(391)) - omNode-bootstrap-2: close
2021-12-08 16:23:12,363 [Listener at 127.0.0.1/42281] INFO  server.RaftServer$Division (RaftServerImpl.java:lambda$close$4(412)) - omNode-bootstrap-2@group-33FC8B15A7E9: shutdown
2021-12-08 16:23:12,363 [Listener at 127.0.0.1/42281] INFO  util.JmxRegister (JmxRegister.java:unregister(73)) - Successfully un-registered JMX Bean with object name Ratis:service=RaftServer,group=group-33FC8B15A7E9,id=omNode-bootstrap-2
2021-12-08 16:23:12,363 [Listener at 127.0.0.1/42281] INFO  impl.RoleInfo (RoleInfo.java:shutdownFollowerState(108)) - omNode-bootstrap-2: shutdown omNode-bootstrap-2@group-33FC8B15A7E9-FollowerState
2021-12-08 16:23:12,363 [Listener at 127.0.0.1/42281] INFO  impl.StateMachineUpdater (StateMachineUpdater.java:stopAndJoin(149)) - omNode-bootstrap-2@group-33FC8B15A7E9-StateMachineUpdater: set stopIndex = 11
2021-12-08 16:23:12,363 [omNode-bootstrap-2@group-33FC8B15A7E9-FollowerState] INFO  impl.FollowerState (FollowerState.java:run(143)) - omNode-bootstrap-2@group-33FC8B15A7E9-FollowerState was interrupted: {}
java.lang.InterruptedException: sleep interrupted
	at java.lang.Thread.sleep(Native Method)
	at java.lang.Thread.sleep(Thread.java:340)
	at java.util.concurrent.TimeUnit.sleep(TimeUnit.java:386)
	at org.apache.ratis.util.TimeDuration.sleep(TimeDuration.java:324)
	at org.apache.ratis.util.TimeDuration.sleep(TimeDuration.java:309)
	at org.apache.ratis.server.impl.FollowerState.run(FollowerState.java:118)
2021-12-08 16:23:12,364 [omNode-bootstrap-2@group-33FC8B15A7E9-StateMachineUpdater] INFO  ratis.OzoneManagerStateMachine (OzoneManagerStateMachine.java:takeSnapshot(417)) - Current Snapshot Index (t:1, i:11)
2021-12-08 16:23:12,364 [omNode-bootstrap-2@group-33FC8B15A7E9-StateMachineUpdater] INFO  impl.StateMachineUpdater (StateMachineUpdater.java:takeSnapshot(281)) - omNode-bootstrap-2@group-33FC8B15A7E9-StateMachineUpdater: Took a snapshot at index 11
2021-12-08 16:23:12,364 [omNode-bootstrap-2@group-33FC8B15A7E9-StateMachineUpdater] INFO  impl.StateMachineUpdater (StateMachineUpdater.java:lambda$new$0(89)) - omNode-bootstrap-2@group-33FC8B15A7E9-StateMachineUpdater: snapshotIndex: updateIncreasingly 7 -> 11
2021-12-08 16:23:12,364 [omNode-bootstrap-2@group-33FC8B15A7E9-StateMachineUpdater] INFO  ratis.OzoneManagerStateMachine (OzoneManagerStateMachine.java:close(471)) - StateMachine has shutdown. Shutdown OzoneManager if not already shutdown.
2021-12-08 16:23:12,365 [Listener at 127.0.0.1/42281] INFO  server.RaftServer$Division (ServerState.java:close(419)) - omNode-bootstrap-2@group-33FC8B15A7E9: closes. applyIndex: 11
2021-12-08 16:23:12,365 [omNode-bootstrap-2@group-33FC8B15A7E9-SegmentedRaftLogWorker] INFO  segmented.SegmentedRaftLogWorker (SegmentedRaftLogWorker.java:run(327)) - omNode-bootstrap-2@group-33FC8B15A7E9-SegmentedRaftLogWorker was interrupted, exiting. There are 0 tasks remaining in the queue.
2021-12-08 16:23:12,366 [Listener at 127.0.0.1/42281] INFO  segmented.SegmentedRaftLogWorker (SegmentedRaftLogWorker.java:close(237)) - omNode-bootstrap-2@group-33FC8B15A7E9-SegmentedRaftLogWorker close()
2021-12-08 16:23:12,372 [Listener at 127.0.0.1/42281] INFO  server.GrpcService (GrpcService.java:closeImpl(262)) - omNode-bootstrap-2: shutdown server with port 39543 now
2021-12-08 16:23:12,379 [Listener at 127.0.0.1/42281] INFO  server.GrpcService (GrpcService.java:closeImpl(271)) - omNode-bootstrap-2: shutdown server with port 39543 successfully
2021-12-08 16:23:12,379 [org.apache.ratis.util.JvmPauseMonitor$$Lambda$430/1691312302@cadac5b] INFO  util.JvmPauseMonitor (JvmPauseMonitor.java:run(109)) - JvmPauseMonitor-omNode-bootstrap-2: Stopped
2021-12-08 16:23:12,379 [Listener at 127.0.0.1/42281] INFO  ratis.OzoneManagerDoubleBuffer (OzoneManagerDoubleBuffer.java:stop(437)) - Stopping OMDoubleBuffer flush thread
2021-12-08 16:23:12,379 [OMDoubleBufferFlushThread] INFO  ratis.OzoneManagerDoubleBuffer (OzoneManagerDoubleBuffer.java:flushTransactions(356)) - OMDoubleBuffer flush thread OMDoubleBufferFlushThread is interrupted and will exit. OMDoubleBufferFlushThread
2021-12-08 16:23:12,380 [Listener at 127.0.0.1/42281] INFO  utils.BackgroundService (BackgroundService.java:shutdown(132)) - Shutting down service KeyDeletingService
2021-12-08 16:23:12,391 [Listener at 127.0.0.1/42281] INFO  utils.BackgroundService (BackgroundService.java:shutdown(132)) - Shutting down service DirectoryDeletingService
2021-12-08 16:23:12,395 [Listener at 127.0.0.1/42281] INFO  handler.ContextHandler (ContextHandler.java:doStop(1153)) - Stopped o.e.j.w.WebAppContext@4b84c5e5{ozoneManager,/,null,STOPPED}{file:/home/runner/work/ozone/ozone/hadoop-ozone/integration-test/target/test-classes/webapps/ozoneManager}
2021-12-08 16:23:12,396 [Listener at 127.0.0.1/42281] INFO  server.AbstractConnector (AbstractConnector.java:doStop(381)) - Stopped ServerConnector@3af6b9d1{HTTP/1.1, (http/1.1)}{0.0.0.0:44739}
2021-12-08 16:23:12,396 [Listener at 127.0.0.1/42281] INFO  server.session (HouseKeeper.java:stopScavenging(149)) - node0 Stopped scavenging
2021-12-08 16:23:12,396 [Listener at 127.0.0.1/42281] INFO  handler.ContextHandler (ContextHandler.java:doStop(1153)) - Stopped o.e.j.s.ServletContextHandler@7ef0ff3c{static,/static,file:///home/runner/work/ozone/ozone/hadoop-ozone/integration-test/target/test-classes/webapps/static,STOPPED}
2021-12-08 16:23:12,396 [Listener at 127.0.0.1/42281] INFO  handler.ContextHandler (ContextHandler.java:doStop(1153)) - Stopped o.e.j.s.ServletContextHandler@3167d69{logs,/logs,file:///home/runner/work/ozone/ozone/hadoop-ozone/integration-test/target/log,STOPPED}
2021-12-08 16:23:12,400 [Listener at 127.0.0.1/42281] INFO  ozone.MiniOzoneHAClusterImpl (MiniOzoneHAClusterImpl.java:stop(324)) - Stopping the StorageContainerManager a1d7cd84-dd07-406f-a027-06562c9714d9
2021-12-08 16:23:12,400 [Listener at 127.0.0.1/42281] INFO  server.StorageContainerManager (StorageContainerManager.java:stop(1395)) - Stopping Container Balancer service.
2021-12-08 16:23:12,400 [Listener at 127.0.0.1/42281] INFO  balancer.ContainerBalancer (ContainerBalancer.java:stop(734)) - Container Balancer is not running.
2021-12-08 16:23:12,400 [Listener at 127.0.0.1/42281] INFO  server.StorageContainerManager (StorageContainerManager.java:stop(1402)) - Stopping Replication Manager Service.
2021-12-08 16:23:12,400 [Listener at 127.0.0.1/42281] INFO  container.ReplicationManager (ReplicationManager.java:stop(350)) - Stopping Replication Monitor Thread.
2021-12-08 16:23:12,401 [Listener at 127.0.0.1/42281] INFO  server.StorageContainerManager (StorageContainerManager.java:stop(1409)) - Stopping the Datanode Admin Monitor.
2021-12-08 16:23:12,401 [Listener at 127.0.0.1/42281] INFO  server.StorageContainerManager (StorageContainerManager.java:stop(1416)) - Stopping Lease Manager of the command watchers
2021-12-08 16:23:12,401 [Listener at 127.0.0.1/42281] INFO  server.StorageContainerManager (StorageContainerManager.java:stop(1423)) - Stopping datanode service RPC server
2021-12-08 16:23:12,401 [Listener at 127.0.0.1/42281] INFO  server.SCMDatanodeProtocolServer (SCMDatanodeProtocolServer.java:stop(389)) - Stopping the RPC server for DataNodes
2021-12-08 16:23:12,402 [Listener at 127.0.0.1/42281] INFO  ipc.Server (Server.java:stop(3414)) - Stopping server on 13473
2021-12-08 16:23:12,410 [IPC Server Responder] INFO  ipc.Server (Server.java:run(1512)) - Stopping IPC Server Responder
2021-12-08 16:23:12,410 [IPC Server listener on 13473] INFO  ipc.Server (Server.java:run(1376)) - Stopping IPC Server listener on 13473
2021-12-08 16:23:12,433 [EndpointStateMachine task thread for /127.0.0.1:13473 - 0 ] WARN  statemachine.EndpointStateMachine (EndpointStateMachine.java:logIfNeeded(236)) - Unable to communicate to SCM server at localhost:13473 for past 0 seconds.
java.io.EOFException: End of File Exception between local host is: "fv-az294-221/10.1.0.9"; destination host is: "localhost":13473; : java.io.EOFException; For more details see:  http://wiki.apache.org/hadoop/EOFException
	at sun.reflect.NativeConstructorAccessorImpl.newInstance0(Native Method)
	at sun.reflect.NativeConstructorAccessorImpl.newInstance(NativeConstructorAccessorImpl.java:62)
	at sun.reflect.DelegatingConstructorAccessorImpl.newInstance(DelegatingConstructorAccessorImpl.java:45)
	at java.lang.reflect.Constructor.newInstance(Constructor.java:423)
	at org.apache.hadoop.net.NetUtils.wrapWithMessage(NetUtils.java:913)
	at org.apache.hadoop.net.NetUtils.wrapException(NetUtils.java:862)
	at org.apache.hadoop.ipc.Client.getRpcResponse(Client.java:1577)
	at org.apache.hadoop.ipc.Client.call(Client.java:1519)
	at org.apache.hadoop.ipc.Client.call(Client.java:1416)
	at org.apache.hadoop.ipc.ProtobufRpcEngine$Invoker.invoke(ProtobufRpcEngine.java:236)
	at org.apache.hadoop.ipc.ProtobufRpcEngine$Invoker.invoke(ProtobufRpcEngine.java:123)
	at com.sun.proxy.$Proxy47.submitRequest(Unknown Source)
	at org.apache.hadoop.ozone.protocolPB.StorageContainerDatanodeProtocolClientSideTranslatorPB.submitRequest(StorageContainerDatanodeProtocolClientSideTranslatorPB.java:117)
	at org.apache.hadoop.ozone.protocolPB.StorageContainerDatanodeProtocolClientSideTranslatorPB.sendHeartbeat(StorageContainerDatanodeProtocolClientSideTranslatorPB.java:149)
	at org.apache.hadoop.ozone.container.common.states.endpoint.HeartbeatEndpointTask.call(HeartbeatEndpointTask.java:179)
	at org.apache.hadoop.ozone.container.common.states.endpoint.HeartbeatEndpointTask.call(HeartbeatEndpointTask.java:82)
	at java.util.concurrent.FutureTask.run(FutureTask.java:266)
	at java.util.concurrent.ThreadPoolExecutor.runWorker(ThreadPoolExecutor.java:1149)
	at java.util.concurrent.ThreadPoolExecutor$Worker.run(ThreadPoolExecutor.java:624)
	at java.lang.Thread.run(Thread.java:748)
Caused by: java.io.EOFException
	at java.io.DataInputStream.readInt(DataInputStream.java:392)
	at org.apache.hadoop.ipc.Client$IpcStreams.readResponse(Client.java:1892)
	at org.apache.hadoop.ipc.Client$Connection.receiveRpcResponse(Client.java:1202)
	at org.apache.hadoop.ipc.Client$Connection.run(Client.java:1098)
2021-12-08 16:23:12,729 [EndpointStateMachine task thread for /127.0.0.1:15821 - 0 ] INFO  ipc.Client (Client.java:handleConnectionFailure(977)) - Retrying connect to server: localhost/127.0.0.1:15821. Already tried 10 time(s); retry policy is RetryUpToMaximumCountWithFixedSleep(maxRetries=15, sleepTime=1000 MILLISECONDS)
2021-12-08 16:23:12,957 [SCM Heartbeat Processing Thread - 0] WARN  node.NodeStateManager (NodeStateManager.java:scheduleNextHealthCheck(799)) - Current Thread is interrupted, shutting down HB processing thread for Node Manager.
2021-12-08 16:23:12,957 [Listener at 127.0.0.1/42281] INFO  server.StorageContainerManager (StorageContainerManager.java:stop(1431)) - Stopping block service RPC server
2021-12-08 16:23:12,958 [Listener at 127.0.0.1/42281] INFO  server.SCMBlockProtocolServer (SCMBlockProtocolServer.java:stop(160)) - Stopping the RPC server for Block Protocol
2021-12-08 16:23:12,958 [Listener at 127.0.0.1/42281] INFO  ipc.Server (Server.java:stop(3414)) - Stopping server on 13474
2021-12-08 16:23:12,965 [IPC Server listener on 13474] INFO  ipc.Server (Server.java:run(1376)) - Stopping IPC Server listener on 13474
2021-12-08 16:23:12,971 [Listener at 127.0.0.1/42281] INFO  server.StorageContainerManager (StorageContainerManager.java:stop(1438)) - Stopping the StorageContainerLocationProtocol RPC server
2021-12-08 16:23:12,972 [Listener at 127.0.0.1/42281] INFO  server.SCMClientProtocolServer (SCMClientProtocolServer.java:stop(173)) - Stopping the RPC server for Client Protocol
2021-12-08 16:23:12,972 [Listener at 127.0.0.1/42281] INFO  ipc.Server (Server.java:stop(3414)) - Stopping server on 13475
2021-12-08 16:23:12,972 [IPC Server Responder] INFO  ipc.Server (Server.java:run(1512)) - Stopping IPC Server Responder
2021-12-08 16:23:12,979 [Listener at 127.0.0.1/42281] INFO  server.StorageContainerManager (StorageContainerManager.java:stop(1445)) - Stopping Storage Container Manager HTTP server.
2021-12-08 16:23:12,979 [IPC Server Responder] INFO  ipc.Server (Server.java:run(1512)) - Stopping IPC Server Responder
2021-12-08 16:23:12,979 [IPC Server listener on 13475] INFO  ipc.Server (Server.java:run(1376)) - Stopping IPC Server listener on 13475
2021-12-08 16:23:12,979 [Listener at 127.0.0.1/42281] INFO  handler.ContextHandler (ContextHandler.java:doStop(1153)) - Stopped o.e.j.w.WebAppContext@748a60ad{scm,/,null,STOPPED}{file:/home/runner/work/ozone/ozone/hadoop-ozone/integration-test/target/test-classes/webapps/scm}
2021-12-08 16:23:12,981 [Listener at 127.0.0.1/42281] INFO  server.AbstractConnector (AbstractConnector.java:doStop(381)) - Stopped ServerConnector@1f2ce03b{HTTP/1.1, (http/1.1)}{0.0.0.0:13470}
2021-12-08 16:23:12,981 [Listener at 127.0.0.1/42281] INFO  server.session (HouseKeeper.java:stopScavenging(149)) - node0 Stopped scavenging
2021-12-08 16:23:12,981 [Listener at 127.0.0.1/42281] INFO  handler.ContextHandler (ContextHandler.java:doStop(1153)) - Stopped o.e.j.s.ServletContextHandler@2fa69db0{static,/static,file:///home/runner/work/ozone/ozone/hadoop-ozone/integration-test/target/test-classes/webapps/static,STOPPED}
2021-12-08 16:23:12,981 [Listener at 127.0.0.1/42281] INFO  handler.ContextHandler (ContextHandler.java:doStop(1153)) - Stopped o.e.j.s.ServletContextHandler@6b465402{logs,/logs,file:///home/runner/work/ozone/ozone/hadoop-ozone/integration-test/target/log,STOPPED}
2021-12-08 16:23:12,982 [Listener at 127.0.0.1/42281] INFO  server.StorageContainerManager (StorageContainerManager.java:stop(1456)) - Stopping Block Manager Service.
2021-12-08 16:23:12,982 [Listener at 127.0.0.1/42281] INFO  utils.BackgroundService (BackgroundService.java:shutdown(132)) - Shutting down service SCMBlockDeletingService
2021-12-08 16:23:12,982 [Listener at 127.0.0.1/42281] INFO  utils.BackgroundService (BackgroundService.java:shutdown(132)) - Shutting down service SCMBlockDeletingService
2021-12-08 16:23:12,982 [Listener at 127.0.0.1/42281] INFO  server.StorageContainerManager (StorageContainerManager.java:stop(1483)) - Stopping SCM Event Queue.
2021-12-08 16:23:12,984 [Listener at 127.0.0.1/42281] INFO  server.StorageContainerManager (StorageContainerManager.java:stop(1494)) - Stopping SCM HA services.
2021-12-08 16:23:12,984 [Listener at 127.0.0.1/42281] INFO  ha.SCMRatisServerImpl (SCMRatisServerImpl.java:stop(236)) - stopping ratis server 0.0.0.0:13472
2021-12-08 16:23:12,984 [Listener at 127.0.0.1/42281] INFO  server.RaftServer (RaftServerProxy.java:lambda$close$6(391)) - a1d7cd84-dd07-406f-a027-06562c9714d9: close
2021-12-08 16:23:12,984 [Listener at 127.0.0.1/42281] INFO  server.RaftServer$Division (RaftServerImpl.java:lambda$close$4(412)) - a1d7cd84-dd07-406f-a027-06562c9714d9@group-93507A544922: shutdown
2021-12-08 16:23:12,984 [Listener at 127.0.0.1/42281] INFO  util.JmxRegister (JmxRegister.java:unregister(73)) - Successfully un-registered JMX Bean with object name Ratis:service=RaftServer,group=group-93507A544922,id=a1d7cd84-dd07-406f-a027-06562c9714d9
2021-12-08 16:23:12,984 [Listener at 127.0.0.1/42281] INFO  impl.RoleInfo (RoleInfo.java:shutdownLeaderState(91)) - a1d7cd84-dd07-406f-a027-06562c9714d9: shutdown a1d7cd84-dd07-406f-a027-06562c9714d9@group-93507A544922-LeaderStateImpl
2021-12-08 16:23:12,985 [Listener at 127.0.0.1/42281] INFO  impl.PendingRequests (PendingRequests.java:sendNotLeaderResponses(282)) - a1d7cd84-dd07-406f-a027-06562c9714d9@group-93507A544922-PendingRequests: sendNotLeaderResponses
2021-12-08 16:23:12,985 [Listener at 127.0.0.1/42281] INFO  ha.SCMStateMachine (SCMStateMachine.java:notifyNotLeader(190)) - current leader SCM steps down.
2021-12-08 16:23:12,985 [Listener at 127.0.0.1/42281] INFO  ha.SCMContext (SCMContext.java:updateLeaderAndTerm(90)) - update <isLeader,term> from <true,2> to <false,0>
2021-12-08 16:23:12,985 [Listener at 127.0.0.1/42281] INFO  ha.SCMContext (SCMContext.java:updateLeaderAndTerm(97)) - update <isLeaderReady> from <false> to <false>
2021-12-08 16:23:12,987 [Listener at 127.0.0.1/42281] INFO  impl.StateMachineUpdater (StateMachineUpdater.java:stopAndJoin(149)) - a1d7cd84-dd07-406f-a027-06562c9714d9@group-93507A544922-StateMachineUpdater: set stopIndex = 30
2021-12-08 16:23:12,988 [a1d7cd84-dd07-406f-a027-06562c9714d9@group-93507A544922-StateMachineUpdater] INFO  ha.SCMStateMachine (SCMStateMachine.java:takeSnapshot(297)) - Current Snapshot Index 30, takeSnapshot took 0 ms
2021-12-08 16:23:12,988 [a1d7cd84-dd07-406f-a027-06562c9714d9@group-93507A544922-StateMachineUpdater] INFO  impl.StateMachineUpdater (StateMachineUpdater.java:takeSnapshot(281)) - a1d7cd84-dd07-406f-a027-06562c9714d9@group-93507A544922-StateMachineUpdater: Took a snapshot at index 30
2021-12-08 16:23:12,988 [a1d7cd84-dd07-406f-a027-06562c9714d9@group-93507A544922-StateMachineUpdater] INFO  impl.StateMachineUpdater (StateMachineUpdater.java:lambda$new$0(89)) - a1d7cd84-dd07-406f-a027-06562c9714d9@group-93507A544922-StateMachineUpdater: snapshotIndex: updateIncreasingly -1 -> 30
2021-12-08 16:23:12,991 [Listener at 127.0.0.1/42281] INFO  server.RaftServer$Division (ServerState.java:close(419)) - a1d7cd84-dd07-406f-a027-06562c9714d9@group-93507A544922: closes. applyIndex: 30
2021-12-08 16:23:12,991 [a1d7cd84-dd07-406f-a027-06562c9714d9@group-93507A544922-SegmentedRaftLogWorker] INFO  segmented.SegmentedRaftLogWorker (SegmentedRaftLogWorker.java:run(327)) - a1d7cd84-dd07-406f-a027-06562c9714d9@group-93507A544922-SegmentedRaftLogWorker was interrupted, exiting. There are 0 tasks remaining in the queue.
2021-12-08 16:23:12,993 [Listener at 127.0.0.1/42281] INFO  segmented.SegmentedRaftLogWorker (SegmentedRaftLogWorker.java:close(237)) - a1d7cd84-dd07-406f-a027-06562c9714d9@group-93507A544922-SegmentedRaftLogWorker close()
2021-12-08 16:23:12,999 [Listener at 127.0.0.1/42281] INFO  server.GrpcService (GrpcService.java:closeImpl(262)) - a1d7cd84-dd07-406f-a027-06562c9714d9: shutdown server with port 13472 now
2021-12-08 16:23:13,001 [Listener at 127.0.0.1/42281] INFO  server.GrpcService (GrpcService.java:closeImpl(271)) - a1d7cd84-dd07-406f-a027-06562c9714d9: shutdown server with port 13472 successfully
2021-12-08 16:23:13,002 [org.apache.ratis.util.JvmPauseMonitor$$Lambda$430/1691312302@437b0675] INFO  util.JvmPauseMonitor (JvmPauseMonitor.java:run(109)) - JvmPauseMonitor-a1d7cd84-dd07-406f-a027-06562c9714d9: Stopped
2021-12-08 16:23:13,002 [Listener at 127.0.0.1/42281] INFO  pipeline.BackgroundPipelineCreator (BackgroundPipelineCreator.java:stop(158)) - Stopping RatisPipelineUtilsThread.
2021-12-08 16:23:13,002 [Listener at 127.0.0.1/42281] INFO  server.StorageContainerManager (StorageContainerManager.java:stop(1504)) - Stopping SCM MetadataStore.
2021-12-08 16:23:13,003 [Listener at 127.0.0.1/42281] INFO  impl.MetricsSystemImpl (MetricsSystemImpl.java:stop(210)) - Stopping OzoneManager metrics system...
2021-12-08 16:23:13,018 [prometheus] INFO  impl.MetricsSinkAdapter (MetricsSinkAdapter.java:publishMetricsFromQueue(141)) - prometheus thread interrupted.
2021-12-08 16:23:13,018 [Listener at 127.0.0.1/42281] INFO  impl.MetricsSystemImpl (MetricsSystemImpl.java:stop(216)) - OzoneManager metrics system stopped.
2021-12-08 16:23:13,018 [Listener at 127.0.0.1/42281] INFO  ozone.MiniOzoneClusterImpl (MiniOzoneClusterImpl.java:stop(468)) - Stopping the Mini Ozone Cluster
2021-12-08 16:23:13,018 [Listener at 127.0.0.1/42281] INFO  ozone.MiniOzoneClusterImpl (MiniOzoneClusterImpl.java:stopDatanodes(527)) - Stopping the HddsDatanodes
2021-12-08 16:23:13,729 [EndpointStateMachine task thread for /127.0.0.1:15821 - 0 ] INFO  ipc.Client (Client.java:handleConnectionFailure(977)) - Retrying connect to server: localhost/127.0.0.1:15821. Already tried 11 time(s); retry policy is RetryUpToMaximumCountWithFixedSleep(maxRetries=15, sleepTime=1000 MILLISECONDS)
2021-12-08 16:23:14,089 [EndpointStateMachine task thread for /127.0.0.1:13473 - 0 ] INFO  ipc.Client (Client.java:handleConnectionFailure(977)) - Retrying connect to server: localhost/127.0.0.1:13473. Already tried 0 time(s); retry policy is RetryUpToMaximumCountWithFixedSleep(maxRetries=15, sleepTime=1000 MILLISECONDS)
2021-12-08 16:23:14,091 [Datanode State Machine Daemon Thread] ERROR datanode.RunningDatanodeState (RunningDatanodeState.java:computeNextContainerState(199)) - Error in executing end point task.
java.util.concurrent.ExecutionException: java.util.concurrent.TimeoutException
	at java.util.concurrent.FutureTask.report(FutureTask.java:122)
	at java.util.concurrent.FutureTask.get(FutureTask.java:192)
	at org.apache.hadoop.ozone.container.common.states.datanode.RunningDatanodeState.computeNextContainerState(RunningDatanodeState.java:191)
	at org.apache.hadoop.ozone.container.common.states.datanode.RunningDatanodeState.await(RunningDatanodeState.java:231)
	at org.apache.hadoop.ozone.container.common.states.datanode.RunningDatanodeState.await(RunningDatanodeState.java:50)
	at org.apache.hadoop.ozone.container.common.statemachine.StateContext.execute(StateContext.java:633)
	at org.apache.hadoop.ozone.container.common.statemachine.DatanodeStateMachine.start(DatanodeStateMachine.java:280)
	at org.apache.hadoop.ozone.container.common.statemachine.DatanodeStateMachine.lambda$startDaemon$0(DatanodeStateMachine.java:468)
	at java.lang.Thread.run(Thread.java:748)
Caused by: java.util.concurrent.TimeoutException
	at java.util.concurrent.FutureTask.get(FutureTask.java:205)
	at org.apache.hadoop.ozone.container.common.states.datanode.RunningDatanodeState.lambda$execute$0(RunningDatanodeState.java:149)
	at java.util.concurrent.FutureTask.run(FutureTask.java:266)
	at java.util.concurrent.Executors$RunnableAdapter.call(Executors.java:511)
	at java.util.concurrent.FutureTask.run(FutureTask.java:266)
	at java.util.concurrent.ThreadPoolExecutor.runWorker(ThreadPoolExecutor.java:1149)
	at java.util.concurrent.ThreadPoolExecutor$Worker.run(ThreadPoolExecutor.java:624)
	... 1 more
2021-12-08 16:23:14,730 [EndpointStateMachine task thread for /127.0.0.1:15821 - 0 ] INFO  ipc.Client (Client.java:handleConnectionFailure(977)) - Retrying connect to server: localhost/127.0.0.1:15821. Already tried 12 time(s); retry policy is RetryUpToMaximumCountWithFixedSleep(maxRetries=15, sleepTime=1000 MILLISECONDS)
2021-12-08 16:23:14,948 [d711cf8e-9345-4010-b204-37d4bd542fc0@group-AEFA5F9DF58D-FollowerState] INFO  impl.FollowerState (FollowerState.java:run(134)) - d711cf8e-9345-4010-b204-37d4bd542fc0@group-AEFA5F9DF58D-FollowerState: change to CANDIDATE, lastRpcElapsedTime:5055541649ns, electionTimeout:5055ms
2021-12-08 16:23:14,948 [d711cf8e-9345-4010-b204-37d4bd542fc0@group-AEFA5F9DF58D-FollowerState] INFO  impl.RoleInfo (RoleInfo.java:shutdownFollowerState(108)) - d711cf8e-9345-4010-b204-37d4bd542fc0: shutdown d711cf8e-9345-4010-b204-37d4bd542fc0@group-AEFA5F9DF58D-FollowerState
2021-12-08 16:23:14,948 [d711cf8e-9345-4010-b204-37d4bd542fc0@group-AEFA5F9DF58D-FollowerState] INFO  server.RaftServer$Division (RaftServerImpl.java:setRole(290)) - d711cf8e-9345-4010-b204-37d4bd542fc0@group-AEFA5F9DF58D: changes role from  FOLLOWER to CANDIDATE at term 3 for changeToCandidate
2021-12-08 16:23:14,948 [d711cf8e-9345-4010-b204-37d4bd542fc0@group-AEFA5F9DF58D-FollowerState] INFO  server.RaftServerConfigKeys (ConfUtils.java:logGet(44)) - raft.server.leaderelection.pre-vote = false (custom)
2021-12-08 16:23:14,948 [d711cf8e-9345-4010-b204-37d4bd542fc0@group-AEFA5F9DF58D-FollowerState] INFO  impl.RoleInfo (RoleInfo.java:updateAndGet(130)) - d711cf8e-9345-4010-b204-37d4bd542fc0: start d711cf8e-9345-4010-b204-37d4bd542fc0@group-AEFA5F9DF58D-LeaderElection36
2021-12-08 16:23:14,965 [d711cf8e-9345-4010-b204-37d4bd542fc0@group-AEFA5F9DF58D-LeaderElection36] INFO  impl.LeaderElection (LeaderElection.java:askForVotes(306)) - d711cf8e-9345-4010-b204-37d4bd542fc0@group-AEFA5F9DF58D-LeaderElection36 ELECTION round 0: submit vote requests at term 4 for -1: [d711cf8e-9345-4010-b204-37d4bd542fc0|rpc:127.0.0.1:34071|priority:0, f2502c96-9954-480b-931a-1e321ebf221a|rpc:127.0.0.1:40135|priority:0, 21742dd4-f00f-4901-aa0f-47c4214f17a6|rpc:127.0.0.1:43053|priority:1], old=null
2021-12-08 16:23:14,978 [grpc-default-executor-2] INFO  server.RaftServer$Division (RaftServerImpl.java:requestVote(1046)) - f2502c96-9954-480b-931a-1e321ebf221a@group-AEFA5F9DF58D: receive requestVote(ELECTION, d711cf8e-9345-4010-b204-37d4bd542fc0, group-AEFA5F9DF58D, 4, (t:0, i:0))
2021-12-08 16:23:14,978 [grpc-default-executor-2] INFO  impl.VoteContext (VoteContext.java:log(48)) - f2502c96-9954-480b-931a-1e321ebf221a@group-AEFA5F9DF58D-FOLLOWER: accept ELECTION from d711cf8e-9345-4010-b204-37d4bd542fc0: our priority 0 <= candidate's priority 0
2021-12-08 16:23:14,978 [grpc-default-executor-2] INFO  server.RaftServer$Division (RaftServerImpl.java:setRole(290)) - f2502c96-9954-480b-931a-1e321ebf221a@group-AEFA5F9DF58D: changes role from  FOLLOWER to FOLLOWER at term 4 for candidate:d711cf8e-9345-4010-b204-37d4bd542fc0
2021-12-08 16:23:14,978 [grpc-default-executor-2] INFO  impl.RoleInfo (RoleInfo.java:shutdownFollowerState(108)) - f2502c96-9954-480b-931a-1e321ebf221a: shutdown f2502c96-9954-480b-931a-1e321ebf221a@group-AEFA5F9DF58D-FollowerState
2021-12-08 16:23:14,978 [grpc-default-executor-2] INFO  impl.RoleInfo (RoleInfo.java:updateAndGet(130)) - f2502c96-9954-480b-931a-1e321ebf221a: start f2502c96-9954-480b-931a-1e321ebf221a@group-AEFA5F9DF58D-FollowerState
2021-12-08 16:23:14,978 [f2502c96-9954-480b-931a-1e321ebf221a@group-AEFA5F9DF58D-FollowerState] INFO  impl.FollowerState (FollowerState.java:run(143)) - f2502c96-9954-480b-931a-1e321ebf221a@group-AEFA5F9DF58D-FollowerState was interrupted: {}
java.lang.InterruptedException: sleep interrupted
	at java.lang.Thread.sleep(Native Method)
	at java.lang.Thread.sleep(Thread.java:340)
	at java.util.concurrent.TimeUnit.sleep(TimeUnit.java:386)
	at org.apache.ratis.util.TimeDuration.sleep(TimeDuration.java:324)
	at org.apache.ratis.util.TimeDuration.sleep(TimeDuration.java:309)
	at org.apache.ratis.server.impl.FollowerState.run(FollowerState.java:118)
2021-12-08 16:23:14,979 [grpc-default-executor-1] INFO  server.RaftServer$Division (RaftServerImpl.java:requestVote(1046)) - 21742dd4-f00f-4901-aa0f-47c4214f17a6@group-AEFA5F9DF58D: receive requestVote(ELECTION, d711cf8e-9345-4010-b204-37d4bd542fc0, group-AEFA5F9DF58D, 4, (t:0, i:0))
2021-12-08 16:23:14,979 [grpc-default-executor-1] INFO  impl.VoteContext (VoteContext.java:log(48)) - 21742dd4-f00f-4901-aa0f-47c4214f17a6@group-AEFA5F9DF58D-FOLLOWER: reject ELECTION from d711cf8e-9345-4010-b204-37d4bd542fc0: our priority 1 > candidate's priority 0
2021-12-08 16:23:14,979 [grpc-default-executor-1] INFO  server.RaftServer$Division (RaftServerImpl.java:setRole(290)) - 21742dd4-f00f-4901-aa0f-47c4214f17a6@group-AEFA5F9DF58D: changes role from  FOLLOWER to FOLLOWER at term 4 for candidate:d711cf8e-9345-4010-b204-37d4bd542fc0
2021-12-08 16:23:14,979 [grpc-default-executor-1] INFO  impl.RoleInfo (RoleInfo.java:shutdownFollowerState(108)) - 21742dd4-f00f-4901-aa0f-47c4214f17a6: shutdown 21742dd4-f00f-4901-aa0f-47c4214f17a6@group-AEFA5F9DF58D-FollowerState
2021-12-08 16:23:14,987 [grpc-default-executor-2] INFO  server.RaftServer$Division (RaftServerImpl.java:requestVote(1078)) - f2502c96-9954-480b-931a-1e321ebf221a@group-AEFA5F9DF58D replies to ELECTION vote request: d711cf8e-9345-4010-b204-37d4bd542fc0<-f2502c96-9954-480b-931a-1e321ebf221a#0:OK-t4. Peer's state: f2502c96-9954-480b-931a-1e321ebf221a@group-AEFA5F9DF58D:t4, leader=null, voted=d711cf8e-9345-4010-b204-37d4bd542fc0, raftlog=f2502c96-9954-480b-931a-1e321ebf221a@group-AEFA5F9DF58D-SegmentedRaftLog:OPENED:c-1, conf=-1: [d711cf8e-9345-4010-b204-37d4bd542fc0|rpc:127.0.0.1:34071|priority:0, f2502c96-9954-480b-931a-1e321ebf221a|rpc:127.0.0.1:40135|priority:0, 21742dd4-f00f-4901-aa0f-47c4214f17a6|rpc:127.0.0.1:43053|priority:1], old=null
2021-12-08 16:23:14,987 [21742dd4-f00f-4901-aa0f-47c4214f17a6@group-AEFA5F9DF58D-FollowerState] INFO  impl.FollowerState (FollowerState.java:run(143)) - 21742dd4-f00f-4901-aa0f-47c4214f17a6@group-AEFA5F9DF58D-FollowerState was interrupted: {}
java.lang.InterruptedException: sleep interrupted
	at java.lang.Thread.sleep(Native Method)
	at java.lang.Thread.sleep(Thread.java:340)
	at java.util.concurrent.TimeUnit.sleep(TimeUnit.java:386)
	at org.apache.ratis.util.TimeDuration.sleep(TimeDuration.java:324)
	at org.apache.ratis.util.TimeDuration.sleep(TimeDuration.java:309)
	at org.apache.ratis.server.impl.FollowerState.run(FollowerState.java:118)
2021-12-08 16:23:14,987 [grpc-default-executor-1] INFO  impl.RoleInfo (RoleInfo.java:updateAndGet(130)) - 21742dd4-f00f-4901-aa0f-47c4214f17a6: start 21742dd4-f00f-4901-aa0f-47c4214f17a6@group-AEFA5F9DF58D-FollowerState
2021-12-08 16:23:14,994 [grpc-default-executor-1] INFO  server.RaftServer$Division (RaftServerImpl.java:requestVote(1078)) - 21742dd4-f00f-4901-aa0f-47c4214f17a6@group-AEFA5F9DF58D replies to ELECTION vote request: d711cf8e-9345-4010-b204-37d4bd542fc0<-21742dd4-f00f-4901-aa0f-47c4214f17a6#0:FAIL-t4. Peer's state: 21742dd4-f00f-4901-aa0f-47c4214f17a6@group-AEFA5F9DF58D:t4, leader=null, voted=null, raftlog=21742dd4-f00f-4901-aa0f-47c4214f17a6@group-AEFA5F9DF58D-SegmentedRaftLog:OPENED:c-1, conf=-1: [d711cf8e-9345-4010-b204-37d4bd542fc0|rpc:127.0.0.1:34071|dataStream:|priority:0, f2502c96-9954-480b-931a-1e321ebf221a|rpc:127.0.0.1:40135|dataStream:|priority:0, 21742dd4-f00f-4901-aa0f-47c4214f17a6|rpc:127.0.0.1:43053|dataStream:|priority:1], old=null
2021-12-08 16:23:14,996 [d711cf8e-9345-4010-b204-37d4bd542fc0@group-AEFA5F9DF58D-LeaderElection36] INFO  impl.LeaderElection (LeaderElection.java:logAndReturn(89)) - d711cf8e-9345-4010-b204-37d4bd542fc0@group-AEFA5F9DF58D-LeaderElection36: ELECTION REJECTED received 2 response(s) and 0 exception(s):
2021-12-08 16:23:14,996 [d711cf8e-9345-4010-b204-37d4bd542fc0@group-AEFA5F9DF58D-LeaderElection36] INFO  impl.LeaderElection (LeaderElection.java:logAndReturn(93)) -   Response 0: d711cf8e-9345-4010-b204-37d4bd542fc0<-f2502c96-9954-480b-931a-1e321ebf221a#0:OK-t4
2021-12-08 16:23:14,996 [d711cf8e-9345-4010-b204-37d4bd542fc0@group-AEFA5F9DF58D-LeaderElection36] INFO  impl.LeaderElection (LeaderElection.java:logAndReturn(93)) -   Response 1: d711cf8e-9345-4010-b204-37d4bd542fc0<-21742dd4-f00f-4901-aa0f-47c4214f17a6#0:FAIL-t4
2021-12-08 16:23:14,996 [d711cf8e-9345-4010-b204-37d4bd542fc0@group-AEFA5F9DF58D-LeaderElection36] INFO  impl.LeaderElection (LeaderElection.java:askForVotes(308)) - d711cf8e-9345-4010-b204-37d4bd542fc0@group-AEFA5F9DF58D-LeaderElection36 ELECTION round 0: result REJECTED
2021-12-08 16:23:14,996 [d711cf8e-9345-4010-b204-37d4bd542fc0@group-AEFA5F9DF58D-LeaderElection36] INFO  server.RaftServer$Division (RaftServerImpl.java:setRole(290)) - d711cf8e-9345-4010-b204-37d4bd542fc0@group-AEFA5F9DF58D: changes role from CANDIDATE to FOLLOWER at term 4 for REJECTED
2021-12-08 16:23:14,996 [d711cf8e-9345-4010-b204-37d4bd542fc0@group-AEFA5F9DF58D-LeaderElection36] INFO  impl.RoleInfo (RoleInfo.java:shutdownLeaderElection(121)) - d711cf8e-9345-4010-b204-37d4bd542fc0: shutdown d711cf8e-9345-4010-b204-37d4bd542fc0@group-AEFA5F9DF58D-LeaderElection36
2021-12-08 16:23:14,996 [d711cf8e-9345-4010-b204-37d4bd542fc0@group-AEFA5F9DF58D-LeaderElection36] INFO  impl.RoleInfo (RoleInfo.java:updateAndGet(130)) - d711cf8e-9345-4010-b204-37d4bd542fc0: start d711cf8e-9345-4010-b204-37d4bd542fc0@group-AEFA5F9DF58D-FollowerState
2021-12-08 16:23:15,090 [EndpointStateMachine task thread for /127.0.0.1:13473 - 0 ] INFO  ipc.Client (Client.java:handleConnectionFailure(977)) - Retrying connect to server: localhost/127.0.0.1:13473. Already tried 1 time(s); retry policy is RetryUpToMaximumCountWithFixedSleep(maxRetries=15, sleepTime=1000 MILLISECONDS)
2021-12-08 16:23:15,731 [EndpointStateMachine task thread for /127.0.0.1:15821 - 0 ] INFO  ipc.Client (Client.java:handleConnectionFailure(977)) - Retrying connect to server: localhost/127.0.0.1:15821. Already tried 13 time(s); retry policy is RetryUpToMaximumCountWithFixedSleep(maxRetries=15, sleepTime=1000 MILLISECONDS)
2021-12-08 16:23:16,091 [EndpointStateMachine task thread for /127.0.0.1:13473 - 0 ] INFO  ipc.Client (Client.java:handleConnectionFailure(977)) - Retrying connect to server: localhost/127.0.0.1:13473. Already tried 2 time(s); retry policy is RetryUpToMaximumCountWithFixedSleep(maxRetries=15, sleepTime=1000 MILLISECONDS)
2021-12-08 16:23:16,731 [EndpointStateMachine task thread for /127.0.0.1:15821 - 0 ] INFO  ipc.Client (Client.java:handleConnectionFailure(977)) - Retrying connect to server: localhost/127.0.0.1:15821. Already tried 14 time(s); retry policy is RetryUpToMaximumCountWithFixedSleep(maxRetries=15, sleepTime=1000 MILLISECONDS)
2021-12-08 16:23:17,091 [EndpointStateMachine task thread for /127.0.0.1:13473 - 0 ] INFO  ipc.Client (Client.java:handleConnectionFailure(977)) - Retrying connect to server: localhost/127.0.0.1:13473. Already tried 3 time(s); retry policy is RetryUpToMaximumCountWithFixedSleep(maxRetries=15, sleepTime=1000 MILLISECONDS)
2021-12-08 16:23:17,733 [EndpointStateMachine task thread for /127.0.0.1:15821 - 0 ] INFO  ipc.Client (Client.java:handleConnectionFailure(977)) - Retrying connect to server: localhost/127.0.0.1:15821. Already tried 0 time(s); retry policy is RetryUpToMaximumCountWithFixedSleep(maxRetries=15, sleepTime=1000 MILLISECONDS)
2021-12-08 16:23:18,019 [ForkJoinPool.commonPool-worker-1] INFO  ozoneimpl.OzoneContainer (OzoneContainer.java:stop(325)) - Attempting to stop container services.
2021-12-08 16:23:18,019 [Listener at 127.0.0.1/42281] INFO  ozoneimpl.OzoneContainer (OzoneContainer.java:stop(325)) - Attempting to stop container services.
2021-12-08 16:23:18,021 [ForkJoinPool.commonPool-worker-1] INFO  server.RaftServer (RaftServerProxy.java:lambda$close$6(391)) - d711cf8e-9345-4010-b204-37d4bd542fc0: close
2021-12-08 16:23:18,021 [ForkJoinPool.commonPool-worker-1] INFO  server.RaftServer$Division (RaftServerImpl.java:lambda$close$4(412)) - d711cf8e-9345-4010-b204-37d4bd542fc0@group-96755A256AD4: shutdown
2021-12-08 16:23:18,021 [ForkJoinPool.commonPool-worker-1] INFO  util.JmxRegister (JmxRegister.java:unregister(73)) - Successfully un-registered JMX Bean with object name Ratis:service=RaftServer,group=group-96755A256AD4,id=d711cf8e-9345-4010-b204-37d4bd542fc0
2021-12-08 16:23:18,021 [ForkJoinPool.commonPool-worker-1] INFO  impl.RoleInfo (RoleInfo.java:shutdownLeaderState(91)) - d711cf8e-9345-4010-b204-37d4bd542fc0: shutdown d711cf8e-9345-4010-b204-37d4bd542fc0@group-96755A256AD4-LeaderStateImpl
2021-12-08 16:23:18,021 [ForkJoinPool.commonPool-worker-1] INFO  impl.PendingRequests (PendingRequests.java:sendNotLeaderResponses(282)) - d711cf8e-9345-4010-b204-37d4bd542fc0@group-96755A256AD4-PendingRequests: sendNotLeaderResponses
2021-12-08 16:23:18,022 [ForkJoinPool.commonPool-worker-1] INFO  impl.StateMachineUpdater (StateMachineUpdater.java:stopAndJoin(149)) - d711cf8e-9345-4010-b204-37d4bd542fc0@group-96755A256AD4-StateMachineUpdater: set stopIndex = 0
2021-12-08 16:23:18,022 [d711cf8e-9345-4010-b204-37d4bd542fc0@group-96755A256AD4-StateMachineUpdater] INFO  ratis.ContainerStateMachine (ContainerStateMachine.java:takeSnapshot(299)) - group-96755A256AD4: Taking a snapshot at:(t:1, i:0) file /home/runner/work/ozone/ozone/hadoop-ozone/integration-test/target/test-dir/MiniOzoneClusterImpl-871b6dc8-7d19-4806-8910-93507a544922/datanode-0/data/ratis/0e07491a-228c-4bd1-b1e3-96755a256ad4/sm/snapshot.1_0
2021-12-08 16:23:18,022 [Listener at 127.0.0.1/42281] INFO  server.RaftServer (RaftServerProxy.java:lambda$close$6(391)) - f2502c96-9954-480b-931a-1e321ebf221a: close
2021-12-08 16:23:18,022 [Listener at 127.0.0.1/42281] INFO  server.RaftServer$Division (RaftServerImpl.java:lambda$close$4(412)) - f2502c96-9954-480b-931a-1e321ebf221a@group-46DB46A971F0: shutdown
2021-12-08 16:23:18,023 [Listener at 127.0.0.1/42281] INFO  util.JmxRegister (JmxRegister.java:unregister(73)) - Successfully un-registered JMX Bean with object name Ratis:service=RaftServer,group=group-46DB46A971F0,id=f2502c96-9954-480b-931a-1e321ebf221a
2021-12-08 16:23:18,023 [Listener at 127.0.0.1/42281] INFO  impl.RoleInfo (RoleInfo.java:shutdownLeaderState(91)) - f2502c96-9954-480b-931a-1e321ebf221a: shutdown f2502c96-9954-480b-931a-1e321ebf221a@group-46DB46A971F0-LeaderStateImpl
2021-12-08 16:23:18,023 [Listener at 127.0.0.1/42281] INFO  impl.PendingRequests (PendingRequests.java:sendNotLeaderResponses(282)) - f2502c96-9954-480b-931a-1e321ebf221a@group-46DB46A971F0-PendingRequests: sendNotLeaderResponses
2021-12-08 16:23:18,024 [Listener at 127.0.0.1/42281] INFO  impl.StateMachineUpdater (StateMachineUpdater.java:stopAndJoin(149)) - f2502c96-9954-480b-931a-1e321ebf221a@group-46DB46A971F0-StateMachineUpdater: set stopIndex = 0
2021-12-08 16:23:18,024 [f2502c96-9954-480b-931a-1e321ebf221a@group-46DB46A971F0-StateMachineUpdater] INFO  ratis.ContainerStateMachine (ContainerStateMachine.java:takeSnapshot(299)) - group-46DB46A971F0: Taking a snapshot at:(t:3, i:0) file /home/runner/work/ozone/ozone/hadoop-ozone/integration-test/target/test-dir/MiniOzoneClusterImpl-871b6dc8-7d19-4806-8910-93507a544922/datanode-1/data/ratis/96802253-8d0b-4ccf-bb32-46db46a971f0/sm/snapshot.3_0
2021-12-08 16:23:18,024 [grpc-default-executor-1] INFO  server.GrpcServerProtocolService (GrpcServerProtocolService.java:onCompleted(140)) - 21742dd4-f00f-4901-aa0f-47c4214f17a6: Completed APPEND_ENTRIES, lastRequest: f2502c96-9954-480b-931a-1e321ebf221a->21742dd4-f00f-4901-aa0f-47c4214f17a6#1-t3,previous=(t:0, i:0),leaderCommit=-1,initializing? true,entries: size=1, first=(t:3, i:0), CONFIGURATIONENTRY
2021-12-08 16:23:18,024 [grpc-default-executor-2] INFO  server.GrpcServerProtocolService (GrpcServerProtocolService.java:onCompleted(140)) - d711cf8e-9345-4010-b204-37d4bd542fc0: Completed APPEND_ENTRIES, lastRequest: f2502c96-9954-480b-931a-1e321ebf221a->d711cf8e-9345-4010-b204-37d4bd542fc0#1-t3,previous=(t:0, i:0),leaderCommit=-1,initializing? true,entries: size=1, first=(t:3, i:0), CONFIGURATIONENTRY
2021-12-08 16:23:18,024 [d711cf8e-9345-4010-b204-37d4bd542fc0@group-96755A256AD4-StateMachineUpdater] INFO  ratis.ContainerStateMachine (ContainerStateMachine.java:takeSnapshot(310)) - group-96755A256AD4: Finished taking a snapshot at:(t:1, i:0) file:/home/runner/work/ozone/ozone/hadoop-ozone/integration-test/target/test-dir/MiniOzoneClusterImpl-871b6dc8-7d19-4806-8910-93507a544922/datanode-0/data/ratis/0e07491a-228c-4bd1-b1e3-96755a256ad4/sm/snapshot.1_0 took: 2 ms
2021-12-08 16:23:18,024 [d711cf8e-9345-4010-b204-37d4bd542fc0@group-96755A256AD4-StateMachineUpdater] INFO  impl.StateMachineUpdater (StateMachineUpdater.java:takeSnapshot(281)) - d711cf8e-9345-4010-b204-37d4bd542fc0@group-96755A256AD4-StateMachineUpdater: Took a snapshot at index 0
2021-12-08 16:23:18,024 [f2502c96-9954-480b-931a-1e321ebf221a@group-46DB46A971F0-StateMachineUpdater] INFO  ratis.ContainerStateMachine (ContainerStateMachine.java:takeSnapshot(310)) - group-46DB46A971F0: Finished taking a snapshot at:(t:3, i:0) file:/home/runner/work/ozone/ozone/hadoop-ozone/integration-test/target/test-dir/MiniOzoneClusterImpl-871b6dc8-7d19-4806-8910-93507a544922/datanode-1/data/ratis/96802253-8d0b-4ccf-bb32-46db46a971f0/sm/snapshot.3_0 took: 1 ms
2021-12-08 16:23:18,025 [f2502c96-9954-480b-931a-1e321ebf221a@group-46DB46A971F0-StateMachineUpdater] INFO  impl.StateMachineUpdater (StateMachineUpdater.java:takeSnapshot(281)) - f2502c96-9954-480b-931a-1e321ebf221a@group-46DB46A971F0-StateMachineUpdater: Took a snapshot at index 0
2021-12-08 16:23:18,025 [f2502c96-9954-480b-931a-1e321ebf221a@group-46DB46A971F0-StateMachineUpdater] INFO  impl.StateMachineUpdater (StateMachineUpdater.java:lambda$new$0(89)) - f2502c96-9954-480b-931a-1e321ebf221a@group-46DB46A971F0-StateMachineUpdater: snapshotIndex: updateIncreasingly -1 -> 0
2021-12-08 16:23:18,024 [d711cf8e-9345-4010-b204-37d4bd542fc0@group-96755A256AD4-StateMachineUpdater] INFO  impl.StateMachineUpdater (StateMachineUpdater.java:lambda$new$0(89)) - d711cf8e-9345-4010-b204-37d4bd542fc0@group-96755A256AD4-StateMachineUpdater: snapshotIndex: updateIncreasingly -1 -> 0
2021-12-08 16:23:18,026 [Listener at 127.0.0.1/42281] INFO  server.RaftServer$Division (ServerState.java:close(419)) - f2502c96-9954-480b-931a-1e321ebf221a@group-46DB46A971F0: closes. applyIndex: 0
2021-12-08 16:23:18,027 [f2502c96-9954-480b-931a-1e321ebf221a@group-46DB46A971F0-SegmentedRaftLogWorker] INFO  segmented.SegmentedRaftLogWorker (SegmentedRaftLogWorker.java:run(327)) - f2502c96-9954-480b-931a-1e321ebf221a@group-46DB46A971F0-SegmentedRaftLogWorker was interrupted, exiting. There are 0 tasks remaining in the queue.
2021-12-08 16:23:18,027 [ForkJoinPool.commonPool-worker-1] INFO  server.RaftServer$Division (ServerState.java:close(419)) - d711cf8e-9345-4010-b204-37d4bd542fc0@group-96755A256AD4: closes. applyIndex: 0
2021-12-08 16:23:18,027 [d711cf8e-9345-4010-b204-37d4bd542fc0@group-96755A256AD4-SegmentedRaftLogWorker] INFO  segmented.SegmentedRaftLogWorker (SegmentedRaftLogWorker.java:run(327)) - d711cf8e-9345-4010-b204-37d4bd542fc0@group-96755A256AD4-SegmentedRaftLogWorker was interrupted, exiting. There are 0 tasks remaining in the queue.
2021-12-08 16:23:18,028 [Listener at 127.0.0.1/42281] INFO  segmented.SegmentedRaftLogWorker (SegmentedRaftLogWorker.java:close(237)) - f2502c96-9954-480b-931a-1e321ebf221a@group-46DB46A971F0-SegmentedRaftLogWorker close()
2021-12-08 16:23:18,028 [ForkJoinPool.commonPool-worker-1] INFO  segmented.SegmentedRaftLogWorker (SegmentedRaftLogWorker.java:close(237)) - d711cf8e-9345-4010-b204-37d4bd542fc0@group-96755A256AD4-SegmentedRaftLogWorker close()
2021-12-08 16:23:18,029 [ForkJoinPool.commonPool-worker-1] INFO  server.RaftServer$Division (RaftServerImpl.java:lambda$close$4(412)) - d711cf8e-9345-4010-b204-37d4bd542fc0@group-46DB46A971F0: shutdown
2021-12-08 16:23:18,029 [Listener at 127.0.0.1/42281] INFO  server.RaftServer$Division (RaftServerImpl.java:lambda$close$4(412)) - f2502c96-9954-480b-931a-1e321ebf221a@group-E9F20A775357: shutdown
2021-12-08 16:23:18,029 [Listener at 127.0.0.1/42281] INFO  util.JmxRegister (JmxRegister.java:unregister(73)) - Successfully un-registered JMX Bean with object name Ratis:service=RaftServer,group=group-E9F20A775357,id=f2502c96-9954-480b-931a-1e321ebf221a
2021-12-08 16:23:18,029 [Listener at 127.0.0.1/42281] INFO  impl.RoleInfo (RoleInfo.java:shutdownLeaderState(91)) - f2502c96-9954-480b-931a-1e321ebf221a: shutdown f2502c96-9954-480b-931a-1e321ebf221a@group-E9F20A775357-LeaderStateImpl
2021-12-08 16:23:18,029 [ForkJoinPool.commonPool-worker-1] INFO  util.JmxRegister (JmxRegister.java:unregister(73)) - Successfully un-registered JMX Bean with object name Ratis:service=RaftServer,group=group-46DB46A971F0,id=d711cf8e-9345-4010-b204-37d4bd542fc0
2021-12-08 16:23:18,029 [Listener at 127.0.0.1/42281] INFO  impl.PendingRequests (PendingRequests.java:sendNotLeaderResponses(282)) - f2502c96-9954-480b-931a-1e321ebf221a@group-E9F20A775357-PendingRequests: sendNotLeaderResponses
2021-12-08 16:23:18,029 [ForkJoinPool.commonPool-worker-1] INFO  impl.RoleInfo (RoleInfo.java:shutdownFollowerState(108)) - d711cf8e-9345-4010-b204-37d4bd542fc0: shutdown d711cf8e-9345-4010-b204-37d4bd542fc0@group-46DB46A971F0-FollowerState
2021-12-08 16:23:18,030 [ForkJoinPool.commonPool-worker-1] INFO  impl.StateMachineUpdater (StateMachineUpdater.java:stopAndJoin(149)) - d711cf8e-9345-4010-b204-37d4bd542fc0@group-46DB46A971F0-StateMachineUpdater: set stopIndex = 0
2021-12-08 16:23:18,030 [d711cf8e-9345-4010-b204-37d4bd542fc0@group-46DB46A971F0-FollowerState] INFO  impl.FollowerState (FollowerState.java:run(143)) - d711cf8e-9345-4010-b204-37d4bd542fc0@group-46DB46A971F0-FollowerState was interrupted: {}
java.lang.InterruptedException: sleep interrupted
	at java.lang.Thread.sleep(Native Method)
	at java.lang.Thread.sleep(Thread.java:340)
	at java.util.concurrent.TimeUnit.sleep(TimeUnit.java:386)
	at org.apache.ratis.util.TimeDuration.sleep(TimeDuration.java:324)
	at org.apache.ratis.util.TimeDuration.sleep(TimeDuration.java:309)
	at org.apache.ratis.server.impl.FollowerState.run(FollowerState.java:118)
2021-12-08 16:23:18,030 [d711cf8e-9345-4010-b204-37d4bd542fc0@group-46DB46A971F0-StateMachineUpdater] INFO  ratis.ContainerStateMachine (ContainerStateMachine.java:takeSnapshot(299)) - group-46DB46A971F0: Taking a snapshot at:(t:3, i:0) file /home/runner/work/ozone/ozone/hadoop-ozone/integration-test/target/test-dir/MiniOzoneClusterImpl-871b6dc8-7d19-4806-8910-93507a544922/datanode-0/data/ratis/96802253-8d0b-4ccf-bb32-46db46a971f0/sm/snapshot.3_0
2021-12-08 16:23:18,030 [f2502c96-9954-480b-931a-1e321ebf221a@group-E9F20A775357-StateMachineUpdater] INFO  ratis.ContainerStateMachine (ContainerStateMachine.java:takeSnapshot(299)) - group-E9F20A775357: Taking a snapshot at:(t:1, i:0) file /home/runner/work/ozone/ozone/hadoop-ozone/integration-test/target/test-dir/MiniOzoneClusterImpl-871b6dc8-7d19-4806-8910-93507a544922/datanode-1/data/ratis/85f685ce-e9a2-414a-a4a8-e9f20a775357/sm/snapshot.1_0
2021-12-08 16:23:18,035 [Listener at 127.0.0.1/42281] INFO  impl.StateMachineUpdater (StateMachineUpdater.java:stopAndJoin(149)) - f2502c96-9954-480b-931a-1e321ebf221a@group-E9F20A775357-StateMachineUpdater: set stopIndex = 0
2021-12-08 16:23:18,031 [d711cf8e-9345-4010-b204-37d4bd542fc0@group-46DB46A971F0-StateMachineUpdater] INFO  ratis.ContainerStateMachine (ContainerStateMachine.java:takeSnapshot(310)) - group-46DB46A971F0: Finished taking a snapshot at:(t:3, i:0) file:/home/runner/work/ozone/ozone/hadoop-ozone/integration-test/target/test-dir/MiniOzoneClusterImpl-871b6dc8-7d19-4806-8910-93507a544922/datanode-0/data/ratis/96802253-8d0b-4ccf-bb32-46db46a971f0/sm/snapshot.3_0 took: 1 ms
2021-12-08 16:23:18,035 [d711cf8e-9345-4010-b204-37d4bd542fc0@group-46DB46A971F0-StateMachineUpdater] INFO  impl.StateMachineUpdater (StateMachineUpdater.java:takeSnapshot(281)) - d711cf8e-9345-4010-b204-37d4bd542fc0@group-46DB46A971F0-StateMachineUpdater: Took a snapshot at index 0
2021-12-08 16:23:18,035 [d711cf8e-9345-4010-b204-37d4bd542fc0@group-46DB46A971F0-StateMachineUpdater] INFO  impl.StateMachineUpdater (StateMachineUpdater.java:lambda$new$0(89)) - d711cf8e-9345-4010-b204-37d4bd542fc0@group-46DB46A971F0-StateMachineUpdater: snapshotIndex: updateIncreasingly -1 -> 0
2021-12-08 16:23:18,036 [ForkJoinPool.commonPool-worker-1] INFO  server.RaftServer$Division (ServerState.java:close(419)) - d711cf8e-9345-4010-b204-37d4bd542fc0@group-46DB46A971F0: closes. applyIndex: 0
2021-12-08 16:23:18,036 [d711cf8e-9345-4010-b204-37d4bd542fc0@group-46DB46A971F0-SegmentedRaftLogWorker] INFO  segmented.SegmentedRaftLogWorker (SegmentedRaftLogWorker.java:run(327)) - d711cf8e-9345-4010-b204-37d4bd542fc0@group-46DB46A971F0-SegmentedRaftLogWorker was interrupted, exiting. There are 0 tasks remaining in the queue.
2021-12-08 16:23:18,036 [f2502c96-9954-480b-931a-1e321ebf221a@group-E9F20A775357-StateMachineUpdater] INFO  ratis.ContainerStateMachine (ContainerStateMachine.java:takeSnapshot(310)) - group-E9F20A775357: Finished taking a snapshot at:(t:1, i:0) file:/home/runner/work/ozone/ozone/hadoop-ozone/integration-test/target/test-dir/MiniOzoneClusterImpl-871b6dc8-7d19-4806-8910-93507a544922/datanode-1/data/ratis/85f685ce-e9a2-414a-a4a8-e9f20a775357/sm/snapshot.1_0 took: 5 ms
2021-12-08 16:23:18,036 [f2502c96-9954-480b-931a-1e321ebf221a@group-E9F20A775357-StateMachineUpdater] INFO  impl.StateMachineUpdater (StateMachineUpdater.java:takeSnapshot(281)) - f2502c96-9954-480b-931a-1e321ebf221a@group-E9F20A775357-StateMachineUpdater: Took a snapshot at index 0
2021-12-08 16:23:18,036 [f2502c96-9954-480b-931a-1e321ebf221a@group-E9F20A775357-StateMachineUpdater] INFO  impl.StateMachineUpdater (StateMachineUpdater.java:lambda$new$0(89)) - f2502c96-9954-480b-931a-1e321ebf221a@group-E9F20A775357-StateMachineUpdater: snapshotIndex: updateIncreasingly -1 -> 0
2021-12-08 16:23:18,036 [Listener at 127.0.0.1/42281] INFO  server.RaftServer$Division (ServerState.java:close(419)) - f2502c96-9954-480b-931a-1e321ebf221a@group-E9F20A775357: closes. applyIndex: 0
2021-12-08 16:23:18,039 [f2502c96-9954-480b-931a-1e321ebf221a@group-E9F20A775357-SegmentedRaftLogWorker] INFO  segmented.SegmentedRaftLogWorker (SegmentedRaftLogWorker.java:run(327)) - f2502c96-9954-480b-931a-1e321ebf221a@group-E9F20A775357-SegmentedRaftLogWorker was interrupted, exiting. There are 0 tasks remaining in the queue.
2021-12-08 16:23:18,042 [Listener at 127.0.0.1/42281] INFO  segmented.SegmentedRaftLogWorker (SegmentedRaftLogWorker.java:close(237)) - f2502c96-9954-480b-931a-1e321ebf221a@group-E9F20A775357-SegmentedRaftLogWorker close()
2021-12-08 16:23:18,042 [ForkJoinPool.commonPool-worker-1] INFO  segmented.SegmentedRaftLogWorker (SegmentedRaftLogWorker.java:close(237)) - d711cf8e-9345-4010-b204-37d4bd542fc0@group-46DB46A971F0-SegmentedRaftLogWorker close()
2021-12-08 16:23:18,043 [Listener at 127.0.0.1/42281] INFO  server.RaftServer$Division (RaftServerImpl.java:lambda$close$4(412)) - f2502c96-9954-480b-931a-1e321ebf221a@group-AEFA5F9DF58D: shutdown
2021-12-08 16:23:18,051 [Listener at 127.0.0.1/42281] INFO  util.JmxRegister (JmxRegister.java:unregister(73)) - Successfully un-registered JMX Bean with object name Ratis:service=RaftServer,group=group-AEFA5F9DF58D,id=f2502c96-9954-480b-931a-1e321ebf221a
2021-12-08 16:23:18,051 [Listener at 127.0.0.1/42281] INFO  impl.RoleInfo (RoleInfo.java:shutdownFollowerState(108)) - f2502c96-9954-480b-931a-1e321ebf221a: shutdown f2502c96-9954-480b-931a-1e321ebf221a@group-AEFA5F9DF58D-FollowerState
2021-12-08 16:23:18,051 [Listener at 127.0.0.1/42281] INFO  impl.StateMachineUpdater (StateMachineUpdater.java:stopAndJoin(149)) - f2502c96-9954-480b-931a-1e321ebf221a@group-AEFA5F9DF58D-StateMachineUpdater: set stopIndex = -1
2021-12-08 16:23:18,051 [f2502c96-9954-480b-931a-1e321ebf221a@group-AEFA5F9DF58D-FollowerState] INFO  impl.FollowerState (FollowerState.java:run(143)) - f2502c96-9954-480b-931a-1e321ebf221a@group-AEFA5F9DF58D-FollowerState was interrupted: {}
java.lang.InterruptedException: sleep interrupted
	at java.lang.Thread.sleep(Native Method)
	at java.lang.Thread.sleep(Thread.java:340)
	at java.util.concurrent.TimeUnit.sleep(TimeUnit.java:386)
	at org.apache.ratis.util.TimeDuration.sleep(TimeDuration.java:324)
	at org.apache.ratis.util.TimeDuration.sleep(TimeDuration.java:309)
	at org.apache.ratis.server.impl.FollowerState.run(FollowerState.java:118)
2021-12-08 16:23:18,052 [ForkJoinPool.commonPool-worker-1] INFO  server.RaftServer$Division (RaftServerImpl.java:lambda$close$4(412)) - d711cf8e-9345-4010-b204-37d4bd542fc0@group-AEFA5F9DF58D: shutdown
2021-12-08 16:23:18,052 [Listener at 127.0.0.1/42281] INFO  server.RaftServer$Division (ServerState.java:close(419)) - f2502c96-9954-480b-931a-1e321ebf221a@group-AEFA5F9DF58D: closes. applyIndex: -1
2021-12-08 16:23:18,059 [f2502c96-9954-480b-931a-1e321ebf221a@group-AEFA5F9DF58D-SegmentedRaftLogWorker] INFO  segmented.SegmentedRaftLogWorker (SegmentedRaftLogWorker.java:run(327)) - f2502c96-9954-480b-931a-1e321ebf221a@group-AEFA5F9DF58D-SegmentedRaftLogWorker was interrupted, exiting. There are 0 tasks remaining in the queue.
2021-12-08 16:23:18,059 [Listener at 127.0.0.1/42281] INFO  segmented.SegmentedRaftLogWorker (SegmentedRaftLogWorker.java:close(237)) - f2502c96-9954-480b-931a-1e321ebf221a@group-AEFA5F9DF58D-SegmentedRaftLogWorker close()
2021-12-08 16:23:18,056 [ForkJoinPool.commonPool-worker-1] INFO  util.JmxRegister (JmxRegister.java:unregister(73)) - Successfully un-registered JMX Bean with object name Ratis:service=RaftServer,group=group-AEFA5F9DF58D,id=d711cf8e-9345-4010-b204-37d4bd542fc0
2021-12-08 16:23:18,059 [ForkJoinPool.commonPool-worker-1] INFO  impl.RoleInfo (RoleInfo.java:shutdownFollowerState(108)) - d711cf8e-9345-4010-b204-37d4bd542fc0: shutdown d711cf8e-9345-4010-b204-37d4bd542fc0@group-AEFA5F9DF58D-FollowerState
2021-12-08 16:23:18,059 [ForkJoinPool.commonPool-worker-1] INFO  impl.StateMachineUpdater (StateMachineUpdater.java:stopAndJoin(149)) - d711cf8e-9345-4010-b204-37d4bd542fc0@group-AEFA5F9DF58D-StateMachineUpdater: set stopIndex = -1
2021-12-08 16:23:18,059 [d711cf8e-9345-4010-b204-37d4bd542fc0@group-AEFA5F9DF58D-FollowerState] INFO  impl.FollowerState (FollowerState.java:run(143)) - d711cf8e-9345-4010-b204-37d4bd542fc0@group-AEFA5F9DF58D-FollowerState was interrupted: {}
java.lang.InterruptedException: sleep interrupted
	at java.lang.Thread.sleep(Native Method)
	at java.lang.Thread.sleep(Thread.java:340)
	at java.util.concurrent.TimeUnit.sleep(TimeUnit.java:386)
	at org.apache.ratis.util.TimeDuration.sleep(TimeDuration.java:324)
	at org.apache.ratis.util.TimeDuration.sleep(TimeDuration.java:309)
	at org.apache.ratis.server.impl.FollowerState.run(FollowerState.java:118)
2021-12-08 16:23:18,061 [ForkJoinPool.commonPool-worker-1] INFO  server.RaftServer$Division (ServerState.java:close(419)) - d711cf8e-9345-4010-b204-37d4bd542fc0@group-AEFA5F9DF58D: closes. applyIndex: -1
2021-12-08 16:23:18,061 [d711cf8e-9345-4010-b204-37d4bd542fc0@group-AEFA5F9DF58D-SegmentedRaftLogWorker] INFO  segmented.SegmentedRaftLogWorker (SegmentedRaftLogWorker.java:run(327)) - d711cf8e-9345-4010-b204-37d4bd542fc0@group-AEFA5F9DF58D-SegmentedRaftLogWorker was interrupted, exiting. There are 0 tasks remaining in the queue.
2021-12-08 16:23:18,061 [ForkJoinPool.commonPool-worker-1] INFO  segmented.SegmentedRaftLogWorker (SegmentedRaftLogWorker.java:close(237)) - d711cf8e-9345-4010-b204-37d4bd542fc0@group-AEFA5F9DF58D-SegmentedRaftLogWorker close()
2021-12-08 16:23:18,061 [Listener at 127.0.0.1/42281] INFO  server.GrpcService (GrpcService.java:closeImpl(262)) - f2502c96-9954-480b-931a-1e321ebf221a: shutdown server with port 40135 now
2021-12-08 16:23:18,062 [ForkJoinPool.commonPool-worker-1] INFO  server.GrpcService (GrpcService.java:closeImpl(262)) - d711cf8e-9345-4010-b204-37d4bd542fc0: shutdown server with port 34071 now
2021-12-08 16:23:18,082 [ForkJoinPool.commonPool-worker-1] INFO  server.GrpcService (GrpcService.java:closeImpl(271)) - d711cf8e-9345-4010-b204-37d4bd542fc0: shutdown server with port 34071 successfully
2021-12-08 16:23:18,083 [Listener at 127.0.0.1/42281] INFO  server.GrpcService (GrpcService.java:closeImpl(271)) - f2502c96-9954-480b-931a-1e321ebf221a: shutdown server with port 40135 successfully
2021-12-08 16:23:18,083 [org.apache.ratis.util.JvmPauseMonitor$$Lambda$430/1691312302@7f35857f] INFO  util.JvmPauseMonitor (JvmPauseMonitor.java:run(109)) - JvmPauseMonitor-f2502c96-9954-480b-931a-1e321ebf221a: Stopped
2021-12-08 16:23:18,084 [org.apache.ratis.util.JvmPauseMonitor$$Lambda$430/1691312302@7fef8a1] INFO  util.JvmPauseMonitor (JvmPauseMonitor.java:run(109)) - JvmPauseMonitor-d711cf8e-9345-4010-b204-37d4bd542fc0: Stopped
2021-12-08 16:23:18,092 [EndpointStateMachine task thread for /127.0.0.1:13473 - 0 ] INFO  ipc.Client (Client.java:handleConnectionFailure(977)) - Retrying connect to server: localhost/127.0.0.1:13473. Already tried 4 time(s); retry policy is RetryUpToMaximumCountWithFixedSleep(maxRetries=15, sleepTime=1000 MILLISECONDS)
2021-12-08 16:23:18,734 [EndpointStateMachine task thread for /127.0.0.1:15821 - 0 ] INFO  ipc.Client (Client.java:handleConnectionFailure(977)) - Retrying connect to server: localhost/127.0.0.1:15821. Already tried 1 time(s); retry policy is RetryUpToMaximumCountWithFixedSleep(maxRetries=15, sleepTime=1000 MILLISECONDS)
2021-12-08 16:23:19,092 [EndpointStateMachine task thread for /127.0.0.1:13473 - 0 ] INFO  ipc.Client (Client.java:handleConnectionFailure(977)) - Retrying connect to server: localhost/127.0.0.1:13473. Already tried 5 time(s); retry policy is RetryUpToMaximumCountWithFixedSleep(maxRetries=15, sleepTime=1000 MILLISECONDS)
2021-12-08 16:23:19,734 [EndpointStateMachine task thread for /127.0.0.1:15821 - 0 ] INFO  ipc.Client (Client.java:handleConnectionFailure(977)) - Retrying connect to server: localhost/127.0.0.1:15821. Already tried 2 time(s); retry policy is RetryUpToMaximumCountWithFixedSleep(maxRetries=15, sleepTime=1000 MILLISECONDS)
2021-12-08 16:23:20,093 [EndpointStateMachine task thread for /127.0.0.1:13473 - 0 ] INFO  ipc.Client (Client.java:handleConnectionFailure(977)) - Retrying connect to server: localhost/127.0.0.1:13473. Already tried 6 time(s); retry policy is RetryUpToMaximumCountWithFixedSleep(maxRetries=15, sleepTime=1000 MILLISECONDS)
2021-12-08 16:23:20,094 [21742dd4-f00f-4901-aa0f-47c4214f17a6@group-AEFA5F9DF58D-FollowerState] INFO  impl.FollowerState (FollowerState.java:run(134)) - 21742dd4-f00f-4901-aa0f-47c4214f17a6@group-AEFA5F9DF58D-FollowerState: change to CANDIDATE, lastRpcElapsedTime:5106887396ns, electionTimeout:5089ms
2021-12-08 16:23:20,094 [21742dd4-f00f-4901-aa0f-47c4214f17a6@group-AEFA5F9DF58D-FollowerState] INFO  impl.RoleInfo (RoleInfo.java:shutdownFollowerState(108)) - 21742dd4-f00f-4901-aa0f-47c4214f17a6: shutdown 21742dd4-f00f-4901-aa0f-47c4214f17a6@group-AEFA5F9DF58D-FollowerState
2021-12-08 16:23:20,094 [21742dd4-f00f-4901-aa0f-47c4214f17a6@group-AEFA5F9DF58D-FollowerState] INFO  server.RaftServer$Division (RaftServerImpl.java:setRole(290)) - 21742dd4-f00f-4901-aa0f-47c4214f17a6@group-AEFA5F9DF58D: changes role from  FOLLOWER to CANDIDATE at term 4 for changeToCandidate
2021-12-08 16:23:20,095 [21742dd4-f00f-4901-aa0f-47c4214f17a6@group-AEFA5F9DF58D-FollowerState] INFO  server.RaftServerConfigKeys (ConfUtils.java:logGet(44)) - raft.server.leaderelection.pre-vote = false (custom)
2021-12-08 16:23:20,095 [21742dd4-f00f-4901-aa0f-47c4214f17a6@group-AEFA5F9DF58D-FollowerState] INFO  impl.RoleInfo (RoleInfo.java:updateAndGet(130)) - 21742dd4-f00f-4901-aa0f-47c4214f17a6: start 21742dd4-f00f-4901-aa0f-47c4214f17a6@group-AEFA5F9DF58D-LeaderElection37
2021-12-08 16:23:20,105 [Datanode State Machine Daemon Thread] ERROR datanode.RunningDatanodeState (RunningDatanodeState.java:computeNextContainerState(199)) - Error in executing end point task.
java.util.concurrent.ExecutionException: java.util.concurrent.TimeoutException
	at java.util.concurrent.FutureTask.report(FutureTask.java:122)
	at java.util.concurrent.FutureTask.get(FutureTask.java:192)
	at org.apache.hadoop.ozone.container.common.states.datanode.RunningDatanodeState.computeNextContainerState(RunningDatanodeState.java:191)
	at org.apache.hadoop.ozone.container.common.states.datanode.RunningDatanodeState.await(RunningDatanodeState.java:231)
	at org.apache.hadoop.ozone.container.common.states.datanode.RunningDatanodeState.await(RunningDatanodeState.java:50)
	at org.apache.hadoop.ozone.container.common.statemachine.StateContext.execute(StateContext.java:633)
	at org.apache.hadoop.ozone.container.common.statemachine.DatanodeStateMachine.start(DatanodeStateMachine.java:280)
	at org.apache.hadoop.ozone.container.common.statemachine.DatanodeStateMachine.lambda$startDaemon$0(DatanodeStateMachine.java:468)
	at java.lang.Thread.run(Thread.java:748)
Caused by: java.util.concurrent.TimeoutException
	at java.util.concurrent.FutureTask.get(FutureTask.java:205)
	at org.apache.hadoop.ozone.container.common.states.datanode.RunningDatanodeState.lambda$execute$0(RunningDatanodeState.java:149)
	at java.util.concurrent.FutureTask.run(FutureTask.java:266)
	at java.util.concurrent.Executors$RunnableAdapter.call(Executors.java:511)
	at java.util.concurrent.FutureTask.run(FutureTask.java:266)
	at java.util.concurrent.ThreadPoolExecutor.runWorker(ThreadPoolExecutor.java:1149)
	at java.util.concurrent.ThreadPoolExecutor$Worker.run(ThreadPoolExecutor.java:624)
	... 1 more
2021-12-08 16:23:20,113 [21742dd4-f00f-4901-aa0f-47c4214f17a6@group-AEFA5F9DF58D-LeaderElection37] INFO  impl.LeaderElection (LeaderElection.java:askForVotes(306)) - 21742dd4-f00f-4901-aa0f-47c4214f17a6@group-AEFA5F9DF58D-LeaderElection37 ELECTION round 0: submit vote requests at term 5 for -1: [d711cf8e-9345-4010-b204-37d4bd542fc0|rpc:127.0.0.1:34071|dataStream:|priority:0, f2502c96-9954-480b-931a-1e321ebf221a|rpc:127.0.0.1:40135|dataStream:|priority:0, 21742dd4-f00f-4901-aa0f-47c4214f17a6|rpc:127.0.0.1:43053|dataStream:|priority:1], old=null
2021-12-08 16:23:20,127 [21742dd4-f00f-4901-aa0f-47c4214f17a6@group-AEFA5F9DF58D-LeaderElection37] INFO  impl.LeaderElection (LogUtils.java:infoOrTrace(137)) - 21742dd4-f00f-4901-aa0f-47c4214f17a6@group-AEFA5F9DF58D-LeaderElection37 got exception when requesting votes: java.util.concurrent.ExecutionException: org.apache.ratis.thirdparty.io.grpc.StatusRuntimeException: UNAVAILABLE: io exception
2021-12-08 16:23:20,133 [21742dd4-f00f-4901-aa0f-47c4214f17a6@group-AEFA5F9DF58D-LeaderElection37] INFO  impl.LeaderElection (LogUtils.java:infoOrTrace(137)) - 21742dd4-f00f-4901-aa0f-47c4214f17a6@group-AEFA5F9DF58D-LeaderElection37 got exception when requesting votes: java.util.concurrent.ExecutionException: org.apache.ratis.thirdparty.io.grpc.StatusRuntimeException: UNAVAILABLE: io exception
2021-12-08 16:23:20,133 [21742dd4-f00f-4901-aa0f-47c4214f17a6@group-AEFA5F9DF58D-LeaderElection37] INFO  impl.LeaderElection (LeaderElection.java:logAndReturn(89)) - 21742dd4-f00f-4901-aa0f-47c4214f17a6@group-AEFA5F9DF58D-LeaderElection37: ELECTION REJECTED received 0 response(s) and 2 exception(s):
2021-12-08 16:23:20,133 [21742dd4-f00f-4901-aa0f-47c4214f17a6@group-AEFA5F9DF58D-LeaderElection37] INFO  impl.LeaderElection (LogUtils.java:infoOrTrace(137)) -   Exception 0: java.util.concurrent.ExecutionException: org.apache.ratis.thirdparty.io.grpc.StatusRuntimeException: UNAVAILABLE: io exception
2021-12-08 16:23:20,133 [21742dd4-f00f-4901-aa0f-47c4214f17a6@group-AEFA5F9DF58D-LeaderElection37] INFO  impl.LeaderElection (LogUtils.java:infoOrTrace(137)) -   Exception 1: java.util.concurrent.ExecutionException: org.apache.ratis.thirdparty.io.grpc.StatusRuntimeException: UNAVAILABLE: io exception
2021-12-08 16:23:20,133 [21742dd4-f00f-4901-aa0f-47c4214f17a6@group-AEFA5F9DF58D-LeaderElection37] INFO  impl.LeaderElection (LeaderElection.java:askForVotes(308)) - 21742dd4-f00f-4901-aa0f-47c4214f17a6@group-AEFA5F9DF58D-LeaderElection37 ELECTION round 0: result REJECTED
2021-12-08 16:23:20,133 [21742dd4-f00f-4901-aa0f-47c4214f17a6@group-AEFA5F9DF58D-LeaderElection37] INFO  server.RaftServer$Division (RaftServerImpl.java:setRole(290)) - 21742dd4-f00f-4901-aa0f-47c4214f17a6@group-AEFA5F9DF58D: changes role from CANDIDATE to FOLLOWER at term 5 for REJECTED
2021-12-08 16:23:20,133 [21742dd4-f00f-4901-aa0f-47c4214f17a6@group-AEFA5F9DF58D-LeaderElection37] INFO  impl.RoleInfo (RoleInfo.java:shutdownLeaderElection(121)) - 21742dd4-f00f-4901-aa0f-47c4214f17a6: shutdown 21742dd4-f00f-4901-aa0f-47c4214f17a6@group-AEFA5F9DF58D-LeaderElection37
2021-12-08 16:23:20,133 [21742dd4-f00f-4901-aa0f-47c4214f17a6@group-AEFA5F9DF58D-LeaderElection37] INFO  impl.RoleInfo (RoleInfo.java:updateAndGet(130)) - 21742dd4-f00f-4901-aa0f-47c4214f17a6: start 21742dd4-f00f-4901-aa0f-47c4214f17a6@group-AEFA5F9DF58D-FollowerState
2021-12-08 16:23:20,735 [EndpointStateMachine task thread for /127.0.0.1:15821 - 0 ] INFO  ipc.Client (Client.java:handleConnectionFailure(977)) - Retrying connect to server: localhost/127.0.0.1:15821. Already tried 3 time(s); retry policy is RetryUpToMaximumCountWithFixedSleep(maxRetries=15, sleepTime=1000 MILLISECONDS)
2021-12-08 16:23:21,094 [EndpointStateMachine task thread for /127.0.0.1:13473 - 0 ] INFO  ipc.Client (Client.java:handleConnectionFailure(977)) - Retrying connect to server: localhost/127.0.0.1:13473. Already tried 7 time(s); retry policy is RetryUpToMaximumCountWithFixedSleep(maxRetries=15, sleepTime=1000 MILLISECONDS)
2021-12-08 16:23:21,736 [EndpointStateMachine task thread for /127.0.0.1:15821 - 0 ] INFO  ipc.Client (Client.java:handleConnectionFailure(977)) - Retrying connect to server: localhost/127.0.0.1:15821. Already tried 4 time(s); retry policy is RetryUpToMaximumCountWithFixedSleep(maxRetries=15, sleepTime=1000 MILLISECONDS)
2021-12-08 16:23:22,094 [EndpointStateMachine task thread for /127.0.0.1:13473 - 0 ] INFO  ipc.Client (Client.java:handleConnectionFailure(977)) - Retrying connect to server: localhost/127.0.0.1:13473. Already tried 8 time(s); retry policy is RetryUpToMaximumCountWithFixedSleep(maxRetries=15, sleepTime=1000 MILLISECONDS)
2021-12-08 16:23:22,737 [EndpointStateMachine task thread for /127.0.0.1:15821 - 0 ] INFO  ipc.Client (Client.java:handleConnectionFailure(977)) - Retrying connect to server: localhost/127.0.0.1:15821. Already tried 5 time(s); retry policy is RetryUpToMaximumCountWithFixedSleep(maxRetries=15, sleepTime=1000 MILLISECONDS)
2021-12-08 16:23:23,095 [EndpointStateMachine task thread for /127.0.0.1:13473 - 0 ] INFO  ipc.Client (Client.java:handleConnectionFailure(977)) - Retrying connect to server: localhost/127.0.0.1:13473. Already tried 9 time(s); retry policy is RetryUpToMaximumCountWithFixedSleep(maxRetries=15, sleepTime=1000 MILLISECONDS)
2021-12-08 16:23:23,737 [EndpointStateMachine task thread for /127.0.0.1:15821 - 0 ] INFO  ipc.Client (Client.java:handleConnectionFailure(977)) - Retrying connect to server: localhost/127.0.0.1:15821. Already tried 6 time(s); retry policy is RetryUpToMaximumCountWithFixedSleep(maxRetries=15, sleepTime=1000 MILLISECONDS)
2021-12-08 16:23:24,095 [EndpointStateMachine task thread for /127.0.0.1:13473 - 0 ] INFO  ipc.Client (Client.java:handleConnectionFailure(977)) - Retrying connect to server: localhost/127.0.0.1:13473. Already tried 10 time(s); retry policy is RetryUpToMaximumCountWithFixedSleep(maxRetries=15, sleepTime=1000 MILLISECONDS)
2021-12-08 16:23:24,738 [EndpointStateMachine task thread for /127.0.0.1:15821 - 0 ] INFO  ipc.Client (Client.java:handleConnectionFailure(977)) - Retrying connect to server: localhost/127.0.0.1:15821. Already tried 7 time(s); retry policy is RetryUpToMaximumCountWithFixedSleep(maxRetries=15, sleepTime=1000 MILLISECONDS)
2021-12-08 16:23:25,017 [21742dd4-f00f-4901-aa0f-47c4214f17a6@group-46DB46A971F0-FollowerState] INFO  impl.FollowerState (FollowerState.java:run(134)) - 21742dd4-f00f-4901-aa0f-47c4214f17a6@group-46DB46A971F0-FollowerState: change to CANDIDATE, lastRpcElapsedTime:7501966283ns, electionTimeout:5112ms
2021-12-08 16:23:25,017 [21742dd4-f00f-4901-aa0f-47c4214f17a6@group-46DB46A971F0-FollowerState] INFO  impl.RoleInfo (RoleInfo.java:shutdownFollowerState(108)) - 21742dd4-f00f-4901-aa0f-47c4214f17a6: shutdown 21742dd4-f00f-4901-aa0f-47c4214f17a6@group-46DB46A971F0-FollowerState
2021-12-08 16:23:25,018 [21742dd4-f00f-4901-aa0f-47c4214f17a6@group-46DB46A971F0-FollowerState] INFO  server.RaftServer$Division (RaftServerImpl.java:setRole(290)) - 21742dd4-f00f-4901-aa0f-47c4214f17a6@group-46DB46A971F0: changes role from  FOLLOWER to CANDIDATE at term 3 for changeToCandidate
2021-12-08 16:23:25,018 [21742dd4-f00f-4901-aa0f-47c4214f17a6@group-46DB46A971F0-FollowerState] INFO  server.RaftServerConfigKeys (ConfUtils.java:logGet(44)) - raft.server.leaderelection.pre-vote = false (custom)
2021-12-08 16:23:25,018 [21742dd4-f00f-4901-aa0f-47c4214f17a6@group-46DB46A971F0-FollowerState] INFO  impl.RoleInfo (RoleInfo.java:updateAndGet(130)) - 21742dd4-f00f-4901-aa0f-47c4214f17a6: start 21742dd4-f00f-4901-aa0f-47c4214f17a6@group-46DB46A971F0-LeaderElection38
2021-12-08 16:23:25,037 [21742dd4-f00f-4901-aa0f-47c4214f17a6@group-46DB46A971F0-LeaderElection38] INFO  server.RaftServer$Division (ServerState.java:setLeader(285)) - 21742dd4-f00f-4901-aa0f-47c4214f17a6@group-46DB46A971F0: change Leader from f2502c96-9954-480b-931a-1e321ebf221a to null at term 3 for ELECTION
2021-12-08 16:23:25,039 [21742dd4-f00f-4901-aa0f-47c4214f17a6@group-46DB46A971F0-LeaderElection38] INFO  impl.LeaderElection (LeaderElection.java:askForVotes(306)) - 21742dd4-f00f-4901-aa0f-47c4214f17a6@group-46DB46A971F0-LeaderElection38 ELECTION round 0: submit vote requests at term 4 for 0: [d711cf8e-9345-4010-b204-37d4bd542fc0|rpc:127.0.0.1:34071|dataStream:|priority:0, f2502c96-9954-480b-931a-1e321ebf221a|rpc:127.0.0.1:40135|dataStream:|priority:1, 21742dd4-f00f-4901-aa0f-47c4214f17a6|rpc:127.0.0.1:43053|dataStream:|priority:0], old=null
2021-12-08 16:23:25,045 [21742dd4-f00f-4901-aa0f-47c4214f17a6@group-46DB46A971F0-LeaderElection38] INFO  impl.LeaderElection (LogUtils.java:infoOrTrace(137)) - 21742dd4-f00f-4901-aa0f-47c4214f17a6@group-46DB46A971F0-LeaderElection38 got exception when requesting votes: java.util.concurrent.ExecutionException: org.apache.ratis.thirdparty.io.grpc.StatusRuntimeException: UNAVAILABLE: io exception
2021-12-08 16:23:25,046 [21742dd4-f00f-4901-aa0f-47c4214f17a6@group-46DB46A971F0-LeaderElection38] INFO  impl.LeaderElection (LogUtils.java:infoOrTrace(137)) - 21742dd4-f00f-4901-aa0f-47c4214f17a6@group-46DB46A971F0-LeaderElection38 got exception when requesting votes: java.util.concurrent.ExecutionException: org.apache.ratis.thirdparty.io.grpc.StatusRuntimeException: UNAVAILABLE: io exception
2021-12-08 16:23:25,046 [21742dd4-f00f-4901-aa0f-47c4214f17a6@group-46DB46A971F0-LeaderElection38] INFO  impl.LeaderElection (LeaderElection.java:logAndReturn(89)) - 21742dd4-f00f-4901-aa0f-47c4214f17a6@group-46DB46A971F0-LeaderElection38: ELECTION REJECTED received 0 response(s) and 2 exception(s):
2021-12-08 16:23:25,046 [21742dd4-f00f-4901-aa0f-47c4214f17a6@group-46DB46A971F0-LeaderElection38] INFO  impl.LeaderElection (LogUtils.java:infoOrTrace(137)) -   Exception 0: java.util.concurrent.ExecutionException: org.apache.ratis.thirdparty.io.grpc.StatusRuntimeException: UNAVAILABLE: io exception
2021-12-08 16:23:25,046 [21742dd4-f00f-4901-aa0f-47c4214f17a6@group-46DB46A971F0-LeaderElection38] INFO  impl.LeaderElection (LogUtils.java:infoOrTrace(137)) -   Exception 1: java.util.concurrent.ExecutionException: org.apache.ratis.thirdparty.io.grpc.StatusRuntimeException: UNAVAILABLE: io exception
2021-12-08 16:23:25,046 [21742dd4-f00f-4901-aa0f-47c4214f17a6@group-46DB46A971F0-LeaderElection38] INFO  impl.LeaderElection (LeaderElection.java:askForVotes(308)) - 21742dd4-f00f-4901-aa0f-47c4214f17a6@group-46DB46A971F0-LeaderElection38 ELECTION round 0: result REJECTED
2021-12-08 16:23:25,046 [21742dd4-f00f-4901-aa0f-47c4214f17a6@group-46DB46A971F0-LeaderElection38] INFO  server.RaftServer$Division (RaftServerImpl.java:setRole(290)) - 21742dd4-f00f-4901-aa0f-47c4214f17a6@group-46DB46A971F0: changes role from CANDIDATE to FOLLOWER at term 4 for REJECTED
2021-12-08 16:23:25,046 [21742dd4-f00f-4901-aa0f-47c4214f17a6@group-46DB46A971F0-LeaderElection38] INFO  impl.RoleInfo (RoleInfo.java:shutdownLeaderElection(121)) - 21742dd4-f00f-4901-aa0f-47c4214f17a6: shutdown 21742dd4-f00f-4901-aa0f-47c4214f17a6@group-46DB46A971F0-LeaderElection38
2021-12-08 16:23:25,046 [21742dd4-f00f-4901-aa0f-47c4214f17a6@group-46DB46A971F0-LeaderElection38] INFO  impl.RoleInfo (RoleInfo.java:updateAndGet(130)) - 21742dd4-f00f-4901-aa0f-47c4214f17a6: start 21742dd4-f00f-4901-aa0f-47c4214f17a6@group-46DB46A971F0-FollowerState
2021-12-08 16:23:25,091 [Listener at 127.0.0.1/42281] INFO  utils.BackgroundService (BackgroundService.java:shutdown(132)) - Shutting down service BlockDeletingService
2021-12-08 16:23:25,093 [ForkJoinPool.commonPool-worker-1] INFO  utils.BackgroundService (BackgroundService.java:shutdown(132)) - Shutting down service BlockDeletingService
2021-12-08 16:23:25,099 [EndpointStateMachine task thread for /127.0.0.1:13473 - 0 ] INFO  ipc.Client (Client.java:handleConnectionFailure(977)) - Retrying connect to server: localhost/127.0.0.1:13473. Already tried 11 time(s); retry policy is RetryUpToMaximumCountWithFixedSleep(maxRetries=15, sleepTime=1000 MILLISECONDS)
2021-12-08 16:23:25,311 [21742dd4-f00f-4901-aa0f-47c4214f17a6@group-AEFA5F9DF58D-FollowerState] INFO  impl.FollowerState (FollowerState.java:run(134)) - 21742dd4-f00f-4901-aa0f-47c4214f17a6@group-AEFA5F9DF58D-FollowerState: change to CANDIDATE, lastRpcElapsedTime:5177407241ns, electionTimeout:5175ms
2021-12-08 16:23:25,311 [21742dd4-f00f-4901-aa0f-47c4214f17a6@group-AEFA5F9DF58D-FollowerState] INFO  impl.RoleInfo (RoleInfo.java:shutdownFollowerState(108)) - 21742dd4-f00f-4901-aa0f-47c4214f17a6: shutdown 21742dd4-f00f-4901-aa0f-47c4214f17a6@group-AEFA5F9DF58D-FollowerState
2021-12-08 16:23:25,311 [21742dd4-f00f-4901-aa0f-47c4214f17a6@group-AEFA5F9DF58D-FollowerState] INFO  server.RaftServer$Division (RaftServerImpl.java:setRole(290)) - 21742dd4-f00f-4901-aa0f-47c4214f17a6@group-AEFA5F9DF58D: changes role from  FOLLOWER to CANDIDATE at term 5 for changeToCandidate
2021-12-08 16:23:25,311 [21742dd4-f00f-4901-aa0f-47c4214f17a6@group-AEFA5F9DF58D-FollowerState] INFO  server.RaftServerConfigKeys (ConfUtils.java:logGet(44)) - raft.server.leaderelection.pre-vote = false (custom)
2021-12-08 16:23:25,311 [21742dd4-f00f-4901-aa0f-47c4214f17a6@group-AEFA5F9DF58D-FollowerState] INFO  impl.RoleInfo (RoleInfo.java:updateAndGet(130)) - 21742dd4-f00f-4901-aa0f-47c4214f17a6: start 21742dd4-f00f-4901-aa0f-47c4214f17a6@group-AEFA5F9DF58D-LeaderElection39
2021-12-08 16:23:25,319 [21742dd4-f00f-4901-aa0f-47c4214f17a6@group-AEFA5F9DF58D-LeaderElection39] INFO  impl.LeaderElection (LeaderElection.java:askForVotes(306)) - 21742dd4-f00f-4901-aa0f-47c4214f17a6@group-AEFA5F9DF58D-LeaderElection39 ELECTION round 0: submit vote requests at term 6 for -1: [d711cf8e-9345-4010-b204-37d4bd542fc0|rpc:127.0.0.1:34071|dataStream:|priority:0, f2502c96-9954-480b-931a-1e321ebf221a|rpc:127.0.0.1:40135|dataStream:|priority:0, 21742dd4-f00f-4901-aa0f-47c4214f17a6|rpc:127.0.0.1:43053|dataStream:|priority:1], old=null
2021-12-08 16:23:25,322 [21742dd4-f00f-4901-aa0f-47c4214f17a6@group-AEFA5F9DF58D-LeaderElection39] INFO  impl.LeaderElection (LogUtils.java:infoOrTrace(137)) - 21742dd4-f00f-4901-aa0f-47c4214f17a6@group-AEFA5F9DF58D-LeaderElection39 got exception when requesting votes: java.util.concurrent.ExecutionException: org.apache.ratis.thirdparty.io.grpc.StatusRuntimeException: UNAVAILABLE: io exception
2021-12-08 16:23:25,323 [21742dd4-f00f-4901-aa0f-47c4214f17a6@group-AEFA5F9DF58D-LeaderElection39] INFO  impl.LeaderElection (LogUtils.java:infoOrTrace(137)) - 21742dd4-f00f-4901-aa0f-47c4214f17a6@group-AEFA5F9DF58D-LeaderElection39 got exception when requesting votes: java.util.concurrent.ExecutionException: org.apache.ratis.thirdparty.io.grpc.StatusRuntimeException: UNAVAILABLE: io exception
2021-12-08 16:23:25,323 [21742dd4-f00f-4901-aa0f-47c4214f17a6@group-AEFA5F9DF58D-LeaderElection39] INFO  impl.LeaderElection (LeaderElection.java:logAndReturn(89)) - 21742dd4-f00f-4901-aa0f-47c4214f17a6@group-AEFA5F9DF58D-LeaderElection39: ELECTION REJECTED received 0 response(s) and 2 exception(s):
2021-12-08 16:23:25,323 [21742dd4-f00f-4901-aa0f-47c4214f17a6@group-AEFA5F9DF58D-LeaderElection39] INFO  impl.LeaderElection (LogUtils.java:infoOrTrace(137)) -   Exception 0: java.util.concurrent.ExecutionException: org.apache.ratis.thirdparty.io.grpc.StatusRuntimeException: UNAVAILABLE: io exception
2021-12-08 16:23:25,323 [21742dd4-f00f-4901-aa0f-47c4214f17a6@group-AEFA5F9DF58D-LeaderElection39] INFO  impl.LeaderElection (LogUtils.java:infoOrTrace(137)) -   Exception 1: java.util.concurrent.ExecutionException: org.apache.ratis.thirdparty.io.grpc.StatusRuntimeException: UNAVAILABLE: io exception
2021-12-08 16:23:25,323 [21742dd4-f00f-4901-aa0f-47c4214f17a6@group-AEFA5F9DF58D-LeaderElection39] INFO  impl.LeaderElection (LeaderElection.java:askForVotes(308)) - 21742dd4-f00f-4901-aa0f-47c4214f17a6@group-AEFA5F9DF58D-LeaderElection39 ELECTION round 0: result REJECTED
2021-12-08 16:23:25,323 [21742dd4-f00f-4901-aa0f-47c4214f17a6@group-AEFA5F9DF58D-LeaderElection39] INFO  server.RaftServer$Division (RaftServerImpl.java:setRole(290)) - 21742dd4-f00f-4901-aa0f-47c4214f17a6@group-AEFA5F9DF58D: changes role from CANDIDATE to FOLLOWER at term 6 for REJECTED
2021-12-08 16:23:25,323 [21742dd4-f00f-4901-aa0f-47c4214f17a6@group-AEFA5F9DF58D-LeaderElection39] INFO  impl.RoleInfo (RoleInfo.java:shutdownLeaderElection(121)) - 21742dd4-f00f-4901-aa0f-47c4214f17a6: shutdown 21742dd4-f00f-4901-aa0f-47c4214f17a6@group-AEFA5F9DF58D-LeaderElection39
2021-12-08 16:23:25,323 [21742dd4-f00f-4901-aa0f-47c4214f17a6@group-AEFA5F9DF58D-LeaderElection39] INFO  impl.RoleInfo (RoleInfo.java:updateAndGet(130)) - 21742dd4-f00f-4901-aa0f-47c4214f17a6: start 21742dd4-f00f-4901-aa0f-47c4214f17a6@group-AEFA5F9DF58D-FollowerState
2021-12-08 16:23:25,738 [EndpointStateMachine task thread for /127.0.0.1:15821 - 0 ] INFO  ipc.Client (Client.java:handleConnectionFailure(977)) - Retrying connect to server: localhost/127.0.0.1:15821. Already tried 8 time(s); retry policy is RetryUpToMaximumCountWithFixedSleep(maxRetries=15, sleepTime=1000 MILLISECONDS)
2021-12-08 16:23:26,099 [EndpointStateMachine task thread for /127.0.0.1:13473 - 0 ] INFO  ipc.Client (Client.java:handleConnectionFailure(977)) - Retrying connect to server: localhost/127.0.0.1:13473. Already tried 12 time(s); retry policy is RetryUpToMaximumCountWithFixedSleep(maxRetries=15, sleepTime=1000 MILLISECONDS)
2021-12-08 16:23:26,739 [EndpointStateMachine task thread for /127.0.0.1:15821 - 0 ] INFO  ipc.Client (Client.java:handleConnectionFailure(977)) - Retrying connect to server: localhost/127.0.0.1:15821. Already tried 9 time(s); retry policy is RetryUpToMaximumCountWithFixedSleep(maxRetries=15, sleepTime=1000 MILLISECONDS)
2021-12-08 16:23:27,100 [EndpointStateMachine task thread for /127.0.0.1:13473 - 0 ] INFO  ipc.Client (Client.java:handleConnectionFailure(977)) - Retrying connect to server: localhost/127.0.0.1:13473. Already tried 13 time(s); retry policy is RetryUpToMaximumCountWithFixedSleep(maxRetries=15, sleepTime=1000 MILLISECONDS)
2021-12-08 16:23:27,740 [EndpointStateMachine task thread for /127.0.0.1:15821 - 0 ] INFO  ipc.Client (Client.java:handleConnectionFailure(977)) - Retrying connect to server: localhost/127.0.0.1:15821. Already tried 10 time(s); retry policy is RetryUpToMaximumCountWithFixedSleep(maxRetries=15, sleepTime=1000 MILLISECONDS)
2021-12-08 16:23:28,094 [Listener at 127.0.0.1/42281] INFO  statemachine.DatanodeStateMachine (DatanodeStateMachine.java:stopDaemon(526)) - Ozone container server stopped.
2021-12-08 16:23:28,095 [Listener at 127.0.0.1/42281] INFO  handler.ContextHandler (ContextHandler.java:doStop(1153)) - Stopped o.e.j.w.WebAppContext@3078e63f{hddsDatanode,/,null,STOPPED}{jar:file:/home/runner/.m2/repository/org/apache/ozone/hdds-container-service/1.3.0-SNAPSHOT/hdds-container-service-1.3.0-SNAPSHOT.jar!/webapps/hddsDatanode}
2021-12-08 16:23:28,096 [Listener at 127.0.0.1/42281] INFO  server.AbstractConnector (AbstractConnector.java:doStop(381)) - Stopped ServerConnector@1ca6efd5{HTTP/1.1, (http/1.1)}{0.0.0.0:0}
2021-12-08 16:23:28,096 [Listener at 127.0.0.1/42281] INFO  server.session (HouseKeeper.java:stopScavenging(149)) - node0 Stopped scavenging
2021-12-08 16:23:28,096 [Listener at 127.0.0.1/42281] INFO  handler.ContextHandler (ContextHandler.java:doStop(1153)) - Stopped o.e.j.s.ServletContextHandler@145a1955{static,/static,jar:file:/home/runner/.m2/repository/org/apache/ozone/hdds-container-service/1.3.0-SNAPSHOT/hdds-container-service-1.3.0-SNAPSHOT.jar!/webapps/static,STOPPED}
2021-12-08 16:23:28,096 [Listener at 127.0.0.1/42281] INFO  handler.ContextHandler (ContextHandler.java:doStop(1153)) - Stopped o.e.j.s.ServletContextHandler@73489491{logs,/logs,file:///home/runner/work/ozone/ozone/hadoop-ozone/integration-test/target/log,STOPPED}
2021-12-08 16:23:28,100 [EndpointStateMachine task thread for /127.0.0.1:13473 - 0 ] INFO  ipc.Client (Client.java:handleConnectionFailure(977)) - Retrying connect to server: localhost/127.0.0.1:13473. Already tried 14 time(s); retry policy is RetryUpToMaximumCountWithFixedSleep(maxRetries=15, sleepTime=1000 MILLISECONDS)
2021-12-08 16:23:28,101 [EndpointStateMachine task thread for /127.0.0.1:13473 - 0 ] WARN  statemachine.EndpointStateMachine (EndpointStateMachine.java:logIfNeeded(236)) - Unable to communicate to SCM server at localhost:13473 for past 0 seconds.
java.net.ConnectException: Call From fv-az294-221/10.1.0.9 to localhost:13473 failed on connection exception: java.net.ConnectException: Connection refused; For more details see:  http://wiki.apache.org/hadoop/ConnectionRefused
	at sun.reflect.GeneratedConstructorAccessor46.newInstance(Unknown Source)
	at sun.reflect.DelegatingConstructorAccessorImpl.newInstance(DelegatingConstructorAccessorImpl.java:45)
	at java.lang.reflect.Constructor.newInstance(Constructor.java:423)
	at org.apache.hadoop.net.NetUtils.wrapWithMessage(NetUtils.java:913)
	at org.apache.hadoop.net.NetUtils.wrapException(NetUtils.java:828)
	at org.apache.hadoop.ipc.Client.getRpcResponse(Client.java:1577)
	at org.apache.hadoop.ipc.Client.call(Client.java:1519)
	at org.apache.hadoop.ipc.Client.call(Client.java:1416)
	at org.apache.hadoop.ipc.ProtobufRpcEngine$Invoker.invoke(ProtobufRpcEngine.java:236)
	at org.apache.hadoop.ipc.ProtobufRpcEngine$Invoker.invoke(ProtobufRpcEngine.java:123)
	at com.sun.proxy.$Proxy47.submitRequest(Unknown Source)
	at org.apache.hadoop.ozone.protocolPB.StorageContainerDatanodeProtocolClientSideTranslatorPB.submitRequest(StorageContainerDatanodeProtocolClientSideTranslatorPB.java:117)
	at org.apache.hadoop.ozone.protocolPB.StorageContainerDatanodeProtocolClientSideTranslatorPB.sendHeartbeat(StorageContainerDatanodeProtocolClientSideTranslatorPB.java:149)
	at org.apache.hadoop.ozone.container.common.states.endpoint.HeartbeatEndpointTask.call(HeartbeatEndpointTask.java:179)
	at org.apache.hadoop.ozone.container.common.states.endpoint.HeartbeatEndpointTask.call(HeartbeatEndpointTask.java:82)
	at java.util.concurrent.FutureTask.run(FutureTask.java:266)
	at java.util.concurrent.ThreadPoolExecutor.runWorker(ThreadPoolExecutor.java:1149)
	at java.util.concurrent.ThreadPoolExecutor$Worker.run(ThreadPoolExecutor.java:624)
	at java.lang.Thread.run(Thread.java:748)
Caused by: java.net.ConnectException: Connection refused
	at sun.nio.ch.SocketChannelImpl.checkConnect(Native Method)
	at sun.nio.ch.SocketChannelImpl.finishConnect(SocketChannelImpl.java:716)
	at org.apache.hadoop.net.SocketIOWithTimeout.connect(SocketIOWithTimeout.java:206)
	at org.apache.hadoop.net.NetUtils.connect(NetUtils.java:586)
	at org.apache.hadoop.ipc.Client$Connection.setupConnection(Client.java:701)
	at org.apache.hadoop.ipc.Client$Connection.setupIOstreams(Client.java:822)
	at org.apache.hadoop.ipc.Client$Connection.access$3800(Client.java:414)
	at org.apache.hadoop.ipc.Client.getConnection(Client.java:1647)
	at org.apache.hadoop.ipc.Client.call(Client.java:1463)
	... 12 more
2021-12-08 16:23:28,102 [ForkJoinPool.commonPool-worker-1] INFO  statemachine.DatanodeStateMachine (DatanodeStateMachine.java:stopDaemon(526)) - Ozone container server stopped.
2021-12-08 16:23:28,108 [ForkJoinPool.commonPool-worker-1] INFO  handler.ContextHandler (ContextHandler.java:doStop(1153)) - Stopped o.e.j.w.WebAppContext@6c11bbce{hddsDatanode,/,null,STOPPED}{jar:file:/home/runner/.m2/repository/org/apache/ozone/hdds-container-service/1.3.0-SNAPSHOT/hdds-container-service-1.3.0-SNAPSHOT.jar!/webapps/hddsDatanode}
2021-12-08 16:23:28,108 [ForkJoinPool.commonPool-worker-1] INFO  server.AbstractConnector (AbstractConnector.java:doStop(381)) - Stopped ServerConnector@56a56cc6{HTTP/1.1, (http/1.1)}{0.0.0.0:0}
2021-12-08 16:23:28,108 [ForkJoinPool.commonPool-worker-1] INFO  server.session (HouseKeeper.java:stopScavenging(149)) - node0 Stopped scavenging
2021-12-08 16:23:28,108 [ForkJoinPool.commonPool-worker-1] INFO  handler.ContextHandler (ContextHandler.java:doStop(1153)) - Stopped o.e.j.s.ServletContextHandler@46812e66{static,/static,jar:file:/home/runner/.m2/repository/org/apache/ozone/hdds-container-service/1.3.0-SNAPSHOT/hdds-container-service-1.3.0-SNAPSHOT.jar!/webapps/static,STOPPED}
2021-12-08 16:23:28,109 [ForkJoinPool.commonPool-worker-1] INFO  handler.ContextHandler (ContextHandler.java:doStop(1153)) - Stopped o.e.j.s.ServletContextHandler@7ac6ac23{logs,/logs,file:///home/runner/work/ozone/ozone/hadoop-ozone/integration-test/target/log,STOPPED}
2021-12-08 16:23:28,119 [Datanode State Machine Daemon Thread] WARN  statemachine.StateContext (StateContext.java:setState(249)) - Ignore disallowed transition from SHUTDOWN to RUNNING
2021-12-08 16:23:28,740 [EndpointStateMachine task thread for /127.0.0.1:15821 - 0 ] INFO  ipc.Client (Client.java:handleConnectionFailure(977)) - Retrying connect to server: localhost/127.0.0.1:15821. Already tried 11 time(s); retry policy is RetryUpToMaximumCountWithFixedSleep(maxRetries=15, sleepTime=1000 MILLISECONDS)
2021-12-08 16:23:29,102 [EndpointStateMachine task thread for /127.0.0.1:13473 - 0 ] INFO  ipc.Client (Client.java:handleConnectionFailure(977)) - Retrying connect to server: localhost/127.0.0.1:13473. Already tried 0 time(s); retry policy is RetryUpToMaximumCountWithFixedSleep(maxRetries=15, sleepTime=1000 MILLISECONDS)
2021-12-08 16:23:29,741 [EndpointStateMachine task thread for /127.0.0.1:15821 - 0 ] INFO  ipc.Client (Client.java:handleConnectionFailure(977)) - Retrying connect to server: localhost/127.0.0.1:15821. Already tried 12 time(s); retry policy is RetryUpToMaximumCountWithFixedSleep(maxRetries=15, sleepTime=1000 MILLISECONDS)
2021-12-08 16:23:30,102 [EndpointStateMachine task thread for /127.0.0.1:13473 - 0 ] INFO  ipc.Client (Client.java:handleConnectionFailure(977)) - Retrying connect to server: localhost/127.0.0.1:13473. Already tried 1 time(s); retry policy is RetryUpToMaximumCountWithFixedSleep(maxRetries=15, sleepTime=1000 MILLISECONDS)
2021-12-08 16:23:30,153 [21742dd4-f00f-4901-aa0f-47c4214f17a6@group-46DB46A971F0-FollowerState] INFO  impl.FollowerState (FollowerState.java:run(134)) - 21742dd4-f00f-4901-aa0f-47c4214f17a6@group-46DB46A971F0-FollowerState: change to CANDIDATE, lastRpcElapsedTime:5107475577ns, electionTimeout:5107ms
2021-12-08 16:23:30,154 [21742dd4-f00f-4901-aa0f-47c4214f17a6@group-46DB46A971F0-FollowerState] INFO  impl.RoleInfo (RoleInfo.java:shutdownFollowerState(108)) - 21742dd4-f00f-4901-aa0f-47c4214f17a6: shutdown 21742dd4-f00f-4901-aa0f-47c4214f17a6@group-46DB46A971F0-FollowerState
2021-12-08 16:23:30,154 [21742dd4-f00f-4901-aa0f-47c4214f17a6@group-46DB46A971F0-FollowerState] INFO  server.RaftServer$Division (RaftServerImpl.java:setRole(290)) - 21742dd4-f00f-4901-aa0f-47c4214f17a6@group-46DB46A971F0: changes role from  FOLLOWER to CANDIDATE at term 4 for changeToCandidate
2021-12-08 16:23:30,154 [21742dd4-f00f-4901-aa0f-47c4214f17a6@group-46DB46A971F0-FollowerState] INFO  server.RaftServerConfigKeys (ConfUtils.java:logGet(44)) - raft.server.leaderelection.pre-vote = false (custom)
2021-12-08 16:23:30,154 [21742dd4-f00f-4901-aa0f-47c4214f17a6@group-46DB46A971F0-FollowerState] INFO  impl.RoleInfo (RoleInfo.java:updateAndGet(130)) - 21742dd4-f00f-4901-aa0f-47c4214f17a6: start 21742dd4-f00f-4901-aa0f-47c4214f17a6@group-46DB46A971F0-LeaderElection40
2021-12-08 16:23:30,168 [21742dd4-f00f-4901-aa0f-47c4214f17a6@group-46DB46A971F0-LeaderElection40] INFO  impl.LeaderElection (LeaderElection.java:askForVotes(306)) - 21742dd4-f00f-4901-aa0f-47c4214f17a6@group-46DB46A971F0-LeaderElection40 ELECTION round 0: submit vote requests at term 5 for 0: [d711cf8e-9345-4010-b204-37d4bd542fc0|rpc:127.0.0.1:34071|dataStream:|priority:0, f2502c96-9954-480b-931a-1e321ebf221a|rpc:127.0.0.1:40135|dataStream:|priority:1, 21742dd4-f00f-4901-aa0f-47c4214f17a6|rpc:127.0.0.1:43053|dataStream:|priority:0], old=null
2021-12-08 16:23:30,185 [21742dd4-f00f-4901-aa0f-47c4214f17a6@group-46DB46A971F0-LeaderElection40] INFO  impl.LeaderElection (LogUtils.java:infoOrTrace(137)) - 21742dd4-f00f-4901-aa0f-47c4214f17a6@group-46DB46A971F0-LeaderElection40 got exception when requesting votes: java.util.concurrent.ExecutionException: org.apache.ratis.thirdparty.io.grpc.StatusRuntimeException: UNAVAILABLE: io exception
2021-12-08 16:23:30,185 [21742dd4-f00f-4901-aa0f-47c4214f17a6@group-46DB46A971F0-LeaderElection40] INFO  impl.LeaderElection (LogUtils.java:infoOrTrace(137)) - 21742dd4-f00f-4901-aa0f-47c4214f17a6@group-46DB46A971F0-LeaderElection40 got exception when requesting votes: java.util.concurrent.ExecutionException: org.apache.ratis.thirdparty.io.grpc.StatusRuntimeException: UNAVAILABLE: io exception
2021-12-08 16:23:30,185 [21742dd4-f00f-4901-aa0f-47c4214f17a6@group-46DB46A971F0-LeaderElection40] INFO  impl.LeaderElection (LeaderElection.java:logAndReturn(89)) - 21742dd4-f00f-4901-aa0f-47c4214f17a6@group-46DB46A971F0-LeaderElection40: ELECTION REJECTED received 0 response(s) and 2 exception(s):
2021-12-08 16:23:30,185 [21742dd4-f00f-4901-aa0f-47c4214f17a6@group-46DB46A971F0-LeaderElection40] INFO  impl.LeaderElection (LogUtils.java:infoOrTrace(137)) -   Exception 0: java.util.concurrent.ExecutionException: org.apache.ratis.thirdparty.io.grpc.StatusRuntimeException: UNAVAILABLE: io exception
2021-12-08 16:23:30,185 [21742dd4-f00f-4901-aa0f-47c4214f17a6@group-46DB46A971F0-LeaderElection40] INFO  impl.LeaderElection (LogUtils.java:infoOrTrace(137)) -   Exception 1: java.util.concurrent.ExecutionException: org.apache.ratis.thirdparty.io.grpc.StatusRuntimeException: UNAVAILABLE: io exception
2021-12-08 16:23:30,185 [21742dd4-f00f-4901-aa0f-47c4214f17a6@group-46DB46A971F0-LeaderElection40] INFO  impl.LeaderElection (LeaderElection.java:askForVotes(308)) - 21742dd4-f00f-4901-aa0f-47c4214f17a6@group-46DB46A971F0-LeaderElection40 ELECTION round 0: result REJECTED
2021-12-08 16:23:30,185 [21742dd4-f00f-4901-aa0f-47c4214f17a6@group-46DB46A971F0-LeaderElection40] INFO  server.RaftServer$Division (RaftServerImpl.java:setRole(290)) - 21742dd4-f00f-4901-aa0f-47c4214f17a6@group-46DB46A971F0: changes role from CANDIDATE to FOLLOWER at term 5 for REJECTED
2021-12-08 16:23:30,185 [21742dd4-f00f-4901-aa0f-47c4214f17a6@group-46DB46A971F0-LeaderElection40] INFO  impl.RoleInfo (RoleInfo.java:shutdownLeaderElection(121)) - 21742dd4-f00f-4901-aa0f-47c4214f17a6: shutdown 21742dd4-f00f-4901-aa0f-47c4214f17a6@group-46DB46A971F0-LeaderElection40
2021-12-08 16:23:30,186 [21742dd4-f00f-4901-aa0f-47c4214f17a6@group-46DB46A971F0-LeaderElection40] INFO  impl.RoleInfo (RoleInfo.java:updateAndGet(130)) - 21742dd4-f00f-4901-aa0f-47c4214f17a6: start 21742dd4-f00f-4901-aa0f-47c4214f17a6@group-46DB46A971F0-FollowerState
2021-12-08 16:23:30,449 [21742dd4-f00f-4901-aa0f-47c4214f17a6@group-AEFA5F9DF58D-FollowerState] INFO  impl.FollowerState (FollowerState.java:run(134)) - 21742dd4-f00f-4901-aa0f-47c4214f17a6@group-AEFA5F9DF58D-FollowerState: change to CANDIDATE, lastRpcElapsedTime:5125743069ns, electionTimeout:5113ms
2021-12-08 16:23:30,449 [21742dd4-f00f-4901-aa0f-47c4214f17a6@group-AEFA5F9DF58D-FollowerState] INFO  impl.RoleInfo (RoleInfo.java:shutdownFollowerState(108)) - 21742dd4-f00f-4901-aa0f-47c4214f17a6: shutdown 21742dd4-f00f-4901-aa0f-47c4214f17a6@group-AEFA5F9DF58D-FollowerState
2021-12-08 16:23:30,449 [21742dd4-f00f-4901-aa0f-47c4214f17a6@group-AEFA5F9DF58D-FollowerState] INFO  server.RaftServer$Division (RaftServerImpl.java:setRole(290)) - 21742dd4-f00f-4901-aa0f-47c4214f17a6@group-AEFA5F9DF58D: changes role from  FOLLOWER to CANDIDATE at term 6 for changeToCandidate
2021-12-08 16:23:30,449 [21742dd4-f00f-4901-aa0f-47c4214f17a6@group-AEFA5F9DF58D-FollowerState] INFO  server.RaftServerConfigKeys (ConfUtils.java:logGet(44)) - raft.server.leaderelection.pre-vote = false (custom)
2021-12-08 16:23:30,449 [21742dd4-f00f-4901-aa0f-47c4214f17a6@group-AEFA5F9DF58D-FollowerState] INFO  impl.RoleInfo (RoleInfo.java:updateAndGet(130)) - 21742dd4-f00f-4901-aa0f-47c4214f17a6: start 21742dd4-f00f-4901-aa0f-47c4214f17a6@group-AEFA5F9DF58D-LeaderElection41
2021-12-08 16:23:30,459 [21742dd4-f00f-4901-aa0f-47c4214f17a6@group-AEFA5F9DF58D-LeaderElection41] INFO  impl.LeaderElection (LeaderElection.java:askForVotes(306)) - 21742dd4-f00f-4901-aa0f-47c4214f17a6@group-AEFA5F9DF58D-LeaderElection41 ELECTION round 0: submit vote requests at term 7 for -1: [d711cf8e-9345-4010-b204-37d4bd542fc0|rpc:127.0.0.1:34071|dataStream:|priority:0, f2502c96-9954-480b-931a-1e321ebf221a|rpc:127.0.0.1:40135|dataStream:|priority:0, 21742dd4-f00f-4901-aa0f-47c4214f17a6|rpc:127.0.0.1:43053|dataStream:|priority:1], old=null
2021-12-08 16:23:30,467 [21742dd4-f00f-4901-aa0f-47c4214f17a6@group-AEFA5F9DF58D-LeaderElection41] INFO  impl.LeaderElection (LogUtils.java:infoOrTrace(137)) - 21742dd4-f00f-4901-aa0f-47c4214f17a6@group-AEFA5F9DF58D-LeaderElection41 got exception when requesting votes: java.util.concurrent.ExecutionException: org.apache.ratis.thirdparty.io.grpc.StatusRuntimeException: UNAVAILABLE: io exception
2021-12-08 16:23:30,477 [21742dd4-f00f-4901-aa0f-47c4214f17a6@group-AEFA5F9DF58D-LeaderElection41] INFO  impl.LeaderElection (LogUtils.java:infoOrTrace(137)) - 21742dd4-f00f-4901-aa0f-47c4214f17a6@group-AEFA5F9DF58D-LeaderElection41 got exception when requesting votes: java.util.concurrent.ExecutionException: org.apache.ratis.thirdparty.io.grpc.StatusRuntimeException: UNAVAILABLE: io exception
2021-12-08 16:23:30,477 [21742dd4-f00f-4901-aa0f-47c4214f17a6@group-AEFA5F9DF58D-LeaderElection41] INFO  impl.LeaderElection (LeaderElection.java:logAndReturn(89)) - 21742dd4-f00f-4901-aa0f-47c4214f17a6@group-AEFA5F9DF58D-LeaderElection41: ELECTION REJECTED received 0 response(s) and 2 exception(s):
2021-12-08 16:23:30,477 [21742dd4-f00f-4901-aa0f-47c4214f17a6@group-AEFA5F9DF58D-LeaderElection41] INFO  impl.LeaderElection (LogUtils.java:infoOrTrace(137)) -   Exception 0: java.util.concurrent.ExecutionException: org.apache.ratis.thirdparty.io.grpc.StatusRuntimeException: UNAVAILABLE: io exception
2021-12-08 16:23:30,477 [21742dd4-f00f-4901-aa0f-47c4214f17a6@group-AEFA5F9DF58D-LeaderElection41] INFO  impl.LeaderElection (LogUtils.java:infoOrTrace(137)) -   Exception 1: java.util.concurrent.ExecutionException: org.apache.ratis.thirdparty.io.grpc.StatusRuntimeException: UNAVAILABLE: io exception
2021-12-08 16:23:30,477 [21742dd4-f00f-4901-aa0f-47c4214f17a6@group-AEFA5F9DF58D-LeaderElection41] INFO  impl.LeaderElection (LeaderElection.java:askForVotes(308)) - 21742dd4-f00f-4901-aa0f-47c4214f17a6@group-AEFA5F9DF58D-LeaderElection41 ELECTION round 0: result REJECTED
2021-12-08 16:23:30,477 [21742dd4-f00f-4901-aa0f-47c4214f17a6@group-AEFA5F9DF58D-LeaderElection41] INFO  server.RaftServer$Division (RaftServerImpl.java:setRole(290)) - 21742dd4-f00f-4901-aa0f-47c4214f17a6@group-AEFA5F9DF58D: changes role from CANDIDATE to FOLLOWER at term 7 for REJECTED
2021-12-08 16:23:30,477 [21742dd4-f00f-4901-aa0f-47c4214f17a6@group-AEFA5F9DF58D-LeaderElection41] INFO  impl.RoleInfo (RoleInfo.java:shutdownLeaderElection(121)) - 21742dd4-f00f-4901-aa0f-47c4214f17a6: shutdown 21742dd4-f00f-4901-aa0f-47c4214f17a6@group-AEFA5F9DF58D-LeaderElection41
2021-12-08 16:23:30,478 [21742dd4-f00f-4901-aa0f-47c4214f17a6@group-AEFA5F9DF58D-LeaderElection41] INFO  impl.RoleInfo (RoleInfo.java:updateAndGet(130)) - 21742dd4-f00f-4901-aa0f-47c4214f17a6: start 21742dd4-f00f-4901-aa0f-47c4214f17a6@group-AEFA5F9DF58D-FollowerState
2021-12-08 16:23:30,741 [EndpointStateMachine task thread for /127.0.0.1:15821 - 0 ] INFO  ipc.Client (Client.java:handleConnectionFailure(977)) - Retrying connect to server: localhost/127.0.0.1:15821. Already tried 13 time(s); retry policy is RetryUpToMaximumCountWithFixedSleep(maxRetries=15, sleepTime=1000 MILLISECONDS)
2021-12-08 16:23:31,103 [EndpointStateMachine task thread for /127.0.0.1:13473 - 0 ] INFO  ipc.Client (Client.java:handleConnectionFailure(977)) - Retrying connect to server: localhost/127.0.0.1:13473. Already tried 2 time(s); retry policy is RetryUpToMaximumCountWithFixedSleep(maxRetries=15, sleepTime=1000 MILLISECONDS)
2021-12-08 16:23:31,742 [EndpointStateMachine task thread for /127.0.0.1:15821 - 0 ] INFO  ipc.Client (Client.java:handleConnectionFailure(977)) - Retrying connect to server: localhost/127.0.0.1:15821. Already tried 14 time(s); retry policy is RetryUpToMaximumCountWithFixedSleep(maxRetries=15, sleepTime=1000 MILLISECONDS)
2021-12-08 16:23:32,104 [EndpointStateMachine task thread for /127.0.0.1:13473 - 0 ] INFO  ipc.Client (Client.java:handleConnectionFailure(977)) - Retrying connect to server: localhost/127.0.0.1:13473. Already tried 3 time(s); retry policy is RetryUpToMaximumCountWithFixedSleep(maxRetries=15, sleepTime=1000 MILLISECONDS)
2021-12-08 16:23:32,743 [EndpointStateMachine task thread for /127.0.0.1:15821 - 0 ] INFO  ipc.Client (Client.java:handleConnectionFailure(977)) - Retrying connect to server: localhost/127.0.0.1:15821. Already tried 0 time(s); retry policy is RetryUpToMaximumCountWithFixedSleep(maxRetries=15, sleepTime=1000 MILLISECONDS)
2021-12-08 16:23:33,098 [Listener at 127.0.0.1/42281] INFO  ozoneimpl.OzoneContainer (OzoneContainer.java:stop(325)) - Attempting to stop container services.
2021-12-08 16:23:33,099 [Listener at 127.0.0.1/42281] INFO  server.RaftServer (RaftServerProxy.java:lambda$close$6(391)) - 21742dd4-f00f-4901-aa0f-47c4214f17a6: close
2021-12-08 16:23:33,099 [Listener at 127.0.0.1/42281] INFO  server.RaftServer$Division (RaftServerImpl.java:lambda$close$4(412)) - 21742dd4-f00f-4901-aa0f-47c4214f17a6@group-46DB46A971F0: shutdown
2021-12-08 16:23:33,100 [Listener at 127.0.0.1/42281] INFO  util.JmxRegister (JmxRegister.java:unregister(73)) - Successfully un-registered JMX Bean with object name Ratis:service=RaftServer,group=group-46DB46A971F0,id=21742dd4-f00f-4901-aa0f-47c4214f17a6
2021-12-08 16:23:33,100 [Listener at 127.0.0.1/42281] INFO  impl.RoleInfo (RoleInfo.java:shutdownFollowerState(108)) - 21742dd4-f00f-4901-aa0f-47c4214f17a6: shutdown 21742dd4-f00f-4901-aa0f-47c4214f17a6@group-46DB46A971F0-FollowerState
2021-12-08 16:23:33,100 [Listener at 127.0.0.1/42281] INFO  impl.StateMachineUpdater (StateMachineUpdater.java:stopAndJoin(149)) - 21742dd4-f00f-4901-aa0f-47c4214f17a6@group-46DB46A971F0-StateMachineUpdater: set stopIndex = 0
2021-12-08 16:23:33,100 [21742dd4-f00f-4901-aa0f-47c4214f17a6@group-46DB46A971F0-FollowerState] INFO  impl.FollowerState (FollowerState.java:run(143)) - 21742dd4-f00f-4901-aa0f-47c4214f17a6@group-46DB46A971F0-FollowerState was interrupted: {}
java.lang.InterruptedException: sleep interrupted
	at java.lang.Thread.sleep(Native Method)
	at java.lang.Thread.sleep(Thread.java:340)
	at java.util.concurrent.TimeUnit.sleep(TimeUnit.java:386)
	at org.apache.ratis.util.TimeDuration.sleep(TimeDuration.java:324)
	at org.apache.ratis.util.TimeDuration.sleep(TimeDuration.java:309)
	at org.apache.ratis.server.impl.FollowerState.run(FollowerState.java:118)
2021-12-08 16:23:33,100 [21742dd4-f00f-4901-aa0f-47c4214f17a6@group-46DB46A971F0-StateMachineUpdater] INFO  ratis.ContainerStateMachine (ContainerStateMachine.java:takeSnapshot(299)) - group-46DB46A971F0: Taking a snapshot at:(t:3, i:0) file /home/runner/work/ozone/ozone/hadoop-ozone/integration-test/target/test-dir/MiniOzoneClusterImpl-871b6dc8-7d19-4806-8910-93507a544922/datanode-2/data/ratis/96802253-8d0b-4ccf-bb32-46db46a971f0/sm/snapshot.3_0
2021-12-08 16:23:33,101 [21742dd4-f00f-4901-aa0f-47c4214f17a6@group-46DB46A971F0-StateMachineUpdater] INFO  ratis.ContainerStateMachine (ContainerStateMachine.java:takeSnapshot(310)) - group-46DB46A971F0: Finished taking a snapshot at:(t:3, i:0) file:/home/runner/work/ozone/ozone/hadoop-ozone/integration-test/target/test-dir/MiniOzoneClusterImpl-871b6dc8-7d19-4806-8910-93507a544922/datanode-2/data/ratis/96802253-8d0b-4ccf-bb32-46db46a971f0/sm/snapshot.3_0 took: 0 ms
2021-12-08 16:23:33,101 [21742dd4-f00f-4901-aa0f-47c4214f17a6@group-46DB46A971F0-StateMachineUpdater] INFO  impl.StateMachineUpdater (StateMachineUpdater.java:takeSnapshot(281)) - 21742dd4-f00f-4901-aa0f-47c4214f17a6@group-46DB46A971F0-StateMachineUpdater: Took a snapshot at index 0
2021-12-08 16:23:33,101 [21742dd4-f00f-4901-aa0f-47c4214f17a6@group-46DB46A971F0-StateMachineUpdater] INFO  impl.StateMachineUpdater (StateMachineUpdater.java:lambda$new$0(89)) - 21742dd4-f00f-4901-aa0f-47c4214f17a6@group-46DB46A971F0-StateMachineUpdater: snapshotIndex: updateIncreasingly -1 -> 0
2021-12-08 16:23:33,102 [Listener at 127.0.0.1/42281] INFO  server.RaftServer$Division (ServerState.java:close(419)) - 21742dd4-f00f-4901-aa0f-47c4214f17a6@group-46DB46A971F0: closes. applyIndex: 0
2021-12-08 16:23:33,102 [21742dd4-f00f-4901-aa0f-47c4214f17a6@group-46DB46A971F0-SegmentedRaftLogWorker] INFO  segmented.SegmentedRaftLogWorker (SegmentedRaftLogWorker.java:run(327)) - 21742dd4-f00f-4901-aa0f-47c4214f17a6@group-46DB46A971F0-SegmentedRaftLogWorker was interrupted, exiting. There are 0 tasks remaining in the queue.
2021-12-08 16:23:33,102 [Listener at 127.0.0.1/42281] INFO  segmented.SegmentedRaftLogWorker (SegmentedRaftLogWorker.java:close(237)) - 21742dd4-f00f-4901-aa0f-47c4214f17a6@group-46DB46A971F0-SegmentedRaftLogWorker close()
2021-12-08 16:23:33,103 [Listener at 127.0.0.1/42281] INFO  server.RaftServer$Division (RaftServerImpl.java:lambda$close$4(412)) - 21742dd4-f00f-4901-aa0f-47c4214f17a6@group-AEFA5F9DF58D: shutdown
2021-12-08 16:23:33,104 [Listener at 127.0.0.1/42281] INFO  util.JmxRegister (JmxRegister.java:unregister(73)) - Successfully un-registered JMX Bean with object name Ratis:service=RaftServer,group=group-AEFA5F9DF58D,id=21742dd4-f00f-4901-aa0f-47c4214f17a6
2021-12-08 16:23:33,104 [Listener at 127.0.0.1/42281] INFO  impl.RoleInfo (RoleInfo.java:shutdownFollowerState(108)) - 21742dd4-f00f-4901-aa0f-47c4214f17a6: shutdown 21742dd4-f00f-4901-aa0f-47c4214f17a6@group-AEFA5F9DF58D-FollowerState
2021-12-08 16:23:33,104 [21742dd4-f00f-4901-aa0f-47c4214f17a6@group-AEFA5F9DF58D-FollowerState] INFO  impl.FollowerState (FollowerState.java:run(143)) - 21742dd4-f00f-4901-aa0f-47c4214f17a6@group-AEFA5F9DF58D-FollowerState was interrupted: {}
java.lang.InterruptedException: sleep interrupted
	at java.lang.Thread.sleep(Native Method)
	at java.lang.Thread.sleep(Thread.java:340)
	at java.util.concurrent.TimeUnit.sleep(TimeUnit.java:386)
	at org.apache.ratis.util.TimeDuration.sleep(TimeDuration.java:324)
	at org.apache.ratis.util.TimeDuration.sleep(TimeDuration.java:309)
	at org.apache.ratis.server.impl.FollowerState.run(FollowerState.java:118)
2021-12-08 16:23:33,104 [Listener at 127.0.0.1/42281] INFO  impl.StateMachineUpdater (StateMachineUpdater.java:stopAndJoin(149)) - 21742dd4-f00f-4901-aa0f-47c4214f17a6@group-AEFA5F9DF58D-StateMachineUpdater: set stopIndex = -1
2021-12-08 16:23:33,104 [EndpointStateMachine task thread for /127.0.0.1:13473 - 0 ] INFO  ipc.Client (Client.java:handleConnectionFailure(977)) - Retrying connect to server: localhost/127.0.0.1:13473. Already tried 4 time(s); retry policy is RetryUpToMaximumCountWithFixedSleep(maxRetries=15, sleepTime=1000 MILLISECONDS)
2021-12-08 16:23:33,105 [Listener at 127.0.0.1/42281] INFO  server.RaftServer$Division (ServerState.java:close(419)) - 21742dd4-f00f-4901-aa0f-47c4214f17a6@group-AEFA5F9DF58D: closes. applyIndex: -1
2021-12-08 16:23:33,105 [21742dd4-f00f-4901-aa0f-47c4214f17a6@group-AEFA5F9DF58D-SegmentedRaftLogWorker] INFO  segmented.SegmentedRaftLogWorker (SegmentedRaftLogWorker.java:run(327)) - 21742dd4-f00f-4901-aa0f-47c4214f17a6@group-AEFA5F9DF58D-SegmentedRaftLogWorker was interrupted, exiting. There are 0 tasks remaining in the queue.
2021-12-08 16:23:33,105 [Listener at 127.0.0.1/42281] INFO  segmented.SegmentedRaftLogWorker (SegmentedRaftLogWorker.java:close(237)) - 21742dd4-f00f-4901-aa0f-47c4214f17a6@group-AEFA5F9DF58D-SegmentedRaftLogWorker close()
2021-12-08 16:23:33,105 [Listener at 127.0.0.1/42281] INFO  server.RaftServer$Division (RaftServerImpl.java:lambda$close$4(412)) - 21742dd4-f00f-4901-aa0f-47c4214f17a6@group-FA843695D7C2: shutdown
2021-12-08 16:23:33,105 [Listener at 127.0.0.1/42281] INFO  util.JmxRegister (JmxRegister.java:unregister(73)) - Successfully un-registered JMX Bean with object name Ratis:service=RaftServer,group=group-FA843695D7C2,id=21742dd4-f00f-4901-aa0f-47c4214f17a6
2021-12-08 16:23:33,105 [Listener at 127.0.0.1/42281] INFO  impl.RoleInfo (RoleInfo.java:shutdownLeaderState(91)) - 21742dd4-f00f-4901-aa0f-47c4214f17a6: shutdown 21742dd4-f00f-4901-aa0f-47c4214f17a6@group-FA843695D7C2-LeaderStateImpl
2021-12-08 16:23:33,106 [Listener at 127.0.0.1/42281] INFO  impl.PendingRequests (PendingRequests.java:sendNotLeaderResponses(282)) - 21742dd4-f00f-4901-aa0f-47c4214f17a6@group-FA843695D7C2-PendingRequests: sendNotLeaderResponses
2021-12-08 16:23:33,106 [21742dd4-f00f-4901-aa0f-47c4214f17a6@group-FA843695D7C2-StateMachineUpdater] INFO  ratis.ContainerStateMachine (ContainerStateMachine.java:takeSnapshot(299)) - group-FA843695D7C2: Taking a snapshot at:(t:1, i:0) file /home/runner/work/ozone/ozone/hadoop-ozone/integration-test/target/test-dir/MiniOzoneClusterImpl-871b6dc8-7d19-4806-8910-93507a544922/datanode-2/data/ratis/4253f09f-a425-4633-8815-fa843695d7c2/sm/snapshot.1_0
2021-12-08 16:23:33,107 [Listener at 127.0.0.1/42281] INFO  impl.StateMachineUpdater (StateMachineUpdater.java:stopAndJoin(149)) - 21742dd4-f00f-4901-aa0f-47c4214f17a6@group-FA843695D7C2-StateMachineUpdater: set stopIndex = 0
2021-12-08 16:23:33,123 [21742dd4-f00f-4901-aa0f-47c4214f17a6@group-FA843695D7C2-StateMachineUpdater] INFO  ratis.ContainerStateMachine (ContainerStateMachine.java:takeSnapshot(310)) - group-FA843695D7C2: Finished taking a snapshot at:(t:1, i:0) file:/home/runner/work/ozone/ozone/hadoop-ozone/integration-test/target/test-dir/MiniOzoneClusterImpl-871b6dc8-7d19-4806-8910-93507a544922/datanode-2/data/ratis/4253f09f-a425-4633-8815-fa843695d7c2/sm/snapshot.1_0 took: 16 ms
2021-12-08 16:23:33,123 [21742dd4-f00f-4901-aa0f-47c4214f17a6@group-FA843695D7C2-StateMachineUpdater] INFO  impl.StateMachineUpdater (StateMachineUpdater.java:takeSnapshot(281)) - 21742dd4-f00f-4901-aa0f-47c4214f17a6@group-FA843695D7C2-StateMachineUpdater: Took a snapshot at index 0
2021-12-08 16:23:33,123 [21742dd4-f00f-4901-aa0f-47c4214f17a6@group-FA843695D7C2-StateMachineUpdater] INFO  impl.StateMachineUpdater (StateMachineUpdater.java:lambda$new$0(89)) - 21742dd4-f00f-4901-aa0f-47c4214f17a6@group-FA843695D7C2-StateMachineUpdater: snapshotIndex: updateIncreasingly -1 -> 0
2021-12-08 16:23:33,123 [Listener at 127.0.0.1/42281] INFO  server.RaftServer$Division (ServerState.java:close(419)) - 21742dd4-f00f-4901-aa0f-47c4214f17a6@group-FA843695D7C2: closes. applyIndex: 0
2021-12-08 16:23:33,123 [21742dd4-f00f-4901-aa0f-47c4214f17a6@group-FA843695D7C2-SegmentedRaftLogWorker] INFO  segmented.SegmentedRaftLogWorker (SegmentedRaftLogWorker.java:run(327)) - 21742dd4-f00f-4901-aa0f-47c4214f17a6@group-FA843695D7C2-SegmentedRaftLogWorker was interrupted, exiting. There are 0 tasks remaining in the queue.
2021-12-08 16:23:33,124 [Listener at 127.0.0.1/42281] INFO  segmented.SegmentedRaftLogWorker (SegmentedRaftLogWorker.java:close(237)) - 21742dd4-f00f-4901-aa0f-47c4214f17a6@group-FA843695D7C2-SegmentedRaftLogWorker close()
2021-12-08 16:23:33,124 [Listener at 127.0.0.1/42281] INFO  server.GrpcService (GrpcService.java:closeImpl(262)) - 21742dd4-f00f-4901-aa0f-47c4214f17a6: shutdown server with port 43053 now
2021-12-08 16:23:33,136 [Listener at 127.0.0.1/42281] INFO  server.GrpcService (GrpcService.java:closeImpl(271)) - 21742dd4-f00f-4901-aa0f-47c4214f17a6: shutdown server with port 43053 successfully
2021-12-08 16:23:33,137 [org.apache.ratis.util.JvmPauseMonitor$$Lambda$430/1691312302@4d97dbe8] INFO  util.JvmPauseMonitor (JvmPauseMonitor.java:run(109)) - JvmPauseMonitor-21742dd4-f00f-4901-aa0f-47c4214f17a6: Stopped
2021-12-08 16:23:33,750 [EndpointStateMachine task thread for /127.0.0.1:15821 - 0 ] INFO  ipc.Client (Client.java:handleConnectionFailure(977)) - Retrying connect to server: localhost/127.0.0.1:15821. Already tried 1 time(s); retry policy is RetryUpToMaximumCountWithFixedSleep(maxRetries=15, sleepTime=1000 MILLISECONDS)
2021-12-08 16:23:34,105 [EndpointStateMachine task thread for /127.0.0.1:13473 - 0 ] INFO  ipc.Client (Client.java:handleConnectionFailure(977)) - Retrying connect to server: localhost/127.0.0.1:13473. Already tried 5 time(s); retry policy is RetryUpToMaximumCountWithFixedSleep(maxRetries=15, sleepTime=1000 MILLISECONDS)
2021-12-08 16:23:34,751 [EndpointStateMachine task thread for /127.0.0.1:15821 - 0 ] INFO  ipc.Client (Client.java:handleConnectionFailure(977)) - Retrying connect to server: localhost/127.0.0.1:15821. Already tried 2 time(s); retry policy is RetryUpToMaximumCountWithFixedSleep(maxRetries=15, sleepTime=1000 MILLISECONDS)
2021-12-08 16:23:35,105 [EndpointStateMachine task thread for /127.0.0.1:13473 - 0 ] INFO  ipc.Client (Client.java:handleConnectionFailure(977)) - Retrying connect to server: localhost/127.0.0.1:13473. Already tried 6 time(s); retry policy is RetryUpToMaximumCountWithFixedSleep(maxRetries=15, sleepTime=1000 MILLISECONDS)
2021-12-08 16:23:35,752 [EndpointStateMachine task thread for /127.0.0.1:15821 - 0 ] INFO  ipc.Client (Client.java:handleConnectionFailure(977)) - Retrying connect to server: localhost/127.0.0.1:15821. Already tried 3 time(s); retry policy is RetryUpToMaximumCountWithFixedSleep(maxRetries=15, sleepTime=1000 MILLISECONDS)
2021-12-08 16:23:36,107 [EndpointStateMachine task thread for /127.0.0.1:13473 - 0 ] INFO  ipc.Client (Client.java:handleConnectionFailure(977)) - Retrying connect to server: localhost/127.0.0.1:13473. Already tried 7 time(s); retry policy is RetryUpToMaximumCountWithFixedSleep(maxRetries=15, sleepTime=1000 MILLISECONDS)
2021-12-08 16:23:36,752 [EndpointStateMachine task thread for /127.0.0.1:15821 - 0 ] INFO  ipc.Client (Client.java:handleConnectionFailure(977)) - Retrying connect to server: localhost/127.0.0.1:15821. Already tried 4 time(s); retry policy is RetryUpToMaximumCountWithFixedSleep(maxRetries=15, sleepTime=1000 MILLISECONDS)
2021-12-08 16:23:37,108 [EndpointStateMachine task thread for /127.0.0.1:13473 - 0 ] INFO  ipc.Client (Client.java:handleConnectionFailure(977)) - Retrying connect to server: localhost/127.0.0.1:13473. Already tried 8 time(s); retry policy is RetryUpToMaximumCountWithFixedSleep(maxRetries=15, sleepTime=1000 MILLISECONDS)
2021-12-08 16:23:37,753 [EndpointStateMachine task thread for /127.0.0.1:15821 - 0 ] INFO  ipc.Client (Client.java:handleConnectionFailure(977)) - Retrying connect to server: localhost/127.0.0.1:15821. Already tried 5 time(s); retry policy is RetryUpToMaximumCountWithFixedSleep(maxRetries=15, sleepTime=1000 MILLISECONDS)
2021-12-08 16:23:38,108 [EndpointStateMachine task thread for /127.0.0.1:13473 - 0 ] INFO  ipc.Client (Client.java:handleConnectionFailure(977)) - Retrying connect to server: localhost/127.0.0.1:13473. Already tried 9 time(s); retry policy is RetryUpToMaximumCountWithFixedSleep(maxRetries=15, sleepTime=1000 MILLISECONDS)
2021-12-08 16:23:38,753 [EndpointStateMachine task thread for /127.0.0.1:15821 - 0 ] INFO  ipc.Client (Client.java:handleConnectionFailure(977)) - Retrying connect to server: localhost/127.0.0.1:15821. Already tried 6 time(s); retry policy is RetryUpToMaximumCountWithFixedSleep(maxRetries=15, sleepTime=1000 MILLISECONDS)
2021-12-08 16:23:39,109 [EndpointStateMachine task thread for /127.0.0.1:13473 - 0 ] INFO  ipc.Client (Client.java:handleConnectionFailure(977)) - Retrying connect to server: localhost/127.0.0.1:13473. Already tried 10 time(s); retry policy is RetryUpToMaximumCountWithFixedSleep(maxRetries=15, sleepTime=1000 MILLISECONDS)
2021-12-08 16:23:39,754 [EndpointStateMachine task thread for /127.0.0.1:15821 - 0 ] INFO  ipc.Client (Client.java:handleConnectionFailure(977)) - Retrying connect to server: localhost/127.0.0.1:15821. Already tried 7 time(s); retry policy is RetryUpToMaximumCountWithFixedSleep(maxRetries=15, sleepTime=1000 MILLISECONDS)
2021-12-08 16:23:40,110 [EndpointStateMachine task thread for /127.0.0.1:13473 - 0 ] INFO  ipc.Client (Client.java:handleConnectionFailure(977)) - Retrying connect to server: localhost/127.0.0.1:13473. Already tried 11 time(s); retry policy is RetryUpToMaximumCountWithFixedSleep(maxRetries=15, sleepTime=1000 MILLISECONDS)
2021-12-08 16:23:40,146 [Listener at 127.0.0.1/42281] INFO  utils.BackgroundService (BackgroundService.java:shutdown(132)) - Shutting down service BlockDeletingService
2021-12-08 16:23:40,755 [EndpointStateMachine task thread for /127.0.0.1:15821 - 0 ] INFO  ipc.Client (Client.java:handleConnectionFailure(977)) - Retrying connect to server: localhost/127.0.0.1:15821. Already tried 8 time(s); retry policy is RetryUpToMaximumCountWithFixedSleep(maxRetries=15, sleepTime=1000 MILLISECONDS)
2021-12-08 16:23:41,110 [EndpointStateMachine task thread for /127.0.0.1:13473 - 0 ] INFO  ipc.Client (Client.java:handleConnectionFailure(977)) - Retrying connect to server: localhost/127.0.0.1:13473. Already tried 12 time(s); retry policy is RetryUpToMaximumCountWithFixedSleep(maxRetries=15, sleepTime=1000 MILLISECONDS)
2021-12-08 16:23:41,755 [EndpointStateMachine task thread for /127.0.0.1:15821 - 0 ] INFO  ipc.Client (Client.java:handleConnectionFailure(977)) - Retrying connect to server: localhost/127.0.0.1:15821. Already tried 9 time(s); retry policy is RetryUpToMaximumCountWithFixedSleep(maxRetries=15, sleepTime=1000 MILLISECONDS)
2021-12-08 16:23:42,111 [EndpointStateMachine task thread for /127.0.0.1:13473 - 0 ] INFO  ipc.Client (Client.java:handleConnectionFailure(977)) - Retrying connect to server: localhost/127.0.0.1:13473. Already tried 13 time(s); retry policy is RetryUpToMaximumCountWithFixedSleep(maxRetries=15, sleepTime=1000 MILLISECONDS)
2021-12-08 16:23:42,756 [EndpointStateMachine task thread for /127.0.0.1:15821 - 0 ] INFO  ipc.Client (Client.java:handleConnectionFailure(977)) - Retrying connect to server: localhost/127.0.0.1:15821. Already tried 10 time(s); retry policy is RetryUpToMaximumCountWithFixedSleep(maxRetries=15, sleepTime=1000 MILLISECONDS)
2021-12-08 16:23:43,111 [EndpointStateMachine task thread for /127.0.0.1:13473 - 0 ] INFO  ipc.Client (Client.java:handleConnectionFailure(977)) - Retrying connect to server: localhost/127.0.0.1:13473. Already tried 14 time(s); retry policy is RetryUpToMaximumCountWithFixedSleep(maxRetries=15, sleepTime=1000 MILLISECONDS)
2021-12-08 16:23:43,148 [Listener at 127.0.0.1/42281] INFO  statemachine.DatanodeStateMachine (DatanodeStateMachine.java:stopDaemon(526)) - Ozone container server stopped.
2021-12-08 16:23:43,149 [Listener at 127.0.0.1/42281] INFO  handler.ContextHandler (ContextHandler.java:doStop(1153)) - Stopped o.e.j.w.WebAppContext@37a86218{hddsDatanode,/,null,STOPPED}{jar:file:/home/runner/.m2/repository/org/apache/ozone/hdds-container-service/1.3.0-SNAPSHOT/hdds-container-service-1.3.0-SNAPSHOT.jar!/webapps/hddsDatanode}
2021-12-08 16:23:43,151 [Listener at 127.0.0.1/42281] INFO  server.AbstractConnector (AbstractConnector.java:doStop(381)) - Stopped ServerConnector@6012ce8e{HTTP/1.1, (http/1.1)}{0.0.0.0:0}
2021-12-08 16:23:43,151 [Listener at 127.0.0.1/42281] INFO  server.session (HouseKeeper.java:stopScavenging(149)) - node0 Stopped scavenging
2021-12-08 16:23:43,151 [Listener at 127.0.0.1/42281] INFO  handler.ContextHandler (ContextHandler.java:doStop(1153)) - Stopped o.e.j.s.ServletContextHandler@40e1fae3{static,/static,jar:file:/home/runner/.m2/repository/org/apache/ozone/hdds-container-service/1.3.0-SNAPSHOT/hdds-container-service-1.3.0-SNAPSHOT.jar!/webapps/static,STOPPED}
2021-12-08 16:23:43,151 [Listener at 127.0.0.1/42281] INFO  handler.ContextHandler (ContextHandler.java:doStop(1153)) - Stopped o.e.j.s.ServletContextHandler@3d038baf{logs,/logs,file:///home/runner/work/ozone/ozone/hadoop-ozone/integration-test/target/log,STOPPED}
]]></system-out>
  </testcase>
  <testcase name="testBootstrap" classname="org.apache.hadoop.ozone.om.TestOzoneManagerBootstrap" time="69.647"/>
</testsuite>