<?xml version="1.0" encoding="UTF-8"?>
<testsuite xmlns:xsi="http://www.w3.org/2001/XMLSchema-instance" xsi:noNamespaceSchemaLocation="https://maven.apache.org/surefire/maven-surefire-plugin/xsd/surefire-test-report-3.0.xsd" version="3.0" name="org.apache.hadoop.ozone.om.TestObjectStoreWithLegacyFS" time="28.854" tests="2" errors="0" skipped="0" failures="1">
  <properties>
    <property name="awt.toolkit" value="sun.awt.X11.XToolkit"/>
    <property name="file.encoding.pkg" value="sun.io"/>
    <property name="java.specification.version" value="1.8"/>
    <property name="sun.cpu.isalist" value=""/>
    <property name="sun.jnu.encoding" value="UTF-8"/>
    <property name="java.class.path" value="/home/runner/work/ozone/ozone/hadoop-ozone/integration-test/target/test-classes:/home/runner/work/ozone/ozone/hadoop-ozone/integration-test/target/classes:/home/runner/.m2/repository/org/apache/ozone/ozone-common/1.3.0-SNAPSHOT/ozone-common-1.3.0-SNAPSHOT.jar:/home/runner/.m2/repository/io/grpc/grpc-netty/1.48.1/grpc-netty-1.48.1.jar:/home/runner/.m2/repository/io/grpc/grpc-core/1.48.1/grpc-core-1.48.1.jar:/home/runner/.m2/repository/com/google/android/annotations/4.1.1.4/annotations-4.1.1.4.jar:/home/runner/.m2/repository/org/codehaus/mojo/animal-sniffer-annotations/1.21/animal-sniffer-annotations-1.21.jar:/home/runner/.m2/repository/com/google/errorprone/error_prone_annotations/2.2.0/error_prone_annotations-2.2.0.jar:/home/runner/.m2/repository/io/perfmark/perfmark-api/0.25.0/perfmark-api-0.25.0.jar:/home/runner/.m2/repository/io/netty/netty-codec-http2/4.1.79.Final/netty-codec-http2-4.1.79.Final.jar:/home/runner/.m2/repository/io/netty/netty-common/4.1.79.Final/netty-common-4.1.79.Final.jar:/home/runner/.m2/repository/io/netty/netty-buffer/4.1.79.Final/netty-buffer-4.1.79.Final.jar:/home/runner/.m2/repository/io/netty/netty-codec-http/4.1.79.Final/netty-codec-http-4.1.79.Final.jar:/home/runner/.m2/repository/io/netty/netty-handler-proxy/4.1.79.Final/netty-handler-proxy-4.1.79.Final.jar:/home/runner/.m2/repository/io/netty/netty-codec-socks/4.1.79.Final/netty-codec-socks-4.1.79.Final.jar:/home/runner/.m2/repository/io/netty/netty-tcnative-boringssl-static/2.0.53.Final/netty-tcnative-boringssl-static-2.0.53.Final.jar:/home/runner/.m2/repository/io/netty/netty-tcnative-classes/2.0.53.Final/netty-tcnative-classes-2.0.53.Final.jar:/home/runner/.m2/repository/io/netty/netty-tcnative-boringssl-static/2.0.53.Final/netty-tcnative-boringssl-static-2.0.53.Final-linux-x86_64.jar:/home/runner/.m2/repository/io/netty/netty-tcnative-boringssl-static/2.0.53.Final/netty-tcnative-boringssl-static-2.0.53.Final-linux-aarch_64.jar:/home/runner/.m2/repository/io/netty/netty-tcnative-boringssl-static/2.0.53.Final/netty-tcnative-boringssl-static-2.0.53.Final-osx-x86_64.jar:/home/runner/.m2/repository/io/netty/netty-tcnative-boringssl-static/2.0.53.Final/netty-tcnative-boringssl-static-2.0.53.Final-osx-aarch_64.jar:/home/runner/.m2/repository/io/netty/netty-tcnative-boringssl-static/2.0.53.Final/netty-tcnative-boringssl-static-2.0.53.Final-windows-x86_64.jar:/home/runner/.m2/repository/org/apache/commons/commons-compress/1.21/commons-compress-1.21.jar:/home/runner/.m2/repository/org/apache/ozone/hdds-common/1.3.0-SNAPSHOT/hdds-common-1.3.0-SNAPSHOT.jar:/home/runner/.m2/repository/org/apache/ozone/hdds-client/1.3.0-SNAPSHOT/hdds-client-1.3.0-SNAPSHOT.jar:/home/runner/.m2/repository/org/apache/ozone/ozone-interface-client/1.3.0-SNAPSHOT/ozone-interface-client-1.3.0-SNAPSHOT.jar:/home/runner/.m2/repository/org/apache/ozone/hdds-test-utils/1.3.0-SNAPSHOT/hdds-test-utils-1.3.0-SNAPSHOT.jar:/home/runner/.m2/repository/com/google/guava/guava/31.1-jre/guava-31.1-jre.jar:/home/runner/.m2/repository/com/google/guava/failureaccess/1.0.1/failureaccess-1.0.1.jar:/home/runner/.m2/repository/com/google/guava/listenablefuture/9999.0-empty-to-avoid-conflict-with-guava/listenablefuture-9999.0-empty-to-avoid-conflict-with-guava.jar:/home/runner/.m2/repository/com/google/code/findbugs/jsr305/3.0.0/jsr305-3.0.0.jar:/home/runner/.m2/repository/org/checkerframework/checker-qual/3.12.0/checker-qual-3.12.0.jar:/home/runner/.m2/repository/com/google/j2objc/j2objc-annotations/1.3/j2objc-annotations-1.3.jar:/home/runner/.m2/repository/commons-io/commons-io/2.11.0/commons-io-2.11.0.jar:/home/runner/.m2/repository/commons-logging/commons-logging/1.2/commons-logging-1.2.jar:/home/runner/.m2/repository/ch/qos/reload4j/reload4j/1.2.22/reload4j-1.2.22.jar:/home/runner/.m2/repository/org/slf4j/slf4j-api/1.7.36/slf4j-api-1.7.36.jar:/home/runner/.m2/repository/org/apache/ozone/hdds-server-scm/1.3.0-SNAPSHOT/hdds-server-scm-1.3.0-SNAPSHOT.jar:/home/runner/.m2/repository/org/apache/ozone/hdds-container-service/1.3.0-SNAPSHOT/hdds-container-service-1.3.0-SNAPSHOT.jar:/home/runner/.m2/repository/org/apache/ozone/hdds-hadoop-dependency-server/1.3.0-SNAPSHOT/hdds-hadoop-dependency-server-1.3.0-SNAPSHOT.jar:/home/runner/.m2/repository/org/apache/hadoop/hadoop-hdfs/3.3.4/hadoop-hdfs-3.3.4.jar:/home/runner/.m2/repository/org/eclipse/jetty/jetty-util-ajax/9.4.49.v20220914/jetty-util-ajax-9.4.49.v20220914.jar:/home/runner/.m2/repository/commons-daemon/commons-daemon/1.0.13/commons-daemon-1.0.13.jar:/home/runner/.m2/repository/org/apache/ozone/hdds-server-framework/1.3.0-SNAPSHOT/hdds-server-framework-1.3.0-SNAPSHOT.jar:/home/runner/.m2/repository/org/apache/ozone/hdds-interface-server/1.3.0-SNAPSHOT/hdds-interface-server-1.3.0-SNAPSHOT.jar:/home/runner/.m2/repository/org/apache/commons/commons-configuration2/2.1.1/commons-configuration2-2.1.1.jar:/home/runner/.m2/repository/org/apache/logging/log4j/log4j-core/2.17.1/log4j-core-2.17.1.jar:/home/runner/.m2/repository/com/lmax/disruptor/3.4.2/disruptor-3.4.2.jar:/home/runner/.m2/repository/org/eclipse/jetty/jetty-servlet/9.4.49.v20220914/jetty-servlet-9.4.49.v20220914.jar:/home/runner/.m2/repository/org/eclipse/jetty/jetty-security/9.4.49.v20220914/jetty-security-9.4.49.v20220914.jar:/home/runner/.m2/repository/org/rocksdb/rocksdbjni/7.7.3/rocksdbjni-7.7.3.jar:/home/runner/.m2/repository/io/prometheus/simpleclient_dropwizard/0.7.0/simpleclient_dropwizard-0.7.0.jar:/home/runner/.m2/repository/io/prometheus/simpleclient/0.7.0/simpleclient-0.7.0.jar:/home/runner/.m2/repository/io/prometheus/simpleclient_common/0.7.0/simpleclient_common-0.7.0.jar:/home/runner/.m2/repository/com/github/spotbugs/spotbugs-annotations/3.1.12/spotbugs-annotations-3.1.12.jar:/home/runner/.m2/repository/io/dropwizard/metrics/metrics-core/3.2.4/metrics-core-3.2.4.jar:/home/runner/.m2/repository/org/apache/commons/commons-text/1.4/commons-text-1.4.jar:/home/runner/.m2/repository/org/apache/hadoop/hadoop-hdfs-client/3.3.4/hadoop-hdfs-client-3.3.4.jar:/home/runner/.m2/repository/com/squareup/okhttp3/okhttp/4.9.3/okhttp-4.9.3.jar:/home/runner/.m2/repository/com/squareup/okio/okio/2.8.0/okio-2.8.0.jar:/home/runner/.m2/repository/org/jetbrains/kotlin/kotlin-stdlib-common/1.4.10/kotlin-stdlib-common-1.4.10.jar:/home/runner/.m2/repository/org/bouncycastle/bcprov-jdk15on/1.67/bcprov-jdk15on-1.67.jar:/home/runner/.m2/repository/com/google/protobuf/protobuf-java/2.5.0/protobuf-java-2.5.0.jar:/home/runner/.m2/repository/org/apache/ozone/ozone-manager/1.3.0-SNAPSHOT/ozone-manager-1.3.0-SNAPSHOT.jar:/home/runner/.m2/repository/org/aspectj/aspectjrt/1.9.7/aspectjrt-1.9.7.jar:/home/runner/.m2/repository/org/aspectj/aspectjweaver/1.9.7/aspectjweaver-1.9.7.jar:/home/runner/.m2/repository/org/apache/ozone/hdds-interface-client/1.3.0-SNAPSHOT/hdds-interface-client-1.3.0-SNAPSHOT.jar:/home/runner/.m2/repository/org/apache/hadoop/thirdparty/hadoop-shaded-protobuf_3_7/1.1.1/hadoop-shaded-protobuf_3_7-1.1.1.jar:/home/runner/.m2/repository/org/apache/ozone/ozone-interface-storage/1.3.0-SNAPSHOT/ozone-interface-storage-1.3.0-SNAPSHOT.jar:/home/runner/.m2/repository/org/reflections/reflections/0.9.11/reflections-0.9.11.jar:/home/runner/.m2/repository/com/sun/jersey/jersey-client/1.19/jersey-client-1.19.jar:/home/runner/.m2/repository/org/apache/ranger/ranger-intg/2.3.0/ranger-intg-2.3.0.jar:/home/runner/.m2/repository/org/apache/ranger/ranger-plugins-common/2.3.0/ranger-plugins-common-2.3.0.jar:/home/runner/.m2/repository/commons-lang/commons-lang/2.6/commons-lang-2.6.jar:/home/runner/.m2/repository/org/codehaus/jackson/jackson-jaxrs/1.9.13/jackson-jaxrs-1.9.13.jar:/home/runner/.m2/repository/org/apache/ranger/ranger-plugins-cred/2.3.0/ranger-plugins-cred-2.3.0.jar:/home/runner/.m2/repository/org/apache/ranger/ranger-plugins-audit/2.3.0/ranger-plugins-audit-2.3.0.jar:/home/runner/.m2/repository/org/eclipse/jetty/jetty-client/9.4.31.v20200723/jetty-client-9.4.31.v20200723.jar:/home/runner/.m2/repository/org/apache/httpcomponents/httpmime/4.5.6/httpmime-4.5.6.jar:/home/runner/.m2/repository/org/apache/httpcomponents/httpcore-nio/4.4.6/httpcore-nio-4.4.6.jar:/home/runner/.m2/repository/org/apache/httpcomponents/httpasyncclient/4.1.3/httpasyncclient-4.1.3.jar:/home/runner/.m2/repository/com/carrotsearch/hppc/0.8.0/hppc-0.8.0.jar:/home/runner/.m2/repository/org/apache/orc/orc-core/1.5.8/orc-core-1.5.8.jar:/home/runner/.m2/repository/net/java/dev/jna/jna/5.2.0/jna-5.2.0.jar:/home/runner/.m2/repository/net/java/dev/jna/jna-platform/5.2.0/jna-platform-5.2.0.jar:/home/runner/.m2/repository/com/kstruct/gethostname4j/0.0.2/gethostname4j-0.0.2.jar:/home/runner/.m2/repository/org/apache/ranger/ranger-plugin-classloader/2.3.0/ranger-plugin-classloader-2.3.0.jar:/home/runner/.m2/repository/org/apache/hadoop/hadoop-minikdc/3.3.4/hadoop-minikdc-3.3.4.jar:/home/runner/.m2/repository/org/apache/kerby/kerb-simplekdc/1.0.1/kerb-simplekdc-1.0.1.jar:/home/runner/.m2/repository/org/apache/kerby/kerb-client/1.0.1/kerb-client-1.0.1.jar:/home/runner/.m2/repository/org/apache/kerby/kerby-config/1.0.1/kerby-config-1.0.1.jar:/home/runner/.m2/repository/org/apache/kerby/kerb-common/1.0.1/kerb-common-1.0.1.jar:/home/runner/.m2/repository/org/apache/kerby/kerb-crypto/1.0.1/kerb-crypto-1.0.1.jar:/home/runner/.m2/repository/org/apache/kerby/kerb-util/1.0.1/kerb-util-1.0.1.jar:/home/runner/.m2/repository/org/apache/kerby/token-provider/1.0.1/token-provider-1.0.1.jar:/home/runner/.m2/repository/org/apache/kerby/kerb-admin/1.0.1/kerb-admin-1.0.1.jar:/home/runner/.m2/repository/org/apache/kerby/kerb-server/1.0.1/kerb-server-1.0.1.jar:/home/runner/.m2/repository/org/apache/kerby/kerb-identity/1.0.1/kerb-identity-1.0.1.jar:/home/runner/.m2/repository/org/apache/kerby/kerby-xdr/1.0.1/kerby-xdr-1.0.1.jar:/home/runner/.m2/repository/org/apache/ozone/ozone-s3gateway/1.3.0-SNAPSHOT/ozone-s3gateway-1.3.0-SNAPSHOT.jar:/home/runner/.m2/repository/org/javassist/javassist/3.21.0-GA/javassist-3.21.0-GA.jar:/home/runner/.m2/repository/org/jboss/weld/servlet/weld-servlet/2.4.7.Final/weld-servlet-2.4.7.Final.jar:/home/runner/.m2/repository/org/glassfish/jersey/containers/jersey-container-servlet-core/2.34/jersey-container-servlet-core-2.34.jar:/home/runner/.m2/repository/org/glassfish/hk2/external/jakarta.inject/2.6.1/jakarta.inject-2.6.1.jar:/home/runner/.m2/repository/org/glassfish/jersey/core/jersey-common/2.34/jersey-common-2.34.jar:/home/runner/.m2/repository/jakarta/ws/rs/jakarta.ws.rs-api/2.1.6/jakarta.ws.rs-api-2.1.6.jar:/home/runner/.m2/repository/org/glassfish/jersey/ext/cdi/jersey-cdi1x/2.34/jersey-cdi1x-2.34.jar:/home/runner/.m2/repository/org/glassfish/jersey/inject/jersey-hk2/2.34/jersey-hk2-2.34.jar:/home/runner/.m2/repository/org/glassfish/hk2/hk2-locator/2.6.1/hk2-locator-2.6.1.jar:/home/runner/.m2/repository/org/glassfish/jersey/media/jersey-media-jaxb/2.34/jersey-media-jaxb-2.34.jar:/home/runner/.m2/repository/org/glassfish/hk2/osgi-resource-locator/1.0.3/osgi-resource-locator-1.0.3.jar:/home/runner/.m2/repository/org/glassfish/hk2/hk2-api/2.5.0/hk2-api-2.5.0.jar:/home/runner/.m2/repository/org/glassfish/hk2/hk2-utils/2.5.0/hk2-utils-2.5.0.jar:/home/runner/.m2/repository/org/glassfish/hk2/external/aopalliance-repackaged/2.5.0/aopalliance-repackaged-2.5.0.jar:/home/runner/.m2/repository/com/fasterxml/jackson/dataformat/jackson-dataformat-xml/2.13.4/jackson-dataformat-xml-2.13.4.jar:/home/runner/.m2/repository/com/fasterxml/jackson/core/jackson-core/2.13.4/jackson-core-2.13.4.jar:/home/runner/.m2/repository/org/codehaus/woodstox/stax2-api/4.2.1/stax2-api-4.2.1.jar:/home/runner/.m2/repository/com/fasterxml/woodstox/woodstox-core/5.4.0/woodstox-core-5.4.0.jar:/home/runner/.m2/repository/com/fasterxml/jackson/module/jackson-module-jaxb-annotations/2.13.4/jackson-module-jaxb-annotations-2.13.4.jar:/home/runner/.m2/repository/jakarta/xml/bind/jakarta.xml.bind-api/2.3.3/jakarta.xml.bind-api-2.3.3.jar:/home/runner/.m2/repository/jakarta/activation/jakarta.activation-api/1.2.1/jakarta.activation-api-1.2.1.jar:/home/runner/.m2/repository/javax/enterprise/cdi-api/1.2/cdi-api-1.2.jar:/home/runner/.m2/repository/javax/el/javax.el-api/3.0.0/javax.el-api-3.0.0.jar:/home/runner/.m2/repository/javax/interceptor/javax.interceptor-api/1.2/javax.interceptor-api-1.2.jar:/home/runner/.m2/repository/javax/inject/javax.inject/1/javax.inject-1.jar:/home/runner/.m2/repository/javax/xml/bind/jaxb-api/2.3.0/jaxb-api-2.3.0.jar:/home/runner/.m2/repository/org/glassfish/jaxb/jaxb-runtime/2.3.0.1/jaxb-runtime-2.3.0.1.jar:/home/runner/.m2/repository/org/glassfish/jaxb/jaxb-core/2.3.0.1/jaxb-core-2.3.0.1.jar:/home/runner/.m2/repository/org/glassfish/jaxb/txw2/2.3.0.1/txw2-2.3.0.1.jar:/home/runner/.m2/repository/com/sun/istack/istack-commons-runtime/3.0.5/istack-commons-runtime-3.0.5.jar:/home/runner/.m2/repository/org/jvnet/staxex/stax-ex/1.7.8/stax-ex-1.7.8.jar:/home/runner/.m2/repository/com/sun/xml/fastinfoset/FastInfoset/1.2.13/FastInfoset-1.2.13.jar:/home/runner/.m2/repository/javax/activation/activation/1.1.1/activation-1.1.1.jar:/home/runner/.m2/repository/io/grpc/grpc-protobuf/1.48.1/grpc-protobuf-1.48.1.jar:/home/runner/.m2/repository/io/grpc/grpc-api/1.48.1/grpc-api-1.48.1.jar:/home/runner/.m2/repository/io/grpc/grpc-context/1.48.1/grpc-context-1.48.1.jar:/home/runner/.m2/repository/com/google/api/grpc/proto-google-common-protos/2.9.0/proto-google-common-protos-2.9.0.jar:/home/runner/.m2/repository/io/grpc/grpc-protobuf-lite/1.48.1/grpc-protobuf-lite-1.48.1.jar:/home/runner/.m2/repository/io/grpc/grpc-stub/1.48.1/grpc-stub-1.48.1.jar:/home/runner/.m2/repository/io/netty/netty-transport/4.1.79.Final/netty-transport-4.1.79.Final.jar:/home/runner/.m2/repository/io/netty/netty-resolver/4.1.79.Final/netty-resolver-4.1.79.Final.jar:/home/runner/.m2/repository/org/apache/ozone/ozone-csi/1.3.0-SNAPSHOT/ozone-csi-1.3.0-SNAPSHOT.jar:/home/runner/.m2/repository/com/google/protobuf/protobuf-java-util/3.19.2/protobuf-java-util-3.19.2.jar:/home/runner/.m2/repository/com/google/code/gson/gson/2.9.0/gson-2.9.0.jar:/home/runner/.m2/repository/org/apache/ozone/hdds-config/1.3.0-SNAPSHOT/hdds-config-1.3.0-SNAPSHOT.jar:/home/runner/.m2/repository/io/netty/netty-transport-native-epoll/4.1.79.Final/netty-transport-native-epoll-4.1.79.Final-linux-x86_64.jar:/home/runner/.m2/repository/io/netty/netty-transport-classes-epoll/4.1.79.Final/netty-transport-classes-epoll-4.1.79.Final.jar:/home/runner/.m2/repository/io/netty/netty-transport-native-unix-common/4.1.79.Final/netty-transport-native-unix-common-4.1.79.Final.jar:/home/runner/.m2/repository/org/slf4j/slf4j-reload4j/1.7.36/slf4j-reload4j-1.7.36.jar:/home/runner/.m2/repository/org/apache/ozone/ozone-recon/1.3.0-SNAPSHOT/ozone-recon-1.3.0-SNAPSHOT.jar:/home/runner/.m2/repository/org/apache/ozone/ozone-reconcodegen/1.3.0-SNAPSHOT/ozone-reconcodegen-1.3.0-SNAPSHOT.jar:/home/runner/.m2/repository/com/google/inject/extensions/guice-multibindings/4.0/guice-multibindings-4.0.jar:/home/runner/.m2/repository/com/google/inject/guice/4.0/guice-4.0.jar:/home/runner/.m2/repository/aopalliance/aopalliance/1.0/aopalliance-1.0.jar:/home/runner/.m2/repository/com/google/inject/extensions/guice-assistedinject/4.0/guice-assistedinject-4.0.jar:/home/runner/.m2/repository/com/google/inject/extensions/guice-servlet/4.0/guice-servlet-4.0.jar:/home/runner/.m2/repository/org/glassfish/jersey/containers/jersey-container-servlet/2.34/jersey-container-servlet-2.34.jar:/home/runner/.m2/repository/org/glassfish/hk2/guice-bridge/2.5.0/guice-bridge-2.5.0.jar:/home/runner/.m2/repository/org/glassfish/jersey/core/jersey-server/2.34/jersey-server-2.34.jar:/home/runner/.m2/repository/org/glassfish/jersey/core/jersey-client/2.34/jersey-client-2.34.jar:/home/runner/.m2/repository/jakarta/annotation/jakarta.annotation-api/1.3.5/jakarta.annotation-api-1.3.5.jar:/home/runner/.m2/repository/jakarta/validation/jakarta.validation-api/2.0.2/jakarta.validation-api-2.0.2.jar:/home/runner/.m2/repository/org/glassfish/jersey/media/jersey-media-json-jackson/2.34/jersey-media-json-jackson-2.34.jar:/home/runner/.m2/repository/org/glassfish/jersey/ext/jersey-entity-filtering/2.34/jersey-entity-filtering-2.34.jar:/home/runner/.m2/repository/org/jooq/jooq/3.11.10/jooq-3.11.10.jar:/home/runner/.m2/repository/org/jooq/jooq-meta/3.11.10/jooq-meta-3.11.10.jar:/home/runner/.m2/repository/org/jooq/jooq-codegen/3.11.10/jooq-codegen-3.11.10.jar:/home/runner/.m2/repository/com/jolbox/bonecp/0.8.0.RELEASE/bonecp-0.8.0.RELEASE.jar:/home/runner/.m2/repository/org/apache/derby/derby/10.14.2.0/derby-10.14.2.0.jar:/home/runner/.m2/repository/org/xerial/sqlite-jdbc/3.25.2/sqlite-jdbc-3.25.2.jar:/home/runner/.m2/repository/org/springframework/spring-jdbc/5.3.23/spring-jdbc-5.3.23.jar:/home/runner/.m2/repository/org/springframework/spring-beans/5.3.23/spring-beans-5.3.23.jar:/home/runner/.m2/repository/org/springframework/spring-core/5.3.23/spring-core-5.3.23.jar:/home/runner/.m2/repository/org/springframework/spring-jcl/5.3.23/spring-jcl-5.3.23.jar:/home/runner/.m2/repository/org/springframework/spring-tx/5.3.23/spring-tx-5.3.23.jar:/home/runner/.m2/repository/org/apache/ozone/ozone-client/1.3.0-SNAPSHOT/ozone-client-1.3.0-SNAPSHOT.jar:/home/runner/.m2/repository/org/apache/ozone/hdds-erasurecode/1.3.0-SNAPSHOT/hdds-erasurecode-1.3.0-SNAPSHOT.jar:/home/runner/.m2/repository/org/apache/ozone/ozone-filesystem/1.3.0-SNAPSHOT/ozone-filesystem-1.3.0-SNAPSHOT.jar:/home/runner/.m2/repository/org/apache/ozone/ozone-filesystem-common/1.3.0-SNAPSHOT/ozone-filesystem-common-1.3.0-SNAPSHOT.jar:/home/runner/.m2/repository/org/apache/ozone/ozone-tools/1.3.0-SNAPSHOT/ozone-tools-1.3.0-SNAPSHOT.jar:/home/runner/.m2/repository/org/apache/ratis/ratis-tools/2.4.0/ratis-tools-2.4.0.jar:/home/runner/.m2/repository/com/amazonaws/aws-java-sdk-core/1.12.261/aws-java-sdk-core-1.12.261.jar:/home/runner/.m2/repository/org/apache/httpcomponents/httpclient/4.5.13/httpclient-4.5.13.jar:/home/runner/.m2/repository/org/apache/httpcomponents/httpcore/4.4.13/httpcore-4.4.13.jar:/home/runner/.m2/repository/software/amazon/ion/ion-java/1.0.2/ion-java-1.0.2.jar:/home/runner/.m2/repository/com/fasterxml/jackson/dataformat/jackson-dataformat-cbor/2.13.4/jackson-dataformat-cbor-2.13.4.jar:/home/runner/.m2/repository/joda-time/joda-time/2.8.1/joda-time-2.8.1.jar:/home/runner/.m2/repository/com/amazonaws/aws-java-sdk-s3/1.12.261/aws-java-sdk-s3-1.12.261.jar:/home/runner/.m2/repository/com/amazonaws/aws-java-sdk-kms/1.12.261/aws-java-sdk-kms-1.12.261.jar:/home/runner/.m2/repository/com/amazonaws/jmespath-java/1.12.261/jmespath-java-1.12.261.jar:/home/runner/.m2/repository/org/kohsuke/metainf-services/metainf-services/1.8/metainf-services-1.8.jar:/home/runner/.m2/repository/org/apache/ozone/hdds-tools/1.3.0-SNAPSHOT/hdds-tools-1.3.0-SNAPSHOT.jar:/home/runner/.m2/repository/commons-cli/commons-cli/1.2/commons-cli-1.2.jar:/home/runner/.m2/repository/org/apache/commons/commons-lang3/3.7/commons-lang3-3.7.jar:/home/runner/.m2/repository/org/apache/ozone/ozone-manager/1.3.0-SNAPSHOT/ozone-manager-1.3.0-SNAPSHOT-tests.jar:/home/runner/.m2/repository/org/apache/ozone/hdds-common/1.3.0-SNAPSHOT/hdds-common-1.3.0-SNAPSHOT-tests.jar:/home/runner/.m2/repository/org/apache/ozone/hdds-hadoop-dependency-client/1.3.0-SNAPSHOT/hdds-hadoop-dependency-client-1.3.0-SNAPSHOT.jar:/home/runner/.m2/repository/info/picocli/picocli/4.6.1/picocli-4.6.1.jar:/home/runner/.m2/repository/com/fasterxml/jackson/core/jackson-annotations/2.13.4/jackson-annotations-2.13.4.jar:/home/runner/.m2/repository/com/fasterxml/jackson/datatype/jackson-datatype-jsr310/2.13.4/jackson-datatype-jsr310-2.13.4.jar:/home/runner/.m2/repository/org/apache/ozone/hdds-annotation-processing/1.3.0-SNAPSHOT/hdds-annotation-processing-1.3.0-SNAPSHOT.jar:/home/runner/.m2/repository/javax/annotation/javax.annotation-api/1.2/javax.annotation-api-1.2.jar:/home/runner/.m2/repository/org/apache/ratis/ratis-server/2.4.0/ratis-server-2.4.0.jar:/home/runner/.m2/repository/org/apache/ratis/ratis-client/2.4.0/ratis-client-2.4.0.jar:/home/runner/.m2/repository/org/apache/ratis/ratis-server-api/2.4.0/ratis-server-api-2.4.0.jar:/home/runner/.m2/repository/org/apache/ratis/ratis-metrics/2.4.0/ratis-metrics-2.4.0.jar:/home/runner/.m2/repository/org/apache/ratis/ratis-netty/2.4.0/ratis-netty-2.4.0.jar:/home/runner/.m2/repository/org/apache/ratis/ratis-grpc/2.4.0/ratis-grpc-2.4.0.jar:/home/runner/.m2/repository/org/apache/logging/log4j/log4j-api/2.17.1/log4j-api-2.17.1.jar:/home/runner/.m2/repository/org/apache/commons/commons-pool2/2.6.0/commons-pool2-2.6.0.jar:/home/runner/.m2/repository/org/bouncycastle/bcpkix-jdk15on/1.67/bcpkix-jdk15on-1.67.jar:/home/runner/.m2/repository/commons-validator/commons-validator/1.6/commons-validator-1.6.jar:/home/runner/.m2/repository/commons-beanutils/commons-beanutils/1.9.4/commons-beanutils-1.9.4.jar:/home/runner/.m2/repository/commons-digester/commons-digester/1.8.1/commons-digester-1.8.1.jar:/home/runner/.m2/repository/commons-collections/commons-collections/3.2.2/commons-collections-3.2.2.jar:/home/runner/.m2/repository/io/jaegertracing/jaeger-client/1.6.0/jaeger-client-1.6.0.jar:/home/runner/.m2/repository/io/jaegertracing/jaeger-thrift/1.6.0/jaeger-thrift-1.6.0.jar:/home/runner/.m2/repository/org/apache/thrift/libthrift/0.14.1/libthrift-0.14.1.jar:/home/runner/.m2/repository/io/jaegertracing/jaeger-core/1.6.0/jaeger-core-1.6.0.jar:/home/runner/.m2/repository/io/jaegertracing/jaeger-tracerresolver/1.6.0/jaeger-tracerresolver-1.6.0.jar:/home/runner/.m2/repository/io/opentracing/contrib/opentracing-tracerresolver/0.1.8/opentracing-tracerresolver-0.1.8.jar:/home/runner/.m2/repository/org/jetbrains/kotlin/kotlin-stdlib/1.6.21/kotlin-stdlib-1.6.21.jar:/home/runner/.m2/repository/org/jetbrains/annotations/13.0/annotations-13.0.jar:/home/runner/.m2/repository/io/opentracing/opentracing-util/0.33.0/opentracing-util-0.33.0.jar:/home/runner/.m2/repository/io/opentracing/opentracing-api/0.33.0/opentracing-api-0.33.0.jar:/home/runner/.m2/repository/io/opentracing/opentracing-noop/0.33.0/opentracing-noop-0.33.0.jar:/home/runner/.m2/repository/org/yaml/snakeyaml/1.33/snakeyaml-1.33.jar:/home/runner/.m2/repository/org/apache/ozone/hdds-interface-admin/1.3.0-SNAPSHOT/hdds-interface-admin-1.3.0-SNAPSHOT.jar:/home/runner/.m2/repository/junit/junit/4.13.1/junit-4.13.1.jar:/home/runner/.m2/repository/org/hamcrest/hamcrest-core/1.3/hamcrest-core-1.3.jar:/home/runner/.m2/repository/org/junit/jupiter/junit-jupiter-api/5.8.2/junit-jupiter-api-5.8.2.jar:/home/runner/.m2/repository/org/opentest4j/opentest4j/1.2.0/opentest4j-1.2.0.jar:/home/runner/.m2/repository/org/junit/platform/junit-platform-commons/1.8.2/junit-platform-commons-1.8.2.jar:/home/runner/.m2/repository/org/apiguardian/apiguardian-api/1.1.2/apiguardian-api-1.1.2.jar:/home/runner/.m2/repository/org/junit/jupiter/junit-jupiter-params/5.8.2/junit-jupiter-params-5.8.2.jar:/home/runner/.m2/repository/org/junit/jupiter/junit-jupiter-migrationsupport/5.8.2/junit-jupiter-migrationsupport-5.8.2.jar:/home/runner/.m2/repository/org/junit/jupiter/junit-jupiter-engine/5.8.2/junit-jupiter-engine-5.8.2.jar:/home/runner/.m2/repository/org/junit/platform/junit-platform-engine/1.8.2/junit-platform-engine-1.8.2.jar:/home/runner/.m2/repository/org/junit/vintage/junit-vintage-engine/5.8.2/junit-vintage-engine-5.8.2.jar:/home/runner/.m2/repository/org/junit/platform/junit-platform-launcher/1.8.2/junit-platform-launcher-1.8.2.jar:/home/runner/.m2/repository/org/mockito/mockito-core/2.28.2/mockito-core-2.28.2.jar:/home/runner/.m2/repository/net/bytebuddy/byte-buddy/1.9.10/byte-buddy-1.9.10.jar:/home/runner/.m2/repository/net/bytebuddy/byte-buddy-agent/1.9.10/byte-buddy-agent-1.9.10.jar:/home/runner/.m2/repository/org/objenesis/objenesis/1.0/objenesis-1.0.jar:/home/runner/.m2/repository/org/apache/hadoop/hadoop-kms/3.3.4/hadoop-kms-3.3.4.jar:/home/runner/.m2/repository/org/apache/hadoop/hadoop-auth/3.3.4/hadoop-auth-3.3.4.jar:/home/runner/.m2/repository/com/nimbusds/nimbus-jose-jwt/9.8.1/nimbus-jose-jwt-9.8.1.jar:/home/runner/.m2/repository/com/github/stephenc/jcip/jcip-annotations/1.0-1/jcip-annotations-1.0-1.jar:/home/runner/.m2/repository/net/minidev/json-smart/2.4.7/json-smart-2.4.7.jar:/home/runner/.m2/repository/net/minidev/accessors-smart/2.4.7/accessors-smart-2.4.7.jar:/home/runner/.m2/repository/org/ow2/asm/asm/5.0.4/asm-5.0.4.jar:/home/runner/.m2/repository/org/apache/zookeeper/zookeeper/3.5.6/zookeeper-3.5.6.jar:/home/runner/.m2/repository/org/apache/zookeeper/zookeeper-jute/3.5.6/zookeeper-jute-3.5.6.jar:/home/runner/.m2/repository/org/apache/yetus/audience-annotations/0.5.0/audience-annotations-0.5.0.jar:/home/runner/.m2/repository/org/apache/curator/curator-framework/4.2.0/curator-framework-4.2.0.jar:/home/runner/.m2/repository/org/apache/hadoop/thirdparty/hadoop-shaded-guava/1.1.1/hadoop-shaded-guava-1.1.1.jar:/home/runner/.m2/repository/com/sun/jersey/jersey-core/1.19/jersey-core-1.19.jar:/home/runner/.m2/repository/javax/ws/rs/jsr311-api/1.1.1/jsr311-api-1.1.1.jar:/home/runner/.m2/repository/com/sun/jersey/jersey-server/1.19/jersey-server-1.19.jar:/home/runner/.m2/repository/javax/servlet/javax.servlet-api/3.1.0/javax.servlet-api-3.1.0.jar:/home/runner/.m2/repository/org/eclipse/jetty/jetty-server/9.4.49.v20220914/jetty-server-9.4.49.v20220914.jar:/home/runner/.m2/repository/org/eclipse/jetty/jetty-http/9.4.49.v20220914/jetty-http-9.4.49.v20220914.jar:/home/runner/.m2/repository/org/eclipse/jetty/jetty-io/9.4.49.v20220914/jetty-io-9.4.49.v20220914.jar:/home/runner/.m2/repository/org/eclipse/jetty/jetty-webapp/9.4.49.v20220914/jetty-webapp-9.4.49.v20220914.jar:/home/runner/.m2/repository/org/eclipse/jetty/jetty-xml/9.4.49.v20220914/jetty-xml-9.4.49.v20220914.jar:/home/runner/.m2/repository/org/apache/hadoop/hadoop-common/3.3.4/hadoop-common-3.3.4.jar:/home/runner/.m2/repository/org/apache/commons/commons-math3/3.1.1/commons-math3-3.1.1.jar:/home/runner/.m2/repository/commons-net/commons-net/3.6/commons-net-3.6.jar:/home/runner/.m2/repository/com/sun/jersey/jersey-servlet/1.19/jersey-servlet-1.19.jar:/home/runner/.m2/repository/com/sun/jersey/jersey-json/1.19/jersey-json-1.19.jar:/home/runner/.m2/repository/org/codehaus/jettison/jettison/1.1/jettison-1.1.jar:/home/runner/.m2/repository/com/sun/xml/bind/jaxb-impl/2.2.3-1/jaxb-impl-2.2.3-1.jar:/home/runner/.m2/repository/org/codehaus/jackson/jackson-xc/1.9.2/jackson-xc-1.9.2.jar:/home/runner/.m2/repository/com/google/re2j/re2j/1.1/re2j-1.1.jar:/home/runner/.m2/repository/com/jcraft/jsch/0.1.54/jsch-0.1.54.jar:/home/runner/.m2/repository/org/apache/curator/curator-client/4.2.0/curator-client-4.2.0.jar:/home/runner/.m2/repository/org/apache/curator/curator-recipes/4.2.0/curator-recipes-4.2.0.jar:/home/runner/.m2/repository/org/apache/kerby/kerb-core/1.0.1/kerb-core-1.0.1.jar:/home/runner/.m2/repository/org/apache/kerby/kerby-pkix/1.0.1/kerby-pkix-1.0.1.jar:/home/runner/.m2/repository/org/apache/kerby/kerby-asn1/1.0.1/kerby-asn1-1.0.1.jar:/home/runner/.m2/repository/org/apache/kerby/kerby-util/1.0.1/kerby-util-1.0.1.jar:/home/runner/.m2/repository/dnsjava/dnsjava/2.1.7/dnsjava-2.1.7.jar:/home/runner/.m2/repository/org/xerial/snappy/snappy-java/1.1.8.2/snappy-java-1.1.8.2.jar:/home/runner/.m2/repository/org/eclipse/jetty/jetty-util/9.4.49.v20220914/jetty-util-9.4.49.v20220914.jar:/home/runner/.m2/repository/com/fasterxml/jackson/core/jackson-databind/2.13.4.2/jackson-databind-2.13.4.2.jar:/home/runner/.m2/repository/org/apache/hadoop/hadoop-kms/3.3.4/hadoop-kms-3.3.4-tests.jar:/home/runner/.m2/repository/org/apache/ozone/hdds-server-scm/1.3.0-SNAPSHOT/hdds-server-scm-1.3.0-SNAPSHOT-tests.jar:/home/runner/.m2/repository/org/apache/ozone/hdds-container-service/1.3.0-SNAPSHOT/hdds-container-service-1.3.0-SNAPSHOT-tests.jar:/home/runner/.m2/repository/commons-codec/commons-codec/1.15/commons-codec-1.15.jar:/home/runner/.m2/repository/io/netty/netty-codec/4.1.79.Final/netty-codec-4.1.79.Final.jar:/home/runner/.m2/repository/io/netty/netty-handler/4.1.79.Final/netty-handler-4.1.79.Final.jar:/home/runner/.m2/repository/org/apache/ozone/hdds-hadoop-dependency-test/1.3.0-SNAPSHOT/hdds-hadoop-dependency-test-1.3.0-SNAPSHOT.jar:/home/runner/.m2/repository/org/apache/hadoop/hadoop-common/3.3.4/hadoop-common-3.3.4-tests.jar:/home/runner/.m2/repository/org/apache/hadoop/hadoop-hdfs/3.3.4/hadoop-hdfs-3.3.4-tests.jar:/home/runner/.m2/repository/org/assertj/assertj-core/3.12.2/assertj-core-3.12.2.jar:/home/runner/.m2/repository/org/apache/hadoop/hadoop-distcp/3.3.4/hadoop-distcp-3.3.4.jar:/home/runner/.m2/repository/org/apache/hadoop/hadoop-mapreduce-client-jobclient/3.3.4/hadoop-mapreduce-client-jobclient-3.3.4.jar:/home/runner/.m2/repository/org/apache/hadoop/hadoop-mapreduce-client-common/3.3.4/hadoop-mapreduce-client-common-3.3.4.jar:/home/runner/.m2/repository/org/apache/hadoop/hadoop-yarn-common/3.3.4/hadoop-yarn-common-3.3.4.jar:/home/runner/.m2/repository/org/apache/hadoop/hadoop-yarn-api/3.3.4/hadoop-yarn-api-3.3.4.jar:/home/runner/.m2/repository/com/sun/jersey/contribs/jersey-guice/1.19/jersey-guice-1.19.jar:/home/runner/.m2/repository/com/fasterxml/jackson/jaxrs/jackson-jaxrs-json-provider/2.13.4/jackson-jaxrs-json-provider-2.13.4.jar:/home/runner/.m2/repository/com/fasterxml/jackson/jaxrs/jackson-jaxrs-base/2.13.4/jackson-jaxrs-base-2.13.4.jar:/home/runner/.m2/repository/org/apache/hadoop/hadoop-yarn-client/3.3.4/hadoop-yarn-client-3.3.4.jar:/home/runner/.m2/repository/org/eclipse/jetty/websocket/websocket-client/9.4.43.v20210629/websocket-client-9.4.43.v20210629.jar:/home/runner/.m2/repository/org/eclipse/jetty/websocket/websocket-common/9.4.43.v20210629/websocket-common-9.4.43.v20210629.jar:/home/runner/.m2/repository/org/eclipse/jetty/websocket/websocket-api/9.4.43.v20210629/websocket-api-9.4.43.v20210629.jar:/home/runner/.m2/repository/org/jline/jline/3.9.0/jline-3.9.0.jar:/home/runner/.m2/repository/org/apache/hadoop/hadoop-mapreduce-client-core/3.3.4/hadoop-mapreduce-client-core-3.3.4.jar:/home/runner/.m2/repository/org/apache/avro/avro/1.7.7/avro-1.7.7.jar:/home/runner/.m2/repository/org/codehaus/jackson/jackson-core-asl/1.9.13/jackson-core-asl-1.9.13.jar:/home/runner/.m2/repository/org/codehaus/jackson/jackson-mapper-asl/1.9.13/jackson-mapper-asl-1.9.13.jar:/home/runner/.m2/repository/com/thoughtworks/paranamer/paranamer/2.3/paranamer-2.3.jar:/home/runner/.m2/repository/org/apache/hadoop/hadoop-annotations/3.3.4/hadoop-annotations-3.3.4.jar:/usr/lib/jvm/temurin-8-jdk-amd64/jre/../lib/tools.jar:/home/runner/.m2/repository/io/netty/netty/3.10.6.Final/netty-3.10.6.Final.jar:/home/runner/.m2/repository/org/apache/hadoop/hadoop-distcp/3.3.4/hadoop-distcp-3.3.4-tests.jar:/home/runner/.m2/repository/org/slf4j/jul-to-slf4j/1.7.36/jul-to-slf4j-1.7.36.jar:/home/runner/.m2/repository/org/apache/ratis/ratis-common/2.4.0/ratis-common-2.4.0.jar:/home/runner/.m2/repository/org/apache/ratis/ratis-thirdparty-misc/1.0.2/ratis-thirdparty-misc-1.0.2.jar:/home/runner/.m2/repository/org/apache/ratis/ratis-proto/2.4.0/ratis-proto-2.4.0.jar:"/>
    <property name="java.vm.vendor" value="Temurin"/>
    <property name="sun.arch.data.model" value="64"/>
    <property name="test.build.dir" value="/home/runner/work/ozone/ozone/hadoop-ozone/integration-test/target/test-dir"/>
    <property name="test.cache.data" value=""/>
    <property name="java.vendor.url" value="https://adoptium.net/"/>
    <property name="user.timezone" value="Etc/UTC"/>
    <property name="java.vm.specification.version" value="1.8"/>
    <property name="os.name" value="Linux"/>
    <property name="test.build.data" value="/home/runner/work/ozone/ozone/hadoop-ozone/integration-test/target/test-dir"/>
    <property name="sun.java.launcher" value="SUN_STANDARD"/>
    <property name="sun.boot.library.path" value="/usr/lib/jvm/temurin-8-jdk-amd64/jre/lib/amd64"/>
    <property name="sun.java.command" value="/home/runner/work/ozone/ozone/hadoop-ozone/integration-test/target/surefire/surefirebooter6309194965562176248.jar /home/runner/work/ozone/ozone/hadoop-ozone/integration-test/target/surefire 2022-11-23T13-28-03_875-jvmRun1 surefire2415417597005240966tmp surefire_12635981955771926696tmp"/>
    <property name="surefire.test.class.path" value="/home/runner/work/ozone/ozone/hadoop-ozone/integration-test/target/test-classes:/home/runner/work/ozone/ozone/hadoop-ozone/integration-test/target/classes:/home/runner/.m2/repository/org/apache/ozone/ozone-common/1.3.0-SNAPSHOT/ozone-common-1.3.0-SNAPSHOT.jar:/home/runner/.m2/repository/io/grpc/grpc-netty/1.48.1/grpc-netty-1.48.1.jar:/home/runner/.m2/repository/io/grpc/grpc-core/1.48.1/grpc-core-1.48.1.jar:/home/runner/.m2/repository/com/google/android/annotations/4.1.1.4/annotations-4.1.1.4.jar:/home/runner/.m2/repository/org/codehaus/mojo/animal-sniffer-annotations/1.21/animal-sniffer-annotations-1.21.jar:/home/runner/.m2/repository/com/google/errorprone/error_prone_annotations/2.2.0/error_prone_annotations-2.2.0.jar:/home/runner/.m2/repository/io/perfmark/perfmark-api/0.25.0/perfmark-api-0.25.0.jar:/home/runner/.m2/repository/io/netty/netty-codec-http2/4.1.79.Final/netty-codec-http2-4.1.79.Final.jar:/home/runner/.m2/repository/io/netty/netty-common/4.1.79.Final/netty-common-4.1.79.Final.jar:/home/runner/.m2/repository/io/netty/netty-buffer/4.1.79.Final/netty-buffer-4.1.79.Final.jar:/home/runner/.m2/repository/io/netty/netty-codec-http/4.1.79.Final/netty-codec-http-4.1.79.Final.jar:/home/runner/.m2/repository/io/netty/netty-handler-proxy/4.1.79.Final/netty-handler-proxy-4.1.79.Final.jar:/home/runner/.m2/repository/io/netty/netty-codec-socks/4.1.79.Final/netty-codec-socks-4.1.79.Final.jar:/home/runner/.m2/repository/io/netty/netty-tcnative-boringssl-static/2.0.53.Final/netty-tcnative-boringssl-static-2.0.53.Final.jar:/home/runner/.m2/repository/io/netty/netty-tcnative-classes/2.0.53.Final/netty-tcnative-classes-2.0.53.Final.jar:/home/runner/.m2/repository/io/netty/netty-tcnative-boringssl-static/2.0.53.Final/netty-tcnative-boringssl-static-2.0.53.Final-linux-x86_64.jar:/home/runner/.m2/repository/io/netty/netty-tcnative-boringssl-static/2.0.53.Final/netty-tcnative-boringssl-static-2.0.53.Final-linux-aarch_64.jar:/home/runner/.m2/repository/io/netty/netty-tcnative-boringssl-static/2.0.53.Final/netty-tcnative-boringssl-static-2.0.53.Final-osx-x86_64.jar:/home/runner/.m2/repository/io/netty/netty-tcnative-boringssl-static/2.0.53.Final/netty-tcnative-boringssl-static-2.0.53.Final-osx-aarch_64.jar:/home/runner/.m2/repository/io/netty/netty-tcnative-boringssl-static/2.0.53.Final/netty-tcnative-boringssl-static-2.0.53.Final-windows-x86_64.jar:/home/runner/.m2/repository/org/apache/commons/commons-compress/1.21/commons-compress-1.21.jar:/home/runner/.m2/repository/org/apache/ozone/hdds-common/1.3.0-SNAPSHOT/hdds-common-1.3.0-SNAPSHOT.jar:/home/runner/.m2/repository/org/apache/ozone/hdds-client/1.3.0-SNAPSHOT/hdds-client-1.3.0-SNAPSHOT.jar:/home/runner/.m2/repository/org/apache/ozone/ozone-interface-client/1.3.0-SNAPSHOT/ozone-interface-client-1.3.0-SNAPSHOT.jar:/home/runner/.m2/repository/org/apache/ozone/hdds-test-utils/1.3.0-SNAPSHOT/hdds-test-utils-1.3.0-SNAPSHOT.jar:/home/runner/.m2/repository/com/google/guava/guava/31.1-jre/guava-31.1-jre.jar:/home/runner/.m2/repository/com/google/guava/failureaccess/1.0.1/failureaccess-1.0.1.jar:/home/runner/.m2/repository/com/google/guava/listenablefuture/9999.0-empty-to-avoid-conflict-with-guava/listenablefuture-9999.0-empty-to-avoid-conflict-with-guava.jar:/home/runner/.m2/repository/com/google/code/findbugs/jsr305/3.0.0/jsr305-3.0.0.jar:/home/runner/.m2/repository/org/checkerframework/checker-qual/3.12.0/checker-qual-3.12.0.jar:/home/runner/.m2/repository/com/google/j2objc/j2objc-annotations/1.3/j2objc-annotations-1.3.jar:/home/runner/.m2/repository/commons-io/commons-io/2.11.0/commons-io-2.11.0.jar:/home/runner/.m2/repository/commons-logging/commons-logging/1.2/commons-logging-1.2.jar:/home/runner/.m2/repository/ch/qos/reload4j/reload4j/1.2.22/reload4j-1.2.22.jar:/home/runner/.m2/repository/org/slf4j/slf4j-api/1.7.36/slf4j-api-1.7.36.jar:/home/runner/.m2/repository/org/apache/ozone/hdds-server-scm/1.3.0-SNAPSHOT/hdds-server-scm-1.3.0-SNAPSHOT.jar:/home/runner/.m2/repository/org/apache/ozone/hdds-container-service/1.3.0-SNAPSHOT/hdds-container-service-1.3.0-SNAPSHOT.jar:/home/runner/.m2/repository/org/apache/ozone/hdds-hadoop-dependency-server/1.3.0-SNAPSHOT/hdds-hadoop-dependency-server-1.3.0-SNAPSHOT.jar:/home/runner/.m2/repository/org/apache/hadoop/hadoop-hdfs/3.3.4/hadoop-hdfs-3.3.4.jar:/home/runner/.m2/repository/org/eclipse/jetty/jetty-util-ajax/9.4.49.v20220914/jetty-util-ajax-9.4.49.v20220914.jar:/home/runner/.m2/repository/commons-daemon/commons-daemon/1.0.13/commons-daemon-1.0.13.jar:/home/runner/.m2/repository/org/apache/ozone/hdds-server-framework/1.3.0-SNAPSHOT/hdds-server-framework-1.3.0-SNAPSHOT.jar:/home/runner/.m2/repository/org/apache/ozone/hdds-interface-server/1.3.0-SNAPSHOT/hdds-interface-server-1.3.0-SNAPSHOT.jar:/home/runner/.m2/repository/org/apache/commons/commons-configuration2/2.1.1/commons-configuration2-2.1.1.jar:/home/runner/.m2/repository/org/apache/logging/log4j/log4j-core/2.17.1/log4j-core-2.17.1.jar:/home/runner/.m2/repository/com/lmax/disruptor/3.4.2/disruptor-3.4.2.jar:/home/runner/.m2/repository/org/eclipse/jetty/jetty-servlet/9.4.49.v20220914/jetty-servlet-9.4.49.v20220914.jar:/home/runner/.m2/repository/org/eclipse/jetty/jetty-security/9.4.49.v20220914/jetty-security-9.4.49.v20220914.jar:/home/runner/.m2/repository/org/rocksdb/rocksdbjni/7.7.3/rocksdbjni-7.7.3.jar:/home/runner/.m2/repository/io/prometheus/simpleclient_dropwizard/0.7.0/simpleclient_dropwizard-0.7.0.jar:/home/runner/.m2/repository/io/prometheus/simpleclient/0.7.0/simpleclient-0.7.0.jar:/home/runner/.m2/repository/io/prometheus/simpleclient_common/0.7.0/simpleclient_common-0.7.0.jar:/home/runner/.m2/repository/com/github/spotbugs/spotbugs-annotations/3.1.12/spotbugs-annotations-3.1.12.jar:/home/runner/.m2/repository/io/dropwizard/metrics/metrics-core/3.2.4/metrics-core-3.2.4.jar:/home/runner/.m2/repository/org/apache/commons/commons-text/1.4/commons-text-1.4.jar:/home/runner/.m2/repository/org/apache/hadoop/hadoop-hdfs-client/3.3.4/hadoop-hdfs-client-3.3.4.jar:/home/runner/.m2/repository/com/squareup/okhttp3/okhttp/4.9.3/okhttp-4.9.3.jar:/home/runner/.m2/repository/com/squareup/okio/okio/2.8.0/okio-2.8.0.jar:/home/runner/.m2/repository/org/jetbrains/kotlin/kotlin-stdlib-common/1.4.10/kotlin-stdlib-common-1.4.10.jar:/home/runner/.m2/repository/org/bouncycastle/bcprov-jdk15on/1.67/bcprov-jdk15on-1.67.jar:/home/runner/.m2/repository/com/google/protobuf/protobuf-java/2.5.0/protobuf-java-2.5.0.jar:/home/runner/.m2/repository/org/apache/ozone/ozone-manager/1.3.0-SNAPSHOT/ozone-manager-1.3.0-SNAPSHOT.jar:/home/runner/.m2/repository/org/aspectj/aspectjrt/1.9.7/aspectjrt-1.9.7.jar:/home/runner/.m2/repository/org/aspectj/aspectjweaver/1.9.7/aspectjweaver-1.9.7.jar:/home/runner/.m2/repository/org/apache/ozone/hdds-interface-client/1.3.0-SNAPSHOT/hdds-interface-client-1.3.0-SNAPSHOT.jar:/home/runner/.m2/repository/org/apache/hadoop/thirdparty/hadoop-shaded-protobuf_3_7/1.1.1/hadoop-shaded-protobuf_3_7-1.1.1.jar:/home/runner/.m2/repository/org/apache/ozone/ozone-interface-storage/1.3.0-SNAPSHOT/ozone-interface-storage-1.3.0-SNAPSHOT.jar:/home/runner/.m2/repository/org/reflections/reflections/0.9.11/reflections-0.9.11.jar:/home/runner/.m2/repository/com/sun/jersey/jersey-client/1.19/jersey-client-1.19.jar:/home/runner/.m2/repository/org/apache/ranger/ranger-intg/2.3.0/ranger-intg-2.3.0.jar:/home/runner/.m2/repository/org/apache/ranger/ranger-plugins-common/2.3.0/ranger-plugins-common-2.3.0.jar:/home/runner/.m2/repository/commons-lang/commons-lang/2.6/commons-lang-2.6.jar:/home/runner/.m2/repository/org/codehaus/jackson/jackson-jaxrs/1.9.13/jackson-jaxrs-1.9.13.jar:/home/runner/.m2/repository/org/apache/ranger/ranger-plugins-cred/2.3.0/ranger-plugins-cred-2.3.0.jar:/home/runner/.m2/repository/org/apache/ranger/ranger-plugins-audit/2.3.0/ranger-plugins-audit-2.3.0.jar:/home/runner/.m2/repository/org/eclipse/jetty/jetty-client/9.4.31.v20200723/jetty-client-9.4.31.v20200723.jar:/home/runner/.m2/repository/org/apache/httpcomponents/httpmime/4.5.6/httpmime-4.5.6.jar:/home/runner/.m2/repository/org/apache/httpcomponents/httpcore-nio/4.4.6/httpcore-nio-4.4.6.jar:/home/runner/.m2/repository/org/apache/httpcomponents/httpasyncclient/4.1.3/httpasyncclient-4.1.3.jar:/home/runner/.m2/repository/com/carrotsearch/hppc/0.8.0/hppc-0.8.0.jar:/home/runner/.m2/repository/org/apache/orc/orc-core/1.5.8/orc-core-1.5.8.jar:/home/runner/.m2/repository/net/java/dev/jna/jna/5.2.0/jna-5.2.0.jar:/home/runner/.m2/repository/net/java/dev/jna/jna-platform/5.2.0/jna-platform-5.2.0.jar:/home/runner/.m2/repository/com/kstruct/gethostname4j/0.0.2/gethostname4j-0.0.2.jar:/home/runner/.m2/repository/org/apache/ranger/ranger-plugin-classloader/2.3.0/ranger-plugin-classloader-2.3.0.jar:/home/runner/.m2/repository/org/apache/hadoop/hadoop-minikdc/3.3.4/hadoop-minikdc-3.3.4.jar:/home/runner/.m2/repository/org/apache/kerby/kerb-simplekdc/1.0.1/kerb-simplekdc-1.0.1.jar:/home/runner/.m2/repository/org/apache/kerby/kerb-client/1.0.1/kerb-client-1.0.1.jar:/home/runner/.m2/repository/org/apache/kerby/kerby-config/1.0.1/kerby-config-1.0.1.jar:/home/runner/.m2/repository/org/apache/kerby/kerb-common/1.0.1/kerb-common-1.0.1.jar:/home/runner/.m2/repository/org/apache/kerby/kerb-crypto/1.0.1/kerb-crypto-1.0.1.jar:/home/runner/.m2/repository/org/apache/kerby/kerb-util/1.0.1/kerb-util-1.0.1.jar:/home/runner/.m2/repository/org/apache/kerby/token-provider/1.0.1/token-provider-1.0.1.jar:/home/runner/.m2/repository/org/apache/kerby/kerb-admin/1.0.1/kerb-admin-1.0.1.jar:/home/runner/.m2/repository/org/apache/kerby/kerb-server/1.0.1/kerb-server-1.0.1.jar:/home/runner/.m2/repository/org/apache/kerby/kerb-identity/1.0.1/kerb-identity-1.0.1.jar:/home/runner/.m2/repository/org/apache/kerby/kerby-xdr/1.0.1/kerby-xdr-1.0.1.jar:/home/runner/.m2/repository/org/apache/ozone/ozone-s3gateway/1.3.0-SNAPSHOT/ozone-s3gateway-1.3.0-SNAPSHOT.jar:/home/runner/.m2/repository/org/javassist/javassist/3.21.0-GA/javassist-3.21.0-GA.jar:/home/runner/.m2/repository/org/jboss/weld/servlet/weld-servlet/2.4.7.Final/weld-servlet-2.4.7.Final.jar:/home/runner/.m2/repository/org/glassfish/jersey/containers/jersey-container-servlet-core/2.34/jersey-container-servlet-core-2.34.jar:/home/runner/.m2/repository/org/glassfish/hk2/external/jakarta.inject/2.6.1/jakarta.inject-2.6.1.jar:/home/runner/.m2/repository/org/glassfish/jersey/core/jersey-common/2.34/jersey-common-2.34.jar:/home/runner/.m2/repository/jakarta/ws/rs/jakarta.ws.rs-api/2.1.6/jakarta.ws.rs-api-2.1.6.jar:/home/runner/.m2/repository/org/glassfish/jersey/ext/cdi/jersey-cdi1x/2.34/jersey-cdi1x-2.34.jar:/home/runner/.m2/repository/org/glassfish/jersey/inject/jersey-hk2/2.34/jersey-hk2-2.34.jar:/home/runner/.m2/repository/org/glassfish/hk2/hk2-locator/2.6.1/hk2-locator-2.6.1.jar:/home/runner/.m2/repository/org/glassfish/jersey/media/jersey-media-jaxb/2.34/jersey-media-jaxb-2.34.jar:/home/runner/.m2/repository/org/glassfish/hk2/osgi-resource-locator/1.0.3/osgi-resource-locator-1.0.3.jar:/home/runner/.m2/repository/org/glassfish/hk2/hk2-api/2.5.0/hk2-api-2.5.0.jar:/home/runner/.m2/repository/org/glassfish/hk2/hk2-utils/2.5.0/hk2-utils-2.5.0.jar:/home/runner/.m2/repository/org/glassfish/hk2/external/aopalliance-repackaged/2.5.0/aopalliance-repackaged-2.5.0.jar:/home/runner/.m2/repository/com/fasterxml/jackson/dataformat/jackson-dataformat-xml/2.13.4/jackson-dataformat-xml-2.13.4.jar:/home/runner/.m2/repository/com/fasterxml/jackson/core/jackson-core/2.13.4/jackson-core-2.13.4.jar:/home/runner/.m2/repository/org/codehaus/woodstox/stax2-api/4.2.1/stax2-api-4.2.1.jar:/home/runner/.m2/repository/com/fasterxml/woodstox/woodstox-core/5.4.0/woodstox-core-5.4.0.jar:/home/runner/.m2/repository/com/fasterxml/jackson/module/jackson-module-jaxb-annotations/2.13.4/jackson-module-jaxb-annotations-2.13.4.jar:/home/runner/.m2/repository/jakarta/xml/bind/jakarta.xml.bind-api/2.3.3/jakarta.xml.bind-api-2.3.3.jar:/home/runner/.m2/repository/jakarta/activation/jakarta.activation-api/1.2.1/jakarta.activation-api-1.2.1.jar:/home/runner/.m2/repository/javax/enterprise/cdi-api/1.2/cdi-api-1.2.jar:/home/runner/.m2/repository/javax/el/javax.el-api/3.0.0/javax.el-api-3.0.0.jar:/home/runner/.m2/repository/javax/interceptor/javax.interceptor-api/1.2/javax.interceptor-api-1.2.jar:/home/runner/.m2/repository/javax/inject/javax.inject/1/javax.inject-1.jar:/home/runner/.m2/repository/javax/xml/bind/jaxb-api/2.3.0/jaxb-api-2.3.0.jar:/home/runner/.m2/repository/org/glassfish/jaxb/jaxb-runtime/2.3.0.1/jaxb-runtime-2.3.0.1.jar:/home/runner/.m2/repository/org/glassfish/jaxb/jaxb-core/2.3.0.1/jaxb-core-2.3.0.1.jar:/home/runner/.m2/repository/org/glassfish/jaxb/txw2/2.3.0.1/txw2-2.3.0.1.jar:/home/runner/.m2/repository/com/sun/istack/istack-commons-runtime/3.0.5/istack-commons-runtime-3.0.5.jar:/home/runner/.m2/repository/org/jvnet/staxex/stax-ex/1.7.8/stax-ex-1.7.8.jar:/home/runner/.m2/repository/com/sun/xml/fastinfoset/FastInfoset/1.2.13/FastInfoset-1.2.13.jar:/home/runner/.m2/repository/javax/activation/activation/1.1.1/activation-1.1.1.jar:/home/runner/.m2/repository/io/grpc/grpc-protobuf/1.48.1/grpc-protobuf-1.48.1.jar:/home/runner/.m2/repository/io/grpc/grpc-api/1.48.1/grpc-api-1.48.1.jar:/home/runner/.m2/repository/io/grpc/grpc-context/1.48.1/grpc-context-1.48.1.jar:/home/runner/.m2/repository/com/google/api/grpc/proto-google-common-protos/2.9.0/proto-google-common-protos-2.9.0.jar:/home/runner/.m2/repository/io/grpc/grpc-protobuf-lite/1.48.1/grpc-protobuf-lite-1.48.1.jar:/home/runner/.m2/repository/io/grpc/grpc-stub/1.48.1/grpc-stub-1.48.1.jar:/home/runner/.m2/repository/io/netty/netty-transport/4.1.79.Final/netty-transport-4.1.79.Final.jar:/home/runner/.m2/repository/io/netty/netty-resolver/4.1.79.Final/netty-resolver-4.1.79.Final.jar:/home/runner/.m2/repository/org/apache/ozone/ozone-csi/1.3.0-SNAPSHOT/ozone-csi-1.3.0-SNAPSHOT.jar:/home/runner/.m2/repository/com/google/protobuf/protobuf-java-util/3.19.2/protobuf-java-util-3.19.2.jar:/home/runner/.m2/repository/com/google/code/gson/gson/2.9.0/gson-2.9.0.jar:/home/runner/.m2/repository/org/apache/ozone/hdds-config/1.3.0-SNAPSHOT/hdds-config-1.3.0-SNAPSHOT.jar:/home/runner/.m2/repository/io/netty/netty-transport-native-epoll/4.1.79.Final/netty-transport-native-epoll-4.1.79.Final-linux-x86_64.jar:/home/runner/.m2/repository/io/netty/netty-transport-classes-epoll/4.1.79.Final/netty-transport-classes-epoll-4.1.79.Final.jar:/home/runner/.m2/repository/io/netty/netty-transport-native-unix-common/4.1.79.Final/netty-transport-native-unix-common-4.1.79.Final.jar:/home/runner/.m2/repository/org/slf4j/slf4j-reload4j/1.7.36/slf4j-reload4j-1.7.36.jar:/home/runner/.m2/repository/org/apache/ozone/ozone-recon/1.3.0-SNAPSHOT/ozone-recon-1.3.0-SNAPSHOT.jar:/home/runner/.m2/repository/org/apache/ozone/ozone-reconcodegen/1.3.0-SNAPSHOT/ozone-reconcodegen-1.3.0-SNAPSHOT.jar:/home/runner/.m2/repository/com/google/inject/extensions/guice-multibindings/4.0/guice-multibindings-4.0.jar:/home/runner/.m2/repository/com/google/inject/guice/4.0/guice-4.0.jar:/home/runner/.m2/repository/aopalliance/aopalliance/1.0/aopalliance-1.0.jar:/home/runner/.m2/repository/com/google/inject/extensions/guice-assistedinject/4.0/guice-assistedinject-4.0.jar:/home/runner/.m2/repository/com/google/inject/extensions/guice-servlet/4.0/guice-servlet-4.0.jar:/home/runner/.m2/repository/org/glassfish/jersey/containers/jersey-container-servlet/2.34/jersey-container-servlet-2.34.jar:/home/runner/.m2/repository/org/glassfish/hk2/guice-bridge/2.5.0/guice-bridge-2.5.0.jar:/home/runner/.m2/repository/org/glassfish/jersey/core/jersey-server/2.34/jersey-server-2.34.jar:/home/runner/.m2/repository/org/glassfish/jersey/core/jersey-client/2.34/jersey-client-2.34.jar:/home/runner/.m2/repository/jakarta/annotation/jakarta.annotation-api/1.3.5/jakarta.annotation-api-1.3.5.jar:/home/runner/.m2/repository/jakarta/validation/jakarta.validation-api/2.0.2/jakarta.validation-api-2.0.2.jar:/home/runner/.m2/repository/org/glassfish/jersey/media/jersey-media-json-jackson/2.34/jersey-media-json-jackson-2.34.jar:/home/runner/.m2/repository/org/glassfish/jersey/ext/jersey-entity-filtering/2.34/jersey-entity-filtering-2.34.jar:/home/runner/.m2/repository/org/jooq/jooq/3.11.10/jooq-3.11.10.jar:/home/runner/.m2/repository/org/jooq/jooq-meta/3.11.10/jooq-meta-3.11.10.jar:/home/runner/.m2/repository/org/jooq/jooq-codegen/3.11.10/jooq-codegen-3.11.10.jar:/home/runner/.m2/repository/com/jolbox/bonecp/0.8.0.RELEASE/bonecp-0.8.0.RELEASE.jar:/home/runner/.m2/repository/org/apache/derby/derby/10.14.2.0/derby-10.14.2.0.jar:/home/runner/.m2/repository/org/xerial/sqlite-jdbc/3.25.2/sqlite-jdbc-3.25.2.jar:/home/runner/.m2/repository/org/springframework/spring-jdbc/5.3.23/spring-jdbc-5.3.23.jar:/home/runner/.m2/repository/org/springframework/spring-beans/5.3.23/spring-beans-5.3.23.jar:/home/runner/.m2/repository/org/springframework/spring-core/5.3.23/spring-core-5.3.23.jar:/home/runner/.m2/repository/org/springframework/spring-jcl/5.3.23/spring-jcl-5.3.23.jar:/home/runner/.m2/repository/org/springframework/spring-tx/5.3.23/spring-tx-5.3.23.jar:/home/runner/.m2/repository/org/apache/ozone/ozone-client/1.3.0-SNAPSHOT/ozone-client-1.3.0-SNAPSHOT.jar:/home/runner/.m2/repository/org/apache/ozone/hdds-erasurecode/1.3.0-SNAPSHOT/hdds-erasurecode-1.3.0-SNAPSHOT.jar:/home/runner/.m2/repository/org/apache/ozone/ozone-filesystem/1.3.0-SNAPSHOT/ozone-filesystem-1.3.0-SNAPSHOT.jar:/home/runner/.m2/repository/org/apache/ozone/ozone-filesystem-common/1.3.0-SNAPSHOT/ozone-filesystem-common-1.3.0-SNAPSHOT.jar:/home/runner/.m2/repository/org/apache/ozone/ozone-tools/1.3.0-SNAPSHOT/ozone-tools-1.3.0-SNAPSHOT.jar:/home/runner/.m2/repository/org/apache/ratis/ratis-tools/2.4.0/ratis-tools-2.4.0.jar:/home/runner/.m2/repository/com/amazonaws/aws-java-sdk-core/1.12.261/aws-java-sdk-core-1.12.261.jar:/home/runner/.m2/repository/org/apache/httpcomponents/httpclient/4.5.13/httpclient-4.5.13.jar:/home/runner/.m2/repository/org/apache/httpcomponents/httpcore/4.4.13/httpcore-4.4.13.jar:/home/runner/.m2/repository/software/amazon/ion/ion-java/1.0.2/ion-java-1.0.2.jar:/home/runner/.m2/repository/com/fasterxml/jackson/dataformat/jackson-dataformat-cbor/2.13.4/jackson-dataformat-cbor-2.13.4.jar:/home/runner/.m2/repository/joda-time/joda-time/2.8.1/joda-time-2.8.1.jar:/home/runner/.m2/repository/com/amazonaws/aws-java-sdk-s3/1.12.261/aws-java-sdk-s3-1.12.261.jar:/home/runner/.m2/repository/com/amazonaws/aws-java-sdk-kms/1.12.261/aws-java-sdk-kms-1.12.261.jar:/home/runner/.m2/repository/com/amazonaws/jmespath-java/1.12.261/jmespath-java-1.12.261.jar:/home/runner/.m2/repository/org/kohsuke/metainf-services/metainf-services/1.8/metainf-services-1.8.jar:/home/runner/.m2/repository/org/apache/ozone/hdds-tools/1.3.0-SNAPSHOT/hdds-tools-1.3.0-SNAPSHOT.jar:/home/runner/.m2/repository/commons-cli/commons-cli/1.2/commons-cli-1.2.jar:/home/runner/.m2/repository/org/apache/commons/commons-lang3/3.7/commons-lang3-3.7.jar:/home/runner/.m2/repository/org/apache/ozone/ozone-manager/1.3.0-SNAPSHOT/ozone-manager-1.3.0-SNAPSHOT-tests.jar:/home/runner/.m2/repository/org/apache/ozone/hdds-common/1.3.0-SNAPSHOT/hdds-common-1.3.0-SNAPSHOT-tests.jar:/home/runner/.m2/repository/org/apache/ozone/hdds-hadoop-dependency-client/1.3.0-SNAPSHOT/hdds-hadoop-dependency-client-1.3.0-SNAPSHOT.jar:/home/runner/.m2/repository/info/picocli/picocli/4.6.1/picocli-4.6.1.jar:/home/runner/.m2/repository/com/fasterxml/jackson/core/jackson-annotations/2.13.4/jackson-annotations-2.13.4.jar:/home/runner/.m2/repository/com/fasterxml/jackson/datatype/jackson-datatype-jsr310/2.13.4/jackson-datatype-jsr310-2.13.4.jar:/home/runner/.m2/repository/org/apache/ozone/hdds-annotation-processing/1.3.0-SNAPSHOT/hdds-annotation-processing-1.3.0-SNAPSHOT.jar:/home/runner/.m2/repository/javax/annotation/javax.annotation-api/1.2/javax.annotation-api-1.2.jar:/home/runner/.m2/repository/org/apache/ratis/ratis-server/2.4.0/ratis-server-2.4.0.jar:/home/runner/.m2/repository/org/apache/ratis/ratis-client/2.4.0/ratis-client-2.4.0.jar:/home/runner/.m2/repository/org/apache/ratis/ratis-server-api/2.4.0/ratis-server-api-2.4.0.jar:/home/runner/.m2/repository/org/apache/ratis/ratis-metrics/2.4.0/ratis-metrics-2.4.0.jar:/home/runner/.m2/repository/org/apache/ratis/ratis-netty/2.4.0/ratis-netty-2.4.0.jar:/home/runner/.m2/repository/org/apache/ratis/ratis-grpc/2.4.0/ratis-grpc-2.4.0.jar:/home/runner/.m2/repository/org/apache/logging/log4j/log4j-api/2.17.1/log4j-api-2.17.1.jar:/home/runner/.m2/repository/org/apache/commons/commons-pool2/2.6.0/commons-pool2-2.6.0.jar:/home/runner/.m2/repository/org/bouncycastle/bcpkix-jdk15on/1.67/bcpkix-jdk15on-1.67.jar:/home/runner/.m2/repository/commons-validator/commons-validator/1.6/commons-validator-1.6.jar:/home/runner/.m2/repository/commons-beanutils/commons-beanutils/1.9.4/commons-beanutils-1.9.4.jar:/home/runner/.m2/repository/commons-digester/commons-digester/1.8.1/commons-digester-1.8.1.jar:/home/runner/.m2/repository/commons-collections/commons-collections/3.2.2/commons-collections-3.2.2.jar:/home/runner/.m2/repository/io/jaegertracing/jaeger-client/1.6.0/jaeger-client-1.6.0.jar:/home/runner/.m2/repository/io/jaegertracing/jaeger-thrift/1.6.0/jaeger-thrift-1.6.0.jar:/home/runner/.m2/repository/org/apache/thrift/libthrift/0.14.1/libthrift-0.14.1.jar:/home/runner/.m2/repository/io/jaegertracing/jaeger-core/1.6.0/jaeger-core-1.6.0.jar:/home/runner/.m2/repository/io/jaegertracing/jaeger-tracerresolver/1.6.0/jaeger-tracerresolver-1.6.0.jar:/home/runner/.m2/repository/io/opentracing/contrib/opentracing-tracerresolver/0.1.8/opentracing-tracerresolver-0.1.8.jar:/home/runner/.m2/repository/org/jetbrains/kotlin/kotlin-stdlib/1.6.21/kotlin-stdlib-1.6.21.jar:/home/runner/.m2/repository/org/jetbrains/annotations/13.0/annotations-13.0.jar:/home/runner/.m2/repository/io/opentracing/opentracing-util/0.33.0/opentracing-util-0.33.0.jar:/home/runner/.m2/repository/io/opentracing/opentracing-api/0.33.0/opentracing-api-0.33.0.jar:/home/runner/.m2/repository/io/opentracing/opentracing-noop/0.33.0/opentracing-noop-0.33.0.jar:/home/runner/.m2/repository/org/yaml/snakeyaml/1.33/snakeyaml-1.33.jar:/home/runner/.m2/repository/org/apache/ozone/hdds-interface-admin/1.3.0-SNAPSHOT/hdds-interface-admin-1.3.0-SNAPSHOT.jar:/home/runner/.m2/repository/junit/junit/4.13.1/junit-4.13.1.jar:/home/runner/.m2/repository/org/hamcrest/hamcrest-core/1.3/hamcrest-core-1.3.jar:/home/runner/.m2/repository/org/junit/jupiter/junit-jupiter-api/5.8.2/junit-jupiter-api-5.8.2.jar:/home/runner/.m2/repository/org/opentest4j/opentest4j/1.2.0/opentest4j-1.2.0.jar:/home/runner/.m2/repository/org/junit/platform/junit-platform-commons/1.8.2/junit-platform-commons-1.8.2.jar:/home/runner/.m2/repository/org/apiguardian/apiguardian-api/1.1.2/apiguardian-api-1.1.2.jar:/home/runner/.m2/repository/org/junit/jupiter/junit-jupiter-params/5.8.2/junit-jupiter-params-5.8.2.jar:/home/runner/.m2/repository/org/junit/jupiter/junit-jupiter-migrationsupport/5.8.2/junit-jupiter-migrationsupport-5.8.2.jar:/home/runner/.m2/repository/org/junit/jupiter/junit-jupiter-engine/5.8.2/junit-jupiter-engine-5.8.2.jar:/home/runner/.m2/repository/org/junit/platform/junit-platform-engine/1.8.2/junit-platform-engine-1.8.2.jar:/home/runner/.m2/repository/org/junit/vintage/junit-vintage-engine/5.8.2/junit-vintage-engine-5.8.2.jar:/home/runner/.m2/repository/org/junit/platform/junit-platform-launcher/1.8.2/junit-platform-launcher-1.8.2.jar:/home/runner/.m2/repository/org/mockito/mockito-core/2.28.2/mockito-core-2.28.2.jar:/home/runner/.m2/repository/net/bytebuddy/byte-buddy/1.9.10/byte-buddy-1.9.10.jar:/home/runner/.m2/repository/net/bytebuddy/byte-buddy-agent/1.9.10/byte-buddy-agent-1.9.10.jar:/home/runner/.m2/repository/org/objenesis/objenesis/1.0/objenesis-1.0.jar:/home/runner/.m2/repository/org/apache/hadoop/hadoop-kms/3.3.4/hadoop-kms-3.3.4.jar:/home/runner/.m2/repository/org/apache/hadoop/hadoop-auth/3.3.4/hadoop-auth-3.3.4.jar:/home/runner/.m2/repository/com/nimbusds/nimbus-jose-jwt/9.8.1/nimbus-jose-jwt-9.8.1.jar:/home/runner/.m2/repository/com/github/stephenc/jcip/jcip-annotations/1.0-1/jcip-annotations-1.0-1.jar:/home/runner/.m2/repository/net/minidev/json-smart/2.4.7/json-smart-2.4.7.jar:/home/runner/.m2/repository/net/minidev/accessors-smart/2.4.7/accessors-smart-2.4.7.jar:/home/runner/.m2/repository/org/ow2/asm/asm/5.0.4/asm-5.0.4.jar:/home/runner/.m2/repository/org/apache/zookeeper/zookeeper/3.5.6/zookeeper-3.5.6.jar:/home/runner/.m2/repository/org/apache/zookeeper/zookeeper-jute/3.5.6/zookeeper-jute-3.5.6.jar:/home/runner/.m2/repository/org/apache/yetus/audience-annotations/0.5.0/audience-annotations-0.5.0.jar:/home/runner/.m2/repository/org/apache/curator/curator-framework/4.2.0/curator-framework-4.2.0.jar:/home/runner/.m2/repository/org/apache/hadoop/thirdparty/hadoop-shaded-guava/1.1.1/hadoop-shaded-guava-1.1.1.jar:/home/runner/.m2/repository/com/sun/jersey/jersey-core/1.19/jersey-core-1.19.jar:/home/runner/.m2/repository/javax/ws/rs/jsr311-api/1.1.1/jsr311-api-1.1.1.jar:/home/runner/.m2/repository/com/sun/jersey/jersey-server/1.19/jersey-server-1.19.jar:/home/runner/.m2/repository/javax/servlet/javax.servlet-api/3.1.0/javax.servlet-api-3.1.0.jar:/home/runner/.m2/repository/org/eclipse/jetty/jetty-server/9.4.49.v20220914/jetty-server-9.4.49.v20220914.jar:/home/runner/.m2/repository/org/eclipse/jetty/jetty-http/9.4.49.v20220914/jetty-http-9.4.49.v20220914.jar:/home/runner/.m2/repository/org/eclipse/jetty/jetty-io/9.4.49.v20220914/jetty-io-9.4.49.v20220914.jar:/home/runner/.m2/repository/org/eclipse/jetty/jetty-webapp/9.4.49.v20220914/jetty-webapp-9.4.49.v20220914.jar:/home/runner/.m2/repository/org/eclipse/jetty/jetty-xml/9.4.49.v20220914/jetty-xml-9.4.49.v20220914.jar:/home/runner/.m2/repository/org/apache/hadoop/hadoop-common/3.3.4/hadoop-common-3.3.4.jar:/home/runner/.m2/repository/org/apache/commons/commons-math3/3.1.1/commons-math3-3.1.1.jar:/home/runner/.m2/repository/commons-net/commons-net/3.6/commons-net-3.6.jar:/home/runner/.m2/repository/com/sun/jersey/jersey-servlet/1.19/jersey-servlet-1.19.jar:/home/runner/.m2/repository/com/sun/jersey/jersey-json/1.19/jersey-json-1.19.jar:/home/runner/.m2/repository/org/codehaus/jettison/jettison/1.1/jettison-1.1.jar:/home/runner/.m2/repository/com/sun/xml/bind/jaxb-impl/2.2.3-1/jaxb-impl-2.2.3-1.jar:/home/runner/.m2/repository/org/codehaus/jackson/jackson-xc/1.9.2/jackson-xc-1.9.2.jar:/home/runner/.m2/repository/com/google/re2j/re2j/1.1/re2j-1.1.jar:/home/runner/.m2/repository/com/jcraft/jsch/0.1.54/jsch-0.1.54.jar:/home/runner/.m2/repository/org/apache/curator/curator-client/4.2.0/curator-client-4.2.0.jar:/home/runner/.m2/repository/org/apache/curator/curator-recipes/4.2.0/curator-recipes-4.2.0.jar:/home/runner/.m2/repository/org/apache/kerby/kerb-core/1.0.1/kerb-core-1.0.1.jar:/home/runner/.m2/repository/org/apache/kerby/kerby-pkix/1.0.1/kerby-pkix-1.0.1.jar:/home/runner/.m2/repository/org/apache/kerby/kerby-asn1/1.0.1/kerby-asn1-1.0.1.jar:/home/runner/.m2/repository/org/apache/kerby/kerby-util/1.0.1/kerby-util-1.0.1.jar:/home/runner/.m2/repository/dnsjava/dnsjava/2.1.7/dnsjava-2.1.7.jar:/home/runner/.m2/repository/org/xerial/snappy/snappy-java/1.1.8.2/snappy-java-1.1.8.2.jar:/home/runner/.m2/repository/org/eclipse/jetty/jetty-util/9.4.49.v20220914/jetty-util-9.4.49.v20220914.jar:/home/runner/.m2/repository/com/fasterxml/jackson/core/jackson-databind/2.13.4.2/jackson-databind-2.13.4.2.jar:/home/runner/.m2/repository/org/apache/hadoop/hadoop-kms/3.3.4/hadoop-kms-3.3.4-tests.jar:/home/runner/.m2/repository/org/apache/ozone/hdds-server-scm/1.3.0-SNAPSHOT/hdds-server-scm-1.3.0-SNAPSHOT-tests.jar:/home/runner/.m2/repository/org/apache/ozone/hdds-container-service/1.3.0-SNAPSHOT/hdds-container-service-1.3.0-SNAPSHOT-tests.jar:/home/runner/.m2/repository/commons-codec/commons-codec/1.15/commons-codec-1.15.jar:/home/runner/.m2/repository/io/netty/netty-codec/4.1.79.Final/netty-codec-4.1.79.Final.jar:/home/runner/.m2/repository/io/netty/netty-handler/4.1.79.Final/netty-handler-4.1.79.Final.jar:/home/runner/.m2/repository/org/apache/ozone/hdds-hadoop-dependency-test/1.3.0-SNAPSHOT/hdds-hadoop-dependency-test-1.3.0-SNAPSHOT.jar:/home/runner/.m2/repository/org/apache/hadoop/hadoop-common/3.3.4/hadoop-common-3.3.4-tests.jar:/home/runner/.m2/repository/org/apache/hadoop/hadoop-hdfs/3.3.4/hadoop-hdfs-3.3.4-tests.jar:/home/runner/.m2/repository/org/assertj/assertj-core/3.12.2/assertj-core-3.12.2.jar:/home/runner/.m2/repository/org/apache/hadoop/hadoop-distcp/3.3.4/hadoop-distcp-3.3.4.jar:/home/runner/.m2/repository/org/apache/hadoop/hadoop-mapreduce-client-jobclient/3.3.4/hadoop-mapreduce-client-jobclient-3.3.4.jar:/home/runner/.m2/repository/org/apache/hadoop/hadoop-mapreduce-client-common/3.3.4/hadoop-mapreduce-client-common-3.3.4.jar:/home/runner/.m2/repository/org/apache/hadoop/hadoop-yarn-common/3.3.4/hadoop-yarn-common-3.3.4.jar:/home/runner/.m2/repository/org/apache/hadoop/hadoop-yarn-api/3.3.4/hadoop-yarn-api-3.3.4.jar:/home/runner/.m2/repository/com/sun/jersey/contribs/jersey-guice/1.19/jersey-guice-1.19.jar:/home/runner/.m2/repository/com/fasterxml/jackson/jaxrs/jackson-jaxrs-json-provider/2.13.4/jackson-jaxrs-json-provider-2.13.4.jar:/home/runner/.m2/repository/com/fasterxml/jackson/jaxrs/jackson-jaxrs-base/2.13.4/jackson-jaxrs-base-2.13.4.jar:/home/runner/.m2/repository/org/apache/hadoop/hadoop-yarn-client/3.3.4/hadoop-yarn-client-3.3.4.jar:/home/runner/.m2/repository/org/eclipse/jetty/websocket/websocket-client/9.4.43.v20210629/websocket-client-9.4.43.v20210629.jar:/home/runner/.m2/repository/org/eclipse/jetty/websocket/websocket-common/9.4.43.v20210629/websocket-common-9.4.43.v20210629.jar:/home/runner/.m2/repository/org/eclipse/jetty/websocket/websocket-api/9.4.43.v20210629/websocket-api-9.4.43.v20210629.jar:/home/runner/.m2/repository/org/jline/jline/3.9.0/jline-3.9.0.jar:/home/runner/.m2/repository/org/apache/hadoop/hadoop-mapreduce-client-core/3.3.4/hadoop-mapreduce-client-core-3.3.4.jar:/home/runner/.m2/repository/org/apache/avro/avro/1.7.7/avro-1.7.7.jar:/home/runner/.m2/repository/org/codehaus/jackson/jackson-core-asl/1.9.13/jackson-core-asl-1.9.13.jar:/home/runner/.m2/repository/org/codehaus/jackson/jackson-mapper-asl/1.9.13/jackson-mapper-asl-1.9.13.jar:/home/runner/.m2/repository/com/thoughtworks/paranamer/paranamer/2.3/paranamer-2.3.jar:/home/runner/.m2/repository/org/apache/hadoop/hadoop-annotations/3.3.4/hadoop-annotations-3.3.4.jar:/usr/lib/jvm/temurin-8-jdk-amd64/jre/../lib/tools.jar:/home/runner/.m2/repository/io/netty/netty/3.10.6.Final/netty-3.10.6.Final.jar:/home/runner/.m2/repository/org/apache/hadoop/hadoop-distcp/3.3.4/hadoop-distcp-3.3.4-tests.jar:/home/runner/.m2/repository/org/slf4j/jul-to-slf4j/1.7.36/jul-to-slf4j-1.7.36.jar:/home/runner/.m2/repository/org/apache/ratis/ratis-common/2.4.0/ratis-common-2.4.0.jar:/home/runner/.m2/repository/org/apache/ratis/ratis-thirdparty-misc/1.0.2/ratis-thirdparty-misc-1.0.2.jar:/home/runner/.m2/repository/org/apache/ratis/ratis-proto/2.4.0/ratis-proto-2.4.0.jar:"/>
    <property name="sun.cpu.endian" value="little"/>
    <property name="user.home" value="/home/runner"/>
    <property name="user.language" value="en"/>
    <property name="java.specification.vendor" value="Oracle Corporation"/>
    <property name="java.home" value="/usr/lib/jvm/temurin-8-jdk-amd64/jre"/>
    <property name="java.security.krb5.conf" value="/home/runner/work/ozone/ozone/hadoop-ozone/integration-test/target/test-classes/krb5.conf"/>
    <property name="basedir" value="/home/runner/work/ozone/ozone/hadoop-ozone/integration-test"/>
    <property name="file.separator" value="/"/>
    <property name="line.separator" value="&#10;"/>
    <property name="java.vm.specification.vendor" value="Oracle Corporation"/>
    <property name="java.specification.name" value="Java Platform API Specification"/>
    <property name="java.awt.graphicsenv" value="sun.awt.X11GraphicsEnvironment"/>
    <property name="skip.installnpx" value="true"/>
    <property name="surefire.real.class.path" value="/home/runner/work/ozone/ozone/hadoop-ozone/integration-test/target/surefire/surefirebooter6309194965562176248.jar:/home/runner/.m2/repository/org/jacoco/org.jacoco.agent/0.8.5/org.jacoco.agent-0.8.5-runtime.jar"/>
    <property name="hadoop.log.dir" value="/home/runner/work/ozone/ozone/hadoop-ozone/integration-test/target/log"/>
    <property name="sun.boot.class.path" value="/usr/lib/jvm/temurin-8-jdk-amd64/jre/lib/resources.jar:/usr/lib/jvm/temurin-8-jdk-amd64/jre/lib/rt.jar:/usr/lib/jvm/temurin-8-jdk-amd64/jre/lib/sunrsasign.jar:/usr/lib/jvm/temurin-8-jdk-amd64/jre/lib/jsse.jar:/usr/lib/jvm/temurin-8-jdk-amd64/jre/lib/jce.jar:/usr/lib/jvm/temurin-8-jdk-amd64/jre/lib/charsets.jar:/usr/lib/jvm/temurin-8-jdk-amd64/jre/lib/jfr.jar:/usr/lib/jvm/temurin-8-jdk-amd64/jre/classes"/>
    <property name="sun.management.compiler" value="HotSpot 64-Bit Tiered Compilers"/>
    <property name="skip.npx" value="true"/>
    <property name="java.runtime.version" value="1.8.0_345-b01"/>
    <property name="java.net.preferIPv4Stack" value="true"/>
    <property name="user.name" value="runner"/>
    <property name="path.separator" value=":"/>
    <property name="java.security.egd" value="file:///dev/urandom"/>
    <property name="os.version" value="5.15.0-1022-azure"/>
    <property name="java.endorsed.dirs" value="/usr/lib/jvm/temurin-8-jdk-amd64/jre/lib/endorsed"/>
    <property name="java.runtime.name" value="OpenJDK Runtime Environment"/>
    <property name="file.encoding" value="UTF-8"/>
    <property name="java.vm.name" value="OpenJDK 64-Bit Server VM"/>
    <property name="test.build.webapps" value=""/>
    <property name="localRepository" value="/home/runner/.m2/repository"/>
    <property name="jetty.git.hash" value="4231a3b2e4cb8548a412a789936d640a97b1aa0a"/>
    <property name="java.vendor.url.bug" value="https://github.com/adoptium/adoptium-support/issues"/>
    <property name="java.io.tmpdir" value="/tmp"/>
    <property name="require.test.libhadoop" value=""/>
    <property name="java.version" value="1.8.0_345"/>
    <property name="user.dir" value="/home/runner/work/ozone/ozone/hadoop-ozone/integration-test"/>
    <property name="os.arch" value="amd64"/>
    <property name="java.vm.specification.name" value="Java Virtual Machine Specification"/>
    <property name="test.build.classes" value="/home/runner/work/ozone/ozone/hadoop-ozone/integration-test/target/test-classes"/>
    <property name="java.awt.printerjob" value="sun.print.PSPrinterJob"/>
    <property name="sun.os.patch.level" value="unknown"/>
    <property name="org.apache.ratis.thirdparty.io.netty.allocator.useCacheForAllThreads" value="false"/>
    <property name="hadoop.tmp.dir" value="/home/runner/work/ozone/ozone/hadoop-ozone/integration-test/target/tmp"/>
    <property name="java.library.path" value="/usr/java/packages/lib/amd64:/usr/lib64:/lib64:/lib:/usr/lib"/>
    <property name="java.vm.info" value="mixed mode"/>
    <property name="java.vendor" value="Temurin"/>
    <property name="java.vm.version" value="25.345-b01"/>
    <property name="java.ext.dirs" value="/usr/lib/jvm/temurin-8-jdk-amd64/jre/lib/ext:/usr/java/packages/lib/ext"/>
    <property name="sun.io.unicode.encoding" value="UnicodeLittle"/>
    <property name="java.class.version" value="52.0"/>
  </properties>
  <testcase name="testMultiPartCompleteUpload" classname="org.apache.hadoop.ozone.om.TestObjectStoreWithLegacyFS" time="1.312">
    <system-out><![CDATA[2022-11-23 13:29:10,906 [main] WARN  server.ServerUtils (ServerUtils.java:getScmDbDir(148)) - ozone.scm.db.dirs is not configured. We recommend adding this setting. Falling back to ozone.metadata.dirs instead.
2022-11-23 13:29:11,012 [main] WARN  server.ServerUtils (ServerUtils.java:getScmDbDir(148)) - ozone.scm.db.dirs is not configured. We recommend adding this setting. Falling back to ozone.metadata.dirs instead.
2022-11-23 13:29:11,016 [main] INFO  ha.SCMHANodeDetails (SCMHANodeDetails.java:loadSCMHAConfig(209)) - ServiceID for StorageContainerManager is null
2022-11-23 13:29:11,027 [main] WARN  ha.SCMHANodeDetails (SCMHANodeDetails.java:validateSCMHAConfig(182)) - Invalid config ozone.scm.ratis.enable. The config was not specified, but the default value true conflicts with the expected config value false. Falling back to the expected value. Current State of SCM: SCM is running in Non-HA without Ratis Ratis SCM -> Non Ratis SCM or Non HA SCM -> HA SCM is not supported
2022-11-23 13:29:11,027 [main] INFO  ha.SCMHANodeDetails (SCMHANodeDetails.java:loadSCMHAConfig(214)) - ozone.scm.default.service.id is not defined, falling back to ozone.scm.service.ids to find serviceID for StorageContainerManager if it is HA enabled cluster
2022-11-23 13:29:11,617 [main] WARN  utils.HAUtils (HAUtils.java:getMetaDir(342)) - ozone.scm.db.dirs is not configured. We recommend adding this setting. Falling back to ozone.metadata.dirs instead.
2022-11-23 13:29:11,794 [main] WARN  db.DBStoreBuilder (DBStoreBuilder.java:applyDBDefinition(144)) - ozone.scm.db.dirs is not configured. We recommend adding this setting. Falling back to ozone.metadata.dirs instead.
2022-11-23 13:29:12,103 [main] INFO  net.NodeSchemaLoader (NodeSchemaLoader.java:loadSchemaFromFile(129)) - Loading schema from [jar:file:/home/runner/.m2/repository/org/apache/ozone/hdds-common/1.3.0-SNAPSHOT/hdds-common-1.3.0-SNAPSHOT.jar!/network-topology-default.xml]
2022-11-23 13:29:12,105 [main] INFO  net.NodeSchemaLoader (NodeSchemaLoader.java:loadSchema(176)) - Loading network topology layer schema file
2022-11-23 13:29:12,151 [main] INFO  metrics.MetricRegistries (MetricRegistriesLoader.java:load(64)) - Loaded MetricRegistries class org.apache.ratis.metrics.impl.MetricRegistriesImpl
2022-11-23 13:29:12,157 [main] INFO  upgrade.AbstractLayoutVersionManager (AbstractLayoutVersionManager.java:init(83)) - Initializing Layout version manager with metadata layout = DATANODE_SCHEMA_V3 (version = 4), software layout = DATANODE_SCHEMA_V3 (version = 4)
2022-11-23 13:29:12,436 [main] INFO  reflections.Reflections (Reflections.java:scan(232)) - Reflections took 183 ms to scan 7 urls, producing 140 keys and 342 values 
2022-11-23 13:29:12,556 [main] INFO  ha.SequenceIdGenerator (SequenceIdGenerator.java:upgradeToSequenceId(349)) - upgrade localId to 109611004723200000
2022-11-23 13:29:12,557 [main] INFO  ha.SequenceIdGenerator (SequenceIdGenerator.java:upgradeToSequenceId(359)) - upgrade delTxnId to 0
2022-11-23 13:29:12,561 [main] INFO  ha.SequenceIdGenerator (SequenceIdGenerator.java:upgradeToSequenceId(376)) - upgrade containerId to 0
2022-11-23 13:29:12,563 [main] INFO  ha.SequenceIdGenerator (SequenceIdGenerator.java:<init>(220)) - Init the HA SequenceIdGenerator.
2022-11-23 13:29:12,606 [main] WARN  server.ServerUtils (ServerUtils.java:sanitizeUserArgs(73)) - ozone.scm.stale.node.interval value = 300000 is larger than max = 100000 based on the key value of ozone.scm.heartbeat.thread.interval, reset to the max value 100000.
2022-11-23 13:29:12,606 [main] WARN  server.ServerUtils (ServerUtils.java:sanitizeUserArgs(73)) - ozone.scm.stale.node.interval value = 300000 is larger than max = 100000 based on the key value of ozone.scm.heartbeat.thread.interval, reset to the max value 100000.
2022-11-23 13:29:12,614 [main] INFO  node.SCMNodeManager (SCMNodeManager.java:<init>(149)) - Entering startup safe mode.
2022-11-23 13:29:12,695 [main] INFO  algorithms.ContainerPlacementPolicyFactory (ContainerPlacementPolicyFactory.java:getPolicyInternal(86)) - Create container placement policy of type org.apache.hadoop.hdds.scm.container.placement.algorithms.SCMContainerPlacementRandom
2022-11-23 13:29:12,698 [main] INFO  algorithms.ContainerPlacementPolicyFactory (ContainerPlacementPolicyFactory.java:getPolicyInternal(86)) - Create container placement policy of type org.apache.hadoop.hdds.scm.container.placement.algorithms.SCMContainerPlacementRackScatter
2022-11-23 13:29:12,708 [main] INFO  pipeline.PipelineStateManagerImpl (PipelineStateManagerImpl.java:initialize(78)) - No pipeline exists in current db
2022-11-23 13:29:12,761 [main] INFO  algorithms.LeaderChoosePolicyFactory (LeaderChoosePolicyFactory.java:getPolicy(57)) - Create leader choose policy of type org.apache.hadoop.hdds.scm.pipeline.leader.choose.algorithms.MinLeaderCountChoosePolicy
2022-11-23 13:29:12,762 [main] INFO  algorithms.ContainerPlacementPolicyFactory (ContainerPlacementPolicyFactory.java:getPolicyInternal(86)) - Create container placement policy of type org.apache.hadoop.hdds.scm.container.placement.algorithms.SCMContainerPlacementRackScatter
2022-11-23 13:29:12,770 [main] INFO  ha.SCMServiceManager (SCMServiceManager.java:register(42)) - Registering service BackgroundPipelineCreator.
2022-11-23 13:29:12,770 [main] INFO  pipeline.BackgroundPipelineCreator (BackgroundPipelineCreator.java:start(124)) - Starting RatisPipelineUtilsThread.
2022-11-23 13:29:12,775 [main] INFO  BackgroundPipelineScrubber (BackgroundSCMService.java:start(68)) - Starting BackgroundPipelineScrubber Service.
2022-11-23 13:29:12,780 [main] INFO  ha.SCMServiceManager (SCMServiceManager.java:register(42)) - Registering service BackgroundPipelineScrubber.
2022-11-23 13:29:12,793 [main] INFO  ExpiredContainerReplicaOpScrubber (BackgroundSCMService.java:start(68)) - Starting ExpiredContainerReplicaOpScrubber Service.
2022-11-23 13:29:12,800 [main] INFO  ha.SCMServiceManager (SCMServiceManager.java:register(42)) - Registering service ExpiredContainerReplicaOpScrubber.
2022-11-23 13:29:12,854 [main] INFO  algorithms.PipelineChoosePolicyFactory (PipelineChoosePolicyFactory.java:createPipelineChoosePolicyFromClass(73)) - Create pipeline choose policy of type org.apache.hadoop.hdds.scm.pipeline.choose.algorithms.RandomPipelineChoosePolicy
2022-11-23 13:29:12,878 [main] INFO  ha.SCMServiceManager (SCMServiceManager.java:register(42)) - Registering service SCMBlockDeletingService.
2022-11-23 13:29:12,943 [main] INFO  replication.ReplicationManager (ReplicationManager.java:start(253)) - Starting Replication Monitor Thread.
2022-11-23 13:29:12,960 [main] INFO  ha.SCMServiceManager (SCMServiceManager.java:register(42)) - Registering service ReplicationManager.
2022-11-23 13:29:12,964 [ReplicationMonitor] INFO  replication.ReplicationManager (ReplicationManager.java:processAll(322)) - Replication Manager is not ready to run until 3000ms after safemode exit
2022-11-23 13:29:12,969 [main] INFO  safemode.ContainerSafeModeRule (ContainerSafeModeRule.java:<init>(89)) - containers with one replica threshold count 0
2022-11-23 13:29:12,974 [main] INFO  safemode.HealthyPipelineSafeModeRule (HealthyPipelineSafeModeRule.java:initializeRule(169)) - Total pipeline count is 0, healthy pipeline threshold count is 1
2022-11-23 13:29:12,976 [main] INFO  safemode.OneReplicaPipelineSafeModeRule (OneReplicaPipelineSafeModeRule.java:initializeRule(180)) - Total pipeline count is 0, pipeline's with at least one datanode reported threshold count is 0
2022-11-23 13:29:13,307 [main] INFO  audit.AuditLogger (AuditLogger.java:refreshDebugCmdSet(126)) - Refresh DebugCmdSet for SCMAudit to [].
2022-11-23 13:29:13,339 [main] INFO  ipc.CallQueueManager (CallQueueManager.java:<init>(90)) - Using callQueue: class java.util.concurrent.LinkedBlockingQueue, queueCapacity: 2000, scheduler: class org.apache.hadoop.ipc.DefaultRpcScheduler, ipcBackoff: false.
2022-11-23 13:29:13,386 [Socket Reader #1 for port 0] INFO  ipc.Server (Server.java:run(1273)) - Starting Socket Reader #1 for port 0
2022-11-23 13:29:13,448 [Listener at 0.0.0.0/41935] INFO  audit.AuditLogger (AuditLogger.java:refreshDebugCmdSet(126)) - Refresh DebugCmdSet for SCMAudit to [].
2022-11-23 13:29:13,453 [Listener at 0.0.0.0/41935] INFO  ipc.CallQueueManager (CallQueueManager.java:<init>(90)) - Using callQueue: class java.util.concurrent.LinkedBlockingQueue, queueCapacity: 2000, scheduler: class org.apache.hadoop.ipc.DefaultRpcScheduler, ipcBackoff: false.
2022-11-23 13:29:13,460 [Socket Reader #1 for port 0] INFO  ipc.Server (Server.java:run(1273)) - Starting Socket Reader #1 for port 0
2022-11-23 13:29:13,505 [Listener at 0.0.0.0/39823] INFO  audit.AuditLogger (AuditLogger.java:refreshDebugCmdSet(126)) - Refresh DebugCmdSet for SCMAudit to [].
2022-11-23 13:29:13,520 [Listener at 0.0.0.0/39823] INFO  ipc.CallQueueManager (CallQueueManager.java:<init>(90)) - Using callQueue: class java.util.concurrent.LinkedBlockingQueue, queueCapacity: 2000, scheduler: class org.apache.hadoop.ipc.DefaultRpcScheduler, ipcBackoff: false.
2022-11-23 13:29:13,521 [Socket Reader #1 for port 0] INFO  ipc.Server (Server.java:run(1273)) - Starting Socket Reader #1 for port 0
2022-11-23 13:29:13,574 [Listener at 0.0.0.0/32779] INFO  ha.SCMServiceManager (SCMServiceManager.java:register(42)) - Registering service ContainerBalancer.
2022-11-23 13:29:13,575 [Listener at 0.0.0.0/32779] INFO  server.StorageContainerManager (StorageContainerManager.java:<init>(417)) - 
Container Balancer status:
Key                            Value
Running                        true
Container Balancer Configuration values:
Key                                                Value
Threshold                                          10
Max Datanodes to Involve per Iteration(percent)    20
Max Size to Move per Iteration                     500GB
Max Size Entering Target per Iteration             26GB
Max Size Leaving Source per Iteration              26GB

2022-11-23 13:29:13,575 [Listener at 0.0.0.0/32779] WARN  events.EventQueue (EventQueue.java:fireEvent(216)) - No event handler registered for event TypedEvent{payloadType=SafeModeStatus, name='Safe mode status'}
2022-11-23 13:29:13,575 [Listener at 0.0.0.0/32779] INFO  ha.SCMContext (SCMContext.java:updateSafeModeStatus(228)) - Update SafeModeStatus from SafeModeStatus{safeModeStatus=true, preCheckPassed=false} to SafeModeStatus{safeModeStatus=true, preCheckPassed=false}.
2022-11-23 13:29:13,582 [Listener at 0.0.0.0/32779] INFO  server.StorageContainerManager (StorageContainerManager.java:start(1470)) - StorageContainerLocationProtocol RPC server is listening at /0.0.0.0:32779
2022-11-23 13:29:13,692 [Listener at 0.0.0.0/32779] WARN  impl.MetricsConfig (MetricsConfig.java:loadFirst(136)) - Cannot locate configuration: tried hadoop-metrics2-storagecontainermanager.properties,hadoop-metrics2.properties
2022-11-23 13:29:13,705 [Listener at 0.0.0.0/32779] INFO  impl.MetricsSystemImpl (MetricsSystemImpl.java:startTimer(378)) - Scheduled Metric snapshot period at 10 second(s).
2022-11-23 13:29:13,705 [Listener at 0.0.0.0/32779] INFO  impl.MetricsSystemImpl (MetricsSystemImpl.java:start(191)) - StorageContainerManager metrics system started
2022-11-23 13:29:14,065 [Listener at 0.0.0.0/32779] INFO  server.SCMClientProtocolServer (SCMClientProtocolServer.java:start(170)) - RPC server for Client  is listening at /0.0.0.0:32779
2022-11-23 13:29:14,068 [IPC Server Responder] INFO  ipc.Server (Server.java:run(1512)) - IPC Server Responder: starting
2022-11-23 13:29:14,072 [IPC Server listener on 0] INFO  ipc.Server (Server.java:run(1352)) - IPC Server listener on 0: starting
2022-11-23 13:29:14,085 [Listener at 0.0.0.0/32779] INFO  server.StorageContainerManager (StorageContainerManager.java:start(1485)) - ScmBlockLocationProtocol RPC server is listening at /0.0.0.0:39823
2022-11-23 13:29:14,086 [Listener at 0.0.0.0/32779] INFO  server.SCMBlockProtocolServer (SCMBlockProtocolServer.java:start(152)) - RPC server for Block Protocol is listening at /0.0.0.0:39823
2022-11-23 13:29:14,087 [IPC Server Responder] INFO  ipc.Server (Server.java:run(1512)) - IPC Server Responder: starting
2022-11-23 13:29:14,087 [IPC Server listener on 0] INFO  ipc.Server (Server.java:run(1352)) - IPC Server listener on 0: starting
2022-11-23 13:29:14,092 [Listener at 0.0.0.0/32779] INFO  server.SCMDatanodeProtocolServer (SCMDatanodeProtocolServer.java:start(186)) - ScmDatanodeProtocol RPC server for DataNodes is listening at /0.0.0.0:41935
2022-11-23 13:29:14,094 [IPC Server Responder] INFO  ipc.Server (Server.java:run(1512)) - IPC Server Responder: starting
2022-11-23 13:29:14,094 [IPC Server listener on 0] INFO  ipc.Server (Server.java:run(1352)) - IPC Server listener on 0: starting
2022-11-23 13:29:14,118 [org.apache.hadoop.util.JvmPauseMonitor$Monitor@1d9bd4d6] INFO  util.JvmPauseMonitor (JvmPauseMonitor.java:run(188)) - Starting JVM pause monitor
2022-11-23 13:29:14,134 [Listener at 0.0.0.0/32779] INFO  http.BaseHttpServer (BaseHttpServer.java:newHttpServer2BuilderForOzone(213)) - Starting Web-server for scm at: http://0.0.0.0:0
2022-11-23 13:29:14,135 [Listener at 0.0.0.0/32779] INFO  http.BaseHttpServer (BaseHttpServer.java:<init>(108)) - Hadoop Security Enabled: false Ozone Security Enabled: false Ozone HTTP Security Enabled: false 
2022-11-23 13:29:14,163 [Listener at 0.0.0.0/32779] INFO  util.log (Log.java:initialized(170)) - Logging initialized @4634ms to org.eclipse.jetty.util.log.Slf4jLog
2022-11-23 13:29:14,290 [Listener at 0.0.0.0/32779] WARN  server.AuthenticationFilter (AuthenticationFilter.java:constructSecretProvider(240)) - Unable to initialize FileSignerSecretProvider, falling back to use random secrets. Reason: Could not read signature secret file: /home/runner/hadoop-http-auth-signature-secret
2022-11-23 13:29:14,298 [Listener at 0.0.0.0/32779] WARN  http.HttpRequestLog (HttpRequestLog.java:getRequestLog(103)) - Jetty request log can only be enabled using Log4j
2022-11-23 13:29:14,307 [Listener at 0.0.0.0/32779] INFO  http.HttpServer2 (HttpServer2.java:addGlobalFilter(1031)) - Added global filter 'safety' (class=org.apache.hadoop.hdds.server.http.HttpServer2$QuotingInputFilter)
2022-11-23 13:29:14,309 [Listener at 0.0.0.0/32779] INFO  http.HttpServer2 (HttpServer2.java:addFilter(1007)) - Added filter static_user_filter (class=org.apache.hadoop.http.lib.StaticUserWebFilter$StaticUserFilter) to context scm
2022-11-23 13:29:14,309 [Listener at 0.0.0.0/32779] INFO  http.HttpServer2 (HttpServer2.java:addFilter(1015)) - Added filter static_user_filter (class=org.apache.hadoop.http.lib.StaticUserWebFilter$StaticUserFilter) to context static
2022-11-23 13:29:14,309 [Listener at 0.0.0.0/32779] INFO  http.HttpServer2 (HttpServer2.java:addFilter(1015)) - Added filter static_user_filter (class=org.apache.hadoop.http.lib.StaticUserWebFilter$StaticUserFilter) to context logs
2022-11-23 13:29:14,353 [Listener at 0.0.0.0/32779] INFO  http.HttpServer2 (HttpServer2.java:bindListener(1250)) - Jetty bound to port 33339
2022-11-23 13:29:14,355 [Listener at 0.0.0.0/32779] INFO  server.Server (Server.java:doStart(375)) - jetty-9.4.49.v20220914; built: 2022-09-14T01:07:36.601Z; git: 4231a3b2e4cb8548a412a789936d640a97b1aa0a; jvm 1.8.0_345-b01
2022-11-23 13:29:14,387 [Listener at 0.0.0.0/32779] INFO  server.session (DefaultSessionIdManager.java:doStart(334)) - DefaultSessionIdManager workerName=node0
2022-11-23 13:29:14,387 [Listener at 0.0.0.0/32779] INFO  server.session (DefaultSessionIdManager.java:doStart(339)) - No SessionScavenger set, using defaults
2022-11-23 13:29:14,390 [Listener at 0.0.0.0/32779] INFO  server.session (HouseKeeper.java:startScavenging(132)) - node0 Scavenging every 600000ms
2022-11-23 13:29:14,406 [Listener at 0.0.0.0/32779] INFO  handler.ContextHandler (ContextHandler.java:doStart(921)) - Started o.e.j.s.ServletContextHandler@15f229e8{logs,/logs,file:///home/runner/work/ozone/ozone/hadoop-ozone/integration-test/target/log,AVAILABLE}
2022-11-23 13:29:14,406 [Listener at 0.0.0.0/32779] INFO  handler.ContextHandler (ContextHandler.java:doStart(921)) - Started o.e.j.s.ServletContextHandler@5c945ee7{static,/static,file:///home/runner/work/ozone/ozone/hadoop-ozone/integration-test/target/test-classes/webapps/static,AVAILABLE}
2022-11-23 13:29:14,455 [Listener at 0.0.0.0/32779] INFO  handler.ContextHandler (ContextHandler.java:doStart(921)) - Started o.e.j.w.WebAppContext@61c4fc34{scm,/,file:///home/runner/work/ozone/ozone/hadoop-ozone/integration-test/target/test-classes/webapps/scm/,AVAILABLE}{file:/home/runner/work/ozone/ozone/hadoop-ozone/integration-test/target/test-classes/webapps/scm}
2022-11-23 13:29:14,467 [Listener at 0.0.0.0/32779] INFO  server.AbstractConnector (AbstractConnector.java:doStart(333)) - Started ServerConnector@3ba815ee{HTTP/1.1, (http/1.1)}{0.0.0.0:33339}
2022-11-23 13:29:14,469 [Listener at 0.0.0.0/32779] INFO  server.Server (Server.java:doStart(415)) - Started @4940ms
2022-11-23 13:29:14,473 [Listener at 0.0.0.0/32779] INFO  impl.MetricsSinkAdapter (MetricsSinkAdapter.java:start(204)) - Sink prometheus started
2022-11-23 13:29:14,473 [Listener at 0.0.0.0/32779] INFO  impl.MetricsSystemImpl (MetricsSystemImpl.java:registerSink(305)) - Registered sink prometheus
2022-11-23 13:29:14,476 [Listener at 0.0.0.0/32779] INFO  http.BaseHttpServer (BaseHttpServer.java:updateConnectorAddress(333)) - HTTP server of scm listening at http://0.0.0.0:33339
2022-11-23 13:29:14,480 [Listener at 0.0.0.0/32779] WARN  server.ServerUtils (ServerUtils.java:getDBPath(225)) - ozone.om.db.dirs is not configured. We recommend adding this setting. Falling back to ozone.metadata.dirs instead.
2022-11-23 13:29:14,580 [Listener at 0.0.0.0/32779] INFO  audit.AuditLogger (AuditLogger.java:refreshDebugCmdSet(126)) - Refresh DebugCmdSet for OMAudit to [].
2022-11-23 13:29:14,678 [Listener at 0.0.0.0/32779] INFO  ha.OMHANodeDetails (OMHANodeDetails.java:loadOMHAConfig(115)) - ozone.om.internal.service.id is not defined, falling back to ozone.om.service.ids to find serviceID for OzoneManager if it is HA enabled cluster
2022-11-23 13:29:14,683 [Listener at 0.0.0.0/32779] INFO  ha.OMHANodeDetails (OMHANodeDetails.java:loadOMHAConfig(226)) - Configuration does not have ozone.om.address set. Falling back to the default OM address /127.0.0.1:0
2022-11-23 13:29:14,683 [Listener at 0.0.0.0/32779] INFO  ha.OMHANodeDetails (OMHANodeDetails.java:getOMNodeDetailsForNonHA(254)) - OM Service ID is not set. Setting it to the default ID: omServiceIdDefault
2022-11-23 13:29:14,683 [Listener at 0.0.0.0/32779] INFO  ha.OMHANodeDetails (OMHANodeDetails.java:getOMNodeDetailsForNonHA(261)) - OM Node ID is not set. Setting it to the default ID: om1
2022-11-23 13:29:14,688 [Listener at 0.0.0.0/32779] WARN  server.ServerUtils (ServerUtils.java:getDBPath(225)) - ozone.om.db.dirs is not configured. We recommend adding this setting. Falling back to ozone.metadata.dirs instead.
2022-11-23 13:29:14,689 [Listener at 0.0.0.0/32779] INFO  upgrade.AbstractLayoutVersionManager (AbstractLayoutVersionManager.java:init(83)) - Initializing Layout version manager with metadata layout = MULTITENANCY_SCHEMA (version = 3), software layout = MULTITENANCY_SCHEMA (version = 3)
2022-11-23 13:29:14,825 [Listener at 0.0.0.0/32779] INFO  reflections.Reflections (Reflections.java:scan(232)) - Reflections took 129 ms to scan 2 urls, producing 154 keys and 429 values [using 2 cores]
2022-11-23 13:29:14,830 [Listener at 0.0.0.0/32779] INFO  upgrade.OMLayoutVersionManager (OMLayoutVersionManager.java:lambda$0(115)) - Skipping Upgrade Action MockOmUpgradeAction since it has been finalized.
2022-11-23 13:29:14,833 [Listener at 0.0.0.0/32779] WARN  server.ServerUtils (ServerUtils.java:getDBPath(225)) - ozone.om.db.dirs is not configured. We recommend adding this setting. Falling back to ozone.metadata.dirs instead.
2022-11-23 13:29:15,043 [Listener at 0.0.0.0/32779] INFO  proxy.SCMBlockLocationFailoverProxyProvider (SCMBlockLocationFailoverProxyProvider.java:<init>(114)) - Created block location fail-over proxy with 1 nodes: [nodeId=scmNodeId,nodeAddress=/0.0.0.0:39823]
2022-11-23 13:29:15,088 [Listener at 0.0.0.0/32779] INFO  proxy.SCMBlockLocationFailoverProxyProvider (SCMBlockLocationFailoverProxyProvider.java:<init>(114)) - Created block location fail-over proxy with 1 nodes: [nodeId=scmNodeId,nodeAddress=/0.0.0.0:39823]
2022-11-23 13:29:15,349 [Listener at 0.0.0.0/32779] WARN  server.ServerUtils (ServerUtils.java:getDBPath(225)) - ozone.om.db.dirs is not configured. We recommend adding this setting. Falling back to ozone.metadata.dirs instead.
2022-11-23 13:29:15,357 [Listener at 0.0.0.0/32779] INFO  codec.OmKeyInfoCodec (OmKeyInfoCodec.java:<init>(49)) - OmKeyInfoCodec ignorePipeline = true
2022-11-23 13:29:15,358 [Listener at 0.0.0.0/32779] INFO  codec.RepeatedOmKeyInfoCodec (RepeatedOmKeyInfoCodec.java:<init>(41)) - RepeatedOmKeyInfoCodec ignorePipeline = true
2022-11-23 13:29:15,590 [Listener at 0.0.0.0/32779] INFO  om.OzoneManager (OzoneManager.java:instantiateServices(715)) - S3 Multi-Tenancy is disabled
2022-11-23 13:29:15,688 [Listener at 0.0.0.0/32779] INFO  om.OzoneManager (OzoneManager.java:addS3GVolumeToDB(4400)) - Created Volume s3v With Owner runner required for S3Gateway operations.
2022-11-23 13:29:15,764 [Listener at 0.0.0.0/32779] WARN  server.ServerUtils (ServerUtils.java:getDefaultRatisDirectory(237)) - Storage directory for Ratis is not configured. It is a good idea to map this to an SSD disk. Falling back to ozone.metadata.dirs
2022-11-23 13:29:15,766 [Listener at 0.0.0.0/32779] WARN  utils.OzoneManagerRatisUtils (OzoneManagerRatisUtils.java:getOMRatisSnapshotDirectory(434)) - ozone.om.ratis.snapshot.dir is not configured. Falling back to ozone.metadata.dirs config
2022-11-23 13:29:15,794 [Listener at 0.0.0.0/32779] WARN  server.ServerUtils (ServerUtils.java:getDefaultRatisDirectory(237)) - Storage directory for Ratis is not configured. It is a good idea to map this to an SSD disk. Falling back to ozone.metadata.dirs
2022-11-23 13:29:15,855 [Listener at 0.0.0.0/32779] INFO  ratis.OzoneManagerRatisServer (OzoneManagerRatisServer.java:<init>(160)) - Instantiating OM Ratis server with groupID: omServiceIdDefault and peers: localhost:9872
2022-11-23 13:29:15,866 [Listener at 0.0.0.0/32779] INFO  ratis.OzoneManagerStateMachine (OzoneManagerStateMachine.java:loadSnapshotInfoFromDB(636)) - LastAppliedIndex is set from TransactionInfo from OM DB as (t:0, i:~)
2022-11-23 13:29:15,923 [Listener at 0.0.0.0/32779] INFO  server.RaftServer (ConfUtils.java:logGet(46)) - raft.rpc.type = GRPC (default)
2022-11-23 13:29:16,015 [Listener at 0.0.0.0/32779] INFO  grpc.GrpcConfigKeys (ConfUtils.java:logFallback(53)) - raft.grpc.admin.host = null (fallback to raft.grpc.server.host)
2022-11-23 13:29:16,016 [Listener at 0.0.0.0/32779] INFO  grpc.GrpcConfigKeys (ConfUtils.java:logFallback(53)) - raft.grpc.admin.port = 9872 (fallback to raft.grpc.server.port)
2022-11-23 13:29:16,017 [Listener at 0.0.0.0/32779] INFO  grpc.GrpcConfigKeys (ConfUtils.java:logFallback(53)) - raft.grpc.client.host = null (fallback to raft.grpc.server.host)
2022-11-23 13:29:16,017 [Listener at 0.0.0.0/32779] INFO  grpc.GrpcConfigKeys (ConfUtils.java:logFallback(53)) - raft.grpc.client.port = 9872 (fallback to raft.grpc.server.port)
2022-11-23 13:29:16,017 [Listener at 0.0.0.0/32779] INFO  grpc.GrpcConfigKeys (ConfUtils.java:logGet(46)) - raft.grpc.server.host = null (default)
2022-11-23 13:29:16,018 [Listener at 0.0.0.0/32779] INFO  grpc.GrpcConfigKeys (ConfUtils.java:logGet(46)) - raft.grpc.server.port = 9872 (custom)
2022-11-23 13:29:16,018 [Listener at 0.0.0.0/32779] INFO  server.GrpcService (ConfUtils.java:logGet(46)) - raft.grpc.message.size.max = 33554432 (custom)
2022-11-23 13:29:16,019 [Listener at 0.0.0.0/32779] INFO  server.RaftServerConfigKeys (ConfUtils.java:logGet(46)) - raft.server.log.appender.buffer.byte-limit = 33554432 (custom)
2022-11-23 13:29:16,020 [Listener at 0.0.0.0/32779] INFO  server.GrpcService (ConfUtils.java:logGet(46)) - raft.grpc.flow.control.window = 1MB (=1048576) (default)
2022-11-23 13:29:16,021 [Listener at 0.0.0.0/32779] INFO  server.RaftServerConfigKeys (ConfUtils.java:logGet(46)) - raft.server.rpc.request.timeout = 3000ms (default)
2022-11-23 13:29:16,035 [Listener at 0.0.0.0/32779] INFO  grpc.GrpcConfigKeys (ConfUtils.java:logGet(46)) - raft.grpc.server.heartbeat.channel = true (default)
2022-11-23 13:29:16,039 [Listener at 0.0.0.0/32779] INFO  grpc.GrpcConfigKeys (ConfUtils.java:logGet(46)) - raft.grpc.server.async.request.thread.pool.cached = true (default)
2022-11-23 13:29:16,039 [Listener at 0.0.0.0/32779] INFO  grpc.GrpcConfigKeys (ConfUtils.java:logGet(46)) - raft.grpc.server.async.request.thread.pool.size = 32 (default)
2022-11-23 13:29:16,406 [Listener at 0.0.0.0/32779] INFO  impl.DataStreamServerImpl (ConfUtils.java:logGet(46)) - raft.datastream.type = DISABLED (default)
2022-11-23 13:29:16,409 [Listener at 0.0.0.0/32779] INFO  server.RaftServerConfigKeys (ConfUtils.java:logGet(46)) - raft.server.threadpool.proxy.cached = true (default)
2022-11-23 13:29:16,410 [Listener at 0.0.0.0/32779] INFO  server.RaftServerConfigKeys (ConfUtils.java:logGet(46)) - raft.server.threadpool.proxy.size = 0 (default)
2022-11-23 13:29:16,410 [Listener at 0.0.0.0/32779] INFO  server.RaftServerConfigKeys (ConfUtils.java:logGet(46)) - raft.server.rpc.slowness.timeout = 120s (custom)
2022-11-23 13:29:16,410 [Listener at 0.0.0.0/32779] INFO  server.RaftServerConfigKeys (ConfUtils.java:logGet(46)) - raft.server.leaderelection.leader.step-down.wait-time = 10s (default)
2022-11-23 13:29:16,413 [Listener at 0.0.0.0/32779] INFO  server.RaftServerConfigKeys (ConfUtils.java:logGet(46)) - raft.server.storage.dir = [/home/runner/work/ozone/ozone/hadoop-ozone/integration-test/target/test-dir/MiniOzoneClusterImpl-eee7442c-9747-40b9-9476-ee0de7f6c5d3/ozone-meta/ratis] (custom)
2022-11-23 13:29:16,427 [Listener at 0.0.0.0/32779] INFO  server.RaftServer (RaftServerProxy.java:addNew(96)) - om1: addNew group-C5BA1605619E:[om1|rpc:localhost:9872|priority:0|startupRole:FOLLOWER] returns group-C5BA1605619E:java.util.concurrent.CompletableFuture@4aebeda8[Not completed]
2022-11-23 13:29:16,427 [Listener at 0.0.0.0/32779] INFO  om.OzoneManager (OzoneManager.java:initializeRatisServer(1977)) - OzoneManager Ratis server initialized at port 9872
2022-11-23 13:29:16,458 [Listener at 0.0.0.0/32779] INFO  om.OzoneManager (OzoneManager.java:getRpcServer(1104)) - Creating RPC Server
2022-11-23 13:29:16,469 [pool-55-thread-1] INFO  server.RaftServer$Division (RaftServerImpl.java:<init>(195)) - om1: new RaftServerImpl for group-C5BA1605619E:[om1|rpc:localhost:9872|priority:0|startupRole:FOLLOWER] with OzoneManagerStateMachine:uninitialized
2022-11-23 13:29:16,476 [pool-55-thread-1] INFO  server.RaftServerConfigKeys (ConfUtils.java:logGet(46)) - raft.server.rpc.timeout.min = 1s (custom)
2022-11-23 13:29:16,478 [pool-55-thread-1] INFO  server.RaftServerConfigKeys (ConfUtils.java:logGet(46)) - raft.server.rpc.timeout.max = 1200ms (custom)
2022-11-23 13:29:16,478 [pool-55-thread-1] INFO  server.RaftServerConfigKeys (ConfUtils.java:logGet(46)) - raft.server.rpc.sleep.time = 25ms (default)
2022-11-23 13:29:16,478 [pool-55-thread-1] INFO  server.RaftServerConfigKeys (ConfUtils.java:logGet(46)) - raft.server.rpc.slowness.timeout = 120s (custom)
2022-11-23 13:29:16,479 [pool-55-thread-1] INFO  server.RaftServerConfigKeys (ConfUtils.java:logGet(46)) - raft.server.leaderelection.leader.step-down.wait-time = 10s (default)
2022-11-23 13:29:16,479 [pool-55-thread-1] INFO  server.RaftServerConfigKeys (ConfUtils.java:logGet(46)) - raft.server.sleep.deviation.threshold = 300ms (default)
2022-11-23 13:29:16,498 [pool-55-thread-1] INFO  server.RaftServer$Division (ServerState.java:<init>(118)) - om1@group-C5BA1605619E: ConfigurationManager, init=-1: peers:[om1|rpc:localhost:9872|priority:0|startupRole:FOLLOWER]|listeners:[], old=null, confs=<EMPTY_MAP>
2022-11-23 13:29:16,498 [pool-55-thread-1] INFO  server.RaftServerConfigKeys (ConfUtils.java:logGet(46)) - raft.server.storage.dir = [/home/runner/work/ozone/ozone/hadoop-ozone/integration-test/target/test-dir/MiniOzoneClusterImpl-eee7442c-9747-40b9-9476-ee0de7f6c5d3/ozone-meta/ratis] (custom)
2022-11-23 13:29:16,515 [pool-55-thread-1] INFO  server.RaftServerConfigKeys (ConfUtils.java:logGet(46)) - raft.server.log.corruption.policy = EXCEPTION (default)
2022-11-23 13:29:16,516 [pool-55-thread-1] INFO  server.RaftServerConfigKeys (ConfUtils.java:logGet(46)) - raft.server.storage.free-space.min = 0MB (=0) (default)
2022-11-23 13:29:16,533 [pool-55-thread-1] INFO  server.RaftServerConfigKeys (ConfUtils.java:logGet(46)) - raft.server.notification.no-leader.timeout = 120s (custom)
2022-11-23 13:29:16,540 [pool-55-thread-1] INFO  server.RaftServerConfigKeys (ConfUtils.java:logGet(46)) - raft.server.retrycache.expirytime = 300s (custom)
2022-11-23 13:29:16,541 [pool-55-thread-1] INFO  server.RaftServerConfigKeys (ConfUtils.java:logGet(46)) - raft.server.retrycache.statistics.expirytime = 100μs (default)
2022-11-23 13:29:16,768 [pool-55-thread-1] INFO  server.RaftServerConfigKeys (ConfUtils.java:logGet(46)) - raft.server.log.appender.install.snapshot.enabled = false (custom)
2022-11-23 13:29:16,770 [pool-55-thread-1] INFO  server.RaftServerConfigKeys (ConfUtils.java:logGet(46)) - raft.server.threadpool.server.cached = true (default)
2022-11-23 13:29:16,771 [pool-55-thread-1] INFO  server.RaftServerConfigKeys (ConfUtils.java:logGet(46)) - raft.server.threadpool.server.size = 0 (default)
2022-11-23 13:29:16,772 [pool-55-thread-1] INFO  server.RaftServerConfigKeys (ConfUtils.java:logGet(46)) - raft.server.threadpool.client.cached = true (default)
2022-11-23 13:29:16,774 [pool-55-thread-1] INFO  server.RaftServerConfigKeys (ConfUtils.java:logGet(46)) - raft.server.threadpool.client.size = 0 (default)
2022-11-23 13:29:17,281 [Listener at 0.0.0.0/32779] INFO  reflections.Reflections (Reflections.java:scan(232)) - Reflections took 732 ms to scan 19 urls, producing 67 keys and 4375 values [using 2 cores]
2022-11-23 13:29:17,524 [Listener at 0.0.0.0/32779] INFO  ipc.CallQueueManager (CallQueueManager.java:<init>(90)) - Using callQueue: class java.util.concurrent.LinkedBlockingQueue, queueCapacity: 2000, scheduler: class org.apache.hadoop.ipc.DefaultRpcScheduler, ipcBackoff: false.
2022-11-23 13:29:17,525 [Socket Reader #1 for port 0] INFO  ipc.Server (Server.java:run(1273)) - Starting Socket Reader #1 for port 0
2022-11-23 13:29:17,561 [Listener at 127.0.0.1/45507] INFO  impl.MetricsSystemImpl (MetricsSystemImpl.java:init(158)) - OzoneManager metrics system started (again)
2022-11-23 13:29:17,574 [Listener at 127.0.0.1/45507] INFO  om.OzoneManager (OzoneManager.java:start(1484)) - OzoneManager RPC server is listening at localhost/127.0.0.1:45507
2022-11-23 13:29:17,574 [Listener at 127.0.0.1/45507] INFO  ratis.OzoneManagerRatisServer (OzoneManagerRatisServer.java:start(555)) - Starting OzoneManagerRatisServer om1 at port 9872
2022-11-23 13:29:17,578 [om1-impl-thread1] INFO  storage.RaftStorageDirectory (RaftStorageDirectoryImpl.java:analyzeStorage(137)) - The storage directory /home/runner/work/ozone/ozone/hadoop-ozone/integration-test/target/test-dir/MiniOzoneClusterImpl-eee7442c-9747-40b9-9476-ee0de7f6c5d3/ozone-meta/ratis/bf265839-605b-3f16-9796-c5ba1605619e does not exist. Creating ...
2022-11-23 13:29:17,583 [om1-impl-thread1] INFO  storage.RaftStorageDirectory (RaftStorageDirectoryImpl.java:tryLock(231)) - Lock on /home/runner/work/ozone/ozone/hadoop-ozone/integration-test/target/test-dir/MiniOzoneClusterImpl-eee7442c-9747-40b9-9476-ee0de7f6c5d3/ozone-meta/ratis/bf265839-605b-3f16-9796-c5ba1605619e/in_use.lock acquired by nodename 5092@fv-az449-73
2022-11-23 13:29:17,592 [om1-impl-thread1] INFO  storage.RaftStorage (RaftStorageImpl.java:format(96)) - Storage directory /home/runner/work/ozone/ozone/hadoop-ozone/integration-test/target/test-dir/MiniOzoneClusterImpl-eee7442c-9747-40b9-9476-ee0de7f6c5d3/ozone-meta/ratis/bf265839-605b-3f16-9796-c5ba1605619e has been successfully formatted.
2022-11-23 13:29:17,595 [om1-impl-thread1] INFO  server.RaftServerConfigKeys (ConfUtils.java:logGet(46)) - raft.server.log.use.memory = false (default)
2022-11-23 13:29:17,604 [om1-impl-thread1] INFO  server.RaftServerConfigKeys (ConfUtils.java:logGet(46)) - raft.server.log.purge.gap = 1000000 (custom)
2022-11-23 13:29:17,604 [om1-impl-thread1] INFO  server.RaftServerConfigKeys (ConfUtils.java:logGet(46)) - raft.server.log.appender.buffer.byte-limit = 33554432 (custom)
2022-11-23 13:29:17,606 [om1-impl-thread1] INFO  server.RaftServerConfigKeys (ConfUtils.java:logGet(46)) - raft.server.log.statemachine.data.read.timeout = 1000ms (default)
2022-11-23 13:29:17,607 [om1-impl-thread1] INFO  server.RaftServerConfigKeys (ConfUtils.java:logGet(46)) - raft.server.log.purge.preservation.log.num = 0 (default)
2022-11-23 13:29:17,611 [om1-impl-thread1] INFO  server.RaftServerConfigKeys (ConfUtils.java:logGet(46)) - raft.server.log.segment.size.max = 4194304 (custom)
2022-11-23 13:29:17,618 [om1-impl-thread1] INFO  server.RaftServerConfigKeys (ConfUtils.java:logGet(46)) - raft.server.log.segment.cache.num.max = 2 (custom)
2022-11-23 13:29:17,618 [om1-impl-thread1] INFO  server.RaftServerConfigKeys (ConfUtils.java:logGet(46)) - raft.server.log.segment.cache.size.max = 200MB (=209715200) (default)
2022-11-23 13:29:17,626 [om1-impl-thread1] INFO  segmented.SegmentedRaftLogWorker (SegmentedRaftLogWorker.java:<init>(191)) - new om1@group-C5BA1605619E-SegmentedRaftLogWorker for RaftStorageImpl:Storage Directory /home/runner/work/ozone/ozone/hadoop-ozone/integration-test/target/test-dir/MiniOzoneClusterImpl-eee7442c-9747-40b9-9476-ee0de7f6c5d3/ozone-meta/ratis/bf265839-605b-3f16-9796-c5ba1605619e
2022-11-23 13:29:17,626 [om1-impl-thread1] INFO  server.RaftServerConfigKeys (ConfUtils.java:logGet(46)) - raft.server.log.queue.byte-limit = 64MB (=67108864) (default)
2022-11-23 13:29:17,627 [om1-impl-thread1] INFO  server.RaftServerConfigKeys (ConfUtils.java:logGet(46)) - raft.server.log.queue.element-limit = 4096 (default)
2022-11-23 13:29:17,628 [om1-impl-thread1] INFO  server.RaftServerConfigKeys (ConfUtils.java:logGet(46)) - raft.server.log.segment.size.max = 4194304 (custom)
2022-11-23 13:29:17,628 [om1-impl-thread1] INFO  server.RaftServerConfigKeys (ConfUtils.java:logGet(46)) - raft.server.log.preallocated.size = 4194304 (custom)
2022-11-23 13:29:17,629 [om1-impl-thread1] INFO  server.RaftServerConfigKeys (ConfUtils.java:logGet(46)) - raft.server.log.force.sync.num = 128 (default)
2022-11-23 13:29:17,630 [om1-impl-thread1] INFO  server.RaftServerConfigKeys (ConfUtils.java:logGet(46)) - raft.server.log.statemachine.data.sync = true (default)
2022-11-23 13:29:17,630 [om1-impl-thread1] INFO  server.RaftServerConfigKeys (ConfUtils.java:logGet(46)) - raft.server.log.statemachine.data.sync.timeout = 10s (default)
2022-11-23 13:29:17,631 [om1-impl-thread1] INFO  server.RaftServerConfigKeys (ConfUtils.java:logGet(46)) - raft.server.log.statemachine.data.sync.timeout.retry = -1 (default)
2022-11-23 13:29:17,799 [om1-impl-thread1] INFO  server.RaftServerConfigKeys (ConfUtils.java:logGet(46)) - raft.server.log.write.buffer.size = 64KB (=65536) (default)
2022-11-23 13:29:17,800 [om1-impl-thread1] INFO  server.RaftServerConfigKeys (ConfUtils.java:logGet(46)) - raft.server.log.unsafe-flush.enabled = false (default)
2022-11-23 13:29:17,800 [om1-impl-thread1] INFO  server.RaftServerConfigKeys (ConfUtils.java:logGet(46)) - raft.server.log.async-flush.enabled = false (default)
2022-11-23 13:29:17,801 [om1-impl-thread1] INFO  server.RaftServerConfigKeys (ConfUtils.java:logGet(46)) - raft.server.log.statemachine.data.caching.enabled = false (default)
2022-11-23 13:29:17,808 [om1-impl-thread1] INFO  segmented.SegmentedRaftLogWorker (SegmentedRaftLogWorker.java:lambda$new$0(136)) - om1@group-C5BA1605619E-SegmentedRaftLogWorker: flushIndex: setUnconditionally 0 -> -1
2022-11-23 13:29:17,808 [om1-impl-thread1] INFO  segmented.SegmentedRaftLogWorker (SegmentedRaftLogWorker.java:lambda$new$0(136)) - om1@group-C5BA1605619E-SegmentedRaftLogWorker: safeCacheEvictIndex: setUnconditionally 0 -> -1
2022-11-23 13:29:17,810 [om1-impl-thread1] INFO  server.RaftServer$Division (RaftServerImpl.java:start(334)) - om1@group-C5BA1605619E: start as a follower, conf=-1: peers:[om1|rpc:localhost:9872|priority:0|startupRole:FOLLOWER]|listeners:[], old=null
2022-11-23 13:29:17,810 [om1-impl-thread1] INFO  server.RaftServer$Division (RaftServerImpl.java:setRole(321)) - om1@group-C5BA1605619E: changes role from      null to FOLLOWER at term 0 for startAsFollower
2022-11-23 13:29:17,813 [om1-impl-thread1] INFO  impl.RoleInfo (RoleInfo.java:updateAndGet(139)) - om1: start om1@group-C5BA1605619E-FollowerState
2022-11-23 13:29:17,814 [om1-impl-thread1] INFO  util.JmxRegister (JmxRegister.java:tryRegister(44)) - Successfully registered JMX Bean with object name Ratis:service=RaftServer,group=group-C5BA1605619E,id=om1
2022-11-23 13:29:17,817 [om1-impl-thread1] INFO  server.RaftServerConfigKeys (ConfUtils.java:logGet(46)) - raft.server.snapshot.auto.trigger.enabled = true (custom)
2022-11-23 13:29:17,818 [om1-impl-thread1] INFO  server.RaftServerConfigKeys (ConfUtils.java:logGet(46)) - raft.server.snapshot.auto.trigger.threshold = 400000 (default)
2022-11-23 13:29:17,818 [om1-impl-thread1] INFO  server.RaftServerConfigKeys (ConfUtils.java:logGet(46)) - raft.server.snapshot.retention.file.num = -1 (default)
2022-11-23 13:29:17,820 [om1-impl-thread1] INFO  server.RaftServerConfigKeys (ConfUtils.java:logGet(46)) - raft.server.log.purge.upto.snapshot.index = true (custom)
2022-11-23 13:29:17,821 [om1@group-C5BA1605619E-FollowerState] INFO  server.RaftServerConfigKeys (ConfUtils.java:logFallback(53)) - raft.server.rpc.first-election.timeout.min = 1s (fallback to raft.server.rpc.timeout.min)
2022-11-23 13:29:17,821 [om1@group-C5BA1605619E-FollowerState] INFO  server.RaftServerConfigKeys (ConfUtils.java:logFallback(53)) - raft.server.rpc.first-election.timeout.max = 1200ms (fallback to raft.server.rpc.timeout.max)
2022-11-23 13:29:17,824 [Listener at 127.0.0.1/45507] INFO  server.RaftServer (RaftServerProxy.java:startImpl(393)) - om1: start RPC server
2022-11-23 13:29:17,896 [Listener at 127.0.0.1/45507] INFO  server.GrpcService (GrpcService.java:startImpl(270)) - om1: GrpcService started, listening on 9872
2022-11-23 13:29:17,900 [Listener at 127.0.0.1/45507] INFO  om.OzoneManager (OzoneManager.java:start(1500)) - Version File has different layout version (3) than OM DB (null). That is expected if this OM has never been finalized to a newer layout version.
2022-11-23 13:29:17,902 [JvmPauseMonitor0] INFO  util.JvmPauseMonitor (JvmPauseMonitor.java:run(105)) - JvmPauseMonitor-om1: Started
2022-11-23 13:29:17,922 [Listener at 127.0.0.1/45507] INFO  http.BaseHttpServer (BaseHttpServer.java:newHttpServer2BuilderForOzone(213)) - Starting Web-server for ozoneManager at: http://0.0.0.0:0
2022-11-23 13:29:17,922 [Listener at 127.0.0.1/45507] INFO  http.BaseHttpServer (BaseHttpServer.java:<init>(108)) - Hadoop Security Enabled: false Ozone Security Enabled: false Ozone HTTP Security Enabled: false 
2022-11-23 13:29:17,924 [Listener at 127.0.0.1/45507] WARN  server.AuthenticationFilter (AuthenticationFilter.java:constructSecretProvider(240)) - Unable to initialize FileSignerSecretProvider, falling back to use random secrets. Reason: Could not read signature secret file: /home/runner/hadoop-http-auth-signature-secret
2022-11-23 13:29:17,925 [Listener at 127.0.0.1/45507] WARN  http.HttpRequestLog (HttpRequestLog.java:getRequestLog(103)) - Jetty request log can only be enabled using Log4j
2022-11-23 13:29:17,927 [Listener at 127.0.0.1/45507] INFO  http.HttpServer2 (HttpServer2.java:addGlobalFilter(1031)) - Added global filter 'safety' (class=org.apache.hadoop.hdds.server.http.HttpServer2$QuotingInputFilter)
2022-11-23 13:29:17,928 [Listener at 127.0.0.1/45507] INFO  http.HttpServer2 (HttpServer2.java:addFilter(1007)) - Added filter static_user_filter (class=org.apache.hadoop.http.lib.StaticUserWebFilter$StaticUserFilter) to context ozoneManager
2022-11-23 13:29:17,928 [Listener at 127.0.0.1/45507] INFO  http.HttpServer2 (HttpServer2.java:addFilter(1015)) - Added filter static_user_filter (class=org.apache.hadoop.http.lib.StaticUserWebFilter$StaticUserFilter) to context logs
2022-11-23 13:29:17,933 [Listener at 127.0.0.1/45507] INFO  http.HttpServer2 (HttpServer2.java:addFilter(1015)) - Added filter static_user_filter (class=org.apache.hadoop.http.lib.StaticUserWebFilter$StaticUserFilter) to context static
2022-11-23 13:29:17,938 [Listener at 127.0.0.1/45507] INFO  http.HttpServer2 (HttpServer2.java:bindListener(1250)) - Jetty bound to port 37709
2022-11-23 13:29:17,938 [Listener at 127.0.0.1/45507] INFO  server.Server (Server.java:doStart(375)) - jetty-9.4.49.v20220914; built: 2022-09-14T01:07:36.601Z; git: 4231a3b2e4cb8548a412a789936d640a97b1aa0a; jvm 1.8.0_345-b01
2022-11-23 13:29:17,963 [Listener at 127.0.0.1/45507] INFO  server.session (DefaultSessionIdManager.java:doStart(334)) - DefaultSessionIdManager workerName=node0
2022-11-23 13:29:17,963 [Listener at 127.0.0.1/45507] INFO  server.session (DefaultSessionIdManager.java:doStart(339)) - No SessionScavenger set, using defaults
2022-11-23 13:29:17,964 [Listener at 127.0.0.1/45507] INFO  server.session (HouseKeeper.java:startScavenging(132)) - node0 Scavenging every 600000ms
2022-11-23 13:29:17,964 [Listener at 127.0.0.1/45507] INFO  handler.ContextHandler (ContextHandler.java:doStart(921)) - Started o.e.j.s.ServletContextHandler@341a25da{logs,/logs,file:///home/runner/work/ozone/ozone/hadoop-ozone/integration-test/target/log,AVAILABLE}
2022-11-23 13:29:17,965 [Listener at 127.0.0.1/45507] INFO  handler.ContextHandler (ContextHandler.java:doStart(921)) - Started o.e.j.s.ServletContextHandler@18a7c1f6{static,/static,file:///home/runner/work/ozone/ozone/hadoop-ozone/integration-test/target/test-classes/webapps/static,AVAILABLE}
2022-11-23 13:29:17,970 [Listener at 127.0.0.1/45507] INFO  handler.ContextHandler (ContextHandler.java:doStart(921)) - Started o.e.j.w.WebAppContext@77648a90{ozoneManager,/,file:///home/runner/work/ozone/ozone/hadoop-ozone/integration-test/target/test-classes/webapps/ozoneManager/,AVAILABLE}{file:/home/runner/work/ozone/ozone/hadoop-ozone/integration-test/target/test-classes/webapps/ozoneManager}
2022-11-23 13:29:17,971 [Listener at 127.0.0.1/45507] INFO  server.AbstractConnector (AbstractConnector.java:doStart(333)) - Started ServerConnector@2ff35904{HTTP/1.1, (http/1.1)}{0.0.0.0:37709}
2022-11-23 13:29:17,971 [Listener at 127.0.0.1/45507] INFO  server.Server (Server.java:doStart(415)) - Started @8442ms
2022-11-23 13:29:17,971 [Listener at 127.0.0.1/45507] WARN  impl.MetricsSystemImpl (MetricsSystemImpl.java:register(279)) - Sink prometheus already exists!
2022-11-23 13:29:17,972 [Listener at 127.0.0.1/45507] INFO  http.BaseHttpServer (BaseHttpServer.java:updateConnectorAddress(333)) - HTTP server of ozoneManager listening at http://0.0.0.0:37709
2022-11-23 13:29:17,972 [IPC Server Responder] INFO  ipc.Server (Server.java:run(1512)) - IPC Server Responder: starting
2022-11-23 13:29:17,973 [IPC Server listener on 0] INFO  ipc.Server (Server.java:run(1352)) - IPC Server listener on 0: starting
2022-11-23 13:29:18,033 [Listener at 127.0.0.1/45507] INFO  om.OzoneManager (OzoneManager.java:startTrashEmptier(1921)) - Trash Interval set to 0. Files deleted won't move to trash
2022-11-23 13:29:18,046 [org.apache.hadoop.util.JvmPauseMonitor$Monitor@1eec2dcb] INFO  util.JvmPauseMonitor (JvmPauseMonitor.java:run(188)) - Starting JVM pause monitor
2022-11-23 13:29:18,217 [Listener at 127.0.0.1/45507] WARN  impl.MetricRegistriesImpl (MetricRegistriesImpl.java:addReporterRegistration(111)) - New reporters are added after registries were created. Some metrics will be missing from the reporter. Please add reporter before adding any new registry.
2022-11-23 13:29:18,218 [Listener at 127.0.0.1/45507] WARN  impl.MetricRegistriesImpl (MetricRegistriesImpl.java:addReporterRegistration(111)) - New reporters are added after registries were created. Some metrics will be missing from the reporter. Please add reporter before adding any new registry.
2022-11-23 13:29:18,218 [Listener at 127.0.0.1/45507] INFO  impl.MetricsSystemImpl (MetricsSystemImpl.java:init(158)) - HddsDatanode metrics system started (again)
2022-11-23 13:29:18,236 [Listener at 127.0.0.1/45507] INFO  ozone.HddsDatanodeService (HddsDatanodeService.java:start(236)) - HddsDatanodeService host:fv-az449-73.jvjgdiodbn4ungrcbaap0pmvbb.dx.internal.cloudapp.net ip:10.1.0.249
2022-11-23 13:29:18,277 [Listener at 127.0.0.1/45507] INFO  upgrade.AbstractLayoutVersionManager (AbstractLayoutVersionManager.java:init(83)) - Initializing Layout version manager with metadata layout = DATANODE_SCHEMA_V3 (version = 4), software layout = DATANODE_SCHEMA_V3 (version = 4)
2022-11-23 13:29:18,341 [Listener at 127.0.0.1/45507] INFO  reflections.Reflections (Reflections.java:scan(232)) - Reflections took 52 ms to scan 7 urls, producing 140 keys and 342 values 
2022-11-23 13:29:18,345 [Listener at 127.0.0.1/45507] INFO  statemachine.DatanodeStateMachine (DatanodeStateMachine.java:getEndPointTaskThreadPoolSize(245)) - Datanode State Machine Task Thread Pool size 2
2022-11-23 13:29:18,403 [Listener at 127.0.0.1/45507] INFO  volume.HddsVolume (HddsVolume.java:<init>(117)) - Creating HddsVolume: /home/runner/work/ozone/ozone/hadoop-ozone/integration-test/target/test-dir/MiniOzoneClusterImpl-eee7442c-9747-40b9-9476-ee0de7f6c5d3/datanode-0/data-0/containers/hdds of storage type : DISK capacity : 9223372036854775807
2022-11-23 13:29:18,405 [Listener at 127.0.0.1/45507] INFO  volume.MutableVolumeSet (MutableVolumeSet.java:initializeVolumeSet(174)) - Added Volume : /home/runner/work/ozone/ozone/hadoop-ozone/integration-test/target/test-dir/MiniOzoneClusterImpl-eee7442c-9747-40b9-9476-ee0de7f6c5d3/datanode-0/data-0/containers/hdds to VolumeSet
2022-11-23 13:29:18,406 [Listener at 127.0.0.1/45507] INFO  volume.ThrottledAsyncChecker (ThrottledAsyncChecker.java:schedule(141)) - Scheduling a check for /home/runner/work/ozone/ozone/hadoop-ozone/integration-test/target/test-dir/MiniOzoneClusterImpl-eee7442c-9747-40b9-9476-ee0de7f6c5d3/datanode-0/data-0/containers/hdds
2022-11-23 13:29:18,431 [Listener at 127.0.0.1/45507] INFO  volume.StorageVolumeChecker (StorageVolumeChecker.java:checkAllVolumes(202)) - Scheduled health check for volume /home/runner/work/ozone/ozone/hadoop-ozone/integration-test/target/test-dir/MiniOzoneClusterImpl-eee7442c-9747-40b9-9476-ee0de7f6c5d3/datanode-0/data-0/containers/hdds
2022-11-23 13:29:18,451 [Listener at 127.0.0.1/45507] INFO  volume.MutableVolumeSet (MutableVolumeSet.java:initializeVolumeSet(174)) - Added Volume : /home/runner/work/ozone/ozone/hadoop-ozone/integration-test/target/test-dir/MiniOzoneClusterImpl-eee7442c-9747-40b9-9476-ee0de7f6c5d3/datanode-0/data/ratis to VolumeSet
2022-11-23 13:29:18,452 [Listener at 127.0.0.1/45507] INFO  volume.ThrottledAsyncChecker (ThrottledAsyncChecker.java:schedule(141)) - Scheduling a check for /home/runner/work/ozone/ozone/hadoop-ozone/integration-test/target/test-dir/MiniOzoneClusterImpl-eee7442c-9747-40b9-9476-ee0de7f6c5d3/datanode-0/data/ratis
2022-11-23 13:29:18,453 [Listener at 127.0.0.1/45507] INFO  volume.StorageVolumeChecker (StorageVolumeChecker.java:checkAllVolumes(202)) - Scheduled health check for volume /home/runner/work/ozone/ozone/hadoop-ozone/integration-test/target/test-dir/MiniOzoneClusterImpl-eee7442c-9747-40b9-9476-ee0de7f6c5d3/datanode-0/data/ratis
2022-11-23 13:29:18,478 [Thread-136] INFO  ozoneimpl.ContainerReader (ContainerReader.java:readVolume(175)) - Finish verifying containers on volume /home/runner/work/ozone/ozone/hadoop-ozone/integration-test/target/test-dir/MiniOzoneClusterImpl-eee7442c-9747-40b9-9476-ee0de7f6c5d3/datanode-0/data-0/containers/hdds
2022-11-23 13:29:18,478 [Listener at 127.0.0.1/45507] INFO  ozoneimpl.OzoneContainer (OzoneContainer.java:buildContainerSet(301)) - Build ContainerSet costs 0s
2022-11-23 13:29:18,533 [Listener at 127.0.0.1/45507] INFO  audit.AuditLogger (AuditLogger.java:refreshDebugCmdSet(126)) - Refresh DebugCmdSet for DNAudit to [].
2022-11-23 13:29:18,571 [Listener at 127.0.0.1/45507] INFO  server.RaftServer (ConfUtils.java:logGet(46)) - raft.rpc.type = GRPC (default)
2022-11-23 13:29:18,571 [Listener at 127.0.0.1/45507] INFO  grpc.GrpcConfigKeys (ConfUtils.java:logFallback(53)) - raft.grpc.admin.host = null (fallback to raft.grpc.server.host)
2022-11-23 13:29:18,572 [Listener at 127.0.0.1/45507] INFO  grpc.GrpcConfigKeys (ConfUtils.java:logGet(46)) - raft.grpc.admin.port = 0 (custom)
2022-11-23 13:29:18,573 [Listener at 127.0.0.1/45507] INFO  grpc.GrpcConfigKeys (ConfUtils.java:logFallback(53)) - raft.grpc.client.host = null (fallback to raft.grpc.server.host)
2022-11-23 13:29:18,573 [Listener at 127.0.0.1/45507] INFO  grpc.GrpcConfigKeys (ConfUtils.java:logGet(46)) - raft.grpc.client.port = 0 (custom)
2022-11-23 13:29:18,574 [Listener at 127.0.0.1/45507] INFO  grpc.GrpcConfigKeys (ConfUtils.java:logGet(46)) - raft.grpc.server.host = null (default)
2022-11-23 13:29:18,574 [Listener at 127.0.0.1/45507] INFO  grpc.GrpcConfigKeys (ConfUtils.java:logGet(46)) - raft.grpc.server.port = 0 (default)
2022-11-23 13:29:18,575 [Listener at 127.0.0.1/45507] INFO  server.GrpcService (ConfUtils.java:logGet(46)) - raft.grpc.message.size.max = 32MB (=33554432) (custom)
2022-11-23 13:29:18,575 [Listener at 127.0.0.1/45507] INFO  server.RaftServerConfigKeys (ConfUtils.java:logGet(46)) - raft.server.log.appender.buffer.byte-limit = 33554432 (custom)
2022-11-23 13:29:18,576 [Listener at 127.0.0.1/45507] INFO  server.GrpcService (ConfUtils.java:logGet(46)) - raft.grpc.flow.control.window = 5MB (=5242880) (custom)
2022-11-23 13:29:18,576 [Listener at 127.0.0.1/45507] INFO  server.RaftServerConfigKeys (ConfUtils.java:logGet(46)) - raft.server.rpc.request.timeout = 60s (custom)
2022-11-23 13:29:18,578 [Listener at 127.0.0.1/45507] INFO  grpc.GrpcConfigKeys (ConfUtils.java:logGet(46)) - raft.grpc.server.heartbeat.channel = true (default)
2022-11-23 13:29:18,579 [Listener at 127.0.0.1/45507] INFO  grpc.GrpcConfigKeys (ConfUtils.java:logGet(46)) - raft.grpc.server.async.request.thread.pool.cached = true (default)
2022-11-23 13:29:18,579 [Listener at 127.0.0.1/45507] INFO  grpc.GrpcConfigKeys (ConfUtils.java:logGet(46)) - raft.grpc.server.async.request.thread.pool.size = 32 (default)
2022-11-23 13:29:18,580 [Listener at 127.0.0.1/45507] INFO  impl.DataStreamServerImpl (ConfUtils.java:logGet(46)) - raft.datastream.type = DISABLED (default)
2022-11-23 13:29:18,581 [Listener at 127.0.0.1/45507] INFO  server.RaftServerConfigKeys (ConfUtils.java:logGet(46)) - raft.server.threadpool.proxy.cached = true (default)
2022-11-23 13:29:18,581 [Listener at 127.0.0.1/45507] INFO  server.RaftServerConfigKeys (ConfUtils.java:logGet(46)) - raft.server.threadpool.proxy.size = 0 (default)
2022-11-23 13:29:18,581 [Listener at 127.0.0.1/45507] INFO  server.RaftServerConfigKeys (ConfUtils.java:logGet(46)) - raft.server.rpc.slowness.timeout = 300s (custom)
2022-11-23 13:29:18,581 [Listener at 127.0.0.1/45507] INFO  server.RaftServerConfigKeys (ConfUtils.java:logGet(46)) - raft.server.leaderelection.leader.step-down.wait-time = 10s (default)
2022-11-23 13:29:18,582 [Listener at 127.0.0.1/45507] INFO  server.RaftServerConfigKeys (ConfUtils.java:logGet(46)) - raft.server.storage.dir = [/home/runner/work/ozone/ozone/hadoop-ozone/integration-test/target/test-dir/MiniOzoneClusterImpl-eee7442c-9747-40b9-9476-ee0de7f6c5d3/datanode-0/data/ratis] (custom)
2022-11-23 13:29:18,601 [Listener at 127.0.0.1/45507] INFO  server.XceiverServerGrpc (XceiverServerGrpc.java:<init>(132)) - GrpcServer channel type EpollServerSocketChannel
2022-11-23 13:29:18,672 [Listener at 127.0.0.1/45507] INFO  http.BaseHttpServer (BaseHttpServer.java:newHttpServer2BuilderForOzone(213)) - Starting Web-server for hddsDatanode at: http://0.0.0.0:0
2022-11-23 13:29:18,673 [Listener at 127.0.0.1/45507] INFO  http.BaseHttpServer (BaseHttpServer.java:<init>(108)) - Hadoop Security Enabled: false Ozone Security Enabled: false Ozone HTTP Security Enabled: false 
2022-11-23 13:29:18,674 [Listener at 127.0.0.1/45507] WARN  server.AuthenticationFilter (AuthenticationFilter.java:constructSecretProvider(240)) - Unable to initialize FileSignerSecretProvider, falling back to use random secrets. Reason: Could not read signature secret file: /home/runner/hadoop-http-auth-signature-secret
2022-11-23 13:29:18,675 [Listener at 127.0.0.1/45507] WARN  http.HttpRequestLog (HttpRequestLog.java:getRequestLog(103)) - Jetty request log can only be enabled using Log4j
2022-11-23 13:29:18,677 [Listener at 127.0.0.1/45507] INFO  http.HttpServer2 (HttpServer2.java:addGlobalFilter(1031)) - Added global filter 'safety' (class=org.apache.hadoop.hdds.server.http.HttpServer2$QuotingInputFilter)
2022-11-23 13:29:18,677 [Listener at 127.0.0.1/45507] INFO  http.HttpServer2 (HttpServer2.java:addFilter(1007)) - Added filter static_user_filter (class=org.apache.hadoop.http.lib.StaticUserWebFilter$StaticUserFilter) to context hddsDatanode
2022-11-23 13:29:18,677 [Listener at 127.0.0.1/45507] INFO  http.HttpServer2 (HttpServer2.java:addFilter(1015)) - Added filter static_user_filter (class=org.apache.hadoop.http.lib.StaticUserWebFilter$StaticUserFilter) to context logs
2022-11-23 13:29:18,678 [Listener at 127.0.0.1/45507] INFO  http.HttpServer2 (HttpServer2.java:addFilter(1015)) - Added filter static_user_filter (class=org.apache.hadoop.http.lib.StaticUserWebFilter$StaticUserFilter) to context static
2022-11-23 13:29:18,679 [Listener at 127.0.0.1/45507] INFO  http.HttpServer2 (HttpServer2.java:bindListener(1250)) - Jetty bound to port 34059
2022-11-23 13:29:18,679 [Listener at 127.0.0.1/45507] INFO  server.Server (Server.java:doStart(375)) - jetty-9.4.49.v20220914; built: 2022-09-14T01:07:36.601Z; git: 4231a3b2e4cb8548a412a789936d640a97b1aa0a; jvm 1.8.0_345-b01
2022-11-23 13:29:18,700 [Listener at 127.0.0.1/45507] INFO  server.session (DefaultSessionIdManager.java:doStart(334)) - DefaultSessionIdManager workerName=node0
2022-11-23 13:29:18,701 [Listener at 127.0.0.1/45507] INFO  server.session (DefaultSessionIdManager.java:doStart(339)) - No SessionScavenger set, using defaults
2022-11-23 13:29:18,701 [Listener at 127.0.0.1/45507] INFO  server.session (HouseKeeper.java:startScavenging(132)) - node0 Scavenging every 600000ms
2022-11-23 13:29:18,704 [Listener at 127.0.0.1/45507] INFO  handler.ContextHandler (ContextHandler.java:doStart(921)) - Started o.e.j.s.ServletContextHandler@10c834af{logs,/logs,file:///home/runner/work/ozone/ozone/hadoop-ozone/integration-test/target/log,AVAILABLE}
2022-11-23 13:29:18,704 [Listener at 127.0.0.1/45507] INFO  handler.ContextHandler (ContextHandler.java:doStart(921)) - Started o.e.j.s.ServletContextHandler@4a0abf27{static,/static,jar:file:/home/runner/.m2/repository/org/apache/ozone/hdds-container-service/1.3.0-SNAPSHOT/hdds-container-service-1.3.0-SNAPSHOT.jar!/webapps/static,AVAILABLE}
2022-11-23 13:29:18,915 [Listener at 127.0.0.1/45507] INFO  handler.ContextHandler (ContextHandler.java:doStart(921)) - Started o.e.j.w.WebAppContext@16b59ac4{hddsDatanode,/,file:///tmp/jetty-0_0_0_0-34059-hdds-container-service-1_3_0-SNAPSHOT_jar-_-any-5916743355275304363/webapp/,AVAILABLE}{jar:file:/home/runner/.m2/repository/org/apache/ozone/hdds-container-service/1.3.0-SNAPSHOT/hdds-container-service-1.3.0-SNAPSHOT.jar!/webapps/hddsDatanode}
2022-11-23 13:29:18,916 [Listener at 127.0.0.1/45507] INFO  server.AbstractConnector (AbstractConnector.java:doStart(333)) - Started ServerConnector@5d9f23b2{HTTP/1.1, (http/1.1)}{0.0.0.0:34059}
2022-11-23 13:29:18,917 [Listener at 127.0.0.1/45507] INFO  server.Server (Server.java:doStart(415)) - Started @9388ms
2022-11-23 13:29:18,917 [Listener at 127.0.0.1/45507] WARN  impl.MetricsSystemImpl (MetricsSystemImpl.java:register(279)) - Sink prometheus already exists!
2022-11-23 13:29:18,917 [Listener at 127.0.0.1/45507] INFO  http.BaseHttpServer (BaseHttpServer.java:updateConnectorAddress(333)) - HTTP server of hddsDatanode listening at http://0.0.0.0:34059
2022-11-23 13:29:18,919 [Listener at 127.0.0.1/45507] WARN  impl.MetricRegistriesImpl (MetricRegistriesImpl.java:addReporterRegistration(111)) - New reporters are added after registries were created. Some metrics will be missing from the reporter. Please add reporter before adding any new registry.
2022-11-23 13:29:18,919 [Listener at 127.0.0.1/45507] WARN  impl.MetricRegistriesImpl (MetricRegistriesImpl.java:addReporterRegistration(111)) - New reporters are added after registries were created. Some metrics will be missing from the reporter. Please add reporter before adding any new registry.
2022-11-23 13:29:18,919 [Listener at 127.0.0.1/45507] INFO  impl.MetricsSystemImpl (MetricsSystemImpl.java:init(158)) - HddsDatanode metrics system started (again)
2022-11-23 13:29:18,922 [om1@group-C5BA1605619E-FollowerState] INFO  impl.FollowerState (FollowerState.java:run(143)) - om1@group-C5BA1605619E-FollowerState: change to CANDIDATE, lastRpcElapsedTime:1109560286ns, electionTimeout:1097ms
2022-11-23 13:29:18,923 [om1@group-C5BA1605619E-FollowerState] INFO  impl.RoleInfo (RoleInfo.java:shutdownFollowerState(110)) - om1: shutdown om1@group-C5BA1605619E-FollowerState
2022-11-23 13:29:18,923 [om1@group-C5BA1605619E-FollowerState] INFO  server.RaftServer$Division (RaftServerImpl.java:setRole(321)) - om1@group-C5BA1605619E: changes role from  FOLLOWER to CANDIDATE at term 0 for changeToCandidate
2022-11-23 13:29:18,930 [om1@group-C5BA1605619E-FollowerState] INFO  server.RaftServerConfigKeys (ConfUtils.java:logGet(46)) - raft.server.leaderelection.pre-vote = false (custom)
2022-11-23 13:29:18,930 [om1@group-C5BA1605619E-FollowerState] INFO  impl.RoleInfo (RoleInfo.java:updateAndGet(139)) - om1: start om1@group-C5BA1605619E-LeaderElection1
2022-11-23 13:29:18,924 [Datanode State Machine Daemon Thread] INFO  statemachine.DatanodeStateMachine (DatanodeStateMachine.java:lambda$startDaemon$0(505)) - Ozone container server started.
2022-11-23 13:29:18,945 [org.apache.hadoop.util.JvmPauseMonitor$Monitor@1ea6f9a5] INFO  util.JvmPauseMonitor (JvmPauseMonitor.java:run(188)) - Starting JVM pause monitor
2022-11-23 13:29:18,958 [om1@group-C5BA1605619E-LeaderElection1] INFO  impl.LeaderElection (LeaderElection.java:askForVotes(312)) - om1@group-C5BA1605619E-LeaderElection1 ELECTION round 0: submit vote requests at term 1 for -1: peers:[om1|rpc:localhost:9872|priority:0|startupRole:FOLLOWER]|listeners:[], old=null
2022-11-23 13:29:18,959 [om1@group-C5BA1605619E-LeaderElection1] INFO  impl.LeaderElection (LeaderElection.java:askForVotes(314)) - om1@group-C5BA1605619E-LeaderElection1 ELECTION round 0: result PASSED (term=1)
2022-11-23 13:29:18,960 [om1@group-C5BA1605619E-LeaderElection1] INFO  impl.RoleInfo (RoleInfo.java:shutdownLeaderElection(130)) - om1: shutdown om1@group-C5BA1605619E-LeaderElection1
2022-11-23 13:29:18,960 [om1@group-C5BA1605619E-LeaderElection1] INFO  server.RaftServer$Division (RaftServerImpl.java:setRole(321)) - om1@group-C5BA1605619E: changes role from CANDIDATE to LEADER at term 1 for changeToLeader
2022-11-23 13:29:18,960 [om1@group-C5BA1605619E-LeaderElection1] INFO  server.RaftServer$Division (ServerState.java:setLeader(313)) - om1@group-C5BA1605619E: change Leader from null to om1 at term 1 for becomeLeader, leader elected after 2427ms
2022-11-23 13:29:18,969 [Listener at 127.0.0.1/45507] INFO  ozone.HddsDatanodeService (HddsDatanodeService.java:start(236)) - HddsDatanodeService host:fv-az449-73.jvjgdiodbn4ungrcbaap0pmvbb.dx.internal.cloudapp.net ip:10.1.0.249
2022-11-23 13:29:18,989 [om1@group-C5BA1605619E-LeaderElection1] INFO  server.RaftServerConfigKeys (ConfUtils.java:logGet(46)) - raft.server.staging.catchup.gap = 1000 (default)
2022-11-23 13:29:19,012 [om1@group-C5BA1605619E-LeaderElection1] INFO  server.RaftServerConfigKeys (ConfUtils.java:logGet(46)) - raft.server.write.element-limit = 4096 (default)
2022-11-23 13:29:19,016 [Listener at 127.0.0.1/45507] INFO  upgrade.AbstractLayoutVersionManager (AbstractLayoutVersionManager.java:init(83)) - Initializing Layout version manager with metadata layout = DATANODE_SCHEMA_V3 (version = 4), software layout = DATANODE_SCHEMA_V3 (version = 4)
2022-11-23 13:29:19,017 [om1@group-C5BA1605619E-LeaderElection1] INFO  server.RaftServerConfigKeys (ConfUtils.java:logGet(46)) - raft.server.write.byte-limit = 64MB (=67108864) (default)
2022-11-23 13:29:19,024 [om1@group-C5BA1605619E-LeaderElection1] INFO  server.RaftServerConfigKeys (ConfUtils.java:logGet(46)) - raft.server.watch.timeout = 10s (default)
2022-11-23 13:29:19,024 [om1@group-C5BA1605619E-LeaderElection1] INFO  server.RaftServerConfigKeys (ConfUtils.java:logGet(46)) - raft.server.watch.timeout.denomination = 1s (default)
2022-11-23 13:29:19,025 [om1@group-C5BA1605619E-LeaderElection1] INFO  server.RaftServerConfigKeys (ConfUtils.java:logGet(46)) - raft.server.watch.element-limit = 65536 (default)
2022-11-23 13:29:19,032 [om1@group-C5BA1605619E-LeaderElection1] INFO  server.RaftServerConfigKeys (ConfUtils.java:logGet(46)) - raft.server.write.element-limit = 4096 (default)
2022-11-23 13:29:19,036 [om1@group-C5BA1605619E-LeaderElection1] INFO  server.RaftServerConfigKeys (ConfUtils.java:logGet(46)) - raft.server.write.follower.gap.ratio.max = -1.0 (default)
2022-11-23 13:29:19,039 [om1@group-C5BA1605619E-LeaderElection1] INFO  impl.RoleInfo (RoleInfo.java:updateAndGet(139)) - om1: start om1@group-C5BA1605619E-LeaderStateImpl
2022-11-23 13:29:19,106 [om1@group-C5BA1605619E-LeaderElection1] INFO  segmented.SegmentedRaftLogWorker (SegmentedRaftLogWorker.java:startLogSegment(452)) - om1@group-C5BA1605619E-SegmentedRaftLogWorker: Starting segment from index:0
2022-11-23 13:29:19,137 [Listener at 127.0.0.1/45507] INFO  reflections.Reflections (Reflections.java:scan(232)) - Reflections took 117 ms to scan 7 urls, producing 140 keys and 342 values 
2022-11-23 13:29:19,139 [Listener at 127.0.0.1/45507] INFO  statemachine.DatanodeStateMachine (DatanodeStateMachine.java:getEndPointTaskThreadPoolSize(245)) - Datanode State Machine Task Thread Pool size 2
2022-11-23 13:29:19,142 [Listener at 127.0.0.1/45507] INFO  volume.HddsVolume (HddsVolume.java:<init>(117)) - Creating HddsVolume: /home/runner/work/ozone/ozone/hadoop-ozone/integration-test/target/test-dir/MiniOzoneClusterImpl-eee7442c-9747-40b9-9476-ee0de7f6c5d3/datanode-1/data-0/containers/hdds of storage type : DISK capacity : 9223372036854775807
2022-11-23 13:29:19,142 [Listener at 127.0.0.1/45507] INFO  volume.MutableVolumeSet (MutableVolumeSet.java:initializeVolumeSet(174)) - Added Volume : /home/runner/work/ozone/ozone/hadoop-ozone/integration-test/target/test-dir/MiniOzoneClusterImpl-eee7442c-9747-40b9-9476-ee0de7f6c5d3/datanode-1/data-0/containers/hdds to VolumeSet
2022-11-23 13:29:19,142 [Listener at 127.0.0.1/45507] INFO  volume.ThrottledAsyncChecker (ThrottledAsyncChecker.java:schedule(141)) - Scheduling a check for /home/runner/work/ozone/ozone/hadoop-ozone/integration-test/target/test-dir/MiniOzoneClusterImpl-eee7442c-9747-40b9-9476-ee0de7f6c5d3/datanode-1/data-0/containers/hdds
2022-11-23 13:29:19,143 [Listener at 127.0.0.1/45507] INFO  volume.StorageVolumeChecker (StorageVolumeChecker.java:checkAllVolumes(202)) - Scheduled health check for volume /home/runner/work/ozone/ozone/hadoop-ozone/integration-test/target/test-dir/MiniOzoneClusterImpl-eee7442c-9747-40b9-9476-ee0de7f6c5d3/datanode-1/data-0/containers/hdds
2022-11-23 13:29:19,176 [Listener at 127.0.0.1/45507] INFO  volume.MutableVolumeSet (MutableVolumeSet.java:initializeVolumeSet(174)) - Added Volume : /home/runner/work/ozone/ozone/hadoop-ozone/integration-test/target/test-dir/MiniOzoneClusterImpl-eee7442c-9747-40b9-9476-ee0de7f6c5d3/datanode-1/data/ratis to VolumeSet
2022-11-23 13:29:19,176 [Listener at 127.0.0.1/45507] INFO  volume.ThrottledAsyncChecker (ThrottledAsyncChecker.java:schedule(141)) - Scheduling a check for /home/runner/work/ozone/ozone/hadoop-ozone/integration-test/target/test-dir/MiniOzoneClusterImpl-eee7442c-9747-40b9-9476-ee0de7f6c5d3/datanode-1/data/ratis
2022-11-23 13:29:19,178 [Listener at 127.0.0.1/45507] INFO  volume.StorageVolumeChecker (StorageVolumeChecker.java:checkAllVolumes(202)) - Scheduled health check for volume /home/runner/work/ozone/ozone/hadoop-ozone/integration-test/target/test-dir/MiniOzoneClusterImpl-eee7442c-9747-40b9-9476-ee0de7f6c5d3/datanode-1/data/ratis
2022-11-23 13:29:19,233 [Datanode State Machine Task Thread - 0] INFO  datanode.InitDatanodeState (InitDatanodeState.java:persistContainerDatanodeDetails(138)) - DatanodeDetails is persisted to /home/runner/work/ozone/ozone/hadoop-ozone/integration-test/target/test-dir/MiniOzoneClusterImpl-eee7442c-9747-40b9-9476-ee0de7f6c5d3/datanode-0/meta/datanode.id
2022-11-23 13:29:19,224 [Thread-151] INFO  ozoneimpl.ContainerReader (ContainerReader.java:readVolume(175)) - Finish verifying containers on volume /home/runner/work/ozone/ozone/hadoop-ozone/integration-test/target/test-dir/MiniOzoneClusterImpl-eee7442c-9747-40b9-9476-ee0de7f6c5d3/datanode-1/data-0/containers/hdds
2022-11-23 13:29:19,235 [Listener at 127.0.0.1/45507] INFO  ozoneimpl.OzoneContainer (OzoneContainer.java:buildContainerSet(301)) - Build ContainerSet costs 0s
2022-11-23 13:29:19,239 [Listener at 127.0.0.1/45507] INFO  server.RaftServer (ConfUtils.java:logGet(46)) - raft.rpc.type = GRPC (default)
2022-11-23 13:29:19,239 [Listener at 127.0.0.1/45507] INFO  grpc.GrpcConfigKeys (ConfUtils.java:logFallback(53)) - raft.grpc.admin.host = null (fallback to raft.grpc.server.host)
2022-11-23 13:29:19,240 [om1@group-C5BA1605619E-LeaderElection1] INFO  server.RaftServer$Division (ServerState.java:setRaftConf(430)) - om1@group-C5BA1605619E: set configuration 0: peers:[om1|rpc:localhost:9872|admin:|client:|dataStream:|priority:0|startupRole:FOLLOWER]|listeners:[], old=null
2022-11-23 13:29:19,241 [Listener at 127.0.0.1/45507] INFO  grpc.GrpcConfigKeys (ConfUtils.java:logGet(46)) - raft.grpc.admin.port = 0 (custom)
2022-11-23 13:29:19,248 [Listener at 127.0.0.1/45507] INFO  grpc.GrpcConfigKeys (ConfUtils.java:logFallback(53)) - raft.grpc.client.host = null (fallback to raft.grpc.server.host)
2022-11-23 13:29:19,248 [Listener at 127.0.0.1/45507] INFO  grpc.GrpcConfigKeys (ConfUtils.java:logGet(46)) - raft.grpc.client.port = 0 (custom)
2022-11-23 13:29:19,248 [Listener at 127.0.0.1/45507] INFO  grpc.GrpcConfigKeys (ConfUtils.java:logGet(46)) - raft.grpc.server.host = null (default)
2022-11-23 13:29:19,248 [Listener at 127.0.0.1/45507] INFO  grpc.GrpcConfigKeys (ConfUtils.java:logGet(46)) - raft.grpc.server.port = 0 (default)
2022-11-23 13:29:19,249 [Listener at 127.0.0.1/45507] INFO  server.GrpcService (ConfUtils.java:logGet(46)) - raft.grpc.message.size.max = 32MB (=33554432) (custom)
2022-11-23 13:29:19,249 [Listener at 127.0.0.1/45507] INFO  server.RaftServerConfigKeys (ConfUtils.java:logGet(46)) - raft.server.log.appender.buffer.byte-limit = 33554432 (custom)
2022-11-23 13:29:19,249 [Listener at 127.0.0.1/45507] INFO  server.GrpcService (ConfUtils.java:logGet(46)) - raft.grpc.flow.control.window = 5MB (=5242880) (custom)
2022-11-23 13:29:19,249 [Listener at 127.0.0.1/45507] INFO  server.RaftServerConfigKeys (ConfUtils.java:logGet(46)) - raft.server.rpc.request.timeout = 60s (custom)
2022-11-23 13:29:19,249 [Listener at 127.0.0.1/45507] INFO  grpc.GrpcConfigKeys (ConfUtils.java:logGet(46)) - raft.grpc.server.heartbeat.channel = true (default)
2022-11-23 13:29:19,249 [Listener at 127.0.0.1/45507] INFO  grpc.GrpcConfigKeys (ConfUtils.java:logGet(46)) - raft.grpc.server.async.request.thread.pool.cached = true (default)
2022-11-23 13:29:19,250 [Listener at 127.0.0.1/45507] INFO  grpc.GrpcConfigKeys (ConfUtils.java:logGet(46)) - raft.grpc.server.async.request.thread.pool.size = 32 (default)
2022-11-23 13:29:19,251 [Listener at 127.0.0.1/45507] INFO  impl.DataStreamServerImpl (ConfUtils.java:logGet(46)) - raft.datastream.type = DISABLED (default)
2022-11-23 13:29:19,251 [Listener at 127.0.0.1/45507] INFO  server.RaftServerConfigKeys (ConfUtils.java:logGet(46)) - raft.server.threadpool.proxy.cached = true (default)
2022-11-23 13:29:19,251 [Listener at 127.0.0.1/45507] INFO  server.RaftServerConfigKeys (ConfUtils.java:logGet(46)) - raft.server.threadpool.proxy.size = 0 (default)
2022-11-23 13:29:19,251 [Listener at 127.0.0.1/45507] INFO  server.RaftServerConfigKeys (ConfUtils.java:logGet(46)) - raft.server.rpc.slowness.timeout = 300s (custom)
2022-11-23 13:29:19,251 [Listener at 127.0.0.1/45507] INFO  server.RaftServerConfigKeys (ConfUtils.java:logGet(46)) - raft.server.leaderelection.leader.step-down.wait-time = 10s (default)
2022-11-23 13:29:19,252 [Listener at 127.0.0.1/45507] INFO  server.RaftServerConfigKeys (ConfUtils.java:logGet(46)) - raft.server.storage.dir = [/home/runner/work/ozone/ozone/hadoop-ozone/integration-test/target/test-dir/MiniOzoneClusterImpl-eee7442c-9747-40b9-9476-ee0de7f6c5d3/datanode-1/data/ratis] (custom)
2022-11-23 13:29:19,259 [Listener at 127.0.0.1/45507] INFO  server.XceiverServerGrpc (XceiverServerGrpc.java:<init>(132)) - GrpcServer channel type EpollServerSocketChannel
2022-11-23 13:29:19,266 [Listener at 127.0.0.1/45507] INFO  http.BaseHttpServer (BaseHttpServer.java:newHttpServer2BuilderForOzone(213)) - Starting Web-server for hddsDatanode at: http://0.0.0.0:0
2022-11-23 13:29:19,267 [Listener at 127.0.0.1/45507] INFO  http.BaseHttpServer (BaseHttpServer.java:<init>(108)) - Hadoop Security Enabled: false Ozone Security Enabled: false Ozone HTTP Security Enabled: false 
2022-11-23 13:29:19,269 [Listener at 127.0.0.1/45507] WARN  server.AuthenticationFilter (AuthenticationFilter.java:constructSecretProvider(240)) - Unable to initialize FileSignerSecretProvider, falling back to use random secrets. Reason: Could not read signature secret file: /home/runner/hadoop-http-auth-signature-secret
2022-11-23 13:29:19,275 [Listener at 127.0.0.1/45507] WARN  http.HttpRequestLog (HttpRequestLog.java:getRequestLog(103)) - Jetty request log can only be enabled using Log4j
2022-11-23 13:29:19,277 [Listener at 127.0.0.1/45507] INFO  http.HttpServer2 (HttpServer2.java:addGlobalFilter(1031)) - Added global filter 'safety' (class=org.apache.hadoop.hdds.server.http.HttpServer2$QuotingInputFilter)
2022-11-23 13:29:19,278 [Listener at 127.0.0.1/45507] INFO  http.HttpServer2 (HttpServer2.java:addFilter(1007)) - Added filter static_user_filter (class=org.apache.hadoop.http.lib.StaticUserWebFilter$StaticUserFilter) to context hddsDatanode
2022-11-23 13:29:19,278 [Listener at 127.0.0.1/45507] INFO  http.HttpServer2 (HttpServer2.java:addFilter(1015)) - Added filter static_user_filter (class=org.apache.hadoop.http.lib.StaticUserWebFilter$StaticUserFilter) to context logs
2022-11-23 13:29:19,278 [Listener at 127.0.0.1/45507] INFO  http.HttpServer2 (HttpServer2.java:addFilter(1015)) - Added filter static_user_filter (class=org.apache.hadoop.http.lib.StaticUserWebFilter$StaticUserFilter) to context static
2022-11-23 13:29:19,279 [Listener at 127.0.0.1/45507] INFO  http.HttpServer2 (HttpServer2.java:bindListener(1250)) - Jetty bound to port 44577
2022-11-23 13:29:19,279 [Listener at 127.0.0.1/45507] INFO  server.Server (Server.java:doStart(375)) - jetty-9.4.49.v20220914; built: 2022-09-14T01:07:36.601Z; git: 4231a3b2e4cb8548a412a789936d640a97b1aa0a; jvm 1.8.0_345-b01
2022-11-23 13:29:19,328 [Listener at 127.0.0.1/45507] INFO  server.session (DefaultSessionIdManager.java:doStart(334)) - DefaultSessionIdManager workerName=node0
2022-11-23 13:29:19,329 [Listener at 127.0.0.1/45507] INFO  server.session (DefaultSessionIdManager.java:doStart(339)) - No SessionScavenger set, using defaults
2022-11-23 13:29:19,329 [Listener at 127.0.0.1/45507] INFO  server.session (HouseKeeper.java:startScavenging(132)) - node0 Scavenging every 600000ms
2022-11-23 13:29:19,330 [Listener at 127.0.0.1/45507] INFO  handler.ContextHandler (ContextHandler.java:doStart(921)) - Started o.e.j.s.ServletContextHandler@76c6ded8{logs,/logs,file:///home/runner/work/ozone/ozone/hadoop-ozone/integration-test/target/log,AVAILABLE}
2022-11-23 13:29:19,331 [Listener at 127.0.0.1/45507] INFO  handler.ContextHandler (ContextHandler.java:doStart(921)) - Started o.e.j.s.ServletContextHandler@2ae4a15a{static,/static,jar:file:/home/runner/.m2/repository/org/apache/ozone/hdds-container-service/1.3.0-SNAPSHOT/hdds-container-service-1.3.0-SNAPSHOT.jar!/webapps/static,AVAILABLE}
2022-11-23 13:29:19,339 [om1@group-C5BA1605619E-SegmentedRaftLogWorker] INFO  segmented.SegmentedRaftLogWorker (SegmentedRaftLogWorker.java:execute(656)) - om1@group-C5BA1605619E-SegmentedRaftLogWorker: created new log segment /home/runner/work/ozone/ozone/hadoop-ozone/integration-test/target/test-dir/MiniOzoneClusterImpl-eee7442c-9747-40b9-9476-ee0de7f6c5d3/ozone-meta/ratis/bf265839-605b-3f16-9796-c5ba1605619e/current/log_inprogress_0
2022-11-23 13:29:19,454 [om1@group-C5BA1605619E-StateMachineUpdater] INFO  ratis.OzoneManagerStateMachine (OzoneManagerStateMachine.java:notifyConfigurationChanged(192)) - Received Configuration change notification from Ratis. New Peer list:
[id: "om1"
address: "localhost:9872"
startupRole: FOLLOWER
]
2022-11-23 13:29:19,563 [Listener at 127.0.0.1/45507] INFO  handler.ContextHandler (ContextHandler.java:doStart(921)) - Started o.e.j.w.WebAppContext@680b73cf{hddsDatanode,/,file:///tmp/jetty-0_0_0_0-44577-hdds-container-service-1_3_0-SNAPSHOT_jar-_-any-1384201133006092075/webapp/,AVAILABLE}{jar:file:/home/runner/.m2/repository/org/apache/ozone/hdds-container-service/1.3.0-SNAPSHOT/hdds-container-service-1.3.0-SNAPSHOT.jar!/webapps/hddsDatanode}
2022-11-23 13:29:19,564 [Listener at 127.0.0.1/45507] INFO  server.AbstractConnector (AbstractConnector.java:doStart(333)) - Started ServerConnector@18853e65{HTTP/1.1, (http/1.1)}{0.0.0.0:44577}
2022-11-23 13:29:19,564 [Listener at 127.0.0.1/45507] INFO  server.Server (Server.java:doStart(415)) - Started @10035ms
2022-11-23 13:29:19,564 [Listener at 127.0.0.1/45507] WARN  impl.MetricsSystemImpl (MetricsSystemImpl.java:register(279)) - Sink prometheus already exists!
2022-11-23 13:29:19,565 [Listener at 127.0.0.1/45507] INFO  http.BaseHttpServer (BaseHttpServer.java:updateConnectorAddress(333)) - HTTP server of hddsDatanode listening at http://0.0.0.0:44577
2022-11-23 13:29:19,572 [Listener at 127.0.0.1/45507] WARN  impl.MetricRegistriesImpl (MetricRegistriesImpl.java:addReporterRegistration(111)) - New reporters are added after registries were created. Some metrics will be missing from the reporter. Please add reporter before adding any new registry.
2022-11-23 13:29:19,572 [Listener at 127.0.0.1/45507] WARN  impl.MetricRegistriesImpl (MetricRegistriesImpl.java:addReporterRegistration(111)) - New reporters are added after registries were created. Some metrics will be missing from the reporter. Please add reporter before adding any new registry.
2022-11-23 13:29:19,572 [Listener at 127.0.0.1/45507] INFO  impl.MetricsSystemImpl (MetricsSystemImpl.java:init(158)) - HddsDatanode metrics system started (again)
2022-11-23 13:29:19,573 [Datanode State Machine Daemon Thread] INFO  statemachine.DatanodeStateMachine (DatanodeStateMachine.java:lambda$startDaemon$0(505)) - Ozone container server started.
2022-11-23 13:29:19,594 [Listener at 127.0.0.1/45507] INFO  ozone.HddsDatanodeService (HddsDatanodeService.java:start(236)) - HddsDatanodeService host:fv-az449-73.jvjgdiodbn4ungrcbaap0pmvbb.dx.internal.cloudapp.net ip:10.1.0.249
2022-11-23 13:29:19,595 [org.apache.hadoop.util.JvmPauseMonitor$Monitor@20e65ced] INFO  util.JvmPauseMonitor (JvmPauseMonitor.java:run(188)) - Starting JVM pause monitor
2022-11-23 13:29:19,612 [Datanode State Machine Task Thread - 0] INFO  datanode.InitDatanodeState (InitDatanodeState.java:persistContainerDatanodeDetails(138)) - DatanodeDetails is persisted to /home/runner/work/ozone/ozone/hadoop-ozone/integration-test/target/test-dir/MiniOzoneClusterImpl-eee7442c-9747-40b9-9476-ee0de7f6c5d3/datanode-1/meta/datanode.id
2022-11-23 13:29:19,625 [Listener at 127.0.0.1/45507] INFO  upgrade.AbstractLayoutVersionManager (AbstractLayoutVersionManager.java:init(83)) - Initializing Layout version manager with metadata layout = DATANODE_SCHEMA_V3 (version = 4), software layout = DATANODE_SCHEMA_V3 (version = 4)
2022-11-23 13:29:19,701 [Listener at 127.0.0.1/45507] INFO  reflections.Reflections (Reflections.java:scan(232)) - Reflections took 74 ms to scan 7 urls, producing 140 keys and 342 values 
2022-11-23 13:29:19,703 [Listener at 127.0.0.1/45507] INFO  statemachine.DatanodeStateMachine (DatanodeStateMachine.java:getEndPointTaskThreadPoolSize(245)) - Datanode State Machine Task Thread Pool size 2
2022-11-23 13:29:19,706 [Listener at 127.0.0.1/45507] INFO  volume.HddsVolume (HddsVolume.java:<init>(117)) - Creating HddsVolume: /home/runner/work/ozone/ozone/hadoop-ozone/integration-test/target/test-dir/MiniOzoneClusterImpl-eee7442c-9747-40b9-9476-ee0de7f6c5d3/datanode-2/data-0/containers/hdds of storage type : DISK capacity : 9223372036854775807
2022-11-23 13:29:19,706 [Listener at 127.0.0.1/45507] INFO  volume.MutableVolumeSet (MutableVolumeSet.java:initializeVolumeSet(174)) - Added Volume : /home/runner/work/ozone/ozone/hadoop-ozone/integration-test/target/test-dir/MiniOzoneClusterImpl-eee7442c-9747-40b9-9476-ee0de7f6c5d3/datanode-2/data-0/containers/hdds to VolumeSet
2022-11-23 13:29:19,707 [Listener at 127.0.0.1/45507] INFO  volume.ThrottledAsyncChecker (ThrottledAsyncChecker.java:schedule(141)) - Scheduling a check for /home/runner/work/ozone/ozone/hadoop-ozone/integration-test/target/test-dir/MiniOzoneClusterImpl-eee7442c-9747-40b9-9476-ee0de7f6c5d3/datanode-2/data-0/containers/hdds
2022-11-23 13:29:19,714 [Listener at 127.0.0.1/45507] INFO  volume.StorageVolumeChecker (StorageVolumeChecker.java:checkAllVolumes(202)) - Scheduled health check for volume /home/runner/work/ozone/ozone/hadoop-ozone/integration-test/target/test-dir/MiniOzoneClusterImpl-eee7442c-9747-40b9-9476-ee0de7f6c5d3/datanode-2/data-0/containers/hdds
2022-11-23 13:29:19,732 [Listener at 127.0.0.1/45507] INFO  volume.MutableVolumeSet (MutableVolumeSet.java:initializeVolumeSet(174)) - Added Volume : /home/runner/work/ozone/ozone/hadoop-ozone/integration-test/target/test-dir/MiniOzoneClusterImpl-eee7442c-9747-40b9-9476-ee0de7f6c5d3/datanode-2/data/ratis to VolumeSet
2022-11-23 13:29:19,732 [Listener at 127.0.0.1/45507] INFO  volume.ThrottledAsyncChecker (ThrottledAsyncChecker.java:schedule(141)) - Scheduling a check for /home/runner/work/ozone/ozone/hadoop-ozone/integration-test/target/test-dir/MiniOzoneClusterImpl-eee7442c-9747-40b9-9476-ee0de7f6c5d3/datanode-2/data/ratis
2022-11-23 13:29:19,733 [Listener at 127.0.0.1/45507] INFO  volume.StorageVolumeChecker (StorageVolumeChecker.java:checkAllVolumes(202)) - Scheduled health check for volume /home/runner/work/ozone/ozone/hadoop-ozone/integration-test/target/test-dir/MiniOzoneClusterImpl-eee7442c-9747-40b9-9476-ee0de7f6c5d3/datanode-2/data/ratis
2022-11-23 13:29:19,745 [Thread-164] INFO  ozoneimpl.ContainerReader (ContainerReader.java:readVolume(175)) - Finish verifying containers on volume /home/runner/work/ozone/ozone/hadoop-ozone/integration-test/target/test-dir/MiniOzoneClusterImpl-eee7442c-9747-40b9-9476-ee0de7f6c5d3/datanode-2/data-0/containers/hdds
2022-11-23 13:29:19,746 [Listener at 127.0.0.1/45507] INFO  ozoneimpl.OzoneContainer (OzoneContainer.java:buildContainerSet(301)) - Build ContainerSet costs 0s
2022-11-23 13:29:19,748 [Listener at 127.0.0.1/45507] INFO  server.RaftServer (ConfUtils.java:logGet(46)) - raft.rpc.type = GRPC (default)
2022-11-23 13:29:19,749 [Listener at 127.0.0.1/45507] INFO  grpc.GrpcConfigKeys (ConfUtils.java:logFallback(53)) - raft.grpc.admin.host = null (fallback to raft.grpc.server.host)
2022-11-23 13:29:19,749 [Listener at 127.0.0.1/45507] INFO  grpc.GrpcConfigKeys (ConfUtils.java:logGet(46)) - raft.grpc.admin.port = 0 (custom)
2022-11-23 13:29:19,749 [Listener at 127.0.0.1/45507] INFO  grpc.GrpcConfigKeys (ConfUtils.java:logFallback(53)) - raft.grpc.client.host = null (fallback to raft.grpc.server.host)
2022-11-23 13:29:19,749 [Listener at 127.0.0.1/45507] INFO  grpc.GrpcConfigKeys (ConfUtils.java:logGet(46)) - raft.grpc.client.port = 0 (custom)
2022-11-23 13:29:19,749 [Listener at 127.0.0.1/45507] INFO  grpc.GrpcConfigKeys (ConfUtils.java:logGet(46)) - raft.grpc.server.host = null (default)
2022-11-23 13:29:19,750 [Listener at 127.0.0.1/45507] INFO  grpc.GrpcConfigKeys (ConfUtils.java:logGet(46)) - raft.grpc.server.port = 0 (default)
2022-11-23 13:29:19,750 [Listener at 127.0.0.1/45507] INFO  server.GrpcService (ConfUtils.java:logGet(46)) - raft.grpc.message.size.max = 32MB (=33554432) (custom)
2022-11-23 13:29:19,750 [Listener at 127.0.0.1/45507] INFO  server.RaftServerConfigKeys (ConfUtils.java:logGet(46)) - raft.server.log.appender.buffer.byte-limit = 33554432 (custom)
2022-11-23 13:29:19,750 [Listener at 127.0.0.1/45507] INFO  server.GrpcService (ConfUtils.java:logGet(46)) - raft.grpc.flow.control.window = 5MB (=5242880) (custom)
2022-11-23 13:29:19,750 [Listener at 127.0.0.1/45507] INFO  server.RaftServerConfigKeys (ConfUtils.java:logGet(46)) - raft.server.rpc.request.timeout = 60s (custom)
2022-11-23 13:29:19,750 [Listener at 127.0.0.1/45507] INFO  grpc.GrpcConfigKeys (ConfUtils.java:logGet(46)) - raft.grpc.server.heartbeat.channel = true (default)
2022-11-23 13:29:19,751 [Listener at 127.0.0.1/45507] INFO  grpc.GrpcConfigKeys (ConfUtils.java:logGet(46)) - raft.grpc.server.async.request.thread.pool.cached = true (default)
2022-11-23 13:29:19,751 [Listener at 127.0.0.1/45507] INFO  grpc.GrpcConfigKeys (ConfUtils.java:logGet(46)) - raft.grpc.server.async.request.thread.pool.size = 32 (default)
2022-11-23 13:29:19,765 [Listener at 127.0.0.1/45507] INFO  impl.DataStreamServerImpl (ConfUtils.java:logGet(46)) - raft.datastream.type = DISABLED (default)
2022-11-23 13:29:19,765 [Listener at 127.0.0.1/45507] INFO  server.RaftServerConfigKeys (ConfUtils.java:logGet(46)) - raft.server.threadpool.proxy.cached = true (default)
2022-11-23 13:29:19,766 [Listener at 127.0.0.1/45507] INFO  server.RaftServerConfigKeys (ConfUtils.java:logGet(46)) - raft.server.threadpool.proxy.size = 0 (default)
2022-11-23 13:29:19,766 [Listener at 127.0.0.1/45507] INFO  server.RaftServerConfigKeys (ConfUtils.java:logGet(46)) - raft.server.rpc.slowness.timeout = 300s (custom)
2022-11-23 13:29:19,766 [Listener at 127.0.0.1/45507] INFO  server.RaftServerConfigKeys (ConfUtils.java:logGet(46)) - raft.server.leaderelection.leader.step-down.wait-time = 10s (default)
2022-11-23 13:29:19,766 [Listener at 127.0.0.1/45507] INFO  server.RaftServerConfigKeys (ConfUtils.java:logGet(46)) - raft.server.storage.dir = [/home/runner/work/ozone/ozone/hadoop-ozone/integration-test/target/test-dir/MiniOzoneClusterImpl-eee7442c-9747-40b9-9476-ee0de7f6c5d3/datanode-2/data/ratis] (custom)
2022-11-23 13:29:19,768 [Listener at 127.0.0.1/45507] INFO  server.XceiverServerGrpc (XceiverServerGrpc.java:<init>(132)) - GrpcServer channel type EpollServerSocketChannel
2022-11-23 13:29:19,778 [Listener at 127.0.0.1/45507] INFO  http.BaseHttpServer (BaseHttpServer.java:newHttpServer2BuilderForOzone(213)) - Starting Web-server for hddsDatanode at: http://0.0.0.0:0
2022-11-23 13:29:19,778 [Listener at 127.0.0.1/45507] INFO  http.BaseHttpServer (BaseHttpServer.java:<init>(108)) - Hadoop Security Enabled: false Ozone Security Enabled: false Ozone HTTP Security Enabled: false 
2022-11-23 13:29:19,780 [Listener at 127.0.0.1/45507] WARN  server.AuthenticationFilter (AuthenticationFilter.java:constructSecretProvider(240)) - Unable to initialize FileSignerSecretProvider, falling back to use random secrets. Reason: Could not read signature secret file: /home/runner/hadoop-http-auth-signature-secret
2022-11-23 13:29:19,781 [Listener at 127.0.0.1/45507] WARN  http.HttpRequestLog (HttpRequestLog.java:getRequestLog(103)) - Jetty request log can only be enabled using Log4j
2022-11-23 13:29:19,783 [Listener at 127.0.0.1/45507] INFO  http.HttpServer2 (HttpServer2.java:addGlobalFilter(1031)) - Added global filter 'safety' (class=org.apache.hadoop.hdds.server.http.HttpServer2$QuotingInputFilter)
2022-11-23 13:29:19,790 [Listener at 127.0.0.1/45507] INFO  http.HttpServer2 (HttpServer2.java:addFilter(1007)) - Added filter static_user_filter (class=org.apache.hadoop.http.lib.StaticUserWebFilter$StaticUserFilter) to context hddsDatanode
2022-11-23 13:29:19,790 [Listener at 127.0.0.1/45507] INFO  http.HttpServer2 (HttpServer2.java:addFilter(1015)) - Added filter static_user_filter (class=org.apache.hadoop.http.lib.StaticUserWebFilter$StaticUserFilter) to context logs
2022-11-23 13:29:19,790 [Listener at 127.0.0.1/45507] INFO  http.HttpServer2 (HttpServer2.java:addFilter(1015)) - Added filter static_user_filter (class=org.apache.hadoop.http.lib.StaticUserWebFilter$StaticUserFilter) to context static
2022-11-23 13:29:19,792 [Listener at 127.0.0.1/45507] INFO  http.HttpServer2 (HttpServer2.java:bindListener(1250)) - Jetty bound to port 33907
2022-11-23 13:29:19,793 [Listener at 127.0.0.1/45507] INFO  server.Server (Server.java:doStart(375)) - jetty-9.4.49.v20220914; built: 2022-09-14T01:07:36.601Z; git: 4231a3b2e4cb8548a412a789936d640a97b1aa0a; jvm 1.8.0_345-b01
2022-11-23 13:29:19,811 [Listener at 127.0.0.1/45507] INFO  server.session (DefaultSessionIdManager.java:doStart(334)) - DefaultSessionIdManager workerName=node0
2022-11-23 13:29:19,811 [Listener at 127.0.0.1/45507] INFO  server.session (DefaultSessionIdManager.java:doStart(339)) - No SessionScavenger set, using defaults
2022-11-23 13:29:19,811 [Listener at 127.0.0.1/45507] INFO  server.session (HouseKeeper.java:startScavenging(132)) - node0 Scavenging every 600000ms
2022-11-23 13:29:19,812 [Listener at 127.0.0.1/45507] INFO  handler.ContextHandler (ContextHandler.java:doStart(921)) - Started o.e.j.s.ServletContextHandler@811dc82{logs,/logs,file:///home/runner/work/ozone/ozone/hadoop-ozone/integration-test/target/log,AVAILABLE}
2022-11-23 13:29:19,813 [Listener at 127.0.0.1/45507] INFO  handler.ContextHandler (ContextHandler.java:doStart(921)) - Started o.e.j.s.ServletContextHandler@60330fc6{static,/static,jar:file:/home/runner/.m2/repository/org/apache/ozone/hdds-container-service/1.3.0-SNAPSHOT/hdds-container-service-1.3.0-SNAPSHOT.jar!/webapps/static,AVAILABLE}
2022-11-23 13:29:19,987 [Listener at 127.0.0.1/45507] INFO  handler.ContextHandler (ContextHandler.java:doStart(921)) - Started o.e.j.w.WebAppContext@144a7ad5{hddsDatanode,/,file:///tmp/jetty-0_0_0_0-33907-hdds-container-service-1_3_0-SNAPSHOT_jar-_-any-6446304690022751169/webapp/,AVAILABLE}{jar:file:/home/runner/.m2/repository/org/apache/ozone/hdds-container-service/1.3.0-SNAPSHOT/hdds-container-service-1.3.0-SNAPSHOT.jar!/webapps/hddsDatanode}
2022-11-23 13:29:19,988 [Listener at 127.0.0.1/45507] INFO  server.AbstractConnector (AbstractConnector.java:doStart(333)) - Started ServerConnector@6a2711b{HTTP/1.1, (http/1.1)}{0.0.0.0:33907}
2022-11-23 13:29:19,989 [Listener at 127.0.0.1/45507] INFO  server.Server (Server.java:doStart(415)) - Started @10460ms
2022-11-23 13:29:19,989 [Listener at 127.0.0.1/45507] WARN  impl.MetricsSystemImpl (MetricsSystemImpl.java:register(279)) - Sink prometheus already exists!
2022-11-23 13:29:19,989 [Listener at 127.0.0.1/45507] INFO  http.BaseHttpServer (BaseHttpServer.java:updateConnectorAddress(333)) - HTTP server of hddsDatanode listening at http://0.0.0.0:33907
2022-11-23 13:29:19,993 [Listener at 127.0.0.1/45507] INFO  ozone.MiniOzoneClusterImpl (MiniOzoneClusterImpl.java:lambda$waitForClusterToBeReady$0(216)) - Waiting for nodes to be ready. Got 0 of 3 DN Heartbeats.
2022-11-23 13:29:19,993 [Listener at 127.0.0.1/45507] INFO  ozone.MiniOzoneClusterImpl (MiniOzoneClusterImpl.java:lambda$waitForClusterToBeReady$0(219)) - Waiting for cluster to exit safe mode
2022-11-23 13:29:19,993 [Listener at 127.0.0.1/45507] INFO  ozone.MiniOzoneClusterImpl (MiniOzoneClusterImpl.java:lambda$waitForClusterToBeReady$0(221)) - SCM became leader
2022-11-23 13:29:19,996 [Datanode State Machine Daemon Thread] INFO  statemachine.DatanodeStateMachine (DatanodeStateMachine.java:lambda$startDaemon$0(505)) - Ozone container server started.
2022-11-23 13:29:20,012 [org.apache.hadoop.util.JvmPauseMonitor$Monitor@403f764] INFO  util.JvmPauseMonitor (JvmPauseMonitor.java:run(188)) - Starting JVM pause monitor
2022-11-23 13:29:20,015 [Datanode State Machine Task Thread - 0] INFO  datanode.InitDatanodeState (InitDatanodeState.java:persistContainerDatanodeDetails(138)) - DatanodeDetails is persisted to /home/runner/work/ozone/ozone/hadoop-ozone/integration-test/target/test-dir/MiniOzoneClusterImpl-eee7442c-9747-40b9-9476-ee0de7f6c5d3/datanode-2/meta/datanode.id
2022-11-23 13:29:20,994 [Listener at 127.0.0.1/45507] INFO  ozone.MiniOzoneClusterImpl (MiniOzoneClusterImpl.java:lambda$waitForClusterToBeReady$0(216)) - Waiting for nodes to be ready. Got 0 of 3 DN Heartbeats.
2022-11-23 13:29:20,994 [Listener at 127.0.0.1/45507] INFO  ozone.MiniOzoneClusterImpl (MiniOzoneClusterImpl.java:lambda$waitForClusterToBeReady$0(219)) - Waiting for cluster to exit safe mode
2022-11-23 13:29:20,994 [Listener at 127.0.0.1/45507] INFO  ozone.MiniOzoneClusterImpl (MiniOzoneClusterImpl.java:lambda$waitForClusterToBeReady$0(221)) - SCM became leader
2022-11-23 13:29:21,101 [EndpointStateMachine task thread for /0.0.0.0:41935 - 0 ] INFO  utils.DatanodeStoreCache (DatanodeStoreCache.java:addDB(58)) - Added db /home/runner/work/ozone/ozone/hadoop-ozone/integration-test/target/test-dir/MiniOzoneClusterImpl-eee7442c-9747-40b9-9476-ee0de7f6c5d3/datanode-0/data-0/containers/hdds/eee7442c-9747-40b9-9476-ee0de7f6c5d3/DS-6f4139cb-71ba-4212-8d37-c8646b7a7e8d/container.db to cache
2022-11-23 13:29:21,101 [EndpointStateMachine task thread for /0.0.0.0:41935 - 0 ] INFO  volume.HddsVolume (HddsVolume.java:createDbStore(307)) - SchemaV3 db is created and loaded at /home/runner/work/ozone/ozone/hadoop-ozone/integration-test/target/test-dir/MiniOzoneClusterImpl-eee7442c-9747-40b9-9476-ee0de7f6c5d3/datanode-0/data-0/containers/hdds/eee7442c-9747-40b9-9476-ee0de7f6c5d3/DS-6f4139cb-71ba-4212-8d37-c8646b7a7e8d/container.db for volume DS-6f4139cb-71ba-4212-8d37-c8646b7a7e8d
2022-11-23 13:29:21,104 [EndpointStateMachine task thread for /0.0.0.0:41935 - 0 ] INFO  ozoneimpl.OzoneContainer (OzoneContainer.java:start(395)) - Attempting to start container services.
2022-11-23 13:29:21,106 [EndpointStateMachine task thread for /0.0.0.0:41935 - 0 ] INFO  ozoneimpl.OzoneContainer (OzoneContainer.java:startContainerScrub(312)) - Scheduled background container scanners and the on-demand container scanner have been disabled.
2022-11-23 13:29:21,110 [EndpointStateMachine task thread for /0.0.0.0:41935 - 0 ] INFO  replication.ReplicationServer (ReplicationServer.java:start(111)) - ReplicationServer is started using port 44185
2022-11-23 13:29:21,114 [EndpointStateMachine task thread for /0.0.0.0:41935 - 0 ] INFO  ratis.XceiverServerRatis (XceiverServerRatis.java:start(481)) - Starting XceiverServerRatis f7939ee0-8e95-4b39-add6-ba317897dc07
2022-11-23 13:29:21,128 [EndpointStateMachine task thread for /0.0.0.0:41935 - 0 ] INFO  server.RaftServer (RaftServerProxy.java:startImpl(393)) - f7939ee0-8e95-4b39-add6-ba317897dc07: start RPC server
2022-11-23 13:29:21,142 [EndpointStateMachine task thread for /0.0.0.0:41935 - 0 ] INFO  server.GrpcService (GrpcService.java:startImpl(270)) - f7939ee0-8e95-4b39-add6-ba317897dc07: GrpcService started, listening on 38319
2022-11-23 13:29:21,147 [EndpointStateMachine task thread for /0.0.0.0:41935 - 0 ] INFO  ratis.XceiverServerRatis (XceiverServerRatis.java:getRealPort(502)) - XceiverServerRatis f7939ee0-8e95-4b39-add6-ba317897dc07 is started using port 38319 for RATIS
2022-11-23 13:29:21,147 [EndpointStateMachine task thread for /0.0.0.0:41935 - 0 ] INFO  ratis.XceiverServerRatis (XceiverServerRatis.java:getRealPort(502)) - XceiverServerRatis f7939ee0-8e95-4b39-add6-ba317897dc07 is started using port 38319 for RATIS_ADMIN
2022-11-23 13:29:21,147 [EndpointStateMachine task thread for /0.0.0.0:41935 - 0 ] INFO  ratis.XceiverServerRatis (XceiverServerRatis.java:getRealPort(502)) - XceiverServerRatis f7939ee0-8e95-4b39-add6-ba317897dc07 is started using port 38319 for RATIS_SERVER
2022-11-23 13:29:21,148 [JvmPauseMonitor1] INFO  util.JvmPauseMonitor (JvmPauseMonitor.java:run(105)) - JvmPauseMonitor-f7939ee0-8e95-4b39-add6-ba317897dc07: Started
2022-11-23 13:29:21,158 [EndpointStateMachine task thread for /0.0.0.0:41935 - 0 ] INFO  server.XceiverServerGrpc (XceiverServerGrpc.java:start(180)) - XceiverServerGrpc f7939ee0-8e95-4b39-add6-ba317897dc07 is started using port 36079
2022-11-23 13:29:21,644 [EndpointStateMachine task thread for /0.0.0.0:41935 - 0 ] INFO  utils.DatanodeStoreCache (DatanodeStoreCache.java:addDB(58)) - Added db /home/runner/work/ozone/ozone/hadoop-ozone/integration-test/target/test-dir/MiniOzoneClusterImpl-eee7442c-9747-40b9-9476-ee0de7f6c5d3/datanode-1/data-0/containers/hdds/eee7442c-9747-40b9-9476-ee0de7f6c5d3/DS-6176e56f-d746-48b5-ae72-1523bdf180c9/container.db to cache
2022-11-23 13:29:21,644 [EndpointStateMachine task thread for /0.0.0.0:41935 - 0 ] INFO  volume.HddsVolume (HddsVolume.java:createDbStore(307)) - SchemaV3 db is created and loaded at /home/runner/work/ozone/ozone/hadoop-ozone/integration-test/target/test-dir/MiniOzoneClusterImpl-eee7442c-9747-40b9-9476-ee0de7f6c5d3/datanode-1/data-0/containers/hdds/eee7442c-9747-40b9-9476-ee0de7f6c5d3/DS-6176e56f-d746-48b5-ae72-1523bdf180c9/container.db for volume DS-6176e56f-d746-48b5-ae72-1523bdf180c9
2022-11-23 13:29:21,646 [EndpointStateMachine task thread for /0.0.0.0:41935 - 0 ] INFO  ozoneimpl.OzoneContainer (OzoneContainer.java:start(395)) - Attempting to start container services.
2022-11-23 13:29:21,646 [EndpointStateMachine task thread for /0.0.0.0:41935 - 0 ] INFO  ozoneimpl.OzoneContainer (OzoneContainer.java:startContainerScrub(312)) - Scheduled background container scanners and the on-demand container scanner have been disabled.
2022-11-23 13:29:21,648 [EndpointStateMachine task thread for /0.0.0.0:41935 - 0 ] INFO  replication.ReplicationServer (ReplicationServer.java:start(111)) - ReplicationServer is started using port 41365
2022-11-23 13:29:21,648 [EndpointStateMachine task thread for /0.0.0.0:41935 - 0 ] INFO  ratis.XceiverServerRatis (XceiverServerRatis.java:start(481)) - Starting XceiverServerRatis 6a8ee904-5ab9-4c32-b911-3e68ea38425f
2022-11-23 13:29:21,649 [EndpointStateMachine task thread for /0.0.0.0:41935 - 0 ] INFO  server.RaftServer (RaftServerProxy.java:startImpl(393)) - 6a8ee904-5ab9-4c32-b911-3e68ea38425f: start RPC server
2022-11-23 13:29:21,651 [EndpointStateMachine task thread for /0.0.0.0:41935 - 0 ] INFO  server.GrpcService (GrpcService.java:startImpl(270)) - 6a8ee904-5ab9-4c32-b911-3e68ea38425f: GrpcService started, listening on 36327
2022-11-23 13:29:21,652 [EndpointStateMachine task thread for /0.0.0.0:41935 - 0 ] INFO  ratis.XceiverServerRatis (XceiverServerRatis.java:getRealPort(502)) - XceiverServerRatis 6a8ee904-5ab9-4c32-b911-3e68ea38425f is started using port 36327 for RATIS
2022-11-23 13:29:21,652 [EndpointStateMachine task thread for /0.0.0.0:41935 - 0 ] INFO  ratis.XceiverServerRatis (XceiverServerRatis.java:getRealPort(502)) - XceiverServerRatis 6a8ee904-5ab9-4c32-b911-3e68ea38425f is started using port 36327 for RATIS_ADMIN
2022-11-23 13:29:21,652 [EndpointStateMachine task thread for /0.0.0.0:41935 - 0 ] INFO  ratis.XceiverServerRatis (XceiverServerRatis.java:getRealPort(502)) - XceiverServerRatis 6a8ee904-5ab9-4c32-b911-3e68ea38425f is started using port 36327 for RATIS_SERVER
2022-11-23 13:29:21,652 [JvmPauseMonitor2] INFO  util.JvmPauseMonitor (JvmPauseMonitor.java:run(105)) - JvmPauseMonitor-6a8ee904-5ab9-4c32-b911-3e68ea38425f: Started
2022-11-23 13:29:21,655 [EndpointStateMachine task thread for /0.0.0.0:41935 - 0 ] INFO  server.XceiverServerGrpc (XceiverServerGrpc.java:start(180)) - XceiverServerGrpc 6a8ee904-5ab9-4c32-b911-3e68ea38425f is started using port 46851
2022-11-23 13:29:21,994 [Listener at 127.0.0.1/45507] INFO  ozone.MiniOzoneClusterImpl (MiniOzoneClusterImpl.java:lambda$waitForClusterToBeReady$0(216)) - Waiting for nodes to be ready. Got 0 of 3 DN Heartbeats.
2022-11-23 13:29:21,994 [Listener at 127.0.0.1/45507] INFO  ozone.MiniOzoneClusterImpl (MiniOzoneClusterImpl.java:lambda$waitForClusterToBeReady$0(219)) - Waiting for cluster to exit safe mode
2022-11-23 13:29:21,995 [Listener at 127.0.0.1/45507] INFO  ozone.MiniOzoneClusterImpl (MiniOzoneClusterImpl.java:lambda$waitForClusterToBeReady$0(221)) - SCM became leader
2022-11-23 13:29:22,065 [EndpointStateMachine task thread for /0.0.0.0:41935 - 0 ] INFO  utils.DatanodeStoreCache (DatanodeStoreCache.java:addDB(58)) - Added db /home/runner/work/ozone/ozone/hadoop-ozone/integration-test/target/test-dir/MiniOzoneClusterImpl-eee7442c-9747-40b9-9476-ee0de7f6c5d3/datanode-2/data-0/containers/hdds/eee7442c-9747-40b9-9476-ee0de7f6c5d3/DS-c5fbfec1-e5a0-42b4-86d4-6e1ba3242078/container.db to cache
2022-11-23 13:29:22,065 [EndpointStateMachine task thread for /0.0.0.0:41935 - 0 ] INFO  volume.HddsVolume (HddsVolume.java:createDbStore(307)) - SchemaV3 db is created and loaded at /home/runner/work/ozone/ozone/hadoop-ozone/integration-test/target/test-dir/MiniOzoneClusterImpl-eee7442c-9747-40b9-9476-ee0de7f6c5d3/datanode-2/data-0/containers/hdds/eee7442c-9747-40b9-9476-ee0de7f6c5d3/DS-c5fbfec1-e5a0-42b4-86d4-6e1ba3242078/container.db for volume DS-c5fbfec1-e5a0-42b4-86d4-6e1ba3242078
2022-11-23 13:29:22,066 [EndpointStateMachine task thread for /0.0.0.0:41935 - 0 ] INFO  ozoneimpl.OzoneContainer (OzoneContainer.java:start(395)) - Attempting to start container services.
2022-11-23 13:29:22,066 [EndpointStateMachine task thread for /0.0.0.0:41935 - 0 ] INFO  ozoneimpl.OzoneContainer (OzoneContainer.java:startContainerScrub(312)) - Scheduled background container scanners and the on-demand container scanner have been disabled.
2022-11-23 13:29:22,068 [EndpointStateMachine task thread for /0.0.0.0:41935 - 0 ] INFO  replication.ReplicationServer (ReplicationServer.java:start(111)) - ReplicationServer is started using port 40921
2022-11-23 13:29:22,068 [EndpointStateMachine task thread for /0.0.0.0:41935 - 0 ] INFO  ratis.XceiverServerRatis (XceiverServerRatis.java:start(481)) - Starting XceiverServerRatis 3a1872ea-adb8-40a7-8f64-b5952ddb9b5f
2022-11-23 13:29:22,069 [EndpointStateMachine task thread for /0.0.0.0:41935 - 0 ] INFO  server.RaftServer (RaftServerProxy.java:startImpl(393)) - 3a1872ea-adb8-40a7-8f64-b5952ddb9b5f: start RPC server
2022-11-23 13:29:22,073 [EndpointStateMachine task thread for /0.0.0.0:41935 - 0 ] INFO  server.GrpcService (GrpcService.java:startImpl(270)) - 3a1872ea-adb8-40a7-8f64-b5952ddb9b5f: GrpcService started, listening on 36863
2022-11-23 13:29:22,074 [EndpointStateMachine task thread for /0.0.0.0:41935 - 0 ] INFO  ratis.XceiverServerRatis (XceiverServerRatis.java:getRealPort(502)) - XceiverServerRatis 3a1872ea-adb8-40a7-8f64-b5952ddb9b5f is started using port 36863 for RATIS
2022-11-23 13:29:22,074 [JvmPauseMonitor3] INFO  util.JvmPauseMonitor (JvmPauseMonitor.java:run(105)) - JvmPauseMonitor-3a1872ea-adb8-40a7-8f64-b5952ddb9b5f: Started
2022-11-23 13:29:22,074 [EndpointStateMachine task thread for /0.0.0.0:41935 - 0 ] INFO  ratis.XceiverServerRatis (XceiverServerRatis.java:getRealPort(502)) - XceiverServerRatis 3a1872ea-adb8-40a7-8f64-b5952ddb9b5f is started using port 36863 for RATIS_ADMIN
2022-11-23 13:29:22,075 [EndpointStateMachine task thread for /0.0.0.0:41935 - 0 ] INFO  ratis.XceiverServerRatis (XceiverServerRatis.java:getRealPort(502)) - XceiverServerRatis 3a1872ea-adb8-40a7-8f64-b5952ddb9b5f is started using port 36863 for RATIS_SERVER
2022-11-23 13:29:22,082 [EndpointStateMachine task thread for /0.0.0.0:41935 - 0 ] INFO  server.XceiverServerGrpc (XceiverServerGrpc.java:start(180)) - XceiverServerGrpc 3a1872ea-adb8-40a7-8f64-b5952ddb9b5f is started using port 35029
2022-11-23 13:29:22,985 [IPC Server handler 1 on default port 41935] INFO  net.NetworkTopologyImpl (NetworkTopologyImpl.java:add(112)) - Added a new node: /default-rack/f7939ee0-8e95-4b39-add6-ba317897dc07
2022-11-23 13:29:22,988 [IPC Server handler 1 on default port 41935] INFO  node.SCMNodeManager (SCMNodeManager.java:register(397)) - Registered Data node : f7939ee0-8e95-4b39-add6-ba317897dc07{ip: 10.1.0.249, host: fv-az449-73.jvjgdiodbn4ungrcbaap0pmvbb.dx.internal.cloudapp.net, ports: [REPLICATION=44185, RATIS=38319, RATIS_ADMIN=38319, RATIS_SERVER=38319, STANDALONE=36079], networkLocation: /default-rack, certSerialId: null, persistedOpState: null, persistedOpStateExpiryEpochSec: 0}
2022-11-23 13:29:22,993 [EventQueue-NewNodeForNewNodeHandler] INFO  pipeline.BackgroundPipelineCreator (BackgroundPipelineCreator.java:notifyEventTriggered(276)) - trigger a one-shot run on RatisPipelineUtilsThread.
2022-11-23 13:29:22,995 [Listener at 127.0.0.1/45507] INFO  ozone.MiniOzoneClusterImpl (MiniOzoneClusterImpl.java:lambda$waitForClusterToBeReady$0(216)) - Waiting for nodes to be ready. Got 1 of 3 DN Heartbeats.
2022-11-23 13:29:22,995 [Listener at 127.0.0.1/45507] INFO  ozone.MiniOzoneClusterImpl (MiniOzoneClusterImpl.java:lambda$waitForClusterToBeReady$0(219)) - Waiting for cluster to exit safe mode
2022-11-23 13:29:22,995 [Listener at 127.0.0.1/45507] INFO  ozone.MiniOzoneClusterImpl (MiniOzoneClusterImpl.java:lambda$waitForClusterToBeReady$0(221)) - SCM became leader
2022-11-23 13:29:23,003 [RatisPipelineUtilsThread - 0] INFO  pipeline.RatisPipelineProvider (RatisPipelineProvider.java:lambda$create$0(195)) - Sending CreatePipelineCommand for pipeline:PipelineID=9f88a384-167d-4735-8629-e16f096398f5 to datanode:f7939ee0-8e95-4b39-add6-ba317897dc07
2022-11-23 13:29:23,003 [EventQueue-NodeRegistrationContainerReportForDataNodeSafeModeRule] INFO  safemode.SCMSafeModeManager (DataNodeSafeModeRule.java:process(71)) - SCM in safe mode. 1 DataNodes registered, 3 required.
2022-11-23 13:29:23,004 [EventQueue-NodeRegistrationContainerReportForContainerSafeModeRule] INFO  safemode.SCMSafeModeManager (SCMSafeModeManager.java:validateSafeModeExitRules(204)) - ContainerSafeModeRule rule is successfully validated
2022-11-23 13:29:23,016 [EventQueue-PipelineReportForOneReplicaPipelineSafeModeRule] INFO  safemode.SCMSafeModeManager (SCMSafeModeManager.java:validateSafeModeExitRules(204)) - AtleastOneDatanodeReportedRule rule is successfully validated
2022-11-23 13:29:23,028 [RatisPipelineUtilsThread - 0] INFO  pipeline.PipelineStateManagerImpl (PipelineStateManagerImpl.java:addPipeline(103)) - Created pipeline Pipeline[ Id: 9f88a384-167d-4735-8629-e16f096398f5, Nodes: f7939ee0-8e95-4b39-add6-ba317897dc07{ip: 10.1.0.249, host: fv-az449-73.jvjgdiodbn4ungrcbaap0pmvbb.dx.internal.cloudapp.net, ports: [REPLICATION=44185, RATIS=38319, RATIS_ADMIN=38319, RATIS_SERVER=38319, STANDALONE=36079], networkLocation: /default-rack, certSerialId: null, persistedOpState: IN_SERVICE, persistedOpStateExpiryEpochSec: 0}, ReplicationConfig: RATIS/ONE, State:ALLOCATED, leaderId:, CreationTimestamp2022-11-23T13:29:23.002Z[Etc/UTC]].
2022-11-23 13:29:23,598 [IPC Server handler 0 on default port 41935] INFO  net.NetworkTopologyImpl (NetworkTopologyImpl.java:add(112)) - Added a new node: /default-rack/6a8ee904-5ab9-4c32-b911-3e68ea38425f
2022-11-23 13:29:23,598 [IPC Server handler 0 on default port 41935] INFO  node.SCMNodeManager (SCMNodeManager.java:register(397)) - Registered Data node : 6a8ee904-5ab9-4c32-b911-3e68ea38425f{ip: 10.1.0.249, host: fv-az449-73.jvjgdiodbn4ungrcbaap0pmvbb.dx.internal.cloudapp.net, ports: [REPLICATION=41365, RATIS=36327, RATIS_ADMIN=36327, RATIS_SERVER=36327, STANDALONE=46851], networkLocation: /default-rack, certSerialId: null, persistedOpState: null, persistedOpStateExpiryEpochSec: 0}
2022-11-23 13:29:23,600 [EventQueue-NewNodeForNewNodeHandler] INFO  pipeline.BackgroundPipelineCreator (BackgroundPipelineCreator.java:notifyEventTriggered(276)) - trigger a one-shot run on RatisPipelineUtilsThread.
2022-11-23 13:29:23,600 [EventQueue-NodeRegistrationContainerReportForDataNodeSafeModeRule] INFO  safemode.SCMSafeModeManager (DataNodeSafeModeRule.java:process(71)) - SCM in safe mode. 2 DataNodes registered, 3 required.
2022-11-23 13:29:23,603 [RatisPipelineUtilsThread - 0] INFO  pipeline.RatisPipelineProvider (RatisPipelineProvider.java:lambda$create$0(195)) - Sending CreatePipelineCommand for pipeline:PipelineID=66704b17-3373-4c88-8ef7-e67ac4275852 to datanode:6a8ee904-5ab9-4c32-b911-3e68ea38425f
2022-11-23 13:29:23,604 [RatisPipelineUtilsThread - 0] INFO  pipeline.PipelineStateManagerImpl (PipelineStateManagerImpl.java:addPipeline(103)) - Created pipeline Pipeline[ Id: 66704b17-3373-4c88-8ef7-e67ac4275852, Nodes: 6a8ee904-5ab9-4c32-b911-3e68ea38425f{ip: 10.1.0.249, host: fv-az449-73.jvjgdiodbn4ungrcbaap0pmvbb.dx.internal.cloudapp.net, ports: [REPLICATION=41365, RATIS=36327, RATIS_ADMIN=36327, RATIS_SERVER=36327, STANDALONE=46851], networkLocation: /default-rack, certSerialId: null, persistedOpState: IN_SERVICE, persistedOpStateExpiryEpochSec: 0}, ReplicationConfig: RATIS/ONE, State:ALLOCATED, leaderId:, CreationTimestamp2022-11-23T13:29:23.603Z[Etc/UTC]].
2022-11-23 13:29:23,996 [Listener at 127.0.0.1/45507] INFO  ozone.MiniOzoneClusterImpl (MiniOzoneClusterImpl.java:lambda$waitForClusterToBeReady$0(216)) - Waiting for nodes to be ready. Got 2 of 3 DN Heartbeats.
2022-11-23 13:29:23,996 [Listener at 127.0.0.1/45507] INFO  ozone.MiniOzoneClusterImpl (MiniOzoneClusterImpl.java:lambda$waitForClusterToBeReady$0(219)) - Waiting for cluster to exit safe mode
2022-11-23 13:29:23,996 [Listener at 127.0.0.1/45507] INFO  ozone.MiniOzoneClusterImpl (MiniOzoneClusterImpl.java:lambda$waitForClusterToBeReady$0(221)) - SCM became leader
2022-11-23 13:29:24,016 [IPC Server handler 1 on default port 41935] INFO  net.NetworkTopologyImpl (NetworkTopologyImpl.java:add(112)) - Added a new node: /default-rack/3a1872ea-adb8-40a7-8f64-b5952ddb9b5f
2022-11-23 13:29:24,016 [IPC Server handler 1 on default port 41935] INFO  node.SCMNodeManager (SCMNodeManager.java:register(397)) - Registered Data node : 3a1872ea-adb8-40a7-8f64-b5952ddb9b5f{ip: 10.1.0.249, host: fv-az449-73.jvjgdiodbn4ungrcbaap0pmvbb.dx.internal.cloudapp.net, ports: [REPLICATION=40921, RATIS=36863, RATIS_ADMIN=36863, RATIS_SERVER=36863, STANDALONE=35029], networkLocation: /default-rack, certSerialId: null, persistedOpState: null, persistedOpStateExpiryEpochSec: 0}
2022-11-23 13:29:24,017 [EventQueue-NewNodeForNewNodeHandler] INFO  pipeline.BackgroundPipelineCreator (BackgroundPipelineCreator.java:notifyEventTriggered(276)) - trigger a one-shot run on RatisPipelineUtilsThread.
2022-11-23 13:29:24,017 [EventQueue-NodeRegistrationContainerReportForDataNodeSafeModeRule] INFO  safemode.SCMSafeModeManager (DataNodeSafeModeRule.java:process(71)) - SCM in safe mode. 3 DataNodes registered, 3 required.
2022-11-23 13:29:24,017 [EventQueue-NodeRegistrationContainerReportForDataNodeSafeModeRule] INFO  safemode.SCMSafeModeManager (SCMSafeModeManager.java:validateSafeModeExitRules(204)) - DataNodeSafeModeRule rule is successfully validated
2022-11-23 13:29:24,017 [EventQueue-NodeRegistrationContainerReportForDataNodeSafeModeRule] INFO  safemode.SCMSafeModeManager (SCMSafeModeManager.java:completePreCheck(233)) - All SCM safe mode pre check rules have passed
2022-11-23 13:29:24,017 [EventQueue-NodeRegistrationContainerReportForDataNodeSafeModeRule] WARN  events.EventQueue (EventQueue.java:fireEvent(216)) - No event handler registered for event TypedEvent{payloadType=SafeModeStatus, name='Safe mode status'}
2022-11-23 13:29:24,017 [EventQueue-NodeRegistrationContainerReportForDataNodeSafeModeRule] INFO  ha.SCMContext (SCMContext.java:updateSafeModeStatus(228)) - Update SafeModeStatus from SafeModeStatus{safeModeStatus=true, preCheckPassed=false} to SafeModeStatus{safeModeStatus=true, preCheckPassed=true}.
2022-11-23 13:29:24,017 [EventQueue-NodeRegistrationContainerReportForDataNodeSafeModeRule] INFO  pipeline.BackgroundPipelineCreator (BackgroundPipelineCreator.java:notifyEventTriggered(276)) - trigger a one-shot run on RatisPipelineUtilsThread.
2022-11-23 13:29:24,017 [RatisPipelineUtilsThread - 0] INFO  pipeline.RatisPipelineProvider (RatisPipelineProvider.java:lambda$create$0(195)) - Sending CreatePipelineCommand for pipeline:PipelineID=d27e71c0-0a46-4d90-b1e8-5af22bac86b1 to datanode:3a1872ea-adb8-40a7-8f64-b5952ddb9b5f
2022-11-23 13:29:24,018 [RatisPipelineUtilsThread - 0] INFO  pipeline.PipelineStateManagerImpl (PipelineStateManagerImpl.java:addPipeline(103)) - Created pipeline Pipeline[ Id: d27e71c0-0a46-4d90-b1e8-5af22bac86b1, Nodes: 3a1872ea-adb8-40a7-8f64-b5952ddb9b5f{ip: 10.1.0.249, host: fv-az449-73.jvjgdiodbn4ungrcbaap0pmvbb.dx.internal.cloudapp.net, ports: [REPLICATION=40921, RATIS=36863, RATIS_ADMIN=36863, RATIS_SERVER=36863, STANDALONE=35029], networkLocation: /default-rack, certSerialId: null, persistedOpState: IN_SERVICE, persistedOpStateExpiryEpochSec: 0}, ReplicationConfig: RATIS/ONE, State:ALLOCATED, leaderId:, CreationTimestamp2022-11-23T13:29:24.017Z[Etc/UTC]].
2022-11-23 13:29:24,022 [RatisPipelineUtilsThread - 0] INFO  pipeline.RatisPipelineProvider (RatisPipelineProvider.java:lambda$create$0(195)) - Sending CreatePipelineCommand for pipeline:PipelineID=b20da5f3-ab6f-4bbd-a3b2-9a43da357a05 to datanode:3a1872ea-adb8-40a7-8f64-b5952ddb9b5f
2022-11-23 13:29:24,023 [RatisPipelineUtilsThread - 0] INFO  pipeline.RatisPipelineProvider (RatisPipelineProvider.java:lambda$create$0(195)) - Sending CreatePipelineCommand for pipeline:PipelineID=b20da5f3-ab6f-4bbd-a3b2-9a43da357a05 to datanode:f7939ee0-8e95-4b39-add6-ba317897dc07
2022-11-23 13:29:24,023 [RatisPipelineUtilsThread - 0] INFO  pipeline.RatisPipelineProvider (RatisPipelineProvider.java:lambda$create$0(195)) - Sending CreatePipelineCommand for pipeline:PipelineID=b20da5f3-ab6f-4bbd-a3b2-9a43da357a05 to datanode:6a8ee904-5ab9-4c32-b911-3e68ea38425f
2022-11-23 13:29:24,024 [RatisPipelineUtilsThread - 0] INFO  pipeline.PipelineStateManagerImpl (PipelineStateManagerImpl.java:addPipeline(103)) - Created pipeline Pipeline[ Id: b20da5f3-ab6f-4bbd-a3b2-9a43da357a05, Nodes: 3a1872ea-adb8-40a7-8f64-b5952ddb9b5f{ip: 10.1.0.249, host: fv-az449-73.jvjgdiodbn4ungrcbaap0pmvbb.dx.internal.cloudapp.net, ports: [REPLICATION=40921, RATIS=36863, RATIS_ADMIN=36863, RATIS_SERVER=36863, STANDALONE=35029], networkLocation: /default-rack, certSerialId: null, persistedOpState: IN_SERVICE, persistedOpStateExpiryEpochSec: 0}f7939ee0-8e95-4b39-add6-ba317897dc07{ip: 10.1.0.249, host: fv-az449-73.jvjgdiodbn4ungrcbaap0pmvbb.dx.internal.cloudapp.net, ports: [REPLICATION=44185, RATIS=38319, RATIS_ADMIN=38319, RATIS_SERVER=38319, STANDALONE=36079], networkLocation: /default-rack, certSerialId: null, persistedOpState: IN_SERVICE, persistedOpStateExpiryEpochSec: 0}6a8ee904-5ab9-4c32-b911-3e68ea38425f{ip: 10.1.0.249, host: fv-az449-73.jvjgdiodbn4ungrcbaap0pmvbb.dx.internal.cloudapp.net, ports: [REPLICATION=41365, RATIS=36327, RATIS_ADMIN=36327, RATIS_SERVER=36327, STANDALONE=46851], networkLocation: /default-rack, certSerialId: null, persistedOpState: IN_SERVICE, persistedOpStateExpiryEpochSec: 0}, ReplicationConfig: RATIS/THREE, State:ALLOCATED, leaderId:, CreationTimestamp2022-11-23T13:29:24.022Z[Etc/UTC]].
2022-11-23 13:29:24,025 [RatisPipelineUtilsThread - 0] INFO  pipeline.RatisPipelineProvider (RatisPipelineProvider.java:lambda$create$0(195)) - Sending CreatePipelineCommand for pipeline:PipelineID=29a707b8-0a69-4214-af80-571ea458250c to datanode:3a1872ea-adb8-40a7-8f64-b5952ddb9b5f
2022-11-23 13:29:24,026 [RatisPipelineUtilsThread - 0] INFO  pipeline.RatisPipelineProvider (RatisPipelineProvider.java:lambda$create$0(195)) - Sending CreatePipelineCommand for pipeline:PipelineID=29a707b8-0a69-4214-af80-571ea458250c to datanode:6a8ee904-5ab9-4c32-b911-3e68ea38425f
2022-11-23 13:29:24,026 [RatisPipelineUtilsThread - 0] INFO  pipeline.RatisPipelineProvider (RatisPipelineProvider.java:lambda$create$0(195)) - Sending CreatePipelineCommand for pipeline:PipelineID=29a707b8-0a69-4214-af80-571ea458250c to datanode:f7939ee0-8e95-4b39-add6-ba317897dc07
2022-11-23 13:29:24,027 [RatisPipelineUtilsThread - 0] INFO  pipeline.PipelineStateManagerImpl (PipelineStateManagerImpl.java:addPipeline(103)) - Created pipeline Pipeline[ Id: 29a707b8-0a69-4214-af80-571ea458250c, Nodes: 3a1872ea-adb8-40a7-8f64-b5952ddb9b5f{ip: 10.1.0.249, host: fv-az449-73.jvjgdiodbn4ungrcbaap0pmvbb.dx.internal.cloudapp.net, ports: [REPLICATION=40921, RATIS=36863, RATIS_ADMIN=36863, RATIS_SERVER=36863, STANDALONE=35029], networkLocation: /default-rack, certSerialId: null, persistedOpState: IN_SERVICE, persistedOpStateExpiryEpochSec: 0}6a8ee904-5ab9-4c32-b911-3e68ea38425f{ip: 10.1.0.249, host: fv-az449-73.jvjgdiodbn4ungrcbaap0pmvbb.dx.internal.cloudapp.net, ports: [REPLICATION=41365, RATIS=36327, RATIS_ADMIN=36327, RATIS_SERVER=36327, STANDALONE=46851], networkLocation: /default-rack, certSerialId: null, persistedOpState: IN_SERVICE, persistedOpStateExpiryEpochSec: 0}f7939ee0-8e95-4b39-add6-ba317897dc07{ip: 10.1.0.249, host: fv-az449-73.jvjgdiodbn4ungrcbaap0pmvbb.dx.internal.cloudapp.net, ports: [REPLICATION=44185, RATIS=38319, RATIS_ADMIN=38319, RATIS_SERVER=38319, STANDALONE=36079], networkLocation: /default-rack, certSerialId: null, persistedOpState: IN_SERVICE, persistedOpStateExpiryEpochSec: 0}, ReplicationConfig: RATIS/THREE, State:ALLOCATED, leaderId:, CreationTimestamp2022-11-23T13:29:24.025Z[Etc/UTC]].
2022-11-23 13:29:24,027 [RatisPipelineUtilsThread - 0] INFO  pipeline.PipelineManagerImpl (PipelineManagerImpl.java:recordMetricsForPipeline(826)) - Pipeline: PipelineID=29a707b8-0a69-4214-af80-571ea458250c contains same datanodes as previous pipelines: PipelineID=b20da5f3-ab6f-4bbd-a3b2-9a43da357a05 nodeIds: 3a1872ea-adb8-40a7-8f64-b5952ddb9b5f, 6a8ee904-5ab9-4c32-b911-3e68ea38425f, f7939ee0-8e95-4b39-add6-ba317897dc07
2022-11-23 13:29:24,996 [Listener at 127.0.0.1/45507] INFO  ozone.MiniOzoneClusterImpl (MiniOzoneClusterImpl.java:lambda$waitForClusterToBeReady$0(216)) - Nodes are ready. Got 3 of 3 DN Heartbeats.
2022-11-23 13:29:24,998 [Listener at 127.0.0.1/45507] INFO  ozone.MiniOzoneClusterImpl (MiniOzoneClusterImpl.java:lambda$waitForClusterToBeReady$0(219)) - Waiting for cluster to exit safe mode
2022-11-23 13:29:24,998 [Listener at 127.0.0.1/45507] INFO  ozone.MiniOzoneClusterImpl (MiniOzoneClusterImpl.java:lambda$waitForClusterToBeReady$0(221)) - SCM became leader
2022-11-23 13:29:25,983 [Command processor thread] INFO  server.RaftServer (RaftServerProxy.java:addNew(96)) - f7939ee0-8e95-4b39-add6-ba317897dc07: addNew group-E16F096398F5:[f7939ee0-8e95-4b39-add6-ba317897dc07|rpc:10.1.0.249:38319|priority:1|startupRole:FOLLOWER] returns group-E16F096398F5:java.util.concurrent.CompletableFuture@707297c0[Not completed]
2022-11-23 13:29:25,997 [pool-72-thread-1] INFO  server.RaftServer$Division (RaftServerImpl.java:<init>(195)) - f7939ee0-8e95-4b39-add6-ba317897dc07: new RaftServerImpl for group-E16F096398F5:[f7939ee0-8e95-4b39-add6-ba317897dc07|rpc:10.1.0.249:38319|priority:1|startupRole:FOLLOWER] with ContainerStateMachine:uninitialized
2022-11-23 13:29:25,997 [pool-72-thread-1] INFO  server.RaftServerConfigKeys (ConfUtils.java:logGet(46)) - raft.server.rpc.timeout.min = 5s (custom)
2022-11-23 13:29:25,997 [pool-72-thread-1] INFO  server.RaftServerConfigKeys (ConfUtils.java:logGet(46)) - raft.server.rpc.timeout.max = 5200ms (custom)
2022-11-23 13:29:25,998 [pool-72-thread-1] INFO  server.RaftServerConfigKeys (ConfUtils.java:logGet(46)) - raft.server.rpc.sleep.time = 25ms (default)
2022-11-23 13:29:25,998 [pool-72-thread-1] INFO  server.RaftServerConfigKeys (ConfUtils.java:logGet(46)) - raft.server.rpc.slowness.timeout = 300s (custom)
2022-11-23 13:29:25,998 [pool-72-thread-1] INFO  server.RaftServerConfigKeys (ConfUtils.java:logGet(46)) - raft.server.leaderelection.leader.step-down.wait-time = 10s (default)
2022-11-23 13:29:25,998 [pool-72-thread-1] INFO  server.RaftServerConfigKeys (ConfUtils.java:logGet(46)) - raft.server.sleep.deviation.threshold = 300ms (default)
2022-11-23 13:29:25,998 [pool-72-thread-1] INFO  server.RaftServer$Division (ServerState.java:<init>(118)) - f7939ee0-8e95-4b39-add6-ba317897dc07@group-E16F096398F5: ConfigurationManager, init=-1: peers:[f7939ee0-8e95-4b39-add6-ba317897dc07|rpc:10.1.0.249:38319|priority:1|startupRole:FOLLOWER]|listeners:[], old=null, confs=<EMPTY_MAP>
2022-11-23 13:29:25,998 [pool-72-thread-1] INFO  server.RaftServerConfigKeys (ConfUtils.java:logGet(46)) - raft.server.storage.dir = [/home/runner/work/ozone/ozone/hadoop-ozone/integration-test/target/test-dir/MiniOzoneClusterImpl-eee7442c-9747-40b9-9476-ee0de7f6c5d3/datanode-0/data/ratis] (custom)
2022-11-23 13:29:25,998 [pool-72-thread-1] INFO  server.RaftServerConfigKeys (ConfUtils.java:logGet(46)) - raft.server.log.corruption.policy = EXCEPTION (default)
2022-11-23 13:29:25,998 [pool-72-thread-1] INFO  server.RaftServerConfigKeys (ConfUtils.java:logGet(46)) - raft.server.storage.free-space.min = 0MB (=0) (default)
2022-11-23 13:29:25,999 [Listener at 127.0.0.1/45507] INFO  ozone.MiniOzoneClusterImpl (MiniOzoneClusterImpl.java:lambda$waitForClusterToBeReady$0(216)) - Nodes are ready. Got 3 of 3 DN Heartbeats.
2022-11-23 13:29:25,999 [Listener at 127.0.0.1/45507] INFO  ozone.MiniOzoneClusterImpl (MiniOzoneClusterImpl.java:lambda$waitForClusterToBeReady$0(219)) - Waiting for cluster to exit safe mode
2022-11-23 13:29:25,999 [Listener at 127.0.0.1/45507] INFO  ozone.MiniOzoneClusterImpl (MiniOzoneClusterImpl.java:lambda$waitForClusterToBeReady$0(221)) - SCM became leader
2022-11-23 13:29:25,999 [pool-72-thread-1] INFO  server.RaftServerConfigKeys (ConfUtils.java:logGet(46)) - raft.server.notification.no-leader.timeout = 300s (custom)
2022-11-23 13:29:25,999 [pool-72-thread-1] INFO  server.RaftServerConfigKeys (ConfUtils.java:logGet(46)) - raft.server.retrycache.expirytime = 600000ms (custom)
2022-11-23 13:29:25,999 [pool-72-thread-1] INFO  server.RaftServerConfigKeys (ConfUtils.java:logGet(46)) - raft.server.retrycache.statistics.expirytime = 100μs (default)
2022-11-23 13:29:26,001 [pool-72-thread-1] INFO  server.RaftServerConfigKeys (ConfUtils.java:logGet(46)) - raft.server.log.appender.install.snapshot.enabled = false (custom)
2022-11-23 13:29:26,002 [pool-72-thread-1] INFO  server.RaftServerConfigKeys (ConfUtils.java:logGet(46)) - raft.server.threadpool.server.cached = true (default)
2022-11-23 13:29:26,002 [pool-72-thread-1] INFO  server.RaftServerConfigKeys (ConfUtils.java:logGet(46)) - raft.server.threadpool.server.size = 0 (default)
2022-11-23 13:29:26,002 [pool-72-thread-1] INFO  server.RaftServerConfigKeys (ConfUtils.java:logGet(46)) - raft.server.threadpool.client.cached = true (default)
2022-11-23 13:29:26,002 [pool-72-thread-1] INFO  server.RaftServerConfigKeys (ConfUtils.java:logGet(46)) - raft.server.threadpool.client.size = 0 (default)
2022-11-23 13:29:26,002 [pool-72-thread-1] INFO  storage.RaftStorageDirectory (RaftStorageDirectoryImpl.java:analyzeStorage(137)) - The storage directory /home/runner/work/ozone/ozone/hadoop-ozone/integration-test/target/test-dir/MiniOzoneClusterImpl-eee7442c-9747-40b9-9476-ee0de7f6c5d3/datanode-0/data/ratis/9f88a384-167d-4735-8629-e16f096398f5 does not exist. Creating ...
2022-11-23 13:29:26,005 [pool-72-thread-1] INFO  storage.RaftStorageDirectory (RaftStorageDirectoryImpl.java:tryLock(231)) - Lock on /home/runner/work/ozone/ozone/hadoop-ozone/integration-test/target/test-dir/MiniOzoneClusterImpl-eee7442c-9747-40b9-9476-ee0de7f6c5d3/datanode-0/data/ratis/9f88a384-167d-4735-8629-e16f096398f5/in_use.lock acquired by nodename 5092@fv-az449-73
2022-11-23 13:29:26,007 [pool-72-thread-1] INFO  storage.RaftStorage (RaftStorageImpl.java:format(96)) - Storage directory /home/runner/work/ozone/ozone/hadoop-ozone/integration-test/target/test-dir/MiniOzoneClusterImpl-eee7442c-9747-40b9-9476-ee0de7f6c5d3/datanode-0/data/ratis/9f88a384-167d-4735-8629-e16f096398f5 has been successfully formatted.
2022-11-23 13:29:26,012 [pool-72-thread-1] INFO  ratis.ContainerStateMachine (ContainerStateMachine.java:loadSnapshot(236)) - group-E16F096398F5: The snapshot info is null. Setting the last applied indexto:(t:0, i:~)
2022-11-23 13:29:26,012 [pool-72-thread-1] INFO  server.RaftServerConfigKeys (ConfUtils.java:logGet(46)) - raft.server.log.use.memory = false (default)
2022-11-23 13:29:26,012 [pool-72-thread-1] INFO  server.RaftServerConfigKeys (ConfUtils.java:logGet(46)) - raft.server.log.purge.gap = 1000000 (custom)
2022-11-23 13:29:26,012 [pool-72-thread-1] INFO  server.RaftServerConfigKeys (ConfUtils.java:logGet(46)) - raft.server.log.appender.buffer.byte-limit = 33554432 (custom)
2022-11-23 13:29:26,012 [pool-72-thread-1] INFO  server.RaftServerConfigKeys (ConfUtils.java:logGet(46)) - raft.server.log.statemachine.data.read.timeout = 1000ms (default)
2022-11-23 13:29:26,012 [pool-72-thread-1] INFO  server.RaftServerConfigKeys (ConfUtils.java:logGet(46)) - raft.server.log.purge.preservation.log.num = 0 (default)
2022-11-23 13:29:26,013 [pool-72-thread-1] INFO  server.RaftServerConfigKeys (ConfUtils.java:logGet(46)) - raft.server.log.segment.size.max = 1048576 (custom)
2022-11-23 13:29:26,015 [pool-72-thread-1] INFO  server.RaftServerConfigKeys (ConfUtils.java:logGet(46)) - raft.server.log.segment.cache.num.max = 2 (custom)
2022-11-23 13:29:26,015 [pool-72-thread-1] INFO  server.RaftServerConfigKeys (ConfUtils.java:logGet(46)) - raft.server.log.segment.cache.size.max = 200MB (=209715200) (default)
2022-11-23 13:29:26,015 [pool-72-thread-1] INFO  segmented.SegmentedRaftLogWorker (SegmentedRaftLogWorker.java:<init>(191)) - new f7939ee0-8e95-4b39-add6-ba317897dc07@group-E16F096398F5-SegmentedRaftLogWorker for RaftStorageImpl:Storage Directory /home/runner/work/ozone/ozone/hadoop-ozone/integration-test/target/test-dir/MiniOzoneClusterImpl-eee7442c-9747-40b9-9476-ee0de7f6c5d3/datanode-0/data/ratis/9f88a384-167d-4735-8629-e16f096398f5
2022-11-23 13:29:26,015 [pool-72-thread-1] INFO  server.RaftServerConfigKeys (ConfUtils.java:logGet(46)) - raft.server.log.queue.byte-limit = 4294967296 (custom)
2022-11-23 13:29:26,015 [pool-72-thread-1] INFO  server.RaftServerConfigKeys (ConfUtils.java:logGet(46)) - raft.server.log.queue.element-limit = 1024 (custom)
2022-11-23 13:29:26,015 [pool-72-thread-1] INFO  server.RaftServerConfigKeys (ConfUtils.java:logGet(46)) - raft.server.log.segment.size.max = 1048576 (custom)
2022-11-23 13:29:26,016 [pool-72-thread-1] INFO  server.RaftServerConfigKeys (ConfUtils.java:logGet(46)) - raft.server.log.preallocated.size = 16384 (custom)
2022-11-23 13:29:26,016 [pool-72-thread-1] INFO  server.RaftServerConfigKeys (ConfUtils.java:logGet(46)) - raft.server.log.force.sync.num = 128 (default)
2022-11-23 13:29:26,021 [pool-72-thread-1] INFO  server.RaftServerConfigKeys (ConfUtils.java:logGet(46)) - raft.server.log.statemachine.data.sync = true (default)
2022-11-23 13:29:26,021 [pool-72-thread-1] INFO  server.RaftServerConfigKeys (ConfUtils.java:logGet(46)) - raft.server.log.statemachine.data.sync.timeout = 10s (default)
2022-11-23 13:29:26,021 [pool-72-thread-1] INFO  server.RaftServerConfigKeys (ConfUtils.java:logGet(46)) - raft.server.log.statemachine.data.sync.timeout.retry = -1 (default)
2022-11-23 13:29:26,032 [pool-72-thread-1] INFO  server.RaftServerConfigKeys (ConfUtils.java:logGet(46)) - raft.server.log.write.buffer.size = 1048576 (custom)
2022-11-23 13:29:26,033 [pool-72-thread-1] INFO  server.RaftServerConfigKeys (ConfUtils.java:logGet(46)) - raft.server.log.unsafe-flush.enabled = false (default)
2022-11-23 13:29:26,033 [pool-72-thread-1] INFO  server.RaftServerConfigKeys (ConfUtils.java:logGet(46)) - raft.server.log.async-flush.enabled = false (default)
2022-11-23 13:29:26,033 [pool-72-thread-1] INFO  server.RaftServerConfigKeys (ConfUtils.java:logGet(46)) - raft.server.log.statemachine.data.caching.enabled = true (custom)
2022-11-23 13:29:26,034 [pool-72-thread-1] INFO  segmented.SegmentedRaftLogWorker (SegmentedRaftLogWorker.java:lambda$new$0(136)) - f7939ee0-8e95-4b39-add6-ba317897dc07@group-E16F096398F5-SegmentedRaftLogWorker: flushIndex: setUnconditionally 0 -> -1
2022-11-23 13:29:26,034 [pool-72-thread-1] INFO  segmented.SegmentedRaftLogWorker (SegmentedRaftLogWorker.java:lambda$new$0(136)) - f7939ee0-8e95-4b39-add6-ba317897dc07@group-E16F096398F5-SegmentedRaftLogWorker: safeCacheEvictIndex: setUnconditionally 0 -> -1
2022-11-23 13:29:26,038 [pool-72-thread-1] INFO  server.RaftServer$Division (RaftServerImpl.java:start(334)) - f7939ee0-8e95-4b39-add6-ba317897dc07@group-E16F096398F5: start as a follower, conf=-1: peers:[f7939ee0-8e95-4b39-add6-ba317897dc07|rpc:10.1.0.249:38319|priority:1|startupRole:FOLLOWER]|listeners:[], old=null
2022-11-23 13:29:26,038 [pool-72-thread-1] INFO  server.RaftServer$Division (RaftServerImpl.java:setRole(321)) - f7939ee0-8e95-4b39-add6-ba317897dc07@group-E16F096398F5: changes role from      null to FOLLOWER at term 0 for startAsFollower
2022-11-23 13:29:26,038 [pool-72-thread-1] INFO  impl.RoleInfo (RoleInfo.java:updateAndGet(139)) - f7939ee0-8e95-4b39-add6-ba317897dc07: start f7939ee0-8e95-4b39-add6-ba317897dc07@group-E16F096398F5-FollowerState
2022-11-23 13:29:26,048 [pool-72-thread-1] INFO  util.JmxRegister (JmxRegister.java:tryRegister(44)) - Successfully registered JMX Bean with object name Ratis:service=RaftServer,group=group-E16F096398F5,id=f7939ee0-8e95-4b39-add6-ba317897dc07
2022-11-23 13:29:26,048 [pool-72-thread-1] INFO  server.RaftServerConfigKeys (ConfUtils.java:logGet(46)) - raft.server.snapshot.auto.trigger.enabled = true (custom)
2022-11-23 13:29:26,049 [pool-72-thread-1] INFO  server.RaftServerConfigKeys (ConfUtils.java:logGet(46)) - raft.server.snapshot.auto.trigger.threshold = 10000 (custom)
2022-11-23 13:29:26,049 [pool-72-thread-1] INFO  server.RaftServerConfigKeys (ConfUtils.java:logGet(46)) - raft.server.snapshot.retention.file.num = 5 (custom)
2022-11-23 13:29:26,049 [pool-72-thread-1] INFO  server.RaftServerConfigKeys (ConfUtils.java:logGet(46)) - raft.server.log.purge.upto.snapshot.index = false (default)
2022-11-23 13:29:26,049 [EventQueue-PipelineReportForPipelineReportHandler] INFO  pipeline.PipelineManagerImpl (PipelineManagerImpl.java:openPipeline(367)) - Pipeline Pipeline[ Id: 9f88a384-167d-4735-8629-e16f096398f5, Nodes: f7939ee0-8e95-4b39-add6-ba317897dc07{ip: 10.1.0.249, host: fv-az449-73.jvjgdiodbn4ungrcbaap0pmvbb.dx.internal.cloudapp.net, ports: [REPLICATION=44185, RATIS=38319, RATIS_ADMIN=38319, RATIS_SERVER=38319, STANDALONE=36079], networkLocation: /default-rack, certSerialId: null, persistedOpState: IN_SERVICE, persistedOpStateExpiryEpochSec: 0}, ReplicationConfig: RATIS/ONE, State:ALLOCATED, leaderId:f7939ee0-8e95-4b39-add6-ba317897dc07, CreationTimestamp2022-11-23T13:29:23.002Z[Etc/UTC]] moved to OPEN state
2022-11-23 13:29:26,053 [f7939ee0-8e95-4b39-add6-ba317897dc07@group-E16F096398F5-FollowerState] INFO  server.RaftServerConfigKeys (ConfUtils.java:logFallback(53)) - raft.server.rpc.first-election.timeout.min = 5s (fallback to raft.server.rpc.timeout.min)
2022-11-23 13:29:26,053 [f7939ee0-8e95-4b39-add6-ba317897dc07@group-E16F096398F5-FollowerState] INFO  server.RaftServerConfigKeys (ConfUtils.java:logFallback(53)) - raft.server.rpc.first-election.timeout.max = 5200ms (fallback to raft.server.rpc.timeout.max)
2022-11-23 13:29:26,056 [EventQueue-OpenPipelineForHealthyPipelineSafeModeRule] INFO  safemode.SCMSafeModeManager (HealthyPipelineSafeModeRule.java:process(137)) - SCM in safe mode. Healthy pipelines reported count is 0, required healthy pipeline reported count is 1
2022-11-23 13:29:26,064 [Command processor thread] INFO  ratis.XceiverServerRatis (XceiverServerRatis.java:addGroup(765)) - Created group PipelineID=9f88a384-167d-4735-8629-e16f096398f5
2022-11-23 13:29:26,064 [Command processor thread] INFO  commandhandler.CreatePipelineCommandHandler (CreatePipelineCommandHandler.java:handle(113)) - Created Pipeline RATIS ONE PipelineID=9f88a384-167d-4735-8629-e16f096398f5.
2022-11-23 13:29:26,065 [Command processor thread] INFO  server.RaftServer (RaftServerProxy.java:addNew(96)) - f7939ee0-8e95-4b39-add6-ba317897dc07: addNew group-9A43DA357A05:[6a8ee904-5ab9-4c32-b911-3e68ea38425f|rpc:10.1.0.249:36327|priority:0|startupRole:FOLLOWER, 3a1872ea-adb8-40a7-8f64-b5952ddb9b5f|rpc:10.1.0.249:36863|priority:1|startupRole:FOLLOWER, f7939ee0-8e95-4b39-add6-ba317897dc07|rpc:10.1.0.249:38319|priority:0|startupRole:FOLLOWER] returns group-9A43DA357A05:java.util.concurrent.CompletableFuture@70d3b4d7[Not completed]
2022-11-23 13:29:26,070 [pool-72-thread-1] INFO  server.RaftServer$Division (RaftServerImpl.java:<init>(195)) - f7939ee0-8e95-4b39-add6-ba317897dc07: new RaftServerImpl for group-9A43DA357A05:[6a8ee904-5ab9-4c32-b911-3e68ea38425f|rpc:10.1.0.249:36327|priority:0|startupRole:FOLLOWER, 3a1872ea-adb8-40a7-8f64-b5952ddb9b5f|rpc:10.1.0.249:36863|priority:1|startupRole:FOLLOWER, f7939ee0-8e95-4b39-add6-ba317897dc07|rpc:10.1.0.249:38319|priority:0|startupRole:FOLLOWER] with ContainerStateMachine:uninitialized
2022-11-23 13:29:26,070 [pool-72-thread-1] INFO  server.RaftServerConfigKeys (ConfUtils.java:logGet(46)) - raft.server.rpc.timeout.min = 5s (custom)
2022-11-23 13:29:26,070 [pool-72-thread-1] INFO  server.RaftServerConfigKeys (ConfUtils.java:logGet(46)) - raft.server.rpc.timeout.max = 5200ms (custom)
2022-11-23 13:29:26,071 [pool-72-thread-1] INFO  server.RaftServerConfigKeys (ConfUtils.java:logGet(46)) - raft.server.rpc.sleep.time = 25ms (default)
2022-11-23 13:29:26,071 [pool-72-thread-1] INFO  server.RaftServerConfigKeys (ConfUtils.java:logGet(46)) - raft.server.rpc.slowness.timeout = 300s (custom)
2022-11-23 13:29:26,071 [pool-72-thread-1] INFO  server.RaftServerConfigKeys (ConfUtils.java:logGet(46)) - raft.server.leaderelection.leader.step-down.wait-time = 10s (default)
2022-11-23 13:29:26,071 [pool-72-thread-1] INFO  server.RaftServerConfigKeys (ConfUtils.java:logGet(46)) - raft.server.sleep.deviation.threshold = 300ms (default)
2022-11-23 13:29:26,071 [pool-72-thread-1] INFO  server.RaftServer$Division (ServerState.java:<init>(118)) - f7939ee0-8e95-4b39-add6-ba317897dc07@group-9A43DA357A05: ConfigurationManager, init=-1: peers:[6a8ee904-5ab9-4c32-b911-3e68ea38425f|rpc:10.1.0.249:36327|priority:0|startupRole:FOLLOWER, 3a1872ea-adb8-40a7-8f64-b5952ddb9b5f|rpc:10.1.0.249:36863|priority:1|startupRole:FOLLOWER, f7939ee0-8e95-4b39-add6-ba317897dc07|rpc:10.1.0.249:38319|priority:0|startupRole:FOLLOWER]|listeners:[], old=null, confs=<EMPTY_MAP>
2022-11-23 13:29:26,071 [pool-72-thread-1] INFO  server.RaftServerConfigKeys (ConfUtils.java:logGet(46)) - raft.server.storage.dir = [/home/runner/work/ozone/ozone/hadoop-ozone/integration-test/target/test-dir/MiniOzoneClusterImpl-eee7442c-9747-40b9-9476-ee0de7f6c5d3/datanode-0/data/ratis] (custom)
2022-11-23 13:29:26,071 [pool-72-thread-1] INFO  server.RaftServerConfigKeys (ConfUtils.java:logGet(46)) - raft.server.log.corruption.policy = EXCEPTION (default)
2022-11-23 13:29:26,071 [pool-72-thread-1] INFO  server.RaftServerConfigKeys (ConfUtils.java:logGet(46)) - raft.server.storage.free-space.min = 0MB (=0) (default)
2022-11-23 13:29:26,072 [pool-72-thread-1] INFO  server.RaftServerConfigKeys (ConfUtils.java:logGet(46)) - raft.server.notification.no-leader.timeout = 300s (custom)
2022-11-23 13:29:26,072 [pool-72-thread-1] INFO  server.RaftServerConfigKeys (ConfUtils.java:logGet(46)) - raft.server.retrycache.expirytime = 600000ms (custom)
2022-11-23 13:29:26,072 [pool-72-thread-1] INFO  server.RaftServerConfigKeys (ConfUtils.java:logGet(46)) - raft.server.retrycache.statistics.expirytime = 100μs (default)
2022-11-23 13:29:26,078 [pool-72-thread-1] INFO  server.RaftServerConfigKeys (ConfUtils.java:logGet(46)) - raft.server.log.appender.install.snapshot.enabled = false (custom)
2022-11-23 13:29:26,078 [pool-72-thread-1] INFO  server.RaftServerConfigKeys (ConfUtils.java:logGet(46)) - raft.server.threadpool.server.cached = true (default)
2022-11-23 13:29:26,078 [pool-72-thread-1] INFO  server.RaftServerConfigKeys (ConfUtils.java:logGet(46)) - raft.server.threadpool.server.size = 0 (default)
2022-11-23 13:29:26,079 [pool-72-thread-1] INFO  server.RaftServerConfigKeys (ConfUtils.java:logGet(46)) - raft.server.threadpool.client.cached = true (default)
2022-11-23 13:29:26,079 [pool-72-thread-1] INFO  server.RaftServerConfigKeys (ConfUtils.java:logGet(46)) - raft.server.threadpool.client.size = 0 (default)
2022-11-23 13:29:26,079 [pool-72-thread-1] INFO  storage.RaftStorageDirectory (RaftStorageDirectoryImpl.java:analyzeStorage(137)) - The storage directory /home/runner/work/ozone/ozone/hadoop-ozone/integration-test/target/test-dir/MiniOzoneClusterImpl-eee7442c-9747-40b9-9476-ee0de7f6c5d3/datanode-0/data/ratis/b20da5f3-ab6f-4bbd-a3b2-9a43da357a05 does not exist. Creating ...
2022-11-23 13:29:26,081 [pool-72-thread-1] INFO  storage.RaftStorageDirectory (RaftStorageDirectoryImpl.java:tryLock(231)) - Lock on /home/runner/work/ozone/ozone/hadoop-ozone/integration-test/target/test-dir/MiniOzoneClusterImpl-eee7442c-9747-40b9-9476-ee0de7f6c5d3/datanode-0/data/ratis/b20da5f3-ab6f-4bbd-a3b2-9a43da357a05/in_use.lock acquired by nodename 5092@fv-az449-73
2022-11-23 13:29:26,083 [pool-72-thread-1] INFO  storage.RaftStorage (RaftStorageImpl.java:format(96)) - Storage directory /home/runner/work/ozone/ozone/hadoop-ozone/integration-test/target/test-dir/MiniOzoneClusterImpl-eee7442c-9747-40b9-9476-ee0de7f6c5d3/datanode-0/data/ratis/b20da5f3-ab6f-4bbd-a3b2-9a43da357a05 has been successfully formatted.
2022-11-23 13:29:26,083 [pool-72-thread-1] INFO  ratis.ContainerStateMachine (ContainerStateMachine.java:loadSnapshot(236)) - group-9A43DA357A05: The snapshot info is null. Setting the last applied indexto:(t:0, i:~)
2022-11-23 13:29:26,083 [pool-72-thread-1] INFO  server.RaftServerConfigKeys (ConfUtils.java:logGet(46)) - raft.server.log.use.memory = false (default)
2022-11-23 13:29:26,084 [pool-72-thread-1] INFO  server.RaftServerConfigKeys (ConfUtils.java:logGet(46)) - raft.server.log.purge.gap = 1000000 (custom)
2022-11-23 13:29:26,084 [pool-72-thread-1] INFO  server.RaftServerConfigKeys (ConfUtils.java:logGet(46)) - raft.server.log.appender.buffer.byte-limit = 33554432 (custom)
2022-11-23 13:29:26,084 [pool-72-thread-1] INFO  server.RaftServerConfigKeys (ConfUtils.java:logGet(46)) - raft.server.log.statemachine.data.read.timeout = 1000ms (default)
2022-11-23 13:29:26,085 [pool-72-thread-1] INFO  server.RaftServerConfigKeys (ConfUtils.java:logGet(46)) - raft.server.log.purge.preservation.log.num = 0 (default)
2022-11-23 13:29:26,086 [EventQueue-OpenPipelineForHealthyPipelineSafeModeRule] INFO  safemode.SCMSafeModeManager (HealthyPipelineSafeModeRule.java:process(137)) - SCM in safe mode. Healthy pipelines reported count is 0, required healthy pipeline reported count is 1
2022-11-23 13:29:26,094 [pool-72-thread-1] INFO  server.RaftServerConfigKeys (ConfUtils.java:logGet(46)) - raft.server.log.segment.size.max = 1048576 (custom)
2022-11-23 13:29:26,096 [pool-72-thread-1] INFO  server.RaftServerConfigKeys (ConfUtils.java:logGet(46)) - raft.server.log.segment.cache.num.max = 2 (custom)
2022-11-23 13:29:26,096 [pool-72-thread-1] INFO  server.RaftServerConfigKeys (ConfUtils.java:logGet(46)) - raft.server.log.segment.cache.size.max = 200MB (=209715200) (default)
2022-11-23 13:29:26,096 [pool-72-thread-1] INFO  segmented.SegmentedRaftLogWorker (SegmentedRaftLogWorker.java:<init>(191)) - new f7939ee0-8e95-4b39-add6-ba317897dc07@group-9A43DA357A05-SegmentedRaftLogWorker for RaftStorageImpl:Storage Directory /home/runner/work/ozone/ozone/hadoop-ozone/integration-test/target/test-dir/MiniOzoneClusterImpl-eee7442c-9747-40b9-9476-ee0de7f6c5d3/datanode-0/data/ratis/b20da5f3-ab6f-4bbd-a3b2-9a43da357a05
2022-11-23 13:29:26,096 [pool-72-thread-1] INFO  server.RaftServerConfigKeys (ConfUtils.java:logGet(46)) - raft.server.log.queue.byte-limit = 4294967296 (custom)
2022-11-23 13:29:26,096 [pool-72-thread-1] INFO  server.RaftServerConfigKeys (ConfUtils.java:logGet(46)) - raft.server.log.queue.element-limit = 1024 (custom)
2022-11-23 13:29:26,097 [pool-72-thread-1] INFO  server.RaftServerConfigKeys (ConfUtils.java:logGet(46)) - raft.server.log.segment.size.max = 1048576 (custom)
2022-11-23 13:29:26,097 [pool-72-thread-1] INFO  server.RaftServerConfigKeys (ConfUtils.java:logGet(46)) - raft.server.log.preallocated.size = 16384 (custom)
2022-11-23 13:29:26,097 [pool-72-thread-1] INFO  server.RaftServerConfigKeys (ConfUtils.java:logGet(46)) - raft.server.log.force.sync.num = 128 (default)
2022-11-23 13:29:26,097 [pool-72-thread-1] INFO  server.RaftServerConfigKeys (ConfUtils.java:logGet(46)) - raft.server.log.statemachine.data.sync = true (default)
2022-11-23 13:29:26,097 [pool-72-thread-1] INFO  server.RaftServerConfigKeys (ConfUtils.java:logGet(46)) - raft.server.log.statemachine.data.sync.timeout = 10s (default)
2022-11-23 13:29:26,099 [pool-72-thread-1] INFO  server.RaftServerConfigKeys (ConfUtils.java:logGet(46)) - raft.server.log.statemachine.data.sync.timeout.retry = -1 (default)
2022-11-23 13:29:26,101 [pool-72-thread-1] INFO  server.RaftServerConfigKeys (ConfUtils.java:logGet(46)) - raft.server.log.write.buffer.size = 1048576 (custom)
2022-11-23 13:29:26,102 [pool-72-thread-1] INFO  server.RaftServerConfigKeys (ConfUtils.java:logGet(46)) - raft.server.log.unsafe-flush.enabled = false (default)
2022-11-23 13:29:26,102 [pool-72-thread-1] INFO  server.RaftServerConfigKeys (ConfUtils.java:logGet(46)) - raft.server.log.async-flush.enabled = false (default)
2022-11-23 13:29:26,102 [pool-72-thread-1] INFO  server.RaftServerConfigKeys (ConfUtils.java:logGet(46)) - raft.server.log.statemachine.data.caching.enabled = true (custom)
2022-11-23 13:29:26,104 [pool-72-thread-1] INFO  segmented.SegmentedRaftLogWorker (SegmentedRaftLogWorker.java:lambda$new$0(136)) - f7939ee0-8e95-4b39-add6-ba317897dc07@group-9A43DA357A05-SegmentedRaftLogWorker: flushIndex: setUnconditionally 0 -> -1
2022-11-23 13:29:26,104 [pool-72-thread-1] INFO  segmented.SegmentedRaftLogWorker (SegmentedRaftLogWorker.java:lambda$new$0(136)) - f7939ee0-8e95-4b39-add6-ba317897dc07@group-9A43DA357A05-SegmentedRaftLogWorker: safeCacheEvictIndex: setUnconditionally 0 -> -1
2022-11-23 13:29:26,104 [pool-72-thread-1] INFO  server.RaftServer$Division (RaftServerImpl.java:start(334)) - f7939ee0-8e95-4b39-add6-ba317897dc07@group-9A43DA357A05: start as a follower, conf=-1: peers:[6a8ee904-5ab9-4c32-b911-3e68ea38425f|rpc:10.1.0.249:36327|priority:0|startupRole:FOLLOWER, 3a1872ea-adb8-40a7-8f64-b5952ddb9b5f|rpc:10.1.0.249:36863|priority:1|startupRole:FOLLOWER, f7939ee0-8e95-4b39-add6-ba317897dc07|rpc:10.1.0.249:38319|priority:0|startupRole:FOLLOWER]|listeners:[], old=null
2022-11-23 13:29:26,104 [pool-72-thread-1] INFO  server.RaftServer$Division (RaftServerImpl.java:setRole(321)) - f7939ee0-8e95-4b39-add6-ba317897dc07@group-9A43DA357A05: changes role from      null to FOLLOWER at term 0 for startAsFollower
2022-11-23 13:29:26,104 [pool-72-thread-1] INFO  impl.RoleInfo (RoleInfo.java:updateAndGet(139)) - f7939ee0-8e95-4b39-add6-ba317897dc07: start f7939ee0-8e95-4b39-add6-ba317897dc07@group-9A43DA357A05-FollowerState
2022-11-23 13:29:26,106 [f7939ee0-8e95-4b39-add6-ba317897dc07@group-9A43DA357A05-FollowerState] INFO  server.RaftServerConfigKeys (ConfUtils.java:logFallback(53)) - raft.server.rpc.first-election.timeout.min = 5s (fallback to raft.server.rpc.timeout.min)
2022-11-23 13:29:26,107 [pool-72-thread-1] INFO  util.JmxRegister (JmxRegister.java:tryRegister(44)) - Successfully registered JMX Bean with object name Ratis:service=RaftServer,group=group-9A43DA357A05,id=f7939ee0-8e95-4b39-add6-ba317897dc07
2022-11-23 13:29:26,107 [f7939ee0-8e95-4b39-add6-ba317897dc07@group-9A43DA357A05-FollowerState] INFO  server.RaftServerConfigKeys (ConfUtils.java:logFallback(53)) - raft.server.rpc.first-election.timeout.max = 5200ms (fallback to raft.server.rpc.timeout.max)
2022-11-23 13:29:26,107 [pool-72-thread-1] INFO  server.RaftServerConfigKeys (ConfUtils.java:logGet(46)) - raft.server.snapshot.auto.trigger.enabled = true (custom)
2022-11-23 13:29:26,107 [pool-72-thread-1] INFO  server.RaftServerConfigKeys (ConfUtils.java:logGet(46)) - raft.server.snapshot.auto.trigger.threshold = 10000 (custom)
2022-11-23 13:29:26,107 [pool-72-thread-1] INFO  server.RaftServerConfigKeys (ConfUtils.java:logGet(46)) - raft.server.snapshot.retention.file.num = 5 (custom)
2022-11-23 13:29:26,107 [pool-72-thread-1] INFO  server.RaftServerConfigKeys (ConfUtils.java:logGet(46)) - raft.server.log.purge.upto.snapshot.index = false (default)
2022-11-23 13:29:26,108 [Command processor thread] INFO  ratis.XceiverServerRatis (XceiverServerRatis.java:addGroup(765)) - Created group PipelineID=b20da5f3-ab6f-4bbd-a3b2-9a43da357a05
2022-11-23 13:29:26,596 [Command processor thread] INFO  server.RaftServer (RaftServerProxy.java:addNew(96)) - 6a8ee904-5ab9-4c32-b911-3e68ea38425f: addNew group-E67AC4275852:[6a8ee904-5ab9-4c32-b911-3e68ea38425f|rpc:10.1.0.249:36327|priority:1|startupRole:FOLLOWER] returns group-E67AC4275852:java.util.concurrent.CompletableFuture@7dec2945[Not completed]
2022-11-23 13:29:26,612 [pool-95-thread-1] INFO  server.RaftServer$Division (RaftServerImpl.java:<init>(195)) - 6a8ee904-5ab9-4c32-b911-3e68ea38425f: new RaftServerImpl for group-E67AC4275852:[6a8ee904-5ab9-4c32-b911-3e68ea38425f|rpc:10.1.0.249:36327|priority:1|startupRole:FOLLOWER] with ContainerStateMachine:uninitialized
2022-11-23 13:29:26,612 [pool-95-thread-1] INFO  server.RaftServerConfigKeys (ConfUtils.java:logGet(46)) - raft.server.rpc.timeout.min = 5s (custom)
2022-11-23 13:29:26,612 [pool-95-thread-1] INFO  server.RaftServerConfigKeys (ConfUtils.java:logGet(46)) - raft.server.rpc.timeout.max = 5200ms (custom)
2022-11-23 13:29:26,612 [pool-95-thread-1] INFO  server.RaftServerConfigKeys (ConfUtils.java:logGet(46)) - raft.server.rpc.sleep.time = 25ms (default)
2022-11-23 13:29:26,612 [pool-95-thread-1] INFO  server.RaftServerConfigKeys (ConfUtils.java:logGet(46)) - raft.server.rpc.slowness.timeout = 300s (custom)
2022-11-23 13:29:26,612 [pool-95-thread-1] INFO  server.RaftServerConfigKeys (ConfUtils.java:logGet(46)) - raft.server.leaderelection.leader.step-down.wait-time = 10s (default)
2022-11-23 13:29:26,612 [pool-95-thread-1] INFO  server.RaftServerConfigKeys (ConfUtils.java:logGet(46)) - raft.server.sleep.deviation.threshold = 300ms (default)
2022-11-23 13:29:26,613 [pool-95-thread-1] INFO  server.RaftServer$Division (ServerState.java:<init>(118)) - 6a8ee904-5ab9-4c32-b911-3e68ea38425f@group-E67AC4275852: ConfigurationManager, init=-1: peers:[6a8ee904-5ab9-4c32-b911-3e68ea38425f|rpc:10.1.0.249:36327|priority:1|startupRole:FOLLOWER]|listeners:[], old=null, confs=<EMPTY_MAP>
2022-11-23 13:29:26,613 [pool-95-thread-1] INFO  server.RaftServerConfigKeys (ConfUtils.java:logGet(46)) - raft.server.storage.dir = [/home/runner/work/ozone/ozone/hadoop-ozone/integration-test/target/test-dir/MiniOzoneClusterImpl-eee7442c-9747-40b9-9476-ee0de7f6c5d3/datanode-1/data/ratis] (custom)
2022-11-23 13:29:26,614 [pool-95-thread-1] INFO  server.RaftServerConfigKeys (ConfUtils.java:logGet(46)) - raft.server.log.corruption.policy = EXCEPTION (default)
2022-11-23 13:29:26,614 [pool-95-thread-1] INFO  server.RaftServerConfigKeys (ConfUtils.java:logGet(46)) - raft.server.storage.free-space.min = 0MB (=0) (default)
2022-11-23 13:29:26,614 [pool-95-thread-1] INFO  server.RaftServerConfigKeys (ConfUtils.java:logGet(46)) - raft.server.notification.no-leader.timeout = 300s (custom)
2022-11-23 13:29:26,614 [pool-95-thread-1] INFO  server.RaftServerConfigKeys (ConfUtils.java:logGet(46)) - raft.server.retrycache.expirytime = 600000ms (custom)
2022-11-23 13:29:26,614 [pool-95-thread-1] INFO  server.RaftServerConfigKeys (ConfUtils.java:logGet(46)) - raft.server.retrycache.statistics.expirytime = 100μs (default)
2022-11-23 13:29:26,620 [pool-95-thread-1] INFO  server.RaftServerConfigKeys (ConfUtils.java:logGet(46)) - raft.server.log.appender.install.snapshot.enabled = false (custom)
2022-11-23 13:29:26,620 [pool-95-thread-1] INFO  server.RaftServerConfigKeys (ConfUtils.java:logGet(46)) - raft.server.threadpool.server.cached = true (default)
2022-11-23 13:29:26,620 [pool-95-thread-1] INFO  server.RaftServerConfigKeys (ConfUtils.java:logGet(46)) - raft.server.threadpool.server.size = 0 (default)
2022-11-23 13:29:26,620 [pool-95-thread-1] INFO  server.RaftServerConfigKeys (ConfUtils.java:logGet(46)) - raft.server.threadpool.client.cached = true (default)
2022-11-23 13:29:26,620 [pool-95-thread-1] INFO  server.RaftServerConfigKeys (ConfUtils.java:logGet(46)) - raft.server.threadpool.client.size = 0 (default)
2022-11-23 13:29:26,621 [pool-95-thread-1] INFO  storage.RaftStorageDirectory (RaftStorageDirectoryImpl.java:analyzeStorage(137)) - The storage directory /home/runner/work/ozone/ozone/hadoop-ozone/integration-test/target/test-dir/MiniOzoneClusterImpl-eee7442c-9747-40b9-9476-ee0de7f6c5d3/datanode-1/data/ratis/66704b17-3373-4c88-8ef7-e67ac4275852 does not exist. Creating ...
2022-11-23 13:29:26,627 [pool-95-thread-1] INFO  storage.RaftStorageDirectory (RaftStorageDirectoryImpl.java:tryLock(231)) - Lock on /home/runner/work/ozone/ozone/hadoop-ozone/integration-test/target/test-dir/MiniOzoneClusterImpl-eee7442c-9747-40b9-9476-ee0de7f6c5d3/datanode-1/data/ratis/66704b17-3373-4c88-8ef7-e67ac4275852/in_use.lock acquired by nodename 5092@fv-az449-73
2022-11-23 13:29:26,629 [pool-95-thread-1] INFO  storage.RaftStorage (RaftStorageImpl.java:format(96)) - Storage directory /home/runner/work/ozone/ozone/hadoop-ozone/integration-test/target/test-dir/MiniOzoneClusterImpl-eee7442c-9747-40b9-9476-ee0de7f6c5d3/datanode-1/data/ratis/66704b17-3373-4c88-8ef7-e67ac4275852 has been successfully formatted.
2022-11-23 13:29:26,631 [pool-95-thread-1] INFO  ratis.ContainerStateMachine (ContainerStateMachine.java:loadSnapshot(236)) - group-E67AC4275852: The snapshot info is null. Setting the last applied indexto:(t:0, i:~)
2022-11-23 13:29:26,632 [pool-95-thread-1] INFO  server.RaftServerConfigKeys (ConfUtils.java:logGet(46)) - raft.server.log.use.memory = false (default)
2022-11-23 13:29:26,632 [pool-95-thread-1] INFO  server.RaftServerConfigKeys (ConfUtils.java:logGet(46)) - raft.server.log.purge.gap = 1000000 (custom)
2022-11-23 13:29:26,632 [pool-95-thread-1] INFO  server.RaftServerConfigKeys (ConfUtils.java:logGet(46)) - raft.server.log.appender.buffer.byte-limit = 33554432 (custom)
2022-11-23 13:29:26,632 [pool-95-thread-1] INFO  server.RaftServerConfigKeys (ConfUtils.java:logGet(46)) - raft.server.log.statemachine.data.read.timeout = 1000ms (default)
2022-11-23 13:29:26,632 [pool-95-thread-1] INFO  server.RaftServerConfigKeys (ConfUtils.java:logGet(46)) - raft.server.log.purge.preservation.log.num = 0 (default)
2022-11-23 13:29:26,632 [pool-95-thread-1] INFO  server.RaftServerConfigKeys (ConfUtils.java:logGet(46)) - raft.server.log.segment.size.max = 1048576 (custom)
2022-11-23 13:29:26,633 [pool-95-thread-1] INFO  server.RaftServerConfigKeys (ConfUtils.java:logGet(46)) - raft.server.log.segment.cache.num.max = 2 (custom)
2022-11-23 13:29:26,633 [pool-95-thread-1] INFO  server.RaftServerConfigKeys (ConfUtils.java:logGet(46)) - raft.server.log.segment.cache.size.max = 200MB (=209715200) (default)
2022-11-23 13:29:26,633 [pool-95-thread-1] INFO  segmented.SegmentedRaftLogWorker (SegmentedRaftLogWorker.java:<init>(191)) - new 6a8ee904-5ab9-4c32-b911-3e68ea38425f@group-E67AC4275852-SegmentedRaftLogWorker for RaftStorageImpl:Storage Directory /home/runner/work/ozone/ozone/hadoop-ozone/integration-test/target/test-dir/MiniOzoneClusterImpl-eee7442c-9747-40b9-9476-ee0de7f6c5d3/datanode-1/data/ratis/66704b17-3373-4c88-8ef7-e67ac4275852
2022-11-23 13:29:26,633 [pool-95-thread-1] INFO  server.RaftServerConfigKeys (ConfUtils.java:logGet(46)) - raft.server.log.queue.byte-limit = 4294967296 (custom)
2022-11-23 13:29:26,633 [pool-95-thread-1] INFO  server.RaftServerConfigKeys (ConfUtils.java:logGet(46)) - raft.server.log.queue.element-limit = 1024 (custom)
2022-11-23 13:29:26,633 [pool-95-thread-1] INFO  server.RaftServerConfigKeys (ConfUtils.java:logGet(46)) - raft.server.log.segment.size.max = 1048576 (custom)
2022-11-23 13:29:26,633 [pool-95-thread-1] INFO  server.RaftServerConfigKeys (ConfUtils.java:logGet(46)) - raft.server.log.preallocated.size = 16384 (custom)
2022-11-23 13:29:26,633 [pool-95-thread-1] INFO  server.RaftServerConfigKeys (ConfUtils.java:logGet(46)) - raft.server.log.force.sync.num = 128 (default)
2022-11-23 13:29:26,633 [pool-95-thread-1] INFO  server.RaftServerConfigKeys (ConfUtils.java:logGet(46)) - raft.server.log.statemachine.data.sync = true (default)
2022-11-23 13:29:26,633 [pool-95-thread-1] INFO  server.RaftServerConfigKeys (ConfUtils.java:logGet(46)) - raft.server.log.statemachine.data.sync.timeout = 10s (default)
2022-11-23 13:29:26,633 [pool-95-thread-1] INFO  server.RaftServerConfigKeys (ConfUtils.java:logGet(46)) - raft.server.log.statemachine.data.sync.timeout.retry = -1 (default)
2022-11-23 13:29:26,634 [pool-95-thread-1] INFO  server.RaftServerConfigKeys (ConfUtils.java:logGet(46)) - raft.server.log.write.buffer.size = 1048576 (custom)
2022-11-23 13:29:26,635 [pool-95-thread-1] INFO  server.RaftServerConfigKeys (ConfUtils.java:logGet(46)) - raft.server.log.unsafe-flush.enabled = false (default)
2022-11-23 13:29:26,635 [pool-95-thread-1] INFO  server.RaftServerConfigKeys (ConfUtils.java:logGet(46)) - raft.server.log.async-flush.enabled = false (default)
2022-11-23 13:29:26,635 [pool-95-thread-1] INFO  server.RaftServerConfigKeys (ConfUtils.java:logGet(46)) - raft.server.log.statemachine.data.caching.enabled = true (custom)
2022-11-23 13:29:26,636 [pool-95-thread-1] INFO  segmented.SegmentedRaftLogWorker (SegmentedRaftLogWorker.java:lambda$new$0(136)) - 6a8ee904-5ab9-4c32-b911-3e68ea38425f@group-E67AC4275852-SegmentedRaftLogWorker: flushIndex: setUnconditionally 0 -> -1
2022-11-23 13:29:26,636 [pool-95-thread-1] INFO  segmented.SegmentedRaftLogWorker (SegmentedRaftLogWorker.java:lambda$new$0(136)) - 6a8ee904-5ab9-4c32-b911-3e68ea38425f@group-E67AC4275852-SegmentedRaftLogWorker: safeCacheEvictIndex: setUnconditionally 0 -> -1
2022-11-23 13:29:26,645 [pool-95-thread-1] INFO  server.RaftServer$Division (RaftServerImpl.java:start(334)) - 6a8ee904-5ab9-4c32-b911-3e68ea38425f@group-E67AC4275852: start as a follower, conf=-1: peers:[6a8ee904-5ab9-4c32-b911-3e68ea38425f|rpc:10.1.0.249:36327|priority:1|startupRole:FOLLOWER]|listeners:[], old=null
2022-11-23 13:29:26,645 [pool-95-thread-1] INFO  server.RaftServer$Division (RaftServerImpl.java:setRole(321)) - 6a8ee904-5ab9-4c32-b911-3e68ea38425f@group-E67AC4275852: changes role from      null to FOLLOWER at term 0 for startAsFollower
2022-11-23 13:29:26,645 [pool-95-thread-1] INFO  impl.RoleInfo (RoleInfo.java:updateAndGet(139)) - 6a8ee904-5ab9-4c32-b911-3e68ea38425f: start 6a8ee904-5ab9-4c32-b911-3e68ea38425f@group-E67AC4275852-FollowerState
2022-11-23 13:29:26,645 [pool-95-thread-1] INFO  util.JmxRegister (JmxRegister.java:tryRegister(44)) - Successfully registered JMX Bean with object name Ratis:service=RaftServer,group=group-E67AC4275852,id=6a8ee904-5ab9-4c32-b911-3e68ea38425f
2022-11-23 13:29:26,654 [pool-95-thread-1] INFO  server.RaftServerConfigKeys (ConfUtils.java:logGet(46)) - raft.server.snapshot.auto.trigger.enabled = true (custom)
2022-11-23 13:29:26,654 [pool-95-thread-1] INFO  server.RaftServerConfigKeys (ConfUtils.java:logGet(46)) - raft.server.snapshot.auto.trigger.threshold = 10000 (custom)
2022-11-23 13:29:26,655 [6a8ee904-5ab9-4c32-b911-3e68ea38425f@group-E67AC4275852-FollowerState] INFO  server.RaftServerConfigKeys (ConfUtils.java:logFallback(53)) - raft.server.rpc.first-election.timeout.min = 5s (fallback to raft.server.rpc.timeout.min)
2022-11-23 13:29:26,655 [6a8ee904-5ab9-4c32-b911-3e68ea38425f@group-E67AC4275852-FollowerState] INFO  server.RaftServerConfigKeys (ConfUtils.java:logFallback(53)) - raft.server.rpc.first-election.timeout.max = 5200ms (fallback to raft.server.rpc.timeout.max)
2022-11-23 13:29:26,655 [pool-95-thread-1] INFO  server.RaftServerConfigKeys (ConfUtils.java:logGet(46)) - raft.server.snapshot.retention.file.num = 5 (custom)
2022-11-23 13:29:26,656 [pool-95-thread-1] INFO  server.RaftServerConfigKeys (ConfUtils.java:logGet(46)) - raft.server.log.purge.upto.snapshot.index = false (default)
2022-11-23 13:29:26,657 [EventQueue-PipelineReportForPipelineReportHandler] INFO  pipeline.PipelineManagerImpl (PipelineManagerImpl.java:openPipeline(367)) - Pipeline Pipeline[ Id: 66704b17-3373-4c88-8ef7-e67ac4275852, Nodes: 6a8ee904-5ab9-4c32-b911-3e68ea38425f{ip: 10.1.0.249, host: fv-az449-73.jvjgdiodbn4ungrcbaap0pmvbb.dx.internal.cloudapp.net, ports: [REPLICATION=41365, RATIS=36327, RATIS_ADMIN=36327, RATIS_SERVER=36327, STANDALONE=46851], networkLocation: /default-rack, certSerialId: null, persistedOpState: IN_SERVICE, persistedOpStateExpiryEpochSec: 0}, ReplicationConfig: RATIS/ONE, State:ALLOCATED, leaderId:6a8ee904-5ab9-4c32-b911-3e68ea38425f, CreationTimestamp2022-11-23T13:29:23.603Z[Etc/UTC]] moved to OPEN state
2022-11-23 13:29:26,658 [EventQueue-OpenPipelineForHealthyPipelineSafeModeRule] INFO  safemode.SCMSafeModeManager (HealthyPipelineSafeModeRule.java:process(137)) - SCM in safe mode. Healthy pipelines reported count is 0, required healthy pipeline reported count is 1
2022-11-23 13:29:26,658 [Command processor thread] INFO  ratis.XceiverServerRatis (XceiverServerRatis.java:addGroup(765)) - Created group PipelineID=66704b17-3373-4c88-8ef7-e67ac4275852
2022-11-23 13:29:26,668 [Command processor thread] INFO  commandhandler.CreatePipelineCommandHandler (CreatePipelineCommandHandler.java:handle(113)) - Created Pipeline RATIS ONE PipelineID=66704b17-3373-4c88-8ef7-e67ac4275852.
2022-11-23 13:29:26,669 [Command processor thread] INFO  server.RaftServer (RaftServerProxy.java:addNew(96)) - 6a8ee904-5ab9-4c32-b911-3e68ea38425f: addNew group-9A43DA357A05:[6a8ee904-5ab9-4c32-b911-3e68ea38425f|rpc:10.1.0.249:36327|priority:0|startupRole:FOLLOWER, 3a1872ea-adb8-40a7-8f64-b5952ddb9b5f|rpc:10.1.0.249:36863|priority:1|startupRole:FOLLOWER, f7939ee0-8e95-4b39-add6-ba317897dc07|rpc:10.1.0.249:38319|priority:0|startupRole:FOLLOWER] returns group-9A43DA357A05:java.util.concurrent.CompletableFuture@79d3b220[Not completed]
2022-11-23 13:29:26,670 [pool-95-thread-1] INFO  server.RaftServer$Division (RaftServerImpl.java:<init>(195)) - 6a8ee904-5ab9-4c32-b911-3e68ea38425f: new RaftServerImpl for group-9A43DA357A05:[6a8ee904-5ab9-4c32-b911-3e68ea38425f|rpc:10.1.0.249:36327|priority:0|startupRole:FOLLOWER, 3a1872ea-adb8-40a7-8f64-b5952ddb9b5f|rpc:10.1.0.249:36863|priority:1|startupRole:FOLLOWER, f7939ee0-8e95-4b39-add6-ba317897dc07|rpc:10.1.0.249:38319|priority:0|startupRole:FOLLOWER] with ContainerStateMachine:uninitialized
2022-11-23 13:29:26,670 [pool-95-thread-1] INFO  server.RaftServerConfigKeys (ConfUtils.java:logGet(46)) - raft.server.rpc.timeout.min = 5s (custom)
2022-11-23 13:29:26,671 [pool-95-thread-1] INFO  server.RaftServerConfigKeys (ConfUtils.java:logGet(46)) - raft.server.rpc.timeout.max = 5200ms (custom)
2022-11-23 13:29:26,671 [pool-95-thread-1] INFO  server.RaftServerConfigKeys (ConfUtils.java:logGet(46)) - raft.server.rpc.sleep.time = 25ms (default)
2022-11-23 13:29:26,671 [pool-95-thread-1] INFO  server.RaftServerConfigKeys (ConfUtils.java:logGet(46)) - raft.server.rpc.slowness.timeout = 300s (custom)
2022-11-23 13:29:26,671 [pool-95-thread-1] INFO  server.RaftServerConfigKeys (ConfUtils.java:logGet(46)) - raft.server.leaderelection.leader.step-down.wait-time = 10s (default)
2022-11-23 13:29:26,671 [pool-95-thread-1] INFO  server.RaftServerConfigKeys (ConfUtils.java:logGet(46)) - raft.server.sleep.deviation.threshold = 300ms (default)
2022-11-23 13:29:26,671 [pool-95-thread-1] INFO  server.RaftServer$Division (ServerState.java:<init>(118)) - 6a8ee904-5ab9-4c32-b911-3e68ea38425f@group-9A43DA357A05: ConfigurationManager, init=-1: peers:[6a8ee904-5ab9-4c32-b911-3e68ea38425f|rpc:10.1.0.249:36327|priority:0|startupRole:FOLLOWER, 3a1872ea-adb8-40a7-8f64-b5952ddb9b5f|rpc:10.1.0.249:36863|priority:1|startupRole:FOLLOWER, f7939ee0-8e95-4b39-add6-ba317897dc07|rpc:10.1.0.249:38319|priority:0|startupRole:FOLLOWER]|listeners:[], old=null, confs=<EMPTY_MAP>
2022-11-23 13:29:26,671 [pool-95-thread-1] INFO  server.RaftServerConfigKeys (ConfUtils.java:logGet(46)) - raft.server.storage.dir = [/home/runner/work/ozone/ozone/hadoop-ozone/integration-test/target/test-dir/MiniOzoneClusterImpl-eee7442c-9747-40b9-9476-ee0de7f6c5d3/datanode-1/data/ratis] (custom)
2022-11-23 13:29:26,671 [pool-95-thread-1] INFO  server.RaftServerConfigKeys (ConfUtils.java:logGet(46)) - raft.server.log.corruption.policy = EXCEPTION (default)
2022-11-23 13:29:26,671 [pool-95-thread-1] INFO  server.RaftServerConfigKeys (ConfUtils.java:logGet(46)) - raft.server.storage.free-space.min = 0MB (=0) (default)
2022-11-23 13:29:26,671 [pool-95-thread-1] INFO  server.RaftServerConfigKeys (ConfUtils.java:logGet(46)) - raft.server.notification.no-leader.timeout = 300s (custom)
2022-11-23 13:29:26,671 [pool-95-thread-1] INFO  server.RaftServerConfigKeys (ConfUtils.java:logGet(46)) - raft.server.retrycache.expirytime = 600000ms (custom)
2022-11-23 13:29:26,671 [pool-95-thread-1] INFO  server.RaftServerConfigKeys (ConfUtils.java:logGet(46)) - raft.server.retrycache.statistics.expirytime = 100μs (default)
2022-11-23 13:29:26,676 [pool-95-thread-1] INFO  server.RaftServerConfigKeys (ConfUtils.java:logGet(46)) - raft.server.log.appender.install.snapshot.enabled = false (custom)
2022-11-23 13:29:26,677 [pool-95-thread-1] INFO  server.RaftServerConfigKeys (ConfUtils.java:logGet(46)) - raft.server.threadpool.server.cached = true (default)
2022-11-23 13:29:26,678 [pool-95-thread-1] INFO  server.RaftServerConfigKeys (ConfUtils.java:logGet(46)) - raft.server.threadpool.server.size = 0 (default)
2022-11-23 13:29:26,678 [pool-95-thread-1] INFO  server.RaftServerConfigKeys (ConfUtils.java:logGet(46)) - raft.server.threadpool.client.cached = true (default)
2022-11-23 13:29:26,678 [pool-95-thread-1] INFO  server.RaftServerConfigKeys (ConfUtils.java:logGet(46)) - raft.server.threadpool.client.size = 0 (default)
2022-11-23 13:29:26,678 [pool-95-thread-1] INFO  storage.RaftStorageDirectory (RaftStorageDirectoryImpl.java:analyzeStorage(137)) - The storage directory /home/runner/work/ozone/ozone/hadoop-ozone/integration-test/target/test-dir/MiniOzoneClusterImpl-eee7442c-9747-40b9-9476-ee0de7f6c5d3/datanode-1/data/ratis/b20da5f3-ab6f-4bbd-a3b2-9a43da357a05 does not exist. Creating ...
2022-11-23 13:29:26,680 [pool-95-thread-1] INFO  storage.RaftStorageDirectory (RaftStorageDirectoryImpl.java:tryLock(231)) - Lock on /home/runner/work/ozone/ozone/hadoop-ozone/integration-test/target/test-dir/MiniOzoneClusterImpl-eee7442c-9747-40b9-9476-ee0de7f6c5d3/datanode-1/data/ratis/b20da5f3-ab6f-4bbd-a3b2-9a43da357a05/in_use.lock acquired by nodename 5092@fv-az449-73
2022-11-23 13:29:26,683 [pool-95-thread-1] INFO  storage.RaftStorage (RaftStorageImpl.java:format(96)) - Storage directory /home/runner/work/ozone/ozone/hadoop-ozone/integration-test/target/test-dir/MiniOzoneClusterImpl-eee7442c-9747-40b9-9476-ee0de7f6c5d3/datanode-1/data/ratis/b20da5f3-ab6f-4bbd-a3b2-9a43da357a05 has been successfully formatted.
2022-11-23 13:29:26,683 [pool-95-thread-1] INFO  ratis.ContainerStateMachine (ContainerStateMachine.java:loadSnapshot(236)) - group-9A43DA357A05: The snapshot info is null. Setting the last applied indexto:(t:0, i:~)
2022-11-23 13:29:26,683 [pool-95-thread-1] INFO  server.RaftServerConfigKeys (ConfUtils.java:logGet(46)) - raft.server.log.use.memory = false (default)
2022-11-23 13:29:26,683 [pool-95-thread-1] INFO  server.RaftServerConfigKeys (ConfUtils.java:logGet(46)) - raft.server.log.purge.gap = 1000000 (custom)
2022-11-23 13:29:26,684 [pool-95-thread-1] INFO  server.RaftServerConfigKeys (ConfUtils.java:logGet(46)) - raft.server.log.appender.buffer.byte-limit = 33554432 (custom)
2022-11-23 13:29:26,684 [pool-95-thread-1] INFO  server.RaftServerConfigKeys (ConfUtils.java:logGet(46)) - raft.server.log.statemachine.data.read.timeout = 1000ms (default)
2022-11-23 13:29:26,684 [pool-95-thread-1] INFO  server.RaftServerConfigKeys (ConfUtils.java:logGet(46)) - raft.server.log.purge.preservation.log.num = 0 (default)
2022-11-23 13:29:26,684 [pool-95-thread-1] INFO  server.RaftServerConfigKeys (ConfUtils.java:logGet(46)) - raft.server.log.segment.size.max = 1048576 (custom)
2022-11-23 13:29:26,693 [pool-95-thread-1] INFO  server.RaftServerConfigKeys (ConfUtils.java:logGet(46)) - raft.server.log.segment.cache.num.max = 2 (custom)
2022-11-23 13:29:26,693 [pool-95-thread-1] INFO  server.RaftServerConfigKeys (ConfUtils.java:logGet(46)) - raft.server.log.segment.cache.size.max = 200MB (=209715200) (default)
2022-11-23 13:29:26,694 [pool-95-thread-1] INFO  segmented.SegmentedRaftLogWorker (SegmentedRaftLogWorker.java:<init>(191)) - new 6a8ee904-5ab9-4c32-b911-3e68ea38425f@group-9A43DA357A05-SegmentedRaftLogWorker for RaftStorageImpl:Storage Directory /home/runner/work/ozone/ozone/hadoop-ozone/integration-test/target/test-dir/MiniOzoneClusterImpl-eee7442c-9747-40b9-9476-ee0de7f6c5d3/datanode-1/data/ratis/b20da5f3-ab6f-4bbd-a3b2-9a43da357a05
2022-11-23 13:29:26,694 [pool-95-thread-1] INFO  server.RaftServerConfigKeys (ConfUtils.java:logGet(46)) - raft.server.log.queue.byte-limit = 4294967296 (custom)
2022-11-23 13:29:26,694 [pool-95-thread-1] INFO  server.RaftServerConfigKeys (ConfUtils.java:logGet(46)) - raft.server.log.queue.element-limit = 1024 (custom)
2022-11-23 13:29:26,694 [pool-95-thread-1] INFO  server.RaftServerConfigKeys (ConfUtils.java:logGet(46)) - raft.server.log.segment.size.max = 1048576 (custom)
2022-11-23 13:29:26,694 [pool-95-thread-1] INFO  server.RaftServerConfigKeys (ConfUtils.java:logGet(46)) - raft.server.log.preallocated.size = 16384 (custom)
2022-11-23 13:29:26,694 [pool-95-thread-1] INFO  server.RaftServerConfigKeys (ConfUtils.java:logGet(46)) - raft.server.log.force.sync.num = 128 (default)
2022-11-23 13:29:26,694 [pool-95-thread-1] INFO  server.RaftServerConfigKeys (ConfUtils.java:logGet(46)) - raft.server.log.statemachine.data.sync = true (default)
2022-11-23 13:29:26,694 [pool-95-thread-1] INFO  server.RaftServerConfigKeys (ConfUtils.java:logGet(46)) - raft.server.log.statemachine.data.sync.timeout = 10s (default)
2022-11-23 13:29:26,694 [pool-95-thread-1] INFO  server.RaftServerConfigKeys (ConfUtils.java:logGet(46)) - raft.server.log.statemachine.data.sync.timeout.retry = -1 (default)
2022-11-23 13:29:26,695 [pool-95-thread-1] INFO  server.RaftServerConfigKeys (ConfUtils.java:logGet(46)) - raft.server.log.write.buffer.size = 1048576 (custom)
2022-11-23 13:29:26,701 [pool-95-thread-1] INFO  server.RaftServerConfigKeys (ConfUtils.java:logGet(46)) - raft.server.log.unsafe-flush.enabled = false (default)
2022-11-23 13:29:26,701 [pool-95-thread-1] INFO  server.RaftServerConfigKeys (ConfUtils.java:logGet(46)) - raft.server.log.async-flush.enabled = false (default)
2022-11-23 13:29:26,701 [pool-95-thread-1] INFO  server.RaftServerConfigKeys (ConfUtils.java:logGet(46)) - raft.server.log.statemachine.data.caching.enabled = true (custom)
2022-11-23 13:29:26,701 [pool-95-thread-1] INFO  segmented.SegmentedRaftLogWorker (SegmentedRaftLogWorker.java:lambda$new$0(136)) - 6a8ee904-5ab9-4c32-b911-3e68ea38425f@group-9A43DA357A05-SegmentedRaftLogWorker: flushIndex: setUnconditionally 0 -> -1
2022-11-23 13:29:26,701 [pool-95-thread-1] INFO  segmented.SegmentedRaftLogWorker (SegmentedRaftLogWorker.java:lambda$new$0(136)) - 6a8ee904-5ab9-4c32-b911-3e68ea38425f@group-9A43DA357A05-SegmentedRaftLogWorker: safeCacheEvictIndex: setUnconditionally 0 -> -1
2022-11-23 13:29:26,703 [grpc-default-executor-0] INFO  server.RaftServer (RaftServerProxy.java:addNew(96)) - 3a1872ea-adb8-40a7-8f64-b5952ddb9b5f: addNew group-9A43DA357A05:[6a8ee904-5ab9-4c32-b911-3e68ea38425f|rpc:10.1.0.249:36327|dataStream:|priority:0|startupRole:FOLLOWER, 3a1872ea-adb8-40a7-8f64-b5952ddb9b5f|rpc:10.1.0.249:36863|dataStream:|priority:1|startupRole:FOLLOWER, f7939ee0-8e95-4b39-add6-ba317897dc07|rpc:10.1.0.249:38319|dataStream:|priority:0|startupRole:FOLLOWER] returns group-9A43DA357A05:java.util.concurrent.CompletableFuture@2f2e4022[Not completed]
2022-11-23 13:29:26,705 [pool-118-thread-1] INFO  server.RaftServer$Division (RaftServerImpl.java:<init>(195)) - 3a1872ea-adb8-40a7-8f64-b5952ddb9b5f: new RaftServerImpl for group-9A43DA357A05:[6a8ee904-5ab9-4c32-b911-3e68ea38425f|rpc:10.1.0.249:36327|dataStream:|priority:0|startupRole:FOLLOWER, 3a1872ea-adb8-40a7-8f64-b5952ddb9b5f|rpc:10.1.0.249:36863|dataStream:|priority:1|startupRole:FOLLOWER, f7939ee0-8e95-4b39-add6-ba317897dc07|rpc:10.1.0.249:38319|dataStream:|priority:0|startupRole:FOLLOWER] with ContainerStateMachine:uninitialized
2022-11-23 13:29:26,712 [pool-118-thread-1] INFO  server.RaftServerConfigKeys (ConfUtils.java:logGet(46)) - raft.server.rpc.timeout.min = 5s (custom)
2022-11-23 13:29:26,712 [pool-118-thread-1] INFO  server.RaftServerConfigKeys (ConfUtils.java:logGet(46)) - raft.server.rpc.timeout.max = 5200ms (custom)
2022-11-23 13:29:26,712 [pool-118-thread-1] INFO  server.RaftServerConfigKeys (ConfUtils.java:logGet(46)) - raft.server.rpc.sleep.time = 25ms (default)
2022-11-23 13:29:26,712 [pool-118-thread-1] INFO  server.RaftServerConfigKeys (ConfUtils.java:logGet(46)) - raft.server.rpc.slowness.timeout = 300s (custom)
2022-11-23 13:29:26,712 [pool-118-thread-1] INFO  server.RaftServerConfigKeys (ConfUtils.java:logGet(46)) - raft.server.leaderelection.leader.step-down.wait-time = 10s (default)
2022-11-23 13:29:26,712 [pool-118-thread-1] INFO  server.RaftServerConfigKeys (ConfUtils.java:logGet(46)) - raft.server.sleep.deviation.threshold = 300ms (default)
2022-11-23 13:29:26,713 [pool-118-thread-1] INFO  server.RaftServer$Division (ServerState.java:<init>(118)) - 3a1872ea-adb8-40a7-8f64-b5952ddb9b5f@group-9A43DA357A05: ConfigurationManager, init=-1: peers:[6a8ee904-5ab9-4c32-b911-3e68ea38425f|rpc:10.1.0.249:36327|dataStream:|priority:0|startupRole:FOLLOWER, 3a1872ea-adb8-40a7-8f64-b5952ddb9b5f|rpc:10.1.0.249:36863|dataStream:|priority:1|startupRole:FOLLOWER, f7939ee0-8e95-4b39-add6-ba317897dc07|rpc:10.1.0.249:38319|dataStream:|priority:0|startupRole:FOLLOWER]|listeners:[], old=null, confs=<EMPTY_MAP>
2022-11-23 13:29:26,713 [pool-118-thread-1] INFO  server.RaftServerConfigKeys (ConfUtils.java:logGet(46)) - raft.server.storage.dir = [/home/runner/work/ozone/ozone/hadoop-ozone/integration-test/target/test-dir/MiniOzoneClusterImpl-eee7442c-9747-40b9-9476-ee0de7f6c5d3/datanode-2/data/ratis] (custom)
2022-11-23 13:29:26,713 [pool-118-thread-1] INFO  server.RaftServerConfigKeys (ConfUtils.java:logGet(46)) - raft.server.log.corruption.policy = EXCEPTION (default)
2022-11-23 13:29:26,713 [pool-118-thread-1] INFO  server.RaftServerConfigKeys (ConfUtils.java:logGet(46)) - raft.server.storage.free-space.min = 0MB (=0) (default)
2022-11-23 13:29:26,713 [pool-118-thread-1] INFO  server.RaftServerConfigKeys (ConfUtils.java:logGet(46)) - raft.server.notification.no-leader.timeout = 300s (custom)
2022-11-23 13:29:26,713 [pool-118-thread-1] INFO  server.RaftServerConfigKeys (ConfUtils.java:logGet(46)) - raft.server.retrycache.expirytime = 600000ms (custom)
2022-11-23 13:29:26,713 [pool-118-thread-1] INFO  server.RaftServerConfigKeys (ConfUtils.java:logGet(46)) - raft.server.retrycache.statistics.expirytime = 100μs (default)
2022-11-23 13:29:26,704 [pool-95-thread-1] INFO  server.RaftServer$Division (RaftServerImpl.java:start(334)) - 6a8ee904-5ab9-4c32-b911-3e68ea38425f@group-9A43DA357A05: start as a follower, conf=-1: peers:[6a8ee904-5ab9-4c32-b911-3e68ea38425f|rpc:10.1.0.249:36327|priority:0|startupRole:FOLLOWER, 3a1872ea-adb8-40a7-8f64-b5952ddb9b5f|rpc:10.1.0.249:36863|priority:1|startupRole:FOLLOWER, f7939ee0-8e95-4b39-add6-ba317897dc07|rpc:10.1.0.249:38319|priority:0|startupRole:FOLLOWER]|listeners:[], old=null
2022-11-23 13:29:26,705 [EventQueue-OpenPipelineForHealthyPipelineSafeModeRule] INFO  safemode.SCMSafeModeManager (HealthyPipelineSafeModeRule.java:process(137)) - SCM in safe mode. Healthy pipelines reported count is 0, required healthy pipeline reported count is 1
2022-11-23 13:29:26,716 [pool-118-thread-1] INFO  server.RaftServerConfigKeys (ConfUtils.java:logGet(46)) - raft.server.log.appender.install.snapshot.enabled = false (custom)
2022-11-23 13:29:26,716 [pool-118-thread-1] INFO  server.RaftServerConfigKeys (ConfUtils.java:logGet(46)) - raft.server.threadpool.server.cached = true (default)
2022-11-23 13:29:26,716 [pool-118-thread-1] INFO  server.RaftServerConfigKeys (ConfUtils.java:logGet(46)) - raft.server.threadpool.server.size = 0 (default)
2022-11-23 13:29:26,716 [pool-118-thread-1] INFO  server.RaftServerConfigKeys (ConfUtils.java:logGet(46)) - raft.server.threadpool.client.cached = true (default)
2022-11-23 13:29:26,716 [pool-118-thread-1] INFO  server.RaftServerConfigKeys (ConfUtils.java:logGet(46)) - raft.server.threadpool.client.size = 0 (default)
2022-11-23 13:29:26,717 [pool-118-thread-1] INFO  storage.RaftStorageDirectory (RaftStorageDirectoryImpl.java:analyzeStorage(137)) - The storage directory /home/runner/work/ozone/ozone/hadoop-ozone/integration-test/target/test-dir/MiniOzoneClusterImpl-eee7442c-9747-40b9-9476-ee0de7f6c5d3/datanode-2/data/ratis/b20da5f3-ab6f-4bbd-a3b2-9a43da357a05 does not exist. Creating ...
2022-11-23 13:29:26,716 [pool-95-thread-1] INFO  server.RaftServer$Division (RaftServerImpl.java:setRole(321)) - 6a8ee904-5ab9-4c32-b911-3e68ea38425f@group-9A43DA357A05: changes role from      null to FOLLOWER at term 0 for startAsFollower
2022-11-23 13:29:26,717 [pool-95-thread-1] INFO  impl.RoleInfo (RoleInfo.java:updateAndGet(139)) - 6a8ee904-5ab9-4c32-b911-3e68ea38425f: start 6a8ee904-5ab9-4c32-b911-3e68ea38425f@group-9A43DA357A05-FollowerState
2022-11-23 13:29:26,718 [pool-118-thread-1] INFO  storage.RaftStorageDirectory (RaftStorageDirectoryImpl.java:tryLock(231)) - Lock on /home/runner/work/ozone/ozone/hadoop-ozone/integration-test/target/test-dir/MiniOzoneClusterImpl-eee7442c-9747-40b9-9476-ee0de7f6c5d3/datanode-2/data/ratis/b20da5f3-ab6f-4bbd-a3b2-9a43da357a05/in_use.lock acquired by nodename 5092@fv-az449-73
2022-11-23 13:29:26,719 [pool-118-thread-1] INFO  storage.RaftStorage (RaftStorageImpl.java:format(96)) - Storage directory /home/runner/work/ozone/ozone/hadoop-ozone/integration-test/target/test-dir/MiniOzoneClusterImpl-eee7442c-9747-40b9-9476-ee0de7f6c5d3/datanode-2/data/ratis/b20da5f3-ab6f-4bbd-a3b2-9a43da357a05 has been successfully formatted.
2022-11-23 13:29:26,722 [pool-95-thread-1] INFO  util.JmxRegister (JmxRegister.java:tryRegister(44)) - Successfully registered JMX Bean with object name Ratis:service=RaftServer,group=group-9A43DA357A05,id=6a8ee904-5ab9-4c32-b911-3e68ea38425f
2022-11-23 13:29:26,722 [pool-95-thread-1] INFO  server.RaftServerConfigKeys (ConfUtils.java:logGet(46)) - raft.server.snapshot.auto.trigger.enabled = true (custom)
2022-11-23 13:29:26,722 [pool-95-thread-1] INFO  server.RaftServerConfigKeys (ConfUtils.java:logGet(46)) - raft.server.snapshot.auto.trigger.threshold = 10000 (custom)
2022-11-23 13:29:26,722 [pool-95-thread-1] INFO  server.RaftServerConfigKeys (ConfUtils.java:logGet(46)) - raft.server.snapshot.retention.file.num = 5 (custom)
2022-11-23 13:29:26,722 [pool-95-thread-1] INFO  server.RaftServerConfigKeys (ConfUtils.java:logGet(46)) - raft.server.log.purge.upto.snapshot.index = false (default)
2022-11-23 13:29:26,723 [6a8ee904-5ab9-4c32-b911-3e68ea38425f@group-9A43DA357A05-FollowerState] INFO  server.RaftServerConfigKeys (ConfUtils.java:logFallback(53)) - raft.server.rpc.first-election.timeout.min = 5s (fallback to raft.server.rpc.timeout.min)
2022-11-23 13:29:26,723 [Command processor thread] INFO  ratis.XceiverServerRatis (XceiverServerRatis.java:addGroup(765)) - Created group PipelineID=b20da5f3-ab6f-4bbd-a3b2-9a43da357a05
2022-11-23 13:29:26,723 [6a8ee904-5ab9-4c32-b911-3e68ea38425f@group-9A43DA357A05-FollowerState] INFO  server.RaftServerConfigKeys (ConfUtils.java:logFallback(53)) - raft.server.rpc.first-election.timeout.max = 5200ms (fallback to raft.server.rpc.timeout.max)
2022-11-23 13:29:26,725 [pool-118-thread-1] INFO  ratis.ContainerStateMachine (ContainerStateMachine.java:loadSnapshot(236)) - group-9A43DA357A05: The snapshot info is null. Setting the last applied indexto:(t:0, i:~)
2022-11-23 13:29:26,725 [pool-118-thread-1] INFO  server.RaftServerConfigKeys (ConfUtils.java:logGet(46)) - raft.server.log.use.memory = false (default)
2022-11-23 13:29:26,725 [pool-118-thread-1] INFO  server.RaftServerConfigKeys (ConfUtils.java:logGet(46)) - raft.server.log.purge.gap = 1000000 (custom)
2022-11-23 13:29:26,725 [pool-118-thread-1] INFO  server.RaftServerConfigKeys (ConfUtils.java:logGet(46)) - raft.server.log.appender.buffer.byte-limit = 33554432 (custom)
2022-11-23 13:29:26,725 [pool-118-thread-1] INFO  server.RaftServerConfigKeys (ConfUtils.java:logGet(46)) - raft.server.log.statemachine.data.read.timeout = 1000ms (default)
2022-11-23 13:29:26,726 [pool-118-thread-1] INFO  server.RaftServerConfigKeys (ConfUtils.java:logGet(46)) - raft.server.log.purge.preservation.log.num = 0 (default)
2022-11-23 13:29:26,726 [pool-118-thread-1] INFO  server.RaftServerConfigKeys (ConfUtils.java:logGet(46)) - raft.server.log.segment.size.max = 1048576 (custom)
2022-11-23 13:29:26,726 [pool-118-thread-1] INFO  server.RaftServerConfigKeys (ConfUtils.java:logGet(46)) - raft.server.log.segment.cache.num.max = 2 (custom)
2022-11-23 13:29:26,726 [pool-118-thread-1] INFO  server.RaftServerConfigKeys (ConfUtils.java:logGet(46)) - raft.server.log.segment.cache.size.max = 200MB (=209715200) (default)
2022-11-23 13:29:26,726 [pool-118-thread-1] INFO  segmented.SegmentedRaftLogWorker (SegmentedRaftLogWorker.java:<init>(191)) - new 3a1872ea-adb8-40a7-8f64-b5952ddb9b5f@group-9A43DA357A05-SegmentedRaftLogWorker for RaftStorageImpl:Storage Directory /home/runner/work/ozone/ozone/hadoop-ozone/integration-test/target/test-dir/MiniOzoneClusterImpl-eee7442c-9747-40b9-9476-ee0de7f6c5d3/datanode-2/data/ratis/b20da5f3-ab6f-4bbd-a3b2-9a43da357a05
2022-11-23 13:29:26,726 [pool-118-thread-1] INFO  server.RaftServerConfigKeys (ConfUtils.java:logGet(46)) - raft.server.log.queue.byte-limit = 4294967296 (custom)
2022-11-23 13:29:26,726 [pool-118-thread-1] INFO  server.RaftServerConfigKeys (ConfUtils.java:logGet(46)) - raft.server.log.queue.element-limit = 1024 (custom)
2022-11-23 13:29:26,727 [pool-118-thread-1] INFO  server.RaftServerConfigKeys (ConfUtils.java:logGet(46)) - raft.server.log.segment.size.max = 1048576 (custom)
2022-11-23 13:29:26,727 [pool-118-thread-1] INFO  server.RaftServerConfigKeys (ConfUtils.java:logGet(46)) - raft.server.log.preallocated.size = 16384 (custom)
2022-11-23 13:29:26,727 [pool-118-thread-1] INFO  server.RaftServerConfigKeys (ConfUtils.java:logGet(46)) - raft.server.log.force.sync.num = 128 (default)
2022-11-23 13:29:26,727 [pool-118-thread-1] INFO  server.RaftServerConfigKeys (ConfUtils.java:logGet(46)) - raft.server.log.statemachine.data.sync = true (default)
2022-11-23 13:29:26,727 [pool-118-thread-1] INFO  server.RaftServerConfigKeys (ConfUtils.java:logGet(46)) - raft.server.log.statemachine.data.sync.timeout = 10s (default)
2022-11-23 13:29:26,727 [pool-118-thread-1] INFO  server.RaftServerConfigKeys (ConfUtils.java:logGet(46)) - raft.server.log.statemachine.data.sync.timeout.retry = -1 (default)
2022-11-23 13:29:26,736 [pool-118-thread-1] INFO  server.RaftServerConfigKeys (ConfUtils.java:logGet(46)) - raft.server.log.write.buffer.size = 1048576 (custom)
2022-11-23 13:29:26,737 [pool-118-thread-1] INFO  server.RaftServerConfigKeys (ConfUtils.java:logGet(46)) - raft.server.log.unsafe-flush.enabled = false (default)
2022-11-23 13:29:26,737 [pool-118-thread-1] INFO  server.RaftServerConfigKeys (ConfUtils.java:logGet(46)) - raft.server.log.async-flush.enabled = false (default)
2022-11-23 13:29:26,737 [pool-118-thread-1] INFO  server.RaftServerConfigKeys (ConfUtils.java:logGet(46)) - raft.server.log.statemachine.data.caching.enabled = true (custom)
2022-11-23 13:29:26,737 [pool-118-thread-1] INFO  segmented.SegmentedRaftLogWorker (SegmentedRaftLogWorker.java:lambda$new$0(136)) - 3a1872ea-adb8-40a7-8f64-b5952ddb9b5f@group-9A43DA357A05-SegmentedRaftLogWorker: flushIndex: setUnconditionally 0 -> -1
2022-11-23 13:29:26,737 [pool-118-thread-1] INFO  segmented.SegmentedRaftLogWorker (SegmentedRaftLogWorker.java:lambda$new$0(136)) - 3a1872ea-adb8-40a7-8f64-b5952ddb9b5f@group-9A43DA357A05-SegmentedRaftLogWorker: safeCacheEvictIndex: setUnconditionally 0 -> -1
2022-11-23 13:29:26,740 [pool-118-thread-1] INFO  server.RaftServer$Division (RaftServerImpl.java:start(334)) - 3a1872ea-adb8-40a7-8f64-b5952ddb9b5f@group-9A43DA357A05: start as a follower, conf=-1: peers:[6a8ee904-5ab9-4c32-b911-3e68ea38425f|rpc:10.1.0.249:36327|dataStream:|priority:0|startupRole:FOLLOWER, 3a1872ea-adb8-40a7-8f64-b5952ddb9b5f|rpc:10.1.0.249:36863|dataStream:|priority:1|startupRole:FOLLOWER, f7939ee0-8e95-4b39-add6-ba317897dc07|rpc:10.1.0.249:38319|dataStream:|priority:0|startupRole:FOLLOWER]|listeners:[], old=null
2022-11-23 13:29:26,740 [pool-118-thread-1] INFO  server.RaftServer$Division (RaftServerImpl.java:setRole(321)) - 3a1872ea-adb8-40a7-8f64-b5952ddb9b5f@group-9A43DA357A05: changes role from      null to FOLLOWER at term 0 for startAsFollower
2022-11-23 13:29:26,740 [pool-118-thread-1] INFO  impl.RoleInfo (RoleInfo.java:updateAndGet(139)) - 3a1872ea-adb8-40a7-8f64-b5952ddb9b5f: start 3a1872ea-adb8-40a7-8f64-b5952ddb9b5f@group-9A43DA357A05-FollowerState
2022-11-23 13:29:26,744 [pool-118-thread-1] INFO  util.JmxRegister (JmxRegister.java:tryRegister(44)) - Successfully registered JMX Bean with object name Ratis:service=RaftServer,group=group-9A43DA357A05,id=3a1872ea-adb8-40a7-8f64-b5952ddb9b5f
2022-11-23 13:29:26,744 [pool-118-thread-1] INFO  server.RaftServerConfigKeys (ConfUtils.java:logGet(46)) - raft.server.snapshot.auto.trigger.enabled = true (custom)
2022-11-23 13:29:26,744 [pool-118-thread-1] INFO  server.RaftServerConfigKeys (ConfUtils.java:logGet(46)) - raft.server.snapshot.auto.trigger.threshold = 10000 (custom)
2022-11-23 13:29:26,744 [pool-118-thread-1] INFO  server.RaftServerConfigKeys (ConfUtils.java:logGet(46)) - raft.server.snapshot.retention.file.num = 5 (custom)
2022-11-23 13:29:26,744 [pool-118-thread-1] INFO  server.RaftServerConfigKeys (ConfUtils.java:logGet(46)) - raft.server.log.purge.upto.snapshot.index = false (default)
2022-11-23 13:29:26,745 [3a1872ea-adb8-40a7-8f64-b5952ddb9b5f@group-9A43DA357A05-FollowerState] INFO  server.RaftServerConfigKeys (ConfUtils.java:logFallback(53)) - raft.server.rpc.first-election.timeout.min = 5s (fallback to raft.server.rpc.timeout.min)
2022-11-23 13:29:26,768 [3a1872ea-adb8-40a7-8f64-b5952ddb9b5f@group-9A43DA357A05-FollowerState] INFO  server.RaftServerConfigKeys (ConfUtils.java:logFallback(53)) - raft.server.rpc.first-election.timeout.max = 5200ms (fallback to raft.server.rpc.timeout.max)
2022-11-23 13:29:26,952 [Command processor thread] INFO  commandhandler.CreatePipelineCommandHandler (CreatePipelineCommandHandler.java:handle(113)) - Created Pipeline RATIS THREE PipelineID=b20da5f3-ab6f-4bbd-a3b2-9a43da357a05.
2022-11-23 13:29:26,953 [Command processor thread] INFO  server.RaftServer (RaftServerProxy.java:addNew(96)) - f7939ee0-8e95-4b39-add6-ba317897dc07: addNew group-571EA458250C:[6a8ee904-5ab9-4c32-b911-3e68ea38425f|rpc:10.1.0.249:36327|priority:0|startupRole:FOLLOWER, 3a1872ea-adb8-40a7-8f64-b5952ddb9b5f|rpc:10.1.0.249:36863|priority:0|startupRole:FOLLOWER, f7939ee0-8e95-4b39-add6-ba317897dc07|rpc:10.1.0.249:38319|priority:1|startupRole:FOLLOWER] returns group-571EA458250C:java.util.concurrent.CompletableFuture@30393004[Not completed]
2022-11-23 13:29:26,954 [pool-72-thread-1] INFO  server.RaftServer$Division (RaftServerImpl.java:<init>(195)) - f7939ee0-8e95-4b39-add6-ba317897dc07: new RaftServerImpl for group-571EA458250C:[6a8ee904-5ab9-4c32-b911-3e68ea38425f|rpc:10.1.0.249:36327|priority:0|startupRole:FOLLOWER, 3a1872ea-adb8-40a7-8f64-b5952ddb9b5f|rpc:10.1.0.249:36863|priority:0|startupRole:FOLLOWER, f7939ee0-8e95-4b39-add6-ba317897dc07|rpc:10.1.0.249:38319|priority:1|startupRole:FOLLOWER] with ContainerStateMachine:uninitialized
2022-11-23 13:29:26,954 [pool-72-thread-1] INFO  server.RaftServerConfigKeys (ConfUtils.java:logGet(46)) - raft.server.rpc.timeout.min = 5s (custom)
2022-11-23 13:29:26,954 [pool-72-thread-1] INFO  server.RaftServerConfigKeys (ConfUtils.java:logGet(46)) - raft.server.rpc.timeout.max = 5200ms (custom)
2022-11-23 13:29:26,954 [pool-72-thread-1] INFO  server.RaftServerConfigKeys (ConfUtils.java:logGet(46)) - raft.server.rpc.sleep.time = 25ms (default)
2022-11-23 13:29:26,954 [pool-72-thread-1] INFO  server.RaftServerConfigKeys (ConfUtils.java:logGet(46)) - raft.server.rpc.slowness.timeout = 300s (custom)
2022-11-23 13:29:26,954 [pool-72-thread-1] INFO  server.RaftServerConfigKeys (ConfUtils.java:logGet(46)) - raft.server.leaderelection.leader.step-down.wait-time = 10s (default)
2022-11-23 13:29:26,954 [pool-72-thread-1] INFO  server.RaftServerConfigKeys (ConfUtils.java:logGet(46)) - raft.server.sleep.deviation.threshold = 300ms (default)
2022-11-23 13:29:26,955 [pool-72-thread-1] INFO  server.RaftServer$Division (ServerState.java:<init>(118)) - f7939ee0-8e95-4b39-add6-ba317897dc07@group-571EA458250C: ConfigurationManager, init=-1: peers:[6a8ee904-5ab9-4c32-b911-3e68ea38425f|rpc:10.1.0.249:36327|priority:0|startupRole:FOLLOWER, 3a1872ea-adb8-40a7-8f64-b5952ddb9b5f|rpc:10.1.0.249:36863|priority:0|startupRole:FOLLOWER, f7939ee0-8e95-4b39-add6-ba317897dc07|rpc:10.1.0.249:38319|priority:1|startupRole:FOLLOWER]|listeners:[], old=null, confs=<EMPTY_MAP>
2022-11-23 13:29:26,955 [pool-72-thread-1] INFO  server.RaftServerConfigKeys (ConfUtils.java:logGet(46)) - raft.server.storage.dir = [/home/runner/work/ozone/ozone/hadoop-ozone/integration-test/target/test-dir/MiniOzoneClusterImpl-eee7442c-9747-40b9-9476-ee0de7f6c5d3/datanode-0/data/ratis] (custom)
2022-11-23 13:29:26,955 [pool-72-thread-1] INFO  server.RaftServerConfigKeys (ConfUtils.java:logGet(46)) - raft.server.log.corruption.policy = EXCEPTION (default)
2022-11-23 13:29:26,956 [pool-72-thread-1] INFO  server.RaftServerConfigKeys (ConfUtils.java:logGet(46)) - raft.server.storage.free-space.min = 0MB (=0) (default)
2022-11-23 13:29:26,956 [pool-72-thread-1] INFO  server.RaftServerConfigKeys (ConfUtils.java:logGet(46)) - raft.server.notification.no-leader.timeout = 300s (custom)
2022-11-23 13:29:26,956 [pool-72-thread-1] INFO  server.RaftServerConfigKeys (ConfUtils.java:logGet(46)) - raft.server.retrycache.expirytime = 600000ms (custom)
2022-11-23 13:29:26,956 [pool-72-thread-1] INFO  server.RaftServerConfigKeys (ConfUtils.java:logGet(46)) - raft.server.retrycache.statistics.expirytime = 100μs (default)
2022-11-23 13:29:26,957 [pool-72-thread-1] INFO  server.RaftServerConfigKeys (ConfUtils.java:logGet(46)) - raft.server.log.appender.install.snapshot.enabled = false (custom)
2022-11-23 13:29:26,957 [pool-72-thread-1] INFO  server.RaftServerConfigKeys (ConfUtils.java:logGet(46)) - raft.server.threadpool.server.cached = true (default)
2022-11-23 13:29:26,957 [pool-72-thread-1] INFO  server.RaftServerConfigKeys (ConfUtils.java:logGet(46)) - raft.server.threadpool.server.size = 0 (default)
2022-11-23 13:29:26,957 [pool-72-thread-1] INFO  server.RaftServerConfigKeys (ConfUtils.java:logGet(46)) - raft.server.threadpool.client.cached = true (default)
2022-11-23 13:29:26,957 [pool-72-thread-1] INFO  server.RaftServerConfigKeys (ConfUtils.java:logGet(46)) - raft.server.threadpool.client.size = 0 (default)
2022-11-23 13:29:26,957 [pool-72-thread-1] INFO  storage.RaftStorageDirectory (RaftStorageDirectoryImpl.java:analyzeStorage(137)) - The storage directory /home/runner/work/ozone/ozone/hadoop-ozone/integration-test/target/test-dir/MiniOzoneClusterImpl-eee7442c-9747-40b9-9476-ee0de7f6c5d3/datanode-0/data/ratis/29a707b8-0a69-4214-af80-571ea458250c does not exist. Creating ...
2022-11-23 13:29:26,959 [pool-72-thread-1] INFO  storage.RaftStorageDirectory (RaftStorageDirectoryImpl.java:tryLock(231)) - Lock on /home/runner/work/ozone/ozone/hadoop-ozone/integration-test/target/test-dir/MiniOzoneClusterImpl-eee7442c-9747-40b9-9476-ee0de7f6c5d3/datanode-0/data/ratis/29a707b8-0a69-4214-af80-571ea458250c/in_use.lock acquired by nodename 5092@fv-az449-73
2022-11-23 13:29:26,963 [pool-72-thread-1] INFO  storage.RaftStorage (RaftStorageImpl.java:format(96)) - Storage directory /home/runner/work/ozone/ozone/hadoop-ozone/integration-test/target/test-dir/MiniOzoneClusterImpl-eee7442c-9747-40b9-9476-ee0de7f6c5d3/datanode-0/data/ratis/29a707b8-0a69-4214-af80-571ea458250c has been successfully formatted.
2022-11-23 13:29:26,964 [pool-72-thread-1] INFO  ratis.ContainerStateMachine (ContainerStateMachine.java:loadSnapshot(236)) - group-571EA458250C: The snapshot info is null. Setting the last applied indexto:(t:0, i:~)
2022-11-23 13:29:26,964 [pool-72-thread-1] INFO  server.RaftServerConfigKeys (ConfUtils.java:logGet(46)) - raft.server.log.use.memory = false (default)
2022-11-23 13:29:26,964 [pool-72-thread-1] INFO  server.RaftServerConfigKeys (ConfUtils.java:logGet(46)) - raft.server.log.purge.gap = 1000000 (custom)
2022-11-23 13:29:26,964 [pool-72-thread-1] INFO  server.RaftServerConfigKeys (ConfUtils.java:logGet(46)) - raft.server.log.appender.buffer.byte-limit = 33554432 (custom)
2022-11-23 13:29:26,964 [pool-72-thread-1] INFO  server.RaftServerConfigKeys (ConfUtils.java:logGet(46)) - raft.server.log.statemachine.data.read.timeout = 1000ms (default)
2022-11-23 13:29:26,964 [pool-72-thread-1] INFO  server.RaftServerConfigKeys (ConfUtils.java:logGet(46)) - raft.server.log.purge.preservation.log.num = 0 (default)
2022-11-23 13:29:26,964 [pool-72-thread-1] INFO  server.RaftServerConfigKeys (ConfUtils.java:logGet(46)) - raft.server.log.segment.size.max = 1048576 (custom)
2022-11-23 13:29:26,965 [pool-72-thread-1] INFO  server.RaftServerConfigKeys (ConfUtils.java:logGet(46)) - raft.server.log.segment.cache.num.max = 2 (custom)
2022-11-23 13:29:26,965 [pool-72-thread-1] INFO  server.RaftServerConfigKeys (ConfUtils.java:logGet(46)) - raft.server.log.segment.cache.size.max = 200MB (=209715200) (default)
2022-11-23 13:29:26,965 [pool-72-thread-1] INFO  segmented.SegmentedRaftLogWorker (SegmentedRaftLogWorker.java:<init>(191)) - new f7939ee0-8e95-4b39-add6-ba317897dc07@group-571EA458250C-SegmentedRaftLogWorker for RaftStorageImpl:Storage Directory /home/runner/work/ozone/ozone/hadoop-ozone/integration-test/target/test-dir/MiniOzoneClusterImpl-eee7442c-9747-40b9-9476-ee0de7f6c5d3/datanode-0/data/ratis/29a707b8-0a69-4214-af80-571ea458250c
2022-11-23 13:29:26,965 [pool-72-thread-1] INFO  server.RaftServerConfigKeys (ConfUtils.java:logGet(46)) - raft.server.log.queue.byte-limit = 4294967296 (custom)
2022-11-23 13:29:26,965 [pool-72-thread-1] INFO  server.RaftServerConfigKeys (ConfUtils.java:logGet(46)) - raft.server.log.queue.element-limit = 1024 (custom)
2022-11-23 13:29:26,965 [pool-72-thread-1] INFO  server.RaftServerConfigKeys (ConfUtils.java:logGet(46)) - raft.server.log.segment.size.max = 1048576 (custom)
2022-11-23 13:29:26,965 [pool-72-thread-1] INFO  server.RaftServerConfigKeys (ConfUtils.java:logGet(46)) - raft.server.log.preallocated.size = 16384 (custom)
2022-11-23 13:29:26,965 [pool-72-thread-1] INFO  server.RaftServerConfigKeys (ConfUtils.java:logGet(46)) - raft.server.log.force.sync.num = 128 (default)
2022-11-23 13:29:26,965 [pool-72-thread-1] INFO  server.RaftServerConfigKeys (ConfUtils.java:logGet(46)) - raft.server.log.statemachine.data.sync = true (default)
2022-11-23 13:29:26,965 [pool-72-thread-1] INFO  server.RaftServerConfigKeys (ConfUtils.java:logGet(46)) - raft.server.log.statemachine.data.sync.timeout = 10s (default)
2022-11-23 13:29:26,969 [Command processor thread] INFO  commandhandler.CreatePipelineCommandHandler (CreatePipelineCommandHandler.java:handle(113)) - Created Pipeline RATIS THREE PipelineID=b20da5f3-ab6f-4bbd-a3b2-9a43da357a05.
2022-11-23 13:29:26,969 [EventQueue-OpenPipelineForHealthyPipelineSafeModeRule] INFO  safemode.SCMSafeModeManager (HealthyPipelineSafeModeRule.java:process(137)) - SCM in safe mode. Healthy pipelines reported count is 0, required healthy pipeline reported count is 1
2022-11-23 13:29:26,970 [Command processor thread] INFO  server.RaftServer (RaftServerProxy.java:addNew(96)) - 6a8ee904-5ab9-4c32-b911-3e68ea38425f: addNew group-571EA458250C:[6a8ee904-5ab9-4c32-b911-3e68ea38425f|rpc:10.1.0.249:36327|priority:0|startupRole:FOLLOWER, 3a1872ea-adb8-40a7-8f64-b5952ddb9b5f|rpc:10.1.0.249:36863|priority:0|startupRole:FOLLOWER, f7939ee0-8e95-4b39-add6-ba317897dc07|rpc:10.1.0.249:38319|priority:1|startupRole:FOLLOWER] returns group-571EA458250C:java.util.concurrent.CompletableFuture@83f2c9c[Not completed]
2022-11-23 13:29:26,970 [pool-72-thread-1] INFO  server.RaftServerConfigKeys (ConfUtils.java:logGet(46)) - raft.server.log.statemachine.data.sync.timeout.retry = -1 (default)
2022-11-23 13:29:26,971 [pool-72-thread-1] INFO  server.RaftServerConfigKeys (ConfUtils.java:logGet(46)) - raft.server.log.write.buffer.size = 1048576 (custom)
2022-11-23 13:29:26,972 [pool-95-thread-1] INFO  server.RaftServer$Division (RaftServerImpl.java:<init>(195)) - 6a8ee904-5ab9-4c32-b911-3e68ea38425f: new RaftServerImpl for group-571EA458250C:[6a8ee904-5ab9-4c32-b911-3e68ea38425f|rpc:10.1.0.249:36327|priority:0|startupRole:FOLLOWER, 3a1872ea-adb8-40a7-8f64-b5952ddb9b5f|rpc:10.1.0.249:36863|priority:0|startupRole:FOLLOWER, f7939ee0-8e95-4b39-add6-ba317897dc07|rpc:10.1.0.249:38319|priority:1|startupRole:FOLLOWER] with ContainerStateMachine:uninitialized
2022-11-23 13:29:26,973 [pool-95-thread-1] INFO  server.RaftServerConfigKeys (ConfUtils.java:logGet(46)) - raft.server.rpc.timeout.min = 5s (custom)
2022-11-23 13:29:26,973 [pool-95-thread-1] INFO  server.RaftServerConfigKeys (ConfUtils.java:logGet(46)) - raft.server.rpc.timeout.max = 5200ms (custom)
2022-11-23 13:29:26,973 [pool-95-thread-1] INFO  server.RaftServerConfigKeys (ConfUtils.java:logGet(46)) - raft.server.rpc.sleep.time = 25ms (default)
2022-11-23 13:29:26,973 [pool-95-thread-1] INFO  server.RaftServerConfigKeys (ConfUtils.java:logGet(46)) - raft.server.rpc.slowness.timeout = 300s (custom)
2022-11-23 13:29:26,973 [pool-95-thread-1] INFO  server.RaftServerConfigKeys (ConfUtils.java:logGet(46)) - raft.server.leaderelection.leader.step-down.wait-time = 10s (default)
2022-11-23 13:29:26,973 [pool-95-thread-1] INFO  server.RaftServerConfigKeys (ConfUtils.java:logGet(46)) - raft.server.sleep.deviation.threshold = 300ms (default)
2022-11-23 13:29:26,973 [pool-95-thread-1] INFO  server.RaftServer$Division (ServerState.java:<init>(118)) - 6a8ee904-5ab9-4c32-b911-3e68ea38425f@group-571EA458250C: ConfigurationManager, init=-1: peers:[6a8ee904-5ab9-4c32-b911-3e68ea38425f|rpc:10.1.0.249:36327|priority:0|startupRole:FOLLOWER, 3a1872ea-adb8-40a7-8f64-b5952ddb9b5f|rpc:10.1.0.249:36863|priority:0|startupRole:FOLLOWER, f7939ee0-8e95-4b39-add6-ba317897dc07|rpc:10.1.0.249:38319|priority:1|startupRole:FOLLOWER]|listeners:[], old=null, confs=<EMPTY_MAP>
2022-11-23 13:29:26,973 [pool-95-thread-1] INFO  server.RaftServerConfigKeys (ConfUtils.java:logGet(46)) - raft.server.storage.dir = [/home/runner/work/ozone/ozone/hadoop-ozone/integration-test/target/test-dir/MiniOzoneClusterImpl-eee7442c-9747-40b9-9476-ee0de7f6c5d3/datanode-1/data/ratis] (custom)
2022-11-23 13:29:26,973 [pool-95-thread-1] INFO  server.RaftServerConfigKeys (ConfUtils.java:logGet(46)) - raft.server.log.corruption.policy = EXCEPTION (default)
2022-11-23 13:29:26,973 [pool-95-thread-1] INFO  server.RaftServerConfigKeys (ConfUtils.java:logGet(46)) - raft.server.storage.free-space.min = 0MB (=0) (default)
2022-11-23 13:29:26,973 [pool-95-thread-1] INFO  server.RaftServerConfigKeys (ConfUtils.java:logGet(46)) - raft.server.notification.no-leader.timeout = 300s (custom)
2022-11-23 13:29:26,973 [pool-95-thread-1] INFO  server.RaftServerConfigKeys (ConfUtils.java:logGet(46)) - raft.server.retrycache.expirytime = 600000ms (custom)
2022-11-23 13:29:26,974 [pool-95-thread-1] INFO  server.RaftServerConfigKeys (ConfUtils.java:logGet(46)) - raft.server.retrycache.statistics.expirytime = 100μs (default)
2022-11-23 13:29:26,975 [pool-95-thread-1] INFO  server.RaftServerConfigKeys (ConfUtils.java:logGet(46)) - raft.server.log.appender.install.snapshot.enabled = false (custom)
2022-11-23 13:29:26,975 [pool-95-thread-1] INFO  server.RaftServerConfigKeys (ConfUtils.java:logGet(46)) - raft.server.threadpool.server.cached = true (default)
2022-11-23 13:29:26,975 [pool-95-thread-1] INFO  server.RaftServerConfigKeys (ConfUtils.java:logGet(46)) - raft.server.threadpool.server.size = 0 (default)
2022-11-23 13:29:26,975 [pool-95-thread-1] INFO  server.RaftServerConfigKeys (ConfUtils.java:logGet(46)) - raft.server.threadpool.client.cached = true (default)
2022-11-23 13:29:26,975 [pool-95-thread-1] INFO  server.RaftServerConfigKeys (ConfUtils.java:logGet(46)) - raft.server.threadpool.client.size = 0 (default)
2022-11-23 13:29:26,975 [pool-95-thread-1] INFO  storage.RaftStorageDirectory (RaftStorageDirectoryImpl.java:analyzeStorage(137)) - The storage directory /home/runner/work/ozone/ozone/hadoop-ozone/integration-test/target/test-dir/MiniOzoneClusterImpl-eee7442c-9747-40b9-9476-ee0de7f6c5d3/datanode-1/data/ratis/29a707b8-0a69-4214-af80-571ea458250c does not exist. Creating ...
2022-11-23 13:29:26,976 [pool-72-thread-1] INFO  server.RaftServerConfigKeys (ConfUtils.java:logGet(46)) - raft.server.log.unsafe-flush.enabled = false (default)
2022-11-23 13:29:26,977 [pool-95-thread-1] INFO  storage.RaftStorageDirectory (RaftStorageDirectoryImpl.java:tryLock(231)) - Lock on /home/runner/work/ozone/ozone/hadoop-ozone/integration-test/target/test-dir/MiniOzoneClusterImpl-eee7442c-9747-40b9-9476-ee0de7f6c5d3/datanode-1/data/ratis/29a707b8-0a69-4214-af80-571ea458250c/in_use.lock acquired by nodename 5092@fv-az449-73
2022-11-23 13:29:26,977 [pool-72-thread-1] INFO  server.RaftServerConfigKeys (ConfUtils.java:logGet(46)) - raft.server.log.async-flush.enabled = false (default)
2022-11-23 13:29:26,978 [pool-72-thread-1] INFO  server.RaftServerConfigKeys (ConfUtils.java:logGet(46)) - raft.server.log.statemachine.data.caching.enabled = true (custom)
2022-11-23 13:29:26,978 [pool-72-thread-1] INFO  segmented.SegmentedRaftLogWorker (SegmentedRaftLogWorker.java:lambda$new$0(136)) - f7939ee0-8e95-4b39-add6-ba317897dc07@group-571EA458250C-SegmentedRaftLogWorker: flushIndex: setUnconditionally 0 -> -1
2022-11-23 13:29:26,978 [pool-72-thread-1] INFO  segmented.SegmentedRaftLogWorker (SegmentedRaftLogWorker.java:lambda$new$0(136)) - f7939ee0-8e95-4b39-add6-ba317897dc07@group-571EA458250C-SegmentedRaftLogWorker: safeCacheEvictIndex: setUnconditionally 0 -> -1
2022-11-23 13:29:26,979 [pool-95-thread-1] INFO  storage.RaftStorage (RaftStorageImpl.java:format(96)) - Storage directory /home/runner/work/ozone/ozone/hadoop-ozone/integration-test/target/test-dir/MiniOzoneClusterImpl-eee7442c-9747-40b9-9476-ee0de7f6c5d3/datanode-1/data/ratis/29a707b8-0a69-4214-af80-571ea458250c has been successfully formatted.
2022-11-23 13:29:26,983 [pool-95-thread-1] INFO  ratis.ContainerStateMachine (ContainerStateMachine.java:loadSnapshot(236)) - group-571EA458250C: The snapshot info is null. Setting the last applied indexto:(t:0, i:~)
2022-11-23 13:29:26,983 [pool-72-thread-1] INFO  server.RaftServer$Division (RaftServerImpl.java:start(334)) - f7939ee0-8e95-4b39-add6-ba317897dc07@group-571EA458250C: start as a follower, conf=-1: peers:[6a8ee904-5ab9-4c32-b911-3e68ea38425f|rpc:10.1.0.249:36327|priority:0|startupRole:FOLLOWER, 3a1872ea-adb8-40a7-8f64-b5952ddb9b5f|rpc:10.1.0.249:36863|priority:0|startupRole:FOLLOWER, f7939ee0-8e95-4b39-add6-ba317897dc07|rpc:10.1.0.249:38319|priority:1|startupRole:FOLLOWER]|listeners:[], old=null
2022-11-23 13:29:26,983 [pool-95-thread-1] INFO  server.RaftServerConfigKeys (ConfUtils.java:logGet(46)) - raft.server.log.use.memory = false (default)
2022-11-23 13:29:26,984 [pool-72-thread-1] INFO  server.RaftServer$Division (RaftServerImpl.java:setRole(321)) - f7939ee0-8e95-4b39-add6-ba317897dc07@group-571EA458250C: changes role from      null to FOLLOWER at term 0 for startAsFollower
2022-11-23 13:29:26,984 [pool-95-thread-1] INFO  server.RaftServerConfigKeys (ConfUtils.java:logGet(46)) - raft.server.log.purge.gap = 1000000 (custom)
2022-11-23 13:29:26,984 [pool-72-thread-1] INFO  impl.RoleInfo (RoleInfo.java:updateAndGet(139)) - f7939ee0-8e95-4b39-add6-ba317897dc07: start f7939ee0-8e95-4b39-add6-ba317897dc07@group-571EA458250C-FollowerState
2022-11-23 13:29:26,984 [pool-95-thread-1] INFO  server.RaftServerConfigKeys (ConfUtils.java:logGet(46)) - raft.server.log.appender.buffer.byte-limit = 33554432 (custom)
2022-11-23 13:29:26,984 [pool-95-thread-1] INFO  server.RaftServerConfigKeys (ConfUtils.java:logGet(46)) - raft.server.log.statemachine.data.read.timeout = 1000ms (default)
2022-11-23 13:29:26,984 [pool-95-thread-1] INFO  server.RaftServerConfigKeys (ConfUtils.java:logGet(46)) - raft.server.log.purge.preservation.log.num = 0 (default)
2022-11-23 13:29:26,984 [pool-95-thread-1] INFO  server.RaftServerConfigKeys (ConfUtils.java:logGet(46)) - raft.server.log.segment.size.max = 1048576 (custom)
2022-11-23 13:29:26,984 [pool-95-thread-1] INFO  server.RaftServerConfigKeys (ConfUtils.java:logGet(46)) - raft.server.log.segment.cache.num.max = 2 (custom)
2022-11-23 13:29:26,984 [pool-95-thread-1] INFO  server.RaftServerConfigKeys (ConfUtils.java:logGet(46)) - raft.server.log.segment.cache.size.max = 200MB (=209715200) (default)
2022-11-23 13:29:26,985 [pool-95-thread-1] INFO  segmented.SegmentedRaftLogWorker (SegmentedRaftLogWorker.java:<init>(191)) - new 6a8ee904-5ab9-4c32-b911-3e68ea38425f@group-571EA458250C-SegmentedRaftLogWorker for RaftStorageImpl:Storage Directory /home/runner/work/ozone/ozone/hadoop-ozone/integration-test/target/test-dir/MiniOzoneClusterImpl-eee7442c-9747-40b9-9476-ee0de7f6c5d3/datanode-1/data/ratis/29a707b8-0a69-4214-af80-571ea458250c
2022-11-23 13:29:26,985 [pool-95-thread-1] INFO  server.RaftServerConfigKeys (ConfUtils.java:logGet(46)) - raft.server.log.queue.byte-limit = 4294967296 (custom)
2022-11-23 13:29:26,985 [pool-95-thread-1] INFO  server.RaftServerConfigKeys (ConfUtils.java:logGet(46)) - raft.server.log.queue.element-limit = 1024 (custom)
2022-11-23 13:29:26,985 [pool-95-thread-1] INFO  server.RaftServerConfigKeys (ConfUtils.java:logGet(46)) - raft.server.log.segment.size.max = 1048576 (custom)
2022-11-23 13:29:26,985 [pool-95-thread-1] INFO  server.RaftServerConfigKeys (ConfUtils.java:logGet(46)) - raft.server.log.preallocated.size = 16384 (custom)
2022-11-23 13:29:26,985 [pool-95-thread-1] INFO  server.RaftServerConfigKeys (ConfUtils.java:logGet(46)) - raft.server.log.force.sync.num = 128 (default)
2022-11-23 13:29:26,985 [pool-95-thread-1] INFO  server.RaftServerConfigKeys (ConfUtils.java:logGet(46)) - raft.server.log.statemachine.data.sync = true (default)
2022-11-23 13:29:26,985 [pool-95-thread-1] INFO  server.RaftServerConfigKeys (ConfUtils.java:logGet(46)) - raft.server.log.statemachine.data.sync.timeout = 10s (default)
2022-11-23 13:29:26,985 [pool-95-thread-1] INFO  server.RaftServerConfigKeys (ConfUtils.java:logGet(46)) - raft.server.log.statemachine.data.sync.timeout.retry = -1 (default)
2022-11-23 13:29:26,993 [pool-95-thread-1] INFO  server.RaftServerConfigKeys (ConfUtils.java:logGet(46)) - raft.server.log.write.buffer.size = 1048576 (custom)
2022-11-23 13:29:26,993 [EventQueue-OpenPipelineForHealthyPipelineSafeModeRule] INFO  safemode.SCMSafeModeManager (HealthyPipelineSafeModeRule.java:process(137)) - SCM in safe mode. Healthy pipelines reported count is 0, required healthy pipeline reported count is 1
2022-11-23 13:29:26,993 [pool-95-thread-1] INFO  server.RaftServerConfigKeys (ConfUtils.java:logGet(46)) - raft.server.log.unsafe-flush.enabled = false (default)
2022-11-23 13:29:26,993 [pool-95-thread-1] INFO  server.RaftServerConfigKeys (ConfUtils.java:logGet(46)) - raft.server.log.async-flush.enabled = false (default)
2022-11-23 13:29:26,993 [pool-95-thread-1] INFO  server.RaftServerConfigKeys (ConfUtils.java:logGet(46)) - raft.server.log.statemachine.data.caching.enabled = true (custom)
2022-11-23 13:29:26,993 [pool-95-thread-1] INFO  segmented.SegmentedRaftLogWorker (SegmentedRaftLogWorker.java:lambda$new$0(136)) - 6a8ee904-5ab9-4c32-b911-3e68ea38425f@group-571EA458250C-SegmentedRaftLogWorker: flushIndex: setUnconditionally 0 -> -1
2022-11-23 13:29:26,994 [pool-95-thread-1] INFO  segmented.SegmentedRaftLogWorker (SegmentedRaftLogWorker.java:lambda$new$0(136)) - 6a8ee904-5ab9-4c32-b911-3e68ea38425f@group-571EA458250C-SegmentedRaftLogWorker: safeCacheEvictIndex: setUnconditionally 0 -> -1
2022-11-23 13:29:26,994 [pool-95-thread-1] INFO  server.RaftServer$Division (RaftServerImpl.java:start(334)) - 6a8ee904-5ab9-4c32-b911-3e68ea38425f@group-571EA458250C: start as a follower, conf=-1: peers:[6a8ee904-5ab9-4c32-b911-3e68ea38425f|rpc:10.1.0.249:36327|priority:0|startupRole:FOLLOWER, 3a1872ea-adb8-40a7-8f64-b5952ddb9b5f|rpc:10.1.0.249:36863|priority:0|startupRole:FOLLOWER, f7939ee0-8e95-4b39-add6-ba317897dc07|rpc:10.1.0.249:38319|priority:1|startupRole:FOLLOWER]|listeners:[], old=null
2022-11-23 13:29:26,994 [pool-95-thread-1] INFO  server.RaftServer$Division (RaftServerImpl.java:setRole(321)) - 6a8ee904-5ab9-4c32-b911-3e68ea38425f@group-571EA458250C: changes role from      null to FOLLOWER at term 0 for startAsFollower
2022-11-23 13:29:26,994 [pool-95-thread-1] INFO  impl.RoleInfo (RoleInfo.java:updateAndGet(139)) - 6a8ee904-5ab9-4c32-b911-3e68ea38425f: start 6a8ee904-5ab9-4c32-b911-3e68ea38425f@group-571EA458250C-FollowerState
2022-11-23 13:29:26,994 [pool-72-thread-1] INFO  util.JmxRegister (JmxRegister.java:tryRegister(44)) - Successfully registered JMX Bean with object name Ratis:service=RaftServer,group=group-571EA458250C,id=f7939ee0-8e95-4b39-add6-ba317897dc07
2022-11-23 13:29:26,994 [pool-72-thread-1] INFO  server.RaftServerConfigKeys (ConfUtils.java:logGet(46)) - raft.server.snapshot.auto.trigger.enabled = true (custom)
2022-11-23 13:29:26,994 [pool-72-thread-1] INFO  server.RaftServerConfigKeys (ConfUtils.java:logGet(46)) - raft.server.snapshot.auto.trigger.threshold = 10000 (custom)
2022-11-23 13:29:26,994 [pool-72-thread-1] INFO  server.RaftServerConfigKeys (ConfUtils.java:logGet(46)) - raft.server.snapshot.retention.file.num = 5 (custom)
2022-11-23 13:29:26,994 [pool-72-thread-1] INFO  server.RaftServerConfigKeys (ConfUtils.java:logGet(46)) - raft.server.log.purge.upto.snapshot.index = false (default)
2022-11-23 13:29:26,994 [pool-95-thread-1] INFO  util.JmxRegister (JmxRegister.java:tryRegister(44)) - Successfully registered JMX Bean with object name Ratis:service=RaftServer,group=group-571EA458250C,id=6a8ee904-5ab9-4c32-b911-3e68ea38425f
2022-11-23 13:29:26,995 [pool-95-thread-1] INFO  server.RaftServerConfigKeys (ConfUtils.java:logGet(46)) - raft.server.snapshot.auto.trigger.enabled = true (custom)
2022-11-23 13:29:26,995 [pool-95-thread-1] INFO  server.RaftServerConfigKeys (ConfUtils.java:logGet(46)) - raft.server.snapshot.auto.trigger.threshold = 10000 (custom)
2022-11-23 13:29:26,995 [pool-95-thread-1] INFO  server.RaftServerConfigKeys (ConfUtils.java:logGet(46)) - raft.server.snapshot.retention.file.num = 5 (custom)
2022-11-23 13:29:26,995 [pool-95-thread-1] INFO  server.RaftServerConfigKeys (ConfUtils.java:logGet(46)) - raft.server.log.purge.upto.snapshot.index = false (default)
2022-11-23 13:29:26,996 [Command processor thread] INFO  ratis.XceiverServerRatis (XceiverServerRatis.java:addGroup(765)) - Created group PipelineID=29a707b8-0a69-4214-af80-571ea458250c
2022-11-23 13:29:26,997 [f7939ee0-8e95-4b39-add6-ba317897dc07@group-571EA458250C-FollowerState] INFO  server.RaftServerConfigKeys (ConfUtils.java:logFallback(53)) - raft.server.rpc.first-election.timeout.min = 5s (fallback to raft.server.rpc.timeout.min)
2022-11-23 13:29:26,997 [f7939ee0-8e95-4b39-add6-ba317897dc07@group-571EA458250C-FollowerState] INFO  server.RaftServerConfigKeys (ConfUtils.java:logFallback(53)) - raft.server.rpc.first-election.timeout.max = 5200ms (fallback to raft.server.rpc.timeout.max)
2022-11-23 13:29:26,999 [Listener at 127.0.0.1/45507] INFO  ozone.MiniOzoneClusterImpl (MiniOzoneClusterImpl.java:lambda$waitForClusterToBeReady$0(216)) - Nodes are ready. Got 3 of 3 DN Heartbeats.
2022-11-23 13:29:26,999 [Listener at 127.0.0.1/45507] INFO  ozone.MiniOzoneClusterImpl (MiniOzoneClusterImpl.java:lambda$waitForClusterToBeReady$0(219)) - Waiting for cluster to exit safe mode
2022-11-23 13:29:26,999 [Listener at 127.0.0.1/45507] INFO  ozone.MiniOzoneClusterImpl (MiniOzoneClusterImpl.java:lambda$waitForClusterToBeReady$0(221)) - SCM became leader
2022-11-23 13:29:27,002 [6a8ee904-5ab9-4c32-b911-3e68ea38425f@group-571EA458250C-FollowerState] INFO  server.RaftServerConfigKeys (ConfUtils.java:logFallback(53)) - raft.server.rpc.first-election.timeout.min = 5s (fallback to raft.server.rpc.timeout.min)
2022-11-23 13:29:27,002 [6a8ee904-5ab9-4c32-b911-3e68ea38425f@group-571EA458250C-FollowerState] INFO  server.RaftServerConfigKeys (ConfUtils.java:logFallback(53)) - raft.server.rpc.first-election.timeout.max = 5200ms (fallback to raft.server.rpc.timeout.max)
2022-11-23 13:29:27,008 [Command processor thread] INFO  ratis.XceiverServerRatis (XceiverServerRatis.java:addGroup(765)) - Created group PipelineID=29a707b8-0a69-4214-af80-571ea458250c
2022-11-23 13:29:27,015 [Command processor thread] INFO  server.RaftServer (RaftServerProxy.java:addNew(96)) - 3a1872ea-adb8-40a7-8f64-b5952ddb9b5f: addNew group-5AF22BAC86B1:[3a1872ea-adb8-40a7-8f64-b5952ddb9b5f|rpc:10.1.0.249:36863|priority:1|startupRole:FOLLOWER] returns group-5AF22BAC86B1:java.util.concurrent.CompletableFuture@547d4e9b[Not completed]
2022-11-23 13:29:27,016 [pool-118-thread-1] INFO  server.RaftServer$Division (RaftServerImpl.java:<init>(195)) - 3a1872ea-adb8-40a7-8f64-b5952ddb9b5f: new RaftServerImpl for group-5AF22BAC86B1:[3a1872ea-adb8-40a7-8f64-b5952ddb9b5f|rpc:10.1.0.249:36863|priority:1|startupRole:FOLLOWER] with ContainerStateMachine:uninitialized
2022-11-23 13:29:27,017 [pool-118-thread-1] INFO  server.RaftServerConfigKeys (ConfUtils.java:logGet(46)) - raft.server.rpc.timeout.min = 5s (custom)
2022-11-23 13:29:27,017 [pool-118-thread-1] INFO  server.RaftServerConfigKeys (ConfUtils.java:logGet(46)) - raft.server.rpc.timeout.max = 5200ms (custom)
2022-11-23 13:29:27,017 [pool-118-thread-1] INFO  server.RaftServerConfigKeys (ConfUtils.java:logGet(46)) - raft.server.rpc.sleep.time = 25ms (default)
2022-11-23 13:29:27,017 [pool-118-thread-1] INFO  server.RaftServerConfigKeys (ConfUtils.java:logGet(46)) - raft.server.rpc.slowness.timeout = 300s (custom)
2022-11-23 13:29:27,017 [pool-118-thread-1] INFO  server.RaftServerConfigKeys (ConfUtils.java:logGet(46)) - raft.server.leaderelection.leader.step-down.wait-time = 10s (default)
2022-11-23 13:29:27,017 [pool-118-thread-1] INFO  server.RaftServerConfigKeys (ConfUtils.java:logGet(46)) - raft.server.sleep.deviation.threshold = 300ms (default)
2022-11-23 13:29:27,017 [pool-118-thread-1] INFO  server.RaftServer$Division (ServerState.java:<init>(118)) - 3a1872ea-adb8-40a7-8f64-b5952ddb9b5f@group-5AF22BAC86B1: ConfigurationManager, init=-1: peers:[3a1872ea-adb8-40a7-8f64-b5952ddb9b5f|rpc:10.1.0.249:36863|priority:1|startupRole:FOLLOWER]|listeners:[], old=null, confs=<EMPTY_MAP>
2022-11-23 13:29:27,018 [pool-118-thread-1] INFO  server.RaftServerConfigKeys (ConfUtils.java:logGet(46)) - raft.server.storage.dir = [/home/runner/work/ozone/ozone/hadoop-ozone/integration-test/target/test-dir/MiniOzoneClusterImpl-eee7442c-9747-40b9-9476-ee0de7f6c5d3/datanode-2/data/ratis] (custom)
2022-11-23 13:29:27,018 [pool-118-thread-1] INFO  server.RaftServerConfigKeys (ConfUtils.java:logGet(46)) - raft.server.log.corruption.policy = EXCEPTION (default)
2022-11-23 13:29:27,018 [pool-118-thread-1] INFO  server.RaftServerConfigKeys (ConfUtils.java:logGet(46)) - raft.server.storage.free-space.min = 0MB (=0) (default)
2022-11-23 13:29:27,018 [pool-118-thread-1] INFO  server.RaftServerConfigKeys (ConfUtils.java:logGet(46)) - raft.server.notification.no-leader.timeout = 300s (custom)
2022-11-23 13:29:27,018 [pool-118-thread-1] INFO  server.RaftServerConfigKeys (ConfUtils.java:logGet(46)) - raft.server.retrycache.expirytime = 600000ms (custom)
2022-11-23 13:29:27,018 [pool-118-thread-1] INFO  server.RaftServerConfigKeys (ConfUtils.java:logGet(46)) - raft.server.retrycache.statistics.expirytime = 100μs (default)
2022-11-23 13:29:27,019 [pool-118-thread-1] INFO  server.RaftServerConfigKeys (ConfUtils.java:logGet(46)) - raft.server.log.appender.install.snapshot.enabled = false (custom)
2022-11-23 13:29:27,019 [pool-118-thread-1] INFO  server.RaftServerConfigKeys (ConfUtils.java:logGet(46)) - raft.server.threadpool.server.cached = true (default)
2022-11-23 13:29:27,019 [pool-118-thread-1] INFO  server.RaftServerConfigKeys (ConfUtils.java:logGet(46)) - raft.server.threadpool.server.size = 0 (default)
2022-11-23 13:29:27,019 [pool-118-thread-1] INFO  server.RaftServerConfigKeys (ConfUtils.java:logGet(46)) - raft.server.threadpool.client.cached = true (default)
2022-11-23 13:29:27,019 [pool-118-thread-1] INFO  server.RaftServerConfigKeys (ConfUtils.java:logGet(46)) - raft.server.threadpool.client.size = 0 (default)
2022-11-23 13:29:27,019 [pool-118-thread-1] INFO  storage.RaftStorageDirectory (RaftStorageDirectoryImpl.java:analyzeStorage(137)) - The storage directory /home/runner/work/ozone/ozone/hadoop-ozone/integration-test/target/test-dir/MiniOzoneClusterImpl-eee7442c-9747-40b9-9476-ee0de7f6c5d3/datanode-2/data/ratis/d27e71c0-0a46-4d90-b1e8-5af22bac86b1 does not exist. Creating ...
2022-11-23 13:29:27,020 [pool-118-thread-1] INFO  storage.RaftStorageDirectory (RaftStorageDirectoryImpl.java:tryLock(231)) - Lock on /home/runner/work/ozone/ozone/hadoop-ozone/integration-test/target/test-dir/MiniOzoneClusterImpl-eee7442c-9747-40b9-9476-ee0de7f6c5d3/datanode-2/data/ratis/d27e71c0-0a46-4d90-b1e8-5af22bac86b1/in_use.lock acquired by nodename 5092@fv-az449-73
2022-11-23 13:29:27,022 [pool-118-thread-1] INFO  storage.RaftStorage (RaftStorageImpl.java:format(96)) - Storage directory /home/runner/work/ozone/ozone/hadoop-ozone/integration-test/target/test-dir/MiniOzoneClusterImpl-eee7442c-9747-40b9-9476-ee0de7f6c5d3/datanode-2/data/ratis/d27e71c0-0a46-4d90-b1e8-5af22bac86b1 has been successfully formatted.
2022-11-23 13:29:27,023 [pool-118-thread-1] INFO  ratis.ContainerStateMachine (ContainerStateMachine.java:loadSnapshot(236)) - group-5AF22BAC86B1: The snapshot info is null. Setting the last applied indexto:(t:0, i:~)
2022-11-23 13:29:27,023 [pool-118-thread-1] INFO  server.RaftServerConfigKeys (ConfUtils.java:logGet(46)) - raft.server.log.use.memory = false (default)
2022-11-23 13:29:27,023 [pool-118-thread-1] INFO  server.RaftServerConfigKeys (ConfUtils.java:logGet(46)) - raft.server.log.purge.gap = 1000000 (custom)
2022-11-23 13:29:27,023 [pool-118-thread-1] INFO  server.RaftServerConfigKeys (ConfUtils.java:logGet(46)) - raft.server.log.appender.buffer.byte-limit = 33554432 (custom)
2022-11-23 13:29:27,023 [pool-118-thread-1] INFO  server.RaftServerConfigKeys (ConfUtils.java:logGet(46)) - raft.server.log.statemachine.data.read.timeout = 1000ms (default)
2022-11-23 13:29:27,023 [pool-118-thread-1] INFO  server.RaftServerConfigKeys (ConfUtils.java:logGet(46)) - raft.server.log.purge.preservation.log.num = 0 (default)
2022-11-23 13:29:27,023 [pool-118-thread-1] INFO  server.RaftServerConfigKeys (ConfUtils.java:logGet(46)) - raft.server.log.segment.size.max = 1048576 (custom)
2022-11-23 13:29:27,024 [pool-118-thread-1] INFO  server.RaftServerConfigKeys (ConfUtils.java:logGet(46)) - raft.server.log.segment.cache.num.max = 2 (custom)
2022-11-23 13:29:27,024 [pool-118-thread-1] INFO  server.RaftServerConfigKeys (ConfUtils.java:logGet(46)) - raft.server.log.segment.cache.size.max = 200MB (=209715200) (default)
2022-11-23 13:29:27,024 [pool-118-thread-1] INFO  segmented.SegmentedRaftLogWorker (SegmentedRaftLogWorker.java:<init>(191)) - new 3a1872ea-adb8-40a7-8f64-b5952ddb9b5f@group-5AF22BAC86B1-SegmentedRaftLogWorker for RaftStorageImpl:Storage Directory /home/runner/work/ozone/ozone/hadoop-ozone/integration-test/target/test-dir/MiniOzoneClusterImpl-eee7442c-9747-40b9-9476-ee0de7f6c5d3/datanode-2/data/ratis/d27e71c0-0a46-4d90-b1e8-5af22bac86b1
2022-11-23 13:29:27,024 [pool-118-thread-1] INFO  server.RaftServerConfigKeys (ConfUtils.java:logGet(46)) - raft.server.log.queue.byte-limit = 4294967296 (custom)
2022-11-23 13:29:27,025 [pool-118-thread-1] INFO  server.RaftServerConfigKeys (ConfUtils.java:logGet(46)) - raft.server.log.queue.element-limit = 1024 (custom)
2022-11-23 13:29:27,026 [pool-118-thread-1] INFO  server.RaftServerConfigKeys (ConfUtils.java:logGet(46)) - raft.server.log.segment.size.max = 1048576 (custom)
2022-11-23 13:29:27,026 [pool-118-thread-1] INFO  server.RaftServerConfigKeys (ConfUtils.java:logGet(46)) - raft.server.log.preallocated.size = 16384 (custom)
2022-11-23 13:29:27,026 [pool-118-thread-1] INFO  server.RaftServerConfigKeys (ConfUtils.java:logGet(46)) - raft.server.log.force.sync.num = 128 (default)
2022-11-23 13:29:27,026 [pool-118-thread-1] INFO  server.RaftServerConfigKeys (ConfUtils.java:logGet(46)) - raft.server.log.statemachine.data.sync = true (default)
2022-11-23 13:29:27,026 [pool-118-thread-1] INFO  server.RaftServerConfigKeys (ConfUtils.java:logGet(46)) - raft.server.log.statemachine.data.sync.timeout = 10s (default)
2022-11-23 13:29:27,026 [pool-118-thread-1] INFO  server.RaftServerConfigKeys (ConfUtils.java:logGet(46)) - raft.server.log.statemachine.data.sync.timeout.retry = -1 (default)
2022-11-23 13:29:27,027 [pool-118-thread-1] INFO  server.RaftServerConfigKeys (ConfUtils.java:logGet(46)) - raft.server.log.write.buffer.size = 1048576 (custom)
2022-11-23 13:29:27,027 [pool-118-thread-1] INFO  server.RaftServerConfigKeys (ConfUtils.java:logGet(46)) - raft.server.log.unsafe-flush.enabled = false (default)
2022-11-23 13:29:27,027 [pool-118-thread-1] INFO  server.RaftServerConfigKeys (ConfUtils.java:logGet(46)) - raft.server.log.async-flush.enabled = false (default)
2022-11-23 13:29:27,027 [pool-118-thread-1] INFO  server.RaftServerConfigKeys (ConfUtils.java:logGet(46)) - raft.server.log.statemachine.data.caching.enabled = true (custom)
2022-11-23 13:29:27,028 [pool-118-thread-1] INFO  segmented.SegmentedRaftLogWorker (SegmentedRaftLogWorker.java:lambda$new$0(136)) - 3a1872ea-adb8-40a7-8f64-b5952ddb9b5f@group-5AF22BAC86B1-SegmentedRaftLogWorker: flushIndex: setUnconditionally 0 -> -1
2022-11-23 13:29:27,028 [pool-118-thread-1] INFO  segmented.SegmentedRaftLogWorker (SegmentedRaftLogWorker.java:lambda$new$0(136)) - 3a1872ea-adb8-40a7-8f64-b5952ddb9b5f@group-5AF22BAC86B1-SegmentedRaftLogWorker: safeCacheEvictIndex: setUnconditionally 0 -> -1
2022-11-23 13:29:27,028 [EventQueue-PipelineReportForPipelineReportHandler] INFO  pipeline.PipelineManagerImpl (PipelineManagerImpl.java:openPipeline(367)) - Pipeline Pipeline[ Id: d27e71c0-0a46-4d90-b1e8-5af22bac86b1, Nodes: 3a1872ea-adb8-40a7-8f64-b5952ddb9b5f{ip: 10.1.0.249, host: fv-az449-73.jvjgdiodbn4ungrcbaap0pmvbb.dx.internal.cloudapp.net, ports: [REPLICATION=40921, RATIS=36863, RATIS_ADMIN=36863, RATIS_SERVER=36863, STANDALONE=35029], networkLocation: /default-rack, certSerialId: null, persistedOpState: IN_SERVICE, persistedOpStateExpiryEpochSec: 0}, ReplicationConfig: RATIS/ONE, State:ALLOCATED, leaderId:3a1872ea-adb8-40a7-8f64-b5952ddb9b5f, CreationTimestamp2022-11-23T13:29:24.017Z[Etc/UTC]] moved to OPEN state
2022-11-23 13:29:27,029 [EventQueue-OpenPipelineForHealthyPipelineSafeModeRule] INFO  safemode.SCMSafeModeManager (HealthyPipelineSafeModeRule.java:process(137)) - SCM in safe mode. Healthy pipelines reported count is 0, required healthy pipeline reported count is 1
2022-11-23 13:29:27,032 [pool-118-thread-1] INFO  server.RaftServer$Division (RaftServerImpl.java:start(334)) - 3a1872ea-adb8-40a7-8f64-b5952ddb9b5f@group-5AF22BAC86B1: start as a follower, conf=-1: peers:[3a1872ea-adb8-40a7-8f64-b5952ddb9b5f|rpc:10.1.0.249:36863|priority:1|startupRole:FOLLOWER]|listeners:[], old=null
2022-11-23 13:29:27,035 [pool-118-thread-1] INFO  server.RaftServer$Division (RaftServerImpl.java:setRole(321)) - 3a1872ea-adb8-40a7-8f64-b5952ddb9b5f@group-5AF22BAC86B1: changes role from      null to FOLLOWER at term 0 for startAsFollower
2022-11-23 13:29:27,035 [pool-118-thread-1] INFO  impl.RoleInfo (RoleInfo.java:updateAndGet(139)) - 3a1872ea-adb8-40a7-8f64-b5952ddb9b5f: start 3a1872ea-adb8-40a7-8f64-b5952ddb9b5f@group-5AF22BAC86B1-FollowerState
2022-11-23 13:29:27,035 [grpc-default-executor-1] INFO  server.RaftServer (RaftServerProxy.java:addNew(96)) - 3a1872ea-adb8-40a7-8f64-b5952ddb9b5f: addNew group-571EA458250C:[6a8ee904-5ab9-4c32-b911-3e68ea38425f|rpc:10.1.0.249:36327|dataStream:|priority:0|startupRole:FOLLOWER, 3a1872ea-adb8-40a7-8f64-b5952ddb9b5f|rpc:10.1.0.249:36863|dataStream:|priority:0|startupRole:FOLLOWER, f7939ee0-8e95-4b39-add6-ba317897dc07|rpc:10.1.0.249:38319|dataStream:|priority:1|startupRole:FOLLOWER] returns group-571EA458250C:java.util.concurrent.CompletableFuture@1c6014da[Not completed]
2022-11-23 13:29:27,036 [pool-118-thread-1] INFO  util.JmxRegister (JmxRegister.java:tryRegister(44)) - Successfully registered JMX Bean with object name Ratis:service=RaftServer,group=group-5AF22BAC86B1,id=3a1872ea-adb8-40a7-8f64-b5952ddb9b5f
2022-11-23 13:29:27,036 [pool-118-thread-1] INFO  server.RaftServerConfigKeys (ConfUtils.java:logGet(46)) - raft.server.snapshot.auto.trigger.enabled = true (custom)
2022-11-23 13:29:27,036 [pool-118-thread-1] INFO  server.RaftServerConfigKeys (ConfUtils.java:logGet(46)) - raft.server.snapshot.auto.trigger.threshold = 10000 (custom)
2022-11-23 13:29:27,036 [3a1872ea-adb8-40a7-8f64-b5952ddb9b5f@group-5AF22BAC86B1-FollowerState] INFO  server.RaftServerConfigKeys (ConfUtils.java:logFallback(53)) - raft.server.rpc.first-election.timeout.min = 5s (fallback to raft.server.rpc.timeout.min)
2022-11-23 13:29:27,044 [3a1872ea-adb8-40a7-8f64-b5952ddb9b5f@group-5AF22BAC86B1-FollowerState] INFO  server.RaftServerConfigKeys (ConfUtils.java:logFallback(53)) - raft.server.rpc.first-election.timeout.max = 5200ms (fallback to raft.server.rpc.timeout.max)
2022-11-23 13:29:27,036 [pool-118-thread-1] INFO  server.RaftServerConfigKeys (ConfUtils.java:logGet(46)) - raft.server.snapshot.retention.file.num = 5 (custom)
2022-11-23 13:29:27,044 [pool-118-thread-1] INFO  server.RaftServerConfigKeys (ConfUtils.java:logGet(46)) - raft.server.log.purge.upto.snapshot.index = false (default)
2022-11-23 13:29:27,047 [Command processor thread] INFO  ratis.XceiverServerRatis (XceiverServerRatis.java:addGroup(765)) - Created group PipelineID=d27e71c0-0a46-4d90-b1e8-5af22bac86b1
2022-11-23 13:29:27,047 [Command processor thread] INFO  commandhandler.CreatePipelineCommandHandler (CreatePipelineCommandHandler.java:handle(113)) - Created Pipeline RATIS ONE PipelineID=d27e71c0-0a46-4d90-b1e8-5af22bac86b1.
2022-11-23 13:29:27,048 [pool-118-thread-1] INFO  server.RaftServer$Division (RaftServerImpl.java:<init>(195)) - 3a1872ea-adb8-40a7-8f64-b5952ddb9b5f: new RaftServerImpl for group-571EA458250C:[6a8ee904-5ab9-4c32-b911-3e68ea38425f|rpc:10.1.0.249:36327|dataStream:|priority:0|startupRole:FOLLOWER, 3a1872ea-adb8-40a7-8f64-b5952ddb9b5f|rpc:10.1.0.249:36863|dataStream:|priority:0|startupRole:FOLLOWER, f7939ee0-8e95-4b39-add6-ba317897dc07|rpc:10.1.0.249:38319|dataStream:|priority:1|startupRole:FOLLOWER] with ContainerStateMachine:uninitialized
2022-11-23 13:29:27,048 [pool-118-thread-1] INFO  server.RaftServerConfigKeys (ConfUtils.java:logGet(46)) - raft.server.rpc.timeout.min = 5s (custom)
2022-11-23 13:29:27,049 [pool-118-thread-1] INFO  server.RaftServerConfigKeys (ConfUtils.java:logGet(46)) - raft.server.rpc.timeout.max = 5200ms (custom)
2022-11-23 13:29:27,049 [pool-118-thread-1] INFO  server.RaftServerConfigKeys (ConfUtils.java:logGet(46)) - raft.server.rpc.sleep.time = 25ms (default)
2022-11-23 13:29:27,049 [pool-118-thread-1] INFO  server.RaftServerConfigKeys (ConfUtils.java:logGet(46)) - raft.server.rpc.slowness.timeout = 300s (custom)
2022-11-23 13:29:27,049 [pool-118-thread-1] INFO  server.RaftServerConfigKeys (ConfUtils.java:logGet(46)) - raft.server.leaderelection.leader.step-down.wait-time = 10s (default)
2022-11-23 13:29:27,049 [pool-118-thread-1] INFO  server.RaftServerConfigKeys (ConfUtils.java:logGet(46)) - raft.server.sleep.deviation.threshold = 300ms (default)
2022-11-23 13:29:27,049 [pool-118-thread-1] INFO  server.RaftServer$Division (ServerState.java:<init>(118)) - 3a1872ea-adb8-40a7-8f64-b5952ddb9b5f@group-571EA458250C: ConfigurationManager, init=-1: peers:[6a8ee904-5ab9-4c32-b911-3e68ea38425f|rpc:10.1.0.249:36327|dataStream:|priority:0|startupRole:FOLLOWER, 3a1872ea-adb8-40a7-8f64-b5952ddb9b5f|rpc:10.1.0.249:36863|dataStream:|priority:0|startupRole:FOLLOWER, f7939ee0-8e95-4b39-add6-ba317897dc07|rpc:10.1.0.249:38319|dataStream:|priority:1|startupRole:FOLLOWER]|listeners:[], old=null, confs=<EMPTY_MAP>
2022-11-23 13:29:27,049 [pool-118-thread-1] INFO  server.RaftServerConfigKeys (ConfUtils.java:logGet(46)) - raft.server.storage.dir = [/home/runner/work/ozone/ozone/hadoop-ozone/integration-test/target/test-dir/MiniOzoneClusterImpl-eee7442c-9747-40b9-9476-ee0de7f6c5d3/datanode-2/data/ratis] (custom)
2022-11-23 13:29:27,049 [pool-118-thread-1] INFO  server.RaftServerConfigKeys (ConfUtils.java:logGet(46)) - raft.server.log.corruption.policy = EXCEPTION (default)
2022-11-23 13:29:27,049 [pool-118-thread-1] INFO  server.RaftServerConfigKeys (ConfUtils.java:logGet(46)) - raft.server.storage.free-space.min = 0MB (=0) (default)
2022-11-23 13:29:27,049 [pool-118-thread-1] INFO  server.RaftServerConfigKeys (ConfUtils.java:logGet(46)) - raft.server.notification.no-leader.timeout = 300s (custom)
2022-11-23 13:29:27,049 [pool-118-thread-1] INFO  server.RaftServerConfigKeys (ConfUtils.java:logGet(46)) - raft.server.retrycache.expirytime = 600000ms (custom)
2022-11-23 13:29:27,049 [pool-118-thread-1] INFO  server.RaftServerConfigKeys (ConfUtils.java:logGet(46)) - raft.server.retrycache.statistics.expirytime = 100μs (default)
2022-11-23 13:29:27,050 [pool-118-thread-1] INFO  server.RaftServerConfigKeys (ConfUtils.java:logGet(46)) - raft.server.log.appender.install.snapshot.enabled = false (custom)
2022-11-23 13:29:27,050 [pool-118-thread-1] INFO  server.RaftServerConfigKeys (ConfUtils.java:logGet(46)) - raft.server.threadpool.server.cached = true (default)
2022-11-23 13:29:27,050 [pool-118-thread-1] INFO  server.RaftServerConfigKeys (ConfUtils.java:logGet(46)) - raft.server.threadpool.server.size = 0 (default)
2022-11-23 13:29:27,050 [pool-118-thread-1] INFO  server.RaftServerConfigKeys (ConfUtils.java:logGet(46)) - raft.server.threadpool.client.cached = true (default)
2022-11-23 13:29:27,050 [pool-118-thread-1] INFO  server.RaftServerConfigKeys (ConfUtils.java:logGet(46)) - raft.server.threadpool.client.size = 0 (default)
2022-11-23 13:29:27,051 [pool-118-thread-1] INFO  storage.RaftStorageDirectory (RaftStorageDirectoryImpl.java:analyzeStorage(137)) - The storage directory /home/runner/work/ozone/ozone/hadoop-ozone/integration-test/target/test-dir/MiniOzoneClusterImpl-eee7442c-9747-40b9-9476-ee0de7f6c5d3/datanode-2/data/ratis/29a707b8-0a69-4214-af80-571ea458250c does not exist. Creating ...
2022-11-23 13:29:27,061 [pool-118-thread-1] INFO  storage.RaftStorageDirectory (RaftStorageDirectoryImpl.java:tryLock(231)) - Lock on /home/runner/work/ozone/ozone/hadoop-ozone/integration-test/target/test-dir/MiniOzoneClusterImpl-eee7442c-9747-40b9-9476-ee0de7f6c5d3/datanode-2/data/ratis/29a707b8-0a69-4214-af80-571ea458250c/in_use.lock acquired by nodename 5092@fv-az449-73
2022-11-23 13:29:27,069 [pool-118-thread-1] INFO  storage.RaftStorage (RaftStorageImpl.java:format(96)) - Storage directory /home/runner/work/ozone/ozone/hadoop-ozone/integration-test/target/test-dir/MiniOzoneClusterImpl-eee7442c-9747-40b9-9476-ee0de7f6c5d3/datanode-2/data/ratis/29a707b8-0a69-4214-af80-571ea458250c has been successfully formatted.
2022-11-23 13:29:27,071 [pool-118-thread-1] INFO  ratis.ContainerStateMachine (ContainerStateMachine.java:loadSnapshot(236)) - group-571EA458250C: The snapshot info is null. Setting the last applied indexto:(t:0, i:~)
2022-11-23 13:29:27,071 [pool-118-thread-1] INFO  server.RaftServerConfigKeys (ConfUtils.java:logGet(46)) - raft.server.log.use.memory = false (default)
2022-11-23 13:29:27,071 [pool-118-thread-1] INFO  server.RaftServerConfigKeys (ConfUtils.java:logGet(46)) - raft.server.log.purge.gap = 1000000 (custom)
2022-11-23 13:29:27,071 [pool-118-thread-1] INFO  server.RaftServerConfigKeys (ConfUtils.java:logGet(46)) - raft.server.log.appender.buffer.byte-limit = 33554432 (custom)
2022-11-23 13:29:27,071 [pool-118-thread-1] INFO  server.RaftServerConfigKeys (ConfUtils.java:logGet(46)) - raft.server.log.statemachine.data.read.timeout = 1000ms (default)
2022-11-23 13:29:27,071 [pool-118-thread-1] INFO  server.RaftServerConfigKeys (ConfUtils.java:logGet(46)) - raft.server.log.purge.preservation.log.num = 0 (default)
2022-11-23 13:29:27,071 [pool-118-thread-1] INFO  server.RaftServerConfigKeys (ConfUtils.java:logGet(46)) - raft.server.log.segment.size.max = 1048576 (custom)
2022-11-23 13:29:27,073 [pool-118-thread-1] INFO  server.RaftServerConfigKeys (ConfUtils.java:logGet(46)) - raft.server.log.segment.cache.num.max = 2 (custom)
2022-11-23 13:29:27,073 [pool-118-thread-1] INFO  server.RaftServerConfigKeys (ConfUtils.java:logGet(46)) - raft.server.log.segment.cache.size.max = 200MB (=209715200) (default)
2022-11-23 13:29:27,073 [pool-118-thread-1] INFO  segmented.SegmentedRaftLogWorker (SegmentedRaftLogWorker.java:<init>(191)) - new 3a1872ea-adb8-40a7-8f64-b5952ddb9b5f@group-571EA458250C-SegmentedRaftLogWorker for RaftStorageImpl:Storage Directory /home/runner/work/ozone/ozone/hadoop-ozone/integration-test/target/test-dir/MiniOzoneClusterImpl-eee7442c-9747-40b9-9476-ee0de7f6c5d3/datanode-2/data/ratis/29a707b8-0a69-4214-af80-571ea458250c
2022-11-23 13:29:27,073 [pool-118-thread-1] INFO  server.RaftServerConfigKeys (ConfUtils.java:logGet(46)) - raft.server.log.queue.byte-limit = 4294967296 (custom)
2022-11-23 13:29:27,073 [pool-118-thread-1] INFO  server.RaftServerConfigKeys (ConfUtils.java:logGet(46)) - raft.server.log.queue.element-limit = 1024 (custom)
2022-11-23 13:29:27,073 [pool-118-thread-1] INFO  server.RaftServerConfigKeys (ConfUtils.java:logGet(46)) - raft.server.log.segment.size.max = 1048576 (custom)
2022-11-23 13:29:27,073 [pool-118-thread-1] INFO  server.RaftServerConfigKeys (ConfUtils.java:logGet(46)) - raft.server.log.preallocated.size = 16384 (custom)
2022-11-23 13:29:27,073 [pool-118-thread-1] INFO  server.RaftServerConfigKeys (ConfUtils.java:logGet(46)) - raft.server.log.force.sync.num = 128 (default)
2022-11-23 13:29:27,074 [pool-118-thread-1] INFO  server.RaftServerConfigKeys (ConfUtils.java:logGet(46)) - raft.server.log.statemachine.data.sync = true (default)
2022-11-23 13:29:27,074 [pool-118-thread-1] INFO  server.RaftServerConfigKeys (ConfUtils.java:logGet(46)) - raft.server.log.statemachine.data.sync.timeout = 10s (default)
2022-11-23 13:29:27,074 [pool-118-thread-1] INFO  server.RaftServerConfigKeys (ConfUtils.java:logGet(46)) - raft.server.log.statemachine.data.sync.timeout.retry = -1 (default)
2022-11-23 13:29:27,074 [pool-118-thread-1] INFO  server.RaftServerConfigKeys (ConfUtils.java:logGet(46)) - raft.server.log.write.buffer.size = 1048576 (custom)
2022-11-23 13:29:27,075 [pool-118-thread-1] INFO  server.RaftServerConfigKeys (ConfUtils.java:logGet(46)) - raft.server.log.unsafe-flush.enabled = false (default)
2022-11-23 13:29:27,075 [pool-118-thread-1] INFO  server.RaftServerConfigKeys (ConfUtils.java:logGet(46)) - raft.server.log.async-flush.enabled = false (default)
2022-11-23 13:29:27,075 [pool-118-thread-1] INFO  server.RaftServerConfigKeys (ConfUtils.java:logGet(46)) - raft.server.log.statemachine.data.caching.enabled = true (custom)
2022-11-23 13:29:27,075 [pool-118-thread-1] INFO  segmented.SegmentedRaftLogWorker (SegmentedRaftLogWorker.java:lambda$new$0(136)) - 3a1872ea-adb8-40a7-8f64-b5952ddb9b5f@group-571EA458250C-SegmentedRaftLogWorker: flushIndex: setUnconditionally 0 -> -1
2022-11-23 13:29:27,075 [pool-118-thread-1] INFO  segmented.SegmentedRaftLogWorker (SegmentedRaftLogWorker.java:lambda$new$0(136)) - 3a1872ea-adb8-40a7-8f64-b5952ddb9b5f@group-571EA458250C-SegmentedRaftLogWorker: safeCacheEvictIndex: setUnconditionally 0 -> -1
2022-11-23 13:29:27,081 [EventQueue-OpenPipelineForHealthyPipelineSafeModeRule] INFO  safemode.SCMSafeModeManager (HealthyPipelineSafeModeRule.java:process(137)) - SCM in safe mode. Healthy pipelines reported count is 0, required healthy pipeline reported count is 1
2022-11-23 13:29:27,093 [pool-118-thread-1] INFO  server.RaftServer$Division (RaftServerImpl.java:start(334)) - 3a1872ea-adb8-40a7-8f64-b5952ddb9b5f@group-571EA458250C: start as a follower, conf=-1: peers:[6a8ee904-5ab9-4c32-b911-3e68ea38425f|rpc:10.1.0.249:36327|dataStream:|priority:0|startupRole:FOLLOWER, 3a1872ea-adb8-40a7-8f64-b5952ddb9b5f|rpc:10.1.0.249:36863|dataStream:|priority:0|startupRole:FOLLOWER, f7939ee0-8e95-4b39-add6-ba317897dc07|rpc:10.1.0.249:38319|dataStream:|priority:1|startupRole:FOLLOWER]|listeners:[], old=null
2022-11-23 13:29:27,093 [pool-118-thread-1] INFO  server.RaftServer$Division (RaftServerImpl.java:setRole(321)) - 3a1872ea-adb8-40a7-8f64-b5952ddb9b5f@group-571EA458250C: changes role from      null to FOLLOWER at term 0 for startAsFollower
2022-11-23 13:29:27,093 [pool-118-thread-1] INFO  impl.RoleInfo (RoleInfo.java:updateAndGet(139)) - 3a1872ea-adb8-40a7-8f64-b5952ddb9b5f: start 3a1872ea-adb8-40a7-8f64-b5952ddb9b5f@group-571EA458250C-FollowerState
2022-11-23 13:29:27,093 [pool-118-thread-1] INFO  util.JmxRegister (JmxRegister.java:tryRegister(44)) - Successfully registered JMX Bean with object name Ratis:service=RaftServer,group=group-571EA458250C,id=3a1872ea-adb8-40a7-8f64-b5952ddb9b5f
2022-11-23 13:29:27,093 [pool-118-thread-1] INFO  server.RaftServerConfigKeys (ConfUtils.java:logGet(46)) - raft.server.snapshot.auto.trigger.enabled = true (custom)
2022-11-23 13:29:27,093 [pool-118-thread-1] INFO  server.RaftServerConfigKeys (ConfUtils.java:logGet(46)) - raft.server.snapshot.auto.trigger.threshold = 10000 (custom)
2022-11-23 13:29:27,093 [pool-118-thread-1] INFO  server.RaftServerConfigKeys (ConfUtils.java:logGet(46)) - raft.server.snapshot.retention.file.num = 5 (custom)
2022-11-23 13:29:27,093 [pool-118-thread-1] INFO  server.RaftServerConfigKeys (ConfUtils.java:logGet(46)) - raft.server.log.purge.upto.snapshot.index = false (default)
2022-11-23 13:29:27,094 [3a1872ea-adb8-40a7-8f64-b5952ddb9b5f@group-571EA458250C-FollowerState] INFO  server.RaftServerConfigKeys (ConfUtils.java:logFallback(53)) - raft.server.rpc.first-election.timeout.min = 5s (fallback to raft.server.rpc.timeout.min)
2022-11-23 13:29:27,100 [3a1872ea-adb8-40a7-8f64-b5952ddb9b5f@group-571EA458250C-FollowerState] INFO  server.RaftServerConfigKeys (ConfUtils.java:logFallback(53)) - raft.server.rpc.first-election.timeout.max = 5200ms (fallback to raft.server.rpc.timeout.max)
2022-11-23 13:29:27,121 [Command processor thread] INFO  commandhandler.CreatePipelineCommandHandler (CreatePipelineCommandHandler.java:handle(113)) - Created Pipeline RATIS THREE PipelineID=29a707b8-0a69-4214-af80-571ea458250c.
2022-11-23 13:29:27,149 [Command processor thread] INFO  commandhandler.CreatePipelineCommandHandler (CreatePipelineCommandHandler.java:handle(113)) - Created Pipeline RATIS THREE PipelineID=29a707b8-0a69-4214-af80-571ea458250c.
2022-11-23 13:29:28,000 [Listener at 127.0.0.1/45507] INFO  ozone.MiniOzoneClusterImpl (MiniOzoneClusterImpl.java:lambda$waitForClusterToBeReady$0(216)) - Nodes are ready. Got 3 of 3 DN Heartbeats.
2022-11-23 13:29:28,000 [Listener at 127.0.0.1/45507] INFO  ozone.MiniOzoneClusterImpl (MiniOzoneClusterImpl.java:lambda$waitForClusterToBeReady$0(219)) - Waiting for cluster to exit safe mode
2022-11-23 13:29:28,000 [Listener at 127.0.0.1/45507] INFO  ozone.MiniOzoneClusterImpl (MiniOzoneClusterImpl.java:lambda$waitForClusterToBeReady$0(221)) - SCM became leader
2022-11-23 13:29:29,000 [Listener at 127.0.0.1/45507] INFO  ozone.MiniOzoneClusterImpl (MiniOzoneClusterImpl.java:lambda$waitForClusterToBeReady$0(216)) - Nodes are ready. Got 3 of 3 DN Heartbeats.
2022-11-23 13:29:29,000 [Listener at 127.0.0.1/45507] INFO  ozone.MiniOzoneClusterImpl (MiniOzoneClusterImpl.java:lambda$waitForClusterToBeReady$0(219)) - Waiting for cluster to exit safe mode
2022-11-23 13:29:29,000 [Listener at 127.0.0.1/45507] INFO  ozone.MiniOzoneClusterImpl (MiniOzoneClusterImpl.java:lambda$waitForClusterToBeReady$0(221)) - SCM became leader
2022-11-23 13:29:30,004 [Listener at 127.0.0.1/45507] INFO  ozone.MiniOzoneClusterImpl (MiniOzoneClusterImpl.java:lambda$waitForClusterToBeReady$0(216)) - Nodes are ready. Got 3 of 3 DN Heartbeats.
2022-11-23 13:29:30,004 [Listener at 127.0.0.1/45507] INFO  ozone.MiniOzoneClusterImpl (MiniOzoneClusterImpl.java:lambda$waitForClusterToBeReady$0(219)) - Waiting for cluster to exit safe mode
2022-11-23 13:29:30,004 [Listener at 127.0.0.1/45507] INFO  ozone.MiniOzoneClusterImpl (MiniOzoneClusterImpl.java:lambda$waitForClusterToBeReady$0(221)) - SCM became leader
2022-11-23 13:29:31,004 [Listener at 127.0.0.1/45507] INFO  ozone.MiniOzoneClusterImpl (MiniOzoneClusterImpl.java:lambda$waitForClusterToBeReady$0(216)) - Nodes are ready. Got 3 of 3 DN Heartbeats.
2022-11-23 13:29:31,005 [Listener at 127.0.0.1/45507] INFO  ozone.MiniOzoneClusterImpl (MiniOzoneClusterImpl.java:lambda$waitForClusterToBeReady$0(219)) - Waiting for cluster to exit safe mode
2022-11-23 13:29:31,005 [Listener at 127.0.0.1/45507] INFO  ozone.MiniOzoneClusterImpl (MiniOzoneClusterImpl.java:lambda$waitForClusterToBeReady$0(221)) - SCM became leader
2022-11-23 13:29:31,126 [f7939ee0-8e95-4b39-add6-ba317897dc07@group-E16F096398F5-FollowerState] INFO  impl.FollowerState (FollowerState.java:run(143)) - f7939ee0-8e95-4b39-add6-ba317897dc07@group-E16F096398F5-FollowerState: change to CANDIDATE, lastRpcElapsedTime:5088011386ns, electionTimeout:5073ms
2022-11-23 13:29:31,126 [f7939ee0-8e95-4b39-add6-ba317897dc07@group-E16F096398F5-FollowerState] INFO  impl.RoleInfo (RoleInfo.java:shutdownFollowerState(110)) - f7939ee0-8e95-4b39-add6-ba317897dc07: shutdown f7939ee0-8e95-4b39-add6-ba317897dc07@group-E16F096398F5-FollowerState
2022-11-23 13:29:31,126 [f7939ee0-8e95-4b39-add6-ba317897dc07@group-E16F096398F5-FollowerState] INFO  server.RaftServer$Division (RaftServerImpl.java:setRole(321)) - f7939ee0-8e95-4b39-add6-ba317897dc07@group-E16F096398F5: changes role from  FOLLOWER to CANDIDATE at term 0 for changeToCandidate
2022-11-23 13:29:31,127 [f7939ee0-8e95-4b39-add6-ba317897dc07@group-E16F096398F5-FollowerState] INFO  server.RaftServerConfigKeys (ConfUtils.java:logGet(46)) - raft.server.leaderelection.pre-vote = false (custom)
2022-11-23 13:29:31,127 [f7939ee0-8e95-4b39-add6-ba317897dc07@group-E16F096398F5-FollowerState] INFO  impl.RoleInfo (RoleInfo.java:updateAndGet(139)) - f7939ee0-8e95-4b39-add6-ba317897dc07: start f7939ee0-8e95-4b39-add6-ba317897dc07@group-E16F096398F5-LeaderElection2
2022-11-23 13:29:31,132 [f7939ee0-8e95-4b39-add6-ba317897dc07@group-E16F096398F5-LeaderElection2] INFO  impl.LeaderElection (LeaderElection.java:askForVotes(312)) - f7939ee0-8e95-4b39-add6-ba317897dc07@group-E16F096398F5-LeaderElection2 ELECTION round 0: submit vote requests at term 1 for -1: peers:[f7939ee0-8e95-4b39-add6-ba317897dc07|rpc:10.1.0.249:38319|priority:1|startupRole:FOLLOWER]|listeners:[], old=null
2022-11-23 13:29:31,132 [f7939ee0-8e95-4b39-add6-ba317897dc07@group-E16F096398F5-LeaderElection2] INFO  impl.LeaderElection (LeaderElection.java:askForVotes(314)) - f7939ee0-8e95-4b39-add6-ba317897dc07@group-E16F096398F5-LeaderElection2 ELECTION round 0: result PASSED (term=1)
2022-11-23 13:29:31,132 [f7939ee0-8e95-4b39-add6-ba317897dc07@group-E16F096398F5-LeaderElection2] INFO  impl.RoleInfo (RoleInfo.java:shutdownLeaderElection(130)) - f7939ee0-8e95-4b39-add6-ba317897dc07: shutdown f7939ee0-8e95-4b39-add6-ba317897dc07@group-E16F096398F5-LeaderElection2
2022-11-23 13:29:31,132 [f7939ee0-8e95-4b39-add6-ba317897dc07@group-E16F096398F5-LeaderElection2] INFO  server.RaftServer$Division (RaftServerImpl.java:setRole(321)) - f7939ee0-8e95-4b39-add6-ba317897dc07@group-E16F096398F5: changes role from CANDIDATE to LEADER at term 1 for changeToLeader
2022-11-23 13:29:31,132 [f7939ee0-8e95-4b39-add6-ba317897dc07@group-E16F096398F5-LeaderElection2] INFO  ratis.XceiverServerRatis (XceiverServerRatis.java:handleLeaderChangedNotification(863)) - Leader change notification received for group: group-E16F096398F5 with new leaderId: f7939ee0-8e95-4b39-add6-ba317897dc07
2022-11-23 13:29:31,133 [f7939ee0-8e95-4b39-add6-ba317897dc07@group-E16F096398F5-LeaderElection2] INFO  server.RaftServer$Division (ServerState.java:setLeader(313)) - f7939ee0-8e95-4b39-add6-ba317897dc07@group-E16F096398F5: change Leader from null to f7939ee0-8e95-4b39-add6-ba317897dc07 at term 1 for becomeLeader, leader elected after 5133ms
2022-11-23 13:29:31,133 [f7939ee0-8e95-4b39-add6-ba317897dc07@group-E16F096398F5-LeaderElection2] INFO  server.RaftServerConfigKeys (ConfUtils.java:logGet(46)) - raft.server.staging.catchup.gap = 1000 (default)
2022-11-23 13:29:31,136 [f7939ee0-8e95-4b39-add6-ba317897dc07@group-E16F096398F5-LeaderElection2] INFO  server.RaftServerConfigKeys (ConfUtils.java:logGet(46)) - raft.server.write.element-limit = 1024 (custom)
2022-11-23 13:29:31,136 [f7939ee0-8e95-4b39-add6-ba317897dc07@group-E16F096398F5-LeaderElection2] INFO  server.RaftServerConfigKeys (ConfUtils.java:logGet(46)) - raft.server.write.byte-limit = 1024 M (=1073741824) (custom)
2022-11-23 13:29:31,136 [EventQueue-OpenPipelineForHealthyPipelineSafeModeRule] INFO  safemode.SCMSafeModeManager (HealthyPipelineSafeModeRule.java:process(137)) - SCM in safe mode. Healthy pipelines reported count is 0, required healthy pipeline reported count is 1
2022-11-23 13:29:31,137 [f7939ee0-8e95-4b39-add6-ba317897dc07@group-E16F096398F5-LeaderElection2] INFO  server.RaftServerConfigKeys (ConfUtils.java:logGet(46)) - raft.server.watch.timeout = 180s (custom)
2022-11-23 13:29:31,137 [f7939ee0-8e95-4b39-add6-ba317897dc07@group-E16F096398F5-LeaderElection2] INFO  server.RaftServerConfigKeys (ConfUtils.java:logGet(46)) - raft.server.watch.timeout.denomination = 1s (default)
2022-11-23 13:29:31,137 [f7939ee0-8e95-4b39-add6-ba317897dc07@group-E16F096398F5-LeaderElection2] INFO  server.RaftServerConfigKeys (ConfUtils.java:logGet(46)) - raft.server.watch.element-limit = 65536 (default)
2022-11-23 13:29:31,137 [f7939ee0-8e95-4b39-add6-ba317897dc07@group-E16F096398F5-LeaderElection2] INFO  server.RaftServerConfigKeys (ConfUtils.java:logGet(46)) - raft.server.write.element-limit = 1024 (custom)
2022-11-23 13:29:31,137 [f7939ee0-8e95-4b39-add6-ba317897dc07@group-E16F096398F5-LeaderElection2] INFO  server.RaftServerConfigKeys (ConfUtils.java:logGet(46)) - raft.server.write.follower.gap.ratio.max = -1.0 (default)
2022-11-23 13:29:31,137 [f7939ee0-8e95-4b39-add6-ba317897dc07@group-E16F096398F5-LeaderElection2] INFO  impl.RoleInfo (RoleInfo.java:updateAndGet(139)) - f7939ee0-8e95-4b39-add6-ba317897dc07: start f7939ee0-8e95-4b39-add6-ba317897dc07@group-E16F096398F5-LeaderStateImpl
2022-11-23 13:29:31,137 [f7939ee0-8e95-4b39-add6-ba317897dc07@group-E16F096398F5-LeaderElection2] INFO  segmented.SegmentedRaftLogWorker (SegmentedRaftLogWorker.java:startLogSegment(452)) - f7939ee0-8e95-4b39-add6-ba317897dc07@group-E16F096398F5-SegmentedRaftLogWorker: Starting segment from index:0
2022-11-23 13:29:31,139 [f7939ee0-8e95-4b39-add6-ba317897dc07@group-E16F096398F5-SegmentedRaftLogWorker] INFO  segmented.SegmentedRaftLogWorker (SegmentedRaftLogWorker.java:execute(656)) - f7939ee0-8e95-4b39-add6-ba317897dc07@group-E16F096398F5-SegmentedRaftLogWorker: created new log segment /home/runner/work/ozone/ozone/hadoop-ozone/integration-test/target/test-dir/MiniOzoneClusterImpl-eee7442c-9747-40b9-9476-ee0de7f6c5d3/datanode-0/data/ratis/9f88a384-167d-4735-8629-e16f096398f5/current/log_inprogress_0
2022-11-23 13:29:31,144 [f7939ee0-8e95-4b39-add6-ba317897dc07@group-E16F096398F5-LeaderElection2] INFO  server.RaftServer$Division (ServerState.java:setRaftConf(430)) - f7939ee0-8e95-4b39-add6-ba317897dc07@group-E16F096398F5: set configuration 0: peers:[f7939ee0-8e95-4b39-add6-ba317897dc07|rpc:10.1.0.249:38319|dataStream:|priority:1|startupRole:FOLLOWER]|listeners:[], old=null
2022-11-23 13:29:31,163 [f7939ee0-8e95-4b39-add6-ba317897dc07@group-9A43DA357A05-FollowerState] INFO  impl.FollowerState (FollowerState.java:run(143)) - f7939ee0-8e95-4b39-add6-ba317897dc07@group-9A43DA357A05-FollowerState: change to CANDIDATE, lastRpcElapsedTime:5058614782ns, electionTimeout:5056ms
2022-11-23 13:29:31,164 [f7939ee0-8e95-4b39-add6-ba317897dc07@group-9A43DA357A05-FollowerState] INFO  impl.RoleInfo (RoleInfo.java:shutdownFollowerState(110)) - f7939ee0-8e95-4b39-add6-ba317897dc07: shutdown f7939ee0-8e95-4b39-add6-ba317897dc07@group-9A43DA357A05-FollowerState
2022-11-23 13:29:31,164 [f7939ee0-8e95-4b39-add6-ba317897dc07@group-9A43DA357A05-FollowerState] INFO  server.RaftServer$Division (RaftServerImpl.java:setRole(321)) - f7939ee0-8e95-4b39-add6-ba317897dc07@group-9A43DA357A05: changes role from  FOLLOWER to CANDIDATE at term 0 for changeToCandidate
2022-11-23 13:29:31,165 [f7939ee0-8e95-4b39-add6-ba317897dc07@group-9A43DA357A05-FollowerState] INFO  server.RaftServerConfigKeys (ConfUtils.java:logGet(46)) - raft.server.leaderelection.pre-vote = false (custom)
2022-11-23 13:29:31,165 [f7939ee0-8e95-4b39-add6-ba317897dc07@group-9A43DA357A05-FollowerState] INFO  impl.RoleInfo (RoleInfo.java:updateAndGet(139)) - f7939ee0-8e95-4b39-add6-ba317897dc07: start f7939ee0-8e95-4b39-add6-ba317897dc07@group-9A43DA357A05-LeaderElection3
2022-11-23 13:29:31,179 [f7939ee0-8e95-4b39-add6-ba317897dc07@group-9A43DA357A05-LeaderElection3] INFO  impl.LeaderElection (LeaderElection.java:askForVotes(312)) - f7939ee0-8e95-4b39-add6-ba317897dc07@group-9A43DA357A05-LeaderElection3 ELECTION round 0: submit vote requests at term 1 for -1: peers:[6a8ee904-5ab9-4c32-b911-3e68ea38425f|rpc:10.1.0.249:36327|priority:0|startupRole:FOLLOWER, 3a1872ea-adb8-40a7-8f64-b5952ddb9b5f|rpc:10.1.0.249:36863|priority:1|startupRole:FOLLOWER, f7939ee0-8e95-4b39-add6-ba317897dc07|rpc:10.1.0.249:38319|priority:0|startupRole:FOLLOWER]|listeners:[], old=null
2022-11-23 13:29:31,186 [f7939ee0-8e95-4b39-add6-ba317897dc07@group-9A43DA357A05-LeaderElection3-1] INFO  server.GrpcServerProtocolClient (GrpcServerProtocolClient.java:<init>(63)) - Build channel for 6a8ee904-5ab9-4c32-b911-3e68ea38425f
2022-11-23 13:29:31,190 [f7939ee0-8e95-4b39-add6-ba317897dc07@group-9A43DA357A05-LeaderElection3] INFO  server.RaftServerConfigKeys (ConfUtils.java:logFallback(53)) - raft.server.rpc.first-election.timeout.min = 5s (fallback to raft.server.rpc.timeout.min)
2022-11-23 13:29:31,196 [f7939ee0-8e95-4b39-add6-ba317897dc07@group-9A43DA357A05-LeaderElection3] INFO  server.RaftServerConfigKeys (ConfUtils.java:logFallback(53)) - raft.server.rpc.first-election.timeout.max = 5200ms (fallback to raft.server.rpc.timeout.max)
2022-11-23 13:29:31,198 [f7939ee0-8e95-4b39-add6-ba317897dc07@group-9A43DA357A05-LeaderElection3-2] INFO  server.GrpcServerProtocolClient (GrpcServerProtocolClient.java:<init>(63)) - Build channel for 3a1872ea-adb8-40a7-8f64-b5952ddb9b5f
2022-11-23 13:29:31,227 [grpc-default-executor-0] INFO  server.RaftServer$Division (RaftServerImpl.java:requestVote(1218)) - 6a8ee904-5ab9-4c32-b911-3e68ea38425f@group-9A43DA357A05: receive requestVote(ELECTION, f7939ee0-8e95-4b39-add6-ba317897dc07, group-9A43DA357A05, 1, (t:0, i:0))
2022-11-23 13:29:31,230 [grpc-default-executor-1] INFO  server.RaftServer$Division (RaftServerImpl.java:requestVote(1218)) - 3a1872ea-adb8-40a7-8f64-b5952ddb9b5f@group-9A43DA357A05: receive requestVote(ELECTION, f7939ee0-8e95-4b39-add6-ba317897dc07, group-9A43DA357A05, 1, (t:0, i:0))
2022-11-23 13:29:31,233 [grpc-default-executor-0] INFO  impl.VoteContext (VoteContext.java:log(48)) - 6a8ee904-5ab9-4c32-b911-3e68ea38425f@group-9A43DA357A05-FOLLOWER: accept ELECTION from f7939ee0-8e95-4b39-add6-ba317897dc07: our priority 0 <= candidate's priority 0
2022-11-23 13:29:31,233 [grpc-default-executor-1] INFO  impl.VoteContext (VoteContext.java:log(48)) - 3a1872ea-adb8-40a7-8f64-b5952ddb9b5f@group-9A43DA357A05-FOLLOWER: reject ELECTION from f7939ee0-8e95-4b39-add6-ba317897dc07: our priority 1 > candidate's priority 0
2022-11-23 13:29:31,236 [grpc-default-executor-1] INFO  server.RaftServer$Division (RaftServerImpl.java:setRole(321)) - 3a1872ea-adb8-40a7-8f64-b5952ddb9b5f@group-9A43DA357A05: changes role from  FOLLOWER to FOLLOWER at term 1 for candidate:f7939ee0-8e95-4b39-add6-ba317897dc07
2022-11-23 13:29:31,236 [grpc-default-executor-1] INFO  impl.RoleInfo (RoleInfo.java:shutdownFollowerState(110)) - 3a1872ea-adb8-40a7-8f64-b5952ddb9b5f: shutdown 3a1872ea-adb8-40a7-8f64-b5952ddb9b5f@group-9A43DA357A05-FollowerState
2022-11-23 13:29:31,236 [3a1872ea-adb8-40a7-8f64-b5952ddb9b5f@group-9A43DA357A05-FollowerState] INFO  impl.FollowerState (FollowerState.java:run(152)) - 3a1872ea-adb8-40a7-8f64-b5952ddb9b5f@group-9A43DA357A05-FollowerState was interrupted
2022-11-23 13:29:31,236 [grpc-default-executor-0] INFO  server.RaftServer$Division (RaftServerImpl.java:setRole(321)) - 6a8ee904-5ab9-4c32-b911-3e68ea38425f@group-9A43DA357A05: changes role from  FOLLOWER to FOLLOWER at term 1 for candidate:f7939ee0-8e95-4b39-add6-ba317897dc07
2022-11-23 13:29:31,237 [grpc-default-executor-0] INFO  impl.RoleInfo (RoleInfo.java:shutdownFollowerState(110)) - 6a8ee904-5ab9-4c32-b911-3e68ea38425f: shutdown 6a8ee904-5ab9-4c32-b911-3e68ea38425f@group-9A43DA357A05-FollowerState
2022-11-23 13:29:31,237 [6a8ee904-5ab9-4c32-b911-3e68ea38425f@group-9A43DA357A05-FollowerState] INFO  impl.FollowerState (FollowerState.java:run(152)) - 6a8ee904-5ab9-4c32-b911-3e68ea38425f@group-9A43DA357A05-FollowerState was interrupted
2022-11-23 13:29:31,240 [grpc-default-executor-1] INFO  impl.RoleInfo (RoleInfo.java:updateAndGet(139)) - 3a1872ea-adb8-40a7-8f64-b5952ddb9b5f: start 3a1872ea-adb8-40a7-8f64-b5952ddb9b5f@group-9A43DA357A05-FollowerState
2022-11-23 13:29:31,248 [grpc-default-executor-0] INFO  impl.RoleInfo (RoleInfo.java:updateAndGet(139)) - 6a8ee904-5ab9-4c32-b911-3e68ea38425f: start 6a8ee904-5ab9-4c32-b911-3e68ea38425f@group-9A43DA357A05-FollowerState
2022-11-23 13:29:31,249 [3a1872ea-adb8-40a7-8f64-b5952ddb9b5f@group-9A43DA357A05-FollowerState] INFO  server.RaftServerConfigKeys (ConfUtils.java:logFallback(53)) - raft.server.rpc.first-election.timeout.min = 5s (fallback to raft.server.rpc.timeout.min)
2022-11-23 13:29:31,251 [3a1872ea-adb8-40a7-8f64-b5952ddb9b5f@group-9A43DA357A05-FollowerState] INFO  server.RaftServerConfigKeys (ConfUtils.java:logFallback(53)) - raft.server.rpc.first-election.timeout.max = 5200ms (fallback to raft.server.rpc.timeout.max)
2022-11-23 13:29:31,252 [grpc-default-executor-1] INFO  server.RaftServer$Division (RaftServerImpl.java:requestVote(1251)) - 3a1872ea-adb8-40a7-8f64-b5952ddb9b5f@group-9A43DA357A05 replies to ELECTION vote request: f7939ee0-8e95-4b39-add6-ba317897dc07<-3a1872ea-adb8-40a7-8f64-b5952ddb9b5f#0:FAIL-t1. Peer's state: 3a1872ea-adb8-40a7-8f64-b5952ddb9b5f@group-9A43DA357A05:t1, leader=null, voted=null, raftlog=Memoized:3a1872ea-adb8-40a7-8f64-b5952ddb9b5f@group-9A43DA357A05-SegmentedRaftLog:OPENED:c-1, conf=-1: peers:[6a8ee904-5ab9-4c32-b911-3e68ea38425f|rpc:10.1.0.249:36327|dataStream:|priority:0|startupRole:FOLLOWER, 3a1872ea-adb8-40a7-8f64-b5952ddb9b5f|rpc:10.1.0.249:36863|dataStream:|priority:1|startupRole:FOLLOWER, f7939ee0-8e95-4b39-add6-ba317897dc07|rpc:10.1.0.249:38319|dataStream:|priority:0|startupRole:FOLLOWER]|listeners:[], old=null
2022-11-23 13:29:31,252 [grpc-default-executor-0] INFO  server.RaftServer$Division (RaftServerImpl.java:requestVote(1251)) - 6a8ee904-5ab9-4c32-b911-3e68ea38425f@group-9A43DA357A05 replies to ELECTION vote request: f7939ee0-8e95-4b39-add6-ba317897dc07<-6a8ee904-5ab9-4c32-b911-3e68ea38425f#0:OK-t1. Peer's state: 6a8ee904-5ab9-4c32-b911-3e68ea38425f@group-9A43DA357A05:t1, leader=null, voted=f7939ee0-8e95-4b39-add6-ba317897dc07, raftlog=Memoized:6a8ee904-5ab9-4c32-b911-3e68ea38425f@group-9A43DA357A05-SegmentedRaftLog:OPENED:c-1, conf=-1: peers:[6a8ee904-5ab9-4c32-b911-3e68ea38425f|rpc:10.1.0.249:36327|priority:0|startupRole:FOLLOWER, 3a1872ea-adb8-40a7-8f64-b5952ddb9b5f|rpc:10.1.0.249:36863|priority:1|startupRole:FOLLOWER, f7939ee0-8e95-4b39-add6-ba317897dc07|rpc:10.1.0.249:38319|priority:0|startupRole:FOLLOWER]|listeners:[], old=null
2022-11-23 13:29:31,256 [f7939ee0-8e95-4b39-add6-ba317897dc07@group-9A43DA357A05-LeaderElection3] INFO  impl.LeaderElection (LeaderElection.java:logAndReturn(90)) - f7939ee0-8e95-4b39-add6-ba317897dc07@group-9A43DA357A05-LeaderElection3: ELECTION REJECTED received 1 response(s) and 0 exception(s):
2022-11-23 13:29:31,257 [f7939ee0-8e95-4b39-add6-ba317897dc07@group-9A43DA357A05-LeaderElection3] INFO  impl.LeaderElection (LeaderElection.java:logAndReturn(94)) -   Response 0: f7939ee0-8e95-4b39-add6-ba317897dc07<-3a1872ea-adb8-40a7-8f64-b5952ddb9b5f#0:FAIL-t1
2022-11-23 13:29:31,257 [f7939ee0-8e95-4b39-add6-ba317897dc07@group-9A43DA357A05-LeaderElection3] INFO  impl.LeaderElection (LeaderElection.java:askForVotes(314)) - f7939ee0-8e95-4b39-add6-ba317897dc07@group-9A43DA357A05-LeaderElection3 ELECTION round 0: result REJECTED
2022-11-23 13:29:31,257 [f7939ee0-8e95-4b39-add6-ba317897dc07@group-9A43DA357A05-LeaderElection3] INFO  server.RaftServer$Division (RaftServerImpl.java:setRole(321)) - f7939ee0-8e95-4b39-add6-ba317897dc07@group-9A43DA357A05: changes role from CANDIDATE to FOLLOWER at term 1 for REJECTED
2022-11-23 13:29:31,257 [f7939ee0-8e95-4b39-add6-ba317897dc07@group-9A43DA357A05-LeaderElection3] INFO  impl.RoleInfo (RoleInfo.java:shutdownLeaderElection(130)) - f7939ee0-8e95-4b39-add6-ba317897dc07: shutdown f7939ee0-8e95-4b39-add6-ba317897dc07@group-9A43DA357A05-LeaderElection3
2022-11-23 13:29:31,257 [f7939ee0-8e95-4b39-add6-ba317897dc07@group-9A43DA357A05-LeaderElection3] INFO  impl.RoleInfo (RoleInfo.java:updateAndGet(139)) - f7939ee0-8e95-4b39-add6-ba317897dc07: start f7939ee0-8e95-4b39-add6-ba317897dc07@group-9A43DA357A05-FollowerState
2022-11-23 13:29:31,272 [6a8ee904-5ab9-4c32-b911-3e68ea38425f@group-9A43DA357A05-FollowerState] INFO  server.RaftServerConfigKeys (ConfUtils.java:logFallback(53)) - raft.server.rpc.first-election.timeout.min = 5s (fallback to raft.server.rpc.timeout.min)
2022-11-23 13:29:31,276 [6a8ee904-5ab9-4c32-b911-3e68ea38425f@group-9A43DA357A05-FollowerState] INFO  server.RaftServerConfigKeys (ConfUtils.java:logFallback(53)) - raft.server.rpc.first-election.timeout.max = 5200ms (fallback to raft.server.rpc.timeout.max)
2022-11-23 13:29:31,272 [f7939ee0-8e95-4b39-add6-ba317897dc07@group-9A43DA357A05-FollowerState] INFO  server.RaftServerConfigKeys (ConfUtils.java:logFallback(53)) - raft.server.rpc.first-election.timeout.min = 5s (fallback to raft.server.rpc.timeout.min)
2022-11-23 13:29:31,276 [f7939ee0-8e95-4b39-add6-ba317897dc07@group-9A43DA357A05-FollowerState] INFO  server.RaftServerConfigKeys (ConfUtils.java:logFallback(53)) - raft.server.rpc.first-election.timeout.max = 5200ms (fallback to raft.server.rpc.timeout.max)
2022-11-23 13:29:31,693 [6a8ee904-5ab9-4c32-b911-3e68ea38425f@group-E67AC4275852-FollowerState] INFO  impl.FollowerState (FollowerState.java:run(143)) - 6a8ee904-5ab9-4c32-b911-3e68ea38425f@group-E67AC4275852-FollowerState: change to CANDIDATE, lastRpcElapsedTime:5047960271ns, electionTimeout:5038ms
2022-11-23 13:29:31,693 [6a8ee904-5ab9-4c32-b911-3e68ea38425f@group-E67AC4275852-FollowerState] INFO  impl.RoleInfo (RoleInfo.java:shutdownFollowerState(110)) - 6a8ee904-5ab9-4c32-b911-3e68ea38425f: shutdown 6a8ee904-5ab9-4c32-b911-3e68ea38425f@group-E67AC4275852-FollowerState
2022-11-23 13:29:31,693 [6a8ee904-5ab9-4c32-b911-3e68ea38425f@group-E67AC4275852-FollowerState] INFO  server.RaftServer$Division (RaftServerImpl.java:setRole(321)) - 6a8ee904-5ab9-4c32-b911-3e68ea38425f@group-E67AC4275852: changes role from  FOLLOWER to CANDIDATE at term 0 for changeToCandidate
2022-11-23 13:29:31,693 [6a8ee904-5ab9-4c32-b911-3e68ea38425f@group-E67AC4275852-FollowerState] INFO  server.RaftServerConfigKeys (ConfUtils.java:logGet(46)) - raft.server.leaderelection.pre-vote = false (custom)
2022-11-23 13:29:31,694 [6a8ee904-5ab9-4c32-b911-3e68ea38425f@group-E67AC4275852-FollowerState] INFO  impl.RoleInfo (RoleInfo.java:updateAndGet(139)) - 6a8ee904-5ab9-4c32-b911-3e68ea38425f: start 6a8ee904-5ab9-4c32-b911-3e68ea38425f@group-E67AC4275852-LeaderElection4
2022-11-23 13:29:31,699 [6a8ee904-5ab9-4c32-b911-3e68ea38425f@group-E67AC4275852-LeaderElection4] INFO  impl.LeaderElection (LeaderElection.java:askForVotes(312)) - 6a8ee904-5ab9-4c32-b911-3e68ea38425f@group-E67AC4275852-LeaderElection4 ELECTION round 0: submit vote requests at term 1 for -1: peers:[6a8ee904-5ab9-4c32-b911-3e68ea38425f|rpc:10.1.0.249:36327|priority:1|startupRole:FOLLOWER]|listeners:[], old=null
2022-11-23 13:29:31,699 [6a8ee904-5ab9-4c32-b911-3e68ea38425f@group-E67AC4275852-LeaderElection4] INFO  impl.LeaderElection (LeaderElection.java:askForVotes(314)) - 6a8ee904-5ab9-4c32-b911-3e68ea38425f@group-E67AC4275852-LeaderElection4 ELECTION round 0: result PASSED (term=1)
2022-11-23 13:29:31,699 [6a8ee904-5ab9-4c32-b911-3e68ea38425f@group-E67AC4275852-LeaderElection4] INFO  impl.RoleInfo (RoleInfo.java:shutdownLeaderElection(130)) - 6a8ee904-5ab9-4c32-b911-3e68ea38425f: shutdown 6a8ee904-5ab9-4c32-b911-3e68ea38425f@group-E67AC4275852-LeaderElection4
2022-11-23 13:29:31,699 [6a8ee904-5ab9-4c32-b911-3e68ea38425f@group-E67AC4275852-LeaderElection4] INFO  server.RaftServer$Division (RaftServerImpl.java:setRole(321)) - 6a8ee904-5ab9-4c32-b911-3e68ea38425f@group-E67AC4275852: changes role from CANDIDATE to LEADER at term 1 for changeToLeader
2022-11-23 13:29:31,699 [6a8ee904-5ab9-4c32-b911-3e68ea38425f@group-E67AC4275852-LeaderElection4] INFO  ratis.XceiverServerRatis (XceiverServerRatis.java:handleLeaderChangedNotification(863)) - Leader change notification received for group: group-E67AC4275852 with new leaderId: 6a8ee904-5ab9-4c32-b911-3e68ea38425f
2022-11-23 13:29:31,699 [6a8ee904-5ab9-4c32-b911-3e68ea38425f@group-E67AC4275852-LeaderElection4] INFO  server.RaftServer$Division (ServerState.java:setLeader(313)) - 6a8ee904-5ab9-4c32-b911-3e68ea38425f@group-E67AC4275852: change Leader from null to 6a8ee904-5ab9-4c32-b911-3e68ea38425f at term 1 for becomeLeader, leader elected after 5085ms
2022-11-23 13:29:31,700 [6a8ee904-5ab9-4c32-b911-3e68ea38425f@group-E67AC4275852-LeaderElection4] INFO  server.RaftServerConfigKeys (ConfUtils.java:logGet(46)) - raft.server.staging.catchup.gap = 1000 (default)
2022-11-23 13:29:31,700 [6a8ee904-5ab9-4c32-b911-3e68ea38425f@group-E67AC4275852-LeaderElection4] INFO  server.RaftServerConfigKeys (ConfUtils.java:logGet(46)) - raft.server.write.element-limit = 1024 (custom)
2022-11-23 13:29:31,701 [6a8ee904-5ab9-4c32-b911-3e68ea38425f@group-E67AC4275852-LeaderElection4] INFO  server.RaftServerConfigKeys (ConfUtils.java:logGet(46)) - raft.server.write.byte-limit = 1024 M (=1073741824) (custom)
2022-11-23 13:29:31,701 [6a8ee904-5ab9-4c32-b911-3e68ea38425f@group-E67AC4275852-LeaderElection4] INFO  server.RaftServerConfigKeys (ConfUtils.java:logGet(46)) - raft.server.watch.timeout = 180s (custom)
2022-11-23 13:29:31,702 [6a8ee904-5ab9-4c32-b911-3e68ea38425f@group-E67AC4275852-LeaderElection4] INFO  server.RaftServerConfigKeys (ConfUtils.java:logGet(46)) - raft.server.watch.timeout.denomination = 1s (default)
2022-11-23 13:29:31,702 [6a8ee904-5ab9-4c32-b911-3e68ea38425f@group-E67AC4275852-LeaderElection4] INFO  server.RaftServerConfigKeys (ConfUtils.java:logGet(46)) - raft.server.watch.element-limit = 65536 (default)
2022-11-23 13:29:31,702 [EventQueue-OpenPipelineForHealthyPipelineSafeModeRule] INFO  safemode.SCMSafeModeManager (HealthyPipelineSafeModeRule.java:process(137)) - SCM in safe mode. Healthy pipelines reported count is 0, required healthy pipeline reported count is 1
2022-11-23 13:29:31,708 [6a8ee904-5ab9-4c32-b911-3e68ea38425f@group-E67AC4275852-LeaderElection4] INFO  server.RaftServerConfigKeys (ConfUtils.java:logGet(46)) - raft.server.write.element-limit = 1024 (custom)
2022-11-23 13:29:31,708 [6a8ee904-5ab9-4c32-b911-3e68ea38425f@group-E67AC4275852-LeaderElection4] INFO  server.RaftServerConfigKeys (ConfUtils.java:logGet(46)) - raft.server.write.follower.gap.ratio.max = -1.0 (default)
2022-11-23 13:29:31,708 [6a8ee904-5ab9-4c32-b911-3e68ea38425f@group-E67AC4275852-LeaderElection4] INFO  impl.RoleInfo (RoleInfo.java:updateAndGet(139)) - 6a8ee904-5ab9-4c32-b911-3e68ea38425f: start 6a8ee904-5ab9-4c32-b911-3e68ea38425f@group-E67AC4275852-LeaderStateImpl
2022-11-23 13:29:31,708 [6a8ee904-5ab9-4c32-b911-3e68ea38425f@group-E67AC4275852-LeaderElection4] INFO  segmented.SegmentedRaftLogWorker (SegmentedRaftLogWorker.java:startLogSegment(452)) - 6a8ee904-5ab9-4c32-b911-3e68ea38425f@group-E67AC4275852-SegmentedRaftLogWorker: Starting segment from index:0
2022-11-23 13:29:31,710 [6a8ee904-5ab9-4c32-b911-3e68ea38425f@group-E67AC4275852-SegmentedRaftLogWorker] INFO  segmented.SegmentedRaftLogWorker (SegmentedRaftLogWorker.java:execute(656)) - 6a8ee904-5ab9-4c32-b911-3e68ea38425f@group-E67AC4275852-SegmentedRaftLogWorker: created new log segment /home/runner/work/ozone/ozone/hadoop-ozone/integration-test/target/test-dir/MiniOzoneClusterImpl-eee7442c-9747-40b9-9476-ee0de7f6c5d3/datanode-1/data/ratis/66704b17-3373-4c88-8ef7-e67ac4275852/current/log_inprogress_0
2022-11-23 13:29:31,710 [6a8ee904-5ab9-4c32-b911-3e68ea38425f@group-E67AC4275852-LeaderElection4] INFO  server.RaftServer$Division (ServerState.java:setRaftConf(430)) - 6a8ee904-5ab9-4c32-b911-3e68ea38425f@group-E67AC4275852: set configuration 0: peers:[6a8ee904-5ab9-4c32-b911-3e68ea38425f|rpc:10.1.0.249:36327|dataStream:|priority:1|startupRole:FOLLOWER]|listeners:[], old=null
2022-11-23 13:29:32,005 [Listener at 127.0.0.1/45507] INFO  ozone.MiniOzoneClusterImpl (MiniOzoneClusterImpl.java:lambda$waitForClusterToBeReady$0(216)) - Nodes are ready. Got 3 of 3 DN Heartbeats.
2022-11-23 13:29:32,005 [Listener at 127.0.0.1/45507] INFO  ozone.MiniOzoneClusterImpl (MiniOzoneClusterImpl.java:lambda$waitForClusterToBeReady$0(219)) - Waiting for cluster to exit safe mode
2022-11-23 13:29:32,005 [Listener at 127.0.0.1/45507] INFO  ozone.MiniOzoneClusterImpl (MiniOzoneClusterImpl.java:lambda$waitForClusterToBeReady$0(221)) - SCM became leader
2022-11-23 13:29:32,066 [f7939ee0-8e95-4b39-add6-ba317897dc07@group-571EA458250C-FollowerState] INFO  impl.FollowerState (FollowerState.java:run(143)) - f7939ee0-8e95-4b39-add6-ba317897dc07@group-571EA458250C-FollowerState: change to CANDIDATE, lastRpcElapsedTime:5082609264ns, electionTimeout:5069ms
2022-11-23 13:29:32,067 [f7939ee0-8e95-4b39-add6-ba317897dc07@group-571EA458250C-FollowerState] INFO  impl.RoleInfo (RoleInfo.java:shutdownFollowerState(110)) - f7939ee0-8e95-4b39-add6-ba317897dc07: shutdown f7939ee0-8e95-4b39-add6-ba317897dc07@group-571EA458250C-FollowerState
2022-11-23 13:29:32,067 [f7939ee0-8e95-4b39-add6-ba317897dc07@group-571EA458250C-FollowerState] INFO  server.RaftServer$Division (RaftServerImpl.java:setRole(321)) - f7939ee0-8e95-4b39-add6-ba317897dc07@group-571EA458250C: changes role from  FOLLOWER to CANDIDATE at term 0 for changeToCandidate
2022-11-23 13:29:32,067 [f7939ee0-8e95-4b39-add6-ba317897dc07@group-571EA458250C-FollowerState] INFO  server.RaftServerConfigKeys (ConfUtils.java:logGet(46)) - raft.server.leaderelection.pre-vote = false (custom)
2022-11-23 13:29:32,067 [f7939ee0-8e95-4b39-add6-ba317897dc07@group-571EA458250C-FollowerState] INFO  impl.RoleInfo (RoleInfo.java:updateAndGet(139)) - f7939ee0-8e95-4b39-add6-ba317897dc07: start f7939ee0-8e95-4b39-add6-ba317897dc07@group-571EA458250C-LeaderElection5
2022-11-23 13:29:32,070 [f7939ee0-8e95-4b39-add6-ba317897dc07@group-571EA458250C-LeaderElection5] INFO  impl.LeaderElection (LeaderElection.java:askForVotes(312)) - f7939ee0-8e95-4b39-add6-ba317897dc07@group-571EA458250C-LeaderElection5 ELECTION round 0: submit vote requests at term 1 for -1: peers:[6a8ee904-5ab9-4c32-b911-3e68ea38425f|rpc:10.1.0.249:36327|priority:0|startupRole:FOLLOWER, 3a1872ea-adb8-40a7-8f64-b5952ddb9b5f|rpc:10.1.0.249:36863|priority:0|startupRole:FOLLOWER, f7939ee0-8e95-4b39-add6-ba317897dc07|rpc:10.1.0.249:38319|priority:1|startupRole:FOLLOWER]|listeners:[], old=null
2022-11-23 13:29:32,071 [f7939ee0-8e95-4b39-add6-ba317897dc07@group-571EA458250C-LeaderElection5] INFO  server.RaftServerConfigKeys (ConfUtils.java:logFallback(53)) - raft.server.rpc.first-election.timeout.min = 5s (fallback to raft.server.rpc.timeout.min)
2022-11-23 13:29:32,071 [f7939ee0-8e95-4b39-add6-ba317897dc07@group-571EA458250C-LeaderElection5] INFO  server.RaftServerConfigKeys (ConfUtils.java:logFallback(53)) - raft.server.rpc.first-election.timeout.max = 5200ms (fallback to raft.server.rpc.timeout.max)
2022-11-23 13:29:32,079 [grpc-default-executor-0] INFO  server.RaftServer$Division (RaftServerImpl.java:requestVote(1218)) - 3a1872ea-adb8-40a7-8f64-b5952ddb9b5f@group-571EA458250C: receive requestVote(ELECTION, f7939ee0-8e95-4b39-add6-ba317897dc07, group-571EA458250C, 1, (t:0, i:0))
2022-11-23 13:29:32,081 [grpc-default-executor-0] INFO  impl.VoteContext (VoteContext.java:log(48)) - 3a1872ea-adb8-40a7-8f64-b5952ddb9b5f@group-571EA458250C-FOLLOWER: accept ELECTION from f7939ee0-8e95-4b39-add6-ba317897dc07: our priority 0 <= candidate's priority 1
2022-11-23 13:29:32,081 [grpc-default-executor-0] INFO  server.RaftServer$Division (RaftServerImpl.java:setRole(321)) - 3a1872ea-adb8-40a7-8f64-b5952ddb9b5f@group-571EA458250C: changes role from  FOLLOWER to FOLLOWER at term 1 for candidate:f7939ee0-8e95-4b39-add6-ba317897dc07
2022-11-23 13:29:32,081 [grpc-default-executor-0] INFO  impl.RoleInfo (RoleInfo.java:shutdownFollowerState(110)) - 3a1872ea-adb8-40a7-8f64-b5952ddb9b5f: shutdown 3a1872ea-adb8-40a7-8f64-b5952ddb9b5f@group-571EA458250C-FollowerState
2022-11-23 13:29:32,081 [grpc-default-executor-0] INFO  impl.RoleInfo (RoleInfo.java:updateAndGet(139)) - 3a1872ea-adb8-40a7-8f64-b5952ddb9b5f: start 3a1872ea-adb8-40a7-8f64-b5952ddb9b5f@group-571EA458250C-FollowerState
2022-11-23 13:29:32,081 [3a1872ea-adb8-40a7-8f64-b5952ddb9b5f@group-571EA458250C-FollowerState] INFO  impl.FollowerState (FollowerState.java:run(152)) - 3a1872ea-adb8-40a7-8f64-b5952ddb9b5f@group-571EA458250C-FollowerState was interrupted
2022-11-23 13:29:32,081 [3a1872ea-adb8-40a7-8f64-b5952ddb9b5f@group-571EA458250C-FollowerState] INFO  server.RaftServerConfigKeys (ConfUtils.java:logFallback(53)) - raft.server.rpc.first-election.timeout.min = 5s (fallback to raft.server.rpc.timeout.min)
2022-11-23 13:29:32,086 [3a1872ea-adb8-40a7-8f64-b5952ddb9b5f@group-571EA458250C-FollowerState] INFO  server.RaftServerConfigKeys (ConfUtils.java:logFallback(53)) - raft.server.rpc.first-election.timeout.max = 5200ms (fallback to raft.server.rpc.timeout.max)
2022-11-23 13:29:32,088 [grpc-default-executor-0] INFO  server.RaftServer$Division (RaftServerImpl.java:requestVote(1251)) - 3a1872ea-adb8-40a7-8f64-b5952ddb9b5f@group-571EA458250C replies to ELECTION vote request: f7939ee0-8e95-4b39-add6-ba317897dc07<-3a1872ea-adb8-40a7-8f64-b5952ddb9b5f#0:OK-t1. Peer's state: 3a1872ea-adb8-40a7-8f64-b5952ddb9b5f@group-571EA458250C:t1, leader=null, voted=f7939ee0-8e95-4b39-add6-ba317897dc07, raftlog=Memoized:3a1872ea-adb8-40a7-8f64-b5952ddb9b5f@group-571EA458250C-SegmentedRaftLog:OPENED:c-1, conf=-1: peers:[6a8ee904-5ab9-4c32-b911-3e68ea38425f|rpc:10.1.0.249:36327|dataStream:|priority:0|startupRole:FOLLOWER, 3a1872ea-adb8-40a7-8f64-b5952ddb9b5f|rpc:10.1.0.249:36863|dataStream:|priority:0|startupRole:FOLLOWER, f7939ee0-8e95-4b39-add6-ba317897dc07|rpc:10.1.0.249:38319|dataStream:|priority:1|startupRole:FOLLOWER]|listeners:[], old=null
2022-11-23 13:29:32,088 [3a1872ea-adb8-40a7-8f64-b5952ddb9b5f@group-5AF22BAC86B1-FollowerState] INFO  impl.FollowerState (FollowerState.java:run(143)) - 3a1872ea-adb8-40a7-8f64-b5952ddb9b5f@group-5AF22BAC86B1-FollowerState: change to CANDIDATE, lastRpcElapsedTime:5053134356ns, electionTimeout:5044ms
2022-11-23 13:29:32,088 [3a1872ea-adb8-40a7-8f64-b5952ddb9b5f@group-5AF22BAC86B1-FollowerState] INFO  impl.RoleInfo (RoleInfo.java:shutdownFollowerState(110)) - 3a1872ea-adb8-40a7-8f64-b5952ddb9b5f: shutdown 3a1872ea-adb8-40a7-8f64-b5952ddb9b5f@group-5AF22BAC86B1-FollowerState
2022-11-23 13:29:32,088 [3a1872ea-adb8-40a7-8f64-b5952ddb9b5f@group-5AF22BAC86B1-FollowerState] INFO  server.RaftServer$Division (RaftServerImpl.java:setRole(321)) - 3a1872ea-adb8-40a7-8f64-b5952ddb9b5f@group-5AF22BAC86B1: changes role from  FOLLOWER to CANDIDATE at term 0 for changeToCandidate
2022-11-23 13:29:32,088 [3a1872ea-adb8-40a7-8f64-b5952ddb9b5f@group-5AF22BAC86B1-FollowerState] INFO  server.RaftServerConfigKeys (ConfUtils.java:logGet(46)) - raft.server.leaderelection.pre-vote = false (custom)
2022-11-23 13:29:32,089 [3a1872ea-adb8-40a7-8f64-b5952ddb9b5f@group-5AF22BAC86B1-FollowerState] INFO  impl.RoleInfo (RoleInfo.java:updateAndGet(139)) - 3a1872ea-adb8-40a7-8f64-b5952ddb9b5f: start 3a1872ea-adb8-40a7-8f64-b5952ddb9b5f@group-5AF22BAC86B1-LeaderElection6
2022-11-23 13:29:32,095 [grpc-default-executor-0] INFO  server.RaftServer$Division (RaftServerImpl.java:requestVote(1218)) - 6a8ee904-5ab9-4c32-b911-3e68ea38425f@group-571EA458250C: receive requestVote(ELECTION, f7939ee0-8e95-4b39-add6-ba317897dc07, group-571EA458250C, 1, (t:0, i:0))
2022-11-23 13:29:32,096 [grpc-default-executor-0] INFO  impl.VoteContext (VoteContext.java:log(48)) - 6a8ee904-5ab9-4c32-b911-3e68ea38425f@group-571EA458250C-FOLLOWER: accept ELECTION from f7939ee0-8e95-4b39-add6-ba317897dc07: our priority 0 <= candidate's priority 1
2022-11-23 13:29:32,096 [grpc-default-executor-0] INFO  server.RaftServer$Division (RaftServerImpl.java:setRole(321)) - 6a8ee904-5ab9-4c32-b911-3e68ea38425f@group-571EA458250C: changes role from  FOLLOWER to FOLLOWER at term 1 for candidate:f7939ee0-8e95-4b39-add6-ba317897dc07
2022-11-23 13:29:32,096 [grpc-default-executor-0] INFO  impl.RoleInfo (RoleInfo.java:shutdownFollowerState(110)) - 6a8ee904-5ab9-4c32-b911-3e68ea38425f: shutdown 6a8ee904-5ab9-4c32-b911-3e68ea38425f@group-571EA458250C-FollowerState
2022-11-23 13:29:32,096 [grpc-default-executor-0] INFO  impl.RoleInfo (RoleInfo.java:updateAndGet(139)) - 6a8ee904-5ab9-4c32-b911-3e68ea38425f: start 6a8ee904-5ab9-4c32-b911-3e68ea38425f@group-571EA458250C-FollowerState
2022-11-23 13:29:32,096 [6a8ee904-5ab9-4c32-b911-3e68ea38425f@group-571EA458250C-FollowerState] INFO  impl.FollowerState (FollowerState.java:run(152)) - 6a8ee904-5ab9-4c32-b911-3e68ea38425f@group-571EA458250C-FollowerState was interrupted
2022-11-23 13:29:32,098 [grpc-default-executor-0] INFO  server.RaftServer$Division (RaftServerImpl.java:requestVote(1251)) - 6a8ee904-5ab9-4c32-b911-3e68ea38425f@group-571EA458250C replies to ELECTION vote request: f7939ee0-8e95-4b39-add6-ba317897dc07<-6a8ee904-5ab9-4c32-b911-3e68ea38425f#0:OK-t1. Peer's state: 6a8ee904-5ab9-4c32-b911-3e68ea38425f@group-571EA458250C:t1, leader=null, voted=f7939ee0-8e95-4b39-add6-ba317897dc07, raftlog=Memoized:6a8ee904-5ab9-4c32-b911-3e68ea38425f@group-571EA458250C-SegmentedRaftLog:OPENED:c-1, conf=-1: peers:[6a8ee904-5ab9-4c32-b911-3e68ea38425f|rpc:10.1.0.249:36327|priority:0|startupRole:FOLLOWER, 3a1872ea-adb8-40a7-8f64-b5952ddb9b5f|rpc:10.1.0.249:36863|priority:0|startupRole:FOLLOWER, f7939ee0-8e95-4b39-add6-ba317897dc07|rpc:10.1.0.249:38319|priority:1|startupRole:FOLLOWER]|listeners:[], old=null
2022-11-23 13:29:32,099 [f7939ee0-8e95-4b39-add6-ba317897dc07@group-571EA458250C-LeaderElection5] INFO  impl.LeaderElection (LeaderElection.java:logAndReturn(90)) - f7939ee0-8e95-4b39-add6-ba317897dc07@group-571EA458250C-LeaderElection5: ELECTION PASSED received 1 response(s) and 0 exception(s):
2022-11-23 13:29:32,099 [6a8ee904-5ab9-4c32-b911-3e68ea38425f@group-571EA458250C-FollowerState] INFO  server.RaftServerConfigKeys (ConfUtils.java:logFallback(53)) - raft.server.rpc.first-election.timeout.min = 5s (fallback to raft.server.rpc.timeout.min)
2022-11-23 13:29:32,099 [f7939ee0-8e95-4b39-add6-ba317897dc07@group-571EA458250C-LeaderElection5] INFO  impl.LeaderElection (LeaderElection.java:logAndReturn(94)) -   Response 0: f7939ee0-8e95-4b39-add6-ba317897dc07<-3a1872ea-adb8-40a7-8f64-b5952ddb9b5f#0:OK-t1
2022-11-23 13:29:32,101 [f7939ee0-8e95-4b39-add6-ba317897dc07@group-571EA458250C-LeaderElection5] INFO  impl.LeaderElection (LeaderElection.java:askForVotes(314)) - f7939ee0-8e95-4b39-add6-ba317897dc07@group-571EA458250C-LeaderElection5 ELECTION round 0: result PASSED
2022-11-23 13:29:32,102 [f7939ee0-8e95-4b39-add6-ba317897dc07@group-571EA458250C-LeaderElection5] INFO  impl.RoleInfo (RoleInfo.java:shutdownLeaderElection(130)) - f7939ee0-8e95-4b39-add6-ba317897dc07: shutdown f7939ee0-8e95-4b39-add6-ba317897dc07@group-571EA458250C-LeaderElection5
2022-11-23 13:29:32,102 [f7939ee0-8e95-4b39-add6-ba317897dc07@group-571EA458250C-LeaderElection5] INFO  server.RaftServer$Division (RaftServerImpl.java:setRole(321)) - f7939ee0-8e95-4b39-add6-ba317897dc07@group-571EA458250C: changes role from CANDIDATE to LEADER at term 1 for changeToLeader
2022-11-23 13:29:32,102 [f7939ee0-8e95-4b39-add6-ba317897dc07@group-571EA458250C-LeaderElection5] INFO  ratis.XceiverServerRatis (XceiverServerRatis.java:handleLeaderChangedNotification(863)) - Leader change notification received for group: group-571EA458250C with new leaderId: f7939ee0-8e95-4b39-add6-ba317897dc07
2022-11-23 13:29:32,102 [f7939ee0-8e95-4b39-add6-ba317897dc07@group-571EA458250C-LeaderElection5] INFO  server.RaftServer$Division (ServerState.java:setLeader(313)) - f7939ee0-8e95-4b39-add6-ba317897dc07@group-571EA458250C: change Leader from null to f7939ee0-8e95-4b39-add6-ba317897dc07 at term 1 for becomeLeader, leader elected after 5146ms
2022-11-23 13:29:32,102 [f7939ee0-8e95-4b39-add6-ba317897dc07@group-571EA458250C-LeaderElection5] INFO  server.RaftServerConfigKeys (ConfUtils.java:logGet(46)) - raft.server.staging.catchup.gap = 1000 (default)
2022-11-23 13:29:32,103 [f7939ee0-8e95-4b39-add6-ba317897dc07@group-571EA458250C-LeaderElection5] INFO  server.RaftServerConfigKeys (ConfUtils.java:logGet(46)) - raft.server.write.element-limit = 1024 (custom)
2022-11-23 13:29:32,103 [f7939ee0-8e95-4b39-add6-ba317897dc07@group-571EA458250C-LeaderElection5] INFO  server.RaftServerConfigKeys (ConfUtils.java:logGet(46)) - raft.server.write.byte-limit = 1024 M (=1073741824) (custom)
2022-11-23 13:29:32,103 [f7939ee0-8e95-4b39-add6-ba317897dc07@group-571EA458250C-LeaderElection5] INFO  server.RaftServerConfigKeys (ConfUtils.java:logGet(46)) - raft.server.watch.timeout = 180s (custom)
2022-11-23 13:29:32,104 [f7939ee0-8e95-4b39-add6-ba317897dc07@group-571EA458250C-LeaderElection5] INFO  server.RaftServerConfigKeys (ConfUtils.java:logGet(46)) - raft.server.watch.timeout.denomination = 1s (default)
2022-11-23 13:29:32,104 [f7939ee0-8e95-4b39-add6-ba317897dc07@group-571EA458250C-LeaderElection5] INFO  server.RaftServerConfigKeys (ConfUtils.java:logGet(46)) - raft.server.watch.element-limit = 65536 (default)
2022-11-23 13:29:32,104 [f7939ee0-8e95-4b39-add6-ba317897dc07@group-571EA458250C-LeaderElection5] INFO  server.RaftServerConfigKeys (ConfUtils.java:logGet(46)) - raft.server.write.element-limit = 1024 (custom)
2022-11-23 13:29:32,104 [f7939ee0-8e95-4b39-add6-ba317897dc07@group-571EA458250C-LeaderElection5] INFO  server.RaftServerConfigKeys (ConfUtils.java:logGet(46)) - raft.server.write.follower.gap.ratio.max = -1.0 (default)
2022-11-23 13:29:32,105 [EventQueue-OpenPipelineForHealthyPipelineSafeModeRule] INFO  safemode.SCMSafeModeManager (HealthyPipelineSafeModeRule.java:process(137)) - SCM in safe mode. Healthy pipelines reported count is 0, required healthy pipeline reported count is 1
2022-11-23 13:29:32,105 [EventQueue-PipelineReportForPipelineReportHandler] INFO  pipeline.PipelineManagerImpl (PipelineManagerImpl.java:openPipeline(367)) - Pipeline Pipeline[ Id: 29a707b8-0a69-4214-af80-571ea458250c, Nodes: 3a1872ea-adb8-40a7-8f64-b5952ddb9b5f{ip: 10.1.0.249, host: fv-az449-73.jvjgdiodbn4ungrcbaap0pmvbb.dx.internal.cloudapp.net, ports: [REPLICATION=40921, RATIS=36863, RATIS_ADMIN=36863, RATIS_SERVER=36863, STANDALONE=35029], networkLocation: /default-rack, certSerialId: null, persistedOpState: IN_SERVICE, persistedOpStateExpiryEpochSec: 0}6a8ee904-5ab9-4c32-b911-3e68ea38425f{ip: 10.1.0.249, host: fv-az449-73.jvjgdiodbn4ungrcbaap0pmvbb.dx.internal.cloudapp.net, ports: [REPLICATION=41365, RATIS=36327, RATIS_ADMIN=36327, RATIS_SERVER=36327, STANDALONE=46851], networkLocation: /default-rack, certSerialId: null, persistedOpState: IN_SERVICE, persistedOpStateExpiryEpochSec: 0}f7939ee0-8e95-4b39-add6-ba317897dc07{ip: 10.1.0.249, host: fv-az449-73.jvjgdiodbn4ungrcbaap0pmvbb.dx.internal.cloudapp.net, ports: [REPLICATION=44185, RATIS=38319, RATIS_ADMIN=38319, RATIS_SERVER=38319, STANDALONE=36079], networkLocation: /default-rack, certSerialId: null, persistedOpState: IN_SERVICE, persistedOpStateExpiryEpochSec: 0}, ReplicationConfig: RATIS/THREE, State:ALLOCATED, leaderId:f7939ee0-8e95-4b39-add6-ba317897dc07, CreationTimestamp2022-11-23T13:29:24.025Z[Etc/UTC]] moved to OPEN state
2022-11-23 13:29:32,106 [EventQueue-OpenPipelineForHealthyPipelineSafeModeRule] INFO  safemode.SCMSafeModeManager (HealthyPipelineSafeModeRule.java:process(137)) - SCM in safe mode. Healthy pipelines reported count is 1, required healthy pipeline reported count is 1
2022-11-23 13:29:32,106 [EventQueue-OpenPipelineForHealthyPipelineSafeModeRule] INFO  safemode.SCMSafeModeManager (SCMSafeModeManager.java:validateSafeModeExitRules(204)) - HealthyPipelineSafeModeRule rule is successfully validated
2022-11-23 13:29:32,106 [EventQueue-OpenPipelineForHealthyPipelineSafeModeRule] INFO  safemode.SCMSafeModeManager (SCMSafeModeManager.java:validateSafeModeExitRules(219)) - ScmSafeModeManager, all rules are successfully validated
2022-11-23 13:29:32,106 [EventQueue-OpenPipelineForHealthyPipelineSafeModeRule] INFO  safemode.SCMSafeModeManager (SCMSafeModeManager.java:exitSafeMode(248)) - SCM exiting safe mode.
2022-11-23 13:29:32,106 [EventQueue-OpenPipelineForHealthyPipelineSafeModeRule] WARN  events.EventQueue (EventQueue.java:fireEvent(216)) - No event handler registered for event TypedEvent{payloadType=SafeModeStatus, name='Safe mode status'}
2022-11-23 13:29:32,106 [EventQueue-OpenPipelineForHealthyPipelineSafeModeRule] INFO  ha.SCMContext (SCMContext.java:updateSafeModeStatus(228)) - Update SafeModeStatus from SafeModeStatus{safeModeStatus=true, preCheckPassed=true} to SafeModeStatus{safeModeStatus=false, preCheckPassed=true}.
2022-11-23 13:29:32,107 [EventQueue-OpenPipelineForHealthyPipelineSafeModeRule] INFO  pipeline.BackgroundPipelineCreator (BackgroundPipelineCreator.java:notifyStatusChanged(254)) - Service BackgroundPipelineCreator transitions to RUNNING.
2022-11-23 13:29:32,107 [EventQueue-OpenPipelineForHealthyPipelineSafeModeRule] INFO  BackgroundPipelineScrubber (BackgroundSCMService.java:notifyStatusChanged(82)) - Service BackgroundPipelineScrubber transitions to RUNNING.
2022-11-23 13:29:32,107 [EventQueue-OpenPipelineForHealthyPipelineSafeModeRule] INFO  ExpiredContainerReplicaOpScrubber (BackgroundSCMService.java:notifyStatusChanged(82)) - Service ExpiredContainerReplicaOpScrubber transitions to RUNNING.
2022-11-23 13:29:32,107 [EventQueue-OpenPipelineForHealthyPipelineSafeModeRule] INFO  replication.ReplicationManager (ReplicationManager.java:notifyStatusChanged(855)) - Service ReplicationManager transitions to RUNNING.
2022-11-23 13:29:32,110 [EventQueue-OpenPipelineForHealthyPipelineSafeModeRule] WARN  balancer.ContainerBalancer (ContainerBalancer.java:shouldRun(131)) - Could not find persisted configuration for ContainerBalancer when checking if ContainerBalancer should run. ContainerBalancer should not run now.
2022-11-23 13:29:32,110 [3a1872ea-adb8-40a7-8f64-b5952ddb9b5f@group-5AF22BAC86B1-LeaderElection6] INFO  impl.LeaderElection (LeaderElection.java:askForVotes(312)) - 3a1872ea-adb8-40a7-8f64-b5952ddb9b5f@group-5AF22BAC86B1-LeaderElection6 ELECTION round 0: submit vote requests at term 1 for -1: peers:[3a1872ea-adb8-40a7-8f64-b5952ddb9b5f|rpc:10.1.0.249:36863|priority:1|startupRole:FOLLOWER]|listeners:[], old=null
2022-11-23 13:29:32,115 [3a1872ea-adb8-40a7-8f64-b5952ddb9b5f@group-5AF22BAC86B1-LeaderElection6] INFO  impl.LeaderElection (LeaderElection.java:askForVotes(314)) - 3a1872ea-adb8-40a7-8f64-b5952ddb9b5f@group-5AF22BAC86B1-LeaderElection6 ELECTION round 0: result PASSED (term=1)
2022-11-23 13:29:32,115 [3a1872ea-adb8-40a7-8f64-b5952ddb9b5f@group-5AF22BAC86B1-LeaderElection6] INFO  impl.RoleInfo (RoleInfo.java:shutdownLeaderElection(130)) - 3a1872ea-adb8-40a7-8f64-b5952ddb9b5f: shutdown 3a1872ea-adb8-40a7-8f64-b5952ddb9b5f@group-5AF22BAC86B1-LeaderElection6
2022-11-23 13:29:32,115 [3a1872ea-adb8-40a7-8f64-b5952ddb9b5f@group-5AF22BAC86B1-LeaderElection6] INFO  server.RaftServer$Division (RaftServerImpl.java:setRole(321)) - 3a1872ea-adb8-40a7-8f64-b5952ddb9b5f@group-5AF22BAC86B1: changes role from CANDIDATE to LEADER at term 1 for changeToLeader
2022-11-23 13:29:32,115 [3a1872ea-adb8-40a7-8f64-b5952ddb9b5f@group-5AF22BAC86B1-LeaderElection6] INFO  ratis.XceiverServerRatis (XceiverServerRatis.java:handleLeaderChangedNotification(863)) - Leader change notification received for group: group-5AF22BAC86B1 with new leaderId: 3a1872ea-adb8-40a7-8f64-b5952ddb9b5f
2022-11-23 13:29:32,116 [3a1872ea-adb8-40a7-8f64-b5952ddb9b5f@group-5AF22BAC86B1-LeaderElection6] INFO  server.RaftServer$Division (ServerState.java:setLeader(313)) - 3a1872ea-adb8-40a7-8f64-b5952ddb9b5f@group-5AF22BAC86B1: change Leader from null to 3a1872ea-adb8-40a7-8f64-b5952ddb9b5f at term 1 for becomeLeader, leader elected after 5097ms
2022-11-23 13:29:32,116 [3a1872ea-adb8-40a7-8f64-b5952ddb9b5f@group-5AF22BAC86B1-LeaderElection6] INFO  server.RaftServerConfigKeys (ConfUtils.java:logGet(46)) - raft.server.staging.catchup.gap = 1000 (default)
2022-11-23 13:29:32,116 [6a8ee904-5ab9-4c32-b911-3e68ea38425f@group-571EA458250C-FollowerState] INFO  server.RaftServerConfigKeys (ConfUtils.java:logFallback(53)) - raft.server.rpc.first-election.timeout.max = 5200ms (fallback to raft.server.rpc.timeout.max)
2022-11-23 13:29:32,121 [3a1872ea-adb8-40a7-8f64-b5952ddb9b5f@group-5AF22BAC86B1-LeaderElection6] INFO  server.RaftServerConfigKeys (ConfUtils.java:logGet(46)) - raft.server.write.element-limit = 1024 (custom)
2022-11-23 13:29:32,121 [3a1872ea-adb8-40a7-8f64-b5952ddb9b5f@group-5AF22BAC86B1-LeaderElection6] INFO  server.RaftServerConfigKeys (ConfUtils.java:logGet(46)) - raft.server.write.byte-limit = 1024 M (=1073741824) (custom)
2022-11-23 13:29:32,122 [3a1872ea-adb8-40a7-8f64-b5952ddb9b5f@group-5AF22BAC86B1-LeaderElection6] INFO  server.RaftServerConfigKeys (ConfUtils.java:logGet(46)) - raft.server.watch.timeout = 180s (custom)
2022-11-23 13:29:32,122 [3a1872ea-adb8-40a7-8f64-b5952ddb9b5f@group-5AF22BAC86B1-LeaderElection6] INFO  server.RaftServerConfigKeys (ConfUtils.java:logGet(46)) - raft.server.watch.timeout.denomination = 1s (default)
2022-11-23 13:29:32,122 [3a1872ea-adb8-40a7-8f64-b5952ddb9b5f@group-5AF22BAC86B1-LeaderElection6] INFO  server.RaftServerConfigKeys (ConfUtils.java:logGet(46)) - raft.server.watch.element-limit = 65536 (default)
2022-11-23 13:29:32,122 [3a1872ea-adb8-40a7-8f64-b5952ddb9b5f@group-5AF22BAC86B1-LeaderElection6] INFO  server.RaftServerConfigKeys (ConfUtils.java:logGet(46)) - raft.server.write.element-limit = 1024 (custom)
2022-11-23 13:29:32,122 [3a1872ea-adb8-40a7-8f64-b5952ddb9b5f@group-5AF22BAC86B1-LeaderElection6] INFO  server.RaftServerConfigKeys (ConfUtils.java:logGet(46)) - raft.server.write.follower.gap.ratio.max = -1.0 (default)
2022-11-23 13:29:32,122 [3a1872ea-adb8-40a7-8f64-b5952ddb9b5f@group-5AF22BAC86B1-LeaderElection6] INFO  impl.RoleInfo (RoleInfo.java:updateAndGet(139)) - 3a1872ea-adb8-40a7-8f64-b5952ddb9b5f: start 3a1872ea-adb8-40a7-8f64-b5952ddb9b5f@group-5AF22BAC86B1-LeaderStateImpl
2022-11-23 13:29:32,122 [3a1872ea-adb8-40a7-8f64-b5952ddb9b5f@group-5AF22BAC86B1-LeaderElection6] INFO  segmented.SegmentedRaftLogWorker (SegmentedRaftLogWorker.java:startLogSegment(452)) - 3a1872ea-adb8-40a7-8f64-b5952ddb9b5f@group-5AF22BAC86B1-SegmentedRaftLogWorker: Starting segment from index:0
2022-11-23 13:29:32,125 [3a1872ea-adb8-40a7-8f64-b5952ddb9b5f@group-5AF22BAC86B1-SegmentedRaftLogWorker] INFO  segmented.SegmentedRaftLogWorker (SegmentedRaftLogWorker.java:execute(656)) - 3a1872ea-adb8-40a7-8f64-b5952ddb9b5f@group-5AF22BAC86B1-SegmentedRaftLogWorker: created new log segment /home/runner/work/ozone/ozone/hadoop-ozone/integration-test/target/test-dir/MiniOzoneClusterImpl-eee7442c-9747-40b9-9476-ee0de7f6c5d3/datanode-2/data/ratis/d27e71c0-0a46-4d90-b1e8-5af22bac86b1/current/log_inprogress_0
2022-11-23 13:29:32,125 [3a1872ea-adb8-40a7-8f64-b5952ddb9b5f@group-5AF22BAC86B1-LeaderElection6] INFO  server.RaftServer$Division (ServerState.java:setRaftConf(430)) - 3a1872ea-adb8-40a7-8f64-b5952ddb9b5f@group-5AF22BAC86B1: set configuration 0: peers:[3a1872ea-adb8-40a7-8f64-b5952ddb9b5f|rpc:10.1.0.249:36863|dataStream:|priority:1|startupRole:FOLLOWER]|listeners:[], old=null
2022-11-23 13:29:32,129 [f7939ee0-8e95-4b39-add6-ba317897dc07@group-571EA458250C-LeaderElection5] INFO  server.RaftServerConfigKeys (ConfUtils.java:logGet(46)) - raft.server.log.appender.snapshot.chunk.size.max = 16MB (=16777216) (default)
2022-11-23 13:29:32,129 [f7939ee0-8e95-4b39-add6-ba317897dc07@group-571EA458250C-LeaderElection5] INFO  server.RaftServerConfigKeys (ConfUtils.java:logGet(46)) - raft.server.log.appender.buffer.byte-limit = 33554432 (custom)
2022-11-23 13:29:32,130 [f7939ee0-8e95-4b39-add6-ba317897dc07@group-571EA458250C-LeaderElection5] INFO  server.RaftServerConfigKeys (ConfUtils.java:logGet(46)) - raft.server.log.appender.buffer.element-limit = 1 (custom)
2022-11-23 13:29:32,133 [f7939ee0-8e95-4b39-add6-ba317897dc07@group-571EA458250C-LeaderElection5] INFO  grpc.GrpcConfigKeys (ConfUtils.java:logGet(46)) - raft.grpc.server.leader.outstanding.appends.max = 128 (default)
2022-11-23 13:29:32,133 [f7939ee0-8e95-4b39-add6-ba317897dc07@group-571EA458250C-LeaderElection5] INFO  server.RaftServerConfigKeys (ConfUtils.java:logGet(46)) - raft.server.rpc.request.timeout = 60s (custom)
2022-11-23 13:29:32,133 [f7939ee0-8e95-4b39-add6-ba317897dc07@group-571EA458250C-LeaderElection5] INFO  server.RaftServerConfigKeys (ConfUtils.java:logGet(46)) - raft.server.log.appender.install.snapshot.enabled = false (custom)
2022-11-23 13:29:32,133 [f7939ee0-8e95-4b39-add6-ba317897dc07@group-571EA458250C-LeaderElection5] INFO  grpc.GrpcConfigKeys (ConfUtils.java:logGet(46)) - raft.grpc.server.heartbeat.channel = true (default)
2022-11-23 13:29:32,133 [f7939ee0-8e95-4b39-add6-ba317897dc07@group-571EA458250C-LeaderElection5] INFO  server.RaftServerConfigKeys (ConfUtils.java:logGet(46)) - raft.server.log.appender.wait-time.min = 10ms (default)
2022-11-23 13:29:32,135 [f7939ee0-8e95-4b39-add6-ba317897dc07@group-571EA458250C-LeaderElection5] INFO  server.RaftServerConfigKeys (ConfUtils.java:logGet(46)) - raft.server.log.appender.snapshot.chunk.size.max = 16MB (=16777216) (default)
2022-11-23 13:29:32,135 [f7939ee0-8e95-4b39-add6-ba317897dc07@group-571EA458250C-LeaderElection5] INFO  server.RaftServerConfigKeys (ConfUtils.java:logGet(46)) - raft.server.log.appender.buffer.byte-limit = 33554432 (custom)
2022-11-23 13:29:32,135 [f7939ee0-8e95-4b39-add6-ba317897dc07@group-571EA458250C-LeaderElection5] INFO  server.RaftServerConfigKeys (ConfUtils.java:logGet(46)) - raft.server.log.appender.buffer.element-limit = 1 (custom)
2022-11-23 13:29:32,135 [f7939ee0-8e95-4b39-add6-ba317897dc07@group-571EA458250C-LeaderElection5] INFO  grpc.GrpcConfigKeys (ConfUtils.java:logGet(46)) - raft.grpc.server.leader.outstanding.appends.max = 128 (default)
2022-11-23 13:29:32,135 [f7939ee0-8e95-4b39-add6-ba317897dc07@group-571EA458250C-LeaderElection5] INFO  server.RaftServerConfigKeys (ConfUtils.java:logGet(46)) - raft.server.rpc.request.timeout = 60s (custom)
2022-11-23 13:29:32,135 [f7939ee0-8e95-4b39-add6-ba317897dc07@group-571EA458250C-LeaderElection5] INFO  server.RaftServerConfigKeys (ConfUtils.java:logGet(46)) - raft.server.log.appender.install.snapshot.enabled = false (custom)
2022-11-23 13:29:32,135 [f7939ee0-8e95-4b39-add6-ba317897dc07@group-571EA458250C-LeaderElection5] INFO  grpc.GrpcConfigKeys (ConfUtils.java:logGet(46)) - raft.grpc.server.heartbeat.channel = true (default)
2022-11-23 13:29:32,135 [f7939ee0-8e95-4b39-add6-ba317897dc07@group-571EA458250C-LeaderElection5] INFO  server.RaftServerConfigKeys (ConfUtils.java:logGet(46)) - raft.server.log.appender.wait-time.min = 10ms (default)
2022-11-23 13:29:32,136 [f7939ee0-8e95-4b39-add6-ba317897dc07@group-571EA458250C-LeaderElection5] INFO  impl.RoleInfo (RoleInfo.java:updateAndGet(139)) - f7939ee0-8e95-4b39-add6-ba317897dc07: start f7939ee0-8e95-4b39-add6-ba317897dc07@group-571EA458250C-LeaderStateImpl
2022-11-23 13:29:32,137 [f7939ee0-8e95-4b39-add6-ba317897dc07@group-571EA458250C-LeaderElection5] INFO  segmented.SegmentedRaftLogWorker (SegmentedRaftLogWorker.java:startLogSegment(452)) - f7939ee0-8e95-4b39-add6-ba317897dc07@group-571EA458250C-SegmentedRaftLogWorker: Starting segment from index:0
2022-11-23 13:29:32,138 [f7939ee0-8e95-4b39-add6-ba317897dc07@group-571EA458250C-SegmentedRaftLogWorker] INFO  segmented.SegmentedRaftLogWorker (SegmentedRaftLogWorker.java:execute(656)) - f7939ee0-8e95-4b39-add6-ba317897dc07@group-571EA458250C-SegmentedRaftLogWorker: created new log segment /home/runner/work/ozone/ozone/hadoop-ozone/integration-test/target/test-dir/MiniOzoneClusterImpl-eee7442c-9747-40b9-9476-ee0de7f6c5d3/datanode-0/data/ratis/29a707b8-0a69-4214-af80-571ea458250c/current/log_inprogress_0
2022-11-23 13:29:32,144 [f7939ee0-8e95-4b39-add6-ba317897dc07@group-571EA458250C-LeaderElection5] INFO  server.RaftServer$Division (ServerState.java:setRaftConf(430)) - f7939ee0-8e95-4b39-add6-ba317897dc07@group-571EA458250C: set configuration 0: peers:[6a8ee904-5ab9-4c32-b911-3e68ea38425f|rpc:10.1.0.249:36327|dataStream:|priority:0|startupRole:FOLLOWER, 3a1872ea-adb8-40a7-8f64-b5952ddb9b5f|rpc:10.1.0.249:36863|dataStream:|priority:0|startupRole:FOLLOWER, f7939ee0-8e95-4b39-add6-ba317897dc07|rpc:10.1.0.249:38319|dataStream:|priority:1|startupRole:FOLLOWER]|listeners:[], old=null
2022-11-23 13:29:32,193 [6a8ee904-5ab9-4c32-b911-3e68ea38425f-server-thread1] INFO  ratis.XceiverServerRatis (XceiverServerRatis.java:handleLeaderChangedNotification(863)) - Leader change notification received for group: group-571EA458250C with new leaderId: f7939ee0-8e95-4b39-add6-ba317897dc07
2022-11-23 13:29:32,196 [6a8ee904-5ab9-4c32-b911-3e68ea38425f-server-thread1] INFO  server.RaftServer$Division (ServerState.java:setLeader(313)) - 6a8ee904-5ab9-4c32-b911-3e68ea38425f@group-571EA458250C: change Leader from null to f7939ee0-8e95-4b39-add6-ba317897dc07 at term 1 for appendEntries, leader elected after 5219ms
2022-11-23 13:29:32,209 [3a1872ea-adb8-40a7-8f64-b5952ddb9b5f-server-thread2] INFO  ratis.XceiverServerRatis (XceiverServerRatis.java:handleLeaderChangedNotification(863)) - Leader change notification received for group: group-571EA458250C with new leaderId: f7939ee0-8e95-4b39-add6-ba317897dc07
2022-11-23 13:29:32,210 [3a1872ea-adb8-40a7-8f64-b5952ddb9b5f-server-thread2] INFO  server.RaftServer$Division (ServerState.java:setLeader(313)) - 3a1872ea-adb8-40a7-8f64-b5952ddb9b5f@group-571EA458250C: change Leader from null to f7939ee0-8e95-4b39-add6-ba317897dc07 at term 1 for appendEntries, leader elected after 5160ms
2022-11-23 13:29:32,217 [6a8ee904-5ab9-4c32-b911-3e68ea38425f-server-thread2] INFO  server.RaftServer$Division (ServerState.java:setRaftConf(430)) - 6a8ee904-5ab9-4c32-b911-3e68ea38425f@group-571EA458250C: set configuration 0: peers:[6a8ee904-5ab9-4c32-b911-3e68ea38425f|rpc:10.1.0.249:36327|dataStream:|priority:0|startupRole:FOLLOWER, 3a1872ea-adb8-40a7-8f64-b5952ddb9b5f|rpc:10.1.0.249:36863|dataStream:|priority:0|startupRole:FOLLOWER, f7939ee0-8e95-4b39-add6-ba317897dc07|rpc:10.1.0.249:38319|dataStream:|priority:1|startupRole:FOLLOWER]|listeners:[], old=null
2022-11-23 13:29:32,220 [6a8ee904-5ab9-4c32-b911-3e68ea38425f-server-thread2] INFO  segmented.SegmentedRaftLogWorker (SegmentedRaftLogWorker.java:startLogSegment(452)) - 6a8ee904-5ab9-4c32-b911-3e68ea38425f@group-571EA458250C-SegmentedRaftLogWorker: Starting segment from index:0
2022-11-23 13:29:32,222 [6a8ee904-5ab9-4c32-b911-3e68ea38425f@group-571EA458250C-SegmentedRaftLogWorker] INFO  segmented.SegmentedRaftLogWorker (SegmentedRaftLogWorker.java:execute(656)) - 6a8ee904-5ab9-4c32-b911-3e68ea38425f@group-571EA458250C-SegmentedRaftLogWorker: created new log segment /home/runner/work/ozone/ozone/hadoop-ozone/integration-test/target/test-dir/MiniOzoneClusterImpl-eee7442c-9747-40b9-9476-ee0de7f6c5d3/datanode-1/data/ratis/29a707b8-0a69-4214-af80-571ea458250c/current/log_inprogress_0
2022-11-23 13:29:32,226 [3a1872ea-adb8-40a7-8f64-b5952ddb9b5f-server-thread1] INFO  server.RaftServer$Division (ServerState.java:setRaftConf(430)) - 3a1872ea-adb8-40a7-8f64-b5952ddb9b5f@group-571EA458250C: set configuration 0: peers:[6a8ee904-5ab9-4c32-b911-3e68ea38425f|rpc:10.1.0.249:36327|dataStream:|priority:0|startupRole:FOLLOWER, 3a1872ea-adb8-40a7-8f64-b5952ddb9b5f|rpc:10.1.0.249:36863|dataStream:|priority:0|startupRole:FOLLOWER, f7939ee0-8e95-4b39-add6-ba317897dc07|rpc:10.1.0.249:38319|dataStream:|priority:1|startupRole:FOLLOWER]|listeners:[], old=null
2022-11-23 13:29:32,227 [3a1872ea-adb8-40a7-8f64-b5952ddb9b5f-server-thread1] INFO  segmented.SegmentedRaftLogWorker (SegmentedRaftLogWorker.java:startLogSegment(452)) - 3a1872ea-adb8-40a7-8f64-b5952ddb9b5f@group-571EA458250C-SegmentedRaftLogWorker: Starting segment from index:0
2022-11-23 13:29:32,232 [3a1872ea-adb8-40a7-8f64-b5952ddb9b5f@group-571EA458250C-SegmentedRaftLogWorker] INFO  segmented.SegmentedRaftLogWorker (SegmentedRaftLogWorker.java:execute(656)) - 3a1872ea-adb8-40a7-8f64-b5952ddb9b5f@group-571EA458250C-SegmentedRaftLogWorker: created new log segment /home/runner/work/ozone/ozone/hadoop-ozone/integration-test/target/test-dir/MiniOzoneClusterImpl-eee7442c-9747-40b9-9476-ee0de7f6c5d3/datanode-2/data/ratis/29a707b8-0a69-4214-af80-571ea458250c/current/log_inprogress_0
2022-11-23 13:29:33,006 [Listener at 127.0.0.1/45507] INFO  ozone.MiniOzoneClusterImpl (MiniOzoneClusterImpl.java:lambda$waitForClusterToBeReady$0(216)) - Nodes are ready. Got 3 of 3 DN Heartbeats.
2022-11-23 13:29:33,006 [Listener at 127.0.0.1/45507] INFO  ozone.MiniOzoneClusterImpl (MiniOzoneClusterImpl.java:lambda$waitForClusterToBeReady$0(219)) - Cluster exits safe mode
2022-11-23 13:29:33,006 [Listener at 127.0.0.1/45507] INFO  ozone.MiniOzoneClusterImpl (MiniOzoneClusterImpl.java:lambda$waitForClusterToBeReady$0(221)) - SCM became leader
2022-11-23 13:29:33,528 [Time-limited test] INFO  rpc.RpcClient (RpcClient.java:createVolume(472)) - Creating Volume: bcbtaxmvfe, with user96632 as owner and space quota set to -1 bytes, counts quota set to -1
2022-11-23 13:29:33,574 [OM StateMachine ApplyTransaction Thread - 0] INFO  volume.OMVolumeCreateRequest (OMVolumeCreateRequest.java:validateAndUpdateCache(195)) - created volume:bcbtaxmvfe for user:user96632
2022-11-23 13:29:33,609 [Time-limited test] INFO  rpc.RpcClient (RpcClient.java:createBucket(691)) - Creating Bucket: bcbtaxmvfe/bafinxtzea, with bucket layout OBJECT_STORE, runner as owner, Versioning false, Storage Type set to DISK and Encryption set to false 
2022-11-23 13:29:33,628 [OM StateMachine ApplyTransaction Thread - 0] INFO  bucket.OMBucketCreateRequest (OMBucketCreateRequest.java:validateAndUpdateCache(260)) - created bucket: bafinxtzea of layout OBJECT_STORE in volume: bcbtaxmvfe
2022-11-23 13:29:33,646 [Time-limited test] INFO  rpc.RpcClient (RpcClient.java:createBucket(691)) - Creating Bucket: bcbtaxmvfe/7b2b5a41-801b-4de3-8e7f-c7ad0c71288d, with bucket layout OBJECT_STORE, runner as owner, Versioning false, Storage Type set to DISK and Encryption set to false 
2022-11-23 13:29:33,649 [OM StateMachine ApplyTransaction Thread - 0] INFO  bucket.OMBucketCreateRequest (OMBucketCreateRequest.java:validateAndUpdateCache(260)) - created bucket: 7b2b5a41-801b-4de3-8e7f-c7ad0c71288d of layout OBJECT_STORE in volume: bcbtaxmvfe
2022-11-23 13:29:33,814 [IPC Server handler 5 on default port 39823] INFO  ha.SequenceIdGenerator (SequenceIdGenerator.java:getNextId(128)) - Allocate a batch for containerId, change lastId from 0 to 1000.
2022-11-23 13:29:33,826 [IPC Server handler 5 on default port 39823] WARN  ha.SequenceIdGenerator (SequenceIdGenerator.java:allocateBatch(237)) - Failed to allocate a batch for localId, expected lastId is 0, actual lastId is 109611004723200000.
2022-11-23 13:29:33,826 [IPC Server handler 5 on default port 39823] INFO  ha.SequenceIdGenerator (SequenceIdGenerator.java:getNextId(128)) - Allocate a batch for localId, change lastId from 109611004723200000 to 109611004723201000.
2022-11-23 13:29:33,876 [Time-limited test] INFO  impl.MetricsSystemImpl (MetricsSystemImpl.java:init(158)) - XceiverClientMetrics metrics system started (again)
2022-11-23 13:29:34,197 [OM StateMachine ApplyTransaction Thread - 0] INFO  key.OMKeyRequest (OMKeyRequest.java:wrapUncommittedBlocksAsPseudoKey(832)) - Detect allocated but uncommitted blocks [{blockID={containerID=2, localID=109611004723200002}, length=4194304, offset=0, token=null, pipeline=null, createVersion=0, partNumber=0}] in key abc/def/mpu-key1/.
2022-11-23 13:29:34,219 [Time-limited test] INFO  rpc.RpcClient (RpcClient.java:createBucket(691)) - Creating Bucket: bcbtaxmvfe/3099fa7a-7dcb-4e7e-8405-760b5703161a, with bucket layout LEGACY, runner as owner, Versioning false, Storage Type set to DISK and Encryption set to false 
2022-11-23 13:29:34,222 [OM StateMachine ApplyTransaction Thread - 0] INFO  bucket.OMBucketCreateRequest (OMBucketCreateRequest.java:validateAndUpdateCache(260)) - created bucket: 3099fa7a-7dcb-4e7e-8405-760b5703161a of layout LEGACY in volume: bcbtaxmvfe
2022-11-23 13:29:34,293 [OM StateMachine ApplyTransaction Thread - 0] INFO  key.OMKeyRequest (OMKeyRequest.java:wrapUncommittedBlocksAsPseudoKey(832)) - Detect allocated but uncommitted blocks [{blockID={containerID=4, localID=109611004723200004}, length=4194304, offset=0, token=null, pipeline=null, createVersion=0, partNumber=0}] in key abc/def/mpu-key1/newKey-1.
13:29:34.304 [OM StateMachine ApplyTransaction Thread - 0] ERROR OMAudit - user=runner | ip=127.0.0.1 | op=COMPLETE_MULTIPART_UPLOAD {volume=bcbtaxmvfe, bucket=3099fa7a-7dcb-4e7e-8405-760b5703161a, key=abc/def/mpu-key1, dataSize=0, replicationType=NONE, replicationFactor=ZERO, multipartList=[partNumber: 1 partName: "/bcbtaxmvfe/3099fa7a-7dcb-4e7e-8405-760b5703161a/abc/def/mpu-key1-f609157f-6e7d-4c8a-bd99-50c65e9989a7-109393357978140676-1" ]} | ret=FAILURE
org.apache.hadoop.ozone.om.exceptions.OMException: Can not Complete MPU for file: abc/def/mpu-key1 as there is already directory in the given path
	at org.apache.hadoop.ozone.om.request.s3.multipart.S3MultipartUploadCompleteRequest.checkDirectoryAlreadyExists(S3MultipartUploadCompleteRequest.java:327) ~[ozone-manager-1.3.0-SNAPSHOT.jar:?]
	at org.apache.hadoop.ozone.om.request.s3.multipart.S3MultipartUploadCompleteRequest.validateAndUpdateCache(S3MultipartUploadCompleteRequest.java:171) ~[ozone-manager-1.3.0-SNAPSHOT.jar:?]
	at org.apache.hadoop.ozone.protocolPB.OzoneManagerRequestHandler.handleWriteRequest(OzoneManagerRequestHandler.java:311) ~[ozone-manager-1.3.0-SNAPSHOT.jar:?]
	at org.apache.hadoop.ozone.om.ratis.OzoneManagerStateMachine.runCommand(OzoneManagerStateMachine.java:533) ~[ozone-manager-1.3.0-SNAPSHOT.jar:?]
	at org.apache.hadoop.ozone.om.ratis.OzoneManagerStateMachine.lambda$1(OzoneManagerStateMachine.java:324) ~[ozone-manager-1.3.0-SNAPSHOT.jar:?]
	at java.util.concurrent.CompletableFuture$AsyncSupply.run(CompletableFuture.java:1604) [?:1.8.0_345]
	at java.util.concurrent.ThreadPoolExecutor.runWorker(ThreadPoolExecutor.java:1149) [?:1.8.0_345]
	at java.util.concurrent.ThreadPoolExecutor$Worker.run(ThreadPoolExecutor.java:624) [?:1.8.0_345]
	at java.lang.Thread.run(Thread.java:750) [?:1.8.0_345]
2022-11-23 13:29:34,316 [OM StateMachine ApplyTransaction Thread - 0] ERROR multipart.S3MultipartUploadCompleteRequest (S3MultipartUploadCompleteRequest.java:logResult(356)) - MultipartUpload Complete request failed for Key: abc/def/mpu-key1 in Volume/Bucket bcbtaxmvfe/3099fa7a-7dcb-4e7e-8405-760b5703161a
NOT_A_FILE org.apache.hadoop.ozone.om.exceptions.OMException: Can not Complete MPU for file: abc/def/mpu-key1 as there is already directory in the given path
	at org.apache.hadoop.ozone.om.request.s3.multipart.S3MultipartUploadCompleteRequest.checkDirectoryAlreadyExists(S3MultipartUploadCompleteRequest.java:327)
	at org.apache.hadoop.ozone.om.request.s3.multipart.S3MultipartUploadCompleteRequest.validateAndUpdateCache(S3MultipartUploadCompleteRequest.java:171)
	at org.apache.hadoop.ozone.protocolPB.OzoneManagerRequestHandler.handleWriteRequest(OzoneManagerRequestHandler.java:311)
	at org.apache.hadoop.ozone.om.ratis.OzoneManagerStateMachine.runCommand(OzoneManagerStateMachine.java:533)
	at org.apache.hadoop.ozone.om.ratis.OzoneManagerStateMachine.lambda$1(OzoneManagerStateMachine.java:324)
	at java.util.concurrent.CompletableFuture$AsyncSupply.run(CompletableFuture.java:1604)
	at java.util.concurrent.ThreadPoolExecutor.runWorker(ThreadPoolExecutor.java:1149)
	at java.util.concurrent.ThreadPoolExecutor$Worker.run(ThreadPoolExecutor.java:624)
	at java.lang.Thread.run(Thread.java:750)
]]></system-out>
  </testcase>
  <testcase name="testFlatKeyStructureWithOBS" classname="org.apache.hadoop.ozone.om.TestObjectStoreWithLegacyFS" time="0.606">
    <failure type="java.lang.AssertionError"><![CDATA[java.lang.AssertionError
	at org.junit.Assert.fail(Assert.java:87)
	at org.junit.Assert.assertTrue(Assert.java:42)
	at org.junit.Assert.assertTrue(Assert.java:53)
	at org.apache.hadoop.ozone.om.TestObjectStoreWithLegacyFS.assertKeyCount(TestObjectStoreWithLegacyFS.java:160)
	at org.apache.hadoop.ozone.om.TestObjectStoreWithLegacyFS.lambda$testFlatKeyStructureWithOBS$1(TestObjectStoreWithLegacyFS.java:141)
	at org.apache.ozone.test.GenericTestUtils.waitFor(GenericTestUtils.java:217)
	at org.apache.hadoop.ozone.om.TestObjectStoreWithLegacyFS.testFlatKeyStructureWithOBS(TestObjectStoreWithLegacyFS.java:141)
	at sun.reflect.NativeMethodAccessorImpl.invoke0(Native Method)
	at sun.reflect.NativeMethodAccessorImpl.invoke(NativeMethodAccessorImpl.java:62)
	at sun.reflect.DelegatingMethodAccessorImpl.invoke(DelegatingMethodAccessorImpl.java:43)
	at java.lang.reflect.Method.invoke(Method.java:498)
	at org.junit.runners.model.FrameworkMethod$1.runReflectiveCall(FrameworkMethod.java:59)
	at org.junit.internal.runners.model.ReflectiveCallable.run(ReflectiveCallable.java:12)
	at org.junit.runners.model.FrameworkMethod.invokeExplosively(FrameworkMethod.java:56)
	at org.junit.internal.runners.statements.InvokeMethod.evaluate(InvokeMethod.java:17)
	at org.junit.internal.runners.statements.RunBefores.evaluate(RunBefores.java:26)
	at org.junit.internal.runners.statements.FailOnTimeout$CallableStatement.call(FailOnTimeout.java:288)
	at org.junit.internal.runners.statements.FailOnTimeout$CallableStatement.call(FailOnTimeout.java:282)
	at java.util.concurrent.FutureTask.run(FutureTask.java:266)
	at java.lang.Thread.run(Thread.java:750)
]]></failure>
    <system-out><![CDATA[2022-11-23 13:29:34,365 [Time-limited test] INFO  rpc.RpcClient (RpcClient.java:createVolume(472)) - Creating Volume: xpbmltpicn, with user39363 as owner and space quota set to -1 bytes, counts quota set to -1
2022-11-23 13:29:34,371 [OM StateMachine ApplyTransaction Thread - 0] INFO  volume.OMVolumeCreateRequest (OMVolumeCreateRequest.java:validateAndUpdateCache(195)) - created volume:xpbmltpicn for user:user39363
2022-11-23 13:29:34,377 [Time-limited test] INFO  rpc.RpcClient (RpcClient.java:createBucket(691)) - Creating Bucket: xpbmltpicn/pshsqpzhrl, with bucket layout OBJECT_STORE, runner as owner, Versioning false, Storage Type set to DISK and Encryption set to false 
2022-11-23 13:29:34,380 [OM StateMachine ApplyTransaction Thread - 0] INFO  bucket.OMBucketCreateRequest (OMBucketCreateRequest.java:validateAndUpdateCache(260)) - created bucket: pshsqpzhrl of layout OBJECT_STORE in volume: xpbmltpicn
2022-11-23 13:29:34,413 [OM StateMachine ApplyTransaction Thread - 0] INFO  key.OMKeyRequest (OMKeyRequest.java:wrapUncommittedBlocksAsPseudoKey(832)) - Detect allocated but uncommitted blocks [{blockID={containerID=2, localID=109611004723200005}, length=4194304, offset=0, token=null, pipeline=null, createVersion=0, partNumber=0}] in key dir1/dir2/dir3/key-1.
2022-11-23 13:29:34,414 [Time-limited test] INFO  om.TestObjectStoreWithLegacyFS (TestObjectStoreWithLegacyFS.java:assertKeyCount(167)) - Couldn't find KeyName:dir1/dir2/dir3/key-1 in KeyTable, retrying...
]]></system-out>
  </testcase>
</testsuite>