<?xml version="1.0" encoding="UTF-8"?>
<testsuite xmlns:xsi="http://www.w3.org/2001/XMLSchema-instance" xsi:noNamespaceSchemaLocation="https://maven.apache.org/surefire/maven-surefire-plugin/xsd/surefire-test-report-3.0.xsd" version="3.0" name="org.apache.hadoop.ozone.container.ozoneimpl.TestOzoneContainerWithTLS" time="33.221" tests="6" errors="1" skipped="0" failures="0">
  <properties>
    <property name="awt.toolkit" value="sun.awt.X11.XToolkit"/>
    <property name="file.encoding.pkg" value="sun.io"/>
    <property name="java.specification.version" value="1.8"/>
    <property name="sun.cpu.isalist" value=""/>
    <property name="sun.jnu.encoding" value="UTF-8"/>
    <property name="java.class.path" value="/home/runner/work/ozone/ozone/hadoop-ozone/integration-test/target/test-classes:/home/runner/work/ozone/ozone/hadoop-ozone/integration-test/target/classes:/home/runner/.m2/repository/org/apache/ozone/ozone-common/1.3.0-SNAPSHOT/ozone-common-1.3.0-SNAPSHOT.jar:/home/runner/.m2/repository/io/grpc/grpc-netty/1.48.1/grpc-netty-1.48.1.jar:/home/runner/.m2/repository/io/grpc/grpc-core/1.48.1/grpc-core-1.48.1.jar:/home/runner/.m2/repository/com/google/android/annotations/4.1.1.4/annotations-4.1.1.4.jar:/home/runner/.m2/repository/org/codehaus/mojo/animal-sniffer-annotations/1.21/animal-sniffer-annotations-1.21.jar:/home/runner/.m2/repository/com/google/errorprone/error_prone_annotations/2.2.0/error_prone_annotations-2.2.0.jar:/home/runner/.m2/repository/io/perfmark/perfmark-api/0.25.0/perfmark-api-0.25.0.jar:/home/runner/.m2/repository/io/netty/netty-codec-http2/4.1.77.Final/netty-codec-http2-4.1.77.Final.jar:/home/runner/.m2/repository/io/netty/netty-common/4.1.77.Final/netty-common-4.1.77.Final.jar:/home/runner/.m2/repository/io/netty/netty-buffer/4.1.77.Final/netty-buffer-4.1.77.Final.jar:/home/runner/.m2/repository/io/netty/netty-codec-http/4.1.77.Final/netty-codec-http-4.1.77.Final.jar:/home/runner/.m2/repository/io/netty/netty-handler-proxy/4.1.77.Final/netty-handler-proxy-4.1.77.Final.jar:/home/runner/.m2/repository/io/netty/netty-codec-socks/4.1.77.Final/netty-codec-socks-4.1.77.Final.jar:/home/runner/.m2/repository/io/netty/netty-tcnative-boringssl-static/2.0.52.Final/netty-tcnative-boringssl-static-2.0.52.Final.jar:/home/runner/.m2/repository/io/netty/netty-tcnative-classes/2.0.52.Final/netty-tcnative-classes-2.0.52.Final.jar:/home/runner/.m2/repository/io/netty/netty-tcnative-boringssl-static/2.0.52.Final/netty-tcnative-boringssl-static-2.0.52.Final-linux-x86_64.jar:/home/runner/.m2/repository/io/netty/netty-tcnative-boringssl-static/2.0.52.Final/netty-tcnative-boringssl-static-2.0.52.Final-linux-aarch_64.jar:/home/runner/.m2/repository/io/netty/netty-tcnative-boringssl-static/2.0.52.Final/netty-tcnative-boringssl-static-2.0.52.Final-osx-x86_64.jar:/home/runner/.m2/repository/io/netty/netty-tcnative-boringssl-static/2.0.52.Final/netty-tcnative-boringssl-static-2.0.52.Final-osx-aarch_64.jar:/home/runner/.m2/repository/io/netty/netty-tcnative-boringssl-static/2.0.52.Final/netty-tcnative-boringssl-static-2.0.52.Final-windows-x86_64.jar:/home/runner/.m2/repository/org/apache/commons/commons-compress/1.21/commons-compress-1.21.jar:/home/runner/.m2/repository/org/apache/ozone/hdds-common/1.3.0-SNAPSHOT/hdds-common-1.3.0-SNAPSHOT.jar:/home/runner/.m2/repository/org/apache/ozone/hdds-client/1.3.0-SNAPSHOT/hdds-client-1.3.0-SNAPSHOT.jar:/home/runner/.m2/repository/org/apache/ozone/ozone-interface-client/1.3.0-SNAPSHOT/ozone-interface-client-1.3.0-SNAPSHOT.jar:/home/runner/.m2/repository/org/apache/ozone/hdds-test-utils/1.3.0-SNAPSHOT/hdds-test-utils-1.3.0-SNAPSHOT.jar:/home/runner/.m2/repository/com/google/guava/guava/31.1-jre/guava-31.1-jre.jar:/home/runner/.m2/repository/com/google/guava/failureaccess/1.0.1/failureaccess-1.0.1.jar:/home/runner/.m2/repository/com/google/guava/listenablefuture/9999.0-empty-to-avoid-conflict-with-guava/listenablefuture-9999.0-empty-to-avoid-conflict-with-guava.jar:/home/runner/.m2/repository/com/google/code/findbugs/jsr305/3.0.0/jsr305-3.0.0.jar:/home/runner/.m2/repository/org/checkerframework/checker-qual/3.12.0/checker-qual-3.12.0.jar:/home/runner/.m2/repository/com/google/j2objc/j2objc-annotations/1.3/j2objc-annotations-1.3.jar:/home/runner/.m2/repository/commons-io/commons-io/2.11.0/commons-io-2.11.0.jar:/home/runner/.m2/repository/commons-logging/commons-logging/1.2/commons-logging-1.2.jar:/home/runner/.m2/repository/ch/qos/reload4j/reload4j/1.2.22/reload4j-1.2.22.jar:/home/runner/.m2/repository/org/slf4j/slf4j-api/1.7.36/slf4j-api-1.7.36.jar:/home/runner/.m2/repository/org/apache/ozone/hdds-server-scm/1.3.0-SNAPSHOT/hdds-server-scm-1.3.0-SNAPSHOT.jar:/home/runner/.m2/repository/org/apache/ozone/hdds-container-service/1.3.0-SNAPSHOT/hdds-container-service-1.3.0-SNAPSHOT.jar:/home/runner/.m2/repository/org/apache/ozone/hdds-hadoop-dependency-server/1.3.0-SNAPSHOT/hdds-hadoop-dependency-server-1.3.0-SNAPSHOT.jar:/home/runner/.m2/repository/org/apache/hadoop/hadoop-hdfs/3.3.4/hadoop-hdfs-3.3.4.jar:/home/runner/.m2/repository/org/eclipse/jetty/jetty-util-ajax/9.4.49.v20220914/jetty-util-ajax-9.4.49.v20220914.jar:/home/runner/.m2/repository/commons-daemon/commons-daemon/1.0.13/commons-daemon-1.0.13.jar:/home/runner/.m2/repository/org/apache/ozone/hdds-server-framework/1.3.0-SNAPSHOT/hdds-server-framework-1.3.0-SNAPSHOT.jar:/home/runner/.m2/repository/org/apache/ozone/hdds-interface-server/1.3.0-SNAPSHOT/hdds-interface-server-1.3.0-SNAPSHOT.jar:/home/runner/.m2/repository/org/apache/commons/commons-configuration2/2.1.1/commons-configuration2-2.1.1.jar:/home/runner/.m2/repository/org/apache/logging/log4j/log4j-core/2.17.1/log4j-core-2.17.1.jar:/home/runner/.m2/repository/com/lmax/disruptor/3.4.2/disruptor-3.4.2.jar:/home/runner/.m2/repository/org/eclipse/jetty/jetty-servlet/9.4.49.v20220914/jetty-servlet-9.4.49.v20220914.jar:/home/runner/.m2/repository/org/eclipse/jetty/jetty-security/9.4.49.v20220914/jetty-security-9.4.49.v20220914.jar:/home/runner/.m2/repository/org/rocksdb/rocksdbjni/7.7.3/rocksdbjni-7.7.3.jar:/home/runner/.m2/repository/io/prometheus/simpleclient_dropwizard/0.7.0/simpleclient_dropwizard-0.7.0.jar:/home/runner/.m2/repository/io/prometheus/simpleclient/0.7.0/simpleclient-0.7.0.jar:/home/runner/.m2/repository/io/prometheus/simpleclient_common/0.7.0/simpleclient_common-0.7.0.jar:/home/runner/.m2/repository/com/github/spotbugs/spotbugs-annotations/3.1.12/spotbugs-annotations-3.1.12.jar:/home/runner/.m2/repository/io/dropwizard/metrics/metrics-core/3.2.4/metrics-core-3.2.4.jar:/home/runner/.m2/repository/org/apache/commons/commons-text/1.4/commons-text-1.4.jar:/home/runner/.m2/repository/org/apache/hadoop/hadoop-hdfs-client/3.3.4/hadoop-hdfs-client-3.3.4.jar:/home/runner/.m2/repository/com/squareup/okhttp3/okhttp/4.9.3/okhttp-4.9.3.jar:/home/runner/.m2/repository/com/squareup/okio/okio/2.8.0/okio-2.8.0.jar:/home/runner/.m2/repository/org/jetbrains/kotlin/kotlin-stdlib-common/1.4.10/kotlin-stdlib-common-1.4.10.jar:/home/runner/.m2/repository/org/bouncycastle/bcprov-jdk15on/1.67/bcprov-jdk15on-1.67.jar:/home/runner/.m2/repository/com/google/protobuf/protobuf-java/2.5.0/protobuf-java-2.5.0.jar:/home/runner/.m2/repository/org/apache/ozone/ozone-manager/1.3.0-SNAPSHOT/ozone-manager-1.3.0-SNAPSHOT.jar:/home/runner/.m2/repository/org/aspectj/aspectjrt/1.9.7/aspectjrt-1.9.7.jar:/home/runner/.m2/repository/org/aspectj/aspectjweaver/1.9.7/aspectjweaver-1.9.7.jar:/home/runner/.m2/repository/org/apache/ozone/hdds-interface-client/1.3.0-SNAPSHOT/hdds-interface-client-1.3.0-SNAPSHOT.jar:/home/runner/.m2/repository/org/apache/hadoop/thirdparty/hadoop-shaded-protobuf_3_7/1.1.1/hadoop-shaded-protobuf_3_7-1.1.1.jar:/home/runner/.m2/repository/org/apache/ozone/ozone-interface-storage/1.3.0-SNAPSHOT/ozone-interface-storage-1.3.0-SNAPSHOT.jar:/home/runner/.m2/repository/org/reflections/reflections/0.9.11/reflections-0.9.11.jar:/home/runner/.m2/repository/com/sun/jersey/jersey-client/1.19/jersey-client-1.19.jar:/home/runner/.m2/repository/org/apache/ranger/ranger-intg/2.3.0/ranger-intg-2.3.0.jar:/home/runner/.m2/repository/org/apache/ranger/ranger-plugins-common/2.3.0/ranger-plugins-common-2.3.0.jar:/home/runner/.m2/repository/commons-lang/commons-lang/2.6/commons-lang-2.6.jar:/home/runner/.m2/repository/org/codehaus/jackson/jackson-jaxrs/1.9.13/jackson-jaxrs-1.9.13.jar:/home/runner/.m2/repository/org/apache/ranger/ranger-plugins-cred/2.3.0/ranger-plugins-cred-2.3.0.jar:/home/runner/.m2/repository/org/apache/ranger/ranger-plugins-audit/2.3.0/ranger-plugins-audit-2.3.0.jar:/home/runner/.m2/repository/org/eclipse/jetty/jetty-client/9.4.31.v20200723/jetty-client-9.4.31.v20200723.jar:/home/runner/.m2/repository/org/apache/httpcomponents/httpmime/4.5.6/httpmime-4.5.6.jar:/home/runner/.m2/repository/org/apache/httpcomponents/httpcore-nio/4.4.6/httpcore-nio-4.4.6.jar:/home/runner/.m2/repository/org/apache/httpcomponents/httpasyncclient/4.1.3/httpasyncclient-4.1.3.jar:/home/runner/.m2/repository/com/carrotsearch/hppc/0.8.0/hppc-0.8.0.jar:/home/runner/.m2/repository/org/apache/orc/orc-core/1.5.8/orc-core-1.5.8.jar:/home/runner/.m2/repository/net/java/dev/jna/jna/5.2.0/jna-5.2.0.jar:/home/runner/.m2/repository/net/java/dev/jna/jna-platform/5.2.0/jna-platform-5.2.0.jar:/home/runner/.m2/repository/com/kstruct/gethostname4j/0.0.2/gethostname4j-0.0.2.jar:/home/runner/.m2/repository/org/apache/ranger/ranger-plugin-classloader/2.3.0/ranger-plugin-classloader-2.3.0.jar:/home/runner/.m2/repository/org/apache/hadoop/hadoop-minikdc/3.3.4/hadoop-minikdc-3.3.4.jar:/home/runner/.m2/repository/org/apache/kerby/kerb-simplekdc/1.0.1/kerb-simplekdc-1.0.1.jar:/home/runner/.m2/repository/org/apache/kerby/kerb-client/1.0.1/kerb-client-1.0.1.jar:/home/runner/.m2/repository/org/apache/kerby/kerby-config/1.0.1/kerby-config-1.0.1.jar:/home/runner/.m2/repository/org/apache/kerby/kerb-common/1.0.1/kerb-common-1.0.1.jar:/home/runner/.m2/repository/org/apache/kerby/kerb-crypto/1.0.1/kerb-crypto-1.0.1.jar:/home/runner/.m2/repository/org/apache/kerby/kerb-util/1.0.1/kerb-util-1.0.1.jar:/home/runner/.m2/repository/org/apache/kerby/token-provider/1.0.1/token-provider-1.0.1.jar:/home/runner/.m2/repository/org/apache/kerby/kerb-admin/1.0.1/kerb-admin-1.0.1.jar:/home/runner/.m2/repository/org/apache/kerby/kerb-server/1.0.1/kerb-server-1.0.1.jar:/home/runner/.m2/repository/org/apache/kerby/kerb-identity/1.0.1/kerb-identity-1.0.1.jar:/home/runner/.m2/repository/org/apache/kerby/kerby-xdr/1.0.1/kerby-xdr-1.0.1.jar:/home/runner/.m2/repository/org/apache/ozone/ozone-s3gateway/1.3.0-SNAPSHOT/ozone-s3gateway-1.3.0-SNAPSHOT.jar:/home/runner/.m2/repository/org/javassist/javassist/3.21.0-GA/javassist-3.21.0-GA.jar:/home/runner/.m2/repository/org/jboss/weld/servlet/weld-servlet/2.4.7.Final/weld-servlet-2.4.7.Final.jar:/home/runner/.m2/repository/org/glassfish/jersey/containers/jersey-container-servlet-core/2.34/jersey-container-servlet-core-2.34.jar:/home/runner/.m2/repository/org/glassfish/hk2/external/jakarta.inject/2.6.1/jakarta.inject-2.6.1.jar:/home/runner/.m2/repository/org/glassfish/jersey/core/jersey-common/2.34/jersey-common-2.34.jar:/home/runner/.m2/repository/jakarta/ws/rs/jakarta.ws.rs-api/2.1.6/jakarta.ws.rs-api-2.1.6.jar:/home/runner/.m2/repository/org/glassfish/jersey/ext/cdi/jersey-cdi1x/2.34/jersey-cdi1x-2.34.jar:/home/runner/.m2/repository/org/glassfish/jersey/inject/jersey-hk2/2.34/jersey-hk2-2.34.jar:/home/runner/.m2/repository/org/glassfish/hk2/hk2-locator/2.6.1/hk2-locator-2.6.1.jar:/home/runner/.m2/repository/org/glassfish/jersey/media/jersey-media-jaxb/2.34/jersey-media-jaxb-2.34.jar:/home/runner/.m2/repository/org/glassfish/hk2/osgi-resource-locator/1.0.3/osgi-resource-locator-1.0.3.jar:/home/runner/.m2/repository/org/glassfish/hk2/hk2-api/2.5.0/hk2-api-2.5.0.jar:/home/runner/.m2/repository/org/glassfish/hk2/hk2-utils/2.5.0/hk2-utils-2.5.0.jar:/home/runner/.m2/repository/org/glassfish/hk2/external/aopalliance-repackaged/2.5.0/aopalliance-repackaged-2.5.0.jar:/home/runner/.m2/repository/com/fasterxml/jackson/dataformat/jackson-dataformat-xml/2.13.4/jackson-dataformat-xml-2.13.4.jar:/home/runner/.m2/repository/com/fasterxml/jackson/core/jackson-core/2.13.4/jackson-core-2.13.4.jar:/home/runner/.m2/repository/org/codehaus/woodstox/stax2-api/4.2.1/stax2-api-4.2.1.jar:/home/runner/.m2/repository/com/fasterxml/woodstox/woodstox-core/5.4.0/woodstox-core-5.4.0.jar:/home/runner/.m2/repository/com/fasterxml/jackson/module/jackson-module-jaxb-annotations/2.13.4/jackson-module-jaxb-annotations-2.13.4.jar:/home/runner/.m2/repository/jakarta/xml/bind/jakarta.xml.bind-api/2.3.3/jakarta.xml.bind-api-2.3.3.jar:/home/runner/.m2/repository/jakarta/activation/jakarta.activation-api/1.2.1/jakarta.activation-api-1.2.1.jar:/home/runner/.m2/repository/javax/enterprise/cdi-api/1.2/cdi-api-1.2.jar:/home/runner/.m2/repository/javax/el/javax.el-api/3.0.0/javax.el-api-3.0.0.jar:/home/runner/.m2/repository/javax/interceptor/javax.interceptor-api/1.2/javax.interceptor-api-1.2.jar:/home/runner/.m2/repository/javax/inject/javax.inject/1/javax.inject-1.jar:/home/runner/.m2/repository/javax/xml/bind/jaxb-api/2.3.0/jaxb-api-2.3.0.jar:/home/runner/.m2/repository/org/glassfish/jaxb/jaxb-runtime/2.3.0.1/jaxb-runtime-2.3.0.1.jar:/home/runner/.m2/repository/org/glassfish/jaxb/jaxb-core/2.3.0.1/jaxb-core-2.3.0.1.jar:/home/runner/.m2/repository/org/glassfish/jaxb/txw2/2.3.0.1/txw2-2.3.0.1.jar:/home/runner/.m2/repository/com/sun/istack/istack-commons-runtime/3.0.5/istack-commons-runtime-3.0.5.jar:/home/runner/.m2/repository/org/jvnet/staxex/stax-ex/1.7.8/stax-ex-1.7.8.jar:/home/runner/.m2/repository/com/sun/xml/fastinfoset/FastInfoset/1.2.13/FastInfoset-1.2.13.jar:/home/runner/.m2/repository/javax/activation/activation/1.1.1/activation-1.1.1.jar:/home/runner/.m2/repository/io/grpc/grpc-protobuf/1.48.1/grpc-protobuf-1.48.1.jar:/home/runner/.m2/repository/io/grpc/grpc-api/1.48.1/grpc-api-1.48.1.jar:/home/runner/.m2/repository/io/grpc/grpc-context/1.48.1/grpc-context-1.48.1.jar:/home/runner/.m2/repository/com/google/api/grpc/proto-google-common-protos/2.9.0/proto-google-common-protos-2.9.0.jar:/home/runner/.m2/repository/io/grpc/grpc-protobuf-lite/1.48.1/grpc-protobuf-lite-1.48.1.jar:/home/runner/.m2/repository/io/grpc/grpc-stub/1.48.1/grpc-stub-1.48.1.jar:/home/runner/.m2/repository/io/netty/netty-transport/4.1.77.Final/netty-transport-4.1.77.Final.jar:/home/runner/.m2/repository/io/netty/netty-resolver/4.1.77.Final/netty-resolver-4.1.77.Final.jar:/home/runner/.m2/repository/org/apache/ozone/ozone-csi/1.3.0-SNAPSHOT/ozone-csi-1.3.0-SNAPSHOT.jar:/home/runner/.m2/repository/com/google/protobuf/protobuf-java-util/3.19.6/protobuf-java-util-3.19.6.jar:/home/runner/.m2/repository/com/google/code/gson/gson/2.9.0/gson-2.9.0.jar:/home/runner/.m2/repository/org/apache/ozone/hdds-config/1.3.0-SNAPSHOT/hdds-config-1.3.0-SNAPSHOT.jar:/home/runner/.m2/repository/io/netty/netty-transport-native-epoll/4.1.77.Final/netty-transport-native-epoll-4.1.77.Final-linux-x86_64.jar:/home/runner/.m2/repository/io/netty/netty-transport-classes-epoll/4.1.77.Final/netty-transport-classes-epoll-4.1.77.Final.jar:/home/runner/.m2/repository/io/netty/netty-transport-native-unix-common/4.1.77.Final/netty-transport-native-unix-common-4.1.77.Final.jar:/home/runner/.m2/repository/org/slf4j/slf4j-reload4j/1.7.36/slf4j-reload4j-1.7.36.jar:/home/runner/.m2/repository/org/apache/ozone/ozone-recon/1.3.0-SNAPSHOT/ozone-recon-1.3.0-SNAPSHOT.jar:/home/runner/.m2/repository/org/apache/ozone/ozone-reconcodegen/1.3.0-SNAPSHOT/ozone-reconcodegen-1.3.0-SNAPSHOT.jar:/home/runner/.m2/repository/com/google/inject/extensions/guice-multibindings/4.0/guice-multibindings-4.0.jar:/home/runner/.m2/repository/com/google/inject/guice/4.0/guice-4.0.jar:/home/runner/.m2/repository/aopalliance/aopalliance/1.0/aopalliance-1.0.jar:/home/runner/.m2/repository/com/google/inject/extensions/guice-assistedinject/4.0/guice-assistedinject-4.0.jar:/home/runner/.m2/repository/com/google/inject/extensions/guice-servlet/4.0/guice-servlet-4.0.jar:/home/runner/.m2/repository/org/glassfish/jersey/containers/jersey-container-servlet/2.34/jersey-container-servlet-2.34.jar:/home/runner/.m2/repository/org/glassfish/hk2/guice-bridge/2.5.0/guice-bridge-2.5.0.jar:/home/runner/.m2/repository/org/glassfish/jersey/core/jersey-server/2.34/jersey-server-2.34.jar:/home/runner/.m2/repository/org/glassfish/jersey/core/jersey-client/2.34/jersey-client-2.34.jar:/home/runner/.m2/repository/jakarta/annotation/jakarta.annotation-api/1.3.5/jakarta.annotation-api-1.3.5.jar:/home/runner/.m2/repository/jakarta/validation/jakarta.validation-api/2.0.2/jakarta.validation-api-2.0.2.jar:/home/runner/.m2/repository/org/glassfish/jersey/media/jersey-media-json-jackson/2.34/jersey-media-json-jackson-2.34.jar:/home/runner/.m2/repository/org/glassfish/jersey/ext/jersey-entity-filtering/2.34/jersey-entity-filtering-2.34.jar:/home/runner/.m2/repository/org/jooq/jooq/3.11.10/jooq-3.11.10.jar:/home/runner/.m2/repository/org/jooq/jooq-meta/3.11.10/jooq-meta-3.11.10.jar:/home/runner/.m2/repository/org/jooq/jooq-codegen/3.11.10/jooq-codegen-3.11.10.jar:/home/runner/.m2/repository/com/jolbox/bonecp/0.8.0.RELEASE/bonecp-0.8.0.RELEASE.jar:/home/runner/.m2/repository/org/apache/derby/derby/10.14.2.0/derby-10.14.2.0.jar:/home/runner/.m2/repository/org/xerial/sqlite-jdbc/3.25.2/sqlite-jdbc-3.25.2.jar:/home/runner/.m2/repository/org/springframework/spring-jdbc/5.3.23/spring-jdbc-5.3.23.jar:/home/runner/.m2/repository/org/springframework/spring-beans/5.3.23/spring-beans-5.3.23.jar:/home/runner/.m2/repository/org/springframework/spring-core/5.3.23/spring-core-5.3.23.jar:/home/runner/.m2/repository/org/springframework/spring-jcl/5.3.23/spring-jcl-5.3.23.jar:/home/runner/.m2/repository/org/springframework/spring-tx/5.3.23/spring-tx-5.3.23.jar:/home/runner/.m2/repository/org/apache/ozone/ozone-client/1.3.0-SNAPSHOT/ozone-client-1.3.0-SNAPSHOT.jar:/home/runner/.m2/repository/org/apache/ozone/hdds-erasurecode/1.3.0-SNAPSHOT/hdds-erasurecode-1.3.0-SNAPSHOT.jar:/home/runner/.m2/repository/org/apache/ozone/ozone-filesystem/1.3.0-SNAPSHOT/ozone-filesystem-1.3.0-SNAPSHOT.jar:/home/runner/.m2/repository/org/apache/ozone/ozone-filesystem-common/1.3.0-SNAPSHOT/ozone-filesystem-common-1.3.0-SNAPSHOT.jar:/home/runner/.m2/repository/org/apache/ozone/ozone-tools/1.3.0-SNAPSHOT/ozone-tools-1.3.0-SNAPSHOT.jar:/home/runner/.m2/repository/org/apache/ratis/ratis-tools/2.4.2-8b8bdda-SNAPSHOT/ratis-tools-2.4.2-8b8bdda-SNAPSHOT.jar:/home/runner/.m2/repository/com/amazonaws/aws-java-sdk-core/1.12.261/aws-java-sdk-core-1.12.261.jar:/home/runner/.m2/repository/org/apache/httpcomponents/httpclient/4.5.13/httpclient-4.5.13.jar:/home/runner/.m2/repository/org/apache/httpcomponents/httpcore/4.4.13/httpcore-4.4.13.jar:/home/runner/.m2/repository/software/amazon/ion/ion-java/1.0.2/ion-java-1.0.2.jar:/home/runner/.m2/repository/com/fasterxml/jackson/dataformat/jackson-dataformat-cbor/2.13.4/jackson-dataformat-cbor-2.13.4.jar:/home/runner/.m2/repository/joda-time/joda-time/2.8.1/joda-time-2.8.1.jar:/home/runner/.m2/repository/com/amazonaws/aws-java-sdk-s3/1.12.261/aws-java-sdk-s3-1.12.261.jar:/home/runner/.m2/repository/com/amazonaws/aws-java-sdk-kms/1.12.261/aws-java-sdk-kms-1.12.261.jar:/home/runner/.m2/repository/com/amazonaws/jmespath-java/1.12.261/jmespath-java-1.12.261.jar:/home/runner/.m2/repository/org/kohsuke/metainf-services/metainf-services/1.8/metainf-services-1.8.jar:/home/runner/.m2/repository/org/apache/ozone/hdds-tools/1.3.0-SNAPSHOT/hdds-tools-1.3.0-SNAPSHOT.jar:/home/runner/.m2/repository/commons-cli/commons-cli/1.2/commons-cli-1.2.jar:/home/runner/.m2/repository/org/apache/commons/commons-lang3/3.7/commons-lang3-3.7.jar:/home/runner/.m2/repository/org/apache/ozone/ozone-manager/1.3.0-SNAPSHOT/ozone-manager-1.3.0-SNAPSHOT-tests.jar:/home/runner/.m2/repository/org/apache/ozone/hdds-common/1.3.0-SNAPSHOT/hdds-common-1.3.0-SNAPSHOT-tests.jar:/home/runner/.m2/repository/org/apache/ozone/hdds-hadoop-dependency-client/1.3.0-SNAPSHOT/hdds-hadoop-dependency-client-1.3.0-SNAPSHOT.jar:/home/runner/.m2/repository/info/picocli/picocli/4.6.1/picocli-4.6.1.jar:/home/runner/.m2/repository/com/fasterxml/jackson/core/jackson-annotations/2.13.4/jackson-annotations-2.13.4.jar:/home/runner/.m2/repository/com/fasterxml/jackson/datatype/jackson-datatype-jsr310/2.13.4/jackson-datatype-jsr310-2.13.4.jar:/home/runner/.m2/repository/org/apache/ozone/hdds-annotation-processing/1.3.0-SNAPSHOT/hdds-annotation-processing-1.3.0-SNAPSHOT.jar:/home/runner/.m2/repository/javax/annotation/javax.annotation-api/1.2/javax.annotation-api-1.2.jar:/home/runner/.m2/repository/org/apache/ratis/ratis-server/2.4.2-8b8bdda-SNAPSHOT/ratis-server-2.4.2-8b8bdda-SNAPSHOT.jar:/home/runner/.m2/repository/org/apache/ratis/ratis-client/2.4.2-8b8bdda-SNAPSHOT/ratis-client-2.4.2-8b8bdda-SNAPSHOT.jar:/home/runner/.m2/repository/org/apache/ratis/ratis-server-api/2.4.2-8b8bdda-SNAPSHOT/ratis-server-api-2.4.2-8b8bdda-SNAPSHOT.jar:/home/runner/.m2/repository/org/apache/ratis/ratis-metrics/2.4.2-8b8bdda-SNAPSHOT/ratis-metrics-2.4.2-8b8bdda-SNAPSHOT.jar:/home/runner/.m2/repository/org/apache/ratis/ratis-netty/2.4.2-8b8bdda-SNAPSHOT/ratis-netty-2.4.2-8b8bdda-SNAPSHOT.jar:/home/runner/.m2/repository/org/apache/ratis/ratis-grpc/2.4.2-8b8bdda-SNAPSHOT/ratis-grpc-2.4.2-8b8bdda-SNAPSHOT.jar:/home/runner/.m2/repository/org/apache/logging/log4j/log4j-api/2.17.1/log4j-api-2.17.1.jar:/home/runner/.m2/repository/org/apache/commons/commons-pool2/2.6.0/commons-pool2-2.6.0.jar:/home/runner/.m2/repository/org/bouncycastle/bcpkix-jdk15on/1.67/bcpkix-jdk15on-1.67.jar:/home/runner/.m2/repository/commons-validator/commons-validator/1.6/commons-validator-1.6.jar:/home/runner/.m2/repository/commons-beanutils/commons-beanutils/1.9.4/commons-beanutils-1.9.4.jar:/home/runner/.m2/repository/commons-digester/commons-digester/1.8.1/commons-digester-1.8.1.jar:/home/runner/.m2/repository/commons-collections/commons-collections/3.2.2/commons-collections-3.2.2.jar:/home/runner/.m2/repository/io/jaegertracing/jaeger-client/1.6.0/jaeger-client-1.6.0.jar:/home/runner/.m2/repository/io/jaegertracing/jaeger-thrift/1.6.0/jaeger-thrift-1.6.0.jar:/home/runner/.m2/repository/org/apache/thrift/libthrift/0.14.1/libthrift-0.14.1.jar:/home/runner/.m2/repository/io/jaegertracing/jaeger-core/1.6.0/jaeger-core-1.6.0.jar:/home/runner/.m2/repository/io/jaegertracing/jaeger-tracerresolver/1.6.0/jaeger-tracerresolver-1.6.0.jar:/home/runner/.m2/repository/io/opentracing/contrib/opentracing-tracerresolver/0.1.8/opentracing-tracerresolver-0.1.8.jar:/home/runner/.m2/repository/org/jetbrains/kotlin/kotlin-stdlib/1.6.21/kotlin-stdlib-1.6.21.jar:/home/runner/.m2/repository/org/jetbrains/annotations/13.0/annotations-13.0.jar:/home/runner/.m2/repository/io/opentracing/opentracing-util/0.33.0/opentracing-util-0.33.0.jar:/home/runner/.m2/repository/io/opentracing/opentracing-api/0.33.0/opentracing-api-0.33.0.jar:/home/runner/.m2/repository/io/opentracing/opentracing-noop/0.33.0/opentracing-noop-0.33.0.jar:/home/runner/.m2/repository/org/yaml/snakeyaml/1.33/snakeyaml-1.33.jar:/home/runner/.m2/repository/org/apache/ozone/hdds-interface-admin/1.3.0-SNAPSHOT/hdds-interface-admin-1.3.0-SNAPSHOT.jar:/home/runner/.m2/repository/junit/junit/4.13.1/junit-4.13.1.jar:/home/runner/.m2/repository/org/hamcrest/hamcrest-core/1.3/hamcrest-core-1.3.jar:/home/runner/.m2/repository/org/junit/jupiter/junit-jupiter-api/5.8.2/junit-jupiter-api-5.8.2.jar:/home/runner/.m2/repository/org/opentest4j/opentest4j/1.2.0/opentest4j-1.2.0.jar:/home/runner/.m2/repository/org/junit/platform/junit-platform-commons/1.8.2/junit-platform-commons-1.8.2.jar:/home/runner/.m2/repository/org/apiguardian/apiguardian-api/1.1.2/apiguardian-api-1.1.2.jar:/home/runner/.m2/repository/org/junit/jupiter/junit-jupiter-params/5.8.2/junit-jupiter-params-5.8.2.jar:/home/runner/.m2/repository/org/junit/jupiter/junit-jupiter-migrationsupport/5.8.2/junit-jupiter-migrationsupport-5.8.2.jar:/home/runner/.m2/repository/org/junit/jupiter/junit-jupiter-engine/5.8.2/junit-jupiter-engine-5.8.2.jar:/home/runner/.m2/repository/org/junit/platform/junit-platform-engine/1.8.2/junit-platform-engine-1.8.2.jar:/home/runner/.m2/repository/org/junit/vintage/junit-vintage-engine/5.8.2/junit-vintage-engine-5.8.2.jar:/home/runner/.m2/repository/org/junit/platform/junit-platform-launcher/1.8.2/junit-platform-launcher-1.8.2.jar:/home/runner/.m2/repository/org/mockito/mockito-core/2.28.2/mockito-core-2.28.2.jar:/home/runner/.m2/repository/net/bytebuddy/byte-buddy/1.9.10/byte-buddy-1.9.10.jar:/home/runner/.m2/repository/net/bytebuddy/byte-buddy-agent/1.9.10/byte-buddy-agent-1.9.10.jar:/home/runner/.m2/repository/org/objenesis/objenesis/1.0/objenesis-1.0.jar:/home/runner/.m2/repository/org/apache/hadoop/hadoop-kms/3.3.4/hadoop-kms-3.3.4.jar:/home/runner/.m2/repository/org/apache/hadoop/hadoop-auth/3.3.4/hadoop-auth-3.3.4.jar:/home/runner/.m2/repository/com/nimbusds/nimbus-jose-jwt/9.8.1/nimbus-jose-jwt-9.8.1.jar:/home/runner/.m2/repository/com/github/stephenc/jcip/jcip-annotations/1.0-1/jcip-annotations-1.0-1.jar:/home/runner/.m2/repository/net/minidev/json-smart/2.4.7/json-smart-2.4.7.jar:/home/runner/.m2/repository/net/minidev/accessors-smart/2.4.7/accessors-smart-2.4.7.jar:/home/runner/.m2/repository/org/ow2/asm/asm/5.0.4/asm-5.0.4.jar:/home/runner/.m2/repository/org/apache/zookeeper/zookeeper/3.5.6/zookeeper-3.5.6.jar:/home/runner/.m2/repository/org/apache/zookeeper/zookeeper-jute/3.5.6/zookeeper-jute-3.5.6.jar:/home/runner/.m2/repository/org/apache/yetus/audience-annotations/0.5.0/audience-annotations-0.5.0.jar:/home/runner/.m2/repository/org/apache/curator/curator-framework/4.2.0/curator-framework-4.2.0.jar:/home/runner/.m2/repository/org/apache/hadoop/thirdparty/hadoop-shaded-guava/1.1.1/hadoop-shaded-guava-1.1.1.jar:/home/runner/.m2/repository/com/sun/jersey/jersey-core/1.19/jersey-core-1.19.jar:/home/runner/.m2/repository/javax/ws/rs/jsr311-api/1.1.1/jsr311-api-1.1.1.jar:/home/runner/.m2/repository/com/sun/jersey/jersey-server/1.19/jersey-server-1.19.jar:/home/runner/.m2/repository/javax/servlet/javax.servlet-api/3.1.0/javax.servlet-api-3.1.0.jar:/home/runner/.m2/repository/org/eclipse/jetty/jetty-server/9.4.49.v20220914/jetty-server-9.4.49.v20220914.jar:/home/runner/.m2/repository/org/eclipse/jetty/jetty-http/9.4.49.v20220914/jetty-http-9.4.49.v20220914.jar:/home/runner/.m2/repository/org/eclipse/jetty/jetty-io/9.4.49.v20220914/jetty-io-9.4.49.v20220914.jar:/home/runner/.m2/repository/org/eclipse/jetty/jetty-webapp/9.4.49.v20220914/jetty-webapp-9.4.49.v20220914.jar:/home/runner/.m2/repository/org/eclipse/jetty/jetty-xml/9.4.49.v20220914/jetty-xml-9.4.49.v20220914.jar:/home/runner/.m2/repository/org/apache/hadoop/hadoop-common/3.3.4/hadoop-common-3.3.4.jar:/home/runner/.m2/repository/org/apache/commons/commons-math3/3.1.1/commons-math3-3.1.1.jar:/home/runner/.m2/repository/commons-net/commons-net/3.9.0/commons-net-3.9.0.jar:/home/runner/.m2/repository/com/sun/jersey/jersey-servlet/1.19/jersey-servlet-1.19.jar:/home/runner/.m2/repository/com/sun/jersey/jersey-json/1.19/jersey-json-1.19.jar:/home/runner/.m2/repository/org/codehaus/jettison/jettison/1.1/jettison-1.1.jar:/home/runner/.m2/repository/com/sun/xml/bind/jaxb-impl/2.2.3-1/jaxb-impl-2.2.3-1.jar:/home/runner/.m2/repository/org/codehaus/jackson/jackson-xc/1.9.2/jackson-xc-1.9.2.jar:/home/runner/.m2/repository/com/google/re2j/re2j/1.1/re2j-1.1.jar:/home/runner/.m2/repository/com/jcraft/jsch/0.1.54/jsch-0.1.54.jar:/home/runner/.m2/repository/org/apache/curator/curator-client/4.2.0/curator-client-4.2.0.jar:/home/runner/.m2/repository/org/apache/curator/curator-recipes/4.2.0/curator-recipes-4.2.0.jar:/home/runner/.m2/repository/org/apache/kerby/kerb-core/1.0.1/kerb-core-1.0.1.jar:/home/runner/.m2/repository/org/apache/kerby/kerby-pkix/1.0.1/kerby-pkix-1.0.1.jar:/home/runner/.m2/repository/org/apache/kerby/kerby-asn1/1.0.1/kerby-asn1-1.0.1.jar:/home/runner/.m2/repository/org/apache/kerby/kerby-util/1.0.1/kerby-util-1.0.1.jar:/home/runner/.m2/repository/dnsjava/dnsjava/2.1.7/dnsjava-2.1.7.jar:/home/runner/.m2/repository/org/xerial/snappy/snappy-java/1.1.8.2/snappy-java-1.1.8.2.jar:/home/runner/.m2/repository/org/eclipse/jetty/jetty-util/9.4.49.v20220914/jetty-util-9.4.49.v20220914.jar:/home/runner/.m2/repository/com/fasterxml/jackson/core/jackson-databind/2.13.4.2/jackson-databind-2.13.4.2.jar:/home/runner/.m2/repository/org/apache/hadoop/hadoop-kms/3.3.4/hadoop-kms-3.3.4-tests.jar:/home/runner/.m2/repository/org/apache/ozone/hdds-server-scm/1.3.0-SNAPSHOT/hdds-server-scm-1.3.0-SNAPSHOT-tests.jar:/home/runner/.m2/repository/org/apache/ozone/hdds-container-service/1.3.0-SNAPSHOT/hdds-container-service-1.3.0-SNAPSHOT-tests.jar:/home/runner/.m2/repository/commons-codec/commons-codec/1.15/commons-codec-1.15.jar:/home/runner/.m2/repository/io/netty/netty-codec/4.1.77.Final/netty-codec-4.1.77.Final.jar:/home/runner/.m2/repository/io/netty/netty-handler/4.1.77.Final/netty-handler-4.1.77.Final.jar:/home/runner/.m2/repository/org/apache/ozone/hdds-hadoop-dependency-test/1.3.0-SNAPSHOT/hdds-hadoop-dependency-test-1.3.0-SNAPSHOT.jar:/home/runner/.m2/repository/org/apache/hadoop/hadoop-common/3.3.4/hadoop-common-3.3.4-tests.jar:/home/runner/.m2/repository/org/apache/hadoop/hadoop-hdfs/3.3.4/hadoop-hdfs-3.3.4-tests.jar:/home/runner/.m2/repository/org/assertj/assertj-core/3.12.2/assertj-core-3.12.2.jar:/home/runner/.m2/repository/org/apache/hadoop/hadoop-distcp/3.3.4/hadoop-distcp-3.3.4.jar:/home/runner/.m2/repository/org/apache/hadoop/hadoop-mapreduce-client-jobclient/3.3.4/hadoop-mapreduce-client-jobclient-3.3.4.jar:/home/runner/.m2/repository/org/apache/hadoop/hadoop-mapreduce-client-common/3.3.4/hadoop-mapreduce-client-common-3.3.4.jar:/home/runner/.m2/repository/org/apache/hadoop/hadoop-yarn-common/3.3.4/hadoop-yarn-common-3.3.4.jar:/home/runner/.m2/repository/org/apache/hadoop/hadoop-yarn-api/3.3.4/hadoop-yarn-api-3.3.4.jar:/home/runner/.m2/repository/com/sun/jersey/contribs/jersey-guice/1.19/jersey-guice-1.19.jar:/home/runner/.m2/repository/com/fasterxml/jackson/jaxrs/jackson-jaxrs-json-provider/2.13.4/jackson-jaxrs-json-provider-2.13.4.jar:/home/runner/.m2/repository/com/fasterxml/jackson/jaxrs/jackson-jaxrs-base/2.13.4/jackson-jaxrs-base-2.13.4.jar:/home/runner/.m2/repository/org/apache/hadoop/hadoop-yarn-client/3.3.4/hadoop-yarn-client-3.3.4.jar:/home/runner/.m2/repository/org/eclipse/jetty/websocket/websocket-client/9.4.43.v20210629/websocket-client-9.4.43.v20210629.jar:/home/runner/.m2/repository/org/eclipse/jetty/websocket/websocket-common/9.4.43.v20210629/websocket-common-9.4.43.v20210629.jar:/home/runner/.m2/repository/org/eclipse/jetty/websocket/websocket-api/9.4.43.v20210629/websocket-api-9.4.43.v20210629.jar:/home/runner/.m2/repository/org/jline/jline/3.9.0/jline-3.9.0.jar:/home/runner/.m2/repository/org/apache/hadoop/hadoop-mapreduce-client-core/3.3.4/hadoop-mapreduce-client-core-3.3.4.jar:/home/runner/.m2/repository/org/apache/avro/avro/1.7.7/avro-1.7.7.jar:/home/runner/.m2/repository/org/codehaus/jackson/jackson-core-asl/1.9.13/jackson-core-asl-1.9.13.jar:/home/runner/.m2/repository/org/codehaus/jackson/jackson-mapper-asl/1.9.13/jackson-mapper-asl-1.9.13.jar:/home/runner/.m2/repository/com/thoughtworks/paranamer/paranamer/2.3/paranamer-2.3.jar:/home/runner/.m2/repository/org/apache/hadoop/hadoop-annotations/3.3.4/hadoop-annotations-3.3.4.jar:/usr/lib/jvm/temurin-8-jdk-amd64/jre/../lib/tools.jar:/home/runner/.m2/repository/io/netty/netty/3.10.6.Final/netty-3.10.6.Final.jar:/home/runner/.m2/repository/org/apache/hadoop/hadoop-distcp/3.3.4/hadoop-distcp-3.3.4-tests.jar:/home/runner/.m2/repository/org/slf4j/jul-to-slf4j/1.7.36/jul-to-slf4j-1.7.36.jar:/home/runner/.m2/repository/org/apache/ratis/ratis-common/2.4.2-8b8bdda-SNAPSHOT/ratis-common-2.4.2-8b8bdda-SNAPSHOT.jar:/home/runner/.m2/repository/org/apache/ratis/ratis-thirdparty-misc/1.0.3/ratis-thirdparty-misc-1.0.3.jar:/home/runner/.m2/repository/org/apache/ratis/ratis-proto/2.4.2-8b8bdda-SNAPSHOT/ratis-proto-2.4.2-8b8bdda-SNAPSHOT.jar:"/>
    <property name="java.vm.vendor" value="Temurin"/>
    <property name="sun.arch.data.model" value="64"/>
    <property name="test.build.dir" value="/home/runner/work/ozone/ozone/hadoop-ozone/integration-test/target/test-dir"/>
    <property name="test.cache.data" value=""/>
    <property name="java.vendor.url" value="https://adoptium.net/"/>
    <property name="user.timezone" value="Etc/UTC"/>
    <property name="java.vm.specification.version" value="1.8"/>
    <property name="os.name" value="Linux"/>
    <property name="test.build.data" value="/home/runner/work/ozone/ozone/hadoop-ozone/integration-test/target/test-dir"/>
    <property name="sun.java.launcher" value="SUN_STANDARD"/>
    <property name="sun.boot.library.path" value="/usr/lib/jvm/temurin-8-jdk-amd64/jre/lib/amd64"/>
    <property name="sun.java.command" value="/home/runner/work/ozone/ozone/hadoop-ozone/integration-test/target/surefire/surefirebooter4624628713447041754.jar /home/runner/work/ozone/ozone/hadoop-ozone/integration-test/target/surefire 2022-12-13T09-51-41_287-jvmRun1 surefire2658215284218021576tmp surefire_415874634894278313633tmp"/>
    <property name="surefire.test.class.path" value="/home/runner/work/ozone/ozone/hadoop-ozone/integration-test/target/test-classes:/home/runner/work/ozone/ozone/hadoop-ozone/integration-test/target/classes:/home/runner/.m2/repository/org/apache/ozone/ozone-common/1.3.0-SNAPSHOT/ozone-common-1.3.0-SNAPSHOT.jar:/home/runner/.m2/repository/io/grpc/grpc-netty/1.48.1/grpc-netty-1.48.1.jar:/home/runner/.m2/repository/io/grpc/grpc-core/1.48.1/grpc-core-1.48.1.jar:/home/runner/.m2/repository/com/google/android/annotations/4.1.1.4/annotations-4.1.1.4.jar:/home/runner/.m2/repository/org/codehaus/mojo/animal-sniffer-annotations/1.21/animal-sniffer-annotations-1.21.jar:/home/runner/.m2/repository/com/google/errorprone/error_prone_annotations/2.2.0/error_prone_annotations-2.2.0.jar:/home/runner/.m2/repository/io/perfmark/perfmark-api/0.25.0/perfmark-api-0.25.0.jar:/home/runner/.m2/repository/io/netty/netty-codec-http2/4.1.77.Final/netty-codec-http2-4.1.77.Final.jar:/home/runner/.m2/repository/io/netty/netty-common/4.1.77.Final/netty-common-4.1.77.Final.jar:/home/runner/.m2/repository/io/netty/netty-buffer/4.1.77.Final/netty-buffer-4.1.77.Final.jar:/home/runner/.m2/repository/io/netty/netty-codec-http/4.1.77.Final/netty-codec-http-4.1.77.Final.jar:/home/runner/.m2/repository/io/netty/netty-handler-proxy/4.1.77.Final/netty-handler-proxy-4.1.77.Final.jar:/home/runner/.m2/repository/io/netty/netty-codec-socks/4.1.77.Final/netty-codec-socks-4.1.77.Final.jar:/home/runner/.m2/repository/io/netty/netty-tcnative-boringssl-static/2.0.52.Final/netty-tcnative-boringssl-static-2.0.52.Final.jar:/home/runner/.m2/repository/io/netty/netty-tcnative-classes/2.0.52.Final/netty-tcnative-classes-2.0.52.Final.jar:/home/runner/.m2/repository/io/netty/netty-tcnative-boringssl-static/2.0.52.Final/netty-tcnative-boringssl-static-2.0.52.Final-linux-x86_64.jar:/home/runner/.m2/repository/io/netty/netty-tcnative-boringssl-static/2.0.52.Final/netty-tcnative-boringssl-static-2.0.52.Final-linux-aarch_64.jar:/home/runner/.m2/repository/io/netty/netty-tcnative-boringssl-static/2.0.52.Final/netty-tcnative-boringssl-static-2.0.52.Final-osx-x86_64.jar:/home/runner/.m2/repository/io/netty/netty-tcnative-boringssl-static/2.0.52.Final/netty-tcnative-boringssl-static-2.0.52.Final-osx-aarch_64.jar:/home/runner/.m2/repository/io/netty/netty-tcnative-boringssl-static/2.0.52.Final/netty-tcnative-boringssl-static-2.0.52.Final-windows-x86_64.jar:/home/runner/.m2/repository/org/apache/commons/commons-compress/1.21/commons-compress-1.21.jar:/home/runner/.m2/repository/org/apache/ozone/hdds-common/1.3.0-SNAPSHOT/hdds-common-1.3.0-SNAPSHOT.jar:/home/runner/.m2/repository/org/apache/ozone/hdds-client/1.3.0-SNAPSHOT/hdds-client-1.3.0-SNAPSHOT.jar:/home/runner/.m2/repository/org/apache/ozone/ozone-interface-client/1.3.0-SNAPSHOT/ozone-interface-client-1.3.0-SNAPSHOT.jar:/home/runner/.m2/repository/org/apache/ozone/hdds-test-utils/1.3.0-SNAPSHOT/hdds-test-utils-1.3.0-SNAPSHOT.jar:/home/runner/.m2/repository/com/google/guava/guava/31.1-jre/guava-31.1-jre.jar:/home/runner/.m2/repository/com/google/guava/failureaccess/1.0.1/failureaccess-1.0.1.jar:/home/runner/.m2/repository/com/google/guava/listenablefuture/9999.0-empty-to-avoid-conflict-with-guava/listenablefuture-9999.0-empty-to-avoid-conflict-with-guava.jar:/home/runner/.m2/repository/com/google/code/findbugs/jsr305/3.0.0/jsr305-3.0.0.jar:/home/runner/.m2/repository/org/checkerframework/checker-qual/3.12.0/checker-qual-3.12.0.jar:/home/runner/.m2/repository/com/google/j2objc/j2objc-annotations/1.3/j2objc-annotations-1.3.jar:/home/runner/.m2/repository/commons-io/commons-io/2.11.0/commons-io-2.11.0.jar:/home/runner/.m2/repository/commons-logging/commons-logging/1.2/commons-logging-1.2.jar:/home/runner/.m2/repository/ch/qos/reload4j/reload4j/1.2.22/reload4j-1.2.22.jar:/home/runner/.m2/repository/org/slf4j/slf4j-api/1.7.36/slf4j-api-1.7.36.jar:/home/runner/.m2/repository/org/apache/ozone/hdds-server-scm/1.3.0-SNAPSHOT/hdds-server-scm-1.3.0-SNAPSHOT.jar:/home/runner/.m2/repository/org/apache/ozone/hdds-container-service/1.3.0-SNAPSHOT/hdds-container-service-1.3.0-SNAPSHOT.jar:/home/runner/.m2/repository/org/apache/ozone/hdds-hadoop-dependency-server/1.3.0-SNAPSHOT/hdds-hadoop-dependency-server-1.3.0-SNAPSHOT.jar:/home/runner/.m2/repository/org/apache/hadoop/hadoop-hdfs/3.3.4/hadoop-hdfs-3.3.4.jar:/home/runner/.m2/repository/org/eclipse/jetty/jetty-util-ajax/9.4.49.v20220914/jetty-util-ajax-9.4.49.v20220914.jar:/home/runner/.m2/repository/commons-daemon/commons-daemon/1.0.13/commons-daemon-1.0.13.jar:/home/runner/.m2/repository/org/apache/ozone/hdds-server-framework/1.3.0-SNAPSHOT/hdds-server-framework-1.3.0-SNAPSHOT.jar:/home/runner/.m2/repository/org/apache/ozone/hdds-interface-server/1.3.0-SNAPSHOT/hdds-interface-server-1.3.0-SNAPSHOT.jar:/home/runner/.m2/repository/org/apache/commons/commons-configuration2/2.1.1/commons-configuration2-2.1.1.jar:/home/runner/.m2/repository/org/apache/logging/log4j/log4j-core/2.17.1/log4j-core-2.17.1.jar:/home/runner/.m2/repository/com/lmax/disruptor/3.4.2/disruptor-3.4.2.jar:/home/runner/.m2/repository/org/eclipse/jetty/jetty-servlet/9.4.49.v20220914/jetty-servlet-9.4.49.v20220914.jar:/home/runner/.m2/repository/org/eclipse/jetty/jetty-security/9.4.49.v20220914/jetty-security-9.4.49.v20220914.jar:/home/runner/.m2/repository/org/rocksdb/rocksdbjni/7.7.3/rocksdbjni-7.7.3.jar:/home/runner/.m2/repository/io/prometheus/simpleclient_dropwizard/0.7.0/simpleclient_dropwizard-0.7.0.jar:/home/runner/.m2/repository/io/prometheus/simpleclient/0.7.0/simpleclient-0.7.0.jar:/home/runner/.m2/repository/io/prometheus/simpleclient_common/0.7.0/simpleclient_common-0.7.0.jar:/home/runner/.m2/repository/com/github/spotbugs/spotbugs-annotations/3.1.12/spotbugs-annotations-3.1.12.jar:/home/runner/.m2/repository/io/dropwizard/metrics/metrics-core/3.2.4/metrics-core-3.2.4.jar:/home/runner/.m2/repository/org/apache/commons/commons-text/1.4/commons-text-1.4.jar:/home/runner/.m2/repository/org/apache/hadoop/hadoop-hdfs-client/3.3.4/hadoop-hdfs-client-3.3.4.jar:/home/runner/.m2/repository/com/squareup/okhttp3/okhttp/4.9.3/okhttp-4.9.3.jar:/home/runner/.m2/repository/com/squareup/okio/okio/2.8.0/okio-2.8.0.jar:/home/runner/.m2/repository/org/jetbrains/kotlin/kotlin-stdlib-common/1.4.10/kotlin-stdlib-common-1.4.10.jar:/home/runner/.m2/repository/org/bouncycastle/bcprov-jdk15on/1.67/bcprov-jdk15on-1.67.jar:/home/runner/.m2/repository/com/google/protobuf/protobuf-java/2.5.0/protobuf-java-2.5.0.jar:/home/runner/.m2/repository/org/apache/ozone/ozone-manager/1.3.0-SNAPSHOT/ozone-manager-1.3.0-SNAPSHOT.jar:/home/runner/.m2/repository/org/aspectj/aspectjrt/1.9.7/aspectjrt-1.9.7.jar:/home/runner/.m2/repository/org/aspectj/aspectjweaver/1.9.7/aspectjweaver-1.9.7.jar:/home/runner/.m2/repository/org/apache/ozone/hdds-interface-client/1.3.0-SNAPSHOT/hdds-interface-client-1.3.0-SNAPSHOT.jar:/home/runner/.m2/repository/org/apache/hadoop/thirdparty/hadoop-shaded-protobuf_3_7/1.1.1/hadoop-shaded-protobuf_3_7-1.1.1.jar:/home/runner/.m2/repository/org/apache/ozone/ozone-interface-storage/1.3.0-SNAPSHOT/ozone-interface-storage-1.3.0-SNAPSHOT.jar:/home/runner/.m2/repository/org/reflections/reflections/0.9.11/reflections-0.9.11.jar:/home/runner/.m2/repository/com/sun/jersey/jersey-client/1.19/jersey-client-1.19.jar:/home/runner/.m2/repository/org/apache/ranger/ranger-intg/2.3.0/ranger-intg-2.3.0.jar:/home/runner/.m2/repository/org/apache/ranger/ranger-plugins-common/2.3.0/ranger-plugins-common-2.3.0.jar:/home/runner/.m2/repository/commons-lang/commons-lang/2.6/commons-lang-2.6.jar:/home/runner/.m2/repository/org/codehaus/jackson/jackson-jaxrs/1.9.13/jackson-jaxrs-1.9.13.jar:/home/runner/.m2/repository/org/apache/ranger/ranger-plugins-cred/2.3.0/ranger-plugins-cred-2.3.0.jar:/home/runner/.m2/repository/org/apache/ranger/ranger-plugins-audit/2.3.0/ranger-plugins-audit-2.3.0.jar:/home/runner/.m2/repository/org/eclipse/jetty/jetty-client/9.4.31.v20200723/jetty-client-9.4.31.v20200723.jar:/home/runner/.m2/repository/org/apache/httpcomponents/httpmime/4.5.6/httpmime-4.5.6.jar:/home/runner/.m2/repository/org/apache/httpcomponents/httpcore-nio/4.4.6/httpcore-nio-4.4.6.jar:/home/runner/.m2/repository/org/apache/httpcomponents/httpasyncclient/4.1.3/httpasyncclient-4.1.3.jar:/home/runner/.m2/repository/com/carrotsearch/hppc/0.8.0/hppc-0.8.0.jar:/home/runner/.m2/repository/org/apache/orc/orc-core/1.5.8/orc-core-1.5.8.jar:/home/runner/.m2/repository/net/java/dev/jna/jna/5.2.0/jna-5.2.0.jar:/home/runner/.m2/repository/net/java/dev/jna/jna-platform/5.2.0/jna-platform-5.2.0.jar:/home/runner/.m2/repository/com/kstruct/gethostname4j/0.0.2/gethostname4j-0.0.2.jar:/home/runner/.m2/repository/org/apache/ranger/ranger-plugin-classloader/2.3.0/ranger-plugin-classloader-2.3.0.jar:/home/runner/.m2/repository/org/apache/hadoop/hadoop-minikdc/3.3.4/hadoop-minikdc-3.3.4.jar:/home/runner/.m2/repository/org/apache/kerby/kerb-simplekdc/1.0.1/kerb-simplekdc-1.0.1.jar:/home/runner/.m2/repository/org/apache/kerby/kerb-client/1.0.1/kerb-client-1.0.1.jar:/home/runner/.m2/repository/org/apache/kerby/kerby-config/1.0.1/kerby-config-1.0.1.jar:/home/runner/.m2/repository/org/apache/kerby/kerb-common/1.0.1/kerb-common-1.0.1.jar:/home/runner/.m2/repository/org/apache/kerby/kerb-crypto/1.0.1/kerb-crypto-1.0.1.jar:/home/runner/.m2/repository/org/apache/kerby/kerb-util/1.0.1/kerb-util-1.0.1.jar:/home/runner/.m2/repository/org/apache/kerby/token-provider/1.0.1/token-provider-1.0.1.jar:/home/runner/.m2/repository/org/apache/kerby/kerb-admin/1.0.1/kerb-admin-1.0.1.jar:/home/runner/.m2/repository/org/apache/kerby/kerb-server/1.0.1/kerb-server-1.0.1.jar:/home/runner/.m2/repository/org/apache/kerby/kerb-identity/1.0.1/kerb-identity-1.0.1.jar:/home/runner/.m2/repository/org/apache/kerby/kerby-xdr/1.0.1/kerby-xdr-1.0.1.jar:/home/runner/.m2/repository/org/apache/ozone/ozone-s3gateway/1.3.0-SNAPSHOT/ozone-s3gateway-1.3.0-SNAPSHOT.jar:/home/runner/.m2/repository/org/javassist/javassist/3.21.0-GA/javassist-3.21.0-GA.jar:/home/runner/.m2/repository/org/jboss/weld/servlet/weld-servlet/2.4.7.Final/weld-servlet-2.4.7.Final.jar:/home/runner/.m2/repository/org/glassfish/jersey/containers/jersey-container-servlet-core/2.34/jersey-container-servlet-core-2.34.jar:/home/runner/.m2/repository/org/glassfish/hk2/external/jakarta.inject/2.6.1/jakarta.inject-2.6.1.jar:/home/runner/.m2/repository/org/glassfish/jersey/core/jersey-common/2.34/jersey-common-2.34.jar:/home/runner/.m2/repository/jakarta/ws/rs/jakarta.ws.rs-api/2.1.6/jakarta.ws.rs-api-2.1.6.jar:/home/runner/.m2/repository/org/glassfish/jersey/ext/cdi/jersey-cdi1x/2.34/jersey-cdi1x-2.34.jar:/home/runner/.m2/repository/org/glassfish/jersey/inject/jersey-hk2/2.34/jersey-hk2-2.34.jar:/home/runner/.m2/repository/org/glassfish/hk2/hk2-locator/2.6.1/hk2-locator-2.6.1.jar:/home/runner/.m2/repository/org/glassfish/jersey/media/jersey-media-jaxb/2.34/jersey-media-jaxb-2.34.jar:/home/runner/.m2/repository/org/glassfish/hk2/osgi-resource-locator/1.0.3/osgi-resource-locator-1.0.3.jar:/home/runner/.m2/repository/org/glassfish/hk2/hk2-api/2.5.0/hk2-api-2.5.0.jar:/home/runner/.m2/repository/org/glassfish/hk2/hk2-utils/2.5.0/hk2-utils-2.5.0.jar:/home/runner/.m2/repository/org/glassfish/hk2/external/aopalliance-repackaged/2.5.0/aopalliance-repackaged-2.5.0.jar:/home/runner/.m2/repository/com/fasterxml/jackson/dataformat/jackson-dataformat-xml/2.13.4/jackson-dataformat-xml-2.13.4.jar:/home/runner/.m2/repository/com/fasterxml/jackson/core/jackson-core/2.13.4/jackson-core-2.13.4.jar:/home/runner/.m2/repository/org/codehaus/woodstox/stax2-api/4.2.1/stax2-api-4.2.1.jar:/home/runner/.m2/repository/com/fasterxml/woodstox/woodstox-core/5.4.0/woodstox-core-5.4.0.jar:/home/runner/.m2/repository/com/fasterxml/jackson/module/jackson-module-jaxb-annotations/2.13.4/jackson-module-jaxb-annotations-2.13.4.jar:/home/runner/.m2/repository/jakarta/xml/bind/jakarta.xml.bind-api/2.3.3/jakarta.xml.bind-api-2.3.3.jar:/home/runner/.m2/repository/jakarta/activation/jakarta.activation-api/1.2.1/jakarta.activation-api-1.2.1.jar:/home/runner/.m2/repository/javax/enterprise/cdi-api/1.2/cdi-api-1.2.jar:/home/runner/.m2/repository/javax/el/javax.el-api/3.0.0/javax.el-api-3.0.0.jar:/home/runner/.m2/repository/javax/interceptor/javax.interceptor-api/1.2/javax.interceptor-api-1.2.jar:/home/runner/.m2/repository/javax/inject/javax.inject/1/javax.inject-1.jar:/home/runner/.m2/repository/javax/xml/bind/jaxb-api/2.3.0/jaxb-api-2.3.0.jar:/home/runner/.m2/repository/org/glassfish/jaxb/jaxb-runtime/2.3.0.1/jaxb-runtime-2.3.0.1.jar:/home/runner/.m2/repository/org/glassfish/jaxb/jaxb-core/2.3.0.1/jaxb-core-2.3.0.1.jar:/home/runner/.m2/repository/org/glassfish/jaxb/txw2/2.3.0.1/txw2-2.3.0.1.jar:/home/runner/.m2/repository/com/sun/istack/istack-commons-runtime/3.0.5/istack-commons-runtime-3.0.5.jar:/home/runner/.m2/repository/org/jvnet/staxex/stax-ex/1.7.8/stax-ex-1.7.8.jar:/home/runner/.m2/repository/com/sun/xml/fastinfoset/FastInfoset/1.2.13/FastInfoset-1.2.13.jar:/home/runner/.m2/repository/javax/activation/activation/1.1.1/activation-1.1.1.jar:/home/runner/.m2/repository/io/grpc/grpc-protobuf/1.48.1/grpc-protobuf-1.48.1.jar:/home/runner/.m2/repository/io/grpc/grpc-api/1.48.1/grpc-api-1.48.1.jar:/home/runner/.m2/repository/io/grpc/grpc-context/1.48.1/grpc-context-1.48.1.jar:/home/runner/.m2/repository/com/google/api/grpc/proto-google-common-protos/2.9.0/proto-google-common-protos-2.9.0.jar:/home/runner/.m2/repository/io/grpc/grpc-protobuf-lite/1.48.1/grpc-protobuf-lite-1.48.1.jar:/home/runner/.m2/repository/io/grpc/grpc-stub/1.48.1/grpc-stub-1.48.1.jar:/home/runner/.m2/repository/io/netty/netty-transport/4.1.77.Final/netty-transport-4.1.77.Final.jar:/home/runner/.m2/repository/io/netty/netty-resolver/4.1.77.Final/netty-resolver-4.1.77.Final.jar:/home/runner/.m2/repository/org/apache/ozone/ozone-csi/1.3.0-SNAPSHOT/ozone-csi-1.3.0-SNAPSHOT.jar:/home/runner/.m2/repository/com/google/protobuf/protobuf-java-util/3.19.6/protobuf-java-util-3.19.6.jar:/home/runner/.m2/repository/com/google/code/gson/gson/2.9.0/gson-2.9.0.jar:/home/runner/.m2/repository/org/apache/ozone/hdds-config/1.3.0-SNAPSHOT/hdds-config-1.3.0-SNAPSHOT.jar:/home/runner/.m2/repository/io/netty/netty-transport-native-epoll/4.1.77.Final/netty-transport-native-epoll-4.1.77.Final-linux-x86_64.jar:/home/runner/.m2/repository/io/netty/netty-transport-classes-epoll/4.1.77.Final/netty-transport-classes-epoll-4.1.77.Final.jar:/home/runner/.m2/repository/io/netty/netty-transport-native-unix-common/4.1.77.Final/netty-transport-native-unix-common-4.1.77.Final.jar:/home/runner/.m2/repository/org/slf4j/slf4j-reload4j/1.7.36/slf4j-reload4j-1.7.36.jar:/home/runner/.m2/repository/org/apache/ozone/ozone-recon/1.3.0-SNAPSHOT/ozone-recon-1.3.0-SNAPSHOT.jar:/home/runner/.m2/repository/org/apache/ozone/ozone-reconcodegen/1.3.0-SNAPSHOT/ozone-reconcodegen-1.3.0-SNAPSHOT.jar:/home/runner/.m2/repository/com/google/inject/extensions/guice-multibindings/4.0/guice-multibindings-4.0.jar:/home/runner/.m2/repository/com/google/inject/guice/4.0/guice-4.0.jar:/home/runner/.m2/repository/aopalliance/aopalliance/1.0/aopalliance-1.0.jar:/home/runner/.m2/repository/com/google/inject/extensions/guice-assistedinject/4.0/guice-assistedinject-4.0.jar:/home/runner/.m2/repository/com/google/inject/extensions/guice-servlet/4.0/guice-servlet-4.0.jar:/home/runner/.m2/repository/org/glassfish/jersey/containers/jersey-container-servlet/2.34/jersey-container-servlet-2.34.jar:/home/runner/.m2/repository/org/glassfish/hk2/guice-bridge/2.5.0/guice-bridge-2.5.0.jar:/home/runner/.m2/repository/org/glassfish/jersey/core/jersey-server/2.34/jersey-server-2.34.jar:/home/runner/.m2/repository/org/glassfish/jersey/core/jersey-client/2.34/jersey-client-2.34.jar:/home/runner/.m2/repository/jakarta/annotation/jakarta.annotation-api/1.3.5/jakarta.annotation-api-1.3.5.jar:/home/runner/.m2/repository/jakarta/validation/jakarta.validation-api/2.0.2/jakarta.validation-api-2.0.2.jar:/home/runner/.m2/repository/org/glassfish/jersey/media/jersey-media-json-jackson/2.34/jersey-media-json-jackson-2.34.jar:/home/runner/.m2/repository/org/glassfish/jersey/ext/jersey-entity-filtering/2.34/jersey-entity-filtering-2.34.jar:/home/runner/.m2/repository/org/jooq/jooq/3.11.10/jooq-3.11.10.jar:/home/runner/.m2/repository/org/jooq/jooq-meta/3.11.10/jooq-meta-3.11.10.jar:/home/runner/.m2/repository/org/jooq/jooq-codegen/3.11.10/jooq-codegen-3.11.10.jar:/home/runner/.m2/repository/com/jolbox/bonecp/0.8.0.RELEASE/bonecp-0.8.0.RELEASE.jar:/home/runner/.m2/repository/org/apache/derby/derby/10.14.2.0/derby-10.14.2.0.jar:/home/runner/.m2/repository/org/xerial/sqlite-jdbc/3.25.2/sqlite-jdbc-3.25.2.jar:/home/runner/.m2/repository/org/springframework/spring-jdbc/5.3.23/spring-jdbc-5.3.23.jar:/home/runner/.m2/repository/org/springframework/spring-beans/5.3.23/spring-beans-5.3.23.jar:/home/runner/.m2/repository/org/springframework/spring-core/5.3.23/spring-core-5.3.23.jar:/home/runner/.m2/repository/org/springframework/spring-jcl/5.3.23/spring-jcl-5.3.23.jar:/home/runner/.m2/repository/org/springframework/spring-tx/5.3.23/spring-tx-5.3.23.jar:/home/runner/.m2/repository/org/apache/ozone/ozone-client/1.3.0-SNAPSHOT/ozone-client-1.3.0-SNAPSHOT.jar:/home/runner/.m2/repository/org/apache/ozone/hdds-erasurecode/1.3.0-SNAPSHOT/hdds-erasurecode-1.3.0-SNAPSHOT.jar:/home/runner/.m2/repository/org/apache/ozone/ozone-filesystem/1.3.0-SNAPSHOT/ozone-filesystem-1.3.0-SNAPSHOT.jar:/home/runner/.m2/repository/org/apache/ozone/ozone-filesystem-common/1.3.0-SNAPSHOT/ozone-filesystem-common-1.3.0-SNAPSHOT.jar:/home/runner/.m2/repository/org/apache/ozone/ozone-tools/1.3.0-SNAPSHOT/ozone-tools-1.3.0-SNAPSHOT.jar:/home/runner/.m2/repository/org/apache/ratis/ratis-tools/2.4.2-8b8bdda-SNAPSHOT/ratis-tools-2.4.2-8b8bdda-SNAPSHOT.jar:/home/runner/.m2/repository/com/amazonaws/aws-java-sdk-core/1.12.261/aws-java-sdk-core-1.12.261.jar:/home/runner/.m2/repository/org/apache/httpcomponents/httpclient/4.5.13/httpclient-4.5.13.jar:/home/runner/.m2/repository/org/apache/httpcomponents/httpcore/4.4.13/httpcore-4.4.13.jar:/home/runner/.m2/repository/software/amazon/ion/ion-java/1.0.2/ion-java-1.0.2.jar:/home/runner/.m2/repository/com/fasterxml/jackson/dataformat/jackson-dataformat-cbor/2.13.4/jackson-dataformat-cbor-2.13.4.jar:/home/runner/.m2/repository/joda-time/joda-time/2.8.1/joda-time-2.8.1.jar:/home/runner/.m2/repository/com/amazonaws/aws-java-sdk-s3/1.12.261/aws-java-sdk-s3-1.12.261.jar:/home/runner/.m2/repository/com/amazonaws/aws-java-sdk-kms/1.12.261/aws-java-sdk-kms-1.12.261.jar:/home/runner/.m2/repository/com/amazonaws/jmespath-java/1.12.261/jmespath-java-1.12.261.jar:/home/runner/.m2/repository/org/kohsuke/metainf-services/metainf-services/1.8/metainf-services-1.8.jar:/home/runner/.m2/repository/org/apache/ozone/hdds-tools/1.3.0-SNAPSHOT/hdds-tools-1.3.0-SNAPSHOT.jar:/home/runner/.m2/repository/commons-cli/commons-cli/1.2/commons-cli-1.2.jar:/home/runner/.m2/repository/org/apache/commons/commons-lang3/3.7/commons-lang3-3.7.jar:/home/runner/.m2/repository/org/apache/ozone/ozone-manager/1.3.0-SNAPSHOT/ozone-manager-1.3.0-SNAPSHOT-tests.jar:/home/runner/.m2/repository/org/apache/ozone/hdds-common/1.3.0-SNAPSHOT/hdds-common-1.3.0-SNAPSHOT-tests.jar:/home/runner/.m2/repository/org/apache/ozone/hdds-hadoop-dependency-client/1.3.0-SNAPSHOT/hdds-hadoop-dependency-client-1.3.0-SNAPSHOT.jar:/home/runner/.m2/repository/info/picocli/picocli/4.6.1/picocli-4.6.1.jar:/home/runner/.m2/repository/com/fasterxml/jackson/core/jackson-annotations/2.13.4/jackson-annotations-2.13.4.jar:/home/runner/.m2/repository/com/fasterxml/jackson/datatype/jackson-datatype-jsr310/2.13.4/jackson-datatype-jsr310-2.13.4.jar:/home/runner/.m2/repository/org/apache/ozone/hdds-annotation-processing/1.3.0-SNAPSHOT/hdds-annotation-processing-1.3.0-SNAPSHOT.jar:/home/runner/.m2/repository/javax/annotation/javax.annotation-api/1.2/javax.annotation-api-1.2.jar:/home/runner/.m2/repository/org/apache/ratis/ratis-server/2.4.2-8b8bdda-SNAPSHOT/ratis-server-2.4.2-8b8bdda-SNAPSHOT.jar:/home/runner/.m2/repository/org/apache/ratis/ratis-client/2.4.2-8b8bdda-SNAPSHOT/ratis-client-2.4.2-8b8bdda-SNAPSHOT.jar:/home/runner/.m2/repository/org/apache/ratis/ratis-server-api/2.4.2-8b8bdda-SNAPSHOT/ratis-server-api-2.4.2-8b8bdda-SNAPSHOT.jar:/home/runner/.m2/repository/org/apache/ratis/ratis-metrics/2.4.2-8b8bdda-SNAPSHOT/ratis-metrics-2.4.2-8b8bdda-SNAPSHOT.jar:/home/runner/.m2/repository/org/apache/ratis/ratis-netty/2.4.2-8b8bdda-SNAPSHOT/ratis-netty-2.4.2-8b8bdda-SNAPSHOT.jar:/home/runner/.m2/repository/org/apache/ratis/ratis-grpc/2.4.2-8b8bdda-SNAPSHOT/ratis-grpc-2.4.2-8b8bdda-SNAPSHOT.jar:/home/runner/.m2/repository/org/apache/logging/log4j/log4j-api/2.17.1/log4j-api-2.17.1.jar:/home/runner/.m2/repository/org/apache/commons/commons-pool2/2.6.0/commons-pool2-2.6.0.jar:/home/runner/.m2/repository/org/bouncycastle/bcpkix-jdk15on/1.67/bcpkix-jdk15on-1.67.jar:/home/runner/.m2/repository/commons-validator/commons-validator/1.6/commons-validator-1.6.jar:/home/runner/.m2/repository/commons-beanutils/commons-beanutils/1.9.4/commons-beanutils-1.9.4.jar:/home/runner/.m2/repository/commons-digester/commons-digester/1.8.1/commons-digester-1.8.1.jar:/home/runner/.m2/repository/commons-collections/commons-collections/3.2.2/commons-collections-3.2.2.jar:/home/runner/.m2/repository/io/jaegertracing/jaeger-client/1.6.0/jaeger-client-1.6.0.jar:/home/runner/.m2/repository/io/jaegertracing/jaeger-thrift/1.6.0/jaeger-thrift-1.6.0.jar:/home/runner/.m2/repository/org/apache/thrift/libthrift/0.14.1/libthrift-0.14.1.jar:/home/runner/.m2/repository/io/jaegertracing/jaeger-core/1.6.0/jaeger-core-1.6.0.jar:/home/runner/.m2/repository/io/jaegertracing/jaeger-tracerresolver/1.6.0/jaeger-tracerresolver-1.6.0.jar:/home/runner/.m2/repository/io/opentracing/contrib/opentracing-tracerresolver/0.1.8/opentracing-tracerresolver-0.1.8.jar:/home/runner/.m2/repository/org/jetbrains/kotlin/kotlin-stdlib/1.6.21/kotlin-stdlib-1.6.21.jar:/home/runner/.m2/repository/org/jetbrains/annotations/13.0/annotations-13.0.jar:/home/runner/.m2/repository/io/opentracing/opentracing-util/0.33.0/opentracing-util-0.33.0.jar:/home/runner/.m2/repository/io/opentracing/opentracing-api/0.33.0/opentracing-api-0.33.0.jar:/home/runner/.m2/repository/io/opentracing/opentracing-noop/0.33.0/opentracing-noop-0.33.0.jar:/home/runner/.m2/repository/org/yaml/snakeyaml/1.33/snakeyaml-1.33.jar:/home/runner/.m2/repository/org/apache/ozone/hdds-interface-admin/1.3.0-SNAPSHOT/hdds-interface-admin-1.3.0-SNAPSHOT.jar:/home/runner/.m2/repository/junit/junit/4.13.1/junit-4.13.1.jar:/home/runner/.m2/repository/org/hamcrest/hamcrest-core/1.3/hamcrest-core-1.3.jar:/home/runner/.m2/repository/org/junit/jupiter/junit-jupiter-api/5.8.2/junit-jupiter-api-5.8.2.jar:/home/runner/.m2/repository/org/opentest4j/opentest4j/1.2.0/opentest4j-1.2.0.jar:/home/runner/.m2/repository/org/junit/platform/junit-platform-commons/1.8.2/junit-platform-commons-1.8.2.jar:/home/runner/.m2/repository/org/apiguardian/apiguardian-api/1.1.2/apiguardian-api-1.1.2.jar:/home/runner/.m2/repository/org/junit/jupiter/junit-jupiter-params/5.8.2/junit-jupiter-params-5.8.2.jar:/home/runner/.m2/repository/org/junit/jupiter/junit-jupiter-migrationsupport/5.8.2/junit-jupiter-migrationsupport-5.8.2.jar:/home/runner/.m2/repository/org/junit/jupiter/junit-jupiter-engine/5.8.2/junit-jupiter-engine-5.8.2.jar:/home/runner/.m2/repository/org/junit/platform/junit-platform-engine/1.8.2/junit-platform-engine-1.8.2.jar:/home/runner/.m2/repository/org/junit/vintage/junit-vintage-engine/5.8.2/junit-vintage-engine-5.8.2.jar:/home/runner/.m2/repository/org/junit/platform/junit-platform-launcher/1.8.2/junit-platform-launcher-1.8.2.jar:/home/runner/.m2/repository/org/mockito/mockito-core/2.28.2/mockito-core-2.28.2.jar:/home/runner/.m2/repository/net/bytebuddy/byte-buddy/1.9.10/byte-buddy-1.9.10.jar:/home/runner/.m2/repository/net/bytebuddy/byte-buddy-agent/1.9.10/byte-buddy-agent-1.9.10.jar:/home/runner/.m2/repository/org/objenesis/objenesis/1.0/objenesis-1.0.jar:/home/runner/.m2/repository/org/apache/hadoop/hadoop-kms/3.3.4/hadoop-kms-3.3.4.jar:/home/runner/.m2/repository/org/apache/hadoop/hadoop-auth/3.3.4/hadoop-auth-3.3.4.jar:/home/runner/.m2/repository/com/nimbusds/nimbus-jose-jwt/9.8.1/nimbus-jose-jwt-9.8.1.jar:/home/runner/.m2/repository/com/github/stephenc/jcip/jcip-annotations/1.0-1/jcip-annotations-1.0-1.jar:/home/runner/.m2/repository/net/minidev/json-smart/2.4.7/json-smart-2.4.7.jar:/home/runner/.m2/repository/net/minidev/accessors-smart/2.4.7/accessors-smart-2.4.7.jar:/home/runner/.m2/repository/org/ow2/asm/asm/5.0.4/asm-5.0.4.jar:/home/runner/.m2/repository/org/apache/zookeeper/zookeeper/3.5.6/zookeeper-3.5.6.jar:/home/runner/.m2/repository/org/apache/zookeeper/zookeeper-jute/3.5.6/zookeeper-jute-3.5.6.jar:/home/runner/.m2/repository/org/apache/yetus/audience-annotations/0.5.0/audience-annotations-0.5.0.jar:/home/runner/.m2/repository/org/apache/curator/curator-framework/4.2.0/curator-framework-4.2.0.jar:/home/runner/.m2/repository/org/apache/hadoop/thirdparty/hadoop-shaded-guava/1.1.1/hadoop-shaded-guava-1.1.1.jar:/home/runner/.m2/repository/com/sun/jersey/jersey-core/1.19/jersey-core-1.19.jar:/home/runner/.m2/repository/javax/ws/rs/jsr311-api/1.1.1/jsr311-api-1.1.1.jar:/home/runner/.m2/repository/com/sun/jersey/jersey-server/1.19/jersey-server-1.19.jar:/home/runner/.m2/repository/javax/servlet/javax.servlet-api/3.1.0/javax.servlet-api-3.1.0.jar:/home/runner/.m2/repository/org/eclipse/jetty/jetty-server/9.4.49.v20220914/jetty-server-9.4.49.v20220914.jar:/home/runner/.m2/repository/org/eclipse/jetty/jetty-http/9.4.49.v20220914/jetty-http-9.4.49.v20220914.jar:/home/runner/.m2/repository/org/eclipse/jetty/jetty-io/9.4.49.v20220914/jetty-io-9.4.49.v20220914.jar:/home/runner/.m2/repository/org/eclipse/jetty/jetty-webapp/9.4.49.v20220914/jetty-webapp-9.4.49.v20220914.jar:/home/runner/.m2/repository/org/eclipse/jetty/jetty-xml/9.4.49.v20220914/jetty-xml-9.4.49.v20220914.jar:/home/runner/.m2/repository/org/apache/hadoop/hadoop-common/3.3.4/hadoop-common-3.3.4.jar:/home/runner/.m2/repository/org/apache/commons/commons-math3/3.1.1/commons-math3-3.1.1.jar:/home/runner/.m2/repository/commons-net/commons-net/3.9.0/commons-net-3.9.0.jar:/home/runner/.m2/repository/com/sun/jersey/jersey-servlet/1.19/jersey-servlet-1.19.jar:/home/runner/.m2/repository/com/sun/jersey/jersey-json/1.19/jersey-json-1.19.jar:/home/runner/.m2/repository/org/codehaus/jettison/jettison/1.1/jettison-1.1.jar:/home/runner/.m2/repository/com/sun/xml/bind/jaxb-impl/2.2.3-1/jaxb-impl-2.2.3-1.jar:/home/runner/.m2/repository/org/codehaus/jackson/jackson-xc/1.9.2/jackson-xc-1.9.2.jar:/home/runner/.m2/repository/com/google/re2j/re2j/1.1/re2j-1.1.jar:/home/runner/.m2/repository/com/jcraft/jsch/0.1.54/jsch-0.1.54.jar:/home/runner/.m2/repository/org/apache/curator/curator-client/4.2.0/curator-client-4.2.0.jar:/home/runner/.m2/repository/org/apache/curator/curator-recipes/4.2.0/curator-recipes-4.2.0.jar:/home/runner/.m2/repository/org/apache/kerby/kerb-core/1.0.1/kerb-core-1.0.1.jar:/home/runner/.m2/repository/org/apache/kerby/kerby-pkix/1.0.1/kerby-pkix-1.0.1.jar:/home/runner/.m2/repository/org/apache/kerby/kerby-asn1/1.0.1/kerby-asn1-1.0.1.jar:/home/runner/.m2/repository/org/apache/kerby/kerby-util/1.0.1/kerby-util-1.0.1.jar:/home/runner/.m2/repository/dnsjava/dnsjava/2.1.7/dnsjava-2.1.7.jar:/home/runner/.m2/repository/org/xerial/snappy/snappy-java/1.1.8.2/snappy-java-1.1.8.2.jar:/home/runner/.m2/repository/org/eclipse/jetty/jetty-util/9.4.49.v20220914/jetty-util-9.4.49.v20220914.jar:/home/runner/.m2/repository/com/fasterxml/jackson/core/jackson-databind/2.13.4.2/jackson-databind-2.13.4.2.jar:/home/runner/.m2/repository/org/apache/hadoop/hadoop-kms/3.3.4/hadoop-kms-3.3.4-tests.jar:/home/runner/.m2/repository/org/apache/ozone/hdds-server-scm/1.3.0-SNAPSHOT/hdds-server-scm-1.3.0-SNAPSHOT-tests.jar:/home/runner/.m2/repository/org/apache/ozone/hdds-container-service/1.3.0-SNAPSHOT/hdds-container-service-1.3.0-SNAPSHOT-tests.jar:/home/runner/.m2/repository/commons-codec/commons-codec/1.15/commons-codec-1.15.jar:/home/runner/.m2/repository/io/netty/netty-codec/4.1.77.Final/netty-codec-4.1.77.Final.jar:/home/runner/.m2/repository/io/netty/netty-handler/4.1.77.Final/netty-handler-4.1.77.Final.jar:/home/runner/.m2/repository/org/apache/ozone/hdds-hadoop-dependency-test/1.3.0-SNAPSHOT/hdds-hadoop-dependency-test-1.3.0-SNAPSHOT.jar:/home/runner/.m2/repository/org/apache/hadoop/hadoop-common/3.3.4/hadoop-common-3.3.4-tests.jar:/home/runner/.m2/repository/org/apache/hadoop/hadoop-hdfs/3.3.4/hadoop-hdfs-3.3.4-tests.jar:/home/runner/.m2/repository/org/assertj/assertj-core/3.12.2/assertj-core-3.12.2.jar:/home/runner/.m2/repository/org/apache/hadoop/hadoop-distcp/3.3.4/hadoop-distcp-3.3.4.jar:/home/runner/.m2/repository/org/apache/hadoop/hadoop-mapreduce-client-jobclient/3.3.4/hadoop-mapreduce-client-jobclient-3.3.4.jar:/home/runner/.m2/repository/org/apache/hadoop/hadoop-mapreduce-client-common/3.3.4/hadoop-mapreduce-client-common-3.3.4.jar:/home/runner/.m2/repository/org/apache/hadoop/hadoop-yarn-common/3.3.4/hadoop-yarn-common-3.3.4.jar:/home/runner/.m2/repository/org/apache/hadoop/hadoop-yarn-api/3.3.4/hadoop-yarn-api-3.3.4.jar:/home/runner/.m2/repository/com/sun/jersey/contribs/jersey-guice/1.19/jersey-guice-1.19.jar:/home/runner/.m2/repository/com/fasterxml/jackson/jaxrs/jackson-jaxrs-json-provider/2.13.4/jackson-jaxrs-json-provider-2.13.4.jar:/home/runner/.m2/repository/com/fasterxml/jackson/jaxrs/jackson-jaxrs-base/2.13.4/jackson-jaxrs-base-2.13.4.jar:/home/runner/.m2/repository/org/apache/hadoop/hadoop-yarn-client/3.3.4/hadoop-yarn-client-3.3.4.jar:/home/runner/.m2/repository/org/eclipse/jetty/websocket/websocket-client/9.4.43.v20210629/websocket-client-9.4.43.v20210629.jar:/home/runner/.m2/repository/org/eclipse/jetty/websocket/websocket-common/9.4.43.v20210629/websocket-common-9.4.43.v20210629.jar:/home/runner/.m2/repository/org/eclipse/jetty/websocket/websocket-api/9.4.43.v20210629/websocket-api-9.4.43.v20210629.jar:/home/runner/.m2/repository/org/jline/jline/3.9.0/jline-3.9.0.jar:/home/runner/.m2/repository/org/apache/hadoop/hadoop-mapreduce-client-core/3.3.4/hadoop-mapreduce-client-core-3.3.4.jar:/home/runner/.m2/repository/org/apache/avro/avro/1.7.7/avro-1.7.7.jar:/home/runner/.m2/repository/org/codehaus/jackson/jackson-core-asl/1.9.13/jackson-core-asl-1.9.13.jar:/home/runner/.m2/repository/org/codehaus/jackson/jackson-mapper-asl/1.9.13/jackson-mapper-asl-1.9.13.jar:/home/runner/.m2/repository/com/thoughtworks/paranamer/paranamer/2.3/paranamer-2.3.jar:/home/runner/.m2/repository/org/apache/hadoop/hadoop-annotations/3.3.4/hadoop-annotations-3.3.4.jar:/usr/lib/jvm/temurin-8-jdk-amd64/jre/../lib/tools.jar:/home/runner/.m2/repository/io/netty/netty/3.10.6.Final/netty-3.10.6.Final.jar:/home/runner/.m2/repository/org/apache/hadoop/hadoop-distcp/3.3.4/hadoop-distcp-3.3.4-tests.jar:/home/runner/.m2/repository/org/slf4j/jul-to-slf4j/1.7.36/jul-to-slf4j-1.7.36.jar:/home/runner/.m2/repository/org/apache/ratis/ratis-common/2.4.2-8b8bdda-SNAPSHOT/ratis-common-2.4.2-8b8bdda-SNAPSHOT.jar:/home/runner/.m2/repository/org/apache/ratis/ratis-thirdparty-misc/1.0.3/ratis-thirdparty-misc-1.0.3.jar:/home/runner/.m2/repository/org/apache/ratis/ratis-proto/2.4.2-8b8bdda-SNAPSHOT/ratis-proto-2.4.2-8b8bdda-SNAPSHOT.jar:"/>
    <property name="sun.cpu.endian" value="little"/>
    <property name="user.home" value="/home/runner"/>
    <property name="user.language" value="en"/>
    <property name="java.specification.vendor" value="Oracle Corporation"/>
    <property name="java.home" value="/usr/lib/jvm/temurin-8-jdk-amd64/jre"/>
    <property name="java.security.krb5.conf" value="/home/runner/work/ozone/ozone/hadoop-ozone/integration-test/target/test-classes/krb5.conf"/>
    <property name="basedir" value="/home/runner/work/ozone/ozone/hadoop-ozone/integration-test"/>
    <property name="file.separator" value="/"/>
    <property name="line.separator" value="&#10;"/>
    <property name="java.vm.specification.vendor" value="Oracle Corporation"/>
    <property name="java.specification.name" value="Java Platform API Specification"/>
    <property name="java.awt.graphicsenv" value="sun.awt.X11GraphicsEnvironment"/>
    <property name="skip.installnpx" value="true"/>
    <property name="surefire.real.class.path" value="/home/runner/work/ozone/ozone/hadoop-ozone/integration-test/target/surefire/surefirebooter4624628713447041754.jar:/home/runner/.m2/repository/org/jacoco/org.jacoco.agent/0.8.5/org.jacoco.agent-0.8.5-runtime.jar"/>
    <property name="hadoop.log.dir" value="/home/runner/work/ozone/ozone/hadoop-ozone/integration-test/target/log"/>
    <property name="sun.boot.class.path" value="/usr/lib/jvm/temurin-8-jdk-amd64/jre/lib/resources.jar:/usr/lib/jvm/temurin-8-jdk-amd64/jre/lib/rt.jar:/usr/lib/jvm/temurin-8-jdk-amd64/jre/lib/sunrsasign.jar:/usr/lib/jvm/temurin-8-jdk-amd64/jre/lib/jsse.jar:/usr/lib/jvm/temurin-8-jdk-amd64/jre/lib/jce.jar:/usr/lib/jvm/temurin-8-jdk-amd64/jre/lib/charsets.jar:/usr/lib/jvm/temurin-8-jdk-amd64/jre/lib/jfr.jar:/usr/lib/jvm/temurin-8-jdk-amd64/jre/classes"/>
    <property name="sun.management.compiler" value="HotSpot 64-Bit Tiered Compilers"/>
    <property name="skip.npx" value="true"/>
    <property name="java.runtime.version" value="1.8.0_352-b08"/>
    <property name="java.net.preferIPv4Stack" value="true"/>
    <property name="user.name" value="runner"/>
    <property name="path.separator" value=":"/>
    <property name="java.security.egd" value="file:///dev/urandom"/>
    <property name="os.version" value="5.15.0-1023-azure"/>
    <property name="java.endorsed.dirs" value="/usr/lib/jvm/temurin-8-jdk-amd64/jre/lib/endorsed"/>
    <property name="java.runtime.name" value="OpenJDK Runtime Environment"/>
    <property name="file.encoding" value="UTF-8"/>
    <property name="java.vm.name" value="OpenJDK 64-Bit Server VM"/>
    <property name="test.build.webapps" value=""/>
    <property name="localRepository" value="/home/runner/.m2/repository"/>
    <property name="java.vendor.url.bug" value="https://github.com/adoptium/adoptium-support/issues"/>
    <property name="java.io.tmpdir" value="/tmp"/>
    <property name="require.test.libhadoop" value=""/>
    <property name="java.version" value="1.8.0_352"/>
    <property name="user.dir" value="/home/runner/work/ozone/ozone/hadoop-ozone/integration-test"/>
    <property name="os.arch" value="amd64"/>
    <property name="java.vm.specification.name" value="Java Virtual Machine Specification"/>
    <property name="test.build.classes" value="/home/runner/work/ozone/ozone/hadoop-ozone/integration-test/target/test-classes"/>
    <property name="java.awt.printerjob" value="sun.print.PSPrinterJob"/>
    <property name="sun.os.patch.level" value="unknown"/>
    <property name="org.apache.ratis.thirdparty.io.netty.allocator.useCacheForAllThreads" value="false"/>
    <property name="hadoop.tmp.dir" value="/home/runner/work/ozone/ozone/hadoop-ozone/integration-test/target/tmp"/>
    <property name="java.library.path" value="/usr/java/packages/lib/amd64:/usr/lib64:/lib64:/lib:/usr/lib"/>
    <property name="java.vm.info" value="mixed mode"/>
    <property name="java.vendor" value="Temurin"/>
    <property name="java.vm.version" value="25.352-b08"/>
    <property name="java.specification.maintenance.version" value="4"/>
    <property name="java.ext.dirs" value="/usr/lib/jvm/temurin-8-jdk-amd64/jre/lib/ext:/usr/java/packages/lib/ext"/>
    <property name="sun.io.unicode.encoding" value="UnicodeLittle"/>
    <property name="java.class.version" value="52.0"/>
  </properties>
  <testcase name="testContainerDownload" classname="TestOzoneContainerWithTLS" time="8.685">
    <error type="java.io.IOException"><![CDATA[java.io.IOException: 
java.util.concurrent.ExecutionException: org.apache.ratis.thirdparty.io.grpc.StatusRuntimeException: UNAVAILABLE: io exception
Channel Pipeline: [SslHandler#0, ProtocolNegotiators$ClientTlsHandler#0, WriteBufferingAndExceptionHandler#0, DefaultChannelPipeline$TailContext#0]
	at org.apache.hadoop.hdds.scm.XceiverClientGrpc.sendCommandWithRetry(XceiverClientGrpc.java:436)
	at org.apache.hadoop.hdds.scm.XceiverClientGrpc.lambda$sendCommandWithTraceIDAndRetry$0(XceiverClientGrpc.java:349)
	at org.apache.hadoop.hdds.tracing.TracingUtil.executeInSpan(TracingUtil.java:177)
	at org.apache.hadoop.hdds.tracing.TracingUtil.executeInNewSpan(TracingUtil.java:151)
	at org.apache.hadoop.hdds.scm.XceiverClientGrpc.sendCommandWithTraceIDAndRetry(XceiverClientGrpc.java:343)
	at org.apache.hadoop.hdds.scm.XceiverClientGrpc.sendCommand(XceiverClientGrpc.java:265)
	at org.apache.hadoop.ozone.container.ozoneimpl.TestOzoneContainerWithTLS.createContainer(TestOzoneContainerWithTLS.java:325)
	at org.apache.hadoop.ozone.container.ozoneimpl.TestOzoneContainerWithTLS.testContainerDownload(TestOzoneContainerWithTLS.java:236)
	at sun.reflect.NativeMethodAccessorImpl.invoke0(Native Method)
	at sun.reflect.NativeMethodAccessorImpl.invoke(NativeMethodAccessorImpl.java:62)
	at sun.reflect.DelegatingMethodAccessorImpl.invoke(DelegatingMethodAccessorImpl.java:43)
	at java.lang.reflect.Method.invoke(Method.java:498)
	at org.junit.runners.model.FrameworkMethod$1.runReflectiveCall(FrameworkMethod.java:59)
	at org.junit.internal.runners.model.ReflectiveCallable.run(ReflectiveCallable.java:12)
	at org.junit.runners.model.FrameworkMethod.invokeExplosively(FrameworkMethod.java:56)
	at org.junit.internal.runners.statements.InvokeMethod.evaluate(InvokeMethod.java:17)
	at org.junit.internal.runners.statements.RunBefores.evaluate(RunBefores.java:26)
	at org.junit.rules.ExternalResource$1.evaluate(ExternalResource.java:54)
	at org.junit.internal.runners.statements.FailOnTimeout$CallableStatement.call(FailOnTimeout.java:288)
	at org.junit.internal.runners.statements.FailOnTimeout$CallableStatement.call(FailOnTimeout.java:282)
	at java.util.concurrent.FutureTask.run(FutureTask.java:266)
	at java.lang.Thread.run(Thread.java:750)
Caused by: java.util.concurrent.ExecutionException: org.apache.ratis.thirdparty.io.grpc.StatusRuntimeException: UNAVAILABLE: io exception
Channel Pipeline: [SslHandler#0, ProtocolNegotiators$ClientTlsHandler#0, WriteBufferingAndExceptionHandler#0, DefaultChannelPipeline$TailContext#0]
	at java.util.concurrent.CompletableFuture.reportGet(CompletableFuture.java:357)
	at java.util.concurrent.CompletableFuture.get(CompletableFuture.java:1908)
	at org.apache.hadoop.hdds.scm.XceiverClientGrpc.sendCommandWithRetry(XceiverClientGrpc.java:407)
	... 21 more
Caused by: org.apache.ratis.thirdparty.io.grpc.StatusRuntimeException: UNAVAILABLE: io exception
Channel Pipeline: [SslHandler#0, ProtocolNegotiators$ClientTlsHandler#0, WriteBufferingAndExceptionHandler#0, DefaultChannelPipeline$TailContext#0]
	at org.apache.ratis.thirdparty.io.grpc.Status.asRuntimeException(Status.java:535)
	at org.apache.ratis.thirdparty.io.grpc.stub.ClientCalls$StreamObserverToCallListenerAdapter.onClose(ClientCalls.java:487)
	at org.apache.ratis.thirdparty.io.grpc.internal.DelayedClientCall$DelayedListener$3.run(DelayedClientCall.java:468)
	at org.apache.ratis.thirdparty.io.grpc.internal.DelayedClientCall$DelayedListener.delayOrExecute(DelayedClientCall.java:432)
	at org.apache.ratis.thirdparty.io.grpc.internal.DelayedClientCall$DelayedListener.onClose(DelayedClientCall.java:465)
	at org.apache.ratis.thirdparty.io.grpc.internal.ClientCallImpl.closeObserver(ClientCallImpl.java:562)
	at org.apache.ratis.thirdparty.io.grpc.internal.ClientCallImpl.access$300(ClientCallImpl.java:70)
	at org.apache.ratis.thirdparty.io.grpc.internal.ClientCallImpl$ClientStreamListenerImpl$1StreamClosed.runInternal(ClientCallImpl.java:743)
	at org.apache.ratis.thirdparty.io.grpc.internal.ClientCallImpl$ClientStreamListenerImpl$1StreamClosed.runInContext(ClientCallImpl.java:722)
	at org.apache.ratis.thirdparty.io.grpc.internal.ContextRunnable.run(ContextRunnable.java:37)
	at org.apache.ratis.thirdparty.io.grpc.internal.SerializingExecutor.run(SerializingExecutor.java:133)
	at java.util.concurrent.ThreadPoolExecutor.runWorker(ThreadPoolExecutor.java:1149)
	at java.util.concurrent.ThreadPoolExecutor$Worker.run(ThreadPoolExecutor.java:624)
	... 1 more
Caused by: javax.net.ssl.SSLHandshakeException: General OpenSslEngine problem
	at org.apache.ratis.thirdparty.io.netty.handler.ssl.ReferenceCountedOpenSslEngine.handshakeException(ReferenceCountedOpenSslEngine.java:1895)
	at org.apache.ratis.thirdparty.io.netty.handler.ssl.ReferenceCountedOpenSslEngine.wrap(ReferenceCountedOpenSslEngine.java:822)
	at javax.net.ssl.SSLEngine.wrap(SSLEngine.java:511)
	at org.apache.ratis.thirdparty.io.netty.handler.ssl.SslHandler.wrap(SslHandler.java:1040)
	at org.apache.ratis.thirdparty.io.netty.handler.ssl.SslHandler.wrapNonAppData(SslHandler.java:926)
	at org.apache.ratis.thirdparty.io.netty.handler.ssl.SslHandler.unwrap(SslHandler.java:1408)
	at org.apache.ratis.thirdparty.io.netty.handler.ssl.SslHandler.unwrapNonAppData(SslHandler.java:1326)
	at org.apache.ratis.thirdparty.io.netty.handler.ssl.SslHandler.access$1800(SslHandler.java:168)
	at org.apache.ratis.thirdparty.io.netty.handler.ssl.SslHandler$SslTasksRunner.resumeOnEventExecutor(SslHandler.java:1717)
	at org.apache.ratis.thirdparty.io.netty.handler.ssl.SslHandler$SslTasksRunner.access$2000(SslHandler.java:1608)
	at org.apache.ratis.thirdparty.io.netty.handler.ssl.SslHandler$SslTasksRunner$2.run(SslHandler.java:1769)
	at org.apache.ratis.thirdparty.io.netty.util.concurrent.AbstractEventExecutor.runTask(AbstractEventExecutor.java:174)
	at org.apache.ratis.thirdparty.io.netty.util.concurrent.AbstractEventExecutor.safeExecute(AbstractEventExecutor.java:167)
	at org.apache.ratis.thirdparty.io.netty.util.concurrent.SingleThreadEventExecutor.runAllTasks(SingleThreadEventExecutor.java:470)
	at org.apache.ratis.thirdparty.io.netty.channel.epoll.EpollEventLoop.run(EpollEventLoop.java:391)
	at org.apache.ratis.thirdparty.io.netty.util.concurrent.SingleThreadEventExecutor$4.run(SingleThreadEventExecutor.java:995)
	at org.apache.ratis.thirdparty.io.netty.util.internal.ThreadExecutorMap$2.run(ThreadExecutorMap.java:74)
	at org.apache.ratis.thirdparty.io.netty.util.concurrent.FastThreadLocalRunnable.run(FastThreadLocalRunnable.java:30)
	... 1 more
Caused by: sun.security.validator.ValidatorException: PKIX path validation failed: java.security.cert.CertPathValidatorException: validity check failed
	at sun.security.validator.PKIXValidator.doValidate(PKIXValidator.java:386)
	at sun.security.validator.PKIXValidator.engineValidate(PKIXValidator.java:291)
	at sun.security.validator.Validator.validate(Validator.java:271)
	at sun.security.ssl.X509TrustManagerImpl.validate(X509TrustManagerImpl.java:315)
	at sun.security.ssl.X509TrustManagerImpl.checkTrusted(X509TrustManagerImpl.java:278)
	at sun.security.ssl.X509TrustManagerImpl.checkServerTrusted(X509TrustManagerImpl.java:141)
	at org.apache.ratis.thirdparty.io.netty.handler.ssl.ReferenceCountedOpenSslClientContext$ExtendedTrustManagerVerifyCallback.verify(ReferenceCountedOpenSslClientContext.java:234)
	at org.apache.ratis.thirdparty.io.netty.handler.ssl.ReferenceCountedOpenSslContext$AbstractCertificateVerifier.verify(ReferenceCountedOpenSslContext.java:773)
	at org.apache.ratis.thirdparty.io.netty.internal.tcnative.CertificateVerifierTask.runTask(CertificateVerifierTask.java:36)
	at org.apache.ratis.thirdparty.io.netty.internal.tcnative.SSLTask.run(SSLTask.java:48)
	at org.apache.ratis.thirdparty.io.netty.internal.tcnative.SSLTask.run(SSLTask.java:42)
	at org.apache.ratis.thirdparty.io.netty.handler.ssl.ReferenceCountedOpenSslEngine.runAndResetNeedTask(ReferenceCountedOpenSslEngine.java:1484)
	at org.apache.ratis.thirdparty.io.netty.handler.ssl.ReferenceCountedOpenSslEngine.access$700(ReferenceCountedOpenSslEngine.java:94)
	at org.apache.ratis.thirdparty.io.netty.handler.ssl.ReferenceCountedOpenSslEngine$TaskDecorator.run(ReferenceCountedOpenSslEngine.java:1459)
	at org.apache.ratis.thirdparty.io.netty.handler.ssl.SslHandler$SslTasksRunner.run(SslHandler.java:1786)
	at java.util.concurrent.ThreadPoolExecutor.runWorker(ThreadPoolExecutor.java:1149)
	at java.util.concurrent.ThreadPoolExecutor$Worker.run(ThreadPoolExecutor.java:624)
	... 1 more
Caused by: java.security.cert.CertPathValidatorException: validity check failed
	at sun.security.provider.certpath.PKIXMasterCertPathValidator.validate(PKIXMasterCertPathValidator.java:135)
	at sun.security.provider.certpath.PKIXCertPathValidator.validate(PKIXCertPathValidator.java:220)
	at sun.security.provider.certpath.PKIXCertPathValidator.validate(PKIXCertPathValidator.java:140)
	at sun.security.provider.certpath.PKIXCertPathValidator.engineValidate(PKIXCertPathValidator.java:79)
	at java.security.cert.CertPathValidator.validate(CertPathValidator.java:292)
	at sun.security.validator.PKIXValidator.doValidate(PKIXValidator.java:381)
	... 17 more
Caused by: java.security.cert.CertificateExpiredException: NotAfter: Tue Dec 13 10:27:18 UTC 2022
	at sun.security.x509.CertificateValidity.valid(CertificateValidity.java:277)
	at sun.security.x509.X509CertImpl.checkValidity(X509CertImpl.java:677)
	at org.apache.ratis.thirdparty.io.netty.handler.ssl.util.LazyX509Certificate.checkValidity(LazyX509Certificate.java:71)
	at sun.security.provider.certpath.BasicChecker.verifyValidity(BasicChecker.java:190)
	at sun.security.provider.certpath.BasicChecker.check(BasicChecker.java:144)
	at sun.security.provider.certpath.PKIXMasterCertPathValidator.validate(PKIXMasterCertPathValidator.java:125)
	... 22 more
]]></error>
    <system-out><![CDATA[2022-12-13 10:27:13,968 [Time-limited test] INFO  utils.SelfSignedCertificate (SelfSignedCertificate.java:generateCertificate(155)) - Certificate 1 is issued by CN=rootCA@localhost,OU=scm1,O=cluster1 to CN=rootCA@localhost,OU=scm1,O=cluster1, valid from Tue Dec 13 10:27:13 UTC 2022 to Fri Jan 21 10:27:13 UTC 2028
2022-12-13 10:27:14,036 [Time-limited test] INFO  ssl.PemFileBasedKeyStoresFactory (PemFileBasedKeyStoresFactory.java:createKeyManagers(111)) - SERVER KeyStore reloading at 1000 millis.
2022-12-13 10:27:14,047 [Time-limited test] INFO  ssl.PemFileBasedKeyStoresFactory (PemFileBasedKeyStoresFactory.java:createTrustManagers(84)) - SERVER TrustStore reloading at 1000 millis.
2022-12-13 10:27:14,057 [Time-limited test] INFO  ssl.PemFileBasedKeyStoresFactory (PemFileBasedKeyStoresFactory.java:createKeyManagers(111)) - CLIENT KeyStore reloading at 1000 millis.
2022-12-13 10:27:14,058 [Time-limited test] INFO  ssl.PemFileBasedKeyStoresFactory (PemFileBasedKeyStoresFactory.java:createTrustManagers(84)) - CLIENT TrustStore reloading at 1000 millis.
2022-12-13 10:27:16,146 [Time-limited test] INFO  volume.HddsVolume (HddsVolume.java:<init>(117)) - Creating HddsVolume: /tmp/junit5999844294554022729/junit2522454198272204804/hdds of storage type : DISK capacity : 9223372036854775807
2022-12-13 10:27:16,151 [Time-limited test] INFO  volume.MutableVolumeSet (MutableVolumeSet.java:initializeVolumeSet(174)) - Added Volume : /tmp/junit5999844294554022729/junit2522454198272204804/hdds to VolumeSet
2022-12-13 10:27:16,155 [Time-limited test] INFO  volume.ThrottledAsyncChecker (ThrottledAsyncChecker.java:schedule(141)) - Scheduling a check for /tmp/junit5999844294554022729/junit2522454198272204804/hdds
2022-12-13 10:27:16,193 [Time-limited test] INFO  volume.StorageVolumeChecker (StorageVolumeChecker.java:checkAllVolumes(202)) - Scheduled health check for volume /tmp/junit5999844294554022729/junit2522454198272204804/hdds
2022-12-13 10:27:16,281 [Time-limited test] WARN  server.ServerUtils (ServerUtils.java:getDefaultRatisDirectory(237)) - Storage directory for Ratis is not configured. It is a good idea to map this to an SSD disk. Falling back to ozone.metadata.dirs
2022-12-13 10:27:16,283 [Time-limited test] INFO  volume.MutableVolumeSet (MutableVolumeSet.java:initializeVolumeSet(174)) - Added Volume : /home/runner/work/ozone/ozone/hadoop-ozone/integration-test/target/test-dir/ozoneMeta/ratis to VolumeSet
2022-12-13 10:27:16,287 [Time-limited test] INFO  volume.ThrottledAsyncChecker (ThrottledAsyncChecker.java:schedule(141)) - Scheduling a check for /home/runner/work/ozone/ozone/hadoop-ozone/integration-test/target/test-dir/ozoneMeta/ratis
2022-12-13 10:27:16,287 [Time-limited test] INFO  volume.StorageVolumeChecker (StorageVolumeChecker.java:checkAllVolumes(202)) - Scheduled health check for volume /home/runner/work/ozone/ozone/hadoop-ozone/integration-test/target/test-dir/ozoneMeta/ratis
2022-12-13 10:27:16,351 [Thread-7] INFO  ozoneimpl.ContainerReader (ContainerReader.java:readVolume(175)) - Finish verifying containers on volume /tmp/junit5999844294554022729/junit2522454198272204804/hdds
2022-12-13 10:27:16,352 [Time-limited test] INFO  ozoneimpl.OzoneContainer (OzoneContainer.java:buildContainerSet(301)) - Build ContainerSet costs 0s
2022-12-13 10:27:17,067 [Time-limited test] INFO  audit.AuditLogger (AuditLogger.java:refreshDebugCmdSet(126)) - Refresh DebugCmdSet for DNAudit to [].
2022-12-13 10:27:17,291 [Time-limited test] WARN  server.ServerUtils (ServerUtils.java:getDefaultRatisDirectory(237)) - Storage directory for Ratis is not configured. It is a good idea to map this to an SSD disk. Falling back to ozone.metadata.dirs
2022-12-13 10:27:17,350 [Time-limited test] INFO  server.RaftServer (ConfUtils.java:logGet(46)) - raft.rpc.type = GRPC (default)
2022-12-13 10:27:17,578 [Time-limited test] INFO  grpc.GrpcConfigKeys (ConfUtils.java:logFallback(53)) - raft.grpc.admin.host = null (fallback to raft.grpc.server.host)
2022-12-13 10:27:17,581 [Time-limited test] INFO  grpc.GrpcConfigKeys (ConfUtils.java:logGet(46)) - raft.grpc.admin.port = 9858 (custom)
2022-12-13 10:27:17,582 [Time-limited test] INFO  grpc.GrpcConfigKeys (ConfUtils.java:logFallback(53)) - raft.grpc.client.host = null (fallback to raft.grpc.server.host)
2022-12-13 10:27:17,583 [Time-limited test] INFO  grpc.GrpcConfigKeys (ConfUtils.java:logGet(46)) - raft.grpc.client.port = 9858 (custom)
2022-12-13 10:27:17,583 [Time-limited test] INFO  grpc.GrpcConfigKeys (ConfUtils.java:logGet(46)) - raft.grpc.server.host = null (default)
2022-12-13 10:27:17,584 [Time-limited test] INFO  grpc.GrpcConfigKeys (ConfUtils.java:logGet(46)) - raft.grpc.server.port = 9858 (custom)
2022-12-13 10:27:17,588 [Time-limited test] INFO  server.GrpcService (ConfUtils.java:logGet(46)) - raft.grpc.message.size.max = 32MB (=33554432) (custom)
2022-12-13 10:27:17,591 [Time-limited test] INFO  server.RaftServerConfigKeys (ConfUtils.java:logGet(46)) - raft.server.log.appender.buffer.byte-limit = 33554432 (custom)
2022-12-13 10:27:17,592 [Time-limited test] INFO  server.GrpcService (ConfUtils.java:logGet(46)) - raft.grpc.flow.control.window = 5MB (=5242880) (custom)
2022-12-13 10:27:17,593 [Time-limited test] INFO  server.RaftServerConfigKeys (ConfUtils.java:logGet(46)) - raft.server.rpc.request.timeout = 60s (custom)
2022-12-13 10:27:17,618 [Time-limited test] INFO  grpc.GrpcConfigKeys (ConfUtils.java:logGet(46)) - raft.grpc.server.heartbeat.channel = true (default)
2022-12-13 10:27:17,623 [Time-limited test] INFO  grpc.GrpcConfigKeys (ConfUtils.java:logGet(46)) - raft.grpc.server.async.request.thread.pool.cached = true (default)
2022-12-13 10:27:17,624 [Time-limited test] INFO  grpc.GrpcConfigKeys (ConfUtils.java:logGet(46)) - raft.grpc.server.async.request.thread.pool.size = 32 (default)
2022-12-13 10:27:18,299 [Time-limited test] INFO  impl.DataStreamServerImpl (ConfUtils.java:logGet(46)) - raft.datastream.type = DISABLED (default)
2022-12-13 10:27:18,303 [Time-limited test] INFO  server.RaftServerConfigKeys (ConfUtils.java:logGet(46)) - raft.server.threadpool.proxy.cached = true (default)
2022-12-13 10:27:18,304 [Time-limited test] INFO  server.RaftServerConfigKeys (ConfUtils.java:logGet(46)) - raft.server.threadpool.proxy.size = 0 (default)
2022-12-13 10:27:18,304 [Time-limited test] INFO  server.RaftServerConfigKeys (ConfUtils.java:logGet(46)) - raft.server.rpc.slowness.timeout = 300s (custom)
2022-12-13 10:27:18,304 [Time-limited test] INFO  server.RaftServerConfigKeys (ConfUtils.java:logGet(46)) - raft.server.leaderelection.leader.step-down.wait-time = 10s (default)
2022-12-13 10:27:18,308 [Time-limited test] INFO  server.RaftServerConfigKeys (ConfUtils.java:logGet(46)) - raft.server.storage.dir = [/home/runner/work/ozone/ozone/hadoop-ozone/integration-test/target/test-dir/ozoneMeta/ratis] (custom)
2022-12-13 10:27:18,348 [Time-limited test] INFO  server.XceiverServerGrpc (XceiverServerGrpc.java:<init>(132)) - GrpcServer channel type EpollServerSocketChannel
2022-12-13 10:27:18,465 [Time-limited test] INFO  ozoneimpl.OzoneContainer (OzoneContainer.java:start(395)) - Attempting to start container services.
2022-12-13 10:27:18,467 [Time-limited test] INFO  ozoneimpl.OzoneContainer (OzoneContainer.java:startContainerScrub(312)) - Scheduled background container scanners and the on-demand container scanner have been disabled.
2022-12-13 10:27:18,553 [Time-limited test] INFO  replication.ReplicationServer (ReplicationServer.java:start(106)) - ReplicationServer is started using port 9886
2022-12-13 10:27:18,553 [Time-limited test] INFO  ratis.XceiverServerRatis (XceiverServerRatis.java:start(481)) - Starting XceiverServerRatis 9cdfa831-cc30-42fd-a812-f3915440b2d4
2022-12-13 10:27:18,580 [Time-limited test] INFO  server.RaftServer (RaftServerProxy.java:startImpl(393)) - 9cdfa831-cc30-42fd-a812-f3915440b2d4: start RPC server
2022-12-13 10:27:18,589 [Time-limited test] INFO  server.GrpcService (GrpcService.java:startImpl(262)) - 9cdfa831-cc30-42fd-a812-f3915440b2d4: GrpcService started, listening on 9858
2022-12-13 10:27:18,593 [Time-limited test] INFO  ratis.XceiverServerRatis (XceiverServerRatis.java:getRealPort(502)) - XceiverServerRatis 9cdfa831-cc30-42fd-a812-f3915440b2d4 is started using port 9858 for RATIS
2022-12-13 10:27:18,594 [Time-limited test] INFO  ratis.XceiverServerRatis (XceiverServerRatis.java:getRealPort(502)) - XceiverServerRatis 9cdfa831-cc30-42fd-a812-f3915440b2d4 is started using port 9858 for RATIS_ADMIN
2022-12-13 10:27:18,594 [Time-limited test] INFO  ratis.XceiverServerRatis (XceiverServerRatis.java:getRealPort(502)) - XceiverServerRatis 9cdfa831-cc30-42fd-a812-f3915440b2d4 is started using port 9858 for RATIS_SERVER
2022-12-13 10:27:18,595 [JvmPauseMonitor0] INFO  util.JvmPauseMonitor (JvmPauseMonitor.java:run(105)) - JvmPauseMonitor-9cdfa831-cc30-42fd-a812-f3915440b2d4: Started
2022-12-13 10:27:18,715 [Time-limited test] WARN  impl.MetricsConfig (MetricsConfig.java:loadFirst(136)) - Cannot locate configuration: tried hadoop-metrics2-xceiverclientmetrics.properties,hadoop-metrics2.properties
2022-12-13 10:27:18,742 [Time-limited test] INFO  impl.MetricsSystemImpl (MetricsSystemImpl.java:startTimer(378)) - Scheduled Metric snapshot period at 10 second(s).
2022-12-13 10:27:18,743 [Time-limited test] INFO  impl.MetricsSystemImpl (MetricsSystemImpl.java:start(191)) - XceiverClientMetrics metrics system started
2022-12-13 10:27:19,355 [Time-limited test] ERROR scm.XceiverClientGrpc (XceiverClientGrpc.java:sendCommandWithRetry(453)) - Failed to execute command CreateContainer on the pipeline Pipeline[ Id: 1a375adb-6088-4a6f-b18f-a7f53d50e6ff, Nodes: 9db00a59-d1f0-4be9-ac83-f1b5a7a93d41{ip: 0.0.0.0, host: 0.0.0.0, ports: [STANDALONE=41791, RATIS=41791, REST=41791, REPLICATION=41791, RATIS_ADMIN=41791, RATIS_SERVER=41791], networkLocation: /default-rack, certSerialId: null, persistedOpState: IN_SERVICE, persistedOpStateExpiryEpochSec: 0}, ReplicationConfig: STANDALONE/ONE, State:OPEN, leaderId:, CreationTimestamp2022-12-13T10:27:14.135Z[Etc/UTC]].
2022-12-13 10:27:19,355 [Time-limited test] INFO  ozoneimpl.OzoneContainer (OzoneContainer.java:stop(417)) - Attempting to stop container services.
2022-12-13 10:27:19,381 [Time-limited test] INFO  server.RaftServer (RaftServerProxy.java:lambda$close$6(409)) - 9cdfa831-cc30-42fd-a812-f3915440b2d4: close
2022-12-13 10:27:19,382 [Time-limited test] INFO  server.GrpcService (GrpcService.java:closeImpl(271)) - 9cdfa831-cc30-42fd-a812-f3915440b2d4: shutdown server GrpcServerProtocolService now
2022-12-13 10:27:19,392 [Time-limited test] INFO  server.GrpcService (GrpcService.java:closeImpl(280)) - 9cdfa831-cc30-42fd-a812-f3915440b2d4: shutdown server GrpcServerProtocolService successfully
2022-12-13 10:27:19,394 [JvmPauseMonitor0] INFO  util.JvmPauseMonitor (JvmPauseMonitor.java:run(111)) - JvmPauseMonitor-9cdfa831-cc30-42fd-a812-f3915440b2d4: Stopped
2022-12-13 10:27:21,467 [Time-limited test] INFO  utils.BackgroundService (BackgroundService.java:shutdown(141)) - Shutting down service BlockDeletingService
2022-12-13 10:27:21,468 [Time-limited test] INFO  utils.BackgroundService (BackgroundService.java:shutdown(141)) - Shutting down service StaleRecoveringContainerScrubbingService
]]></system-out>
  </testcase>
  <testcase name="testContainerDownload" classname="TestOzoneContainerWithTLS" time="8.822">
    <system-out><![CDATA[2022-12-13 10:27:29,847 [Time-limited test] INFO  utils.SelfSignedCertificate (SelfSignedCertificate.java:generateCertificate(155)) - Certificate 1 is issued by CN=rootCA@localhost,OU=scm1,O=cluster1 to CN=rootCA@localhost,OU=scm1,O=cluster1, valid from Tue Dec 13 10:27:29 UTC 2022 to Fri Jan 21 10:27:29 UTC 2028
2022-12-13 10:27:29,857 [Time-limited test] INFO  ssl.PemFileBasedKeyStoresFactory (PemFileBasedKeyStoresFactory.java:createKeyManagers(111)) - SERVER KeyStore reloading at 1000 millis.
2022-12-13 10:27:29,858 [Time-limited test] INFO  ssl.PemFileBasedKeyStoresFactory (PemFileBasedKeyStoresFactory.java:createTrustManagers(84)) - SERVER TrustStore reloading at 1000 millis.
2022-12-13 10:27:29,859 [Time-limited test] INFO  ssl.PemFileBasedKeyStoresFactory (PemFileBasedKeyStoresFactory.java:createKeyManagers(111)) - CLIENT KeyStore reloading at 1000 millis.
2022-12-13 10:27:29,860 [Time-limited test] INFO  ssl.PemFileBasedKeyStoresFactory (PemFileBasedKeyStoresFactory.java:createTrustManagers(84)) - CLIENT TrustStore reloading at 1000 millis.
2022-12-13 10:27:29,867 [Time-limited test] INFO  volume.HddsVolume (HddsVolume.java:<init>(117)) - Creating HddsVolume: /tmp/junit6900772878849955401/junit8474431029773909439/hdds of storage type : DISK capacity : 9223372036854775807
2022-12-13 10:27:29,868 [Time-limited test] INFO  volume.MutableVolumeSet (MutableVolumeSet.java:initializeVolumeSet(174)) - Added Volume : /tmp/junit6900772878849955401/junit8474431029773909439/hdds to VolumeSet
2022-12-13 10:27:29,868 [Time-limited test] INFO  volume.ThrottledAsyncChecker (ThrottledAsyncChecker.java:schedule(141)) - Scheduling a check for /tmp/junit6900772878849955401/junit8474431029773909439/hdds
2022-12-13 10:27:29,872 [Time-limited test] INFO  volume.StorageVolumeChecker (StorageVolumeChecker.java:checkAllVolumes(202)) - Scheduled health check for volume /tmp/junit6900772878849955401/junit8474431029773909439/hdds
2022-12-13 10:27:29,887 [Time-limited test] WARN  server.ServerUtils (ServerUtils.java:getDefaultRatisDirectory(237)) - Storage directory for Ratis is not configured. It is a good idea to map this to an SSD disk. Falling back to ozone.metadata.dirs
2022-12-13 10:27:29,888 [Time-limited test] INFO  volume.MutableVolumeSet (MutableVolumeSet.java:initializeVolumeSet(174)) - Added Volume : /home/runner/work/ozone/ozone/hadoop-ozone/integration-test/target/test-dir/ozoneMeta/ratis to VolumeSet
2022-12-13 10:27:29,888 [Time-limited test] INFO  volume.ThrottledAsyncChecker (ThrottledAsyncChecker.java:schedule(141)) - Scheduling a check for /home/runner/work/ozone/ozone/hadoop-ozone/integration-test/target/test-dir/ozoneMeta/ratis
2022-12-13 10:27:29,889 [Time-limited test] INFO  volume.StorageVolumeChecker (StorageVolumeChecker.java:checkAllVolumes(202)) - Scheduled health check for volume /home/runner/work/ozone/ozone/hadoop-ozone/integration-test/target/test-dir/ozoneMeta/ratis
2022-12-13 10:27:29,902 [Thread-28] INFO  ozoneimpl.ContainerReader (ContainerReader.java:readVolume(175)) - Finish verifying containers on volume /tmp/junit6900772878849955401/junit8474431029773909439/hdds
2022-12-13 10:27:29,902 [Time-limited test] INFO  ozoneimpl.OzoneContainer (OzoneContainer.java:buildContainerSet(301)) - Build ContainerSet costs 0s
2022-12-13 10:27:29,906 [Time-limited test] WARN  server.ServerUtils (ServerUtils.java:getDefaultRatisDirectory(237)) - Storage directory for Ratis is not configured. It is a good idea to map this to an SSD disk. Falling back to ozone.metadata.dirs
2022-12-13 10:27:29,908 [Time-limited test] INFO  server.RaftServer (ConfUtils.java:logGet(46)) - raft.rpc.type = GRPC (default)
2022-12-13 10:27:29,908 [Time-limited test] INFO  grpc.GrpcConfigKeys (ConfUtils.java:logFallback(53)) - raft.grpc.admin.host = null (fallback to raft.grpc.server.host)
2022-12-13 10:27:29,909 [Time-limited test] INFO  grpc.GrpcConfigKeys (ConfUtils.java:logGet(46)) - raft.grpc.admin.port = 9858 (custom)
2022-12-13 10:27:29,909 [Time-limited test] INFO  grpc.GrpcConfigKeys (ConfUtils.java:logFallback(53)) - raft.grpc.client.host = null (fallback to raft.grpc.server.host)
2022-12-13 10:27:29,909 [Time-limited test] INFO  grpc.GrpcConfigKeys (ConfUtils.java:logGet(46)) - raft.grpc.client.port = 9858 (custom)
2022-12-13 10:27:29,909 [Time-limited test] INFO  grpc.GrpcConfigKeys (ConfUtils.java:logGet(46)) - raft.grpc.server.host = null (default)
2022-12-13 10:27:29,909 [Time-limited test] INFO  grpc.GrpcConfigKeys (ConfUtils.java:logGet(46)) - raft.grpc.server.port = 9858 (custom)
2022-12-13 10:27:29,909 [Time-limited test] INFO  server.GrpcService (ConfUtils.java:logGet(46)) - raft.grpc.message.size.max = 32MB (=33554432) (custom)
2022-12-13 10:27:29,910 [Time-limited test] INFO  server.RaftServerConfigKeys (ConfUtils.java:logGet(46)) - raft.server.log.appender.buffer.byte-limit = 33554432 (custom)
2022-12-13 10:27:29,910 [Time-limited test] INFO  server.GrpcService (ConfUtils.java:logGet(46)) - raft.grpc.flow.control.window = 5MB (=5242880) (custom)
2022-12-13 10:27:29,910 [Time-limited test] INFO  server.RaftServerConfigKeys (ConfUtils.java:logGet(46)) - raft.server.rpc.request.timeout = 60s (custom)
2022-12-13 10:27:29,910 [Time-limited test] INFO  grpc.GrpcConfigKeys (ConfUtils.java:logGet(46)) - raft.grpc.server.heartbeat.channel = true (default)
2022-12-13 10:27:29,911 [Time-limited test] INFO  grpc.GrpcConfigKeys (ConfUtils.java:logGet(46)) - raft.grpc.server.async.request.thread.pool.cached = true (default)
2022-12-13 10:27:29,911 [Time-limited test] INFO  grpc.GrpcConfigKeys (ConfUtils.java:logGet(46)) - raft.grpc.server.async.request.thread.pool.size = 32 (default)
2022-12-13 10:27:29,916 [Time-limited test] INFO  impl.DataStreamServerImpl (ConfUtils.java:logGet(46)) - raft.datastream.type = DISABLED (default)
2022-12-13 10:27:29,916 [Time-limited test] INFO  server.RaftServerConfigKeys (ConfUtils.java:logGet(46)) - raft.server.threadpool.proxy.cached = true (default)
2022-12-13 10:27:29,916 [Time-limited test] INFO  server.RaftServerConfigKeys (ConfUtils.java:logGet(46)) - raft.server.threadpool.proxy.size = 0 (default)
2022-12-13 10:27:29,916 [Time-limited test] INFO  server.RaftServerConfigKeys (ConfUtils.java:logGet(46)) - raft.server.rpc.slowness.timeout = 300s (custom)
2022-12-13 10:27:29,917 [Time-limited test] INFO  server.RaftServerConfigKeys (ConfUtils.java:logGet(46)) - raft.server.leaderelection.leader.step-down.wait-time = 10s (default)
2022-12-13 10:27:29,917 [Time-limited test] INFO  server.RaftServerConfigKeys (ConfUtils.java:logGet(46)) - raft.server.storage.dir = [/home/runner/work/ozone/ozone/hadoop-ozone/integration-test/target/test-dir/ozoneMeta/ratis] (custom)
2022-12-13 10:27:29,919 [Time-limited test] INFO  server.XceiverServerGrpc (XceiverServerGrpc.java:<init>(132)) - GrpcServer channel type EpollServerSocketChannel
2022-12-13 10:27:29,951 [Time-limited test] INFO  ozoneimpl.OzoneContainer (OzoneContainer.java:start(395)) - Attempting to start container services.
2022-12-13 10:27:29,952 [Time-limited test] INFO  ozoneimpl.OzoneContainer (OzoneContainer.java:startContainerScrub(312)) - Scheduled background container scanners and the on-demand container scanner have been disabled.
2022-12-13 10:27:29,955 [Time-limited test] INFO  replication.ReplicationServer (ReplicationServer.java:start(106)) - ReplicationServer is started using port 9886
2022-12-13 10:27:29,955 [Time-limited test] INFO  ratis.XceiverServerRatis (XceiverServerRatis.java:start(481)) - Starting XceiverServerRatis 47d47393-1ca4-4813-becd-a17ec5535585
2022-12-13 10:27:29,960 [Time-limited test] INFO  server.RaftServer (RaftServerProxy.java:startImpl(393)) - 47d47393-1ca4-4813-becd-a17ec5535585: start RPC server
2022-12-13 10:27:29,961 [Time-limited test] INFO  server.GrpcService (GrpcService.java:startImpl(262)) - 47d47393-1ca4-4813-becd-a17ec5535585: GrpcService started, listening on 9858
2022-12-13 10:27:29,962 [Time-limited test] INFO  ratis.XceiverServerRatis (XceiverServerRatis.java:getRealPort(502)) - XceiverServerRatis 47d47393-1ca4-4813-becd-a17ec5535585 is started using port 9858 for RATIS
2022-12-13 10:27:29,962 [JvmPauseMonitor2] INFO  util.JvmPauseMonitor (JvmPauseMonitor.java:run(105)) - JvmPauseMonitor-47d47393-1ca4-4813-becd-a17ec5535585: Started
2022-12-13 10:27:29,962 [Time-limited test] INFO  ratis.XceiverServerRatis (XceiverServerRatis.java:getRealPort(502)) - XceiverServerRatis 47d47393-1ca4-4813-becd-a17ec5535585 is started using port 9858 for RATIS_ADMIN
2022-12-13 10:27:29,962 [Time-limited test] INFO  ratis.XceiverServerRatis (XceiverServerRatis.java:getRealPort(502)) - XceiverServerRatis 47d47393-1ca4-4813-becd-a17ec5535585 is started using port 9858 for RATIS_SERVER
2022-12-13 10:27:29,969 [Time-limited test] INFO  token.ContainerTokenSecretManager (OzoneSecretManager.java:updateCurrentKey(170)) - Updating the current master key for generating tokens
2022-12-13 10:27:30,375 [ChunkReader-2] INFO  keyvalue.KeyValueContainer (KeyValueContainer.java:flushAndSyncDB(437)) - Container 1670927249971 is synced with bcsId 0.
2022-12-13 10:27:30,376 [ChunkReader-2] INFO  keyvalue.KeyValueContainer (KeyValueContainer.java:flushAndSyncDB(437)) - Container 1670927249971 is synced with bcsId 0.
2022-12-13 10:27:30,382 [ChunkReader-2] INFO  keyvalue.KeyValueContainer (KeyValueContainer.java:close(352)) - Container 1670927249971 is closed with bcsId 0.
2022-12-13 10:27:30,450 [ChunkReader-6] INFO  keyvalue.KeyValueContainer (KeyValueContainer.java:flushAndSyncDB(437)) - Container 1670927249972 is synced with bcsId 0.
2022-12-13 10:27:30,450 [ChunkReader-6] INFO  keyvalue.KeyValueContainer (KeyValueContainer.java:flushAndSyncDB(437)) - Container 1670927249972 is synced with bcsId 0.
2022-12-13 10:27:30,455 [ChunkReader-6] INFO  keyvalue.KeyValueContainer (KeyValueContainer.java:close(352)) - Container 1670927249972 is closed with bcsId 0.
2022-12-13 10:27:30,491 [ChunkReader-1] INFO  keyvalue.KeyValueContainer (KeyValueContainer.java:flushAndSyncDB(437)) - Container 1670927249973 is synced with bcsId 0.
2022-12-13 10:27:30,491 [ChunkReader-1] INFO  keyvalue.KeyValueContainer (KeyValueContainer.java:flushAndSyncDB(437)) - Container 1670927249973 is synced with bcsId 0.
2022-12-13 10:27:30,494 [ChunkReader-1] INFO  keyvalue.KeyValueContainer (KeyValueContainer.java:close(352)) - Container 1670927249973 is closed with bcsId 0.
2022-12-13 10:27:30,521 [ChunkReader-6] INFO  keyvalue.KeyValueContainer (KeyValueContainer.java:flushAndSyncDB(437)) - Container 1670927249974 is synced with bcsId 0.
2022-12-13 10:27:30,521 [ChunkReader-6] INFO  keyvalue.KeyValueContainer (KeyValueContainer.java:flushAndSyncDB(437)) - Container 1670927249974 is synced with bcsId 0.
2022-12-13 10:27:30,525 [ChunkReader-6] INFO  keyvalue.KeyValueContainer (KeyValueContainer.java:close(352)) - Container 1670927249974 is closed with bcsId 0.
2022-12-13 10:27:30,544 [ChunkReader-1] INFO  keyvalue.KeyValueContainer (KeyValueContainer.java:flushAndSyncDB(437)) - Container 1670927249975 is synced with bcsId 0.
2022-12-13 10:27:30,545 [ChunkReader-1] INFO  keyvalue.KeyValueContainer (KeyValueContainer.java:flushAndSyncDB(437)) - Container 1670927249975 is synced with bcsId 0.
2022-12-13 10:27:30,548 [ChunkReader-1] INFO  keyvalue.KeyValueContainer (KeyValueContainer.java:close(352)) - Container 1670927249975 is closed with bcsId 0.
2022-12-13 10:27:34,079 [ChunkReader-9] INFO  keyvalue.KeyValueContainer (KeyValueContainer.java:flushAndSyncDB(437)) - Container 1670927249976 is synced with bcsId 0.
2022-12-13 10:27:34,080 [ChunkReader-9] INFO  keyvalue.KeyValueContainer (KeyValueContainer.java:flushAndSyncDB(437)) - Container 1670927249976 is synced with bcsId 0.
2022-12-13 10:27:34,086 [ChunkReader-9] INFO  keyvalue.KeyValueContainer (KeyValueContainer.java:close(352)) - Container 1670927249976 is closed with bcsId 0.
2022-12-13 10:27:34,121 [grpc-default-executor-0] ERROR replication.GrpcReplicationClient (GrpcReplicationClient.java:onError(178)) - Download of container 1670927249977 was unsuccessful
org.apache.ratis.thirdparty.io.grpc.StatusRuntimeException: UNAVAILABLE: io exception
Channel Pipeline: [SslHandler#0, ProtocolNegotiators$ClientTlsHandler#0, WriteBufferingAndExceptionHandler#0, DefaultChannelPipeline$TailContext#0]
	at org.apache.ratis.thirdparty.io.grpc.Status.asRuntimeException(Status.java:535)
	at org.apache.ratis.thirdparty.io.grpc.stub.ClientCalls$StreamObserverToCallListenerAdapter.onClose(ClientCalls.java:487)
	at org.apache.ratis.thirdparty.io.grpc.internal.ClientCallImpl.closeObserver(ClientCallImpl.java:562)
	at org.apache.ratis.thirdparty.io.grpc.internal.ClientCallImpl.access$300(ClientCallImpl.java:70)
	at org.apache.ratis.thirdparty.io.grpc.internal.ClientCallImpl$ClientStreamListenerImpl$1StreamClosed.runInternal(ClientCallImpl.java:743)
	at org.apache.ratis.thirdparty.io.grpc.internal.ClientCallImpl$ClientStreamListenerImpl$1StreamClosed.runInContext(ClientCallImpl.java:722)
	at org.apache.ratis.thirdparty.io.grpc.internal.ContextRunnable.run(ContextRunnable.java:37)
	at org.apache.ratis.thirdparty.io.grpc.internal.SerializingExecutor.run(SerializingExecutor.java:133)
	at java.util.concurrent.ThreadPoolExecutor.runWorker(ThreadPoolExecutor.java:1149)
	at java.util.concurrent.ThreadPoolExecutor$Worker.run(ThreadPoolExecutor.java:624)
	at java.lang.Thread.run(Thread.java:750)
Caused by: javax.net.ssl.SSLHandshakeException: General OpenSslEngine problem
	at org.apache.ratis.thirdparty.io.netty.handler.ssl.ReferenceCountedOpenSslEngine.handshakeException(ReferenceCountedOpenSslEngine.java:1895)
	at org.apache.ratis.thirdparty.io.netty.handler.ssl.ReferenceCountedOpenSslEngine.wrap(ReferenceCountedOpenSslEngine.java:822)
	at javax.net.ssl.SSLEngine.wrap(SSLEngine.java:511)
	at org.apache.ratis.thirdparty.io.netty.handler.ssl.SslHandler.wrap(SslHandler.java:1040)
	at org.apache.ratis.thirdparty.io.netty.handler.ssl.SslHandler.wrapNonAppData(SslHandler.java:926)
	at org.apache.ratis.thirdparty.io.netty.handler.ssl.SslHandler.unwrap(SslHandler.java:1408)
	at org.apache.ratis.thirdparty.io.netty.handler.ssl.SslHandler.unwrapNonAppData(SslHandler.java:1326)
	at org.apache.ratis.thirdparty.io.netty.handler.ssl.SslHandler.access$1800(SslHandler.java:168)
	at org.apache.ratis.thirdparty.io.netty.handler.ssl.SslHandler$SslTasksRunner.resumeOnEventExecutor(SslHandler.java:1717)
	at org.apache.ratis.thirdparty.io.netty.handler.ssl.SslHandler$SslTasksRunner.access$2000(SslHandler.java:1608)
	at org.apache.ratis.thirdparty.io.netty.handler.ssl.SslHandler$SslTasksRunner$2.run(SslHandler.java:1769)
	at org.apache.ratis.thirdparty.io.netty.util.concurrent.AbstractEventExecutor.runTask(AbstractEventExecutor.java:174)
	at org.apache.ratis.thirdparty.io.netty.util.concurrent.AbstractEventExecutor.safeExecute(AbstractEventExecutor.java:167)
	at org.apache.ratis.thirdparty.io.netty.util.concurrent.SingleThreadEventExecutor.runAllTasks(SingleThreadEventExecutor.java:470)
	at org.apache.ratis.thirdparty.io.netty.channel.epoll.EpollEventLoop.run(EpollEventLoop.java:391)
	at org.apache.ratis.thirdparty.io.netty.util.concurrent.SingleThreadEventExecutor$4.run(SingleThreadEventExecutor.java:995)
	at org.apache.ratis.thirdparty.io.netty.util.internal.ThreadExecutorMap$2.run(ThreadExecutorMap.java:74)
	at org.apache.ratis.thirdparty.io.netty.util.concurrent.FastThreadLocalRunnable.run(FastThreadLocalRunnable.java:30)
	... 1 more
Caused by: java.security.cert.CertificateExpiredException: NotAfter: Tue Dec 13 10:27:34 UTC 2022
	at sun.security.x509.CertificateValidity.valid(CertificateValidity.java:277)
	at sun.security.x509.X509CertImpl.checkValidity(X509CertImpl.java:677)
	at org.apache.ratis.thirdparty.io.netty.handler.ssl.util.LazyX509Certificate.checkValidity(LazyX509Certificate.java:71)
	at sun.security.validator.SimpleValidator.engineValidate(SimpleValidator.java:202)
	at sun.security.validator.Validator.validate(Validator.java:271)
	at sun.security.ssl.X509TrustManagerImpl.validate(X509TrustManagerImpl.java:315)
	at sun.security.ssl.X509TrustManagerImpl.checkTrusted(X509TrustManagerImpl.java:234)
	at sun.security.ssl.X509TrustManagerImpl.checkServerTrusted(X509TrustManagerImpl.java:110)
	at org.apache.hadoop.hdds.security.ssl.ReloadingX509TrustManager.checkServerTrusted(ReloadingX509TrustManager.java:94)
	at org.apache.ratis.thirdparty.io.netty.handler.ssl.util.X509TrustManagerWrapper.checkServerTrusted(X509TrustManagerWrapper.java:69)
	at org.apache.ratis.thirdparty.io.netty.handler.ssl.ReferenceCountedOpenSslClientContext$ExtendedTrustManagerVerifyCallback.verify(ReferenceCountedOpenSslClientContext.java:234)
	at org.apache.ratis.thirdparty.io.netty.handler.ssl.ReferenceCountedOpenSslContext$AbstractCertificateVerifier.verify(ReferenceCountedOpenSslContext.java:773)
	at org.apache.ratis.thirdparty.io.netty.internal.tcnative.CertificateVerifierTask.runTask(CertificateVerifierTask.java:36)
	at org.apache.ratis.thirdparty.io.netty.internal.tcnative.SSLTask.run(SSLTask.java:48)
	at org.apache.ratis.thirdparty.io.netty.internal.tcnative.SSLTask.run(SSLTask.java:42)
	at org.apache.ratis.thirdparty.io.netty.handler.ssl.ReferenceCountedOpenSslEngine.runAndResetNeedTask(ReferenceCountedOpenSslEngine.java:1484)
	at org.apache.ratis.thirdparty.io.netty.handler.ssl.ReferenceCountedOpenSslEngine.access$700(ReferenceCountedOpenSslEngine.java:94)
	at org.apache.ratis.thirdparty.io.netty.handler.ssl.ReferenceCountedOpenSslEngine$TaskDecorator.run(ReferenceCountedOpenSslEngine.java:1459)
	at org.apache.ratis.thirdparty.io.netty.handler.ssl.SslHandler$SslTasksRunner.run(SslHandler.java:1786)
	at java.util.concurrent.ThreadPoolExecutor.runWorker(ThreadPoolExecutor.java:1149)
	at java.util.concurrent.ThreadPoolExecutor$Worker.run(ThreadPoolExecutor.java:624)
	... 1 more
2022-12-13 10:27:34,128 [Time-limited test] ERROR replication.SimpleContainerDownloader (SimpleContainerDownloader.java:getContainerDataFromReplicas(85)) - Error on replicating container: 1670927249977 from localhost/0.0.0.0
java.util.concurrent.ExecutionException: org.apache.ratis.thirdparty.io.grpc.StatusRuntimeException: UNAVAILABLE: io exception
Channel Pipeline: [SslHandler#0, ProtocolNegotiators$ClientTlsHandler#0, WriteBufferingAndExceptionHandler#0, DefaultChannelPipeline$TailContext#0]
	at java.util.concurrent.CompletableFuture.reportGet(CompletableFuture.java:357)
	at java.util.concurrent.CompletableFuture.get(CompletableFuture.java:1908)
	at org.apache.hadoop.ozone.container.replication.SimpleContainerDownloader.getContainerDataFromReplicas(SimpleContainerDownloader.java:83)
	at org.apache.hadoop.ozone.container.ozoneimpl.TestOzoneContainerWithTLS.testContainerDownload(TestOzoneContainerWithTLS.java:266)
	at sun.reflect.NativeMethodAccessorImpl.invoke0(Native Method)
	at sun.reflect.NativeMethodAccessorImpl.invoke(NativeMethodAccessorImpl.java:62)
	at sun.reflect.DelegatingMethodAccessorImpl.invoke(DelegatingMethodAccessorImpl.java:43)
	at java.lang.reflect.Method.invoke(Method.java:498)
	at org.junit.runners.model.FrameworkMethod$1.runReflectiveCall(FrameworkMethod.java:59)
	at org.junit.internal.runners.model.ReflectiveCallable.run(ReflectiveCallable.java:12)
	at org.junit.runners.model.FrameworkMethod.invokeExplosively(FrameworkMethod.java:56)
	at org.junit.internal.runners.statements.InvokeMethod.evaluate(InvokeMethod.java:17)
	at org.junit.internal.runners.statements.RunBefores.evaluate(RunBefores.java:26)
	at org.junit.rules.ExternalResource$1.evaluate(ExternalResource.java:54)
	at org.junit.internal.runners.statements.FailOnTimeout$CallableStatement.call(FailOnTimeout.java:288)
	at org.junit.internal.runners.statements.FailOnTimeout$CallableStatement.call(FailOnTimeout.java:282)
	at java.util.concurrent.FutureTask.run(FutureTask.java:266)
	at java.lang.Thread.run(Thread.java:750)
Caused by: org.apache.ratis.thirdparty.io.grpc.StatusRuntimeException: UNAVAILABLE: io exception
Channel Pipeline: [SslHandler#0, ProtocolNegotiators$ClientTlsHandler#0, WriteBufferingAndExceptionHandler#0, DefaultChannelPipeline$TailContext#0]
	at org.apache.ratis.thirdparty.io.grpc.Status.asRuntimeException(Status.java:535)
	at org.apache.ratis.thirdparty.io.grpc.stub.ClientCalls$StreamObserverToCallListenerAdapter.onClose(ClientCalls.java:487)
	at org.apache.ratis.thirdparty.io.grpc.internal.ClientCallImpl.closeObserver(ClientCallImpl.java:562)
	at org.apache.ratis.thirdparty.io.grpc.internal.ClientCallImpl.access$300(ClientCallImpl.java:70)
	at org.apache.ratis.thirdparty.io.grpc.internal.ClientCallImpl$ClientStreamListenerImpl$1StreamClosed.runInternal(ClientCallImpl.java:743)
	at org.apache.ratis.thirdparty.io.grpc.internal.ClientCallImpl$ClientStreamListenerImpl$1StreamClosed.runInContext(ClientCallImpl.java:722)
	at org.apache.ratis.thirdparty.io.grpc.internal.ContextRunnable.run(ContextRunnable.java:37)
	at org.apache.ratis.thirdparty.io.grpc.internal.SerializingExecutor.run(SerializingExecutor.java:133)
	at java.util.concurrent.ThreadPoolExecutor.runWorker(ThreadPoolExecutor.java:1149)
	at java.util.concurrent.ThreadPoolExecutor$Worker.run(ThreadPoolExecutor.java:624)
	... 1 more
Caused by: javax.net.ssl.SSLHandshakeException: General OpenSslEngine problem
	at org.apache.ratis.thirdparty.io.netty.handler.ssl.ReferenceCountedOpenSslEngine.handshakeException(ReferenceCountedOpenSslEngine.java:1895)
	at org.apache.ratis.thirdparty.io.netty.handler.ssl.ReferenceCountedOpenSslEngine.wrap(ReferenceCountedOpenSslEngine.java:822)
	at javax.net.ssl.SSLEngine.wrap(SSLEngine.java:511)
	at org.apache.ratis.thirdparty.io.netty.handler.ssl.SslHandler.wrap(SslHandler.java:1040)
	at org.apache.ratis.thirdparty.io.netty.handler.ssl.SslHandler.wrapNonAppData(SslHandler.java:926)
	at org.apache.ratis.thirdparty.io.netty.handler.ssl.SslHandler.unwrap(SslHandler.java:1408)
	at org.apache.ratis.thirdparty.io.netty.handler.ssl.SslHandler.unwrapNonAppData(SslHandler.java:1326)
	at org.apache.ratis.thirdparty.io.netty.handler.ssl.SslHandler.access$1800(SslHandler.java:168)
	at org.apache.ratis.thirdparty.io.netty.handler.ssl.SslHandler$SslTasksRunner.resumeOnEventExecutor(SslHandler.java:1717)
	at org.apache.ratis.thirdparty.io.netty.handler.ssl.SslHandler$SslTasksRunner.access$2000(SslHandler.java:1608)
	at org.apache.ratis.thirdparty.io.netty.handler.ssl.SslHandler$SslTasksRunner$2.run(SslHandler.java:1769)
	at org.apache.ratis.thirdparty.io.netty.util.concurrent.AbstractEventExecutor.runTask(AbstractEventExecutor.java:174)
	at org.apache.ratis.thirdparty.io.netty.util.concurrent.AbstractEventExecutor.safeExecute(AbstractEventExecutor.java:167)
	at org.apache.ratis.thirdparty.io.netty.util.concurrent.SingleThreadEventExecutor.runAllTasks(SingleThreadEventExecutor.java:470)
	at org.apache.ratis.thirdparty.io.netty.channel.epoll.EpollEventLoop.run(EpollEventLoop.java:391)
	at org.apache.ratis.thirdparty.io.netty.util.concurrent.SingleThreadEventExecutor$4.run(SingleThreadEventExecutor.java:995)
	at org.apache.ratis.thirdparty.io.netty.util.internal.ThreadExecutorMap$2.run(ThreadExecutorMap.java:74)
	at org.apache.ratis.thirdparty.io.netty.util.concurrent.FastThreadLocalRunnable.run(FastThreadLocalRunnable.java:30)
	... 1 more
Caused by: java.security.cert.CertificateExpiredException: NotAfter: Tue Dec 13 10:27:34 UTC 2022
	at sun.security.x509.CertificateValidity.valid(CertificateValidity.java:277)
	at sun.security.x509.X509CertImpl.checkValidity(X509CertImpl.java:677)
	at org.apache.ratis.thirdparty.io.netty.handler.ssl.util.LazyX509Certificate.checkValidity(LazyX509Certificate.java:71)
	at sun.security.validator.SimpleValidator.engineValidate(SimpleValidator.java:202)
	at sun.security.validator.Validator.validate(Validator.java:271)
	at sun.security.ssl.X509TrustManagerImpl.validate(X509TrustManagerImpl.java:315)
	at sun.security.ssl.X509TrustManagerImpl.checkTrusted(X509TrustManagerImpl.java:234)
	at sun.security.ssl.X509TrustManagerImpl.checkServerTrusted(X509TrustManagerImpl.java:110)
	at org.apache.hadoop.hdds.security.ssl.ReloadingX509TrustManager.checkServerTrusted(ReloadingX509TrustManager.java:94)
	at org.apache.ratis.thirdparty.io.netty.handler.ssl.util.X509TrustManagerWrapper.checkServerTrusted(X509TrustManagerWrapper.java:69)
	at org.apache.ratis.thirdparty.io.netty.handler.ssl.ReferenceCountedOpenSslClientContext$ExtendedTrustManagerVerifyCallback.verify(ReferenceCountedOpenSslClientContext.java:234)
	at org.apache.ratis.thirdparty.io.netty.handler.ssl.ReferenceCountedOpenSslContext$AbstractCertificateVerifier.verify(ReferenceCountedOpenSslContext.java:773)
	at org.apache.ratis.thirdparty.io.netty.internal.tcnative.CertificateVerifierTask.runTask(CertificateVerifierTask.java:36)
	at org.apache.ratis.thirdparty.io.netty.internal.tcnative.SSLTask.run(SSLTask.java:48)
	at org.apache.ratis.thirdparty.io.netty.internal.tcnative.SSLTask.run(SSLTask.java:42)
	at org.apache.ratis.thirdparty.io.netty.handler.ssl.ReferenceCountedOpenSslEngine.runAndResetNeedTask(ReferenceCountedOpenSslEngine.java:1484)
	at org.apache.ratis.thirdparty.io.netty.handler.ssl.ReferenceCountedOpenSslEngine.access$700(ReferenceCountedOpenSslEngine.java:94)
	at org.apache.ratis.thirdparty.io.netty.handler.ssl.ReferenceCountedOpenSslEngine$TaskDecorator.run(ReferenceCountedOpenSslEngine.java:1459)
	at org.apache.ratis.thirdparty.io.netty.handler.ssl.SslHandler$SslTasksRunner.run(SslHandler.java:1786)
	at java.util.concurrent.ThreadPoolExecutor.runWorker(ThreadPoolExecutor.java:1149)
	at java.util.concurrent.ThreadPoolExecutor$Worker.run(ThreadPoolExecutor.java:624)
	... 1 more
2022-12-13 10:27:34,130 [Time-limited test] ERROR replication.SimpleContainerDownloader (SimpleContainerDownloader.java:getContainerDataFromReplicas(94)) - Container 1670927249977 could not be downloaded from any datanode
Tue Dec 13 10:27:34 UTC 2022 certificated is renewed
2022-12-13 10:27:34,261 [ChunkReader-1] INFO  keyvalue.KeyValueContainer (KeyValueContainer.java:flushAndSyncDB(437)) - Container 1670927249977 is synced with bcsId 0.
2022-12-13 10:27:34,261 [ChunkReader-1] INFO  keyvalue.KeyValueContainer (KeyValueContainer.java:flushAndSyncDB(437)) - Container 1670927249977 is synced with bcsId 0.
2022-12-13 10:27:34,264 [ChunkReader-1] INFO  keyvalue.KeyValueContainer (KeyValueContainer.java:close(352)) - Container 1670927249977 is closed with bcsId 0.
2022-12-13 10:27:34,859 [null-SSL Certificates Store Monitor] INFO  ssl.ReloadingX509TrustManager (ReloadingX509KeyManager.java:loadFrom(138)) - ReloadingX509KeyManager is reloaded
2022-12-13 10:27:34,862 [null-SSL Certificates Store Monitor] INFO  ssl.ReloadingX509TrustManager (ReloadingX509KeyManager.java:loadFrom(138)) - ReloadingX509KeyManager is reloaded
2022-12-13 10:27:36,284 [ChunkReader-7] INFO  keyvalue.KeyValueContainer (KeyValueContainer.java:flushAndSyncDB(437)) - Container 1670927249978 is synced with bcsId 0.
2022-12-13 10:27:36,285 [ChunkReader-7] INFO  keyvalue.KeyValueContainer (KeyValueContainer.java:flushAndSyncDB(437)) - Container 1670927249978 is synced with bcsId 0.
2022-12-13 10:27:36,288 [ChunkReader-7] INFO  keyvalue.KeyValueContainer (KeyValueContainer.java:close(352)) - Container 1670927249978 is closed with bcsId 0.
2022-12-13 10:27:36,310 [grpc-default-executor-1] INFO  replication.GrpcReplicationService (GrpcReplicationService.java:download(52)) - Streaming container data (1670927249971) to other datanode
2022-12-13 10:27:36,377 [grpc-default-executor-1] INFO  replication.GrpcOutputStream (GrpcOutputStream.java:close(104)) - Sent 578 bytes for container 1670927249971
2022-12-13 10:27:36,380 [grpc-default-executor-1] INFO  replication.GrpcReplicationClient (GrpcReplicationClient.java:onCompleted(195)) - Container 1670927249971 is downloaded to /tmp/container-copy/container-1670927249971.tar.gz
2022-12-13 10:27:36,402 [grpc-default-executor-0] INFO  replication.GrpcReplicationService (GrpcReplicationService.java:download(52)) - Streaming container data (1670927249972) to other datanode
2022-12-13 10:27:36,408 [grpc-default-executor-0] INFO  replication.GrpcOutputStream (GrpcOutputStream.java:close(104)) - Sent 580 bytes for container 1670927249972
2022-12-13 10:27:36,410 [grpc-default-executor-2] INFO  replication.GrpcReplicationClient (GrpcReplicationClient.java:onCompleted(195)) - Container 1670927249972 is downloaded to /tmp/container-copy/container-1670927249972.tar.gz
2022-12-13 10:27:36,427 [grpc-default-executor-2] INFO  replication.GrpcReplicationService (GrpcReplicationService.java:download(52)) - Streaming container data (1670927249973) to other datanode
2022-12-13 10:27:36,431 [grpc-default-executor-2] INFO  replication.GrpcOutputStream (GrpcOutputStream.java:close(104)) - Sent 580 bytes for container 1670927249973
2022-12-13 10:27:36,434 [grpc-default-executor-0] INFO  replication.GrpcReplicationClient (GrpcReplicationClient.java:onCompleted(195)) - Container 1670927249973 is downloaded to /tmp/container-copy/container-1670927249973.tar.gz
2022-12-13 10:27:36,451 [grpc-default-executor-0] INFO  replication.GrpcReplicationService (GrpcReplicationService.java:download(52)) - Streaming container data (1670927249974) to other datanode
2022-12-13 10:27:36,456 [grpc-default-executor-0] INFO  replication.GrpcOutputStream (GrpcOutputStream.java:close(104)) - Sent 579 bytes for container 1670927249974
2022-12-13 10:27:36,466 [grpc-default-executor-0] INFO  replication.GrpcReplicationClient (GrpcReplicationClient.java:onCompleted(195)) - Container 1670927249974 is downloaded to /tmp/container-copy/container-1670927249974.tar.gz
2022-12-13 10:27:36,481 [grpc-default-executor-0] INFO  replication.GrpcReplicationService (GrpcReplicationService.java:download(52)) - Streaming container data (1670927249975) to other datanode
2022-12-13 10:27:36,486 [grpc-default-executor-0] INFO  replication.GrpcOutputStream (GrpcOutputStream.java:close(104)) - Sent 580 bytes for container 1670927249975
2022-12-13 10:27:36,492 [grpc-default-executor-0] INFO  replication.GrpcReplicationClient (GrpcReplicationClient.java:onCompleted(195)) - Container 1670927249975 is downloaded to /tmp/container-copy/container-1670927249975.tar.gz
2022-12-13 10:27:36,494 [Time-limited test] INFO  ozoneimpl.OzoneContainer (OzoneContainer.java:stop(417)) - Attempting to stop container services.
2022-12-13 10:27:36,495 [Time-limited test] INFO  server.RaftServer (RaftServerProxy.java:lambda$close$6(409)) - 47d47393-1ca4-4813-becd-a17ec5535585: close
2022-12-13 10:27:36,495 [Time-limited test] INFO  server.GrpcService (GrpcService.java:closeImpl(271)) - 47d47393-1ca4-4813-becd-a17ec5535585: shutdown server GrpcServerProtocolService now
2022-12-13 10:27:36,495 [Time-limited test] INFO  server.GrpcService (GrpcService.java:closeImpl(280)) - 47d47393-1ca4-4813-becd-a17ec5535585: shutdown server GrpcServerProtocolService successfully
2022-12-13 10:27:36,496 [JvmPauseMonitor2] INFO  util.JvmPauseMonitor (JvmPauseMonitor.java:run(111)) - JvmPauseMonitor-47d47393-1ca4-4813-becd-a17ec5535585: Stopped
2022-12-13 10:27:38,514 [Time-limited test] INFO  utils.BackgroundService (BackgroundService.java:shutdown(141)) - Shutting down service BlockDeletingService
2022-12-13 10:27:38,514 [Time-limited test] INFO  utils.BackgroundService (BackgroundService.java:shutdown(141)) - Shutting down service StaleRecoveringContainerScrubbingService
]]></system-out>
    <system-err><![CDATA[Dec 13, 2022 10:27:36 AM org.apache.ratis.thirdparty.io.grpc.internal.ManagedChannelOrphanWrapper$ManagedChannelReference cleanQueue
SEVERE: *~*~*~ Channel ManagedChannelImpl{logId=26, target=0.0.0.0:35321} was not shutdown properly!!! ~*~*~*
    Make sure to call shutdown()/shutdownNow() and wait until awaitTermination() returns true.
java.lang.RuntimeException: ManagedChannel allocation site
	at org.apache.ratis.thirdparty.io.grpc.internal.ManagedChannelOrphanWrapper$ManagedChannelReference.<init>(ManagedChannelOrphanWrapper.java:93)
	at org.apache.ratis.thirdparty.io.grpc.internal.ManagedChannelOrphanWrapper.<init>(ManagedChannelOrphanWrapper.java:53)
	at org.apache.ratis.thirdparty.io.grpc.internal.ManagedChannelOrphanWrapper.<init>(ManagedChannelOrphanWrapper.java:44)
	at org.apache.ratis.thirdparty.io.grpc.internal.ManagedChannelImplBuilder.build(ManagedChannelImplBuilder.java:630)
	at org.apache.ratis.thirdparty.io.grpc.internal.AbstractManagedChannelImplBuilder.build(AbstractManagedChannelImplBuilder.java:297)
	at org.apache.hadoop.hdds.scm.XceiverClientGrpc.connectToDatanode(XceiverClientGrpc.java:188)
	at org.apache.hadoop.hdds.scm.XceiverClientGrpc.connect(XceiverClientGrpc.java:158)
	at org.apache.hadoop.ozone.container.ozoneimpl.TestOzoneContainerWithTLS.testCreateOzoneContainer(TestOzoneContainerWithTLS.java:188)
	at sun.reflect.NativeMethodAccessorImpl.invoke0(Native Method)
	at sun.reflect.NativeMethodAccessorImpl.invoke(NativeMethodAccessorImpl.java:62)
	at sun.reflect.DelegatingMethodAccessorImpl.invoke(DelegatingMethodAccessorImpl.java:43)
	at java.lang.reflect.Method.invoke(Method.java:498)
	at org.junit.runners.model.FrameworkMethod$1.runReflectiveCall(FrameworkMethod.java:59)
	at org.junit.internal.runners.model.ReflectiveCallable.run(ReflectiveCallable.java:12)
	at org.junit.runners.model.FrameworkMethod.invokeExplosively(FrameworkMethod.java:56)
	at org.junit.internal.runners.statements.InvokeMethod.evaluate(InvokeMethod.java:17)
	at org.junit.internal.runners.statements.RunBefores.evaluate(RunBefores.java:26)
	at org.junit.rules.ExternalResource$1.evaluate(ExternalResource.java:54)
	at org.junit.internal.runners.statements.FailOnTimeout$CallableStatement.call(FailOnTimeout.java:288)
	at org.junit.internal.runners.statements.FailOnTimeout$CallableStatement.call(FailOnTimeout.java:282)
	at java.util.concurrent.FutureTask.run(FutureTask.java:266)
	at java.lang.Thread.run(Thread.java:750)

]]></system-err>
  </testcase>
  <testcase name="testCreateOzoneContainer" classname="TestOzoneContainerWithTLS" time="3.086">
    <system-out><![CDATA[2022-12-13 10:27:21,823 [Time-limited test] INFO  utils.SelfSignedCertificate (SelfSignedCertificate.java:generateCertificate(155)) - Certificate 1 is issued by CN=rootCA@localhost,OU=scm1,O=cluster1 to CN=rootCA@localhost,OU=scm1,O=cluster1, valid from Tue Dec 13 10:27:21 UTC 2022 to Fri Jan 21 10:27:21 UTC 2028
2022-12-13 10:27:21,828 [Time-limited test] INFO  ssl.PemFileBasedKeyStoresFactory (PemFileBasedKeyStoresFactory.java:createKeyManagers(111)) - SERVER KeyStore reloading at 1000 millis.
2022-12-13 10:27:21,829 [Time-limited test] INFO  ssl.PemFileBasedKeyStoresFactory (PemFileBasedKeyStoresFactory.java:createTrustManagers(84)) - SERVER TrustStore reloading at 1000 millis.
2022-12-13 10:27:21,829 [Time-limited test] INFO  ssl.PemFileBasedKeyStoresFactory (PemFileBasedKeyStoresFactory.java:createKeyManagers(111)) - CLIENT KeyStore reloading at 1000 millis.
2022-12-13 10:27:21,830 [Time-limited test] INFO  ssl.PemFileBasedKeyStoresFactory (PemFileBasedKeyStoresFactory.java:createTrustManagers(84)) - CLIENT TrustStore reloading at 1000 millis.
2022-12-13 10:27:21,831 [Time-limited test] INFO  ozoneimpl.TestOzoneContainerWithTLS (TestOzoneContainerWithTLS.java:testCreateOzoneContainer(155)) - testCreateOzoneContainer with TLS and containerToken enabled: false
/usr/java/packages/lib/amd64:/usr/lib64:/lib64:/lib:/usr/lib
2022-12-13 10:27:21,852 [Time-limited test] INFO  volume.HddsVolume (HddsVolume.java:<init>(117)) - Creating HddsVolume: /tmp/junit3310816211863691632/hdds of storage type : DISK capacity : 9223372036854775807
2022-12-13 10:27:21,853 [Time-limited test] INFO  volume.MutableVolumeSet (MutableVolumeSet.java:initializeVolumeSet(174)) - Added Volume : /tmp/junit3310816211863691632/hdds to VolumeSet
2022-12-13 10:27:21,854 [Time-limited test] INFO  volume.ThrottledAsyncChecker (ThrottledAsyncChecker.java:schedule(141)) - Scheduling a check for /tmp/junit3310816211863691632/hdds
2022-12-13 10:27:21,854 [Time-limited test] INFO  volume.StorageVolumeChecker (StorageVolumeChecker.java:checkAllVolumes(202)) - Scheduled health check for volume /tmp/junit3310816211863691632/hdds
2022-12-13 10:27:21,876 [Time-limited test] WARN  server.ServerUtils (ServerUtils.java:getDefaultRatisDirectory(237)) - Storage directory for Ratis is not configured. It is a good idea to map this to an SSD disk. Falling back to ozone.metadata.dirs
2022-12-13 10:27:21,878 [Time-limited test] INFO  volume.MutableVolumeSet (MutableVolumeSet.java:initializeVolumeSet(174)) - Added Volume : /home/runner/work/ozone/ozone/hadoop-ozone/integration-test/target/test-dir/ozoneMeta/ratis to VolumeSet
2022-12-13 10:27:21,878 [Time-limited test] INFO  volume.ThrottledAsyncChecker (ThrottledAsyncChecker.java:schedule(141)) - Scheduling a check for /home/runner/work/ozone/ozone/hadoop-ozone/integration-test/target/test-dir/ozoneMeta/ratis
2022-12-13 10:27:21,879 [Time-limited test] INFO  volume.StorageVolumeChecker (StorageVolumeChecker.java:checkAllVolumes(202)) - Scheduled health check for volume /home/runner/work/ozone/ozone/hadoop-ozone/integration-test/target/test-dir/ozoneMeta/ratis
2022-12-13 10:27:21,892 [Thread-17] INFO  ozoneimpl.ContainerReader (ContainerReader.java:readVolume(175)) - Finish verifying containers on volume /tmp/junit3310816211863691632/hdds
2022-12-13 10:27:21,892 [Time-limited test] INFO  ozoneimpl.OzoneContainer (OzoneContainer.java:buildContainerSet(301)) - Build ContainerSet costs 0s
2022-12-13 10:27:21,896 [Time-limited test] WARN  server.ServerUtils (ServerUtils.java:getDefaultRatisDirectory(237)) - Storage directory for Ratis is not configured. It is a good idea to map this to an SSD disk. Falling back to ozone.metadata.dirs
2022-12-13 10:27:21,898 [Time-limited test] INFO  server.RaftServer (ConfUtils.java:logGet(46)) - raft.rpc.type = GRPC (default)
2022-12-13 10:27:21,903 [Time-limited test] INFO  grpc.GrpcConfigKeys (ConfUtils.java:logFallback(53)) - raft.grpc.admin.host = null (fallback to raft.grpc.server.host)
2022-12-13 10:27:21,904 [Time-limited test] INFO  grpc.GrpcConfigKeys (ConfUtils.java:logGet(46)) - raft.grpc.admin.port = 9858 (custom)
2022-12-13 10:27:21,905 [Time-limited test] INFO  grpc.GrpcConfigKeys (ConfUtils.java:logFallback(53)) - raft.grpc.client.host = null (fallback to raft.grpc.server.host)
2022-12-13 10:27:21,905 [Time-limited test] INFO  grpc.GrpcConfigKeys (ConfUtils.java:logGet(46)) - raft.grpc.client.port = 9858 (custom)
2022-12-13 10:27:21,905 [Time-limited test] INFO  grpc.GrpcConfigKeys (ConfUtils.java:logGet(46)) - raft.grpc.server.host = null (default)
2022-12-13 10:27:21,905 [Time-limited test] INFO  grpc.GrpcConfigKeys (ConfUtils.java:logGet(46)) - raft.grpc.server.port = 9858 (custom)
2022-12-13 10:27:21,906 [Time-limited test] INFO  server.GrpcService (ConfUtils.java:logGet(46)) - raft.grpc.message.size.max = 32MB (=33554432) (custom)
2022-12-13 10:27:21,908 [Time-limited test] INFO  server.RaftServerConfigKeys (ConfUtils.java:logGet(46)) - raft.server.log.appender.buffer.byte-limit = 33554432 (custom)
2022-12-13 10:27:21,909 [Time-limited test] INFO  server.GrpcService (ConfUtils.java:logGet(46)) - raft.grpc.flow.control.window = 5MB (=5242880) (custom)
2022-12-13 10:27:21,910 [Time-limited test] INFO  server.RaftServerConfigKeys (ConfUtils.java:logGet(46)) - raft.server.rpc.request.timeout = 60s (custom)
2022-12-13 10:27:21,910 [Time-limited test] INFO  grpc.GrpcConfigKeys (ConfUtils.java:logGet(46)) - raft.grpc.server.heartbeat.channel = true (default)
2022-12-13 10:27:21,910 [Time-limited test] INFO  grpc.GrpcConfigKeys (ConfUtils.java:logGet(46)) - raft.grpc.server.async.request.thread.pool.cached = true (default)
2022-12-13 10:27:21,910 [Time-limited test] INFO  grpc.GrpcConfigKeys (ConfUtils.java:logGet(46)) - raft.grpc.server.async.request.thread.pool.size = 32 (default)
2022-12-13 10:27:21,918 [Time-limited test] INFO  impl.DataStreamServerImpl (ConfUtils.java:logGet(46)) - raft.datastream.type = DISABLED (default)
2022-12-13 10:27:21,918 [Time-limited test] INFO  server.RaftServerConfigKeys (ConfUtils.java:logGet(46)) - raft.server.threadpool.proxy.cached = true (default)
2022-12-13 10:27:21,919 [Time-limited test] INFO  server.RaftServerConfigKeys (ConfUtils.java:logGet(46)) - raft.server.threadpool.proxy.size = 0 (default)
2022-12-13 10:27:21,919 [Time-limited test] INFO  server.RaftServerConfigKeys (ConfUtils.java:logGet(46)) - raft.server.rpc.slowness.timeout = 300s (custom)
2022-12-13 10:27:21,919 [Time-limited test] INFO  server.RaftServerConfigKeys (ConfUtils.java:logGet(46)) - raft.server.leaderelection.leader.step-down.wait-time = 10s (default)
2022-12-13 10:27:21,920 [Time-limited test] INFO  server.RaftServerConfigKeys (ConfUtils.java:logGet(46)) - raft.server.storage.dir = [/home/runner/work/ozone/ozone/hadoop-ozone/integration-test/target/test-dir/ozoneMeta/ratis] (custom)
2022-12-13 10:27:21,923 [Time-limited test] INFO  server.XceiverServerGrpc (XceiverServerGrpc.java:<init>(132)) - GrpcServer channel type EpollServerSocketChannel
2022-12-13 10:27:21,963 [Time-limited test] INFO  ozoneimpl.OzoneContainer (OzoneContainer.java:start(395)) - Attempting to start container services.
2022-12-13 10:27:21,963 [Time-limited test] INFO  ozoneimpl.OzoneContainer (OzoneContainer.java:startContainerScrub(312)) - Scheduled background container scanners and the on-demand container scanner have been disabled.
2022-12-13 10:27:21,968 [Time-limited test] INFO  replication.ReplicationServer (ReplicationServer.java:start(106)) - ReplicationServer is started using port 9886
2022-12-13 10:27:21,968 [Time-limited test] INFO  ratis.XceiverServerRatis (XceiverServerRatis.java:start(481)) - Starting XceiverServerRatis 10bcd621-27e7-486f-a860-3006b772e93d
2022-12-13 10:27:21,972 [Time-limited test] INFO  server.RaftServer (RaftServerProxy.java:startImpl(393)) - 10bcd621-27e7-486f-a860-3006b772e93d: start RPC server
2022-12-13 10:27:21,974 [Time-limited test] INFO  server.GrpcService (GrpcService.java:startImpl(262)) - 10bcd621-27e7-486f-a860-3006b772e93d: GrpcService started, listening on 9858
2022-12-13 10:27:21,978 [Time-limited test] INFO  ratis.XceiverServerRatis (XceiverServerRatis.java:getRealPort(502)) - XceiverServerRatis 10bcd621-27e7-486f-a860-3006b772e93d is started using port 9858 for RATIS
2022-12-13 10:27:21,978 [Time-limited test] INFO  ratis.XceiverServerRatis (XceiverServerRatis.java:getRealPort(502)) - XceiverServerRatis 10bcd621-27e7-486f-a860-3006b772e93d is started using port 9858 for RATIS_ADMIN
2022-12-13 10:27:21,978 [Time-limited test] INFO  ratis.XceiverServerRatis (XceiverServerRatis.java:getRealPort(502)) - XceiverServerRatis 10bcd621-27e7-486f-a860-3006b772e93d is started using port 9858 for RATIS_SERVER
2022-12-13 10:27:21,980 [JvmPauseMonitor1] INFO  util.JvmPauseMonitor (JvmPauseMonitor.java:run(105)) - JvmPauseMonitor-10bcd621-27e7-486f-a860-3006b772e93d: Started
2022-12-13 10:27:22,524 [Time-limited test] INFO  ozoneimpl.OzoneContainer (OzoneContainer.java:stop(417)) - Attempting to stop container services.
2022-12-13 10:27:22,526 [Time-limited test] INFO  server.RaftServer (RaftServerProxy.java:lambda$close$6(409)) - 10bcd621-27e7-486f-a860-3006b772e93d: close
2022-12-13 10:27:22,526 [Time-limited test] INFO  server.GrpcService (GrpcService.java:closeImpl(271)) - 10bcd621-27e7-486f-a860-3006b772e93d: shutdown server GrpcServerProtocolService now
2022-12-13 10:27:22,527 [Time-limited test] INFO  server.GrpcService (GrpcService.java:closeImpl(280)) - 10bcd621-27e7-486f-a860-3006b772e93d: shutdown server GrpcServerProtocolService successfully
2022-12-13 10:27:22,528 [JvmPauseMonitor1] INFO  util.JvmPauseMonitor (JvmPauseMonitor.java:run(111)) - JvmPauseMonitor-10bcd621-27e7-486f-a860-3006b772e93d: Stopped
2022-12-13 10:27:22,530 [ChunkReader-ELG-0] WARN  concurrent.DefaultPromise (DefaultPromise.java:notifyListener0(581)) - An exception was thrown by org.apache.ratis.thirdparty.io.grpc.netty.NettyServerHandler$5.operationComplete()
java.util.concurrent.RejectedExecutionException: Task org.apache.ratis.thirdparty.io.grpc.internal.SerializingExecutor@6483ea63 rejected from java.util.concurrent.ThreadPoolExecutor@43716dc1[Terminated, pool size = 0, active threads = 0, queued tasks = 0, completed tasks = 3]
	at java.util.concurrent.ThreadPoolExecutor$AbortPolicy.rejectedExecution(ThreadPoolExecutor.java:2063)
	at java.util.concurrent.ThreadPoolExecutor.reject(ThreadPoolExecutor.java:830)
	at java.util.concurrent.ThreadPoolExecutor.execute(ThreadPoolExecutor.java:1379)
	at org.apache.ratis.thirdparty.io.grpc.internal.SerializingExecutor.schedule(SerializingExecutor.java:102)
	at org.apache.ratis.thirdparty.io.grpc.internal.SerializingExecutor.execute(SerializingExecutor.java:95)
	at org.apache.ratis.thirdparty.io.grpc.internal.ServerImpl$JumpToApplicationThreadServerStreamListener.closedInternal(ServerImpl.java:920)
	at org.apache.ratis.thirdparty.io.grpc.internal.ServerImpl$JumpToApplicationThreadServerStreamListener.closed(ServerImpl.java:887)
	at org.apache.ratis.thirdparty.io.grpc.internal.AbstractServerStream$TransportState.closeListener(AbstractServerStream.java:332)
	at org.apache.ratis.thirdparty.io.grpc.internal.AbstractServerStream$TransportState.complete(AbstractServerStream.java:298)
	at org.apache.ratis.thirdparty.io.grpc.netty.NettyServerStream$TransportState.complete(NettyServerStream.java:168)
	at org.apache.ratis.thirdparty.io.grpc.netty.NettyServerHandler$5.operationComplete(NettyServerHandler.java:682)
	at org.apache.ratis.thirdparty.io.grpc.netty.NettyServerHandler$5.operationComplete(NettyServerHandler.java:679)
	at org.apache.ratis.thirdparty.io.netty.util.concurrent.DefaultPromise.notifyListener0(DefaultPromise.java:578)
	at org.apache.ratis.thirdparty.io.netty.util.concurrent.DefaultPromise.notifyListeners0(DefaultPromise.java:571)
	at org.apache.ratis.thirdparty.io.netty.util.concurrent.DefaultPromise.notifyListenersNow(DefaultPromise.java:550)
	at org.apache.ratis.thirdparty.io.netty.util.concurrent.DefaultPromise.notifyListeners(DefaultPromise.java:491)
	at org.apache.ratis.thirdparty.io.netty.util.concurrent.DefaultPromise.setValue0(DefaultPromise.java:616)
	at org.apache.ratis.thirdparty.io.netty.util.concurrent.DefaultPromise.setSuccess0(DefaultPromise.java:605)
	at org.apache.ratis.thirdparty.io.netty.util.concurrent.DefaultPromise.trySuccess(DefaultPromise.java:104)
	at org.apache.ratis.thirdparty.io.netty.channel.DefaultChannelPromise.trySuccess(DefaultChannelPromise.java:84)
	at org.apache.ratis.thirdparty.io.netty.handler.codec.http2.Http2CodecUtil$SimpleChannelPromiseAggregator.tryPromise(Http2CodecUtil.java:382)
	at org.apache.ratis.thirdparty.io.netty.handler.codec.http2.Http2CodecUtil$SimpleChannelPromiseAggregator.trySuccess(Http2CodecUtil.java:349)
	at org.apache.ratis.thirdparty.io.netty.handler.codec.http2.Http2CodecUtil$SimpleChannelPromiseAggregator.trySuccess(Http2CodecUtil.java:261)
	at org.apache.ratis.thirdparty.io.netty.util.internal.PromiseNotificationUtil.trySuccess(PromiseNotificationUtil.java:48)
	at org.apache.ratis.thirdparty.io.netty.channel.DelegatingChannelPromiseNotifier.operationComplete(DelegatingChannelPromiseNotifier.java:52)
	at org.apache.ratis.thirdparty.io.netty.channel.DelegatingChannelPromiseNotifier.operationComplete(DelegatingChannelPromiseNotifier.java:31)
	at org.apache.ratis.thirdparty.io.netty.util.concurrent.DefaultPromise.notifyListener0(DefaultPromise.java:578)
	at org.apache.ratis.thirdparty.io.netty.util.concurrent.DefaultPromise.notifyListeners0(DefaultPromise.java:571)
	at org.apache.ratis.thirdparty.io.netty.util.concurrent.DefaultPromise.notifyListenersNow(DefaultPromise.java:550)
	at org.apache.ratis.thirdparty.io.netty.util.concurrent.DefaultPromise.notifyListeners(DefaultPromise.java:491)
	at org.apache.ratis.thirdparty.io.netty.util.concurrent.DefaultPromise.setValue0(DefaultPromise.java:616)
	at org.apache.ratis.thirdparty.io.netty.util.concurrent.DefaultPromise.setSuccess0(DefaultPromise.java:605)
	at org.apache.ratis.thirdparty.io.netty.util.concurrent.DefaultPromise.trySuccess(DefaultPromise.java:104)
	at org.apache.ratis.thirdparty.io.netty.util.internal.PromiseNotificationUtil.trySuccess(PromiseNotificationUtil.java:48)
	at org.apache.ratis.thirdparty.io.netty.channel.ChannelOutboundBuffer.safeSuccess(ChannelOutboundBuffer.java:717)
	at org.apache.ratis.thirdparty.io.netty.channel.ChannelOutboundBuffer.remove(ChannelOutboundBuffer.java:272)
	at org.apache.ratis.thirdparty.io.netty.channel.ChannelOutboundBuffer.removeBytes(ChannelOutboundBuffer.java:352)
	at org.apache.ratis.thirdparty.io.netty.channel.epoll.AbstractEpollChannel.doWriteBytes(AbstractEpollChannel.java:364)
	at org.apache.ratis.thirdparty.io.netty.channel.epoll.AbstractEpollStreamChannel.writeBytes(AbstractEpollStreamChannel.java:260)
	at org.apache.ratis.thirdparty.io.netty.channel.epoll.AbstractEpollStreamChannel.doWriteSingle(AbstractEpollStreamChannel.java:471)
	at org.apache.ratis.thirdparty.io.netty.channel.epoll.AbstractEpollStreamChannel.doWrite(AbstractEpollStreamChannel.java:429)
	at org.apache.ratis.thirdparty.io.netty.channel.AbstractChannel$AbstractUnsafe.flush0(AbstractChannel.java:931)
	at org.apache.ratis.thirdparty.io.netty.channel.epoll.AbstractEpollChannel$AbstractEpollUnsafe.flush0(AbstractEpollChannel.java:557)
	at org.apache.ratis.thirdparty.io.netty.channel.AbstractChannel$AbstractUnsafe.flush(AbstractChannel.java:895)
	at org.apache.ratis.thirdparty.io.netty.channel.DefaultChannelPipeline$HeadContext.flush(DefaultChannelPipeline.java:1372)
	at org.apache.ratis.thirdparty.io.netty.channel.AbstractChannelHandlerContext.invokeFlush0(AbstractChannelHandlerContext.java:750)
	at org.apache.ratis.thirdparty.io.netty.channel.AbstractChannelHandlerContext.invokeFlush(AbstractChannelHandlerContext.java:742)
	at org.apache.ratis.thirdparty.io.netty.channel.AbstractChannelHandlerContext.flush(AbstractChannelHandlerContext.java:728)
	at org.apache.ratis.thirdparty.io.netty.handler.ssl.SslHandler.forceFlush(SslHandler.java:2136)
	at org.apache.ratis.thirdparty.io.netty.handler.ssl.SslHandler.wrapAndFlush(SslHandler.java:802)
	at org.apache.ratis.thirdparty.io.netty.handler.ssl.SslHandler.flush(SslHandler.java:779)
	at org.apache.ratis.thirdparty.io.netty.channel.AbstractChannelHandlerContext.invokeFlush0(AbstractChannelHandlerContext.java:750)
	at org.apache.ratis.thirdparty.io.netty.channel.AbstractChannelHandlerContext.invokeFlush(AbstractChannelHandlerContext.java:742)
	at org.apache.ratis.thirdparty.io.netty.channel.AbstractChannelHandlerContext.flush(AbstractChannelHandlerContext.java:728)
	at org.apache.ratis.thirdparty.io.netty.handler.codec.http2.Http2ConnectionHandler.flush(Http2ConnectionHandler.java:189)
	at org.apache.ratis.thirdparty.io.netty.channel.AbstractChannelHandlerContext.invokeFlush0(AbstractChannelHandlerContext.java:750)
	at org.apache.ratis.thirdparty.io.netty.channel.AbstractChannelHandlerContext.invokeFlush(AbstractChannelHandlerContext.java:742)
	at org.apache.ratis.thirdparty.io.netty.channel.AbstractChannelHandlerContext.flush(AbstractChannelHandlerContext.java:728)
	at org.apache.ratis.thirdparty.io.netty.channel.DefaultChannelPipeline.flush(DefaultChannelPipeline.java:967)
	at org.apache.ratis.thirdparty.io.netty.channel.AbstractChannel.flush(AbstractChannel.java:254)
	at org.apache.ratis.thirdparty.io.grpc.netty.WriteQueue.flush(WriteQueue.java:147)
	at org.apache.ratis.thirdparty.io.grpc.netty.WriteQueue.access$000(WriteQueue.java:34)
	at org.apache.ratis.thirdparty.io.grpc.netty.WriteQueue$1.run(WriteQueue.java:46)
	at org.apache.ratis.thirdparty.io.netty.util.concurrent.AbstractEventExecutor.runTask(AbstractEventExecutor.java:174)
	at org.apache.ratis.thirdparty.io.netty.util.concurrent.AbstractEventExecutor.safeExecute(AbstractEventExecutor.java:167)
	at org.apache.ratis.thirdparty.io.netty.util.concurrent.SingleThreadEventExecutor.runAllTasks(SingleThreadEventExecutor.java:470)
	at org.apache.ratis.thirdparty.io.netty.channel.epoll.EpollEventLoop.run(EpollEventLoop.java:391)
	at org.apache.ratis.thirdparty.io.netty.util.concurrent.SingleThreadEventExecutor$4.run(SingleThreadEventExecutor.java:995)
	at org.apache.ratis.thirdparty.io.netty.util.internal.ThreadExecutorMap$2.run(ThreadExecutorMap.java:74)
	at java.lang.Thread.run(Thread.java:750)
2022-12-13 10:27:24,571 [Time-limited test] INFO  utils.BackgroundService (BackgroundService.java:shutdown(141)) - Shutting down service BlockDeletingService
2022-12-13 10:27:24,573 [Time-limited test] INFO  utils.BackgroundService (BackgroundService.java:shutdown(141)) - Shutting down service StaleRecoveringContainerScrubbingService
]]></system-out>
    <system-err><![CDATA[Dec 13, 2022 10:27:21 AM org.apache.ratis.thirdparty.io.grpc.internal.ManagedChannelOrphanWrapper$ManagedChannelReference cleanQueue
SEVERE: *~*~*~ Channel ManagedChannelImpl{logId=10, target=0.0.0.0:41791} was not shutdown properly!!! ~*~*~*
    Make sure to call shutdown()/shutdownNow() and wait until awaitTermination() returns true.
java.lang.RuntimeException: ManagedChannel allocation site
	at org.apache.ratis.thirdparty.io.grpc.internal.ManagedChannelOrphanWrapper$ManagedChannelReference.<init>(ManagedChannelOrphanWrapper.java:93)
	at org.apache.ratis.thirdparty.io.grpc.internal.ManagedChannelOrphanWrapper.<init>(ManagedChannelOrphanWrapper.java:53)
	at org.apache.ratis.thirdparty.io.grpc.internal.ManagedChannelOrphanWrapper.<init>(ManagedChannelOrphanWrapper.java:44)
	at org.apache.ratis.thirdparty.io.grpc.internal.ManagedChannelImplBuilder.build(ManagedChannelImplBuilder.java:630)
	at org.apache.ratis.thirdparty.io.grpc.internal.AbstractManagedChannelImplBuilder.build(AbstractManagedChannelImplBuilder.java:297)
	at org.apache.hadoop.hdds.scm.XceiverClientGrpc.connectToDatanode(XceiverClientGrpc.java:188)
	at org.apache.hadoop.hdds.scm.XceiverClientGrpc.connect(XceiverClientGrpc.java:158)
	at org.apache.hadoop.ozone.container.ozoneimpl.TestOzoneContainerWithTLS.testContainerDownload(TestOzoneContainerWithTLS.java:227)
	at sun.reflect.NativeMethodAccessorImpl.invoke0(Native Method)
	at sun.reflect.NativeMethodAccessorImpl.invoke(NativeMethodAccessorImpl.java:62)
	at sun.reflect.DelegatingMethodAccessorImpl.invoke(DelegatingMethodAccessorImpl.java:43)
	at java.lang.reflect.Method.invoke(Method.java:498)
	at org.junit.runners.model.FrameworkMethod$1.runReflectiveCall(FrameworkMethod.java:59)
	at org.junit.internal.runners.model.ReflectiveCallable.run(ReflectiveCallable.java:12)
	at org.junit.runners.model.FrameworkMethod.invokeExplosively(FrameworkMethod.java:56)
	at org.junit.internal.runners.statements.InvokeMethod.evaluate(InvokeMethod.java:17)
	at org.junit.internal.runners.statements.RunBefores.evaluate(RunBefores.java:26)
	at org.junit.rules.ExternalResource$1.evaluate(ExternalResource.java:54)
	at org.junit.internal.runners.statements.FailOnTimeout$CallableStatement.call(FailOnTimeout.java:288)
	at org.junit.internal.runners.statements.FailOnTimeout$CallableStatement.call(FailOnTimeout.java:282)
	at java.util.concurrent.FutureTask.run(FutureTask.java:266)
	at java.lang.Thread.run(Thread.java:750)

]]></system-err>
  </testcase>
  <testcase name="testCreateOzoneContainer" classname="TestOzoneContainerWithTLS" time="2.275">
    <system-out><![CDATA[2022-12-13 10:27:38,608 [Time-limited test] INFO  utils.SelfSignedCertificate (SelfSignedCertificate.java:generateCertificate(155)) - Certificate 1 is issued by CN=rootCA@localhost,OU=scm1,O=cluster1 to CN=rootCA@localhost,OU=scm1,O=cluster1, valid from Tue Dec 13 10:27:38 UTC 2022 to Fri Jan 21 10:27:38 UTC 2028
2022-12-13 10:27:38,616 [Time-limited test] INFO  ssl.PemFileBasedKeyStoresFactory (PemFileBasedKeyStoresFactory.java:createKeyManagers(111)) - SERVER KeyStore reloading at 1000 millis.
2022-12-13 10:27:38,616 [Time-limited test] INFO  ssl.PemFileBasedKeyStoresFactory (PemFileBasedKeyStoresFactory.java:createTrustManagers(84)) - SERVER TrustStore reloading at 1000 millis.
2022-12-13 10:27:38,622 [Time-limited test] INFO  ssl.PemFileBasedKeyStoresFactory (PemFileBasedKeyStoresFactory.java:createKeyManagers(111)) - CLIENT KeyStore reloading at 1000 millis.
2022-12-13 10:27:38,623 [Time-limited test] INFO  ssl.PemFileBasedKeyStoresFactory (PemFileBasedKeyStoresFactory.java:createTrustManagers(84)) - CLIENT TrustStore reloading at 1000 millis.
2022-12-13 10:27:38,624 [Time-limited test] INFO  ozoneimpl.TestOzoneContainerWithTLS (TestOzoneContainerWithTLS.java:testCreateOzoneContainer(155)) - testCreateOzoneContainer with TLS and containerToken enabled: true
/usr/java/packages/lib/amd64:/usr/lib64:/lib64:/lib:/usr/lib
2022-12-13 10:27:38,630 [Time-limited test] INFO  volume.HddsVolume (HddsVolume.java:<init>(117)) - Creating HddsVolume: /tmp/junit2462224181197274991/hdds of storage type : DISK capacity : 9223372036854775807
2022-12-13 10:27:38,630 [Time-limited test] INFO  volume.MutableVolumeSet (MutableVolumeSet.java:initializeVolumeSet(174)) - Added Volume : /tmp/junit2462224181197274991/hdds to VolumeSet
2022-12-13 10:27:38,630 [Time-limited test] INFO  volume.ThrottledAsyncChecker (ThrottledAsyncChecker.java:schedule(141)) - Scheduling a check for /tmp/junit2462224181197274991/hdds
2022-12-13 10:27:38,631 [Time-limited test] INFO  volume.StorageVolumeChecker (StorageVolumeChecker.java:checkAllVolumes(202)) - Scheduled health check for volume /tmp/junit2462224181197274991/hdds
2022-12-13 10:27:38,644 [Time-limited test] WARN  server.ServerUtils (ServerUtils.java:getDefaultRatisDirectory(237)) - Storage directory for Ratis is not configured. It is a good idea to map this to an SSD disk. Falling back to ozone.metadata.dirs
2022-12-13 10:27:38,646 [Time-limited test] INFO  volume.MutableVolumeSet (MutableVolumeSet.java:initializeVolumeSet(174)) - Added Volume : /home/runner/work/ozone/ozone/hadoop-ozone/integration-test/target/test-dir/ozoneMeta/ratis to VolumeSet
2022-12-13 10:27:38,646 [Time-limited test] INFO  volume.ThrottledAsyncChecker (ThrottledAsyncChecker.java:schedule(141)) - Scheduling a check for /home/runner/work/ozone/ozone/hadoop-ozone/integration-test/target/test-dir/ozoneMeta/ratis
2022-12-13 10:27:38,647 [Time-limited test] INFO  volume.StorageVolumeChecker (StorageVolumeChecker.java:checkAllVolumes(202)) - Scheduled health check for volume /home/runner/work/ozone/ozone/hadoop-ozone/integration-test/target/test-dir/ozoneMeta/ratis
2022-12-13 10:27:38,665 [Thread-37] INFO  ozoneimpl.ContainerReader (ContainerReader.java:readVolume(175)) - Finish verifying containers on volume /tmp/junit2462224181197274991/hdds
2022-12-13 10:27:38,665 [Time-limited test] INFO  ozoneimpl.OzoneContainer (OzoneContainer.java:buildContainerSet(301)) - Build ContainerSet costs 0s
2022-12-13 10:27:38,674 [Time-limited test] WARN  server.ServerUtils (ServerUtils.java:getDefaultRatisDirectory(237)) - Storage directory for Ratis is not configured. It is a good idea to map this to an SSD disk. Falling back to ozone.metadata.dirs
2022-12-13 10:27:38,676 [Time-limited test] INFO  server.RaftServer (ConfUtils.java:logGet(46)) - raft.rpc.type = GRPC (default)
2022-12-13 10:27:38,676 [Time-limited test] INFO  grpc.GrpcConfigKeys (ConfUtils.java:logFallback(53)) - raft.grpc.admin.host = null (fallback to raft.grpc.server.host)
2022-12-13 10:27:38,676 [Time-limited test] INFO  grpc.GrpcConfigKeys (ConfUtils.java:logGet(46)) - raft.grpc.admin.port = 9858 (custom)
2022-12-13 10:27:38,677 [Time-limited test] INFO  grpc.GrpcConfigKeys (ConfUtils.java:logFallback(53)) - raft.grpc.client.host = null (fallback to raft.grpc.server.host)
2022-12-13 10:27:38,677 [Time-limited test] INFO  grpc.GrpcConfigKeys (ConfUtils.java:logGet(46)) - raft.grpc.client.port = 9858 (custom)
2022-12-13 10:27:38,677 [Time-limited test] INFO  grpc.GrpcConfigKeys (ConfUtils.java:logGet(46)) - raft.grpc.server.host = null (default)
2022-12-13 10:27:38,677 [Time-limited test] INFO  grpc.GrpcConfigKeys (ConfUtils.java:logGet(46)) - raft.grpc.server.port = 9858 (custom)
2022-12-13 10:27:38,677 [Time-limited test] INFO  server.GrpcService (ConfUtils.java:logGet(46)) - raft.grpc.message.size.max = 32MB (=33554432) (custom)
2022-12-13 10:27:38,677 [Time-limited test] INFO  server.RaftServerConfigKeys (ConfUtils.java:logGet(46)) - raft.server.log.appender.buffer.byte-limit = 33554432 (custom)
2022-12-13 10:27:38,678 [Time-limited test] INFO  server.GrpcService (ConfUtils.java:logGet(46)) - raft.grpc.flow.control.window = 5MB (=5242880) (custom)
2022-12-13 10:27:38,678 [Time-limited test] INFO  server.RaftServerConfigKeys (ConfUtils.java:logGet(46)) - raft.server.rpc.request.timeout = 60s (custom)
2022-12-13 10:27:38,678 [Time-limited test] INFO  grpc.GrpcConfigKeys (ConfUtils.java:logGet(46)) - raft.grpc.server.heartbeat.channel = true (default)
2022-12-13 10:27:38,678 [Time-limited test] INFO  grpc.GrpcConfigKeys (ConfUtils.java:logGet(46)) - raft.grpc.server.async.request.thread.pool.cached = true (default)
2022-12-13 10:27:38,679 [Time-limited test] INFO  grpc.GrpcConfigKeys (ConfUtils.java:logGet(46)) - raft.grpc.server.async.request.thread.pool.size = 32 (default)
2022-12-13 10:27:38,685 [Time-limited test] INFO  impl.DataStreamServerImpl (ConfUtils.java:logGet(46)) - raft.datastream.type = DISABLED (default)
2022-12-13 10:27:38,686 [Time-limited test] INFO  server.RaftServerConfigKeys (ConfUtils.java:logGet(46)) - raft.server.threadpool.proxy.cached = true (default)
2022-12-13 10:27:38,686 [Time-limited test] INFO  server.RaftServerConfigKeys (ConfUtils.java:logGet(46)) - raft.server.threadpool.proxy.size = 0 (default)
2022-12-13 10:27:38,686 [Time-limited test] INFO  server.RaftServerConfigKeys (ConfUtils.java:logGet(46)) - raft.server.rpc.slowness.timeout = 300s (custom)
2022-12-13 10:27:38,686 [Time-limited test] INFO  server.RaftServerConfigKeys (ConfUtils.java:logGet(46)) - raft.server.leaderelection.leader.step-down.wait-time = 10s (default)
2022-12-13 10:27:38,687 [Time-limited test] INFO  server.RaftServerConfigKeys (ConfUtils.java:logGet(46)) - raft.server.storage.dir = [/home/runner/work/ozone/ozone/hadoop-ozone/integration-test/target/test-dir/ozoneMeta/ratis] (custom)
2022-12-13 10:27:38,689 [Time-limited test] INFO  server.XceiverServerGrpc (XceiverServerGrpc.java:<init>(132)) - GrpcServer channel type EpollServerSocketChannel
2022-12-13 10:27:38,719 [Time-limited test] INFO  ozoneimpl.OzoneContainer (OzoneContainer.java:start(395)) - Attempting to start container services.
2022-12-13 10:27:38,719 [Time-limited test] INFO  ozoneimpl.OzoneContainer (OzoneContainer.java:startContainerScrub(312)) - Scheduled background container scanners and the on-demand container scanner have been disabled.
2022-12-13 10:27:38,723 [Time-limited test] INFO  replication.ReplicationServer (ReplicationServer.java:start(106)) - ReplicationServer is started using port 9886
2022-12-13 10:27:38,723 [Time-limited test] INFO  ratis.XceiverServerRatis (XceiverServerRatis.java:start(481)) - Starting XceiverServerRatis 85e0f4e7-278c-41a8-a0ab-b1756c604325
2022-12-13 10:27:38,725 [Time-limited test] INFO  server.RaftServer (RaftServerProxy.java:startImpl(393)) - 85e0f4e7-278c-41a8-a0ab-b1756c604325: start RPC server
2022-12-13 10:27:38,726 [Time-limited test] INFO  server.GrpcService (GrpcService.java:startImpl(262)) - 85e0f4e7-278c-41a8-a0ab-b1756c604325: GrpcService started, listening on 9858
2022-12-13 10:27:38,726 [Time-limited test] INFO  ratis.XceiverServerRatis (XceiverServerRatis.java:getRealPort(502)) - XceiverServerRatis 85e0f4e7-278c-41a8-a0ab-b1756c604325 is started using port 9858 for RATIS
2022-12-13 10:27:38,726 [Time-limited test] INFO  ratis.XceiverServerRatis (XceiverServerRatis.java:getRealPort(502)) - XceiverServerRatis 85e0f4e7-278c-41a8-a0ab-b1756c604325 is started using port 9858 for RATIS_ADMIN
2022-12-13 10:27:38,726 [Time-limited test] INFO  ratis.XceiverServerRatis (XceiverServerRatis.java:getRealPort(502)) - XceiverServerRatis 85e0f4e7-278c-41a8-a0ab-b1756c604325 is started using port 9858 for RATIS_SERVER
2022-12-13 10:27:38,727 [JvmPauseMonitor3] INFO  util.JvmPauseMonitor (JvmPauseMonitor.java:run(105)) - JvmPauseMonitor-85e0f4e7-278c-41a8-a0ab-b1756c604325: Started
2022-12-13 10:27:38,735 [Time-limited test] INFO  token.ContainerTokenSecretManager (OzoneSecretManager.java:updateCurrentKey(170)) - Updating the current master key for generating tokens
2022-12-13 10:27:38,788 [Time-limited test] INFO  ozoneimpl.OzoneContainer (OzoneContainer.java:stop(417)) - Attempting to stop container services.
2022-12-13 10:27:38,789 [Time-limited test] INFO  server.RaftServer (RaftServerProxy.java:lambda$close$6(409)) - 85e0f4e7-278c-41a8-a0ab-b1756c604325: close
2022-12-13 10:27:38,789 [Time-limited test] INFO  server.GrpcService (GrpcService.java:closeImpl(271)) - 85e0f4e7-278c-41a8-a0ab-b1756c604325: shutdown server GrpcServerProtocolService now
2022-12-13 10:27:38,789 [Time-limited test] INFO  server.GrpcService (GrpcService.java:closeImpl(280)) - 85e0f4e7-278c-41a8-a0ab-b1756c604325: shutdown server GrpcServerProtocolService successfully
2022-12-13 10:27:38,790 [JvmPauseMonitor3] INFO  util.JvmPauseMonitor (JvmPauseMonitor.java:run(111)) - JvmPauseMonitor-85e0f4e7-278c-41a8-a0ab-b1756c604325: Stopped
2022-12-13 10:27:40,803 [Time-limited test] INFO  utils.BackgroundService (BackgroundService.java:shutdown(141)) - Shutting down service BlockDeletingService
2022-12-13 10:27:40,804 [Time-limited test] INFO  utils.BackgroundService (BackgroundService.java:shutdown(141)) - Shutting down service StaleRecoveringContainerScrubbingService
]]></system-out>
  </testcase>
  <testcase name="testCertificateLifetime" classname="TestOzoneContainerWithTLS" time="5.128">
    <system-out><![CDATA[2022-12-13 10:27:24,687 [Time-limited test] INFO  utils.SelfSignedCertificate (SelfSignedCertificate.java:generateCertificate(155)) - Certificate 1 is issued by CN=rootCA@localhost,OU=scm1,O=cluster1 to CN=rootCA@localhost,OU=scm1,O=cluster1, valid from Tue Dec 13 10:27:24 UTC 2022 to Fri Jan 21 10:27:24 UTC 2028
2022-12-13 10:27:24,696 [Time-limited test] INFO  ssl.PemFileBasedKeyStoresFactory (PemFileBasedKeyStoresFactory.java:createKeyManagers(111)) - SERVER KeyStore reloading at 1000 millis.
2022-12-13 10:27:24,697 [Time-limited test] INFO  ssl.PemFileBasedKeyStoresFactory (PemFileBasedKeyStoresFactory.java:createTrustManagers(84)) - SERVER TrustStore reloading at 1000 millis.
2022-12-13 10:27:24,700 [Time-limited test] INFO  ssl.PemFileBasedKeyStoresFactory (PemFileBasedKeyStoresFactory.java:createKeyManagers(111)) - CLIENT KeyStore reloading at 1000 millis.
2022-12-13 10:27:24,701 [Time-limited test] INFO  ssl.PemFileBasedKeyStoresFactory (PemFileBasedKeyStoresFactory.java:createTrustManagers(84)) - CLIENT TrustStore reloading at 1000 millis.
]]></system-out>
  </testcase>
  <testcase name="testCertificateLifetime" classname="TestOzoneContainerWithTLS" time="5.191">
    <system-out><![CDATA[2022-12-13 10:27:40,985 [Time-limited test] INFO  utils.SelfSignedCertificate (SelfSignedCertificate.java:generateCertificate(155)) - Certificate 1 is issued by CN=rootCA@localhost,OU=scm1,O=cluster1 to CN=rootCA@localhost,OU=scm1,O=cluster1, valid from Tue Dec 13 10:27:40 UTC 2022 to Fri Jan 21 10:27:40 UTC 2028
2022-12-13 10:27:40,992 [Time-limited test] INFO  ssl.PemFileBasedKeyStoresFactory (PemFileBasedKeyStoresFactory.java:createKeyManagers(111)) - SERVER KeyStore reloading at 1000 millis.
2022-12-13 10:27:40,993 [Time-limited test] INFO  ssl.PemFileBasedKeyStoresFactory (PemFileBasedKeyStoresFactory.java:createTrustManagers(84)) - SERVER TrustStore reloading at 1000 millis.
2022-12-13 10:27:40,995 [Time-limited test] INFO  ssl.PemFileBasedKeyStoresFactory (PemFileBasedKeyStoresFactory.java:createKeyManagers(111)) - CLIENT KeyStore reloading at 1000 millis.
2022-12-13 10:27:40,996 [Time-limited test] INFO  ssl.PemFileBasedKeyStoresFactory (PemFileBasedKeyStoresFactory.java:createTrustManagers(84)) - CLIENT TrustStore reloading at 1000 millis.
]]></system-out>
  </testcase>
</testsuite>