<?xml version="1.0" encoding="UTF-8"?>
<testsuite xmlns:xsi="http://www.w3.org/2001/XMLSchema-instance" xsi:noNamespaceSchemaLocation="https://maven.apache.org/surefire/maven-surefire-plugin/xsd/surefire-test-report-3.0.xsd" version="3.0" name="org.apache.hadoop.ozone.fsck.TestContainerMapper" time="25.177" tests="1" errors="1" skipped="0" failures="0">
  <properties>
    <property name="awt.toolkit" value="sun.awt.X11.XToolkit"/>
    <property name="file.encoding.pkg" value="sun.io"/>
    <property name="java.specification.version" value="1.8"/>
    <property name="sun.cpu.isalist" value=""/>
    <property name="sun.jnu.encoding" value="UTF-8"/>
    <property name="gradle.enterprise.listener.surefire.forkId" value="1"/>
    <property name="java.class.path" value="/home/runner/work/ozone/ozone/hadoop-ozone/integration-test/target/test-classes:/home/runner/work/ozone/ozone/hadoop-ozone/integration-test/target/classes:/home/runner/.m2/repository/org/apache/ozone/ozone-common/1.5.0-SNAPSHOT/ozone-common-1.5.0-SNAPSHOT.jar:/home/runner/.m2/repository/io/grpc/grpc-netty/1.58.0/grpc-netty-1.58.0.jar:/home/runner/.m2/repository/io/grpc/grpc-core/1.58.0/grpc-core-1.58.0.jar:/home/runner/.m2/repository/com/google/android/annotations/4.1.1.4/annotations-4.1.1.4.jar:/home/runner/.m2/repository/org/codehaus/mojo/animal-sniffer-annotations/1.23/animal-sniffer-annotations-1.23.jar:/home/runner/.m2/repository/io/grpc/grpc-context/1.58.0/grpc-context-1.58.0.jar:/home/runner/.m2/repository/io/grpc/grpc-util/1.58.0/grpc-util-1.58.0.jar:/home/runner/.m2/repository/com/google/errorprone/error_prone_annotations/2.2.0/error_prone_annotations-2.2.0.jar:/home/runner/.m2/repository/io/perfmark/perfmark-api/0.26.0/perfmark-api-0.26.0.jar:/home/runner/.m2/repository/io/netty/netty-codec-http2/4.1.100.Final/netty-codec-http2-4.1.100.Final.jar:/home/runner/.m2/repository/io/netty/netty-common/4.1.100.Final/netty-common-4.1.100.Final.jar:/home/runner/.m2/repository/io/netty/netty-buffer/4.1.100.Final/netty-buffer-4.1.100.Final.jar:/home/runner/.m2/repository/io/netty/netty-codec-http/4.1.100.Final/netty-codec-http-4.1.100.Final.jar:/home/runner/.m2/repository/io/netty/netty-handler-proxy/4.1.100.Final/netty-handler-proxy-4.1.100.Final.jar:/home/runner/.m2/repository/io/netty/netty-codec-socks/4.1.100.Final/netty-codec-socks-4.1.100.Final.jar:/home/runner/.m2/repository/io/netty/netty-tcnative-boringssl-static/2.0.61.Final/netty-tcnative-boringssl-static-2.0.61.Final.jar:/home/runner/.m2/repository/io/netty/netty-tcnative-classes/2.0.61.Final/netty-tcnative-classes-2.0.61.Final.jar:/home/runner/.m2/repository/io/netty/netty-tcnative-boringssl-static/2.0.61.Final/netty-tcnative-boringssl-static-2.0.61.Final-linux-x86_64.jar:/home/runner/.m2/repository/io/netty/netty-tcnative-boringssl-static/2.0.61.Final/netty-tcnative-boringssl-static-2.0.61.Final-linux-aarch_64.jar:/home/runner/.m2/repository/io/netty/netty-tcnative-boringssl-static/2.0.61.Final/netty-tcnative-boringssl-static-2.0.61.Final-osx-x86_64.jar:/home/runner/.m2/repository/io/netty/netty-tcnative-boringssl-static/2.0.61.Final/netty-tcnative-boringssl-static-2.0.61.Final-osx-aarch_64.jar:/home/runner/.m2/repository/io/netty/netty-tcnative-boringssl-static/2.0.61.Final/netty-tcnative-boringssl-static-2.0.61.Final-windows-x86_64.jar:/home/runner/.m2/repository/org/apache/commons/commons-compress/1.26.0/commons-compress-1.26.0.jar:/home/runner/.m2/repository/org/apache/ozone/hdds-common/1.5.0-SNAPSHOT/hdds-common-1.5.0-SNAPSHOT.jar:/home/runner/.m2/repository/org/apache/ozone/hdds-client/1.5.0-SNAPSHOT/hdds-client-1.5.0-SNAPSHOT.jar:/home/runner/.m2/repository/org/apache/ozone/ozone-interface-client/1.5.0-SNAPSHOT/ozone-interface-client-1.5.0-SNAPSHOT.jar:/home/runner/.m2/repository/org/apache/hadoop/hadoop-hdfs-client/3.3.6/hadoop-hdfs-client-3.3.6.jar:/home/runner/.m2/repository/com/squareup/okhttp3/okhttp/4.12.0/okhttp-4.12.0.jar:/home/runner/.m2/repository/com/squareup/okio/okio/3.6.0/okio-3.6.0.jar:/home/runner/.m2/repository/com/squareup/okio/okio-jvm/3.6.0/okio-jvm-3.6.0.jar:/home/runner/.m2/repository/org/jetbrains/kotlin/kotlin-stdlib-jdk8/1.9.22/kotlin-stdlib-jdk8-1.9.22.jar:/home/runner/.m2/repository/org/jetbrains/kotlin/kotlin-stdlib-jdk7/1.9.22/kotlin-stdlib-jdk7-1.9.22.jar:/home/runner/.m2/repository/org/jetbrains/kotlin/kotlin-stdlib-common/1.9.22/kotlin-stdlib-common-1.9.22.jar:/home/runner/.m2/repository/org/apache/ozone/hdds-test-utils/1.5.0-SNAPSHOT/hdds-test-utils-1.5.0-SNAPSHOT.jar:/home/runner/.m2/repository/org/assertj/assertj-core/3.12.2/assertj-core-3.12.2.jar:/home/runner/.m2/repository/com/google/guava/guava/32.0.0-jre/guava-32.0.0-jre.jar:/home/runner/.m2/repository/com/google/guava/failureaccess/1.0.1/failureaccess-1.0.1.jar:/home/runner/.m2/repository/com/google/guava/listenablefuture/9999.0-empty-to-avoid-conflict-with-guava/listenablefuture-9999.0-empty-to-avoid-conflict-with-guava.jar:/home/runner/.m2/repository/org/checkerframework/checker-qual/3.33.0/checker-qual-3.33.0.jar:/home/runner/.m2/repository/com/google/j2objc/j2objc-annotations/2.8/j2objc-annotations-2.8.jar:/home/runner/.m2/repository/commons-io/commons-io/2.15.1/commons-io-2.15.1.jar:/home/runner/.m2/repository/commons-logging/commons-logging/1.2/commons-logging-1.2.jar:/home/runner/.m2/repository/org/junit/jupiter/junit-jupiter-api/5.10.2/junit-jupiter-api-5.10.2.jar:/home/runner/.m2/repository/org/opentest4j/opentest4j/1.3.0/opentest4j-1.3.0.jar:/home/runner/.m2/repository/org/junit/platform/junit-platform-commons/1.10.2/junit-platform-commons-1.10.2.jar:/home/runner/.m2/repository/ch/qos/reload4j/reload4j/1.2.25/reload4j-1.2.25.jar:/home/runner/.m2/repository/jakarta/annotation/jakarta.annotation-api/2.1.1/jakarta.annotation-api-2.1.1.jar:/home/runner/.m2/repository/org/slf4j/slf4j-api/2.0.12/slf4j-api-2.0.12.jar:/home/runner/.m2/repository/org/apache/logging/log4j/log4j-api/2.17.1/log4j-api-2.17.1.jar:/home/runner/.m2/repository/org/apache/ozone/hdds-server-scm/1.5.0-SNAPSHOT/hdds-server-scm-1.5.0-SNAPSHOT.jar:/home/runner/.m2/repository/com/google/protobuf/protobuf-java/2.5.0/protobuf-java-2.5.0.jar:/home/runner/.m2/repository/org/apache/ozone/hdds-container-service/1.5.0-SNAPSHOT/hdds-container-service-1.5.0-SNAPSHOT.jar:/home/runner/.m2/repository/org/apache/ozone/hdds-hadoop-dependency-server/1.5.0-SNAPSHOT/hdds-hadoop-dependency-server-1.5.0-SNAPSHOT.jar:/home/runner/.m2/repository/org/apache/hadoop/hadoop-hdfs/3.3.6/hadoop-hdfs-3.3.6.jar:/home/runner/.m2/repository/commons-daemon/commons-daemon/1.0.13/commons-daemon-1.0.13.jar:/home/runner/.m2/repository/org/xerial/snappy/snappy-java/1.1.10.5/snappy-java-1.1.10.5.jar:/home/runner/.m2/repository/org/apache/ozone/hdds-server-framework/1.5.0-SNAPSHOT/hdds-server-framework-1.5.0-SNAPSHOT.jar:/home/runner/.m2/repository/org/bouncycastle/bcprov-jdk18on/1.77/bcprov-jdk18on-1.77.jar:/home/runner/.m2/repository/io/dropwizard/metrics/metrics-core/3.2.4/metrics-core-3.2.4.jar:/home/runner/.m2/repository/org/apache/commons/commons-text/1.11.0/commons-text-1.11.0.jar:/home/runner/.m2/repository/org/apache/ozone/hdds-server-framework/1.5.0-SNAPSHOT/hdds-server-framework-1.5.0-SNAPSHOT-tests.jar:/home/runner/.m2/repository/org/apache/ozone/hdds-interface-server/1.5.0-SNAPSHOT/hdds-interface-server-1.5.0-SNAPSHOT.jar:/home/runner/.m2/repository/org/apache/ozone/hdds-interface-admin/1.5.0-SNAPSHOT/hdds-interface-admin-1.5.0-SNAPSHOT.jar:/home/runner/.m2/repository/org/apache/ozone/hdds-managed-rocksdb/1.5.0-SNAPSHOT/hdds-managed-rocksdb-1.5.0-SNAPSHOT.jar:/home/runner/.m2/repository/org/rocksdb/rocksdbjni/7.7.3/rocksdbjni-7.7.3.jar:/home/runner/.m2/repository/org/slf4j/slf4j-reload4j/2.0.12/slf4j-reload4j-2.0.12.jar:/home/runner/.m2/repository/org/apache/commons/commons-configuration2/2.8.0/commons-configuration2-2.8.0.jar:/home/runner/.m2/repository/commons-fileupload/commons-fileupload/1.5/commons-fileupload-1.5.jar:/home/runner/.m2/repository/org/apache/logging/log4j/log4j-core/2.17.1/log4j-core-2.17.1.jar:/home/runner/.m2/repository/com/lmax/disruptor/3.4.4/disruptor-3.4.4.jar:/home/runner/.m2/repository/org/eclipse/jetty/jetty-util/9.4.53.v20231009/jetty-util-9.4.53.v20231009.jar:/home/runner/.m2/repository/org/eclipse/jetty/jetty-server/9.4.53.v20231009/jetty-server-9.4.53.v20231009.jar:/home/runner/.m2/repository/org/eclipse/jetty/jetty-http/9.4.53.v20231009/jetty-http-9.4.53.v20231009.jar:/home/runner/.m2/repository/org/eclipse/jetty/jetty-io/9.4.53.v20231009/jetty-io-9.4.53.v20231009.jar:/home/runner/.m2/repository/org/eclipse/jetty/jetty-servlet/9.4.53.v20231009/jetty-servlet-9.4.53.v20231009.jar:/home/runner/.m2/repository/org/eclipse/jetty/jetty-security/9.4.53.v20231009/jetty-security-9.4.53.v20231009.jar:/home/runner/.m2/repository/org/eclipse/jetty/jetty-util-ajax/9.4.53.v20231009/jetty-util-ajax-9.4.53.v20231009.jar:/home/runner/.m2/repository/org/eclipse/jetty/jetty-webapp/9.4.53.v20231009/jetty-webapp-9.4.53.v20231009.jar:/home/runner/.m2/repository/org/eclipse/jetty/jetty-xml/9.4.53.v20231009/jetty-xml-9.4.53.v20231009.jar:/home/runner/.m2/repository/org/apache/ratis/ratis-server/3.0.1/ratis-server-3.0.1.jar:/home/runner/.m2/repository/org/apache/ratis/ratis-thirdparty-misc/1.0.5/ratis-thirdparty-misc-1.0.5.jar:/home/runner/.m2/repository/org/apache/ratis/ratis-proto/3.0.1/ratis-proto-3.0.1.jar:/home/runner/.m2/repository/org/apache/ratis/ratis-common/3.0.1/ratis-common-3.0.1.jar:/home/runner/.m2/repository/org/apache/ratis/ratis-client/3.0.1/ratis-client-3.0.1.jar:/home/runner/.m2/repository/org/apache/ratis/ratis-server-api/3.0.1/ratis-server-api-3.0.1.jar:/home/runner/.m2/repository/org/apache/ratis/ratis-metrics-api/3.0.1/ratis-metrics-api-3.0.1.jar:/home/runner/.m2/repository/org/apache/ratis/ratis-metrics-dropwizard3/3.0.1/ratis-metrics-dropwizard3-3.0.1.jar:/home/runner/.m2/repository/io/prometheus/simpleclient_dropwizard/0.16.0/simpleclient_dropwizard-0.16.0.jar:/home/runner/.m2/repository/io/prometheus/simpleclient/0.16.0/simpleclient-0.16.0.jar:/home/runner/.m2/repository/io/prometheus/simpleclient_common/0.16.0/simpleclient_common-0.16.0.jar:/home/runner/.m2/repository/com/fasterxml/jackson/datatype/jackson-datatype-jsr310/2.16.1/jackson-datatype-jsr310-2.16.1.jar:/home/runner/.m2/repository/com/fasterxml/jackson/core/jackson-core/2.16.1/jackson-core-2.16.1.jar:/home/runner/.m2/repository/org/apache/ozone/rocksdb-checkpoint-differ/1.5.0-SNAPSHOT/rocksdb-checkpoint-differ-1.5.0-SNAPSHOT.jar:/home/runner/.m2/repository/org/jgrapht/jgrapht-core/1.4.0/jgrapht-core-1.4.0.jar:/home/runner/.m2/repository/org/jheaps/jheaps/0.11/jheaps-0.11.jar:/home/runner/.m2/repository/org/jgrapht/jgrapht-ext/1.4.0/jgrapht-ext-1.4.0.jar:/home/runner/.m2/repository/com/github/vlsi/mxgraph/jgraphx/3.9.8.1/jgraphx-3.9.8.1.jar:/home/runner/.m2/repository/org/apache/ozone/ozone-manager/1.5.0-SNAPSHOT/ozone-manager-1.5.0-SNAPSHOT.jar:/home/runner/.m2/repository/org/aspectj/aspectjrt/1.9.7/aspectjrt-1.9.7.jar:/home/runner/.m2/repository/org/aspectj/aspectjweaver/1.9.7/aspectjweaver-1.9.7.jar:/home/runner/.m2/repository/org/apache/ozone/hdds-interface-client/1.5.0-SNAPSHOT/hdds-interface-client-1.5.0-SNAPSHOT.jar:/home/runner/.m2/repository/org/apache/hadoop/thirdparty/hadoop-shaded-protobuf_3_7/1.1.1/hadoop-shaded-protobuf_3_7-1.1.1.jar:/home/runner/.m2/repository/org/apache/ozone/ozone-interface-storage/1.5.0-SNAPSHOT/ozone-interface-storage-1.5.0-SNAPSHOT.jar:/home/runner/.m2/repository/org/reflections/reflections/0.9.11/reflections-0.9.11.jar:/home/runner/.m2/repository/com/sun/jersey/jersey-client/1.19.4/jersey-client-1.19.4.jar:/home/runner/.m2/repository/org/codehaus/jackson/jackson-core-asl/1.9.13/jackson-core-asl-1.9.13.jar:/home/runner/.m2/repository/org/codehaus/jackson/jackson-mapper-asl/1.9.13/jackson-mapper-asl-1.9.13.jar:/home/runner/.m2/repository/org/codehaus/jackson/jackson-jaxrs/1.9.13/jackson-jaxrs-1.9.13.jar:/home/runner/.m2/repository/org/apache/ranger/ranger-intg/2.3.0/ranger-intg-2.3.0.jar:/home/runner/.m2/repository/org/apache/ranger/ranger-plugins-common/2.3.0/ranger-plugins-common-2.3.0.jar:/home/runner/.m2/repository/commons-lang/commons-lang/2.6/commons-lang-2.6.jar:/home/runner/.m2/repository/org/apache/ranger/ranger-plugins-cred/2.3.0/ranger-plugins-cred-2.3.0.jar:/home/runner/.m2/repository/org/apache/ranger/ranger-plugins-audit/2.3.0/ranger-plugins-audit-2.3.0.jar:/home/runner/.m2/repository/org/eclipse/jetty/jetty-client/9.4.53.v20231009/jetty-client-9.4.53.v20231009.jar:/home/runner/.m2/repository/org/apache/httpcomponents/httpmime/4.5.6/httpmime-4.5.6.jar:/home/runner/.m2/repository/org/apache/httpcomponents/httpcore-nio/4.4.16/httpcore-nio-4.4.16.jar:/home/runner/.m2/repository/org/apache/httpcomponents/httpasyncclient/4.1.3/httpasyncclient-4.1.3.jar:/home/runner/.m2/repository/com/carrotsearch/hppc/0.8.0/hppc-0.8.0.jar:/home/runner/.m2/repository/org/apache/orc/orc-core/1.5.8/orc-core-1.5.8.jar:/home/runner/.m2/repository/net/java/dev/jna/jna/5.2.0/jna-5.2.0.jar:/home/runner/.m2/repository/net/java/dev/jna/jna-platform/5.2.0/jna-platform-5.2.0.jar:/home/runner/.m2/repository/com/kstruct/gethostname4j/0.0.2/gethostname4j-0.0.2.jar:/home/runner/.m2/repository/org/apache/ranger/ranger-plugin-classloader/2.3.0/ranger-plugin-classloader-2.3.0.jar:/home/runner/.m2/repository/org/apache/ozone/hdds-rocks-native/1.5.0-SNAPSHOT/hdds-rocks-native-1.5.0-SNAPSHOT.jar:/home/runner/.m2/repository/org/apache/hadoop/hadoop-minikdc/3.3.6/hadoop-minikdc-3.3.6.jar:/home/runner/.m2/repository/org/apache/kerby/kerb-simplekdc/1.0.1/kerb-simplekdc-1.0.1.jar:/home/runner/.m2/repository/org/apache/kerby/kerb-client/1.0.1/kerb-client-1.0.1.jar:/home/runner/.m2/repository/org/apache/kerby/kerby-config/1.0.1/kerby-config-1.0.1.jar:/home/runner/.m2/repository/org/apache/kerby/kerb-common/1.0.1/kerb-common-1.0.1.jar:/home/runner/.m2/repository/org/apache/kerby/kerb-crypto/1.0.1/kerb-crypto-1.0.1.jar:/home/runner/.m2/repository/org/apache/kerby/kerb-util/1.0.1/kerb-util-1.0.1.jar:/home/runner/.m2/repository/org/apache/kerby/token-provider/1.0.1/token-provider-1.0.1.jar:/home/runner/.m2/repository/org/apache/kerby/kerb-admin/1.0.1/kerb-admin-1.0.1.jar:/home/runner/.m2/repository/org/apache/kerby/kerb-server/1.0.1/kerb-server-1.0.1.jar:/home/runner/.m2/repository/org/apache/kerby/kerb-identity/1.0.1/kerb-identity-1.0.1.jar:/home/runner/.m2/repository/org/apache/kerby/kerby-xdr/1.0.1/kerby-xdr-1.0.1.jar:/home/runner/.m2/repository/junit/junit/4.13.2/junit-4.13.2.jar:/home/runner/.m2/repository/org/hamcrest/hamcrest-core/1.3/hamcrest-core-1.3.jar:/home/runner/.m2/repository/org/apache/ozone/ozone-s3gateway/1.5.0-SNAPSHOT/ozone-s3gateway-1.5.0-SNAPSHOT.jar:/home/runner/.m2/repository/org/javassist/javassist/3.21.0-GA/javassist-3.21.0-GA.jar:/home/runner/.m2/repository/org/jboss/weld/servlet/weld-servlet-shaded/3.1.9.Final/weld-servlet-shaded-3.1.9.Final.jar:/home/runner/.m2/repository/org/glassfish/jersey/containers/jersey-container-servlet-core/2.41/jersey-container-servlet-core-2.41.jar:/home/runner/.m2/repository/org/glassfish/hk2/external/jakarta.inject/2.6.1/jakarta.inject-2.6.1.jar:/home/runner/.m2/repository/org/glassfish/jersey/core/jersey-common/2.41/jersey-common-2.41.jar:/home/runner/.m2/repository/jakarta/ws/rs/jakarta.ws.rs-api/2.1.6/jakarta.ws.rs-api-2.1.6.jar:/home/runner/.m2/repository/org/glassfish/jersey/ext/cdi/jersey-cdi1x/2.41/jersey-cdi1x-2.41.jar:/home/runner/.m2/repository/org/glassfish/jersey/inject/jersey-hk2/2.41/jersey-hk2-2.41.jar:/home/runner/.m2/repository/org/glassfish/hk2/hk2-locator/2.6.1/hk2-locator-2.6.1.jar:/home/runner/.m2/repository/org/glassfish/jersey/media/jersey-media-jaxb/2.41/jersey-media-jaxb-2.41.jar:/home/runner/.m2/repository/org/glassfish/hk2/osgi-resource-locator/1.0.3/osgi-resource-locator-1.0.3.jar:/home/runner/.m2/repository/org/glassfish/hk2/hk2-api/2.6.1/hk2-api-2.6.1.jar:/home/runner/.m2/repository/org/glassfish/hk2/hk2-utils/2.6.1/hk2-utils-2.6.1.jar:/home/runner/.m2/repository/org/glassfish/hk2/external/aopalliance-repackaged/2.6.1/aopalliance-repackaged-2.6.1.jar:/home/runner/.m2/repository/com/fasterxml/jackson/dataformat/jackson-dataformat-xml/2.16.1/jackson-dataformat-xml-2.16.1.jar:/home/runner/.m2/repository/org/codehaus/woodstox/stax2-api/4.2.2/stax2-api-4.2.2.jar:/home/runner/.m2/repository/com/fasterxml/woodstox/woodstox-core/5.4.0/woodstox-core-5.4.0.jar:/home/runner/.m2/repository/com/fasterxml/jackson/module/jackson-module-jaxb-annotations/2.16.1/jackson-module-jaxb-annotations-2.16.1.jar:/home/runner/.m2/repository/javax/enterprise/cdi-api/2.0/cdi-api-2.0.jar:/home/runner/.m2/repository/javax/el/javax.el-api/3.0.0/javax.el-api-3.0.0.jar:/home/runner/.m2/repository/javax/interceptor/javax.interceptor-api/1.2/javax.interceptor-api-1.2.jar:/home/runner/.m2/repository/javax/inject/javax.inject/1/javax.inject-1.jar:/home/runner/.m2/repository/jakarta/xml/bind/jakarta.xml.bind-api/2.3.3/jakarta.xml.bind-api-2.3.3.jar:/home/runner/.m2/repository/org/glassfish/jaxb/jaxb-runtime/2.3.9/jaxb-runtime-2.3.9.jar:/home/runner/.m2/repository/org/glassfish/jaxb/txw2/2.3.9/txw2-2.3.9.jar:/home/runner/.m2/repository/com/sun/istack/istack-commons-runtime/3.0.12/istack-commons-runtime-3.0.12.jar:/home/runner/.m2/repository/com/sun/activation/jakarta.activation/1.2.2/jakarta.activation-1.2.2.jar:/home/runner/.m2/repository/jakarta/activation/jakarta.activation-api/1.2.2/jakarta.activation-api-1.2.2.jar:/home/runner/.m2/repository/io/grpc/grpc-protobuf/1.58.0/grpc-protobuf-1.58.0.jar:/home/runner/.m2/repository/com/google/api/grpc/proto-google-common-protos/2.22.0/proto-google-common-protos-2.22.0.jar:/home/runner/.m2/repository/io/grpc/grpc-protobuf-lite/1.58.0/grpc-protobuf-lite-1.58.0.jar:/home/runner/.m2/repository/io/grpc/grpc-stub/1.58.0/grpc-stub-1.58.0.jar:/home/runner/.m2/repository/io/netty/netty-transport/4.1.100.Final/netty-transport-4.1.100.Final.jar:/home/runner/.m2/repository/io/netty/netty-resolver/4.1.100.Final/netty-resolver-4.1.100.Final.jar:/home/runner/.m2/repository/org/apache/ozone/ozone-csi/1.5.0-SNAPSHOT/ozone-csi-1.5.0-SNAPSHOT.jar:/home/runner/.m2/repository/com/google/protobuf/protobuf-java-util/3.19.6/protobuf-java-util-3.19.6.jar:/home/runner/.m2/repository/com/google/code/gson/gson/2.9.0/gson-2.9.0.jar:/home/runner/.m2/repository/org/apache/ozone/hdds-config/1.5.0-SNAPSHOT/hdds-config-1.5.0-SNAPSHOT.jar:/home/runner/.m2/repository/io/netty/netty-transport-native-epoll/4.1.100.Final/netty-transport-native-epoll-4.1.100.Final-linux-x86_64.jar:/home/runner/.m2/repository/io/netty/netty-transport-classes-epoll/4.1.100.Final/netty-transport-classes-epoll-4.1.100.Final.jar:/home/runner/.m2/repository/io/netty/netty-transport-native-unix-common/4.1.100.Final/netty-transport-native-unix-common-4.1.100.Final.jar:/home/runner/.m2/repository/org/apache/ozone/ozone-recon/1.5.0-SNAPSHOT/ozone-recon-1.5.0-SNAPSHOT.jar:/home/runner/.m2/repository/org/apache/ozone/ozone-reconcodegen/1.5.0-SNAPSHOT/ozone-reconcodegen-1.5.0-SNAPSHOT.jar:/home/runner/.m2/repository/com/google/inject/guice/6.0.0/guice-6.0.0.jar:/home/runner/.m2/repository/jakarta/inject/jakarta.inject-api/2.0.1/jakarta.inject-api-2.0.1.jar:/home/runner/.m2/repository/aopalliance/aopalliance/1.0/aopalliance-1.0.jar:/home/runner/.m2/repository/com/google/inject/extensions/guice-assistedinject/6.0.0/guice-assistedinject-6.0.0.jar:/home/runner/.m2/repository/com/google/inject/extensions/guice-servlet/6.0.0/guice-servlet-6.0.0.jar:/home/runner/.m2/repository/org/glassfish/jersey/containers/jersey-container-servlet/2.41/jersey-container-servlet-2.41.jar:/home/runner/.m2/repository/org/glassfish/hk2/guice-bridge/2.6.1/guice-bridge-2.6.1.jar:/home/runner/.m2/repository/org/glassfish/jersey/core/jersey-server/2.41/jersey-server-2.41.jar:/home/runner/.m2/repository/org/glassfish/jersey/core/jersey-client/2.41/jersey-client-2.41.jar:/home/runner/.m2/repository/jakarta/validation/jakarta.validation-api/2.0.2/jakarta.validation-api-2.0.2.jar:/home/runner/.m2/repository/org/glassfish/jersey/media/jersey-media-json-jackson/2.41/jersey-media-json-jackson-2.41.jar:/home/runner/.m2/repository/org/glassfish/jersey/ext/jersey-entity-filtering/2.41/jersey-entity-filtering-2.41.jar:/home/runner/.m2/repository/org/jooq/jooq/3.11.10/jooq-3.11.10.jar:/home/runner/.m2/repository/org/jooq/jooq-meta/3.11.10/jooq-meta-3.11.10.jar:/home/runner/.m2/repository/org/jooq/jooq-codegen/3.11.10/jooq-codegen-3.11.10.jar:/home/runner/.m2/repository/com/jolbox/bonecp/0.8.0.RELEASE/bonecp-0.8.0.RELEASE.jar:/home/runner/.m2/repository/org/apache/derby/derby/10.14.2.0/derby-10.14.2.0.jar:/home/runner/.m2/repository/org/xerial/sqlite-jdbc/3.44.1.0/sqlite-jdbc-3.44.1.0.jar:/home/runner/.m2/repository/org/springframework/spring-jdbc/5.3.27/spring-jdbc-5.3.27.jar:/home/runner/.m2/repository/org/springframework/spring-beans/5.3.27/spring-beans-5.3.27.jar:/home/runner/.m2/repository/org/springframework/spring-core/5.3.27/spring-core-5.3.27.jar:/home/runner/.m2/repository/org/springframework/spring-tx/5.3.27/spring-tx-5.3.27.jar:/home/runner/.m2/repository/org/apache/ozone/ozone-client/1.5.0-SNAPSHOT/ozone-client-1.5.0-SNAPSHOT.jar:/home/runner/.m2/repository/org/apache/ozone/hdds-erasurecode/1.5.0-SNAPSHOT/hdds-erasurecode-1.5.0-SNAPSHOT.jar:/home/runner/.m2/repository/org/apache/ozone/ozone-filesystem/1.5.0-SNAPSHOT/ozone-filesystem-1.5.0-SNAPSHOT.jar:/home/runner/.m2/repository/org/apache/ozone/ozone-filesystem-common/1.5.0-SNAPSHOT/ozone-filesystem-common-1.5.0-SNAPSHOT.jar:/home/runner/.m2/repository/org/apache/ozone/ozone-tools/1.5.0-SNAPSHOT/ozone-tools-1.5.0-SNAPSHOT.jar:/home/runner/.m2/repository/com/amazonaws/aws-java-sdk-core/1.12.661/aws-java-sdk-core-1.12.661.jar:/home/runner/.m2/repository/org/apache/httpcomponents/httpclient/4.5.14/httpclient-4.5.14.jar:/home/runner/.m2/repository/org/apache/httpcomponents/httpcore/4.4.16/httpcore-4.4.16.jar:/home/runner/.m2/repository/com/fasterxml/jackson/dataformat/jackson-dataformat-cbor/2.16.1/jackson-dataformat-cbor-2.16.1.jar:/home/runner/.m2/repository/joda-time/joda-time/2.12.7/joda-time-2.12.7.jar:/home/runner/.m2/repository/com/amazonaws/aws-java-sdk-s3/1.12.661/aws-java-sdk-s3-1.12.661.jar:/home/runner/.m2/repository/com/amazonaws/aws-java-sdk-kms/1.12.661/aws-java-sdk-kms-1.12.661.jar:/home/runner/.m2/repository/com/amazonaws/jmespath-java/1.12.661/jmespath-java-1.12.661.jar:/home/runner/.m2/repository/org/kohsuke/metainf-services/metainf-services/1.11/metainf-services-1.11.jar:/home/runner/.m2/repository/org/apache/ozone/hdds-tools/1.5.0-SNAPSHOT/hdds-tools-1.5.0-SNAPSHOT.jar:/home/runner/.m2/repository/org/apache/ratis/ratis-tools/3.0.1/ratis-tools-3.0.1.jar:/home/runner/.m2/repository/commons-cli/commons-cli/1.6.0/commons-cli-1.6.0.jar:/home/runner/.m2/repository/org/apache/commons/commons-lang3/3.14.0/commons-lang3-3.14.0.jar:/home/runner/.m2/repository/org/apache/ozone/ozone-manager/1.5.0-SNAPSHOT/ozone-manager-1.5.0-SNAPSHOT-tests.jar:/home/runner/.m2/repository/org/apache/ozone/hdds-common/1.5.0-SNAPSHOT/hdds-common-1.5.0-SNAPSHOT-tests.jar:/home/runner/.m2/repository/org/apache/ozone/hdds-hadoop-dependency-client/1.5.0-SNAPSHOT/hdds-hadoop-dependency-client-1.5.0-SNAPSHOT.jar:/home/runner/.m2/repository/info/picocli/picocli/4.7.5/picocli-4.7.5.jar:/home/runner/.m2/repository/com/fasterxml/jackson/core/jackson-annotations/2.16.1/jackson-annotations-2.16.1.jar:/home/runner/.m2/repository/org/apache/ozone/hdds-annotation-processing/1.5.0-SNAPSHOT/hdds-annotation-processing-1.5.0-SNAPSHOT.jar:/home/runner/.m2/repository/javax/annotation/javax.annotation-api/1.3.2/javax.annotation-api-1.3.2.jar:/home/runner/.m2/repository/org/apache/ratis/ratis-netty/3.0.1/ratis-netty-3.0.1.jar:/home/runner/.m2/repository/org/apache/ratis/ratis-grpc/3.0.1/ratis-grpc-3.0.1.jar:/home/runner/.m2/repository/org/bouncycastle/bcpkix-jdk18on/1.77/bcpkix-jdk18on-1.77.jar:/home/runner/.m2/repository/org/bouncycastle/bcutil-jdk18on/1.77/bcutil-jdk18on-1.77.jar:/home/runner/.m2/repository/commons-validator/commons-validator/1.6/commons-validator-1.6.jar:/home/runner/.m2/repository/commons-beanutils/commons-beanutils/1.9.4/commons-beanutils-1.9.4.jar:/home/runner/.m2/repository/commons-digester/commons-digester/1.8.1/commons-digester-1.8.1.jar:/home/runner/.m2/repository/commons-collections/commons-collections/3.2.2/commons-collections-3.2.2.jar:/home/runner/.m2/repository/io/jaegertracing/jaeger-client/1.8.1/jaeger-client-1.8.1.jar:/home/runner/.m2/repository/io/jaegertracing/jaeger-thrift/1.8.1/jaeger-thrift-1.8.1.jar:/home/runner/.m2/repository/org/apache/thrift/libthrift/0.15.0/libthrift-0.15.0.jar:/home/runner/.m2/repository/io/jaegertracing/jaeger-core/1.8.1/jaeger-core-1.8.1.jar:/home/runner/.m2/repository/io/jaegertracing/jaeger-tracerresolver/1.8.1/jaeger-tracerresolver-1.8.1.jar:/home/runner/.m2/repository/io/opentracing/contrib/opentracing-tracerresolver/0.1.8/opentracing-tracerresolver-0.1.8.jar:/home/runner/.m2/repository/org/jetbrains/kotlin/kotlin-stdlib/1.9.22/kotlin-stdlib-1.9.22.jar:/home/runner/.m2/repository/org/jetbrains/annotations/13.0/annotations-13.0.jar:/home/runner/.m2/repository/io/opentracing/opentracing-util/0.33.0/opentracing-util-0.33.0.jar:/home/runner/.m2/repository/io/opentracing/opentracing-api/0.33.0/opentracing-api-0.33.0.jar:/home/runner/.m2/repository/io/opentracing/opentracing-noop/0.33.0/opentracing-noop-0.33.0.jar:/home/runner/.m2/repository/org/yaml/snakeyaml/2.0/snakeyaml-2.0.jar:/home/runner/.m2/repository/io/grpc/grpc-api/1.58.0/grpc-api-1.58.0.jar:/home/runner/.m2/repository/org/junit/jupiter/junit-jupiter-engine/5.10.2/junit-jupiter-engine-5.10.2.jar:/home/runner/.m2/repository/org/junit/platform/junit-platform-engine/1.10.2/junit-platform-engine-1.10.2.jar:/home/runner/.m2/repository/org/apiguardian/apiguardian-api/1.1.2/apiguardian-api-1.1.2.jar:/home/runner/.m2/repository/org/junit/platform/junit-platform-launcher/1.10.2/junit-platform-launcher-1.10.2.jar:/home/runner/.m2/repository/org/apache/hadoop/hadoop-kms/3.3.6/hadoop-kms-3.3.6.jar:/home/runner/.m2/repository/org/apache/hadoop/hadoop-auth/3.3.6/hadoop-auth-3.3.6.jar:/home/runner/.m2/repository/com/nimbusds/nimbus-jose-jwt/9.8.1/nimbus-jose-jwt-9.8.1.jar:/home/runner/.m2/repository/com/github/stephenc/jcip/jcip-annotations/1.0-1/jcip-annotations-1.0-1.jar:/home/runner/.m2/repository/org/apache/zookeeper/zookeeper/3.7.2/zookeeper-3.7.2.jar:/home/runner/.m2/repository/org/apache/zookeeper/zookeeper-jute/3.7.2/zookeeper-jute-3.7.2.jar:/home/runner/.m2/repository/org/apache/yetus/audience-annotations/0.12.0/audience-annotations-0.12.0.jar:/home/runner/.m2/repository/org/apache/curator/curator-framework/4.2.0/curator-framework-4.2.0.jar:/home/runner/.m2/repository/org/apache/hadoop/thirdparty/hadoop-shaded-guava/1.1.1/hadoop-shaded-guava-1.1.1.jar:/home/runner/.m2/repository/com/sun/jersey/jersey-core/1.19.4/jersey-core-1.19.4.jar:/home/runner/.m2/repository/javax/ws/rs/jsr311-api/1.1.1/jsr311-api-1.1.1.jar:/home/runner/.m2/repository/com/sun/jersey/jersey-server/1.19.4/jersey-server-1.19.4.jar:/home/runner/.m2/repository/javax/servlet/javax.servlet-api/3.1.0/javax.servlet-api-3.1.0.jar:/home/runner/.m2/repository/org/apache/hadoop/hadoop-common/3.3.6/hadoop-common-3.3.6.jar:/home/runner/.m2/repository/org/apache/commons/commons-math3/3.6.1/commons-math3-3.6.1.jar:/home/runner/.m2/repository/commons-net/commons-net/3.10.0/commons-net-3.10.0.jar:/home/runner/.m2/repository/com/sun/jersey/jersey-servlet/1.19.4/jersey-servlet-1.19.4.jar:/home/runner/.m2/repository/com/github/pjfanning/jersey-json/1.20/jersey-json-1.20.jar:/home/runner/.m2/repository/org/codehaus/jettison/jettison/1.1/jettison-1.1.jar:/home/runner/.m2/repository/com/sun/xml/bind/jaxb-impl/2.2.3-1/jaxb-impl-2.2.3-1.jar:/home/runner/.m2/repository/com/google/re2j/re2j/1.7/re2j-1.7.jar:/home/runner/.m2/repository/com/jcraft/jsch/0.1.54/jsch-0.1.54.jar:/home/runner/.m2/repository/org/apache/curator/curator-client/4.2.0/curator-client-4.2.0.jar:/home/runner/.m2/repository/org/apache/curator/curator-recipes/5.2.0/curator-recipes-5.2.0.jar:/home/runner/.m2/repository/com/google/code/findbugs/jsr305/3.0.2/jsr305-3.0.2.jar:/home/runner/.m2/repository/org/apache/kerby/kerb-core/1.0.1/kerb-core-1.0.1.jar:/home/runner/.m2/repository/org/apache/kerby/kerby-pkix/1.0.1/kerby-pkix-1.0.1.jar:/home/runner/.m2/repository/org/apache/kerby/kerby-asn1/1.0.1/kerby-asn1-1.0.1.jar:/home/runner/.m2/repository/org/apache/kerby/kerby-util/1.0.1/kerby-util-1.0.1.jar:/home/runner/.m2/repository/dnsjava/dnsjava/2.1.7/dnsjava-2.1.7.jar:/home/runner/.m2/repository/com/fasterxml/jackson/core/jackson-databind/2.16.1/jackson-databind-2.16.1.jar:/home/runner/.m2/repository/org/apache/hadoop/hadoop-kms/3.3.6/hadoop-kms-3.3.6-tests.jar:/home/runner/.m2/repository/org/apache/ozone/hdds-server-scm/1.5.0-SNAPSHOT/hdds-server-scm-1.5.0-SNAPSHOT-tests.jar:/home/runner/.m2/repository/org/apache/ozone/hdds-container-service/1.5.0-SNAPSHOT/hdds-container-service-1.5.0-SNAPSHOT-tests.jar:/home/runner/.m2/repository/com/github/luben/zstd-jni/1.5.2-5/zstd-jni-1.5.2-5.jar:/home/runner/.m2/repository/commons-codec/commons-codec/1.15/commons-codec-1.15.jar:/home/runner/.m2/repository/io/netty/netty-codec/4.1.100.Final/netty-codec-4.1.100.Final.jar:/home/runner/.m2/repository/io/netty/netty-handler/4.1.100.Final/netty-handler-4.1.100.Final.jar:/home/runner/.m2/repository/org/apache/ozone/hdds-hadoop-dependency-test/1.5.0-SNAPSHOT/hdds-hadoop-dependency-test-1.5.0-SNAPSHOT.jar:/home/runner/.m2/repository/org/apache/hadoop/hadoop-common/3.3.6/hadoop-common-3.3.6-tests.jar:/home/runner/.m2/repository/org/apache/hadoop/hadoop-hdfs/3.3.6/hadoop-hdfs-3.3.6-tests.jar:/home/runner/.m2/repository/org/junit/jupiter/junit-jupiter-params/5.10.2/junit-jupiter-params-5.10.2.jar:/home/runner/.m2/repository/org/mockito/mockito-core/4.11.0/mockito-core-4.11.0.jar:/home/runner/.m2/repository/net/bytebuddy/byte-buddy/1.12.19/byte-buddy-1.12.19.jar:/home/runner/.m2/repository/net/bytebuddy/byte-buddy-agent/1.12.19/byte-buddy-agent-1.12.19.jar:/home/runner/.m2/repository/org/objenesis/objenesis/3.3/objenesis-3.3.jar:/home/runner/.m2/repository/org/mockito/mockito-junit-jupiter/4.11.0/mockito-junit-jupiter-4.11.0.jar:/home/runner/.m2/repository/org/apache/hadoop/hadoop-distcp/3.3.6/hadoop-distcp-3.3.6.jar:/home/runner/.m2/repository/org/apache/hadoop/hadoop-mapreduce-client-jobclient/3.3.6/hadoop-mapreduce-client-jobclient-3.3.6.jar:/home/runner/.m2/repository/org/apache/hadoop/hadoop-mapreduce-client-common/3.3.6/hadoop-mapreduce-client-common-3.3.6.jar:/home/runner/.m2/repository/org/apache/hadoop/hadoop-yarn-common/3.3.6/hadoop-yarn-common-3.3.6.jar:/home/runner/.m2/repository/org/apache/hadoop/hadoop-yarn-api/3.3.6/hadoop-yarn-api-3.3.6.jar:/home/runner/.m2/repository/javax/xml/bind/jaxb-api/2.2.11/jaxb-api-2.2.11.jar:/home/runner/.m2/repository/com/sun/jersey/contribs/jersey-guice/1.19.4/jersey-guice-1.19.4.jar:/home/runner/.m2/repository/com/fasterxml/jackson/jaxrs/jackson-jaxrs-json-provider/2.16.1/jackson-jaxrs-json-provider-2.16.1.jar:/home/runner/.m2/repository/com/fasterxml/jackson/jaxrs/jackson-jaxrs-base/2.16.1/jackson-jaxrs-base-2.16.1.jar:/home/runner/.m2/repository/org/apache/hadoop/hadoop-yarn-client/3.3.6/hadoop-yarn-client-3.3.6.jar:/home/runner/.m2/repository/org/eclipse/jetty/websocket/websocket-client/9.4.51.v20230217/websocket-client-9.4.51.v20230217.jar:/home/runner/.m2/repository/org/eclipse/jetty/websocket/websocket-common/9.4.51.v20230217/websocket-common-9.4.51.v20230217.jar:/home/runner/.m2/repository/org/eclipse/jetty/websocket/websocket-api/9.4.51.v20230217/websocket-api-9.4.51.v20230217.jar:/home/runner/.m2/repository/org/jline/jline/3.9.0/jline-3.9.0.jar:/home/runner/.m2/repository/org/apache/hadoop/hadoop-mapreduce-client-core/3.3.6/hadoop-mapreduce-client-core-3.3.6.jar:/home/runner/.m2/repository/org/apache/avro/avro/1.7.7/avro-1.7.7.jar:/home/runner/.m2/repository/com/thoughtworks/paranamer/paranamer/2.3/paranamer-2.3.jar:/home/runner/.m2/repository/org/apache/hadoop/hadoop-annotations/3.3.6/hadoop-annotations-3.3.6.jar:/usr/lib/jvm/temurin-8-jdk-amd64/jre/../lib/tools.jar:/home/runner/.m2/repository/io/netty/netty/3.10.6.Final/netty-3.10.6.Final.jar:/home/runner/.m2/repository/org/apache/hadoop/hadoop-distcp/3.3.6/hadoop-distcp-3.3.6-tests.jar:/home/runner/.m2/repository/org/hamcrest/hamcrest/2.2/hamcrest-2.2.jar:/home/runner/.m2/repository/org/slf4j/jul-to-slf4j/2.0.12/jul-to-slf4j-2.0.12.jar:/home/runner/work/ozone/ozone/hadoop-ozone/integration-test/target/gradle-enterprise/test-listeners.jar:"/>
    <property name="java.vm.vendor" value="Temurin"/>
    <property name="sun.arch.data.model" value="64"/>
    <property name="test.build.dir" value="/home/runner/work/ozone/ozone/hadoop-ozone/integration-test/target/test-dir"/>
    <property name="test.cache.data" value=""/>
    <property name="java.vendor.url" value="https://adoptium.net/"/>
    <property name="user.timezone" value="Etc/UTC"/>
    <property name="maven-surefire-plugin.argLineAccessArgs" value=""/>
    <property name="os.name" value="Linux"/>
    <property name="java.vm.specification.version" value="1.8"/>
    <property name="test.build.data" value="/home/runner/work/ozone/ozone/hadoop-ozone/integration-test/target/test-dir"/>
    <property name="sun.java.launcher" value="SUN_STANDARD"/>
    <property name="sun.boot.library.path" value="/usr/lib/jvm/temurin-8-jdk-amd64/jre/lib/amd64"/>
    <property name="sun.java.command" value="/home/runner/work/ozone/ozone/hadoop-ozone/integration-test/target/surefire/surefirebooter5543910846108977355.jar /home/runner/work/ozone/ozone/hadoop-ozone/integration-test/target/surefire 2024-03-18T17-24-50_119-jvmRun1 surefire1839966840495750175tmp surefire_144341268407371664728tmp"/>
    <property name="native.lib.tmp.dir" value="/tmp"/>
    <property name="surefire.test.class.path" value="/home/runner/work/ozone/ozone/hadoop-ozone/integration-test/target/test-classes:/home/runner/work/ozone/ozone/hadoop-ozone/integration-test/target/classes:/home/runner/.m2/repository/org/apache/ozone/ozone-common/1.5.0-SNAPSHOT/ozone-common-1.5.0-SNAPSHOT.jar:/home/runner/.m2/repository/io/grpc/grpc-netty/1.58.0/grpc-netty-1.58.0.jar:/home/runner/.m2/repository/io/grpc/grpc-core/1.58.0/grpc-core-1.58.0.jar:/home/runner/.m2/repository/com/google/android/annotations/4.1.1.4/annotations-4.1.1.4.jar:/home/runner/.m2/repository/org/codehaus/mojo/animal-sniffer-annotations/1.23/animal-sniffer-annotations-1.23.jar:/home/runner/.m2/repository/io/grpc/grpc-context/1.58.0/grpc-context-1.58.0.jar:/home/runner/.m2/repository/io/grpc/grpc-util/1.58.0/grpc-util-1.58.0.jar:/home/runner/.m2/repository/com/google/errorprone/error_prone_annotations/2.2.0/error_prone_annotations-2.2.0.jar:/home/runner/.m2/repository/io/perfmark/perfmark-api/0.26.0/perfmark-api-0.26.0.jar:/home/runner/.m2/repository/io/netty/netty-codec-http2/4.1.100.Final/netty-codec-http2-4.1.100.Final.jar:/home/runner/.m2/repository/io/netty/netty-common/4.1.100.Final/netty-common-4.1.100.Final.jar:/home/runner/.m2/repository/io/netty/netty-buffer/4.1.100.Final/netty-buffer-4.1.100.Final.jar:/home/runner/.m2/repository/io/netty/netty-codec-http/4.1.100.Final/netty-codec-http-4.1.100.Final.jar:/home/runner/.m2/repository/io/netty/netty-handler-proxy/4.1.100.Final/netty-handler-proxy-4.1.100.Final.jar:/home/runner/.m2/repository/io/netty/netty-codec-socks/4.1.100.Final/netty-codec-socks-4.1.100.Final.jar:/home/runner/.m2/repository/io/netty/netty-tcnative-boringssl-static/2.0.61.Final/netty-tcnative-boringssl-static-2.0.61.Final.jar:/home/runner/.m2/repository/io/netty/netty-tcnative-classes/2.0.61.Final/netty-tcnative-classes-2.0.61.Final.jar:/home/runner/.m2/repository/io/netty/netty-tcnative-boringssl-static/2.0.61.Final/netty-tcnative-boringssl-static-2.0.61.Final-linux-x86_64.jar:/home/runner/.m2/repository/io/netty/netty-tcnative-boringssl-static/2.0.61.Final/netty-tcnative-boringssl-static-2.0.61.Final-linux-aarch_64.jar:/home/runner/.m2/repository/io/netty/netty-tcnative-boringssl-static/2.0.61.Final/netty-tcnative-boringssl-static-2.0.61.Final-osx-x86_64.jar:/home/runner/.m2/repository/io/netty/netty-tcnative-boringssl-static/2.0.61.Final/netty-tcnative-boringssl-static-2.0.61.Final-osx-aarch_64.jar:/home/runner/.m2/repository/io/netty/netty-tcnative-boringssl-static/2.0.61.Final/netty-tcnative-boringssl-static-2.0.61.Final-windows-x86_64.jar:/home/runner/.m2/repository/org/apache/commons/commons-compress/1.26.0/commons-compress-1.26.0.jar:/home/runner/.m2/repository/org/apache/ozone/hdds-common/1.5.0-SNAPSHOT/hdds-common-1.5.0-SNAPSHOT.jar:/home/runner/.m2/repository/org/apache/ozone/hdds-client/1.5.0-SNAPSHOT/hdds-client-1.5.0-SNAPSHOT.jar:/home/runner/.m2/repository/org/apache/ozone/ozone-interface-client/1.5.0-SNAPSHOT/ozone-interface-client-1.5.0-SNAPSHOT.jar:/home/runner/.m2/repository/org/apache/hadoop/hadoop-hdfs-client/3.3.6/hadoop-hdfs-client-3.3.6.jar:/home/runner/.m2/repository/com/squareup/okhttp3/okhttp/4.12.0/okhttp-4.12.0.jar:/home/runner/.m2/repository/com/squareup/okio/okio/3.6.0/okio-3.6.0.jar:/home/runner/.m2/repository/com/squareup/okio/okio-jvm/3.6.0/okio-jvm-3.6.0.jar:/home/runner/.m2/repository/org/jetbrains/kotlin/kotlin-stdlib-jdk8/1.9.22/kotlin-stdlib-jdk8-1.9.22.jar:/home/runner/.m2/repository/org/jetbrains/kotlin/kotlin-stdlib-jdk7/1.9.22/kotlin-stdlib-jdk7-1.9.22.jar:/home/runner/.m2/repository/org/jetbrains/kotlin/kotlin-stdlib-common/1.9.22/kotlin-stdlib-common-1.9.22.jar:/home/runner/.m2/repository/org/apache/ozone/hdds-test-utils/1.5.0-SNAPSHOT/hdds-test-utils-1.5.0-SNAPSHOT.jar:/home/runner/.m2/repository/org/assertj/assertj-core/3.12.2/assertj-core-3.12.2.jar:/home/runner/.m2/repository/com/google/guava/guava/32.0.0-jre/guava-32.0.0-jre.jar:/home/runner/.m2/repository/com/google/guava/failureaccess/1.0.1/failureaccess-1.0.1.jar:/home/runner/.m2/repository/com/google/guava/listenablefuture/9999.0-empty-to-avoid-conflict-with-guava/listenablefuture-9999.0-empty-to-avoid-conflict-with-guava.jar:/home/runner/.m2/repository/org/checkerframework/checker-qual/3.33.0/checker-qual-3.33.0.jar:/home/runner/.m2/repository/com/google/j2objc/j2objc-annotations/2.8/j2objc-annotations-2.8.jar:/home/runner/.m2/repository/commons-io/commons-io/2.15.1/commons-io-2.15.1.jar:/home/runner/.m2/repository/commons-logging/commons-logging/1.2/commons-logging-1.2.jar:/home/runner/.m2/repository/org/junit/jupiter/junit-jupiter-api/5.10.2/junit-jupiter-api-5.10.2.jar:/home/runner/.m2/repository/org/opentest4j/opentest4j/1.3.0/opentest4j-1.3.0.jar:/home/runner/.m2/repository/org/junit/platform/junit-platform-commons/1.10.2/junit-platform-commons-1.10.2.jar:/home/runner/.m2/repository/ch/qos/reload4j/reload4j/1.2.25/reload4j-1.2.25.jar:/home/runner/.m2/repository/jakarta/annotation/jakarta.annotation-api/2.1.1/jakarta.annotation-api-2.1.1.jar:/home/runner/.m2/repository/org/slf4j/slf4j-api/2.0.12/slf4j-api-2.0.12.jar:/home/runner/.m2/repository/org/apache/logging/log4j/log4j-api/2.17.1/log4j-api-2.17.1.jar:/home/runner/.m2/repository/org/apache/ozone/hdds-server-scm/1.5.0-SNAPSHOT/hdds-server-scm-1.5.0-SNAPSHOT.jar:/home/runner/.m2/repository/com/google/protobuf/protobuf-java/2.5.0/protobuf-java-2.5.0.jar:/home/runner/.m2/repository/org/apache/ozone/hdds-container-service/1.5.0-SNAPSHOT/hdds-container-service-1.5.0-SNAPSHOT.jar:/home/runner/.m2/repository/org/apache/ozone/hdds-hadoop-dependency-server/1.5.0-SNAPSHOT/hdds-hadoop-dependency-server-1.5.0-SNAPSHOT.jar:/home/runner/.m2/repository/org/apache/hadoop/hadoop-hdfs/3.3.6/hadoop-hdfs-3.3.6.jar:/home/runner/.m2/repository/commons-daemon/commons-daemon/1.0.13/commons-daemon-1.0.13.jar:/home/runner/.m2/repository/org/xerial/snappy/snappy-java/1.1.10.5/snappy-java-1.1.10.5.jar:/home/runner/.m2/repository/org/apache/ozone/hdds-server-framework/1.5.0-SNAPSHOT/hdds-server-framework-1.5.0-SNAPSHOT.jar:/home/runner/.m2/repository/org/bouncycastle/bcprov-jdk18on/1.77/bcprov-jdk18on-1.77.jar:/home/runner/.m2/repository/io/dropwizard/metrics/metrics-core/3.2.4/metrics-core-3.2.4.jar:/home/runner/.m2/repository/org/apache/commons/commons-text/1.11.0/commons-text-1.11.0.jar:/home/runner/.m2/repository/org/apache/ozone/hdds-server-framework/1.5.0-SNAPSHOT/hdds-server-framework-1.5.0-SNAPSHOT-tests.jar:/home/runner/.m2/repository/org/apache/ozone/hdds-interface-server/1.5.0-SNAPSHOT/hdds-interface-server-1.5.0-SNAPSHOT.jar:/home/runner/.m2/repository/org/apache/ozone/hdds-interface-admin/1.5.0-SNAPSHOT/hdds-interface-admin-1.5.0-SNAPSHOT.jar:/home/runner/.m2/repository/org/apache/ozone/hdds-managed-rocksdb/1.5.0-SNAPSHOT/hdds-managed-rocksdb-1.5.0-SNAPSHOT.jar:/home/runner/.m2/repository/org/rocksdb/rocksdbjni/7.7.3/rocksdbjni-7.7.3.jar:/home/runner/.m2/repository/org/slf4j/slf4j-reload4j/2.0.12/slf4j-reload4j-2.0.12.jar:/home/runner/.m2/repository/org/apache/commons/commons-configuration2/2.8.0/commons-configuration2-2.8.0.jar:/home/runner/.m2/repository/commons-fileupload/commons-fileupload/1.5/commons-fileupload-1.5.jar:/home/runner/.m2/repository/org/apache/logging/log4j/log4j-core/2.17.1/log4j-core-2.17.1.jar:/home/runner/.m2/repository/com/lmax/disruptor/3.4.4/disruptor-3.4.4.jar:/home/runner/.m2/repository/org/eclipse/jetty/jetty-util/9.4.53.v20231009/jetty-util-9.4.53.v20231009.jar:/home/runner/.m2/repository/org/eclipse/jetty/jetty-server/9.4.53.v20231009/jetty-server-9.4.53.v20231009.jar:/home/runner/.m2/repository/org/eclipse/jetty/jetty-http/9.4.53.v20231009/jetty-http-9.4.53.v20231009.jar:/home/runner/.m2/repository/org/eclipse/jetty/jetty-io/9.4.53.v20231009/jetty-io-9.4.53.v20231009.jar:/home/runner/.m2/repository/org/eclipse/jetty/jetty-servlet/9.4.53.v20231009/jetty-servlet-9.4.53.v20231009.jar:/home/runner/.m2/repository/org/eclipse/jetty/jetty-security/9.4.53.v20231009/jetty-security-9.4.53.v20231009.jar:/home/runner/.m2/repository/org/eclipse/jetty/jetty-util-ajax/9.4.53.v20231009/jetty-util-ajax-9.4.53.v20231009.jar:/home/runner/.m2/repository/org/eclipse/jetty/jetty-webapp/9.4.53.v20231009/jetty-webapp-9.4.53.v20231009.jar:/home/runner/.m2/repository/org/eclipse/jetty/jetty-xml/9.4.53.v20231009/jetty-xml-9.4.53.v20231009.jar:/home/runner/.m2/repository/org/apache/ratis/ratis-server/3.0.1/ratis-server-3.0.1.jar:/home/runner/.m2/repository/org/apache/ratis/ratis-thirdparty-misc/1.0.5/ratis-thirdparty-misc-1.0.5.jar:/home/runner/.m2/repository/org/apache/ratis/ratis-proto/3.0.1/ratis-proto-3.0.1.jar:/home/runner/.m2/repository/org/apache/ratis/ratis-common/3.0.1/ratis-common-3.0.1.jar:/home/runner/.m2/repository/org/apache/ratis/ratis-client/3.0.1/ratis-client-3.0.1.jar:/home/runner/.m2/repository/org/apache/ratis/ratis-server-api/3.0.1/ratis-server-api-3.0.1.jar:/home/runner/.m2/repository/org/apache/ratis/ratis-metrics-api/3.0.1/ratis-metrics-api-3.0.1.jar:/home/runner/.m2/repository/org/apache/ratis/ratis-metrics-dropwizard3/3.0.1/ratis-metrics-dropwizard3-3.0.1.jar:/home/runner/.m2/repository/io/prometheus/simpleclient_dropwizard/0.16.0/simpleclient_dropwizard-0.16.0.jar:/home/runner/.m2/repository/io/prometheus/simpleclient/0.16.0/simpleclient-0.16.0.jar:/home/runner/.m2/repository/io/prometheus/simpleclient_common/0.16.0/simpleclient_common-0.16.0.jar:/home/runner/.m2/repository/com/fasterxml/jackson/datatype/jackson-datatype-jsr310/2.16.1/jackson-datatype-jsr310-2.16.1.jar:/home/runner/.m2/repository/com/fasterxml/jackson/core/jackson-core/2.16.1/jackson-core-2.16.1.jar:/home/runner/.m2/repository/org/apache/ozone/rocksdb-checkpoint-differ/1.5.0-SNAPSHOT/rocksdb-checkpoint-differ-1.5.0-SNAPSHOT.jar:/home/runner/.m2/repository/org/jgrapht/jgrapht-core/1.4.0/jgrapht-core-1.4.0.jar:/home/runner/.m2/repository/org/jheaps/jheaps/0.11/jheaps-0.11.jar:/home/runner/.m2/repository/org/jgrapht/jgrapht-ext/1.4.0/jgrapht-ext-1.4.0.jar:/home/runner/.m2/repository/com/github/vlsi/mxgraph/jgraphx/3.9.8.1/jgraphx-3.9.8.1.jar:/home/runner/.m2/repository/org/apache/ozone/ozone-manager/1.5.0-SNAPSHOT/ozone-manager-1.5.0-SNAPSHOT.jar:/home/runner/.m2/repository/org/aspectj/aspectjrt/1.9.7/aspectjrt-1.9.7.jar:/home/runner/.m2/repository/org/aspectj/aspectjweaver/1.9.7/aspectjweaver-1.9.7.jar:/home/runner/.m2/repository/org/apache/ozone/hdds-interface-client/1.5.0-SNAPSHOT/hdds-interface-client-1.5.0-SNAPSHOT.jar:/home/runner/.m2/repository/org/apache/hadoop/thirdparty/hadoop-shaded-protobuf_3_7/1.1.1/hadoop-shaded-protobuf_3_7-1.1.1.jar:/home/runner/.m2/repository/org/apache/ozone/ozone-interface-storage/1.5.0-SNAPSHOT/ozone-interface-storage-1.5.0-SNAPSHOT.jar:/home/runner/.m2/repository/org/reflections/reflections/0.9.11/reflections-0.9.11.jar:/home/runner/.m2/repository/com/sun/jersey/jersey-client/1.19.4/jersey-client-1.19.4.jar:/home/runner/.m2/repository/org/codehaus/jackson/jackson-core-asl/1.9.13/jackson-core-asl-1.9.13.jar:/home/runner/.m2/repository/org/codehaus/jackson/jackson-mapper-asl/1.9.13/jackson-mapper-asl-1.9.13.jar:/home/runner/.m2/repository/org/codehaus/jackson/jackson-jaxrs/1.9.13/jackson-jaxrs-1.9.13.jar:/home/runner/.m2/repository/org/apache/ranger/ranger-intg/2.3.0/ranger-intg-2.3.0.jar:/home/runner/.m2/repository/org/apache/ranger/ranger-plugins-common/2.3.0/ranger-plugins-common-2.3.0.jar:/home/runner/.m2/repository/commons-lang/commons-lang/2.6/commons-lang-2.6.jar:/home/runner/.m2/repository/org/apache/ranger/ranger-plugins-cred/2.3.0/ranger-plugins-cred-2.3.0.jar:/home/runner/.m2/repository/org/apache/ranger/ranger-plugins-audit/2.3.0/ranger-plugins-audit-2.3.0.jar:/home/runner/.m2/repository/org/eclipse/jetty/jetty-client/9.4.53.v20231009/jetty-client-9.4.53.v20231009.jar:/home/runner/.m2/repository/org/apache/httpcomponents/httpmime/4.5.6/httpmime-4.5.6.jar:/home/runner/.m2/repository/org/apache/httpcomponents/httpcore-nio/4.4.16/httpcore-nio-4.4.16.jar:/home/runner/.m2/repository/org/apache/httpcomponents/httpasyncclient/4.1.3/httpasyncclient-4.1.3.jar:/home/runner/.m2/repository/com/carrotsearch/hppc/0.8.0/hppc-0.8.0.jar:/home/runner/.m2/repository/org/apache/orc/orc-core/1.5.8/orc-core-1.5.8.jar:/home/runner/.m2/repository/net/java/dev/jna/jna/5.2.0/jna-5.2.0.jar:/home/runner/.m2/repository/net/java/dev/jna/jna-platform/5.2.0/jna-platform-5.2.0.jar:/home/runner/.m2/repository/com/kstruct/gethostname4j/0.0.2/gethostname4j-0.0.2.jar:/home/runner/.m2/repository/org/apache/ranger/ranger-plugin-classloader/2.3.0/ranger-plugin-classloader-2.3.0.jar:/home/runner/.m2/repository/org/apache/ozone/hdds-rocks-native/1.5.0-SNAPSHOT/hdds-rocks-native-1.5.0-SNAPSHOT.jar:/home/runner/.m2/repository/org/apache/hadoop/hadoop-minikdc/3.3.6/hadoop-minikdc-3.3.6.jar:/home/runner/.m2/repository/org/apache/kerby/kerb-simplekdc/1.0.1/kerb-simplekdc-1.0.1.jar:/home/runner/.m2/repository/org/apache/kerby/kerb-client/1.0.1/kerb-client-1.0.1.jar:/home/runner/.m2/repository/org/apache/kerby/kerby-config/1.0.1/kerby-config-1.0.1.jar:/home/runner/.m2/repository/org/apache/kerby/kerb-common/1.0.1/kerb-common-1.0.1.jar:/home/runner/.m2/repository/org/apache/kerby/kerb-crypto/1.0.1/kerb-crypto-1.0.1.jar:/home/runner/.m2/repository/org/apache/kerby/kerb-util/1.0.1/kerb-util-1.0.1.jar:/home/runner/.m2/repository/org/apache/kerby/token-provider/1.0.1/token-provider-1.0.1.jar:/home/runner/.m2/repository/org/apache/kerby/kerb-admin/1.0.1/kerb-admin-1.0.1.jar:/home/runner/.m2/repository/org/apache/kerby/kerb-server/1.0.1/kerb-server-1.0.1.jar:/home/runner/.m2/repository/org/apache/kerby/kerb-identity/1.0.1/kerb-identity-1.0.1.jar:/home/runner/.m2/repository/org/apache/kerby/kerby-xdr/1.0.1/kerby-xdr-1.0.1.jar:/home/runner/.m2/repository/junit/junit/4.13.2/junit-4.13.2.jar:/home/runner/.m2/repository/org/hamcrest/hamcrest-core/1.3/hamcrest-core-1.3.jar:/home/runner/.m2/repository/org/apache/ozone/ozone-s3gateway/1.5.0-SNAPSHOT/ozone-s3gateway-1.5.0-SNAPSHOT.jar:/home/runner/.m2/repository/org/javassist/javassist/3.21.0-GA/javassist-3.21.0-GA.jar:/home/runner/.m2/repository/org/jboss/weld/servlet/weld-servlet-shaded/3.1.9.Final/weld-servlet-shaded-3.1.9.Final.jar:/home/runner/.m2/repository/org/glassfish/jersey/containers/jersey-container-servlet-core/2.41/jersey-container-servlet-core-2.41.jar:/home/runner/.m2/repository/org/glassfish/hk2/external/jakarta.inject/2.6.1/jakarta.inject-2.6.1.jar:/home/runner/.m2/repository/org/glassfish/jersey/core/jersey-common/2.41/jersey-common-2.41.jar:/home/runner/.m2/repository/jakarta/ws/rs/jakarta.ws.rs-api/2.1.6/jakarta.ws.rs-api-2.1.6.jar:/home/runner/.m2/repository/org/glassfish/jersey/ext/cdi/jersey-cdi1x/2.41/jersey-cdi1x-2.41.jar:/home/runner/.m2/repository/org/glassfish/jersey/inject/jersey-hk2/2.41/jersey-hk2-2.41.jar:/home/runner/.m2/repository/org/glassfish/hk2/hk2-locator/2.6.1/hk2-locator-2.6.1.jar:/home/runner/.m2/repository/org/glassfish/jersey/media/jersey-media-jaxb/2.41/jersey-media-jaxb-2.41.jar:/home/runner/.m2/repository/org/glassfish/hk2/osgi-resource-locator/1.0.3/osgi-resource-locator-1.0.3.jar:/home/runner/.m2/repository/org/glassfish/hk2/hk2-api/2.6.1/hk2-api-2.6.1.jar:/home/runner/.m2/repository/org/glassfish/hk2/hk2-utils/2.6.1/hk2-utils-2.6.1.jar:/home/runner/.m2/repository/org/glassfish/hk2/external/aopalliance-repackaged/2.6.1/aopalliance-repackaged-2.6.1.jar:/home/runner/.m2/repository/com/fasterxml/jackson/dataformat/jackson-dataformat-xml/2.16.1/jackson-dataformat-xml-2.16.1.jar:/home/runner/.m2/repository/org/codehaus/woodstox/stax2-api/4.2.2/stax2-api-4.2.2.jar:/home/runner/.m2/repository/com/fasterxml/woodstox/woodstox-core/5.4.0/woodstox-core-5.4.0.jar:/home/runner/.m2/repository/com/fasterxml/jackson/module/jackson-module-jaxb-annotations/2.16.1/jackson-module-jaxb-annotations-2.16.1.jar:/home/runner/.m2/repository/javax/enterprise/cdi-api/2.0/cdi-api-2.0.jar:/home/runner/.m2/repository/javax/el/javax.el-api/3.0.0/javax.el-api-3.0.0.jar:/home/runner/.m2/repository/javax/interceptor/javax.interceptor-api/1.2/javax.interceptor-api-1.2.jar:/home/runner/.m2/repository/javax/inject/javax.inject/1/javax.inject-1.jar:/home/runner/.m2/repository/jakarta/xml/bind/jakarta.xml.bind-api/2.3.3/jakarta.xml.bind-api-2.3.3.jar:/home/runner/.m2/repository/org/glassfish/jaxb/jaxb-runtime/2.3.9/jaxb-runtime-2.3.9.jar:/home/runner/.m2/repository/org/glassfish/jaxb/txw2/2.3.9/txw2-2.3.9.jar:/home/runner/.m2/repository/com/sun/istack/istack-commons-runtime/3.0.12/istack-commons-runtime-3.0.12.jar:/home/runner/.m2/repository/com/sun/activation/jakarta.activation/1.2.2/jakarta.activation-1.2.2.jar:/home/runner/.m2/repository/jakarta/activation/jakarta.activation-api/1.2.2/jakarta.activation-api-1.2.2.jar:/home/runner/.m2/repository/io/grpc/grpc-protobuf/1.58.0/grpc-protobuf-1.58.0.jar:/home/runner/.m2/repository/com/google/api/grpc/proto-google-common-protos/2.22.0/proto-google-common-protos-2.22.0.jar:/home/runner/.m2/repository/io/grpc/grpc-protobuf-lite/1.58.0/grpc-protobuf-lite-1.58.0.jar:/home/runner/.m2/repository/io/grpc/grpc-stub/1.58.0/grpc-stub-1.58.0.jar:/home/runner/.m2/repository/io/netty/netty-transport/4.1.100.Final/netty-transport-4.1.100.Final.jar:/home/runner/.m2/repository/io/netty/netty-resolver/4.1.100.Final/netty-resolver-4.1.100.Final.jar:/home/runner/.m2/repository/org/apache/ozone/ozone-csi/1.5.0-SNAPSHOT/ozone-csi-1.5.0-SNAPSHOT.jar:/home/runner/.m2/repository/com/google/protobuf/protobuf-java-util/3.19.6/protobuf-java-util-3.19.6.jar:/home/runner/.m2/repository/com/google/code/gson/gson/2.9.0/gson-2.9.0.jar:/home/runner/.m2/repository/org/apache/ozone/hdds-config/1.5.0-SNAPSHOT/hdds-config-1.5.0-SNAPSHOT.jar:/home/runner/.m2/repository/io/netty/netty-transport-native-epoll/4.1.100.Final/netty-transport-native-epoll-4.1.100.Final-linux-x86_64.jar:/home/runner/.m2/repository/io/netty/netty-transport-classes-epoll/4.1.100.Final/netty-transport-classes-epoll-4.1.100.Final.jar:/home/runner/.m2/repository/io/netty/netty-transport-native-unix-common/4.1.100.Final/netty-transport-native-unix-common-4.1.100.Final.jar:/home/runner/.m2/repository/org/apache/ozone/ozone-recon/1.5.0-SNAPSHOT/ozone-recon-1.5.0-SNAPSHOT.jar:/home/runner/.m2/repository/org/apache/ozone/ozone-reconcodegen/1.5.0-SNAPSHOT/ozone-reconcodegen-1.5.0-SNAPSHOT.jar:/home/runner/.m2/repository/com/google/inject/guice/6.0.0/guice-6.0.0.jar:/home/runner/.m2/repository/jakarta/inject/jakarta.inject-api/2.0.1/jakarta.inject-api-2.0.1.jar:/home/runner/.m2/repository/aopalliance/aopalliance/1.0/aopalliance-1.0.jar:/home/runner/.m2/repository/com/google/inject/extensions/guice-assistedinject/6.0.0/guice-assistedinject-6.0.0.jar:/home/runner/.m2/repository/com/google/inject/extensions/guice-servlet/6.0.0/guice-servlet-6.0.0.jar:/home/runner/.m2/repository/org/glassfish/jersey/containers/jersey-container-servlet/2.41/jersey-container-servlet-2.41.jar:/home/runner/.m2/repository/org/glassfish/hk2/guice-bridge/2.6.1/guice-bridge-2.6.1.jar:/home/runner/.m2/repository/org/glassfish/jersey/core/jersey-server/2.41/jersey-server-2.41.jar:/home/runner/.m2/repository/org/glassfish/jersey/core/jersey-client/2.41/jersey-client-2.41.jar:/home/runner/.m2/repository/jakarta/validation/jakarta.validation-api/2.0.2/jakarta.validation-api-2.0.2.jar:/home/runner/.m2/repository/org/glassfish/jersey/media/jersey-media-json-jackson/2.41/jersey-media-json-jackson-2.41.jar:/home/runner/.m2/repository/org/glassfish/jersey/ext/jersey-entity-filtering/2.41/jersey-entity-filtering-2.41.jar:/home/runner/.m2/repository/org/jooq/jooq/3.11.10/jooq-3.11.10.jar:/home/runner/.m2/repository/org/jooq/jooq-meta/3.11.10/jooq-meta-3.11.10.jar:/home/runner/.m2/repository/org/jooq/jooq-codegen/3.11.10/jooq-codegen-3.11.10.jar:/home/runner/.m2/repository/com/jolbox/bonecp/0.8.0.RELEASE/bonecp-0.8.0.RELEASE.jar:/home/runner/.m2/repository/org/apache/derby/derby/10.14.2.0/derby-10.14.2.0.jar:/home/runner/.m2/repository/org/xerial/sqlite-jdbc/3.44.1.0/sqlite-jdbc-3.44.1.0.jar:/home/runner/.m2/repository/org/springframework/spring-jdbc/5.3.27/spring-jdbc-5.3.27.jar:/home/runner/.m2/repository/org/springframework/spring-beans/5.3.27/spring-beans-5.3.27.jar:/home/runner/.m2/repository/org/springframework/spring-core/5.3.27/spring-core-5.3.27.jar:/home/runner/.m2/repository/org/springframework/spring-tx/5.3.27/spring-tx-5.3.27.jar:/home/runner/.m2/repository/org/apache/ozone/ozone-client/1.5.0-SNAPSHOT/ozone-client-1.5.0-SNAPSHOT.jar:/home/runner/.m2/repository/org/apache/ozone/hdds-erasurecode/1.5.0-SNAPSHOT/hdds-erasurecode-1.5.0-SNAPSHOT.jar:/home/runner/.m2/repository/org/apache/ozone/ozone-filesystem/1.5.0-SNAPSHOT/ozone-filesystem-1.5.0-SNAPSHOT.jar:/home/runner/.m2/repository/org/apache/ozone/ozone-filesystem-common/1.5.0-SNAPSHOT/ozone-filesystem-common-1.5.0-SNAPSHOT.jar:/home/runner/.m2/repository/org/apache/ozone/ozone-tools/1.5.0-SNAPSHOT/ozone-tools-1.5.0-SNAPSHOT.jar:/home/runner/.m2/repository/com/amazonaws/aws-java-sdk-core/1.12.661/aws-java-sdk-core-1.12.661.jar:/home/runner/.m2/repository/org/apache/httpcomponents/httpclient/4.5.14/httpclient-4.5.14.jar:/home/runner/.m2/repository/org/apache/httpcomponents/httpcore/4.4.16/httpcore-4.4.16.jar:/home/runner/.m2/repository/com/fasterxml/jackson/dataformat/jackson-dataformat-cbor/2.16.1/jackson-dataformat-cbor-2.16.1.jar:/home/runner/.m2/repository/joda-time/joda-time/2.12.7/joda-time-2.12.7.jar:/home/runner/.m2/repository/com/amazonaws/aws-java-sdk-s3/1.12.661/aws-java-sdk-s3-1.12.661.jar:/home/runner/.m2/repository/com/amazonaws/aws-java-sdk-kms/1.12.661/aws-java-sdk-kms-1.12.661.jar:/home/runner/.m2/repository/com/amazonaws/jmespath-java/1.12.661/jmespath-java-1.12.661.jar:/home/runner/.m2/repository/org/kohsuke/metainf-services/metainf-services/1.11/metainf-services-1.11.jar:/home/runner/.m2/repository/org/apache/ozone/hdds-tools/1.5.0-SNAPSHOT/hdds-tools-1.5.0-SNAPSHOT.jar:/home/runner/.m2/repository/org/apache/ratis/ratis-tools/3.0.1/ratis-tools-3.0.1.jar:/home/runner/.m2/repository/commons-cli/commons-cli/1.6.0/commons-cli-1.6.0.jar:/home/runner/.m2/repository/org/apache/commons/commons-lang3/3.14.0/commons-lang3-3.14.0.jar:/home/runner/.m2/repository/org/apache/ozone/ozone-manager/1.5.0-SNAPSHOT/ozone-manager-1.5.0-SNAPSHOT-tests.jar:/home/runner/.m2/repository/org/apache/ozone/hdds-common/1.5.0-SNAPSHOT/hdds-common-1.5.0-SNAPSHOT-tests.jar:/home/runner/.m2/repository/org/apache/ozone/hdds-hadoop-dependency-client/1.5.0-SNAPSHOT/hdds-hadoop-dependency-client-1.5.0-SNAPSHOT.jar:/home/runner/.m2/repository/info/picocli/picocli/4.7.5/picocli-4.7.5.jar:/home/runner/.m2/repository/com/fasterxml/jackson/core/jackson-annotations/2.16.1/jackson-annotations-2.16.1.jar:/home/runner/.m2/repository/org/apache/ozone/hdds-annotation-processing/1.5.0-SNAPSHOT/hdds-annotation-processing-1.5.0-SNAPSHOT.jar:/home/runner/.m2/repository/javax/annotation/javax.annotation-api/1.3.2/javax.annotation-api-1.3.2.jar:/home/runner/.m2/repository/org/apache/ratis/ratis-netty/3.0.1/ratis-netty-3.0.1.jar:/home/runner/.m2/repository/org/apache/ratis/ratis-grpc/3.0.1/ratis-grpc-3.0.1.jar:/home/runner/.m2/repository/org/bouncycastle/bcpkix-jdk18on/1.77/bcpkix-jdk18on-1.77.jar:/home/runner/.m2/repository/org/bouncycastle/bcutil-jdk18on/1.77/bcutil-jdk18on-1.77.jar:/home/runner/.m2/repository/commons-validator/commons-validator/1.6/commons-validator-1.6.jar:/home/runner/.m2/repository/commons-beanutils/commons-beanutils/1.9.4/commons-beanutils-1.9.4.jar:/home/runner/.m2/repository/commons-digester/commons-digester/1.8.1/commons-digester-1.8.1.jar:/home/runner/.m2/repository/commons-collections/commons-collections/3.2.2/commons-collections-3.2.2.jar:/home/runner/.m2/repository/io/jaegertracing/jaeger-client/1.8.1/jaeger-client-1.8.1.jar:/home/runner/.m2/repository/io/jaegertracing/jaeger-thrift/1.8.1/jaeger-thrift-1.8.1.jar:/home/runner/.m2/repository/org/apache/thrift/libthrift/0.15.0/libthrift-0.15.0.jar:/home/runner/.m2/repository/io/jaegertracing/jaeger-core/1.8.1/jaeger-core-1.8.1.jar:/home/runner/.m2/repository/io/jaegertracing/jaeger-tracerresolver/1.8.1/jaeger-tracerresolver-1.8.1.jar:/home/runner/.m2/repository/io/opentracing/contrib/opentracing-tracerresolver/0.1.8/opentracing-tracerresolver-0.1.8.jar:/home/runner/.m2/repository/org/jetbrains/kotlin/kotlin-stdlib/1.9.22/kotlin-stdlib-1.9.22.jar:/home/runner/.m2/repository/org/jetbrains/annotations/13.0/annotations-13.0.jar:/home/runner/.m2/repository/io/opentracing/opentracing-util/0.33.0/opentracing-util-0.33.0.jar:/home/runner/.m2/repository/io/opentracing/opentracing-api/0.33.0/opentracing-api-0.33.0.jar:/home/runner/.m2/repository/io/opentracing/opentracing-noop/0.33.0/opentracing-noop-0.33.0.jar:/home/runner/.m2/repository/org/yaml/snakeyaml/2.0/snakeyaml-2.0.jar:/home/runner/.m2/repository/io/grpc/grpc-api/1.58.0/grpc-api-1.58.0.jar:/home/runner/.m2/repository/org/junit/jupiter/junit-jupiter-engine/5.10.2/junit-jupiter-engine-5.10.2.jar:/home/runner/.m2/repository/org/junit/platform/junit-platform-engine/1.10.2/junit-platform-engine-1.10.2.jar:/home/runner/.m2/repository/org/apiguardian/apiguardian-api/1.1.2/apiguardian-api-1.1.2.jar:/home/runner/.m2/repository/org/junit/platform/junit-platform-launcher/1.10.2/junit-platform-launcher-1.10.2.jar:/home/runner/.m2/repository/org/apache/hadoop/hadoop-kms/3.3.6/hadoop-kms-3.3.6.jar:/home/runner/.m2/repository/org/apache/hadoop/hadoop-auth/3.3.6/hadoop-auth-3.3.6.jar:/home/runner/.m2/repository/com/nimbusds/nimbus-jose-jwt/9.8.1/nimbus-jose-jwt-9.8.1.jar:/home/runner/.m2/repository/com/github/stephenc/jcip/jcip-annotations/1.0-1/jcip-annotations-1.0-1.jar:/home/runner/.m2/repository/org/apache/zookeeper/zookeeper/3.7.2/zookeeper-3.7.2.jar:/home/runner/.m2/repository/org/apache/zookeeper/zookeeper-jute/3.7.2/zookeeper-jute-3.7.2.jar:/home/runner/.m2/repository/org/apache/yetus/audience-annotations/0.12.0/audience-annotations-0.12.0.jar:/home/runner/.m2/repository/org/apache/curator/curator-framework/4.2.0/curator-framework-4.2.0.jar:/home/runner/.m2/repository/org/apache/hadoop/thirdparty/hadoop-shaded-guava/1.1.1/hadoop-shaded-guava-1.1.1.jar:/home/runner/.m2/repository/com/sun/jersey/jersey-core/1.19.4/jersey-core-1.19.4.jar:/home/runner/.m2/repository/javax/ws/rs/jsr311-api/1.1.1/jsr311-api-1.1.1.jar:/home/runner/.m2/repository/com/sun/jersey/jersey-server/1.19.4/jersey-server-1.19.4.jar:/home/runner/.m2/repository/javax/servlet/javax.servlet-api/3.1.0/javax.servlet-api-3.1.0.jar:/home/runner/.m2/repository/org/apache/hadoop/hadoop-common/3.3.6/hadoop-common-3.3.6.jar:/home/runner/.m2/repository/org/apache/commons/commons-math3/3.6.1/commons-math3-3.6.1.jar:/home/runner/.m2/repository/commons-net/commons-net/3.10.0/commons-net-3.10.0.jar:/home/runner/.m2/repository/com/sun/jersey/jersey-servlet/1.19.4/jersey-servlet-1.19.4.jar:/home/runner/.m2/repository/com/github/pjfanning/jersey-json/1.20/jersey-json-1.20.jar:/home/runner/.m2/repository/org/codehaus/jettison/jettison/1.1/jettison-1.1.jar:/home/runner/.m2/repository/com/sun/xml/bind/jaxb-impl/2.2.3-1/jaxb-impl-2.2.3-1.jar:/home/runner/.m2/repository/com/google/re2j/re2j/1.7/re2j-1.7.jar:/home/runner/.m2/repository/com/jcraft/jsch/0.1.54/jsch-0.1.54.jar:/home/runner/.m2/repository/org/apache/curator/curator-client/4.2.0/curator-client-4.2.0.jar:/home/runner/.m2/repository/org/apache/curator/curator-recipes/5.2.0/curator-recipes-5.2.0.jar:/home/runner/.m2/repository/com/google/code/findbugs/jsr305/3.0.2/jsr305-3.0.2.jar:/home/runner/.m2/repository/org/apache/kerby/kerb-core/1.0.1/kerb-core-1.0.1.jar:/home/runner/.m2/repository/org/apache/kerby/kerby-pkix/1.0.1/kerby-pkix-1.0.1.jar:/home/runner/.m2/repository/org/apache/kerby/kerby-asn1/1.0.1/kerby-asn1-1.0.1.jar:/home/runner/.m2/repository/org/apache/kerby/kerby-util/1.0.1/kerby-util-1.0.1.jar:/home/runner/.m2/repository/dnsjava/dnsjava/2.1.7/dnsjava-2.1.7.jar:/home/runner/.m2/repository/com/fasterxml/jackson/core/jackson-databind/2.16.1/jackson-databind-2.16.1.jar:/home/runner/.m2/repository/org/apache/hadoop/hadoop-kms/3.3.6/hadoop-kms-3.3.6-tests.jar:/home/runner/.m2/repository/org/apache/ozone/hdds-server-scm/1.5.0-SNAPSHOT/hdds-server-scm-1.5.0-SNAPSHOT-tests.jar:/home/runner/.m2/repository/org/apache/ozone/hdds-container-service/1.5.0-SNAPSHOT/hdds-container-service-1.5.0-SNAPSHOT-tests.jar:/home/runner/.m2/repository/com/github/luben/zstd-jni/1.5.2-5/zstd-jni-1.5.2-5.jar:/home/runner/.m2/repository/commons-codec/commons-codec/1.15/commons-codec-1.15.jar:/home/runner/.m2/repository/io/netty/netty-codec/4.1.100.Final/netty-codec-4.1.100.Final.jar:/home/runner/.m2/repository/io/netty/netty-handler/4.1.100.Final/netty-handler-4.1.100.Final.jar:/home/runner/.m2/repository/org/apache/ozone/hdds-hadoop-dependency-test/1.5.0-SNAPSHOT/hdds-hadoop-dependency-test-1.5.0-SNAPSHOT.jar:/home/runner/.m2/repository/org/apache/hadoop/hadoop-common/3.3.6/hadoop-common-3.3.6-tests.jar:/home/runner/.m2/repository/org/apache/hadoop/hadoop-hdfs/3.3.6/hadoop-hdfs-3.3.6-tests.jar:/home/runner/.m2/repository/org/junit/jupiter/junit-jupiter-params/5.10.2/junit-jupiter-params-5.10.2.jar:/home/runner/.m2/repository/org/mockito/mockito-core/4.11.0/mockito-core-4.11.0.jar:/home/runner/.m2/repository/net/bytebuddy/byte-buddy/1.12.19/byte-buddy-1.12.19.jar:/home/runner/.m2/repository/net/bytebuddy/byte-buddy-agent/1.12.19/byte-buddy-agent-1.12.19.jar:/home/runner/.m2/repository/org/objenesis/objenesis/3.3/objenesis-3.3.jar:/home/runner/.m2/repository/org/mockito/mockito-junit-jupiter/4.11.0/mockito-junit-jupiter-4.11.0.jar:/home/runner/.m2/repository/org/apache/hadoop/hadoop-distcp/3.3.6/hadoop-distcp-3.3.6.jar:/home/runner/.m2/repository/org/apache/hadoop/hadoop-mapreduce-client-jobclient/3.3.6/hadoop-mapreduce-client-jobclient-3.3.6.jar:/home/runner/.m2/repository/org/apache/hadoop/hadoop-mapreduce-client-common/3.3.6/hadoop-mapreduce-client-common-3.3.6.jar:/home/runner/.m2/repository/org/apache/hadoop/hadoop-yarn-common/3.3.6/hadoop-yarn-common-3.3.6.jar:/home/runner/.m2/repository/org/apache/hadoop/hadoop-yarn-api/3.3.6/hadoop-yarn-api-3.3.6.jar:/home/runner/.m2/repository/javax/xml/bind/jaxb-api/2.2.11/jaxb-api-2.2.11.jar:/home/runner/.m2/repository/com/sun/jersey/contribs/jersey-guice/1.19.4/jersey-guice-1.19.4.jar:/home/runner/.m2/repository/com/fasterxml/jackson/jaxrs/jackson-jaxrs-json-provider/2.16.1/jackson-jaxrs-json-provider-2.16.1.jar:/home/runner/.m2/repository/com/fasterxml/jackson/jaxrs/jackson-jaxrs-base/2.16.1/jackson-jaxrs-base-2.16.1.jar:/home/runner/.m2/repository/org/apache/hadoop/hadoop-yarn-client/3.3.6/hadoop-yarn-client-3.3.6.jar:/home/runner/.m2/repository/org/eclipse/jetty/websocket/websocket-client/9.4.51.v20230217/websocket-client-9.4.51.v20230217.jar:/home/runner/.m2/repository/org/eclipse/jetty/websocket/websocket-common/9.4.51.v20230217/websocket-common-9.4.51.v20230217.jar:/home/runner/.m2/repository/org/eclipse/jetty/websocket/websocket-api/9.4.51.v20230217/websocket-api-9.4.51.v20230217.jar:/home/runner/.m2/repository/org/jline/jline/3.9.0/jline-3.9.0.jar:/home/runner/.m2/repository/org/apache/hadoop/hadoop-mapreduce-client-core/3.3.6/hadoop-mapreduce-client-core-3.3.6.jar:/home/runner/.m2/repository/org/apache/avro/avro/1.7.7/avro-1.7.7.jar:/home/runner/.m2/repository/com/thoughtworks/paranamer/paranamer/2.3/paranamer-2.3.jar:/home/runner/.m2/repository/org/apache/hadoop/hadoop-annotations/3.3.6/hadoop-annotations-3.3.6.jar:/usr/lib/jvm/temurin-8-jdk-amd64/jre/../lib/tools.jar:/home/runner/.m2/repository/io/netty/netty/3.10.6.Final/netty-3.10.6.Final.jar:/home/runner/.m2/repository/org/apache/hadoop/hadoop-distcp/3.3.6/hadoop-distcp-3.3.6-tests.jar:/home/runner/.m2/repository/org/hamcrest/hamcrest/2.2/hamcrest-2.2.jar:/home/runner/.m2/repository/org/slf4j/jul-to-slf4j/2.0.12/jul-to-slf4j-2.0.12.jar:/home/runner/work/ozone/ozone/hadoop-ozone/integration-test/target/gradle-enterprise/test-listeners.jar:"/>
    <property name="sun.cpu.endian" value="little"/>
    <property name="user.home" value="/home/runner"/>
    <property name="user.language" value="en"/>
    <property name="java.specification.vendor" value="Oracle Corporation"/>
    <property name="java.home" value="/usr/lib/jvm/temurin-8-jdk-amd64/jre"/>
    <property name="java.security.krb5.conf" value="/home/runner/work/ozone/ozone/hadoop-ozone/integration-test/target/test-classes/krb5.conf"/>
    <property name="file.separator" value="/"/>
    <property name="basedir" value="/home/runner/work/ozone/ozone/hadoop-ozone/integration-test"/>
    <property name="line.separator" value="&#10;"/>
    <property name="java.vm.specification.vendor" value="Oracle Corporation"/>
    <property name="java.specification.name" value="Java Platform API Specification"/>
    <property name="skip.installnpx" value="true"/>
    <property name="java.awt.graphicsenv" value="sun.awt.X11GraphicsEnvironment"/>
    <property name="surefire.real.class.path" value="/home/runner/work/ozone/ozone/hadoop-ozone/integration-test/target/surefire/surefirebooter5543910846108977355.jar:/home/runner/.m2/repository/org/jacoco/org.jacoco.agent/0.8.11/org.jacoco.agent-0.8.11-runtime.jar"/>
    <property name="sun.boot.class.path" value="/usr/lib/jvm/temurin-8-jdk-amd64/jre/lib/resources.jar:/usr/lib/jvm/temurin-8-jdk-amd64/jre/lib/rt.jar:/usr/lib/jvm/temurin-8-jdk-amd64/jre/lib/sunrsasign.jar:/usr/lib/jvm/temurin-8-jdk-amd64/jre/lib/jsse.jar:/usr/lib/jvm/temurin-8-jdk-amd64/jre/lib/jce.jar:/usr/lib/jvm/temurin-8-jdk-amd64/jre/lib/charsets.jar:/usr/lib/jvm/temurin-8-jdk-amd64/jre/lib/jfr.jar:/usr/lib/jvm/temurin-8-jdk-amd64/jre/classes"/>
    <property name="hadoop.log.dir" value="/home/runner/work/ozone/ozone/hadoop-ozone/integration-test/target/log"/>
    <property name="sun.management.compiler" value="HotSpot 64-Bit Tiered Compilers"/>
    <property name="java.runtime.version" value="1.8.0_402-b06"/>
    <property name="skip.npx" value="true"/>
    <property name="user.name" value="runner"/>
    <property name="java.net.preferIPv4Stack" value="true"/>
    <property name="path.separator" value=":"/>
    <property name="java.security.egd" value="file:///dev/urandom"/>
    <property name="os.version" value="5.15.0-1058-azure"/>
    <property name="java.endorsed.dirs" value="/usr/lib/jvm/temurin-8-jdk-amd64/jre/lib/endorsed"/>
    <property name="java.runtime.name" value="OpenJDK Runtime Environment"/>
    <property name="com.gradle.maven.scan.extension.test.listener.junitplatform.NestedExecutionSafeDelegatingTestExecutionListener" value="2e005c4b"/>
    <property name="file.encoding" value="UTF-8"/>
    <property name="java.vm.name" value="OpenJDK 64-Bit Server VM"/>
    <property name="test.build.webapps" value=""/>
    <property name="localRepository" value="/home/runner/.m2/repository"/>
    <property name="gradle.enterprise.listener.port" value="40033"/>
    <property name="jetty.git.hash" value="27bde00a0b95a1d5bbee0eae7984f891d2d0f8c9"/>
    <property name="java.vendor.url.bug" value="https://github.com/adoptium/adoptium-support/issues"/>
    <property name="require.test.libhadoop" value=""/>
    <property name="java.io.tmpdir" value="/tmp"/>
    <property name="java.version" value="1.8.0_402"/>
    <property name="user.dir" value="/home/runner/work/ozone/ozone/hadoop-ozone/integration-test"/>
    <property name="os.arch" value="amd64"/>
    <property name="test.build.classes" value="/home/runner/work/ozone/ozone/hadoop-ozone/integration-test/target/test-classes"/>
    <property name="java.vm.specification.name" value="Java Virtual Machine Specification"/>
    <property name="java.awt.printerjob" value="sun.print.PSPrinterJob"/>
    <property name="sun.os.patch.level" value="unknown"/>
    <property name="org.apache.ratis.thirdparty.io.netty.allocator.useCacheForAllThreads" value="false"/>
    <property name="hadoop.tmp.dir" value="/home/runner/work/ozone/ozone/hadoop-ozone/integration-test/target/tmp"/>
    <property name="java.library.path" value="/usr/java/packages/lib/amd64:/usr/lib64:/lib64:/lib:/usr/lib"/>
    <property name="java.vendor" value="Temurin"/>
    <property name="java.vm.info" value="mixed mode"/>
    <property name="java.vm.version" value="25.402-b06"/>
    <property name="java.specification.maintenance.version" value="5"/>
    <property name="sun.io.unicode.encoding" value="UnicodeLittle"/>
    <property name="java.ext.dirs" value="/usr/lib/jvm/temurin-8-jdk-amd64/jre/lib/ext:/usr/java/packages/lib/ext"/>
    <property name="java.class.version" value="52.0"/>
  </properties>
  <testcase name="" classname="org.apache.hadoop.ozone.fsck.TestContainerMapper" time="25.177">
    <error type="java.io.IOException"><![CDATA[java.io.IOException: java.lang.IllegalStateException: only the first buffer can be released: expected == ChunkBufferImplWithByteBuffer:limit=1048576@1 but computed == ChunkBufferImplWithByteBuffer:limit=1048576@1
	at org.apache.hadoop.ozone.client.io.KeyOutputStream.handleWrite(KeyOutputStream.java:238)
	at org.apache.hadoop.ozone.client.io.KeyOutputStream.write(KeyOutputStream.java:208)
	at org.apache.hadoop.ozone.client.io.OzoneOutputStream.write(OzoneOutputStream.java:94)
	at org.apache.hadoop.ozone.fsck.TestContainerMapper.init(TestContainerMapper.java:113)
	at java.lang.reflect.Method.invoke(Method.java:498)
	at java.util.ArrayList.forEach(ArrayList.java:1259)
Caused by: java.lang.IllegalStateException: only the first buffer can be released: expected == ChunkBufferImplWithByteBuffer:limit=1048576@1 but computed == ChunkBufferImplWithByteBuffer:limit=1048576@1
	at org.apache.ratis.util.Preconditions.assertTrue(Preconditions.java:76)
	at org.apache.ratis.util.Preconditions.assertSame(Preconditions.java:86)
	at org.apache.hadoop.hdds.scm.storage.BufferPool.releaseBuffer(BufferPool.java:101)
	at org.apache.hadoop.hdds.scm.storage.CommitWatcher.releaseBuffers(CommitWatcher.java:60)
	at java.util.stream.ForEachOps$ForEachOp$OfRef.accept(ForEachOps.java:183)
	at java.util.stream.ReferencePipeline$2$1.accept(ReferencePipeline.java:175)
	at java.util.concurrent.ConcurrentSkipListMap$KeySpliterator.forEachRemaining(ConcurrentSkipListMap.java:3358)
	at java.util.stream.AbstractPipeline.copyInto(AbstractPipeline.java:482)
	at java.util.stream.AbstractPipeline.wrapAndCopyInto(AbstractPipeline.java:472)
	at java.util.stream.ForEachOps$ForEachOp.evaluateSequential(ForEachOps.java:150)
	at java.util.stream.ForEachOps$ForEachOp$OfRef.evaluateSequential(ForEachOps.java:173)
	at java.util.stream.AbstractPipeline.evaluate(AbstractPipeline.java:234)
	at java.util.stream.ReferencePipeline.forEach(ReferencePipeline.java:485)
	at org.apache.hadoop.hdds.scm.storage.AbstractCommitWatcher.adjustBuffers(AbstractCommitWatcher.java:172)
	at org.apache.hadoop.hdds.scm.storage.AbstractCommitWatcher.watchForCommit(AbstractCommitWatcher.java:149)
	at org.apache.hadoop.hdds.scm.storage.AbstractCommitWatcher.watchOnFirstIndex(AbstractCommitWatcher.java:104)
	at org.apache.hadoop.hdds.scm.storage.RatisBlockOutputStream.sendWatchForCommit(RatisBlockOutputStream.java:106)
	at org.apache.hadoop.hdds.scm.storage.BlockOutputStream.watchForCommit(BlockOutputStream.java:418)
	at org.apache.hadoop.hdds.scm.storage.BlockOutputStream.waitForFlushAndCommit(BlockOutputStream.java:389)
	at org.apache.hadoop.hdds.scm.storage.BlockOutputStream.handleFullBuffer(BlockOutputStream.java:376)
	at org.apache.hadoop.hdds.scm.storage.BlockOutputStream.doFlushOrWatchIfNeeded(BlockOutputStream.java:310)
	at org.apache.hadoop.hdds.scm.storage.BlockOutputStream.write(BlockOutputStream.java:294)
	at org.apache.hadoop.ozone.client.io.BlockOutputStreamEntry.write(BlockOutputStreamEntry.java:137)
	at org.apache.hadoop.ozone.client.io.KeyOutputStream.writeToOutputStream(KeyOutputStream.java:250)
	at org.apache.hadoop.ozone.client.io.KeyOutputStream.handleWrite(KeyOutputStream.java:228)
	... 5 more
]]></error>
    <system-out><![CDATA[2024-03-18 17:36:45,231 [main] WARN  server.ServerUtils (ServerUtils.java:getScmDbDir(143)) - ozone.scm.db.dirs is not configured. We recommend adding this setting. Falling back to ozone.metadata.dirs instead.
2024-03-18 17:36:45,548 [main] WARN  server.ServerUtils (ServerUtils.java:getScmDbDir(143)) - ozone.scm.db.dirs is not configured. We recommend adding this setting. Falling back to ozone.metadata.dirs instead.
2024-03-18 17:36:45,553 [main] INFO  ha.SCMHANodeDetails (SCMHANodeDetails.java:loadSCMHAConfig(207)) - ServiceID for StorageContainerManager is null
2024-03-18 17:36:45,561 [main] WARN  ha.SCMHANodeDetails (SCMHANodeDetails.java:validateSCMHAConfig(180)) - Default/Configured value of config ozone.scm.ratis.enable conflicts with the expected value. Default/Configured: true. Expected: false. Falling back to the expected value. Current State of SCM: SCM is running without Ratis. Ratis SCM -> Non Ratis SCM is not supported.
2024-03-18 17:36:45,562 [main] INFO  ha.SCMHANodeDetails (SCMHANodeDetails.java:loadSCMHAConfig(212)) - ozone.scm.default.service.id is not defined, falling back to ozone.scm.service.ids to find serviceID for StorageContainerManager if it is HA enabled cluster
2024-03-18 17:36:46,175 [main] WARN  utils.HAUtils (HAUtils.java:getMetaDir(339)) - ozone.scm.db.dirs is not configured. We recommend adding this setting. Falling back to ozone.metadata.dirs instead.
2024-03-18 17:36:46,285 [main] WARN  db.DBStoreBuilder (DBStoreBuilder.java:applyDBDefinition(171)) - ozone.scm.db.dirs is not configured. We recommend adding this setting. Falling back to ozone.metadata.dirs instead.
2024-03-18 17:36:46,296 [main] INFO  utils.LeakDetector (LeakDetector.java:start(73)) - Starting leak detector thread ManagedRocksObject0.
2024-03-18 17:36:46,480 [main] INFO  net.NodeSchemaLoader (NodeSchemaLoader.java:loadSchemaFromFile(129)) - Loading schema from [jar:file:/home/runner/.m2/repository/org/apache/ozone/hdds-common/1.5.0-SNAPSHOT/hdds-common-1.5.0-SNAPSHOT.jar!/network-topology-default.xml]
2024-03-18 17:36:46,482 [main] INFO  net.NodeSchemaLoader (NodeSchemaLoader.java:loadSchema(176)) - Loading network topology layer schema file
2024-03-18 17:36:46,524 [main] INFO  metrics.MetricRegistries (MetricRegistriesLoader.java:load(64)) - Loaded MetricRegistries class org.apache.ratis.metrics.dropwizard3.Dm3MetricRegistriesImpl
2024-03-18 17:36:46,546 [main] INFO  upgrade.AbstractLayoutVersionManager (AbstractLayoutVersionManager.java:init(83)) - Initializing Layout version manager with metadata layout = HADOOP_PRC_PORTS_IN_DATANODEDETAILS (version = 7), software layout = HADOOP_PRC_PORTS_IN_DATANODEDETAILS (version = 7)
2024-03-18 17:36:46,694 [main] INFO  ha.SequenceIdGenerator (SequenceIdGenerator.java:upgradeToSequenceId(370)) - upgrade localId to 113750153625600000
2024-03-18 17:36:46,696 [main] INFO  ha.SequenceIdGenerator (SequenceIdGenerator.java:upgradeToSequenceId(380)) - upgrade delTxnId to 0
2024-03-18 17:36:46,703 [main] INFO  ha.SequenceIdGenerator (SequenceIdGenerator.java:upgradeToSequenceId(397)) - upgrade containerId to 0
2024-03-18 17:36:46,705 [main] INFO  ha.SequenceIdGenerator (SequenceIdGenerator.java:upgradeToCertificateSequenceId(444)) - upgrade CertificateId to 2
2024-03-18 17:36:46,707 [main] INFO  ha.SequenceIdGenerator (SequenceIdGenerator.java:<init>(241)) - Init the HA SequenceIdGenerator.
2024-03-18 17:36:46,758 [main] WARN  server.ServerUtils (ServerUtils.java:sanitizeUserArgs(79)) - ozone.scm.stale.node.interval value = 300000 is larger than max = 100000 based on the key value of ozone.scm.heartbeat.thread.interval, reset to the max value 100000.
2024-03-18 17:36:46,758 [main] WARN  server.ServerUtils (ServerUtils.java:sanitizeUserArgs(79)) - ozone.scm.stale.node.interval value = 300000 is larger than max = 100000 based on the key value of ozone.scm.heartbeat.thread.interval, reset to the max value 100000.
2024-03-18 17:36:46,763 [main] INFO  node.SCMNodeManager (SCMNodeManager.java:<init>(177)) - Entering startup safe mode.
2024-03-18 17:36:46,775 [main] INFO  algorithms.ContainerPlacementPolicyFactory (ContainerPlacementPolicyFactory.java:getPolicyInternal(86)) - Create container placement policy of type org.apache.hadoop.hdds.scm.container.placement.algorithms.SCMContainerPlacementRackAware
2024-03-18 17:36:46,779 [main] INFO  algorithms.ContainerPlacementPolicyFactory (ContainerPlacementPolicyFactory.java:getPolicyInternal(86)) - Create container placement policy of type org.apache.hadoop.hdds.scm.container.placement.algorithms.SCMContainerPlacementRackScatter
2024-03-18 17:36:46,787 [main] INFO  pipeline.PipelineStateManagerImpl (PipelineStateManagerImpl.java:initialize(78)) - No pipeline exists in current db
2024-03-18 17:36:46,799 [main] INFO  algorithms.LeaderChoosePolicyFactory (LeaderChoosePolicyFactory.java:getPolicy(57)) - Create leader choose policy of type org.apache.hadoop.hdds.scm.pipeline.leader.choose.algorithms.MinLeaderCountChoosePolicy
2024-03-18 17:36:46,800 [main] INFO  algorithms.ContainerPlacementPolicyFactory (ContainerPlacementPolicyFactory.java:getPolicyInternal(86)) - Create container placement policy of type org.apache.hadoop.hdds.scm.container.placement.algorithms.SCMContainerPlacementRackScatter
2024-03-18 17:36:46,805 [main] INFO  ha.SCMServiceManager (SCMServiceManager.java:register(42)) - Registering service BackgroundPipelineCreator.
2024-03-18 17:36:46,806 [main] INFO  pipeline.BackgroundPipelineCreator (BackgroundPipelineCreator.java:start(127)) - Starting RatisPipelineUtilsThread.
2024-03-18 17:36:46,809 [main] INFO  BackgroundPipelineScrubber (BackgroundSCMService.java:start(65)) - Starting BackgroundPipelineScrubber Service.
2024-03-18 17:36:46,809 [main] INFO  ha.SCMServiceManager (SCMServiceManager.java:register(42)) - Registering service BackgroundPipelineScrubber.
2024-03-18 17:36:46,815 [main] INFO  ExpiredContainerReplicaOpScrubber (BackgroundSCMService.java:start(65)) - Starting ExpiredContainerReplicaOpScrubber Service.
2024-03-18 17:36:46,818 [main] INFO  ha.SCMServiceManager (SCMServiceManager.java:register(42)) - Registering service ExpiredContainerReplicaOpScrubber.
2024-03-18 17:36:46,841 [main] INFO  algorithms.PipelineChoosePolicyFactory (PipelineChoosePolicyFactory.java:createPipelineChoosePolicyFromClass(80)) - Create pipeline choose policy of type org.apache.hadoop.hdds.scm.pipeline.choose.algorithms.RandomPipelineChoosePolicy
2024-03-18 17:36:46,843 [main] INFO  algorithms.PipelineChoosePolicyFactory (PipelineChoosePolicyFactory.java:createPipelineChoosePolicyFromClass(80)) - Create pipeline choose policy of type org.apache.hadoop.hdds.scm.pipeline.choose.algorithms.RandomPipelineChoosePolicy
2024-03-18 17:36:46,869 [main] INFO  ha.SCMServiceManager (SCMServiceManager.java:register(42)) - Registering service SCMBlockDeletingService.
2024-03-18 17:36:46,931 [main] INFO  replication.ReplicationManager (ReplicationManager.java:start(295)) - Starting Replication Monitor Thread.
2024-03-18 17:36:46,933 [ReplicationMonitor] INFO  replication.ReplicationManager (ReplicationManager.java:processAll(371)) - Replication Manager is not ready to run until 3000ms after safemode exit
2024-03-18 17:36:46,933 [main] INFO  ha.SCMServiceManager (SCMServiceManager.java:register(42)) - Registering service ReplicationManager.
2024-03-18 17:36:46,943 [main] INFO  safemode.ContainerSafeModeRule (ContainerSafeModeRule.java:<init>(91)) - containers with one replica threshold count 0
2024-03-18 17:36:46,947 [main] INFO  safemode.HealthyPipelineSafeModeRule (HealthyPipelineSafeModeRule.java:initializeRule(176)) - Total pipeline count is 0, healthy pipeline threshold count is 1
2024-03-18 17:36:46,949 [main] INFO  safemode.OneReplicaPipelineSafeModeRule (OneReplicaPipelineSafeModeRule.java:initializeRule(193)) - Total pipeline count is 0, pipeline's with at least one datanode reported threshold count is 0
2024-03-18 17:36:46,994 [main] INFO  server.StorageContainerManager (StorageContainerManager.java:<init>(440)) - SCM start with adminUsers: [runner]
2024-03-18 17:36:47,269 [main] INFO  audit.AuditLogger (AuditLogger.java:refreshDebugCmdSet(135)) - Refresh DebugCmdSet for SCMAudit to [].
2024-03-18 17:36:47,300 [main] INFO  ipc.CallQueueManager (CallQueueManager.java:<init>(90)) - Using callQueue: class java.util.concurrent.LinkedBlockingQueue, queueCapacity: 10000, scheduler: class org.apache.hadoop.ipc.DefaultRpcScheduler, ipcBackoff: false.
2024-03-18 17:36:47,333 [main] INFO  ipc.Server (Server.java:<init>(1287)) - Listener at 0.0.0.0:15002
2024-03-18 17:36:47,336 [Socket Reader #1 for port 15002] INFO  ipc.Server (Server.java:run(1323)) - Starting Socket Reader #1 for port 15002
2024-03-18 17:36:47,388 [main] INFO  audit.AuditLogger (AuditLogger.java:refreshDebugCmdSet(135)) - Refresh DebugCmdSet for SCMAudit to [].
2024-03-18 17:36:47,394 [main] INFO  ipc.CallQueueManager (CallQueueManager.java:<init>(90)) - Using callQueue: class java.util.concurrent.LinkedBlockingQueue, queueCapacity: 10000, scheduler: class org.apache.hadoop.ipc.DefaultRpcScheduler, ipcBackoff: false.
2024-03-18 17:36:47,394 [main] INFO  ipc.Server (Server.java:<init>(1287)) - Listener at 0.0.0.0:15001
2024-03-18 17:36:47,398 [Socket Reader #1 for port 15001] INFO  ipc.Server (Server.java:run(1323)) - Starting Socket Reader #1 for port 15001
2024-03-18 17:36:47,426 [main] INFO  audit.AuditLogger (AuditLogger.java:refreshDebugCmdSet(135)) - Refresh DebugCmdSet for SCMAudit to [].
2024-03-18 17:36:47,437 [main] INFO  ipc.CallQueueManager (CallQueueManager.java:<init>(90)) - Using callQueue: class java.util.concurrent.LinkedBlockingQueue, queueCapacity: 10000, scheduler: class org.apache.hadoop.ipc.DefaultRpcScheduler, ipcBackoff: false.
2024-03-18 17:36:47,438 [main] INFO  ipc.Server (Server.java:<init>(1287)) - Listener at 0.0.0.0:15000
2024-03-18 17:36:47,438 [Socket Reader #1 for port 15000] INFO  ipc.Server (Server.java:run(1323)) - Starting Socket Reader #1 for port 15000
2024-03-18 17:36:47,477 [main] INFO  ha.SCMServiceManager (SCMServiceManager.java:register(42)) - Registering service ContainerBalancer.
2024-03-18 17:36:47,477 [main] INFO  ha.SCMContext (SCMContext.java:updateSafeModeStatus(225)) - Update SafeModeStatus from SafeModeStatus{safeModeStatus=true, preCheckPassed=false} to SafeModeStatus{safeModeStatus=true, preCheckPassed=false}.
2024-03-18 17:36:47,480 [main] INFO  server.StorageContainerManager (StorageContainerManager.java:start(1545)) - StorageContainerLocationProtocol RPC server is listening at /0.0.0.0:15000
2024-03-18 17:36:47,533 [main] WARN  impl.MetricsConfig (MetricsConfig.java:loadFirst(136)) - Cannot locate configuration: tried hadoop-metrics2-storagecontainermanager.properties,hadoop-metrics2.properties
2024-03-18 17:36:47,543 [main] INFO  impl.MetricsSystemImpl (MetricsSystemImpl.java:startTimer(378)) - Scheduled Metric snapshot period at 10 second(s).
2024-03-18 17:36:47,543 [main] INFO  impl.MetricsSystemImpl (MetricsSystemImpl.java:start(191)) - StorageContainerManager metrics system started
2024-03-18 17:36:47,732 [main] INFO  server.SCMClientProtocolServer (SCMClientProtocolServer.java:start(204)) - RPC server for Client  is listening at /0.0.0.0:15000
2024-03-18 17:36:47,735 [IPC Server Responder] INFO  ipc.Server (Server.java:run(1562)) - IPC Server Responder: starting
2024-03-18 17:36:47,735 [IPC Server listener on 15000] INFO  ipc.Server (Server.java:run(1402)) - IPC Server listener on 15000: starting
2024-03-18 17:36:47,753 [main] INFO  server.StorageContainerManager (StorageContainerManager.java:start(1558)) - ScmBlockLocationProtocol RPC server is listening at /0.0.0.0:15001
2024-03-18 17:36:47,754 [main] INFO  server.SCMBlockProtocolServer (SCMBlockProtocolServer.java:start(162)) - RPC server for Block Protocol is listening at /0.0.0.0:15001
2024-03-18 17:36:47,754 [IPC Server Responder] INFO  ipc.Server (Server.java:run(1562)) - IPC Server Responder: starting
2024-03-18 17:36:47,755 [IPC Server listener on 15001] INFO  ipc.Server (Server.java:run(1402)) - IPC Server listener on 15001: starting
2024-03-18 17:36:47,763 [main] INFO  server.SCMDatanodeProtocolServer (SCMDatanodeProtocolServer.java:start(194)) - ScmDatanodeProtocol RPC server for DataNodes is listening at /0.0.0.0:15002
2024-03-18 17:36:47,764 [IPC Server Responder] INFO  ipc.Server (Server.java:run(1562)) - IPC Server Responder: starting
2024-03-18 17:36:47,764 [IPC Server listener on 15002] INFO  ipc.Server (Server.java:run(1402)) - IPC Server listener on 15002: starting
2024-03-18 17:36:47,780 [JvmPauseMonitor0] INFO  util.JvmPauseMonitor (JvmPauseMonitor.java:run(146)) - JvmPauseMonitor-9b5a9c56-ef48-470b-8895-ab2d39f59ca5: Started
2024-03-18 17:36:47,788 [main] INFO  http.BaseHttpServer (BaseHttpServer.java:newHttpServer2BuilderForOzone(223)) - Starting Web-server for scm at: http://0.0.0.0:15003
2024-03-18 17:36:47,788 [main] INFO  http.BaseHttpServer (BaseHttpServer.java:<init>(110)) - Hadoop Security Enabled: false Ozone Security Enabled: false Ozone HTTP Security Enabled: false 
2024-03-18 17:36:47,805 [main] INFO  util.log (Log.java:initialized(170)) - Logging initialized @3772ms to org.eclipse.jetty.util.log.Slf4jLog
2024-03-18 17:36:47,871 [main] WARN  server.AuthenticationFilter (AuthenticationFilter.java:constructSecretProvider(240)) - Unable to initialize FileSignerSecretProvider, falling back to use random secrets. Reason: Could not read signature secret file: /home/runner/hadoop-http-auth-signature-secret
2024-03-18 17:36:47,875 [main] INFO  http.HttpRequestLog (HttpRequestLog.java:getRequestLog(86)) - Http request log for http.requests.scm is not defined
2024-03-18 17:36:47,880 [main] INFO  http.HttpServer2 (HttpServer2.java:addGlobalFilter(1036)) - Added global filter 'safety' (class=org.apache.hadoop.hdds.server.http.HttpServer2$QuotingInputFilter)
2024-03-18 17:36:47,882 [main] INFO  http.HttpServer2 (HttpServer2.java:addFilter(1012)) - Added filter static_user_filter (class=org.apache.hadoop.http.lib.StaticUserWebFilter$StaticUserFilter) to context scm
2024-03-18 17:36:47,882 [main] INFO  http.HttpServer2 (HttpServer2.java:addFilter(1020)) - Added filter static_user_filter (class=org.apache.hadoop.http.lib.StaticUserWebFilter$StaticUserFilter) to context static
2024-03-18 17:36:47,883 [main] INFO  http.HttpServer2 (HttpServer2.java:addFilter(1020)) - Added filter static_user_filter (class=org.apache.hadoop.http.lib.StaticUserWebFilter$StaticUserFilter) to context logs
2024-03-18 17:36:47,907 [main] INFO  http.BaseHttpServer (BaseHttpServer.java:<init>(189)) - HTTP server of scm uses base directory /home/runner/work/ozone/ozone/hadoop-ozone/integration-test/target/test-dir/MiniOzoneClusterImpl-fcb2b1b2-065d-4164-ad15-2f123479485b/ozone-meta/webserver
2024-03-18 17:36:47,908 [main] INFO  http.HttpServer2 (HttpServer2.java:bindListener(1236)) - Jetty bound to port 15003
2024-03-18 17:36:47,909 [main] INFO  server.Server (Server.java:doStart(375)) - jetty-9.4.53.v20231009; built: 2023-10-09T12:29:09.265Z; git: 27bde00a0b95a1d5bbee0eae7984f891d2d0f8c9; jvm 1.8.0_402-b06
2024-03-18 17:36:47,927 [main] INFO  server.session (DefaultSessionIdManager.java:doStart(334)) - DefaultSessionIdManager workerName=node0
2024-03-18 17:36:47,927 [main] INFO  server.session (DefaultSessionIdManager.java:doStart(339)) - No SessionScavenger set, using defaults
2024-03-18 17:36:47,928 [main] INFO  server.session (HouseKeeper.java:startScavenging(132)) - node0 Scavenging every 660000ms
2024-03-18 17:36:47,936 [main] INFO  handler.ContextHandler (ContextHandler.java:doStart(921)) - Started o.e.j.s.ServletContextHandler@1b9785aa{logs,/logs,file:///home/runner/work/ozone/ozone/hadoop-ozone/integration-test/target/log,AVAILABLE}
2024-03-18 17:36:47,937 [main] INFO  handler.ContextHandler (ContextHandler.java:doStart(921)) - Started o.e.j.s.ServletContextHandler@21b508a0{static,/static,file:///home/runner/work/ozone/ozone/hadoop-ozone/integration-test/target/test-classes/webapps/static,AVAILABLE}
2024-03-18 17:36:47,966 [main] INFO  handler.ContextHandler (ContextHandler.java:doStart(921)) - Started o.e.j.w.WebAppContext@41c7ef69{scm,/,file:///home/runner/work/ozone/ozone/hadoop-ozone/integration-test/target/test-classes/webapps/scm/,AVAILABLE}{file:/home/runner/work/ozone/ozone/hadoop-ozone/integration-test/target/test-classes/webapps/scm}
2024-03-18 17:36:47,971 [main] INFO  server.AbstractConnector (AbstractConnector.java:doStart(333)) - Started ServerConnector@28878a52{HTTP/1.1, (http/1.1)}{0.0.0.0:15003}
2024-03-18 17:36:47,972 [main] INFO  server.Server (Server.java:doStart(415)) - Started @3938ms
2024-03-18 17:36:47,974 [main] INFO  impl.MetricsSinkAdapter (MetricsSinkAdapter.java:start(204)) - Sink prometheus started
2024-03-18 17:36:47,974 [main] INFO  impl.MetricsSystemImpl (MetricsSystemImpl.java:registerSink(305)) - Registered sink prometheus
2024-03-18 17:36:47,975 [main] INFO  http.BaseHttpServer (BaseHttpServer.java:updateConnectorAddress(354)) - HTTP server of scm listening at http://0.0.0.0:15003
2024-03-18 17:36:48,011 [main] INFO  audit.AuditLogger (AuditLogger.java:refreshDebugCmdSet(135)) - Refresh DebugCmdSet for OMAudit to [].
2024-03-18 17:36:48,067 [main] INFO  ha.OMHANodeDetails (OMHANodeDetails.java:loadOMHAConfig(115)) - ozone.om.internal.service.id is not defined, falling back to ozone.om.service.ids to find serviceID for OzoneManager if it is HA enabled cluster
2024-03-18 17:36:48,070 [main] INFO  ha.OMHANodeDetails (OMHANodeDetails.java:loadOMHAConfig(226)) - Configuration does not have ozone.om.address set. Falling back to the default OM address /127.0.0.1:15004
2024-03-18 17:36:48,071 [main] INFO  ha.OMHANodeDetails (OMHANodeDetails.java:getOMNodeDetailsForNonHA(254)) - OM Service ID is not set. Setting it to the default ID: omServiceIdDefault
2024-03-18 17:36:48,071 [main] INFO  ha.OMHANodeDetails (OMHANodeDetails.java:getOMNodeDetailsForNonHA(261)) - OM Node ID is not set. Setting it to the default ID: om1
2024-03-18 17:36:48,077 [main] INFO  upgrade.AbstractLayoutVersionManager (AbstractLayoutVersionManager.java:init(83)) - Initializing Layout version manager with metadata layout = QUOTA (version = 6), software layout = QUOTA (version = 6)
2024-03-18 17:36:48,144 [main] INFO  upgrade.OMLayoutVersionManager (OMLayoutVersionManager.java:lambda$0(113)) - Skipping Upgrade Action MockOmUpgradeAction since it has been finalized.
2024-03-18 17:36:48,145 [main] INFO  upgrade.OMLayoutVersionManager (OMLayoutVersionManager.java:lambda$0(113)) - Skipping Upgrade Action QuotaRepairUpgradeAction since it has been finalized.
2024-03-18 17:36:48,292 [main] INFO  proxy.SCMBlockLocationFailoverProxyProvider (SCMBlockLocationFailoverProxyProvider.java:<init>(115)) - Created block location fail-over proxy with 1 nodes: [nodeId=scmNodeId,nodeAddress=/0.0.0.0:15001]
2024-03-18 17:36:48,326 [main] INFO  proxy.SCMBlockLocationFailoverProxyProvider (SCMBlockLocationFailoverProxyProvider.java:<init>(115)) - Created block location fail-over proxy with 1 nodes: [nodeId=scmNodeId,nodeAddress=/0.0.0.0:15001]
2024-03-18 17:36:48,502 [main] INFO  om.OzoneManager (OzoneManager.java:<init>(678)) - OM start with adminUsers: [runner]
2024-03-18 17:36:48,543 [main] INFO  helpers.OmKeyInfo (OmKeyInfo.java:getCodec(71)) - OmKeyInfo.getCodec ignorePipeline = true
2024-03-18 17:36:48,769 [main] INFO  om.OzoneManager (OzoneManager.java:instantiateServices(810)) - S3 Multi-Tenancy is disabled
2024-03-18 17:36:48,793 [main] INFO  om.OmSnapshotManager (OmSnapshotManager.java:<init>(177)) - Ozone filesystem snapshot feature is enabled.
2024-03-18 17:36:48,799 [main] WARN  server.ServerUtils (ServerUtils.java:getDBPath(299)) - ozone.om.snapshot.diff.db.dir is not configured. We recommend adding this setting. Falling back to ozone.metadata.dirs instead.
2024-03-18 17:36:48,825 [main] INFO  utils.NativeLibraryLoader (NativeLibraryLoader.java:loadLibrary(108)) - Loading Library: ozone_rocksdb_tools
2024-03-18 17:36:48,826 [main] ERROR snapshot.SnapshotDiffManager (SnapshotDiffManager.java:initNativeLibraryForEfficientDiff(287)) - Native Library for raw sst file reading loading failed.
org.apache.hadoop.hdds.utils.NativeLibraryNotLoadedException: Unable to load library ozone_rocksdb_tools from both java.library.path & resource file libozone_rocksdb_tools.so from jar.
	at org.apache.hadoop.hdds.utils.db.managed.ManagedRawSSTFileReader.loadLibrary(ManagedRawSSTFileReader.java:38)
	at org.apache.hadoop.ozone.om.snapshot.SnapshotDiffManager.initNativeLibraryForEfficientDiff(SnapshotDiffManager.java:285)
	at org.apache.hadoop.ozone.om.snapshot.SnapshotDiffManager.<init>(SnapshotDiffManager.java:259)
	at org.apache.hadoop.ozone.om.OmSnapshotManager.<init>(OmSnapshotManager.java:279)
	at org.apache.hadoop.ozone.om.OzoneManager.instantiateServices(OzoneManager.java:862)
	at org.apache.hadoop.ozone.om.OzoneManager.<init>(OzoneManager.java:688)
	at org.apache.hadoop.ozone.om.OzoneManager.createOm(OzoneManager.java:773)
	at org.apache.hadoop.ozone.MiniOzoneClusterImpl$Builder.createOM(MiniOzoneClusterImpl.java:689)
	at org.apache.hadoop.ozone.MiniOzoneClusterImpl$Builder.createAndStartSingleOM(MiniOzoneClusterImpl.java:673)
	at org.apache.hadoop.ozone.MiniOzoneClusterImpl$Builder.build(MiniOzoneClusterImpl.java:535)
	at org.apache.hadoop.ozone.fsck.TestContainerMapper.init(TestContainerMapper.java:90)
	at sun.reflect.NativeMethodAccessorImpl.invoke0(Native Method)
	at sun.reflect.NativeMethodAccessorImpl.invoke(NativeMethodAccessorImpl.java:62)
	at sun.reflect.DelegatingMethodAccessorImpl.invoke(DelegatingMethodAccessorImpl.java:43)
	at java.lang.reflect.Method.invoke(Method.java:498)
	at org.junit.platform.commons.util.ReflectionUtils.invokeMethod(ReflectionUtils.java:728)
	at org.junit.jupiter.engine.execution.MethodInvocation.proceed(MethodInvocation.java:60)
	at org.junit.jupiter.engine.execution.InvocationInterceptorChain$ValidatingInvocation.proceed(InvocationInterceptorChain.java:131)
	at org.junit.jupiter.engine.extension.TimeoutExtension.intercept(TimeoutExtension.java:156)
	at org.junit.jupiter.engine.extension.TimeoutExtension.interceptLifecycleMethod(TimeoutExtension.java:128)
	at org.junit.jupiter.engine.extension.TimeoutExtension.interceptBeforeAllMethod(TimeoutExtension.java:70)
	at org.junit.jupiter.engine.execution.InterceptingExecutableInvoker$ReflectiveInterceptorCall.lambda$ofVoidMethod$0(InterceptingExecutableInvoker.java:103)
	at org.junit.jupiter.engine.execution.InterceptingExecutableInvoker.lambda$invoke$0(InterceptingExecutableInvoker.java:93)
	at org.junit.jupiter.engine.execution.InvocationInterceptorChain$InterceptedInvocation.proceed(InvocationInterceptorChain.java:106)
	at org.junit.jupiter.engine.execution.InvocationInterceptorChain.proceed(InvocationInterceptorChain.java:64)
	at org.junit.jupiter.engine.execution.InvocationInterceptorChain.chainAndInvoke(InvocationInterceptorChain.java:45)
	at org.junit.jupiter.engine.execution.InvocationInterceptorChain.invoke(InvocationInterceptorChain.java:37)
	at org.junit.jupiter.engine.execution.InterceptingExecutableInvoker.invoke(InterceptingExecutableInvoker.java:92)
	at org.junit.jupiter.engine.execution.InterceptingExecutableInvoker.invoke(InterceptingExecutableInvoker.java:86)
	at org.junit.jupiter.engine.descriptor.ClassBasedTestDescriptor.lambda$invokeBeforeAllMethods$13(ClassBasedTestDescriptor.java:412)
	at org.junit.platform.engine.support.hierarchical.ThrowableCollector.execute(ThrowableCollector.java:73)
	at org.junit.jupiter.engine.descriptor.ClassBasedTestDescriptor.invokeBeforeAllMethods(ClassBasedTestDescriptor.java:410)
	at org.junit.jupiter.engine.descriptor.ClassBasedTestDescriptor.before(ClassBasedTestDescriptor.java:216)
	at org.junit.jupiter.engine.descriptor.ClassBasedTestDescriptor.before(ClassBasedTestDescriptor.java:85)
	at org.junit.platform.engine.support.hierarchical.NodeTestTask.lambda$executeRecursively$6(NodeTestTask.java:148)
	at org.junit.platform.engine.support.hierarchical.ThrowableCollector.execute(ThrowableCollector.java:73)
	at org.junit.platform.engine.support.hierarchical.NodeTestTask.lambda$executeRecursively$8(NodeTestTask.java:141)
	at org.junit.platform.engine.support.hierarchical.Node.around(Node.java:137)
	at org.junit.platform.engine.support.hierarchical.NodeTestTask.lambda$executeRecursively$9(NodeTestTask.java:139)
	at org.junit.platform.engine.support.hierarchical.ThrowableCollector.execute(ThrowableCollector.java:73)
	at org.junit.platform.engine.support.hierarchical.NodeTestTask.executeRecursively(NodeTestTask.java:138)
	at org.junit.platform.engine.support.hierarchical.NodeTestTask.execute(NodeTestTask.java:95)
	at java.util.ArrayList.forEach(ArrayList.java:1259)
	at org.junit.platform.engine.support.hierarchical.SameThreadHierarchicalTestExecutorService.invokeAll(SameThreadHierarchicalTestExecutorService.java:41)
	at org.junit.platform.engine.support.hierarchical.NodeTestTask.lambda$executeRecursively$6(NodeTestTask.java:155)
	at org.junit.platform.engine.support.hierarchical.ThrowableCollector.execute(ThrowableCollector.java:73)
	at org.junit.platform.engine.support.hierarchical.NodeTestTask.lambda$executeRecursively$8(NodeTestTask.java:141)
	at org.junit.platform.engine.support.hierarchical.Node.around(Node.java:137)
	at org.junit.platform.engine.support.hierarchical.NodeTestTask.lambda$executeRecursively$9(NodeTestTask.java:139)
	at org.junit.platform.engine.support.hierarchical.ThrowableCollector.execute(ThrowableCollector.java:73)
	at org.junit.platform.engine.support.hierarchical.NodeTestTask.executeRecursively(NodeTestTask.java:138)
	at org.junit.platform.engine.support.hierarchical.NodeTestTask.execute(NodeTestTask.java:95)
	at org.junit.platform.engine.support.hierarchical.SameThreadHierarchicalTestExecutorService.submit(SameThreadHierarchicalTestExecutorService.java:35)
	at org.junit.platform.engine.support.hierarchical.HierarchicalTestExecutor.execute(HierarchicalTestExecutor.java:57)
	at org.junit.platform.engine.support.hierarchical.HierarchicalTestEngine.execute(HierarchicalTestEngine.java:54)
	at org.junit.platform.launcher.core.EngineExecutionOrchestrator.execute(EngineExecutionOrchestrator.java:198)
	at org.junit.platform.launcher.core.EngineExecutionOrchestrator.execute(EngineExecutionOrchestrator.java:169)
	at org.junit.platform.launcher.core.EngineExecutionOrchestrator.execute(EngineExecutionOrchestrator.java:93)
	at org.junit.platform.launcher.core.EngineExecutionOrchestrator.lambda$execute$0(EngineExecutionOrchestrator.java:58)
	at org.junit.platform.launcher.core.EngineExecutionOrchestrator.withInterceptedStreams(EngineExecutionOrchestrator.java:141)
	at org.junit.platform.launcher.core.EngineExecutionOrchestrator.execute(EngineExecutionOrchestrator.java:57)
	at org.junit.platform.launcher.core.DefaultLauncher.execute(DefaultLauncher.java:103)
	at org.junit.platform.launcher.core.DefaultLauncher.execute(DefaultLauncher.java:85)
	at org.junit.platform.launcher.core.DelegatingLauncher.execute(DelegatingLauncher.java:47)
	at org.junit.platform.launcher.core.SessionPerRequestLauncher.execute(SessionPerRequestLauncher.java:63)
	at org.apache.maven.surefire.junitplatform.JUnitPlatformProvider.execute(JUnitPlatformProvider.java:188)
	at org.apache.maven.surefire.junitplatform.JUnitPlatformProvider.invokeAllTests(JUnitPlatformProvider.java:154)
	at org.apache.maven.surefire.junitplatform.JUnitPlatformProvider.invoke(JUnitPlatformProvider.java:124)
	at org.apache.maven.surefire.booter.ForkedBooter.runSuitesInProcess(ForkedBooter.java:428)
	at org.apache.maven.surefire.booter.ForkedBooter.execute(ForkedBooter.java:162)
	at org.apache.maven.surefire.booter.ForkedBooter.run(ForkedBooter.java:562)
	at org.apache.maven.surefire.booter.ForkedBooter.main(ForkedBooter.java:548)
2024-03-18 17:36:48,870 [main] INFO  om.OzoneManager (OzoneManager.java:addS3GVolumeToDB(4462)) - Created Volume s3v With Owner runner required for S3Gateway operations.
2024-03-18 17:36:48,918 [main] WARN  server.ServerUtils (ServerUtils.java:getDefaultRatisDirectory(311)) - Storage directory for Ratis is not configured. It is a good idea to map this to an SSD disk. Falling back to ozone.metadata.dirs
2024-03-18 17:36:48,919 [main] WARN  utils.OzoneManagerRatisUtils (OzoneManagerRatisUtils.java:getOMRatisSnapshotDirectory(476)) - ozone.om.ratis.snapshot.dir is not configured. Falling back to ozone.metadata.dirs config
2024-03-18 17:36:48,930 [main] WARN  server.ServerUtils (ServerUtils.java:getDefaultRatisDirectory(311)) - Storage directory for Ratis is not configured. It is a good idea to map this to an SSD disk. Falling back to ozone.metadata.dirs
2024-03-18 17:36:48,945 [main] INFO  ratis.OzoneManagerRatisServer (OzoneManagerRatisServer.java:<init>(167)) - Instantiating OM Ratis server with groupID: omServiceIdDefault and peers: localhost:15007
2024-03-18 17:36:48,952 [main] INFO  ratis.OzoneManagerStateMachine (OzoneManagerStateMachine.java:loadSnapshotInfoFromDB(575)) - TransactionInfo not found in OM DB.
2024-03-18 17:36:48,995 [main] INFO  server.RaftServer (ConfUtils.java:logGet(46)) - raft.rpc.type = GRPC (default)
2024-03-18 17:36:49,001 [main] INFO  grpc.GrpcConfigKeys (ConfUtils.java:logFallback(53)) - raft.grpc.admin.host = null (fallback to raft.grpc.server.host)
2024-03-18 17:36:49,002 [main] INFO  grpc.GrpcConfigKeys (ConfUtils.java:logFallback(53)) - raft.grpc.admin.port = 15007 (fallback to raft.grpc.server.port)
2024-03-18 17:36:49,002 [main] INFO  grpc.GrpcConfigKeys (ConfUtils.java:logFallback(53)) - raft.grpc.client.host = null (fallback to raft.grpc.server.host)
2024-03-18 17:36:49,003 [main] INFO  grpc.GrpcConfigKeys (ConfUtils.java:logFallback(53)) - raft.grpc.client.port = 15007 (fallback to raft.grpc.server.port)
2024-03-18 17:36:49,003 [main] INFO  grpc.GrpcConfigKeys (ConfUtils.java:logGet(46)) - raft.grpc.server.host = null (default)
2024-03-18 17:36:49,003 [main] INFO  grpc.GrpcConfigKeys (ConfUtils.java:logGet(46)) - raft.grpc.server.port = 15007 (custom)
2024-03-18 17:36:49,004 [main] INFO  server.GrpcService (ConfUtils.java:logGet(46)) - raft.grpc.message.size.max = 4194304 (custom)
2024-03-18 17:36:49,005 [main] INFO  server.RaftServerConfigKeys (ConfUtils.java:logGet(46)) - raft.server.log.appender.buffer.byte-limit = 4194304 (custom)
2024-03-18 17:36:49,005 [main] INFO  server.GrpcService (ConfUtils.java:logGet(46)) - raft.grpc.flow.control.window = 1MB (=1048576) (default)
2024-03-18 17:36:49,006 [main] INFO  server.RaftServerConfigKeys (ConfUtils.java:logGet(46)) - raft.server.rpc.request.timeout = 3000ms (default)
2024-03-18 17:36:49,012 [main] INFO  grpc.GrpcConfigKeys (ConfUtils.java:logGet(46)) - raft.grpc.server.heartbeat.channel = true (default)
2024-03-18 17:36:49,014 [main] INFO  grpc.GrpcConfigKeys (ConfUtils.java:logGet(46)) - raft.grpc.server.async.request.thread.pool.cached = true (default)
2024-03-18 17:36:49,014 [main] INFO  grpc.GrpcConfigKeys (ConfUtils.java:logGet(46)) - raft.grpc.server.async.request.thread.pool.size = 32 (default)
2024-03-18 17:36:49,244 [main] INFO  impl.DataStreamServerImpl (ConfUtils.java:logGet(46)) - raft.datastream.type = DISABLED (default)
2024-03-18 17:36:49,245 [main] INFO  server.RaftServerConfigKeys (ConfUtils.java:logGet(46)) - raft.server.sleep.deviation.threshold = 300ms (default)
2024-03-18 17:36:49,245 [main] INFO  server.RaftServerConfigKeys (ConfUtils.java:logGet(46)) - raft.server.close.threshold = 60s (default)
2024-03-18 17:36:49,246 [main] INFO  server.RaftServerConfigKeys (ConfUtils.java:logGet(46)) - raft.server.leaderelection.leader.step-down.wait-time = 10s (default)
2024-03-18 17:36:49,247 [main] INFO  server.RaftServerConfigKeys (ConfUtils.java:logGet(46)) - raft.server.storage.dir = [/home/runner/work/ozone/ozone/hadoop-ozone/integration-test/target/test-dir/MiniOzoneClusterImpl-fcb2b1b2-065d-4164-ad15-2f123479485b/ozone-meta/ratis] (custom)
2024-03-18 17:36:49,248 [main] INFO  server.RaftServerConfigKeys (ConfUtils.java:logGet(46)) - raft.server.threadpool.proxy.cached = true (default)
2024-03-18 17:36:49,248 [main] INFO  server.RaftServerConfigKeys (ConfUtils.java:logGet(46)) - raft.server.threadpool.proxy.size = 0 (default)
2024-03-18 17:36:49,253 [main] INFO  server.RaftServer (RaftServerProxy.java:addNew(100)) - om1: addNew group-C5BA1605619E:[om1|localhost:15007] returns group-C5BA1605619E:java.util.concurrent.CompletableFuture@4cf1c5d8[Not completed]
2024-03-18 17:36:49,253 [main] INFO  om.OzoneManager (OzoneManager.java:initializeRatisServer(2171)) - OzoneManager Ratis server initialized at port 15007
2024-03-18 17:36:49,256 [main] INFO  om.OzoneManager (OzoneManager.java:getRpcServer(1230)) - Creating RPC Server
2024-03-18 17:36:49,263 [om1-groupManagement] INFO  server.RaftServer$Division (RaftServerImpl.java:<init>(256)) - om1: new RaftServerImpl for group-C5BA1605619E:[om1|localhost:15007] with OzoneManagerStateMachine:uninitialized
2024-03-18 17:36:49,267 [om1-groupManagement] INFO  server.RaftServerConfigKeys (ConfUtils.java:logGet(46)) - raft.server.rpc.timeout.min = 1s (custom)
2024-03-18 17:36:49,267 [om1-groupManagement] INFO  server.RaftServerConfigKeys (ConfUtils.java:logGet(46)) - raft.server.rpc.timeout.max = 1200ms (custom)
2024-03-18 17:36:49,267 [om1-groupManagement] INFO  server.RaftServerConfigKeys (ConfUtils.java:logGet(46)) - raft.server.rpc.sleep.time = 25ms (default)
2024-03-18 17:36:49,268 [om1-groupManagement] INFO  server.RaftServerConfigKeys (ConfUtils.java:logGet(46)) - raft.server.rpc.slowness.timeout = 120s (custom)
2024-03-18 17:36:49,270 [om1-groupManagement] INFO  server.RaftServerConfigKeys (ConfUtils.java:logGet(46)) - raft.server.leaderelection.leader.step-down.wait-time = 10s (default)
2024-03-18 17:36:49,270 [om1-groupManagement] INFO  server.RaftServerConfigKeys (ConfUtils.java:logGet(46)) - raft.server.leaderelection.member.majority-add = false (default)
2024-03-18 17:36:49,270 [om1-groupManagement] INFO  server.RaftServerConfigKeys (ConfUtils.java:logGet(46)) - raft.server.sleep.deviation.threshold = 300ms (default)
2024-03-18 17:36:49,276 [om1-groupManagement] INFO  server.RaftServer$Division (ServerState.java:<init>(113)) - om1@group-C5BA1605619E: ConfigurationManager, init=-1: peers:[om1|localhost:15007]|listeners:[], old=null, confs=<EMPTY_MAP>
2024-03-18 17:36:49,282 [om1-groupManagement] INFO  server.RaftServerConfigKeys (ConfUtils.java:logGet(46)) - raft.server.notification.no-leader.timeout = 120s (custom)
2024-03-18 17:36:49,292 [om1-groupManagement] INFO  server.RaftServerConfigKeys (ConfUtils.java:logGet(46)) - raft.server.read.timeout = 10s (default)
2024-03-18 17:36:49,295 [om1-groupManagement] INFO  server.RaftServerConfigKeys (ConfUtils.java:logGet(46)) - raft.server.retrycache.expirytime = 300s (custom)
2024-03-18 17:36:49,296 [om1-groupManagement] INFO  server.RaftServerConfigKeys (ConfUtils.java:logGet(46)) - raft.server.retrycache.statistics.expirytime = 100ms (default)
2024-03-18 17:36:49,300 [om1-groupManagement] INFO  server.RaftServerConfigKeys (ConfUtils.java:logGet(46)) - raft.server.read.option = DEFAULT (default)
2024-03-18 17:36:49,300 [om1-groupManagement] INFO  server.RaftServerConfigKeys (ConfUtils.java:logGet(46)) - raft.server.read.read-after-write-consistent.write-index-cache.expiry-time = 60s (default)
2024-03-18 17:36:49,342 [om1-groupManagement] INFO  server.RaftServerConfigKeys (ConfUtils.java:logGet(46)) - raft.server.rpc.request.timeout = 3000ms (default)
2024-03-18 17:36:49,346 [om1-groupManagement] INFO  server.RaftServerConfigKeys (ConfUtils.java:logGet(46)) - raft.server.log.appender.install.snapshot.enabled = false (custom)
2024-03-18 17:36:49,346 [om1-groupManagement] INFO  server.RaftServerConfigKeys (ConfUtils.java:logGet(46)) - raft.server.threadpool.server.cached = true (default)
2024-03-18 17:36:49,347 [om1-groupManagement] INFO  server.RaftServerConfigKeys (ConfUtils.java:logGet(46)) - raft.server.threadpool.server.size = 0 (default)
2024-03-18 17:36:49,347 [om1-groupManagement] INFO  server.RaftServerConfigKeys (ConfUtils.java:logGet(46)) - raft.server.threadpool.client.cached = true (default)
2024-03-18 17:36:49,347 [om1-groupManagement] INFO  server.RaftServerConfigKeys (ConfUtils.java:logGet(46)) - raft.server.threadpool.client.size = 0 (default)
2024-03-18 17:36:49,852 [main] INFO  ipc.CallQueueManager (CallQueueManager.java:<init>(90)) - Using callQueue: class java.util.concurrent.LinkedBlockingQueue, queueCapacity: 2000, scheduler: class org.apache.hadoop.ipc.DefaultRpcScheduler, ipcBackoff: false.
2024-03-18 17:36:49,852 [main] INFO  ipc.Server (Server.java:<init>(1287)) - Listener at 127.0.0.1:15004
2024-03-18 17:36:49,852 [Socket Reader #1 for port 15004] INFO  ipc.Server (Server.java:run(1323)) - Starting Socket Reader #1 for port 15004
2024-03-18 17:36:49,874 [main] INFO  impl.MetricsSystemImpl (MetricsSystemImpl.java:init(158)) - OzoneManager metrics system started (again)
2024-03-18 17:36:49,886 [main] INFO  om.OzoneManager (OzoneManager.java:start(1652)) - OzoneManager RPC server is listening at localhost/127.0.0.1:15004
2024-03-18 17:36:49,886 [main] INFO  ratis.OzoneManagerRatisServer (OzoneManagerRatisServer.java:start(588)) - Starting OzoneManagerRatisServer om1 at port 15007
2024-03-18 17:36:49,889 [om1-impl-thread1] INFO  server.RaftServerConfigKeys (ConfUtils.java:logGet(46)) - raft.server.storage.free-space.min = 0MB (=0) (default)
2024-03-18 17:36:49,889 [om1-impl-thread1] INFO  server.RaftServerConfigKeys (ConfUtils.java:logGet(46)) - raft.server.log.corruption.policy = EXCEPTION (default)
2024-03-18 17:36:49,889 [om1-impl-thread1] INFO  server.RaftServerConfigKeys (ConfUtils.java:logGet(46)) - raft.server.storage.dir = [/home/runner/work/ozone/ozone/hadoop-ozone/integration-test/target/test-dir/MiniOzoneClusterImpl-fcb2b1b2-065d-4164-ad15-2f123479485b/ozone-meta/ratis] (custom)
2024-03-18 17:36:49,893 [om1-impl-thread1] INFO  storage.RaftStorageDirectory (RaftStorageDirectoryImpl.java:analyzeStorage(138)) - The storage directory /home/runner/work/ozone/ozone/hadoop-ozone/integration-test/target/test-dir/MiniOzoneClusterImpl-fcb2b1b2-065d-4164-ad15-2f123479485b/ozone-meta/ratis/bf265839-605b-3f16-9796-c5ba1605619e does not exist. Creating ...
2024-03-18 17:36:49,896 [om1-impl-thread1] INFO  storage.RaftStorageDirectory (RaftStorageDirectoryImpl.java:tryLock(228)) - Lock on /home/runner/work/ozone/ozone/hadoop-ozone/integration-test/target/test-dir/MiniOzoneClusterImpl-fcb2b1b2-065d-4164-ad15-2f123479485b/ozone-meta/ratis/bf265839-605b-3f16-9796-c5ba1605619e/in_use.lock acquired by nodename 26740@fv-az1384-799
2024-03-18 17:36:49,901 [om1-impl-thread1] INFO  storage.RaftStorage (RaftStorageImpl.java:format(99)) - Storage directory /home/runner/work/ozone/ozone/hadoop-ozone/integration-test/target/test-dir/MiniOzoneClusterImpl-fcb2b1b2-065d-4164-ad15-2f123479485b/ozone-meta/ratis/bf265839-605b-3f16-9796-c5ba1605619e has been successfully formatted.
2024-03-18 17:36:49,901 [om1-impl-thread1] WARN  util.FileUtils (LogUtils.java:supplyAndLog(63)) - Failed to Files.newInputStream /home/runner/work/ozone/ozone/hadoop-ozone/integration-test/target/test-dir/MiniOzoneClusterImpl-fcb2b1b2-065d-4164-ad15-2f123479485b/ozone-meta/ratis/bf265839-605b-3f16-9796-c5ba1605619e/current/raft-meta.conf with options []: java.nio.file.NoSuchFileException: /home/runner/work/ozone/ozone/hadoop-ozone/integration-test/target/test-dir/MiniOzoneClusterImpl-fcb2b1b2-065d-4164-ad15-2f123479485b/ozone-meta/ratis/bf265839-605b-3f16-9796-c5ba1605619e/current/raft-meta.conf
2024-03-18 17:36:49,903 [om1-impl-thread1] INFO  server.RaftServerConfigKeys (ConfUtils.java:logGet(46)) - raft.server.log.use.memory = false (default)
2024-03-18 17:36:49,909 [om1-impl-thread1] INFO  server.RaftServerConfigKeys (ConfUtils.java:logGet(46)) - raft.server.log.purge.gap = 1000000 (custom)
2024-03-18 17:36:49,909 [om1-impl-thread1] INFO  server.RaftServerConfigKeys (ConfUtils.java:logGet(46)) - raft.server.log.appender.buffer.byte-limit = 4194304 (custom)
2024-03-18 17:36:49,910 [om1-impl-thread1] INFO  server.RaftServerConfigKeys (ConfUtils.java:logGet(46)) - raft.server.log.statemachine.data.read.timeout = 1000ms (default)
2024-03-18 17:36:49,910 [om1-impl-thread1] INFO  server.RaftServerConfigKeys (ConfUtils.java:logGet(46)) - raft.server.log.purge.preservation.log.num = 0 (default)
2024-03-18 17:36:49,914 [om1-impl-thread1] INFO  server.RaftServerConfigKeys (ConfUtils.java:logGet(46)) - raft.server.log.segment.size.max = 4194304 (custom)
2024-03-18 17:36:49,917 [om1-impl-thread1] INFO  server.RaftServerConfigKeys (ConfUtils.java:logGet(46)) - raft.server.log.segment.cache.num.max = 2 (custom)
2024-03-18 17:36:49,918 [om1-impl-thread1] INFO  server.RaftServerConfigKeys (ConfUtils.java:logGet(46)) - raft.server.log.segment.cache.size.max = 200MB (=209715200) (default)
2024-03-18 17:36:49,918 [om1-impl-thread1] INFO  server.RaftServerConfigKeys (ConfUtils.java:logGet(46)) - raft.server.log.appender.buffer.byte-limit = 4194304 (custom)
2024-03-18 17:36:49,919 [om1-impl-thread1] INFO  util.AwaitToRun (AwaitToRun.java:start(81)) - Thread[om1@group-C5BA1605619E-cacheEviction-AwaitToRun,5,main] started
2024-03-18 17:36:49,923 [om1-impl-thread1] INFO  segmented.SegmentedRaftLogWorker (SegmentedRaftLogWorker.java:<init>(182)) - new om1@group-C5BA1605619E-SegmentedRaftLogWorker for RaftStorageImpl:Storage Directory /home/runner/work/ozone/ozone/hadoop-ozone/integration-test/target/test-dir/MiniOzoneClusterImpl-fcb2b1b2-065d-4164-ad15-2f123479485b/ozone-meta/ratis/bf265839-605b-3f16-9796-c5ba1605619e
2024-03-18 17:36:49,923 [om1-impl-thread1] INFO  server.RaftServerConfigKeys (ConfUtils.java:logGet(46)) - raft.server.log.queue.byte-limit = 64MB (=67108864) (default)
2024-03-18 17:36:49,923 [om1-impl-thread1] INFO  server.RaftServerConfigKeys (ConfUtils.java:logGet(46)) - raft.server.log.queue.element-limit = 4096 (default)
2024-03-18 17:36:49,925 [om1-impl-thread1] INFO  server.RaftServerConfigKeys (ConfUtils.java:logGet(46)) - raft.server.log.segment.size.max = 4194304 (custom)
2024-03-18 17:36:49,925 [om1-impl-thread1] INFO  server.RaftServerConfigKeys (ConfUtils.java:logGet(46)) - raft.server.log.preallocated.size = 4194304 (custom)
2024-03-18 17:36:49,929 [om1-impl-thread1] INFO  server.RaftServerConfigKeys (ConfUtils.java:logGet(46)) - raft.server.log.force.sync.num = 128 (default)
2024-03-18 17:36:49,930 [om1-impl-thread1] INFO  server.RaftServerConfigKeys (ConfUtils.java:logGet(46)) - raft.server.log.statemachine.data.sync = true (default)
2024-03-18 17:36:49,930 [om1-impl-thread1] INFO  server.RaftServerConfigKeys (ConfUtils.java:logGet(46)) - raft.server.log.statemachine.data.sync.timeout = 10s (default)
2024-03-18 17:36:49,930 [om1-impl-thread1] INFO  server.RaftServerConfigKeys (ConfUtils.java:logGet(46)) - raft.server.log.statemachine.data.sync.timeout.retry = -1 (default)
2024-03-18 17:36:49,932 [om1-impl-thread1] INFO  server.RaftServerConfigKeys (ConfUtils.java:logGet(46)) - raft.server.log.write.buffer.size = 4194312 (custom)
2024-03-18 17:36:49,932 [om1-impl-thread1] INFO  server.RaftServerConfigKeys (ConfUtils.java:logGet(46)) - raft.server.log.appender.buffer.byte-limit = 4194304 (custom)
2024-03-18 17:36:49,933 [om1-impl-thread1] INFO  server.RaftServerConfigKeys (ConfUtils.java:logGet(46)) - raft.server.log.unsafe-flush.enabled = false (default)
2024-03-18 17:36:49,933 [om1-impl-thread1] INFO  server.RaftServerConfigKeys (ConfUtils.java:logGet(46)) - raft.server.log.async-flush.enabled = false (default)
2024-03-18 17:36:49,933 [om1-impl-thread1] INFO  server.RaftServerConfigKeys (ConfUtils.java:logGet(46)) - raft.server.log.statemachine.data.caching.enabled = false (default)
2024-03-18 17:36:49,937 [om1-impl-thread1] INFO  segmented.SegmentedRaftLogWorker (SegmentedRaftLogWorker.java:lambda$new$0(134)) - om1@group-C5BA1605619E-SegmentedRaftLogWorker: flushIndex: setUnconditionally 0 -> -1
2024-03-18 17:36:49,937 [om1-impl-thread1] INFO  segmented.SegmentedRaftLogWorker (SegmentedRaftLogWorker.java:lambda$new$0(134)) - om1@group-C5BA1605619E-SegmentedRaftLogWorker: safeCacheEvictIndex: setUnconditionally 0 -> -1
2024-03-18 17:36:49,938 [om1-impl-thread1] INFO  server.RaftServer$Division (RaftServerImpl.java:start(396)) - om1@group-C5BA1605619E: start as a follower, conf=-1: peers:[om1|localhost:15007]|listeners:[], old=null
2024-03-18 17:36:49,939 [om1-impl-thread1] INFO  server.RaftServer$Division (RaftServerImpl.java:setRole(383)) - om1@group-C5BA1605619E: changes role from      null to FOLLOWER at term 0 for startAsFollower
2024-03-18 17:36:49,940 [om1-impl-thread1] INFO  impl.RoleInfo (RoleInfo.java:updateAndGet(139)) - om1: start om1@group-C5BA1605619E-FollowerState
2024-03-18 17:36:49,941 [om1-impl-thread1] INFO  util.JmxRegister (JmxRegister.java:tryRegister(44)) - Successfully registered JMX Bean with object name Ratis:service=RaftServer,group=group-C5BA1605619E,id=om1
2024-03-18 17:36:49,942 [om1@group-C5BA1605619E-FollowerState] INFO  server.RaftServerConfigKeys (ConfUtils.java:logFallback(53)) - raft.server.rpc.first-election.timeout.min = 1s (fallback to raft.server.rpc.timeout.min)
2024-03-18 17:36:49,943 [om1@group-C5BA1605619E-FollowerState] INFO  server.RaftServerConfigKeys (ConfUtils.java:logFallback(53)) - raft.server.rpc.first-election.timeout.max = 1200ms (fallback to raft.server.rpc.timeout.max)
2024-03-18 17:36:49,943 [om1-impl-thread1] INFO  server.RaftServerConfigKeys (ConfUtils.java:logGet(46)) - raft.server.snapshot.trigger-when-stop.enabled = true (default)
2024-03-18 17:36:49,943 [om1-impl-thread1] INFO  server.RaftServerConfigKeys (ConfUtils.java:logGet(46)) - raft.server.snapshot.auto.trigger.enabled = true (custom)
2024-03-18 17:36:49,944 [om1-impl-thread1] INFO  server.RaftServerConfigKeys (ConfUtils.java:logGet(46)) - raft.server.snapshot.auto.trigger.threshold = 400000 (default)
2024-03-18 17:36:49,944 [om1-impl-thread1] INFO  server.RaftServerConfigKeys (ConfUtils.java:logGet(46)) - raft.server.snapshot.retention.file.num = -1 (default)
2024-03-18 17:36:49,945 [om1-impl-thread1] INFO  server.RaftServerConfigKeys (ConfUtils.java:logGet(46)) - raft.server.log.purge.upto.snapshot.index = true (custom)
2024-03-18 17:36:49,949 [main] INFO  server.RaftServer (RaftServerProxy.java:startImpl(406)) - om1: start RPC server
2024-03-18 17:36:49,981 [main] INFO  server.GrpcService (GrpcService.java:startImpl(302)) - om1: GrpcService started, listening on 15007
2024-03-18 17:36:49,981 [JvmPauseMonitor1] INFO  util.JvmPauseMonitor (JvmPauseMonitor.java:run(146)) - JvmPauseMonitor-om1: Started
2024-03-18 17:36:49,982 [main] INFO  om.OzoneManager (OzoneManager.java:start(1668)) - Version File has different layout version (6) than OM DB (null). That is expected if this OM has never been finalized to a newer layout version.
2024-03-18 17:36:50,002 [main] INFO  client.ScmTopologyClient (ScmTopologyClient.java:start(67)) - Initial network topology fetched from SCM: /.
2024-03-18 17:36:50,019 [main] INFO  http.BaseHttpServer (BaseHttpServer.java:newHttpServer2BuilderForOzone(223)) - Starting Web-server for ozoneManager at: http://0.0.0.0:15005
2024-03-18 17:36:50,019 [main] INFO  http.BaseHttpServer (BaseHttpServer.java:<init>(110)) - Hadoop Security Enabled: false Ozone Security Enabled: false Ozone HTTP Security Enabled: false 
2024-03-18 17:36:50,020 [main] WARN  server.AuthenticationFilter (AuthenticationFilter.java:constructSecretProvider(240)) - Unable to initialize FileSignerSecretProvider, falling back to use random secrets. Reason: Could not read signature secret file: /home/runner/hadoop-http-auth-signature-secret
2024-03-18 17:36:50,021 [main] INFO  http.HttpRequestLog (HttpRequestLog.java:getRequestLog(86)) - Http request log for http.requests.ozoneManager is not defined
2024-03-18 17:36:50,023 [main] INFO  http.HttpServer2 (HttpServer2.java:addGlobalFilter(1036)) - Added global filter 'safety' (class=org.apache.hadoop.hdds.server.http.HttpServer2$QuotingInputFilter)
2024-03-18 17:36:50,024 [main] INFO  http.HttpServer2 (HttpServer2.java:addFilter(1012)) - Added filter static_user_filter (class=org.apache.hadoop.http.lib.StaticUserWebFilter$StaticUserFilter) to context ozoneManager
2024-03-18 17:36:50,024 [main] INFO  http.HttpServer2 (HttpServer2.java:addFilter(1020)) - Added filter static_user_filter (class=org.apache.hadoop.http.lib.StaticUserWebFilter$StaticUserFilter) to context logs
2024-03-18 17:36:50,025 [main] INFO  http.HttpServer2 (HttpServer2.java:addFilter(1020)) - Added filter static_user_filter (class=org.apache.hadoop.http.lib.StaticUserWebFilter$StaticUserFilter) to context static
2024-03-18 17:36:50,026 [main] INFO  http.BaseHttpServer (BaseHttpServer.java:<init>(189)) - HTTP server of ozoneManager uses base directory /home/runner/work/ozone/ozone/hadoop-ozone/integration-test/target/test-dir/MiniOzoneClusterImpl-fcb2b1b2-065d-4164-ad15-2f123479485b/ozone-meta/webserver
2024-03-18 17:36:50,028 [main] INFO  http.HttpServer2 (HttpServer2.java:bindListener(1236)) - Jetty bound to port 15005
2024-03-18 17:36:50,029 [main] INFO  server.Server (Server.java:doStart(375)) - jetty-9.4.53.v20231009; built: 2023-10-09T12:29:09.265Z; git: 27bde00a0b95a1d5bbee0eae7984f891d2d0f8c9; jvm 1.8.0_402-b06
2024-03-18 17:36:50,031 [main] INFO  server.session (DefaultSessionIdManager.java:doStart(334)) - DefaultSessionIdManager workerName=node0
2024-03-18 17:36:50,031 [main] INFO  server.session (DefaultSessionIdManager.java:doStart(339)) - No SessionScavenger set, using defaults
2024-03-18 17:36:50,031 [main] INFO  server.session (HouseKeeper.java:startScavenging(132)) - node0 Scavenging every 600000ms
2024-03-18 17:36:50,032 [main] INFO  handler.ContextHandler (ContextHandler.java:doStart(921)) - Started o.e.j.s.ServletContextHandler@d9b664f{logs,/logs,file:///home/runner/work/ozone/ozone/hadoop-ozone/integration-test/target/log,AVAILABLE}
2024-03-18 17:36:50,032 [main] INFO  handler.ContextHandler (ContextHandler.java:doStart(921)) - Started o.e.j.s.ServletContextHandler@5736508f{static,/static,file:///home/runner/work/ozone/ozone/hadoop-ozone/integration-test/target/test-classes/webapps/static,AVAILABLE}
2024-03-18 17:36:50,036 [main] INFO  handler.ContextHandler (ContextHandler.java:doStart(921)) - Started o.e.j.w.WebAppContext@404289da{ozoneManager,/,file:///home/runner/work/ozone/ozone/hadoop-ozone/integration-test/target/test-classes/webapps/ozoneManager/,AVAILABLE}{file:/home/runner/work/ozone/ozone/hadoop-ozone/integration-test/target/test-classes/webapps/ozoneManager}
2024-03-18 17:36:50,038 [main] INFO  server.AbstractConnector (AbstractConnector.java:doStart(333)) - Started ServerConnector@45546c34{HTTP/1.1, (http/1.1)}{0.0.0.0:15005}
2024-03-18 17:36:50,038 [main] INFO  server.Server (Server.java:doStart(415)) - Started @6005ms
2024-03-18 17:36:50,038 [main] WARN  impl.MetricsSystemImpl (MetricsSystemImpl.java:register(279)) - Sink prometheus already exists!
2024-03-18 17:36:50,039 [main] INFO  http.BaseHttpServer (BaseHttpServer.java:updateConnectorAddress(354)) - HTTP server of ozoneManager listening at http://0.0.0.0:15005
2024-03-18 17:36:50,041 [IPC Server Responder] INFO  ipc.Server (Server.java:run(1562)) - IPC Server Responder: starting
2024-03-18 17:36:50,041 [IPC Server listener on 15004] INFO  ipc.Server (Server.java:run(1402)) - IPC Server listener on 15004: starting
2024-03-18 17:36:50,049 [main] INFO  om.OzoneManager (OzoneManager.java:startTrashEmptier(2124)) - Trash Interval set to 0. Files deleted won't move to trash
2024-03-18 17:36:50,059 [main] INFO  db.CodecBuffer (CodecBuffer.java:set(63)) - Successfully set constructor to org.apache.hadoop.hdds.utils.db.CodecBuffer$$Lambda$946/1395964725@7cb1b13a
2024-03-18 17:36:50,145 [main] WARN  dropwizard3.Dm3MetricRegistriesImpl (Dm3MetricRegistriesImpl.java:addReporterRegistration(113)) - New reporters are added after registries were created. Some metrics will be missing from the reporter. Please add reporter before adding any new registry.
2024-03-18 17:36:50,146 [main] WARN  dropwizard3.Dm3MetricRegistriesImpl (Dm3MetricRegistriesImpl.java:addReporterRegistration(113)) - New reporters are added after registries were created. Some metrics will be missing from the reporter. Please add reporter before adding any new registry.
2024-03-18 17:36:50,146 [main] INFO  impl.MetricsSystemImpl (MetricsSystemImpl.java:init(158)) - HddsDatanode metrics system started (again)
2024-03-18 17:36:50,162 [main] INFO  ozone.HddsDatanodeService (HddsDatanodeService.java:start(240)) - HddsDatanodeService host:fv-az1384-799.e3qrh24bduyexj1tcof5x1etkc.ex.internal.cloudapp.net ip:10.1.0.17
2024-03-18 17:36:50,186 [main] INFO  upgrade.AbstractLayoutVersionManager (AbstractLayoutVersionManager.java:init(83)) - Initializing Layout version manager with metadata layout = HADOOP_PRC_PORTS_IN_DATANODEDETAILS (version = 7), software layout = HADOOP_PRC_PORTS_IN_DATANODEDETAILS (version = 7)
2024-03-18 17:36:50,189 [main] INFO  statemachine.DatanodeStateMachine (DatanodeStateMachine.java:getEndPointTaskThreadPoolSize(299)) - Datanode State Machine Task Thread Pool size 2
2024-03-18 17:36:50,232 [main] INFO  volume.HddsVolume (HddsVolume.java:<init>(125)) - Creating HddsVolume: /home/runner/work/ozone/ozone/hadoop-ozone/integration-test/target/test-dir/MiniOzoneClusterImpl-fcb2b1b2-065d-4164-ad15-2f123479485b/ozone-meta/datanode-1/data-0/hdds of storage type : DISK capacity : 9223372036854775807
2024-03-18 17:36:50,234 [main] INFO  volume.MutableVolumeSet (MutableVolumeSet.java:initializeVolumeSet(173)) - Added Volume : /home/runner/work/ozone/ozone/hadoop-ozone/integration-test/target/test-dir/MiniOzoneClusterImpl-fcb2b1b2-065d-4164-ad15-2f123479485b/ozone-meta/datanode-1/data-0/hdds to VolumeSet
2024-03-18 17:36:50,237 [main] INFO  volume.MutableVolumeSet (MutableVolumeSet.java:initializeVolumeSet(173)) - Added Volume : /home/runner/work/ozone/ozone/hadoop-ozone/integration-test/target/test-dir/MiniOzoneClusterImpl-fcb2b1b2-065d-4164-ad15-2f123479485b/ozone-meta/datanode-1/ratis to VolumeSet
2024-03-18 17:36:50,240 [main] INFO  ozoneimpl.OzoneContainer (HddsVolumeUtil.java:loadAllHddsVolumeDbStore(103)) - Load 1 volumes DbStore cost: 0ms
2024-03-18 17:36:50,279 [main] INFO  audit.AuditLogger (AuditLogger.java:refreshDebugCmdSet(135)) - Refresh DebugCmdSet for DNAudit to [].
2024-03-18 17:36:50,300 [main] INFO  server.RaftServer (ConfUtils.java:logGet(46)) - raft.rpc.type = GRPC (default)
2024-03-18 17:36:50,301 [main] INFO  grpc.GrpcConfigKeys (ConfUtils.java:logFallback(53)) - raft.grpc.admin.host = null (fallback to raft.grpc.server.host)
2024-03-18 17:36:50,301 [main] INFO  grpc.GrpcConfigKeys (ConfUtils.java:logGet(46)) - raft.grpc.admin.port = 15013 (custom)
2024-03-18 17:36:50,301 [main] INFO  grpc.GrpcConfigKeys (ConfUtils.java:logFallback(53)) - raft.grpc.client.host = null (fallback to raft.grpc.server.host)
2024-03-18 17:36:50,301 [main] INFO  grpc.GrpcConfigKeys (ConfUtils.java:logGet(46)) - raft.grpc.client.port = 15012 (custom)
2024-03-18 17:36:50,302 [main] INFO  grpc.GrpcConfigKeys (ConfUtils.java:logGet(46)) - raft.grpc.server.host = null (default)
2024-03-18 17:36:50,302 [main] INFO  grpc.GrpcConfigKeys (ConfUtils.java:logGet(46)) - raft.grpc.server.port = 15014 (custom)
2024-03-18 17:36:50,302 [main] INFO  server.GrpcService (ConfUtils.java:logGet(46)) - raft.grpc.message.size.max = 32MB (=33554432) (custom)
2024-03-18 17:36:50,302 [main] INFO  server.RaftServerConfigKeys (ConfUtils.java:logGet(46)) - raft.server.log.appender.buffer.byte-limit = 8388608 (custom)
2024-03-18 17:36:50,302 [main] INFO  server.GrpcService (ConfUtils.java:logGet(46)) - raft.grpc.flow.control.window = 5MB (=5242880) (custom)
2024-03-18 17:36:50,303 [main] INFO  server.RaftServerConfigKeys (ConfUtils.java:logGet(46)) - raft.server.rpc.request.timeout = 60s (custom)
2024-03-18 17:36:50,303 [main] INFO  grpc.GrpcConfigKeys (ConfUtils.java:logGet(46)) - raft.grpc.server.heartbeat.channel = true (default)
2024-03-18 17:36:50,303 [main] INFO  grpc.GrpcConfigKeys (ConfUtils.java:logGet(46)) - raft.grpc.server.async.request.thread.pool.cached = true (default)
2024-03-18 17:36:50,303 [main] INFO  grpc.GrpcConfigKeys (ConfUtils.java:logGet(46)) - raft.grpc.server.async.request.thread.pool.size = 32 (default)
2024-03-18 17:36:50,305 [main] INFO  impl.DataStreamServerImpl (ConfUtils.java:logGet(46)) - raft.datastream.type = NETTY (custom)
2024-03-18 17:36:50,315 [main] INFO  server.RaftServerConfigKeys (ConfUtils.java:logGet(46)) - raft.server.data-stream.async.request.thread.pool.cached = false (default)
2024-03-18 17:36:50,315 [main] INFO  server.RaftServerConfigKeys (ConfUtils.java:logGet(46)) - raft.server.data-stream.async.request.thread.pool.size = 20 (custom)
2024-03-18 17:36:50,316 [main] INFO  server.RaftServerConfigKeys (ConfUtils.java:logGet(46)) - raft.server.data-stream.async.write.thread.pool.size = 16 (default)
2024-03-18 17:36:50,316 [main] INFO  netty.NettyConfigKeys$DataStream (ConfUtils.java:logGet(46)) - raft.netty.dataStream.server.channel.inactive.grace-period = 10min (default)
2024-03-18 17:36:50,317 [main] INFO  server.RaftServerConfigKeys (ConfUtils.java:logGet(46)) - raft.server.data-stream.client.pool.size = 10 (default)
2024-03-18 17:36:50,318 [main] INFO  netty.NettyConfigKeys$DataStream (ConfUtils.java:logGet(46)) - raft.netty.dataStream.server.use-epoll = true (default)
2024-03-18 17:36:50,319 [main] INFO  netty.NettyConfigKeys$DataStream (ConfUtils.java:logGet(46)) - raft.netty.dataStream.server.boss-group.size = 0 (default)
2024-03-18 17:36:50,319 [main] INFO  netty.NettyUtils (NettyUtils.java:newEventLoopGroup(69)) - Create EpollEventLoopGroup for d4ad8e12-a3d8-4b8c-888a-d359f75d29b2-NettyServerStreamRpc-bossGroup; Thread size is 0.
2024-03-18 17:36:50,343 [main] INFO  netty.NettyConfigKeys$DataStream (ConfUtils.java:logGet(46)) - raft.netty.dataStream.server.worker-group.size = 0 (default)
2024-03-18 17:36:50,343 [main] INFO  netty.NettyUtils (NettyUtils.java:newEventLoopGroup(69)) - Create EpollEventLoopGroup for d4ad8e12-a3d8-4b8c-888a-d359f75d29b2-NettyServerStreamRpc-workerGroup; Thread size is 0.
2024-03-18 17:36:50,344 [main] INFO  netty.NettyConfigKeys$DataStream (ConfUtils.java:logGet(46)) - raft.netty.dataStream.server.tls.conf = null (default)
2024-03-18 17:36:50,345 [main] INFO  netty.NettyConfigKeys$DataStream (ConfUtils.java:logGet(46)) - raft.netty.dataStream.host = null (default)
2024-03-18 17:36:50,345 [main] INFO  netty.NettyConfigKeys$DataStream (ConfUtils.java:logGet(46)) - raft.netty.dataStream.port = 15015 (custom)
2024-03-18 17:36:50,349 [main] INFO  server.RaftServerConfigKeys (ConfUtils.java:logGet(46)) - raft.server.sleep.deviation.threshold = 300ms (default)
2024-03-18 17:36:50,349 [main] INFO  server.RaftServerConfigKeys (ConfUtils.java:logGet(46)) - raft.server.close.threshold = 60s (default)
2024-03-18 17:36:50,349 [main] INFO  server.RaftServerConfigKeys (ConfUtils.java:logGet(46)) - raft.server.leaderelection.leader.step-down.wait-time = 10s (default)
2024-03-18 17:36:50,349 [main] INFO  server.RaftServerConfigKeys (ConfUtils.java:logGet(46)) - raft.server.storage.dir = [/home/runner/work/ozone/ozone/hadoop-ozone/integration-test/target/test-dir/MiniOzoneClusterImpl-fcb2b1b2-065d-4164-ad15-2f123479485b/ozone-meta/datanode-1/ratis] (custom)
2024-03-18 17:36:50,350 [main] INFO  server.RaftServerConfigKeys (ConfUtils.java:logGet(46)) - raft.server.threadpool.proxy.cached = true (default)
2024-03-18 17:36:50,350 [main] INFO  server.RaftServerConfigKeys (ConfUtils.java:logGet(46)) - raft.server.threadpool.proxy.size = 0 (default)
2024-03-18 17:36:50,350 [d4ad8e12-a3d8-4b8c-888a-d359f75d29b2-impl-thread1] INFO  server.RaftServer (RaftServerProxy.java:initGroupDir(264)) - d4ad8e12-a3d8-4b8c-888a-d359f75d29b2: found a subdirectory /home/runner/work/ozone/ozone/hadoop-ozone/integration-test/target/test-dir/MiniOzoneClusterImpl-fcb2b1b2-065d-4164-ad15-2f123479485b/ozone-meta/datanode-1/ratis/tmp
2024-03-18 17:36:50,355 [d4ad8e12-a3d8-4b8c-888a-d359f75d29b2-impl-thread1] INFO  server.RaftServer (RaftServerProxy.java:initGroupDir(269)) - d4ad8e12-a3d8-4b8c-888a-d359f75d29b2: The directory /home/runner/work/ozone/ozone/hadoop-ozone/integration-test/target/test-dir/MiniOzoneClusterImpl-fcb2b1b2-065d-4164-ad15-2f123479485b/ozone-meta/datanode-1/ratis/tmp is not a group directory; ignoring it. 
2024-03-18 17:36:50,357 [main] INFO  replication.ReplicationServer (ReplicationServer.java:<init>(86)) - Initializing replication server with thread count = 10 queue length = 4096
2024-03-18 17:36:50,361 [d4ad8e12-a3d8-4b8c-888a-d359f75d29b2-NettyServerStreamRpc-bossGroup--thread1] INFO  logging.LoggingHandler (AbstractInternalLogger.java:log(148)) - [id: 0x8a9aa409] REGISTERED
2024-03-18 17:36:50,361 [d4ad8e12-a3d8-4b8c-888a-d359f75d29b2-NettyServerStreamRpc-bossGroup--thread1] INFO  logging.LoggingHandler (AbstractInternalLogger.java:log(148)) - [id: 0x8a9aa409] BIND: 0.0.0.0/0.0.0.0:15015
2024-03-18 17:36:50,362 [d4ad8e12-a3d8-4b8c-888a-d359f75d29b2-NettyServerStreamRpc-bossGroup--thread1] INFO  logging.LoggingHandler (AbstractInternalLogger.java:log(148)) - [id: 0x8a9aa409, L:/0.0.0.0:15015] ACTIVE
2024-03-18 17:36:50,380 [main] INFO  server.XceiverServerGrpc (XceiverServerGrpc.java:<init>(141)) - GrpcServer channel type EpollServerSocketChannel
2024-03-18 17:36:50,440 [main] INFO  replication.ReplicationSupervisor (ReplicationSupervisor.java:build(163)) - Initializing replication supervisor with thread count = 10
2024-03-18 17:36:50,441 [main] INFO  replication.ReplicationSupervisor (ReplicationSupervisor.java:nodeStateUpdated(317)) - Node state updated to IN_SERVICE, scaling executor pool size to 10
2024-03-18 17:36:50,478 [main] INFO  http.BaseHttpServer (BaseHttpServer.java:newHttpServer2BuilderForOzone(223)) - Starting Web-server for hddsDatanode at: http://0.0.0.0:15009
2024-03-18 17:36:50,478 [main] INFO  http.BaseHttpServer (BaseHttpServer.java:<init>(110)) - Hadoop Security Enabled: false Ozone Security Enabled: false Ozone HTTP Security Enabled: false 
2024-03-18 17:36:50,479 [main] WARN  server.AuthenticationFilter (AuthenticationFilter.java:constructSecretProvider(240)) - Unable to initialize FileSignerSecretProvider, falling back to use random secrets. Reason: Could not read signature secret file: /home/runner/hadoop-http-auth-signature-secret
2024-03-18 17:36:50,480 [main] INFO  http.HttpRequestLog (HttpRequestLog.java:getRequestLog(86)) - Http request log for http.requests.hddsDatanode is not defined
2024-03-18 17:36:50,481 [main] INFO  http.HttpServer2 (HttpServer2.java:addGlobalFilter(1036)) - Added global filter 'safety' (class=org.apache.hadoop.hdds.server.http.HttpServer2$QuotingInputFilter)
2024-03-18 17:36:50,483 [main] INFO  http.HttpServer2 (HttpServer2.java:addFilter(1012)) - Added filter static_user_filter (class=org.apache.hadoop.http.lib.StaticUserWebFilter$StaticUserFilter) to context hddsDatanode
2024-03-18 17:36:50,483 [main] INFO  http.HttpServer2 (HttpServer2.java:addFilter(1020)) - Added filter static_user_filter (class=org.apache.hadoop.http.lib.StaticUserWebFilter$StaticUserFilter) to context logs
2024-03-18 17:36:50,483 [main] INFO  http.HttpServer2 (HttpServer2.java:addFilter(1020)) - Added filter static_user_filter (class=org.apache.hadoop.http.lib.StaticUserWebFilter$StaticUserFilter) to context static
2024-03-18 17:36:50,484 [main] INFO  http.BaseHttpServer (BaseHttpServer.java:<init>(189)) - HTTP server of hddsDatanode uses base directory /home/runner/work/ozone/ozone/hadoop-ozone/integration-test/target/test-dir/MiniOzoneClusterImpl-fcb2b1b2-065d-4164-ad15-2f123479485b/ozone-meta/datanode-1/meta/webserver
2024-03-18 17:36:50,484 [main] INFO  http.HttpServer2 (HttpServer2.java:bindListener(1236)) - Jetty bound to port 15009
2024-03-18 17:36:50,484 [main] INFO  server.Server (Server.java:doStart(375)) - jetty-9.4.53.v20231009; built: 2023-10-09T12:29:09.265Z; git: 27bde00a0b95a1d5bbee0eae7984f891d2d0f8c9; jvm 1.8.0_402-b06
2024-03-18 17:36:50,489 [main] INFO  server.session (DefaultSessionIdManager.java:doStart(334)) - DefaultSessionIdManager workerName=node0
2024-03-18 17:36:50,490 [main] INFO  server.session (DefaultSessionIdManager.java:doStart(339)) - No SessionScavenger set, using defaults
2024-03-18 17:36:50,490 [main] INFO  server.session (HouseKeeper.java:startScavenging(132)) - node0 Scavenging every 660000ms
2024-03-18 17:36:50,491 [main] INFO  handler.ContextHandler (ContextHandler.java:doStart(921)) - Started o.e.j.s.ServletContextHandler@4551aa4{logs,/logs,file:///home/runner/work/ozone/ozone/hadoop-ozone/integration-test/target/log,AVAILABLE}
2024-03-18 17:36:50,491 [main] INFO  handler.ContextHandler (ContextHandler.java:doStart(921)) - Started o.e.j.s.ServletContextHandler@62f4e37f{static,/static,jar:file:/home/runner/.m2/repository/org/apache/ozone/hdds-container-service/1.5.0-SNAPSHOT/hdds-container-service-1.5.0-SNAPSHOT.jar!/webapps/static,AVAILABLE}
2024-03-18 17:36:50,536 [main] INFO  handler.ContextHandler (ContextHandler.java:doStart(921)) - Started o.e.j.w.WebAppContext@6197b1fc{hddsDatanode,/,file:///home/runner/work/ozone/ozone/hadoop-ozone/integration-test/target/test-dir/MiniOzoneClusterImpl-fcb2b1b2-065d-4164-ad15-2f123479485b/ozone-meta/datanode-1/meta/webserver/jetty-0_0_0_0-15009-hdds-container-service-1_5_0-SNAPSHOT_jar-_-any-1747434381479252494/webapp/,AVAILABLE}{jar:file:/home/runner/.m2/repository/org/apache/ozone/hdds-container-service/1.5.0-SNAPSHOT/hdds-container-service-1.5.0-SNAPSHOT.jar!/webapps/hddsDatanode}
2024-03-18 17:36:50,537 [main] INFO  server.AbstractConnector (AbstractConnector.java:doStart(333)) - Started ServerConnector@23c3fdd5{HTTP/1.1, (http/1.1)}{0.0.0.0:15009}
2024-03-18 17:36:50,538 [main] INFO  server.Server (Server.java:doStart(415)) - Started @6505ms
2024-03-18 17:36:50,538 [main] WARN  impl.MetricsSystemImpl (MetricsSystemImpl.java:register(279)) - Sink prometheus already exists!
2024-03-18 17:36:50,539 [main] INFO  http.BaseHttpServer (BaseHttpServer.java:updateConnectorAddress(354)) - HTTP server of hddsDatanode listening at http://0.0.0.0:15009
2024-03-18 17:36:50,541 [main] INFO  ipc.CallQueueManager (CallQueueManager.java:<init>(90)) - Using callQueue: class java.util.concurrent.LinkedBlockingQueue, queueCapacity: 100, scheduler: class org.apache.hadoop.ipc.DefaultRpcScheduler, ipcBackoff: false.
2024-03-18 17:36:50,542 [main] INFO  ipc.Server (Server.java:<init>(1287)) - Listener at 0.0.0.0:15010
2024-03-18 17:36:50,542 [Socket Reader #1 for port 15010] INFO  ipc.Server (Server.java:run(1323)) - Starting Socket Reader #1 for port 15010
2024-03-18 17:36:50,545 [main] INFO  ozone.HddsDatanodeService (HddsDatanodeService.java:start(327)) - Datanode start with admins: [runner]
2024-03-18 17:36:50,545 [main] INFO  ozone.HddsDatanodeClientProtocolServer (HddsDatanodeClientProtocolServer.java:start(77)) - RPC server for Client /0.0.0.0:15010
2024-03-18 17:36:50,545 [IPC Server Responder] INFO  ipc.Server (Server.java:run(1562)) - IPC Server Responder: starting
2024-03-18 17:36:50,545 [IPC Server listener on 15010] INFO  ipc.Server (Server.java:run(1402)) - IPC Server listener on 15010: starting
2024-03-18 17:36:50,547 [d4ad8e12-a3d8-4b8c-888a-d359f75d29b2-DatanodeStateMachineDaemonThread] INFO  statemachine.DatanodeStateMachine (DatanodeStateMachine.java:lambda$startDaemon$1(555)) - Ozone container server started.
2024-03-18 17:36:50,548 [main] WARN  dropwizard3.Dm3MetricRegistriesImpl (Dm3MetricRegistriesImpl.java:addReporterRegistration(113)) - New reporters are added after registries were created. Some metrics will be missing from the reporter. Please add reporter before adding any new registry.
2024-03-18 17:36:50,549 [main] WARN  dropwizard3.Dm3MetricRegistriesImpl (Dm3MetricRegistriesImpl.java:addReporterRegistration(113)) - New reporters are added after registries were created. Some metrics will be missing from the reporter. Please add reporter before adding any new registry.
2024-03-18 17:36:50,549 [main] INFO  impl.MetricsSystemImpl (MetricsSystemImpl.java:init(158)) - HddsDatanode metrics system started (again)
2024-03-18 17:36:50,577 [main] INFO  ozone.HddsDatanodeService (HddsDatanodeService.java:start(240)) - HddsDatanodeService host:fv-az1384-799.e3qrh24bduyexj1tcof5x1etkc.ex.internal.cloudapp.net ip:10.1.0.17
2024-03-18 17:36:50,604 [main] INFO  upgrade.AbstractLayoutVersionManager (AbstractLayoutVersionManager.java:init(83)) - Initializing Layout version manager with metadata layout = HADOOP_PRC_PORTS_IN_DATANODEDETAILS (version = 7), software layout = HADOOP_PRC_PORTS_IN_DATANODEDETAILS (version = 7)
2024-03-18 17:36:50,605 [main] INFO  statemachine.DatanodeStateMachine (DatanodeStateMachine.java:getEndPointTaskThreadPoolSize(299)) - Datanode State Machine Task Thread Pool size 2
2024-03-18 17:36:50,608 [main] INFO  volume.HddsVolume (HddsVolume.java:<init>(125)) - Creating HddsVolume: /home/runner/work/ozone/ozone/hadoop-ozone/integration-test/target/test-dir/MiniOzoneClusterImpl-fcb2b1b2-065d-4164-ad15-2f123479485b/ozone-meta/datanode-2/data-0/hdds of storage type : DISK capacity : 9223372036854775807
2024-03-18 17:36:50,609 [main] INFO  volume.MutableVolumeSet (MutableVolumeSet.java:initializeVolumeSet(173)) - Added Volume : /home/runner/work/ozone/ozone/hadoop-ozone/integration-test/target/test-dir/MiniOzoneClusterImpl-fcb2b1b2-065d-4164-ad15-2f123479485b/ozone-meta/datanode-2/data-0/hdds to VolumeSet
2024-03-18 17:36:50,610 [main] INFO  volume.MutableVolumeSet (MutableVolumeSet.java:initializeVolumeSet(173)) - Added Volume : /home/runner/work/ozone/ozone/hadoop-ozone/integration-test/target/test-dir/MiniOzoneClusterImpl-fcb2b1b2-065d-4164-ad15-2f123479485b/ozone-meta/datanode-2/ratis to VolumeSet
2024-03-18 17:36:50,611 [main] INFO  ozoneimpl.OzoneContainer (HddsVolumeUtil.java:loadAllHddsVolumeDbStore(103)) - Load 1 volumes DbStore cost: 0ms
2024-03-18 17:36:50,615 [main] INFO  server.RaftServer (ConfUtils.java:logGet(46)) - raft.rpc.type = GRPC (default)
2024-03-18 17:36:50,615 [main] INFO  grpc.GrpcConfigKeys (ConfUtils.java:logFallback(53)) - raft.grpc.admin.host = null (fallback to raft.grpc.server.host)
2024-03-18 17:36:50,615 [main] INFO  grpc.GrpcConfigKeys (ConfUtils.java:logGet(46)) - raft.grpc.admin.port = 15022 (custom)
2024-03-18 17:36:50,616 [main] INFO  grpc.GrpcConfigKeys (ConfUtils.java:logFallback(53)) - raft.grpc.client.host = null (fallback to raft.grpc.server.host)
2024-03-18 17:36:50,616 [main] INFO  grpc.GrpcConfigKeys (ConfUtils.java:logGet(46)) - raft.grpc.client.port = 15021 (custom)
2024-03-18 17:36:50,616 [main] INFO  grpc.GrpcConfigKeys (ConfUtils.java:logGet(46)) - raft.grpc.server.host = null (default)
2024-03-18 17:36:50,616 [main] INFO  grpc.GrpcConfigKeys (ConfUtils.java:logGet(46)) - raft.grpc.server.port = 15023 (custom)
2024-03-18 17:36:50,616 [main] INFO  server.GrpcService (ConfUtils.java:logGet(46)) - raft.grpc.message.size.max = 32MB (=33554432) (custom)
2024-03-18 17:36:50,617 [main] INFO  server.RaftServerConfigKeys (ConfUtils.java:logGet(46)) - raft.server.log.appender.buffer.byte-limit = 8388608 (custom)
2024-03-18 17:36:50,617 [main] INFO  server.GrpcService (ConfUtils.java:logGet(46)) - raft.grpc.flow.control.window = 5MB (=5242880) (custom)
2024-03-18 17:36:50,617 [main] INFO  server.RaftServerConfigKeys (ConfUtils.java:logGet(46)) - raft.server.rpc.request.timeout = 60s (custom)
2024-03-18 17:36:50,617 [main] INFO  grpc.GrpcConfigKeys (ConfUtils.java:logGet(46)) - raft.grpc.server.heartbeat.channel = true (default)
2024-03-18 17:36:50,618 [main] INFO  grpc.GrpcConfigKeys (ConfUtils.java:logGet(46)) - raft.grpc.server.async.request.thread.pool.cached = true (default)
2024-03-18 17:36:50,618 [main] INFO  grpc.GrpcConfigKeys (ConfUtils.java:logGet(46)) - raft.grpc.server.async.request.thread.pool.size = 32 (default)
2024-03-18 17:36:50,621 [main] INFO  impl.DataStreamServerImpl (ConfUtils.java:logGet(46)) - raft.datastream.type = NETTY (custom)
2024-03-18 17:36:50,622 [main] INFO  server.RaftServerConfigKeys (ConfUtils.java:logGet(46)) - raft.server.data-stream.async.request.thread.pool.cached = false (default)
2024-03-18 17:36:50,622 [main] INFO  server.RaftServerConfigKeys (ConfUtils.java:logGet(46)) - raft.server.data-stream.async.request.thread.pool.size = 20 (custom)
2024-03-18 17:36:50,622 [main] INFO  server.RaftServerConfigKeys (ConfUtils.java:logGet(46)) - raft.server.data-stream.async.write.thread.pool.size = 16 (default)
2024-03-18 17:36:50,623 [main] INFO  netty.NettyConfigKeys$DataStream (ConfUtils.java:logGet(46)) - raft.netty.dataStream.server.channel.inactive.grace-period = 10min (default)
2024-03-18 17:36:50,623 [main] INFO  server.RaftServerConfigKeys (ConfUtils.java:logGet(46)) - raft.server.data-stream.client.pool.size = 10 (default)
2024-03-18 17:36:50,623 [main] INFO  netty.NettyConfigKeys$DataStream (ConfUtils.java:logGet(46)) - raft.netty.dataStream.server.use-epoll = true (default)
2024-03-18 17:36:50,623 [main] INFO  netty.NettyConfigKeys$DataStream (ConfUtils.java:logGet(46)) - raft.netty.dataStream.server.boss-group.size = 0 (default)
2024-03-18 17:36:50,623 [main] INFO  netty.NettyUtils (NettyUtils.java:newEventLoopGroup(69)) - Create EpollEventLoopGroup for 56261a0d-e81e-4394-808f-5b50f7cf5f2a-NettyServerStreamRpc-bossGroup; Thread size is 0.
2024-03-18 17:36:50,624 [main] INFO  netty.NettyConfigKeys$DataStream (ConfUtils.java:logGet(46)) - raft.netty.dataStream.server.worker-group.size = 0 (default)
2024-03-18 17:36:50,624 [main] INFO  netty.NettyUtils (NettyUtils.java:newEventLoopGroup(69)) - Create EpollEventLoopGroup for 56261a0d-e81e-4394-808f-5b50f7cf5f2a-NettyServerStreamRpc-workerGroup; Thread size is 0.
2024-03-18 17:36:50,625 [main] INFO  netty.NettyConfigKeys$DataStream (ConfUtils.java:logGet(46)) - raft.netty.dataStream.server.tls.conf = null (default)
2024-03-18 17:36:50,625 [main] INFO  netty.NettyConfigKeys$DataStream (ConfUtils.java:logGet(46)) - raft.netty.dataStream.host = null (default)
2024-03-18 17:36:50,626 [main] INFO  netty.NettyConfigKeys$DataStream (ConfUtils.java:logGet(46)) - raft.netty.dataStream.port = 15024 (custom)
2024-03-18 17:36:50,626 [main] INFO  server.RaftServerConfigKeys (ConfUtils.java:logGet(46)) - raft.server.sleep.deviation.threshold = 300ms (default)
2024-03-18 17:36:50,631 [main] INFO  server.RaftServerConfigKeys (ConfUtils.java:logGet(46)) - raft.server.close.threshold = 60s (default)
2024-03-18 17:36:50,630 [56261a0d-e81e-4394-808f-5b50f7cf5f2a-NettyServerStreamRpc-bossGroup--thread1] INFO  logging.LoggingHandler (AbstractInternalLogger.java:log(148)) - [id: 0xb22b6bc5] REGISTERED
2024-03-18 17:36:50,631 [56261a0d-e81e-4394-808f-5b50f7cf5f2a-NettyServerStreamRpc-bossGroup--thread1] INFO  logging.LoggingHandler (AbstractInternalLogger.java:log(148)) - [id: 0xb22b6bc5] BIND: 0.0.0.0/0.0.0.0:15024
2024-03-18 17:36:50,631 [main] INFO  server.RaftServerConfigKeys (ConfUtils.java:logGet(46)) - raft.server.leaderelection.leader.step-down.wait-time = 10s (default)
2024-03-18 17:36:50,632 [main] INFO  server.RaftServerConfigKeys (ConfUtils.java:logGet(46)) - raft.server.storage.dir = [/home/runner/work/ozone/ozone/hadoop-ozone/integration-test/target/test-dir/MiniOzoneClusterImpl-fcb2b1b2-065d-4164-ad15-2f123479485b/ozone-meta/datanode-2/ratis] (custom)
2024-03-18 17:36:50,632 [main] INFO  server.RaftServerConfigKeys (ConfUtils.java:logGet(46)) - raft.server.threadpool.proxy.cached = true (default)
2024-03-18 17:36:50,632 [main] INFO  server.RaftServerConfigKeys (ConfUtils.java:logGet(46)) - raft.server.threadpool.proxy.size = 0 (default)
2024-03-18 17:36:50,632 [56261a0d-e81e-4394-808f-5b50f7cf5f2a-NettyServerStreamRpc-bossGroup--thread1] INFO  logging.LoggingHandler (AbstractInternalLogger.java:log(148)) - [id: 0xb22b6bc5, L:/0.0.0.0:15024] ACTIVE
2024-03-18 17:36:50,633 [56261a0d-e81e-4394-808f-5b50f7cf5f2a-impl-thread1] INFO  server.RaftServer (RaftServerProxy.java:initGroupDir(264)) - 56261a0d-e81e-4394-808f-5b50f7cf5f2a: found a subdirectory /home/runner/work/ozone/ozone/hadoop-ozone/integration-test/target/test-dir/MiniOzoneClusterImpl-fcb2b1b2-065d-4164-ad15-2f123479485b/ozone-meta/datanode-2/ratis/tmp
2024-03-18 17:36:50,633 [56261a0d-e81e-4394-808f-5b50f7cf5f2a-impl-thread1] INFO  server.RaftServer (RaftServerProxy.java:initGroupDir(269)) - 56261a0d-e81e-4394-808f-5b50f7cf5f2a: The directory /home/runner/work/ozone/ozone/hadoop-ozone/integration-test/target/test-dir/MiniOzoneClusterImpl-fcb2b1b2-065d-4164-ad15-2f123479485b/ozone-meta/datanode-2/ratis/tmp is not a group directory; ignoring it. 
2024-03-18 17:36:50,633 [main] INFO  replication.ReplicationServer (ReplicationServer.java:<init>(86)) - Initializing replication server with thread count = 10 queue length = 4096
2024-03-18 17:36:50,635 [main] INFO  server.XceiverServerGrpc (XceiverServerGrpc.java:<init>(141)) - GrpcServer channel type EpollServerSocketChannel
2024-03-18 17:36:50,639 [main] INFO  replication.ReplicationSupervisor (ReplicationSupervisor.java:build(163)) - Initializing replication supervisor with thread count = 10
2024-03-18 17:36:50,639 [main] INFO  replication.ReplicationSupervisor (ReplicationSupervisor.java:nodeStateUpdated(317)) - Node state updated to IN_SERVICE, scaling executor pool size to 10
2024-03-18 17:36:50,642 [main] INFO  http.BaseHttpServer (BaseHttpServer.java:newHttpServer2BuilderForOzone(223)) - Starting Web-server for hddsDatanode at: http://0.0.0.0:15018
2024-03-18 17:36:50,643 [main] INFO  http.BaseHttpServer (BaseHttpServer.java:<init>(110)) - Hadoop Security Enabled: false Ozone Security Enabled: false Ozone HTTP Security Enabled: false 
2024-03-18 17:36:50,644 [main] WARN  server.AuthenticationFilter (AuthenticationFilter.java:constructSecretProvider(240)) - Unable to initialize FileSignerSecretProvider, falling back to use random secrets. Reason: Could not read signature secret file: /home/runner/hadoop-http-auth-signature-secret
2024-03-18 17:36:50,647 [main] INFO  http.HttpRequestLog (HttpRequestLog.java:getRequestLog(86)) - Http request log for http.requests.hddsDatanode is not defined
2024-03-18 17:36:50,648 [main] INFO  http.HttpServer2 (HttpServer2.java:addGlobalFilter(1036)) - Added global filter 'safety' (class=org.apache.hadoop.hdds.server.http.HttpServer2$QuotingInputFilter)
2024-03-18 17:36:50,652 [main] INFO  http.HttpServer2 (HttpServer2.java:addFilter(1012)) - Added filter static_user_filter (class=org.apache.hadoop.http.lib.StaticUserWebFilter$StaticUserFilter) to context hddsDatanode
2024-03-18 17:36:50,653 [main] INFO  http.HttpServer2 (HttpServer2.java:addFilter(1020)) - Added filter static_user_filter (class=org.apache.hadoop.http.lib.StaticUserWebFilter$StaticUserFilter) to context static
2024-03-18 17:36:50,653 [main] INFO  http.HttpServer2 (HttpServer2.java:addFilter(1020)) - Added filter static_user_filter (class=org.apache.hadoop.http.lib.StaticUserWebFilter$StaticUserFilter) to context logs
2024-03-18 17:36:50,654 [main] INFO  http.BaseHttpServer (BaseHttpServer.java:<init>(189)) - HTTP server of hddsDatanode uses base directory /home/runner/work/ozone/ozone/hadoop-ozone/integration-test/target/test-dir/MiniOzoneClusterImpl-fcb2b1b2-065d-4164-ad15-2f123479485b/ozone-meta/datanode-2/meta/webserver
2024-03-18 17:36:50,654 [main] INFO  http.HttpServer2 (HttpServer2.java:bindListener(1236)) - Jetty bound to port 15018
2024-03-18 17:36:50,654 [main] INFO  server.Server (Server.java:doStart(375)) - jetty-9.4.53.v20231009; built: 2023-10-09T12:29:09.265Z; git: 27bde00a0b95a1d5bbee0eae7984f891d2d0f8c9; jvm 1.8.0_402-b06
2024-03-18 17:36:50,659 [d4ad8e12-a3d8-4b8c-888a-d359f75d29b2-DatanodeStateMachineTaskThread-0] INFO  datanode.InitDatanodeState (InitDatanodeState.java:persistContainerDatanodeDetails(139)) - DatanodeDetails is persisted to /home/runner/work/ozone/ozone/hadoop-ozone/integration-test/target/test-dir/MiniOzoneClusterImpl-fcb2b1b2-065d-4164-ad15-2f123479485b/ozone-meta/datanode-1/meta/datanode.id
2024-03-18 17:36:50,663 [main] INFO  server.session (DefaultSessionIdManager.java:doStart(334)) - DefaultSessionIdManager workerName=node0
2024-03-18 17:36:50,663 [main] INFO  server.session (DefaultSessionIdManager.java:doStart(339)) - No SessionScavenger set, using defaults
2024-03-18 17:36:50,663 [main] INFO  server.session (HouseKeeper.java:startScavenging(132)) - node0 Scavenging every 600000ms
2024-03-18 17:36:50,664 [main] INFO  handler.ContextHandler (ContextHandler.java:doStart(921)) - Started o.e.j.s.ServletContextHandler@116c8532{logs,/logs,file:///home/runner/work/ozone/ozone/hadoop-ozone/integration-test/target/log,AVAILABLE}
2024-03-18 17:36:50,664 [main] INFO  handler.ContextHandler (ContextHandler.java:doStart(921)) - Started o.e.j.s.ServletContextHandler@6dd11d81{static,/static,jar:file:/home/runner/.m2/repository/org/apache/ozone/hdds-container-service/1.5.0-SNAPSHOT/hdds-container-service-1.5.0-SNAPSHOT.jar!/webapps/static,AVAILABLE}
2024-03-18 17:36:50,703 [main] INFO  handler.ContextHandler (ContextHandler.java:doStart(921)) - Started o.e.j.w.WebAppContext@46a42b5b{hddsDatanode,/,file:///home/runner/work/ozone/ozone/hadoop-ozone/integration-test/target/test-dir/MiniOzoneClusterImpl-fcb2b1b2-065d-4164-ad15-2f123479485b/ozone-meta/datanode-2/meta/webserver/jetty-0_0_0_0-15018-hdds-container-service-1_5_0-SNAPSHOT_jar-_-any-8663205682139937666/webapp/,AVAILABLE}{jar:file:/home/runner/.m2/repository/org/apache/ozone/hdds-container-service/1.5.0-SNAPSHOT/hdds-container-service-1.5.0-SNAPSHOT.jar!/webapps/hddsDatanode}
2024-03-18 17:36:50,705 [main] INFO  server.AbstractConnector (AbstractConnector.java:doStart(333)) - Started ServerConnector@255f8650{HTTP/1.1, (http/1.1)}{0.0.0.0:15018}
2024-03-18 17:36:50,705 [main] INFO  server.Server (Server.java:doStart(415)) - Started @6672ms
2024-03-18 17:36:50,705 [main] WARN  impl.MetricsSystemImpl (MetricsSystemImpl.java:register(279)) - Sink prometheus already exists!
2024-03-18 17:36:50,706 [main] INFO  http.BaseHttpServer (BaseHttpServer.java:updateConnectorAddress(354)) - HTTP server of hddsDatanode listening at http://0.0.0.0:15018
2024-03-18 17:36:50,706 [main] INFO  ipc.CallQueueManager (CallQueueManager.java:<init>(90)) - Using callQueue: class java.util.concurrent.LinkedBlockingQueue, queueCapacity: 100, scheduler: class org.apache.hadoop.ipc.DefaultRpcScheduler, ipcBackoff: false.
2024-03-18 17:36:50,707 [main] INFO  ipc.Server (Server.java:<init>(1287)) - Listener at 0.0.0.0:15019
2024-03-18 17:36:50,707 [Socket Reader #1 for port 15019] INFO  ipc.Server (Server.java:run(1323)) - Starting Socket Reader #1 for port 15019
2024-03-18 17:36:50,713 [main] INFO  ozone.HddsDatanodeService (HddsDatanodeService.java:start(327)) - Datanode start with admins: [runner]
2024-03-18 17:36:50,713 [main] INFO  ozone.HddsDatanodeClientProtocolServer (HddsDatanodeClientProtocolServer.java:start(77)) - RPC server for Client /0.0.0.0:15019
2024-03-18 17:36:50,716 [IPC Server Responder] INFO  ipc.Server (Server.java:run(1562)) - IPC Server Responder: starting
2024-03-18 17:36:50,716 [IPC Server listener on 15019] INFO  ipc.Server (Server.java:run(1402)) - IPC Server listener on 15019: starting
2024-03-18 17:36:50,719 [56261a0d-e81e-4394-808f-5b50f7cf5f2a-DatanodeStateMachineDaemonThread] INFO  statemachine.DatanodeStateMachine (DatanodeStateMachine.java:lambda$startDaemon$1(555)) - Ozone container server started.
2024-03-18 17:36:50,720 [main] WARN  dropwizard3.Dm3MetricRegistriesImpl (Dm3MetricRegistriesImpl.java:addReporterRegistration(113)) - New reporters are added after registries were created. Some metrics will be missing from the reporter. Please add reporter before adding any new registry.
2024-03-18 17:36:50,721 [main] WARN  dropwizard3.Dm3MetricRegistriesImpl (Dm3MetricRegistriesImpl.java:addReporterRegistration(113)) - New reporters are added after registries were created. Some metrics will be missing from the reporter. Please add reporter before adding any new registry.
2024-03-18 17:36:50,721 [main] INFO  impl.MetricsSystemImpl (MetricsSystemImpl.java:init(158)) - HddsDatanode metrics system started (again)
2024-03-18 17:36:50,729 [main] INFO  ozone.HddsDatanodeService (HddsDatanodeService.java:start(240)) - HddsDatanodeService host:fv-az1384-799.e3qrh24bduyexj1tcof5x1etkc.ex.internal.cloudapp.net ip:10.1.0.17
2024-03-18 17:36:50,735 [56261a0d-e81e-4394-808f-5b50f7cf5f2a-DatanodeStateMachineTaskThread-0] INFO  datanode.InitDatanodeState (InitDatanodeState.java:persistContainerDatanodeDetails(139)) - DatanodeDetails is persisted to /home/runner/work/ozone/ozone/hadoop-ozone/integration-test/target/test-dir/MiniOzoneClusterImpl-fcb2b1b2-065d-4164-ad15-2f123479485b/ozone-meta/datanode-2/meta/datanode.id
2024-03-18 17:36:50,751 [main] INFO  upgrade.AbstractLayoutVersionManager (AbstractLayoutVersionManager.java:init(83)) - Initializing Layout version manager with metadata layout = HADOOP_PRC_PORTS_IN_DATANODEDETAILS (version = 7), software layout = HADOOP_PRC_PORTS_IN_DATANODEDETAILS (version = 7)
2024-03-18 17:36:50,752 [main] INFO  statemachine.DatanodeStateMachine (DatanodeStateMachine.java:getEndPointTaskThreadPoolSize(299)) - Datanode State Machine Task Thread Pool size 2
2024-03-18 17:36:50,755 [main] INFO  volume.HddsVolume (HddsVolume.java:<init>(125)) - Creating HddsVolume: /home/runner/work/ozone/ozone/hadoop-ozone/integration-test/target/test-dir/MiniOzoneClusterImpl-fcb2b1b2-065d-4164-ad15-2f123479485b/ozone-meta/datanode-3/data-0/hdds of storage type : DISK capacity : 9223372036854775807
2024-03-18 17:36:50,755 [main] INFO  volume.MutableVolumeSet (MutableVolumeSet.java:initializeVolumeSet(173)) - Added Volume : /home/runner/work/ozone/ozone/hadoop-ozone/integration-test/target/test-dir/MiniOzoneClusterImpl-fcb2b1b2-065d-4164-ad15-2f123479485b/ozone-meta/datanode-3/data-0/hdds to VolumeSet
2024-03-18 17:36:50,757 [main] INFO  volume.MutableVolumeSet (MutableVolumeSet.java:initializeVolumeSet(173)) - Added Volume : /home/runner/work/ozone/ozone/hadoop-ozone/integration-test/target/test-dir/MiniOzoneClusterImpl-fcb2b1b2-065d-4164-ad15-2f123479485b/ozone-meta/datanode-3/ratis to VolumeSet
2024-03-18 17:36:50,757 [main] INFO  ozoneimpl.OzoneContainer (HddsVolumeUtil.java:loadAllHddsVolumeDbStore(103)) - Load 1 volumes DbStore cost: 0ms
2024-03-18 17:36:50,761 [main] INFO  server.RaftServer (ConfUtils.java:logGet(46)) - raft.rpc.type = GRPC (default)
2024-03-18 17:36:50,761 [main] INFO  grpc.GrpcConfigKeys (ConfUtils.java:logFallback(53)) - raft.grpc.admin.host = null (fallback to raft.grpc.server.host)
2024-03-18 17:36:50,761 [main] INFO  grpc.GrpcConfigKeys (ConfUtils.java:logGet(46)) - raft.grpc.admin.port = 15031 (custom)
2024-03-18 17:36:50,762 [main] INFO  grpc.GrpcConfigKeys (ConfUtils.java:logFallback(53)) - raft.grpc.client.host = null (fallback to raft.grpc.server.host)
2024-03-18 17:36:50,762 [main] INFO  grpc.GrpcConfigKeys (ConfUtils.java:logGet(46)) - raft.grpc.client.port = 15030 (custom)
2024-03-18 17:36:50,762 [main] INFO  grpc.GrpcConfigKeys (ConfUtils.java:logGet(46)) - raft.grpc.server.host = null (default)
2024-03-18 17:36:50,762 [main] INFO  grpc.GrpcConfigKeys (ConfUtils.java:logGet(46)) - raft.grpc.server.port = 15032 (custom)
2024-03-18 17:36:50,762 [main] INFO  server.GrpcService (ConfUtils.java:logGet(46)) - raft.grpc.message.size.max = 32MB (=33554432) (custom)
2024-03-18 17:36:50,763 [main] INFO  server.RaftServerConfigKeys (ConfUtils.java:logGet(46)) - raft.server.log.appender.buffer.byte-limit = 8388608 (custom)
2024-03-18 17:36:50,763 [main] INFO  server.GrpcService (ConfUtils.java:logGet(46)) - raft.grpc.flow.control.window = 5MB (=5242880) (custom)
2024-03-18 17:36:50,763 [main] INFO  server.RaftServerConfigKeys (ConfUtils.java:logGet(46)) - raft.server.rpc.request.timeout = 60s (custom)
2024-03-18 17:36:50,763 [main] INFO  grpc.GrpcConfigKeys (ConfUtils.java:logGet(46)) - raft.grpc.server.heartbeat.channel = true (default)
2024-03-18 17:36:50,764 [main] INFO  grpc.GrpcConfigKeys (ConfUtils.java:logGet(46)) - raft.grpc.server.async.request.thread.pool.cached = true (default)
2024-03-18 17:36:50,764 [main] INFO  grpc.GrpcConfigKeys (ConfUtils.java:logGet(46)) - raft.grpc.server.async.request.thread.pool.size = 32 (default)
2024-03-18 17:36:50,766 [main] INFO  impl.DataStreamServerImpl (ConfUtils.java:logGet(46)) - raft.datastream.type = NETTY (custom)
2024-03-18 17:36:50,766 [main] INFO  server.RaftServerConfigKeys (ConfUtils.java:logGet(46)) - raft.server.data-stream.async.request.thread.pool.cached = false (default)
2024-03-18 17:36:50,766 [main] INFO  server.RaftServerConfigKeys (ConfUtils.java:logGet(46)) - raft.server.data-stream.async.request.thread.pool.size = 20 (custom)
2024-03-18 17:36:50,767 [main] INFO  server.RaftServerConfigKeys (ConfUtils.java:logGet(46)) - raft.server.data-stream.async.write.thread.pool.size = 16 (default)
2024-03-18 17:36:50,767 [main] INFO  netty.NettyConfigKeys$DataStream (ConfUtils.java:logGet(46)) - raft.netty.dataStream.server.channel.inactive.grace-period = 10min (default)
2024-03-18 17:36:50,767 [main] INFO  server.RaftServerConfigKeys (ConfUtils.java:logGet(46)) - raft.server.data-stream.client.pool.size = 10 (default)
2024-03-18 17:36:50,767 [main] INFO  netty.NettyConfigKeys$DataStream (ConfUtils.java:logGet(46)) - raft.netty.dataStream.server.use-epoll = true (default)
2024-03-18 17:36:50,768 [main] INFO  netty.NettyConfigKeys$DataStream (ConfUtils.java:logGet(46)) - raft.netty.dataStream.server.boss-group.size = 0 (default)
2024-03-18 17:36:50,768 [main] INFO  netty.NettyUtils (NettyUtils.java:newEventLoopGroup(69)) - Create EpollEventLoopGroup for c55acdcd-41ed-4e13-9d38-7679e97508ee-NettyServerStreamRpc-bossGroup; Thread size is 0.
2024-03-18 17:36:50,768 [main] INFO  netty.NettyConfigKeys$DataStream (ConfUtils.java:logGet(46)) - raft.netty.dataStream.server.worker-group.size = 0 (default)
2024-03-18 17:36:50,768 [main] INFO  netty.NettyUtils (NettyUtils.java:newEventLoopGroup(69)) - Create EpollEventLoopGroup for c55acdcd-41ed-4e13-9d38-7679e97508ee-NettyServerStreamRpc-workerGroup; Thread size is 0.
2024-03-18 17:36:50,769 [main] INFO  netty.NettyConfigKeys$DataStream (ConfUtils.java:logGet(46)) - raft.netty.dataStream.server.tls.conf = null (default)
2024-03-18 17:36:50,769 [main] INFO  netty.NettyConfigKeys$DataStream (ConfUtils.java:logGet(46)) - raft.netty.dataStream.host = null (default)
2024-03-18 17:36:50,769 [main] INFO  netty.NettyConfigKeys$DataStream (ConfUtils.java:logGet(46)) - raft.netty.dataStream.port = 15033 (custom)
2024-03-18 17:36:50,770 [main] INFO  server.RaftServerConfigKeys (ConfUtils.java:logGet(46)) - raft.server.sleep.deviation.threshold = 300ms (default)
2024-03-18 17:36:50,771 [c55acdcd-41ed-4e13-9d38-7679e97508ee-NettyServerStreamRpc-bossGroup--thread1] INFO  logging.LoggingHandler (AbstractInternalLogger.java:log(148)) - [id: 0xa66c9a89] REGISTERED
2024-03-18 17:36:50,774 [c55acdcd-41ed-4e13-9d38-7679e97508ee-NettyServerStreamRpc-bossGroup--thread1] INFO  logging.LoggingHandler (AbstractInternalLogger.java:log(148)) - [id: 0xa66c9a89] BIND: 0.0.0.0/0.0.0.0:15033
2024-03-18 17:36:50,774 [main] INFO  server.RaftServerConfigKeys (ConfUtils.java:logGet(46)) - raft.server.close.threshold = 60s (default)
2024-03-18 17:36:50,775 [main] INFO  server.RaftServerConfigKeys (ConfUtils.java:logGet(46)) - raft.server.leaderelection.leader.step-down.wait-time = 10s (default)
2024-03-18 17:36:50,775 [main] INFO  server.RaftServerConfigKeys (ConfUtils.java:logGet(46)) - raft.server.storage.dir = [/home/runner/work/ozone/ozone/hadoop-ozone/integration-test/target/test-dir/MiniOzoneClusterImpl-fcb2b1b2-065d-4164-ad15-2f123479485b/ozone-meta/datanode-3/ratis] (custom)
2024-03-18 17:36:50,775 [c55acdcd-41ed-4e13-9d38-7679e97508ee-NettyServerStreamRpc-bossGroup--thread1] INFO  logging.LoggingHandler (AbstractInternalLogger.java:log(148)) - [id: 0xa66c9a89, L:/0.0.0.0:15033] ACTIVE
2024-03-18 17:36:50,775 [main] INFO  server.RaftServerConfigKeys (ConfUtils.java:logGet(46)) - raft.server.threadpool.proxy.cached = true (default)
2024-03-18 17:36:50,776 [main] INFO  server.RaftServerConfigKeys (ConfUtils.java:logGet(46)) - raft.server.threadpool.proxy.size = 0 (default)
2024-03-18 17:36:50,776 [c55acdcd-41ed-4e13-9d38-7679e97508ee-impl-thread1] INFO  server.RaftServer (RaftServerProxy.java:initGroupDir(264)) - c55acdcd-41ed-4e13-9d38-7679e97508ee: found a subdirectory /home/runner/work/ozone/ozone/hadoop-ozone/integration-test/target/test-dir/MiniOzoneClusterImpl-fcb2b1b2-065d-4164-ad15-2f123479485b/ozone-meta/datanode-3/ratis/tmp
2024-03-18 17:36:50,776 [c55acdcd-41ed-4e13-9d38-7679e97508ee-impl-thread1] INFO  server.RaftServer (RaftServerProxy.java:initGroupDir(269)) - c55acdcd-41ed-4e13-9d38-7679e97508ee: The directory /home/runner/work/ozone/ozone/hadoop-ozone/integration-test/target/test-dir/MiniOzoneClusterImpl-fcb2b1b2-065d-4164-ad15-2f123479485b/ozone-meta/datanode-3/ratis/tmp is not a group directory; ignoring it. 
2024-03-18 17:36:50,777 [main] INFO  replication.ReplicationServer (ReplicationServer.java:<init>(86)) - Initializing replication server with thread count = 10 queue length = 4096
2024-03-18 17:36:50,778 [main] INFO  server.XceiverServerGrpc (XceiverServerGrpc.java:<init>(141)) - GrpcServer channel type EpollServerSocketChannel
2024-03-18 17:36:50,781 [main] INFO  replication.ReplicationSupervisor (ReplicationSupervisor.java:build(163)) - Initializing replication supervisor with thread count = 10
2024-03-18 17:36:50,781 [main] INFO  replication.ReplicationSupervisor (ReplicationSupervisor.java:nodeStateUpdated(317)) - Node state updated to IN_SERVICE, scaling executor pool size to 10
2024-03-18 17:36:50,784 [main] INFO  http.BaseHttpServer (BaseHttpServer.java:newHttpServer2BuilderForOzone(223)) - Starting Web-server for hddsDatanode at: http://0.0.0.0:15027
2024-03-18 17:36:50,784 [main] INFO  http.BaseHttpServer (BaseHttpServer.java:<init>(110)) - Hadoop Security Enabled: false Ozone Security Enabled: false Ozone HTTP Security Enabled: false 
2024-03-18 17:36:50,786 [main] WARN  server.AuthenticationFilter (AuthenticationFilter.java:constructSecretProvider(240)) - Unable to initialize FileSignerSecretProvider, falling back to use random secrets. Reason: Could not read signature secret file: /home/runner/hadoop-http-auth-signature-secret
2024-03-18 17:36:50,787 [main] INFO  http.HttpRequestLog (HttpRequestLog.java:getRequestLog(86)) - Http request log for http.requests.hddsDatanode is not defined
2024-03-18 17:36:50,788 [main] INFO  http.HttpServer2 (HttpServer2.java:addGlobalFilter(1036)) - Added global filter 'safety' (class=org.apache.hadoop.hdds.server.http.HttpServer2$QuotingInputFilter)
2024-03-18 17:36:50,789 [main] INFO  http.HttpServer2 (HttpServer2.java:addFilter(1012)) - Added filter static_user_filter (class=org.apache.hadoop.http.lib.StaticUserWebFilter$StaticUserFilter) to context hddsDatanode
2024-03-18 17:36:50,789 [main] INFO  http.HttpServer2 (HttpServer2.java:addFilter(1020)) - Added filter static_user_filter (class=org.apache.hadoop.http.lib.StaticUserWebFilter$StaticUserFilter) to context static
2024-03-18 17:36:50,789 [main] INFO  http.HttpServer2 (HttpServer2.java:addFilter(1020)) - Added filter static_user_filter (class=org.apache.hadoop.http.lib.StaticUserWebFilter$StaticUserFilter) to context logs
2024-03-18 17:36:50,789 [main] INFO  http.BaseHttpServer (BaseHttpServer.java:<init>(189)) - HTTP server of hddsDatanode uses base directory /home/runner/work/ozone/ozone/hadoop-ozone/integration-test/target/test-dir/MiniOzoneClusterImpl-fcb2b1b2-065d-4164-ad15-2f123479485b/ozone-meta/datanode-3/meta/webserver
2024-03-18 17:36:50,790 [main] INFO  http.HttpServer2 (HttpServer2.java:bindListener(1236)) - Jetty bound to port 15027
2024-03-18 17:36:50,790 [main] INFO  server.Server (Server.java:doStart(375)) - jetty-9.4.53.v20231009; built: 2023-10-09T12:29:09.265Z; git: 27bde00a0b95a1d5bbee0eae7984f891d2d0f8c9; jvm 1.8.0_402-b06
2024-03-18 17:36:50,791 [main] INFO  server.session (DefaultSessionIdManager.java:doStart(334)) - DefaultSessionIdManager workerName=node0
2024-03-18 17:36:50,791 [main] INFO  server.session (DefaultSessionIdManager.java:doStart(339)) - No SessionScavenger set, using defaults
2024-03-18 17:36:50,791 [main] INFO  server.session (HouseKeeper.java:startScavenging(132)) - node0 Scavenging every 600000ms
2024-03-18 17:36:50,792 [main] INFO  handler.ContextHandler (ContextHandler.java:doStart(921)) - Started o.e.j.s.ServletContextHandler@6f32f21e{logs,/logs,file:///home/runner/work/ozone/ozone/hadoop-ozone/integration-test/target/log,AVAILABLE}
2024-03-18 17:36:50,793 [main] INFO  handler.ContextHandler (ContextHandler.java:doStart(921)) - Started o.e.j.s.ServletContextHandler@4ada5f90{static,/static,jar:file:/home/runner/.m2/repository/org/apache/ozone/hdds-container-service/1.5.0-SNAPSHOT/hdds-container-service-1.5.0-SNAPSHOT.jar!/webapps/static,AVAILABLE}
2024-03-18 17:36:50,829 [main] INFO  handler.ContextHandler (ContextHandler.java:doStart(921)) - Started o.e.j.w.WebAppContext@456387e7{hddsDatanode,/,file:///home/runner/work/ozone/ozone/hadoop-ozone/integration-test/target/test-dir/MiniOzoneClusterImpl-fcb2b1b2-065d-4164-ad15-2f123479485b/ozone-meta/datanode-3/meta/webserver/jetty-0_0_0_0-15027-hdds-container-service-1_5_0-SNAPSHOT_jar-_-any-5007221961577367590/webapp/,AVAILABLE}{jar:file:/home/runner/.m2/repository/org/apache/ozone/hdds-container-service/1.5.0-SNAPSHOT/hdds-container-service-1.5.0-SNAPSHOT.jar!/webapps/hddsDatanode}
2024-03-18 17:36:50,830 [main] INFO  server.AbstractConnector (AbstractConnector.java:doStart(333)) - Started ServerConnector@47181c97{HTTP/1.1, (http/1.1)}{0.0.0.0:15027}
2024-03-18 17:36:50,831 [main] INFO  server.Server (Server.java:doStart(415)) - Started @6797ms
2024-03-18 17:36:50,831 [main] WARN  impl.MetricsSystemImpl (MetricsSystemImpl.java:register(279)) - Sink prometheus already exists!
2024-03-18 17:36:50,832 [main] INFO  http.BaseHttpServer (BaseHttpServer.java:updateConnectorAddress(354)) - HTTP server of hddsDatanode listening at http://0.0.0.0:15027
2024-03-18 17:36:50,832 [main] INFO  ipc.CallQueueManager (CallQueueManager.java:<init>(90)) - Using callQueue: class java.util.concurrent.LinkedBlockingQueue, queueCapacity: 100, scheduler: class org.apache.hadoop.ipc.DefaultRpcScheduler, ipcBackoff: false.
2024-03-18 17:36:50,832 [main] INFO  ipc.Server (Server.java:<init>(1287)) - Listener at 0.0.0.0:15028
2024-03-18 17:36:50,833 [Socket Reader #1 for port 15028] INFO  ipc.Server (Server.java:run(1323)) - Starting Socket Reader #1 for port 15028
2024-03-18 17:36:50,836 [main] INFO  ozone.HddsDatanodeService (HddsDatanodeService.java:start(327)) - Datanode start with admins: [runner]
2024-03-18 17:36:50,836 [main] INFO  ozone.HddsDatanodeClientProtocolServer (HddsDatanodeClientProtocolServer.java:start(77)) - RPC server for Client /0.0.0.0:15028
2024-03-18 17:36:50,836 [IPC Server Responder] INFO  ipc.Server (Server.java:run(1562)) - IPC Server Responder: starting
2024-03-18 17:36:50,836 [IPC Server listener on 15028] INFO  ipc.Server (Server.java:run(1402)) - IPC Server listener on 15028: starting
2024-03-18 17:36:50,838 [c55acdcd-41ed-4e13-9d38-7679e97508ee-DatanodeStateMachineDaemonThread] INFO  statemachine.DatanodeStateMachine (DatanodeStateMachine.java:lambda$startDaemon$1(555)) - Ozone container server started.
2024-03-18 17:36:50,840 [main] INFO  ozone.MiniOzoneClusterImpl (MiniOzoneClusterImpl.java:lambda$waitForClusterToBeReady$0(194)) - Waiting for nodes to be ready. Got 0 of 3 DN Heartbeats.
2024-03-18 17:36:50,840 [main] INFO  ozone.MiniOzoneClusterImpl (MiniOzoneClusterImpl.java:lambda$waitForClusterToBeReady$0(197)) - Waiting for cluster to exit safe mode
2024-03-18 17:36:50,840 [main] INFO  ozone.MiniOzoneClusterImpl (MiniOzoneClusterImpl.java:lambda$waitForClusterToBeReady$0(199)) - SCM became leader
2024-03-18 17:36:50,843 [c55acdcd-41ed-4e13-9d38-7679e97508ee-DatanodeStateMachineTaskThread-0] INFO  datanode.InitDatanodeState (InitDatanodeState.java:persistContainerDatanodeDetails(139)) - DatanodeDetails is persisted to /home/runner/work/ozone/ozone/hadoop-ozone/integration-test/target/test-dir/MiniOzoneClusterImpl-fcb2b1b2-065d-4164-ad15-2f123479485b/ozone-meta/datanode-3/meta/datanode.id
2024-03-18 17:36:50,966 [om1@group-C5BA1605619E-FollowerState] INFO  impl.FollowerState (FollowerState.java:run(143)) - om1@group-C5BA1605619E-FollowerState: change to CANDIDATE, lastRpcElapsedTime:1025691992ns, electionTimeout:1022ms
2024-03-18 17:36:50,966 [om1@group-C5BA1605619E-FollowerState] INFO  impl.RoleInfo (RoleInfo.java:shutdownFollowerState(110)) - om1: shutdown om1@group-C5BA1605619E-FollowerState
2024-03-18 17:36:50,966 [om1@group-C5BA1605619E-FollowerState] INFO  server.RaftServer$Division (RaftServerImpl.java:setRole(383)) - om1@group-C5BA1605619E: changes role from  FOLLOWER to CANDIDATE at term 0 for changeToCandidate
2024-03-18 17:36:50,968 [om1@group-C5BA1605619E-FollowerState] INFO  server.RaftServerConfigKeys (ConfUtils.java:logGet(46)) - raft.server.leaderelection.pre-vote = true (default)
2024-03-18 17:36:50,969 [om1@group-C5BA1605619E-FollowerState] INFO  impl.RoleInfo (RoleInfo.java:updateAndGet(139)) - om1: start om1@group-C5BA1605619E-LeaderElection1
2024-03-18 17:36:50,972 [om1@group-C5BA1605619E-LeaderElection1] INFO  impl.LeaderElection (LeaderElection.java:askForVotes(321)) - om1@group-C5BA1605619E-LeaderElection1 PRE_VOTE round 0: submit vote requests at term 0 for -1: peers:[om1|localhost:15007]|listeners:[], old=null
2024-03-18 17:36:50,972 [om1@group-C5BA1605619E-LeaderElection1] INFO  impl.LeaderElection (LeaderElection.java:askForVotes(323)) - om1@group-C5BA1605619E-LeaderElection1 PRE_VOTE round 0: result PASSED (term=0)
2024-03-18 17:36:50,974 [om1@group-C5BA1605619E-LeaderElection1] INFO  impl.LeaderElection (LeaderElection.java:askForVotes(321)) - om1@group-C5BA1605619E-LeaderElection1 ELECTION round 0: submit vote requests at term 1 for -1: peers:[om1|localhost:15007]|listeners:[], old=null
2024-03-18 17:36:50,974 [om1@group-C5BA1605619E-LeaderElection1] INFO  impl.LeaderElection (LeaderElection.java:askForVotes(323)) - om1@group-C5BA1605619E-LeaderElection1 ELECTION round 0: result PASSED (term=1)
2024-03-18 17:36:50,974 [om1@group-C5BA1605619E-LeaderElection1] INFO  impl.RoleInfo (RoleInfo.java:shutdownLeaderElection(130)) - om1: shutdown om1@group-C5BA1605619E-LeaderElection1
2024-03-18 17:36:50,974 [om1@group-C5BA1605619E-LeaderElection1] INFO  server.RaftServer$Division (RaftServerImpl.java:setRole(383)) - om1@group-C5BA1605619E: changes role from CANDIDATE to LEADER at term 1 for changeToLeader
2024-03-18 17:36:50,979 [om1@group-C5BA1605619E-LeaderElection1] INFO  server.RaftServerConfigKeys (ConfUtils.java:logGet(46)) - raft.server.staging.catchup.gap = 1000 (default)
2024-03-18 17:36:50,982 [om1@group-C5BA1605619E-LeaderElection1] INFO  server.RaftServerConfigKeys (ConfUtils.java:logGet(46)) - raft.server.write.element-limit = 4096 (default)
2024-03-18 17:36:50,982 [om1@group-C5BA1605619E-LeaderElection1] INFO  server.RaftServerConfigKeys (ConfUtils.java:logGet(46)) - raft.server.write.byte-limit = 64MB (=67108864) (default)
2024-03-18 17:36:50,985 [om1@group-C5BA1605619E-LeaderElection1] INFO  server.RaftServerConfigKeys (ConfUtils.java:logGet(46)) - raft.server.watch.timeout = 10s (default)
2024-03-18 17:36:50,985 [om1@group-C5BA1605619E-LeaderElection1] INFO  server.RaftServerConfigKeys (ConfUtils.java:logGet(46)) - raft.server.watch.timeout.denomination = 1s (default)
2024-03-18 17:36:50,986 [om1@group-C5BA1605619E-LeaderElection1] INFO  server.RaftServerConfigKeys (ConfUtils.java:logGet(46)) - raft.server.watch.element-limit = 65536 (default)
2024-03-18 17:36:50,989 [om1@group-C5BA1605619E-LeaderElection1] INFO  server.RaftServerConfigKeys (ConfUtils.java:logGet(46)) - raft.server.read.leader.lease.enabled = false (default)
2024-03-18 17:36:50,992 [om1@group-C5BA1605619E-LeaderElection1] INFO  server.RaftServerConfigKeys (ConfUtils.java:logGet(46)) - raft.server.read.leader.lease.timeout.ratio = 0.9 (default)
2024-03-18 17:36:50,992 [om1@group-C5BA1605619E-LeaderElection1] INFO  server.RaftServerConfigKeys (ConfUtils.java:logGet(46)) - raft.server.rpc.timeout.min = 1s (custom)
2024-03-18 17:36:50,992 [om1@group-C5BA1605619E-LeaderElection1] INFO  server.RaftServerConfigKeys (ConfUtils.java:logGet(46)) - raft.server.write.element-limit = 4096 (default)
2024-03-18 17:36:50,992 [om1@group-C5BA1605619E-LeaderElection1] INFO  server.RaftServerConfigKeys (ConfUtils.java:logGet(46)) - raft.server.write.follower.gap.ratio.max = -1.0 (default)
2024-03-18 17:36:50,994 [om1@group-C5BA1605619E-LeaderElection1] INFO  impl.RoleInfo (RoleInfo.java:updateAndGet(139)) - om1: start om1@group-C5BA1605619E-LeaderStateImpl
2024-03-18 17:36:50,994 [om1@group-C5BA1605619E-LeaderElection1] INFO  server.RaftServer$Division (RaftServerImpl.java:setFirstElection(574)) - om1@group-C5BA1605619E: set firstElectionSinceStartup to false for becomeLeader
2024-03-18 17:36:50,996 [om1@group-C5BA1605619E-LeaderElection1] INFO  server.RaftServer$Division (ServerState.java:setLeader(269)) - om1@group-C5BA1605619E: change Leader from null to om1 at term 1 for becomeLeader, leader elected after 1712ms
2024-03-18 17:36:51,013 [om1@group-C5BA1605619E-LeaderElection1] INFO  segmented.SegmentedRaftLogWorker (SegmentedRaftLogWorker.java:startLogSegment(430)) - om1@group-C5BA1605619E-SegmentedRaftLogWorker: Starting segment from index:0
2024-03-18 17:36:51,027 [om1@group-C5BA1605619E-SegmentedRaftLogWorker] INFO  segmented.BufferedWriteChannel (BufferedWriteChannel.java:open(62)) - open log_inprogress_0 at position 0
2024-03-18 17:36:51,031 [om1@group-C5BA1605619E-LeaderElection1] INFO  server.RaftServer$Division (ServerState.java:setRaftConf(386)) - om1@group-C5BA1605619E: set configuration 0: peers:[om1|localhost:15007]|listeners:[], old=null
2024-03-18 17:36:51,035 [om1@group-C5BA1605619E-SegmentedRaftLogWorker] INFO  segmented.SegmentedRaftLogWorker (SegmentedRaftLogWorker.java:execute(634)) - om1@group-C5BA1605619E-SegmentedRaftLogWorker: created new log segment /home/runner/work/ozone/ozone/hadoop-ozone/integration-test/target/test-dir/MiniOzoneClusterImpl-fcb2b1b2-065d-4164-ad15-2f123479485b/ozone-meta/ratis/bf265839-605b-3f16-9796-c5ba1605619e/current/log_inprogress_0
2024-03-18 17:36:51,110 [om1@group-C5BA1605619E-StateMachineUpdater] INFO  ratis.OzoneManagerStateMachine (OzoneManagerStateMachine.java:notifyConfigurationChanged(198)) - Received Configuration change notification from Ratis. New Peer list:
[id: "om1"
address: "localhost:15007"
startupRole: FOLLOWER
]
2024-03-18 17:36:51,111 [om1@group-C5BA1605619E-StateMachineUpdater] INFO  server.RaftServer$Division (LeaderStateImpl.java:isApplied(320)) - leader is ready since appliedIndex == 0 >= startIndex == 0
2024-03-18 17:36:51,840 [main] INFO  ozone.MiniOzoneClusterImpl (MiniOzoneClusterImpl.java:lambda$waitForClusterToBeReady$0(194)) - Waiting for nodes to be ready. Got 0 of 3 DN Heartbeats.
2024-03-18 17:36:51,840 [main] INFO  ozone.MiniOzoneClusterImpl (MiniOzoneClusterImpl.java:lambda$waitForClusterToBeReady$0(197)) - Waiting for cluster to exit safe mode
2024-03-18 17:36:51,840 [main] INFO  ozone.MiniOzoneClusterImpl (MiniOzoneClusterImpl.java:lambda$waitForClusterToBeReady$0(199)) - SCM became leader
2024-03-18 17:36:52,632 [d4ad8e12-a3d8-4b8c-888a-d359f75d29b2-EndpointStateMachineTaskThread-/0.0.0.0:15002-0 ] INFO  utils.DatanodeStoreCache (DatanodeStoreCache.java:addDB(72)) - Added db /home/runner/work/ozone/ozone/hadoop-ozone/integration-test/target/test-dir/MiniOzoneClusterImpl-fcb2b1b2-065d-4164-ad15-2f123479485b/ozone-meta/datanode-1/data-0/hdds/fcb2b1b2-065d-4164-ad15-2f123479485b/DS-9e7d9dff-51be-42f1-b2ba-65fe0841a106/container.db to cache
2024-03-18 17:36:52,633 [d4ad8e12-a3d8-4b8c-888a-d359f75d29b2-EndpointStateMachineTaskThread-/0.0.0.0:15002-0 ] INFO  volume.HddsVolume (HddsVolume.java:createDbStore(420)) - SchemaV3 db is created and loaded at /home/runner/work/ozone/ozone/hadoop-ozone/integration-test/target/test-dir/MiniOzoneClusterImpl-fcb2b1b2-065d-4164-ad15-2f123479485b/ozone-meta/datanode-1/data-0/hdds/fcb2b1b2-065d-4164-ad15-2f123479485b/DS-9e7d9dff-51be-42f1-b2ba-65fe0841a106/container.db for volume DS-9e7d9dff-51be-42f1-b2ba-65fe0841a106
2024-03-18 17:36:52,642 [d4ad8e12-a3d8-4b8c-888a-d359f75d29b2-ContainerReader-0] INFO  ozoneimpl.ContainerReader (ContainerReader.java:readVolume(148)) - Start to verify containers on volume /home/runner/work/ozone/ozone/hadoop-ozone/integration-test/target/test-dir/MiniOzoneClusterImpl-fcb2b1b2-065d-4164-ad15-2f123479485b/ozone-meta/datanode-1/data-0/hdds
2024-03-18 17:36:52,642 [d4ad8e12-a3d8-4b8c-888a-d359f75d29b2-ContainerReader-0] INFO  ozoneimpl.ContainerReader (ContainerReader.java:readVolume(178)) - Finish verifying containers on volume /home/runner/work/ozone/ozone/hadoop-ozone/integration-test/target/test-dir/MiniOzoneClusterImpl-fcb2b1b2-065d-4164-ad15-2f123479485b/ozone-meta/datanode-1/data-0/hdds
2024-03-18 17:36:52,643 [d4ad8e12-a3d8-4b8c-888a-d359f75d29b2-EndpointStateMachineTaskThread-/0.0.0.0:15002-0 ] INFO  ozoneimpl.OzoneContainer (OzoneContainer.java:buildContainerSet(328)) - Build ContainerSet costs 0s
2024-03-18 17:36:52,644 [d4ad8e12-a3d8-4b8c-888a-d359f75d29b2-EndpointStateMachineTaskThread-/0.0.0.0:15002-0 ] INFO  volume.ThrottledAsyncChecker (ThrottledAsyncChecker.java:schedule(141)) - Scheduling a check for /home/runner/work/ozone/ozone/hadoop-ozone/integration-test/target/test-dir/MiniOzoneClusterImpl-fcb2b1b2-065d-4164-ad15-2f123479485b/ozone-meta/datanode-1/data-0/hdds
2024-03-18 17:36:52,656 [d4ad8e12-a3d8-4b8c-888a-d359f75d29b2-EndpointStateMachineTaskThread-/0.0.0.0:15002-0 ] INFO  volume.StorageVolumeChecker (StorageVolumeChecker.java:checkAllVolumes(218)) - Scheduled health check for volume /home/runner/work/ozone/ozone/hadoop-ozone/integration-test/target/test-dir/MiniOzoneClusterImpl-fcb2b1b2-065d-4164-ad15-2f123479485b/ozone-meta/datanode-1/data-0/hdds
2024-03-18 17:36:52,657 [d4ad8e12-a3d8-4b8c-888a-d359f75d29b2-EndpointStateMachineTaskThread-/0.0.0.0:15002-0 ] INFO  volume.ThrottledAsyncChecker (ThrottledAsyncChecker.java:schedule(141)) - Scheduling a check for /home/runner/work/ozone/ozone/hadoop-ozone/integration-test/target/test-dir/MiniOzoneClusterImpl-fcb2b1b2-065d-4164-ad15-2f123479485b/ozone-meta/datanode-1/ratis
2024-03-18 17:36:52,657 [d4ad8e12-a3d8-4b8c-888a-d359f75d29b2-EndpointStateMachineTaskThread-/0.0.0.0:15002-0 ] INFO  volume.StorageVolumeChecker (StorageVolumeChecker.java:checkAllVolumes(218)) - Scheduled health check for volume /home/runner/work/ozone/ozone/hadoop-ozone/integration-test/target/test-dir/MiniOzoneClusterImpl-fcb2b1b2-065d-4164-ad15-2f123479485b/ozone-meta/datanode-1/ratis
2024-03-18 17:36:52,658 [d4ad8e12-a3d8-4b8c-888a-d359f75d29b2-EndpointStateMachineTaskThread-/0.0.0.0:15002-0 ] INFO  ozoneimpl.OzoneContainer (OzoneContainer.java:start(459)) - Attempting to start container services.
2024-03-18 17:36:52,664 [ContainerMetadataScanner] INFO  ozoneimpl.AbstractBackgroundContainerScanner (AbstractBackgroundContainerScanner.java:runIteration(87)) - Completed an iteration in 0 minutes. Number of iterations (since the data-node restart) : 1, Number of containers scanned in this iteration : 0, Number of unhealthy containers found in this iteration : 0
2024-03-18 17:36:52,667 [d4ad8e12-a3d8-4b8c-888a-d359f75d29b2-EndpointStateMachineTaskThread-/0.0.0.0:15002-0 ] INFO  replication.ReplicationServer (ReplicationServer.java:start(142)) - ReplicationServer is started using port 15016
2024-03-18 17:36:52,667 [d4ad8e12-a3d8-4b8c-888a-d359f75d29b2-EndpointStateMachineTaskThread-/0.0.0.0:15002-0 ] INFO  ratis.XceiverServerRatis (XceiverServerRatis.java:start(566)) - Starting XceiverServerRatis d4ad8e12-a3d8-4b8c-888a-d359f75d29b2
2024-03-18 17:36:52,667 [ContainerDataScanner(/home/runner/work/ozone/ozone/hadoop-ozone/integration-test/target/test-dir/MiniOzoneClusterImpl-fcb2b1b2-065d-4164-ad15-2f123479485b/ozone-meta/datanode-1/data-0/hdds)] INFO  ozoneimpl.AbstractBackgroundContainerScanner (AbstractBackgroundContainerScanner.java:runIteration(87)) - Completed an iteration in 0 minutes. Number of iterations (since the data-node restart) : 1, Number of containers scanned in this iteration : 0, Number of unhealthy containers found in this iteration : 0
2024-03-18 17:36:52,673 [d4ad8e12-a3d8-4b8c-888a-d359f75d29b2-EndpointStateMachineTaskThread-/0.0.0.0:15002-0 ] INFO  server.RaftServer (RaftServerProxy.java:startImpl(406)) - d4ad8e12-a3d8-4b8c-888a-d359f75d29b2: start RPC server
2024-03-18 17:36:52,675 [d4ad8e12-a3d8-4b8c-888a-d359f75d29b2-EndpointStateMachineTaskThread-/0.0.0.0:15002-0 ] INFO  server.GrpcService (GrpcService.java:startImpl(302)) - d4ad8e12-a3d8-4b8c-888a-d359f75d29b2: GrpcService started, listening on 15012
2024-03-18 17:36:52,676 [d4ad8e12-a3d8-4b8c-888a-d359f75d29b2-EndpointStateMachineTaskThread-/0.0.0.0:15002-0 ] INFO  server.GrpcService (GrpcService.java:startImpl(302)) - d4ad8e12-a3d8-4b8c-888a-d359f75d29b2: GrpcService started, listening on 15014
2024-03-18 17:36:52,677 [d4ad8e12-a3d8-4b8c-888a-d359f75d29b2-EndpointStateMachineTaskThread-/0.0.0.0:15002-0 ] INFO  server.GrpcService (GrpcService.java:startImpl(302)) - d4ad8e12-a3d8-4b8c-888a-d359f75d29b2: GrpcService started, listening on 15013
2024-03-18 17:36:52,677 [JvmPauseMonitor2] INFO  util.JvmPauseMonitor (JvmPauseMonitor.java:run(146)) - JvmPauseMonitor-d4ad8e12-a3d8-4b8c-888a-d359f75d29b2: Started
2024-03-18 17:36:52,678 [d4ad8e12-a3d8-4b8c-888a-d359f75d29b2-EndpointStateMachineTaskThread-/0.0.0.0:15002-0 ] INFO  ratis.XceiverServerRatis (XceiverServerRatis.java:getRealPort(592)) - XceiverServerRatis d4ad8e12-a3d8-4b8c-888a-d359f75d29b2 is started using port 15012 for RATIS
2024-03-18 17:36:52,678 [d4ad8e12-a3d8-4b8c-888a-d359f75d29b2-EndpointStateMachineTaskThread-/0.0.0.0:15002-0 ] INFO  ratis.XceiverServerRatis (XceiverServerRatis.java:getRealPort(592)) - XceiverServerRatis d4ad8e12-a3d8-4b8c-888a-d359f75d29b2 is started using port 15013 for RATIS_ADMIN
2024-03-18 17:36:52,678 [d4ad8e12-a3d8-4b8c-888a-d359f75d29b2-EndpointStateMachineTaskThread-/0.0.0.0:15002-0 ] INFO  ratis.XceiverServerRatis (XceiverServerRatis.java:getRealPort(592)) - XceiverServerRatis d4ad8e12-a3d8-4b8c-888a-d359f75d29b2 is started using port 15014 for RATIS_SERVER
2024-03-18 17:36:52,678 [d4ad8e12-a3d8-4b8c-888a-d359f75d29b2-EndpointStateMachineTaskThread-/0.0.0.0:15002-0 ] INFO  ratis.XceiverServerRatis (XceiverServerRatis.java:getRealPort(592)) - XceiverServerRatis d4ad8e12-a3d8-4b8c-888a-d359f75d29b2 is started using port 15015 for RATIS_DATASTREAM
2024-03-18 17:36:52,683 [d4ad8e12-a3d8-4b8c-888a-d359f75d29b2-BlockDeletingService#0] INFO  interfaces.ContainerDeletionChoosingPolicyTemplate (ContainerDeletionChoosingPolicyTemplate.java:chooseContainerForBlockDeletion(85)) - Chosen 0/5000 blocks from 0 candidate containers.
2024-03-18 17:36:52,742 [56261a0d-e81e-4394-808f-5b50f7cf5f2a-EndpointStateMachineTaskThread-/0.0.0.0:15002-0 ] INFO  utils.DatanodeStoreCache (DatanodeStoreCache.java:addDB(72)) - Added db /home/runner/work/ozone/ozone/hadoop-ozone/integration-test/target/test-dir/MiniOzoneClusterImpl-fcb2b1b2-065d-4164-ad15-2f123479485b/ozone-meta/datanode-2/data-0/hdds/fcb2b1b2-065d-4164-ad15-2f123479485b/DS-b432d30a-6a64-4128-88ba-c1c98d9be59b/container.db to cache
2024-03-18 17:36:52,742 [56261a0d-e81e-4394-808f-5b50f7cf5f2a-EndpointStateMachineTaskThread-/0.0.0.0:15002-0 ] INFO  volume.HddsVolume (HddsVolume.java:createDbStore(420)) - SchemaV3 db is created and loaded at /home/runner/work/ozone/ozone/hadoop-ozone/integration-test/target/test-dir/MiniOzoneClusterImpl-fcb2b1b2-065d-4164-ad15-2f123479485b/ozone-meta/datanode-2/data-0/hdds/fcb2b1b2-065d-4164-ad15-2f123479485b/DS-b432d30a-6a64-4128-88ba-c1c98d9be59b/container.db for volume DS-b432d30a-6a64-4128-88ba-c1c98d9be59b
2024-03-18 17:36:52,744 [56261a0d-e81e-4394-808f-5b50f7cf5f2a-ContainerReader-0] INFO  ozoneimpl.ContainerReader (ContainerReader.java:readVolume(148)) - Start to verify containers on volume /home/runner/work/ozone/ozone/hadoop-ozone/integration-test/target/test-dir/MiniOzoneClusterImpl-fcb2b1b2-065d-4164-ad15-2f123479485b/ozone-meta/datanode-2/data-0/hdds
2024-03-18 17:36:52,746 [56261a0d-e81e-4394-808f-5b50f7cf5f2a-ContainerReader-0] INFO  ozoneimpl.ContainerReader (ContainerReader.java:readVolume(178)) - Finish verifying containers on volume /home/runner/work/ozone/ozone/hadoop-ozone/integration-test/target/test-dir/MiniOzoneClusterImpl-fcb2b1b2-065d-4164-ad15-2f123479485b/ozone-meta/datanode-2/data-0/hdds
2024-03-18 17:36:52,747 [56261a0d-e81e-4394-808f-5b50f7cf5f2a-EndpointStateMachineTaskThread-/0.0.0.0:15002-0 ] INFO  ozoneimpl.OzoneContainer (OzoneContainer.java:buildContainerSet(328)) - Build ContainerSet costs 0s
2024-03-18 17:36:52,747 [56261a0d-e81e-4394-808f-5b50f7cf5f2a-EndpointStateMachineTaskThread-/0.0.0.0:15002-0 ] INFO  volume.ThrottledAsyncChecker (ThrottledAsyncChecker.java:schedule(141)) - Scheduling a check for /home/runner/work/ozone/ozone/hadoop-ozone/integration-test/target/test-dir/MiniOzoneClusterImpl-fcb2b1b2-065d-4164-ad15-2f123479485b/ozone-meta/datanode-2/data-0/hdds
2024-03-18 17:36:52,748 [56261a0d-e81e-4394-808f-5b50f7cf5f2a-EndpointStateMachineTaskThread-/0.0.0.0:15002-0 ] INFO  volume.StorageVolumeChecker (StorageVolumeChecker.java:checkAllVolumes(218)) - Scheduled health check for volume /home/runner/work/ozone/ozone/hadoop-ozone/integration-test/target/test-dir/MiniOzoneClusterImpl-fcb2b1b2-065d-4164-ad15-2f123479485b/ozone-meta/datanode-2/data-0/hdds
2024-03-18 17:36:52,751 [56261a0d-e81e-4394-808f-5b50f7cf5f2a-EndpointStateMachineTaskThread-/0.0.0.0:15002-0 ] INFO  volume.ThrottledAsyncChecker (ThrottledAsyncChecker.java:schedule(141)) - Scheduling a check for /home/runner/work/ozone/ozone/hadoop-ozone/integration-test/target/test-dir/MiniOzoneClusterImpl-fcb2b1b2-065d-4164-ad15-2f123479485b/ozone-meta/datanode-2/ratis
2024-03-18 17:36:52,751 [56261a0d-e81e-4394-808f-5b50f7cf5f2a-EndpointStateMachineTaskThread-/0.0.0.0:15002-0 ] INFO  volume.StorageVolumeChecker (StorageVolumeChecker.java:checkAllVolumes(218)) - Scheduled health check for volume /home/runner/work/ozone/ozone/hadoop-ozone/integration-test/target/test-dir/MiniOzoneClusterImpl-fcb2b1b2-065d-4164-ad15-2f123479485b/ozone-meta/datanode-2/ratis
2024-03-18 17:36:52,752 [56261a0d-e81e-4394-808f-5b50f7cf5f2a-EndpointStateMachineTaskThread-/0.0.0.0:15002-0 ] INFO  ozoneimpl.OzoneContainer (OzoneContainer.java:start(459)) - Attempting to start container services.
2024-03-18 17:36:52,752 [56261a0d-e81e-4394-808f-5b50f7cf5f2a-EndpointStateMachineTaskThread-/0.0.0.0:15002-0 ] WARN  ozoneimpl.OnDemandContainerDataScanner (OnDemandContainerDataScanner.java:init(75)) - Trying to initialize on demand scanner a second time on a datanode.
2024-03-18 17:36:52,753 [ContainerMetadataScanner] INFO  ozoneimpl.AbstractBackgroundContainerScanner (AbstractBackgroundContainerScanner.java:runIteration(87)) - Completed an iteration in 0 minutes. Number of iterations (since the data-node restart) : 1, Number of containers scanned in this iteration : 0, Number of unhealthy containers found in this iteration : 0
2024-03-18 17:36:52,755 [56261a0d-e81e-4394-808f-5b50f7cf5f2a-EndpointStateMachineTaskThread-/0.0.0.0:15002-0 ] INFO  replication.ReplicationServer (ReplicationServer.java:start(142)) - ReplicationServer is started using port 15025
2024-03-18 17:36:52,755 [ContainerDataScanner(/home/runner/work/ozone/ozone/hadoop-ozone/integration-test/target/test-dir/MiniOzoneClusterImpl-fcb2b1b2-065d-4164-ad15-2f123479485b/ozone-meta/datanode-2/data-0/hdds)] INFO  ozoneimpl.AbstractBackgroundContainerScanner (AbstractBackgroundContainerScanner.java:runIteration(87)) - Completed an iteration in 0 minutes. Number of iterations (since the data-node restart) : 1, Number of containers scanned in this iteration : 0, Number of unhealthy containers found in this iteration : 0
2024-03-18 17:36:52,755 [56261a0d-e81e-4394-808f-5b50f7cf5f2a-EndpointStateMachineTaskThread-/0.0.0.0:15002-0 ] INFO  ratis.XceiverServerRatis (XceiverServerRatis.java:start(566)) - Starting XceiverServerRatis 56261a0d-e81e-4394-808f-5b50f7cf5f2a
2024-03-18 17:36:52,756 [56261a0d-e81e-4394-808f-5b50f7cf5f2a-EndpointStateMachineTaskThread-/0.0.0.0:15002-0 ] INFO  server.RaftServer (RaftServerProxy.java:startImpl(406)) - 56261a0d-e81e-4394-808f-5b50f7cf5f2a: start RPC server
2024-03-18 17:36:52,757 [56261a0d-e81e-4394-808f-5b50f7cf5f2a-EndpointStateMachineTaskThread-/0.0.0.0:15002-0 ] INFO  server.GrpcService (GrpcService.java:startImpl(302)) - 56261a0d-e81e-4394-808f-5b50f7cf5f2a: GrpcService started, listening on 15021
2024-03-18 17:36:52,758 [56261a0d-e81e-4394-808f-5b50f7cf5f2a-EndpointStateMachineTaskThread-/0.0.0.0:15002-0 ] INFO  server.GrpcService (GrpcService.java:startImpl(302)) - 56261a0d-e81e-4394-808f-5b50f7cf5f2a: GrpcService started, listening on 15023
2024-03-18 17:36:52,760 [56261a0d-e81e-4394-808f-5b50f7cf5f2a-EndpointStateMachineTaskThread-/0.0.0.0:15002-0 ] INFO  server.GrpcService (GrpcService.java:startImpl(302)) - 56261a0d-e81e-4394-808f-5b50f7cf5f2a: GrpcService started, listening on 15022
2024-03-18 17:36:52,760 [56261a0d-e81e-4394-808f-5b50f7cf5f2a-EndpointStateMachineTaskThread-/0.0.0.0:15002-0 ] INFO  ratis.XceiverServerRatis (XceiverServerRatis.java:getRealPort(592)) - XceiverServerRatis 56261a0d-e81e-4394-808f-5b50f7cf5f2a is started using port 15021 for RATIS
2024-03-18 17:36:52,760 [JvmPauseMonitor3] INFO  util.JvmPauseMonitor (JvmPauseMonitor.java:run(146)) - JvmPauseMonitor-56261a0d-e81e-4394-808f-5b50f7cf5f2a: Started
2024-03-18 17:36:52,761 [56261a0d-e81e-4394-808f-5b50f7cf5f2a-EndpointStateMachineTaskThread-/0.0.0.0:15002-0 ] INFO  ratis.XceiverServerRatis (XceiverServerRatis.java:getRealPort(592)) - XceiverServerRatis 56261a0d-e81e-4394-808f-5b50f7cf5f2a is started using port 15022 for RATIS_ADMIN
2024-03-18 17:36:52,761 [56261a0d-e81e-4394-808f-5b50f7cf5f2a-EndpointStateMachineTaskThread-/0.0.0.0:15002-0 ] INFO  ratis.XceiverServerRatis (XceiverServerRatis.java:getRealPort(592)) - XceiverServerRatis 56261a0d-e81e-4394-808f-5b50f7cf5f2a is started using port 15023 for RATIS_SERVER
2024-03-18 17:36:52,761 [56261a0d-e81e-4394-808f-5b50f7cf5f2a-EndpointStateMachineTaskThread-/0.0.0.0:15002-0 ] INFO  ratis.XceiverServerRatis (XceiverServerRatis.java:getRealPort(592)) - XceiverServerRatis 56261a0d-e81e-4394-808f-5b50f7cf5f2a is started using port 15024 for RATIS_DATASTREAM
2024-03-18 17:36:52,764 [56261a0d-e81e-4394-808f-5b50f7cf5f2a-BlockDeletingService#0] INFO  interfaces.ContainerDeletionChoosingPolicyTemplate (ContainerDeletionChoosingPolicyTemplate.java:chooseContainerForBlockDeletion(85)) - Chosen 0/5000 blocks from 0 candidate containers.
2024-03-18 17:36:52,841 [main] INFO  ozone.MiniOzoneClusterImpl (MiniOzoneClusterImpl.java:lambda$waitForClusterToBeReady$0(194)) - Waiting for nodes to be ready. Got 0 of 3 DN Heartbeats.
2024-03-18 17:36:52,841 [main] INFO  ozone.MiniOzoneClusterImpl (MiniOzoneClusterImpl.java:lambda$waitForClusterToBeReady$0(197)) - Waiting for cluster to exit safe mode
2024-03-18 17:36:52,841 [main] INFO  ozone.MiniOzoneClusterImpl (MiniOzoneClusterImpl.java:lambda$waitForClusterToBeReady$0(199)) - SCM became leader
2024-03-18 17:36:52,862 [c55acdcd-41ed-4e13-9d38-7679e97508ee-EndpointStateMachineTaskThread-/0.0.0.0:15002-0 ] INFO  utils.DatanodeStoreCache (DatanodeStoreCache.java:addDB(72)) - Added db /home/runner/work/ozone/ozone/hadoop-ozone/integration-test/target/test-dir/MiniOzoneClusterImpl-fcb2b1b2-065d-4164-ad15-2f123479485b/ozone-meta/datanode-3/data-0/hdds/fcb2b1b2-065d-4164-ad15-2f123479485b/DS-b177839a-5bde-4d37-a624-5f1dcfc4a29d/container.db to cache
2024-03-18 17:36:52,862 [c55acdcd-41ed-4e13-9d38-7679e97508ee-EndpointStateMachineTaskThread-/0.0.0.0:15002-0 ] INFO  volume.HddsVolume (HddsVolume.java:createDbStore(420)) - SchemaV3 db is created and loaded at /home/runner/work/ozone/ozone/hadoop-ozone/integration-test/target/test-dir/MiniOzoneClusterImpl-fcb2b1b2-065d-4164-ad15-2f123479485b/ozone-meta/datanode-3/data-0/hdds/fcb2b1b2-065d-4164-ad15-2f123479485b/DS-b177839a-5bde-4d37-a624-5f1dcfc4a29d/container.db for volume DS-b177839a-5bde-4d37-a624-5f1dcfc4a29d
2024-03-18 17:36:52,864 [c55acdcd-41ed-4e13-9d38-7679e97508ee-ContainerReader-0] INFO  ozoneimpl.ContainerReader (ContainerReader.java:readVolume(148)) - Start to verify containers on volume /home/runner/work/ozone/ozone/hadoop-ozone/integration-test/target/test-dir/MiniOzoneClusterImpl-fcb2b1b2-065d-4164-ad15-2f123479485b/ozone-meta/datanode-3/data-0/hdds
2024-03-18 17:36:52,864 [c55acdcd-41ed-4e13-9d38-7679e97508ee-ContainerReader-0] INFO  ozoneimpl.ContainerReader (ContainerReader.java:readVolume(178)) - Finish verifying containers on volume /home/runner/work/ozone/ozone/hadoop-ozone/integration-test/target/test-dir/MiniOzoneClusterImpl-fcb2b1b2-065d-4164-ad15-2f123479485b/ozone-meta/datanode-3/data-0/hdds
2024-03-18 17:36:52,864 [c55acdcd-41ed-4e13-9d38-7679e97508ee-EndpointStateMachineTaskThread-/0.0.0.0:15002-0 ] INFO  ozoneimpl.OzoneContainer (OzoneContainer.java:buildContainerSet(328)) - Build ContainerSet costs 0s
2024-03-18 17:36:52,865 [c55acdcd-41ed-4e13-9d38-7679e97508ee-EndpointStateMachineTaskThread-/0.0.0.0:15002-0 ] INFO  volume.ThrottledAsyncChecker (ThrottledAsyncChecker.java:schedule(141)) - Scheduling a check for /home/runner/work/ozone/ozone/hadoop-ozone/integration-test/target/test-dir/MiniOzoneClusterImpl-fcb2b1b2-065d-4164-ad15-2f123479485b/ozone-meta/datanode-3/data-0/hdds
2024-03-18 17:36:52,865 [c55acdcd-41ed-4e13-9d38-7679e97508ee-EndpointStateMachineTaskThread-/0.0.0.0:15002-0 ] INFO  volume.StorageVolumeChecker (StorageVolumeChecker.java:checkAllVolumes(218)) - Scheduled health check for volume /home/runner/work/ozone/ozone/hadoop-ozone/integration-test/target/test-dir/MiniOzoneClusterImpl-fcb2b1b2-065d-4164-ad15-2f123479485b/ozone-meta/datanode-3/data-0/hdds
2024-03-18 17:36:52,867 [c55acdcd-41ed-4e13-9d38-7679e97508ee-EndpointStateMachineTaskThread-/0.0.0.0:15002-0 ] INFO  volume.ThrottledAsyncChecker (ThrottledAsyncChecker.java:schedule(141)) - Scheduling a check for /home/runner/work/ozone/ozone/hadoop-ozone/integration-test/target/test-dir/MiniOzoneClusterImpl-fcb2b1b2-065d-4164-ad15-2f123479485b/ozone-meta/datanode-3/ratis
2024-03-18 17:36:52,867 [c55acdcd-41ed-4e13-9d38-7679e97508ee-EndpointStateMachineTaskThread-/0.0.0.0:15002-0 ] INFO  volume.StorageVolumeChecker (StorageVolumeChecker.java:checkAllVolumes(218)) - Scheduled health check for volume /home/runner/work/ozone/ozone/hadoop-ozone/integration-test/target/test-dir/MiniOzoneClusterImpl-fcb2b1b2-065d-4164-ad15-2f123479485b/ozone-meta/datanode-3/ratis
2024-03-18 17:36:52,868 [c55acdcd-41ed-4e13-9d38-7679e97508ee-EndpointStateMachineTaskThread-/0.0.0.0:15002-0 ] INFO  ozoneimpl.OzoneContainer (OzoneContainer.java:start(459)) - Attempting to start container services.
2024-03-18 17:36:52,868 [c55acdcd-41ed-4e13-9d38-7679e97508ee-EndpointStateMachineTaskThread-/0.0.0.0:15002-0 ] WARN  ozoneimpl.OnDemandContainerDataScanner (OnDemandContainerDataScanner.java:init(75)) - Trying to initialize on demand scanner a second time on a datanode.
2024-03-18 17:36:52,869 [ContainerMetadataScanner] INFO  ozoneimpl.AbstractBackgroundContainerScanner (AbstractBackgroundContainerScanner.java:runIteration(87)) - Completed an iteration in 0 minutes. Number of iterations (since the data-node restart) : 1, Number of containers scanned in this iteration : 0, Number of unhealthy containers found in this iteration : 0
2024-03-18 17:36:52,870 [ContainerDataScanner(/home/runner/work/ozone/ozone/hadoop-ozone/integration-test/target/test-dir/MiniOzoneClusterImpl-fcb2b1b2-065d-4164-ad15-2f123479485b/ozone-meta/datanode-3/data-0/hdds)] INFO  ozoneimpl.AbstractBackgroundContainerScanner (AbstractBackgroundContainerScanner.java:runIteration(87)) - Completed an iteration in 0 minutes. Number of iterations (since the data-node restart) : 1, Number of containers scanned in this iteration : 0, Number of unhealthy containers found in this iteration : 0
2024-03-18 17:36:52,871 [c55acdcd-41ed-4e13-9d38-7679e97508ee-EndpointStateMachineTaskThread-/0.0.0.0:15002-0 ] INFO  replication.ReplicationServer (ReplicationServer.java:start(142)) - ReplicationServer is started using port 15034
2024-03-18 17:36:52,871 [c55acdcd-41ed-4e13-9d38-7679e97508ee-EndpointStateMachineTaskThread-/0.0.0.0:15002-0 ] INFO  ratis.XceiverServerRatis (XceiverServerRatis.java:start(566)) - Starting XceiverServerRatis c55acdcd-41ed-4e13-9d38-7679e97508ee
2024-03-18 17:36:52,872 [c55acdcd-41ed-4e13-9d38-7679e97508ee-EndpointStateMachineTaskThread-/0.0.0.0:15002-0 ] INFO  server.RaftServer (RaftServerProxy.java:startImpl(406)) - c55acdcd-41ed-4e13-9d38-7679e97508ee: start RPC server
2024-03-18 17:36:52,873 [c55acdcd-41ed-4e13-9d38-7679e97508ee-EndpointStateMachineTaskThread-/0.0.0.0:15002-0 ] INFO  server.GrpcService (GrpcService.java:startImpl(302)) - c55acdcd-41ed-4e13-9d38-7679e97508ee: GrpcService started, listening on 15030
2024-03-18 17:36:52,880 [c55acdcd-41ed-4e13-9d38-7679e97508ee-EndpointStateMachineTaskThread-/0.0.0.0:15002-0 ] INFO  server.GrpcService (GrpcService.java:startImpl(302)) - c55acdcd-41ed-4e13-9d38-7679e97508ee: GrpcService started, listening on 15032
2024-03-18 17:36:52,881 [c55acdcd-41ed-4e13-9d38-7679e97508ee-EndpointStateMachineTaskThread-/0.0.0.0:15002-0 ] INFO  server.GrpcService (GrpcService.java:startImpl(302)) - c55acdcd-41ed-4e13-9d38-7679e97508ee: GrpcService started, listening on 15031
2024-03-18 17:36:52,882 [c55acdcd-41ed-4e13-9d38-7679e97508ee-EndpointStateMachineTaskThread-/0.0.0.0:15002-0 ] INFO  ratis.XceiverServerRatis (XceiverServerRatis.java:getRealPort(592)) - XceiverServerRatis c55acdcd-41ed-4e13-9d38-7679e97508ee is started using port 15030 for RATIS
2024-03-18 17:36:52,882 [c55acdcd-41ed-4e13-9d38-7679e97508ee-EndpointStateMachineTaskThread-/0.0.0.0:15002-0 ] INFO  ratis.XceiverServerRatis (XceiverServerRatis.java:getRealPort(592)) - XceiverServerRatis c55acdcd-41ed-4e13-9d38-7679e97508ee is started using port 15031 for RATIS_ADMIN
2024-03-18 17:36:52,882 [c55acdcd-41ed-4e13-9d38-7679e97508ee-EndpointStateMachineTaskThread-/0.0.0.0:15002-0 ] INFO  ratis.XceiverServerRatis (XceiverServerRatis.java:getRealPort(592)) - XceiverServerRatis c55acdcd-41ed-4e13-9d38-7679e97508ee is started using port 15032 for RATIS_SERVER
2024-03-18 17:36:52,882 [c55acdcd-41ed-4e13-9d38-7679e97508ee-EndpointStateMachineTaskThread-/0.0.0.0:15002-0 ] INFO  ratis.XceiverServerRatis (XceiverServerRatis.java:getRealPort(592)) - XceiverServerRatis c55acdcd-41ed-4e13-9d38-7679e97508ee is started using port 15033 for RATIS_DATASTREAM
2024-03-18 17:36:52,882 [JvmPauseMonitor4] INFO  util.JvmPauseMonitor (JvmPauseMonitor.java:run(146)) - JvmPauseMonitor-c55acdcd-41ed-4e13-9d38-7679e97508ee: Started
2024-03-18 17:36:52,889 [c55acdcd-41ed-4e13-9d38-7679e97508ee-BlockDeletingService#0] INFO  interfaces.ContainerDeletionChoosingPolicyTemplate (ContainerDeletionChoosingPolicyTemplate.java:chooseContainerForBlockDeletion(85)) - Chosen 0/5000 blocks from 0 candidate containers.
2024-03-18 17:36:53,841 [main] INFO  ozone.MiniOzoneClusterImpl (MiniOzoneClusterImpl.java:lambda$waitForClusterToBeReady$0(194)) - Waiting for nodes to be ready. Got 0 of 3 DN Heartbeats.
2024-03-18 17:36:53,842 [main] INFO  ozone.MiniOzoneClusterImpl (MiniOzoneClusterImpl.java:lambda$waitForClusterToBeReady$0(197)) - Waiting for cluster to exit safe mode
2024-03-18 17:36:53,842 [main] INFO  ozone.MiniOzoneClusterImpl (MiniOzoneClusterImpl.java:lambda$waitForClusterToBeReady$0(199)) - SCM became leader
2024-03-18 17:36:54,575 [IPC Server handler 1 on default port 15002] INFO  net.NetworkTopologyImpl (NetworkTopologyImpl.java:add(133)) - Added a new node: /default-rack/d4ad8e12-a3d8-4b8c-888a-d359f75d29b2
2024-03-18 17:36:54,578 [IPC Server handler 1 on default port 15002] INFO  node.SCMNodeManager (SCMNodeManager.java:register(421)) - Registered datanode: d4ad8e12-a3d8-4b8c-888a-d359f75d29b2{ip: 10.1.0.17, host: fv-az1384-799.e3qrh24bduyexj1tcof5x1etkc.ex.internal.cloudapp.net, ports: [HTTP=15009, CLIENT_RPC=15010, REPLICATION=15016, RATIS=15012, RATIS_ADMIN=15013, RATIS_SERVER=15014, RATIS_DATASTREAM=15015, STANDALONE=15011], networkLocation: /default-rack, certSerialId: null, persistedOpState: null, persistedOpStateExpiryEpochSec: 0}
2024-03-18 17:36:54,580 [EventQueue-NewNodeForNewNodeHandler] INFO  pipeline.BackgroundPipelineCreator (BackgroundPipelineCreator.java:notifyEventTriggered(280)) - trigger a one-shot run on RatisPipelineUtilsThread.
2024-03-18 17:36:54,581 [EventQueue-NodeRegistrationContainerReportForDataNodeSafeModeRule] INFO  safemode.SCMSafeModeManager (DataNodeSafeModeRule.java:process(71)) - SCM in safe mode. 1 DataNodes registered, 3 required.
2024-03-18 17:36:54,582 [EventQueue-PipelineReportForOneReplicaPipelineSafeModeRule] INFO  safemode.SCMSafeModeManager (SCMSafeModeManager.java:validateSafeModeExitRules(200)) - AtleastOneDatanodeReportedRule rule is successfully validated
2024-03-18 17:36:54,582 [EventQueue-NodeRegistrationContainerReportForContainerSafeModeRule] INFO  safemode.SCMSafeModeManager (SCMSafeModeManager.java:validateSafeModeExitRules(200)) - ContainerSafeModeRule rule is successfully validated
2024-03-18 17:36:54,586 [RatisPipelineUtilsThread-0] INFO  pipeline.RatisPipelineProvider (RatisPipelineProvider.java:lambda$create$0(205)) - Sending CreatePipelineCommand for pipeline:PipelineID=950953b5-16e5-4c59-940f-8069d714d8ef to datanode:d4ad8e12-a3d8-4b8c-888a-d359f75d29b2
2024-03-18 17:36:54,594 [RatisPipelineUtilsThread-0] INFO  pipeline.BackgroundPipelineCreator (BackgroundPipelineCreator.java:createPipelines(236)) - Created new pipeline Pipeline[ Id: 950953b5-16e5-4c59-940f-8069d714d8ef, Nodes: d4ad8e12-a3d8-4b8c-888a-d359f75d29b2(fv-az1384-799.e3qrh24bduyexj1tcof5x1etkc.ex.internal.cloudapp.net/10.1.0.17), ReplicationConfig: RATIS/ONE, State:ALLOCATED, leaderId:, CreationTimestamp2024-03-18T17:36:54.586Z[Etc/UTC]]
2024-03-18 17:36:54,723 [IPC Server handler 2 on default port 15002] INFO  net.NetworkTopologyImpl (NetworkTopologyImpl.java:add(133)) - Added a new node: /default-rack/56261a0d-e81e-4394-808f-5b50f7cf5f2a
2024-03-18 17:36:54,723 [IPC Server handler 2 on default port 15002] INFO  node.SCMNodeManager (SCMNodeManager.java:register(421)) - Registered datanode: 56261a0d-e81e-4394-808f-5b50f7cf5f2a{ip: 10.1.0.17, host: fv-az1384-799.e3qrh24bduyexj1tcof5x1etkc.ex.internal.cloudapp.net, ports: [HTTP=15018, CLIENT_RPC=15019, REPLICATION=15025, RATIS=15021, RATIS_ADMIN=15022, RATIS_SERVER=15023, RATIS_DATASTREAM=15024, STANDALONE=15020], networkLocation: /default-rack, certSerialId: null, persistedOpState: null, persistedOpStateExpiryEpochSec: 0}
2024-03-18 17:36:54,723 [EventQueue-NodeRegistrationContainerReportForDataNodeSafeModeRule] INFO  safemode.SCMSafeModeManager (DataNodeSafeModeRule.java:process(71)) - SCM in safe mode. 2 DataNodes registered, 3 required.
2024-03-18 17:36:54,723 [EventQueue-NewNodeForNewNodeHandler] INFO  pipeline.BackgroundPipelineCreator (BackgroundPipelineCreator.java:notifyEventTriggered(280)) - trigger a one-shot run on RatisPipelineUtilsThread.
2024-03-18 17:36:54,724 [RatisPipelineUtilsThread-0] INFO  pipeline.RatisPipelineProvider (RatisPipelineProvider.java:lambda$create$0(205)) - Sending CreatePipelineCommand for pipeline:PipelineID=9690484f-ccf6-4004-8abb-88a1a5c601ce to datanode:56261a0d-e81e-4394-808f-5b50f7cf5f2a
2024-03-18 17:36:54,725 [RatisPipelineUtilsThread-0] INFO  pipeline.BackgroundPipelineCreator (BackgroundPipelineCreator.java:createPipelines(236)) - Created new pipeline Pipeline[ Id: 9690484f-ccf6-4004-8abb-88a1a5c601ce, Nodes: 56261a0d-e81e-4394-808f-5b50f7cf5f2a(fv-az1384-799.e3qrh24bduyexj1tcof5x1etkc.ex.internal.cloudapp.net/10.1.0.17), ReplicationConfig: RATIS/ONE, State:ALLOCATED, leaderId:, CreationTimestamp2024-03-18T17:36:54.724Z[Etc/UTC]]
2024-03-18 17:36:54,841 [IPC Server handler 0 on default port 15002] INFO  net.NetworkTopologyImpl (NetworkTopologyImpl.java:add(133)) - Added a new node: /default-rack/c55acdcd-41ed-4e13-9d38-7679e97508ee
2024-03-18 17:36:54,842 [IPC Server handler 0 on default port 15002] INFO  node.SCMNodeManager (SCMNodeManager.java:register(421)) - Registered datanode: c55acdcd-41ed-4e13-9d38-7679e97508ee{ip: 10.1.0.17, host: fv-az1384-799.e3qrh24bduyexj1tcof5x1etkc.ex.internal.cloudapp.net, ports: [HTTP=15027, CLIENT_RPC=15028, REPLICATION=15034, RATIS=15030, RATIS_ADMIN=15031, RATIS_SERVER=15032, RATIS_DATASTREAM=15033, STANDALONE=15029], networkLocation: /default-rack, certSerialId: null, persistedOpState: null, persistedOpStateExpiryEpochSec: 0}
2024-03-18 17:36:54,842 [EventQueue-NodeRegistrationContainerReportForDataNodeSafeModeRule] INFO  safemode.SCMSafeModeManager (DataNodeSafeModeRule.java:process(71)) - SCM in safe mode. 3 DataNodes registered, 3 required.
2024-03-18 17:36:54,842 [EventQueue-NodeRegistrationContainerReportForDataNodeSafeModeRule] INFO  safemode.SCMSafeModeManager (SCMSafeModeManager.java:validateSafeModeExitRules(200)) - DataNodeSafeModeRule rule is successfully validated
2024-03-18 17:36:54,842 [EventQueue-NodeRegistrationContainerReportForDataNodeSafeModeRule] INFO  safemode.SCMSafeModeManager (SCMSafeModeManager.java:completePreCheck(229)) - All SCM safe mode pre check rules have passed
2024-03-18 17:36:54,842 [EventQueue-NewNodeForNewNodeHandler] INFO  pipeline.BackgroundPipelineCreator (BackgroundPipelineCreator.java:notifyEventTriggered(280)) - trigger a one-shot run on RatisPipelineUtilsThread.
2024-03-18 17:36:54,842 [EventQueue-NodeRegistrationContainerReportForDataNodeSafeModeRule] INFO  ha.SCMContext (SCMContext.java:updateSafeModeStatus(225)) - Update SafeModeStatus from SafeModeStatus{safeModeStatus=true, preCheckPassed=false} to SafeModeStatus{safeModeStatus=true, preCheckPassed=true}.
2024-03-18 17:36:54,843 [EventQueue-NodeRegistrationContainerReportForDataNodeSafeModeRule] INFO  pipeline.BackgroundPipelineCreator (BackgroundPipelineCreator.java:notifyEventTriggered(280)) - trigger a one-shot run on RatisPipelineUtilsThread.
2024-03-18 17:36:54,843 [main] INFO  ozone.MiniOzoneClusterImpl (MiniOzoneClusterImpl.java:lambda$waitForClusterToBeReady$0(194)) - Nodes are ready. Got 3 of 3 DN Heartbeats.
2024-03-18 17:36:54,843 [main] INFO  ozone.MiniOzoneClusterImpl (MiniOzoneClusterImpl.java:lambda$waitForClusterToBeReady$0(197)) - Waiting for cluster to exit safe mode
2024-03-18 17:36:54,843 [main] INFO  ozone.MiniOzoneClusterImpl (MiniOzoneClusterImpl.java:lambda$waitForClusterToBeReady$0(199)) - SCM became leader
2024-03-18 17:36:54,844 [RatisPipelineUtilsThread-0] INFO  pipeline.RatisPipelineProvider (RatisPipelineProvider.java:lambda$create$0(205)) - Sending CreatePipelineCommand for pipeline:PipelineID=47476086-8033-4df1-a786-97b48bd7efba to datanode:c55acdcd-41ed-4e13-9d38-7679e97508ee
2024-03-18 17:36:54,845 [RatisPipelineUtilsThread-0] INFO  pipeline.BackgroundPipelineCreator (BackgroundPipelineCreator.java:createPipelines(236)) - Created new pipeline Pipeline[ Id: 47476086-8033-4df1-a786-97b48bd7efba, Nodes: c55acdcd-41ed-4e13-9d38-7679e97508ee(fv-az1384-799.e3qrh24bduyexj1tcof5x1etkc.ex.internal.cloudapp.net/10.1.0.17), ReplicationConfig: RATIS/ONE, State:ALLOCATED, leaderId:, CreationTimestamp2024-03-18T17:36:54.844Z[Etc/UTC]]
2024-03-18 17:36:54,848 [RatisPipelineUtilsThread-0] INFO  pipeline.RatisPipelineProvider (RatisPipelineProvider.java:lambda$create$0(205)) - Sending CreatePipelineCommand for pipeline:PipelineID=d7d5947c-a7d0-4b0a-9d18-5b297d7dc30a to datanode:56261a0d-e81e-4394-808f-5b50f7cf5f2a
2024-03-18 17:36:54,848 [RatisPipelineUtilsThread-0] INFO  pipeline.RatisPipelineProvider (RatisPipelineProvider.java:lambda$create$0(205)) - Sending CreatePipelineCommand for pipeline:PipelineID=d7d5947c-a7d0-4b0a-9d18-5b297d7dc30a to datanode:c55acdcd-41ed-4e13-9d38-7679e97508ee
2024-03-18 17:36:54,848 [RatisPipelineUtilsThread-0] INFO  pipeline.RatisPipelineProvider (RatisPipelineProvider.java:lambda$create$0(205)) - Sending CreatePipelineCommand for pipeline:PipelineID=d7d5947c-a7d0-4b0a-9d18-5b297d7dc30a to datanode:d4ad8e12-a3d8-4b8c-888a-d359f75d29b2
2024-03-18 17:36:54,850 [RatisPipelineUtilsThread-0] INFO  pipeline.BackgroundPipelineCreator (BackgroundPipelineCreator.java:createPipelines(236)) - Created new pipeline Pipeline[ Id: d7d5947c-a7d0-4b0a-9d18-5b297d7dc30a, Nodes: 56261a0d-e81e-4394-808f-5b50f7cf5f2a(fv-az1384-799.e3qrh24bduyexj1tcof5x1etkc.ex.internal.cloudapp.net/10.1.0.17)c55acdcd-41ed-4e13-9d38-7679e97508ee(fv-az1384-799.e3qrh24bduyexj1tcof5x1etkc.ex.internal.cloudapp.net/10.1.0.17)d4ad8e12-a3d8-4b8c-888a-d359f75d29b2(fv-az1384-799.e3qrh24bduyexj1tcof5x1etkc.ex.internal.cloudapp.net/10.1.0.17), ReplicationConfig: RATIS/THREE, State:ALLOCATED, leaderId:, CreationTimestamp2024-03-18T17:36:54.848Z[Etc/UTC]]
2024-03-18 17:36:54,851 [RatisPipelineUtilsThread-0] INFO  pipeline.RatisPipelineProvider (RatisPipelineProvider.java:lambda$create$0(205)) - Sending CreatePipelineCommand for pipeline:PipelineID=6c854ea3-c611-4d33-8107-c9c4dc121c8b to datanode:56261a0d-e81e-4394-808f-5b50f7cf5f2a
2024-03-18 17:36:54,851 [RatisPipelineUtilsThread-0] INFO  pipeline.RatisPipelineProvider (RatisPipelineProvider.java:lambda$create$0(205)) - Sending CreatePipelineCommand for pipeline:PipelineID=6c854ea3-c611-4d33-8107-c9c4dc121c8b to datanode:c55acdcd-41ed-4e13-9d38-7679e97508ee
2024-03-18 17:36:54,851 [RatisPipelineUtilsThread-0] INFO  pipeline.RatisPipelineProvider (RatisPipelineProvider.java:lambda$create$0(205)) - Sending CreatePipelineCommand for pipeline:PipelineID=6c854ea3-c611-4d33-8107-c9c4dc121c8b to datanode:d4ad8e12-a3d8-4b8c-888a-d359f75d29b2
2024-03-18 17:36:54,852 [RatisPipelineUtilsThread-0] INFO  pipeline.PipelineManagerImpl (PipelineManagerImpl.java:recordMetricsForPipeline(916)) - Pipeline: PipelineID=6c854ea3-c611-4d33-8107-c9c4dc121c8b contains same datanodes as previous pipelines: PipelineID=d7d5947c-a7d0-4b0a-9d18-5b297d7dc30a nodeIds: 56261a0d-e81e-4394-808f-5b50f7cf5f2a, c55acdcd-41ed-4e13-9d38-7679e97508ee, d4ad8e12-a3d8-4b8c-888a-d359f75d29b2
2024-03-18 17:36:54,852 [RatisPipelineUtilsThread-0] INFO  pipeline.BackgroundPipelineCreator (BackgroundPipelineCreator.java:createPipelines(236)) - Created new pipeline Pipeline[ Id: 6c854ea3-c611-4d33-8107-c9c4dc121c8b, Nodes: 56261a0d-e81e-4394-808f-5b50f7cf5f2a(fv-az1384-799.e3qrh24bduyexj1tcof5x1etkc.ex.internal.cloudapp.net/10.1.0.17)c55acdcd-41ed-4e13-9d38-7679e97508ee(fv-az1384-799.e3qrh24bduyexj1tcof5x1etkc.ex.internal.cloudapp.net/10.1.0.17)d4ad8e12-a3d8-4b8c-888a-d359f75d29b2(fv-az1384-799.e3qrh24bduyexj1tcof5x1etkc.ex.internal.cloudapp.net/10.1.0.17), ReplicationConfig: RATIS/THREE, State:ALLOCATED, leaderId:, CreationTimestamp2024-03-18T17:36:54.851Z[Etc/UTC]]
2024-03-18 17:36:55,844 [main] INFO  ozone.MiniOzoneClusterImpl (MiniOzoneClusterImpl.java:lambda$waitForClusterToBeReady$0(194)) - Nodes are ready. Got 3 of 3 DN Heartbeats.
2024-03-18 17:36:55,844 [main] INFO  ozone.MiniOzoneClusterImpl (MiniOzoneClusterImpl.java:lambda$waitForClusterToBeReady$0(197)) - Waiting for cluster to exit safe mode
2024-03-18 17:36:55,845 [main] INFO  ozone.MiniOzoneClusterImpl (MiniOzoneClusterImpl.java:lambda$waitForClusterToBeReady$0(199)) - SCM became leader
2024-03-18 17:36:56,845 [main] INFO  ozone.MiniOzoneClusterImpl (MiniOzoneClusterImpl.java:lambda$waitForClusterToBeReady$0(194)) - Nodes are ready. Got 3 of 3 DN Heartbeats.
2024-03-18 17:36:56,845 [main] INFO  ozone.MiniOzoneClusterImpl (MiniOzoneClusterImpl.java:lambda$waitForClusterToBeReady$0(197)) - Waiting for cluster to exit safe mode
2024-03-18 17:36:56,845 [main] INFO  ozone.MiniOzoneClusterImpl (MiniOzoneClusterImpl.java:lambda$waitForClusterToBeReady$0(199)) - SCM became leader
2024-03-18 17:36:57,607 [d4ad8e12-a3d8-4b8c-888a-d359f75d29b2-PipelineCommandHandlerThread-0] INFO  server.RaftServer (RaftServerProxy.java:addNew(100)) - d4ad8e12-a3d8-4b8c-888a-d359f75d29b2: addNew group-8069D714D8EF:[d4ad8e12-a3d8-4b8c-888a-d359f75d29b2|10.1.0.17:15014] returns group-8069D714D8EF:java.util.concurrent.CompletableFuture@467425a2[Not completed]
2024-03-18 17:36:57,618 [d4ad8e12-a3d8-4b8c-888a-d359f75d29b2-groupManagement] INFO  server.RaftServer$Division (RaftServerImpl.java:<init>(256)) - d4ad8e12-a3d8-4b8c-888a-d359f75d29b2: new RaftServerImpl for group-8069D714D8EF:[d4ad8e12-a3d8-4b8c-888a-d359f75d29b2|10.1.0.17:15014] with ContainerStateMachine:uninitialized
2024-03-18 17:36:57,618 [d4ad8e12-a3d8-4b8c-888a-d359f75d29b2-groupManagement] INFO  server.RaftServerConfigKeys (ConfUtils.java:logGet(46)) - raft.server.rpc.timeout.min = 5s (custom)
2024-03-18 17:36:57,618 [d4ad8e12-a3d8-4b8c-888a-d359f75d29b2-groupManagement] INFO  server.RaftServerConfigKeys (ConfUtils.java:logGet(46)) - raft.server.rpc.timeout.max = 5200ms (custom)
2024-03-18 17:36:57,618 [d4ad8e12-a3d8-4b8c-888a-d359f75d29b2-groupManagement] INFO  server.RaftServerConfigKeys (ConfUtils.java:logGet(46)) - raft.server.rpc.sleep.time = 25ms (default)
2024-03-18 17:36:57,618 [d4ad8e12-a3d8-4b8c-888a-d359f75d29b2-groupManagement] INFO  server.RaftServerConfigKeys (ConfUtils.java:logGet(46)) - raft.server.rpc.slowness.timeout = 300s (custom)
2024-03-18 17:36:57,618 [d4ad8e12-a3d8-4b8c-888a-d359f75d29b2-groupManagement] INFO  server.RaftServerConfigKeys (ConfUtils.java:logGet(46)) - raft.server.leaderelection.leader.step-down.wait-time = 10s (default)
2024-03-18 17:36:57,618 [d4ad8e12-a3d8-4b8c-888a-d359f75d29b2-groupManagement] INFO  server.RaftServerConfigKeys (ConfUtils.java:logGet(46)) - raft.server.leaderelection.member.majority-add = false (default)
2024-03-18 17:36:57,618 [d4ad8e12-a3d8-4b8c-888a-d359f75d29b2-groupManagement] INFO  server.RaftServerConfigKeys (ConfUtils.java:logGet(46)) - raft.server.sleep.deviation.threshold = 300ms (default)
2024-03-18 17:36:57,619 [d4ad8e12-a3d8-4b8c-888a-d359f75d29b2-groupManagement] INFO  server.RaftServer$Division (ServerState.java:<init>(113)) - d4ad8e12-a3d8-4b8c-888a-d359f75d29b2@group-8069D714D8EF: ConfigurationManager, init=-1: peers:[d4ad8e12-a3d8-4b8c-888a-d359f75d29b2|10.1.0.17:15014]|listeners:[], old=null, confs=<EMPTY_MAP>
2024-03-18 17:36:57,619 [d4ad8e12-a3d8-4b8c-888a-d359f75d29b2-groupManagement] INFO  server.RaftServerConfigKeys (ConfUtils.java:logGet(46)) - raft.server.notification.no-leader.timeout = 300s (custom)
2024-03-18 17:36:57,619 [d4ad8e12-a3d8-4b8c-888a-d359f75d29b2-groupManagement] INFO  server.RaftServerConfigKeys (ConfUtils.java:logGet(46)) - raft.server.read.timeout = 10s (default)
2024-03-18 17:36:57,619 [d4ad8e12-a3d8-4b8c-888a-d359f75d29b2-groupManagement] INFO  server.RaftServerConfigKeys (ConfUtils.java:logGet(46)) - raft.server.retrycache.expirytime = 600000ms (custom)
2024-03-18 17:36:57,619 [d4ad8e12-a3d8-4b8c-888a-d359f75d29b2-groupManagement] INFO  server.RaftServerConfigKeys (ConfUtils.java:logGet(46)) - raft.server.retrycache.statistics.expirytime = 100ms (default)
2024-03-18 17:36:57,619 [d4ad8e12-a3d8-4b8c-888a-d359f75d29b2-groupManagement] INFO  server.RaftServerConfigKeys (ConfUtils.java:logGet(46)) - raft.server.read.option = DEFAULT (default)
2024-03-18 17:36:57,619 [d4ad8e12-a3d8-4b8c-888a-d359f75d29b2-groupManagement] INFO  server.RaftServerConfigKeys (ConfUtils.java:logGet(46)) - raft.server.read.read-after-write-consistent.write-index-cache.expiry-time = 60s (default)
2024-03-18 17:36:57,626 [d4ad8e12-a3d8-4b8c-888a-d359f75d29b2-groupManagement] INFO  server.RaftServerConfigKeys (ConfUtils.java:logGet(46)) - raft.server.rpc.request.timeout = 60s (custom)
2024-03-18 17:36:57,626 [d4ad8e12-a3d8-4b8c-888a-d359f75d29b2-groupManagement] INFO  server.RaftServerConfigKeys (ConfUtils.java:logGet(46)) - raft.server.log.appender.install.snapshot.enabled = false (custom)
2024-03-18 17:36:57,626 [d4ad8e12-a3d8-4b8c-888a-d359f75d29b2-groupManagement] INFO  server.RaftServerConfigKeys (ConfUtils.java:logGet(46)) - raft.server.threadpool.server.cached = true (default)
2024-03-18 17:36:57,627 [d4ad8e12-a3d8-4b8c-888a-d359f75d29b2-groupManagement] INFO  server.RaftServerConfigKeys (ConfUtils.java:logGet(46)) - raft.server.threadpool.server.size = 0 (default)
2024-03-18 17:36:57,627 [d4ad8e12-a3d8-4b8c-888a-d359f75d29b2-groupManagement] INFO  server.RaftServerConfigKeys (ConfUtils.java:logGet(46)) - raft.server.threadpool.client.cached = true (default)
2024-03-18 17:36:57,627 [d4ad8e12-a3d8-4b8c-888a-d359f75d29b2-groupManagement] INFO  server.RaftServerConfigKeys (ConfUtils.java:logGet(46)) - raft.server.threadpool.client.size = 0 (default)
2024-03-18 17:36:57,627 [d4ad8e12-a3d8-4b8c-888a-d359f75d29b2-groupManagement] INFO  server.RaftServerConfigKeys (ConfUtils.java:logGet(46)) - raft.server.storage.free-space.min = 0MB (=0) (default)
2024-03-18 17:36:57,627 [d4ad8e12-a3d8-4b8c-888a-d359f75d29b2-groupManagement] INFO  server.RaftServerConfigKeys (ConfUtils.java:logGet(46)) - raft.server.log.corruption.policy = EXCEPTION (default)
2024-03-18 17:36:57,627 [d4ad8e12-a3d8-4b8c-888a-d359f75d29b2-groupManagement] INFO  server.RaftServerConfigKeys (ConfUtils.java:logGet(46)) - raft.server.storage.dir = [/home/runner/work/ozone/ozone/hadoop-ozone/integration-test/target/test-dir/MiniOzoneClusterImpl-fcb2b1b2-065d-4164-ad15-2f123479485b/ozone-meta/datanode-1/ratis] (custom)
2024-03-18 17:36:57,627 [d4ad8e12-a3d8-4b8c-888a-d359f75d29b2-groupManagement] INFO  storage.RaftStorageDirectory (RaftStorageDirectoryImpl.java:analyzeStorage(138)) - The storage directory /home/runner/work/ozone/ozone/hadoop-ozone/integration-test/target/test-dir/MiniOzoneClusterImpl-fcb2b1b2-065d-4164-ad15-2f123479485b/ozone-meta/datanode-1/ratis/950953b5-16e5-4c59-940f-8069d714d8ef does not exist. Creating ...
2024-03-18 17:36:57,629 [d4ad8e12-a3d8-4b8c-888a-d359f75d29b2-groupManagement] INFO  storage.RaftStorageDirectory (RaftStorageDirectoryImpl.java:tryLock(228)) - Lock on /home/runner/work/ozone/ozone/hadoop-ozone/integration-test/target/test-dir/MiniOzoneClusterImpl-fcb2b1b2-065d-4164-ad15-2f123479485b/ozone-meta/datanode-1/ratis/950953b5-16e5-4c59-940f-8069d714d8ef/in_use.lock acquired by nodename 26740@fv-az1384-799
2024-03-18 17:36:57,630 [d4ad8e12-a3d8-4b8c-888a-d359f75d29b2-groupManagement] INFO  storage.RaftStorage (RaftStorageImpl.java:format(99)) - Storage directory /home/runner/work/ozone/ozone/hadoop-ozone/integration-test/target/test-dir/MiniOzoneClusterImpl-fcb2b1b2-065d-4164-ad15-2f123479485b/ozone-meta/datanode-1/ratis/950953b5-16e5-4c59-940f-8069d714d8ef has been successfully formatted.
2024-03-18 17:36:57,631 [d4ad8e12-a3d8-4b8c-888a-d359f75d29b2-groupManagement] WARN  util.FileUtils (LogUtils.java:supplyAndLog(63)) - Failed to Files.newInputStream /home/runner/work/ozone/ozone/hadoop-ozone/integration-test/target/test-dir/MiniOzoneClusterImpl-fcb2b1b2-065d-4164-ad15-2f123479485b/ozone-meta/datanode-1/ratis/950953b5-16e5-4c59-940f-8069d714d8ef/current/raft-meta.conf with options []: java.nio.file.NoSuchFileException: /home/runner/work/ozone/ozone/hadoop-ozone/integration-test/target/test-dir/MiniOzoneClusterImpl-fcb2b1b2-065d-4164-ad15-2f123479485b/ozone-meta/datanode-1/ratis/950953b5-16e5-4c59-940f-8069d714d8ef/current/raft-meta.conf
2024-03-18 17:36:57,638 [d4ad8e12-a3d8-4b8c-888a-d359f75d29b2-groupManagement] INFO  ratis.ContainerStateMachine (ContainerStateMachine.java:loadSnapshot(287)) - group-8069D714D8EF: The snapshot info is null. Setting the last applied index to:(t:0, i:~)
2024-03-18 17:36:57,648 [d4ad8e12-a3d8-4b8c-888a-d359f75d29b2-groupManagement] INFO  server.RaftServerConfigKeys (ConfUtils.java:logGet(46)) - raft.server.log.use.memory = false (default)
2024-03-18 17:36:57,649 [d4ad8e12-a3d8-4b8c-888a-d359f75d29b2-groupManagement] INFO  server.RaftServerConfigKeys (ConfUtils.java:logGet(46)) - raft.server.log.purge.gap = 1000000 (custom)
2024-03-18 17:36:57,649 [d4ad8e12-a3d8-4b8c-888a-d359f75d29b2-groupManagement] INFO  server.RaftServerConfigKeys (ConfUtils.java:logGet(46)) - raft.server.log.appender.buffer.byte-limit = 8388608 (custom)
2024-03-18 17:36:57,649 [d4ad8e12-a3d8-4b8c-888a-d359f75d29b2-groupManagement] INFO  server.RaftServerConfigKeys (ConfUtils.java:logGet(46)) - raft.server.log.statemachine.data.read.timeout = 1000ms (default)
2024-03-18 17:36:57,649 [d4ad8e12-a3d8-4b8c-888a-d359f75d29b2-groupManagement] INFO  server.RaftServerConfigKeys (ConfUtils.java:logGet(46)) - raft.server.log.purge.preservation.log.num = 0 (default)
2024-03-18 17:36:57,658 [EventQueue-PipelineReportForPipelineReportHandler] INFO  pipeline.PipelineReportHandler (PipelineReportHandler.java:processPipelineReport(136)) - Opened pipeline PipelineID=950953b5-16e5-4c59-940f-8069d714d8ef
2024-03-18 17:36:57,659 [EventQueue-OpenPipelineForHealthyPipelineSafeModeRule] INFO  safemode.SCMSafeModeManager (HealthyPipelineSafeModeRule.java:process(140)) - SCM in safe mode. Healthy pipelines reported count is 0, required healthy pipeline reported count is 1
2024-03-18 17:36:57,660 [d4ad8e12-a3d8-4b8c-888a-d359f75d29b2-groupManagement] INFO  server.RaftServerConfigKeys (ConfUtils.java:logGet(46)) - raft.server.log.segment.size.max = 67108864 (custom)
2024-03-18 17:36:57,661 [d4ad8e12-a3d8-4b8c-888a-d359f75d29b2-groupManagement] INFO  server.RaftServerConfigKeys (ConfUtils.java:logGet(46)) - raft.server.log.segment.cache.num.max = 2 (custom)
2024-03-18 17:36:57,661 [d4ad8e12-a3d8-4b8c-888a-d359f75d29b2-groupManagement] INFO  server.RaftServerConfigKeys (ConfUtils.java:logGet(46)) - raft.server.log.segment.cache.size.max = 200MB (=209715200) (default)
2024-03-18 17:36:57,661 [d4ad8e12-a3d8-4b8c-888a-d359f75d29b2-groupManagement] INFO  server.RaftServerConfigKeys (ConfUtils.java:logGet(46)) - raft.server.log.appender.buffer.byte-limit = 8388608 (custom)
2024-03-18 17:36:57,670 [d4ad8e12-a3d8-4b8c-888a-d359f75d29b2-groupManagement] INFO  util.AwaitToRun (AwaitToRun.java:start(81)) - Thread[d4ad8e12-a3d8-4b8c-888a-d359f75d29b2@group-8069D714D8EF-cacheEviction-AwaitToRun,5,main] started
2024-03-18 17:36:57,671 [d4ad8e12-a3d8-4b8c-888a-d359f75d29b2-groupManagement] INFO  segmented.SegmentedRaftLogWorker (SegmentedRaftLogWorker.java:<init>(182)) - new d4ad8e12-a3d8-4b8c-888a-d359f75d29b2@group-8069D714D8EF-SegmentedRaftLogWorker for RaftStorageImpl:Storage Directory /home/runner/work/ozone/ozone/hadoop-ozone/integration-test/target/test-dir/MiniOzoneClusterImpl-fcb2b1b2-065d-4164-ad15-2f123479485b/ozone-meta/datanode-1/ratis/950953b5-16e5-4c59-940f-8069d714d8ef
2024-03-18 17:36:57,672 [d4ad8e12-a3d8-4b8c-888a-d359f75d29b2-groupManagement] INFO  server.RaftServerConfigKeys (ConfUtils.java:logGet(46)) - raft.server.log.queue.byte-limit = 4294967296 (custom)
2024-03-18 17:36:57,672 [d4ad8e12-a3d8-4b8c-888a-d359f75d29b2-groupManagement] INFO  server.RaftServerConfigKeys (ConfUtils.java:logGet(46)) - raft.server.log.queue.element-limit = 1024 (custom)
2024-03-18 17:36:57,672 [d4ad8e12-a3d8-4b8c-888a-d359f75d29b2-groupManagement] INFO  server.RaftServerConfigKeys (ConfUtils.java:logGet(46)) - raft.server.log.segment.size.max = 67108864 (custom)
2024-03-18 17:36:57,672 [d4ad8e12-a3d8-4b8c-888a-d359f75d29b2-groupManagement] INFO  server.RaftServerConfigKeys (ConfUtils.java:logGet(46)) - raft.server.log.preallocated.size = 4194304 (custom)
2024-03-18 17:36:57,672 [d4ad8e12-a3d8-4b8c-888a-d359f75d29b2-groupManagement] INFO  server.RaftServerConfigKeys (ConfUtils.java:logGet(46)) - raft.server.log.force.sync.num = 128 (default)
2024-03-18 17:36:57,672 [d4ad8e12-a3d8-4b8c-888a-d359f75d29b2-groupManagement] INFO  server.RaftServerConfigKeys (ConfUtils.java:logGet(46)) - raft.server.log.statemachine.data.sync = true (default)
2024-03-18 17:36:57,672 [d4ad8e12-a3d8-4b8c-888a-d359f75d29b2-groupManagement] INFO  server.RaftServerConfigKeys (ConfUtils.java:logGet(46)) - raft.server.log.statemachine.data.sync.timeout = 10s (default)
2024-03-18 17:36:57,672 [d4ad8e12-a3d8-4b8c-888a-d359f75d29b2-groupManagement] INFO  server.RaftServerConfigKeys (ConfUtils.java:logGet(46)) - raft.server.log.statemachine.data.sync.timeout.retry = 0 (custom)
2024-03-18 17:36:57,673 [d4ad8e12-a3d8-4b8c-888a-d359f75d29b2-groupManagement] INFO  server.RaftServerConfigKeys (ConfUtils.java:logGet(46)) - raft.server.log.write.buffer.size = 8388616 (custom)
2024-03-18 17:36:57,675 [d4ad8e12-a3d8-4b8c-888a-d359f75d29b2-groupManagement] INFO  server.RaftServerConfigKeys (ConfUtils.java:logGet(46)) - raft.server.log.appender.buffer.byte-limit = 8388608 (custom)
2024-03-18 17:36:57,675 [d4ad8e12-a3d8-4b8c-888a-d359f75d29b2-groupManagement] INFO  server.RaftServerConfigKeys (ConfUtils.java:logGet(46)) - raft.server.log.unsafe-flush.enabled = false (default)
2024-03-18 17:36:57,675 [d4ad8e12-a3d8-4b8c-888a-d359f75d29b2-groupManagement] INFO  server.RaftServerConfigKeys (ConfUtils.java:logGet(46)) - raft.server.log.async-flush.enabled = false (default)
2024-03-18 17:36:57,675 [d4ad8e12-a3d8-4b8c-888a-d359f75d29b2-groupManagement] INFO  server.RaftServerConfigKeys (ConfUtils.java:logGet(46)) - raft.server.log.statemachine.data.caching.enabled = true (custom)
2024-03-18 17:36:57,675 [d4ad8e12-a3d8-4b8c-888a-d359f75d29b2-groupManagement] INFO  segmented.SegmentedRaftLogWorker (SegmentedRaftLogWorker.java:lambda$new$0(134)) - d4ad8e12-a3d8-4b8c-888a-d359f75d29b2@group-8069D714D8EF-SegmentedRaftLogWorker: flushIndex: setUnconditionally 0 -> -1
2024-03-18 17:36:57,675 [d4ad8e12-a3d8-4b8c-888a-d359f75d29b2-groupManagement] INFO  segmented.SegmentedRaftLogWorker (SegmentedRaftLogWorker.java:lambda$new$0(134)) - d4ad8e12-a3d8-4b8c-888a-d359f75d29b2@group-8069D714D8EF-SegmentedRaftLogWorker: safeCacheEvictIndex: setUnconditionally 0 -> -1
2024-03-18 17:36:57,675 [d4ad8e12-a3d8-4b8c-888a-d359f75d29b2-groupManagement] INFO  server.RaftServer$Division (RaftServerImpl.java:start(396)) - d4ad8e12-a3d8-4b8c-888a-d359f75d29b2@group-8069D714D8EF: start as a follower, conf=-1: peers:[d4ad8e12-a3d8-4b8c-888a-d359f75d29b2|10.1.0.17:15014]|listeners:[], old=null
2024-03-18 17:36:57,675 [d4ad8e12-a3d8-4b8c-888a-d359f75d29b2-groupManagement] INFO  server.RaftServer$Division (RaftServerImpl.java:setRole(383)) - d4ad8e12-a3d8-4b8c-888a-d359f75d29b2@group-8069D714D8EF: changes role from      null to FOLLOWER at term 0 for startAsFollower
2024-03-18 17:36:57,676 [d4ad8e12-a3d8-4b8c-888a-d359f75d29b2-groupManagement] INFO  impl.RoleInfo (RoleInfo.java:updateAndGet(139)) - d4ad8e12-a3d8-4b8c-888a-d359f75d29b2: start d4ad8e12-a3d8-4b8c-888a-d359f75d29b2@group-8069D714D8EF-FollowerState
2024-03-18 17:36:57,676 [d4ad8e12-a3d8-4b8c-888a-d359f75d29b2-groupManagement] INFO  util.JmxRegister (JmxRegister.java:tryRegister(44)) - Successfully registered JMX Bean with object name Ratis:service=RaftServer,group=group-8069D714D8EF,id=d4ad8e12-a3d8-4b8c-888a-d359f75d29b2
2024-03-18 17:36:57,676 [d4ad8e12-a3d8-4b8c-888a-d359f75d29b2-groupManagement] INFO  server.RaftServerConfigKeys (ConfUtils.java:logGet(46)) - raft.server.snapshot.trigger-when-stop.enabled = true (default)
2024-03-18 17:36:57,676 [d4ad8e12-a3d8-4b8c-888a-d359f75d29b2-groupManagement] INFO  server.RaftServerConfigKeys (ConfUtils.java:logGet(46)) - raft.server.snapshot.auto.trigger.enabled = true (custom)
2024-03-18 17:36:57,676 [d4ad8e12-a3d8-4b8c-888a-d359f75d29b2-groupManagement] INFO  server.RaftServerConfigKeys (ConfUtils.java:logGet(46)) - raft.server.snapshot.auto.trigger.threshold = 10000 (custom)
2024-03-18 17:36:57,676 [d4ad8e12-a3d8-4b8c-888a-d359f75d29b2-groupManagement] INFO  server.RaftServerConfigKeys (ConfUtils.java:logGet(46)) - raft.server.snapshot.retention.file.num = 5 (custom)
2024-03-18 17:36:57,676 [d4ad8e12-a3d8-4b8c-888a-d359f75d29b2-groupManagement] INFO  server.RaftServerConfigKeys (ConfUtils.java:logGet(46)) - raft.server.log.purge.upto.snapshot.index = false (default)
2024-03-18 17:36:57,677 [d4ad8e12-a3d8-4b8c-888a-d359f75d29b2@group-8069D714D8EF-FollowerState] INFO  server.RaftServerConfigKeys (ConfUtils.java:logFallback(53)) - raft.server.rpc.first-election.timeout.min = 5s (fallback to raft.server.rpc.timeout.min)
2024-03-18 17:36:57,677 [d4ad8e12-a3d8-4b8c-888a-d359f75d29b2@group-8069D714D8EF-FollowerState] INFO  server.RaftServerConfigKeys (ConfUtils.java:logFallback(53)) - raft.server.rpc.first-election.timeout.max = 5200ms (fallback to raft.server.rpc.timeout.max)
2024-03-18 17:36:57,682 [d4ad8e12-a3d8-4b8c-888a-d359f75d29b2-PipelineCommandHandlerThread-0] INFO  ratis.XceiverServerRatis (XceiverServerRatis.java:addGroup(864)) - Created group PipelineID=950953b5-16e5-4c59-940f-8069d714d8ef
2024-03-18 17:36:57,683 [d4ad8e12-a3d8-4b8c-888a-d359f75d29b2-PipelineCommandHandlerThread-0] INFO  commandhandler.CreatePipelineCommandHandler (CreatePipelineCommandHandler.java:lambda$handle$2(124)) - Created Pipeline RATIS ONE PipelineID=950953b5-16e5-4c59-940f-8069d714d8ef.
2024-03-18 17:36:57,684 [d4ad8e12-a3d8-4b8c-888a-d359f75d29b2-PipelineCommandHandlerThread-0] INFO  server.RaftServer (RaftServerProxy.java:addNew(100)) - d4ad8e12-a3d8-4b8c-888a-d359f75d29b2: addNew group-5B297D7DC30A:[56261a0d-e81e-4394-808f-5b50f7cf5f2a|10.1.0.17:15023, d4ad8e12-a3d8-4b8c-888a-d359f75d29b2|10.1.0.17:15014, c55acdcd-41ed-4e13-9d38-7679e97508ee|10.1.0.17:15032] returns group-5B297D7DC30A:java.util.concurrent.CompletableFuture@20cc6a04[Not completed]
2024-03-18 17:36:57,685 [d4ad8e12-a3d8-4b8c-888a-d359f75d29b2-groupManagement] INFO  server.RaftServer$Division (RaftServerImpl.java:<init>(256)) - d4ad8e12-a3d8-4b8c-888a-d359f75d29b2: new RaftServerImpl for group-5B297D7DC30A:[56261a0d-e81e-4394-808f-5b50f7cf5f2a|10.1.0.17:15023, d4ad8e12-a3d8-4b8c-888a-d359f75d29b2|10.1.0.17:15014, c55acdcd-41ed-4e13-9d38-7679e97508ee|10.1.0.17:15032] with ContainerStateMachine:uninitialized
2024-03-18 17:36:57,685 [d4ad8e12-a3d8-4b8c-888a-d359f75d29b2-groupManagement] INFO  server.RaftServerConfigKeys (ConfUtils.java:logGet(46)) - raft.server.rpc.timeout.min = 5s (custom)
2024-03-18 17:36:57,685 [d4ad8e12-a3d8-4b8c-888a-d359f75d29b2-groupManagement] INFO  server.RaftServerConfigKeys (ConfUtils.java:logGet(46)) - raft.server.rpc.timeout.max = 5200ms (custom)
2024-03-18 17:36:57,686 [d4ad8e12-a3d8-4b8c-888a-d359f75d29b2-groupManagement] INFO  server.RaftServerConfigKeys (ConfUtils.java:logGet(46)) - raft.server.rpc.sleep.time = 25ms (default)
2024-03-18 17:36:57,686 [d4ad8e12-a3d8-4b8c-888a-d359f75d29b2-groupManagement] INFO  server.RaftServerConfigKeys (ConfUtils.java:logGet(46)) - raft.server.rpc.slowness.timeout = 300s (custom)
2024-03-18 17:36:57,686 [d4ad8e12-a3d8-4b8c-888a-d359f75d29b2-groupManagement] INFO  server.RaftServerConfigKeys (ConfUtils.java:logGet(46)) - raft.server.leaderelection.leader.step-down.wait-time = 10s (default)
2024-03-18 17:36:57,686 [d4ad8e12-a3d8-4b8c-888a-d359f75d29b2-groupManagement] INFO  server.RaftServerConfigKeys (ConfUtils.java:logGet(46)) - raft.server.leaderelection.member.majority-add = false (default)
2024-03-18 17:36:57,686 [d4ad8e12-a3d8-4b8c-888a-d359f75d29b2-groupManagement] INFO  server.RaftServerConfigKeys (ConfUtils.java:logGet(46)) - raft.server.sleep.deviation.threshold = 300ms (default)
2024-03-18 17:36:57,686 [d4ad8e12-a3d8-4b8c-888a-d359f75d29b2-groupManagement] INFO  server.RaftServer$Division (ServerState.java:<init>(113)) - d4ad8e12-a3d8-4b8c-888a-d359f75d29b2@group-5B297D7DC30A: ConfigurationManager, init=-1: peers:[56261a0d-e81e-4394-808f-5b50f7cf5f2a|10.1.0.17:15023, d4ad8e12-a3d8-4b8c-888a-d359f75d29b2|10.1.0.17:15014, c55acdcd-41ed-4e13-9d38-7679e97508ee|10.1.0.17:15032]|listeners:[], old=null, confs=<EMPTY_MAP>
2024-03-18 17:36:57,686 [d4ad8e12-a3d8-4b8c-888a-d359f75d29b2-groupManagement] INFO  server.RaftServerConfigKeys (ConfUtils.java:logGet(46)) - raft.server.notification.no-leader.timeout = 300s (custom)
2024-03-18 17:36:57,686 [d4ad8e12-a3d8-4b8c-888a-d359f75d29b2-groupManagement] INFO  server.RaftServerConfigKeys (ConfUtils.java:logGet(46)) - raft.server.read.timeout = 10s (default)
2024-03-18 17:36:57,686 [d4ad8e12-a3d8-4b8c-888a-d359f75d29b2-groupManagement] INFO  server.RaftServerConfigKeys (ConfUtils.java:logGet(46)) - raft.server.retrycache.expirytime = 600000ms (custom)
2024-03-18 17:36:57,687 [d4ad8e12-a3d8-4b8c-888a-d359f75d29b2-groupManagement] INFO  server.RaftServerConfigKeys (ConfUtils.java:logGet(46)) - raft.server.retrycache.statistics.expirytime = 100ms (default)
2024-03-18 17:36:57,687 [d4ad8e12-a3d8-4b8c-888a-d359f75d29b2-groupManagement] INFO  server.RaftServerConfigKeys (ConfUtils.java:logGet(46)) - raft.server.read.option = DEFAULT (default)
2024-03-18 17:36:57,687 [d4ad8e12-a3d8-4b8c-888a-d359f75d29b2-groupManagement] INFO  server.RaftServerConfigKeys (ConfUtils.java:logGet(46)) - raft.server.read.read-after-write-consistent.write-index-cache.expiry-time = 60s (default)
2024-03-18 17:36:57,692 [d4ad8e12-a3d8-4b8c-888a-d359f75d29b2-groupManagement] INFO  server.RaftServerConfigKeys (ConfUtils.java:logGet(46)) - raft.server.rpc.request.timeout = 60s (custom)
2024-03-18 17:36:57,692 [d4ad8e12-a3d8-4b8c-888a-d359f75d29b2-groupManagement] INFO  server.RaftServerConfigKeys (ConfUtils.java:logGet(46)) - raft.server.log.appender.install.snapshot.enabled = false (custom)
2024-03-18 17:36:57,692 [d4ad8e12-a3d8-4b8c-888a-d359f75d29b2-groupManagement] INFO  server.RaftServerConfigKeys (ConfUtils.java:logGet(46)) - raft.server.threadpool.server.cached = true (default)
2024-03-18 17:36:57,692 [d4ad8e12-a3d8-4b8c-888a-d359f75d29b2-groupManagement] INFO  server.RaftServerConfigKeys (ConfUtils.java:logGet(46)) - raft.server.threadpool.server.size = 0 (default)
2024-03-18 17:36:57,692 [d4ad8e12-a3d8-4b8c-888a-d359f75d29b2-groupManagement] INFO  server.RaftServerConfigKeys (ConfUtils.java:logGet(46)) - raft.server.threadpool.client.cached = true (default)
2024-03-18 17:36:57,692 [d4ad8e12-a3d8-4b8c-888a-d359f75d29b2-groupManagement] INFO  server.RaftServerConfigKeys (ConfUtils.java:logGet(46)) - raft.server.threadpool.client.size = 0 (default)
2024-03-18 17:36:57,693 [d4ad8e12-a3d8-4b8c-888a-d359f75d29b2-groupManagement] INFO  server.RaftServerConfigKeys (ConfUtils.java:logGet(46)) - raft.server.storage.free-space.min = 0MB (=0) (default)
2024-03-18 17:36:57,693 [d4ad8e12-a3d8-4b8c-888a-d359f75d29b2-groupManagement] INFO  server.RaftServerConfigKeys (ConfUtils.java:logGet(46)) - raft.server.log.corruption.policy = EXCEPTION (default)
2024-03-18 17:36:57,693 [d4ad8e12-a3d8-4b8c-888a-d359f75d29b2-groupManagement] INFO  server.RaftServerConfigKeys (ConfUtils.java:logGet(46)) - raft.server.storage.dir = [/home/runner/work/ozone/ozone/hadoop-ozone/integration-test/target/test-dir/MiniOzoneClusterImpl-fcb2b1b2-065d-4164-ad15-2f123479485b/ozone-meta/datanode-1/ratis] (custom)
2024-03-18 17:36:57,693 [d4ad8e12-a3d8-4b8c-888a-d359f75d29b2-groupManagement] INFO  storage.RaftStorageDirectory (RaftStorageDirectoryImpl.java:analyzeStorage(138)) - The storage directory /home/runner/work/ozone/ozone/hadoop-ozone/integration-test/target/test-dir/MiniOzoneClusterImpl-fcb2b1b2-065d-4164-ad15-2f123479485b/ozone-meta/datanode-1/ratis/d7d5947c-a7d0-4b0a-9d18-5b297d7dc30a does not exist. Creating ...
2024-03-18 17:36:57,694 [d4ad8e12-a3d8-4b8c-888a-d359f75d29b2-groupManagement] INFO  storage.RaftStorageDirectory (RaftStorageDirectoryImpl.java:tryLock(228)) - Lock on /home/runner/work/ozone/ozone/hadoop-ozone/integration-test/target/test-dir/MiniOzoneClusterImpl-fcb2b1b2-065d-4164-ad15-2f123479485b/ozone-meta/datanode-1/ratis/d7d5947c-a7d0-4b0a-9d18-5b297d7dc30a/in_use.lock acquired by nodename 26740@fv-az1384-799
2024-03-18 17:36:57,694 [d4ad8e12-a3d8-4b8c-888a-d359f75d29b2-groupManagement] INFO  storage.RaftStorage (RaftStorageImpl.java:format(99)) - Storage directory /home/runner/work/ozone/ozone/hadoop-ozone/integration-test/target/test-dir/MiniOzoneClusterImpl-fcb2b1b2-065d-4164-ad15-2f123479485b/ozone-meta/datanode-1/ratis/d7d5947c-a7d0-4b0a-9d18-5b297d7dc30a has been successfully formatted.
2024-03-18 17:36:57,695 [d4ad8e12-a3d8-4b8c-888a-d359f75d29b2-groupManagement] WARN  util.FileUtils (LogUtils.java:supplyAndLog(63)) - Failed to Files.newInputStream /home/runner/work/ozone/ozone/hadoop-ozone/integration-test/target/test-dir/MiniOzoneClusterImpl-fcb2b1b2-065d-4164-ad15-2f123479485b/ozone-meta/datanode-1/ratis/d7d5947c-a7d0-4b0a-9d18-5b297d7dc30a/current/raft-meta.conf with options []: java.nio.file.NoSuchFileException: /home/runner/work/ozone/ozone/hadoop-ozone/integration-test/target/test-dir/MiniOzoneClusterImpl-fcb2b1b2-065d-4164-ad15-2f123479485b/ozone-meta/datanode-1/ratis/d7d5947c-a7d0-4b0a-9d18-5b297d7dc30a/current/raft-meta.conf
2024-03-18 17:36:57,695 [d4ad8e12-a3d8-4b8c-888a-d359f75d29b2-groupManagement] INFO  ratis.ContainerStateMachine (ContainerStateMachine.java:loadSnapshot(287)) - group-5B297D7DC30A: The snapshot info is null. Setting the last applied index to:(t:0, i:~)
2024-03-18 17:36:57,695 [d4ad8e12-a3d8-4b8c-888a-d359f75d29b2-groupManagement] INFO  server.RaftServerConfigKeys (ConfUtils.java:logGet(46)) - raft.server.log.use.memory = false (default)
2024-03-18 17:36:57,695 [d4ad8e12-a3d8-4b8c-888a-d359f75d29b2-groupManagement] INFO  server.RaftServerConfigKeys (ConfUtils.java:logGet(46)) - raft.server.log.purge.gap = 1000000 (custom)
2024-03-18 17:36:57,695 [d4ad8e12-a3d8-4b8c-888a-d359f75d29b2-groupManagement] INFO  server.RaftServerConfigKeys (ConfUtils.java:logGet(46)) - raft.server.log.appender.buffer.byte-limit = 8388608 (custom)
2024-03-18 17:36:57,695 [d4ad8e12-a3d8-4b8c-888a-d359f75d29b2-groupManagement] INFO  server.RaftServerConfigKeys (ConfUtils.java:logGet(46)) - raft.server.log.statemachine.data.read.timeout = 1000ms (default)
2024-03-18 17:36:57,695 [d4ad8e12-a3d8-4b8c-888a-d359f75d29b2-groupManagement] INFO  server.RaftServerConfigKeys (ConfUtils.java:logGet(46)) - raft.server.log.purge.preservation.log.num = 0 (default)
2024-03-18 17:36:57,700 [EventQueue-OpenPipelineForHealthyPipelineSafeModeRule] INFO  safemode.SCMSafeModeManager (HealthyPipelineSafeModeRule.java:process(140)) - SCM in safe mode. Healthy pipelines reported count is 0, required healthy pipeline reported count is 1
2024-03-18 17:36:57,703 [d4ad8e12-a3d8-4b8c-888a-d359f75d29b2-groupManagement] INFO  server.RaftServerConfigKeys (ConfUtils.java:logGet(46)) - raft.server.log.segment.size.max = 67108864 (custom)
2024-03-18 17:36:57,704 [d4ad8e12-a3d8-4b8c-888a-d359f75d29b2-groupManagement] INFO  server.RaftServerConfigKeys (ConfUtils.java:logGet(46)) - raft.server.log.segment.cache.num.max = 2 (custom)
2024-03-18 17:36:57,704 [d4ad8e12-a3d8-4b8c-888a-d359f75d29b2-groupManagement] INFO  server.RaftServerConfigKeys (ConfUtils.java:logGet(46)) - raft.server.log.segment.cache.size.max = 200MB (=209715200) (default)
2024-03-18 17:36:57,704 [d4ad8e12-a3d8-4b8c-888a-d359f75d29b2-groupManagement] INFO  server.RaftServerConfigKeys (ConfUtils.java:logGet(46)) - raft.server.log.appender.buffer.byte-limit = 8388608 (custom)
2024-03-18 17:36:57,704 [d4ad8e12-a3d8-4b8c-888a-d359f75d29b2-groupManagement] INFO  util.AwaitToRun (AwaitToRun.java:start(81)) - Thread[d4ad8e12-a3d8-4b8c-888a-d359f75d29b2@group-5B297D7DC30A-cacheEviction-AwaitToRun,5,main] started
2024-03-18 17:36:57,704 [d4ad8e12-a3d8-4b8c-888a-d359f75d29b2-groupManagement] INFO  segmented.SegmentedRaftLogWorker (SegmentedRaftLogWorker.java:<init>(182)) - new d4ad8e12-a3d8-4b8c-888a-d359f75d29b2@group-5B297D7DC30A-SegmentedRaftLogWorker for RaftStorageImpl:Storage Directory /home/runner/work/ozone/ozone/hadoop-ozone/integration-test/target/test-dir/MiniOzoneClusterImpl-fcb2b1b2-065d-4164-ad15-2f123479485b/ozone-meta/datanode-1/ratis/d7d5947c-a7d0-4b0a-9d18-5b297d7dc30a
2024-03-18 17:36:57,704 [d4ad8e12-a3d8-4b8c-888a-d359f75d29b2-groupManagement] INFO  server.RaftServerConfigKeys (ConfUtils.java:logGet(46)) - raft.server.log.queue.byte-limit = 4294967296 (custom)
2024-03-18 17:36:57,704 [d4ad8e12-a3d8-4b8c-888a-d359f75d29b2-groupManagement] INFO  server.RaftServerConfigKeys (ConfUtils.java:logGet(46)) - raft.server.log.queue.element-limit = 1024 (custom)
2024-03-18 17:36:57,705 [d4ad8e12-a3d8-4b8c-888a-d359f75d29b2-groupManagement] INFO  server.RaftServerConfigKeys (ConfUtils.java:logGet(46)) - raft.server.log.segment.size.max = 67108864 (custom)
2024-03-18 17:36:57,705 [d4ad8e12-a3d8-4b8c-888a-d359f75d29b2-groupManagement] INFO  server.RaftServerConfigKeys (ConfUtils.java:logGet(46)) - raft.server.log.preallocated.size = 4194304 (custom)
2024-03-18 17:36:57,705 [d4ad8e12-a3d8-4b8c-888a-d359f75d29b2-groupManagement] INFO  server.RaftServerConfigKeys (ConfUtils.java:logGet(46)) - raft.server.log.force.sync.num = 128 (default)
2024-03-18 17:36:57,705 [d4ad8e12-a3d8-4b8c-888a-d359f75d29b2-groupManagement] INFO  server.RaftServerConfigKeys (ConfUtils.java:logGet(46)) - raft.server.log.statemachine.data.sync = true (default)
2024-03-18 17:36:57,705 [d4ad8e12-a3d8-4b8c-888a-d359f75d29b2-groupManagement] INFO  server.RaftServerConfigKeys (ConfUtils.java:logGet(46)) - raft.server.log.statemachine.data.sync.timeout = 10s (default)
2024-03-18 17:36:57,705 [d4ad8e12-a3d8-4b8c-888a-d359f75d29b2-groupManagement] INFO  server.RaftServerConfigKeys (ConfUtils.java:logGet(46)) - raft.server.log.statemachine.data.sync.timeout.retry = 0 (custom)
2024-03-18 17:36:57,706 [d4ad8e12-a3d8-4b8c-888a-d359f75d29b2-groupManagement] INFO  server.RaftServerConfigKeys (ConfUtils.java:logGet(46)) - raft.server.log.write.buffer.size = 8388616 (custom)
2024-03-18 17:36:57,707 [d4ad8e12-a3d8-4b8c-888a-d359f75d29b2-groupManagement] INFO  server.RaftServerConfigKeys (ConfUtils.java:logGet(46)) - raft.server.log.appender.buffer.byte-limit = 8388608 (custom)
2024-03-18 17:36:57,707 [d4ad8e12-a3d8-4b8c-888a-d359f75d29b2-groupManagement] INFO  server.RaftServerConfigKeys (ConfUtils.java:logGet(46)) - raft.server.log.unsafe-flush.enabled = false (default)
2024-03-18 17:36:57,707 [d4ad8e12-a3d8-4b8c-888a-d359f75d29b2-groupManagement] INFO  server.RaftServerConfigKeys (ConfUtils.java:logGet(46)) - raft.server.log.async-flush.enabled = false (default)
2024-03-18 17:36:57,707 [d4ad8e12-a3d8-4b8c-888a-d359f75d29b2-groupManagement] INFO  server.RaftServerConfigKeys (ConfUtils.java:logGet(46)) - raft.server.log.statemachine.data.caching.enabled = true (custom)
2024-03-18 17:36:57,707 [d4ad8e12-a3d8-4b8c-888a-d359f75d29b2-groupManagement] INFO  segmented.SegmentedRaftLogWorker (SegmentedRaftLogWorker.java:lambda$new$0(134)) - d4ad8e12-a3d8-4b8c-888a-d359f75d29b2@group-5B297D7DC30A-SegmentedRaftLogWorker: flushIndex: setUnconditionally 0 -> -1
2024-03-18 17:36:57,708 [d4ad8e12-a3d8-4b8c-888a-d359f75d29b2-groupManagement] INFO  segmented.SegmentedRaftLogWorker (SegmentedRaftLogWorker.java:lambda$new$0(134)) - d4ad8e12-a3d8-4b8c-888a-d359f75d29b2@group-5B297D7DC30A-SegmentedRaftLogWorker: safeCacheEvictIndex: setUnconditionally 0 -> -1
2024-03-18 17:36:57,708 [d4ad8e12-a3d8-4b8c-888a-d359f75d29b2-groupManagement] INFO  server.RaftServer$Division (RaftServerImpl.java:start(396)) - d4ad8e12-a3d8-4b8c-888a-d359f75d29b2@group-5B297D7DC30A: start as a follower, conf=-1: peers:[56261a0d-e81e-4394-808f-5b50f7cf5f2a|10.1.0.17:15023, d4ad8e12-a3d8-4b8c-888a-d359f75d29b2|10.1.0.17:15014, c55acdcd-41ed-4e13-9d38-7679e97508ee|10.1.0.17:15032]|listeners:[], old=null
2024-03-18 17:36:57,708 [d4ad8e12-a3d8-4b8c-888a-d359f75d29b2-groupManagement] INFO  server.RaftServer$Division (RaftServerImpl.java:setRole(383)) - d4ad8e12-a3d8-4b8c-888a-d359f75d29b2@group-5B297D7DC30A: changes role from      null to FOLLOWER at term 0 for startAsFollower
2024-03-18 17:36:57,708 [d4ad8e12-a3d8-4b8c-888a-d359f75d29b2-groupManagement] INFO  impl.RoleInfo (RoleInfo.java:updateAndGet(139)) - d4ad8e12-a3d8-4b8c-888a-d359f75d29b2: start d4ad8e12-a3d8-4b8c-888a-d359f75d29b2@group-5B297D7DC30A-FollowerState
2024-03-18 17:36:57,708 [d4ad8e12-a3d8-4b8c-888a-d359f75d29b2@group-5B297D7DC30A-FollowerState] INFO  server.RaftServerConfigKeys (ConfUtils.java:logFallback(53)) - raft.server.rpc.first-election.timeout.min = 5s (fallback to raft.server.rpc.timeout.min)
2024-03-18 17:36:57,708 [d4ad8e12-a3d8-4b8c-888a-d359f75d29b2-groupManagement] INFO  util.JmxRegister (JmxRegister.java:tryRegister(44)) - Successfully registered JMX Bean with object name Ratis:service=RaftServer,group=group-5B297D7DC30A,id=d4ad8e12-a3d8-4b8c-888a-d359f75d29b2
2024-03-18 17:36:57,708 [d4ad8e12-a3d8-4b8c-888a-d359f75d29b2@group-5B297D7DC30A-FollowerState] INFO  server.RaftServerConfigKeys (ConfUtils.java:logFallback(53)) - raft.server.rpc.first-election.timeout.max = 5200ms (fallback to raft.server.rpc.timeout.max)
2024-03-18 17:36:57,708 [d4ad8e12-a3d8-4b8c-888a-d359f75d29b2-groupManagement] INFO  server.RaftServerConfigKeys (ConfUtils.java:logGet(46)) - raft.server.snapshot.trigger-when-stop.enabled = true (default)
2024-03-18 17:36:57,709 [d4ad8e12-a3d8-4b8c-888a-d359f75d29b2-groupManagement] INFO  server.RaftServerConfigKeys (ConfUtils.java:logGet(46)) - raft.server.snapshot.auto.trigger.enabled = true (custom)
2024-03-18 17:36:57,709 [d4ad8e12-a3d8-4b8c-888a-d359f75d29b2-groupManagement] INFO  server.RaftServerConfigKeys (ConfUtils.java:logGet(46)) - raft.server.snapshot.auto.trigger.threshold = 10000 (custom)
2024-03-18 17:36:57,709 [d4ad8e12-a3d8-4b8c-888a-d359f75d29b2-groupManagement] INFO  server.RaftServerConfigKeys (ConfUtils.java:logGet(46)) - raft.server.snapshot.retention.file.num = 5 (custom)
2024-03-18 17:36:57,709 [d4ad8e12-a3d8-4b8c-888a-d359f75d29b2-groupManagement] INFO  server.RaftServerConfigKeys (ConfUtils.java:logGet(46)) - raft.server.log.purge.upto.snapshot.index = false (default)
2024-03-18 17:36:57,710 [d4ad8e12-a3d8-4b8c-888a-d359f75d29b2-PipelineCommandHandlerThread-0] INFO  ratis.XceiverServerRatis (XceiverServerRatis.java:addGroup(864)) - Created group PipelineID=d7d5947c-a7d0-4b0a-9d18-5b297d7dc30a
2024-03-18 17:36:57,722 [56261a0d-e81e-4394-808f-5b50f7cf5f2a-PipelineCommandHandlerThread-0] INFO  server.RaftServer (RaftServerProxy.java:addNew(100)) - 56261a0d-e81e-4394-808f-5b50f7cf5f2a: addNew group-88A1A5C601CE:[56261a0d-e81e-4394-808f-5b50f7cf5f2a|10.1.0.17:15023] returns group-88A1A5C601CE:java.util.concurrent.CompletableFuture@57f01a95[Not completed]
2024-03-18 17:36:57,725 [56261a0d-e81e-4394-808f-5b50f7cf5f2a-groupManagement] INFO  server.RaftServer$Division (RaftServerImpl.java:<init>(256)) - 56261a0d-e81e-4394-808f-5b50f7cf5f2a: new RaftServerImpl for group-88A1A5C601CE:[56261a0d-e81e-4394-808f-5b50f7cf5f2a|10.1.0.17:15023] with ContainerStateMachine:uninitialized
2024-03-18 17:36:57,725 [56261a0d-e81e-4394-808f-5b50f7cf5f2a-groupManagement] INFO  server.RaftServerConfigKeys (ConfUtils.java:logGet(46)) - raft.server.rpc.timeout.min = 5s (custom)
2024-03-18 17:36:57,726 [56261a0d-e81e-4394-808f-5b50f7cf5f2a-groupManagement] INFO  server.RaftServerConfigKeys (ConfUtils.java:logGet(46)) - raft.server.rpc.timeout.max = 5200ms (custom)
2024-03-18 17:36:57,726 [56261a0d-e81e-4394-808f-5b50f7cf5f2a-groupManagement] INFO  server.RaftServerConfigKeys (ConfUtils.java:logGet(46)) - raft.server.rpc.sleep.time = 25ms (default)
2024-03-18 17:36:57,726 [56261a0d-e81e-4394-808f-5b50f7cf5f2a-groupManagement] INFO  server.RaftServerConfigKeys (ConfUtils.java:logGet(46)) - raft.server.rpc.slowness.timeout = 300s (custom)
2024-03-18 17:36:57,726 [56261a0d-e81e-4394-808f-5b50f7cf5f2a-groupManagement] INFO  server.RaftServerConfigKeys (ConfUtils.java:logGet(46)) - raft.server.leaderelection.leader.step-down.wait-time = 10s (default)
2024-03-18 17:36:57,726 [56261a0d-e81e-4394-808f-5b50f7cf5f2a-groupManagement] INFO  server.RaftServerConfigKeys (ConfUtils.java:logGet(46)) - raft.server.leaderelection.member.majority-add = false (default)
2024-03-18 17:36:57,726 [56261a0d-e81e-4394-808f-5b50f7cf5f2a-groupManagement] INFO  server.RaftServerConfigKeys (ConfUtils.java:logGet(46)) - raft.server.sleep.deviation.threshold = 300ms (default)
2024-03-18 17:36:57,726 [56261a0d-e81e-4394-808f-5b50f7cf5f2a-groupManagement] INFO  server.RaftServer$Division (ServerState.java:<init>(113)) - 56261a0d-e81e-4394-808f-5b50f7cf5f2a@group-88A1A5C601CE: ConfigurationManager, init=-1: peers:[56261a0d-e81e-4394-808f-5b50f7cf5f2a|10.1.0.17:15023]|listeners:[], old=null, confs=<EMPTY_MAP>
2024-03-18 17:36:57,736 [56261a0d-e81e-4394-808f-5b50f7cf5f2a-groupManagement] INFO  server.RaftServerConfigKeys (ConfUtils.java:logGet(46)) - raft.server.notification.no-leader.timeout = 300s (custom)
2024-03-18 17:36:57,736 [56261a0d-e81e-4394-808f-5b50f7cf5f2a-groupManagement] INFO  server.RaftServerConfigKeys (ConfUtils.java:logGet(46)) - raft.server.read.timeout = 10s (default)
2024-03-18 17:36:57,736 [56261a0d-e81e-4394-808f-5b50f7cf5f2a-groupManagement] INFO  server.RaftServerConfigKeys (ConfUtils.java:logGet(46)) - raft.server.retrycache.expirytime = 600000ms (custom)
2024-03-18 17:36:57,736 [56261a0d-e81e-4394-808f-5b50f7cf5f2a-groupManagement] INFO  server.RaftServerConfigKeys (ConfUtils.java:logGet(46)) - raft.server.retrycache.statistics.expirytime = 100ms (default)
2024-03-18 17:36:57,736 [56261a0d-e81e-4394-808f-5b50f7cf5f2a-groupManagement] INFO  server.RaftServerConfigKeys (ConfUtils.java:logGet(46)) - raft.server.read.option = DEFAULT (default)
2024-03-18 17:36:57,736 [56261a0d-e81e-4394-808f-5b50f7cf5f2a-groupManagement] INFO  server.RaftServerConfigKeys (ConfUtils.java:logGet(46)) - raft.server.read.read-after-write-consistent.write-index-cache.expiry-time = 60s (default)
2024-03-18 17:36:57,744 [56261a0d-e81e-4394-808f-5b50f7cf5f2a-groupManagement] INFO  server.RaftServerConfigKeys (ConfUtils.java:logGet(46)) - raft.server.rpc.request.timeout = 60s (custom)
2024-03-18 17:36:57,745 [56261a0d-e81e-4394-808f-5b50f7cf5f2a-groupManagement] INFO  server.RaftServerConfigKeys (ConfUtils.java:logGet(46)) - raft.server.log.appender.install.snapshot.enabled = false (custom)
2024-03-18 17:36:57,745 [56261a0d-e81e-4394-808f-5b50f7cf5f2a-groupManagement] INFO  server.RaftServerConfigKeys (ConfUtils.java:logGet(46)) - raft.server.threadpool.server.cached = true (default)
2024-03-18 17:36:57,745 [56261a0d-e81e-4394-808f-5b50f7cf5f2a-groupManagement] INFO  server.RaftServerConfigKeys (ConfUtils.java:logGet(46)) - raft.server.threadpool.server.size = 0 (default)
2024-03-18 17:36:57,745 [56261a0d-e81e-4394-808f-5b50f7cf5f2a-groupManagement] INFO  server.RaftServerConfigKeys (ConfUtils.java:logGet(46)) - raft.server.threadpool.client.cached = true (default)
2024-03-18 17:36:57,745 [56261a0d-e81e-4394-808f-5b50f7cf5f2a-groupManagement] INFO  server.RaftServerConfigKeys (ConfUtils.java:logGet(46)) - raft.server.threadpool.client.size = 0 (default)
2024-03-18 17:36:57,745 [56261a0d-e81e-4394-808f-5b50f7cf5f2a-groupManagement] INFO  server.RaftServerConfigKeys (ConfUtils.java:logGet(46)) - raft.server.storage.free-space.min = 0MB (=0) (default)
2024-03-18 17:36:57,745 [56261a0d-e81e-4394-808f-5b50f7cf5f2a-groupManagement] INFO  server.RaftServerConfigKeys (ConfUtils.java:logGet(46)) - raft.server.log.corruption.policy = EXCEPTION (default)
2024-03-18 17:36:57,745 [56261a0d-e81e-4394-808f-5b50f7cf5f2a-groupManagement] INFO  server.RaftServerConfigKeys (ConfUtils.java:logGet(46)) - raft.server.storage.dir = [/home/runner/work/ozone/ozone/hadoop-ozone/integration-test/target/test-dir/MiniOzoneClusterImpl-fcb2b1b2-065d-4164-ad15-2f123479485b/ozone-meta/datanode-2/ratis] (custom)
2024-03-18 17:36:57,745 [56261a0d-e81e-4394-808f-5b50f7cf5f2a-groupManagement] INFO  storage.RaftStorageDirectory (RaftStorageDirectoryImpl.java:analyzeStorage(138)) - The storage directory /home/runner/work/ozone/ozone/hadoop-ozone/integration-test/target/test-dir/MiniOzoneClusterImpl-fcb2b1b2-065d-4164-ad15-2f123479485b/ozone-meta/datanode-2/ratis/9690484f-ccf6-4004-8abb-88a1a5c601ce does not exist. Creating ...
2024-03-18 17:36:57,747 [56261a0d-e81e-4394-808f-5b50f7cf5f2a-groupManagement] INFO  storage.RaftStorageDirectory (RaftStorageDirectoryImpl.java:tryLock(228)) - Lock on /home/runner/work/ozone/ozone/hadoop-ozone/integration-test/target/test-dir/MiniOzoneClusterImpl-fcb2b1b2-065d-4164-ad15-2f123479485b/ozone-meta/datanode-2/ratis/9690484f-ccf6-4004-8abb-88a1a5c601ce/in_use.lock acquired by nodename 26740@fv-az1384-799
2024-03-18 17:36:57,748 [56261a0d-e81e-4394-808f-5b50f7cf5f2a-groupManagement] INFO  storage.RaftStorage (RaftStorageImpl.java:format(99)) - Storage directory /home/runner/work/ozone/ozone/hadoop-ozone/integration-test/target/test-dir/MiniOzoneClusterImpl-fcb2b1b2-065d-4164-ad15-2f123479485b/ozone-meta/datanode-2/ratis/9690484f-ccf6-4004-8abb-88a1a5c601ce has been successfully formatted.
2024-03-18 17:36:57,749 [56261a0d-e81e-4394-808f-5b50f7cf5f2a-groupManagement] WARN  util.FileUtils (LogUtils.java:supplyAndLog(63)) - Failed to Files.newInputStream /home/runner/work/ozone/ozone/hadoop-ozone/integration-test/target/test-dir/MiniOzoneClusterImpl-fcb2b1b2-065d-4164-ad15-2f123479485b/ozone-meta/datanode-2/ratis/9690484f-ccf6-4004-8abb-88a1a5c601ce/current/raft-meta.conf with options []: java.nio.file.NoSuchFileException: /home/runner/work/ozone/ozone/hadoop-ozone/integration-test/target/test-dir/MiniOzoneClusterImpl-fcb2b1b2-065d-4164-ad15-2f123479485b/ozone-meta/datanode-2/ratis/9690484f-ccf6-4004-8abb-88a1a5c601ce/current/raft-meta.conf
2024-03-18 17:36:57,751 [56261a0d-e81e-4394-808f-5b50f7cf5f2a-groupManagement] INFO  ratis.ContainerStateMachine (ContainerStateMachine.java:loadSnapshot(287)) - group-88A1A5C601CE: The snapshot info is null. Setting the last applied index to:(t:0, i:~)
2024-03-18 17:36:57,751 [56261a0d-e81e-4394-808f-5b50f7cf5f2a-groupManagement] INFO  server.RaftServerConfigKeys (ConfUtils.java:logGet(46)) - raft.server.log.use.memory = false (default)
2024-03-18 17:36:57,751 [56261a0d-e81e-4394-808f-5b50f7cf5f2a-groupManagement] INFO  server.RaftServerConfigKeys (ConfUtils.java:logGet(46)) - raft.server.log.purge.gap = 1000000 (custom)
2024-03-18 17:36:57,752 [56261a0d-e81e-4394-808f-5b50f7cf5f2a-groupManagement] INFO  server.RaftServerConfigKeys (ConfUtils.java:logGet(46)) - raft.server.log.appender.buffer.byte-limit = 8388608 (custom)
2024-03-18 17:36:57,752 [56261a0d-e81e-4394-808f-5b50f7cf5f2a-groupManagement] INFO  server.RaftServerConfigKeys (ConfUtils.java:logGet(46)) - raft.server.log.statemachine.data.read.timeout = 1000ms (default)
2024-03-18 17:36:57,752 [56261a0d-e81e-4394-808f-5b50f7cf5f2a-groupManagement] INFO  server.RaftServerConfigKeys (ConfUtils.java:logGet(46)) - raft.server.log.purge.preservation.log.num = 0 (default)
2024-03-18 17:36:57,754 [EventQueue-PipelineReportForPipelineReportHandler] INFO  pipeline.PipelineReportHandler (PipelineReportHandler.java:processPipelineReport(136)) - Opened pipeline PipelineID=9690484f-ccf6-4004-8abb-88a1a5c601ce
2024-03-18 17:36:57,755 [EventQueue-OpenPipelineForHealthyPipelineSafeModeRule] INFO  safemode.SCMSafeModeManager (HealthyPipelineSafeModeRule.java:process(140)) - SCM in safe mode. Healthy pipelines reported count is 0, required healthy pipeline reported count is 1
2024-03-18 17:36:57,757 [56261a0d-e81e-4394-808f-5b50f7cf5f2a-groupManagement] INFO  server.RaftServerConfigKeys (ConfUtils.java:logGet(46)) - raft.server.log.segment.size.max = 67108864 (custom)
2024-03-18 17:36:57,758 [56261a0d-e81e-4394-808f-5b50f7cf5f2a-groupManagement] INFO  server.RaftServerConfigKeys (ConfUtils.java:logGet(46)) - raft.server.log.segment.cache.num.max = 2 (custom)
2024-03-18 17:36:57,758 [56261a0d-e81e-4394-808f-5b50f7cf5f2a-groupManagement] INFO  server.RaftServerConfigKeys (ConfUtils.java:logGet(46)) - raft.server.log.segment.cache.size.max = 200MB (=209715200) (default)
2024-03-18 17:36:57,758 [56261a0d-e81e-4394-808f-5b50f7cf5f2a-groupManagement] INFO  server.RaftServerConfigKeys (ConfUtils.java:logGet(46)) - raft.server.log.appender.buffer.byte-limit = 8388608 (custom)
2024-03-18 17:36:57,758 [56261a0d-e81e-4394-808f-5b50f7cf5f2a-groupManagement] INFO  util.AwaitToRun (AwaitToRun.java:start(81)) - Thread[56261a0d-e81e-4394-808f-5b50f7cf5f2a@group-88A1A5C601CE-cacheEviction-AwaitToRun,5,main] started
2024-03-18 17:36:57,759 [56261a0d-e81e-4394-808f-5b50f7cf5f2a-groupManagement] INFO  segmented.SegmentedRaftLogWorker (SegmentedRaftLogWorker.java:<init>(182)) - new 56261a0d-e81e-4394-808f-5b50f7cf5f2a@group-88A1A5C601CE-SegmentedRaftLogWorker for RaftStorageImpl:Storage Directory /home/runner/work/ozone/ozone/hadoop-ozone/integration-test/target/test-dir/MiniOzoneClusterImpl-fcb2b1b2-065d-4164-ad15-2f123479485b/ozone-meta/datanode-2/ratis/9690484f-ccf6-4004-8abb-88a1a5c601ce
2024-03-18 17:36:57,759 [56261a0d-e81e-4394-808f-5b50f7cf5f2a-groupManagement] INFO  server.RaftServerConfigKeys (ConfUtils.java:logGet(46)) - raft.server.log.queue.byte-limit = 4294967296 (custom)
2024-03-18 17:36:57,759 [56261a0d-e81e-4394-808f-5b50f7cf5f2a-groupManagement] INFO  server.RaftServerConfigKeys (ConfUtils.java:logGet(46)) - raft.server.log.queue.element-limit = 1024 (custom)
2024-03-18 17:36:57,759 [56261a0d-e81e-4394-808f-5b50f7cf5f2a-groupManagement] INFO  server.RaftServerConfigKeys (ConfUtils.java:logGet(46)) - raft.server.log.segment.size.max = 67108864 (custom)
2024-03-18 17:36:57,759 [56261a0d-e81e-4394-808f-5b50f7cf5f2a-groupManagement] INFO  server.RaftServerConfigKeys (ConfUtils.java:logGet(46)) - raft.server.log.preallocated.size = 4194304 (custom)
2024-03-18 17:36:57,759 [56261a0d-e81e-4394-808f-5b50f7cf5f2a-groupManagement] INFO  server.RaftServerConfigKeys (ConfUtils.java:logGet(46)) - raft.server.log.force.sync.num = 128 (default)
2024-03-18 17:36:57,759 [56261a0d-e81e-4394-808f-5b50f7cf5f2a-groupManagement] INFO  server.RaftServerConfigKeys (ConfUtils.java:logGet(46)) - raft.server.log.statemachine.data.sync = true (default)
2024-03-18 17:36:57,759 [56261a0d-e81e-4394-808f-5b50f7cf5f2a-groupManagement] INFO  server.RaftServerConfigKeys (ConfUtils.java:logGet(46)) - raft.server.log.statemachine.data.sync.timeout = 10s (default)
2024-03-18 17:36:57,759 [56261a0d-e81e-4394-808f-5b50f7cf5f2a-groupManagement] INFO  server.RaftServerConfigKeys (ConfUtils.java:logGet(46)) - raft.server.log.statemachine.data.sync.timeout.retry = 0 (custom)
2024-03-18 17:36:57,760 [56261a0d-e81e-4394-808f-5b50f7cf5f2a-groupManagement] INFO  server.RaftServerConfigKeys (ConfUtils.java:logGet(46)) - raft.server.log.write.buffer.size = 8388616 (custom)
2024-03-18 17:36:57,761 [56261a0d-e81e-4394-808f-5b50f7cf5f2a-groupManagement] INFO  server.RaftServerConfigKeys (ConfUtils.java:logGet(46)) - raft.server.log.appender.buffer.byte-limit = 8388608 (custom)
2024-03-18 17:36:57,761 [56261a0d-e81e-4394-808f-5b50f7cf5f2a-groupManagement] INFO  server.RaftServerConfigKeys (ConfUtils.java:logGet(46)) - raft.server.log.unsafe-flush.enabled = false (default)
2024-03-18 17:36:57,761 [56261a0d-e81e-4394-808f-5b50f7cf5f2a-groupManagement] INFO  server.RaftServerConfigKeys (ConfUtils.java:logGet(46)) - raft.server.log.async-flush.enabled = false (default)
2024-03-18 17:36:57,761 [56261a0d-e81e-4394-808f-5b50f7cf5f2a-groupManagement] INFO  server.RaftServerConfigKeys (ConfUtils.java:logGet(46)) - raft.server.log.statemachine.data.caching.enabled = true (custom)
2024-03-18 17:36:57,761 [56261a0d-e81e-4394-808f-5b50f7cf5f2a-groupManagement] INFO  segmented.SegmentedRaftLogWorker (SegmentedRaftLogWorker.java:lambda$new$0(134)) - 56261a0d-e81e-4394-808f-5b50f7cf5f2a@group-88A1A5C601CE-SegmentedRaftLogWorker: flushIndex: setUnconditionally 0 -> -1
2024-03-18 17:36:57,761 [56261a0d-e81e-4394-808f-5b50f7cf5f2a-groupManagement] INFO  segmented.SegmentedRaftLogWorker (SegmentedRaftLogWorker.java:lambda$new$0(134)) - 56261a0d-e81e-4394-808f-5b50f7cf5f2a@group-88A1A5C601CE-SegmentedRaftLogWorker: safeCacheEvictIndex: setUnconditionally 0 -> -1
2024-03-18 17:36:57,761 [56261a0d-e81e-4394-808f-5b50f7cf5f2a-groupManagement] INFO  server.RaftServer$Division (RaftServerImpl.java:start(396)) - 56261a0d-e81e-4394-808f-5b50f7cf5f2a@group-88A1A5C601CE: start as a follower, conf=-1: peers:[56261a0d-e81e-4394-808f-5b50f7cf5f2a|10.1.0.17:15023]|listeners:[], old=null
2024-03-18 17:36:57,762 [56261a0d-e81e-4394-808f-5b50f7cf5f2a-groupManagement] INFO  server.RaftServer$Division (RaftServerImpl.java:setRole(383)) - 56261a0d-e81e-4394-808f-5b50f7cf5f2a@group-88A1A5C601CE: changes role from      null to FOLLOWER at term 0 for startAsFollower
2024-03-18 17:36:57,762 [56261a0d-e81e-4394-808f-5b50f7cf5f2a-groupManagement] INFO  impl.RoleInfo (RoleInfo.java:updateAndGet(139)) - 56261a0d-e81e-4394-808f-5b50f7cf5f2a: start 56261a0d-e81e-4394-808f-5b50f7cf5f2a@group-88A1A5C601CE-FollowerState
2024-03-18 17:36:57,762 [56261a0d-e81e-4394-808f-5b50f7cf5f2a@group-88A1A5C601CE-FollowerState] INFO  server.RaftServerConfigKeys (ConfUtils.java:logFallback(53)) - raft.server.rpc.first-election.timeout.min = 5s (fallback to raft.server.rpc.timeout.min)
2024-03-18 17:36:57,763 [56261a0d-e81e-4394-808f-5b50f7cf5f2a@group-88A1A5C601CE-FollowerState] INFO  server.RaftServerConfigKeys (ConfUtils.java:logFallback(53)) - raft.server.rpc.first-election.timeout.max = 5200ms (fallback to raft.server.rpc.timeout.max)
2024-03-18 17:36:57,762 [56261a0d-e81e-4394-808f-5b50f7cf5f2a-groupManagement] INFO  util.JmxRegister (JmxRegister.java:tryRegister(44)) - Successfully registered JMX Bean with object name Ratis:service=RaftServer,group=group-88A1A5C601CE,id=56261a0d-e81e-4394-808f-5b50f7cf5f2a
2024-03-18 17:36:57,764 [56261a0d-e81e-4394-808f-5b50f7cf5f2a-groupManagement] INFO  server.RaftServerConfigKeys (ConfUtils.java:logGet(46)) - raft.server.snapshot.trigger-when-stop.enabled = true (default)
2024-03-18 17:36:57,764 [56261a0d-e81e-4394-808f-5b50f7cf5f2a-groupManagement] INFO  server.RaftServerConfigKeys (ConfUtils.java:logGet(46)) - raft.server.snapshot.auto.trigger.enabled = true (custom)
2024-03-18 17:36:57,764 [56261a0d-e81e-4394-808f-5b50f7cf5f2a-groupManagement] INFO  server.RaftServerConfigKeys (ConfUtils.java:logGet(46)) - raft.server.snapshot.auto.trigger.threshold = 10000 (custom)
2024-03-18 17:36:57,764 [56261a0d-e81e-4394-808f-5b50f7cf5f2a-groupManagement] INFO  server.RaftServerConfigKeys (ConfUtils.java:logGet(46)) - raft.server.snapshot.retention.file.num = 5 (custom)
2024-03-18 17:36:57,764 [56261a0d-e81e-4394-808f-5b50f7cf5f2a-groupManagement] INFO  server.RaftServerConfigKeys (ConfUtils.java:logGet(46)) - raft.server.log.purge.upto.snapshot.index = false (default)
2024-03-18 17:36:57,766 [56261a0d-e81e-4394-808f-5b50f7cf5f2a-PipelineCommandHandlerThread-0] INFO  ratis.XceiverServerRatis (XceiverServerRatis.java:addGroup(864)) - Created group PipelineID=9690484f-ccf6-4004-8abb-88a1a5c601ce
2024-03-18 17:36:57,766 [56261a0d-e81e-4394-808f-5b50f7cf5f2a-PipelineCommandHandlerThread-0] INFO  commandhandler.CreatePipelineCommandHandler (CreatePipelineCommandHandler.java:lambda$handle$2(124)) - Created Pipeline RATIS ONE PipelineID=9690484f-ccf6-4004-8abb-88a1a5c601ce.
2024-03-18 17:36:57,767 [56261a0d-e81e-4394-808f-5b50f7cf5f2a-PipelineCommandHandlerThread-0] INFO  server.RaftServer (RaftServerProxy.java:addNew(100)) - 56261a0d-e81e-4394-808f-5b50f7cf5f2a: addNew group-5B297D7DC30A:[56261a0d-e81e-4394-808f-5b50f7cf5f2a|10.1.0.17:15023, d4ad8e12-a3d8-4b8c-888a-d359f75d29b2|10.1.0.17:15014, c55acdcd-41ed-4e13-9d38-7679e97508ee|10.1.0.17:15032] returns group-5B297D7DC30A:java.util.concurrent.CompletableFuture@53cf94b3[Not completed]
2024-03-18 17:36:57,768 [56261a0d-e81e-4394-808f-5b50f7cf5f2a-groupManagement] INFO  server.RaftServer$Division (RaftServerImpl.java:<init>(256)) - 56261a0d-e81e-4394-808f-5b50f7cf5f2a: new RaftServerImpl for group-5B297D7DC30A:[56261a0d-e81e-4394-808f-5b50f7cf5f2a|10.1.0.17:15023, d4ad8e12-a3d8-4b8c-888a-d359f75d29b2|10.1.0.17:15014, c55acdcd-41ed-4e13-9d38-7679e97508ee|10.1.0.17:15032] with ContainerStateMachine:uninitialized
2024-03-18 17:36:57,768 [56261a0d-e81e-4394-808f-5b50f7cf5f2a-groupManagement] INFO  server.RaftServerConfigKeys (ConfUtils.java:logGet(46)) - raft.server.rpc.timeout.min = 5s (custom)
2024-03-18 17:36:57,768 [56261a0d-e81e-4394-808f-5b50f7cf5f2a-groupManagement] INFO  server.RaftServerConfigKeys (ConfUtils.java:logGet(46)) - raft.server.rpc.timeout.max = 5200ms (custom)
2024-03-18 17:36:57,768 [56261a0d-e81e-4394-808f-5b50f7cf5f2a-groupManagement] INFO  server.RaftServerConfigKeys (ConfUtils.java:logGet(46)) - raft.server.rpc.sleep.time = 25ms (default)
2024-03-18 17:36:57,768 [56261a0d-e81e-4394-808f-5b50f7cf5f2a-groupManagement] INFO  server.RaftServerConfigKeys (ConfUtils.java:logGet(46)) - raft.server.rpc.slowness.timeout = 300s (custom)
2024-03-18 17:36:57,769 [56261a0d-e81e-4394-808f-5b50f7cf5f2a-groupManagement] INFO  server.RaftServerConfigKeys (ConfUtils.java:logGet(46)) - raft.server.leaderelection.leader.step-down.wait-time = 10s (default)
2024-03-18 17:36:57,769 [56261a0d-e81e-4394-808f-5b50f7cf5f2a-groupManagement] INFO  server.RaftServerConfigKeys (ConfUtils.java:logGet(46)) - raft.server.leaderelection.member.majority-add = false (default)
2024-03-18 17:36:57,769 [56261a0d-e81e-4394-808f-5b50f7cf5f2a-groupManagement] INFO  server.RaftServerConfigKeys (ConfUtils.java:logGet(46)) - raft.server.sleep.deviation.threshold = 300ms (default)
2024-03-18 17:36:57,769 [56261a0d-e81e-4394-808f-5b50f7cf5f2a-groupManagement] INFO  server.RaftServer$Division (ServerState.java:<init>(113)) - 56261a0d-e81e-4394-808f-5b50f7cf5f2a@group-5B297D7DC30A: ConfigurationManager, init=-1: peers:[56261a0d-e81e-4394-808f-5b50f7cf5f2a|10.1.0.17:15023, d4ad8e12-a3d8-4b8c-888a-d359f75d29b2|10.1.0.17:15014, c55acdcd-41ed-4e13-9d38-7679e97508ee|10.1.0.17:15032]|listeners:[], old=null, confs=<EMPTY_MAP>
2024-03-18 17:36:57,770 [56261a0d-e81e-4394-808f-5b50f7cf5f2a-groupManagement] INFO  server.RaftServerConfigKeys (ConfUtils.java:logGet(46)) - raft.server.notification.no-leader.timeout = 300s (custom)
2024-03-18 17:36:57,771 [56261a0d-e81e-4394-808f-5b50f7cf5f2a-groupManagement] INFO  server.RaftServerConfigKeys (ConfUtils.java:logGet(46)) - raft.server.read.timeout = 10s (default)
2024-03-18 17:36:57,771 [56261a0d-e81e-4394-808f-5b50f7cf5f2a-groupManagement] INFO  server.RaftServerConfigKeys (ConfUtils.java:logGet(46)) - raft.server.retrycache.expirytime = 600000ms (custom)
2024-03-18 17:36:57,771 [56261a0d-e81e-4394-808f-5b50f7cf5f2a-groupManagement] INFO  server.RaftServerConfigKeys (ConfUtils.java:logGet(46)) - raft.server.retrycache.statistics.expirytime = 100ms (default)
2024-03-18 17:36:57,771 [56261a0d-e81e-4394-808f-5b50f7cf5f2a-groupManagement] INFO  server.RaftServerConfigKeys (ConfUtils.java:logGet(46)) - raft.server.read.option = DEFAULT (default)
2024-03-18 17:36:57,771 [56261a0d-e81e-4394-808f-5b50f7cf5f2a-groupManagement] INFO  server.RaftServerConfigKeys (ConfUtils.java:logGet(46)) - raft.server.read.read-after-write-consistent.write-index-cache.expiry-time = 60s (default)
2024-03-18 17:36:57,775 [56261a0d-e81e-4394-808f-5b50f7cf5f2a-groupManagement] INFO  server.RaftServerConfigKeys (ConfUtils.java:logGet(46)) - raft.server.rpc.request.timeout = 60s (custom)
2024-03-18 17:36:57,775 [56261a0d-e81e-4394-808f-5b50f7cf5f2a-groupManagement] INFO  server.RaftServerConfigKeys (ConfUtils.java:logGet(46)) - raft.server.log.appender.install.snapshot.enabled = false (custom)
2024-03-18 17:36:57,775 [56261a0d-e81e-4394-808f-5b50f7cf5f2a-groupManagement] INFO  server.RaftServerConfigKeys (ConfUtils.java:logGet(46)) - raft.server.threadpool.server.cached = true (default)
2024-03-18 17:36:57,775 [56261a0d-e81e-4394-808f-5b50f7cf5f2a-groupManagement] INFO  server.RaftServerConfigKeys (ConfUtils.java:logGet(46)) - raft.server.threadpool.server.size = 0 (default)
2024-03-18 17:36:57,775 [56261a0d-e81e-4394-808f-5b50f7cf5f2a-groupManagement] INFO  server.RaftServerConfigKeys (ConfUtils.java:logGet(46)) - raft.server.threadpool.client.cached = true (default)
2024-03-18 17:36:57,775 [56261a0d-e81e-4394-808f-5b50f7cf5f2a-groupManagement] INFO  server.RaftServerConfigKeys (ConfUtils.java:logGet(46)) - raft.server.threadpool.client.size = 0 (default)
2024-03-18 17:36:57,775 [56261a0d-e81e-4394-808f-5b50f7cf5f2a-groupManagement] INFO  server.RaftServerConfigKeys (ConfUtils.java:logGet(46)) - raft.server.storage.free-space.min = 0MB (=0) (default)
2024-03-18 17:36:57,775 [56261a0d-e81e-4394-808f-5b50f7cf5f2a-groupManagement] INFO  server.RaftServerConfigKeys (ConfUtils.java:logGet(46)) - raft.server.log.corruption.policy = EXCEPTION (default)
2024-03-18 17:36:57,776 [56261a0d-e81e-4394-808f-5b50f7cf5f2a-groupManagement] INFO  server.RaftServerConfigKeys (ConfUtils.java:logGet(46)) - raft.server.storage.dir = [/home/runner/work/ozone/ozone/hadoop-ozone/integration-test/target/test-dir/MiniOzoneClusterImpl-fcb2b1b2-065d-4164-ad15-2f123479485b/ozone-meta/datanode-2/ratis] (custom)
2024-03-18 17:36:57,776 [56261a0d-e81e-4394-808f-5b50f7cf5f2a-groupManagement] INFO  storage.RaftStorageDirectory (RaftStorageDirectoryImpl.java:analyzeStorage(138)) - The storage directory /home/runner/work/ozone/ozone/hadoop-ozone/integration-test/target/test-dir/MiniOzoneClusterImpl-fcb2b1b2-065d-4164-ad15-2f123479485b/ozone-meta/datanode-2/ratis/d7d5947c-a7d0-4b0a-9d18-5b297d7dc30a does not exist. Creating ...
2024-03-18 17:36:57,778 [56261a0d-e81e-4394-808f-5b50f7cf5f2a-groupManagement] INFO  storage.RaftStorageDirectory (RaftStorageDirectoryImpl.java:tryLock(228)) - Lock on /home/runner/work/ozone/ozone/hadoop-ozone/integration-test/target/test-dir/MiniOzoneClusterImpl-fcb2b1b2-065d-4164-ad15-2f123479485b/ozone-meta/datanode-2/ratis/d7d5947c-a7d0-4b0a-9d18-5b297d7dc30a/in_use.lock acquired by nodename 26740@fv-az1384-799
2024-03-18 17:36:57,785 [56261a0d-e81e-4394-808f-5b50f7cf5f2a-groupManagement] INFO  storage.RaftStorage (RaftStorageImpl.java:format(99)) - Storage directory /home/runner/work/ozone/ozone/hadoop-ozone/integration-test/target/test-dir/MiniOzoneClusterImpl-fcb2b1b2-065d-4164-ad15-2f123479485b/ozone-meta/datanode-2/ratis/d7d5947c-a7d0-4b0a-9d18-5b297d7dc30a has been successfully formatted.
2024-03-18 17:36:57,785 [56261a0d-e81e-4394-808f-5b50f7cf5f2a-groupManagement] WARN  util.FileUtils (LogUtils.java:supplyAndLog(63)) - Failed to Files.newInputStream /home/runner/work/ozone/ozone/hadoop-ozone/integration-test/target/test-dir/MiniOzoneClusterImpl-fcb2b1b2-065d-4164-ad15-2f123479485b/ozone-meta/datanode-2/ratis/d7d5947c-a7d0-4b0a-9d18-5b297d7dc30a/current/raft-meta.conf with options []: java.nio.file.NoSuchFileException: /home/runner/work/ozone/ozone/hadoop-ozone/integration-test/target/test-dir/MiniOzoneClusterImpl-fcb2b1b2-065d-4164-ad15-2f123479485b/ozone-meta/datanode-2/ratis/d7d5947c-a7d0-4b0a-9d18-5b297d7dc30a/current/raft-meta.conf
2024-03-18 17:36:57,785 [56261a0d-e81e-4394-808f-5b50f7cf5f2a-groupManagement] INFO  ratis.ContainerStateMachine (ContainerStateMachine.java:loadSnapshot(287)) - group-5B297D7DC30A: The snapshot info is null. Setting the last applied index to:(t:0, i:~)
2024-03-18 17:36:57,786 [56261a0d-e81e-4394-808f-5b50f7cf5f2a-groupManagement] INFO  server.RaftServerConfigKeys (ConfUtils.java:logGet(46)) - raft.server.log.use.memory = false (default)
2024-03-18 17:36:57,786 [56261a0d-e81e-4394-808f-5b50f7cf5f2a-groupManagement] INFO  server.RaftServerConfigKeys (ConfUtils.java:logGet(46)) - raft.server.log.purge.gap = 1000000 (custom)
2024-03-18 17:36:57,786 [56261a0d-e81e-4394-808f-5b50f7cf5f2a-groupManagement] INFO  server.RaftServerConfigKeys (ConfUtils.java:logGet(46)) - raft.server.log.appender.buffer.byte-limit = 8388608 (custom)
2024-03-18 17:36:57,787 [56261a0d-e81e-4394-808f-5b50f7cf5f2a-groupManagement] INFO  server.RaftServerConfigKeys (ConfUtils.java:logGet(46)) - raft.server.log.statemachine.data.read.timeout = 1000ms (default)
2024-03-18 17:36:57,787 [56261a0d-e81e-4394-808f-5b50f7cf5f2a-groupManagement] INFO  server.RaftServerConfigKeys (ConfUtils.java:logGet(46)) - raft.server.log.purge.preservation.log.num = 0 (default)
2024-03-18 17:36:57,788 [EventQueue-OpenPipelineForHealthyPipelineSafeModeRule] INFO  safemode.SCMSafeModeManager (HealthyPipelineSafeModeRule.java:process(140)) - SCM in safe mode. Healthy pipelines reported count is 0, required healthy pipeline reported count is 1
2024-03-18 17:36:57,791 [56261a0d-e81e-4394-808f-5b50f7cf5f2a-groupManagement] INFO  server.RaftServerConfigKeys (ConfUtils.java:logGet(46)) - raft.server.log.segment.size.max = 67108864 (custom)
2024-03-18 17:36:57,791 [56261a0d-e81e-4394-808f-5b50f7cf5f2a-groupManagement] INFO  server.RaftServerConfigKeys (ConfUtils.java:logGet(46)) - raft.server.log.segment.cache.num.max = 2 (custom)
2024-03-18 17:36:57,791 [56261a0d-e81e-4394-808f-5b50f7cf5f2a-groupManagement] INFO  server.RaftServerConfigKeys (ConfUtils.java:logGet(46)) - raft.server.log.segment.cache.size.max = 200MB (=209715200) (default)
2024-03-18 17:36:57,791 [56261a0d-e81e-4394-808f-5b50f7cf5f2a-groupManagement] INFO  server.RaftServerConfigKeys (ConfUtils.java:logGet(46)) - raft.server.log.appender.buffer.byte-limit = 8388608 (custom)
2024-03-18 17:36:57,792 [56261a0d-e81e-4394-808f-5b50f7cf5f2a-groupManagement] INFO  util.AwaitToRun (AwaitToRun.java:start(81)) - Thread[56261a0d-e81e-4394-808f-5b50f7cf5f2a@group-5B297D7DC30A-cacheEviction-AwaitToRun,5,main] started
2024-03-18 17:36:57,792 [56261a0d-e81e-4394-808f-5b50f7cf5f2a-groupManagement] INFO  segmented.SegmentedRaftLogWorker (SegmentedRaftLogWorker.java:<init>(182)) - new 56261a0d-e81e-4394-808f-5b50f7cf5f2a@group-5B297D7DC30A-SegmentedRaftLogWorker for RaftStorageImpl:Storage Directory /home/runner/work/ozone/ozone/hadoop-ozone/integration-test/target/test-dir/MiniOzoneClusterImpl-fcb2b1b2-065d-4164-ad15-2f123479485b/ozone-meta/datanode-2/ratis/d7d5947c-a7d0-4b0a-9d18-5b297d7dc30a
2024-03-18 17:36:57,792 [56261a0d-e81e-4394-808f-5b50f7cf5f2a-groupManagement] INFO  server.RaftServerConfigKeys (ConfUtils.java:logGet(46)) - raft.server.log.queue.byte-limit = 4294967296 (custom)
2024-03-18 17:36:57,792 [56261a0d-e81e-4394-808f-5b50f7cf5f2a-groupManagement] INFO  server.RaftServerConfigKeys (ConfUtils.java:logGet(46)) - raft.server.log.queue.element-limit = 1024 (custom)
2024-03-18 17:36:57,792 [56261a0d-e81e-4394-808f-5b50f7cf5f2a-groupManagement] INFO  server.RaftServerConfigKeys (ConfUtils.java:logGet(46)) - raft.server.log.segment.size.max = 67108864 (custom)
2024-03-18 17:36:57,792 [56261a0d-e81e-4394-808f-5b50f7cf5f2a-groupManagement] INFO  server.RaftServerConfigKeys (ConfUtils.java:logGet(46)) - raft.server.log.preallocated.size = 4194304 (custom)
2024-03-18 17:36:57,792 [56261a0d-e81e-4394-808f-5b50f7cf5f2a-groupManagement] INFO  server.RaftServerConfigKeys (ConfUtils.java:logGet(46)) - raft.server.log.force.sync.num = 128 (default)
2024-03-18 17:36:57,792 [56261a0d-e81e-4394-808f-5b50f7cf5f2a-groupManagement] INFO  server.RaftServerConfigKeys (ConfUtils.java:logGet(46)) - raft.server.log.statemachine.data.sync = true (default)
2024-03-18 17:36:57,792 [56261a0d-e81e-4394-808f-5b50f7cf5f2a-groupManagement] INFO  server.RaftServerConfigKeys (ConfUtils.java:logGet(46)) - raft.server.log.statemachine.data.sync.timeout = 10s (default)
2024-03-18 17:36:57,792 [56261a0d-e81e-4394-808f-5b50f7cf5f2a-groupManagement] INFO  server.RaftServerConfigKeys (ConfUtils.java:logGet(46)) - raft.server.log.statemachine.data.sync.timeout.retry = 0 (custom)
2024-03-18 17:36:57,793 [56261a0d-e81e-4394-808f-5b50f7cf5f2a-groupManagement] INFO  server.RaftServerConfigKeys (ConfUtils.java:logGet(46)) - raft.server.log.write.buffer.size = 8388616 (custom)
2024-03-18 17:36:57,794 [56261a0d-e81e-4394-808f-5b50f7cf5f2a-groupManagement] INFO  server.RaftServerConfigKeys (ConfUtils.java:logGet(46)) - raft.server.log.appender.buffer.byte-limit = 8388608 (custom)
2024-03-18 17:36:57,795 [56261a0d-e81e-4394-808f-5b50f7cf5f2a-groupManagement] INFO  server.RaftServerConfigKeys (ConfUtils.java:logGet(46)) - raft.server.log.unsafe-flush.enabled = false (default)
2024-03-18 17:36:57,795 [56261a0d-e81e-4394-808f-5b50f7cf5f2a-groupManagement] INFO  server.RaftServerConfigKeys (ConfUtils.java:logGet(46)) - raft.server.log.async-flush.enabled = false (default)
2024-03-18 17:36:57,795 [56261a0d-e81e-4394-808f-5b50f7cf5f2a-groupManagement] INFO  server.RaftServerConfigKeys (ConfUtils.java:logGet(46)) - raft.server.log.statemachine.data.caching.enabled = true (custom)
2024-03-18 17:36:57,795 [56261a0d-e81e-4394-808f-5b50f7cf5f2a-groupManagement] INFO  segmented.SegmentedRaftLogWorker (SegmentedRaftLogWorker.java:lambda$new$0(134)) - 56261a0d-e81e-4394-808f-5b50f7cf5f2a@group-5B297D7DC30A-SegmentedRaftLogWorker: flushIndex: setUnconditionally 0 -> -1
2024-03-18 17:36:57,796 [56261a0d-e81e-4394-808f-5b50f7cf5f2a-groupManagement] INFO  segmented.SegmentedRaftLogWorker (SegmentedRaftLogWorker.java:lambda$new$0(134)) - 56261a0d-e81e-4394-808f-5b50f7cf5f2a@group-5B297D7DC30A-SegmentedRaftLogWorker: safeCacheEvictIndex: setUnconditionally 0 -> -1
2024-03-18 17:36:57,796 [56261a0d-e81e-4394-808f-5b50f7cf5f2a-groupManagement] INFO  server.RaftServer$Division (RaftServerImpl.java:start(396)) - 56261a0d-e81e-4394-808f-5b50f7cf5f2a@group-5B297D7DC30A: start as a follower, conf=-1: peers:[56261a0d-e81e-4394-808f-5b50f7cf5f2a|10.1.0.17:15023, d4ad8e12-a3d8-4b8c-888a-d359f75d29b2|10.1.0.17:15014, c55acdcd-41ed-4e13-9d38-7679e97508ee|10.1.0.17:15032]|listeners:[], old=null
2024-03-18 17:36:57,796 [56261a0d-e81e-4394-808f-5b50f7cf5f2a-groupManagement] INFO  server.RaftServer$Division (RaftServerImpl.java:setRole(383)) - 56261a0d-e81e-4394-808f-5b50f7cf5f2a@group-5B297D7DC30A: changes role from      null to FOLLOWER at term 0 for startAsFollower
2024-03-18 17:36:57,796 [56261a0d-e81e-4394-808f-5b50f7cf5f2a-groupManagement] INFO  impl.RoleInfo (RoleInfo.java:updateAndGet(139)) - 56261a0d-e81e-4394-808f-5b50f7cf5f2a: start 56261a0d-e81e-4394-808f-5b50f7cf5f2a@group-5B297D7DC30A-FollowerState
2024-03-18 17:36:57,800 [56261a0d-e81e-4394-808f-5b50f7cf5f2a-groupManagement] INFO  util.JmxRegister (JmxRegister.java:tryRegister(44)) - Successfully registered JMX Bean with object name Ratis:service=RaftServer,group=group-5B297D7DC30A,id=56261a0d-e81e-4394-808f-5b50f7cf5f2a
2024-03-18 17:36:57,800 [56261a0d-e81e-4394-808f-5b50f7cf5f2a-groupManagement] INFO  server.RaftServerConfigKeys (ConfUtils.java:logGet(46)) - raft.server.snapshot.trigger-when-stop.enabled = true (default)
2024-03-18 17:36:57,800 [56261a0d-e81e-4394-808f-5b50f7cf5f2a-groupManagement] INFO  server.RaftServerConfigKeys (ConfUtils.java:logGet(46)) - raft.server.snapshot.auto.trigger.enabled = true (custom)
2024-03-18 17:36:57,801 [56261a0d-e81e-4394-808f-5b50f7cf5f2a-groupManagement] INFO  server.RaftServerConfigKeys (ConfUtils.java:logGet(46)) - raft.server.snapshot.auto.trigger.threshold = 10000 (custom)
2024-03-18 17:36:57,801 [56261a0d-e81e-4394-808f-5b50f7cf5f2a-groupManagement] INFO  server.RaftServerConfigKeys (ConfUtils.java:logGet(46)) - raft.server.snapshot.retention.file.num = 5 (custom)
2024-03-18 17:36:57,801 [56261a0d-e81e-4394-808f-5b50f7cf5f2a-groupManagement] INFO  server.RaftServerConfigKeys (ConfUtils.java:logGet(46)) - raft.server.log.purge.upto.snapshot.index = false (default)
2024-03-18 17:36:57,801 [56261a0d-e81e-4394-808f-5b50f7cf5f2a@group-5B297D7DC30A-FollowerState] INFO  server.RaftServerConfigKeys (ConfUtils.java:logFallback(53)) - raft.server.rpc.first-election.timeout.min = 5s (fallback to raft.server.rpc.timeout.min)
2024-03-18 17:36:57,802 [56261a0d-e81e-4394-808f-5b50f7cf5f2a@group-5B297D7DC30A-FollowerState] INFO  server.RaftServerConfigKeys (ConfUtils.java:logFallback(53)) - raft.server.rpc.first-election.timeout.max = 5200ms (fallback to raft.server.rpc.timeout.max)
2024-03-18 17:36:57,806 [56261a0d-e81e-4394-808f-5b50f7cf5f2a-PipelineCommandHandlerThread-0] INFO  ratis.XceiverServerRatis (XceiverServerRatis.java:addGroup(864)) - Created group PipelineID=d7d5947c-a7d0-4b0a-9d18-5b297d7dc30a
2024-03-18 17:36:57,847 [main] INFO  ozone.MiniOzoneClusterImpl (MiniOzoneClusterImpl.java:lambda$waitForClusterToBeReady$0(194)) - Nodes are ready. Got 3 of 3 DN Heartbeats.
2024-03-18 17:36:57,847 [main] INFO  ozone.MiniOzoneClusterImpl (MiniOzoneClusterImpl.java:lambda$waitForClusterToBeReady$0(197)) - Waiting for cluster to exit safe mode
2024-03-18 17:36:57,847 [main] INFO  ozone.MiniOzoneClusterImpl (MiniOzoneClusterImpl.java:lambda$waitForClusterToBeReady$0(199)) - SCM became leader
2024-03-18 17:36:57,851 [c55acdcd-41ed-4e13-9d38-7679e97508ee-PipelineCommandHandlerThread-0] INFO  server.RaftServer (RaftServerProxy.java:addNew(100)) - c55acdcd-41ed-4e13-9d38-7679e97508ee: addNew group-97B48BD7EFBA:[c55acdcd-41ed-4e13-9d38-7679e97508ee|10.1.0.17:15032] returns group-97B48BD7EFBA:java.util.concurrent.CompletableFuture@1b3a78ce[Not completed]
2024-03-18 17:36:57,852 [c55acdcd-41ed-4e13-9d38-7679e97508ee-groupManagement] INFO  server.RaftServer$Division (RaftServerImpl.java:<init>(256)) - c55acdcd-41ed-4e13-9d38-7679e97508ee: new RaftServerImpl for group-97B48BD7EFBA:[c55acdcd-41ed-4e13-9d38-7679e97508ee|10.1.0.17:15032] with ContainerStateMachine:uninitialized
2024-03-18 17:36:57,853 [c55acdcd-41ed-4e13-9d38-7679e97508ee-groupManagement] INFO  server.RaftServerConfigKeys (ConfUtils.java:logGet(46)) - raft.server.rpc.timeout.min = 5s (custom)
2024-03-18 17:36:57,853 [c55acdcd-41ed-4e13-9d38-7679e97508ee-groupManagement] INFO  server.RaftServerConfigKeys (ConfUtils.java:logGet(46)) - raft.server.rpc.timeout.max = 5200ms (custom)
2024-03-18 17:36:57,853 [c55acdcd-41ed-4e13-9d38-7679e97508ee-groupManagement] INFO  server.RaftServerConfigKeys (ConfUtils.java:logGet(46)) - raft.server.rpc.sleep.time = 25ms (default)
2024-03-18 17:36:57,853 [c55acdcd-41ed-4e13-9d38-7679e97508ee-groupManagement] INFO  server.RaftServerConfigKeys (ConfUtils.java:logGet(46)) - raft.server.rpc.slowness.timeout = 300s (custom)
2024-03-18 17:36:57,853 [c55acdcd-41ed-4e13-9d38-7679e97508ee-groupManagement] INFO  server.RaftServerConfigKeys (ConfUtils.java:logGet(46)) - raft.server.leaderelection.leader.step-down.wait-time = 10s (default)
2024-03-18 17:36:57,854 [c55acdcd-41ed-4e13-9d38-7679e97508ee-groupManagement] INFO  server.RaftServerConfigKeys (ConfUtils.java:logGet(46)) - raft.server.leaderelection.member.majority-add = false (default)
2024-03-18 17:36:57,854 [c55acdcd-41ed-4e13-9d38-7679e97508ee-groupManagement] INFO  server.RaftServerConfigKeys (ConfUtils.java:logGet(46)) - raft.server.sleep.deviation.threshold = 300ms (default)
2024-03-18 17:36:57,854 [c55acdcd-41ed-4e13-9d38-7679e97508ee-groupManagement] INFO  server.RaftServer$Division (ServerState.java:<init>(113)) - c55acdcd-41ed-4e13-9d38-7679e97508ee@group-97B48BD7EFBA: ConfigurationManager, init=-1: peers:[c55acdcd-41ed-4e13-9d38-7679e97508ee|10.1.0.17:15032]|listeners:[], old=null, confs=<EMPTY_MAP>
2024-03-18 17:36:57,855 [c55acdcd-41ed-4e13-9d38-7679e97508ee-groupManagement] INFO  server.RaftServerConfigKeys (ConfUtils.java:logGet(46)) - raft.server.notification.no-leader.timeout = 300s (custom)
2024-03-18 17:36:57,855 [c55acdcd-41ed-4e13-9d38-7679e97508ee-groupManagement] INFO  server.RaftServerConfigKeys (ConfUtils.java:logGet(46)) - raft.server.read.timeout = 10s (default)
2024-03-18 17:36:57,855 [c55acdcd-41ed-4e13-9d38-7679e97508ee-groupManagement] INFO  server.RaftServerConfigKeys (ConfUtils.java:logGet(46)) - raft.server.retrycache.expirytime = 600000ms (custom)
2024-03-18 17:36:57,855 [c55acdcd-41ed-4e13-9d38-7679e97508ee-groupManagement] INFO  server.RaftServerConfigKeys (ConfUtils.java:logGet(46)) - raft.server.retrycache.statistics.expirytime = 100ms (default)
2024-03-18 17:36:57,855 [c55acdcd-41ed-4e13-9d38-7679e97508ee-groupManagement] INFO  server.RaftServerConfigKeys (ConfUtils.java:logGet(46)) - raft.server.read.option = DEFAULT (default)
2024-03-18 17:36:57,855 [c55acdcd-41ed-4e13-9d38-7679e97508ee-groupManagement] INFO  server.RaftServerConfigKeys (ConfUtils.java:logGet(46)) - raft.server.read.read-after-write-consistent.write-index-cache.expiry-time = 60s (default)
2024-03-18 17:36:57,859 [c55acdcd-41ed-4e13-9d38-7679e97508ee-groupManagement] INFO  server.RaftServerConfigKeys (ConfUtils.java:logGet(46)) - raft.server.rpc.request.timeout = 60s (custom)
2024-03-18 17:36:57,859 [c55acdcd-41ed-4e13-9d38-7679e97508ee-groupManagement] INFO  server.RaftServerConfigKeys (ConfUtils.java:logGet(46)) - raft.server.log.appender.install.snapshot.enabled = false (custom)
2024-03-18 17:36:57,859 [c55acdcd-41ed-4e13-9d38-7679e97508ee-groupManagement] INFO  server.RaftServerConfigKeys (ConfUtils.java:logGet(46)) - raft.server.threadpool.server.cached = true (default)
2024-03-18 17:36:57,859 [c55acdcd-41ed-4e13-9d38-7679e97508ee-groupManagement] INFO  server.RaftServerConfigKeys (ConfUtils.java:logGet(46)) - raft.server.threadpool.server.size = 0 (default)
2024-03-18 17:36:57,859 [c55acdcd-41ed-4e13-9d38-7679e97508ee-groupManagement] INFO  server.RaftServerConfigKeys (ConfUtils.java:logGet(46)) - raft.server.threadpool.client.cached = true (default)
2024-03-18 17:36:57,859 [c55acdcd-41ed-4e13-9d38-7679e97508ee-groupManagement] INFO  server.RaftServerConfigKeys (ConfUtils.java:logGet(46)) - raft.server.threadpool.client.size = 0 (default)
2024-03-18 17:36:57,859 [c55acdcd-41ed-4e13-9d38-7679e97508ee-groupManagement] INFO  server.RaftServerConfigKeys (ConfUtils.java:logGet(46)) - raft.server.storage.free-space.min = 0MB (=0) (default)
2024-03-18 17:36:57,859 [c55acdcd-41ed-4e13-9d38-7679e97508ee-groupManagement] INFO  server.RaftServerConfigKeys (ConfUtils.java:logGet(46)) - raft.server.log.corruption.policy = EXCEPTION (default)
2024-03-18 17:36:57,859 [c55acdcd-41ed-4e13-9d38-7679e97508ee-groupManagement] INFO  server.RaftServerConfigKeys (ConfUtils.java:logGet(46)) - raft.server.storage.dir = [/home/runner/work/ozone/ozone/hadoop-ozone/integration-test/target/test-dir/MiniOzoneClusterImpl-fcb2b1b2-065d-4164-ad15-2f123479485b/ozone-meta/datanode-3/ratis] (custom)
2024-03-18 17:36:57,860 [c55acdcd-41ed-4e13-9d38-7679e97508ee-groupManagement] INFO  storage.RaftStorageDirectory (RaftStorageDirectoryImpl.java:analyzeStorage(138)) - The storage directory /home/runner/work/ozone/ozone/hadoop-ozone/integration-test/target/test-dir/MiniOzoneClusterImpl-fcb2b1b2-065d-4164-ad15-2f123479485b/ozone-meta/datanode-3/ratis/47476086-8033-4df1-a786-97b48bd7efba does not exist. Creating ...
2024-03-18 17:36:57,861 [c55acdcd-41ed-4e13-9d38-7679e97508ee-groupManagement] INFO  storage.RaftStorageDirectory (RaftStorageDirectoryImpl.java:tryLock(228)) - Lock on /home/runner/work/ozone/ozone/hadoop-ozone/integration-test/target/test-dir/MiniOzoneClusterImpl-fcb2b1b2-065d-4164-ad15-2f123479485b/ozone-meta/datanode-3/ratis/47476086-8033-4df1-a786-97b48bd7efba/in_use.lock acquired by nodename 26740@fv-az1384-799
2024-03-18 17:36:57,862 [c55acdcd-41ed-4e13-9d38-7679e97508ee-groupManagement] INFO  storage.RaftStorage (RaftStorageImpl.java:format(99)) - Storage directory /home/runner/work/ozone/ozone/hadoop-ozone/integration-test/target/test-dir/MiniOzoneClusterImpl-fcb2b1b2-065d-4164-ad15-2f123479485b/ozone-meta/datanode-3/ratis/47476086-8033-4df1-a786-97b48bd7efba has been successfully formatted.
2024-03-18 17:36:57,862 [c55acdcd-41ed-4e13-9d38-7679e97508ee-groupManagement] WARN  util.FileUtils (LogUtils.java:supplyAndLog(63)) - Failed to Files.newInputStream /home/runner/work/ozone/ozone/hadoop-ozone/integration-test/target/test-dir/MiniOzoneClusterImpl-fcb2b1b2-065d-4164-ad15-2f123479485b/ozone-meta/datanode-3/ratis/47476086-8033-4df1-a786-97b48bd7efba/current/raft-meta.conf with options []: java.nio.file.NoSuchFileException: /home/runner/work/ozone/ozone/hadoop-ozone/integration-test/target/test-dir/MiniOzoneClusterImpl-fcb2b1b2-065d-4164-ad15-2f123479485b/ozone-meta/datanode-3/ratis/47476086-8033-4df1-a786-97b48bd7efba/current/raft-meta.conf
2024-03-18 17:36:57,863 [c55acdcd-41ed-4e13-9d38-7679e97508ee-groupManagement] INFO  ratis.ContainerStateMachine (ContainerStateMachine.java:loadSnapshot(287)) - group-97B48BD7EFBA: The snapshot info is null. Setting the last applied index to:(t:0, i:~)
2024-03-18 17:36:57,863 [c55acdcd-41ed-4e13-9d38-7679e97508ee-groupManagement] INFO  server.RaftServerConfigKeys (ConfUtils.java:logGet(46)) - raft.server.log.use.memory = false (default)
2024-03-18 17:36:57,863 [c55acdcd-41ed-4e13-9d38-7679e97508ee-groupManagement] INFO  server.RaftServerConfigKeys (ConfUtils.java:logGet(46)) - raft.server.log.purge.gap = 1000000 (custom)
2024-03-18 17:36:57,863 [c55acdcd-41ed-4e13-9d38-7679e97508ee-groupManagement] INFO  server.RaftServerConfigKeys (ConfUtils.java:logGet(46)) - raft.server.log.appender.buffer.byte-limit = 8388608 (custom)
2024-03-18 17:36:57,863 [c55acdcd-41ed-4e13-9d38-7679e97508ee-groupManagement] INFO  server.RaftServerConfigKeys (ConfUtils.java:logGet(46)) - raft.server.log.statemachine.data.read.timeout = 1000ms (default)
2024-03-18 17:36:57,865 [c55acdcd-41ed-4e13-9d38-7679e97508ee-groupManagement] INFO  server.RaftServerConfigKeys (ConfUtils.java:logGet(46)) - raft.server.log.purge.preservation.log.num = 0 (default)
2024-03-18 17:36:57,866 [EventQueue-PipelineReportForPipelineReportHandler] INFO  pipeline.PipelineReportHandler (PipelineReportHandler.java:processPipelineReport(136)) - Opened pipeline PipelineID=47476086-8033-4df1-a786-97b48bd7efba
2024-03-18 17:36:57,868 [EventQueue-OpenPipelineForHealthyPipelineSafeModeRule] INFO  safemode.SCMSafeModeManager (HealthyPipelineSafeModeRule.java:process(140)) - SCM in safe mode. Healthy pipelines reported count is 0, required healthy pipeline reported count is 1
2024-03-18 17:36:57,870 [c55acdcd-41ed-4e13-9d38-7679e97508ee-groupManagement] INFO  server.RaftServerConfigKeys (ConfUtils.java:logGet(46)) - raft.server.log.segment.size.max = 67108864 (custom)
2024-03-18 17:36:57,870 [c55acdcd-41ed-4e13-9d38-7679e97508ee-groupManagement] INFO  server.RaftServerConfigKeys (ConfUtils.java:logGet(46)) - raft.server.log.segment.cache.num.max = 2 (custom)
2024-03-18 17:36:57,870 [c55acdcd-41ed-4e13-9d38-7679e97508ee-groupManagement] INFO  server.RaftServerConfigKeys (ConfUtils.java:logGet(46)) - raft.server.log.segment.cache.size.max = 200MB (=209715200) (default)
2024-03-18 17:36:57,870 [c55acdcd-41ed-4e13-9d38-7679e97508ee-groupManagement] INFO  server.RaftServerConfigKeys (ConfUtils.java:logGet(46)) - raft.server.log.appender.buffer.byte-limit = 8388608 (custom)
2024-03-18 17:36:57,871 [c55acdcd-41ed-4e13-9d38-7679e97508ee-groupManagement] INFO  util.AwaitToRun (AwaitToRun.java:start(81)) - Thread[c55acdcd-41ed-4e13-9d38-7679e97508ee@group-97B48BD7EFBA-cacheEviction-AwaitToRun,5,main] started
2024-03-18 17:36:57,871 [c55acdcd-41ed-4e13-9d38-7679e97508ee-groupManagement] INFO  segmented.SegmentedRaftLogWorker (SegmentedRaftLogWorker.java:<init>(182)) - new c55acdcd-41ed-4e13-9d38-7679e97508ee@group-97B48BD7EFBA-SegmentedRaftLogWorker for RaftStorageImpl:Storage Directory /home/runner/work/ozone/ozone/hadoop-ozone/integration-test/target/test-dir/MiniOzoneClusterImpl-fcb2b1b2-065d-4164-ad15-2f123479485b/ozone-meta/datanode-3/ratis/47476086-8033-4df1-a786-97b48bd7efba
2024-03-18 17:36:57,872 [c55acdcd-41ed-4e13-9d38-7679e97508ee-groupManagement] INFO  server.RaftServerConfigKeys (ConfUtils.java:logGet(46)) - raft.server.log.queue.byte-limit = 4294967296 (custom)
2024-03-18 17:36:57,872 [c55acdcd-41ed-4e13-9d38-7679e97508ee-groupManagement] INFO  server.RaftServerConfigKeys (ConfUtils.java:logGet(46)) - raft.server.log.queue.element-limit = 1024 (custom)
2024-03-18 17:36:57,872 [c55acdcd-41ed-4e13-9d38-7679e97508ee-groupManagement] INFO  server.RaftServerConfigKeys (ConfUtils.java:logGet(46)) - raft.server.log.segment.size.max = 67108864 (custom)
2024-03-18 17:36:57,872 [c55acdcd-41ed-4e13-9d38-7679e97508ee-groupManagement] INFO  server.RaftServerConfigKeys (ConfUtils.java:logGet(46)) - raft.server.log.preallocated.size = 4194304 (custom)
2024-03-18 17:36:57,872 [c55acdcd-41ed-4e13-9d38-7679e97508ee-groupManagement] INFO  server.RaftServerConfigKeys (ConfUtils.java:logGet(46)) - raft.server.log.force.sync.num = 128 (default)
2024-03-18 17:36:57,872 [c55acdcd-41ed-4e13-9d38-7679e97508ee-groupManagement] INFO  server.RaftServerConfigKeys (ConfUtils.java:logGet(46)) - raft.server.log.statemachine.data.sync = true (default)
2024-03-18 17:36:57,872 [c55acdcd-41ed-4e13-9d38-7679e97508ee-groupManagement] INFO  server.RaftServerConfigKeys (ConfUtils.java:logGet(46)) - raft.server.log.statemachine.data.sync.timeout = 10s (default)
2024-03-18 17:36:57,872 [c55acdcd-41ed-4e13-9d38-7679e97508ee-groupManagement] INFO  server.RaftServerConfigKeys (ConfUtils.java:logGet(46)) - raft.server.log.statemachine.data.sync.timeout.retry = 0 (custom)
2024-03-18 17:36:57,873 [c55acdcd-41ed-4e13-9d38-7679e97508ee-groupManagement] INFO  server.RaftServerConfigKeys (ConfUtils.java:logGet(46)) - raft.server.log.write.buffer.size = 8388616 (custom)
2024-03-18 17:36:57,874 [c55acdcd-41ed-4e13-9d38-7679e97508ee-groupManagement] INFO  server.RaftServerConfigKeys (ConfUtils.java:logGet(46)) - raft.server.log.appender.buffer.byte-limit = 8388608 (custom)
2024-03-18 17:36:57,874 [c55acdcd-41ed-4e13-9d38-7679e97508ee-groupManagement] INFO  server.RaftServerConfigKeys (ConfUtils.java:logGet(46)) - raft.server.log.unsafe-flush.enabled = false (default)
2024-03-18 17:36:57,874 [c55acdcd-41ed-4e13-9d38-7679e97508ee-groupManagement] INFO  server.RaftServerConfigKeys (ConfUtils.java:logGet(46)) - raft.server.log.async-flush.enabled = false (default)
2024-03-18 17:36:57,874 [c55acdcd-41ed-4e13-9d38-7679e97508ee-groupManagement] INFO  server.RaftServerConfigKeys (ConfUtils.java:logGet(46)) - raft.server.log.statemachine.data.caching.enabled = true (custom)
2024-03-18 17:36:57,875 [c55acdcd-41ed-4e13-9d38-7679e97508ee-groupManagement] INFO  segmented.SegmentedRaftLogWorker (SegmentedRaftLogWorker.java:lambda$new$0(134)) - c55acdcd-41ed-4e13-9d38-7679e97508ee@group-97B48BD7EFBA-SegmentedRaftLogWorker: flushIndex: setUnconditionally 0 -> -1
2024-03-18 17:36:57,875 [c55acdcd-41ed-4e13-9d38-7679e97508ee-groupManagement] INFO  segmented.SegmentedRaftLogWorker (SegmentedRaftLogWorker.java:lambda$new$0(134)) - c55acdcd-41ed-4e13-9d38-7679e97508ee@group-97B48BD7EFBA-SegmentedRaftLogWorker: safeCacheEvictIndex: setUnconditionally 0 -> -1
2024-03-18 17:36:57,881 [c55acdcd-41ed-4e13-9d38-7679e97508ee-groupManagement] INFO  server.RaftServer$Division (RaftServerImpl.java:start(396)) - c55acdcd-41ed-4e13-9d38-7679e97508ee@group-97B48BD7EFBA: start as a follower, conf=-1: peers:[c55acdcd-41ed-4e13-9d38-7679e97508ee|10.1.0.17:15032]|listeners:[], old=null
2024-03-18 17:36:57,881 [c55acdcd-41ed-4e13-9d38-7679e97508ee-groupManagement] INFO  server.RaftServer$Division (RaftServerImpl.java:setRole(383)) - c55acdcd-41ed-4e13-9d38-7679e97508ee@group-97B48BD7EFBA: changes role from      null to FOLLOWER at term 0 for startAsFollower
2024-03-18 17:36:57,881 [c55acdcd-41ed-4e13-9d38-7679e97508ee-groupManagement] INFO  impl.RoleInfo (RoleInfo.java:updateAndGet(139)) - c55acdcd-41ed-4e13-9d38-7679e97508ee: start c55acdcd-41ed-4e13-9d38-7679e97508ee@group-97B48BD7EFBA-FollowerState
2024-03-18 17:36:57,883 [c55acdcd-41ed-4e13-9d38-7679e97508ee@group-97B48BD7EFBA-FollowerState] INFO  server.RaftServerConfigKeys (ConfUtils.java:logFallback(53)) - raft.server.rpc.first-election.timeout.min = 5s (fallback to raft.server.rpc.timeout.min)
2024-03-18 17:36:57,883 [c55acdcd-41ed-4e13-9d38-7679e97508ee-groupManagement] INFO  util.JmxRegister (JmxRegister.java:tryRegister(44)) - Successfully registered JMX Bean with object name Ratis:service=RaftServer,group=group-97B48BD7EFBA,id=c55acdcd-41ed-4e13-9d38-7679e97508ee
2024-03-18 17:36:57,883 [c55acdcd-41ed-4e13-9d38-7679e97508ee-groupManagement] INFO  server.RaftServerConfigKeys (ConfUtils.java:logGet(46)) - raft.server.snapshot.trigger-when-stop.enabled = true (default)
2024-03-18 17:36:57,884 [c55acdcd-41ed-4e13-9d38-7679e97508ee-groupManagement] INFO  server.RaftServerConfigKeys (ConfUtils.java:logGet(46)) - raft.server.snapshot.auto.trigger.enabled = true (custom)
2024-03-18 17:36:57,884 [c55acdcd-41ed-4e13-9d38-7679e97508ee-groupManagement] INFO  server.RaftServerConfigKeys (ConfUtils.java:logGet(46)) - raft.server.snapshot.auto.trigger.threshold = 10000 (custom)
2024-03-18 17:36:57,884 [c55acdcd-41ed-4e13-9d38-7679e97508ee-groupManagement] INFO  server.RaftServerConfigKeys (ConfUtils.java:logGet(46)) - raft.server.snapshot.retention.file.num = 5 (custom)
2024-03-18 17:36:57,885 [c55acdcd-41ed-4e13-9d38-7679e97508ee-groupManagement] INFO  server.RaftServerConfigKeys (ConfUtils.java:logGet(46)) - raft.server.log.purge.upto.snapshot.index = false (default)
2024-03-18 17:36:57,885 [c55acdcd-41ed-4e13-9d38-7679e97508ee@group-97B48BD7EFBA-FollowerState] INFO  server.RaftServerConfigKeys (ConfUtils.java:logFallback(53)) - raft.server.rpc.first-election.timeout.max = 5200ms (fallback to raft.server.rpc.timeout.max)
2024-03-18 17:36:57,895 [c55acdcd-41ed-4e13-9d38-7679e97508ee-PipelineCommandHandlerThread-0] INFO  ratis.XceiverServerRatis (XceiverServerRatis.java:addGroup(864)) - Created group PipelineID=47476086-8033-4df1-a786-97b48bd7efba
2024-03-18 17:36:57,895 [c55acdcd-41ed-4e13-9d38-7679e97508ee-PipelineCommandHandlerThread-0] INFO  commandhandler.CreatePipelineCommandHandler (CreatePipelineCommandHandler.java:lambda$handle$2(124)) - Created Pipeline RATIS ONE PipelineID=47476086-8033-4df1-a786-97b48bd7efba.
2024-03-18 17:36:57,896 [c55acdcd-41ed-4e13-9d38-7679e97508ee-PipelineCommandHandlerThread-0] INFO  server.RaftServer (RaftServerProxy.java:addNew(100)) - c55acdcd-41ed-4e13-9d38-7679e97508ee: addNew group-5B297D7DC30A:[56261a0d-e81e-4394-808f-5b50f7cf5f2a|10.1.0.17:15023, d4ad8e12-a3d8-4b8c-888a-d359f75d29b2|10.1.0.17:15014, c55acdcd-41ed-4e13-9d38-7679e97508ee|10.1.0.17:15032] returns group-5B297D7DC30A:java.util.concurrent.CompletableFuture@1f05ff71[Not completed]
2024-03-18 17:36:57,897 [c55acdcd-41ed-4e13-9d38-7679e97508ee-groupManagement] INFO  server.RaftServer$Division (RaftServerImpl.java:<init>(256)) - c55acdcd-41ed-4e13-9d38-7679e97508ee: new RaftServerImpl for group-5B297D7DC30A:[56261a0d-e81e-4394-808f-5b50f7cf5f2a|10.1.0.17:15023, d4ad8e12-a3d8-4b8c-888a-d359f75d29b2|10.1.0.17:15014, c55acdcd-41ed-4e13-9d38-7679e97508ee|10.1.0.17:15032] with ContainerStateMachine:uninitialized
2024-03-18 17:36:57,897 [c55acdcd-41ed-4e13-9d38-7679e97508ee-groupManagement] INFO  server.RaftServerConfigKeys (ConfUtils.java:logGet(46)) - raft.server.rpc.timeout.min = 5s (custom)
2024-03-18 17:36:57,897 [c55acdcd-41ed-4e13-9d38-7679e97508ee-groupManagement] INFO  server.RaftServerConfigKeys (ConfUtils.java:logGet(46)) - raft.server.rpc.timeout.max = 5200ms (custom)
2024-03-18 17:36:57,897 [c55acdcd-41ed-4e13-9d38-7679e97508ee-groupManagement] INFO  server.RaftServerConfigKeys (ConfUtils.java:logGet(46)) - raft.server.rpc.sleep.time = 25ms (default)
2024-03-18 17:36:57,897 [c55acdcd-41ed-4e13-9d38-7679e97508ee-groupManagement] INFO  server.RaftServerConfigKeys (ConfUtils.java:logGet(46)) - raft.server.rpc.slowness.timeout = 300s (custom)
2024-03-18 17:36:57,897 [c55acdcd-41ed-4e13-9d38-7679e97508ee-groupManagement] INFO  server.RaftServerConfigKeys (ConfUtils.java:logGet(46)) - raft.server.leaderelection.leader.step-down.wait-time = 10s (default)
2024-03-18 17:36:57,898 [c55acdcd-41ed-4e13-9d38-7679e97508ee-groupManagement] INFO  server.RaftServerConfigKeys (ConfUtils.java:logGet(46)) - raft.server.leaderelection.member.majority-add = false (default)
2024-03-18 17:36:57,898 [c55acdcd-41ed-4e13-9d38-7679e97508ee-groupManagement] INFO  server.RaftServerConfigKeys (ConfUtils.java:logGet(46)) - raft.server.sleep.deviation.threshold = 300ms (default)
2024-03-18 17:36:57,898 [c55acdcd-41ed-4e13-9d38-7679e97508ee-groupManagement] INFO  server.RaftServer$Division (ServerState.java:<init>(113)) - c55acdcd-41ed-4e13-9d38-7679e97508ee@group-5B297D7DC30A: ConfigurationManager, init=-1: peers:[56261a0d-e81e-4394-808f-5b50f7cf5f2a|10.1.0.17:15023, d4ad8e12-a3d8-4b8c-888a-d359f75d29b2|10.1.0.17:15014, c55acdcd-41ed-4e13-9d38-7679e97508ee|10.1.0.17:15032]|listeners:[], old=null, confs=<EMPTY_MAP>
2024-03-18 17:36:57,898 [c55acdcd-41ed-4e13-9d38-7679e97508ee-groupManagement] INFO  server.RaftServerConfigKeys (ConfUtils.java:logGet(46)) - raft.server.notification.no-leader.timeout = 300s (custom)
2024-03-18 17:36:57,898 [c55acdcd-41ed-4e13-9d38-7679e97508ee-groupManagement] INFO  server.RaftServerConfigKeys (ConfUtils.java:logGet(46)) - raft.server.read.timeout = 10s (default)
2024-03-18 17:36:57,898 [c55acdcd-41ed-4e13-9d38-7679e97508ee-groupManagement] INFO  server.RaftServerConfigKeys (ConfUtils.java:logGet(46)) - raft.server.retrycache.expirytime = 600000ms (custom)
2024-03-18 17:36:57,898 [c55acdcd-41ed-4e13-9d38-7679e97508ee-groupManagement] INFO  server.RaftServerConfigKeys (ConfUtils.java:logGet(46)) - raft.server.retrycache.statistics.expirytime = 100ms (default)
2024-03-18 17:36:57,898 [c55acdcd-41ed-4e13-9d38-7679e97508ee-groupManagement] INFO  server.RaftServerConfigKeys (ConfUtils.java:logGet(46)) - raft.server.read.option = DEFAULT (default)
2024-03-18 17:36:57,898 [c55acdcd-41ed-4e13-9d38-7679e97508ee-groupManagement] INFO  server.RaftServerConfigKeys (ConfUtils.java:logGet(46)) - raft.server.read.read-after-write-consistent.write-index-cache.expiry-time = 60s (default)
2024-03-18 17:36:57,901 [c55acdcd-41ed-4e13-9d38-7679e97508ee-groupManagement] INFO  server.RaftServerConfigKeys (ConfUtils.java:logGet(46)) - raft.server.rpc.request.timeout = 60s (custom)
2024-03-18 17:36:57,901 [c55acdcd-41ed-4e13-9d38-7679e97508ee-groupManagement] INFO  server.RaftServerConfigKeys (ConfUtils.java:logGet(46)) - raft.server.log.appender.install.snapshot.enabled = false (custom)
2024-03-18 17:36:57,901 [c55acdcd-41ed-4e13-9d38-7679e97508ee-groupManagement] INFO  server.RaftServerConfigKeys (ConfUtils.java:logGet(46)) - raft.server.threadpool.server.cached = true (default)
2024-03-18 17:36:57,901 [c55acdcd-41ed-4e13-9d38-7679e97508ee-groupManagement] INFO  server.RaftServerConfigKeys (ConfUtils.java:logGet(46)) - raft.server.threadpool.server.size = 0 (default)
2024-03-18 17:36:57,901 [c55acdcd-41ed-4e13-9d38-7679e97508ee-groupManagement] INFO  server.RaftServerConfigKeys (ConfUtils.java:logGet(46)) - raft.server.threadpool.client.cached = true (default)
2024-03-18 17:36:57,901 [c55acdcd-41ed-4e13-9d38-7679e97508ee-groupManagement] INFO  server.RaftServerConfigKeys (ConfUtils.java:logGet(46)) - raft.server.threadpool.client.size = 0 (default)
2024-03-18 17:36:57,901 [c55acdcd-41ed-4e13-9d38-7679e97508ee-groupManagement] INFO  server.RaftServerConfigKeys (ConfUtils.java:logGet(46)) - raft.server.storage.free-space.min = 0MB (=0) (default)
2024-03-18 17:36:57,902 [c55acdcd-41ed-4e13-9d38-7679e97508ee-groupManagement] INFO  server.RaftServerConfigKeys (ConfUtils.java:logGet(46)) - raft.server.log.corruption.policy = EXCEPTION (default)
2024-03-18 17:36:57,902 [c55acdcd-41ed-4e13-9d38-7679e97508ee-groupManagement] INFO  server.RaftServerConfigKeys (ConfUtils.java:logGet(46)) - raft.server.storage.dir = [/home/runner/work/ozone/ozone/hadoop-ozone/integration-test/target/test-dir/MiniOzoneClusterImpl-fcb2b1b2-065d-4164-ad15-2f123479485b/ozone-meta/datanode-3/ratis] (custom)
2024-03-18 17:36:57,902 [c55acdcd-41ed-4e13-9d38-7679e97508ee-groupManagement] INFO  storage.RaftStorageDirectory (RaftStorageDirectoryImpl.java:analyzeStorage(138)) - The storage directory /home/runner/work/ozone/ozone/hadoop-ozone/integration-test/target/test-dir/MiniOzoneClusterImpl-fcb2b1b2-065d-4164-ad15-2f123479485b/ozone-meta/datanode-3/ratis/d7d5947c-a7d0-4b0a-9d18-5b297d7dc30a does not exist. Creating ...
2024-03-18 17:36:57,903 [c55acdcd-41ed-4e13-9d38-7679e97508ee-groupManagement] INFO  storage.RaftStorageDirectory (RaftStorageDirectoryImpl.java:tryLock(228)) - Lock on /home/runner/work/ozone/ozone/hadoop-ozone/integration-test/target/test-dir/MiniOzoneClusterImpl-fcb2b1b2-065d-4164-ad15-2f123479485b/ozone-meta/datanode-3/ratis/d7d5947c-a7d0-4b0a-9d18-5b297d7dc30a/in_use.lock acquired by nodename 26740@fv-az1384-799
2024-03-18 17:36:57,904 [c55acdcd-41ed-4e13-9d38-7679e97508ee-groupManagement] INFO  storage.RaftStorage (RaftStorageImpl.java:format(99)) - Storage directory /home/runner/work/ozone/ozone/hadoop-ozone/integration-test/target/test-dir/MiniOzoneClusterImpl-fcb2b1b2-065d-4164-ad15-2f123479485b/ozone-meta/datanode-3/ratis/d7d5947c-a7d0-4b0a-9d18-5b297d7dc30a has been successfully formatted.
2024-03-18 17:36:57,905 [c55acdcd-41ed-4e13-9d38-7679e97508ee-groupManagement] WARN  util.FileUtils (LogUtils.java:supplyAndLog(63)) - Failed to Files.newInputStream /home/runner/work/ozone/ozone/hadoop-ozone/integration-test/target/test-dir/MiniOzoneClusterImpl-fcb2b1b2-065d-4164-ad15-2f123479485b/ozone-meta/datanode-3/ratis/d7d5947c-a7d0-4b0a-9d18-5b297d7dc30a/current/raft-meta.conf with options []: java.nio.file.NoSuchFileException: /home/runner/work/ozone/ozone/hadoop-ozone/integration-test/target/test-dir/MiniOzoneClusterImpl-fcb2b1b2-065d-4164-ad15-2f123479485b/ozone-meta/datanode-3/ratis/d7d5947c-a7d0-4b0a-9d18-5b297d7dc30a/current/raft-meta.conf
2024-03-18 17:36:57,906 [c55acdcd-41ed-4e13-9d38-7679e97508ee-groupManagement] INFO  ratis.ContainerStateMachine (ContainerStateMachine.java:loadSnapshot(287)) - group-5B297D7DC30A: The snapshot info is null. Setting the last applied index to:(t:0, i:~)
2024-03-18 17:36:57,906 [c55acdcd-41ed-4e13-9d38-7679e97508ee-groupManagement] INFO  server.RaftServerConfigKeys (ConfUtils.java:logGet(46)) - raft.server.log.use.memory = false (default)
2024-03-18 17:36:57,906 [c55acdcd-41ed-4e13-9d38-7679e97508ee-groupManagement] INFO  server.RaftServerConfigKeys (ConfUtils.java:logGet(46)) - raft.server.log.purge.gap = 1000000 (custom)
2024-03-18 17:36:57,906 [c55acdcd-41ed-4e13-9d38-7679e97508ee-groupManagement] INFO  server.RaftServerConfigKeys (ConfUtils.java:logGet(46)) - raft.server.log.appender.buffer.byte-limit = 8388608 (custom)
2024-03-18 17:36:57,906 [c55acdcd-41ed-4e13-9d38-7679e97508ee-groupManagement] INFO  server.RaftServerConfigKeys (ConfUtils.java:logGet(46)) - raft.server.log.statemachine.data.read.timeout = 1000ms (default)
2024-03-18 17:36:57,907 [c55acdcd-41ed-4e13-9d38-7679e97508ee-groupManagement] INFO  server.RaftServerConfigKeys (ConfUtils.java:logGet(46)) - raft.server.log.purge.preservation.log.num = 0 (default)
2024-03-18 17:36:57,910 [EventQueue-OpenPipelineForHealthyPipelineSafeModeRule] INFO  safemode.SCMSafeModeManager (HealthyPipelineSafeModeRule.java:process(140)) - SCM in safe mode. Healthy pipelines reported count is 0, required healthy pipeline reported count is 1
2024-03-18 17:36:57,914 [c55acdcd-41ed-4e13-9d38-7679e97508ee-groupManagement] INFO  server.RaftServerConfigKeys (ConfUtils.java:logGet(46)) - raft.server.log.segment.size.max = 67108864 (custom)
2024-03-18 17:36:57,914 [c55acdcd-41ed-4e13-9d38-7679e97508ee-groupManagement] INFO  server.RaftServerConfigKeys (ConfUtils.java:logGet(46)) - raft.server.log.segment.cache.num.max = 2 (custom)
2024-03-18 17:36:57,914 [c55acdcd-41ed-4e13-9d38-7679e97508ee-groupManagement] INFO  server.RaftServerConfigKeys (ConfUtils.java:logGet(46)) - raft.server.log.segment.cache.size.max = 200MB (=209715200) (default)
2024-03-18 17:36:57,914 [c55acdcd-41ed-4e13-9d38-7679e97508ee-groupManagement] INFO  server.RaftServerConfigKeys (ConfUtils.java:logGet(46)) - raft.server.log.appender.buffer.byte-limit = 8388608 (custom)
2024-03-18 17:36:57,914 [c55acdcd-41ed-4e13-9d38-7679e97508ee-groupManagement] INFO  util.AwaitToRun (AwaitToRun.java:start(81)) - Thread[c55acdcd-41ed-4e13-9d38-7679e97508ee@group-5B297D7DC30A-cacheEviction-AwaitToRun,5,main] started
2024-03-18 17:36:57,915 [c55acdcd-41ed-4e13-9d38-7679e97508ee-groupManagement] INFO  segmented.SegmentedRaftLogWorker (SegmentedRaftLogWorker.java:<init>(182)) - new c55acdcd-41ed-4e13-9d38-7679e97508ee@group-5B297D7DC30A-SegmentedRaftLogWorker for RaftStorageImpl:Storage Directory /home/runner/work/ozone/ozone/hadoop-ozone/integration-test/target/test-dir/MiniOzoneClusterImpl-fcb2b1b2-065d-4164-ad15-2f123479485b/ozone-meta/datanode-3/ratis/d7d5947c-a7d0-4b0a-9d18-5b297d7dc30a
2024-03-18 17:36:57,915 [c55acdcd-41ed-4e13-9d38-7679e97508ee-groupManagement] INFO  server.RaftServerConfigKeys (ConfUtils.java:logGet(46)) - raft.server.log.queue.byte-limit = 4294967296 (custom)
2024-03-18 17:36:57,915 [c55acdcd-41ed-4e13-9d38-7679e97508ee-groupManagement] INFO  server.RaftServerConfigKeys (ConfUtils.java:logGet(46)) - raft.server.log.queue.element-limit = 1024 (custom)
2024-03-18 17:36:57,915 [c55acdcd-41ed-4e13-9d38-7679e97508ee-groupManagement] INFO  server.RaftServerConfigKeys (ConfUtils.java:logGet(46)) - raft.server.log.segment.size.max = 67108864 (custom)
2024-03-18 17:36:57,915 [c55acdcd-41ed-4e13-9d38-7679e97508ee-groupManagement] INFO  server.RaftServerConfigKeys (ConfUtils.java:logGet(46)) - raft.server.log.preallocated.size = 4194304 (custom)
2024-03-18 17:36:57,915 [c55acdcd-41ed-4e13-9d38-7679e97508ee-groupManagement] INFO  server.RaftServerConfigKeys (ConfUtils.java:logGet(46)) - raft.server.log.force.sync.num = 128 (default)
2024-03-18 17:36:57,915 [c55acdcd-41ed-4e13-9d38-7679e97508ee-groupManagement] INFO  server.RaftServerConfigKeys (ConfUtils.java:logGet(46)) - raft.server.log.statemachine.data.sync = true (default)
2024-03-18 17:36:57,915 [c55acdcd-41ed-4e13-9d38-7679e97508ee-groupManagement] INFO  server.RaftServerConfigKeys (ConfUtils.java:logGet(46)) - raft.server.log.statemachine.data.sync.timeout = 10s (default)
2024-03-18 17:36:57,915 [c55acdcd-41ed-4e13-9d38-7679e97508ee-groupManagement] INFO  server.RaftServerConfigKeys (ConfUtils.java:logGet(46)) - raft.server.log.statemachine.data.sync.timeout.retry = 0 (custom)
2024-03-18 17:36:57,916 [c55acdcd-41ed-4e13-9d38-7679e97508ee-groupManagement] INFO  server.RaftServerConfigKeys (ConfUtils.java:logGet(46)) - raft.server.log.write.buffer.size = 8388616 (custom)
2024-03-18 17:36:57,917 [c55acdcd-41ed-4e13-9d38-7679e97508ee-groupManagement] INFO  server.RaftServerConfigKeys (ConfUtils.java:logGet(46)) - raft.server.log.appender.buffer.byte-limit = 8388608 (custom)
2024-03-18 17:36:57,917 [c55acdcd-41ed-4e13-9d38-7679e97508ee-groupManagement] INFO  server.RaftServerConfigKeys (ConfUtils.java:logGet(46)) - raft.server.log.unsafe-flush.enabled = false (default)
2024-03-18 17:36:57,917 [c55acdcd-41ed-4e13-9d38-7679e97508ee-groupManagement] INFO  server.RaftServerConfigKeys (ConfUtils.java:logGet(46)) - raft.server.log.async-flush.enabled = false (default)
2024-03-18 17:36:57,917 [c55acdcd-41ed-4e13-9d38-7679e97508ee-groupManagement] INFO  server.RaftServerConfigKeys (ConfUtils.java:logGet(46)) - raft.server.log.statemachine.data.caching.enabled = true (custom)
2024-03-18 17:36:57,918 [c55acdcd-41ed-4e13-9d38-7679e97508ee-groupManagement] INFO  segmented.SegmentedRaftLogWorker (SegmentedRaftLogWorker.java:lambda$new$0(134)) - c55acdcd-41ed-4e13-9d38-7679e97508ee@group-5B297D7DC30A-SegmentedRaftLogWorker: flushIndex: setUnconditionally 0 -> -1
2024-03-18 17:36:57,918 [c55acdcd-41ed-4e13-9d38-7679e97508ee-groupManagement] INFO  segmented.SegmentedRaftLogWorker (SegmentedRaftLogWorker.java:lambda$new$0(134)) - c55acdcd-41ed-4e13-9d38-7679e97508ee@group-5B297D7DC30A-SegmentedRaftLogWorker: safeCacheEvictIndex: setUnconditionally 0 -> -1
2024-03-18 17:36:57,918 [c55acdcd-41ed-4e13-9d38-7679e97508ee-groupManagement] INFO  server.RaftServer$Division (RaftServerImpl.java:start(396)) - c55acdcd-41ed-4e13-9d38-7679e97508ee@group-5B297D7DC30A: start as a follower, conf=-1: peers:[56261a0d-e81e-4394-808f-5b50f7cf5f2a|10.1.0.17:15023, d4ad8e12-a3d8-4b8c-888a-d359f75d29b2|10.1.0.17:15014, c55acdcd-41ed-4e13-9d38-7679e97508ee|10.1.0.17:15032]|listeners:[], old=null
2024-03-18 17:36:57,919 [c55acdcd-41ed-4e13-9d38-7679e97508ee-groupManagement] INFO  server.RaftServer$Division (RaftServerImpl.java:setRole(383)) - c55acdcd-41ed-4e13-9d38-7679e97508ee@group-5B297D7DC30A: changes role from      null to FOLLOWER at term 0 for startAsFollower
2024-03-18 17:36:57,919 [c55acdcd-41ed-4e13-9d38-7679e97508ee-groupManagement] INFO  impl.RoleInfo (RoleInfo.java:updateAndGet(139)) - c55acdcd-41ed-4e13-9d38-7679e97508ee: start c55acdcd-41ed-4e13-9d38-7679e97508ee@group-5B297D7DC30A-FollowerState
2024-03-18 17:36:57,927 [c55acdcd-41ed-4e13-9d38-7679e97508ee-groupManagement] INFO  util.JmxRegister (JmxRegister.java:tryRegister(44)) - Successfully registered JMX Bean with object name Ratis:service=RaftServer,group=group-5B297D7DC30A,id=c55acdcd-41ed-4e13-9d38-7679e97508ee
2024-03-18 17:36:57,927 [c55acdcd-41ed-4e13-9d38-7679e97508ee-groupManagement] INFO  server.RaftServerConfigKeys (ConfUtils.java:logGet(46)) - raft.server.snapshot.trigger-when-stop.enabled = true (default)
2024-03-18 17:36:57,927 [c55acdcd-41ed-4e13-9d38-7679e97508ee-groupManagement] INFO  server.RaftServerConfigKeys (ConfUtils.java:logGet(46)) - raft.server.snapshot.auto.trigger.enabled = true (custom)
2024-03-18 17:36:57,927 [c55acdcd-41ed-4e13-9d38-7679e97508ee-groupManagement] INFO  server.RaftServerConfigKeys (ConfUtils.java:logGet(46)) - raft.server.snapshot.auto.trigger.threshold = 10000 (custom)
2024-03-18 17:36:57,927 [c55acdcd-41ed-4e13-9d38-7679e97508ee-groupManagement] INFO  server.RaftServerConfigKeys (ConfUtils.java:logGet(46)) - raft.server.snapshot.retention.file.num = 5 (custom)
2024-03-18 17:36:57,927 [c55acdcd-41ed-4e13-9d38-7679e97508ee-groupManagement] INFO  server.RaftServerConfigKeys (ConfUtils.java:logGet(46)) - raft.server.log.purge.upto.snapshot.index = false (default)
2024-03-18 17:36:57,928 [c55acdcd-41ed-4e13-9d38-7679e97508ee@group-5B297D7DC30A-FollowerState] INFO  server.RaftServerConfigKeys (ConfUtils.java:logFallback(53)) - raft.server.rpc.first-election.timeout.min = 5s (fallback to raft.server.rpc.timeout.min)
2024-03-18 17:36:57,928 [c55acdcd-41ed-4e13-9d38-7679e97508ee@group-5B297D7DC30A-FollowerState] INFO  server.RaftServerConfigKeys (ConfUtils.java:logFallback(53)) - raft.server.rpc.first-election.timeout.max = 5200ms (fallback to raft.server.rpc.timeout.max)
2024-03-18 17:36:57,932 [c55acdcd-41ed-4e13-9d38-7679e97508ee-PipelineCommandHandlerThread-0] INFO  ratis.XceiverServerRatis (XceiverServerRatis.java:addGroup(864)) - Created group PipelineID=d7d5947c-a7d0-4b0a-9d18-5b297d7dc30a
2024-03-18 17:36:58,152 [c55acdcd-41ed-4e13-9d38-7679e97508ee-PipelineCommandHandlerThread-0] INFO  commandhandler.CreatePipelineCommandHandler (CreatePipelineCommandHandler.java:lambda$handle$2(124)) - Created Pipeline RATIS THREE PipelineID=d7d5947c-a7d0-4b0a-9d18-5b297d7dc30a.
2024-03-18 17:36:58,152 [56261a0d-e81e-4394-808f-5b50f7cf5f2a-PipelineCommandHandlerThread-0] INFO  commandhandler.CreatePipelineCommandHandler (CreatePipelineCommandHandler.java:lambda$handle$2(124)) - Created Pipeline RATIS THREE PipelineID=d7d5947c-a7d0-4b0a-9d18-5b297d7dc30a.
2024-03-18 17:36:58,153 [56261a0d-e81e-4394-808f-5b50f7cf5f2a-PipelineCommandHandlerThread-0] INFO  server.RaftServer (RaftServerProxy.java:addNew(100)) - 56261a0d-e81e-4394-808f-5b50f7cf5f2a: addNew group-C9C4DC121C8B:[56261a0d-e81e-4394-808f-5b50f7cf5f2a|10.1.0.17:15023, d4ad8e12-a3d8-4b8c-888a-d359f75d29b2|10.1.0.17:15014, c55acdcd-41ed-4e13-9d38-7679e97508ee|10.1.0.17:15032] returns group-C9C4DC121C8B:java.util.concurrent.CompletableFuture@169b871e[Not completed]
2024-03-18 17:36:58,155 [c55acdcd-41ed-4e13-9d38-7679e97508ee-groupManagement] INFO  server.RaftServer$Division (RaftServerImpl.java:<init>(256)) - c55acdcd-41ed-4e13-9d38-7679e97508ee: new RaftServerImpl for group-C9C4DC121C8B:[56261a0d-e81e-4394-808f-5b50f7cf5f2a|10.1.0.17:15023, d4ad8e12-a3d8-4b8c-888a-d359f75d29b2|10.1.0.17:15014, c55acdcd-41ed-4e13-9d38-7679e97508ee|10.1.0.17:15032] with ContainerStateMachine:uninitialized
2024-03-18 17:36:58,155 [56261a0d-e81e-4394-808f-5b50f7cf5f2a-groupManagement] INFO  server.RaftServer$Division (RaftServerImpl.java:<init>(256)) - 56261a0d-e81e-4394-808f-5b50f7cf5f2a: new RaftServerImpl for group-C9C4DC121C8B:[56261a0d-e81e-4394-808f-5b50f7cf5f2a|10.1.0.17:15023, d4ad8e12-a3d8-4b8c-888a-d359f75d29b2|10.1.0.17:15014, c55acdcd-41ed-4e13-9d38-7679e97508ee|10.1.0.17:15032] with ContainerStateMachine:uninitialized
2024-03-18 17:36:58,153 [c55acdcd-41ed-4e13-9d38-7679e97508ee-PipelineCommandHandlerThread-0] INFO  server.RaftServer (RaftServerProxy.java:addNew(100)) - c55acdcd-41ed-4e13-9d38-7679e97508ee: addNew group-C9C4DC121C8B:[56261a0d-e81e-4394-808f-5b50f7cf5f2a|10.1.0.17:15023, d4ad8e12-a3d8-4b8c-888a-d359f75d29b2|10.1.0.17:15014, c55acdcd-41ed-4e13-9d38-7679e97508ee|10.1.0.17:15032] returns group-C9C4DC121C8B:java.util.concurrent.CompletableFuture@3143c5f4[Not completed]
2024-03-18 17:36:58,155 [56261a0d-e81e-4394-808f-5b50f7cf5f2a-groupManagement] INFO  server.RaftServerConfigKeys (ConfUtils.java:logGet(46)) - raft.server.rpc.timeout.min = 5s (custom)
2024-03-18 17:36:58,155 [56261a0d-e81e-4394-808f-5b50f7cf5f2a-groupManagement] INFO  server.RaftServerConfigKeys (ConfUtils.java:logGet(46)) - raft.server.rpc.timeout.max = 5200ms (custom)
2024-03-18 17:36:58,155 [56261a0d-e81e-4394-808f-5b50f7cf5f2a-groupManagement] INFO  server.RaftServerConfigKeys (ConfUtils.java:logGet(46)) - raft.server.rpc.sleep.time = 25ms (default)
2024-03-18 17:36:58,155 [56261a0d-e81e-4394-808f-5b50f7cf5f2a-groupManagement] INFO  server.RaftServerConfigKeys (ConfUtils.java:logGet(46)) - raft.server.rpc.slowness.timeout = 300s (custom)
2024-03-18 17:36:58,155 [56261a0d-e81e-4394-808f-5b50f7cf5f2a-groupManagement] INFO  server.RaftServerConfigKeys (ConfUtils.java:logGet(46)) - raft.server.leaderelection.leader.step-down.wait-time = 10s (default)
2024-03-18 17:36:58,155 [56261a0d-e81e-4394-808f-5b50f7cf5f2a-groupManagement] INFO  server.RaftServerConfigKeys (ConfUtils.java:logGet(46)) - raft.server.leaderelection.member.majority-add = false (default)
2024-03-18 17:36:58,155 [56261a0d-e81e-4394-808f-5b50f7cf5f2a-groupManagement] INFO  server.RaftServerConfigKeys (ConfUtils.java:logGet(46)) - raft.server.sleep.deviation.threshold = 300ms (default)
2024-03-18 17:36:58,156 [56261a0d-e81e-4394-808f-5b50f7cf5f2a-groupManagement] INFO  server.RaftServer$Division (ServerState.java:<init>(113)) - 56261a0d-e81e-4394-808f-5b50f7cf5f2a@group-C9C4DC121C8B: ConfigurationManager, init=-1: peers:[56261a0d-e81e-4394-808f-5b50f7cf5f2a|10.1.0.17:15023, d4ad8e12-a3d8-4b8c-888a-d359f75d29b2|10.1.0.17:15014, c55acdcd-41ed-4e13-9d38-7679e97508ee|10.1.0.17:15032]|listeners:[], old=null, confs=<EMPTY_MAP>
2024-03-18 17:36:58,156 [56261a0d-e81e-4394-808f-5b50f7cf5f2a-groupManagement] INFO  server.RaftServerConfigKeys (ConfUtils.java:logGet(46)) - raft.server.notification.no-leader.timeout = 300s (custom)
2024-03-18 17:36:58,156 [56261a0d-e81e-4394-808f-5b50f7cf5f2a-groupManagement] INFO  server.RaftServerConfigKeys (ConfUtils.java:logGet(46)) - raft.server.read.timeout = 10s (default)
2024-03-18 17:36:58,156 [56261a0d-e81e-4394-808f-5b50f7cf5f2a-groupManagement] INFO  server.RaftServerConfigKeys (ConfUtils.java:logGet(46)) - raft.server.retrycache.expirytime = 600000ms (custom)
2024-03-18 17:36:58,156 [56261a0d-e81e-4394-808f-5b50f7cf5f2a-groupManagement] INFO  server.RaftServerConfigKeys (ConfUtils.java:logGet(46)) - raft.server.retrycache.statistics.expirytime = 100ms (default)
2024-03-18 17:36:58,156 [56261a0d-e81e-4394-808f-5b50f7cf5f2a-groupManagement] INFO  server.RaftServerConfigKeys (ConfUtils.java:logGet(46)) - raft.server.read.option = DEFAULT (default)
2024-03-18 17:36:58,156 [56261a0d-e81e-4394-808f-5b50f7cf5f2a-groupManagement] INFO  server.RaftServerConfigKeys (ConfUtils.java:logGet(46)) - raft.server.read.read-after-write-consistent.write-index-cache.expiry-time = 60s (default)
2024-03-18 17:36:58,155 [c55acdcd-41ed-4e13-9d38-7679e97508ee-groupManagement] INFO  server.RaftServerConfigKeys (ConfUtils.java:logGet(46)) - raft.server.rpc.timeout.min = 5s (custom)
2024-03-18 17:36:58,159 [c55acdcd-41ed-4e13-9d38-7679e97508ee-groupManagement] INFO  server.RaftServerConfigKeys (ConfUtils.java:logGet(46)) - raft.server.rpc.timeout.max = 5200ms (custom)
2024-03-18 17:36:58,159 [c55acdcd-41ed-4e13-9d38-7679e97508ee-groupManagement] INFO  server.RaftServerConfigKeys (ConfUtils.java:logGet(46)) - raft.server.rpc.sleep.time = 25ms (default)
2024-03-18 17:36:58,159 [56261a0d-e81e-4394-808f-5b50f7cf5f2a-groupManagement] INFO  server.RaftServerConfigKeys (ConfUtils.java:logGet(46)) - raft.server.rpc.request.timeout = 60s (custom)
2024-03-18 17:36:58,159 [56261a0d-e81e-4394-808f-5b50f7cf5f2a-groupManagement] INFO  server.RaftServerConfigKeys (ConfUtils.java:logGet(46)) - raft.server.log.appender.install.snapshot.enabled = false (custom)
2024-03-18 17:36:58,159 [56261a0d-e81e-4394-808f-5b50f7cf5f2a-groupManagement] INFO  server.RaftServerConfigKeys (ConfUtils.java:logGet(46)) - raft.server.threadpool.server.cached = true (default)
2024-03-18 17:36:58,159 [56261a0d-e81e-4394-808f-5b50f7cf5f2a-groupManagement] INFO  server.RaftServerConfigKeys (ConfUtils.java:logGet(46)) - raft.server.threadpool.server.size = 0 (default)
2024-03-18 17:36:58,159 [56261a0d-e81e-4394-808f-5b50f7cf5f2a-groupManagement] INFO  server.RaftServerConfigKeys (ConfUtils.java:logGet(46)) - raft.server.threadpool.client.cached = true (default)
2024-03-18 17:36:58,159 [56261a0d-e81e-4394-808f-5b50f7cf5f2a-groupManagement] INFO  server.RaftServerConfigKeys (ConfUtils.java:logGet(46)) - raft.server.threadpool.client.size = 0 (default)
2024-03-18 17:36:58,159 [56261a0d-e81e-4394-808f-5b50f7cf5f2a-groupManagement] INFO  server.RaftServerConfigKeys (ConfUtils.java:logGet(46)) - raft.server.storage.free-space.min = 0MB (=0) (default)
2024-03-18 17:36:58,159 [56261a0d-e81e-4394-808f-5b50f7cf5f2a-groupManagement] INFO  server.RaftServerConfigKeys (ConfUtils.java:logGet(46)) - raft.server.log.corruption.policy = EXCEPTION (default)
2024-03-18 17:36:58,159 [56261a0d-e81e-4394-808f-5b50f7cf5f2a-groupManagement] INFO  server.RaftServerConfigKeys (ConfUtils.java:logGet(46)) - raft.server.storage.dir = [/home/runner/work/ozone/ozone/hadoop-ozone/integration-test/target/test-dir/MiniOzoneClusterImpl-fcb2b1b2-065d-4164-ad15-2f123479485b/ozone-meta/datanode-2/ratis] (custom)
2024-03-18 17:36:58,159 [c55acdcd-41ed-4e13-9d38-7679e97508ee-groupManagement] INFO  server.RaftServerConfigKeys (ConfUtils.java:logGet(46)) - raft.server.rpc.slowness.timeout = 300s (custom)
2024-03-18 17:36:58,160 [c55acdcd-41ed-4e13-9d38-7679e97508ee-groupManagement] INFO  server.RaftServerConfigKeys (ConfUtils.java:logGet(46)) - raft.server.leaderelection.leader.step-down.wait-time = 10s (default)
2024-03-18 17:36:58,160 [c55acdcd-41ed-4e13-9d38-7679e97508ee-groupManagement] INFO  server.RaftServerConfigKeys (ConfUtils.java:logGet(46)) - raft.server.leaderelection.member.majority-add = false (default)
2024-03-18 17:36:58,160 [c55acdcd-41ed-4e13-9d38-7679e97508ee-groupManagement] INFO  server.RaftServerConfigKeys (ConfUtils.java:logGet(46)) - raft.server.sleep.deviation.threshold = 300ms (default)
2024-03-18 17:36:58,160 [c55acdcd-41ed-4e13-9d38-7679e97508ee-groupManagement] INFO  server.RaftServer$Division (ServerState.java:<init>(113)) - c55acdcd-41ed-4e13-9d38-7679e97508ee@group-C9C4DC121C8B: ConfigurationManager, init=-1: peers:[56261a0d-e81e-4394-808f-5b50f7cf5f2a|10.1.0.17:15023, d4ad8e12-a3d8-4b8c-888a-d359f75d29b2|10.1.0.17:15014, c55acdcd-41ed-4e13-9d38-7679e97508ee|10.1.0.17:15032]|listeners:[], old=null, confs=<EMPTY_MAP>
2024-03-18 17:36:58,160 [c55acdcd-41ed-4e13-9d38-7679e97508ee-groupManagement] INFO  server.RaftServerConfigKeys (ConfUtils.java:logGet(46)) - raft.server.notification.no-leader.timeout = 300s (custom)
2024-03-18 17:36:58,160 [c55acdcd-41ed-4e13-9d38-7679e97508ee-groupManagement] INFO  server.RaftServerConfigKeys (ConfUtils.java:logGet(46)) - raft.server.read.timeout = 10s (default)
2024-03-18 17:36:58,160 [c55acdcd-41ed-4e13-9d38-7679e97508ee-groupManagement] INFO  server.RaftServerConfigKeys (ConfUtils.java:logGet(46)) - raft.server.retrycache.expirytime = 600000ms (custom)
2024-03-18 17:36:58,160 [c55acdcd-41ed-4e13-9d38-7679e97508ee-groupManagement] INFO  server.RaftServerConfigKeys (ConfUtils.java:logGet(46)) - raft.server.retrycache.statistics.expirytime = 100ms (default)
2024-03-18 17:36:58,160 [c55acdcd-41ed-4e13-9d38-7679e97508ee-groupManagement] INFO  server.RaftServerConfigKeys (ConfUtils.java:logGet(46)) - raft.server.read.option = DEFAULT (default)
2024-03-18 17:36:58,160 [c55acdcd-41ed-4e13-9d38-7679e97508ee-groupManagement] INFO  server.RaftServerConfigKeys (ConfUtils.java:logGet(46)) - raft.server.read.read-after-write-consistent.write-index-cache.expiry-time = 60s (default)
2024-03-18 17:36:58,163 [56261a0d-e81e-4394-808f-5b50f7cf5f2a-groupManagement] INFO  storage.RaftStorageDirectory (RaftStorageDirectoryImpl.java:analyzeStorage(138)) - The storage directory /home/runner/work/ozone/ozone/hadoop-ozone/integration-test/target/test-dir/MiniOzoneClusterImpl-fcb2b1b2-065d-4164-ad15-2f123479485b/ozone-meta/datanode-2/ratis/6c854ea3-c611-4d33-8107-c9c4dc121c8b does not exist. Creating ...
2024-03-18 17:36:58,164 [c55acdcd-41ed-4e13-9d38-7679e97508ee-groupManagement] INFO  server.RaftServerConfigKeys (ConfUtils.java:logGet(46)) - raft.server.rpc.request.timeout = 60s (custom)
2024-03-18 17:36:58,165 [c55acdcd-41ed-4e13-9d38-7679e97508ee-groupManagement] INFO  server.RaftServerConfigKeys (ConfUtils.java:logGet(46)) - raft.server.log.appender.install.snapshot.enabled = false (custom)
2024-03-18 17:36:58,165 [c55acdcd-41ed-4e13-9d38-7679e97508ee-groupManagement] INFO  server.RaftServerConfigKeys (ConfUtils.java:logGet(46)) - raft.server.threadpool.server.cached = true (default)
2024-03-18 17:36:58,165 [c55acdcd-41ed-4e13-9d38-7679e97508ee-groupManagement] INFO  server.RaftServerConfigKeys (ConfUtils.java:logGet(46)) - raft.server.threadpool.server.size = 0 (default)
2024-03-18 17:36:58,165 [c55acdcd-41ed-4e13-9d38-7679e97508ee-groupManagement] INFO  server.RaftServerConfigKeys (ConfUtils.java:logGet(46)) - raft.server.threadpool.client.cached = true (default)
2024-03-18 17:36:58,165 [c55acdcd-41ed-4e13-9d38-7679e97508ee-groupManagement] INFO  server.RaftServerConfigKeys (ConfUtils.java:logGet(46)) - raft.server.threadpool.client.size = 0 (default)
2024-03-18 17:36:58,165 [c55acdcd-41ed-4e13-9d38-7679e97508ee-groupManagement] INFO  server.RaftServerConfigKeys (ConfUtils.java:logGet(46)) - raft.server.storage.free-space.min = 0MB (=0) (default)
2024-03-18 17:36:58,165 [c55acdcd-41ed-4e13-9d38-7679e97508ee-groupManagement] INFO  server.RaftServerConfigKeys (ConfUtils.java:logGet(46)) - raft.server.log.corruption.policy = EXCEPTION (default)
2024-03-18 17:36:58,165 [c55acdcd-41ed-4e13-9d38-7679e97508ee-groupManagement] INFO  server.RaftServerConfigKeys (ConfUtils.java:logGet(46)) - raft.server.storage.dir = [/home/runner/work/ozone/ozone/hadoop-ozone/integration-test/target/test-dir/MiniOzoneClusterImpl-fcb2b1b2-065d-4164-ad15-2f123479485b/ozone-meta/datanode-3/ratis] (custom)
2024-03-18 17:36:58,165 [c55acdcd-41ed-4e13-9d38-7679e97508ee-groupManagement] INFO  storage.RaftStorageDirectory (RaftStorageDirectoryImpl.java:analyzeStorage(138)) - The storage directory /home/runner/work/ozone/ozone/hadoop-ozone/integration-test/target/test-dir/MiniOzoneClusterImpl-fcb2b1b2-065d-4164-ad15-2f123479485b/ozone-meta/datanode-3/ratis/6c854ea3-c611-4d33-8107-c9c4dc121c8b does not exist. Creating ...
2024-03-18 17:36:58,166 [56261a0d-e81e-4394-808f-5b50f7cf5f2a-groupManagement] INFO  storage.RaftStorageDirectory (RaftStorageDirectoryImpl.java:tryLock(228)) - Lock on /home/runner/work/ozone/ozone/hadoop-ozone/integration-test/target/test-dir/MiniOzoneClusterImpl-fcb2b1b2-065d-4164-ad15-2f123479485b/ozone-meta/datanode-2/ratis/6c854ea3-c611-4d33-8107-c9c4dc121c8b/in_use.lock acquired by nodename 26740@fv-az1384-799
2024-03-18 17:36:58,167 [d4ad8e12-a3d8-4b8c-888a-d359f75d29b2-PipelineCommandHandlerThread-0] INFO  commandhandler.CreatePipelineCommandHandler (CreatePipelineCommandHandler.java:lambda$handle$2(124)) - Created Pipeline RATIS THREE PipelineID=d7d5947c-a7d0-4b0a-9d18-5b297d7dc30a.
2024-03-18 17:36:58,167 [d4ad8e12-a3d8-4b8c-888a-d359f75d29b2-PipelineCommandHandlerThread-0] INFO  server.RaftServer (RaftServerProxy.java:addNew(100)) - d4ad8e12-a3d8-4b8c-888a-d359f75d29b2: addNew group-C9C4DC121C8B:[56261a0d-e81e-4394-808f-5b50f7cf5f2a|10.1.0.17:15023, d4ad8e12-a3d8-4b8c-888a-d359f75d29b2|10.1.0.17:15014, c55acdcd-41ed-4e13-9d38-7679e97508ee|10.1.0.17:15032] returns group-C9C4DC121C8B:java.util.concurrent.CompletableFuture@25f3bda1[Not completed]
2024-03-18 17:36:58,167 [56261a0d-e81e-4394-808f-5b50f7cf5f2a-groupManagement] INFO  storage.RaftStorage (RaftStorageImpl.java:format(99)) - Storage directory /home/runner/work/ozone/ozone/hadoop-ozone/integration-test/target/test-dir/MiniOzoneClusterImpl-fcb2b1b2-065d-4164-ad15-2f123479485b/ozone-meta/datanode-2/ratis/6c854ea3-c611-4d33-8107-c9c4dc121c8b has been successfully formatted.
2024-03-18 17:36:58,167 [56261a0d-e81e-4394-808f-5b50f7cf5f2a-groupManagement] WARN  util.FileUtils (LogUtils.java:supplyAndLog(63)) - Failed to Files.newInputStream /home/runner/work/ozone/ozone/hadoop-ozone/integration-test/target/test-dir/MiniOzoneClusterImpl-fcb2b1b2-065d-4164-ad15-2f123479485b/ozone-meta/datanode-2/ratis/6c854ea3-c611-4d33-8107-c9c4dc121c8b/current/raft-meta.conf with options []: java.nio.file.NoSuchFileException: /home/runner/work/ozone/ozone/hadoop-ozone/integration-test/target/test-dir/MiniOzoneClusterImpl-fcb2b1b2-065d-4164-ad15-2f123479485b/ozone-meta/datanode-2/ratis/6c854ea3-c611-4d33-8107-c9c4dc121c8b/current/raft-meta.conf
2024-03-18 17:36:58,168 [56261a0d-e81e-4394-808f-5b50f7cf5f2a-groupManagement] INFO  ratis.ContainerStateMachine (ContainerStateMachine.java:loadSnapshot(287)) - group-C9C4DC121C8B: The snapshot info is null. Setting the last applied index to:(t:0, i:~)
2024-03-18 17:36:58,168 [56261a0d-e81e-4394-808f-5b50f7cf5f2a-groupManagement] INFO  server.RaftServerConfigKeys (ConfUtils.java:logGet(46)) - raft.server.log.use.memory = false (default)
2024-03-18 17:36:58,168 [d4ad8e12-a3d8-4b8c-888a-d359f75d29b2-groupManagement] INFO  server.RaftServer$Division (RaftServerImpl.java:<init>(256)) - d4ad8e12-a3d8-4b8c-888a-d359f75d29b2: new RaftServerImpl for group-C9C4DC121C8B:[56261a0d-e81e-4394-808f-5b50f7cf5f2a|10.1.0.17:15023, d4ad8e12-a3d8-4b8c-888a-d359f75d29b2|10.1.0.17:15014, c55acdcd-41ed-4e13-9d38-7679e97508ee|10.1.0.17:15032] with ContainerStateMachine:uninitialized
2024-03-18 17:36:58,175 [d4ad8e12-a3d8-4b8c-888a-d359f75d29b2-groupManagement] INFO  server.RaftServerConfigKeys (ConfUtils.java:logGet(46)) - raft.server.rpc.timeout.min = 5s (custom)
2024-03-18 17:36:58,175 [d4ad8e12-a3d8-4b8c-888a-d359f75d29b2-groupManagement] INFO  server.RaftServerConfigKeys (ConfUtils.java:logGet(46)) - raft.server.rpc.timeout.max = 5200ms (custom)
2024-03-18 17:36:58,175 [56261a0d-e81e-4394-808f-5b50f7cf5f2a-groupManagement] INFO  server.RaftServerConfigKeys (ConfUtils.java:logGet(46)) - raft.server.log.purge.gap = 1000000 (custom)
2024-03-18 17:36:58,175 [c55acdcd-41ed-4e13-9d38-7679e97508ee-groupManagement] INFO  storage.RaftStorageDirectory (RaftStorageDirectoryImpl.java:tryLock(228)) - Lock on /home/runner/work/ozone/ozone/hadoop-ozone/integration-test/target/test-dir/MiniOzoneClusterImpl-fcb2b1b2-065d-4164-ad15-2f123479485b/ozone-meta/datanode-3/ratis/6c854ea3-c611-4d33-8107-c9c4dc121c8b/in_use.lock acquired by nodename 26740@fv-az1384-799
2024-03-18 17:36:58,175 [d4ad8e12-a3d8-4b8c-888a-d359f75d29b2-groupManagement] INFO  server.RaftServerConfigKeys (ConfUtils.java:logGet(46)) - raft.server.rpc.sleep.time = 25ms (default)
2024-03-18 17:36:58,175 [56261a0d-e81e-4394-808f-5b50f7cf5f2a-groupManagement] INFO  server.RaftServerConfigKeys (ConfUtils.java:logGet(46)) - raft.server.log.appender.buffer.byte-limit = 8388608 (custom)
2024-03-18 17:36:58,175 [d4ad8e12-a3d8-4b8c-888a-d359f75d29b2-groupManagement] INFO  server.RaftServerConfigKeys (ConfUtils.java:logGet(46)) - raft.server.rpc.slowness.timeout = 300s (custom)
2024-03-18 17:36:58,178 [d4ad8e12-a3d8-4b8c-888a-d359f75d29b2-groupManagement] INFO  server.RaftServerConfigKeys (ConfUtils.java:logGet(46)) - raft.server.leaderelection.leader.step-down.wait-time = 10s (default)
2024-03-18 17:36:58,178 [d4ad8e12-a3d8-4b8c-888a-d359f75d29b2-groupManagement] INFO  server.RaftServerConfigKeys (ConfUtils.java:logGet(46)) - raft.server.leaderelection.member.majority-add = false (default)
2024-03-18 17:36:58,178 [d4ad8e12-a3d8-4b8c-888a-d359f75d29b2-groupManagement] INFO  server.RaftServerConfigKeys (ConfUtils.java:logGet(46)) - raft.server.sleep.deviation.threshold = 300ms (default)
2024-03-18 17:36:58,179 [d4ad8e12-a3d8-4b8c-888a-d359f75d29b2-groupManagement] INFO  server.RaftServer$Division (ServerState.java:<init>(113)) - d4ad8e12-a3d8-4b8c-888a-d359f75d29b2@group-C9C4DC121C8B: ConfigurationManager, init=-1: peers:[56261a0d-e81e-4394-808f-5b50f7cf5f2a|10.1.0.17:15023, d4ad8e12-a3d8-4b8c-888a-d359f75d29b2|10.1.0.17:15014, c55acdcd-41ed-4e13-9d38-7679e97508ee|10.1.0.17:15032]|listeners:[], old=null, confs=<EMPTY_MAP>
2024-03-18 17:36:58,179 [d4ad8e12-a3d8-4b8c-888a-d359f75d29b2-groupManagement] INFO  server.RaftServerConfigKeys (ConfUtils.java:logGet(46)) - raft.server.notification.no-leader.timeout = 300s (custom)
2024-03-18 17:36:58,179 [d4ad8e12-a3d8-4b8c-888a-d359f75d29b2-groupManagement] INFO  server.RaftServerConfigKeys (ConfUtils.java:logGet(46)) - raft.server.read.timeout = 10s (default)
2024-03-18 17:36:58,179 [d4ad8e12-a3d8-4b8c-888a-d359f75d29b2-groupManagement] INFO  server.RaftServerConfigKeys (ConfUtils.java:logGet(46)) - raft.server.retrycache.expirytime = 600000ms (custom)
2024-03-18 17:36:58,179 [d4ad8e12-a3d8-4b8c-888a-d359f75d29b2-groupManagement] INFO  server.RaftServerConfigKeys (ConfUtils.java:logGet(46)) - raft.server.retrycache.statistics.expirytime = 100ms (default)
2024-03-18 17:36:58,179 [d4ad8e12-a3d8-4b8c-888a-d359f75d29b2-groupManagement] INFO  server.RaftServerConfigKeys (ConfUtils.java:logGet(46)) - raft.server.read.option = DEFAULT (default)
2024-03-18 17:36:58,179 [d4ad8e12-a3d8-4b8c-888a-d359f75d29b2-groupManagement] INFO  server.RaftServerConfigKeys (ConfUtils.java:logGet(46)) - raft.server.read.read-after-write-consistent.write-index-cache.expiry-time = 60s (default)
2024-03-18 17:36:58,180 [EventQueue-OpenPipelineForHealthyPipelineSafeModeRule] INFO  safemode.SCMSafeModeManager (HealthyPipelineSafeModeRule.java:process(140)) - SCM in safe mode. Healthy pipelines reported count is 0, required healthy pipeline reported count is 1
2024-03-18 17:36:58,175 [56261a0d-e81e-4394-808f-5b50f7cf5f2a-groupManagement] INFO  server.RaftServerConfigKeys (ConfUtils.java:logGet(46)) - raft.server.log.statemachine.data.read.timeout = 1000ms (default)
2024-03-18 17:36:58,181 [56261a0d-e81e-4394-808f-5b50f7cf5f2a-groupManagement] INFO  server.RaftServerConfigKeys (ConfUtils.java:logGet(46)) - raft.server.log.purge.preservation.log.num = 0 (default)
2024-03-18 17:36:58,182 [c55acdcd-41ed-4e13-9d38-7679e97508ee-groupManagement] INFO  storage.RaftStorage (RaftStorageImpl.java:format(99)) - Storage directory /home/runner/work/ozone/ozone/hadoop-ozone/integration-test/target/test-dir/MiniOzoneClusterImpl-fcb2b1b2-065d-4164-ad15-2f123479485b/ozone-meta/datanode-3/ratis/6c854ea3-c611-4d33-8107-c9c4dc121c8b has been successfully formatted.
2024-03-18 17:36:58,182 [c55acdcd-41ed-4e13-9d38-7679e97508ee-groupManagement] WARN  util.FileUtils (LogUtils.java:supplyAndLog(63)) - Failed to Files.newInputStream /home/runner/work/ozone/ozone/hadoop-ozone/integration-test/target/test-dir/MiniOzoneClusterImpl-fcb2b1b2-065d-4164-ad15-2f123479485b/ozone-meta/datanode-3/ratis/6c854ea3-c611-4d33-8107-c9c4dc121c8b/current/raft-meta.conf with options []: java.nio.file.NoSuchFileException: /home/runner/work/ozone/ozone/hadoop-ozone/integration-test/target/test-dir/MiniOzoneClusterImpl-fcb2b1b2-065d-4164-ad15-2f123479485b/ozone-meta/datanode-3/ratis/6c854ea3-c611-4d33-8107-c9c4dc121c8b/current/raft-meta.conf
2024-03-18 17:36:58,182 [c55acdcd-41ed-4e13-9d38-7679e97508ee-groupManagement] INFO  ratis.ContainerStateMachine (ContainerStateMachine.java:loadSnapshot(287)) - group-C9C4DC121C8B: The snapshot info is null. Setting the last applied index to:(t:0, i:~)
2024-03-18 17:36:58,183 [d4ad8e12-a3d8-4b8c-888a-d359f75d29b2-groupManagement] INFO  server.RaftServerConfigKeys (ConfUtils.java:logGet(46)) - raft.server.rpc.request.timeout = 60s (custom)
2024-03-18 17:36:58,183 [d4ad8e12-a3d8-4b8c-888a-d359f75d29b2-groupManagement] INFO  server.RaftServerConfigKeys (ConfUtils.java:logGet(46)) - raft.server.log.appender.install.snapshot.enabled = false (custom)
2024-03-18 17:36:58,184 [d4ad8e12-a3d8-4b8c-888a-d359f75d29b2-groupManagement] INFO  server.RaftServerConfigKeys (ConfUtils.java:logGet(46)) - raft.server.threadpool.server.cached = true (default)
2024-03-18 17:36:58,184 [d4ad8e12-a3d8-4b8c-888a-d359f75d29b2-groupManagement] INFO  server.RaftServerConfigKeys (ConfUtils.java:logGet(46)) - raft.server.threadpool.server.size = 0 (default)
2024-03-18 17:36:58,184 [d4ad8e12-a3d8-4b8c-888a-d359f75d29b2-groupManagement] INFO  server.RaftServerConfigKeys (ConfUtils.java:logGet(46)) - raft.server.threadpool.client.cached = true (default)
2024-03-18 17:36:58,184 [d4ad8e12-a3d8-4b8c-888a-d359f75d29b2-groupManagement] INFO  server.RaftServerConfigKeys (ConfUtils.java:logGet(46)) - raft.server.threadpool.client.size = 0 (default)
2024-03-18 17:36:58,184 [d4ad8e12-a3d8-4b8c-888a-d359f75d29b2-groupManagement] INFO  server.RaftServerConfigKeys (ConfUtils.java:logGet(46)) - raft.server.storage.free-space.min = 0MB (=0) (default)
2024-03-18 17:36:58,184 [d4ad8e12-a3d8-4b8c-888a-d359f75d29b2-groupManagement] INFO  server.RaftServerConfigKeys (ConfUtils.java:logGet(46)) - raft.server.log.corruption.policy = EXCEPTION (default)
2024-03-18 17:36:58,184 [d4ad8e12-a3d8-4b8c-888a-d359f75d29b2-groupManagement] INFO  server.RaftServerConfigKeys (ConfUtils.java:logGet(46)) - raft.server.storage.dir = [/home/runner/work/ozone/ozone/hadoop-ozone/integration-test/target/test-dir/MiniOzoneClusterImpl-fcb2b1b2-065d-4164-ad15-2f123479485b/ozone-meta/datanode-1/ratis] (custom)
2024-03-18 17:36:58,185 [EventQueue-OpenPipelineForHealthyPipelineSafeModeRule] INFO  safemode.SCMSafeModeManager (HealthyPipelineSafeModeRule.java:process(140)) - SCM in safe mode. Healthy pipelines reported count is 0, required healthy pipeline reported count is 1
2024-03-18 17:36:58,185 [d4ad8e12-a3d8-4b8c-888a-d359f75d29b2-groupManagement] INFO  storage.RaftStorageDirectory (RaftStorageDirectoryImpl.java:analyzeStorage(138)) - The storage directory /home/runner/work/ozone/ozone/hadoop-ozone/integration-test/target/test-dir/MiniOzoneClusterImpl-fcb2b1b2-065d-4164-ad15-2f123479485b/ozone-meta/datanode-1/ratis/6c854ea3-c611-4d33-8107-c9c4dc121c8b does not exist. Creating ...
2024-03-18 17:36:58,185 [c55acdcd-41ed-4e13-9d38-7679e97508ee-groupManagement] INFO  server.RaftServerConfigKeys (ConfUtils.java:logGet(46)) - raft.server.log.use.memory = false (default)
2024-03-18 17:36:58,185 [56261a0d-e81e-4394-808f-5b50f7cf5f2a-groupManagement] INFO  server.RaftServerConfigKeys (ConfUtils.java:logGet(46)) - raft.server.log.segment.size.max = 67108864 (custom)
2024-03-18 17:36:58,185 [c55acdcd-41ed-4e13-9d38-7679e97508ee-groupManagement] INFO  server.RaftServerConfigKeys (ConfUtils.java:logGet(46)) - raft.server.log.purge.gap = 1000000 (custom)
2024-03-18 17:36:58,185 [c55acdcd-41ed-4e13-9d38-7679e97508ee-groupManagement] INFO  server.RaftServerConfigKeys (ConfUtils.java:logGet(46)) - raft.server.log.appender.buffer.byte-limit = 8388608 (custom)
2024-03-18 17:36:58,185 [c55acdcd-41ed-4e13-9d38-7679e97508ee-groupManagement] INFO  server.RaftServerConfigKeys (ConfUtils.java:logGet(46)) - raft.server.log.statemachine.data.read.timeout = 1000ms (default)
2024-03-18 17:36:58,185 [56261a0d-e81e-4394-808f-5b50f7cf5f2a-groupManagement] INFO  server.RaftServerConfigKeys (ConfUtils.java:logGet(46)) - raft.server.log.segment.cache.num.max = 2 (custom)
2024-03-18 17:36:58,185 [c55acdcd-41ed-4e13-9d38-7679e97508ee-groupManagement] INFO  server.RaftServerConfigKeys (ConfUtils.java:logGet(46)) - raft.server.log.purge.preservation.log.num = 0 (default)
2024-03-18 17:36:58,185 [56261a0d-e81e-4394-808f-5b50f7cf5f2a-groupManagement] INFO  server.RaftServerConfigKeys (ConfUtils.java:logGet(46)) - raft.server.log.segment.cache.size.max = 200MB (=209715200) (default)
2024-03-18 17:36:58,186 [56261a0d-e81e-4394-808f-5b50f7cf5f2a-groupManagement] INFO  server.RaftServerConfigKeys (ConfUtils.java:logGet(46)) - raft.server.log.appender.buffer.byte-limit = 8388608 (custom)
2024-03-18 17:36:58,186 [56261a0d-e81e-4394-808f-5b50f7cf5f2a-groupManagement] INFO  util.AwaitToRun (AwaitToRun.java:start(81)) - Thread[56261a0d-e81e-4394-808f-5b50f7cf5f2a@group-C9C4DC121C8B-cacheEviction-AwaitToRun,5,main] started
2024-03-18 17:36:58,186 [56261a0d-e81e-4394-808f-5b50f7cf5f2a-groupManagement] INFO  segmented.SegmentedRaftLogWorker (SegmentedRaftLogWorker.java:<init>(182)) - new 56261a0d-e81e-4394-808f-5b50f7cf5f2a@group-C9C4DC121C8B-SegmentedRaftLogWorker for RaftStorageImpl:Storage Directory /home/runner/work/ozone/ozone/hadoop-ozone/integration-test/target/test-dir/MiniOzoneClusterImpl-fcb2b1b2-065d-4164-ad15-2f123479485b/ozone-meta/datanode-2/ratis/6c854ea3-c611-4d33-8107-c9c4dc121c8b
2024-03-18 17:36:58,186 [56261a0d-e81e-4394-808f-5b50f7cf5f2a-groupManagement] INFO  server.RaftServerConfigKeys (ConfUtils.java:logGet(46)) - raft.server.log.queue.byte-limit = 4294967296 (custom)
2024-03-18 17:36:58,186 [56261a0d-e81e-4394-808f-5b50f7cf5f2a-groupManagement] INFO  server.RaftServerConfigKeys (ConfUtils.java:logGet(46)) - raft.server.log.queue.element-limit = 1024 (custom)
2024-03-18 17:36:58,186 [56261a0d-e81e-4394-808f-5b50f7cf5f2a-groupManagement] INFO  server.RaftServerConfigKeys (ConfUtils.java:logGet(46)) - raft.server.log.segment.size.max = 67108864 (custom)
2024-03-18 17:36:58,186 [56261a0d-e81e-4394-808f-5b50f7cf5f2a-groupManagement] INFO  server.RaftServerConfigKeys (ConfUtils.java:logGet(46)) - raft.server.log.preallocated.size = 4194304 (custom)
2024-03-18 17:36:58,186 [56261a0d-e81e-4394-808f-5b50f7cf5f2a-groupManagement] INFO  server.RaftServerConfigKeys (ConfUtils.java:logGet(46)) - raft.server.log.force.sync.num = 128 (default)
2024-03-18 17:36:58,187 [56261a0d-e81e-4394-808f-5b50f7cf5f2a-groupManagement] INFO  server.RaftServerConfigKeys (ConfUtils.java:logGet(46)) - raft.server.log.statemachine.data.sync = true (default)
2024-03-18 17:36:58,187 [56261a0d-e81e-4394-808f-5b50f7cf5f2a-groupManagement] INFO  server.RaftServerConfigKeys (ConfUtils.java:logGet(46)) - raft.server.log.statemachine.data.sync.timeout = 10s (default)
2024-03-18 17:36:58,187 [56261a0d-e81e-4394-808f-5b50f7cf5f2a-groupManagement] INFO  server.RaftServerConfigKeys (ConfUtils.java:logGet(46)) - raft.server.log.statemachine.data.sync.timeout.retry = 0 (custom)
2024-03-18 17:36:58,187 [c55acdcd-41ed-4e13-9d38-7679e97508ee-groupManagement] INFO  server.RaftServerConfigKeys (ConfUtils.java:logGet(46)) - raft.server.log.segment.size.max = 67108864 (custom)
2024-03-18 17:36:58,187 [56261a0d-e81e-4394-808f-5b50f7cf5f2a-groupManagement] INFO  server.RaftServerConfigKeys (ConfUtils.java:logGet(46)) - raft.server.log.write.buffer.size = 8388616 (custom)
2024-03-18 17:36:58,188 [c55acdcd-41ed-4e13-9d38-7679e97508ee-groupManagement] INFO  server.RaftServerConfigKeys (ConfUtils.java:logGet(46)) - raft.server.log.segment.cache.num.max = 2 (custom)
2024-03-18 17:36:58,188 [c55acdcd-41ed-4e13-9d38-7679e97508ee-groupManagement] INFO  server.RaftServerConfigKeys (ConfUtils.java:logGet(46)) - raft.server.log.segment.cache.size.max = 200MB (=209715200) (default)
2024-03-18 17:36:58,188 [c55acdcd-41ed-4e13-9d38-7679e97508ee-groupManagement] INFO  server.RaftServerConfigKeys (ConfUtils.java:logGet(46)) - raft.server.log.appender.buffer.byte-limit = 8388608 (custom)
2024-03-18 17:36:58,189 [56261a0d-e81e-4394-808f-5b50f7cf5f2a-groupManagement] INFO  server.RaftServerConfigKeys (ConfUtils.java:logGet(46)) - raft.server.log.appender.buffer.byte-limit = 8388608 (custom)
2024-03-18 17:36:58,189 [56261a0d-e81e-4394-808f-5b50f7cf5f2a-groupManagement] INFO  server.RaftServerConfigKeys (ConfUtils.java:logGet(46)) - raft.server.log.unsafe-flush.enabled = false (default)
2024-03-18 17:36:58,189 [56261a0d-e81e-4394-808f-5b50f7cf5f2a-groupManagement] INFO  server.RaftServerConfigKeys (ConfUtils.java:logGet(46)) - raft.server.log.async-flush.enabled = false (default)
2024-03-18 17:36:58,189 [56261a0d-e81e-4394-808f-5b50f7cf5f2a-groupManagement] INFO  server.RaftServerConfigKeys (ConfUtils.java:logGet(46)) - raft.server.log.statemachine.data.caching.enabled = true (custom)
2024-03-18 17:36:58,189 [56261a0d-e81e-4394-808f-5b50f7cf5f2a-groupManagement] INFO  segmented.SegmentedRaftLogWorker (SegmentedRaftLogWorker.java:lambda$new$0(134)) - 56261a0d-e81e-4394-808f-5b50f7cf5f2a@group-C9C4DC121C8B-SegmentedRaftLogWorker: flushIndex: setUnconditionally 0 -> -1
2024-03-18 17:36:58,190 [56261a0d-e81e-4394-808f-5b50f7cf5f2a-groupManagement] INFO  segmented.SegmentedRaftLogWorker (SegmentedRaftLogWorker.java:lambda$new$0(134)) - 56261a0d-e81e-4394-808f-5b50f7cf5f2a@group-C9C4DC121C8B-SegmentedRaftLogWorker: safeCacheEvictIndex: setUnconditionally 0 -> -1
2024-03-18 17:36:58,190 [c55acdcd-41ed-4e13-9d38-7679e97508ee-groupManagement] INFO  util.AwaitToRun (AwaitToRun.java:start(81)) - Thread[c55acdcd-41ed-4e13-9d38-7679e97508ee@group-C9C4DC121C8B-cacheEviction-AwaitToRun,5,main] started
2024-03-18 17:36:58,190 [c55acdcd-41ed-4e13-9d38-7679e97508ee-groupManagement] INFO  segmented.SegmentedRaftLogWorker (SegmentedRaftLogWorker.java:<init>(182)) - new c55acdcd-41ed-4e13-9d38-7679e97508ee@group-C9C4DC121C8B-SegmentedRaftLogWorker for RaftStorageImpl:Storage Directory /home/runner/work/ozone/ozone/hadoop-ozone/integration-test/target/test-dir/MiniOzoneClusterImpl-fcb2b1b2-065d-4164-ad15-2f123479485b/ozone-meta/datanode-3/ratis/6c854ea3-c611-4d33-8107-c9c4dc121c8b
2024-03-18 17:36:58,190 [c55acdcd-41ed-4e13-9d38-7679e97508ee-groupManagement] INFO  server.RaftServerConfigKeys (ConfUtils.java:logGet(46)) - raft.server.log.queue.byte-limit = 4294967296 (custom)
2024-03-18 17:36:58,190 [c55acdcd-41ed-4e13-9d38-7679e97508ee-groupManagement] INFO  server.RaftServerConfigKeys (ConfUtils.java:logGet(46)) - raft.server.log.queue.element-limit = 1024 (custom)
2024-03-18 17:36:58,190 [c55acdcd-41ed-4e13-9d38-7679e97508ee-groupManagement] INFO  server.RaftServerConfigKeys (ConfUtils.java:logGet(46)) - raft.server.log.segment.size.max = 67108864 (custom)
2024-03-18 17:36:58,190 [c55acdcd-41ed-4e13-9d38-7679e97508ee-groupManagement] INFO  server.RaftServerConfigKeys (ConfUtils.java:logGet(46)) - raft.server.log.preallocated.size = 4194304 (custom)
2024-03-18 17:36:58,190 [c55acdcd-41ed-4e13-9d38-7679e97508ee-groupManagement] INFO  server.RaftServerConfigKeys (ConfUtils.java:logGet(46)) - raft.server.log.force.sync.num = 128 (default)
2024-03-18 17:36:58,190 [c55acdcd-41ed-4e13-9d38-7679e97508ee-groupManagement] INFO  server.RaftServerConfigKeys (ConfUtils.java:logGet(46)) - raft.server.log.statemachine.data.sync = true (default)
2024-03-18 17:36:58,191 [c55acdcd-41ed-4e13-9d38-7679e97508ee-groupManagement] INFO  server.RaftServerConfigKeys (ConfUtils.java:logGet(46)) - raft.server.log.statemachine.data.sync.timeout = 10s (default)
2024-03-18 17:36:58,191 [c55acdcd-41ed-4e13-9d38-7679e97508ee-groupManagement] INFO  server.RaftServerConfigKeys (ConfUtils.java:logGet(46)) - raft.server.log.statemachine.data.sync.timeout.retry = 0 (custom)
2024-03-18 17:36:58,191 [c55acdcd-41ed-4e13-9d38-7679e97508ee-groupManagement] INFO  server.RaftServerConfigKeys (ConfUtils.java:logGet(46)) - raft.server.log.write.buffer.size = 8388616 (custom)
2024-03-18 17:36:58,191 [d4ad8e12-a3d8-4b8c-888a-d359f75d29b2-groupManagement] INFO  storage.RaftStorageDirectory (RaftStorageDirectoryImpl.java:tryLock(228)) - Lock on /home/runner/work/ozone/ozone/hadoop-ozone/integration-test/target/test-dir/MiniOzoneClusterImpl-fcb2b1b2-065d-4164-ad15-2f123479485b/ozone-meta/datanode-1/ratis/6c854ea3-c611-4d33-8107-c9c4dc121c8b/in_use.lock acquired by nodename 26740@fv-az1384-799
2024-03-18 17:36:58,192 [56261a0d-e81e-4394-808f-5b50f7cf5f2a-groupManagement] INFO  server.RaftServer$Division (RaftServerImpl.java:start(396)) - 56261a0d-e81e-4394-808f-5b50f7cf5f2a@group-C9C4DC121C8B: start as a follower, conf=-1: peers:[56261a0d-e81e-4394-808f-5b50f7cf5f2a|10.1.0.17:15023, d4ad8e12-a3d8-4b8c-888a-d359f75d29b2|10.1.0.17:15014, c55acdcd-41ed-4e13-9d38-7679e97508ee|10.1.0.17:15032]|listeners:[], old=null
2024-03-18 17:36:58,192 [56261a0d-e81e-4394-808f-5b50f7cf5f2a-groupManagement] INFO  server.RaftServer$Division (RaftServerImpl.java:setRole(383)) - 56261a0d-e81e-4394-808f-5b50f7cf5f2a@group-C9C4DC121C8B: changes role from      null to FOLLOWER at term 0 for startAsFollower
2024-03-18 17:36:58,192 [56261a0d-e81e-4394-808f-5b50f7cf5f2a-groupManagement] INFO  impl.RoleInfo (RoleInfo.java:updateAndGet(139)) - 56261a0d-e81e-4394-808f-5b50f7cf5f2a: start 56261a0d-e81e-4394-808f-5b50f7cf5f2a@group-C9C4DC121C8B-FollowerState
2024-03-18 17:36:58,193 [56261a0d-e81e-4394-808f-5b50f7cf5f2a@group-C9C4DC121C8B-FollowerState] INFO  server.RaftServerConfigKeys (ConfUtils.java:logFallback(53)) - raft.server.rpc.first-election.timeout.min = 5s (fallback to raft.server.rpc.timeout.min)
2024-03-18 17:36:58,193 [56261a0d-e81e-4394-808f-5b50f7cf5f2a-groupManagement] INFO  util.JmxRegister (JmxRegister.java:tryRegister(44)) - Successfully registered JMX Bean with object name Ratis:service=RaftServer,group=group-C9C4DC121C8B,id=56261a0d-e81e-4394-808f-5b50f7cf5f2a
2024-03-18 17:36:58,193 [56261a0d-e81e-4394-808f-5b50f7cf5f2a@group-C9C4DC121C8B-FollowerState] INFO  server.RaftServerConfigKeys (ConfUtils.java:logFallback(53)) - raft.server.rpc.first-election.timeout.max = 5200ms (fallback to raft.server.rpc.timeout.max)
2024-03-18 17:36:58,193 [56261a0d-e81e-4394-808f-5b50f7cf5f2a-groupManagement] INFO  server.RaftServerConfigKeys (ConfUtils.java:logGet(46)) - raft.server.snapshot.trigger-when-stop.enabled = true (default)
2024-03-18 17:36:58,193 [56261a0d-e81e-4394-808f-5b50f7cf5f2a-groupManagement] INFO  server.RaftServerConfigKeys (ConfUtils.java:logGet(46)) - raft.server.snapshot.auto.trigger.enabled = true (custom)
2024-03-18 17:36:58,193 [56261a0d-e81e-4394-808f-5b50f7cf5f2a-groupManagement] INFO  server.RaftServerConfigKeys (ConfUtils.java:logGet(46)) - raft.server.snapshot.auto.trigger.threshold = 10000 (custom)
2024-03-18 17:36:58,193 [56261a0d-e81e-4394-808f-5b50f7cf5f2a-groupManagement] INFO  server.RaftServerConfigKeys (ConfUtils.java:logGet(46)) - raft.server.snapshot.retention.file.num = 5 (custom)
2024-03-18 17:36:58,194 [56261a0d-e81e-4394-808f-5b50f7cf5f2a-groupManagement] INFO  server.RaftServerConfigKeys (ConfUtils.java:logGet(46)) - raft.server.log.purge.upto.snapshot.index = false (default)
2024-03-18 17:36:58,194 [c55acdcd-41ed-4e13-9d38-7679e97508ee-groupManagement] INFO  server.RaftServerConfigKeys (ConfUtils.java:logGet(46)) - raft.server.log.appender.buffer.byte-limit = 8388608 (custom)
2024-03-18 17:36:58,195 [56261a0d-e81e-4394-808f-5b50f7cf5f2a-PipelineCommandHandlerThread-0] INFO  ratis.XceiverServerRatis (XceiverServerRatis.java:addGroup(864)) - Created group PipelineID=6c854ea3-c611-4d33-8107-c9c4dc121c8b
2024-03-18 17:36:58,195 [d4ad8e12-a3d8-4b8c-888a-d359f75d29b2-groupManagement] INFO  storage.RaftStorage (RaftStorageImpl.java:format(99)) - Storage directory /home/runner/work/ozone/ozone/hadoop-ozone/integration-test/target/test-dir/MiniOzoneClusterImpl-fcb2b1b2-065d-4164-ad15-2f123479485b/ozone-meta/datanode-1/ratis/6c854ea3-c611-4d33-8107-c9c4dc121c8b has been successfully formatted.
2024-03-18 17:36:58,195 [d4ad8e12-a3d8-4b8c-888a-d359f75d29b2-groupManagement] WARN  util.FileUtils (LogUtils.java:supplyAndLog(63)) - Failed to Files.newInputStream /home/runner/work/ozone/ozone/hadoop-ozone/integration-test/target/test-dir/MiniOzoneClusterImpl-fcb2b1b2-065d-4164-ad15-2f123479485b/ozone-meta/datanode-1/ratis/6c854ea3-c611-4d33-8107-c9c4dc121c8b/current/raft-meta.conf with options []: java.nio.file.NoSuchFileException: /home/runner/work/ozone/ozone/hadoop-ozone/integration-test/target/test-dir/MiniOzoneClusterImpl-fcb2b1b2-065d-4164-ad15-2f123479485b/ozone-meta/datanode-1/ratis/6c854ea3-c611-4d33-8107-c9c4dc121c8b/current/raft-meta.conf
2024-03-18 17:36:58,196 [d4ad8e12-a3d8-4b8c-888a-d359f75d29b2-groupManagement] INFO  ratis.ContainerStateMachine (ContainerStateMachine.java:loadSnapshot(287)) - group-C9C4DC121C8B: The snapshot info is null. Setting the last applied index to:(t:0, i:~)
2024-03-18 17:36:58,196 [d4ad8e12-a3d8-4b8c-888a-d359f75d29b2-groupManagement] INFO  server.RaftServerConfigKeys (ConfUtils.java:logGet(46)) - raft.server.log.use.memory = false (default)
2024-03-18 17:36:58,196 [d4ad8e12-a3d8-4b8c-888a-d359f75d29b2-groupManagement] INFO  server.RaftServerConfigKeys (ConfUtils.java:logGet(46)) - raft.server.log.purge.gap = 1000000 (custom)
2024-03-18 17:36:58,196 [d4ad8e12-a3d8-4b8c-888a-d359f75d29b2-groupManagement] INFO  server.RaftServerConfigKeys (ConfUtils.java:logGet(46)) - raft.server.log.appender.buffer.byte-limit = 8388608 (custom)
2024-03-18 17:36:58,196 [d4ad8e12-a3d8-4b8c-888a-d359f75d29b2-groupManagement] INFO  server.RaftServerConfigKeys (ConfUtils.java:logGet(46)) - raft.server.log.statemachine.data.read.timeout = 1000ms (default)
2024-03-18 17:36:58,196 [d4ad8e12-a3d8-4b8c-888a-d359f75d29b2-groupManagement] INFO  server.RaftServerConfigKeys (ConfUtils.java:logGet(46)) - raft.server.log.purge.preservation.log.num = 0 (default)
2024-03-18 17:36:58,197 [d4ad8e12-a3d8-4b8c-888a-d359f75d29b2-groupManagement] INFO  server.RaftServerConfigKeys (ConfUtils.java:logGet(46)) - raft.server.log.segment.size.max = 67108864 (custom)
2024-03-18 17:36:58,199 [d4ad8e12-a3d8-4b8c-888a-d359f75d29b2-groupManagement] INFO  server.RaftServerConfigKeys (ConfUtils.java:logGet(46)) - raft.server.log.segment.cache.num.max = 2 (custom)
2024-03-18 17:36:58,199 [d4ad8e12-a3d8-4b8c-888a-d359f75d29b2-groupManagement] INFO  server.RaftServerConfigKeys (ConfUtils.java:logGet(46)) - raft.server.log.segment.cache.size.max = 200MB (=209715200) (default)
2024-03-18 17:36:58,199 [d4ad8e12-a3d8-4b8c-888a-d359f75d29b2-groupManagement] INFO  server.RaftServerConfigKeys (ConfUtils.java:logGet(46)) - raft.server.log.appender.buffer.byte-limit = 8388608 (custom)
2024-03-18 17:36:58,200 [c55acdcd-41ed-4e13-9d38-7679e97508ee-groupManagement] INFO  server.RaftServerConfigKeys (ConfUtils.java:logGet(46)) - raft.server.log.unsafe-flush.enabled = false (default)
2024-03-18 17:36:58,203 [c55acdcd-41ed-4e13-9d38-7679e97508ee-groupManagement] INFO  server.RaftServerConfigKeys (ConfUtils.java:logGet(46)) - raft.server.log.async-flush.enabled = false (default)
2024-03-18 17:36:58,203 [c55acdcd-41ed-4e13-9d38-7679e97508ee-groupManagement] INFO  server.RaftServerConfigKeys (ConfUtils.java:logGet(46)) - raft.server.log.statemachine.data.caching.enabled = true (custom)
2024-03-18 17:36:58,204 [EventQueue-OpenPipelineForHealthyPipelineSafeModeRule] INFO  safemode.SCMSafeModeManager (HealthyPipelineSafeModeRule.java:process(140)) - SCM in safe mode. Healthy pipelines reported count is 0, required healthy pipeline reported count is 1
2024-03-18 17:36:58,202 [d4ad8e12-a3d8-4b8c-888a-d359f75d29b2-groupManagement] INFO  util.AwaitToRun (AwaitToRun.java:start(81)) - Thread[d4ad8e12-a3d8-4b8c-888a-d359f75d29b2@group-C9C4DC121C8B-cacheEviction-AwaitToRun,5,main] started
2024-03-18 17:36:58,205 [d4ad8e12-a3d8-4b8c-888a-d359f75d29b2-groupManagement] INFO  segmented.SegmentedRaftLogWorker (SegmentedRaftLogWorker.java:<init>(182)) - new d4ad8e12-a3d8-4b8c-888a-d359f75d29b2@group-C9C4DC121C8B-SegmentedRaftLogWorker for RaftStorageImpl:Storage Directory /home/runner/work/ozone/ozone/hadoop-ozone/integration-test/target/test-dir/MiniOzoneClusterImpl-fcb2b1b2-065d-4164-ad15-2f123479485b/ozone-meta/datanode-1/ratis/6c854ea3-c611-4d33-8107-c9c4dc121c8b
2024-03-18 17:36:58,205 [d4ad8e12-a3d8-4b8c-888a-d359f75d29b2-groupManagement] INFO  server.RaftServerConfigKeys (ConfUtils.java:logGet(46)) - raft.server.log.queue.byte-limit = 4294967296 (custom)
2024-03-18 17:36:58,205 [d4ad8e12-a3d8-4b8c-888a-d359f75d29b2-groupManagement] INFO  server.RaftServerConfigKeys (ConfUtils.java:logGet(46)) - raft.server.log.queue.element-limit = 1024 (custom)
2024-03-18 17:36:58,205 [d4ad8e12-a3d8-4b8c-888a-d359f75d29b2-groupManagement] INFO  server.RaftServerConfigKeys (ConfUtils.java:logGet(46)) - raft.server.log.segment.size.max = 67108864 (custom)
2024-03-18 17:36:58,205 [d4ad8e12-a3d8-4b8c-888a-d359f75d29b2-groupManagement] INFO  server.RaftServerConfigKeys (ConfUtils.java:logGet(46)) - raft.server.log.preallocated.size = 4194304 (custom)
2024-03-18 17:36:58,205 [d4ad8e12-a3d8-4b8c-888a-d359f75d29b2-groupManagement] INFO  server.RaftServerConfigKeys (ConfUtils.java:logGet(46)) - raft.server.log.force.sync.num = 128 (default)
2024-03-18 17:36:58,206 [d4ad8e12-a3d8-4b8c-888a-d359f75d29b2-groupManagement] INFO  server.RaftServerConfigKeys (ConfUtils.java:logGet(46)) - raft.server.log.statemachine.data.sync = true (default)
2024-03-18 17:36:58,206 [d4ad8e12-a3d8-4b8c-888a-d359f75d29b2-groupManagement] INFO  server.RaftServerConfigKeys (ConfUtils.java:logGet(46)) - raft.server.log.statemachine.data.sync.timeout = 10s (default)
2024-03-18 17:36:58,206 [d4ad8e12-a3d8-4b8c-888a-d359f75d29b2-groupManagement] INFO  server.RaftServerConfigKeys (ConfUtils.java:logGet(46)) - raft.server.log.statemachine.data.sync.timeout.retry = 0 (custom)
2024-03-18 17:36:58,206 [d4ad8e12-a3d8-4b8c-888a-d359f75d29b2-groupManagement] INFO  server.RaftServerConfigKeys (ConfUtils.java:logGet(46)) - raft.server.log.write.buffer.size = 8388616 (custom)
2024-03-18 17:36:58,209 [d4ad8e12-a3d8-4b8c-888a-d359f75d29b2-groupManagement] INFO  server.RaftServerConfigKeys (ConfUtils.java:logGet(46)) - raft.server.log.appender.buffer.byte-limit = 8388608 (custom)
2024-03-18 17:36:58,209 [d4ad8e12-a3d8-4b8c-888a-d359f75d29b2-groupManagement] INFO  server.RaftServerConfigKeys (ConfUtils.java:logGet(46)) - raft.server.log.unsafe-flush.enabled = false (default)
2024-03-18 17:36:58,209 [c55acdcd-41ed-4e13-9d38-7679e97508ee-groupManagement] INFO  segmented.SegmentedRaftLogWorker (SegmentedRaftLogWorker.java:lambda$new$0(134)) - c55acdcd-41ed-4e13-9d38-7679e97508ee@group-C9C4DC121C8B-SegmentedRaftLogWorker: flushIndex: setUnconditionally 0 -> -1
2024-03-18 17:36:58,211 [c55acdcd-41ed-4e13-9d38-7679e97508ee-groupManagement] INFO  segmented.SegmentedRaftLogWorker (SegmentedRaftLogWorker.java:lambda$new$0(134)) - c55acdcd-41ed-4e13-9d38-7679e97508ee@group-C9C4DC121C8B-SegmentedRaftLogWorker: safeCacheEvictIndex: setUnconditionally 0 -> -1
2024-03-18 17:36:58,210 [d4ad8e12-a3d8-4b8c-888a-d359f75d29b2-groupManagement] INFO  server.RaftServerConfigKeys (ConfUtils.java:logGet(46)) - raft.server.log.async-flush.enabled = false (default)
2024-03-18 17:36:58,212 [d4ad8e12-a3d8-4b8c-888a-d359f75d29b2-groupManagement] INFO  server.RaftServerConfigKeys (ConfUtils.java:logGet(46)) - raft.server.log.statemachine.data.caching.enabled = true (custom)
2024-03-18 17:36:58,212 [d4ad8e12-a3d8-4b8c-888a-d359f75d29b2-groupManagement] INFO  segmented.SegmentedRaftLogWorker (SegmentedRaftLogWorker.java:lambda$new$0(134)) - d4ad8e12-a3d8-4b8c-888a-d359f75d29b2@group-C9C4DC121C8B-SegmentedRaftLogWorker: flushIndex: setUnconditionally 0 -> -1
2024-03-18 17:36:58,212 [d4ad8e12-a3d8-4b8c-888a-d359f75d29b2-groupManagement] INFO  segmented.SegmentedRaftLogWorker (SegmentedRaftLogWorker.java:lambda$new$0(134)) - d4ad8e12-a3d8-4b8c-888a-d359f75d29b2@group-C9C4DC121C8B-SegmentedRaftLogWorker: safeCacheEvictIndex: setUnconditionally 0 -> -1
2024-03-18 17:36:58,215 [d4ad8e12-a3d8-4b8c-888a-d359f75d29b2-groupManagement] INFO  server.RaftServer$Division (RaftServerImpl.java:start(396)) - d4ad8e12-a3d8-4b8c-888a-d359f75d29b2@group-C9C4DC121C8B: start as a follower, conf=-1: peers:[56261a0d-e81e-4394-808f-5b50f7cf5f2a|10.1.0.17:15023, d4ad8e12-a3d8-4b8c-888a-d359f75d29b2|10.1.0.17:15014, c55acdcd-41ed-4e13-9d38-7679e97508ee|10.1.0.17:15032]|listeners:[], old=null
2024-03-18 17:36:58,216 [c55acdcd-41ed-4e13-9d38-7679e97508ee-groupManagement] INFO  server.RaftServer$Division (RaftServerImpl.java:start(396)) - c55acdcd-41ed-4e13-9d38-7679e97508ee@group-C9C4DC121C8B: start as a follower, conf=-1: peers:[56261a0d-e81e-4394-808f-5b50f7cf5f2a|10.1.0.17:15023, d4ad8e12-a3d8-4b8c-888a-d359f75d29b2|10.1.0.17:15014, c55acdcd-41ed-4e13-9d38-7679e97508ee|10.1.0.17:15032]|listeners:[], old=null
2024-03-18 17:36:58,216 [d4ad8e12-a3d8-4b8c-888a-d359f75d29b2-groupManagement] INFO  server.RaftServer$Division (RaftServerImpl.java:setRole(383)) - d4ad8e12-a3d8-4b8c-888a-d359f75d29b2@group-C9C4DC121C8B: changes role from      null to FOLLOWER at term 0 for startAsFollower
2024-03-18 17:36:58,216 [c55acdcd-41ed-4e13-9d38-7679e97508ee-groupManagement] INFO  server.RaftServer$Division (RaftServerImpl.java:setRole(383)) - c55acdcd-41ed-4e13-9d38-7679e97508ee@group-C9C4DC121C8B: changes role from      null to FOLLOWER at term 0 for startAsFollower
2024-03-18 17:36:58,216 [d4ad8e12-a3d8-4b8c-888a-d359f75d29b2-groupManagement] INFO  impl.RoleInfo (RoleInfo.java:updateAndGet(139)) - d4ad8e12-a3d8-4b8c-888a-d359f75d29b2: start d4ad8e12-a3d8-4b8c-888a-d359f75d29b2@group-C9C4DC121C8B-FollowerState
2024-03-18 17:36:58,216 [c55acdcd-41ed-4e13-9d38-7679e97508ee-groupManagement] INFO  impl.RoleInfo (RoleInfo.java:updateAndGet(139)) - c55acdcd-41ed-4e13-9d38-7679e97508ee: start c55acdcd-41ed-4e13-9d38-7679e97508ee@group-C9C4DC121C8B-FollowerState
2024-03-18 17:36:58,222 [c55acdcd-41ed-4e13-9d38-7679e97508ee@group-C9C4DC121C8B-FollowerState] INFO  server.RaftServerConfigKeys (ConfUtils.java:logFallback(53)) - raft.server.rpc.first-election.timeout.min = 5s (fallback to raft.server.rpc.timeout.min)
2024-03-18 17:36:58,222 [c55acdcd-41ed-4e13-9d38-7679e97508ee-groupManagement] INFO  util.JmxRegister (JmxRegister.java:tryRegister(44)) - Successfully registered JMX Bean with object name Ratis:service=RaftServer,group=group-C9C4DC121C8B,id=c55acdcd-41ed-4e13-9d38-7679e97508ee
2024-03-18 17:36:58,222 [d4ad8e12-a3d8-4b8c-888a-d359f75d29b2-groupManagement] INFO  util.JmxRegister (JmxRegister.java:tryRegister(44)) - Successfully registered JMX Bean with object name Ratis:service=RaftServer,group=group-C9C4DC121C8B,id=d4ad8e12-a3d8-4b8c-888a-d359f75d29b2
2024-03-18 17:36:58,222 [c55acdcd-41ed-4e13-9d38-7679e97508ee-groupManagement] INFO  server.RaftServerConfigKeys (ConfUtils.java:logGet(46)) - raft.server.snapshot.trigger-when-stop.enabled = true (default)
2024-03-18 17:36:58,222 [d4ad8e12-a3d8-4b8c-888a-d359f75d29b2-groupManagement] INFO  server.RaftServerConfigKeys (ConfUtils.java:logGet(46)) - raft.server.snapshot.trigger-when-stop.enabled = true (default)
2024-03-18 17:36:58,223 [c55acdcd-41ed-4e13-9d38-7679e97508ee@group-C9C4DC121C8B-FollowerState] INFO  server.RaftServerConfigKeys (ConfUtils.java:logFallback(53)) - raft.server.rpc.first-election.timeout.max = 5200ms (fallback to raft.server.rpc.timeout.max)
2024-03-18 17:36:58,223 [d4ad8e12-a3d8-4b8c-888a-d359f75d29b2-groupManagement] INFO  server.RaftServerConfigKeys (ConfUtils.java:logGet(46)) - raft.server.snapshot.auto.trigger.enabled = true (custom)
2024-03-18 17:36:58,223 [c55acdcd-41ed-4e13-9d38-7679e97508ee-groupManagement] INFO  server.RaftServerConfigKeys (ConfUtils.java:logGet(46)) - raft.server.snapshot.auto.trigger.enabled = true (custom)
2024-03-18 17:36:58,223 [d4ad8e12-a3d8-4b8c-888a-d359f75d29b2-groupManagement] INFO  server.RaftServerConfigKeys (ConfUtils.java:logGet(46)) - raft.server.snapshot.auto.trigger.threshold = 10000 (custom)
2024-03-18 17:36:58,223 [c55acdcd-41ed-4e13-9d38-7679e97508ee-groupManagement] INFO  server.RaftServerConfigKeys (ConfUtils.java:logGet(46)) - raft.server.snapshot.auto.trigger.threshold = 10000 (custom)
2024-03-18 17:36:58,223 [d4ad8e12-a3d8-4b8c-888a-d359f75d29b2-groupManagement] INFO  server.RaftServerConfigKeys (ConfUtils.java:logGet(46)) - raft.server.snapshot.retention.file.num = 5 (custom)
2024-03-18 17:36:58,223 [c55acdcd-41ed-4e13-9d38-7679e97508ee-groupManagement] INFO  server.RaftServerConfigKeys (ConfUtils.java:logGet(46)) - raft.server.snapshot.retention.file.num = 5 (custom)
2024-03-18 17:36:58,223 [d4ad8e12-a3d8-4b8c-888a-d359f75d29b2-groupManagement] INFO  server.RaftServerConfigKeys (ConfUtils.java:logGet(46)) - raft.server.log.purge.upto.snapshot.index = false (default)
2024-03-18 17:36:58,223 [c55acdcd-41ed-4e13-9d38-7679e97508ee-groupManagement] INFO  server.RaftServerConfigKeys (ConfUtils.java:logGet(46)) - raft.server.log.purge.upto.snapshot.index = false (default)
2024-03-18 17:36:58,224 [d4ad8e12-a3d8-4b8c-888a-d359f75d29b2@group-C9C4DC121C8B-FollowerState] INFO  server.RaftServerConfigKeys (ConfUtils.java:logFallback(53)) - raft.server.rpc.first-election.timeout.min = 5s (fallback to raft.server.rpc.timeout.min)
2024-03-18 17:36:58,224 [d4ad8e12-a3d8-4b8c-888a-d359f75d29b2@group-C9C4DC121C8B-FollowerState] INFO  server.RaftServerConfigKeys (ConfUtils.java:logFallback(53)) - raft.server.rpc.first-election.timeout.max = 5200ms (fallback to raft.server.rpc.timeout.max)
2024-03-18 17:36:58,225 [d4ad8e12-a3d8-4b8c-888a-d359f75d29b2-PipelineCommandHandlerThread-0] INFO  ratis.XceiverServerRatis (XceiverServerRatis.java:addGroup(864)) - Created group PipelineID=6c854ea3-c611-4d33-8107-c9c4dc121c8b
2024-03-18 17:36:58,226 [c55acdcd-41ed-4e13-9d38-7679e97508ee-PipelineCommandHandlerThread-0] INFO  ratis.XceiverServerRatis (XceiverServerRatis.java:addGroup(864)) - Created group PipelineID=6c854ea3-c611-4d33-8107-c9c4dc121c8b
2024-03-18 17:36:58,268 [56261a0d-e81e-4394-808f-5b50f7cf5f2a-PipelineCommandHandlerThread-0] INFO  commandhandler.CreatePipelineCommandHandler (CreatePipelineCommandHandler.java:lambda$handle$2(124)) - Created Pipeline RATIS THREE PipelineID=6c854ea3-c611-4d33-8107-c9c4dc121c8b.
2024-03-18 17:36:58,284 [d4ad8e12-a3d8-4b8c-888a-d359f75d29b2-PipelineCommandHandlerThread-0] INFO  commandhandler.CreatePipelineCommandHandler (CreatePipelineCommandHandler.java:lambda$handle$2(124)) - Created Pipeline RATIS THREE PipelineID=6c854ea3-c611-4d33-8107-c9c4dc121c8b.
2024-03-18 17:36:58,292 [c55acdcd-41ed-4e13-9d38-7679e97508ee-PipelineCommandHandlerThread-0] INFO  commandhandler.CreatePipelineCommandHandler (CreatePipelineCommandHandler.java:lambda$handle$2(124)) - Created Pipeline RATIS THREE PipelineID=6c854ea3-c611-4d33-8107-c9c4dc121c8b.
2024-03-18 17:36:58,848 [main] INFO  ozone.MiniOzoneClusterImpl (MiniOzoneClusterImpl.java:lambda$waitForClusterToBeReady$0(194)) - Nodes are ready. Got 3 of 3 DN Heartbeats.
2024-03-18 17:36:58,848 [main] INFO  ozone.MiniOzoneClusterImpl (MiniOzoneClusterImpl.java:lambda$waitForClusterToBeReady$0(197)) - Waiting for cluster to exit safe mode
2024-03-18 17:36:58,848 [main] INFO  ozone.MiniOzoneClusterImpl (MiniOzoneClusterImpl.java:lambda$waitForClusterToBeReady$0(199)) - SCM became leader
2024-03-18 17:36:59,848 [main] INFO  ozone.MiniOzoneClusterImpl (MiniOzoneClusterImpl.java:lambda$waitForClusterToBeReady$0(194)) - Nodes are ready. Got 3 of 3 DN Heartbeats.
2024-03-18 17:36:59,849 [main] INFO  ozone.MiniOzoneClusterImpl (MiniOzoneClusterImpl.java:lambda$waitForClusterToBeReady$0(197)) - Waiting for cluster to exit safe mode
2024-03-18 17:36:59,849 [main] INFO  ozone.MiniOzoneClusterImpl (MiniOzoneClusterImpl.java:lambda$waitForClusterToBeReady$0(199)) - SCM became leader
2024-03-18 17:37:00,849 [main] INFO  ozone.MiniOzoneClusterImpl (MiniOzoneClusterImpl.java:lambda$waitForClusterToBeReady$0(194)) - Nodes are ready. Got 3 of 3 DN Heartbeats.
2024-03-18 17:37:00,849 [main] INFO  ozone.MiniOzoneClusterImpl (MiniOzoneClusterImpl.java:lambda$waitForClusterToBeReady$0(197)) - Waiting for cluster to exit safe mode
2024-03-18 17:37:00,849 [main] INFO  ozone.MiniOzoneClusterImpl (MiniOzoneClusterImpl.java:lambda$waitForClusterToBeReady$0(199)) - SCM became leader
2024-03-18 17:37:01,849 [main] INFO  ozone.MiniOzoneClusterImpl (MiniOzoneClusterImpl.java:lambda$waitForClusterToBeReady$0(194)) - Nodes are ready. Got 3 of 3 DN Heartbeats.
2024-03-18 17:37:01,850 [main] INFO  ozone.MiniOzoneClusterImpl (MiniOzoneClusterImpl.java:lambda$waitForClusterToBeReady$0(197)) - Waiting for cluster to exit safe mode
2024-03-18 17:37:01,850 [main] INFO  ozone.MiniOzoneClusterImpl (MiniOzoneClusterImpl.java:lambda$waitForClusterToBeReady$0(199)) - SCM became leader
2024-03-18 17:37:02,754 [d4ad8e12-a3d8-4b8c-888a-d359f75d29b2@group-8069D714D8EF-FollowerState] INFO  impl.FollowerState (FollowerState.java:run(143)) - d4ad8e12-a3d8-4b8c-888a-d359f75d29b2@group-8069D714D8EF-FollowerState: change to CANDIDATE, lastRpcElapsedTime:5077948190ns, electionTimeout:5076ms
2024-03-18 17:37:02,754 [d4ad8e12-a3d8-4b8c-888a-d359f75d29b2@group-8069D714D8EF-FollowerState] INFO  impl.RoleInfo (RoleInfo.java:shutdownFollowerState(110)) - d4ad8e12-a3d8-4b8c-888a-d359f75d29b2: shutdown d4ad8e12-a3d8-4b8c-888a-d359f75d29b2@group-8069D714D8EF-FollowerState
2024-03-18 17:37:02,754 [d4ad8e12-a3d8-4b8c-888a-d359f75d29b2@group-8069D714D8EF-FollowerState] INFO  server.RaftServer$Division (RaftServerImpl.java:setRole(383)) - d4ad8e12-a3d8-4b8c-888a-d359f75d29b2@group-8069D714D8EF: changes role from  FOLLOWER to CANDIDATE at term 0 for changeToCandidate
2024-03-18 17:37:02,755 [d4ad8e12-a3d8-4b8c-888a-d359f75d29b2@group-8069D714D8EF-FollowerState] INFO  server.RaftServerConfigKeys (ConfUtils.java:logGet(46)) - raft.server.leaderelection.pre-vote = true (default)
2024-03-18 17:37:02,755 [d4ad8e12-a3d8-4b8c-888a-d359f75d29b2@group-8069D714D8EF-FollowerState] INFO  impl.RoleInfo (RoleInfo.java:updateAndGet(139)) - d4ad8e12-a3d8-4b8c-888a-d359f75d29b2: start d4ad8e12-a3d8-4b8c-888a-d359f75d29b2@group-8069D714D8EF-LeaderElection2
2024-03-18 17:37:02,756 [d4ad8e12-a3d8-4b8c-888a-d359f75d29b2@group-8069D714D8EF-LeaderElection2] INFO  impl.LeaderElection (LeaderElection.java:askForVotes(321)) - d4ad8e12-a3d8-4b8c-888a-d359f75d29b2@group-8069D714D8EF-LeaderElection2 PRE_VOTE round 0: submit vote requests at term 0 for -1: peers:[d4ad8e12-a3d8-4b8c-888a-d359f75d29b2|10.1.0.17:15014]|listeners:[], old=null
2024-03-18 17:37:02,756 [d4ad8e12-a3d8-4b8c-888a-d359f75d29b2@group-8069D714D8EF-LeaderElection2] INFO  impl.LeaderElection (LeaderElection.java:askForVotes(323)) - d4ad8e12-a3d8-4b8c-888a-d359f75d29b2@group-8069D714D8EF-LeaderElection2 PRE_VOTE round 0: result PASSED (term=0)
2024-03-18 17:37:02,757 [d4ad8e12-a3d8-4b8c-888a-d359f75d29b2@group-8069D714D8EF-LeaderElection2] INFO  impl.LeaderElection (LeaderElection.java:askForVotes(321)) - d4ad8e12-a3d8-4b8c-888a-d359f75d29b2@group-8069D714D8EF-LeaderElection2 ELECTION round 0: submit vote requests at term 1 for -1: peers:[d4ad8e12-a3d8-4b8c-888a-d359f75d29b2|10.1.0.17:15014]|listeners:[], old=null
2024-03-18 17:37:02,758 [d4ad8e12-a3d8-4b8c-888a-d359f75d29b2@group-8069D714D8EF-LeaderElection2] INFO  impl.LeaderElection (LeaderElection.java:askForVotes(323)) - d4ad8e12-a3d8-4b8c-888a-d359f75d29b2@group-8069D714D8EF-LeaderElection2 ELECTION round 0: result PASSED (term=1)
2024-03-18 17:37:02,758 [d4ad8e12-a3d8-4b8c-888a-d359f75d29b2@group-8069D714D8EF-LeaderElection2] INFO  impl.RoleInfo (RoleInfo.java:shutdownLeaderElection(130)) - d4ad8e12-a3d8-4b8c-888a-d359f75d29b2: shutdown d4ad8e12-a3d8-4b8c-888a-d359f75d29b2@group-8069D714D8EF-LeaderElection2
2024-03-18 17:37:02,758 [d4ad8e12-a3d8-4b8c-888a-d359f75d29b2@group-8069D714D8EF-LeaderElection2] INFO  server.RaftServer$Division (RaftServerImpl.java:setRole(383)) - d4ad8e12-a3d8-4b8c-888a-d359f75d29b2@group-8069D714D8EF: changes role from CANDIDATE to LEADER at term 1 for changeToLeader
2024-03-18 17:37:02,758 [d4ad8e12-a3d8-4b8c-888a-d359f75d29b2@group-8069D714D8EF-LeaderElection2] INFO  server.RaftServerConfigKeys (ConfUtils.java:logGet(46)) - raft.server.staging.catchup.gap = 1000 (default)
2024-03-18 17:37:02,759 [d4ad8e12-a3d8-4b8c-888a-d359f75d29b2@group-8069D714D8EF-LeaderElection2] INFO  server.RaftServerConfigKeys (ConfUtils.java:logGet(46)) - raft.server.write.element-limit = 1024 (custom)
2024-03-18 17:37:02,759 [d4ad8e12-a3d8-4b8c-888a-d359f75d29b2@group-8069D714D8EF-LeaderElection2] INFO  server.RaftServerConfigKeys (ConfUtils.java:logGet(46)) - raft.server.write.byte-limit = 1024 M (=1073741824) (custom)
2024-03-18 17:37:02,759 [d4ad8e12-a3d8-4b8c-888a-d359f75d29b2@group-8069D714D8EF-LeaderElection2] INFO  server.RaftServerConfigKeys (ConfUtils.java:logGet(46)) - raft.server.watch.timeout = 180s (custom)
2024-03-18 17:37:02,759 [d4ad8e12-a3d8-4b8c-888a-d359f75d29b2@group-8069D714D8EF-LeaderElection2] INFO  server.RaftServerConfigKeys (ConfUtils.java:logGet(46)) - raft.server.watch.timeout.denomination = 1s (default)
2024-03-18 17:37:02,759 [d4ad8e12-a3d8-4b8c-888a-d359f75d29b2@group-8069D714D8EF-LeaderElection2] INFO  server.RaftServerConfigKeys (ConfUtils.java:logGet(46)) - raft.server.watch.element-limit = 65536 (default)
2024-03-18 17:37:02,760 [d4ad8e12-a3d8-4b8c-888a-d359f75d29b2@group-8069D714D8EF-LeaderElection2] INFO  server.RaftServerConfigKeys (ConfUtils.java:logGet(46)) - raft.server.read.leader.lease.enabled = false (default)
2024-03-18 17:37:02,760 [d4ad8e12-a3d8-4b8c-888a-d359f75d29b2@group-8069D714D8EF-LeaderElection2] INFO  server.RaftServerConfigKeys (ConfUtils.java:logGet(46)) - raft.server.read.leader.lease.timeout.ratio = 0.9 (default)
2024-03-18 17:37:02,760 [d4ad8e12-a3d8-4b8c-888a-d359f75d29b2@group-8069D714D8EF-LeaderElection2] INFO  server.RaftServerConfigKeys (ConfUtils.java:logGet(46)) - raft.server.rpc.timeout.min = 5s (custom)
2024-03-18 17:37:02,760 [d4ad8e12-a3d8-4b8c-888a-d359f75d29b2@group-8069D714D8EF-LeaderElection2] INFO  server.RaftServerConfigKeys (ConfUtils.java:logGet(46)) - raft.server.write.element-limit = 1024 (custom)
2024-03-18 17:37:02,760 [d4ad8e12-a3d8-4b8c-888a-d359f75d29b2@group-8069D714D8EF-LeaderElection2] INFO  server.RaftServerConfigKeys (ConfUtils.java:logGet(46)) - raft.server.write.follower.gap.ratio.max = -1.0 (default)
2024-03-18 17:37:02,760 [d4ad8e12-a3d8-4b8c-888a-d359f75d29b2@group-8069D714D8EF-LeaderElection2] INFO  impl.RoleInfo (RoleInfo.java:updateAndGet(139)) - d4ad8e12-a3d8-4b8c-888a-d359f75d29b2: start d4ad8e12-a3d8-4b8c-888a-d359f75d29b2@group-8069D714D8EF-LeaderStateImpl
2024-03-18 17:37:02,760 [d4ad8e12-a3d8-4b8c-888a-d359f75d29b2@group-8069D714D8EF-LeaderElection2] INFO  server.RaftServer$Division (RaftServerImpl.java:setFirstElection(574)) - d4ad8e12-a3d8-4b8c-888a-d359f75d29b2@group-8069D714D8EF: set firstElectionSinceStartup to false for becomeLeader
2024-03-18 17:37:02,760 [d4ad8e12-a3d8-4b8c-888a-d359f75d29b2@group-8069D714D8EF-LeaderElection2] INFO  ratis.XceiverServerRatis (XceiverServerRatis.java:handleLeaderChangedNotification(966)) - Leader change notification received for group: group-8069D714D8EF with new leaderId: d4ad8e12-a3d8-4b8c-888a-d359f75d29b2
2024-03-18 17:37:02,761 [d4ad8e12-a3d8-4b8c-888a-d359f75d29b2@group-8069D714D8EF-LeaderElection2] INFO  server.RaftServer$Division (ServerState.java:setLeader(269)) - d4ad8e12-a3d8-4b8c-888a-d359f75d29b2@group-8069D714D8EF: change Leader from null to d4ad8e12-a3d8-4b8c-888a-d359f75d29b2 at term 1 for becomeLeader, leader elected after 5141ms
2024-03-18 17:37:02,761 [d4ad8e12-a3d8-4b8c-888a-d359f75d29b2@group-8069D714D8EF-LeaderElection2] INFO  segmented.SegmentedRaftLogWorker (SegmentedRaftLogWorker.java:startLogSegment(430)) - d4ad8e12-a3d8-4b8c-888a-d359f75d29b2@group-8069D714D8EF-SegmentedRaftLogWorker: Starting segment from index:0
2024-03-18 17:37:02,762 [d4ad8e12-a3d8-4b8c-888a-d359f75d29b2@group-8069D714D8EF-SegmentedRaftLogWorker] INFO  segmented.BufferedWriteChannel (BufferedWriteChannel.java:open(62)) - open log_inprogress_0 at position 0
2024-03-18 17:37:02,764 [d4ad8e12-a3d8-4b8c-888a-d359f75d29b2@group-8069D714D8EF-LeaderElection2] INFO  server.RaftServer$Division (ServerState.java:setRaftConf(386)) - d4ad8e12-a3d8-4b8c-888a-d359f75d29b2@group-8069D714D8EF: set configuration 0: peers:[d4ad8e12-a3d8-4b8c-888a-d359f75d29b2|10.1.0.17:15014]|listeners:[], old=null
2024-03-18 17:37:02,772 [EventQueue-OpenPipelineForHealthyPipelineSafeModeRule] INFO  safemode.SCMSafeModeManager (HealthyPipelineSafeModeRule.java:process(140)) - SCM in safe mode. Healthy pipelines reported count is 0, required healthy pipeline reported count is 1
2024-03-18 17:37:02,778 [d4ad8e12-a3d8-4b8c-888a-d359f75d29b2@group-8069D714D8EF-SegmentedRaftLogWorker] INFO  segmented.SegmentedRaftLogWorker (SegmentedRaftLogWorker.java:execute(634)) - d4ad8e12-a3d8-4b8c-888a-d359f75d29b2@group-8069D714D8EF-SegmentedRaftLogWorker: created new log segment /home/runner/work/ozone/ozone/hadoop-ozone/integration-test/target/test-dir/MiniOzoneClusterImpl-fcb2b1b2-065d-4164-ad15-2f123479485b/ozone-meta/datanode-1/ratis/950953b5-16e5-4c59-940f-8069d714d8ef/current/log_inprogress_0
2024-03-18 17:37:02,781 [d4ad8e12-a3d8-4b8c-888a-d359f75d29b2@group-8069D714D8EF-StateMachineUpdater] INFO  server.RaftServer$Division (LeaderStateImpl.java:isApplied(320)) - leader is ready since appliedIndex == 0 >= startIndex == 0
2024-03-18 17:37:02,850 [main] INFO  ozone.MiniOzoneClusterImpl (MiniOzoneClusterImpl.java:lambda$waitForClusterToBeReady$0(194)) - Nodes are ready. Got 3 of 3 DN Heartbeats.
2024-03-18 17:37:02,850 [main] INFO  ozone.MiniOzoneClusterImpl (MiniOzoneClusterImpl.java:lambda$waitForClusterToBeReady$0(197)) - Waiting for cluster to exit safe mode
2024-03-18 17:37:02,851 [main] INFO  ozone.MiniOzoneClusterImpl (MiniOzoneClusterImpl.java:lambda$waitForClusterToBeReady$0(199)) - SCM became leader
2024-03-18 17:37:02,857 [d4ad8e12-a3d8-4b8c-888a-d359f75d29b2@group-5B297D7DC30A-FollowerState] INFO  impl.FollowerState (FollowerState.java:run(143)) - d4ad8e12-a3d8-4b8c-888a-d359f75d29b2@group-5B297D7DC30A-FollowerState: change to CANDIDATE, lastRpcElapsedTime:5148634808ns, electionTimeout:5148ms
2024-03-18 17:37:02,857 [d4ad8e12-a3d8-4b8c-888a-d359f75d29b2@group-5B297D7DC30A-FollowerState] INFO  impl.RoleInfo (RoleInfo.java:shutdownFollowerState(110)) - d4ad8e12-a3d8-4b8c-888a-d359f75d29b2: shutdown d4ad8e12-a3d8-4b8c-888a-d359f75d29b2@group-5B297D7DC30A-FollowerState
2024-03-18 17:37:02,857 [d4ad8e12-a3d8-4b8c-888a-d359f75d29b2@group-5B297D7DC30A-FollowerState] INFO  server.RaftServer$Division (RaftServerImpl.java:setRole(383)) - d4ad8e12-a3d8-4b8c-888a-d359f75d29b2@group-5B297D7DC30A: changes role from  FOLLOWER to CANDIDATE at term 0 for changeToCandidate
2024-03-18 17:37:02,857 [d4ad8e12-a3d8-4b8c-888a-d359f75d29b2@group-5B297D7DC30A-FollowerState] INFO  server.RaftServerConfigKeys (ConfUtils.java:logGet(46)) - raft.server.leaderelection.pre-vote = true (default)
2024-03-18 17:37:02,857 [d4ad8e12-a3d8-4b8c-888a-d359f75d29b2@group-5B297D7DC30A-FollowerState] INFO  impl.RoleInfo (RoleInfo.java:updateAndGet(139)) - d4ad8e12-a3d8-4b8c-888a-d359f75d29b2: start d4ad8e12-a3d8-4b8c-888a-d359f75d29b2@group-5B297D7DC30A-LeaderElection3
2024-03-18 17:37:02,858 [d4ad8e12-a3d8-4b8c-888a-d359f75d29b2@group-5B297D7DC30A-LeaderElection3] INFO  impl.LeaderElection (LeaderElection.java:askForVotes(321)) - d4ad8e12-a3d8-4b8c-888a-d359f75d29b2@group-5B297D7DC30A-LeaderElection3 PRE_VOTE round 0: submit vote requests at term 0 for -1: peers:[56261a0d-e81e-4394-808f-5b50f7cf5f2a|10.1.0.17:15023, d4ad8e12-a3d8-4b8c-888a-d359f75d29b2|10.1.0.17:15014, c55acdcd-41ed-4e13-9d38-7679e97508ee|10.1.0.17:15032]|listeners:[], old=null
2024-03-18 17:37:02,862 [d4ad8e12-a3d8-4b8c-888a-d359f75d29b2@group-5B297D7DC30A-LeaderElection3] INFO  server.RaftServerConfigKeys (ConfUtils.java:logFallback(53)) - raft.server.rpc.first-election.timeout.min = 5s (fallback to raft.server.rpc.timeout.min)
2024-03-18 17:37:02,863 [d4ad8e12-a3d8-4b8c-888a-d359f75d29b2@group-5B297D7DC30A-LeaderElection3-1] INFO  server.GrpcServerProtocolClient (GrpcServerProtocolClient.java:<init>(65)) - Build channel for 56261a0d-e81e-4394-808f-5b50f7cf5f2a|10.1.0.17:15023
2024-03-18 17:37:02,864 [d4ad8e12-a3d8-4b8c-888a-d359f75d29b2@group-5B297D7DC30A-LeaderElection3] INFO  server.RaftServerConfigKeys (ConfUtils.java:logFallback(53)) - raft.server.rpc.first-election.timeout.max = 5200ms (fallback to raft.server.rpc.timeout.max)
2024-03-18 17:37:02,863 [d4ad8e12-a3d8-4b8c-888a-d359f75d29b2@group-5B297D7DC30A-LeaderElection3-2] INFO  server.GrpcServerProtocolClient (GrpcServerProtocolClient.java:<init>(65)) - Build channel for c55acdcd-41ed-4e13-9d38-7679e97508ee|10.1.0.17:15032
2024-03-18 17:37:02,875 [grpc-default-executor-1] INFO  server.RaftServer$Division (RaftServerImpl.java:requestVote(1389)) - 56261a0d-e81e-4394-808f-5b50f7cf5f2a@group-5B297D7DC30A: receive requestVote(PRE_VOTE, d4ad8e12-a3d8-4b8c-888a-d359f75d29b2, group-5B297D7DC30A, 0, (t:0, i:0))
2024-03-18 17:37:02,876 [grpc-default-executor-1] INFO  impl.VoteContext (VoteContext.java:log(49)) - 56261a0d-e81e-4394-808f-5b50f7cf5f2a@group-5B297D7DC30A-FOLLOWER: accept PRE_VOTE from d4ad8e12-a3d8-4b8c-888a-d359f75d29b2: our priority 0 <= candidate's priority 0
2024-03-18 17:37:02,875 [grpc-default-executor-2] INFO  server.RaftServer$Division (RaftServerImpl.java:requestVote(1389)) - c55acdcd-41ed-4e13-9d38-7679e97508ee@group-5B297D7DC30A: receive requestVote(PRE_VOTE, d4ad8e12-a3d8-4b8c-888a-d359f75d29b2, group-5B297D7DC30A, 0, (t:0, i:0))
2024-03-18 17:37:02,878 [grpc-default-executor-2] INFO  impl.VoteContext (VoteContext.java:log(49)) - c55acdcd-41ed-4e13-9d38-7679e97508ee@group-5B297D7DC30A-FOLLOWER: reject PRE_VOTE from d4ad8e12-a3d8-4b8c-888a-d359f75d29b2: our priority 1 > candidate's priority 0
2024-03-18 17:37:02,878 [56261a0d-e81e-4394-808f-5b50f7cf5f2a@group-88A1A5C601CE-FollowerState] INFO  impl.FollowerState (FollowerState.java:run(143)) - 56261a0d-e81e-4394-808f-5b50f7cf5f2a@group-88A1A5C601CE-FollowerState: change to CANDIDATE, lastRpcElapsedTime:5116630217ns, electionTimeout:5115ms
2024-03-18 17:37:02,878 [56261a0d-e81e-4394-808f-5b50f7cf5f2a@group-88A1A5C601CE-FollowerState] INFO  impl.RoleInfo (RoleInfo.java:shutdownFollowerState(110)) - 56261a0d-e81e-4394-808f-5b50f7cf5f2a: shutdown 56261a0d-e81e-4394-808f-5b50f7cf5f2a@group-88A1A5C601CE-FollowerState
2024-03-18 17:37:02,878 [56261a0d-e81e-4394-808f-5b50f7cf5f2a@group-88A1A5C601CE-FollowerState] INFO  server.RaftServer$Division (RaftServerImpl.java:setRole(383)) - 56261a0d-e81e-4394-808f-5b50f7cf5f2a@group-88A1A5C601CE: changes role from  FOLLOWER to CANDIDATE at term 0 for changeToCandidate
2024-03-18 17:37:02,879 [56261a0d-e81e-4394-808f-5b50f7cf5f2a@group-88A1A5C601CE-FollowerState] INFO  server.RaftServerConfigKeys (ConfUtils.java:logGet(46)) - raft.server.leaderelection.pre-vote = true (default)
2024-03-18 17:37:02,879 [56261a0d-e81e-4394-808f-5b50f7cf5f2a@group-88A1A5C601CE-FollowerState] INFO  impl.RoleInfo (RoleInfo.java:updateAndGet(139)) - 56261a0d-e81e-4394-808f-5b50f7cf5f2a: start 56261a0d-e81e-4394-808f-5b50f7cf5f2a@group-88A1A5C601CE-LeaderElection4
2024-03-18 17:37:02,882 [56261a0d-e81e-4394-808f-5b50f7cf5f2a@group-88A1A5C601CE-LeaderElection4] INFO  impl.LeaderElection (LeaderElection.java:askForVotes(321)) - 56261a0d-e81e-4394-808f-5b50f7cf5f2a@group-88A1A5C601CE-LeaderElection4 PRE_VOTE round 0: submit vote requests at term 0 for -1: peers:[56261a0d-e81e-4394-808f-5b50f7cf5f2a|10.1.0.17:15023]|listeners:[], old=null
2024-03-18 17:37:02,882 [56261a0d-e81e-4394-808f-5b50f7cf5f2a@group-88A1A5C601CE-LeaderElection4] INFO  impl.LeaderElection (LeaderElection.java:askForVotes(323)) - 56261a0d-e81e-4394-808f-5b50f7cf5f2a@group-88A1A5C601CE-LeaderElection4 PRE_VOTE round 0: result PASSED (term=0)
2024-03-18 17:37:02,883 [grpc-default-executor-2] INFO  server.RaftServer$Division (RaftServerImpl.java:requestVote(1422)) - c55acdcd-41ed-4e13-9d38-7679e97508ee@group-5B297D7DC30A replies to PRE_VOTE vote request: d4ad8e12-a3d8-4b8c-888a-d359f75d29b2<-c55acdcd-41ed-4e13-9d38-7679e97508ee#0:FAIL-t0. Peer's state: c55acdcd-41ed-4e13-9d38-7679e97508ee@group-5B297D7DC30A:t0, leader=null, voted=, raftlog=Memoized:c55acdcd-41ed-4e13-9d38-7679e97508ee@group-5B297D7DC30A-SegmentedRaftLog:OPENED:c-1, conf=-1: peers:[56261a0d-e81e-4394-808f-5b50f7cf5f2a|10.1.0.17:15023, d4ad8e12-a3d8-4b8c-888a-d359f75d29b2|10.1.0.17:15014, c55acdcd-41ed-4e13-9d38-7679e97508ee|10.1.0.17:15032]|listeners:[], old=null
2024-03-18 17:37:02,884 [grpc-default-executor-1] INFO  server.RaftServer$Division (RaftServerImpl.java:requestVote(1422)) - 56261a0d-e81e-4394-808f-5b50f7cf5f2a@group-5B297D7DC30A replies to PRE_VOTE vote request: d4ad8e12-a3d8-4b8c-888a-d359f75d29b2<-56261a0d-e81e-4394-808f-5b50f7cf5f2a#0:OK-t0. Peer's state: 56261a0d-e81e-4394-808f-5b50f7cf5f2a@group-5B297D7DC30A:t0, leader=null, voted=, raftlog=Memoized:56261a0d-e81e-4394-808f-5b50f7cf5f2a@group-5B297D7DC30A-SegmentedRaftLog:OPENED:c-1, conf=-1: peers:[56261a0d-e81e-4394-808f-5b50f7cf5f2a|10.1.0.17:15023, d4ad8e12-a3d8-4b8c-888a-d359f75d29b2|10.1.0.17:15014, c55acdcd-41ed-4e13-9d38-7679e97508ee|10.1.0.17:15032]|listeners:[], old=null
2024-03-18 17:37:02,885 [56261a0d-e81e-4394-808f-5b50f7cf5f2a@group-88A1A5C601CE-LeaderElection4] INFO  impl.LeaderElection (LeaderElection.java:askForVotes(321)) - 56261a0d-e81e-4394-808f-5b50f7cf5f2a@group-88A1A5C601CE-LeaderElection4 ELECTION round 0: submit vote requests at term 1 for -1: peers:[56261a0d-e81e-4394-808f-5b50f7cf5f2a|10.1.0.17:15023]|listeners:[], old=null
2024-03-18 17:37:02,886 [56261a0d-e81e-4394-808f-5b50f7cf5f2a@group-88A1A5C601CE-LeaderElection4] INFO  impl.LeaderElection (LeaderElection.java:askForVotes(323)) - 56261a0d-e81e-4394-808f-5b50f7cf5f2a@group-88A1A5C601CE-LeaderElection4 ELECTION round 0: result PASSED (term=1)
2024-03-18 17:37:02,886 [56261a0d-e81e-4394-808f-5b50f7cf5f2a@group-88A1A5C601CE-LeaderElection4] INFO  impl.RoleInfo (RoleInfo.java:shutdownLeaderElection(130)) - 56261a0d-e81e-4394-808f-5b50f7cf5f2a: shutdown 56261a0d-e81e-4394-808f-5b50f7cf5f2a@group-88A1A5C601CE-LeaderElection4
2024-03-18 17:37:02,886 [56261a0d-e81e-4394-808f-5b50f7cf5f2a@group-88A1A5C601CE-LeaderElection4] INFO  server.RaftServer$Division (RaftServerImpl.java:setRole(383)) - 56261a0d-e81e-4394-808f-5b50f7cf5f2a@group-88A1A5C601CE: changes role from CANDIDATE to LEADER at term 1 for changeToLeader
2024-03-18 17:37:02,886 [56261a0d-e81e-4394-808f-5b50f7cf5f2a@group-88A1A5C601CE-LeaderElection4] INFO  server.RaftServerConfigKeys (ConfUtils.java:logGet(46)) - raft.server.staging.catchup.gap = 1000 (default)
2024-03-18 17:37:02,887 [56261a0d-e81e-4394-808f-5b50f7cf5f2a@group-88A1A5C601CE-LeaderElection4] INFO  server.RaftServerConfigKeys (ConfUtils.java:logGet(46)) - raft.server.write.element-limit = 1024 (custom)
2024-03-18 17:37:02,887 [56261a0d-e81e-4394-808f-5b50f7cf5f2a@group-88A1A5C601CE-LeaderElection4] INFO  server.RaftServerConfigKeys (ConfUtils.java:logGet(46)) - raft.server.write.byte-limit = 1024 M (=1073741824) (custom)
2024-03-18 17:37:02,887 [56261a0d-e81e-4394-808f-5b50f7cf5f2a@group-88A1A5C601CE-LeaderElection4] INFO  server.RaftServerConfigKeys (ConfUtils.java:logGet(46)) - raft.server.watch.timeout = 180s (custom)
2024-03-18 17:37:02,887 [56261a0d-e81e-4394-808f-5b50f7cf5f2a@group-88A1A5C601CE-LeaderElection4] INFO  server.RaftServerConfigKeys (ConfUtils.java:logGet(46)) - raft.server.watch.timeout.denomination = 1s (default)
2024-03-18 17:37:02,887 [56261a0d-e81e-4394-808f-5b50f7cf5f2a@group-88A1A5C601CE-LeaderElection4] INFO  server.RaftServerConfigKeys (ConfUtils.java:logGet(46)) - raft.server.watch.element-limit = 65536 (default)
2024-03-18 17:37:02,887 [56261a0d-e81e-4394-808f-5b50f7cf5f2a@group-88A1A5C601CE-LeaderElection4] INFO  server.RaftServerConfigKeys (ConfUtils.java:logGet(46)) - raft.server.read.leader.lease.enabled = false (default)
2024-03-18 17:37:02,888 [56261a0d-e81e-4394-808f-5b50f7cf5f2a@group-88A1A5C601CE-LeaderElection4] INFO  server.RaftServerConfigKeys (ConfUtils.java:logGet(46)) - raft.server.read.leader.lease.timeout.ratio = 0.9 (default)
2024-03-18 17:37:02,888 [56261a0d-e81e-4394-808f-5b50f7cf5f2a@group-88A1A5C601CE-LeaderElection4] INFO  server.RaftServerConfigKeys (ConfUtils.java:logGet(46)) - raft.server.rpc.timeout.min = 5s (custom)
2024-03-18 17:37:02,888 [56261a0d-e81e-4394-808f-5b50f7cf5f2a@group-88A1A5C601CE-LeaderElection4] INFO  server.RaftServerConfigKeys (ConfUtils.java:logGet(46)) - raft.server.write.element-limit = 1024 (custom)
2024-03-18 17:37:02,888 [56261a0d-e81e-4394-808f-5b50f7cf5f2a@group-88A1A5C601CE-LeaderElection4] INFO  server.RaftServerConfigKeys (ConfUtils.java:logGet(46)) - raft.server.write.follower.gap.ratio.max = -1.0 (default)
2024-03-18 17:37:02,888 [56261a0d-e81e-4394-808f-5b50f7cf5f2a@group-88A1A5C601CE-LeaderElection4] INFO  impl.RoleInfo (RoleInfo.java:updateAndGet(139)) - 56261a0d-e81e-4394-808f-5b50f7cf5f2a: start 56261a0d-e81e-4394-808f-5b50f7cf5f2a@group-88A1A5C601CE-LeaderStateImpl
2024-03-18 17:37:02,888 [d4ad8e12-a3d8-4b8c-888a-d359f75d29b2@group-5B297D7DC30A-LeaderElection3] INFO  impl.LeaderElection (LeaderElection.java:logAndReturn(89)) - d4ad8e12-a3d8-4b8c-888a-d359f75d29b2@group-5B297D7DC30A-LeaderElection3: PRE_VOTE REJECTED received 2 response(s) and 0 exception(s):
2024-03-18 17:37:02,888 [56261a0d-e81e-4394-808f-5b50f7cf5f2a@group-88A1A5C601CE-LeaderElection4] INFO  server.RaftServer$Division (RaftServerImpl.java:setFirstElection(574)) - 56261a0d-e81e-4394-808f-5b50f7cf5f2a@group-88A1A5C601CE: set firstElectionSinceStartup to false for becomeLeader
2024-03-18 17:37:02,888 [d4ad8e12-a3d8-4b8c-888a-d359f75d29b2@group-5B297D7DC30A-LeaderElection3] INFO  impl.LeaderElection (LeaderElection.java:logAndReturn(93)) -   Response 0: d4ad8e12-a3d8-4b8c-888a-d359f75d29b2<-56261a0d-e81e-4394-808f-5b50f7cf5f2a#0:OK-t0
2024-03-18 17:37:02,889 [d4ad8e12-a3d8-4b8c-888a-d359f75d29b2@group-5B297D7DC30A-LeaderElection3] INFO  impl.LeaderElection (LeaderElection.java:logAndReturn(93)) -   Response 1: d4ad8e12-a3d8-4b8c-888a-d359f75d29b2<-c55acdcd-41ed-4e13-9d38-7679e97508ee#0:FAIL-t0
2024-03-18 17:37:02,889 [d4ad8e12-a3d8-4b8c-888a-d359f75d29b2@group-5B297D7DC30A-LeaderElection3] INFO  impl.LeaderElection (LeaderElection.java:askForVotes(323)) - d4ad8e12-a3d8-4b8c-888a-d359f75d29b2@group-5B297D7DC30A-LeaderElection3 PRE_VOTE round 0: result REJECTED
2024-03-18 17:37:02,888 [56261a0d-e81e-4394-808f-5b50f7cf5f2a@group-88A1A5C601CE-LeaderElection4] INFO  ratis.XceiverServerRatis (XceiverServerRatis.java:handleLeaderChangedNotification(966)) - Leader change notification received for group: group-88A1A5C601CE with new leaderId: 56261a0d-e81e-4394-808f-5b50f7cf5f2a
2024-03-18 17:37:02,890 [d4ad8e12-a3d8-4b8c-888a-d359f75d29b2@group-5B297D7DC30A-LeaderElection3] INFO  server.RaftServer$Division (RaftServerImpl.java:setRole(383)) - d4ad8e12-a3d8-4b8c-888a-d359f75d29b2@group-5B297D7DC30A: changes role from CANDIDATE to FOLLOWER at term 0 for REJECTED
2024-03-18 17:37:02,890 [d4ad8e12-a3d8-4b8c-888a-d359f75d29b2@group-5B297D7DC30A-LeaderElection3] INFO  impl.RoleInfo (RoleInfo.java:shutdownLeaderElection(130)) - d4ad8e12-a3d8-4b8c-888a-d359f75d29b2: shutdown d4ad8e12-a3d8-4b8c-888a-d359f75d29b2@group-5B297D7DC30A-LeaderElection3
2024-03-18 17:37:02,890 [56261a0d-e81e-4394-808f-5b50f7cf5f2a@group-88A1A5C601CE-LeaderElection4] INFO  server.RaftServer$Division (ServerState.java:setLeader(269)) - 56261a0d-e81e-4394-808f-5b50f7cf5f2a@group-88A1A5C601CE: change Leader from null to 56261a0d-e81e-4394-808f-5b50f7cf5f2a at term 1 for becomeLeader, leader elected after 5152ms
2024-03-18 17:37:02,890 [d4ad8e12-a3d8-4b8c-888a-d359f75d29b2@group-5B297D7DC30A-LeaderElection3] INFO  impl.RoleInfo (RoleInfo.java:updateAndGet(139)) - d4ad8e12-a3d8-4b8c-888a-d359f75d29b2: start d4ad8e12-a3d8-4b8c-888a-d359f75d29b2@group-5B297D7DC30A-FollowerState
2024-03-18 17:37:02,890 [d4ad8e12-a3d8-4b8c-888a-d359f75d29b2@group-5B297D7DC30A-LeaderElection3] INFO  server.RaftServer$Division (RaftServerImpl.java:setFirstElection(574)) - d4ad8e12-a3d8-4b8c-888a-d359f75d29b2@group-5B297D7DC30A: set firstElectionSinceStartup to false for REJECTED
2024-03-18 17:37:02,890 [56261a0d-e81e-4394-808f-5b50f7cf5f2a@group-88A1A5C601CE-LeaderElection4] INFO  segmented.SegmentedRaftLogWorker (SegmentedRaftLogWorker.java:startLogSegment(430)) - 56261a0d-e81e-4394-808f-5b50f7cf5f2a@group-88A1A5C601CE-SegmentedRaftLogWorker: Starting segment from index:0
2024-03-18 17:37:02,890 [56261a0d-e81e-4394-808f-5b50f7cf5f2a@group-88A1A5C601CE-SegmentedRaftLogWorker] INFO  segmented.BufferedWriteChannel (BufferedWriteChannel.java:open(62)) - open log_inprogress_0 at position 0
2024-03-18 17:37:02,895 [56261a0d-e81e-4394-808f-5b50f7cf5f2a@group-88A1A5C601CE-LeaderElection4] INFO  server.RaftServer$Division (ServerState.java:setRaftConf(386)) - 56261a0d-e81e-4394-808f-5b50f7cf5f2a@group-88A1A5C601CE: set configuration 0: peers:[56261a0d-e81e-4394-808f-5b50f7cf5f2a|10.1.0.17:15023]|listeners:[], old=null
2024-03-18 17:37:02,898 [56261a0d-e81e-4394-808f-5b50f7cf5f2a@group-5B297D7DC30A-FollowerState] INFO  server.RaftServerConfigKeys (ConfUtils.java:logFallback(53)) - raft.server.rpc.first-election.timeout.min = 5s (fallback to raft.server.rpc.timeout.min)
2024-03-18 17:37:02,898 [56261a0d-e81e-4394-808f-5b50f7cf5f2a@group-5B297D7DC30A-FollowerState] INFO  server.RaftServerConfigKeys (ConfUtils.java:logFallback(53)) - raft.server.rpc.first-election.timeout.max = 5200ms (fallback to raft.server.rpc.timeout.max)
2024-03-18 17:37:02,898 [c55acdcd-41ed-4e13-9d38-7679e97508ee@group-97B48BD7EFBA-FollowerState] INFO  impl.FollowerState (FollowerState.java:run(143)) - c55acdcd-41ed-4e13-9d38-7679e97508ee@group-97B48BD7EFBA-FollowerState: change to CANDIDATE, lastRpcElapsedTime:5017284658ns, electionTimeout:5013ms
2024-03-18 17:37:02,898 [c55acdcd-41ed-4e13-9d38-7679e97508ee@group-97B48BD7EFBA-FollowerState] INFO  impl.RoleInfo (RoleInfo.java:shutdownFollowerState(110)) - c55acdcd-41ed-4e13-9d38-7679e97508ee: shutdown c55acdcd-41ed-4e13-9d38-7679e97508ee@group-97B48BD7EFBA-FollowerState
2024-03-18 17:37:02,899 [c55acdcd-41ed-4e13-9d38-7679e97508ee@group-97B48BD7EFBA-FollowerState] INFO  server.RaftServer$Division (RaftServerImpl.java:setRole(383)) - c55acdcd-41ed-4e13-9d38-7679e97508ee@group-97B48BD7EFBA: changes role from  FOLLOWER to CANDIDATE at term 0 for changeToCandidate
2024-03-18 17:37:02,899 [c55acdcd-41ed-4e13-9d38-7679e97508ee@group-97B48BD7EFBA-FollowerState] INFO  server.RaftServerConfigKeys (ConfUtils.java:logGet(46)) - raft.server.leaderelection.pre-vote = true (default)
2024-03-18 17:37:02,899 [c55acdcd-41ed-4e13-9d38-7679e97508ee@group-97B48BD7EFBA-FollowerState] INFO  impl.RoleInfo (RoleInfo.java:updateAndGet(139)) - c55acdcd-41ed-4e13-9d38-7679e97508ee: start c55acdcd-41ed-4e13-9d38-7679e97508ee@group-97B48BD7EFBA-LeaderElection5
2024-03-18 17:37:02,899 [EventQueue-OpenPipelineForHealthyPipelineSafeModeRule] INFO  safemode.SCMSafeModeManager (HealthyPipelineSafeModeRule.java:process(140)) - SCM in safe mode. Healthy pipelines reported count is 0, required healthy pipeline reported count is 1
2024-03-18 17:37:02,900 [c55acdcd-41ed-4e13-9d38-7679e97508ee@group-97B48BD7EFBA-LeaderElection5] INFO  impl.LeaderElection (LeaderElection.java:askForVotes(321)) - c55acdcd-41ed-4e13-9d38-7679e97508ee@group-97B48BD7EFBA-LeaderElection5 PRE_VOTE round 0: submit vote requests at term 0 for -1: peers:[c55acdcd-41ed-4e13-9d38-7679e97508ee|10.1.0.17:15032]|listeners:[], old=null
2024-03-18 17:37:02,900 [c55acdcd-41ed-4e13-9d38-7679e97508ee@group-97B48BD7EFBA-LeaderElection5] INFO  impl.LeaderElection (LeaderElection.java:askForVotes(323)) - c55acdcd-41ed-4e13-9d38-7679e97508ee@group-97B48BD7EFBA-LeaderElection5 PRE_VOTE round 0: result PASSED (term=0)
2024-03-18 17:37:02,903 [c55acdcd-41ed-4e13-9d38-7679e97508ee@group-97B48BD7EFBA-LeaderElection5] INFO  impl.LeaderElection (LeaderElection.java:askForVotes(321)) - c55acdcd-41ed-4e13-9d38-7679e97508ee@group-97B48BD7EFBA-LeaderElection5 ELECTION round 0: submit vote requests at term 1 for -1: peers:[c55acdcd-41ed-4e13-9d38-7679e97508ee|10.1.0.17:15032]|listeners:[], old=null
2024-03-18 17:37:02,903 [c55acdcd-41ed-4e13-9d38-7679e97508ee@group-97B48BD7EFBA-LeaderElection5] INFO  impl.LeaderElection (LeaderElection.java:askForVotes(323)) - c55acdcd-41ed-4e13-9d38-7679e97508ee@group-97B48BD7EFBA-LeaderElection5 ELECTION round 0: result PASSED (term=1)
2024-03-18 17:37:02,903 [56261a0d-e81e-4394-808f-5b50f7cf5f2a@group-88A1A5C601CE-SegmentedRaftLogWorker] INFO  segmented.SegmentedRaftLogWorker (SegmentedRaftLogWorker.java:execute(634)) - 56261a0d-e81e-4394-808f-5b50f7cf5f2a@group-88A1A5C601CE-SegmentedRaftLogWorker: created new log segment /home/runner/work/ozone/ozone/hadoop-ozone/integration-test/target/test-dir/MiniOzoneClusterImpl-fcb2b1b2-065d-4164-ad15-2f123479485b/ozone-meta/datanode-2/ratis/9690484f-ccf6-4004-8abb-88a1a5c601ce/current/log_inprogress_0
2024-03-18 17:37:02,903 [c55acdcd-41ed-4e13-9d38-7679e97508ee@group-97B48BD7EFBA-LeaderElection5] INFO  impl.RoleInfo (RoleInfo.java:shutdownLeaderElection(130)) - c55acdcd-41ed-4e13-9d38-7679e97508ee: shutdown c55acdcd-41ed-4e13-9d38-7679e97508ee@group-97B48BD7EFBA-LeaderElection5
2024-03-18 17:37:02,903 [c55acdcd-41ed-4e13-9d38-7679e97508ee@group-97B48BD7EFBA-LeaderElection5] INFO  server.RaftServer$Division (RaftServerImpl.java:setRole(383)) - c55acdcd-41ed-4e13-9d38-7679e97508ee@group-97B48BD7EFBA: changes role from CANDIDATE to LEADER at term 1 for changeToLeader
2024-03-18 17:37:02,903 [c55acdcd-41ed-4e13-9d38-7679e97508ee@group-97B48BD7EFBA-LeaderElection5] INFO  server.RaftServerConfigKeys (ConfUtils.java:logGet(46)) - raft.server.staging.catchup.gap = 1000 (default)
2024-03-18 17:37:02,904 [c55acdcd-41ed-4e13-9d38-7679e97508ee@group-97B48BD7EFBA-LeaderElection5] INFO  server.RaftServerConfigKeys (ConfUtils.java:logGet(46)) - raft.server.write.element-limit = 1024 (custom)
2024-03-18 17:37:02,904 [c55acdcd-41ed-4e13-9d38-7679e97508ee@group-97B48BD7EFBA-LeaderElection5] INFO  server.RaftServerConfigKeys (ConfUtils.java:logGet(46)) - raft.server.write.byte-limit = 1024 M (=1073741824) (custom)
2024-03-18 17:37:02,904 [c55acdcd-41ed-4e13-9d38-7679e97508ee@group-97B48BD7EFBA-LeaderElection5] INFO  server.RaftServerConfigKeys (ConfUtils.java:logGet(46)) - raft.server.watch.timeout = 180s (custom)
2024-03-18 17:37:02,904 [c55acdcd-41ed-4e13-9d38-7679e97508ee@group-97B48BD7EFBA-LeaderElection5] INFO  server.RaftServerConfigKeys (ConfUtils.java:logGet(46)) - raft.server.watch.timeout.denomination = 1s (default)
2024-03-18 17:37:02,904 [c55acdcd-41ed-4e13-9d38-7679e97508ee@group-97B48BD7EFBA-LeaderElection5] INFO  server.RaftServerConfigKeys (ConfUtils.java:logGet(46)) - raft.server.watch.element-limit = 65536 (default)
2024-03-18 17:37:02,905 [c55acdcd-41ed-4e13-9d38-7679e97508ee@group-97B48BD7EFBA-LeaderElection5] INFO  server.RaftServerConfigKeys (ConfUtils.java:logGet(46)) - raft.server.read.leader.lease.enabled = false (default)
2024-03-18 17:37:02,905 [c55acdcd-41ed-4e13-9d38-7679e97508ee@group-97B48BD7EFBA-LeaderElection5] INFO  server.RaftServerConfigKeys (ConfUtils.java:logGet(46)) - raft.server.read.leader.lease.timeout.ratio = 0.9 (default)
2024-03-18 17:37:02,905 [c55acdcd-41ed-4e13-9d38-7679e97508ee@group-97B48BD7EFBA-LeaderElection5] INFO  server.RaftServerConfigKeys (ConfUtils.java:logGet(46)) - raft.server.rpc.timeout.min = 5s (custom)
2024-03-18 17:37:02,905 [c55acdcd-41ed-4e13-9d38-7679e97508ee@group-97B48BD7EFBA-LeaderElection5] INFO  server.RaftServerConfigKeys (ConfUtils.java:logGet(46)) - raft.server.write.element-limit = 1024 (custom)
2024-03-18 17:37:02,905 [c55acdcd-41ed-4e13-9d38-7679e97508ee@group-97B48BD7EFBA-LeaderElection5] INFO  server.RaftServerConfigKeys (ConfUtils.java:logGet(46)) - raft.server.write.follower.gap.ratio.max = -1.0 (default)
2024-03-18 17:37:02,905 [c55acdcd-41ed-4e13-9d38-7679e97508ee@group-97B48BD7EFBA-LeaderElection5] INFO  impl.RoleInfo (RoleInfo.java:updateAndGet(139)) - c55acdcd-41ed-4e13-9d38-7679e97508ee: start c55acdcd-41ed-4e13-9d38-7679e97508ee@group-97B48BD7EFBA-LeaderStateImpl
2024-03-18 17:37:02,905 [c55acdcd-41ed-4e13-9d38-7679e97508ee@group-97B48BD7EFBA-LeaderElection5] INFO  server.RaftServer$Division (RaftServerImpl.java:setFirstElection(574)) - c55acdcd-41ed-4e13-9d38-7679e97508ee@group-97B48BD7EFBA: set firstElectionSinceStartup to false for becomeLeader
2024-03-18 17:37:02,905 [c55acdcd-41ed-4e13-9d38-7679e97508ee@group-97B48BD7EFBA-LeaderElection5] INFO  ratis.XceiverServerRatis (XceiverServerRatis.java:handleLeaderChangedNotification(966)) - Leader change notification received for group: group-97B48BD7EFBA with new leaderId: c55acdcd-41ed-4e13-9d38-7679e97508ee
2024-03-18 17:37:02,905 [c55acdcd-41ed-4e13-9d38-7679e97508ee@group-97B48BD7EFBA-LeaderElection5] INFO  server.RaftServer$Division (ServerState.java:setLeader(269)) - c55acdcd-41ed-4e13-9d38-7679e97508ee@group-97B48BD7EFBA: change Leader from null to c55acdcd-41ed-4e13-9d38-7679e97508ee at term 1 for becomeLeader, leader elected after 5050ms
2024-03-18 17:37:02,906 [c55acdcd-41ed-4e13-9d38-7679e97508ee@group-97B48BD7EFBA-LeaderElection5] INFO  segmented.SegmentedRaftLogWorker (SegmentedRaftLogWorker.java:startLogSegment(430)) - c55acdcd-41ed-4e13-9d38-7679e97508ee@group-97B48BD7EFBA-SegmentedRaftLogWorker: Starting segment from index:0
2024-03-18 17:37:02,907 [c55acdcd-41ed-4e13-9d38-7679e97508ee@group-97B48BD7EFBA-LeaderElection5] INFO  server.RaftServer$Division (ServerState.java:setRaftConf(386)) - c55acdcd-41ed-4e13-9d38-7679e97508ee@group-97B48BD7EFBA: set configuration 0: peers:[c55acdcd-41ed-4e13-9d38-7679e97508ee|10.1.0.17:15032]|listeners:[], old=null
2024-03-18 17:37:02,907 [56261a0d-e81e-4394-808f-5b50f7cf5f2a@group-88A1A5C601CE-StateMachineUpdater] INFO  server.RaftServer$Division (LeaderStateImpl.java:isApplied(320)) - leader is ready since appliedIndex == 0 >= startIndex == 0
2024-03-18 17:37:02,909 [c55acdcd-41ed-4e13-9d38-7679e97508ee@group-97B48BD7EFBA-SegmentedRaftLogWorker] INFO  segmented.BufferedWriteChannel (BufferedWriteChannel.java:open(62)) - open log_inprogress_0 at position 0
2024-03-18 17:37:02,909 [EventQueue-OpenPipelineForHealthyPipelineSafeModeRule] INFO  safemode.SCMSafeModeManager (HealthyPipelineSafeModeRule.java:process(140)) - SCM in safe mode. Healthy pipelines reported count is 0, required healthy pipeline reported count is 1
2024-03-18 17:37:02,916 [c55acdcd-41ed-4e13-9d38-7679e97508ee@group-97B48BD7EFBA-SegmentedRaftLogWorker] INFO  segmented.SegmentedRaftLogWorker (SegmentedRaftLogWorker.java:execute(634)) - c55acdcd-41ed-4e13-9d38-7679e97508ee@group-97B48BD7EFBA-SegmentedRaftLogWorker: created new log segment /home/runner/work/ozone/ozone/hadoop-ozone/integration-test/target/test-dir/MiniOzoneClusterImpl-fcb2b1b2-065d-4164-ad15-2f123479485b/ozone-meta/datanode-3/ratis/47476086-8033-4df1-a786-97b48bd7efba/current/log_inprogress_0
2024-03-18 17:37:02,918 [c55acdcd-41ed-4e13-9d38-7679e97508ee@group-97B48BD7EFBA-StateMachineUpdater] INFO  server.RaftServer$Division (LeaderStateImpl.java:isApplied(320)) - leader is ready since appliedIndex == 0 >= startIndex == 0
2024-03-18 17:37:02,950 [c55acdcd-41ed-4e13-9d38-7679e97508ee@group-5B297D7DC30A-FollowerState] INFO  impl.FollowerState (FollowerState.java:run(143)) - c55acdcd-41ed-4e13-9d38-7679e97508ee@group-5B297D7DC30A-FollowerState: change to CANDIDATE, lastRpcElapsedTime:5031766518ns, electionTimeout:5022ms
2024-03-18 17:37:02,951 [c55acdcd-41ed-4e13-9d38-7679e97508ee@group-5B297D7DC30A-FollowerState] INFO  impl.RoleInfo (RoleInfo.java:shutdownFollowerState(110)) - c55acdcd-41ed-4e13-9d38-7679e97508ee: shutdown c55acdcd-41ed-4e13-9d38-7679e97508ee@group-5B297D7DC30A-FollowerState
2024-03-18 17:37:02,951 [c55acdcd-41ed-4e13-9d38-7679e97508ee@group-5B297D7DC30A-FollowerState] INFO  server.RaftServer$Division (RaftServerImpl.java:setRole(383)) - c55acdcd-41ed-4e13-9d38-7679e97508ee@group-5B297D7DC30A: changes role from  FOLLOWER to CANDIDATE at term 0 for changeToCandidate
2024-03-18 17:37:02,951 [c55acdcd-41ed-4e13-9d38-7679e97508ee@group-5B297D7DC30A-FollowerState] INFO  server.RaftServerConfigKeys (ConfUtils.java:logGet(46)) - raft.server.leaderelection.pre-vote = true (default)
2024-03-18 17:37:02,951 [c55acdcd-41ed-4e13-9d38-7679e97508ee@group-5B297D7DC30A-FollowerState] INFO  impl.RoleInfo (RoleInfo.java:updateAndGet(139)) - c55acdcd-41ed-4e13-9d38-7679e97508ee: start c55acdcd-41ed-4e13-9d38-7679e97508ee@group-5B297D7DC30A-LeaderElection6
2024-03-18 17:37:02,952 [c55acdcd-41ed-4e13-9d38-7679e97508ee@group-5B297D7DC30A-LeaderElection6] INFO  impl.LeaderElection (LeaderElection.java:askForVotes(321)) - c55acdcd-41ed-4e13-9d38-7679e97508ee@group-5B297D7DC30A-LeaderElection6 PRE_VOTE round 0: submit vote requests at term 0 for -1: peers:[56261a0d-e81e-4394-808f-5b50f7cf5f2a|10.1.0.17:15023, d4ad8e12-a3d8-4b8c-888a-d359f75d29b2|10.1.0.17:15014, c55acdcd-41ed-4e13-9d38-7679e97508ee|10.1.0.17:15032]|listeners:[], old=null
2024-03-18 17:37:02,952 [c55acdcd-41ed-4e13-9d38-7679e97508ee@group-5B297D7DC30A-LeaderElection6-1] INFO  server.GrpcServerProtocolClient (GrpcServerProtocolClient.java:<init>(65)) - Build channel for 56261a0d-e81e-4394-808f-5b50f7cf5f2a|10.1.0.17:15023
2024-03-18 17:37:02,952 [c55acdcd-41ed-4e13-9d38-7679e97508ee@group-5B297D7DC30A-LeaderElection6-2] INFO  server.GrpcServerProtocolClient (GrpcServerProtocolClient.java:<init>(65)) - Build channel for d4ad8e12-a3d8-4b8c-888a-d359f75d29b2|10.1.0.17:15014
2024-03-18 17:37:02,952 [c55acdcd-41ed-4e13-9d38-7679e97508ee@group-5B297D7DC30A-LeaderElection6] INFO  server.RaftServerConfigKeys (ConfUtils.java:logFallback(53)) - raft.server.rpc.first-election.timeout.min = 5s (fallback to raft.server.rpc.timeout.min)
2024-03-18 17:37:02,953 [c55acdcd-41ed-4e13-9d38-7679e97508ee@group-5B297D7DC30A-LeaderElection6] INFO  server.RaftServerConfigKeys (ConfUtils.java:logFallback(53)) - raft.server.rpc.first-election.timeout.max = 5200ms (fallback to raft.server.rpc.timeout.max)
2024-03-18 17:37:02,960 [grpc-default-executor-2] INFO  server.RaftServer$Division (RaftServerImpl.java:requestVote(1389)) - 56261a0d-e81e-4394-808f-5b50f7cf5f2a@group-5B297D7DC30A: receive requestVote(PRE_VOTE, c55acdcd-41ed-4e13-9d38-7679e97508ee, group-5B297D7DC30A, 0, (t:0, i:0))
2024-03-18 17:37:02,960 [grpc-default-executor-2] INFO  impl.VoteContext (VoteContext.java:log(49)) - 56261a0d-e81e-4394-808f-5b50f7cf5f2a@group-5B297D7DC30A-FOLLOWER: accept PRE_VOTE from c55acdcd-41ed-4e13-9d38-7679e97508ee: our priority 0 <= candidate's priority 1
2024-03-18 17:37:02,960 [grpc-default-executor-2] INFO  server.RaftServer$Division (RaftServerImpl.java:requestVote(1422)) - 56261a0d-e81e-4394-808f-5b50f7cf5f2a@group-5B297D7DC30A replies to PRE_VOTE vote request: c55acdcd-41ed-4e13-9d38-7679e97508ee<-56261a0d-e81e-4394-808f-5b50f7cf5f2a#0:OK-t0. Peer's state: 56261a0d-e81e-4394-808f-5b50f7cf5f2a@group-5B297D7DC30A:t0, leader=null, voted=, raftlog=Memoized:56261a0d-e81e-4394-808f-5b50f7cf5f2a@group-5B297D7DC30A-SegmentedRaftLog:OPENED:c-1, conf=-1: peers:[56261a0d-e81e-4394-808f-5b50f7cf5f2a|10.1.0.17:15023, d4ad8e12-a3d8-4b8c-888a-d359f75d29b2|10.1.0.17:15014, c55acdcd-41ed-4e13-9d38-7679e97508ee|10.1.0.17:15032]|listeners:[], old=null
2024-03-18 17:37:02,962 [c55acdcd-41ed-4e13-9d38-7679e97508ee@group-5B297D7DC30A-LeaderElection6] INFO  impl.LeaderElection (LeaderElection.java:logAndReturn(89)) - c55acdcd-41ed-4e13-9d38-7679e97508ee@group-5B297D7DC30A-LeaderElection6: PRE_VOTE PASSED received 1 response(s) and 0 exception(s):
2024-03-18 17:37:02,963 [c55acdcd-41ed-4e13-9d38-7679e97508ee@group-5B297D7DC30A-LeaderElection6] INFO  impl.LeaderElection (LeaderElection.java:logAndReturn(93)) -   Response 0: c55acdcd-41ed-4e13-9d38-7679e97508ee<-56261a0d-e81e-4394-808f-5b50f7cf5f2a#0:OK-t0
2024-03-18 17:37:02,963 [c55acdcd-41ed-4e13-9d38-7679e97508ee@group-5B297D7DC30A-LeaderElection6] INFO  impl.LeaderElection (LeaderElection.java:askForVotes(323)) - c55acdcd-41ed-4e13-9d38-7679e97508ee@group-5B297D7DC30A-LeaderElection6 PRE_VOTE round 0: result PASSED
2024-03-18 17:37:02,963 [grpc-default-executor-2] INFO  server.RaftServer$Division (RaftServerImpl.java:requestVote(1389)) - d4ad8e12-a3d8-4b8c-888a-d359f75d29b2@group-5B297D7DC30A: receive requestVote(PRE_VOTE, c55acdcd-41ed-4e13-9d38-7679e97508ee, group-5B297D7DC30A, 0, (t:0, i:0))
2024-03-18 17:37:02,964 [grpc-default-executor-2] INFO  impl.VoteContext (VoteContext.java:log(49)) - d4ad8e12-a3d8-4b8c-888a-d359f75d29b2@group-5B297D7DC30A-FOLLOWER: accept PRE_VOTE from c55acdcd-41ed-4e13-9d38-7679e97508ee: our priority 0 <= candidate's priority 1
2024-03-18 17:37:02,964 [grpc-default-executor-2] INFO  server.RaftServer$Division (RaftServerImpl.java:requestVote(1422)) - d4ad8e12-a3d8-4b8c-888a-d359f75d29b2@group-5B297D7DC30A replies to PRE_VOTE vote request: c55acdcd-41ed-4e13-9d38-7679e97508ee<-d4ad8e12-a3d8-4b8c-888a-d359f75d29b2#0:OK-t0. Peer's state: d4ad8e12-a3d8-4b8c-888a-d359f75d29b2@group-5B297D7DC30A:t0, leader=null, voted=, raftlog=Memoized:d4ad8e12-a3d8-4b8c-888a-d359f75d29b2@group-5B297D7DC30A-SegmentedRaftLog:OPENED:c-1, conf=-1: peers:[56261a0d-e81e-4394-808f-5b50f7cf5f2a|10.1.0.17:15023, d4ad8e12-a3d8-4b8c-888a-d359f75d29b2|10.1.0.17:15014, c55acdcd-41ed-4e13-9d38-7679e97508ee|10.1.0.17:15032]|listeners:[], old=null
2024-03-18 17:37:02,967 [c55acdcd-41ed-4e13-9d38-7679e97508ee@group-5B297D7DC30A-LeaderElection6] INFO  impl.LeaderElection (LeaderElection.java:askForVotes(321)) - c55acdcd-41ed-4e13-9d38-7679e97508ee@group-5B297D7DC30A-LeaderElection6 ELECTION round 0: submit vote requests at term 1 for -1: peers:[56261a0d-e81e-4394-808f-5b50f7cf5f2a|10.1.0.17:15023, d4ad8e12-a3d8-4b8c-888a-d359f75d29b2|10.1.0.17:15014, c55acdcd-41ed-4e13-9d38-7679e97508ee|10.1.0.17:15032]|listeners:[], old=null
2024-03-18 17:37:02,967 [c55acdcd-41ed-4e13-9d38-7679e97508ee@group-5B297D7DC30A-LeaderElection6] INFO  server.RaftServerConfigKeys (ConfUtils.java:logFallback(53)) - raft.server.rpc.first-election.timeout.min = 5s (fallback to raft.server.rpc.timeout.min)
2024-03-18 17:37:02,967 [c55acdcd-41ed-4e13-9d38-7679e97508ee@group-5B297D7DC30A-LeaderElection6] INFO  server.RaftServerConfigKeys (ConfUtils.java:logFallback(53)) - raft.server.rpc.first-election.timeout.max = 5200ms (fallback to raft.server.rpc.timeout.max)
2024-03-18 17:37:02,970 [grpc-default-executor-2] INFO  server.RaftServer$Division (RaftServerImpl.java:requestVote(1389)) - 56261a0d-e81e-4394-808f-5b50f7cf5f2a@group-5B297D7DC30A: receive requestVote(ELECTION, c55acdcd-41ed-4e13-9d38-7679e97508ee, group-5B297D7DC30A, 1, (t:0, i:0))
2024-03-18 17:37:02,970 [grpc-default-executor-2] INFO  impl.VoteContext (VoteContext.java:log(49)) - 56261a0d-e81e-4394-808f-5b50f7cf5f2a@group-5B297D7DC30A-FOLLOWER: accept ELECTION from c55acdcd-41ed-4e13-9d38-7679e97508ee: our priority 0 <= candidate's priority 1
2024-03-18 17:37:02,970 [grpc-default-executor-2] INFO  server.RaftServer$Division (RaftServerImpl.java:setRole(383)) - 56261a0d-e81e-4394-808f-5b50f7cf5f2a@group-5B297D7DC30A: changes role from  FOLLOWER to FOLLOWER at term 1 for candidate:c55acdcd-41ed-4e13-9d38-7679e97508ee
2024-03-18 17:37:02,970 [grpc-default-executor-2] INFO  impl.RoleInfo (RoleInfo.java:shutdownFollowerState(110)) - 56261a0d-e81e-4394-808f-5b50f7cf5f2a: shutdown 56261a0d-e81e-4394-808f-5b50f7cf5f2a@group-5B297D7DC30A-FollowerState
2024-03-18 17:37:02,970 [grpc-default-executor-2] INFO  impl.RoleInfo (RoleInfo.java:updateAndGet(139)) - 56261a0d-e81e-4394-808f-5b50f7cf5f2a: start 56261a0d-e81e-4394-808f-5b50f7cf5f2a@group-5B297D7DC30A-FollowerState
2024-03-18 17:37:02,971 [56261a0d-e81e-4394-808f-5b50f7cf5f2a@group-5B297D7DC30A-FollowerState] INFO  impl.FollowerState (FollowerState.java:run(152)) - 56261a0d-e81e-4394-808f-5b50f7cf5f2a@group-5B297D7DC30A-FollowerState was interrupted
2024-03-18 17:37:02,971 [grpc-default-executor-2] INFO  server.RaftServer$Division (RaftServerImpl.java:setFirstElection(574)) - 56261a0d-e81e-4394-808f-5b50f7cf5f2a@group-5B297D7DC30A: set firstElectionSinceStartup to false for candidate:c55acdcd-41ed-4e13-9d38-7679e97508ee
2024-03-18 17:37:02,973 [grpc-default-executor-2] INFO  server.RaftServer$Division (RaftServerImpl.java:requestVote(1422)) - 56261a0d-e81e-4394-808f-5b50f7cf5f2a@group-5B297D7DC30A replies to ELECTION vote request: c55acdcd-41ed-4e13-9d38-7679e97508ee<-56261a0d-e81e-4394-808f-5b50f7cf5f2a#0:OK-t1. Peer's state: 56261a0d-e81e-4394-808f-5b50f7cf5f2a@group-5B297D7DC30A:t1, leader=null, voted=c55acdcd-41ed-4e13-9d38-7679e97508ee, raftlog=Memoized:56261a0d-e81e-4394-808f-5b50f7cf5f2a@group-5B297D7DC30A-SegmentedRaftLog:OPENED:c-1, conf=-1: peers:[56261a0d-e81e-4394-808f-5b50f7cf5f2a|10.1.0.17:15023, d4ad8e12-a3d8-4b8c-888a-d359f75d29b2|10.1.0.17:15014, c55acdcd-41ed-4e13-9d38-7679e97508ee|10.1.0.17:15032]|listeners:[], old=null
2024-03-18 17:37:02,973 [grpc-default-executor-1] INFO  server.RaftServer$Division (RaftServerImpl.java:requestVote(1389)) - d4ad8e12-a3d8-4b8c-888a-d359f75d29b2@group-5B297D7DC30A: receive requestVote(ELECTION, c55acdcd-41ed-4e13-9d38-7679e97508ee, group-5B297D7DC30A, 1, (t:0, i:0))
2024-03-18 17:37:02,973 [grpc-default-executor-1] INFO  impl.VoteContext (VoteContext.java:log(49)) - d4ad8e12-a3d8-4b8c-888a-d359f75d29b2@group-5B297D7DC30A-FOLLOWER: accept ELECTION from c55acdcd-41ed-4e13-9d38-7679e97508ee: our priority 0 <= candidate's priority 1
2024-03-18 17:37:02,973 [grpc-default-executor-1] INFO  server.RaftServer$Division (RaftServerImpl.java:setRole(383)) - d4ad8e12-a3d8-4b8c-888a-d359f75d29b2@group-5B297D7DC30A: changes role from  FOLLOWER to FOLLOWER at term 1 for candidate:c55acdcd-41ed-4e13-9d38-7679e97508ee
2024-03-18 17:37:02,973 [grpc-default-executor-1] INFO  impl.RoleInfo (RoleInfo.java:shutdownFollowerState(110)) - d4ad8e12-a3d8-4b8c-888a-d359f75d29b2: shutdown d4ad8e12-a3d8-4b8c-888a-d359f75d29b2@group-5B297D7DC30A-FollowerState
2024-03-18 17:37:02,973 [grpc-default-executor-1] INFO  impl.RoleInfo (RoleInfo.java:updateAndGet(139)) - d4ad8e12-a3d8-4b8c-888a-d359f75d29b2: start d4ad8e12-a3d8-4b8c-888a-d359f75d29b2@group-5B297D7DC30A-FollowerState
2024-03-18 17:37:02,973 [d4ad8e12-a3d8-4b8c-888a-d359f75d29b2@group-5B297D7DC30A-FollowerState] INFO  impl.FollowerState (FollowerState.java:run(152)) - d4ad8e12-a3d8-4b8c-888a-d359f75d29b2@group-5B297D7DC30A-FollowerState was interrupted
2024-03-18 17:37:02,980 [c55acdcd-41ed-4e13-9d38-7679e97508ee@group-5B297D7DC30A-LeaderElection6] INFO  impl.LeaderElection (LeaderElection.java:logAndReturn(89)) - c55acdcd-41ed-4e13-9d38-7679e97508ee@group-5B297D7DC30A-LeaderElection6: ELECTION PASSED received 1 response(s) and 0 exception(s):
2024-03-18 17:37:02,980 [grpc-default-executor-1] INFO  server.RaftServer$Division (RaftServerImpl.java:requestVote(1422)) - d4ad8e12-a3d8-4b8c-888a-d359f75d29b2@group-5B297D7DC30A replies to ELECTION vote request: c55acdcd-41ed-4e13-9d38-7679e97508ee<-d4ad8e12-a3d8-4b8c-888a-d359f75d29b2#0:OK-t1. Peer's state: d4ad8e12-a3d8-4b8c-888a-d359f75d29b2@group-5B297D7DC30A:t1, leader=null, voted=c55acdcd-41ed-4e13-9d38-7679e97508ee, raftlog=Memoized:d4ad8e12-a3d8-4b8c-888a-d359f75d29b2@group-5B297D7DC30A-SegmentedRaftLog:OPENED:c-1, conf=-1: peers:[56261a0d-e81e-4394-808f-5b50f7cf5f2a|10.1.0.17:15023, d4ad8e12-a3d8-4b8c-888a-d359f75d29b2|10.1.0.17:15014, c55acdcd-41ed-4e13-9d38-7679e97508ee|10.1.0.17:15032]|listeners:[], old=null
2024-03-18 17:37:02,980 [c55acdcd-41ed-4e13-9d38-7679e97508ee@group-5B297D7DC30A-LeaderElection6] INFO  impl.LeaderElection (LeaderElection.java:logAndReturn(93)) -   Response 0: c55acdcd-41ed-4e13-9d38-7679e97508ee<-56261a0d-e81e-4394-808f-5b50f7cf5f2a#0:OK-t1
2024-03-18 17:37:02,981 [c55acdcd-41ed-4e13-9d38-7679e97508ee@group-5B297D7DC30A-LeaderElection6] INFO  impl.LeaderElection (LeaderElection.java:askForVotes(323)) - c55acdcd-41ed-4e13-9d38-7679e97508ee@group-5B297D7DC30A-LeaderElection6 ELECTION round 0: result PASSED
2024-03-18 17:37:02,981 [c55acdcd-41ed-4e13-9d38-7679e97508ee@group-5B297D7DC30A-LeaderElection6] INFO  impl.RoleInfo (RoleInfo.java:shutdownLeaderElection(130)) - c55acdcd-41ed-4e13-9d38-7679e97508ee: shutdown c55acdcd-41ed-4e13-9d38-7679e97508ee@group-5B297D7DC30A-LeaderElection6
2024-03-18 17:37:02,981 [c55acdcd-41ed-4e13-9d38-7679e97508ee@group-5B297D7DC30A-LeaderElection6] INFO  server.RaftServer$Division (RaftServerImpl.java:setRole(383)) - c55acdcd-41ed-4e13-9d38-7679e97508ee@group-5B297D7DC30A: changes role from CANDIDATE to LEADER at term 1 for changeToLeader
2024-03-18 17:37:02,981 [c55acdcd-41ed-4e13-9d38-7679e97508ee@group-5B297D7DC30A-LeaderElection6] INFO  server.RaftServerConfigKeys (ConfUtils.java:logGet(46)) - raft.server.staging.catchup.gap = 1000 (default)
2024-03-18 17:37:02,981 [c55acdcd-41ed-4e13-9d38-7679e97508ee@group-5B297D7DC30A-LeaderElection6] INFO  server.RaftServerConfigKeys (ConfUtils.java:logGet(46)) - raft.server.write.element-limit = 1024 (custom)
2024-03-18 17:37:02,981 [c55acdcd-41ed-4e13-9d38-7679e97508ee@group-5B297D7DC30A-LeaderElection6] INFO  server.RaftServerConfigKeys (ConfUtils.java:logGet(46)) - raft.server.write.byte-limit = 1024 M (=1073741824) (custom)
2024-03-18 17:37:02,981 [c55acdcd-41ed-4e13-9d38-7679e97508ee@group-5B297D7DC30A-LeaderElection6] INFO  server.RaftServerConfigKeys (ConfUtils.java:logGet(46)) - raft.server.watch.timeout = 180s (custom)
2024-03-18 17:37:02,981 [c55acdcd-41ed-4e13-9d38-7679e97508ee@group-5B297D7DC30A-LeaderElection6] INFO  server.RaftServerConfigKeys (ConfUtils.java:logGet(46)) - raft.server.watch.timeout.denomination = 1s (default)
2024-03-18 17:37:02,982 [c55acdcd-41ed-4e13-9d38-7679e97508ee@group-5B297D7DC30A-LeaderElection6] INFO  server.RaftServerConfigKeys (ConfUtils.java:logGet(46)) - raft.server.watch.element-limit = 65536 (default)
2024-03-18 17:37:02,982 [c55acdcd-41ed-4e13-9d38-7679e97508ee@group-5B297D7DC30A-LeaderElection6] INFO  server.RaftServerConfigKeys (ConfUtils.java:logGet(46)) - raft.server.read.leader.lease.enabled = false (default)
2024-03-18 17:37:02,982 [c55acdcd-41ed-4e13-9d38-7679e97508ee@group-5B297D7DC30A-LeaderElection6] INFO  server.RaftServerConfigKeys (ConfUtils.java:logGet(46)) - raft.server.read.leader.lease.timeout.ratio = 0.9 (default)
2024-03-18 17:37:02,982 [c55acdcd-41ed-4e13-9d38-7679e97508ee@group-5B297D7DC30A-LeaderElection6] INFO  server.RaftServerConfigKeys (ConfUtils.java:logGet(46)) - raft.server.rpc.timeout.min = 5s (custom)
2024-03-18 17:37:02,982 [c55acdcd-41ed-4e13-9d38-7679e97508ee@group-5B297D7DC30A-LeaderElection6] INFO  server.RaftServerConfigKeys (ConfUtils.java:logGet(46)) - raft.server.write.element-limit = 1024 (custom)
2024-03-18 17:37:02,982 [c55acdcd-41ed-4e13-9d38-7679e97508ee@group-5B297D7DC30A-LeaderElection6] INFO  server.RaftServerConfigKeys (ConfUtils.java:logGet(46)) - raft.server.write.follower.gap.ratio.max = -1.0 (default)
2024-03-18 17:37:02,994 [c55acdcd-41ed-4e13-9d38-7679e97508ee@group-5B297D7DC30A-LeaderElection6] INFO  server.RaftServerConfigKeys (ConfUtils.java:logGet(46)) - raft.server.log.appender.snapshot.chunk.size.max = 16MB (=16777216) (default)
2024-03-18 17:37:02,994 [c55acdcd-41ed-4e13-9d38-7679e97508ee@group-5B297D7DC30A-LeaderElection6] INFO  server.RaftServerConfigKeys (ConfUtils.java:logGet(46)) - raft.server.log.appender.buffer.byte-limit = 8388608 (custom)
2024-03-18 17:37:02,994 [c55acdcd-41ed-4e13-9d38-7679e97508ee@group-5B297D7DC30A-LeaderElection6] INFO  server.RaftServerConfigKeys (ConfUtils.java:logGet(46)) - raft.server.log.appender.buffer.element-limit = 1 (custom)
2024-03-18 17:37:02,995 [c55acdcd-41ed-4e13-9d38-7679e97508ee@group-5B297D7DC30A-LeaderElection6] INFO  server.RaftServerConfigKeys (ConfUtils.java:logGet(46)) - raft.server.log.appender.wait-time.min = 0μs (custom)
2024-03-18 17:37:02,997 [c55acdcd-41ed-4e13-9d38-7679e97508ee@group-5B297D7DC30A-LeaderElection6] INFO  grpc.GrpcConfigKeys (ConfUtils.java:logGet(46)) - raft.grpc.server.leader.outstanding.appends.max = 8 (default)
2024-03-18 17:37:02,998 [c55acdcd-41ed-4e13-9d38-7679e97508ee@group-5B297D7DC30A-LeaderElection6] INFO  server.RaftServerConfigKeys (ConfUtils.java:logGet(46)) - raft.server.rpc.request.timeout = 60s (custom)
2024-03-18 17:37:02,998 [c55acdcd-41ed-4e13-9d38-7679e97508ee@group-5B297D7DC30A-LeaderElection6] INFO  grpc.GrpcConfigKeys (ConfUtils.java:logGet(46)) - raft.grpc.server.install_snapshot.request.element-limit = 8 (default)
2024-03-18 17:37:02,998 [c55acdcd-41ed-4e13-9d38-7679e97508ee@group-5B297D7DC30A-LeaderElection6] INFO  grpc.GrpcConfigKeys (ConfUtils.java:logGet(46)) - raft.grpc.server.install_snapshot.request.timeout = 3000ms (default)
2024-03-18 17:37:02,998 [c55acdcd-41ed-4e13-9d38-7679e97508ee@group-5B297D7DC30A-LeaderElection6] INFO  grpc.GrpcConfigKeys (ConfUtils.java:logGet(46)) - raft.grpc.server.log-message.batch.duration = 5s (default)
2024-03-18 17:37:02,999 [c55acdcd-41ed-4e13-9d38-7679e97508ee@group-5B297D7DC30A-LeaderElection6] INFO  server.RaftServerConfigKeys (ConfUtils.java:logGet(46)) - raft.server.log.appender.install.snapshot.enabled = false (custom)
2024-03-18 17:37:02,999 [c55acdcd-41ed-4e13-9d38-7679e97508ee@group-5B297D7DC30A-LeaderElection6] INFO  grpc.GrpcConfigKeys (ConfUtils.java:logGet(46)) - raft.grpc.server.heartbeat.channel = true (default)
2024-03-18 17:37:03,001 [c55acdcd-41ed-4e13-9d38-7679e97508ee@group-5B297D7DC30A-LeaderElection6] INFO  server.RaftServerConfigKeys (ConfUtils.java:logGet(46)) - raft.server.log.appender.snapshot.chunk.size.max = 16MB (=16777216) (default)
2024-03-18 17:37:03,001 [c55acdcd-41ed-4e13-9d38-7679e97508ee@group-5B297D7DC30A-LeaderElection6] INFO  server.RaftServerConfigKeys (ConfUtils.java:logGet(46)) - raft.server.log.appender.buffer.byte-limit = 8388608 (custom)
2024-03-18 17:37:03,002 [c55acdcd-41ed-4e13-9d38-7679e97508ee@group-5B297D7DC30A-LeaderElection6] INFO  server.RaftServerConfigKeys (ConfUtils.java:logGet(46)) - raft.server.log.appender.buffer.element-limit = 1 (custom)
2024-03-18 17:37:03,002 [c55acdcd-41ed-4e13-9d38-7679e97508ee@group-5B297D7DC30A-LeaderElection6] INFO  server.RaftServerConfigKeys (ConfUtils.java:logGet(46)) - raft.server.log.appender.wait-time.min = 0μs (custom)
2024-03-18 17:37:03,002 [c55acdcd-41ed-4e13-9d38-7679e97508ee@group-5B297D7DC30A-LeaderElection6] INFO  grpc.GrpcConfigKeys (ConfUtils.java:logGet(46)) - raft.grpc.server.leader.outstanding.appends.max = 8 (default)
2024-03-18 17:37:03,002 [c55acdcd-41ed-4e13-9d38-7679e97508ee@group-5B297D7DC30A-LeaderElection6] INFO  server.RaftServerConfigKeys (ConfUtils.java:logGet(46)) - raft.server.rpc.request.timeout = 60s (custom)
2024-03-18 17:37:03,002 [c55acdcd-41ed-4e13-9d38-7679e97508ee@group-5B297D7DC30A-LeaderElection6] INFO  grpc.GrpcConfigKeys (ConfUtils.java:logGet(46)) - raft.grpc.server.install_snapshot.request.element-limit = 8 (default)
2024-03-18 17:37:03,002 [c55acdcd-41ed-4e13-9d38-7679e97508ee@group-5B297D7DC30A-LeaderElection6] INFO  grpc.GrpcConfigKeys (ConfUtils.java:logGet(46)) - raft.grpc.server.install_snapshot.request.timeout = 3000ms (default)
2024-03-18 17:37:03,003 [c55acdcd-41ed-4e13-9d38-7679e97508ee@group-5B297D7DC30A-LeaderElection6] INFO  grpc.GrpcConfigKeys (ConfUtils.java:logGet(46)) - raft.grpc.server.log-message.batch.duration = 5s (default)
2024-03-18 17:37:03,003 [c55acdcd-41ed-4e13-9d38-7679e97508ee@group-5B297D7DC30A-LeaderElection6] INFO  server.RaftServerConfigKeys (ConfUtils.java:logGet(46)) - raft.server.log.appender.install.snapshot.enabled = false (custom)
2024-03-18 17:37:03,003 [c55acdcd-41ed-4e13-9d38-7679e97508ee@group-5B297D7DC30A-LeaderElection6] INFO  grpc.GrpcConfigKeys (ConfUtils.java:logGet(46)) - raft.grpc.server.heartbeat.channel = true (default)
2024-03-18 17:37:03,004 [c55acdcd-41ed-4e13-9d38-7679e97508ee@group-5B297D7DC30A-LeaderElection6] INFO  impl.RoleInfo (RoleInfo.java:updateAndGet(139)) - c55acdcd-41ed-4e13-9d38-7679e97508ee: start c55acdcd-41ed-4e13-9d38-7679e97508ee@group-5B297D7DC30A-LeaderStateImpl
2024-03-18 17:37:03,004 [c55acdcd-41ed-4e13-9d38-7679e97508ee@group-5B297D7DC30A-LeaderElection6] INFO  server.RaftServer$Division (RaftServerImpl.java:setFirstElection(574)) - c55acdcd-41ed-4e13-9d38-7679e97508ee@group-5B297D7DC30A: set firstElectionSinceStartup to false for becomeLeader
2024-03-18 17:37:03,004 [c55acdcd-41ed-4e13-9d38-7679e97508ee@group-5B297D7DC30A-LeaderElection6] INFO  ratis.XceiverServerRatis (XceiverServerRatis.java:handleLeaderChangedNotification(966)) - Leader change notification received for group: group-5B297D7DC30A with new leaderId: c55acdcd-41ed-4e13-9d38-7679e97508ee
2024-03-18 17:37:03,004 [c55acdcd-41ed-4e13-9d38-7679e97508ee@group-5B297D7DC30A-LeaderElection6] INFO  server.RaftServer$Division (ServerState.java:setLeader(269)) - c55acdcd-41ed-4e13-9d38-7679e97508ee@group-5B297D7DC30A: change Leader from null to c55acdcd-41ed-4e13-9d38-7679e97508ee at term 1 for becomeLeader, leader elected after 5105ms
2024-03-18 17:37:03,004 [c55acdcd-41ed-4e13-9d38-7679e97508ee@group-5B297D7DC30A-LeaderElection6] INFO  segmented.SegmentedRaftLogWorker (SegmentedRaftLogWorker.java:startLogSegment(430)) - c55acdcd-41ed-4e13-9d38-7679e97508ee@group-5B297D7DC30A-SegmentedRaftLogWorker: Starting segment from index:0
2024-03-18 17:37:03,005 [c55acdcd-41ed-4e13-9d38-7679e97508ee@group-5B297D7DC30A-SegmentedRaftLogWorker] INFO  segmented.BufferedWriteChannel (BufferedWriteChannel.java:open(62)) - open log_inprogress_0 at position 0
2024-03-18 17:37:03,009 [EventQueue-PipelineReportForPipelineReportHandler] INFO  pipeline.PipelineReportHandler (PipelineReportHandler.java:processPipelineReport(136)) - Opened pipeline PipelineID=d7d5947c-a7d0-4b0a-9d18-5b297d7dc30a
2024-03-18 17:37:03,009 [EventQueue-OpenPipelineForHealthyPipelineSafeModeRule] INFO  safemode.SCMSafeModeManager (HealthyPipelineSafeModeRule.java:process(140)) - SCM in safe mode. Healthy pipelines reported count is 1, required healthy pipeline reported count is 1
2024-03-18 17:37:03,010 [EventQueue-OpenPipelineForHealthyPipelineSafeModeRule] INFO  safemode.SCMSafeModeManager (SCMSafeModeManager.java:validateSafeModeExitRules(200)) - HealthyPipelineSafeModeRule rule is successfully validated
2024-03-18 17:37:03,010 [EventQueue-OpenPipelineForHealthyPipelineSafeModeRule] INFO  safemode.SCMSafeModeManager (SCMSafeModeManager.java:validateSafeModeExitRules(215)) - ScmSafeModeManager, all rules are successfully validated
2024-03-18 17:37:03,010 [EventQueue-OpenPipelineForHealthyPipelineSafeModeRule] INFO  safemode.SCMSafeModeManager (SCMSafeModeManager.java:exitSafeMode(244)) - SCM exiting safe mode.
2024-03-18 17:37:03,010 [EventQueue-OpenPipelineForHealthyPipelineSafeModeRule] INFO  ha.SCMContext (SCMContext.java:updateSafeModeStatus(225)) - Update SafeModeStatus from SafeModeStatus{safeModeStatus=true, preCheckPassed=true} to SafeModeStatus{safeModeStatus=false, preCheckPassed=true}.
2024-03-18 17:37:03,010 [EventQueue-OpenPipelineForHealthyPipelineSafeModeRule] INFO  pipeline.BackgroundPipelineCreator (BackgroundPipelineCreator.java:notifyStatusChanged(258)) - Service BackgroundPipelineCreator transitions to RUNNING.
2024-03-18 17:37:03,010 [EventQueue-OpenPipelineForHealthyPipelineSafeModeRule] INFO  BackgroundPipelineScrubber (BackgroundSCMService.java:notifyStatusChanged(79)) - Service BackgroundPipelineScrubber transitions to RUNNING.
2024-03-18 17:37:03,010 [EventQueue-OpenPipelineForHealthyPipelineSafeModeRule] INFO  ExpiredContainerReplicaOpScrubber (BackgroundSCMService.java:notifyStatusChanged(79)) - Service ExpiredContainerReplicaOpScrubber transitions to RUNNING.
2024-03-18 17:37:03,010 [c55acdcd-41ed-4e13-9d38-7679e97508ee@group-5B297D7DC30A-LeaderElection6] INFO  server.RaftServer$Division (ServerState.java:setRaftConf(386)) - c55acdcd-41ed-4e13-9d38-7679e97508ee@group-5B297D7DC30A: set configuration 0: peers:[56261a0d-e81e-4394-808f-5b50f7cf5f2a|10.1.0.17:15023, d4ad8e12-a3d8-4b8c-888a-d359f75d29b2|10.1.0.17:15014, c55acdcd-41ed-4e13-9d38-7679e97508ee|10.1.0.17:15032]|listeners:[], old=null
2024-03-18 17:37:03,010 [EventQueue-OpenPipelineForHealthyPipelineSafeModeRule] INFO  block.SCMBlockDeletingService (SCMBlockDeletingService.java:notifyStatusChanged(247)) - notifyStatusChanged:RUNNING
2024-03-18 17:37:03,011 [EventQueue-OpenPipelineForHealthyPipelineSafeModeRule] INFO  replication.ReplicationManager (ReplicationManager.java:notifyStatusChanged(1403)) - Service ReplicationManager transitions to RUNNING.
2024-03-18 17:37:03,014 [c55acdcd-41ed-4e13-9d38-7679e97508ee@group-5B297D7DC30A-SegmentedRaftLogWorker] INFO  segmented.SegmentedRaftLogWorker (SegmentedRaftLogWorker.java:execute(634)) - c55acdcd-41ed-4e13-9d38-7679e97508ee@group-5B297D7DC30A-SegmentedRaftLogWorker: created new log segment /home/runner/work/ozone/ozone/hadoop-ozone/integration-test/target/test-dir/MiniOzoneClusterImpl-fcb2b1b2-065d-4164-ad15-2f123479485b/ozone-meta/datanode-3/ratis/d7d5947c-a7d0-4b0a-9d18-5b297d7dc30a/current/log_inprogress_0
2024-03-18 17:37:03,015 [EventQueue-OpenPipelineForHealthyPipelineSafeModeRule] WARN  balancer.ContainerBalancer (ContainerBalancer.java:shouldRun(134)) - Could not find persisted configuration for ContainerBalancer when checking if ContainerBalancer should run. ContainerBalancer should not run now.
2024-03-18 17:37:03,055 [d4ad8e12-a3d8-4b8c-888a-d359f75d29b2-server-thread1] INFO  ratis.XceiverServerRatis (XceiverServerRatis.java:handleLeaderChangedNotification(966)) - Leader change notification received for group: group-5B297D7DC30A with new leaderId: c55acdcd-41ed-4e13-9d38-7679e97508ee
2024-03-18 17:37:03,056 [d4ad8e12-a3d8-4b8c-888a-d359f75d29b2-server-thread1] INFO  server.RaftServer$Division (ServerState.java:setLeader(269)) - d4ad8e12-a3d8-4b8c-888a-d359f75d29b2@group-5B297D7DC30A: change Leader from null to c55acdcd-41ed-4e13-9d38-7679e97508ee at term 1 for appendEntries, leader elected after 5368ms
2024-03-18 17:37:03,056 [56261a0d-e81e-4394-808f-5b50f7cf5f2a-server-thread1] INFO  ratis.XceiverServerRatis (XceiverServerRatis.java:handleLeaderChangedNotification(966)) - Leader change notification received for group: group-5B297D7DC30A with new leaderId: c55acdcd-41ed-4e13-9d38-7679e97508ee
2024-03-18 17:37:03,059 [56261a0d-e81e-4394-808f-5b50f7cf5f2a-server-thread1] INFO  server.RaftServer$Division (ServerState.java:setLeader(269)) - 56261a0d-e81e-4394-808f-5b50f7cf5f2a@group-5B297D7DC30A: change Leader from null to c55acdcd-41ed-4e13-9d38-7679e97508ee at term 1 for appendEntries, leader elected after 5285ms
2024-03-18 17:37:03,062 [d4ad8e12-a3d8-4b8c-888a-d359f75d29b2-server-thread2] INFO  server.RaftServer$Division (ServerState.java:setRaftConf(386)) - d4ad8e12-a3d8-4b8c-888a-d359f75d29b2@group-5B297D7DC30A: set configuration 0: peers:[56261a0d-e81e-4394-808f-5b50f7cf5f2a|10.1.0.17:15023, d4ad8e12-a3d8-4b8c-888a-d359f75d29b2|10.1.0.17:15014, c55acdcd-41ed-4e13-9d38-7679e97508ee|10.1.0.17:15032]|listeners:[], old=null
2024-03-18 17:37:03,064 [56261a0d-e81e-4394-808f-5b50f7cf5f2a-server-thread2] INFO  server.RaftServer$Division (ServerState.java:setRaftConf(386)) - 56261a0d-e81e-4394-808f-5b50f7cf5f2a@group-5B297D7DC30A: set configuration 0: peers:[56261a0d-e81e-4394-808f-5b50f7cf5f2a|10.1.0.17:15023, d4ad8e12-a3d8-4b8c-888a-d359f75d29b2|10.1.0.17:15014, c55acdcd-41ed-4e13-9d38-7679e97508ee|10.1.0.17:15032]|listeners:[], old=null
2024-03-18 17:37:03,065 [d4ad8e12-a3d8-4b8c-888a-d359f75d29b2-server-thread2] INFO  segmented.SegmentedRaftLogWorker (SegmentedRaftLogWorker.java:startLogSegment(430)) - d4ad8e12-a3d8-4b8c-888a-d359f75d29b2@group-5B297D7DC30A-SegmentedRaftLogWorker: Starting segment from index:0
2024-03-18 17:37:03,068 [56261a0d-e81e-4394-808f-5b50f7cf5f2a-server-thread2] INFO  segmented.SegmentedRaftLogWorker (SegmentedRaftLogWorker.java:startLogSegment(430)) - 56261a0d-e81e-4394-808f-5b50f7cf5f2a@group-5B297D7DC30A-SegmentedRaftLogWorker: Starting segment from index:0
2024-03-18 17:37:03,068 [d4ad8e12-a3d8-4b8c-888a-d359f75d29b2@group-5B297D7DC30A-SegmentedRaftLogWorker] INFO  segmented.BufferedWriteChannel (BufferedWriteChannel.java:open(62)) - open log_inprogress_0 at position 0
2024-03-18 17:37:03,068 [56261a0d-e81e-4394-808f-5b50f7cf5f2a@group-5B297D7DC30A-SegmentedRaftLogWorker] INFO  segmented.BufferedWriteChannel (BufferedWriteChannel.java:open(62)) - open log_inprogress_0 at position 0
2024-03-18 17:37:03,078 [d4ad8e12-a3d8-4b8c-888a-d359f75d29b2@group-5B297D7DC30A-SegmentedRaftLogWorker] INFO  segmented.SegmentedRaftLogWorker (SegmentedRaftLogWorker.java:execute(634)) - d4ad8e12-a3d8-4b8c-888a-d359f75d29b2@group-5B297D7DC30A-SegmentedRaftLogWorker: created new log segment /home/runner/work/ozone/ozone/hadoop-ozone/integration-test/target/test-dir/MiniOzoneClusterImpl-fcb2b1b2-065d-4164-ad15-2f123479485b/ozone-meta/datanode-1/ratis/d7d5947c-a7d0-4b0a-9d18-5b297d7dc30a/current/log_inprogress_0
2024-03-18 17:37:03,078 [56261a0d-e81e-4394-808f-5b50f7cf5f2a@group-5B297D7DC30A-SegmentedRaftLogWorker] INFO  segmented.SegmentedRaftLogWorker (SegmentedRaftLogWorker.java:execute(634)) - 56261a0d-e81e-4394-808f-5b50f7cf5f2a@group-5B297D7DC30A-SegmentedRaftLogWorker: created new log segment /home/runner/work/ozone/ozone/hadoop-ozone/integration-test/target/test-dir/MiniOzoneClusterImpl-fcb2b1b2-065d-4164-ad15-2f123479485b/ozone-meta/datanode-2/ratis/d7d5947c-a7d0-4b0a-9d18-5b297d7dc30a/current/log_inprogress_0
2024-03-18 17:37:03,082 [c55acdcd-41ed-4e13-9d38-7679e97508ee@group-5B297D7DC30A-StateMachineUpdater] INFO  server.RaftServer$Division (LeaderStateImpl.java:isApplied(320)) - leader is ready since appliedIndex == 0 >= startIndex == 0
2024-03-18 17:37:03,229 [56261a0d-e81e-4394-808f-5b50f7cf5f2a@group-C9C4DC121C8B-FollowerState] INFO  impl.FollowerState (FollowerState.java:run(143)) - 56261a0d-e81e-4394-808f-5b50f7cf5f2a@group-C9C4DC121C8B-FollowerState: change to CANDIDATE, lastRpcElapsedTime:5037531784ns, electionTimeout:5036ms
2024-03-18 17:37:03,230 [56261a0d-e81e-4394-808f-5b50f7cf5f2a@group-C9C4DC121C8B-FollowerState] INFO  impl.RoleInfo (RoleInfo.java:shutdownFollowerState(110)) - 56261a0d-e81e-4394-808f-5b50f7cf5f2a: shutdown 56261a0d-e81e-4394-808f-5b50f7cf5f2a@group-C9C4DC121C8B-FollowerState
2024-03-18 17:37:03,230 [56261a0d-e81e-4394-808f-5b50f7cf5f2a@group-C9C4DC121C8B-FollowerState] INFO  server.RaftServer$Division (RaftServerImpl.java:setRole(383)) - 56261a0d-e81e-4394-808f-5b50f7cf5f2a@group-C9C4DC121C8B: changes role from  FOLLOWER to CANDIDATE at term 0 for changeToCandidate
2024-03-18 17:37:03,230 [56261a0d-e81e-4394-808f-5b50f7cf5f2a@group-C9C4DC121C8B-FollowerState] INFO  server.RaftServerConfigKeys (ConfUtils.java:logGet(46)) - raft.server.leaderelection.pre-vote = true (default)
2024-03-18 17:37:03,230 [56261a0d-e81e-4394-808f-5b50f7cf5f2a@group-C9C4DC121C8B-FollowerState] INFO  impl.RoleInfo (RoleInfo.java:updateAndGet(139)) - 56261a0d-e81e-4394-808f-5b50f7cf5f2a: start 56261a0d-e81e-4394-808f-5b50f7cf5f2a@group-C9C4DC121C8B-LeaderElection7
2024-03-18 17:37:03,231 [56261a0d-e81e-4394-808f-5b50f7cf5f2a@group-C9C4DC121C8B-LeaderElection7] INFO  impl.LeaderElection (LeaderElection.java:askForVotes(321)) - 56261a0d-e81e-4394-808f-5b50f7cf5f2a@group-C9C4DC121C8B-LeaderElection7 PRE_VOTE round 0: submit vote requests at term 0 for -1: peers:[56261a0d-e81e-4394-808f-5b50f7cf5f2a|10.1.0.17:15023, d4ad8e12-a3d8-4b8c-888a-d359f75d29b2|10.1.0.17:15014, c55acdcd-41ed-4e13-9d38-7679e97508ee|10.1.0.17:15032]|listeners:[], old=null
2024-03-18 17:37:03,232 [56261a0d-e81e-4394-808f-5b50f7cf5f2a@group-C9C4DC121C8B-LeaderElection7-1] INFO  server.GrpcServerProtocolClient (GrpcServerProtocolClient.java:<init>(65)) - Build channel for d4ad8e12-a3d8-4b8c-888a-d359f75d29b2|10.1.0.17:15014
2024-03-18 17:37:03,232 [56261a0d-e81e-4394-808f-5b50f7cf5f2a@group-C9C4DC121C8B-LeaderElection7-2] INFO  server.GrpcServerProtocolClient (GrpcServerProtocolClient.java:<init>(65)) - Build channel for c55acdcd-41ed-4e13-9d38-7679e97508ee|10.1.0.17:15032
2024-03-18 17:37:03,232 [56261a0d-e81e-4394-808f-5b50f7cf5f2a@group-C9C4DC121C8B-LeaderElection7] INFO  server.RaftServerConfigKeys (ConfUtils.java:logFallback(53)) - raft.server.rpc.first-election.timeout.min = 5s (fallback to raft.server.rpc.timeout.min)
2024-03-18 17:37:03,233 [c55acdcd-41ed-4e13-9d38-7679e97508ee@group-C9C4DC121C8B-FollowerState] INFO  impl.FollowerState (FollowerState.java:run(143)) - c55acdcd-41ed-4e13-9d38-7679e97508ee@group-C9C4DC121C8B-FollowerState: change to CANDIDATE, lastRpcElapsedTime:5016941624ns, electionTimeout:5010ms
2024-03-18 17:37:03,233 [56261a0d-e81e-4394-808f-5b50f7cf5f2a@group-C9C4DC121C8B-LeaderElection7] INFO  server.RaftServerConfigKeys (ConfUtils.java:logFallback(53)) - raft.server.rpc.first-election.timeout.max = 5200ms (fallback to raft.server.rpc.timeout.max)
2024-03-18 17:37:03,233 [c55acdcd-41ed-4e13-9d38-7679e97508ee@group-C9C4DC121C8B-FollowerState] INFO  impl.RoleInfo (RoleInfo.java:shutdownFollowerState(110)) - c55acdcd-41ed-4e13-9d38-7679e97508ee: shutdown c55acdcd-41ed-4e13-9d38-7679e97508ee@group-C9C4DC121C8B-FollowerState
2024-03-18 17:37:03,233 [c55acdcd-41ed-4e13-9d38-7679e97508ee@group-C9C4DC121C8B-FollowerState] INFO  server.RaftServer$Division (RaftServerImpl.java:setRole(383)) - c55acdcd-41ed-4e13-9d38-7679e97508ee@group-C9C4DC121C8B: changes role from  FOLLOWER to CANDIDATE at term 0 for changeToCandidate
2024-03-18 17:37:03,233 [c55acdcd-41ed-4e13-9d38-7679e97508ee@group-C9C4DC121C8B-FollowerState] INFO  server.RaftServerConfigKeys (ConfUtils.java:logGet(46)) - raft.server.leaderelection.pre-vote = true (default)
2024-03-18 17:37:03,233 [c55acdcd-41ed-4e13-9d38-7679e97508ee@group-C9C4DC121C8B-FollowerState] INFO  impl.RoleInfo (RoleInfo.java:updateAndGet(139)) - c55acdcd-41ed-4e13-9d38-7679e97508ee: start c55acdcd-41ed-4e13-9d38-7679e97508ee@group-C9C4DC121C8B-LeaderElection8
2024-03-18 17:37:03,239 [c55acdcd-41ed-4e13-9d38-7679e97508ee@group-C9C4DC121C8B-LeaderElection8] INFO  impl.LeaderElection (LeaderElection.java:askForVotes(321)) - c55acdcd-41ed-4e13-9d38-7679e97508ee@group-C9C4DC121C8B-LeaderElection8 PRE_VOTE round 0: submit vote requests at term 0 for -1: peers:[56261a0d-e81e-4394-808f-5b50f7cf5f2a|10.1.0.17:15023, d4ad8e12-a3d8-4b8c-888a-d359f75d29b2|10.1.0.17:15014, c55acdcd-41ed-4e13-9d38-7679e97508ee|10.1.0.17:15032]|listeners:[], old=null
2024-03-18 17:37:03,247 [c55acdcd-41ed-4e13-9d38-7679e97508ee@group-C9C4DC121C8B-LeaderElection8] INFO  server.RaftServerConfigKeys (ConfUtils.java:logFallback(53)) - raft.server.rpc.first-election.timeout.min = 5s (fallback to raft.server.rpc.timeout.min)
2024-03-18 17:37:03,248 [c55acdcd-41ed-4e13-9d38-7679e97508ee@group-C9C4DC121C8B-LeaderElection8] INFO  server.RaftServerConfigKeys (ConfUtils.java:logFallback(53)) - raft.server.rpc.first-election.timeout.max = 5200ms (fallback to raft.server.rpc.timeout.max)
2024-03-18 17:37:03,252 [grpc-default-executor-3] INFO  server.RaftServer$Division (RaftServerImpl.java:requestVote(1389)) - 56261a0d-e81e-4394-808f-5b50f7cf5f2a@group-C9C4DC121C8B: receive requestVote(PRE_VOTE, c55acdcd-41ed-4e13-9d38-7679e97508ee, group-C9C4DC121C8B, 0, (t:0, i:0))
2024-03-18 17:37:03,252 [grpc-default-executor-2] INFO  server.RaftServer$Division (RaftServerImpl.java:requestVote(1389)) - c55acdcd-41ed-4e13-9d38-7679e97508ee@group-C9C4DC121C8B: receive requestVote(PRE_VOTE, 56261a0d-e81e-4394-808f-5b50f7cf5f2a, group-C9C4DC121C8B, 0, (t:0, i:0))
2024-03-18 17:37:03,252 [grpc-default-executor-4] INFO  server.RaftServer$Division (RaftServerImpl.java:requestVote(1389)) - d4ad8e12-a3d8-4b8c-888a-d359f75d29b2@group-C9C4DC121C8B: receive requestVote(PRE_VOTE, 56261a0d-e81e-4394-808f-5b50f7cf5f2a, group-C9C4DC121C8B, 0, (t:0, i:0))
2024-03-18 17:37:03,252 [grpc-default-executor-2] INFO  impl.VoteContext (VoteContext.java:log(49)) - c55acdcd-41ed-4e13-9d38-7679e97508ee@group-C9C4DC121C8B-CANDIDATE: accept PRE_VOTE from 56261a0d-e81e-4394-808f-5b50f7cf5f2a: our priority 0 <= candidate's priority 0
2024-03-18 17:37:03,252 [grpc-default-executor-2] INFO  server.RaftServer$Division (RaftServerImpl.java:requestVote(1422)) - c55acdcd-41ed-4e13-9d38-7679e97508ee@group-C9C4DC121C8B replies to PRE_VOTE vote request: 56261a0d-e81e-4394-808f-5b50f7cf5f2a<-c55acdcd-41ed-4e13-9d38-7679e97508ee#0:OK-t0. Peer's state: c55acdcd-41ed-4e13-9d38-7679e97508ee@group-C9C4DC121C8B:t0, leader=null, voted=, raftlog=Memoized:c55acdcd-41ed-4e13-9d38-7679e97508ee@group-C9C4DC121C8B-SegmentedRaftLog:OPENED:c-1, conf=-1: peers:[56261a0d-e81e-4394-808f-5b50f7cf5f2a|10.1.0.17:15023, d4ad8e12-a3d8-4b8c-888a-d359f75d29b2|10.1.0.17:15014, c55acdcd-41ed-4e13-9d38-7679e97508ee|10.1.0.17:15032]|listeners:[], old=null
2024-03-18 17:37:03,252 [grpc-default-executor-3] INFO  impl.VoteContext (VoteContext.java:log(49)) - 56261a0d-e81e-4394-808f-5b50f7cf5f2a@group-C9C4DC121C8B-CANDIDATE: accept PRE_VOTE from c55acdcd-41ed-4e13-9d38-7679e97508ee: our priority 0 <= candidate's priority 0
2024-03-18 17:37:03,252 [grpc-default-executor-3] INFO  server.RaftServer$Division (RaftServerImpl.java:requestVote(1422)) - 56261a0d-e81e-4394-808f-5b50f7cf5f2a@group-C9C4DC121C8B replies to PRE_VOTE vote request: c55acdcd-41ed-4e13-9d38-7679e97508ee<-56261a0d-e81e-4394-808f-5b50f7cf5f2a#0:OK-t0. Peer's state: 56261a0d-e81e-4394-808f-5b50f7cf5f2a@group-C9C4DC121C8B:t0, leader=null, voted=, raftlog=Memoized:56261a0d-e81e-4394-808f-5b50f7cf5f2a@group-C9C4DC121C8B-SegmentedRaftLog:OPENED:c-1, conf=-1: peers:[56261a0d-e81e-4394-808f-5b50f7cf5f2a|10.1.0.17:15023, d4ad8e12-a3d8-4b8c-888a-d359f75d29b2|10.1.0.17:15014, c55acdcd-41ed-4e13-9d38-7679e97508ee|10.1.0.17:15032]|listeners:[], old=null
2024-03-18 17:37:03,252 [grpc-default-executor-4] INFO  impl.VoteContext (VoteContext.java:log(49)) - d4ad8e12-a3d8-4b8c-888a-d359f75d29b2@group-C9C4DC121C8B-FOLLOWER: reject PRE_VOTE from 56261a0d-e81e-4394-808f-5b50f7cf5f2a: our priority 1 > candidate's priority 0
2024-03-18 17:37:03,255 [grpc-default-executor-4] INFO  server.RaftServer$Division (RaftServerImpl.java:requestVote(1422)) - d4ad8e12-a3d8-4b8c-888a-d359f75d29b2@group-C9C4DC121C8B replies to PRE_VOTE vote request: 56261a0d-e81e-4394-808f-5b50f7cf5f2a<-d4ad8e12-a3d8-4b8c-888a-d359f75d29b2#0:FAIL-t0. Peer's state: d4ad8e12-a3d8-4b8c-888a-d359f75d29b2@group-C9C4DC121C8B:t0, leader=null, voted=, raftlog=Memoized:d4ad8e12-a3d8-4b8c-888a-d359f75d29b2@group-C9C4DC121C8B-SegmentedRaftLog:OPENED:c-1, conf=-1: peers:[56261a0d-e81e-4394-808f-5b50f7cf5f2a|10.1.0.17:15023, d4ad8e12-a3d8-4b8c-888a-d359f75d29b2|10.1.0.17:15014, c55acdcd-41ed-4e13-9d38-7679e97508ee|10.1.0.17:15032]|listeners:[], old=null
2024-03-18 17:37:03,259 [grpc-default-executor-4] INFO  server.RaftServer$Division (RaftServerImpl.java:requestVote(1389)) - d4ad8e12-a3d8-4b8c-888a-d359f75d29b2@group-C9C4DC121C8B: receive requestVote(PRE_VOTE, c55acdcd-41ed-4e13-9d38-7679e97508ee, group-C9C4DC121C8B, 0, (t:0, i:0))
2024-03-18 17:37:03,259 [grpc-default-executor-4] INFO  impl.VoteContext (VoteContext.java:log(49)) - d4ad8e12-a3d8-4b8c-888a-d359f75d29b2@group-C9C4DC121C8B-FOLLOWER: reject PRE_VOTE from c55acdcd-41ed-4e13-9d38-7679e97508ee: our priority 1 > candidate's priority 0
2024-03-18 17:37:03,260 [grpc-default-executor-4] INFO  server.RaftServer$Division (RaftServerImpl.java:requestVote(1422)) - d4ad8e12-a3d8-4b8c-888a-d359f75d29b2@group-C9C4DC121C8B replies to PRE_VOTE vote request: c55acdcd-41ed-4e13-9d38-7679e97508ee<-d4ad8e12-a3d8-4b8c-888a-d359f75d29b2#0:FAIL-t0. Peer's state: d4ad8e12-a3d8-4b8c-888a-d359f75d29b2@group-C9C4DC121C8B:t0, leader=null, voted=, raftlog=Memoized:d4ad8e12-a3d8-4b8c-888a-d359f75d29b2@group-C9C4DC121C8B-SegmentedRaftLog:OPENED:c-1, conf=-1: peers:[56261a0d-e81e-4394-808f-5b50f7cf5f2a|10.1.0.17:15023, d4ad8e12-a3d8-4b8c-888a-d359f75d29b2|10.1.0.17:15014, c55acdcd-41ed-4e13-9d38-7679e97508ee|10.1.0.17:15032]|listeners:[], old=null
2024-03-18 17:37:03,260 [56261a0d-e81e-4394-808f-5b50f7cf5f2a@group-C9C4DC121C8B-LeaderElection7] INFO  impl.LeaderElection (LeaderElection.java:logAndReturn(89)) - 56261a0d-e81e-4394-808f-5b50f7cf5f2a@group-C9C4DC121C8B-LeaderElection7: PRE_VOTE REJECTED received 2 response(s) and 0 exception(s):
2024-03-18 17:37:03,261 [56261a0d-e81e-4394-808f-5b50f7cf5f2a@group-C9C4DC121C8B-LeaderElection7] INFO  impl.LeaderElection (LeaderElection.java:logAndReturn(93)) -   Response 0: 56261a0d-e81e-4394-808f-5b50f7cf5f2a<-d4ad8e12-a3d8-4b8c-888a-d359f75d29b2#0:FAIL-t0
2024-03-18 17:37:03,261 [56261a0d-e81e-4394-808f-5b50f7cf5f2a@group-C9C4DC121C8B-LeaderElection7] INFO  impl.LeaderElection (LeaderElection.java:logAndReturn(93)) -   Response 1: 56261a0d-e81e-4394-808f-5b50f7cf5f2a<-c55acdcd-41ed-4e13-9d38-7679e97508ee#0:OK-t0
2024-03-18 17:37:03,261 [56261a0d-e81e-4394-808f-5b50f7cf5f2a@group-C9C4DC121C8B-LeaderElection7] INFO  impl.LeaderElection (LeaderElection.java:askForVotes(323)) - 56261a0d-e81e-4394-808f-5b50f7cf5f2a@group-C9C4DC121C8B-LeaderElection7 PRE_VOTE round 0: result REJECTED
2024-03-18 17:37:03,261 [56261a0d-e81e-4394-808f-5b50f7cf5f2a@group-C9C4DC121C8B-LeaderElection7] INFO  server.RaftServer$Division (RaftServerImpl.java:setRole(383)) - 56261a0d-e81e-4394-808f-5b50f7cf5f2a@group-C9C4DC121C8B: changes role from CANDIDATE to FOLLOWER at term 0 for REJECTED
2024-03-18 17:37:03,261 [56261a0d-e81e-4394-808f-5b50f7cf5f2a@group-C9C4DC121C8B-LeaderElection7] INFO  impl.RoleInfo (RoleInfo.java:shutdownLeaderElection(130)) - 56261a0d-e81e-4394-808f-5b50f7cf5f2a: shutdown 56261a0d-e81e-4394-808f-5b50f7cf5f2a@group-C9C4DC121C8B-LeaderElection7
2024-03-18 17:37:03,261 [56261a0d-e81e-4394-808f-5b50f7cf5f2a@group-C9C4DC121C8B-LeaderElection7] INFO  impl.RoleInfo (RoleInfo.java:updateAndGet(139)) - 56261a0d-e81e-4394-808f-5b50f7cf5f2a: start 56261a0d-e81e-4394-808f-5b50f7cf5f2a@group-C9C4DC121C8B-FollowerState
2024-03-18 17:37:03,262 [56261a0d-e81e-4394-808f-5b50f7cf5f2a@group-C9C4DC121C8B-LeaderElection7] INFO  server.RaftServer$Division (RaftServerImpl.java:setFirstElection(574)) - 56261a0d-e81e-4394-808f-5b50f7cf5f2a@group-C9C4DC121C8B: set firstElectionSinceStartup to false for REJECTED
2024-03-18 17:37:03,262 [c55acdcd-41ed-4e13-9d38-7679e97508ee@group-C9C4DC121C8B-LeaderElection8] INFO  impl.LeaderElection (LeaderElection.java:logAndReturn(89)) - c55acdcd-41ed-4e13-9d38-7679e97508ee@group-C9C4DC121C8B-LeaderElection8: PRE_VOTE REJECTED received 2 response(s) and 0 exception(s):
2024-03-18 17:37:03,265 [c55acdcd-41ed-4e13-9d38-7679e97508ee@group-C9C4DC121C8B-LeaderElection8] INFO  impl.LeaderElection (LeaderElection.java:logAndReturn(93)) -   Response 0: c55acdcd-41ed-4e13-9d38-7679e97508ee<-56261a0d-e81e-4394-808f-5b50f7cf5f2a#0:OK-t0
2024-03-18 17:37:03,265 [c55acdcd-41ed-4e13-9d38-7679e97508ee@group-C9C4DC121C8B-LeaderElection8] INFO  impl.LeaderElection (LeaderElection.java:logAndReturn(93)) -   Response 1: c55acdcd-41ed-4e13-9d38-7679e97508ee<-d4ad8e12-a3d8-4b8c-888a-d359f75d29b2#0:FAIL-t0
2024-03-18 17:37:03,265 [c55acdcd-41ed-4e13-9d38-7679e97508ee@group-C9C4DC121C8B-LeaderElection8] INFO  impl.LeaderElection (LeaderElection.java:askForVotes(323)) - c55acdcd-41ed-4e13-9d38-7679e97508ee@group-C9C4DC121C8B-LeaderElection8 PRE_VOTE round 0: result REJECTED
2024-03-18 17:37:03,265 [c55acdcd-41ed-4e13-9d38-7679e97508ee@group-C9C4DC121C8B-LeaderElection8] INFO  server.RaftServer$Division (RaftServerImpl.java:setRole(383)) - c55acdcd-41ed-4e13-9d38-7679e97508ee@group-C9C4DC121C8B: changes role from CANDIDATE to FOLLOWER at term 0 for REJECTED
2024-03-18 17:37:03,265 [c55acdcd-41ed-4e13-9d38-7679e97508ee@group-C9C4DC121C8B-LeaderElection8] INFO  impl.RoleInfo (RoleInfo.java:shutdownLeaderElection(130)) - c55acdcd-41ed-4e13-9d38-7679e97508ee: shutdown c55acdcd-41ed-4e13-9d38-7679e97508ee@group-C9C4DC121C8B-LeaderElection8
2024-03-18 17:37:03,265 [c55acdcd-41ed-4e13-9d38-7679e97508ee@group-C9C4DC121C8B-LeaderElection8] INFO  impl.RoleInfo (RoleInfo.java:updateAndGet(139)) - c55acdcd-41ed-4e13-9d38-7679e97508ee: start c55acdcd-41ed-4e13-9d38-7679e97508ee@group-C9C4DC121C8B-FollowerState
2024-03-18 17:37:03,266 [c55acdcd-41ed-4e13-9d38-7679e97508ee@group-C9C4DC121C8B-LeaderElection8] INFO  server.RaftServer$Division (RaftServerImpl.java:setFirstElection(574)) - c55acdcd-41ed-4e13-9d38-7679e97508ee@group-C9C4DC121C8B: set firstElectionSinceStartup to false for REJECTED
2024-03-18 17:37:03,287 [d4ad8e12-a3d8-4b8c-888a-d359f75d29b2@group-C9C4DC121C8B-FollowerState] INFO  impl.FollowerState (FollowerState.java:run(143)) - d4ad8e12-a3d8-4b8c-888a-d359f75d29b2@group-C9C4DC121C8B-FollowerState: change to CANDIDATE, lastRpcElapsedTime:5071098962ns, electionTimeout:5062ms
2024-03-18 17:37:03,287 [d4ad8e12-a3d8-4b8c-888a-d359f75d29b2@group-C9C4DC121C8B-FollowerState] INFO  impl.RoleInfo (RoleInfo.java:shutdownFollowerState(110)) - d4ad8e12-a3d8-4b8c-888a-d359f75d29b2: shutdown d4ad8e12-a3d8-4b8c-888a-d359f75d29b2@group-C9C4DC121C8B-FollowerState
2024-03-18 17:37:03,287 [d4ad8e12-a3d8-4b8c-888a-d359f75d29b2@group-C9C4DC121C8B-FollowerState] INFO  server.RaftServer$Division (RaftServerImpl.java:setRole(383)) - d4ad8e12-a3d8-4b8c-888a-d359f75d29b2@group-C9C4DC121C8B: changes role from  FOLLOWER to CANDIDATE at term 0 for changeToCandidate
2024-03-18 17:37:03,287 [d4ad8e12-a3d8-4b8c-888a-d359f75d29b2@group-C9C4DC121C8B-FollowerState] INFO  server.RaftServerConfigKeys (ConfUtils.java:logGet(46)) - raft.server.leaderelection.pre-vote = true (default)
2024-03-18 17:37:03,287 [d4ad8e12-a3d8-4b8c-888a-d359f75d29b2@group-C9C4DC121C8B-FollowerState] INFO  impl.RoleInfo (RoleInfo.java:updateAndGet(139)) - d4ad8e12-a3d8-4b8c-888a-d359f75d29b2: start d4ad8e12-a3d8-4b8c-888a-d359f75d29b2@group-C9C4DC121C8B-LeaderElection9
2024-03-18 17:37:03,288 [d4ad8e12-a3d8-4b8c-888a-d359f75d29b2@group-C9C4DC121C8B-LeaderElection9] INFO  impl.LeaderElection (LeaderElection.java:askForVotes(321)) - d4ad8e12-a3d8-4b8c-888a-d359f75d29b2@group-C9C4DC121C8B-LeaderElection9 PRE_VOTE round 0: submit vote requests at term 0 for -1: peers:[56261a0d-e81e-4394-808f-5b50f7cf5f2a|10.1.0.17:15023, d4ad8e12-a3d8-4b8c-888a-d359f75d29b2|10.1.0.17:15014, c55acdcd-41ed-4e13-9d38-7679e97508ee|10.1.0.17:15032]|listeners:[], old=null
2024-03-18 17:37:03,289 [d4ad8e12-a3d8-4b8c-888a-d359f75d29b2@group-C9C4DC121C8B-LeaderElection9] INFO  server.RaftServerConfigKeys (ConfUtils.java:logFallback(53)) - raft.server.rpc.first-election.timeout.min = 5s (fallback to raft.server.rpc.timeout.min)
2024-03-18 17:37:03,289 [d4ad8e12-a3d8-4b8c-888a-d359f75d29b2@group-C9C4DC121C8B-LeaderElection9] INFO  server.RaftServerConfigKeys (ConfUtils.java:logFallback(53)) - raft.server.rpc.first-election.timeout.max = 5200ms (fallback to raft.server.rpc.timeout.max)
2024-03-18 17:37:03,293 [grpc-default-executor-4] INFO  server.RaftServer$Division (RaftServerImpl.java:requestVote(1389)) - c55acdcd-41ed-4e13-9d38-7679e97508ee@group-C9C4DC121C8B: receive requestVote(PRE_VOTE, d4ad8e12-a3d8-4b8c-888a-d359f75d29b2, group-C9C4DC121C8B, 0, (t:0, i:0))
2024-03-18 17:37:03,293 [grpc-default-executor-4] INFO  impl.VoteContext (VoteContext.java:log(49)) - c55acdcd-41ed-4e13-9d38-7679e97508ee@group-C9C4DC121C8B-FOLLOWER: accept PRE_VOTE from d4ad8e12-a3d8-4b8c-888a-d359f75d29b2: our priority 0 <= candidate's priority 1
2024-03-18 17:37:03,293 [grpc-default-executor-4] INFO  server.RaftServer$Division (RaftServerImpl.java:requestVote(1422)) - c55acdcd-41ed-4e13-9d38-7679e97508ee@group-C9C4DC121C8B replies to PRE_VOTE vote request: d4ad8e12-a3d8-4b8c-888a-d359f75d29b2<-c55acdcd-41ed-4e13-9d38-7679e97508ee#0:OK-t0. Peer's state: c55acdcd-41ed-4e13-9d38-7679e97508ee@group-C9C4DC121C8B:t0, leader=null, voted=, raftlog=Memoized:c55acdcd-41ed-4e13-9d38-7679e97508ee@group-C9C4DC121C8B-SegmentedRaftLog:OPENED:c-1, conf=-1: peers:[56261a0d-e81e-4394-808f-5b50f7cf5f2a|10.1.0.17:15023, d4ad8e12-a3d8-4b8c-888a-d359f75d29b2|10.1.0.17:15014, c55acdcd-41ed-4e13-9d38-7679e97508ee|10.1.0.17:15032]|listeners:[], old=null
2024-03-18 17:37:03,295 [grpc-default-executor-4] INFO  server.RaftServer$Division (RaftServerImpl.java:requestVote(1389)) - 56261a0d-e81e-4394-808f-5b50f7cf5f2a@group-C9C4DC121C8B: receive requestVote(PRE_VOTE, d4ad8e12-a3d8-4b8c-888a-d359f75d29b2, group-C9C4DC121C8B, 0, (t:0, i:0))
2024-03-18 17:37:03,295 [grpc-default-executor-4] INFO  impl.VoteContext (VoteContext.java:log(49)) - 56261a0d-e81e-4394-808f-5b50f7cf5f2a@group-C9C4DC121C8B-FOLLOWER: accept PRE_VOTE from d4ad8e12-a3d8-4b8c-888a-d359f75d29b2: our priority 0 <= candidate's priority 1
2024-03-18 17:37:03,295 [grpc-default-executor-4] INFO  server.RaftServer$Division (RaftServerImpl.java:requestVote(1422)) - 56261a0d-e81e-4394-808f-5b50f7cf5f2a@group-C9C4DC121C8B replies to PRE_VOTE vote request: d4ad8e12-a3d8-4b8c-888a-d359f75d29b2<-56261a0d-e81e-4394-808f-5b50f7cf5f2a#0:OK-t0. Peer's state: 56261a0d-e81e-4394-808f-5b50f7cf5f2a@group-C9C4DC121C8B:t0, leader=null, voted=, raftlog=Memoized:56261a0d-e81e-4394-808f-5b50f7cf5f2a@group-C9C4DC121C8B-SegmentedRaftLog:OPENED:c-1, conf=-1: peers:[56261a0d-e81e-4394-808f-5b50f7cf5f2a|10.1.0.17:15023, d4ad8e12-a3d8-4b8c-888a-d359f75d29b2|10.1.0.17:15014, c55acdcd-41ed-4e13-9d38-7679e97508ee|10.1.0.17:15032]|listeners:[], old=null
2024-03-18 17:37:03,295 [d4ad8e12-a3d8-4b8c-888a-d359f75d29b2@group-C9C4DC121C8B-LeaderElection9] INFO  impl.LeaderElection (LeaderElection.java:logAndReturn(89)) - d4ad8e12-a3d8-4b8c-888a-d359f75d29b2@group-C9C4DC121C8B-LeaderElection9: PRE_VOTE PASSED received 1 response(s) and 0 exception(s):
2024-03-18 17:37:03,295 [d4ad8e12-a3d8-4b8c-888a-d359f75d29b2@group-C9C4DC121C8B-LeaderElection9] INFO  impl.LeaderElection (LeaderElection.java:logAndReturn(93)) -   Response 0: d4ad8e12-a3d8-4b8c-888a-d359f75d29b2<-c55acdcd-41ed-4e13-9d38-7679e97508ee#0:OK-t0
2024-03-18 17:37:03,295 [d4ad8e12-a3d8-4b8c-888a-d359f75d29b2@group-C9C4DC121C8B-LeaderElection9] INFO  impl.LeaderElection (LeaderElection.java:askForVotes(323)) - d4ad8e12-a3d8-4b8c-888a-d359f75d29b2@group-C9C4DC121C8B-LeaderElection9 PRE_VOTE round 0: result PASSED
2024-03-18 17:37:03,298 [d4ad8e12-a3d8-4b8c-888a-d359f75d29b2@group-C9C4DC121C8B-LeaderElection9] INFO  impl.LeaderElection (LeaderElection.java:askForVotes(321)) - d4ad8e12-a3d8-4b8c-888a-d359f75d29b2@group-C9C4DC121C8B-LeaderElection9 ELECTION round 0: submit vote requests at term 1 for -1: peers:[56261a0d-e81e-4394-808f-5b50f7cf5f2a|10.1.0.17:15023, d4ad8e12-a3d8-4b8c-888a-d359f75d29b2|10.1.0.17:15014, c55acdcd-41ed-4e13-9d38-7679e97508ee|10.1.0.17:15032]|listeners:[], old=null
2024-03-18 17:37:03,299 [d4ad8e12-a3d8-4b8c-888a-d359f75d29b2@group-C9C4DC121C8B-LeaderElection9] INFO  server.RaftServerConfigKeys (ConfUtils.java:logFallback(53)) - raft.server.rpc.first-election.timeout.min = 5s (fallback to raft.server.rpc.timeout.min)
2024-03-18 17:37:03,299 [d4ad8e12-a3d8-4b8c-888a-d359f75d29b2@group-C9C4DC121C8B-LeaderElection9] INFO  server.RaftServerConfigKeys (ConfUtils.java:logFallback(53)) - raft.server.rpc.first-election.timeout.max = 5200ms (fallback to raft.server.rpc.timeout.max)
2024-03-18 17:37:03,301 [grpc-default-executor-4] INFO  server.RaftServer$Division (RaftServerImpl.java:requestVote(1389)) - 56261a0d-e81e-4394-808f-5b50f7cf5f2a@group-C9C4DC121C8B: receive requestVote(ELECTION, d4ad8e12-a3d8-4b8c-888a-d359f75d29b2, group-C9C4DC121C8B, 1, (t:0, i:0))
2024-03-18 17:37:03,301 [grpc-default-executor-2] INFO  server.RaftServer$Division (RaftServerImpl.java:requestVote(1389)) - c55acdcd-41ed-4e13-9d38-7679e97508ee@group-C9C4DC121C8B: receive requestVote(ELECTION, d4ad8e12-a3d8-4b8c-888a-d359f75d29b2, group-C9C4DC121C8B, 1, (t:0, i:0))
2024-03-18 17:37:03,301 [grpc-default-executor-2] INFO  impl.VoteContext (VoteContext.java:log(49)) - c55acdcd-41ed-4e13-9d38-7679e97508ee@group-C9C4DC121C8B-FOLLOWER: accept ELECTION from d4ad8e12-a3d8-4b8c-888a-d359f75d29b2: our priority 0 <= candidate's priority 1
2024-03-18 17:37:03,301 [grpc-default-executor-2] INFO  server.RaftServer$Division (RaftServerImpl.java:setRole(383)) - c55acdcd-41ed-4e13-9d38-7679e97508ee@group-C9C4DC121C8B: changes role from  FOLLOWER to FOLLOWER at term 1 for candidate:d4ad8e12-a3d8-4b8c-888a-d359f75d29b2
2024-03-18 17:37:03,301 [grpc-default-executor-2] INFO  impl.RoleInfo (RoleInfo.java:shutdownFollowerState(110)) - c55acdcd-41ed-4e13-9d38-7679e97508ee: shutdown c55acdcd-41ed-4e13-9d38-7679e97508ee@group-C9C4DC121C8B-FollowerState
2024-03-18 17:37:03,301 [grpc-default-executor-2] INFO  impl.RoleInfo (RoleInfo.java:updateAndGet(139)) - c55acdcd-41ed-4e13-9d38-7679e97508ee: start c55acdcd-41ed-4e13-9d38-7679e97508ee@group-C9C4DC121C8B-FollowerState
2024-03-18 17:37:03,301 [grpc-default-executor-4] INFO  impl.VoteContext (VoteContext.java:log(49)) - 56261a0d-e81e-4394-808f-5b50f7cf5f2a@group-C9C4DC121C8B-FOLLOWER: accept ELECTION from d4ad8e12-a3d8-4b8c-888a-d359f75d29b2: our priority 0 <= candidate's priority 1
2024-03-18 17:37:03,301 [grpc-default-executor-4] INFO  server.RaftServer$Division (RaftServerImpl.java:setRole(383)) - 56261a0d-e81e-4394-808f-5b50f7cf5f2a@group-C9C4DC121C8B: changes role from  FOLLOWER to FOLLOWER at term 1 for candidate:d4ad8e12-a3d8-4b8c-888a-d359f75d29b2
2024-03-18 17:37:03,301 [grpc-default-executor-4] INFO  impl.RoleInfo (RoleInfo.java:shutdownFollowerState(110)) - 56261a0d-e81e-4394-808f-5b50f7cf5f2a: shutdown 56261a0d-e81e-4394-808f-5b50f7cf5f2a@group-C9C4DC121C8B-FollowerState
2024-03-18 17:37:03,301 [c55acdcd-41ed-4e13-9d38-7679e97508ee@group-C9C4DC121C8B-FollowerState] INFO  impl.FollowerState (FollowerState.java:run(152)) - c55acdcd-41ed-4e13-9d38-7679e97508ee@group-C9C4DC121C8B-FollowerState was interrupted
2024-03-18 17:37:03,302 [grpc-default-executor-4] INFO  impl.RoleInfo (RoleInfo.java:updateAndGet(139)) - 56261a0d-e81e-4394-808f-5b50f7cf5f2a: start 56261a0d-e81e-4394-808f-5b50f7cf5f2a@group-C9C4DC121C8B-FollowerState
2024-03-18 17:37:03,302 [56261a0d-e81e-4394-808f-5b50f7cf5f2a@group-C9C4DC121C8B-FollowerState] INFO  impl.FollowerState (FollowerState.java:run(152)) - 56261a0d-e81e-4394-808f-5b50f7cf5f2a@group-C9C4DC121C8B-FollowerState was interrupted
2024-03-18 17:37:03,304 [grpc-default-executor-2] INFO  server.RaftServer$Division (RaftServerImpl.java:requestVote(1422)) - c55acdcd-41ed-4e13-9d38-7679e97508ee@group-C9C4DC121C8B replies to ELECTION vote request: d4ad8e12-a3d8-4b8c-888a-d359f75d29b2<-c55acdcd-41ed-4e13-9d38-7679e97508ee#0:OK-t1. Peer's state: c55acdcd-41ed-4e13-9d38-7679e97508ee@group-C9C4DC121C8B:t1, leader=null, voted=d4ad8e12-a3d8-4b8c-888a-d359f75d29b2, raftlog=Memoized:c55acdcd-41ed-4e13-9d38-7679e97508ee@group-C9C4DC121C8B-SegmentedRaftLog:OPENED:c-1, conf=-1: peers:[56261a0d-e81e-4394-808f-5b50f7cf5f2a|10.1.0.17:15023, d4ad8e12-a3d8-4b8c-888a-d359f75d29b2|10.1.0.17:15014, c55acdcd-41ed-4e13-9d38-7679e97508ee|10.1.0.17:15032]|listeners:[], old=null
2024-03-18 17:37:03,306 [d4ad8e12-a3d8-4b8c-888a-d359f75d29b2@group-C9C4DC121C8B-LeaderElection9] INFO  impl.LeaderElection (LeaderElection.java:logAndReturn(89)) - d4ad8e12-a3d8-4b8c-888a-d359f75d29b2@group-C9C4DC121C8B-LeaderElection9: ELECTION PASSED received 1 response(s) and 0 exception(s):
2024-03-18 17:37:03,306 [d4ad8e12-a3d8-4b8c-888a-d359f75d29b2@group-C9C4DC121C8B-LeaderElection9] INFO  impl.LeaderElection (LeaderElection.java:logAndReturn(93)) -   Response 0: d4ad8e12-a3d8-4b8c-888a-d359f75d29b2<-c55acdcd-41ed-4e13-9d38-7679e97508ee#0:OK-t1
2024-03-18 17:37:03,306 [grpc-default-executor-4] INFO  server.RaftServer$Division (RaftServerImpl.java:requestVote(1422)) - 56261a0d-e81e-4394-808f-5b50f7cf5f2a@group-C9C4DC121C8B replies to ELECTION vote request: d4ad8e12-a3d8-4b8c-888a-d359f75d29b2<-56261a0d-e81e-4394-808f-5b50f7cf5f2a#0:OK-t1. Peer's state: 56261a0d-e81e-4394-808f-5b50f7cf5f2a@group-C9C4DC121C8B:t1, leader=null, voted=d4ad8e12-a3d8-4b8c-888a-d359f75d29b2, raftlog=Memoized:56261a0d-e81e-4394-808f-5b50f7cf5f2a@group-C9C4DC121C8B-SegmentedRaftLog:OPENED:c-1, conf=-1: peers:[56261a0d-e81e-4394-808f-5b50f7cf5f2a|10.1.0.17:15023, d4ad8e12-a3d8-4b8c-888a-d359f75d29b2|10.1.0.17:15014, c55acdcd-41ed-4e13-9d38-7679e97508ee|10.1.0.17:15032]|listeners:[], old=null
2024-03-18 17:37:03,306 [d4ad8e12-a3d8-4b8c-888a-d359f75d29b2@group-C9C4DC121C8B-LeaderElection9] INFO  impl.LeaderElection (LeaderElection.java:askForVotes(323)) - d4ad8e12-a3d8-4b8c-888a-d359f75d29b2@group-C9C4DC121C8B-LeaderElection9 ELECTION round 0: result PASSED
2024-03-18 17:37:03,306 [d4ad8e12-a3d8-4b8c-888a-d359f75d29b2@group-C9C4DC121C8B-LeaderElection9] INFO  impl.RoleInfo (RoleInfo.java:shutdownLeaderElection(130)) - d4ad8e12-a3d8-4b8c-888a-d359f75d29b2: shutdown d4ad8e12-a3d8-4b8c-888a-d359f75d29b2@group-C9C4DC121C8B-LeaderElection9
2024-03-18 17:37:03,307 [d4ad8e12-a3d8-4b8c-888a-d359f75d29b2@group-C9C4DC121C8B-LeaderElection9] INFO  server.RaftServer$Division (RaftServerImpl.java:setRole(383)) - d4ad8e12-a3d8-4b8c-888a-d359f75d29b2@group-C9C4DC121C8B: changes role from CANDIDATE to LEADER at term 1 for changeToLeader
2024-03-18 17:37:03,307 [d4ad8e12-a3d8-4b8c-888a-d359f75d29b2@group-C9C4DC121C8B-LeaderElection9] INFO  server.RaftServerConfigKeys (ConfUtils.java:logGet(46)) - raft.server.staging.catchup.gap = 1000 (default)
2024-03-18 17:37:03,307 [d4ad8e12-a3d8-4b8c-888a-d359f75d29b2@group-C9C4DC121C8B-LeaderElection9] INFO  server.RaftServerConfigKeys (ConfUtils.java:logGet(46)) - raft.server.write.element-limit = 1024 (custom)
2024-03-18 17:37:03,308 [d4ad8e12-a3d8-4b8c-888a-d359f75d29b2@group-C9C4DC121C8B-LeaderElection9] INFO  server.RaftServerConfigKeys (ConfUtils.java:logGet(46)) - raft.server.write.byte-limit = 1024 M (=1073741824) (custom)
2024-03-18 17:37:03,308 [d4ad8e12-a3d8-4b8c-888a-d359f75d29b2@group-C9C4DC121C8B-LeaderElection9] INFO  server.RaftServerConfigKeys (ConfUtils.java:logGet(46)) - raft.server.watch.timeout = 180s (custom)
2024-03-18 17:37:03,308 [d4ad8e12-a3d8-4b8c-888a-d359f75d29b2@group-C9C4DC121C8B-LeaderElection9] INFO  server.RaftServerConfigKeys (ConfUtils.java:logGet(46)) - raft.server.watch.timeout.denomination = 1s (default)
2024-03-18 17:37:03,308 [d4ad8e12-a3d8-4b8c-888a-d359f75d29b2@group-C9C4DC121C8B-LeaderElection9] INFO  server.RaftServerConfigKeys (ConfUtils.java:logGet(46)) - raft.server.watch.element-limit = 65536 (default)
2024-03-18 17:37:03,308 [d4ad8e12-a3d8-4b8c-888a-d359f75d29b2@group-C9C4DC121C8B-LeaderElection9] INFO  server.RaftServerConfigKeys (ConfUtils.java:logGet(46)) - raft.server.read.leader.lease.enabled = false (default)
2024-03-18 17:37:03,308 [d4ad8e12-a3d8-4b8c-888a-d359f75d29b2@group-C9C4DC121C8B-LeaderElection9] INFO  server.RaftServerConfigKeys (ConfUtils.java:logGet(46)) - raft.server.read.leader.lease.timeout.ratio = 0.9 (default)
2024-03-18 17:37:03,309 [d4ad8e12-a3d8-4b8c-888a-d359f75d29b2@group-C9C4DC121C8B-LeaderElection9] INFO  server.RaftServerConfigKeys (ConfUtils.java:logGet(46)) - raft.server.rpc.timeout.min = 5s (custom)
2024-03-18 17:37:03,309 [d4ad8e12-a3d8-4b8c-888a-d359f75d29b2@group-C9C4DC121C8B-LeaderElection9] INFO  server.RaftServerConfigKeys (ConfUtils.java:logGet(46)) - raft.server.write.element-limit = 1024 (custom)
2024-03-18 17:37:03,309 [d4ad8e12-a3d8-4b8c-888a-d359f75d29b2@group-C9C4DC121C8B-LeaderElection9] INFO  server.RaftServerConfigKeys (ConfUtils.java:logGet(46)) - raft.server.write.follower.gap.ratio.max = -1.0 (default)
2024-03-18 17:37:03,309 [d4ad8e12-a3d8-4b8c-888a-d359f75d29b2@group-C9C4DC121C8B-LeaderElection9] INFO  server.RaftServerConfigKeys (ConfUtils.java:logGet(46)) - raft.server.log.appender.snapshot.chunk.size.max = 16MB (=16777216) (default)
2024-03-18 17:37:03,309 [d4ad8e12-a3d8-4b8c-888a-d359f75d29b2@group-C9C4DC121C8B-LeaderElection9] INFO  server.RaftServerConfigKeys (ConfUtils.java:logGet(46)) - raft.server.log.appender.buffer.byte-limit = 8388608 (custom)
2024-03-18 17:37:03,310 [d4ad8e12-a3d8-4b8c-888a-d359f75d29b2@group-C9C4DC121C8B-LeaderElection9] INFO  server.RaftServerConfigKeys (ConfUtils.java:logGet(46)) - raft.server.log.appender.buffer.element-limit = 1 (custom)
2024-03-18 17:37:03,310 [d4ad8e12-a3d8-4b8c-888a-d359f75d29b2@group-C9C4DC121C8B-LeaderElection9] INFO  server.RaftServerConfigKeys (ConfUtils.java:logGet(46)) - raft.server.log.appender.wait-time.min = 0μs (custom)
2024-03-18 17:37:03,310 [d4ad8e12-a3d8-4b8c-888a-d359f75d29b2@group-C9C4DC121C8B-LeaderElection9] INFO  grpc.GrpcConfigKeys (ConfUtils.java:logGet(46)) - raft.grpc.server.leader.outstanding.appends.max = 8 (default)
2024-03-18 17:37:03,310 [d4ad8e12-a3d8-4b8c-888a-d359f75d29b2@group-C9C4DC121C8B-LeaderElection9] INFO  server.RaftServerConfigKeys (ConfUtils.java:logGet(46)) - raft.server.rpc.request.timeout = 60s (custom)
2024-03-18 17:37:03,310 [d4ad8e12-a3d8-4b8c-888a-d359f75d29b2@group-C9C4DC121C8B-LeaderElection9] INFO  grpc.GrpcConfigKeys (ConfUtils.java:logGet(46)) - raft.grpc.server.install_snapshot.request.element-limit = 8 (default)
2024-03-18 17:37:03,311 [d4ad8e12-a3d8-4b8c-888a-d359f75d29b2@group-C9C4DC121C8B-LeaderElection9] INFO  grpc.GrpcConfigKeys (ConfUtils.java:logGet(46)) - raft.grpc.server.install_snapshot.request.timeout = 3000ms (default)
2024-03-18 17:37:03,311 [d4ad8e12-a3d8-4b8c-888a-d359f75d29b2@group-C9C4DC121C8B-LeaderElection9] INFO  grpc.GrpcConfigKeys (ConfUtils.java:logGet(46)) - raft.grpc.server.log-message.batch.duration = 5s (default)
2024-03-18 17:37:03,311 [d4ad8e12-a3d8-4b8c-888a-d359f75d29b2@group-C9C4DC121C8B-LeaderElection9] INFO  server.RaftServerConfigKeys (ConfUtils.java:logGet(46)) - raft.server.log.appender.install.snapshot.enabled = false (custom)
2024-03-18 17:37:03,311 [d4ad8e12-a3d8-4b8c-888a-d359f75d29b2@group-C9C4DC121C8B-LeaderElection9] INFO  grpc.GrpcConfigKeys (ConfUtils.java:logGet(46)) - raft.grpc.server.heartbeat.channel = true (default)
2024-03-18 17:37:03,312 [d4ad8e12-a3d8-4b8c-888a-d359f75d29b2@group-C9C4DC121C8B-LeaderElection9] INFO  server.RaftServerConfigKeys (ConfUtils.java:logGet(46)) - raft.server.log.appender.snapshot.chunk.size.max = 16MB (=16777216) (default)
2024-03-18 17:37:03,312 [d4ad8e12-a3d8-4b8c-888a-d359f75d29b2@group-C9C4DC121C8B-LeaderElection9] INFO  server.RaftServerConfigKeys (ConfUtils.java:logGet(46)) - raft.server.log.appender.buffer.byte-limit = 8388608 (custom)
2024-03-18 17:37:03,312 [d4ad8e12-a3d8-4b8c-888a-d359f75d29b2@group-C9C4DC121C8B-LeaderElection9] INFO  server.RaftServerConfigKeys (ConfUtils.java:logGet(46)) - raft.server.log.appender.buffer.element-limit = 1 (custom)
2024-03-18 17:37:03,312 [d4ad8e12-a3d8-4b8c-888a-d359f75d29b2@group-C9C4DC121C8B-LeaderElection9] INFO  server.RaftServerConfigKeys (ConfUtils.java:logGet(46)) - raft.server.log.appender.wait-time.min = 0μs (custom)
2024-03-18 17:37:03,312 [d4ad8e12-a3d8-4b8c-888a-d359f75d29b2@group-C9C4DC121C8B-LeaderElection9] INFO  grpc.GrpcConfigKeys (ConfUtils.java:logGet(46)) - raft.grpc.server.leader.outstanding.appends.max = 8 (default)
2024-03-18 17:37:03,313 [d4ad8e12-a3d8-4b8c-888a-d359f75d29b2@group-C9C4DC121C8B-LeaderElection9] INFO  server.RaftServerConfigKeys (ConfUtils.java:logGet(46)) - raft.server.rpc.request.timeout = 60s (custom)
2024-03-18 17:37:03,313 [d4ad8e12-a3d8-4b8c-888a-d359f75d29b2@group-C9C4DC121C8B-LeaderElection9] INFO  grpc.GrpcConfigKeys (ConfUtils.java:logGet(46)) - raft.grpc.server.install_snapshot.request.element-limit = 8 (default)
2024-03-18 17:37:03,313 [d4ad8e12-a3d8-4b8c-888a-d359f75d29b2@group-C9C4DC121C8B-LeaderElection9] INFO  grpc.GrpcConfigKeys (ConfUtils.java:logGet(46)) - raft.grpc.server.install_snapshot.request.timeout = 3000ms (default)
2024-03-18 17:37:03,313 [d4ad8e12-a3d8-4b8c-888a-d359f75d29b2@group-C9C4DC121C8B-LeaderElection9] INFO  grpc.GrpcConfigKeys (ConfUtils.java:logGet(46)) - raft.grpc.server.log-message.batch.duration = 5s (default)
2024-03-18 17:37:03,313 [d4ad8e12-a3d8-4b8c-888a-d359f75d29b2@group-C9C4DC121C8B-LeaderElection9] INFO  server.RaftServerConfigKeys (ConfUtils.java:logGet(46)) - raft.server.log.appender.install.snapshot.enabled = false (custom)
2024-03-18 17:37:03,313 [d4ad8e12-a3d8-4b8c-888a-d359f75d29b2@group-C9C4DC121C8B-LeaderElection9] INFO  grpc.GrpcConfigKeys (ConfUtils.java:logGet(46)) - raft.grpc.server.heartbeat.channel = true (default)
2024-03-18 17:37:03,313 [d4ad8e12-a3d8-4b8c-888a-d359f75d29b2@group-C9C4DC121C8B-LeaderElection9] INFO  impl.RoleInfo (RoleInfo.java:updateAndGet(139)) - d4ad8e12-a3d8-4b8c-888a-d359f75d29b2: start d4ad8e12-a3d8-4b8c-888a-d359f75d29b2@group-C9C4DC121C8B-LeaderStateImpl
2024-03-18 17:37:03,313 [d4ad8e12-a3d8-4b8c-888a-d359f75d29b2@group-C9C4DC121C8B-LeaderElection9] INFO  server.RaftServer$Division (RaftServerImpl.java:setFirstElection(574)) - d4ad8e12-a3d8-4b8c-888a-d359f75d29b2@group-C9C4DC121C8B: set firstElectionSinceStartup to false for becomeLeader
2024-03-18 17:37:03,313 [d4ad8e12-a3d8-4b8c-888a-d359f75d29b2@group-C9C4DC121C8B-LeaderElection9] INFO  ratis.XceiverServerRatis (XceiverServerRatis.java:handleLeaderChangedNotification(966)) - Leader change notification received for group: group-C9C4DC121C8B with new leaderId: d4ad8e12-a3d8-4b8c-888a-d359f75d29b2
2024-03-18 17:37:03,314 [d4ad8e12-a3d8-4b8c-888a-d359f75d29b2@group-C9C4DC121C8B-LeaderElection9] INFO  server.RaftServer$Division (ServerState.java:setLeader(269)) - d4ad8e12-a3d8-4b8c-888a-d359f75d29b2@group-C9C4DC121C8B: change Leader from null to d4ad8e12-a3d8-4b8c-888a-d359f75d29b2 at term 1 for becomeLeader, leader elected after 5134ms
2024-03-18 17:37:03,314 [d4ad8e12-a3d8-4b8c-888a-d359f75d29b2@group-C9C4DC121C8B-LeaderElection9] INFO  segmented.SegmentedRaftLogWorker (SegmentedRaftLogWorker.java:startLogSegment(430)) - d4ad8e12-a3d8-4b8c-888a-d359f75d29b2@group-C9C4DC121C8B-SegmentedRaftLogWorker: Starting segment from index:0
2024-03-18 17:37:03,315 [d4ad8e12-a3d8-4b8c-888a-d359f75d29b2@group-C9C4DC121C8B-LeaderElection9] INFO  server.RaftServer$Division (ServerState.java:setRaftConf(386)) - d4ad8e12-a3d8-4b8c-888a-d359f75d29b2@group-C9C4DC121C8B: set configuration 0: peers:[56261a0d-e81e-4394-808f-5b50f7cf5f2a|10.1.0.17:15023, d4ad8e12-a3d8-4b8c-888a-d359f75d29b2|10.1.0.17:15014, c55acdcd-41ed-4e13-9d38-7679e97508ee|10.1.0.17:15032]|listeners:[], old=null
2024-03-18 17:37:03,319 [d4ad8e12-a3d8-4b8c-888a-d359f75d29b2@group-C9C4DC121C8B-SegmentedRaftLogWorker] INFO  segmented.BufferedWriteChannel (BufferedWriteChannel.java:open(62)) - open log_inprogress_0 at position 0
2024-03-18 17:37:03,323 [EventQueue-PipelineReportForPipelineReportHandler] INFO  pipeline.PipelineReportHandler (PipelineReportHandler.java:processPipelineReport(136)) - Opened pipeline PipelineID=6c854ea3-c611-4d33-8107-c9c4dc121c8b
2024-03-18 17:37:03,326 [d4ad8e12-a3d8-4b8c-888a-d359f75d29b2@group-C9C4DC121C8B-SegmentedRaftLogWorker] INFO  segmented.SegmentedRaftLogWorker (SegmentedRaftLogWorker.java:execute(634)) - d4ad8e12-a3d8-4b8c-888a-d359f75d29b2@group-C9C4DC121C8B-SegmentedRaftLogWorker: created new log segment /home/runner/work/ozone/ozone/hadoop-ozone/integration-test/target/test-dir/MiniOzoneClusterImpl-fcb2b1b2-065d-4164-ad15-2f123479485b/ozone-meta/datanode-1/ratis/6c854ea3-c611-4d33-8107-c9c4dc121c8b/current/log_inprogress_0
2024-03-18 17:37:03,329 [56261a0d-e81e-4394-808f-5b50f7cf5f2a-server-thread1] INFO  ratis.XceiverServerRatis (XceiverServerRatis.java:handleLeaderChangedNotification(966)) - Leader change notification received for group: group-C9C4DC121C8B with new leaderId: d4ad8e12-a3d8-4b8c-888a-d359f75d29b2
2024-03-18 17:37:03,329 [56261a0d-e81e-4394-808f-5b50f7cf5f2a-server-thread1] INFO  server.RaftServer$Division (ServerState.java:setLeader(269)) - 56261a0d-e81e-4394-808f-5b50f7cf5f2a@group-C9C4DC121C8B: change Leader from null to d4ad8e12-a3d8-4b8c-888a-d359f75d29b2 at term 1 for appendEntries, leader elected after 5173ms
2024-03-18 17:37:03,339 [c55acdcd-41ed-4e13-9d38-7679e97508ee-server-thread1] INFO  ratis.XceiverServerRatis (XceiverServerRatis.java:handleLeaderChangedNotification(966)) - Leader change notification received for group: group-C9C4DC121C8B with new leaderId: d4ad8e12-a3d8-4b8c-888a-d359f75d29b2
2024-03-18 17:37:03,343 [c55acdcd-41ed-4e13-9d38-7679e97508ee-server-thread1] INFO  server.RaftServer$Division (ServerState.java:setLeader(269)) - c55acdcd-41ed-4e13-9d38-7679e97508ee@group-C9C4DC121C8B: change Leader from null to d4ad8e12-a3d8-4b8c-888a-d359f75d29b2 at term 1 for appendEntries, leader elected after 5178ms
2024-03-18 17:37:03,343 [56261a0d-e81e-4394-808f-5b50f7cf5f2a-server-thread2] INFO  server.RaftServer$Division (ServerState.java:setRaftConf(386)) - 56261a0d-e81e-4394-808f-5b50f7cf5f2a@group-C9C4DC121C8B: set configuration 0: peers:[56261a0d-e81e-4394-808f-5b50f7cf5f2a|10.1.0.17:15023, d4ad8e12-a3d8-4b8c-888a-d359f75d29b2|10.1.0.17:15014, c55acdcd-41ed-4e13-9d38-7679e97508ee|10.1.0.17:15032]|listeners:[], old=null
2024-03-18 17:37:03,343 [56261a0d-e81e-4394-808f-5b50f7cf5f2a-server-thread2] INFO  segmented.SegmentedRaftLogWorker (SegmentedRaftLogWorker.java:startLogSegment(430)) - 56261a0d-e81e-4394-808f-5b50f7cf5f2a@group-C9C4DC121C8B-SegmentedRaftLogWorker: Starting segment from index:0
2024-03-18 17:37:03,344 [56261a0d-e81e-4394-808f-5b50f7cf5f2a@group-C9C4DC121C8B-SegmentedRaftLogWorker] INFO  segmented.BufferedWriteChannel (BufferedWriteChannel.java:open(62)) - open log_inprogress_0 at position 0
2024-03-18 17:37:03,351 [c55acdcd-41ed-4e13-9d38-7679e97508ee-server-thread2] INFO  server.RaftServer$Division (ServerState.java:setRaftConf(386)) - c55acdcd-41ed-4e13-9d38-7679e97508ee@group-C9C4DC121C8B: set configuration 0: peers:[56261a0d-e81e-4394-808f-5b50f7cf5f2a|10.1.0.17:15023, d4ad8e12-a3d8-4b8c-888a-d359f75d29b2|10.1.0.17:15014, c55acdcd-41ed-4e13-9d38-7679e97508ee|10.1.0.17:15032]|listeners:[], old=null
2024-03-18 17:37:03,351 [c55acdcd-41ed-4e13-9d38-7679e97508ee-server-thread2] INFO  segmented.SegmentedRaftLogWorker (SegmentedRaftLogWorker.java:startLogSegment(430)) - c55acdcd-41ed-4e13-9d38-7679e97508ee@group-C9C4DC121C8B-SegmentedRaftLogWorker: Starting segment from index:0
2024-03-18 17:37:03,351 [c55acdcd-41ed-4e13-9d38-7679e97508ee@group-C9C4DC121C8B-SegmentedRaftLogWorker] INFO  segmented.BufferedWriteChannel (BufferedWriteChannel.java:open(62)) - open log_inprogress_0 at position 0
2024-03-18 17:37:03,353 [56261a0d-e81e-4394-808f-5b50f7cf5f2a@group-C9C4DC121C8B-SegmentedRaftLogWorker] INFO  segmented.SegmentedRaftLogWorker (SegmentedRaftLogWorker.java:execute(634)) - 56261a0d-e81e-4394-808f-5b50f7cf5f2a@group-C9C4DC121C8B-SegmentedRaftLogWorker: created new log segment /home/runner/work/ozone/ozone/hadoop-ozone/integration-test/target/test-dir/MiniOzoneClusterImpl-fcb2b1b2-065d-4164-ad15-2f123479485b/ozone-meta/datanode-2/ratis/6c854ea3-c611-4d33-8107-c9c4dc121c8b/current/log_inprogress_0
2024-03-18 17:37:03,359 [c55acdcd-41ed-4e13-9d38-7679e97508ee@group-C9C4DC121C8B-SegmentedRaftLogWorker] INFO  segmented.SegmentedRaftLogWorker (SegmentedRaftLogWorker.java:execute(634)) - c55acdcd-41ed-4e13-9d38-7679e97508ee@group-C9C4DC121C8B-SegmentedRaftLogWorker: created new log segment /home/runner/work/ozone/ozone/hadoop-ozone/integration-test/target/test-dir/MiniOzoneClusterImpl-fcb2b1b2-065d-4164-ad15-2f123479485b/ozone-meta/datanode-3/ratis/6c854ea3-c611-4d33-8107-c9c4dc121c8b/current/log_inprogress_0
2024-03-18 17:37:03,359 [d4ad8e12-a3d8-4b8c-888a-d359f75d29b2@group-C9C4DC121C8B-StateMachineUpdater] INFO  server.RaftServer$Division (LeaderStateImpl.java:isApplied(320)) - leader is ready since appliedIndex == 0 >= startIndex == 0
2024-03-18 17:37:03,851 [main] INFO  ozone.MiniOzoneClusterImpl (MiniOzoneClusterImpl.java:lambda$waitForClusterToBeReady$0(194)) - Nodes are ready. Got 3 of 3 DN Heartbeats.
2024-03-18 17:37:03,851 [main] INFO  ozone.MiniOzoneClusterImpl (MiniOzoneClusterImpl.java:lambda$waitForClusterToBeReady$0(197)) - Cluster exits safe mode
2024-03-18 17:37:03,851 [main] INFO  ozone.MiniOzoneClusterImpl (MiniOzoneClusterImpl.java:lambda$waitForClusterToBeReady$0(199)) - SCM became leader
2024-03-18 17:37:03,868 [main] INFO  protocolPB.OmTransportFactory (OmTransportFactory.java:createFactory(62)) - Loading OM transport implementation org.apache.hadoop.ozone.om.protocolPB.Hadoop3OmTransportFactory as specified by configuration.
2024-03-18 17:37:04,253 [main] INFO  rpc.RpcClient (RpcClient.java:createVolume(465)) - Creating Volume: fc4892df-f0e4-4e52-91ab-830807c09907, with runner as owner and space quota set to -1 bytes, counts quota set to -1
2024-03-18 17:37:04,293 [om1-OMStateMachineApplyTransactionThread - 0] INFO  volume.OMVolumeCreateRequest (OMVolumeCreateRequest.java:validateAndUpdateCache(198)) - created volume:fc4892df-f0e4-4e52-91ab-830807c09907 for user:runner
2024-03-18 17:37:04,301 [om1-OMDoubleBufferFlushThread] INFO  helpers.OmKeyInfo (OmKeyInfo.java:getCodec(71)) - OmKeyInfo.getCodec ignorePipeline = true
2024-03-18 17:37:04,301 [om1-OMDoubleBufferFlushThread] INFO  helpers.OmKeyInfo (OmKeyInfo.java:getCodec(71)) - OmKeyInfo.getCodec ignorePipeline = true
2024-03-18 17:37:04,301 [om1-OMDoubleBufferFlushThread] INFO  helpers.OmKeyInfo (OmKeyInfo.java:getCodec(71)) - OmKeyInfo.getCodec ignorePipeline = true
2024-03-18 17:37:04,301 [om1-OMDoubleBufferFlushThread] INFO  helpers.OmKeyInfo (OmKeyInfo.java:getCodec(71)) - OmKeyInfo.getCodec ignorePipeline = true
2024-03-18 17:37:04,301 [om1-OMDoubleBufferFlushThread] INFO  helpers.OmKeyInfo (OmKeyInfo.java:getCodec(71)) - OmKeyInfo.getCodec ignorePipeline = true
2024-03-18 17:37:04,311 [main] INFO  rpc.RpcClient (RpcClient.java:createBucket(691)) - Creating Bucket: fc4892df-f0e4-4e52-91ab-830807c09907/29488f62-83d1-41bc-8509-4b529b23eeef, with bucket layout OBJECT_STORE, runner as owner, Versioning false, Storage Type set to DISK and Encryption set to false, Replication Type set to server-side default replication type, Namespace Quota set to -1, Space Quota set to -1 
2024-03-18 17:37:04,322 [om1-OMStateMachineApplyTransactionThread - 0] INFO  bucket.OMBucketCreateRequest (OMBucketCreateRequest.java:validateAndUpdateCache(293)) - created bucket: 29488f62-83d1-41bc-8509-4b529b23eeef of layout OBJECT_STORE in volume: fc4892df-f0e4-4e52-91ab-830807c09907
2024-03-18 17:37:04,365 [IPC Server handler 11 on default port 15001] INFO  ha.SequenceIdGenerator (SequenceIdGenerator.java:getNextId(145)) - Allocate a batch for containerId, change lastId from 0 to 1000.
2024-03-18 17:37:04,372 [IPC Server handler 11 on default port 15001] WARN  ha.SequenceIdGenerator (SequenceIdGenerator.java:allocateBatch(258)) - Failed to allocate a batch for localId, expected lastId is 0, actual lastId is 113750153625600000.
2024-03-18 17:37:04,372 [IPC Server handler 11 on default port 15001] INFO  ha.SequenceIdGenerator (SequenceIdGenerator.java:getNextId(145)) - Allocate a batch for localId, change lastId from 113750153625600000 to 113750153625601000.
2024-03-18 17:37:04,431 [main] INFO  impl.MetricsSystemImpl (MetricsSystemImpl.java:init(158)) - XceiverClientMetrics metrics system started (again)
2024-03-18 17:37:04,431 [main] INFO  lib.Interns (Interns.java:removeEldestEntry(50)) - Metrics intern cache overflow at 2011 for MetricsSystem={MetricsSystem=MetricsInfoImpl{name=MetricsSystem, description=MetricsSystem}, MetricsSystem record=MetricsInfoImpl{name=MetricsSystem, description=MetricsSystem record}}
2024-03-18 17:37:04,701 [om1-OMStateMachineApplyTransactionThread - 0] WARN  helpers.QuotaUtil (QuotaUtil.java:getReplicatedSize(63)) - Unknown replication type 'STAND_ALONE'. Returning original data size.
2024-03-18 17:37:04,819 [om1-OMStateMachineApplyTransactionThread - 0] WARN  helpers.QuotaUtil (QuotaUtil.java:getReplicatedSize(63)) - Unknown replication type 'STAND_ALONE'. Returning original data size.
2024-03-18 17:37:04,939 [om1-OMStateMachineApplyTransactionThread - 0] WARN  helpers.QuotaUtil (QuotaUtil.java:getReplicatedSize(63)) - Unknown replication type 'STAND_ALONE'. Returning original data size.
2024-03-18 17:37:05,035 [om1-OMStateMachineApplyTransactionThread - 0] WARN  helpers.QuotaUtil (QuotaUtil.java:getReplicatedSize(63)) - Unknown replication type 'STAND_ALONE'. Returning original data size.
2024-03-18 17:37:05,140 [om1-OMStateMachineApplyTransactionThread - 0] WARN  helpers.QuotaUtil (QuotaUtil.java:getReplicatedSize(63)) - Unknown replication type 'STAND_ALONE'. Returning original data size.
2024-03-18 17:37:05,247 [om1-OMStateMachineApplyTransactionThread - 0] WARN  helpers.QuotaUtil (QuotaUtil.java:getReplicatedSize(63)) - Unknown replication type 'STAND_ALONE'. Returning original data size.
2024-03-18 17:37:05,359 [om1-OMStateMachineApplyTransactionThread - 0] WARN  helpers.QuotaUtil (QuotaUtil.java:getReplicatedSize(63)) - Unknown replication type 'STAND_ALONE'. Returning original data size.
2024-03-18 17:37:05,453 [om1-OMStateMachineApplyTransactionThread - 0] WARN  helpers.QuotaUtil (QuotaUtil.java:getReplicatedSize(63)) - Unknown replication type 'STAND_ALONE'. Returning original data size.
2024-03-18 17:37:05,552 [om1-OMStateMachineApplyTransactionThread - 0] WARN  helpers.QuotaUtil (QuotaUtil.java:getReplicatedSize(63)) - Unknown replication type 'STAND_ALONE'. Returning original data size.
2024-03-18 17:37:05,649 [om1-OMStateMachineApplyTransactionThread - 0] WARN  helpers.QuotaUtil (QuotaUtil.java:getReplicatedSize(63)) - Unknown replication type 'STAND_ALONE'. Returning original data size.
2024-03-18 17:37:05,741 [om1-OMStateMachineApplyTransactionThread - 0] WARN  helpers.QuotaUtil (QuotaUtil.java:getReplicatedSize(63)) - Unknown replication type 'STAND_ALONE'. Returning original data size.
2024-03-18 17:37:05,833 [om1-OMStateMachineApplyTransactionThread - 0] WARN  helpers.QuotaUtil (QuotaUtil.java:getReplicatedSize(63)) - Unknown replication type 'STAND_ALONE'. Returning original data size.
2024-03-18 17:37:05,925 [om1-OMStateMachineApplyTransactionThread - 0] WARN  helpers.QuotaUtil (QuotaUtil.java:getReplicatedSize(63)) - Unknown replication type 'STAND_ALONE'. Returning original data size.
2024-03-18 17:37:06,002 [om1-OMStateMachineApplyTransactionThread - 0] WARN  helpers.QuotaUtil (QuotaUtil.java:getReplicatedSize(63)) - Unknown replication type 'STAND_ALONE'. Returning original data size.
2024-03-18 17:37:06,057 [main] INFO  ozone.MiniOzoneClusterImpl (MiniOzoneClusterImpl.java:shutdown(396)) - Shutting down the Mini Ozone Cluster
2024-03-18 17:37:06,058 [main] INFO  db.CodecTestUtil (CodecTestUtil.java:gc(50)) - gc 0
2024-03-18 17:37:06,336 [main] INFO  ozone.MiniOzoneClusterImpl (MiniOzoneClusterImpl.java:stop(412)) - Stopping the Mini Ozone Cluster
2024-03-18 17:37:06,336 [main] INFO  om.OzoneManager (OzoneManager.java:stop(2235)) - om1[localhost:15004]: Stopping Ozone Manager
2024-03-18 17:37:06,336 [main] INFO  ipc.Server (Server.java:stop(3523)) - Stopping server on 15004
2024-03-18 17:37:06,342 [IPC Server listener on 15004] INFO  ipc.Server (Server.java:run(1434)) - Stopping IPC Server listener on 15004
2024-03-18 17:37:06,342 [main] INFO  ratis.OzoneManagerRatisServer (OzoneManagerRatisServer.java:stop(594)) - Stopping org.apache.hadoop.ozone.om.ratis.OzoneManagerRatisServer@1afc3842 at port 15007
2024-03-18 17:37:06,342 [IPC Server Responder] INFO  ipc.Server (Server.java:run(1567)) - Stopping IPC Server Responder
2024-03-18 17:37:06,343 [main] INFO  server.RaftServer (RaftServerProxy.java:lambda$close$9(416)) - om1: close
2024-03-18 17:37:06,343 [om1-impl-thread1] INFO  server.RaftServer$Division (RaftServerImpl.java:lambda$close$3(526)) - om1@group-C5BA1605619E: shutdown
2024-03-18 17:37:06,344 [om1-impl-thread1] INFO  util.JmxRegister (JmxRegister.java:unregister(73)) - Successfully un-registered JMX Bean with object name Ratis:service=RaftServer,group=group-C5BA1605619E,id=om1
2024-03-18 17:37:06,344 [om1-impl-thread1] INFO  impl.RoleInfo (RoleInfo.java:shutdownLeaderState(94)) - om1: shutdown om1@group-C5BA1605619E-LeaderStateImpl
2024-03-18 17:37:06,344 [om1-impl-thread1] INFO  impl.PendingRequests (PendingRequests.java:sendNotLeaderResponses(289)) - om1@group-C5BA1605619E-PendingRequests: sendNotLeaderResponses
2024-03-18 17:37:06,343 [main] INFO  server.GrpcService (GrpcService.java:closeImpl(311)) - om1: shutdown server GrpcServerProtocolService now
2024-03-18 17:37:06,350 [main] INFO  server.GrpcService (GrpcService.java:closeImpl(320)) - om1: shutdown server GrpcServerProtocolService successfully
2024-03-18 17:37:06,351 [om1-impl-thread1] INFO  impl.StateMachineUpdater (StateMachineUpdater.java:stopAndJoin(157)) - om1@group-C5BA1605619E-StateMachineUpdater: set stopIndex = 62
2024-03-18 17:37:06,351 [om1@group-C5BA1605619E-StateMachineUpdater] INFO  ratis.OzoneManagerStateMachine (OzoneManagerStateMachine.java:takeSnapshotImpl(467)) -  applied = (t:1, i:61)
2024-03-18 17:37:06,351 [om1@group-C5BA1605619E-StateMachineUpdater] INFO  ratis.OzoneManagerStateMachine (OzoneManagerStateMachine.java:takeSnapshotImpl(468)) -  skipped = 61
2024-03-18 17:37:06,351 [om1@group-C5BA1605619E-StateMachineUpdater] INFO  ratis.OzoneManagerStateMachine (OzoneManagerStateMachine.java:takeSnapshotImpl(469)) - notified = (t:1, i:62)
2024-03-18 17:37:06,351 [om1@group-C5BA1605619E-StateMachineUpdater] INFO  ratis.OzoneManagerStateMachine (OzoneManagerStateMachine.java:takeSnapshotImpl(470)) - snapshot = (t:1, i:62)
2024-03-18 17:37:06,371 [om1@group-C5BA1605619E-StateMachineUpdater] INFO  impl.StateMachineUpdater (StateMachineUpdater.java:takeSnapshot(295)) - om1@group-C5BA1605619E-StateMachineUpdater: Took a snapshot at index 62
2024-03-18 17:37:06,372 [om1@group-C5BA1605619E-StateMachineUpdater] INFO  impl.StateMachineUpdater (StateMachineUpdater.java:lambda$new$0(98)) - om1@group-C5BA1605619E-StateMachineUpdater: snapshotIndex: updateIncreasingly -1 -> 62
2024-03-18 17:37:06,372 [om1@group-C5BA1605619E-StateMachineUpdater] INFO  ratis.OzoneManagerStateMachine (OzoneManagerStateMachine.java:close(513)) - Stopping OzoneManagerStateMachine:om1:group-C5BA1605619E.
2024-03-18 17:37:06,372 [om1@group-C5BA1605619E-StateMachineUpdater] INFO  ratis.OzoneManagerDoubleBuffer (OzoneManagerDoubleBuffer.java:stopDaemon(517)) - Stopping OMDoubleBuffer flush thread
2024-03-18 17:37:06,372 [om1-OMDoubleBufferFlushThread] INFO  ratis.OzoneManagerDoubleBuffer (OzoneManagerDoubleBuffer.java:canFlush(581)) - OMDoubleBuffer flush thread om1-OMDoubleBufferFlushThread is interrupted and will exit.
2024-03-18 17:37:06,374 [om1-impl-thread1] INFO  server.RaftServer$Division (ServerState.java:close(427)) - om1@group-C5BA1605619E: applyIndex: 61
2024-03-18 17:37:06,374 [om1@group-C5BA1605619E-cacheEviction-AwaitToRun] INFO  util.AwaitToRun (AwaitToRun.java:run(49)) - om1@group-C5BA1605619E-cacheEviction-AwaitToRun-AwaitForSignal is interrupted
2024-03-18 17:37:07,010 [om1-impl-thread1] INFO  segmented.SegmentedRaftLogWorker (SegmentedRaftLogWorker.java:close(245)) - om1@group-C5BA1605619E-SegmentedRaftLogWorker close()
2024-03-18 17:37:07,011 [JvmPauseMonitor1] INFO  util.JvmPauseMonitor (JvmPauseMonitor.java:run(152)) - JvmPauseMonitor-om1: Stopped
2024-03-18 17:37:07,012 [main] INFO  utils.BackgroundService (BackgroundService.java:shutdown(160)) - Shutting down service KeyDeletingService
2024-03-18 17:37:07,012 [main] INFO  utils.BackgroundService (BackgroundService.java:shutdown(160)) - Shutting down service DirectoryDeletingService
2024-03-18 17:37:07,012 [main] INFO  utils.BackgroundService (BackgroundService.java:shutdown(160)) - Shutting down service OpenKeyCleanupService
2024-03-18 17:37:07,012 [main] INFO  utils.BackgroundService (BackgroundService.java:shutdown(160)) - Shutting down service SstFilteringService
2024-03-18 17:37:07,012 [main] INFO  utils.BackgroundService (BackgroundService.java:shutdown(160)) - Shutting down service SnapshotDeletingService
2024-03-18 17:37:07,013 [main] INFO  utils.BackgroundService (BackgroundService.java:shutdown(160)) - Shutting down service MultipartUploadCleanupService
2024-03-18 17:37:07,013 [main] INFO  utils.BackgroundService (BackgroundService.java:shutdown(160)) - Shutting down service SnapshotDirectoryCleaningService
2024-03-18 17:37:07,014 [main] INFO  handler.ContextHandler (ContextHandler.java:doStop(1159)) - Stopped o.e.j.w.WebAppContext@404289da{ozoneManager,/,null,STOPPED}{file:/home/runner/work/ozone/ozone/hadoop-ozone/integration-test/target/test-classes/webapps/ozoneManager}
2024-03-18 17:37:07,017 [main] INFO  server.AbstractConnector (AbstractConnector.java:doStop(383)) - Stopped ServerConnector@45546c34{HTTP/1.1, (http/1.1)}{0.0.0.0:15005}
2024-03-18 17:37:07,017 [main] INFO  server.session (HouseKeeper.java:stopScavenging(149)) - node0 Stopped scavenging
2024-03-18 17:37:07,017 [main] INFO  handler.ContextHandler (ContextHandler.java:doStop(1159)) - Stopped o.e.j.s.ServletContextHandler@5736508f{static,/static,file:///home/runner/work/ozone/ozone/hadoop-ozone/integration-test/target/test-classes/webapps/static,STOPPED}
2024-03-18 17:37:07,018 [main] INFO  handler.ContextHandler (ContextHandler.java:doStop(1159)) - Stopped o.e.j.s.ServletContextHandler@d9b664f{logs,/logs,file:///home/runner/work/ozone/ozone/hadoop-ozone/integration-test/target/log,STOPPED}
2024-03-18 17:37:07,019 [main] INFO  rocksdiff.RocksDBCheckpointDiffer (RocksDBCheckpointDiffer.java:close(310)) - Shutting down CompactionDagPruningService.
2024-03-18 17:37:07,024 [main] INFO  snapshot.SnapshotDiffManager (SnapshotDiffManager.java:closeExecutorService(1657)) - Shutting down executorService: 'SnapDiffExecutor'
2024-03-18 17:37:07,024 [main] INFO  utils.BackgroundService (BackgroundService.java:shutdown(160)) - Shutting down service SnapshotDiffCleanupService
2024-03-18 17:37:07,026 [main] INFO  ozone.MiniOzoneClusterImpl (MiniOzoneClusterImpl.java:stopDatanodes(471)) - Stopping the HddsDatanodes
2024-03-18 17:37:07,029 [main] INFO  ozoneimpl.OzoneContainer (OzoneContainer.java:stop(481)) - Attempting to stop container services.
2024-03-18 17:37:07,029 [ForkJoinPool.commonPool-worker-1] INFO  ozoneimpl.OzoneContainer (OzoneContainer.java:stop(481)) - Attempting to stop container services.
2024-03-18 17:37:07,030 [ForkJoinPool.commonPool-worker-3] INFO  ozoneimpl.OzoneContainer (OzoneContainer.java:stop(481)) - Attempting to stop container services.
2024-03-18 17:37:07,030 [ContainerMetadataScanner] WARN  ozoneimpl.AbstractBackgroundContainerScanner (AbstractBackgroundContainerScanner.java:handleRemainingSleep(134)) - Background container scan was interrupted.
2024-03-18 17:37:07,030 [ContainerMetadataScanner] INFO  ozoneimpl.AbstractBackgroundContainerScanner (AbstractBackgroundContainerScanner.java:run(61)) - Thread[ContainerMetadataScanner,5,main] exiting.
2024-03-18 17:37:07,030 [ContainerMetadataScanner] WARN  ozoneimpl.AbstractBackgroundContainerScanner (AbstractBackgroundContainerScanner.java:handleRemainingSleep(134)) - Background container scan was interrupted.
2024-03-18 17:37:07,030 [ContainerMetadataScanner] INFO  ozoneimpl.AbstractBackgroundContainerScanner (AbstractBackgroundContainerScanner.java:run(61)) - Thread[ContainerMetadataScanner,5,main] exiting.
2024-03-18 17:37:07,030 [ContainerMetadataScanner] WARN  ozoneimpl.AbstractBackgroundContainerScanner (AbstractBackgroundContainerScanner.java:handleRemainingSleep(134)) - Background container scan was interrupted.
2024-03-18 17:37:07,031 [ContainerMetadataScanner] INFO  ozoneimpl.AbstractBackgroundContainerScanner (AbstractBackgroundContainerScanner.java:run(61)) - Thread[ContainerMetadataScanner,5,main] exiting.
2024-03-18 17:37:07,031 [ForkJoinPool.commonPool-worker-1] INFO  ozoneimpl.BackgroundContainerDataScanner (BackgroundContainerDataScanner.java:shutdown(141)) - ContainerDataScanner(/home/runner/work/ozone/ozone/hadoop-ozone/integration-test/target/test-dir/MiniOzoneClusterImpl-fcb2b1b2-065d-4164-ad15-2f123479485b/ozone-meta/datanode-3/data-0/hdds) is shutting down. 
2024-03-18 17:37:07,032 [ContainerDataScanner(/home/runner/work/ozone/ozone/hadoop-ozone/integration-test/target/test-dir/MiniOzoneClusterImpl-fcb2b1b2-065d-4164-ad15-2f123479485b/ozone-meta/datanode-3/data-0/hdds)] WARN  ozoneimpl.AbstractBackgroundContainerScanner (AbstractBackgroundContainerScanner.java:handleRemainingSleep(134)) - Background container scan was interrupted.
2024-03-18 17:37:07,032 [main] INFO  ozoneimpl.BackgroundContainerDataScanner (BackgroundContainerDataScanner.java:shutdown(141)) - ContainerDataScanner(/home/runner/work/ozone/ozone/hadoop-ozone/integration-test/target/test-dir/MiniOzoneClusterImpl-fcb2b1b2-065d-4164-ad15-2f123479485b/ozone-meta/datanode-2/data-0/hdds) is shutting down. 
2024-03-18 17:37:07,032 [ContainerDataScanner(/home/runner/work/ozone/ozone/hadoop-ozone/integration-test/target/test-dir/MiniOzoneClusterImpl-fcb2b1b2-065d-4164-ad15-2f123479485b/ozone-meta/datanode-3/data-0/hdds)] INFO  ozoneimpl.AbstractBackgroundContainerScanner (AbstractBackgroundContainerScanner.java:run(61)) - ContainerDataScanner(/home/runner/work/ozone/ozone/hadoop-ozone/integration-test/target/test-dir/MiniOzoneClusterImpl-fcb2b1b2-065d-4164-ad15-2f123479485b/ozone-meta/datanode-3/data-0/hdds, DS-b177839a-5bde-4d37-a624-5f1dcfc4a29d) exiting.
2024-03-18 17:37:07,033 [ContainerDataScanner(/home/runner/work/ozone/ozone/hadoop-ozone/integration-test/target/test-dir/MiniOzoneClusterImpl-fcb2b1b2-065d-4164-ad15-2f123479485b/ozone-meta/datanode-2/data-0/hdds)] WARN  ozoneimpl.AbstractBackgroundContainerScanner (AbstractBackgroundContainerScanner.java:handleRemainingSleep(134)) - Background container scan was interrupted.
2024-03-18 17:37:07,033 [ContainerDataScanner(/home/runner/work/ozone/ozone/hadoop-ozone/integration-test/target/test-dir/MiniOzoneClusterImpl-fcb2b1b2-065d-4164-ad15-2f123479485b/ozone-meta/datanode-2/data-0/hdds)] INFO  ozoneimpl.AbstractBackgroundContainerScanner (AbstractBackgroundContainerScanner.java:run(61)) - ContainerDataScanner(/home/runner/work/ozone/ozone/hadoop-ozone/integration-test/target/test-dir/MiniOzoneClusterImpl-fcb2b1b2-065d-4164-ad15-2f123479485b/ozone-meta/datanode-2/data-0/hdds, DS-b432d30a-6a64-4128-88ba-c1c98d9be59b) exiting.
2024-03-18 17:37:07,032 [ForkJoinPool.commonPool-worker-3] INFO  ozoneimpl.BackgroundContainerDataScanner (BackgroundContainerDataScanner.java:shutdown(141)) - ContainerDataScanner(/home/runner/work/ozone/ozone/hadoop-ozone/integration-test/target/test-dir/MiniOzoneClusterImpl-fcb2b1b2-065d-4164-ad15-2f123479485b/ozone-meta/datanode-1/data-0/hdds) is shutting down. 
2024-03-18 17:37:07,033 [ContainerDataScanner(/home/runner/work/ozone/ozone/hadoop-ozone/integration-test/target/test-dir/MiniOzoneClusterImpl-fcb2b1b2-065d-4164-ad15-2f123479485b/ozone-meta/datanode-1/data-0/hdds)] WARN  ozoneimpl.AbstractBackgroundContainerScanner (AbstractBackgroundContainerScanner.java:handleRemainingSleep(134)) - Background container scan was interrupted.
2024-03-18 17:37:07,033 [ContainerDataScanner(/home/runner/work/ozone/ozone/hadoop-ozone/integration-test/target/test-dir/MiniOzoneClusterImpl-fcb2b1b2-065d-4164-ad15-2f123479485b/ozone-meta/datanode-1/data-0/hdds)] INFO  ozoneimpl.AbstractBackgroundContainerScanner (AbstractBackgroundContainerScanner.java:run(61)) - ContainerDataScanner(/home/runner/work/ozone/ozone/hadoop-ozone/integration-test/target/test-dir/MiniOzoneClusterImpl-fcb2b1b2-065d-4164-ad15-2f123479485b/ozone-meta/datanode-1/data-0/hdds, DS-9e7d9dff-51be-42f1-b2ba-65fe0841a106) exiting.
2024-03-18 17:37:07,035 [ForkJoinPool.commonPool-worker-1] INFO  ozoneimpl.OnDemandContainerDataScanner (OnDemandContainerDataScanner.java:shutdownScanner(206)) - On-demand container scanner is shutting down.
2024-03-18 17:37:07,037 [ForkJoinPool.commonPool-worker-1] INFO  server.RaftServer (RaftServerProxy.java:lambda$close$9(416)) - c55acdcd-41ed-4e13-9d38-7679e97508ee: close
2024-03-18 17:37:07,037 [main] INFO  server.RaftServer (RaftServerProxy.java:lambda$close$9(416)) - 56261a0d-e81e-4394-808f-5b50f7cf5f2a: close
2024-03-18 17:37:07,037 [ForkJoinPool.commonPool-worker-1] INFO  server.GrpcService (GrpcService.java:closeImpl(311)) - c55acdcd-41ed-4e13-9d38-7679e97508ee: shutdown server org.apache.ratis.grpc.server.GrpcClientProtocolService now
2024-03-18 17:37:07,037 [ForkJoinPool.commonPool-worker-3] INFO  server.RaftServer (RaftServerProxy.java:lambda$close$9(416)) - d4ad8e12-a3d8-4b8c-888a-d359f75d29b2: close
2024-03-18 17:37:07,037 [c55acdcd-41ed-4e13-9d38-7679e97508ee-impl-thread1] INFO  server.RaftServer$Division (RaftServerImpl.java:lambda$close$3(526)) - c55acdcd-41ed-4e13-9d38-7679e97508ee@group-5B297D7DC30A: shutdown
2024-03-18 17:37:07,037 [c55acdcd-41ed-4e13-9d38-7679e97508ee-impl-thread1] INFO  util.JmxRegister (JmxRegister.java:unregister(73)) - Successfully un-registered JMX Bean with object name Ratis:service=RaftServer,group=group-5B297D7DC30A,id=c55acdcd-41ed-4e13-9d38-7679e97508ee
2024-03-18 17:37:07,037 [56261a0d-e81e-4394-808f-5b50f7cf5f2a-impl-thread2] INFO  server.RaftServer$Division (RaftServerImpl.java:lambda$close$3(526)) - 56261a0d-e81e-4394-808f-5b50f7cf5f2a@group-C9C4DC121C8B: shutdown
2024-03-18 17:37:07,037 [c55acdcd-41ed-4e13-9d38-7679e97508ee-impl-thread3] INFO  server.RaftServer$Division (RaftServerImpl.java:lambda$close$3(526)) - c55acdcd-41ed-4e13-9d38-7679e97508ee@group-C9C4DC121C8B: shutdown
2024-03-18 17:37:07,037 [main] INFO  server.GrpcService (GrpcService.java:closeImpl(311)) - 56261a0d-e81e-4394-808f-5b50f7cf5f2a: shutdown server org.apache.ratis.grpc.server.GrpcClientProtocolService now
2024-03-18 17:37:07,038 [ForkJoinPool.commonPool-worker-3] INFO  server.GrpcService (GrpcService.java:closeImpl(311)) - d4ad8e12-a3d8-4b8c-888a-d359f75d29b2: shutdown server org.apache.ratis.grpc.server.GrpcClientProtocolService now
2024-03-18 17:37:07,037 [56261a0d-e81e-4394-808f-5b50f7cf5f2a-impl-thread1] INFO  server.RaftServer$Division (RaftServerImpl.java:lambda$close$3(526)) - 56261a0d-e81e-4394-808f-5b50f7cf5f2a@group-5B297D7DC30A: shutdown
2024-03-18 17:37:07,045 [Thread-682] INFO  server.GrpcServerProtocolClient (GrpcServerProtocolClient.java:close(103)) - c55acdcd-41ed-4e13-9d38-7679e97508ee Close channels
2024-03-18 17:37:07,037 [c55acdcd-41ed-4e13-9d38-7679e97508ee-impl-thread2] INFO  server.RaftServer$Division (RaftServerImpl.java:lambda$close$3(526)) - c55acdcd-41ed-4e13-9d38-7679e97508ee@group-97B48BD7EFBA: shutdown
2024-03-18 17:37:07,045 [c55acdcd-41ed-4e13-9d38-7679e97508ee-impl-thread2] INFO  util.JmxRegister (JmxRegister.java:unregister(73)) - Successfully un-registered JMX Bean with object name Ratis:service=RaftServer,group=group-97B48BD7EFBA,id=c55acdcd-41ed-4e13-9d38-7679e97508ee
2024-03-18 17:37:07,045 [c55acdcd-41ed-4e13-9d38-7679e97508ee-impl-thread2] INFO  impl.RoleInfo (RoleInfo.java:shutdownLeaderState(94)) - c55acdcd-41ed-4e13-9d38-7679e97508ee: shutdown c55acdcd-41ed-4e13-9d38-7679e97508ee@group-97B48BD7EFBA-LeaderStateImpl
2024-03-18 17:37:07,045 [56261a0d-e81e-4394-808f-5b50f7cf5f2a-impl-thread1] INFO  util.JmxRegister (JmxRegister.java:unregister(73)) - Successfully un-registered JMX Bean with object name Ratis:service=RaftServer,group=group-5B297D7DC30A,id=56261a0d-e81e-4394-808f-5b50f7cf5f2a
2024-03-18 17:37:07,046 [56261a0d-e81e-4394-808f-5b50f7cf5f2a-impl-thread1] INFO  impl.RoleInfo (RoleInfo.java:shutdownFollowerState(110)) - 56261a0d-e81e-4394-808f-5b50f7cf5f2a: shutdown 56261a0d-e81e-4394-808f-5b50f7cf5f2a@group-5B297D7DC30A-FollowerState
2024-03-18 17:37:07,045 [Thread-676] INFO  server.GrpcServerProtocolClient (GrpcServerProtocolClient.java:close(103)) - 56261a0d-e81e-4394-808f-5b50f7cf5f2a Close channels
2024-03-18 17:37:07,045 [Thread-681] INFO  server.GrpcServerProtocolClient (GrpcServerProtocolClient.java:close(103)) - d4ad8e12-a3d8-4b8c-888a-d359f75d29b2 Close channels
2024-03-18 17:37:07,044 [d4ad8e12-a3d8-4b8c-888a-d359f75d29b2-impl-thread3] INFO  server.RaftServer$Division (RaftServerImpl.java:lambda$close$3(526)) - d4ad8e12-a3d8-4b8c-888a-d359f75d29b2@group-C9C4DC121C8B: shutdown
2024-03-18 17:37:07,046 [d4ad8e12-a3d8-4b8c-888a-d359f75d29b2-impl-thread3] INFO  util.JmxRegister (JmxRegister.java:unregister(73)) - Successfully un-registered JMX Bean with object name Ratis:service=RaftServer,group=group-C9C4DC121C8B,id=d4ad8e12-a3d8-4b8c-888a-d359f75d29b2
2024-03-18 17:37:07,046 [d4ad8e12-a3d8-4b8c-888a-d359f75d29b2-impl-thread3] INFO  impl.RoleInfo (RoleInfo.java:shutdownLeaderState(94)) - d4ad8e12-a3d8-4b8c-888a-d359f75d29b2: shutdown d4ad8e12-a3d8-4b8c-888a-d359f75d29b2@group-C9C4DC121C8B-LeaderStateImpl
2024-03-18 17:37:07,042 [d4ad8e12-a3d8-4b8c-888a-d359f75d29b2-impl-thread2] INFO  server.RaftServer$Division (RaftServerImpl.java:lambda$close$3(526)) - d4ad8e12-a3d8-4b8c-888a-d359f75d29b2@group-8069D714D8EF: shutdown
2024-03-18 17:37:07,038 [c55acdcd-41ed-4e13-9d38-7679e97508ee-impl-thread3] INFO  util.JmxRegister (JmxRegister.java:unregister(73)) - Successfully un-registered JMX Bean with object name Ratis:service=RaftServer,group=group-C9C4DC121C8B,id=c55acdcd-41ed-4e13-9d38-7679e97508ee
2024-03-18 17:37:07,047 [c55acdcd-41ed-4e13-9d38-7679e97508ee-impl-thread3] INFO  impl.RoleInfo (RoleInfo.java:shutdownFollowerState(110)) - c55acdcd-41ed-4e13-9d38-7679e97508ee: shutdown c55acdcd-41ed-4e13-9d38-7679e97508ee@group-C9C4DC121C8B-FollowerState
2024-03-18 17:37:07,047 [d4ad8e12-a3d8-4b8c-888a-d359f75d29b2@group-C9C4DC121C8B->c55acdcd-41ed-4e13-9d38-7679e97508ee-GrpcLogAppender-LogAppenderDaemon] WARN  server.GrpcLogAppender (GrpcLogAppender.java:mayWait(289)) - d4ad8e12-a3d8-4b8c-888a-d359f75d29b2@group-C9C4DC121C8B->c55acdcd-41ed-4e13-9d38-7679e97508ee-GrpcLogAppender: Wait interrupted by java.lang.InterruptedException
2024-03-18 17:37:07,038 [56261a0d-e81e-4394-808f-5b50f7cf5f2a-impl-thread2] INFO  util.JmxRegister (JmxRegister.java:unregister(73)) - Successfully un-registered JMX Bean with object name Ratis:service=RaftServer,group=group-C9C4DC121C8B,id=56261a0d-e81e-4394-808f-5b50f7cf5f2a
2024-03-18 17:37:07,048 [56261a0d-e81e-4394-808f-5b50f7cf5f2a-impl-thread2] INFO  impl.RoleInfo (RoleInfo.java:shutdownFollowerState(110)) - 56261a0d-e81e-4394-808f-5b50f7cf5f2a: shutdown 56261a0d-e81e-4394-808f-5b50f7cf5f2a@group-C9C4DC121C8B-FollowerState
2024-03-18 17:37:07,048 [d4ad8e12-a3d8-4b8c-888a-d359f75d29b2-impl-thread3] INFO  impl.PendingRequests (PendingRequests.java:sendNotLeaderResponses(289)) - d4ad8e12-a3d8-4b8c-888a-d359f75d29b2@group-C9C4DC121C8B-PendingRequests: sendNotLeaderResponses
2024-03-18 17:37:07,037 [c55acdcd-41ed-4e13-9d38-7679e97508ee-impl-thread1] INFO  impl.RoleInfo (RoleInfo.java:shutdownLeaderState(94)) - c55acdcd-41ed-4e13-9d38-7679e97508ee: shutdown c55acdcd-41ed-4e13-9d38-7679e97508ee@group-5B297D7DC30A-LeaderStateImpl
2024-03-18 17:37:07,037 [d4ad8e12-a3d8-4b8c-888a-d359f75d29b2-impl-thread1] INFO  server.RaftServer$Division (RaftServerImpl.java:lambda$close$3(526)) - d4ad8e12-a3d8-4b8c-888a-d359f75d29b2@group-5B297D7DC30A: shutdown
2024-03-18 17:37:07,048 [c55acdcd-41ed-4e13-9d38-7679e97508ee-impl-thread1] INFO  impl.PendingRequests (PendingRequests.java:sendNotLeaderResponses(289)) - c55acdcd-41ed-4e13-9d38-7679e97508ee@group-5B297D7DC30A-PendingRequests: sendNotLeaderResponses
2024-03-18 17:37:07,049 [grpc-default-executor-3] INFO  server.GrpcServerProtocolService (GrpcServerProtocolService.java:onCompleted(157)) - c55acdcd-41ed-4e13-9d38-7679e97508ee: Completed APPEND_ENTRIES, lastRequest: d4ad8e12-a3d8-4b8c-888a-d359f75d29b2->c55acdcd-41ed-4e13-9d38-7679e97508ee#1-t1,previous=(t:0, i:0),leaderCommit=-1,initializing? false,entries: size=1, first=(t:1, i:0), CONFIGURATIONENTRY(current:id: "56261a0d-e81e-4394-808f-5b50f7cf5f2a"
address: "10.1.0.17:15023"
dataStreamAddress: "10.1.0.17:15024"
clientAddress: "10.1.0.17:15021"
adminAddress: "10.1.0.17:15022"
startupRole: FOLLOWER
,id: "d4ad8e12-a3d8-4b8c-888a-d359f75d29b2"
address: "10.1.0.17:15014"
priority: 1
dataStreamAddress: "10.1.0.17:15015"
clientAddress: "10.1.0.17:15012"
adminAddress: "10.1.0.17:15013"
startupRole: FOLLOWER
,id: "c55acdcd-41ed-4e13-9d38-7679e97508ee"
address: "10.1.0.17:15032"
dataStreamAddress: "10.1.0.17:15033"
clientAddress: "10.1.0.17:15030"
adminAddress: "10.1.0.17:15031"
startupRole: FOLLOWER
, old:)
2024-03-18 17:37:07,049 [grpc-default-executor-3] INFO  server.GrpcServerProtocolService (GrpcServerProtocolService.java:lambda$onCompleted$5(159)) - c55acdcd-41ed-4e13-9d38-7679e97508ee: Completed APPEND_ENTRIES, lastReply: null
2024-03-18 17:37:07,037 [56261a0d-e81e-4394-808f-5b50f7cf5f2a-impl-thread3] INFO  server.RaftServer$Division (RaftServerImpl.java:lambda$close$3(526)) - 56261a0d-e81e-4394-808f-5b50f7cf5f2a@group-88A1A5C601CE: shutdown
2024-03-18 17:37:07,048 [d4ad8e12-a3d8-4b8c-888a-d359f75d29b2-impl-thread1] INFO  util.JmxRegister (JmxRegister.java:unregister(73)) - Successfully un-registered JMX Bean with object name Ratis:service=RaftServer,group=group-5B297D7DC30A,id=d4ad8e12-a3d8-4b8c-888a-d359f75d29b2
2024-03-18 17:37:07,050 [d4ad8e12-a3d8-4b8c-888a-d359f75d29b2-impl-thread1] INFO  impl.RoleInfo (RoleInfo.java:shutdownFollowerState(110)) - d4ad8e12-a3d8-4b8c-888a-d359f75d29b2: shutdown d4ad8e12-a3d8-4b8c-888a-d359f75d29b2@group-5B297D7DC30A-FollowerState
2024-03-18 17:37:07,050 [d4ad8e12-a3d8-4b8c-888a-d359f75d29b2-impl-thread1] INFO  impl.StateMachineUpdater (StateMachineUpdater.java:stopAndJoin(157)) - d4ad8e12-a3d8-4b8c-888a-d359f75d29b2@group-5B297D7DC30A-StateMachineUpdater: set stopIndex = 0
2024-03-18 17:37:07,047 [d4ad8e12-a3d8-4b8c-888a-d359f75d29b2-impl-thread2] INFO  util.JmxRegister (JmxRegister.java:unregister(73)) - Successfully un-registered JMX Bean with object name Ratis:service=RaftServer,group=group-8069D714D8EF,id=d4ad8e12-a3d8-4b8c-888a-d359f75d29b2
2024-03-18 17:37:07,045 [c55acdcd-41ed-4e13-9d38-7679e97508ee-impl-thread2] INFO  impl.PendingRequests (PendingRequests.java:sendNotLeaderResponses(289)) - c55acdcd-41ed-4e13-9d38-7679e97508ee@group-97B48BD7EFBA-PendingRequests: sendNotLeaderResponses
2024-03-18 17:37:07,050 [c55acdcd-41ed-4e13-9d38-7679e97508ee-impl-thread2] INFO  impl.StateMachineUpdater (StateMachineUpdater.java:stopAndJoin(157)) - c55acdcd-41ed-4e13-9d38-7679e97508ee@group-97B48BD7EFBA-StateMachineUpdater: set stopIndex = 0
2024-03-18 17:37:07,051 [c55acdcd-41ed-4e13-9d38-7679e97508ee@group-97B48BD7EFBA-StateMachineUpdater] INFO  ratis.ContainerStateMachine (ContainerStateMachine.java:takeSnapshot(355)) - group-97B48BD7EFBA: Taking a snapshot at:(t:1, i:0) file /home/runner/work/ozone/ozone/hadoop-ozone/integration-test/target/test-dir/MiniOzoneClusterImpl-fcb2b1b2-065d-4164-ad15-2f123479485b/ozone-meta/datanode-3/ratis/47476086-8033-4df1-a786-97b48bd7efba/sm/snapshot.1_0
2024-03-18 17:37:07,051 [d4ad8e12-a3d8-4b8c-888a-d359f75d29b2@group-5B297D7DC30A-StateMachineUpdater] INFO  ratis.ContainerStateMachine (ContainerStateMachine.java:takeSnapshot(355)) - group-5B297D7DC30A: Taking a snapshot at:(t:1, i:0) file /home/runner/work/ozone/ozone/hadoop-ozone/integration-test/target/test-dir/MiniOzoneClusterImpl-fcb2b1b2-065d-4164-ad15-2f123479485b/ozone-meta/datanode-1/ratis/d7d5947c-a7d0-4b0a-9d18-5b297d7dc30a/sm/snapshot.1_0
2024-03-18 17:37:07,052 [56261a0d-e81e-4394-808f-5b50f7cf5f2a-impl-thread2] INFO  impl.StateMachineUpdater (StateMachineUpdater.java:stopAndJoin(157)) - 56261a0d-e81e-4394-808f-5b50f7cf5f2a@group-C9C4DC121C8B-StateMachineUpdater: set stopIndex = 0
2024-03-18 17:37:07,052 [c55acdcd-41ed-4e13-9d38-7679e97508ee-impl-thread3] INFO  impl.StateMachineUpdater (StateMachineUpdater.java:stopAndJoin(157)) - c55acdcd-41ed-4e13-9d38-7679e97508ee@group-C9C4DC121C8B-StateMachineUpdater: set stopIndex = 0
2024-03-18 17:37:07,052 [c55acdcd-41ed-4e13-9d38-7679e97508ee@group-C9C4DC121C8B-StateMachineUpdater] INFO  ratis.ContainerStateMachine (ContainerStateMachine.java:takeSnapshot(355)) - group-C9C4DC121C8B: Taking a snapshot at:(t:1, i:0) file /home/runner/work/ozone/ozone/hadoop-ozone/integration-test/target/test-dir/MiniOzoneClusterImpl-fcb2b1b2-065d-4164-ad15-2f123479485b/ozone-meta/datanode-3/ratis/6c854ea3-c611-4d33-8107-c9c4dc121c8b/sm/snapshot.1_0
2024-03-18 17:37:07,045 [Thread-678] INFO  server.GrpcServerProtocolClient (GrpcServerProtocolClient.java:close(103)) - d4ad8e12-a3d8-4b8c-888a-d359f75d29b2 Close channels
2024-03-18 17:37:07,059 [d4ad8e12-a3d8-4b8c-888a-d359f75d29b2-impl-thread2] INFO  impl.RoleInfo (RoleInfo.java:shutdownLeaderState(94)) - d4ad8e12-a3d8-4b8c-888a-d359f75d29b2: shutdown d4ad8e12-a3d8-4b8c-888a-d359f75d29b2@group-8069D714D8EF-LeaderStateImpl
2024-03-18 17:37:07,050 [grpc-default-executor-4] INFO  server.GrpcLogAppender (GrpcLogAppender.java:onCompleted(546)) - d4ad8e12-a3d8-4b8c-888a-d359f75d29b2@group-C9C4DC121C8B->c55acdcd-41ed-4e13-9d38-7679e97508ee-AppendLogResponseHandler: follower responses appendEntries COMPLETED
2024-03-18 17:37:07,060 [grpc-default-executor-4] WARN  server.GrpcLogAppender (GrpcLogAppender.java:resetClient(226)) - d4ad8e12-a3d8-4b8c-888a-d359f75d29b2@group-C9C4DC121C8B->c55acdcd-41ed-4e13-9d38-7679e97508ee-GrpcLogAppender: Failed to getClient for c55acdcd-41ed-4e13-9d38-7679e97508ee
org.apache.ratis.protocol.exceptions.AlreadyClosedException: d4ad8e12-a3d8-4b8c-888a-d359f75d29b2 is already CLOSED
	at org.apache.ratis.util.PeerProxyMap$PeerAndProxy.getProxy(PeerProxyMap.java:65)
	at org.apache.ratis.util.PeerProxyMap.getProxy(PeerProxyMap.java:114)
	at org.apache.ratis.grpc.server.GrpcLogAppender.getClient(GrpcLogAppender.java:196)
	at org.apache.ratis.grpc.server.GrpcLogAppender.resetClient(GrpcLogAppender.java:201)
	at org.apache.ratis.grpc.server.GrpcLogAppender.access$800(GrpcLogAppender.java:62)
	at org.apache.ratis.grpc.server.GrpcLogAppender$AppendLogResponseHandler.onCompleted(GrpcLogAppender.java:547)
	at org.apache.ratis.thirdparty.io.grpc.stub.ClientCalls$StreamObserverToCallListenerAdapter.onClose(ClientCalls.java:479)
	at org.apache.ratis.thirdparty.io.grpc.internal.ClientCallImpl.closeObserver(ClientCallImpl.java:567)
	at org.apache.ratis.thirdparty.io.grpc.internal.ClientCallImpl.access$300(ClientCallImpl.java:71)
	at org.apache.ratis.thirdparty.io.grpc.internal.ClientCallImpl$ClientStreamListenerImpl$1StreamClosed.runInternal(ClientCallImpl.java:735)
	at org.apache.ratis.thirdparty.io.grpc.internal.ClientCallImpl$ClientStreamListenerImpl$1StreamClosed.runInContext(ClientCallImpl.java:716)
	at org.apache.ratis.thirdparty.io.grpc.internal.ContextRunnable.run(ContextRunnable.java:37)
	at org.apache.ratis.thirdparty.io.grpc.internal.SerializingExecutor.run(SerializingExecutor.java:133)
	at java.util.concurrent.ThreadPoolExecutor.runWorker(ThreadPoolExecutor.java:1149)
	at java.util.concurrent.ThreadPoolExecutor$Worker.run(ThreadPoolExecutor.java:624)
	at java.lang.Thread.run(Thread.java:750)
2024-03-18 17:37:07,050 [c55acdcd-41ed-4e13-9d38-7679e97508ee@group-5B297D7DC30A->56261a0d-e81e-4394-808f-5b50f7cf5f2a-GrpcLogAppender-LogAppenderDaemon] WARN  server.GrpcLogAppender (GrpcLogAppender.java:mayWait(289)) - c55acdcd-41ed-4e13-9d38-7679e97508ee@group-5B297D7DC30A->56261a0d-e81e-4394-808f-5b50f7cf5f2a-GrpcLogAppender: Wait interrupted by java.lang.InterruptedException
2024-03-18 17:37:07,048 [c55acdcd-41ed-4e13-9d38-7679e97508ee@group-5B297D7DC30A->d4ad8e12-a3d8-4b8c-888a-d359f75d29b2-GrpcLogAppender-LogAppenderDaemon] WARN  server.GrpcLogAppender (GrpcLogAppender.java:mayWait(289)) - c55acdcd-41ed-4e13-9d38-7679e97508ee@group-5B297D7DC30A->d4ad8e12-a3d8-4b8c-888a-d359f75d29b2-GrpcLogAppender: Wait interrupted by java.lang.InterruptedException
2024-03-18 17:37:07,047 [d4ad8e12-a3d8-4b8c-888a-d359f75d29b2@group-C9C4DC121C8B->56261a0d-e81e-4394-808f-5b50f7cf5f2a-GrpcLogAppender-LogAppenderDaemon] WARN  server.GrpcLogAppender (GrpcLogAppender.java:mayWait(289)) - d4ad8e12-a3d8-4b8c-888a-d359f75d29b2@group-C9C4DC121C8B->56261a0d-e81e-4394-808f-5b50f7cf5f2a-GrpcLogAppender: Wait interrupted by java.lang.InterruptedException
2024-03-18 17:37:07,054 [Thread-685] INFO  server.GrpcServerProtocolClient (GrpcServerProtocolClient.java:close(103)) - c55acdcd-41ed-4e13-9d38-7679e97508ee Close channels
2024-03-18 17:37:07,065 [d4ad8e12-a3d8-4b8c-888a-d359f75d29b2-impl-thread3] INFO  impl.StateMachineUpdater (StateMachineUpdater.java:stopAndJoin(157)) - d4ad8e12-a3d8-4b8c-888a-d359f75d29b2@group-C9C4DC121C8B-StateMachineUpdater: set stopIndex = 0
2024-03-18 17:37:07,054 [56261a0d-e81e-4394-808f-5b50f7cf5f2a@group-5B297D7DC30A-StateMachineUpdater] INFO  ratis.ContainerStateMachine (ContainerStateMachine.java:takeSnapshot(355)) - group-5B297D7DC30A: Taking a snapshot at:(t:1, i:0) file /home/runner/work/ozone/ozone/hadoop-ozone/integration-test/target/test-dir/MiniOzoneClusterImpl-fcb2b1b2-065d-4164-ad15-2f123479485b/ozone-meta/datanode-2/ratis/d7d5947c-a7d0-4b0a-9d18-5b297d7dc30a/sm/snapshot.1_0
2024-03-18 17:37:07,054 [56261a0d-e81e-4394-808f-5b50f7cf5f2a@group-5B297D7DC30A-FollowerState] INFO  impl.FollowerState (FollowerState.java:run(152)) - 56261a0d-e81e-4394-808f-5b50f7cf5f2a@group-5B297D7DC30A-FollowerState was interrupted
2024-03-18 17:37:07,067 [grpc-default-executor-5] INFO  server.GrpcServerProtocolService (GrpcServerProtocolService.java:onCompleted(157)) - d4ad8e12-a3d8-4b8c-888a-d359f75d29b2: Completed APPEND_ENTRIES, lastRequest: c55acdcd-41ed-4e13-9d38-7679e97508ee->d4ad8e12-a3d8-4b8c-888a-d359f75d29b2#1-t1,previous=(t:0, i:0),leaderCommit=-1,initializing? false,entries: size=1, first=(t:1, i:0), CONFIGURATIONENTRY(current:id: "56261a0d-e81e-4394-808f-5b50f7cf5f2a"
address: "10.1.0.17:15023"
dataStreamAddress: "10.1.0.17:15024"
clientAddress: "10.1.0.17:15021"
adminAddress: "10.1.0.17:15022"
startupRole: FOLLOWER
,id: "d4ad8e12-a3d8-4b8c-888a-d359f75d29b2"
address: "10.1.0.17:15014"
dataStreamAddress: "10.1.0.17:15015"
clientAddress: "10.1.0.17:15012"
adminAddress: "10.1.0.17:15013"
startupRole: FOLLOWER
,id: "c55acdcd-41ed-4e13-9d38-7679e97508ee"
address: "10.1.0.17:15032"
priority: 1
dataStreamAddress: "10.1.0.17:15033"
clientAddress: "10.1.0.17:15030"
adminAddress: "10.1.0.17:15031"
startupRole: FOLLOWER
, old:)
2024-03-18 17:37:07,068 [grpc-default-executor-5] INFO  server.GrpcServerProtocolService (GrpcServerProtocolService.java:lambda$onCompleted$5(159)) - d4ad8e12-a3d8-4b8c-888a-d359f75d29b2: Completed APPEND_ENTRIES, lastReply: null
2024-03-18 17:37:07,054 [Thread-683] INFO  server.GrpcServerProtocolClient (GrpcServerProtocolClient.java:close(103)) - 56261a0d-e81e-4394-808f-5b50f7cf5f2a Close channels
2024-03-18 17:37:07,054 [56261a0d-e81e-4394-808f-5b50f7cf5f2a-impl-thread1] INFO  impl.StateMachineUpdater (StateMachineUpdater.java:stopAndJoin(157)) - 56261a0d-e81e-4394-808f-5b50f7cf5f2a@group-5B297D7DC30A-StateMachineUpdater: set stopIndex = 0
2024-03-18 17:37:07,052 [c55acdcd-41ed-4e13-9d38-7679e97508ee@group-C9C4DC121C8B-FollowerState] INFO  impl.FollowerState (FollowerState.java:run(152)) - c55acdcd-41ed-4e13-9d38-7679e97508ee@group-C9C4DC121C8B-FollowerState was interrupted
2024-03-18 17:37:07,052 [56261a0d-e81e-4394-808f-5b50f7cf5f2a@group-C9C4DC121C8B-StateMachineUpdater] INFO  ratis.ContainerStateMachine (ContainerStateMachine.java:takeSnapshot(355)) - group-C9C4DC121C8B: Taking a snapshot at:(t:1, i:0) file /home/runner/work/ozone/ozone/hadoop-ozone/integration-test/target/test-dir/MiniOzoneClusterImpl-fcb2b1b2-065d-4164-ad15-2f123479485b/ozone-meta/datanode-2/ratis/6c854ea3-c611-4d33-8107-c9c4dc121c8b/sm/snapshot.1_0
2024-03-18 17:37:07,052 [56261a0d-e81e-4394-808f-5b50f7cf5f2a@group-C9C4DC121C8B-FollowerState] INFO  impl.FollowerState (FollowerState.java:run(152)) - 56261a0d-e81e-4394-808f-5b50f7cf5f2a@group-C9C4DC121C8B-FollowerState was interrupted
2024-03-18 17:37:07,050 [d4ad8e12-a3d8-4b8c-888a-d359f75d29b2@group-5B297D7DC30A-FollowerState] INFO  impl.FollowerState (FollowerState.java:run(152)) - d4ad8e12-a3d8-4b8c-888a-d359f75d29b2@group-5B297D7DC30A-FollowerState was interrupted
2024-03-18 17:37:07,050 [56261a0d-e81e-4394-808f-5b50f7cf5f2a-impl-thread3] INFO  util.JmxRegister (JmxRegister.java:unregister(73)) - Successfully un-registered JMX Bean with object name Ratis:service=RaftServer,group=group-88A1A5C601CE,id=56261a0d-e81e-4394-808f-5b50f7cf5f2a
2024-03-18 17:37:07,077 [56261a0d-e81e-4394-808f-5b50f7cf5f2a-impl-thread3] INFO  impl.RoleInfo (RoleInfo.java:shutdownLeaderState(94)) - 56261a0d-e81e-4394-808f-5b50f7cf5f2a: shutdown 56261a0d-e81e-4394-808f-5b50f7cf5f2a@group-88A1A5C601CE-LeaderStateImpl
2024-03-18 17:37:07,077 [56261a0d-e81e-4394-808f-5b50f7cf5f2a-impl-thread3] INFO  impl.PendingRequests (PendingRequests.java:sendNotLeaderResponses(289)) - 56261a0d-e81e-4394-808f-5b50f7cf5f2a@group-88A1A5C601CE-PendingRequests: sendNotLeaderResponses
2024-03-18 17:37:07,077 [56261a0d-e81e-4394-808f-5b50f7cf5f2a-impl-thread3] INFO  impl.StateMachineUpdater (StateMachineUpdater.java:stopAndJoin(157)) - 56261a0d-e81e-4394-808f-5b50f7cf5f2a@group-88A1A5C601CE-StateMachineUpdater: set stopIndex = 0
2024-03-18 17:37:07,075 [grpc-default-executor-7] INFO  server.GrpcLogAppender (GrpcLogAppender.java:onCompleted(546)) - c55acdcd-41ed-4e13-9d38-7679e97508ee@group-5B297D7DC30A->d4ad8e12-a3d8-4b8c-888a-d359f75d29b2-AppendLogResponseHandler: follower responses appendEntries COMPLETED
2024-03-18 17:37:07,079 [grpc-default-executor-7] WARN  server.GrpcLogAppender (GrpcLogAppender.java:resetClient(226)) - c55acdcd-41ed-4e13-9d38-7679e97508ee@group-5B297D7DC30A->d4ad8e12-a3d8-4b8c-888a-d359f75d29b2-GrpcLogAppender: Failed to getClient for d4ad8e12-a3d8-4b8c-888a-d359f75d29b2
org.apache.ratis.protocol.exceptions.AlreadyClosedException: c55acdcd-41ed-4e13-9d38-7679e97508ee is already CLOSED
	at org.apache.ratis.util.PeerProxyMap$PeerAndProxy.getProxy(PeerProxyMap.java:65)
	at org.apache.ratis.util.PeerProxyMap.getProxy(PeerProxyMap.java:114)
	at org.apache.ratis.grpc.server.GrpcLogAppender.getClient(GrpcLogAppender.java:196)
	at org.apache.ratis.grpc.server.GrpcLogAppender.resetClient(GrpcLogAppender.java:201)
	at org.apache.ratis.grpc.server.GrpcLogAppender.access$800(GrpcLogAppender.java:62)
	at org.apache.ratis.grpc.server.GrpcLogAppender$AppendLogResponseHandler.onCompleted(GrpcLogAppender.java:547)
	at org.apache.ratis.thirdparty.io.grpc.stub.ClientCalls$StreamObserverToCallListenerAdapter.onClose(ClientCalls.java:479)
	at org.apache.ratis.thirdparty.io.grpc.internal.ClientCallImpl.closeObserver(ClientCallImpl.java:567)
	at org.apache.ratis.thirdparty.io.grpc.internal.ClientCallImpl.access$300(ClientCallImpl.java:71)
	at org.apache.ratis.thirdparty.io.grpc.internal.ClientCallImpl$ClientStreamListenerImpl$1StreamClosed.runInternal(ClientCallImpl.java:735)
	at org.apache.ratis.thirdparty.io.grpc.internal.ClientCallImpl$ClientStreamListenerImpl$1StreamClosed.runInContext(ClientCallImpl.java:716)
	at org.apache.ratis.thirdparty.io.grpc.internal.ContextRunnable.run(ContextRunnable.java:37)
	at org.apache.ratis.thirdparty.io.grpc.internal.SerializingExecutor.run(SerializingExecutor.java:133)
	at java.util.concurrent.ThreadPoolExecutor.runWorker(ThreadPoolExecutor.java:1149)
	at java.util.concurrent.ThreadPoolExecutor$Worker.run(ThreadPoolExecutor.java:624)
	at java.lang.Thread.run(Thread.java:750)
2024-03-18 17:37:07,072 [grpc-default-executor-6] INFO  server.GrpcServerProtocolService (GrpcServerProtocolService.java:onCompleted(157)) - 56261a0d-e81e-4394-808f-5b50f7cf5f2a: Completed APPEND_ENTRIES, lastRequest: c55acdcd-41ed-4e13-9d38-7679e97508ee->56261a0d-e81e-4394-808f-5b50f7cf5f2a#1-t1,previous=(t:0, i:0),leaderCommit=-1,initializing? false,entries: size=1, first=(t:1, i:0), CONFIGURATIONENTRY(current:id: "56261a0d-e81e-4394-808f-5b50f7cf5f2a"
address: "10.1.0.17:15023"
dataStreamAddress: "10.1.0.17:15024"
clientAddress: "10.1.0.17:15021"
adminAddress: "10.1.0.17:15022"
startupRole: FOLLOWER
,id: "d4ad8e12-a3d8-4b8c-888a-d359f75d29b2"
address: "10.1.0.17:15014"
dataStreamAddress: "10.1.0.17:15015"
clientAddress: "10.1.0.17:15012"
adminAddress: "10.1.0.17:15013"
startupRole: FOLLOWER
,id: "c55acdcd-41ed-4e13-9d38-7679e97508ee"
address: "10.1.0.17:15032"
priority: 1
dataStreamAddress: "10.1.0.17:15033"
clientAddress: "10.1.0.17:15030"
adminAddress: "10.1.0.17:15031"
startupRole: FOLLOWER
, old:)
2024-03-18 17:37:07,071 [main] INFO  server.GrpcService (GrpcService.java:closeImpl(320)) - 56261a0d-e81e-4394-808f-5b50f7cf5f2a: shutdown server org.apache.ratis.grpc.server.GrpcClientProtocolService successfully
2024-03-18 17:37:07,083 [main] INFO  server.GrpcService (GrpcService.java:closeImpl(311)) - 56261a0d-e81e-4394-808f-5b50f7cf5f2a: shutdown server GrpcServerProtocolService now
2024-03-18 17:37:07,066 [grpc-default-executor-2] INFO  server.GrpcServerProtocolService (GrpcServerProtocolService.java:onCompleted(157)) - 56261a0d-e81e-4394-808f-5b50f7cf5f2a: Completed APPEND_ENTRIES, lastRequest: d4ad8e12-a3d8-4b8c-888a-d359f75d29b2->56261a0d-e81e-4394-808f-5b50f7cf5f2a#1-t1,previous=(t:0, i:0),leaderCommit=-1,initializing? false,entries: size=1, first=(t:1, i:0), CONFIGURATIONENTRY(current:id: "56261a0d-e81e-4394-808f-5b50f7cf5f2a"
address: "10.1.0.17:15023"
dataStreamAddress: "10.1.0.17:15024"
clientAddress: "10.1.0.17:15021"
adminAddress: "10.1.0.17:15022"
startupRole: FOLLOWER
,id: "d4ad8e12-a3d8-4b8c-888a-d359f75d29b2"
address: "10.1.0.17:15014"
priority: 1
dataStreamAddress: "10.1.0.17:15015"
clientAddress: "10.1.0.17:15012"
adminAddress: "10.1.0.17:15013"
startupRole: FOLLOWER
,id: "c55acdcd-41ed-4e13-9d38-7679e97508ee"
address: "10.1.0.17:15032"
dataStreamAddress: "10.1.0.17:15033"
clientAddress: "10.1.0.17:15030"
adminAddress: "10.1.0.17:15031"
startupRole: FOLLOWER
, old:)
2024-03-18 17:37:07,084 [grpc-default-executor-2] INFO  server.GrpcServerProtocolService (GrpcServerProtocolService.java:lambda$onCompleted$5(159)) - 56261a0d-e81e-4394-808f-5b50f7cf5f2a: Completed APPEND_ENTRIES, lastReply: null
2024-03-18 17:37:07,065 [grpc-default-executor-0] INFO  server.GrpcServerProtocolService (GrpcServerProtocolService.java:onCompleted(157)) - 56261a0d-e81e-4394-808f-5b50f7cf5f2a: Completed APPEND_ENTRIES, lastRequest: null
2024-03-18 17:37:07,065 [d4ad8e12-a3d8-4b8c-888a-d359f75d29b2@group-C9C4DC121C8B-StateMachineUpdater] INFO  ratis.ContainerStateMachine (ContainerStateMachine.java:takeSnapshot(355)) - group-C9C4DC121C8B: Taking a snapshot at:(t:1, i:0) file /home/runner/work/ozone/ozone/hadoop-ozone/integration-test/target/test-dir/MiniOzoneClusterImpl-fcb2b1b2-065d-4164-ad15-2f123479485b/ozone-meta/datanode-1/ratis/6c854ea3-c611-4d33-8107-c9c4dc121c8b/sm/snapshot.1_0
2024-03-18 17:37:07,086 [grpc-default-executor-0] INFO  server.GrpcServerProtocolService (GrpcServerProtocolService.java:lambda$onCompleted$5(159)) - 56261a0d-e81e-4394-808f-5b50f7cf5f2a: Completed APPEND_ENTRIES, lastReply: serverReply {
  requestorId: "d4ad8e12-a3d8-4b8c-888a-d359f75d29b2"
  replyId: "56261a0d-e81e-4394-808f-5b50f7cf5f2a"
  raftGroupId {
    id: "l\205N\243\306\021M3\201\a\311\304\334\022\034\213"
  }
  callId: 3
  success: true
}
term: 1
nextIndex: 1
matchIndex: 18446744073709551615
isHearbeat: true

2024-03-18 17:37:07,065 [grpc-default-executor-1] INFO  server.GrpcServerProtocolService (GrpcServerProtocolService.java:onCompleted(157)) - d4ad8e12-a3d8-4b8c-888a-d359f75d29b2: Completed APPEND_ENTRIES, lastRequest: null
2024-03-18 17:37:07,065 [grpc-default-executor-4] INFO  server.GrpcServerProtocolService (GrpcServerProtocolService.java:onCompleted(157)) - 56261a0d-e81e-4394-808f-5b50f7cf5f2a: Completed APPEND_ENTRIES, lastRequest: null
2024-03-18 17:37:07,086 [grpc-default-executor-1] INFO  server.GrpcServerProtocolService (GrpcServerProtocolService.java:lambda$onCompleted$5(159)) - d4ad8e12-a3d8-4b8c-888a-d359f75d29b2: Completed APPEND_ENTRIES, lastReply: serverReply {
  requestorId: "c55acdcd-41ed-4e13-9d38-7679e97508ee"
  replyId: "d4ad8e12-a3d8-4b8c-888a-d359f75d29b2"
  raftGroupId {
    id: "\327\325\224|\247\320K\n\235\030[)}}\303\n"
  }
  callId: 3
  success: true
}
term: 1
nextIndex: 1
matchIndex: 18446744073709551615
isHearbeat: true

2024-03-18 17:37:07,065 [c55acdcd-41ed-4e13-9d38-7679e97508ee@group-5B297D7DC30A-StateMachineUpdater] INFO  ratis.ContainerStateMachine (ContainerStateMachine.java:takeSnapshot(355)) - group-5B297D7DC30A: Taking a snapshot at:(t:1, i:0) file /home/runner/work/ozone/ozone/hadoop-ozone/integration-test/target/test-dir/MiniOzoneClusterImpl-fcb2b1b2-065d-4164-ad15-2f123479485b/ozone-meta/datanode-3/ratis/d7d5947c-a7d0-4b0a-9d18-5b297d7dc30a/sm/snapshot.1_0
2024-03-18 17:37:07,065 [c55acdcd-41ed-4e13-9d38-7679e97508ee-impl-thread1] INFO  impl.StateMachineUpdater (StateMachineUpdater.java:stopAndJoin(157)) - c55acdcd-41ed-4e13-9d38-7679e97508ee@group-5B297D7DC30A-StateMachineUpdater: set stopIndex = 0
2024-03-18 17:37:07,064 [grpc-default-executor-3] INFO  server.GrpcServerProtocolService (GrpcServerProtocolService.java:onCompleted(157)) - c55acdcd-41ed-4e13-9d38-7679e97508ee: Completed APPEND_ENTRIES, lastRequest: null
2024-03-18 17:37:07,087 [grpc-default-executor-6] INFO  server.GrpcServerProtocolService (GrpcServerProtocolService.java:lambda$onCompleted$5(159)) - 56261a0d-e81e-4394-808f-5b50f7cf5f2a: Completed APPEND_ENTRIES, lastReply: null
2024-03-18 17:37:07,064 [d4ad8e12-a3d8-4b8c-888a-d359f75d29b2-impl-thread2] INFO  impl.PendingRequests (PendingRequests.java:sendNotLeaderResponses(289)) - d4ad8e12-a3d8-4b8c-888a-d359f75d29b2@group-8069D714D8EF-PendingRequests: sendNotLeaderResponses
2024-03-18 17:37:07,087 [d4ad8e12-a3d8-4b8c-888a-d359f75d29b2-impl-thread2] INFO  impl.StateMachineUpdater (StateMachineUpdater.java:stopAndJoin(157)) - d4ad8e12-a3d8-4b8c-888a-d359f75d29b2@group-8069D714D8EF-StateMachineUpdater: set stopIndex = 0
2024-03-18 17:37:07,087 [grpc-default-executor-3] INFO  server.GrpcServerProtocolService (GrpcServerProtocolService.java:lambda$onCompleted$5(159)) - c55acdcd-41ed-4e13-9d38-7679e97508ee: Completed APPEND_ENTRIES, lastReply: serverReply {
  requestorId: "d4ad8e12-a3d8-4b8c-888a-d359f75d29b2"
  replyId: "c55acdcd-41ed-4e13-9d38-7679e97508ee"
  raftGroupId {
    id: "l\205N\243\306\021M3\201\a\311\304\334\022\034\213"
  }
  callId: 5
  success: true
}
term: 1
nextIndex: 1
matchIndex: 18446744073709551615
isHearbeat: true

2024-03-18 17:37:07,086 [grpc-default-executor-4] INFO  server.GrpcServerProtocolService (GrpcServerProtocolService.java:lambda$onCompleted$5(159)) - 56261a0d-e81e-4394-808f-5b50f7cf5f2a: Completed APPEND_ENTRIES, lastReply: serverReply {
  requestorId: "c55acdcd-41ed-4e13-9d38-7679e97508ee"
  replyId: "56261a0d-e81e-4394-808f-5b50f7cf5f2a"
  raftGroupId {
    id: "\327\325\224|\247\320K\n\235\030[)}}\303\n"
  }
  callId: 3
  success: true
}
term: 1
nextIndex: 1
matchIndex: 18446744073709551615
isHearbeat: true

2024-03-18 17:37:07,077 [56261a0d-e81e-4394-808f-5b50f7cf5f2a@group-88A1A5C601CE-StateMachineUpdater] INFO  ratis.ContainerStateMachine (ContainerStateMachine.java:takeSnapshot(355)) - group-88A1A5C601CE: Taking a snapshot at:(t:1, i:0) file /home/runner/work/ozone/ozone/hadoop-ozone/integration-test/target/test-dir/MiniOzoneClusterImpl-fcb2b1b2-065d-4164-ad15-2f123479485b/ozone-meta/datanode-2/ratis/9690484f-ccf6-4004-8abb-88a1a5c601ce/sm/snapshot.1_0
2024-03-18 17:37:07,087 [d4ad8e12-a3d8-4b8c-888a-d359f75d29b2@group-8069D714D8EF-StateMachineUpdater] INFO  ratis.ContainerStateMachine (ContainerStateMachine.java:takeSnapshot(355)) - group-8069D714D8EF: Taking a snapshot at:(t:1, i:0) file /home/runner/work/ozone/ozone/hadoop-ozone/integration-test/target/test-dir/MiniOzoneClusterImpl-fcb2b1b2-065d-4164-ad15-2f123479485b/ozone-meta/datanode-1/ratis/950953b5-16e5-4c59-940f-8069d714d8ef/sm/snapshot.1_0
2024-03-18 17:37:07,092 [grpc-default-executor-0] INFO  server.GrpcLogAppender (GrpcLogAppender.java:onCompleted(546)) - d4ad8e12-a3d8-4b8c-888a-d359f75d29b2@group-C9C4DC121C8B->56261a0d-e81e-4394-808f-5b50f7cf5f2a-AppendLogResponseHandler: follower responses appendEntries COMPLETED
2024-03-18 17:37:07,092 [grpc-default-executor-0] WARN  server.GrpcLogAppender (GrpcLogAppender.java:resetClient(226)) - d4ad8e12-a3d8-4b8c-888a-d359f75d29b2@group-C9C4DC121C8B->56261a0d-e81e-4394-808f-5b50f7cf5f2a-GrpcLogAppender: Failed to getClient for 56261a0d-e81e-4394-808f-5b50f7cf5f2a
org.apache.ratis.protocol.exceptions.AlreadyClosedException: d4ad8e12-a3d8-4b8c-888a-d359f75d29b2 is already CLOSED
	at org.apache.ratis.util.PeerProxyMap$PeerAndProxy.getProxy(PeerProxyMap.java:65)
	at org.apache.ratis.util.PeerProxyMap.getProxy(PeerProxyMap.java:114)
	at org.apache.ratis.grpc.server.GrpcLogAppender.getClient(GrpcLogAppender.java:196)
	at org.apache.ratis.grpc.server.GrpcLogAppender.resetClient(GrpcLogAppender.java:201)
	at org.apache.ratis.grpc.server.GrpcLogAppender.access$800(GrpcLogAppender.java:62)
	at org.apache.ratis.grpc.server.GrpcLogAppender$AppendLogResponseHandler.onCompleted(GrpcLogAppender.java:547)
	at org.apache.ratis.thirdparty.io.grpc.stub.ClientCalls$StreamObserverToCallListenerAdapter.onClose(ClientCalls.java:479)
	at org.apache.ratis.thirdparty.io.grpc.internal.ClientCallImpl.closeObserver(ClientCallImpl.java:567)
	at org.apache.ratis.thirdparty.io.grpc.internal.ClientCallImpl.access$300(ClientCallImpl.java:71)
	at org.apache.ratis.thirdparty.io.grpc.internal.ClientCallImpl$ClientStreamListenerImpl$1StreamClosed.runInternal(ClientCallImpl.java:735)
	at org.apache.ratis.thirdparty.io.grpc.internal.ClientCallImpl$ClientStreamListenerImpl$1StreamClosed.runInContext(ClientCallImpl.java:716)
	at org.apache.ratis.thirdparty.io.grpc.internal.ContextRunnable.run(ContextRunnable.java:37)
	at org.apache.ratis.thirdparty.io.grpc.internal.SerializingExecutor.run(SerializingExecutor.java:133)
	at java.util.concurrent.ThreadPoolExecutor.runWorker(ThreadPoolExecutor.java:1149)
	at java.util.concurrent.ThreadPoolExecutor$Worker.run(ThreadPoolExecutor.java:624)
	at java.lang.Thread.run(Thread.java:750)
2024-03-18 17:37:07,093 [main] INFO  server.GrpcService (GrpcService.java:closeImpl(320)) - 56261a0d-e81e-4394-808f-5b50f7cf5f2a: shutdown server GrpcServerProtocolService successfully
2024-03-18 17:37:07,093 [main] INFO  server.GrpcService (GrpcService.java:closeImpl(311)) - 56261a0d-e81e-4394-808f-5b50f7cf5f2a: shutdown server org.apache.ratis.grpc.server.GrpcAdminProtocolService now
2024-03-18 17:37:07,094 [grpc-default-executor-1] INFO  server.GrpcLogAppender (GrpcLogAppender.java:onCompleted(546)) - c55acdcd-41ed-4e13-9d38-7679e97508ee@group-5B297D7DC30A->d4ad8e12-a3d8-4b8c-888a-d359f75d29b2-AppendLogResponseHandler: follower responses appendEntries COMPLETED
2024-03-18 17:37:07,094 [grpc-default-executor-1] WARN  server.GrpcLogAppender (GrpcLogAppender.java:resetClient(226)) - c55acdcd-41ed-4e13-9d38-7679e97508ee@group-5B297D7DC30A->d4ad8e12-a3d8-4b8c-888a-d359f75d29b2-GrpcLogAppender: Failed to getClient for d4ad8e12-a3d8-4b8c-888a-d359f75d29b2
org.apache.ratis.protocol.exceptions.AlreadyClosedException: c55acdcd-41ed-4e13-9d38-7679e97508ee is already CLOSED
	at org.apache.ratis.util.PeerProxyMap$PeerAndProxy.getProxy(PeerProxyMap.java:65)
	at org.apache.ratis.util.PeerProxyMap.getProxy(PeerProxyMap.java:114)
	at org.apache.ratis.grpc.server.GrpcLogAppender.getClient(GrpcLogAppender.java:196)
	at org.apache.ratis.grpc.server.GrpcLogAppender.resetClient(GrpcLogAppender.java:201)
	at org.apache.ratis.grpc.server.GrpcLogAppender.access$800(GrpcLogAppender.java:62)
	at org.apache.ratis.grpc.server.GrpcLogAppender$AppendLogResponseHandler.onCompleted(GrpcLogAppender.java:547)
	at org.apache.ratis.thirdparty.io.grpc.stub.ClientCalls$StreamObserverToCallListenerAdapter.onClose(ClientCalls.java:479)
	at org.apache.ratis.thirdparty.io.grpc.internal.ClientCallImpl.closeObserver(ClientCallImpl.java:567)
	at org.apache.ratis.thirdparty.io.grpc.internal.ClientCallImpl.access$300(ClientCallImpl.java:71)
	at org.apache.ratis.thirdparty.io.grpc.internal.ClientCallImpl$ClientStreamListenerImpl$1StreamClosed.runInternal(ClientCallImpl.java:735)
	at org.apache.ratis.thirdparty.io.grpc.internal.ClientCallImpl$ClientStreamListenerImpl$1StreamClosed.runInContext(ClientCallImpl.java:716)
	at org.apache.ratis.thirdparty.io.grpc.internal.ContextRunnable.run(ContextRunnable.java:37)
	at org.apache.ratis.thirdparty.io.grpc.internal.SerializingExecutor.run(SerializingExecutor.java:133)
	at java.util.concurrent.ThreadPoolExecutor.runWorker(ThreadPoolExecutor.java:1149)
	at java.util.concurrent.ThreadPoolExecutor$Worker.run(ThreadPoolExecutor.java:624)
	at java.lang.Thread.run(Thread.java:750)
2024-03-18 17:37:07,094 [grpc-default-executor-4] INFO  server.GrpcLogAppender (GrpcLogAppender.java:onError(533)) - c55acdcd-41ed-4e13-9d38-7679e97508ee@group-5B297D7DC30A->56261a0d-e81e-4394-808f-5b50f7cf5f2a-GrpcLogAppender is already stopped
2024-03-18 17:37:07,094 [grpc-default-executor-3] INFO  server.GrpcLogAppender (GrpcLogAppender.java:onCompleted(546)) - d4ad8e12-a3d8-4b8c-888a-d359f75d29b2@group-C9C4DC121C8B->c55acdcd-41ed-4e13-9d38-7679e97508ee-AppendLogResponseHandler: follower responses appendEntries COMPLETED
2024-03-18 17:37:07,094 [grpc-default-executor-3] WARN  server.GrpcLogAppender (GrpcLogAppender.java:resetClient(226)) - d4ad8e12-a3d8-4b8c-888a-d359f75d29b2@group-C9C4DC121C8B->c55acdcd-41ed-4e13-9d38-7679e97508ee-GrpcLogAppender: Failed to getClient for c55acdcd-41ed-4e13-9d38-7679e97508ee
org.apache.ratis.protocol.exceptions.AlreadyClosedException: d4ad8e12-a3d8-4b8c-888a-d359f75d29b2 is already CLOSED
	at org.apache.ratis.util.PeerProxyMap$PeerAndProxy.getProxy(PeerProxyMap.java:65)
	at org.apache.ratis.util.PeerProxyMap.getProxy(PeerProxyMap.java:114)
	at org.apache.ratis.grpc.server.GrpcLogAppender.getClient(GrpcLogAppender.java:196)
	at org.apache.ratis.grpc.server.GrpcLogAppender.resetClient(GrpcLogAppender.java:201)
	at org.apache.ratis.grpc.server.GrpcLogAppender.access$800(GrpcLogAppender.java:62)
	at org.apache.ratis.grpc.server.GrpcLogAppender$AppendLogResponseHandler.onCompleted(GrpcLogAppender.java:547)
	at org.apache.ratis.thirdparty.io.grpc.stub.ClientCalls$StreamObserverToCallListenerAdapter.onClose(ClientCalls.java:479)
	at org.apache.ratis.thirdparty.io.grpc.internal.ClientCallImpl.closeObserver(ClientCallImpl.java:567)
	at org.apache.ratis.thirdparty.io.grpc.internal.ClientCallImpl.access$300(ClientCallImpl.java:71)
	at org.apache.ratis.thirdparty.io.grpc.internal.ClientCallImpl$ClientStreamListenerImpl$1StreamClosed.runInternal(ClientCallImpl.java:735)
	at org.apache.ratis.thirdparty.io.grpc.internal.ClientCallImpl$ClientStreamListenerImpl$1StreamClosed.runInContext(ClientCallImpl.java:716)
	at org.apache.ratis.thirdparty.io.grpc.internal.ContextRunnable.run(ContextRunnable.java:37)
	at org.apache.ratis.thirdparty.io.grpc.internal.SerializingExecutor.run(SerializingExecutor.java:133)
	at java.util.concurrent.ThreadPoolExecutor.runWorker(ThreadPoolExecutor.java:1149)
	at java.util.concurrent.ThreadPoolExecutor$Worker.run(ThreadPoolExecutor.java:624)
	at java.lang.Thread.run(Thread.java:750)
2024-03-18 17:37:07,104 [grpc-default-executor-2] INFO  server.GrpcLogAppender (GrpcLogAppender.java:onCompleted(546)) - d4ad8e12-a3d8-4b8c-888a-d359f75d29b2@group-C9C4DC121C8B->56261a0d-e81e-4394-808f-5b50f7cf5f2a-AppendLogResponseHandler: follower responses appendEntries COMPLETED
2024-03-18 17:37:07,104 [grpc-default-executor-2] WARN  server.GrpcLogAppender (GrpcLogAppender.java:resetClient(226)) - d4ad8e12-a3d8-4b8c-888a-d359f75d29b2@group-C9C4DC121C8B->56261a0d-e81e-4394-808f-5b50f7cf5f2a-GrpcLogAppender: Failed to getClient for 56261a0d-e81e-4394-808f-5b50f7cf5f2a
org.apache.ratis.protocol.exceptions.AlreadyClosedException: d4ad8e12-a3d8-4b8c-888a-d359f75d29b2 is already CLOSED
	at org.apache.ratis.util.PeerProxyMap$PeerAndProxy.getProxy(PeerProxyMap.java:65)
	at org.apache.ratis.util.PeerProxyMap.getProxy(PeerProxyMap.java:114)
	at org.apache.ratis.grpc.server.GrpcLogAppender.getClient(GrpcLogAppender.java:196)
	at org.apache.ratis.grpc.server.GrpcLogAppender.resetClient(GrpcLogAppender.java:201)
	at org.apache.ratis.grpc.server.GrpcLogAppender.access$800(GrpcLogAppender.java:62)
	at org.apache.ratis.grpc.server.GrpcLogAppender$AppendLogResponseHandler.onCompleted(GrpcLogAppender.java:547)
	at org.apache.ratis.thirdparty.io.grpc.stub.ClientCalls$StreamObserverToCallListenerAdapter.onClose(ClientCalls.java:479)
	at org.apache.ratis.thirdparty.io.grpc.internal.DelayedClientCall$DelayedListener$3.run(DelayedClientCall.java:489)
	at org.apache.ratis.thirdparty.io.grpc.internal.DelayedClientCall$DelayedListener.delayOrExecute(DelayedClientCall.java:453)
	at org.apache.ratis.thirdparty.io.grpc.internal.DelayedClientCall$DelayedListener.onClose(DelayedClientCall.java:486)
	at org.apache.ratis.thirdparty.io.grpc.internal.ClientCallImpl.closeObserver(ClientCallImpl.java:567)
	at org.apache.ratis.thirdparty.io.grpc.internal.ClientCallImpl.access$300(ClientCallImpl.java:71)
	at org.apache.ratis.thirdparty.io.grpc.internal.ClientCallImpl$ClientStreamListenerImpl$1StreamClosed.runInternal(ClientCallImpl.java:735)
	at org.apache.ratis.thirdparty.io.grpc.internal.ClientCallImpl$ClientStreamListenerImpl$1StreamClosed.runInContext(ClientCallImpl.java:716)
	at org.apache.ratis.thirdparty.io.grpc.internal.ContextRunnable.run(ContextRunnable.java:37)
	at org.apache.ratis.thirdparty.io.grpc.internal.SerializingExecutor.run(SerializingExecutor.java:133)
	at java.util.concurrent.ThreadPoolExecutor.runWorker(ThreadPoolExecutor.java:1149)
	at java.util.concurrent.ThreadPoolExecutor$Worker.run(ThreadPoolExecutor.java:624)
	at java.lang.Thread.run(Thread.java:750)
2024-03-18 17:37:07,105 [main] INFO  server.GrpcService (GrpcService.java:closeImpl(320)) - 56261a0d-e81e-4394-808f-5b50f7cf5f2a: shutdown server org.apache.ratis.grpc.server.GrpcAdminProtocolService successfully
2024-03-18 17:37:07,107 [ForkJoinPool.commonPool-worker-3] INFO  server.GrpcService (GrpcService.java:closeImpl(320)) - d4ad8e12-a3d8-4b8c-888a-d359f75d29b2: shutdown server org.apache.ratis.grpc.server.GrpcClientProtocolService successfully
2024-03-18 17:37:07,107 [ForkJoinPool.commonPool-worker-3] INFO  server.GrpcService (GrpcService.java:closeImpl(311)) - d4ad8e12-a3d8-4b8c-888a-d359f75d29b2: shutdown server GrpcServerProtocolService now
2024-03-18 17:37:07,107 [grpc-default-executor-2] INFO  server.GrpcLogAppender (GrpcLogAppender.java:onError(533)) - c55acdcd-41ed-4e13-9d38-7679e97508ee@group-5B297D7DC30A->56261a0d-e81e-4394-808f-5b50f7cf5f2a-GrpcLogAppender is already stopped
2024-03-18 17:37:07,107 [ForkJoinPool.commonPool-worker-1] INFO  server.GrpcService (GrpcService.java:closeImpl(320)) - c55acdcd-41ed-4e13-9d38-7679e97508ee: shutdown server org.apache.ratis.grpc.server.GrpcClientProtocolService successfully
2024-03-18 17:37:07,108 [ForkJoinPool.commonPool-worker-1] INFO  server.GrpcService (GrpcService.java:closeImpl(311)) - c55acdcd-41ed-4e13-9d38-7679e97508ee: shutdown server GrpcServerProtocolService now
2024-03-18 17:37:07,120 [ForkJoinPool.commonPool-worker-1] INFO  server.GrpcService (GrpcService.java:closeImpl(320)) - c55acdcd-41ed-4e13-9d38-7679e97508ee: shutdown server GrpcServerProtocolService successfully
2024-03-18 17:37:07,120 [ForkJoinPool.commonPool-worker-1] INFO  server.GrpcService (GrpcService.java:closeImpl(311)) - c55acdcd-41ed-4e13-9d38-7679e97508ee: shutdown server org.apache.ratis.grpc.server.GrpcAdminProtocolService now
2024-03-18 17:37:07,120 [ForkJoinPool.commonPool-worker-3] INFO  server.GrpcService (GrpcService.java:closeImpl(320)) - d4ad8e12-a3d8-4b8c-888a-d359f75d29b2: shutdown server GrpcServerProtocolService successfully
2024-03-18 17:37:07,120 [ForkJoinPool.commonPool-worker-3] INFO  server.GrpcService (GrpcService.java:closeImpl(311)) - d4ad8e12-a3d8-4b8c-888a-d359f75d29b2: shutdown server org.apache.ratis.grpc.server.GrpcAdminProtocolService now
2024-03-18 17:37:07,125 [c55acdcd-41ed-4e13-9d38-7679e97508ee@group-97B48BD7EFBA-StateMachineUpdater] INFO  ratis.ContainerStateMachine (ContainerStateMachine.java:takeSnapshot(366)) - group-97B48BD7EFBA: Finished taking a snapshot at:(t:1, i:0) file:/home/runner/work/ozone/ozone/hadoop-ozone/integration-test/target/test-dir/MiniOzoneClusterImpl-fcb2b1b2-065d-4164-ad15-2f123479485b/ozone-meta/datanode-3/ratis/47476086-8033-4df1-a786-97b48bd7efba/sm/snapshot.1_0 took: 74 ms
2024-03-18 17:37:07,125 [56261a0d-e81e-4394-808f-5b50f7cf5f2a@group-5B297D7DC30A-StateMachineUpdater] INFO  ratis.ContainerStateMachine (ContainerStateMachine.java:takeSnapshot(366)) - group-5B297D7DC30A: Finished taking a snapshot at:(t:1, i:0) file:/home/runner/work/ozone/ozone/hadoop-ozone/integration-test/target/test-dir/MiniOzoneClusterImpl-fcb2b1b2-065d-4164-ad15-2f123479485b/ozone-meta/datanode-2/ratis/d7d5947c-a7d0-4b0a-9d18-5b297d7dc30a/sm/snapshot.1_0 took: 71 ms
2024-03-18 17:37:07,126 [56261a0d-e81e-4394-808f-5b50f7cf5f2a@group-88A1A5C601CE-StateMachineUpdater] INFO  ratis.ContainerStateMachine (ContainerStateMachine.java:takeSnapshot(366)) - group-88A1A5C601CE: Finished taking a snapshot at:(t:1, i:0) file:/home/runner/work/ozone/ozone/hadoop-ozone/integration-test/target/test-dir/MiniOzoneClusterImpl-fcb2b1b2-065d-4164-ad15-2f123479485b/ozone-meta/datanode-2/ratis/9690484f-ccf6-4004-8abb-88a1a5c601ce/sm/snapshot.1_0 took: 48 ms
2024-03-18 17:37:07,125 [56261a0d-e81e-4394-808f-5b50f7cf5f2a@group-C9C4DC121C8B-StateMachineUpdater] INFO  ratis.ContainerStateMachine (ContainerStateMachine.java:takeSnapshot(366)) - group-C9C4DC121C8B: Finished taking a snapshot at:(t:1, i:0) file:/home/runner/work/ozone/ozone/hadoop-ozone/integration-test/target/test-dir/MiniOzoneClusterImpl-fcb2b1b2-065d-4164-ad15-2f123479485b/ozone-meta/datanode-2/ratis/6c854ea3-c611-4d33-8107-c9c4dc121c8b/sm/snapshot.1_0 took: 73 ms
2024-03-18 17:37:07,126 [c55acdcd-41ed-4e13-9d38-7679e97508ee@group-97B48BD7EFBA-StateMachineUpdater] INFO  impl.StateMachineUpdater (StateMachineUpdater.java:takeSnapshot(295)) - c55acdcd-41ed-4e13-9d38-7679e97508ee@group-97B48BD7EFBA-StateMachineUpdater: Took a snapshot at index 0
2024-03-18 17:37:07,126 [c55acdcd-41ed-4e13-9d38-7679e97508ee@group-97B48BD7EFBA-StateMachineUpdater] INFO  impl.StateMachineUpdater (StateMachineUpdater.java:lambda$new$0(98)) - c55acdcd-41ed-4e13-9d38-7679e97508ee@group-97B48BD7EFBA-StateMachineUpdater: snapshotIndex: updateIncreasingly -1 -> 0
2024-03-18 17:37:07,125 [c55acdcd-41ed-4e13-9d38-7679e97508ee@group-C9C4DC121C8B-StateMachineUpdater] INFO  ratis.ContainerStateMachine (ContainerStateMachine.java:takeSnapshot(366)) - group-C9C4DC121C8B: Finished taking a snapshot at:(t:1, i:0) file:/home/runner/work/ozone/ozone/hadoop-ozone/integration-test/target/test-dir/MiniOzoneClusterImpl-fcb2b1b2-065d-4164-ad15-2f123479485b/ozone-meta/datanode-3/ratis/6c854ea3-c611-4d33-8107-c9c4dc121c8b/sm/snapshot.1_0 took: 73 ms
2024-03-18 17:37:07,127 [c55acdcd-41ed-4e13-9d38-7679e97508ee@group-C9C4DC121C8B-StateMachineUpdater] INFO  impl.StateMachineUpdater (StateMachineUpdater.java:takeSnapshot(295)) - c55acdcd-41ed-4e13-9d38-7679e97508ee@group-C9C4DC121C8B-StateMachineUpdater: Took a snapshot at index 0
2024-03-18 17:37:07,127 [c55acdcd-41ed-4e13-9d38-7679e97508ee@group-C9C4DC121C8B-StateMachineUpdater] INFO  impl.StateMachineUpdater (StateMachineUpdater.java:lambda$new$0(98)) - c55acdcd-41ed-4e13-9d38-7679e97508ee@group-C9C4DC121C8B-StateMachineUpdater: snapshotIndex: updateIncreasingly -1 -> 0
2024-03-18 17:37:07,126 [d4ad8e12-a3d8-4b8c-888a-d359f75d29b2@group-5B297D7DC30A-StateMachineUpdater] INFO  ratis.ContainerStateMachine (ContainerStateMachine.java:takeSnapshot(366)) - group-5B297D7DC30A: Finished taking a snapshot at:(t:1, i:0) file:/home/runner/work/ozone/ozone/hadoop-ozone/integration-test/target/test-dir/MiniOzoneClusterImpl-fcb2b1b2-065d-4164-ad15-2f123479485b/ozone-meta/datanode-1/ratis/d7d5947c-a7d0-4b0a-9d18-5b297d7dc30a/sm/snapshot.1_0 took: 75 ms
2024-03-18 17:37:07,127 [d4ad8e12-a3d8-4b8c-888a-d359f75d29b2@group-5B297D7DC30A-StateMachineUpdater] INFO  impl.StateMachineUpdater (StateMachineUpdater.java:takeSnapshot(295)) - d4ad8e12-a3d8-4b8c-888a-d359f75d29b2@group-5B297D7DC30A-StateMachineUpdater: Took a snapshot at index 0
2024-03-18 17:37:07,127 [d4ad8e12-a3d8-4b8c-888a-d359f75d29b2@group-5B297D7DC30A-StateMachineUpdater] INFO  impl.StateMachineUpdater (StateMachineUpdater.java:lambda$new$0(98)) - d4ad8e12-a3d8-4b8c-888a-d359f75d29b2@group-5B297D7DC30A-StateMachineUpdater: snapshotIndex: updateIncreasingly -1 -> 0
2024-03-18 17:37:07,125 [c55acdcd-41ed-4e13-9d38-7679e97508ee@group-5B297D7DC30A-StateMachineUpdater] INFO  ratis.ContainerStateMachine (ContainerStateMachine.java:takeSnapshot(366)) - group-5B297D7DC30A: Finished taking a snapshot at:(t:1, i:0) file:/home/runner/work/ozone/ozone/hadoop-ozone/integration-test/target/test-dir/MiniOzoneClusterImpl-fcb2b1b2-065d-4164-ad15-2f123479485b/ozone-meta/datanode-3/ratis/d7d5947c-a7d0-4b0a-9d18-5b297d7dc30a/sm/snapshot.1_0 took: 61 ms
2024-03-18 17:37:07,127 [c55acdcd-41ed-4e13-9d38-7679e97508ee@group-5B297D7DC30A-StateMachineUpdater] INFO  impl.StateMachineUpdater (StateMachineUpdater.java:takeSnapshot(295)) - c55acdcd-41ed-4e13-9d38-7679e97508ee@group-5B297D7DC30A-StateMachineUpdater: Took a snapshot at index 0
2024-03-18 17:37:07,127 [c55acdcd-41ed-4e13-9d38-7679e97508ee@group-5B297D7DC30A-StateMachineUpdater] INFO  impl.StateMachineUpdater (StateMachineUpdater.java:lambda$new$0(98)) - c55acdcd-41ed-4e13-9d38-7679e97508ee@group-5B297D7DC30A-StateMachineUpdater: snapshotIndex: updateIncreasingly -1 -> 0
2024-03-18 17:37:07,128 [d4ad8e12-a3d8-4b8c-888a-d359f75d29b2@group-8069D714D8EF-StateMachineUpdater] INFO  ratis.ContainerStateMachine (ContainerStateMachine.java:takeSnapshot(366)) - group-8069D714D8EF: Finished taking a snapshot at:(t:1, i:0) file:/home/runner/work/ozone/ozone/hadoop-ozone/integration-test/target/test-dir/MiniOzoneClusterImpl-fcb2b1b2-065d-4164-ad15-2f123479485b/ozone-meta/datanode-1/ratis/950953b5-16e5-4c59-940f-8069d714d8ef/sm/snapshot.1_0 took: 41 ms
2024-03-18 17:37:07,128 [d4ad8e12-a3d8-4b8c-888a-d359f75d29b2@group-8069D714D8EF-StateMachineUpdater] INFO  impl.StateMachineUpdater (StateMachineUpdater.java:takeSnapshot(295)) - d4ad8e12-a3d8-4b8c-888a-d359f75d29b2@group-8069D714D8EF-StateMachineUpdater: Took a snapshot at index 0
2024-03-18 17:37:07,128 [d4ad8e12-a3d8-4b8c-888a-d359f75d29b2@group-8069D714D8EF-StateMachineUpdater] INFO  impl.StateMachineUpdater (StateMachineUpdater.java:lambda$new$0(98)) - d4ad8e12-a3d8-4b8c-888a-d359f75d29b2@group-8069D714D8EF-StateMachineUpdater: snapshotIndex: updateIncreasingly -1 -> 0
2024-03-18 17:37:07,128 [d4ad8e12-a3d8-4b8c-888a-d359f75d29b2-impl-thread2] INFO  server.RaftServer$Division (ServerState.java:close(427)) - d4ad8e12-a3d8-4b8c-888a-d359f75d29b2@group-8069D714D8EF: applyIndex: 0
2024-03-18 17:37:07,128 [56261a0d-e81e-4394-808f-5b50f7cf5f2a@group-5B297D7DC30A-StateMachineUpdater] INFO  impl.StateMachineUpdater (StateMachineUpdater.java:takeSnapshot(295)) - 56261a0d-e81e-4394-808f-5b50f7cf5f2a@group-5B297D7DC30A-StateMachineUpdater: Took a snapshot at index 0
2024-03-18 17:37:07,128 [56261a0d-e81e-4394-808f-5b50f7cf5f2a@group-5B297D7DC30A-StateMachineUpdater] INFO  impl.StateMachineUpdater (StateMachineUpdater.java:lambda$new$0(98)) - 56261a0d-e81e-4394-808f-5b50f7cf5f2a@group-5B297D7DC30A-StateMachineUpdater: snapshotIndex: updateIncreasingly -1 -> 0
2024-03-18 17:37:07,126 [56261a0d-e81e-4394-808f-5b50f7cf5f2a@group-C9C4DC121C8B-StateMachineUpdater] INFO  impl.StateMachineUpdater (StateMachineUpdater.java:takeSnapshot(295)) - 56261a0d-e81e-4394-808f-5b50f7cf5f2a@group-C9C4DC121C8B-StateMachineUpdater: Took a snapshot at index 0
2024-03-18 17:37:07,129 [56261a0d-e81e-4394-808f-5b50f7cf5f2a@group-C9C4DC121C8B-StateMachineUpdater] INFO  impl.StateMachineUpdater (StateMachineUpdater.java:lambda$new$0(98)) - 56261a0d-e81e-4394-808f-5b50f7cf5f2a@group-C9C4DC121C8B-StateMachineUpdater: snapshotIndex: updateIncreasingly -1 -> 0
2024-03-18 17:37:07,129 [56261a0d-e81e-4394-808f-5b50f7cf5f2a-impl-thread2] INFO  server.RaftServer$Division (ServerState.java:close(427)) - 56261a0d-e81e-4394-808f-5b50f7cf5f2a@group-C9C4DC121C8B: applyIndex: 0
2024-03-18 17:37:07,128 [c55acdcd-41ed-4e13-9d38-7679e97508ee-impl-thread2] INFO  server.RaftServer$Division (ServerState.java:close(427)) - c55acdcd-41ed-4e13-9d38-7679e97508ee@group-97B48BD7EFBA: applyIndex: 0
2024-03-18 17:37:07,129 [56261a0d-e81e-4394-808f-5b50f7cf5f2a@group-88A1A5C601CE-StateMachineUpdater] INFO  impl.StateMachineUpdater (StateMachineUpdater.java:takeSnapshot(295)) - 56261a0d-e81e-4394-808f-5b50f7cf5f2a@group-88A1A5C601CE-StateMachineUpdater: Took a snapshot at index 0
2024-03-18 17:37:07,129 [56261a0d-e81e-4394-808f-5b50f7cf5f2a@group-88A1A5C601CE-StateMachineUpdater] INFO  impl.StateMachineUpdater (StateMachineUpdater.java:lambda$new$0(98)) - 56261a0d-e81e-4394-808f-5b50f7cf5f2a@group-88A1A5C601CE-StateMachineUpdater: snapshotIndex: updateIncreasingly -1 -> 0
2024-03-18 17:37:07,129 [d4ad8e12-a3d8-4b8c-888a-d359f75d29b2-impl-thread1] INFO  server.RaftServer$Division (ServerState.java:close(427)) - d4ad8e12-a3d8-4b8c-888a-d359f75d29b2@group-5B297D7DC30A: applyIndex: 0
2024-03-18 17:37:07,129 [56261a0d-e81e-4394-808f-5b50f7cf5f2a-impl-thread3] INFO  server.RaftServer$Division (ServerState.java:close(427)) - 56261a0d-e81e-4394-808f-5b50f7cf5f2a@group-88A1A5C601CE: applyIndex: 0
2024-03-18 17:37:07,129 [56261a0d-e81e-4394-808f-5b50f7cf5f2a-impl-thread1] INFO  server.RaftServer$Division (ServerState.java:close(427)) - 56261a0d-e81e-4394-808f-5b50f7cf5f2a@group-5B297D7DC30A: applyIndex: 0
2024-03-18 17:37:07,130 [c55acdcd-41ed-4e13-9d38-7679e97508ee-impl-thread3] INFO  server.RaftServer$Division (ServerState.java:close(427)) - c55acdcd-41ed-4e13-9d38-7679e97508ee@group-C9C4DC121C8B: applyIndex: 0
2024-03-18 17:37:07,130 [d4ad8e12-a3d8-4b8c-888a-d359f75d29b2@group-C9C4DC121C8B-StateMachineUpdater] INFO  ratis.ContainerStateMachine (ContainerStateMachine.java:takeSnapshot(366)) - group-C9C4DC121C8B: Finished taking a snapshot at:(t:1, i:0) file:/home/runner/work/ozone/ozone/hadoop-ozone/integration-test/target/test-dir/MiniOzoneClusterImpl-fcb2b1b2-065d-4164-ad15-2f123479485b/ozone-meta/datanode-1/ratis/6c854ea3-c611-4d33-8107-c9c4dc121c8b/sm/snapshot.1_0 took: 65 ms
2024-03-18 17:37:07,130 [d4ad8e12-a3d8-4b8c-888a-d359f75d29b2@group-C9C4DC121C8B-StateMachineUpdater] INFO  impl.StateMachineUpdater (StateMachineUpdater.java:takeSnapshot(295)) - d4ad8e12-a3d8-4b8c-888a-d359f75d29b2@group-C9C4DC121C8B-StateMachineUpdater: Took a snapshot at index 0
2024-03-18 17:37:07,130 [d4ad8e12-a3d8-4b8c-888a-d359f75d29b2@group-C9C4DC121C8B-StateMachineUpdater] INFO  impl.StateMachineUpdater (StateMachineUpdater.java:lambda$new$0(98)) - d4ad8e12-a3d8-4b8c-888a-d359f75d29b2@group-C9C4DC121C8B-StateMachineUpdater: snapshotIndex: updateIncreasingly -1 -> 0
2024-03-18 17:37:07,130 [d4ad8e12-a3d8-4b8c-888a-d359f75d29b2-impl-thread3] INFO  server.RaftServer$Division (ServerState.java:close(427)) - d4ad8e12-a3d8-4b8c-888a-d359f75d29b2@group-C9C4DC121C8B: applyIndex: 0
2024-03-18 17:37:07,130 [c55acdcd-41ed-4e13-9d38-7679e97508ee-impl-thread1] INFO  server.RaftServer$Division (ServerState.java:close(427)) - c55acdcd-41ed-4e13-9d38-7679e97508ee@group-5B297D7DC30A: applyIndex: 0
2024-03-18 17:37:07,131 [c55acdcd-41ed-4e13-9d38-7679e97508ee@group-5B297D7DC30A-cacheEviction-AwaitToRun] INFO  util.AwaitToRun (AwaitToRun.java:run(49)) - c55acdcd-41ed-4e13-9d38-7679e97508ee@group-5B297D7DC30A-cacheEviction-AwaitToRun-AwaitForSignal is interrupted
2024-03-18 17:37:07,132 [d4ad8e12-a3d8-4b8c-888a-d359f75d29b2@group-C9C4DC121C8B-cacheEviction-AwaitToRun] INFO  util.AwaitToRun (AwaitToRun.java:run(49)) - d4ad8e12-a3d8-4b8c-888a-d359f75d29b2@group-C9C4DC121C8B-cacheEviction-AwaitToRun-AwaitForSignal is interrupted
2024-03-18 17:37:07,132 [c55acdcd-41ed-4e13-9d38-7679e97508ee@group-C9C4DC121C8B-cacheEviction-AwaitToRun] INFO  util.AwaitToRun (AwaitToRun.java:run(49)) - c55acdcd-41ed-4e13-9d38-7679e97508ee@group-C9C4DC121C8B-cacheEviction-AwaitToRun-AwaitForSignal is interrupted
2024-03-18 17:37:07,132 [56261a0d-e81e-4394-808f-5b50f7cf5f2a@group-88A1A5C601CE-cacheEviction-AwaitToRun] INFO  util.AwaitToRun (AwaitToRun.java:run(49)) - 56261a0d-e81e-4394-808f-5b50f7cf5f2a@group-88A1A5C601CE-cacheEviction-AwaitToRun-AwaitForSignal is interrupted
2024-03-18 17:37:07,132 [56261a0d-e81e-4394-808f-5b50f7cf5f2a@group-5B297D7DC30A-cacheEviction-AwaitToRun] INFO  util.AwaitToRun (AwaitToRun.java:run(49)) - 56261a0d-e81e-4394-808f-5b50f7cf5f2a@group-5B297D7DC30A-cacheEviction-AwaitToRun-AwaitForSignal is interrupted
2024-03-18 17:37:07,132 [d4ad8e12-a3d8-4b8c-888a-d359f75d29b2@group-5B297D7DC30A-cacheEviction-AwaitToRun] INFO  util.AwaitToRun (AwaitToRun.java:run(49)) - d4ad8e12-a3d8-4b8c-888a-d359f75d29b2@group-5B297D7DC30A-cacheEviction-AwaitToRun-AwaitForSignal is interrupted
2024-03-18 17:37:07,132 [d4ad8e12-a3d8-4b8c-888a-d359f75d29b2@group-8069D714D8EF-cacheEviction-AwaitToRun] INFO  util.AwaitToRun (AwaitToRun.java:run(49)) - d4ad8e12-a3d8-4b8c-888a-d359f75d29b2@group-8069D714D8EF-cacheEviction-AwaitToRun-AwaitForSignal is interrupted
2024-03-18 17:37:07,132 [56261a0d-e81e-4394-808f-5b50f7cf5f2a@group-C9C4DC121C8B-cacheEviction-AwaitToRun] INFO  util.AwaitToRun (AwaitToRun.java:run(49)) - 56261a0d-e81e-4394-808f-5b50f7cf5f2a@group-C9C4DC121C8B-cacheEviction-AwaitToRun-AwaitForSignal is interrupted
2024-03-18 17:37:07,132 [c55acdcd-41ed-4e13-9d38-7679e97508ee@group-97B48BD7EFBA-cacheEviction-AwaitToRun] INFO  util.AwaitToRun (AwaitToRun.java:run(49)) - c55acdcd-41ed-4e13-9d38-7679e97508ee@group-97B48BD7EFBA-cacheEviction-AwaitToRun-AwaitForSignal is interrupted
2024-03-18 17:37:07,135 [ForkJoinPool.commonPool-worker-3] INFO  server.GrpcService (GrpcService.java:closeImpl(320)) - d4ad8e12-a3d8-4b8c-888a-d359f75d29b2: shutdown server org.apache.ratis.grpc.server.GrpcAdminProtocolService successfully
2024-03-18 17:37:07,135 [ForkJoinPool.commonPool-worker-1] INFO  server.GrpcService (GrpcService.java:closeImpl(320)) - c55acdcd-41ed-4e13-9d38-7679e97508ee: shutdown server org.apache.ratis.grpc.server.GrpcAdminProtocolService successfully
2024-03-18 17:37:07,147 [d4ad8e12-a3d8-4b8c-888a-d359f75d29b2-NettyServerStreamRpc-bossGroup--thread1] INFO  logging.LoggingHandler (AbstractInternalLogger.java:log(148)) - [id: 0x8a9aa409, L:/0.0.0.0:15015] CLOSE
2024-03-18 17:37:07,147 [d4ad8e12-a3d8-4b8c-888a-d359f75d29b2-NettyServerStreamRpc-bossGroup--thread1] INFO  logging.LoggingHandler (AbstractInternalLogger.java:log(148)) - [id: 0x8a9aa409, L:/0.0.0.0:15015] INACTIVE
2024-03-18 17:37:07,147 [d4ad8e12-a3d8-4b8c-888a-d359f75d29b2-NettyServerStreamRpc-bossGroup--thread1] INFO  logging.LoggingHandler (AbstractInternalLogger.java:log(148)) - [id: 0x8a9aa409, L:/0.0.0.0:15015] UNREGISTERED
2024-03-18 17:37:07,147 [c55acdcd-41ed-4e13-9d38-7679e97508ee-NettyServerStreamRpc-bossGroup--thread1] INFO  logging.LoggingHandler (AbstractInternalLogger.java:log(148)) - [id: 0xa66c9a89, L:/0.0.0.0:15033] CLOSE
2024-03-18 17:37:07,148 [56261a0d-e81e-4394-808f-5b50f7cf5f2a-NettyServerStreamRpc-bossGroup--thread1] INFO  logging.LoggingHandler (AbstractInternalLogger.java:log(148)) - [id: 0xb22b6bc5, L:/0.0.0.0:15024] CLOSE
2024-03-18 17:37:07,148 [c55acdcd-41ed-4e13-9d38-7679e97508ee-NettyServerStreamRpc-bossGroup--thread1] INFO  logging.LoggingHandler (AbstractInternalLogger.java:log(148)) - [id: 0xa66c9a89, L:/0.0.0.0:15033] INACTIVE
2024-03-18 17:37:07,148 [56261a0d-e81e-4394-808f-5b50f7cf5f2a-NettyServerStreamRpc-bossGroup--thread1] INFO  logging.LoggingHandler (AbstractInternalLogger.java:log(148)) - [id: 0xb22b6bc5, L:/0.0.0.0:15024] INACTIVE
2024-03-18 17:37:07,148 [c55acdcd-41ed-4e13-9d38-7679e97508ee-NettyServerStreamRpc-bossGroup--thread1] INFO  logging.LoggingHandler (AbstractInternalLogger.java:log(148)) - [id: 0xa66c9a89, L:/0.0.0.0:15033] UNREGISTERED
2024-03-18 17:37:07,148 [56261a0d-e81e-4394-808f-5b50f7cf5f2a-NettyServerStreamRpc-bossGroup--thread1] INFO  logging.LoggingHandler (AbstractInternalLogger.java:log(148)) - [id: 0xb22b6bc5, L:/0.0.0.0:15024] UNREGISTERED
2024-03-18 17:37:07,235 [d4ad8e12-a3d8-4b8c-888a-d359f75d29b2-impl-thread1] INFO  segmented.SegmentedRaftLogWorker (SegmentedRaftLogWorker.java:close(245)) - d4ad8e12-a3d8-4b8c-888a-d359f75d29b2@group-5B297D7DC30A-SegmentedRaftLogWorker close()
2024-03-18 17:37:07,235 [56261a0d-e81e-4394-808f-5b50f7cf5f2a-impl-thread1] INFO  segmented.SegmentedRaftLogWorker (SegmentedRaftLogWorker.java:close(245)) - 56261a0d-e81e-4394-808f-5b50f7cf5f2a@group-5B297D7DC30A-SegmentedRaftLogWorker close()
2024-03-18 17:37:07,329 [d4ad8e12-a3d8-4b8c-888a-d359f75d29b2-impl-thread3] INFO  segmented.SegmentedRaftLogWorker (SegmentedRaftLogWorker.java:close(245)) - d4ad8e12-a3d8-4b8c-888a-d359f75d29b2@group-C9C4DC121C8B-SegmentedRaftLogWorker close()
2024-03-18 17:37:07,354 [56261a0d-e81e-4394-808f-5b50f7cf5f2a-impl-thread2] INFO  segmented.SegmentedRaftLogWorker (SegmentedRaftLogWorker.java:close(245)) - 56261a0d-e81e-4394-808f-5b50f7cf5f2a@group-C9C4DC121C8B-SegmentedRaftLogWorker close()
2024-03-18 17:37:07,361 [c55acdcd-41ed-4e13-9d38-7679e97508ee-impl-thread3] INFO  segmented.SegmentedRaftLogWorker (SegmentedRaftLogWorker.java:close(245)) - c55acdcd-41ed-4e13-9d38-7679e97508ee@group-C9C4DC121C8B-SegmentedRaftLogWorker close()
2024-03-18 17:37:07,781 [d4ad8e12-a3d8-4b8c-888a-d359f75d29b2-impl-thread2] INFO  segmented.SegmentedRaftLogWorker (SegmentedRaftLogWorker.java:close(245)) - d4ad8e12-a3d8-4b8c-888a-d359f75d29b2@group-8069D714D8EF-SegmentedRaftLogWorker close()
2024-03-18 17:37:07,782 [JvmPauseMonitor2] INFO  util.JvmPauseMonitor (JvmPauseMonitor.java:run(152)) - JvmPauseMonitor-d4ad8e12-a3d8-4b8c-888a-d359f75d29b2: Stopped
2024-03-18 17:37:07,905 [56261a0d-e81e-4394-808f-5b50f7cf5f2a-impl-thread3] INFO  segmented.SegmentedRaftLogWorker (SegmentedRaftLogWorker.java:close(245)) - 56261a0d-e81e-4394-808f-5b50f7cf5f2a@group-88A1A5C601CE-SegmentedRaftLogWorker close()
2024-03-18 17:37:07,905 [JvmPauseMonitor3] INFO  util.JvmPauseMonitor (JvmPauseMonitor.java:run(152)) - JvmPauseMonitor-56261a0d-e81e-4394-808f-5b50f7cf5f2a: Stopped
2024-03-18 17:37:07,917 [c55acdcd-41ed-4e13-9d38-7679e97508ee-impl-thread2] INFO  segmented.SegmentedRaftLogWorker (SegmentedRaftLogWorker.java:close(245)) - c55acdcd-41ed-4e13-9d38-7679e97508ee@group-97B48BD7EFBA-SegmentedRaftLogWorker close()
2024-03-18 17:37:08,016 [c55acdcd-41ed-4e13-9d38-7679e97508ee-impl-thread1] INFO  segmented.SegmentedRaftLogWorker (SegmentedRaftLogWorker.java:close(245)) - c55acdcd-41ed-4e13-9d38-7679e97508ee@group-5B297D7DC30A-SegmentedRaftLogWorker close()
2024-03-18 17:37:08,016 [JvmPauseMonitor4] INFO  util.JvmPauseMonitor (JvmPauseMonitor.java:run(152)) - JvmPauseMonitor-c55acdcd-41ed-4e13-9d38-7679e97508ee: Stopped
2024-03-18 17:37:09,794 [ForkJoinPool.commonPool-worker-3] INFO  utils.DatanodeStoreCache (DatanodeStoreCache.java:shutdownCache(116)) - Skip clearing cache in mini cluster mode. Entries left: [/home/runner/work/ozone/ozone/hadoop-ozone/integration-test/target/test-dir/MiniOzoneClusterImpl-fcb2b1b2-065d-4164-ad15-2f123479485b/ozone-meta/datanode-1/data-0/hdds/fcb2b1b2-065d-4164-ad15-2f123479485b/DS-9e7d9dff-51be-42f1-b2ba-65fe0841a106/container.db, /home/runner/work/ozone/ozone/hadoop-ozone/integration-test/target/test-dir/MiniOzoneClusterImpl-fcb2b1b2-065d-4164-ad15-2f123479485b/ozone-meta/datanode-2/data-0/hdds/fcb2b1b2-065d-4164-ad15-2f123479485b/DS-b432d30a-6a64-4128-88ba-c1c98d9be59b/container.db, /home/runner/work/ozone/ozone/hadoop-ozone/integration-test/target/test-dir/MiniOzoneClusterImpl-fcb2b1b2-065d-4164-ad15-2f123479485b/ozone-meta/datanode-3/data-0/hdds/fcb2b1b2-065d-4164-ad15-2f123479485b/DS-b177839a-5bde-4d37-a624-5f1dcfc4a29d/container.db]
2024-03-18 17:37:09,796 [ForkJoinPool.commonPool-worker-3] INFO  utils.DatanodeStoreCache (DatanodeStoreCache.java:removeDB(110)) - Removed db /home/runner/work/ozone/ozone/hadoop-ozone/integration-test/target/test-dir/MiniOzoneClusterImpl-fcb2b1b2-065d-4164-ad15-2f123479485b/ozone-meta/datanode-1/data-0/hdds/fcb2b1b2-065d-4164-ad15-2f123479485b/DS-9e7d9dff-51be-42f1-b2ba-65fe0841a106/container.db from cache
2024-03-18 17:37:09,796 [ForkJoinPool.commonPool-worker-3] INFO  volume.HddsVolume (HddsVolume.java:closeDbStore(451)) - SchemaV3 db is stopped at /home/runner/work/ozone/ozone/hadoop-ozone/integration-test/target/test-dir/MiniOzoneClusterImpl-fcb2b1b2-065d-4164-ad15-2f123479485b/ozone-meta/datanode-1/data-0/hdds/fcb2b1b2-065d-4164-ad15-2f123479485b/DS-9e7d9dff-51be-42f1-b2ba-65fe0841a106/container.db for volume DS-9e7d9dff-51be-42f1-b2ba-65fe0841a106
2024-03-18 17:37:09,797 [ForkJoinPool.commonPool-worker-3] INFO  utils.BackgroundService (BackgroundService.java:shutdown(160)) - Shutting down service BlockDeletingService
2024-03-18 17:37:09,797 [ForkJoinPool.commonPool-worker-3] INFO  utils.BackgroundService (BackgroundService.java:shutdown(160)) - Shutting down service StaleRecoveringContainerScrubbingService
2024-03-18 17:37:09,800 [ForkJoinPool.commonPool-worker-3] INFO  statemachine.DatanodeStateMachine (DatanodeStateMachine.java:stopDaemon(638)) - Ozone container server stopped.
2024-03-18 17:37:09,802 [ForkJoinPool.commonPool-worker-3] INFO  handler.ContextHandler (ContextHandler.java:doStop(1159)) - Stopped o.e.j.w.WebAppContext@6197b1fc{hddsDatanode,/,null,STOPPED}{jar:file:/home/runner/.m2/repository/org/apache/ozone/hdds-container-service/1.5.0-SNAPSHOT/hdds-container-service-1.5.0-SNAPSHOT.jar!/webapps/hddsDatanode}
2024-03-18 17:37:09,808 [ForkJoinPool.commonPool-worker-3] INFO  server.AbstractConnector (AbstractConnector.java:doStop(383)) - Stopped ServerConnector@23c3fdd5{HTTP/1.1, (http/1.1)}{0.0.0.0:15009}
2024-03-18 17:37:09,808 [ForkJoinPool.commonPool-worker-3] INFO  server.session (HouseKeeper.java:stopScavenging(149)) - node0 Stopped scavenging
2024-03-18 17:37:09,809 [ForkJoinPool.commonPool-worker-3] INFO  handler.ContextHandler (ContextHandler.java:doStop(1159)) - Stopped o.e.j.s.ServletContextHandler@62f4e37f{static,/static,jar:file:/home/runner/.m2/repository/org/apache/ozone/hdds-container-service/1.5.0-SNAPSHOT/hdds-container-service-1.5.0-SNAPSHOT.jar!/webapps/static,STOPPED}
2024-03-18 17:37:09,809 [ForkJoinPool.commonPool-worker-3] INFO  handler.ContextHandler (ContextHandler.java:doStop(1159)) - Stopped o.e.j.s.ServletContextHandler@4551aa4{logs,/logs,file:///home/runner/work/ozone/ozone/hadoop-ozone/integration-test/target/log,STOPPED}
2024-03-18 17:37:09,812 [ForkJoinPool.commonPool-worker-3] INFO  ozone.HddsDatanodeClientProtocolServer (HddsDatanodeClientProtocolServer.java:stop(83)) - Stopping the RPC server for Client Protocol
2024-03-18 17:37:09,812 [ForkJoinPool.commonPool-worker-3] INFO  ipc.Server (Server.java:stop(3523)) - Stopping server on 15010
2024-03-18 17:37:09,812 [IPC Server listener on 15010] INFO  ipc.Server (Server.java:run(1434)) - Stopping IPC Server listener on 15010
2024-03-18 17:37:09,814 [IPC Server Responder] INFO  ipc.Server (Server.java:run(1567)) - Stopping IPC Server Responder
2024-03-18 17:37:09,909 [main] INFO  utils.DatanodeStoreCache (DatanodeStoreCache.java:shutdownCache(116)) - Skip clearing cache in mini cluster mode. Entries left: [/home/runner/work/ozone/ozone/hadoop-ozone/integration-test/target/test-dir/MiniOzoneClusterImpl-fcb2b1b2-065d-4164-ad15-2f123479485b/ozone-meta/datanode-2/data-0/hdds/fcb2b1b2-065d-4164-ad15-2f123479485b/DS-b432d30a-6a64-4128-88ba-c1c98d9be59b/container.db, /home/runner/work/ozone/ozone/hadoop-ozone/integration-test/target/test-dir/MiniOzoneClusterImpl-fcb2b1b2-065d-4164-ad15-2f123479485b/ozone-meta/datanode-3/data-0/hdds/fcb2b1b2-065d-4164-ad15-2f123479485b/DS-b177839a-5bde-4d37-a624-5f1dcfc4a29d/container.db]
2024-03-18 17:37:09,910 [main] INFO  utils.DatanodeStoreCache (DatanodeStoreCache.java:removeDB(110)) - Removed db /home/runner/work/ozone/ozone/hadoop-ozone/integration-test/target/test-dir/MiniOzoneClusterImpl-fcb2b1b2-065d-4164-ad15-2f123479485b/ozone-meta/datanode-2/data-0/hdds/fcb2b1b2-065d-4164-ad15-2f123479485b/DS-b432d30a-6a64-4128-88ba-c1c98d9be59b/container.db from cache
2024-03-18 17:37:09,911 [main] INFO  volume.HddsVolume (HddsVolume.java:closeDbStore(451)) - SchemaV3 db is stopped at /home/runner/work/ozone/ozone/hadoop-ozone/integration-test/target/test-dir/MiniOzoneClusterImpl-fcb2b1b2-065d-4164-ad15-2f123479485b/ozone-meta/datanode-2/data-0/hdds/fcb2b1b2-065d-4164-ad15-2f123479485b/DS-b432d30a-6a64-4128-88ba-c1c98d9be59b/container.db for volume DS-b432d30a-6a64-4128-88ba-c1c98d9be59b
2024-03-18 17:37:09,911 [main] INFO  utils.BackgroundService (BackgroundService.java:shutdown(160)) - Shutting down service BlockDeletingService
2024-03-18 17:37:09,911 [main] INFO  utils.BackgroundService (BackgroundService.java:shutdown(160)) - Shutting down service StaleRecoveringContainerScrubbingService
2024-03-18 17:37:09,912 [main] INFO  statemachine.DatanodeStateMachine (DatanodeStateMachine.java:stopDaemon(638)) - Ozone container server stopped.
2024-03-18 17:37:09,912 [main] INFO  handler.ContextHandler (ContextHandler.java:doStop(1159)) - Stopped o.e.j.w.WebAppContext@46a42b5b{hddsDatanode,/,null,STOPPED}{jar:file:/home/runner/.m2/repository/org/apache/ozone/hdds-container-service/1.5.0-SNAPSHOT/hdds-container-service-1.5.0-SNAPSHOT.jar!/webapps/hddsDatanode}
2024-03-18 17:37:09,913 [main] INFO  server.AbstractConnector (AbstractConnector.java:doStop(383)) - Stopped ServerConnector@255f8650{HTTP/1.1, (http/1.1)}{0.0.0.0:15018}
2024-03-18 17:37:09,913 [main] INFO  server.session (HouseKeeper.java:stopScavenging(149)) - node0 Stopped scavenging
2024-03-18 17:37:09,913 [main] INFO  handler.ContextHandler (ContextHandler.java:doStop(1159)) - Stopped o.e.j.s.ServletContextHandler@6dd11d81{static,/static,jar:file:/home/runner/.m2/repository/org/apache/ozone/hdds-container-service/1.5.0-SNAPSHOT/hdds-container-service-1.5.0-SNAPSHOT.jar!/webapps/static,STOPPED}
2024-03-18 17:37:09,914 [main] INFO  handler.ContextHandler (ContextHandler.java:doStop(1159)) - Stopped o.e.j.s.ServletContextHandler@116c8532{logs,/logs,file:///home/runner/work/ozone/ozone/hadoop-ozone/integration-test/target/log,STOPPED}
2024-03-18 17:37:09,914 [main] INFO  ozone.HddsDatanodeClientProtocolServer (HddsDatanodeClientProtocolServer.java:stop(83)) - Stopping the RPC server for Client Protocol
2024-03-18 17:37:09,915 [main] INFO  ipc.Server (Server.java:stop(3523)) - Stopping server on 15019
2024-03-18 17:37:09,915 [IPC Server listener on 15019] INFO  ipc.Server (Server.java:run(1434)) - Stopping IPC Server listener on 15019
2024-03-18 17:37:09,915 [IPC Server Responder] INFO  ipc.Server (Server.java:run(1567)) - Stopping IPC Server Responder
2024-03-18 17:37:10,020 [ForkJoinPool.commonPool-worker-1] INFO  utils.DatanodeStoreCache (DatanodeStoreCache.java:shutdownCache(116)) - Skip clearing cache in mini cluster mode. Entries left: [/home/runner/work/ozone/ozone/hadoop-ozone/integration-test/target/test-dir/MiniOzoneClusterImpl-fcb2b1b2-065d-4164-ad15-2f123479485b/ozone-meta/datanode-3/data-0/hdds/fcb2b1b2-065d-4164-ad15-2f123479485b/DS-b177839a-5bde-4d37-a624-5f1dcfc4a29d/container.db]
2024-03-18 17:37:10,021 [ForkJoinPool.commonPool-worker-1] INFO  utils.DatanodeStoreCache (DatanodeStoreCache.java:removeDB(110)) - Removed db /home/runner/work/ozone/ozone/hadoop-ozone/integration-test/target/test-dir/MiniOzoneClusterImpl-fcb2b1b2-065d-4164-ad15-2f123479485b/ozone-meta/datanode-3/data-0/hdds/fcb2b1b2-065d-4164-ad15-2f123479485b/DS-b177839a-5bde-4d37-a624-5f1dcfc4a29d/container.db from cache
2024-03-18 17:37:10,021 [ForkJoinPool.commonPool-worker-1] INFO  volume.HddsVolume (HddsVolume.java:closeDbStore(451)) - SchemaV3 db is stopped at /home/runner/work/ozone/ozone/hadoop-ozone/integration-test/target/test-dir/MiniOzoneClusterImpl-fcb2b1b2-065d-4164-ad15-2f123479485b/ozone-meta/datanode-3/data-0/hdds/fcb2b1b2-065d-4164-ad15-2f123479485b/DS-b177839a-5bde-4d37-a624-5f1dcfc4a29d/container.db for volume DS-b177839a-5bde-4d37-a624-5f1dcfc4a29d
2024-03-18 17:37:10,021 [ForkJoinPool.commonPool-worker-1] INFO  utils.BackgroundService (BackgroundService.java:shutdown(160)) - Shutting down service BlockDeletingService
2024-03-18 17:37:10,021 [ForkJoinPool.commonPool-worker-1] INFO  utils.BackgroundService (BackgroundService.java:shutdown(160)) - Shutting down service StaleRecoveringContainerScrubbingService
2024-03-18 17:37:10,022 [ForkJoinPool.commonPool-worker-1] INFO  statemachine.DatanodeStateMachine (DatanodeStateMachine.java:stopDaemon(638)) - Ozone container server stopped.
2024-03-18 17:37:10,023 [ForkJoinPool.commonPool-worker-1] INFO  handler.ContextHandler (ContextHandler.java:doStop(1159)) - Stopped o.e.j.w.WebAppContext@456387e7{hddsDatanode,/,null,STOPPED}{jar:file:/home/runner/.m2/repository/org/apache/ozone/hdds-container-service/1.5.0-SNAPSHOT/hdds-container-service-1.5.0-SNAPSHOT.jar!/webapps/hddsDatanode}
2024-03-18 17:37:10,024 [ForkJoinPool.commonPool-worker-1] INFO  server.AbstractConnector (AbstractConnector.java:doStop(383)) - Stopped ServerConnector@47181c97{HTTP/1.1, (http/1.1)}{0.0.0.0:15027}
2024-03-18 17:37:10,024 [ForkJoinPool.commonPool-worker-1] INFO  server.session (HouseKeeper.java:stopScavenging(149)) - node0 Stopped scavenging
2024-03-18 17:37:10,024 [ForkJoinPool.commonPool-worker-1] INFO  handler.ContextHandler (ContextHandler.java:doStop(1159)) - Stopped o.e.j.s.ServletContextHandler@4ada5f90{static,/static,jar:file:/home/runner/.m2/repository/org/apache/ozone/hdds-container-service/1.5.0-SNAPSHOT/hdds-container-service-1.5.0-SNAPSHOT.jar!/webapps/static,STOPPED}
2024-03-18 17:37:10,025 [ForkJoinPool.commonPool-worker-1] INFO  handler.ContextHandler (ContextHandler.java:doStop(1159)) - Stopped o.e.j.s.ServletContextHandler@6f32f21e{logs,/logs,file:///home/runner/work/ozone/ozone/hadoop-ozone/integration-test/target/log,STOPPED}
2024-03-18 17:37:10,025 [ForkJoinPool.commonPool-worker-1] INFO  ozone.HddsDatanodeClientProtocolServer (HddsDatanodeClientProtocolServer.java:stop(83)) - Stopping the RPC server for Client Protocol
2024-03-18 17:37:10,025 [ForkJoinPool.commonPool-worker-1] INFO  ipc.Server (Server.java:stop(3523)) - Stopping server on 15028
2024-03-18 17:37:10,026 [IPC Server listener on 15028] INFO  ipc.Server (Server.java:run(1434)) - Stopping IPC Server listener on 15028
2024-03-18 17:37:10,026 [IPC Server Responder] INFO  ipc.Server (Server.java:run(1567)) - Stopping IPC Server Responder
2024-03-18 17:37:10,027 [main] INFO  ozone.MiniOzoneClusterImpl (MiniOzoneClusterImpl.java:stopSCM(486)) - Stopping the StorageContainerManager
2024-03-18 17:37:10,027 [main] INFO  server.StorageContainerManager (StorageContainerManager.java:stop(1653)) - Container Balancer is not running.
2024-03-18 17:37:10,027 [main] INFO  server.StorageContainerManager (StorageContainerManager.java:stopReplicationManager(1786)) - Stopping Replication Manager Service.
2024-03-18 17:37:10,027 [main] INFO  replication.ReplicationManager (ReplicationManager.java:stop(328)) - Stopping Replication Monitor Thread.
2024-03-18 17:37:10,027 [UnderReplicatedProcessor] WARN  replication.UnhealthyReplicationProcessor (UnhealthyReplicationProcessor.java:run(180)) - UnderReplicatedProcessor interrupted. Exiting...
2024-03-18 17:37:10,027 [OverReplicatedProcessor] WARN  replication.UnhealthyReplicationProcessor (UnhealthyReplicationProcessor.java:run(180)) - OverReplicatedProcessor interrupted. Exiting...
2024-03-18 17:37:10,028 [ReplicationMonitor] INFO  replication.ReplicationManager (ReplicationManager.java:run(935)) - Replication Monitor Thread is stopped
2024-03-18 17:37:10,028 [main] INFO  server.StorageContainerManager (StorageContainerManager.java:stop(1662)) - Stopping the Datanode Admin Monitor.
2024-03-18 17:37:10,028 [main] INFO  server.StorageContainerManager (StorageContainerManager.java:stop(1669)) - Stopping datanode service RPC server
2024-03-18 17:37:10,028 [main] INFO  server.SCMDatanodeProtocolServer (SCMDatanodeProtocolServer.java:stop(425)) - Stopping the RPC server for DataNodes
2024-03-18 17:37:10,028 [main] INFO  ipc.Server (Server.java:stop(3523)) - Stopping server on 15002
2024-03-18 17:37:10,031 [IPC Server listener on 15002] INFO  ipc.Server (Server.java:run(1434)) - Stopping IPC Server listener on 15002
2024-03-18 17:37:10,032 [IPC Server Responder] INFO  ipc.Server (Server.java:run(1567)) - Stopping IPC Server Responder
2024-03-18 17:37:10,038 [SCMHeartbeatProcessor-0] WARN  node.NodeStateManager (NodeStateManager.java:scheduleNextHealthCheck(878)) - Current Thread is interrupted, shutting down HB processing thread for Node Manager.
2024-03-18 17:37:10,039 [main] INFO  server.StorageContainerManager (StorageContainerManager.java:stop(1677)) - Stopping block service RPC server
2024-03-18 17:37:10,039 [main] INFO  server.SCMBlockProtocolServer (SCMBlockProtocolServer.java:stop(171)) - Stopping the RPC server for Block Protocol
2024-03-18 17:37:10,039 [main] INFO  ipc.Server (Server.java:stop(3523)) - Stopping server on 15001
2024-03-18 17:37:10,041 [IPC Server listener on 15001] INFO  ipc.Server (Server.java:run(1434)) - Stopping IPC Server listener on 15001
2024-03-18 17:37:10,041 [IPC Server Responder] INFO  ipc.Server (Server.java:run(1567)) - Stopping IPC Server Responder
2024-03-18 17:37:10,042 [main] INFO  server.StorageContainerManager (StorageContainerManager.java:stop(1684)) - Stopping the StorageContainerLocationProtocol RPC server
2024-03-18 17:37:10,042 [main] INFO  server.SCMClientProtocolServer (SCMClientProtocolServer.java:stop(213)) - Stopping the RPC server for Client Protocol
2024-03-18 17:37:10,042 [main] INFO  ipc.Server (Server.java:stop(3523)) - Stopping server on 15000
2024-03-18 17:37:10,044 [IPC Server listener on 15000] INFO  ipc.Server (Server.java:run(1434)) - Stopping IPC Server listener on 15000
2024-03-18 17:37:10,044 [main] INFO  server.StorageContainerManager (StorageContainerManager.java:stop(1691)) - Stopping Storage Container Manager HTTP server.
2024-03-18 17:37:10,044 [IPC Server Responder] INFO  ipc.Server (Server.java:run(1567)) - Stopping IPC Server Responder
2024-03-18 17:37:10,045 [main] INFO  handler.ContextHandler (ContextHandler.java:doStop(1159)) - Stopped o.e.j.w.WebAppContext@41c7ef69{scm,/,null,STOPPED}{file:/home/runner/work/ozone/ozone/hadoop-ozone/integration-test/target/test-classes/webapps/scm}
2024-03-18 17:37:10,046 [main] INFO  server.AbstractConnector (AbstractConnector.java:doStop(383)) - Stopped ServerConnector@28878a52{HTTP/1.1, (http/1.1)}{0.0.0.0:15003}
2024-03-18 17:37:10,047 [main] INFO  server.session (HouseKeeper.java:stopScavenging(149)) - node0 Stopped scavenging
2024-03-18 17:37:10,047 [main] INFO  handler.ContextHandler (ContextHandler.java:doStop(1159)) - Stopped o.e.j.s.ServletContextHandler@21b508a0{static,/static,file:///home/runner/work/ozone/ozone/hadoop-ozone/integration-test/target/test-classes/webapps/static,STOPPED}
2024-03-18 17:37:10,047 [main] INFO  handler.ContextHandler (ContextHandler.java:doStop(1159)) - Stopped o.e.j.s.ServletContextHandler@1b9785aa{logs,/logs,file:///home/runner/work/ozone/ozone/hadoop-ozone/integration-test/target/log,STOPPED}
2024-03-18 17:37:10,048 [main] INFO  server.StorageContainerManager (StorageContainerManager.java:stop(1699)) - Stopping SCM LayoutVersionManager Service.
2024-03-18 17:37:10,048 [main] INFO  server.StorageContainerManager (StorageContainerManager.java:stop(1711)) - Stopping Block Manager Service.
2024-03-18 17:37:10,048 [main] INFO  utils.BackgroundService (BackgroundService.java:shutdown(160)) - Shutting down service SCMBlockDeletingService
2024-03-18 17:37:10,048 [main] INFO  utils.BackgroundService (BackgroundService.java:shutdown(160)) - Shutting down service SCMBlockDeletingService
2024-03-18 17:37:10,049 [main] INFO  server.StorageContainerManager (StorageContainerManager.java:stop(1731)) - Stopping SCM Event Queue.
2024-03-18 17:37:10,050 [JvmPauseMonitor0] INFO  util.JvmPauseMonitor (JvmPauseMonitor.java:run(152)) - JvmPauseMonitor-9b5a9c56-ef48-470b-8895-ab2d39f59ca5: Stopped
2024-03-18 17:37:10,050 [main] INFO  server.StorageContainerManager (StorageContainerManager.java:stop(1742)) - Stopping SCM HA services.
2024-03-18 17:37:10,050 [main] INFO  pipeline.BackgroundPipelineCreator (BackgroundPipelineCreator.java:stop(152)) - Stopping RatisPipelineUtilsThread.
2024-03-18 17:37:10,051 [RatisPipelineUtilsThread-0] WARN  pipeline.BackgroundPipelineCreator (BackgroundPipelineCreator.java:run(183)) - RatisPipelineUtilsThread is interrupted.
2024-03-18 17:37:10,051 [main] INFO  BackgroundPipelineScrubber (BackgroundSCMService.java:stop(128)) - Stopping BackgroundPipelineScrubber Service.
2024-03-18 17:37:10,051 [BackgroundPipelineScrubber] WARN  BackgroundPipelineScrubber (BackgroundSCMService.java:run(112)) - BackgroundPipelineScrubber is interrupted, exit
2024-03-18 17:37:10,052 [main] INFO  impl.MetricsSystemImpl (MetricsSystemImpl.java:stop(210)) - Stopping XceiverClientMetrics metrics system...
2024-03-18 17:37:10,053 [prometheus] INFO  impl.MetricsSinkAdapter (MetricsSinkAdapter.java:publishMetricsFromQueue(141)) - prometheus thread interrupted.
2024-03-18 17:37:10,053 [main] INFO  impl.MetricsSystemImpl (MetricsSystemImpl.java:stop(216)) - XceiverClientMetrics metrics system stopped.
2024-03-18 17:37:10,053 [main] WARN  pipeline.BackgroundPipelineCreator (BackgroundPipelineCreator.java:stop(148)) - RatisPipelineUtilsThread is not running, just ignore.
2024-03-18 17:37:10,053 [main] INFO  BackgroundPipelineScrubber (BackgroundSCMService.java:stop(123)) - BackgroundPipelineScrubber Service is not running, skip stop.
2024-03-18 17:37:10,053 [main] INFO  ExpiredContainerReplicaOpScrubber (BackgroundSCMService.java:stop(128)) - Stopping ExpiredContainerReplicaOpScrubber Service.
2024-03-18 17:37:10,053 [ExpiredContainerReplicaOpScrubber] WARN  ExpiredContainerReplicaOpScrubber (BackgroundSCMService.java:run(112)) - ExpiredContainerReplicaOpScrubber is interrupted, exit
2024-03-18 17:37:10,053 [main] INFO  utils.BackgroundService (BackgroundService.java:shutdown(160)) - Shutting down service SCMBlockDeletingService
2024-03-18 17:37:10,054 [main] INFO  replication.ReplicationManager (ReplicationManager.java:stop(338)) - Replication Monitor Thread is not running.
2024-03-18 17:37:10,054 [main] WARN  balancer.ContainerBalancer (ContainerBalancer.java:stop(327)) - Cannot stop Container Balancer because it's not running or stopping
2024-03-18 17:37:10,054 [LeaseManager#LeaseMonitor] WARN  lease.LeaseManager (LeaseManager.java:run(287)) - Lease manager is interrupted. Shutting down...
java.lang.InterruptedException
	at java.util.concurrent.locks.AbstractQueuedSynchronizer.doAcquireSharedNanos(AbstractQueuedSynchronizer.java:1039)
	at java.util.concurrent.locks.AbstractQueuedSynchronizer.tryAcquireSharedNanos(AbstractQueuedSynchronizer.java:1328)
	at java.util.concurrent.Semaphore.tryAcquire(Semaphore.java:409)
	at org.apache.hadoop.ozone.lease.LeaseManager$LeaseMonitor.run(LeaseManager.java:285)
	at java.lang.Thread.run(Thread.java:750)
2024-03-18 17:37:10,054 [main] INFO  server.StorageContainerManager (StorageContainerManager.java:stop(1777)) - Stopping SCM MetadataStore.
]]></system-out>
    <system-err><![CDATA[Mar 18, 2024 5:37:07 PM org.apache.ratis.thirdparty.io.grpc.internal.ManagedChannelOrphanWrapper$ManagedChannelReference cleanQueue
SEVERE: *~*~*~ Previous channel ManagedChannelImpl{logId=187, target=10.1.0.17:15029} was not shutdown properly!!! ~*~*~*
    Make sure to call shutdown()/shutdownNow() and wait until awaitTermination() returns true.
java.lang.RuntimeException: ManagedChannel allocation site
	at org.apache.ratis.thirdparty.io.grpc.internal.ManagedChannelOrphanWrapper$ManagedChannelReference.<init>(ManagedChannelOrphanWrapper.java:102)
	at org.apache.ratis.thirdparty.io.grpc.internal.ManagedChannelOrphanWrapper.<init>(ManagedChannelOrphanWrapper.java:60)
	at org.apache.ratis.thirdparty.io.grpc.internal.ManagedChannelOrphanWrapper.<init>(ManagedChannelOrphanWrapper.java:51)
	at org.apache.ratis.thirdparty.io.grpc.internal.ManagedChannelImplBuilder.build(ManagedChannelImplBuilder.java:631)
	at org.apache.ratis.thirdparty.io.grpc.internal.AbstractManagedChannelImplBuilder.build(AbstractManagedChannelImplBuilder.java:297)
	at org.apache.hadoop.hdds.scm.XceiverClientGrpc.connectToDatanode(XceiverClientGrpc.java:178)
	at org.apache.hadoop.hdds.scm.XceiverClientGrpc.connect(XceiverClientGrpc.java:157)
	at org.apache.hadoop.hdds.scm.XceiverClientManager$2.call(XceiverClientManager.java:256)
	at org.apache.hadoop.hdds.scm.XceiverClientManager$2.call(XceiverClientManager.java:237)
	at com.google.common.cache.LocalCache$LocalManualCache$1.load(LocalCache.java:4924)
	at com.google.common.cache.LocalCache$LoadingValueReference.loadFuture(LocalCache.java:3570)
	at com.google.common.cache.LocalCache$Segment.loadSync(LocalCache.java:2312)
	at com.google.common.cache.LocalCache$Segment.lockedGetOrLoad(LocalCache.java:2189)
	at com.google.common.cache.LocalCache$Segment.get(LocalCache.java:2079)
	at com.google.common.cache.LocalCache.get(LocalCache.java:4011)
	at com.google.common.cache.LocalCache$LocalManualCache.get(LocalCache.java:4919)
	at org.apache.hadoop.hdds.scm.XceiverClientManager.getClient(XceiverClientManager.java:237)
	at org.apache.hadoop.hdds.scm.XceiverClientManager.acquireClient(XceiverClientManager.java:184)
	at org.apache.hadoop.hdds.scm.XceiverClientManager.acquireClient(XceiverClientManager.java:145)
	at org.apache.hadoop.hdds.scm.storage.BlockOutputStream.<init>(BlockOutputStream.java:168)
	at org.apache.hadoop.hdds.scm.storage.RatisBlockOutputStream.<init>(RatisBlockOutputStream.java:84)
	at org.apache.hadoop.ozone.client.io.BlockOutputStreamEntry.createOutputStream(BlockOutputStreamEntry.java:110)
	at org.apache.hadoop.ozone.client.io.BlockOutputStreamEntry.checkStream(BlockOutputStreamEntry.java:100)
	at org.apache.hadoop.ozone.client.io.BlockOutputStreamEntry.write(BlockOutputStreamEntry.java:136)
	at org.apache.hadoop.ozone.client.io.KeyOutputStream.writeToOutputStream(KeyOutputStream.java:250)
	at org.apache.hadoop.ozone.client.io.KeyOutputStream.handleWrite(KeyOutputStream.java:228)
	at org.apache.hadoop.ozone.client.io.KeyOutputStream.write(KeyOutputStream.java:208)
	at org.apache.hadoop.ozone.client.io.OzoneOutputStream.write(OzoneOutputStream.java:94)
	at org.apache.hadoop.ozone.fsck.TestContainerMapper.init(TestContainerMapper.java:113)
	at sun.reflect.NativeMethodAccessorImpl.invoke0(Native Method)
	at sun.reflect.NativeMethodAccessorImpl.invoke(NativeMethodAccessorImpl.java:62)
	at sun.reflect.DelegatingMethodAccessorImpl.invoke(DelegatingMethodAccessorImpl.java:43)
	at java.lang.reflect.Method.invoke(Method.java:498)
	at org.junit.platform.commons.util.ReflectionUtils.invokeMethod(ReflectionUtils.java:728)
	at org.junit.jupiter.engine.execution.MethodInvocation.proceed(MethodInvocation.java:60)
	at org.junit.jupiter.engine.execution.InvocationInterceptorChain$ValidatingInvocation.proceed(InvocationInterceptorChain.java:131)
	at org.junit.jupiter.engine.extension.TimeoutExtension.intercept(TimeoutExtension.java:156)
	at org.junit.jupiter.engine.extension.TimeoutExtension.interceptLifecycleMethod(TimeoutExtension.java:128)
	at org.junit.jupiter.engine.extension.TimeoutExtension.interceptBeforeAllMethod(TimeoutExtension.java:70)
	at org.junit.jupiter.engine.execution.InterceptingExecutableInvoker$ReflectiveInterceptorCall.lambda$ofVoidMethod$0(InterceptingExecutableInvoker.java:103)
	at org.junit.jupiter.engine.execution.InterceptingExecutableInvoker.lambda$invoke$0(InterceptingExecutableInvoker.java:93)
	at org.junit.jupiter.engine.execution.InvocationInterceptorChain$InterceptedInvocation.proceed(InvocationInterceptorChain.java:106)
	at org.junit.jupiter.engine.execution.InvocationInterceptorChain.proceed(InvocationInterceptorChain.java:64)
	at org.junit.jupiter.engine.execution.InvocationInterceptorChain.chainAndInvoke(InvocationInterceptorChain.java:45)
	at org.junit.jupiter.engine.execution.InvocationInterceptorChain.invoke(InvocationInterceptorChain.java:37)
	at org.junit.jupiter.engine.execution.InterceptingExecutableInvoker.invoke(InterceptingExecutableInvoker.java:92)
	at org.junit.jupiter.engine.execution.InterceptingExecutableInvoker.invoke(InterceptingExecutableInvoker.java:86)
	at org.junit.jupiter.engine.descriptor.ClassBasedTestDescriptor.lambda$invokeBeforeAllMethods$13(ClassBasedTestDescriptor.java:412)
	at org.junit.platform.engine.support.hierarchical.ThrowableCollector.execute(ThrowableCollector.java:73)
	at org.junit.jupiter.engine.descriptor.ClassBasedTestDescriptor.invokeBeforeAllMethods(ClassBasedTestDescriptor.java:410)
	at org.junit.jupiter.engine.descriptor.ClassBasedTestDescriptor.before(ClassBasedTestDescriptor.java:216)
	at org.junit.jupiter.engine.descriptor.ClassBasedTestDescriptor.before(ClassBasedTestDescriptor.java:85)
	at org.junit.platform.engine.support.hierarchical.NodeTestTask.lambda$executeRecursively$6(NodeTestTask.java:148)
	at org.junit.platform.engine.support.hierarchical.ThrowableCollector.execute(ThrowableCollector.java:73)
	at org.junit.platform.engine.support.hierarchical.NodeTestTask.lambda$executeRecursively$8(NodeTestTask.java:141)
	at org.junit.platform.engine.support.hierarchical.Node.around(Node.java:137)
	at org.junit.platform.engine.support.hierarchical.NodeTestTask.lambda$executeRecursively$9(NodeTestTask.java:139)
	at org.junit.platform.engine.support.hierarchical.ThrowableCollector.execute(ThrowableCollector.java:73)
	at org.junit.platform.engine.support.hierarchical.NodeTestTask.executeRecursively(NodeTestTask.java:138)
	at org.junit.platform.engine.support.hierarchical.NodeTestTask.execute(NodeTestTask.java:95)
	at java.util.ArrayList.forEach(ArrayList.java:1259)
	at org.junit.platform.engine.support.hierarchical.SameThreadHierarchicalTestExecutorService.invokeAll(SameThreadHierarchicalTestExecutorService.java:41)
	at org.junit.platform.engine.support.hierarchical.NodeTestTask.lambda$executeRecursively$6(NodeTestTask.java:155)
	at org.junit.platform.engine.support.hierarchical.ThrowableCollector.execute(ThrowableCollector.java:73)
	at org.junit.platform.engine.support.hierarchical.NodeTestTask.lambda$executeRecursively$8(NodeTestTask.java:141)
	at org.junit.platform.engine.support.hierarchical.Node.around(Node.java:137)
	at org.junit.platform.engine.support.hierarchical.NodeTestTask.lambda$executeRecursively$9(NodeTestTask.java:139)
	at org.junit.platform.engine.support.hierarchical.ThrowableCollector.execute(ThrowableCollector.java:73)
	at org.junit.platform.engine.support.hierarchical.NodeTestTask.executeRecursively(NodeTestTask.java:138)
	at org.junit.platform.engine.support.hierarchical.NodeTestTask.execute(NodeTestTask.java:95)
	at org.junit.platform.engine.support.hierarchical.SameThreadHierarchicalTestExecutorService.submit(SameThreadHierarchicalTestExecutorService.java:35)
	at org.junit.platform.engine.support.hierarchical.HierarchicalTestExecutor.execute(HierarchicalTestExecutor.java:57)
	at org.junit.platform.engine.support.hierarchical.HierarchicalTestEngine.execute(HierarchicalTestEngine.java:54)
	at org.junit.platform.launcher.core.EngineExecutionOrchestrator.execute(EngineExecutionOrchestrator.java:198)
	at org.junit.platform.launcher.core.EngineExecutionOrchestrator.execute(EngineExecutionOrchestrator.java:169)
	at org.junit.platform.launcher.core.EngineExecutionOrchestrator.execute(EngineExecutionOrchestrator.java:93)
	at org.junit.platform.launcher.core.EngineExecutionOrchestrator.lambda$execute$0(EngineExecutionOrchestrator.java:58)
	at org.junit.platform.launcher.core.EngineExecutionOrchestrator.withInterceptedStreams(EngineExecutionOrchestrator.java:141)
	at org.junit.platform.launcher.core.EngineExecutionOrchestrator.execute(EngineExecutionOrchestrator.java:57)
	at org.junit.platform.launcher.core.DefaultLauncher.execute(DefaultLauncher.java:103)
	at org.junit.platform.launcher.core.DefaultLauncher.execute(DefaultLauncher.java:85)
	at org.junit.platform.launcher.core.DelegatingLauncher.execute(DelegatingLauncher.java:47)
	at org.junit.platform.launcher.core.SessionPerRequestLauncher.execute(SessionPerRequestLauncher.java:63)
	at org.apache.maven.surefire.junitplatform.JUnitPlatformProvider.execute(JUnitPlatformProvider.java:188)
	at org.apache.maven.surefire.junitplatform.JUnitPlatformProvider.invokeAllTests(JUnitPlatformProvider.java:154)
	at org.apache.maven.surefire.junitplatform.JUnitPlatformProvider.invoke(JUnitPlatformProvider.java:124)
	at org.apache.maven.surefire.booter.ForkedBooter.runSuitesInProcess(ForkedBooter.java:428)
	at org.apache.maven.surefire.booter.ForkedBooter.execute(ForkedBooter.java:162)
	at org.apache.maven.surefire.booter.ForkedBooter.run(ForkedBooter.java:562)
	at org.apache.maven.surefire.booter.ForkedBooter.main(ForkedBooter.java:548)

]]></system-err>
  </testcase>
</testsuite>