<?xml version="1.0" encoding="UTF-8"?>
<testsuite xmlns:xsi="http://www.w3.org/2001/XMLSchema-instance" xsi:noNamespaceSchemaLocation="https://maven.apache.org/surefire/maven-surefire-plugin/xsd/surefire-test-report.xsd" name="org.apache.hadoop.ozone.client.rpc.TestWatchForCommit" time="201.23" tests="4" errors="0" skipped="0" failures="1">
  <properties>
    <property name="awt.toolkit" value="sun.awt.X11.XToolkit"/>
    <property name="file.encoding.pkg" value="sun.io"/>
    <property name="java.specification.version" value="1.8"/>
    <property name="sun.cpu.isalist" value=""/>
    <property name="sun.jnu.encoding" value="ANSI_X3.4-1968"/>
    <property name="java.class.path" value="/github/workspace/mnt/ozone/hadoop-ozone/integration-test/target/test-classes:/github/workspace/mnt/ozone/hadoop-ozone/integration-test/target/classes:/home/user/.m2/repository/org/apache/hadoop/hadoop-ozone-common/0.6.0-SNAPSHOT/hadoop-ozone-common-0.6.0-SNAPSHOT.jar:/home/user/.m2/repository/org/apache/commons/commons-compress/1.4.1/commons-compress-1.4.1.jar:/home/user/.m2/repository/org/tukaani/xz/1.0/xz-1.0.jar:/home/user/.m2/repository/org/apache/hadoop/hadoop-hdds-common/0.6.0-SNAPSHOT/hadoop-hdds-common-0.6.0-SNAPSHOT.jar:/home/user/.m2/repository/org/apache/hadoop/hadoop-hdds-hadoop-dependency-client/0.6.0-SNAPSHOT/hadoop-hdds-hadoop-dependency-client-0.6.0-SNAPSHOT.jar:/home/user/.m2/repository/info/picocli/picocli/3.9.6/picocli-3.9.6.jar:/home/user/.m2/repository/com/fasterxml/jackson/core/jackson-annotations/2.10.3/jackson-annotations-2.10.3.jar:/home/user/.m2/repository/javax/annotation/javax.annotation-api/1.2/javax.annotation-api-1.2.jar:/home/user/.m2/repository/org/apache/ratis/ratis-server/0.6.0-6ab75ae-SNAPSHOT/ratis-server-0.6.0-6ab75ae-SNAPSHOT.jar:/home/user/.m2/repository/org/apache/ratis/ratis-client/0.6.0-6ab75ae-SNAPSHOT/ratis-client-0.6.0-6ab75ae-SNAPSHOT.jar:/home/user/.m2/repository/org/apache/ratis/ratis-metrics/0.6.0-6ab75ae-SNAPSHOT/ratis-metrics-0.6.0-6ab75ae-SNAPSHOT.jar:/home/user/.m2/repository/org/apache/ratis/ratis-netty/0.6.0-6ab75ae-SNAPSHOT/ratis-netty-0.6.0-6ab75ae-SNAPSHOT.jar:/home/user/.m2/repository/org/apache/ratis/ratis-grpc/0.6.0-6ab75ae-SNAPSHOT/ratis-grpc-0.6.0-6ab75ae-SNAPSHOT.jar:/home/user/.m2/repository/org/apache/logging/log4j/log4j-api/2.11.0/log4j-api-2.11.0.jar:/home/user/.m2/repository/org/apache/logging/log4j/log4j-core/2.11.0/log4j-core-2.11.0.jar:/home/user/.m2/repository/com/lmax/disruptor/3.4.2/disruptor-3.4.2.jar:/home/user/.m2/repository/org/apache/commons/commons-pool2/2.6.0/commons-pool2-2.6.0.jar:/home/user/.m2/repository/org/bouncycastle/bcpkix-jdk15on/1.60/bcpkix-jdk15on-1.60.jar:/home/user/.m2/repository/commons-validator/commons-validator/1.6/commons-validator-1.6.jar:/home/user/.m2/repository/commons-digester/commons-digester/1.8.1/commons-digester-1.8.1.jar:/home/user/.m2/repository/io/jaegertracing/jaeger-client/1.2.0/jaeger-client-1.2.0.jar:/home/user/.m2/repository/io/jaegertracing/jaeger-thrift/1.2.0/jaeger-thrift-1.2.0.jar:/home/user/.m2/repository/org/apache/thrift/libthrift/0.13.0/libthrift-0.13.0.jar:/home/user/.m2/repository/com/squareup/okhttp3/okhttp/4.2.2/okhttp-4.2.2.jar:/home/user/.m2/repository/com/squareup/okio/okio/2.2.2/okio-2.2.2.jar:/home/user/.m2/repository/org/jetbrains/kotlin/kotlin-stdlib/1.3.50/kotlin-stdlib-1.3.50.jar:/home/user/.m2/repository/org/jetbrains/kotlin/kotlin-stdlib-common/1.3.50/kotlin-stdlib-common-1.3.50.jar:/home/user/.m2/repository/org/jetbrains/annotations/13.0/annotations-13.0.jar:/home/user/.m2/repository/io/jaegertracing/jaeger-core/1.2.0/jaeger-core-1.2.0.jar:/home/user/.m2/repository/io/jaegertracing/jaeger-tracerresolver/1.2.0/jaeger-tracerresolver-1.2.0.jar:/home/user/.m2/repository/io/opentracing/contrib/opentracing-tracerresolver/0.1.8/opentracing-tracerresolver-0.1.8.jar:/home/user/.m2/repository/io/opentracing/opentracing-util/0.33.0/opentracing-util-0.33.0.jar:/home/user/.m2/repository/io/opentracing/opentracing-api/0.33.0/opentracing-api-0.33.0.jar:/home/user/.m2/repository/io/opentracing/opentracing-noop/0.33.0/opentracing-noop-0.33.0.jar:/home/user/.m2/repository/org/apache/hadoop/hadoop-hdds-client/0.6.0-SNAPSHOT/hadoop-hdds-client-0.6.0-SNAPSHOT.jar:/home/user/.m2/repository/org/apache/hadoop/hadoop-ozone-interface-client/0.6.0-SNAPSHOT/hadoop-ozone-interface-client-0.6.0-SNAPSHOT.jar:/home/user/.m2/repository/org/apache/hadoop/hadoop-hdds-test-utils/0.6.0-SNAPSHOT/hadoop-hdds-test-utils-0.6.0-SNAPSHOT.jar:/home/user/.m2/repository/com/google/guava/guava/28.2-jre/guava-28.2-jre.jar:/home/user/.m2/repository/com/google/guava/failureaccess/1.0.1/failureaccess-1.0.1.jar:/home/user/.m2/repository/com/google/guava/listenablefuture/9999.0-empty-to-avoid-conflict-with-guava/listenablefuture-9999.0-empty-to-avoid-conflict-with-guava.jar:/home/user/.m2/repository/com/google/code/findbugs/jsr305/3.0.0/jsr305-3.0.0.jar:/home/user/.m2/repository/org/checkerframework/checker-qual/2.10.0/checker-qual-2.10.0.jar:/home/user/.m2/repository/com/google/errorprone/error_prone_annotations/2.2.0/error_prone_annotations-2.2.0.jar:/home/user/.m2/repository/com/google/j2objc/j2objc-annotations/1.3/j2objc-annotations-1.3.jar:/home/user/.m2/repository/commons-io/commons-io/2.5/commons-io-2.5.jar:/home/user/.m2/repository/commons-logging/commons-logging/1.2/commons-logging-1.2.jar:/home/user/.m2/repository/log4j/log4j/1.2.17/log4j-1.2.17.jar:/home/user/.m2/repository/org/slf4j/slf4j-api/1.7.25/slf4j-api-1.7.25.jar:/home/user/.m2/repository/org/apache/hadoop/hadoop-hdds-server-scm/0.6.0-SNAPSHOT/hadoop-hdds-server-scm-0.6.0-SNAPSHOT.jar:/home/user/.m2/repository/org/apache/hadoop/hadoop-hdds-container-service/0.6.0-SNAPSHOT/hadoop-hdds-container-service-0.6.0-SNAPSHOT.jar:/home/user/.m2/repository/org/apache/hadoop/hadoop-hdds-hadoop-dependency-server/0.6.0-SNAPSHOT/hadoop-hdds-hadoop-dependency-server-0.6.0-SNAPSHOT.jar:/home/user/.m2/repository/org/apache/hadoop/hadoop-hdds-server-framework/0.6.0-SNAPSHOT/hadoop-hdds-server-framework-0.6.0-SNAPSHOT.jar:/home/user/.m2/repository/org/apache/hadoop/hadoop-hdds-interface-server/0.6.0-SNAPSHOT/hadoop-hdds-interface-server-0.6.0-SNAPSHOT.jar:/home/user/.m2/repository/org/apache/hadoop/hadoop-hdds-interface-admin/0.6.0-SNAPSHOT/hadoop-hdds-interface-admin-0.6.0-SNAPSHOT.jar:/home/user/.m2/repository/org/rocksdb/rocksdbjni/6.8.1/rocksdbjni-6.8.1.jar:/home/user/.m2/repository/io/prometheus/simpleclient_dropwizard/0.7.0/simpleclient_dropwizard-0.7.0.jar:/home/user/.m2/repository/io/prometheus/simpleclient/0.7.0/simpleclient-0.7.0.jar:/home/user/.m2/repository/io/prometheus/simpleclient_common/0.7.0/simpleclient_common-0.7.0.jar:/home/user/.m2/repository/com/fasterxml/jackson/datatype/jackson-datatype-jsr310/2.10.3/jackson-datatype-jsr310-2.10.3.jar:/home/user/.m2/repository/org/apache/hadoop/hadoop-hdds-docs/0.6.0-SNAPSHOT/hadoop-hdds-docs-0.6.0-SNAPSHOT.jar:/home/user/.m2/repository/io/dropwizard/metrics/metrics-core/3.2.4/metrics-core-3.2.4.jar:/home/user/.m2/repository/org/apache/hadoop/hadoop-hdfs-client/3.2.1/hadoop-hdfs-client-3.2.1.jar:/home/user/.m2/repository/org/bouncycastle/bcprov-jdk15on/1.60/bcprov-jdk15on-1.60.jar:/home/user/.m2/repository/org/apache/hadoop/hadoop-ozone-ozone-manager/0.6.0-SNAPSHOT/hadoop-ozone-ozone-manager-0.6.0-SNAPSHOT.jar:/home/user/.m2/repository/org/apache/hadoop/hadoop-hdds-interface-client/0.6.0-SNAPSHOT/hadoop-hdds-interface-client-0.6.0-SNAPSHOT.jar:/home/user/.m2/repository/org/apache/ratis/ratis-thirdparty-misc/0.4.0/ratis-thirdparty-misc-0.4.0.jar:/home/user/.m2/repository/org/apache/hadoop/hadoop-minikdc/3.2.1/hadoop-minikdc-3.2.1.jar:/home/user/.m2/repository/org/apache/kerby/kerb-simplekdc/1.0.1/kerb-simplekdc-1.0.1.jar:/home/user/.m2/repository/org/apache/kerby/kerb-client/1.0.1/kerb-client-1.0.1.jar:/home/user/.m2/repository/org/apache/kerby/kerby-config/1.0.1/kerby-config-1.0.1.jar:/home/user/.m2/repository/org/apache/kerby/kerb-core/1.0.1/kerb-core-1.0.1.jar:/home/user/.m2/repository/org/apache/kerby/kerby-pkix/1.0.1/kerby-pkix-1.0.1.jar:/home/user/.m2/repository/org/apache/kerby/kerby-asn1/1.0.1/kerby-asn1-1.0.1.jar:/home/user/.m2/repository/org/apache/kerby/kerby-util/1.0.1/kerby-util-1.0.1.jar:/home/user/.m2/repository/org/apache/kerby/kerb-common/1.0.1/kerb-common-1.0.1.jar:/home/user/.m2/repository/org/apache/kerby/kerb-crypto/1.0.1/kerb-crypto-1.0.1.jar:/home/user/.m2/repository/org/apache/kerby/kerb-util/1.0.1/kerb-util-1.0.1.jar:/home/user/.m2/repository/org/apache/kerby/token-provider/1.0.1/token-provider-1.0.1.jar:/home/user/.m2/repository/org/apache/kerby/kerb-admin/1.0.1/kerb-admin-1.0.1.jar:/home/user/.m2/repository/org/apache/kerby/kerb-server/1.0.1/kerb-server-1.0.1.jar:/home/user/.m2/repository/org/apache/kerby/kerb-identity/1.0.1/kerb-identity-1.0.1.jar:/home/user/.m2/repository/org/apache/kerby/kerby-xdr/1.0.1/kerby-xdr-1.0.1.jar:/home/user/.m2/repository/org/slf4j/slf4j-log4j12/1.7.25/slf4j-log4j12-1.7.25.jar:/home/user/.m2/repository/org/apache/hadoop/hadoop-ozone-s3gateway/0.6.0-SNAPSHOT/hadoop-ozone-s3gateway-0.6.0-SNAPSHOT.jar:/home/user/.m2/repository/org/jboss/weld/servlet/weld-servlet/2.4.7.Final/weld-servlet-2.4.7.Final.jar:/home/user/.m2/repository/org/glassfish/jersey/containers/jersey-container-servlet-core/2.27/jersey-container-servlet-core-2.27.jar:/home/user/.m2/repository/org/glassfish/hk2/external/javax.inject/2.5.0-b42/javax.inject-2.5.0-b42.jar:/home/user/.m2/repository/org/glassfish/jersey/core/jersey-common/2.27/jersey-common-2.27.jar:/home/user/.m2/repository/org/glassfish/hk2/osgi-resource-locator/1.0.1/osgi-resource-locator-1.0.1.jar:/home/user/.m2/repository/javax/ws/rs/javax.ws.rs-api/2.1/javax.ws.rs-api-2.1.jar:/home/user/.m2/repository/org/glassfish/jersey/ext/cdi/jersey-cdi1x/2.27/jersey-cdi1x-2.27.jar:/home/user/.m2/repository/org/glassfish/jersey/inject/jersey-hk2/2.27/jersey-hk2-2.27.jar:/home/user/.m2/repository/org/glassfish/hk2/hk2-locator/2.5.0-b42/hk2-locator-2.5.0-b42.jar:/home/user/.m2/repository/org/javassist/javassist/3.22.0-CR2/javassist-3.22.0-CR2.jar:/home/user/.m2/repository/org/glassfish/hk2/hk2-api/2.5.0/hk2-api-2.5.0.jar:/home/user/.m2/repository/org/glassfish/hk2/external/jakarta.inject/2.5.0/jakarta.inject-2.5.0.jar:/home/user/.m2/repository/org/glassfish/hk2/hk2-utils/2.5.0/hk2-utils-2.5.0.jar:/home/user/.m2/repository/jakarta/annotation/jakarta.annotation-api/1.3.4/jakarta.annotation-api-1.3.4.jar:/home/user/.m2/repository/org/glassfish/hk2/external/aopalliance-repackaged/2.5.0/aopalliance-repackaged-2.5.0.jar:/home/user/.m2/repository/com/fasterxml/jackson/dataformat/jackson-dataformat-xml/2.10.3/jackson-dataformat-xml-2.10.3.jar:/home/user/.m2/repository/com/fasterxml/jackson/core/jackson-core/2.10.3/jackson-core-2.10.3.jar:/home/user/.m2/repository/com/fasterxml/jackson/module/jackson-module-jaxb-annotations/2.10.3/jackson-module-jaxb-annotations-2.10.3.jar:/home/user/.m2/repository/jakarta/xml/bind/jakarta.xml.bind-api/2.3.2/jakarta.xml.bind-api-2.3.2.jar:/home/user/.m2/repository/jakarta/activation/jakarta.activation-api/1.2.1/jakarta.activation-api-1.2.1.jar:/home/user/.m2/repository/org/codehaus/woodstox/stax2-api/3.1.4/stax2-api-3.1.4.jar:/home/user/.m2/repository/com/fasterxml/woodstox/woodstox-core/5.0.3/woodstox-core-5.0.3.jar:/home/user/.m2/repository/javax/enterprise/cdi-api/1.2/cdi-api-1.2.jar:/home/user/.m2/repository/javax/el/javax.el-api/3.0.0/javax.el-api-3.0.0.jar:/home/user/.m2/repository/javax/interceptor/javax.interceptor-api/1.2/javax.interceptor-api-1.2.jar:/home/user/.m2/repository/javax/inject/javax.inject/1/javax.inject-1.jar:/home/user/.m2/repository/com/sun/xml/bind/jaxb-impl/2.3.0.1/jaxb-impl-2.3.0.1.jar:/home/user/.m2/repository/com/sun/xml/bind/jaxb-core/2.3.0.1/jaxb-core-2.3.0.1.jar:/home/user/.m2/repository/javax/xml/bind/jaxb-api/2.3.0/jaxb-api-2.3.0.jar:/home/user/.m2/repository/javax/activation/activation/1.1.1/activation-1.1.1.jar:/home/user/.m2/repository/org/apache/hadoop/hadoop-ozone-csi/0.6.0-SNAPSHOT/hadoop-ozone-csi-0.6.0-SNAPSHOT.jar:/home/user/.m2/repository/com/google/protobuf/protobuf-java-util/3.11.0/protobuf-java-util-3.11.0.jar:/home/user/.m2/repository/com/google/code/gson/gson/2.2.4/gson-2.2.4.jar:/home/user/.m2/repository/org/apache/hadoop/hadoop-hdds-config/0.6.0-SNAPSHOT/hadoop-hdds-config-0.6.0-SNAPSHOT.jar:/home/user/.m2/repository/com/google/protobuf/protobuf-java/2.5.0/protobuf-java-2.5.0.jar:/home/user/.m2/repository/io/grpc/grpc-netty/1.29.0/grpc-netty-1.29.0.jar:/home/user/.m2/repository/io/grpc/grpc-core/1.29.0/grpc-core-1.29.0.jar:/home/user/.m2/repository/com/google/android/annotations/4.1.1.4/annotations-4.1.1.4.jar:/home/user/.m2/repository/io/perfmark/perfmark-api/0.19.0/perfmark-api-0.19.0.jar:/home/user/.m2/repository/io/netty/netty-codec-http2/4.1.48.Final/netty-codec-http2-4.1.48.Final.jar:/home/user/.m2/repository/io/netty/netty-codec/4.1.48.Final/netty-codec-4.1.48.Final.jar:/home/user/.m2/repository/io/netty/netty-handler/4.1.48.Final/netty-handler-4.1.48.Final.jar:/home/user/.m2/repository/io/netty/netty-codec-http/4.1.48.Final/netty-codec-http-4.1.48.Final.jar:/home/user/.m2/repository/io/netty/netty-handler-proxy/4.1.48.Final/netty-handler-proxy-4.1.48.Final.jar:/home/user/.m2/repository/io/netty/netty-codec-socks/4.1.48.Final/netty-codec-socks-4.1.48.Final.jar:/home/user/.m2/repository/io/netty/netty-transport-native-epoll/4.1.48.Final/netty-transport-native-epoll-4.1.48.Final.jar:/home/user/.m2/repository/io/netty/netty-common/4.1.48.Final/netty-common-4.1.48.Final.jar:/home/user/.m2/repository/io/netty/netty-buffer/4.1.48.Final/netty-buffer-4.1.48.Final.jar:/home/user/.m2/repository/io/netty/netty-transport/4.1.48.Final/netty-transport-4.1.48.Final.jar:/home/user/.m2/repository/io/netty/netty-resolver/4.1.48.Final/netty-resolver-4.1.48.Final.jar:/home/user/.m2/repository/io/netty/netty-transport-native-unix-common/4.1.48.Final/netty-transport-native-unix-common-4.1.48.Final.jar:/home/user/.m2/repository/io/grpc/grpc-protobuf/1.29.0/grpc-protobuf-1.29.0.jar:/home/user/.m2/repository/io/grpc/grpc-api/1.29.0/grpc-api-1.29.0.jar:/home/user/.m2/repository/io/grpc/grpc-context/1.29.0/grpc-context-1.29.0.jar:/home/user/.m2/repository/org/codehaus/mojo/animal-sniffer-annotations/1.18/animal-sniffer-annotations-1.18.jar:/home/user/.m2/repository/com/google/api/grpc/proto-google-common-protos/1.17.0/proto-google-common-protos-1.17.0.jar:/home/user/.m2/repository/io/grpc/grpc-protobuf-lite/1.29.0/grpc-protobuf-lite-1.29.0.jar:/home/user/.m2/repository/io/grpc/grpc-stub/1.29.0/grpc-stub-1.29.0.jar:/home/user/.m2/repository/org/apache/hadoop/hadoop-ozone-recon/0.6.0-SNAPSHOT/hadoop-ozone-recon-0.6.0-SNAPSHOT.jar:/home/user/.m2/repository/org/apache/hadoop/hadoop-ozone-reconcodegen/0.6.0-SNAPSHOT/hadoop-ozone-reconcodegen-0.6.0-SNAPSHOT.jar:/home/user/.m2/repository/com/google/inject/extensions/guice-multibindings/4.0/guice-multibindings-4.0.jar:/home/user/.m2/repository/com/google/inject/guice/4.0/guice-4.0.jar:/home/user/.m2/repository/aopalliance/aopalliance/1.0/aopalliance-1.0.jar:/home/user/.m2/repository/com/google/inject/extensions/guice-assistedinject/4.0/guice-assistedinject-4.0.jar:/home/user/.m2/repository/com/google/inject/extensions/guice-servlet/4.0/guice-servlet-4.0.jar:/home/user/.m2/repository/org/glassfish/jersey/containers/jersey-container-servlet/2.27/jersey-container-servlet-2.27.jar:/home/user/.m2/repository/org/glassfish/hk2/guice-bridge/2.5.0/guice-bridge-2.5.0.jar:/home/user/.m2/repository/org/glassfish/jersey/core/jersey-server/2.27/jersey-server-2.27.jar:/home/user/.m2/repository/org/glassfish/jersey/core/jersey-client/2.27/jersey-client-2.27.jar:/home/user/.m2/repository/org/glassfish/jersey/media/jersey-media-jaxb/2.27/jersey-media-jaxb-2.27.jar:/home/user/.m2/repository/javax/validation/validation-api/1.1.0.Final/validation-api-1.1.0.Final.jar:/home/user/.m2/repository/org/glassfish/jersey/media/jersey-media-json-jackson/2.27/jersey-media-json-jackson-2.27.jar:/home/user/.m2/repository/org/glassfish/jersey/ext/jersey-entity-filtering/2.27/jersey-entity-filtering-2.27.jar:/home/user/.m2/repository/org/jooq/jooq/3.11.10/jooq-3.11.10.jar:/home/user/.m2/repository/org/jooq/jooq-meta/3.11.10/jooq-meta-3.11.10.jar:/home/user/.m2/repository/org/jooq/jooq-codegen/3.11.10/jooq-codegen-3.11.10.jar:/home/user/.m2/repository/com/jolbox/bonecp/0.8.0.RELEASE/bonecp-0.8.0.RELEASE.jar:/home/user/.m2/repository/org/apache/derby/derby/10.14.2.0/derby-10.14.2.0.jar:/home/user/.m2/repository/org/xerial/sqlite-jdbc/3.25.2/sqlite-jdbc-3.25.2.jar:/home/user/.m2/repository/org/springframework/spring-jdbc/5.2.5.RELEASE/spring-jdbc-5.2.5.RELEASE.jar:/home/user/.m2/repository/org/springframework/spring-beans/5.2.5.RELEASE/spring-beans-5.2.5.RELEASE.jar:/home/user/.m2/repository/org/springframework/spring-core/5.2.5.RELEASE/spring-core-5.2.5.RELEASE.jar:/home/user/.m2/repository/org/springframework/spring-jcl/5.2.5.RELEASE/spring-jcl-5.2.5.RELEASE.jar:/home/user/.m2/repository/org/springframework/spring-tx/5.2.5.RELEASE/spring-tx-5.2.5.RELEASE.jar:/home/user/.m2/repository/org/apache/hadoop/hadoop-ozone-client/0.6.0-SNAPSHOT/hadoop-ozone-client-0.6.0-SNAPSHOT.jar:/home/user/.m2/repository/org/apache/hadoop/hadoop-ozone-filesystem/0.6.0-SNAPSHOT/hadoop-ozone-filesystem-0.6.0-SNAPSHOT.jar:/home/user/.m2/repository/org/apache/hadoop/hadoop-ozone-filesystem-common/0.6.0-SNAPSHOT/hadoop-ozone-filesystem-common-0.6.0-SNAPSHOT.jar:/home/user/.m2/repository/org/apache/hadoop/hadoop-ozone-tools/0.6.0-SNAPSHOT/hadoop-ozone-tools-0.6.0-SNAPSHOT.jar:/home/user/.m2/repository/org/apache/hadoop/hadoop-hdfs/3.2.1/hadoop-hdfs-3.2.1.jar:/home/user/.m2/repository/org/apache/ratis/ratis-tools/0.6.0-6ab75ae-SNAPSHOT/ratis-tools-0.6.0-6ab75ae-SNAPSHOT.jar:/home/user/.m2/repository/org/apache/ratis/ratis-proto/0.6.0-6ab75ae-SNAPSHOT/ratis-proto-0.6.0-6ab75ae-SNAPSHOT.jar:/home/user/.m2/repository/org/apache/ratis/ratis-common/0.6.0-6ab75ae-SNAPSHOT/ratis-common-0.6.0-6ab75ae-SNAPSHOT.jar:/home/user/.m2/repository/com/amazonaws/aws-java-sdk-core/1.11.615/aws-java-sdk-core-1.11.615.jar:/home/user/.m2/repository/org/apache/httpcomponents/httpclient/4.5.2/httpclient-4.5.2.jar:/home/user/.m2/repository/org/apache/httpcomponents/httpcore/4.4.4/httpcore-4.4.4.jar:/home/user/.m2/repository/software/amazon/ion/ion-java/1.0.2/ion-java-1.0.2.jar:/home/user/.m2/repository/com/fasterxml/jackson/dataformat/jackson-dataformat-cbor/2.10.3/jackson-dataformat-cbor-2.10.3.jar:/home/user/.m2/repository/joda-time/joda-time/2.8.1/joda-time-2.8.1.jar:/home/user/.m2/repository/com/amazonaws/aws-java-sdk-s3/1.11.615/aws-java-sdk-s3-1.11.615.jar:/home/user/.m2/repository/com/amazonaws/aws-java-sdk-kms/1.11.615/aws-java-sdk-kms-1.11.615.jar:/home/user/.m2/repository/com/amazonaws/jmespath-java/1.11.615/jmespath-java-1.11.615.jar:/home/user/.m2/repository/org/apache/hadoop/hadoop-hdds-tools/0.6.0-SNAPSHOT/hadoop-hdds-tools-0.6.0-SNAPSHOT.jar:/home/user/.m2/repository/commons-cli/commons-cli/1.2/commons-cli-1.2.jar:/home/user/.m2/repository/org/apache/commons/commons-lang3/3.7/commons-lang3-3.7.jar:/home/user/.m2/repository/org/apache/hadoop/hadoop-ozone-ozone-manager/0.6.0-SNAPSHOT/hadoop-ozone-ozone-manager-0.6.0-SNAPSHOT-tests.jar:/home/user/.m2/repository/junit/junit/4.11/junit-4.11.jar:/home/user/.m2/repository/org/hamcrest/hamcrest-core/1.3/hamcrest-core-1.3.jar:/home/user/.m2/repository/org/openjdk/jmh/jmh-core/1.19/jmh-core-1.19.jar:/home/user/.m2/repository/net/sf/jopt-simple/jopt-simple/4.6/jopt-simple-4.6.jar:/home/user/.m2/repository/org/apache/commons/commons-math3/3.1.1/commons-math3-3.1.1.jar:/home/user/.m2/repository/org/openjdk/jmh/jmh-generator-annprocess/1.19/jmh-generator-annprocess-1.19.jar:/home/user/.m2/repository/org/mockito/mockito-all/1.8.5/mockito-all-1.8.5.jar:/home/user/.m2/repository/org/apache/hadoop/hadoop-kms/3.2.1/hadoop-kms-3.2.1.jar:/home/user/.m2/repository/org/apache/hadoop/hadoop-auth/3.2.1/hadoop-auth-3.2.1.jar:/home/user/.m2/repository/com/nimbusds/nimbus-jose-jwt/7.9/nimbus-jose-jwt-7.9.jar:/home/user/.m2/repository/com/github/stephenc/jcip/jcip-annotations/1.0-1/jcip-annotations-1.0-1.jar:/home/user/.m2/repository/net/minidev/json-smart/2.3/json-smart-2.3.jar:/home/user/.m2/repository/net/minidev/accessors-smart/1.2/accessors-smart-1.2.jar:/home/user/.m2/repository/org/ow2/asm/asm/5.0.4/asm-5.0.4.jar:/home/user/.m2/repository/org/apache/zookeeper/zookeeper/3.4.13/zookeeper-3.4.13.jar:/home/user/.m2/repository/org/apache/yetus/audience-annotations/0.5.0/audience-annotations-0.5.0.jar:/home/user/.m2/repository/org/apache/curator/curator-framework/2.13.0/curator-framework-2.13.0.jar:/home/user/.m2/repository/com/sun/jersey/jersey-core/1.19/jersey-core-1.19.jar:/home/user/.m2/repository/javax/ws/rs/jsr311-api/1.1.1/jsr311-api-1.1.1.jar:/home/user/.m2/repository/com/sun/jersey/jersey-server/1.19/jersey-server-1.19.jar:/home/user/.m2/repository/javax/servlet/javax.servlet-api/3.1.0/javax.servlet-api-3.1.0.jar:/home/user/.m2/repository/org/eclipse/jetty/jetty-server/9.4.26.v20200117/jetty-server-9.4.26.v20200117.jar:/home/user/.m2/repository/org/eclipse/jetty/jetty-http/9.4.26.v20200117/jetty-http-9.4.26.v20200117.jar:/home/user/.m2/repository/org/eclipse/jetty/jetty-io/9.4.26.v20200117/jetty-io-9.4.26.v20200117.jar:/home/user/.m2/repository/org/eclipse/jetty/jetty-webapp/9.4.26.v20200117/jetty-webapp-9.4.26.v20200117.jar:/home/user/.m2/repository/org/eclipse/jetty/jetty-xml/9.4.26.v20200117/jetty-xml-9.4.26.v20200117.jar:/home/user/.m2/repository/org/eclipse/jetty/jetty-servlet/9.4.26.v20200117/jetty-servlet-9.4.26.v20200117.jar:/home/user/.m2/repository/org/eclipse/jetty/jetty-security/9.4.26.v20200117/jetty-security-9.4.26.v20200117.jar:/home/user/.m2/repository/org/apache/hadoop/hadoop-common/3.2.1/hadoop-common-3.2.1.jar:/home/user/.m2/repository/commons-net/commons-net/3.6/commons-net-3.6.jar:/home/user/.m2/repository/commons-collections/commons-collections/3.2.2/commons-collections-3.2.2.jar:/home/user/.m2/repository/com/sun/jersey/jersey-servlet/1.19/jersey-servlet-1.19.jar:/home/user/.m2/repository/com/sun/jersey/jersey-json/1.19/jersey-json-1.19.jar:/home/user/.m2/repository/org/codehaus/jettison/jettison/1.1/jettison-1.1.jar:/home/user/.m2/repository/org/codehaus/jackson/jackson-jaxrs/1.9.2/jackson-jaxrs-1.9.2.jar:/home/user/.m2/repository/org/codehaus/jackson/jackson-xc/1.9.2/jackson-xc-1.9.2.jar:/home/user/.m2/repository/commons-beanutils/commons-beanutils/1.9.4/commons-beanutils-1.9.4.jar:/home/user/.m2/repository/org/apache/commons/commons-configuration2/2.1.1/commons-configuration2-2.1.1.jar:/home/user/.m2/repository/org/apache/commons/commons-text/1.4/commons-text-1.4.jar:/home/user/.m2/repository/com/google/re2j/re2j/1.1/re2j-1.1.jar:/home/user/.m2/repository/com/jcraft/jsch/0.1.54/jsch-0.1.54.jar:/home/user/.m2/repository/org/apache/curator/curator-client/2.13.0/curator-client-2.13.0.jar:/home/user/.m2/repository/org/apache/curator/curator-recipes/2.13.0/curator-recipes-2.13.0.jar:/home/user/.m2/repository/dnsjava/dnsjava/2.1.7/dnsjava-2.1.7.jar:/home/user/.m2/repository/org/slf4j/jul-to-slf4j/1.7.25/jul-to-slf4j-1.7.25.jar:/home/user/.m2/repository/org/eclipse/jetty/jetty-util/9.4.26.v20200117/jetty-util-9.4.26.v20200117.jar:/home/user/.m2/repository/com/fasterxml/jackson/core/jackson-databind/2.10.3/jackson-databind-2.10.3.jar:/home/user/.m2/repository/org/apache/hadoop/hadoop-kms/3.2.1/hadoop-kms-3.2.1-tests.jar:/home/user/.m2/repository/org/apache/hadoop/hadoop-hdds-server-scm/0.6.0-SNAPSHOT/hadoop-hdds-server-scm-0.6.0-SNAPSHOT-tests.jar:/home/user/.m2/repository/org/apache/hadoop/hadoop-hdds-container-service/0.6.0-SNAPSHOT/hadoop-hdds-container-service-0.6.0-SNAPSHOT-tests.jar:/home/user/.m2/repository/org/apache/hadoop/hadoop-hdds-common/0.6.0-SNAPSHOT/hadoop-hdds-common-0.6.0-SNAPSHOT-tests.jar:/home/user/.m2/repository/org/yaml/snakeyaml/1.16/snakeyaml-1.16.jar:/home/user/.m2/repository/org/apache/hadoop/hadoop-hdds-hadoop-dependency-test/0.6.0-SNAPSHOT/hadoop-hdds-hadoop-dependency-test-0.6.0-SNAPSHOT.jar:/home/user/.m2/repository/org/apache/hadoop/hadoop-common/3.2.1/hadoop-common-3.2.1-tests.jar:/home/user/.m2/repository/javax/servlet/jsp/jsp-api/2.1/jsp-api-2.1.jar:/home/user/.m2/repository/org/apache/hadoop/hadoop-hdfs/3.2.1/hadoop-hdfs-3.2.1-tests.jar:/home/user/.m2/repository/org/eclipse/jetty/jetty-util-ajax/9.4.26.v20200117/jetty-util-ajax-9.4.26.v20200117.jar:/home/user/.m2/repository/commons-codec/commons-codec/1.11/commons-codec-1.11.jar:/home/user/.m2/repository/commons-daemon/commons-daemon/1.0.13/commons-daemon-1.0.13.jar:/home/user/.m2/repository/io/netty/netty/3.10.5.Final/netty-3.10.5.Final.jar:/home/user/.m2/repository/io/netty/netty-all/4.1.48.Final/netty-all-4.1.48.Final.jar:/home/user/.m2/repository/org/apache/htrace/htrace-core4/4.1.0-incubating/htrace-core4-4.1.0-incubating.jar:/home/user/.m2/repository/org/fusesource/leveldbjni/leveldbjni-all/1.8/leveldbjni-all-1.8.jar:/home/user/.m2/repository/org/apache/hadoop/hadoop-distcp/3.2.1/hadoop-distcp-3.2.1.jar:/home/user/.m2/repository/org/apache/hadoop/hadoop-mapreduce-client-jobclient/3.2.1/hadoop-mapreduce-client-jobclient-3.2.1.jar:/home/user/.m2/repository/org/apache/hadoop/hadoop-mapreduce-client-common/3.2.1/hadoop-mapreduce-client-common-3.2.1.jar:/home/user/.m2/repository/org/apache/hadoop/hadoop-yarn-common/3.2.1/hadoop-yarn-common-3.2.1.jar:/home/user/.m2/repository/org/apache/hadoop/hadoop-yarn-api/3.2.1/hadoop-yarn-api-3.2.1.jar:/home/user/.m2/repository/com/sun/jersey/jersey-client/1.19/jersey-client-1.19.jar:/home/user/.m2/repository/com/sun/jersey/contribs/jersey-guice/1.19/jersey-guice-1.19.jar:/home/user/.m2/repository/com/fasterxml/jackson/jaxrs/jackson-jaxrs-json-provider/2.10.3/jackson-jaxrs-json-provider-2.10.3.jar:/home/user/.m2/repository/com/fasterxml/jackson/jaxrs/jackson-jaxrs-base/2.10.3/jackson-jaxrs-base-2.10.3.jar:/home/user/.m2/repository/org/apache/hadoop/hadoop-yarn-client/3.2.1/hadoop-yarn-client-3.2.1.jar:/home/user/.m2/repository/org/apache/hadoop/hadoop-mapreduce-client-core/3.2.1/hadoop-mapreduce-client-core-3.2.1.jar:/home/user/.m2/repository/org/apache/avro/avro/1.7.7/avro-1.7.7.jar:/home/user/.m2/repository/org/codehaus/jackson/jackson-core-asl/1.9.13/jackson-core-asl-1.9.13.jar:/home/user/.m2/repository/org/codehaus/jackson/jackson-mapper-asl/1.9.13/jackson-mapper-asl-1.9.13.jar:/home/user/.m2/repository/com/thoughtworks/paranamer/paranamer/2.3/paranamer-2.3.jar:/home/user/.m2/repository/org/xerial/snappy/snappy-java/1.0.5/snappy-java-1.0.5.jar:/home/user/.m2/repository/org/apache/hadoop/hadoop-annotations/3.2.1/hadoop-annotations-3.2.1.jar:/usr/lib/jvm/java-1.8.0-openjdk-1.8.0.232.b09-0.el7_7.x86_64/jre/../lib/tools.jar:/home/user/.m2/repository/org/apache/hadoop/hadoop-distcp/3.2.1/hadoop-distcp-3.2.1-tests.jar:"/>
    <property name="java.vm.vendor" value="Oracle Corporation"/>
    <property name="sun.arch.data.model" value="64"/>
    <property name="test.build.dir" value="/github/workspace/mnt/ozone/hadoop-ozone/integration-test/target/test-dir"/>
    <property name="test.cache.data" value=""/>
    <property name="java.vendor.url" value="http://java.oracle.com/"/>
    <property name="user.timezone" value=""/>
    <property name="java.vm.specification.version" value="1.8"/>
    <property name="os.name" value="Linux"/>
    <property name="test.build.data" value="/github/workspace/mnt/ozone/hadoop-ozone/integration-test/target/test-dir"/>
    <property name="user.country" value="US"/>
    <property name="sun.java.launcher" value="SUN_STANDARD"/>
    <property name="sun.boot.library.path" value="/usr/lib/jvm/java-1.8.0-openjdk-1.8.0.232.b09-0.el7_7.x86_64/jre/lib/amd64"/>
    <property name="sun.java.command" value="/github/workspace/mnt/ozone/hadoop-ozone/integration-test/target/surefire/surefirebooter1694474822336080193.jar /github/workspace/mnt/ozone/hadoop-ozone/integration-test/target/surefire 2020-07-01T00-57-56_219-jvmRun1 surefire2988377513456689465tmp surefire_251432997063056558117tmp"/>
    <property name="surefire.test.class.path" value="/github/workspace/mnt/ozone/hadoop-ozone/integration-test/target/test-classes:/github/workspace/mnt/ozone/hadoop-ozone/integration-test/target/classes:/home/user/.m2/repository/org/apache/hadoop/hadoop-ozone-common/0.6.0-SNAPSHOT/hadoop-ozone-common-0.6.0-SNAPSHOT.jar:/home/user/.m2/repository/org/apache/commons/commons-compress/1.4.1/commons-compress-1.4.1.jar:/home/user/.m2/repository/org/tukaani/xz/1.0/xz-1.0.jar:/home/user/.m2/repository/org/apache/hadoop/hadoop-hdds-common/0.6.0-SNAPSHOT/hadoop-hdds-common-0.6.0-SNAPSHOT.jar:/home/user/.m2/repository/org/apache/hadoop/hadoop-hdds-hadoop-dependency-client/0.6.0-SNAPSHOT/hadoop-hdds-hadoop-dependency-client-0.6.0-SNAPSHOT.jar:/home/user/.m2/repository/info/picocli/picocli/3.9.6/picocli-3.9.6.jar:/home/user/.m2/repository/com/fasterxml/jackson/core/jackson-annotations/2.10.3/jackson-annotations-2.10.3.jar:/home/user/.m2/repository/javax/annotation/javax.annotation-api/1.2/javax.annotation-api-1.2.jar:/home/user/.m2/repository/org/apache/ratis/ratis-server/0.6.0-6ab75ae-SNAPSHOT/ratis-server-0.6.0-6ab75ae-SNAPSHOT.jar:/home/user/.m2/repository/org/apache/ratis/ratis-client/0.6.0-6ab75ae-SNAPSHOT/ratis-client-0.6.0-6ab75ae-SNAPSHOT.jar:/home/user/.m2/repository/org/apache/ratis/ratis-metrics/0.6.0-6ab75ae-SNAPSHOT/ratis-metrics-0.6.0-6ab75ae-SNAPSHOT.jar:/home/user/.m2/repository/org/apache/ratis/ratis-netty/0.6.0-6ab75ae-SNAPSHOT/ratis-netty-0.6.0-6ab75ae-SNAPSHOT.jar:/home/user/.m2/repository/org/apache/ratis/ratis-grpc/0.6.0-6ab75ae-SNAPSHOT/ratis-grpc-0.6.0-6ab75ae-SNAPSHOT.jar:/home/user/.m2/repository/org/apache/logging/log4j/log4j-api/2.11.0/log4j-api-2.11.0.jar:/home/user/.m2/repository/org/apache/logging/log4j/log4j-core/2.11.0/log4j-core-2.11.0.jar:/home/user/.m2/repository/com/lmax/disruptor/3.4.2/disruptor-3.4.2.jar:/home/user/.m2/repository/org/apache/commons/commons-pool2/2.6.0/commons-pool2-2.6.0.jar:/home/user/.m2/repository/org/bouncycastle/bcpkix-jdk15on/1.60/bcpkix-jdk15on-1.60.jar:/home/user/.m2/repository/commons-validator/commons-validator/1.6/commons-validator-1.6.jar:/home/user/.m2/repository/commons-digester/commons-digester/1.8.1/commons-digester-1.8.1.jar:/home/user/.m2/repository/io/jaegertracing/jaeger-client/1.2.0/jaeger-client-1.2.0.jar:/home/user/.m2/repository/io/jaegertracing/jaeger-thrift/1.2.0/jaeger-thrift-1.2.0.jar:/home/user/.m2/repository/org/apache/thrift/libthrift/0.13.0/libthrift-0.13.0.jar:/home/user/.m2/repository/com/squareup/okhttp3/okhttp/4.2.2/okhttp-4.2.2.jar:/home/user/.m2/repository/com/squareup/okio/okio/2.2.2/okio-2.2.2.jar:/home/user/.m2/repository/org/jetbrains/kotlin/kotlin-stdlib/1.3.50/kotlin-stdlib-1.3.50.jar:/home/user/.m2/repository/org/jetbrains/kotlin/kotlin-stdlib-common/1.3.50/kotlin-stdlib-common-1.3.50.jar:/home/user/.m2/repository/org/jetbrains/annotations/13.0/annotations-13.0.jar:/home/user/.m2/repository/io/jaegertracing/jaeger-core/1.2.0/jaeger-core-1.2.0.jar:/home/user/.m2/repository/io/jaegertracing/jaeger-tracerresolver/1.2.0/jaeger-tracerresolver-1.2.0.jar:/home/user/.m2/repository/io/opentracing/contrib/opentracing-tracerresolver/0.1.8/opentracing-tracerresolver-0.1.8.jar:/home/user/.m2/repository/io/opentracing/opentracing-util/0.33.0/opentracing-util-0.33.0.jar:/home/user/.m2/repository/io/opentracing/opentracing-api/0.33.0/opentracing-api-0.33.0.jar:/home/user/.m2/repository/io/opentracing/opentracing-noop/0.33.0/opentracing-noop-0.33.0.jar:/home/user/.m2/repository/org/apache/hadoop/hadoop-hdds-client/0.6.0-SNAPSHOT/hadoop-hdds-client-0.6.0-SNAPSHOT.jar:/home/user/.m2/repository/org/apache/hadoop/hadoop-ozone-interface-client/0.6.0-SNAPSHOT/hadoop-ozone-interface-client-0.6.0-SNAPSHOT.jar:/home/user/.m2/repository/org/apache/hadoop/hadoop-hdds-test-utils/0.6.0-SNAPSHOT/hadoop-hdds-test-utils-0.6.0-SNAPSHOT.jar:/home/user/.m2/repository/com/google/guava/guava/28.2-jre/guava-28.2-jre.jar:/home/user/.m2/repository/com/google/guava/failureaccess/1.0.1/failureaccess-1.0.1.jar:/home/user/.m2/repository/com/google/guava/listenablefuture/9999.0-empty-to-avoid-conflict-with-guava/listenablefuture-9999.0-empty-to-avoid-conflict-with-guava.jar:/home/user/.m2/repository/com/google/code/findbugs/jsr305/3.0.0/jsr305-3.0.0.jar:/home/user/.m2/repository/org/checkerframework/checker-qual/2.10.0/checker-qual-2.10.0.jar:/home/user/.m2/repository/com/google/errorprone/error_prone_annotations/2.2.0/error_prone_annotations-2.2.0.jar:/home/user/.m2/repository/com/google/j2objc/j2objc-annotations/1.3/j2objc-annotations-1.3.jar:/home/user/.m2/repository/commons-io/commons-io/2.5/commons-io-2.5.jar:/home/user/.m2/repository/commons-logging/commons-logging/1.2/commons-logging-1.2.jar:/home/user/.m2/repository/log4j/log4j/1.2.17/log4j-1.2.17.jar:/home/user/.m2/repository/org/slf4j/slf4j-api/1.7.25/slf4j-api-1.7.25.jar:/home/user/.m2/repository/org/apache/hadoop/hadoop-hdds-server-scm/0.6.0-SNAPSHOT/hadoop-hdds-server-scm-0.6.0-SNAPSHOT.jar:/home/user/.m2/repository/org/apache/hadoop/hadoop-hdds-container-service/0.6.0-SNAPSHOT/hadoop-hdds-container-service-0.6.0-SNAPSHOT.jar:/home/user/.m2/repository/org/apache/hadoop/hadoop-hdds-hadoop-dependency-server/0.6.0-SNAPSHOT/hadoop-hdds-hadoop-dependency-server-0.6.0-SNAPSHOT.jar:/home/user/.m2/repository/org/apache/hadoop/hadoop-hdds-server-framework/0.6.0-SNAPSHOT/hadoop-hdds-server-framework-0.6.0-SNAPSHOT.jar:/home/user/.m2/repository/org/apache/hadoop/hadoop-hdds-interface-server/0.6.0-SNAPSHOT/hadoop-hdds-interface-server-0.6.0-SNAPSHOT.jar:/home/user/.m2/repository/org/apache/hadoop/hadoop-hdds-interface-admin/0.6.0-SNAPSHOT/hadoop-hdds-interface-admin-0.6.0-SNAPSHOT.jar:/home/user/.m2/repository/org/rocksdb/rocksdbjni/6.8.1/rocksdbjni-6.8.1.jar:/home/user/.m2/repository/io/prometheus/simpleclient_dropwizard/0.7.0/simpleclient_dropwizard-0.7.0.jar:/home/user/.m2/repository/io/prometheus/simpleclient/0.7.0/simpleclient-0.7.0.jar:/home/user/.m2/repository/io/prometheus/simpleclient_common/0.7.0/simpleclient_common-0.7.0.jar:/home/user/.m2/repository/com/fasterxml/jackson/datatype/jackson-datatype-jsr310/2.10.3/jackson-datatype-jsr310-2.10.3.jar:/home/user/.m2/repository/org/apache/hadoop/hadoop-hdds-docs/0.6.0-SNAPSHOT/hadoop-hdds-docs-0.6.0-SNAPSHOT.jar:/home/user/.m2/repository/io/dropwizard/metrics/metrics-core/3.2.4/metrics-core-3.2.4.jar:/home/user/.m2/repository/org/apache/hadoop/hadoop-hdfs-client/3.2.1/hadoop-hdfs-client-3.2.1.jar:/home/user/.m2/repository/org/bouncycastle/bcprov-jdk15on/1.60/bcprov-jdk15on-1.60.jar:/home/user/.m2/repository/org/apache/hadoop/hadoop-ozone-ozone-manager/0.6.0-SNAPSHOT/hadoop-ozone-ozone-manager-0.6.0-SNAPSHOT.jar:/home/user/.m2/repository/org/apache/hadoop/hadoop-hdds-interface-client/0.6.0-SNAPSHOT/hadoop-hdds-interface-client-0.6.0-SNAPSHOT.jar:/home/user/.m2/repository/org/apache/ratis/ratis-thirdparty-misc/0.4.0/ratis-thirdparty-misc-0.4.0.jar:/home/user/.m2/repository/org/apache/hadoop/hadoop-minikdc/3.2.1/hadoop-minikdc-3.2.1.jar:/home/user/.m2/repository/org/apache/kerby/kerb-simplekdc/1.0.1/kerb-simplekdc-1.0.1.jar:/home/user/.m2/repository/org/apache/kerby/kerb-client/1.0.1/kerb-client-1.0.1.jar:/home/user/.m2/repository/org/apache/kerby/kerby-config/1.0.1/kerby-config-1.0.1.jar:/home/user/.m2/repository/org/apache/kerby/kerb-core/1.0.1/kerb-core-1.0.1.jar:/home/user/.m2/repository/org/apache/kerby/kerby-pkix/1.0.1/kerby-pkix-1.0.1.jar:/home/user/.m2/repository/org/apache/kerby/kerby-asn1/1.0.1/kerby-asn1-1.0.1.jar:/home/user/.m2/repository/org/apache/kerby/kerby-util/1.0.1/kerby-util-1.0.1.jar:/home/user/.m2/repository/org/apache/kerby/kerb-common/1.0.1/kerb-common-1.0.1.jar:/home/user/.m2/repository/org/apache/kerby/kerb-crypto/1.0.1/kerb-crypto-1.0.1.jar:/home/user/.m2/repository/org/apache/kerby/kerb-util/1.0.1/kerb-util-1.0.1.jar:/home/user/.m2/repository/org/apache/kerby/token-provider/1.0.1/token-provider-1.0.1.jar:/home/user/.m2/repository/org/apache/kerby/kerb-admin/1.0.1/kerb-admin-1.0.1.jar:/home/user/.m2/repository/org/apache/kerby/kerb-server/1.0.1/kerb-server-1.0.1.jar:/home/user/.m2/repository/org/apache/kerby/kerb-identity/1.0.1/kerb-identity-1.0.1.jar:/home/user/.m2/repository/org/apache/kerby/kerby-xdr/1.0.1/kerby-xdr-1.0.1.jar:/home/user/.m2/repository/org/slf4j/slf4j-log4j12/1.7.25/slf4j-log4j12-1.7.25.jar:/home/user/.m2/repository/org/apache/hadoop/hadoop-ozone-s3gateway/0.6.0-SNAPSHOT/hadoop-ozone-s3gateway-0.6.0-SNAPSHOT.jar:/home/user/.m2/repository/org/jboss/weld/servlet/weld-servlet/2.4.7.Final/weld-servlet-2.4.7.Final.jar:/home/user/.m2/repository/org/glassfish/jersey/containers/jersey-container-servlet-core/2.27/jersey-container-servlet-core-2.27.jar:/home/user/.m2/repository/org/glassfish/hk2/external/javax.inject/2.5.0-b42/javax.inject-2.5.0-b42.jar:/home/user/.m2/repository/org/glassfish/jersey/core/jersey-common/2.27/jersey-common-2.27.jar:/home/user/.m2/repository/org/glassfish/hk2/osgi-resource-locator/1.0.1/osgi-resource-locator-1.0.1.jar:/home/user/.m2/repository/javax/ws/rs/javax.ws.rs-api/2.1/javax.ws.rs-api-2.1.jar:/home/user/.m2/repository/org/glassfish/jersey/ext/cdi/jersey-cdi1x/2.27/jersey-cdi1x-2.27.jar:/home/user/.m2/repository/org/glassfish/jersey/inject/jersey-hk2/2.27/jersey-hk2-2.27.jar:/home/user/.m2/repository/org/glassfish/hk2/hk2-locator/2.5.0-b42/hk2-locator-2.5.0-b42.jar:/home/user/.m2/repository/org/javassist/javassist/3.22.0-CR2/javassist-3.22.0-CR2.jar:/home/user/.m2/repository/org/glassfish/hk2/hk2-api/2.5.0/hk2-api-2.5.0.jar:/home/user/.m2/repository/org/glassfish/hk2/external/jakarta.inject/2.5.0/jakarta.inject-2.5.0.jar:/home/user/.m2/repository/org/glassfish/hk2/hk2-utils/2.5.0/hk2-utils-2.5.0.jar:/home/user/.m2/repository/jakarta/annotation/jakarta.annotation-api/1.3.4/jakarta.annotation-api-1.3.4.jar:/home/user/.m2/repository/org/glassfish/hk2/external/aopalliance-repackaged/2.5.0/aopalliance-repackaged-2.5.0.jar:/home/user/.m2/repository/com/fasterxml/jackson/dataformat/jackson-dataformat-xml/2.10.3/jackson-dataformat-xml-2.10.3.jar:/home/user/.m2/repository/com/fasterxml/jackson/core/jackson-core/2.10.3/jackson-core-2.10.3.jar:/home/user/.m2/repository/com/fasterxml/jackson/module/jackson-module-jaxb-annotations/2.10.3/jackson-module-jaxb-annotations-2.10.3.jar:/home/user/.m2/repository/jakarta/xml/bind/jakarta.xml.bind-api/2.3.2/jakarta.xml.bind-api-2.3.2.jar:/home/user/.m2/repository/jakarta/activation/jakarta.activation-api/1.2.1/jakarta.activation-api-1.2.1.jar:/home/user/.m2/repository/org/codehaus/woodstox/stax2-api/3.1.4/stax2-api-3.1.4.jar:/home/user/.m2/repository/com/fasterxml/woodstox/woodstox-core/5.0.3/woodstox-core-5.0.3.jar:/home/user/.m2/repository/javax/enterprise/cdi-api/1.2/cdi-api-1.2.jar:/home/user/.m2/repository/javax/el/javax.el-api/3.0.0/javax.el-api-3.0.0.jar:/home/user/.m2/repository/javax/interceptor/javax.interceptor-api/1.2/javax.interceptor-api-1.2.jar:/home/user/.m2/repository/javax/inject/javax.inject/1/javax.inject-1.jar:/home/user/.m2/repository/com/sun/xml/bind/jaxb-impl/2.3.0.1/jaxb-impl-2.3.0.1.jar:/home/user/.m2/repository/com/sun/xml/bind/jaxb-core/2.3.0.1/jaxb-core-2.3.0.1.jar:/home/user/.m2/repository/javax/xml/bind/jaxb-api/2.3.0/jaxb-api-2.3.0.jar:/home/user/.m2/repository/javax/activation/activation/1.1.1/activation-1.1.1.jar:/home/user/.m2/repository/org/apache/hadoop/hadoop-ozone-csi/0.6.0-SNAPSHOT/hadoop-ozone-csi-0.6.0-SNAPSHOT.jar:/home/user/.m2/repository/com/google/protobuf/protobuf-java-util/3.11.0/protobuf-java-util-3.11.0.jar:/home/user/.m2/repository/com/google/code/gson/gson/2.2.4/gson-2.2.4.jar:/home/user/.m2/repository/org/apache/hadoop/hadoop-hdds-config/0.6.0-SNAPSHOT/hadoop-hdds-config-0.6.0-SNAPSHOT.jar:/home/user/.m2/repository/com/google/protobuf/protobuf-java/2.5.0/protobuf-java-2.5.0.jar:/home/user/.m2/repository/io/grpc/grpc-netty/1.29.0/grpc-netty-1.29.0.jar:/home/user/.m2/repository/io/grpc/grpc-core/1.29.0/grpc-core-1.29.0.jar:/home/user/.m2/repository/com/google/android/annotations/4.1.1.4/annotations-4.1.1.4.jar:/home/user/.m2/repository/io/perfmark/perfmark-api/0.19.0/perfmark-api-0.19.0.jar:/home/user/.m2/repository/io/netty/netty-codec-http2/4.1.48.Final/netty-codec-http2-4.1.48.Final.jar:/home/user/.m2/repository/io/netty/netty-codec/4.1.48.Final/netty-codec-4.1.48.Final.jar:/home/user/.m2/repository/io/netty/netty-handler/4.1.48.Final/netty-handler-4.1.48.Final.jar:/home/user/.m2/repository/io/netty/netty-codec-http/4.1.48.Final/netty-codec-http-4.1.48.Final.jar:/home/user/.m2/repository/io/netty/netty-handler-proxy/4.1.48.Final/netty-handler-proxy-4.1.48.Final.jar:/home/user/.m2/repository/io/netty/netty-codec-socks/4.1.48.Final/netty-codec-socks-4.1.48.Final.jar:/home/user/.m2/repository/io/netty/netty-transport-native-epoll/4.1.48.Final/netty-transport-native-epoll-4.1.48.Final.jar:/home/user/.m2/repository/io/netty/netty-common/4.1.48.Final/netty-common-4.1.48.Final.jar:/home/user/.m2/repository/io/netty/netty-buffer/4.1.48.Final/netty-buffer-4.1.48.Final.jar:/home/user/.m2/repository/io/netty/netty-transport/4.1.48.Final/netty-transport-4.1.48.Final.jar:/home/user/.m2/repository/io/netty/netty-resolver/4.1.48.Final/netty-resolver-4.1.48.Final.jar:/home/user/.m2/repository/io/netty/netty-transport-native-unix-common/4.1.48.Final/netty-transport-native-unix-common-4.1.48.Final.jar:/home/user/.m2/repository/io/grpc/grpc-protobuf/1.29.0/grpc-protobuf-1.29.0.jar:/home/user/.m2/repository/io/grpc/grpc-api/1.29.0/grpc-api-1.29.0.jar:/home/user/.m2/repository/io/grpc/grpc-context/1.29.0/grpc-context-1.29.0.jar:/home/user/.m2/repository/org/codehaus/mojo/animal-sniffer-annotations/1.18/animal-sniffer-annotations-1.18.jar:/home/user/.m2/repository/com/google/api/grpc/proto-google-common-protos/1.17.0/proto-google-common-protos-1.17.0.jar:/home/user/.m2/repository/io/grpc/grpc-protobuf-lite/1.29.0/grpc-protobuf-lite-1.29.0.jar:/home/user/.m2/repository/io/grpc/grpc-stub/1.29.0/grpc-stub-1.29.0.jar:/home/user/.m2/repository/org/apache/hadoop/hadoop-ozone-recon/0.6.0-SNAPSHOT/hadoop-ozone-recon-0.6.0-SNAPSHOT.jar:/home/user/.m2/repository/org/apache/hadoop/hadoop-ozone-reconcodegen/0.6.0-SNAPSHOT/hadoop-ozone-reconcodegen-0.6.0-SNAPSHOT.jar:/home/user/.m2/repository/com/google/inject/extensions/guice-multibindings/4.0/guice-multibindings-4.0.jar:/home/user/.m2/repository/com/google/inject/guice/4.0/guice-4.0.jar:/home/user/.m2/repository/aopalliance/aopalliance/1.0/aopalliance-1.0.jar:/home/user/.m2/repository/com/google/inject/extensions/guice-assistedinject/4.0/guice-assistedinject-4.0.jar:/home/user/.m2/repository/com/google/inject/extensions/guice-servlet/4.0/guice-servlet-4.0.jar:/home/user/.m2/repository/org/glassfish/jersey/containers/jersey-container-servlet/2.27/jersey-container-servlet-2.27.jar:/home/user/.m2/repository/org/glassfish/hk2/guice-bridge/2.5.0/guice-bridge-2.5.0.jar:/home/user/.m2/repository/org/glassfish/jersey/core/jersey-server/2.27/jersey-server-2.27.jar:/home/user/.m2/repository/org/glassfish/jersey/core/jersey-client/2.27/jersey-client-2.27.jar:/home/user/.m2/repository/org/glassfish/jersey/media/jersey-media-jaxb/2.27/jersey-media-jaxb-2.27.jar:/home/user/.m2/repository/javax/validation/validation-api/1.1.0.Final/validation-api-1.1.0.Final.jar:/home/user/.m2/repository/org/glassfish/jersey/media/jersey-media-json-jackson/2.27/jersey-media-json-jackson-2.27.jar:/home/user/.m2/repository/org/glassfish/jersey/ext/jersey-entity-filtering/2.27/jersey-entity-filtering-2.27.jar:/home/user/.m2/repository/org/jooq/jooq/3.11.10/jooq-3.11.10.jar:/home/user/.m2/repository/org/jooq/jooq-meta/3.11.10/jooq-meta-3.11.10.jar:/home/user/.m2/repository/org/jooq/jooq-codegen/3.11.10/jooq-codegen-3.11.10.jar:/home/user/.m2/repository/com/jolbox/bonecp/0.8.0.RELEASE/bonecp-0.8.0.RELEASE.jar:/home/user/.m2/repository/org/apache/derby/derby/10.14.2.0/derby-10.14.2.0.jar:/home/user/.m2/repository/org/xerial/sqlite-jdbc/3.25.2/sqlite-jdbc-3.25.2.jar:/home/user/.m2/repository/org/springframework/spring-jdbc/5.2.5.RELEASE/spring-jdbc-5.2.5.RELEASE.jar:/home/user/.m2/repository/org/springframework/spring-beans/5.2.5.RELEASE/spring-beans-5.2.5.RELEASE.jar:/home/user/.m2/repository/org/springframework/spring-core/5.2.5.RELEASE/spring-core-5.2.5.RELEASE.jar:/home/user/.m2/repository/org/springframework/spring-jcl/5.2.5.RELEASE/spring-jcl-5.2.5.RELEASE.jar:/home/user/.m2/repository/org/springframework/spring-tx/5.2.5.RELEASE/spring-tx-5.2.5.RELEASE.jar:/home/user/.m2/repository/org/apache/hadoop/hadoop-ozone-client/0.6.0-SNAPSHOT/hadoop-ozone-client-0.6.0-SNAPSHOT.jar:/home/user/.m2/repository/org/apache/hadoop/hadoop-ozone-filesystem/0.6.0-SNAPSHOT/hadoop-ozone-filesystem-0.6.0-SNAPSHOT.jar:/home/user/.m2/repository/org/apache/hadoop/hadoop-ozone-filesystem-common/0.6.0-SNAPSHOT/hadoop-ozone-filesystem-common-0.6.0-SNAPSHOT.jar:/home/user/.m2/repository/org/apache/hadoop/hadoop-ozone-tools/0.6.0-SNAPSHOT/hadoop-ozone-tools-0.6.0-SNAPSHOT.jar:/home/user/.m2/repository/org/apache/hadoop/hadoop-hdfs/3.2.1/hadoop-hdfs-3.2.1.jar:/home/user/.m2/repository/org/apache/ratis/ratis-tools/0.6.0-6ab75ae-SNAPSHOT/ratis-tools-0.6.0-6ab75ae-SNAPSHOT.jar:/home/user/.m2/repository/org/apache/ratis/ratis-proto/0.6.0-6ab75ae-SNAPSHOT/ratis-proto-0.6.0-6ab75ae-SNAPSHOT.jar:/home/user/.m2/repository/org/apache/ratis/ratis-common/0.6.0-6ab75ae-SNAPSHOT/ratis-common-0.6.0-6ab75ae-SNAPSHOT.jar:/home/user/.m2/repository/com/amazonaws/aws-java-sdk-core/1.11.615/aws-java-sdk-core-1.11.615.jar:/home/user/.m2/repository/org/apache/httpcomponents/httpclient/4.5.2/httpclient-4.5.2.jar:/home/user/.m2/repository/org/apache/httpcomponents/httpcore/4.4.4/httpcore-4.4.4.jar:/home/user/.m2/repository/software/amazon/ion/ion-java/1.0.2/ion-java-1.0.2.jar:/home/user/.m2/repository/com/fasterxml/jackson/dataformat/jackson-dataformat-cbor/2.10.3/jackson-dataformat-cbor-2.10.3.jar:/home/user/.m2/repository/joda-time/joda-time/2.8.1/joda-time-2.8.1.jar:/home/user/.m2/repository/com/amazonaws/aws-java-sdk-s3/1.11.615/aws-java-sdk-s3-1.11.615.jar:/home/user/.m2/repository/com/amazonaws/aws-java-sdk-kms/1.11.615/aws-java-sdk-kms-1.11.615.jar:/home/user/.m2/repository/com/amazonaws/jmespath-java/1.11.615/jmespath-java-1.11.615.jar:/home/user/.m2/repository/org/apache/hadoop/hadoop-hdds-tools/0.6.0-SNAPSHOT/hadoop-hdds-tools-0.6.0-SNAPSHOT.jar:/home/user/.m2/repository/commons-cli/commons-cli/1.2/commons-cli-1.2.jar:/home/user/.m2/repository/org/apache/commons/commons-lang3/3.7/commons-lang3-3.7.jar:/home/user/.m2/repository/org/apache/hadoop/hadoop-ozone-ozone-manager/0.6.0-SNAPSHOT/hadoop-ozone-ozone-manager-0.6.0-SNAPSHOT-tests.jar:/home/user/.m2/repository/junit/junit/4.11/junit-4.11.jar:/home/user/.m2/repository/org/hamcrest/hamcrest-core/1.3/hamcrest-core-1.3.jar:/home/user/.m2/repository/org/openjdk/jmh/jmh-core/1.19/jmh-core-1.19.jar:/home/user/.m2/repository/net/sf/jopt-simple/jopt-simple/4.6/jopt-simple-4.6.jar:/home/user/.m2/repository/org/apache/commons/commons-math3/3.1.1/commons-math3-3.1.1.jar:/home/user/.m2/repository/org/openjdk/jmh/jmh-generator-annprocess/1.19/jmh-generator-annprocess-1.19.jar:/home/user/.m2/repository/org/mockito/mockito-all/1.8.5/mockito-all-1.8.5.jar:/home/user/.m2/repository/org/apache/hadoop/hadoop-kms/3.2.1/hadoop-kms-3.2.1.jar:/home/user/.m2/repository/org/apache/hadoop/hadoop-auth/3.2.1/hadoop-auth-3.2.1.jar:/home/user/.m2/repository/com/nimbusds/nimbus-jose-jwt/7.9/nimbus-jose-jwt-7.9.jar:/home/user/.m2/repository/com/github/stephenc/jcip/jcip-annotations/1.0-1/jcip-annotations-1.0-1.jar:/home/user/.m2/repository/net/minidev/json-smart/2.3/json-smart-2.3.jar:/home/user/.m2/repository/net/minidev/accessors-smart/1.2/accessors-smart-1.2.jar:/home/user/.m2/repository/org/ow2/asm/asm/5.0.4/asm-5.0.4.jar:/home/user/.m2/repository/org/apache/zookeeper/zookeeper/3.4.13/zookeeper-3.4.13.jar:/home/user/.m2/repository/org/apache/yetus/audience-annotations/0.5.0/audience-annotations-0.5.0.jar:/home/user/.m2/repository/org/apache/curator/curator-framework/2.13.0/curator-framework-2.13.0.jar:/home/user/.m2/repository/com/sun/jersey/jersey-core/1.19/jersey-core-1.19.jar:/home/user/.m2/repository/javax/ws/rs/jsr311-api/1.1.1/jsr311-api-1.1.1.jar:/home/user/.m2/repository/com/sun/jersey/jersey-server/1.19/jersey-server-1.19.jar:/home/user/.m2/repository/javax/servlet/javax.servlet-api/3.1.0/javax.servlet-api-3.1.0.jar:/home/user/.m2/repository/org/eclipse/jetty/jetty-server/9.4.26.v20200117/jetty-server-9.4.26.v20200117.jar:/home/user/.m2/repository/org/eclipse/jetty/jetty-http/9.4.26.v20200117/jetty-http-9.4.26.v20200117.jar:/home/user/.m2/repository/org/eclipse/jetty/jetty-io/9.4.26.v20200117/jetty-io-9.4.26.v20200117.jar:/home/user/.m2/repository/org/eclipse/jetty/jetty-webapp/9.4.26.v20200117/jetty-webapp-9.4.26.v20200117.jar:/home/user/.m2/repository/org/eclipse/jetty/jetty-xml/9.4.26.v20200117/jetty-xml-9.4.26.v20200117.jar:/home/user/.m2/repository/org/eclipse/jetty/jetty-servlet/9.4.26.v20200117/jetty-servlet-9.4.26.v20200117.jar:/home/user/.m2/repository/org/eclipse/jetty/jetty-security/9.4.26.v20200117/jetty-security-9.4.26.v20200117.jar:/home/user/.m2/repository/org/apache/hadoop/hadoop-common/3.2.1/hadoop-common-3.2.1.jar:/home/user/.m2/repository/commons-net/commons-net/3.6/commons-net-3.6.jar:/home/user/.m2/repository/commons-collections/commons-collections/3.2.2/commons-collections-3.2.2.jar:/home/user/.m2/repository/com/sun/jersey/jersey-servlet/1.19/jersey-servlet-1.19.jar:/home/user/.m2/repository/com/sun/jersey/jersey-json/1.19/jersey-json-1.19.jar:/home/user/.m2/repository/org/codehaus/jettison/jettison/1.1/jettison-1.1.jar:/home/user/.m2/repository/org/codehaus/jackson/jackson-jaxrs/1.9.2/jackson-jaxrs-1.9.2.jar:/home/user/.m2/repository/org/codehaus/jackson/jackson-xc/1.9.2/jackson-xc-1.9.2.jar:/home/user/.m2/repository/commons-beanutils/commons-beanutils/1.9.4/commons-beanutils-1.9.4.jar:/home/user/.m2/repository/org/apache/commons/commons-configuration2/2.1.1/commons-configuration2-2.1.1.jar:/home/user/.m2/repository/org/apache/commons/commons-text/1.4/commons-text-1.4.jar:/home/user/.m2/repository/com/google/re2j/re2j/1.1/re2j-1.1.jar:/home/user/.m2/repository/com/jcraft/jsch/0.1.54/jsch-0.1.54.jar:/home/user/.m2/repository/org/apache/curator/curator-client/2.13.0/curator-client-2.13.0.jar:/home/user/.m2/repository/org/apache/curator/curator-recipes/2.13.0/curator-recipes-2.13.0.jar:/home/user/.m2/repository/dnsjava/dnsjava/2.1.7/dnsjava-2.1.7.jar:/home/user/.m2/repository/org/slf4j/jul-to-slf4j/1.7.25/jul-to-slf4j-1.7.25.jar:/home/user/.m2/repository/org/eclipse/jetty/jetty-util/9.4.26.v20200117/jetty-util-9.4.26.v20200117.jar:/home/user/.m2/repository/com/fasterxml/jackson/core/jackson-databind/2.10.3/jackson-databind-2.10.3.jar:/home/user/.m2/repository/org/apache/hadoop/hadoop-kms/3.2.1/hadoop-kms-3.2.1-tests.jar:/home/user/.m2/repository/org/apache/hadoop/hadoop-hdds-server-scm/0.6.0-SNAPSHOT/hadoop-hdds-server-scm-0.6.0-SNAPSHOT-tests.jar:/home/user/.m2/repository/org/apache/hadoop/hadoop-hdds-container-service/0.6.0-SNAPSHOT/hadoop-hdds-container-service-0.6.0-SNAPSHOT-tests.jar:/home/user/.m2/repository/org/apache/hadoop/hadoop-hdds-common/0.6.0-SNAPSHOT/hadoop-hdds-common-0.6.0-SNAPSHOT-tests.jar:/home/user/.m2/repository/org/yaml/snakeyaml/1.16/snakeyaml-1.16.jar:/home/user/.m2/repository/org/apache/hadoop/hadoop-hdds-hadoop-dependency-test/0.6.0-SNAPSHOT/hadoop-hdds-hadoop-dependency-test-0.6.0-SNAPSHOT.jar:/home/user/.m2/repository/org/apache/hadoop/hadoop-common/3.2.1/hadoop-common-3.2.1-tests.jar:/home/user/.m2/repository/javax/servlet/jsp/jsp-api/2.1/jsp-api-2.1.jar:/home/user/.m2/repository/org/apache/hadoop/hadoop-hdfs/3.2.1/hadoop-hdfs-3.2.1-tests.jar:/home/user/.m2/repository/org/eclipse/jetty/jetty-util-ajax/9.4.26.v20200117/jetty-util-ajax-9.4.26.v20200117.jar:/home/user/.m2/repository/commons-codec/commons-codec/1.11/commons-codec-1.11.jar:/home/user/.m2/repository/commons-daemon/commons-daemon/1.0.13/commons-daemon-1.0.13.jar:/home/user/.m2/repository/io/netty/netty/3.10.5.Final/netty-3.10.5.Final.jar:/home/user/.m2/repository/io/netty/netty-all/4.1.48.Final/netty-all-4.1.48.Final.jar:/home/user/.m2/repository/org/apache/htrace/htrace-core4/4.1.0-incubating/htrace-core4-4.1.0-incubating.jar:/home/user/.m2/repository/org/fusesource/leveldbjni/leveldbjni-all/1.8/leveldbjni-all-1.8.jar:/home/user/.m2/repository/org/apache/hadoop/hadoop-distcp/3.2.1/hadoop-distcp-3.2.1.jar:/home/user/.m2/repository/org/apache/hadoop/hadoop-mapreduce-client-jobclient/3.2.1/hadoop-mapreduce-client-jobclient-3.2.1.jar:/home/user/.m2/repository/org/apache/hadoop/hadoop-mapreduce-client-common/3.2.1/hadoop-mapreduce-client-common-3.2.1.jar:/home/user/.m2/repository/org/apache/hadoop/hadoop-yarn-common/3.2.1/hadoop-yarn-common-3.2.1.jar:/home/user/.m2/repository/org/apache/hadoop/hadoop-yarn-api/3.2.1/hadoop-yarn-api-3.2.1.jar:/home/user/.m2/repository/com/sun/jersey/jersey-client/1.19/jersey-client-1.19.jar:/home/user/.m2/repository/com/sun/jersey/contribs/jersey-guice/1.19/jersey-guice-1.19.jar:/home/user/.m2/repository/com/fasterxml/jackson/jaxrs/jackson-jaxrs-json-provider/2.10.3/jackson-jaxrs-json-provider-2.10.3.jar:/home/user/.m2/repository/com/fasterxml/jackson/jaxrs/jackson-jaxrs-base/2.10.3/jackson-jaxrs-base-2.10.3.jar:/home/user/.m2/repository/org/apache/hadoop/hadoop-yarn-client/3.2.1/hadoop-yarn-client-3.2.1.jar:/home/user/.m2/repository/org/apache/hadoop/hadoop-mapreduce-client-core/3.2.1/hadoop-mapreduce-client-core-3.2.1.jar:/home/user/.m2/repository/org/apache/avro/avro/1.7.7/avro-1.7.7.jar:/home/user/.m2/repository/org/codehaus/jackson/jackson-core-asl/1.9.13/jackson-core-asl-1.9.13.jar:/home/user/.m2/repository/org/codehaus/jackson/jackson-mapper-asl/1.9.13/jackson-mapper-asl-1.9.13.jar:/home/user/.m2/repository/com/thoughtworks/paranamer/paranamer/2.3/paranamer-2.3.jar:/home/user/.m2/repository/org/xerial/snappy/snappy-java/1.0.5/snappy-java-1.0.5.jar:/home/user/.m2/repository/org/apache/hadoop/hadoop-annotations/3.2.1/hadoop-annotations-3.2.1.jar:/usr/lib/jvm/java-1.8.0-openjdk-1.8.0.232.b09-0.el7_7.x86_64/jre/../lib/tools.jar:/home/user/.m2/repository/org/apache/hadoop/hadoop-distcp/3.2.1/hadoop-distcp-3.2.1-tests.jar:"/>
    <property name="sun.cpu.endian" value="little"/>
    <property name="user.home" value="/home/user"/>
    <property name="user.language" value="en"/>
    <property name="java.specification.vendor" value="Oracle Corporation"/>
    <property name="java.home" value="/usr/lib/jvm/java-1.8.0-openjdk-1.8.0.232.b09-0.el7_7.x86_64/jre"/>
    <property name="java.security.krb5.conf" value="/github/workspace/mnt/ozone/hadoop-ozone/integration-test/target/test-classes/krb5.conf"/>
    <property name="basedir" value="/github/workspace/mnt/ozone/hadoop-ozone/integration-test"/>
    <property name="file.separator" value="/"/>
    <property name="line.separator" value="&#10;"/>
    <property name="java.vm.specification.vendor" value="Oracle Corporation"/>
    <property name="java.specification.name" value="Java Platform API Specification"/>
    <property name="java.awt.graphicsenv" value="sun.awt.X11GraphicsEnvironment"/>
    <property name="skip.installnpx" value="true"/>
    <property name="surefire.real.class.path" value="/github/workspace/mnt/ozone/hadoop-ozone/integration-test/target/surefire/surefirebooter1694474822336080193.jar:/home/user/.m2/repository/org/jacoco/org.jacoco.agent/0.8.5/org.jacoco.agent-0.8.5-runtime.jar"/>
    <property name="hadoop.log.dir" value="/github/workspace/mnt/ozone/hadoop-ozone/integration-test/target/log"/>
    <property name="sun.boot.class.path" value="/usr/lib/jvm/java-1.8.0-openjdk-1.8.0.232.b09-0.el7_7.x86_64/jre/lib/resources.jar:/usr/lib/jvm/java-1.8.0-openjdk-1.8.0.232.b09-0.el7_7.x86_64/jre/lib/rt.jar:/usr/lib/jvm/java-1.8.0-openjdk-1.8.0.232.b09-0.el7_7.x86_64/jre/lib/sunrsasign.jar:/usr/lib/jvm/java-1.8.0-openjdk-1.8.0.232.b09-0.el7_7.x86_64/jre/lib/jsse.jar:/usr/lib/jvm/java-1.8.0-openjdk-1.8.0.232.b09-0.el7_7.x86_64/jre/lib/jce.jar:/usr/lib/jvm/java-1.8.0-openjdk-1.8.0.232.b09-0.el7_7.x86_64/jre/lib/charsets.jar:/usr/lib/jvm/java-1.8.0-openjdk-1.8.0.232.b09-0.el7_7.x86_64/jre/lib/jfr.jar:/usr/lib/jvm/java-1.8.0-openjdk-1.8.0.232.b09-0.el7_7.x86_64/jre/classes"/>
    <property name="sun.management.compiler" value="HotSpot 64-Bit Tiered Compilers"/>
    <property name="skip.npx" value="true"/>
    <property name="java.runtime.version" value="1.8.0_232-b09"/>
    <property name="java.net.preferIPv4Stack" value="true"/>
    <property name="user.name" value="jenkins1001"/>
    <property name="path.separator" value=":"/>
    <property name="java.security.egd" value="file:///dev/urandom"/>
    <property name="os.version" value="5.3.0-1028-azure"/>
    <property name="java.endorsed.dirs" value="/usr/lib/jvm/java-1.8.0-openjdk-1.8.0.232.b09-0.el7_7.x86_64/jre/lib/endorsed"/>
    <property name="java.runtime.name" value="OpenJDK Runtime Environment"/>
    <property name="file.encoding" value="ANSI_X3.4-1968"/>
    <property name="java.vm.name" value="OpenJDK 64-Bit Server VM"/>
    <property name="test.build.webapps" value=""/>
    <property name="localRepository" value="/home/user/.m2/repository"/>
    <property name="java.vendor.url.bug" value="http://bugreport.sun.com/bugreport/"/>
    <property name="java.io.tmpdir" value="/tmp"/>
    <property name="require.test.libhadoop" value=""/>
    <property name="java.version" value="1.8.0_232"/>
    <property name="user.dir" value="/github/workspace/mnt/ozone/hadoop-ozone/integration-test"/>
    <property name="os.arch" value="amd64"/>
    <property name="java.vm.specification.name" value="Java Virtual Machine Specification"/>
    <property name="test.build.classes" value="/github/workspace/mnt/ozone/hadoop-ozone/integration-test/target/test-classes"/>
    <property name="java.awt.printerjob" value="sun.print.PSPrinterJob"/>
    <property name="sun.os.patch.level" value="unknown"/>
    <property name="hadoop.tmp.dir" value="/github/workspace/mnt/ozone/hadoop-ozone/integration-test/target/tmp"/>
    <property name="java.library.path" value="/usr/lib:/usr/java/packages/lib/amd64:/usr/lib64:/lib64:/lib:/usr/lib"/>
    <property name="java.vm.info" value="mixed mode"/>
    <property name="java.vendor" value="Oracle Corporation"/>
    <property name="java.vm.version" value="25.232-b09"/>
    <property name="java.ext.dirs" value="/usr/lib/jvm/java-1.8.0-openjdk-1.8.0.232.b09-0.el7_7.x86_64/jre/lib/ext:/usr/java/packages/lib/ext"/>
    <property name="sun.io.unicode.encoding" value="UnicodeLittle"/>
    <property name="java.class.version" value="52.0"/>
  </properties>
  <testcase name="testWatchForCommitWithKeyWrite" classname="org.apache.hadoop.ozone.client.rpc.TestWatchForCommit" time="53.699">
    <failure message="expected:&lt;450&gt; but was:&lt;400&gt;" type="java.lang.AssertionError"><![CDATA[java.lang.AssertionError: expected:<450> but was:<400>
	at org.junit.Assert.fail(Assert.java:88)
	at org.junit.Assert.failNotEquals(Assert.java:743)
	at org.junit.Assert.assertEquals(Assert.java:118)
	at org.junit.Assert.assertEquals(Assert.java:555)
	at org.junit.Assert.assertEquals(Assert.java:542)
	at org.apache.hadoop.ozone.client.rpc.TestWatchForCommit.testWatchForCommitWithKeyWrite(TestWatchForCommit.java:181)
	at sun.reflect.NativeMethodAccessorImpl.invoke0(Native Method)
	at sun.reflect.NativeMethodAccessorImpl.invoke(NativeMethodAccessorImpl.java:62)
	at sun.reflect.DelegatingMethodAccessorImpl.invoke(DelegatingMethodAccessorImpl.java:43)
	at java.lang.reflect.Method.invoke(Method.java:498)
	at org.junit.runners.model.FrameworkMethod$1.runReflectiveCall(FrameworkMethod.java:47)
	at org.junit.internal.runners.model.ReflectiveCallable.run(ReflectiveCallable.java:12)
	at org.junit.runners.model.FrameworkMethod.invokeExplosively(FrameworkMethod.java:44)
	at org.junit.internal.runners.statements.InvokeMethod.evaluate(InvokeMethod.java:17)
	at org.junit.internal.runners.statements.RunBefores.evaluate(RunBefores.java:26)
	at org.junit.internal.runners.statements.RunAfters.evaluate(RunAfters.java:27)
	at org.junit.runners.ParentRunner.runLeaf(ParentRunner.java:271)
	at org.junit.runners.BlockJUnit4ClassRunner.runChild(BlockJUnit4ClassRunner.java:70)
	at org.junit.runners.BlockJUnit4ClassRunner.runChild(BlockJUnit4ClassRunner.java:50)
	at org.junit.runners.ParentRunner$3.run(ParentRunner.java:238)
	at org.junit.runners.ParentRunner$1.schedule(ParentRunner.java:63)
	at org.junit.runners.ParentRunner.runChildren(ParentRunner.java:236)
	at org.junit.runners.ParentRunner.access$000(ParentRunner.java:53)
	at org.junit.runners.ParentRunner$2.evaluate(ParentRunner.java:229)
	at org.junit.runners.ParentRunner.run(ParentRunner.java:309)
	at org.apache.maven.surefire.junit4.JUnit4Provider.execute(JUnit4Provider.java:365)
	at org.apache.maven.surefire.junit4.JUnit4Provider.executeWithRerun(JUnit4Provider.java:273)
	at org.apache.maven.surefire.junit4.JUnit4Provider.executeTestSet(JUnit4Provider.java:238)
	at org.apache.maven.surefire.junit4.JUnit4Provider.invoke(JUnit4Provider.java:159)
	at org.apache.maven.surefire.booter.ForkedBooter.invokeProviderInSameClassLoader(ForkedBooter.java:384)
	at org.apache.maven.surefire.booter.ForkedBooter.runSuitesInProcess(ForkedBooter.java:345)
	at org.apache.maven.surefire.booter.ForkedBooter.execute(ForkedBooter.java:126)
	at org.apache.maven.surefire.booter.ForkedBooter.main(ForkedBooter.java:418)
]]></failure>
    <system-out><![CDATA[2020-07-01 01:39:51,463 [main] WARN  server.ServerUtils (ServerUtils.java:getScmDbDir(148)) - ozone.scm.db.dirs is not configured. We recommend adding this setting. Falling back to ozone.metadata.dirs instead.
2020-07-01 01:39:51,525 [main] WARN  server.ServerUtils (ServerUtils.java:getScmDbDir(148)) - ozone.scm.db.dirs is not configured. We recommend adding this setting. Falling back to ozone.metadata.dirs instead.
2020-07-01 01:39:51,664 [main] WARN  db.DBStoreBuilder (DBStoreBuilder.java:createDBStoreBuilder(277)) - ozone.scm.db.dirs is not configured. We recommend adding this setting. Falling back to ozone.metadata.dirs instead.
2020-07-01 01:39:51,790 [main] INFO  net.NodeSchemaLoader (NodeSchemaLoader.java:loadSchemaFromFile(126)) - Loading file from sun.misc.CompoundEnumeration@5b64c4b7
2020-07-01 01:39:51,791 [main] INFO  net.NodeSchemaLoader (NodeSchemaLoader.java:loadSchema(172)) - Loading network topology layer schema file
2020-07-01 01:39:51,845 [main] INFO  node.SCMNodeManager (SCMNodeManager.java:<init>(116)) - Entering startup safe mode.
2020-07-01 01:39:51,923 [main] INFO  algorithms.ContainerPlacementPolicyFactory (ContainerPlacementPolicyFactory.java:getPolicy(60)) - Create container placement policy of type org.apache.hadoop.hdds.scm.container.placement.algorithms.SCMContainerPlacementRandom
2020-07-01 01:39:51,948 [main] INFO  pipeline.SCMPipelineManager (SCMPipelineManager.java:initializePipelineState(158)) - No pipeline exists in current db
2020-07-01 01:39:52,020 [main] INFO  safemode.HealthyPipelineSafeModeRule (HealthyPipelineSafeModeRule.java:<init>(89)) - Total pipeline count is 0, healthy pipeline threshold count is 0
2020-07-01 01:39:52,022 [main] INFO  safemode.OneReplicaPipelineSafeModeRule (OneReplicaPipelineSafeModeRule.java:<init>(79)) - Total pipeline count is 0, pipeline's with at least one datanode reported threshold count is 0
2020-07-01 01:39:52,060 [RatisPipelineUtilsThread] ERROR pipeline.SCMPipelineManager (SCMPipelineManager.java:createPipeline(222)) - Failed to create pipeline of type RATIS and factor ONE. Exception: Cannot create pipeline of factor 1 using 0 nodes. Used 0 nodes. Healthy nodes 0
2020-07-01 01:39:52,373 [main] INFO  ipc.CallQueueManager (CallQueueManager.java:<init>(84)) - Using callQueue: class java.util.concurrent.LinkedBlockingQueue, queueCapacity: 2000, scheduler: class org.apache.hadoop.ipc.DefaultRpcScheduler, ipcBackoff: false.
2020-07-01 01:39:52,393 [Socket Reader #1 for port 0] INFO  ipc.Server (Server.java:run(1219)) - Starting Socket Reader #1 for port 0
2020-07-01 01:39:52,426 [Listener at 0.0.0.0/43515] INFO  ipc.CallQueueManager (CallQueueManager.java:<init>(84)) - Using callQueue: class java.util.concurrent.LinkedBlockingQueue, queueCapacity: 2000, scheduler: class org.apache.hadoop.ipc.DefaultRpcScheduler, ipcBackoff: false.
2020-07-01 01:39:52,427 [Socket Reader #1 for port 0] INFO  ipc.Server (Server.java:run(1219)) - Starting Socket Reader #1 for port 0
2020-07-01 01:39:52,437 [Listener at 0.0.0.0/41747] INFO  ipc.CallQueueManager (CallQueueManager.java:<init>(84)) - Using callQueue: class java.util.concurrent.LinkedBlockingQueue, queueCapacity: 2000, scheduler: class org.apache.hadoop.ipc.DefaultRpcScheduler, ipcBackoff: false.
2020-07-01 01:39:52,439 [Socket Reader #1 for port 0] INFO  ipc.Server (Server.java:run(1219)) - Starting Socket Reader #1 for port 0
2020-07-01 01:39:52,454 [Listener at 0.0.0.0/39249] INFO  http.BaseHttpServer (BaseHttpServer.java:newHttpServer2BuilderForOzone(207)) - Starting Web-server for scm at: http://0.0.0.0:0
2020-07-01 01:39:52,454 [Listener at 0.0.0.0/39249] INFO  http.BaseHttpServer (BaseHttpServer.java:<init>(106)) - Hadoop Security Enabled: false Ozone Security Enabled: false Ozone HTTP Security Enabled: false 
2020-07-01 01:39:52,475 [Listener at 0.0.0.0/39249] INFO  util.log (Log.java:initialized(169)) - Logging initialized @1942ms to org.eclipse.jetty.util.log.Slf4jLog
2020-07-01 01:39:52,586 [Listener at 0.0.0.0/39249] INFO  server.AuthenticationFilter (AuthenticationFilter.java:constructSecretProvider(240)) - Unable to initialize FileSignerSecretProvider, falling back to use random secrets.
2020-07-01 01:39:52,600 [Listener at 0.0.0.0/39249] WARN  http.HttpRequestLog (HttpRequestLog.java:getRequestLog(103)) - Jetty request log can only be enabled using Log4j
2020-07-01 01:39:52,605 [Listener at 0.0.0.0/39249] INFO  http.HttpServer2 (HttpServer2.java:addGlobalFilter(997)) - Added global filter 'safety' (class=org.apache.hadoop.hdds.server.http.HttpServer2$QuotingInputFilter)
2020-07-01 01:39:52,607 [Listener at 0.0.0.0/39249] INFO  http.HttpServer2 (HttpServer2.java:addFilter(973)) - Added filter static_user_filter (class=org.apache.hadoop.http.lib.StaticUserWebFilter$StaticUserFilter) to context scm
2020-07-01 01:39:52,607 [Listener at 0.0.0.0/39249] INFO  http.HttpServer2 (HttpServer2.java:addFilter(981)) - Added filter static_user_filter (class=org.apache.hadoop.http.lib.StaticUserWebFilter$StaticUserFilter) to context static
2020-07-01 01:39:52,608 [Listener at 0.0.0.0/39249] INFO  http.HttpServer2 (HttpServer2.java:addFilter(981)) - Added filter static_user_filter (class=org.apache.hadoop.http.lib.StaticUserWebFilter$StaticUserFilter) to context logs
2020-07-01 01:39:52,658 [Listener at 0.0.0.0/39249] INFO  server.StorageContainerManager (StorageContainerManager.java:start(782)) - StorageContainerLocationProtocol RPC server is listening at /0.0.0.0:39249
2020-07-01 01:39:52,713 [Listener at 0.0.0.0/39249] WARN  impl.MetricsConfig (MetricsConfig.java:loadFirst(134)) - Cannot locate configuration: tried hadoop-metrics2-storagecontainermanager.properties,hadoop-metrics2.properties
2020-07-01 01:39:52,729 [Listener at 0.0.0.0/39249] INFO  impl.MetricsSystemImpl (MetricsSystemImpl.java:startTimer(374)) - Scheduled Metric snapshot period at 10 second(s).
2020-07-01 01:39:52,729 [Listener at 0.0.0.0/39249] INFO  impl.MetricsSystemImpl (MetricsSystemImpl.java:start(191)) - StorageContainerManager metrics system started
2020-07-01 01:39:52,934 [Listener at 0.0.0.0/39249] INFO  server.SCMClientProtocolServer (SCMClientProtocolServer.java:start(156)) - RPC server for Client  is listening at /0.0.0.0:39249
2020-07-01 01:39:52,935 [IPC Server Responder] INFO  ipc.Server (Server.java:run(1460)) - IPC Server Responder: starting
2020-07-01 01:39:52,939 [IPC Server listener on 0] INFO  ipc.Server (Server.java:run(1298)) - IPC Server listener on 0: starting
2020-07-01 01:39:52,943 [Listener at 0.0.0.0/39249] INFO  server.StorageContainerManager (StorageContainerManager.java:start(794)) - ScmBlockLocationProtocol RPC server is listening at /0.0.0.0:41747
2020-07-01 01:39:52,944 [Listener at 0.0.0.0/39249] INFO  server.SCMBlockProtocolServer (SCMBlockProtocolServer.java:start(149)) - RPC server for Block Protocol is listening at /0.0.0.0:41747
2020-07-01 01:39:52,945 [IPC Server Responder] INFO  ipc.Server (Server.java:run(1460)) - IPC Server Responder: starting
2020-07-01 01:39:52,945 [IPC Server listener on 0] INFO  ipc.Server (Server.java:run(1298)) - IPC Server listener on 0: starting
2020-07-01 01:39:52,947 [Listener at 0.0.0.0/39249] INFO  server.StorageContainerManager (StorageContainerManager.java:start(800)) - ScmDatanodeProtocl RPC server is listening at /0.0.0.0:43515
2020-07-01 01:39:52,947 [Listener at 0.0.0.0/39249] INFO  server.SCMDatanodeProtocolServer (SCMDatanodeProtocolServer.java:start(172)) - RPC server for DataNodes is listening at /0.0.0.0:43515
2020-07-01 01:39:52,948 [IPC Server Responder] INFO  ipc.Server (Server.java:run(1460)) - IPC Server Responder: starting
2020-07-01 01:39:52,948 [IPC Server listener on 0] INFO  ipc.Server (Server.java:run(1298)) - IPC Server listener on 0: starting
2020-07-01 01:39:52,952 [Listener at 0.0.0.0/39249] INFO  http.HttpServer2 (HttpServer2.java:bindListener(1215)) - Jetty bound to port 39921
2020-07-01 01:39:52,953 [Listener at 0.0.0.0/39249] INFO  server.Server (Server.java:doStart(359)) - jetty-9.4.26.v20200117; built: 2020-01-17T12:35:33.676Z; git: 7b38981d25d14afb4a12ff1f2596756144edf695; jvm 1.8.0_232-b09
2020-07-01 01:39:52,978 [Listener at 0.0.0.0/39249] INFO  server.session (DefaultSessionIdManager.java:doStart(333)) - DefaultSessionIdManager workerName=node0
2020-07-01 01:39:52,979 [Listener at 0.0.0.0/39249] INFO  server.session (DefaultSessionIdManager.java:doStart(338)) - No SessionScavenger set, using defaults
2020-07-01 01:39:52,980 [Listener at 0.0.0.0/39249] INFO  server.session (HouseKeeper.java:startScavenging(140)) - node0 Scavenging every 600000ms
2020-07-01 01:39:52,992 [Listener at 0.0.0.0/39249] INFO  handler.ContextHandler (ContextHandler.java:doStart(825)) - Started o.e.j.s.ServletContextHandler@535b1ae6{logs,/logs,file:///github/workspace/mnt/ozone/hadoop-ozone/integration-test/target/log,AVAILABLE}
2020-07-01 01:39:52,992 [Listener at 0.0.0.0/39249] INFO  handler.ContextHandler (ContextHandler.java:doStart(825)) - Started o.e.j.s.ServletContextHandler@2da99821{static,/static,file:///github/workspace/mnt/ozone/hadoop-ozone/integration-test/target/test-classes/webapps/static,AVAILABLE}
2020-07-01 01:39:53,024 [Listener at 0.0.0.0/39249] INFO  handler.ContextHandler (ContextHandler.java:doStart(825)) - Started o.e.j.w.WebAppContext@cbd40c1{scm,/,file:///github/workspace/mnt/ozone/hadoop-ozone/integration-test/target/test-classes/webapps/scm/,AVAILABLE}{file:/github/workspace/mnt/ozone/hadoop-ozone/integration-test/target/test-classes/webapps/scm}
2020-07-01 01:39:53,035 [Listener at 0.0.0.0/39249] INFO  server.AbstractConnector (AbstractConnector.java:doStart(330)) - Started ServerConnector@7fad214a{HTTP/1.1,[http/1.1]}{0.0.0.0:39921}
2020-07-01 01:39:53,035 [Listener at 0.0.0.0/39249] INFO  server.Server (Server.java:doStart(399)) - Started @2503ms
2020-07-01 01:39:53,037 [Listener at 0.0.0.0/39249] INFO  impl.MetricsSinkAdapter (MetricsSinkAdapter.java:start(204)) - Sink prometheus started
2020-07-01 01:39:53,037 [Listener at 0.0.0.0/39249] INFO  impl.MetricsSystemImpl (MetricsSystemImpl.java:registerSink(301)) - Registered sink prometheus
2020-07-01 01:39:53,041 [Listener at 0.0.0.0/39249] INFO  http.BaseHttpServer (BaseHttpServer.java:updateConnectorAddress(327)) - HTTP server of scm listening at http://0.0.0.0:39921
2020-07-01 01:39:53,051 [Listener at 0.0.0.0/39249] WARN  server.ServerUtils (ServerUtils.java:getDBPath(225)) - ozone.om.db.dirs is not configured. We recommend adding this setting. Falling back to ozone.metadata.dirs instead.
2020-07-01 01:39:53,063 [org.apache.hadoop.util.JvmPauseMonitor$Monitor@5fffb692] INFO  util.JvmPauseMonitor (JvmPauseMonitor.java:run(188)) - Starting JVM pause monitor
2020-07-01 01:39:53,144 [Listener at 0.0.0.0/39249] INFO  ha.OMHANodeDetails (OMHANodeDetails.java:loadOMHAConfig(104)) - ozone.om.internal.service.id is not defined, falling back to ozone.om.service.ids to find serviceID for OzoneManager if it is HA enabled cluster
2020-07-01 01:39:53,147 [Listener at 0.0.0.0/39249] INFO  ha.OMHANodeDetails (OMHANodeDetails.java:loadOMHAConfig(213)) - Configuration either no ozone.om.address set. Falling back to the default OM address /127.0.0.1:0
2020-07-01 01:39:53,147 [Listener at 0.0.0.0/39249] INFO  ha.OMHANodeDetails (OMHANodeDetails.java:getOMNodeDetails(241)) - OM Service ID is not set. Setting it to the default ID: omServiceIdDefault
2020-07-01 01:39:53,149 [Listener at 0.0.0.0/39249] WARN  server.ServerUtils (ServerUtils.java:getDBPath(225)) - ozone.om.db.dirs is not configured. We recommend adding this setting. Falling back to ozone.metadata.dirs instead.
2020-07-01 01:39:53,151 [Listener at 0.0.0.0/39249] WARN  server.ServerUtils (ServerUtils.java:getDBPath(225)) - ozone.om.db.dirs is not configured. We recommend adding this setting. Falling back to ozone.metadata.dirs instead.
2020-07-01 01:39:53,802 [Listener at 0.0.0.0/39249] WARN  server.ServerUtils (ServerUtils.java:getDBPath(225)) - ozone.om.db.dirs is not configured. We recommend adding this setting. Falling back to ozone.metadata.dirs instead.
2020-07-01 01:39:53,932 [Listener at 0.0.0.0/39249] INFO  ipc.CallQueueManager (CallQueueManager.java:<init>(84)) - Using callQueue: class java.util.concurrent.LinkedBlockingQueue, queueCapacity: 2000, scheduler: class org.apache.hadoop.ipc.DefaultRpcScheduler, ipcBackoff: false.
2020-07-01 01:39:53,934 [Socket Reader #1 for port 0] INFO  ipc.Server (Server.java:run(1219)) - Starting Socket Reader #1 for port 0
2020-07-01 01:39:53,968 [Listener at 127.0.0.1/36859] INFO  impl.MetricsSystemImpl (MetricsSystemImpl.java:init(158)) - OzoneManager metrics system started (again)
2020-07-01 01:39:53,970 [Listener at 127.0.0.1/36859] INFO  om.OzoneManager (OzoneManager.java:start(1083)) - OzoneManager RPC server is listening at localhost/127.0.0.1:36859
2020-07-01 01:39:53,986 [IPC Server Responder] INFO  ipc.Server (Server.java:run(1460)) - IPC Server Responder: starting
2020-07-01 01:39:53,987 [IPC Server listener on 0] INFO  ipc.Server (Server.java:run(1298)) - IPC Server listener on 0: starting
2020-07-01 01:39:53,994 [Listener at 127.0.0.1/36859] INFO  http.BaseHttpServer (BaseHttpServer.java:newHttpServer2BuilderForOzone(207)) - Starting Web-server for ozoneManager at: http://0.0.0.0:0
2020-07-01 01:39:53,994 [Listener at 127.0.0.1/36859] INFO  http.BaseHttpServer (BaseHttpServer.java:<init>(106)) - Hadoop Security Enabled: false Ozone Security Enabled: false Ozone HTTP Security Enabled: false 
2020-07-01 01:39:53,995 [Listener at 127.0.0.1/36859] INFO  server.AuthenticationFilter (AuthenticationFilter.java:constructSecretProvider(240)) - Unable to initialize FileSignerSecretProvider, falling back to use random secrets.
2020-07-01 01:39:53,996 [Listener at 127.0.0.1/36859] WARN  http.HttpRequestLog (HttpRequestLog.java:getRequestLog(103)) - Jetty request log can only be enabled using Log4j
2020-07-01 01:39:53,997 [Listener at 127.0.0.1/36859] INFO  http.HttpServer2 (HttpServer2.java:addGlobalFilter(997)) - Added global filter 'safety' (class=org.apache.hadoop.hdds.server.http.HttpServer2$QuotingInputFilter)
2020-07-01 01:39:53,997 [Listener at 127.0.0.1/36859] INFO  http.HttpServer2 (HttpServer2.java:addFilter(973)) - Added filter static_user_filter (class=org.apache.hadoop.http.lib.StaticUserWebFilter$StaticUserFilter) to context ozoneManager
2020-07-01 01:39:53,998 [Listener at 127.0.0.1/36859] INFO  http.HttpServer2 (HttpServer2.java:addFilter(981)) - Added filter static_user_filter (class=org.apache.hadoop.http.lib.StaticUserWebFilter$StaticUserFilter) to context static
2020-07-01 01:39:53,998 [Listener at 127.0.0.1/36859] INFO  http.HttpServer2 (HttpServer2.java:addFilter(981)) - Added filter static_user_filter (class=org.apache.hadoop.http.lib.StaticUserWebFilter$StaticUserFilter) to context logs
2020-07-01 01:39:54,000 [Listener at 127.0.0.1/36859] INFO  http.HttpServer2 (HttpServer2.java:bindListener(1215)) - Jetty bound to port 35603
2020-07-01 01:39:54,000 [Listener at 127.0.0.1/36859] INFO  server.Server (Server.java:doStart(359)) - jetty-9.4.26.v20200117; built: 2020-01-17T12:35:33.676Z; git: 7b38981d25d14afb4a12ff1f2596756144edf695; jvm 1.8.0_232-b09
2020-07-01 01:39:54,002 [Listener at 127.0.0.1/36859] INFO  server.session (DefaultSessionIdManager.java:doStart(333)) - DefaultSessionIdManager workerName=node0
2020-07-01 01:39:54,002 [Listener at 127.0.0.1/36859] INFO  server.session (DefaultSessionIdManager.java:doStart(338)) - No SessionScavenger set, using defaults
2020-07-01 01:39:54,002 [Listener at 127.0.0.1/36859] INFO  server.session (HouseKeeper.java:startScavenging(140)) - node0 Scavenging every 660000ms
2020-07-01 01:39:54,003 [Listener at 127.0.0.1/36859] INFO  handler.ContextHandler (ContextHandler.java:doStart(825)) - Started o.e.j.s.ServletContextHandler@2b06681c{logs,/logs,file:///github/workspace/mnt/ozone/hadoop-ozone/integration-test/target/log,AVAILABLE}
2020-07-01 01:39:54,003 [Listener at 127.0.0.1/36859] INFO  handler.ContextHandler (ContextHandler.java:doStart(825)) - Started o.e.j.s.ServletContextHandler@67cd84f9{static,/static,file:///github/workspace/mnt/ozone/hadoop-ozone/integration-test/target/test-classes/webapps/static,AVAILABLE}
2020-07-01 01:39:54,007 [Listener at 127.0.0.1/36859] INFO  handler.ContextHandler (ContextHandler.java:doStart(825)) - Started o.e.j.w.WebAppContext@2079fcfc{ozoneManager,/,file:///github/workspace/mnt/ozone/hadoop-ozone/integration-test/target/test-classes/webapps/ozoneManager/,AVAILABLE}{file:/github/workspace/mnt/ozone/hadoop-ozone/integration-test/target/test-classes/webapps/ozoneManager}
2020-07-01 01:39:54,008 [Listener at 127.0.0.1/36859] INFO  server.AbstractConnector (AbstractConnector.java:doStart(330)) - Started ServerConnector@3a45308f{HTTP/1.1,[http/1.1]}{0.0.0.0:35603}
2020-07-01 01:39:54,008 [Listener at 127.0.0.1/36859] INFO  server.Server (Server.java:doStart(399)) - Started @3475ms
2020-07-01 01:39:54,008 [Listener at 127.0.0.1/36859] WARN  impl.MetricsSystemImpl (MetricsSystemImpl.java:register(276)) - Sink prometheus already exists!
2020-07-01 01:39:54,011 [Listener at 127.0.0.1/36859] INFO  http.BaseHttpServer (BaseHttpServer.java:updateConnectorAddress(327)) - HTTP server of ozoneManager listening at http://0.0.0.0:35603
2020-07-01 01:39:54,019 [org.apache.hadoop.util.JvmPauseMonitor$Monitor@126d0868] INFO  util.JvmPauseMonitor (JvmPauseMonitor.java:run(188)) - Starting JVM pause monitor
2020-07-01 01:39:54,159 [Listener at 127.0.0.1/36859] INFO  metrics.MetricRegistries (MetricRegistriesLoader.java:load(64)) - Loaded MetricRegistries class org.apache.ratis.metrics.impl.MetricRegistriesImpl
2020-07-01 01:39:54,162 [Listener at 127.0.0.1/36859] INFO  impl.MetricsSystemImpl (MetricsSystemImpl.java:init(158)) - HddsDatanode metrics system started (again)
2020-07-01 01:39:54,167 [Listener at 127.0.0.1/36859] INFO  ozone.HddsDatanodeService (HddsDatanodeService.java:start(197)) - HddsDatanodeService host:51ddc7c4698f ip:172.17.0.2
2020-07-01 01:39:54,237 [Listener at 127.0.0.1/36859] INFO  volume.HddsVolume (HddsVolume.java:<init>(176)) - Creating Volume: /github/workspace/mnt/ozone/hadoop-ozone/integration-test/target/test-dir/MiniOzoneClusterImpl-1f0cff23-21f0-432d-9716-db38e1d74a84/datanode-0/data-0/containers/hdds of storage type : DISK and capacity : 9223372036854775807
2020-07-01 01:39:54,240 [Listener at 127.0.0.1/36859] INFO  volume.MutableVolumeSet (MutableVolumeSet.java:initializeVolumeSet(181)) - Added Volume : /github/workspace/mnt/ozone/hadoop-ozone/integration-test/target/test-dir/MiniOzoneClusterImpl-1f0cff23-21f0-432d-9716-db38e1d74a84/datanode-0/data-0/containers/hdds to VolumeSet
2020-07-01 01:39:54,241 [Listener at 127.0.0.1/36859] INFO  volume.ThrottledAsyncChecker (ThrottledAsyncChecker.java:schedule(141)) - Scheduling a check for /github/workspace/mnt/ozone/hadoop-ozone/integration-test/target/test-dir/MiniOzoneClusterImpl-1f0cff23-21f0-432d-9716-db38e1d74a84/datanode-0/data-0/containers/hdds
2020-07-01 01:39:54,264 [Listener at 127.0.0.1/36859] INFO  volume.HddsVolumeChecker (HddsVolumeChecker.java:checkAllVolumes(200)) - Scheduled health check for volume /github/workspace/mnt/ozone/hadoop-ozone/integration-test/target/test-dir/MiniOzoneClusterImpl-1f0cff23-21f0-432d-9716-db38e1d74a84/datanode-0/data-0/containers/hdds
2020-07-01 01:39:54,409 [Listener at 127.0.0.1/36859] INFO  impl.RaftServerProxy (ConfUtils.java:logGet(44)) - raft.rpc.type = GRPC (default)
2020-07-01 01:39:54,470 [Listener at 127.0.0.1/36859] INFO  grpc.GrpcFactory (GrpcFactory.java:checkPooledByteBufAllocatorUseCacheForAllThreads(45)) - PERFORMANCE WARNING: useCacheForAllThreads is true that may cause Netty to create a lot garbage objects and, as a result, trigger GC.
	It is recommended to disable useCacheForAllThreads by setting -Dorg.apache.ratis.thirdparty.io.netty.allocator.useCacheForAllThreads=false in command line.
2020-07-01 01:39:54,473 [Listener at 127.0.0.1/36859] INFO  grpc.GrpcConfigKeys (ConfUtils.java:logGet(44)) - raft.grpc.server.port = 0 (default)
2020-07-01 01:39:54,474 [Listener at 127.0.0.1/36859] INFO  server.GrpcService (ConfUtils.java:logGet(44)) - raft.grpc.message.size.max = 32MB (=33554432) (custom)
2020-07-01 01:39:54,475 [Listener at 127.0.0.1/36859] INFO  server.RaftServerConfigKeys (ConfUtils.java:logGet(44)) - raft.server.log.appender.buffer.byte-limit = 33554432 (custom)
2020-07-01 01:39:54,475 [Listener at 127.0.0.1/36859] INFO  server.GrpcService (ConfUtils.java:logGet(44)) - raft.grpc.flow.control.window = 5MB (=5242880) (custom)
2020-07-01 01:39:54,476 [Listener at 127.0.0.1/36859] INFO  server.RaftServerConfigKeys (ConfUtils.java:logGet(44)) - raft.server.rpc.request.timeout = 3s (default)
2020-07-01 01:39:54,670 [Listener at 127.0.0.1/36859] INFO  server.RaftServerConfigKeys (ConfUtils.java:logGet(44)) - raft.server.storage.dir = [/github/workspace/mnt/ozone/hadoop-ozone/integration-test/target/test-dir/MiniOzoneClusterImpl-1f0cff23-21f0-432d-9716-db38e1d74a84/datanode-0/data/ratis] (custom)
2020-07-01 01:39:54,734 [Listener at 127.0.0.1/36859] INFO  http.BaseHttpServer (BaseHttpServer.java:newHttpServer2BuilderForOzone(207)) - Starting Web-server for hddsDatanode at: http://0.0.0.0:0
2020-07-01 01:39:54,735 [Listener at 127.0.0.1/36859] INFO  http.BaseHttpServer (BaseHttpServer.java:<init>(106)) - Hadoop Security Enabled: false Ozone Security Enabled: false Ozone HTTP Security Enabled: false 
2020-07-01 01:39:54,736 [Listener at 127.0.0.1/36859] INFO  server.AuthenticationFilter (AuthenticationFilter.java:constructSecretProvider(240)) - Unable to initialize FileSignerSecretProvider, falling back to use random secrets.
2020-07-01 01:39:54,736 [Listener at 127.0.0.1/36859] WARN  http.HttpRequestLog (HttpRequestLog.java:getRequestLog(103)) - Jetty request log can only be enabled using Log4j
2020-07-01 01:39:54,737 [Listener at 127.0.0.1/36859] INFO  http.HttpServer2 (HttpServer2.java:addGlobalFilter(997)) - Added global filter 'safety' (class=org.apache.hadoop.hdds.server.http.HttpServer2$QuotingInputFilter)
2020-07-01 01:39:54,738 [Listener at 127.0.0.1/36859] INFO  http.HttpServer2 (HttpServer2.java:addFilter(973)) - Added filter static_user_filter (class=org.apache.hadoop.http.lib.StaticUserWebFilter$StaticUserFilter) to context hddsDatanode
2020-07-01 01:39:54,738 [Listener at 127.0.0.1/36859] INFO  http.HttpServer2 (HttpServer2.java:addFilter(981)) - Added filter static_user_filter (class=org.apache.hadoop.http.lib.StaticUserWebFilter$StaticUserFilter) to context static
2020-07-01 01:39:54,738 [Listener at 127.0.0.1/36859] INFO  http.HttpServer2 (HttpServer2.java:addFilter(981)) - Added filter static_user_filter (class=org.apache.hadoop.http.lib.StaticUserWebFilter$StaticUserFilter) to context logs
2020-07-01 01:39:54,739 [Listener at 127.0.0.1/36859] INFO  http.HttpServer2 (HttpServer2.java:bindListener(1215)) - Jetty bound to port 34313
2020-07-01 01:39:54,739 [Listener at 127.0.0.1/36859] INFO  server.Server (Server.java:doStart(359)) - jetty-9.4.26.v20200117; built: 2020-01-17T12:35:33.676Z; git: 7b38981d25d14afb4a12ff1f2596756144edf695; jvm 1.8.0_232-b09
2020-07-01 01:39:54,746 [Listener at 127.0.0.1/36859] INFO  server.session (DefaultSessionIdManager.java:doStart(333)) - DefaultSessionIdManager workerName=node0
2020-07-01 01:39:54,746 [Listener at 127.0.0.1/36859] INFO  server.session (DefaultSessionIdManager.java:doStart(338)) - No SessionScavenger set, using defaults
2020-07-01 01:39:54,747 [Listener at 127.0.0.1/36859] INFO  server.session (HouseKeeper.java:startScavenging(140)) - node0 Scavenging every 600000ms
2020-07-01 01:39:54,747 [Listener at 127.0.0.1/36859] INFO  handler.ContextHandler (ContextHandler.java:doStart(825)) - Started o.e.j.s.ServletContextHandler@5687ba39{logs,/logs,file:///github/workspace/mnt/ozone/hadoop-ozone/integration-test/target/log,AVAILABLE}
2020-07-01 01:39:54,747 [Listener at 127.0.0.1/36859] INFO  handler.ContextHandler (ContextHandler.java:doStart(825)) - Started o.e.j.s.ServletContextHandler@6abbdcde{static,/static,jar:file:/home/user/.m2/repository/org/apache/hadoop/hadoop-hdds-container-service/0.6.0-SNAPSHOT/hadoop-hdds-container-service-0.6.0-SNAPSHOT.jar!/webapps/static,AVAILABLE}
2020-07-01 01:39:54,770 [Listener at 127.0.0.1/36859] INFO  handler.ContextHandler (ContextHandler.java:doStart(825)) - Started o.e.j.w.WebAppContext@b67b359{hddsDatanode,/,file:///tmp/jetty-0_0_0_0-34313-hadoop-hdds-container-service-0_6_0-SNAPSHOT_jar-_-any-3334206561072309169.dir/webapp/,AVAILABLE}{jar:file:/home/user/.m2/repository/org/apache/hadoop/hadoop-hdds-container-service/0.6.0-SNAPSHOT/hadoop-hdds-container-service-0.6.0-SNAPSHOT.jar!/webapps/hddsDatanode}
2020-07-01 01:39:54,771 [Listener at 127.0.0.1/36859] INFO  server.AbstractConnector (AbstractConnector.java:doStart(330)) - Started ServerConnector@58e9e852{HTTP/1.1,[http/1.1]}{0.0.0.0:34313}
2020-07-01 01:39:54,771 [Listener at 127.0.0.1/36859] INFO  server.Server (Server.java:doStart(399)) - Started @4238ms
2020-07-01 01:39:54,771 [Listener at 127.0.0.1/36859] WARN  impl.MetricsSystemImpl (MetricsSystemImpl.java:register(276)) - Sink prometheus already exists!
2020-07-01 01:39:54,774 [Listener at 127.0.0.1/36859] INFO  http.BaseHttpServer (BaseHttpServer.java:updateConnectorAddress(327)) - HTTP server of hddsDatanode listening at http://0.0.0.0:34313
2020-07-01 01:39:54,774 [Listener at 127.0.0.1/36859] INFO  impl.MetricsSystemImpl (MetricsSystemImpl.java:init(158)) - HddsDatanode metrics system started (again)
2020-07-01 01:39:54,776 [Listener at 127.0.0.1/36859] INFO  ozone.HddsDatanodeService (HddsDatanodeService.java:start(197)) - HddsDatanodeService host:51ddc7c4698f ip:172.17.0.2
2020-07-01 01:39:54,777 [Listener at 127.0.0.1/36859] INFO  volume.HddsVolume (HddsVolume.java:<init>(176)) - Creating Volume: /github/workspace/mnt/ozone/hadoop-ozone/integration-test/target/test-dir/MiniOzoneClusterImpl-1f0cff23-21f0-432d-9716-db38e1d74a84/datanode-1/data-0/containers/hdds of storage type : DISK and capacity : 9223372036854775807
2020-07-01 01:39:54,777 [Listener at 127.0.0.1/36859] INFO  volume.MutableVolumeSet (MutableVolumeSet.java:initializeVolumeSet(181)) - Added Volume : /github/workspace/mnt/ozone/hadoop-ozone/integration-test/target/test-dir/MiniOzoneClusterImpl-1f0cff23-21f0-432d-9716-db38e1d74a84/datanode-1/data-0/containers/hdds to VolumeSet
2020-07-01 01:39:54,778 [Listener at 127.0.0.1/36859] INFO  volume.ThrottledAsyncChecker (ThrottledAsyncChecker.java:schedule(141)) - Scheduling a check for /github/workspace/mnt/ozone/hadoop-ozone/integration-test/target/test-dir/MiniOzoneClusterImpl-1f0cff23-21f0-432d-9716-db38e1d74a84/datanode-1/data-0/containers/hdds
2020-07-01 01:39:54,779 [Listener at 127.0.0.1/36859] INFO  volume.HddsVolumeChecker (HddsVolumeChecker.java:checkAllVolumes(200)) - Scheduled health check for volume /github/workspace/mnt/ozone/hadoop-ozone/integration-test/target/test-dir/MiniOzoneClusterImpl-1f0cff23-21f0-432d-9716-db38e1d74a84/datanode-1/data-0/containers/hdds
2020-07-01 01:39:54,799 [org.apache.hadoop.util.JvmPauseMonitor$Monitor@29b8d88e] INFO  util.JvmPauseMonitor (JvmPauseMonitor.java:run(188)) - Starting JVM pause monitor
2020-07-01 01:39:54,825 [Listener at 127.0.0.1/36859] INFO  impl.RaftServerProxy (ConfUtils.java:logGet(44)) - raft.rpc.type = GRPC (default)
2020-07-01 01:39:54,826 [Listener at 127.0.0.1/36859] INFO  grpc.GrpcFactory (GrpcFactory.java:checkPooledByteBufAllocatorUseCacheForAllThreads(45)) - PERFORMANCE WARNING: useCacheForAllThreads is true that may cause Netty to create a lot garbage objects and, as a result, trigger GC.
	It is recommended to disable useCacheForAllThreads by setting -Dorg.apache.ratis.thirdparty.io.netty.allocator.useCacheForAllThreads=false in command line.
2020-07-01 01:39:54,827 [Listener at 127.0.0.1/36859] INFO  grpc.GrpcConfigKeys (ConfUtils.java:logGet(44)) - raft.grpc.server.port = 0 (default)
2020-07-01 01:39:54,827 [Listener at 127.0.0.1/36859] INFO  server.GrpcService (ConfUtils.java:logGet(44)) - raft.grpc.message.size.max = 32MB (=33554432) (custom)
2020-07-01 01:39:54,827 [Listener at 127.0.0.1/36859] INFO  server.RaftServerConfigKeys (ConfUtils.java:logGet(44)) - raft.server.log.appender.buffer.byte-limit = 33554432 (custom)
2020-07-01 01:39:54,827 [Listener at 127.0.0.1/36859] INFO  server.GrpcService (ConfUtils.java:logGet(44)) - raft.grpc.flow.control.window = 5MB (=5242880) (custom)
2020-07-01 01:39:54,828 [Listener at 127.0.0.1/36859] INFO  server.RaftServerConfigKeys (ConfUtils.java:logGet(44)) - raft.server.rpc.request.timeout = 3s (default)
2020-07-01 01:39:54,829 [Listener at 127.0.0.1/36859] INFO  server.RaftServerConfigKeys (ConfUtils.java:logGet(44)) - raft.server.storage.dir = [/github/workspace/mnt/ozone/hadoop-ozone/integration-test/target/test-dir/MiniOzoneClusterImpl-1f0cff23-21f0-432d-9716-db38e1d74a84/datanode-1/data/ratis] (custom)
2020-07-01 01:39:54,843 [Listener at 127.0.0.1/36859] INFO  http.BaseHttpServer (BaseHttpServer.java:newHttpServer2BuilderForOzone(207)) - Starting Web-server for hddsDatanode at: http://0.0.0.0:0
2020-07-01 01:39:54,843 [Listener at 127.0.0.1/36859] INFO  http.BaseHttpServer (BaseHttpServer.java:<init>(106)) - Hadoop Security Enabled: false Ozone Security Enabled: false Ozone HTTP Security Enabled: false 
2020-07-01 01:39:54,845 [Listener at 127.0.0.1/36859] INFO  server.AuthenticationFilter (AuthenticationFilter.java:constructSecretProvider(240)) - Unable to initialize FileSignerSecretProvider, falling back to use random secrets.
2020-07-01 01:39:54,854 [Listener at 127.0.0.1/36859] WARN  http.HttpRequestLog (HttpRequestLog.java:getRequestLog(103)) - Jetty request log can only be enabled using Log4j
2020-07-01 01:39:54,855 [Listener at 127.0.0.1/36859] INFO  http.HttpServer2 (HttpServer2.java:addGlobalFilter(997)) - Added global filter 'safety' (class=org.apache.hadoop.hdds.server.http.HttpServer2$QuotingInputFilter)
2020-07-01 01:39:54,855 [Listener at 127.0.0.1/36859] INFO  http.HttpServer2 (HttpServer2.java:addFilter(973)) - Added filter static_user_filter (class=org.apache.hadoop.http.lib.StaticUserWebFilter$StaticUserFilter) to context hddsDatanode
2020-07-01 01:39:54,856 [Listener at 127.0.0.1/36859] INFO  http.HttpServer2 (HttpServer2.java:addFilter(981)) - Added filter static_user_filter (class=org.apache.hadoop.http.lib.StaticUserWebFilter$StaticUserFilter) to context static
2020-07-01 01:39:54,856 [Listener at 127.0.0.1/36859] INFO  http.HttpServer2 (HttpServer2.java:addFilter(981)) - Added filter static_user_filter (class=org.apache.hadoop.http.lib.StaticUserWebFilter$StaticUserFilter) to context logs
2020-07-01 01:39:54,856 [Listener at 127.0.0.1/36859] INFO  http.HttpServer2 (HttpServer2.java:bindListener(1215)) - Jetty bound to port 35877
2020-07-01 01:39:54,856 [Listener at 127.0.0.1/36859] INFO  server.Server (Server.java:doStart(359)) - jetty-9.4.26.v20200117; built: 2020-01-17T12:35:33.676Z; git: 7b38981d25d14afb4a12ff1f2596756144edf695; jvm 1.8.0_232-b09
2020-07-01 01:39:54,911 [Listener at 127.0.0.1/36859] INFO  server.session (DefaultSessionIdManager.java:doStart(333)) - DefaultSessionIdManager workerName=node0
2020-07-01 01:39:54,911 [Listener at 127.0.0.1/36859] INFO  server.session (DefaultSessionIdManager.java:doStart(338)) - No SessionScavenger set, using defaults
2020-07-01 01:39:54,912 [Listener at 127.0.0.1/36859] INFO  server.session (HouseKeeper.java:startScavenging(140)) - node0 Scavenging every 660000ms
2020-07-01 01:39:54,913 [Datanode State Machine Thread - 0] INFO  datanode.InitDatanodeState (InitDatanodeState.java:persistContainerDatanodeDetails(145)) - DatanodeDetails is persisted to /github/workspace/mnt/ozone/hadoop-ozone/integration-test/target/test-dir/MiniOzoneClusterImpl-1f0cff23-21f0-432d-9716-db38e1d74a84/datanode-0/meta/datanode.id
2020-07-01 01:39:54,913 [Listener at 127.0.0.1/36859] INFO  handler.ContextHandler (ContextHandler.java:doStart(825)) - Started o.e.j.s.ServletContextHandler@16a89351{logs,/logs,file:///github/workspace/mnt/ozone/hadoop-ozone/integration-test/target/log,AVAILABLE}
2020-07-01 01:39:54,914 [Listener at 127.0.0.1/36859] INFO  handler.ContextHandler (ContextHandler.java:doStart(825)) - Started o.e.j.s.ServletContextHandler@53b60595{static,/static,jar:file:/home/user/.m2/repository/org/apache/hadoop/hadoop-hdds-container-service/0.6.0-SNAPSHOT/hadoop-hdds-container-service-0.6.0-SNAPSHOT.jar!/webapps/static,AVAILABLE}
2020-07-01 01:39:54,931 [Listener at 127.0.0.1/36859] INFO  handler.ContextHandler (ContextHandler.java:doStart(825)) - Started o.e.j.w.WebAppContext@1d4b0a07{hddsDatanode,/,file:///tmp/jetty-0_0_0_0-35877-hadoop-hdds-container-service-0_6_0-SNAPSHOT_jar-_-any-8780985976049009181.dir/webapp/,AVAILABLE}{jar:file:/home/user/.m2/repository/org/apache/hadoop/hadoop-hdds-container-service/0.6.0-SNAPSHOT/hadoop-hdds-container-service-0.6.0-SNAPSHOT.jar!/webapps/hddsDatanode}
2020-07-01 01:39:54,933 [Listener at 127.0.0.1/36859] INFO  server.AbstractConnector (AbstractConnector.java:doStart(330)) - Started ServerConnector@36d7e8d2{HTTP/1.1,[http/1.1]}{0.0.0.0:35877}
2020-07-01 01:39:54,933 [Listener at 127.0.0.1/36859] INFO  server.Server (Server.java:doStart(399)) - Started @4400ms
2020-07-01 01:39:54,933 [Listener at 127.0.0.1/36859] WARN  impl.MetricsSystemImpl (MetricsSystemImpl.java:register(276)) - Sink prometheus already exists!
2020-07-01 01:39:54,936 [Listener at 127.0.0.1/36859] INFO  http.BaseHttpServer (BaseHttpServer.java:updateConnectorAddress(327)) - HTTP server of hddsDatanode listening at http://0.0.0.0:35877
2020-07-01 01:39:54,937 [Listener at 127.0.0.1/36859] INFO  impl.MetricsSystemImpl (MetricsSystemImpl.java:init(158)) - HddsDatanode metrics system started (again)
2020-07-01 01:39:54,938 [Listener at 127.0.0.1/36859] INFO  ozone.HddsDatanodeService (HddsDatanodeService.java:start(197)) - HddsDatanodeService host:51ddc7c4698f ip:172.17.0.2
2020-07-01 01:39:54,940 [Listener at 127.0.0.1/36859] INFO  volume.HddsVolume (HddsVolume.java:<init>(176)) - Creating Volume: /github/workspace/mnt/ozone/hadoop-ozone/integration-test/target/test-dir/MiniOzoneClusterImpl-1f0cff23-21f0-432d-9716-db38e1d74a84/datanode-2/data-0/containers/hdds of storage type : DISK and capacity : 9223372036854775807
2020-07-01 01:39:54,940 [Listener at 127.0.0.1/36859] INFO  volume.MutableVolumeSet (MutableVolumeSet.java:initializeVolumeSet(181)) - Added Volume : /github/workspace/mnt/ozone/hadoop-ozone/integration-test/target/test-dir/MiniOzoneClusterImpl-1f0cff23-21f0-432d-9716-db38e1d74a84/datanode-2/data-0/containers/hdds to VolumeSet
2020-07-01 01:39:54,940 [Listener at 127.0.0.1/36859] INFO  volume.ThrottledAsyncChecker (ThrottledAsyncChecker.java:schedule(141)) - Scheduling a check for /github/workspace/mnt/ozone/hadoop-ozone/integration-test/target/test-dir/MiniOzoneClusterImpl-1f0cff23-21f0-432d-9716-db38e1d74a84/datanode-2/data-0/containers/hdds
2020-07-01 01:39:54,943 [Listener at 127.0.0.1/36859] INFO  volume.HddsVolumeChecker (HddsVolumeChecker.java:checkAllVolumes(200)) - Scheduled health check for volume /github/workspace/mnt/ozone/hadoop-ozone/integration-test/target/test-dir/MiniOzoneClusterImpl-1f0cff23-21f0-432d-9716-db38e1d74a84/datanode-2/data-0/containers/hdds
2020-07-01 01:39:54,970 [org.apache.hadoop.util.JvmPauseMonitor$Monitor@15a5d4d5] INFO  util.JvmPauseMonitor (JvmPauseMonitor.java:run(188)) - Starting JVM pause monitor
2020-07-01 01:39:54,973 [Listener at 127.0.0.1/36859] INFO  impl.RaftServerProxy (ConfUtils.java:logGet(44)) - raft.rpc.type = GRPC (default)
2020-07-01 01:39:54,974 [Listener at 127.0.0.1/36859] INFO  grpc.GrpcFactory (GrpcFactory.java:checkPooledByteBufAllocatorUseCacheForAllThreads(45)) - PERFORMANCE WARNING: useCacheForAllThreads is true that may cause Netty to create a lot garbage objects and, as a result, trigger GC.
	It is recommended to disable useCacheForAllThreads by setting -Dorg.apache.ratis.thirdparty.io.netty.allocator.useCacheForAllThreads=false in command line.
2020-07-01 01:39:54,974 [Listener at 127.0.0.1/36859] INFO  grpc.GrpcConfigKeys (ConfUtils.java:logGet(44)) - raft.grpc.server.port = 0 (default)
2020-07-01 01:39:54,975 [Listener at 127.0.0.1/36859] INFO  server.GrpcService (ConfUtils.java:logGet(44)) - raft.grpc.message.size.max = 32MB (=33554432) (custom)
2020-07-01 01:39:54,975 [Listener at 127.0.0.1/36859] INFO  server.RaftServerConfigKeys (ConfUtils.java:logGet(44)) - raft.server.log.appender.buffer.byte-limit = 33554432 (custom)
2020-07-01 01:39:54,975 [Listener at 127.0.0.1/36859] INFO  server.GrpcService (ConfUtils.java:logGet(44)) - raft.grpc.flow.control.window = 5MB (=5242880) (custom)
2020-07-01 01:39:54,975 [Listener at 127.0.0.1/36859] INFO  server.RaftServerConfigKeys (ConfUtils.java:logGet(44)) - raft.server.rpc.request.timeout = 3s (default)
2020-07-01 01:39:54,976 [Listener at 127.0.0.1/36859] INFO  server.RaftServerConfigKeys (ConfUtils.java:logGet(44)) - raft.server.storage.dir = [/github/workspace/mnt/ozone/hadoop-ozone/integration-test/target/test-dir/MiniOzoneClusterImpl-1f0cff23-21f0-432d-9716-db38e1d74a84/datanode-2/data/ratis] (custom)
2020-07-01 01:39:54,984 [Listener at 127.0.0.1/36859] INFO  http.BaseHttpServer (BaseHttpServer.java:newHttpServer2BuilderForOzone(207)) - Starting Web-server for hddsDatanode at: http://0.0.0.0:0
2020-07-01 01:39:54,985 [Listener at 127.0.0.1/36859] INFO  http.BaseHttpServer (BaseHttpServer.java:<init>(106)) - Hadoop Security Enabled: false Ozone Security Enabled: false Ozone HTTP Security Enabled: false 
2020-07-01 01:39:54,986 [Listener at 127.0.0.1/36859] INFO  server.AuthenticationFilter (AuthenticationFilter.java:constructSecretProvider(240)) - Unable to initialize FileSignerSecretProvider, falling back to use random secrets.
2020-07-01 01:39:54,988 [Datanode State Machine Thread - 0] INFO  datanode.InitDatanodeState (InitDatanodeState.java:persistContainerDatanodeDetails(145)) - DatanodeDetails is persisted to /github/workspace/mnt/ozone/hadoop-ozone/integration-test/target/test-dir/MiniOzoneClusterImpl-1f0cff23-21f0-432d-9716-db38e1d74a84/datanode-1/meta/datanode.id
2020-07-01 01:39:54,991 [Listener at 127.0.0.1/36859] WARN  http.HttpRequestLog (HttpRequestLog.java:getRequestLog(103)) - Jetty request log can only be enabled using Log4j
2020-07-01 01:39:54,992 [Listener at 127.0.0.1/36859] INFO  http.HttpServer2 (HttpServer2.java:addGlobalFilter(997)) - Added global filter 'safety' (class=org.apache.hadoop.hdds.server.http.HttpServer2$QuotingInputFilter)
2020-07-01 01:39:54,993 [Listener at 127.0.0.1/36859] INFO  http.HttpServer2 (HttpServer2.java:addFilter(973)) - Added filter static_user_filter (class=org.apache.hadoop.http.lib.StaticUserWebFilter$StaticUserFilter) to context hddsDatanode
2020-07-01 01:39:54,994 [Listener at 127.0.0.1/36859] INFO  http.HttpServer2 (HttpServer2.java:addFilter(981)) - Added filter static_user_filter (class=org.apache.hadoop.http.lib.StaticUserWebFilter$StaticUserFilter) to context static
2020-07-01 01:39:54,994 [Listener at 127.0.0.1/36859] INFO  http.HttpServer2 (HttpServer2.java:addFilter(981)) - Added filter static_user_filter (class=org.apache.hadoop.http.lib.StaticUserWebFilter$StaticUserFilter) to context logs
2020-07-01 01:39:54,994 [Listener at 127.0.0.1/36859] INFO  http.HttpServer2 (HttpServer2.java:bindListener(1215)) - Jetty bound to port 35771
2020-07-01 01:39:54,995 [Listener at 127.0.0.1/36859] INFO  server.Server (Server.java:doStart(359)) - jetty-9.4.26.v20200117; built: 2020-01-17T12:35:33.676Z; git: 7b38981d25d14afb4a12ff1f2596756144edf695; jvm 1.8.0_232-b09
2020-07-01 01:39:54,998 [Listener at 127.0.0.1/36859] INFO  server.session (DefaultSessionIdManager.java:doStart(333)) - DefaultSessionIdManager workerName=node0
2020-07-01 01:39:54,998 [Listener at 127.0.0.1/36859] INFO  server.session (DefaultSessionIdManager.java:doStart(338)) - No SessionScavenger set, using defaults
2020-07-01 01:39:54,998 [Listener at 127.0.0.1/36859] INFO  server.session (HouseKeeper.java:startScavenging(140)) - node0 Scavenging every 660000ms
2020-07-01 01:39:55,000 [Listener at 127.0.0.1/36859] INFO  handler.ContextHandler (ContextHandler.java:doStart(825)) - Started o.e.j.s.ServletContextHandler@3fe7c87c{logs,/logs,file:///github/workspace/mnt/ozone/hadoop-ozone/integration-test/target/log,AVAILABLE}
2020-07-01 01:39:55,000 [Listener at 127.0.0.1/36859] INFO  handler.ContextHandler (ContextHandler.java:doStart(825)) - Started o.e.j.s.ServletContextHandler@5bbb351e{static,/static,jar:file:/home/user/.m2/repository/org/apache/hadoop/hadoop-hdds-container-service/0.6.0-SNAPSHOT/hadoop-hdds-container-service-0.6.0-SNAPSHOT.jar!/webapps/static,AVAILABLE}
2020-07-01 01:39:55,020 [Listener at 127.0.0.1/36859] INFO  handler.ContextHandler (ContextHandler.java:doStart(825)) - Started o.e.j.w.WebAppContext@78762e87{hddsDatanode,/,file:///tmp/jetty-0_0_0_0-35771-hadoop-hdds-container-service-0_6_0-SNAPSHOT_jar-_-any-8476775889396593592.dir/webapp/,AVAILABLE}{jar:file:/home/user/.m2/repository/org/apache/hadoop/hadoop-hdds-container-service/0.6.0-SNAPSHOT/hadoop-hdds-container-service-0.6.0-SNAPSHOT.jar!/webapps/hddsDatanode}
2020-07-01 01:39:55,022 [Listener at 127.0.0.1/36859] INFO  server.AbstractConnector (AbstractConnector.java:doStart(330)) - Started ServerConnector@7672dd7a{HTTP/1.1,[http/1.1]}{0.0.0.0:35771}
2020-07-01 01:39:55,022 [Listener at 127.0.0.1/36859] INFO  server.Server (Server.java:doStart(399)) - Started @4489ms
2020-07-01 01:39:55,022 [Listener at 127.0.0.1/36859] WARN  impl.MetricsSystemImpl (MetricsSystemImpl.java:register(276)) - Sink prometheus already exists!
2020-07-01 01:39:55,025 [Listener at 127.0.0.1/36859] INFO  http.BaseHttpServer (BaseHttpServer.java:updateConnectorAddress(327)) - HTTP server of hddsDatanode listening at http://0.0.0.0:35771
2020-07-01 01:39:55,025 [Listener at 127.0.0.1/36859] INFO  impl.MetricsSystemImpl (MetricsSystemImpl.java:init(158)) - HddsDatanode metrics system started (again)
2020-07-01 01:39:55,027 [Listener at 127.0.0.1/36859] INFO  ozone.HddsDatanodeService (HddsDatanodeService.java:start(197)) - HddsDatanodeService host:51ddc7c4698f ip:172.17.0.2
2020-07-01 01:39:55,028 [Listener at 127.0.0.1/36859] INFO  volume.HddsVolume (HddsVolume.java:<init>(176)) - Creating Volume: /github/workspace/mnt/ozone/hadoop-ozone/integration-test/target/test-dir/MiniOzoneClusterImpl-1f0cff23-21f0-432d-9716-db38e1d74a84/datanode-3/data-0/containers/hdds of storage type : DISK and capacity : 9223372036854775807
2020-07-01 01:39:55,028 [Listener at 127.0.0.1/36859] INFO  volume.MutableVolumeSet (MutableVolumeSet.java:initializeVolumeSet(181)) - Added Volume : /github/workspace/mnt/ozone/hadoop-ozone/integration-test/target/test-dir/MiniOzoneClusterImpl-1f0cff23-21f0-432d-9716-db38e1d74a84/datanode-3/data-0/containers/hdds to VolumeSet
2020-07-01 01:39:55,028 [Listener at 127.0.0.1/36859] INFO  volume.ThrottledAsyncChecker (ThrottledAsyncChecker.java:schedule(141)) - Scheduling a check for /github/workspace/mnt/ozone/hadoop-ozone/integration-test/target/test-dir/MiniOzoneClusterImpl-1f0cff23-21f0-432d-9716-db38e1d74a84/datanode-3/data-0/containers/hdds
2020-07-01 01:39:55,030 [Listener at 127.0.0.1/36859] INFO  volume.HddsVolumeChecker (HddsVolumeChecker.java:checkAllVolumes(200)) - Scheduled health check for volume /github/workspace/mnt/ozone/hadoop-ozone/integration-test/target/test-dir/MiniOzoneClusterImpl-1f0cff23-21f0-432d-9716-db38e1d74a84/datanode-3/data-0/containers/hdds
2020-07-01 01:39:55,054 [org.apache.hadoop.util.JvmPauseMonitor$Monitor@3799ca73] INFO  util.JvmPauseMonitor (JvmPauseMonitor.java:run(188)) - Starting JVM pause monitor
2020-07-01 01:39:55,064 [Datanode State Machine Thread - 0] INFO  datanode.InitDatanodeState (InitDatanodeState.java:persistContainerDatanodeDetails(145)) - DatanodeDetails is persisted to /github/workspace/mnt/ozone/hadoop-ozone/integration-test/target/test-dir/MiniOzoneClusterImpl-1f0cff23-21f0-432d-9716-db38e1d74a84/datanode-2/meta/datanode.id
2020-07-01 01:39:55,067 [Listener at 127.0.0.1/36859] INFO  impl.RaftServerProxy (ConfUtils.java:logGet(44)) - raft.rpc.type = GRPC (default)
2020-07-01 01:39:55,068 [Listener at 127.0.0.1/36859] INFO  grpc.GrpcFactory (GrpcFactory.java:checkPooledByteBufAllocatorUseCacheForAllThreads(45)) - PERFORMANCE WARNING: useCacheForAllThreads is true that may cause Netty to create a lot garbage objects and, as a result, trigger GC.
	It is recommended to disable useCacheForAllThreads by setting -Dorg.apache.ratis.thirdparty.io.netty.allocator.useCacheForAllThreads=false in command line.
2020-07-01 01:39:55,068 [Listener at 127.0.0.1/36859] INFO  grpc.GrpcConfigKeys (ConfUtils.java:logGet(44)) - raft.grpc.server.port = 0 (default)
2020-07-01 01:39:55,068 [Listener at 127.0.0.1/36859] INFO  server.GrpcService (ConfUtils.java:logGet(44)) - raft.grpc.message.size.max = 32MB (=33554432) (custom)
2020-07-01 01:39:55,068 [Listener at 127.0.0.1/36859] INFO  server.RaftServerConfigKeys (ConfUtils.java:logGet(44)) - raft.server.log.appender.buffer.byte-limit = 33554432 (custom)
2020-07-01 01:39:55,068 [Listener at 127.0.0.1/36859] INFO  server.GrpcService (ConfUtils.java:logGet(44)) - raft.grpc.flow.control.window = 5MB (=5242880) (custom)
2020-07-01 01:39:55,068 [Listener at 127.0.0.1/36859] INFO  server.RaftServerConfigKeys (ConfUtils.java:logGet(44)) - raft.server.rpc.request.timeout = 3s (default)
2020-07-01 01:39:55,069 [Listener at 127.0.0.1/36859] INFO  server.RaftServerConfigKeys (ConfUtils.java:logGet(44)) - raft.server.storage.dir = [/github/workspace/mnt/ozone/hadoop-ozone/integration-test/target/test-dir/MiniOzoneClusterImpl-1f0cff23-21f0-432d-9716-db38e1d74a84/datanode-3/data/ratis] (custom)
2020-07-01 01:39:55,073 [Listener at 127.0.0.1/36859] INFO  http.BaseHttpServer (BaseHttpServer.java:newHttpServer2BuilderForOzone(207)) - Starting Web-server for hddsDatanode at: http://0.0.0.0:0
2020-07-01 01:39:55,073 [Listener at 127.0.0.1/36859] INFO  http.BaseHttpServer (BaseHttpServer.java:<init>(106)) - Hadoop Security Enabled: false Ozone Security Enabled: false Ozone HTTP Security Enabled: false 
2020-07-01 01:39:55,075 [Listener at 127.0.0.1/36859] INFO  server.AuthenticationFilter (AuthenticationFilter.java:constructSecretProvider(240)) - Unable to initialize FileSignerSecretProvider, falling back to use random secrets.
2020-07-01 01:39:55,075 [Listener at 127.0.0.1/36859] WARN  http.HttpRequestLog (HttpRequestLog.java:getRequestLog(103)) - Jetty request log can only be enabled using Log4j
2020-07-01 01:39:55,076 [Listener at 127.0.0.1/36859] INFO  http.HttpServer2 (HttpServer2.java:addGlobalFilter(997)) - Added global filter 'safety' (class=org.apache.hadoop.hdds.server.http.HttpServer2$QuotingInputFilter)
2020-07-01 01:39:55,077 [Listener at 127.0.0.1/36859] INFO  http.HttpServer2 (HttpServer2.java:addFilter(973)) - Added filter static_user_filter (class=org.apache.hadoop.http.lib.StaticUserWebFilter$StaticUserFilter) to context hddsDatanode
2020-07-01 01:39:55,077 [Listener at 127.0.0.1/36859] INFO  http.HttpServer2 (HttpServer2.java:addFilter(981)) - Added filter static_user_filter (class=org.apache.hadoop.http.lib.StaticUserWebFilter$StaticUserFilter) to context logs
2020-07-01 01:39:55,077 [Listener at 127.0.0.1/36859] INFO  http.HttpServer2 (HttpServer2.java:addFilter(981)) - Added filter static_user_filter (class=org.apache.hadoop.http.lib.StaticUserWebFilter$StaticUserFilter) to context static
2020-07-01 01:39:55,077 [Listener at 127.0.0.1/36859] INFO  http.HttpServer2 (HttpServer2.java:bindListener(1215)) - Jetty bound to port 44649
2020-07-01 01:39:55,078 [Listener at 127.0.0.1/36859] INFO  server.Server (Server.java:doStart(359)) - jetty-9.4.26.v20200117; built: 2020-01-17T12:35:33.676Z; git: 7b38981d25d14afb4a12ff1f2596756144edf695; jvm 1.8.0_232-b09
2020-07-01 01:39:55,080 [Listener at 127.0.0.1/36859] INFO  server.session (DefaultSessionIdManager.java:doStart(333)) - DefaultSessionIdManager workerName=node0
2020-07-01 01:39:55,080 [Listener at 127.0.0.1/36859] INFO  server.session (DefaultSessionIdManager.java:doStart(338)) - No SessionScavenger set, using defaults
2020-07-01 01:39:55,080 [Listener at 127.0.0.1/36859] INFO  server.session (HouseKeeper.java:startScavenging(140)) - node0 Scavenging every 660000ms
2020-07-01 01:39:55,081 [Listener at 127.0.0.1/36859] INFO  handler.ContextHandler (ContextHandler.java:doStart(825)) - Started o.e.j.s.ServletContextHandler@6ff05f85{logs,/logs,file:///github/workspace/mnt/ozone/hadoop-ozone/integration-test/target/log,AVAILABLE}
2020-07-01 01:39:55,081 [Listener at 127.0.0.1/36859] INFO  handler.ContextHandler (ContextHandler.java:doStart(825)) - Started o.e.j.s.ServletContextHandler@71979130{static,/static,jar:file:/home/user/.m2/repository/org/apache/hadoop/hadoop-hdds-container-service/0.6.0-SNAPSHOT/hadoop-hdds-container-service-0.6.0-SNAPSHOT.jar!/webapps/static,AVAILABLE}
2020-07-01 01:39:55,095 [Listener at 127.0.0.1/36859] INFO  handler.ContextHandler (ContextHandler.java:doStart(825)) - Started o.e.j.w.WebAppContext@32cda33c{hddsDatanode,/,file:///tmp/jetty-0_0_0_0-44649-hadoop-hdds-container-service-0_6_0-SNAPSHOT_jar-_-any-2148726554230576373.dir/webapp/,AVAILABLE}{jar:file:/home/user/.m2/repository/org/apache/hadoop/hadoop-hdds-container-service/0.6.0-SNAPSHOT/hadoop-hdds-container-service-0.6.0-SNAPSHOT.jar!/webapps/hddsDatanode}
2020-07-01 01:39:55,097 [Listener at 127.0.0.1/36859] INFO  server.AbstractConnector (AbstractConnector.java:doStart(330)) - Started ServerConnector@1142843c{HTTP/1.1,[http/1.1]}{0.0.0.0:44649}
2020-07-01 01:39:55,103 [Listener at 127.0.0.1/36859] INFO  server.Server (Server.java:doStart(399)) - Started @4570ms
2020-07-01 01:39:55,103 [Listener at 127.0.0.1/36859] WARN  impl.MetricsSystemImpl (MetricsSystemImpl.java:register(276)) - Sink prometheus already exists!
2020-07-01 01:39:55,107 [Listener at 127.0.0.1/36859] INFO  http.BaseHttpServer (BaseHttpServer.java:updateConnectorAddress(327)) - HTTP server of hddsDatanode listening at http://0.0.0.0:44649
2020-07-01 01:39:55,109 [Listener at 127.0.0.1/36859] INFO  impl.MetricsSystemImpl (MetricsSystemImpl.java:init(158)) - HddsDatanode metrics system started (again)
2020-07-01 01:39:55,111 [Listener at 127.0.0.1/36859] INFO  ozone.HddsDatanodeService (HddsDatanodeService.java:start(197)) - HddsDatanodeService host:51ddc7c4698f ip:172.17.0.2
2020-07-01 01:39:55,112 [Listener at 127.0.0.1/36859] INFO  volume.HddsVolume (HddsVolume.java:<init>(176)) - Creating Volume: /github/workspace/mnt/ozone/hadoop-ozone/integration-test/target/test-dir/MiniOzoneClusterImpl-1f0cff23-21f0-432d-9716-db38e1d74a84/datanode-4/data-0/containers/hdds of storage type : DISK and capacity : 9223372036854775807
2020-07-01 01:39:55,112 [Listener at 127.0.0.1/36859] INFO  volume.MutableVolumeSet (MutableVolumeSet.java:initializeVolumeSet(181)) - Added Volume : /github/workspace/mnt/ozone/hadoop-ozone/integration-test/target/test-dir/MiniOzoneClusterImpl-1f0cff23-21f0-432d-9716-db38e1d74a84/datanode-4/data-0/containers/hdds to VolumeSet
2020-07-01 01:39:55,113 [Listener at 127.0.0.1/36859] INFO  volume.ThrottledAsyncChecker (ThrottledAsyncChecker.java:schedule(141)) - Scheduling a check for /github/workspace/mnt/ozone/hadoop-ozone/integration-test/target/test-dir/MiniOzoneClusterImpl-1f0cff23-21f0-432d-9716-db38e1d74a84/datanode-4/data-0/containers/hdds
2020-07-01 01:39:55,113 [Listener at 127.0.0.1/36859] INFO  volume.HddsVolumeChecker (HddsVolumeChecker.java:checkAllVolumes(200)) - Scheduled health check for volume /github/workspace/mnt/ozone/hadoop-ozone/integration-test/target/test-dir/MiniOzoneClusterImpl-1f0cff23-21f0-432d-9716-db38e1d74a84/datanode-4/data-0/containers/hdds
2020-07-01 01:39:55,126 [org.apache.hadoop.util.JvmPauseMonitor$Monitor@121265d0] INFO  util.JvmPauseMonitor (JvmPauseMonitor.java:run(188)) - Starting JVM pause monitor
2020-07-01 01:39:55,141 [Datanode State Machine Thread - 0] INFO  datanode.InitDatanodeState (InitDatanodeState.java:persistContainerDatanodeDetails(145)) - DatanodeDetails is persisted to /github/workspace/mnt/ozone/hadoop-ozone/integration-test/target/test-dir/MiniOzoneClusterImpl-1f0cff23-21f0-432d-9716-db38e1d74a84/datanode-3/meta/datanode.id
2020-07-01 01:39:55,144 [Listener at 127.0.0.1/36859] INFO  impl.RaftServerProxy (ConfUtils.java:logGet(44)) - raft.rpc.type = GRPC (default)
2020-07-01 01:39:55,144 [Listener at 127.0.0.1/36859] INFO  grpc.GrpcFactory (GrpcFactory.java:checkPooledByteBufAllocatorUseCacheForAllThreads(45)) - PERFORMANCE WARNING: useCacheForAllThreads is true that may cause Netty to create a lot garbage objects and, as a result, trigger GC.
	It is recommended to disable useCacheForAllThreads by setting -Dorg.apache.ratis.thirdparty.io.netty.allocator.useCacheForAllThreads=false in command line.
2020-07-01 01:39:55,144 [Listener at 127.0.0.1/36859] INFO  grpc.GrpcConfigKeys (ConfUtils.java:logGet(44)) - raft.grpc.server.port = 0 (default)
2020-07-01 01:39:55,144 [Listener at 127.0.0.1/36859] INFO  server.GrpcService (ConfUtils.java:logGet(44)) - raft.grpc.message.size.max = 32MB (=33554432) (custom)
2020-07-01 01:39:55,144 [Listener at 127.0.0.1/36859] INFO  server.RaftServerConfigKeys (ConfUtils.java:logGet(44)) - raft.server.log.appender.buffer.byte-limit = 33554432 (custom)
2020-07-01 01:39:55,144 [Listener at 127.0.0.1/36859] INFO  server.GrpcService (ConfUtils.java:logGet(44)) - raft.grpc.flow.control.window = 5MB (=5242880) (custom)
2020-07-01 01:39:55,145 [Listener at 127.0.0.1/36859] INFO  server.RaftServerConfigKeys (ConfUtils.java:logGet(44)) - raft.server.rpc.request.timeout = 3s (default)
2020-07-01 01:39:55,146 [Listener at 127.0.0.1/36859] INFO  server.RaftServerConfigKeys (ConfUtils.java:logGet(44)) - raft.server.storage.dir = [/github/workspace/mnt/ozone/hadoop-ozone/integration-test/target/test-dir/MiniOzoneClusterImpl-1f0cff23-21f0-432d-9716-db38e1d74a84/datanode-4/data/ratis] (custom)
2020-07-01 01:39:55,150 [Listener at 127.0.0.1/36859] INFO  http.BaseHttpServer (BaseHttpServer.java:newHttpServer2BuilderForOzone(207)) - Starting Web-server for hddsDatanode at: http://0.0.0.0:0
2020-07-01 01:39:55,150 [Listener at 127.0.0.1/36859] INFO  http.BaseHttpServer (BaseHttpServer.java:<init>(106)) - Hadoop Security Enabled: false Ozone Security Enabled: false Ozone HTTP Security Enabled: false 
2020-07-01 01:39:55,152 [Listener at 127.0.0.1/36859] INFO  server.AuthenticationFilter (AuthenticationFilter.java:constructSecretProvider(240)) - Unable to initialize FileSignerSecretProvider, falling back to use random secrets.
2020-07-01 01:39:55,153 [Listener at 127.0.0.1/36859] WARN  http.HttpRequestLog (HttpRequestLog.java:getRequestLog(103)) - Jetty request log can only be enabled using Log4j
2020-07-01 01:39:55,153 [Listener at 127.0.0.1/36859] INFO  http.HttpServer2 (HttpServer2.java:addGlobalFilter(997)) - Added global filter 'safety' (class=org.apache.hadoop.hdds.server.http.HttpServer2$QuotingInputFilter)
2020-07-01 01:39:55,154 [Listener at 127.0.0.1/36859] INFO  http.HttpServer2 (HttpServer2.java:addFilter(973)) - Added filter static_user_filter (class=org.apache.hadoop.http.lib.StaticUserWebFilter$StaticUserFilter) to context hddsDatanode
2020-07-01 01:39:55,154 [Listener at 127.0.0.1/36859] INFO  http.HttpServer2 (HttpServer2.java:addFilter(981)) - Added filter static_user_filter (class=org.apache.hadoop.http.lib.StaticUserWebFilter$StaticUserFilter) to context logs
2020-07-01 01:39:55,154 [Listener at 127.0.0.1/36859] INFO  http.HttpServer2 (HttpServer2.java:addFilter(981)) - Added filter static_user_filter (class=org.apache.hadoop.http.lib.StaticUserWebFilter$StaticUserFilter) to context static
2020-07-01 01:39:55,155 [Listener at 127.0.0.1/36859] INFO  http.HttpServer2 (HttpServer2.java:bindListener(1215)) - Jetty bound to port 35115
2020-07-01 01:39:55,155 [Listener at 127.0.0.1/36859] INFO  server.Server (Server.java:doStart(359)) - jetty-9.4.26.v20200117; built: 2020-01-17T12:35:33.676Z; git: 7b38981d25d14afb4a12ff1f2596756144edf695; jvm 1.8.0_232-b09
2020-07-01 01:39:55,157 [Listener at 127.0.0.1/36859] INFO  server.session (DefaultSessionIdManager.java:doStart(333)) - DefaultSessionIdManager workerName=node0
2020-07-01 01:39:55,157 [Listener at 127.0.0.1/36859] INFO  server.session (DefaultSessionIdManager.java:doStart(338)) - No SessionScavenger set, using defaults
2020-07-01 01:39:55,157 [Listener at 127.0.0.1/36859] INFO  server.session (HouseKeeper.java:startScavenging(140)) - node0 Scavenging every 600000ms
2020-07-01 01:39:55,159 [Listener at 127.0.0.1/36859] INFO  handler.ContextHandler (ContextHandler.java:doStart(825)) - Started o.e.j.s.ServletContextHandler@2552cb80{logs,/logs,file:///github/workspace/mnt/ozone/hadoop-ozone/integration-test/target/log,AVAILABLE}
2020-07-01 01:39:55,159 [Listener at 127.0.0.1/36859] INFO  handler.ContextHandler (ContextHandler.java:doStart(825)) - Started o.e.j.s.ServletContextHandler@adb15df{static,/static,jar:file:/home/user/.m2/repository/org/apache/hadoop/hadoop-hdds-container-service/0.6.0-SNAPSHOT/hadoop-hdds-container-service-0.6.0-SNAPSHOT.jar!/webapps/static,AVAILABLE}
2020-07-01 01:39:55,175 [Listener at 127.0.0.1/36859] INFO  handler.ContextHandler (ContextHandler.java:doStart(825)) - Started o.e.j.w.WebAppContext@5f1eff72{hddsDatanode,/,file:///tmp/jetty-0_0_0_0-35115-hadoop-hdds-container-service-0_6_0-SNAPSHOT_jar-_-any-7096319175797064492.dir/webapp/,AVAILABLE}{jar:file:/home/user/.m2/repository/org/apache/hadoop/hadoop-hdds-container-service/0.6.0-SNAPSHOT/hadoop-hdds-container-service-0.6.0-SNAPSHOT.jar!/webapps/hddsDatanode}
2020-07-01 01:39:55,178 [Listener at 127.0.0.1/36859] INFO  server.AbstractConnector (AbstractConnector.java:doStart(330)) - Started ServerConnector@12922d53{HTTP/1.1,[http/1.1]}{0.0.0.0:35115}
2020-07-01 01:39:55,178 [Listener at 127.0.0.1/36859] INFO  server.Server (Server.java:doStart(399)) - Started @4645ms
2020-07-01 01:39:55,178 [Listener at 127.0.0.1/36859] WARN  impl.MetricsSystemImpl (MetricsSystemImpl.java:register(276)) - Sink prometheus already exists!
2020-07-01 01:39:55,180 [Listener at 127.0.0.1/36859] INFO  http.BaseHttpServer (BaseHttpServer.java:updateConnectorAddress(327)) - HTTP server of hddsDatanode listening at http://0.0.0.0:35115
2020-07-01 01:39:55,181 [Listener at 127.0.0.1/36859] INFO  impl.MetricsSystemImpl (MetricsSystemImpl.java:init(158)) - HddsDatanode metrics system started (again)
2020-07-01 01:39:55,182 [Listener at 127.0.0.1/36859] INFO  ozone.HddsDatanodeService (HddsDatanodeService.java:start(197)) - HddsDatanodeService host:51ddc7c4698f ip:172.17.0.2
2020-07-01 01:39:55,183 [Listener at 127.0.0.1/36859] INFO  volume.HddsVolume (HddsVolume.java:<init>(176)) - Creating Volume: /github/workspace/mnt/ozone/hadoop-ozone/integration-test/target/test-dir/MiniOzoneClusterImpl-1f0cff23-21f0-432d-9716-db38e1d74a84/datanode-5/data-0/containers/hdds of storage type : DISK and capacity : 9223372036854775807
2020-07-01 01:39:55,183 [Listener at 127.0.0.1/36859] INFO  volume.MutableVolumeSet (MutableVolumeSet.java:initializeVolumeSet(181)) - Added Volume : /github/workspace/mnt/ozone/hadoop-ozone/integration-test/target/test-dir/MiniOzoneClusterImpl-1f0cff23-21f0-432d-9716-db38e1d74a84/datanode-5/data-0/containers/hdds to VolumeSet
2020-07-01 01:39:55,183 [Listener at 127.0.0.1/36859] INFO  volume.ThrottledAsyncChecker (ThrottledAsyncChecker.java:schedule(141)) - Scheduling a check for /github/workspace/mnt/ozone/hadoop-ozone/integration-test/target/test-dir/MiniOzoneClusterImpl-1f0cff23-21f0-432d-9716-db38e1d74a84/datanode-5/data-0/containers/hdds
2020-07-01 01:39:55,184 [Listener at 127.0.0.1/36859] INFO  volume.HddsVolumeChecker (HddsVolumeChecker.java:checkAllVolumes(200)) - Scheduled health check for volume /github/workspace/mnt/ozone/hadoop-ozone/integration-test/target/test-dir/MiniOzoneClusterImpl-1f0cff23-21f0-432d-9716-db38e1d74a84/datanode-5/data-0/containers/hdds
2020-07-01 01:39:55,210 [org.apache.hadoop.util.JvmPauseMonitor$Monitor@3221770c] INFO  util.JvmPauseMonitor (JvmPauseMonitor.java:run(188)) - Starting JVM pause monitor
2020-07-01 01:39:55,214 [Datanode State Machine Thread - 0] INFO  datanode.InitDatanodeState (InitDatanodeState.java:persistContainerDatanodeDetails(145)) - DatanodeDetails is persisted to /github/workspace/mnt/ozone/hadoop-ozone/integration-test/target/test-dir/MiniOzoneClusterImpl-1f0cff23-21f0-432d-9716-db38e1d74a84/datanode-4/meta/datanode.id
2020-07-01 01:39:55,216 [Listener at 127.0.0.1/36859] INFO  impl.RaftServerProxy (ConfUtils.java:logGet(44)) - raft.rpc.type = GRPC (default)
2020-07-01 01:39:55,217 [Listener at 127.0.0.1/36859] INFO  grpc.GrpcFactory (GrpcFactory.java:checkPooledByteBufAllocatorUseCacheForAllThreads(45)) - PERFORMANCE WARNING: useCacheForAllThreads is true that may cause Netty to create a lot garbage objects and, as a result, trigger GC.
	It is recommended to disable useCacheForAllThreads by setting -Dorg.apache.ratis.thirdparty.io.netty.allocator.useCacheForAllThreads=false in command line.
2020-07-01 01:39:55,217 [Listener at 127.0.0.1/36859] INFO  grpc.GrpcConfigKeys (ConfUtils.java:logGet(44)) - raft.grpc.server.port = 0 (default)
2020-07-01 01:39:55,217 [Listener at 127.0.0.1/36859] INFO  server.GrpcService (ConfUtils.java:logGet(44)) - raft.grpc.message.size.max = 32MB (=33554432) (custom)
2020-07-01 01:39:55,217 [Listener at 127.0.0.1/36859] INFO  server.RaftServerConfigKeys (ConfUtils.java:logGet(44)) - raft.server.log.appender.buffer.byte-limit = 33554432 (custom)
2020-07-01 01:39:55,217 [Listener at 127.0.0.1/36859] INFO  server.GrpcService (ConfUtils.java:logGet(44)) - raft.grpc.flow.control.window = 5MB (=5242880) (custom)
2020-07-01 01:39:55,217 [Listener at 127.0.0.1/36859] INFO  server.RaftServerConfigKeys (ConfUtils.java:logGet(44)) - raft.server.rpc.request.timeout = 3s (default)
2020-07-01 01:39:55,218 [Listener at 127.0.0.1/36859] INFO  server.RaftServerConfigKeys (ConfUtils.java:logGet(44)) - raft.server.storage.dir = [/github/workspace/mnt/ozone/hadoop-ozone/integration-test/target/test-dir/MiniOzoneClusterImpl-1f0cff23-21f0-432d-9716-db38e1d74a84/datanode-5/data/ratis] (custom)
2020-07-01 01:39:55,222 [Listener at 127.0.0.1/36859] INFO  http.BaseHttpServer (BaseHttpServer.java:newHttpServer2BuilderForOzone(207)) - Starting Web-server for hddsDatanode at: http://0.0.0.0:0
2020-07-01 01:39:55,223 [Listener at 127.0.0.1/36859] INFO  http.BaseHttpServer (BaseHttpServer.java:<init>(106)) - Hadoop Security Enabled: false Ozone Security Enabled: false Ozone HTTP Security Enabled: false 
2020-07-01 01:39:55,224 [Listener at 127.0.0.1/36859] INFO  server.AuthenticationFilter (AuthenticationFilter.java:constructSecretProvider(240)) - Unable to initialize FileSignerSecretProvider, falling back to use random secrets.
2020-07-01 01:39:55,224 [Listener at 127.0.0.1/36859] WARN  http.HttpRequestLog (HttpRequestLog.java:getRequestLog(103)) - Jetty request log can only be enabled using Log4j
2020-07-01 01:39:55,225 [Listener at 127.0.0.1/36859] INFO  http.HttpServer2 (HttpServer2.java:addGlobalFilter(997)) - Added global filter 'safety' (class=org.apache.hadoop.hdds.server.http.HttpServer2$QuotingInputFilter)
2020-07-01 01:39:55,226 [Listener at 127.0.0.1/36859] INFO  http.HttpServer2 (HttpServer2.java:addFilter(973)) - Added filter static_user_filter (class=org.apache.hadoop.http.lib.StaticUserWebFilter$StaticUserFilter) to context hddsDatanode
2020-07-01 01:39:55,226 [Listener at 127.0.0.1/36859] INFO  http.HttpServer2 (HttpServer2.java:addFilter(981)) - Added filter static_user_filter (class=org.apache.hadoop.http.lib.StaticUserWebFilter$StaticUserFilter) to context logs
2020-07-01 01:39:55,226 [Listener at 127.0.0.1/36859] INFO  http.HttpServer2 (HttpServer2.java:addFilter(981)) - Added filter static_user_filter (class=org.apache.hadoop.http.lib.StaticUserWebFilter$StaticUserFilter) to context static
2020-07-01 01:39:55,226 [Listener at 127.0.0.1/36859] INFO  http.HttpServer2 (HttpServer2.java:bindListener(1215)) - Jetty bound to port 36401
2020-07-01 01:39:55,227 [Listener at 127.0.0.1/36859] INFO  server.Server (Server.java:doStart(359)) - jetty-9.4.26.v20200117; built: 2020-01-17T12:35:33.676Z; git: 7b38981d25d14afb4a12ff1f2596756144edf695; jvm 1.8.0_232-b09
2020-07-01 01:39:55,239 [Listener at 127.0.0.1/36859] INFO  server.session (DefaultSessionIdManager.java:doStart(333)) - DefaultSessionIdManager workerName=node0
2020-07-01 01:39:55,240 [Listener at 127.0.0.1/36859] INFO  server.session (DefaultSessionIdManager.java:doStart(338)) - No SessionScavenger set, using defaults
2020-07-01 01:39:55,240 [Listener at 127.0.0.1/36859] INFO  server.session (HouseKeeper.java:startScavenging(140)) - node0 Scavenging every 660000ms
2020-07-01 01:39:55,242 [Listener at 127.0.0.1/36859] INFO  handler.ContextHandler (ContextHandler.java:doStart(825)) - Started o.e.j.s.ServletContextHandler@6a0d47e8{logs,/logs,file:///github/workspace/mnt/ozone/hadoop-ozone/integration-test/target/log,AVAILABLE}
2020-07-01 01:39:55,242 [Listener at 127.0.0.1/36859] INFO  handler.ContextHandler (ContextHandler.java:doStart(825)) - Started o.e.j.s.ServletContextHandler@3f69b166{static,/static,jar:file:/home/user/.m2/repository/org/apache/hadoop/hadoop-hdds-container-service/0.6.0-SNAPSHOT/hadoop-hdds-container-service-0.6.0-SNAPSHOT.jar!/webapps/static,AVAILABLE}
2020-07-01 01:39:55,260 [Listener at 127.0.0.1/36859] INFO  handler.ContextHandler (ContextHandler.java:doStart(825)) - Started o.e.j.w.WebAppContext@76ea1cb5{hddsDatanode,/,file:///tmp/jetty-0_0_0_0-36401-hadoop-hdds-container-service-0_6_0-SNAPSHOT_jar-_-any-1606620043757322537.dir/webapp/,AVAILABLE}{jar:file:/home/user/.m2/repository/org/apache/hadoop/hadoop-hdds-container-service/0.6.0-SNAPSHOT/hadoop-hdds-container-service-0.6.0-SNAPSHOT.jar!/webapps/hddsDatanode}
2020-07-01 01:39:55,261 [Listener at 127.0.0.1/36859] INFO  server.AbstractConnector (AbstractConnector.java:doStart(330)) - Started ServerConnector@c509742{HTTP/1.1,[http/1.1]}{0.0.0.0:36401}
2020-07-01 01:39:55,261 [Listener at 127.0.0.1/36859] INFO  server.Server (Server.java:doStart(399)) - Started @4729ms
2020-07-01 01:39:55,262 [Listener at 127.0.0.1/36859] WARN  impl.MetricsSystemImpl (MetricsSystemImpl.java:register(276)) - Sink prometheus already exists!
2020-07-01 01:39:55,264 [Listener at 127.0.0.1/36859] INFO  http.BaseHttpServer (BaseHttpServer.java:updateConnectorAddress(327)) - HTTP server of hddsDatanode listening at http://0.0.0.0:36401
2020-07-01 01:39:55,264 [Listener at 127.0.0.1/36859] INFO  impl.MetricsSystemImpl (MetricsSystemImpl.java:init(158)) - HddsDatanode metrics system started (again)
2020-07-01 01:39:55,266 [Listener at 127.0.0.1/36859] INFO  ozone.HddsDatanodeService (HddsDatanodeService.java:start(197)) - HddsDatanodeService host:51ddc7c4698f ip:172.17.0.2
2020-07-01 01:39:55,267 [Listener at 127.0.0.1/36859] INFO  volume.HddsVolume (HddsVolume.java:<init>(176)) - Creating Volume: /github/workspace/mnt/ozone/hadoop-ozone/integration-test/target/test-dir/MiniOzoneClusterImpl-1f0cff23-21f0-432d-9716-db38e1d74a84/datanode-6/data-0/containers/hdds of storage type : DISK and capacity : 9223372036854775807
2020-07-01 01:39:55,267 [Listener at 127.0.0.1/36859] INFO  volume.MutableVolumeSet (MutableVolumeSet.java:initializeVolumeSet(181)) - Added Volume : /github/workspace/mnt/ozone/hadoop-ozone/integration-test/target/test-dir/MiniOzoneClusterImpl-1f0cff23-21f0-432d-9716-db38e1d74a84/datanode-6/data-0/containers/hdds to VolumeSet
2020-07-01 01:39:55,267 [Listener at 127.0.0.1/36859] INFO  volume.ThrottledAsyncChecker (ThrottledAsyncChecker.java:schedule(141)) - Scheduling a check for /github/workspace/mnt/ozone/hadoop-ozone/integration-test/target/test-dir/MiniOzoneClusterImpl-1f0cff23-21f0-432d-9716-db38e1d74a84/datanode-6/data-0/containers/hdds
2020-07-01 01:39:55,268 [Listener at 127.0.0.1/36859] INFO  volume.HddsVolumeChecker (HddsVolumeChecker.java:checkAllVolumes(200)) - Scheduled health check for volume /github/workspace/mnt/ozone/hadoop-ozone/integration-test/target/test-dir/MiniOzoneClusterImpl-1f0cff23-21f0-432d-9716-db38e1d74a84/datanode-6/data-0/containers/hdds
2020-07-01 01:39:55,294 [org.apache.hadoop.util.JvmPauseMonitor$Monitor@7d937448] INFO  util.JvmPauseMonitor (JvmPauseMonitor.java:run(188)) - Starting JVM pause monitor
2020-07-01 01:39:55,296 [Datanode State Machine Thread - 0] INFO  datanode.InitDatanodeState (InitDatanodeState.java:persistContainerDatanodeDetails(145)) - DatanodeDetails is persisted to /github/workspace/mnt/ozone/hadoop-ozone/integration-test/target/test-dir/MiniOzoneClusterImpl-1f0cff23-21f0-432d-9716-db38e1d74a84/datanode-5/meta/datanode.id
2020-07-01 01:39:55,300 [Listener at 127.0.0.1/36859] INFO  impl.RaftServerProxy (ConfUtils.java:logGet(44)) - raft.rpc.type = GRPC (default)
2020-07-01 01:39:55,302 [Listener at 127.0.0.1/36859] INFO  grpc.GrpcFactory (GrpcFactory.java:checkPooledByteBufAllocatorUseCacheForAllThreads(45)) - PERFORMANCE WARNING: useCacheForAllThreads is true that may cause Netty to create a lot garbage objects and, as a result, trigger GC.
	It is recommended to disable useCacheForAllThreads by setting -Dorg.apache.ratis.thirdparty.io.netty.allocator.useCacheForAllThreads=false in command line.
2020-07-01 01:39:55,302 [Listener at 127.0.0.1/36859] INFO  grpc.GrpcConfigKeys (ConfUtils.java:logGet(44)) - raft.grpc.server.port = 0 (default)
2020-07-01 01:39:55,303 [Listener at 127.0.0.1/36859] INFO  server.GrpcService (ConfUtils.java:logGet(44)) - raft.grpc.message.size.max = 32MB (=33554432) (custom)
2020-07-01 01:39:55,303 [Listener at 127.0.0.1/36859] INFO  server.RaftServerConfigKeys (ConfUtils.java:logGet(44)) - raft.server.log.appender.buffer.byte-limit = 33554432 (custom)
2020-07-01 01:39:55,304 [Listener at 127.0.0.1/36859] INFO  server.GrpcService (ConfUtils.java:logGet(44)) - raft.grpc.flow.control.window = 5MB (=5242880) (custom)
2020-07-01 01:39:55,304 [Listener at 127.0.0.1/36859] INFO  server.RaftServerConfigKeys (ConfUtils.java:logGet(44)) - raft.server.rpc.request.timeout = 3s (default)
2020-07-01 01:39:55,305 [Listener at 127.0.0.1/36859] INFO  server.RaftServerConfigKeys (ConfUtils.java:logGet(44)) - raft.server.storage.dir = [/github/workspace/mnt/ozone/hadoop-ozone/integration-test/target/test-dir/MiniOzoneClusterImpl-1f0cff23-21f0-432d-9716-db38e1d74a84/datanode-6/data/ratis] (custom)
2020-07-01 01:39:55,309 [Listener at 127.0.0.1/36859] INFO  http.BaseHttpServer (BaseHttpServer.java:newHttpServer2BuilderForOzone(207)) - Starting Web-server for hddsDatanode at: http://0.0.0.0:0
2020-07-01 01:39:55,309 [Listener at 127.0.0.1/36859] INFO  http.BaseHttpServer (BaseHttpServer.java:<init>(106)) - Hadoop Security Enabled: false Ozone Security Enabled: false Ozone HTTP Security Enabled: false 
2020-07-01 01:39:55,310 [Listener at 127.0.0.1/36859] INFO  server.AuthenticationFilter (AuthenticationFilter.java:constructSecretProvider(240)) - Unable to initialize FileSignerSecretProvider, falling back to use random secrets.
2020-07-01 01:39:55,310 [Listener at 127.0.0.1/36859] WARN  http.HttpRequestLog (HttpRequestLog.java:getRequestLog(103)) - Jetty request log can only be enabled using Log4j
2020-07-01 01:39:55,312 [Listener at 127.0.0.1/36859] INFO  http.HttpServer2 (HttpServer2.java:addGlobalFilter(997)) - Added global filter 'safety' (class=org.apache.hadoop.hdds.server.http.HttpServer2$QuotingInputFilter)
2020-07-01 01:39:55,313 [Listener at 127.0.0.1/36859] INFO  http.HttpServer2 (HttpServer2.java:addFilter(973)) - Added filter static_user_filter (class=org.apache.hadoop.http.lib.StaticUserWebFilter$StaticUserFilter) to context hddsDatanode
2020-07-01 01:39:55,314 [Listener at 127.0.0.1/36859] INFO  http.HttpServer2 (HttpServer2.java:addFilter(981)) - Added filter static_user_filter (class=org.apache.hadoop.http.lib.StaticUserWebFilter$StaticUserFilter) to context static
2020-07-01 01:39:55,314 [Listener at 127.0.0.1/36859] INFO  http.HttpServer2 (HttpServer2.java:addFilter(981)) - Added filter static_user_filter (class=org.apache.hadoop.http.lib.StaticUserWebFilter$StaticUserFilter) to context logs
2020-07-01 01:39:55,314 [Listener at 127.0.0.1/36859] INFO  http.HttpServer2 (HttpServer2.java:bindListener(1215)) - Jetty bound to port 42229
2020-07-01 01:39:55,314 [Listener at 127.0.0.1/36859] INFO  server.Server (Server.java:doStart(359)) - jetty-9.4.26.v20200117; built: 2020-01-17T12:35:33.676Z; git: 7b38981d25d14afb4a12ff1f2596756144edf695; jvm 1.8.0_232-b09
2020-07-01 01:39:55,319 [Listener at 127.0.0.1/36859] INFO  server.session (DefaultSessionIdManager.java:doStart(333)) - DefaultSessionIdManager workerName=node0
2020-07-01 01:39:55,319 [Listener at 127.0.0.1/36859] INFO  server.session (DefaultSessionIdManager.java:doStart(338)) - No SessionScavenger set, using defaults
2020-07-01 01:39:55,319 [Listener at 127.0.0.1/36859] INFO  server.session (HouseKeeper.java:startScavenging(140)) - node0 Scavenging every 600000ms
2020-07-01 01:39:55,322 [Listener at 127.0.0.1/36859] INFO  handler.ContextHandler (ContextHandler.java:doStart(825)) - Started o.e.j.s.ServletContextHandler@4a4352b4{logs,/logs,file:///github/workspace/mnt/ozone/hadoop-ozone/integration-test/target/log,AVAILABLE}
2020-07-01 01:39:55,323 [Listener at 127.0.0.1/36859] INFO  handler.ContextHandler (ContextHandler.java:doStart(825)) - Started o.e.j.s.ServletContextHandler@d640fe6{static,/static,jar:file:/home/user/.m2/repository/org/apache/hadoop/hadoop-hdds-container-service/0.6.0-SNAPSHOT/hadoop-hdds-container-service-0.6.0-SNAPSHOT.jar!/webapps/static,AVAILABLE}
2020-07-01 01:39:55,340 [Listener at 127.0.0.1/36859] INFO  handler.ContextHandler (ContextHandler.java:doStart(825)) - Started o.e.j.w.WebAppContext@b91e024{hddsDatanode,/,file:///tmp/jetty-0_0_0_0-42229-hadoop-hdds-container-service-0_6_0-SNAPSHOT_jar-_-any-4764730092333552810.dir/webapp/,AVAILABLE}{jar:file:/home/user/.m2/repository/org/apache/hadoop/hadoop-hdds-container-service/0.6.0-SNAPSHOT/hadoop-hdds-container-service-0.6.0-SNAPSHOT.jar!/webapps/hddsDatanode}
2020-07-01 01:39:55,341 [Listener at 127.0.0.1/36859] INFO  server.AbstractConnector (AbstractConnector.java:doStart(330)) - Started ServerConnector@a8964c1{HTTP/1.1,[http/1.1]}{0.0.0.0:42229}
2020-07-01 01:39:55,341 [Listener at 127.0.0.1/36859] INFO  server.Server (Server.java:doStart(399)) - Started @4809ms
2020-07-01 01:39:55,341 [Listener at 127.0.0.1/36859] WARN  impl.MetricsSystemImpl (MetricsSystemImpl.java:register(276)) - Sink prometheus already exists!
2020-07-01 01:39:55,344 [Listener at 127.0.0.1/36859] INFO  http.BaseHttpServer (BaseHttpServer.java:updateConnectorAddress(327)) - HTTP server of hddsDatanode listening at http://0.0.0.0:42229
2020-07-01 01:39:55,344 [Listener at 127.0.0.1/36859] INFO  impl.MetricsSystemImpl (MetricsSystemImpl.java:init(158)) - HddsDatanode metrics system started (again)
2020-07-01 01:39:55,346 [Listener at 127.0.0.1/36859] INFO  ozone.HddsDatanodeService (HddsDatanodeService.java:start(197)) - HddsDatanodeService host:51ddc7c4698f ip:172.17.0.2
2020-07-01 01:39:55,347 [Listener at 127.0.0.1/36859] INFO  volume.HddsVolume (HddsVolume.java:<init>(176)) - Creating Volume: /github/workspace/mnt/ozone/hadoop-ozone/integration-test/target/test-dir/MiniOzoneClusterImpl-1f0cff23-21f0-432d-9716-db38e1d74a84/datanode-7/data-0/containers/hdds of storage type : DISK and capacity : 9223372036854775807
2020-07-01 01:39:55,347 [Listener at 127.0.0.1/36859] INFO  volume.MutableVolumeSet (MutableVolumeSet.java:initializeVolumeSet(181)) - Added Volume : /github/workspace/mnt/ozone/hadoop-ozone/integration-test/target/test-dir/MiniOzoneClusterImpl-1f0cff23-21f0-432d-9716-db38e1d74a84/datanode-7/data-0/containers/hdds to VolumeSet
2020-07-01 01:39:55,347 [Listener at 127.0.0.1/36859] INFO  volume.ThrottledAsyncChecker (ThrottledAsyncChecker.java:schedule(141)) - Scheduling a check for /github/workspace/mnt/ozone/hadoop-ozone/integration-test/target/test-dir/MiniOzoneClusterImpl-1f0cff23-21f0-432d-9716-db38e1d74a84/datanode-7/data-0/containers/hdds
2020-07-01 01:39:55,350 [Listener at 127.0.0.1/36859] INFO  volume.HddsVolumeChecker (HddsVolumeChecker.java:checkAllVolumes(200)) - Scheduled health check for volume /github/workspace/mnt/ozone/hadoop-ozone/integration-test/target/test-dir/MiniOzoneClusterImpl-1f0cff23-21f0-432d-9716-db38e1d74a84/datanode-7/data-0/containers/hdds
2020-07-01 01:39:55,374 [org.apache.hadoop.util.JvmPauseMonitor$Monitor@6a6322de] INFO  util.JvmPauseMonitor (JvmPauseMonitor.java:run(188)) - Starting JVM pause monitor
2020-07-01 01:39:55,379 [Listener at 127.0.0.1/36859] INFO  impl.RaftServerProxy (ConfUtils.java:logGet(44)) - raft.rpc.type = GRPC (default)
2020-07-01 01:39:55,379 [Listener at 127.0.0.1/36859] INFO  grpc.GrpcFactory (GrpcFactory.java:checkPooledByteBufAllocatorUseCacheForAllThreads(45)) - PERFORMANCE WARNING: useCacheForAllThreads is true that may cause Netty to create a lot garbage objects and, as a result, trigger GC.
	It is recommended to disable useCacheForAllThreads by setting -Dorg.apache.ratis.thirdparty.io.netty.allocator.useCacheForAllThreads=false in command line.
2020-07-01 01:39:55,379 [Listener at 127.0.0.1/36859] INFO  grpc.GrpcConfigKeys (ConfUtils.java:logGet(44)) - raft.grpc.server.port = 0 (default)
2020-07-01 01:39:55,379 [Listener at 127.0.0.1/36859] INFO  server.GrpcService (ConfUtils.java:logGet(44)) - raft.grpc.message.size.max = 32MB (=33554432) (custom)
2020-07-01 01:39:55,380 [Listener at 127.0.0.1/36859] INFO  server.RaftServerConfigKeys (ConfUtils.java:logGet(44)) - raft.server.log.appender.buffer.byte-limit = 33554432 (custom)
2020-07-01 01:39:55,380 [Listener at 127.0.0.1/36859] INFO  server.GrpcService (ConfUtils.java:logGet(44)) - raft.grpc.flow.control.window = 5MB (=5242880) (custom)
2020-07-01 01:39:55,380 [Listener at 127.0.0.1/36859] INFO  server.RaftServerConfigKeys (ConfUtils.java:logGet(44)) - raft.server.rpc.request.timeout = 3s (default)
2020-07-01 01:39:55,381 [Listener at 127.0.0.1/36859] INFO  server.RaftServerConfigKeys (ConfUtils.java:logGet(44)) - raft.server.storage.dir = [/github/workspace/mnt/ozone/hadoop-ozone/integration-test/target/test-dir/MiniOzoneClusterImpl-1f0cff23-21f0-432d-9716-db38e1d74a84/datanode-7/data/ratis] (custom)
2020-07-01 01:39:55,384 [Datanode State Machine Thread - 0] INFO  datanode.InitDatanodeState (InitDatanodeState.java:persistContainerDatanodeDetails(145)) - DatanodeDetails is persisted to /github/workspace/mnt/ozone/hadoop-ozone/integration-test/target/test-dir/MiniOzoneClusterImpl-1f0cff23-21f0-432d-9716-db38e1d74a84/datanode-6/meta/datanode.id
2020-07-01 01:39:55,387 [Listener at 127.0.0.1/36859] INFO  http.BaseHttpServer (BaseHttpServer.java:newHttpServer2BuilderForOzone(207)) - Starting Web-server for hddsDatanode at: http://0.0.0.0:0
2020-07-01 01:39:55,387 [Listener at 127.0.0.1/36859] INFO  http.BaseHttpServer (BaseHttpServer.java:<init>(106)) - Hadoop Security Enabled: false Ozone Security Enabled: false Ozone HTTP Security Enabled: false 
2020-07-01 01:39:55,388 [Listener at 127.0.0.1/36859] INFO  server.AuthenticationFilter (AuthenticationFilter.java:constructSecretProvider(240)) - Unable to initialize FileSignerSecretProvider, falling back to use random secrets.
2020-07-01 01:39:55,389 [Listener at 127.0.0.1/36859] WARN  http.HttpRequestLog (HttpRequestLog.java:getRequestLog(103)) - Jetty request log can only be enabled using Log4j
2020-07-01 01:39:55,389 [Listener at 127.0.0.1/36859] INFO  http.HttpServer2 (HttpServer2.java:addGlobalFilter(997)) - Added global filter 'safety' (class=org.apache.hadoop.hdds.server.http.HttpServer2$QuotingInputFilter)
2020-07-01 01:39:55,390 [Listener at 127.0.0.1/36859] INFO  http.HttpServer2 (HttpServer2.java:addFilter(973)) - Added filter static_user_filter (class=org.apache.hadoop.http.lib.StaticUserWebFilter$StaticUserFilter) to context hddsDatanode
2020-07-01 01:39:55,390 [Listener at 127.0.0.1/36859] INFO  http.HttpServer2 (HttpServer2.java:addFilter(981)) - Added filter static_user_filter (class=org.apache.hadoop.http.lib.StaticUserWebFilter$StaticUserFilter) to context static
2020-07-01 01:39:55,390 [Listener at 127.0.0.1/36859] INFO  http.HttpServer2 (HttpServer2.java:addFilter(981)) - Added filter static_user_filter (class=org.apache.hadoop.http.lib.StaticUserWebFilter$StaticUserFilter) to context logs
2020-07-01 01:39:55,391 [Listener at 127.0.0.1/36859] INFO  http.HttpServer2 (HttpServer2.java:bindListener(1215)) - Jetty bound to port 38293
2020-07-01 01:39:55,391 [Listener at 127.0.0.1/36859] INFO  server.Server (Server.java:doStart(359)) - jetty-9.4.26.v20200117; built: 2020-01-17T12:35:33.676Z; git: 7b38981d25d14afb4a12ff1f2596756144edf695; jvm 1.8.0_232-b09
2020-07-01 01:39:55,393 [Listener at 127.0.0.1/36859] INFO  server.session (DefaultSessionIdManager.java:doStart(333)) - DefaultSessionIdManager workerName=node0
2020-07-01 01:39:55,393 [Listener at 127.0.0.1/36859] INFO  server.session (DefaultSessionIdManager.java:doStart(338)) - No SessionScavenger set, using defaults
2020-07-01 01:39:55,393 [Listener at 127.0.0.1/36859] INFO  server.session (HouseKeeper.java:startScavenging(140)) - node0 Scavenging every 600000ms
2020-07-01 01:39:55,394 [Listener at 127.0.0.1/36859] INFO  handler.ContextHandler (ContextHandler.java:doStart(825)) - Started o.e.j.s.ServletContextHandler@5fe19d0e{logs,/logs,file:///github/workspace/mnt/ozone/hadoop-ozone/integration-test/target/log,AVAILABLE}
2020-07-01 01:39:55,394 [Listener at 127.0.0.1/36859] INFO  handler.ContextHandler (ContextHandler.java:doStart(825)) - Started o.e.j.s.ServletContextHandler@2aadeb31{static,/static,jar:file:/home/user/.m2/repository/org/apache/hadoop/hadoop-hdds-container-service/0.6.0-SNAPSHOT/hadoop-hdds-container-service-0.6.0-SNAPSHOT.jar!/webapps/static,AVAILABLE}
2020-07-01 01:39:55,411 [Listener at 127.0.0.1/36859] INFO  handler.ContextHandler (ContextHandler.java:doStart(825)) - Started o.e.j.w.WebAppContext@54626326{hddsDatanode,/,file:///tmp/jetty-0_0_0_0-38293-hadoop-hdds-container-service-0_6_0-SNAPSHOT_jar-_-any-8445702520838227106.dir/webapp/,AVAILABLE}{jar:file:/home/user/.m2/repository/org/apache/hadoop/hadoop-hdds-container-service/0.6.0-SNAPSHOT/hadoop-hdds-container-service-0.6.0-SNAPSHOT.jar!/webapps/hddsDatanode}
2020-07-01 01:39:55,415 [Listener at 127.0.0.1/36859] INFO  server.AbstractConnector (AbstractConnector.java:doStart(330)) - Started ServerConnector@7fec6c2f{HTTP/1.1,[http/1.1]}{0.0.0.0:38293}
2020-07-01 01:39:55,416 [Listener at 127.0.0.1/36859] INFO  server.Server (Server.java:doStart(399)) - Started @4883ms
2020-07-01 01:39:55,416 [Listener at 127.0.0.1/36859] WARN  impl.MetricsSystemImpl (MetricsSystemImpl.java:register(276)) - Sink prometheus already exists!
2020-07-01 01:39:55,418 [Listener at 127.0.0.1/36859] INFO  http.BaseHttpServer (BaseHttpServer.java:updateConnectorAddress(327)) - HTTP server of hddsDatanode listening at http://0.0.0.0:38293
2020-07-01 01:39:55,418 [Listener at 127.0.0.1/36859] INFO  impl.MetricsSystemImpl (MetricsSystemImpl.java:init(158)) - HddsDatanode metrics system started (again)
2020-07-01 01:39:55,420 [Listener at 127.0.0.1/36859] INFO  ozone.HddsDatanodeService (HddsDatanodeService.java:start(197)) - HddsDatanodeService host:51ddc7c4698f ip:172.17.0.2
2020-07-01 01:39:55,422 [Listener at 127.0.0.1/36859] INFO  volume.HddsVolume (HddsVolume.java:<init>(176)) - Creating Volume: /github/workspace/mnt/ozone/hadoop-ozone/integration-test/target/test-dir/MiniOzoneClusterImpl-1f0cff23-21f0-432d-9716-db38e1d74a84/datanode-8/data-0/containers/hdds of storage type : DISK and capacity : 9223372036854775807
2020-07-01 01:39:55,422 [Listener at 127.0.0.1/36859] INFO  volume.MutableVolumeSet (MutableVolumeSet.java:initializeVolumeSet(181)) - Added Volume : /github/workspace/mnt/ozone/hadoop-ozone/integration-test/target/test-dir/MiniOzoneClusterImpl-1f0cff23-21f0-432d-9716-db38e1d74a84/datanode-8/data-0/containers/hdds to VolumeSet
2020-07-01 01:39:55,422 [Listener at 127.0.0.1/36859] INFO  volume.ThrottledAsyncChecker (ThrottledAsyncChecker.java:schedule(141)) - Scheduling a check for /github/workspace/mnt/ozone/hadoop-ozone/integration-test/target/test-dir/MiniOzoneClusterImpl-1f0cff23-21f0-432d-9716-db38e1d74a84/datanode-8/data-0/containers/hdds
2020-07-01 01:39:55,423 [Listener at 127.0.0.1/36859] INFO  volume.HddsVolumeChecker (HddsVolumeChecker.java:checkAllVolumes(200)) - Scheduled health check for volume /github/workspace/mnt/ozone/hadoop-ozone/integration-test/target/test-dir/MiniOzoneClusterImpl-1f0cff23-21f0-432d-9716-db38e1d74a84/datanode-8/data-0/containers/hdds
2020-07-01 01:39:55,446 [org.apache.hadoop.util.JvmPauseMonitor$Monitor@e95c6d4] INFO  util.JvmPauseMonitor (JvmPauseMonitor.java:run(188)) - Starting JVM pause monitor
2020-07-01 01:39:55,448 [Listener at 127.0.0.1/36859] INFO  impl.RaftServerProxy (ConfUtils.java:logGet(44)) - raft.rpc.type = GRPC (default)
2020-07-01 01:39:55,449 [Listener at 127.0.0.1/36859] INFO  grpc.GrpcFactory (GrpcFactory.java:checkPooledByteBufAllocatorUseCacheForAllThreads(45)) - PERFORMANCE WARNING: useCacheForAllThreads is true that may cause Netty to create a lot garbage objects and, as a result, trigger GC.
	It is recommended to disable useCacheForAllThreads by setting -Dorg.apache.ratis.thirdparty.io.netty.allocator.useCacheForAllThreads=false in command line.
2020-07-01 01:39:55,449 [Listener at 127.0.0.1/36859] INFO  grpc.GrpcConfigKeys (ConfUtils.java:logGet(44)) - raft.grpc.server.port = 0 (default)
2020-07-01 01:39:55,449 [Listener at 127.0.0.1/36859] INFO  server.GrpcService (ConfUtils.java:logGet(44)) - raft.grpc.message.size.max = 32MB (=33554432) (custom)
2020-07-01 01:39:55,449 [Listener at 127.0.0.1/36859] INFO  server.RaftServerConfigKeys (ConfUtils.java:logGet(44)) - raft.server.log.appender.buffer.byte-limit = 33554432 (custom)
2020-07-01 01:39:55,449 [Listener at 127.0.0.1/36859] INFO  server.GrpcService (ConfUtils.java:logGet(44)) - raft.grpc.flow.control.window = 5MB (=5242880) (custom)
2020-07-01 01:39:55,449 [Listener at 127.0.0.1/36859] INFO  server.RaftServerConfigKeys (ConfUtils.java:logGet(44)) - raft.server.rpc.request.timeout = 3s (default)
2020-07-01 01:39:55,450 [Listener at 127.0.0.1/36859] INFO  server.RaftServerConfigKeys (ConfUtils.java:logGet(44)) - raft.server.storage.dir = [/github/workspace/mnt/ozone/hadoop-ozone/integration-test/target/test-dir/MiniOzoneClusterImpl-1f0cff23-21f0-432d-9716-db38e1d74a84/datanode-8/data/ratis] (custom)
2020-07-01 01:39:55,454 [Datanode State Machine Thread - 0] INFO  datanode.InitDatanodeState (InitDatanodeState.java:persistContainerDatanodeDetails(145)) - DatanodeDetails is persisted to /github/workspace/mnt/ozone/hadoop-ozone/integration-test/target/test-dir/MiniOzoneClusterImpl-1f0cff23-21f0-432d-9716-db38e1d74a84/datanode-7/meta/datanode.id
2020-07-01 01:39:55,461 [Listener at 127.0.0.1/36859] INFO  http.BaseHttpServer (BaseHttpServer.java:newHttpServer2BuilderForOzone(207)) - Starting Web-server for hddsDatanode at: http://0.0.0.0:0
2020-07-01 01:39:55,461 [Listener at 127.0.0.1/36859] INFO  http.BaseHttpServer (BaseHttpServer.java:<init>(106)) - Hadoop Security Enabled: false Ozone Security Enabled: false Ozone HTTP Security Enabled: false 
2020-07-01 01:39:55,462 [Listener at 127.0.0.1/36859] INFO  server.AuthenticationFilter (AuthenticationFilter.java:constructSecretProvider(240)) - Unable to initialize FileSignerSecretProvider, falling back to use random secrets.
2020-07-01 01:39:55,464 [Listener at 127.0.0.1/36859] WARN  http.HttpRequestLog (HttpRequestLog.java:getRequestLog(103)) - Jetty request log can only be enabled using Log4j
2020-07-01 01:39:55,464 [Listener at 127.0.0.1/36859] INFO  http.HttpServer2 (HttpServer2.java:addGlobalFilter(997)) - Added global filter 'safety' (class=org.apache.hadoop.hdds.server.http.HttpServer2$QuotingInputFilter)
2020-07-01 01:39:55,465 [Listener at 127.0.0.1/36859] INFO  http.HttpServer2 (HttpServer2.java:addFilter(973)) - Added filter static_user_filter (class=org.apache.hadoop.http.lib.StaticUserWebFilter$StaticUserFilter) to context hddsDatanode
2020-07-01 01:39:55,465 [Listener at 127.0.0.1/36859] INFO  http.HttpServer2 (HttpServer2.java:addFilter(981)) - Added filter static_user_filter (class=org.apache.hadoop.http.lib.StaticUserWebFilter$StaticUserFilter) to context static
2020-07-01 01:39:55,465 [Listener at 127.0.0.1/36859] INFO  http.HttpServer2 (HttpServer2.java:addFilter(981)) - Added filter static_user_filter (class=org.apache.hadoop.http.lib.StaticUserWebFilter$StaticUserFilter) to context logs
2020-07-01 01:39:55,465 [Listener at 127.0.0.1/36859] INFO  http.HttpServer2 (HttpServer2.java:bindListener(1215)) - Jetty bound to port 39911
2020-07-01 01:39:55,466 [Listener at 127.0.0.1/36859] INFO  server.Server (Server.java:doStart(359)) - jetty-9.4.26.v20200117; built: 2020-01-17T12:35:33.676Z; git: 7b38981d25d14afb4a12ff1f2596756144edf695; jvm 1.8.0_232-b09
2020-07-01 01:39:55,468 [Listener at 127.0.0.1/36859] INFO  server.session (DefaultSessionIdManager.java:doStart(333)) - DefaultSessionIdManager workerName=node0
2020-07-01 01:39:55,468 [Listener at 127.0.0.1/36859] INFO  server.session (DefaultSessionIdManager.java:doStart(338)) - No SessionScavenger set, using defaults
2020-07-01 01:39:55,468 [Listener at 127.0.0.1/36859] INFO  server.session (HouseKeeper.java:startScavenging(140)) - node0 Scavenging every 660000ms
2020-07-01 01:39:55,469 [Listener at 127.0.0.1/36859] INFO  handler.ContextHandler (ContextHandler.java:doStart(825)) - Started o.e.j.s.ServletContextHandler@25c756f0{logs,/logs,file:///github/workspace/mnt/ozone/hadoop-ozone/integration-test/target/log,AVAILABLE}
2020-07-01 01:39:55,469 [Listener at 127.0.0.1/36859] INFO  handler.ContextHandler (ContextHandler.java:doStart(825)) - Started o.e.j.s.ServletContextHandler@18206382{static,/static,jar:file:/home/user/.m2/repository/org/apache/hadoop/hadoop-hdds-container-service/0.6.0-SNAPSHOT/hadoop-hdds-container-service-0.6.0-SNAPSHOT.jar!/webapps/static,AVAILABLE}
2020-07-01 01:39:55,485 [Listener at 127.0.0.1/36859] INFO  handler.ContextHandler (ContextHandler.java:doStart(825)) - Started o.e.j.w.WebAppContext@41c05747{hddsDatanode,/,file:///tmp/jetty-0_0_0_0-39911-hadoop-hdds-container-service-0_6_0-SNAPSHOT_jar-_-any-4428164756222802791.dir/webapp/,AVAILABLE}{jar:file:/home/user/.m2/repository/org/apache/hadoop/hadoop-hdds-container-service/0.6.0-SNAPSHOT/hadoop-hdds-container-service-0.6.0-SNAPSHOT.jar!/webapps/hddsDatanode}
2020-07-01 01:39:55,487 [Listener at 127.0.0.1/36859] INFO  server.AbstractConnector (AbstractConnector.java:doStart(330)) - Started ServerConnector@73418044{HTTP/1.1,[http/1.1]}{0.0.0.0:39911}
2020-07-01 01:39:55,487 [Listener at 127.0.0.1/36859] INFO  server.Server (Server.java:doStart(399)) - Started @4954ms
2020-07-01 01:39:55,487 [Listener at 127.0.0.1/36859] WARN  impl.MetricsSystemImpl (MetricsSystemImpl.java:register(276)) - Sink prometheus already exists!
2020-07-01 01:39:55,490 [Listener at 127.0.0.1/36859] INFO  http.BaseHttpServer (BaseHttpServer.java:updateConnectorAddress(327)) - HTTP server of hddsDatanode listening at http://0.0.0.0:39911
2020-07-01 01:39:55,490 [Listener at 127.0.0.1/36859] INFO  ozone.MiniOzoneClusterImpl (MiniOzoneClusterImpl.java:lambda$waitForClusterToBeReady$0(177)) - Waiting for nodes to be ready. Got 0 of 9 DN Heartbeats.
2020-07-01 01:39:55,491 [Listener at 127.0.0.1/36859] INFO  ozone.MiniOzoneClusterImpl (MiniOzoneClusterImpl.java:lambda$waitForClusterToBeReady$0(180)) - Waiting for cluster to exit safe mode
2020-07-01 01:39:55,498 [Datanode State Machine Thread - 0] INFO  datanode.InitDatanodeState (InitDatanodeState.java:persistContainerDatanodeDetails(145)) - DatanodeDetails is persisted to /github/workspace/mnt/ozone/hadoop-ozone/integration-test/target/test-dir/MiniOzoneClusterImpl-1f0cff23-21f0-432d-9716-db38e1d74a84/datanode-8/meta/datanode.id
2020-07-01 01:39:55,498 [org.apache.hadoop.util.JvmPauseMonitor$Monitor@d73c0d7] INFO  util.JvmPauseMonitor (JvmPauseMonitor.java:run(188)) - Starting JVM pause monitor
2020-07-01 01:39:56,491 [Listener at 127.0.0.1/36859] INFO  ozone.MiniOzoneClusterImpl (MiniOzoneClusterImpl.java:lambda$waitForClusterToBeReady$0(177)) - Waiting for nodes to be ready. Got 0 of 9 DN Heartbeats.
2020-07-01 01:39:56,491 [Listener at 127.0.0.1/36859] INFO  ozone.MiniOzoneClusterImpl (MiniOzoneClusterImpl.java:lambda$waitForClusterToBeReady$0(180)) - Waiting for cluster to exit safe mode
2020-07-01 01:39:56,874 [Datanode State Machine Thread - 0] INFO  ozoneimpl.OzoneContainer (OzoneContainer.java:start(232)) - Attempting to start container services.
2020-07-01 01:39:56,875 [Datanode State Machine Thread - 0] INFO  ozoneimpl.OzoneContainer (OzoneContainer.java:startContainerScrub(196)) - Background container scanner has been disabled.
2020-07-01 01:39:56,875 [Datanode State Machine Thread - 0] INFO  ratis.XceiverServerRatis (XceiverServerRatis.java:start(425)) - Starting XceiverServerRatis 2fd12e45-5261-4e74-9c65-dcdedcebcdd5 at port 0
2020-07-01 01:39:56,884 [Datanode State Machine Thread - 0] INFO  impl.RaftServerProxy (RaftServerProxy.java:lambda$start$3(304)) - 2fd12e45-5261-4e74-9c65-dcdedcebcdd5: start RPC server
2020-07-01 01:39:56,928 [Datanode State Machine Thread - 0] INFO  server.GrpcService (GrpcService.java:startImpl(160)) - 2fd12e45-5261-4e74-9c65-dcdedcebcdd5: GrpcService started, listening on 0.0.0.0/0.0.0.0:38961
2020-07-01 01:39:56,928 [Datanode State Machine Thread - 0] INFO  ratis.XceiverServerRatis (XceiverServerRatis.java:start(437)) - XceiverServerRatis 2fd12e45-5261-4e74-9c65-dcdedcebcdd5 is started using port 38961
2020-07-01 01:39:56,931 [Datanode State Machine Thread - 0] INFO  server.XceiverServerGrpc (XceiverServerGrpc.java:start(145)) - XceiverServerGrpc 2fd12e45-5261-4e74-9c65-dcdedcebcdd5 is started using port 35053
2020-07-01 01:39:56,974 [Datanode State Machine Thread - 0] INFO  ozoneimpl.OzoneContainer (OzoneContainer.java:start(232)) - Attempting to start container services.
2020-07-01 01:39:56,976 [Datanode State Machine Thread - 0] INFO  ozoneimpl.OzoneContainer (OzoneContainer.java:startContainerScrub(196)) - Background container scanner has been disabled.
2020-07-01 01:39:56,976 [Datanode State Machine Thread - 0] INFO  ratis.XceiverServerRatis (XceiverServerRatis.java:start(425)) - Starting XceiverServerRatis 0e87e1a8-862d-4038-8503-5ba64ecc883e at port 0
2020-07-01 01:39:56,978 [Datanode State Machine Thread - 0] INFO  impl.RaftServerProxy (RaftServerProxy.java:lambda$start$3(304)) - 0e87e1a8-862d-4038-8503-5ba64ecc883e: start RPC server
2020-07-01 01:39:56,991 [Datanode State Machine Thread - 0] INFO  server.GrpcService (GrpcService.java:startImpl(160)) - 0e87e1a8-862d-4038-8503-5ba64ecc883e: GrpcService started, listening on 0.0.0.0/0.0.0.0:44311
2020-07-01 01:39:56,992 [Datanode State Machine Thread - 0] INFO  ratis.XceiverServerRatis (XceiverServerRatis.java:start(437)) - XceiverServerRatis 0e87e1a8-862d-4038-8503-5ba64ecc883e is started using port 44311
2020-07-01 01:39:56,993 [Datanode State Machine Thread - 0] INFO  server.XceiverServerGrpc (XceiverServerGrpc.java:start(145)) - XceiverServerGrpc 0e87e1a8-862d-4038-8503-5ba64ecc883e is started using port 37631
2020-07-01 01:39:57,059 [Datanode State Machine Thread - 0] INFO  ozoneimpl.OzoneContainer (OzoneContainer.java:start(232)) - Attempting to start container services.
2020-07-01 01:39:57,059 [Datanode State Machine Thread - 0] INFO  ozoneimpl.OzoneContainer (OzoneContainer.java:startContainerScrub(196)) - Background container scanner has been disabled.
2020-07-01 01:39:57,059 [Datanode State Machine Thread - 0] INFO  ratis.XceiverServerRatis (XceiverServerRatis.java:start(425)) - Starting XceiverServerRatis 6047ccc9-2d31-4dc4-ab7e-9fb970240402 at port 0
2020-07-01 01:39:57,060 [Datanode State Machine Thread - 0] INFO  impl.RaftServerProxy (RaftServerProxy.java:lambda$start$3(304)) - 6047ccc9-2d31-4dc4-ab7e-9fb970240402: start RPC server
2020-07-01 01:39:57,077 [Datanode State Machine Thread - 0] INFO  server.GrpcService (GrpcService.java:startImpl(160)) - 6047ccc9-2d31-4dc4-ab7e-9fb970240402: GrpcService started, listening on 0.0.0.0/0.0.0.0:43531
2020-07-01 01:39:57,077 [Datanode State Machine Thread - 0] INFO  ratis.XceiverServerRatis (XceiverServerRatis.java:start(437)) - XceiverServerRatis 6047ccc9-2d31-4dc4-ab7e-9fb970240402 is started using port 43531
2020-07-01 01:39:57,078 [Datanode State Machine Thread - 0] INFO  server.XceiverServerGrpc (XceiverServerGrpc.java:start(145)) - XceiverServerGrpc 6047ccc9-2d31-4dc4-ab7e-9fb970240402 is started using port 33609
2020-07-01 01:39:57,131 [Datanode State Machine Thread - 0] INFO  ozoneimpl.OzoneContainer (OzoneContainer.java:start(232)) - Attempting to start container services.
2020-07-01 01:39:57,131 [Datanode State Machine Thread - 0] INFO  ozoneimpl.OzoneContainer (OzoneContainer.java:startContainerScrub(196)) - Background container scanner has been disabled.
2020-07-01 01:39:57,131 [Datanode State Machine Thread - 0] INFO  ratis.XceiverServerRatis (XceiverServerRatis.java:start(425)) - Starting XceiverServerRatis 2228b8b0-1bd4-4abc-8be5-fec7aeebcbed at port 0
2020-07-01 01:39:57,133 [Datanode State Machine Thread - 0] INFO  impl.RaftServerProxy (RaftServerProxy.java:lambda$start$3(304)) - 2228b8b0-1bd4-4abc-8be5-fec7aeebcbed: start RPC server
2020-07-01 01:39:57,142 [Datanode State Machine Thread - 0] INFO  server.GrpcService (GrpcService.java:startImpl(160)) - 2228b8b0-1bd4-4abc-8be5-fec7aeebcbed: GrpcService started, listening on 0.0.0.0/0.0.0.0:33817
2020-07-01 01:39:57,142 [Datanode State Machine Thread - 0] INFO  ratis.XceiverServerRatis (XceiverServerRatis.java:start(437)) - XceiverServerRatis 2228b8b0-1bd4-4abc-8be5-fec7aeebcbed is started using port 33817
2020-07-01 01:39:57,145 [Datanode State Machine Thread - 0] INFO  server.XceiverServerGrpc (XceiverServerGrpc.java:start(145)) - XceiverServerGrpc 2228b8b0-1bd4-4abc-8be5-fec7aeebcbed is started using port 43767
2020-07-01 01:39:57,216 [Datanode State Machine Thread - 0] INFO  ozoneimpl.OzoneContainer (OzoneContainer.java:start(232)) - Attempting to start container services.
2020-07-01 01:39:57,217 [Datanode State Machine Thread - 0] INFO  ozoneimpl.OzoneContainer (OzoneContainer.java:startContainerScrub(196)) - Background container scanner has been disabled.
2020-07-01 01:39:57,217 [Datanode State Machine Thread - 0] INFO  ratis.XceiverServerRatis (XceiverServerRatis.java:start(425)) - Starting XceiverServerRatis 73a3d22a-588b-4473-8061-4380f2d261cd at port 0
2020-07-01 01:39:57,220 [Datanode State Machine Thread - 0] INFO  impl.RaftServerProxy (RaftServerProxy.java:lambda$start$3(304)) - 73a3d22a-588b-4473-8061-4380f2d261cd: start RPC server
2020-07-01 01:39:57,230 [Datanode State Machine Thread - 0] INFO  server.GrpcService (GrpcService.java:startImpl(160)) - 73a3d22a-588b-4473-8061-4380f2d261cd: GrpcService started, listening on 0.0.0.0/0.0.0.0:41891
2020-07-01 01:39:57,230 [Datanode State Machine Thread - 0] INFO  ratis.XceiverServerRatis (XceiverServerRatis.java:start(437)) - XceiverServerRatis 73a3d22a-588b-4473-8061-4380f2d261cd is started using port 41891
2020-07-01 01:39:57,231 [Datanode State Machine Thread - 0] INFO  server.XceiverServerGrpc (XceiverServerGrpc.java:start(145)) - XceiverServerGrpc 73a3d22a-588b-4473-8061-4380f2d261cd is started using port 38463
2020-07-01 01:39:57,298 [Datanode State Machine Thread - 0] INFO  ozoneimpl.OzoneContainer (OzoneContainer.java:start(232)) - Attempting to start container services.
2020-07-01 01:39:57,298 [Datanode State Machine Thread - 0] INFO  ozoneimpl.OzoneContainer (OzoneContainer.java:startContainerScrub(196)) - Background container scanner has been disabled.
2020-07-01 01:39:57,298 [Datanode State Machine Thread - 0] INFO  ratis.XceiverServerRatis (XceiverServerRatis.java:start(425)) - Starting XceiverServerRatis 173ba019-d60c-431a-ac38-4699cb5a8b68 at port 0
2020-07-01 01:39:57,300 [Datanode State Machine Thread - 0] INFO  impl.RaftServerProxy (RaftServerProxy.java:lambda$start$3(304)) - 173ba019-d60c-431a-ac38-4699cb5a8b68: start RPC server
2020-07-01 01:39:57,310 [Datanode State Machine Thread - 0] INFO  server.GrpcService (GrpcService.java:startImpl(160)) - 173ba019-d60c-431a-ac38-4699cb5a8b68: GrpcService started, listening on 0.0.0.0/0.0.0.0:36303
2020-07-01 01:39:57,310 [Datanode State Machine Thread - 0] INFO  ratis.XceiverServerRatis (XceiverServerRatis.java:start(437)) - XceiverServerRatis 173ba019-d60c-431a-ac38-4699cb5a8b68 is started using port 36303
2020-07-01 01:39:57,312 [Datanode State Machine Thread - 0] INFO  server.XceiverServerGrpc (XceiverServerGrpc.java:start(145)) - XceiverServerGrpc 173ba019-d60c-431a-ac38-4699cb5a8b68 is started using port 45825
2020-07-01 01:39:57,380 [Datanode State Machine Thread - 0] INFO  ozoneimpl.OzoneContainer (OzoneContainer.java:start(232)) - Attempting to start container services.
2020-07-01 01:39:57,380 [Datanode State Machine Thread - 0] INFO  ozoneimpl.OzoneContainer (OzoneContainer.java:startContainerScrub(196)) - Background container scanner has been disabled.
2020-07-01 01:39:57,380 [Datanode State Machine Thread - 0] INFO  ratis.XceiverServerRatis (XceiverServerRatis.java:start(425)) - Starting XceiverServerRatis 4a250b03-fc0c-4fc6-b3de-35498431563c at port 0
2020-07-01 01:39:57,382 [Datanode State Machine Thread - 0] INFO  impl.RaftServerProxy (RaftServerProxy.java:lambda$start$3(304)) - 4a250b03-fc0c-4fc6-b3de-35498431563c: start RPC server
2020-07-01 01:39:57,389 [Datanode State Machine Thread - 0] INFO  server.GrpcService (GrpcService.java:startImpl(160)) - 4a250b03-fc0c-4fc6-b3de-35498431563c: GrpcService started, listening on 0.0.0.0/0.0.0.0:42123
2020-07-01 01:39:57,389 [Datanode State Machine Thread - 0] INFO  ratis.XceiverServerRatis (XceiverServerRatis.java:start(437)) - XceiverServerRatis 4a250b03-fc0c-4fc6-b3de-35498431563c is started using port 42123
2020-07-01 01:39:57,390 [Datanode State Machine Thread - 0] INFO  server.XceiverServerGrpc (XceiverServerGrpc.java:start(145)) - XceiverServerGrpc 4a250b03-fc0c-4fc6-b3de-35498431563c is started using port 44325
2020-07-01 01:39:57,450 [Datanode State Machine Thread - 0] INFO  ozoneimpl.OzoneContainer (OzoneContainer.java:start(232)) - Attempting to start container services.
2020-07-01 01:39:57,451 [Datanode State Machine Thread - 0] INFO  ozoneimpl.OzoneContainer (OzoneContainer.java:startContainerScrub(196)) - Background container scanner has been disabled.
2020-07-01 01:39:57,451 [Datanode State Machine Thread - 0] INFO  ratis.XceiverServerRatis (XceiverServerRatis.java:start(425)) - Starting XceiverServerRatis 8c5b2b67-bc34-46b0-b6c3-958390f4d72e at port 0
2020-07-01 01:39:57,451 [Datanode State Machine Thread - 0] INFO  impl.RaftServerProxy (RaftServerProxy.java:lambda$start$3(304)) - 8c5b2b67-bc34-46b0-b6c3-958390f4d72e: start RPC server
2020-07-01 01:39:57,453 [Datanode State Machine Thread - 0] INFO  server.GrpcService (GrpcService.java:startImpl(160)) - 8c5b2b67-bc34-46b0-b6c3-958390f4d72e: GrpcService started, listening on 0.0.0.0/0.0.0.0:43281
2020-07-01 01:39:57,453 [Datanode State Machine Thread - 0] INFO  ratis.XceiverServerRatis (XceiverServerRatis.java:start(437)) - XceiverServerRatis 8c5b2b67-bc34-46b0-b6c3-958390f4d72e is started using port 43281
2020-07-01 01:39:57,454 [Datanode State Machine Thread - 0] INFO  server.XceiverServerGrpc (XceiverServerGrpc.java:start(145)) - XceiverServerGrpc 8c5b2b67-bc34-46b0-b6c3-958390f4d72e is started using port 46865
2020-07-01 01:39:57,492 [Listener at 127.0.0.1/36859] INFO  ozone.MiniOzoneClusterImpl (MiniOzoneClusterImpl.java:lambda$waitForClusterToBeReady$0(177)) - Waiting for nodes to be ready. Got 0 of 9 DN Heartbeats.
2020-07-01 01:39:57,492 [Listener at 127.0.0.1/36859] INFO  ozone.MiniOzoneClusterImpl (MiniOzoneClusterImpl.java:lambda$waitForClusterToBeReady$0(180)) - Waiting for cluster to exit safe mode
2020-07-01 01:39:57,498 [Datanode State Machine Thread - 0] INFO  ozoneimpl.OzoneContainer (OzoneContainer.java:start(232)) - Attempting to start container services.
2020-07-01 01:39:57,498 [Datanode State Machine Thread - 0] INFO  ozoneimpl.OzoneContainer (OzoneContainer.java:startContainerScrub(196)) - Background container scanner has been disabled.
2020-07-01 01:39:57,498 [Datanode State Machine Thread - 0] INFO  ratis.XceiverServerRatis (XceiverServerRatis.java:start(425)) - Starting XceiverServerRatis 86e2f92f-9f2f-47be-9996-581eb5cc11da at port 0
2020-07-01 01:39:57,502 [Datanode State Machine Thread - 0] INFO  impl.RaftServerProxy (RaftServerProxy.java:lambda$start$3(304)) - 86e2f92f-9f2f-47be-9996-581eb5cc11da: start RPC server
2020-07-01 01:39:57,505 [Datanode State Machine Thread - 0] INFO  server.GrpcService (GrpcService.java:startImpl(160)) - 86e2f92f-9f2f-47be-9996-581eb5cc11da: GrpcService started, listening on 0.0.0.0/0.0.0.0:36799
2020-07-01 01:39:57,505 [Datanode State Machine Thread - 0] INFO  ratis.XceiverServerRatis (XceiverServerRatis.java:start(437)) - XceiverServerRatis 86e2f92f-9f2f-47be-9996-581eb5cc11da is started using port 36799
2020-07-01 01:39:57,506 [Datanode State Machine Thread - 0] INFO  server.XceiverServerGrpc (XceiverServerGrpc.java:start(145)) - XceiverServerGrpc 86e2f92f-9f2f-47be-9996-581eb5cc11da is started using port 41317
2020-07-01 01:39:58,492 [Listener at 127.0.0.1/36859] INFO  ozone.MiniOzoneClusterImpl (MiniOzoneClusterImpl.java:lambda$waitForClusterToBeReady$0(177)) - Waiting for nodes to be ready. Got 0 of 9 DN Heartbeats.
2020-07-01 01:39:58,492 [Listener at 127.0.0.1/36859] INFO  ozone.MiniOzoneClusterImpl (MiniOzoneClusterImpl.java:lambda$waitForClusterToBeReady$0(180)) - Waiting for cluster to exit safe mode
2020-07-01 01:39:58,831 [IPC Server handler 10 on default port 43515] INFO  net.NetworkTopology (NetworkTopologyImpl.java:add(111)) - Added a new node: /default-rack/2fd12e45-5261-4e74-9c65-dcdedcebcdd5
2020-07-01 01:39:58,831 [IPC Server handler 10 on default port 43515] INFO  node.SCMNodeManager (SCMNodeManager.java:register(268)) - Registered Data node : 2fd12e45-5261-4e74-9c65-dcdedcebcdd5{ip: 172.17.0.2, host: 51ddc7c4698f, networkLocation: /default-rack, certSerialId: null}
2020-07-01 01:39:58,838 [EventQueue-NodeRegistrationContainerReportForContainerSafeModeRule] INFO  safemode.SCMSafeModeManager (SCMSafeModeManager.java:validateSafeModeExitRules(214)) - ContainerSafeModeRule rule is successfully validated
2020-07-01 01:39:58,839 [EventQueue-NodeRegistrationContainerReportForDataNodeSafeModeRule] INFO  safemode.SCMSafeModeManager (DataNodeSafeModeRule.java:process(71)) - SCM in safe mode. 1 DataNodes registered, 1 required.
2020-07-01 01:39:58,839 [EventQueue-NodeRegistrationContainerReportForDataNodeSafeModeRule] INFO  safemode.SCMSafeModeManager (SCMSafeModeManager.java:validateSafeModeExitRules(214)) - DataNodeSafeModeRule rule is successfully validated
2020-07-01 01:39:58,839 [EventQueue-NodeRegistrationContainerReportForDataNodeSafeModeRule] INFO  safemode.SCMSafeModeManager (SCMSafeModeManager.java:completePreCheck(242)) - All SCM safe mode pre check rules have passed
2020-07-01 01:39:58,849 [RatisPipelineUtilsThread] INFO  pipeline.RatisPipelineProvider (RatisPipelineProvider.java:lambda$create$0(138)) - Sending CreatePipelineCommand for pipeline:PipelineID=25942eba-13d8-409c-8cae-e545d14eb332 to datanode:2fd12e45-5261-4e74-9c65-dcdedcebcdd5
2020-07-01 01:39:58,862 [RatisPipelineUtilsThread] INFO  pipeline.PipelineStateManager (PipelineStateManager.java:addPipeline(54)) - Created pipeline Pipeline[ Id: 25942eba-13d8-409c-8cae-e545d14eb332, Nodes: 2fd12e45-5261-4e74-9c65-dcdedcebcdd5{ip: 172.17.0.2, host: 51ddc7c4698f, networkLocation: /default-rack, certSerialId: null}, Type:RATIS, Factor:ONE, State:ALLOCATED, leaderId:, CreationTimestamp2020-07-01T01:39:58.845Z]
2020-07-01 01:39:58,865 [RatisPipelineUtilsThread] ERROR pipeline.SCMPipelineManager (SCMPipelineManager.java:createPipeline(222)) - Failed to create pipeline of type RATIS and factor ONE. Exception: Cannot create pipeline of factor 1 using 0 nodes. Used 1 nodes. Healthy nodes 1
2020-07-01 01:39:58,865 [RatisPipelineUtilsThread] WARN  pipeline.PipelinePlacementPolicy (PipelinePlacementPolicy.java:filterViableNodes(133)) - Pipeline creation failed due to no sufficient healthy datanodes. Required 3. Found 1.
2020-07-01 01:39:58,865 [RatisPipelineUtilsThread] ERROR pipeline.SCMPipelineManager (SCMPipelineManager.java:createPipeline(222)) - Failed to create pipeline of type RATIS and factor THREE. Exception: Pipeline creation failed due to no sufficient healthy datanodes. Required 3. Found 1.
2020-07-01 01:39:58,973 [IPC Server handler 0 on default port 43515] INFO  net.NetworkTopology (NetworkTopologyImpl.java:add(111)) - Added a new node: /default-rack/0e87e1a8-862d-4038-8503-5ba64ecc883e
2020-07-01 01:39:58,973 [IPC Server handler 0 on default port 43515] INFO  node.SCMNodeManager (SCMNodeManager.java:register(268)) - Registered Data node : 0e87e1a8-862d-4038-8503-5ba64ecc883e{ip: 172.17.0.2, host: 51ddc7c4698f, networkLocation: /default-rack, certSerialId: null}
2020-07-01 01:39:58,974 [EventQueue-NodeRegistrationContainerReportForContainerSafeModeRule] INFO  safemode.SCMSafeModeManager (SCMSafeModeManager.java:validateSafeModeExitRules(214)) - ContainerSafeModeRule rule is successfully validated
2020-07-01 01:39:58,974 [EventQueue-NodeRegistrationContainerReportForDataNodeSafeModeRule] INFO  safemode.SCMSafeModeManager (SCMSafeModeManager.java:validateSafeModeExitRules(214)) - DataNodeSafeModeRule rule is successfully validated
2020-07-01 01:39:58,974 [RatisPipelineUtilsThread] INFO  pipeline.RatisPipelineProvider (RatisPipelineProvider.java:lambda$create$0(138)) - Sending CreatePipelineCommand for pipeline:PipelineID=80d7c221-2990-4e22-81a9-efea6dcf6e73 to datanode:0e87e1a8-862d-4038-8503-5ba64ecc883e
2020-07-01 01:39:58,975 [RatisPipelineUtilsThread] INFO  pipeline.PipelineStateManager (PipelineStateManager.java:addPipeline(54)) - Created pipeline Pipeline[ Id: 80d7c221-2990-4e22-81a9-efea6dcf6e73, Nodes: 0e87e1a8-862d-4038-8503-5ba64ecc883e{ip: 172.17.0.2, host: 51ddc7c4698f, networkLocation: /default-rack, certSerialId: null}, Type:RATIS, Factor:ONE, State:ALLOCATED, leaderId:, CreationTimestamp2020-07-01T01:39:58.974Z]
2020-07-01 01:39:58,976 [RatisPipelineUtilsThread] ERROR pipeline.SCMPipelineManager (SCMPipelineManager.java:createPipeline(222)) - Failed to create pipeline of type RATIS and factor ONE. Exception: Cannot create pipeline of factor 1 using 0 nodes. Used 2 nodes. Healthy nodes 2
2020-07-01 01:39:58,976 [RatisPipelineUtilsThread] WARN  pipeline.PipelinePlacementPolicy (PipelinePlacementPolicy.java:filterViableNodes(133)) - Pipeline creation failed due to no sufficient healthy datanodes. Required 3. Found 2.
2020-07-01 01:39:58,976 [RatisPipelineUtilsThread] ERROR pipeline.SCMPipelineManager (SCMPipelineManager.java:createPipeline(222)) - Failed to create pipeline of type RATIS and factor THREE. Exception: Pipeline creation failed due to no sufficient healthy datanodes. Required 3. Found 2.
2020-07-01 01:39:59,057 [IPC Server handler 1 on default port 43515] INFO  net.NetworkTopology (NetworkTopologyImpl.java:add(111)) - Added a new node: /default-rack/6047ccc9-2d31-4dc4-ab7e-9fb970240402
2020-07-01 01:39:59,057 [IPC Server handler 1 on default port 43515] INFO  node.SCMNodeManager (SCMNodeManager.java:register(268)) - Registered Data node : 6047ccc9-2d31-4dc4-ab7e-9fb970240402{ip: 172.17.0.2, host: 51ddc7c4698f, networkLocation: /default-rack, certSerialId: null}
2020-07-01 01:39:59,058 [EventQueue-NodeRegistrationContainerReportForContainerSafeModeRule] INFO  safemode.SCMSafeModeManager (SCMSafeModeManager.java:validateSafeModeExitRules(214)) - ContainerSafeModeRule rule is successfully validated
2020-07-01 01:39:59,058 [RatisPipelineUtilsThread] INFO  pipeline.RatisPipelineProvider (RatisPipelineProvider.java:lambda$create$0(138)) - Sending CreatePipelineCommand for pipeline:PipelineID=ec766238-2a58-49ca-9dec-b55c23691c28 to datanode:6047ccc9-2d31-4dc4-ab7e-9fb970240402
2020-07-01 01:39:59,058 [EventQueue-NodeRegistrationContainerReportForDataNodeSafeModeRule] INFO  safemode.SCMSafeModeManager (SCMSafeModeManager.java:validateSafeModeExitRules(214)) - DataNodeSafeModeRule rule is successfully validated
2020-07-01 01:39:59,058 [RatisPipelineUtilsThread] INFO  pipeline.PipelineStateManager (PipelineStateManager.java:addPipeline(54)) - Created pipeline Pipeline[ Id: ec766238-2a58-49ca-9dec-b55c23691c28, Nodes: 6047ccc9-2d31-4dc4-ab7e-9fb970240402{ip: 172.17.0.2, host: 51ddc7c4698f, networkLocation: /default-rack, certSerialId: null}, Type:RATIS, Factor:ONE, State:ALLOCATED, leaderId:, CreationTimestamp2020-07-01T01:39:59.058Z]
2020-07-01 01:39:59,059 [RatisPipelineUtilsThread] ERROR pipeline.SCMPipelineManager (SCMPipelineManager.java:createPipeline(222)) - Failed to create pipeline of type RATIS and factor ONE. Exception: Cannot create pipeline of factor 1 using 0 nodes. Used 3 nodes. Healthy nodes 3
2020-07-01 01:39:59,062 [RatisPipelineUtilsThread] INFO  pipeline.RatisPipelineProvider (RatisPipelineProvider.java:lambda$create$0(138)) - Sending CreatePipelineCommand for pipeline:PipelineID=b37d36ce-baae-4bb5-9fd1-ab27bd356713 to datanode:2fd12e45-5261-4e74-9c65-dcdedcebcdd5
2020-07-01 01:39:59,062 [RatisPipelineUtilsThread] INFO  pipeline.RatisPipelineProvider (RatisPipelineProvider.java:lambda$create$0(138)) - Sending CreatePipelineCommand for pipeline:PipelineID=b37d36ce-baae-4bb5-9fd1-ab27bd356713 to datanode:6047ccc9-2d31-4dc4-ab7e-9fb970240402
2020-07-01 01:39:59,062 [RatisPipelineUtilsThread] INFO  pipeline.RatisPipelineProvider (RatisPipelineProvider.java:lambda$create$0(138)) - Sending CreatePipelineCommand for pipeline:PipelineID=b37d36ce-baae-4bb5-9fd1-ab27bd356713 to datanode:0e87e1a8-862d-4038-8503-5ba64ecc883e
2020-07-01 01:39:59,063 [RatisPipelineUtilsThread] INFO  pipeline.PipelineStateManager (PipelineStateManager.java:addPipeline(54)) - Created pipeline Pipeline[ Id: b37d36ce-baae-4bb5-9fd1-ab27bd356713, Nodes: 2fd12e45-5261-4e74-9c65-dcdedcebcdd5{ip: 172.17.0.2, host: 51ddc7c4698f, networkLocation: /default-rack, certSerialId: null}6047ccc9-2d31-4dc4-ab7e-9fb970240402{ip: 172.17.0.2, host: 51ddc7c4698f, networkLocation: /default-rack, certSerialId: null}0e87e1a8-862d-4038-8503-5ba64ecc883e{ip: 172.17.0.2, host: 51ddc7c4698f, networkLocation: /default-rack, certSerialId: null}, Type:RATIS, Factor:THREE, State:ALLOCATED, leaderId:, CreationTimestamp2020-07-01T01:39:59.062Z]
2020-07-01 01:39:59,063 [RatisPipelineUtilsThread] ERROR pipeline.SCMPipelineManager (SCMPipelineManager.java:createPipeline(222)) - Failed to create pipeline of type RATIS and factor THREE. Exception: Pipeline creation failed because nodes are engaged in other pipelines and every node can only be engaged in max 2 pipelines. Required 3. Found 0
2020-07-01 01:39:59,129 [IPC Server handler 2 on default port 43515] INFO  net.NetworkTopology (NetworkTopologyImpl.java:add(111)) - Added a new node: /default-rack/2228b8b0-1bd4-4abc-8be5-fec7aeebcbed
2020-07-01 01:39:59,130 [IPC Server handler 2 on default port 43515] INFO  node.SCMNodeManager (SCMNodeManager.java:register(268)) - Registered Data node : 2228b8b0-1bd4-4abc-8be5-fec7aeebcbed{ip: 172.17.0.2, host: 51ddc7c4698f, networkLocation: /default-rack, certSerialId: null}
2020-07-01 01:39:59,130 [EventQueue-NodeRegistrationContainerReportForContainerSafeModeRule] INFO  safemode.SCMSafeModeManager (SCMSafeModeManager.java:validateSafeModeExitRules(214)) - ContainerSafeModeRule rule is successfully validated
2020-07-01 01:39:59,130 [EventQueue-NodeRegistrationContainerReportForDataNodeSafeModeRule] INFO  safemode.SCMSafeModeManager (SCMSafeModeManager.java:validateSafeModeExitRules(214)) - DataNodeSafeModeRule rule is successfully validated
2020-07-01 01:39:59,131 [RatisPipelineUtilsThread] INFO  pipeline.RatisPipelineProvider (RatisPipelineProvider.java:lambda$create$0(138)) - Sending CreatePipelineCommand for pipeline:PipelineID=ae86d5e6-5019-473c-a0bd-afc6353296ee to datanode:2228b8b0-1bd4-4abc-8be5-fec7aeebcbed
2020-07-01 01:39:59,131 [RatisPipelineUtilsThread] INFO  pipeline.PipelineStateManager (PipelineStateManager.java:addPipeline(54)) - Created pipeline Pipeline[ Id: ae86d5e6-5019-473c-a0bd-afc6353296ee, Nodes: 2228b8b0-1bd4-4abc-8be5-fec7aeebcbed{ip: 172.17.0.2, host: 51ddc7c4698f, networkLocation: /default-rack, certSerialId: null}, Type:RATIS, Factor:ONE, State:ALLOCATED, leaderId:, CreationTimestamp2020-07-01T01:39:59.131Z]
2020-07-01 01:39:59,132 [RatisPipelineUtilsThread] ERROR pipeline.SCMPipelineManager (SCMPipelineManager.java:createPipeline(222)) - Failed to create pipeline of type RATIS and factor ONE. Exception: Cannot create pipeline of factor 1 using 0 nodes. Used 4 nodes. Healthy nodes 4
2020-07-01 01:39:59,132 [RatisPipelineUtilsThread] ERROR pipeline.SCMPipelineManager (SCMPipelineManager.java:createPipeline(222)) - Failed to create pipeline of type RATIS and factor THREE. Exception: Pipeline creation failed because nodes are engaged in other pipelines and every node can only be engaged in max 2 pipelines. Required 3. Found 1
2020-07-01 01:39:59,213 [IPC Server handler 3 on default port 43515] INFO  net.NetworkTopology (NetworkTopologyImpl.java:add(111)) - Added a new node: /default-rack/73a3d22a-588b-4473-8061-4380f2d261cd
2020-07-01 01:39:59,213 [IPC Server handler 3 on default port 43515] INFO  node.SCMNodeManager (SCMNodeManager.java:register(268)) - Registered Data node : 73a3d22a-588b-4473-8061-4380f2d261cd{ip: 172.17.0.2, host: 51ddc7c4698f, networkLocation: /default-rack, certSerialId: null}
2020-07-01 01:39:59,213 [RatisPipelineUtilsThread] INFO  pipeline.RatisPipelineProvider (RatisPipelineProvider.java:lambda$create$0(138)) - Sending CreatePipelineCommand for pipeline:PipelineID=f013a7ac-e82f-469d-898c-b54800ed42c7 to datanode:73a3d22a-588b-4473-8061-4380f2d261cd
2020-07-01 01:39:59,214 [EventQueue-NodeRegistrationContainerReportForContainerSafeModeRule] INFO  safemode.SCMSafeModeManager (SCMSafeModeManager.java:validateSafeModeExitRules(214)) - ContainerSafeModeRule rule is successfully validated
2020-07-01 01:39:59,214 [EventQueue-NodeRegistrationContainerReportForDataNodeSafeModeRule] INFO  safemode.SCMSafeModeManager (SCMSafeModeManager.java:validateSafeModeExitRules(214)) - DataNodeSafeModeRule rule is successfully validated
2020-07-01 01:39:59,214 [RatisPipelineUtilsThread] INFO  pipeline.PipelineStateManager (PipelineStateManager.java:addPipeline(54)) - Created pipeline Pipeline[ Id: f013a7ac-e82f-469d-898c-b54800ed42c7, Nodes: 73a3d22a-588b-4473-8061-4380f2d261cd{ip: 172.17.0.2, host: 51ddc7c4698f, networkLocation: /default-rack, certSerialId: null}, Type:RATIS, Factor:ONE, State:ALLOCATED, leaderId:, CreationTimestamp2020-07-01T01:39:59.213Z]
2020-07-01 01:39:59,215 [RatisPipelineUtilsThread] ERROR pipeline.SCMPipelineManager (SCMPipelineManager.java:createPipeline(222)) - Failed to create pipeline of type RATIS and factor ONE. Exception: Cannot create pipeline of factor 1 using 0 nodes. Used 5 nodes. Healthy nodes 5
2020-07-01 01:39:59,215 [RatisPipelineUtilsThread] ERROR pipeline.SCMPipelineManager (SCMPipelineManager.java:createPipeline(222)) - Failed to create pipeline of type RATIS and factor THREE. Exception: Pipeline creation failed because nodes are engaged in other pipelines and every node can only be engaged in max 2 pipelines. Required 3. Found 2
2020-07-01 01:39:59,298 [IPC Server handler 6 on default port 43515] INFO  net.NetworkTopology (NetworkTopologyImpl.java:add(111)) - Added a new node: /default-rack/173ba019-d60c-431a-ac38-4699cb5a8b68
2020-07-01 01:39:59,298 [IPC Server handler 6 on default port 43515] INFO  node.SCMNodeManager (SCMNodeManager.java:register(268)) - Registered Data node : 173ba019-d60c-431a-ac38-4699cb5a8b68{ip: 172.17.0.2, host: 51ddc7c4698f, networkLocation: /default-rack, certSerialId: null}
2020-07-01 01:39:59,299 [EventQueue-NodeRegistrationContainerReportForContainerSafeModeRule] INFO  safemode.SCMSafeModeManager (SCMSafeModeManager.java:validateSafeModeExitRules(214)) - ContainerSafeModeRule rule is successfully validated
2020-07-01 01:39:59,299 [EventQueue-NodeRegistrationContainerReportForDataNodeSafeModeRule] INFO  safemode.SCMSafeModeManager (SCMSafeModeManager.java:validateSafeModeExitRules(214)) - DataNodeSafeModeRule rule is successfully validated
2020-07-01 01:39:59,299 [RatisPipelineUtilsThread] INFO  pipeline.RatisPipelineProvider (RatisPipelineProvider.java:lambda$create$0(138)) - Sending CreatePipelineCommand for pipeline:PipelineID=f886f815-1acb-48f4-a9d8-e97c39d9038f to datanode:173ba019-d60c-431a-ac38-4699cb5a8b68
2020-07-01 01:39:59,300 [RatisPipelineUtilsThread] INFO  pipeline.PipelineStateManager (PipelineStateManager.java:addPipeline(54)) - Created pipeline Pipeline[ Id: f886f815-1acb-48f4-a9d8-e97c39d9038f, Nodes: 173ba019-d60c-431a-ac38-4699cb5a8b68{ip: 172.17.0.2, host: 51ddc7c4698f, networkLocation: /default-rack, certSerialId: null}, Type:RATIS, Factor:ONE, State:ALLOCATED, leaderId:, CreationTimestamp2020-07-01T01:39:59.299Z]
2020-07-01 01:39:59,300 [RatisPipelineUtilsThread] ERROR pipeline.SCMPipelineManager (SCMPipelineManager.java:createPipeline(222)) - Failed to create pipeline of type RATIS and factor ONE. Exception: Cannot create pipeline of factor 1 using 0 nodes. Used 6 nodes. Healthy nodes 6
2020-07-01 01:39:59,300 [RatisPipelineUtilsThread] INFO  pipeline.RatisPipelineProvider (RatisPipelineProvider.java:lambda$create$0(138)) - Sending CreatePipelineCommand for pipeline:PipelineID=320967b6-edd7-4d00-bc0b-3f4429acdea2 to datanode:2228b8b0-1bd4-4abc-8be5-fec7aeebcbed
2020-07-01 01:39:59,300 [RatisPipelineUtilsThread] INFO  pipeline.RatisPipelineProvider (RatisPipelineProvider.java:lambda$create$0(138)) - Sending CreatePipelineCommand for pipeline:PipelineID=320967b6-edd7-4d00-bc0b-3f4429acdea2 to datanode:173ba019-d60c-431a-ac38-4699cb5a8b68
2020-07-01 01:39:59,300 [RatisPipelineUtilsThread] INFO  pipeline.RatisPipelineProvider (RatisPipelineProvider.java:lambda$create$0(138)) - Sending CreatePipelineCommand for pipeline:PipelineID=320967b6-edd7-4d00-bc0b-3f4429acdea2 to datanode:73a3d22a-588b-4473-8061-4380f2d261cd
2020-07-01 01:39:59,301 [RatisPipelineUtilsThread] INFO  pipeline.PipelineStateManager (PipelineStateManager.java:addPipeline(54)) - Created pipeline Pipeline[ Id: 320967b6-edd7-4d00-bc0b-3f4429acdea2, Nodes: 2228b8b0-1bd4-4abc-8be5-fec7aeebcbed{ip: 172.17.0.2, host: 51ddc7c4698f, networkLocation: /default-rack, certSerialId: null}173ba019-d60c-431a-ac38-4699cb5a8b68{ip: 172.17.0.2, host: 51ddc7c4698f, networkLocation: /default-rack, certSerialId: null}73a3d22a-588b-4473-8061-4380f2d261cd{ip: 172.17.0.2, host: 51ddc7c4698f, networkLocation: /default-rack, certSerialId: null}, Type:RATIS, Factor:THREE, State:ALLOCATED, leaderId:, CreationTimestamp2020-07-01T01:39:59.300Z]
2020-07-01 01:39:59,301 [RatisPipelineUtilsThread] ERROR pipeline.SCMPipelineManager (SCMPipelineManager.java:createPipeline(222)) - Failed to create pipeline of type RATIS and factor THREE. Exception: Pipeline creation failed because nodes are engaged in other pipelines and every node can only be engaged in max 2 pipelines. Required 3. Found 0
2020-07-01 01:39:59,376 [IPC Server handler 5 on default port 43515] INFO  net.NetworkTopology (NetworkTopologyImpl.java:add(111)) - Added a new node: /default-rack/4a250b03-fc0c-4fc6-b3de-35498431563c
2020-07-01 01:39:59,377 [IPC Server handler 5 on default port 43515] INFO  node.SCMNodeManager (SCMNodeManager.java:register(268)) - Registered Data node : 4a250b03-fc0c-4fc6-b3de-35498431563c{ip: 172.17.0.2, host: 51ddc7c4698f, networkLocation: /default-rack, certSerialId: null}
2020-07-01 01:39:59,377 [RatisPipelineUtilsThread] INFO  pipeline.RatisPipelineProvider (RatisPipelineProvider.java:lambda$create$0(138)) - Sending CreatePipelineCommand for pipeline:PipelineID=1e71a80f-8732-41c8-9644-dfced8e99a6d to datanode:4a250b03-fc0c-4fc6-b3de-35498431563c
2020-07-01 01:39:59,378 [EventQueue-NodeRegistrationContainerReportForContainerSafeModeRule] INFO  safemode.SCMSafeModeManager (SCMSafeModeManager.java:validateSafeModeExitRules(214)) - ContainerSafeModeRule rule is successfully validated
2020-07-01 01:39:59,378 [EventQueue-NodeRegistrationContainerReportForDataNodeSafeModeRule] INFO  safemode.SCMSafeModeManager (SCMSafeModeManager.java:validateSafeModeExitRules(214)) - DataNodeSafeModeRule rule is successfully validated
2020-07-01 01:39:59,378 [RatisPipelineUtilsThread] INFO  pipeline.PipelineStateManager (PipelineStateManager.java:addPipeline(54)) - Created pipeline Pipeline[ Id: 1e71a80f-8732-41c8-9644-dfced8e99a6d, Nodes: 4a250b03-fc0c-4fc6-b3de-35498431563c{ip: 172.17.0.2, host: 51ddc7c4698f, networkLocation: /default-rack, certSerialId: null}, Type:RATIS, Factor:ONE, State:ALLOCATED, leaderId:, CreationTimestamp2020-07-01T01:39:59.377Z]
2020-07-01 01:39:59,379 [RatisPipelineUtilsThread] ERROR pipeline.SCMPipelineManager (SCMPipelineManager.java:createPipeline(222)) - Failed to create pipeline of type RATIS and factor ONE. Exception: Cannot create pipeline of factor 1 using 0 nodes. Used 7 nodes. Healthy nodes 7
2020-07-01 01:39:59,379 [RatisPipelineUtilsThread] ERROR pipeline.SCMPipelineManager (SCMPipelineManager.java:createPipeline(222)) - Failed to create pipeline of type RATIS and factor THREE. Exception: Pipeline creation failed because nodes are engaged in other pipelines and every node can only be engaged in max 2 pipelines. Required 3. Found 1
2020-07-01 01:39:59,448 [IPC Server handler 9 on default port 43515] INFO  net.NetworkTopology (NetworkTopologyImpl.java:add(111)) - Added a new node: /default-rack/8c5b2b67-bc34-46b0-b6c3-958390f4d72e
2020-07-01 01:39:59,448 [IPC Server handler 9 on default port 43515] INFO  node.SCMNodeManager (SCMNodeManager.java:register(268)) - Registered Data node : 8c5b2b67-bc34-46b0-b6c3-958390f4d72e{ip: 172.17.0.2, host: 51ddc7c4698f, networkLocation: /default-rack, certSerialId: null}
2020-07-01 01:39:59,449 [RatisPipelineUtilsThread] INFO  pipeline.RatisPipelineProvider (RatisPipelineProvider.java:lambda$create$0(138)) - Sending CreatePipelineCommand for pipeline:PipelineID=db8ef107-4816-4818-8bc5-006a94dda21b to datanode:8c5b2b67-bc34-46b0-b6c3-958390f4d72e
2020-07-01 01:39:59,449 [EventQueue-NodeRegistrationContainerReportForContainerSafeModeRule] INFO  safemode.SCMSafeModeManager (SCMSafeModeManager.java:validateSafeModeExitRules(214)) - ContainerSafeModeRule rule is successfully validated
2020-07-01 01:39:59,449 [EventQueue-NodeRegistrationContainerReportForDataNodeSafeModeRule] INFO  safemode.SCMSafeModeManager (SCMSafeModeManager.java:validateSafeModeExitRules(214)) - DataNodeSafeModeRule rule is successfully validated
2020-07-01 01:39:59,449 [RatisPipelineUtilsThread] INFO  pipeline.PipelineStateManager (PipelineStateManager.java:addPipeline(54)) - Created pipeline Pipeline[ Id: db8ef107-4816-4818-8bc5-006a94dda21b, Nodes: 8c5b2b67-bc34-46b0-b6c3-958390f4d72e{ip: 172.17.0.2, host: 51ddc7c4698f, networkLocation: /default-rack, certSerialId: null}, Type:RATIS, Factor:ONE, State:ALLOCATED, leaderId:, CreationTimestamp2020-07-01T01:39:59.449Z]
2020-07-01 01:39:59,450 [RatisPipelineUtilsThread] ERROR pipeline.SCMPipelineManager (SCMPipelineManager.java:createPipeline(222)) - Failed to create pipeline of type RATIS and factor ONE. Exception: Cannot create pipeline of factor 1 using 0 nodes. Used 8 nodes. Healthy nodes 8
2020-07-01 01:39:59,450 [RatisPipelineUtilsThread] ERROR pipeline.SCMPipelineManager (SCMPipelineManager.java:createPipeline(222)) - Failed to create pipeline of type RATIS and factor THREE. Exception: Pipeline creation failed because nodes are engaged in other pipelines and every node can only be engaged in max 2 pipelines. Required 3. Found 2
2020-07-01 01:39:59,493 [Listener at 127.0.0.1/36859] INFO  ozone.MiniOzoneClusterImpl (MiniOzoneClusterImpl.java:lambda$waitForClusterToBeReady$0(177)) - Waiting for nodes to be ready. Got 8 of 9 DN Heartbeats.
2020-07-01 01:39:59,493 [Listener at 127.0.0.1/36859] INFO  ozone.MiniOzoneClusterImpl (MiniOzoneClusterImpl.java:lambda$waitForClusterToBeReady$0(180)) - Waiting for cluster to exit safe mode
2020-07-01 01:39:59,497 [IPC Server handler 10 on default port 43515] INFO  net.NetworkTopology (NetworkTopologyImpl.java:add(111)) - Added a new node: /default-rack/86e2f92f-9f2f-47be-9996-581eb5cc11da
2020-07-01 01:39:59,497 [IPC Server handler 10 on default port 43515] INFO  node.SCMNodeManager (SCMNodeManager.java:register(268)) - Registered Data node : 86e2f92f-9f2f-47be-9996-581eb5cc11da{ip: 172.17.0.2, host: 51ddc7c4698f, networkLocation: /default-rack, certSerialId: null}
2020-07-01 01:39:59,497 [RatisPipelineUtilsThread] INFO  pipeline.RatisPipelineProvider (RatisPipelineProvider.java:lambda$create$0(138)) - Sending CreatePipelineCommand for pipeline:PipelineID=6953edba-cdff-4ce3-ac45-deae86d0d0f5 to datanode:86e2f92f-9f2f-47be-9996-581eb5cc11da
2020-07-01 01:39:59,497 [EventQueue-NodeRegistrationContainerReportForContainerSafeModeRule] INFO  safemode.SCMSafeModeManager (SCMSafeModeManager.java:validateSafeModeExitRules(214)) - ContainerSafeModeRule rule is successfully validated
2020-07-01 01:39:59,498 [EventQueue-NodeRegistrationContainerReportForDataNodeSafeModeRule] INFO  safemode.SCMSafeModeManager (SCMSafeModeManager.java:validateSafeModeExitRules(214)) - DataNodeSafeModeRule rule is successfully validated
2020-07-01 01:39:59,498 [RatisPipelineUtilsThread] INFO  pipeline.PipelineStateManager (PipelineStateManager.java:addPipeline(54)) - Created pipeline Pipeline[ Id: 6953edba-cdff-4ce3-ac45-deae86d0d0f5, Nodes: 86e2f92f-9f2f-47be-9996-581eb5cc11da{ip: 172.17.0.2, host: 51ddc7c4698f, networkLocation: /default-rack, certSerialId: null}, Type:RATIS, Factor:ONE, State:ALLOCATED, leaderId:, CreationTimestamp2020-07-01T01:39:59.497Z]
2020-07-01 01:39:59,499 [RatisPipelineUtilsThread] ERROR pipeline.SCMPipelineManager (SCMPipelineManager.java:createPipeline(222)) - Failed to create pipeline of type RATIS and factor ONE. Exception: Cannot create pipeline of factor 1 using 0 nodes. Used 9 nodes. Healthy nodes 9
2020-07-01 01:39:59,499 [RatisPipelineUtilsThread] INFO  pipeline.RatisPipelineProvider (RatisPipelineProvider.java:lambda$create$0(138)) - Sending CreatePipelineCommand for pipeline:PipelineID=56595784-b98f-43aa-ac8d-edc9ad94d6a7 to datanode:8c5b2b67-bc34-46b0-b6c3-958390f4d72e
2020-07-01 01:39:59,499 [RatisPipelineUtilsThread] INFO  pipeline.RatisPipelineProvider (RatisPipelineProvider.java:lambda$create$0(138)) - Sending CreatePipelineCommand for pipeline:PipelineID=56595784-b98f-43aa-ac8d-edc9ad94d6a7 to datanode:86e2f92f-9f2f-47be-9996-581eb5cc11da
2020-07-01 01:39:59,500 [RatisPipelineUtilsThread] INFO  pipeline.RatisPipelineProvider (RatisPipelineProvider.java:lambda$create$0(138)) - Sending CreatePipelineCommand for pipeline:PipelineID=56595784-b98f-43aa-ac8d-edc9ad94d6a7 to datanode:4a250b03-fc0c-4fc6-b3de-35498431563c
2020-07-01 01:39:59,500 [RatisPipelineUtilsThread] INFO  pipeline.PipelineStateManager (PipelineStateManager.java:addPipeline(54)) - Created pipeline Pipeline[ Id: 56595784-b98f-43aa-ac8d-edc9ad94d6a7, Nodes: 8c5b2b67-bc34-46b0-b6c3-958390f4d72e{ip: 172.17.0.2, host: 51ddc7c4698f, networkLocation: /default-rack, certSerialId: null}86e2f92f-9f2f-47be-9996-581eb5cc11da{ip: 172.17.0.2, host: 51ddc7c4698f, networkLocation: /default-rack, certSerialId: null}4a250b03-fc0c-4fc6-b3de-35498431563c{ip: 172.17.0.2, host: 51ddc7c4698f, networkLocation: /default-rack, certSerialId: null}, Type:RATIS, Factor:THREE, State:ALLOCATED, leaderId:, CreationTimestamp2020-07-01T01:39:59.499Z]
2020-07-01 01:39:59,501 [RatisPipelineUtilsThread] ERROR pipeline.SCMPipelineManager (SCMPipelineManager.java:createPipeline(222)) - Failed to create pipeline of type RATIS and factor THREE. Exception: Pipeline creation failed because nodes are engaged in other pipelines and every node can only be engaged in max 2 pipelines. Required 3. Found 0
2020-07-01 01:40:00,493 [Listener at 127.0.0.1/36859] INFO  ozone.MiniOzoneClusterImpl (MiniOzoneClusterImpl.java:lambda$waitForClusterToBeReady$0(177)) - Nodes are ready. Got 9 of 9 DN Heartbeats.
2020-07-01 01:40:00,495 [Listener at 127.0.0.1/36859] INFO  ozone.MiniOzoneClusterImpl (MiniOzoneClusterImpl.java:lambda$waitForClusterToBeReady$0(180)) - Waiting for cluster to exit safe mode
2020-07-01 01:40:01,495 [Listener at 127.0.0.1/36859] INFO  ozone.MiniOzoneClusterImpl (MiniOzoneClusterImpl.java:lambda$waitForClusterToBeReady$0(177)) - Nodes are ready. Got 9 of 9 DN Heartbeats.
2020-07-01 01:40:01,496 [Listener at 127.0.0.1/36859] INFO  ozone.MiniOzoneClusterImpl (MiniOzoneClusterImpl.java:lambda$waitForClusterToBeReady$0(180)) - Waiting for cluster to exit safe mode
2020-07-01 01:40:01,854 [Command processor thread] INFO  impl.RaftServerProxy (RaftServerProxy.java:addNew(89)) - 2fd12e45-5261-4e74-9c65-dcdedcebcdd5: addNew group-E545D14EB332:[2fd12e45-5261-4e74-9c65-dcdedcebcdd5:172.17.0.2:38961] returns group-E545D14EB332:java.util.concurrent.CompletableFuture@2545bf27[Not completed]
2020-07-01 01:40:01,871 [pool-33-thread-1] INFO  impl.RaftServerImpl (RaftServerImpl.java:<init>(99)) - 2fd12e45-5261-4e74-9c65-dcdedcebcdd5: new RaftServerImpl for group-E545D14EB332:[2fd12e45-5261-4e74-9c65-dcdedcebcdd5:172.17.0.2:38961] with ContainerStateMachine:uninitialized
2020-07-01 01:40:01,872 [pool-33-thread-1] INFO  server.RaftServerConfigKeys (ConfUtils.java:logGet(44)) - raft.server.rpc.timeout.min = 5s (custom)
2020-07-01 01:40:01,872 [pool-33-thread-1] INFO  server.RaftServerConfigKeys (ConfUtils.java:logGet(44)) - raft.server.rpc.timeout.max = 5200ms (custom)
2020-07-01 01:40:01,872 [pool-33-thread-1] INFO  server.RaftServerConfigKeys (ConfUtils.java:logGet(44)) - raft.server.rpcslowness.timeout = 300s (custom)
2020-07-01 01:40:01,873 [pool-33-thread-1] INFO  server.RaftServerConfigKeys (ConfUtils.java:logGet(44)) - raft.server.sleep.deviation.threshold = 300 (default)
2020-07-01 01:40:01,873 [pool-33-thread-1] INFO  server.RaftServerConfigKeys (ConfUtils.java:logGet(44)) - raft.server.log.appender.install.snapshot.enabled = false (custom)
2020-07-01 01:40:01,878 [pool-33-thread-1] INFO  impl.RaftServerImpl (ServerState.java:<init>(103)) - 2fd12e45-5261-4e74-9c65-dcdedcebcdd5@group-E545D14EB332: ConfigurationManager, init=-1: [2fd12e45-5261-4e74-9c65-dcdedcebcdd5:172.17.0.2:38961], old=null, confs=<EMPTY_MAP>
2020-07-01 01:40:01,878 [pool-33-thread-1] INFO  server.RaftServerConfigKeys (ConfUtils.java:logGet(44)) - raft.server.storage.dir = [/github/workspace/mnt/ozone/hadoop-ozone/integration-test/target/test-dir/MiniOzoneClusterImpl-1f0cff23-21f0-432d-9716-db38e1d74a84/datanode-0/data/ratis] (custom)
2020-07-01 01:40:01,882 [pool-33-thread-1] INFO  server.RaftServerConfigKeys (ConfUtils.java:logGet(44)) - raft.server.log.corruption.policy = EXCEPTION (default)
2020-07-01 01:40:01,883 [pool-33-thread-1] INFO  storage.RaftStorageDirectory (RaftStorageDirectory.java:analyzeStorage(261)) - The storage directory /github/workspace/mnt/ozone/hadoop-ozone/integration-test/target/test-dir/MiniOzoneClusterImpl-1f0cff23-21f0-432d-9716-db38e1d74a84/datanode-0/data/ratis/25942eba-13d8-409c-8cae-e545d14eb332 does not exist. Creating ...
2020-07-01 01:40:01,886 [pool-33-thread-1] INFO  storage.RaftStorageDirectory (RaftStorageDirectory.java:tryLock(343)) - Lock on /github/workspace/mnt/ozone/hadoop-ozone/integration-test/target/test-dir/MiniOzoneClusterImpl-1f0cff23-21f0-432d-9716-db38e1d74a84/datanode-0/data/ratis/25942eba-13d8-409c-8cae-e545d14eb332/in_use.lock acquired by nodename 45845@51ddc7c4698f
2020-07-01 01:40:01,888 [pool-33-thread-1] INFO  storage.RaftStorage (RaftStorage.java:format(84)) - Storage directory /github/workspace/mnt/ozone/hadoop-ozone/integration-test/target/test-dir/MiniOzoneClusterImpl-1f0cff23-21f0-432d-9716-db38e1d74a84/datanode-0/data/ratis/25942eba-13d8-409c-8cae-e545d14eb332 has been successfully formatted.
2020-07-01 01:40:01,892 [pool-33-thread-1] INFO  ratis.ContainerStateMachine (ContainerStateMachine.java:loadSnapshot(226)) - group-E545D14EB332: The snapshot info is null. Setting the last applied indexto:(t:0, i:~)
2020-07-01 01:40:01,893 [pool-33-thread-1] INFO  server.RaftServerConfigKeys (ConfUtils.java:logGet(44)) - raft.server.notification.no-leader.timeout = 60s (default)
2020-07-01 01:40:01,895 [pool-33-thread-1] INFO  server.RaftServerConfigKeys (ConfUtils.java:logGet(44)) - raft.server.log.use.memory = false (default)
2020-07-01 01:40:01,898 [pool-33-thread-1] INFO  server.RaftServerConfigKeys (ConfUtils.java:logGet(44)) - raft.server.log.purge.gap = 1000000 (custom)
2020-07-01 01:40:01,899 [pool-33-thread-1] INFO  server.RaftServerConfigKeys (ConfUtils.java:logGet(44)) - raft.server.log.appender.buffer.byte-limit = 33554432 (custom)
2020-07-01 01:40:01,901 [pool-33-thread-1] INFO  server.RaftServerConfigKeys (ConfUtils.java:logGet(44)) - raft.server.log.segment.size.max = 1048576 (custom)
2020-07-01 01:40:01,904 [pool-33-thread-1] INFO  metrics.RatisMetrics (RatisMetrics.java:lambda$create$0(36)) - Creating Metrics Registry : ratis.log_worker.2fd12e45-5261-4e74-9c65-dcdedcebcdd5@group-E545D14EB332
2020-07-01 01:40:01,913 [pool-33-thread-1] INFO  server.RaftServerConfigKeys (ConfUtils.java:logGet(44)) - raft.server.log.segment.cache.num.max = 2 (custom)
2020-07-01 01:40:01,916 [pool-33-thread-1] INFO  segmented.SegmentedRaftLogWorker (SegmentedRaftLogWorker.java:<init>(180)) - new 2fd12e45-5261-4e74-9c65-dcdedcebcdd5@group-E545D14EB332-SegmentedRaftLogWorker for RaftStorage:Storage Directory /github/workspace/mnt/ozone/hadoop-ozone/integration-test/target/test-dir/MiniOzoneClusterImpl-1f0cff23-21f0-432d-9716-db38e1d74a84/datanode-0/data/ratis/25942eba-13d8-409c-8cae-e545d14eb332
2020-07-01 01:40:01,917 [pool-33-thread-1] INFO  server.RaftServerConfigKeys (ConfUtils.java:logGet(44)) - raft.server.log.queue.byte-limit = 2147483647 (custom)
2020-07-01 01:40:01,918 [EventQueue-PipelineReportForPipelineReportHandler] INFO  pipeline.PipelineStateManager (PipelineStateManager.java:openPipeline(131)) - Pipeline Pipeline[ Id: 25942eba-13d8-409c-8cae-e545d14eb332, Nodes: 2fd12e45-5261-4e74-9c65-dcdedcebcdd5{ip: 172.17.0.2, host: 51ddc7c4698f, networkLocation: /default-rack, certSerialId: null}, Type:RATIS, Factor:ONE, State:ALLOCATED, leaderId:2fd12e45-5261-4e74-9c65-dcdedcebcdd5, CreationTimestamp2020-07-01T01:39:58.845Z] moved to OPEN state
2020-07-01 01:40:01,920 [pool-33-thread-1] INFO  server.RaftServerConfigKeys (ConfUtils.java:logGet(44)) - raft.server.log.queue.element-limit = 1024 (custom)
2020-07-01 01:40:01,920 [EventQueue-OpenPipelineForOneReplicaPipelineSafeModeRule] INFO  safemode.SCMSafeModeManager (SCMSafeModeManager.java:validateSafeModeExitRules(214)) - AtleastOneDatanodeReportedRule rule is successfully validated
2020-07-01 01:40:01,921 [EventQueue-OpenPipelineForHealthyPipelineSafeModeRule] INFO  safemode.SCMSafeModeManager (HealthyPipelineSafeModeRule.java:process(129)) - SCM in safe mode. Healthy pipelines reported count is 0, required healthy pipeline reported count is 1
2020-07-01 01:40:01,921 [pool-33-thread-1] INFO  server.RaftServerConfigKeys (ConfUtils.java:logGet(44)) - raft.server.log.segment.size.max = 1048576 (custom)
2020-07-01 01:40:01,922 [pool-33-thread-1] INFO  server.RaftServerConfigKeys (ConfUtils.java:logGet(44)) - raft.server.log.preallocated.size = 16384 (custom)
2020-07-01 01:40:01,922 [pool-33-thread-1] INFO  server.RaftServerConfigKeys (ConfUtils.java:logGet(44)) - raft.server.log.write.buffer.size = 1048576 (custom)
2020-07-01 01:40:01,922 [pool-33-thread-1] INFO  server.RaftServerConfigKeys (ConfUtils.java:logGet(44)) - raft.server.log.force.sync.num = 128 (default)
2020-07-01 01:40:01,923 [pool-33-thread-1] INFO  server.RaftServerConfigKeys (ConfUtils.java:logGet(44)) - raft.server.log.statemachine.data.sync = true (default)
2020-07-01 01:40:01,923 [pool-33-thread-1] INFO  server.RaftServerConfigKeys (ConfUtils.java:logGet(44)) - raft.server.log.statemachine.data.sync.timeout = 10s (default)
2020-07-01 01:40:01,924 [pool-33-thread-1] INFO  server.RaftServerConfigKeys (ConfUtils.java:logGet(44)) - raft.server.log.statemachine.data.sync.timeout.retry = -1 (default)
2020-07-01 01:40:01,942 [pool-33-thread-1] INFO  server.RaftServerConfigKeys (ConfUtils.java:logGet(44)) - raft.server.log.statemachine.data.caching.enabled = true (custom)
2020-07-01 01:40:01,946 [pool-33-thread-1] INFO  segmented.SegmentedRaftLogWorker (SegmentedRaftLogWorker.java:lambda$new$0(129)) - 2fd12e45-5261-4e74-9c65-dcdedcebcdd5@group-E545D14EB332-SegmentedRaftLogWorker: flushIndex: setUnconditionally 0 -> -1
2020-07-01 01:40:01,946 [pool-33-thread-1] INFO  segmented.SegmentedRaftLogWorker (SegmentedRaftLogWorker.java:lambda$new$0(129)) - 2fd12e45-5261-4e74-9c65-dcdedcebcdd5@group-E545D14EB332-SegmentedRaftLogWorker: safeCacheEvictIndex: setUnconditionally 0 -> -1
2020-07-01 01:40:01,950 [pool-33-thread-1] INFO  server.RaftServerConfigKeys (ConfUtils.java:logGet(44)) - raft.server.snapshot.auto.trigger.enabled = true (custom)
2020-07-01 01:40:01,959 [pool-33-thread-1] INFO  server.RaftServerConfigKeys (ConfUtils.java:logGet(44)) - raft.server.snapshot.auto.trigger.threshold = 10000 (custom)
2020-07-01 01:40:01,960 [pool-33-thread-1] INFO  server.RaftServerConfigKeys (ConfUtils.java:logGet(44)) - raft.server.snapshot.retention.file.num = 5 (custom)
2020-07-01 01:40:01,960 [pool-33-thread-1] INFO  server.RaftServerConfigKeys (ConfUtils.java:logGet(44)) - raft.server.log.purge.upto.snapshot.index = false (default)
2020-07-01 01:40:01,960 [pool-33-thread-1] INFO  server.RaftServerConfigKeys (ConfUtils.java:logGet(44)) - raft.server.retrycache.expirytime = 600000ms (custom)
2020-07-01 01:40:01,978 [pool-33-thread-1] INFO  metrics.RatisMetrics (RatisMetrics.java:lambda$create$0(36)) - Creating Metrics Registry : ratis.leader_election.2fd12e45-5261-4e74-9c65-dcdedcebcdd5@group-E545D14EB332
2020-07-01 01:40:01,982 [Command processor thread] INFO  impl.RaftServerProxy (RaftServerProxy.java:addNew(89)) - 0e87e1a8-862d-4038-8503-5ba64ecc883e: addNew group-EFEA6DCF6E73:[0e87e1a8-862d-4038-8503-5ba64ecc883e:172.17.0.2:44311] returns group-EFEA6DCF6E73:java.util.concurrent.CompletableFuture@3a9bef6d[Not completed]
2020-07-01 01:40:01,991 [pool-33-thread-1] INFO  metrics.RatisMetrics (RatisMetrics.java:lambda$create$0(36)) - Creating Metrics Registry : ratis.server.2fd12e45-5261-4e74-9c65-dcdedcebcdd5@group-E545D14EB332
2020-07-01 01:40:01,994 [pool-48-thread-1] INFO  impl.RaftServerImpl (RaftServerImpl.java:<init>(99)) - 0e87e1a8-862d-4038-8503-5ba64ecc883e: new RaftServerImpl for group-EFEA6DCF6E73:[0e87e1a8-862d-4038-8503-5ba64ecc883e:172.17.0.2:44311] with ContainerStateMachine:uninitialized
2020-07-01 01:40:01,994 [pool-48-thread-1] INFO  server.RaftServerConfigKeys (ConfUtils.java:logGet(44)) - raft.server.rpc.timeout.min = 5s (custom)
2020-07-01 01:40:01,994 [pool-48-thread-1] INFO  server.RaftServerConfigKeys (ConfUtils.java:logGet(44)) - raft.server.rpc.timeout.max = 5200ms (custom)
2020-07-01 01:40:01,994 [pool-48-thread-1] INFO  server.RaftServerConfigKeys (ConfUtils.java:logGet(44)) - raft.server.rpcslowness.timeout = 300s (custom)
2020-07-01 01:40:01,994 [pool-48-thread-1] INFO  server.RaftServerConfigKeys (ConfUtils.java:logGet(44)) - raft.server.sleep.deviation.threshold = 300 (default)
2020-07-01 01:40:01,994 [pool-48-thread-1] INFO  server.RaftServerConfigKeys (ConfUtils.java:logGet(44)) - raft.server.log.appender.install.snapshot.enabled = false (custom)
2020-07-01 01:40:01,994 [pool-48-thread-1] INFO  impl.RaftServerImpl (ServerState.java:<init>(103)) - 0e87e1a8-862d-4038-8503-5ba64ecc883e@group-EFEA6DCF6E73: ConfigurationManager, init=-1: [0e87e1a8-862d-4038-8503-5ba64ecc883e:172.17.0.2:44311], old=null, confs=<EMPTY_MAP>
2020-07-01 01:40:01,994 [pool-48-thread-1] INFO  server.RaftServerConfigKeys (ConfUtils.java:logGet(44)) - raft.server.storage.dir = [/github/workspace/mnt/ozone/hadoop-ozone/integration-test/target/test-dir/MiniOzoneClusterImpl-1f0cff23-21f0-432d-9716-db38e1d74a84/datanode-1/data/ratis] (custom)
2020-07-01 01:40:01,994 [pool-48-thread-1] INFO  server.RaftServerConfigKeys (ConfUtils.java:logGet(44)) - raft.server.log.corruption.policy = EXCEPTION (default)
2020-07-01 01:40:02,003 [pool-33-thread-1] INFO  impl.RaftServerImpl (RaftServerImpl.java:start(186)) - 2fd12e45-5261-4e74-9c65-dcdedcebcdd5@group-E545D14EB332: start as a follower, conf=-1: [2fd12e45-5261-4e74-9c65-dcdedcebcdd5:172.17.0.2:38961], old=null
2020-07-01 01:40:01,994 [pool-48-thread-1] INFO  storage.RaftStorageDirectory (RaftStorageDirectory.java:analyzeStorage(261)) - The storage directory /github/workspace/mnt/ozone/hadoop-ozone/integration-test/target/test-dir/MiniOzoneClusterImpl-1f0cff23-21f0-432d-9716-db38e1d74a84/datanode-1/data/ratis/80d7c221-2990-4e22-81a9-efea6dcf6e73 does not exist. Creating ...
2020-07-01 01:40:02,005 [pool-33-thread-1] INFO  impl.RaftServerImpl (RaftServerImpl.java:setRole(175)) - 2fd12e45-5261-4e74-9c65-dcdedcebcdd5@group-E545D14EB332: changes role from      null to FOLLOWER at term 0 for startAsFollower
2020-07-01 01:40:02,005 [pool-48-thread-1] INFO  storage.RaftStorageDirectory (RaftStorageDirectory.java:tryLock(343)) - Lock on /github/workspace/mnt/ozone/hadoop-ozone/integration-test/target/test-dir/MiniOzoneClusterImpl-1f0cff23-21f0-432d-9716-db38e1d74a84/datanode-1/data/ratis/80d7c221-2990-4e22-81a9-efea6dcf6e73/in_use.lock acquired by nodename 45845@51ddc7c4698f
2020-07-01 01:40:02,006 [pool-33-thread-1] INFO  impl.RoleInfo (RoleInfo.java:updateAndGet(143)) - 2fd12e45-5261-4e74-9c65-dcdedcebcdd5: start FollowerState
2020-07-01 01:40:02,007 [pool-33-thread-1] INFO  util.JmxRegister (JmxRegister.java:tryRegister(44)) - Successfully registered JMX Bean with object name Ratis:service=RaftServer,group=group-E545D14EB332,id=2fd12e45-5261-4e74-9c65-dcdedcebcdd5
2020-07-01 01:40:02,009 [pool-33-thread-1] INFO  metrics.RatisMetrics (RatisMetrics.java:lambda$create$0(36)) - Creating Metrics Registry : ratis.state_machine.2fd12e45-5261-4e74-9c65-dcdedcebcdd5@group-E545D14EB332
2020-07-01 01:40:02,011 [pool-48-thread-1] INFO  storage.RaftStorage (RaftStorage.java:format(84)) - Storage directory /github/workspace/mnt/ozone/hadoop-ozone/integration-test/target/test-dir/MiniOzoneClusterImpl-1f0cff23-21f0-432d-9716-db38e1d74a84/datanode-1/data/ratis/80d7c221-2990-4e22-81a9-efea6dcf6e73 has been successfully formatted.
2020-07-01 01:40:02,018 [pool-48-thread-1] INFO  ratis.ContainerStateMachine (ContainerStateMachine.java:loadSnapshot(226)) - group-EFEA6DCF6E73: The snapshot info is null. Setting the last applied indexto:(t:0, i:~)
2020-07-01 01:40:02,019 [pool-48-thread-1] INFO  server.RaftServerConfigKeys (ConfUtils.java:logGet(44)) - raft.server.notification.no-leader.timeout = 60s (default)
2020-07-01 01:40:02,019 [pool-48-thread-1] INFO  server.RaftServerConfigKeys (ConfUtils.java:logGet(44)) - raft.server.log.use.memory = false (default)
2020-07-01 01:40:02,019 [pool-48-thread-1] INFO  server.RaftServerConfigKeys (ConfUtils.java:logGet(44)) - raft.server.log.purge.gap = 1000000 (custom)
2020-07-01 01:40:02,019 [pool-48-thread-1] INFO  server.RaftServerConfigKeys (ConfUtils.java:logGet(44)) - raft.server.log.appender.buffer.byte-limit = 33554432 (custom)
2020-07-01 01:40:02,019 [pool-48-thread-1] INFO  server.RaftServerConfigKeys (ConfUtils.java:logGet(44)) - raft.server.log.segment.size.max = 1048576 (custom)
2020-07-01 01:40:02,019 [pool-48-thread-1] INFO  metrics.RatisMetrics (RatisMetrics.java:lambda$create$0(36)) - Creating Metrics Registry : ratis.log_worker.0e87e1a8-862d-4038-8503-5ba64ecc883e@group-EFEA6DCF6E73
2020-07-01 01:40:02,020 [pool-48-thread-1] INFO  server.RaftServerConfigKeys (ConfUtils.java:logGet(44)) - raft.server.log.segment.cache.num.max = 2 (custom)
2020-07-01 01:40:02,021 [EventQueue-PipelineReportForPipelineReportHandler] INFO  pipeline.PipelineStateManager (PipelineStateManager.java:openPipeline(131)) - Pipeline Pipeline[ Id: 80d7c221-2990-4e22-81a9-efea6dcf6e73, Nodes: 0e87e1a8-862d-4038-8503-5ba64ecc883e{ip: 172.17.0.2, host: 51ddc7c4698f, networkLocation: /default-rack, certSerialId: null}, Type:RATIS, Factor:ONE, State:ALLOCATED, leaderId:0e87e1a8-862d-4038-8503-5ba64ecc883e, CreationTimestamp2020-07-01T01:39:58.974Z] moved to OPEN state
2020-07-01 01:40:02,020 [pool-48-thread-1] INFO  segmented.SegmentedRaftLogWorker (SegmentedRaftLogWorker.java:<init>(180)) - new 0e87e1a8-862d-4038-8503-5ba64ecc883e@group-EFEA6DCF6E73-SegmentedRaftLogWorker for RaftStorage:Storage Directory /github/workspace/mnt/ozone/hadoop-ozone/integration-test/target/test-dir/MiniOzoneClusterImpl-1f0cff23-21f0-432d-9716-db38e1d74a84/datanode-1/data/ratis/80d7c221-2990-4e22-81a9-efea6dcf6e73
2020-07-01 01:40:02,022 [pool-48-thread-1] INFO  server.RaftServerConfigKeys (ConfUtils.java:logGet(44)) - raft.server.log.queue.byte-limit = 2147483647 (custom)
2020-07-01 01:40:02,022 [pool-48-thread-1] INFO  server.RaftServerConfigKeys (ConfUtils.java:logGet(44)) - raft.server.log.queue.element-limit = 1024 (custom)
2020-07-01 01:40:02,022 [pool-48-thread-1] INFO  server.RaftServerConfigKeys (ConfUtils.java:logGet(44)) - raft.server.log.segment.size.max = 1048576 (custom)
2020-07-01 01:40:02,022 [pool-48-thread-1] INFO  server.RaftServerConfigKeys (ConfUtils.java:logGet(44)) - raft.server.log.preallocated.size = 16384 (custom)
2020-07-01 01:40:02,022 [pool-48-thread-1] INFO  server.RaftServerConfigKeys (ConfUtils.java:logGet(44)) - raft.server.log.write.buffer.size = 1048576 (custom)
2020-07-01 01:40:02,022 [EventQueue-OpenPipelineForOneReplicaPipelineSafeModeRule] INFO  safemode.SCMSafeModeManager (SCMSafeModeManager.java:validateSafeModeExitRules(214)) - AtleastOneDatanodeReportedRule rule is successfully validated
2020-07-01 01:40:02,022 [EventQueue-OpenPipelineForHealthyPipelineSafeModeRule] INFO  safemode.SCMSafeModeManager (HealthyPipelineSafeModeRule.java:process(129)) - SCM in safe mode. Healthy pipelines reported count is 0, required healthy pipeline reported count is 1
2020-07-01 01:40:02,026 [pool-48-thread-1] INFO  server.RaftServerConfigKeys (ConfUtils.java:logGet(44)) - raft.server.log.force.sync.num = 128 (default)
2020-07-01 01:40:02,026 [pool-48-thread-1] INFO  server.RaftServerConfigKeys (ConfUtils.java:logGet(44)) - raft.server.log.statemachine.data.sync = true (default)
2020-07-01 01:40:02,026 [pool-48-thread-1] INFO  server.RaftServerConfigKeys (ConfUtils.java:logGet(44)) - raft.server.log.statemachine.data.sync.timeout = 10s (default)
2020-07-01 01:40:02,026 [pool-48-thread-1] INFO  server.RaftServerConfigKeys (ConfUtils.java:logGet(44)) - raft.server.log.statemachine.data.sync.timeout.retry = -1 (default)
2020-07-01 01:40:02,030 [pool-48-thread-1] INFO  server.RaftServerConfigKeys (ConfUtils.java:logGet(44)) - raft.server.log.statemachine.data.caching.enabled = true (custom)
2020-07-01 01:40:02,030 [pool-48-thread-1] INFO  segmented.SegmentedRaftLogWorker (SegmentedRaftLogWorker.java:lambda$new$0(129)) - 0e87e1a8-862d-4038-8503-5ba64ecc883e@group-EFEA6DCF6E73-SegmentedRaftLogWorker: flushIndex: setUnconditionally 0 -> -1
2020-07-01 01:40:02,030 [pool-48-thread-1] INFO  segmented.SegmentedRaftLogWorker (SegmentedRaftLogWorker.java:lambda$new$0(129)) - 0e87e1a8-862d-4038-8503-5ba64ecc883e@group-EFEA6DCF6E73-SegmentedRaftLogWorker: safeCacheEvictIndex: setUnconditionally 0 -> -1
2020-07-01 01:40:02,031 [pool-48-thread-1] INFO  server.RaftServerConfigKeys (ConfUtils.java:logGet(44)) - raft.server.snapshot.auto.trigger.enabled = true (custom)
2020-07-01 01:40:02,031 [pool-48-thread-1] INFO  server.RaftServerConfigKeys (ConfUtils.java:logGet(44)) - raft.server.snapshot.auto.trigger.threshold = 10000 (custom)
2020-07-01 01:40:02,031 [pool-48-thread-1] INFO  server.RaftServerConfigKeys (ConfUtils.java:logGet(44)) - raft.server.snapshot.retention.file.num = 5 (custom)
2020-07-01 01:40:02,031 [pool-48-thread-1] INFO  server.RaftServerConfigKeys (ConfUtils.java:logGet(44)) - raft.server.log.purge.upto.snapshot.index = false (default)
2020-07-01 01:40:02,031 [pool-48-thread-1] INFO  server.RaftServerConfigKeys (ConfUtils.java:logGet(44)) - raft.server.retrycache.expirytime = 600000ms (custom)
2020-07-01 01:40:02,031 [pool-48-thread-1] INFO  metrics.RatisMetrics (RatisMetrics.java:lambda$create$0(36)) - Creating Metrics Registry : ratis.leader_election.0e87e1a8-862d-4038-8503-5ba64ecc883e@group-EFEA6DCF6E73
2020-07-01 01:40:02,032 [pool-48-thread-1] INFO  metrics.RatisMetrics (RatisMetrics.java:lambda$create$0(36)) - Creating Metrics Registry : ratis.server.0e87e1a8-862d-4038-8503-5ba64ecc883e@group-EFEA6DCF6E73
2020-07-01 01:40:02,033 [Command processor thread] INFO  commandhandler.CreatePipelineCommandHandler (CreatePipelineCommandHandler.java:handle(109)) - Created Pipeline RATIS ONE #id: "25942eba-13d8-409c-8cae-e545d14eb332"
.
2020-07-01 01:40:02,035 [pool-48-thread-1] INFO  impl.RaftServerImpl (RaftServerImpl.java:start(186)) - 0e87e1a8-862d-4038-8503-5ba64ecc883e@group-EFEA6DCF6E73: start as a follower, conf=-1: [0e87e1a8-862d-4038-8503-5ba64ecc883e:172.17.0.2:44311], old=null
2020-07-01 01:40:02,035 [pool-48-thread-1] INFO  impl.RaftServerImpl (RaftServerImpl.java:setRole(175)) - 0e87e1a8-862d-4038-8503-5ba64ecc883e@group-EFEA6DCF6E73: changes role from      null to FOLLOWER at term 0 for startAsFollower
2020-07-01 01:40:02,035 [pool-48-thread-1] INFO  impl.RoleInfo (RoleInfo.java:updateAndGet(143)) - 0e87e1a8-862d-4038-8503-5ba64ecc883e: start FollowerState
2020-07-01 01:40:02,055 [Command processor thread] INFO  impl.RaftServerProxy (RaftServerProxy.java:addNew(89)) - 2fd12e45-5261-4e74-9c65-dcdedcebcdd5: addNew group-AB27BD356713:[6047ccc9-2d31-4dc4-ab7e-9fb970240402:172.17.0.2:43531, 2fd12e45-5261-4e74-9c65-dcdedcebcdd5:172.17.0.2:38961, 0e87e1a8-862d-4038-8503-5ba64ecc883e:172.17.0.2:44311] returns group-AB27BD356713:java.util.concurrent.CompletableFuture@2f2d99de[Not completed]
2020-07-01 01:40:02,055 [pool-48-thread-1] INFO  util.JmxRegister (JmxRegister.java:tryRegister(44)) - Successfully registered JMX Bean with object name Ratis:service=RaftServer,group=group-EFEA6DCF6E73,id=0e87e1a8-862d-4038-8503-5ba64ecc883e
2020-07-01 01:40:02,056 [pool-48-thread-1] INFO  metrics.RatisMetrics (RatisMetrics.java:lambda$create$0(36)) - Creating Metrics Registry : ratis.state_machine.0e87e1a8-862d-4038-8503-5ba64ecc883e@group-EFEA6DCF6E73
2020-07-01 01:40:02,065 [Command processor thread] INFO  commandhandler.CreatePipelineCommandHandler (CreatePipelineCommandHandler.java:handle(109)) - Created Pipeline RATIS ONE #id: "80d7c221-2990-4e22-81a9-efea6dcf6e73"
.
2020-07-01 01:40:02,065 [Command processor thread] INFO  impl.RaftServerProxy (RaftServerProxy.java:addNew(89)) - 0e87e1a8-862d-4038-8503-5ba64ecc883e: addNew group-AB27BD356713:[6047ccc9-2d31-4dc4-ab7e-9fb970240402:172.17.0.2:43531, 2fd12e45-5261-4e74-9c65-dcdedcebcdd5:172.17.0.2:38961, 0e87e1a8-862d-4038-8503-5ba64ecc883e:172.17.0.2:44311] returns group-AB27BD356713:java.util.concurrent.CompletableFuture@3ea47ce6[Not completed]
2020-07-01 01:40:02,070 [Command processor thread] INFO  impl.RaftServerProxy (RaftServerProxy.java:addNew(89)) - 6047ccc9-2d31-4dc4-ab7e-9fb970240402: addNew group-B55C23691C28:[6047ccc9-2d31-4dc4-ab7e-9fb970240402:172.17.0.2:43531] returns group-B55C23691C28:java.util.concurrent.CompletableFuture@4edcfc09[Not completed]
2020-07-01 01:40:02,080 [pool-33-thread-1] INFO  impl.RaftServerImpl (RaftServerImpl.java:<init>(99)) - 2fd12e45-5261-4e74-9c65-dcdedcebcdd5: new RaftServerImpl for group-AB27BD356713:[6047ccc9-2d31-4dc4-ab7e-9fb970240402:172.17.0.2:43531, 2fd12e45-5261-4e74-9c65-dcdedcebcdd5:172.17.0.2:38961, 0e87e1a8-862d-4038-8503-5ba64ecc883e:172.17.0.2:44311] with ContainerStateMachine:uninitialized
2020-07-01 01:40:02,080 [pool-33-thread-1] INFO  server.RaftServerConfigKeys (ConfUtils.java:logGet(44)) - raft.server.rpc.timeout.min = 5s (custom)
2020-07-01 01:40:02,080 [pool-33-thread-1] INFO  server.RaftServerConfigKeys (ConfUtils.java:logGet(44)) - raft.server.rpc.timeout.max = 5200ms (custom)
2020-07-01 01:40:02,080 [pool-33-thread-1] INFO  server.RaftServerConfigKeys (ConfUtils.java:logGet(44)) - raft.server.rpcslowness.timeout = 300s (custom)
2020-07-01 01:40:02,080 [pool-33-thread-1] INFO  server.RaftServerConfigKeys (ConfUtils.java:logGet(44)) - raft.server.sleep.deviation.threshold = 300 (default)
2020-07-01 01:40:02,080 [pool-33-thread-1] INFO  server.RaftServerConfigKeys (ConfUtils.java:logGet(44)) - raft.server.log.appender.install.snapshot.enabled = false (custom)
2020-07-01 01:40:02,080 [pool-33-thread-1] INFO  impl.RaftServerImpl (ServerState.java:<init>(103)) - 2fd12e45-5261-4e74-9c65-dcdedcebcdd5@group-AB27BD356713: ConfigurationManager, init=-1: [6047ccc9-2d31-4dc4-ab7e-9fb970240402:172.17.0.2:43531, 2fd12e45-5261-4e74-9c65-dcdedcebcdd5:172.17.0.2:38961, 0e87e1a8-862d-4038-8503-5ba64ecc883e:172.17.0.2:44311], old=null, confs=<EMPTY_MAP>
2020-07-01 01:40:02,080 [pool-33-thread-1] INFO  server.RaftServerConfigKeys (ConfUtils.java:logGet(44)) - raft.server.storage.dir = [/github/workspace/mnt/ozone/hadoop-ozone/integration-test/target/test-dir/MiniOzoneClusterImpl-1f0cff23-21f0-432d-9716-db38e1d74a84/datanode-0/data/ratis] (custom)
2020-07-01 01:40:02,080 [pool-48-thread-1] INFO  impl.RaftServerImpl (RaftServerImpl.java:<init>(99)) - 0e87e1a8-862d-4038-8503-5ba64ecc883e: new RaftServerImpl for group-AB27BD356713:[6047ccc9-2d31-4dc4-ab7e-9fb970240402:172.17.0.2:43531, 2fd12e45-5261-4e74-9c65-dcdedcebcdd5:172.17.0.2:38961, 0e87e1a8-862d-4038-8503-5ba64ecc883e:172.17.0.2:44311] with ContainerStateMachine:uninitialized
2020-07-01 01:40:02,081 [pool-48-thread-1] INFO  server.RaftServerConfigKeys (ConfUtils.java:logGet(44)) - raft.server.rpc.timeout.min = 5s (custom)
2020-07-01 01:40:02,081 [pool-48-thread-1] INFO  server.RaftServerConfigKeys (ConfUtils.java:logGet(44)) - raft.server.rpc.timeout.max = 5200ms (custom)
2020-07-01 01:40:02,081 [pool-48-thread-1] INFO  server.RaftServerConfigKeys (ConfUtils.java:logGet(44)) - raft.server.rpcslowness.timeout = 300s (custom)
2020-07-01 01:40:02,081 [pool-48-thread-1] INFO  server.RaftServerConfigKeys (ConfUtils.java:logGet(44)) - raft.server.sleep.deviation.threshold = 300 (default)
2020-07-01 01:40:02,081 [pool-48-thread-1] INFO  server.RaftServerConfigKeys (ConfUtils.java:logGet(44)) - raft.server.log.appender.install.snapshot.enabled = false (custom)
2020-07-01 01:40:02,081 [pool-48-thread-1] INFO  impl.RaftServerImpl (ServerState.java:<init>(103)) - 0e87e1a8-862d-4038-8503-5ba64ecc883e@group-AB27BD356713: ConfigurationManager, init=-1: [6047ccc9-2d31-4dc4-ab7e-9fb970240402:172.17.0.2:43531, 2fd12e45-5261-4e74-9c65-dcdedcebcdd5:172.17.0.2:38961, 0e87e1a8-862d-4038-8503-5ba64ecc883e:172.17.0.2:44311], old=null, confs=<EMPTY_MAP>
2020-07-01 01:40:02,081 [pool-48-thread-1] INFO  server.RaftServerConfigKeys (ConfUtils.java:logGet(44)) - raft.server.storage.dir = [/github/workspace/mnt/ozone/hadoop-ozone/integration-test/target/test-dir/MiniOzoneClusterImpl-1f0cff23-21f0-432d-9716-db38e1d74a84/datanode-1/data/ratis] (custom)
2020-07-01 01:40:02,081 [pool-48-thread-1] INFO  server.RaftServerConfigKeys (ConfUtils.java:logGet(44)) - raft.server.log.corruption.policy = EXCEPTION (default)
2020-07-01 01:40:02,081 [pool-48-thread-1] INFO  storage.RaftStorageDirectory (RaftStorageDirectory.java:analyzeStorage(261)) - The storage directory /github/workspace/mnt/ozone/hadoop-ozone/integration-test/target/test-dir/MiniOzoneClusterImpl-1f0cff23-21f0-432d-9716-db38e1d74a84/datanode-1/data/ratis/b37d36ce-baae-4bb5-9fd1-ab27bd356713 does not exist. Creating ...
2020-07-01 01:40:02,082 [pool-63-thread-1] INFO  impl.RaftServerImpl (RaftServerImpl.java:<init>(99)) - 6047ccc9-2d31-4dc4-ab7e-9fb970240402: new RaftServerImpl for group-B55C23691C28:[6047ccc9-2d31-4dc4-ab7e-9fb970240402:172.17.0.2:43531] with ContainerStateMachine:uninitialized
2020-07-01 01:40:02,081 [pool-33-thread-1] INFO  server.RaftServerConfigKeys (ConfUtils.java:logGet(44)) - raft.server.log.corruption.policy = EXCEPTION (default)
2020-07-01 01:40:02,083 [pool-33-thread-1] INFO  storage.RaftStorageDirectory (RaftStorageDirectory.java:analyzeStorage(261)) - The storage directory /github/workspace/mnt/ozone/hadoop-ozone/integration-test/target/test-dir/MiniOzoneClusterImpl-1f0cff23-21f0-432d-9716-db38e1d74a84/datanode-0/data/ratis/b37d36ce-baae-4bb5-9fd1-ab27bd356713 does not exist. Creating ...
2020-07-01 01:40:02,083 [pool-48-thread-1] INFO  storage.RaftStorageDirectory (RaftStorageDirectory.java:tryLock(343)) - Lock on /github/workspace/mnt/ozone/hadoop-ozone/integration-test/target/test-dir/MiniOzoneClusterImpl-1f0cff23-21f0-432d-9716-db38e1d74a84/datanode-1/data/ratis/b37d36ce-baae-4bb5-9fd1-ab27bd356713/in_use.lock acquired by nodename 45845@51ddc7c4698f
2020-07-01 01:40:02,086 [pool-48-thread-1] INFO  storage.RaftStorage (RaftStorage.java:format(84)) - Storage directory /github/workspace/mnt/ozone/hadoop-ozone/integration-test/target/test-dir/MiniOzoneClusterImpl-1f0cff23-21f0-432d-9716-db38e1d74a84/datanode-1/data/ratis/b37d36ce-baae-4bb5-9fd1-ab27bd356713 has been successfully formatted.
2020-07-01 01:40:02,086 [pool-33-thread-1] INFO  storage.RaftStorageDirectory (RaftStorageDirectory.java:tryLock(343)) - Lock on /github/workspace/mnt/ozone/hadoop-ozone/integration-test/target/test-dir/MiniOzoneClusterImpl-1f0cff23-21f0-432d-9716-db38e1d74a84/datanode-0/data/ratis/b37d36ce-baae-4bb5-9fd1-ab27bd356713/in_use.lock acquired by nodename 45845@51ddc7c4698f
2020-07-01 01:40:02,087 [pool-48-thread-1] INFO  ratis.ContainerStateMachine (ContainerStateMachine.java:loadSnapshot(226)) - group-AB27BD356713: The snapshot info is null. Setting the last applied indexto:(t:0, i:~)
2020-07-01 01:40:02,087 [pool-48-thread-1] INFO  server.RaftServerConfigKeys (ConfUtils.java:logGet(44)) - raft.server.notification.no-leader.timeout = 60s (default)
2020-07-01 01:40:02,087 [pool-48-thread-1] INFO  server.RaftServerConfigKeys (ConfUtils.java:logGet(44)) - raft.server.log.use.memory = false (default)
2020-07-01 01:40:02,087 [pool-48-thread-1] INFO  server.RaftServerConfigKeys (ConfUtils.java:logGet(44)) - raft.server.log.purge.gap = 1000000 (custom)
2020-07-01 01:40:02,087 [pool-48-thread-1] INFO  server.RaftServerConfigKeys (ConfUtils.java:logGet(44)) - raft.server.log.appender.buffer.byte-limit = 33554432 (custom)
2020-07-01 01:40:02,087 [pool-48-thread-1] INFO  server.RaftServerConfigKeys (ConfUtils.java:logGet(44)) - raft.server.log.segment.size.max = 1048576 (custom)
2020-07-01 01:40:02,087 [pool-48-thread-1] INFO  metrics.RatisMetrics (RatisMetrics.java:lambda$create$0(36)) - Creating Metrics Registry : ratis.log_worker.0e87e1a8-862d-4038-8503-5ba64ecc883e@group-AB27BD356713
2020-07-01 01:40:02,087 [pool-33-thread-1] INFO  storage.RaftStorage (RaftStorage.java:format(84)) - Storage directory /github/workspace/mnt/ozone/hadoop-ozone/integration-test/target/test-dir/MiniOzoneClusterImpl-1f0cff23-21f0-432d-9716-db38e1d74a84/datanode-0/data/ratis/b37d36ce-baae-4bb5-9fd1-ab27bd356713 has been successfully formatted.
2020-07-01 01:40:02,088 [pool-48-thread-1] INFO  server.RaftServerConfigKeys (ConfUtils.java:logGet(44)) - raft.server.log.segment.cache.num.max = 2 (custom)
2020-07-01 01:40:02,088 [pool-33-thread-1] INFO  ratis.ContainerStateMachine (ContainerStateMachine.java:loadSnapshot(226)) - group-AB27BD356713: The snapshot info is null. Setting the last applied indexto:(t:0, i:~)
2020-07-01 01:40:02,088 [pool-33-thread-1] INFO  server.RaftServerConfigKeys (ConfUtils.java:logGet(44)) - raft.server.notification.no-leader.timeout = 60s (default)
2020-07-01 01:40:02,088 [pool-33-thread-1] INFO  server.RaftServerConfigKeys (ConfUtils.java:logGet(44)) - raft.server.log.use.memory = false (default)
2020-07-01 01:40:02,088 [pool-33-thread-1] INFO  server.RaftServerConfigKeys (ConfUtils.java:logGet(44)) - raft.server.log.purge.gap = 1000000 (custom)
2020-07-01 01:40:02,088 [pool-33-thread-1] INFO  server.RaftServerConfigKeys (ConfUtils.java:logGet(44)) - raft.server.log.appender.buffer.byte-limit = 33554432 (custom)
2020-07-01 01:40:02,088 [pool-33-thread-1] INFO  server.RaftServerConfigKeys (ConfUtils.java:logGet(44)) - raft.server.log.segment.size.max = 1048576 (custom)
2020-07-01 01:40:02,088 [pool-33-thread-1] INFO  metrics.RatisMetrics (RatisMetrics.java:lambda$create$0(36)) - Creating Metrics Registry : ratis.log_worker.2fd12e45-5261-4e74-9c65-dcdedcebcdd5@group-AB27BD356713
2020-07-01 01:40:02,088 [pool-48-thread-1] INFO  segmented.SegmentedRaftLogWorker (SegmentedRaftLogWorker.java:<init>(180)) - new 0e87e1a8-862d-4038-8503-5ba64ecc883e@group-AB27BD356713-SegmentedRaftLogWorker for RaftStorage:Storage Directory /github/workspace/mnt/ozone/hadoop-ozone/integration-test/target/test-dir/MiniOzoneClusterImpl-1f0cff23-21f0-432d-9716-db38e1d74a84/datanode-1/data/ratis/b37d36ce-baae-4bb5-9fd1-ab27bd356713
2020-07-01 01:40:02,088 [pool-48-thread-1] INFO  server.RaftServerConfigKeys (ConfUtils.java:logGet(44)) - raft.server.log.queue.byte-limit = 2147483647 (custom)
2020-07-01 01:40:02,088 [pool-48-thread-1] INFO  server.RaftServerConfigKeys (ConfUtils.java:logGet(44)) - raft.server.log.queue.element-limit = 1024 (custom)
2020-07-01 01:40:02,088 [pool-33-thread-1] INFO  server.RaftServerConfigKeys (ConfUtils.java:logGet(44)) - raft.server.log.segment.cache.num.max = 2 (custom)
2020-07-01 01:40:02,088 [pool-48-thread-1] INFO  server.RaftServerConfigKeys (ConfUtils.java:logGet(44)) - raft.server.log.segment.size.max = 1048576 (custom)
2020-07-01 01:40:02,089 [pool-48-thread-1] INFO  server.RaftServerConfigKeys (ConfUtils.java:logGet(44)) - raft.server.log.preallocated.size = 16384 (custom)
2020-07-01 01:40:02,089 [pool-48-thread-1] INFO  server.RaftServerConfigKeys (ConfUtils.java:logGet(44)) - raft.server.log.write.buffer.size = 1048576 (custom)
2020-07-01 01:40:02,089 [pool-48-thread-1] INFO  server.RaftServerConfigKeys (ConfUtils.java:logGet(44)) - raft.server.log.force.sync.num = 128 (default)
2020-07-01 01:40:02,089 [pool-48-thread-1] INFO  server.RaftServerConfigKeys (ConfUtils.java:logGet(44)) - raft.server.log.statemachine.data.sync = true (default)
2020-07-01 01:40:02,089 [pool-48-thread-1] INFO  server.RaftServerConfigKeys (ConfUtils.java:logGet(44)) - raft.server.log.statemachine.data.sync.timeout = 10s (default)
2020-07-01 01:40:02,089 [pool-48-thread-1] INFO  server.RaftServerConfigKeys (ConfUtils.java:logGet(44)) - raft.server.log.statemachine.data.sync.timeout.retry = -1 (default)
2020-07-01 01:40:02,090 [pool-63-thread-1] INFO  server.RaftServerConfigKeys (ConfUtils.java:logGet(44)) - raft.server.rpc.timeout.min = 5s (custom)
2020-07-01 01:40:02,091 [pool-63-thread-1] INFO  server.RaftServerConfigKeys (ConfUtils.java:logGet(44)) - raft.server.rpc.timeout.max = 5200ms (custom)
2020-07-01 01:40:02,091 [pool-63-thread-1] INFO  server.RaftServerConfigKeys (ConfUtils.java:logGet(44)) - raft.server.rpcslowness.timeout = 300s (custom)
2020-07-01 01:40:02,092 [pool-63-thread-1] INFO  server.RaftServerConfigKeys (ConfUtils.java:logGet(44)) - raft.server.sleep.deviation.threshold = 300 (default)
2020-07-01 01:40:02,092 [pool-63-thread-1] INFO  server.RaftServerConfigKeys (ConfUtils.java:logGet(44)) - raft.server.log.appender.install.snapshot.enabled = false (custom)
2020-07-01 01:40:02,092 [pool-63-thread-1] INFO  impl.RaftServerImpl (ServerState.java:<init>(103)) - 6047ccc9-2d31-4dc4-ab7e-9fb970240402@group-B55C23691C28: ConfigurationManager, init=-1: [6047ccc9-2d31-4dc4-ab7e-9fb970240402:172.17.0.2:43531], old=null, confs=<EMPTY_MAP>
2020-07-01 01:40:02,092 [pool-63-thread-1] INFO  server.RaftServerConfigKeys (ConfUtils.java:logGet(44)) - raft.server.storage.dir = [/github/workspace/mnt/ozone/hadoop-ozone/integration-test/target/test-dir/MiniOzoneClusterImpl-1f0cff23-21f0-432d-9716-db38e1d74a84/datanode-2/data/ratis] (custom)
2020-07-01 01:40:02,092 [pool-63-thread-1] INFO  server.RaftServerConfigKeys (ConfUtils.java:logGet(44)) - raft.server.log.corruption.policy = EXCEPTION (default)
2020-07-01 01:40:02,092 [pool-63-thread-1] INFO  storage.RaftStorageDirectory (RaftStorageDirectory.java:analyzeStorage(261)) - The storage directory /github/workspace/mnt/ozone/hadoop-ozone/integration-test/target/test-dir/MiniOzoneClusterImpl-1f0cff23-21f0-432d-9716-db38e1d74a84/datanode-2/data/ratis/ec766238-2a58-49ca-9dec-b55c23691c28 does not exist. Creating ...
2020-07-01 01:40:02,089 [pool-33-thread-1] INFO  segmented.SegmentedRaftLogWorker (SegmentedRaftLogWorker.java:<init>(180)) - new 2fd12e45-5261-4e74-9c65-dcdedcebcdd5@group-AB27BD356713-SegmentedRaftLogWorker for RaftStorage:Storage Directory /github/workspace/mnt/ozone/hadoop-ozone/integration-test/target/test-dir/MiniOzoneClusterImpl-1f0cff23-21f0-432d-9716-db38e1d74a84/datanode-0/data/ratis/b37d36ce-baae-4bb5-9fd1-ab27bd356713
2020-07-01 01:40:02,091 [pool-48-thread-1] INFO  server.RaftServerConfigKeys (ConfUtils.java:logGet(44)) - raft.server.log.statemachine.data.caching.enabled = true (custom)
2020-07-01 01:40:02,094 [pool-33-thread-1] INFO  server.RaftServerConfigKeys (ConfUtils.java:logGet(44)) - raft.server.log.queue.byte-limit = 2147483647 (custom)
2020-07-01 01:40:02,095 [pool-33-thread-1] INFO  server.RaftServerConfigKeys (ConfUtils.java:logGet(44)) - raft.server.log.queue.element-limit = 1024 (custom)
2020-07-01 01:40:02,095 [pool-33-thread-1] INFO  server.RaftServerConfigKeys (ConfUtils.java:logGet(44)) - raft.server.log.segment.size.max = 1048576 (custom)
2020-07-01 01:40:02,095 [pool-33-thread-1] INFO  server.RaftServerConfigKeys (ConfUtils.java:logGet(44)) - raft.server.log.preallocated.size = 16384 (custom)
2020-07-01 01:40:02,095 [pool-33-thread-1] INFO  server.RaftServerConfigKeys (ConfUtils.java:logGet(44)) - raft.server.log.write.buffer.size = 1048576 (custom)
2020-07-01 01:40:02,095 [pool-33-thread-1] INFO  server.RaftServerConfigKeys (ConfUtils.java:logGet(44)) - raft.server.log.force.sync.num = 128 (default)
2020-07-01 01:40:02,095 [pool-33-thread-1] INFO  server.RaftServerConfigKeys (ConfUtils.java:logGet(44)) - raft.server.log.statemachine.data.sync = true (default)
2020-07-01 01:40:02,095 [pool-33-thread-1] INFO  server.RaftServerConfigKeys (ConfUtils.java:logGet(44)) - raft.server.log.statemachine.data.sync.timeout = 10s (default)
2020-07-01 01:40:02,095 [pool-33-thread-1] INFO  server.RaftServerConfigKeys (ConfUtils.java:logGet(44)) - raft.server.log.statemachine.data.sync.timeout.retry = -1 (default)
2020-07-01 01:40:02,095 [pool-63-thread-1] INFO  storage.RaftStorageDirectory (RaftStorageDirectory.java:tryLock(343)) - Lock on /github/workspace/mnt/ozone/hadoop-ozone/integration-test/target/test-dir/MiniOzoneClusterImpl-1f0cff23-21f0-432d-9716-db38e1d74a84/datanode-2/data/ratis/ec766238-2a58-49ca-9dec-b55c23691c28/in_use.lock acquired by nodename 45845@51ddc7c4698f
2020-07-01 01:40:02,095 [pool-48-thread-1] INFO  segmented.SegmentedRaftLogWorker (SegmentedRaftLogWorker.java:lambda$new$0(129)) - 0e87e1a8-862d-4038-8503-5ba64ecc883e@group-AB27BD356713-SegmentedRaftLogWorker: flushIndex: setUnconditionally 0 -> -1
2020-07-01 01:40:02,097 [pool-48-thread-1] INFO  segmented.SegmentedRaftLogWorker (SegmentedRaftLogWorker.java:lambda$new$0(129)) - 0e87e1a8-862d-4038-8503-5ba64ecc883e@group-AB27BD356713-SegmentedRaftLogWorker: safeCacheEvictIndex: setUnconditionally 0 -> -1
2020-07-01 01:40:02,098 [pool-33-thread-1] INFO  server.RaftServerConfigKeys (ConfUtils.java:logGet(44)) - raft.server.log.statemachine.data.caching.enabled = true (custom)
2020-07-01 01:40:02,098 [pool-33-thread-1] INFO  segmented.SegmentedRaftLogWorker (SegmentedRaftLogWorker.java:lambda$new$0(129)) - 2fd12e45-5261-4e74-9c65-dcdedcebcdd5@group-AB27BD356713-SegmentedRaftLogWorker: flushIndex: setUnconditionally 0 -> -1
2020-07-01 01:40:02,098 [pool-63-thread-1] INFO  storage.RaftStorage (RaftStorage.java:format(84)) - Storage directory /github/workspace/mnt/ozone/hadoop-ozone/integration-test/target/test-dir/MiniOzoneClusterImpl-1f0cff23-21f0-432d-9716-db38e1d74a84/datanode-2/data/ratis/ec766238-2a58-49ca-9dec-b55c23691c28 has been successfully formatted.
2020-07-01 01:40:02,098 [pool-33-thread-1] INFO  segmented.SegmentedRaftLogWorker (SegmentedRaftLogWorker.java:lambda$new$0(129)) - 2fd12e45-5261-4e74-9c65-dcdedcebcdd5@group-AB27BD356713-SegmentedRaftLogWorker: safeCacheEvictIndex: setUnconditionally 0 -> -1
2020-07-01 01:40:02,102 [pool-63-thread-1] INFO  ratis.ContainerStateMachine (ContainerStateMachine.java:loadSnapshot(226)) - group-B55C23691C28: The snapshot info is null. Setting the last applied indexto:(t:0, i:~)
2020-07-01 01:40:02,102 [pool-63-thread-1] INFO  server.RaftServerConfigKeys (ConfUtils.java:logGet(44)) - raft.server.notification.no-leader.timeout = 60s (default)
2020-07-01 01:40:02,102 [pool-63-thread-1] INFO  server.RaftServerConfigKeys (ConfUtils.java:logGet(44)) - raft.server.log.use.memory = false (default)
2020-07-01 01:40:02,102 [pool-63-thread-1] INFO  server.RaftServerConfigKeys (ConfUtils.java:logGet(44)) - raft.server.log.purge.gap = 1000000 (custom)
2020-07-01 01:40:02,103 [pool-63-thread-1] INFO  server.RaftServerConfigKeys (ConfUtils.java:logGet(44)) - raft.server.log.appender.buffer.byte-limit = 33554432 (custom)
2020-07-01 01:40:02,103 [pool-63-thread-1] INFO  server.RaftServerConfigKeys (ConfUtils.java:logGet(44)) - raft.server.log.segment.size.max = 1048576 (custom)
2020-07-01 01:40:02,103 [pool-63-thread-1] INFO  metrics.RatisMetrics (RatisMetrics.java:lambda$create$0(36)) - Creating Metrics Registry : ratis.log_worker.6047ccc9-2d31-4dc4-ab7e-9fb970240402@group-B55C23691C28
2020-07-01 01:40:02,103 [pool-63-thread-1] INFO  server.RaftServerConfigKeys (ConfUtils.java:logGet(44)) - raft.server.log.segment.cache.num.max = 2 (custom)
2020-07-01 01:40:02,103 [pool-63-thread-1] INFO  segmented.SegmentedRaftLogWorker (SegmentedRaftLogWorker.java:<init>(180)) - new 6047ccc9-2d31-4dc4-ab7e-9fb970240402@group-B55C23691C28-SegmentedRaftLogWorker for RaftStorage:Storage Directory /github/workspace/mnt/ozone/hadoop-ozone/integration-test/target/test-dir/MiniOzoneClusterImpl-1f0cff23-21f0-432d-9716-db38e1d74a84/datanode-2/data/ratis/ec766238-2a58-49ca-9dec-b55c23691c28
2020-07-01 01:40:02,103 [pool-63-thread-1] INFO  server.RaftServerConfigKeys (ConfUtils.java:logGet(44)) - raft.server.log.queue.byte-limit = 2147483647 (custom)
2020-07-01 01:40:02,103 [pool-63-thread-1] INFO  server.RaftServerConfigKeys (ConfUtils.java:logGet(44)) - raft.server.log.queue.element-limit = 1024 (custom)
2020-07-01 01:40:02,103 [pool-63-thread-1] INFO  server.RaftServerConfigKeys (ConfUtils.java:logGet(44)) - raft.server.log.segment.size.max = 1048576 (custom)
2020-07-01 01:40:02,102 [pool-33-thread-1] INFO  server.RaftServerConfigKeys (ConfUtils.java:logGet(44)) - raft.server.snapshot.auto.trigger.enabled = true (custom)
2020-07-01 01:40:02,107 [pool-33-thread-1] INFO  server.RaftServerConfigKeys (ConfUtils.java:logGet(44)) - raft.server.snapshot.auto.trigger.threshold = 10000 (custom)
2020-07-01 01:40:02,107 [pool-33-thread-1] INFO  server.RaftServerConfigKeys (ConfUtils.java:logGet(44)) - raft.server.snapshot.retention.file.num = 5 (custom)
2020-07-01 01:40:02,107 [pool-33-thread-1] INFO  server.RaftServerConfigKeys (ConfUtils.java:logGet(44)) - raft.server.log.purge.upto.snapshot.index = false (default)
2020-07-01 01:40:02,107 [pool-33-thread-1] INFO  server.RaftServerConfigKeys (ConfUtils.java:logGet(44)) - raft.server.retrycache.expirytime = 600000ms (custom)
2020-07-01 01:40:02,107 [pool-33-thread-1] INFO  metrics.RatisMetrics (RatisMetrics.java:lambda$create$0(36)) - Creating Metrics Registry : ratis.leader_election.2fd12e45-5261-4e74-9c65-dcdedcebcdd5@group-AB27BD356713
2020-07-01 01:40:02,107 [pool-63-thread-1] INFO  server.RaftServerConfigKeys (ConfUtils.java:logGet(44)) - raft.server.log.preallocated.size = 16384 (custom)
2020-07-01 01:40:02,107 [pool-33-thread-1] INFO  metrics.RatisMetrics (RatisMetrics.java:lambda$create$0(36)) - Creating Metrics Registry : ratis.server.2fd12e45-5261-4e74-9c65-dcdedcebcdd5@group-AB27BD356713
2020-07-01 01:40:02,106 [pool-48-thread-1] INFO  server.RaftServerConfigKeys (ConfUtils.java:logGet(44)) - raft.server.snapshot.auto.trigger.enabled = true (custom)
2020-07-01 01:40:02,107 [pool-63-thread-1] INFO  server.RaftServerConfigKeys (ConfUtils.java:logGet(44)) - raft.server.log.write.buffer.size = 1048576 (custom)
2020-07-01 01:40:02,109 [pool-63-thread-1] INFO  server.RaftServerConfigKeys (ConfUtils.java:logGet(44)) - raft.server.log.force.sync.num = 128 (default)
2020-07-01 01:40:02,109 [pool-63-thread-1] INFO  server.RaftServerConfigKeys (ConfUtils.java:logGet(44)) - raft.server.log.statemachine.data.sync = true (default)
2020-07-01 01:40:02,109 [pool-63-thread-1] INFO  server.RaftServerConfigKeys (ConfUtils.java:logGet(44)) - raft.server.log.statemachine.data.sync.timeout = 10s (default)
2020-07-01 01:40:02,109 [pool-63-thread-1] INFO  server.RaftServerConfigKeys (ConfUtils.java:logGet(44)) - raft.server.log.statemachine.data.sync.timeout.retry = -1 (default)
2020-07-01 01:40:02,109 [pool-33-thread-1] INFO  impl.RaftServerImpl (RaftServerImpl.java:start(186)) - 2fd12e45-5261-4e74-9c65-dcdedcebcdd5@group-AB27BD356713: start as a follower, conf=-1: [6047ccc9-2d31-4dc4-ab7e-9fb970240402:172.17.0.2:43531, 2fd12e45-5261-4e74-9c65-dcdedcebcdd5:172.17.0.2:38961, 0e87e1a8-862d-4038-8503-5ba64ecc883e:172.17.0.2:44311], old=null
2020-07-01 01:40:02,109 [pool-33-thread-1] INFO  impl.RaftServerImpl (RaftServerImpl.java:setRole(175)) - 2fd12e45-5261-4e74-9c65-dcdedcebcdd5@group-AB27BD356713: changes role from      null to FOLLOWER at term 0 for startAsFollower
2020-07-01 01:40:02,109 [pool-33-thread-1] INFO  impl.RoleInfo (RoleInfo.java:updateAndGet(143)) - 2fd12e45-5261-4e74-9c65-dcdedcebcdd5: start FollowerState
2020-07-01 01:40:02,107 [EventQueue-PipelineReportForPipelineReportHandler] INFO  pipeline.PipelineStateManager (PipelineStateManager.java:openPipeline(131)) - Pipeline Pipeline[ Id: ec766238-2a58-49ca-9dec-b55c23691c28, Nodes: 6047ccc9-2d31-4dc4-ab7e-9fb970240402{ip: 172.17.0.2, host: 51ddc7c4698f, networkLocation: /default-rack, certSerialId: null}, Type:RATIS, Factor:ONE, State:ALLOCATED, leaderId:6047ccc9-2d31-4dc4-ab7e-9fb970240402, CreationTimestamp2020-07-01T01:39:59.058Z] moved to OPEN state
2020-07-01 01:40:02,110 [EventQueue-OpenPipelineForOneReplicaPipelineSafeModeRule] INFO  safemode.SCMSafeModeManager (SCMSafeModeManager.java:validateSafeModeExitRules(214)) - AtleastOneDatanodeReportedRule rule is successfully validated
2020-07-01 01:40:02,111 [pool-63-thread-1] INFO  server.RaftServerConfigKeys (ConfUtils.java:logGet(44)) - raft.server.log.statemachine.data.caching.enabled = true (custom)
2020-07-01 01:40:02,111 [pool-63-thread-1] INFO  segmented.SegmentedRaftLogWorker (SegmentedRaftLogWorker.java:lambda$new$0(129)) - 6047ccc9-2d31-4dc4-ab7e-9fb970240402@group-B55C23691C28-SegmentedRaftLogWorker: flushIndex: setUnconditionally 0 -> -1
2020-07-01 01:40:02,111 [pool-63-thread-1] INFO  segmented.SegmentedRaftLogWorker (SegmentedRaftLogWorker.java:lambda$new$0(129)) - 6047ccc9-2d31-4dc4-ab7e-9fb970240402@group-B55C23691C28-SegmentedRaftLogWorker: safeCacheEvictIndex: setUnconditionally 0 -> -1
2020-07-01 01:40:02,111 [EventQueue-OpenPipelineForHealthyPipelineSafeModeRule] INFO  safemode.SCMSafeModeManager (HealthyPipelineSafeModeRule.java:process(129)) - SCM in safe mode. Healthy pipelines reported count is 0, required healthy pipeline reported count is 1
2020-07-01 01:40:02,110 [pool-33-thread-1] INFO  util.JmxRegister (JmxRegister.java:tryRegister(44)) - Successfully registered JMX Bean with object name Ratis:service=RaftServer,group=group-AB27BD356713,id=2fd12e45-5261-4e74-9c65-dcdedcebcdd5
2020-07-01 01:40:02,111 [pool-33-thread-1] INFO  metrics.RatisMetrics (RatisMetrics.java:lambda$create$0(36)) - Creating Metrics Registry : ratis.state_machine.2fd12e45-5261-4e74-9c65-dcdedcebcdd5@group-AB27BD356713
2020-07-01 01:40:02,109 [pool-48-thread-1] INFO  server.RaftServerConfigKeys (ConfUtils.java:logGet(44)) - raft.server.snapshot.auto.trigger.threshold = 10000 (custom)
2020-07-01 01:40:02,112 [pool-48-thread-1] INFO  server.RaftServerConfigKeys (ConfUtils.java:logGet(44)) - raft.server.snapshot.retention.file.num = 5 (custom)
2020-07-01 01:40:02,112 [pool-48-thread-1] INFO  server.RaftServerConfigKeys (ConfUtils.java:logGet(44)) - raft.server.log.purge.upto.snapshot.index = false (default)
2020-07-01 01:40:02,112 [pool-63-thread-1] INFO  server.RaftServerConfigKeys (ConfUtils.java:logGet(44)) - raft.server.snapshot.auto.trigger.enabled = true (custom)
2020-07-01 01:40:02,112 [pool-63-thread-1] INFO  server.RaftServerConfigKeys (ConfUtils.java:logGet(44)) - raft.server.snapshot.auto.trigger.threshold = 10000 (custom)
2020-07-01 01:40:02,112 [pool-63-thread-1] INFO  server.RaftServerConfigKeys (ConfUtils.java:logGet(44)) - raft.server.snapshot.retention.file.num = 5 (custom)
2020-07-01 01:40:02,112 [pool-63-thread-1] INFO  server.RaftServerConfigKeys (ConfUtils.java:logGet(44)) - raft.server.log.purge.upto.snapshot.index = false (default)
2020-07-01 01:40:02,112 [pool-63-thread-1] INFO  server.RaftServerConfigKeys (ConfUtils.java:logGet(44)) - raft.server.retrycache.expirytime = 600000ms (custom)
2020-07-01 01:40:02,113 [pool-63-thread-1] INFO  metrics.RatisMetrics (RatisMetrics.java:lambda$create$0(36)) - Creating Metrics Registry : ratis.leader_election.6047ccc9-2d31-4dc4-ab7e-9fb970240402@group-B55C23691C28
2020-07-01 01:40:02,122 [pool-48-thread-1] INFO  server.RaftServerConfigKeys (ConfUtils.java:logGet(44)) - raft.server.retrycache.expirytime = 600000ms (custom)
2020-07-01 01:40:02,122 [pool-48-thread-1] INFO  metrics.RatisMetrics (RatisMetrics.java:lambda$create$0(36)) - Creating Metrics Registry : ratis.leader_election.0e87e1a8-862d-4038-8503-5ba64ecc883e@group-AB27BD356713
2020-07-01 01:40:02,123 [pool-48-thread-1] INFO  metrics.RatisMetrics (RatisMetrics.java:lambda$create$0(36)) - Creating Metrics Registry : ratis.server.0e87e1a8-862d-4038-8503-5ba64ecc883e@group-AB27BD356713
2020-07-01 01:40:02,127 [Command processor thread] INFO  impl.RaftServerProxy (RaftServerProxy.java:addNew(89)) - 2228b8b0-1bd4-4abc-8be5-fec7aeebcbed: addNew group-AFC6353296EE:[2228b8b0-1bd4-4abc-8be5-fec7aeebcbed:172.17.0.2:33817] returns group-AFC6353296EE:java.util.concurrent.CompletableFuture@252779ec[Not completed]
2020-07-01 01:40:02,128 [pool-48-thread-1] INFO  impl.RaftServerImpl (RaftServerImpl.java:start(186)) - 0e87e1a8-862d-4038-8503-5ba64ecc883e@group-AB27BD356713: start as a follower, conf=-1: [6047ccc9-2d31-4dc4-ab7e-9fb970240402:172.17.0.2:43531, 2fd12e45-5261-4e74-9c65-dcdedcebcdd5:172.17.0.2:38961, 0e87e1a8-862d-4038-8503-5ba64ecc883e:172.17.0.2:44311], old=null
2020-07-01 01:40:02,128 [pool-48-thread-1] INFO  impl.RaftServerImpl (RaftServerImpl.java:setRole(175)) - 0e87e1a8-862d-4038-8503-5ba64ecc883e@group-AB27BD356713: changes role from      null to FOLLOWER at term 0 for startAsFollower
2020-07-01 01:40:02,128 [pool-48-thread-1] INFO  impl.RoleInfo (RoleInfo.java:updateAndGet(143)) - 0e87e1a8-862d-4038-8503-5ba64ecc883e: start FollowerState
2020-07-01 01:40:02,133 [pool-48-thread-1] INFO  util.JmxRegister (JmxRegister.java:tryRegister(44)) - Successfully registered JMX Bean with object name Ratis:service=RaftServer,group=group-AB27BD356713,id=0e87e1a8-862d-4038-8503-5ba64ecc883e
2020-07-01 01:40:02,133 [pool-48-thread-1] INFO  metrics.RatisMetrics (RatisMetrics.java:lambda$create$0(36)) - Creating Metrics Registry : ratis.state_machine.0e87e1a8-862d-4038-8503-5ba64ecc883e@group-AB27BD356713
2020-07-01 01:40:02,149 [pool-78-thread-1] INFO  impl.RaftServerImpl (RaftServerImpl.java:<init>(99)) - 2228b8b0-1bd4-4abc-8be5-fec7aeebcbed: new RaftServerImpl for group-AFC6353296EE:[2228b8b0-1bd4-4abc-8be5-fec7aeebcbed:172.17.0.2:33817] with ContainerStateMachine:uninitialized
2020-07-01 01:40:02,149 [pool-63-thread-1] INFO  metrics.RatisMetrics (RatisMetrics.java:lambda$create$0(36)) - Creating Metrics Registry : ratis.server.6047ccc9-2d31-4dc4-ab7e-9fb970240402@group-B55C23691C28
2020-07-01 01:40:02,152 [pool-78-thread-1] INFO  server.RaftServerConfigKeys (ConfUtils.java:logGet(44)) - raft.server.rpc.timeout.min = 5s (custom)
2020-07-01 01:40:02,153 [pool-78-thread-1] INFO  server.RaftServerConfigKeys (ConfUtils.java:logGet(44)) - raft.server.rpc.timeout.max = 5200ms (custom)
2020-07-01 01:40:02,155 [pool-78-thread-1] INFO  server.RaftServerConfigKeys (ConfUtils.java:logGet(44)) - raft.server.rpcslowness.timeout = 300s (custom)
2020-07-01 01:40:02,155 [pool-78-thread-1] INFO  server.RaftServerConfigKeys (ConfUtils.java:logGet(44)) - raft.server.sleep.deviation.threshold = 300 (default)
2020-07-01 01:40:02,155 [pool-78-thread-1] INFO  server.RaftServerConfigKeys (ConfUtils.java:logGet(44)) - raft.server.log.appender.install.snapshot.enabled = false (custom)
2020-07-01 01:40:02,155 [pool-78-thread-1] INFO  impl.RaftServerImpl (ServerState.java:<init>(103)) - 2228b8b0-1bd4-4abc-8be5-fec7aeebcbed@group-AFC6353296EE: ConfigurationManager, init=-1: [2228b8b0-1bd4-4abc-8be5-fec7aeebcbed:172.17.0.2:33817], old=null, confs=<EMPTY_MAP>
2020-07-01 01:40:02,155 [pool-78-thread-1] INFO  server.RaftServerConfigKeys (ConfUtils.java:logGet(44)) - raft.server.storage.dir = [/github/workspace/mnt/ozone/hadoop-ozone/integration-test/target/test-dir/MiniOzoneClusterImpl-1f0cff23-21f0-432d-9716-db38e1d74a84/datanode-3/data/ratis] (custom)
2020-07-01 01:40:02,155 [pool-78-thread-1] INFO  server.RaftServerConfigKeys (ConfUtils.java:logGet(44)) - raft.server.log.corruption.policy = EXCEPTION (default)
2020-07-01 01:40:02,156 [pool-78-thread-1] INFO  storage.RaftStorageDirectory (RaftStorageDirectory.java:analyzeStorage(261)) - The storage directory /github/workspace/mnt/ozone/hadoop-ozone/integration-test/target/test-dir/MiniOzoneClusterImpl-1f0cff23-21f0-432d-9716-db38e1d74a84/datanode-3/data/ratis/ae86d5e6-5019-473c-a0bd-afc6353296ee does not exist. Creating ...
2020-07-01 01:40:02,156 [pool-63-thread-1] INFO  impl.RaftServerImpl (RaftServerImpl.java:start(186)) - 6047ccc9-2d31-4dc4-ab7e-9fb970240402@group-B55C23691C28: start as a follower, conf=-1: [6047ccc9-2d31-4dc4-ab7e-9fb970240402:172.17.0.2:43531], old=null
2020-07-01 01:40:02,156 [pool-63-thread-1] INFO  impl.RaftServerImpl (RaftServerImpl.java:setRole(175)) - 6047ccc9-2d31-4dc4-ab7e-9fb970240402@group-B55C23691C28: changes role from      null to FOLLOWER at term 0 for startAsFollower
2020-07-01 01:40:02,156 [pool-63-thread-1] INFO  impl.RoleInfo (RoleInfo.java:updateAndGet(143)) - 6047ccc9-2d31-4dc4-ab7e-9fb970240402: start FollowerState
2020-07-01 01:40:02,158 [pool-78-thread-1] INFO  storage.RaftStorageDirectory (RaftStorageDirectory.java:tryLock(343)) - Lock on /github/workspace/mnt/ozone/hadoop-ozone/integration-test/target/test-dir/MiniOzoneClusterImpl-1f0cff23-21f0-432d-9716-db38e1d74a84/datanode-3/data/ratis/ae86d5e6-5019-473c-a0bd-afc6353296ee/in_use.lock acquired by nodename 45845@51ddc7c4698f
2020-07-01 01:40:02,161 [pool-63-thread-1] INFO  util.JmxRegister (JmxRegister.java:tryRegister(44)) - Successfully registered JMX Bean with object name Ratis:service=RaftServer,group=group-B55C23691C28,id=6047ccc9-2d31-4dc4-ab7e-9fb970240402
2020-07-01 01:40:02,161 [pool-63-thread-1] INFO  metrics.RatisMetrics (RatisMetrics.java:lambda$create$0(36)) - Creating Metrics Registry : ratis.state_machine.6047ccc9-2d31-4dc4-ab7e-9fb970240402@group-B55C23691C28
2020-07-01 01:40:02,163 [pool-78-thread-1] INFO  storage.RaftStorage (RaftStorage.java:format(84)) - Storage directory /github/workspace/mnt/ozone/hadoop-ozone/integration-test/target/test-dir/MiniOzoneClusterImpl-1f0cff23-21f0-432d-9716-db38e1d74a84/datanode-3/data/ratis/ae86d5e6-5019-473c-a0bd-afc6353296ee has been successfully formatted.
2020-07-01 01:40:02,175 [pool-78-thread-1] INFO  ratis.ContainerStateMachine (ContainerStateMachine.java:loadSnapshot(226)) - group-AFC6353296EE: The snapshot info is null. Setting the last applied indexto:(t:0, i:~)
2020-07-01 01:40:02,175 [Command processor thread] INFO  commandhandler.CreatePipelineCommandHandler (CreatePipelineCommandHandler.java:handle(109)) - Created Pipeline RATIS ONE #id: "ec766238-2a58-49ca-9dec-b55c23691c28"
.
2020-07-01 01:40:02,175 [pool-78-thread-1] INFO  server.RaftServerConfigKeys (ConfUtils.java:logGet(44)) - raft.server.notification.no-leader.timeout = 60s (default)
2020-07-01 01:40:02,175 [pool-78-thread-1] INFO  server.RaftServerConfigKeys (ConfUtils.java:logGet(44)) - raft.server.log.use.memory = false (default)
2020-07-01 01:40:02,175 [pool-78-thread-1] INFO  server.RaftServerConfigKeys (ConfUtils.java:logGet(44)) - raft.server.log.purge.gap = 1000000 (custom)
2020-07-01 01:40:02,175 [pool-78-thread-1] INFO  server.RaftServerConfigKeys (ConfUtils.java:logGet(44)) - raft.server.log.appender.buffer.byte-limit = 33554432 (custom)
2020-07-01 01:40:02,175 [pool-78-thread-1] INFO  server.RaftServerConfigKeys (ConfUtils.java:logGet(44)) - raft.server.log.segment.size.max = 1048576 (custom)
2020-07-01 01:40:02,175 [pool-78-thread-1] INFO  metrics.RatisMetrics (RatisMetrics.java:lambda$create$0(36)) - Creating Metrics Registry : ratis.log_worker.2228b8b0-1bd4-4abc-8be5-fec7aeebcbed@group-AFC6353296EE
2020-07-01 01:40:02,175 [pool-78-thread-1] INFO  server.RaftServerConfigKeys (ConfUtils.java:logGet(44)) - raft.server.log.segment.cache.num.max = 2 (custom)
2020-07-01 01:40:02,175 [pool-78-thread-1] INFO  segmented.SegmentedRaftLogWorker (SegmentedRaftLogWorker.java:<init>(180)) - new 2228b8b0-1bd4-4abc-8be5-fec7aeebcbed@group-AFC6353296EE-SegmentedRaftLogWorker for RaftStorage:Storage Directory /github/workspace/mnt/ozone/hadoop-ozone/integration-test/target/test-dir/MiniOzoneClusterImpl-1f0cff23-21f0-432d-9716-db38e1d74a84/datanode-3/data/ratis/ae86d5e6-5019-473c-a0bd-afc6353296ee
2020-07-01 01:40:02,175 [pool-78-thread-1] INFO  server.RaftServerConfigKeys (ConfUtils.java:logGet(44)) - raft.server.log.queue.byte-limit = 2147483647 (custom)
2020-07-01 01:40:02,175 [pool-78-thread-1] INFO  server.RaftServerConfigKeys (ConfUtils.java:logGet(44)) - raft.server.log.queue.element-limit = 1024 (custom)
2020-07-01 01:40:02,176 [pool-78-thread-1] INFO  server.RaftServerConfigKeys (ConfUtils.java:logGet(44)) - raft.server.log.segment.size.max = 1048576 (custom)
2020-07-01 01:40:02,176 [pool-78-thread-1] INFO  server.RaftServerConfigKeys (ConfUtils.java:logGet(44)) - raft.server.log.preallocated.size = 16384 (custom)
2020-07-01 01:40:02,176 [pool-78-thread-1] INFO  server.RaftServerConfigKeys (ConfUtils.java:logGet(44)) - raft.server.log.write.buffer.size = 1048576 (custom)
2020-07-01 01:40:02,176 [pool-78-thread-1] INFO  server.RaftServerConfigKeys (ConfUtils.java:logGet(44)) - raft.server.log.force.sync.num = 128 (default)
2020-07-01 01:40:02,176 [pool-78-thread-1] INFO  server.RaftServerConfigKeys (ConfUtils.java:logGet(44)) - raft.server.log.statemachine.data.sync = true (default)
2020-07-01 01:40:02,176 [pool-78-thread-1] INFO  server.RaftServerConfigKeys (ConfUtils.java:logGet(44)) - raft.server.log.statemachine.data.sync.timeout = 10s (default)
2020-07-01 01:40:02,176 [pool-78-thread-1] INFO  server.RaftServerConfigKeys (ConfUtils.java:logGet(44)) - raft.server.log.statemachine.data.sync.timeout.retry = -1 (default)
2020-07-01 01:40:02,175 [Command processor thread] INFO  impl.RaftServerProxy (RaftServerProxy.java:addNew(89)) - 6047ccc9-2d31-4dc4-ab7e-9fb970240402: addNew group-AB27BD356713:[6047ccc9-2d31-4dc4-ab7e-9fb970240402:172.17.0.2:43531, 2fd12e45-5261-4e74-9c65-dcdedcebcdd5:172.17.0.2:38961, 0e87e1a8-862d-4038-8503-5ba64ecc883e:172.17.0.2:44311] returns group-AB27BD356713:java.util.concurrent.CompletableFuture@4ae3610a[Not completed]
2020-07-01 01:40:02,177 [pool-63-thread-1] INFO  impl.RaftServerImpl (RaftServerImpl.java:<init>(99)) - 6047ccc9-2d31-4dc4-ab7e-9fb970240402: new RaftServerImpl for group-AB27BD356713:[6047ccc9-2d31-4dc4-ab7e-9fb970240402:172.17.0.2:43531, 2fd12e45-5261-4e74-9c65-dcdedcebcdd5:172.17.0.2:38961, 0e87e1a8-862d-4038-8503-5ba64ecc883e:172.17.0.2:44311] with ContainerStateMachine:uninitialized
2020-07-01 01:40:02,177 [pool-63-thread-1] INFO  server.RaftServerConfigKeys (ConfUtils.java:logGet(44)) - raft.server.rpc.timeout.min = 5s (custom)
2020-07-01 01:40:02,177 [pool-63-thread-1] INFO  server.RaftServerConfigKeys (ConfUtils.java:logGet(44)) - raft.server.rpc.timeout.max = 5200ms (custom)
2020-07-01 01:40:02,177 [pool-63-thread-1] INFO  server.RaftServerConfigKeys (ConfUtils.java:logGet(44)) - raft.server.rpcslowness.timeout = 300s (custom)
2020-07-01 01:40:02,177 [pool-63-thread-1] INFO  server.RaftServerConfigKeys (ConfUtils.java:logGet(44)) - raft.server.sleep.deviation.threshold = 300 (default)
2020-07-01 01:40:02,177 [pool-63-thread-1] INFO  server.RaftServerConfigKeys (ConfUtils.java:logGet(44)) - raft.server.log.appender.install.snapshot.enabled = false (custom)
2020-07-01 01:40:02,178 [pool-63-thread-1] INFO  impl.RaftServerImpl (ServerState.java:<init>(103)) - 6047ccc9-2d31-4dc4-ab7e-9fb970240402@group-AB27BD356713: ConfigurationManager, init=-1: [6047ccc9-2d31-4dc4-ab7e-9fb970240402:172.17.0.2:43531, 2fd12e45-5261-4e74-9c65-dcdedcebcdd5:172.17.0.2:38961, 0e87e1a8-862d-4038-8503-5ba64ecc883e:172.17.0.2:44311], old=null, confs=<EMPTY_MAP>
2020-07-01 01:40:02,178 [pool-63-thread-1] INFO  server.RaftServerConfigKeys (ConfUtils.java:logGet(44)) - raft.server.storage.dir = [/github/workspace/mnt/ozone/hadoop-ozone/integration-test/target/test-dir/MiniOzoneClusterImpl-1f0cff23-21f0-432d-9716-db38e1d74a84/datanode-2/data/ratis] (custom)
2020-07-01 01:40:02,178 [pool-63-thread-1] INFO  server.RaftServerConfigKeys (ConfUtils.java:logGet(44)) - raft.server.log.corruption.policy = EXCEPTION (default)
2020-07-01 01:40:02,178 [pool-78-thread-1] INFO  server.RaftServerConfigKeys (ConfUtils.java:logGet(44)) - raft.server.log.statemachine.data.caching.enabled = true (custom)
2020-07-01 01:40:02,178 [pool-63-thread-1] INFO  storage.RaftStorageDirectory (RaftStorageDirectory.java:analyzeStorage(261)) - The storage directory /github/workspace/mnt/ozone/hadoop-ozone/integration-test/target/test-dir/MiniOzoneClusterImpl-1f0cff23-21f0-432d-9716-db38e1d74a84/datanode-2/data/ratis/b37d36ce-baae-4bb5-9fd1-ab27bd356713 does not exist. Creating ...
2020-07-01 01:40:02,178 [pool-78-thread-1] INFO  segmented.SegmentedRaftLogWorker (SegmentedRaftLogWorker.java:lambda$new$0(129)) - 2228b8b0-1bd4-4abc-8be5-fec7aeebcbed@group-AFC6353296EE-SegmentedRaftLogWorker: flushIndex: setUnconditionally 0 -> -1
2020-07-01 01:40:02,178 [pool-78-thread-1] INFO  segmented.SegmentedRaftLogWorker (SegmentedRaftLogWorker.java:lambda$new$0(129)) - 2228b8b0-1bd4-4abc-8be5-fec7aeebcbed@group-AFC6353296EE-SegmentedRaftLogWorker: safeCacheEvictIndex: setUnconditionally 0 -> -1
2020-07-01 01:40:02,179 [EventQueue-PipelineReportForPipelineReportHandler] INFO  pipeline.PipelineStateManager (PipelineStateManager.java:openPipeline(131)) - Pipeline Pipeline[ Id: ae86d5e6-5019-473c-a0bd-afc6353296ee, Nodes: 2228b8b0-1bd4-4abc-8be5-fec7aeebcbed{ip: 172.17.0.2, host: 51ddc7c4698f, networkLocation: /default-rack, certSerialId: null}, Type:RATIS, Factor:ONE, State:ALLOCATED, leaderId:2228b8b0-1bd4-4abc-8be5-fec7aeebcbed, CreationTimestamp2020-07-01T01:39:59.131Z] moved to OPEN state
2020-07-01 01:40:02,182 [EventQueue-OpenPipelineForOneReplicaPipelineSafeModeRule] INFO  safemode.SCMSafeModeManager (SCMSafeModeManager.java:validateSafeModeExitRules(214)) - AtleastOneDatanodeReportedRule rule is successfully validated
2020-07-01 01:40:02,182 [pool-63-thread-1] INFO  storage.RaftStorageDirectory (RaftStorageDirectory.java:tryLock(343)) - Lock on /github/workspace/mnt/ozone/hadoop-ozone/integration-test/target/test-dir/MiniOzoneClusterImpl-1f0cff23-21f0-432d-9716-db38e1d74a84/datanode-2/data/ratis/b37d36ce-baae-4bb5-9fd1-ab27bd356713/in_use.lock acquired by nodename 45845@51ddc7c4698f
2020-07-01 01:40:02,181 [pool-78-thread-1] INFO  server.RaftServerConfigKeys (ConfUtils.java:logGet(44)) - raft.server.snapshot.auto.trigger.enabled = true (custom)
2020-07-01 01:40:02,186 [pool-78-thread-1] INFO  server.RaftServerConfigKeys (ConfUtils.java:logGet(44)) - raft.server.snapshot.auto.trigger.threshold = 10000 (custom)
2020-07-01 01:40:02,186 [pool-78-thread-1] INFO  server.RaftServerConfigKeys (ConfUtils.java:logGet(44)) - raft.server.snapshot.retention.file.num = 5 (custom)
2020-07-01 01:40:02,186 [pool-78-thread-1] INFO  server.RaftServerConfigKeys (ConfUtils.java:logGet(44)) - raft.server.log.purge.upto.snapshot.index = false (default)
2020-07-01 01:40:02,186 [pool-78-thread-1] INFO  server.RaftServerConfigKeys (ConfUtils.java:logGet(44)) - raft.server.retrycache.expirytime = 600000ms (custom)
2020-07-01 01:40:02,182 [EventQueue-OpenPipelineForHealthyPipelineSafeModeRule] INFO  safemode.SCMSafeModeManager (HealthyPipelineSafeModeRule.java:process(129)) - SCM in safe mode. Healthy pipelines reported count is 0, required healthy pipeline reported count is 1
2020-07-01 01:40:02,187 [pool-78-thread-1] INFO  metrics.RatisMetrics (RatisMetrics.java:lambda$create$0(36)) - Creating Metrics Registry : ratis.leader_election.2228b8b0-1bd4-4abc-8be5-fec7aeebcbed@group-AFC6353296EE
2020-07-01 01:40:02,187 [pool-78-thread-1] INFO  metrics.RatisMetrics (RatisMetrics.java:lambda$create$0(36)) - Creating Metrics Registry : ratis.server.2228b8b0-1bd4-4abc-8be5-fec7aeebcbed@group-AFC6353296EE
2020-07-01 01:40:02,188 [pool-78-thread-1] INFO  impl.RaftServerImpl (RaftServerImpl.java:start(186)) - 2228b8b0-1bd4-4abc-8be5-fec7aeebcbed@group-AFC6353296EE: start as a follower, conf=-1: [2228b8b0-1bd4-4abc-8be5-fec7aeebcbed:172.17.0.2:33817], old=null
2020-07-01 01:40:02,188 [pool-78-thread-1] INFO  impl.RaftServerImpl (RaftServerImpl.java:setRole(175)) - 2228b8b0-1bd4-4abc-8be5-fec7aeebcbed@group-AFC6353296EE: changes role from      null to FOLLOWER at term 0 for startAsFollower
2020-07-01 01:40:02,188 [pool-78-thread-1] INFO  impl.RoleInfo (RoleInfo.java:updateAndGet(143)) - 2228b8b0-1bd4-4abc-8be5-fec7aeebcbed: start FollowerState
2020-07-01 01:40:02,189 [pool-63-thread-1] INFO  storage.RaftStorage (RaftStorage.java:format(84)) - Storage directory /github/workspace/mnt/ozone/hadoop-ozone/integration-test/target/test-dir/MiniOzoneClusterImpl-1f0cff23-21f0-432d-9716-db38e1d74a84/datanode-2/data/ratis/b37d36ce-baae-4bb5-9fd1-ab27bd356713 has been successfully formatted.
2020-07-01 01:40:02,190 [pool-63-thread-1] INFO  ratis.ContainerStateMachine (ContainerStateMachine.java:loadSnapshot(226)) - group-AB27BD356713: The snapshot info is null. Setting the last applied indexto:(t:0, i:~)
2020-07-01 01:40:02,190 [pool-63-thread-1] INFO  server.RaftServerConfigKeys (ConfUtils.java:logGet(44)) - raft.server.notification.no-leader.timeout = 60s (default)
2020-07-01 01:40:02,190 [pool-63-thread-1] INFO  server.RaftServerConfigKeys (ConfUtils.java:logGet(44)) - raft.server.log.use.memory = false (default)
2020-07-01 01:40:02,191 [pool-63-thread-1] INFO  server.RaftServerConfigKeys (ConfUtils.java:logGet(44)) - raft.server.log.purge.gap = 1000000 (custom)
2020-07-01 01:40:02,191 [pool-63-thread-1] INFO  server.RaftServerConfigKeys (ConfUtils.java:logGet(44)) - raft.server.log.appender.buffer.byte-limit = 33554432 (custom)
2020-07-01 01:40:02,191 [pool-63-thread-1] INFO  server.RaftServerConfigKeys (ConfUtils.java:logGet(44)) - raft.server.log.segment.size.max = 1048576 (custom)
2020-07-01 01:40:02,191 [pool-63-thread-1] INFO  metrics.RatisMetrics (RatisMetrics.java:lambda$create$0(36)) - Creating Metrics Registry : ratis.log_worker.6047ccc9-2d31-4dc4-ab7e-9fb970240402@group-AB27BD356713
2020-07-01 01:40:02,191 [pool-78-thread-1] INFO  util.JmxRegister (JmxRegister.java:tryRegister(44)) - Successfully registered JMX Bean with object name Ratis:service=RaftServer,group=group-AFC6353296EE,id=2228b8b0-1bd4-4abc-8be5-fec7aeebcbed
2020-07-01 01:40:02,191 [pool-78-thread-1] INFO  metrics.RatisMetrics (RatisMetrics.java:lambda$create$0(36)) - Creating Metrics Registry : ratis.state_machine.2228b8b0-1bd4-4abc-8be5-fec7aeebcbed@group-AFC6353296EE
2020-07-01 01:40:02,201 [pool-63-thread-1] INFO  server.RaftServerConfigKeys (ConfUtils.java:logGet(44)) - raft.server.log.segment.cache.num.max = 2 (custom)
2020-07-01 01:40:02,202 [pool-63-thread-1] INFO  segmented.SegmentedRaftLogWorker (SegmentedRaftLogWorker.java:<init>(180)) - new 6047ccc9-2d31-4dc4-ab7e-9fb970240402@group-AB27BD356713-SegmentedRaftLogWorker for RaftStorage:Storage Directory /github/workspace/mnt/ozone/hadoop-ozone/integration-test/target/test-dir/MiniOzoneClusterImpl-1f0cff23-21f0-432d-9716-db38e1d74a84/datanode-2/data/ratis/b37d36ce-baae-4bb5-9fd1-ab27bd356713
2020-07-01 01:40:02,202 [pool-63-thread-1] INFO  server.RaftServerConfigKeys (ConfUtils.java:logGet(44)) - raft.server.log.queue.byte-limit = 2147483647 (custom)
2020-07-01 01:40:02,202 [pool-63-thread-1] INFO  server.RaftServerConfigKeys (ConfUtils.java:logGet(44)) - raft.server.log.queue.element-limit = 1024 (custom)
2020-07-01 01:40:02,202 [pool-63-thread-1] INFO  server.RaftServerConfigKeys (ConfUtils.java:logGet(44)) - raft.server.log.segment.size.max = 1048576 (custom)
2020-07-01 01:40:02,202 [pool-63-thread-1] INFO  server.RaftServerConfigKeys (ConfUtils.java:logGet(44)) - raft.server.log.preallocated.size = 16384 (custom)
2020-07-01 01:40:02,202 [pool-63-thread-1] INFO  server.RaftServerConfigKeys (ConfUtils.java:logGet(44)) - raft.server.log.write.buffer.size = 1048576 (custom)
2020-07-01 01:40:02,202 [pool-63-thread-1] INFO  server.RaftServerConfigKeys (ConfUtils.java:logGet(44)) - raft.server.log.force.sync.num = 128 (default)
2020-07-01 01:40:02,202 [pool-63-thread-1] INFO  server.RaftServerConfigKeys (ConfUtils.java:logGet(44)) - raft.server.log.statemachine.data.sync = true (default)
2020-07-01 01:40:02,202 [pool-63-thread-1] INFO  server.RaftServerConfigKeys (ConfUtils.java:logGet(44)) - raft.server.log.statemachine.data.sync.timeout = 10s (default)
2020-07-01 01:40:02,202 [pool-63-thread-1] INFO  server.RaftServerConfigKeys (ConfUtils.java:logGet(44)) - raft.server.log.statemachine.data.sync.timeout.retry = -1 (default)
2020-07-01 01:40:02,203 [pool-63-thread-1] INFO  server.RaftServerConfigKeys (ConfUtils.java:logGet(44)) - raft.server.log.statemachine.data.caching.enabled = true (custom)
2020-07-01 01:40:02,204 [pool-63-thread-1] INFO  segmented.SegmentedRaftLogWorker (SegmentedRaftLogWorker.java:lambda$new$0(129)) - 6047ccc9-2d31-4dc4-ab7e-9fb970240402@group-AB27BD356713-SegmentedRaftLogWorker: flushIndex: setUnconditionally 0 -> -1
2020-07-01 01:40:02,204 [pool-63-thread-1] INFO  segmented.SegmentedRaftLogWorker (SegmentedRaftLogWorker.java:lambda$new$0(129)) - 6047ccc9-2d31-4dc4-ab7e-9fb970240402@group-AB27BD356713-SegmentedRaftLogWorker: safeCacheEvictIndex: setUnconditionally 0 -> -1
2020-07-01 01:40:02,204 [pool-63-thread-1] INFO  server.RaftServerConfigKeys (ConfUtils.java:logGet(44)) - raft.server.snapshot.auto.trigger.enabled = true (custom)
2020-07-01 01:40:02,204 [pool-63-thread-1] INFO  server.RaftServerConfigKeys (ConfUtils.java:logGet(44)) - raft.server.snapshot.auto.trigger.threshold = 10000 (custom)
2020-07-01 01:40:02,204 [pool-63-thread-1] INFO  server.RaftServerConfigKeys (ConfUtils.java:logGet(44)) - raft.server.snapshot.retention.file.num = 5 (custom)
2020-07-01 01:40:02,204 [pool-63-thread-1] INFO  server.RaftServerConfigKeys (ConfUtils.java:logGet(44)) - raft.server.log.purge.upto.snapshot.index = false (default)
2020-07-01 01:40:02,204 [pool-63-thread-1] INFO  server.RaftServerConfigKeys (ConfUtils.java:logGet(44)) - raft.server.retrycache.expirytime = 600000ms (custom)
2020-07-01 01:40:02,204 [pool-63-thread-1] INFO  metrics.RatisMetrics (RatisMetrics.java:lambda$create$0(36)) - Creating Metrics Registry : ratis.leader_election.6047ccc9-2d31-4dc4-ab7e-9fb970240402@group-AB27BD356713
2020-07-01 01:40:02,217 [pool-63-thread-1] INFO  metrics.RatisMetrics (RatisMetrics.java:lambda$create$0(36)) - Creating Metrics Registry : ratis.server.6047ccc9-2d31-4dc4-ab7e-9fb970240402@group-AB27BD356713
2020-07-01 01:40:02,218 [pool-63-thread-1] INFO  impl.RaftServerImpl (RaftServerImpl.java:start(186)) - 6047ccc9-2d31-4dc4-ab7e-9fb970240402@group-AB27BD356713: start as a follower, conf=-1: [6047ccc9-2d31-4dc4-ab7e-9fb970240402:172.17.0.2:43531, 2fd12e45-5261-4e74-9c65-dcdedcebcdd5:172.17.0.2:38961, 0e87e1a8-862d-4038-8503-5ba64ecc883e:172.17.0.2:44311], old=null
2020-07-01 01:40:02,218 [pool-63-thread-1] INFO  impl.RaftServerImpl (RaftServerImpl.java:setRole(175)) - 6047ccc9-2d31-4dc4-ab7e-9fb970240402@group-AB27BD356713: changes role from      null to FOLLOWER at term 0 for startAsFollower
2020-07-01 01:40:02,218 [pool-63-thread-1] INFO  impl.RoleInfo (RoleInfo.java:updateAndGet(143)) - 6047ccc9-2d31-4dc4-ab7e-9fb970240402: start FollowerState
2020-07-01 01:40:02,221 [pool-63-thread-1] INFO  util.JmxRegister (JmxRegister.java:tryRegister(44)) - Successfully registered JMX Bean with object name Ratis:service=RaftServer,group=group-AB27BD356713,id=6047ccc9-2d31-4dc4-ab7e-9fb970240402
2020-07-01 01:40:02,221 [pool-63-thread-1] INFO  metrics.RatisMetrics (RatisMetrics.java:lambda$create$0(36)) - Creating Metrics Registry : ratis.state_machine.6047ccc9-2d31-4dc4-ab7e-9fb970240402@group-AB27BD356713
2020-07-01 01:40:02,223 [Command processor thread] INFO  impl.RaftServerProxy (RaftServerProxy.java:addNew(89)) - 73a3d22a-588b-4473-8061-4380f2d261cd: addNew group-B54800ED42C7:[73a3d22a-588b-4473-8061-4380f2d261cd:172.17.0.2:41891] returns group-B54800ED42C7:java.util.concurrent.CompletableFuture@2cf86ebd[Not completed]
2020-07-01 01:40:02,231 [Command processor thread] INFO  commandhandler.CreatePipelineCommandHandler (CreatePipelineCommandHandler.java:handle(109)) - Created Pipeline RATIS ONE #id: "ae86d5e6-5019-473c-a0bd-afc6353296ee"
.
2020-07-01 01:40:02,242 [Command processor thread] INFO  impl.RaftServerProxy (RaftServerProxy.java:addNew(89)) - 2228b8b0-1bd4-4abc-8be5-fec7aeebcbed: addNew group-3F4429ACDEA2:[2228b8b0-1bd4-4abc-8be5-fec7aeebcbed:172.17.0.2:33817, 73a3d22a-588b-4473-8061-4380f2d261cd:172.17.0.2:41891, 173ba019-d60c-431a-ac38-4699cb5a8b68:172.17.0.2:36303] returns group-3F4429ACDEA2:java.util.concurrent.CompletableFuture@2118f990[Not completed]
2020-07-01 01:40:02,248 [pool-93-thread-1] INFO  impl.RaftServerImpl (RaftServerImpl.java:<init>(99)) - 73a3d22a-588b-4473-8061-4380f2d261cd: new RaftServerImpl for group-B54800ED42C7:[73a3d22a-588b-4473-8061-4380f2d261cd:172.17.0.2:41891] with ContainerStateMachine:uninitialized
2020-07-01 01:40:02,250 [pool-93-thread-1] INFO  server.RaftServerConfigKeys (ConfUtils.java:logGet(44)) - raft.server.rpc.timeout.min = 5s (custom)
2020-07-01 01:40:02,250 [pool-93-thread-1] INFO  server.RaftServerConfigKeys (ConfUtils.java:logGet(44)) - raft.server.rpc.timeout.max = 5200ms (custom)
2020-07-01 01:40:02,250 [pool-93-thread-1] INFO  server.RaftServerConfigKeys (ConfUtils.java:logGet(44)) - raft.server.rpcslowness.timeout = 300s (custom)
2020-07-01 01:40:02,250 [pool-93-thread-1] INFO  server.RaftServerConfigKeys (ConfUtils.java:logGet(44)) - raft.server.sleep.deviation.threshold = 300 (default)
2020-07-01 01:40:02,250 [pool-93-thread-1] INFO  server.RaftServerConfigKeys (ConfUtils.java:logGet(44)) - raft.server.log.appender.install.snapshot.enabled = false (custom)
2020-07-01 01:40:02,250 [pool-78-thread-1] INFO  impl.RaftServerImpl (RaftServerImpl.java:<init>(99)) - 2228b8b0-1bd4-4abc-8be5-fec7aeebcbed: new RaftServerImpl for group-3F4429ACDEA2:[2228b8b0-1bd4-4abc-8be5-fec7aeebcbed:172.17.0.2:33817, 73a3d22a-588b-4473-8061-4380f2d261cd:172.17.0.2:41891, 173ba019-d60c-431a-ac38-4699cb5a8b68:172.17.0.2:36303] with ContainerStateMachine:uninitialized
2020-07-01 01:40:02,254 [pool-78-thread-1] INFO  server.RaftServerConfigKeys (ConfUtils.java:logGet(44)) - raft.server.rpc.timeout.min = 5s (custom)
2020-07-01 01:40:02,254 [pool-78-thread-1] INFO  server.RaftServerConfigKeys (ConfUtils.java:logGet(44)) - raft.server.rpc.timeout.max = 5200ms (custom)
2020-07-01 01:40:02,255 [pool-78-thread-1] INFO  server.RaftServerConfigKeys (ConfUtils.java:logGet(44)) - raft.server.rpcslowness.timeout = 300s (custom)
2020-07-01 01:40:02,255 [pool-78-thread-1] INFO  server.RaftServerConfigKeys (ConfUtils.java:logGet(44)) - raft.server.sleep.deviation.threshold = 300 (default)
2020-07-01 01:40:02,255 [pool-78-thread-1] INFO  server.RaftServerConfigKeys (ConfUtils.java:logGet(44)) - raft.server.log.appender.install.snapshot.enabled = false (custom)
2020-07-01 01:40:02,255 [pool-78-thread-1] INFO  impl.RaftServerImpl (ServerState.java:<init>(103)) - 2228b8b0-1bd4-4abc-8be5-fec7aeebcbed@group-3F4429ACDEA2: ConfigurationManager, init=-1: [2228b8b0-1bd4-4abc-8be5-fec7aeebcbed:172.17.0.2:33817, 73a3d22a-588b-4473-8061-4380f2d261cd:172.17.0.2:41891, 173ba019-d60c-431a-ac38-4699cb5a8b68:172.17.0.2:36303], old=null, confs=<EMPTY_MAP>
2020-07-01 01:40:02,255 [pool-78-thread-1] INFO  server.RaftServerConfigKeys (ConfUtils.java:logGet(44)) - raft.server.storage.dir = [/github/workspace/mnt/ozone/hadoop-ozone/integration-test/target/test-dir/MiniOzoneClusterImpl-1f0cff23-21f0-432d-9716-db38e1d74a84/datanode-3/data/ratis] (custom)
2020-07-01 01:40:02,255 [pool-78-thread-1] INFO  server.RaftServerConfigKeys (ConfUtils.java:logGet(44)) - raft.server.log.corruption.policy = EXCEPTION (default)
2020-07-01 01:40:02,255 [pool-78-thread-1] INFO  storage.RaftStorageDirectory (RaftStorageDirectory.java:analyzeStorage(261)) - The storage directory /github/workspace/mnt/ozone/hadoop-ozone/integration-test/target/test-dir/MiniOzoneClusterImpl-1f0cff23-21f0-432d-9716-db38e1d74a84/datanode-3/data/ratis/320967b6-edd7-4d00-bc0b-3f4429acdea2 does not exist. Creating ...
2020-07-01 01:40:02,255 [pool-93-thread-1] INFO  impl.RaftServerImpl (ServerState.java:<init>(103)) - 73a3d22a-588b-4473-8061-4380f2d261cd@group-B54800ED42C7: ConfigurationManager, init=-1: [73a3d22a-588b-4473-8061-4380f2d261cd:172.17.0.2:41891], old=null, confs=<EMPTY_MAP>
2020-07-01 01:40:02,256 [pool-93-thread-1] INFO  server.RaftServerConfigKeys (ConfUtils.java:logGet(44)) - raft.server.storage.dir = [/github/workspace/mnt/ozone/hadoop-ozone/integration-test/target/test-dir/MiniOzoneClusterImpl-1f0cff23-21f0-432d-9716-db38e1d74a84/datanode-4/data/ratis] (custom)
2020-07-01 01:40:02,256 [pool-93-thread-1] INFO  server.RaftServerConfigKeys (ConfUtils.java:logGet(44)) - raft.server.log.corruption.policy = EXCEPTION (default)
2020-07-01 01:40:02,256 [pool-78-thread-1] INFO  storage.RaftStorageDirectory (RaftStorageDirectory.java:tryLock(343)) - Lock on /github/workspace/mnt/ozone/hadoop-ozone/integration-test/target/test-dir/MiniOzoneClusterImpl-1f0cff23-21f0-432d-9716-db38e1d74a84/datanode-3/data/ratis/320967b6-edd7-4d00-bc0b-3f4429acdea2/in_use.lock acquired by nodename 45845@51ddc7c4698f
2020-07-01 01:40:02,257 [pool-93-thread-1] INFO  storage.RaftStorageDirectory (RaftStorageDirectory.java:analyzeStorage(261)) - The storage directory /github/workspace/mnt/ozone/hadoop-ozone/integration-test/target/test-dir/MiniOzoneClusterImpl-1f0cff23-21f0-432d-9716-db38e1d74a84/datanode-4/data/ratis/f013a7ac-e82f-469d-898c-b54800ed42c7 does not exist. Creating ...
2020-07-01 01:40:02,258 [pool-78-thread-1] INFO  storage.RaftStorage (RaftStorage.java:format(84)) - Storage directory /github/workspace/mnt/ozone/hadoop-ozone/integration-test/target/test-dir/MiniOzoneClusterImpl-1f0cff23-21f0-432d-9716-db38e1d74a84/datanode-3/data/ratis/320967b6-edd7-4d00-bc0b-3f4429acdea2 has been successfully formatted.
2020-07-01 01:40:02,258 [pool-78-thread-1] INFO  ratis.ContainerStateMachine (ContainerStateMachine.java:loadSnapshot(226)) - group-3F4429ACDEA2: The snapshot info is null. Setting the last applied indexto:(t:0, i:~)
2020-07-01 01:40:02,258 [pool-78-thread-1] INFO  server.RaftServerConfigKeys (ConfUtils.java:logGet(44)) - raft.server.notification.no-leader.timeout = 60s (default)
2020-07-01 01:40:02,258 [pool-78-thread-1] INFO  server.RaftServerConfigKeys (ConfUtils.java:logGet(44)) - raft.server.log.use.memory = false (default)
2020-07-01 01:40:02,259 [pool-78-thread-1] INFO  server.RaftServerConfigKeys (ConfUtils.java:logGet(44)) - raft.server.log.purge.gap = 1000000 (custom)
2020-07-01 01:40:02,259 [pool-78-thread-1] INFO  server.RaftServerConfigKeys (ConfUtils.java:logGet(44)) - raft.server.log.appender.buffer.byte-limit = 33554432 (custom)
2020-07-01 01:40:02,259 [pool-78-thread-1] INFO  server.RaftServerConfigKeys (ConfUtils.java:logGet(44)) - raft.server.log.segment.size.max = 1048576 (custom)
2020-07-01 01:40:02,259 [pool-78-thread-1] INFO  metrics.RatisMetrics (RatisMetrics.java:lambda$create$0(36)) - Creating Metrics Registry : ratis.log_worker.2228b8b0-1bd4-4abc-8be5-fec7aeebcbed@group-3F4429ACDEA2
2020-07-01 01:40:02,261 [pool-78-thread-1] INFO  server.RaftServerConfigKeys (ConfUtils.java:logGet(44)) - raft.server.log.segment.cache.num.max = 2 (custom)
2020-07-01 01:40:02,261 [pool-78-thread-1] INFO  segmented.SegmentedRaftLogWorker (SegmentedRaftLogWorker.java:<init>(180)) - new 2228b8b0-1bd4-4abc-8be5-fec7aeebcbed@group-3F4429ACDEA2-SegmentedRaftLogWorker for RaftStorage:Storage Directory /github/workspace/mnt/ozone/hadoop-ozone/integration-test/target/test-dir/MiniOzoneClusterImpl-1f0cff23-21f0-432d-9716-db38e1d74a84/datanode-3/data/ratis/320967b6-edd7-4d00-bc0b-3f4429acdea2
2020-07-01 01:40:02,261 [pool-78-thread-1] INFO  server.RaftServerConfigKeys (ConfUtils.java:logGet(44)) - raft.server.log.queue.byte-limit = 2147483647 (custom)
2020-07-01 01:40:02,261 [pool-78-thread-1] INFO  server.RaftServerConfigKeys (ConfUtils.java:logGet(44)) - raft.server.log.queue.element-limit = 1024 (custom)
2020-07-01 01:40:02,261 [pool-78-thread-1] INFO  server.RaftServerConfigKeys (ConfUtils.java:logGet(44)) - raft.server.log.segment.size.max = 1048576 (custom)
2020-07-01 01:40:02,261 [pool-78-thread-1] INFO  server.RaftServerConfigKeys (ConfUtils.java:logGet(44)) - raft.server.log.preallocated.size = 16384 (custom)
2020-07-01 01:40:02,261 [pool-78-thread-1] INFO  server.RaftServerConfigKeys (ConfUtils.java:logGet(44)) - raft.server.log.write.buffer.size = 1048576 (custom)
2020-07-01 01:40:02,262 [pool-78-thread-1] INFO  server.RaftServerConfigKeys (ConfUtils.java:logGet(44)) - raft.server.log.force.sync.num = 128 (default)
2020-07-01 01:40:02,262 [pool-78-thread-1] INFO  server.RaftServerConfigKeys (ConfUtils.java:logGet(44)) - raft.server.log.statemachine.data.sync = true (default)
2020-07-01 01:40:02,262 [pool-78-thread-1] INFO  server.RaftServerConfigKeys (ConfUtils.java:logGet(44)) - raft.server.log.statemachine.data.sync.timeout = 10s (default)
2020-07-01 01:40:02,262 [pool-78-thread-1] INFO  server.RaftServerConfigKeys (ConfUtils.java:logGet(44)) - raft.server.log.statemachine.data.sync.timeout.retry = -1 (default)
2020-07-01 01:40:02,263 [pool-78-thread-1] INFO  server.RaftServerConfigKeys (ConfUtils.java:logGet(44)) - raft.server.log.statemachine.data.caching.enabled = true (custom)
2020-07-01 01:40:02,263 [pool-78-thread-1] INFO  segmented.SegmentedRaftLogWorker (SegmentedRaftLogWorker.java:lambda$new$0(129)) - 2228b8b0-1bd4-4abc-8be5-fec7aeebcbed@group-3F4429ACDEA2-SegmentedRaftLogWorker: flushIndex: setUnconditionally 0 -> -1
2020-07-01 01:40:02,263 [pool-78-thread-1] INFO  segmented.SegmentedRaftLogWorker (SegmentedRaftLogWorker.java:lambda$new$0(129)) - 2228b8b0-1bd4-4abc-8be5-fec7aeebcbed@group-3F4429ACDEA2-SegmentedRaftLogWorker: safeCacheEvictIndex: setUnconditionally 0 -> -1
2020-07-01 01:40:02,265 [pool-78-thread-1] INFO  server.RaftServerConfigKeys (ConfUtils.java:logGet(44)) - raft.server.snapshot.auto.trigger.enabled = true (custom)
2020-07-01 01:40:02,265 [pool-78-thread-1] INFO  server.RaftServerConfigKeys (ConfUtils.java:logGet(44)) - raft.server.snapshot.auto.trigger.threshold = 10000 (custom)
2020-07-01 01:40:02,265 [pool-78-thread-1] INFO  server.RaftServerConfigKeys (ConfUtils.java:logGet(44)) - raft.server.snapshot.retention.file.num = 5 (custom)
2020-07-01 01:40:02,265 [pool-78-thread-1] INFO  server.RaftServerConfigKeys (ConfUtils.java:logGet(44)) - raft.server.log.purge.upto.snapshot.index = false (default)
2020-07-01 01:40:02,265 [pool-78-thread-1] INFO  server.RaftServerConfigKeys (ConfUtils.java:logGet(44)) - raft.server.retrycache.expirytime = 600000ms (custom)
2020-07-01 01:40:02,265 [pool-78-thread-1] INFO  metrics.RatisMetrics (RatisMetrics.java:lambda$create$0(36)) - Creating Metrics Registry : ratis.leader_election.2228b8b0-1bd4-4abc-8be5-fec7aeebcbed@group-3F4429ACDEA2
2020-07-01 01:40:02,267 [pool-93-thread-1] INFO  storage.RaftStorageDirectory (RaftStorageDirectory.java:tryLock(343)) - Lock on /github/workspace/mnt/ozone/hadoop-ozone/integration-test/target/test-dir/MiniOzoneClusterImpl-1f0cff23-21f0-432d-9716-db38e1d74a84/datanode-4/data/ratis/f013a7ac-e82f-469d-898c-b54800ed42c7/in_use.lock acquired by nodename 45845@51ddc7c4698f
2020-07-01 01:40:02,268 [pool-93-thread-1] INFO  storage.RaftStorage (RaftStorage.java:format(84)) - Storage directory /github/workspace/mnt/ozone/hadoop-ozone/integration-test/target/test-dir/MiniOzoneClusterImpl-1f0cff23-21f0-432d-9716-db38e1d74a84/datanode-4/data/ratis/f013a7ac-e82f-469d-898c-b54800ed42c7 has been successfully formatted.
2020-07-01 01:40:02,269 [pool-93-thread-1] INFO  ratis.ContainerStateMachine (ContainerStateMachine.java:loadSnapshot(226)) - group-B54800ED42C7: The snapshot info is null. Setting the last applied indexto:(t:0, i:~)
2020-07-01 01:40:02,269 [pool-93-thread-1] INFO  server.RaftServerConfigKeys (ConfUtils.java:logGet(44)) - raft.server.notification.no-leader.timeout = 60s (default)
2020-07-01 01:40:02,269 [pool-93-thread-1] INFO  server.RaftServerConfigKeys (ConfUtils.java:logGet(44)) - raft.server.log.use.memory = false (default)
2020-07-01 01:40:02,269 [pool-93-thread-1] INFO  server.RaftServerConfigKeys (ConfUtils.java:logGet(44)) - raft.server.log.purge.gap = 1000000 (custom)
2020-07-01 01:40:02,269 [pool-93-thread-1] INFO  server.RaftServerConfigKeys (ConfUtils.java:logGet(44)) - raft.server.log.appender.buffer.byte-limit = 33554432 (custom)
2020-07-01 01:40:02,269 [pool-93-thread-1] INFO  server.RaftServerConfigKeys (ConfUtils.java:logGet(44)) - raft.server.log.segment.size.max = 1048576 (custom)
2020-07-01 01:40:02,269 [pool-93-thread-1] INFO  metrics.RatisMetrics (RatisMetrics.java:lambda$create$0(36)) - Creating Metrics Registry : ratis.log_worker.73a3d22a-588b-4473-8061-4380f2d261cd@group-B54800ED42C7
2020-07-01 01:40:02,271 [pool-78-thread-1] INFO  metrics.RatisMetrics (RatisMetrics.java:lambda$create$0(36)) - Creating Metrics Registry : ratis.server.2228b8b0-1bd4-4abc-8be5-fec7aeebcbed@group-3F4429ACDEA2
2020-07-01 01:40:02,273 [EventQueue-PipelineReportForPipelineReportHandler] INFO  pipeline.PipelineStateManager (PipelineStateManager.java:openPipeline(131)) - Pipeline Pipeline[ Id: f013a7ac-e82f-469d-898c-b54800ed42c7, Nodes: 73a3d22a-588b-4473-8061-4380f2d261cd{ip: 172.17.0.2, host: 51ddc7c4698f, networkLocation: /default-rack, certSerialId: null}, Type:RATIS, Factor:ONE, State:ALLOCATED, leaderId:73a3d22a-588b-4473-8061-4380f2d261cd, CreationTimestamp2020-07-01T01:39:59.213Z] moved to OPEN state
2020-07-01 01:40:02,273 [EventQueue-OpenPipelineForOneReplicaPipelineSafeModeRule] INFO  safemode.SCMSafeModeManager (SCMSafeModeManager.java:validateSafeModeExitRules(214)) - AtleastOneDatanodeReportedRule rule is successfully validated
2020-07-01 01:40:02,273 [EventQueue-OpenPipelineForHealthyPipelineSafeModeRule] INFO  safemode.SCMSafeModeManager (HealthyPipelineSafeModeRule.java:process(129)) - SCM in safe mode. Healthy pipelines reported count is 0, required healthy pipeline reported count is 1
2020-07-01 01:40:02,274 [pool-93-thread-1] INFO  server.RaftServerConfigKeys (ConfUtils.java:logGet(44)) - raft.server.log.segment.cache.num.max = 2 (custom)
2020-07-01 01:40:02,274 [pool-93-thread-1] INFO  segmented.SegmentedRaftLogWorker (SegmentedRaftLogWorker.java:<init>(180)) - new 73a3d22a-588b-4473-8061-4380f2d261cd@group-B54800ED42C7-SegmentedRaftLogWorker for RaftStorage:Storage Directory /github/workspace/mnt/ozone/hadoop-ozone/integration-test/target/test-dir/MiniOzoneClusterImpl-1f0cff23-21f0-432d-9716-db38e1d74a84/datanode-4/data/ratis/f013a7ac-e82f-469d-898c-b54800ed42c7
2020-07-01 01:40:02,274 [pool-93-thread-1] INFO  server.RaftServerConfigKeys (ConfUtils.java:logGet(44)) - raft.server.log.queue.byte-limit = 2147483647 (custom)
2020-07-01 01:40:02,274 [pool-93-thread-1] INFO  server.RaftServerConfigKeys (ConfUtils.java:logGet(44)) - raft.server.log.queue.element-limit = 1024 (custom)
2020-07-01 01:40:02,275 [pool-93-thread-1] INFO  server.RaftServerConfigKeys (ConfUtils.java:logGet(44)) - raft.server.log.segment.size.max = 1048576 (custom)
2020-07-01 01:40:02,275 [pool-93-thread-1] INFO  server.RaftServerConfigKeys (ConfUtils.java:logGet(44)) - raft.server.log.preallocated.size = 16384 (custom)
2020-07-01 01:40:02,275 [pool-93-thread-1] INFO  server.RaftServerConfigKeys (ConfUtils.java:logGet(44)) - raft.server.log.write.buffer.size = 1048576 (custom)
2020-07-01 01:40:02,275 [pool-93-thread-1] INFO  server.RaftServerConfigKeys (ConfUtils.java:logGet(44)) - raft.server.log.force.sync.num = 128 (default)
2020-07-01 01:40:02,275 [pool-93-thread-1] INFO  server.RaftServerConfigKeys (ConfUtils.java:logGet(44)) - raft.server.log.statemachine.data.sync = true (default)
2020-07-01 01:40:02,275 [pool-93-thread-1] INFO  server.RaftServerConfigKeys (ConfUtils.java:logGet(44)) - raft.server.log.statemachine.data.sync.timeout = 10s (default)
2020-07-01 01:40:02,275 [pool-93-thread-1] INFO  server.RaftServerConfigKeys (ConfUtils.java:logGet(44)) - raft.server.log.statemachine.data.sync.timeout.retry = -1 (default)
2020-07-01 01:40:02,276 [pool-93-thread-1] INFO  server.RaftServerConfigKeys (ConfUtils.java:logGet(44)) - raft.server.log.statemachine.data.caching.enabled = true (custom)
2020-07-01 01:40:02,277 [pool-93-thread-1] INFO  segmented.SegmentedRaftLogWorker (SegmentedRaftLogWorker.java:lambda$new$0(129)) - 73a3d22a-588b-4473-8061-4380f2d261cd@group-B54800ED42C7-SegmentedRaftLogWorker: flushIndex: setUnconditionally 0 -> -1
2020-07-01 01:40:02,277 [pool-93-thread-1] INFO  segmented.SegmentedRaftLogWorker (SegmentedRaftLogWorker.java:lambda$new$0(129)) - 73a3d22a-588b-4473-8061-4380f2d261cd@group-B54800ED42C7-SegmentedRaftLogWorker: safeCacheEvictIndex: setUnconditionally 0 -> -1
2020-07-01 01:40:02,277 [pool-78-thread-1] INFO  impl.RaftServerImpl (RaftServerImpl.java:start(186)) - 2228b8b0-1bd4-4abc-8be5-fec7aeebcbed@group-3F4429ACDEA2: start as a follower, conf=-1: [2228b8b0-1bd4-4abc-8be5-fec7aeebcbed:172.17.0.2:33817, 73a3d22a-588b-4473-8061-4380f2d261cd:172.17.0.2:41891, 173ba019-d60c-431a-ac38-4699cb5a8b68:172.17.0.2:36303], old=null
2020-07-01 01:40:02,277 [pool-78-thread-1] INFO  impl.RaftServerImpl (RaftServerImpl.java:setRole(175)) - 2228b8b0-1bd4-4abc-8be5-fec7aeebcbed@group-3F4429ACDEA2: changes role from      null to FOLLOWER at term 0 for startAsFollower
2020-07-01 01:40:02,281 [pool-93-thread-1] INFO  server.RaftServerConfigKeys (ConfUtils.java:logGet(44)) - raft.server.snapshot.auto.trigger.enabled = true (custom)
2020-07-01 01:40:02,281 [pool-78-thread-1] INFO  impl.RoleInfo (RoleInfo.java:updateAndGet(143)) - 2228b8b0-1bd4-4abc-8be5-fec7aeebcbed: start FollowerState
2020-07-01 01:40:02,281 [pool-93-thread-1] INFO  server.RaftServerConfigKeys (ConfUtils.java:logGet(44)) - raft.server.snapshot.auto.trigger.threshold = 10000 (custom)
2020-07-01 01:40:02,281 [pool-93-thread-1] INFO  server.RaftServerConfigKeys (ConfUtils.java:logGet(44)) - raft.server.snapshot.retention.file.num = 5 (custom)
2020-07-01 01:40:02,281 [pool-93-thread-1] INFO  server.RaftServerConfigKeys (ConfUtils.java:logGet(44)) - raft.server.log.purge.upto.snapshot.index = false (default)
2020-07-01 01:40:02,281 [pool-78-thread-1] INFO  util.JmxRegister (JmxRegister.java:tryRegister(44)) - Successfully registered JMX Bean with object name Ratis:service=RaftServer,group=group-3F4429ACDEA2,id=2228b8b0-1bd4-4abc-8be5-fec7aeebcbed
2020-07-01 01:40:02,281 [pool-78-thread-1] INFO  metrics.RatisMetrics (RatisMetrics.java:lambda$create$0(36)) - Creating Metrics Registry : ratis.state_machine.2228b8b0-1bd4-4abc-8be5-fec7aeebcbed@group-3F4429ACDEA2
2020-07-01 01:40:02,294 [pool-93-thread-1] INFO  server.RaftServerConfigKeys (ConfUtils.java:logGet(44)) - raft.server.retrycache.expirytime = 600000ms (custom)
2020-07-01 01:40:02,294 [pool-93-thread-1] INFO  metrics.RatisMetrics (RatisMetrics.java:lambda$create$0(36)) - Creating Metrics Registry : ratis.leader_election.73a3d22a-588b-4473-8061-4380f2d261cd@group-B54800ED42C7
2020-07-01 01:40:02,295 [pool-93-thread-1] INFO  metrics.RatisMetrics (RatisMetrics.java:lambda$create$0(36)) - Creating Metrics Registry : ratis.server.73a3d22a-588b-4473-8061-4380f2d261cd@group-B54800ED42C7
2020-07-01 01:40:02,297 [pool-93-thread-1] INFO  impl.RaftServerImpl (RaftServerImpl.java:start(186)) - 73a3d22a-588b-4473-8061-4380f2d261cd@group-B54800ED42C7: start as a follower, conf=-1: [73a3d22a-588b-4473-8061-4380f2d261cd:172.17.0.2:41891], old=null
2020-07-01 01:40:02,297 [pool-93-thread-1] INFO  impl.RaftServerImpl (RaftServerImpl.java:setRole(175)) - 73a3d22a-588b-4473-8061-4380f2d261cd@group-B54800ED42C7: changes role from      null to FOLLOWER at term 0 for startAsFollower
2020-07-01 01:40:02,297 [pool-93-thread-1] INFO  impl.RoleInfo (RoleInfo.java:updateAndGet(143)) - 73a3d22a-588b-4473-8061-4380f2d261cd: start FollowerState
2020-07-01 01:40:02,297 [pool-93-thread-1] INFO  util.JmxRegister (JmxRegister.java:tryRegister(44)) - Successfully registered JMX Bean with object name Ratis:service=RaftServer,group=group-B54800ED42C7,id=73a3d22a-588b-4473-8061-4380f2d261cd
2020-07-01 01:40:02,297 [pool-93-thread-1] INFO  metrics.RatisMetrics (RatisMetrics.java:lambda$create$0(36)) - Creating Metrics Registry : ratis.state_machine.73a3d22a-588b-4473-8061-4380f2d261cd@group-B54800ED42C7
2020-07-01 01:40:02,298 [Command processor thread] INFO  commandhandler.CreatePipelineCommandHandler (CreatePipelineCommandHandler.java:handle(109)) - Created Pipeline RATIS ONE #id: "f013a7ac-e82f-469d-898c-b54800ed42c7"
.
2020-07-01 01:40:02,298 [Command processor thread] INFO  impl.RaftServerProxy (RaftServerProxy.java:addNew(89)) - 73a3d22a-588b-4473-8061-4380f2d261cd: addNew group-3F4429ACDEA2:[2228b8b0-1bd4-4abc-8be5-fec7aeebcbed:172.17.0.2:33817, 73a3d22a-588b-4473-8061-4380f2d261cd:172.17.0.2:41891, 173ba019-d60c-431a-ac38-4699cb5a8b68:172.17.0.2:36303] returns group-3F4429ACDEA2:java.util.concurrent.CompletableFuture@28c7fffa[Not completed]
2020-07-01 01:40:02,300 [pool-93-thread-1] INFO  impl.RaftServerImpl (RaftServerImpl.java:<init>(99)) - 73a3d22a-588b-4473-8061-4380f2d261cd: new RaftServerImpl for group-3F4429ACDEA2:[2228b8b0-1bd4-4abc-8be5-fec7aeebcbed:172.17.0.2:33817, 73a3d22a-588b-4473-8061-4380f2d261cd:172.17.0.2:41891, 173ba019-d60c-431a-ac38-4699cb5a8b68:172.17.0.2:36303] with ContainerStateMachine:uninitialized
2020-07-01 01:40:02,300 [pool-93-thread-1] INFO  server.RaftServerConfigKeys (ConfUtils.java:logGet(44)) - raft.server.rpc.timeout.min = 5s (custom)
2020-07-01 01:40:02,300 [pool-93-thread-1] INFO  server.RaftServerConfigKeys (ConfUtils.java:logGet(44)) - raft.server.rpc.timeout.max = 5200ms (custom)
2020-07-01 01:40:02,300 [pool-93-thread-1] INFO  server.RaftServerConfigKeys (ConfUtils.java:logGet(44)) - raft.server.rpcslowness.timeout = 300s (custom)
2020-07-01 01:40:02,300 [pool-93-thread-1] INFO  server.RaftServerConfigKeys (ConfUtils.java:logGet(44)) - raft.server.sleep.deviation.threshold = 300 (default)
2020-07-01 01:40:02,300 [pool-93-thread-1] INFO  server.RaftServerConfigKeys (ConfUtils.java:logGet(44)) - raft.server.log.appender.install.snapshot.enabled = false (custom)
2020-07-01 01:40:02,300 [pool-93-thread-1] INFO  impl.RaftServerImpl (ServerState.java:<init>(103)) - 73a3d22a-588b-4473-8061-4380f2d261cd@group-3F4429ACDEA2: ConfigurationManager, init=-1: [2228b8b0-1bd4-4abc-8be5-fec7aeebcbed:172.17.0.2:33817, 73a3d22a-588b-4473-8061-4380f2d261cd:172.17.0.2:41891, 173ba019-d60c-431a-ac38-4699cb5a8b68:172.17.0.2:36303], old=null, confs=<EMPTY_MAP>
2020-07-01 01:40:02,300 [pool-93-thread-1] INFO  server.RaftServerConfigKeys (ConfUtils.java:logGet(44)) - raft.server.storage.dir = [/github/workspace/mnt/ozone/hadoop-ozone/integration-test/target/test-dir/MiniOzoneClusterImpl-1f0cff23-21f0-432d-9716-db38e1d74a84/datanode-4/data/ratis] (custom)
2020-07-01 01:40:02,301 [pool-93-thread-1] INFO  server.RaftServerConfigKeys (ConfUtils.java:logGet(44)) - raft.server.log.corruption.policy = EXCEPTION (default)
2020-07-01 01:40:02,301 [pool-93-thread-1] INFO  storage.RaftStorageDirectory (RaftStorageDirectory.java:analyzeStorage(261)) - The storage directory /github/workspace/mnt/ozone/hadoop-ozone/integration-test/target/test-dir/MiniOzoneClusterImpl-1f0cff23-21f0-432d-9716-db38e1d74a84/datanode-4/data/ratis/320967b6-edd7-4d00-bc0b-3f4429acdea2 does not exist. Creating ...
2020-07-01 01:40:02,307 [pool-93-thread-1] INFO  storage.RaftStorageDirectory (RaftStorageDirectory.java:tryLock(343)) - Lock on /github/workspace/mnt/ozone/hadoop-ozone/integration-test/target/test-dir/MiniOzoneClusterImpl-1f0cff23-21f0-432d-9716-db38e1d74a84/datanode-4/data/ratis/320967b6-edd7-4d00-bc0b-3f4429acdea2/in_use.lock acquired by nodename 45845@51ddc7c4698f
2020-07-01 01:40:02,309 [pool-93-thread-1] INFO  storage.RaftStorage (RaftStorage.java:format(84)) - Storage directory /github/workspace/mnt/ozone/hadoop-ozone/integration-test/target/test-dir/MiniOzoneClusterImpl-1f0cff23-21f0-432d-9716-db38e1d74a84/datanode-4/data/ratis/320967b6-edd7-4d00-bc0b-3f4429acdea2 has been successfully formatted.
2020-07-01 01:40:02,321 [pool-93-thread-1] INFO  ratis.ContainerStateMachine (ContainerStateMachine.java:loadSnapshot(226)) - group-3F4429ACDEA2: The snapshot info is null. Setting the last applied indexto:(t:0, i:~)
2020-07-01 01:40:02,321 [pool-93-thread-1] INFO  server.RaftServerConfigKeys (ConfUtils.java:logGet(44)) - raft.server.notification.no-leader.timeout = 60s (default)
2020-07-01 01:40:02,322 [pool-93-thread-1] INFO  server.RaftServerConfigKeys (ConfUtils.java:logGet(44)) - raft.server.log.use.memory = false (default)
2020-07-01 01:40:02,322 [pool-93-thread-1] INFO  server.RaftServerConfigKeys (ConfUtils.java:logGet(44)) - raft.server.log.purge.gap = 1000000 (custom)
2020-07-01 01:40:02,322 [pool-93-thread-1] INFO  server.RaftServerConfigKeys (ConfUtils.java:logGet(44)) - raft.server.log.appender.buffer.byte-limit = 33554432 (custom)
2020-07-01 01:40:02,322 [pool-93-thread-1] INFO  server.RaftServerConfigKeys (ConfUtils.java:logGet(44)) - raft.server.log.segment.size.max = 1048576 (custom)
2020-07-01 01:40:02,322 [pool-93-thread-1] INFO  metrics.RatisMetrics (RatisMetrics.java:lambda$create$0(36)) - Creating Metrics Registry : ratis.log_worker.73a3d22a-588b-4473-8061-4380f2d261cd@group-3F4429ACDEA2
2020-07-01 01:40:02,322 [pool-93-thread-1] INFO  server.RaftServerConfigKeys (ConfUtils.java:logGet(44)) - raft.server.log.segment.cache.num.max = 2 (custom)
2020-07-01 01:40:02,322 [pool-93-thread-1] INFO  segmented.SegmentedRaftLogWorker (SegmentedRaftLogWorker.java:<init>(180)) - new 73a3d22a-588b-4473-8061-4380f2d261cd@group-3F4429ACDEA2-SegmentedRaftLogWorker for RaftStorage:Storage Directory /github/workspace/mnt/ozone/hadoop-ozone/integration-test/target/test-dir/MiniOzoneClusterImpl-1f0cff23-21f0-432d-9716-db38e1d74a84/datanode-4/data/ratis/320967b6-edd7-4d00-bc0b-3f4429acdea2
2020-07-01 01:40:02,322 [pool-93-thread-1] INFO  server.RaftServerConfigKeys (ConfUtils.java:logGet(44)) - raft.server.log.queue.byte-limit = 2147483647 (custom)
2020-07-01 01:40:02,322 [pool-93-thread-1] INFO  server.RaftServerConfigKeys (ConfUtils.java:logGet(44)) - raft.server.log.queue.element-limit = 1024 (custom)
2020-07-01 01:40:02,322 [pool-93-thread-1] INFO  server.RaftServerConfigKeys (ConfUtils.java:logGet(44)) - raft.server.log.segment.size.max = 1048576 (custom)
2020-07-01 01:40:02,322 [pool-93-thread-1] INFO  server.RaftServerConfigKeys (ConfUtils.java:logGet(44)) - raft.server.log.preallocated.size = 16384 (custom)
2020-07-01 01:40:02,322 [pool-93-thread-1] INFO  server.RaftServerConfigKeys (ConfUtils.java:logGet(44)) - raft.server.log.write.buffer.size = 1048576 (custom)
2020-07-01 01:40:02,322 [pool-93-thread-1] INFO  server.RaftServerConfigKeys (ConfUtils.java:logGet(44)) - raft.server.log.force.sync.num = 128 (default)
2020-07-01 01:40:02,322 [pool-93-thread-1] INFO  server.RaftServerConfigKeys (ConfUtils.java:logGet(44)) - raft.server.log.statemachine.data.sync = true (default)
2020-07-01 01:40:02,323 [pool-93-thread-1] INFO  server.RaftServerConfigKeys (ConfUtils.java:logGet(44)) - raft.server.log.statemachine.data.sync.timeout = 10s (default)
2020-07-01 01:40:02,323 [pool-93-thread-1] INFO  server.RaftServerConfigKeys (ConfUtils.java:logGet(44)) - raft.server.log.statemachine.data.sync.timeout.retry = -1 (default)
2020-07-01 01:40:02,323 [Command processor thread] INFO  impl.RaftServerProxy (RaftServerProxy.java:addNew(89)) - 173ba019-d60c-431a-ac38-4699cb5a8b68: addNew group-E97C39D9038F:[173ba019-d60c-431a-ac38-4699cb5a8b68:172.17.0.2:36303] returns group-E97C39D9038F:java.util.concurrent.CompletableFuture@765b697f[Not completed]
2020-07-01 01:40:02,325 [pool-108-thread-1] INFO  impl.RaftServerImpl (RaftServerImpl.java:<init>(99)) - 173ba019-d60c-431a-ac38-4699cb5a8b68: new RaftServerImpl for group-E97C39D9038F:[173ba019-d60c-431a-ac38-4699cb5a8b68:172.17.0.2:36303] with ContainerStateMachine:uninitialized
2020-07-01 01:40:02,325 [pool-93-thread-1] INFO  server.RaftServerConfigKeys (ConfUtils.java:logGet(44)) - raft.server.log.statemachine.data.caching.enabled = true (custom)
2020-07-01 01:40:02,325 [pool-108-thread-1] INFO  server.RaftServerConfigKeys (ConfUtils.java:logGet(44)) - raft.server.rpc.timeout.min = 5s (custom)
2020-07-01 01:40:02,326 [pool-108-thread-1] INFO  server.RaftServerConfigKeys (ConfUtils.java:logGet(44)) - raft.server.rpc.timeout.max = 5200ms (custom)
2020-07-01 01:40:02,326 [pool-108-thread-1] INFO  server.RaftServerConfigKeys (ConfUtils.java:logGet(44)) - raft.server.rpcslowness.timeout = 300s (custom)
2020-07-01 01:40:02,326 [pool-108-thread-1] INFO  server.RaftServerConfigKeys (ConfUtils.java:logGet(44)) - raft.server.sleep.deviation.threshold = 300 (default)
2020-07-01 01:40:02,326 [pool-108-thread-1] INFO  server.RaftServerConfigKeys (ConfUtils.java:logGet(44)) - raft.server.log.appender.install.snapshot.enabled = false (custom)
2020-07-01 01:40:02,326 [pool-93-thread-1] INFO  segmented.SegmentedRaftLogWorker (SegmentedRaftLogWorker.java:lambda$new$0(129)) - 73a3d22a-588b-4473-8061-4380f2d261cd@group-3F4429ACDEA2-SegmentedRaftLogWorker: flushIndex: setUnconditionally 0 -> -1
2020-07-01 01:40:02,326 [pool-93-thread-1] INFO  segmented.SegmentedRaftLogWorker (SegmentedRaftLogWorker.java:lambda$new$0(129)) - 73a3d22a-588b-4473-8061-4380f2d261cd@group-3F4429ACDEA2-SegmentedRaftLogWorker: safeCacheEvictIndex: setUnconditionally 0 -> -1
2020-07-01 01:40:02,326 [pool-108-thread-1] INFO  impl.RaftServerImpl (ServerState.java:<init>(103)) - 173ba019-d60c-431a-ac38-4699cb5a8b68@group-E97C39D9038F: ConfigurationManager, init=-1: [173ba019-d60c-431a-ac38-4699cb5a8b68:172.17.0.2:36303], old=null, confs=<EMPTY_MAP>
2020-07-01 01:40:02,326 [pool-108-thread-1] INFO  server.RaftServerConfigKeys (ConfUtils.java:logGet(44)) - raft.server.storage.dir = [/github/workspace/mnt/ozone/hadoop-ozone/integration-test/target/test-dir/MiniOzoneClusterImpl-1f0cff23-21f0-432d-9716-db38e1d74a84/datanode-5/data/ratis] (custom)
2020-07-01 01:40:02,326 [pool-108-thread-1] INFO  server.RaftServerConfigKeys (ConfUtils.java:logGet(44)) - raft.server.log.corruption.policy = EXCEPTION (default)
2020-07-01 01:40:02,326 [pool-108-thread-1] INFO  storage.RaftStorageDirectory (RaftStorageDirectory.java:analyzeStorage(261)) - The storage directory /github/workspace/mnt/ozone/hadoop-ozone/integration-test/target/test-dir/MiniOzoneClusterImpl-1f0cff23-21f0-432d-9716-db38e1d74a84/datanode-5/data/ratis/f886f815-1acb-48f4-a9d8-e97c39d9038f does not exist. Creating ...
2020-07-01 01:40:02,327 [pool-93-thread-1] INFO  server.RaftServerConfigKeys (ConfUtils.java:logGet(44)) - raft.server.snapshot.auto.trigger.enabled = true (custom)
2020-07-01 01:40:02,327 [pool-93-thread-1] INFO  server.RaftServerConfigKeys (ConfUtils.java:logGet(44)) - raft.server.snapshot.auto.trigger.threshold = 10000 (custom)
2020-07-01 01:40:02,327 [pool-93-thread-1] INFO  server.RaftServerConfigKeys (ConfUtils.java:logGet(44)) - raft.server.snapshot.retention.file.num = 5 (custom)
2020-07-01 01:40:02,327 [pool-93-thread-1] INFO  server.RaftServerConfigKeys (ConfUtils.java:logGet(44)) - raft.server.log.purge.upto.snapshot.index = false (default)
2020-07-01 01:40:02,328 [pool-93-thread-1] INFO  server.RaftServerConfigKeys (ConfUtils.java:logGet(44)) - raft.server.retrycache.expirytime = 600000ms (custom)
2020-07-01 01:40:02,328 [pool-93-thread-1] INFO  metrics.RatisMetrics (RatisMetrics.java:lambda$create$0(36)) - Creating Metrics Registry : ratis.leader_election.73a3d22a-588b-4473-8061-4380f2d261cd@group-3F4429ACDEA2
2020-07-01 01:40:02,328 [pool-93-thread-1] INFO  metrics.RatisMetrics (RatisMetrics.java:lambda$create$0(36)) - Creating Metrics Registry : ratis.server.73a3d22a-588b-4473-8061-4380f2d261cd@group-3F4429ACDEA2
2020-07-01 01:40:02,327 [pool-108-thread-1] INFO  storage.RaftStorageDirectory (RaftStorageDirectory.java:tryLock(343)) - Lock on /github/workspace/mnt/ozone/hadoop-ozone/integration-test/target/test-dir/MiniOzoneClusterImpl-1f0cff23-21f0-432d-9716-db38e1d74a84/datanode-5/data/ratis/f886f815-1acb-48f4-a9d8-e97c39d9038f/in_use.lock acquired by nodename 45845@51ddc7c4698f
2020-07-01 01:40:02,330 [pool-93-thread-1] INFO  impl.RaftServerImpl (RaftServerImpl.java:start(186)) - 73a3d22a-588b-4473-8061-4380f2d261cd@group-3F4429ACDEA2: start as a follower, conf=-1: [2228b8b0-1bd4-4abc-8be5-fec7aeebcbed:172.17.0.2:33817, 73a3d22a-588b-4473-8061-4380f2d261cd:172.17.0.2:41891, 173ba019-d60c-431a-ac38-4699cb5a8b68:172.17.0.2:36303], old=null
2020-07-01 01:40:02,330 [pool-93-thread-1] INFO  impl.RaftServerImpl (RaftServerImpl.java:setRole(175)) - 73a3d22a-588b-4473-8061-4380f2d261cd@group-3F4429ACDEA2: changes role from      null to FOLLOWER at term 0 for startAsFollower
2020-07-01 01:40:02,330 [pool-93-thread-1] INFO  impl.RoleInfo (RoleInfo.java:updateAndGet(143)) - 73a3d22a-588b-4473-8061-4380f2d261cd: start FollowerState
2020-07-01 01:40:02,330 [pool-108-thread-1] INFO  storage.RaftStorage (RaftStorage.java:format(84)) - Storage directory /github/workspace/mnt/ozone/hadoop-ozone/integration-test/target/test-dir/MiniOzoneClusterImpl-1f0cff23-21f0-432d-9716-db38e1d74a84/datanode-5/data/ratis/f886f815-1acb-48f4-a9d8-e97c39d9038f has been successfully formatted.
2020-07-01 01:40:02,343 [pool-93-thread-1] INFO  util.JmxRegister (JmxRegister.java:tryRegister(44)) - Successfully registered JMX Bean with object name Ratis:service=RaftServer,group=group-3F4429ACDEA2,id=73a3d22a-588b-4473-8061-4380f2d261cd
2020-07-01 01:40:02,343 [pool-93-thread-1] INFO  metrics.RatisMetrics (RatisMetrics.java:lambda$create$0(36)) - Creating Metrics Registry : ratis.state_machine.73a3d22a-588b-4473-8061-4380f2d261cd@group-3F4429ACDEA2
2020-07-01 01:40:02,354 [pool-108-thread-1] INFO  ratis.ContainerStateMachine (ContainerStateMachine.java:loadSnapshot(226)) - group-E97C39D9038F: The snapshot info is null. Setting the last applied indexto:(t:0, i:~)
2020-07-01 01:40:02,354 [pool-108-thread-1] INFO  server.RaftServerConfigKeys (ConfUtils.java:logGet(44)) - raft.server.notification.no-leader.timeout = 60s (default)
2020-07-01 01:40:02,354 [pool-108-thread-1] INFO  server.RaftServerConfigKeys (ConfUtils.java:logGet(44)) - raft.server.log.use.memory = false (default)
2020-07-01 01:40:02,354 [pool-108-thread-1] INFO  server.RaftServerConfigKeys (ConfUtils.java:logGet(44)) - raft.server.log.purge.gap = 1000000 (custom)
2020-07-01 01:40:02,354 [pool-108-thread-1] INFO  server.RaftServerConfigKeys (ConfUtils.java:logGet(44)) - raft.server.log.appender.buffer.byte-limit = 33554432 (custom)
2020-07-01 01:40:02,354 [pool-108-thread-1] INFO  server.RaftServerConfigKeys (ConfUtils.java:logGet(44)) - raft.server.log.segment.size.max = 1048576 (custom)
2020-07-01 01:40:02,354 [pool-108-thread-1] INFO  metrics.RatisMetrics (RatisMetrics.java:lambda$create$0(36)) - Creating Metrics Registry : ratis.log_worker.173ba019-d60c-431a-ac38-4699cb5a8b68@group-E97C39D9038F
2020-07-01 01:40:02,354 [pool-108-thread-1] INFO  server.RaftServerConfigKeys (ConfUtils.java:logGet(44)) - raft.server.log.segment.cache.num.max = 2 (custom)
2020-07-01 01:40:02,354 [pool-108-thread-1] INFO  segmented.SegmentedRaftLogWorker (SegmentedRaftLogWorker.java:<init>(180)) - new 173ba019-d60c-431a-ac38-4699cb5a8b68@group-E97C39D9038F-SegmentedRaftLogWorker for RaftStorage:Storage Directory /github/workspace/mnt/ozone/hadoop-ozone/integration-test/target/test-dir/MiniOzoneClusterImpl-1f0cff23-21f0-432d-9716-db38e1d74a84/datanode-5/data/ratis/f886f815-1acb-48f4-a9d8-e97c39d9038f
2020-07-01 01:40:02,354 [pool-108-thread-1] INFO  server.RaftServerConfigKeys (ConfUtils.java:logGet(44)) - raft.server.log.queue.byte-limit = 2147483647 (custom)
2020-07-01 01:40:02,354 [pool-108-thread-1] INFO  server.RaftServerConfigKeys (ConfUtils.java:logGet(44)) - raft.server.log.queue.element-limit = 1024 (custom)
2020-07-01 01:40:02,355 [pool-108-thread-1] INFO  server.RaftServerConfigKeys (ConfUtils.java:logGet(44)) - raft.server.log.segment.size.max = 1048576 (custom)
2020-07-01 01:40:02,355 [pool-108-thread-1] INFO  server.RaftServerConfigKeys (ConfUtils.java:logGet(44)) - raft.server.log.preallocated.size = 16384 (custom)
2020-07-01 01:40:02,355 [pool-108-thread-1] INFO  server.RaftServerConfigKeys (ConfUtils.java:logGet(44)) - raft.server.log.write.buffer.size = 1048576 (custom)
2020-07-01 01:40:02,355 [pool-108-thread-1] INFO  server.RaftServerConfigKeys (ConfUtils.java:logGet(44)) - raft.server.log.force.sync.num = 128 (default)
2020-07-01 01:40:02,355 [pool-108-thread-1] INFO  server.RaftServerConfigKeys (ConfUtils.java:logGet(44)) - raft.server.log.statemachine.data.sync = true (default)
2020-07-01 01:40:02,355 [pool-108-thread-1] INFO  server.RaftServerConfigKeys (ConfUtils.java:logGet(44)) - raft.server.log.statemachine.data.sync.timeout = 10s (default)
2020-07-01 01:40:02,355 [pool-108-thread-1] INFO  server.RaftServerConfigKeys (ConfUtils.java:logGet(44)) - raft.server.log.statemachine.data.sync.timeout.retry = -1 (default)
2020-07-01 01:40:02,366 [pool-108-thread-1] INFO  server.RaftServerConfigKeys (ConfUtils.java:logGet(44)) - raft.server.log.statemachine.data.caching.enabled = true (custom)
2020-07-01 01:40:02,366 [pool-108-thread-1] INFO  segmented.SegmentedRaftLogWorker (SegmentedRaftLogWorker.java:lambda$new$0(129)) - 173ba019-d60c-431a-ac38-4699cb5a8b68@group-E97C39D9038F-SegmentedRaftLogWorker: flushIndex: setUnconditionally 0 -> -1
2020-07-01 01:40:02,366 [pool-108-thread-1] INFO  segmented.SegmentedRaftLogWorker (SegmentedRaftLogWorker.java:lambda$new$0(129)) - 173ba019-d60c-431a-ac38-4699cb5a8b68@group-E97C39D9038F-SegmentedRaftLogWorker: safeCacheEvictIndex: setUnconditionally 0 -> -1
2020-07-01 01:40:02,367 [EventQueue-PipelineReportForPipelineReportHandler] INFO  pipeline.PipelineStateManager (PipelineStateManager.java:openPipeline(131)) - Pipeline Pipeline[ Id: f886f815-1acb-48f4-a9d8-e97c39d9038f, Nodes: 173ba019-d60c-431a-ac38-4699cb5a8b68{ip: 172.17.0.2, host: 51ddc7c4698f, networkLocation: /default-rack, certSerialId: null}, Type:RATIS, Factor:ONE, State:ALLOCATED, leaderId:173ba019-d60c-431a-ac38-4699cb5a8b68, CreationTimestamp2020-07-01T01:39:59.299Z] moved to OPEN state
2020-07-01 01:40:02,367 [EventQueue-OpenPipelineForOneReplicaPipelineSafeModeRule] INFO  safemode.SCMSafeModeManager (SCMSafeModeManager.java:validateSafeModeExitRules(214)) - AtleastOneDatanodeReportedRule rule is successfully validated
2020-07-01 01:40:02,367 [EventQueue-OpenPipelineForHealthyPipelineSafeModeRule] INFO  safemode.SCMSafeModeManager (HealthyPipelineSafeModeRule.java:process(129)) - SCM in safe mode. Healthy pipelines reported count is 0, required healthy pipeline reported count is 1
2020-07-01 01:40:02,377 [pool-108-thread-1] INFO  server.RaftServerConfigKeys (ConfUtils.java:logGet(44)) - raft.server.snapshot.auto.trigger.enabled = true (custom)
2020-07-01 01:40:02,377 [pool-108-thread-1] INFO  server.RaftServerConfigKeys (ConfUtils.java:logGet(44)) - raft.server.snapshot.auto.trigger.threshold = 10000 (custom)
2020-07-01 01:40:02,377 [pool-108-thread-1] INFO  server.RaftServerConfigKeys (ConfUtils.java:logGet(44)) - raft.server.snapshot.retention.file.num = 5 (custom)
2020-07-01 01:40:02,377 [pool-108-thread-1] INFO  server.RaftServerConfigKeys (ConfUtils.java:logGet(44)) - raft.server.log.purge.upto.snapshot.index = false (default)
2020-07-01 01:40:02,377 [pool-108-thread-1] INFO  server.RaftServerConfigKeys (ConfUtils.java:logGet(44)) - raft.server.retrycache.expirytime = 600000ms (custom)
2020-07-01 01:40:02,377 [pool-108-thread-1] INFO  metrics.RatisMetrics (RatisMetrics.java:lambda$create$0(36)) - Creating Metrics Registry : ratis.leader_election.173ba019-d60c-431a-ac38-4699cb5a8b68@group-E97C39D9038F
2020-07-01 01:40:02,377 [pool-108-thread-1] INFO  metrics.RatisMetrics (RatisMetrics.java:lambda$create$0(36)) - Creating Metrics Registry : ratis.server.173ba019-d60c-431a-ac38-4699cb5a8b68@group-E97C39D9038F
2020-07-01 01:40:02,378 [pool-108-thread-1] INFO  impl.RaftServerImpl (RaftServerImpl.java:start(186)) - 173ba019-d60c-431a-ac38-4699cb5a8b68@group-E97C39D9038F: start as a follower, conf=-1: [173ba019-d60c-431a-ac38-4699cb5a8b68:172.17.0.2:36303], old=null
2020-07-01 01:40:02,378 [pool-108-thread-1] INFO  impl.RaftServerImpl (RaftServerImpl.java:setRole(175)) - 173ba019-d60c-431a-ac38-4699cb5a8b68@group-E97C39D9038F: changes role from      null to FOLLOWER at term 0 for startAsFollower
2020-07-01 01:40:02,378 [pool-108-thread-1] INFO  impl.RoleInfo (RoleInfo.java:updateAndGet(143)) - 173ba019-d60c-431a-ac38-4699cb5a8b68: start FollowerState
2020-07-01 01:40:02,379 [pool-108-thread-1] INFO  util.JmxRegister (JmxRegister.java:tryRegister(44)) - Successfully registered JMX Bean with object name Ratis:service=RaftServer,group=group-E97C39D9038F,id=173ba019-d60c-431a-ac38-4699cb5a8b68
2020-07-01 01:40:02,379 [pool-108-thread-1] INFO  metrics.RatisMetrics (RatisMetrics.java:lambda$create$0(36)) - Creating Metrics Registry : ratis.state_machine.173ba019-d60c-431a-ac38-4699cb5a8b68@group-E97C39D9038F
2020-07-01 01:40:02,381 [Command processor thread] INFO  commandhandler.CreatePipelineCommandHandler (CreatePipelineCommandHandler.java:handle(109)) - Created Pipeline RATIS ONE #id: "f886f815-1acb-48f4-a9d8-e97c39d9038f"
.
2020-07-01 01:40:02,382 [Command processor thread] INFO  impl.RaftServerProxy (RaftServerProxy.java:addNew(89)) - 4a250b03-fc0c-4fc6-b3de-35498431563c: addNew group-DFCED8E99A6D:[4a250b03-fc0c-4fc6-b3de-35498431563c:172.17.0.2:42123] returns group-DFCED8E99A6D:java.util.concurrent.CompletableFuture@39e636a6[Not completed]
2020-07-01 01:40:02,387 [Command processor thread] INFO  impl.RaftServerProxy (RaftServerProxy.java:addNew(89)) - 173ba019-d60c-431a-ac38-4699cb5a8b68: addNew group-3F4429ACDEA2:[2228b8b0-1bd4-4abc-8be5-fec7aeebcbed:172.17.0.2:33817, 73a3d22a-588b-4473-8061-4380f2d261cd:172.17.0.2:41891, 173ba019-d60c-431a-ac38-4699cb5a8b68:172.17.0.2:36303] returns group-3F4429ACDEA2:java.util.concurrent.CompletableFuture@7264e36c[Not completed]
2020-07-01 01:40:02,388 [pool-108-thread-1] INFO  impl.RaftServerImpl (RaftServerImpl.java:<init>(99)) - 173ba019-d60c-431a-ac38-4699cb5a8b68: new RaftServerImpl for group-3F4429ACDEA2:[2228b8b0-1bd4-4abc-8be5-fec7aeebcbed:172.17.0.2:33817, 73a3d22a-588b-4473-8061-4380f2d261cd:172.17.0.2:41891, 173ba019-d60c-431a-ac38-4699cb5a8b68:172.17.0.2:36303] with ContainerStateMachine:uninitialized
2020-07-01 01:40:02,388 [pool-108-thread-1] INFO  server.RaftServerConfigKeys (ConfUtils.java:logGet(44)) - raft.server.rpc.timeout.min = 5s (custom)
2020-07-01 01:40:02,388 [pool-108-thread-1] INFO  server.RaftServerConfigKeys (ConfUtils.java:logGet(44)) - raft.server.rpc.timeout.max = 5200ms (custom)
2020-07-01 01:40:02,388 [pool-108-thread-1] INFO  server.RaftServerConfigKeys (ConfUtils.java:logGet(44)) - raft.server.rpcslowness.timeout = 300s (custom)
2020-07-01 01:40:02,388 [pool-108-thread-1] INFO  server.RaftServerConfigKeys (ConfUtils.java:logGet(44)) - raft.server.sleep.deviation.threshold = 300 (default)
2020-07-01 01:40:02,388 [pool-108-thread-1] INFO  server.RaftServerConfigKeys (ConfUtils.java:logGet(44)) - raft.server.log.appender.install.snapshot.enabled = false (custom)
2020-07-01 01:40:02,388 [pool-108-thread-1] INFO  impl.RaftServerImpl (ServerState.java:<init>(103)) - 173ba019-d60c-431a-ac38-4699cb5a8b68@group-3F4429ACDEA2: ConfigurationManager, init=-1: [2228b8b0-1bd4-4abc-8be5-fec7aeebcbed:172.17.0.2:33817, 73a3d22a-588b-4473-8061-4380f2d261cd:172.17.0.2:41891, 173ba019-d60c-431a-ac38-4699cb5a8b68:172.17.0.2:36303], old=null, confs=<EMPTY_MAP>
2020-07-01 01:40:02,388 [pool-108-thread-1] INFO  server.RaftServerConfigKeys (ConfUtils.java:logGet(44)) - raft.server.storage.dir = [/github/workspace/mnt/ozone/hadoop-ozone/integration-test/target/test-dir/MiniOzoneClusterImpl-1f0cff23-21f0-432d-9716-db38e1d74a84/datanode-5/data/ratis] (custom)
2020-07-01 01:40:02,388 [pool-108-thread-1] INFO  server.RaftServerConfigKeys (ConfUtils.java:logGet(44)) - raft.server.log.corruption.policy = EXCEPTION (default)
2020-07-01 01:40:02,388 [pool-108-thread-1] INFO  storage.RaftStorageDirectory (RaftStorageDirectory.java:analyzeStorage(261)) - The storage directory /github/workspace/mnt/ozone/hadoop-ozone/integration-test/target/test-dir/MiniOzoneClusterImpl-1f0cff23-21f0-432d-9716-db38e1d74a84/datanode-5/data/ratis/320967b6-edd7-4d00-bc0b-3f4429acdea2 does not exist. Creating ...
2020-07-01 01:40:02,394 [pool-108-thread-1] INFO  storage.RaftStorageDirectory (RaftStorageDirectory.java:tryLock(343)) - Lock on /github/workspace/mnt/ozone/hadoop-ozone/integration-test/target/test-dir/MiniOzoneClusterImpl-1f0cff23-21f0-432d-9716-db38e1d74a84/datanode-5/data/ratis/320967b6-edd7-4d00-bc0b-3f4429acdea2/in_use.lock acquired by nodename 45845@51ddc7c4698f
2020-07-01 01:40:02,401 [pool-123-thread-1] INFO  impl.RaftServerImpl (RaftServerImpl.java:<init>(99)) - 4a250b03-fc0c-4fc6-b3de-35498431563c: new RaftServerImpl for group-DFCED8E99A6D:[4a250b03-fc0c-4fc6-b3de-35498431563c:172.17.0.2:42123] with ContainerStateMachine:uninitialized
2020-07-01 01:40:02,401 [pool-123-thread-1] INFO  server.RaftServerConfigKeys (ConfUtils.java:logGet(44)) - raft.server.rpc.timeout.min = 5s (custom)
2020-07-01 01:40:02,401 [pool-123-thread-1] INFO  server.RaftServerConfigKeys (ConfUtils.java:logGet(44)) - raft.server.rpc.timeout.max = 5200ms (custom)
2020-07-01 01:40:02,401 [pool-123-thread-1] INFO  server.RaftServerConfigKeys (ConfUtils.java:logGet(44)) - raft.server.rpcslowness.timeout = 300s (custom)
2020-07-01 01:40:02,401 [pool-123-thread-1] INFO  server.RaftServerConfigKeys (ConfUtils.java:logGet(44)) - raft.server.sleep.deviation.threshold = 300 (default)
2020-07-01 01:40:02,401 [pool-123-thread-1] INFO  server.RaftServerConfigKeys (ConfUtils.java:logGet(44)) - raft.server.log.appender.install.snapshot.enabled = false (custom)
2020-07-01 01:40:02,401 [pool-123-thread-1] INFO  impl.RaftServerImpl (ServerState.java:<init>(103)) - 4a250b03-fc0c-4fc6-b3de-35498431563c@group-DFCED8E99A6D: ConfigurationManager, init=-1: [4a250b03-fc0c-4fc6-b3de-35498431563c:172.17.0.2:42123], old=null, confs=<EMPTY_MAP>
2020-07-01 01:40:02,402 [pool-123-thread-1] INFO  server.RaftServerConfigKeys (ConfUtils.java:logGet(44)) - raft.server.storage.dir = [/github/workspace/mnt/ozone/hadoop-ozone/integration-test/target/test-dir/MiniOzoneClusterImpl-1f0cff23-21f0-432d-9716-db38e1d74a84/datanode-6/data/ratis] (custom)
2020-07-01 01:40:02,402 [pool-123-thread-1] INFO  server.RaftServerConfigKeys (ConfUtils.java:logGet(44)) - raft.server.log.corruption.policy = EXCEPTION (default)
2020-07-01 01:40:02,403 [pool-123-thread-1] INFO  storage.RaftStorageDirectory (RaftStorageDirectory.java:analyzeStorage(261)) - The storage directory /github/workspace/mnt/ozone/hadoop-ozone/integration-test/target/test-dir/MiniOzoneClusterImpl-1f0cff23-21f0-432d-9716-db38e1d74a84/datanode-6/data/ratis/1e71a80f-8732-41c8-9644-dfced8e99a6d does not exist. Creating ...
2020-07-01 01:40:02,403 [pool-108-thread-1] INFO  storage.RaftStorage (RaftStorage.java:format(84)) - Storage directory /github/workspace/mnt/ozone/hadoop-ozone/integration-test/target/test-dir/MiniOzoneClusterImpl-1f0cff23-21f0-432d-9716-db38e1d74a84/datanode-5/data/ratis/320967b6-edd7-4d00-bc0b-3f4429acdea2 has been successfully formatted.
2020-07-01 01:40:02,403 [pool-108-thread-1] INFO  ratis.ContainerStateMachine (ContainerStateMachine.java:loadSnapshot(226)) - group-3F4429ACDEA2: The snapshot info is null. Setting the last applied indexto:(t:0, i:~)
2020-07-01 01:40:02,404 [pool-108-thread-1] INFO  server.RaftServerConfigKeys (ConfUtils.java:logGet(44)) - raft.server.notification.no-leader.timeout = 60s (default)
2020-07-01 01:40:02,404 [pool-108-thread-1] INFO  server.RaftServerConfigKeys (ConfUtils.java:logGet(44)) - raft.server.log.use.memory = false (default)
2020-07-01 01:40:02,404 [pool-108-thread-1] INFO  server.RaftServerConfigKeys (ConfUtils.java:logGet(44)) - raft.server.log.purge.gap = 1000000 (custom)
2020-07-01 01:40:02,404 [pool-108-thread-1] INFO  server.RaftServerConfigKeys (ConfUtils.java:logGet(44)) - raft.server.log.appender.buffer.byte-limit = 33554432 (custom)
2020-07-01 01:40:02,404 [pool-108-thread-1] INFO  server.RaftServerConfigKeys (ConfUtils.java:logGet(44)) - raft.server.log.segment.size.max = 1048576 (custom)
2020-07-01 01:40:02,404 [pool-108-thread-1] INFO  metrics.RatisMetrics (RatisMetrics.java:lambda$create$0(36)) - Creating Metrics Registry : ratis.log_worker.173ba019-d60c-431a-ac38-4699cb5a8b68@group-3F4429ACDEA2
2020-07-01 01:40:02,404 [pool-108-thread-1] INFO  server.RaftServerConfigKeys (ConfUtils.java:logGet(44)) - raft.server.log.segment.cache.num.max = 2 (custom)
2020-07-01 01:40:02,404 [pool-108-thread-1] INFO  segmented.SegmentedRaftLogWorker (SegmentedRaftLogWorker.java:<init>(180)) - new 173ba019-d60c-431a-ac38-4699cb5a8b68@group-3F4429ACDEA2-SegmentedRaftLogWorker for RaftStorage:Storage Directory /github/workspace/mnt/ozone/hadoop-ozone/integration-test/target/test-dir/MiniOzoneClusterImpl-1f0cff23-21f0-432d-9716-db38e1d74a84/datanode-5/data/ratis/320967b6-edd7-4d00-bc0b-3f4429acdea2
2020-07-01 01:40:02,404 [pool-108-thread-1] INFO  server.RaftServerConfigKeys (ConfUtils.java:logGet(44)) - raft.server.log.queue.byte-limit = 2147483647 (custom)
2020-07-01 01:40:02,404 [pool-108-thread-1] INFO  server.RaftServerConfigKeys (ConfUtils.java:logGet(44)) - raft.server.log.queue.element-limit = 1024 (custom)
2020-07-01 01:40:02,404 [pool-108-thread-1] INFO  server.RaftServerConfigKeys (ConfUtils.java:logGet(44)) - raft.server.log.segment.size.max = 1048576 (custom)
2020-07-01 01:40:02,404 [pool-108-thread-1] INFO  server.RaftServerConfigKeys (ConfUtils.java:logGet(44)) - raft.server.log.preallocated.size = 16384 (custom)
2020-07-01 01:40:02,404 [pool-108-thread-1] INFO  server.RaftServerConfigKeys (ConfUtils.java:logGet(44)) - raft.server.log.write.buffer.size = 1048576 (custom)
2020-07-01 01:40:02,404 [pool-108-thread-1] INFO  server.RaftServerConfigKeys (ConfUtils.java:logGet(44)) - raft.server.log.force.sync.num = 128 (default)
2020-07-01 01:40:02,404 [pool-108-thread-1] INFO  server.RaftServerConfigKeys (ConfUtils.java:logGet(44)) - raft.server.log.statemachine.data.sync = true (default)
2020-07-01 01:40:02,404 [pool-108-thread-1] INFO  server.RaftServerConfigKeys (ConfUtils.java:logGet(44)) - raft.server.log.statemachine.data.sync.timeout = 10s (default)
2020-07-01 01:40:02,405 [pool-108-thread-1] INFO  server.RaftServerConfigKeys (ConfUtils.java:logGet(44)) - raft.server.log.statemachine.data.sync.timeout.retry = -1 (default)
2020-07-01 01:40:02,411 [pool-108-thread-1] INFO  server.RaftServerConfigKeys (ConfUtils.java:logGet(44)) - raft.server.log.statemachine.data.caching.enabled = true (custom)
2020-07-01 01:40:02,412 [pool-108-thread-1] INFO  segmented.SegmentedRaftLogWorker (SegmentedRaftLogWorker.java:lambda$new$0(129)) - 173ba019-d60c-431a-ac38-4699cb5a8b68@group-3F4429ACDEA2-SegmentedRaftLogWorker: flushIndex: setUnconditionally 0 -> -1
2020-07-01 01:40:02,412 [pool-108-thread-1] INFO  segmented.SegmentedRaftLogWorker (SegmentedRaftLogWorker.java:lambda$new$0(129)) - 173ba019-d60c-431a-ac38-4699cb5a8b68@group-3F4429ACDEA2-SegmentedRaftLogWorker: safeCacheEvictIndex: setUnconditionally 0 -> -1
2020-07-01 01:40:02,414 [pool-123-thread-1] INFO  storage.RaftStorageDirectory (RaftStorageDirectory.java:tryLock(343)) - Lock on /github/workspace/mnt/ozone/hadoop-ozone/integration-test/target/test-dir/MiniOzoneClusterImpl-1f0cff23-21f0-432d-9716-db38e1d74a84/datanode-6/data/ratis/1e71a80f-8732-41c8-9644-dfced8e99a6d/in_use.lock acquired by nodename 45845@51ddc7c4698f
2020-07-01 01:40:02,416 [pool-123-thread-1] INFO  storage.RaftStorage (RaftStorage.java:format(84)) - Storage directory /github/workspace/mnt/ozone/hadoop-ozone/integration-test/target/test-dir/MiniOzoneClusterImpl-1f0cff23-21f0-432d-9716-db38e1d74a84/datanode-6/data/ratis/1e71a80f-8732-41c8-9644-dfced8e99a6d has been successfully formatted.
2020-07-01 01:40:02,418 [pool-108-thread-1] INFO  server.RaftServerConfigKeys (ConfUtils.java:logGet(44)) - raft.server.snapshot.auto.trigger.enabled = true (custom)
2020-07-01 01:40:02,418 [pool-108-thread-1] INFO  server.RaftServerConfigKeys (ConfUtils.java:logGet(44)) - raft.server.snapshot.auto.trigger.threshold = 10000 (custom)
2020-07-01 01:40:02,418 [pool-108-thread-1] INFO  server.RaftServerConfigKeys (ConfUtils.java:logGet(44)) - raft.server.snapshot.retention.file.num = 5 (custom)
2020-07-01 01:40:02,418 [pool-108-thread-1] INFO  server.RaftServerConfigKeys (ConfUtils.java:logGet(44)) - raft.server.log.purge.upto.snapshot.index = false (default)
2020-07-01 01:40:02,418 [pool-108-thread-1] INFO  server.RaftServerConfigKeys (ConfUtils.java:logGet(44)) - raft.server.retrycache.expirytime = 600000ms (custom)
2020-07-01 01:40:02,419 [pool-108-thread-1] INFO  metrics.RatisMetrics (RatisMetrics.java:lambda$create$0(36)) - Creating Metrics Registry : ratis.leader_election.173ba019-d60c-431a-ac38-4699cb5a8b68@group-3F4429ACDEA2
2020-07-01 01:40:02,419 [pool-108-thread-1] INFO  metrics.RatisMetrics (RatisMetrics.java:lambda$create$0(36)) - Creating Metrics Registry : ratis.server.173ba019-d60c-431a-ac38-4699cb5a8b68@group-3F4429ACDEA2
2020-07-01 01:40:02,420 [pool-108-thread-1] INFO  impl.RaftServerImpl (RaftServerImpl.java:start(186)) - 173ba019-d60c-431a-ac38-4699cb5a8b68@group-3F4429ACDEA2: start as a follower, conf=-1: [2228b8b0-1bd4-4abc-8be5-fec7aeebcbed:172.17.0.2:33817, 73a3d22a-588b-4473-8061-4380f2d261cd:172.17.0.2:41891, 173ba019-d60c-431a-ac38-4699cb5a8b68:172.17.0.2:36303], old=null
2020-07-01 01:40:02,430 [pool-108-thread-1] INFO  impl.RaftServerImpl (RaftServerImpl.java:setRole(175)) - 173ba019-d60c-431a-ac38-4699cb5a8b68@group-3F4429ACDEA2: changes role from      null to FOLLOWER at term 0 for startAsFollower
2020-07-01 01:40:02,429 [EventQueue-PipelineReportForPipelineReportHandler] INFO  pipeline.PipelineStateManager (PipelineStateManager.java:openPipeline(131)) - Pipeline Pipeline[ Id: 1e71a80f-8732-41c8-9644-dfced8e99a6d, Nodes: 4a250b03-fc0c-4fc6-b3de-35498431563c{ip: 172.17.0.2, host: 51ddc7c4698f, networkLocation: /default-rack, certSerialId: null}, Type:RATIS, Factor:ONE, State:ALLOCATED, leaderId:4a250b03-fc0c-4fc6-b3de-35498431563c, CreationTimestamp2020-07-01T01:39:59.377Z] moved to OPEN state
2020-07-01 01:40:02,428 [pool-123-thread-1] INFO  ratis.ContainerStateMachine (ContainerStateMachine.java:loadSnapshot(226)) - group-DFCED8E99A6D: The snapshot info is null. Setting the last applied indexto:(t:0, i:~)
2020-07-01 01:40:02,430 [pool-123-thread-1] INFO  server.RaftServerConfigKeys (ConfUtils.java:logGet(44)) - raft.server.notification.no-leader.timeout = 60s (default)
2020-07-01 01:40:02,430 [pool-123-thread-1] INFO  server.RaftServerConfigKeys (ConfUtils.java:logGet(44)) - raft.server.log.use.memory = false (default)
2020-07-01 01:40:02,430 [EventQueue-OpenPipelineForHealthyPipelineSafeModeRule] INFO  safemode.SCMSafeModeManager (HealthyPipelineSafeModeRule.java:process(129)) - SCM in safe mode. Healthy pipelines reported count is 0, required healthy pipeline reported count is 1
2020-07-01 01:40:02,430 [EventQueue-OpenPipelineForOneReplicaPipelineSafeModeRule] INFO  safemode.SCMSafeModeManager (SCMSafeModeManager.java:validateSafeModeExitRules(214)) - AtleastOneDatanodeReportedRule rule is successfully validated
2020-07-01 01:40:02,430 [pool-123-thread-1] INFO  server.RaftServerConfigKeys (ConfUtils.java:logGet(44)) - raft.server.log.purge.gap = 1000000 (custom)
2020-07-01 01:40:02,430 [pool-108-thread-1] INFO  impl.RoleInfo (RoleInfo.java:updateAndGet(143)) - 173ba019-d60c-431a-ac38-4699cb5a8b68: start FollowerState
2020-07-01 01:40:02,430 [pool-123-thread-1] INFO  server.RaftServerConfigKeys (ConfUtils.java:logGet(44)) - raft.server.log.appender.buffer.byte-limit = 33554432 (custom)
2020-07-01 01:40:02,430 [pool-123-thread-1] INFO  server.RaftServerConfigKeys (ConfUtils.java:logGet(44)) - raft.server.log.segment.size.max = 1048576 (custom)
2020-07-01 01:40:02,431 [pool-123-thread-1] INFO  metrics.RatisMetrics (RatisMetrics.java:lambda$create$0(36)) - Creating Metrics Registry : ratis.log_worker.4a250b03-fc0c-4fc6-b3de-35498431563c@group-DFCED8E99A6D
2020-07-01 01:40:02,431 [pool-123-thread-1] INFO  server.RaftServerConfigKeys (ConfUtils.java:logGet(44)) - raft.server.log.segment.cache.num.max = 2 (custom)
2020-07-01 01:40:02,431 [pool-123-thread-1] INFO  segmented.SegmentedRaftLogWorker (SegmentedRaftLogWorker.java:<init>(180)) - new 4a250b03-fc0c-4fc6-b3de-35498431563c@group-DFCED8E99A6D-SegmentedRaftLogWorker for RaftStorage:Storage Directory /github/workspace/mnt/ozone/hadoop-ozone/integration-test/target/test-dir/MiniOzoneClusterImpl-1f0cff23-21f0-432d-9716-db38e1d74a84/datanode-6/data/ratis/1e71a80f-8732-41c8-9644-dfced8e99a6d
2020-07-01 01:40:02,431 [pool-123-thread-1] INFO  server.RaftServerConfigKeys (ConfUtils.java:logGet(44)) - raft.server.log.queue.byte-limit = 2147483647 (custom)
2020-07-01 01:40:02,431 [pool-123-thread-1] INFO  server.RaftServerConfigKeys (ConfUtils.java:logGet(44)) - raft.server.log.queue.element-limit = 1024 (custom)
2020-07-01 01:40:02,431 [pool-123-thread-1] INFO  server.RaftServerConfigKeys (ConfUtils.java:logGet(44)) - raft.server.log.segment.size.max = 1048576 (custom)
2020-07-01 01:40:02,431 [pool-123-thread-1] INFO  server.RaftServerConfigKeys (ConfUtils.java:logGet(44)) - raft.server.log.preallocated.size = 16384 (custom)
2020-07-01 01:40:02,431 [pool-123-thread-1] INFO  server.RaftServerConfigKeys (ConfUtils.java:logGet(44)) - raft.server.log.write.buffer.size = 1048576 (custom)
2020-07-01 01:40:02,431 [pool-123-thread-1] INFO  server.RaftServerConfigKeys (ConfUtils.java:logGet(44)) - raft.server.log.force.sync.num = 128 (default)
2020-07-01 01:40:02,431 [pool-123-thread-1] INFO  server.RaftServerConfigKeys (ConfUtils.java:logGet(44)) - raft.server.log.statemachine.data.sync = true (default)
2020-07-01 01:40:02,431 [pool-123-thread-1] INFO  server.RaftServerConfigKeys (ConfUtils.java:logGet(44)) - raft.server.log.statemachine.data.sync.timeout = 10s (default)
2020-07-01 01:40:02,431 [pool-123-thread-1] INFO  server.RaftServerConfigKeys (ConfUtils.java:logGet(44)) - raft.server.log.statemachine.data.sync.timeout.retry = -1 (default)
2020-07-01 01:40:02,432 [pool-108-thread-1] INFO  util.JmxRegister (JmxRegister.java:tryRegister(44)) - Successfully registered JMX Bean with object name Ratis:service=RaftServer,group=group-3F4429ACDEA2,id=173ba019-d60c-431a-ac38-4699cb5a8b68
2020-07-01 01:40:02,432 [pool-108-thread-1] INFO  metrics.RatisMetrics (RatisMetrics.java:lambda$create$0(36)) - Creating Metrics Registry : ratis.state_machine.173ba019-d60c-431a-ac38-4699cb5a8b68@group-3F4429ACDEA2
2020-07-01 01:40:02,434 [pool-123-thread-1] INFO  server.RaftServerConfigKeys (ConfUtils.java:logGet(44)) - raft.server.log.statemachine.data.caching.enabled = true (custom)
2020-07-01 01:40:02,434 [pool-123-thread-1] INFO  segmented.SegmentedRaftLogWorker (SegmentedRaftLogWorker.java:lambda$new$0(129)) - 4a250b03-fc0c-4fc6-b3de-35498431563c@group-DFCED8E99A6D-SegmentedRaftLogWorker: flushIndex: setUnconditionally 0 -> -1
2020-07-01 01:40:02,434 [pool-123-thread-1] INFO  segmented.SegmentedRaftLogWorker (SegmentedRaftLogWorker.java:lambda$new$0(129)) - 4a250b03-fc0c-4fc6-b3de-35498431563c@group-DFCED8E99A6D-SegmentedRaftLogWorker: safeCacheEvictIndex: setUnconditionally 0 -> -1
2020-07-01 01:40:02,446 [pool-123-thread-1] INFO  server.RaftServerConfigKeys (ConfUtils.java:logGet(44)) - raft.server.snapshot.auto.trigger.enabled = true (custom)
2020-07-01 01:40:02,446 [pool-123-thread-1] INFO  server.RaftServerConfigKeys (ConfUtils.java:logGet(44)) - raft.server.snapshot.auto.trigger.threshold = 10000 (custom)
2020-07-01 01:40:02,446 [pool-123-thread-1] INFO  server.RaftServerConfigKeys (ConfUtils.java:logGet(44)) - raft.server.snapshot.retention.file.num = 5 (custom)
2020-07-01 01:40:02,446 [pool-123-thread-1] INFO  server.RaftServerConfigKeys (ConfUtils.java:logGet(44)) - raft.server.log.purge.upto.snapshot.index = false (default)
2020-07-01 01:40:02,446 [pool-123-thread-1] INFO  server.RaftServerConfigKeys (ConfUtils.java:logGet(44)) - raft.server.retrycache.expirytime = 600000ms (custom)
2020-07-01 01:40:02,446 [pool-123-thread-1] INFO  metrics.RatisMetrics (RatisMetrics.java:lambda$create$0(36)) - Creating Metrics Registry : ratis.leader_election.4a250b03-fc0c-4fc6-b3de-35498431563c@group-DFCED8E99A6D
2020-07-01 01:40:02,447 [pool-123-thread-1] INFO  metrics.RatisMetrics (RatisMetrics.java:lambda$create$0(36)) - Creating Metrics Registry : ratis.server.4a250b03-fc0c-4fc6-b3de-35498431563c@group-DFCED8E99A6D
2020-07-01 01:40:02,447 [pool-123-thread-1] INFO  impl.RaftServerImpl (RaftServerImpl.java:start(186)) - 4a250b03-fc0c-4fc6-b3de-35498431563c@group-DFCED8E99A6D: start as a follower, conf=-1: [4a250b03-fc0c-4fc6-b3de-35498431563c:172.17.0.2:42123], old=null
2020-07-01 01:40:02,447 [pool-123-thread-1] INFO  impl.RaftServerImpl (RaftServerImpl.java:setRole(175)) - 4a250b03-fc0c-4fc6-b3de-35498431563c@group-DFCED8E99A6D: changes role from      null to FOLLOWER at term 0 for startAsFollower
2020-07-01 01:40:02,447 [pool-123-thread-1] INFO  impl.RoleInfo (RoleInfo.java:updateAndGet(143)) - 4a250b03-fc0c-4fc6-b3de-35498431563c: start FollowerState
2020-07-01 01:40:02,452 [pool-123-thread-1] INFO  util.JmxRegister (JmxRegister.java:tryRegister(44)) - Successfully registered JMX Bean with object name Ratis:service=RaftServer,group=group-DFCED8E99A6D,id=4a250b03-fc0c-4fc6-b3de-35498431563c
2020-07-01 01:40:02,452 [pool-123-thread-1] INFO  metrics.RatisMetrics (RatisMetrics.java:lambda$create$0(36)) - Creating Metrics Registry : ratis.state_machine.4a250b03-fc0c-4fc6-b3de-35498431563c@group-DFCED8E99A6D
2020-07-01 01:40:02,462 [Command processor thread] INFO  commandhandler.CreatePipelineCommandHandler (CreatePipelineCommandHandler.java:handle(109)) - Created Pipeline RATIS ONE #id: "1e71a80f-8732-41c8-9644-dfced8e99a6d"
.
2020-07-01 01:40:02,463 [Command processor thread] INFO  impl.RaftServerProxy (RaftServerProxy.java:addNew(89)) - 4a250b03-fc0c-4fc6-b3de-35498431563c: addNew group-EDC9AD94D6A7:[86e2f92f-9f2f-47be-9996-581eb5cc11da:172.17.0.2:36799, 4a250b03-fc0c-4fc6-b3de-35498431563c:172.17.0.2:42123, 8c5b2b67-bc34-46b0-b6c3-958390f4d72e:172.17.0.2:43281] returns group-EDC9AD94D6A7:java.util.concurrent.CompletableFuture@3dd9a542[Not completed]
2020-07-01 01:40:02,464 [pool-123-thread-1] INFO  impl.RaftServerImpl (RaftServerImpl.java:<init>(99)) - 4a250b03-fc0c-4fc6-b3de-35498431563c: new RaftServerImpl for group-EDC9AD94D6A7:[86e2f92f-9f2f-47be-9996-581eb5cc11da:172.17.0.2:36799, 4a250b03-fc0c-4fc6-b3de-35498431563c:172.17.0.2:42123, 8c5b2b67-bc34-46b0-b6c3-958390f4d72e:172.17.0.2:43281] with ContainerStateMachine:uninitialized
2020-07-01 01:40:02,464 [pool-123-thread-1] INFO  server.RaftServerConfigKeys (ConfUtils.java:logGet(44)) - raft.server.rpc.timeout.min = 5s (custom)
2020-07-01 01:40:02,464 [pool-123-thread-1] INFO  server.RaftServerConfigKeys (ConfUtils.java:logGet(44)) - raft.server.rpc.timeout.max = 5200ms (custom)
2020-07-01 01:40:02,464 [pool-123-thread-1] INFO  server.RaftServerConfigKeys (ConfUtils.java:logGet(44)) - raft.server.rpcslowness.timeout = 300s (custom)
2020-07-01 01:40:02,464 [pool-123-thread-1] INFO  server.RaftServerConfigKeys (ConfUtils.java:logGet(44)) - raft.server.sleep.deviation.threshold = 300 (default)
2020-07-01 01:40:02,464 [pool-123-thread-1] INFO  server.RaftServerConfigKeys (ConfUtils.java:logGet(44)) - raft.server.log.appender.install.snapshot.enabled = false (custom)
2020-07-01 01:40:02,464 [pool-123-thread-1] INFO  impl.RaftServerImpl (ServerState.java:<init>(103)) - 4a250b03-fc0c-4fc6-b3de-35498431563c@group-EDC9AD94D6A7: ConfigurationManager, init=-1: [86e2f92f-9f2f-47be-9996-581eb5cc11da:172.17.0.2:36799, 4a250b03-fc0c-4fc6-b3de-35498431563c:172.17.0.2:42123, 8c5b2b67-bc34-46b0-b6c3-958390f4d72e:172.17.0.2:43281], old=null, confs=<EMPTY_MAP>
2020-07-01 01:40:02,464 [pool-123-thread-1] INFO  server.RaftServerConfigKeys (ConfUtils.java:logGet(44)) - raft.server.storage.dir = [/github/workspace/mnt/ozone/hadoop-ozone/integration-test/target/test-dir/MiniOzoneClusterImpl-1f0cff23-21f0-432d-9716-db38e1d74a84/datanode-6/data/ratis] (custom)
2020-07-01 01:40:02,464 [pool-123-thread-1] INFO  server.RaftServerConfigKeys (ConfUtils.java:logGet(44)) - raft.server.log.corruption.policy = EXCEPTION (default)
2020-07-01 01:40:02,464 [pool-123-thread-1] INFO  storage.RaftStorageDirectory (RaftStorageDirectory.java:analyzeStorage(261)) - The storage directory /github/workspace/mnt/ozone/hadoop-ozone/integration-test/target/test-dir/MiniOzoneClusterImpl-1f0cff23-21f0-432d-9716-db38e1d74a84/datanode-6/data/ratis/56595784-b98f-43aa-ac8d-edc9ad94d6a7 does not exist. Creating ...
2020-07-01 01:40:02,470 [Command processor thread] INFO  impl.RaftServerProxy (RaftServerProxy.java:addNew(89)) - 8c5b2b67-bc34-46b0-b6c3-958390f4d72e: addNew group-006A94DDA21B:[8c5b2b67-bc34-46b0-b6c3-958390f4d72e:172.17.0.2:43281] returns group-006A94DDA21B:java.util.concurrent.CompletableFuture@4c492a48[Not completed]
2020-07-01 01:40:02,471 [pool-123-thread-1] INFO  storage.RaftStorageDirectory (RaftStorageDirectory.java:tryLock(343)) - Lock on /github/workspace/mnt/ozone/hadoop-ozone/integration-test/target/test-dir/MiniOzoneClusterImpl-1f0cff23-21f0-432d-9716-db38e1d74a84/datanode-6/data/ratis/56595784-b98f-43aa-ac8d-edc9ad94d6a7/in_use.lock acquired by nodename 45845@51ddc7c4698f
2020-07-01 01:40:02,472 [pool-138-thread-1] INFO  impl.RaftServerImpl (RaftServerImpl.java:<init>(99)) - 8c5b2b67-bc34-46b0-b6c3-958390f4d72e: new RaftServerImpl for group-006A94DDA21B:[8c5b2b67-bc34-46b0-b6c3-958390f4d72e:172.17.0.2:43281] with ContainerStateMachine:uninitialized
2020-07-01 01:40:02,473 [pool-123-thread-1] INFO  storage.RaftStorage (RaftStorage.java:format(84)) - Storage directory /github/workspace/mnt/ozone/hadoop-ozone/integration-test/target/test-dir/MiniOzoneClusterImpl-1f0cff23-21f0-432d-9716-db38e1d74a84/datanode-6/data/ratis/56595784-b98f-43aa-ac8d-edc9ad94d6a7 has been successfully formatted.
2020-07-01 01:40:02,473 [pool-123-thread-1] INFO  ratis.ContainerStateMachine (ContainerStateMachine.java:loadSnapshot(226)) - group-EDC9AD94D6A7: The snapshot info is null. Setting the last applied indexto:(t:0, i:~)
2020-07-01 01:40:02,473 [pool-123-thread-1] INFO  server.RaftServerConfigKeys (ConfUtils.java:logGet(44)) - raft.server.notification.no-leader.timeout = 60s (default)
2020-07-01 01:40:02,473 [pool-123-thread-1] INFO  server.RaftServerConfigKeys (ConfUtils.java:logGet(44)) - raft.server.log.use.memory = false (default)
2020-07-01 01:40:02,473 [pool-123-thread-1] INFO  server.RaftServerConfigKeys (ConfUtils.java:logGet(44)) - raft.server.log.purge.gap = 1000000 (custom)
2020-07-01 01:40:02,473 [pool-123-thread-1] INFO  server.RaftServerConfigKeys (ConfUtils.java:logGet(44)) - raft.server.log.appender.buffer.byte-limit = 33554432 (custom)
2020-07-01 01:40:02,473 [pool-123-thread-1] INFO  server.RaftServerConfigKeys (ConfUtils.java:logGet(44)) - raft.server.log.segment.size.max = 1048576 (custom)
2020-07-01 01:40:02,473 [pool-123-thread-1] INFO  metrics.RatisMetrics (RatisMetrics.java:lambda$create$0(36)) - Creating Metrics Registry : ratis.log_worker.4a250b03-fc0c-4fc6-b3de-35498431563c@group-EDC9AD94D6A7
2020-07-01 01:40:02,473 [pool-123-thread-1] INFO  server.RaftServerConfigKeys (ConfUtils.java:logGet(44)) - raft.server.log.segment.cache.num.max = 2 (custom)
2020-07-01 01:40:02,473 [pool-123-thread-1] INFO  segmented.SegmentedRaftLogWorker (SegmentedRaftLogWorker.java:<init>(180)) - new 4a250b03-fc0c-4fc6-b3de-35498431563c@group-EDC9AD94D6A7-SegmentedRaftLogWorker for RaftStorage:Storage Directory /github/workspace/mnt/ozone/hadoop-ozone/integration-test/target/test-dir/MiniOzoneClusterImpl-1f0cff23-21f0-432d-9716-db38e1d74a84/datanode-6/data/ratis/56595784-b98f-43aa-ac8d-edc9ad94d6a7
2020-07-01 01:40:02,473 [pool-123-thread-1] INFO  server.RaftServerConfigKeys (ConfUtils.java:logGet(44)) - raft.server.log.queue.byte-limit = 2147483647 (custom)
2020-07-01 01:40:02,473 [pool-123-thread-1] INFO  server.RaftServerConfigKeys (ConfUtils.java:logGet(44)) - raft.server.log.queue.element-limit = 1024 (custom)
2020-07-01 01:40:02,473 [pool-123-thread-1] INFO  server.RaftServerConfigKeys (ConfUtils.java:logGet(44)) - raft.server.log.segment.size.max = 1048576 (custom)
2020-07-01 01:40:02,474 [pool-123-thread-1] INFO  server.RaftServerConfigKeys (ConfUtils.java:logGet(44)) - raft.server.log.preallocated.size = 16384 (custom)
2020-07-01 01:40:02,474 [pool-123-thread-1] INFO  server.RaftServerConfigKeys (ConfUtils.java:logGet(44)) - raft.server.log.write.buffer.size = 1048576 (custom)
2020-07-01 01:40:02,474 [pool-123-thread-1] INFO  server.RaftServerConfigKeys (ConfUtils.java:logGet(44)) - raft.server.log.force.sync.num = 128 (default)
2020-07-01 01:40:02,474 [pool-123-thread-1] INFO  server.RaftServerConfigKeys (ConfUtils.java:logGet(44)) - raft.server.log.statemachine.data.sync = true (default)
2020-07-01 01:40:02,474 [pool-123-thread-1] INFO  server.RaftServerConfigKeys (ConfUtils.java:logGet(44)) - raft.server.log.statemachine.data.sync.timeout = 10s (default)
2020-07-01 01:40:02,474 [pool-123-thread-1] INFO  server.RaftServerConfigKeys (ConfUtils.java:logGet(44)) - raft.server.log.statemachine.data.sync.timeout.retry = -1 (default)
2020-07-01 01:40:02,475 [pool-123-thread-1] INFO  server.RaftServerConfigKeys (ConfUtils.java:logGet(44)) - raft.server.log.statemachine.data.caching.enabled = true (custom)
2020-07-01 01:40:02,475 [pool-123-thread-1] INFO  segmented.SegmentedRaftLogWorker (SegmentedRaftLogWorker.java:lambda$new$0(129)) - 4a250b03-fc0c-4fc6-b3de-35498431563c@group-EDC9AD94D6A7-SegmentedRaftLogWorker: flushIndex: setUnconditionally 0 -> -1
2020-07-01 01:40:02,475 [pool-123-thread-1] INFO  segmented.SegmentedRaftLogWorker (SegmentedRaftLogWorker.java:lambda$new$0(129)) - 4a250b03-fc0c-4fc6-b3de-35498431563c@group-EDC9AD94D6A7-SegmentedRaftLogWorker: safeCacheEvictIndex: setUnconditionally 0 -> -1
2020-07-01 01:40:02,476 [pool-138-thread-1] INFO  server.RaftServerConfigKeys (ConfUtils.java:logGet(44)) - raft.server.rpc.timeout.min = 5s (custom)
2020-07-01 01:40:02,476 [pool-138-thread-1] INFO  server.RaftServerConfigKeys (ConfUtils.java:logGet(44)) - raft.server.rpc.timeout.max = 5200ms (custom)
2020-07-01 01:40:02,476 [pool-138-thread-1] INFO  server.RaftServerConfigKeys (ConfUtils.java:logGet(44)) - raft.server.rpcslowness.timeout = 300s (custom)
2020-07-01 01:40:02,476 [pool-138-thread-1] INFO  server.RaftServerConfigKeys (ConfUtils.java:logGet(44)) - raft.server.sleep.deviation.threshold = 300 (default)
2020-07-01 01:40:02,476 [pool-138-thread-1] INFO  server.RaftServerConfigKeys (ConfUtils.java:logGet(44)) - raft.server.log.appender.install.snapshot.enabled = false (custom)
2020-07-01 01:40:02,476 [pool-138-thread-1] INFO  impl.RaftServerImpl (ServerState.java:<init>(103)) - 8c5b2b67-bc34-46b0-b6c3-958390f4d72e@group-006A94DDA21B: ConfigurationManager, init=-1: [8c5b2b67-bc34-46b0-b6c3-958390f4d72e:172.17.0.2:43281], old=null, confs=<EMPTY_MAP>
2020-07-01 01:40:02,476 [pool-138-thread-1] INFO  server.RaftServerConfigKeys (ConfUtils.java:logGet(44)) - raft.server.storage.dir = [/github/workspace/mnt/ozone/hadoop-ozone/integration-test/target/test-dir/MiniOzoneClusterImpl-1f0cff23-21f0-432d-9716-db38e1d74a84/datanode-7/data/ratis] (custom)
2020-07-01 01:40:02,476 [pool-138-thread-1] INFO  server.RaftServerConfigKeys (ConfUtils.java:logGet(44)) - raft.server.log.corruption.policy = EXCEPTION (default)
2020-07-01 01:40:02,477 [pool-138-thread-1] INFO  storage.RaftStorageDirectory (RaftStorageDirectory.java:analyzeStorage(261)) - The storage directory /github/workspace/mnt/ozone/hadoop-ozone/integration-test/target/test-dir/MiniOzoneClusterImpl-1f0cff23-21f0-432d-9716-db38e1d74a84/datanode-7/data/ratis/db8ef107-4816-4818-8bc5-006a94dda21b does not exist. Creating ...
2020-07-01 01:40:02,477 [pool-123-thread-1] INFO  server.RaftServerConfigKeys (ConfUtils.java:logGet(44)) - raft.server.snapshot.auto.trigger.enabled = true (custom)
2020-07-01 01:40:02,477 [pool-123-thread-1] INFO  server.RaftServerConfigKeys (ConfUtils.java:logGet(44)) - raft.server.snapshot.auto.trigger.threshold = 10000 (custom)
2020-07-01 01:40:02,477 [pool-123-thread-1] INFO  server.RaftServerConfigKeys (ConfUtils.java:logGet(44)) - raft.server.snapshot.retention.file.num = 5 (custom)
2020-07-01 01:40:02,477 [pool-123-thread-1] INFO  server.RaftServerConfigKeys (ConfUtils.java:logGet(44)) - raft.server.log.purge.upto.snapshot.index = false (default)
2020-07-01 01:40:02,477 [pool-123-thread-1] INFO  server.RaftServerConfigKeys (ConfUtils.java:logGet(44)) - raft.server.retrycache.expirytime = 600000ms (custom)
2020-07-01 01:40:02,478 [pool-123-thread-1] INFO  metrics.RatisMetrics (RatisMetrics.java:lambda$create$0(36)) - Creating Metrics Registry : ratis.leader_election.4a250b03-fc0c-4fc6-b3de-35498431563c@group-EDC9AD94D6A7
2020-07-01 01:40:02,478 [pool-123-thread-1] INFO  metrics.RatisMetrics (RatisMetrics.java:lambda$create$0(36)) - Creating Metrics Registry : ratis.server.4a250b03-fc0c-4fc6-b3de-35498431563c@group-EDC9AD94D6A7
2020-07-01 01:40:02,479 [pool-123-thread-1] INFO  impl.RaftServerImpl (RaftServerImpl.java:start(186)) - 4a250b03-fc0c-4fc6-b3de-35498431563c@group-EDC9AD94D6A7: start as a follower, conf=-1: [86e2f92f-9f2f-47be-9996-581eb5cc11da:172.17.0.2:36799, 4a250b03-fc0c-4fc6-b3de-35498431563c:172.17.0.2:42123, 8c5b2b67-bc34-46b0-b6c3-958390f4d72e:172.17.0.2:43281], old=null
2020-07-01 01:40:02,479 [pool-123-thread-1] INFO  impl.RaftServerImpl (RaftServerImpl.java:setRole(175)) - 4a250b03-fc0c-4fc6-b3de-35498431563c@group-EDC9AD94D6A7: changes role from      null to FOLLOWER at term 0 for startAsFollower
2020-07-01 01:40:02,479 [pool-123-thread-1] INFO  impl.RoleInfo (RoleInfo.java:updateAndGet(143)) - 4a250b03-fc0c-4fc6-b3de-35498431563c: start FollowerState
2020-07-01 01:40:02,479 [pool-123-thread-1] INFO  util.JmxRegister (JmxRegister.java:tryRegister(44)) - Successfully registered JMX Bean with object name Ratis:service=RaftServer,group=group-EDC9AD94D6A7,id=4a250b03-fc0c-4fc6-b3de-35498431563c
2020-07-01 01:40:02,479 [pool-123-thread-1] INFO  metrics.RatisMetrics (RatisMetrics.java:lambda$create$0(36)) - Creating Metrics Registry : ratis.state_machine.4a250b03-fc0c-4fc6-b3de-35498431563c@group-EDC9AD94D6A7
2020-07-01 01:40:02,480 [pool-138-thread-1] INFO  storage.RaftStorageDirectory (RaftStorageDirectory.java:tryLock(343)) - Lock on /github/workspace/mnt/ozone/hadoop-ozone/integration-test/target/test-dir/MiniOzoneClusterImpl-1f0cff23-21f0-432d-9716-db38e1d74a84/datanode-7/data/ratis/db8ef107-4816-4818-8bc5-006a94dda21b/in_use.lock acquired by nodename 45845@51ddc7c4698f
2020-07-01 01:40:02,490 [pool-138-thread-1] INFO  storage.RaftStorage (RaftStorage.java:format(84)) - Storage directory /github/workspace/mnt/ozone/hadoop-ozone/integration-test/target/test-dir/MiniOzoneClusterImpl-1f0cff23-21f0-432d-9716-db38e1d74a84/datanode-7/data/ratis/db8ef107-4816-4818-8bc5-006a94dda21b has been successfully formatted.
2020-07-01 01:40:02,491 [pool-138-thread-1] INFO  ratis.ContainerStateMachine (ContainerStateMachine.java:loadSnapshot(226)) - group-006A94DDA21B: The snapshot info is null. Setting the last applied indexto:(t:0, i:~)
2020-07-01 01:40:02,491 [pool-138-thread-1] INFO  server.RaftServerConfigKeys (ConfUtils.java:logGet(44)) - raft.server.notification.no-leader.timeout = 60s (default)
2020-07-01 01:40:02,491 [pool-138-thread-1] INFO  server.RaftServerConfigKeys (ConfUtils.java:logGet(44)) - raft.server.log.use.memory = false (default)
2020-07-01 01:40:02,491 [pool-138-thread-1] INFO  server.RaftServerConfigKeys (ConfUtils.java:logGet(44)) - raft.server.log.purge.gap = 1000000 (custom)
2020-07-01 01:40:02,491 [pool-138-thread-1] INFO  server.RaftServerConfigKeys (ConfUtils.java:logGet(44)) - raft.server.log.appender.buffer.byte-limit = 33554432 (custom)
2020-07-01 01:40:02,491 [pool-138-thread-1] INFO  server.RaftServerConfigKeys (ConfUtils.java:logGet(44)) - raft.server.log.segment.size.max = 1048576 (custom)
2020-07-01 01:40:02,491 [pool-138-thread-1] INFO  metrics.RatisMetrics (RatisMetrics.java:lambda$create$0(36)) - Creating Metrics Registry : ratis.log_worker.8c5b2b67-bc34-46b0-b6c3-958390f4d72e@group-006A94DDA21B
2020-07-01 01:40:02,492 [pool-138-thread-1] INFO  server.RaftServerConfigKeys (ConfUtils.java:logGet(44)) - raft.server.log.segment.cache.num.max = 2 (custom)
2020-07-01 01:40:02,492 [pool-138-thread-1] INFO  segmented.SegmentedRaftLogWorker (SegmentedRaftLogWorker.java:<init>(180)) - new 8c5b2b67-bc34-46b0-b6c3-958390f4d72e@group-006A94DDA21B-SegmentedRaftLogWorker for RaftStorage:Storage Directory /github/workspace/mnt/ozone/hadoop-ozone/integration-test/target/test-dir/MiniOzoneClusterImpl-1f0cff23-21f0-432d-9716-db38e1d74a84/datanode-7/data/ratis/db8ef107-4816-4818-8bc5-006a94dda21b
2020-07-01 01:40:02,492 [pool-138-thread-1] INFO  server.RaftServerConfigKeys (ConfUtils.java:logGet(44)) - raft.server.log.queue.byte-limit = 2147483647 (custom)
2020-07-01 01:40:02,492 [pool-138-thread-1] INFO  server.RaftServerConfigKeys (ConfUtils.java:logGet(44)) - raft.server.log.queue.element-limit = 1024 (custom)
2020-07-01 01:40:02,492 [pool-138-thread-1] INFO  server.RaftServerConfigKeys (ConfUtils.java:logGet(44)) - raft.server.log.segment.size.max = 1048576 (custom)
2020-07-01 01:40:02,492 [pool-138-thread-1] INFO  server.RaftServerConfigKeys (ConfUtils.java:logGet(44)) - raft.server.log.preallocated.size = 16384 (custom)
2020-07-01 01:40:02,492 [pool-138-thread-1] INFO  server.RaftServerConfigKeys (ConfUtils.java:logGet(44)) - raft.server.log.write.buffer.size = 1048576 (custom)
2020-07-01 01:40:02,492 [pool-138-thread-1] INFO  server.RaftServerConfigKeys (ConfUtils.java:logGet(44)) - raft.server.log.force.sync.num = 128 (default)
2020-07-01 01:40:02,492 [pool-138-thread-1] INFO  server.RaftServerConfigKeys (ConfUtils.java:logGet(44)) - raft.server.log.statemachine.data.sync = true (default)
2020-07-01 01:40:02,492 [pool-138-thread-1] INFO  server.RaftServerConfigKeys (ConfUtils.java:logGet(44)) - raft.server.log.statemachine.data.sync.timeout = 10s (default)
2020-07-01 01:40:02,492 [pool-138-thread-1] INFO  server.RaftServerConfigKeys (ConfUtils.java:logGet(44)) - raft.server.log.statemachine.data.sync.timeout.retry = -1 (default)
2020-07-01 01:40:02,493 [pool-138-thread-1] INFO  server.RaftServerConfigKeys (ConfUtils.java:logGet(44)) - raft.server.log.statemachine.data.caching.enabled = true (custom)
2020-07-01 01:40:02,493 [pool-138-thread-1] INFO  segmented.SegmentedRaftLogWorker (SegmentedRaftLogWorker.java:lambda$new$0(129)) - 8c5b2b67-bc34-46b0-b6c3-958390f4d72e@group-006A94DDA21B-SegmentedRaftLogWorker: flushIndex: setUnconditionally 0 -> -1
2020-07-01 01:40:02,493 [pool-138-thread-1] INFO  segmented.SegmentedRaftLogWorker (SegmentedRaftLogWorker.java:lambda$new$0(129)) - 8c5b2b67-bc34-46b0-b6c3-958390f4d72e@group-006A94DDA21B-SegmentedRaftLogWorker: safeCacheEvictIndex: setUnconditionally 0 -> -1
2020-07-01 01:40:02,495 [EventQueue-PipelineReportForPipelineReportHandler] INFO  pipeline.PipelineStateManager (PipelineStateManager.java:openPipeline(131)) - Pipeline Pipeline[ Id: db8ef107-4816-4818-8bc5-006a94dda21b, Nodes: 8c5b2b67-bc34-46b0-b6c3-958390f4d72e{ip: 172.17.0.2, host: 51ddc7c4698f, networkLocation: /default-rack, certSerialId: null}, Type:RATIS, Factor:ONE, State:ALLOCATED, leaderId:8c5b2b67-bc34-46b0-b6c3-958390f4d72e, CreationTimestamp2020-07-01T01:39:59.449Z] moved to OPEN state
2020-07-01 01:40:02,496 [EventQueue-OpenPipelineForOneReplicaPipelineSafeModeRule] INFO  safemode.SCMSafeModeManager (SCMSafeModeManager.java:validateSafeModeExitRules(214)) - AtleastOneDatanodeReportedRule rule is successfully validated
2020-07-01 01:40:02,496 [EventQueue-OpenPipelineForHealthyPipelineSafeModeRule] INFO  safemode.SCMSafeModeManager (HealthyPipelineSafeModeRule.java:process(129)) - SCM in safe mode. Healthy pipelines reported count is 0, required healthy pipeline reported count is 1
2020-07-01 01:40:02,496 [Listener at 127.0.0.1/36859] INFO  ozone.MiniOzoneClusterImpl (MiniOzoneClusterImpl.java:lambda$waitForClusterToBeReady$0(177)) - Nodes are ready. Got 9 of 9 DN Heartbeats.
2020-07-01 01:40:02,496 [Listener at 127.0.0.1/36859] INFO  ozone.MiniOzoneClusterImpl (MiniOzoneClusterImpl.java:lambda$waitForClusterToBeReady$0(180)) - Waiting for cluster to exit safe mode
2020-07-01 01:40:02,502 [pool-138-thread-1] INFO  server.RaftServerConfigKeys (ConfUtils.java:logGet(44)) - raft.server.snapshot.auto.trigger.enabled = true (custom)
2020-07-01 01:40:02,502 [pool-138-thread-1] INFO  server.RaftServerConfigKeys (ConfUtils.java:logGet(44)) - raft.server.snapshot.auto.trigger.threshold = 10000 (custom)
2020-07-01 01:40:02,502 [pool-138-thread-1] INFO  server.RaftServerConfigKeys (ConfUtils.java:logGet(44)) - raft.server.snapshot.retention.file.num = 5 (custom)
2020-07-01 01:40:02,503 [pool-138-thread-1] INFO  server.RaftServerConfigKeys (ConfUtils.java:logGet(44)) - raft.server.log.purge.upto.snapshot.index = false (default)
2020-07-01 01:40:02,503 [pool-138-thread-1] INFO  server.RaftServerConfigKeys (ConfUtils.java:logGet(44)) - raft.server.retrycache.expirytime = 600000ms (custom)
2020-07-01 01:40:02,503 [pool-138-thread-1] INFO  metrics.RatisMetrics (RatisMetrics.java:lambda$create$0(36)) - Creating Metrics Registry : ratis.leader_election.8c5b2b67-bc34-46b0-b6c3-958390f4d72e@group-006A94DDA21B
2020-07-01 01:40:02,503 [pool-138-thread-1] INFO  metrics.RatisMetrics (RatisMetrics.java:lambda$create$0(36)) - Creating Metrics Registry : ratis.server.8c5b2b67-bc34-46b0-b6c3-958390f4d72e@group-006A94DDA21B
2020-07-01 01:40:02,504 [pool-138-thread-1] INFO  impl.RaftServerImpl (RaftServerImpl.java:start(186)) - 8c5b2b67-bc34-46b0-b6c3-958390f4d72e@group-006A94DDA21B: start as a follower, conf=-1: [8c5b2b67-bc34-46b0-b6c3-958390f4d72e:172.17.0.2:43281], old=null
2020-07-01 01:40:02,504 [pool-138-thread-1] INFO  impl.RaftServerImpl (RaftServerImpl.java:setRole(175)) - 8c5b2b67-bc34-46b0-b6c3-958390f4d72e@group-006A94DDA21B: changes role from      null to FOLLOWER at term 0 for startAsFollower
2020-07-01 01:40:02,504 [pool-138-thread-1] INFO  impl.RoleInfo (RoleInfo.java:updateAndGet(143)) - 8c5b2b67-bc34-46b0-b6c3-958390f4d72e: start FollowerState
2020-07-01 01:40:02,505 [pool-138-thread-1] INFO  util.JmxRegister (JmxRegister.java:tryRegister(44)) - Successfully registered JMX Bean with object name Ratis:service=RaftServer,group=group-006A94DDA21B,id=8c5b2b67-bc34-46b0-b6c3-958390f4d72e
2020-07-01 01:40:02,505 [pool-138-thread-1] INFO  metrics.RatisMetrics (RatisMetrics.java:lambda$create$0(36)) - Creating Metrics Registry : ratis.state_machine.8c5b2b67-bc34-46b0-b6c3-958390f4d72e@group-006A94DDA21B
2020-07-01 01:40:02,506 [Command processor thread] INFO  commandhandler.CreatePipelineCommandHandler (CreatePipelineCommandHandler.java:handle(109)) - Created Pipeline RATIS ONE #id: "db8ef107-4816-4818-8bc5-006a94dda21b"
.
2020-07-01 01:40:02,506 [Command processor thread] INFO  impl.RaftServerProxy (RaftServerProxy.java:addNew(89)) - 8c5b2b67-bc34-46b0-b6c3-958390f4d72e: addNew group-EDC9AD94D6A7:[86e2f92f-9f2f-47be-9996-581eb5cc11da:172.17.0.2:36799, 4a250b03-fc0c-4fc6-b3de-35498431563c:172.17.0.2:42123, 8c5b2b67-bc34-46b0-b6c3-958390f4d72e:172.17.0.2:43281] returns group-EDC9AD94D6A7:java.util.concurrent.CompletableFuture@4876a719[Not completed]
2020-07-01 01:40:02,509 [pool-138-thread-1] INFO  impl.RaftServerImpl (RaftServerImpl.java:<init>(99)) - 8c5b2b67-bc34-46b0-b6c3-958390f4d72e: new RaftServerImpl for group-EDC9AD94D6A7:[86e2f92f-9f2f-47be-9996-581eb5cc11da:172.17.0.2:36799, 4a250b03-fc0c-4fc6-b3de-35498431563c:172.17.0.2:42123, 8c5b2b67-bc34-46b0-b6c3-958390f4d72e:172.17.0.2:43281] with ContainerStateMachine:uninitialized
2020-07-01 01:40:02,509 [pool-138-thread-1] INFO  server.RaftServerConfigKeys (ConfUtils.java:logGet(44)) - raft.server.rpc.timeout.min = 5s (custom)
2020-07-01 01:40:02,509 [pool-138-thread-1] INFO  server.RaftServerConfigKeys (ConfUtils.java:logGet(44)) - raft.server.rpc.timeout.max = 5200ms (custom)
2020-07-01 01:40:02,509 [pool-138-thread-1] INFO  server.RaftServerConfigKeys (ConfUtils.java:logGet(44)) - raft.server.rpcslowness.timeout = 300s (custom)
2020-07-01 01:40:02,509 [pool-138-thread-1] INFO  server.RaftServerConfigKeys (ConfUtils.java:logGet(44)) - raft.server.sleep.deviation.threshold = 300 (default)
2020-07-01 01:40:02,509 [pool-138-thread-1] INFO  server.RaftServerConfigKeys (ConfUtils.java:logGet(44)) - raft.server.log.appender.install.snapshot.enabled = false (custom)
2020-07-01 01:40:02,509 [pool-138-thread-1] INFO  impl.RaftServerImpl (ServerState.java:<init>(103)) - 8c5b2b67-bc34-46b0-b6c3-958390f4d72e@group-EDC9AD94D6A7: ConfigurationManager, init=-1: [86e2f92f-9f2f-47be-9996-581eb5cc11da:172.17.0.2:36799, 4a250b03-fc0c-4fc6-b3de-35498431563c:172.17.0.2:42123, 8c5b2b67-bc34-46b0-b6c3-958390f4d72e:172.17.0.2:43281], old=null, confs=<EMPTY_MAP>
2020-07-01 01:40:02,510 [pool-138-thread-1] INFO  server.RaftServerConfigKeys (ConfUtils.java:logGet(44)) - raft.server.storage.dir = [/github/workspace/mnt/ozone/hadoop-ozone/integration-test/target/test-dir/MiniOzoneClusterImpl-1f0cff23-21f0-432d-9716-db38e1d74a84/datanode-7/data/ratis] (custom)
2020-07-01 01:40:02,510 [pool-138-thread-1] INFO  server.RaftServerConfigKeys (ConfUtils.java:logGet(44)) - raft.server.log.corruption.policy = EXCEPTION (default)
2020-07-01 01:40:02,510 [pool-138-thread-1] INFO  storage.RaftStorageDirectory (RaftStorageDirectory.java:analyzeStorage(261)) - The storage directory /github/workspace/mnt/ozone/hadoop-ozone/integration-test/target/test-dir/MiniOzoneClusterImpl-1f0cff23-21f0-432d-9716-db38e1d74a84/datanode-7/data/ratis/56595784-b98f-43aa-ac8d-edc9ad94d6a7 does not exist. Creating ...
2020-07-01 01:40:02,517 [pool-138-thread-1] INFO  storage.RaftStorageDirectory (RaftStorageDirectory.java:tryLock(343)) - Lock on /github/workspace/mnt/ozone/hadoop-ozone/integration-test/target/test-dir/MiniOzoneClusterImpl-1f0cff23-21f0-432d-9716-db38e1d74a84/datanode-7/data/ratis/56595784-b98f-43aa-ac8d-edc9ad94d6a7/in_use.lock acquired by nodename 45845@51ddc7c4698f
2020-07-01 01:40:02,519 [pool-138-thread-1] INFO  storage.RaftStorage (RaftStorage.java:format(84)) - Storage directory /github/workspace/mnt/ozone/hadoop-ozone/integration-test/target/test-dir/MiniOzoneClusterImpl-1f0cff23-21f0-432d-9716-db38e1d74a84/datanode-7/data/ratis/56595784-b98f-43aa-ac8d-edc9ad94d6a7 has been successfully formatted.
2020-07-01 01:40:02,522 [Command processor thread] INFO  impl.RaftServerProxy (RaftServerProxy.java:addNew(89)) - 86e2f92f-9f2f-47be-9996-581eb5cc11da: addNew group-DEAE86D0D0F5:[86e2f92f-9f2f-47be-9996-581eb5cc11da:172.17.0.2:36799] returns group-DEAE86D0D0F5:java.util.concurrent.CompletableFuture@30b4475f[Not completed]
2020-07-01 01:40:02,522 [pool-138-thread-1] INFO  ratis.ContainerStateMachine (ContainerStateMachine.java:loadSnapshot(226)) - group-EDC9AD94D6A7: The snapshot info is null. Setting the last applied indexto:(t:0, i:~)
2020-07-01 01:40:02,522 [pool-138-thread-1] INFO  server.RaftServerConfigKeys (ConfUtils.java:logGet(44)) - raft.server.notification.no-leader.timeout = 60s (default)
2020-07-01 01:40:02,523 [pool-138-thread-1] INFO  server.RaftServerConfigKeys (ConfUtils.java:logGet(44)) - raft.server.log.use.memory = false (default)
2020-07-01 01:40:02,523 [pool-138-thread-1] INFO  server.RaftServerConfigKeys (ConfUtils.java:logGet(44)) - raft.server.log.purge.gap = 1000000 (custom)
2020-07-01 01:40:02,523 [pool-138-thread-1] INFO  server.RaftServerConfigKeys (ConfUtils.java:logGet(44)) - raft.server.log.appender.buffer.byte-limit = 33554432 (custom)
2020-07-01 01:40:02,523 [pool-138-thread-1] INFO  server.RaftServerConfigKeys (ConfUtils.java:logGet(44)) - raft.server.log.segment.size.max = 1048576 (custom)
2020-07-01 01:40:02,523 [pool-138-thread-1] INFO  metrics.RatisMetrics (RatisMetrics.java:lambda$create$0(36)) - Creating Metrics Registry : ratis.log_worker.8c5b2b67-bc34-46b0-b6c3-958390f4d72e@group-EDC9AD94D6A7
2020-07-01 01:40:02,523 [pool-138-thread-1] INFO  server.RaftServerConfigKeys (ConfUtils.java:logGet(44)) - raft.server.log.segment.cache.num.max = 2 (custom)
2020-07-01 01:40:02,523 [pool-138-thread-1] INFO  segmented.SegmentedRaftLogWorker (SegmentedRaftLogWorker.java:<init>(180)) - new 8c5b2b67-bc34-46b0-b6c3-958390f4d72e@group-EDC9AD94D6A7-SegmentedRaftLogWorker for RaftStorage:Storage Directory /github/workspace/mnt/ozone/hadoop-ozone/integration-test/target/test-dir/MiniOzoneClusterImpl-1f0cff23-21f0-432d-9716-db38e1d74a84/datanode-7/data/ratis/56595784-b98f-43aa-ac8d-edc9ad94d6a7
2020-07-01 01:40:02,523 [pool-138-thread-1] INFO  server.RaftServerConfigKeys (ConfUtils.java:logGet(44)) - raft.server.log.queue.byte-limit = 2147483647 (custom)
2020-07-01 01:40:02,523 [pool-138-thread-1] INFO  server.RaftServerConfigKeys (ConfUtils.java:logGet(44)) - raft.server.log.queue.element-limit = 1024 (custom)
2020-07-01 01:40:02,523 [pool-138-thread-1] INFO  server.RaftServerConfigKeys (ConfUtils.java:logGet(44)) - raft.server.log.segment.size.max = 1048576 (custom)
2020-07-01 01:40:02,523 [pool-138-thread-1] INFO  server.RaftServerConfigKeys (ConfUtils.java:logGet(44)) - raft.server.log.preallocated.size = 16384 (custom)
2020-07-01 01:40:02,523 [pool-138-thread-1] INFO  server.RaftServerConfigKeys (ConfUtils.java:logGet(44)) - raft.server.log.write.buffer.size = 1048576 (custom)
2020-07-01 01:40:02,523 [pool-138-thread-1] INFO  server.RaftServerConfigKeys (ConfUtils.java:logGet(44)) - raft.server.log.force.sync.num = 128 (default)
2020-07-01 01:40:02,523 [pool-138-thread-1] INFO  server.RaftServerConfigKeys (ConfUtils.java:logGet(44)) - raft.server.log.statemachine.data.sync = true (default)
2020-07-01 01:40:02,523 [pool-138-thread-1] INFO  server.RaftServerConfigKeys (ConfUtils.java:logGet(44)) - raft.server.log.statemachine.data.sync.timeout = 10s (default)
2020-07-01 01:40:02,523 [pool-138-thread-1] INFO  server.RaftServerConfigKeys (ConfUtils.java:logGet(44)) - raft.server.log.statemachine.data.sync.timeout.retry = -1 (default)
2020-07-01 01:40:02,525 [pool-138-thread-1] INFO  server.RaftServerConfigKeys (ConfUtils.java:logGet(44)) - raft.server.log.statemachine.data.caching.enabled = true (custom)
2020-07-01 01:40:02,525 [pool-138-thread-1] INFO  segmented.SegmentedRaftLogWorker (SegmentedRaftLogWorker.java:lambda$new$0(129)) - 8c5b2b67-bc34-46b0-b6c3-958390f4d72e@group-EDC9AD94D6A7-SegmentedRaftLogWorker: flushIndex: setUnconditionally 0 -> -1
2020-07-01 01:40:02,525 [pool-138-thread-1] INFO  segmented.SegmentedRaftLogWorker (SegmentedRaftLogWorker.java:lambda$new$0(129)) - 8c5b2b67-bc34-46b0-b6c3-958390f4d72e@group-EDC9AD94D6A7-SegmentedRaftLogWorker: safeCacheEvictIndex: setUnconditionally 0 -> -1
2020-07-01 01:40:02,530 [pool-138-thread-1] INFO  server.RaftServerConfigKeys (ConfUtils.java:logGet(44)) - raft.server.snapshot.auto.trigger.enabled = true (custom)
2020-07-01 01:40:02,530 [pool-138-thread-1] INFO  server.RaftServerConfigKeys (ConfUtils.java:logGet(44)) - raft.server.snapshot.auto.trigger.threshold = 10000 (custom)
2020-07-01 01:40:02,530 [pool-138-thread-1] INFO  server.RaftServerConfigKeys (ConfUtils.java:logGet(44)) - raft.server.snapshot.retention.file.num = 5 (custom)
2020-07-01 01:40:02,530 [pool-138-thread-1] INFO  server.RaftServerConfigKeys (ConfUtils.java:logGet(44)) - raft.server.log.purge.upto.snapshot.index = false (default)
2020-07-01 01:40:02,530 [pool-138-thread-1] INFO  server.RaftServerConfigKeys (ConfUtils.java:logGet(44)) - raft.server.retrycache.expirytime = 600000ms (custom)
2020-07-01 01:40:02,530 [pool-138-thread-1] INFO  metrics.RatisMetrics (RatisMetrics.java:lambda$create$0(36)) - Creating Metrics Registry : ratis.leader_election.8c5b2b67-bc34-46b0-b6c3-958390f4d72e@group-EDC9AD94D6A7
2020-07-01 01:40:02,531 [pool-138-thread-1] INFO  metrics.RatisMetrics (RatisMetrics.java:lambda$create$0(36)) - Creating Metrics Registry : ratis.server.8c5b2b67-bc34-46b0-b6c3-958390f4d72e@group-EDC9AD94D6A7
2020-07-01 01:40:02,532 [pool-138-thread-1] INFO  impl.RaftServerImpl (RaftServerImpl.java:start(186)) - 8c5b2b67-bc34-46b0-b6c3-958390f4d72e@group-EDC9AD94D6A7: start as a follower, conf=-1: [86e2f92f-9f2f-47be-9996-581eb5cc11da:172.17.0.2:36799, 4a250b03-fc0c-4fc6-b3de-35498431563c:172.17.0.2:42123, 8c5b2b67-bc34-46b0-b6c3-958390f4d72e:172.17.0.2:43281], old=null
2020-07-01 01:40:02,532 [pool-138-thread-1] INFO  impl.RaftServerImpl (RaftServerImpl.java:setRole(175)) - 8c5b2b67-bc34-46b0-b6c3-958390f4d72e@group-EDC9AD94D6A7: changes role from      null to FOLLOWER at term 0 for startAsFollower
2020-07-01 01:40:02,532 [pool-138-thread-1] INFO  impl.RoleInfo (RoleInfo.java:updateAndGet(143)) - 8c5b2b67-bc34-46b0-b6c3-958390f4d72e: start FollowerState
2020-07-01 01:40:02,533 [pool-153-thread-1] INFO  impl.RaftServerImpl (RaftServerImpl.java:<init>(99)) - 86e2f92f-9f2f-47be-9996-581eb5cc11da: new RaftServerImpl for group-DEAE86D0D0F5:[86e2f92f-9f2f-47be-9996-581eb5cc11da:172.17.0.2:36799] with ContainerStateMachine:uninitialized
2020-07-01 01:40:02,534 [pool-138-thread-1] INFO  util.JmxRegister (JmxRegister.java:tryRegister(44)) - Successfully registered JMX Bean with object name Ratis:service=RaftServer,group=group-EDC9AD94D6A7,id=8c5b2b67-bc34-46b0-b6c3-958390f4d72e
2020-07-01 01:40:02,535 [pool-138-thread-1] INFO  metrics.RatisMetrics (RatisMetrics.java:lambda$create$0(36)) - Creating Metrics Registry : ratis.state_machine.8c5b2b67-bc34-46b0-b6c3-958390f4d72e@group-EDC9AD94D6A7
2020-07-01 01:40:02,535 [pool-153-thread-1] INFO  server.RaftServerConfigKeys (ConfUtils.java:logGet(44)) - raft.server.rpc.timeout.min = 5s (custom)
2020-07-01 01:40:02,535 [pool-153-thread-1] INFO  server.RaftServerConfigKeys (ConfUtils.java:logGet(44)) - raft.server.rpc.timeout.max = 5200ms (custom)
2020-07-01 01:40:02,535 [pool-153-thread-1] INFO  server.RaftServerConfigKeys (ConfUtils.java:logGet(44)) - raft.server.rpcslowness.timeout = 300s (custom)
2020-07-01 01:40:02,535 [pool-153-thread-1] INFO  server.RaftServerConfigKeys (ConfUtils.java:logGet(44)) - raft.server.sleep.deviation.threshold = 300 (default)
2020-07-01 01:40:02,535 [pool-153-thread-1] INFO  server.RaftServerConfigKeys (ConfUtils.java:logGet(44)) - raft.server.log.appender.install.snapshot.enabled = false (custom)
2020-07-01 01:40:02,535 [pool-153-thread-1] INFO  impl.RaftServerImpl (ServerState.java:<init>(103)) - 86e2f92f-9f2f-47be-9996-581eb5cc11da@group-DEAE86D0D0F5: ConfigurationManager, init=-1: [86e2f92f-9f2f-47be-9996-581eb5cc11da:172.17.0.2:36799], old=null, confs=<EMPTY_MAP>
2020-07-01 01:40:02,535 [pool-153-thread-1] INFO  server.RaftServerConfigKeys (ConfUtils.java:logGet(44)) - raft.server.storage.dir = [/github/workspace/mnt/ozone/hadoop-ozone/integration-test/target/test-dir/MiniOzoneClusterImpl-1f0cff23-21f0-432d-9716-db38e1d74a84/datanode-8/data/ratis] (custom)
2020-07-01 01:40:02,536 [pool-153-thread-1] INFO  server.RaftServerConfigKeys (ConfUtils.java:logGet(44)) - raft.server.log.corruption.policy = EXCEPTION (default)
2020-07-01 01:40:02,536 [pool-153-thread-1] INFO  storage.RaftStorageDirectory (RaftStorageDirectory.java:analyzeStorage(261)) - The storage directory /github/workspace/mnt/ozone/hadoop-ozone/integration-test/target/test-dir/MiniOzoneClusterImpl-1f0cff23-21f0-432d-9716-db38e1d74a84/datanode-8/data/ratis/6953edba-cdff-4ce3-ac45-deae86d0d0f5 does not exist. Creating ...
2020-07-01 01:40:02,538 [pool-153-thread-1] INFO  storage.RaftStorageDirectory (RaftStorageDirectory.java:tryLock(343)) - Lock on /github/workspace/mnt/ozone/hadoop-ozone/integration-test/target/test-dir/MiniOzoneClusterImpl-1f0cff23-21f0-432d-9716-db38e1d74a84/datanode-8/data/ratis/6953edba-cdff-4ce3-ac45-deae86d0d0f5/in_use.lock acquired by nodename 45845@51ddc7c4698f
2020-07-01 01:40:02,539 [pool-153-thread-1] INFO  storage.RaftStorage (RaftStorage.java:format(84)) - Storage directory /github/workspace/mnt/ozone/hadoop-ozone/integration-test/target/test-dir/MiniOzoneClusterImpl-1f0cff23-21f0-432d-9716-db38e1d74a84/datanode-8/data/ratis/6953edba-cdff-4ce3-ac45-deae86d0d0f5 has been successfully formatted.
2020-07-01 01:40:02,557 [pool-153-thread-1] INFO  ratis.ContainerStateMachine (ContainerStateMachine.java:loadSnapshot(226)) - group-DEAE86D0D0F5: The snapshot info is null. Setting the last applied indexto:(t:0, i:~)
2020-07-01 01:40:02,557 [pool-153-thread-1] INFO  server.RaftServerConfigKeys (ConfUtils.java:logGet(44)) - raft.server.notification.no-leader.timeout = 60s (default)
2020-07-01 01:40:02,557 [pool-153-thread-1] INFO  server.RaftServerConfigKeys (ConfUtils.java:logGet(44)) - raft.server.log.use.memory = false (default)
2020-07-01 01:40:02,557 [pool-153-thread-1] INFO  server.RaftServerConfigKeys (ConfUtils.java:logGet(44)) - raft.server.log.purge.gap = 1000000 (custom)
2020-07-01 01:40:02,557 [pool-153-thread-1] INFO  server.RaftServerConfigKeys (ConfUtils.java:logGet(44)) - raft.server.log.appender.buffer.byte-limit = 33554432 (custom)
2020-07-01 01:40:02,557 [pool-153-thread-1] INFO  server.RaftServerConfigKeys (ConfUtils.java:logGet(44)) - raft.server.log.segment.size.max = 1048576 (custom)
2020-07-01 01:40:02,557 [pool-153-thread-1] INFO  metrics.RatisMetrics (RatisMetrics.java:lambda$create$0(36)) - Creating Metrics Registry : ratis.log_worker.86e2f92f-9f2f-47be-9996-581eb5cc11da@group-DEAE86D0D0F5
2020-07-01 01:40:02,558 [pool-153-thread-1] INFO  server.RaftServerConfigKeys (ConfUtils.java:logGet(44)) - raft.server.log.segment.cache.num.max = 2 (custom)
2020-07-01 01:40:02,558 [pool-153-thread-1] INFO  segmented.SegmentedRaftLogWorker (SegmentedRaftLogWorker.java:<init>(180)) - new 86e2f92f-9f2f-47be-9996-581eb5cc11da@group-DEAE86D0D0F5-SegmentedRaftLogWorker for RaftStorage:Storage Directory /github/workspace/mnt/ozone/hadoop-ozone/integration-test/target/test-dir/MiniOzoneClusterImpl-1f0cff23-21f0-432d-9716-db38e1d74a84/datanode-8/data/ratis/6953edba-cdff-4ce3-ac45-deae86d0d0f5
2020-07-01 01:40:02,558 [pool-153-thread-1] INFO  server.RaftServerConfigKeys (ConfUtils.java:logGet(44)) - raft.server.log.queue.byte-limit = 2147483647 (custom)
2020-07-01 01:40:02,558 [pool-153-thread-1] INFO  server.RaftServerConfigKeys (ConfUtils.java:logGet(44)) - raft.server.log.queue.element-limit = 1024 (custom)
2020-07-01 01:40:02,558 [pool-153-thread-1] INFO  server.RaftServerConfigKeys (ConfUtils.java:logGet(44)) - raft.server.log.segment.size.max = 1048576 (custom)
2020-07-01 01:40:02,558 [pool-153-thread-1] INFO  server.RaftServerConfigKeys (ConfUtils.java:logGet(44)) - raft.server.log.preallocated.size = 16384 (custom)
2020-07-01 01:40:02,560 [pool-153-thread-1] INFO  server.RaftServerConfigKeys (ConfUtils.java:logGet(44)) - raft.server.log.write.buffer.size = 1048576 (custom)
2020-07-01 01:40:02,561 [pool-153-thread-1] INFO  server.RaftServerConfigKeys (ConfUtils.java:logGet(44)) - raft.server.log.force.sync.num = 128 (default)
2020-07-01 01:40:02,561 [pool-153-thread-1] INFO  server.RaftServerConfigKeys (ConfUtils.java:logGet(44)) - raft.server.log.statemachine.data.sync = true (default)
2020-07-01 01:40:02,561 [pool-153-thread-1] INFO  server.RaftServerConfigKeys (ConfUtils.java:logGet(44)) - raft.server.log.statemachine.data.sync.timeout = 10s (default)
2020-07-01 01:40:02,561 [pool-153-thread-1] INFO  server.RaftServerConfigKeys (ConfUtils.java:logGet(44)) - raft.server.log.statemachine.data.sync.timeout.retry = -1 (default)
2020-07-01 01:40:02,562 [EventQueue-PipelineReportForPipelineReportHandler] INFO  pipeline.PipelineStateManager (PipelineStateManager.java:openPipeline(131)) - Pipeline Pipeline[ Id: 6953edba-cdff-4ce3-ac45-deae86d0d0f5, Nodes: 86e2f92f-9f2f-47be-9996-581eb5cc11da{ip: 172.17.0.2, host: 51ddc7c4698f, networkLocation: /default-rack, certSerialId: null}, Type:RATIS, Factor:ONE, State:ALLOCATED, leaderId:86e2f92f-9f2f-47be-9996-581eb5cc11da, CreationTimestamp2020-07-01T01:39:59.497Z] moved to OPEN state
2020-07-01 01:40:02,562 [pool-153-thread-1] INFO  server.RaftServerConfigKeys (ConfUtils.java:logGet(44)) - raft.server.log.statemachine.data.caching.enabled = true (custom)
2020-07-01 01:40:02,562 [EventQueue-OpenPipelineForHealthyPipelineSafeModeRule] INFO  safemode.SCMSafeModeManager (HealthyPipelineSafeModeRule.java:process(129)) - SCM in safe mode. Healthy pipelines reported count is 0, required healthy pipeline reported count is 1
2020-07-01 01:40:02,562 [EventQueue-OpenPipelineForOneReplicaPipelineSafeModeRule] INFO  safemode.SCMSafeModeManager (SCMSafeModeManager.java:validateSafeModeExitRules(214)) - AtleastOneDatanodeReportedRule rule is successfully validated
2020-07-01 01:40:02,563 [pool-153-thread-1] INFO  segmented.SegmentedRaftLogWorker (SegmentedRaftLogWorker.java:lambda$new$0(129)) - 86e2f92f-9f2f-47be-9996-581eb5cc11da@group-DEAE86D0D0F5-SegmentedRaftLogWorker: flushIndex: setUnconditionally 0 -> -1
2020-07-01 01:40:02,563 [pool-153-thread-1] INFO  segmented.SegmentedRaftLogWorker (SegmentedRaftLogWorker.java:lambda$new$0(129)) - 86e2f92f-9f2f-47be-9996-581eb5cc11da@group-DEAE86D0D0F5-SegmentedRaftLogWorker: safeCacheEvictIndex: setUnconditionally 0 -> -1
2020-07-01 01:40:02,563 [pool-153-thread-1] INFO  server.RaftServerConfigKeys (ConfUtils.java:logGet(44)) - raft.server.snapshot.auto.trigger.enabled = true (custom)
2020-07-01 01:40:02,563 [pool-153-thread-1] INFO  server.RaftServerConfigKeys (ConfUtils.java:logGet(44)) - raft.server.snapshot.auto.trigger.threshold = 10000 (custom)
2020-07-01 01:40:02,563 [pool-153-thread-1] INFO  server.RaftServerConfigKeys (ConfUtils.java:logGet(44)) - raft.server.snapshot.retention.file.num = 5 (custom)
2020-07-01 01:40:02,563 [pool-153-thread-1] INFO  server.RaftServerConfigKeys (ConfUtils.java:logGet(44)) - raft.server.log.purge.upto.snapshot.index = false (default)
2020-07-01 01:40:02,563 [pool-153-thread-1] INFO  server.RaftServerConfigKeys (ConfUtils.java:logGet(44)) - raft.server.retrycache.expirytime = 600000ms (custom)
2020-07-01 01:40:02,563 [pool-153-thread-1] INFO  metrics.RatisMetrics (RatisMetrics.java:lambda$create$0(36)) - Creating Metrics Registry : ratis.leader_election.86e2f92f-9f2f-47be-9996-581eb5cc11da@group-DEAE86D0D0F5
2020-07-01 01:40:02,564 [pool-153-thread-1] INFO  metrics.RatisMetrics (RatisMetrics.java:lambda$create$0(36)) - Creating Metrics Registry : ratis.server.86e2f92f-9f2f-47be-9996-581eb5cc11da@group-DEAE86D0D0F5
2020-07-01 01:40:02,564 [pool-153-thread-1] INFO  impl.RaftServerImpl (RaftServerImpl.java:start(186)) - 86e2f92f-9f2f-47be-9996-581eb5cc11da@group-DEAE86D0D0F5: start as a follower, conf=-1: [86e2f92f-9f2f-47be-9996-581eb5cc11da:172.17.0.2:36799], old=null
2020-07-01 01:40:02,564 [pool-153-thread-1] INFO  impl.RaftServerImpl (RaftServerImpl.java:setRole(175)) - 86e2f92f-9f2f-47be-9996-581eb5cc11da@group-DEAE86D0D0F5: changes role from      null to FOLLOWER at term 0 for startAsFollower
2020-07-01 01:40:02,565 [pool-153-thread-1] INFO  impl.RoleInfo (RoleInfo.java:updateAndGet(143)) - 86e2f92f-9f2f-47be-9996-581eb5cc11da: start FollowerState
2020-07-01 01:40:02,565 [pool-153-thread-1] INFO  util.JmxRegister (JmxRegister.java:tryRegister(44)) - Successfully registered JMX Bean with object name Ratis:service=RaftServer,group=group-DEAE86D0D0F5,id=86e2f92f-9f2f-47be-9996-581eb5cc11da
2020-07-01 01:40:02,565 [pool-153-thread-1] INFO  metrics.RatisMetrics (RatisMetrics.java:lambda$create$0(36)) - Creating Metrics Registry : ratis.state_machine.86e2f92f-9f2f-47be-9996-581eb5cc11da@group-DEAE86D0D0F5
2020-07-01 01:40:02,566 [Command processor thread] INFO  commandhandler.CreatePipelineCommandHandler (CreatePipelineCommandHandler.java:handle(109)) - Created Pipeline RATIS ONE #id: "6953edba-cdff-4ce3-ac45-deae86d0d0f5"
.
2020-07-01 01:40:02,569 [Command processor thread] INFO  impl.RaftServerProxy (RaftServerProxy.java:addNew(89)) - 86e2f92f-9f2f-47be-9996-581eb5cc11da: addNew group-EDC9AD94D6A7:[86e2f92f-9f2f-47be-9996-581eb5cc11da:172.17.0.2:36799, 4a250b03-fc0c-4fc6-b3de-35498431563c:172.17.0.2:42123, 8c5b2b67-bc34-46b0-b6c3-958390f4d72e:172.17.0.2:43281] returns group-EDC9AD94D6A7:java.util.concurrent.CompletableFuture@348bd591[Not completed]
2020-07-01 01:40:02,571 [pool-153-thread-1] INFO  impl.RaftServerImpl (RaftServerImpl.java:<init>(99)) - 86e2f92f-9f2f-47be-9996-581eb5cc11da: new RaftServerImpl for group-EDC9AD94D6A7:[86e2f92f-9f2f-47be-9996-581eb5cc11da:172.17.0.2:36799, 4a250b03-fc0c-4fc6-b3de-35498431563c:172.17.0.2:42123, 8c5b2b67-bc34-46b0-b6c3-958390f4d72e:172.17.0.2:43281] with ContainerStateMachine:uninitialized
2020-07-01 01:40:02,571 [pool-153-thread-1] INFO  server.RaftServerConfigKeys (ConfUtils.java:logGet(44)) - raft.server.rpc.timeout.min = 5s (custom)
2020-07-01 01:40:02,571 [pool-153-thread-1] INFO  server.RaftServerConfigKeys (ConfUtils.java:logGet(44)) - raft.server.rpc.timeout.max = 5200ms (custom)
2020-07-01 01:40:02,571 [pool-153-thread-1] INFO  server.RaftServerConfigKeys (ConfUtils.java:logGet(44)) - raft.server.rpcslowness.timeout = 300s (custom)
2020-07-01 01:40:02,571 [pool-153-thread-1] INFO  server.RaftServerConfigKeys (ConfUtils.java:logGet(44)) - raft.server.sleep.deviation.threshold = 300 (default)
2020-07-01 01:40:02,571 [pool-153-thread-1] INFO  server.RaftServerConfigKeys (ConfUtils.java:logGet(44)) - raft.server.log.appender.install.snapshot.enabled = false (custom)
2020-07-01 01:40:02,571 [pool-153-thread-1] INFO  impl.RaftServerImpl (ServerState.java:<init>(103)) - 86e2f92f-9f2f-47be-9996-581eb5cc11da@group-EDC9AD94D6A7: ConfigurationManager, init=-1: [86e2f92f-9f2f-47be-9996-581eb5cc11da:172.17.0.2:36799, 4a250b03-fc0c-4fc6-b3de-35498431563c:172.17.0.2:42123, 8c5b2b67-bc34-46b0-b6c3-958390f4d72e:172.17.0.2:43281], old=null, confs=<EMPTY_MAP>
2020-07-01 01:40:02,571 [pool-153-thread-1] INFO  server.RaftServerConfigKeys (ConfUtils.java:logGet(44)) - raft.server.storage.dir = [/github/workspace/mnt/ozone/hadoop-ozone/integration-test/target/test-dir/MiniOzoneClusterImpl-1f0cff23-21f0-432d-9716-db38e1d74a84/datanode-8/data/ratis] (custom)
2020-07-01 01:40:02,571 [pool-153-thread-1] INFO  server.RaftServerConfigKeys (ConfUtils.java:logGet(44)) - raft.server.log.corruption.policy = EXCEPTION (default)
2020-07-01 01:40:02,571 [pool-153-thread-1] INFO  storage.RaftStorageDirectory (RaftStorageDirectory.java:analyzeStorage(261)) - The storage directory /github/workspace/mnt/ozone/hadoop-ozone/integration-test/target/test-dir/MiniOzoneClusterImpl-1f0cff23-21f0-432d-9716-db38e1d74a84/datanode-8/data/ratis/56595784-b98f-43aa-ac8d-edc9ad94d6a7 does not exist. Creating ...
2020-07-01 01:40:02,574 [pool-153-thread-1] INFO  storage.RaftStorageDirectory (RaftStorageDirectory.java:tryLock(343)) - Lock on /github/workspace/mnt/ozone/hadoop-ozone/integration-test/target/test-dir/MiniOzoneClusterImpl-1f0cff23-21f0-432d-9716-db38e1d74a84/datanode-8/data/ratis/56595784-b98f-43aa-ac8d-edc9ad94d6a7/in_use.lock acquired by nodename 45845@51ddc7c4698f
2020-07-01 01:40:02,579 [pool-153-thread-1] INFO  storage.RaftStorage (RaftStorage.java:format(84)) - Storage directory /github/workspace/mnt/ozone/hadoop-ozone/integration-test/target/test-dir/MiniOzoneClusterImpl-1f0cff23-21f0-432d-9716-db38e1d74a84/datanode-8/data/ratis/56595784-b98f-43aa-ac8d-edc9ad94d6a7 has been successfully formatted.
2020-07-01 01:40:02,580 [pool-153-thread-1] INFO  ratis.ContainerStateMachine (ContainerStateMachine.java:loadSnapshot(226)) - group-EDC9AD94D6A7: The snapshot info is null. Setting the last applied indexto:(t:0, i:~)
2020-07-01 01:40:02,580 [pool-153-thread-1] INFO  server.RaftServerConfigKeys (ConfUtils.java:logGet(44)) - raft.server.notification.no-leader.timeout = 60s (default)
2020-07-01 01:40:02,580 [pool-153-thread-1] INFO  server.RaftServerConfigKeys (ConfUtils.java:logGet(44)) - raft.server.log.use.memory = false (default)
2020-07-01 01:40:02,580 [pool-153-thread-1] INFO  server.RaftServerConfigKeys (ConfUtils.java:logGet(44)) - raft.server.log.purge.gap = 1000000 (custom)
2020-07-01 01:40:02,581 [pool-153-thread-1] INFO  server.RaftServerConfigKeys (ConfUtils.java:logGet(44)) - raft.server.log.appender.buffer.byte-limit = 33554432 (custom)
2020-07-01 01:40:02,581 [pool-153-thread-1] INFO  server.RaftServerConfigKeys (ConfUtils.java:logGet(44)) - raft.server.log.segment.size.max = 1048576 (custom)
2020-07-01 01:40:02,581 [pool-153-thread-1] INFO  metrics.RatisMetrics (RatisMetrics.java:lambda$create$0(36)) - Creating Metrics Registry : ratis.log_worker.86e2f92f-9f2f-47be-9996-581eb5cc11da@group-EDC9AD94D6A7
2020-07-01 01:40:02,581 [pool-153-thread-1] INFO  server.RaftServerConfigKeys (ConfUtils.java:logGet(44)) - raft.server.log.segment.cache.num.max = 2 (custom)
2020-07-01 01:40:02,581 [pool-153-thread-1] INFO  segmented.SegmentedRaftLogWorker (SegmentedRaftLogWorker.java:<init>(180)) - new 86e2f92f-9f2f-47be-9996-581eb5cc11da@group-EDC9AD94D6A7-SegmentedRaftLogWorker for RaftStorage:Storage Directory /github/workspace/mnt/ozone/hadoop-ozone/integration-test/target/test-dir/MiniOzoneClusterImpl-1f0cff23-21f0-432d-9716-db38e1d74a84/datanode-8/data/ratis/56595784-b98f-43aa-ac8d-edc9ad94d6a7
2020-07-01 01:40:02,581 [pool-153-thread-1] INFO  server.RaftServerConfigKeys (ConfUtils.java:logGet(44)) - raft.server.log.queue.byte-limit = 2147483647 (custom)
2020-07-01 01:40:02,581 [pool-153-thread-1] INFO  server.RaftServerConfigKeys (ConfUtils.java:logGet(44)) - raft.server.log.queue.element-limit = 1024 (custom)
2020-07-01 01:40:02,581 [pool-153-thread-1] INFO  server.RaftServerConfigKeys (ConfUtils.java:logGet(44)) - raft.server.log.segment.size.max = 1048576 (custom)
2020-07-01 01:40:02,581 [pool-153-thread-1] INFO  server.RaftServerConfigKeys (ConfUtils.java:logGet(44)) - raft.server.log.preallocated.size = 16384 (custom)
2020-07-01 01:40:02,581 [pool-153-thread-1] INFO  server.RaftServerConfigKeys (ConfUtils.java:logGet(44)) - raft.server.log.write.buffer.size = 1048576 (custom)
2020-07-01 01:40:02,581 [pool-153-thread-1] INFO  server.RaftServerConfigKeys (ConfUtils.java:logGet(44)) - raft.server.log.force.sync.num = 128 (default)
2020-07-01 01:40:02,582 [pool-153-thread-1] INFO  server.RaftServerConfigKeys (ConfUtils.java:logGet(44)) - raft.server.log.statemachine.data.sync = true (default)
2020-07-01 01:40:02,582 [pool-153-thread-1] INFO  server.RaftServerConfigKeys (ConfUtils.java:logGet(44)) - raft.server.log.statemachine.data.sync.timeout = 10s (default)
2020-07-01 01:40:02,582 [pool-153-thread-1] INFO  server.RaftServerConfigKeys (ConfUtils.java:logGet(44)) - raft.server.log.statemachine.data.sync.timeout.retry = -1 (default)
2020-07-01 01:40:02,583 [pool-153-thread-1] INFO  server.RaftServerConfigKeys (ConfUtils.java:logGet(44)) - raft.server.log.statemachine.data.caching.enabled = true (custom)
2020-07-01 01:40:02,592 [pool-153-thread-1] INFO  segmented.SegmentedRaftLogWorker (SegmentedRaftLogWorker.java:lambda$new$0(129)) - 86e2f92f-9f2f-47be-9996-581eb5cc11da@group-EDC9AD94D6A7-SegmentedRaftLogWorker: flushIndex: setUnconditionally 0 -> -1
2020-07-01 01:40:02,592 [pool-153-thread-1] INFO  segmented.SegmentedRaftLogWorker (SegmentedRaftLogWorker.java:lambda$new$0(129)) - 86e2f92f-9f2f-47be-9996-581eb5cc11da@group-EDC9AD94D6A7-SegmentedRaftLogWorker: safeCacheEvictIndex: setUnconditionally 0 -> -1
2020-07-01 01:40:02,607 [pool-153-thread-1] INFO  server.RaftServerConfigKeys (ConfUtils.java:logGet(44)) - raft.server.snapshot.auto.trigger.enabled = true (custom)
2020-07-01 01:40:02,607 [pool-153-thread-1] INFO  server.RaftServerConfigKeys (ConfUtils.java:logGet(44)) - raft.server.snapshot.auto.trigger.threshold = 10000 (custom)
2020-07-01 01:40:02,607 [pool-153-thread-1] INFO  server.RaftServerConfigKeys (ConfUtils.java:logGet(44)) - raft.server.snapshot.retention.file.num = 5 (custom)
2020-07-01 01:40:02,607 [pool-153-thread-1] INFO  server.RaftServerConfigKeys (ConfUtils.java:logGet(44)) - raft.server.log.purge.upto.snapshot.index = false (default)
2020-07-01 01:40:02,607 [pool-153-thread-1] INFO  server.RaftServerConfigKeys (ConfUtils.java:logGet(44)) - raft.server.retrycache.expirytime = 600000ms (custom)
2020-07-01 01:40:02,607 [pool-153-thread-1] INFO  metrics.RatisMetrics (RatisMetrics.java:lambda$create$0(36)) - Creating Metrics Registry : ratis.leader_election.86e2f92f-9f2f-47be-9996-581eb5cc11da@group-EDC9AD94D6A7
2020-07-01 01:40:02,608 [pool-153-thread-1] INFO  metrics.RatisMetrics (RatisMetrics.java:lambda$create$0(36)) - Creating Metrics Registry : ratis.server.86e2f92f-9f2f-47be-9996-581eb5cc11da@group-EDC9AD94D6A7
2020-07-01 01:40:02,608 [pool-153-thread-1] INFO  impl.RaftServerImpl (RaftServerImpl.java:start(186)) - 86e2f92f-9f2f-47be-9996-581eb5cc11da@group-EDC9AD94D6A7: start as a follower, conf=-1: [86e2f92f-9f2f-47be-9996-581eb5cc11da:172.17.0.2:36799, 4a250b03-fc0c-4fc6-b3de-35498431563c:172.17.0.2:42123, 8c5b2b67-bc34-46b0-b6c3-958390f4d72e:172.17.0.2:43281], old=null
2020-07-01 01:40:02,608 [pool-153-thread-1] INFO  impl.RaftServerImpl (RaftServerImpl.java:setRole(175)) - 86e2f92f-9f2f-47be-9996-581eb5cc11da@group-EDC9AD94D6A7: changes role from      null to FOLLOWER at term 0 for startAsFollower
2020-07-01 01:40:02,608 [pool-153-thread-1] INFO  impl.RoleInfo (RoleInfo.java:updateAndGet(143)) - 86e2f92f-9f2f-47be-9996-581eb5cc11da: start FollowerState
2020-07-01 01:40:02,618 [pool-153-thread-1] INFO  util.JmxRegister (JmxRegister.java:tryRegister(44)) - Successfully registered JMX Bean with object name Ratis:service=RaftServer,group=group-EDC9AD94D6A7,id=86e2f92f-9f2f-47be-9996-581eb5cc11da
2020-07-01 01:40:02,618 [pool-153-thread-1] INFO  metrics.RatisMetrics (RatisMetrics.java:lambda$create$0(36)) - Creating Metrics Registry : ratis.state_machine.86e2f92f-9f2f-47be-9996-581eb5cc11da@group-EDC9AD94D6A7
2020-07-01 01:40:02,950 [Command processor thread] INFO  commandhandler.CreatePipelineCommandHandler (CreatePipelineCommandHandler.java:handle(109)) - Created Pipeline RATIS THREE #id: "b37d36ce-baae-4bb5-9fd1-ab27bd356713"
.
2020-07-01 01:40:02,950 [Command processor thread] INFO  commandhandler.CreatePipelineCommandHandler (CreatePipelineCommandHandler.java:handle(109)) - Created Pipeline RATIS THREE #id: "320967b6-edd7-4d00-bc0b-3f4429acdea2"
.
2020-07-01 01:40:02,954 [Command processor thread] INFO  commandhandler.CreatePipelineCommandHandler (CreatePipelineCommandHandler.java:handle(109)) - Created Pipeline RATIS THREE #id: "b37d36ce-baae-4bb5-9fd1-ab27bd356713"
.
2020-07-01 01:40:02,957 [Command processor thread] INFO  commandhandler.CreatePipelineCommandHandler (CreatePipelineCommandHandler.java:handle(109)) - Created Pipeline RATIS THREE #id: "320967b6-edd7-4d00-bc0b-3f4429acdea2"
.
2020-07-01 01:40:02,962 [Command processor thread] INFO  commandhandler.CreatePipelineCommandHandler (CreatePipelineCommandHandler.java:handle(109)) - Created Pipeline RATIS THREE #id: "56595784-b98f-43aa-ac8d-edc9ad94d6a7"
.
2020-07-01 01:40:02,964 [Command processor thread] INFO  commandhandler.CreatePipelineCommandHandler (CreatePipelineCommandHandler.java:handle(109)) - Created Pipeline RATIS THREE #id: "320967b6-edd7-4d00-bc0b-3f4429acdea2"
.
2020-07-01 01:40:02,966 [Command processor thread] INFO  commandhandler.CreatePipelineCommandHandler (CreatePipelineCommandHandler.java:handle(109)) - Created Pipeline RATIS THREE #id: "56595784-b98f-43aa-ac8d-edc9ad94d6a7"
.
2020-07-01 01:40:02,971 [Command processor thread] INFO  commandhandler.CreatePipelineCommandHandler (CreatePipelineCommandHandler.java:handle(109)) - Created Pipeline RATIS THREE #id: "b37d36ce-baae-4bb5-9fd1-ab27bd356713"
.
2020-07-01 01:40:02,987 [Command processor thread] INFO  commandhandler.CreatePipelineCommandHandler (CreatePipelineCommandHandler.java:handle(109)) - Created Pipeline RATIS THREE #id: "56595784-b98f-43aa-ac8d-edc9ad94d6a7"
.
2020-07-01 01:40:03,496 [Listener at 127.0.0.1/36859] INFO  ozone.MiniOzoneClusterImpl (MiniOzoneClusterImpl.java:lambda$waitForClusterToBeReady$0(177)) - Nodes are ready. Got 9 of 9 DN Heartbeats.
2020-07-01 01:40:03,497 [Listener at 127.0.0.1/36859] INFO  ozone.MiniOzoneClusterImpl (MiniOzoneClusterImpl.java:lambda$waitForClusterToBeReady$0(180)) - Waiting for cluster to exit safe mode
2020-07-01 01:40:04,497 [Listener at 127.0.0.1/36859] INFO  ozone.MiniOzoneClusterImpl (MiniOzoneClusterImpl.java:lambda$waitForClusterToBeReady$0(177)) - Nodes are ready. Got 9 of 9 DN Heartbeats.
2020-07-01 01:40:04,498 [Listener at 127.0.0.1/36859] INFO  ozone.MiniOzoneClusterImpl (MiniOzoneClusterImpl.java:lambda$waitForClusterToBeReady$0(180)) - Waiting for cluster to exit safe mode
2020-07-01 01:40:05,498 [Listener at 127.0.0.1/36859] INFO  ozone.MiniOzoneClusterImpl (MiniOzoneClusterImpl.java:lambda$waitForClusterToBeReady$0(177)) - Nodes are ready. Got 9 of 9 DN Heartbeats.
2020-07-01 01:40:05,498 [Listener at 127.0.0.1/36859] INFO  ozone.MiniOzoneClusterImpl (MiniOzoneClusterImpl.java:lambda$waitForClusterToBeReady$0(180)) - Waiting for cluster to exit safe mode
2020-07-01 01:40:06,499 [Listener at 127.0.0.1/36859] INFO  ozone.MiniOzoneClusterImpl (MiniOzoneClusterImpl.java:lambda$waitForClusterToBeReady$0(177)) - Nodes are ready. Got 9 of 9 DN Heartbeats.
2020-07-01 01:40:06,499 [Listener at 127.0.0.1/36859] INFO  ozone.MiniOzoneClusterImpl (MiniOzoneClusterImpl.java:lambda$waitForClusterToBeReady$0(180)) - Waiting for cluster to exit safe mode
2020-07-01 01:40:07,192 [Thread-258] INFO  impl.FollowerState (FollowerState.java:run(108)) - 0e87e1a8-862d-4038-8503-5ba64ecc883e@group-EFEA6DCF6E73-FollowerState: change to CANDIDATE, lastRpcTime:5156ms, electionTimeout:5137ms
2020-07-01 01:40:07,194 [Thread-258] INFO  impl.RoleInfo (RoleInfo.java:shutdownFollowerState(121)) - 0e87e1a8-862d-4038-8503-5ba64ecc883e: shutdown FollowerState
2020-07-01 01:40:07,194 [Thread-258] INFO  impl.RaftServerImpl (RaftServerImpl.java:setRole(175)) - 0e87e1a8-862d-4038-8503-5ba64ecc883e@group-EFEA6DCF6E73: changes role from  FOLLOWER to CANDIDATE at term 0 for changeToCandidate
2020-07-01 01:40:07,197 [Thread-258] INFO  impl.RoleInfo (RoleInfo.java:updateAndGet(143)) - 0e87e1a8-862d-4038-8503-5ba64ecc883e: start LeaderElection
2020-07-01 01:40:07,201 [0e87e1a8-862d-4038-8503-5ba64ecc883e@group-EFEA6DCF6E73-LeaderElection1] INFO  impl.LeaderElection (LeaderElection.java:askForVotes(206)) - 0e87e1a8-862d-4038-8503-5ba64ecc883e@group-EFEA6DCF6E73-LeaderElection1: begin an election at term 1 for -1: [0e87e1a8-862d-4038-8503-5ba64ecc883e:172.17.0.2:44311], old=null
2020-07-01 01:40:07,202 [0e87e1a8-862d-4038-8503-5ba64ecc883e@group-EFEA6DCF6E73-LeaderElection1] INFO  impl.RoleInfo (RoleInfo.java:shutdownLeaderElection(134)) - 0e87e1a8-862d-4038-8503-5ba64ecc883e: shutdown LeaderElection
2020-07-01 01:40:07,203 [0e87e1a8-862d-4038-8503-5ba64ecc883e@group-EFEA6DCF6E73-LeaderElection1] INFO  impl.RaftServerImpl (RaftServerImpl.java:setRole(175)) - 0e87e1a8-862d-4038-8503-5ba64ecc883e@group-EFEA6DCF6E73: changes role from CANDIDATE to LEADER at term 1 for changeToLeader
2020-07-01 01:40:07,203 [0e87e1a8-862d-4038-8503-5ba64ecc883e@group-EFEA6DCF6E73-LeaderElection1] INFO  ratis.XceiverServerRatis (XceiverServerRatis.java:handleLeaderChangedNotification(762)) - Leader change notification received for group: group-EFEA6DCF6E73 with new leaderId: 0e87e1a8-862d-4038-8503-5ba64ecc883e
2020-07-01 01:40:07,203 [0e87e1a8-862d-4038-8503-5ba64ecc883e@group-EFEA6DCF6E73-LeaderElection1] INFO  impl.RaftServerImpl (ServerState.java:setLeader(255)) - 0e87e1a8-862d-4038-8503-5ba64ecc883e@group-EFEA6DCF6E73: change Leader from null to 0e87e1a8-862d-4038-8503-5ba64ecc883e at term 1 for becomeLeader, leader elected after 5183ms
2020-07-01 01:40:07,206 [Thread-256] INFO  impl.FollowerState (FollowerState.java:run(108)) - 2fd12e45-5261-4e74-9c65-dcdedcebcdd5@group-E545D14EB332-FollowerState: change to CANDIDATE, lastRpcTime:5200ms, electionTimeout:5196ms
2020-07-01 01:40:07,210 [Thread-256] INFO  impl.RoleInfo (RoleInfo.java:shutdownFollowerState(121)) - 2fd12e45-5261-4e74-9c65-dcdedcebcdd5: shutdown FollowerState
2020-07-01 01:40:07,211 [0e87e1a8-862d-4038-8503-5ba64ecc883e@group-EFEA6DCF6E73-LeaderElection1] INFO  server.RaftServerConfigKeys (ConfUtils.java:logGet(44)) - raft.server.staging.catchup.gap = 1000 (default)
2020-07-01 01:40:07,211 [Thread-256] INFO  impl.RaftServerImpl (RaftServerImpl.java:setRole(175)) - 2fd12e45-5261-4e74-9c65-dcdedcebcdd5@group-E545D14EB332: changes role from  FOLLOWER to CANDIDATE at term 0 for changeToCandidate
2020-07-01 01:40:07,211 [Thread-256] INFO  impl.RoleInfo (RoleInfo.java:updateAndGet(143)) - 2fd12e45-5261-4e74-9c65-dcdedcebcdd5: start LeaderElection
2020-07-01 01:40:07,211 [0e87e1a8-862d-4038-8503-5ba64ecc883e@group-EFEA6DCF6E73-LeaderElection1] INFO  server.RaftServerConfigKeys (ConfUtils.java:logGet(44)) - raft.server.rpc.sleep.time = 25ms (default)
2020-07-01 01:40:07,219 [0e87e1a8-862d-4038-8503-5ba64ecc883e@group-EFEA6DCF6E73-LeaderElection1] INFO  metrics.RatisMetrics (RatisMetrics.java:lambda$create$0(36)) - Creating Metrics Registry : ratis.log_appender.0e87e1a8-862d-4038-8503-5ba64ecc883e@group-EFEA6DCF6E73
2020-07-01 01:40:07,220 [0e87e1a8-862d-4038-8503-5ba64ecc883e@group-EFEA6DCF6E73-LeaderElection1] INFO  server.RaftServerConfigKeys (ConfUtils.java:logGet(44)) - raft.server.write.element-limit = 1024 (custom)
2020-07-01 01:40:07,220 [0e87e1a8-862d-4038-8503-5ba64ecc883e@group-EFEA6DCF6E73-LeaderElection1] INFO  server.RaftServerConfigKeys (ConfUtils.java:logGet(44)) - raft.server.write.byte-limit = 1073741824 (custom)
2020-07-01 01:40:07,225 [0e87e1a8-862d-4038-8503-5ba64ecc883e@group-EFEA6DCF6E73-LeaderElection1] INFO  server.RaftServerConfigKeys (ConfUtils.java:logGet(44)) - raft.server.watch.timeout = 3s (custom)
2020-07-01 01:40:07,226 [0e87e1a8-862d-4038-8503-5ba64ecc883e@group-EFEA6DCF6E73-LeaderElection1] INFO  server.RaftServerConfigKeys (ConfUtils.java:logGet(44)) - raft.server.watch.timeout.denomination = 1s (default)
2020-07-01 01:40:07,226 [0e87e1a8-862d-4038-8503-5ba64ecc883e@group-EFEA6DCF6E73-LeaderElection1] INFO  server.RaftServerConfigKeys (ConfUtils.java:logGet(44)) - raft.server.watch.element-limit = 65536 (default)
2020-07-01 01:40:07,229 [Thread-263] INFO  impl.FollowerState (FollowerState.java:run(108)) - 0e87e1a8-862d-4038-8503-5ba64ecc883e@group-AB27BD356713-FollowerState: change to CANDIDATE, lastRpcTime:5100ms, electionTimeout:5097ms
2020-07-01 01:40:07,229 [Thread-263] INFO  impl.RoleInfo (RoleInfo.java:shutdownFollowerState(121)) - 0e87e1a8-862d-4038-8503-5ba64ecc883e: shutdown FollowerState
2020-07-01 01:40:07,229 [Thread-263] INFO  impl.RaftServerImpl (RaftServerImpl.java:setRole(175)) - 0e87e1a8-862d-4038-8503-5ba64ecc883e@group-AB27BD356713: changes role from  FOLLOWER to CANDIDATE at term 0 for changeToCandidate
2020-07-01 01:40:07,229 [Thread-263] INFO  impl.RoleInfo (RoleInfo.java:updateAndGet(143)) - 0e87e1a8-862d-4038-8503-5ba64ecc883e: start LeaderElection
2020-07-01 01:40:07,231 [0e87e1a8-862d-4038-8503-5ba64ecc883e@group-EFEA6DCF6E73-LeaderElection1] INFO  impl.RoleInfo (RoleInfo.java:updateAndGet(143)) - 0e87e1a8-862d-4038-8503-5ba64ecc883e: start LeaderState
2020-07-01 01:40:07,238 [Thread-260] INFO  impl.FollowerState (FollowerState.java:run(108)) - 2fd12e45-5261-4e74-9c65-dcdedcebcdd5@group-AB27BD356713-FollowerState: change to CANDIDATE, lastRpcTime:5129ms, electionTimeout:5126ms
2020-07-01 01:40:07,242 [2fd12e45-5261-4e74-9c65-dcdedcebcdd5@group-E545D14EB332-LeaderElection2] INFO  impl.LeaderElection (LeaderElection.java:askForVotes(206)) - 2fd12e45-5261-4e74-9c65-dcdedcebcdd5@group-E545D14EB332-LeaderElection2: begin an election at term 1 for -1: [2fd12e45-5261-4e74-9c65-dcdedcebcdd5:172.17.0.2:38961], old=null
2020-07-01 01:40:07,243 [2fd12e45-5261-4e74-9c65-dcdedcebcdd5@group-E545D14EB332-LeaderElection2] INFO  impl.RoleInfo (RoleInfo.java:shutdownLeaderElection(134)) - 2fd12e45-5261-4e74-9c65-dcdedcebcdd5: shutdown LeaderElection
2020-07-01 01:40:07,243 [2fd12e45-5261-4e74-9c65-dcdedcebcdd5@group-E545D14EB332-LeaderElection2] INFO  impl.RaftServerImpl (RaftServerImpl.java:setRole(175)) - 2fd12e45-5261-4e74-9c65-dcdedcebcdd5@group-E545D14EB332: changes role from CANDIDATE to LEADER at term 1 for changeToLeader
2020-07-01 01:40:07,243 [2fd12e45-5261-4e74-9c65-dcdedcebcdd5@group-E545D14EB332-LeaderElection2] INFO  ratis.XceiverServerRatis (XceiverServerRatis.java:handleLeaderChangedNotification(762)) - Leader change notification received for group: group-E545D14EB332 with new leaderId: 2fd12e45-5261-4e74-9c65-dcdedcebcdd5
2020-07-01 01:40:07,243 [2fd12e45-5261-4e74-9c65-dcdedcebcdd5@group-E545D14EB332-LeaderElection2] INFO  impl.RaftServerImpl (ServerState.java:setLeader(255)) - 2fd12e45-5261-4e74-9c65-dcdedcebcdd5@group-E545D14EB332: change Leader from null to 2fd12e45-5261-4e74-9c65-dcdedcebcdd5 at term 1 for becomeLeader, leader elected after 5350ms
2020-07-01 01:40:07,243 [2fd12e45-5261-4e74-9c65-dcdedcebcdd5@group-E545D14EB332-LeaderElection2] INFO  server.RaftServerConfigKeys (ConfUtils.java:logGet(44)) - raft.server.staging.catchup.gap = 1000 (default)
2020-07-01 01:40:07,243 [2fd12e45-5261-4e74-9c65-dcdedcebcdd5@group-E545D14EB332-LeaderElection2] INFO  server.RaftServerConfigKeys (ConfUtils.java:logGet(44)) - raft.server.rpc.sleep.time = 25ms (default)
2020-07-01 01:40:07,243 [2fd12e45-5261-4e74-9c65-dcdedcebcdd5@group-E545D14EB332-LeaderElection2] INFO  metrics.RatisMetrics (RatisMetrics.java:lambda$create$0(36)) - Creating Metrics Registry : ratis.log_appender.2fd12e45-5261-4e74-9c65-dcdedcebcdd5@group-E545D14EB332
2020-07-01 01:40:07,243 [2fd12e45-5261-4e74-9c65-dcdedcebcdd5@group-E545D14EB332-LeaderElection2] INFO  server.RaftServerConfigKeys (ConfUtils.java:logGet(44)) - raft.server.write.element-limit = 1024 (custom)
2020-07-01 01:40:07,243 [2fd12e45-5261-4e74-9c65-dcdedcebcdd5@group-E545D14EB332-LeaderElection2] INFO  server.RaftServerConfigKeys (ConfUtils.java:logGet(44)) - raft.server.write.byte-limit = 1073741824 (custom)
2020-07-01 01:40:07,244 [2fd12e45-5261-4e74-9c65-dcdedcebcdd5@group-E545D14EB332-LeaderElection2] INFO  server.RaftServerConfigKeys (ConfUtils.java:logGet(44)) - raft.server.watch.timeout = 3s (custom)
2020-07-01 01:40:07,244 [2fd12e45-5261-4e74-9c65-dcdedcebcdd5@group-E545D14EB332-LeaderElection2] INFO  server.RaftServerConfigKeys (ConfUtils.java:logGet(44)) - raft.server.watch.timeout.denomination = 1s (default)
2020-07-01 01:40:07,244 [2fd12e45-5261-4e74-9c65-dcdedcebcdd5@group-E545D14EB332-LeaderElection2] INFO  server.RaftServerConfigKeys (ConfUtils.java:logGet(44)) - raft.server.watch.element-limit = 65536 (default)
2020-07-01 01:40:07,244 [2fd12e45-5261-4e74-9c65-dcdedcebcdd5@group-E545D14EB332-LeaderElection2] INFO  impl.RoleInfo (RoleInfo.java:updateAndGet(143)) - 2fd12e45-5261-4e74-9c65-dcdedcebcdd5: start LeaderState
2020-07-01 01:40:07,245 [Thread-260] INFO  impl.RoleInfo (RoleInfo.java:shutdownFollowerState(121)) - 2fd12e45-5261-4e74-9c65-dcdedcebcdd5: shutdown FollowerState
2020-07-01 01:40:07,245 [Thread-260] INFO  impl.RaftServerImpl (RaftServerImpl.java:setRole(175)) - 2fd12e45-5261-4e74-9c65-dcdedcebcdd5@group-AB27BD356713: changes role from  FOLLOWER to CANDIDATE at term 0 for changeToCandidate
2020-07-01 01:40:07,245 [Thread-260] INFO  impl.RoleInfo (RoleInfo.java:updateAndGet(143)) - 2fd12e45-5261-4e74-9c65-dcdedcebcdd5: start LeaderElection
2020-07-01 01:40:07,252 [0e87e1a8-862d-4038-8503-5ba64ecc883e@group-AB27BD356713-LeaderElection3] INFO  impl.LeaderElection (LeaderElection.java:askForVotes(206)) - 0e87e1a8-862d-4038-8503-5ba64ecc883e@group-AB27BD356713-LeaderElection3: begin an election at term 1 for -1: [6047ccc9-2d31-4dc4-ab7e-9fb970240402:172.17.0.2:43531, 2fd12e45-5261-4e74-9c65-dcdedcebcdd5:172.17.0.2:38961, 0e87e1a8-862d-4038-8503-5ba64ecc883e:172.17.0.2:44311], old=null
2020-07-01 01:40:07,253 [2fd12e45-5261-4e74-9c65-dcdedcebcdd5@group-E545D14EB332-LeaderElection2] INFO  segmented.SegmentedRaftLogWorker (SegmentedRaftLogWorker.java:startLogSegment(397)) - 2fd12e45-5261-4e74-9c65-dcdedcebcdd5@group-E545D14EB332-SegmentedRaftLogWorker: Starting segment from index:0
2020-07-01 01:40:07,266 [0e87e1a8-862d-4038-8503-5ba64ecc883e@group-EFEA6DCF6E73-LeaderElection1] INFO  segmented.SegmentedRaftLogWorker (SegmentedRaftLogWorker.java:startLogSegment(397)) - 0e87e1a8-862d-4038-8503-5ba64ecc883e@group-EFEA6DCF6E73-SegmentedRaftLogWorker: Starting segment from index:0
2020-07-01 01:40:07,279 [2fd12e45-5261-4e74-9c65-dcdedcebcdd5@group-E545D14EB332-LeaderElection2] INFO  impl.RaftServerImpl (ServerState.java:setRaftConf(356)) - 2fd12e45-5261-4e74-9c65-dcdedcebcdd5@group-E545D14EB332: set configuration 0: [2fd12e45-5261-4e74-9c65-dcdedcebcdd5:172.17.0.2:38961], old=null at 0
2020-07-01 01:40:07,286 [0e87e1a8-862d-4038-8503-5ba64ecc883e@group-EFEA6DCF6E73-LeaderElection1] INFO  impl.RaftServerImpl (ServerState.java:setRaftConf(356)) - 0e87e1a8-862d-4038-8503-5ba64ecc883e@group-EFEA6DCF6E73: set configuration 0: [0e87e1a8-862d-4038-8503-5ba64ecc883e:172.17.0.2:44311], old=null at 0
2020-07-01 01:40:07,293 [Thread-268] INFO  impl.FollowerState (FollowerState.java:run(108)) - 6047ccc9-2d31-4dc4-ab7e-9fb970240402@group-AB27BD356713-FollowerState: change to CANDIDATE, lastRpcTime:5074ms, electionTimeout:5069ms
2020-07-01 01:40:07,293 [Thread-268] INFO  impl.RoleInfo (RoleInfo.java:shutdownFollowerState(121)) - 6047ccc9-2d31-4dc4-ab7e-9fb970240402: shutdown FollowerState
2020-07-01 01:40:07,293 [Thread-268] INFO  impl.RaftServerImpl (RaftServerImpl.java:setRole(175)) - 6047ccc9-2d31-4dc4-ab7e-9fb970240402@group-AB27BD356713: changes role from  FOLLOWER to CANDIDATE at term 0 for changeToCandidate
2020-07-01 01:40:07,293 [Thread-268] INFO  impl.RoleInfo (RoleInfo.java:updateAndGet(143)) - 6047ccc9-2d31-4dc4-ab7e-9fb970240402: start LeaderElection
2020-07-01 01:40:07,299 [grpc-default-executor-6] DEBUG impl.RaftServerImpl (RaftServerImpl.java:requestVote(821)) - 2fd12e45-5261-4e74-9c65-dcdedcebcdd5@group-AB27BD356713: receive requestVote(0e87e1a8-862d-4038-8503-5ba64ecc883e, group-AB27BD356713, 1, (t:0, i:0))
2020-07-01 01:40:07,302 [2fd12e45-5261-4e74-9c65-dcdedcebcdd5@group-AB27BD356713-LeaderElection4] INFO  impl.LeaderElection (LeaderElection.java:askForVotes(206)) - 2fd12e45-5261-4e74-9c65-dcdedcebcdd5@group-AB27BD356713-LeaderElection4: begin an election at term 1 for -1: [6047ccc9-2d31-4dc4-ab7e-9fb970240402:172.17.0.2:43531, 2fd12e45-5261-4e74-9c65-dcdedcebcdd5:172.17.0.2:38961, 0e87e1a8-862d-4038-8503-5ba64ecc883e:172.17.0.2:44311], old=null
2020-07-01 01:40:07,308 [Thread-266] INFO  impl.FollowerState (FollowerState.java:run(108)) - 2228b8b0-1bd4-4abc-8be5-fec7aeebcbed@group-AFC6353296EE-FollowerState: change to CANDIDATE, lastRpcTime:5120ms, electionTimeout:5089ms
2020-07-01 01:40:07,309 [Thread-266] INFO  impl.RoleInfo (RoleInfo.java:shutdownFollowerState(121)) - 2228b8b0-1bd4-4abc-8be5-fec7aeebcbed: shutdown FollowerState
2020-07-01 01:40:07,309 [Thread-266] INFO  impl.RaftServerImpl (RaftServerImpl.java:setRole(175)) - 2228b8b0-1bd4-4abc-8be5-fec7aeebcbed@group-AFC6353296EE: changes role from  FOLLOWER to CANDIDATE at term 0 for changeToCandidate
2020-07-01 01:40:07,309 [Thread-266] INFO  impl.RoleInfo (RoleInfo.java:updateAndGet(143)) - 2228b8b0-1bd4-4abc-8be5-fec7aeebcbed: start LeaderElection
2020-07-01 01:40:07,311 [grpc-default-executor-6] DEBUG impl.RaftServerImpl (RaftServerImpl.java:requestVote(853)) - 2fd12e45-5261-4e74-9c65-dcdedcebcdd5@group-AB27BD356713 replies to vote request: 0e87e1a8-862d-4038-8503-5ba64ecc883e<-2fd12e45-5261-4e74-9c65-dcdedcebcdd5#0:FAIL-t1. Peer's state: 2fd12e45-5261-4e74-9c65-dcdedcebcdd5@group-AB27BD356713:t1, leader=null, voted=2fd12e45-5261-4e74-9c65-dcdedcebcdd5, raftlog=2fd12e45-5261-4e74-9c65-dcdedcebcdd5@group-AB27BD356713-SegmentedRaftLog:OPENED:c-1,f-1,i0, conf=-1: [6047ccc9-2d31-4dc4-ab7e-9fb970240402:172.17.0.2:43531, 2fd12e45-5261-4e74-9c65-dcdedcebcdd5:172.17.0.2:38961, 0e87e1a8-862d-4038-8503-5ba64ecc883e:172.17.0.2:44311], old=null
2020-07-01 01:40:07,317 [grpc-default-executor-4] DEBUG impl.RaftServerImpl (RaftServerImpl.java:requestVote(821)) - 6047ccc9-2d31-4dc4-ab7e-9fb970240402@group-AB27BD356713: receive requestVote(0e87e1a8-862d-4038-8503-5ba64ecc883e, group-AB27BD356713, 1, (t:0, i:0))
2020-07-01 01:40:07,325 [grpc-default-executor-4] INFO  impl.RaftServerImpl (RaftServerImpl.java:setRole(175)) - 6047ccc9-2d31-4dc4-ab7e-9fb970240402@group-AB27BD356713: changes role from CANDIDATE to FOLLOWER at term 1 for recognizeCandidate:0e87e1a8-862d-4038-8503-5ba64ecc883e
2020-07-01 01:40:07,325 [grpc-default-executor-4] INFO  impl.RoleInfo (RoleInfo.java:shutdownLeaderElection(134)) - 6047ccc9-2d31-4dc4-ab7e-9fb970240402: shutdown LeaderElection
2020-07-01 01:40:07,325 [grpc-default-executor-4] INFO  impl.RoleInfo (RoleInfo.java:updateAndGet(143)) - 6047ccc9-2d31-4dc4-ab7e-9fb970240402: start FollowerState
2020-07-01 01:40:07,325 [grpc-default-executor-2] DEBUG impl.RaftServerImpl (RaftServerImpl.java:requestVote(821)) - 6047ccc9-2d31-4dc4-ab7e-9fb970240402@group-AB27BD356713: receive requestVote(2fd12e45-5261-4e74-9c65-dcdedcebcdd5, group-AB27BD356713, 1, (t:0, i:0))
2020-07-01 01:40:07,325 [grpc-default-executor-6] DEBUG impl.RaftServerImpl (RaftServerImpl.java:requestVote(821)) - 0e87e1a8-862d-4038-8503-5ba64ecc883e@group-AB27BD356713: receive requestVote(2fd12e45-5261-4e74-9c65-dcdedcebcdd5, group-AB27BD356713, 1, (t:0, i:0))
2020-07-01 01:40:07,339 [grpc-default-executor-6] DEBUG impl.RaftServerImpl (RaftServerImpl.java:requestVote(853)) - 0e87e1a8-862d-4038-8503-5ba64ecc883e@group-AB27BD356713 replies to vote request: 2fd12e45-5261-4e74-9c65-dcdedcebcdd5<-0e87e1a8-862d-4038-8503-5ba64ecc883e#0:FAIL-t1. Peer's state: 0e87e1a8-862d-4038-8503-5ba64ecc883e@group-AB27BD356713:t1, leader=null, voted=0e87e1a8-862d-4038-8503-5ba64ecc883e, raftlog=0e87e1a8-862d-4038-8503-5ba64ecc883e@group-AB27BD356713-SegmentedRaftLog:OPENED:c-1,f-1,i0, conf=-1: [6047ccc9-2d31-4dc4-ab7e-9fb970240402:172.17.0.2:43531, 2fd12e45-5261-4e74-9c65-dcdedcebcdd5:172.17.0.2:38961, 0e87e1a8-862d-4038-8503-5ba64ecc883e:172.17.0.2:44311], old=null
2020-07-01 01:40:07,339 [grpc-default-executor-4] DEBUG impl.RaftServerImpl (RaftServerImpl.java:requestVote(853)) - 6047ccc9-2d31-4dc4-ab7e-9fb970240402@group-AB27BD356713 replies to vote request: 0e87e1a8-862d-4038-8503-5ba64ecc883e<-6047ccc9-2d31-4dc4-ab7e-9fb970240402#0:FAIL-t1. Peer's state: 6047ccc9-2d31-4dc4-ab7e-9fb970240402@group-AB27BD356713:t1, leader=null, voted=null, raftlog=6047ccc9-2d31-4dc4-ab7e-9fb970240402@group-AB27BD356713-SegmentedRaftLog:OPENED:c-1,f-1,i0, conf=-1: [6047ccc9-2d31-4dc4-ab7e-9fb970240402:172.17.0.2:43531, 2fd12e45-5261-4e74-9c65-dcdedcebcdd5:172.17.0.2:38961, 0e87e1a8-862d-4038-8503-5ba64ecc883e:172.17.0.2:44311], old=null
2020-07-01 01:40:07,339 [grpc-default-executor-2] INFO  impl.RaftServerImpl (RaftServerImpl.java:setRole(175)) - 6047ccc9-2d31-4dc4-ab7e-9fb970240402@group-AB27BD356713: changes role from  FOLLOWER to FOLLOWER at term 1 for recognizeCandidate:2fd12e45-5261-4e74-9c65-dcdedcebcdd5
2020-07-01 01:40:07,340 [grpc-default-executor-2] INFO  impl.RoleInfo (RoleInfo.java:shutdownFollowerState(121)) - 6047ccc9-2d31-4dc4-ab7e-9fb970240402: shutdown FollowerState
2020-07-01 01:40:07,340 [grpc-default-executor-2] INFO  impl.RoleInfo (RoleInfo.java:updateAndGet(143)) - 6047ccc9-2d31-4dc4-ab7e-9fb970240402: start FollowerState
2020-07-01 01:40:07,348 [grpc-default-executor-2] DEBUG impl.RaftServerImpl (RaftServerImpl.java:requestVote(853)) - 6047ccc9-2d31-4dc4-ab7e-9fb970240402@group-AB27BD356713 replies to vote request: 2fd12e45-5261-4e74-9c65-dcdedcebcdd5<-6047ccc9-2d31-4dc4-ab7e-9fb970240402#0:OK-t1. Peer's state: 6047ccc9-2d31-4dc4-ab7e-9fb970240402@group-AB27BD356713:t1, leader=null, voted=2fd12e45-5261-4e74-9c65-dcdedcebcdd5, raftlog=6047ccc9-2d31-4dc4-ab7e-9fb970240402@group-AB27BD356713-SegmentedRaftLog:OPENED:c-1,f-1,i0, conf=-1: [6047ccc9-2d31-4dc4-ab7e-9fb970240402:172.17.0.2:43531, 2fd12e45-5261-4e74-9c65-dcdedcebcdd5:172.17.0.2:38961, 0e87e1a8-862d-4038-8503-5ba64ecc883e:172.17.0.2:44311], old=null
2020-07-01 01:40:07,349 [2228b8b0-1bd4-4abc-8be5-fec7aeebcbed@group-AFC6353296EE-LeaderElection6] INFO  impl.LeaderElection (LeaderElection.java:askForVotes(206)) - 2228b8b0-1bd4-4abc-8be5-fec7aeebcbed@group-AFC6353296EE-LeaderElection6: begin an election at term 1 for -1: [2228b8b0-1bd4-4abc-8be5-fec7aeebcbed:172.17.0.2:33817], old=null
2020-07-01 01:40:07,354 [Thread-264] INFO  impl.FollowerState (FollowerState.java:run(108)) - 6047ccc9-2d31-4dc4-ab7e-9fb970240402@group-B55C23691C28-FollowerState: change to CANDIDATE, lastRpcTime:5198ms, electionTimeout:5192ms
2020-07-01 01:40:07,355 [Thread-264] INFO  impl.RoleInfo (RoleInfo.java:shutdownFollowerState(121)) - 6047ccc9-2d31-4dc4-ab7e-9fb970240402: shutdown FollowerState
2020-07-01 01:40:07,355 [Thread-264] INFO  impl.RaftServerImpl (RaftServerImpl.java:setRole(175)) - 6047ccc9-2d31-4dc4-ab7e-9fb970240402@group-B55C23691C28: changes role from  FOLLOWER to CANDIDATE at term 0 for changeToCandidate
2020-07-01 01:40:07,355 [Thread-264] INFO  impl.RoleInfo (RoleInfo.java:updateAndGet(143)) - 6047ccc9-2d31-4dc4-ab7e-9fb970240402: start LeaderElection
2020-07-01 01:40:07,354 [6047ccc9-2d31-4dc4-ab7e-9fb970240402@group-AB27BD356713-LeaderElection5] INFO  impl.LeaderElection (LeaderElection.java:askForVotes(206)) - 6047ccc9-2d31-4dc4-ab7e-9fb970240402@group-AB27BD356713-LeaderElection5: begin an election at term 2 for -1: [6047ccc9-2d31-4dc4-ab7e-9fb970240402:172.17.0.2:43531, 2fd12e45-5261-4e74-9c65-dcdedcebcdd5:172.17.0.2:38961, 0e87e1a8-862d-4038-8503-5ba64ecc883e:172.17.0.2:44311], old=null
2020-07-01 01:40:07,354 [2228b8b0-1bd4-4abc-8be5-fec7aeebcbed@group-AFC6353296EE-LeaderElection6] INFO  impl.RoleInfo (RoleInfo.java:shutdownLeaderElection(134)) - 2228b8b0-1bd4-4abc-8be5-fec7aeebcbed: shutdown LeaderElection
2020-07-01 01:40:07,350 [2fd12e45-5261-4e74-9c65-dcdedcebcdd5@group-AB27BD356713-LeaderElection4] INFO  impl.LeaderElection (LeaderElection.java:logAndReturn(61)) - 2fd12e45-5261-4e74-9c65-dcdedcebcdd5@group-AB27BD356713-LeaderElection4: Election PASSED; received 2 response(s) [2fd12e45-5261-4e74-9c65-dcdedcebcdd5<-6047ccc9-2d31-4dc4-ab7e-9fb970240402#0:OK-t1, 2fd12e45-5261-4e74-9c65-dcdedcebcdd5<-0e87e1a8-862d-4038-8503-5ba64ecc883e#0:FAIL-t1] and 0 exception(s); 2fd12e45-5261-4e74-9c65-dcdedcebcdd5@group-AB27BD356713:t1, leader=null, voted=2fd12e45-5261-4e74-9c65-dcdedcebcdd5, raftlog=2fd12e45-5261-4e74-9c65-dcdedcebcdd5@group-AB27BD356713-SegmentedRaftLog:OPENED:c-1,f-1,i0, conf=-1: [6047ccc9-2d31-4dc4-ab7e-9fb970240402:172.17.0.2:43531, 2fd12e45-5261-4e74-9c65-dcdedcebcdd5:172.17.0.2:38961, 0e87e1a8-862d-4038-8503-5ba64ecc883e:172.17.0.2:44311], old=null
2020-07-01 01:40:07,356 [2fd12e45-5261-4e74-9c65-dcdedcebcdd5@group-AB27BD356713-LeaderElection4] INFO  impl.RoleInfo (RoleInfo.java:shutdownLeaderElection(134)) - 2fd12e45-5261-4e74-9c65-dcdedcebcdd5: shutdown LeaderElection
2020-07-01 01:40:07,363 [2fd12e45-5261-4e74-9c65-dcdedcebcdd5@group-AB27BD356713-LeaderElection4] INFO  impl.RaftServerImpl (RaftServerImpl.java:setRole(175)) - 2fd12e45-5261-4e74-9c65-dcdedcebcdd5@group-AB27BD356713: changes role from CANDIDATE to LEADER at term 1 for changeToLeader
2020-07-01 01:40:07,350 [0e87e1a8-862d-4038-8503-5ba64ecc883e@group-AB27BD356713-LeaderElection3] INFO  impl.LeaderElection (LeaderElection.java:logAndReturn(61)) - 0e87e1a8-862d-4038-8503-5ba64ecc883e@group-AB27BD356713-LeaderElection3: Election REJECTED; received 2 response(s) [0e87e1a8-862d-4038-8503-5ba64ecc883e<-6047ccc9-2d31-4dc4-ab7e-9fb970240402#0:FAIL-t1, 0e87e1a8-862d-4038-8503-5ba64ecc883e<-2fd12e45-5261-4e74-9c65-dcdedcebcdd5#0:FAIL-t1] and 0 exception(s); 0e87e1a8-862d-4038-8503-5ba64ecc883e@group-AB27BD356713:t1, leader=null, voted=0e87e1a8-862d-4038-8503-5ba64ecc883e, raftlog=0e87e1a8-862d-4038-8503-5ba64ecc883e@group-AB27BD356713-SegmentedRaftLog:OPENED:c-1,f-1,i0, conf=-1: [6047ccc9-2d31-4dc4-ab7e-9fb970240402:172.17.0.2:43531, 2fd12e45-5261-4e74-9c65-dcdedcebcdd5:172.17.0.2:38961, 0e87e1a8-862d-4038-8503-5ba64ecc883e:172.17.0.2:44311], old=null
2020-07-01 01:40:07,350 [Thread-270] INFO  impl.FollowerState (FollowerState.java:run(108)) - 2228b8b0-1bd4-4abc-8be5-fec7aeebcbed@group-3F4429ACDEA2-FollowerState: change to CANDIDATE, lastRpcTime:5069ms, electionTimeout:5067ms
2020-07-01 01:40:07,369 [0e87e1a8-862d-4038-8503-5ba64ecc883e@group-AB27BD356713-LeaderElection3] INFO  impl.RaftServerImpl (RaftServerImpl.java:setRole(175)) - 0e87e1a8-862d-4038-8503-5ba64ecc883e@group-AB27BD356713: changes role from CANDIDATE to FOLLOWER at term 1 for DISCOVERED_A_NEW_TERM
2020-07-01 01:40:07,370 [0e87e1a8-862d-4038-8503-5ba64ecc883e@group-AB27BD356713-LeaderElection3] INFO  impl.RoleInfo (RoleInfo.java:shutdownLeaderElection(134)) - 0e87e1a8-862d-4038-8503-5ba64ecc883e: shutdown LeaderElection
2020-07-01 01:40:07,370 [0e87e1a8-862d-4038-8503-5ba64ecc883e@group-AB27BD356713-LeaderElection3] INFO  impl.RoleInfo (RoleInfo.java:updateAndGet(143)) - 0e87e1a8-862d-4038-8503-5ba64ecc883e: start FollowerState
2020-07-01 01:40:07,368 [6047ccc9-2d31-4dc4-ab7e-9fb970240402@group-AB27BD356713-LeaderElection5] INFO  impl.LeaderElection (LeaderElection.java:logAndReturn(61)) - 6047ccc9-2d31-4dc4-ab7e-9fb970240402@group-AB27BD356713-LeaderElection5: Election REJECTED; received 0 response(s) [] and 0 exception(s); 6047ccc9-2d31-4dc4-ab7e-9fb970240402@group-AB27BD356713:t2, leader=null, voted=6047ccc9-2d31-4dc4-ab7e-9fb970240402, raftlog=6047ccc9-2d31-4dc4-ab7e-9fb970240402@group-AB27BD356713-SegmentedRaftLog:OPENED:c-1,f-1,i0, conf=-1: [6047ccc9-2d31-4dc4-ab7e-9fb970240402:172.17.0.2:43531, 2fd12e45-5261-4e74-9c65-dcdedcebcdd5:172.17.0.2:38961, 0e87e1a8-862d-4038-8503-5ba64ecc883e:172.17.0.2:44311], old=null
2020-07-01 01:40:07,363 [2fd12e45-5261-4e74-9c65-dcdedcebcdd5@group-AB27BD356713-LeaderElection4] INFO  ratis.XceiverServerRatis (XceiverServerRatis.java:handleLeaderChangedNotification(762)) - Leader change notification received for group: group-AB27BD356713 with new leaderId: 2fd12e45-5261-4e74-9c65-dcdedcebcdd5
2020-07-01 01:40:07,371 [6047ccc9-2d31-4dc4-ab7e-9fb970240402@group-B55C23691C28-LeaderElection7] INFO  impl.LeaderElection (LeaderElection.java:askForVotes(206)) - 6047ccc9-2d31-4dc4-ab7e-9fb970240402@group-B55C23691C28-LeaderElection7: begin an election at term 1 for -1: [6047ccc9-2d31-4dc4-ab7e-9fb970240402:172.17.0.2:43531], old=null
2020-07-01 01:40:07,362 [Thread-272] INFO  impl.FollowerState (FollowerState.java:run(108)) - 73a3d22a-588b-4473-8061-4380f2d261cd@group-B54800ED42C7-FollowerState: change to CANDIDATE, lastRpcTime:5064ms, electionTimeout:5064ms
2020-07-01 01:40:07,356 [2228b8b0-1bd4-4abc-8be5-fec7aeebcbed@group-AFC6353296EE-LeaderElection6] INFO  impl.RaftServerImpl (RaftServerImpl.java:setRole(175)) - 2228b8b0-1bd4-4abc-8be5-fec7aeebcbed@group-AFC6353296EE: changes role from CANDIDATE to LEADER at term 1 for changeToLeader
2020-07-01 01:40:07,375 [2228b8b0-1bd4-4abc-8be5-fec7aeebcbed@group-AFC6353296EE-LeaderElection6] INFO  ratis.XceiverServerRatis (XceiverServerRatis.java:handleLeaderChangedNotification(762)) - Leader change notification received for group: group-AFC6353296EE with new leaderId: 2228b8b0-1bd4-4abc-8be5-fec7aeebcbed
2020-07-01 01:40:07,375 [Thread-272] INFO  impl.RoleInfo (RoleInfo.java:shutdownFollowerState(121)) - 73a3d22a-588b-4473-8061-4380f2d261cd: shutdown FollowerState
2020-07-01 01:40:07,375 [Thread-272] INFO  impl.RaftServerImpl (RaftServerImpl.java:setRole(175)) - 73a3d22a-588b-4473-8061-4380f2d261cd@group-B54800ED42C7: changes role from  FOLLOWER to CANDIDATE at term 0 for changeToCandidate
2020-07-01 01:40:07,375 [Thread-272] INFO  impl.RoleInfo (RoleInfo.java:updateAndGet(143)) - 73a3d22a-588b-4473-8061-4380f2d261cd: start LeaderElection
2020-07-01 01:40:07,374 [6047ccc9-2d31-4dc4-ab7e-9fb970240402@group-B55C23691C28-LeaderElection7] INFO  impl.RoleInfo (RoleInfo.java:shutdownLeaderElection(134)) - 6047ccc9-2d31-4dc4-ab7e-9fb970240402: shutdown LeaderElection
2020-07-01 01:40:07,375 [6047ccc9-2d31-4dc4-ab7e-9fb970240402@group-B55C23691C28-LeaderElection7] INFO  impl.RaftServerImpl (RaftServerImpl.java:setRole(175)) - 6047ccc9-2d31-4dc4-ab7e-9fb970240402@group-B55C23691C28: changes role from CANDIDATE to LEADER at term 1 for changeToLeader
2020-07-01 01:40:07,375 [6047ccc9-2d31-4dc4-ab7e-9fb970240402@group-B55C23691C28-LeaderElection7] INFO  ratis.XceiverServerRatis (XceiverServerRatis.java:handleLeaderChangedNotification(762)) - Leader change notification received for group: group-B55C23691C28 with new leaderId: 6047ccc9-2d31-4dc4-ab7e-9fb970240402
2020-07-01 01:40:07,371 [2fd12e45-5261-4e74-9c65-dcdedcebcdd5@group-AB27BD356713-LeaderElection4] INFO  impl.RaftServerImpl (ServerState.java:setLeader(255)) - 2fd12e45-5261-4e74-9c65-dcdedcebcdd5@group-AB27BD356713: change Leader from null to 2fd12e45-5261-4e74-9c65-dcdedcebcdd5 at term 1 for becomeLeader, leader elected after 5274ms
2020-07-01 01:40:07,369 [grpc-default-executor-2] DEBUG impl.RaftServerImpl (RaftServerImpl.java:requestVote(821)) - 2fd12e45-5261-4e74-9c65-dcdedcebcdd5@group-AB27BD356713: receive requestVote(6047ccc9-2d31-4dc4-ab7e-9fb970240402, group-AB27BD356713, 2, (t:0, i:0))
2020-07-01 01:40:07,369 [Thread-270] INFO  impl.RoleInfo (RoleInfo.java:shutdownFollowerState(121)) - 2228b8b0-1bd4-4abc-8be5-fec7aeebcbed: shutdown FollowerState
2020-07-01 01:40:07,376 [Thread-270] INFO  impl.RaftServerImpl (RaftServerImpl.java:setRole(175)) - 2228b8b0-1bd4-4abc-8be5-fec7aeebcbed@group-3F4429ACDEA2: changes role from  FOLLOWER to CANDIDATE at term 0 for changeToCandidate
2020-07-01 01:40:07,375 [2fd12e45-5261-4e74-9c65-dcdedcebcdd5@group-AB27BD356713-LeaderElection4] INFO  server.RaftServerConfigKeys (ConfUtils.java:logGet(44)) - raft.server.staging.catchup.gap = 1000 (default)
2020-07-01 01:40:07,375 [2228b8b0-1bd4-4abc-8be5-fec7aeebcbed@group-AFC6353296EE-LeaderElection6] INFO  impl.RaftServerImpl (ServerState.java:setLeader(255)) - 2228b8b0-1bd4-4abc-8be5-fec7aeebcbed@group-AFC6353296EE: change Leader from null to 2228b8b0-1bd4-4abc-8be5-fec7aeebcbed at term 1 for becomeLeader, leader elected after 5199ms
2020-07-01 01:40:07,376 [2228b8b0-1bd4-4abc-8be5-fec7aeebcbed@group-AFC6353296EE-LeaderElection6] INFO  server.RaftServerConfigKeys (ConfUtils.java:logGet(44)) - raft.server.staging.catchup.gap = 1000 (default)
2020-07-01 01:40:07,376 [2228b8b0-1bd4-4abc-8be5-fec7aeebcbed@group-AFC6353296EE-LeaderElection6] INFO  server.RaftServerConfigKeys (ConfUtils.java:logGet(44)) - raft.server.rpc.sleep.time = 25ms (default)
2020-07-01 01:40:07,376 [2fd12e45-5261-4e74-9c65-dcdedcebcdd5@group-AB27BD356713-LeaderElection4] INFO  server.RaftServerConfigKeys (ConfUtils.java:logGet(44)) - raft.server.rpc.sleep.time = 25ms (default)
2020-07-01 01:40:07,380 [EventQueue-PipelineReportForPipelineReportHandler] INFO  pipeline.PipelineStateManager (PipelineStateManager.java:openPipeline(131)) - Pipeline Pipeline[ Id: b37d36ce-baae-4bb5-9fd1-ab27bd356713, Nodes: 2fd12e45-5261-4e74-9c65-dcdedcebcdd5{ip: 172.17.0.2, host: 51ddc7c4698f, networkLocation: /default-rack, certSerialId: null}6047ccc9-2d31-4dc4-ab7e-9fb970240402{ip: 172.17.0.2, host: 51ddc7c4698f, networkLocation: /default-rack, certSerialId: null}0e87e1a8-862d-4038-8503-5ba64ecc883e{ip: 172.17.0.2, host: 51ddc7c4698f, networkLocation: /default-rack, certSerialId: null}, Type:RATIS, Factor:THREE, State:ALLOCATED, leaderId:2fd12e45-5261-4e74-9c65-dcdedcebcdd5, CreationTimestamp2020-07-01T01:39:59.062Z] moved to OPEN state
2020-07-01 01:40:07,381 [2fd12e45-5261-4e74-9c65-dcdedcebcdd5@group-AB27BD356713-LeaderElection4] INFO  metrics.RatisMetrics (RatisMetrics.java:lambda$create$0(36)) - Creating Metrics Registry : ratis.log_appender.2fd12e45-5261-4e74-9c65-dcdedcebcdd5@group-AB27BD356713
2020-07-01 01:40:07,381 [2fd12e45-5261-4e74-9c65-dcdedcebcdd5@group-AB27BD356713-LeaderElection4] INFO  server.RaftServerConfigKeys (ConfUtils.java:logGet(44)) - raft.server.write.element-limit = 1024 (custom)
2020-07-01 01:40:07,381 [2fd12e45-5261-4e74-9c65-dcdedcebcdd5@group-AB27BD356713-LeaderElection4] INFO  server.RaftServerConfigKeys (ConfUtils.java:logGet(44)) - raft.server.write.byte-limit = 1073741824 (custom)
2020-07-01 01:40:07,381 [EventQueue-OpenPipelineForHealthyPipelineSafeModeRule] INFO  safemode.SCMSafeModeManager (HealthyPipelineSafeModeRule.java:process(129)) - SCM in safe mode. Healthy pipelines reported count is 1, required healthy pipeline reported count is 1
2020-07-01 01:40:07,383 [6047ccc9-2d31-4dc4-ab7e-9fb970240402@group-B55C23691C28-LeaderElection7] INFO  impl.RaftServerImpl (ServerState.java:setLeader(255)) - 6047ccc9-2d31-4dc4-ab7e-9fb970240402@group-B55C23691C28: change Leader from null to 6047ccc9-2d31-4dc4-ab7e-9fb970240402 at term 1 for becomeLeader, leader elected after 5272ms
2020-07-01 01:40:07,382 [Thread-270] INFO  impl.RoleInfo (RoleInfo.java:updateAndGet(143)) - 2228b8b0-1bd4-4abc-8be5-fec7aeebcbed: start LeaderElection
2020-07-01 01:40:07,381 [2228b8b0-1bd4-4abc-8be5-fec7aeebcbed@group-AFC6353296EE-LeaderElection6] INFO  metrics.RatisMetrics (RatisMetrics.java:lambda$create$0(36)) - Creating Metrics Registry : ratis.log_appender.2228b8b0-1bd4-4abc-8be5-fec7aeebcbed@group-AFC6353296EE
2020-07-01 01:40:07,388 [2228b8b0-1bd4-4abc-8be5-fec7aeebcbed@group-AFC6353296EE-LeaderElection6] INFO  server.RaftServerConfigKeys (ConfUtils.java:logGet(44)) - raft.server.write.element-limit = 1024 (custom)
2020-07-01 01:40:07,388 [2228b8b0-1bd4-4abc-8be5-fec7aeebcbed@group-AFC6353296EE-LeaderElection6] INFO  server.RaftServerConfigKeys (ConfUtils.java:logGet(44)) - raft.server.write.byte-limit = 1073741824 (custom)
2020-07-01 01:40:07,388 [2228b8b0-1bd4-4abc-8be5-fec7aeebcbed@group-AFC6353296EE-LeaderElection6] INFO  server.RaftServerConfigKeys (ConfUtils.java:logGet(44)) - raft.server.watch.timeout = 3s (custom)
2020-07-01 01:40:07,388 [2228b8b0-1bd4-4abc-8be5-fec7aeebcbed@group-AFC6353296EE-LeaderElection6] INFO  server.RaftServerConfigKeys (ConfUtils.java:logGet(44)) - raft.server.watch.timeout.denomination = 1s (default)
2020-07-01 01:40:07,388 [2228b8b0-1bd4-4abc-8be5-fec7aeebcbed@group-AFC6353296EE-LeaderElection6] INFO  server.RaftServerConfigKeys (ConfUtils.java:logGet(44)) - raft.server.watch.element-limit = 65536 (default)
2020-07-01 01:40:07,381 [2fd12e45-5261-4e74-9c65-dcdedcebcdd5@group-AB27BD356713-LeaderElection4] INFO  server.RaftServerConfigKeys (ConfUtils.java:logGet(44)) - raft.server.watch.timeout = 3s (custom)
2020-07-01 01:40:07,381 [EventQueue-OpenPipelineForOneReplicaPipelineSafeModeRule] INFO  safemode.SCMSafeModeManager (SCMSafeModeManager.java:validateSafeModeExitRules(214)) - AtleastOneDatanodeReportedRule rule is successfully validated
2020-07-01 01:40:07,391 [2fd12e45-5261-4e74-9c65-dcdedcebcdd5@group-AB27BD356713-LeaderElection4] INFO  server.RaftServerConfigKeys (ConfUtils.java:logGet(44)) - raft.server.watch.timeout.denomination = 1s (default)
2020-07-01 01:40:07,391 [2fd12e45-5261-4e74-9c65-dcdedcebcdd5@group-AB27BD356713-LeaderElection4] INFO  server.RaftServerConfigKeys (ConfUtils.java:logGet(44)) - raft.server.watch.element-limit = 65536 (default)
2020-07-01 01:40:07,390 [2228b8b0-1bd4-4abc-8be5-fec7aeebcbed@group-AFC6353296EE-LeaderElection6] INFO  impl.RoleInfo (RoleInfo.java:updateAndGet(143)) - 2228b8b0-1bd4-4abc-8be5-fec7aeebcbed: start LeaderState
2020-07-01 01:40:07,392 [2228b8b0-1bd4-4abc-8be5-fec7aeebcbed@group-AFC6353296EE-LeaderElection6] INFO  segmented.SegmentedRaftLogWorker (SegmentedRaftLogWorker.java:startLogSegment(397)) - 2228b8b0-1bd4-4abc-8be5-fec7aeebcbed@group-AFC6353296EE-SegmentedRaftLogWorker: Starting segment from index:0
2020-07-01 01:40:07,388 [6047ccc9-2d31-4dc4-ab7e-9fb970240402@group-B55C23691C28-LeaderElection7] INFO  server.RaftServerConfigKeys (ConfUtils.java:logGet(44)) - raft.server.staging.catchup.gap = 1000 (default)
2020-07-01 01:40:07,392 [6047ccc9-2d31-4dc4-ab7e-9fb970240402@group-B55C23691C28-LeaderElection7] INFO  server.RaftServerConfigKeys (ConfUtils.java:logGet(44)) - raft.server.rpc.sleep.time = 25ms (default)
2020-07-01 01:40:07,391 [EventQueue-OpenPipelineForHealthyPipelineSafeModeRule] INFO  safemode.SCMSafeModeManager (SCMSafeModeManager.java:validateSafeModeExitRules(214)) - HealthyPipelineSafeModeRule rule is successfully validated
2020-07-01 01:40:07,392 [EventQueue-OpenPipelineForHealthyPipelineSafeModeRule] INFO  safemode.SCMSafeModeManager (SCMSafeModeManager.java:validateSafeModeExitRules(228)) - ScmSafeModeManager, all rules are successfully validated
2020-07-01 01:40:07,392 [EventQueue-OpenPipelineForHealthyPipelineSafeModeRule] INFO  safemode.SCMSafeModeManager (SCMSafeModeManager.java:exitSafeMode(257)) - SCM exiting safe mode.
2020-07-01 01:40:07,393 [2fd12e45-5261-4e74-9c65-dcdedcebcdd5@group-AB27BD356713-LeaderElection4] INFO  server.RaftServerConfigKeys (ConfUtils.java:logGet(44)) - raft.server.log.appender.snapshot.chunk.size.max = 16MB (=16777216) (default)
2020-07-01 01:40:07,393 [2fd12e45-5261-4e74-9c65-dcdedcebcdd5@group-AB27BD356713-LeaderElection4] INFO  server.RaftServerConfigKeys (ConfUtils.java:logGet(44)) - raft.server.log.appender.buffer.byte-limit = 33554432 (custom)
2020-07-01 01:40:07,393 [2fd12e45-5261-4e74-9c65-dcdedcebcdd5@group-AB27BD356713-LeaderElection4] INFO  server.RaftServerConfigKeys (ConfUtils.java:logGet(44)) - raft.server.log.appender.buffer.element-limit = 1 (custom)
2020-07-01 01:40:07,395 [73a3d22a-588b-4473-8061-4380f2d261cd@group-B54800ED42C7-LeaderElection8] INFO  impl.LeaderElection (LeaderElection.java:askForVotes(206)) - 73a3d22a-588b-4473-8061-4380f2d261cd@group-B54800ED42C7-LeaderElection8: begin an election at term 1 for -1: [73a3d22a-588b-4473-8061-4380f2d261cd:172.17.0.2:41891], old=null
2020-07-01 01:40:07,395 [73a3d22a-588b-4473-8061-4380f2d261cd@group-B54800ED42C7-LeaderElection8] INFO  impl.RoleInfo (RoleInfo.java:shutdownLeaderElection(134)) - 73a3d22a-588b-4473-8061-4380f2d261cd: shutdown LeaderElection
2020-07-01 01:40:07,395 [73a3d22a-588b-4473-8061-4380f2d261cd@group-B54800ED42C7-LeaderElection8] INFO  impl.RaftServerImpl (RaftServerImpl.java:setRole(175)) - 73a3d22a-588b-4473-8061-4380f2d261cd@group-B54800ED42C7: changes role from CANDIDATE to LEADER at term 1 for changeToLeader
2020-07-01 01:40:07,395 [73a3d22a-588b-4473-8061-4380f2d261cd@group-B54800ED42C7-LeaderElection8] INFO  ratis.XceiverServerRatis (XceiverServerRatis.java:handleLeaderChangedNotification(762)) - Leader change notification received for group: group-B54800ED42C7 with new leaderId: 73a3d22a-588b-4473-8061-4380f2d261cd
2020-07-01 01:40:07,402 [73a3d22a-588b-4473-8061-4380f2d261cd@group-B54800ED42C7-LeaderElection8] INFO  impl.RaftServerImpl (ServerState.java:setLeader(255)) - 73a3d22a-588b-4473-8061-4380f2d261cd@group-B54800ED42C7: change Leader from null to 73a3d22a-588b-4473-8061-4380f2d261cd at term 1 for becomeLeader, leader elected after 5126ms
2020-07-01 01:40:07,402 [73a3d22a-588b-4473-8061-4380f2d261cd@group-B54800ED42C7-LeaderElection8] INFO  server.RaftServerConfigKeys (ConfUtils.java:logGet(44)) - raft.server.staging.catchup.gap = 1000 (default)
2020-07-01 01:40:07,402 [2fd12e45-5261-4e74-9c65-dcdedcebcdd5@group-AB27BD356713-LeaderElection4] INFO  grpc.GrpcConfigKeys (ConfUtils.java:logGet(44)) - raft.grpc.server.leader.outstanding.appends.max = 128 (default)
2020-07-01 01:40:07,402 [73a3d22a-588b-4473-8061-4380f2d261cd@group-B54800ED42C7-LeaderElection8] INFO  server.RaftServerConfigKeys (ConfUtils.java:logGet(44)) - raft.server.rpc.sleep.time = 25ms (default)
2020-07-01 01:40:07,403 [73a3d22a-588b-4473-8061-4380f2d261cd@group-B54800ED42C7-LeaderElection8] INFO  metrics.RatisMetrics (RatisMetrics.java:lambda$create$0(36)) - Creating Metrics Registry : ratis.log_appender.73a3d22a-588b-4473-8061-4380f2d261cd@group-B54800ED42C7
2020-07-01 01:40:07,403 [2fd12e45-5261-4e74-9c65-dcdedcebcdd5@group-AB27BD356713-LeaderElection4] INFO  server.RaftServerConfigKeys (ConfUtils.java:logGet(44)) - raft.server.rpc.request.timeout = 3s (default)
2020-07-01 01:40:07,414 [2fd12e45-5261-4e74-9c65-dcdedcebcdd5@group-AB27BD356713-LeaderElection4] INFO  server.RaftServerConfigKeys (ConfUtils.java:logGet(44)) - raft.server.log.appender.install.snapshot.enabled = false (custom)
2020-07-01 01:40:07,415 [2fd12e45-5261-4e74-9c65-dcdedcebcdd5@group-AB27BD356713-LeaderElection4] INFO  metrics.RatisMetrics (RatisMetrics.java:lambda$create$0(36)) - Creating Metrics Registry : ratis_grpc.log_appender.2fd12e45-5261-4e74-9c65-dcdedcebcdd5@group-AB27BD356713
2020-07-01 01:40:07,403 [6047ccc9-2d31-4dc4-ab7e-9fb970240402@group-B55C23691C28-LeaderElection7] INFO  metrics.RatisMetrics (RatisMetrics.java:lambda$create$0(36)) - Creating Metrics Registry : ratis.log_appender.6047ccc9-2d31-4dc4-ab7e-9fb970240402@group-B55C23691C28
2020-07-01 01:40:07,407 [2228b8b0-1bd4-4abc-8be5-fec7aeebcbed@group-3F4429ACDEA2-LeaderElection9] INFO  impl.LeaderElection (LeaderElection.java:askForVotes(206)) - 2228b8b0-1bd4-4abc-8be5-fec7aeebcbed@group-3F4429ACDEA2-LeaderElection9: begin an election at term 1 for -1: [2228b8b0-1bd4-4abc-8be5-fec7aeebcbed:172.17.0.2:33817, 73a3d22a-588b-4473-8061-4380f2d261cd:172.17.0.2:41891, 173ba019-d60c-431a-ac38-4699cb5a8b68:172.17.0.2:36303], old=null
2020-07-01 01:40:07,415 [73a3d22a-588b-4473-8061-4380f2d261cd@group-B54800ED42C7-LeaderElection8] INFO  server.RaftServerConfigKeys (ConfUtils.java:logGet(44)) - raft.server.write.element-limit = 1024 (custom)
2020-07-01 01:40:07,415 [73a3d22a-588b-4473-8061-4380f2d261cd@group-B54800ED42C7-LeaderElection8] INFO  server.RaftServerConfigKeys (ConfUtils.java:logGet(44)) - raft.server.write.byte-limit = 1073741824 (custom)
2020-07-01 01:40:07,406 [grpc-default-executor-6] DEBUG impl.RaftServerImpl (RaftServerImpl.java:requestVote(821)) - 0e87e1a8-862d-4038-8503-5ba64ecc883e@group-AB27BD356713: receive requestVote(6047ccc9-2d31-4dc4-ab7e-9fb970240402, group-AB27BD356713, 2, (t:0, i:0))
2020-07-01 01:40:07,416 [grpc-default-executor-6] INFO  impl.RaftServerImpl (RaftServerImpl.java:setRole(175)) - 0e87e1a8-862d-4038-8503-5ba64ecc883e@group-AB27BD356713: changes role from  FOLLOWER to FOLLOWER at term 2 for recognizeCandidate:6047ccc9-2d31-4dc4-ab7e-9fb970240402
2020-07-01 01:40:07,416 [grpc-default-executor-6] INFO  impl.RoleInfo (RoleInfo.java:shutdownFollowerState(121)) - 0e87e1a8-862d-4038-8503-5ba64ecc883e: shutdown FollowerState
2020-07-01 01:40:07,404 [2228b8b0-1bd4-4abc-8be5-fec7aeebcbed@group-AFC6353296EE-LeaderElection6] INFO  impl.RaftServerImpl (ServerState.java:setRaftConf(356)) - 2228b8b0-1bd4-4abc-8be5-fec7aeebcbed@group-AFC6353296EE: set configuration 0: [2228b8b0-1bd4-4abc-8be5-fec7aeebcbed:172.17.0.2:33817], old=null at 0
2020-07-01 01:40:07,415 [73a3d22a-588b-4473-8061-4380f2d261cd@group-B54800ED42C7-LeaderElection8] INFO  server.RaftServerConfigKeys (ConfUtils.java:logGet(44)) - raft.server.watch.timeout = 3s (custom)
2020-07-01 01:40:07,416 [73a3d22a-588b-4473-8061-4380f2d261cd@group-B54800ED42C7-LeaderElection8] INFO  server.RaftServerConfigKeys (ConfUtils.java:logGet(44)) - raft.server.watch.timeout.denomination = 1s (default)
2020-07-01 01:40:07,416 [73a3d22a-588b-4473-8061-4380f2d261cd@group-B54800ED42C7-LeaderElection8] INFO  server.RaftServerConfigKeys (ConfUtils.java:logGet(44)) - raft.server.watch.element-limit = 65536 (default)
2020-07-01 01:40:07,416 [6047ccc9-2d31-4dc4-ab7e-9fb970240402@group-B55C23691C28-LeaderElection7] INFO  server.RaftServerConfigKeys (ConfUtils.java:logGet(44)) - raft.server.write.element-limit = 1024 (custom)
2020-07-01 01:40:07,416 [6047ccc9-2d31-4dc4-ab7e-9fb970240402@group-B55C23691C28-LeaderElection7] INFO  server.RaftServerConfigKeys (ConfUtils.java:logGet(44)) - raft.server.write.byte-limit = 1073741824 (custom)
2020-07-01 01:40:07,416 [73a3d22a-588b-4473-8061-4380f2d261cd@group-B54800ED42C7-LeaderElection8] INFO  impl.RoleInfo (RoleInfo.java:updateAndGet(143)) - 73a3d22a-588b-4473-8061-4380f2d261cd: start LeaderState
2020-07-01 01:40:07,417 [6047ccc9-2d31-4dc4-ab7e-9fb970240402@group-B55C23691C28-LeaderElection7] INFO  server.RaftServerConfigKeys (ConfUtils.java:logGet(44)) - raft.server.watch.timeout = 3s (custom)
2020-07-01 01:40:07,417 [6047ccc9-2d31-4dc4-ab7e-9fb970240402@group-B55C23691C28-LeaderElection7] INFO  server.RaftServerConfigKeys (ConfUtils.java:logGet(44)) - raft.server.watch.timeout.denomination = 1s (default)
2020-07-01 01:40:07,417 [73a3d22a-588b-4473-8061-4380f2d261cd@group-B54800ED42C7-LeaderElection8] INFO  segmented.SegmentedRaftLogWorker (SegmentedRaftLogWorker.java:startLogSegment(397)) - 73a3d22a-588b-4473-8061-4380f2d261cd@group-B54800ED42C7-SegmentedRaftLogWorker: Starting segment from index:0
2020-07-01 01:40:07,417 [6047ccc9-2d31-4dc4-ab7e-9fb970240402@group-B55C23691C28-LeaderElection7] INFO  server.RaftServerConfigKeys (ConfUtils.java:logGet(44)) - raft.server.watch.element-limit = 65536 (default)
2020-07-01 01:40:07,417 [6047ccc9-2d31-4dc4-ab7e-9fb970240402@group-B55C23691C28-LeaderElection7] INFO  impl.RoleInfo (RoleInfo.java:updateAndGet(143)) - 6047ccc9-2d31-4dc4-ab7e-9fb970240402: start LeaderState
2020-07-01 01:40:07,417 [6047ccc9-2d31-4dc4-ab7e-9fb970240402@group-B55C23691C28-LeaderElection7] INFO  segmented.SegmentedRaftLogWorker (SegmentedRaftLogWorker.java:startLogSegment(397)) - 6047ccc9-2d31-4dc4-ab7e-9fb970240402@group-B55C23691C28-SegmentedRaftLogWorker: Starting segment from index:0
2020-07-01 01:40:07,420 [2fd12e45-5261-4e74-9c65-dcdedcebcdd5@group-AB27BD356713-LeaderElection4] INFO  server.RaftServerConfigKeys (ConfUtils.java:logGet(44)) - raft.server.log.appender.snapshot.chunk.size.max = 16MB (=16777216) (default)
2020-07-01 01:40:07,420 [2fd12e45-5261-4e74-9c65-dcdedcebcdd5@group-AB27BD356713-LeaderElection4] INFO  server.RaftServerConfigKeys (ConfUtils.java:logGet(44)) - raft.server.log.appender.buffer.byte-limit = 33554432 (custom)
2020-07-01 01:40:07,420 [2fd12e45-5261-4e74-9c65-dcdedcebcdd5@group-AB27BD356713-LeaderElection4] INFO  server.RaftServerConfigKeys (ConfUtils.java:logGet(44)) - raft.server.log.appender.buffer.element-limit = 1 (custom)
2020-07-01 01:40:07,421 [2fd12e45-5261-4e74-9c65-dcdedcebcdd5@group-AB27BD356713-LeaderElection4] INFO  grpc.GrpcConfigKeys (ConfUtils.java:logGet(44)) - raft.grpc.server.leader.outstanding.appends.max = 128 (default)
2020-07-01 01:40:07,421 [2fd12e45-5261-4e74-9c65-dcdedcebcdd5@group-AB27BD356713-LeaderElection4] INFO  server.RaftServerConfigKeys (ConfUtils.java:logGet(44)) - raft.server.rpc.request.timeout = 3s (default)
2020-07-01 01:40:07,421 [2fd12e45-5261-4e74-9c65-dcdedcebcdd5@group-AB27BD356713-LeaderElection4] INFO  server.RaftServerConfigKeys (ConfUtils.java:logGet(44)) - raft.server.log.appender.install.snapshot.enabled = false (custom)
2020-07-01 01:40:07,423 [2fd12e45-5261-4e74-9c65-dcdedcebcdd5@group-AB27BD356713-LeaderElection4] INFO  impl.RoleInfo (RoleInfo.java:updateAndGet(143)) - 2fd12e45-5261-4e74-9c65-dcdedcebcdd5: start LeaderState
2020-07-01 01:40:07,425 [2fd12e45-5261-4e74-9c65-dcdedcebcdd5@group-AB27BD356713-LeaderElection4] INFO  segmented.SegmentedRaftLogWorker (SegmentedRaftLogWorker.java:startLogSegment(397)) - 2fd12e45-5261-4e74-9c65-dcdedcebcdd5@group-AB27BD356713-SegmentedRaftLogWorker: Starting segment from index:0
2020-07-01 01:40:07,434 [6047ccc9-2d31-4dc4-ab7e-9fb970240402@group-B55C23691C28-LeaderElection7] INFO  impl.RaftServerImpl (ServerState.java:setRaftConf(356)) - 6047ccc9-2d31-4dc4-ab7e-9fb970240402@group-B55C23691C28: set configuration 0: [6047ccc9-2d31-4dc4-ab7e-9fb970240402:172.17.0.2:43531], old=null at 0
2020-07-01 01:40:07,439 [grpc-default-executor-6] INFO  impl.RoleInfo (RoleInfo.java:updateAndGet(143)) - 0e87e1a8-862d-4038-8503-5ba64ecc883e: start FollowerState
2020-07-01 01:40:07,439 [Thread-326] INFO  impl.FollowerState (FollowerState.java:run(117)) - 0e87e1a8-862d-4038-8503-5ba64ecc883e@group-AB27BD356713-FollowerState was interrupted: java.lang.InterruptedException: sleep interrupted
2020-07-01 01:40:07,441 [0e87e1a8-862d-4038-8503-5ba64ecc883e@group-EFEA6DCF6E73-SegmentedRaftLogWorker] INFO  segmented.SegmentedRaftLogWorker (SegmentedRaftLogWorker.java:execute(596)) - 0e87e1a8-862d-4038-8503-5ba64ecc883e@group-EFEA6DCF6E73-SegmentedRaftLogWorker: created new log segment /github/workspace/mnt/ozone/hadoop-ozone/integration-test/target/test-dir/MiniOzoneClusterImpl-1f0cff23-21f0-432d-9716-db38e1d74a84/datanode-1/data/ratis/80d7c221-2990-4e22-81a9-efea6dcf6e73/current/log_inprogress_0
2020-07-01 01:40:07,441 [73a3d22a-588b-4473-8061-4380f2d261cd@group-B54800ED42C7-SegmentedRaftLogWorker] INFO  segmented.SegmentedRaftLogWorker (SegmentedRaftLogWorker.java:execute(596)) - 73a3d22a-588b-4473-8061-4380f2d261cd@group-B54800ED42C7-SegmentedRaftLogWorker: created new log segment /github/workspace/mnt/ozone/hadoop-ozone/integration-test/target/test-dir/MiniOzoneClusterImpl-1f0cff23-21f0-432d-9716-db38e1d74a84/datanode-4/data/ratis/f013a7ac-e82f-469d-898c-b54800ed42c7/current/log_inprogress_0
2020-07-01 01:40:07,448 [6047ccc9-2d31-4dc4-ab7e-9fb970240402@group-B55C23691C28-SegmentedRaftLogWorker] INFO  segmented.SegmentedRaftLogWorker (SegmentedRaftLogWorker.java:execute(596)) - 6047ccc9-2d31-4dc4-ab7e-9fb970240402@group-B55C23691C28-SegmentedRaftLogWorker: created new log segment /github/workspace/mnt/ozone/hadoop-ozone/integration-test/target/test-dir/MiniOzoneClusterImpl-1f0cff23-21f0-432d-9716-db38e1d74a84/datanode-2/data/ratis/ec766238-2a58-49ca-9dec-b55c23691c28/current/log_inprogress_0
2020-07-01 01:40:07,444 [2fd12e45-5261-4e74-9c65-dcdedcebcdd5@group-E545D14EB332-SegmentedRaftLogWorker] INFO  segmented.SegmentedRaftLogWorker (SegmentedRaftLogWorker.java:execute(596)) - 2fd12e45-5261-4e74-9c65-dcdedcebcdd5@group-E545D14EB332-SegmentedRaftLogWorker: created new log segment /github/workspace/mnt/ozone/hadoop-ozone/integration-test/target/test-dir/MiniOzoneClusterImpl-1f0cff23-21f0-432d-9716-db38e1d74a84/datanode-0/data/ratis/25942eba-13d8-409c-8cae-e545d14eb332/current/log_inprogress_0
2020-07-01 01:40:07,444 [2228b8b0-1bd4-4abc-8be5-fec7aeebcbed@group-AFC6353296EE-SegmentedRaftLogWorker] INFO  segmented.SegmentedRaftLogWorker (SegmentedRaftLogWorker.java:execute(596)) - 2228b8b0-1bd4-4abc-8be5-fec7aeebcbed@group-AFC6353296EE-SegmentedRaftLogWorker: created new log segment /github/workspace/mnt/ozone/hadoop-ozone/integration-test/target/test-dir/MiniOzoneClusterImpl-1f0cff23-21f0-432d-9716-db38e1d74a84/datanode-3/data/ratis/ae86d5e6-5019-473c-a0bd-afc6353296ee/current/log_inprogress_0
2020-07-01 01:40:07,453 [73a3d22a-588b-4473-8061-4380f2d261cd@group-B54800ED42C7-LeaderElection8] INFO  impl.RaftServerImpl (ServerState.java:setRaftConf(356)) - 73a3d22a-588b-4473-8061-4380f2d261cd@group-B54800ED42C7: set configuration 0: [73a3d22a-588b-4473-8061-4380f2d261cd:172.17.0.2:41891], old=null at 0
2020-07-01 01:40:07,455 [Thread-274] INFO  impl.FollowerState (FollowerState.java:run(108)) - 73a3d22a-588b-4473-8061-4380f2d261cd@group-3F4429ACDEA2-FollowerState: change to CANDIDATE, lastRpcTime:5125ms, electionTimeout:5111ms
2020-07-01 01:40:07,456 [Thread-274] INFO  impl.RoleInfo (RoleInfo.java:shutdownFollowerState(121)) - 73a3d22a-588b-4473-8061-4380f2d261cd: shutdown FollowerState
2020-07-01 01:40:07,456 [Thread-274] INFO  impl.RaftServerImpl (RaftServerImpl.java:setRole(175)) - 73a3d22a-588b-4473-8061-4380f2d261cd@group-3F4429ACDEA2: changes role from  FOLLOWER to CANDIDATE at term 0 for changeToCandidate
2020-07-01 01:40:07,455 [grpc-default-executor-6] DEBUG impl.RaftServerImpl (RaftServerImpl.java:requestVote(853)) - 0e87e1a8-862d-4038-8503-5ba64ecc883e@group-AB27BD356713 replies to vote request: 6047ccc9-2d31-4dc4-ab7e-9fb970240402<-0e87e1a8-862d-4038-8503-5ba64ecc883e#0:OK-t2. Peer's state: 0e87e1a8-862d-4038-8503-5ba64ecc883e@group-AB27BD356713:t2, leader=null, voted=6047ccc9-2d31-4dc4-ab7e-9fb970240402, raftlog=0e87e1a8-862d-4038-8503-5ba64ecc883e@group-AB27BD356713-SegmentedRaftLog:OPENED:c-1,f-1,i0, conf=-1: [6047ccc9-2d31-4dc4-ab7e-9fb970240402:172.17.0.2:43531, 2fd12e45-5261-4e74-9c65-dcdedcebcdd5:172.17.0.2:38961, 0e87e1a8-862d-4038-8503-5ba64ecc883e:172.17.0.2:44311], old=null
2020-07-01 01:40:07,458 [2fd12e45-5261-4e74-9c65-dcdedcebcdd5@group-AB27BD356713-SegmentedRaftLogWorker] INFO  segmented.SegmentedRaftLogWorker (SegmentedRaftLogWorker.java:execute(596)) - 2fd12e45-5261-4e74-9c65-dcdedcebcdd5@group-AB27BD356713-SegmentedRaftLogWorker: created new log segment /github/workspace/mnt/ozone/hadoop-ozone/integration-test/target/test-dir/MiniOzoneClusterImpl-1f0cff23-21f0-432d-9716-db38e1d74a84/datanode-0/data/ratis/b37d36ce-baae-4bb5-9fd1-ab27bd356713/current/log_inprogress_0
2020-07-01 01:40:07,466 [Thread-280] INFO  impl.FollowerState (FollowerState.java:run(108)) - 4a250b03-fc0c-4fc6-b3de-35498431563c@group-DFCED8E99A6D-FollowerState: change to CANDIDATE, lastRpcTime:5018ms, electionTimeout:5012ms
2020-07-01 01:40:07,468 [grpc-default-executor-7] DEBUG impl.RaftServerImpl (RaftServerImpl.java:requestVote(821)) - 173ba019-d60c-431a-ac38-4699cb5a8b68@group-3F4429ACDEA2: receive requestVote(2228b8b0-1bd4-4abc-8be5-fec7aeebcbed, group-3F4429ACDEA2, 1, (t:0, i:0))
2020-07-01 01:40:07,468 [Thread-274] INFO  impl.RoleInfo (RoleInfo.java:updateAndGet(143)) - 73a3d22a-588b-4473-8061-4380f2d261cd: start LeaderElection
2020-07-01 01:40:07,468 [grpc-default-executor-4] DEBUG impl.RaftServerImpl (RaftServerImpl.java:requestVote(821)) - 73a3d22a-588b-4473-8061-4380f2d261cd@group-3F4429ACDEA2: receive requestVote(2228b8b0-1bd4-4abc-8be5-fec7aeebcbed, group-3F4429ACDEA2, 1, (t:0, i:0))
2020-07-01 01:40:07,466 [2fd12e45-5261-4e74-9c65-dcdedcebcdd5@group-AB27BD356713-LeaderElection4] INFO  impl.RaftServerImpl (ServerState.java:setRaftConf(356)) - 2fd12e45-5261-4e74-9c65-dcdedcebcdd5@group-AB27BD356713: set configuration 0: [6047ccc9-2d31-4dc4-ab7e-9fb970240402:172.17.0.2:43531, 2fd12e45-5261-4e74-9c65-dcdedcebcdd5:172.17.0.2:38961, 0e87e1a8-862d-4038-8503-5ba64ecc883e:172.17.0.2:44311], old=null at 0
2020-07-01 01:40:07,469 [Thread-280] INFO  impl.RoleInfo (RoleInfo.java:shutdownFollowerState(121)) - 4a250b03-fc0c-4fc6-b3de-35498431563c: shutdown FollowerState
2020-07-01 01:40:07,469 [Thread-280] INFO  impl.RaftServerImpl (RaftServerImpl.java:setRole(175)) - 4a250b03-fc0c-4fc6-b3de-35498431563c@group-DFCED8E99A6D: changes role from  FOLLOWER to CANDIDATE at term 0 for changeToCandidate
2020-07-01 01:40:07,478 [Thread-280] INFO  impl.RoleInfo (RoleInfo.java:updateAndGet(143)) - 4a250b03-fc0c-4fc6-b3de-35498431563c: start LeaderElection
2020-07-01 01:40:07,478 [grpc-default-executor-7] INFO  impl.RaftServerImpl (RaftServerImpl.java:setRole(175)) - 173ba019-d60c-431a-ac38-4699cb5a8b68@group-3F4429ACDEA2: changes role from  FOLLOWER to FOLLOWER at term 1 for recognizeCandidate:2228b8b0-1bd4-4abc-8be5-fec7aeebcbed
2020-07-01 01:40:07,479 [grpc-default-executor-7] INFO  impl.RoleInfo (RoleInfo.java:shutdownFollowerState(121)) - 173ba019-d60c-431a-ac38-4699cb5a8b68: shutdown FollowerState
2020-07-01 01:40:07,482 [grpc-default-executor-4] INFO  impl.RaftServerImpl (RaftServerImpl.java:setRole(175)) - 73a3d22a-588b-4473-8061-4380f2d261cd@group-3F4429ACDEA2: changes role from CANDIDATE to FOLLOWER at term 1 for recognizeCandidate:2228b8b0-1bd4-4abc-8be5-fec7aeebcbed
2020-07-01 01:40:07,483 [grpc-default-executor-7] INFO  impl.RoleInfo (RoleInfo.java:updateAndGet(143)) - 173ba019-d60c-431a-ac38-4699cb5a8b68: start FollowerState
2020-07-01 01:40:07,483 [grpc-default-executor-4] INFO  impl.RoleInfo (RoleInfo.java:shutdownLeaderElection(134)) - 73a3d22a-588b-4473-8061-4380f2d261cd: shutdown LeaderElection
2020-07-01 01:40:07,483 [Thread-278] INFO  impl.FollowerState (FollowerState.java:run(117)) - 173ba019-d60c-431a-ac38-4699cb5a8b68@group-3F4429ACDEA2-FollowerState was interrupted: java.lang.InterruptedException: sleep interrupted
2020-07-01 01:40:07,487 [grpc-default-executor-4] INFO  impl.RoleInfo (RoleInfo.java:updateAndGet(143)) - 73a3d22a-588b-4473-8061-4380f2d261cd: start FollowerState
2020-07-01 01:40:07,488 [grpc-default-executor-2] INFO  impl.RaftServerImpl (ServerState.java:setLeader(255)) - 2fd12e45-5261-4e74-9c65-dcdedcebcdd5@group-AB27BD356713: change Leader from 2fd12e45-5261-4e74-9c65-dcdedcebcdd5 to null at term 2 for updateCurrentTerm
2020-07-01 01:40:07,488 [grpc-default-executor-2] INFO  impl.RaftServerImpl (RaftServerImpl.java:setRole(175)) - 2fd12e45-5261-4e74-9c65-dcdedcebcdd5@group-AB27BD356713: changes role from    LEADER to FOLLOWER at term 2 for recognizeCandidate:6047ccc9-2d31-4dc4-ab7e-9fb970240402
2020-07-01 01:40:07,488 [grpc-default-executor-2] INFO  impl.RoleInfo (RoleInfo.java:shutdownLeaderState(104)) - 2fd12e45-5261-4e74-9c65-dcdedcebcdd5: shutdown LeaderState
2020-07-01 01:40:07,489 [Thread-282] INFO  impl.FollowerState (FollowerState.java:run(108)) - 4a250b03-fc0c-4fc6-b3de-35498431563c@group-EDC9AD94D6A7-FollowerState: change to CANDIDATE, lastRpcTime:5009ms, electionTimeout:5008ms
2020-07-01 01:40:07,489 [Thread-282] INFO  impl.RoleInfo (RoleInfo.java:shutdownFollowerState(121)) - 4a250b03-fc0c-4fc6-b3de-35498431563c: shutdown FollowerState
2020-07-01 01:40:07,489 [Thread-282] INFO  impl.RaftServerImpl (RaftServerImpl.java:setRole(175)) - 4a250b03-fc0c-4fc6-b3de-35498431563c@group-EDC9AD94D6A7: changes role from  FOLLOWER to CANDIDATE at term 0 for changeToCandidate
2020-07-01 01:40:07,489 [Thread-282] INFO  impl.RoleInfo (RoleInfo.java:updateAndGet(143)) - 4a250b03-fc0c-4fc6-b3de-35498431563c: start LeaderElection
2020-07-01 01:40:07,489 [grpc-default-executor-4] DEBUG impl.RaftServerImpl (RaftServerImpl.java:requestVote(853)) - 73a3d22a-588b-4473-8061-4380f2d261cd@group-3F4429ACDEA2 replies to vote request: 2228b8b0-1bd4-4abc-8be5-fec7aeebcbed<-73a3d22a-588b-4473-8061-4380f2d261cd#0:FAIL-t1. Peer's state: 73a3d22a-588b-4473-8061-4380f2d261cd@group-3F4429ACDEA2:t1, leader=null, voted=null, raftlog=73a3d22a-588b-4473-8061-4380f2d261cd@group-3F4429ACDEA2-SegmentedRaftLog:OPENED:c-1,f-1,i0, conf=-1: [2228b8b0-1bd4-4abc-8be5-fec7aeebcbed:172.17.0.2:33817, 73a3d22a-588b-4473-8061-4380f2d261cd:172.17.0.2:41891, 173ba019-d60c-431a-ac38-4699cb5a8b68:172.17.0.2:36303], old=null
2020-07-01 01:40:07,490 [grpc-default-executor-2] INFO  metrics.RatisMetrics (RatisMetrics.java:unregister(43)) - Unregistering Metrics Registry : ratis_grpc.log_appender.2fd12e45-5261-4e74-9c65-dcdedcebcdd5@group-AB27BD356713
2020-07-01 01:40:07,491 [73a3d22a-588b-4473-8061-4380f2d261cd@group-3F4429ACDEA2-LeaderElection10] INFO  impl.LeaderElection (LeaderElection.java:askForVotes(206)) - 73a3d22a-588b-4473-8061-4380f2d261cd@group-3F4429ACDEA2-LeaderElection10: begin an election at term 2 for -1: [2228b8b0-1bd4-4abc-8be5-fec7aeebcbed:172.17.0.2:33817, 73a3d22a-588b-4473-8061-4380f2d261cd:172.17.0.2:41891, 173ba019-d60c-431a-ac38-4699cb5a8b68:172.17.0.2:36303], old=null
2020-07-01 01:40:07,496 [grpc-default-executor-2] INFO  metrics.RatisMetrics (RatisMetrics.java:unregister(43)) - Unregistering Metrics Registry : ratis_grpc.log_appender.2fd12e45-5261-4e74-9c65-dcdedcebcdd5@group-AB27BD356713
2020-07-01 01:40:07,496 [org.apache.ratis.server.impl.LogAppender$AppenderDaemon$$Lambda$442/100889871@110c2137] WARN  server.GrpcLogAppender (GrpcLogAppender.java:mayWait(153)) - 2fd12e45-5261-4e74-9c65-dcdedcebcdd5@group-AB27BD356713->6047ccc9-2d31-4dc4-ab7e-9fb970240402-GrpcLogAppender: Wait interrupted by java.lang.InterruptedException
2020-07-01 01:40:07,498 [grpc-default-executor-7] DEBUG impl.RaftServerImpl (RaftServerImpl.java:requestVote(853)) - 173ba019-d60c-431a-ac38-4699cb5a8b68@group-3F4429ACDEA2 replies to vote request: 2228b8b0-1bd4-4abc-8be5-fec7aeebcbed<-173ba019-d60c-431a-ac38-4699cb5a8b68#0:OK-t1. Peer's state: 173ba019-d60c-431a-ac38-4699cb5a8b68@group-3F4429ACDEA2:t1, leader=null, voted=2228b8b0-1bd4-4abc-8be5-fec7aeebcbed, raftlog=173ba019-d60c-431a-ac38-4699cb5a8b68@group-3F4429ACDEA2-SegmentedRaftLog:OPENED:c-1,f-1,i0, conf=-1: [2228b8b0-1bd4-4abc-8be5-fec7aeebcbed:172.17.0.2:33817, 73a3d22a-588b-4473-8061-4380f2d261cd:172.17.0.2:41891, 173ba019-d60c-431a-ac38-4699cb5a8b68:172.17.0.2:36303], old=null
2020-07-01 01:40:07,499 [Listener at 127.0.0.1/36859] INFO  ozone.MiniOzoneClusterImpl (MiniOzoneClusterImpl.java:lambda$waitForClusterToBeReady$0(177)) - Nodes are ready. Got 9 of 9 DN Heartbeats.
2020-07-01 01:40:07,499 [Listener at 127.0.0.1/36859] INFO  ozone.MiniOzoneClusterImpl (MiniOzoneClusterImpl.java:lambda$waitForClusterToBeReady$0(180)) - Cluster exits safe mode
2020-07-01 01:40:07,499 [73a3d22a-588b-4473-8061-4380f2d261cd@group-3F4429ACDEA2-LeaderElection10] INFO  impl.LeaderElection (LeaderElection.java:logAndReturn(61)) - 73a3d22a-588b-4473-8061-4380f2d261cd@group-3F4429ACDEA2-LeaderElection10: Election REJECTED; received 0 response(s) [] and 0 exception(s); 73a3d22a-588b-4473-8061-4380f2d261cd@group-3F4429ACDEA2:t2, leader=null, voted=73a3d22a-588b-4473-8061-4380f2d261cd, raftlog=73a3d22a-588b-4473-8061-4380f2d261cd@group-3F4429ACDEA2-SegmentedRaftLog:OPENED:c-1,f-1,i0, conf=-1: [2228b8b0-1bd4-4abc-8be5-fec7aeebcbed:172.17.0.2:33817, 73a3d22a-588b-4473-8061-4380f2d261cd:172.17.0.2:41891, 173ba019-d60c-431a-ac38-4699cb5a8b68:172.17.0.2:36303], old=null
2020-07-01 01:40:07,504 [2228b8b0-1bd4-4abc-8be5-fec7aeebcbed@group-3F4429ACDEA2-LeaderElection9] INFO  impl.LeaderElection (LeaderElection.java:logAndReturn(61)) - 2228b8b0-1bd4-4abc-8be5-fec7aeebcbed@group-3F4429ACDEA2-LeaderElection9: Election PASSED; received 2 response(s) [2228b8b0-1bd4-4abc-8be5-fec7aeebcbed<-73a3d22a-588b-4473-8061-4380f2d261cd#0:FAIL-t1, 2228b8b0-1bd4-4abc-8be5-fec7aeebcbed<-173ba019-d60c-431a-ac38-4699cb5a8b68#0:OK-t1] and 0 exception(s); 2228b8b0-1bd4-4abc-8be5-fec7aeebcbed@group-3F4429ACDEA2:t1, leader=null, voted=2228b8b0-1bd4-4abc-8be5-fec7aeebcbed, raftlog=2228b8b0-1bd4-4abc-8be5-fec7aeebcbed@group-3F4429ACDEA2-SegmentedRaftLog:OPENED:c-1,f-1,i0, conf=-1: [2228b8b0-1bd4-4abc-8be5-fec7aeebcbed:172.17.0.2:33817, 73a3d22a-588b-4473-8061-4380f2d261cd:172.17.0.2:41891, 173ba019-d60c-431a-ac38-4699cb5a8b68:172.17.0.2:36303], old=null
2020-07-01 01:40:07,504 [2228b8b0-1bd4-4abc-8be5-fec7aeebcbed@group-3F4429ACDEA2-LeaderElection9] INFO  impl.RoleInfo (RoleInfo.java:shutdownLeaderElection(134)) - 2228b8b0-1bd4-4abc-8be5-fec7aeebcbed: shutdown LeaderElection
2020-07-01 01:40:07,504 [2228b8b0-1bd4-4abc-8be5-fec7aeebcbed@group-3F4429ACDEA2-LeaderElection9] INFO  impl.RaftServerImpl (RaftServerImpl.java:setRole(175)) - 2228b8b0-1bd4-4abc-8be5-fec7aeebcbed@group-3F4429ACDEA2: changes role from CANDIDATE to LEADER at term 1 for changeToLeader
2020-07-01 01:40:07,504 [2228b8b0-1bd4-4abc-8be5-fec7aeebcbed@group-3F4429ACDEA2-LeaderElection9] INFO  ratis.XceiverServerRatis (XceiverServerRatis.java:handleLeaderChangedNotification(762)) - Leader change notification received for group: group-3F4429ACDEA2 with new leaderId: 2228b8b0-1bd4-4abc-8be5-fec7aeebcbed
2020-07-01 01:40:07,504 [2228b8b0-1bd4-4abc-8be5-fec7aeebcbed@group-3F4429ACDEA2-LeaderElection9] INFO  impl.RaftServerImpl (ServerState.java:setLeader(255)) - 2228b8b0-1bd4-4abc-8be5-fec7aeebcbed@group-3F4429ACDEA2: change Leader from null to 2228b8b0-1bd4-4abc-8be5-fec7aeebcbed at term 1 for becomeLeader, leader elected after 5245ms
2020-07-01 01:40:07,504 [2228b8b0-1bd4-4abc-8be5-fec7aeebcbed@group-3F4429ACDEA2-LeaderElection9] INFO  server.RaftServerConfigKeys (ConfUtils.java:logGet(44)) - raft.server.staging.catchup.gap = 1000 (default)
2020-07-01 01:40:07,504 [2228b8b0-1bd4-4abc-8be5-fec7aeebcbed@group-3F4429ACDEA2-LeaderElection9] INFO  server.RaftServerConfigKeys (ConfUtils.java:logGet(44)) - raft.server.rpc.sleep.time = 25ms (default)
2020-07-01 01:40:07,504 [2228b8b0-1bd4-4abc-8be5-fec7aeebcbed@group-3F4429ACDEA2-LeaderElection9] INFO  metrics.RatisMetrics (RatisMetrics.java:lambda$create$0(36)) - Creating Metrics Registry : ratis.log_appender.2228b8b0-1bd4-4abc-8be5-fec7aeebcbed@group-3F4429ACDEA2
2020-07-01 01:40:07,504 [2228b8b0-1bd4-4abc-8be5-fec7aeebcbed@group-3F4429ACDEA2-LeaderElection9] INFO  server.RaftServerConfigKeys (ConfUtils.java:logGet(44)) - raft.server.write.element-limit = 1024 (custom)
2020-07-01 01:40:07,505 [2228b8b0-1bd4-4abc-8be5-fec7aeebcbed@group-3F4429ACDEA2-LeaderElection9] INFO  server.RaftServerConfigKeys (ConfUtils.java:logGet(44)) - raft.server.write.byte-limit = 1073741824 (custom)
2020-07-01 01:40:07,505 [2228b8b0-1bd4-4abc-8be5-fec7aeebcbed@group-3F4429ACDEA2-LeaderElection9] INFO  server.RaftServerConfigKeys (ConfUtils.java:logGet(44)) - raft.server.watch.timeout = 3s (custom)
2020-07-01 01:40:07,505 [2228b8b0-1bd4-4abc-8be5-fec7aeebcbed@group-3F4429ACDEA2-LeaderElection9] INFO  server.RaftServerConfigKeys (ConfUtils.java:logGet(44)) - raft.server.watch.timeout.denomination = 1s (default)
2020-07-01 01:40:07,505 [2228b8b0-1bd4-4abc-8be5-fec7aeebcbed@group-3F4429ACDEA2-LeaderElection9] INFO  server.RaftServerConfigKeys (ConfUtils.java:logGet(44)) - raft.server.watch.element-limit = 65536 (default)
2020-07-01 01:40:07,505 [2228b8b0-1bd4-4abc-8be5-fec7aeebcbed@group-3F4429ACDEA2-LeaderElection9] INFO  server.RaftServerConfigKeys (ConfUtils.java:logGet(44)) - raft.server.log.appender.snapshot.chunk.size.max = 16MB (=16777216) (default)
2020-07-01 01:40:07,505 [2228b8b0-1bd4-4abc-8be5-fec7aeebcbed@group-3F4429ACDEA2-LeaderElection9] INFO  server.RaftServerConfigKeys (ConfUtils.java:logGet(44)) - raft.server.log.appender.buffer.byte-limit = 33554432 (custom)
2020-07-01 01:40:07,505 [2228b8b0-1bd4-4abc-8be5-fec7aeebcbed@group-3F4429ACDEA2-LeaderElection9] INFO  server.RaftServerConfigKeys (ConfUtils.java:logGet(44)) - raft.server.log.appender.buffer.element-limit = 1 (custom)
2020-07-01 01:40:07,505 [2228b8b0-1bd4-4abc-8be5-fec7aeebcbed@group-3F4429ACDEA2-LeaderElection9] INFO  grpc.GrpcConfigKeys (ConfUtils.java:logGet(44)) - raft.grpc.server.leader.outstanding.appends.max = 128 (default)
2020-07-01 01:40:07,505 [2228b8b0-1bd4-4abc-8be5-fec7aeebcbed@group-3F4429ACDEA2-LeaderElection9] INFO  server.RaftServerConfigKeys (ConfUtils.java:logGet(44)) - raft.server.rpc.request.timeout = 3s (default)
2020-07-01 01:40:07,505 [2228b8b0-1bd4-4abc-8be5-fec7aeebcbed@group-3F4429ACDEA2-LeaderElection9] INFO  server.RaftServerConfigKeys (ConfUtils.java:logGet(44)) - raft.server.log.appender.install.snapshot.enabled = false (custom)
2020-07-01 01:40:07,506 [2228b8b0-1bd4-4abc-8be5-fec7aeebcbed@group-3F4429ACDEA2-LeaderElection9] INFO  metrics.RatisMetrics (RatisMetrics.java:lambda$create$0(36)) - Creating Metrics Registry : ratis_grpc.log_appender.2228b8b0-1bd4-4abc-8be5-fec7aeebcbed@group-3F4429ACDEA2
2020-07-01 01:40:07,502 [org.apache.ratis.server.impl.LogAppender$AppenderDaemon$$Lambda$442/100889871@11611333] WARN  server.GrpcLogAppender (GrpcLogAppender.java:mayWait(153)) - 2fd12e45-5261-4e74-9c65-dcdedcebcdd5@group-AB27BD356713->0e87e1a8-862d-4038-8503-5ba64ecc883e-GrpcLogAppender: Wait interrupted by java.lang.InterruptedException
2020-07-01 01:40:07,503 [grpc-default-executor-2] INFO  impl.PendingRequests (PendingRequests.java:sendNotLeaderResponses(249)) - 2fd12e45-5261-4e74-9c65-dcdedcebcdd5@group-AB27BD356713-PendingRequests: sendNotLeaderResponses
2020-07-01 01:40:07,508 [4a250b03-fc0c-4fc6-b3de-35498431563c@group-DFCED8E99A6D-LeaderElection11] INFO  impl.LeaderElection (LeaderElection.java:askForVotes(206)) - 4a250b03-fc0c-4fc6-b3de-35498431563c@group-DFCED8E99A6D-LeaderElection11: begin an election at term 1 for -1: [4a250b03-fc0c-4fc6-b3de-35498431563c:172.17.0.2:42123], old=null
2020-07-01 01:40:07,508 [4a250b03-fc0c-4fc6-b3de-35498431563c@group-DFCED8E99A6D-LeaderElection11] INFO  impl.RoleInfo (RoleInfo.java:shutdownLeaderElection(134)) - 4a250b03-fc0c-4fc6-b3de-35498431563c: shutdown LeaderElection
2020-07-01 01:40:07,508 [4a250b03-fc0c-4fc6-b3de-35498431563c@group-DFCED8E99A6D-LeaderElection11] INFO  impl.RaftServerImpl (RaftServerImpl.java:setRole(175)) - 4a250b03-fc0c-4fc6-b3de-35498431563c@group-DFCED8E99A6D: changes role from CANDIDATE to LEADER at term 1 for changeToLeader
2020-07-01 01:40:07,508 [4a250b03-fc0c-4fc6-b3de-35498431563c@group-DFCED8E99A6D-LeaderElection11] INFO  ratis.XceiverServerRatis (XceiverServerRatis.java:handleLeaderChangedNotification(762)) - Leader change notification received for group: group-DFCED8E99A6D with new leaderId: 4a250b03-fc0c-4fc6-b3de-35498431563c
2020-07-01 01:40:07,508 [grpc-default-executor-2] INFO  metrics.RatisMetrics (RatisMetrics.java:unregister(43)) - Unregistering Metrics Registry : ratis.log_appender.2fd12e45-5261-4e74-9c65-dcdedcebcdd5@group-AB27BD356713
2020-07-01 01:40:07,509 [grpc-default-executor-2] INFO  metrics.RatisMetrics (RatisMetrics.java:unregister(43)) - Unregistering Metrics Registry : ratis.server.2fd12e45-5261-4e74-9c65-dcdedcebcdd5@group-AB27BD356713
2020-07-01 01:40:07,508 [4a250b03-fc0c-4fc6-b3de-35498431563c@group-DFCED8E99A6D-LeaderElection11] INFO  impl.RaftServerImpl (ServerState.java:setLeader(255)) - 4a250b03-fc0c-4fc6-b3de-35498431563c@group-DFCED8E99A6D: change Leader from null to 4a250b03-fc0c-4fc6-b3de-35498431563c at term 1 for becomeLeader, leader elected after 5078ms
2020-07-01 01:40:07,509 [4a250b03-fc0c-4fc6-b3de-35498431563c@group-DFCED8E99A6D-LeaderElection11] INFO  server.RaftServerConfigKeys (ConfUtils.java:logGet(44)) - raft.server.staging.catchup.gap = 1000 (default)
2020-07-01 01:40:07,509 [4a250b03-fc0c-4fc6-b3de-35498431563c@group-DFCED8E99A6D-LeaderElection11] INFO  server.RaftServerConfigKeys (ConfUtils.java:logGet(44)) - raft.server.rpc.sleep.time = 25ms (default)
2020-07-01 01:40:07,509 [4a250b03-fc0c-4fc6-b3de-35498431563c@group-DFCED8E99A6D-LeaderElection11] INFO  metrics.RatisMetrics (RatisMetrics.java:lambda$create$0(36)) - Creating Metrics Registry : ratis.log_appender.4a250b03-fc0c-4fc6-b3de-35498431563c@group-DFCED8E99A6D
2020-07-01 01:40:07,509 [4a250b03-fc0c-4fc6-b3de-35498431563c@group-DFCED8E99A6D-LeaderElection11] INFO  server.RaftServerConfigKeys (ConfUtils.java:logGet(44)) - raft.server.write.element-limit = 1024 (custom)
2020-07-01 01:40:07,509 [4a250b03-fc0c-4fc6-b3de-35498431563c@group-DFCED8E99A6D-LeaderElection11] INFO  server.RaftServerConfigKeys (ConfUtils.java:logGet(44)) - raft.server.write.byte-limit = 1073741824 (custom)
2020-07-01 01:40:07,509 [EventQueue-PipelineReportForPipelineReportHandler] INFO  pipeline.PipelineStateManager (PipelineStateManager.java:openPipeline(131)) - Pipeline Pipeline[ Id: 320967b6-edd7-4d00-bc0b-3f4429acdea2, Nodes: 2228b8b0-1bd4-4abc-8be5-fec7aeebcbed{ip: 172.17.0.2, host: 51ddc7c4698f, networkLocation: /default-rack, certSerialId: null}173ba019-d60c-431a-ac38-4699cb5a8b68{ip: 172.17.0.2, host: 51ddc7c4698f, networkLocation: /default-rack, certSerialId: null}73a3d22a-588b-4473-8061-4380f2d261cd{ip: 172.17.0.2, host: 51ddc7c4698f, networkLocation: /default-rack, certSerialId: null}, Type:RATIS, Factor:THREE, State:ALLOCATED, leaderId:2228b8b0-1bd4-4abc-8be5-fec7aeebcbed, CreationTimestamp2020-07-01T01:39:59.300Z] moved to OPEN state
2020-07-01 01:40:07,531 [grpc-default-executor-1] DEBUG impl.RaftServerImpl (RaftServerImpl.java:appendEntriesAsync(990)) - 0e87e1a8-862d-4038-8503-5ba64ecc883e@group-AB27BD356713: Not recognize 2fd12e45-5261-4e74-9c65-dcdedcebcdd5 (term=1) as leader, state: 0e87e1a8-862d-4038-8503-5ba64ecc883e@group-AB27BD356713:t2, leader=null, voted=6047ccc9-2d31-4dc4-ab7e-9fb970240402, raftlog=0e87e1a8-862d-4038-8503-5ba64ecc883e@group-AB27BD356713-SegmentedRaftLog:OPENED:c-1,f-1,i0, conf=-1: [6047ccc9-2d31-4dc4-ab7e-9fb970240402:172.17.0.2:43531, 2fd12e45-5261-4e74-9c65-dcdedcebcdd5:172.17.0.2:38961, 0e87e1a8-862d-4038-8503-5ba64ecc883e:172.17.0.2:44311], old=null reply: 2fd12e45-5261-4e74-9c65-dcdedcebcdd5<-0e87e1a8-862d-4038-8503-5ba64ecc883e#0:FAIL,NOT_LEADER,nextIndex:1,term:2,followerCommit:-1
2020-07-01 01:40:07,532 [grpc-default-executor-2] INFO  impl.RoleInfo (RoleInfo.java:updateAndGet(143)) - 2fd12e45-5261-4e74-9c65-dcdedcebcdd5: start FollowerState
2020-07-01 01:40:07,538 [4a250b03-fc0c-4fc6-b3de-35498431563c@group-DFCED8E99A6D-LeaderElection11] INFO  server.RaftServerConfigKeys (ConfUtils.java:logGet(44)) - raft.server.watch.timeout = 3s (custom)
2020-07-01 01:40:07,538 [4a250b03-fc0c-4fc6-b3de-35498431563c@group-DFCED8E99A6D-LeaderElection11] INFO  server.RaftServerConfigKeys (ConfUtils.java:logGet(44)) - raft.server.watch.timeout.denomination = 1s (default)
2020-07-01 01:40:07,539 [4a250b03-fc0c-4fc6-b3de-35498431563c@group-DFCED8E99A6D-LeaderElection11] INFO  server.RaftServerConfigKeys (ConfUtils.java:logGet(44)) - raft.server.watch.element-limit = 65536 (default)
2020-07-01 01:40:07,539 [4a250b03-fc0c-4fc6-b3de-35498431563c@group-DFCED8E99A6D-LeaderElection11] INFO  impl.RoleInfo (RoleInfo.java:updateAndGet(143)) - 4a250b03-fc0c-4fc6-b3de-35498431563c: start LeaderState
2020-07-01 01:40:07,539 [grpc-default-executor-6] DEBUG impl.RaftServerImpl (RaftServerImpl.java:appendEntriesAsync(990)) - 6047ccc9-2d31-4dc4-ab7e-9fb970240402@group-AB27BD356713: Not recognize 2fd12e45-5261-4e74-9c65-dcdedcebcdd5 (term=1) as leader, state: 6047ccc9-2d31-4dc4-ab7e-9fb970240402@group-AB27BD356713:t2, leader=null, voted=6047ccc9-2d31-4dc4-ab7e-9fb970240402, raftlog=6047ccc9-2d31-4dc4-ab7e-9fb970240402@group-AB27BD356713-SegmentedRaftLog:OPENED:c-1,f-1,i0, conf=-1: [6047ccc9-2d31-4dc4-ab7e-9fb970240402:172.17.0.2:43531, 2fd12e45-5261-4e74-9c65-dcdedcebcdd5:172.17.0.2:38961, 0e87e1a8-862d-4038-8503-5ba64ecc883e:172.17.0.2:44311], old=null reply: 2fd12e45-5261-4e74-9c65-dcdedcebcdd5<-6047ccc9-2d31-4dc4-ab7e-9fb970240402#0:FAIL,NOT_LEADER,nextIndex:1,term:2,followerCommit:-1
2020-07-01 01:40:07,540 [4a250b03-fc0c-4fc6-b3de-35498431563c@group-DFCED8E99A6D-LeaderElection11] INFO  segmented.SegmentedRaftLogWorker (SegmentedRaftLogWorker.java:startLogSegment(397)) - 4a250b03-fc0c-4fc6-b3de-35498431563c@group-DFCED8E99A6D-SegmentedRaftLogWorker: Starting segment from index:0
2020-07-01 01:40:07,541 [2228b8b0-1bd4-4abc-8be5-fec7aeebcbed@group-3F4429ACDEA2-LeaderElection9] INFO  server.RaftServerConfigKeys (ConfUtils.java:logGet(44)) - raft.server.log.appender.snapshot.chunk.size.max = 16MB (=16777216) (default)
2020-07-01 01:40:07,555 [2228b8b0-1bd4-4abc-8be5-fec7aeebcbed@group-3F4429ACDEA2-LeaderElection9] INFO  server.RaftServerConfigKeys (ConfUtils.java:logGet(44)) - raft.server.log.appender.buffer.byte-limit = 33554432 (custom)
2020-07-01 01:40:07,555 [2228b8b0-1bd4-4abc-8be5-fec7aeebcbed@group-3F4429ACDEA2-LeaderElection9] INFO  server.RaftServerConfigKeys (ConfUtils.java:logGet(44)) - raft.server.log.appender.buffer.element-limit = 1 (custom)
2020-07-01 01:40:07,555 [2228b8b0-1bd4-4abc-8be5-fec7aeebcbed@group-3F4429ACDEA2-LeaderElection9] INFO  grpc.GrpcConfigKeys (ConfUtils.java:logGet(44)) - raft.grpc.server.leader.outstanding.appends.max = 128 (default)
2020-07-01 01:40:07,555 [2228b8b0-1bd4-4abc-8be5-fec7aeebcbed@group-3F4429ACDEA2-LeaderElection9] INFO  server.RaftServerConfigKeys (ConfUtils.java:logGet(44)) - raft.server.rpc.request.timeout = 3s (default)
2020-07-01 01:40:07,555 [2228b8b0-1bd4-4abc-8be5-fec7aeebcbed@group-3F4429ACDEA2-LeaderElection9] INFO  server.RaftServerConfigKeys (ConfUtils.java:logGet(44)) - raft.server.log.appender.install.snapshot.enabled = false (custom)
2020-07-01 01:40:07,556 [2228b8b0-1bd4-4abc-8be5-fec7aeebcbed@group-3F4429ACDEA2-LeaderElection9] INFO  impl.RoleInfo (RoleInfo.java:updateAndGet(143)) - 2228b8b0-1bd4-4abc-8be5-fec7aeebcbed: start LeaderState
2020-07-01 01:40:07,556 [2228b8b0-1bd4-4abc-8be5-fec7aeebcbed@group-3F4429ACDEA2-LeaderElection9] INFO  segmented.SegmentedRaftLogWorker (SegmentedRaftLogWorker.java:startLogSegment(397)) - 2228b8b0-1bd4-4abc-8be5-fec7aeebcbed@group-3F4429ACDEA2-SegmentedRaftLogWorker: Starting segment from index:0
2020-07-01 01:40:07,554 [grpc-default-executor-4] DEBUG server.GrpcLogAppender (GrpcLogAppender.java:onNext(257)) - 2fd12e45-5261-4e74-9c65-dcdedcebcdd5@group-AB27BD356713->0e87e1a8-862d-4038-8503-5ba64ecc883e-AppendLogResponseHandler: received the first reply 2fd12e45-5261-4e74-9c65-dcdedcebcdd5<-0e87e1a8-862d-4038-8503-5ba64ecc883e#0:FAIL,NOT_LEADER,nextIndex:1,term:2,followerCommit:-1, request=AppendEntriesRequest:cid=0,entriesCount=0,lastEntry=null
2020-07-01 01:40:07,554 [4a250b03-fc0c-4fc6-b3de-35498431563c@group-EDC9AD94D6A7-LeaderElection12] INFO  impl.LeaderElection (LeaderElection.java:askForVotes(206)) - 4a250b03-fc0c-4fc6-b3de-35498431563c@group-EDC9AD94D6A7-LeaderElection12: begin an election at term 1 for -1: [86e2f92f-9f2f-47be-9996-581eb5cc11da:172.17.0.2:36799, 4a250b03-fc0c-4fc6-b3de-35498431563c:172.17.0.2:42123, 8c5b2b67-bc34-46b0-b6c3-958390f4d72e:172.17.0.2:43281], old=null
2020-07-01 01:40:07,550 [grpc-default-executor-2] DEBUG impl.RaftServerImpl (RaftServerImpl.java:requestVote(853)) - 2fd12e45-5261-4e74-9c65-dcdedcebcdd5@group-AB27BD356713 replies to vote request: 6047ccc9-2d31-4dc4-ab7e-9fb970240402<-2fd12e45-5261-4e74-9c65-dcdedcebcdd5#0:FAIL-t2. Peer's state: 2fd12e45-5261-4e74-9c65-dcdedcebcdd5@group-AB27BD356713:t2, leader=null, voted=null, raftlog=2fd12e45-5261-4e74-9c65-dcdedcebcdd5@group-AB27BD356713-SegmentedRaftLog:OPENED:c0,f0,i0, conf=0: [6047ccc9-2d31-4dc4-ab7e-9fb970240402:172.17.0.2:43531, 2fd12e45-5261-4e74-9c65-dcdedcebcdd5:172.17.0.2:38961, 0e87e1a8-862d-4038-8503-5ba64ecc883e:172.17.0.2:44311], old=null
2020-07-01 01:40:07,550 [4a250b03-fc0c-4fc6-b3de-35498431563c@group-DFCED8E99A6D-SegmentedRaftLogWorker] INFO  segmented.SegmentedRaftLogWorker (SegmentedRaftLogWorker.java:execute(596)) - 4a250b03-fc0c-4fc6-b3de-35498431563c@group-DFCED8E99A6D-SegmentedRaftLogWorker: created new log segment /github/workspace/mnt/ozone/hadoop-ozone/integration-test/target/test-dir/MiniOzoneClusterImpl-1f0cff23-21f0-432d-9716-db38e1d74a84/datanode-6/data/ratis/1e71a80f-8732-41c8-9644-dfced8e99a6d/current/log_inprogress_0
2020-07-01 01:40:07,548 [4a250b03-fc0c-4fc6-b3de-35498431563c@group-DFCED8E99A6D-LeaderElection11] INFO  impl.RaftServerImpl (ServerState.java:setRaftConf(356)) - 4a250b03-fc0c-4fc6-b3de-35498431563c@group-DFCED8E99A6D: set configuration 0: [4a250b03-fc0c-4fc6-b3de-35498431563c:172.17.0.2:42123], old=null at 0
2020-07-01 01:40:07,559 [2228b8b0-1bd4-4abc-8be5-fec7aeebcbed@group-3F4429ACDEA2-SegmentedRaftLogWorker] INFO  segmented.SegmentedRaftLogWorker (SegmentedRaftLogWorker.java:execute(596)) - 2228b8b0-1bd4-4abc-8be5-fec7aeebcbed@group-3F4429ACDEA2-SegmentedRaftLogWorker: created new log segment /github/workspace/mnt/ozone/hadoop-ozone/integration-test/target/test-dir/MiniOzoneClusterImpl-1f0cff23-21f0-432d-9716-db38e1d74a84/datanode-3/data/ratis/320967b6-edd7-4d00-bc0b-3f4429acdea2/current/log_inprogress_0
2020-07-01 01:40:07,568 [grpc-default-executor-1] DEBUG impl.RaftServerImpl (RaftServerImpl.java:logAppendEntries(928)) - 0e87e1a8-862d-4038-8503-5ba64ecc883e@group-AB27BD356713: receive appendEntries(2fd12e45-5261-4e74-9c65-dcdedcebcdd5, 1, null, 0, false, commits[2fd12e45-5261-4e74-9c65-dcdedcebcdd5:c0, 6047ccc9-2d31-4dc4-ab7e-9fb970240402:c-1, 0e87e1a8-862d-4038-8503-5ba64ecc883e:c-1], entries: (t:1, i:0), CONFIGURATIONENTRY
2020-07-01 01:40:07,566 [2228b8b0-1bd4-4abc-8be5-fec7aeebcbed@group-3F4429ACDEA2-LeaderElection9] INFO  impl.RaftServerImpl (ServerState.java:setRaftConf(356)) - 2228b8b0-1bd4-4abc-8be5-fec7aeebcbed@group-3F4429ACDEA2: set configuration 0: [2228b8b0-1bd4-4abc-8be5-fec7aeebcbed:172.17.0.2:33817, 73a3d22a-588b-4473-8061-4380f2d261cd:172.17.0.2:41891, 173ba019-d60c-431a-ac38-4699cb5a8b68:172.17.0.2:36303], old=null at 0
2020-07-01 01:40:07,560 [Thread-276] INFO  impl.FollowerState (FollowerState.java:run(108)) - 173ba019-d60c-431a-ac38-4699cb5a8b68@group-E97C39D9038F-FollowerState: change to CANDIDATE, lastRpcTime:5182ms, electionTimeout:5180ms
2020-07-01 01:40:07,573 [grpc-default-executor-2] DEBUG impl.RaftServerImpl (RaftServerImpl.java:requestVote(821)) - 2228b8b0-1bd4-4abc-8be5-fec7aeebcbed@group-3F4429ACDEA2: receive requestVote(73a3d22a-588b-4473-8061-4380f2d261cd, group-3F4429ACDEA2, 2, (t:0, i:0))
2020-07-01 01:40:07,573 [grpc-default-executor-2] INFO  impl.RaftServerImpl (ServerState.java:setLeader(255)) - 2228b8b0-1bd4-4abc-8be5-fec7aeebcbed@group-3F4429ACDEA2: change Leader from 2228b8b0-1bd4-4abc-8be5-fec7aeebcbed to null at term 2 for updateCurrentTerm
2020-07-01 01:40:07,573 [grpc-default-executor-2] INFO  impl.RaftServerImpl (RaftServerImpl.java:setRole(175)) - 2228b8b0-1bd4-4abc-8be5-fec7aeebcbed@group-3F4429ACDEA2: changes role from    LEADER to FOLLOWER at term 2 for recognizeCandidate:73a3d22a-588b-4473-8061-4380f2d261cd
2020-07-01 01:40:07,573 [grpc-default-executor-2] INFO  impl.RoleInfo (RoleInfo.java:shutdownLeaderState(104)) - 2228b8b0-1bd4-4abc-8be5-fec7aeebcbed: shutdown LeaderState
2020-07-01 01:40:07,574 [grpc-default-executor-2] INFO  metrics.RatisMetrics (RatisMetrics.java:unregister(43)) - Unregistering Metrics Registry : ratis_grpc.log_appender.2228b8b0-1bd4-4abc-8be5-fec7aeebcbed@group-3F4429ACDEA2
2020-07-01 01:40:07,574 [grpc-default-executor-7] DEBUG impl.RaftServerImpl (RaftServerImpl.java:logAppendEntries(928)) - 6047ccc9-2d31-4dc4-ab7e-9fb970240402@group-AB27BD356713: receive appendEntries(2fd12e45-5261-4e74-9c65-dcdedcebcdd5, 1, null, 0, false, commits[2fd12e45-5261-4e74-9c65-dcdedcebcdd5:c0, 6047ccc9-2d31-4dc4-ab7e-9fb970240402:c-1, 0e87e1a8-862d-4038-8503-5ba64ecc883e:c-1], entries: (t:1, i:0), CONFIGURATIONENTRY
2020-07-01 01:40:07,578 [grpc-default-executor-2] INFO  metrics.RatisMetrics (RatisMetrics.java:unregister(43)) - Unregistering Metrics Registry : ratis_grpc.log_appender.2228b8b0-1bd4-4abc-8be5-fec7aeebcbed@group-3F4429ACDEA2
2020-07-01 01:40:07,578 [grpc-default-executor-2] INFO  impl.PendingRequests (PendingRequests.java:sendNotLeaderResponses(249)) - 2228b8b0-1bd4-4abc-8be5-fec7aeebcbed@group-3F4429ACDEA2-PendingRequests: sendNotLeaderResponses
2020-07-01 01:40:07,578 [grpc-default-executor-2] INFO  metrics.RatisMetrics (RatisMetrics.java:unregister(43)) - Unregistering Metrics Registry : ratis.log_appender.2228b8b0-1bd4-4abc-8be5-fec7aeebcbed@group-3F4429ACDEA2
2020-07-01 01:40:07,578 [grpc-default-executor-2] INFO  metrics.RatisMetrics (RatisMetrics.java:unregister(43)) - Unregistering Metrics Registry : ratis.server.2228b8b0-1bd4-4abc-8be5-fec7aeebcbed@group-3F4429ACDEA2
2020-07-01 01:40:07,731 [org.apache.ratis.server.impl.LogAppender$AppenderDaemon$$Lambda$442/100889871@3f52a530] WARN  server.GrpcLogAppender (GrpcLogAppender.java:mayWait(153)) - 2228b8b0-1bd4-4abc-8be5-fec7aeebcbed@group-3F4429ACDEA2->73a3d22a-588b-4473-8061-4380f2d261cd-GrpcLogAppender: Wait interrupted by java.lang.InterruptedException
2020-07-01 01:40:07,732 [Thread-290] INFO  impl.FollowerState (FollowerState.java:run(108)) - 86e2f92f-9f2f-47be-9996-581eb5cc11da@group-EDC9AD94D6A7-FollowerState: change to CANDIDATE, lastRpcTime:5123ms, electionTimeout:5067ms
2020-07-01 01:40:07,733 [Thread-288] INFO  impl.FollowerState (FollowerState.java:run(108)) - 86e2f92f-9f2f-47be-9996-581eb5cc11da@group-DEAE86D0D0F5-FollowerState: change to CANDIDATE, lastRpcTime:5168ms, electionTimeout:5049ms
2020-07-01 01:40:07,734 [Thread-286] INFO  impl.FollowerState (FollowerState.java:run(108)) - 8c5b2b67-bc34-46b0-b6c3-958390f4d72e@group-EDC9AD94D6A7-FollowerState: change to CANDIDATE, lastRpcTime:5201ms, electionTimeout:5029ms
2020-07-01 01:40:07,733 [Thread-284] INFO  impl.FollowerState (FollowerState.java:run(108)) - 8c5b2b67-bc34-46b0-b6c3-958390f4d72e@group-006A94DDA21B-FollowerState: change to CANDIDATE, lastRpcTime:5229ms, electionTimeout:5082ms
2020-07-01 01:40:07,742 [grpc-default-executor-1] DEBUG impl.RaftServerImpl (RaftServerImpl.java:appendEntriesAsync(990)) - 0e87e1a8-862d-4038-8503-5ba64ecc883e@group-AB27BD356713: Not recognize 2fd12e45-5261-4e74-9c65-dcdedcebcdd5 (term=1) as leader, state: 0e87e1a8-862d-4038-8503-5ba64ecc883e@group-AB27BD356713:t2, leader=null, voted=6047ccc9-2d31-4dc4-ab7e-9fb970240402, raftlog=0e87e1a8-862d-4038-8503-5ba64ecc883e@group-AB27BD356713-SegmentedRaftLog:OPENED:c-1,f-1,i0, conf=-1: [6047ccc9-2d31-4dc4-ab7e-9fb970240402:172.17.0.2:43531, 2fd12e45-5261-4e74-9c65-dcdedcebcdd5:172.17.0.2:38961, 0e87e1a8-862d-4038-8503-5ba64ecc883e:172.17.0.2:44311], old=null reply: 2fd12e45-5261-4e74-9c65-dcdedcebcdd5<-0e87e1a8-862d-4038-8503-5ba64ecc883e#1:FAIL,NOT_LEADER,nextIndex:1,term:2,followerCommit:-1
2020-07-01 01:40:07,744 [Thread-276] INFO  impl.RoleInfo (RoleInfo.java:shutdownFollowerState(121)) - 173ba019-d60c-431a-ac38-4699cb5a8b68: shutdown FollowerState
2020-07-01 01:40:07,744 [Thread-276] INFO  impl.RaftServerImpl (RaftServerImpl.java:setRole(175)) - 173ba019-d60c-431a-ac38-4699cb5a8b68@group-E97C39D9038F: changes role from  FOLLOWER to CANDIDATE at term 0 for changeToCandidate
2020-07-01 01:40:07,744 [Thread-276] INFO  impl.RoleInfo (RoleInfo.java:updateAndGet(143)) - 173ba019-d60c-431a-ac38-4699cb5a8b68: start LeaderElection
2020-07-01 01:40:07,744 [grpc-default-executor-7] DEBUG impl.RaftServerImpl (RaftServerImpl.java:appendEntriesAsync(990)) - 6047ccc9-2d31-4dc4-ab7e-9fb970240402@group-AB27BD356713: Not recognize 2fd12e45-5261-4e74-9c65-dcdedcebcdd5 (term=1) as leader, state: 6047ccc9-2d31-4dc4-ab7e-9fb970240402@group-AB27BD356713:t2, leader=null, voted=6047ccc9-2d31-4dc4-ab7e-9fb970240402, raftlog=6047ccc9-2d31-4dc4-ab7e-9fb970240402@group-AB27BD356713-SegmentedRaftLog:OPENED:c-1,f-1,i0, conf=-1: [6047ccc9-2d31-4dc4-ab7e-9fb970240402:172.17.0.2:43531, 2fd12e45-5261-4e74-9c65-dcdedcebcdd5:172.17.0.2:38961, 0e87e1a8-862d-4038-8503-5ba64ecc883e:172.17.0.2:44311], old=null reply: 2fd12e45-5261-4e74-9c65-dcdedcebcdd5<-6047ccc9-2d31-4dc4-ab7e-9fb970240402#1:FAIL,NOT_LEADER,nextIndex:1,term:2,followerCommit:-1
2020-07-01 01:40:07,763 [grpc-default-executor-2] INFO  impl.RoleInfo (RoleInfo.java:updateAndGet(143)) - 2228b8b0-1bd4-4abc-8be5-fec7aeebcbed: start FollowerState
2020-07-01 01:40:07,746 [Thread-284] INFO  impl.RoleInfo (RoleInfo.java:shutdownFollowerState(121)) - 8c5b2b67-bc34-46b0-b6c3-958390f4d72e: shutdown FollowerState
2020-07-01 01:40:07,778 [Thread-284] INFO  impl.RaftServerImpl (RaftServerImpl.java:setRole(175)) - 8c5b2b67-bc34-46b0-b6c3-958390f4d72e@group-006A94DDA21B: changes role from  FOLLOWER to CANDIDATE at term 0 for changeToCandidate
2020-07-01 01:40:07,778 [Thread-284] INFO  impl.RoleInfo (RoleInfo.java:updateAndGet(143)) - 8c5b2b67-bc34-46b0-b6c3-958390f4d72e: start LeaderElection
2020-07-01 01:40:07,746 [Thread-286] INFO  impl.RoleInfo (RoleInfo.java:shutdownFollowerState(121)) - 8c5b2b67-bc34-46b0-b6c3-958390f4d72e: shutdown FollowerState
2020-07-01 01:40:07,779 [Thread-286] INFO  impl.RaftServerImpl (RaftServerImpl.java:setRole(175)) - 8c5b2b67-bc34-46b0-b6c3-958390f4d72e@group-EDC9AD94D6A7: changes role from  FOLLOWER to CANDIDATE at term 0 for changeToCandidate
2020-07-01 01:40:07,746 [Thread-288] INFO  impl.RoleInfo (RoleInfo.java:shutdownFollowerState(121)) - 86e2f92f-9f2f-47be-9996-581eb5cc11da: shutdown FollowerState
2020-07-01 01:40:07,779 [Thread-288] INFO  impl.RaftServerImpl (RaftServerImpl.java:setRole(175)) - 86e2f92f-9f2f-47be-9996-581eb5cc11da@group-DEAE86D0D0F5: changes role from  FOLLOWER to CANDIDATE at term 0 for changeToCandidate
2020-07-01 01:40:07,746 [Thread-290] INFO  impl.RoleInfo (RoleInfo.java:shutdownFollowerState(121)) - 86e2f92f-9f2f-47be-9996-581eb5cc11da: shutdown FollowerState
2020-07-01 01:40:07,746 [grpc-default-executor-1] INFO  server.GrpcServerProtocolService (GrpcServerProtocolService.java:onCompleted(138)) - 0e87e1a8-862d-4038-8503-5ba64ecc883e: Completed APPEND_ENTRIES, lastRequest: 2fd12e45-5261-4e74-9c65-dcdedcebcdd5->0e87e1a8-862d-4038-8503-5ba64ecc883e#1-t1, previous=(t:0, i:0), leaderCommit=0, initializing? false, entries: size=1, first=(t:1, i:0), CONFIGURATIONENTRY
2020-07-01 01:40:07,779 [Thread-290] INFO  impl.RaftServerImpl (RaftServerImpl.java:setRole(175)) - 86e2f92f-9f2f-47be-9996-581eb5cc11da@group-EDC9AD94D6A7: changes role from  FOLLOWER to CANDIDATE at term 0 for changeToCandidate
2020-07-01 01:40:07,779 [Thread-290] INFO  impl.RoleInfo (RoleInfo.java:updateAndGet(143)) - 86e2f92f-9f2f-47be-9996-581eb5cc11da: start LeaderElection
2020-07-01 01:40:07,778 [grpc-default-executor-2] DEBUG impl.RaftServerImpl (RaftServerImpl.java:requestVote(853)) - 2228b8b0-1bd4-4abc-8be5-fec7aeebcbed@group-3F4429ACDEA2 replies to vote request: 73a3d22a-588b-4473-8061-4380f2d261cd<-2228b8b0-1bd4-4abc-8be5-fec7aeebcbed#0:FAIL-t2. Peer's state: 2228b8b0-1bd4-4abc-8be5-fec7aeebcbed@group-3F4429ACDEA2:t2, leader=null, voted=null, raftlog=2228b8b0-1bd4-4abc-8be5-fec7aeebcbed@group-3F4429ACDEA2-SegmentedRaftLog:OPENED:c-1,f0,i0, conf=0: [2228b8b0-1bd4-4abc-8be5-fec7aeebcbed:172.17.0.2:33817, 73a3d22a-588b-4473-8061-4380f2d261cd:172.17.0.2:41891, 173ba019-d60c-431a-ac38-4699cb5a8b68:172.17.0.2:36303], old=null
2020-07-01 01:40:07,772 [grpc-default-executor-3] DEBUG impl.RaftServerImpl (RaftServerImpl.java:requestVote(821)) - 173ba019-d60c-431a-ac38-4699cb5a8b68@group-3F4429ACDEA2: receive requestVote(73a3d22a-588b-4473-8061-4380f2d261cd, group-3F4429ACDEA2, 2, (t:0, i:0))
2020-07-01 01:40:07,770 [grpc-default-executor-5] DEBUG impl.RaftServerImpl (RaftServerImpl.java:appendEntriesAsync(990)) - 73a3d22a-588b-4473-8061-4380f2d261cd@group-3F4429ACDEA2: Not recognize 2228b8b0-1bd4-4abc-8be5-fec7aeebcbed (term=1) as leader, state: 73a3d22a-588b-4473-8061-4380f2d261cd@group-3F4429ACDEA2:t2, leader=null, voted=73a3d22a-588b-4473-8061-4380f2d261cd, raftlog=73a3d22a-588b-4473-8061-4380f2d261cd@group-3F4429ACDEA2-SegmentedRaftLog:OPENED:c-1,f-1,i0, conf=-1: [2228b8b0-1bd4-4abc-8be5-fec7aeebcbed:172.17.0.2:33817, 73a3d22a-588b-4473-8061-4380f2d261cd:172.17.0.2:41891, 173ba019-d60c-431a-ac38-4699cb5a8b68:172.17.0.2:36303], old=null reply: 2228b8b0-1bd4-4abc-8be5-fec7aeebcbed<-73a3d22a-588b-4473-8061-4380f2d261cd#0:FAIL,NOT_LEADER,nextIndex:1,term:2,followerCommit:-1
2020-07-01 01:40:07,767 [grpc-default-executor-0] INFO  server.GrpcServerProtocolService (GrpcServerProtocolService.java:onCompleted(138)) - 173ba019-d60c-431a-ac38-4699cb5a8b68: Completed APPEND_ENTRIES, lastRequest: null
2020-07-01 01:40:07,767 [grpc-default-executor-4] DEBUG server.GrpcLogAppender (GrpcLogAppender.java:onNext(257)) - 2fd12e45-5261-4e74-9c65-dcdedcebcdd5@group-AB27BD356713->6047ccc9-2d31-4dc4-ab7e-9fb970240402-AppendLogResponseHandler: received the first reply 2fd12e45-5261-4e74-9c65-dcdedcebcdd5<-6047ccc9-2d31-4dc4-ab7e-9fb970240402#0:FAIL,NOT_LEADER,nextIndex:1,term:2,followerCommit:-1, request=AppendEntriesRequest:cid=0,entriesCount=0,lastEntry=null
2020-07-01 01:40:07,787 [grpc-default-executor-2] DEBUG impl.RaftServerImpl (RaftServerImpl.java:requestVote(821)) - 86e2f92f-9f2f-47be-9996-581eb5cc11da@group-EDC9AD94D6A7: receive requestVote(4a250b03-fc0c-4fc6-b3de-35498431563c, group-EDC9AD94D6A7, 1, (t:0, i:0))
2020-07-01 01:40:07,766 [grpc-default-executor-6] DEBUG server.GrpcLogAppender (GrpcLogAppender.java:onNext(257)) - 2fd12e45-5261-4e74-9c65-dcdedcebcdd5@group-AB27BD356713->0e87e1a8-862d-4038-8503-5ba64ecc883e-AppendLogResponseHandler: received a reply 2fd12e45-5261-4e74-9c65-dcdedcebcdd5<-0e87e1a8-862d-4038-8503-5ba64ecc883e#1:FAIL,NOT_LEADER,nextIndex:1,term:2,followerCommit:-1, request=AppendEntriesRequest:cid=1,entriesCount=1,lastEntry=(t:1, i:0)
2020-07-01 01:40:07,764 [grpc-default-executor-7] INFO  server.GrpcServerProtocolService (GrpcServerProtocolService.java:onCompleted(138)) - 6047ccc9-2d31-4dc4-ab7e-9fb970240402: Completed APPEND_ENTRIES, lastRequest: 2fd12e45-5261-4e74-9c65-dcdedcebcdd5->6047ccc9-2d31-4dc4-ab7e-9fb970240402#1-t1, previous=(t:0, i:0), leaderCommit=0, initializing? false, entries: size=1, first=(t:1, i:0), CONFIGURATIONENTRY
2020-07-01 01:40:07,786 [grpc-default-executor-5] DEBUG impl.RaftServerImpl (RaftServerImpl.java:logAppendEntries(928)) - 73a3d22a-588b-4473-8061-4380f2d261cd@group-3F4429ACDEA2: receive appendEntries(2228b8b0-1bd4-4abc-8be5-fec7aeebcbed, 1, null, -1, false, commits[2228b8b0-1bd4-4abc-8be5-fec7aeebcbed:c-1, 73a3d22a-588b-4473-8061-4380f2d261cd:c-1, 173ba019-d60c-431a-ac38-4699cb5a8b68:c-1], entries: (t:1, i:0), CONFIGURATIONENTRY
2020-07-01 01:40:07,788 [grpc-default-executor-5] DEBUG impl.RaftServerImpl (RaftServerImpl.java:appendEntriesAsync(990)) - 73a3d22a-588b-4473-8061-4380f2d261cd@group-3F4429ACDEA2: Not recognize 2228b8b0-1bd4-4abc-8be5-fec7aeebcbed (term=1) as leader, state: 73a3d22a-588b-4473-8061-4380f2d261cd@group-3F4429ACDEA2:t2, leader=null, voted=73a3d22a-588b-4473-8061-4380f2d261cd, raftlog=73a3d22a-588b-4473-8061-4380f2d261cd@group-3F4429ACDEA2-SegmentedRaftLog:OPENED:c-1,f-1,i0, conf=-1: [2228b8b0-1bd4-4abc-8be5-fec7aeebcbed:172.17.0.2:33817, 73a3d22a-588b-4473-8061-4380f2d261cd:172.17.0.2:41891, 173ba019-d60c-431a-ac38-4699cb5a8b68:172.17.0.2:36303], old=null reply: 2228b8b0-1bd4-4abc-8be5-fec7aeebcbed<-73a3d22a-588b-4473-8061-4380f2d261cd#1:FAIL,NOT_LEADER,nextIndex:1,term:2,followerCommit:-1
2020-07-01 01:40:07,788 [grpc-default-executor-5] INFO  server.GrpcServerProtocolService (GrpcServerProtocolService.java:onCompleted(138)) - 73a3d22a-588b-4473-8061-4380f2d261cd: Completed APPEND_ENTRIES, lastRequest: 2228b8b0-1bd4-4abc-8be5-fec7aeebcbed->73a3d22a-588b-4473-8061-4380f2d261cd#1-t1, previous=(t:0, i:0), leaderCommit=-1, initializing? false, entries: size=1, first=(t:1, i:0), CONFIGURATIONENTRY
2020-07-01 01:40:07,782 [grpc-default-executor-3] INFO  impl.RaftServerImpl (RaftServerImpl.java:setRole(175)) - 173ba019-d60c-431a-ac38-4699cb5a8b68@group-3F4429ACDEA2: changes role from  FOLLOWER to FOLLOWER at term 2 for recognizeCandidate:73a3d22a-588b-4473-8061-4380f2d261cd
2020-07-01 01:40:07,810 [grpc-default-executor-3] INFO  impl.RoleInfo (RoleInfo.java:shutdownFollowerState(121)) - 173ba019-d60c-431a-ac38-4699cb5a8b68: shutdown FollowerState
2020-07-01 01:40:07,810 [grpc-default-executor-3] INFO  impl.RoleInfo (RoleInfo.java:updateAndGet(143)) - 173ba019-d60c-431a-ac38-4699cb5a8b68: start FollowerState
2020-07-01 01:40:07,783 [Thread-286] INFO  impl.RoleInfo (RoleInfo.java:updateAndGet(143)) - 8c5b2b67-bc34-46b0-b6c3-958390f4d72e: start LeaderElection
2020-07-01 01:40:07,783 [Thread-288] INFO  impl.RoleInfo (RoleInfo.java:updateAndGet(143)) - 86e2f92f-9f2f-47be-9996-581eb5cc11da: start LeaderElection
2020-07-01 01:40:07,780 [173ba019-d60c-431a-ac38-4699cb5a8b68@group-E97C39D9038F-LeaderElection13] INFO  impl.LeaderElection (LeaderElection.java:askForVotes(206)) - 173ba019-d60c-431a-ac38-4699cb5a8b68@group-E97C39D9038F-LeaderElection13: begin an election at term 1 for -1: [173ba019-d60c-431a-ac38-4699cb5a8b68:172.17.0.2:36303], old=null
2020-07-01 01:40:07,811 [Thread-342] INFO  impl.FollowerState (FollowerState.java:run(117)) - 173ba019-d60c-431a-ac38-4699cb5a8b68@group-3F4429ACDEA2-FollowerState was interrupted: java.lang.InterruptedException: sleep interrupted
2020-07-01 01:40:07,795 [8c5b2b67-bc34-46b0-b6c3-958390f4d72e@group-006A94DDA21B-LeaderElection14] INFO  impl.LeaderElection (LeaderElection.java:askForVotes(206)) - 8c5b2b67-bc34-46b0-b6c3-958390f4d72e@group-006A94DDA21B-LeaderElection14: begin an election at term 1 for -1: [8c5b2b67-bc34-46b0-b6c3-958390f4d72e:172.17.0.2:43281], old=null
2020-07-01 01:40:07,811 [173ba019-d60c-431a-ac38-4699cb5a8b68@group-E97C39D9038F-LeaderElection13] INFO  impl.RoleInfo (RoleInfo.java:shutdownLeaderElection(134)) - 173ba019-d60c-431a-ac38-4699cb5a8b68: shutdown LeaderElection
2020-07-01 01:40:07,811 [8c5b2b67-bc34-46b0-b6c3-958390f4d72e@group-006A94DDA21B-LeaderElection14] INFO  impl.RoleInfo (RoleInfo.java:shutdownLeaderElection(134)) - 8c5b2b67-bc34-46b0-b6c3-958390f4d72e: shutdown LeaderElection
2020-07-01 01:40:07,811 [173ba019-d60c-431a-ac38-4699cb5a8b68@group-E97C39D9038F-LeaderElection13] INFO  impl.RaftServerImpl (RaftServerImpl.java:setRole(175)) - 173ba019-d60c-431a-ac38-4699cb5a8b68@group-E97C39D9038F: changes role from CANDIDATE to LEADER at term 1 for changeToLeader
2020-07-01 01:40:07,811 [173ba019-d60c-431a-ac38-4699cb5a8b68@group-E97C39D9038F-LeaderElection13] INFO  ratis.XceiverServerRatis (XceiverServerRatis.java:handleLeaderChangedNotification(762)) - Leader change notification received for group: group-E97C39D9038F with new leaderId: 173ba019-d60c-431a-ac38-4699cb5a8b68
2020-07-01 01:40:07,811 [8c5b2b67-bc34-46b0-b6c3-958390f4d72e@group-006A94DDA21B-LeaderElection14] INFO  impl.RaftServerImpl (RaftServerImpl.java:setRole(175)) - 8c5b2b67-bc34-46b0-b6c3-958390f4d72e@group-006A94DDA21B: changes role from CANDIDATE to LEADER at term 1 for changeToLeader
2020-07-01 01:40:07,812 [8c5b2b67-bc34-46b0-b6c3-958390f4d72e@group-006A94DDA21B-LeaderElection14] INFO  ratis.XceiverServerRatis (XceiverServerRatis.java:handleLeaderChangedNotification(762)) - Leader change notification received for group: group-006A94DDA21B with new leaderId: 8c5b2b67-bc34-46b0-b6c3-958390f4d72e
2020-07-01 01:40:07,813 [grpc-default-executor-5] INFO  server.GrpcLogAppender (GrpcLogAppender.java:onCompleted(319)) - 2fd12e45-5261-4e74-9c65-dcdedcebcdd5@group-AB27BD356713->0e87e1a8-862d-4038-8503-5ba64ecc883e-AppendLogResponseHandler: follower responses appendEntries COMPLETED
2020-07-01 01:40:07,813 [grpc-default-executor-1] DEBUG server.GrpcLogAppender (GrpcLogAppender.java:onNext(257)) - 2228b8b0-1bd4-4abc-8be5-fec7aeebcbed@group-3F4429ACDEA2->73a3d22a-588b-4473-8061-4380f2d261cd-AppendLogResponseHandler: received the first reply 2228b8b0-1bd4-4abc-8be5-fec7aeebcbed<-73a3d22a-588b-4473-8061-4380f2d261cd#0:FAIL,NOT_LEADER,nextIndex:1,term:2,followerCommit:-1, request=AppendEntriesRequest:cid=0,entriesCount=0,lastEntry=null
2020-07-01 01:40:07,814 [grpc-default-executor-7] INFO  server.GrpcLogAppender (GrpcLogAppender.java:onCompleted(319)) - 2228b8b0-1bd4-4abc-8be5-fec7aeebcbed@group-3F4429ACDEA2->173ba019-d60c-431a-ac38-4699cb5a8b68-AppendLogResponseHandler: follower responses appendEntries COMPLETED
2020-07-01 01:40:07,814 [grpc-default-executor-6] DEBUG server.GrpcLogAppender (GrpcLogAppender.java:onNext(257)) - 2fd12e45-5261-4e74-9c65-dcdedcebcdd5@group-AB27BD356713->6047ccc9-2d31-4dc4-ab7e-9fb970240402-AppendLogResponseHandler: received a reply 2fd12e45-5261-4e74-9c65-dcdedcebcdd5<-6047ccc9-2d31-4dc4-ab7e-9fb970240402#1:FAIL,NOT_LEADER,nextIndex:1,term:2,followerCommit:-1, request=AppendEntriesRequest:cid=1,entriesCount=1,lastEntry=(t:1, i:0)
2020-07-01 01:40:07,815 [grpc-default-executor-4] INFO  server.GrpcLogAppender (GrpcLogAppender.java:onCompleted(319)) - 2fd12e45-5261-4e74-9c65-dcdedcebcdd5@group-AB27BD356713->6047ccc9-2d31-4dc4-ab7e-9fb970240402-AppendLogResponseHandler: follower responses appendEntries COMPLETED
2020-07-01 01:40:07,815 [grpc-default-executor-6] DEBUG server.GrpcLogAppender (GrpcLogAppender.java:onNext(257)) - 2228b8b0-1bd4-4abc-8be5-fec7aeebcbed@group-3F4429ACDEA2->73a3d22a-588b-4473-8061-4380f2d261cd-AppendLogResponseHandler: received a reply 2228b8b0-1bd4-4abc-8be5-fec7aeebcbed<-73a3d22a-588b-4473-8061-4380f2d261cd#1:FAIL,NOT_LEADER,nextIndex:1,term:2,followerCommit:-1, request=AppendEntriesRequest:cid=1,entriesCount=1,lastEntry=(t:1, i:0)
2020-07-01 01:40:07,815 [grpc-default-executor-6] INFO  server.GrpcLogAppender (GrpcLogAppender.java:onCompleted(319)) - 2228b8b0-1bd4-4abc-8be5-fec7aeebcbed@group-3F4429ACDEA2->73a3d22a-588b-4473-8061-4380f2d261cd-AppendLogResponseHandler: follower responses appendEntries COMPLETED
2020-07-01 01:40:07,818 [8c5b2b67-bc34-46b0-b6c3-958390f4d72e@group-006A94DDA21B-LeaderElection14] INFO  impl.RaftServerImpl (ServerState.java:setLeader(255)) - 8c5b2b67-bc34-46b0-b6c3-958390f4d72e@group-006A94DDA21B: change Leader from null to 8c5b2b67-bc34-46b0-b6c3-958390f4d72e at term 1 for becomeLeader, leader elected after 5320ms
2020-07-01 01:40:07,818 [8c5b2b67-bc34-46b0-b6c3-958390f4d72e@group-006A94DDA21B-LeaderElection14] INFO  server.RaftServerConfigKeys (ConfUtils.java:logGet(44)) - raft.server.staging.catchup.gap = 1000 (default)
2020-07-01 01:40:07,818 [173ba019-d60c-431a-ac38-4699cb5a8b68@group-E97C39D9038F-LeaderElection13] INFO  impl.RaftServerImpl (ServerState.java:setLeader(255)) - 173ba019-d60c-431a-ac38-4699cb5a8b68@group-E97C39D9038F: change Leader from null to 173ba019-d60c-431a-ac38-4699cb5a8b68 at term 1 for becomeLeader, leader elected after 5457ms
2020-07-01 01:40:07,818 [173ba019-d60c-431a-ac38-4699cb5a8b68@group-E97C39D9038F-LeaderElection13] INFO  server.RaftServerConfigKeys (ConfUtils.java:logGet(44)) - raft.server.staging.catchup.gap = 1000 (default)
2020-07-01 01:40:07,818 [173ba019-d60c-431a-ac38-4699cb5a8b68@group-E97C39D9038F-LeaderElection13] INFO  server.RaftServerConfigKeys (ConfUtils.java:logGet(44)) - raft.server.rpc.sleep.time = 25ms (default)
2020-07-01 01:40:07,818 [173ba019-d60c-431a-ac38-4699cb5a8b68@group-E97C39D9038F-LeaderElection13] INFO  metrics.RatisMetrics (RatisMetrics.java:lambda$create$0(36)) - Creating Metrics Registry : ratis.log_appender.173ba019-d60c-431a-ac38-4699cb5a8b68@group-E97C39D9038F
2020-07-01 01:40:07,818 [173ba019-d60c-431a-ac38-4699cb5a8b68@group-E97C39D9038F-LeaderElection13] INFO  server.RaftServerConfigKeys (ConfUtils.java:logGet(44)) - raft.server.write.element-limit = 1024 (custom)
2020-07-01 01:40:07,818 [173ba019-d60c-431a-ac38-4699cb5a8b68@group-E97C39D9038F-LeaderElection13] INFO  server.RaftServerConfigKeys (ConfUtils.java:logGet(44)) - raft.server.write.byte-limit = 1073741824 (custom)
2020-07-01 01:40:07,819 [173ba019-d60c-431a-ac38-4699cb5a8b68@group-E97C39D9038F-LeaderElection13] INFO  server.RaftServerConfigKeys (ConfUtils.java:logGet(44)) - raft.server.watch.timeout = 3s (custom)
2020-07-01 01:40:07,819 [173ba019-d60c-431a-ac38-4699cb5a8b68@group-E97C39D9038F-LeaderElection13] INFO  server.RaftServerConfigKeys (ConfUtils.java:logGet(44)) - raft.server.watch.timeout.denomination = 1s (default)
2020-07-01 01:40:07,819 [173ba019-d60c-431a-ac38-4699cb5a8b68@group-E97C39D9038F-LeaderElection13] INFO  server.RaftServerConfigKeys (ConfUtils.java:logGet(44)) - raft.server.watch.element-limit = 65536 (default)
2020-07-01 01:40:07,819 [173ba019-d60c-431a-ac38-4699cb5a8b68@group-E97C39D9038F-LeaderElection13] INFO  impl.RoleInfo (RoleInfo.java:updateAndGet(143)) - 173ba019-d60c-431a-ac38-4699cb5a8b68: start LeaderState
2020-07-01 01:40:07,818 [8c5b2b67-bc34-46b0-b6c3-958390f4d72e@group-006A94DDA21B-LeaderElection14] INFO  server.RaftServerConfigKeys (ConfUtils.java:logGet(44)) - raft.server.rpc.sleep.time = 25ms (default)
2020-07-01 01:40:07,819 [8c5b2b67-bc34-46b0-b6c3-958390f4d72e@group-006A94DDA21B-LeaderElection14] INFO  metrics.RatisMetrics (RatisMetrics.java:lambda$create$0(36)) - Creating Metrics Registry : ratis.log_appender.8c5b2b67-bc34-46b0-b6c3-958390f4d72e@group-006A94DDA21B
2020-07-01 01:40:07,819 [8c5b2b67-bc34-46b0-b6c3-958390f4d72e@group-006A94DDA21B-LeaderElection14] INFO  server.RaftServerConfigKeys (ConfUtils.java:logGet(44)) - raft.server.write.element-limit = 1024 (custom)
2020-07-01 01:40:07,819 [8c5b2b67-bc34-46b0-b6c3-958390f4d72e@group-006A94DDA21B-LeaderElection14] INFO  server.RaftServerConfigKeys (ConfUtils.java:logGet(44)) - raft.server.write.byte-limit = 1073741824 (custom)
2020-07-01 01:40:07,820 [8c5b2b67-bc34-46b0-b6c3-958390f4d72e@group-006A94DDA21B-LeaderElection14] INFO  server.RaftServerConfigKeys (ConfUtils.java:logGet(44)) - raft.server.watch.timeout = 3s (custom)
2020-07-01 01:40:07,820 [8c5b2b67-bc34-46b0-b6c3-958390f4d72e@group-006A94DDA21B-LeaderElection14] INFO  server.RaftServerConfigKeys (ConfUtils.java:logGet(44)) - raft.server.watch.timeout.denomination = 1s (default)
2020-07-01 01:40:07,820 [8c5b2b67-bc34-46b0-b6c3-958390f4d72e@group-006A94DDA21B-LeaderElection14] INFO  server.RaftServerConfigKeys (ConfUtils.java:logGet(44)) - raft.server.watch.element-limit = 65536 (default)
2020-07-01 01:40:07,819 [173ba019-d60c-431a-ac38-4699cb5a8b68@group-E97C39D9038F-LeaderElection13] INFO  segmented.SegmentedRaftLogWorker (SegmentedRaftLogWorker.java:startLogSegment(397)) - 173ba019-d60c-431a-ac38-4699cb5a8b68@group-E97C39D9038F-SegmentedRaftLogWorker: Starting segment from index:0
2020-07-01 01:40:07,820 [8c5b2b67-bc34-46b0-b6c3-958390f4d72e@group-006A94DDA21B-LeaderElection14] INFO  impl.RoleInfo (RoleInfo.java:updateAndGet(143)) - 8c5b2b67-bc34-46b0-b6c3-958390f4d72e: start LeaderState
2020-07-01 01:40:07,820 [8c5b2b67-bc34-46b0-b6c3-958390f4d72e@group-006A94DDA21B-LeaderElection14] INFO  segmented.SegmentedRaftLogWorker (SegmentedRaftLogWorker.java:startLogSegment(397)) - 8c5b2b67-bc34-46b0-b6c3-958390f4d72e@group-006A94DDA21B-SegmentedRaftLogWorker: Starting segment from index:0
2020-07-01 01:40:07,821 [grpc-default-executor-3] DEBUG impl.RaftServerImpl (RaftServerImpl.java:requestVote(853)) - 173ba019-d60c-431a-ac38-4699cb5a8b68@group-3F4429ACDEA2 replies to vote request: 73a3d22a-588b-4473-8061-4380f2d261cd<-173ba019-d60c-431a-ac38-4699cb5a8b68#0:OK-t2. Peer's state: 173ba019-d60c-431a-ac38-4699cb5a8b68@group-3F4429ACDEA2:t2, leader=null, voted=73a3d22a-588b-4473-8061-4380f2d261cd, raftlog=173ba019-d60c-431a-ac38-4699cb5a8b68@group-3F4429ACDEA2-SegmentedRaftLog:OPENED:c-1,f-1,i0, conf=-1: [2228b8b0-1bd4-4abc-8be5-fec7aeebcbed:172.17.0.2:33817, 73a3d22a-588b-4473-8061-4380f2d261cd:172.17.0.2:41891, 173ba019-d60c-431a-ac38-4699cb5a8b68:172.17.0.2:36303], old=null
2020-07-01 01:40:07,830 [grpc-default-executor-2] INFO  impl.RaftServerImpl (RaftServerImpl.java:setRole(175)) - 86e2f92f-9f2f-47be-9996-581eb5cc11da@group-EDC9AD94D6A7: changes role from CANDIDATE to FOLLOWER at term 1 for recognizeCandidate:4a250b03-fc0c-4fc6-b3de-35498431563c
2020-07-01 01:40:07,831 [grpc-default-executor-2] INFO  impl.RoleInfo (RoleInfo.java:shutdownLeaderElection(134)) - 86e2f92f-9f2f-47be-9996-581eb5cc11da: shutdown LeaderElection
2020-07-01 01:40:07,831 [grpc-default-executor-8] DEBUG impl.RaftServerImpl (RaftServerImpl.java:requestVote(821)) - 8c5b2b67-bc34-46b0-b6c3-958390f4d72e@group-EDC9AD94D6A7: receive requestVote(4a250b03-fc0c-4fc6-b3de-35498431563c, group-EDC9AD94D6A7, 1, (t:0, i:0))
2020-07-01 01:40:07,835 [grpc-default-executor-2] INFO  impl.RoleInfo (RoleInfo.java:updateAndGet(143)) - 86e2f92f-9f2f-47be-9996-581eb5cc11da: start FollowerState
2020-07-01 01:40:07,839 [8c5b2b67-bc34-46b0-b6c3-958390f4d72e@group-006A94DDA21B-SegmentedRaftLogWorker] INFO  segmented.SegmentedRaftLogWorker (SegmentedRaftLogWorker.java:execute(596)) - 8c5b2b67-bc34-46b0-b6c3-958390f4d72e@group-006A94DDA21B-SegmentedRaftLogWorker: created new log segment /github/workspace/mnt/ozone/hadoop-ozone/integration-test/target/test-dir/MiniOzoneClusterImpl-1f0cff23-21f0-432d-9716-db38e1d74a84/datanode-7/data/ratis/db8ef107-4816-4818-8bc5-006a94dda21b/current/log_inprogress_0
2020-07-01 01:40:07,839 [173ba019-d60c-431a-ac38-4699cb5a8b68@group-E97C39D9038F-SegmentedRaftLogWorker] INFO  segmented.SegmentedRaftLogWorker (SegmentedRaftLogWorker.java:execute(596)) - 173ba019-d60c-431a-ac38-4699cb5a8b68@group-E97C39D9038F-SegmentedRaftLogWorker: created new log segment /github/workspace/mnt/ozone/hadoop-ozone/integration-test/target/test-dir/MiniOzoneClusterImpl-1f0cff23-21f0-432d-9716-db38e1d74a84/datanode-5/data/ratis/f886f815-1acb-48f4-a9d8-e97c39d9038f/current/log_inprogress_0
2020-07-01 01:40:07,856 [grpc-default-executor-5] INFO  impl.FollowerInfo (FollowerInfo.java:lambda$new$0(51)) - 2fd12e45-5261-4e74-9c65-dcdedcebcdd5@group-AB27BD356713->0e87e1a8-862d-4038-8503-5ba64ecc883e: nextIndex: updateUnconditionally 1 -> 0
2020-07-01 01:40:07,857 [8c5b2b67-bc34-46b0-b6c3-958390f4d72e@group-006A94DDA21B-LeaderElection14] INFO  impl.RaftServerImpl (ServerState.java:setRaftConf(356)) - 8c5b2b67-bc34-46b0-b6c3-958390f4d72e@group-006A94DDA21B: set configuration 0: [8c5b2b67-bc34-46b0-b6c3-958390f4d72e:172.17.0.2:43281], old=null at 0
2020-07-01 01:40:07,859 [grpc-default-executor-8] INFO  impl.RaftServerImpl (RaftServerImpl.java:setRole(175)) - 8c5b2b67-bc34-46b0-b6c3-958390f4d72e@group-EDC9AD94D6A7: changes role from CANDIDATE to FOLLOWER at term 1 for recognizeCandidate:4a250b03-fc0c-4fc6-b3de-35498431563c
2020-07-01 01:40:07,859 [grpc-default-executor-8] INFO  impl.RoleInfo (RoleInfo.java:shutdownLeaderElection(134)) - 8c5b2b67-bc34-46b0-b6c3-958390f4d72e: shutdown LeaderElection
2020-07-01 01:40:07,859 [grpc-default-executor-2] DEBUG impl.RaftServerImpl (RaftServerImpl.java:requestVote(853)) - 86e2f92f-9f2f-47be-9996-581eb5cc11da@group-EDC9AD94D6A7 replies to vote request: 4a250b03-fc0c-4fc6-b3de-35498431563c<-86e2f92f-9f2f-47be-9996-581eb5cc11da#0:FAIL-t1. Peer's state: 86e2f92f-9f2f-47be-9996-581eb5cc11da@group-EDC9AD94D6A7:t1, leader=null, voted=null, raftlog=86e2f92f-9f2f-47be-9996-581eb5cc11da@group-EDC9AD94D6A7-SegmentedRaftLog:OPENED:c-1,f-1,i0, conf=-1: [86e2f92f-9f2f-47be-9996-581eb5cc11da:172.17.0.2:36799, 4a250b03-fc0c-4fc6-b3de-35498431563c:172.17.0.2:42123, 8c5b2b67-bc34-46b0-b6c3-958390f4d72e:172.17.0.2:43281], old=null
2020-07-01 01:40:07,859 [grpc-default-executor-8] INFO  impl.RoleInfo (RoleInfo.java:updateAndGet(143)) - 8c5b2b67-bc34-46b0-b6c3-958390f4d72e: start FollowerState
2020-07-01 01:40:07,861 [173ba019-d60c-431a-ac38-4699cb5a8b68@group-E97C39D9038F-LeaderElection13] INFO  impl.RaftServerImpl (ServerState.java:setRaftConf(356)) - 173ba019-d60c-431a-ac38-4699cb5a8b68@group-E97C39D9038F: set configuration 0: [173ba019-d60c-431a-ac38-4699cb5a8b68:172.17.0.2:36303], old=null at 0
2020-07-01 01:40:07,861 [grpc-default-executor-4] INFO  impl.FollowerInfo (FollowerInfo.java:lambda$new$0(51)) - 2fd12e45-5261-4e74-9c65-dcdedcebcdd5@group-AB27BD356713->6047ccc9-2d31-4dc4-ab7e-9fb970240402: nextIndex: updateUnconditionally 1 -> 0
2020-07-01 01:40:07,860 [grpc-default-executor-7] INFO  impl.FollowerInfo (FollowerInfo.java:lambda$new$0(51)) - 2228b8b0-1bd4-4abc-8be5-fec7aeebcbed@group-3F4429ACDEA2->173ba019-d60c-431a-ac38-4699cb5a8b68: nextIndex: updateUnconditionally 0 -> 0
2020-07-01 01:40:07,860 [grpc-default-executor-6] INFO  impl.FollowerInfo (FollowerInfo.java:lambda$new$0(51)) - 2228b8b0-1bd4-4abc-8be5-fec7aeebcbed@group-3F4429ACDEA2->73a3d22a-588b-4473-8061-4380f2d261cd: nextIndex: updateUnconditionally 1 -> 0
2020-07-01 01:40:07,864 [86e2f92f-9f2f-47be-9996-581eb5cc11da@group-EDC9AD94D6A7-LeaderElection17] INFO  impl.LeaderElection (LeaderElection.java:askForVotes(206)) - 86e2f92f-9f2f-47be-9996-581eb5cc11da@group-EDC9AD94D6A7-LeaderElection17: begin an election at term 2 for -1: [86e2f92f-9f2f-47be-9996-581eb5cc11da:172.17.0.2:36799, 4a250b03-fc0c-4fc6-b3de-35498431563c:172.17.0.2:42123, 8c5b2b67-bc34-46b0-b6c3-958390f4d72e:172.17.0.2:43281], old=null
2020-07-01 01:40:07,867 [86e2f92f-9f2f-47be-9996-581eb5cc11da@group-EDC9AD94D6A7-LeaderElection17] INFO  impl.LeaderElection (LeaderElection.java:logAndReturn(61)) - 86e2f92f-9f2f-47be-9996-581eb5cc11da@group-EDC9AD94D6A7-LeaderElection17: Election REJECTED; received 0 response(s) [] and 0 exception(s); 86e2f92f-9f2f-47be-9996-581eb5cc11da@group-EDC9AD94D6A7:t2, leader=null, voted=86e2f92f-9f2f-47be-9996-581eb5cc11da, raftlog=86e2f92f-9f2f-47be-9996-581eb5cc11da@group-EDC9AD94D6A7-SegmentedRaftLog:OPENED:c-1,f-1,i0, conf=-1: [86e2f92f-9f2f-47be-9996-581eb5cc11da:172.17.0.2:36799, 4a250b03-fc0c-4fc6-b3de-35498431563c:172.17.0.2:42123, 8c5b2b67-bc34-46b0-b6c3-958390f4d72e:172.17.0.2:43281], old=null
2020-07-01 01:40:07,867 [86e2f92f-9f2f-47be-9996-581eb5cc11da@group-DEAE86D0D0F5-LeaderElection16] INFO  impl.LeaderElection (LeaderElection.java:askForVotes(206)) - 86e2f92f-9f2f-47be-9996-581eb5cc11da@group-DEAE86D0D0F5-LeaderElection16: begin an election at term 1 for -1: [86e2f92f-9f2f-47be-9996-581eb5cc11da:172.17.0.2:36799], old=null
2020-07-01 01:40:07,867 [86e2f92f-9f2f-47be-9996-581eb5cc11da@group-DEAE86D0D0F5-LeaderElection16] INFO  impl.RoleInfo (RoleInfo.java:shutdownLeaderElection(134)) - 86e2f92f-9f2f-47be-9996-581eb5cc11da: shutdown LeaderElection
2020-07-01 01:40:07,867 [86e2f92f-9f2f-47be-9996-581eb5cc11da@group-DEAE86D0D0F5-LeaderElection16] INFO  impl.RaftServerImpl (RaftServerImpl.java:setRole(175)) - 86e2f92f-9f2f-47be-9996-581eb5cc11da@group-DEAE86D0D0F5: changes role from CANDIDATE to LEADER at term 1 for changeToLeader
2020-07-01 01:40:07,867 [86e2f92f-9f2f-47be-9996-581eb5cc11da@group-DEAE86D0D0F5-LeaderElection16] INFO  ratis.XceiverServerRatis (XceiverServerRatis.java:handleLeaderChangedNotification(762)) - Leader change notification received for group: group-DEAE86D0D0F5 with new leaderId: 86e2f92f-9f2f-47be-9996-581eb5cc11da
2020-07-01 01:40:07,867 [86e2f92f-9f2f-47be-9996-581eb5cc11da@group-DEAE86D0D0F5-LeaderElection16] INFO  impl.RaftServerImpl (ServerState.java:setLeader(255)) - 86e2f92f-9f2f-47be-9996-581eb5cc11da@group-DEAE86D0D0F5: change Leader from null to 86e2f92f-9f2f-47be-9996-581eb5cc11da at term 1 for becomeLeader, leader elected after 5309ms
2020-07-01 01:40:07,867 [86e2f92f-9f2f-47be-9996-581eb5cc11da@group-DEAE86D0D0F5-LeaderElection16] INFO  server.RaftServerConfigKeys (ConfUtils.java:logGet(44)) - raft.server.staging.catchup.gap = 1000 (default)
2020-07-01 01:40:07,867 [86e2f92f-9f2f-47be-9996-581eb5cc11da@group-DEAE86D0D0F5-LeaderElection16] INFO  server.RaftServerConfigKeys (ConfUtils.java:logGet(44)) - raft.server.rpc.sleep.time = 25ms (default)
2020-07-01 01:40:07,867 [86e2f92f-9f2f-47be-9996-581eb5cc11da@group-DEAE86D0D0F5-LeaderElection16] INFO  metrics.RatisMetrics (RatisMetrics.java:lambda$create$0(36)) - Creating Metrics Registry : ratis.log_appender.86e2f92f-9f2f-47be-9996-581eb5cc11da@group-DEAE86D0D0F5
2020-07-01 01:40:07,867 [86e2f92f-9f2f-47be-9996-581eb5cc11da@group-DEAE86D0D0F5-LeaderElection16] INFO  server.RaftServerConfigKeys (ConfUtils.java:logGet(44)) - raft.server.write.element-limit = 1024 (custom)
2020-07-01 01:40:07,867 [86e2f92f-9f2f-47be-9996-581eb5cc11da@group-DEAE86D0D0F5-LeaderElection16] INFO  server.RaftServerConfigKeys (ConfUtils.java:logGet(44)) - raft.server.write.byte-limit = 1073741824 (custom)
2020-07-01 01:40:07,868 [86e2f92f-9f2f-47be-9996-581eb5cc11da@group-DEAE86D0D0F5-LeaderElection16] INFO  server.RaftServerConfigKeys (ConfUtils.java:logGet(44)) - raft.server.watch.timeout = 3s (custom)
2020-07-01 01:40:07,868 [86e2f92f-9f2f-47be-9996-581eb5cc11da@group-DEAE86D0D0F5-LeaderElection16] INFO  server.RaftServerConfigKeys (ConfUtils.java:logGet(44)) - raft.server.watch.timeout.denomination = 1s (default)
2020-07-01 01:40:07,868 [86e2f92f-9f2f-47be-9996-581eb5cc11da@group-DEAE86D0D0F5-LeaderElection16] INFO  server.RaftServerConfigKeys (ConfUtils.java:logGet(44)) - raft.server.watch.element-limit = 65536 (default)
2020-07-01 01:40:07,868 [86e2f92f-9f2f-47be-9996-581eb5cc11da@group-DEAE86D0D0F5-LeaderElection16] INFO  impl.RoleInfo (RoleInfo.java:updateAndGet(143)) - 86e2f92f-9f2f-47be-9996-581eb5cc11da: start LeaderState
2020-07-01 01:40:07,868 [86e2f92f-9f2f-47be-9996-581eb5cc11da@group-DEAE86D0D0F5-LeaderElection16] INFO  segmented.SegmentedRaftLogWorker (SegmentedRaftLogWorker.java:startLogSegment(397)) - 86e2f92f-9f2f-47be-9996-581eb5cc11da@group-DEAE86D0D0F5-SegmentedRaftLogWorker: Starting segment from index:0
2020-07-01 01:40:07,872 [86e2f92f-9f2f-47be-9996-581eb5cc11da@group-DEAE86D0D0F5-LeaderElection16] INFO  impl.RaftServerImpl (ServerState.java:setRaftConf(356)) - 86e2f92f-9f2f-47be-9996-581eb5cc11da@group-DEAE86D0D0F5: set configuration 0: [86e2f92f-9f2f-47be-9996-581eb5cc11da:172.17.0.2:36799], old=null at 0
2020-07-01 01:40:07,873 [86e2f92f-9f2f-47be-9996-581eb5cc11da@group-DEAE86D0D0F5-SegmentedRaftLogWorker] INFO  segmented.SegmentedRaftLogWorker (SegmentedRaftLogWorker.java:execute(596)) - 86e2f92f-9f2f-47be-9996-581eb5cc11da@group-DEAE86D0D0F5-SegmentedRaftLogWorker: created new log segment /github/workspace/mnt/ozone/hadoop-ozone/integration-test/target/test-dir/MiniOzoneClusterImpl-1f0cff23-21f0-432d-9716-db38e1d74a84/datanode-8/data/ratis/6953edba-cdff-4ce3-ac45-deae86d0d0f5/current/log_inprogress_0
2020-07-01 01:40:07,879 [grpc-default-executor-8] DEBUG impl.RaftServerImpl (RaftServerImpl.java:requestVote(853)) - 8c5b2b67-bc34-46b0-b6c3-958390f4d72e@group-EDC9AD94D6A7 replies to vote request: 4a250b03-fc0c-4fc6-b3de-35498431563c<-8c5b2b67-bc34-46b0-b6c3-958390f4d72e#0:FAIL-t1. Peer's state: 8c5b2b67-bc34-46b0-b6c3-958390f4d72e@group-EDC9AD94D6A7:t1, leader=null, voted=null, raftlog=8c5b2b67-bc34-46b0-b6c3-958390f4d72e@group-EDC9AD94D6A7-SegmentedRaftLog:OPENED:c-1,f-1,i0, conf=-1: [86e2f92f-9f2f-47be-9996-581eb5cc11da:172.17.0.2:36799, 4a250b03-fc0c-4fc6-b3de-35498431563c:172.17.0.2:42123, 8c5b2b67-bc34-46b0-b6c3-958390f4d72e:172.17.0.2:43281], old=null
2020-07-01 01:40:07,881 [8c5b2b67-bc34-46b0-b6c3-958390f4d72e@group-EDC9AD94D6A7-LeaderElection15] INFO  impl.LeaderElection (LeaderElection.java:askForVotes(206)) - 8c5b2b67-bc34-46b0-b6c3-958390f4d72e@group-EDC9AD94D6A7-LeaderElection15: begin an election at term 2 for -1: [86e2f92f-9f2f-47be-9996-581eb5cc11da:172.17.0.2:36799, 4a250b03-fc0c-4fc6-b3de-35498431563c:172.17.0.2:42123, 8c5b2b67-bc34-46b0-b6c3-958390f4d72e:172.17.0.2:43281], old=null
2020-07-01 01:40:07,882 [4a250b03-fc0c-4fc6-b3de-35498431563c@group-EDC9AD94D6A7-LeaderElection12] INFO  impl.LeaderElection (LeaderElection.java:logAndReturn(61)) - 4a250b03-fc0c-4fc6-b3de-35498431563c@group-EDC9AD94D6A7-LeaderElection12: Election REJECTED; received 2 response(s) [4a250b03-fc0c-4fc6-b3de-35498431563c<-86e2f92f-9f2f-47be-9996-581eb5cc11da#0:FAIL-t1, 4a250b03-fc0c-4fc6-b3de-35498431563c<-8c5b2b67-bc34-46b0-b6c3-958390f4d72e#0:FAIL-t1] and 0 exception(s); 4a250b03-fc0c-4fc6-b3de-35498431563c@group-EDC9AD94D6A7:t1, leader=null, voted=4a250b03-fc0c-4fc6-b3de-35498431563c, raftlog=4a250b03-fc0c-4fc6-b3de-35498431563c@group-EDC9AD94D6A7-SegmentedRaftLog:OPENED:c-1,f-1,i0, conf=-1: [86e2f92f-9f2f-47be-9996-581eb5cc11da:172.17.0.2:36799, 4a250b03-fc0c-4fc6-b3de-35498431563c:172.17.0.2:42123, 8c5b2b67-bc34-46b0-b6c3-958390f4d72e:172.17.0.2:43281], old=null
2020-07-01 01:40:07,896 [4a250b03-fc0c-4fc6-b3de-35498431563c@group-EDC9AD94D6A7-LeaderElection12] INFO  impl.RaftServerImpl (RaftServerImpl.java:setRole(175)) - 4a250b03-fc0c-4fc6-b3de-35498431563c@group-EDC9AD94D6A7: changes role from CANDIDATE to FOLLOWER at term 1 for DISCOVERED_A_NEW_TERM
2020-07-01 01:40:07,896 [4a250b03-fc0c-4fc6-b3de-35498431563c@group-EDC9AD94D6A7-LeaderElection12] INFO  impl.RoleInfo (RoleInfo.java:shutdownLeaderElection(134)) - 4a250b03-fc0c-4fc6-b3de-35498431563c: shutdown LeaderElection
2020-07-01 01:40:07,896 [4a250b03-fc0c-4fc6-b3de-35498431563c@group-EDC9AD94D6A7-LeaderElection12] INFO  impl.RoleInfo (RoleInfo.java:updateAndGet(143)) - 4a250b03-fc0c-4fc6-b3de-35498431563c: start FollowerState
2020-07-01 01:40:07,882 [8c5b2b67-bc34-46b0-b6c3-958390f4d72e@group-EDC9AD94D6A7-LeaderElection15] INFO  impl.LeaderElection (LeaderElection.java:logAndReturn(61)) - 8c5b2b67-bc34-46b0-b6c3-958390f4d72e@group-EDC9AD94D6A7-LeaderElection15: Election REJECTED; received 0 response(s) [] and 0 exception(s); 8c5b2b67-bc34-46b0-b6c3-958390f4d72e@group-EDC9AD94D6A7:t2, leader=null, voted=8c5b2b67-bc34-46b0-b6c3-958390f4d72e, raftlog=8c5b2b67-bc34-46b0-b6c3-958390f4d72e@group-EDC9AD94D6A7-SegmentedRaftLog:OPENED:c-1,f-1,i0, conf=-1: [86e2f92f-9f2f-47be-9996-581eb5cc11da:172.17.0.2:36799, 4a250b03-fc0c-4fc6-b3de-35498431563c:172.17.0.2:42123, 8c5b2b67-bc34-46b0-b6c3-958390f4d72e:172.17.0.2:43281], old=null
2020-07-01 01:40:07,896 [grpc-default-executor-6] DEBUG impl.RaftServerImpl (RaftServerImpl.java:requestVote(821)) - 8c5b2b67-bc34-46b0-b6c3-958390f4d72e@group-EDC9AD94D6A7: receive requestVote(86e2f92f-9f2f-47be-9996-581eb5cc11da, group-EDC9AD94D6A7, 2, (t:0, i:0))
2020-07-01 01:40:07,912 [grpc-default-executor-6] DEBUG impl.RaftServerImpl (RaftServerImpl.java:requestVote(853)) - 8c5b2b67-bc34-46b0-b6c3-958390f4d72e@group-EDC9AD94D6A7 replies to vote request: 86e2f92f-9f2f-47be-9996-581eb5cc11da<-8c5b2b67-bc34-46b0-b6c3-958390f4d72e#0:FAIL-t2. Peer's state: 8c5b2b67-bc34-46b0-b6c3-958390f4d72e@group-EDC9AD94D6A7:t2, leader=null, voted=8c5b2b67-bc34-46b0-b6c3-958390f4d72e, raftlog=8c5b2b67-bc34-46b0-b6c3-958390f4d72e@group-EDC9AD94D6A7-SegmentedRaftLog:OPENED:c-1,f-1,i0, conf=-1: [86e2f92f-9f2f-47be-9996-581eb5cc11da:172.17.0.2:36799, 4a250b03-fc0c-4fc6-b3de-35498431563c:172.17.0.2:42123, 8c5b2b67-bc34-46b0-b6c3-958390f4d72e:172.17.0.2:43281], old=null
2020-07-01 01:40:07,896 [grpc-default-executor-8] DEBUG impl.RaftServerImpl (RaftServerImpl.java:requestVote(821)) - 4a250b03-fc0c-4fc6-b3de-35498431563c@group-EDC9AD94D6A7: receive requestVote(86e2f92f-9f2f-47be-9996-581eb5cc11da, group-EDC9AD94D6A7, 2, (t:0, i:0))
2020-07-01 01:40:07,915 [grpc-default-executor-8] INFO  impl.RaftServerImpl (RaftServerImpl.java:setRole(175)) - 4a250b03-fc0c-4fc6-b3de-35498431563c@group-EDC9AD94D6A7: changes role from  FOLLOWER to FOLLOWER at term 2 for recognizeCandidate:86e2f92f-9f2f-47be-9996-581eb5cc11da
2020-07-01 01:40:07,915 [grpc-default-executor-8] INFO  impl.RoleInfo (RoleInfo.java:shutdownFollowerState(121)) - 4a250b03-fc0c-4fc6-b3de-35498431563c: shutdown FollowerState
2020-07-01 01:40:07,915 [grpc-default-executor-8] INFO  impl.RoleInfo (RoleInfo.java:updateAndGet(143)) - 4a250b03-fc0c-4fc6-b3de-35498431563c: start FollowerState
2020-07-01 01:40:07,915 [grpc-default-executor-6] DEBUG impl.RaftServerImpl (RaftServerImpl.java:requestVote(821)) - 86e2f92f-9f2f-47be-9996-581eb5cc11da@group-EDC9AD94D6A7: receive requestVote(8c5b2b67-bc34-46b0-b6c3-958390f4d72e, group-EDC9AD94D6A7, 2, (t:0, i:0))
2020-07-01 01:40:07,916 [grpc-default-executor-6] DEBUG impl.RaftServerImpl (RaftServerImpl.java:requestVote(853)) - 86e2f92f-9f2f-47be-9996-581eb5cc11da@group-EDC9AD94D6A7 replies to vote request: 8c5b2b67-bc34-46b0-b6c3-958390f4d72e<-86e2f92f-9f2f-47be-9996-581eb5cc11da#0:FAIL-t2. Peer's state: 86e2f92f-9f2f-47be-9996-581eb5cc11da@group-EDC9AD94D6A7:t2, leader=null, voted=86e2f92f-9f2f-47be-9996-581eb5cc11da, raftlog=86e2f92f-9f2f-47be-9996-581eb5cc11da@group-EDC9AD94D6A7-SegmentedRaftLog:OPENED:c-1,f-1,i0, conf=-1: [86e2f92f-9f2f-47be-9996-581eb5cc11da:172.17.0.2:36799, 4a250b03-fc0c-4fc6-b3de-35498431563c:172.17.0.2:42123, 8c5b2b67-bc34-46b0-b6c3-958390f4d72e:172.17.0.2:43281], old=null
2020-07-01 01:40:07,917 [grpc-default-executor-8] DEBUG impl.RaftServerImpl (RaftServerImpl.java:requestVote(853)) - 4a250b03-fc0c-4fc6-b3de-35498431563c@group-EDC9AD94D6A7 replies to vote request: 86e2f92f-9f2f-47be-9996-581eb5cc11da<-4a250b03-fc0c-4fc6-b3de-35498431563c#0:OK-t2. Peer's state: 4a250b03-fc0c-4fc6-b3de-35498431563c@group-EDC9AD94D6A7:t2, leader=null, voted=86e2f92f-9f2f-47be-9996-581eb5cc11da, raftlog=4a250b03-fc0c-4fc6-b3de-35498431563c@group-EDC9AD94D6A7-SegmentedRaftLog:OPENED:c-1,f-1,i0, conf=-1: [86e2f92f-9f2f-47be-9996-581eb5cc11da:172.17.0.2:36799, 4a250b03-fc0c-4fc6-b3de-35498431563c:172.17.0.2:42123, 8c5b2b67-bc34-46b0-b6c3-958390f4d72e:172.17.0.2:43281], old=null
2020-07-01 01:40:07,920 [grpc-default-executor-6] DEBUG impl.RaftServerImpl (RaftServerImpl.java:requestVote(821)) - 4a250b03-fc0c-4fc6-b3de-35498431563c@group-EDC9AD94D6A7: receive requestVote(8c5b2b67-bc34-46b0-b6c3-958390f4d72e, group-EDC9AD94D6A7, 2, (t:0, i:0))
2020-07-01 01:40:07,925 [grpc-default-executor-6] DEBUG impl.RaftServerImpl (RaftServerImpl.java:requestVote(853)) - 4a250b03-fc0c-4fc6-b3de-35498431563c@group-EDC9AD94D6A7 replies to vote request: 8c5b2b67-bc34-46b0-b6c3-958390f4d72e<-4a250b03-fc0c-4fc6-b3de-35498431563c#0:FAIL-t2. Peer's state: 4a250b03-fc0c-4fc6-b3de-35498431563c@group-EDC9AD94D6A7:t2, leader=null, voted=86e2f92f-9f2f-47be-9996-581eb5cc11da, raftlog=4a250b03-fc0c-4fc6-b3de-35498431563c@group-EDC9AD94D6A7-SegmentedRaftLog:OPENED:c-1,f-1,i0, conf=-1: [86e2f92f-9f2f-47be-9996-581eb5cc11da:172.17.0.2:36799, 4a250b03-fc0c-4fc6-b3de-35498431563c:172.17.0.2:42123, 8c5b2b67-bc34-46b0-b6c3-958390f4d72e:172.17.0.2:43281], old=null
2020-07-01 01:40:08,270 [Listener at 127.0.0.1/36859] INFO  rpc.RpcClient (RpcClient.java:createVolume(315)) - Creating Volume: watchforcommithandlingtest, with jenkins1001 as owner.
2020-07-01 01:40:08,348 [IPC Server handler 8 on default port 36859] INFO  volume.OMVolumeCreateRequest (OMVolumeCreateRequest.java:validateAndUpdateCache(208)) - created volume:watchforcommithandlingtest for user:jenkins1001
2020-07-01 01:40:08,362 [Listener at 127.0.0.1/36859] INFO  rpc.RpcClient (RpcClient.java:createBucket(458)) - Creating Bucket: watchforcommithandlingtest/watchforcommithandlingtest, with Versioning false and Storage Type set to DISK and Encryption set to false 
2020-07-01 01:40:08,374 [Listener at 127.0.0.1/36859] INFO  ozone.MiniOzoneClusterImpl (MiniOzoneClusterImpl.java:getStorageContainerLocationClient(289)) - Creating StorageContainerLocationProtocol RPC client with address /0.0.0.0:39249
2020-07-01 01:40:08,496 [Listener at 127.0.0.1/36859] INFO  impl.MetricsSystemImpl (MetricsSystemImpl.java:init(158)) - XceiverClientMetrics metrics system started (again)
2020-07-01 01:40:08,593 [grpc-default-executor-6] DEBUG impl.RaftServerImpl (RaftServerImpl.java:submitClientRequestAsync(575)) - 2fd12e45-5261-4e74-9c65-dcdedcebcdd5@group-AB27BD356713: receive client request(RaftClientRequest:client-065F38B42D72->2fd12e45-5261-4e74-9c65-dcdedcebcdd5@group-AB27BD356713, cid=18, seq=1*, Watch(0), Message:<EMPTY>)
2020-07-01 01:40:10,426 [EventQueue-Delayed safe mode statusForReplicationManager] INFO  container.ReplicationManager (ReplicationManager.java:start(176)) - Starting Replication Monitor Thread.
2020-07-01 01:40:10,429 [ReplicationMonitor] INFO  container.ReplicationManager (ReplicationManager.java:run(240)) - Replication Monitor Thread took 2 milliseconds for processing 1 containers.
2020-07-01 01:40:10,429 [EventQueue-CloseContainerForCloseContainerEventHandler] INFO  container.CloseContainerEventHandler (CloseContainerEventHandler.java:onMessage(61)) - Close container Event triggered for container : #1
2020-07-01 01:40:12,205 [Command processor thread] ERROR commandhandler.CloseContainerCommandHandler (CloseContainerCommandHandler.java:handle(85)) - Container #1 does not exist in datanode. Container close failed.
2020-07-01 01:40:12,441 [Thread-322] INFO  impl.FollowerState (FollowerState.java:run(108)) - 6047ccc9-2d31-4dc4-ab7e-9fb970240402@group-AB27BD356713-FollowerState: change to CANDIDATE, lastRpcTime:5100ms, electionTimeout:5100ms
2020-07-01 01:40:12,441 [Thread-322] INFO  impl.RoleInfo (RoleInfo.java:shutdownFollowerState(121)) - 6047ccc9-2d31-4dc4-ab7e-9fb970240402: shutdown FollowerState
2020-07-01 01:40:12,441 [Thread-322] INFO  impl.RaftServerImpl (RaftServerImpl.java:setRole(175)) - 6047ccc9-2d31-4dc4-ab7e-9fb970240402@group-AB27BD356713: changes role from  FOLLOWER to CANDIDATE at term 2 for changeToCandidate
2020-07-01 01:40:12,441 [Thread-322] INFO  impl.RoleInfo (RoleInfo.java:updateAndGet(143)) - 6047ccc9-2d31-4dc4-ab7e-9fb970240402: start LeaderElection
2020-07-01 01:40:12,443 [6047ccc9-2d31-4dc4-ab7e-9fb970240402@group-AB27BD356713-LeaderElection18] INFO  impl.LeaderElection (LeaderElection.java:askForVotes(206)) - 6047ccc9-2d31-4dc4-ab7e-9fb970240402@group-AB27BD356713-LeaderElection18: begin an election at term 3 for -1: [6047ccc9-2d31-4dc4-ab7e-9fb970240402:172.17.0.2:43531, 2fd12e45-5261-4e74-9c65-dcdedcebcdd5:172.17.0.2:38961, 0e87e1a8-862d-4038-8503-5ba64ecc883e:172.17.0.2:44311], old=null
2020-07-01 01:40:12,452 [grpc-default-executor-6] DEBUG impl.RaftServerImpl (RaftServerImpl.java:requestVote(821)) - 0e87e1a8-862d-4038-8503-5ba64ecc883e@group-AB27BD356713: receive requestVote(6047ccc9-2d31-4dc4-ab7e-9fb970240402, group-AB27BD356713, 3, (t:0, i:0))
2020-07-01 01:40:12,452 [grpc-default-executor-6] INFO  impl.RaftServerImpl (RaftServerImpl.java:setRole(175)) - 0e87e1a8-862d-4038-8503-5ba64ecc883e@group-AB27BD356713: changes role from  FOLLOWER to FOLLOWER at term 3 for recognizeCandidate:6047ccc9-2d31-4dc4-ab7e-9fb970240402
2020-07-01 01:40:12,452 [grpc-default-executor-6] INFO  impl.RoleInfo (RoleInfo.java:shutdownFollowerState(121)) - 0e87e1a8-862d-4038-8503-5ba64ecc883e: shutdown FollowerState
2020-07-01 01:40:12,452 [grpc-default-executor-6] INFO  impl.RoleInfo (RoleInfo.java:updateAndGet(143)) - 0e87e1a8-862d-4038-8503-5ba64ecc883e: start FollowerState
2020-07-01 01:40:12,452 [Thread-338] INFO  impl.FollowerState (FollowerState.java:run(117)) - 0e87e1a8-862d-4038-8503-5ba64ecc883e@group-AB27BD356713-FollowerState was interrupted: java.lang.InterruptedException: sleep interrupted
2020-07-01 01:40:12,452 [grpc-default-executor-8] DEBUG impl.RaftServerImpl (RaftServerImpl.java:requestVote(821)) - 2fd12e45-5261-4e74-9c65-dcdedcebcdd5@group-AB27BD356713: receive requestVote(6047ccc9-2d31-4dc4-ab7e-9fb970240402, group-AB27BD356713, 3, (t:0, i:0))
2020-07-01 01:40:12,452 [grpc-default-executor-8] INFO  impl.RaftServerImpl (RaftServerImpl.java:setRole(175)) - 2fd12e45-5261-4e74-9c65-dcdedcebcdd5@group-AB27BD356713: changes role from  FOLLOWER to FOLLOWER at term 3 for recognizeCandidate:6047ccc9-2d31-4dc4-ab7e-9fb970240402
2020-07-01 01:40:12,452 [grpc-default-executor-8] INFO  impl.RoleInfo (RoleInfo.java:shutdownFollowerState(121)) - 2fd12e45-5261-4e74-9c65-dcdedcebcdd5: shutdown FollowerState
2020-07-01 01:40:12,454 [grpc-default-executor-8] INFO  impl.RoleInfo (RoleInfo.java:updateAndGet(143)) - 2fd12e45-5261-4e74-9c65-dcdedcebcdd5: start FollowerState
2020-07-01 01:40:12,454 [Thread-350] INFO  impl.FollowerState (FollowerState.java:run(117)) - 2fd12e45-5261-4e74-9c65-dcdedcebcdd5@group-AB27BD356713-FollowerState was interrupted: java.lang.InterruptedException: sleep interrupted
2020-07-01 01:40:12,456 [grpc-default-executor-6] DEBUG impl.RaftServerImpl (RaftServerImpl.java:requestVote(853)) - 0e87e1a8-862d-4038-8503-5ba64ecc883e@group-AB27BD356713 replies to vote request: 6047ccc9-2d31-4dc4-ab7e-9fb970240402<-0e87e1a8-862d-4038-8503-5ba64ecc883e#0:OK-t3. Peer's state: 0e87e1a8-862d-4038-8503-5ba64ecc883e@group-AB27BD356713:t3, leader=null, voted=6047ccc9-2d31-4dc4-ab7e-9fb970240402, raftlog=0e87e1a8-862d-4038-8503-5ba64ecc883e@group-AB27BD356713-SegmentedRaftLog:OPENED:c-1,f-1,i0, conf=-1: [6047ccc9-2d31-4dc4-ab7e-9fb970240402:172.17.0.2:43531, 2fd12e45-5261-4e74-9c65-dcdedcebcdd5:172.17.0.2:38961, 0e87e1a8-862d-4038-8503-5ba64ecc883e:172.17.0.2:44311], old=null
2020-07-01 01:40:12,456 [grpc-default-executor-8] DEBUG impl.RaftServerImpl (RaftServerImpl.java:requestVote(853)) - 2fd12e45-5261-4e74-9c65-dcdedcebcdd5@group-AB27BD356713 replies to vote request: 6047ccc9-2d31-4dc4-ab7e-9fb970240402<-2fd12e45-5261-4e74-9c65-dcdedcebcdd5#0:FAIL-t3. Peer's state: 2fd12e45-5261-4e74-9c65-dcdedcebcdd5@group-AB27BD356713:t3, leader=null, voted=null, raftlog=2fd12e45-5261-4e74-9c65-dcdedcebcdd5@group-AB27BD356713-SegmentedRaftLog:OPENED:c0,f0,i0, conf=0: [6047ccc9-2d31-4dc4-ab7e-9fb970240402:172.17.0.2:43531, 2fd12e45-5261-4e74-9c65-dcdedcebcdd5:172.17.0.2:38961, 0e87e1a8-862d-4038-8503-5ba64ecc883e:172.17.0.2:44311], old=null
2020-07-01 01:40:12,459 [6047ccc9-2d31-4dc4-ab7e-9fb970240402@group-AB27BD356713-LeaderElection18] INFO  impl.LeaderElection (LeaderElection.java:logAndReturn(61)) - 6047ccc9-2d31-4dc4-ab7e-9fb970240402@group-AB27BD356713-LeaderElection18: Election PASSED; received 2 response(s) [6047ccc9-2d31-4dc4-ab7e-9fb970240402<-2fd12e45-5261-4e74-9c65-dcdedcebcdd5#0:FAIL-t3, 6047ccc9-2d31-4dc4-ab7e-9fb970240402<-0e87e1a8-862d-4038-8503-5ba64ecc883e#0:OK-t3] and 0 exception(s); 6047ccc9-2d31-4dc4-ab7e-9fb970240402@group-AB27BD356713:t3, leader=null, voted=6047ccc9-2d31-4dc4-ab7e-9fb970240402, raftlog=6047ccc9-2d31-4dc4-ab7e-9fb970240402@group-AB27BD356713-SegmentedRaftLog:OPENED:c-1,f-1,i0, conf=-1: [6047ccc9-2d31-4dc4-ab7e-9fb970240402:172.17.0.2:43531, 2fd12e45-5261-4e74-9c65-dcdedcebcdd5:172.17.0.2:38961, 0e87e1a8-862d-4038-8503-5ba64ecc883e:172.17.0.2:44311], old=null
2020-07-01 01:40:12,461 [grpc-default-executor-8] DEBUG impl.RaftServerImpl (RaftServerImpl.java:submitClientRequestAsync(575)) - 6047ccc9-2d31-4dc4-ab7e-9fb970240402@group-AB27BD356713: receive client request(RaftClientRequest:client-065F38B42D72->6047ccc9-2d31-4dc4-ab7e-9fb970240402@group-AB27BD356713, cid=18, seq=1*, Watch(0), Message:<EMPTY>)
2020-07-01 01:40:12,463 [6047ccc9-2d31-4dc4-ab7e-9fb970240402@group-AB27BD356713-LeaderElection18] INFO  impl.RoleInfo (RoleInfo.java:shutdownLeaderElection(134)) - 6047ccc9-2d31-4dc4-ab7e-9fb970240402: shutdown LeaderElection
2020-07-01 01:40:12,466 [6047ccc9-2d31-4dc4-ab7e-9fb970240402@group-AB27BD356713-LeaderElection18] INFO  impl.RaftServerImpl (RaftServerImpl.java:setRole(175)) - 6047ccc9-2d31-4dc4-ab7e-9fb970240402@group-AB27BD356713: changes role from CANDIDATE to LEADER at term 3 for changeToLeader
2020-07-01 01:40:12,466 [6047ccc9-2d31-4dc4-ab7e-9fb970240402@group-AB27BD356713-LeaderElection18] INFO  ratis.XceiverServerRatis (XceiverServerRatis.java:handleLeaderChangedNotification(762)) - Leader change notification received for group: group-AB27BD356713 with new leaderId: 6047ccc9-2d31-4dc4-ab7e-9fb970240402
2020-07-01 01:40:12,469 [6047ccc9-2d31-4dc4-ab7e-9fb970240402@group-AB27BD356713-LeaderElection18] INFO  impl.RaftServerImpl (ServerState.java:setLeader(255)) - 6047ccc9-2d31-4dc4-ab7e-9fb970240402@group-AB27BD356713: change Leader from null to 6047ccc9-2d31-4dc4-ab7e-9fb970240402 at term 3 for becomeLeader, leader elected after 10275ms
2020-07-01 01:40:12,469 [6047ccc9-2d31-4dc4-ab7e-9fb970240402@group-AB27BD356713-LeaderElection18] INFO  server.RaftServerConfigKeys (ConfUtils.java:logGet(44)) - raft.server.staging.catchup.gap = 1000 (default)
2020-07-01 01:40:12,470 [6047ccc9-2d31-4dc4-ab7e-9fb970240402@group-AB27BD356713-LeaderElection18] INFO  server.RaftServerConfigKeys (ConfUtils.java:logGet(44)) - raft.server.rpc.sleep.time = 25ms (default)
2020-07-01 01:40:12,470 [6047ccc9-2d31-4dc4-ab7e-9fb970240402@group-AB27BD356713-LeaderElection18] INFO  metrics.RatisMetrics (RatisMetrics.java:lambda$create$0(36)) - Creating Metrics Registry : ratis.log_appender.6047ccc9-2d31-4dc4-ab7e-9fb970240402@group-AB27BD356713
2020-07-01 01:40:12,470 [6047ccc9-2d31-4dc4-ab7e-9fb970240402@group-AB27BD356713-LeaderElection18] INFO  server.RaftServerConfigKeys (ConfUtils.java:logGet(44)) - raft.server.write.element-limit = 1024 (custom)
2020-07-01 01:40:12,470 [6047ccc9-2d31-4dc4-ab7e-9fb970240402@group-AB27BD356713-LeaderElection18] INFO  server.RaftServerConfigKeys (ConfUtils.java:logGet(44)) - raft.server.write.byte-limit = 1073741824 (custom)
2020-07-01 01:40:12,470 [6047ccc9-2d31-4dc4-ab7e-9fb970240402@group-AB27BD356713-LeaderElection18] INFO  server.RaftServerConfigKeys (ConfUtils.java:logGet(44)) - raft.server.watch.timeout = 3s (custom)
2020-07-01 01:40:12,470 [6047ccc9-2d31-4dc4-ab7e-9fb970240402@group-AB27BD356713-LeaderElection18] INFO  server.RaftServerConfigKeys (ConfUtils.java:logGet(44)) - raft.server.watch.timeout.denomination = 1s (default)
2020-07-01 01:40:12,470 [6047ccc9-2d31-4dc4-ab7e-9fb970240402@group-AB27BD356713-LeaderElection18] INFO  server.RaftServerConfigKeys (ConfUtils.java:logGet(44)) - raft.server.watch.element-limit = 65536 (default)
2020-07-01 01:40:12,470 [6047ccc9-2d31-4dc4-ab7e-9fb970240402@group-AB27BD356713-LeaderElection18] INFO  server.RaftServerConfigKeys (ConfUtils.java:logGet(44)) - raft.server.log.appender.snapshot.chunk.size.max = 16MB (=16777216) (default)
2020-07-01 01:40:12,470 [6047ccc9-2d31-4dc4-ab7e-9fb970240402@group-AB27BD356713-LeaderElection18] INFO  server.RaftServerConfigKeys (ConfUtils.java:logGet(44)) - raft.server.log.appender.buffer.byte-limit = 33554432 (custom)
2020-07-01 01:40:12,471 [6047ccc9-2d31-4dc4-ab7e-9fb970240402@group-AB27BD356713-LeaderElection18] INFO  server.RaftServerConfigKeys (ConfUtils.java:logGet(44)) - raft.server.log.appender.buffer.element-limit = 1 (custom)
2020-07-01 01:40:12,471 [6047ccc9-2d31-4dc4-ab7e-9fb970240402@group-AB27BD356713-LeaderElection18] INFO  grpc.GrpcConfigKeys (ConfUtils.java:logGet(44)) - raft.grpc.server.leader.outstanding.appends.max = 128 (default)
2020-07-01 01:40:12,471 [6047ccc9-2d31-4dc4-ab7e-9fb970240402@group-AB27BD356713-LeaderElection18] INFO  server.RaftServerConfigKeys (ConfUtils.java:logGet(44)) - raft.server.rpc.request.timeout = 3s (default)
2020-07-01 01:40:12,471 [6047ccc9-2d31-4dc4-ab7e-9fb970240402@group-AB27BD356713-LeaderElection18] INFO  server.RaftServerConfigKeys (ConfUtils.java:logGet(44)) - raft.server.log.appender.install.snapshot.enabled = false (custom)
2020-07-01 01:40:12,471 [6047ccc9-2d31-4dc4-ab7e-9fb970240402@group-AB27BD356713-LeaderElection18] INFO  metrics.RatisMetrics (RatisMetrics.java:lambda$create$0(36)) - Creating Metrics Registry : ratis_grpc.log_appender.6047ccc9-2d31-4dc4-ab7e-9fb970240402@group-AB27BD356713
2020-07-01 01:40:12,472 [6047ccc9-2d31-4dc4-ab7e-9fb970240402@group-AB27BD356713-LeaderElection18] INFO  server.RaftServerConfigKeys (ConfUtils.java:logGet(44)) - raft.server.log.appender.snapshot.chunk.size.max = 16MB (=16777216) (default)
2020-07-01 01:40:12,472 [6047ccc9-2d31-4dc4-ab7e-9fb970240402@group-AB27BD356713-LeaderElection18] INFO  server.RaftServerConfigKeys (ConfUtils.java:logGet(44)) - raft.server.log.appender.buffer.byte-limit = 33554432 (custom)
2020-07-01 01:40:12,472 [6047ccc9-2d31-4dc4-ab7e-9fb970240402@group-AB27BD356713-LeaderElection18] INFO  server.RaftServerConfigKeys (ConfUtils.java:logGet(44)) - raft.server.log.appender.buffer.element-limit = 1 (custom)
2020-07-01 01:40:12,472 [6047ccc9-2d31-4dc4-ab7e-9fb970240402@group-AB27BD356713-LeaderElection18] INFO  grpc.GrpcConfigKeys (ConfUtils.java:logGet(44)) - raft.grpc.server.leader.outstanding.appends.max = 128 (default)
2020-07-01 01:40:12,472 [6047ccc9-2d31-4dc4-ab7e-9fb970240402@group-AB27BD356713-LeaderElection18] INFO  server.RaftServerConfigKeys (ConfUtils.java:logGet(44)) - raft.server.rpc.request.timeout = 3s (default)
2020-07-01 01:40:12,472 [6047ccc9-2d31-4dc4-ab7e-9fb970240402@group-AB27BD356713-LeaderElection18] INFO  server.RaftServerConfigKeys (ConfUtils.java:logGet(44)) - raft.server.log.appender.install.snapshot.enabled = false (custom)
2020-07-01 01:40:12,473 [6047ccc9-2d31-4dc4-ab7e-9fb970240402@group-AB27BD356713-LeaderElection18] INFO  impl.RoleInfo (RoleInfo.java:updateAndGet(143)) - 6047ccc9-2d31-4dc4-ab7e-9fb970240402: start LeaderState
2020-07-01 01:40:12,473 [6047ccc9-2d31-4dc4-ab7e-9fb970240402@group-AB27BD356713-LeaderElection18] INFO  segmented.SegmentedRaftLogWorker (SegmentedRaftLogWorker.java:startLogSegment(397)) - 6047ccc9-2d31-4dc4-ab7e-9fb970240402@group-AB27BD356713-SegmentedRaftLogWorker: Starting segment from index:0
2020-07-01 01:40:12,475 [6047ccc9-2d31-4dc4-ab7e-9fb970240402@group-AB27BD356713-SegmentedRaftLogWorker] INFO  segmented.SegmentedRaftLogWorker (SegmentedRaftLogWorker.java:execute(596)) - 6047ccc9-2d31-4dc4-ab7e-9fb970240402@group-AB27BD356713-SegmentedRaftLogWorker: created new log segment /github/workspace/mnt/ozone/hadoop-ozone/integration-test/target/test-dir/MiniOzoneClusterImpl-1f0cff23-21f0-432d-9716-db38e1d74a84/datanode-2/data/ratis/b37d36ce-baae-4bb5-9fd1-ab27bd356713/current/log_inprogress_0
2020-07-01 01:40:12,477 [6047ccc9-2d31-4dc4-ab7e-9fb970240402@group-AB27BD356713-LeaderElection18] INFO  impl.RaftServerImpl (ServerState.java:setRaftConf(356)) - 6047ccc9-2d31-4dc4-ab7e-9fb970240402@group-AB27BD356713: set configuration 0: [6047ccc9-2d31-4dc4-ab7e-9fb970240402:172.17.0.2:43531, 2fd12e45-5261-4e74-9c65-dcdedcebcdd5:172.17.0.2:38961, 0e87e1a8-862d-4038-8503-5ba64ecc883e:172.17.0.2:44311], old=null at 0
2020-07-01 01:40:12,480 [grpc-default-executor-6] INFO  ratis.XceiverServerRatis (XceiverServerRatis.java:handleLeaderChangedNotification(762)) - Leader change notification received for group: group-AB27BD356713 with new leaderId: 6047ccc9-2d31-4dc4-ab7e-9fb970240402
2020-07-01 01:40:12,482 [grpc-default-executor-6] INFO  impl.RaftServerImpl (ServerState.java:setLeader(255)) - 2fd12e45-5261-4e74-9c65-dcdedcebcdd5@group-AB27BD356713: change Leader from null to 6047ccc9-2d31-4dc4-ab7e-9fb970240402 at term 3 for appendEntries, leader elected after 4992ms
2020-07-01 01:40:12,485 [grpc-default-executor-2] INFO  ratis.XceiverServerRatis (XceiverServerRatis.java:handleLeaderChangedNotification(762)) - Leader change notification received for group: group-AB27BD356713 with new leaderId: 6047ccc9-2d31-4dc4-ab7e-9fb970240402
2020-07-01 01:40:12,485 [grpc-default-executor-2] INFO  impl.RaftServerImpl (ServerState.java:setLeader(255)) - 0e87e1a8-862d-4038-8503-5ba64ecc883e@group-AB27BD356713: change Leader from null to 6047ccc9-2d31-4dc4-ab7e-9fb970240402 at term 3 for appendEntries, leader elected after 10398ms
2020-07-01 01:40:12,488 [grpc-default-executor-7] DEBUG server.GrpcLogAppender (GrpcLogAppender.java:onNext(257)) - 6047ccc9-2d31-4dc4-ab7e-9fb970240402@group-AB27BD356713->2fd12e45-5261-4e74-9c65-dcdedcebcdd5-AppendLogResponseHandler: received the first reply 6047ccc9-2d31-4dc4-ab7e-9fb970240402<-2fd12e45-5261-4e74-9c65-dcdedcebcdd5#0:OK,SUCCESS,nextIndex:1,term:3,followerCommit:0, request=AppendEntriesRequest:cid=0,entriesCount=0,lastEntry=null
2020-07-01 01:40:12,488 [grpc-default-executor-6] DEBUG impl.RaftServerImpl (RaftServerImpl.java:logAppendEntries(928)) - 2fd12e45-5261-4e74-9c65-dcdedcebcdd5@group-AB27BD356713: receive appendEntries(6047ccc9-2d31-4dc4-ab7e-9fb970240402, 3, null, 0, false, commits[6047ccc9-2d31-4dc4-ab7e-9fb970240402:c0, 2fd12e45-5261-4e74-9c65-dcdedcebcdd5:c-1, 0e87e1a8-862d-4038-8503-5ba64ecc883e:c-1], entries: (t:3, i:0), CONFIGURATIONENTRY
2020-07-01 01:40:12,490 [Thread-343] INFO  impl.FollowerState (FollowerState.java:run(108)) - 73a3d22a-588b-4473-8061-4380f2d261cd@group-3F4429ACDEA2-FollowerState: change to CANDIDATE, lastRpcTime:5002ms, electionTimeout:5002ms
2020-07-01 01:40:12,490 [Thread-343] INFO  impl.RoleInfo (RoleInfo.java:shutdownFollowerState(121)) - 73a3d22a-588b-4473-8061-4380f2d261cd: shutdown FollowerState
2020-07-01 01:40:12,490 [Thread-343] INFO  impl.RaftServerImpl (RaftServerImpl.java:setRole(175)) - 73a3d22a-588b-4473-8061-4380f2d261cd@group-3F4429ACDEA2: changes role from  FOLLOWER to CANDIDATE at term 2 for changeToCandidate
2020-07-01 01:40:12,490 [Thread-343] INFO  impl.RoleInfo (RoleInfo.java:updateAndGet(143)) - 73a3d22a-588b-4473-8061-4380f2d261cd: start LeaderElection
2020-07-01 01:40:12,507 [73a3d22a-588b-4473-8061-4380f2d261cd@group-3F4429ACDEA2-LeaderElection19] INFO  impl.LeaderElection (LeaderElection.java:askForVotes(206)) - 73a3d22a-588b-4473-8061-4380f2d261cd@group-3F4429ACDEA2-LeaderElection19: begin an election at term 3 for -1: [2228b8b0-1bd4-4abc-8be5-fec7aeebcbed:172.17.0.2:33817, 73a3d22a-588b-4473-8061-4380f2d261cd:172.17.0.2:41891, 173ba019-d60c-431a-ac38-4699cb5a8b68:172.17.0.2:36303], old=null
2020-07-01 01:40:12,508 [grpc-default-executor-6] INFO  impl.RaftServerImpl (ServerState.java:setRaftConf(356)) - 2fd12e45-5261-4e74-9c65-dcdedcebcdd5@group-AB27BD356713: set configuration 0: [6047ccc9-2d31-4dc4-ab7e-9fb970240402:172.17.0.2:43531, 2fd12e45-5261-4e74-9c65-dcdedcebcdd5:172.17.0.2:38961, 0e87e1a8-862d-4038-8503-5ba64ecc883e:172.17.0.2:44311], old=null at 0
2020-07-01 01:40:12,510 [grpc-default-executor-6] INFO  segmented.SegmentedRaftLogWorker (SegmentedRaftLogWorker.java:truncate(413)) - 2fd12e45-5261-4e74-9c65-dcdedcebcdd5@group-AB27BD356713-SegmentedRaftLogWorker: Truncating segments toTruncate: null
  toDelete: [(0, 0) isOpen? true, length=0, newEndIndex=-1], start index 0
2020-07-01 01:40:12,511 [2fd12e45-5261-4e74-9c65-dcdedcebcdd5@group-AB27BD356713-SegmentedRaftLogWorker] INFO  segmented.SegmentedRaftLogWorker (SegmentedRaftLogWorker.java:execute(663)) - 2fd12e45-5261-4e74-9c65-dcdedcebcdd5@group-AB27BD356713-SegmentedRaftLogWorker: Deleted log file /github/workspace/mnt/ozone/hadoop-ozone/integration-test/target/test-dir/MiniOzoneClusterImpl-1f0cff23-21f0-432d-9716-db38e1d74a84/datanode-0/data/ratis/b37d36ce-baae-4bb5-9fd1-ab27bd356713/current/log_inprogress_0
2020-07-01 01:40:12,512 [2fd12e45-5261-4e74-9c65-dcdedcebcdd5@group-AB27BD356713-SegmentedRaftLogWorker] INFO  segmented.SegmentedRaftLogWorker (SegmentedRaftLogWorker.java:lambda$new$0(129)) - 2fd12e45-5261-4e74-9c65-dcdedcebcdd5@group-AB27BD356713-SegmentedRaftLogWorker: flushIndex: setUnconditionally 0 -> -1
2020-07-01 01:40:12,512 [2fd12e45-5261-4e74-9c65-dcdedcebcdd5@group-AB27BD356713-SegmentedRaftLogWorker] INFO  segmented.SegmentedRaftLogWorker (SegmentedRaftLogWorker.java:lambda$new$0(129)) - 2fd12e45-5261-4e74-9c65-dcdedcebcdd5@group-AB27BD356713-SegmentedRaftLogWorker: safeCacheEvictIndex: setUnconditionally -1 -> -1
2020-07-01 01:40:12,512 [grpc-default-executor-6] INFO  segmented.SegmentedRaftLogWorker (SegmentedRaftLogWorker.java:startLogSegment(397)) - 2fd12e45-5261-4e74-9c65-dcdedcebcdd5@group-AB27BD356713-SegmentedRaftLogWorker: Starting segment from index:0
2020-07-01 01:40:12,513 [grpc-default-executor-8] DEBUG impl.RaftServerImpl (RaftServerImpl.java:logAppendEntries(928)) - 0e87e1a8-862d-4038-8503-5ba64ecc883e@group-AB27BD356713: receive appendEntries(6047ccc9-2d31-4dc4-ab7e-9fb970240402, 3, null, 0, false, commits[6047ccc9-2d31-4dc4-ab7e-9fb970240402:c0, 2fd12e45-5261-4e74-9c65-dcdedcebcdd5:c-1, 0e87e1a8-862d-4038-8503-5ba64ecc883e:c-1], entries: (t:3, i:0), CONFIGURATIONENTRY
2020-07-01 01:40:12,513 [grpc-default-executor-8] INFO  impl.RaftServerImpl (ServerState.java:setRaftConf(356)) - 0e87e1a8-862d-4038-8503-5ba64ecc883e@group-AB27BD356713: set configuration 0: [6047ccc9-2d31-4dc4-ab7e-9fb970240402:172.17.0.2:43531, 2fd12e45-5261-4e74-9c65-dcdedcebcdd5:172.17.0.2:38961, 0e87e1a8-862d-4038-8503-5ba64ecc883e:172.17.0.2:44311], old=null at 0
2020-07-01 01:40:12,513 [grpc-default-executor-8] INFO  segmented.SegmentedRaftLogWorker (SegmentedRaftLogWorker.java:startLogSegment(397)) - 0e87e1a8-862d-4038-8503-5ba64ecc883e@group-AB27BD356713-SegmentedRaftLogWorker: Starting segment from index:0
2020-07-01 01:40:12,513 [2fd12e45-5261-4e74-9c65-dcdedcebcdd5@group-AB27BD356713-SegmentedRaftLogWorker] INFO  segmented.SegmentedRaftLogWorker (SegmentedRaftLogWorker.java:execute(596)) - 2fd12e45-5261-4e74-9c65-dcdedcebcdd5@group-AB27BD356713-SegmentedRaftLogWorker: created new log segment /github/workspace/mnt/ozone/hadoop-ozone/integration-test/target/test-dir/MiniOzoneClusterImpl-1f0cff23-21f0-432d-9716-db38e1d74a84/datanode-0/data/ratis/b37d36ce-baae-4bb5-9fd1-ab27bd356713/current/log_inprogress_0
2020-07-01 01:40:12,514 [grpc-default-executor-7] DEBUG server.GrpcLogAppender (GrpcLogAppender.java:onNext(257)) - 6047ccc9-2d31-4dc4-ab7e-9fb970240402@group-AB27BD356713->0e87e1a8-862d-4038-8503-5ba64ecc883e-AppendLogResponseHandler: received the first reply 6047ccc9-2d31-4dc4-ab7e-9fb970240402<-0e87e1a8-862d-4038-8503-5ba64ecc883e#0:OK,SUCCESS,nextIndex:0,term:3,followerCommit:-1, request=AppendEntriesRequest:cid=0,entriesCount=0,lastEntry=null
2020-07-01 01:40:12,516 [grpc-default-executor-7] DEBUG impl.RaftServerImpl (RaftServerImpl.java:requestVote(821)) - 2228b8b0-1bd4-4abc-8be5-fec7aeebcbed@group-3F4429ACDEA2: receive requestVote(73a3d22a-588b-4473-8061-4380f2d261cd, group-3F4429ACDEA2, 3, (t:0, i:0))
2020-07-01 01:40:12,516 [grpc-default-executor-7] INFO  impl.RaftServerImpl (RaftServerImpl.java:setRole(175)) - 2228b8b0-1bd4-4abc-8be5-fec7aeebcbed@group-3F4429ACDEA2: changes role from  FOLLOWER to FOLLOWER at term 3 for recognizeCandidate:73a3d22a-588b-4473-8061-4380f2d261cd
2020-07-01 01:40:12,516 [grpc-default-executor-7] INFO  impl.RoleInfo (RoleInfo.java:shutdownFollowerState(121)) - 2228b8b0-1bd4-4abc-8be5-fec7aeebcbed: shutdown FollowerState
2020-07-01 01:40:12,518 [grpc-default-executor-7] INFO  impl.RoleInfo (RoleInfo.java:updateAndGet(143)) - 2228b8b0-1bd4-4abc-8be5-fec7aeebcbed: start FollowerState
2020-07-01 01:40:12,518 [Thread-355] INFO  impl.FollowerState (FollowerState.java:run(117)) - 2228b8b0-1bd4-4abc-8be5-fec7aeebcbed@group-3F4429ACDEA2-FollowerState was interrupted: java.lang.InterruptedException: sleep interrupted
2020-07-01 01:40:12,520 [grpc-default-executor-6] DEBUG impl.RaftServerImpl (RaftServerImpl.java:requestVote(821)) - 173ba019-d60c-431a-ac38-4699cb5a8b68@group-3F4429ACDEA2: receive requestVote(73a3d22a-588b-4473-8061-4380f2d261cd, group-3F4429ACDEA2, 3, (t:0, i:0))
2020-07-01 01:40:12,520 [grpc-default-executor-6] INFO  impl.RaftServerImpl (RaftServerImpl.java:setRole(175)) - 173ba019-d60c-431a-ac38-4699cb5a8b68@group-3F4429ACDEA2: changes role from  FOLLOWER to FOLLOWER at term 3 for recognizeCandidate:73a3d22a-588b-4473-8061-4380f2d261cd
2020-07-01 01:40:12,520 [grpc-default-executor-6] INFO  impl.RoleInfo (RoleInfo.java:shutdownFollowerState(121)) - 173ba019-d60c-431a-ac38-4699cb5a8b68: shutdown FollowerState
2020-07-01 01:40:12,521 [grpc-default-executor-7] DEBUG impl.RaftServerImpl (RaftServerImpl.java:requestVote(853)) - 2228b8b0-1bd4-4abc-8be5-fec7aeebcbed@group-3F4429ACDEA2 replies to vote request: 73a3d22a-588b-4473-8061-4380f2d261cd<-2228b8b0-1bd4-4abc-8be5-fec7aeebcbed#0:FAIL-t3. Peer's state: 2228b8b0-1bd4-4abc-8be5-fec7aeebcbed@group-3F4429ACDEA2:t3, leader=null, voted=null, raftlog=2228b8b0-1bd4-4abc-8be5-fec7aeebcbed@group-3F4429ACDEA2-SegmentedRaftLog:OPENED:c-1,f0,i0, conf=0: [2228b8b0-1bd4-4abc-8be5-fec7aeebcbed:172.17.0.2:33817, 73a3d22a-588b-4473-8061-4380f2d261cd:172.17.0.2:41891, 173ba019-d60c-431a-ac38-4699cb5a8b68:172.17.0.2:36303], old=null
2020-07-01 01:40:12,524 [grpc-default-executor-6] INFO  impl.RoleInfo (RoleInfo.java:updateAndGet(143)) - 173ba019-d60c-431a-ac38-4699cb5a8b68: start FollowerState
2020-07-01 01:40:12,524 [Thread-360] INFO  impl.FollowerState (FollowerState.java:run(117)) - 173ba019-d60c-431a-ac38-4699cb5a8b68@group-3F4429ACDEA2-FollowerState was interrupted: java.lang.InterruptedException: sleep interrupted
2020-07-01 01:40:12,527 [Thread-394] DEBUG impl.RaftServerImpl (RaftServerImpl.java:logAppendEntries(928)) - 2fd12e45-5261-4e74-9c65-dcdedcebcdd5@group-AB27BD356713: succeeded to handle AppendEntries. Reply: 6047ccc9-2d31-4dc4-ab7e-9fb970240402<-2fd12e45-5261-4e74-9c65-dcdedcebcdd5#1:OK,SUCCESS,nextIndex:1,term:3,followerCommit:0
2020-07-01 01:40:12,528 [0e87e1a8-862d-4038-8503-5ba64ecc883e@group-AB27BD356713-SegmentedRaftLogWorker] INFO  segmented.SegmentedRaftLogWorker (SegmentedRaftLogWorker.java:execute(596)) - 0e87e1a8-862d-4038-8503-5ba64ecc883e@group-AB27BD356713-SegmentedRaftLogWorker: created new log segment /github/workspace/mnt/ozone/hadoop-ozone/integration-test/target/test-dir/MiniOzoneClusterImpl-1f0cff23-21f0-432d-9716-db38e1d74a84/datanode-1/data/ratis/b37d36ce-baae-4bb5-9fd1-ab27bd356713/current/log_inprogress_0
2020-07-01 01:40:12,528 [grpc-default-executor-8] DEBUG server.GrpcLogAppender (GrpcLogAppender.java:onNext(257)) - 6047ccc9-2d31-4dc4-ab7e-9fb970240402@group-AB27BD356713->2fd12e45-5261-4e74-9c65-dcdedcebcdd5-AppendLogResponseHandler: received a reply 6047ccc9-2d31-4dc4-ab7e-9fb970240402<-2fd12e45-5261-4e74-9c65-dcdedcebcdd5#1:OK,SUCCESS,nextIndex:1,term:3,followerCommit:0, request=AppendEntriesRequest:cid=1,entriesCount=1,lastEntry=(t:3, i:0)
2020-07-01 01:40:12,529 [grpc-default-executor-6] DEBUG impl.RaftServerImpl (RaftServerImpl.java:requestVote(853)) - 173ba019-d60c-431a-ac38-4699cb5a8b68@group-3F4429ACDEA2 replies to vote request: 73a3d22a-588b-4473-8061-4380f2d261cd<-173ba019-d60c-431a-ac38-4699cb5a8b68#0:OK-t3. Peer's state: 173ba019-d60c-431a-ac38-4699cb5a8b68@group-3F4429ACDEA2:t3, leader=null, voted=73a3d22a-588b-4473-8061-4380f2d261cd, raftlog=173ba019-d60c-431a-ac38-4699cb5a8b68@group-3F4429ACDEA2-SegmentedRaftLog:OPENED:c-1,f-1,i0, conf=-1: [2228b8b0-1bd4-4abc-8be5-fec7aeebcbed:172.17.0.2:33817, 73a3d22a-588b-4473-8061-4380f2d261cd:172.17.0.2:41891, 173ba019-d60c-431a-ac38-4699cb5a8b68:172.17.0.2:36303], old=null
2020-07-01 01:40:12,530 [Thread-397] DEBUG impl.RaftServerImpl (RaftServerImpl.java:logAppendEntries(928)) - 0e87e1a8-862d-4038-8503-5ba64ecc883e@group-AB27BD356713: succeeded to handle AppendEntries. Reply: 6047ccc9-2d31-4dc4-ab7e-9fb970240402<-0e87e1a8-862d-4038-8503-5ba64ecc883e#1:OK,SUCCESS,nextIndex:1,term:3,followerCommit:0
2020-07-01 01:40:12,530 [73a3d22a-588b-4473-8061-4380f2d261cd@group-3F4429ACDEA2-LeaderElection19] INFO  impl.LeaderElection (LeaderElection.java:logAndReturn(61)) - 73a3d22a-588b-4473-8061-4380f2d261cd@group-3F4429ACDEA2-LeaderElection19: Election PASSED; received 2 response(s) [73a3d22a-588b-4473-8061-4380f2d261cd<-2228b8b0-1bd4-4abc-8be5-fec7aeebcbed#0:FAIL-t3, 73a3d22a-588b-4473-8061-4380f2d261cd<-173ba019-d60c-431a-ac38-4699cb5a8b68#0:OK-t3] and 0 exception(s); 73a3d22a-588b-4473-8061-4380f2d261cd@group-3F4429ACDEA2:t3, leader=null, voted=73a3d22a-588b-4473-8061-4380f2d261cd, raftlog=73a3d22a-588b-4473-8061-4380f2d261cd@group-3F4429ACDEA2-SegmentedRaftLog:OPENED:c-1,f-1,i0, conf=-1: [2228b8b0-1bd4-4abc-8be5-fec7aeebcbed:172.17.0.2:33817, 73a3d22a-588b-4473-8061-4380f2d261cd:172.17.0.2:41891, 173ba019-d60c-431a-ac38-4699cb5a8b68:172.17.0.2:36303], old=null
2020-07-01 01:40:12,536 [73a3d22a-588b-4473-8061-4380f2d261cd@group-3F4429ACDEA2-LeaderElection19] INFO  impl.RoleInfo (RoleInfo.java:shutdownLeaderElection(134)) - 73a3d22a-588b-4473-8061-4380f2d261cd: shutdown LeaderElection
2020-07-01 01:40:12,536 [73a3d22a-588b-4473-8061-4380f2d261cd@group-3F4429ACDEA2-LeaderElection19] INFO  impl.RaftServerImpl (RaftServerImpl.java:setRole(175)) - 73a3d22a-588b-4473-8061-4380f2d261cd@group-3F4429ACDEA2: changes role from CANDIDATE to LEADER at term 3 for changeToLeader
2020-07-01 01:40:12,537 [73a3d22a-588b-4473-8061-4380f2d261cd@group-3F4429ACDEA2-LeaderElection19] INFO  ratis.XceiverServerRatis (XceiverServerRatis.java:handleLeaderChangedNotification(762)) - Leader change notification received for group: group-3F4429ACDEA2 with new leaderId: 73a3d22a-588b-4473-8061-4380f2d261cd
2020-07-01 01:40:12,538 [73a3d22a-588b-4473-8061-4380f2d261cd@group-3F4429ACDEA2-LeaderElection19] INFO  impl.RaftServerImpl (ServerState.java:setLeader(255)) - 73a3d22a-588b-4473-8061-4380f2d261cd@group-3F4429ACDEA2: change Leader from null to 73a3d22a-588b-4473-8061-4380f2d261cd at term 3 for becomeLeader, leader elected after 10215ms
2020-07-01 01:40:12,538 [73a3d22a-588b-4473-8061-4380f2d261cd@group-3F4429ACDEA2-LeaderElection19] INFO  server.RaftServerConfigKeys (ConfUtils.java:logGet(44)) - raft.server.staging.catchup.gap = 1000 (default)
2020-07-01 01:40:12,538 [73a3d22a-588b-4473-8061-4380f2d261cd@group-3F4429ACDEA2-LeaderElection19] INFO  server.RaftServerConfigKeys (ConfUtils.java:logGet(44)) - raft.server.rpc.sleep.time = 25ms (default)
2020-07-01 01:40:12,538 [73a3d22a-588b-4473-8061-4380f2d261cd@group-3F4429ACDEA2-LeaderElection19] INFO  metrics.RatisMetrics (RatisMetrics.java:lambda$create$0(36)) - Creating Metrics Registry : ratis.log_appender.73a3d22a-588b-4473-8061-4380f2d261cd@group-3F4429ACDEA2
2020-07-01 01:40:12,537 [grpc-default-executor-6] DEBUG server.GrpcLogAppender (GrpcLogAppender.java:onNext(257)) - 6047ccc9-2d31-4dc4-ab7e-9fb970240402@group-AB27BD356713->0e87e1a8-862d-4038-8503-5ba64ecc883e-AppendLogResponseHandler: received a reply 6047ccc9-2d31-4dc4-ab7e-9fb970240402<-0e87e1a8-862d-4038-8503-5ba64ecc883e#1:OK,SUCCESS,nextIndex:1,term:3,followerCommit:0, request=AppendEntriesRequest:cid=1,entriesCount=1,lastEntry=(t:3, i:0)
2020-07-01 01:40:12,538 [73a3d22a-588b-4473-8061-4380f2d261cd@group-3F4429ACDEA2-LeaderElection19] INFO  server.RaftServerConfigKeys (ConfUtils.java:logGet(44)) - raft.server.write.element-limit = 1024 (custom)
2020-07-01 01:40:12,538 [73a3d22a-588b-4473-8061-4380f2d261cd@group-3F4429ACDEA2-LeaderElection19] INFO  server.RaftServerConfigKeys (ConfUtils.java:logGet(44)) - raft.server.write.byte-limit = 1073741824 (custom)
2020-07-01 01:40:12,539 [73a3d22a-588b-4473-8061-4380f2d261cd@group-3F4429ACDEA2-LeaderElection19] INFO  server.RaftServerConfigKeys (ConfUtils.java:logGet(44)) - raft.server.watch.timeout = 3s (custom)
2020-07-01 01:40:12,539 [73a3d22a-588b-4473-8061-4380f2d261cd@group-3F4429ACDEA2-LeaderElection19] INFO  server.RaftServerConfigKeys (ConfUtils.java:logGet(44)) - raft.server.watch.timeout.denomination = 1s (default)
2020-07-01 01:40:12,539 [73a3d22a-588b-4473-8061-4380f2d261cd@group-3F4429ACDEA2-LeaderElection19] INFO  server.RaftServerConfigKeys (ConfUtils.java:logGet(44)) - raft.server.watch.element-limit = 65536 (default)
2020-07-01 01:40:12,539 [73a3d22a-588b-4473-8061-4380f2d261cd@group-3F4429ACDEA2-LeaderElection19] INFO  server.RaftServerConfigKeys (ConfUtils.java:logGet(44)) - raft.server.log.appender.snapshot.chunk.size.max = 16MB (=16777216) (default)
2020-07-01 01:40:12,539 [73a3d22a-588b-4473-8061-4380f2d261cd@group-3F4429ACDEA2-LeaderElection19] INFO  server.RaftServerConfigKeys (ConfUtils.java:logGet(44)) - raft.server.log.appender.buffer.byte-limit = 33554432 (custom)
2020-07-01 01:40:12,539 [73a3d22a-588b-4473-8061-4380f2d261cd@group-3F4429ACDEA2-LeaderElection19] INFO  server.RaftServerConfigKeys (ConfUtils.java:logGet(44)) - raft.server.log.appender.buffer.element-limit = 1 (custom)
2020-07-01 01:40:12,539 [73a3d22a-588b-4473-8061-4380f2d261cd@group-3F4429ACDEA2-LeaderElection19] INFO  grpc.GrpcConfigKeys (ConfUtils.java:logGet(44)) - raft.grpc.server.leader.outstanding.appends.max = 128 (default)
2020-07-01 01:40:12,539 [73a3d22a-588b-4473-8061-4380f2d261cd@group-3F4429ACDEA2-LeaderElection19] INFO  server.RaftServerConfigKeys (ConfUtils.java:logGet(44)) - raft.server.rpc.request.timeout = 3s (default)
2020-07-01 01:40:12,539 [73a3d22a-588b-4473-8061-4380f2d261cd@group-3F4429ACDEA2-LeaderElection19] INFO  server.RaftServerConfigKeys (ConfUtils.java:logGet(44)) - raft.server.log.appender.install.snapshot.enabled = false (custom)
2020-07-01 01:40:12,539 [73a3d22a-588b-4473-8061-4380f2d261cd@group-3F4429ACDEA2-LeaderElection19] INFO  metrics.RatisMetrics (RatisMetrics.java:lambda$create$0(36)) - Creating Metrics Registry : ratis_grpc.log_appender.73a3d22a-588b-4473-8061-4380f2d261cd@group-3F4429ACDEA2
2020-07-01 01:40:12,540 [73a3d22a-588b-4473-8061-4380f2d261cd@group-3F4429ACDEA2-LeaderElection19] INFO  server.RaftServerConfigKeys (ConfUtils.java:logGet(44)) - raft.server.log.appender.snapshot.chunk.size.max = 16MB (=16777216) (default)
2020-07-01 01:40:12,540 [73a3d22a-588b-4473-8061-4380f2d261cd@group-3F4429ACDEA2-LeaderElection19] INFO  server.RaftServerConfigKeys (ConfUtils.java:logGet(44)) - raft.server.log.appender.buffer.byte-limit = 33554432 (custom)
2020-07-01 01:40:12,540 [73a3d22a-588b-4473-8061-4380f2d261cd@group-3F4429ACDEA2-LeaderElection19] INFO  server.RaftServerConfigKeys (ConfUtils.java:logGet(44)) - raft.server.log.appender.buffer.element-limit = 1 (custom)
2020-07-01 01:40:12,540 [73a3d22a-588b-4473-8061-4380f2d261cd@group-3F4429ACDEA2-LeaderElection19] INFO  grpc.GrpcConfigKeys (ConfUtils.java:logGet(44)) - raft.grpc.server.leader.outstanding.appends.max = 128 (default)
2020-07-01 01:40:12,540 [73a3d22a-588b-4473-8061-4380f2d261cd@group-3F4429ACDEA2-LeaderElection19] INFO  server.RaftServerConfigKeys (ConfUtils.java:logGet(44)) - raft.server.rpc.request.timeout = 3s (default)
2020-07-01 01:40:12,540 [73a3d22a-588b-4473-8061-4380f2d261cd@group-3F4429ACDEA2-LeaderElection19] INFO  server.RaftServerConfigKeys (ConfUtils.java:logGet(44)) - raft.server.log.appender.install.snapshot.enabled = false (custom)
2020-07-01 01:40:12,541 [73a3d22a-588b-4473-8061-4380f2d261cd@group-3F4429ACDEA2-LeaderElection19] INFO  impl.RoleInfo (RoleInfo.java:updateAndGet(143)) - 73a3d22a-588b-4473-8061-4380f2d261cd: start LeaderState
2020-07-01 01:40:12,542 [73a3d22a-588b-4473-8061-4380f2d261cd@group-3F4429ACDEA2-LeaderElection19] INFO  segmented.SegmentedRaftLogWorker (SegmentedRaftLogWorker.java:startLogSegment(397)) - 73a3d22a-588b-4473-8061-4380f2d261cd@group-3F4429ACDEA2-SegmentedRaftLogWorker: Starting segment from index:0
2020-07-01 01:40:12,543 [73a3d22a-588b-4473-8061-4380f2d261cd@group-3F4429ACDEA2-SegmentedRaftLogWorker] INFO  segmented.SegmentedRaftLogWorker (SegmentedRaftLogWorker.java:execute(596)) - 73a3d22a-588b-4473-8061-4380f2d261cd@group-3F4429ACDEA2-SegmentedRaftLogWorker: created new log segment /github/workspace/mnt/ozone/hadoop-ozone/integration-test/target/test-dir/MiniOzoneClusterImpl-1f0cff23-21f0-432d-9716-db38e1d74a84/datanode-4/data/ratis/320967b6-edd7-4d00-bc0b-3f4429acdea2/current/log_inprogress_0
2020-07-01 01:40:12,545 [grpc-default-executor-8] INFO  ratis.XceiverServerRatis (XceiverServerRatis.java:handleLeaderChangedNotification(762)) - Leader change notification received for group: group-3F4429ACDEA2 with new leaderId: 73a3d22a-588b-4473-8061-4380f2d261cd
2020-07-01 01:40:12,545 [grpc-default-executor-8] INFO  impl.RaftServerImpl (ServerState.java:setLeader(255)) - 2228b8b0-1bd4-4abc-8be5-fec7aeebcbed@group-3F4429ACDEA2: change Leader from null to 73a3d22a-588b-4473-8061-4380f2d261cd at term 3 for appendEntries, leader elected after 4971ms
2020-07-01 01:40:12,546 [73a3d22a-588b-4473-8061-4380f2d261cd@group-3F4429ACDEA2-LeaderElection19] INFO  impl.RaftServerImpl (ServerState.java:setRaftConf(356)) - 73a3d22a-588b-4473-8061-4380f2d261cd@group-3F4429ACDEA2: set configuration 0: [2228b8b0-1bd4-4abc-8be5-fec7aeebcbed:172.17.0.2:33817, 73a3d22a-588b-4473-8061-4380f2d261cd:172.17.0.2:41891, 173ba019-d60c-431a-ac38-4699cb5a8b68:172.17.0.2:36303], old=null at 0
2020-07-01 01:40:12,549 [grpc-default-executor-7] INFO  ratis.XceiverServerRatis (XceiverServerRatis.java:handleLeaderChangedNotification(762)) - Leader change notification received for group: group-3F4429ACDEA2 with new leaderId: 73a3d22a-588b-4473-8061-4380f2d261cd
2020-07-01 01:40:12,549 [grpc-default-executor-7] INFO  impl.RaftServerImpl (ServerState.java:setLeader(255)) - 173ba019-d60c-431a-ac38-4699cb5a8b68@group-3F4429ACDEA2: change Leader from null to 73a3d22a-588b-4473-8061-4380f2d261cd at term 3 for appendEntries, leader elected after 10145ms
2020-07-01 01:40:12,550 [grpc-default-executor-8] DEBUG impl.RaftServerImpl (RaftServerImpl.java:logAppendEntries(928)) - 2228b8b0-1bd4-4abc-8be5-fec7aeebcbed@group-3F4429ACDEA2: receive appendEntries(73a3d22a-588b-4473-8061-4380f2d261cd, 3, null, 0, false, commits[73a3d22a-588b-4473-8061-4380f2d261cd:c0, 2228b8b0-1bd4-4abc-8be5-fec7aeebcbed:c-1, 173ba019-d60c-431a-ac38-4699cb5a8b68:c-1], entries: (t:3, i:0), CONFIGURATIONENTRY
2020-07-01 01:40:12,551 [grpc-default-executor-8] INFO  impl.RaftServerImpl (ServerState.java:setRaftConf(356)) - 2228b8b0-1bd4-4abc-8be5-fec7aeebcbed@group-3F4429ACDEA2: set configuration 0: [2228b8b0-1bd4-4abc-8be5-fec7aeebcbed:172.17.0.2:33817, 73a3d22a-588b-4473-8061-4380f2d261cd:172.17.0.2:41891, 173ba019-d60c-431a-ac38-4699cb5a8b68:172.17.0.2:36303], old=null at 0
2020-07-01 01:40:12,551 [grpc-default-executor-8] INFO  segmented.SegmentedRaftLogWorker (SegmentedRaftLogWorker.java:truncate(413)) - 2228b8b0-1bd4-4abc-8be5-fec7aeebcbed@group-3F4429ACDEA2-SegmentedRaftLogWorker: Truncating segments toTruncate: null
  toDelete: [(0, 0) isOpen? true, length=0, newEndIndex=-1], start index 0
2020-07-01 01:40:12,551 [grpc-default-executor-8] INFO  segmented.SegmentedRaftLogWorker (SegmentedRaftLogWorker.java:startLogSegment(397)) - 2228b8b0-1bd4-4abc-8be5-fec7aeebcbed@group-3F4429ACDEA2-SegmentedRaftLogWorker: Starting segment from index:0
2020-07-01 01:40:12,551 [2228b8b0-1bd4-4abc-8be5-fec7aeebcbed@group-3F4429ACDEA2-SegmentedRaftLogWorker] INFO  segmented.SegmentedRaftLogWorker (SegmentedRaftLogWorker.java:execute(663)) - 2228b8b0-1bd4-4abc-8be5-fec7aeebcbed@group-3F4429ACDEA2-SegmentedRaftLogWorker: Deleted log file /github/workspace/mnt/ozone/hadoop-ozone/integration-test/target/test-dir/MiniOzoneClusterImpl-1f0cff23-21f0-432d-9716-db38e1d74a84/datanode-3/data/ratis/320967b6-edd7-4d00-bc0b-3f4429acdea2/current/log_inprogress_0
2020-07-01 01:40:12,551 [2228b8b0-1bd4-4abc-8be5-fec7aeebcbed@group-3F4429ACDEA2-SegmentedRaftLogWorker] INFO  segmented.SegmentedRaftLogWorker (SegmentedRaftLogWorker.java:lambda$new$0(129)) - 2228b8b0-1bd4-4abc-8be5-fec7aeebcbed@group-3F4429ACDEA2-SegmentedRaftLogWorker: flushIndex: setUnconditionally 0 -> -1
2020-07-01 01:40:12,551 [2228b8b0-1bd4-4abc-8be5-fec7aeebcbed@group-3F4429ACDEA2-SegmentedRaftLogWorker] INFO  segmented.SegmentedRaftLogWorker (SegmentedRaftLogWorker.java:lambda$new$0(129)) - 2228b8b0-1bd4-4abc-8be5-fec7aeebcbed@group-3F4429ACDEA2-SegmentedRaftLogWorker: safeCacheEvictIndex: setUnconditionally -1 -> -1
2020-07-01 01:40:12,553 [grpc-default-executor-8] DEBUG server.GrpcLogAppender (GrpcLogAppender.java:onNext(257)) - 73a3d22a-588b-4473-8061-4380f2d261cd@group-3F4429ACDEA2->2228b8b0-1bd4-4abc-8be5-fec7aeebcbed-AppendLogResponseHandler: received the first reply 73a3d22a-588b-4473-8061-4380f2d261cd<-2228b8b0-1bd4-4abc-8be5-fec7aeebcbed#0:OK,SUCCESS,nextIndex:1,term:3,followerCommit:-1, request=AppendEntriesRequest:cid=0,entriesCount=0,lastEntry=null
2020-07-01 01:40:12,553 [2228b8b0-1bd4-4abc-8be5-fec7aeebcbed@group-3F4429ACDEA2-SegmentedRaftLogWorker] INFO  segmented.SegmentedRaftLogWorker (SegmentedRaftLogWorker.java:execute(596)) - 2228b8b0-1bd4-4abc-8be5-fec7aeebcbed@group-3F4429ACDEA2-SegmentedRaftLogWorker: created new log segment /github/workspace/mnt/ozone/hadoop-ozone/integration-test/target/test-dir/MiniOzoneClusterImpl-1f0cff23-21f0-432d-9716-db38e1d74a84/datanode-3/data/ratis/320967b6-edd7-4d00-bc0b-3f4429acdea2/current/log_inprogress_0
2020-07-01 01:40:12,555 [grpc-default-executor-7] DEBUG impl.RaftServerImpl (RaftServerImpl.java:logAppendEntries(928)) - 173ba019-d60c-431a-ac38-4699cb5a8b68@group-3F4429ACDEA2: receive appendEntries(73a3d22a-588b-4473-8061-4380f2d261cd, 3, null, 0, false, commits[73a3d22a-588b-4473-8061-4380f2d261cd:c0, 2228b8b0-1bd4-4abc-8be5-fec7aeebcbed:c-1, 173ba019-d60c-431a-ac38-4699cb5a8b68:c-1], entries: (t:3, i:0), CONFIGURATIONENTRY
2020-07-01 01:40:12,555 [grpc-default-executor-7] INFO  impl.RaftServerImpl (ServerState.java:setRaftConf(356)) - 173ba019-d60c-431a-ac38-4699cb5a8b68@group-3F4429ACDEA2: set configuration 0: [2228b8b0-1bd4-4abc-8be5-fec7aeebcbed:172.17.0.2:33817, 73a3d22a-588b-4473-8061-4380f2d261cd:172.17.0.2:41891, 173ba019-d60c-431a-ac38-4699cb5a8b68:172.17.0.2:36303], old=null at 0
2020-07-01 01:40:12,555 [grpc-default-executor-7] INFO  segmented.SegmentedRaftLogWorker (SegmentedRaftLogWorker.java:startLogSegment(397)) - 173ba019-d60c-431a-ac38-4699cb5a8b68@group-3F4429ACDEA2-SegmentedRaftLogWorker: Starting segment from index:0
2020-07-01 01:40:12,556 [grpc-default-executor-7] DEBUG server.GrpcLogAppender (GrpcLogAppender.java:onNext(257)) - 73a3d22a-588b-4473-8061-4380f2d261cd@group-3F4429ACDEA2->173ba019-d60c-431a-ac38-4699cb5a8b68-AppendLogResponseHandler: received the first reply 73a3d22a-588b-4473-8061-4380f2d261cd<-173ba019-d60c-431a-ac38-4699cb5a8b68#0:OK,SUCCESS,nextIndex:1,term:3,followerCommit:-1, request=AppendEntriesRequest:cid=0,entriesCount=0,lastEntry=null
2020-07-01 01:40:12,557 [173ba019-d60c-431a-ac38-4699cb5a8b68@group-3F4429ACDEA2-SegmentedRaftLogWorker] INFO  segmented.SegmentedRaftLogWorker (SegmentedRaftLogWorker.java:execute(596)) - 173ba019-d60c-431a-ac38-4699cb5a8b68@group-3F4429ACDEA2-SegmentedRaftLogWorker: created new log segment /github/workspace/mnt/ozone/hadoop-ozone/integration-test/target/test-dir/MiniOzoneClusterImpl-1f0cff23-21f0-432d-9716-db38e1d74a84/datanode-5/data/ratis/320967b6-edd7-4d00-bc0b-3f4429acdea2/current/log_inprogress_0
2020-07-01 01:40:12,558 [Thread-403] DEBUG impl.RaftServerImpl (RaftServerImpl.java:logAppendEntries(928)) - 2228b8b0-1bd4-4abc-8be5-fec7aeebcbed@group-3F4429ACDEA2: succeeded to handle AppendEntries. Reply: 73a3d22a-588b-4473-8061-4380f2d261cd<-2228b8b0-1bd4-4abc-8be5-fec7aeebcbed#1:OK,SUCCESS,nextIndex:1,term:3,followerCommit:0
2020-07-01 01:40:12,560 [grpc-default-executor-7] DEBUG server.GrpcLogAppender (GrpcLogAppender.java:onNext(257)) - 73a3d22a-588b-4473-8061-4380f2d261cd@group-3F4429ACDEA2->2228b8b0-1bd4-4abc-8be5-fec7aeebcbed-AppendLogResponseHandler: received a reply 73a3d22a-588b-4473-8061-4380f2d261cd<-2228b8b0-1bd4-4abc-8be5-fec7aeebcbed#1:OK,SUCCESS,nextIndex:1,term:3,followerCommit:0, request=AppendEntriesRequest:cid=1,entriesCount=1,lastEntry=(t:3, i:0)
2020-07-01 01:40:12,562 [Thread-404] DEBUG impl.RaftServerImpl (RaftServerImpl.java:logAppendEntries(928)) - 173ba019-d60c-431a-ac38-4699cb5a8b68@group-3F4429ACDEA2: succeeded to handle AppendEntries. Reply: 73a3d22a-588b-4473-8061-4380f2d261cd<-173ba019-d60c-431a-ac38-4699cb5a8b68#1:OK,SUCCESS,nextIndex:1,term:3,followerCommit:0
2020-07-01 01:40:12,562 [grpc-default-executor-7] DEBUG server.GrpcLogAppender (GrpcLogAppender.java:onNext(257)) - 73a3d22a-588b-4473-8061-4380f2d261cd@group-3F4429ACDEA2->173ba019-d60c-431a-ac38-4699cb5a8b68-AppendLogResponseHandler: received a reply 73a3d22a-588b-4473-8061-4380f2d261cd<-173ba019-d60c-431a-ac38-4699cb5a8b68#1:OK,SUCCESS,nextIndex:1,term:3,followerCommit:0, request=AppendEntriesRequest:cid=1,entriesCount=1,lastEntry=(t:3, i:0)
2020-07-01 01:40:12,920 [Thread-363] INFO  impl.FollowerState (FollowerState.java:run(108)) - 86e2f92f-9f2f-47be-9996-581eb5cc11da@group-EDC9AD94D6A7-FollowerState: change to CANDIDATE, lastRpcTime:5084ms, electionTimeout:5072ms
2020-07-01 01:40:12,920 [Thread-363] INFO  impl.RoleInfo (RoleInfo.java:shutdownFollowerState(121)) - 86e2f92f-9f2f-47be-9996-581eb5cc11da: shutdown FollowerState
2020-07-01 01:40:12,920 [Thread-363] INFO  impl.RaftServerImpl (RaftServerImpl.java:setRole(175)) - 86e2f92f-9f2f-47be-9996-581eb5cc11da@group-EDC9AD94D6A7: changes role from  FOLLOWER to CANDIDATE at term 2 for changeToCandidate
2020-07-01 01:40:12,920 [Thread-363] INFO  impl.RoleInfo (RoleInfo.java:updateAndGet(143)) - 86e2f92f-9f2f-47be-9996-581eb5cc11da: start LeaderElection
2020-07-01 01:40:12,923 [86e2f92f-9f2f-47be-9996-581eb5cc11da@group-EDC9AD94D6A7-LeaderElection20] INFO  impl.LeaderElection (LeaderElection.java:askForVotes(206)) - 86e2f92f-9f2f-47be-9996-581eb5cc11da@group-EDC9AD94D6A7-LeaderElection20: begin an election at term 3 for -1: [86e2f92f-9f2f-47be-9996-581eb5cc11da:172.17.0.2:36799, 4a250b03-fc0c-4fc6-b3de-35498431563c:172.17.0.2:42123, 8c5b2b67-bc34-46b0-b6c3-958390f4d72e:172.17.0.2:43281], old=null
2020-07-01 01:40:12,927 [grpc-default-executor-8] DEBUG impl.RaftServerImpl (RaftServerImpl.java:requestVote(821)) - 4a250b03-fc0c-4fc6-b3de-35498431563c@group-EDC9AD94D6A7: receive requestVote(86e2f92f-9f2f-47be-9996-581eb5cc11da, group-EDC9AD94D6A7, 3, (t:0, i:0))
2020-07-01 01:40:12,927 [grpc-default-executor-8] INFO  impl.RaftServerImpl (RaftServerImpl.java:setRole(175)) - 4a250b03-fc0c-4fc6-b3de-35498431563c@group-EDC9AD94D6A7: changes role from  FOLLOWER to FOLLOWER at term 3 for recognizeCandidate:86e2f92f-9f2f-47be-9996-581eb5cc11da
2020-07-01 01:40:12,927 [grpc-default-executor-8] INFO  impl.RoleInfo (RoleInfo.java:shutdownFollowerState(121)) - 4a250b03-fc0c-4fc6-b3de-35498431563c: shutdown FollowerState
2020-07-01 01:40:12,927 [grpc-default-executor-8] INFO  impl.RoleInfo (RoleInfo.java:updateAndGet(143)) - 4a250b03-fc0c-4fc6-b3de-35498431563c: start FollowerState
2020-07-01 01:40:12,927 [Thread-371] INFO  impl.FollowerState (FollowerState.java:run(117)) - 4a250b03-fc0c-4fc6-b3de-35498431563c@group-EDC9AD94D6A7-FollowerState was interrupted: java.lang.InterruptedException: sleep interrupted
2020-07-01 01:40:12,927 [grpc-default-executor-7] DEBUG impl.RaftServerImpl (RaftServerImpl.java:requestVote(821)) - 8c5b2b67-bc34-46b0-b6c3-958390f4d72e@group-EDC9AD94D6A7: receive requestVote(86e2f92f-9f2f-47be-9996-581eb5cc11da, group-EDC9AD94D6A7, 3, (t:0, i:0))
2020-07-01 01:40:12,927 [grpc-default-executor-7] INFO  impl.RaftServerImpl (RaftServerImpl.java:setRole(175)) - 8c5b2b67-bc34-46b0-b6c3-958390f4d72e@group-EDC9AD94D6A7: changes role from  FOLLOWER to FOLLOWER at term 3 for recognizeCandidate:86e2f92f-9f2f-47be-9996-581eb5cc11da
2020-07-01 01:40:12,927 [grpc-default-executor-7] INFO  impl.RoleInfo (RoleInfo.java:shutdownFollowerState(121)) - 8c5b2b67-bc34-46b0-b6c3-958390f4d72e: shutdown FollowerState
2020-07-01 01:40:12,928 [grpc-default-executor-7] INFO  impl.RoleInfo (RoleInfo.java:updateAndGet(143)) - 8c5b2b67-bc34-46b0-b6c3-958390f4d72e: start FollowerState
2020-07-01 01:40:12,928 [Thread-364] INFO  impl.FollowerState (FollowerState.java:run(117)) - 8c5b2b67-bc34-46b0-b6c3-958390f4d72e@group-EDC9AD94D6A7-FollowerState was interrupted: java.lang.InterruptedException: sleep interrupted
2020-07-01 01:40:12,931 [grpc-default-executor-8] DEBUG impl.RaftServerImpl (RaftServerImpl.java:requestVote(853)) - 4a250b03-fc0c-4fc6-b3de-35498431563c@group-EDC9AD94D6A7 replies to vote request: 86e2f92f-9f2f-47be-9996-581eb5cc11da<-4a250b03-fc0c-4fc6-b3de-35498431563c#0:OK-t3. Peer's state: 4a250b03-fc0c-4fc6-b3de-35498431563c@group-EDC9AD94D6A7:t3, leader=null, voted=86e2f92f-9f2f-47be-9996-581eb5cc11da, raftlog=4a250b03-fc0c-4fc6-b3de-35498431563c@group-EDC9AD94D6A7-SegmentedRaftLog:OPENED:c-1,f-1,i0, conf=-1: [86e2f92f-9f2f-47be-9996-581eb5cc11da:172.17.0.2:36799, 4a250b03-fc0c-4fc6-b3de-35498431563c:172.17.0.2:42123, 8c5b2b67-bc34-46b0-b6c3-958390f4d72e:172.17.0.2:43281], old=null
2020-07-01 01:40:12,932 [86e2f92f-9f2f-47be-9996-581eb5cc11da@group-EDC9AD94D6A7-LeaderElection20] INFO  impl.LeaderElection (LeaderElection.java:logAndReturn(61)) - 86e2f92f-9f2f-47be-9996-581eb5cc11da@group-EDC9AD94D6A7-LeaderElection20: Election PASSED; received 1 response(s) [86e2f92f-9f2f-47be-9996-581eb5cc11da<-4a250b03-fc0c-4fc6-b3de-35498431563c#0:OK-t3] and 0 exception(s); 86e2f92f-9f2f-47be-9996-581eb5cc11da@group-EDC9AD94D6A7:t3, leader=null, voted=86e2f92f-9f2f-47be-9996-581eb5cc11da, raftlog=86e2f92f-9f2f-47be-9996-581eb5cc11da@group-EDC9AD94D6A7-SegmentedRaftLog:OPENED:c-1,f-1,i0, conf=-1: [86e2f92f-9f2f-47be-9996-581eb5cc11da:172.17.0.2:36799, 4a250b03-fc0c-4fc6-b3de-35498431563c:172.17.0.2:42123, 8c5b2b67-bc34-46b0-b6c3-958390f4d72e:172.17.0.2:43281], old=null
2020-07-01 01:40:12,932 [86e2f92f-9f2f-47be-9996-581eb5cc11da@group-EDC9AD94D6A7-LeaderElection20] INFO  impl.RoleInfo (RoleInfo.java:shutdownLeaderElection(134)) - 86e2f92f-9f2f-47be-9996-581eb5cc11da: shutdown LeaderElection
2020-07-01 01:40:12,932 [grpc-default-executor-7] DEBUG impl.RaftServerImpl (RaftServerImpl.java:requestVote(853)) - 8c5b2b67-bc34-46b0-b6c3-958390f4d72e@group-EDC9AD94D6A7 replies to vote request: 86e2f92f-9f2f-47be-9996-581eb5cc11da<-8c5b2b67-bc34-46b0-b6c3-958390f4d72e#0:OK-t3. Peer's state: 8c5b2b67-bc34-46b0-b6c3-958390f4d72e@group-EDC9AD94D6A7:t3, leader=null, voted=86e2f92f-9f2f-47be-9996-581eb5cc11da, raftlog=8c5b2b67-bc34-46b0-b6c3-958390f4d72e@group-EDC9AD94D6A7-SegmentedRaftLog:OPENED:c-1,f-1,i0, conf=-1: [86e2f92f-9f2f-47be-9996-581eb5cc11da:172.17.0.2:36799, 4a250b03-fc0c-4fc6-b3de-35498431563c:172.17.0.2:42123, 8c5b2b67-bc34-46b0-b6c3-958390f4d72e:172.17.0.2:43281], old=null
2020-07-01 01:40:12,932 [86e2f92f-9f2f-47be-9996-581eb5cc11da@group-EDC9AD94D6A7-LeaderElection20] INFO  impl.RaftServerImpl (RaftServerImpl.java:setRole(175)) - 86e2f92f-9f2f-47be-9996-581eb5cc11da@group-EDC9AD94D6A7: changes role from CANDIDATE to LEADER at term 3 for changeToLeader
2020-07-01 01:40:12,933 [86e2f92f-9f2f-47be-9996-581eb5cc11da@group-EDC9AD94D6A7-LeaderElection20] INFO  ratis.XceiverServerRatis (XceiverServerRatis.java:handleLeaderChangedNotification(762)) - Leader change notification received for group: group-EDC9AD94D6A7 with new leaderId: 86e2f92f-9f2f-47be-9996-581eb5cc11da
2020-07-01 01:40:12,933 [86e2f92f-9f2f-47be-9996-581eb5cc11da@group-EDC9AD94D6A7-LeaderElection20] INFO  impl.RaftServerImpl (ServerState.java:setLeader(255)) - 86e2f92f-9f2f-47be-9996-581eb5cc11da@group-EDC9AD94D6A7: change Leader from null to 86e2f92f-9f2f-47be-9996-581eb5cc11da at term 3 for becomeLeader, leader elected after 10352ms
2020-07-01 01:40:12,933 [86e2f92f-9f2f-47be-9996-581eb5cc11da@group-EDC9AD94D6A7-LeaderElection20] INFO  server.RaftServerConfigKeys (ConfUtils.java:logGet(44)) - raft.server.staging.catchup.gap = 1000 (default)
2020-07-01 01:40:12,933 [86e2f92f-9f2f-47be-9996-581eb5cc11da@group-EDC9AD94D6A7-LeaderElection20] INFO  server.RaftServerConfigKeys (ConfUtils.java:logGet(44)) - raft.server.rpc.sleep.time = 25ms (default)
2020-07-01 01:40:12,933 [86e2f92f-9f2f-47be-9996-581eb5cc11da@group-EDC9AD94D6A7-LeaderElection20] INFO  metrics.RatisMetrics (RatisMetrics.java:lambda$create$0(36)) - Creating Metrics Registry : ratis.log_appender.86e2f92f-9f2f-47be-9996-581eb5cc11da@group-EDC9AD94D6A7
2020-07-01 01:40:12,933 [86e2f92f-9f2f-47be-9996-581eb5cc11da@group-EDC9AD94D6A7-LeaderElection20] INFO  server.RaftServerConfigKeys (ConfUtils.java:logGet(44)) - raft.server.write.element-limit = 1024 (custom)
2020-07-01 01:40:12,933 [86e2f92f-9f2f-47be-9996-581eb5cc11da@group-EDC9AD94D6A7-LeaderElection20] INFO  server.RaftServerConfigKeys (ConfUtils.java:logGet(44)) - raft.server.write.byte-limit = 1073741824 (custom)
2020-07-01 01:40:12,933 [86e2f92f-9f2f-47be-9996-581eb5cc11da@group-EDC9AD94D6A7-LeaderElection20] INFO  server.RaftServerConfigKeys (ConfUtils.java:logGet(44)) - raft.server.watch.timeout = 3s (custom)
2020-07-01 01:40:12,933 [86e2f92f-9f2f-47be-9996-581eb5cc11da@group-EDC9AD94D6A7-LeaderElection20] INFO  server.RaftServerConfigKeys (ConfUtils.java:logGet(44)) - raft.server.watch.timeout.denomination = 1s (default)
2020-07-01 01:40:12,934 [86e2f92f-9f2f-47be-9996-581eb5cc11da@group-EDC9AD94D6A7-LeaderElection20] INFO  server.RaftServerConfigKeys (ConfUtils.java:logGet(44)) - raft.server.watch.element-limit = 65536 (default)
2020-07-01 01:40:12,934 [86e2f92f-9f2f-47be-9996-581eb5cc11da@group-EDC9AD94D6A7-LeaderElection20] INFO  server.RaftServerConfigKeys (ConfUtils.java:logGet(44)) - raft.server.log.appender.snapshot.chunk.size.max = 16MB (=16777216) (default)
2020-07-01 01:40:12,934 [86e2f92f-9f2f-47be-9996-581eb5cc11da@group-EDC9AD94D6A7-LeaderElection20] INFO  server.RaftServerConfigKeys (ConfUtils.java:logGet(44)) - raft.server.log.appender.buffer.byte-limit = 33554432 (custom)
2020-07-01 01:40:12,934 [86e2f92f-9f2f-47be-9996-581eb5cc11da@group-EDC9AD94D6A7-LeaderElection20] INFO  server.RaftServerConfigKeys (ConfUtils.java:logGet(44)) - raft.server.log.appender.buffer.element-limit = 1 (custom)
2020-07-01 01:40:12,934 [86e2f92f-9f2f-47be-9996-581eb5cc11da@group-EDC9AD94D6A7-LeaderElection20] INFO  grpc.GrpcConfigKeys (ConfUtils.java:logGet(44)) - raft.grpc.server.leader.outstanding.appends.max = 128 (default)
2020-07-01 01:40:12,934 [86e2f92f-9f2f-47be-9996-581eb5cc11da@group-EDC9AD94D6A7-LeaderElection20] INFO  server.RaftServerConfigKeys (ConfUtils.java:logGet(44)) - raft.server.rpc.request.timeout = 3s (default)
2020-07-01 01:40:12,934 [86e2f92f-9f2f-47be-9996-581eb5cc11da@group-EDC9AD94D6A7-LeaderElection20] INFO  server.RaftServerConfigKeys (ConfUtils.java:logGet(44)) - raft.server.log.appender.install.snapshot.enabled = false (custom)
2020-07-01 01:40:12,934 [86e2f92f-9f2f-47be-9996-581eb5cc11da@group-EDC9AD94D6A7-LeaderElection20] INFO  metrics.RatisMetrics (RatisMetrics.java:lambda$create$0(36)) - Creating Metrics Registry : ratis_grpc.log_appender.86e2f92f-9f2f-47be-9996-581eb5cc11da@group-EDC9AD94D6A7
2020-07-01 01:40:12,935 [86e2f92f-9f2f-47be-9996-581eb5cc11da@group-EDC9AD94D6A7-LeaderElection20] INFO  server.RaftServerConfigKeys (ConfUtils.java:logGet(44)) - raft.server.log.appender.snapshot.chunk.size.max = 16MB (=16777216) (default)
2020-07-01 01:40:12,935 [86e2f92f-9f2f-47be-9996-581eb5cc11da@group-EDC9AD94D6A7-LeaderElection20] INFO  server.RaftServerConfigKeys (ConfUtils.java:logGet(44)) - raft.server.log.appender.buffer.byte-limit = 33554432 (custom)
2020-07-01 01:40:12,935 [86e2f92f-9f2f-47be-9996-581eb5cc11da@group-EDC9AD94D6A7-LeaderElection20] INFO  server.RaftServerConfigKeys (ConfUtils.java:logGet(44)) - raft.server.log.appender.buffer.element-limit = 1 (custom)
2020-07-01 01:40:12,935 [86e2f92f-9f2f-47be-9996-581eb5cc11da@group-EDC9AD94D6A7-LeaderElection20] INFO  grpc.GrpcConfigKeys (ConfUtils.java:logGet(44)) - raft.grpc.server.leader.outstanding.appends.max = 128 (default)
2020-07-01 01:40:12,935 [86e2f92f-9f2f-47be-9996-581eb5cc11da@group-EDC9AD94D6A7-LeaderElection20] INFO  server.RaftServerConfigKeys (ConfUtils.java:logGet(44)) - raft.server.rpc.request.timeout = 3s (default)
2020-07-01 01:40:12,935 [86e2f92f-9f2f-47be-9996-581eb5cc11da@group-EDC9AD94D6A7-LeaderElection20] INFO  server.RaftServerConfigKeys (ConfUtils.java:logGet(44)) - raft.server.log.appender.install.snapshot.enabled = false (custom)
2020-07-01 01:40:12,936 [86e2f92f-9f2f-47be-9996-581eb5cc11da@group-EDC9AD94D6A7-LeaderElection20] INFO  impl.RoleInfo (RoleInfo.java:updateAndGet(143)) - 86e2f92f-9f2f-47be-9996-581eb5cc11da: start LeaderState
2020-07-01 01:40:12,936 [86e2f92f-9f2f-47be-9996-581eb5cc11da@group-EDC9AD94D6A7-LeaderElection20] INFO  segmented.SegmentedRaftLogWorker (SegmentedRaftLogWorker.java:startLogSegment(397)) - 86e2f92f-9f2f-47be-9996-581eb5cc11da@group-EDC9AD94D6A7-SegmentedRaftLogWorker: Starting segment from index:0
2020-07-01 01:40:12,938 [EventQueue-PipelineReportForPipelineReportHandler] INFO  pipeline.PipelineStateManager (PipelineStateManager.java:openPipeline(131)) - Pipeline Pipeline[ Id: 56595784-b98f-43aa-ac8d-edc9ad94d6a7, Nodes: 8c5b2b67-bc34-46b0-b6c3-958390f4d72e{ip: 172.17.0.2, host: 51ddc7c4698f, networkLocation: /default-rack, certSerialId: null}86e2f92f-9f2f-47be-9996-581eb5cc11da{ip: 172.17.0.2, host: 51ddc7c4698f, networkLocation: /default-rack, certSerialId: null}4a250b03-fc0c-4fc6-b3de-35498431563c{ip: 172.17.0.2, host: 51ddc7c4698f, networkLocation: /default-rack, certSerialId: null}, Type:RATIS, Factor:THREE, State:ALLOCATED, leaderId:86e2f92f-9f2f-47be-9996-581eb5cc11da, CreationTimestamp2020-07-01T01:39:59.499Z] moved to OPEN state
2020-07-01 01:40:12,938 [86e2f92f-9f2f-47be-9996-581eb5cc11da@group-EDC9AD94D6A7-SegmentedRaftLogWorker] INFO  segmented.SegmentedRaftLogWorker (SegmentedRaftLogWorker.java:execute(596)) - 86e2f92f-9f2f-47be-9996-581eb5cc11da@group-EDC9AD94D6A7-SegmentedRaftLogWorker: created new log segment /github/workspace/mnt/ozone/hadoop-ozone/integration-test/target/test-dir/MiniOzoneClusterImpl-1f0cff23-21f0-432d-9716-db38e1d74a84/datanode-8/data/ratis/56595784-b98f-43aa-ac8d-edc9ad94d6a7/current/log_inprogress_0
2020-07-01 01:40:12,947 [86e2f92f-9f2f-47be-9996-581eb5cc11da@group-EDC9AD94D6A7-LeaderElection20] INFO  impl.RaftServerImpl (ServerState.java:setRaftConf(356)) - 86e2f92f-9f2f-47be-9996-581eb5cc11da@group-EDC9AD94D6A7: set configuration 0: [86e2f92f-9f2f-47be-9996-581eb5cc11da:172.17.0.2:36799, 4a250b03-fc0c-4fc6-b3de-35498431563c:172.17.0.2:42123, 8c5b2b67-bc34-46b0-b6c3-958390f4d72e:172.17.0.2:43281], old=null at 0
2020-07-01 01:40:12,956 [grpc-default-executor-7] INFO  ratis.XceiverServerRatis (XceiverServerRatis.java:handleLeaderChangedNotification(762)) - Leader change notification received for group: group-EDC9AD94D6A7 with new leaderId: 86e2f92f-9f2f-47be-9996-581eb5cc11da
2020-07-01 01:40:12,957 [grpc-default-executor-7] INFO  impl.RaftServerImpl (ServerState.java:setLeader(255)) - 4a250b03-fc0c-4fc6-b3de-35498431563c@group-EDC9AD94D6A7: change Leader from null to 86e2f92f-9f2f-47be-9996-581eb5cc11da at term 3 for appendEntries, leader elected after 10483ms
2020-07-01 01:40:12,959 [grpc-default-executor-8] INFO  ratis.XceiverServerRatis (XceiverServerRatis.java:handleLeaderChangedNotification(762)) - Leader change notification received for group: group-EDC9AD94D6A7 with new leaderId: 86e2f92f-9f2f-47be-9996-581eb5cc11da
2020-07-01 01:40:12,959 [grpc-default-executor-8] INFO  impl.RaftServerImpl (ServerState.java:setLeader(255)) - 8c5b2b67-bc34-46b0-b6c3-958390f4d72e@group-EDC9AD94D6A7: change Leader from null to 86e2f92f-9f2f-47be-9996-581eb5cc11da at term 3 for appendEntries, leader elected after 10436ms
2020-07-01 01:40:12,963 [grpc-default-executor-7] DEBUG impl.RaftServerImpl (RaftServerImpl.java:logAppendEntries(928)) - 4a250b03-fc0c-4fc6-b3de-35498431563c@group-EDC9AD94D6A7: receive appendEntries(86e2f92f-9f2f-47be-9996-581eb5cc11da, 3, null, 0, false, commits[86e2f92f-9f2f-47be-9996-581eb5cc11da:c0, 4a250b03-fc0c-4fc6-b3de-35498431563c:c-1, 8c5b2b67-bc34-46b0-b6c3-958390f4d72e:c-1], entries: (t:3, i:0), CONFIGURATIONENTRY
2020-07-01 01:40:12,963 [grpc-default-executor-7] INFO  impl.RaftServerImpl (ServerState.java:setRaftConf(356)) - 4a250b03-fc0c-4fc6-b3de-35498431563c@group-EDC9AD94D6A7: set configuration 0: [86e2f92f-9f2f-47be-9996-581eb5cc11da:172.17.0.2:36799, 4a250b03-fc0c-4fc6-b3de-35498431563c:172.17.0.2:42123, 8c5b2b67-bc34-46b0-b6c3-958390f4d72e:172.17.0.2:43281], old=null at 0
2020-07-01 01:40:12,963 [grpc-default-executor-7] INFO  segmented.SegmentedRaftLogWorker (SegmentedRaftLogWorker.java:startLogSegment(397)) - 4a250b03-fc0c-4fc6-b3de-35498431563c@group-EDC9AD94D6A7-SegmentedRaftLogWorker: Starting segment from index:0
2020-07-01 01:40:12,965 [grpc-default-executor-7] DEBUG impl.RaftServerImpl (RaftServerImpl.java:logAppendEntries(928)) - 8c5b2b67-bc34-46b0-b6c3-958390f4d72e@group-EDC9AD94D6A7: receive appendEntries(86e2f92f-9f2f-47be-9996-581eb5cc11da, 3, null, 0, false, commits[86e2f92f-9f2f-47be-9996-581eb5cc11da:c0, 4a250b03-fc0c-4fc6-b3de-35498431563c:c-1, 8c5b2b67-bc34-46b0-b6c3-958390f4d72e:c-1], entries: (t:3, i:0), CONFIGURATIONENTRY
2020-07-01 01:40:12,965 [grpc-default-executor-7] INFO  impl.RaftServerImpl (ServerState.java:setRaftConf(356)) - 8c5b2b67-bc34-46b0-b6c3-958390f4d72e@group-EDC9AD94D6A7: set configuration 0: [86e2f92f-9f2f-47be-9996-581eb5cc11da:172.17.0.2:36799, 4a250b03-fc0c-4fc6-b3de-35498431563c:172.17.0.2:42123, 8c5b2b67-bc34-46b0-b6c3-958390f4d72e:172.17.0.2:43281], old=null at 0
2020-07-01 01:40:12,965 [grpc-default-executor-7] INFO  segmented.SegmentedRaftLogWorker (SegmentedRaftLogWorker.java:startLogSegment(397)) - 8c5b2b67-bc34-46b0-b6c3-958390f4d72e@group-EDC9AD94D6A7-SegmentedRaftLogWorker: Starting segment from index:0
2020-07-01 01:40:12,965 [4a250b03-fc0c-4fc6-b3de-35498431563c@group-EDC9AD94D6A7-SegmentedRaftLogWorker] INFO  segmented.SegmentedRaftLogWorker (SegmentedRaftLogWorker.java:execute(596)) - 4a250b03-fc0c-4fc6-b3de-35498431563c@group-EDC9AD94D6A7-SegmentedRaftLogWorker: created new log segment /github/workspace/mnt/ozone/hadoop-ozone/integration-test/target/test-dir/MiniOzoneClusterImpl-1f0cff23-21f0-432d-9716-db38e1d74a84/datanode-6/data/ratis/56595784-b98f-43aa-ac8d-edc9ad94d6a7/current/log_inprogress_0
2020-07-01 01:40:12,967 [grpc-default-executor-7] DEBUG server.GrpcLogAppender (GrpcLogAppender.java:onNext(257)) - 86e2f92f-9f2f-47be-9996-581eb5cc11da@group-EDC9AD94D6A7->4a250b03-fc0c-4fc6-b3de-35498431563c-AppendLogResponseHandler: received the first reply 86e2f92f-9f2f-47be-9996-581eb5cc11da<-4a250b03-fc0c-4fc6-b3de-35498431563c#0:OK,SUCCESS,nextIndex:1,term:3,followerCommit:-1, request=AppendEntriesRequest:cid=0,entriesCount=0,lastEntry=null
2020-07-01 01:40:12,968 [8c5b2b67-bc34-46b0-b6c3-958390f4d72e@group-EDC9AD94D6A7-SegmentedRaftLogWorker] INFO  segmented.SegmentedRaftLogWorker (SegmentedRaftLogWorker.java:execute(596)) - 8c5b2b67-bc34-46b0-b6c3-958390f4d72e@group-EDC9AD94D6A7-SegmentedRaftLogWorker: created new log segment /github/workspace/mnt/ozone/hadoop-ozone/integration-test/target/test-dir/MiniOzoneClusterImpl-1f0cff23-21f0-432d-9716-db38e1d74a84/datanode-7/data/ratis/56595784-b98f-43aa-ac8d-edc9ad94d6a7/current/log_inprogress_0
2020-07-01 01:40:12,969 [grpc-default-executor-7] DEBUG server.GrpcLogAppender (GrpcLogAppender.java:onNext(257)) - 86e2f92f-9f2f-47be-9996-581eb5cc11da@group-EDC9AD94D6A7->8c5b2b67-bc34-46b0-b6c3-958390f4d72e-AppendLogResponseHandler: received the first reply 86e2f92f-9f2f-47be-9996-581eb5cc11da<-8c5b2b67-bc34-46b0-b6c3-958390f4d72e#0:OK,SUCCESS,nextIndex:1,term:3,followerCommit:-1, request=AppendEntriesRequest:cid=0,entriesCount=0,lastEntry=null
2020-07-01 01:40:12,969 [Thread-415] DEBUG impl.RaftServerImpl (RaftServerImpl.java:logAppendEntries(928)) - 4a250b03-fc0c-4fc6-b3de-35498431563c@group-EDC9AD94D6A7: succeeded to handle AppendEntries. Reply: 86e2f92f-9f2f-47be-9996-581eb5cc11da<-4a250b03-fc0c-4fc6-b3de-35498431563c#1:OK,SUCCESS,nextIndex:1,term:3,followerCommit:0
2020-07-01 01:40:12,970 [grpc-default-executor-7] DEBUG server.GrpcLogAppender (GrpcLogAppender.java:onNext(257)) - 86e2f92f-9f2f-47be-9996-581eb5cc11da@group-EDC9AD94D6A7->4a250b03-fc0c-4fc6-b3de-35498431563c-AppendLogResponseHandler: received a reply 86e2f92f-9f2f-47be-9996-581eb5cc11da<-4a250b03-fc0c-4fc6-b3de-35498431563c#1:OK,SUCCESS,nextIndex:1,term:3,followerCommit:0, request=AppendEntriesRequest:cid=1,entriesCount=1,lastEntry=(t:3, i:0)
2020-07-01 01:40:12,971 [Thread-416] DEBUG impl.RaftServerImpl (RaftServerImpl.java:logAppendEntries(928)) - 8c5b2b67-bc34-46b0-b6c3-958390f4d72e@group-EDC9AD94D6A7: succeeded to handle AppendEntries. Reply: 86e2f92f-9f2f-47be-9996-581eb5cc11da<-8c5b2b67-bc34-46b0-b6c3-958390f4d72e#1:OK,SUCCESS,nextIndex:1,term:3,followerCommit:0
2020-07-01 01:40:12,971 [grpc-default-executor-7] DEBUG server.GrpcLogAppender (GrpcLogAppender.java:onNext(257)) - 86e2f92f-9f2f-47be-9996-581eb5cc11da@group-EDC9AD94D6A7->8c5b2b67-bc34-46b0-b6c3-958390f4d72e-AppendLogResponseHandler: received a reply 86e2f92f-9f2f-47be-9996-581eb5cc11da<-8c5b2b67-bc34-46b0-b6c3-958390f4d72e#1:OK,SUCCESS,nextIndex:1,term:3,followerCommit:0, request=AppendEntriesRequest:cid=1,entriesCount=1,lastEntry=(t:3, i:0)
2020-07-01 01:40:13,372 [Command processor thread] ERROR commandhandler.CloseContainerCommandHandler (CloseContainerCommandHandler.java:handle(85)) - Container #1 does not exist in datanode. Container close failed.
2020-07-01 01:40:13,385 [Command processor thread] ERROR commandhandler.CloseContainerCommandHandler (CloseContainerCommandHandler.java:handle(85)) - Container #1 does not exist in datanode. Container close failed.
2020-07-01 01:40:15,038 [grpc-default-executor-7] DEBUG server.GrpcLogAppender (GrpcLogAppender.java:onNext(257)) - 6047ccc9-2d31-4dc4-ab7e-9fb970240402@group-AB27BD356713->2fd12e45-5261-4e74-9c65-dcdedcebcdd5-AppendLogResponseHandler: received a reply 6047ccc9-2d31-4dc4-ab7e-9fb970240402<-2fd12e45-5261-4e74-9c65-dcdedcebcdd5#2:OK,SUCCESS,nextIndex:1,term:3,followerCommit:0, request=AppendEntriesRequest:cid=2,entriesCount=0,lastEntry=null
2020-07-01 01:40:15,041 [grpc-default-executor-7] DEBUG server.GrpcLogAppender (GrpcLogAppender.java:onNext(257)) - 6047ccc9-2d31-4dc4-ab7e-9fb970240402@group-AB27BD356713->0e87e1a8-862d-4038-8503-5ba64ecc883e-AppendLogResponseHandler: received a reply 6047ccc9-2d31-4dc4-ab7e-9fb970240402<-0e87e1a8-862d-4038-8503-5ba64ecc883e#2:OK,SUCCESS,nextIndex:1,term:3,followerCommit:0, request=AppendEntriesRequest:cid=2,entriesCount=0,lastEntry=null
2020-07-01 01:40:15,063 [grpc-default-executor-7] DEBUG server.GrpcLogAppender (GrpcLogAppender.java:onNext(257)) - 73a3d22a-588b-4473-8061-4380f2d261cd@group-3F4429ACDEA2->2228b8b0-1bd4-4abc-8be5-fec7aeebcbed-AppendLogResponseHandler: received a reply 73a3d22a-588b-4473-8061-4380f2d261cd<-2228b8b0-1bd4-4abc-8be5-fec7aeebcbed#2:OK,SUCCESS,nextIndex:1,term:3,followerCommit:0, request=AppendEntriesRequest:cid=2,entriesCount=0,lastEntry=null
2020-07-01 01:40:15,065 [grpc-default-executor-7] DEBUG server.GrpcLogAppender (GrpcLogAppender.java:onNext(257)) - 73a3d22a-588b-4473-8061-4380f2d261cd@group-3F4429ACDEA2->173ba019-d60c-431a-ac38-4699cb5a8b68-AppendLogResponseHandler: received a reply 73a3d22a-588b-4473-8061-4380f2d261cd<-173ba019-d60c-431a-ac38-4699cb5a8b68#2:OK,SUCCESS,nextIndex:1,term:3,followerCommit:0, request=AppendEntriesRequest:cid=2,entriesCount=0,lastEntry=null
2020-07-01 01:40:15,474 [grpc-default-executor-7] DEBUG server.GrpcLogAppender (GrpcLogAppender.java:onNext(257)) - 86e2f92f-9f2f-47be-9996-581eb5cc11da@group-EDC9AD94D6A7->4a250b03-fc0c-4fc6-b3de-35498431563c-AppendLogResponseHandler: received a reply 86e2f92f-9f2f-47be-9996-581eb5cc11da<-4a250b03-fc0c-4fc6-b3de-35498431563c#2:OK,SUCCESS,nextIndex:1,term:3,followerCommit:0, request=AppendEntriesRequest:cid=2,entriesCount=0,lastEntry=null
2020-07-01 01:40:15,477 [grpc-default-executor-8] DEBUG server.GrpcLogAppender (GrpcLogAppender.java:onNext(257)) - 86e2f92f-9f2f-47be-9996-581eb5cc11da@group-EDC9AD94D6A7->8c5b2b67-bc34-46b0-b6c3-958390f4d72e-AppendLogResponseHandler: received a reply 86e2f92f-9f2f-47be-9996-581eb5cc11da<-8c5b2b67-bc34-46b0-b6c3-958390f4d72e#2:OK,SUCCESS,nextIndex:1,term:3,followerCommit:0, request=AppendEntriesRequest:cid=2,entriesCount=0,lastEntry=null
2020-07-01 01:40:17,542 [grpc-default-executor-8] DEBUG server.GrpcLogAppender (GrpcLogAppender.java:onNext(257)) - 6047ccc9-2d31-4dc4-ab7e-9fb970240402@group-AB27BD356713->2fd12e45-5261-4e74-9c65-dcdedcebcdd5-AppendLogResponseHandler: received a reply 6047ccc9-2d31-4dc4-ab7e-9fb970240402<-2fd12e45-5261-4e74-9c65-dcdedcebcdd5#3:OK,SUCCESS,nextIndex:1,term:3,followerCommit:0, request=AppendEntriesRequest:cid=3,entriesCount=0,lastEntry=null
2020-07-01 01:40:17,545 [grpc-default-executor-8] DEBUG server.GrpcLogAppender (GrpcLogAppender.java:onNext(257)) - 6047ccc9-2d31-4dc4-ab7e-9fb970240402@group-AB27BD356713->0e87e1a8-862d-4038-8503-5ba64ecc883e-AppendLogResponseHandler: received a reply 6047ccc9-2d31-4dc4-ab7e-9fb970240402<-0e87e1a8-862d-4038-8503-5ba64ecc883e#3:OK,SUCCESS,nextIndex:1,term:3,followerCommit:0, request=AppendEntriesRequest:cid=3,entriesCount=0,lastEntry=null
2020-07-01 01:40:17,566 [grpc-default-executor-8] DEBUG server.GrpcLogAppender (GrpcLogAppender.java:onNext(257)) - 73a3d22a-588b-4473-8061-4380f2d261cd@group-3F4429ACDEA2->2228b8b0-1bd4-4abc-8be5-fec7aeebcbed-AppendLogResponseHandler: received a reply 73a3d22a-588b-4473-8061-4380f2d261cd<-2228b8b0-1bd4-4abc-8be5-fec7aeebcbed#3:OK,SUCCESS,nextIndex:1,term:3,followerCommit:0, request=AppendEntriesRequest:cid=3,entriesCount=0,lastEntry=null
2020-07-01 01:40:17,568 [grpc-default-executor-8] DEBUG server.GrpcLogAppender (GrpcLogAppender.java:onNext(257)) - 73a3d22a-588b-4473-8061-4380f2d261cd@group-3F4429ACDEA2->173ba019-d60c-431a-ac38-4699cb5a8b68-AppendLogResponseHandler: received a reply 73a3d22a-588b-4473-8061-4380f2d261cd<-173ba019-d60c-431a-ac38-4699cb5a8b68#3:OK,SUCCESS,nextIndex:1,term:3,followerCommit:0, request=AppendEntriesRequest:cid=3,entriesCount=0,lastEntry=null
2020-07-01 01:40:17,977 [grpc-default-executor-8] DEBUG server.GrpcLogAppender (GrpcLogAppender.java:onNext(257)) - 86e2f92f-9f2f-47be-9996-581eb5cc11da@group-EDC9AD94D6A7->4a250b03-fc0c-4fc6-b3de-35498431563c-AppendLogResponseHandler: received a reply 86e2f92f-9f2f-47be-9996-581eb5cc11da<-4a250b03-fc0c-4fc6-b3de-35498431563c#3:OK,SUCCESS,nextIndex:1,term:3,followerCommit:0, request=AppendEntriesRequest:cid=3,entriesCount=0,lastEntry=null
2020-07-01 01:40:17,979 [grpc-default-executor-8] DEBUG server.GrpcLogAppender (GrpcLogAppender.java:onNext(257)) - 86e2f92f-9f2f-47be-9996-581eb5cc11da@group-EDC9AD94D6A7->8c5b2b67-bc34-46b0-b6c3-958390f4d72e-AppendLogResponseHandler: received a reply 86e2f92f-9f2f-47be-9996-581eb5cc11da<-8c5b2b67-bc34-46b0-b6c3-958390f4d72e#3:OK,SUCCESS,nextIndex:1,term:3,followerCommit:0, request=AppendEntriesRequest:cid=3,entriesCount=0,lastEntry=null
2020-07-01 01:40:19,235 [grpc-default-executor-8] DEBUG impl.RaftServerImpl (RaftServerImpl.java:submitClientRequestAsync(575)) - 0e87e1a8-862d-4038-8503-5ba64ecc883e@group-AB27BD356713: receive client request(RaftClientRequest:client-065F38B42D72->0e87e1a8-862d-4038-8503-5ba64ecc883e@group-AB27BD356713, cid=18, seq=1*, Watch(0), Message:<EMPTY>)
2020-07-01 01:40:19,243 [grpc-default-executor-8] ERROR storage.BlockOutputStream (BlockOutputStream.java:lambda$writeChunkToContainer$3(643)) - writing chunk failed 104436046785871872_chunk_1 blockID conID: 1 locID: 104436046785871872 bcsId: 0 with exception org.apache.ratis.protocol.AlreadyClosedException: SlidingWindow$Client:client-065F38B42D72->RAFT is closed.
2020-07-01 01:40:19,244 [grpc-default-executor-8] ERROR storage.BlockOutputStream (BlockOutputStream.java:lambda$writeChunkToContainer$3(643)) - writing chunk failed 104436046785871872_chunk_2 blockID conID: 1 locID: 104436046785871872 bcsId: 0 with exception org.apache.ratis.protocol.AlreadyClosedException: SlidingWindow$Client:client-065F38B42D72->RAFT is closed.
2020-07-01 01:40:19,244 [grpc-default-executor-8] ERROR storage.BlockOutputStream (BlockOutputStream.java:lambda$writeChunkToContainer$3(643)) - writing chunk failed 104436046785871872_chunk_3 blockID conID: 1 locID: 104436046785871872 bcsId: 0 with exception org.apache.ratis.protocol.AlreadyClosedException: SlidingWindow$Client:client-065F38B42D72->RAFT is closed.
2020-07-01 01:40:19,244 [grpc-default-executor-8] ERROR storage.BlockOutputStream (BlockOutputStream.java:lambda$writeChunkToContainer$3(643)) - writing chunk failed 104436046785871872_chunk_4 blockID conID: 1 locID: 104436046785871872 bcsId: 0 with exception org.apache.ratis.protocol.AlreadyClosedException: SlidingWindow$Client:client-065F38B42D72->RAFT is closed.
2020-07-01 01:40:19,250 [Listener at 127.0.0.1/36859] WARN  io.KeyOutputStream (KeyOutputStream.java:handleException(298)) - Encountered exception java.io.IOException: Unexpected Storage Container Exception: java.util.concurrent.CompletionException: java.util.concurrent.CompletionException: org.apache.ratis.protocol.AlreadyClosedException: SlidingWindow$Client:client-065F38B42D72->RAFT is closed. on the pipeline Pipeline[ Id: b37d36ce-baae-4bb5-9fd1-ab27bd356713, Nodes: 2fd12e45-5261-4e74-9c65-dcdedcebcdd5{ip: 172.17.0.2, host: 51ddc7c4698f, networkLocation: /default-rack, certSerialId: null}6047ccc9-2d31-4dc4-ab7e-9fb970240402{ip: 172.17.0.2, host: 51ddc7c4698f, networkLocation: /default-rack, certSerialId: null}0e87e1a8-862d-4038-8503-5ba64ecc883e{ip: 172.17.0.2, host: 51ddc7c4698f, networkLocation: /default-rack, certSerialId: null}, Type:RATIS, Factor:THREE, State:OPEN, leaderId:2fd12e45-5261-4e74-9c65-dcdedcebcdd5, CreationTimestamp2020-07-01T01:39:59.062Z]. The last committed block length is 0, uncommitted data length is 400 retry count 0
2020-07-01 01:40:19,253 [Listener at 127.0.0.1/36859] INFO  io.BlockOutputStreamEntryPool (BlockOutputStreamEntryPool.java:allocateNewBlock(284)) - Allocating block with ExcludeList {datanodes = [], containerIds = [], pipelineIds = [PipelineID=b37d36ce-baae-4bb5-9fd1-ab27bd356713]}
2020-07-01 01:40:19,286 [grpc-default-executor-8] DEBUG impl.RaftServerImpl (RaftServerImpl.java:submitClientRequestAsync(575)) - 73a3d22a-588b-4473-8061-4380f2d261cd@group-3F4429ACDEA2: receive client request(RaftClientRequest:client-4934A0965219->73a3d22a-588b-4473-8061-4380f2d261cd@group-3F4429ACDEA2, cid=25, seq=1*, Watch(0), Message:<EMPTY>)
2020-07-01 01:40:19,286 [grpc-default-executor-8] DEBUG impl.RaftServerImpl (LeaderState.java:addWatchReqeust(353)) - 73a3d22a-588b-4473-8061-4380f2d261cd@group-3F4429ACDEA2-LeaderState: addWatchRequest RaftClientRequest:client-4934A0965219->73a3d22a-588b-4473-8061-4380f2d261cd@group-3F4429ACDEA2, cid=25, seq=1*, Watch(0), Message:<EMPTY>
2020-07-01 01:40:19,302 [grpc-default-executor-7] DEBUG impl.RaftServerImpl (RaftServerImpl.java:submitClientRequestAsync(575)) - 73a3d22a-588b-4473-8061-4380f2d261cd@group-3F4429ACDEA2: receive client request(RaftClientRequest:client-4934A0965219->73a3d22a-588b-4473-8061-4380f2d261cd@group-3F4429ACDEA2, cid=26, seq=2, RW, Message:0000006f080c12001802...(size=215))
2020-07-01 01:40:19,368 [grpc-default-executor-7] DEBUG impl.RaftServerImpl (LeaderState.java:addPendingRequest(335)) - 73a3d22a-588b-4473-8061-4380f2d261cd@group-3F4429ACDEA2-LeaderState: addPendingRequest at RaftClientRequest:client-4934A0965219->73a3d22a-588b-4473-8061-4380f2d261cd@group-3F4429ACDEA2, cid=26, seq=2, RW, Message:0000006f080c12001802...(size=215), entry=(t:3, i:1), STATEMACHINELOGENTRY, client-4934A0965219, cid=26
2020-07-01 01:40:19,370 [grpc-default-executor-8] DEBUG impl.RaftServerImpl (RaftServerImpl.java:logAppendEntries(928)) - 2228b8b0-1bd4-4abc-8be5-fec7aeebcbed@group-3F4429ACDEA2: receive appendEntries(73a3d22a-588b-4473-8061-4380f2d261cd, 3, (t:3, i:0), 0, false, commits[73a3d22a-588b-4473-8061-4380f2d261cd:c0, 2228b8b0-1bd4-4abc-8be5-fec7aeebcbed:c0, 173ba019-d60c-431a-ac38-4699cb5a8b68:c0], entries: (t:3, i:1), STATEMACHINELOGENTRY, client-4934A0965219, cid=26
2020-07-01 01:40:19,372 [grpc-default-executor-8] DEBUG impl.RaftServerImpl (RaftServerImpl.java:logAppendEntries(928)) - 173ba019-d60c-431a-ac38-4699cb5a8b68@group-3F4429ACDEA2: receive appendEntries(73a3d22a-588b-4473-8061-4380f2d261cd, 3, (t:3, i:0), 0, false, commits[73a3d22a-588b-4473-8061-4380f2d261cd:c0, 2228b8b0-1bd4-4abc-8be5-fec7aeebcbed:c0, 173ba019-d60c-431a-ac38-4699cb5a8b68:c0], entries: (t:3, i:1), STATEMACHINELOGENTRY, client-4934A0965219, cid=26
2020-07-01 01:40:19,373 [grpc-default-executor-7] DEBUG impl.RaftServerImpl (RaftServerImpl.java:submitClientRequestAsync(575)) - 73a3d22a-588b-4473-8061-4380f2d261cd@group-3F4429ACDEA2: receive client request(RaftClientRequest:client-4934A0965219->73a3d22a-588b-4473-8061-4380f2d261cd@group-3F4429ACDEA2, cid=27, seq=3, RW, Message:0000006f080c12001802...(size=215))
2020-07-01 01:40:19,373 [grpc-default-executor-7] DEBUG impl.RaftServerImpl (LeaderState.java:addPendingRequest(335)) - 73a3d22a-588b-4473-8061-4380f2d261cd@group-3F4429ACDEA2-LeaderState: addPendingRequest at RaftClientRequest:client-4934A0965219->73a3d22a-588b-4473-8061-4380f2d261cd@group-3F4429ACDEA2, cid=27, seq=3, RW, Message:0000006f080c12001802...(size=215), entry=(t:3, i:2), STATEMACHINELOGENTRY, client-4934A0965219, cid=27
2020-07-01 01:40:19,376 [grpc-default-executor-8] DEBUG impl.RaftServerImpl (RaftServerImpl.java:logAppendEntries(928)) - 2228b8b0-1bd4-4abc-8be5-fec7aeebcbed@group-3F4429ACDEA2: receive appendEntries(73a3d22a-588b-4473-8061-4380f2d261cd, 3, (t:3, i:1), 0, false, commits[73a3d22a-588b-4473-8061-4380f2d261cd:c0, 2228b8b0-1bd4-4abc-8be5-fec7aeebcbed:c0, 173ba019-d60c-431a-ac38-4699cb5a8b68:c0], entries: (t:3, i:2), STATEMACHINELOGENTRY, client-4934A0965219, cid=27
2020-07-01 01:40:19,377 [grpc-default-executor-8] DEBUG impl.RaftServerImpl (RaftServerImpl.java:logAppendEntries(928)) - 173ba019-d60c-431a-ac38-4699cb5a8b68@group-3F4429ACDEA2: receive appendEntries(73a3d22a-588b-4473-8061-4380f2d261cd, 3, (t:3, i:1), 0, false, commits[73a3d22a-588b-4473-8061-4380f2d261cd:c0, 2228b8b0-1bd4-4abc-8be5-fec7aeebcbed:c0, 173ba019-d60c-431a-ac38-4699cb5a8b68:c0], entries: (t:3, i:2), STATEMACHINELOGENTRY, client-4934A0965219, cid=27
2020-07-01 01:40:19,377 [grpc-default-executor-7] DEBUG impl.RaftServerImpl (RaftServerImpl.java:submitClientRequestAsync(575)) - 73a3d22a-588b-4473-8061-4380f2d261cd@group-3F4429ACDEA2: receive client request(RaftClientRequest:client-4934A0965219->73a3d22a-588b-4473-8061-4380f2d261cd@group-3F4429ACDEA2, cid=28, seq=4, RW, Message:000000b0080612001802...(size=180))
2020-07-01 01:40:19,393 [grpc-default-executor-7] DEBUG impl.RaftServerImpl (LeaderState.java:addPendingRequest(335)) - 73a3d22a-588b-4473-8061-4380f2d261cd@group-3F4429ACDEA2-LeaderState: addPendingRequest at RaftClientRequest:client-4934A0965219->73a3d22a-588b-4473-8061-4380f2d261cd@group-3F4429ACDEA2, cid=28, seq=4, RW, Message:000000b0080612001802...(size=180), entry=(t:3, i:3), STATEMACHINELOGENTRY, client-4934A0965219, cid=28
2020-07-01 01:40:19,394 [grpc-default-executor-8] DEBUG impl.RaftServerImpl (RaftServerImpl.java:logAppendEntries(928)) - 2228b8b0-1bd4-4abc-8be5-fec7aeebcbed@group-3F4429ACDEA2: receive appendEntries(73a3d22a-588b-4473-8061-4380f2d261cd, 3, (t:3, i:2), 0, false, commits[73a3d22a-588b-4473-8061-4380f2d261cd:c0, 2228b8b0-1bd4-4abc-8be5-fec7aeebcbed:c0, 173ba019-d60c-431a-ac38-4699cb5a8b68:c0], entries: (t:3, i:3), STATEMACHINELOGENTRY, client-4934A0965219, cid=28
2020-07-01 01:40:19,395 [grpc-default-executor-8] DEBUG impl.RaftServerImpl (RaftServerImpl.java:logAppendEntries(928)) - 173ba019-d60c-431a-ac38-4699cb5a8b68@group-3F4429ACDEA2: receive appendEntries(73a3d22a-588b-4473-8061-4380f2d261cd, 3, (t:3, i:2), 0, false, commits[73a3d22a-588b-4473-8061-4380f2d261cd:c0, 2228b8b0-1bd4-4abc-8be5-fec7aeebcbed:c0, 173ba019-d60c-431a-ac38-4699cb5a8b68:c0], entries: (t:3, i:3), STATEMACHINELOGENTRY, client-4934A0965219, cid=28
2020-07-01 01:40:19,396 [grpc-default-executor-7] DEBUG impl.RaftServerImpl (RaftServerImpl.java:submitClientRequestAsync(575)) - 73a3d22a-588b-4473-8061-4380f2d261cd@group-3F4429ACDEA2: receive client request(RaftClientRequest:client-4934A0965219->73a3d22a-588b-4473-8061-4380f2d261cd@group-3F4429ACDEA2, cid=29, seq=5, RW, Message:00000070080c12001802...(size=216))
2020-07-01 01:40:19,397 [grpc-default-executor-7] DEBUG impl.RaftServerImpl (LeaderState.java:addPendingRequest(335)) - 73a3d22a-588b-4473-8061-4380f2d261cd@group-3F4429ACDEA2-LeaderState: addPendingRequest at RaftClientRequest:client-4934A0965219->73a3d22a-588b-4473-8061-4380f2d261cd@group-3F4429ACDEA2, cid=29, seq=5, RW, Message:00000070080c12001802...(size=216), entry=(t:3, i:4), STATEMACHINELOGENTRY, client-4934A0965219, cid=29
2020-07-01 01:40:19,398 [grpc-default-executor-8] DEBUG impl.RaftServerImpl (RaftServerImpl.java:logAppendEntries(928)) - 2228b8b0-1bd4-4abc-8be5-fec7aeebcbed@group-3F4429ACDEA2: receive appendEntries(73a3d22a-588b-4473-8061-4380f2d261cd, 3, (t:3, i:3), 0, false, commits[73a3d22a-588b-4473-8061-4380f2d261cd:c0, 2228b8b0-1bd4-4abc-8be5-fec7aeebcbed:c0, 173ba019-d60c-431a-ac38-4699cb5a8b68:c0], entries: (t:3, i:4), STATEMACHINELOGENTRY, client-4934A0965219, cid=29
2020-07-01 01:40:19,401 [grpc-default-executor-8] DEBUG impl.RaftServerImpl (RaftServerImpl.java:logAppendEntries(928)) - 173ba019-d60c-431a-ac38-4699cb5a8b68@group-3F4429ACDEA2: receive appendEntries(73a3d22a-588b-4473-8061-4380f2d261cd, 3, (t:3, i:3), 0, false, commits[73a3d22a-588b-4473-8061-4380f2d261cd:c0, 2228b8b0-1bd4-4abc-8be5-fec7aeebcbed:c0, 173ba019-d60c-431a-ac38-4699cb5a8b68:c0], entries: (t:3, i:4), STATEMACHINELOGENTRY, client-4934A0965219, cid=29
2020-07-01 01:40:19,402 [grpc-default-executor-7] DEBUG impl.RaftServerImpl (RaftServerImpl.java:submitClientRequestAsync(575)) - 73a3d22a-588b-4473-8061-4380f2d261cd@group-3F4429ACDEA2: receive client request(RaftClientRequest:client-4934A0965219->73a3d22a-588b-4473-8061-4380f2d261cd@group-3F4429ACDEA2, cid=30, seq=6, RW, Message:00000070080c12001802...(size=216))
2020-07-01 01:40:19,402 [grpc-default-executor-7] DEBUG impl.RaftServerImpl (LeaderState.java:addPendingRequest(335)) - 73a3d22a-588b-4473-8061-4380f2d261cd@group-3F4429ACDEA2-LeaderState: addPendingRequest at RaftClientRequest:client-4934A0965219->73a3d22a-588b-4473-8061-4380f2d261cd@group-3F4429ACDEA2, cid=30, seq=6, RW, Message:00000070080c12001802...(size=216), entry=(t:3, i:5), STATEMACHINELOGENTRY, client-4934A0965219, cid=30
2020-07-01 01:40:19,403 [grpc-default-executor-8] DEBUG impl.RaftServerImpl (RaftServerImpl.java:logAppendEntries(928)) - 2228b8b0-1bd4-4abc-8be5-fec7aeebcbed@group-3F4429ACDEA2: receive appendEntries(73a3d22a-588b-4473-8061-4380f2d261cd, 3, (t:3, i:4), 0, false, commits[73a3d22a-588b-4473-8061-4380f2d261cd:c0, 2228b8b0-1bd4-4abc-8be5-fec7aeebcbed:c0, 173ba019-d60c-431a-ac38-4699cb5a8b68:c0], entries: (t:3, i:5), STATEMACHINELOGENTRY, client-4934A0965219, cid=30
2020-07-01 01:40:19,404 [grpc-default-executor-8] DEBUG impl.RaftServerImpl (RaftServerImpl.java:logAppendEntries(928)) - 173ba019-d60c-431a-ac38-4699cb5a8b68@group-3F4429ACDEA2: receive appendEntries(73a3d22a-588b-4473-8061-4380f2d261cd, 3, (t:3, i:4), 0, false, commits[73a3d22a-588b-4473-8061-4380f2d261cd:c0, 2228b8b0-1bd4-4abc-8be5-fec7aeebcbed:c0, 173ba019-d60c-431a-ac38-4699cb5a8b68:c0], entries: (t:3, i:5), STATEMACHINELOGENTRY, client-4934A0965219, cid=30
2020-07-01 01:40:19,406 [grpc-default-executor-7] DEBUG impl.RaftServerImpl (RaftServerImpl.java:submitClientRequestAsync(575)) - 73a3d22a-588b-4473-8061-4380f2d261cd@group-3F4429ACDEA2: receive client request(RaftClientRequest:client-4934A0965219->73a3d22a-588b-4473-8061-4380f2d261cd@group-3F4429ACDEA2, cid=31, seq=7, RW, Message:00000113080612001802...(size=279))
2020-07-01 01:40:19,407 [grpc-default-executor-7] DEBUG impl.RaftServerImpl (LeaderState.java:addPendingRequest(335)) - 73a3d22a-588b-4473-8061-4380f2d261cd@group-3F4429ACDEA2-LeaderState: addPendingRequest at RaftClientRequest:client-4934A0965219->73a3d22a-588b-4473-8061-4380f2d261cd@group-3F4429ACDEA2, cid=31, seq=7, RW, Message:00000113080612001802...(size=279), entry=(t:3, i:6), STATEMACHINELOGENTRY, client-4934A0965219, cid=31
2020-07-01 01:40:19,408 [grpc-default-executor-8] DEBUG impl.RaftServerImpl (RaftServerImpl.java:logAppendEntries(928)) - 2228b8b0-1bd4-4abc-8be5-fec7aeebcbed@group-3F4429ACDEA2: receive appendEntries(73a3d22a-588b-4473-8061-4380f2d261cd, 3, (t:3, i:5), 0, false, commits[73a3d22a-588b-4473-8061-4380f2d261cd:c0, 2228b8b0-1bd4-4abc-8be5-fec7aeebcbed:c0, 173ba019-d60c-431a-ac38-4699cb5a8b68:c0], entries: (t:3, i:6), STATEMACHINELOGENTRY, client-4934A0965219, cid=31
2020-07-01 01:40:19,409 [grpc-default-executor-8] DEBUG impl.RaftServerImpl (RaftServerImpl.java:logAppendEntries(928)) - 173ba019-d60c-431a-ac38-4699cb5a8b68@group-3F4429ACDEA2: receive appendEntries(73a3d22a-588b-4473-8061-4380f2d261cd, 3, (t:3, i:5), 0, false, commits[73a3d22a-588b-4473-8061-4380f2d261cd:c0, 2228b8b0-1bd4-4abc-8be5-fec7aeebcbed:c0, 173ba019-d60c-431a-ac38-4699cb5a8b68:c0], entries: (t:3, i:6), STATEMACHINELOGENTRY, client-4934A0965219, cid=31
2020-07-01 01:40:19,485 [Thread-435] DEBUG impl.RaftServerImpl (RaftServerImpl.java:logAppendEntries(928)) - 2228b8b0-1bd4-4abc-8be5-fec7aeebcbed@group-3F4429ACDEA2: succeeded to handle AppendEntries. Reply: 73a3d22a-588b-4473-8061-4380f2d261cd<-2228b8b0-1bd4-4abc-8be5-fec7aeebcbed#4:OK,SUCCESS,nextIndex:2,term:3,followerCommit:0
2020-07-01 01:40:19,486 [grpc-default-executor-7] DEBUG server.GrpcLogAppender (GrpcLogAppender.java:onNext(257)) - 73a3d22a-588b-4473-8061-4380f2d261cd@group-3F4429ACDEA2->2228b8b0-1bd4-4abc-8be5-fec7aeebcbed-AppendLogResponseHandler: received a reply 73a3d22a-588b-4473-8061-4380f2d261cd<-2228b8b0-1bd4-4abc-8be5-fec7aeebcbed#4:OK,SUCCESS,nextIndex:2,term:3,followerCommit:0, request=AppendEntriesRequest:cid=4,entriesCount=1,lastEntry=(t:3, i:1)
2020-07-01 01:40:19,486 [Thread-436] DEBUG impl.RaftServerImpl (RaftServerImpl.java:logAppendEntries(928)) - 2228b8b0-1bd4-4abc-8be5-fec7aeebcbed@group-3F4429ACDEA2: succeeded to handle AppendEntries. Reply: 73a3d22a-588b-4473-8061-4380f2d261cd<-2228b8b0-1bd4-4abc-8be5-fec7aeebcbed#5:OK,SUCCESS,nextIndex:3,term:3,followerCommit:0
2020-07-01 01:40:19,490 [Thread-437] DEBUG impl.RaftServerImpl (RaftServerImpl.java:logAppendEntries(928)) - 2228b8b0-1bd4-4abc-8be5-fec7aeebcbed@group-3F4429ACDEA2: succeeded to handle AppendEntries. Reply: 73a3d22a-588b-4473-8061-4380f2d261cd<-2228b8b0-1bd4-4abc-8be5-fec7aeebcbed#6:OK,SUCCESS,nextIndex:4,term:3,followerCommit:0
2020-07-01 01:40:19,491 [Thread-439] DEBUG impl.RaftServerImpl (RaftServerImpl.java:logAppendEntries(928)) - 2228b8b0-1bd4-4abc-8be5-fec7aeebcbed@group-3F4429ACDEA2: succeeded to handle AppendEntries. Reply: 73a3d22a-588b-4473-8061-4380f2d261cd<-2228b8b0-1bd4-4abc-8be5-fec7aeebcbed#7:OK,SUCCESS,nextIndex:5,term:3,followerCommit:0
2020-07-01 01:40:19,492 [Thread-440] DEBUG impl.RaftServerImpl (RaftServerImpl.java:logAppendEntries(928)) - 2228b8b0-1bd4-4abc-8be5-fec7aeebcbed@group-3F4429ACDEA2: succeeded to handle AppendEntries. Reply: 73a3d22a-588b-4473-8061-4380f2d261cd<-2228b8b0-1bd4-4abc-8be5-fec7aeebcbed#8:OK,SUCCESS,nextIndex:6,term:3,followerCommit:0
2020-07-01 01:40:19,497 [grpc-default-executor-8] DEBUG impl.RaftServerImpl (RaftServerImpl.java:logAppendEntries(928)) - 2228b8b0-1bd4-4abc-8be5-fec7aeebcbed@group-3F4429ACDEA2: receive appendEntries(73a3d22a-588b-4473-8061-4380f2d261cd, 3, (t:3, i:6), 1, false, commits[73a3d22a-588b-4473-8061-4380f2d261cd:c1, 2228b8b0-1bd4-4abc-8be5-fec7aeebcbed:c0, 173ba019-d60c-431a-ac38-4699cb5a8b68:c0], entries: (t:3, i:7), METADATAENTRY(c:1)
2020-07-01 01:40:19,497 [grpc-default-executor-7] DEBUG server.GrpcLogAppender (GrpcLogAppender.java:onNext(257)) - 73a3d22a-588b-4473-8061-4380f2d261cd@group-3F4429ACDEA2->2228b8b0-1bd4-4abc-8be5-fec7aeebcbed-AppendLogResponseHandler: received a reply 73a3d22a-588b-4473-8061-4380f2d261cd<-2228b8b0-1bd4-4abc-8be5-fec7aeebcbed#5:OK,SUCCESS,nextIndex:3,term:3,followerCommit:0, request=AppendEntriesRequest:cid=5,entriesCount=1,lastEntry=(t:3, i:2)
2020-07-01 01:40:19,498 [grpc-default-executor-7] DEBUG server.GrpcLogAppender (GrpcLogAppender.java:onNext(257)) - 73a3d22a-588b-4473-8061-4380f2d261cd@group-3F4429ACDEA2->2228b8b0-1bd4-4abc-8be5-fec7aeebcbed-AppendLogResponseHandler: received a reply 73a3d22a-588b-4473-8061-4380f2d261cd<-2228b8b0-1bd4-4abc-8be5-fec7aeebcbed#6:OK,SUCCESS,nextIndex:4,term:3,followerCommit:0, request=AppendEntriesRequest:cid=6,entriesCount=1,lastEntry=(t:3, i:3)
2020-07-01 01:40:19,498 [grpc-default-executor-7] DEBUG server.GrpcLogAppender (GrpcLogAppender.java:onNext(257)) - 73a3d22a-588b-4473-8061-4380f2d261cd@group-3F4429ACDEA2->2228b8b0-1bd4-4abc-8be5-fec7aeebcbed-AppendLogResponseHandler: received a reply 73a3d22a-588b-4473-8061-4380f2d261cd<-2228b8b0-1bd4-4abc-8be5-fec7aeebcbed#7:OK,SUCCESS,nextIndex:5,term:3,followerCommit:0, request=AppendEntriesRequest:cid=7,entriesCount=1,lastEntry=(t:3, i:4)
2020-07-01 01:40:19,499 [grpc-default-executor-8] DEBUG impl.RaftServerImpl (RaftServerImpl.java:logAppendEntries(928)) - 173ba019-d60c-431a-ac38-4699cb5a8b68@group-3F4429ACDEA2: receive appendEntries(73a3d22a-588b-4473-8061-4380f2d261cd, 3, (t:3, i:6), 1, false, commits[73a3d22a-588b-4473-8061-4380f2d261cd:c1, 2228b8b0-1bd4-4abc-8be5-fec7aeebcbed:c0, 173ba019-d60c-431a-ac38-4699cb5a8b68:c0], entries: (t:3, i:7), METADATAENTRY(c:1)
2020-07-01 01:40:19,499 [grpc-default-executor-7] DEBUG server.GrpcLogAppender (GrpcLogAppender.java:onNext(257)) - 73a3d22a-588b-4473-8061-4380f2d261cd@group-3F4429ACDEA2->2228b8b0-1bd4-4abc-8be5-fec7aeebcbed-AppendLogResponseHandler: received a reply 73a3d22a-588b-4473-8061-4380f2d261cd<-2228b8b0-1bd4-4abc-8be5-fec7aeebcbed#8:OK,SUCCESS,nextIndex:6,term:3,followerCommit:0, request=AppendEntriesRequest:cid=8,entriesCount=1,lastEntry=(t:3, i:5)
2020-07-01 01:40:19,502 [grpc-default-executor-7] DEBUG impl.RaftServerImpl (RaftServerImpl.java:logAppendEntries(928)) - 173ba019-d60c-431a-ac38-4699cb5a8b68@group-3F4429ACDEA2: receive appendEntries(73a3d22a-588b-4473-8061-4380f2d261cd, 3, (t:3, i:7), 5, false, commits[73a3d22a-588b-4473-8061-4380f2d261cd:c5, 2228b8b0-1bd4-4abc-8be5-fec7aeebcbed:c0, 173ba019-d60c-431a-ac38-4699cb5a8b68:c0], entries: (t:3, i:8), METADATAENTRY(c:5)
2020-07-01 01:40:19,503 [grpc-default-executor-7] DEBUG impl.RaftServerImpl (RaftServerImpl.java:logAppendEntries(928)) - 2228b8b0-1bd4-4abc-8be5-fec7aeebcbed@group-3F4429ACDEA2: receive appendEntries(73a3d22a-588b-4473-8061-4380f2d261cd, 3, (t:3, i:7), 5, false, commits[73a3d22a-588b-4473-8061-4380f2d261cd:c5, 2228b8b0-1bd4-4abc-8be5-fec7aeebcbed:c0, 173ba019-d60c-431a-ac38-4699cb5a8b68:c0], entries: (t:3, i:8), METADATAENTRY(c:5)
2020-07-01 01:40:19,519 [Thread-438] DEBUG impl.RaftServerImpl (RaftServerImpl.java:logAppendEntries(928)) - 173ba019-d60c-431a-ac38-4699cb5a8b68@group-3F4429ACDEA2: succeeded to handle AppendEntries. Reply: 73a3d22a-588b-4473-8061-4380f2d261cd<-173ba019-d60c-431a-ac38-4699cb5a8b68#4:OK,SUCCESS,nextIndex:2,term:3,followerCommit:0
2020-07-01 01:40:19,520 [grpc-default-executor-7] DEBUG server.GrpcLogAppender (GrpcLogAppender.java:onNext(257)) - 73a3d22a-588b-4473-8061-4380f2d261cd@group-3F4429ACDEA2->173ba019-d60c-431a-ac38-4699cb5a8b68-AppendLogResponseHandler: received a reply 73a3d22a-588b-4473-8061-4380f2d261cd<-173ba019-d60c-431a-ac38-4699cb5a8b68#4:OK,SUCCESS,nextIndex:2,term:3,followerCommit:0, request=AppendEntriesRequest:cid=4,entriesCount=1,lastEntry=(t:3, i:1)
2020-07-01 01:40:19,523 [Thread-444] DEBUG impl.RaftServerImpl (RaftServerImpl.java:logAppendEntries(928)) - 173ba019-d60c-431a-ac38-4699cb5a8b68@group-3F4429ACDEA2: succeeded to handle AppendEntries. Reply: 73a3d22a-588b-4473-8061-4380f2d261cd<-173ba019-d60c-431a-ac38-4699cb5a8b68#5:OK,SUCCESS,nextIndex:3,term:3,followerCommit:0
2020-07-01 01:40:19,523 [grpc-default-executor-7] DEBUG server.GrpcLogAppender (GrpcLogAppender.java:onNext(257)) - 73a3d22a-588b-4473-8061-4380f2d261cd@group-3F4429ACDEA2->173ba019-d60c-431a-ac38-4699cb5a8b68-AppendLogResponseHandler: received a reply 73a3d22a-588b-4473-8061-4380f2d261cd<-173ba019-d60c-431a-ac38-4699cb5a8b68#5:OK,SUCCESS,nextIndex:3,term:3,followerCommit:0, request=AppendEntriesRequest:cid=5,entriesCount=1,lastEntry=(t:3, i:2)
2020-07-01 01:40:19,525 [Thread-445] DEBUG impl.RaftServerImpl (RaftServerImpl.java:logAppendEntries(928)) - 173ba019-d60c-431a-ac38-4699cb5a8b68@group-3F4429ACDEA2: succeeded to handle AppendEntries. Reply: 73a3d22a-588b-4473-8061-4380f2d261cd<-173ba019-d60c-431a-ac38-4699cb5a8b68#6:OK,SUCCESS,nextIndex:4,term:3,followerCommit:0
2020-07-01 01:40:19,527 [grpc-default-executor-7] DEBUG server.GrpcLogAppender (GrpcLogAppender.java:onNext(257)) - 73a3d22a-588b-4473-8061-4380f2d261cd@group-3F4429ACDEA2->173ba019-d60c-431a-ac38-4699cb5a8b68-AppendLogResponseHandler: received a reply 73a3d22a-588b-4473-8061-4380f2d261cd<-173ba019-d60c-431a-ac38-4699cb5a8b68#6:OK,SUCCESS,nextIndex:4,term:3,followerCommit:0, request=AppendEntriesRequest:cid=6,entriesCount=1,lastEntry=(t:3, i:3)
2020-07-01 01:40:19,527 [Thread-446] DEBUG impl.RaftServerImpl (RaftServerImpl.java:logAppendEntries(928)) - 173ba019-d60c-431a-ac38-4699cb5a8b68@group-3F4429ACDEA2: succeeded to handle AppendEntries. Reply: 73a3d22a-588b-4473-8061-4380f2d261cd<-173ba019-d60c-431a-ac38-4699cb5a8b68#7:OK,SUCCESS,nextIndex:5,term:3,followerCommit:0
2020-07-01 01:40:19,528 [grpc-default-executor-7] DEBUG server.GrpcLogAppender (GrpcLogAppender.java:onNext(257)) - 73a3d22a-588b-4473-8061-4380f2d261cd@group-3F4429ACDEA2->173ba019-d60c-431a-ac38-4699cb5a8b68-AppendLogResponseHandler: received a reply 73a3d22a-588b-4473-8061-4380f2d261cd<-173ba019-d60c-431a-ac38-4699cb5a8b68#7:OK,SUCCESS,nextIndex:5,term:3,followerCommit:0, request=AppendEntriesRequest:cid=7,entriesCount=1,lastEntry=(t:3, i:4)
2020-07-01 01:40:19,529 [Thread-447] DEBUG impl.RaftServerImpl (RaftServerImpl.java:logAppendEntries(928)) - 173ba019-d60c-431a-ac38-4699cb5a8b68@group-3F4429ACDEA2: succeeded to handle AppendEntries. Reply: 73a3d22a-588b-4473-8061-4380f2d261cd<-173ba019-d60c-431a-ac38-4699cb5a8b68#8:OK,SUCCESS,nextIndex:6,term:3,followerCommit:0
2020-07-01 01:40:19,529 [grpc-default-executor-7] DEBUG server.GrpcLogAppender (GrpcLogAppender.java:onNext(257)) - 73a3d22a-588b-4473-8061-4380f2d261cd@group-3F4429ACDEA2->173ba019-d60c-431a-ac38-4699cb5a8b68-AppendLogResponseHandler: received a reply 73a3d22a-588b-4473-8061-4380f2d261cd<-173ba019-d60c-431a-ac38-4699cb5a8b68#8:OK,SUCCESS,nextIndex:6,term:3,followerCommit:0, request=AppendEntriesRequest:cid=8,entriesCount=1,lastEntry=(t:3, i:5)
2020-07-01 01:40:19,529 [Thread-441] DEBUG impl.RaftServerImpl (RaftServerImpl.java:logAppendEntries(928)) - 2228b8b0-1bd4-4abc-8be5-fec7aeebcbed@group-3F4429ACDEA2: succeeded to handle AppendEntries. Reply: 73a3d22a-588b-4473-8061-4380f2d261cd<-2228b8b0-1bd4-4abc-8be5-fec7aeebcbed#9:OK,SUCCESS,nextIndex:7,term:3,followerCommit:0
2020-07-01 01:40:19,531 [grpc-default-executor-7] DEBUG server.GrpcLogAppender (GrpcLogAppender.java:onNext(257)) - 73a3d22a-588b-4473-8061-4380f2d261cd@group-3F4429ACDEA2->2228b8b0-1bd4-4abc-8be5-fec7aeebcbed-AppendLogResponseHandler: received a reply 73a3d22a-588b-4473-8061-4380f2d261cd<-2228b8b0-1bd4-4abc-8be5-fec7aeebcbed#9:OK,SUCCESS,nextIndex:7,term:3,followerCommit:0, request=AppendEntriesRequest:cid=9,entriesCount=1,lastEntry=(t:3, i:6)
2020-07-01 01:40:19,538 [Thread-448] DEBUG impl.RaftServerImpl (RaftServerImpl.java:logAppendEntries(928)) - 173ba019-d60c-431a-ac38-4699cb5a8b68@group-3F4429ACDEA2: succeeded to handle AppendEntries. Reply: 73a3d22a-588b-4473-8061-4380f2d261cd<-173ba019-d60c-431a-ac38-4699cb5a8b68#9:OK,SUCCESS,nextIndex:7,term:3,followerCommit:0
2020-07-01 01:40:19,540 [grpc-default-executor-8] DEBUG impl.RaftServerImpl (RaftServerImpl.java:logAppendEntries(928)) - 173ba019-d60c-431a-ac38-4699cb5a8b68@group-3F4429ACDEA2: receive appendEntries(73a3d22a-588b-4473-8061-4380f2d261cd, 3, (t:3, i:8), 6, false, commits[73a3d22a-588b-4473-8061-4380f2d261cd:c6, 2228b8b0-1bd4-4abc-8be5-fec7aeebcbed:c0, 173ba019-d60c-431a-ac38-4699cb5a8b68:c0], entries: (t:3, i:9), METADATAENTRY(c:6)
2020-07-01 01:40:19,540 [grpc-default-executor-7] DEBUG impl.RaftServerImpl (RaftServerImpl.java:logAppendEntries(928)) - 2228b8b0-1bd4-4abc-8be5-fec7aeebcbed@group-3F4429ACDEA2: receive appendEntries(73a3d22a-588b-4473-8061-4380f2d261cd, 3, (t:3, i:8), 6, false, commits[73a3d22a-588b-4473-8061-4380f2d261cd:c6, 2228b8b0-1bd4-4abc-8be5-fec7aeebcbed:c0, 173ba019-d60c-431a-ac38-4699cb5a8b68:c0], entries: (t:3, i:9), METADATAENTRY(c:6)
2020-07-01 01:40:19,542 [grpc-default-executor-7] DEBUG server.GrpcLogAppender (GrpcLogAppender.java:onNext(257)) - 73a3d22a-588b-4473-8061-4380f2d261cd@group-3F4429ACDEA2->173ba019-d60c-431a-ac38-4699cb5a8b68-AppendLogResponseHandler: received a reply 73a3d22a-588b-4473-8061-4380f2d261cd<-173ba019-d60c-431a-ac38-4699cb5a8b68#9:OK,SUCCESS,nextIndex:7,term:3,followerCommit:0, request=AppendEntriesRequest:cid=9,entriesCount=1,lastEntry=(t:3, i:6)
2020-07-01 01:40:19,542 [Thread-443] DEBUG impl.RaftServerImpl (RaftServerImpl.java:logAppendEntries(928)) - 2228b8b0-1bd4-4abc-8be5-fec7aeebcbed@group-3F4429ACDEA2: succeeded to handle AppendEntries. Reply: 73a3d22a-588b-4473-8061-4380f2d261cd<-2228b8b0-1bd4-4abc-8be5-fec7aeebcbed#10:OK,SUCCESS,nextIndex:8,term:3,followerCommit:1
2020-07-01 01:40:19,542 [grpc-default-executor-7] DEBUG server.GrpcLogAppender (GrpcLogAppender.java:onNext(257)) - 73a3d22a-588b-4473-8061-4380f2d261cd@group-3F4429ACDEA2->2228b8b0-1bd4-4abc-8be5-fec7aeebcbed-AppendLogResponseHandler: received a reply 73a3d22a-588b-4473-8061-4380f2d261cd<-2228b8b0-1bd4-4abc-8be5-fec7aeebcbed#10:OK,SUCCESS,nextIndex:8,term:3,followerCommit:1, request=AppendEntriesRequest:cid=10,entriesCount=1,lastEntry=(t:3, i:7)
2020-07-01 01:40:19,543 [Thread-450] DEBUG impl.RaftServerImpl (RaftServerImpl.java:logAppendEntries(928)) - 173ba019-d60c-431a-ac38-4699cb5a8b68@group-3F4429ACDEA2: succeeded to handle AppendEntries. Reply: 73a3d22a-588b-4473-8061-4380f2d261cd<-173ba019-d60c-431a-ac38-4699cb5a8b68#10:OK,SUCCESS,nextIndex:8,term:3,followerCommit:1
2020-07-01 01:40:19,543 [grpc-default-executor-7] DEBUG server.GrpcLogAppender (GrpcLogAppender.java:onNext(257)) - 73a3d22a-588b-4473-8061-4380f2d261cd@group-3F4429ACDEA2->173ba019-d60c-431a-ac38-4699cb5a8b68-AppendLogResponseHandler: received a reply 73a3d22a-588b-4473-8061-4380f2d261cd<-173ba019-d60c-431a-ac38-4699cb5a8b68#10:OK,SUCCESS,nextIndex:8,term:3,followerCommit:1, request=AppendEntriesRequest:cid=10,entriesCount=1,lastEntry=(t:3, i:7)
2020-07-01 01:40:19,544 [Thread-453] DEBUG impl.RaftServerImpl (RaftServerImpl.java:logAppendEntries(928)) - 173ba019-d60c-431a-ac38-4699cb5a8b68@group-3F4429ACDEA2: succeeded to handle AppendEntries. Reply: 73a3d22a-588b-4473-8061-4380f2d261cd<-173ba019-d60c-431a-ac38-4699cb5a8b68#11:OK,SUCCESS,nextIndex:9,term:3,followerCommit:5
2020-07-01 01:40:19,544 [grpc-default-executor-7] DEBUG server.GrpcLogAppender (GrpcLogAppender.java:onNext(257)) - 73a3d22a-588b-4473-8061-4380f2d261cd@group-3F4429ACDEA2->173ba019-d60c-431a-ac38-4699cb5a8b68-AppendLogResponseHandler: received a reply 73a3d22a-588b-4473-8061-4380f2d261cd<-173ba019-d60c-431a-ac38-4699cb5a8b68#11:OK,SUCCESS,nextIndex:9,term:3,followerCommit:5, request=AppendEntriesRequest:cid=11,entriesCount=1,lastEntry=(t:3, i:8)
2020-07-01 01:40:19,545 [Thread-452] DEBUG impl.RaftServerImpl (RaftServerImpl.java:logAppendEntries(928)) - 2228b8b0-1bd4-4abc-8be5-fec7aeebcbed@group-3F4429ACDEA2: succeeded to handle AppendEntries. Reply: 73a3d22a-588b-4473-8061-4380f2d261cd<-2228b8b0-1bd4-4abc-8be5-fec7aeebcbed#11:OK,SUCCESS,nextIndex:9,term:3,followerCommit:5
2020-07-01 01:40:19,546 [grpc-default-executor-7] DEBUG server.GrpcLogAppender (GrpcLogAppender.java:onNext(257)) - 73a3d22a-588b-4473-8061-4380f2d261cd@group-3F4429ACDEA2->2228b8b0-1bd4-4abc-8be5-fec7aeebcbed-AppendLogResponseHandler: received a reply 73a3d22a-588b-4473-8061-4380f2d261cd<-2228b8b0-1bd4-4abc-8be5-fec7aeebcbed#11:OK,SUCCESS,nextIndex:9,term:3,followerCommit:5, request=AppendEntriesRequest:cid=11,entriesCount=1,lastEntry=(t:3, i:8)
2020-07-01 01:40:19,563 [Thread-456] DEBUG impl.RaftServerImpl (RaftServerImpl.java:logAppendEntries(928)) - 2228b8b0-1bd4-4abc-8be5-fec7aeebcbed@group-3F4429ACDEA2: succeeded to handle AppendEntries. Reply: 73a3d22a-588b-4473-8061-4380f2d261cd<-2228b8b0-1bd4-4abc-8be5-fec7aeebcbed#12:OK,SUCCESS,nextIndex:10,term:3,followerCommit:6
2020-07-01 01:40:19,564 [grpc-default-executor-8] DEBUG server.GrpcLogAppender (GrpcLogAppender.java:onNext(257)) - 73a3d22a-588b-4473-8061-4380f2d261cd@group-3F4429ACDEA2->2228b8b0-1bd4-4abc-8be5-fec7aeebcbed-AppendLogResponseHandler: received a reply 73a3d22a-588b-4473-8061-4380f2d261cd<-2228b8b0-1bd4-4abc-8be5-fec7aeebcbed#12:OK,SUCCESS,nextIndex:10,term:3,followerCommit:6, request=AppendEntriesRequest:cid=12,entriesCount=1,lastEntry=(t:3, i:9)
2020-07-01 01:40:19,564 [Thread-455] DEBUG impl.RaftServerImpl (RaftServerImpl.java:logAppendEntries(928)) - 173ba019-d60c-431a-ac38-4699cb5a8b68@group-3F4429ACDEA2: succeeded to handle AppendEntries. Reply: 73a3d22a-588b-4473-8061-4380f2d261cd<-173ba019-d60c-431a-ac38-4699cb5a8b68#12:OK,SUCCESS,nextIndex:10,term:3,followerCommit:6
2020-07-01 01:40:19,567 [grpc-default-executor-7] DEBUG server.GrpcLogAppender (GrpcLogAppender.java:onNext(257)) - 73a3d22a-588b-4473-8061-4380f2d261cd@group-3F4429ACDEA2->173ba019-d60c-431a-ac38-4699cb5a8b68-AppendLogResponseHandler: received a reply 73a3d22a-588b-4473-8061-4380f2d261cd<-173ba019-d60c-431a-ac38-4699cb5a8b68#12:OK,SUCCESS,nextIndex:10,term:3,followerCommit:6, request=AppendEntriesRequest:cid=12,entriesCount=1,lastEntry=(t:3, i:9)
2020-07-01 01:40:19,575 [Listener at 127.0.0.1/36859] INFO  ozone.MiniOzoneClusterImpl (MiniOzoneClusterImpl.java:shutdown(387)) - Shutting down the Mini Ozone Cluster
2020-07-01 01:40:19,575 [Listener at 127.0.0.1/36859] INFO  ozone.MiniOzoneClusterImpl (MiniOzoneClusterImpl.java:stop(402)) - Stopping the Mini Ozone Cluster
2020-07-01 01:40:19,575 [Listener at 127.0.0.1/36859] INFO  ozone.MiniOzoneClusterImpl (MiniOzoneClusterImpl.java:stopOM(484)) - Stopping the OzoneManager
2020-07-01 01:40:19,575 [Listener at 127.0.0.1/36859] INFO  ipc.Server (Server.java:stop(3359)) - Stopping server on 36859
2020-07-01 01:40:19,577 [IPC Server listener on 0] INFO  ipc.Server (Server.java:run(1330)) - Stopping IPC Server listener on 0
2020-07-01 01:40:19,577 [Listener at 127.0.0.1/36859] INFO  ratis.OzoneManagerDoubleBuffer (OzoneManagerDoubleBuffer.java:stop(458)) - Stopping OMDoubleBuffer flush thread
2020-07-01 01:40:19,578 [OMDoubleBufferFlushThread] INFO  ratis.OzoneManagerDoubleBuffer (OzoneManagerDoubleBuffer.java:flushTransactions(357)) - OMDoubleBuffer flush thread OMDoubleBufferFlushThread is interrupted and will exit. OMDoubleBufferFlushThread
2020-07-01 01:40:19,578 [IPC Server Responder] INFO  ipc.Server (Server.java:run(1465)) - Stopping IPC Server Responder
2020-07-01 01:40:19,578 [Listener at 127.0.0.1/36859] INFO  utils.BackgroundService (BackgroundService.java:shutdown(157)) - Shutting down service KeyDeletingService
2020-07-01 01:40:19,580 [Listener at 127.0.0.1/36859] INFO  handler.ContextHandler (ContextHandler.java:doStop(1016)) - Stopped o.e.j.w.WebAppContext@2079fcfc{ozoneManager,/,null,UNAVAILABLE}{file:/github/workspace/mnt/ozone/hadoop-ozone/integration-test/target/test-classes/webapps/ozoneManager}
2020-07-01 01:40:19,583 [Listener at 127.0.0.1/36859] INFO  server.AbstractConnector (AbstractConnector.java:doStop(380)) - Stopped ServerConnector@3a45308f{HTTP/1.1,[http/1.1]}{0.0.0.0:0}
2020-07-01 01:40:19,583 [Listener at 127.0.0.1/36859] INFO  server.session (HouseKeeper.java:stopScavenging(158)) - node0 Stopped scavenging
2020-07-01 01:40:19,583 [Listener at 127.0.0.1/36859] INFO  handler.ContextHandler (ContextHandler.java:doStop(1016)) - Stopped o.e.j.s.ServletContextHandler@67cd84f9{static,/static,file:///github/workspace/mnt/ozone/hadoop-ozone/integration-test/target/test-classes/webapps/static,UNAVAILABLE}
2020-07-01 01:40:19,583 [Listener at 127.0.0.1/36859] INFO  handler.ContextHandler (ContextHandler.java:doStop(1016)) - Stopped o.e.j.s.ServletContextHandler@2b06681c{logs,/logs,file:///github/workspace/mnt/ozone/hadoop-ozone/integration-test/target/log,UNAVAILABLE}
2020-07-01 01:40:19,585 [Listener at 127.0.0.1/36859] INFO  ozone.MiniOzoneClusterImpl (MiniOzoneClusterImpl.java:stopDatanodes(461)) - Stopping the HddsDatanodes
2020-07-01 01:40:20,045 [grpc-default-executor-8] DEBUG server.GrpcLogAppender (GrpcLogAppender.java:onNext(257)) - 6047ccc9-2d31-4dc4-ab7e-9fb970240402@group-AB27BD356713->2fd12e45-5261-4e74-9c65-dcdedcebcdd5-AppendLogResponseHandler: received a reply 6047ccc9-2d31-4dc4-ab7e-9fb970240402<-2fd12e45-5261-4e74-9c65-dcdedcebcdd5#4:OK,SUCCESS,nextIndex:1,term:3,followerCommit:0, request=AppendEntriesRequest:cid=4,entriesCount=0,lastEntry=null
2020-07-01 01:40:20,048 [grpc-default-executor-8] DEBUG server.GrpcLogAppender (GrpcLogAppender.java:onNext(257)) - 6047ccc9-2d31-4dc4-ab7e-9fb970240402@group-AB27BD356713->0e87e1a8-862d-4038-8503-5ba64ecc883e-AppendLogResponseHandler: received a reply 6047ccc9-2d31-4dc4-ab7e-9fb970240402<-0e87e1a8-862d-4038-8503-5ba64ecc883e#4:OK,SUCCESS,nextIndex:1,term:3,followerCommit:0, request=AppendEntriesRequest:cid=4,entriesCount=0,lastEntry=null
2020-07-01 01:40:20,447 [Datanode State Machine Thread - 0] INFO  statemachine.DatanodeStateMachine (DatanodeStateMachine.java:lambda$startDaemon$0(380)) - Ozone container server started.
2020-07-01 01:40:20,478 [Datanode State Machine Thread - 0] INFO  statemachine.DatanodeStateMachine (DatanodeStateMachine.java:lambda$startDaemon$0(380)) - Ozone container server started.
2020-07-01 01:40:20,481 [grpc-default-executor-8] DEBUG server.GrpcLogAppender (GrpcLogAppender.java:onNext(257)) - 86e2f92f-9f2f-47be-9996-581eb5cc11da@group-EDC9AD94D6A7->4a250b03-fc0c-4fc6-b3de-35498431563c-AppendLogResponseHandler: received a reply 86e2f92f-9f2f-47be-9996-581eb5cc11da<-4a250b03-fc0c-4fc6-b3de-35498431563c#4:OK,SUCCESS,nextIndex:1,term:3,followerCommit:0, request=AppendEntriesRequest:cid=4,entriesCount=0,lastEntry=null
2020-07-01 01:40:20,482 [grpc-default-executor-7] DEBUG server.GrpcLogAppender (GrpcLogAppender.java:onNext(257)) - 86e2f92f-9f2f-47be-9996-581eb5cc11da@group-EDC9AD94D6A7->8c5b2b67-bc34-46b0-b6c3-958390f4d72e-AppendLogResponseHandler: received a reply 86e2f92f-9f2f-47be-9996-581eb5cc11da<-8c5b2b67-bc34-46b0-b6c3-958390f4d72e#4:OK,SUCCESS,nextIndex:1,term:3,followerCommit:0, request=AppendEntriesRequest:cid=4,entriesCount=0,lastEntry=null
2020-07-01 01:40:22,068 [grpc-default-executor-8] DEBUG server.GrpcLogAppender (GrpcLogAppender.java:onNext(257)) - 73a3d22a-588b-4473-8061-4380f2d261cd@group-3F4429ACDEA2->2228b8b0-1bd4-4abc-8be5-fec7aeebcbed-AppendLogResponseHandler: received a reply 73a3d22a-588b-4473-8061-4380f2d261cd<-2228b8b0-1bd4-4abc-8be5-fec7aeebcbed#13:OK,SUCCESS,nextIndex:10,term:3,followerCommit:9, request=AppendEntriesRequest:cid=13,entriesCount=0,lastEntry=null
2020-07-01 01:40:22,069 [grpc-default-executor-7] DEBUG server.GrpcLogAppender (GrpcLogAppender.java:onNext(257)) - 73a3d22a-588b-4473-8061-4380f2d261cd@group-3F4429ACDEA2->173ba019-d60c-431a-ac38-4699cb5a8b68-AppendLogResponseHandler: received a reply 73a3d22a-588b-4473-8061-4380f2d261cd<-173ba019-d60c-431a-ac38-4699cb5a8b68#13:OK,SUCCESS,nextIndex:10,term:3,followerCommit:9, request=AppendEntriesRequest:cid=13,entriesCount=0,lastEntry=null
2020-07-01 01:40:22,548 [grpc-default-executor-7] DEBUG server.GrpcLogAppender (GrpcLogAppender.java:onNext(257)) - 6047ccc9-2d31-4dc4-ab7e-9fb970240402@group-AB27BD356713->2fd12e45-5261-4e74-9c65-dcdedcebcdd5-AppendLogResponseHandler: received a reply 6047ccc9-2d31-4dc4-ab7e-9fb970240402<-2fd12e45-5261-4e74-9c65-dcdedcebcdd5#5:OK,SUCCESS,nextIndex:1,term:3,followerCommit:0, request=AppendEntriesRequest:cid=5,entriesCount=0,lastEntry=null
2020-07-01 01:40:22,550 [grpc-default-executor-7] DEBUG server.GrpcLogAppender (GrpcLogAppender.java:onNext(257)) - 6047ccc9-2d31-4dc4-ab7e-9fb970240402@group-AB27BD356713->0e87e1a8-862d-4038-8503-5ba64ecc883e-AppendLogResponseHandler: received a reply 6047ccc9-2d31-4dc4-ab7e-9fb970240402<-0e87e1a8-862d-4038-8503-5ba64ecc883e#5:OK,SUCCESS,nextIndex:1,term:3,followerCommit:0, request=AppendEntriesRequest:cid=5,entriesCount=0,lastEntry=null
2020-07-01 01:40:22,985 [grpc-default-executor-8] DEBUG server.GrpcLogAppender (GrpcLogAppender.java:onNext(257)) - 86e2f92f-9f2f-47be-9996-581eb5cc11da@group-EDC9AD94D6A7->4a250b03-fc0c-4fc6-b3de-35498431563c-AppendLogResponseHandler: received a reply 86e2f92f-9f2f-47be-9996-581eb5cc11da<-4a250b03-fc0c-4fc6-b3de-35498431563c#5:OK,SUCCESS,nextIndex:1,term:3,followerCommit:0, request=AppendEntriesRequest:cid=5,entriesCount=0,lastEntry=null
2020-07-01 01:40:22,987 [grpc-default-executor-7] DEBUG server.GrpcLogAppender (GrpcLogAppender.java:onNext(257)) - 86e2f92f-9f2f-47be-9996-581eb5cc11da@group-EDC9AD94D6A7->8c5b2b67-bc34-46b0-b6c3-958390f4d72e-AppendLogResponseHandler: received a reply 86e2f92f-9f2f-47be-9996-581eb5cc11da<-8c5b2b67-bc34-46b0-b6c3-958390f4d72e#5:OK,SUCCESS,nextIndex:1,term:3,followerCommit:0, request=AppendEntriesRequest:cid=5,entriesCount=0,lastEntry=null
2020-07-01 01:40:24,572 [grpc-default-executor-8] DEBUG server.GrpcLogAppender (GrpcLogAppender.java:onNext(257)) - 73a3d22a-588b-4473-8061-4380f2d261cd@group-3F4429ACDEA2->2228b8b0-1bd4-4abc-8be5-fec7aeebcbed-AppendLogResponseHandler: received a reply 73a3d22a-588b-4473-8061-4380f2d261cd<-2228b8b0-1bd4-4abc-8be5-fec7aeebcbed#14:OK,SUCCESS,nextIndex:10,term:3,followerCommit:9, request=AppendEntriesRequest:cid=14,entriesCount=0,lastEntry=null
2020-07-01 01:40:24,576 [grpc-default-executor-8] DEBUG server.GrpcLogAppender (GrpcLogAppender.java:onNext(257)) - 73a3d22a-588b-4473-8061-4380f2d261cd@group-3F4429ACDEA2->173ba019-d60c-431a-ac38-4699cb5a8b68-AppendLogResponseHandler: received a reply 73a3d22a-588b-4473-8061-4380f2d261cd<-173ba019-d60c-431a-ac38-4699cb5a8b68#14:OK,SUCCESS,nextIndex:10,term:3,followerCommit:9, request=AppendEntriesRequest:cid=14,entriesCount=0,lastEntry=null
2020-07-01 01:40:24,587 [ForkJoinPool.commonPool-worker-1] INFO  ozoneimpl.OzoneContainer (OzoneContainer.java:stop(246)) - Attempting to stop container services.
2020-07-01 01:40:24,587 [Listener at 127.0.0.1/36859] INFO  ozoneimpl.OzoneContainer (OzoneContainer.java:stop(246)) - Attempting to stop container services.
2020-07-01 01:40:24,587 [ForkJoinPool.commonPool-worker-1] INFO  impl.RaftServerProxy (RaftServerProxy.java:lambda$close$4(319)) - 6047ccc9-2d31-4dc4-ab7e-9fb970240402: close
2020-07-01 01:40:24,587 [Listener at 127.0.0.1/36859] INFO  impl.RaftServerProxy (RaftServerProxy.java:lambda$close$4(319)) - 73a3d22a-588b-4473-8061-4380f2d261cd: close
2020-07-01 01:40:24,588 [Listener at 127.0.0.1/36859] INFO  impl.RaftServerImpl (RaftServerImpl.java:lambda$shutdown$3(252)) - 73a3d22a-588b-4473-8061-4380f2d261cd@group-B54800ED42C7: shutdown
2020-07-01 01:40:24,588 [ForkJoinPool.commonPool-worker-1] INFO  impl.RaftServerImpl (RaftServerImpl.java:lambda$shutdown$3(252)) - 6047ccc9-2d31-4dc4-ab7e-9fb970240402@group-AB27BD356713: shutdown
2020-07-01 01:40:24,589 [ForkJoinPool.commonPool-worker-1] INFO  util.JmxRegister (JmxRegister.java:unregister(73)) - Successfully un-registered JMX Bean with object name Ratis:service=RaftServer,group=group-AB27BD356713,id=6047ccc9-2d31-4dc4-ab7e-9fb970240402
2020-07-01 01:40:24,589 [ForkJoinPool.commonPool-worker-1] INFO  impl.RoleInfo (RoleInfo.java:shutdownLeaderState(104)) - 6047ccc9-2d31-4dc4-ab7e-9fb970240402: shutdown LeaderState
2020-07-01 01:40:24,589 [ForkJoinPool.commonPool-worker-1] INFO  metrics.RatisMetrics (RatisMetrics.java:unregister(43)) - Unregistering Metrics Registry : ratis_grpc.log_appender.6047ccc9-2d31-4dc4-ab7e-9fb970240402@group-AB27BD356713
2020-07-01 01:40:24,588 [Listener at 127.0.0.1/36859] INFO  util.JmxRegister (JmxRegister.java:unregister(73)) - Successfully un-registered JMX Bean with object name Ratis:service=RaftServer,group=group-B54800ED42C7,id=73a3d22a-588b-4473-8061-4380f2d261cd
2020-07-01 01:40:24,590 [org.apache.ratis.server.impl.LogAppender$AppenderDaemon$$Lambda$442/100889871@4f4e38ef] WARN  server.GrpcLogAppender (GrpcLogAppender.java:mayWait(153)) - 6047ccc9-2d31-4dc4-ab7e-9fb970240402@group-AB27BD356713->2fd12e45-5261-4e74-9c65-dcdedcebcdd5-GrpcLogAppender: Wait interrupted by java.lang.InterruptedException
2020-07-01 01:40:24,590 [ForkJoinPool.commonPool-worker-1] INFO  metrics.RatisMetrics (RatisMetrics.java:unregister(43)) - Unregistering Metrics Registry : ratis_grpc.log_appender.6047ccc9-2d31-4dc4-ab7e-9fb970240402@group-AB27BD356713
2020-07-01 01:40:24,590 [Listener at 127.0.0.1/36859] INFO  impl.RoleInfo (RoleInfo.java:shutdownLeaderState(104)) - 73a3d22a-588b-4473-8061-4380f2d261cd: shutdown LeaderState
2020-07-01 01:40:24,590 [grpc-default-executor-8] INFO  server.GrpcServerProtocolService (GrpcServerProtocolService.java:onCompleted(138)) - 2fd12e45-5261-4e74-9c65-dcdedcebcdd5: Completed APPEND_ENTRIES, lastRequest: 6047ccc9-2d31-4dc4-ab7e-9fb970240402->2fd12e45-5261-4e74-9c65-dcdedcebcdd5#1-t3, previous=(t:0, i:0), leaderCommit=0, initializing? false, entries: size=1, first=(t:3, i:0), CONFIGURATIONENTRY
2020-07-01 01:40:24,593 [grpc-default-executor-7] INFO  server.GrpcLogAppender (GrpcLogAppender.java:onCompleted(319)) - 6047ccc9-2d31-4dc4-ab7e-9fb970240402@group-AB27BD356713->2fd12e45-5261-4e74-9c65-dcdedcebcdd5-AppendLogResponseHandler: follower responses appendEntries COMPLETED
2020-07-01 01:40:24,590 [Listener at 127.0.0.1/36859] INFO  impl.PendingRequests (PendingRequests.java:sendNotLeaderResponses(249)) - 73a3d22a-588b-4473-8061-4380f2d261cd@group-B54800ED42C7-PendingRequests: sendNotLeaderResponses
2020-07-01 01:40:24,593 [Listener at 127.0.0.1/36859] INFO  metrics.RatisMetrics (RatisMetrics.java:unregister(43)) - Unregistering Metrics Registry : ratis.log_appender.73a3d22a-588b-4473-8061-4380f2d261cd@group-B54800ED42C7
2020-07-01 01:40:24,594 [Listener at 127.0.0.1/36859] INFO  metrics.RatisMetrics (RatisMetrics.java:unregister(43)) - Unregistering Metrics Registry : ratis.server.73a3d22a-588b-4473-8061-4380f2d261cd@group-B54800ED42C7
2020-07-01 01:40:24,593 [ForkJoinPool.commonPool-worker-1] INFO  impl.PendingRequests (PendingRequests.java:sendNotLeaderResponses(249)) - 6047ccc9-2d31-4dc4-ab7e-9fb970240402@group-AB27BD356713-PendingRequests: sendNotLeaderResponses
2020-07-01 01:40:24,593 [org.apache.ratis.server.impl.LogAppender$AppenderDaemon$$Lambda$442/100889871@802a2da] WARN  server.GrpcLogAppender (GrpcLogAppender.java:mayWait(153)) - 6047ccc9-2d31-4dc4-ab7e-9fb970240402@group-AB27BD356713->0e87e1a8-862d-4038-8503-5ba64ecc883e-GrpcLogAppender: Wait interrupted by java.lang.InterruptedException
2020-07-01 01:40:24,594 [grpc-default-executor-7] INFO  impl.FollowerInfo (FollowerInfo.java:lambda$new$0(51)) - 6047ccc9-2d31-4dc4-ab7e-9fb970240402@group-AB27BD356713->2fd12e45-5261-4e74-9c65-dcdedcebcdd5: nextIndex: updateUnconditionally 1 -> 0
2020-07-01 01:40:24,596 [ForkJoinPool.commonPool-worker-1] INFO  metrics.RatisMetrics (RatisMetrics.java:unregister(43)) - Unregistering Metrics Registry : ratis.log_appender.6047ccc9-2d31-4dc4-ab7e-9fb970240402@group-AB27BD356713
2020-07-01 01:40:24,596 [grpc-default-executor-7] INFO  server.GrpcServerProtocolService (GrpcServerProtocolService.java:onCompleted(138)) - 0e87e1a8-862d-4038-8503-5ba64ecc883e: Completed APPEND_ENTRIES, lastRequest: 6047ccc9-2d31-4dc4-ab7e-9fb970240402->0e87e1a8-862d-4038-8503-5ba64ecc883e#1-t3, previous=(t:0, i:0), leaderCommit=0, initializing? false, entries: size=1, first=(t:3, i:0), CONFIGURATIONENTRY
2020-07-01 01:40:24,597 [73a3d22a-588b-4473-8061-4380f2d261cd@group-B54800ED42C7-StateMachineUpdater] INFO  ratis.ContainerStateMachine (ContainerStateMachine.java:takeSnapshot(294)) - group-B54800ED42C7: Taking a snapshot at:(t:1, i:0) file /github/workspace/mnt/ozone/hadoop-ozone/integration-test/target/test-dir/MiniOzoneClusterImpl-1f0cff23-21f0-432d-9716-db38e1d74a84/datanode-4/data/ratis/f013a7ac-e82f-469d-898c-b54800ed42c7/sm/snapshot.1_0
2020-07-01 01:40:24,602 [grpc-default-executor-7] INFO  server.GrpcLogAppender (GrpcLogAppender.java:onCompleted(319)) - 6047ccc9-2d31-4dc4-ab7e-9fb970240402@group-AB27BD356713->0e87e1a8-862d-4038-8503-5ba64ecc883e-AppendLogResponseHandler: follower responses appendEntries COMPLETED
2020-07-01 01:40:24,597 [ForkJoinPool.commonPool-worker-1] INFO  metrics.RatisMetrics (RatisMetrics.java:unregister(43)) - Unregistering Metrics Registry : ratis.server.6047ccc9-2d31-4dc4-ab7e-9fb970240402@group-AB27BD356713
2020-07-01 01:40:24,603 [grpc-default-executor-7] INFO  impl.FollowerInfo (FollowerInfo.java:lambda$new$0(51)) - 6047ccc9-2d31-4dc4-ab7e-9fb970240402@group-AB27BD356713->0e87e1a8-862d-4038-8503-5ba64ecc883e: nextIndex: updateUnconditionally 1 -> 0
2020-07-01 01:40:24,602 [Listener at 127.0.0.1/36859] INFO  impl.StateMachineUpdater (StateMachineUpdater.java:stopAndJoin(142)) - 73a3d22a-588b-4473-8061-4380f2d261cd@group-B54800ED42C7-StateMachineUpdater: set stopIndex = 0
2020-07-01 01:40:24,605 [ForkJoinPool.commonPool-worker-1] INFO  impl.StateMachineUpdater (StateMachineUpdater.java:stopAndJoin(142)) - 6047ccc9-2d31-4dc4-ab7e-9fb970240402@group-AB27BD356713-StateMachineUpdater: set stopIndex = 0
2020-07-01 01:40:24,605 [6047ccc9-2d31-4dc4-ab7e-9fb970240402@group-AB27BD356713-StateMachineUpdater] INFO  ratis.ContainerStateMachine (ContainerStateMachine.java:takeSnapshot(294)) - group-AB27BD356713: Taking a snapshot at:(t:3, i:0) file /github/workspace/mnt/ozone/hadoop-ozone/integration-test/target/test-dir/MiniOzoneClusterImpl-1f0cff23-21f0-432d-9716-db38e1d74a84/datanode-2/data/ratis/b37d36ce-baae-4bb5-9fd1-ab27bd356713/sm/snapshot.3_0
2020-07-01 01:40:24,612 [6047ccc9-2d31-4dc4-ab7e-9fb970240402@group-AB27BD356713-StateMachineUpdater] INFO  ratis.ContainerStateMachine (ContainerStateMachine.java:takeSnapshot(305)) - group-AB27BD356713: Finished taking a snapshot at:(t:3, i:0) file:/github/workspace/mnt/ozone/hadoop-ozone/integration-test/target/test-dir/MiniOzoneClusterImpl-1f0cff23-21f0-432d-9716-db38e1d74a84/datanode-2/data/ratis/b37d36ce-baae-4bb5-9fd1-ab27bd356713/sm/snapshot.3_0 time:6
2020-07-01 01:40:24,612 [6047ccc9-2d31-4dc4-ab7e-9fb970240402@group-AB27BD356713-StateMachineUpdater] INFO  impl.StateMachineUpdater (StateMachineUpdater.java:takeSnapshot(277)) - 6047ccc9-2d31-4dc4-ab7e-9fb970240402@group-AB27BD356713-StateMachineUpdater: Took a snapshot at index 0
2020-07-01 01:40:24,612 [6047ccc9-2d31-4dc4-ab7e-9fb970240402@group-AB27BD356713-StateMachineUpdater] INFO  impl.StateMachineUpdater (StateMachineUpdater.java:lambda$new$0(87)) - 6047ccc9-2d31-4dc4-ab7e-9fb970240402@group-AB27BD356713-StateMachineUpdater: snapshotIndex: updateIncreasingly -1 -> 0
2020-07-01 01:40:24,614 [6047ccc9-2d31-4dc4-ab7e-9fb970240402@group-AB27BD356713-StateMachineUpdater] INFO  metrics.RatisMetrics (RatisMetrics.java:unregister(43)) - Unregistering Metrics Registry : ratis.state_machine.6047ccc9-2d31-4dc4-ab7e-9fb970240402@group-AB27BD356713
2020-07-01 01:40:24,614 [ForkJoinPool.commonPool-worker-1] INFO  impl.RaftServerImpl (ServerState.java:close(387)) - 6047ccc9-2d31-4dc4-ab7e-9fb970240402@group-AB27BD356713: closes. applyIndex: 0
2020-07-01 01:40:24,615 [6047ccc9-2d31-4dc4-ab7e-9fb970240402@group-AB27BD356713-SegmentedRaftLogWorker] INFO  segmented.SegmentedRaftLogWorker (SegmentedRaftLogWorker.java:run(327)) - 6047ccc9-2d31-4dc4-ab7e-9fb970240402@group-AB27BD356713-SegmentedRaftLogWorker was interrupted, exiting. There are 0 tasks remaining in the queue.
2020-07-01 01:40:24,615 [73a3d22a-588b-4473-8061-4380f2d261cd@group-B54800ED42C7-StateMachineUpdater] INFO  ratis.ContainerStateMachine (ContainerStateMachine.java:takeSnapshot(305)) - group-B54800ED42C7: Finished taking a snapshot at:(t:1, i:0) file:/github/workspace/mnt/ozone/hadoop-ozone/integration-test/target/test-dir/MiniOzoneClusterImpl-1f0cff23-21f0-432d-9716-db38e1d74a84/datanode-4/data/ratis/f013a7ac-e82f-469d-898c-b54800ed42c7/sm/snapshot.1_0 time:17
2020-07-01 01:40:24,616 [ForkJoinPool.commonPool-worker-1] INFO  segmented.SegmentedRaftLogWorker (SegmentedRaftLogWorker.java:close(234)) - 6047ccc9-2d31-4dc4-ab7e-9fb970240402@group-AB27BD356713-SegmentedRaftLogWorker close()
2020-07-01 01:40:24,617 [ForkJoinPool.commonPool-worker-1] INFO  metrics.RatisMetrics (RatisMetrics.java:unregister(43)) - Unregistering Metrics Registry : ratis.log_worker.6047ccc9-2d31-4dc4-ab7e-9fb970240402@group-AB27BD356713
2020-07-01 01:40:24,617 [ForkJoinPool.commonPool-worker-1] INFO  metrics.RatisMetrics (RatisMetrics.java:unregister(43)) - Unregistering Metrics Registry : ratis.leader_election.6047ccc9-2d31-4dc4-ab7e-9fb970240402@group-AB27BD356713
2020-07-01 01:40:24,617 [ForkJoinPool.commonPool-worker-1] INFO  metrics.RatisMetrics (RatisMetrics.java:unregister(43)) - Unregistering Metrics Registry : ratis.server.6047ccc9-2d31-4dc4-ab7e-9fb970240402@group-AB27BD356713
2020-07-01 01:40:24,617 [ForkJoinPool.commonPool-worker-1] INFO  impl.RaftServerImpl (RaftServerImpl.java:lambda$shutdown$3(252)) - 6047ccc9-2d31-4dc4-ab7e-9fb970240402@group-B55C23691C28: shutdown
2020-07-01 01:40:24,617 [ForkJoinPool.commonPool-worker-1] INFO  util.JmxRegister (JmxRegister.java:unregister(73)) - Successfully un-registered JMX Bean with object name Ratis:service=RaftServer,group=group-B55C23691C28,id=6047ccc9-2d31-4dc4-ab7e-9fb970240402
2020-07-01 01:40:24,617 [ForkJoinPool.commonPool-worker-1] INFO  impl.RoleInfo (RoleInfo.java:shutdownLeaderState(104)) - 6047ccc9-2d31-4dc4-ab7e-9fb970240402: shutdown LeaderState
2020-07-01 01:40:24,618 [ForkJoinPool.commonPool-worker-1] INFO  impl.PendingRequests (PendingRequests.java:sendNotLeaderResponses(249)) - 6047ccc9-2d31-4dc4-ab7e-9fb970240402@group-B55C23691C28-PendingRequests: sendNotLeaderResponses
2020-07-01 01:40:24,618 [ForkJoinPool.commonPool-worker-1] INFO  metrics.RatisMetrics (RatisMetrics.java:unregister(43)) - Unregistering Metrics Registry : ratis.log_appender.6047ccc9-2d31-4dc4-ab7e-9fb970240402@group-B55C23691C28
2020-07-01 01:40:24,618 [ForkJoinPool.commonPool-worker-1] INFO  metrics.RatisMetrics (RatisMetrics.java:unregister(43)) - Unregistering Metrics Registry : ratis.server.6047ccc9-2d31-4dc4-ab7e-9fb970240402@group-B55C23691C28
2020-07-01 01:40:24,618 [6047ccc9-2d31-4dc4-ab7e-9fb970240402@group-B55C23691C28-StateMachineUpdater] INFO  ratis.ContainerStateMachine (ContainerStateMachine.java:takeSnapshot(294)) - group-B55C23691C28: Taking a snapshot at:(t:1, i:0) file /github/workspace/mnt/ozone/hadoop-ozone/integration-test/target/test-dir/MiniOzoneClusterImpl-1f0cff23-21f0-432d-9716-db38e1d74a84/datanode-2/data/ratis/ec766238-2a58-49ca-9dec-b55c23691c28/sm/snapshot.1_0
2020-07-01 01:40:24,619 [ForkJoinPool.commonPool-worker-1] INFO  impl.StateMachineUpdater (StateMachineUpdater.java:stopAndJoin(142)) - 6047ccc9-2d31-4dc4-ab7e-9fb970240402@group-B55C23691C28-StateMachineUpdater: set stopIndex = 0
2020-07-01 01:40:24,619 [73a3d22a-588b-4473-8061-4380f2d261cd@group-B54800ED42C7-StateMachineUpdater] INFO  impl.StateMachineUpdater (StateMachineUpdater.java:takeSnapshot(277)) - 73a3d22a-588b-4473-8061-4380f2d261cd@group-B54800ED42C7-StateMachineUpdater: Took a snapshot at index 0
2020-07-01 01:40:24,619 [73a3d22a-588b-4473-8061-4380f2d261cd@group-B54800ED42C7-StateMachineUpdater] INFO  impl.StateMachineUpdater (StateMachineUpdater.java:lambda$new$0(87)) - 73a3d22a-588b-4473-8061-4380f2d261cd@group-B54800ED42C7-StateMachineUpdater: snapshotIndex: updateIncreasingly -1 -> 0
2020-07-01 01:40:24,619 [73a3d22a-588b-4473-8061-4380f2d261cd@group-B54800ED42C7-StateMachineUpdater] INFO  metrics.RatisMetrics (RatisMetrics.java:unregister(43)) - Unregistering Metrics Registry : ratis.state_machine.73a3d22a-588b-4473-8061-4380f2d261cd@group-B54800ED42C7
2020-07-01 01:40:24,619 [6047ccc9-2d31-4dc4-ab7e-9fb970240402@group-B55C23691C28-StateMachineUpdater] INFO  ratis.ContainerStateMachine (ContainerStateMachine.java:takeSnapshot(305)) - group-B55C23691C28: Finished taking a snapshot at:(t:1, i:0) file:/github/workspace/mnt/ozone/hadoop-ozone/integration-test/target/test-dir/MiniOzoneClusterImpl-1f0cff23-21f0-432d-9716-db38e1d74a84/datanode-2/data/ratis/ec766238-2a58-49ca-9dec-b55c23691c28/sm/snapshot.1_0 time:1
2020-07-01 01:40:24,619 [6047ccc9-2d31-4dc4-ab7e-9fb970240402@group-B55C23691C28-StateMachineUpdater] INFO  impl.StateMachineUpdater (StateMachineUpdater.java:takeSnapshot(277)) - 6047ccc9-2d31-4dc4-ab7e-9fb970240402@group-B55C23691C28-StateMachineUpdater: Took a snapshot at index 0
2020-07-01 01:40:24,619 [6047ccc9-2d31-4dc4-ab7e-9fb970240402@group-B55C23691C28-StateMachineUpdater] INFO  impl.StateMachineUpdater (StateMachineUpdater.java:lambda$new$0(87)) - 6047ccc9-2d31-4dc4-ab7e-9fb970240402@group-B55C23691C28-StateMachineUpdater: snapshotIndex: updateIncreasingly -1 -> 0
2020-07-01 01:40:24,620 [6047ccc9-2d31-4dc4-ab7e-9fb970240402@group-B55C23691C28-StateMachineUpdater] INFO  metrics.RatisMetrics (RatisMetrics.java:unregister(43)) - Unregistering Metrics Registry : ratis.state_machine.6047ccc9-2d31-4dc4-ab7e-9fb970240402@group-B55C23691C28
2020-07-01 01:40:24,620 [ForkJoinPool.commonPool-worker-1] INFO  impl.RaftServerImpl (ServerState.java:close(387)) - 6047ccc9-2d31-4dc4-ab7e-9fb970240402@group-B55C23691C28: closes. applyIndex: 0
2020-07-01 01:40:24,620 [6047ccc9-2d31-4dc4-ab7e-9fb970240402@group-B55C23691C28-SegmentedRaftLogWorker] INFO  segmented.SegmentedRaftLogWorker (SegmentedRaftLogWorker.java:run(327)) - 6047ccc9-2d31-4dc4-ab7e-9fb970240402@group-B55C23691C28-SegmentedRaftLogWorker was interrupted, exiting. There are 0 tasks remaining in the queue.
2020-07-01 01:40:24,621 [ForkJoinPool.commonPool-worker-1] INFO  segmented.SegmentedRaftLogWorker (SegmentedRaftLogWorker.java:close(234)) - 6047ccc9-2d31-4dc4-ab7e-9fb970240402@group-B55C23691C28-SegmentedRaftLogWorker close()
2020-07-01 01:40:24,621 [ForkJoinPool.commonPool-worker-1] INFO  metrics.RatisMetrics (RatisMetrics.java:unregister(43)) - Unregistering Metrics Registry : ratis.log_worker.6047ccc9-2d31-4dc4-ab7e-9fb970240402@group-B55C23691C28
2020-07-01 01:40:24,622 [ForkJoinPool.commonPool-worker-1] INFO  metrics.RatisMetrics (RatisMetrics.java:unregister(43)) - Unregistering Metrics Registry : ratis.leader_election.6047ccc9-2d31-4dc4-ab7e-9fb970240402@group-B55C23691C28
2020-07-01 01:40:24,622 [ForkJoinPool.commonPool-worker-1] INFO  metrics.RatisMetrics (RatisMetrics.java:unregister(43)) - Unregistering Metrics Registry : ratis.server.6047ccc9-2d31-4dc4-ab7e-9fb970240402@group-B55C23691C28
2020-07-01 01:40:24,622 [ForkJoinPool.commonPool-worker-1] INFO  server.GrpcService (GrpcService.java:closeImpl(166)) - 6047ccc9-2d31-4dc4-ab7e-9fb970240402: shutdown server with port 43531 now
2020-07-01 01:40:24,623 [Listener at 127.0.0.1/36859] INFO  impl.RaftServerImpl (ServerState.java:close(387)) - 73a3d22a-588b-4473-8061-4380f2d261cd@group-B54800ED42C7: closes. applyIndex: 0
2020-07-01 01:40:24,623 [73a3d22a-588b-4473-8061-4380f2d261cd@group-B54800ED42C7-SegmentedRaftLogWorker] INFO  segmented.SegmentedRaftLogWorker (SegmentedRaftLogWorker.java:run(327)) - 73a3d22a-588b-4473-8061-4380f2d261cd@group-B54800ED42C7-SegmentedRaftLogWorker was interrupted, exiting. There are 0 tasks remaining in the queue.
2020-07-01 01:40:24,624 [Listener at 127.0.0.1/36859] INFO  segmented.SegmentedRaftLogWorker (SegmentedRaftLogWorker.java:close(234)) - 73a3d22a-588b-4473-8061-4380f2d261cd@group-B54800ED42C7-SegmentedRaftLogWorker close()
2020-07-01 01:40:24,625 [ForkJoinPool.commonPool-worker-1] INFO  server.GrpcService (GrpcService.java:closeImpl(174)) - 6047ccc9-2d31-4dc4-ab7e-9fb970240402: shutdown server with port 43531 successfully
2020-07-01 01:40:24,626 [Listener at 127.0.0.1/36859] INFO  metrics.RatisMetrics (RatisMetrics.java:unregister(43)) - Unregistering Metrics Registry : ratis.log_worker.73a3d22a-588b-4473-8061-4380f2d261cd@group-B54800ED42C7
2020-07-01 01:40:24,627 [Listener at 127.0.0.1/36859] INFO  metrics.RatisMetrics (RatisMetrics.java:unregister(43)) - Unregistering Metrics Registry : ratis.leader_election.73a3d22a-588b-4473-8061-4380f2d261cd@group-B54800ED42C7
2020-07-01 01:40:24,627 [Listener at 127.0.0.1/36859] INFO  metrics.RatisMetrics (RatisMetrics.java:unregister(43)) - Unregistering Metrics Registry : ratis.server.73a3d22a-588b-4473-8061-4380f2d261cd@group-B54800ED42C7
2020-07-01 01:40:24,627 [Listener at 127.0.0.1/36859] INFO  impl.RaftServerImpl (RaftServerImpl.java:lambda$shutdown$3(252)) - 73a3d22a-588b-4473-8061-4380f2d261cd@group-3F4429ACDEA2: shutdown
2020-07-01 01:40:24,627 [Listener at 127.0.0.1/36859] INFO  util.JmxRegister (JmxRegister.java:unregister(73)) - Successfully un-registered JMX Bean with object name Ratis:service=RaftServer,group=group-3F4429ACDEA2,id=73a3d22a-588b-4473-8061-4380f2d261cd
2020-07-01 01:40:24,627 [Listener at 127.0.0.1/36859] INFO  impl.RoleInfo (RoleInfo.java:shutdownLeaderState(104)) - 73a3d22a-588b-4473-8061-4380f2d261cd: shutdown LeaderState
2020-07-01 01:40:24,627 [Listener at 127.0.0.1/36859] INFO  metrics.RatisMetrics (RatisMetrics.java:unregister(43)) - Unregistering Metrics Registry : ratis_grpc.log_appender.73a3d22a-588b-4473-8061-4380f2d261cd@group-3F4429ACDEA2
2020-07-01 01:40:24,628 [Listener at 127.0.0.1/36859] INFO  metrics.RatisMetrics (RatisMetrics.java:unregister(43)) - Unregistering Metrics Registry : ratis_grpc.log_appender.73a3d22a-588b-4473-8061-4380f2d261cd@group-3F4429ACDEA2
2020-07-01 01:40:24,628 [org.apache.ratis.server.impl.LogAppender$AppenderDaemon$$Lambda$442/100889871@17bd3bbe] WARN  server.GrpcLogAppender (GrpcLogAppender.java:mayWait(153)) - 73a3d22a-588b-4473-8061-4380f2d261cd@group-3F4429ACDEA2->2228b8b0-1bd4-4abc-8be5-fec7aeebcbed-GrpcLogAppender: Wait interrupted by java.lang.InterruptedException
2020-07-01 01:40:24,629 [org.apache.ratis.server.impl.LogAppender$AppenderDaemon$$Lambda$442/100889871@5b71bc73] WARN  server.GrpcLogAppender (GrpcLogAppender.java:mayWait(153)) - 73a3d22a-588b-4473-8061-4380f2d261cd@group-3F4429ACDEA2->173ba019-d60c-431a-ac38-4699cb5a8b68-GrpcLogAppender: Wait interrupted by java.lang.InterruptedException
2020-07-01 01:40:24,629 [Listener at 127.0.0.1/36859] INFO  impl.PendingRequests (PendingRequests.java:sendNotLeaderResponses(249)) - 73a3d22a-588b-4473-8061-4380f2d261cd@group-3F4429ACDEA2-PendingRequests: sendNotLeaderResponses
2020-07-01 01:40:24,632 [grpc-default-executor-7] INFO  server.GrpcServerProtocolService (GrpcServerProtocolService.java:onCompleted(138)) - 2228b8b0-1bd4-4abc-8be5-fec7aeebcbed: Completed APPEND_ENTRIES, lastRequest: 73a3d22a-588b-4473-8061-4380f2d261cd->2228b8b0-1bd4-4abc-8be5-fec7aeebcbed#12-t3, previous=(t:3, i:8), leaderCommit=6, initializing? false, entries: size=1, first=(t:3, i:9), METADATAENTRY(c:6)
2020-07-01 01:40:24,633 [grpc-default-executor-2] INFO  server.GrpcServerProtocolService (GrpcServerProtocolService.java:onCompleted(138)) - 173ba019-d60c-431a-ac38-4699cb5a8b68: Completed APPEND_ENTRIES, lastRequest: 73a3d22a-588b-4473-8061-4380f2d261cd->173ba019-d60c-431a-ac38-4699cb5a8b68#12-t3, previous=(t:3, i:8), leaderCommit=6, initializing? false, entries: size=1, first=(t:3, i:9), METADATAENTRY(c:6)
2020-07-01 01:40:24,633 [Listener at 127.0.0.1/36859] INFO  metrics.RatisMetrics (RatisMetrics.java:unregister(43)) - Unregistering Metrics Registry : ratis.log_appender.73a3d22a-588b-4473-8061-4380f2d261cd@group-3F4429ACDEA2
2020-07-01 01:40:24,633 [Listener at 127.0.0.1/36859] INFO  metrics.RatisMetrics (RatisMetrics.java:unregister(43)) - Unregistering Metrics Registry : ratis.server.73a3d22a-588b-4473-8061-4380f2d261cd@group-3F4429ACDEA2
2020-07-01 01:40:24,633 [Listener at 127.0.0.1/36859] INFO  impl.StateMachineUpdater (StateMachineUpdater.java:stopAndJoin(142)) - 73a3d22a-588b-4473-8061-4380f2d261cd@group-3F4429ACDEA2-StateMachineUpdater: set stopIndex = 9
2020-07-01 01:40:24,634 [73a3d22a-588b-4473-8061-4380f2d261cd@group-3F4429ACDEA2-StateMachineUpdater] INFO  ratis.ContainerStateMachine (ContainerStateMachine.java:takeSnapshot(294)) - group-3F4429ACDEA2: Taking a snapshot at:(t:3, i:9) file /github/workspace/mnt/ozone/hadoop-ozone/integration-test/target/test-dir/MiniOzoneClusterImpl-1f0cff23-21f0-432d-9716-db38e1d74a84/datanode-4/data/ratis/320967b6-edd7-4d00-bc0b-3f4429acdea2/sm/snapshot.3_9
2020-07-01 01:40:24,636 [grpc-default-executor-2] INFO  server.GrpcLogAppender (GrpcLogAppender.java:onCompleted(319)) - 73a3d22a-588b-4473-8061-4380f2d261cd@group-3F4429ACDEA2->2228b8b0-1bd4-4abc-8be5-fec7aeebcbed-AppendLogResponseHandler: follower responses appendEntries COMPLETED
2020-07-01 01:40:24,636 [ForkJoinPool.commonPool-worker-1] INFO  utils.BackgroundService (BackgroundService.java:shutdown(157)) - Shutting down service BlockDeletingService
2020-07-01 01:40:24,636 [grpc-default-executor-6] INFO  server.GrpcLogAppender (GrpcLogAppender.java:onCompleted(319)) - 73a3d22a-588b-4473-8061-4380f2d261cd@group-3F4429ACDEA2->173ba019-d60c-431a-ac38-4699cb5a8b68-AppendLogResponseHandler: follower responses appendEntries COMPLETED
2020-07-01 01:40:24,636 [73a3d22a-588b-4473-8061-4380f2d261cd@group-3F4429ACDEA2-StateMachineUpdater] INFO  ratis.ContainerStateMachine (ContainerStateMachine.java:takeSnapshot(305)) - group-3F4429ACDEA2: Finished taking a snapshot at:(t:3, i:9) file:/github/workspace/mnt/ozone/hadoop-ozone/integration-test/target/test-dir/MiniOzoneClusterImpl-1f0cff23-21f0-432d-9716-db38e1d74a84/datanode-4/data/ratis/320967b6-edd7-4d00-bc0b-3f4429acdea2/sm/snapshot.3_9 time:3
2020-07-01 01:40:24,637 [73a3d22a-588b-4473-8061-4380f2d261cd@group-3F4429ACDEA2-StateMachineUpdater] INFO  impl.StateMachineUpdater (StateMachineUpdater.java:takeSnapshot(277)) - 73a3d22a-588b-4473-8061-4380f2d261cd@group-3F4429ACDEA2-StateMachineUpdater: Took a snapshot at index 9
2020-07-01 01:40:24,637 [73a3d22a-588b-4473-8061-4380f2d261cd@group-3F4429ACDEA2-StateMachineUpdater] INFO  impl.StateMachineUpdater (StateMachineUpdater.java:lambda$new$0(87)) - 73a3d22a-588b-4473-8061-4380f2d261cd@group-3F4429ACDEA2-StateMachineUpdater: snapshotIndex: updateIncreasingly -1 -> 9
2020-07-01 01:40:24,637 [73a3d22a-588b-4473-8061-4380f2d261cd@group-3F4429ACDEA2-StateMachineUpdater] INFO  metrics.RatisMetrics (RatisMetrics.java:unregister(43)) - Unregistering Metrics Registry : ratis.state_machine.73a3d22a-588b-4473-8061-4380f2d261cd@group-3F4429ACDEA2
2020-07-01 01:40:24,638 [Listener at 127.0.0.1/36859] INFO  impl.RaftServerImpl (ServerState.java:close(387)) - 73a3d22a-588b-4473-8061-4380f2d261cd@group-3F4429ACDEA2: closes. applyIndex: 9
2020-07-01 01:40:24,639 [73a3d22a-588b-4473-8061-4380f2d261cd@group-3F4429ACDEA2-SegmentedRaftLogWorker] INFO  segmented.SegmentedRaftLogWorker (SegmentedRaftLogWorker.java:run(327)) - 73a3d22a-588b-4473-8061-4380f2d261cd@group-3F4429ACDEA2-SegmentedRaftLogWorker was interrupted, exiting. There are 0 tasks remaining in the queue.
2020-07-01 01:40:24,641 [grpc-default-executor-6] INFO  impl.FollowerInfo (FollowerInfo.java:lambda$new$0(51)) - 73a3d22a-588b-4473-8061-4380f2d261cd@group-3F4429ACDEA2->173ba019-d60c-431a-ac38-4699cb5a8b68: nextIndex: updateUnconditionally 10 -> 9
2020-07-01 01:40:24,640 [grpc-default-executor-2] INFO  impl.FollowerInfo (FollowerInfo.java:lambda$new$0(51)) - 73a3d22a-588b-4473-8061-4380f2d261cd@group-3F4429ACDEA2->2228b8b0-1bd4-4abc-8be5-fec7aeebcbed: nextIndex: updateUnconditionally 10 -> 9
2020-07-01 01:40:24,642 [Listener at 127.0.0.1/36859] INFO  segmented.SegmentedRaftLogWorker (SegmentedRaftLogWorker.java:close(234)) - 73a3d22a-588b-4473-8061-4380f2d261cd@group-3F4429ACDEA2-SegmentedRaftLogWorker close()
2020-07-01 01:40:24,643 [ForkJoinPool.commonPool-worker-1] INFO  statemachine.DatanodeStateMachine (DatanodeStateMachine.java:stopDaemon(428)) - Ozone container server stopped.
2020-07-01 01:40:24,644 [Listener at 127.0.0.1/36859] INFO  metrics.RatisMetrics (RatisMetrics.java:unregister(43)) - Unregistering Metrics Registry : ratis.log_worker.73a3d22a-588b-4473-8061-4380f2d261cd@group-3F4429ACDEA2
2020-07-01 01:40:24,644 [Listener at 127.0.0.1/36859] INFO  metrics.RatisMetrics (RatisMetrics.java:unregister(43)) - Unregistering Metrics Registry : ratis.leader_election.73a3d22a-588b-4473-8061-4380f2d261cd@group-3F4429ACDEA2
2020-07-01 01:40:24,645 [Listener at 127.0.0.1/36859] INFO  metrics.RatisMetrics (RatisMetrics.java:unregister(43)) - Unregistering Metrics Registry : ratis.server.73a3d22a-588b-4473-8061-4380f2d261cd@group-3F4429ACDEA2
2020-07-01 01:40:24,645 [Listener at 127.0.0.1/36859] INFO  server.GrpcService (GrpcService.java:closeImpl(166)) - 73a3d22a-588b-4473-8061-4380f2d261cd: shutdown server with port 41891 now
2020-07-01 01:40:24,646 [Listener at 127.0.0.1/36859] INFO  server.GrpcService (GrpcService.java:closeImpl(174)) - 73a3d22a-588b-4473-8061-4380f2d261cd: shutdown server with port 41891 successfully
2020-07-01 01:40:24,648 [Listener at 127.0.0.1/36859] INFO  utils.BackgroundService (BackgroundService.java:shutdown(157)) - Shutting down service BlockDeletingService
2020-07-01 01:40:24,649 [ForkJoinPool.commonPool-worker-1] INFO  handler.ContextHandler (ContextHandler.java:doStop(1016)) - Stopped o.e.j.w.WebAppContext@78762e87{hddsDatanode,/,null,UNAVAILABLE}{jar:file:/home/user/.m2/repository/org/apache/hadoop/hadoop-hdds-container-service/0.6.0-SNAPSHOT/hadoop-hdds-container-service-0.6.0-SNAPSHOT.jar!/webapps/hddsDatanode}
2020-07-01 01:40:24,652 [Listener at 127.0.0.1/36859] INFO  statemachine.DatanodeStateMachine (DatanodeStateMachine.java:stopDaemon(428)) - Ozone container server stopped.
2020-07-01 01:40:24,652 [Listener at 127.0.0.1/36859] INFO  handler.ContextHandler (ContextHandler.java:doStop(1016)) - Stopped o.e.j.w.WebAppContext@5f1eff72{hddsDatanode,/,null,UNAVAILABLE}{jar:file:/home/user/.m2/repository/org/apache/hadoop/hadoop-hdds-container-service/0.6.0-SNAPSHOT/hadoop-hdds-container-service-0.6.0-SNAPSHOT.jar!/webapps/hddsDatanode}
2020-07-01 01:40:24,653 [Listener at 127.0.0.1/36859] INFO  server.AbstractConnector (AbstractConnector.java:doStop(380)) - Stopped ServerConnector@12922d53{HTTP/1.1,[http/1.1]}{0.0.0.0:0}
2020-07-01 01:40:24,653 [Listener at 127.0.0.1/36859] INFO  server.session (HouseKeeper.java:stopScavenging(158)) - node0 Stopped scavenging
2020-07-01 01:40:24,653 [Listener at 127.0.0.1/36859] INFO  handler.ContextHandler (ContextHandler.java:doStop(1016)) - Stopped o.e.j.s.ServletContextHandler@adb15df{static,/static,jar:file:/home/user/.m2/repository/org/apache/hadoop/hadoop-hdds-container-service/0.6.0-SNAPSHOT/hadoop-hdds-container-service-0.6.0-SNAPSHOT.jar!/webapps/static,UNAVAILABLE}
2020-07-01 01:40:24,654 [Listener at 127.0.0.1/36859] INFO  handler.ContextHandler (ContextHandler.java:doStop(1016)) - Stopped o.e.j.s.ServletContextHandler@2552cb80{logs,/logs,file:///github/workspace/mnt/ozone/hadoop-ozone/integration-test/target/log,UNAVAILABLE}
2020-07-01 01:40:24,654 [ForkJoinPool.commonPool-worker-1] INFO  server.AbstractConnector (AbstractConnector.java:doStop(380)) - Stopped ServerConnector@7672dd7a{HTTP/1.1,[http/1.1]}{0.0.0.0:0}
2020-07-01 01:40:24,655 [ForkJoinPool.commonPool-worker-1] INFO  server.session (HouseKeeper.java:stopScavenging(158)) - node0 Stopped scavenging
2020-07-01 01:40:24,655 [ForkJoinPool.commonPool-worker-1] INFO  handler.ContextHandler (ContextHandler.java:doStop(1016)) - Stopped o.e.j.s.ServletContextHandler@5bbb351e{static,/static,jar:file:/home/user/.m2/repository/org/apache/hadoop/hadoop-hdds-container-service/0.6.0-SNAPSHOT/hadoop-hdds-container-service-0.6.0-SNAPSHOT.jar!/webapps/static,UNAVAILABLE}
2020-07-01 01:40:24,656 [ForkJoinPool.commonPool-worker-1] INFO  handler.ContextHandler (ContextHandler.java:doStop(1016)) - Stopped o.e.j.s.ServletContextHandler@3fe7c87c{logs,/logs,file:///github/workspace/mnt/ozone/hadoop-ozone/integration-test/target/log,UNAVAILABLE}
2020-07-01 01:40:25,453 [Datanode State Machine Thread - 0] INFO  statemachine.DatanodeStateMachine (DatanodeStateMachine.java:lambda$startDaemon$0(380)) - Ozone container server started.
2020-07-01 01:40:25,454 [Datanode State Machine Thread - 0] INFO  statemachine.DatanodeStateMachine (DatanodeStateMachine.java:lambda$startDaemon$0(380)) - Ozone container server started.
2020-07-01 01:40:25,489 [grpc-default-executor-2] DEBUG server.GrpcLogAppender (GrpcLogAppender.java:onNext(257)) - 86e2f92f-9f2f-47be-9996-581eb5cc11da@group-EDC9AD94D6A7->4a250b03-fc0c-4fc6-b3de-35498431563c-AppendLogResponseHandler: received a reply 86e2f92f-9f2f-47be-9996-581eb5cc11da<-4a250b03-fc0c-4fc6-b3de-35498431563c#6:OK,SUCCESS,nextIndex:1,term:3,followerCommit:0, request=AppendEntriesRequest:cid=6,entriesCount=0,lastEntry=null
2020-07-01 01:40:25,490 [grpc-default-executor-6] DEBUG server.GrpcLogAppender (GrpcLogAppender.java:onNext(257)) - 86e2f92f-9f2f-47be-9996-581eb5cc11da@group-EDC9AD94D6A7->8c5b2b67-bc34-46b0-b6c3-958390f4d72e-AppendLogResponseHandler: received a reply 86e2f92f-9f2f-47be-9996-581eb5cc11da<-8c5b2b67-bc34-46b0-b6c3-958390f4d72e#6:OK,SUCCESS,nextIndex:1,term:3,followerCommit:0, request=AppendEntriesRequest:cid=6,entriesCount=0,lastEntry=null
2020-07-01 01:40:27,795 [Thread-383] INFO  impl.FollowerState (FollowerState.java:run(108)) - 2fd12e45-5261-4e74-9c65-dcdedcebcdd5@group-AB27BD356713-FollowerState: change to CANDIDATE, lastRpcTime:5248ms, electionTimeout:5106ms
2020-07-01 01:40:27,796 [Thread-383] INFO  impl.RoleInfo (RoleInfo.java:shutdownFollowerState(121)) - 2fd12e45-5261-4e74-9c65-dcdedcebcdd5: shutdown FollowerState
2020-07-01 01:40:27,796 [Thread-383] INFO  impl.RaftServerImpl (RaftServerImpl.java:setRole(175)) - 2fd12e45-5261-4e74-9c65-dcdedcebcdd5@group-AB27BD356713: changes role from  FOLLOWER to CANDIDATE at term 3 for changeToCandidate
2020-07-01 01:40:27,796 [Thread-383] INFO  impl.RoleInfo (RoleInfo.java:updateAndGet(143)) - 2fd12e45-5261-4e74-9c65-dcdedcebcdd5: start LeaderElection
2020-07-01 01:40:27,797 [2fd12e45-5261-4e74-9c65-dcdedcebcdd5@group-AB27BD356713-LeaderElection21] INFO  impl.RaftServerImpl (ServerState.java:setLeader(255)) - 2fd12e45-5261-4e74-9c65-dcdedcebcdd5@group-AB27BD356713: change Leader from 6047ccc9-2d31-4dc4-ab7e-9fb970240402 to null at term 3 for initElection
2020-07-01 01:40:27,799 [2fd12e45-5261-4e74-9c65-dcdedcebcdd5@group-AB27BD356713-LeaderElection21] INFO  impl.LeaderElection (LeaderElection.java:askForVotes(206)) - 2fd12e45-5261-4e74-9c65-dcdedcebcdd5@group-AB27BD356713-LeaderElection21: begin an election at term 4 for 0: [6047ccc9-2d31-4dc4-ab7e-9fb970240402:172.17.0.2:43531, 2fd12e45-5261-4e74-9c65-dcdedcebcdd5:172.17.0.2:38961, 0e87e1a8-862d-4038-8503-5ba64ecc883e:172.17.0.2:44311], old=null
2020-07-01 01:40:27,811 [2fd12e45-5261-4e74-9c65-dcdedcebcdd5@group-AB27BD356713-LeaderElection21] INFO  impl.LeaderElection (LogUtils.java:infoOrTrace(137)) - 2fd12e45-5261-4e74-9c65-dcdedcebcdd5@group-AB27BD356713-LeaderElection21 got exception when requesting votes: java.util.concurrent.ExecutionException: org.apache.ratis.thirdparty.io.grpc.StatusRuntimeException: UNAVAILABLE: io exception
2020-07-01 01:40:27,819 [grpc-default-executor-6] DEBUG impl.RaftServerImpl (RaftServerImpl.java:requestVote(821)) - 0e87e1a8-862d-4038-8503-5ba64ecc883e@group-AB27BD356713: receive requestVote(2fd12e45-5261-4e74-9c65-dcdedcebcdd5, group-AB27BD356713, 4, (t:3, i:0))
2020-07-01 01:40:27,819 [grpc-default-executor-6] INFO  impl.RaftServerImpl (ServerState.java:setLeader(255)) - 0e87e1a8-862d-4038-8503-5ba64ecc883e@group-AB27BD356713: change Leader from 6047ccc9-2d31-4dc4-ab7e-9fb970240402 to null at term 4 for updateCurrentTerm
2020-07-01 01:40:27,820 [grpc-default-executor-6] INFO  impl.RaftServerImpl (RaftServerImpl.java:setRole(175)) - 0e87e1a8-862d-4038-8503-5ba64ecc883e@group-AB27BD356713: changes role from  FOLLOWER to FOLLOWER at term 4 for recognizeCandidate:2fd12e45-5261-4e74-9c65-dcdedcebcdd5
2020-07-01 01:40:27,820 [grpc-default-executor-6] INFO  impl.RoleInfo (RoleInfo.java:shutdownFollowerState(121)) - 0e87e1a8-862d-4038-8503-5ba64ecc883e: shutdown FollowerState
2020-07-01 01:40:27,820 [grpc-default-executor-6] INFO  impl.RoleInfo (RoleInfo.java:updateAndGet(143)) - 0e87e1a8-862d-4038-8503-5ba64ecc883e: start FollowerState
2020-07-01 01:40:27,820 [Thread-382] INFO  impl.FollowerState (FollowerState.java:run(117)) - 0e87e1a8-862d-4038-8503-5ba64ecc883e@group-AB27BD356713-FollowerState was interrupted: java.lang.InterruptedException: sleep interrupted
2020-07-01 01:40:27,830 [grpc-default-executor-6] DEBUG impl.RaftServerImpl (RaftServerImpl.java:requestVote(853)) - 0e87e1a8-862d-4038-8503-5ba64ecc883e@group-AB27BD356713 replies to vote request: 2fd12e45-5261-4e74-9c65-dcdedcebcdd5<-0e87e1a8-862d-4038-8503-5ba64ecc883e#0:OK-t4. Peer's state: 0e87e1a8-862d-4038-8503-5ba64ecc883e@group-AB27BD356713:t4, leader=null, voted=2fd12e45-5261-4e74-9c65-dcdedcebcdd5, raftlog=0e87e1a8-862d-4038-8503-5ba64ecc883e@group-AB27BD356713-SegmentedRaftLog:OPENED:c0,f0,i0, conf=0: [6047ccc9-2d31-4dc4-ab7e-9fb970240402:172.17.0.2:43531, 2fd12e45-5261-4e74-9c65-dcdedcebcdd5:172.17.0.2:38961, 0e87e1a8-862d-4038-8503-5ba64ecc883e:172.17.0.2:44311], old=null
2020-07-01 01:40:27,832 [2fd12e45-5261-4e74-9c65-dcdedcebcdd5@group-AB27BD356713-LeaderElection21] INFO  impl.LeaderElection (LeaderElection.java:logAndReturn(61)) - 2fd12e45-5261-4e74-9c65-dcdedcebcdd5@group-AB27BD356713-LeaderElection21: Election PASSED; received 1 response(s) [2fd12e45-5261-4e74-9c65-dcdedcebcdd5<-0e87e1a8-862d-4038-8503-5ba64ecc883e#0:OK-t4] and 1 exception(s); 2fd12e45-5261-4e74-9c65-dcdedcebcdd5@group-AB27BD356713:t4, leader=null, voted=2fd12e45-5261-4e74-9c65-dcdedcebcdd5, raftlog=2fd12e45-5261-4e74-9c65-dcdedcebcdd5@group-AB27BD356713-SegmentedRaftLog:OPENED:c0,f0,i0, conf=0: [6047ccc9-2d31-4dc4-ab7e-9fb970240402:172.17.0.2:43531, 2fd12e45-5261-4e74-9c65-dcdedcebcdd5:172.17.0.2:38961, 0e87e1a8-862d-4038-8503-5ba64ecc883e:172.17.0.2:44311], old=null
2020-07-01 01:40:27,832 [2fd12e45-5261-4e74-9c65-dcdedcebcdd5@group-AB27BD356713-LeaderElection21] INFO  impl.LeaderElection (LogUtils.java:infoOrTrace(137)) -   Exception 0: java.util.concurrent.ExecutionException: org.apache.ratis.thirdparty.io.grpc.StatusRuntimeException: UNAVAILABLE: io exception
2020-07-01 01:40:27,832 [2fd12e45-5261-4e74-9c65-dcdedcebcdd5@group-AB27BD356713-LeaderElection21] INFO  impl.RoleInfo (RoleInfo.java:shutdownLeaderElection(134)) - 2fd12e45-5261-4e74-9c65-dcdedcebcdd5: shutdown LeaderElection
2020-07-01 01:40:27,832 [2fd12e45-5261-4e74-9c65-dcdedcebcdd5@group-AB27BD356713-LeaderElection21] INFO  impl.RaftServerImpl (RaftServerImpl.java:setRole(175)) - 2fd12e45-5261-4e74-9c65-dcdedcebcdd5@group-AB27BD356713: changes role from CANDIDATE to LEADER at term 4 for changeToLeader
2020-07-01 01:40:27,832 [2fd12e45-5261-4e74-9c65-dcdedcebcdd5@group-AB27BD356713-LeaderElection21] INFO  ratis.XceiverServerRatis (XceiverServerRatis.java:handleLeaderChangedNotification(762)) - Leader change notification received for group: group-AB27BD356713 with new leaderId: 2fd12e45-5261-4e74-9c65-dcdedcebcdd5
2020-07-01 01:40:27,832 [2fd12e45-5261-4e74-9c65-dcdedcebcdd5@group-AB27BD356713-LeaderElection21] INFO  impl.RaftServerImpl (ServerState.java:setLeader(255)) - 2fd12e45-5261-4e74-9c65-dcdedcebcdd5@group-AB27BD356713: change Leader from null to 2fd12e45-5261-4e74-9c65-dcdedcebcdd5 at term 4 for becomeLeader, leader elected after 35ms
2020-07-01 01:40:27,833 [2fd12e45-5261-4e74-9c65-dcdedcebcdd5@group-AB27BD356713-LeaderElection21] INFO  server.RaftServerConfigKeys (ConfUtils.java:logGet(44)) - raft.server.staging.catchup.gap = 1000 (default)
2020-07-01 01:40:27,833 [2fd12e45-5261-4e74-9c65-dcdedcebcdd5@group-AB27BD356713-LeaderElection21] INFO  server.RaftServerConfigKeys (ConfUtils.java:logGet(44)) - raft.server.rpc.sleep.time = 25ms (default)
2020-07-01 01:40:27,833 [2fd12e45-5261-4e74-9c65-dcdedcebcdd5@group-AB27BD356713-LeaderElection21] INFO  metrics.RatisMetrics (RatisMetrics.java:lambda$create$0(36)) - Creating Metrics Registry : ratis.log_appender.2fd12e45-5261-4e74-9c65-dcdedcebcdd5@group-AB27BD356713
2020-07-01 01:40:27,833 [2fd12e45-5261-4e74-9c65-dcdedcebcdd5@group-AB27BD356713-LeaderElection21] INFO  server.RaftServerConfigKeys (ConfUtils.java:logGet(44)) - raft.server.write.element-limit = 1024 (custom)
2020-07-01 01:40:27,833 [2fd12e45-5261-4e74-9c65-dcdedcebcdd5@group-AB27BD356713-LeaderElection21] INFO  server.RaftServerConfigKeys (ConfUtils.java:logGet(44)) - raft.server.write.byte-limit = 1073741824 (custom)
2020-07-01 01:40:27,833 [2fd12e45-5261-4e74-9c65-dcdedcebcdd5@group-AB27BD356713-LeaderElection21] INFO  server.RaftServerConfigKeys (ConfUtils.java:logGet(44)) - raft.server.watch.timeout = 3s (custom)
2020-07-01 01:40:27,833 [2fd12e45-5261-4e74-9c65-dcdedcebcdd5@group-AB27BD356713-LeaderElection21] INFO  server.RaftServerConfigKeys (ConfUtils.java:logGet(44)) - raft.server.watch.timeout.denomination = 1s (default)
2020-07-01 01:40:27,833 [2fd12e45-5261-4e74-9c65-dcdedcebcdd5@group-AB27BD356713-LeaderElection21] INFO  server.RaftServerConfigKeys (ConfUtils.java:logGet(44)) - raft.server.watch.element-limit = 65536 (default)
2020-07-01 01:40:27,833 [2fd12e45-5261-4e74-9c65-dcdedcebcdd5@group-AB27BD356713-LeaderElection21] INFO  server.RaftServerConfigKeys (ConfUtils.java:logGet(44)) - raft.server.log.appender.snapshot.chunk.size.max = 16MB (=16777216) (default)
2020-07-01 01:40:27,833 [2fd12e45-5261-4e74-9c65-dcdedcebcdd5@group-AB27BD356713-LeaderElection21] INFO  server.RaftServerConfigKeys (ConfUtils.java:logGet(44)) - raft.server.log.appender.buffer.byte-limit = 33554432 (custom)
2020-07-01 01:40:27,833 [2fd12e45-5261-4e74-9c65-dcdedcebcdd5@group-AB27BD356713-LeaderElection21] INFO  server.RaftServerConfigKeys (ConfUtils.java:logGet(44)) - raft.server.log.appender.buffer.element-limit = 1 (custom)
2020-07-01 01:40:27,833 [2fd12e45-5261-4e74-9c65-dcdedcebcdd5@group-AB27BD356713-LeaderElection21] INFO  grpc.GrpcConfigKeys (ConfUtils.java:logGet(44)) - raft.grpc.server.leader.outstanding.appends.max = 128 (default)
2020-07-01 01:40:27,834 [2fd12e45-5261-4e74-9c65-dcdedcebcdd5@group-AB27BD356713-LeaderElection21] INFO  server.RaftServerConfigKeys (ConfUtils.java:logGet(44)) - raft.server.rpc.request.timeout = 3s (default)
2020-07-01 01:40:27,834 [2fd12e45-5261-4e74-9c65-dcdedcebcdd5@group-AB27BD356713-LeaderElection21] INFO  server.RaftServerConfigKeys (ConfUtils.java:logGet(44)) - raft.server.log.appender.install.snapshot.enabled = false (custom)
2020-07-01 01:40:27,834 [2fd12e45-5261-4e74-9c65-dcdedcebcdd5@group-AB27BD356713-LeaderElection21] INFO  metrics.RatisMetrics (RatisMetrics.java:lambda$create$0(36)) - Creating Metrics Registry : ratis_grpc.log_appender.2fd12e45-5261-4e74-9c65-dcdedcebcdd5@group-AB27BD356713
2020-07-01 01:40:27,834 [2fd12e45-5261-4e74-9c65-dcdedcebcdd5@group-AB27BD356713-LeaderElection21] INFO  server.RaftServerConfigKeys (ConfUtils.java:logGet(44)) - raft.server.log.appender.snapshot.chunk.size.max = 16MB (=16777216) (default)
2020-07-01 01:40:27,834 [2fd12e45-5261-4e74-9c65-dcdedcebcdd5@group-AB27BD356713-LeaderElection21] INFO  server.RaftServerConfigKeys (ConfUtils.java:logGet(44)) - raft.server.log.appender.buffer.byte-limit = 33554432 (custom)
2020-07-01 01:40:27,834 [2fd12e45-5261-4e74-9c65-dcdedcebcdd5@group-AB27BD356713-LeaderElection21] INFO  server.RaftServerConfigKeys (ConfUtils.java:logGet(44)) - raft.server.log.appender.buffer.element-limit = 1 (custom)
2020-07-01 01:40:27,834 [2fd12e45-5261-4e74-9c65-dcdedcebcdd5@group-AB27BD356713-LeaderElection21] INFO  grpc.GrpcConfigKeys (ConfUtils.java:logGet(44)) - raft.grpc.server.leader.outstanding.appends.max = 128 (default)
2020-07-01 01:40:27,835 [2fd12e45-5261-4e74-9c65-dcdedcebcdd5@group-AB27BD356713-LeaderElection21] INFO  server.RaftServerConfigKeys (ConfUtils.java:logGet(44)) - raft.server.rpc.request.timeout = 3s (default)
2020-07-01 01:40:27,835 [2fd12e45-5261-4e74-9c65-dcdedcebcdd5@group-AB27BD356713-LeaderElection21] INFO  server.RaftServerConfigKeys (ConfUtils.java:logGet(44)) - raft.server.log.appender.install.snapshot.enabled = false (custom)
2020-07-01 01:40:27,835 [2fd12e45-5261-4e74-9c65-dcdedcebcdd5@group-AB27BD356713-LeaderElection21] INFO  impl.RoleInfo (RoleInfo.java:updateAndGet(143)) - 2fd12e45-5261-4e74-9c65-dcdedcebcdd5: start LeaderState
2020-07-01 01:40:27,835 [2fd12e45-5261-4e74-9c65-dcdedcebcdd5@group-AB27BD356713-LeaderElection21] INFO  segmented.SegmentedRaftLogWorker (SegmentedRaftLogWorker.java:rollLogSegment(402)) - 2fd12e45-5261-4e74-9c65-dcdedcebcdd5@group-AB27BD356713-SegmentedRaftLogWorker: Rolling segment log-0_0 to index:0
2020-07-01 01:40:27,837 [2fd12e45-5261-4e74-9c65-dcdedcebcdd5@group-AB27BD356713-SegmentedRaftLogWorker] INFO  segmented.SegmentedRaftLogWorker (SegmentedRaftLogWorker.java:execute(553)) - 2fd12e45-5261-4e74-9c65-dcdedcebcdd5@group-AB27BD356713-SegmentedRaftLogWorker: Rolled log segment from /github/workspace/mnt/ozone/hadoop-ozone/integration-test/target/test-dir/MiniOzoneClusterImpl-1f0cff23-21f0-432d-9716-db38e1d74a84/datanode-0/data/ratis/b37d36ce-baae-4bb5-9fd1-ab27bd356713/current/log_inprogress_0 to /github/workspace/mnt/ozone/hadoop-ozone/integration-test/target/test-dir/MiniOzoneClusterImpl-1f0cff23-21f0-432d-9716-db38e1d74a84/datanode-0/data/ratis/b37d36ce-baae-4bb5-9fd1-ab27bd356713/current/log_0-0
2020-07-01 01:40:27,838 [2fd12e45-5261-4e74-9c65-dcdedcebcdd5@group-AB27BD356713-SegmentedRaftLogWorker] INFO  segmented.SegmentedRaftLogWorker (SegmentedRaftLogWorker.java:execute(596)) - 2fd12e45-5261-4e74-9c65-dcdedcebcdd5@group-AB27BD356713-SegmentedRaftLogWorker: created new log segment /github/workspace/mnt/ozone/hadoop-ozone/integration-test/target/test-dir/MiniOzoneClusterImpl-1f0cff23-21f0-432d-9716-db38e1d74a84/datanode-0/data/ratis/b37d36ce-baae-4bb5-9fd1-ab27bd356713/current/log_inprogress_1
2020-07-01 01:40:27,841 [grpc-default-executor-6] WARN  server.GrpcLogAppender (LogUtils.java:warn(122)) - 2fd12e45-5261-4e74-9c65-dcdedcebcdd5@group-AB27BD356713->6047ccc9-2d31-4dc4-ab7e-9fb970240402-AppendLogResponseHandler: Failed appendEntries: org.apache.ratis.thirdparty.io.grpc.StatusRuntimeException: UNAVAILABLE: io exception
2020-07-01 01:40:27,843 [grpc-default-executor-6] INFO  impl.FollowerInfo (FollowerInfo.java:lambda$new$0(51)) - 2fd12e45-5261-4e74-9c65-dcdedcebcdd5@group-AB27BD356713->6047ccc9-2d31-4dc4-ab7e-9fb970240402: nextIndex: updateUnconditionally 2 -> 1
2020-07-01 01:40:27,843 [2fd12e45-5261-4e74-9c65-dcdedcebcdd5@group-AB27BD356713-LeaderElection21] INFO  impl.RaftServerImpl (ServerState.java:setRaftConf(356)) - 2fd12e45-5261-4e74-9c65-dcdedcebcdd5@group-AB27BD356713: set configuration 1: [6047ccc9-2d31-4dc4-ab7e-9fb970240402:172.17.0.2:43531, 2fd12e45-5261-4e74-9c65-dcdedcebcdd5:172.17.0.2:38961, 0e87e1a8-862d-4038-8503-5ba64ecc883e:172.17.0.2:44311], old=null at 1
2020-07-01 01:40:27,847 [grpc-default-executor-6] INFO  ratis.XceiverServerRatis (XceiverServerRatis.java:handleLeaderChangedNotification(762)) - Leader change notification received for group: group-AB27BD356713 with new leaderId: 2fd12e45-5261-4e74-9c65-dcdedcebcdd5
2020-07-01 01:40:27,847 [grpc-default-executor-6] INFO  impl.RaftServerImpl (ServerState.java:setLeader(255)) - 0e87e1a8-862d-4038-8503-5ba64ecc883e@group-AB27BD356713: change Leader from null to 2fd12e45-5261-4e74-9c65-dcdedcebcdd5 at term 4 for appendEntries, leader elected after 27ms
2020-07-01 01:40:27,851 [grpc-default-executor-6] DEBUG impl.RaftServerImpl (RaftServerImpl.java:logAppendEntries(928)) - 0e87e1a8-862d-4038-8503-5ba64ecc883e@group-AB27BD356713: receive appendEntries(2fd12e45-5261-4e74-9c65-dcdedcebcdd5, 4, (t:3, i:0), 0, false, commits[2fd12e45-5261-4e74-9c65-dcdedcebcdd5:c0, 6047ccc9-2d31-4dc4-ab7e-9fb970240402:c0, 0e87e1a8-862d-4038-8503-5ba64ecc883e:c0], entries: (t:4, i:1), CONFIGURATIONENTRY
2020-07-01 01:40:27,851 [grpc-default-executor-6] INFO  impl.RaftServerImpl (ServerState.java:setRaftConf(356)) - 0e87e1a8-862d-4038-8503-5ba64ecc883e@group-AB27BD356713: set configuration 1: [6047ccc9-2d31-4dc4-ab7e-9fb970240402:172.17.0.2:43531, 2fd12e45-5261-4e74-9c65-dcdedcebcdd5:172.17.0.2:38961, 0e87e1a8-862d-4038-8503-5ba64ecc883e:172.17.0.2:44311], old=null at 1
2020-07-01 01:40:27,851 [grpc-default-executor-6] INFO  segmented.SegmentedRaftLogWorker (SegmentedRaftLogWorker.java:rollLogSegment(402)) - 0e87e1a8-862d-4038-8503-5ba64ecc883e@group-AB27BD356713-SegmentedRaftLogWorker: Rolling segment log-0_0 to index:0
2020-07-01 01:40:27,852 [0e87e1a8-862d-4038-8503-5ba64ecc883e@group-AB27BD356713-SegmentedRaftLogWorker] INFO  segmented.SegmentedRaftLogWorker (SegmentedRaftLogWorker.java:execute(553)) - 0e87e1a8-862d-4038-8503-5ba64ecc883e@group-AB27BD356713-SegmentedRaftLogWorker: Rolled log segment from /github/workspace/mnt/ozone/hadoop-ozone/integration-test/target/test-dir/MiniOzoneClusterImpl-1f0cff23-21f0-432d-9716-db38e1d74a84/datanode-1/data/ratis/b37d36ce-baae-4bb5-9fd1-ab27bd356713/current/log_inprogress_0 to /github/workspace/mnt/ozone/hadoop-ozone/integration-test/target/test-dir/MiniOzoneClusterImpl-1f0cff23-21f0-432d-9716-db38e1d74a84/datanode-1/data/ratis/b37d36ce-baae-4bb5-9fd1-ab27bd356713/current/log_0-0
2020-07-01 01:40:27,853 [0e87e1a8-862d-4038-8503-5ba64ecc883e@group-AB27BD356713-SegmentedRaftLogWorker] INFO  segmented.SegmentedRaftLogWorker (SegmentedRaftLogWorker.java:execute(596)) - 0e87e1a8-862d-4038-8503-5ba64ecc883e@group-AB27BD356713-SegmentedRaftLogWorker: created new log segment /github/workspace/mnt/ozone/hadoop-ozone/integration-test/target/test-dir/MiniOzoneClusterImpl-1f0cff23-21f0-432d-9716-db38e1d74a84/datanode-1/data/ratis/b37d36ce-baae-4bb5-9fd1-ab27bd356713/current/log_inprogress_1
2020-07-01 01:40:27,853 [grpc-default-executor-6] DEBUG server.GrpcLogAppender (GrpcLogAppender.java:onNext(257)) - 2fd12e45-5261-4e74-9c65-dcdedcebcdd5@group-AB27BD356713->0e87e1a8-862d-4038-8503-5ba64ecc883e-AppendLogResponseHandler: received the first reply 2fd12e45-5261-4e74-9c65-dcdedcebcdd5<-0e87e1a8-862d-4038-8503-5ba64ecc883e#0:OK,SUCCESS,nextIndex:2,term:4,followerCommit:0, request=AppendEntriesRequest:cid=0,entriesCount=0,lastEntry=null
2020-07-01 01:40:27,854 [Thread-484] DEBUG impl.RaftServerImpl (RaftServerImpl.java:logAppendEntries(928)) - 0e87e1a8-862d-4038-8503-5ba64ecc883e@group-AB27BD356713: succeeded to handle AppendEntries. Reply: 2fd12e45-5261-4e74-9c65-dcdedcebcdd5<-0e87e1a8-862d-4038-8503-5ba64ecc883e#1:OK,SUCCESS,nextIndex:2,term:4,followerCommit:0
2020-07-01 01:40:27,855 [grpc-default-executor-6] DEBUG server.GrpcLogAppender (GrpcLogAppender.java:onNext(257)) - 2fd12e45-5261-4e74-9c65-dcdedcebcdd5@group-AB27BD356713->0e87e1a8-862d-4038-8503-5ba64ecc883e-AppendLogResponseHandler: received a reply 2fd12e45-5261-4e74-9c65-dcdedcebcdd5<-0e87e1a8-862d-4038-8503-5ba64ecc883e#1:OK,SUCCESS,nextIndex:2,term:4,followerCommit:0, request=AppendEntriesRequest:cid=1,entriesCount=1,lastEntry=(t:4, i:1)
2020-07-01 01:40:27,857 [grpc-default-executor-2] DEBUG impl.RaftServerImpl (RaftServerImpl.java:logAppendEntries(928)) - 0e87e1a8-862d-4038-8503-5ba64ecc883e@group-AB27BD356713: receive appendEntries(2fd12e45-5261-4e74-9c65-dcdedcebcdd5, 4, (t:4, i:1), 1, false, commits[2fd12e45-5261-4e74-9c65-dcdedcebcdd5:c1, 6047ccc9-2d31-4dc4-ab7e-9fb970240402:c0, 0e87e1a8-862d-4038-8503-5ba64ecc883e:c0], entries: (t:4, i:2), METADATAENTRY(c:1)
2020-07-01 01:40:27,859 [grpc-default-executor-2] WARN  server.GrpcLogAppender (LogUtils.java:warn(122)) - 2fd12e45-5261-4e74-9c65-dcdedcebcdd5@group-AB27BD356713->6047ccc9-2d31-4dc4-ab7e-9fb970240402-AppendLogResponseHandler: Failed appendEntries: org.apache.ratis.thirdparty.io.grpc.StatusRuntimeException: UNAVAILABLE: io exception
2020-07-01 01:40:27,860 [Thread-485] DEBUG impl.RaftServerImpl (RaftServerImpl.java:logAppendEntries(928)) - 0e87e1a8-862d-4038-8503-5ba64ecc883e@group-AB27BD356713: succeeded to handle AppendEntries. Reply: 2fd12e45-5261-4e74-9c65-dcdedcebcdd5<-0e87e1a8-862d-4038-8503-5ba64ecc883e#2:OK,SUCCESS,nextIndex:3,term:4,followerCommit:1
2020-07-01 01:40:27,860 [grpc-default-executor-6] DEBUG server.GrpcLogAppender (GrpcLogAppender.java:onNext(257)) - 2fd12e45-5261-4e74-9c65-dcdedcebcdd5@group-AB27BD356713->0e87e1a8-862d-4038-8503-5ba64ecc883e-AppendLogResponseHandler: received a reply 2fd12e45-5261-4e74-9c65-dcdedcebcdd5<-0e87e1a8-862d-4038-8503-5ba64ecc883e#2:OK,SUCCESS,nextIndex:3,term:4,followerCommit:1, request=AppendEntriesRequest:cid=2,entriesCount=1,lastEntry=(t:4, i:2)
2020-07-01 01:40:27,861 [grpc-default-executor-2] INFO  impl.FollowerInfo (FollowerInfo.java:lambda$new$0(51)) - 2fd12e45-5261-4e74-9c65-dcdedcebcdd5@group-AB27BD356713->6047ccc9-2d31-4dc4-ab7e-9fb970240402: nextIndex: updateUnconditionally 2 -> 1
2020-07-01 01:40:27,863 [grpc-default-executor-6] WARN  server.GrpcLogAppender (LogUtils.java:warn(122)) - 2fd12e45-5261-4e74-9c65-dcdedcebcdd5@group-AB27BD356713->6047ccc9-2d31-4dc4-ab7e-9fb970240402-AppendLogResponseHandler: Failed appendEntries: org.apache.ratis.thirdparty.io.grpc.StatusRuntimeException: UNAVAILABLE: io exception
2020-07-01 01:40:27,864 [grpc-default-executor-6] INFO  impl.FollowerInfo (FollowerInfo.java:lambda$new$0(51)) - 2fd12e45-5261-4e74-9c65-dcdedcebcdd5@group-AB27BD356713->6047ccc9-2d31-4dc4-ab7e-9fb970240402: nextIndex: updateUnconditionally 2 -> 1
2020-07-01 01:40:27,992 [grpc-default-executor-6] DEBUG server.GrpcLogAppender (GrpcLogAppender.java:onNext(257)) - 86e2f92f-9f2f-47be-9996-581eb5cc11da@group-EDC9AD94D6A7->4a250b03-fc0c-4fc6-b3de-35498431563c-AppendLogResponseHandler: received a reply 86e2f92f-9f2f-47be-9996-581eb5cc11da<-4a250b03-fc0c-4fc6-b3de-35498431563c#7:OK,SUCCESS,nextIndex:1,term:3,followerCommit:0, request=AppendEntriesRequest:cid=7,entriesCount=0,lastEntry=null
2020-07-01 01:40:27,993 [grpc-default-executor-6] DEBUG server.GrpcLogAppender (GrpcLogAppender.java:onNext(257)) - 86e2f92f-9f2f-47be-9996-581eb5cc11da@group-EDC9AD94D6A7->8c5b2b67-bc34-46b0-b6c3-958390f4d72e-AppendLogResponseHandler: received a reply 86e2f92f-9f2f-47be-9996-581eb5cc11da<-8c5b2b67-bc34-46b0-b6c3-958390f4d72e#7:OK,SUCCESS,nextIndex:1,term:3,followerCommit:0, request=AppendEntriesRequest:cid=7,entriesCount=0,lastEntry=null
2020-07-01 01:40:29,656 [Listener at 127.0.0.1/36859] INFO  ozoneimpl.OzoneContainer (OzoneContainer.java:stop(246)) - Attempting to stop container services.
2020-07-01 01:40:29,656 [Listener at 127.0.0.1/36859] INFO  impl.RaftServerProxy (RaftServerProxy.java:lambda$close$4(319)) - 173ba019-d60c-431a-ac38-4699cb5a8b68: close
2020-07-01 01:40:29,657 [Listener at 127.0.0.1/36859] INFO  impl.RaftServerImpl (RaftServerImpl.java:lambda$shutdown$3(252)) - 173ba019-d60c-431a-ac38-4699cb5a8b68@group-3F4429ACDEA2: shutdown
2020-07-01 01:40:29,657 [Listener at 127.0.0.1/36859] INFO  util.JmxRegister (JmxRegister.java:unregister(73)) - Successfully un-registered JMX Bean with object name Ratis:service=RaftServer,group=group-3F4429ACDEA2,id=173ba019-d60c-431a-ac38-4699cb5a8b68
2020-07-01 01:40:29,657 [Listener at 127.0.0.1/36859] INFO  impl.RoleInfo (RoleInfo.java:shutdownFollowerState(121)) - 173ba019-d60c-431a-ac38-4699cb5a8b68: shutdown FollowerState
2020-07-01 01:40:29,657 [Listener at 127.0.0.1/36859] INFO  impl.StateMachineUpdater (StateMachineUpdater.java:stopAndJoin(142)) - 173ba019-d60c-431a-ac38-4699cb5a8b68@group-3F4429ACDEA2-StateMachineUpdater: set stopIndex = 9
2020-07-01 01:40:29,658 [Thread-396] INFO  impl.FollowerState (FollowerState.java:run(117)) - 173ba019-d60c-431a-ac38-4699cb5a8b68@group-3F4429ACDEA2-FollowerState was interrupted: java.lang.InterruptedException: sleep interrupted
2020-07-01 01:40:29,658 [173ba019-d60c-431a-ac38-4699cb5a8b68@group-3F4429ACDEA2-StateMachineUpdater] INFO  ratis.ContainerStateMachine (ContainerStateMachine.java:takeSnapshot(294)) - group-3F4429ACDEA2: Taking a snapshot at:(t:3, i:9) file /github/workspace/mnt/ozone/hadoop-ozone/integration-test/target/test-dir/MiniOzoneClusterImpl-1f0cff23-21f0-432d-9716-db38e1d74a84/datanode-5/data/ratis/320967b6-edd7-4d00-bc0b-3f4429acdea2/sm/snapshot.3_9
2020-07-01 01:40:29,659 [ForkJoinPool.commonPool-worker-1] INFO  ozoneimpl.OzoneContainer (OzoneContainer.java:stop(246)) - Attempting to stop container services.
2020-07-01 01:40:29,660 [ForkJoinPool.commonPool-worker-1] INFO  impl.RaftServerProxy (RaftServerProxy.java:lambda$close$4(319)) - 2228b8b0-1bd4-4abc-8be5-fec7aeebcbed: close
2020-07-01 01:40:29,660 [ForkJoinPool.commonPool-worker-1] INFO  impl.RaftServerImpl (RaftServerImpl.java:lambda$shutdown$3(252)) - 2228b8b0-1bd4-4abc-8be5-fec7aeebcbed@group-AFC6353296EE: shutdown
2020-07-01 01:40:29,660 [ForkJoinPool.commonPool-worker-1] INFO  util.JmxRegister (JmxRegister.java:unregister(73)) - Successfully un-registered JMX Bean with object name Ratis:service=RaftServer,group=group-AFC6353296EE,id=2228b8b0-1bd4-4abc-8be5-fec7aeebcbed
2020-07-01 01:40:29,660 [ForkJoinPool.commonPool-worker-1] INFO  impl.RoleInfo (RoleInfo.java:shutdownLeaderState(104)) - 2228b8b0-1bd4-4abc-8be5-fec7aeebcbed: shutdown LeaderState
2020-07-01 01:40:29,660 [ForkJoinPool.commonPool-worker-1] INFO  impl.PendingRequests (PendingRequests.java:sendNotLeaderResponses(249)) - 2228b8b0-1bd4-4abc-8be5-fec7aeebcbed@group-AFC6353296EE-PendingRequests: sendNotLeaderResponses
2020-07-01 01:40:29,660 [ForkJoinPool.commonPool-worker-1] INFO  metrics.RatisMetrics (RatisMetrics.java:unregister(43)) - Unregistering Metrics Registry : ratis.log_appender.2228b8b0-1bd4-4abc-8be5-fec7aeebcbed@group-AFC6353296EE
2020-07-01 01:40:29,660 [ForkJoinPool.commonPool-worker-1] INFO  metrics.RatisMetrics (RatisMetrics.java:unregister(43)) - Unregistering Metrics Registry : ratis.server.2228b8b0-1bd4-4abc-8be5-fec7aeebcbed@group-AFC6353296EE
2020-07-01 01:40:29,661 [ForkJoinPool.commonPool-worker-1] INFO  impl.StateMachineUpdater (StateMachineUpdater.java:stopAndJoin(142)) - 2228b8b0-1bd4-4abc-8be5-fec7aeebcbed@group-AFC6353296EE-StateMachineUpdater: set stopIndex = 0
2020-07-01 01:40:29,661 [2228b8b0-1bd4-4abc-8be5-fec7aeebcbed@group-AFC6353296EE-StateMachineUpdater] INFO  ratis.ContainerStateMachine (ContainerStateMachine.java:takeSnapshot(294)) - group-AFC6353296EE: Taking a snapshot at:(t:1, i:0) file /github/workspace/mnt/ozone/hadoop-ozone/integration-test/target/test-dir/MiniOzoneClusterImpl-1f0cff23-21f0-432d-9716-db38e1d74a84/datanode-3/data/ratis/ae86d5e6-5019-473c-a0bd-afc6353296ee/sm/snapshot.1_0
2020-07-01 01:40:29,660 [173ba019-d60c-431a-ac38-4699cb5a8b68@group-3F4429ACDEA2-StateMachineUpdater] INFO  ratis.ContainerStateMachine (ContainerStateMachine.java:takeSnapshot(305)) - group-3F4429ACDEA2: Finished taking a snapshot at:(t:3, i:9) file:/github/workspace/mnt/ozone/hadoop-ozone/integration-test/target/test-dir/MiniOzoneClusterImpl-1f0cff23-21f0-432d-9716-db38e1d74a84/datanode-5/data/ratis/320967b6-edd7-4d00-bc0b-3f4429acdea2/sm/snapshot.3_9 time:2
2020-07-01 01:40:29,661 [173ba019-d60c-431a-ac38-4699cb5a8b68@group-3F4429ACDEA2-StateMachineUpdater] INFO  impl.StateMachineUpdater (StateMachineUpdater.java:takeSnapshot(277)) - 173ba019-d60c-431a-ac38-4699cb5a8b68@group-3F4429ACDEA2-StateMachineUpdater: Took a snapshot at index 9
2020-07-01 01:40:29,661 [173ba019-d60c-431a-ac38-4699cb5a8b68@group-3F4429ACDEA2-StateMachineUpdater] INFO  impl.StateMachineUpdater (StateMachineUpdater.java:lambda$new$0(87)) - 173ba019-d60c-431a-ac38-4699cb5a8b68@group-3F4429ACDEA2-StateMachineUpdater: snapshotIndex: updateIncreasingly -1 -> 9
2020-07-01 01:40:29,662 [173ba019-d60c-431a-ac38-4699cb5a8b68@group-3F4429ACDEA2-StateMachineUpdater] INFO  metrics.RatisMetrics (RatisMetrics.java:unregister(43)) - Unregistering Metrics Registry : ratis.state_machine.173ba019-d60c-431a-ac38-4699cb5a8b68@group-3F4429ACDEA2
2020-07-01 01:40:29,662 [2228b8b0-1bd4-4abc-8be5-fec7aeebcbed@group-AFC6353296EE-StateMachineUpdater] INFO  ratis.ContainerStateMachine (ContainerStateMachine.java:takeSnapshot(305)) - group-AFC6353296EE: Finished taking a snapshot at:(t:1, i:0) file:/github/workspace/mnt/ozone/hadoop-ozone/integration-test/target/test-dir/MiniOzoneClusterImpl-1f0cff23-21f0-432d-9716-db38e1d74a84/datanode-3/data/ratis/ae86d5e6-5019-473c-a0bd-afc6353296ee/sm/snapshot.1_0 time:1
2020-07-01 01:40:29,662 [Listener at 127.0.0.1/36859] INFO  impl.RaftServerImpl (ServerState.java:close(387)) - 173ba019-d60c-431a-ac38-4699cb5a8b68@group-3F4429ACDEA2: closes. applyIndex: 9
2020-07-01 01:40:29,662 [173ba019-d60c-431a-ac38-4699cb5a8b68@group-3F4429ACDEA2-SegmentedRaftLogWorker] INFO  segmented.SegmentedRaftLogWorker (SegmentedRaftLogWorker.java:run(327)) - 173ba019-d60c-431a-ac38-4699cb5a8b68@group-3F4429ACDEA2-SegmentedRaftLogWorker was interrupted, exiting. There are 0 tasks remaining in the queue.
2020-07-01 01:40:29,662 [2228b8b0-1bd4-4abc-8be5-fec7aeebcbed@group-AFC6353296EE-StateMachineUpdater] INFO  impl.StateMachineUpdater (StateMachineUpdater.java:takeSnapshot(277)) - 2228b8b0-1bd4-4abc-8be5-fec7aeebcbed@group-AFC6353296EE-StateMachineUpdater: Took a snapshot at index 0
2020-07-01 01:40:29,663 [2228b8b0-1bd4-4abc-8be5-fec7aeebcbed@group-AFC6353296EE-StateMachineUpdater] INFO  impl.StateMachineUpdater (StateMachineUpdater.java:lambda$new$0(87)) - 2228b8b0-1bd4-4abc-8be5-fec7aeebcbed@group-AFC6353296EE-StateMachineUpdater: snapshotIndex: updateIncreasingly -1 -> 0
2020-07-01 01:40:29,663 [2228b8b0-1bd4-4abc-8be5-fec7aeebcbed@group-AFC6353296EE-StateMachineUpdater] INFO  metrics.RatisMetrics (RatisMetrics.java:unregister(43)) - Unregistering Metrics Registry : ratis.state_machine.2228b8b0-1bd4-4abc-8be5-fec7aeebcbed@group-AFC6353296EE
2020-07-01 01:40:29,663 [ForkJoinPool.commonPool-worker-1] INFO  impl.RaftServerImpl (ServerState.java:close(387)) - 2228b8b0-1bd4-4abc-8be5-fec7aeebcbed@group-AFC6353296EE: closes. applyIndex: 0
2020-07-01 01:40:29,663 [2228b8b0-1bd4-4abc-8be5-fec7aeebcbed@group-AFC6353296EE-SegmentedRaftLogWorker] INFO  segmented.SegmentedRaftLogWorker (SegmentedRaftLogWorker.java:run(327)) - 2228b8b0-1bd4-4abc-8be5-fec7aeebcbed@group-AFC6353296EE-SegmentedRaftLogWorker was interrupted, exiting. There are 0 tasks remaining in the queue.
2020-07-01 01:40:29,664 [Listener at 127.0.0.1/36859] INFO  segmented.SegmentedRaftLogWorker (SegmentedRaftLogWorker.java:close(234)) - 173ba019-d60c-431a-ac38-4699cb5a8b68@group-3F4429ACDEA2-SegmentedRaftLogWorker close()
2020-07-01 01:40:29,664 [ForkJoinPool.commonPool-worker-1] INFO  segmented.SegmentedRaftLogWorker (SegmentedRaftLogWorker.java:close(234)) - 2228b8b0-1bd4-4abc-8be5-fec7aeebcbed@group-AFC6353296EE-SegmentedRaftLogWorker close()
2020-07-01 01:40:29,665 [Listener at 127.0.0.1/36859] INFO  metrics.RatisMetrics (RatisMetrics.java:unregister(43)) - Unregistering Metrics Registry : ratis.log_worker.173ba019-d60c-431a-ac38-4699cb5a8b68@group-3F4429ACDEA2
2020-07-01 01:40:29,666 [ForkJoinPool.commonPool-worker-1] INFO  metrics.RatisMetrics (RatisMetrics.java:unregister(43)) - Unregistering Metrics Registry : ratis.log_worker.2228b8b0-1bd4-4abc-8be5-fec7aeebcbed@group-AFC6353296EE
2020-07-01 01:40:29,666 [Listener at 127.0.0.1/36859] INFO  metrics.RatisMetrics (RatisMetrics.java:unregister(43)) - Unregistering Metrics Registry : ratis.leader_election.173ba019-d60c-431a-ac38-4699cb5a8b68@group-3F4429ACDEA2
2020-07-01 01:40:29,666 [ForkJoinPool.commonPool-worker-1] INFO  metrics.RatisMetrics (RatisMetrics.java:unregister(43)) - Unregistering Metrics Registry : ratis.leader_election.2228b8b0-1bd4-4abc-8be5-fec7aeebcbed@group-AFC6353296EE
2020-07-01 01:40:29,666 [Listener at 127.0.0.1/36859] INFO  metrics.RatisMetrics (RatisMetrics.java:unregister(43)) - Unregistering Metrics Registry : ratis.server.173ba019-d60c-431a-ac38-4699cb5a8b68@group-3F4429ACDEA2
2020-07-01 01:40:29,666 [ForkJoinPool.commonPool-worker-1] INFO  metrics.RatisMetrics (RatisMetrics.java:unregister(43)) - Unregistering Metrics Registry : ratis.server.2228b8b0-1bd4-4abc-8be5-fec7aeebcbed@group-AFC6353296EE
2020-07-01 01:40:29,666 [Listener at 127.0.0.1/36859] INFO  impl.RaftServerImpl (RaftServerImpl.java:lambda$shutdown$3(252)) - 173ba019-d60c-431a-ac38-4699cb5a8b68@group-E97C39D9038F: shutdown
2020-07-01 01:40:29,667 [ForkJoinPool.commonPool-worker-1] INFO  impl.RaftServerImpl (RaftServerImpl.java:lambda$shutdown$3(252)) - 2228b8b0-1bd4-4abc-8be5-fec7aeebcbed@group-3F4429ACDEA2: shutdown
2020-07-01 01:40:29,667 [Listener at 127.0.0.1/36859] INFO  util.JmxRegister (JmxRegister.java:unregister(73)) - Successfully un-registered JMX Bean with object name Ratis:service=RaftServer,group=group-E97C39D9038F,id=173ba019-d60c-431a-ac38-4699cb5a8b68
2020-07-01 01:40:29,667 [ForkJoinPool.commonPool-worker-1] INFO  util.JmxRegister (JmxRegister.java:unregister(73)) - Successfully un-registered JMX Bean with object name Ratis:service=RaftServer,group=group-3F4429ACDEA2,id=2228b8b0-1bd4-4abc-8be5-fec7aeebcbed
2020-07-01 01:40:29,667 [ForkJoinPool.commonPool-worker-1] INFO  impl.RoleInfo (RoleInfo.java:shutdownFollowerState(121)) - 2228b8b0-1bd4-4abc-8be5-fec7aeebcbed: shutdown FollowerState
2020-07-01 01:40:29,667 [Listener at 127.0.0.1/36859] INFO  impl.RoleInfo (RoleInfo.java:shutdownLeaderState(104)) - 173ba019-d60c-431a-ac38-4699cb5a8b68: shutdown LeaderState
2020-07-01 01:40:29,667 [Listener at 127.0.0.1/36859] INFO  impl.PendingRequests (PendingRequests.java:sendNotLeaderResponses(249)) - 173ba019-d60c-431a-ac38-4699cb5a8b68@group-E97C39D9038F-PendingRequests: sendNotLeaderResponses
2020-07-01 01:40:29,667 [Thread-395] INFO  impl.FollowerState (FollowerState.java:run(117)) - 2228b8b0-1bd4-4abc-8be5-fec7aeebcbed@group-3F4429ACDEA2-FollowerState was interrupted: java.lang.InterruptedException: sleep interrupted
2020-07-01 01:40:29,668 [Listener at 127.0.0.1/36859] INFO  metrics.RatisMetrics (RatisMetrics.java:unregister(43)) - Unregistering Metrics Registry : ratis.log_appender.173ba019-d60c-431a-ac38-4699cb5a8b68@group-E97C39D9038F
2020-07-01 01:40:29,668 [Listener at 127.0.0.1/36859] INFO  metrics.RatisMetrics (RatisMetrics.java:unregister(43)) - Unregistering Metrics Registry : ratis.server.173ba019-d60c-431a-ac38-4699cb5a8b68@group-E97C39D9038F
2020-07-01 01:40:29,668 [ForkJoinPool.commonPool-worker-1] INFO  impl.StateMachineUpdater (StateMachineUpdater.java:stopAndJoin(142)) - 2228b8b0-1bd4-4abc-8be5-fec7aeebcbed@group-3F4429ACDEA2-StateMachineUpdater: set stopIndex = 9
2020-07-01 01:40:29,668 [2228b8b0-1bd4-4abc-8be5-fec7aeebcbed@group-3F4429ACDEA2-StateMachineUpdater] INFO  ratis.ContainerStateMachine (ContainerStateMachine.java:takeSnapshot(294)) - group-3F4429ACDEA2: Taking a snapshot at:(t:3, i:9) file /github/workspace/mnt/ozone/hadoop-ozone/integration-test/target/test-dir/MiniOzoneClusterImpl-1f0cff23-21f0-432d-9716-db38e1d74a84/datanode-3/data/ratis/320967b6-edd7-4d00-bc0b-3f4429acdea2/sm/snapshot.3_9
2020-07-01 01:40:29,669 [Listener at 127.0.0.1/36859] INFO  impl.StateMachineUpdater (StateMachineUpdater.java:stopAndJoin(142)) - 173ba019-d60c-431a-ac38-4699cb5a8b68@group-E97C39D9038F-StateMachineUpdater: set stopIndex = 0
2020-07-01 01:40:29,669 [173ba019-d60c-431a-ac38-4699cb5a8b68@group-E97C39D9038F-StateMachineUpdater] INFO  ratis.ContainerStateMachine (ContainerStateMachine.java:takeSnapshot(294)) - group-E97C39D9038F: Taking a snapshot at:(t:1, i:0) file /github/workspace/mnt/ozone/hadoop-ozone/integration-test/target/test-dir/MiniOzoneClusterImpl-1f0cff23-21f0-432d-9716-db38e1d74a84/datanode-5/data/ratis/f886f815-1acb-48f4-a9d8-e97c39d9038f/sm/snapshot.1_0
2020-07-01 01:40:29,670 [173ba019-d60c-431a-ac38-4699cb5a8b68@group-E97C39D9038F-StateMachineUpdater] INFO  ratis.ContainerStateMachine (ContainerStateMachine.java:takeSnapshot(305)) - group-E97C39D9038F: Finished taking a snapshot at:(t:1, i:0) file:/github/workspace/mnt/ozone/hadoop-ozone/integration-test/target/test-dir/MiniOzoneClusterImpl-1f0cff23-21f0-432d-9716-db38e1d74a84/datanode-5/data/ratis/f886f815-1acb-48f4-a9d8-e97c39d9038f/sm/snapshot.1_0 time:1
2020-07-01 01:40:29,670 [173ba019-d60c-431a-ac38-4699cb5a8b68@group-E97C39D9038F-StateMachineUpdater] INFO  impl.StateMachineUpdater (StateMachineUpdater.java:takeSnapshot(277)) - 173ba019-d60c-431a-ac38-4699cb5a8b68@group-E97C39D9038F-StateMachineUpdater: Took a snapshot at index 0
2020-07-01 01:40:29,670 [173ba019-d60c-431a-ac38-4699cb5a8b68@group-E97C39D9038F-StateMachineUpdater] INFO  impl.StateMachineUpdater (StateMachineUpdater.java:lambda$new$0(87)) - 173ba019-d60c-431a-ac38-4699cb5a8b68@group-E97C39D9038F-StateMachineUpdater: snapshotIndex: updateIncreasingly -1 -> 0
2020-07-01 01:40:29,670 [173ba019-d60c-431a-ac38-4699cb5a8b68@group-E97C39D9038F-StateMachineUpdater] INFO  metrics.RatisMetrics (RatisMetrics.java:unregister(43)) - Unregistering Metrics Registry : ratis.state_machine.173ba019-d60c-431a-ac38-4699cb5a8b68@group-E97C39D9038F
2020-07-01 01:40:29,670 [Listener at 127.0.0.1/36859] INFO  impl.RaftServerImpl (ServerState.java:close(387)) - 173ba019-d60c-431a-ac38-4699cb5a8b68@group-E97C39D9038F: closes. applyIndex: 0
2020-07-01 01:40:29,670 [2228b8b0-1bd4-4abc-8be5-fec7aeebcbed@group-3F4429ACDEA2-StateMachineUpdater] INFO  ratis.ContainerStateMachine (ContainerStateMachine.java:takeSnapshot(305)) - group-3F4429ACDEA2: Finished taking a snapshot at:(t:3, i:9) file:/github/workspace/mnt/ozone/hadoop-ozone/integration-test/target/test-dir/MiniOzoneClusterImpl-1f0cff23-21f0-432d-9716-db38e1d74a84/datanode-3/data/ratis/320967b6-edd7-4d00-bc0b-3f4429acdea2/sm/snapshot.3_9 time:3
2020-07-01 01:40:29,671 [2228b8b0-1bd4-4abc-8be5-fec7aeebcbed@group-3F4429ACDEA2-StateMachineUpdater] INFO  impl.StateMachineUpdater (StateMachineUpdater.java:takeSnapshot(277)) - 2228b8b0-1bd4-4abc-8be5-fec7aeebcbed@group-3F4429ACDEA2-StateMachineUpdater: Took a snapshot at index 9
2020-07-01 01:40:29,671 [2228b8b0-1bd4-4abc-8be5-fec7aeebcbed@group-3F4429ACDEA2-StateMachineUpdater] INFO  impl.StateMachineUpdater (StateMachineUpdater.java:lambda$new$0(87)) - 2228b8b0-1bd4-4abc-8be5-fec7aeebcbed@group-3F4429ACDEA2-StateMachineUpdater: snapshotIndex: updateIncreasingly -1 -> 9
2020-07-01 01:40:29,671 [2228b8b0-1bd4-4abc-8be5-fec7aeebcbed@group-3F4429ACDEA2-StateMachineUpdater] INFO  metrics.RatisMetrics (RatisMetrics.java:unregister(43)) - Unregistering Metrics Registry : ratis.state_machine.2228b8b0-1bd4-4abc-8be5-fec7aeebcbed@group-3F4429ACDEA2
2020-07-01 01:40:29,671 [173ba019-d60c-431a-ac38-4699cb5a8b68@group-E97C39D9038F-SegmentedRaftLogWorker] INFO  segmented.SegmentedRaftLogWorker (SegmentedRaftLogWorker.java:run(327)) - 173ba019-d60c-431a-ac38-4699cb5a8b68@group-E97C39D9038F-SegmentedRaftLogWorker was interrupted, exiting. There are 0 tasks remaining in the queue.
2020-07-01 01:40:29,671 [ForkJoinPool.commonPool-worker-1] INFO  impl.RaftServerImpl (ServerState.java:close(387)) - 2228b8b0-1bd4-4abc-8be5-fec7aeebcbed@group-3F4429ACDEA2: closes. applyIndex: 9
2020-07-01 01:40:29,671 [2228b8b0-1bd4-4abc-8be5-fec7aeebcbed@group-3F4429ACDEA2-SegmentedRaftLogWorker] INFO  segmented.SegmentedRaftLogWorker (SegmentedRaftLogWorker.java:run(327)) - 2228b8b0-1bd4-4abc-8be5-fec7aeebcbed@group-3F4429ACDEA2-SegmentedRaftLogWorker was interrupted, exiting. There are 0 tasks remaining in the queue.
2020-07-01 01:40:29,672 [ForkJoinPool.commonPool-worker-1] INFO  segmented.SegmentedRaftLogWorker (SegmentedRaftLogWorker.java:close(234)) - 2228b8b0-1bd4-4abc-8be5-fec7aeebcbed@group-3F4429ACDEA2-SegmentedRaftLogWorker close()
2020-07-01 01:40:29,672 [Listener at 127.0.0.1/36859] INFO  segmented.SegmentedRaftLogWorker (SegmentedRaftLogWorker.java:close(234)) - 173ba019-d60c-431a-ac38-4699cb5a8b68@group-E97C39D9038F-SegmentedRaftLogWorker close()
2020-07-01 01:40:29,673 [ForkJoinPool.commonPool-worker-1] INFO  metrics.RatisMetrics (RatisMetrics.java:unregister(43)) - Unregistering Metrics Registry : ratis.log_worker.2228b8b0-1bd4-4abc-8be5-fec7aeebcbed@group-3F4429ACDEA2
2020-07-01 01:40:29,673 [ForkJoinPool.commonPool-worker-1] INFO  metrics.RatisMetrics (RatisMetrics.java:unregister(43)) - Unregistering Metrics Registry : ratis.leader_election.2228b8b0-1bd4-4abc-8be5-fec7aeebcbed@group-3F4429ACDEA2
2020-07-01 01:40:29,673 [ForkJoinPool.commonPool-worker-1] INFO  metrics.RatisMetrics (RatisMetrics.java:unregister(43)) - Unregistering Metrics Registry : ratis.server.2228b8b0-1bd4-4abc-8be5-fec7aeebcbed@group-3F4429ACDEA2
2020-07-01 01:40:29,674 [ForkJoinPool.commonPool-worker-1] INFO  server.GrpcService (GrpcService.java:closeImpl(166)) - 2228b8b0-1bd4-4abc-8be5-fec7aeebcbed: shutdown server with port 33817 now
2020-07-01 01:40:29,673 [Listener at 127.0.0.1/36859] INFO  metrics.RatisMetrics (RatisMetrics.java:unregister(43)) - Unregistering Metrics Registry : ratis.log_worker.173ba019-d60c-431a-ac38-4699cb5a8b68@group-E97C39D9038F
2020-07-01 01:40:29,674 [Listener at 127.0.0.1/36859] INFO  metrics.RatisMetrics (RatisMetrics.java:unregister(43)) - Unregistering Metrics Registry : ratis.leader_election.173ba019-d60c-431a-ac38-4699cb5a8b68@group-E97C39D9038F
2020-07-01 01:40:29,674 [Listener at 127.0.0.1/36859] INFO  metrics.RatisMetrics (RatisMetrics.java:unregister(43)) - Unregistering Metrics Registry : ratis.server.173ba019-d60c-431a-ac38-4699cb5a8b68@group-E97C39D9038F
2020-07-01 01:40:29,674 [Listener at 127.0.0.1/36859] INFO  server.GrpcService (GrpcService.java:closeImpl(166)) - 173ba019-d60c-431a-ac38-4699cb5a8b68: shutdown server with port 36303 now
2020-07-01 01:40:29,674 [ForkJoinPool.commonPool-worker-1] INFO  server.GrpcService (GrpcService.java:closeImpl(174)) - 2228b8b0-1bd4-4abc-8be5-fec7aeebcbed: shutdown server with port 33817 successfully
2020-07-01 01:40:29,675 [Listener at 127.0.0.1/36859] INFO  server.GrpcService (GrpcService.java:closeImpl(174)) - 173ba019-d60c-431a-ac38-4699cb5a8b68: shutdown server with port 36303 successfully
2020-07-01 01:40:29,676 [ForkJoinPool.commonPool-worker-1] INFO  utils.BackgroundService (BackgroundService.java:shutdown(157)) - Shutting down service BlockDeletingService
2020-07-01 01:40:29,676 [Listener at 127.0.0.1/36859] INFO  utils.BackgroundService (BackgroundService.java:shutdown(157)) - Shutting down service BlockDeletingService
2020-07-01 01:40:29,678 [Listener at 127.0.0.1/36859] INFO  statemachine.DatanodeStateMachine (DatanodeStateMachine.java:stopDaemon(428)) - Ozone container server stopped.
2020-07-01 01:40:29,679 [Listener at 127.0.0.1/36859] INFO  handler.ContextHandler (ContextHandler.java:doStop(1016)) - Stopped o.e.j.w.WebAppContext@76ea1cb5{hddsDatanode,/,null,UNAVAILABLE}{jar:file:/home/user/.m2/repository/org/apache/hadoop/hadoop-hdds-container-service/0.6.0-SNAPSHOT/hadoop-hdds-container-service-0.6.0-SNAPSHOT.jar!/webapps/hddsDatanode}
2020-07-01 01:40:29,681 [ForkJoinPool.commonPool-worker-1] INFO  statemachine.DatanodeStateMachine (DatanodeStateMachine.java:stopDaemon(428)) - Ozone container server stopped.
2020-07-01 01:40:29,682 [Listener at 127.0.0.1/36859] INFO  server.AbstractConnector (AbstractConnector.java:doStop(380)) - Stopped ServerConnector@c509742{HTTP/1.1,[http/1.1]}{0.0.0.0:0}
2020-07-01 01:40:29,683 [Listener at 127.0.0.1/36859] INFO  server.session (HouseKeeper.java:stopScavenging(158)) - node0 Stopped scavenging
2020-07-01 01:40:29,683 [Listener at 127.0.0.1/36859] INFO  handler.ContextHandler (ContextHandler.java:doStop(1016)) - Stopped o.e.j.s.ServletContextHandler@3f69b166{static,/static,jar:file:/home/user/.m2/repository/org/apache/hadoop/hadoop-hdds-container-service/0.6.0-SNAPSHOT/hadoop-hdds-container-service-0.6.0-SNAPSHOT.jar!/webapps/static,UNAVAILABLE}
2020-07-01 01:40:29,683 [Listener at 127.0.0.1/36859] INFO  handler.ContextHandler (ContextHandler.java:doStop(1016)) - Stopped o.e.j.s.ServletContextHandler@6a0d47e8{logs,/logs,file:///github/workspace/mnt/ozone/hadoop-ozone/integration-test/target/log,UNAVAILABLE}
2020-07-01 01:40:29,688 [ForkJoinPool.commonPool-worker-1] INFO  handler.ContextHandler (ContextHandler.java:doStop(1016)) - Stopped o.e.j.w.WebAppContext@32cda33c{hddsDatanode,/,null,UNAVAILABLE}{jar:file:/home/user/.m2/repository/org/apache/hadoop/hadoop-hdds-container-service/0.6.0-SNAPSHOT/hadoop-hdds-container-service-0.6.0-SNAPSHOT.jar!/webapps/hddsDatanode}
2020-07-01 01:40:29,689 [ForkJoinPool.commonPool-worker-1] INFO  server.AbstractConnector (AbstractConnector.java:doStop(380)) - Stopped ServerConnector@1142843c{HTTP/1.1,[http/1.1]}{0.0.0.0:0}
2020-07-01 01:40:29,689 [ForkJoinPool.commonPool-worker-1] INFO  server.session (HouseKeeper.java:stopScavenging(158)) - node0 Stopped scavenging
2020-07-01 01:40:29,690 [ForkJoinPool.commonPool-worker-1] INFO  handler.ContextHandler (ContextHandler.java:doStop(1016)) - Stopped o.e.j.s.ServletContextHandler@71979130{static,/static,jar:file:/home/user/.m2/repository/org/apache/hadoop/hadoop-hdds-container-service/0.6.0-SNAPSHOT/hadoop-hdds-container-service-0.6.0-SNAPSHOT.jar!/webapps/static,UNAVAILABLE}
2020-07-01 01:40:29,691 [ForkJoinPool.commonPool-worker-1] INFO  handler.ContextHandler (ContextHandler.java:doStop(1016)) - Stopped o.e.j.s.ServletContextHandler@6ff05f85{logs,/logs,file:///github/workspace/mnt/ozone/hadoop-ozone/integration-test/target/log,UNAVAILABLE}
2020-07-01 01:40:29,832 [Datanode State Machine Thread - 0] INFO  statemachine.DatanodeStateMachine (DatanodeStateMachine.java:lambda$startDaemon$0(380)) - Ozone container server started.
2020-07-01 01:40:29,832 [Datanode State Machine Thread - 0] INFO  statemachine.DatanodeStateMachine (DatanodeStateMachine.java:lambda$startDaemon$0(380)) - Ozone container server started.
2020-07-01 01:40:30,366 [grpc-default-executor-8] WARN  server.GrpcLogAppender (LogUtils.java:warn(122)) - 2fd12e45-5261-4e74-9c65-dcdedcebcdd5@group-AB27BD356713->6047ccc9-2d31-4dc4-ab7e-9fb970240402-AppendLogResponseHandler: Failed appendEntries: org.apache.ratis.thirdparty.io.grpc.StatusRuntimeException: UNAVAILABLE: io exception
2020-07-01 01:40:30,367 [grpc-default-executor-8] INFO  impl.FollowerInfo (FollowerInfo.java:lambda$new$0(51)) - 2fd12e45-5261-4e74-9c65-dcdedcebcdd5@group-AB27BD356713->6047ccc9-2d31-4dc4-ab7e-9fb970240402: nextIndex: updateUnconditionally 2 -> 1
2020-07-01 01:40:30,367 [grpc-default-executor-6] DEBUG server.GrpcLogAppender (GrpcLogAppender.java:onNext(257)) - 2fd12e45-5261-4e74-9c65-dcdedcebcdd5@group-AB27BD356713->0e87e1a8-862d-4038-8503-5ba64ecc883e-AppendLogResponseHandler: received a reply 2fd12e45-5261-4e74-9c65-dcdedcebcdd5<-0e87e1a8-862d-4038-8503-5ba64ecc883e#3:OK,SUCCESS,nextIndex:3,term:4,followerCommit:2, request=AppendEntriesRequest:cid=3,entriesCount=0,lastEntry=null
2020-07-01 01:40:30,495 [grpc-default-executor-6] DEBUG server.GrpcLogAppender (GrpcLogAppender.java:onNext(257)) - 86e2f92f-9f2f-47be-9996-581eb5cc11da@group-EDC9AD94D6A7->4a250b03-fc0c-4fc6-b3de-35498431563c-AppendLogResponseHandler: received a reply 86e2f92f-9f2f-47be-9996-581eb5cc11da<-4a250b03-fc0c-4fc6-b3de-35498431563c#8:OK,SUCCESS,nextIndex:1,term:3,followerCommit:0, request=AppendEntriesRequest:cid=8,entriesCount=0,lastEntry=null
2020-07-01 01:40:30,496 [grpc-default-executor-6] DEBUG server.GrpcLogAppender (GrpcLogAppender.java:onNext(257)) - 86e2f92f-9f2f-47be-9996-581eb5cc11da@group-EDC9AD94D6A7->8c5b2b67-bc34-46b0-b6c3-958390f4d72e-AppendLogResponseHandler: received a reply 86e2f92f-9f2f-47be-9996-581eb5cc11da<-8c5b2b67-bc34-46b0-b6c3-958390f4d72e#8:OK,SUCCESS,nextIndex:1,term:3,followerCommit:0, request=AppendEntriesRequest:cid=8,entriesCount=0,lastEntry=null
2020-07-01 01:40:32,879 [grpc-default-executor-6] DEBUG server.GrpcLogAppender (GrpcLogAppender.java:onNext(257)) - 2fd12e45-5261-4e74-9c65-dcdedcebcdd5@group-AB27BD356713->0e87e1a8-862d-4038-8503-5ba64ecc883e-AppendLogResponseHandler: received a reply 2fd12e45-5261-4e74-9c65-dcdedcebcdd5<-0e87e1a8-862d-4038-8503-5ba64ecc883e#4:OK,SUCCESS,nextIndex:3,term:4,followerCommit:2, request=AppendEntriesRequest:cid=4,entriesCount=0,lastEntry=null
2020-07-01 01:40:32,880 [grpc-default-executor-6] WARN  server.GrpcLogAppender (LogUtils.java:warn(122)) - 2fd12e45-5261-4e74-9c65-dcdedcebcdd5@group-AB27BD356713->6047ccc9-2d31-4dc4-ab7e-9fb970240402-AppendLogResponseHandler: Failed appendEntries: org.apache.ratis.thirdparty.io.grpc.StatusRuntimeException: UNAVAILABLE: io exception
2020-07-01 01:40:32,881 [grpc-default-executor-6] INFO  impl.FollowerInfo (FollowerInfo.java:lambda$new$0(51)) - 2fd12e45-5261-4e74-9c65-dcdedcebcdd5@group-AB27BD356713->6047ccc9-2d31-4dc4-ab7e-9fb970240402: nextIndex: updateUnconditionally 2 -> 1
2020-07-01 01:40:33,006 [grpc-default-executor-6] DEBUG server.GrpcLogAppender (GrpcLogAppender.java:onNext(257)) - 86e2f92f-9f2f-47be-9996-581eb5cc11da@group-EDC9AD94D6A7->4a250b03-fc0c-4fc6-b3de-35498431563c-AppendLogResponseHandler: received a reply 86e2f92f-9f2f-47be-9996-581eb5cc11da<-4a250b03-fc0c-4fc6-b3de-35498431563c#9:OK,SUCCESS,nextIndex:1,term:3,followerCommit:0, request=AppendEntriesRequest:cid=9,entriesCount=0,lastEntry=null
2020-07-01 01:40:33,007 [grpc-default-executor-6] DEBUG server.GrpcLogAppender (GrpcLogAppender.java:onNext(257)) - 86e2f92f-9f2f-47be-9996-581eb5cc11da@group-EDC9AD94D6A7->8c5b2b67-bc34-46b0-b6c3-958390f4d72e-AppendLogResponseHandler: received a reply 86e2f92f-9f2f-47be-9996-581eb5cc11da<-8c5b2b67-bc34-46b0-b6c3-958390f4d72e#9:OK,SUCCESS,nextIndex:1,term:3,followerCommit:0, request=AppendEntriesRequest:cid=9,entriesCount=0,lastEntry=null
2020-07-01 01:40:34,689 [Listener at 127.0.0.1/36859] INFO  ozoneimpl.OzoneContainer (OzoneContainer.java:stop(246)) - Attempting to stop container services.
2020-07-01 01:40:34,690 [Listener at 127.0.0.1/36859] INFO  impl.RaftServerProxy (RaftServerProxy.java:lambda$close$4(319)) - 8c5b2b67-bc34-46b0-b6c3-958390f4d72e: close
2020-07-01 01:40:34,691 [Listener at 127.0.0.1/36859] INFO  impl.RaftServerImpl (RaftServerImpl.java:lambda$shutdown$3(252)) - 8c5b2b67-bc34-46b0-b6c3-958390f4d72e@group-006A94DDA21B: shutdown
2020-07-01 01:40:34,691 [Listener at 127.0.0.1/36859] INFO  util.JmxRegister (JmxRegister.java:unregister(73)) - Successfully un-registered JMX Bean with object name Ratis:service=RaftServer,group=group-006A94DDA21B,id=8c5b2b67-bc34-46b0-b6c3-958390f4d72e
2020-07-01 01:40:34,691 [Listener at 127.0.0.1/36859] INFO  impl.RoleInfo (RoleInfo.java:shutdownLeaderState(104)) - 8c5b2b67-bc34-46b0-b6c3-958390f4d72e: shutdown LeaderState
2020-07-01 01:40:34,692 [Listener at 127.0.0.1/36859] INFO  impl.PendingRequests (PendingRequests.java:sendNotLeaderResponses(249)) - 8c5b2b67-bc34-46b0-b6c3-958390f4d72e@group-006A94DDA21B-PendingRequests: sendNotLeaderResponses
2020-07-01 01:40:34,692 [Listener at 127.0.0.1/36859] INFO  metrics.RatisMetrics (RatisMetrics.java:unregister(43)) - Unregistering Metrics Registry : ratis.log_appender.8c5b2b67-bc34-46b0-b6c3-958390f4d72e@group-006A94DDA21B
2020-07-01 01:40:34,692 [Listener at 127.0.0.1/36859] INFO  metrics.RatisMetrics (RatisMetrics.java:unregister(43)) - Unregistering Metrics Registry : ratis.server.8c5b2b67-bc34-46b0-b6c3-958390f4d72e@group-006A94DDA21B
2020-07-01 01:40:34,692 [ForkJoinPool.commonPool-worker-1] INFO  ozoneimpl.OzoneContainer (OzoneContainer.java:stop(246)) - Attempting to stop container services.
2020-07-01 01:40:34,692 [ForkJoinPool.commonPool-worker-1] INFO  impl.RaftServerProxy (RaftServerProxy.java:lambda$close$4(319)) - 2fd12e45-5261-4e74-9c65-dcdedcebcdd5: close
2020-07-01 01:40:34,693 [ForkJoinPool.commonPool-worker-1] INFO  impl.RaftServerImpl (RaftServerImpl.java:lambda$shutdown$3(252)) - 2fd12e45-5261-4e74-9c65-dcdedcebcdd5@group-AB27BD356713: shutdown
2020-07-01 01:40:34,693 [ForkJoinPool.commonPool-worker-1] INFO  util.JmxRegister (JmxRegister.java:unregister(73)) - Successfully un-registered JMX Bean with object name Ratis:service=RaftServer,group=group-AB27BD356713,id=2fd12e45-5261-4e74-9c65-dcdedcebcdd5
2020-07-01 01:40:34,693 [ForkJoinPool.commonPool-worker-1] INFO  impl.RoleInfo (RoleInfo.java:shutdownLeaderState(104)) - 2fd12e45-5261-4e74-9c65-dcdedcebcdd5: shutdown LeaderState
2020-07-01 01:40:34,693 [ForkJoinPool.commonPool-worker-1] INFO  metrics.RatisMetrics (RatisMetrics.java:unregister(43)) - Unregistering Metrics Registry : ratis_grpc.log_appender.2fd12e45-5261-4e74-9c65-dcdedcebcdd5@group-AB27BD356713
2020-07-01 01:40:34,693 [8c5b2b67-bc34-46b0-b6c3-958390f4d72e@group-006A94DDA21B-StateMachineUpdater] INFO  ratis.ContainerStateMachine (ContainerStateMachine.java:takeSnapshot(294)) - group-006A94DDA21B: Taking a snapshot at:(t:1, i:0) file /github/workspace/mnt/ozone/hadoop-ozone/integration-test/target/test-dir/MiniOzoneClusterImpl-1f0cff23-21f0-432d-9716-db38e1d74a84/datanode-7/data/ratis/db8ef107-4816-4818-8bc5-006a94dda21b/sm/snapshot.1_0
2020-07-01 01:40:34,694 [ForkJoinPool.commonPool-worker-1] INFO  metrics.RatisMetrics (RatisMetrics.java:unregister(43)) - Unregistering Metrics Registry : ratis_grpc.log_appender.2fd12e45-5261-4e74-9c65-dcdedcebcdd5@group-AB27BD356713
2020-07-01 01:40:34,694 [org.apache.ratis.server.impl.LogAppender$AppenderDaemon$$Lambda$442/100889871@1135653d] WARN  server.GrpcLogAppender (GrpcLogAppender.java:mayWait(153)) - 2fd12e45-5261-4e74-9c65-dcdedcebcdd5@group-AB27BD356713->6047ccc9-2d31-4dc4-ab7e-9fb970240402-GrpcLogAppender: Wait interrupted by java.lang.InterruptedException
2020-07-01 01:40:34,695 [Listener at 127.0.0.1/36859] INFO  impl.StateMachineUpdater (StateMachineUpdater.java:stopAndJoin(142)) - 8c5b2b67-bc34-46b0-b6c3-958390f4d72e@group-006A94DDA21B-StateMachineUpdater: set stopIndex = 0
2020-07-01 01:40:34,695 [org.apache.ratis.server.impl.LogAppender$AppenderDaemon$$Lambda$442/100889871@521e5a7d] WARN  server.GrpcLogAppender (GrpcLogAppender.java:mayWait(153)) - 2fd12e45-5261-4e74-9c65-dcdedcebcdd5@group-AB27BD356713->0e87e1a8-862d-4038-8503-5ba64ecc883e-GrpcLogAppender: Wait interrupted by java.lang.InterruptedException
2020-07-01 01:40:34,695 [ForkJoinPool.commonPool-worker-1] INFO  impl.PendingRequests (PendingRequests.java:sendNotLeaderResponses(249)) - 2fd12e45-5261-4e74-9c65-dcdedcebcdd5@group-AB27BD356713-PendingRequests: sendNotLeaderResponses
2020-07-01 01:40:34,695 [8c5b2b67-bc34-46b0-b6c3-958390f4d72e@group-006A94DDA21B-StateMachineUpdater] INFO  ratis.ContainerStateMachine (ContainerStateMachine.java:takeSnapshot(305)) - group-006A94DDA21B: Finished taking a snapshot at:(t:1, i:0) file:/github/workspace/mnt/ozone/hadoop-ozone/integration-test/target/test-dir/MiniOzoneClusterImpl-1f0cff23-21f0-432d-9716-db38e1d74a84/datanode-7/data/ratis/db8ef107-4816-4818-8bc5-006a94dda21b/sm/snapshot.1_0 time:1
2020-07-01 01:40:34,696 [grpc-default-executor-6] INFO  server.GrpcServerProtocolService (GrpcServerProtocolService.java:onCompleted(138)) - 0e87e1a8-862d-4038-8503-5ba64ecc883e: Completed APPEND_ENTRIES, lastRequest: 2fd12e45-5261-4e74-9c65-dcdedcebcdd5->0e87e1a8-862d-4038-8503-5ba64ecc883e#2-t4, previous=(t:4, i:1), leaderCommit=1, initializing? false, entries: size=1, first=(t:4, i:2), METADATAENTRY(c:1)
2020-07-01 01:40:34,696 [8c5b2b67-bc34-46b0-b6c3-958390f4d72e@group-006A94DDA21B-StateMachineUpdater] INFO  impl.StateMachineUpdater (StateMachineUpdater.java:takeSnapshot(277)) - 8c5b2b67-bc34-46b0-b6c3-958390f4d72e@group-006A94DDA21B-StateMachineUpdater: Took a snapshot at index 0
2020-07-01 01:40:34,697 [8c5b2b67-bc34-46b0-b6c3-958390f4d72e@group-006A94DDA21B-StateMachineUpdater] INFO  impl.StateMachineUpdater (StateMachineUpdater.java:lambda$new$0(87)) - 8c5b2b67-bc34-46b0-b6c3-958390f4d72e@group-006A94DDA21B-StateMachineUpdater: snapshotIndex: updateIncreasingly -1 -> 0
2020-07-01 01:40:34,697 [8c5b2b67-bc34-46b0-b6c3-958390f4d72e@group-006A94DDA21B-StateMachineUpdater] INFO  metrics.RatisMetrics (RatisMetrics.java:unregister(43)) - Unregistering Metrics Registry : ratis.state_machine.8c5b2b67-bc34-46b0-b6c3-958390f4d72e@group-006A94DDA21B
2020-07-01 01:40:34,697 [grpc-default-executor-8] INFO  server.GrpcLogAppender (GrpcLogAppender.java:onCompleted(319)) - 2fd12e45-5261-4e74-9c65-dcdedcebcdd5@group-AB27BD356713->0e87e1a8-862d-4038-8503-5ba64ecc883e-AppendLogResponseHandler: follower responses appendEntries COMPLETED
2020-07-01 01:40:34,698 [Listener at 127.0.0.1/36859] INFO  impl.RaftServerImpl (ServerState.java:close(387)) - 8c5b2b67-bc34-46b0-b6c3-958390f4d72e@group-006A94DDA21B: closes. applyIndex: 0
2020-07-01 01:40:34,698 [8c5b2b67-bc34-46b0-b6c3-958390f4d72e@group-006A94DDA21B-SegmentedRaftLogWorker] INFO  segmented.SegmentedRaftLogWorker (SegmentedRaftLogWorker.java:run(327)) - 8c5b2b67-bc34-46b0-b6c3-958390f4d72e@group-006A94DDA21B-SegmentedRaftLogWorker was interrupted, exiting. There are 0 tasks remaining in the queue.
2020-07-01 01:40:34,697 [ForkJoinPool.commonPool-worker-1] INFO  metrics.RatisMetrics (RatisMetrics.java:unregister(43)) - Unregistering Metrics Registry : ratis.log_appender.2fd12e45-5261-4e74-9c65-dcdedcebcdd5@group-AB27BD356713
2020-07-01 01:40:34,702 [ForkJoinPool.commonPool-worker-1] INFO  metrics.RatisMetrics (RatisMetrics.java:unregister(43)) - Unregistering Metrics Registry : ratis.server.2fd12e45-5261-4e74-9c65-dcdedcebcdd5@group-AB27BD356713
2020-07-01 01:40:34,704 [grpc-default-executor-8] INFO  impl.FollowerInfo (FollowerInfo.java:lambda$new$0(51)) - 2fd12e45-5261-4e74-9c65-dcdedcebcdd5@group-AB27BD356713->0e87e1a8-862d-4038-8503-5ba64ecc883e: nextIndex: updateUnconditionally 3 -> 2
2020-07-01 01:40:34,704 [ForkJoinPool.commonPool-worker-1] INFO  impl.StateMachineUpdater (StateMachineUpdater.java:stopAndJoin(142)) - 2fd12e45-5261-4e74-9c65-dcdedcebcdd5@group-AB27BD356713-StateMachineUpdater: set stopIndex = 2
2020-07-01 01:40:34,704 [2fd12e45-5261-4e74-9c65-dcdedcebcdd5@group-AB27BD356713-StateMachineUpdater] INFO  ratis.ContainerStateMachine (ContainerStateMachine.java:takeSnapshot(294)) - group-AB27BD356713: Taking a snapshot at:(t:4, i:2) file /github/workspace/mnt/ozone/hadoop-ozone/integration-test/target/test-dir/MiniOzoneClusterImpl-1f0cff23-21f0-432d-9716-db38e1d74a84/datanode-0/data/ratis/b37d36ce-baae-4bb5-9fd1-ab27bd356713/sm/snapshot.4_2
2020-07-01 01:40:34,704 [Listener at 127.0.0.1/36859] INFO  segmented.SegmentedRaftLogWorker (SegmentedRaftLogWorker.java:close(234)) - 8c5b2b67-bc34-46b0-b6c3-958390f4d72e@group-006A94DDA21B-SegmentedRaftLogWorker close()
2020-07-01 01:40:34,705 [Listener at 127.0.0.1/36859] INFO  metrics.RatisMetrics (RatisMetrics.java:unregister(43)) - Unregistering Metrics Registry : ratis.log_worker.8c5b2b67-bc34-46b0-b6c3-958390f4d72e@group-006A94DDA21B
2020-07-01 01:40:34,706 [2fd12e45-5261-4e74-9c65-dcdedcebcdd5@group-AB27BD356713-StateMachineUpdater] INFO  ratis.ContainerStateMachine (ContainerStateMachine.java:takeSnapshot(305)) - group-AB27BD356713: Finished taking a snapshot at:(t:4, i:2) file:/github/workspace/mnt/ozone/hadoop-ozone/integration-test/target/test-dir/MiniOzoneClusterImpl-1f0cff23-21f0-432d-9716-db38e1d74a84/datanode-0/data/ratis/b37d36ce-baae-4bb5-9fd1-ab27bd356713/sm/snapshot.4_2 time:1
2020-07-01 01:40:34,706 [Listener at 127.0.0.1/36859] INFO  metrics.RatisMetrics (RatisMetrics.java:unregister(43)) - Unregistering Metrics Registry : ratis.leader_election.8c5b2b67-bc34-46b0-b6c3-958390f4d72e@group-006A94DDA21B
2020-07-01 01:40:34,706 [2fd12e45-5261-4e74-9c65-dcdedcebcdd5@group-AB27BD356713-StateMachineUpdater] INFO  impl.StateMachineUpdater (StateMachineUpdater.java:takeSnapshot(277)) - 2fd12e45-5261-4e74-9c65-dcdedcebcdd5@group-AB27BD356713-StateMachineUpdater: Took a snapshot at index 2
2020-07-01 01:40:34,706 [2fd12e45-5261-4e74-9c65-dcdedcebcdd5@group-AB27BD356713-StateMachineUpdater] INFO  impl.StateMachineUpdater (StateMachineUpdater.java:lambda$new$0(87)) - 2fd12e45-5261-4e74-9c65-dcdedcebcdd5@group-AB27BD356713-StateMachineUpdater: snapshotIndex: updateIncreasingly -1 -> 2
2020-07-01 01:40:34,706 [2fd12e45-5261-4e74-9c65-dcdedcebcdd5@group-AB27BD356713-StateMachineUpdater] INFO  metrics.RatisMetrics (RatisMetrics.java:unregister(43)) - Unregistering Metrics Registry : ratis.state_machine.2fd12e45-5261-4e74-9c65-dcdedcebcdd5@group-AB27BD356713
2020-07-01 01:40:34,706 [ForkJoinPool.commonPool-worker-1] INFO  impl.RaftServerImpl (ServerState.java:close(387)) - 2fd12e45-5261-4e74-9c65-dcdedcebcdd5@group-AB27BD356713: closes. applyIndex: 2
2020-07-01 01:40:34,706 [Listener at 127.0.0.1/36859] INFO  metrics.RatisMetrics (RatisMetrics.java:unregister(43)) - Unregistering Metrics Registry : ratis.server.8c5b2b67-bc34-46b0-b6c3-958390f4d72e@group-006A94DDA21B
2020-07-01 01:40:34,706 [2fd12e45-5261-4e74-9c65-dcdedcebcdd5@group-AB27BD356713-SegmentedRaftLogWorker] INFO  segmented.SegmentedRaftLogWorker (SegmentedRaftLogWorker.java:run(327)) - 2fd12e45-5261-4e74-9c65-dcdedcebcdd5@group-AB27BD356713-SegmentedRaftLogWorker was interrupted, exiting. There are 0 tasks remaining in the queue.
2020-07-01 01:40:34,712 [ForkJoinPool.commonPool-worker-1] INFO  segmented.SegmentedRaftLogWorker (SegmentedRaftLogWorker.java:close(234)) - 2fd12e45-5261-4e74-9c65-dcdedcebcdd5@group-AB27BD356713-SegmentedRaftLogWorker close()
2020-07-01 01:40:34,712 [Listener at 127.0.0.1/36859] INFO  impl.RaftServerImpl (RaftServerImpl.java:lambda$shutdown$3(252)) - 8c5b2b67-bc34-46b0-b6c3-958390f4d72e@group-EDC9AD94D6A7: shutdown
2020-07-01 01:40:34,714 [Listener at 127.0.0.1/36859] INFO  util.JmxRegister (JmxRegister.java:unregister(73)) - Successfully un-registered JMX Bean with object name Ratis:service=RaftServer,group=group-EDC9AD94D6A7,id=8c5b2b67-bc34-46b0-b6c3-958390f4d72e
2020-07-01 01:40:34,714 [Listener at 127.0.0.1/36859] INFO  impl.RoleInfo (RoleInfo.java:shutdownFollowerState(121)) - 8c5b2b67-bc34-46b0-b6c3-958390f4d72e: shutdown FollowerState
2020-07-01 01:40:34,714 [ForkJoinPool.commonPool-worker-1] INFO  metrics.RatisMetrics (RatisMetrics.java:unregister(43)) - Unregistering Metrics Registry : ratis.log_worker.2fd12e45-5261-4e74-9c65-dcdedcebcdd5@group-AB27BD356713
2020-07-01 01:40:34,714 [ForkJoinPool.commonPool-worker-1] INFO  metrics.RatisMetrics (RatisMetrics.java:unregister(43)) - Unregistering Metrics Registry : ratis.leader_election.2fd12e45-5261-4e74-9c65-dcdedcebcdd5@group-AB27BD356713
2020-07-01 01:40:34,714 [ForkJoinPool.commonPool-worker-1] INFO  metrics.RatisMetrics (RatisMetrics.java:unregister(43)) - Unregistering Metrics Registry : ratis.server.2fd12e45-5261-4e74-9c65-dcdedcebcdd5@group-AB27BD356713
2020-07-01 01:40:34,714 [ForkJoinPool.commonPool-worker-1] INFO  impl.RaftServerImpl (RaftServerImpl.java:lambda$shutdown$3(252)) - 2fd12e45-5261-4e74-9c65-dcdedcebcdd5@group-E545D14EB332: shutdown
2020-07-01 01:40:34,714 [ForkJoinPool.commonPool-worker-1] INFO  util.JmxRegister (JmxRegister.java:unregister(73)) - Successfully un-registered JMX Bean with object name Ratis:service=RaftServer,group=group-E545D14EB332,id=2fd12e45-5261-4e74-9c65-dcdedcebcdd5
2020-07-01 01:40:34,715 [ForkJoinPool.commonPool-worker-1] INFO  impl.RoleInfo (RoleInfo.java:shutdownLeaderState(104)) - 2fd12e45-5261-4e74-9c65-dcdedcebcdd5: shutdown LeaderState
2020-07-01 01:40:34,715 [ForkJoinPool.commonPool-worker-1] INFO  impl.PendingRequests (PendingRequests.java:sendNotLeaderResponses(249)) - 2fd12e45-5261-4e74-9c65-dcdedcebcdd5@group-E545D14EB332-PendingRequests: sendNotLeaderResponses
2020-07-01 01:40:34,715 [ForkJoinPool.commonPool-worker-1] INFO  metrics.RatisMetrics (RatisMetrics.java:unregister(43)) - Unregistering Metrics Registry : ratis.log_appender.2fd12e45-5261-4e74-9c65-dcdedcebcdd5@group-E545D14EB332
2020-07-01 01:40:34,715 [ForkJoinPool.commonPool-worker-1] INFO  metrics.RatisMetrics (RatisMetrics.java:unregister(43)) - Unregistering Metrics Registry : ratis.server.2fd12e45-5261-4e74-9c65-dcdedcebcdd5@group-E545D14EB332
2020-07-01 01:40:34,715 [ForkJoinPool.commonPool-worker-1] INFO  impl.StateMachineUpdater (StateMachineUpdater.java:stopAndJoin(142)) - 2fd12e45-5261-4e74-9c65-dcdedcebcdd5@group-E545D14EB332-StateMachineUpdater: set stopIndex = 0
2020-07-01 01:40:34,715 [Thread-409] INFO  impl.FollowerState (FollowerState.java:run(117)) - 8c5b2b67-bc34-46b0-b6c3-958390f4d72e@group-EDC9AD94D6A7-FollowerState was interrupted: java.lang.InterruptedException: sleep interrupted
2020-07-01 01:40:34,715 [2fd12e45-5261-4e74-9c65-dcdedcebcdd5@group-E545D14EB332-StateMachineUpdater] INFO  ratis.ContainerStateMachine (ContainerStateMachine.java:takeSnapshot(294)) - group-E545D14EB332: Taking a snapshot at:(t:1, i:0) file /github/workspace/mnt/ozone/hadoop-ozone/integration-test/target/test-dir/MiniOzoneClusterImpl-1f0cff23-21f0-432d-9716-db38e1d74a84/datanode-0/data/ratis/25942eba-13d8-409c-8cae-e545d14eb332/sm/snapshot.1_0
2020-07-01 01:40:34,716 [8c5b2b67-bc34-46b0-b6c3-958390f4d72e@group-EDC9AD94D6A7-StateMachineUpdater] INFO  ratis.ContainerStateMachine (ContainerStateMachine.java:takeSnapshot(294)) - group-EDC9AD94D6A7: Taking a snapshot at:(t:3, i:0) file /github/workspace/mnt/ozone/hadoop-ozone/integration-test/target/test-dir/MiniOzoneClusterImpl-1f0cff23-21f0-432d-9716-db38e1d74a84/datanode-7/data/ratis/56595784-b98f-43aa-ac8d-edc9ad94d6a7/sm/snapshot.3_0
2020-07-01 01:40:34,716 [2fd12e45-5261-4e74-9c65-dcdedcebcdd5@group-E545D14EB332-StateMachineUpdater] INFO  ratis.ContainerStateMachine (ContainerStateMachine.java:takeSnapshot(305)) - group-E545D14EB332: Finished taking a snapshot at:(t:1, i:0) file:/github/workspace/mnt/ozone/hadoop-ozone/integration-test/target/test-dir/MiniOzoneClusterImpl-1f0cff23-21f0-432d-9716-db38e1d74a84/datanode-0/data/ratis/25942eba-13d8-409c-8cae-e545d14eb332/sm/snapshot.1_0 time:1
2020-07-01 01:40:34,716 [2fd12e45-5261-4e74-9c65-dcdedcebcdd5@group-E545D14EB332-StateMachineUpdater] INFO  impl.StateMachineUpdater (StateMachineUpdater.java:takeSnapshot(277)) - 2fd12e45-5261-4e74-9c65-dcdedcebcdd5@group-E545D14EB332-StateMachineUpdater: Took a snapshot at index 0
2020-07-01 01:40:34,716 [2fd12e45-5261-4e74-9c65-dcdedcebcdd5@group-E545D14EB332-StateMachineUpdater] INFO  impl.StateMachineUpdater (StateMachineUpdater.java:lambda$new$0(87)) - 2fd12e45-5261-4e74-9c65-dcdedcebcdd5@group-E545D14EB332-StateMachineUpdater: snapshotIndex: updateIncreasingly -1 -> 0
2020-07-01 01:40:34,717 [2fd12e45-5261-4e74-9c65-dcdedcebcdd5@group-E545D14EB332-StateMachineUpdater] INFO  metrics.RatisMetrics (RatisMetrics.java:unregister(43)) - Unregistering Metrics Registry : ratis.state_machine.2fd12e45-5261-4e74-9c65-dcdedcebcdd5@group-E545D14EB332
2020-07-01 01:40:34,717 [Listener at 127.0.0.1/36859] INFO  impl.StateMachineUpdater (StateMachineUpdater.java:stopAndJoin(142)) - 8c5b2b67-bc34-46b0-b6c3-958390f4d72e@group-EDC9AD94D6A7-StateMachineUpdater: set stopIndex = 0
2020-07-01 01:40:34,717 [ForkJoinPool.commonPool-worker-1] INFO  impl.RaftServerImpl (ServerState.java:close(387)) - 2fd12e45-5261-4e74-9c65-dcdedcebcdd5@group-E545D14EB332: closes. applyIndex: 0
2020-07-01 01:40:34,717 [2fd12e45-5261-4e74-9c65-dcdedcebcdd5@group-E545D14EB332-SegmentedRaftLogWorker] INFO  segmented.SegmentedRaftLogWorker (SegmentedRaftLogWorker.java:run(327)) - 2fd12e45-5261-4e74-9c65-dcdedcebcdd5@group-E545D14EB332-SegmentedRaftLogWorker was interrupted, exiting. There are 0 tasks remaining in the queue.
2020-07-01 01:40:34,717 [8c5b2b67-bc34-46b0-b6c3-958390f4d72e@group-EDC9AD94D6A7-StateMachineUpdater] INFO  ratis.ContainerStateMachine (ContainerStateMachine.java:takeSnapshot(305)) - group-EDC9AD94D6A7: Finished taking a snapshot at:(t:3, i:0) file:/github/workspace/mnt/ozone/hadoop-ozone/integration-test/target/test-dir/MiniOzoneClusterImpl-1f0cff23-21f0-432d-9716-db38e1d74a84/datanode-7/data/ratis/56595784-b98f-43aa-ac8d-edc9ad94d6a7/sm/snapshot.3_0 time:2
2020-07-01 01:40:34,718 [8c5b2b67-bc34-46b0-b6c3-958390f4d72e@group-EDC9AD94D6A7-StateMachineUpdater] INFO  impl.StateMachineUpdater (StateMachineUpdater.java:takeSnapshot(277)) - 8c5b2b67-bc34-46b0-b6c3-958390f4d72e@group-EDC9AD94D6A7-StateMachineUpdater: Took a snapshot at index 0
2020-07-01 01:40:34,718 [8c5b2b67-bc34-46b0-b6c3-958390f4d72e@group-EDC9AD94D6A7-StateMachineUpdater] INFO  impl.StateMachineUpdater (StateMachineUpdater.java:lambda$new$0(87)) - 8c5b2b67-bc34-46b0-b6c3-958390f4d72e@group-EDC9AD94D6A7-StateMachineUpdater: snapshotIndex: updateIncreasingly -1 -> 0
2020-07-01 01:40:34,718 [8c5b2b67-bc34-46b0-b6c3-958390f4d72e@group-EDC9AD94D6A7-StateMachineUpdater] INFO  metrics.RatisMetrics (RatisMetrics.java:unregister(43)) - Unregistering Metrics Registry : ratis.state_machine.8c5b2b67-bc34-46b0-b6c3-958390f4d72e@group-EDC9AD94D6A7
2020-07-01 01:40:34,718 [ForkJoinPool.commonPool-worker-1] INFO  segmented.SegmentedRaftLogWorker (SegmentedRaftLogWorker.java:close(234)) - 2fd12e45-5261-4e74-9c65-dcdedcebcdd5@group-E545D14EB332-SegmentedRaftLogWorker close()
2020-07-01 01:40:34,718 [Listener at 127.0.0.1/36859] INFO  impl.RaftServerImpl (ServerState.java:close(387)) - 8c5b2b67-bc34-46b0-b6c3-958390f4d72e@group-EDC9AD94D6A7: closes. applyIndex: 0
2020-07-01 01:40:34,721 [8c5b2b67-bc34-46b0-b6c3-958390f4d72e@group-EDC9AD94D6A7-SegmentedRaftLogWorker] INFO  segmented.SegmentedRaftLogWorker (SegmentedRaftLogWorker.java:run(327)) - 8c5b2b67-bc34-46b0-b6c3-958390f4d72e@group-EDC9AD94D6A7-SegmentedRaftLogWorker was interrupted, exiting. There are 0 tasks remaining in the queue.
2020-07-01 01:40:34,721 [Listener at 127.0.0.1/36859] INFO  segmented.SegmentedRaftLogWorker (SegmentedRaftLogWorker.java:close(234)) - 8c5b2b67-bc34-46b0-b6c3-958390f4d72e@group-EDC9AD94D6A7-SegmentedRaftLogWorker close()
2020-07-01 01:40:34,723 [ForkJoinPool.commonPool-worker-1] INFO  metrics.RatisMetrics (RatisMetrics.java:unregister(43)) - Unregistering Metrics Registry : ratis.log_worker.2fd12e45-5261-4e74-9c65-dcdedcebcdd5@group-E545D14EB332
2020-07-01 01:40:34,723 [Listener at 127.0.0.1/36859] INFO  metrics.RatisMetrics (RatisMetrics.java:unregister(43)) - Unregistering Metrics Registry : ratis.log_worker.8c5b2b67-bc34-46b0-b6c3-958390f4d72e@group-EDC9AD94D6A7
2020-07-01 01:40:34,723 [ForkJoinPool.commonPool-worker-1] INFO  metrics.RatisMetrics (RatisMetrics.java:unregister(43)) - Unregistering Metrics Registry : ratis.leader_election.2fd12e45-5261-4e74-9c65-dcdedcebcdd5@group-E545D14EB332
2020-07-01 01:40:34,723 [Listener at 127.0.0.1/36859] INFO  metrics.RatisMetrics (RatisMetrics.java:unregister(43)) - Unregistering Metrics Registry : ratis.leader_election.8c5b2b67-bc34-46b0-b6c3-958390f4d72e@group-EDC9AD94D6A7
2020-07-01 01:40:34,724 [ForkJoinPool.commonPool-worker-1] INFO  metrics.RatisMetrics (RatisMetrics.java:unregister(43)) - Unregistering Metrics Registry : ratis.server.2fd12e45-5261-4e74-9c65-dcdedcebcdd5@group-E545D14EB332
2020-07-01 01:40:34,724 [ForkJoinPool.commonPool-worker-1] INFO  server.GrpcService (GrpcService.java:closeImpl(166)) - 2fd12e45-5261-4e74-9c65-dcdedcebcdd5: shutdown server with port 38961 now
2020-07-01 01:40:34,724 [Listener at 127.0.0.1/36859] INFO  metrics.RatisMetrics (RatisMetrics.java:unregister(43)) - Unregistering Metrics Registry : ratis.server.8c5b2b67-bc34-46b0-b6c3-958390f4d72e@group-EDC9AD94D6A7
2020-07-01 01:40:34,724 [Listener at 127.0.0.1/36859] INFO  server.GrpcService (GrpcService.java:closeImpl(166)) - 8c5b2b67-bc34-46b0-b6c3-958390f4d72e: shutdown server with port 43281 now
2020-07-01 01:40:34,725 [ForkJoinPool.commonPool-worker-1] INFO  server.GrpcService (GrpcService.java:closeImpl(174)) - 2fd12e45-5261-4e74-9c65-dcdedcebcdd5: shutdown server with port 38961 successfully
2020-07-01 01:40:34,727 [grpc-default-executor-6] WARN  server.GrpcServerProtocolService (LogUtils.java:warn(122)) - 8c5b2b67-bc34-46b0-b6c3-958390f4d72e: installSnapshot onError, lastRequest: 86e2f92f-9f2f-47be-9996-581eb5cc11da->8c5b2b67-bc34-46b0-b6c3-958390f4d72e#1-t3, previous=(t:0, i:0), leaderCommit=0, initializing? false, entries: size=1, first=(t:3, i:0), CONFIGURATIONENTRY: org.apache.ratis.thirdparty.io.grpc.StatusRuntimeException: CANCELLED: cancelled before receiving half close
2020-07-01 01:40:34,728 [ForkJoinPool.commonPool-worker-1] INFO  utils.BackgroundService (BackgroundService.java:shutdown(157)) - Shutting down service BlockDeletingService
2020-07-01 01:40:34,728 [ForkJoinPool.commonPool-worker-1] INFO  statemachine.DatanodeStateMachine (DatanodeStateMachine.java:stopDaemon(428)) - Ozone container server stopped.
2020-07-01 01:40:34,729 [ForkJoinPool.commonPool-worker-1] INFO  handler.ContextHandler (ContextHandler.java:doStop(1016)) - Stopped o.e.j.w.WebAppContext@b67b359{hddsDatanode,/,null,UNAVAILABLE}{jar:file:/home/user/.m2/repository/org/apache/hadoop/hadoop-hdds-container-service/0.6.0-SNAPSHOT/hadoop-hdds-container-service-0.6.0-SNAPSHOT.jar!/webapps/hddsDatanode}
2020-07-01 01:40:34,730 [grpc-default-executor-8] WARN  server.GrpcLogAppender (LogUtils.java:warn(122)) - 86e2f92f-9f2f-47be-9996-581eb5cc11da@group-EDC9AD94D6A7->8c5b2b67-bc34-46b0-b6c3-958390f4d72e-AppendLogResponseHandler: Failed appendEntries: org.apache.ratis.thirdparty.io.grpc.StatusRuntimeException: CANCELLED: HTTP/2 error code: CANCEL
Received Rst Stream
2020-07-01 01:40:34,730 [ForkJoinPool.commonPool-worker-1] INFO  server.AbstractConnector (AbstractConnector.java:doStop(380)) - Stopped ServerConnector@58e9e852{HTTP/1.1,[http/1.1]}{0.0.0.0:0}
2020-07-01 01:40:34,730 [ForkJoinPool.commonPool-worker-1] INFO  server.session (HouseKeeper.java:stopScavenging(158)) - node0 Stopped scavenging
2020-07-01 01:40:34,731 [ForkJoinPool.commonPool-worker-1] INFO  handler.ContextHandler (ContextHandler.java:doStop(1016)) - Stopped o.e.j.s.ServletContextHandler@6abbdcde{static,/static,jar:file:/home/user/.m2/repository/org/apache/hadoop/hadoop-hdds-container-service/0.6.0-SNAPSHOT/hadoop-hdds-container-service-0.6.0-SNAPSHOT.jar!/webapps/static,UNAVAILABLE}
2020-07-01 01:40:34,731 [ForkJoinPool.commonPool-worker-1] INFO  handler.ContextHandler (ContextHandler.java:doStop(1016)) - Stopped o.e.j.s.ServletContextHandler@5687ba39{logs,/logs,file:///github/workspace/mnt/ozone/hadoop-ozone/integration-test/target/log,UNAVAILABLE}
2020-07-01 01:40:34,735 [grpc-default-executor-8] INFO  impl.FollowerInfo (FollowerInfo.java:lambda$new$0(51)) - 86e2f92f-9f2f-47be-9996-581eb5cc11da@group-EDC9AD94D6A7->8c5b2b67-bc34-46b0-b6c3-958390f4d72e: nextIndex: updateUnconditionally 1 -> 0
2020-07-01 01:40:34,739 [Listener at 127.0.0.1/36859] INFO  server.GrpcService (GrpcService.java:closeImpl(174)) - 8c5b2b67-bc34-46b0-b6c3-958390f4d72e: shutdown server with port 43281 successfully
2020-07-01 01:40:34,739 [Listener at 127.0.0.1/36859] INFO  utils.BackgroundService (BackgroundService.java:shutdown(157)) - Shutting down service BlockDeletingService
2020-07-01 01:40:34,742 [Listener at 127.0.0.1/36859] INFO  statemachine.DatanodeStateMachine (DatanodeStateMachine.java:stopDaemon(428)) - Ozone container server stopped.
2020-07-01 01:40:34,742 [Listener at 127.0.0.1/36859] INFO  handler.ContextHandler (ContextHandler.java:doStop(1016)) - Stopped o.e.j.w.WebAppContext@54626326{hddsDatanode,/,null,UNAVAILABLE}{jar:file:/home/user/.m2/repository/org/apache/hadoop/hadoop-hdds-container-service/0.6.0-SNAPSHOT/hadoop-hdds-container-service-0.6.0-SNAPSHOT.jar!/webapps/hddsDatanode}
2020-07-01 01:40:34,743 [Listener at 127.0.0.1/36859] INFO  server.AbstractConnector (AbstractConnector.java:doStop(380)) - Stopped ServerConnector@7fec6c2f{HTTP/1.1,[http/1.1]}{0.0.0.0:0}
2020-07-01 01:40:34,743 [Listener at 127.0.0.1/36859] INFO  server.session (HouseKeeper.java:stopScavenging(158)) - node0 Stopped scavenging
2020-07-01 01:40:34,743 [Listener at 127.0.0.1/36859] INFO  handler.ContextHandler (ContextHandler.java:doStop(1016)) - Stopped o.e.j.s.ServletContextHandler@2aadeb31{static,/static,jar:file:/home/user/.m2/repository/org/apache/hadoop/hadoop-hdds-container-service/0.6.0-SNAPSHOT/hadoop-hdds-container-service-0.6.0-SNAPSHOT.jar!/webapps/static,UNAVAILABLE}
2020-07-01 01:40:34,743 [Listener at 127.0.0.1/36859] INFO  handler.ContextHandler (ContextHandler.java:doStop(1016)) - Stopped o.e.j.s.ServletContextHandler@5fe19d0e{logs,/logs,file:///github/workspace/mnt/ozone/hadoop-ozone/integration-test/target/log,UNAVAILABLE}
2020-07-01 01:40:34,940 [Datanode State Machine Thread - 0] INFO  statemachine.DatanodeStateMachine (DatanodeStateMachine.java:lambda$startDaemon$0(380)) - Ozone container server started.
2020-07-01 01:40:35,206 [Datanode State Machine Thread - 0] INFO  statemachine.DatanodeStateMachine (DatanodeStateMachine.java:lambda$startDaemon$0(380)) - Ozone container server started.
2020-07-01 01:40:35,511 [grpc-default-executor-2] WARN  server.GrpcLogAppender (LogUtils.java:warn(122)) - 86e2f92f-9f2f-47be-9996-581eb5cc11da@group-EDC9AD94D6A7->8c5b2b67-bc34-46b0-b6c3-958390f4d72e-AppendLogResponseHandler: Failed appendEntries: org.apache.ratis.thirdparty.io.grpc.StatusRuntimeException: UNAVAILABLE: io exception
2020-07-01 01:40:35,518 [grpc-default-executor-2] INFO  impl.FollowerInfo (FollowerInfo.java:lambda$new$0(51)) - 86e2f92f-9f2f-47be-9996-581eb5cc11da@group-EDC9AD94D6A7->8c5b2b67-bc34-46b0-b6c3-958390f4d72e: nextIndex: updateUnconditionally 1 -> 0
2020-07-01 01:40:35,519 [grpc-default-executor-2] DEBUG server.GrpcLogAppender (GrpcLogAppender.java:onNext(257)) - 86e2f92f-9f2f-47be-9996-581eb5cc11da@group-EDC9AD94D6A7->4a250b03-fc0c-4fc6-b3de-35498431563c-AppendLogResponseHandler: received a reply 86e2f92f-9f2f-47be-9996-581eb5cc11da<-4a250b03-fc0c-4fc6-b3de-35498431563c#10:OK,SUCCESS,nextIndex:1,term:3,followerCommit:0, request=AppendEntriesRequest:cid=10,entriesCount=0,lastEntry=null
2020-07-01 01:40:38,015 [grpc-default-executor-8] WARN  server.GrpcLogAppender (LogUtils.java:warn(122)) - 86e2f92f-9f2f-47be-9996-581eb5cc11da@group-EDC9AD94D6A7->8c5b2b67-bc34-46b0-b6c3-958390f4d72e-AppendLogResponseHandler: Failed appendEntries: org.apache.ratis.thirdparty.io.grpc.StatusRuntimeException: UNAVAILABLE: io exception
2020-07-01 01:40:38,017 [grpc-default-executor-8] INFO  impl.FollowerInfo (FollowerInfo.java:lambda$new$0(51)) - 86e2f92f-9f2f-47be-9996-581eb5cc11da@group-EDC9AD94D6A7->8c5b2b67-bc34-46b0-b6c3-958390f4d72e: nextIndex: updateUnconditionally 1 -> 0
2020-07-01 01:40:38,022 [grpc-default-executor-8] DEBUG server.GrpcLogAppender (GrpcLogAppender.java:onNext(257)) - 86e2f92f-9f2f-47be-9996-581eb5cc11da@group-EDC9AD94D6A7->4a250b03-fc0c-4fc6-b3de-35498431563c-AppendLogResponseHandler: received a reply 86e2f92f-9f2f-47be-9996-581eb5cc11da<-4a250b03-fc0c-4fc6-b3de-35498431563c#11:OK,SUCCESS,nextIndex:1,term:3,followerCommit:0, request=AppendEntriesRequest:cid=11,entriesCount=0,lastEntry=null
2020-07-01 01:40:38,189 [Thread-479] INFO  impl.FollowerState (FollowerState.java:run(108)) - 0e87e1a8-862d-4038-8503-5ba64ecc883e@group-AB27BD356713-FollowerState: change to CANDIDATE, lastRpcTime:5310ms, electionTimeout:5176ms
2020-07-01 01:40:38,189 [Thread-479] INFO  impl.RoleInfo (RoleInfo.java:shutdownFollowerState(121)) - 0e87e1a8-862d-4038-8503-5ba64ecc883e: shutdown FollowerState
2020-07-01 01:40:38,189 [Thread-479] INFO  impl.RaftServerImpl (RaftServerImpl.java:setRole(175)) - 0e87e1a8-862d-4038-8503-5ba64ecc883e@group-AB27BD356713: changes role from  FOLLOWER to CANDIDATE at term 4 for changeToCandidate
2020-07-01 01:40:38,189 [Thread-479] INFO  impl.RoleInfo (RoleInfo.java:updateAndGet(143)) - 0e87e1a8-862d-4038-8503-5ba64ecc883e: start LeaderElection
2020-07-01 01:40:38,190 [0e87e1a8-862d-4038-8503-5ba64ecc883e@group-AB27BD356713-LeaderElection22] INFO  impl.RaftServerImpl (ServerState.java:setLeader(255)) - 0e87e1a8-862d-4038-8503-5ba64ecc883e@group-AB27BD356713: change Leader from 2fd12e45-5261-4e74-9c65-dcdedcebcdd5 to null at term 4 for initElection
2020-07-01 01:40:38,192 [0e87e1a8-862d-4038-8503-5ba64ecc883e@group-AB27BD356713-LeaderElection22] INFO  impl.LeaderElection (LeaderElection.java:askForVotes(206)) - 0e87e1a8-862d-4038-8503-5ba64ecc883e@group-AB27BD356713-LeaderElection22: begin an election at term 5 for 1: [6047ccc9-2d31-4dc4-ab7e-9fb970240402:172.17.0.2:43531, 2fd12e45-5261-4e74-9c65-dcdedcebcdd5:172.17.0.2:38961, 0e87e1a8-862d-4038-8503-5ba64ecc883e:172.17.0.2:44311], old=null
2020-07-01 01:40:38,199 [0e87e1a8-862d-4038-8503-5ba64ecc883e@group-AB27BD356713-LeaderElection22] INFO  impl.LeaderElection (LogUtils.java:infoOrTrace(137)) - 0e87e1a8-862d-4038-8503-5ba64ecc883e@group-AB27BD356713-LeaderElection22 got exception when requesting votes: java.util.concurrent.ExecutionException: org.apache.ratis.thirdparty.io.grpc.StatusRuntimeException: UNAVAILABLE: io exception
2020-07-01 01:40:38,202 [0e87e1a8-862d-4038-8503-5ba64ecc883e@group-AB27BD356713-LeaderElection22] INFO  impl.LeaderElection (LogUtils.java:infoOrTrace(137)) - 0e87e1a8-862d-4038-8503-5ba64ecc883e@group-AB27BD356713-LeaderElection22 got exception when requesting votes: java.util.concurrent.ExecutionException: org.apache.ratis.thirdparty.io.grpc.StatusRuntimeException: UNAVAILABLE: io exception
2020-07-01 01:40:38,202 [0e87e1a8-862d-4038-8503-5ba64ecc883e@group-AB27BD356713-LeaderElection22] INFO  impl.LeaderElection (LeaderElection.java:logAndReturn(61)) - 0e87e1a8-862d-4038-8503-5ba64ecc883e@group-AB27BD356713-LeaderElection22: Election REJECTED; received 0 response(s) [] and 2 exception(s); 0e87e1a8-862d-4038-8503-5ba64ecc883e@group-AB27BD356713:t5, leader=null, voted=0e87e1a8-862d-4038-8503-5ba64ecc883e, raftlog=0e87e1a8-862d-4038-8503-5ba64ecc883e@group-AB27BD356713-SegmentedRaftLog:OPENED:c2,f2,i2, conf=1: [6047ccc9-2d31-4dc4-ab7e-9fb970240402:172.17.0.2:43531, 2fd12e45-5261-4e74-9c65-dcdedcebcdd5:172.17.0.2:38961, 0e87e1a8-862d-4038-8503-5ba64ecc883e:172.17.0.2:44311], old=null
2020-07-01 01:40:38,202 [0e87e1a8-862d-4038-8503-5ba64ecc883e@group-AB27BD356713-LeaderElection22] INFO  impl.LeaderElection (LogUtils.java:infoOrTrace(137)) -   Exception 0: java.util.concurrent.ExecutionException: org.apache.ratis.thirdparty.io.grpc.StatusRuntimeException: UNAVAILABLE: io exception
2020-07-01 01:40:38,202 [0e87e1a8-862d-4038-8503-5ba64ecc883e@group-AB27BD356713-LeaderElection22] INFO  impl.LeaderElection (LogUtils.java:infoOrTrace(137)) -   Exception 1: java.util.concurrent.ExecutionException: org.apache.ratis.thirdparty.io.grpc.StatusRuntimeException: UNAVAILABLE: io exception
2020-07-01 01:40:38,202 [0e87e1a8-862d-4038-8503-5ba64ecc883e@group-AB27BD356713-LeaderElection22] INFO  impl.RaftServerImpl (RaftServerImpl.java:setRole(175)) - 0e87e1a8-862d-4038-8503-5ba64ecc883e@group-AB27BD356713: changes role from CANDIDATE to FOLLOWER at term 5 for DISCOVERED_A_NEW_TERM
2020-07-01 01:40:38,202 [0e87e1a8-862d-4038-8503-5ba64ecc883e@group-AB27BD356713-LeaderElection22] INFO  impl.RoleInfo (RoleInfo.java:shutdownLeaderElection(134)) - 0e87e1a8-862d-4038-8503-5ba64ecc883e: shutdown LeaderElection
2020-07-01 01:40:38,202 [0e87e1a8-862d-4038-8503-5ba64ecc883e@group-AB27BD356713-LeaderElection22] INFO  impl.RoleInfo (RoleInfo.java:updateAndGet(143)) - 0e87e1a8-862d-4038-8503-5ba64ecc883e: start FollowerState
2020-07-01 01:40:39,732 [ForkJoinPool.commonPool-worker-1] INFO  ozoneimpl.OzoneContainer (OzoneContainer.java:stop(246)) - Attempting to stop container services.
2020-07-01 01:40:39,733 [ForkJoinPool.commonPool-worker-1] INFO  impl.RaftServerProxy (RaftServerProxy.java:lambda$close$4(319)) - 0e87e1a8-862d-4038-8503-5ba64ecc883e: close
2020-07-01 01:40:39,733 [ForkJoinPool.commonPool-worker-1] INFO  impl.RaftServerImpl (RaftServerImpl.java:lambda$shutdown$3(252)) - 0e87e1a8-862d-4038-8503-5ba64ecc883e@group-AB27BD356713: shutdown
2020-07-01 01:40:39,734 [ForkJoinPool.commonPool-worker-1] INFO  util.JmxRegister (JmxRegister.java:unregister(73)) - Successfully un-registered JMX Bean with object name Ratis:service=RaftServer,group=group-AB27BD356713,id=0e87e1a8-862d-4038-8503-5ba64ecc883e
2020-07-01 01:40:39,734 [ForkJoinPool.commonPool-worker-1] INFO  impl.RoleInfo (RoleInfo.java:shutdownFollowerState(121)) - 0e87e1a8-862d-4038-8503-5ba64ecc883e: shutdown FollowerState
2020-07-01 01:40:39,734 [ForkJoinPool.commonPool-worker-1] INFO  impl.StateMachineUpdater (StateMachineUpdater.java:stopAndJoin(142)) - 0e87e1a8-862d-4038-8503-5ba64ecc883e@group-AB27BD356713-StateMachineUpdater: set stopIndex = 2
2020-07-01 01:40:39,734 [Thread-499] INFO  impl.FollowerState (FollowerState.java:run(117)) - 0e87e1a8-862d-4038-8503-5ba64ecc883e@group-AB27BD356713-FollowerState was interrupted: java.lang.InterruptedException: sleep interrupted
2020-07-01 01:40:39,734 [0e87e1a8-862d-4038-8503-5ba64ecc883e@group-AB27BD356713-StateMachineUpdater] INFO  ratis.ContainerStateMachine (ContainerStateMachine.java:takeSnapshot(294)) - group-AB27BD356713: Taking a snapshot at:(t:4, i:2) file /github/workspace/mnt/ozone/hadoop-ozone/integration-test/target/test-dir/MiniOzoneClusterImpl-1f0cff23-21f0-432d-9716-db38e1d74a84/datanode-1/data/ratis/b37d36ce-baae-4bb5-9fd1-ab27bd356713/sm/snapshot.4_2
2020-07-01 01:40:39,736 [0e87e1a8-862d-4038-8503-5ba64ecc883e@group-AB27BD356713-StateMachineUpdater] INFO  ratis.ContainerStateMachine (ContainerStateMachine.java:takeSnapshot(305)) - group-AB27BD356713: Finished taking a snapshot at:(t:4, i:2) file:/github/workspace/mnt/ozone/hadoop-ozone/integration-test/target/test-dir/MiniOzoneClusterImpl-1f0cff23-21f0-432d-9716-db38e1d74a84/datanode-1/data/ratis/b37d36ce-baae-4bb5-9fd1-ab27bd356713/sm/snapshot.4_2 time:2
2020-07-01 01:40:39,736 [0e87e1a8-862d-4038-8503-5ba64ecc883e@group-AB27BD356713-StateMachineUpdater] INFO  impl.StateMachineUpdater (StateMachineUpdater.java:takeSnapshot(277)) - 0e87e1a8-862d-4038-8503-5ba64ecc883e@group-AB27BD356713-StateMachineUpdater: Took a snapshot at index 2
2020-07-01 01:40:39,736 [0e87e1a8-862d-4038-8503-5ba64ecc883e@group-AB27BD356713-StateMachineUpdater] INFO  impl.StateMachineUpdater (StateMachineUpdater.java:lambda$new$0(87)) - 0e87e1a8-862d-4038-8503-5ba64ecc883e@group-AB27BD356713-StateMachineUpdater: snapshotIndex: updateIncreasingly -1 -> 2
2020-07-01 01:40:39,737 [0e87e1a8-862d-4038-8503-5ba64ecc883e@group-AB27BD356713-StateMachineUpdater] INFO  metrics.RatisMetrics (RatisMetrics.java:unregister(43)) - Unregistering Metrics Registry : ratis.state_machine.0e87e1a8-862d-4038-8503-5ba64ecc883e@group-AB27BD356713
2020-07-01 01:40:39,737 [ForkJoinPool.commonPool-worker-1] INFO  impl.RaftServerImpl (ServerState.java:close(387)) - 0e87e1a8-862d-4038-8503-5ba64ecc883e@group-AB27BD356713: closes. applyIndex: 2
2020-07-01 01:40:39,737 [0e87e1a8-862d-4038-8503-5ba64ecc883e@group-AB27BD356713-SegmentedRaftLogWorker] INFO  segmented.SegmentedRaftLogWorker (SegmentedRaftLogWorker.java:run(327)) - 0e87e1a8-862d-4038-8503-5ba64ecc883e@group-AB27BD356713-SegmentedRaftLogWorker was interrupted, exiting. There are 0 tasks remaining in the queue.
2020-07-01 01:40:39,738 [ForkJoinPool.commonPool-worker-1] INFO  segmented.SegmentedRaftLogWorker (SegmentedRaftLogWorker.java:close(234)) - 0e87e1a8-862d-4038-8503-5ba64ecc883e@group-AB27BD356713-SegmentedRaftLogWorker close()
2020-07-01 01:40:39,738 [ForkJoinPool.commonPool-worker-1] INFO  metrics.RatisMetrics (RatisMetrics.java:unregister(43)) - Unregistering Metrics Registry : ratis.log_worker.0e87e1a8-862d-4038-8503-5ba64ecc883e@group-AB27BD356713
2020-07-01 01:40:39,739 [ForkJoinPool.commonPool-worker-1] INFO  metrics.RatisMetrics (RatisMetrics.java:unregister(43)) - Unregistering Metrics Registry : ratis.leader_election.0e87e1a8-862d-4038-8503-5ba64ecc883e@group-AB27BD356713
2020-07-01 01:40:39,739 [ForkJoinPool.commonPool-worker-1] INFO  metrics.RatisMetrics (RatisMetrics.java:unregister(43)) - Unregistering Metrics Registry : ratis.server.0e87e1a8-862d-4038-8503-5ba64ecc883e@group-AB27BD356713
2020-07-01 01:40:39,739 [ForkJoinPool.commonPool-worker-1] INFO  impl.RaftServerImpl (RaftServerImpl.java:lambda$shutdown$3(252)) - 0e87e1a8-862d-4038-8503-5ba64ecc883e@group-EFEA6DCF6E73: shutdown
2020-07-01 01:40:39,739 [ForkJoinPool.commonPool-worker-1] INFO  util.JmxRegister (JmxRegister.java:unregister(73)) - Successfully un-registered JMX Bean with object name Ratis:service=RaftServer,group=group-EFEA6DCF6E73,id=0e87e1a8-862d-4038-8503-5ba64ecc883e
2020-07-01 01:40:39,739 [ForkJoinPool.commonPool-worker-1] INFO  impl.RoleInfo (RoleInfo.java:shutdownLeaderState(104)) - 0e87e1a8-862d-4038-8503-5ba64ecc883e: shutdown LeaderState
2020-07-01 01:40:39,739 [ForkJoinPool.commonPool-worker-1] INFO  impl.PendingRequests (PendingRequests.java:sendNotLeaderResponses(249)) - 0e87e1a8-862d-4038-8503-5ba64ecc883e@group-EFEA6DCF6E73-PendingRequests: sendNotLeaderResponses
2020-07-01 01:40:39,739 [ForkJoinPool.commonPool-worker-1] INFO  metrics.RatisMetrics (RatisMetrics.java:unregister(43)) - Unregistering Metrics Registry : ratis.log_appender.0e87e1a8-862d-4038-8503-5ba64ecc883e@group-EFEA6DCF6E73
2020-07-01 01:40:39,739 [ForkJoinPool.commonPool-worker-1] INFO  metrics.RatisMetrics (RatisMetrics.java:unregister(43)) - Unregistering Metrics Registry : ratis.server.0e87e1a8-862d-4038-8503-5ba64ecc883e@group-EFEA6DCF6E73
2020-07-01 01:40:39,740 [ForkJoinPool.commonPool-worker-1] INFO  impl.StateMachineUpdater (StateMachineUpdater.java:stopAndJoin(142)) - 0e87e1a8-862d-4038-8503-5ba64ecc883e@group-EFEA6DCF6E73-StateMachineUpdater: set stopIndex = 0
2020-07-01 01:40:39,740 [0e87e1a8-862d-4038-8503-5ba64ecc883e@group-EFEA6DCF6E73-StateMachineUpdater] INFO  ratis.ContainerStateMachine (ContainerStateMachine.java:takeSnapshot(294)) - group-EFEA6DCF6E73: Taking a snapshot at:(t:1, i:0) file /github/workspace/mnt/ozone/hadoop-ozone/integration-test/target/test-dir/MiniOzoneClusterImpl-1f0cff23-21f0-432d-9716-db38e1d74a84/datanode-1/data/ratis/80d7c221-2990-4e22-81a9-efea6dcf6e73/sm/snapshot.1_0
2020-07-01 01:40:39,740 [0e87e1a8-862d-4038-8503-5ba64ecc883e@group-EFEA6DCF6E73-StateMachineUpdater] INFO  ratis.ContainerStateMachine (ContainerStateMachine.java:takeSnapshot(305)) - group-EFEA6DCF6E73: Finished taking a snapshot at:(t:1, i:0) file:/github/workspace/mnt/ozone/hadoop-ozone/integration-test/target/test-dir/MiniOzoneClusterImpl-1f0cff23-21f0-432d-9716-db38e1d74a84/datanode-1/data/ratis/80d7c221-2990-4e22-81a9-efea6dcf6e73/sm/snapshot.1_0 time:0
2020-07-01 01:40:39,740 [0e87e1a8-862d-4038-8503-5ba64ecc883e@group-EFEA6DCF6E73-StateMachineUpdater] INFO  impl.StateMachineUpdater (StateMachineUpdater.java:takeSnapshot(277)) - 0e87e1a8-862d-4038-8503-5ba64ecc883e@group-EFEA6DCF6E73-StateMachineUpdater: Took a snapshot at index 0
2020-07-01 01:40:39,740 [0e87e1a8-862d-4038-8503-5ba64ecc883e@group-EFEA6DCF6E73-StateMachineUpdater] INFO  impl.StateMachineUpdater (StateMachineUpdater.java:lambda$new$0(87)) - 0e87e1a8-862d-4038-8503-5ba64ecc883e@group-EFEA6DCF6E73-StateMachineUpdater: snapshotIndex: updateIncreasingly -1 -> 0
2020-07-01 01:40:39,741 [0e87e1a8-862d-4038-8503-5ba64ecc883e@group-EFEA6DCF6E73-StateMachineUpdater] INFO  metrics.RatisMetrics (RatisMetrics.java:unregister(43)) - Unregistering Metrics Registry : ratis.state_machine.0e87e1a8-862d-4038-8503-5ba64ecc883e@group-EFEA6DCF6E73
2020-07-01 01:40:39,741 [ForkJoinPool.commonPool-worker-1] INFO  impl.RaftServerImpl (ServerState.java:close(387)) - 0e87e1a8-862d-4038-8503-5ba64ecc883e@group-EFEA6DCF6E73: closes. applyIndex: 0
2020-07-01 01:40:39,741 [0e87e1a8-862d-4038-8503-5ba64ecc883e@group-EFEA6DCF6E73-SegmentedRaftLogWorker] INFO  segmented.SegmentedRaftLogWorker (SegmentedRaftLogWorker.java:run(327)) - 0e87e1a8-862d-4038-8503-5ba64ecc883e@group-EFEA6DCF6E73-SegmentedRaftLogWorker was interrupted, exiting. There are 0 tasks remaining in the queue.
2020-07-01 01:40:39,741 [ForkJoinPool.commonPool-worker-1] INFO  segmented.SegmentedRaftLogWorker (SegmentedRaftLogWorker.java:close(234)) - 0e87e1a8-862d-4038-8503-5ba64ecc883e@group-EFEA6DCF6E73-SegmentedRaftLogWorker close()
2020-07-01 01:40:39,742 [ForkJoinPool.commonPool-worker-1] INFO  metrics.RatisMetrics (RatisMetrics.java:unregister(43)) - Unregistering Metrics Registry : ratis.log_worker.0e87e1a8-862d-4038-8503-5ba64ecc883e@group-EFEA6DCF6E73
2020-07-01 01:40:39,742 [ForkJoinPool.commonPool-worker-1] INFO  metrics.RatisMetrics (RatisMetrics.java:unregister(43)) - Unregistering Metrics Registry : ratis.leader_election.0e87e1a8-862d-4038-8503-5ba64ecc883e@group-EFEA6DCF6E73
2020-07-01 01:40:39,742 [ForkJoinPool.commonPool-worker-1] INFO  metrics.RatisMetrics (RatisMetrics.java:unregister(43)) - Unregistering Metrics Registry : ratis.server.0e87e1a8-862d-4038-8503-5ba64ecc883e@group-EFEA6DCF6E73
2020-07-01 01:40:39,742 [ForkJoinPool.commonPool-worker-1] INFO  server.GrpcService (GrpcService.java:closeImpl(166)) - 0e87e1a8-862d-4038-8503-5ba64ecc883e: shutdown server with port 44311 now
2020-07-01 01:40:39,743 [ForkJoinPool.commonPool-worker-1] INFO  server.GrpcService (GrpcService.java:closeImpl(174)) - 0e87e1a8-862d-4038-8503-5ba64ecc883e: shutdown server with port 44311 successfully
2020-07-01 01:40:39,743 [ForkJoinPool.commonPool-worker-1] INFO  utils.BackgroundService (BackgroundService.java:shutdown(157)) - Shutting down service BlockDeletingService
2020-07-01 01:40:39,744 [Listener at 127.0.0.1/36859] INFO  ozoneimpl.OzoneContainer (OzoneContainer.java:stop(246)) - Attempting to stop container services.
2020-07-01 01:40:39,744 [Listener at 127.0.0.1/36859] INFO  impl.RaftServerProxy (RaftServerProxy.java:lambda$close$4(319)) - 86e2f92f-9f2f-47be-9996-581eb5cc11da: close
2020-07-01 01:40:39,745 [Listener at 127.0.0.1/36859] INFO  impl.RaftServerImpl (RaftServerImpl.java:lambda$shutdown$3(252)) - 86e2f92f-9f2f-47be-9996-581eb5cc11da@group-DEAE86D0D0F5: shutdown
2020-07-01 01:40:39,745 [Listener at 127.0.0.1/36859] INFO  util.JmxRegister (JmxRegister.java:unregister(73)) - Successfully un-registered JMX Bean with object name Ratis:service=RaftServer,group=group-DEAE86D0D0F5,id=86e2f92f-9f2f-47be-9996-581eb5cc11da
2020-07-01 01:40:39,745 [Listener at 127.0.0.1/36859] INFO  impl.RoleInfo (RoleInfo.java:shutdownLeaderState(104)) - 86e2f92f-9f2f-47be-9996-581eb5cc11da: shutdown LeaderState
2020-07-01 01:40:39,745 [Listener at 127.0.0.1/36859] INFO  impl.PendingRequests (PendingRequests.java:sendNotLeaderResponses(249)) - 86e2f92f-9f2f-47be-9996-581eb5cc11da@group-DEAE86D0D0F5-PendingRequests: sendNotLeaderResponses
2020-07-01 01:40:39,745 [Listener at 127.0.0.1/36859] INFO  metrics.RatisMetrics (RatisMetrics.java:unregister(43)) - Unregistering Metrics Registry : ratis.log_appender.86e2f92f-9f2f-47be-9996-581eb5cc11da@group-DEAE86D0D0F5
2020-07-01 01:40:39,746 [Listener at 127.0.0.1/36859] INFO  metrics.RatisMetrics (RatisMetrics.java:unregister(43)) - Unregistering Metrics Registry : ratis.server.86e2f92f-9f2f-47be-9996-581eb5cc11da@group-DEAE86D0D0F5
2020-07-01 01:40:39,746 [Listener at 127.0.0.1/36859] INFO  impl.StateMachineUpdater (StateMachineUpdater.java:stopAndJoin(142)) - 86e2f92f-9f2f-47be-9996-581eb5cc11da@group-DEAE86D0D0F5-StateMachineUpdater: set stopIndex = 0
2020-07-01 01:40:39,746 [86e2f92f-9f2f-47be-9996-581eb5cc11da@group-DEAE86D0D0F5-StateMachineUpdater] INFO  ratis.ContainerStateMachine (ContainerStateMachine.java:takeSnapshot(294)) - group-DEAE86D0D0F5: Taking a snapshot at:(t:1, i:0) file /github/workspace/mnt/ozone/hadoop-ozone/integration-test/target/test-dir/MiniOzoneClusterImpl-1f0cff23-21f0-432d-9716-db38e1d74a84/datanode-8/data/ratis/6953edba-cdff-4ce3-ac45-deae86d0d0f5/sm/snapshot.1_0
2020-07-01 01:40:39,747 [ForkJoinPool.commonPool-worker-1] INFO  statemachine.DatanodeStateMachine (DatanodeStateMachine.java:stopDaemon(428)) - Ozone container server stopped.
2020-07-01 01:40:39,748 [86e2f92f-9f2f-47be-9996-581eb5cc11da@group-DEAE86D0D0F5-StateMachineUpdater] INFO  ratis.ContainerStateMachine (ContainerStateMachine.java:takeSnapshot(305)) - group-DEAE86D0D0F5: Finished taking a snapshot at:(t:1, i:0) file:/github/workspace/mnt/ozone/hadoop-ozone/integration-test/target/test-dir/MiniOzoneClusterImpl-1f0cff23-21f0-432d-9716-db38e1d74a84/datanode-8/data/ratis/6953edba-cdff-4ce3-ac45-deae86d0d0f5/sm/snapshot.1_0 time:1
2020-07-01 01:40:39,748 [ForkJoinPool.commonPool-worker-1] INFO  handler.ContextHandler (ContextHandler.java:doStop(1016)) - Stopped o.e.j.w.WebAppContext@1d4b0a07{hddsDatanode,/,null,UNAVAILABLE}{jar:file:/home/user/.m2/repository/org/apache/hadoop/hadoop-hdds-container-service/0.6.0-SNAPSHOT/hadoop-hdds-container-service-0.6.0-SNAPSHOT.jar!/webapps/hddsDatanode}
2020-07-01 01:40:39,748 [86e2f92f-9f2f-47be-9996-581eb5cc11da@group-DEAE86D0D0F5-StateMachineUpdater] INFO  impl.StateMachineUpdater (StateMachineUpdater.java:takeSnapshot(277)) - 86e2f92f-9f2f-47be-9996-581eb5cc11da@group-DEAE86D0D0F5-StateMachineUpdater: Took a snapshot at index 0
2020-07-01 01:40:39,748 [86e2f92f-9f2f-47be-9996-581eb5cc11da@group-DEAE86D0D0F5-StateMachineUpdater] INFO  impl.StateMachineUpdater (StateMachineUpdater.java:lambda$new$0(87)) - 86e2f92f-9f2f-47be-9996-581eb5cc11da@group-DEAE86D0D0F5-StateMachineUpdater: snapshotIndex: updateIncreasingly -1 -> 0
2020-07-01 01:40:39,748 [86e2f92f-9f2f-47be-9996-581eb5cc11da@group-DEAE86D0D0F5-StateMachineUpdater] INFO  metrics.RatisMetrics (RatisMetrics.java:unregister(43)) - Unregistering Metrics Registry : ratis.state_machine.86e2f92f-9f2f-47be-9996-581eb5cc11da@group-DEAE86D0D0F5
2020-07-01 01:40:39,748 [ForkJoinPool.commonPool-worker-1] INFO  server.AbstractConnector (AbstractConnector.java:doStop(380)) - Stopped ServerConnector@36d7e8d2{HTTP/1.1,[http/1.1]}{0.0.0.0:0}
2020-07-01 01:40:39,748 [Listener at 127.0.0.1/36859] INFO  impl.RaftServerImpl (ServerState.java:close(387)) - 86e2f92f-9f2f-47be-9996-581eb5cc11da@group-DEAE86D0D0F5: closes. applyIndex: 0
2020-07-01 01:40:39,748 [ForkJoinPool.commonPool-worker-1] INFO  server.session (HouseKeeper.java:stopScavenging(158)) - node0 Stopped scavenging
2020-07-01 01:40:39,748 [86e2f92f-9f2f-47be-9996-581eb5cc11da@group-DEAE86D0D0F5-SegmentedRaftLogWorker] INFO  segmented.SegmentedRaftLogWorker (SegmentedRaftLogWorker.java:run(327)) - 86e2f92f-9f2f-47be-9996-581eb5cc11da@group-DEAE86D0D0F5-SegmentedRaftLogWorker was interrupted, exiting. There are 0 tasks remaining in the queue.
2020-07-01 01:40:39,749 [Listener at 127.0.0.1/36859] INFO  segmented.SegmentedRaftLogWorker (SegmentedRaftLogWorker.java:close(234)) - 86e2f92f-9f2f-47be-9996-581eb5cc11da@group-DEAE86D0D0F5-SegmentedRaftLogWorker close()
2020-07-01 01:40:39,749 [ForkJoinPool.commonPool-worker-1] INFO  handler.ContextHandler (ContextHandler.java:doStop(1016)) - Stopped o.e.j.s.ServletContextHandler@53b60595{static,/static,jar:file:/home/user/.m2/repository/org/apache/hadoop/hadoop-hdds-container-service/0.6.0-SNAPSHOT/hadoop-hdds-container-service-0.6.0-SNAPSHOT.jar!/webapps/static,UNAVAILABLE}
2020-07-01 01:40:39,749 [Listener at 127.0.0.1/36859] INFO  metrics.RatisMetrics (RatisMetrics.java:unregister(43)) - Unregistering Metrics Registry : ratis.log_worker.86e2f92f-9f2f-47be-9996-581eb5cc11da@group-DEAE86D0D0F5
2020-07-01 01:40:39,749 [ForkJoinPool.commonPool-worker-1] INFO  handler.ContextHandler (ContextHandler.java:doStop(1016)) - Stopped o.e.j.s.ServletContextHandler@16a89351{logs,/logs,file:///github/workspace/mnt/ozone/hadoop-ozone/integration-test/target/log,UNAVAILABLE}
2020-07-01 01:40:39,750 [Listener at 127.0.0.1/36859] INFO  metrics.RatisMetrics (RatisMetrics.java:unregister(43)) - Unregistering Metrics Registry : ratis.leader_election.86e2f92f-9f2f-47be-9996-581eb5cc11da@group-DEAE86D0D0F5
2020-07-01 01:40:39,750 [Listener at 127.0.0.1/36859] INFO  metrics.RatisMetrics (RatisMetrics.java:unregister(43)) - Unregistering Metrics Registry : ratis.server.86e2f92f-9f2f-47be-9996-581eb5cc11da@group-DEAE86D0D0F5
2020-07-01 01:40:39,750 [Listener at 127.0.0.1/36859] INFO  impl.RaftServerImpl (RaftServerImpl.java:lambda$shutdown$3(252)) - 86e2f92f-9f2f-47be-9996-581eb5cc11da@group-EDC9AD94D6A7: shutdown
2020-07-01 01:40:39,750 [Listener at 127.0.0.1/36859] INFO  util.JmxRegister (JmxRegister.java:unregister(73)) - Successfully un-registered JMX Bean with object name Ratis:service=RaftServer,group=group-EDC9AD94D6A7,id=86e2f92f-9f2f-47be-9996-581eb5cc11da
2020-07-01 01:40:39,750 [Listener at 127.0.0.1/36859] INFO  impl.RoleInfo (RoleInfo.java:shutdownLeaderState(104)) - 86e2f92f-9f2f-47be-9996-581eb5cc11da: shutdown LeaderState
2020-07-01 01:40:39,750 [Listener at 127.0.0.1/36859] INFO  metrics.RatisMetrics (RatisMetrics.java:unregister(43)) - Unregistering Metrics Registry : ratis_grpc.log_appender.86e2f92f-9f2f-47be-9996-581eb5cc11da@group-EDC9AD94D6A7
2020-07-01 01:40:39,751 [org.apache.ratis.server.impl.LogAppender$AppenderDaemon$$Lambda$442/100889871@4e63b235] WARN  server.GrpcLogAppender (GrpcLogAppender.java:mayWait(153)) - 86e2f92f-9f2f-47be-9996-581eb5cc11da@group-EDC9AD94D6A7->4a250b03-fc0c-4fc6-b3de-35498431563c-GrpcLogAppender: Wait interrupted by java.lang.InterruptedException
2020-07-01 01:40:39,751 [Listener at 127.0.0.1/36859] INFO  metrics.RatisMetrics (RatisMetrics.java:unregister(43)) - Unregistering Metrics Registry : ratis_grpc.log_appender.86e2f92f-9f2f-47be-9996-581eb5cc11da@group-EDC9AD94D6A7
2020-07-01 01:40:39,752 [grpc-default-executor-8] INFO  server.GrpcServerProtocolService (GrpcServerProtocolService.java:onCompleted(138)) - 4a250b03-fc0c-4fc6-b3de-35498431563c: Completed APPEND_ENTRIES, lastRequest: 86e2f92f-9f2f-47be-9996-581eb5cc11da->4a250b03-fc0c-4fc6-b3de-35498431563c#1-t3, previous=(t:0, i:0), leaderCommit=0, initializing? false, entries: size=1, first=(t:3, i:0), CONFIGURATIONENTRY
2020-07-01 01:40:39,752 [grpc-default-executor-8] INFO  server.GrpcLogAppender (GrpcLogAppender.java:onCompleted(319)) - 86e2f92f-9f2f-47be-9996-581eb5cc11da@group-EDC9AD94D6A7->4a250b03-fc0c-4fc6-b3de-35498431563c-AppendLogResponseHandler: follower responses appendEntries COMPLETED
2020-07-01 01:40:39,752 [Listener at 127.0.0.1/36859] INFO  impl.PendingRequests (PendingRequests.java:sendNotLeaderResponses(249)) - 86e2f92f-9f2f-47be-9996-581eb5cc11da@group-EDC9AD94D6A7-PendingRequests: sendNotLeaderResponses
2020-07-01 01:40:39,753 [org.apache.ratis.server.impl.LogAppender$AppenderDaemon$$Lambda$442/100889871@23a24e17] WARN  server.GrpcLogAppender (GrpcLogAppender.java:mayWait(153)) - 86e2f92f-9f2f-47be-9996-581eb5cc11da@group-EDC9AD94D6A7->8c5b2b67-bc34-46b0-b6c3-958390f4d72e-GrpcLogAppender: Wait interrupted by java.lang.InterruptedException
2020-07-01 01:40:39,753 [Listener at 127.0.0.1/36859] INFO  metrics.RatisMetrics (RatisMetrics.java:unregister(43)) - Unregistering Metrics Registry : ratis.log_appender.86e2f92f-9f2f-47be-9996-581eb5cc11da@group-EDC9AD94D6A7
2020-07-01 01:40:39,753 [Listener at 127.0.0.1/36859] INFO  metrics.RatisMetrics (RatisMetrics.java:unregister(43)) - Unregistering Metrics Registry : ratis.server.86e2f92f-9f2f-47be-9996-581eb5cc11da@group-EDC9AD94D6A7
2020-07-01 01:40:39,753 [Listener at 127.0.0.1/36859] INFO  impl.StateMachineUpdater (StateMachineUpdater.java:stopAndJoin(142)) - 86e2f92f-9f2f-47be-9996-581eb5cc11da@group-EDC9AD94D6A7-StateMachineUpdater: set stopIndex = 0
2020-07-01 01:40:39,753 [86e2f92f-9f2f-47be-9996-581eb5cc11da@group-EDC9AD94D6A7-StateMachineUpdater] INFO  ratis.ContainerStateMachine (ContainerStateMachine.java:takeSnapshot(294)) - group-EDC9AD94D6A7: Taking a snapshot at:(t:3, i:0) file /github/workspace/mnt/ozone/hadoop-ozone/integration-test/target/test-dir/MiniOzoneClusterImpl-1f0cff23-21f0-432d-9716-db38e1d74a84/datanode-8/data/ratis/56595784-b98f-43aa-ac8d-edc9ad94d6a7/sm/snapshot.3_0
2020-07-01 01:40:39,754 [grpc-default-executor-8] INFO  impl.FollowerInfo (FollowerInfo.java:lambda$new$0(51)) - 86e2f92f-9f2f-47be-9996-581eb5cc11da@group-EDC9AD94D6A7->4a250b03-fc0c-4fc6-b3de-35498431563c: nextIndex: updateUnconditionally 1 -> 0
2020-07-01 01:40:39,754 [86e2f92f-9f2f-47be-9996-581eb5cc11da@group-EDC9AD94D6A7-StateMachineUpdater] INFO  ratis.ContainerStateMachine (ContainerStateMachine.java:takeSnapshot(305)) - group-EDC9AD94D6A7: Finished taking a snapshot at:(t:3, i:0) file:/github/workspace/mnt/ozone/hadoop-ozone/integration-test/target/test-dir/MiniOzoneClusterImpl-1f0cff23-21f0-432d-9716-db38e1d74a84/datanode-8/data/ratis/56595784-b98f-43aa-ac8d-edc9ad94d6a7/sm/snapshot.3_0 time:1
2020-07-01 01:40:39,754 [86e2f92f-9f2f-47be-9996-581eb5cc11da@group-EDC9AD94D6A7-StateMachineUpdater] INFO  impl.StateMachineUpdater (StateMachineUpdater.java:takeSnapshot(277)) - 86e2f92f-9f2f-47be-9996-581eb5cc11da@group-EDC9AD94D6A7-StateMachineUpdater: Took a snapshot at index 0
2020-07-01 01:40:39,754 [86e2f92f-9f2f-47be-9996-581eb5cc11da@group-EDC9AD94D6A7-StateMachineUpdater] INFO  impl.StateMachineUpdater (StateMachineUpdater.java:lambda$new$0(87)) - 86e2f92f-9f2f-47be-9996-581eb5cc11da@group-EDC9AD94D6A7-StateMachineUpdater: snapshotIndex: updateIncreasingly -1 -> 0
2020-07-01 01:40:39,754 [86e2f92f-9f2f-47be-9996-581eb5cc11da@group-EDC9AD94D6A7-StateMachineUpdater] INFO  metrics.RatisMetrics (RatisMetrics.java:unregister(43)) - Unregistering Metrics Registry : ratis.state_machine.86e2f92f-9f2f-47be-9996-581eb5cc11da@group-EDC9AD94D6A7
2020-07-01 01:40:39,757 [Listener at 127.0.0.1/36859] INFO  impl.RaftServerImpl (ServerState.java:close(387)) - 86e2f92f-9f2f-47be-9996-581eb5cc11da@group-EDC9AD94D6A7: closes. applyIndex: 0
2020-07-01 01:40:39,758 [86e2f92f-9f2f-47be-9996-581eb5cc11da@group-EDC9AD94D6A7-SegmentedRaftLogWorker] INFO  segmented.SegmentedRaftLogWorker (SegmentedRaftLogWorker.java:run(327)) - 86e2f92f-9f2f-47be-9996-581eb5cc11da@group-EDC9AD94D6A7-SegmentedRaftLogWorker was interrupted, exiting. There are 0 tasks remaining in the queue.
2020-07-01 01:40:39,758 [Listener at 127.0.0.1/36859] INFO  segmented.SegmentedRaftLogWorker (SegmentedRaftLogWorker.java:close(234)) - 86e2f92f-9f2f-47be-9996-581eb5cc11da@group-EDC9AD94D6A7-SegmentedRaftLogWorker close()
2020-07-01 01:40:39,758 [Listener at 127.0.0.1/36859] INFO  metrics.RatisMetrics (RatisMetrics.java:unregister(43)) - Unregistering Metrics Registry : ratis.log_worker.86e2f92f-9f2f-47be-9996-581eb5cc11da@group-EDC9AD94D6A7
2020-07-01 01:40:39,758 [Listener at 127.0.0.1/36859] INFO  metrics.RatisMetrics (RatisMetrics.java:unregister(43)) - Unregistering Metrics Registry : ratis.leader_election.86e2f92f-9f2f-47be-9996-581eb5cc11da@group-EDC9AD94D6A7
2020-07-01 01:40:39,758 [Listener at 127.0.0.1/36859] INFO  metrics.RatisMetrics (RatisMetrics.java:unregister(43)) - Unregistering Metrics Registry : ratis.server.86e2f92f-9f2f-47be-9996-581eb5cc11da@group-EDC9AD94D6A7
2020-07-01 01:40:39,758 [Listener at 127.0.0.1/36859] INFO  server.GrpcService (GrpcService.java:closeImpl(166)) - 86e2f92f-9f2f-47be-9996-581eb5cc11da: shutdown server with port 36799 now
2020-07-01 01:40:39,759 [Listener at 127.0.0.1/36859] INFO  server.GrpcService (GrpcService.java:closeImpl(174)) - 86e2f92f-9f2f-47be-9996-581eb5cc11da: shutdown server with port 36799 successfully
2020-07-01 01:40:39,761 [Listener at 127.0.0.1/36859] INFO  utils.BackgroundService (BackgroundService.java:shutdown(157)) - Shutting down service BlockDeletingService
2020-07-01 01:40:39,762 [Listener at 127.0.0.1/36859] INFO  statemachine.DatanodeStateMachine (DatanodeStateMachine.java:stopDaemon(428)) - Ozone container server stopped.
2020-07-01 01:40:39,763 [Listener at 127.0.0.1/36859] INFO  handler.ContextHandler (ContextHandler.java:doStop(1016)) - Stopped o.e.j.w.WebAppContext@41c05747{hddsDatanode,/,null,UNAVAILABLE}{jar:file:/home/user/.m2/repository/org/apache/hadoop/hadoop-hdds-container-service/0.6.0-SNAPSHOT/hadoop-hdds-container-service-0.6.0-SNAPSHOT.jar!/webapps/hddsDatanode}
2020-07-01 01:40:39,765 [Listener at 127.0.0.1/36859] INFO  server.AbstractConnector (AbstractConnector.java:doStop(380)) - Stopped ServerConnector@73418044{HTTP/1.1,[http/1.1]}{0.0.0.0:0}
2020-07-01 01:40:39,765 [Listener at 127.0.0.1/36859] INFO  server.session (HouseKeeper.java:stopScavenging(158)) - node0 Stopped scavenging
2020-07-01 01:40:39,765 [Listener at 127.0.0.1/36859] INFO  handler.ContextHandler (ContextHandler.java:doStop(1016)) - Stopped o.e.j.s.ServletContextHandler@18206382{static,/static,jar:file:/home/user/.m2/repository/org/apache/hadoop/hadoop-hdds-container-service/0.6.0-SNAPSHOT/hadoop-hdds-container-service-0.6.0-SNAPSHOT.jar!/webapps/static,UNAVAILABLE}
2020-07-01 01:40:39,765 [Listener at 127.0.0.1/36859] INFO  handler.ContextHandler (ContextHandler.java:doStop(1016)) - Stopped o.e.j.s.ServletContextHandler@25c756f0{logs,/logs,file:///github/workspace/mnt/ozone/hadoop-ozone/integration-test/target/log,UNAVAILABLE}
2020-07-01 01:40:40,546 [Datanode State Machine Thread - 0] INFO  statemachine.DatanodeStateMachine (DatanodeStateMachine.java:lambda$startDaemon$0(380)) - Ozone container server started.
2020-07-01 01:40:43,787 [Thread-408] INFO  impl.FollowerState (FollowerState.java:run(108)) - 4a250b03-fc0c-4fc6-b3de-35498431563c@group-EDC9AD94D6A7-FollowerState: change to CANDIDATE, lastRpcTime:5766ms, electionTimeout:5163ms
2020-07-01 01:40:43,787 [Thread-408] INFO  impl.RoleInfo (RoleInfo.java:shutdownFollowerState(121)) - 4a250b03-fc0c-4fc6-b3de-35498431563c: shutdown FollowerState
2020-07-01 01:40:43,788 [Thread-408] INFO  impl.RaftServerImpl (RaftServerImpl.java:setRole(175)) - 4a250b03-fc0c-4fc6-b3de-35498431563c@group-EDC9AD94D6A7: changes role from  FOLLOWER to CANDIDATE at term 3 for changeToCandidate
2020-07-01 01:40:43,788 [Thread-408] INFO  impl.RoleInfo (RoleInfo.java:updateAndGet(143)) - 4a250b03-fc0c-4fc6-b3de-35498431563c: start LeaderElection
2020-07-01 01:40:43,789 [4a250b03-fc0c-4fc6-b3de-35498431563c@group-EDC9AD94D6A7-LeaderElection23] INFO  impl.RaftServerImpl (ServerState.java:setLeader(255)) - 4a250b03-fc0c-4fc6-b3de-35498431563c@group-EDC9AD94D6A7: change Leader from 86e2f92f-9f2f-47be-9996-581eb5cc11da to null at term 3 for initElection
2020-07-01 01:40:43,790 [4a250b03-fc0c-4fc6-b3de-35498431563c@group-EDC9AD94D6A7-LeaderElection23] INFO  impl.LeaderElection (LeaderElection.java:askForVotes(206)) - 4a250b03-fc0c-4fc6-b3de-35498431563c@group-EDC9AD94D6A7-LeaderElection23: begin an election at term 4 for 0: [86e2f92f-9f2f-47be-9996-581eb5cc11da:172.17.0.2:36799, 4a250b03-fc0c-4fc6-b3de-35498431563c:172.17.0.2:42123, 8c5b2b67-bc34-46b0-b6c3-958390f4d72e:172.17.0.2:43281], old=null
2020-07-01 01:40:43,794 [4a250b03-fc0c-4fc6-b3de-35498431563c@group-EDC9AD94D6A7-LeaderElection23] INFO  impl.LeaderElection (LogUtils.java:infoOrTrace(137)) - 4a250b03-fc0c-4fc6-b3de-35498431563c@group-EDC9AD94D6A7-LeaderElection23 got exception when requesting votes: java.util.concurrent.ExecutionException: org.apache.ratis.thirdparty.io.grpc.StatusRuntimeException: UNAVAILABLE: io exception
2020-07-01 01:40:43,795 [4a250b03-fc0c-4fc6-b3de-35498431563c@group-EDC9AD94D6A7-LeaderElection23] INFO  impl.LeaderElection (LogUtils.java:infoOrTrace(137)) - 4a250b03-fc0c-4fc6-b3de-35498431563c@group-EDC9AD94D6A7-LeaderElection23 got exception when requesting votes: java.util.concurrent.ExecutionException: org.apache.ratis.thirdparty.io.grpc.StatusRuntimeException: UNAVAILABLE: io exception
2020-07-01 01:40:43,795 [4a250b03-fc0c-4fc6-b3de-35498431563c@group-EDC9AD94D6A7-LeaderElection23] INFO  impl.LeaderElection (LeaderElection.java:logAndReturn(61)) - 4a250b03-fc0c-4fc6-b3de-35498431563c@group-EDC9AD94D6A7-LeaderElection23: Election REJECTED; received 0 response(s) [] and 2 exception(s); 4a250b03-fc0c-4fc6-b3de-35498431563c@group-EDC9AD94D6A7:t4, leader=null, voted=4a250b03-fc0c-4fc6-b3de-35498431563c, raftlog=4a250b03-fc0c-4fc6-b3de-35498431563c@group-EDC9AD94D6A7-SegmentedRaftLog:OPENED:c0,f0,i0, conf=0: [86e2f92f-9f2f-47be-9996-581eb5cc11da:172.17.0.2:36799, 4a250b03-fc0c-4fc6-b3de-35498431563c:172.17.0.2:42123, 8c5b2b67-bc34-46b0-b6c3-958390f4d72e:172.17.0.2:43281], old=null
2020-07-01 01:40:43,795 [4a250b03-fc0c-4fc6-b3de-35498431563c@group-EDC9AD94D6A7-LeaderElection23] INFO  impl.LeaderElection (LogUtils.java:infoOrTrace(137)) -   Exception 0: java.util.concurrent.ExecutionException: org.apache.ratis.thirdparty.io.grpc.StatusRuntimeException: UNAVAILABLE: io exception
2020-07-01 01:40:43,795 [4a250b03-fc0c-4fc6-b3de-35498431563c@group-EDC9AD94D6A7-LeaderElection23] INFO  impl.LeaderElection (LogUtils.java:infoOrTrace(137)) -   Exception 1: java.util.concurrent.ExecutionException: org.apache.ratis.thirdparty.io.grpc.StatusRuntimeException: UNAVAILABLE: io exception
2020-07-01 01:40:43,795 [4a250b03-fc0c-4fc6-b3de-35498431563c@group-EDC9AD94D6A7-LeaderElection23] INFO  impl.RaftServerImpl (RaftServerImpl.java:setRole(175)) - 4a250b03-fc0c-4fc6-b3de-35498431563c@group-EDC9AD94D6A7: changes role from CANDIDATE to FOLLOWER at term 4 for DISCOVERED_A_NEW_TERM
2020-07-01 01:40:43,795 [4a250b03-fc0c-4fc6-b3de-35498431563c@group-EDC9AD94D6A7-LeaderElection23] INFO  impl.RoleInfo (RoleInfo.java:shutdownLeaderElection(134)) - 4a250b03-fc0c-4fc6-b3de-35498431563c: shutdown LeaderElection
2020-07-01 01:40:43,795 [4a250b03-fc0c-4fc6-b3de-35498431563c@group-EDC9AD94D6A7-LeaderElection23] INFO  impl.RoleInfo (RoleInfo.java:updateAndGet(143)) - 4a250b03-fc0c-4fc6-b3de-35498431563c: start FollowerState
2020-07-01 01:40:44,752 [ForkJoinPool.commonPool-worker-1] INFO  ozoneimpl.OzoneContainer (OzoneContainer.java:stop(246)) - Attempting to stop container services.
2020-07-01 01:40:44,753 [ForkJoinPool.commonPool-worker-1] INFO  impl.RaftServerProxy (RaftServerProxy.java:lambda$close$4(319)) - 4a250b03-fc0c-4fc6-b3de-35498431563c: close
2020-07-01 01:40:44,753 [ForkJoinPool.commonPool-worker-1] INFO  impl.RaftServerImpl (RaftServerImpl.java:lambda$shutdown$3(252)) - 4a250b03-fc0c-4fc6-b3de-35498431563c@group-DFCED8E99A6D: shutdown
2020-07-01 01:40:44,753 [ForkJoinPool.commonPool-worker-1] INFO  util.JmxRegister (JmxRegister.java:unregister(73)) - Successfully un-registered JMX Bean with object name Ratis:service=RaftServer,group=group-DFCED8E99A6D,id=4a250b03-fc0c-4fc6-b3de-35498431563c
2020-07-01 01:40:44,753 [ForkJoinPool.commonPool-worker-1] INFO  impl.RoleInfo (RoleInfo.java:shutdownLeaderState(104)) - 4a250b03-fc0c-4fc6-b3de-35498431563c: shutdown LeaderState
2020-07-01 01:40:44,753 [ForkJoinPool.commonPool-worker-1] INFO  impl.PendingRequests (PendingRequests.java:sendNotLeaderResponses(249)) - 4a250b03-fc0c-4fc6-b3de-35498431563c@group-DFCED8E99A6D-PendingRequests: sendNotLeaderResponses
2020-07-01 01:40:44,753 [ForkJoinPool.commonPool-worker-1] INFO  metrics.RatisMetrics (RatisMetrics.java:unregister(43)) - Unregistering Metrics Registry : ratis.log_appender.4a250b03-fc0c-4fc6-b3de-35498431563c@group-DFCED8E99A6D
2020-07-01 01:40:44,753 [ForkJoinPool.commonPool-worker-1] INFO  metrics.RatisMetrics (RatisMetrics.java:unregister(43)) - Unregistering Metrics Registry : ratis.server.4a250b03-fc0c-4fc6-b3de-35498431563c@group-DFCED8E99A6D
2020-07-01 01:40:44,754 [ForkJoinPool.commonPool-worker-1] INFO  impl.StateMachineUpdater (StateMachineUpdater.java:stopAndJoin(142)) - 4a250b03-fc0c-4fc6-b3de-35498431563c@group-DFCED8E99A6D-StateMachineUpdater: set stopIndex = 0
2020-07-01 01:40:44,754 [4a250b03-fc0c-4fc6-b3de-35498431563c@group-DFCED8E99A6D-StateMachineUpdater] INFO  ratis.ContainerStateMachine (ContainerStateMachine.java:takeSnapshot(294)) - group-DFCED8E99A6D: Taking a snapshot at:(t:1, i:0) file /github/workspace/mnt/ozone/hadoop-ozone/integration-test/target/test-dir/MiniOzoneClusterImpl-1f0cff23-21f0-432d-9716-db38e1d74a84/datanode-6/data/ratis/1e71a80f-8732-41c8-9644-dfced8e99a6d/sm/snapshot.1_0
2020-07-01 01:40:44,756 [4a250b03-fc0c-4fc6-b3de-35498431563c@group-DFCED8E99A6D-StateMachineUpdater] INFO  ratis.ContainerStateMachine (ContainerStateMachine.java:takeSnapshot(305)) - group-DFCED8E99A6D: Finished taking a snapshot at:(t:1, i:0) file:/github/workspace/mnt/ozone/hadoop-ozone/integration-test/target/test-dir/MiniOzoneClusterImpl-1f0cff23-21f0-432d-9716-db38e1d74a84/datanode-6/data/ratis/1e71a80f-8732-41c8-9644-dfced8e99a6d/sm/snapshot.1_0 time:2
2020-07-01 01:40:44,756 [4a250b03-fc0c-4fc6-b3de-35498431563c@group-DFCED8E99A6D-StateMachineUpdater] INFO  impl.StateMachineUpdater (StateMachineUpdater.java:takeSnapshot(277)) - 4a250b03-fc0c-4fc6-b3de-35498431563c@group-DFCED8E99A6D-StateMachineUpdater: Took a snapshot at index 0
2020-07-01 01:40:44,756 [4a250b03-fc0c-4fc6-b3de-35498431563c@group-DFCED8E99A6D-StateMachineUpdater] INFO  impl.StateMachineUpdater (StateMachineUpdater.java:lambda$new$0(87)) - 4a250b03-fc0c-4fc6-b3de-35498431563c@group-DFCED8E99A6D-StateMachineUpdater: snapshotIndex: updateIncreasingly -1 -> 0
2020-07-01 01:40:44,756 [4a250b03-fc0c-4fc6-b3de-35498431563c@group-DFCED8E99A6D-StateMachineUpdater] INFO  metrics.RatisMetrics (RatisMetrics.java:unregister(43)) - Unregistering Metrics Registry : ratis.state_machine.4a250b03-fc0c-4fc6-b3de-35498431563c@group-DFCED8E99A6D
2020-07-01 01:40:44,756 [ForkJoinPool.commonPool-worker-1] INFO  impl.RaftServerImpl (ServerState.java:close(387)) - 4a250b03-fc0c-4fc6-b3de-35498431563c@group-DFCED8E99A6D: closes. applyIndex: 0
2020-07-01 01:40:44,757 [4a250b03-fc0c-4fc6-b3de-35498431563c@group-DFCED8E99A6D-SegmentedRaftLogWorker] INFO  segmented.SegmentedRaftLogWorker (SegmentedRaftLogWorker.java:run(327)) - 4a250b03-fc0c-4fc6-b3de-35498431563c@group-DFCED8E99A6D-SegmentedRaftLogWorker was interrupted, exiting. There are 0 tasks remaining in the queue.
2020-07-01 01:40:44,757 [ForkJoinPool.commonPool-worker-1] INFO  segmented.SegmentedRaftLogWorker (SegmentedRaftLogWorker.java:close(234)) - 4a250b03-fc0c-4fc6-b3de-35498431563c@group-DFCED8E99A6D-SegmentedRaftLogWorker close()
2020-07-01 01:40:44,758 [ForkJoinPool.commonPool-worker-1] INFO  metrics.RatisMetrics (RatisMetrics.java:unregister(43)) - Unregistering Metrics Registry : ratis.log_worker.4a250b03-fc0c-4fc6-b3de-35498431563c@group-DFCED8E99A6D
2020-07-01 01:40:44,758 [ForkJoinPool.commonPool-worker-1] INFO  metrics.RatisMetrics (RatisMetrics.java:unregister(43)) - Unregistering Metrics Registry : ratis.leader_election.4a250b03-fc0c-4fc6-b3de-35498431563c@group-DFCED8E99A6D
2020-07-01 01:40:44,758 [ForkJoinPool.commonPool-worker-1] INFO  metrics.RatisMetrics (RatisMetrics.java:unregister(43)) - Unregistering Metrics Registry : ratis.server.4a250b03-fc0c-4fc6-b3de-35498431563c@group-DFCED8E99A6D
2020-07-01 01:40:44,758 [ForkJoinPool.commonPool-worker-1] INFO  impl.RaftServerImpl (RaftServerImpl.java:lambda$shutdown$3(252)) - 4a250b03-fc0c-4fc6-b3de-35498431563c@group-EDC9AD94D6A7: shutdown
2020-07-01 01:40:44,758 [ForkJoinPool.commonPool-worker-1] INFO  util.JmxRegister (JmxRegister.java:unregister(73)) - Successfully un-registered JMX Bean with object name Ratis:service=RaftServer,group=group-EDC9AD94D6A7,id=4a250b03-fc0c-4fc6-b3de-35498431563c
2020-07-01 01:40:44,758 [ForkJoinPool.commonPool-worker-1] INFO  impl.RoleInfo (RoleInfo.java:shutdownFollowerState(121)) - 4a250b03-fc0c-4fc6-b3de-35498431563c: shutdown FollowerState
2020-07-01 01:40:44,758 [Thread-503] INFO  impl.FollowerState (FollowerState.java:run(117)) - 4a250b03-fc0c-4fc6-b3de-35498431563c@group-EDC9AD94D6A7-FollowerState was interrupted: java.lang.InterruptedException: sleep interrupted
2020-07-01 01:40:44,759 [4a250b03-fc0c-4fc6-b3de-35498431563c@group-EDC9AD94D6A7-StateMachineUpdater] INFO  ratis.ContainerStateMachine (ContainerStateMachine.java:takeSnapshot(294)) - group-EDC9AD94D6A7: Taking a snapshot at:(t:3, i:0) file /github/workspace/mnt/ozone/hadoop-ozone/integration-test/target/test-dir/MiniOzoneClusterImpl-1f0cff23-21f0-432d-9716-db38e1d74a84/datanode-6/data/ratis/56595784-b98f-43aa-ac8d-edc9ad94d6a7/sm/snapshot.3_0
2020-07-01 01:40:44,759 [ForkJoinPool.commonPool-worker-1] INFO  impl.StateMachineUpdater (StateMachineUpdater.java:stopAndJoin(142)) - 4a250b03-fc0c-4fc6-b3de-35498431563c@group-EDC9AD94D6A7-StateMachineUpdater: set stopIndex = 0
2020-07-01 01:40:44,760 [4a250b03-fc0c-4fc6-b3de-35498431563c@group-EDC9AD94D6A7-StateMachineUpdater] INFO  ratis.ContainerStateMachine (ContainerStateMachine.java:takeSnapshot(305)) - group-EDC9AD94D6A7: Finished taking a snapshot at:(t:3, i:0) file:/github/workspace/mnt/ozone/hadoop-ozone/integration-test/target/test-dir/MiniOzoneClusterImpl-1f0cff23-21f0-432d-9716-db38e1d74a84/datanode-6/data/ratis/56595784-b98f-43aa-ac8d-edc9ad94d6a7/sm/snapshot.3_0 time:1
2020-07-01 01:40:44,760 [4a250b03-fc0c-4fc6-b3de-35498431563c@group-EDC9AD94D6A7-StateMachineUpdater] INFO  impl.StateMachineUpdater (StateMachineUpdater.java:takeSnapshot(277)) - 4a250b03-fc0c-4fc6-b3de-35498431563c@group-EDC9AD94D6A7-StateMachineUpdater: Took a snapshot at index 0
2020-07-01 01:40:44,760 [4a250b03-fc0c-4fc6-b3de-35498431563c@group-EDC9AD94D6A7-StateMachineUpdater] INFO  impl.StateMachineUpdater (StateMachineUpdater.java:lambda$new$0(87)) - 4a250b03-fc0c-4fc6-b3de-35498431563c@group-EDC9AD94D6A7-StateMachineUpdater: snapshotIndex: updateIncreasingly -1 -> 0
2020-07-01 01:40:44,760 [4a250b03-fc0c-4fc6-b3de-35498431563c@group-EDC9AD94D6A7-StateMachineUpdater] INFO  metrics.RatisMetrics (RatisMetrics.java:unregister(43)) - Unregistering Metrics Registry : ratis.state_machine.4a250b03-fc0c-4fc6-b3de-35498431563c@group-EDC9AD94D6A7
2020-07-01 01:40:44,761 [ForkJoinPool.commonPool-worker-1] INFO  impl.RaftServerImpl (ServerState.java:close(387)) - 4a250b03-fc0c-4fc6-b3de-35498431563c@group-EDC9AD94D6A7: closes. applyIndex: 0
2020-07-01 01:40:44,761 [4a250b03-fc0c-4fc6-b3de-35498431563c@group-EDC9AD94D6A7-SegmentedRaftLogWorker] INFO  segmented.SegmentedRaftLogWorker (SegmentedRaftLogWorker.java:run(327)) - 4a250b03-fc0c-4fc6-b3de-35498431563c@group-EDC9AD94D6A7-SegmentedRaftLogWorker was interrupted, exiting. There are 0 tasks remaining in the queue.
2020-07-01 01:40:44,761 [ForkJoinPool.commonPool-worker-1] INFO  segmented.SegmentedRaftLogWorker (SegmentedRaftLogWorker.java:close(234)) - 4a250b03-fc0c-4fc6-b3de-35498431563c@group-EDC9AD94D6A7-SegmentedRaftLogWorker close()
2020-07-01 01:40:44,761 [ForkJoinPool.commonPool-worker-1] INFO  metrics.RatisMetrics (RatisMetrics.java:unregister(43)) - Unregistering Metrics Registry : ratis.log_worker.4a250b03-fc0c-4fc6-b3de-35498431563c@group-EDC9AD94D6A7
2020-07-01 01:40:44,762 [ForkJoinPool.commonPool-worker-1] INFO  metrics.RatisMetrics (RatisMetrics.java:unregister(43)) - Unregistering Metrics Registry : ratis.leader_election.4a250b03-fc0c-4fc6-b3de-35498431563c@group-EDC9AD94D6A7
2020-07-01 01:40:44,762 [ForkJoinPool.commonPool-worker-1] INFO  metrics.RatisMetrics (RatisMetrics.java:unregister(43)) - Unregistering Metrics Registry : ratis.server.4a250b03-fc0c-4fc6-b3de-35498431563c@group-EDC9AD94D6A7
2020-07-01 01:40:44,762 [ForkJoinPool.commonPool-worker-1] INFO  server.GrpcService (GrpcService.java:closeImpl(166)) - 4a250b03-fc0c-4fc6-b3de-35498431563c: shutdown server with port 42123 now
2020-07-01 01:40:44,763 [ForkJoinPool.commonPool-worker-1] INFO  server.GrpcService (GrpcService.java:closeImpl(174)) - 4a250b03-fc0c-4fc6-b3de-35498431563c: shutdown server with port 42123 successfully
2020-07-01 01:40:44,765 [ForkJoinPool.commonPool-worker-1] INFO  utils.BackgroundService (BackgroundService.java:shutdown(157)) - Shutting down service BlockDeletingService
2020-07-01 01:40:44,766 [ForkJoinPool.commonPool-worker-1] INFO  statemachine.DatanodeStateMachine (DatanodeStateMachine.java:stopDaemon(428)) - Ozone container server stopped.
2020-07-01 01:40:44,768 [ForkJoinPool.commonPool-worker-1] INFO  handler.ContextHandler (ContextHandler.java:doStop(1016)) - Stopped o.e.j.w.WebAppContext@b91e024{hddsDatanode,/,null,UNAVAILABLE}{jar:file:/home/user/.m2/repository/org/apache/hadoop/hadoop-hdds-container-service/0.6.0-SNAPSHOT/hadoop-hdds-container-service-0.6.0-SNAPSHOT.jar!/webapps/hddsDatanode}
2020-07-01 01:40:44,768 [ForkJoinPool.commonPool-worker-1] INFO  server.AbstractConnector (AbstractConnector.java:doStop(380)) - Stopped ServerConnector@a8964c1{HTTP/1.1,[http/1.1]}{0.0.0.0:0}
2020-07-01 01:40:44,768 [ForkJoinPool.commonPool-worker-1] INFO  server.session (HouseKeeper.java:stopScavenging(158)) - node0 Stopped scavenging
2020-07-01 01:40:44,769 [ForkJoinPool.commonPool-worker-1] INFO  handler.ContextHandler (ContextHandler.java:doStop(1016)) - Stopped o.e.j.s.ServletContextHandler@d640fe6{static,/static,jar:file:/home/user/.m2/repository/org/apache/hadoop/hadoop-hdds-container-service/0.6.0-SNAPSHOT/hadoop-hdds-container-service-0.6.0-SNAPSHOT.jar!/webapps/static,UNAVAILABLE}
2020-07-01 01:40:44,769 [ForkJoinPool.commonPool-worker-1] INFO  handler.ContextHandler (ContextHandler.java:doStop(1016)) - Stopped o.e.j.s.ServletContextHandler@4a4352b4{logs,/logs,file:///github/workspace/mnt/ozone/hadoop-ozone/integration-test/target/log,UNAVAILABLE}
2020-07-01 01:40:44,770 [Listener at 127.0.0.1/36859] INFO  ozone.MiniOzoneClusterImpl (MiniOzoneClusterImpl.java:stopSCM(476)) - Stopping the StorageContainerManager
2020-07-01 01:40:44,770 [Listener at 127.0.0.1/36859] INFO  server.StorageContainerManager (StorageContainerManager.java:stop(825)) - Stopping Replication Manager Service.
2020-07-01 01:40:44,770 [Listener at 127.0.0.1/36859] INFO  container.ReplicationManager (ReplicationManager.java:stop(217)) - Stopping Replication Monitor Thread.
2020-07-01 01:40:44,771 [Listener at 127.0.0.1/36859] INFO  server.StorageContainerManager (StorageContainerManager.java:stop(832)) - Stopping Lease Manager of the command watchers
2020-07-01 01:40:44,771 [Listener at 127.0.0.1/36859] INFO  server.StorageContainerManager (StorageContainerManager.java:stop(839)) - Stopping datanode service RPC server
2020-07-01 01:40:44,771 [Listener at 127.0.0.1/36859] INFO  server.SCMDatanodeProtocolServer (SCMDatanodeProtocolServer.java:stop(361)) - Stopping the RPC server for DataNodes
2020-07-01 01:40:44,771 [Listener at 127.0.0.1/36859] INFO  ipc.Server (Server.java:stop(3359)) - Stopping server on 43515
2020-07-01 01:40:44,771 [IPC Server Responder] INFO  ipc.Server (Server.java:run(1465)) - Stopping IPC Server Responder
2020-07-01 01:40:44,771 [IPC Server listener on 0] INFO  ipc.Server (Server.java:run(1330)) - Stopping IPC Server listener on 0
2020-07-01 01:40:44,772 [CommandWatcher-LeaseManager#LeaseMonitor] ERROR lease.LeaseManager (LeaseManager.java:run(238)) - Execution was interrupted 
java.lang.InterruptedException: sleep interrupted
	at java.lang.Thread.sleep(Native Method)
	at org.apache.hadoop.ozone.lease.LeaseManager$LeaseMonitor.run(LeaseManager.java:234)
	at java.lang.Thread.run(Thread.java:748)
2020-07-01 01:40:44,824 [SCM Heartbeat Processing Thread - 0] WARN  node.NodeStateManager (NodeStateManager.java:scheduleNextHealthCheck(661)) - Current Thread is interrupted, shutting down HB processing thread for Node Manager.
2020-07-01 01:40:44,825 [Listener at 127.0.0.1/36859] INFO  server.StorageContainerManager (StorageContainerManager.java:stop(847)) - Stopping block service RPC server
2020-07-01 01:40:44,825 [Listener at 127.0.0.1/36859] INFO  server.SCMBlockProtocolServer (SCMBlockProtocolServer.java:stop(158)) - Stopping the RPC server for Block Protocol
2020-07-01 01:40:44,825 [Listener at 127.0.0.1/36859] INFO  ipc.Server (Server.java:stop(3359)) - Stopping server on 41747
2020-07-01 01:40:44,827 [Listener at 127.0.0.1/36859] INFO  server.StorageContainerManager (StorageContainerManager.java:stop(854)) - Stopping the StorageContainerLocationProtocol RPC server
2020-07-01 01:40:44,828 [Listener at 127.0.0.1/36859] INFO  server.SCMClientProtocolServer (SCMClientProtocolServer.java:stop(165)) - Stopping the RPC server for Client Protocol
2020-07-01 01:40:44,828 [Listener at 127.0.0.1/36859] INFO  ipc.Server (Server.java:stop(3359)) - Stopping server on 39249
2020-07-01 01:40:44,827 [IPC Server listener on 0] INFO  ipc.Server (Server.java:run(1330)) - Stopping IPC Server listener on 0
2020-07-01 01:40:44,827 [IPC Server Responder] INFO  ipc.Server (Server.java:run(1465)) - Stopping IPC Server Responder
2020-07-01 01:40:44,831 [IPC Server Responder] INFO  ipc.Server (Server.java:run(1465)) - Stopping IPC Server Responder
2020-07-01 01:40:44,831 [IPC Server listener on 0] INFO  ipc.Server (Server.java:run(1330)) - Stopping IPC Server listener on 0
2020-07-01 01:40:44,831 [Listener at 127.0.0.1/36859] INFO  server.StorageContainerManager (StorageContainerManager.java:stop(861)) - Stopping Storage Container Manager HTTP server.
2020-07-01 01:40:44,833 [Listener at 127.0.0.1/36859] INFO  handler.ContextHandler (ContextHandler.java:doStop(1016)) - Stopped o.e.j.w.WebAppContext@cbd40c1{scm,/,null,UNAVAILABLE}{file:/github/workspace/mnt/ozone/hadoop-ozone/integration-test/target/test-classes/webapps/scm}
2020-07-01 01:40:44,834 [Listener at 127.0.0.1/36859] INFO  server.AbstractConnector (AbstractConnector.java:doStop(380)) - Stopped ServerConnector@7fad214a{HTTP/1.1,[http/1.1]}{0.0.0.0:0}
2020-07-01 01:40:44,834 [Listener at 127.0.0.1/36859] INFO  server.session (HouseKeeper.java:stopScavenging(158)) - node0 Stopped scavenging
2020-07-01 01:40:44,835 [Listener at 127.0.0.1/36859] INFO  handler.ContextHandler (ContextHandler.java:doStop(1016)) - Stopped o.e.j.s.ServletContextHandler@2da99821{static,/static,file:///github/workspace/mnt/ozone/hadoop-ozone/integration-test/target/test-classes/webapps/static,UNAVAILABLE}
2020-07-01 01:40:44,835 [Listener at 127.0.0.1/36859] INFO  handler.ContextHandler (ContextHandler.java:doStop(1016)) - Stopped o.e.j.s.ServletContextHandler@535b1ae6{logs,/logs,file:///github/workspace/mnt/ozone/hadoop-ozone/integration-test/target/log,UNAVAILABLE}
2020-07-01 01:40:44,836 [Listener at 127.0.0.1/36859] INFO  server.StorageContainerManager (StorageContainerManager.java:stop(872)) - Stopping Block Manager Service.
2020-07-01 01:40:44,836 [Listener at 127.0.0.1/36859] INFO  utils.BackgroundService (BackgroundService.java:shutdown(157)) - Shutting down service SCMBlockDeletingService
2020-07-01 01:40:44,836 [Listener at 127.0.0.1/36859] INFO  utils.BackgroundService (BackgroundService.java:shutdown(157)) - Shutting down service SCMBlockDeletingService
2020-07-01 01:40:44,836 [Listener at 127.0.0.1/36859] INFO  server.StorageContainerManager (StorageContainerManager.java:stop(897)) - Stopping SCM Event Queue.
2020-07-01 01:40:44,840 [Listener at 127.0.0.1/36859] INFO  impl.MetricsSystemImpl (MetricsSystemImpl.java:stop(210)) - Stopping XceiverClientMetrics metrics system...
2020-07-01 01:40:44,845 [prometheus] INFO  impl.MetricsSinkAdapter (MetricsSinkAdapter.java:publishMetricsFromQueue(141)) - prometheus thread interrupted.
2020-07-01 01:40:44,845 [Listener at 127.0.0.1/36859] INFO  impl.MetricsSystemImpl (MetricsSystemImpl.java:stop(216)) - XceiverClientMetrics metrics system stopped.
]]></system-out>
    <system-err><![CDATA[ERROR StatusLogger No Log4j 2 configuration file found. Using default configuration (logging only errors to the console), or user programmatically provided configurations. Set system property 'log4j2.debug' to show Log4j 2 internal initialization logging. See https://logging.apache.org/log4j/2.x/manual/configuration.html for instructions on how to configure Log4j 2
]]></system-err>
  </testcase>
  <testcase name="testWatchForCommitForRetryfailure" classname="org.apache.hadoop.ozone.client.rpc.TestWatchForCommit" time="67.552"/>
  <testcase name="testWatchForCommitForGroupMismatchException" classname="org.apache.hadoop.ozone.client.rpc.TestWatchForCommit" time="38.247"/>
  <testcase name="test2WayCommitForTimeoutException" classname="org.apache.hadoop.ozone.client.rpc.TestWatchForCommit" time="41.642"/>
</testsuite>